<?xml version="1.0" encoding="UTF-8"?>
<testsuite xmlns:xsi="http://www.w3.org/2001/XMLSchema-instance" xsi:noNamespaceSchemaLocation="https://maven.apache.org/surefire/maven-surefire-plugin/xsd/surefire-test-report.xsd" name="org.apache.hadoop.ozone.TestMiniOzoneCluster" time="181.814" tests="5" errors="1" skipped="0" failures="0">
  <properties>
    <property name="awt.toolkit" value="sun.awt.X11.XToolkit"/>
    <property name="file.encoding.pkg" value="sun.io"/>
    <property name="java.specification.version" value="1.8"/>
    <property name="sun.cpu.isalist" value=""/>
    <property name="sun.jnu.encoding" value="UTF-8"/>
    <property name="java.class.path" value="/home/runner/work/ozone/ozone/hadoop-ozone/integration-test/target/test-classes:/home/runner/work/ozone/ozone/hadoop-ozone/integration-test/target/classes:/home/runner/.m2/repository/org/apache/ozone/ozone-common/1.2.0-SNAPSHOT/ozone-common-1.2.0-SNAPSHOT.jar:/home/runner/.m2/repository/org/apache/commons/commons-compress/1.20/commons-compress-1.20.jar:/home/runner/.m2/repository/org/apache/ozone/hdds-common/1.2.0-SNAPSHOT/hdds-common-1.2.0-SNAPSHOT.jar:/home/runner/.m2/repository/org/apache/ozone/hdds-client/1.2.0-SNAPSHOT/hdds-client-1.2.0-SNAPSHOT.jar:/home/runner/.m2/repository/org/apache/ozone/ozone-interface-client/1.2.0-SNAPSHOT/ozone-interface-client-1.2.0-SNAPSHOT.jar:/home/runner/.m2/repository/org/apache/ozone/hdds-server-framework/1.2.0-SNAPSHOT/hdds-server-framework-1.2.0-SNAPSHOT.jar:/home/runner/.m2/repository/org/apache/ozone/hdds-interface-server/1.2.0-SNAPSHOT/hdds-interface-server-1.2.0-SNAPSHOT.jar:/home/runner/.m2/repository/org/eclipse/jetty/jetty-servlet/9.4.43.v20210629/jetty-servlet-9.4.43.v20210629.jar:/home/runner/.m2/repository/org/eclipse/jetty/jetty-security/9.4.43.v20210629/jetty-security-9.4.43.v20210629.jar:/home/runner/.m2/repository/org/rocksdb/rocksdbjni/6.20.3/rocksdbjni-6.20.3.jar:/home/runner/.m2/repository/io/prometheus/simpleclient_dropwizard/0.7.0/simpleclient_dropwizard-0.7.0.jar:/home/runner/.m2/repository/io/prometheus/simpleclient/0.7.0/simpleclient-0.7.0.jar:/home/runner/.m2/repository/io/prometheus/simpleclient_common/0.7.0/simpleclient_common-0.7.0.jar:/home/runner/.m2/repository/com/fasterxml/jackson/datatype/jackson-datatype-jsr310/2.12.1/jackson-datatype-jsr310-2.12.1.jar:/home/runner/.m2/repository/org/apache/ozone/hdds-test-utils/1.2.0-SNAPSHOT/hdds-test-utils-1.2.0-SNAPSHOT.jar:/home/runner/.m2/repository/com/google/guava/guava/30.1.1-jre/guava-30.1.1-jre.jar:/home/runner/.m2/repository/com/google/guava/failureaccess/1.0.1/failureaccess-1.0.1.jar:/home/runner/.m2/repository/com/google/guava/listenablefuture/9999.0-empty-to-avoid-conflict-with-guava/listenablefuture-9999.0-empty-to-avoid-conflict-with-guava.jar:/home/runner/.m2/repository/com/google/code/findbugs/jsr305/3.0.0/jsr305-3.0.0.jar:/home/runner/.m2/repository/org/checkerframework/checker-qual/3.8.0/checker-qual-3.8.0.jar:/home/runner/.m2/repository/com/google/errorprone/error_prone_annotations/2.2.0/error_prone_annotations-2.2.0.jar:/home/runner/.m2/repository/com/google/j2objc/j2objc-annotations/1.3/j2objc-annotations-1.3.jar:/home/runner/.m2/repository/commons-io/commons-io/2.8.0/commons-io-2.8.0.jar:/home/runner/.m2/repository/commons-logging/commons-logging/1.2/commons-logging-1.2.jar:/home/runner/.m2/repository/log4j/log4j/1.2.17/log4j-1.2.17.jar:/home/runner/.m2/repository/org/slf4j/slf4j-api/1.7.30/slf4j-api-1.7.30.jar:/home/runner/.m2/repository/org/apache/ozone/hdds-server-scm/1.2.0-SNAPSHOT/hdds-server-scm-1.2.0-SNAPSHOT.jar:/home/runner/.m2/repository/org/apache/ozone/hdds-container-service/1.2.0-SNAPSHOT/hdds-container-service-1.2.0-SNAPSHOT.jar:/home/runner/.m2/repository/org/apache/ozone/hdds-hadoop-dependency-server/1.2.0-SNAPSHOT/hdds-hadoop-dependency-server-1.2.0-SNAPSHOT.jar:/home/runner/.m2/repository/org/apache/hadoop/hadoop-hdfs/3.3.1/hadoop-hdfs-3.3.1.jar:/home/runner/.m2/repository/io/dropwizard/metrics/metrics-core/3.2.4/metrics-core-3.2.4.jar:/home/runner/.m2/repository/org/apache/hadoop/hadoop-hdfs-client/3.3.1/hadoop-hdfs-client-3.3.1.jar:/home/runner/.m2/repository/org/bouncycastle/bcprov-jdk15on/1.67/bcprov-jdk15on-1.67.jar:/home/runner/.m2/repository/com/google/protobuf/protobuf-java/2.5.0/protobuf-java-2.5.0.jar:/home/runner/.m2/repository/org/apache/ozone/ozone-manager/1.2.0-SNAPSHOT/ozone-manager-1.2.0-SNAPSHOT.jar:/home/runner/.m2/repository/org/aspectj/aspectjrt/1.9.7/aspectjrt-1.9.7.jar:/home/runner/.m2/repository/org/aspectj/aspectjweaver/1.9.7/aspectjweaver-1.9.7.jar:/home/runner/.m2/repository/org/apache/ozone/hdds-interface-client/1.2.0-SNAPSHOT/hdds-interface-client-1.2.0-SNAPSHOT.jar:/home/runner/.m2/repository/org/apache/hadoop/thirdparty/hadoop-shaded-protobuf_3_7/1.1.1/hadoop-shaded-protobuf_3_7-1.1.1.jar:/home/runner/.m2/repository/org/apache/ozone/ozone-interface-storage/1.2.0-SNAPSHOT/ozone-interface-storage-1.2.0-SNAPSHOT.jar:/home/runner/.m2/repository/org/reflections/reflections/0.9.11/reflections-0.9.11.jar:/home/runner/.m2/repository/org/apache/hadoop/hadoop-minikdc/3.3.1/hadoop-minikdc-3.3.1.jar:/home/runner/.m2/repository/org/apache/kerby/kerb-simplekdc/1.0.1/kerb-simplekdc-1.0.1.jar:/home/runner/.m2/repository/org/apache/kerby/kerb-client/1.0.1/kerb-client-1.0.1.jar:/home/runner/.m2/repository/org/apache/kerby/kerby-config/1.0.1/kerby-config-1.0.1.jar:/home/runner/.m2/repository/org/apache/kerby/kerb-common/1.0.1/kerb-common-1.0.1.jar:/home/runner/.m2/repository/org/apache/kerby/kerb-crypto/1.0.1/kerb-crypto-1.0.1.jar:/home/runner/.m2/repository/org/apache/kerby/kerb-util/1.0.1/kerb-util-1.0.1.jar:/home/runner/.m2/repository/org/apache/kerby/token-provider/1.0.1/token-provider-1.0.1.jar:/home/runner/.m2/repository/org/apache/kerby/kerb-admin/1.0.1/kerb-admin-1.0.1.jar:/home/runner/.m2/repository/org/apache/kerby/kerb-server/1.0.1/kerb-server-1.0.1.jar:/home/runner/.m2/repository/org/apache/kerby/kerb-identity/1.0.1/kerb-identity-1.0.1.jar:/home/runner/.m2/repository/org/apache/kerby/kerby-xdr/1.0.1/kerby-xdr-1.0.1.jar:/home/runner/.m2/repository/org/slf4j/slf4j-log4j12/1.7.30/slf4j-log4j12-1.7.30.jar:/home/runner/.m2/repository/org/apache/ozone/ozone-s3gateway/1.2.0-SNAPSHOT/ozone-s3gateway-1.2.0-SNAPSHOT.jar:/home/runner/.m2/repository/org/javassist/javassist/3.21.0-GA/javassist-3.21.0-GA.jar:/home/runner/.m2/repository/org/jboss/weld/servlet/weld-servlet/2.4.7.Final/weld-servlet-2.4.7.Final.jar:/home/runner/.m2/repository/org/glassfish/jersey/containers/jersey-container-servlet-core/2.33/jersey-container-servlet-core-2.33.jar:/home/runner/.m2/repository/org/glassfish/hk2/external/jakarta.inject/2.6.1/jakarta.inject-2.6.1.jar:/home/runner/.m2/repository/org/glassfish/jersey/core/jersey-common/2.33/jersey-common-2.33.jar:/home/runner/.m2/repository/jakarta/ws/rs/jakarta.ws.rs-api/2.1.6/jakarta.ws.rs-api-2.1.6.jar:/home/runner/.m2/repository/org/glassfish/jersey/ext/cdi/jersey-cdi1x/2.33/jersey-cdi1x-2.33.jar:/home/runner/.m2/repository/org/glassfish/jersey/inject/jersey-hk2/2.33/jersey-hk2-2.33.jar:/home/runner/.m2/repository/org/glassfish/hk2/hk2-locator/2.6.1/hk2-locator-2.6.1.jar:/home/runner/.m2/repository/org/glassfish/jersey/media/jersey-media-jaxb/2.33/jersey-media-jaxb-2.33.jar:/home/runner/.m2/repository/org/glassfish/hk2/osgi-resource-locator/1.0.3/osgi-resource-locator-1.0.3.jar:/home/runner/.m2/repository/org/glassfish/hk2/hk2-api/2.5.0/hk2-api-2.5.0.jar:/home/runner/.m2/repository/org/glassfish/hk2/hk2-utils/2.5.0/hk2-utils-2.5.0.jar:/home/runner/.m2/repository/org/glassfish/hk2/external/aopalliance-repackaged/2.5.0/aopalliance-repackaged-2.5.0.jar:/home/runner/.m2/repository/com/fasterxml/jackson/dataformat/jackson-dataformat-xml/2.12.1/jackson-dataformat-xml-2.12.1.jar:/home/runner/.m2/repository/com/fasterxml/jackson/core/jackson-core/2.12.1/jackson-core-2.12.1.jar:/home/runner/.m2/repository/com/fasterxml/jackson/module/jackson-module-jaxb-annotations/2.12.1/jackson-module-jaxb-annotations-2.12.1.jar:/home/runner/.m2/repository/jakarta/xml/bind/jakarta.xml.bind-api/2.3.2/jakarta.xml.bind-api-2.3.2.jar:/home/runner/.m2/repository/org/codehaus/woodstox/stax2-api/3.1.4/stax2-api-3.1.4.jar:/home/runner/.m2/repository/com/fasterxml/woodstox/woodstox-core/5.0.3/woodstox-core-5.0.3.jar:/home/runner/.m2/repository/javax/enterprise/cdi-api/1.2/cdi-api-1.2.jar:/home/runner/.m2/repository/javax/el/javax.el-api/3.0.0/javax.el-api-3.0.0.jar:/home/runner/.m2/repository/javax/interceptor/javax.interceptor-api/1.2/javax.interceptor-api-1.2.jar:/home/runner/.m2/repository/javax/inject/javax.inject/1/javax.inject-1.jar:/home/runner/.m2/repository/javax/xml/bind/jaxb-api/2.3.0/jaxb-api-2.3.0.jar:/home/runner/.m2/repository/org/glassfish/jaxb/jaxb-runtime/2.3.0.1/jaxb-runtime-2.3.0.1.jar:/home/runner/.m2/repository/org/glassfish/jaxb/jaxb-core/2.3.0.1/jaxb-core-2.3.0.1.jar:/home/runner/.m2/repository/org/glassfish/jaxb/txw2/2.3.0.1/txw2-2.3.0.1.jar:/home/runner/.m2/repository/com/sun/istack/istack-commons-runtime/3.0.5/istack-commons-runtime-3.0.5.jar:/home/runner/.m2/repository/org/jvnet/staxex/stax-ex/1.7.8/stax-ex-1.7.8.jar:/home/runner/.m2/repository/com/sun/xml/fastinfoset/FastInfoset/1.2.13/FastInfoset-1.2.13.jar:/home/runner/.m2/repository/javax/activation/activation/1.1.1/activation-1.1.1.jar:/home/runner/.m2/repository/org/apache/ozone/ozone-csi/1.2.0-SNAPSHOT/ozone-csi-1.2.0-SNAPSHOT.jar:/home/runner/.m2/repository/com/google/protobuf/protobuf-java-util/3.12.0/protobuf-java-util-3.12.0.jar:/home/runner/.m2/repository/com/google/code/gson/gson/2.2.4/gson-2.2.4.jar:/home/runner/.m2/repository/org/apache/ozone/hdds-config/1.2.0-SNAPSHOT/hdds-config-1.2.0-SNAPSHOT.jar:/home/runner/.m2/repository/io/grpc/grpc-netty/1.33.0/grpc-netty-1.33.0.jar:/home/runner/.m2/repository/io/grpc/grpc-core/1.33.0/grpc-core-1.33.0.jar:/home/runner/.m2/repository/com/google/android/annotations/4.1.1.4/annotations-4.1.1.4.jar:/home/runner/.m2/repository/io/netty/netty-codec-http2/4.1.63.Final/netty-codec-http2-4.1.63.Final.jar:/home/runner/.m2/repository/io/netty/netty-codec-http/4.1.63.Final/netty-codec-http-4.1.63.Final.jar:/home/runner/.m2/repository/io/netty/netty-handler-proxy/4.1.63.Final/netty-handler-proxy-4.1.63.Final.jar:/home/runner/.m2/repository/io/netty/netty-codec-socks/4.1.63.Final/netty-codec-socks-4.1.63.Final.jar:/home/runner/.m2/repository/io/perfmark/perfmark-api/0.19.0/perfmark-api-0.19.0.jar:/home/runner/.m2/repository/org/codehaus/mojo/animal-sniffer-annotations/1.18/animal-sniffer-annotations-1.18.jar:/home/runner/.m2/repository/io/netty/netty-transport-native-epoll/4.1.63.Final/netty-transport-native-epoll-4.1.63.Final.jar:/home/runner/.m2/repository/io/netty/netty-common/4.1.63.Final/netty-common-4.1.63.Final.jar:/home/runner/.m2/repository/io/netty/netty-buffer/4.1.63.Final/netty-buffer-4.1.63.Final.jar:/home/runner/.m2/repository/io/netty/netty-transport-native-unix-common/4.1.63.Final/netty-transport-native-unix-common-4.1.63.Final.jar:/home/runner/.m2/repository/io/grpc/grpc-protobuf/1.33.0/grpc-protobuf-1.33.0.jar:/home/runner/.m2/repository/io/grpc/grpc-api/1.33.0/grpc-api-1.33.0.jar:/home/runner/.m2/repository/io/grpc/grpc-context/1.33.0/grpc-context-1.33.0.jar:/home/runner/.m2/repository/com/google/api/grpc/proto-google-common-protos/1.17.0/proto-google-common-protos-1.17.0.jar:/home/runner/.m2/repository/io/grpc/grpc-protobuf-lite/1.33.0/grpc-protobuf-lite-1.33.0.jar:/home/runner/.m2/repository/io/grpc/grpc-stub/1.33.0/grpc-stub-1.33.0.jar:/home/runner/.m2/repository/org/apache/ozone/ozone-recon/1.2.0-SNAPSHOT/ozone-recon-1.2.0-SNAPSHOT.jar:/home/runner/.m2/repository/org/apache/ozone/ozone-reconcodegen/1.2.0-SNAPSHOT/ozone-reconcodegen-1.2.0-SNAPSHOT.jar:/home/runner/.m2/repository/com/google/inject/extensions/guice-multibindings/4.0/guice-multibindings-4.0.jar:/home/runner/.m2/repository/com/google/inject/guice/4.0/guice-4.0.jar:/home/runner/.m2/repository/aopalliance/aopalliance/1.0/aopalliance-1.0.jar:/home/runner/.m2/repository/com/google/inject/extensions/guice-assistedinject/4.0/guice-assistedinject-4.0.jar:/home/runner/.m2/repository/com/google/inject/extensions/guice-servlet/4.0/guice-servlet-4.0.jar:/home/runner/.m2/repository/org/glassfish/jersey/containers/jersey-container-servlet/2.33/jersey-container-servlet-2.33.jar:/home/runner/.m2/repository/org/glassfish/hk2/guice-bridge/2.5.0/guice-bridge-2.5.0.jar:/home/runner/.m2/repository/org/glassfish/jersey/core/jersey-server/2.33/jersey-server-2.33.jar:/home/runner/.m2/repository/org/glassfish/jersey/core/jersey-client/2.33/jersey-client-2.33.jar:/home/runner/.m2/repository/jakarta/annotation/jakarta.annotation-api/1.3.5/jakarta.annotation-api-1.3.5.jar:/home/runner/.m2/repository/jakarta/validation/jakarta.validation-api/2.0.2/jakarta.validation-api-2.0.2.jar:/home/runner/.m2/repository/org/glassfish/jersey/media/jersey-media-json-jackson/2.33/jersey-media-json-jackson-2.33.jar:/home/runner/.m2/repository/org/glassfish/jersey/ext/jersey-entity-filtering/2.33/jersey-entity-filtering-2.33.jar:/home/runner/.m2/repository/org/jooq/jooq/3.11.10/jooq-3.11.10.jar:/home/runner/.m2/repository/org/jooq/jooq-meta/3.11.10/jooq-meta-3.11.10.jar:/home/runner/.m2/repository/org/jooq/jooq-codegen/3.11.10/jooq-codegen-3.11.10.jar:/home/runner/.m2/repository/com/jolbox/bonecp/0.8.0.RELEASE/bonecp-0.8.0.RELEASE.jar:/home/runner/.m2/repository/org/apache/derby/derby/10.14.2.0/derby-10.14.2.0.jar:/home/runner/.m2/repository/org/xerial/sqlite-jdbc/3.25.2/sqlite-jdbc-3.25.2.jar:/home/runner/.m2/repository/org/springframework/spring-jdbc/5.2.11.RELEASE/spring-jdbc-5.2.11.RELEASE.jar:/home/runner/.m2/repository/org/springframework/spring-beans/5.2.11.RELEASE/spring-beans-5.2.11.RELEASE.jar:/home/runner/.m2/repository/org/springframework/spring-core/5.2.11.RELEASE/spring-core-5.2.11.RELEASE.jar:/home/runner/.m2/repository/org/springframework/spring-jcl/5.2.11.RELEASE/spring-jcl-5.2.11.RELEASE.jar:/home/runner/.m2/repository/org/springframework/spring-tx/5.2.11.RELEASE/spring-tx-5.2.11.RELEASE.jar:/home/runner/.m2/repository/org/apache/ozone/ozone-client/1.2.0-SNAPSHOT/ozone-client-1.2.0-SNAPSHOT.jar:/home/runner/.m2/repository/org/apache/ozone/ozone-filesystem/1.2.0-SNAPSHOT/ozone-filesystem-1.2.0-SNAPSHOT.jar:/home/runner/.m2/repository/org/apache/ozone/ozone-filesystem-common/1.2.0-SNAPSHOT/ozone-filesystem-common-1.2.0-SNAPSHOT.jar:/home/runner/.m2/repository/org/apache/ozone/ozone-tools/1.2.0-SNAPSHOT/ozone-tools-1.2.0-SNAPSHOT.jar:/home/runner/.m2/repository/org/apache/ratis/ratis-tools/2.1.0-03f3b68-SNAPSHOT/ratis-tools-2.1.0-03f3b68-SNAPSHOT.jar:/home/runner/.m2/repository/com/amazonaws/aws-java-sdk-core/1.11.901/aws-java-sdk-core-1.11.901.jar:/home/runner/.m2/repository/org/apache/httpcomponents/httpclient/4.5.13/httpclient-4.5.13.jar:/home/runner/.m2/repository/org/apache/httpcomponents/httpcore/4.4.13/httpcore-4.4.13.jar:/home/runner/.m2/repository/software/amazon/ion/ion-java/1.0.2/ion-java-1.0.2.jar:/home/runner/.m2/repository/com/fasterxml/jackson/dataformat/jackson-dataformat-cbor/2.12.1/jackson-dataformat-cbor-2.12.1.jar:/home/runner/.m2/repository/joda-time/joda-time/2.8.1/joda-time-2.8.1.jar:/home/runner/.m2/repository/com/amazonaws/aws-java-sdk-s3/1.11.901/aws-java-sdk-s3-1.11.901.jar:/home/runner/.m2/repository/com/amazonaws/aws-java-sdk-kms/1.11.901/aws-java-sdk-kms-1.11.901.jar:/home/runner/.m2/repository/com/amazonaws/jmespath-java/1.11.901/jmespath-java-1.11.901.jar:/home/runner/.m2/repository/org/kohsuke/metainf-services/metainf-services/1.8/metainf-services-1.8.jar:/home/runner/.m2/repository/org/apache/ozone/hdds-tools/1.2.0-SNAPSHOT/hdds-tools-1.2.0-SNAPSHOT.jar:/home/runner/.m2/repository/commons-cli/commons-cli/1.2/commons-cli-1.2.jar:/home/runner/.m2/repository/org/apache/commons/commons-lang3/3.7/commons-lang3-3.7.jar:/home/runner/.m2/repository/org/apache/ozone/ozone-manager/1.2.0-SNAPSHOT/ozone-manager-1.2.0-SNAPSHOT-tests.jar:/home/runner/.m2/repository/org/apache/ozone/hdds-common/1.2.0-SNAPSHOT/hdds-common-1.2.0-SNAPSHOT-tests.jar:/home/runner/.m2/repository/org/apache/ozone/hdds-hadoop-dependency-client/1.2.0-SNAPSHOT/hdds-hadoop-dependency-client-1.2.0-SNAPSHOT.jar:/home/runner/.m2/repository/info/picocli/picocli/4.6.1/picocli-4.6.1.jar:/home/runner/.m2/repository/com/fasterxml/jackson/core/jackson-annotations/2.12.1/jackson-annotations-2.12.1.jar:/home/runner/.m2/repository/javax/annotation/javax.annotation-api/1.2/javax.annotation-api-1.2.jar:/home/runner/.m2/repository/org/apache/ratis/ratis-server/2.1.0-03f3b68-SNAPSHOT/ratis-server-2.1.0-03f3b68-SNAPSHOT.jar:/home/runner/.m2/repository/org/apache/ratis/ratis-client/2.1.0-03f3b68-SNAPSHOT/ratis-client-2.1.0-03f3b68-SNAPSHOT.jar:/home/runner/.m2/repository/org/apache/ratis/ratis-server-api/2.1.0-03f3b68-SNAPSHOT/ratis-server-api-2.1.0-03f3b68-SNAPSHOT.jar:/home/runner/.m2/repository/org/apache/ratis/ratis-metrics/2.1.0-03f3b68-SNAPSHOT/ratis-metrics-2.1.0-03f3b68-SNAPSHOT.jar:/home/runner/.m2/repository/org/apache/ratis/ratis-netty/2.1.0-03f3b68-SNAPSHOT/ratis-netty-2.1.0-03f3b68-SNAPSHOT.jar:/home/runner/.m2/repository/org/apache/ratis/ratis-grpc/2.1.0-03f3b68-SNAPSHOT/ratis-grpc-2.1.0-03f3b68-SNAPSHOT.jar:/home/runner/.m2/repository/org/apache/logging/log4j/log4j-api/2.13.3/log4j-api-2.13.3.jar:/home/runner/.m2/repository/org/apache/logging/log4j/log4j-core/2.13.3/log4j-core-2.13.3.jar:/home/runner/.m2/repository/com/lmax/disruptor/3.4.2/disruptor-3.4.2.jar:/home/runner/.m2/repository/org/apache/commons/commons-pool2/2.6.0/commons-pool2-2.6.0.jar:/home/runner/.m2/repository/org/bouncycastle/bcpkix-jdk15on/1.67/bcpkix-jdk15on-1.67.jar:/home/runner/.m2/repository/commons-validator/commons-validator/1.6/commons-validator-1.6.jar:/home/runner/.m2/repository/commons-beanutils/commons-beanutils/1.9.4/commons-beanutils-1.9.4.jar:/home/runner/.m2/repository/commons-digester/commons-digester/1.8.1/commons-digester-1.8.1.jar:/home/runner/.m2/repository/commons-collections/commons-collections/3.2.2/commons-collections-3.2.2.jar:/home/runner/.m2/repository/io/jaegertracing/jaeger-client/1.6.0/jaeger-client-1.6.0.jar:/home/runner/.m2/repository/io/jaegertracing/jaeger-thrift/1.6.0/jaeger-thrift-1.6.0.jar:/home/runner/.m2/repository/org/apache/thrift/libthrift/0.14.1/libthrift-0.14.1.jar:/home/runner/.m2/repository/com/squareup/okhttp3/okhttp/4.9.0/okhttp-4.9.0.jar:/home/runner/.m2/repository/com/squareup/okio/okio/2.8.0/okio-2.8.0.jar:/home/runner/.m2/repository/io/jaegertracing/jaeger-core/1.6.0/jaeger-core-1.6.0.jar:/home/runner/.m2/repository/io/jaegertracing/jaeger-tracerresolver/1.6.0/jaeger-tracerresolver-1.6.0.jar:/home/runner/.m2/repository/io/opentracing/contrib/opentracing-tracerresolver/0.1.8/opentracing-tracerresolver-0.1.8.jar:/home/runner/.m2/repository/org/jetbrains/kotlin/kotlin-stdlib/1.4.31/kotlin-stdlib-1.4.31.jar:/home/runner/.m2/repository/org/jetbrains/kotlin/kotlin-stdlib-common/1.4.31/kotlin-stdlib-common-1.4.31.jar:/home/runner/.m2/repository/org/jetbrains/annotations/13.0/annotations-13.0.jar:/home/runner/.m2/repository/io/opentracing/opentracing-util/0.33.0/opentracing-util-0.33.0.jar:/home/runner/.m2/repository/io/opentracing/opentracing-api/0.33.0/opentracing-api-0.33.0.jar:/home/runner/.m2/repository/io/opentracing/opentracing-noop/0.33.0/opentracing-noop-0.33.0.jar:/home/runner/.m2/repository/org/yaml/snakeyaml/1.26/snakeyaml-1.26.jar:/home/runner/.m2/repository/org/apache/ozone/hdds-interface-admin/1.2.0-SNAPSHOT/hdds-interface-admin-1.2.0-SNAPSHOT.jar:/home/runner/.m2/repository/junit/junit/4.13.1/junit-4.13.1.jar:/home/runner/.m2/repository/org/hamcrest/hamcrest-core/1.3/hamcrest-core-1.3.jar:/home/runner/.m2/repository/org/junit/jupiter/junit-jupiter-api/5.7.0/junit-jupiter-api-5.7.0.jar:/home/runner/.m2/repository/org/apiguardian/apiguardian-api/1.1.0/apiguardian-api-1.1.0.jar:/home/runner/.m2/repository/org/opentest4j/opentest4j/1.2.0/opentest4j-1.2.0.jar:/home/runner/.m2/repository/org/junit/platform/junit-platform-commons/1.7.0/junit-platform-commons-1.7.0.jar:/home/runner/.m2/repository/org/junit/jupiter/junit-jupiter-engine/5.7.0/junit-jupiter-engine-5.7.0.jar:/home/runner/.m2/repository/org/junit/platform/junit-platform-engine/1.7.0/junit-platform-engine-1.7.0.jar:/home/runner/.m2/repository/org/junit/vintage/junit-vintage-engine/5.7.0/junit-vintage-engine-5.7.0.jar:/home/runner/.m2/repository/org/junit/platform/junit-platform-launcher/1.7.0/junit-platform-launcher-1.7.0.jar:/home/runner/.m2/repository/org/openjdk/jmh/jmh-core/1.19/jmh-core-1.19.jar:/home/runner/.m2/repository/net/sf/jopt-simple/jopt-simple/4.6/jopt-simple-4.6.jar:/home/runner/.m2/repository/org/apache/commons/commons-math3/3.1.1/commons-math3-3.1.1.jar:/home/runner/.m2/repository/org/openjdk/jmh/jmh-generator-annprocess/1.19/jmh-generator-annprocess-1.19.jar:/home/runner/.m2/repository/org/mockito/mockito-core/2.28.2/mockito-core-2.28.2.jar:/home/runner/.m2/repository/net/bytebuddy/byte-buddy/1.9.10/byte-buddy-1.9.10.jar:/home/runner/.m2/repository/net/bytebuddy/byte-buddy-agent/1.9.10/byte-buddy-agent-1.9.10.jar:/home/runner/.m2/repository/org/objenesis/objenesis/1.0/objenesis-1.0.jar:/home/runner/.m2/repository/org/apache/hadoop/hadoop-kms/3.3.1/hadoop-kms-3.3.1.jar:/home/runner/.m2/repository/org/apache/hadoop/hadoop-auth/3.3.1/hadoop-auth-3.3.1.jar:/home/runner/.m2/repository/com/nimbusds/nimbus-jose-jwt/7.9/nimbus-jose-jwt-7.9.jar:/home/runner/.m2/repository/com/github/stephenc/jcip/jcip-annotations/1.0-1/jcip-annotations-1.0-1.jar:/home/runner/.m2/repository/net/minidev/json-smart/2.3/json-smart-2.3.jar:/home/runner/.m2/repository/net/minidev/accessors-smart/1.2/accessors-smart-1.2.jar:/home/runner/.m2/repository/org/ow2/asm/asm/5.0.4/asm-5.0.4.jar:/home/runner/.m2/repository/org/apache/zookeeper/zookeeper/3.5.6/zookeeper-3.5.6.jar:/home/runner/.m2/repository/org/apache/zookeeper/zookeeper-jute/3.5.6/zookeeper-jute-3.5.6.jar:/home/runner/.m2/repository/org/apache/yetus/audience-annotations/0.5.0/audience-annotations-0.5.0.jar:/home/runner/.m2/repository/org/apache/curator/curator-framework/4.2.0/curator-framework-4.2.0.jar:/home/runner/.m2/repository/org/apache/hadoop/thirdparty/hadoop-shaded-guava/1.1.1/hadoop-shaded-guava-1.1.1.jar:/home/runner/.m2/repository/com/sun/jersey/jersey-core/1.19/jersey-core-1.19.jar:/home/runner/.m2/repository/javax/ws/rs/jsr311-api/1.1.1/jsr311-api-1.1.1.jar:/home/runner/.m2/repository/com/sun/jersey/jersey-server/1.19/jersey-server-1.19.jar:/home/runner/.m2/repository/javax/servlet/javax.servlet-api/3.1.0/javax.servlet-api-3.1.0.jar:/home/runner/.m2/repository/org/eclipse/jetty/jetty-server/9.4.43.v20210629/jetty-server-9.4.43.v20210629.jar:/home/runner/.m2/repository/org/eclipse/jetty/jetty-http/9.4.43.v20210629/jetty-http-9.4.43.v20210629.jar:/home/runner/.m2/repository/org/eclipse/jetty/jetty-io/9.4.43.v20210629/jetty-io-9.4.43.v20210629.jar:/home/runner/.m2/repository/org/eclipse/jetty/jetty-webapp/9.4.43.v20210629/jetty-webapp-9.4.43.v20210629.jar:/home/runner/.m2/repository/org/eclipse/jetty/jetty-xml/9.4.43.v20210629/jetty-xml-9.4.43.v20210629.jar:/home/runner/.m2/repository/org/apache/hadoop/hadoop-common/3.3.1/hadoop-common-3.3.1.jar:/home/runner/.m2/repository/commons-net/commons-net/3.6/commons-net-3.6.jar:/home/runner/.m2/repository/jakarta/activation/jakarta.activation-api/1.2.1/jakarta.activation-api-1.2.1.jar:/home/runner/.m2/repository/com/sun/jersey/jersey-servlet/1.19/jersey-servlet-1.19.jar:/home/runner/.m2/repository/com/sun/jersey/jersey-json/1.19/jersey-json-1.19.jar:/home/runner/.m2/repository/org/codehaus/jettison/jettison/1.1/jettison-1.1.jar:/home/runner/.m2/repository/com/sun/xml/bind/jaxb-impl/2.2.3-1/jaxb-impl-2.2.3-1.jar:/home/runner/.m2/repository/org/codehaus/jackson/jackson-jaxrs/1.9.2/jackson-jaxrs-1.9.2.jar:/home/runner/.m2/repository/org/codehaus/jackson/jackson-xc/1.9.2/jackson-xc-1.9.2.jar:/home/runner/.m2/repository/org/apache/commons/commons-configuration2/2.1.1/commons-configuration2-2.1.1.jar:/home/runner/.m2/repository/org/apache/commons/commons-text/1.4/commons-text-1.4.jar:/home/runner/.m2/repository/com/google/re2j/re2j/1.1/re2j-1.1.jar:/home/runner/.m2/repository/com/jcraft/jsch/0.1.54/jsch-0.1.54.jar:/home/runner/.m2/repository/org/apache/curator/curator-client/4.2.0/curator-client-4.2.0.jar:/home/runner/.m2/repository/org/apache/curator/curator-recipes/4.2.0/curator-recipes-4.2.0.jar:/home/runner/.m2/repository/org/apache/kerby/kerb-core/1.0.1/kerb-core-1.0.1.jar:/home/runner/.m2/repository/org/apache/kerby/kerby-pkix/1.0.1/kerby-pkix-1.0.1.jar:/home/runner/.m2/repository/org/apache/kerby/kerby-asn1/1.0.1/kerby-asn1-1.0.1.jar:/home/runner/.m2/repository/org/apache/kerby/kerby-util/1.0.1/kerby-util-1.0.1.jar:/home/runner/.m2/repository/dnsjava/dnsjava/2.1.7/dnsjava-2.1.7.jar:/home/runner/.m2/repository/org/xerial/snappy/snappy-java/1.1.8.2/snappy-java-1.1.8.2.jar:/home/runner/.m2/repository/org/slf4j/jul-to-slf4j/1.7.30/jul-to-slf4j-1.7.30.jar:/home/runner/.m2/repository/org/eclipse/jetty/jetty-util/9.4.43.v20210629/jetty-util-9.4.43.v20210629.jar:/home/runner/.m2/repository/com/fasterxml/jackson/core/jackson-databind/2.12.1/jackson-databind-2.12.1.jar:/home/runner/.m2/repository/org/apache/hadoop/hadoop-kms/3.3.1/hadoop-kms-3.3.1-tests.jar:/home/runner/.m2/repository/org/apache/ozone/hdds-server-scm/1.2.0-SNAPSHOT/hdds-server-scm-1.2.0-SNAPSHOT-tests.jar:/home/runner/.m2/repository/org/apache/ozone/hdds-container-service/1.2.0-SNAPSHOT/hdds-container-service-1.2.0-SNAPSHOT-tests.jar:/home/runner/.m2/repository/commons-codec/commons-codec/1.11/commons-codec-1.11.jar:/home/runner/.m2/repository/io/netty/netty-transport/4.1.63.Final/netty-transport-4.1.63.Final.jar:/home/runner/.m2/repository/io/netty/netty-resolver/4.1.63.Final/netty-resolver-4.1.63.Final.jar:/home/runner/.m2/repository/io/netty/netty-codec/4.1.63.Final/netty-codec-4.1.63.Final.jar:/home/runner/.m2/repository/io/netty/netty-handler/4.1.63.Final/netty-handler-4.1.63.Final.jar:/home/runner/.m2/repository/org/apache/ozone/hdds-hadoop-dependency-test/1.2.0-SNAPSHOT/hdds-hadoop-dependency-test-1.2.0-SNAPSHOT.jar:/home/runner/.m2/repository/org/apache/hadoop/hadoop-common/3.3.1/hadoop-common-3.3.1-tests.jar:/home/runner/.m2/repository/org/assertj/assertj-core/3.12.2/assertj-core-3.12.2.jar:/home/runner/.m2/repository/org/apache/hadoop/hadoop-hdfs/3.3.1/hadoop-hdfs-3.3.1-tests.jar:/home/runner/.m2/repository/org/eclipse/jetty/jetty-util-ajax/9.4.43.v20210629/jetty-util-ajax-9.4.43.v20210629.jar:/home/runner/.m2/repository/commons-daemon/commons-daemon/1.0.13/commons-daemon-1.0.13.jar:/home/runner/.m2/repository/io/netty/netty/3.10.6.Final/netty-3.10.6.Final.jar:/home/runner/.m2/repository/io/netty/netty-all/4.1.63.Final/netty-all-4.1.63.Final.jar:/home/runner/.m2/repository/org/apache/htrace/htrace-core4/4.1.0-incubating/htrace-core4-4.1.0-incubating.jar:/home/runner/.m2/repository/org/fusesource/leveldbjni/leveldbjni-all/1.8/leveldbjni-all-1.8.jar:/home/runner/.m2/repository/org/apache/hadoop/hadoop-distcp/3.3.1/hadoop-distcp-3.3.1.jar:/home/runner/.m2/repository/org/apache/hadoop/hadoop-mapreduce-client-jobclient/3.3.1/hadoop-mapreduce-client-jobclient-3.3.1.jar:/home/runner/.m2/repository/org/apache/hadoop/hadoop-mapreduce-client-common/3.3.1/hadoop-mapreduce-client-common-3.3.1.jar:/home/runner/.m2/repository/org/apache/hadoop/hadoop-yarn-common/3.3.1/hadoop-yarn-common-3.3.1.jar:/home/runner/.m2/repository/org/apache/hadoop/hadoop-yarn-api/3.3.1/hadoop-yarn-api-3.3.1.jar:/home/runner/.m2/repository/com/sun/jersey/jersey-client/1.19/jersey-client-1.19.jar:/home/runner/.m2/repository/com/sun/jersey/contribs/jersey-guice/1.19/jersey-guice-1.19.jar:/home/runner/.m2/repository/com/fasterxml/jackson/jaxrs/jackson-jaxrs-json-provider/2.12.1/jackson-jaxrs-json-provider-2.12.1.jar:/home/runner/.m2/repository/com/fasterxml/jackson/jaxrs/jackson-jaxrs-base/2.12.1/jackson-jaxrs-base-2.12.1.jar:/home/runner/.m2/repository/org/apache/hadoop/hadoop-yarn-client/3.3.1/hadoop-yarn-client-3.3.1.jar:/home/runner/.m2/repository/org/eclipse/jetty/websocket/websocket-client/9.4.40.v20210413/websocket-client-9.4.40.v20210413.jar:/home/runner/.m2/repository/org/eclipse/jetty/jetty-client/9.4.40.v20210413/jetty-client-9.4.40.v20210413.jar:/home/runner/.m2/repository/org/eclipse/jetty/websocket/websocket-common/9.4.40.v20210413/websocket-common-9.4.40.v20210413.jar:/home/runner/.m2/repository/org/eclipse/jetty/websocket/websocket-api/9.4.40.v20210413/websocket-api-9.4.40.v20210413.jar:/home/runner/.m2/repository/org/jline/jline/3.9.0/jline-3.9.0.jar:/home/runner/.m2/repository/org/apache/hadoop/hadoop-mapreduce-client-core/3.3.1/hadoop-mapreduce-client-core-3.3.1.jar:/home/runner/.m2/repository/org/apache/avro/avro/1.7.7/avro-1.7.7.jar:/home/runner/.m2/repository/org/codehaus/jackson/jackson-core-asl/1.9.13/jackson-core-asl-1.9.13.jar:/home/runner/.m2/repository/org/codehaus/jackson/jackson-mapper-asl/1.9.13/jackson-mapper-asl-1.9.13.jar:/home/runner/.m2/repository/com/thoughtworks/paranamer/paranamer/2.3/paranamer-2.3.jar:/home/runner/.m2/repository/org/apache/hadoop/hadoop-annotations/3.3.1/hadoop-annotations-3.3.1.jar:/usr/lib/jvm/adoptopenjdk-8-hotspot-amd64/jre/../lib/tools.jar:/home/runner/.m2/repository/org/apache/hadoop/hadoop-distcp/3.3.1/hadoop-distcp-3.3.1-tests.jar:/home/runner/.m2/repository/org/apache/ratis/ratis-common/2.1.0-03f3b68-SNAPSHOT/ratis-common-2.1.0-03f3b68-SNAPSHOT.jar:/home/runner/.m2/repository/org/apache/ratis/ratis-thirdparty-misc/0.7.0/ratis-thirdparty-misc-0.7.0.jar:/home/runner/.m2/repository/org/apache/ratis/ratis-proto/2.1.0-03f3b68-SNAPSHOT/ratis-proto-2.1.0-03f3b68-SNAPSHOT.jar:"/>
    <property name="java.vm.vendor" value="AdoptOpenJDK"/>
    <property name="sun.arch.data.model" value="64"/>
    <property name="test.build.dir" value="/home/runner/work/ozone/ozone/hadoop-ozone/integration-test/target/test-dir"/>
    <property name="test.cache.data" value=""/>
    <property name="java.vendor.url" value="https://adoptopenjdk.net/"/>
    <property name="user.timezone" value=""/>
    <property name="java.vm.specification.version" value="1.8"/>
    <property name="os.name" value="Linux"/>
    <property name="test.build.data" value="/home/runner/work/ozone/ozone/hadoop-ozone/integration-test/target/test-dir"/>
    <property name="sun.java.launcher" value="SUN_STANDARD"/>
    <property name="sun.boot.library.path" value="/usr/lib/jvm/adoptopenjdk-8-hotspot-amd64/jre/lib/amd64"/>
    <property name="sun.java.command" value="/home/runner/work/ozone/ozone/hadoop-ozone/integration-test/target/surefire/surefirebooter5287756076431457900.jar /home/runner/work/ozone/ozone/hadoop-ozone/integration-test/target/surefire 2021-09-24T05-08-15_617-jvmRun1 surefire8328564248863809037tmp surefire_864308620790446616188tmp"/>
    <property name="surefire.test.class.path" value="/home/runner/work/ozone/ozone/hadoop-ozone/integration-test/target/test-classes:/home/runner/work/ozone/ozone/hadoop-ozone/integration-test/target/classes:/home/runner/.m2/repository/org/apache/ozone/ozone-common/1.2.0-SNAPSHOT/ozone-common-1.2.0-SNAPSHOT.jar:/home/runner/.m2/repository/org/apache/commons/commons-compress/1.20/commons-compress-1.20.jar:/home/runner/.m2/repository/org/apache/ozone/hdds-common/1.2.0-SNAPSHOT/hdds-common-1.2.0-SNAPSHOT.jar:/home/runner/.m2/repository/org/apache/ozone/hdds-client/1.2.0-SNAPSHOT/hdds-client-1.2.0-SNAPSHOT.jar:/home/runner/.m2/repository/org/apache/ozone/ozone-interface-client/1.2.0-SNAPSHOT/ozone-interface-client-1.2.0-SNAPSHOT.jar:/home/runner/.m2/repository/org/apache/ozone/hdds-server-framework/1.2.0-SNAPSHOT/hdds-server-framework-1.2.0-SNAPSHOT.jar:/home/runner/.m2/repository/org/apache/ozone/hdds-interface-server/1.2.0-SNAPSHOT/hdds-interface-server-1.2.0-SNAPSHOT.jar:/home/runner/.m2/repository/org/eclipse/jetty/jetty-servlet/9.4.43.v20210629/jetty-servlet-9.4.43.v20210629.jar:/home/runner/.m2/repository/org/eclipse/jetty/jetty-security/9.4.43.v20210629/jetty-security-9.4.43.v20210629.jar:/home/runner/.m2/repository/org/rocksdb/rocksdbjni/6.20.3/rocksdbjni-6.20.3.jar:/home/runner/.m2/repository/io/prometheus/simpleclient_dropwizard/0.7.0/simpleclient_dropwizard-0.7.0.jar:/home/runner/.m2/repository/io/prometheus/simpleclient/0.7.0/simpleclient-0.7.0.jar:/home/runner/.m2/repository/io/prometheus/simpleclient_common/0.7.0/simpleclient_common-0.7.0.jar:/home/runner/.m2/repository/com/fasterxml/jackson/datatype/jackson-datatype-jsr310/2.12.1/jackson-datatype-jsr310-2.12.1.jar:/home/runner/.m2/repository/org/apache/ozone/hdds-test-utils/1.2.0-SNAPSHOT/hdds-test-utils-1.2.0-SNAPSHOT.jar:/home/runner/.m2/repository/com/google/guava/guava/30.1.1-jre/guava-30.1.1-jre.jar:/home/runner/.m2/repository/com/google/guava/failureaccess/1.0.1/failureaccess-1.0.1.jar:/home/runner/.m2/repository/com/google/guava/listenablefuture/9999.0-empty-to-avoid-conflict-with-guava/listenablefuture-9999.0-empty-to-avoid-conflict-with-guava.jar:/home/runner/.m2/repository/com/google/code/findbugs/jsr305/3.0.0/jsr305-3.0.0.jar:/home/runner/.m2/repository/org/checkerframework/checker-qual/3.8.0/checker-qual-3.8.0.jar:/home/runner/.m2/repository/com/google/errorprone/error_prone_annotations/2.2.0/error_prone_annotations-2.2.0.jar:/home/runner/.m2/repository/com/google/j2objc/j2objc-annotations/1.3/j2objc-annotations-1.3.jar:/home/runner/.m2/repository/commons-io/commons-io/2.8.0/commons-io-2.8.0.jar:/home/runner/.m2/repository/commons-logging/commons-logging/1.2/commons-logging-1.2.jar:/home/runner/.m2/repository/log4j/log4j/1.2.17/log4j-1.2.17.jar:/home/runner/.m2/repository/org/slf4j/slf4j-api/1.7.30/slf4j-api-1.7.30.jar:/home/runner/.m2/repository/org/apache/ozone/hdds-server-scm/1.2.0-SNAPSHOT/hdds-server-scm-1.2.0-SNAPSHOT.jar:/home/runner/.m2/repository/org/apache/ozone/hdds-container-service/1.2.0-SNAPSHOT/hdds-container-service-1.2.0-SNAPSHOT.jar:/home/runner/.m2/repository/org/apache/ozone/hdds-hadoop-dependency-server/1.2.0-SNAPSHOT/hdds-hadoop-dependency-server-1.2.0-SNAPSHOT.jar:/home/runner/.m2/repository/org/apache/hadoop/hadoop-hdfs/3.3.1/hadoop-hdfs-3.3.1.jar:/home/runner/.m2/repository/io/dropwizard/metrics/metrics-core/3.2.4/metrics-core-3.2.4.jar:/home/runner/.m2/repository/org/apache/hadoop/hadoop-hdfs-client/3.3.1/hadoop-hdfs-client-3.3.1.jar:/home/runner/.m2/repository/org/bouncycastle/bcprov-jdk15on/1.67/bcprov-jdk15on-1.67.jar:/home/runner/.m2/repository/com/google/protobuf/protobuf-java/2.5.0/protobuf-java-2.5.0.jar:/home/runner/.m2/repository/org/apache/ozone/ozone-manager/1.2.0-SNAPSHOT/ozone-manager-1.2.0-SNAPSHOT.jar:/home/runner/.m2/repository/org/aspectj/aspectjrt/1.9.7/aspectjrt-1.9.7.jar:/home/runner/.m2/repository/org/aspectj/aspectjweaver/1.9.7/aspectjweaver-1.9.7.jar:/home/runner/.m2/repository/org/apache/ozone/hdds-interface-client/1.2.0-SNAPSHOT/hdds-interface-client-1.2.0-SNAPSHOT.jar:/home/runner/.m2/repository/org/apache/hadoop/thirdparty/hadoop-shaded-protobuf_3_7/1.1.1/hadoop-shaded-protobuf_3_7-1.1.1.jar:/home/runner/.m2/repository/org/apache/ozone/ozone-interface-storage/1.2.0-SNAPSHOT/ozone-interface-storage-1.2.0-SNAPSHOT.jar:/home/runner/.m2/repository/org/reflections/reflections/0.9.11/reflections-0.9.11.jar:/home/runner/.m2/repository/org/apache/hadoop/hadoop-minikdc/3.3.1/hadoop-minikdc-3.3.1.jar:/home/runner/.m2/repository/org/apache/kerby/kerb-simplekdc/1.0.1/kerb-simplekdc-1.0.1.jar:/home/runner/.m2/repository/org/apache/kerby/kerb-client/1.0.1/kerb-client-1.0.1.jar:/home/runner/.m2/repository/org/apache/kerby/kerby-config/1.0.1/kerby-config-1.0.1.jar:/home/runner/.m2/repository/org/apache/kerby/kerb-common/1.0.1/kerb-common-1.0.1.jar:/home/runner/.m2/repository/org/apache/kerby/kerb-crypto/1.0.1/kerb-crypto-1.0.1.jar:/home/runner/.m2/repository/org/apache/kerby/kerb-util/1.0.1/kerb-util-1.0.1.jar:/home/runner/.m2/repository/org/apache/kerby/token-provider/1.0.1/token-provider-1.0.1.jar:/home/runner/.m2/repository/org/apache/kerby/kerb-admin/1.0.1/kerb-admin-1.0.1.jar:/home/runner/.m2/repository/org/apache/kerby/kerb-server/1.0.1/kerb-server-1.0.1.jar:/home/runner/.m2/repository/org/apache/kerby/kerb-identity/1.0.1/kerb-identity-1.0.1.jar:/home/runner/.m2/repository/org/apache/kerby/kerby-xdr/1.0.1/kerby-xdr-1.0.1.jar:/home/runner/.m2/repository/org/slf4j/slf4j-log4j12/1.7.30/slf4j-log4j12-1.7.30.jar:/home/runner/.m2/repository/org/apache/ozone/ozone-s3gateway/1.2.0-SNAPSHOT/ozone-s3gateway-1.2.0-SNAPSHOT.jar:/home/runner/.m2/repository/org/javassist/javassist/3.21.0-GA/javassist-3.21.0-GA.jar:/home/runner/.m2/repository/org/jboss/weld/servlet/weld-servlet/2.4.7.Final/weld-servlet-2.4.7.Final.jar:/home/runner/.m2/repository/org/glassfish/jersey/containers/jersey-container-servlet-core/2.33/jersey-container-servlet-core-2.33.jar:/home/runner/.m2/repository/org/glassfish/hk2/external/jakarta.inject/2.6.1/jakarta.inject-2.6.1.jar:/home/runner/.m2/repository/org/glassfish/jersey/core/jersey-common/2.33/jersey-common-2.33.jar:/home/runner/.m2/repository/jakarta/ws/rs/jakarta.ws.rs-api/2.1.6/jakarta.ws.rs-api-2.1.6.jar:/home/runner/.m2/repository/org/glassfish/jersey/ext/cdi/jersey-cdi1x/2.33/jersey-cdi1x-2.33.jar:/home/runner/.m2/repository/org/glassfish/jersey/inject/jersey-hk2/2.33/jersey-hk2-2.33.jar:/home/runner/.m2/repository/org/glassfish/hk2/hk2-locator/2.6.1/hk2-locator-2.6.1.jar:/home/runner/.m2/repository/org/glassfish/jersey/media/jersey-media-jaxb/2.33/jersey-media-jaxb-2.33.jar:/home/runner/.m2/repository/org/glassfish/hk2/osgi-resource-locator/1.0.3/osgi-resource-locator-1.0.3.jar:/home/runner/.m2/repository/org/glassfish/hk2/hk2-api/2.5.0/hk2-api-2.5.0.jar:/home/runner/.m2/repository/org/glassfish/hk2/hk2-utils/2.5.0/hk2-utils-2.5.0.jar:/home/runner/.m2/repository/org/glassfish/hk2/external/aopalliance-repackaged/2.5.0/aopalliance-repackaged-2.5.0.jar:/home/runner/.m2/repository/com/fasterxml/jackson/dataformat/jackson-dataformat-xml/2.12.1/jackson-dataformat-xml-2.12.1.jar:/home/runner/.m2/repository/com/fasterxml/jackson/core/jackson-core/2.12.1/jackson-core-2.12.1.jar:/home/runner/.m2/repository/com/fasterxml/jackson/module/jackson-module-jaxb-annotations/2.12.1/jackson-module-jaxb-annotations-2.12.1.jar:/home/runner/.m2/repository/jakarta/xml/bind/jakarta.xml.bind-api/2.3.2/jakarta.xml.bind-api-2.3.2.jar:/home/runner/.m2/repository/org/codehaus/woodstox/stax2-api/3.1.4/stax2-api-3.1.4.jar:/home/runner/.m2/repository/com/fasterxml/woodstox/woodstox-core/5.0.3/woodstox-core-5.0.3.jar:/home/runner/.m2/repository/javax/enterprise/cdi-api/1.2/cdi-api-1.2.jar:/home/runner/.m2/repository/javax/el/javax.el-api/3.0.0/javax.el-api-3.0.0.jar:/home/runner/.m2/repository/javax/interceptor/javax.interceptor-api/1.2/javax.interceptor-api-1.2.jar:/home/runner/.m2/repository/javax/inject/javax.inject/1/javax.inject-1.jar:/home/runner/.m2/repository/javax/xml/bind/jaxb-api/2.3.0/jaxb-api-2.3.0.jar:/home/runner/.m2/repository/org/glassfish/jaxb/jaxb-runtime/2.3.0.1/jaxb-runtime-2.3.0.1.jar:/home/runner/.m2/repository/org/glassfish/jaxb/jaxb-core/2.3.0.1/jaxb-core-2.3.0.1.jar:/home/runner/.m2/repository/org/glassfish/jaxb/txw2/2.3.0.1/txw2-2.3.0.1.jar:/home/runner/.m2/repository/com/sun/istack/istack-commons-runtime/3.0.5/istack-commons-runtime-3.0.5.jar:/home/runner/.m2/repository/org/jvnet/staxex/stax-ex/1.7.8/stax-ex-1.7.8.jar:/home/runner/.m2/repository/com/sun/xml/fastinfoset/FastInfoset/1.2.13/FastInfoset-1.2.13.jar:/home/runner/.m2/repository/javax/activation/activation/1.1.1/activation-1.1.1.jar:/home/runner/.m2/repository/org/apache/ozone/ozone-csi/1.2.0-SNAPSHOT/ozone-csi-1.2.0-SNAPSHOT.jar:/home/runner/.m2/repository/com/google/protobuf/protobuf-java-util/3.12.0/protobuf-java-util-3.12.0.jar:/home/runner/.m2/repository/com/google/code/gson/gson/2.2.4/gson-2.2.4.jar:/home/runner/.m2/repository/org/apache/ozone/hdds-config/1.2.0-SNAPSHOT/hdds-config-1.2.0-SNAPSHOT.jar:/home/runner/.m2/repository/io/grpc/grpc-netty/1.33.0/grpc-netty-1.33.0.jar:/home/runner/.m2/repository/io/grpc/grpc-core/1.33.0/grpc-core-1.33.0.jar:/home/runner/.m2/repository/com/google/android/annotations/4.1.1.4/annotations-4.1.1.4.jar:/home/runner/.m2/repository/io/netty/netty-codec-http2/4.1.63.Final/netty-codec-http2-4.1.63.Final.jar:/home/runner/.m2/repository/io/netty/netty-codec-http/4.1.63.Final/netty-codec-http-4.1.63.Final.jar:/home/runner/.m2/repository/io/netty/netty-handler-proxy/4.1.63.Final/netty-handler-proxy-4.1.63.Final.jar:/home/runner/.m2/repository/io/netty/netty-codec-socks/4.1.63.Final/netty-codec-socks-4.1.63.Final.jar:/home/runner/.m2/repository/io/perfmark/perfmark-api/0.19.0/perfmark-api-0.19.0.jar:/home/runner/.m2/repository/org/codehaus/mojo/animal-sniffer-annotations/1.18/animal-sniffer-annotations-1.18.jar:/home/runner/.m2/repository/io/netty/netty-transport-native-epoll/4.1.63.Final/netty-transport-native-epoll-4.1.63.Final.jar:/home/runner/.m2/repository/io/netty/netty-common/4.1.63.Final/netty-common-4.1.63.Final.jar:/home/runner/.m2/repository/io/netty/netty-buffer/4.1.63.Final/netty-buffer-4.1.63.Final.jar:/home/runner/.m2/repository/io/netty/netty-transport-native-unix-common/4.1.63.Final/netty-transport-native-unix-common-4.1.63.Final.jar:/home/runner/.m2/repository/io/grpc/grpc-protobuf/1.33.0/grpc-protobuf-1.33.0.jar:/home/runner/.m2/repository/io/grpc/grpc-api/1.33.0/grpc-api-1.33.0.jar:/home/runner/.m2/repository/io/grpc/grpc-context/1.33.0/grpc-context-1.33.0.jar:/home/runner/.m2/repository/com/google/api/grpc/proto-google-common-protos/1.17.0/proto-google-common-protos-1.17.0.jar:/home/runner/.m2/repository/io/grpc/grpc-protobuf-lite/1.33.0/grpc-protobuf-lite-1.33.0.jar:/home/runner/.m2/repository/io/grpc/grpc-stub/1.33.0/grpc-stub-1.33.0.jar:/home/runner/.m2/repository/org/apache/ozone/ozone-recon/1.2.0-SNAPSHOT/ozone-recon-1.2.0-SNAPSHOT.jar:/home/runner/.m2/repository/org/apache/ozone/ozone-reconcodegen/1.2.0-SNAPSHOT/ozone-reconcodegen-1.2.0-SNAPSHOT.jar:/home/runner/.m2/repository/com/google/inject/extensions/guice-multibindings/4.0/guice-multibindings-4.0.jar:/home/runner/.m2/repository/com/google/inject/guice/4.0/guice-4.0.jar:/home/runner/.m2/repository/aopalliance/aopalliance/1.0/aopalliance-1.0.jar:/home/runner/.m2/repository/com/google/inject/extensions/guice-assistedinject/4.0/guice-assistedinject-4.0.jar:/home/runner/.m2/repository/com/google/inject/extensions/guice-servlet/4.0/guice-servlet-4.0.jar:/home/runner/.m2/repository/org/glassfish/jersey/containers/jersey-container-servlet/2.33/jersey-container-servlet-2.33.jar:/home/runner/.m2/repository/org/glassfish/hk2/guice-bridge/2.5.0/guice-bridge-2.5.0.jar:/home/runner/.m2/repository/org/glassfish/jersey/core/jersey-server/2.33/jersey-server-2.33.jar:/home/runner/.m2/repository/org/glassfish/jersey/core/jersey-client/2.33/jersey-client-2.33.jar:/home/runner/.m2/repository/jakarta/annotation/jakarta.annotation-api/1.3.5/jakarta.annotation-api-1.3.5.jar:/home/runner/.m2/repository/jakarta/validation/jakarta.validation-api/2.0.2/jakarta.validation-api-2.0.2.jar:/home/runner/.m2/repository/org/glassfish/jersey/media/jersey-media-json-jackson/2.33/jersey-media-json-jackson-2.33.jar:/home/runner/.m2/repository/org/glassfish/jersey/ext/jersey-entity-filtering/2.33/jersey-entity-filtering-2.33.jar:/home/runner/.m2/repository/org/jooq/jooq/3.11.10/jooq-3.11.10.jar:/home/runner/.m2/repository/org/jooq/jooq-meta/3.11.10/jooq-meta-3.11.10.jar:/home/runner/.m2/repository/org/jooq/jooq-codegen/3.11.10/jooq-codegen-3.11.10.jar:/home/runner/.m2/repository/com/jolbox/bonecp/0.8.0.RELEASE/bonecp-0.8.0.RELEASE.jar:/home/runner/.m2/repository/org/apache/derby/derby/10.14.2.0/derby-10.14.2.0.jar:/home/runner/.m2/repository/org/xerial/sqlite-jdbc/3.25.2/sqlite-jdbc-3.25.2.jar:/home/runner/.m2/repository/org/springframework/spring-jdbc/5.2.11.RELEASE/spring-jdbc-5.2.11.RELEASE.jar:/home/runner/.m2/repository/org/springframework/spring-beans/5.2.11.RELEASE/spring-beans-5.2.11.RELEASE.jar:/home/runner/.m2/repository/org/springframework/spring-core/5.2.11.RELEASE/spring-core-5.2.11.RELEASE.jar:/home/runner/.m2/repository/org/springframework/spring-jcl/5.2.11.RELEASE/spring-jcl-5.2.11.RELEASE.jar:/home/runner/.m2/repository/org/springframework/spring-tx/5.2.11.RELEASE/spring-tx-5.2.11.RELEASE.jar:/home/runner/.m2/repository/org/apache/ozone/ozone-client/1.2.0-SNAPSHOT/ozone-client-1.2.0-SNAPSHOT.jar:/home/runner/.m2/repository/org/apache/ozone/ozone-filesystem/1.2.0-SNAPSHOT/ozone-filesystem-1.2.0-SNAPSHOT.jar:/home/runner/.m2/repository/org/apache/ozone/ozone-filesystem-common/1.2.0-SNAPSHOT/ozone-filesystem-common-1.2.0-SNAPSHOT.jar:/home/runner/.m2/repository/org/apache/ozone/ozone-tools/1.2.0-SNAPSHOT/ozone-tools-1.2.0-SNAPSHOT.jar:/home/runner/.m2/repository/org/apache/ratis/ratis-tools/2.1.0-03f3b68-SNAPSHOT/ratis-tools-2.1.0-03f3b68-SNAPSHOT.jar:/home/runner/.m2/repository/com/amazonaws/aws-java-sdk-core/1.11.901/aws-java-sdk-core-1.11.901.jar:/home/runner/.m2/repository/org/apache/httpcomponents/httpclient/4.5.13/httpclient-4.5.13.jar:/home/runner/.m2/repository/org/apache/httpcomponents/httpcore/4.4.13/httpcore-4.4.13.jar:/home/runner/.m2/repository/software/amazon/ion/ion-java/1.0.2/ion-java-1.0.2.jar:/home/runner/.m2/repository/com/fasterxml/jackson/dataformat/jackson-dataformat-cbor/2.12.1/jackson-dataformat-cbor-2.12.1.jar:/home/runner/.m2/repository/joda-time/joda-time/2.8.1/joda-time-2.8.1.jar:/home/runner/.m2/repository/com/amazonaws/aws-java-sdk-s3/1.11.901/aws-java-sdk-s3-1.11.901.jar:/home/runner/.m2/repository/com/amazonaws/aws-java-sdk-kms/1.11.901/aws-java-sdk-kms-1.11.901.jar:/home/runner/.m2/repository/com/amazonaws/jmespath-java/1.11.901/jmespath-java-1.11.901.jar:/home/runner/.m2/repository/org/kohsuke/metainf-services/metainf-services/1.8/metainf-services-1.8.jar:/home/runner/.m2/repository/org/apache/ozone/hdds-tools/1.2.0-SNAPSHOT/hdds-tools-1.2.0-SNAPSHOT.jar:/home/runner/.m2/repository/commons-cli/commons-cli/1.2/commons-cli-1.2.jar:/home/runner/.m2/repository/org/apache/commons/commons-lang3/3.7/commons-lang3-3.7.jar:/home/runner/.m2/repository/org/apache/ozone/ozone-manager/1.2.0-SNAPSHOT/ozone-manager-1.2.0-SNAPSHOT-tests.jar:/home/runner/.m2/repository/org/apache/ozone/hdds-common/1.2.0-SNAPSHOT/hdds-common-1.2.0-SNAPSHOT-tests.jar:/home/runner/.m2/repository/org/apache/ozone/hdds-hadoop-dependency-client/1.2.0-SNAPSHOT/hdds-hadoop-dependency-client-1.2.0-SNAPSHOT.jar:/home/runner/.m2/repository/info/picocli/picocli/4.6.1/picocli-4.6.1.jar:/home/runner/.m2/repository/com/fasterxml/jackson/core/jackson-annotations/2.12.1/jackson-annotations-2.12.1.jar:/home/runner/.m2/repository/javax/annotation/javax.annotation-api/1.2/javax.annotation-api-1.2.jar:/home/runner/.m2/repository/org/apache/ratis/ratis-server/2.1.0-03f3b68-SNAPSHOT/ratis-server-2.1.0-03f3b68-SNAPSHOT.jar:/home/runner/.m2/repository/org/apache/ratis/ratis-client/2.1.0-03f3b68-SNAPSHOT/ratis-client-2.1.0-03f3b68-SNAPSHOT.jar:/home/runner/.m2/repository/org/apache/ratis/ratis-server-api/2.1.0-03f3b68-SNAPSHOT/ratis-server-api-2.1.0-03f3b68-SNAPSHOT.jar:/home/runner/.m2/repository/org/apache/ratis/ratis-metrics/2.1.0-03f3b68-SNAPSHOT/ratis-metrics-2.1.0-03f3b68-SNAPSHOT.jar:/home/runner/.m2/repository/org/apache/ratis/ratis-netty/2.1.0-03f3b68-SNAPSHOT/ratis-netty-2.1.0-03f3b68-SNAPSHOT.jar:/home/runner/.m2/repository/org/apache/ratis/ratis-grpc/2.1.0-03f3b68-SNAPSHOT/ratis-grpc-2.1.0-03f3b68-SNAPSHOT.jar:/home/runner/.m2/repository/org/apache/logging/log4j/log4j-api/2.13.3/log4j-api-2.13.3.jar:/home/runner/.m2/repository/org/apache/logging/log4j/log4j-core/2.13.3/log4j-core-2.13.3.jar:/home/runner/.m2/repository/com/lmax/disruptor/3.4.2/disruptor-3.4.2.jar:/home/runner/.m2/repository/org/apache/commons/commons-pool2/2.6.0/commons-pool2-2.6.0.jar:/home/runner/.m2/repository/org/bouncycastle/bcpkix-jdk15on/1.67/bcpkix-jdk15on-1.67.jar:/home/runner/.m2/repository/commons-validator/commons-validator/1.6/commons-validator-1.6.jar:/home/runner/.m2/repository/commons-beanutils/commons-beanutils/1.9.4/commons-beanutils-1.9.4.jar:/home/runner/.m2/repository/commons-digester/commons-digester/1.8.1/commons-digester-1.8.1.jar:/home/runner/.m2/repository/commons-collections/commons-collections/3.2.2/commons-collections-3.2.2.jar:/home/runner/.m2/repository/io/jaegertracing/jaeger-client/1.6.0/jaeger-client-1.6.0.jar:/home/runner/.m2/repository/io/jaegertracing/jaeger-thrift/1.6.0/jaeger-thrift-1.6.0.jar:/home/runner/.m2/repository/org/apache/thrift/libthrift/0.14.1/libthrift-0.14.1.jar:/home/runner/.m2/repository/com/squareup/okhttp3/okhttp/4.9.0/okhttp-4.9.0.jar:/home/runner/.m2/repository/com/squareup/okio/okio/2.8.0/okio-2.8.0.jar:/home/runner/.m2/repository/io/jaegertracing/jaeger-core/1.6.0/jaeger-core-1.6.0.jar:/home/runner/.m2/repository/io/jaegertracing/jaeger-tracerresolver/1.6.0/jaeger-tracerresolver-1.6.0.jar:/home/runner/.m2/repository/io/opentracing/contrib/opentracing-tracerresolver/0.1.8/opentracing-tracerresolver-0.1.8.jar:/home/runner/.m2/repository/org/jetbrains/kotlin/kotlin-stdlib/1.4.31/kotlin-stdlib-1.4.31.jar:/home/runner/.m2/repository/org/jetbrains/kotlin/kotlin-stdlib-common/1.4.31/kotlin-stdlib-common-1.4.31.jar:/home/runner/.m2/repository/org/jetbrains/annotations/13.0/annotations-13.0.jar:/home/runner/.m2/repository/io/opentracing/opentracing-util/0.33.0/opentracing-util-0.33.0.jar:/home/runner/.m2/repository/io/opentracing/opentracing-api/0.33.0/opentracing-api-0.33.0.jar:/home/runner/.m2/repository/io/opentracing/opentracing-noop/0.33.0/opentracing-noop-0.33.0.jar:/home/runner/.m2/repository/org/yaml/snakeyaml/1.26/snakeyaml-1.26.jar:/home/runner/.m2/repository/org/apache/ozone/hdds-interface-admin/1.2.0-SNAPSHOT/hdds-interface-admin-1.2.0-SNAPSHOT.jar:/home/runner/.m2/repository/junit/junit/4.13.1/junit-4.13.1.jar:/home/runner/.m2/repository/org/hamcrest/hamcrest-core/1.3/hamcrest-core-1.3.jar:/home/runner/.m2/repository/org/junit/jupiter/junit-jupiter-api/5.7.0/junit-jupiter-api-5.7.0.jar:/home/runner/.m2/repository/org/apiguardian/apiguardian-api/1.1.0/apiguardian-api-1.1.0.jar:/home/runner/.m2/repository/org/opentest4j/opentest4j/1.2.0/opentest4j-1.2.0.jar:/home/runner/.m2/repository/org/junit/platform/junit-platform-commons/1.7.0/junit-platform-commons-1.7.0.jar:/home/runner/.m2/repository/org/junit/jupiter/junit-jupiter-engine/5.7.0/junit-jupiter-engine-5.7.0.jar:/home/runner/.m2/repository/org/junit/platform/junit-platform-engine/1.7.0/junit-platform-engine-1.7.0.jar:/home/runner/.m2/repository/org/junit/vintage/junit-vintage-engine/5.7.0/junit-vintage-engine-5.7.0.jar:/home/runner/.m2/repository/org/junit/platform/junit-platform-launcher/1.7.0/junit-platform-launcher-1.7.0.jar:/home/runner/.m2/repository/org/openjdk/jmh/jmh-core/1.19/jmh-core-1.19.jar:/home/runner/.m2/repository/net/sf/jopt-simple/jopt-simple/4.6/jopt-simple-4.6.jar:/home/runner/.m2/repository/org/apache/commons/commons-math3/3.1.1/commons-math3-3.1.1.jar:/home/runner/.m2/repository/org/openjdk/jmh/jmh-generator-annprocess/1.19/jmh-generator-annprocess-1.19.jar:/home/runner/.m2/repository/org/mockito/mockito-core/2.28.2/mockito-core-2.28.2.jar:/home/runner/.m2/repository/net/bytebuddy/byte-buddy/1.9.10/byte-buddy-1.9.10.jar:/home/runner/.m2/repository/net/bytebuddy/byte-buddy-agent/1.9.10/byte-buddy-agent-1.9.10.jar:/home/runner/.m2/repository/org/objenesis/objenesis/1.0/objenesis-1.0.jar:/home/runner/.m2/repository/org/apache/hadoop/hadoop-kms/3.3.1/hadoop-kms-3.3.1.jar:/home/runner/.m2/repository/org/apache/hadoop/hadoop-auth/3.3.1/hadoop-auth-3.3.1.jar:/home/runner/.m2/repository/com/nimbusds/nimbus-jose-jwt/7.9/nimbus-jose-jwt-7.9.jar:/home/runner/.m2/repository/com/github/stephenc/jcip/jcip-annotations/1.0-1/jcip-annotations-1.0-1.jar:/home/runner/.m2/repository/net/minidev/json-smart/2.3/json-smart-2.3.jar:/home/runner/.m2/repository/net/minidev/accessors-smart/1.2/accessors-smart-1.2.jar:/home/runner/.m2/repository/org/ow2/asm/asm/5.0.4/asm-5.0.4.jar:/home/runner/.m2/repository/org/apache/zookeeper/zookeeper/3.5.6/zookeeper-3.5.6.jar:/home/runner/.m2/repository/org/apache/zookeeper/zookeeper-jute/3.5.6/zookeeper-jute-3.5.6.jar:/home/runner/.m2/repository/org/apache/yetus/audience-annotations/0.5.0/audience-annotations-0.5.0.jar:/home/runner/.m2/repository/org/apache/curator/curator-framework/4.2.0/curator-framework-4.2.0.jar:/home/runner/.m2/repository/org/apache/hadoop/thirdparty/hadoop-shaded-guava/1.1.1/hadoop-shaded-guava-1.1.1.jar:/home/runner/.m2/repository/com/sun/jersey/jersey-core/1.19/jersey-core-1.19.jar:/home/runner/.m2/repository/javax/ws/rs/jsr311-api/1.1.1/jsr311-api-1.1.1.jar:/home/runner/.m2/repository/com/sun/jersey/jersey-server/1.19/jersey-server-1.19.jar:/home/runner/.m2/repository/javax/servlet/javax.servlet-api/3.1.0/javax.servlet-api-3.1.0.jar:/home/runner/.m2/repository/org/eclipse/jetty/jetty-server/9.4.43.v20210629/jetty-server-9.4.43.v20210629.jar:/home/runner/.m2/repository/org/eclipse/jetty/jetty-http/9.4.43.v20210629/jetty-http-9.4.43.v20210629.jar:/home/runner/.m2/repository/org/eclipse/jetty/jetty-io/9.4.43.v20210629/jetty-io-9.4.43.v20210629.jar:/home/runner/.m2/repository/org/eclipse/jetty/jetty-webapp/9.4.43.v20210629/jetty-webapp-9.4.43.v20210629.jar:/home/runner/.m2/repository/org/eclipse/jetty/jetty-xml/9.4.43.v20210629/jetty-xml-9.4.43.v20210629.jar:/home/runner/.m2/repository/org/apache/hadoop/hadoop-common/3.3.1/hadoop-common-3.3.1.jar:/home/runner/.m2/repository/commons-net/commons-net/3.6/commons-net-3.6.jar:/home/runner/.m2/repository/jakarta/activation/jakarta.activation-api/1.2.1/jakarta.activation-api-1.2.1.jar:/home/runner/.m2/repository/com/sun/jersey/jersey-servlet/1.19/jersey-servlet-1.19.jar:/home/runner/.m2/repository/com/sun/jersey/jersey-json/1.19/jersey-json-1.19.jar:/home/runner/.m2/repository/org/codehaus/jettison/jettison/1.1/jettison-1.1.jar:/home/runner/.m2/repository/com/sun/xml/bind/jaxb-impl/2.2.3-1/jaxb-impl-2.2.3-1.jar:/home/runner/.m2/repository/org/codehaus/jackson/jackson-jaxrs/1.9.2/jackson-jaxrs-1.9.2.jar:/home/runner/.m2/repository/org/codehaus/jackson/jackson-xc/1.9.2/jackson-xc-1.9.2.jar:/home/runner/.m2/repository/org/apache/commons/commons-configuration2/2.1.1/commons-configuration2-2.1.1.jar:/home/runner/.m2/repository/org/apache/commons/commons-text/1.4/commons-text-1.4.jar:/home/runner/.m2/repository/com/google/re2j/re2j/1.1/re2j-1.1.jar:/home/runner/.m2/repository/com/jcraft/jsch/0.1.54/jsch-0.1.54.jar:/home/runner/.m2/repository/org/apache/curator/curator-client/4.2.0/curator-client-4.2.0.jar:/home/runner/.m2/repository/org/apache/curator/curator-recipes/4.2.0/curator-recipes-4.2.0.jar:/home/runner/.m2/repository/org/apache/kerby/kerb-core/1.0.1/kerb-core-1.0.1.jar:/home/runner/.m2/repository/org/apache/kerby/kerby-pkix/1.0.1/kerby-pkix-1.0.1.jar:/home/runner/.m2/repository/org/apache/kerby/kerby-asn1/1.0.1/kerby-asn1-1.0.1.jar:/home/runner/.m2/repository/org/apache/kerby/kerby-util/1.0.1/kerby-util-1.0.1.jar:/home/runner/.m2/repository/dnsjava/dnsjava/2.1.7/dnsjava-2.1.7.jar:/home/runner/.m2/repository/org/xerial/snappy/snappy-java/1.1.8.2/snappy-java-1.1.8.2.jar:/home/runner/.m2/repository/org/slf4j/jul-to-slf4j/1.7.30/jul-to-slf4j-1.7.30.jar:/home/runner/.m2/repository/org/eclipse/jetty/jetty-util/9.4.43.v20210629/jetty-util-9.4.43.v20210629.jar:/home/runner/.m2/repository/com/fasterxml/jackson/core/jackson-databind/2.12.1/jackson-databind-2.12.1.jar:/home/runner/.m2/repository/org/apache/hadoop/hadoop-kms/3.3.1/hadoop-kms-3.3.1-tests.jar:/home/runner/.m2/repository/org/apache/ozone/hdds-server-scm/1.2.0-SNAPSHOT/hdds-server-scm-1.2.0-SNAPSHOT-tests.jar:/home/runner/.m2/repository/org/apache/ozone/hdds-container-service/1.2.0-SNAPSHOT/hdds-container-service-1.2.0-SNAPSHOT-tests.jar:/home/runner/.m2/repository/commons-codec/commons-codec/1.11/commons-codec-1.11.jar:/home/runner/.m2/repository/io/netty/netty-transport/4.1.63.Final/netty-transport-4.1.63.Final.jar:/home/runner/.m2/repository/io/netty/netty-resolver/4.1.63.Final/netty-resolver-4.1.63.Final.jar:/home/runner/.m2/repository/io/netty/netty-codec/4.1.63.Final/netty-codec-4.1.63.Final.jar:/home/runner/.m2/repository/io/netty/netty-handler/4.1.63.Final/netty-handler-4.1.63.Final.jar:/home/runner/.m2/repository/org/apache/ozone/hdds-hadoop-dependency-test/1.2.0-SNAPSHOT/hdds-hadoop-dependency-test-1.2.0-SNAPSHOT.jar:/home/runner/.m2/repository/org/apache/hadoop/hadoop-common/3.3.1/hadoop-common-3.3.1-tests.jar:/home/runner/.m2/repository/org/assertj/assertj-core/3.12.2/assertj-core-3.12.2.jar:/home/runner/.m2/repository/org/apache/hadoop/hadoop-hdfs/3.3.1/hadoop-hdfs-3.3.1-tests.jar:/home/runner/.m2/repository/org/eclipse/jetty/jetty-util-ajax/9.4.43.v20210629/jetty-util-ajax-9.4.43.v20210629.jar:/home/runner/.m2/repository/commons-daemon/commons-daemon/1.0.13/commons-daemon-1.0.13.jar:/home/runner/.m2/repository/io/netty/netty/3.10.6.Final/netty-3.10.6.Final.jar:/home/runner/.m2/repository/io/netty/netty-all/4.1.63.Final/netty-all-4.1.63.Final.jar:/home/runner/.m2/repository/org/apache/htrace/htrace-core4/4.1.0-incubating/htrace-core4-4.1.0-incubating.jar:/home/runner/.m2/repository/org/fusesource/leveldbjni/leveldbjni-all/1.8/leveldbjni-all-1.8.jar:/home/runner/.m2/repository/org/apache/hadoop/hadoop-distcp/3.3.1/hadoop-distcp-3.3.1.jar:/home/runner/.m2/repository/org/apache/hadoop/hadoop-mapreduce-client-jobclient/3.3.1/hadoop-mapreduce-client-jobclient-3.3.1.jar:/home/runner/.m2/repository/org/apache/hadoop/hadoop-mapreduce-client-common/3.3.1/hadoop-mapreduce-client-common-3.3.1.jar:/home/runner/.m2/repository/org/apache/hadoop/hadoop-yarn-common/3.3.1/hadoop-yarn-common-3.3.1.jar:/home/runner/.m2/repository/org/apache/hadoop/hadoop-yarn-api/3.3.1/hadoop-yarn-api-3.3.1.jar:/home/runner/.m2/repository/com/sun/jersey/jersey-client/1.19/jersey-client-1.19.jar:/home/runner/.m2/repository/com/sun/jersey/contribs/jersey-guice/1.19/jersey-guice-1.19.jar:/home/runner/.m2/repository/com/fasterxml/jackson/jaxrs/jackson-jaxrs-json-provider/2.12.1/jackson-jaxrs-json-provider-2.12.1.jar:/home/runner/.m2/repository/com/fasterxml/jackson/jaxrs/jackson-jaxrs-base/2.12.1/jackson-jaxrs-base-2.12.1.jar:/home/runner/.m2/repository/org/apache/hadoop/hadoop-yarn-client/3.3.1/hadoop-yarn-client-3.3.1.jar:/home/runner/.m2/repository/org/eclipse/jetty/websocket/websocket-client/9.4.40.v20210413/websocket-client-9.4.40.v20210413.jar:/home/runner/.m2/repository/org/eclipse/jetty/jetty-client/9.4.40.v20210413/jetty-client-9.4.40.v20210413.jar:/home/runner/.m2/repository/org/eclipse/jetty/websocket/websocket-common/9.4.40.v20210413/websocket-common-9.4.40.v20210413.jar:/home/runner/.m2/repository/org/eclipse/jetty/websocket/websocket-api/9.4.40.v20210413/websocket-api-9.4.40.v20210413.jar:/home/runner/.m2/repository/org/jline/jline/3.9.0/jline-3.9.0.jar:/home/runner/.m2/repository/org/apache/hadoop/hadoop-mapreduce-client-core/3.3.1/hadoop-mapreduce-client-core-3.3.1.jar:/home/runner/.m2/repository/org/apache/avro/avro/1.7.7/avro-1.7.7.jar:/home/runner/.m2/repository/org/codehaus/jackson/jackson-core-asl/1.9.13/jackson-core-asl-1.9.13.jar:/home/runner/.m2/repository/org/codehaus/jackson/jackson-mapper-asl/1.9.13/jackson-mapper-asl-1.9.13.jar:/home/runner/.m2/repository/com/thoughtworks/paranamer/paranamer/2.3/paranamer-2.3.jar:/home/runner/.m2/repository/org/apache/hadoop/hadoop-annotations/3.3.1/hadoop-annotations-3.3.1.jar:/usr/lib/jvm/adoptopenjdk-8-hotspot-amd64/jre/../lib/tools.jar:/home/runner/.m2/repository/org/apache/hadoop/hadoop-distcp/3.3.1/hadoop-distcp-3.3.1-tests.jar:/home/runner/.m2/repository/org/apache/ratis/ratis-common/2.1.0-03f3b68-SNAPSHOT/ratis-common-2.1.0-03f3b68-SNAPSHOT.jar:/home/runner/.m2/repository/org/apache/ratis/ratis-thirdparty-misc/0.7.0/ratis-thirdparty-misc-0.7.0.jar:/home/runner/.m2/repository/org/apache/ratis/ratis-proto/2.1.0-03f3b68-SNAPSHOT/ratis-proto-2.1.0-03f3b68-SNAPSHOT.jar:"/>
    <property name="sun.cpu.endian" value="little"/>
    <property name="user.home" value="/home/runner"/>
    <property name="user.language" value="en"/>
    <property name="java.specification.vendor" value="Oracle Corporation"/>
    <property name="java.home" value="/usr/lib/jvm/adoptopenjdk-8-hotspot-amd64/jre"/>
    <property name="java.security.krb5.conf" value="/home/runner/work/ozone/ozone/hadoop-ozone/integration-test/target/test-classes/krb5.conf"/>
    <property name="basedir" value="/home/runner/work/ozone/ozone/hadoop-ozone/integration-test"/>
    <property name="file.separator" value="/"/>
    <property name="line.separator" value="&#10;"/>
    <property name="java.vm.specification.vendor" value="Oracle Corporation"/>
    <property name="java.specification.name" value="Java Platform API Specification"/>
    <property name="java.awt.graphicsenv" value="sun.awt.X11GraphicsEnvironment"/>
    <property name="skip.installnpx" value="true"/>
    <property name="surefire.real.class.path" value="/home/runner/work/ozone/ozone/hadoop-ozone/integration-test/target/surefire/surefirebooter5287756076431457900.jar:/home/runner/.m2/repository/org/jacoco/org.jacoco.agent/0.8.5/org.jacoco.agent-0.8.5-runtime.jar"/>
    <property name="hadoop.log.dir" value="/home/runner/work/ozone/ozone/hadoop-ozone/integration-test/target/log"/>
    <property name="sun.boot.class.path" value="/usr/lib/jvm/adoptopenjdk-8-hotspot-amd64/jre/lib/resources.jar:/usr/lib/jvm/adoptopenjdk-8-hotspot-amd64/jre/lib/rt.jar:/usr/lib/jvm/adoptopenjdk-8-hotspot-amd64/jre/lib/sunrsasign.jar:/usr/lib/jvm/adoptopenjdk-8-hotspot-amd64/jre/lib/jsse.jar:/usr/lib/jvm/adoptopenjdk-8-hotspot-amd64/jre/lib/jce.jar:/usr/lib/jvm/adoptopenjdk-8-hotspot-amd64/jre/lib/charsets.jar:/usr/lib/jvm/adoptopenjdk-8-hotspot-amd64/jre/lib/jfr.jar:/usr/lib/jvm/adoptopenjdk-8-hotspot-amd64/jre/classes"/>
    <property name="sun.management.compiler" value="HotSpot 64-Bit Tiered Compilers"/>
    <property name="skip.npx" value="true"/>
    <property name="java.runtime.version" value="1.8.0_292-b10"/>
    <property name="java.net.preferIPv4Stack" value="true"/>
    <property name="user.name" value="runner"/>
    <property name="path.separator" value=":"/>
    <property name="java.security.egd" value="file:///dev/urandom"/>
    <property name="os.version" value="5.4.0-1056-azure"/>
    <property name="java.endorsed.dirs" value="/usr/lib/jvm/adoptopenjdk-8-hotspot-amd64/jre/lib/endorsed"/>
    <property name="java.runtime.name" value="OpenJDK Runtime Environment"/>
    <property name="file.encoding" value="UTF-8"/>
    <property name="java.vm.name" value="OpenJDK 64-Bit Server VM"/>
    <property name="test.build.webapps" value=""/>
    <property name="localRepository" value="/home/runner/.m2/repository"/>
    <property name="java.vendor.url.bug" value="https://github.com/AdoptOpenJDK/openjdk-support/issues"/>
    <property name="java.io.tmpdir" value="/tmp"/>
    <property name="require.test.libhadoop" value=""/>
    <property name="java.version" value="1.8.0_292"/>
    <property name="user.dir" value="/home/runner/work/ozone/ozone/hadoop-ozone/integration-test"/>
    <property name="os.arch" value="amd64"/>
    <property name="java.vm.specification.name" value="Java Virtual Machine Specification"/>
    <property name="test.build.classes" value="/home/runner/work/ozone/ozone/hadoop-ozone/integration-test/target/test-classes"/>
    <property name="java.awt.printerjob" value="sun.print.PSPrinterJob"/>
    <property name="sun.os.patch.level" value="unknown"/>
    <property name="hadoop.tmp.dir" value="/home/runner/work/ozone/ozone/hadoop-ozone/integration-test/target/tmp"/>
    <property name="java.library.path" value="/usr/java/packages/lib/amd64:/usr/lib64:/lib64:/lib:/usr/lib"/>
    <property name="java.vm.info" value="mixed mode"/>
    <property name="java.vendor" value="AdoptOpenJDK"/>
    <property name="java.vm.version" value="25.292-b10"/>
    <property name="java.ext.dirs" value="/usr/lib/jvm/adoptopenjdk-8-hotspot-amd64/jre/lib/ext:/usr/java/packages/lib/ext"/>
    <property name="sun.io.unicode.encoding" value="UnicodeLittle"/>
    <property name="java.class.version" value="52.0"/>
  </properties>
  <testcase name="testMultipleDataDirs" classname="org.apache.hadoop.ozone.TestMiniOzoneCluster" time="22.648"/>
  <testcase name="testStartMultipleDatanodes" classname="org.apache.hadoop.ozone.TestMiniOzoneCluster" time="76.274">
    <error message="test timed out after 60000 milliseconds" type="org.junit.runners.model.TestTimedOutException">org.junit.runners.model.TestTimedOutException: test timed out after 60000 milliseconds
	at java.lang.Thread.sleep(Native Method)
	at org.apache.ozone.test.GenericTestUtils.waitFor(GenericTestUtils.java:218)
	at org.apache.hadoop.ozone.MiniOzoneClusterImpl.waitForClusterToBeReady(MiniOzoneClusterImpl.java:228)
	at org.apache.hadoop.ozone.TestMiniOzoneCluster.testStartMultipleDatanodes(TestMiniOzoneCluster.java:117)
	at sun.reflect.NativeMethodAccessorImpl.invoke0(Native Method)
	at sun.reflect.NativeMethodAccessorImpl.invoke(NativeMethodAccessorImpl.java:62)
	at sun.reflect.DelegatingMethodAccessorImpl.invoke(DelegatingMethodAccessorImpl.java:43)
	at java.lang.reflect.Method.invoke(Method.java:498)
	at org.junit.runners.model.FrameworkMethod$1.runReflectiveCall(FrameworkMethod.java:59)
	at org.junit.internal.runners.model.ReflectiveCallable.run(ReflectiveCallable.java:12)
	at org.junit.runners.model.FrameworkMethod.invokeExplosively(FrameworkMethod.java:56)
	at org.junit.internal.runners.statements.InvokeMethod.evaluate(InvokeMethod.java:17)
	at org.junit.internal.runners.statements.FailOnTimeout$CallableStatement.call(FailOnTimeout.java:288)
	at org.junit.internal.runners.statements.FailOnTimeout$CallableStatement.call(FailOnTimeout.java:282)
	at java.util.concurrent.FutureTask.run(FutureTask.java:266)
	at java.lang.Thread.run(Thread.java:748)
</error>
    <system-out><![CDATA[2021-09-24 06:39:31,328 [Time-limited test] WARN  server.ServerUtils (ServerUtils.java:getScmDbDir(148)) - ozone.scm.db.dirs is not configured. We recommend adding this setting. Falling back to ozone.metadata.dirs instead.
2021-09-24 06:39:31,331 [Time-limited test] INFO  ha.SCMHANodeDetails (SCMHANodeDetails.java:loadSCMHAConfig(157)) - ServiceID for StorageContainerManager is null
2021-09-24 06:39:31,331 [Time-limited test] INFO  ha.SCMHANodeDetails (SCMHANodeDetails.java:loadSCMHAConfig(162)) - ozone.scm.default.service.id is not defined, falling back to ozone.scm.service.ids to find serviceID for StorageContainerManager if it is HA enabled cluster
2021-09-24 06:39:31,332 [Time-limited test] WARN  server.ServerUtils (ServerUtils.java:getScmDbDir(148)) - ozone.scm.db.dirs is not configured. We recommend adding this setting. Falling back to ozone.metadata.dirs instead.
2021-09-24 06:39:31,332 [Time-limited test] INFO  upgrade.AbstractLayoutVersionManager (AbstractLayoutVersionManager.java:init(79)) - Initializing Layout version manager with metadata layout = SCM_HA (version = 2), software layout = SCM_HA (version = 2)
2021-09-24 06:39:31,375 [Time-limited test] INFO  reflections.Reflections (Reflections.java:scan(232)) - Reflections took 40 ms to scan 7 urls, producing 119 keys and 275 values 
2021-09-24 06:39:31,380 [Time-limited test] WARN  utils.HAUtils (HAUtils.java:getMetaDir(342)) - ozone.scm.db.dirs is not configured. We recommend adding this setting. Falling back to ozone.metadata.dirs instead.
2021-09-24 06:39:31,387 [Time-limited test] WARN  db.DBStoreBuilder (DBStoreBuilder.java:applyDBDefinition(145)) - ozone.scm.db.dirs is not configured. We recommend adding this setting. Falling back to ozone.metadata.dirs instead.
2021-09-24 06:39:31,481 [Time-limited test] INFO  net.NodeSchemaLoader (NodeSchemaLoader.java:loadSchemaFromFile(129)) - Loading schema from [jar:file:/home/runner/.m2/repository/org/apache/ozone/hdds-common/1.2.0-SNAPSHOT/hdds-common-1.2.0-SNAPSHOT.jar!/network-topology-default.xml]
2021-09-24 06:39:31,487 [Time-limited test] INFO  net.NodeSchemaLoader (NodeSchemaLoader.java:loadSchema(176)) - Loading network topology layer schema file
2021-09-24 06:39:31,493 [Time-limited test] INFO  ha.SequenceIdGenerator (SequenceIdGenerator.java:upgradeToSequenceId(327)) - upgrade localId to 107544261427200000
2021-09-24 06:39:31,493 [Time-limited test] INFO  ha.SequenceIdGenerator (SequenceIdGenerator.java:upgradeToSequenceId(337)) - upgrade delTxnId to 0
2021-09-24 06:39:31,493 [Time-limited test] INFO  ha.SequenceIdGenerator (SequenceIdGenerator.java:upgradeToSequenceId(351)) - upgrade containerId to 0
2021-09-24 06:39:31,493 [Time-limited test] INFO  ha.SequenceIdGenerator (SequenceIdGenerator.java:<init>(217)) - Init the HA SequenceIdGenerator.
2021-09-24 06:39:31,494 [Time-limited test] WARN  server.ServerUtils (ServerUtils.java:sanitizeUserArgs(73)) - ozone.scm.stale.node.interval value = 300000 is larger than max = 100000 based on the key value of ozone.scm.heartbeat.thread.interval, reset to the max value 100000.
2021-09-24 06:39:31,494 [Time-limited test] WARN  server.ServerUtils (ServerUtils.java:sanitizeUserArgs(73)) - ozone.scm.stale.node.interval value = 300000 is larger than max = 100000 based on the key value of ozone.scm.heartbeat.thread.interval, reset to the max value 100000.
2021-09-24 06:39:31,494 [Time-limited test] INFO  node.SCMNodeManager (SCMNodeManager.java:<init>(144)) - Entering startup safe mode.
2021-09-24 06:39:31,495 [Time-limited test] INFO  algorithms.ContainerPlacementPolicyFactory (ContainerPlacementPolicyFactory.java:getPolicy(60)) - Create container placement policy of type org.apache.hadoop.hdds.scm.container.placement.algorithms.SCMContainerPlacementRandom
2021-09-24 06:39:31,495 [Time-limited test] INFO  pipeline.PipelineStateManager (PipelineStateManagerV2Impl.java:initialize(78)) - No pipeline exists in current db
2021-09-24 06:39:31,495 [Time-limited test] INFO  algorithms.LeaderChoosePolicyFactory (LeaderChoosePolicyFactory.java:getPolicy(57)) - Create leader choose policy of type org.apache.hadoop.hdds.scm.pipeline.leader.choose.algorithms.MinLeaderCountChoosePolicy
2021-09-24 06:39:31,496 [Time-limited test] INFO  ha.SCMServiceManager (SCMServiceManager.java:register(43)) - Registering service BackgroundPipelineCreator.
2021-09-24 06:39:31,496 [Time-limited test] INFO  pipeline.BackgroundPipelineCreator (BackgroundPipelineCreatorV2.java:start(130)) - Starting RatisPipelineUtilsThread.
2021-09-24 06:39:31,503 [Time-limited test] INFO  algorithms.PipelineChoosePolicyFactory (PipelineChoosePolicyFactory.java:createPipelineChoosePolicyFromClass(73)) - Create pipeline choose policy of type org.apache.hadoop.hdds.scm.pipeline.choose.algorithms.RandomPipelineChoosePolicy
2021-09-24 06:39:31,504 [Time-limited test] INFO  ha.SCMServiceManager (SCMServiceManager.java:register(43)) - Registering service SCMBlockDeletingService.
2021-09-24 06:39:31,504 [Time-limited test] INFO  ha.SCMServiceManager (SCMServiceManager.java:register(43)) - Registering service ReplicationManager.
2021-09-24 06:39:31,504 [Time-limited test] INFO  container.ReplicationManager (ReplicationManager.java:start(319)) - Starting Replication Monitor Thread.
2021-09-24 06:39:31,510 [Time-limited test] INFO  safemode.ContainerSafeModeRule (ContainerSafeModeRule.java:<init>(89)) - containers with one replica threshold count 0
2021-09-24 06:39:31,511 [Time-limited test] INFO  safemode.HealthyPipelineSafeModeRule (HealthyPipelineSafeModeRule.java:initializeRule(156)) - Total pipeline count is 0, healthy pipeline threshold count is 1
2021-09-24 06:39:31,515 [Time-limited test] INFO  safemode.OneReplicaPipelineSafeModeRule (OneReplicaPipelineSafeModeRule.java:initializeRule(180)) - Total pipeline count is 0, pipeline's with at least one datanode reported threshold count is 0
2021-09-24 06:39:31,517 [ReplicationMonitor] INFO  container.ReplicationManager (ReplicationManager.java:processAll(371)) - Replication Monitor Thread took 0 milliseconds for processing 0 containers.
2021-09-24 06:39:31,517 [Time-limited test] INFO  ipc.CallQueueManager (CallQueueManager.java:<init>(90)) - Using callQueue: class java.util.concurrent.LinkedBlockingQueue, queueCapacity: 2000, scheduler: class org.apache.hadoop.ipc.DefaultRpcScheduler, ipcBackoff: false.
2021-09-24 06:39:31,522 [Socket Reader #1 for port 0] INFO  ipc.Server (Server.java:run(1265)) - Starting Socket Reader #1 for port 0
2021-09-24 06:39:31,523 [Listener at 0.0.0.0/38197] INFO  ipc.CallQueueManager (CallQueueManager.java:<init>(90)) - Using callQueue: class java.util.concurrent.LinkedBlockingQueue, queueCapacity: 2000, scheduler: class org.apache.hadoop.ipc.DefaultRpcScheduler, ipcBackoff: false.
2021-09-24 06:39:31,526 [Socket Reader #1 for port 0] INFO  ipc.Server (Server.java:run(1265)) - Starting Socket Reader #1 for port 0
2021-09-24 06:39:31,527 [Listener at 0.0.0.0/34581] INFO  ipc.CallQueueManager (CallQueueManager.java:<init>(90)) - Using callQueue: class java.util.concurrent.LinkedBlockingQueue, queueCapacity: 2000, scheduler: class org.apache.hadoop.ipc.DefaultRpcScheduler, ipcBackoff: false.
2021-09-24 06:39:31,529 [Socket Reader #1 for port 0] INFO  ipc.Server (Server.java:run(1265)) - Starting Socket Reader #1 for port 0
2021-09-24 06:39:31,587 [Listener at 0.0.0.0/46067] INFO  algorithms.ContainerPlacementPolicyFactory (ContainerPlacementPolicyFactory.java:getPolicy(60)) - Create container placement policy of type org.apache.hadoop.hdds.scm.container.placement.algorithms.SCMContainerPlacementRandom
2021-09-24 06:39:31,588 [Listener at 0.0.0.0/46067] INFO  server.StorageContainerManager (StorageContainerManager.java:<init>(387)) - 
Container Balancer status:
Key                            Value
Running                        false
Container Balancer Configuration values:
Key                                                Value
Threshold                                          0.1
Max Datanodes to Involve per Iteration(ratio)      0.5
Max Size to Move per Iteration                     10737418240B

2021-09-24 06:39:31,588 [Listener at 0.0.0.0/46067] WARN  events.EventQueue (EventQueue.java:fireEvent(194)) - No event handler registered for event TypedEvent{payloadType=SafeModeStatus, name='Safe mode status'}
2021-09-24 06:39:31,588 [Listener at 0.0.0.0/46067] INFO  ha.SCMContext (SCMContext.java:updateSafeModeStatus(205)) - Update SafeModeStatus from SafeModeStatus{safeModeStatus=true, preCheckPassed=false} to SafeModeStatus{safeModeStatus=true, preCheckPassed=false}.
2021-09-24 06:39:31,588 [Listener at 0.0.0.0/46067] INFO  server.StorageContainerManager (StorageContainerManager.java:start(1279)) - StorageContainerLocationProtocol RPC server is listening at /0.0.0.0:46067
2021-09-24 06:39:31,590 [Listener at 0.0.0.0/46067] WARN  impl.MetricsConfig (MetricsConfig.java:loadFirst(136)) - Cannot locate configuration: tried hadoop-metrics2-storagecontainermanager.properties,hadoop-metrics2.properties
2021-09-24 06:39:31,598 [Listener at 0.0.0.0/46067] INFO  impl.MetricsSystemImpl (MetricsSystemImpl.java:startTimer(378)) - Scheduled Metric snapshot period at 10 second(s).
2021-09-24 06:39:31,598 [Listener at 0.0.0.0/46067] INFO  impl.MetricsSystemImpl (MetricsSystemImpl.java:start(191)) - StorageContainerManager metrics system started
2021-09-24 06:39:31,605 [Listener at 0.0.0.0/46067] INFO  impl.MetricsSinkAdapter (MetricsSinkAdapter.java:start(204)) - Sink prometheus started
2021-09-24 06:39:31,606 [Listener at 0.0.0.0/46067] INFO  impl.MetricsSystemImpl (MetricsSystemImpl.java:registerSink(305)) - Registered sink prometheus
2021-09-24 06:39:31,632 [Listener at 0.0.0.0/46067] INFO  server.SCMClientProtocolServer (SCMClientProtocolServer.java:start(164)) - RPC server for Client  is listening at /0.0.0.0:46067
2021-09-24 06:39:31,633 [IPC Server Responder] INFO  ipc.Server (Server.java:run(1507)) - IPC Server Responder: starting
2021-09-24 06:39:31,633 [IPC Server listener on 0] INFO  ipc.Server (Server.java:run(1344)) - IPC Server listener on 0: starting
2021-09-24 06:39:31,650 [Listener at 0.0.0.0/46067] INFO  server.StorageContainerManager (StorageContainerManager.java:start(1294)) - ScmBlockLocationProtocol RPC server is listening at /0.0.0.0:34581
2021-09-24 06:39:31,650 [Listener at 0.0.0.0/46067] INFO  server.SCMBlockProtocolServer (SCMBlockProtocolServer.java:start(151)) - RPC server for Block Protocol is listening at /0.0.0.0:34581
2021-09-24 06:39:31,651 [IPC Server Responder] INFO  ipc.Server (Server.java:run(1507)) - IPC Server Responder: starting
2021-09-24 06:39:31,651 [IPC Server listener on 0] INFO  ipc.Server (Server.java:run(1344)) - IPC Server listener on 0: starting
2021-09-24 06:39:31,658 [Listener at 0.0.0.0/46067] INFO  server.StorageContainerManager (StorageContainerManager.java:start(1300)) - ScmDatanodeProtocl RPC server is listening at /0.0.0.0:38197
2021-09-24 06:39:31,658 [Listener at 0.0.0.0/46067] INFO  server.SCMDatanodeProtocolServer (SCMDatanodeProtocolServer.java:start(181)) - RPC server for DataNodes is listening at /0.0.0.0:38197
2021-09-24 06:39:31,659 [IPC Server Responder] INFO  ipc.Server (Server.java:run(1507)) - IPC Server Responder: starting
2021-09-24 06:39:31,659 [IPC Server listener on 0] INFO  ipc.Server (Server.java:run(1344)) - IPC Server listener on 0: starting
2021-09-24 06:39:31,667 [Listener at 0.0.0.0/46067] INFO  http.BaseHttpServer (BaseHttpServer.java:newHttpServer2BuilderForOzone(209)) - Starting Web-server for scm at: http://0.0.0.0:0
2021-09-24 06:39:31,667 [Listener at 0.0.0.0/46067] INFO  http.BaseHttpServer (BaseHttpServer.java:<init>(107)) - Hadoop Security Enabled: false Ozone Security Enabled: false Ozone HTTP Security Enabled: false 
2021-09-24 06:39:31,668 [Listener at 0.0.0.0/46067] INFO  server.AuthenticationFilter (AuthenticationFilter.java:constructSecretProvider(240)) - Unable to initialize FileSignerSecretProvider, falling back to use random secrets.
2021-09-24 06:39:31,669 [org.apache.hadoop.util.JvmPauseMonitor$Monitor@658f3679] INFO  util.JvmPauseMonitor (JvmPauseMonitor.java:run(188)) - Starting JVM pause monitor
2021-09-24 06:39:31,669 [Listener at 0.0.0.0/46067] WARN  http.HttpRequestLog (HttpRequestLog.java:getRequestLog(103)) - Jetty request log can only be enabled using Log4j
2021-09-24 06:39:31,670 [Listener at 0.0.0.0/46067] INFO  http.HttpServer2 (HttpServer2.java:addGlobalFilter(1030)) - Added global filter 'safety' (class=org.apache.hadoop.hdds.server.http.HttpServer2$QuotingInputFilter)
2021-09-24 06:39:31,671 [Listener at 0.0.0.0/46067] INFO  http.HttpServer2 (HttpServer2.java:addFilter(1006)) - Added filter static_user_filter (class=org.apache.hadoop.http.lib.StaticUserWebFilter$StaticUserFilter) to context scm
2021-09-24 06:39:31,671 [Listener at 0.0.0.0/46067] INFO  http.HttpServer2 (HttpServer2.java:addFilter(1014)) - Added filter static_user_filter (class=org.apache.hadoop.http.lib.StaticUserWebFilter$StaticUserFilter) to context static
2021-09-24 06:39:31,671 [Listener at 0.0.0.0/46067] INFO  http.HttpServer2 (HttpServer2.java:addFilter(1014)) - Added filter static_user_filter (class=org.apache.hadoop.http.lib.StaticUserWebFilter$StaticUserFilter) to context logs
2021-09-24 06:39:31,672 [Listener at 0.0.0.0/46067] INFO  http.HttpServer2 (HttpServer2.java:bindListener(1249)) - Jetty bound to port 44057
2021-09-24 06:39:31,674 [Listener at 0.0.0.0/46067] INFO  server.Server (Server.java:doStart(375)) - jetty-9.4.43.v20210629; built: 2021-06-30T11:07:22.254Z; git: 526006ecfa3af7f1a27ef3a288e2bef7ea9dd7e8; jvm 1.8.0_292-b10
2021-09-24 06:39:31,682 [Listener at 0.0.0.0/46067] INFO  server.session (DefaultSessionIdManager.java:doStart(334)) - DefaultSessionIdManager workerName=node0
2021-09-24 06:39:31,683 [Listener at 0.0.0.0/46067] INFO  server.session (DefaultSessionIdManager.java:doStart(339)) - No SessionScavenger set, using defaults
2021-09-24 06:39:31,683 [Listener at 0.0.0.0/46067] INFO  server.session (HouseKeeper.java:startScavenging(132)) - node0 Scavenging every 600000ms
2021-09-24 06:39:31,684 [Listener at 0.0.0.0/46067] INFO  handler.ContextHandler (ContextHandler.java:doStart(915)) - Started o.e.j.s.ServletContextHandler@5e0e9f43{logs,/logs,file:///home/runner/work/ozone/ozone/hadoop-ozone/integration-test/target/log,AVAILABLE}
2021-09-24 06:39:31,688 [Listener at 0.0.0.0/46067] INFO  handler.ContextHandler (ContextHandler.java:doStart(915)) - Started o.e.j.s.ServletContextHandler@77185470{static,/static,file:///home/runner/work/ozone/ozone/hadoop-ozone/integration-test/target/test-classes/webapps/static,AVAILABLE}
2021-09-24 06:39:31,697 [Listener at 0.0.0.0/46067] INFO  handler.ContextHandler (ContextHandler.java:doStart(915)) - Started o.e.j.w.WebAppContext@32e55506{scm,/,file:///home/runner/work/ozone/ozone/hadoop-ozone/integration-test/target/test-classes/webapps/scm/,AVAILABLE}{file:/home/runner/work/ozone/ozone/hadoop-ozone/integration-test/target/test-classes/webapps/scm}
2021-09-24 06:39:31,708 [Listener at 0.0.0.0/46067] INFO  server.AbstractConnector (AbstractConnector.java:doStart(331)) - Started ServerConnector@1dfb2d7{HTTP/1.1, (http/1.1)}{0.0.0.0:44057}
2021-09-24 06:39:31,709 [Listener at 0.0.0.0/46067] INFO  server.Server (Server.java:doStart(415)) - Started @24661ms
2021-09-24 06:39:31,709 [Listener at 0.0.0.0/46067] WARN  impl.MetricsSystemImpl (MetricsSystemImpl.java:register(279)) - Sink prometheus already exists!
2021-09-24 06:39:31,709 [Listener at 0.0.0.0/46067] INFO  http.BaseHttpServer (BaseHttpServer.java:updateConnectorAddress(329)) - HTTP server of scm listening at http://0.0.0.0:44057
2021-09-24 06:39:31,710 [Listener at 0.0.0.0/46067] WARN  server.ServerUtils (ServerUtils.java:getDBPath(225)) - ozone.om.db.dirs is not configured. We recommend adding this setting. Falling back to ozone.metadata.dirs instead.
2021-09-24 06:39:31,712 [Listener at 0.0.0.0/46067] INFO  ha.OMHANodeDetails (OMHANodeDetails.java:loadOMHAConfig(112)) - ozone.om.internal.service.id is not defined, falling back to ozone.om.service.ids to find serviceID for OzoneManager if it is HA enabled cluster
2021-09-24 06:39:31,712 [Listener at 0.0.0.0/46067] INFO  ha.OMHANodeDetails (OMHANodeDetails.java:loadOMHAConfig(219)) - Configuration does not have ozone.om.address set. Falling back to the default OM address /127.0.0.1:0
2021-09-24 06:39:31,712 [Listener at 0.0.0.0/46067] INFO  ha.OMHANodeDetails (OMHANodeDetails.java:getOMNodeDetails(247)) - OM Service ID is not set. Setting it to the default ID: omServiceIdDefault
2021-09-24 06:39:31,714 [Listener at 0.0.0.0/46067] INFO  ha.OMHANodeDetails (OMHANodeDetails.java:getOMNodeDetails(254)) - OM Node ID is not set. Setting it to the default ID: om1
2021-09-24 06:39:31,714 [Listener at 0.0.0.0/46067] WARN  server.ServerUtils (ServerUtils.java:getDBPath(225)) - ozone.om.db.dirs is not configured. We recommend adding this setting. Falling back to ozone.metadata.dirs instead.
2021-09-24 06:39:31,715 [Listener at 0.0.0.0/46067] INFO  upgrade.AbstractLayoutVersionManager (AbstractLayoutVersionManager.java:init(79)) - Initializing Layout version manager with metadata layout = INITIAL_VERSION (version = 0), software layout = INITIAL_VERSION (version = 0)
2021-09-24 06:39:31,773 [Listener at 0.0.0.0/46067] INFO  reflections.Reflections (Reflections.java:scan(232)) - Reflections took 55 ms to scan 2 urls, producing 131 keys and 342 values [using 2 cores]
2021-09-24 06:39:31,773 [Listener at 0.0.0.0/46067] INFO  upgrade.OMLayoutVersionManager (OMLayoutVersionManager.java:lambda$0(115)) - Skipping Upgrade Action MockOmUpgradeAction since it has been finalized.
2021-09-24 06:39:31,773 [Listener at 0.0.0.0/46067] WARN  server.ServerUtils (ServerUtils.java:getDBPath(225)) - ozone.om.db.dirs is not configured. We recommend adding this setting. Falling back to ozone.metadata.dirs instead.
2021-09-24 06:39:31,783 [Listener at 0.0.0.0/46067] WARN  server.ServerUtils (ServerUtils.java:getDBPath(225)) - ozone.om.db.dirs is not configured. We recommend adding this setting. Falling back to ozone.metadata.dirs instead.
2021-09-24 06:39:31,784 [Listener at 0.0.0.0/46067] INFO  codec.OmKeyInfoCodec (OmKeyInfoCodec.java:<init>(51)) - OmKeyInfoCodec ignorePipeline = true
2021-09-24 06:39:31,784 [Listener at 0.0.0.0/46067] INFO  codec.RepeatedOmKeyInfoCodec (RepeatedOmKeyInfoCodec.java:<init>(42)) - RepeatedOmKeyInfoCodec ignorePipeline = true
2021-09-24 06:39:31,965 [Listener at 0.0.0.0/46067] INFO  om.OzoneManager (OzoneManager.java:addS3GVolumeToDB(4127)) - Created Volume s3v With Owner runner required for S3Gateway operations.
2021-09-24 06:39:31,965 [Listener at 0.0.0.0/46067] WARN  server.ServerUtils (ServerUtils.java:getDefaultRatisDirectory(237)) - Storage directory for Ratis is not configured. It is a good idea to map this to an SSD disk. Falling back to ozone.metadata.dirs
2021-09-24 06:39:31,965 [Listener at 0.0.0.0/46067] WARN  utils.OzoneManagerRatisUtils (OzoneManagerRatisUtils.java:getOMRatisSnapshotDirectory(435)) - ozone.om.ratis.snapshot.dir is not configured. Falling back to ozone.metadata.dirs config
2021-09-24 06:39:31,966 [Listener at 0.0.0.0/46067] WARN  server.ServerUtils (ServerUtils.java:getDefaultRatisDirectory(237)) - Storage directory for Ratis is not configured. It is a good idea to map this to an SSD disk. Falling back to ozone.metadata.dirs
2021-09-24 06:39:31,968 [Listener at 0.0.0.0/46067] INFO  ratis.OzoneManagerRatisServer (OzoneManagerRatisServer.java:<init>(158)) - Instantiating OM Ratis server with groupID: omServiceIdDefault and peers: localhost:9872
2021-09-24 06:39:31,968 [Listener at 0.0.0.0/46067] INFO  ratis.OzoneManagerStateMachine (OzoneManagerStateMachine.java:loadSnapshotInfoFromDB(605)) - LastAppliedIndex is set from TransactionInfo from OM DB as (t:0, i:~)
2021-09-24 06:39:31,970 [Listener at 0.0.0.0/46067] INFO  server.RaftServer (ConfUtils.java:logGet(44)) - raft.rpc.type = GRPC (default)
2021-09-24 06:39:31,975 [Listener at 0.0.0.0/46067] INFO  grpc.GrpcFactory (GrpcFactory.java:checkPooledByteBufAllocatorUseCacheForAllThreads(48)) - PERFORMANCE WARNING: useCacheForAllThreads is true that may cause Netty to create a lot garbage objects and, as a result, trigger GC.
	It is recommended to disable useCacheForAllThreads by setting -Dorg.apache.ratis.thirdparty.io.netty.allocator.useCacheForAllThreads=false in command line.
2021-09-24 06:39:31,975 [Listener at 0.0.0.0/46067] INFO  grpc.GrpcConfigKeys (ConfUtils.java:logGet(44)) - raft.grpc.admin.port = -1 (default)
2021-09-24 06:39:31,975 [Listener at 0.0.0.0/46067] INFO  grpc.GrpcConfigKeys (ConfUtils.java:logGet(44)) - raft.grpc.server.port = 9872 (custom)
2021-09-24 06:39:31,975 [Listener at 0.0.0.0/46067] INFO  grpc.GrpcConfigKeys (ConfUtils.java:logGet(44)) - raft.grpc.client.port = -1 (default)
2021-09-24 06:39:31,976 [Listener at 0.0.0.0/46067] INFO  grpc.GrpcConfigKeys (ConfUtils.java:logGet(44)) - raft.grpc.server.port = 9872 (custom)
2021-09-24 06:39:31,976 [Listener at 0.0.0.0/46067] INFO  grpc.GrpcConfigKeys (ConfUtils.java:logGet(44)) - raft.grpc.server.port = 9872 (custom)
2021-09-24 06:39:31,976 [Listener at 0.0.0.0/46067] INFO  server.GrpcService (ConfUtils.java:logGet(44)) - raft.grpc.message.size.max = 33554432 (custom)
2021-09-24 06:39:31,976 [Listener at 0.0.0.0/46067] INFO  server.RaftServerConfigKeys (ConfUtils.java:logGet(44)) - raft.server.log.appender.buffer.byte-limit = 33554432 (custom)
2021-09-24 06:39:31,977 [Listener at 0.0.0.0/46067] INFO  server.GrpcService (ConfUtils.java:logGet(44)) - raft.grpc.flow.control.window = 1MB (=1048576) (default)
2021-09-24 06:39:31,977 [Listener at 0.0.0.0/46067] INFO  server.RaftServerConfigKeys (ConfUtils.java:logGet(44)) - raft.server.rpc.request.timeout = 3000ms (default)
2021-09-24 06:39:31,979 [Listener at 0.0.0.0/46067] INFO  impl.DataStreamServerImpl (ConfUtils.java:logGet(44)) - raft.datastream.type = DISABLED (default)
2021-09-24 06:39:31,979 [Listener at 0.0.0.0/46067] INFO  server.RaftServerConfigKeys (ConfUtils.java:logGet(44)) - raft.server.rpc.slowness.timeout = 120s (custom)
2021-09-24 06:39:31,979 [Listener at 0.0.0.0/46067] INFO  server.RaftServerConfigKeys (ConfUtils.java:logGet(44)) - raft.server.leaderelection.leader.step-down.wait-time = 10s (default)
2021-09-24 06:39:31,979 [Listener at 0.0.0.0/46067] INFO  server.RaftServerConfigKeys (ConfUtils.java:logGet(44)) - raft.server.storage.dir = [/home/runner/work/ozone/ozone/hadoop-ozone/integration-test/target/test-dir/MiniOzoneClusterImpl-f3f49fad-ab5e-4528-a036-203aca2c3bfa/ozone-meta/ratis] (custom)
2021-09-24 06:39:31,980 [Listener at 0.0.0.0/46067] INFO  server.RaftServer (RaftServerProxy.java:addNew(95)) - om1: addNew group-C5BA1605619E:[om1|rpc:localhost:9872|priority:0] returns group-C5BA1605619E:java.util.concurrent.CompletableFuture@1a1356b2[Not completed]
2021-09-24 06:39:31,980 [Listener at 0.0.0.0/46067] INFO  om.OzoneManager (OzoneManager.java:initializeRatisServer(1585)) - OzoneManager Ratis server initialized at port 9872
2021-09-24 06:39:31,981 [Listener at 0.0.0.0/46067] INFO  ipc.CallQueueManager (CallQueueManager.java:<init>(90)) - Using callQueue: class java.util.concurrent.LinkedBlockingQueue, queueCapacity: 2000, scheduler: class org.apache.hadoop.ipc.DefaultRpcScheduler, ipcBackoff: false.
2021-09-24 06:39:31,982 [pool-109-thread-1] INFO  server.RaftServer$Division (RaftServerImpl.java:<init>(181)) - om1: new RaftServerImpl for group-C5BA1605619E:[om1|rpc:localhost:9872|priority:0] with OzoneManagerStateMachine:uninitialized
2021-09-24 06:39:31,986 [Socket Reader #1 for port 0] INFO  ipc.Server (Server.java:run(1265)) - Starting Socket Reader #1 for port 0
2021-09-24 06:39:31,994 [pool-109-thread-1] INFO  server.RaftServerConfigKeys (ConfUtils.java:logGet(44)) - raft.server.rpc.timeout.min = 1s (custom)
2021-09-24 06:39:31,995 [pool-109-thread-1] INFO  server.RaftServerConfigKeys (ConfUtils.java:logGet(44)) - raft.server.rpc.timeout.max = 1200ms (custom)
2021-09-24 06:39:31,995 [pool-109-thread-1] INFO  server.RaftServerConfigKeys (ConfUtils.java:logGet(44)) - raft.server.rpc.sleep.time = 25ms (default)
2021-09-24 06:39:31,995 [pool-109-thread-1] INFO  server.RaftServerConfigKeys (ConfUtils.java:logGet(44)) - raft.server.rpc.slowness.timeout = 120s (custom)
2021-09-24 06:39:31,995 [pool-109-thread-1] INFO  server.RaftServerConfigKeys (ConfUtils.java:logGet(44)) - raft.server.leaderelection.leader.step-down.wait-time = 10s (default)
2021-09-24 06:39:31,995 [pool-109-thread-1] INFO  server.RaftServerConfigKeys (ConfUtils.java:logGet(44)) - raft.server.sleep.deviation.threshold = 300ms (default)
2021-09-24 06:39:32,001 [pool-109-thread-1] INFO  server.RaftServerConfigKeys (ConfUtils.java:logGet(44)) - raft.server.log.appender.install.snapshot.enabled = false (custom)
2021-09-24 06:39:32,001 [pool-109-thread-1] INFO  server.RaftServer$Division (ServerState.java:<init>(105)) - om1@group-C5BA1605619E: ConfigurationManager, init=-1: [om1|rpc:localhost:9872|priority:0], old=null, confs=<EMPTY_MAP>
2021-09-24 06:39:32,002 [pool-109-thread-1] INFO  server.RaftServerConfigKeys (ConfUtils.java:logGet(44)) - raft.server.storage.dir = [/home/runner/work/ozone/ozone/hadoop-ozone/integration-test/target/test-dir/MiniOzoneClusterImpl-f3f49fad-ab5e-4528-a036-203aca2c3bfa/ozone-meta/ratis] (custom)
2021-09-24 06:39:32,002 [pool-109-thread-1] INFO  server.RaftServerConfigKeys (ConfUtils.java:logGet(44)) - raft.server.log.corruption.policy = EXCEPTION (default)
2021-09-24 06:39:32,002 [pool-109-thread-1] INFO  server.RaftServerConfigKeys (ConfUtils.java:logGet(44)) - raft.server.storage.free-space.min = 0MB (=0) (default)
2021-09-24 06:39:32,004 [pool-109-thread-1] INFO  storage.RaftStorageDirectory (RaftStorageDirectoryImpl.java:analyzeStorage(135)) - The storage directory /home/runner/work/ozone/ozone/hadoop-ozone/integration-test/target/test-dir/MiniOzoneClusterImpl-f3f49fad-ab5e-4528-a036-203aca2c3bfa/ozone-meta/ratis/bf265839-605b-3f16-9796-c5ba1605619e does not exist. Creating ...
2021-09-24 06:39:32,006 [pool-109-thread-1] INFO  storage.RaftStorageDirectory (RaftStorageDirectoryImpl.java:tryLock(230)) - Lock on /home/runner/work/ozone/ozone/hadoop-ozone/integration-test/target/test-dir/MiniOzoneClusterImpl-f3f49fad-ab5e-4528-a036-203aca2c3bfa/ozone-meta/ratis/bf265839-605b-3f16-9796-c5ba1605619e/in_use.lock acquired by nodename 14884@fv-az116-285
2021-09-24 06:39:32,011 [pool-109-thread-1] INFO  storage.RaftStorage (RaftStorageImpl.java:format(89)) - Storage directory /home/runner/work/ozone/ozone/hadoop-ozone/integration-test/target/test-dir/MiniOzoneClusterImpl-f3f49fad-ab5e-4528-a036-203aca2c3bfa/ozone-meta/ratis/bf265839-605b-3f16-9796-c5ba1605619e has been successfully formatted.
2021-09-24 06:39:32,011 [pool-109-thread-1] INFO  server.RaftServerConfigKeys (ConfUtils.java:logGet(44)) - raft.server.notification.no-leader.timeout = 120s (custom)
2021-09-24 06:39:32,012 [pool-109-thread-1] INFO  server.RaftServerConfigKeys (ConfUtils.java:logGet(44)) - raft.server.log.use.memory = false (default)
2021-09-24 06:39:32,012 [pool-109-thread-1] INFO  server.RaftServerConfigKeys (ConfUtils.java:logGet(44)) - raft.server.log.purge.gap = 1000000 (custom)
2021-09-24 06:39:32,012 [pool-109-thread-1] INFO  server.RaftServerConfigKeys (ConfUtils.java:logGet(44)) - raft.server.log.appender.buffer.byte-limit = 33554432 (custom)
2021-09-24 06:39:32,012 [pool-109-thread-1] INFO  server.RaftServerConfigKeys (ConfUtils.java:logGet(44)) - raft.server.log.segment.size.max = 4194304 (custom)
2021-09-24 06:39:32,013 [pool-109-thread-1] INFO  server.RaftServerConfigKeys (ConfUtils.java:logGet(44)) - raft.server.log.segment.cache.num.max = 2 (custom)
2021-09-24 06:39:32,013 [pool-109-thread-1] INFO  server.RaftServerConfigKeys (ConfUtils.java:logGet(44)) - raft.server.log.segment.cache.size.max = 200MB (=209715200) (default)
2021-09-24 06:39:32,013 [pool-109-thread-1] INFO  segmented.SegmentedRaftLogWorker (SegmentedRaftLogWorker.java:<init>(182)) - new om1@group-C5BA1605619E-SegmentedRaftLogWorker for RaftStorageImpl:Storage Directory /home/runner/work/ozone/ozone/hadoop-ozone/integration-test/target/test-dir/MiniOzoneClusterImpl-f3f49fad-ab5e-4528-a036-203aca2c3bfa/ozone-meta/ratis/bf265839-605b-3f16-9796-c5ba1605619e
2021-09-24 06:39:32,013 [pool-109-thread-1] INFO  server.RaftServerConfigKeys (ConfUtils.java:logGet(44)) - raft.server.log.queue.byte-limit = 64MB (=67108864) (default)
2021-09-24 06:39:32,013 [pool-109-thread-1] INFO  server.RaftServerConfigKeys (ConfUtils.java:logGet(44)) - raft.server.log.queue.element-limit = 4096 (default)
2021-09-24 06:39:32,013 [pool-109-thread-1] INFO  server.RaftServerConfigKeys (ConfUtils.java:logGet(44)) - raft.server.log.segment.size.max = 4194304 (custom)
2021-09-24 06:39:32,013 [pool-109-thread-1] INFO  server.RaftServerConfigKeys (ConfUtils.java:logGet(44)) - raft.server.log.preallocated.size = 4194304 (custom)
2021-09-24 06:39:32,013 [pool-109-thread-1] INFO  server.RaftServerConfigKeys (ConfUtils.java:logGet(44)) - raft.server.log.force.sync.num = 128 (default)
2021-09-24 06:39:32,013 [pool-109-thread-1] INFO  server.RaftServerConfigKeys (ConfUtils.java:logGet(44)) - raft.server.log.statemachine.data.sync = true (default)
2021-09-24 06:39:32,013 [pool-109-thread-1] INFO  server.RaftServerConfigKeys (ConfUtils.java:logGet(44)) - raft.server.log.statemachine.data.sync.timeout = 10s (default)
2021-09-24 06:39:32,013 [pool-109-thread-1] INFO  server.RaftServerConfigKeys (ConfUtils.java:logGet(44)) - raft.server.log.statemachine.data.sync.timeout.retry = -1 (default)
2021-09-24 06:39:32,015 [pool-109-thread-1] INFO  server.RaftServerConfigKeys (ConfUtils.java:logGet(44)) - raft.server.log.write.buffer.size = 64KB (=65536) (default)
2021-09-24 06:39:32,015 [pool-109-thread-1] INFO  server.RaftServerConfigKeys (ConfUtils.java:logGet(44)) - raft.server.log.statemachine.data.caching.enabled = false (default)
2021-09-24 06:39:32,015 [pool-109-thread-1] INFO  segmented.SegmentedRaftLogWorker (SegmentedRaftLogWorker.java:lambda$new$0(133)) - om1@group-C5BA1605619E-SegmentedRaftLogWorker: flushIndex: setUnconditionally 0 -> -1
2021-09-24 06:39:32,015 [pool-109-thread-1] INFO  segmented.SegmentedRaftLogWorker (SegmentedRaftLogWorker.java:lambda$new$0(133)) - om1@group-C5BA1605619E-SegmentedRaftLogWorker: safeCacheEvictIndex: setUnconditionally 0 -> -1
2021-09-24 06:39:32,024 [Listener at 127.0.0.1/44161] INFO  om.OzoneManager (OzoneManager.java:initFSOLayout(4333)) - Configured ozone.om.metadata.layout=SIMPLE and disabled optimized OM FS operations
2021-09-24 06:39:32,027 [Listener at 127.0.0.1/44161] INFO  impl.MetricsSystemImpl (MetricsSystemImpl.java:init(158)) - OzoneManager metrics system started (again)
2021-09-24 06:39:32,030 [pool-109-thread-1] INFO  server.RaftServerConfigKeys (ConfUtils.java:logGet(44)) - raft.server.snapshot.auto.trigger.enabled = true (custom)
2021-09-24 06:39:32,030 [pool-109-thread-1] INFO  server.RaftServerConfigKeys (ConfUtils.java:logGet(44)) - raft.server.snapshot.auto.trigger.threshold = 400000 (default)
2021-09-24 06:39:32,030 [pool-109-thread-1] INFO  server.RaftServerConfigKeys (ConfUtils.java:logGet(44)) - raft.server.snapshot.retention.file.num = -1 (default)
2021-09-24 06:39:32,030 [pool-109-thread-1] INFO  server.RaftServerConfigKeys (ConfUtils.java:logGet(44)) - raft.server.log.purge.upto.snapshot.index = true (custom)
2021-09-24 06:39:32,031 [pool-109-thread-1] INFO  server.RaftServerConfigKeys (ConfUtils.java:logGet(44)) - raft.server.retrycache.expirytime = 300s (custom)
2021-09-24 06:39:32,031 [pool-109-thread-1] INFO  server.RaftServerConfigKeys (ConfUtils.java:logGet(44)) - raft.server.retrycache.statistics.expirytime = 100μs (default)
2021-09-24 06:39:32,045 [Listener at 127.0.0.1/44161] INFO  om.OzoneManager (OzoneManager.java:start(1281)) - OzoneManager RPC server is listening at localhost/127.0.0.1:44161
2021-09-24 06:39:32,045 [Listener at 127.0.0.1/44161] INFO  ratis.OzoneManagerRatisServer (OzoneManagerRatisServer.java:start(516)) - Starting OzoneManagerRatisServer om1 at port 9872
2021-09-24 06:39:32,046 [Listener at 127.0.0.1/44161] INFO  server.RaftServer$Division (RaftServerImpl.java:start(296)) - om1@group-C5BA1605619E: start as a follower, conf=-1: [om1|rpc:localhost:9872|priority:0], old=null
2021-09-24 06:39:32,046 [Listener at 127.0.0.1/44161] INFO  server.RaftServer$Division (RaftServerImpl.java:setRole(285)) - om1@group-C5BA1605619E: changes role from      null to FOLLOWER at term 0 for startAsFollower
2021-09-24 06:39:32,046 [Listener at 127.0.0.1/44161] INFO  impl.RoleInfo (RoleInfo.java:updateAndGet(130)) - om1: start om1@group-C5BA1605619E-FollowerState
2021-09-24 06:39:32,047 [Listener at 127.0.0.1/44161] INFO  util.JmxRegister (JmxRegister.java:tryRegister(44)) - Successfully registered JMX Bean with object name Ratis:service=RaftServer,group=group-C5BA1605619E,id=om1
2021-09-24 06:39:32,050 [Listener at 127.0.0.1/44161] INFO  server.RaftServer (RaftServerProxy.java:lambda$start$5(374)) - om1: start RPC server
2021-09-24 06:39:32,059 [Listener at 127.0.0.1/44161] INFO  server.GrpcService (GrpcService.java:startImpl(253)) - om1: GrpcService started, listening on 9872
2021-09-24 06:39:32,066 [Listener at 127.0.0.1/44161] INFO  om.OzoneManager (OzoneManager.java:start(1299)) - Version File has different layout version (0) than OM DB (null). That is expected if this OM has never been finalized to a newer layout version.
2021-09-24 06:39:32,066 [org.apache.ratis.util.JvmPauseMonitor$$Lambda$531/356910227@3654517c] INFO  util.JvmPauseMonitor (JvmPauseMonitor.java:run(103)) - JvmPauseMonitor-om1: Started
2021-09-24 06:39:32,079 [Listener at 127.0.0.1/44161] INFO  http.BaseHttpServer (BaseHttpServer.java:newHttpServer2BuilderForOzone(209)) - Starting Web-server for ozoneManager at: http://0.0.0.0:0
2021-09-24 06:39:32,079 [Listener at 127.0.0.1/44161] INFO  http.BaseHttpServer (BaseHttpServer.java:<init>(107)) - Hadoop Security Enabled: false Ozone Security Enabled: false Ozone HTTP Security Enabled: false 
2021-09-24 06:39:32,081 [Listener at 127.0.0.1/44161] INFO  server.AuthenticationFilter (AuthenticationFilter.java:constructSecretProvider(240)) - Unable to initialize FileSignerSecretProvider, falling back to use random secrets.
2021-09-24 06:39:32,086 [Listener at 127.0.0.1/44161] WARN  http.HttpRequestLog (HttpRequestLog.java:getRequestLog(103)) - Jetty request log can only be enabled using Log4j
2021-09-24 06:39:32,088 [Listener at 127.0.0.1/44161] INFO  http.HttpServer2 (HttpServer2.java:addGlobalFilter(1030)) - Added global filter 'safety' (class=org.apache.hadoop.hdds.server.http.HttpServer2$QuotingInputFilter)
2021-09-24 06:39:32,092 [Listener at 127.0.0.1/44161] INFO  http.HttpServer2 (HttpServer2.java:addFilter(1006)) - Added filter static_user_filter (class=org.apache.hadoop.http.lib.StaticUserWebFilter$StaticUserFilter) to context ozoneManager
2021-09-24 06:39:32,093 [Listener at 127.0.0.1/44161] INFO  http.HttpServer2 (HttpServer2.java:addFilter(1014)) - Added filter static_user_filter (class=org.apache.hadoop.http.lib.StaticUserWebFilter$StaticUserFilter) to context static
2021-09-24 06:39:32,093 [Listener at 127.0.0.1/44161] INFO  http.HttpServer2 (HttpServer2.java:addFilter(1014)) - Added filter static_user_filter (class=org.apache.hadoop.http.lib.StaticUserWebFilter$StaticUserFilter) to context logs
2021-09-24 06:39:32,094 [Listener at 127.0.0.1/44161] INFO  http.HttpServer2 (HttpServer2.java:bindListener(1249)) - Jetty bound to port 33319
2021-09-24 06:39:32,096 [Listener at 127.0.0.1/44161] INFO  server.Server (Server.java:doStart(375)) - jetty-9.4.43.v20210629; built: 2021-06-30T11:07:22.254Z; git: 526006ecfa3af7f1a27ef3a288e2bef7ea9dd7e8; jvm 1.8.0_292-b10
2021-09-24 06:39:32,098 [Listener at 127.0.0.1/44161] INFO  server.session (DefaultSessionIdManager.java:doStart(334)) - DefaultSessionIdManager workerName=node0
2021-09-24 06:39:32,098 [Listener at 127.0.0.1/44161] INFO  server.session (DefaultSessionIdManager.java:doStart(339)) - No SessionScavenger set, using defaults
2021-09-24 06:39:32,098 [Listener at 127.0.0.1/44161] INFO  server.session (HouseKeeper.java:startScavenging(132)) - node0 Scavenging every 660000ms
2021-09-24 06:39:32,100 [Listener at 127.0.0.1/44161] INFO  handler.ContextHandler (ContextHandler.java:doStart(915)) - Started o.e.j.s.ServletContextHandler@601dc931{logs,/logs,file:///home/runner/work/ozone/ozone/hadoop-ozone/integration-test/target/log,AVAILABLE}
2021-09-24 06:39:32,101 [Listener at 127.0.0.1/44161] INFO  handler.ContextHandler (ContextHandler.java:doStart(915)) - Started o.e.j.s.ServletContextHandler@1f639d19{static,/static,file:///home/runner/work/ozone/ozone/hadoop-ozone/integration-test/target/test-classes/webapps/static,AVAILABLE}
2021-09-24 06:39:32,105 [Listener at 127.0.0.1/44161] INFO  handler.ContextHandler (ContextHandler.java:doStart(915)) - Started o.e.j.w.WebAppContext@1d095765{ozoneManager,/,file:///home/runner/work/ozone/ozone/hadoop-ozone/integration-test/target/test-classes/webapps/ozoneManager/,AVAILABLE}{file:/home/runner/work/ozone/ozone/hadoop-ozone/integration-test/target/test-classes/webapps/ozoneManager}
2021-09-24 06:39:32,113 [Listener at 127.0.0.1/44161] INFO  server.AbstractConnector (AbstractConnector.java:doStart(331)) - Started ServerConnector@1503d0b6{HTTP/1.1, (http/1.1)}{0.0.0.0:33319}
2021-09-24 06:39:32,113 [Listener at 127.0.0.1/44161] INFO  server.Server (Server.java:doStart(415)) - Started @25066ms
2021-09-24 06:39:32,114 [Listener at 127.0.0.1/44161] WARN  impl.MetricsSystemImpl (MetricsSystemImpl.java:register(279)) - Sink prometheus already exists!
2021-09-24 06:39:32,114 [Listener at 127.0.0.1/44161] INFO  http.BaseHttpServer (BaseHttpServer.java:updateConnectorAddress(329)) - HTTP server of ozoneManager listening at http://0.0.0.0:33319
2021-09-24 06:39:32,116 [IPC Server Responder] INFO  ipc.Server (Server.java:run(1507)) - IPC Server Responder: starting
2021-09-24 06:39:32,116 [IPC Server listener on 0] INFO  ipc.Server (Server.java:run(1344)) - IPC Server listener on 0: starting
2021-09-24 06:39:32,124 [Listener at 127.0.0.1/44161] INFO  om.OzoneManager (OzoneManager.java:startTrashEmptier(1543)) - Trash Interval set to 0. Files deleted will not move to trash
2021-09-24 06:39:32,136 [org.apache.hadoop.util.JvmPauseMonitor$Monitor@57e23524] INFO  util.JvmPauseMonitor (JvmPauseMonitor.java:run(188)) - Starting JVM pause monitor
2021-09-24 06:39:32,143 [Listener at 127.0.0.1/44161] WARN  impl.MetricRegistriesImpl (MetricRegistriesImpl.java:addReporterRegistration(111)) - New reporters are added after registries were created. Some metrics will be missing from the reporter. Please add reporter before adding any new registry.
2021-09-24 06:39:32,143 [Listener at 127.0.0.1/44161] WARN  impl.MetricRegistriesImpl (MetricRegistriesImpl.java:addReporterRegistration(111)) - New reporters are added after registries were created. Some metrics will be missing from the reporter. Please add reporter before adding any new registry.
2021-09-24 06:39:32,143 [Listener at 127.0.0.1/44161] INFO  impl.MetricsSystemImpl (MetricsSystemImpl.java:init(158)) - HddsDatanode metrics system started (again)
2021-09-24 06:39:32,157 [Listener at 127.0.0.1/44161] INFO  ozone.HddsDatanodeService (HddsDatanodeService.java:start(234)) - HddsDatanodeService host:fv-az116-285.vzw04321ajxubdbcnpick5nqva.xx.internal.cloudapp.net ip:10.1.0.9
2021-09-24 06:39:32,184 [Listener at 127.0.0.1/44161] INFO  upgrade.AbstractLayoutVersionManager (AbstractLayoutVersionManager.java:init(79)) - Initializing Layout version manager with metadata layout = SCM_HA (version = 2), software layout = SCM_HA (version = 2)
2021-09-24 06:39:32,270 [Listener at 127.0.0.1/44161] INFO  reflections.Reflections (Reflections.java:scan(232)) - Reflections took 84 ms to scan 7 urls, producing 119 keys and 275 values 
2021-09-24 06:39:32,282 [Listener at 127.0.0.1/44161] INFO  volume.HddsVolume (HddsVolume.java:<init>(120)) - Creating HddsVolume: /home/runner/work/ozone/ozone/hadoop-ozone/integration-test/target/test-dir/MiniOzoneClusterImpl-f3f49fad-ab5e-4528-a036-203aca2c3bfa/datanode-0/data-0/containers/hdds of storage type : DISK capacity : 9223372036854775807
2021-09-24 06:39:32,283 [Listener at 127.0.0.1/44161] INFO  volume.MutableVolumeSet (MutableVolumeSet.java:initializeVolumeSet(168)) - Added Volume : /home/runner/work/ozone/ozone/hadoop-ozone/integration-test/target/test-dir/MiniOzoneClusterImpl-f3f49fad-ab5e-4528-a036-203aca2c3bfa/datanode-0/data-0/containers/hdds to VolumeSet
2021-09-24 06:39:32,283 [Listener at 127.0.0.1/44161] INFO  volume.ThrottledAsyncChecker (ThrottledAsyncChecker.java:schedule(141)) - Scheduling a check for /home/runner/work/ozone/ozone/hadoop-ozone/integration-test/target/test-dir/MiniOzoneClusterImpl-f3f49fad-ab5e-4528-a036-203aca2c3bfa/datanode-0/data-0/containers/hdds
2021-09-24 06:39:32,284 [Listener at 127.0.0.1/44161] INFO  volume.StorageVolumeChecker (StorageVolumeChecker.java:checkAllVolumes(202)) - Scheduled health check for volume /home/runner/work/ozone/ozone/hadoop-ozone/integration-test/target/test-dir/MiniOzoneClusterImpl-f3f49fad-ab5e-4528-a036-203aca2c3bfa/datanode-0/data-0/containers/hdds
2021-09-24 06:39:32,301 [Listener at 127.0.0.1/44161] INFO  volume.MutableVolumeSet (MutableVolumeSet.java:initializeVolumeSet(168)) - Added Volume : /home/runner/work/ozone/ozone/hadoop-ozone/integration-test/target/test-dir/MiniOzoneClusterImpl-f3f49fad-ab5e-4528-a036-203aca2c3bfa/datanode-0/data/ratis to VolumeSet
2021-09-24 06:39:32,301 [Listener at 127.0.0.1/44161] INFO  volume.ThrottledAsyncChecker (ThrottledAsyncChecker.java:schedule(141)) - Scheduling a check for /home/runner/work/ozone/ozone/hadoop-ozone/integration-test/target/test-dir/MiniOzoneClusterImpl-f3f49fad-ab5e-4528-a036-203aca2c3bfa/datanode-0/data/ratis
2021-09-24 06:39:32,301 [Listener at 127.0.0.1/44161] INFO  volume.StorageVolumeChecker (StorageVolumeChecker.java:checkAllVolumes(202)) - Scheduled health check for volume /home/runner/work/ozone/ozone/hadoop-ozone/integration-test/target/test-dir/MiniOzoneClusterImpl-f3f49fad-ab5e-4528-a036-203aca2c3bfa/datanode-0/data/ratis
2021-09-24 06:39:32,325 [Thread-284] INFO  ozoneimpl.ContainerReader (ContainerReader.java:readVolume(172)) - Finish verifying containers on volume /home/runner/work/ozone/ozone/hadoop-ozone/integration-test/target/test-dir/MiniOzoneClusterImpl-f3f49fad-ab5e-4528-a036-203aca2c3bfa/datanode-0/data-0/containers/hdds
2021-09-24 06:39:32,325 [Listener at 127.0.0.1/44161] INFO  ozoneimpl.OzoneContainer (OzoneContainer.java:buildContainerSet(236)) - Build ContainerSet costs 0s
2021-09-24 06:39:32,330 [Listener at 127.0.0.1/44161] INFO  server.RaftServer (ConfUtils.java:logGet(44)) - raft.rpc.type = GRPC (default)
2021-09-24 06:39:32,331 [Listener at 127.0.0.1/44161] INFO  grpc.GrpcFactory (GrpcFactory.java:checkPooledByteBufAllocatorUseCacheForAllThreads(48)) - PERFORMANCE WARNING: useCacheForAllThreads is true that may cause Netty to create a lot garbage objects and, as a result, trigger GC.
	It is recommended to disable useCacheForAllThreads by setting -Dorg.apache.ratis.thirdparty.io.netty.allocator.useCacheForAllThreads=false in command line.
2021-09-24 06:39:32,331 [Listener at 127.0.0.1/44161] INFO  grpc.GrpcConfigKeys (ConfUtils.java:logGet(44)) - raft.grpc.admin.port = 0 (custom)
2021-09-24 06:39:32,331 [Listener at 127.0.0.1/44161] INFO  grpc.GrpcConfigKeys (ConfUtils.java:logGet(44)) - raft.grpc.client.port = 0 (custom)
2021-09-24 06:39:32,331 [Listener at 127.0.0.1/44161] INFO  grpc.GrpcConfigKeys (ConfUtils.java:logGet(44)) - raft.grpc.server.port = 0 (default)
2021-09-24 06:39:32,331 [Listener at 127.0.0.1/44161] INFO  server.GrpcService (ConfUtils.java:logGet(44)) - raft.grpc.message.size.max = 32MB (=33554432) (custom)
2021-09-24 06:39:32,332 [Listener at 127.0.0.1/44161] INFO  server.RaftServerConfigKeys (ConfUtils.java:logGet(44)) - raft.server.log.appender.buffer.byte-limit = 33554432 (custom)
2021-09-24 06:39:32,332 [Listener at 127.0.0.1/44161] INFO  server.GrpcService (ConfUtils.java:logGet(44)) - raft.grpc.flow.control.window = 5MB (=5242880) (custom)
2021-09-24 06:39:32,332 [Listener at 127.0.0.1/44161] INFO  server.RaftServerConfigKeys (ConfUtils.java:logGet(44)) - raft.server.rpc.request.timeout = 60s (custom)
2021-09-24 06:39:32,334 [Listener at 127.0.0.1/44161] INFO  impl.DataStreamServerImpl (ConfUtils.java:logGet(44)) - raft.datastream.type = DISABLED (default)
2021-09-24 06:39:32,334 [Listener at 127.0.0.1/44161] INFO  server.RaftServerConfigKeys (ConfUtils.java:logGet(44)) - raft.server.rpc.slowness.timeout = 300s (custom)
2021-09-24 06:39:32,334 [Listener at 127.0.0.1/44161] INFO  server.RaftServerConfigKeys (ConfUtils.java:logGet(44)) - raft.server.leaderelection.leader.step-down.wait-time = 10s (default)
2021-09-24 06:39:32,335 [Listener at 127.0.0.1/44161] INFO  server.RaftServerConfigKeys (ConfUtils.java:logGet(44)) - raft.server.storage.dir = [/home/runner/work/ozone/ozone/hadoop-ozone/integration-test/target/test-dir/MiniOzoneClusterImpl-f3f49fad-ab5e-4528-a036-203aca2c3bfa/datanode-0/data/ratis] (custom)
2021-09-24 06:39:32,339 [Listener at 127.0.0.1/44161] INFO  http.BaseHttpServer (BaseHttpServer.java:newHttpServer2BuilderForOzone(209)) - Starting Web-server for hddsDatanode at: http://0.0.0.0:0
2021-09-24 06:39:32,339 [Listener at 127.0.0.1/44161] INFO  http.BaseHttpServer (BaseHttpServer.java:<init>(107)) - Hadoop Security Enabled: false Ozone Security Enabled: false Ozone HTTP Security Enabled: false 
2021-09-24 06:39:32,340 [Listener at 127.0.0.1/44161] INFO  server.AuthenticationFilter (AuthenticationFilter.java:constructSecretProvider(240)) - Unable to initialize FileSignerSecretProvider, falling back to use random secrets.
2021-09-24 06:39:32,341 [Listener at 127.0.0.1/44161] WARN  http.HttpRequestLog (HttpRequestLog.java:getRequestLog(103)) - Jetty request log can only be enabled using Log4j
2021-09-24 06:39:32,347 [Listener at 127.0.0.1/44161] INFO  http.HttpServer2 (HttpServer2.java:addGlobalFilter(1030)) - Added global filter 'safety' (class=org.apache.hadoop.hdds.server.http.HttpServer2$QuotingInputFilter)
2021-09-24 06:39:32,348 [Listener at 127.0.0.1/44161] INFO  http.HttpServer2 (HttpServer2.java:addFilter(1006)) - Added filter static_user_filter (class=org.apache.hadoop.http.lib.StaticUserWebFilter$StaticUserFilter) to context hddsDatanode
2021-09-24 06:39:32,351 [Listener at 127.0.0.1/44161] INFO  http.HttpServer2 (HttpServer2.java:addFilter(1014)) - Added filter static_user_filter (class=org.apache.hadoop.http.lib.StaticUserWebFilter$StaticUserFilter) to context static
2021-09-24 06:39:32,351 [Listener at 127.0.0.1/44161] INFO  http.HttpServer2 (HttpServer2.java:addFilter(1014)) - Added filter static_user_filter (class=org.apache.hadoop.http.lib.StaticUserWebFilter$StaticUserFilter) to context logs
2021-09-24 06:39:32,351 [Listener at 127.0.0.1/44161] INFO  http.HttpServer2 (HttpServer2.java:bindListener(1249)) - Jetty bound to port 43677
2021-09-24 06:39:32,352 [Listener at 127.0.0.1/44161] INFO  server.Server (Server.java:doStart(375)) - jetty-9.4.43.v20210629; built: 2021-06-30T11:07:22.254Z; git: 526006ecfa3af7f1a27ef3a288e2bef7ea9dd7e8; jvm 1.8.0_292-b10
2021-09-24 06:39:32,363 [Listener at 127.0.0.1/44161] INFO  server.session (DefaultSessionIdManager.java:doStart(334)) - DefaultSessionIdManager workerName=node0
2021-09-24 06:39:32,363 [Listener at 127.0.0.1/44161] INFO  server.session (DefaultSessionIdManager.java:doStart(339)) - No SessionScavenger set, using defaults
2021-09-24 06:39:32,363 [Listener at 127.0.0.1/44161] INFO  server.session (HouseKeeper.java:startScavenging(132)) - node0 Scavenging every 600000ms
2021-09-24 06:39:32,364 [Listener at 127.0.0.1/44161] INFO  handler.ContextHandler (ContextHandler.java:doStart(915)) - Started o.e.j.s.ServletContextHandler@5eb1230d{logs,/logs,file:///home/runner/work/ozone/ozone/hadoop-ozone/integration-test/target/log,AVAILABLE}
2021-09-24 06:39:32,364 [Listener at 127.0.0.1/44161] INFO  handler.ContextHandler (ContextHandler.java:doStart(915)) - Started o.e.j.s.ServletContextHandler@25ad3a25{static,/static,jar:file:/home/runner/.m2/repository/org/apache/ozone/hdds-container-service/1.2.0-SNAPSHOT/hdds-container-service-1.2.0-SNAPSHOT.jar!/webapps/static,AVAILABLE}
2021-09-24 06:39:32,447 [Listener at 127.0.0.1/44161] INFO  handler.ContextHandler (ContextHandler.java:doStart(915)) - Started o.e.j.w.WebAppContext@30003f79{hddsDatanode,/,file:///tmp/jetty-0_0_0_0-43677-hdds-container-service-1_2_0-SNAPSHOT_jar-_-any-8396102485593016828/webapp/,AVAILABLE}{jar:file:/home/runner/.m2/repository/org/apache/ozone/hdds-container-service/1.2.0-SNAPSHOT/hdds-container-service-1.2.0-SNAPSHOT.jar!/webapps/hddsDatanode}
2021-09-24 06:39:32,448 [Listener at 127.0.0.1/44161] INFO  server.AbstractConnector (AbstractConnector.java:doStart(331)) - Started ServerConnector@355dbbd4{HTTP/1.1, (http/1.1)}{0.0.0.0:43677}
2021-09-24 06:39:32,448 [Listener at 127.0.0.1/44161] INFO  server.Server (Server.java:doStart(415)) - Started @25401ms
2021-09-24 06:39:32,449 [Listener at 127.0.0.1/44161] WARN  impl.MetricsSystemImpl (MetricsSystemImpl.java:register(279)) - Sink prometheus already exists!
2021-09-24 06:39:32,449 [Listener at 127.0.0.1/44161] INFO  http.BaseHttpServer (BaseHttpServer.java:updateConnectorAddress(329)) - HTTP server of hddsDatanode listening at http://0.0.0.0:43677
2021-09-24 06:39:32,450 [Listener at 127.0.0.1/44161] WARN  impl.MetricRegistriesImpl (MetricRegistriesImpl.java:addReporterRegistration(111)) - New reporters are added after registries were created. Some metrics will be missing from the reporter. Please add reporter before adding any new registry.
2021-09-24 06:39:32,450 [Listener at 127.0.0.1/44161] WARN  impl.MetricRegistriesImpl (MetricRegistriesImpl.java:addReporterRegistration(111)) - New reporters are added after registries were created. Some metrics will be missing from the reporter. Please add reporter before adding any new registry.
2021-09-24 06:39:32,450 [Listener at 127.0.0.1/44161] INFO  impl.MetricsSystemImpl (MetricsSystemImpl.java:init(158)) - HddsDatanode metrics system started (again)
2021-09-24 06:39:32,462 [Datanode State Machine Thread - 0] INFO  statemachine.DatanodeStateMachine (DatanodeStateMachine.java:lambda$startDaemon$0(456)) - Ozone container server started.
2021-09-24 06:39:32,482 [org.apache.hadoop.util.JvmPauseMonitor$Monitor@7aa4156] INFO  util.JvmPauseMonitor (JvmPauseMonitor.java:run(188)) - Starting JVM pause monitor
2021-09-24 06:39:32,487 [Datanode State Machine Task Thread - 0] INFO  datanode.InitDatanodeState (InitDatanodeState.java:persistContainerDatanodeDetails(145)) - DatanodeDetails is persisted to /home/runner/work/ozone/ozone/hadoop-ozone/integration-test/target/test-dir/MiniOzoneClusterImpl-f3f49fad-ab5e-4528-a036-203aca2c3bfa/datanode-0/meta/datanode.id
2021-09-24 06:39:32,493 [Listener at 127.0.0.1/44161] INFO  ozone.HddsDatanodeService (HddsDatanodeService.java:start(234)) - HddsDatanodeService host:fv-az116-285.vzw04321ajxubdbcnpick5nqva.xx.internal.cloudapp.net ip:10.1.0.9
2021-09-24 06:39:32,542 [Listener at 127.0.0.1/44161] INFO  upgrade.AbstractLayoutVersionManager (AbstractLayoutVersionManager.java:init(79)) - Initializing Layout version manager with metadata layout = SCM_HA (version = 2), software layout = SCM_HA (version = 2)
2021-09-24 06:39:32,615 [Listener at 127.0.0.1/44161] INFO  reflections.Reflections (Reflections.java:scan(232)) - Reflections took 72 ms to scan 7 urls, producing 119 keys and 275 values 
2021-09-24 06:39:32,637 [Listener at 127.0.0.1/44161] INFO  volume.HddsVolume (HddsVolume.java:<init>(120)) - Creating HddsVolume: /home/runner/work/ozone/ozone/hadoop-ozone/integration-test/target/test-dir/MiniOzoneClusterImpl-f3f49fad-ab5e-4528-a036-203aca2c3bfa/datanode-1/data-0/containers/hdds of storage type : DISK capacity : 9223372036854775807
2021-09-24 06:39:32,637 [Listener at 127.0.0.1/44161] INFO  volume.MutableVolumeSet (MutableVolumeSet.java:initializeVolumeSet(168)) - Added Volume : /home/runner/work/ozone/ozone/hadoop-ozone/integration-test/target/test-dir/MiniOzoneClusterImpl-f3f49fad-ab5e-4528-a036-203aca2c3bfa/datanode-1/data-0/containers/hdds to VolumeSet
2021-09-24 06:39:32,637 [Listener at 127.0.0.1/44161] INFO  volume.ThrottledAsyncChecker (ThrottledAsyncChecker.java:schedule(141)) - Scheduling a check for /home/runner/work/ozone/ozone/hadoop-ozone/integration-test/target/test-dir/MiniOzoneClusterImpl-f3f49fad-ab5e-4528-a036-203aca2c3bfa/datanode-1/data-0/containers/hdds
2021-09-24 06:39:32,651 [Listener at 127.0.0.1/44161] INFO  volume.StorageVolumeChecker (StorageVolumeChecker.java:checkAllVolumes(202)) - Scheduled health check for volume /home/runner/work/ozone/ozone/hadoop-ozone/integration-test/target/test-dir/MiniOzoneClusterImpl-f3f49fad-ab5e-4528-a036-203aca2c3bfa/datanode-1/data-0/containers/hdds
2021-09-24 06:39:32,672 [Listener at 127.0.0.1/44161] INFO  volume.MutableVolumeSet (MutableVolumeSet.java:initializeVolumeSet(168)) - Added Volume : /home/runner/work/ozone/ozone/hadoop-ozone/integration-test/target/test-dir/MiniOzoneClusterImpl-f3f49fad-ab5e-4528-a036-203aca2c3bfa/datanode-1/data/ratis to VolumeSet
2021-09-24 06:39:32,672 [Listener at 127.0.0.1/44161] INFO  volume.ThrottledAsyncChecker (ThrottledAsyncChecker.java:schedule(141)) - Scheduling a check for /home/runner/work/ozone/ozone/hadoop-ozone/integration-test/target/test-dir/MiniOzoneClusterImpl-f3f49fad-ab5e-4528-a036-203aca2c3bfa/datanode-1/data/ratis
2021-09-24 06:39:32,672 [Listener at 127.0.0.1/44161] INFO  volume.StorageVolumeChecker (StorageVolumeChecker.java:checkAllVolumes(202)) - Scheduled health check for volume /home/runner/work/ozone/ozone/hadoop-ozone/integration-test/target/test-dir/MiniOzoneClusterImpl-f3f49fad-ab5e-4528-a036-203aca2c3bfa/datanode-1/data/ratis
2021-09-24 06:39:32,695 [Thread-296] INFO  ozoneimpl.ContainerReader (ContainerReader.java:readVolume(172)) - Finish verifying containers on volume /home/runner/work/ozone/ozone/hadoop-ozone/integration-test/target/test-dir/MiniOzoneClusterImpl-f3f49fad-ab5e-4528-a036-203aca2c3bfa/datanode-1/data-0/containers/hdds
2021-09-24 06:39:32,695 [Listener at 127.0.0.1/44161] INFO  ozoneimpl.OzoneContainer (OzoneContainer.java:buildContainerSet(236)) - Build ContainerSet costs 0s
2021-09-24 06:39:32,698 [Listener at 127.0.0.1/44161] INFO  server.RaftServer (ConfUtils.java:logGet(44)) - raft.rpc.type = GRPC (default)
2021-09-24 06:39:32,699 [Listener at 127.0.0.1/44161] INFO  grpc.GrpcFactory (GrpcFactory.java:checkPooledByteBufAllocatorUseCacheForAllThreads(48)) - PERFORMANCE WARNING: useCacheForAllThreads is true that may cause Netty to create a lot garbage objects and, as a result, trigger GC.
	It is recommended to disable useCacheForAllThreads by setting -Dorg.apache.ratis.thirdparty.io.netty.allocator.useCacheForAllThreads=false in command line.
2021-09-24 06:39:32,699 [Listener at 127.0.0.1/44161] INFO  grpc.GrpcConfigKeys (ConfUtils.java:logGet(44)) - raft.grpc.admin.port = 0 (custom)
2021-09-24 06:39:32,699 [Listener at 127.0.0.1/44161] INFO  grpc.GrpcConfigKeys (ConfUtils.java:logGet(44)) - raft.grpc.client.port = 0 (custom)
2021-09-24 06:39:32,699 [Listener at 127.0.0.1/44161] INFO  grpc.GrpcConfigKeys (ConfUtils.java:logGet(44)) - raft.grpc.server.port = 0 (default)
2021-09-24 06:39:32,699 [Listener at 127.0.0.1/44161] INFO  server.GrpcService (ConfUtils.java:logGet(44)) - raft.grpc.message.size.max = 32MB (=33554432) (custom)
2021-09-24 06:39:32,699 [Listener at 127.0.0.1/44161] INFO  server.RaftServerConfigKeys (ConfUtils.java:logGet(44)) - raft.server.log.appender.buffer.byte-limit = 33554432 (custom)
2021-09-24 06:39:32,700 [Listener at 127.0.0.1/44161] INFO  server.GrpcService (ConfUtils.java:logGet(44)) - raft.grpc.flow.control.window = 5MB (=5242880) (custom)
2021-09-24 06:39:32,700 [Listener at 127.0.0.1/44161] INFO  server.RaftServerConfigKeys (ConfUtils.java:logGet(44)) - raft.server.rpc.request.timeout = 60s (custom)
2021-09-24 06:39:32,701 [Listener at 127.0.0.1/44161] INFO  impl.DataStreamServerImpl (ConfUtils.java:logGet(44)) - raft.datastream.type = DISABLED (default)
2021-09-24 06:39:32,701 [Listener at 127.0.0.1/44161] INFO  server.RaftServerConfigKeys (ConfUtils.java:logGet(44)) - raft.server.rpc.slowness.timeout = 300s (custom)
2021-09-24 06:39:32,701 [Listener at 127.0.0.1/44161] INFO  server.RaftServerConfigKeys (ConfUtils.java:logGet(44)) - raft.server.leaderelection.leader.step-down.wait-time = 10s (default)
2021-09-24 06:39:32,701 [Listener at 127.0.0.1/44161] INFO  server.RaftServerConfigKeys (ConfUtils.java:logGet(44)) - raft.server.storage.dir = [/home/runner/work/ozone/ozone/hadoop-ozone/integration-test/target/test-dir/MiniOzoneClusterImpl-f3f49fad-ab5e-4528-a036-203aca2c3bfa/datanode-1/data/ratis] (custom)
2021-09-24 06:39:32,705 [Listener at 127.0.0.1/44161] INFO  http.BaseHttpServer (BaseHttpServer.java:newHttpServer2BuilderForOzone(209)) - Starting Web-server for hddsDatanode at: http://0.0.0.0:0
2021-09-24 06:39:32,705 [Listener at 127.0.0.1/44161] INFO  http.BaseHttpServer (BaseHttpServer.java:<init>(107)) - Hadoop Security Enabled: false Ozone Security Enabled: false Ozone HTTP Security Enabled: false 
2021-09-24 06:39:32,706 [Listener at 127.0.0.1/44161] INFO  server.AuthenticationFilter (AuthenticationFilter.java:constructSecretProvider(240)) - Unable to initialize FileSignerSecretProvider, falling back to use random secrets.
2021-09-24 06:39:32,707 [Listener at 127.0.0.1/44161] WARN  http.HttpRequestLog (HttpRequestLog.java:getRequestLog(103)) - Jetty request log can only be enabled using Log4j
2021-09-24 06:39:32,708 [Listener at 127.0.0.1/44161] INFO  http.HttpServer2 (HttpServer2.java:addGlobalFilter(1030)) - Added global filter 'safety' (class=org.apache.hadoop.hdds.server.http.HttpServer2$QuotingInputFilter)
2021-09-24 06:39:32,708 [Listener at 127.0.0.1/44161] INFO  http.HttpServer2 (HttpServer2.java:addFilter(1006)) - Added filter static_user_filter (class=org.apache.hadoop.http.lib.StaticUserWebFilter$StaticUserFilter) to context hddsDatanode
2021-09-24 06:39:32,709 [Listener at 127.0.0.1/44161] INFO  http.HttpServer2 (HttpServer2.java:addFilter(1014)) - Added filter static_user_filter (class=org.apache.hadoop.http.lib.StaticUserWebFilter$StaticUserFilter) to context logs
2021-09-24 06:39:32,709 [Listener at 127.0.0.1/44161] INFO  http.HttpServer2 (HttpServer2.java:addFilter(1014)) - Added filter static_user_filter (class=org.apache.hadoop.http.lib.StaticUserWebFilter$StaticUserFilter) to context static
2021-09-24 06:39:32,709 [Listener at 127.0.0.1/44161] INFO  http.HttpServer2 (HttpServer2.java:bindListener(1249)) - Jetty bound to port 42235
2021-09-24 06:39:32,709 [Listener at 127.0.0.1/44161] INFO  server.Server (Server.java:doStart(375)) - jetty-9.4.43.v20210629; built: 2021-06-30T11:07:22.254Z; git: 526006ecfa3af7f1a27ef3a288e2bef7ea9dd7e8; jvm 1.8.0_292-b10
2021-09-24 06:39:32,743 [Listener at 127.0.0.1/44161] INFO  server.session (DefaultSessionIdManager.java:doStart(334)) - DefaultSessionIdManager workerName=node0
2021-09-24 06:39:32,743 [Listener at 127.0.0.1/44161] INFO  server.session (DefaultSessionIdManager.java:doStart(339)) - No SessionScavenger set, using defaults
2021-09-24 06:39:32,743 [Listener at 127.0.0.1/44161] INFO  server.session (HouseKeeper.java:startScavenging(132)) - node0 Scavenging every 600000ms
2021-09-24 06:39:32,750 [Listener at 127.0.0.1/44161] INFO  handler.ContextHandler (ContextHandler.java:doStart(915)) - Started o.e.j.s.ServletContextHandler@412783d3{logs,/logs,file:///home/runner/work/ozone/ozone/hadoop-ozone/integration-test/target/log,AVAILABLE}
2021-09-24 06:39:32,751 [Listener at 127.0.0.1/44161] INFO  handler.ContextHandler (ContextHandler.java:doStart(915)) - Started o.e.j.s.ServletContextHandler@436183aa{static,/static,jar:file:/home/runner/.m2/repository/org/apache/ozone/hdds-container-service/1.2.0-SNAPSHOT/hdds-container-service-1.2.0-SNAPSHOT.jar!/webapps/static,AVAILABLE}
2021-09-24 06:39:32,846 [Listener at 127.0.0.1/44161] INFO  handler.ContextHandler (ContextHandler.java:doStart(915)) - Started o.e.j.w.WebAppContext@4db300f6{hddsDatanode,/,file:///tmp/jetty-0_0_0_0-42235-hdds-container-service-1_2_0-SNAPSHOT_jar-_-any-8842948168907538461/webapp/,AVAILABLE}{jar:file:/home/runner/.m2/repository/org/apache/ozone/hdds-container-service/1.2.0-SNAPSHOT/hdds-container-service-1.2.0-SNAPSHOT.jar!/webapps/hddsDatanode}
2021-09-24 06:39:32,848 [Listener at 127.0.0.1/44161] INFO  server.AbstractConnector (AbstractConnector.java:doStart(331)) - Started ServerConnector@704609f0{HTTP/1.1, (http/1.1)}{0.0.0.0:42235}
2021-09-24 06:39:32,848 [Listener at 127.0.0.1/44161] INFO  server.Server (Server.java:doStart(415)) - Started @25801ms
2021-09-24 06:39:32,848 [Listener at 127.0.0.1/44161] WARN  impl.MetricsSystemImpl (MetricsSystemImpl.java:register(279)) - Sink prometheus already exists!
2021-09-24 06:39:32,849 [Listener at 127.0.0.1/44161] INFO  http.BaseHttpServer (BaseHttpServer.java:updateConnectorAddress(329)) - HTTP server of hddsDatanode listening at http://0.0.0.0:42235
2021-09-24 06:39:32,858 [Datanode State Machine Thread - 0] INFO  statemachine.DatanodeStateMachine (DatanodeStateMachine.java:lambda$startDaemon$0(456)) - Ozone container server started.
2021-09-24 06:39:32,859 [Listener at 127.0.0.1/44161] WARN  impl.MetricRegistriesImpl (MetricRegistriesImpl.java:addReporterRegistration(111)) - New reporters are added after registries were created. Some metrics will be missing from the reporter. Please add reporter before adding any new registry.
2021-09-24 06:39:32,859 [Listener at 127.0.0.1/44161] WARN  impl.MetricRegistriesImpl (MetricRegistriesImpl.java:addReporterRegistration(111)) - New reporters are added after registries were created. Some metrics will be missing from the reporter. Please add reporter before adding any new registry.
2021-09-24 06:39:32,859 [Listener at 127.0.0.1/44161] INFO  impl.MetricsSystemImpl (MetricsSystemImpl.java:init(158)) - HddsDatanode metrics system started (again)
2021-09-24 06:39:32,873 [Listener at 127.0.0.1/44161] INFO  ozone.HddsDatanodeService (HddsDatanodeService.java:start(234)) - HddsDatanodeService host:fv-az116-285.vzw04321ajxubdbcnpick5nqva.xx.internal.cloudapp.net ip:10.1.0.9
2021-09-24 06:39:32,891 [org.apache.hadoop.util.JvmPauseMonitor$Monitor@44f4433c] INFO  util.JvmPauseMonitor (JvmPauseMonitor.java:run(188)) - Starting JVM pause monitor
2021-09-24 06:39:32,902 [Datanode State Machine Task Thread - 0] INFO  datanode.InitDatanodeState (InitDatanodeState.java:persistContainerDatanodeDetails(145)) - DatanodeDetails is persisted to /home/runner/work/ozone/ozone/hadoop-ozone/integration-test/target/test-dir/MiniOzoneClusterImpl-f3f49fad-ab5e-4528-a036-203aca2c3bfa/datanode-1/meta/datanode.id
2021-09-24 06:39:32,911 [Listener at 127.0.0.1/44161] INFO  upgrade.AbstractLayoutVersionManager (AbstractLayoutVersionManager.java:init(79)) - Initializing Layout version manager with metadata layout = SCM_HA (version = 2), software layout = SCM_HA (version = 2)
2021-09-24 06:39:32,960 [Listener at 127.0.0.1/44161] INFO  reflections.Reflections (Reflections.java:scan(232)) - Reflections took 48 ms to scan 7 urls, producing 119 keys and 275 values 
2021-09-24 06:39:32,967 [Listener at 127.0.0.1/44161] INFO  volume.HddsVolume (HddsVolume.java:<init>(120)) - Creating HddsVolume: /home/runner/work/ozone/ozone/hadoop-ozone/integration-test/target/test-dir/MiniOzoneClusterImpl-f3f49fad-ab5e-4528-a036-203aca2c3bfa/datanode-2/data-0/containers/hdds of storage type : DISK capacity : 9223372036854775807
2021-09-24 06:39:32,967 [Listener at 127.0.0.1/44161] INFO  volume.MutableVolumeSet (MutableVolumeSet.java:initializeVolumeSet(168)) - Added Volume : /home/runner/work/ozone/ozone/hadoop-ozone/integration-test/target/test-dir/MiniOzoneClusterImpl-f3f49fad-ab5e-4528-a036-203aca2c3bfa/datanode-2/data-0/containers/hdds to VolumeSet
2021-09-24 06:39:32,968 [Listener at 127.0.0.1/44161] INFO  volume.ThrottledAsyncChecker (ThrottledAsyncChecker.java:schedule(141)) - Scheduling a check for /home/runner/work/ozone/ozone/hadoop-ozone/integration-test/target/test-dir/MiniOzoneClusterImpl-f3f49fad-ab5e-4528-a036-203aca2c3bfa/datanode-2/data-0/containers/hdds
2021-09-24 06:39:32,969 [Listener at 127.0.0.1/44161] INFO  volume.StorageVolumeChecker (StorageVolumeChecker.java:checkAllVolumes(202)) - Scheduled health check for volume /home/runner/work/ozone/ozone/hadoop-ozone/integration-test/target/test-dir/MiniOzoneClusterImpl-f3f49fad-ab5e-4528-a036-203aca2c3bfa/datanode-2/data-0/containers/hdds
2021-09-24 06:39:32,991 [Listener at 127.0.0.1/44161] INFO  volume.MutableVolumeSet (MutableVolumeSet.java:initializeVolumeSet(168)) - Added Volume : /home/runner/work/ozone/ozone/hadoop-ozone/integration-test/target/test-dir/MiniOzoneClusterImpl-f3f49fad-ab5e-4528-a036-203aca2c3bfa/datanode-2/data/ratis to VolumeSet
2021-09-24 06:39:32,992 [Listener at 127.0.0.1/44161] INFO  volume.ThrottledAsyncChecker (ThrottledAsyncChecker.java:schedule(141)) - Scheduling a check for /home/runner/work/ozone/ozone/hadoop-ozone/integration-test/target/test-dir/MiniOzoneClusterImpl-f3f49fad-ab5e-4528-a036-203aca2c3bfa/datanode-2/data/ratis
2021-09-24 06:39:32,992 [Listener at 127.0.0.1/44161] INFO  volume.StorageVolumeChecker (StorageVolumeChecker.java:checkAllVolumes(202)) - Scheduled health check for volume /home/runner/work/ozone/ozone/hadoop-ozone/integration-test/target/test-dir/MiniOzoneClusterImpl-f3f49fad-ab5e-4528-a036-203aca2c3bfa/datanode-2/data/ratis
2021-09-24 06:39:33,006 [Thread-308] INFO  ozoneimpl.ContainerReader (ContainerReader.java:readVolume(172)) - Finish verifying containers on volume /home/runner/work/ozone/ozone/hadoop-ozone/integration-test/target/test-dir/MiniOzoneClusterImpl-f3f49fad-ab5e-4528-a036-203aca2c3bfa/datanode-2/data-0/containers/hdds
2021-09-24 06:39:33,006 [Listener at 127.0.0.1/44161] INFO  ozoneimpl.OzoneContainer (OzoneContainer.java:buildContainerSet(236)) - Build ContainerSet costs 0s
2021-09-24 06:39:33,009 [Listener at 127.0.0.1/44161] INFO  server.RaftServer (ConfUtils.java:logGet(44)) - raft.rpc.type = GRPC (default)
2021-09-24 06:39:33,009 [Listener at 127.0.0.1/44161] INFO  grpc.GrpcFactory (GrpcFactory.java:checkPooledByteBufAllocatorUseCacheForAllThreads(48)) - PERFORMANCE WARNING: useCacheForAllThreads is true that may cause Netty to create a lot garbage objects and, as a result, trigger GC.
	It is recommended to disable useCacheForAllThreads by setting -Dorg.apache.ratis.thirdparty.io.netty.allocator.useCacheForAllThreads=false in command line.
2021-09-24 06:39:33,009 [Listener at 127.0.0.1/44161] INFO  grpc.GrpcConfigKeys (ConfUtils.java:logGet(44)) - raft.grpc.admin.port = 0 (custom)
2021-09-24 06:39:33,009 [Listener at 127.0.0.1/44161] INFO  grpc.GrpcConfigKeys (ConfUtils.java:logGet(44)) - raft.grpc.client.port = 0 (custom)
2021-09-24 06:39:33,009 [Listener at 127.0.0.1/44161] INFO  grpc.GrpcConfigKeys (ConfUtils.java:logGet(44)) - raft.grpc.server.port = 0 (default)
2021-09-24 06:39:33,010 [Listener at 127.0.0.1/44161] INFO  server.GrpcService (ConfUtils.java:logGet(44)) - raft.grpc.message.size.max = 32MB (=33554432) (custom)
2021-09-24 06:39:33,010 [Listener at 127.0.0.1/44161] INFO  server.RaftServerConfigKeys (ConfUtils.java:logGet(44)) - raft.server.log.appender.buffer.byte-limit = 33554432 (custom)
2021-09-24 06:39:33,010 [Listener at 127.0.0.1/44161] INFO  server.GrpcService (ConfUtils.java:logGet(44)) - raft.grpc.flow.control.window = 5MB (=5242880) (custom)
2021-09-24 06:39:33,013 [Listener at 127.0.0.1/44161] INFO  server.RaftServerConfigKeys (ConfUtils.java:logGet(44)) - raft.server.rpc.request.timeout = 60s (custom)
2021-09-24 06:39:33,014 [Listener at 127.0.0.1/44161] INFO  impl.DataStreamServerImpl (ConfUtils.java:logGet(44)) - raft.datastream.type = DISABLED (default)
2021-09-24 06:39:33,014 [Listener at 127.0.0.1/44161] INFO  server.RaftServerConfigKeys (ConfUtils.java:logGet(44)) - raft.server.rpc.slowness.timeout = 300s (custom)
2021-09-24 06:39:33,014 [Listener at 127.0.0.1/44161] INFO  server.RaftServerConfigKeys (ConfUtils.java:logGet(44)) - raft.server.leaderelection.leader.step-down.wait-time = 10s (default)
2021-09-24 06:39:33,014 [Listener at 127.0.0.1/44161] INFO  server.RaftServerConfigKeys (ConfUtils.java:logGet(44)) - raft.server.storage.dir = [/home/runner/work/ozone/ozone/hadoop-ozone/integration-test/target/test-dir/MiniOzoneClusterImpl-f3f49fad-ab5e-4528-a036-203aca2c3bfa/datanode-2/data/ratis] (custom)
2021-09-24 06:39:33,023 [Listener at 127.0.0.1/44161] INFO  http.BaseHttpServer (BaseHttpServer.java:newHttpServer2BuilderForOzone(209)) - Starting Web-server for hddsDatanode at: http://0.0.0.0:0
2021-09-24 06:39:33,023 [Listener at 127.0.0.1/44161] INFO  http.BaseHttpServer (BaseHttpServer.java:<init>(107)) - Hadoop Security Enabled: false Ozone Security Enabled: false Ozone HTTP Security Enabled: false 
2021-09-24 06:39:33,024 [Listener at 127.0.0.1/44161] INFO  server.AuthenticationFilter (AuthenticationFilter.java:constructSecretProvider(240)) - Unable to initialize FileSignerSecretProvider, falling back to use random secrets.
2021-09-24 06:39:33,025 [Listener at 127.0.0.1/44161] WARN  http.HttpRequestLog (HttpRequestLog.java:getRequestLog(103)) - Jetty request log can only be enabled using Log4j
2021-09-24 06:39:33,026 [Listener at 127.0.0.1/44161] INFO  http.HttpServer2 (HttpServer2.java:addGlobalFilter(1030)) - Added global filter 'safety' (class=org.apache.hadoop.hdds.server.http.HttpServer2$QuotingInputFilter)
2021-09-24 06:39:33,029 [Listener at 127.0.0.1/44161] INFO  http.HttpServer2 (HttpServer2.java:addFilter(1006)) - Added filter static_user_filter (class=org.apache.hadoop.http.lib.StaticUserWebFilter$StaticUserFilter) to context hddsDatanode
2021-09-24 06:39:33,029 [Listener at 127.0.0.1/44161] INFO  http.HttpServer2 (HttpServer2.java:addFilter(1014)) - Added filter static_user_filter (class=org.apache.hadoop.http.lib.StaticUserWebFilter$StaticUserFilter) to context logs
2021-09-24 06:39:33,029 [Listener at 127.0.0.1/44161] INFO  http.HttpServer2 (HttpServer2.java:addFilter(1014)) - Added filter static_user_filter (class=org.apache.hadoop.http.lib.StaticUserWebFilter$StaticUserFilter) to context static
2021-09-24 06:39:33,030 [Listener at 127.0.0.1/44161] INFO  http.HttpServer2 (HttpServer2.java:bindListener(1249)) - Jetty bound to port 42583
2021-09-24 06:39:33,030 [Listener at 127.0.0.1/44161] INFO  server.Server (Server.java:doStart(375)) - jetty-9.4.43.v20210629; built: 2021-06-30T11:07:22.254Z; git: 526006ecfa3af7f1a27ef3a288e2bef7ea9dd7e8; jvm 1.8.0_292-b10
2021-09-24 06:39:33,035 [Listener at 127.0.0.1/44161] INFO  server.session (DefaultSessionIdManager.java:doStart(334)) - DefaultSessionIdManager workerName=node0
2021-09-24 06:39:33,035 [Listener at 127.0.0.1/44161] INFO  server.session (DefaultSessionIdManager.java:doStart(339)) - No SessionScavenger set, using defaults
2021-09-24 06:39:33,035 [Listener at 127.0.0.1/44161] INFO  server.session (HouseKeeper.java:startScavenging(132)) - node0 Scavenging every 600000ms
2021-09-24 06:39:33,036 [Listener at 127.0.0.1/44161] INFO  handler.ContextHandler (ContextHandler.java:doStart(915)) - Started o.e.j.s.ServletContextHandler@6a9b6e6e{logs,/logs,file:///home/runner/work/ozone/ozone/hadoop-ozone/integration-test/target/log,AVAILABLE}
2021-09-24 06:39:33,036 [Listener at 127.0.0.1/44161] INFO  handler.ContextHandler (ContextHandler.java:doStart(915)) - Started o.e.j.s.ServletContextHandler@5426f4e3{static,/static,jar:file:/home/runner/.m2/repository/org/apache/ozone/hdds-container-service/1.2.0-SNAPSHOT/hdds-container-service-1.2.0-SNAPSHOT.jar!/webapps/static,AVAILABLE}
2021-09-24 06:39:33,068 [om1@group-C5BA1605619E-FollowerState] INFO  impl.FollowerState (FollowerState.java:run(134)) - om1@group-C5BA1605619E-FollowerState: change to CANDIDATE, lastRpcElapsedTime:1021403134ns, electionTimeout:1017ms
2021-09-24 06:39:33,069 [om1@group-C5BA1605619E-FollowerState] INFO  impl.RoleInfo (RoleInfo.java:shutdownFollowerState(108)) - om1: shutdown om1@group-C5BA1605619E-FollowerState
2021-09-24 06:39:33,069 [om1@group-C5BA1605619E-FollowerState] INFO  server.RaftServer$Division (RaftServerImpl.java:setRole(285)) - om1@group-C5BA1605619E: changes role from  FOLLOWER to CANDIDATE at term 0 for changeToCandidate
2021-09-24 06:39:33,069 [om1@group-C5BA1605619E-FollowerState] INFO  server.RaftServerConfigKeys (ConfUtils.java:logGet(44)) - raft.server.leaderelection.pre-vote = false (custom)
2021-09-24 06:39:33,069 [om1@group-C5BA1605619E-FollowerState] INFO  impl.RoleInfo (RoleInfo.java:updateAndGet(130)) - om1: start om1@group-C5BA1605619E-LeaderElection3
2021-09-24 06:39:33,076 [om1@group-C5BA1605619E-LeaderElection3] INFO  impl.LeaderElection (LeaderElection.java:askForVotes(306)) - om1@group-C5BA1605619E-LeaderElection3 ELECTION round 0: submit vote requests at term 1 for -1: [om1|rpc:localhost:9872|priority:0], old=null
2021-09-24 06:39:33,077 [om1@group-C5BA1605619E-LeaderElection3] INFO  impl.LeaderElection (LeaderElection.java:askForVotes(308)) - om1@group-C5BA1605619E-LeaderElection3 ELECTION round 0: result PASSED (term=1)
2021-09-24 06:39:33,077 [om1@group-C5BA1605619E-LeaderElection3] INFO  impl.RoleInfo (RoleInfo.java:shutdownLeaderElection(121)) - om1: shutdown om1@group-C5BA1605619E-LeaderElection3
2021-09-24 06:39:33,078 [om1@group-C5BA1605619E-LeaderElection3] INFO  server.RaftServer$Division (RaftServerImpl.java:setRole(285)) - om1@group-C5BA1605619E: changes role from CANDIDATE to LEADER at term 1 for changeToLeader
2021-09-24 06:39:33,078 [om1@group-C5BA1605619E-LeaderElection3] INFO  server.RaftServer$Division (ServerState.java:setLeader(285)) - om1@group-C5BA1605619E: change Leader from null to om1 at term 1 for becomeLeader, leader elected after 1066ms
2021-09-24 06:39:33,078 [om1@group-C5BA1605619E-LeaderElection3] INFO  server.RaftServerConfigKeys (ConfUtils.java:logGet(44)) - raft.server.staging.catchup.gap = 1000 (default)
2021-09-24 06:39:33,086 [om1@group-C5BA1605619E-LeaderElection3] INFO  server.RaftServerConfigKeys (ConfUtils.java:logGet(44)) - raft.server.write.element-limit = 4096 (default)
2021-09-24 06:39:33,086 [om1@group-C5BA1605619E-LeaderElection3] INFO  server.RaftServerConfigKeys (ConfUtils.java:logGet(44)) - raft.server.write.byte-limit = 64MB (=67108864) (default)
2021-09-24 06:39:33,087 [om1@group-C5BA1605619E-LeaderElection3] INFO  server.RaftServerConfigKeys (ConfUtils.java:logGet(44)) - raft.server.watch.timeout = 10s (default)
2021-09-24 06:39:33,087 [om1@group-C5BA1605619E-LeaderElection3] INFO  server.RaftServerConfigKeys (ConfUtils.java:logGet(44)) - raft.server.watch.timeout.denomination = 1s (default)
2021-09-24 06:39:33,087 [om1@group-C5BA1605619E-LeaderElection3] INFO  server.RaftServerConfigKeys (ConfUtils.java:logGet(44)) - raft.server.watch.element-limit = 65536 (default)
2021-09-24 06:39:33,087 [om1@group-C5BA1605619E-LeaderElection3] INFO  impl.RoleInfo (RoleInfo.java:updateAndGet(130)) - om1: start om1@group-C5BA1605619E-LeaderStateImpl
2021-09-24 06:39:33,088 [om1@group-C5BA1605619E-LeaderElection3] INFO  segmented.SegmentedRaftLogWorker (SegmentedRaftLogWorker.java:startLogSegment(394)) - om1@group-C5BA1605619E-SegmentedRaftLogWorker: Starting segment from index:0
2021-09-24 06:39:33,102 [om1@group-C5BA1605619E-LeaderElection3] INFO  server.RaftServer$Division (ServerState.java:setRaftConf(387)) - om1@group-C5BA1605619E: set configuration 0: [om1|rpc:localhost:9872|admin:|client:|dataStream:|priority:0], old=null
2021-09-24 06:39:33,105 [Listener at 127.0.0.1/44161] INFO  handler.ContextHandler (ContextHandler.java:doStart(915)) - Started o.e.j.w.WebAppContext@45d719d0{hddsDatanode,/,file:///tmp/jetty-0_0_0_0-42583-hdds-container-service-1_2_0-SNAPSHOT_jar-_-any-3330136146279123332/webapp/,AVAILABLE}{jar:file:/home/runner/.m2/repository/org/apache/ozone/hdds-container-service/1.2.0-SNAPSHOT/hdds-container-service-1.2.0-SNAPSHOT.jar!/webapps/hddsDatanode}
2021-09-24 06:39:33,109 [om1@group-C5BA1605619E-SegmentedRaftLogWorker] INFO  segmented.SegmentedRaftLogWorker (SegmentedRaftLogWorker.java:execute(601)) - om1@group-C5BA1605619E-SegmentedRaftLogWorker: created new log segment /home/runner/work/ozone/ozone/hadoop-ozone/integration-test/target/test-dir/MiniOzoneClusterImpl-f3f49fad-ab5e-4528-a036-203aca2c3bfa/ozone-meta/ratis/bf265839-605b-3f16-9796-c5ba1605619e/current/log_inprogress_0
2021-09-24 06:39:33,117 [om1@group-C5BA1605619E-StateMachineUpdater] INFO  ratis.OzoneManagerStateMachine (OzoneManagerStateMachine.java:notifyConfigurationChanged(188)) - Received Configuration change notification from Ratis. New Peer list:
[id: "om1"
address: "localhost:9872"
]
2021-09-24 06:39:33,117 [Listener at 127.0.0.1/44161] INFO  server.AbstractConnector (AbstractConnector.java:doStart(331)) - Started ServerConnector@601625ba{HTTP/1.1, (http/1.1)}{0.0.0.0:42583}
2021-09-24 06:39:33,118 [Listener at 127.0.0.1/44161] INFO  server.Server (Server.java:doStart(415)) - Started @26071ms
2021-09-24 06:39:33,118 [Listener at 127.0.0.1/44161] WARN  impl.MetricsSystemImpl (MetricsSystemImpl.java:register(279)) - Sink prometheus already exists!
2021-09-24 06:39:33,119 [Listener at 127.0.0.1/44161] INFO  http.BaseHttpServer (BaseHttpServer.java:updateConnectorAddress(329)) - HTTP server of hddsDatanode listening at http://0.0.0.0:42583
2021-09-24 06:39:33,125 [Datanode State Machine Thread - 0] INFO  statemachine.DatanodeStateMachine (DatanodeStateMachine.java:lambda$startDaemon$0(456)) - Ozone container server started.
2021-09-24 06:39:33,127 [Listener at 127.0.0.1/44161] INFO  ozone.MiniOzoneClusterImpl (MiniOzoneClusterImpl.java:lambda$waitForClusterToBeReady$0(235)) - Waiting for nodes to be ready. Got 0 of 3 DN Heartbeats.
2021-09-24 06:39:33,127 [Listener at 127.0.0.1/44161] INFO  ozone.MiniOzoneClusterImpl (MiniOzoneClusterImpl.java:lambda$waitForClusterToBeReady$0(238)) - Waiting for cluster to exit safe mode
2021-09-24 06:39:33,127 [Listener at 127.0.0.1/44161] INFO  ozone.MiniOzoneClusterImpl (MiniOzoneClusterImpl.java:lambda$waitForClusterToBeReady$0(240)) - SCM became leader
2021-09-24 06:39:33,136 [org.apache.hadoop.util.JvmPauseMonitor$Monitor@4b7700b5] INFO  util.JvmPauseMonitor (JvmPauseMonitor.java:run(188)) - Starting JVM pause monitor
2021-09-24 06:39:33,144 [Datanode State Machine Task Thread - 0] INFO  datanode.InitDatanodeState (InitDatanodeState.java:persistContainerDatanodeDetails(145)) - DatanodeDetails is persisted to /home/runner/work/ozone/ozone/hadoop-ozone/integration-test/target/test-dir/MiniOzoneClusterImpl-f3f49fad-ab5e-4528-a036-203aca2c3bfa/datanode-2/meta/datanode.id
2021-09-24 06:39:34,127 [Listener at 127.0.0.1/44161] INFO  ozone.MiniOzoneClusterImpl (MiniOzoneClusterImpl.java:lambda$waitForClusterToBeReady$0(235)) - Waiting for nodes to be ready. Got 0 of 3 DN Heartbeats.
2021-09-24 06:39:34,128 [Listener at 127.0.0.1/44161] INFO  ozone.MiniOzoneClusterImpl (MiniOzoneClusterImpl.java:lambda$waitForClusterToBeReady$0(238)) - Waiting for cluster to exit safe mode
2021-09-24 06:39:34,128 [Listener at 127.0.0.1/44161] INFO  ozone.MiniOzoneClusterImpl (MiniOzoneClusterImpl.java:lambda$waitForClusterToBeReady$0(240)) - SCM became leader
2021-09-24 06:39:34,489 [EndpointStateMachine task thread for /0.0.0.0:38197 - 0 ] INFO  ozoneimpl.OzoneContainer (OzoneContainer.java:start(304)) - Attempting to start container services.
2021-09-24 06:39:34,490 [EndpointStateMachine task thread for /0.0.0.0:38197 - 0 ] INFO  ozoneimpl.OzoneContainer (OzoneContainer.java:startContainerScrub(249)) - Background container scanner has been disabled.
2021-09-24 06:39:34,491 [EndpointStateMachine task thread for /0.0.0.0:38197 - 0 ] INFO  replication.ReplicationServer (ReplicationServer.java:start(107)) - ReplicationServer is started using port 38967
2021-09-24 06:39:34,491 [EndpointStateMachine task thread for /0.0.0.0:38197 - 0 ] INFO  ratis.XceiverServerRatis (XceiverServerRatis.java:start(481)) - Starting XceiverServerRatis 10e78caa-6890-4c39-bf63-12a9f1ba3d57
2021-09-24 06:39:34,492 [EndpointStateMachine task thread for /0.0.0.0:38197 - 0 ] INFO  server.RaftServer (RaftServerProxy.java:lambda$start$5(374)) - 10e78caa-6890-4c39-bf63-12a9f1ba3d57: start RPC server
2021-09-24 06:39:34,499 [EndpointStateMachine task thread for /0.0.0.0:38197 - 0 ] INFO  server.GrpcService (GrpcService.java:startImpl(253)) - 10e78caa-6890-4c39-bf63-12a9f1ba3d57: GrpcService started, listening on 38157
2021-09-24 06:39:34,499 [EndpointStateMachine task thread for /0.0.0.0:38197 - 0 ] INFO  ratis.XceiverServerRatis (XceiverServerRatis.java:getRealPort(502)) - XceiverServerRatis 10e78caa-6890-4c39-bf63-12a9f1ba3d57 is started using port 38157 for RATIS
2021-09-24 06:39:34,499 [EndpointStateMachine task thread for /0.0.0.0:38197 - 0 ] INFO  ratis.XceiverServerRatis (XceiverServerRatis.java:getRealPort(502)) - XceiverServerRatis 10e78caa-6890-4c39-bf63-12a9f1ba3d57 is started using port 38157 for RATIS_ADMIN
2021-09-24 06:39:34,499 [EndpointStateMachine task thread for /0.0.0.0:38197 - 0 ] INFO  ratis.XceiverServerRatis (XceiverServerRatis.java:getRealPort(502)) - XceiverServerRatis 10e78caa-6890-4c39-bf63-12a9f1ba3d57 is started using port 38157 for RATIS_SERVER
2021-09-24 06:39:34,503 [org.apache.ratis.util.JvmPauseMonitor$$Lambda$531/356910227@ee50840] INFO  util.JvmPauseMonitor (JvmPauseMonitor.java:run(103)) - JvmPauseMonitor-10e78caa-6890-4c39-bf63-12a9f1ba3d57: Started
2021-09-24 06:39:34,503 [EndpointStateMachine task thread for /0.0.0.0:38197 - 0 ] INFO  server.XceiverServerGrpc (XceiverServerGrpc.java:start(135)) - XceiverServerGrpc 10e78caa-6890-4c39-bf63-12a9f1ba3d57 is started using port 42021
2021-09-24 06:39:34,898 [EndpointStateMachine task thread for /0.0.0.0:38197 - 0 ] INFO  ozoneimpl.OzoneContainer (OzoneContainer.java:start(304)) - Attempting to start container services.
2021-09-24 06:39:34,898 [EndpointStateMachine task thread for /0.0.0.0:38197 - 0 ] INFO  ozoneimpl.OzoneContainer (OzoneContainer.java:startContainerScrub(249)) - Background container scanner has been disabled.
2021-09-24 06:39:34,900 [EndpointStateMachine task thread for /0.0.0.0:38197 - 0 ] INFO  replication.ReplicationServer (ReplicationServer.java:start(107)) - ReplicationServer is started using port 34921
2021-09-24 06:39:34,901 [EndpointStateMachine task thread for /0.0.0.0:38197 - 0 ] INFO  ratis.XceiverServerRatis (XceiverServerRatis.java:start(481)) - Starting XceiverServerRatis 4172555c-9a12-4ec2-8c60-ee93d59dcb13
2021-09-24 06:39:34,907 [EndpointStateMachine task thread for /0.0.0.0:38197 - 0 ] INFO  server.RaftServer (RaftServerProxy.java:lambda$start$5(374)) - 4172555c-9a12-4ec2-8c60-ee93d59dcb13: start RPC server
2021-09-24 06:39:34,915 [EndpointStateMachine task thread for /0.0.0.0:38197 - 0 ] INFO  server.GrpcService (GrpcService.java:startImpl(253)) - 4172555c-9a12-4ec2-8c60-ee93d59dcb13: GrpcService started, listening on 42897
2021-09-24 06:39:34,915 [EndpointStateMachine task thread for /0.0.0.0:38197 - 0 ] INFO  ratis.XceiverServerRatis (XceiverServerRatis.java:getRealPort(502)) - XceiverServerRatis 4172555c-9a12-4ec2-8c60-ee93d59dcb13 is started using port 42897 for RATIS
2021-09-24 06:39:34,915 [EndpointStateMachine task thread for /0.0.0.0:38197 - 0 ] INFO  ratis.XceiverServerRatis (XceiverServerRatis.java:getRealPort(502)) - XceiverServerRatis 4172555c-9a12-4ec2-8c60-ee93d59dcb13 is started using port 42897 for RATIS_ADMIN
2021-09-24 06:39:34,915 [EndpointStateMachine task thread for /0.0.0.0:38197 - 0 ] INFO  ratis.XceiverServerRatis (XceiverServerRatis.java:getRealPort(502)) - XceiverServerRatis 4172555c-9a12-4ec2-8c60-ee93d59dcb13 is started using port 42897 for RATIS_SERVER
2021-09-24 06:39:34,923 [org.apache.ratis.util.JvmPauseMonitor$$Lambda$531/356910227@2a7f98b5] INFO  util.JvmPauseMonitor (JvmPauseMonitor.java:run(103)) - JvmPauseMonitor-4172555c-9a12-4ec2-8c60-ee93d59dcb13: Started
2021-09-24 06:39:34,923 [EndpointStateMachine task thread for /0.0.0.0:38197 - 0 ] INFO  server.XceiverServerGrpc (XceiverServerGrpc.java:start(135)) - XceiverServerGrpc 4172555c-9a12-4ec2-8c60-ee93d59dcb13 is started using port 42243
2021-09-24 06:39:35,128 [Listener at 127.0.0.1/44161] INFO  ozone.MiniOzoneClusterImpl (MiniOzoneClusterImpl.java:lambda$waitForClusterToBeReady$0(235)) - Waiting for nodes to be ready. Got 0 of 3 DN Heartbeats.
2021-09-24 06:39:35,128 [Listener at 127.0.0.1/44161] INFO  ozone.MiniOzoneClusterImpl (MiniOzoneClusterImpl.java:lambda$waitForClusterToBeReady$0(238)) - Waiting for cluster to exit safe mode
2021-09-24 06:39:35,128 [Listener at 127.0.0.1/44161] INFO  ozone.MiniOzoneClusterImpl (MiniOzoneClusterImpl.java:lambda$waitForClusterToBeReady$0(240)) - SCM became leader
2021-09-24 06:39:35,149 [EndpointStateMachine task thread for /0.0.0.0:38197 - 0 ] INFO  ozoneimpl.OzoneContainer (OzoneContainer.java:start(304)) - Attempting to start container services.
2021-09-24 06:39:35,150 [EndpointStateMachine task thread for /0.0.0.0:38197 - 0 ] INFO  ozoneimpl.OzoneContainer (OzoneContainer.java:startContainerScrub(249)) - Background container scanner has been disabled.
2021-09-24 06:39:35,154 [EndpointStateMachine task thread for /0.0.0.0:38197 - 0 ] INFO  replication.ReplicationServer (ReplicationServer.java:start(107)) - ReplicationServer is started using port 35315
2021-09-24 06:39:35,155 [EndpointStateMachine task thread for /0.0.0.0:38197 - 0 ] INFO  ratis.XceiverServerRatis (XceiverServerRatis.java:start(481)) - Starting XceiverServerRatis bf16246d-6f74-4fdf-b7dd-1bcfc33fa8ab
2021-09-24 06:39:35,159 [EndpointStateMachine task thread for /0.0.0.0:38197 - 0 ] INFO  server.RaftServer (RaftServerProxy.java:lambda$start$5(374)) - bf16246d-6f74-4fdf-b7dd-1bcfc33fa8ab: start RPC server
2021-09-24 06:39:35,162 [EndpointStateMachine task thread for /0.0.0.0:38197 - 0 ] INFO  server.GrpcService (GrpcService.java:startImpl(253)) - bf16246d-6f74-4fdf-b7dd-1bcfc33fa8ab: GrpcService started, listening on 38267
2021-09-24 06:39:35,167 [EndpointStateMachine task thread for /0.0.0.0:38197 - 0 ] INFO  ratis.XceiverServerRatis (XceiverServerRatis.java:getRealPort(502)) - XceiverServerRatis bf16246d-6f74-4fdf-b7dd-1bcfc33fa8ab is started using port 38267 for RATIS
2021-09-24 06:39:35,167 [EndpointStateMachine task thread for /0.0.0.0:38197 - 0 ] INFO  ratis.XceiverServerRatis (XceiverServerRatis.java:getRealPort(502)) - XceiverServerRatis bf16246d-6f74-4fdf-b7dd-1bcfc33fa8ab is started using port 38267 for RATIS_ADMIN
2021-09-24 06:39:35,168 [EndpointStateMachine task thread for /0.0.0.0:38197 - 0 ] INFO  ratis.XceiverServerRatis (XceiverServerRatis.java:getRealPort(502)) - XceiverServerRatis bf16246d-6f74-4fdf-b7dd-1bcfc33fa8ab is started using port 38267 for RATIS_SERVER
2021-09-24 06:39:35,181 [org.apache.ratis.util.JvmPauseMonitor$$Lambda$531/356910227@62e00337] INFO  util.JvmPauseMonitor (JvmPauseMonitor.java:run(103)) - JvmPauseMonitor-bf16246d-6f74-4fdf-b7dd-1bcfc33fa8ab: Started
2021-09-24 06:39:35,182 [EndpointStateMachine task thread for /0.0.0.0:38197 - 0 ] INFO  server.XceiverServerGrpc (XceiverServerGrpc.java:start(135)) - XceiverServerGrpc bf16246d-6f74-4fdf-b7dd-1bcfc33fa8ab is started using port 41615
2021-09-24 06:39:36,128 [Listener at 127.0.0.1/44161] INFO  ozone.MiniOzoneClusterImpl (MiniOzoneClusterImpl.java:lambda$waitForClusterToBeReady$0(235)) - Waiting for nodes to be ready. Got 0 of 3 DN Heartbeats.
2021-09-24 06:39:36,129 [Listener at 127.0.0.1/44161] INFO  ozone.MiniOzoneClusterImpl (MiniOzoneClusterImpl.java:lambda$waitForClusterToBeReady$0(238)) - Waiting for cluster to exit safe mode
2021-09-24 06:39:36,129 [Listener at 127.0.0.1/44161] INFO  ozone.MiniOzoneClusterImpl (MiniOzoneClusterImpl.java:lambda$waitForClusterToBeReady$0(240)) - SCM became leader
2021-09-24 06:39:36,479 [IPC Server handler 2 on default port 38197] INFO  net.NetworkTopologyImpl (NetworkTopologyImpl.java:add(112)) - Added a new node: /default-rack/10e78caa-6890-4c39-bf63-12a9f1ba3d57
2021-09-24 06:39:36,479 [IPC Server handler 2 on default port 38197] INFO  node.SCMNodeManager (SCMNodeManager.java:register(389)) - Registered Data node : 10e78caa-6890-4c39-bf63-12a9f1ba3d57{ip: 10.1.0.9, host: fv-az116-285.vzw04321ajxubdbcnpick5nqva.xx.internal.cloudapp.net, ports: [REPLICATION=38967, RATIS=38157, RATIS_ADMIN=38157, RATIS_SERVER=38157, STANDALONE=42021], networkLocation: /default-rack, certSerialId: null, persistedOpState: null, persistedOpStateExpiryEpochSec: 0}
2021-09-24 06:39:36,482 [EventQueue-NodeRegistrationContainerReportForDataNodeSafeModeRule] INFO  safemode.SCMSafeModeManager (DataNodeSafeModeRule.java:process(71)) - SCM in safe mode. 1 DataNodes registered, 3 required.
2021-09-24 06:39:36,482 [EventQueue-NodeRegistrationContainerReportForContainerSafeModeRule] INFO  safemode.SCMSafeModeManager (SCMSafeModeManager.java:validateSafeModeExitRules(204)) - ContainerSafeModeRule rule is successfully validated
2021-09-24 06:39:36,486 [EventQueue-NewNodeForNewNodeHandler] INFO  pipeline.BackgroundPipelineCreator (BackgroundPipelineCreatorV2.java:notifyEventTriggered(285)) - trigger a one-shot run on RatisPipelineUtilsThread.
2021-09-24 06:39:36,487 [RatisPipelineUtilsThread - 0] INFO  pipeline.RatisPipelineProvider (RatisPipelineProvider.java:lambda$create$0(183)) - Sending CreatePipelineCommand for pipeline:PipelineID=8f539799-714a-4e04-bef2-3e0d269dc9b6 to datanode:10e78caa-6890-4c39-bf63-12a9f1ba3d57
2021-09-24 06:39:36,488 [RatisPipelineUtilsThread - 0] INFO  pipeline.PipelineStateManager (PipelineStateManagerV2Impl.java:addPipeline(101)) - Created pipeline Pipeline[ Id: 8f539799-714a-4e04-bef2-3e0d269dc9b6, Nodes: 10e78caa-6890-4c39-bf63-12a9f1ba3d57{ip: 10.1.0.9, host: fv-az116-285.vzw04321ajxubdbcnpick5nqva.xx.internal.cloudapp.net, ports: [REPLICATION=38967, RATIS=38157, RATIS_ADMIN=38157, RATIS_SERVER=38157, STANDALONE=42021], networkLocation: /default-rack, certSerialId: null, persistedOpState: IN_SERVICE, persistedOpStateExpiryEpochSec: 0}, ReplicationConfig: RATIS/ONE, State:ALLOCATED, leaderId:, CreationTimestamp2021-09-24T06:39:36.487Z[Etc/UTC]].
2021-09-24 06:39:36,490 [EventQueue-PipelineReportForOneReplicaPipelineSafeModeRule] INFO  safemode.SCMSafeModeManager (SCMSafeModeManager.java:validateSafeModeExitRules(204)) - AtleastOneDatanodeReportedRule rule is successfully validated
2021-09-24 06:39:36,903 [IPC Server handler 1 on default port 38197] INFO  net.NetworkTopologyImpl (NetworkTopologyImpl.java:add(112)) - Added a new node: /default-rack/4172555c-9a12-4ec2-8c60-ee93d59dcb13
2021-09-24 06:39:36,905 [IPC Server handler 1 on default port 38197] INFO  node.SCMNodeManager (SCMNodeManager.java:register(389)) - Registered Data node : 4172555c-9a12-4ec2-8c60-ee93d59dcb13{ip: 10.1.0.9, host: fv-az116-285.vzw04321ajxubdbcnpick5nqva.xx.internal.cloudapp.net, ports: [REPLICATION=34921, RATIS=42897, RATIS_ADMIN=42897, RATIS_SERVER=42897, STANDALONE=42243], networkLocation: /default-rack, certSerialId: null, persistedOpState: null, persistedOpStateExpiryEpochSec: 0}
2021-09-24 06:39:36,905 [EventQueue-NewNodeForNewNodeHandler] INFO  pipeline.BackgroundPipelineCreator (BackgroundPipelineCreatorV2.java:notifyEventTriggered(285)) - trigger a one-shot run on RatisPipelineUtilsThread.
2021-09-24 06:39:36,906 [EventQueue-NodeRegistrationContainerReportForDataNodeSafeModeRule] INFO  safemode.SCMSafeModeManager (DataNodeSafeModeRule.java:process(71)) - SCM in safe mode. 2 DataNodes registered, 3 required.
2021-09-24 06:39:36,910 [RatisPipelineUtilsThread - 0] INFO  pipeline.RatisPipelineProvider (RatisPipelineProvider.java:lambda$create$0(183)) - Sending CreatePipelineCommand for pipeline:PipelineID=f689328f-3ddd-4931-83ae-1e90b5c77822 to datanode:4172555c-9a12-4ec2-8c60-ee93d59dcb13
2021-09-24 06:39:36,911 [RatisPipelineUtilsThread - 0] INFO  pipeline.PipelineStateManager (PipelineStateManagerV2Impl.java:addPipeline(101)) - Created pipeline Pipeline[ Id: f689328f-3ddd-4931-83ae-1e90b5c77822, Nodes: 4172555c-9a12-4ec2-8c60-ee93d59dcb13{ip: 10.1.0.9, host: fv-az116-285.vzw04321ajxubdbcnpick5nqva.xx.internal.cloudapp.net, ports: [REPLICATION=34921, RATIS=42897, RATIS_ADMIN=42897, RATIS_SERVER=42897, STANDALONE=42243], networkLocation: /default-rack, certSerialId: null, persistedOpState: IN_SERVICE, persistedOpStateExpiryEpochSec: 0}, ReplicationConfig: RATIS/ONE, State:ALLOCATED, leaderId:, CreationTimestamp2021-09-24T06:39:36.910Z[Etc/UTC]].
2021-09-24 06:39:37,129 [Listener at 127.0.0.1/44161] INFO  ozone.MiniOzoneClusterImpl (MiniOzoneClusterImpl.java:lambda$waitForClusterToBeReady$0(235)) - Waiting for nodes to be ready. Got 2 of 3 DN Heartbeats.
2021-09-24 06:39:37,129 [Listener at 127.0.0.1/44161] INFO  ozone.MiniOzoneClusterImpl (MiniOzoneClusterImpl.java:lambda$waitForClusterToBeReady$0(238)) - Waiting for cluster to exit safe mode
2021-09-24 06:39:37,129 [Listener at 127.0.0.1/44161] INFO  ozone.MiniOzoneClusterImpl (MiniOzoneClusterImpl.java:lambda$waitForClusterToBeReady$0(240)) - SCM became leader
2021-09-24 06:39:37,139 [IPC Server handler 2 on default port 38197] INFO  net.NetworkTopologyImpl (NetworkTopologyImpl.java:add(112)) - Added a new node: /default-rack/bf16246d-6f74-4fdf-b7dd-1bcfc33fa8ab
2021-09-24 06:39:37,140 [IPC Server handler 2 on default port 38197] INFO  node.SCMNodeManager (SCMNodeManager.java:register(389)) - Registered Data node : bf16246d-6f74-4fdf-b7dd-1bcfc33fa8ab{ip: 10.1.0.9, host: fv-az116-285.vzw04321ajxubdbcnpick5nqva.xx.internal.cloudapp.net, ports: [REPLICATION=35315, RATIS=38267, RATIS_ADMIN=38267, RATIS_SERVER=38267, STANDALONE=41615], networkLocation: /default-rack, certSerialId: null, persistedOpState: null, persistedOpStateExpiryEpochSec: 0}
2021-09-24 06:39:37,140 [EventQueue-NewNodeForNewNodeHandler] INFO  pipeline.BackgroundPipelineCreator (BackgroundPipelineCreatorV2.java:notifyEventTriggered(285)) - trigger a one-shot run on RatisPipelineUtilsThread.
2021-09-24 06:39:37,141 [RatisPipelineUtilsThread - 0] INFO  pipeline.RatisPipelineProvider (RatisPipelineProvider.java:lambda$create$0(183)) - Sending CreatePipelineCommand for pipeline:PipelineID=89be3c85-330a-4911-80fb-2efac84efcec to datanode:bf16246d-6f74-4fdf-b7dd-1bcfc33fa8ab
2021-09-24 06:39:37,141 [EventQueue-NodeRegistrationContainerReportForDataNodeSafeModeRule] INFO  safemode.SCMSafeModeManager (DataNodeSafeModeRule.java:process(71)) - SCM in safe mode. 3 DataNodes registered, 3 required.
2021-09-24 06:39:37,141 [EventQueue-NodeRegistrationContainerReportForDataNodeSafeModeRule] INFO  safemode.SCMSafeModeManager (SCMSafeModeManager.java:validateSafeModeExitRules(204)) - DataNodeSafeModeRule rule is successfully validated
2021-09-24 06:39:37,141 [EventQueue-NodeRegistrationContainerReportForDataNodeSafeModeRule] INFO  safemode.SCMSafeModeManager (SCMSafeModeManager.java:completePreCheck(233)) - All SCM safe mode pre check rules have passed
2021-09-24 06:39:37,141 [EventQueue-NodeRegistrationContainerReportForDataNodeSafeModeRule] WARN  events.EventQueue (EventQueue.java:fireEvent(194)) - No event handler registered for event TypedEvent{payloadType=SafeModeStatus, name='Safe mode status'}
2021-09-24 06:39:37,141 [EventQueue-NodeRegistrationContainerReportForDataNodeSafeModeRule] INFO  ha.SCMContext (SCMContext.java:updateSafeModeStatus(205)) - Update SafeModeStatus from SafeModeStatus{safeModeStatus=true, preCheckPassed=false} to SafeModeStatus{safeModeStatus=true, preCheckPassed=true}.
2021-09-24 06:39:37,141 [EventQueue-NodeRegistrationContainerReportForDataNodeSafeModeRule] INFO  pipeline.BackgroundPipelineCreator (BackgroundPipelineCreatorV2.java:notifyEventTriggered(285)) - trigger a one-shot run on RatisPipelineUtilsThread.
2021-09-24 06:39:37,142 [RatisPipelineUtilsThread - 0] INFO  pipeline.PipelineStateManager (PipelineStateManagerV2Impl.java:addPipeline(101)) - Created pipeline Pipeline[ Id: 89be3c85-330a-4911-80fb-2efac84efcec, Nodes: bf16246d-6f74-4fdf-b7dd-1bcfc33fa8ab{ip: 10.1.0.9, host: fv-az116-285.vzw04321ajxubdbcnpick5nqva.xx.internal.cloudapp.net, ports: [REPLICATION=35315, RATIS=38267, RATIS_ADMIN=38267, RATIS_SERVER=38267, STANDALONE=41615], networkLocation: /default-rack, certSerialId: null, persistedOpState: IN_SERVICE, persistedOpStateExpiryEpochSec: 0}, ReplicationConfig: RATIS/ONE, State:ALLOCATED, leaderId:, CreationTimestamp2021-09-24T06:39:37.141Z[Etc/UTC]].
2021-09-24 06:39:37,145 [RatisPipelineUtilsThread - 0] INFO  pipeline.RatisPipelineProvider (RatisPipelineProvider.java:lambda$create$0(183)) - Sending CreatePipelineCommand for pipeline:PipelineID=bfcc81fe-0233-4a52-a81a-842a84c1bf42 to datanode:4172555c-9a12-4ec2-8c60-ee93d59dcb13
2021-09-24 06:39:37,145 [RatisPipelineUtilsThread - 0] INFO  pipeline.RatisPipelineProvider (RatisPipelineProvider.java:lambda$create$0(183)) - Sending CreatePipelineCommand for pipeline:PipelineID=bfcc81fe-0233-4a52-a81a-842a84c1bf42 to datanode:10e78caa-6890-4c39-bf63-12a9f1ba3d57
2021-09-24 06:39:37,145 [RatisPipelineUtilsThread - 0] INFO  pipeline.RatisPipelineProvider (RatisPipelineProvider.java:lambda$create$0(183)) - Sending CreatePipelineCommand for pipeline:PipelineID=bfcc81fe-0233-4a52-a81a-842a84c1bf42 to datanode:bf16246d-6f74-4fdf-b7dd-1bcfc33fa8ab
2021-09-24 06:39:37,146 [RatisPipelineUtilsThread - 0] INFO  pipeline.PipelineStateManager (PipelineStateManagerV2Impl.java:addPipeline(101)) - Created pipeline Pipeline[ Id: bfcc81fe-0233-4a52-a81a-842a84c1bf42, Nodes: 4172555c-9a12-4ec2-8c60-ee93d59dcb13{ip: 10.1.0.9, host: fv-az116-285.vzw04321ajxubdbcnpick5nqva.xx.internal.cloudapp.net, ports: [REPLICATION=34921, RATIS=42897, RATIS_ADMIN=42897, RATIS_SERVER=42897, STANDALONE=42243], networkLocation: /default-rack, certSerialId: null, persistedOpState: IN_SERVICE, persistedOpStateExpiryEpochSec: 0}10e78caa-6890-4c39-bf63-12a9f1ba3d57{ip: 10.1.0.9, host: fv-az116-285.vzw04321ajxubdbcnpick5nqva.xx.internal.cloudapp.net, ports: [REPLICATION=38967, RATIS=38157, RATIS_ADMIN=38157, RATIS_SERVER=38157, STANDALONE=42021], networkLocation: /default-rack, certSerialId: null, persistedOpState: IN_SERVICE, persistedOpStateExpiryEpochSec: 0}bf16246d-6f74-4fdf-b7dd-1bcfc33fa8ab{ip: 10.1.0.9, host: fv-az116-285.vzw04321ajxubdbcnpick5nqva.xx.internal.cloudapp.net, ports: [REPLICATION=35315, RATIS=38267, RATIS_ADMIN=38267, RATIS_SERVER=38267, STANDALONE=41615], networkLocation: /default-rack, certSerialId: null, persistedOpState: IN_SERVICE, persistedOpStateExpiryEpochSec: 0}, ReplicationConfig: RATIS/THREE, State:ALLOCATED, leaderId:, CreationTimestamp2021-09-24T06:39:37.145Z[Etc/UTC]].
2021-09-24 06:39:38,129 [Listener at 127.0.0.1/44161] INFO  ozone.MiniOzoneClusterImpl (MiniOzoneClusterImpl.java:lambda$waitForClusterToBeReady$0(235)) - Nodes are ready. Got 3 of 3 DN Heartbeats.
2021-09-24 06:39:38,130 [Listener at 127.0.0.1/44161] INFO  ozone.MiniOzoneClusterImpl (MiniOzoneClusterImpl.java:lambda$waitForClusterToBeReady$0(238)) - Waiting for cluster to exit safe mode
2021-09-24 06:39:38,130 [Listener at 127.0.0.1/44161] INFO  ozone.MiniOzoneClusterImpl (MiniOzoneClusterImpl.java:lambda$waitForClusterToBeReady$0(240)) - SCM became leader
2021-09-24 06:39:39,131 [Listener at 127.0.0.1/44161] INFO  ozone.MiniOzoneClusterImpl (MiniOzoneClusterImpl.java:lambda$waitForClusterToBeReady$0(235)) - Nodes are ready. Got 3 of 3 DN Heartbeats.
2021-09-24 06:39:39,131 [Listener at 127.0.0.1/44161] INFO  ozone.MiniOzoneClusterImpl (MiniOzoneClusterImpl.java:lambda$waitForClusterToBeReady$0(238)) - Waiting for cluster to exit safe mode
2021-09-24 06:39:39,131 [Listener at 127.0.0.1/44161] INFO  ozone.MiniOzoneClusterImpl (MiniOzoneClusterImpl.java:lambda$waitForClusterToBeReady$0(240)) - SCM became leader
2021-09-24 06:39:39,477 [Command processor thread] INFO  server.RaftServer (RaftServerProxy.java:addNew(95)) - 10e78caa-6890-4c39-bf63-12a9f1ba3d57: addNew group-3E0D269DC9B6:[10e78caa-6890-4c39-bf63-12a9f1ba3d57|rpc:10.1.0.9:38157|priority:1] returns group-3E0D269DC9B6:java.util.concurrent.CompletableFuture@3f9a5cdd[Not completed]
2021-09-24 06:39:39,488 [pool-123-thread-1] INFO  server.RaftServer$Division (RaftServerImpl.java:<init>(181)) - 10e78caa-6890-4c39-bf63-12a9f1ba3d57: new RaftServerImpl for group-3E0D269DC9B6:[10e78caa-6890-4c39-bf63-12a9f1ba3d57|rpc:10.1.0.9:38157|priority:1] with ContainerStateMachine:uninitialized
2021-09-24 06:39:39,488 [pool-123-thread-1] INFO  server.RaftServerConfigKeys (ConfUtils.java:logGet(44)) - raft.server.rpc.timeout.min = 5s (custom)
2021-09-24 06:39:39,488 [pool-123-thread-1] INFO  server.RaftServerConfigKeys (ConfUtils.java:logGet(44)) - raft.server.rpc.timeout.max = 5200ms (custom)
2021-09-24 06:39:39,489 [pool-123-thread-1] INFO  server.RaftServerConfigKeys (ConfUtils.java:logGet(44)) - raft.server.rpc.sleep.time = 25ms (default)
2021-09-24 06:39:39,489 [pool-123-thread-1] INFO  server.RaftServerConfigKeys (ConfUtils.java:logGet(44)) - raft.server.rpc.slowness.timeout = 300s (custom)
2021-09-24 06:39:39,489 [pool-123-thread-1] INFO  server.RaftServerConfigKeys (ConfUtils.java:logGet(44)) - raft.server.leaderelection.leader.step-down.wait-time = 10s (default)
2021-09-24 06:39:39,489 [pool-123-thread-1] INFO  server.RaftServerConfigKeys (ConfUtils.java:logGet(44)) - raft.server.sleep.deviation.threshold = 300ms (default)
2021-09-24 06:39:39,489 [pool-123-thread-1] INFO  server.RaftServerConfigKeys (ConfUtils.java:logGet(44)) - raft.server.log.appender.install.snapshot.enabled = false (custom)
2021-09-24 06:39:39,489 [pool-123-thread-1] INFO  server.RaftServer$Division (ServerState.java:<init>(105)) - 10e78caa-6890-4c39-bf63-12a9f1ba3d57@group-3E0D269DC9B6: ConfigurationManager, init=-1: [10e78caa-6890-4c39-bf63-12a9f1ba3d57|rpc:10.1.0.9:38157|priority:1], old=null, confs=<EMPTY_MAP>
2021-09-24 06:39:39,489 [pool-123-thread-1] INFO  server.RaftServerConfigKeys (ConfUtils.java:logGet(44)) - raft.server.storage.dir = [/home/runner/work/ozone/ozone/hadoop-ozone/integration-test/target/test-dir/MiniOzoneClusterImpl-f3f49fad-ab5e-4528-a036-203aca2c3bfa/datanode-0/data/ratis] (custom)
2021-09-24 06:39:39,490 [pool-123-thread-1] INFO  server.RaftServerConfigKeys (ConfUtils.java:logGet(44)) - raft.server.log.corruption.policy = EXCEPTION (default)
2021-09-24 06:39:39,490 [pool-123-thread-1] INFO  server.RaftServerConfigKeys (ConfUtils.java:logGet(44)) - raft.server.storage.free-space.min = 0MB (=0) (default)
2021-09-24 06:39:39,490 [pool-123-thread-1] INFO  storage.RaftStorageDirectory (RaftStorageDirectoryImpl.java:analyzeStorage(135)) - The storage directory /home/runner/work/ozone/ozone/hadoop-ozone/integration-test/target/test-dir/MiniOzoneClusterImpl-f3f49fad-ab5e-4528-a036-203aca2c3bfa/datanode-0/data/ratis/8f539799-714a-4e04-bef2-3e0d269dc9b6 does not exist. Creating ...
2021-09-24 06:39:39,493 [pool-123-thread-1] INFO  storage.RaftStorageDirectory (RaftStorageDirectoryImpl.java:tryLock(230)) - Lock on /home/runner/work/ozone/ozone/hadoop-ozone/integration-test/target/test-dir/MiniOzoneClusterImpl-f3f49fad-ab5e-4528-a036-203aca2c3bfa/datanode-0/data/ratis/8f539799-714a-4e04-bef2-3e0d269dc9b6/in_use.lock acquired by nodename 14884@fv-az116-285
2021-09-24 06:39:39,494 [pool-123-thread-1] INFO  storage.RaftStorage (RaftStorageImpl.java:format(89)) - Storage directory /home/runner/work/ozone/ozone/hadoop-ozone/integration-test/target/test-dir/MiniOzoneClusterImpl-f3f49fad-ab5e-4528-a036-203aca2c3bfa/datanode-0/data/ratis/8f539799-714a-4e04-bef2-3e0d269dc9b6 has been successfully formatted.
2021-09-24 06:39:39,496 [Datanode State Machine Thread - 0] WARN  statemachine.StateContext (StateContext.java:execute(621)) - No available thread in pool for past 1 seconds.
2021-09-24 06:39:39,495 [pool-123-thread-1] INFO  ratis.ContainerStateMachine (ContainerStateMachine.java:loadSnapshot(224)) - group-3E0D269DC9B6: The snapshot info is null. Setting the last applied indexto:(t:0, i:~)
2021-09-24 06:39:39,501 [pool-123-thread-1] INFO  server.RaftServerConfigKeys (ConfUtils.java:logGet(44)) - raft.server.notification.no-leader.timeout = 300s (custom)
2021-09-24 06:39:39,503 [EventQueue-PipelineReportForPipelineReportHandler] INFO  pipeline.PipelineManagerImpl (PipelineManagerImpl.java:openPipeline(282)) - Pipeline Pipeline[ Id: 8f539799-714a-4e04-bef2-3e0d269dc9b6, Nodes: 10e78caa-6890-4c39-bf63-12a9f1ba3d57{ip: 10.1.0.9, host: fv-az116-285.vzw04321ajxubdbcnpick5nqva.xx.internal.cloudapp.net, ports: [REPLICATION=38967, RATIS=38157, RATIS_ADMIN=38157, RATIS_SERVER=38157, STANDALONE=42021], networkLocation: /default-rack, certSerialId: null, persistedOpState: IN_SERVICE, persistedOpStateExpiryEpochSec: 0}, ReplicationConfig: RATIS/ONE, State:ALLOCATED, leaderId:10e78caa-6890-4c39-bf63-12a9f1ba3d57, CreationTimestamp2021-09-24T06:39:36.487Z[Etc/UTC]] moved to OPEN state
2021-09-24 06:39:39,504 [pool-123-thread-1] INFO  server.RaftServerConfigKeys (ConfUtils.java:logGet(44)) - raft.server.log.use.memory = false (default)
2021-09-24 06:39:39,504 [pool-123-thread-1] INFO  server.RaftServerConfigKeys (ConfUtils.java:logGet(44)) - raft.server.log.purge.gap = 1000000 (custom)
2021-09-24 06:39:39,504 [pool-123-thread-1] INFO  server.RaftServerConfigKeys (ConfUtils.java:logGet(44)) - raft.server.log.appender.buffer.byte-limit = 33554432 (custom)
2021-09-24 06:39:39,505 [pool-123-thread-1] INFO  server.RaftServerConfigKeys (ConfUtils.java:logGet(44)) - raft.server.log.segment.size.max = 1048576 (custom)
2021-09-24 06:39:39,508 [EventQueue-OpenPipelineForHealthyPipelineSafeModeRule] INFO  safemode.SCMSafeModeManager (HealthyPipelineSafeModeRule.java:process(124)) - SCM in safe mode. Healthy pipelines reported count is 0, required healthy pipeline reported count is 1
2021-09-24 06:39:39,510 [pool-123-thread-1] INFO  server.RaftServerConfigKeys (ConfUtils.java:logGet(44)) - raft.server.log.segment.cache.num.max = 2 (custom)
2021-09-24 06:39:39,513 [pool-123-thread-1] INFO  server.RaftServerConfigKeys (ConfUtils.java:logGet(44)) - raft.server.log.segment.cache.size.max = 200MB (=209715200) (default)
2021-09-24 06:39:39,513 [pool-123-thread-1] INFO  segmented.SegmentedRaftLogWorker (SegmentedRaftLogWorker.java:<init>(182)) - new 10e78caa-6890-4c39-bf63-12a9f1ba3d57@group-3E0D269DC9B6-SegmentedRaftLogWorker for RaftStorageImpl:Storage Directory /home/runner/work/ozone/ozone/hadoop-ozone/integration-test/target/test-dir/MiniOzoneClusterImpl-f3f49fad-ab5e-4528-a036-203aca2c3bfa/datanode-0/data/ratis/8f539799-714a-4e04-bef2-3e0d269dc9b6
2021-09-24 06:39:39,514 [pool-123-thread-1] INFO  server.RaftServerConfigKeys (ConfUtils.java:logGet(44)) - raft.server.log.queue.byte-limit = 2147483647 (custom)
2021-09-24 06:39:39,514 [pool-123-thread-1] INFO  server.RaftServerConfigKeys (ConfUtils.java:logGet(44)) - raft.server.log.queue.element-limit = 1024 (custom)
2021-09-24 06:39:39,514 [pool-123-thread-1] INFO  server.RaftServerConfigKeys (ConfUtils.java:logGet(44)) - raft.server.log.segment.size.max = 1048576 (custom)
2021-09-24 06:39:39,514 [pool-123-thread-1] INFO  server.RaftServerConfigKeys (ConfUtils.java:logGet(44)) - raft.server.log.preallocated.size = 16384 (custom)
2021-09-24 06:39:39,514 [pool-123-thread-1] INFO  server.RaftServerConfigKeys (ConfUtils.java:logGet(44)) - raft.server.log.force.sync.num = 128 (default)
2021-09-24 06:39:39,514 [pool-123-thread-1] INFO  server.RaftServerConfigKeys (ConfUtils.java:logGet(44)) - raft.server.log.statemachine.data.sync = true (default)
2021-09-24 06:39:39,514 [pool-123-thread-1] INFO  server.RaftServerConfigKeys (ConfUtils.java:logGet(44)) - raft.server.log.statemachine.data.sync.timeout = 10s (default)
2021-09-24 06:39:39,514 [pool-123-thread-1] INFO  server.RaftServerConfigKeys (ConfUtils.java:logGet(44)) - raft.server.log.statemachine.data.sync.timeout.retry = -1 (default)
2021-09-24 06:39:39,516 [pool-123-thread-1] INFO  server.RaftServerConfigKeys (ConfUtils.java:logGet(44)) - raft.server.log.write.buffer.size = 1048576 (custom)
2021-09-24 06:39:39,520 [pool-123-thread-1] INFO  server.RaftServerConfigKeys (ConfUtils.java:logGet(44)) - raft.server.log.statemachine.data.caching.enabled = true (custom)
2021-09-24 06:39:39,521 [pool-123-thread-1] INFO  segmented.SegmentedRaftLogWorker (SegmentedRaftLogWorker.java:lambda$new$0(133)) - 10e78caa-6890-4c39-bf63-12a9f1ba3d57@group-3E0D269DC9B6-SegmentedRaftLogWorker: flushIndex: setUnconditionally 0 -> -1
2021-09-24 06:39:39,521 [pool-123-thread-1] INFO  segmented.SegmentedRaftLogWorker (SegmentedRaftLogWorker.java:lambda$new$0(133)) - 10e78caa-6890-4c39-bf63-12a9f1ba3d57@group-3E0D269DC9B6-SegmentedRaftLogWorker: safeCacheEvictIndex: setUnconditionally 0 -> -1
2021-09-24 06:39:39,522 [pool-123-thread-1] INFO  server.RaftServerConfigKeys (ConfUtils.java:logGet(44)) - raft.server.snapshot.auto.trigger.enabled = true (custom)
2021-09-24 06:39:39,522 [pool-123-thread-1] INFO  server.RaftServerConfigKeys (ConfUtils.java:logGet(44)) - raft.server.snapshot.auto.trigger.threshold = 10000 (custom)
2021-09-24 06:39:39,522 [pool-123-thread-1] INFO  server.RaftServerConfigKeys (ConfUtils.java:logGet(44)) - raft.server.snapshot.retention.file.num = 5 (custom)
2021-09-24 06:39:39,522 [pool-123-thread-1] INFO  server.RaftServerConfigKeys (ConfUtils.java:logGet(44)) - raft.server.log.purge.upto.snapshot.index = false (default)
2021-09-24 06:39:39,523 [pool-123-thread-1] INFO  server.RaftServerConfigKeys (ConfUtils.java:logGet(44)) - raft.server.retrycache.expirytime = 600000ms (custom)
2021-09-24 06:39:39,523 [pool-123-thread-1] INFO  server.RaftServerConfigKeys (ConfUtils.java:logGet(44)) - raft.server.retrycache.statistics.expirytime = 100μs (default)
2021-09-24 06:39:39,525 [pool-123-thread-1] INFO  server.RaftServer$Division (RaftServerImpl.java:start(296)) - 10e78caa-6890-4c39-bf63-12a9f1ba3d57@group-3E0D269DC9B6: start as a follower, conf=-1: [10e78caa-6890-4c39-bf63-12a9f1ba3d57|rpc:10.1.0.9:38157|priority:1], old=null
2021-09-24 06:39:39,528 [pool-123-thread-1] INFO  server.RaftServer$Division (RaftServerImpl.java:setRole(285)) - 10e78caa-6890-4c39-bf63-12a9f1ba3d57@group-3E0D269DC9B6: changes role from      null to FOLLOWER at term 0 for startAsFollower
2021-09-24 06:39:39,528 [pool-123-thread-1] INFO  impl.RoleInfo (RoleInfo.java:updateAndGet(130)) - 10e78caa-6890-4c39-bf63-12a9f1ba3d57: start 10e78caa-6890-4c39-bf63-12a9f1ba3d57@group-3E0D269DC9B6-FollowerState
2021-09-24 06:39:39,530 [pool-123-thread-1] INFO  util.JmxRegister (JmxRegister.java:tryRegister(44)) - Successfully registered JMX Bean with object name Ratis:service=RaftServer,group=group-3E0D269DC9B6,id=10e78caa-6890-4c39-bf63-12a9f1ba3d57
2021-09-24 06:39:39,532 [Command processor thread] INFO  ratis.XceiverServerRatis (XceiverServerRatis.java:addGroup(762)) - Created group PipelineID=8f539799-714a-4e04-bef2-3e0d269dc9b6
2021-09-24 06:39:39,532 [Command processor thread] INFO  commandhandler.CreatePipelineCommandHandler (CreatePipelineCommandHandler.java:handle(106)) - Created Pipeline RATIS ONE PipelineID=8f539799-714a-4e04-bef2-3e0d269dc9b6.
2021-09-24 06:39:39,532 [Command processor thread] INFO  server.RaftServer (RaftServerProxy.java:addNew(95)) - 10e78caa-6890-4c39-bf63-12a9f1ba3d57: addNew group-842A84C1BF42:[bf16246d-6f74-4fdf-b7dd-1bcfc33fa8ab|rpc:10.1.0.9:38267|priority:0, 4172555c-9a12-4ec2-8c60-ee93d59dcb13|rpc:10.1.0.9:42897|priority:1, 10e78caa-6890-4c39-bf63-12a9f1ba3d57|rpc:10.1.0.9:38157|priority:0] returns group-842A84C1BF42:java.util.concurrent.CompletableFuture@3ba5dff6[Not completed]
2021-09-24 06:39:39,534 [pool-123-thread-1] INFO  server.RaftServer$Division (RaftServerImpl.java:<init>(181)) - 10e78caa-6890-4c39-bf63-12a9f1ba3d57: new RaftServerImpl for group-842A84C1BF42:[bf16246d-6f74-4fdf-b7dd-1bcfc33fa8ab|rpc:10.1.0.9:38267|priority:0, 4172555c-9a12-4ec2-8c60-ee93d59dcb13|rpc:10.1.0.9:42897|priority:1, 10e78caa-6890-4c39-bf63-12a9f1ba3d57|rpc:10.1.0.9:38157|priority:0] with ContainerStateMachine:uninitialized
2021-09-24 06:39:39,535 [pool-123-thread-1] INFO  server.RaftServerConfigKeys (ConfUtils.java:logGet(44)) - raft.server.rpc.timeout.min = 5s (custom)
2021-09-24 06:39:39,535 [pool-123-thread-1] INFO  server.RaftServerConfigKeys (ConfUtils.java:logGet(44)) - raft.server.rpc.timeout.max = 5200ms (custom)
2021-09-24 06:39:39,536 [pool-123-thread-1] INFO  server.RaftServerConfigKeys (ConfUtils.java:logGet(44)) - raft.server.rpc.sleep.time = 25ms (default)
2021-09-24 06:39:39,536 [pool-123-thread-1] INFO  server.RaftServerConfigKeys (ConfUtils.java:logGet(44)) - raft.server.rpc.slowness.timeout = 300s (custom)
2021-09-24 06:39:39,536 [pool-123-thread-1] INFO  server.RaftServerConfigKeys (ConfUtils.java:logGet(44)) - raft.server.leaderelection.leader.step-down.wait-time = 10s (default)
2021-09-24 06:39:39,536 [pool-123-thread-1] INFO  server.RaftServerConfigKeys (ConfUtils.java:logGet(44)) - raft.server.sleep.deviation.threshold = 300ms (default)
2021-09-24 06:39:39,536 [pool-123-thread-1] INFO  server.RaftServerConfigKeys (ConfUtils.java:logGet(44)) - raft.server.log.appender.install.snapshot.enabled = false (custom)
2021-09-24 06:39:39,536 [pool-123-thread-1] INFO  server.RaftServer$Division (ServerState.java:<init>(105)) - 10e78caa-6890-4c39-bf63-12a9f1ba3d57@group-842A84C1BF42: ConfigurationManager, init=-1: [bf16246d-6f74-4fdf-b7dd-1bcfc33fa8ab|rpc:10.1.0.9:38267|priority:0, 4172555c-9a12-4ec2-8c60-ee93d59dcb13|rpc:10.1.0.9:42897|priority:1, 10e78caa-6890-4c39-bf63-12a9f1ba3d57|rpc:10.1.0.9:38157|priority:0], old=null, confs=<EMPTY_MAP>
2021-09-24 06:39:39,536 [pool-123-thread-1] INFO  server.RaftServerConfigKeys (ConfUtils.java:logGet(44)) - raft.server.storage.dir = [/home/runner/work/ozone/ozone/hadoop-ozone/integration-test/target/test-dir/MiniOzoneClusterImpl-f3f49fad-ab5e-4528-a036-203aca2c3bfa/datanode-0/data/ratis] (custom)
2021-09-24 06:39:39,537 [pool-123-thread-1] INFO  server.RaftServerConfigKeys (ConfUtils.java:logGet(44)) - raft.server.log.corruption.policy = EXCEPTION (default)
2021-09-24 06:39:39,537 [pool-123-thread-1] INFO  server.RaftServerConfigKeys (ConfUtils.java:logGet(44)) - raft.server.storage.free-space.min = 0MB (=0) (default)
2021-09-24 06:39:39,537 [pool-123-thread-1] INFO  storage.RaftStorageDirectory (RaftStorageDirectoryImpl.java:analyzeStorage(135)) - The storage directory /home/runner/work/ozone/ozone/hadoop-ozone/integration-test/target/test-dir/MiniOzoneClusterImpl-f3f49fad-ab5e-4528-a036-203aca2c3bfa/datanode-0/data/ratis/bfcc81fe-0233-4a52-a81a-842a84c1bf42 does not exist. Creating ...
2021-09-24 06:39:39,538 [pool-123-thread-1] INFO  storage.RaftStorageDirectory (RaftStorageDirectoryImpl.java:tryLock(230)) - Lock on /home/runner/work/ozone/ozone/hadoop-ozone/integration-test/target/test-dir/MiniOzoneClusterImpl-f3f49fad-ab5e-4528-a036-203aca2c3bfa/datanode-0/data/ratis/bfcc81fe-0233-4a52-a81a-842a84c1bf42/in_use.lock acquired by nodename 14884@fv-az116-285
2021-09-24 06:39:39,540 [pool-123-thread-1] INFO  storage.RaftStorage (RaftStorageImpl.java:format(89)) - Storage directory /home/runner/work/ozone/ozone/hadoop-ozone/integration-test/target/test-dir/MiniOzoneClusterImpl-f3f49fad-ab5e-4528-a036-203aca2c3bfa/datanode-0/data/ratis/bfcc81fe-0233-4a52-a81a-842a84c1bf42 has been successfully formatted.
2021-09-24 06:39:39,543 [pool-123-thread-1] INFO  ratis.ContainerStateMachine (ContainerStateMachine.java:loadSnapshot(224)) - group-842A84C1BF42: The snapshot info is null. Setting the last applied indexto:(t:0, i:~)
2021-09-24 06:39:39,543 [pool-123-thread-1] INFO  server.RaftServerConfigKeys (ConfUtils.java:logGet(44)) - raft.server.notification.no-leader.timeout = 300s (custom)
2021-09-24 06:39:39,543 [pool-123-thread-1] INFO  server.RaftServerConfigKeys (ConfUtils.java:logGet(44)) - raft.server.log.use.memory = false (default)
2021-09-24 06:39:39,548 [pool-123-thread-1] INFO  server.RaftServerConfigKeys (ConfUtils.java:logGet(44)) - raft.server.log.purge.gap = 1000000 (custom)
2021-09-24 06:39:39,548 [pool-123-thread-1] INFO  server.RaftServerConfigKeys (ConfUtils.java:logGet(44)) - raft.server.log.appender.buffer.byte-limit = 33554432 (custom)
2021-09-24 06:39:39,548 [pool-123-thread-1] INFO  server.RaftServerConfigKeys (ConfUtils.java:logGet(44)) - raft.server.log.segment.size.max = 1048576 (custom)
2021-09-24 06:39:39,549 [pool-123-thread-1] INFO  server.RaftServerConfigKeys (ConfUtils.java:logGet(44)) - raft.server.log.segment.cache.num.max = 2 (custom)
2021-09-24 06:39:39,550 [pool-123-thread-1] INFO  server.RaftServerConfigKeys (ConfUtils.java:logGet(44)) - raft.server.log.segment.cache.size.max = 200MB (=209715200) (default)
2021-09-24 06:39:39,550 [pool-123-thread-1] INFO  segmented.SegmentedRaftLogWorker (SegmentedRaftLogWorker.java:<init>(182)) - new 10e78caa-6890-4c39-bf63-12a9f1ba3d57@group-842A84C1BF42-SegmentedRaftLogWorker for RaftStorageImpl:Storage Directory /home/runner/work/ozone/ozone/hadoop-ozone/integration-test/target/test-dir/MiniOzoneClusterImpl-f3f49fad-ab5e-4528-a036-203aca2c3bfa/datanode-0/data/ratis/bfcc81fe-0233-4a52-a81a-842a84c1bf42
2021-09-24 06:39:39,550 [pool-123-thread-1] INFO  server.RaftServerConfigKeys (ConfUtils.java:logGet(44)) - raft.server.log.queue.byte-limit = 2147483647 (custom)
2021-09-24 06:39:39,544 [EventQueue-OpenPipelineForHealthyPipelineSafeModeRule] INFO  safemode.SCMSafeModeManager (HealthyPipelineSafeModeRule.java:process(124)) - SCM in safe mode. Healthy pipelines reported count is 0, required healthy pipeline reported count is 1
2021-09-24 06:39:39,550 [pool-123-thread-1] INFO  server.RaftServerConfigKeys (ConfUtils.java:logGet(44)) - raft.server.log.queue.element-limit = 1024 (custom)
2021-09-24 06:39:39,550 [pool-123-thread-1] INFO  server.RaftServerConfigKeys (ConfUtils.java:logGet(44)) - raft.server.log.segment.size.max = 1048576 (custom)
2021-09-24 06:39:39,550 [pool-123-thread-1] INFO  server.RaftServerConfigKeys (ConfUtils.java:logGet(44)) - raft.server.log.preallocated.size = 16384 (custom)
2021-09-24 06:39:39,550 [pool-123-thread-1] INFO  server.RaftServerConfigKeys (ConfUtils.java:logGet(44)) - raft.server.log.force.sync.num = 128 (default)
2021-09-24 06:39:39,551 [pool-123-thread-1] INFO  server.RaftServerConfigKeys (ConfUtils.java:logGet(44)) - raft.server.log.statemachine.data.sync = true (default)
2021-09-24 06:39:39,551 [pool-123-thread-1] INFO  server.RaftServerConfigKeys (ConfUtils.java:logGet(44)) - raft.server.log.statemachine.data.sync.timeout = 10s (default)
2021-09-24 06:39:39,551 [pool-123-thread-1] INFO  server.RaftServerConfigKeys (ConfUtils.java:logGet(44)) - raft.server.log.statemachine.data.sync.timeout.retry = -1 (default)
2021-09-24 06:39:39,552 [pool-123-thread-1] INFO  server.RaftServerConfigKeys (ConfUtils.java:logGet(44)) - raft.server.log.write.buffer.size = 1048576 (custom)
2021-09-24 06:39:39,553 [pool-123-thread-1] INFO  server.RaftServerConfigKeys (ConfUtils.java:logGet(44)) - raft.server.log.statemachine.data.caching.enabled = true (custom)
2021-09-24 06:39:39,553 [pool-123-thread-1] INFO  segmented.SegmentedRaftLogWorker (SegmentedRaftLogWorker.java:lambda$new$0(133)) - 10e78caa-6890-4c39-bf63-12a9f1ba3d57@group-842A84C1BF42-SegmentedRaftLogWorker: flushIndex: setUnconditionally 0 -> -1
2021-09-24 06:39:39,554 [pool-123-thread-1] INFO  segmented.SegmentedRaftLogWorker (SegmentedRaftLogWorker.java:lambda$new$0(133)) - 10e78caa-6890-4c39-bf63-12a9f1ba3d57@group-842A84C1BF42-SegmentedRaftLogWorker: safeCacheEvictIndex: setUnconditionally 0 -> -1
2021-09-24 06:39:39,554 [pool-123-thread-1] INFO  server.RaftServerConfigKeys (ConfUtils.java:logGet(44)) - raft.server.snapshot.auto.trigger.enabled = true (custom)
2021-09-24 06:39:39,554 [pool-123-thread-1] INFO  server.RaftServerConfigKeys (ConfUtils.java:logGet(44)) - raft.server.snapshot.auto.trigger.threshold = 10000 (custom)
2021-09-24 06:39:39,554 [pool-123-thread-1] INFO  server.RaftServerConfigKeys (ConfUtils.java:logGet(44)) - raft.server.snapshot.retention.file.num = 5 (custom)
2021-09-24 06:39:39,554 [pool-123-thread-1] INFO  server.RaftServerConfigKeys (ConfUtils.java:logGet(44)) - raft.server.log.purge.upto.snapshot.index = false (default)
2021-09-24 06:39:39,554 [pool-123-thread-1] INFO  server.RaftServerConfigKeys (ConfUtils.java:logGet(44)) - raft.server.retrycache.expirytime = 600000ms (custom)
2021-09-24 06:39:39,559 [pool-123-thread-1] INFO  server.RaftServerConfigKeys (ConfUtils.java:logGet(44)) - raft.server.retrycache.statistics.expirytime = 100μs (default)
2021-09-24 06:39:39,561 [pool-123-thread-1] INFO  server.RaftServer$Division (RaftServerImpl.java:start(296)) - 10e78caa-6890-4c39-bf63-12a9f1ba3d57@group-842A84C1BF42: start as a follower, conf=-1: [bf16246d-6f74-4fdf-b7dd-1bcfc33fa8ab|rpc:10.1.0.9:38267|priority:0, 4172555c-9a12-4ec2-8c60-ee93d59dcb13|rpc:10.1.0.9:42897|priority:1, 10e78caa-6890-4c39-bf63-12a9f1ba3d57|rpc:10.1.0.9:38157|priority:0], old=null
2021-09-24 06:39:39,561 [pool-123-thread-1] INFO  server.RaftServer$Division (RaftServerImpl.java:setRole(285)) - 10e78caa-6890-4c39-bf63-12a9f1ba3d57@group-842A84C1BF42: changes role from      null to FOLLOWER at term 0 for startAsFollower
2021-09-24 06:39:39,561 [pool-123-thread-1] INFO  impl.RoleInfo (RoleInfo.java:updateAndGet(130)) - 10e78caa-6890-4c39-bf63-12a9f1ba3d57: start 10e78caa-6890-4c39-bf63-12a9f1ba3d57@group-842A84C1BF42-FollowerState
2021-09-24 06:39:39,562 [pool-123-thread-1] INFO  util.JmxRegister (JmxRegister.java:tryRegister(44)) - Successfully registered JMX Bean with object name Ratis:service=RaftServer,group=group-842A84C1BF42,id=10e78caa-6890-4c39-bf63-12a9f1ba3d57
2021-09-24 06:39:39,563 [Command processor thread] INFO  ratis.XceiverServerRatis (XceiverServerRatis.java:addGroup(762)) - Created group PipelineID=bfcc81fe-0233-4a52-a81a-842a84c1bf42
2021-09-24 06:39:39,894 [Command processor thread] INFO  server.RaftServer (RaftServerProxy.java:addNew(95)) - 4172555c-9a12-4ec2-8c60-ee93d59dcb13: addNew group-1E90B5C77822:[4172555c-9a12-4ec2-8c60-ee93d59dcb13|rpc:10.1.0.9:42897|priority:1] returns group-1E90B5C77822:java.util.concurrent.CompletableFuture@42a53cdf[Not completed]
2021-09-24 06:39:39,914 [pool-142-thread-1] INFO  server.RaftServer$Division (RaftServerImpl.java:<init>(181)) - 4172555c-9a12-4ec2-8c60-ee93d59dcb13: new RaftServerImpl for group-1E90B5C77822:[4172555c-9a12-4ec2-8c60-ee93d59dcb13|rpc:10.1.0.9:42897|priority:1] with ContainerStateMachine:uninitialized
2021-09-24 06:39:39,926 [pool-142-thread-1] INFO  server.RaftServerConfigKeys (ConfUtils.java:logGet(44)) - raft.server.rpc.timeout.min = 5s (custom)
2021-09-24 06:39:39,927 [pool-142-thread-1] INFO  server.RaftServerConfigKeys (ConfUtils.java:logGet(44)) - raft.server.rpc.timeout.max = 5200ms (custom)
2021-09-24 06:39:39,927 [pool-142-thread-1] INFO  server.RaftServerConfigKeys (ConfUtils.java:logGet(44)) - raft.server.rpc.sleep.time = 25ms (default)
2021-09-24 06:39:39,927 [pool-142-thread-1] INFO  server.RaftServerConfigKeys (ConfUtils.java:logGet(44)) - raft.server.rpc.slowness.timeout = 300s (custom)
2021-09-24 06:39:39,927 [pool-142-thread-1] INFO  server.RaftServerConfigKeys (ConfUtils.java:logGet(44)) - raft.server.leaderelection.leader.step-down.wait-time = 10s (default)
2021-09-24 06:39:39,927 [pool-142-thread-1] INFO  server.RaftServerConfigKeys (ConfUtils.java:logGet(44)) - raft.server.sleep.deviation.threshold = 300ms (default)
2021-09-24 06:39:39,927 [pool-142-thread-1] INFO  server.RaftServerConfigKeys (ConfUtils.java:logGet(44)) - raft.server.log.appender.install.snapshot.enabled = false (custom)
2021-09-24 06:39:39,927 [pool-142-thread-1] INFO  server.RaftServer$Division (ServerState.java:<init>(105)) - 4172555c-9a12-4ec2-8c60-ee93d59dcb13@group-1E90B5C77822: ConfigurationManager, init=-1: [4172555c-9a12-4ec2-8c60-ee93d59dcb13|rpc:10.1.0.9:42897|priority:1], old=null, confs=<EMPTY_MAP>
2021-09-24 06:39:39,927 [pool-142-thread-1] INFO  server.RaftServerConfigKeys (ConfUtils.java:logGet(44)) - raft.server.storage.dir = [/home/runner/work/ozone/ozone/hadoop-ozone/integration-test/target/test-dir/MiniOzoneClusterImpl-f3f49fad-ab5e-4528-a036-203aca2c3bfa/datanode-1/data/ratis] (custom)
2021-09-24 06:39:39,927 [pool-142-thread-1] INFO  server.RaftServerConfigKeys (ConfUtils.java:logGet(44)) - raft.server.log.corruption.policy = EXCEPTION (default)
2021-09-24 06:39:39,928 [pool-142-thread-1] INFO  server.RaftServerConfigKeys (ConfUtils.java:logGet(44)) - raft.server.storage.free-space.min = 0MB (=0) (default)
2021-09-24 06:39:39,928 [pool-142-thread-1] INFO  storage.RaftStorageDirectory (RaftStorageDirectoryImpl.java:analyzeStorage(135)) - The storage directory /home/runner/work/ozone/ozone/hadoop-ozone/integration-test/target/test-dir/MiniOzoneClusterImpl-f3f49fad-ab5e-4528-a036-203aca2c3bfa/datanode-1/data/ratis/f689328f-3ddd-4931-83ae-1e90b5c77822 does not exist. Creating ...
2021-09-24 06:39:39,932 [pool-142-thread-1] INFO  storage.RaftStorageDirectory (RaftStorageDirectoryImpl.java:tryLock(230)) - Lock on /home/runner/work/ozone/ozone/hadoop-ozone/integration-test/target/test-dir/MiniOzoneClusterImpl-f3f49fad-ab5e-4528-a036-203aca2c3bfa/datanode-1/data/ratis/f689328f-3ddd-4931-83ae-1e90b5c77822/in_use.lock acquired by nodename 14884@fv-az116-285
2021-09-24 06:39:39,934 [pool-142-thread-1] INFO  storage.RaftStorage (RaftStorageImpl.java:format(89)) - Storage directory /home/runner/work/ozone/ozone/hadoop-ozone/integration-test/target/test-dir/MiniOzoneClusterImpl-f3f49fad-ab5e-4528-a036-203aca2c3bfa/datanode-1/data/ratis/f689328f-3ddd-4931-83ae-1e90b5c77822 has been successfully formatted.
2021-09-24 06:39:39,937 [pool-142-thread-1] INFO  ratis.ContainerStateMachine (ContainerStateMachine.java:loadSnapshot(224)) - group-1E90B5C77822: The snapshot info is null. Setting the last applied indexto:(t:0, i:~)
2021-09-24 06:39:39,938 [pool-142-thread-1] INFO  server.RaftServerConfigKeys (ConfUtils.java:logGet(44)) - raft.server.notification.no-leader.timeout = 300s (custom)
2021-09-24 06:39:39,939 [pool-142-thread-1] INFO  server.RaftServerConfigKeys (ConfUtils.java:logGet(44)) - raft.server.log.use.memory = false (default)
2021-09-24 06:39:39,935 [Datanode State Machine Thread - 0] WARN  statemachine.StateContext (StateContext.java:execute(621)) - No available thread in pool for past 1 seconds.
2021-09-24 06:39:39,939 [EventQueue-PipelineReportForPipelineReportHandler] INFO  pipeline.PipelineManagerImpl (PipelineManagerImpl.java:openPipeline(282)) - Pipeline Pipeline[ Id: f689328f-3ddd-4931-83ae-1e90b5c77822, Nodes: 4172555c-9a12-4ec2-8c60-ee93d59dcb13{ip: 10.1.0.9, host: fv-az116-285.vzw04321ajxubdbcnpick5nqva.xx.internal.cloudapp.net, ports: [REPLICATION=34921, RATIS=42897, RATIS_ADMIN=42897, RATIS_SERVER=42897, STANDALONE=42243], networkLocation: /default-rack, certSerialId: null, persistedOpState: IN_SERVICE, persistedOpStateExpiryEpochSec: 0}, ReplicationConfig: RATIS/ONE, State:ALLOCATED, leaderId:4172555c-9a12-4ec2-8c60-ee93d59dcb13, CreationTimestamp2021-09-24T06:39:36.910Z[Etc/UTC]] moved to OPEN state
2021-09-24 06:39:39,940 [EventQueue-OpenPipelineForHealthyPipelineSafeModeRule] INFO  safemode.SCMSafeModeManager (HealthyPipelineSafeModeRule.java:process(124)) - SCM in safe mode. Healthy pipelines reported count is 0, required healthy pipeline reported count is 1
2021-09-24 06:39:39,941 [pool-142-thread-1] INFO  server.RaftServerConfigKeys (ConfUtils.java:logGet(44)) - raft.server.log.purge.gap = 1000000 (custom)
2021-09-24 06:39:39,942 [pool-142-thread-1] INFO  server.RaftServerConfigKeys (ConfUtils.java:logGet(44)) - raft.server.log.appender.buffer.byte-limit = 33554432 (custom)
2021-09-24 06:39:39,943 [pool-142-thread-1] INFO  server.RaftServerConfigKeys (ConfUtils.java:logGet(44)) - raft.server.log.segment.size.max = 1048576 (custom)
2021-09-24 06:39:39,963 [pool-142-thread-1] INFO  server.RaftServerConfigKeys (ConfUtils.java:logGet(44)) - raft.server.log.segment.cache.num.max = 2 (custom)
2021-09-24 06:39:39,963 [pool-142-thread-1] INFO  server.RaftServerConfigKeys (ConfUtils.java:logGet(44)) - raft.server.log.segment.cache.size.max = 200MB (=209715200) (default)
2021-09-24 06:39:39,964 [pool-142-thread-1] INFO  segmented.SegmentedRaftLogWorker (SegmentedRaftLogWorker.java:<init>(182)) - new 4172555c-9a12-4ec2-8c60-ee93d59dcb13@group-1E90B5C77822-SegmentedRaftLogWorker for RaftStorageImpl:Storage Directory /home/runner/work/ozone/ozone/hadoop-ozone/integration-test/target/test-dir/MiniOzoneClusterImpl-f3f49fad-ab5e-4528-a036-203aca2c3bfa/datanode-1/data/ratis/f689328f-3ddd-4931-83ae-1e90b5c77822
2021-09-24 06:39:39,964 [pool-142-thread-1] INFO  server.RaftServerConfigKeys (ConfUtils.java:logGet(44)) - raft.server.log.queue.byte-limit = 2147483647 (custom)
2021-09-24 06:39:39,964 [pool-142-thread-1] INFO  server.RaftServerConfigKeys (ConfUtils.java:logGet(44)) - raft.server.log.queue.element-limit = 1024 (custom)
2021-09-24 06:39:39,964 [pool-142-thread-1] INFO  server.RaftServerConfigKeys (ConfUtils.java:logGet(44)) - raft.server.log.segment.size.max = 1048576 (custom)
2021-09-24 06:39:39,964 [pool-142-thread-1] INFO  server.RaftServerConfigKeys (ConfUtils.java:logGet(44)) - raft.server.log.preallocated.size = 16384 (custom)
2021-09-24 06:39:39,964 [pool-142-thread-1] INFO  server.RaftServerConfigKeys (ConfUtils.java:logGet(44)) - raft.server.log.force.sync.num = 128 (default)
2021-09-24 06:39:39,964 [pool-142-thread-1] INFO  server.RaftServerConfigKeys (ConfUtils.java:logGet(44)) - raft.server.log.statemachine.data.sync = true (default)
2021-09-24 06:39:39,964 [pool-142-thread-1] INFO  server.RaftServerConfigKeys (ConfUtils.java:logGet(44)) - raft.server.log.statemachine.data.sync.timeout = 10s (default)
2021-09-24 06:39:39,964 [pool-142-thread-1] INFO  server.RaftServerConfigKeys (ConfUtils.java:logGet(44)) - raft.server.log.statemachine.data.sync.timeout.retry = -1 (default)
2021-09-24 06:39:39,969 [pool-142-thread-1] INFO  server.RaftServerConfigKeys (ConfUtils.java:logGet(44)) - raft.server.log.write.buffer.size = 1048576 (custom)
2021-09-24 06:39:39,970 [pool-142-thread-1] INFO  server.RaftServerConfigKeys (ConfUtils.java:logGet(44)) - raft.server.log.statemachine.data.caching.enabled = true (custom)
2021-09-24 06:39:39,970 [pool-142-thread-1] INFO  segmented.SegmentedRaftLogWorker (SegmentedRaftLogWorker.java:lambda$new$0(133)) - 4172555c-9a12-4ec2-8c60-ee93d59dcb13@group-1E90B5C77822-SegmentedRaftLogWorker: flushIndex: setUnconditionally 0 -> -1
2021-09-24 06:39:39,971 [pool-142-thread-1] INFO  segmented.SegmentedRaftLogWorker (SegmentedRaftLogWorker.java:lambda$new$0(133)) - 4172555c-9a12-4ec2-8c60-ee93d59dcb13@group-1E90B5C77822-SegmentedRaftLogWorker: safeCacheEvictIndex: setUnconditionally 0 -> -1
2021-09-24 06:39:39,971 [pool-142-thread-1] INFO  server.RaftServerConfigKeys (ConfUtils.java:logGet(44)) - raft.server.snapshot.auto.trigger.enabled = true (custom)
2021-09-24 06:39:39,971 [pool-142-thread-1] INFO  server.RaftServerConfigKeys (ConfUtils.java:logGet(44)) - raft.server.snapshot.auto.trigger.threshold = 10000 (custom)
2021-09-24 06:39:39,971 [pool-142-thread-1] INFO  server.RaftServerConfigKeys (ConfUtils.java:logGet(44)) - raft.server.snapshot.retention.file.num = 5 (custom)
2021-09-24 06:39:39,971 [pool-142-thread-1] INFO  server.RaftServerConfigKeys (ConfUtils.java:logGet(44)) - raft.server.log.purge.upto.snapshot.index = false (default)
2021-09-24 06:39:39,971 [pool-142-thread-1] INFO  server.RaftServerConfigKeys (ConfUtils.java:logGet(44)) - raft.server.retrycache.expirytime = 600000ms (custom)
2021-09-24 06:39:39,971 [pool-142-thread-1] INFO  server.RaftServerConfigKeys (ConfUtils.java:logGet(44)) - raft.server.retrycache.statistics.expirytime = 100μs (default)
2021-09-24 06:39:39,973 [pool-142-thread-1] INFO  server.RaftServer$Division (RaftServerImpl.java:start(296)) - 4172555c-9a12-4ec2-8c60-ee93d59dcb13@group-1E90B5C77822: start as a follower, conf=-1: [4172555c-9a12-4ec2-8c60-ee93d59dcb13|rpc:10.1.0.9:42897|priority:1], old=null
2021-09-24 06:39:39,973 [pool-142-thread-1] INFO  server.RaftServer$Division (RaftServerImpl.java:setRole(285)) - 4172555c-9a12-4ec2-8c60-ee93d59dcb13@group-1E90B5C77822: changes role from      null to FOLLOWER at term 0 for startAsFollower
2021-09-24 06:39:39,973 [pool-142-thread-1] INFO  impl.RoleInfo (RoleInfo.java:updateAndGet(130)) - 4172555c-9a12-4ec2-8c60-ee93d59dcb13: start 4172555c-9a12-4ec2-8c60-ee93d59dcb13@group-1E90B5C77822-FollowerState
2021-09-24 06:39:39,979 [pool-142-thread-1] INFO  util.JmxRegister (JmxRegister.java:tryRegister(44)) - Successfully registered JMX Bean with object name Ratis:service=RaftServer,group=group-1E90B5C77822,id=4172555c-9a12-4ec2-8c60-ee93d59dcb13
2021-09-24 06:39:39,989 [Command processor thread] INFO  ratis.XceiverServerRatis (XceiverServerRatis.java:addGroup(762)) - Created group PipelineID=f689328f-3ddd-4931-83ae-1e90b5c77822
2021-09-24 06:39:39,989 [Command processor thread] INFO  commandhandler.CreatePipelineCommandHandler (CreatePipelineCommandHandler.java:handle(106)) - Created Pipeline RATIS ONE PipelineID=f689328f-3ddd-4931-83ae-1e90b5c77822.
2021-09-24 06:39:39,991 [Command processor thread] INFO  server.RaftServer (RaftServerProxy.java:addNew(95)) - 4172555c-9a12-4ec2-8c60-ee93d59dcb13: addNew group-842A84C1BF42:[bf16246d-6f74-4fdf-b7dd-1bcfc33fa8ab|rpc:10.1.0.9:38267|priority:0, 4172555c-9a12-4ec2-8c60-ee93d59dcb13|rpc:10.1.0.9:42897|priority:1, 10e78caa-6890-4c39-bf63-12a9f1ba3d57|rpc:10.1.0.9:38157|priority:0] returns group-842A84C1BF42:java.util.concurrent.CompletableFuture@469ab053[Not completed]
2021-09-24 06:39:39,992 [pool-142-thread-1] INFO  server.RaftServer$Division (RaftServerImpl.java:<init>(181)) - 4172555c-9a12-4ec2-8c60-ee93d59dcb13: new RaftServerImpl for group-842A84C1BF42:[bf16246d-6f74-4fdf-b7dd-1bcfc33fa8ab|rpc:10.1.0.9:38267|priority:0, 4172555c-9a12-4ec2-8c60-ee93d59dcb13|rpc:10.1.0.9:42897|priority:1, 10e78caa-6890-4c39-bf63-12a9f1ba3d57|rpc:10.1.0.9:38157|priority:0] with ContainerStateMachine:uninitialized
2021-09-24 06:39:39,992 [pool-142-thread-1] INFO  server.RaftServerConfigKeys (ConfUtils.java:logGet(44)) - raft.server.rpc.timeout.min = 5s (custom)
2021-09-24 06:39:39,992 [pool-142-thread-1] INFO  server.RaftServerConfigKeys (ConfUtils.java:logGet(44)) - raft.server.rpc.timeout.max = 5200ms (custom)
2021-09-24 06:39:39,993 [pool-142-thread-1] INFO  server.RaftServerConfigKeys (ConfUtils.java:logGet(44)) - raft.server.rpc.sleep.time = 25ms (default)
2021-09-24 06:39:39,993 [pool-142-thread-1] INFO  server.RaftServerConfigKeys (ConfUtils.java:logGet(44)) - raft.server.rpc.slowness.timeout = 300s (custom)
2021-09-24 06:39:39,993 [pool-142-thread-1] INFO  server.RaftServerConfigKeys (ConfUtils.java:logGet(44)) - raft.server.leaderelection.leader.step-down.wait-time = 10s (default)
2021-09-24 06:39:39,993 [pool-142-thread-1] INFO  server.RaftServerConfigKeys (ConfUtils.java:logGet(44)) - raft.server.sleep.deviation.threshold = 300ms (default)
2021-09-24 06:39:39,993 [pool-142-thread-1] INFO  server.RaftServerConfigKeys (ConfUtils.java:logGet(44)) - raft.server.log.appender.install.snapshot.enabled = false (custom)
2021-09-24 06:39:39,993 [pool-142-thread-1] INFO  server.RaftServer$Division (ServerState.java:<init>(105)) - 4172555c-9a12-4ec2-8c60-ee93d59dcb13@group-842A84C1BF42: ConfigurationManager, init=-1: [bf16246d-6f74-4fdf-b7dd-1bcfc33fa8ab|rpc:10.1.0.9:38267|priority:0, 4172555c-9a12-4ec2-8c60-ee93d59dcb13|rpc:10.1.0.9:42897|priority:1, 10e78caa-6890-4c39-bf63-12a9f1ba3d57|rpc:10.1.0.9:38157|priority:0], old=null, confs=<EMPTY_MAP>
2021-09-24 06:39:39,993 [pool-142-thread-1] INFO  server.RaftServerConfigKeys (ConfUtils.java:logGet(44)) - raft.server.storage.dir = [/home/runner/work/ozone/ozone/hadoop-ozone/integration-test/target/test-dir/MiniOzoneClusterImpl-f3f49fad-ab5e-4528-a036-203aca2c3bfa/datanode-1/data/ratis] (custom)
2021-09-24 06:39:39,993 [pool-142-thread-1] INFO  server.RaftServerConfigKeys (ConfUtils.java:logGet(44)) - raft.server.log.corruption.policy = EXCEPTION (default)
2021-09-24 06:39:39,993 [pool-142-thread-1] INFO  server.RaftServerConfigKeys (ConfUtils.java:logGet(44)) - raft.server.storage.free-space.min = 0MB (=0) (default)
2021-09-24 06:39:39,993 [pool-142-thread-1] INFO  storage.RaftStorageDirectory (RaftStorageDirectoryImpl.java:analyzeStorage(135)) - The storage directory /home/runner/work/ozone/ozone/hadoop-ozone/integration-test/target/test-dir/MiniOzoneClusterImpl-f3f49fad-ab5e-4528-a036-203aca2c3bfa/datanode-1/data/ratis/bfcc81fe-0233-4a52-a81a-842a84c1bf42 does not exist. Creating ...
2021-09-24 06:39:39,996 [pool-142-thread-1] INFO  storage.RaftStorageDirectory (RaftStorageDirectoryImpl.java:tryLock(230)) - Lock on /home/runner/work/ozone/ozone/hadoop-ozone/integration-test/target/test-dir/MiniOzoneClusterImpl-f3f49fad-ab5e-4528-a036-203aca2c3bfa/datanode-1/data/ratis/bfcc81fe-0233-4a52-a81a-842a84c1bf42/in_use.lock acquired by nodename 14884@fv-az116-285
2021-09-24 06:39:39,998 [pool-142-thread-1] INFO  storage.RaftStorage (RaftStorageImpl.java:format(89)) - Storage directory /home/runner/work/ozone/ozone/hadoop-ozone/integration-test/target/test-dir/MiniOzoneClusterImpl-f3f49fad-ab5e-4528-a036-203aca2c3bfa/datanode-1/data/ratis/bfcc81fe-0233-4a52-a81a-842a84c1bf42 has been successfully formatted.
2021-09-24 06:39:39,999 [Datanode State Machine Thread - 0] WARN  statemachine.StateContext (StateContext.java:execute(621)) - No available thread in pool for past 1 seconds.
2021-09-24 06:39:40,001 [pool-142-thread-1] INFO  ratis.ContainerStateMachine (ContainerStateMachine.java:loadSnapshot(224)) - group-842A84C1BF42: The snapshot info is null. Setting the last applied indexto:(t:0, i:~)
2021-09-24 06:39:40,001 [pool-142-thread-1] INFO  server.RaftServerConfigKeys (ConfUtils.java:logGet(44)) - raft.server.notification.no-leader.timeout = 300s (custom)
2021-09-24 06:39:40,001 [pool-142-thread-1] INFO  server.RaftServerConfigKeys (ConfUtils.java:logGet(44)) - raft.server.log.use.memory = false (default)
2021-09-24 06:39:40,002 [EventQueue-OpenPipelineForHealthyPipelineSafeModeRule] INFO  safemode.SCMSafeModeManager (HealthyPipelineSafeModeRule.java:process(124)) - SCM in safe mode. Healthy pipelines reported count is 0, required healthy pipeline reported count is 1
2021-09-24 06:39:40,003 [pool-142-thread-1] INFO  server.RaftServerConfigKeys (ConfUtils.java:logGet(44)) - raft.server.log.purge.gap = 1000000 (custom)
2021-09-24 06:39:40,003 [pool-142-thread-1] INFO  server.RaftServerConfigKeys (ConfUtils.java:logGet(44)) - raft.server.log.appender.buffer.byte-limit = 33554432 (custom)
2021-09-24 06:39:40,003 [pool-142-thread-1] INFO  server.RaftServerConfigKeys (ConfUtils.java:logGet(44)) - raft.server.log.segment.size.max = 1048576 (custom)
2021-09-24 06:39:40,005 [pool-142-thread-1] INFO  server.RaftServerConfigKeys (ConfUtils.java:logGet(44)) - raft.server.log.segment.cache.num.max = 2 (custom)
2021-09-24 06:39:40,005 [pool-142-thread-1] INFO  server.RaftServerConfigKeys (ConfUtils.java:logGet(44)) - raft.server.log.segment.cache.size.max = 200MB (=209715200) (default)
2021-09-24 06:39:40,005 [pool-142-thread-1] INFO  segmented.SegmentedRaftLogWorker (SegmentedRaftLogWorker.java:<init>(182)) - new 4172555c-9a12-4ec2-8c60-ee93d59dcb13@group-842A84C1BF42-SegmentedRaftLogWorker for RaftStorageImpl:Storage Directory /home/runner/work/ozone/ozone/hadoop-ozone/integration-test/target/test-dir/MiniOzoneClusterImpl-f3f49fad-ab5e-4528-a036-203aca2c3bfa/datanode-1/data/ratis/bfcc81fe-0233-4a52-a81a-842a84c1bf42
2021-09-24 06:39:40,005 [pool-142-thread-1] INFO  server.RaftServerConfigKeys (ConfUtils.java:logGet(44)) - raft.server.log.queue.byte-limit = 2147483647 (custom)
2021-09-24 06:39:40,005 [pool-142-thread-1] INFO  server.RaftServerConfigKeys (ConfUtils.java:logGet(44)) - raft.server.log.queue.element-limit = 1024 (custom)
2021-09-24 06:39:40,005 [pool-142-thread-1] INFO  server.RaftServerConfigKeys (ConfUtils.java:logGet(44)) - raft.server.log.segment.size.max = 1048576 (custom)
2021-09-24 06:39:40,005 [pool-142-thread-1] INFO  server.RaftServerConfigKeys (ConfUtils.java:logGet(44)) - raft.server.log.preallocated.size = 16384 (custom)
2021-09-24 06:39:40,006 [pool-142-thread-1] INFO  server.RaftServerConfigKeys (ConfUtils.java:logGet(44)) - raft.server.log.force.sync.num = 128 (default)
2021-09-24 06:39:40,006 [pool-142-thread-1] INFO  server.RaftServerConfigKeys (ConfUtils.java:logGet(44)) - raft.server.log.statemachine.data.sync = true (default)
2021-09-24 06:39:40,006 [pool-142-thread-1] INFO  server.RaftServerConfigKeys (ConfUtils.java:logGet(44)) - raft.server.log.statemachine.data.sync.timeout = 10s (default)
2021-09-24 06:39:40,006 [pool-142-thread-1] INFO  server.RaftServerConfigKeys (ConfUtils.java:logGet(44)) - raft.server.log.statemachine.data.sync.timeout.retry = -1 (default)
2021-09-24 06:39:40,008 [pool-142-thread-1] INFO  server.RaftServerConfigKeys (ConfUtils.java:logGet(44)) - raft.server.log.write.buffer.size = 1048576 (custom)
2021-09-24 06:39:40,008 [pool-142-thread-1] INFO  server.RaftServerConfigKeys (ConfUtils.java:logGet(44)) - raft.server.log.statemachine.data.caching.enabled = true (custom)
2021-09-24 06:39:40,009 [pool-142-thread-1] INFO  segmented.SegmentedRaftLogWorker (SegmentedRaftLogWorker.java:lambda$new$0(133)) - 4172555c-9a12-4ec2-8c60-ee93d59dcb13@group-842A84C1BF42-SegmentedRaftLogWorker: flushIndex: setUnconditionally 0 -> -1
2021-09-24 06:39:40,009 [pool-142-thread-1] INFO  segmented.SegmentedRaftLogWorker (SegmentedRaftLogWorker.java:lambda$new$0(133)) - 4172555c-9a12-4ec2-8c60-ee93d59dcb13@group-842A84C1BF42-SegmentedRaftLogWorker: safeCacheEvictIndex: setUnconditionally 0 -> -1
2021-09-24 06:39:40,009 [pool-142-thread-1] INFO  server.RaftServerConfigKeys (ConfUtils.java:logGet(44)) - raft.server.snapshot.auto.trigger.enabled = true (custom)
2021-09-24 06:39:40,009 [pool-142-thread-1] INFO  server.RaftServerConfigKeys (ConfUtils.java:logGet(44)) - raft.server.snapshot.auto.trigger.threshold = 10000 (custom)
2021-09-24 06:39:40,009 [pool-142-thread-1] INFO  server.RaftServerConfigKeys (ConfUtils.java:logGet(44)) - raft.server.snapshot.retention.file.num = 5 (custom)
2021-09-24 06:39:40,009 [pool-142-thread-1] INFO  server.RaftServerConfigKeys (ConfUtils.java:logGet(44)) - raft.server.log.purge.upto.snapshot.index = false (default)
2021-09-24 06:39:40,010 [pool-142-thread-1] INFO  server.RaftServerConfigKeys (ConfUtils.java:logGet(44)) - raft.server.retrycache.expirytime = 600000ms (custom)
2021-09-24 06:39:40,010 [pool-142-thread-1] INFO  server.RaftServerConfigKeys (ConfUtils.java:logGet(44)) - raft.server.retrycache.statistics.expirytime = 100μs (default)
2021-09-24 06:39:40,011 [pool-142-thread-1] INFO  server.RaftServer$Division (RaftServerImpl.java:start(296)) - 4172555c-9a12-4ec2-8c60-ee93d59dcb13@group-842A84C1BF42: start as a follower, conf=-1: [bf16246d-6f74-4fdf-b7dd-1bcfc33fa8ab|rpc:10.1.0.9:38267|priority:0, 4172555c-9a12-4ec2-8c60-ee93d59dcb13|rpc:10.1.0.9:42897|priority:1, 10e78caa-6890-4c39-bf63-12a9f1ba3d57|rpc:10.1.0.9:38157|priority:0], old=null
2021-09-24 06:39:40,011 [pool-142-thread-1] INFO  server.RaftServer$Division (RaftServerImpl.java:setRole(285)) - 4172555c-9a12-4ec2-8c60-ee93d59dcb13@group-842A84C1BF42: changes role from      null to FOLLOWER at term 0 for startAsFollower
2021-09-24 06:39:40,011 [pool-142-thread-1] INFO  impl.RoleInfo (RoleInfo.java:updateAndGet(130)) - 4172555c-9a12-4ec2-8c60-ee93d59dcb13: start 4172555c-9a12-4ec2-8c60-ee93d59dcb13@group-842A84C1BF42-FollowerState
2021-09-24 06:39:40,012 [pool-142-thread-1] INFO  util.JmxRegister (JmxRegister.java:tryRegister(44)) - Successfully registered JMX Bean with object name Ratis:service=RaftServer,group=group-842A84C1BF42,id=4172555c-9a12-4ec2-8c60-ee93d59dcb13
2021-09-24 06:39:40,013 [Command processor thread] INFO  ratis.XceiverServerRatis (XceiverServerRatis.java:addGroup(762)) - Created group PipelineID=bfcc81fe-0233-4a52-a81a-842a84c1bf42
2021-09-24 06:39:40,131 [Listener at 127.0.0.1/44161] INFO  ozone.MiniOzoneClusterImpl (MiniOzoneClusterImpl.java:lambda$waitForClusterToBeReady$0(235)) - Nodes are ready. Got 3 of 3 DN Heartbeats.
2021-09-24 06:39:40,131 [Listener at 127.0.0.1/44161] INFO  ozone.MiniOzoneClusterImpl (MiniOzoneClusterImpl.java:lambda$waitForClusterToBeReady$0(238)) - Waiting for cluster to exit safe mode
2021-09-24 06:39:40,132 [Listener at 127.0.0.1/44161] INFO  ozone.MiniOzoneClusterImpl (MiniOzoneClusterImpl.java:lambda$waitForClusterToBeReady$0(240)) - SCM became leader
2021-09-24 06:39:40,137 [Command processor thread] INFO  server.RaftServer (RaftServerProxy.java:addNew(95)) - bf16246d-6f74-4fdf-b7dd-1bcfc33fa8ab: addNew group-2EFAC84EFCEC:[bf16246d-6f74-4fdf-b7dd-1bcfc33fa8ab|rpc:10.1.0.9:38267|priority:1] returns group-2EFAC84EFCEC:java.util.concurrent.CompletableFuture@4eed198a[Not completed]
2021-09-24 06:39:40,139 [pool-161-thread-1] INFO  server.RaftServer$Division (RaftServerImpl.java:<init>(181)) - bf16246d-6f74-4fdf-b7dd-1bcfc33fa8ab: new RaftServerImpl for group-2EFAC84EFCEC:[bf16246d-6f74-4fdf-b7dd-1bcfc33fa8ab|rpc:10.1.0.9:38267|priority:1] with ContainerStateMachine:uninitialized
2021-09-24 06:39:40,146 [pool-161-thread-1] INFO  server.RaftServerConfigKeys (ConfUtils.java:logGet(44)) - raft.server.rpc.timeout.min = 5s (custom)
2021-09-24 06:39:40,146 [pool-161-thread-1] INFO  server.RaftServerConfigKeys (ConfUtils.java:logGet(44)) - raft.server.rpc.timeout.max = 5200ms (custom)
2021-09-24 06:39:40,147 [pool-161-thread-1] INFO  server.RaftServerConfigKeys (ConfUtils.java:logGet(44)) - raft.server.rpc.sleep.time = 25ms (default)
2021-09-24 06:39:40,147 [pool-161-thread-1] INFO  server.RaftServerConfigKeys (ConfUtils.java:logGet(44)) - raft.server.rpc.slowness.timeout = 300s (custom)
2021-09-24 06:39:40,147 [pool-161-thread-1] INFO  server.RaftServerConfigKeys (ConfUtils.java:logGet(44)) - raft.server.leaderelection.leader.step-down.wait-time = 10s (default)
2021-09-24 06:39:40,147 [pool-161-thread-1] INFO  server.RaftServerConfigKeys (ConfUtils.java:logGet(44)) - raft.server.sleep.deviation.threshold = 300ms (default)
2021-09-24 06:39:40,147 [pool-161-thread-1] INFO  server.RaftServerConfigKeys (ConfUtils.java:logGet(44)) - raft.server.log.appender.install.snapshot.enabled = false (custom)
2021-09-24 06:39:40,150 [pool-161-thread-1] INFO  server.RaftServer$Division (ServerState.java:<init>(105)) - bf16246d-6f74-4fdf-b7dd-1bcfc33fa8ab@group-2EFAC84EFCEC: ConfigurationManager, init=-1: [bf16246d-6f74-4fdf-b7dd-1bcfc33fa8ab|rpc:10.1.0.9:38267|priority:1], old=null, confs=<EMPTY_MAP>
2021-09-24 06:39:40,150 [pool-161-thread-1] INFO  server.RaftServerConfigKeys (ConfUtils.java:logGet(44)) - raft.server.storage.dir = [/home/runner/work/ozone/ozone/hadoop-ozone/integration-test/target/test-dir/MiniOzoneClusterImpl-f3f49fad-ab5e-4528-a036-203aca2c3bfa/datanode-2/data/ratis] (custom)
2021-09-24 06:39:40,150 [pool-161-thread-1] INFO  server.RaftServerConfigKeys (ConfUtils.java:logGet(44)) - raft.server.log.corruption.policy = EXCEPTION (default)
2021-09-24 06:39:40,150 [pool-161-thread-1] INFO  server.RaftServerConfigKeys (ConfUtils.java:logGet(44)) - raft.server.storage.free-space.min = 0MB (=0) (default)
2021-09-24 06:39:40,150 [pool-161-thread-1] INFO  storage.RaftStorageDirectory (RaftStorageDirectoryImpl.java:analyzeStorage(135)) - The storage directory /home/runner/work/ozone/ozone/hadoop-ozone/integration-test/target/test-dir/MiniOzoneClusterImpl-f3f49fad-ab5e-4528-a036-203aca2c3bfa/datanode-2/data/ratis/89be3c85-330a-4911-80fb-2efac84efcec does not exist. Creating ...
2021-09-24 06:39:40,152 [pool-161-thread-1] INFO  storage.RaftStorageDirectory (RaftStorageDirectoryImpl.java:tryLock(230)) - Lock on /home/runner/work/ozone/ozone/hadoop-ozone/integration-test/target/test-dir/MiniOzoneClusterImpl-f3f49fad-ab5e-4528-a036-203aca2c3bfa/datanode-2/data/ratis/89be3c85-330a-4911-80fb-2efac84efcec/in_use.lock acquired by nodename 14884@fv-az116-285
2021-09-24 06:39:40,153 [pool-161-thread-1] INFO  storage.RaftStorage (RaftStorageImpl.java:format(89)) - Storage directory /home/runner/work/ozone/ozone/hadoop-ozone/integration-test/target/test-dir/MiniOzoneClusterImpl-f3f49fad-ab5e-4528-a036-203aca2c3bfa/datanode-2/data/ratis/89be3c85-330a-4911-80fb-2efac84efcec has been successfully formatted.
2021-09-24 06:39:40,156 [Datanode State Machine Thread - 0] WARN  statemachine.StateContext (StateContext.java:execute(621)) - No available thread in pool for past 1 seconds.
2021-09-24 06:39:40,158 [pool-161-thread-1] INFO  ratis.ContainerStateMachine (ContainerStateMachine.java:loadSnapshot(224)) - group-2EFAC84EFCEC: The snapshot info is null. Setting the last applied indexto:(t:0, i:~)
2021-09-24 06:39:40,159 [EventQueue-PipelineReportForPipelineReportHandler] INFO  pipeline.PipelineManagerImpl (PipelineManagerImpl.java:openPipeline(282)) - Pipeline Pipeline[ Id: 89be3c85-330a-4911-80fb-2efac84efcec, Nodes: bf16246d-6f74-4fdf-b7dd-1bcfc33fa8ab{ip: 10.1.0.9, host: fv-az116-285.vzw04321ajxubdbcnpick5nqva.xx.internal.cloudapp.net, ports: [REPLICATION=35315, RATIS=38267, RATIS_ADMIN=38267, RATIS_SERVER=38267, STANDALONE=41615], networkLocation: /default-rack, certSerialId: null, persistedOpState: IN_SERVICE, persistedOpStateExpiryEpochSec: 0}, ReplicationConfig: RATIS/ONE, State:ALLOCATED, leaderId:bf16246d-6f74-4fdf-b7dd-1bcfc33fa8ab, CreationTimestamp2021-09-24T06:39:37.141Z[Etc/UTC]] moved to OPEN state
2021-09-24 06:39:40,160 [pool-161-thread-1] INFO  server.RaftServerConfigKeys (ConfUtils.java:logGet(44)) - raft.server.notification.no-leader.timeout = 300s (custom)
2021-09-24 06:39:40,160 [pool-161-thread-1] INFO  server.RaftServerConfigKeys (ConfUtils.java:logGet(44)) - raft.server.log.use.memory = false (default)
2021-09-24 06:39:40,160 [pool-161-thread-1] INFO  server.RaftServerConfigKeys (ConfUtils.java:logGet(44)) - raft.server.log.purge.gap = 1000000 (custom)
2021-09-24 06:39:40,160 [pool-161-thread-1] INFO  server.RaftServerConfigKeys (ConfUtils.java:logGet(44)) - raft.server.log.appender.buffer.byte-limit = 33554432 (custom)
2021-09-24 06:39:40,160 [EventQueue-OpenPipelineForHealthyPipelineSafeModeRule] INFO  safemode.SCMSafeModeManager (HealthyPipelineSafeModeRule.java:process(124)) - SCM in safe mode. Healthy pipelines reported count is 0, required healthy pipeline reported count is 1
2021-09-24 06:39:40,161 [pool-161-thread-1] INFO  server.RaftServerConfigKeys (ConfUtils.java:logGet(44)) - raft.server.log.segment.size.max = 1048576 (custom)
2021-09-24 06:39:40,161 [pool-161-thread-1] INFO  server.RaftServerConfigKeys (ConfUtils.java:logGet(44)) - raft.server.log.segment.cache.num.max = 2 (custom)
2021-09-24 06:39:40,162 [pool-161-thread-1] INFO  server.RaftServerConfigKeys (ConfUtils.java:logGet(44)) - raft.server.log.segment.cache.size.max = 200MB (=209715200) (default)
2021-09-24 06:39:40,162 [pool-161-thread-1] INFO  segmented.SegmentedRaftLogWorker (SegmentedRaftLogWorker.java:<init>(182)) - new bf16246d-6f74-4fdf-b7dd-1bcfc33fa8ab@group-2EFAC84EFCEC-SegmentedRaftLogWorker for RaftStorageImpl:Storage Directory /home/runner/work/ozone/ozone/hadoop-ozone/integration-test/target/test-dir/MiniOzoneClusterImpl-f3f49fad-ab5e-4528-a036-203aca2c3bfa/datanode-2/data/ratis/89be3c85-330a-4911-80fb-2efac84efcec
2021-09-24 06:39:40,162 [pool-161-thread-1] INFO  server.RaftServerConfigKeys (ConfUtils.java:logGet(44)) - raft.server.log.queue.byte-limit = 2147483647 (custom)
2021-09-24 06:39:40,162 [pool-161-thread-1] INFO  server.RaftServerConfigKeys (ConfUtils.java:logGet(44)) - raft.server.log.queue.element-limit = 1024 (custom)
2021-09-24 06:39:40,162 [pool-161-thread-1] INFO  server.RaftServerConfigKeys (ConfUtils.java:logGet(44)) - raft.server.log.segment.size.max = 1048576 (custom)
2021-09-24 06:39:40,169 [pool-161-thread-1] INFO  server.RaftServerConfigKeys (ConfUtils.java:logGet(44)) - raft.server.log.preallocated.size = 16384 (custom)
2021-09-24 06:39:40,169 [pool-161-thread-1] INFO  server.RaftServerConfigKeys (ConfUtils.java:logGet(44)) - raft.server.log.force.sync.num = 128 (default)
2021-09-24 06:39:40,169 [pool-161-thread-1] INFO  server.RaftServerConfigKeys (ConfUtils.java:logGet(44)) - raft.server.log.statemachine.data.sync = true (default)
2021-09-24 06:39:40,169 [pool-161-thread-1] INFO  server.RaftServerConfigKeys (ConfUtils.java:logGet(44)) - raft.server.log.statemachine.data.sync.timeout = 10s (default)
2021-09-24 06:39:40,169 [pool-161-thread-1] INFO  server.RaftServerConfigKeys (ConfUtils.java:logGet(44)) - raft.server.log.statemachine.data.sync.timeout.retry = -1 (default)
2021-09-24 06:39:40,170 [pool-161-thread-1] INFO  server.RaftServerConfigKeys (ConfUtils.java:logGet(44)) - raft.server.log.write.buffer.size = 1048576 (custom)
2021-09-24 06:39:40,171 [pool-161-thread-1] INFO  server.RaftServerConfigKeys (ConfUtils.java:logGet(44)) - raft.server.log.statemachine.data.caching.enabled = true (custom)
2021-09-24 06:39:40,171 [pool-161-thread-1] INFO  segmented.SegmentedRaftLogWorker (SegmentedRaftLogWorker.java:lambda$new$0(133)) - bf16246d-6f74-4fdf-b7dd-1bcfc33fa8ab@group-2EFAC84EFCEC-SegmentedRaftLogWorker: flushIndex: setUnconditionally 0 -> -1
2021-09-24 06:39:40,172 [pool-161-thread-1] INFO  segmented.SegmentedRaftLogWorker (SegmentedRaftLogWorker.java:lambda$new$0(133)) - bf16246d-6f74-4fdf-b7dd-1bcfc33fa8ab@group-2EFAC84EFCEC-SegmentedRaftLogWorker: safeCacheEvictIndex: setUnconditionally 0 -> -1
2021-09-24 06:39:40,178 [pool-161-thread-1] INFO  server.RaftServerConfigKeys (ConfUtils.java:logGet(44)) - raft.server.snapshot.auto.trigger.enabled = true (custom)
2021-09-24 06:39:40,178 [pool-161-thread-1] INFO  server.RaftServerConfigKeys (ConfUtils.java:logGet(44)) - raft.server.snapshot.auto.trigger.threshold = 10000 (custom)
2021-09-24 06:39:40,178 [pool-161-thread-1] INFO  server.RaftServerConfigKeys (ConfUtils.java:logGet(44)) - raft.server.snapshot.retention.file.num = 5 (custom)
2021-09-24 06:39:40,179 [pool-161-thread-1] INFO  server.RaftServerConfigKeys (ConfUtils.java:logGet(44)) - raft.server.log.purge.upto.snapshot.index = false (default)
2021-09-24 06:39:40,179 [pool-161-thread-1] INFO  server.RaftServerConfigKeys (ConfUtils.java:logGet(44)) - raft.server.retrycache.expirytime = 600000ms (custom)
2021-09-24 06:39:40,179 [pool-161-thread-1] INFO  server.RaftServerConfigKeys (ConfUtils.java:logGet(44)) - raft.server.retrycache.statistics.expirytime = 100μs (default)
2021-09-24 06:39:40,181 [pool-161-thread-1] INFO  server.RaftServer$Division (RaftServerImpl.java:start(296)) - bf16246d-6f74-4fdf-b7dd-1bcfc33fa8ab@group-2EFAC84EFCEC: start as a follower, conf=-1: [bf16246d-6f74-4fdf-b7dd-1bcfc33fa8ab|rpc:10.1.0.9:38267|priority:1], old=null
2021-09-24 06:39:40,181 [pool-161-thread-1] INFO  server.RaftServer$Division (RaftServerImpl.java:setRole(285)) - bf16246d-6f74-4fdf-b7dd-1bcfc33fa8ab@group-2EFAC84EFCEC: changes role from      null to FOLLOWER at term 0 for startAsFollower
2021-09-24 06:39:40,181 [pool-161-thread-1] INFO  impl.RoleInfo (RoleInfo.java:updateAndGet(130)) - bf16246d-6f74-4fdf-b7dd-1bcfc33fa8ab: start bf16246d-6f74-4fdf-b7dd-1bcfc33fa8ab@group-2EFAC84EFCEC-FollowerState
2021-09-24 06:39:40,184 [pool-161-thread-1] INFO  util.JmxRegister (JmxRegister.java:tryRegister(44)) - Successfully registered JMX Bean with object name Ratis:service=RaftServer,group=group-2EFAC84EFCEC,id=bf16246d-6f74-4fdf-b7dd-1bcfc33fa8ab
2021-09-24 06:39:40,197 [Command processor thread] INFO  ratis.XceiverServerRatis (XceiverServerRatis.java:addGroup(762)) - Created group PipelineID=89be3c85-330a-4911-80fb-2efac84efcec
2021-09-24 06:39:40,198 [Command processor thread] INFO  commandhandler.CreatePipelineCommandHandler (CreatePipelineCommandHandler.java:handle(106)) - Created Pipeline RATIS ONE PipelineID=89be3c85-330a-4911-80fb-2efac84efcec.
2021-09-24 06:39:40,198 [Command processor thread] INFO  server.RaftServer (RaftServerProxy.java:addNew(95)) - bf16246d-6f74-4fdf-b7dd-1bcfc33fa8ab: addNew group-842A84C1BF42:[bf16246d-6f74-4fdf-b7dd-1bcfc33fa8ab|rpc:10.1.0.9:38267|priority:0, 4172555c-9a12-4ec2-8c60-ee93d59dcb13|rpc:10.1.0.9:42897|priority:1, 10e78caa-6890-4c39-bf63-12a9f1ba3d57|rpc:10.1.0.9:38157|priority:0] returns group-842A84C1BF42:java.util.concurrent.CompletableFuture@4ad2948f[Not completed]
2021-09-24 06:39:40,199 [pool-161-thread-1] INFO  server.RaftServer$Division (RaftServerImpl.java:<init>(181)) - bf16246d-6f74-4fdf-b7dd-1bcfc33fa8ab: new RaftServerImpl for group-842A84C1BF42:[bf16246d-6f74-4fdf-b7dd-1bcfc33fa8ab|rpc:10.1.0.9:38267|priority:0, 4172555c-9a12-4ec2-8c60-ee93d59dcb13|rpc:10.1.0.9:42897|priority:1, 10e78caa-6890-4c39-bf63-12a9f1ba3d57|rpc:10.1.0.9:38157|priority:0] with ContainerStateMachine:uninitialized
2021-09-24 06:39:40,199 [pool-161-thread-1] INFO  server.RaftServerConfigKeys (ConfUtils.java:logGet(44)) - raft.server.rpc.timeout.min = 5s (custom)
2021-09-24 06:39:40,199 [pool-161-thread-1] INFO  server.RaftServerConfigKeys (ConfUtils.java:logGet(44)) - raft.server.rpc.timeout.max = 5200ms (custom)
2021-09-24 06:39:40,199 [pool-161-thread-1] INFO  server.RaftServerConfigKeys (ConfUtils.java:logGet(44)) - raft.server.rpc.sleep.time = 25ms (default)
2021-09-24 06:39:40,199 [pool-161-thread-1] INFO  server.RaftServerConfigKeys (ConfUtils.java:logGet(44)) - raft.server.rpc.slowness.timeout = 300s (custom)
2021-09-24 06:39:40,200 [pool-161-thread-1] INFO  server.RaftServerConfigKeys (ConfUtils.java:logGet(44)) - raft.server.leaderelection.leader.step-down.wait-time = 10s (default)
2021-09-24 06:39:40,200 [pool-161-thread-1] INFO  server.RaftServerConfigKeys (ConfUtils.java:logGet(44)) - raft.server.sleep.deviation.threshold = 300ms (default)
2021-09-24 06:39:40,200 [pool-161-thread-1] INFO  server.RaftServerConfigKeys (ConfUtils.java:logGet(44)) - raft.server.log.appender.install.snapshot.enabled = false (custom)
2021-09-24 06:39:40,200 [pool-161-thread-1] INFO  server.RaftServer$Division (ServerState.java:<init>(105)) - bf16246d-6f74-4fdf-b7dd-1bcfc33fa8ab@group-842A84C1BF42: ConfigurationManager, init=-1: [bf16246d-6f74-4fdf-b7dd-1bcfc33fa8ab|rpc:10.1.0.9:38267|priority:0, 4172555c-9a12-4ec2-8c60-ee93d59dcb13|rpc:10.1.0.9:42897|priority:1, 10e78caa-6890-4c39-bf63-12a9f1ba3d57|rpc:10.1.0.9:38157|priority:0], old=null, confs=<EMPTY_MAP>
2021-09-24 06:39:40,200 [pool-161-thread-1] INFO  server.RaftServerConfigKeys (ConfUtils.java:logGet(44)) - raft.server.storage.dir = [/home/runner/work/ozone/ozone/hadoop-ozone/integration-test/target/test-dir/MiniOzoneClusterImpl-f3f49fad-ab5e-4528-a036-203aca2c3bfa/datanode-2/data/ratis] (custom)
2021-09-24 06:39:40,200 [pool-161-thread-1] INFO  server.RaftServerConfigKeys (ConfUtils.java:logGet(44)) - raft.server.log.corruption.policy = EXCEPTION (default)
2021-09-24 06:39:40,200 [pool-161-thread-1] INFO  server.RaftServerConfigKeys (ConfUtils.java:logGet(44)) - raft.server.storage.free-space.min = 0MB (=0) (default)
2021-09-24 06:39:40,200 [pool-161-thread-1] INFO  storage.RaftStorageDirectory (RaftStorageDirectoryImpl.java:analyzeStorage(135)) - The storage directory /home/runner/work/ozone/ozone/hadoop-ozone/integration-test/target/test-dir/MiniOzoneClusterImpl-f3f49fad-ab5e-4528-a036-203aca2c3bfa/datanode-2/data/ratis/bfcc81fe-0233-4a52-a81a-842a84c1bf42 does not exist. Creating ...
2021-09-24 06:39:40,201 [pool-161-thread-1] INFO  storage.RaftStorageDirectory (RaftStorageDirectoryImpl.java:tryLock(230)) - Lock on /home/runner/work/ozone/ozone/hadoop-ozone/integration-test/target/test-dir/MiniOzoneClusterImpl-f3f49fad-ab5e-4528-a036-203aca2c3bfa/datanode-2/data/ratis/bfcc81fe-0233-4a52-a81a-842a84c1bf42/in_use.lock acquired by nodename 14884@fv-az116-285
2021-09-24 06:39:40,203 [pool-161-thread-1] INFO  storage.RaftStorage (RaftStorageImpl.java:format(89)) - Storage directory /home/runner/work/ozone/ozone/hadoop-ozone/integration-test/target/test-dir/MiniOzoneClusterImpl-f3f49fad-ab5e-4528-a036-203aca2c3bfa/datanode-2/data/ratis/bfcc81fe-0233-4a52-a81a-842a84c1bf42 has been successfully formatted.
2021-09-24 06:39:40,203 [pool-161-thread-1] INFO  ratis.ContainerStateMachine (ContainerStateMachine.java:loadSnapshot(224)) - group-842A84C1BF42: The snapshot info is null. Setting the last applied indexto:(t:0, i:~)
2021-09-24 06:39:40,203 [pool-161-thread-1] INFO  server.RaftServerConfigKeys (ConfUtils.java:logGet(44)) - raft.server.notification.no-leader.timeout = 300s (custom)
2021-09-24 06:39:40,204 [pool-161-thread-1] INFO  server.RaftServerConfigKeys (ConfUtils.java:logGet(44)) - raft.server.log.use.memory = false (default)
2021-09-24 06:39:40,204 [pool-161-thread-1] INFO  server.RaftServerConfigKeys (ConfUtils.java:logGet(44)) - raft.server.log.purge.gap = 1000000 (custom)
2021-09-24 06:39:40,204 [pool-161-thread-1] INFO  server.RaftServerConfigKeys (ConfUtils.java:logGet(44)) - raft.server.log.appender.buffer.byte-limit = 33554432 (custom)
2021-09-24 06:39:40,203 [Datanode State Machine Thread - 0] WARN  statemachine.StateContext (StateContext.java:execute(621)) - No available thread in pool for past 1 seconds.
2021-09-24 06:39:40,210 [EventQueue-OpenPipelineForHealthyPipelineSafeModeRule] INFO  safemode.SCMSafeModeManager (HealthyPipelineSafeModeRule.java:process(124)) - SCM in safe mode. Healthy pipelines reported count is 0, required healthy pipeline reported count is 1
2021-09-24 06:39:40,214 [pool-161-thread-1] INFO  server.RaftServerConfigKeys (ConfUtils.java:logGet(44)) - raft.server.log.segment.size.max = 1048576 (custom)
2021-09-24 06:39:40,214 [pool-161-thread-1] INFO  server.RaftServerConfigKeys (ConfUtils.java:logGet(44)) - raft.server.log.segment.cache.num.max = 2 (custom)
2021-09-24 06:39:40,215 [pool-161-thread-1] INFO  server.RaftServerConfigKeys (ConfUtils.java:logGet(44)) - raft.server.log.segment.cache.size.max = 200MB (=209715200) (default)
2021-09-24 06:39:40,215 [pool-161-thread-1] INFO  segmented.SegmentedRaftLogWorker (SegmentedRaftLogWorker.java:<init>(182)) - new bf16246d-6f74-4fdf-b7dd-1bcfc33fa8ab@group-842A84C1BF42-SegmentedRaftLogWorker for RaftStorageImpl:Storage Directory /home/runner/work/ozone/ozone/hadoop-ozone/integration-test/target/test-dir/MiniOzoneClusterImpl-f3f49fad-ab5e-4528-a036-203aca2c3bfa/datanode-2/data/ratis/bfcc81fe-0233-4a52-a81a-842a84c1bf42
2021-09-24 06:39:40,215 [pool-161-thread-1] INFO  server.RaftServerConfigKeys (ConfUtils.java:logGet(44)) - raft.server.log.queue.byte-limit = 2147483647 (custom)
2021-09-24 06:39:40,215 [pool-161-thread-1] INFO  server.RaftServerConfigKeys (ConfUtils.java:logGet(44)) - raft.server.log.queue.element-limit = 1024 (custom)
2021-09-24 06:39:40,215 [pool-161-thread-1] INFO  server.RaftServerConfigKeys (ConfUtils.java:logGet(44)) - raft.server.log.segment.size.max = 1048576 (custom)
2021-09-24 06:39:40,215 [pool-161-thread-1] INFO  server.RaftServerConfigKeys (ConfUtils.java:logGet(44)) - raft.server.log.preallocated.size = 16384 (custom)
2021-09-24 06:39:40,215 [pool-161-thread-1] INFO  server.RaftServerConfigKeys (ConfUtils.java:logGet(44)) - raft.server.log.force.sync.num = 128 (default)
2021-09-24 06:39:40,215 [pool-161-thread-1] INFO  server.RaftServerConfigKeys (ConfUtils.java:logGet(44)) - raft.server.log.statemachine.data.sync = true (default)
2021-09-24 06:39:40,216 [pool-161-thread-1] INFO  server.RaftServerConfigKeys (ConfUtils.java:logGet(44)) - raft.server.log.statemachine.data.sync.timeout = 10s (default)
2021-09-24 06:39:40,216 [pool-161-thread-1] INFO  server.RaftServerConfigKeys (ConfUtils.java:logGet(44)) - raft.server.log.statemachine.data.sync.timeout.retry = -1 (default)
2021-09-24 06:39:40,217 [pool-161-thread-1] INFO  server.RaftServerConfigKeys (ConfUtils.java:logGet(44)) - raft.server.log.write.buffer.size = 1048576 (custom)
2021-09-24 06:39:40,218 [pool-161-thread-1] INFO  server.RaftServerConfigKeys (ConfUtils.java:logGet(44)) - raft.server.log.statemachine.data.caching.enabled = true (custom)
2021-09-24 06:39:40,218 [pool-161-thread-1] INFO  segmented.SegmentedRaftLogWorker (SegmentedRaftLogWorker.java:lambda$new$0(133)) - bf16246d-6f74-4fdf-b7dd-1bcfc33fa8ab@group-842A84C1BF42-SegmentedRaftLogWorker: flushIndex: setUnconditionally 0 -> -1
2021-09-24 06:39:40,218 [pool-161-thread-1] INFO  segmented.SegmentedRaftLogWorker (SegmentedRaftLogWorker.java:lambda$new$0(133)) - bf16246d-6f74-4fdf-b7dd-1bcfc33fa8ab@group-842A84C1BF42-SegmentedRaftLogWorker: safeCacheEvictIndex: setUnconditionally 0 -> -1
2021-09-24 06:39:40,225 [pool-161-thread-1] INFO  server.RaftServerConfigKeys (ConfUtils.java:logGet(44)) - raft.server.snapshot.auto.trigger.enabled = true (custom)
2021-09-24 06:39:40,225 [pool-161-thread-1] INFO  server.RaftServerConfigKeys (ConfUtils.java:logGet(44)) - raft.server.snapshot.auto.trigger.threshold = 10000 (custom)
2021-09-24 06:39:40,225 [pool-161-thread-1] INFO  server.RaftServerConfigKeys (ConfUtils.java:logGet(44)) - raft.server.snapshot.retention.file.num = 5 (custom)
2021-09-24 06:39:40,226 [pool-161-thread-1] INFO  server.RaftServerConfigKeys (ConfUtils.java:logGet(44)) - raft.server.log.purge.upto.snapshot.index = false (default)
2021-09-24 06:39:40,226 [pool-161-thread-1] INFO  server.RaftServerConfigKeys (ConfUtils.java:logGet(44)) - raft.server.retrycache.expirytime = 600000ms (custom)
2021-09-24 06:39:40,226 [pool-161-thread-1] INFO  server.RaftServerConfigKeys (ConfUtils.java:logGet(44)) - raft.server.retrycache.statistics.expirytime = 100μs (default)
2021-09-24 06:39:40,227 [pool-161-thread-1] INFO  server.RaftServer$Division (RaftServerImpl.java:start(296)) - bf16246d-6f74-4fdf-b7dd-1bcfc33fa8ab@group-842A84C1BF42: start as a follower, conf=-1: [bf16246d-6f74-4fdf-b7dd-1bcfc33fa8ab|rpc:10.1.0.9:38267|priority:0, 4172555c-9a12-4ec2-8c60-ee93d59dcb13|rpc:10.1.0.9:42897|priority:1, 10e78caa-6890-4c39-bf63-12a9f1ba3d57|rpc:10.1.0.9:38157|priority:0], old=null
2021-09-24 06:39:40,232 [pool-161-thread-1] INFO  server.RaftServer$Division (RaftServerImpl.java:setRole(285)) - bf16246d-6f74-4fdf-b7dd-1bcfc33fa8ab@group-842A84C1BF42: changes role from      null to FOLLOWER at term 0 for startAsFollower
2021-09-24 06:39:40,232 [pool-161-thread-1] INFO  impl.RoleInfo (RoleInfo.java:updateAndGet(130)) - bf16246d-6f74-4fdf-b7dd-1bcfc33fa8ab: start bf16246d-6f74-4fdf-b7dd-1bcfc33fa8ab@group-842A84C1BF42-FollowerState
2021-09-24 06:39:40,232 [pool-161-thread-1] INFO  util.JmxRegister (JmxRegister.java:tryRegister(44)) - Successfully registered JMX Bean with object name Ratis:service=RaftServer,group=group-842A84C1BF42,id=bf16246d-6f74-4fdf-b7dd-1bcfc33fa8ab
2021-09-24 06:39:40,244 [Command processor thread] INFO  ratis.XceiverServerRatis (XceiverServerRatis.java:addGroup(762)) - Created group PipelineID=bfcc81fe-0233-4a52-a81a-842a84c1bf42
2021-09-24 06:39:40,546 [Command processor thread] INFO  commandhandler.CreatePipelineCommandHandler (CreatePipelineCommandHandler.java:handle(106)) - Created Pipeline RATIS THREE PipelineID=bfcc81fe-0233-4a52-a81a-842a84c1bf42.
2021-09-24 06:39:40,555 [Command processor thread] INFO  commandhandler.CreatePipelineCommandHandler (CreatePipelineCommandHandler.java:handle(106)) - Created Pipeline RATIS THREE PipelineID=bfcc81fe-0233-4a52-a81a-842a84c1bf42.
2021-09-24 06:39:40,573 [Command processor thread] INFO  commandhandler.CreatePipelineCommandHandler (CreatePipelineCommandHandler.java:handle(106)) - Created Pipeline RATIS THREE PipelineID=bfcc81fe-0233-4a52-a81a-842a84c1bf42.
2021-09-24 06:39:41,132 [Listener at 127.0.0.1/44161] INFO  ozone.MiniOzoneClusterImpl (MiniOzoneClusterImpl.java:lambda$waitForClusterToBeReady$0(235)) - Nodes are ready. Got 3 of 3 DN Heartbeats.
2021-09-24 06:39:41,132 [Listener at 127.0.0.1/44161] INFO  ozone.MiniOzoneClusterImpl (MiniOzoneClusterImpl.java:lambda$waitForClusterToBeReady$0(238)) - Waiting for cluster to exit safe mode
2021-09-24 06:39:41,132 [Listener at 127.0.0.1/44161] INFO  ozone.MiniOzoneClusterImpl (MiniOzoneClusterImpl.java:lambda$waitForClusterToBeReady$0(240)) - SCM became leader
2021-09-24 06:39:42,132 [Listener at 127.0.0.1/44161] INFO  ozone.MiniOzoneClusterImpl (MiniOzoneClusterImpl.java:lambda$waitForClusterToBeReady$0(235)) - Nodes are ready. Got 3 of 3 DN Heartbeats.
2021-09-24 06:39:42,133 [Listener at 127.0.0.1/44161] INFO  ozone.MiniOzoneClusterImpl (MiniOzoneClusterImpl.java:lambda$waitForClusterToBeReady$0(238)) - Waiting for cluster to exit safe mode
2021-09-24 06:39:42,133 [Listener at 127.0.0.1/44161] INFO  ozone.MiniOzoneClusterImpl (MiniOzoneClusterImpl.java:lambda$waitForClusterToBeReady$0(240)) - SCM became leader
2021-09-24 06:39:43,133 [Listener at 127.0.0.1/44161] INFO  ozone.MiniOzoneClusterImpl (MiniOzoneClusterImpl.java:lambda$waitForClusterToBeReady$0(235)) - Nodes are ready. Got 3 of 3 DN Heartbeats.
2021-09-24 06:39:43,133 [Listener at 127.0.0.1/44161] INFO  ozone.MiniOzoneClusterImpl (MiniOzoneClusterImpl.java:lambda$waitForClusterToBeReady$0(238)) - Waiting for cluster to exit safe mode
2021-09-24 06:39:43,133 [Listener at 127.0.0.1/44161] INFO  ozone.MiniOzoneClusterImpl (MiniOzoneClusterImpl.java:lambda$waitForClusterToBeReady$0(240)) - SCM became leader
2021-09-24 06:39:44,134 [Listener at 127.0.0.1/44161] INFO  ozone.MiniOzoneClusterImpl (MiniOzoneClusterImpl.java:lambda$waitForClusterToBeReady$0(235)) - Nodes are ready. Got 3 of 3 DN Heartbeats.
2021-09-24 06:39:44,134 [Listener at 127.0.0.1/44161] INFO  ozone.MiniOzoneClusterImpl (MiniOzoneClusterImpl.java:lambda$waitForClusterToBeReady$0(238)) - Waiting for cluster to exit safe mode
2021-09-24 06:39:44,134 [Listener at 127.0.0.1/44161] INFO  ozone.MiniOzoneClusterImpl (MiniOzoneClusterImpl.java:lambda$waitForClusterToBeReady$0(240)) - SCM became leader
2021-09-24 06:39:44,586 [10e78caa-6890-4c39-bf63-12a9f1ba3d57@group-3E0D269DC9B6-FollowerState] INFO  impl.FollowerState (FollowerState.java:run(134)) - 10e78caa-6890-4c39-bf63-12a9f1ba3d57@group-3E0D269DC9B6-FollowerState: change to CANDIDATE, lastRpcElapsedTime:5058796027ns, electionTimeout:5055ms
2021-09-24 06:39:44,587 [10e78caa-6890-4c39-bf63-12a9f1ba3d57@group-3E0D269DC9B6-FollowerState] INFO  impl.RoleInfo (RoleInfo.java:shutdownFollowerState(108)) - 10e78caa-6890-4c39-bf63-12a9f1ba3d57: shutdown 10e78caa-6890-4c39-bf63-12a9f1ba3d57@group-3E0D269DC9B6-FollowerState
2021-09-24 06:39:44,587 [10e78caa-6890-4c39-bf63-12a9f1ba3d57@group-3E0D269DC9B6-FollowerState] INFO  server.RaftServer$Division (RaftServerImpl.java:setRole(285)) - 10e78caa-6890-4c39-bf63-12a9f1ba3d57@group-3E0D269DC9B6: changes role from  FOLLOWER to CANDIDATE at term 0 for changeToCandidate
2021-09-24 06:39:44,587 [10e78caa-6890-4c39-bf63-12a9f1ba3d57@group-3E0D269DC9B6-FollowerState] INFO  server.RaftServerConfigKeys (ConfUtils.java:logGet(44)) - raft.server.leaderelection.pre-vote = false (custom)
2021-09-24 06:39:44,587 [10e78caa-6890-4c39-bf63-12a9f1ba3d57@group-3E0D269DC9B6-FollowerState] INFO  impl.RoleInfo (RoleInfo.java:updateAndGet(130)) - 10e78caa-6890-4c39-bf63-12a9f1ba3d57: start 10e78caa-6890-4c39-bf63-12a9f1ba3d57@group-3E0D269DC9B6-LeaderElection4
2021-09-24 06:39:44,591 [10e78caa-6890-4c39-bf63-12a9f1ba3d57@group-3E0D269DC9B6-LeaderElection4] INFO  impl.LeaderElection (LeaderElection.java:askForVotes(306)) - 10e78caa-6890-4c39-bf63-12a9f1ba3d57@group-3E0D269DC9B6-LeaderElection4 ELECTION round 0: submit vote requests at term 1 for -1: [10e78caa-6890-4c39-bf63-12a9f1ba3d57|rpc:10.1.0.9:38157|priority:1], old=null
2021-09-24 06:39:44,591 [10e78caa-6890-4c39-bf63-12a9f1ba3d57@group-3E0D269DC9B6-LeaderElection4] INFO  impl.LeaderElection (LeaderElection.java:askForVotes(308)) - 10e78caa-6890-4c39-bf63-12a9f1ba3d57@group-3E0D269DC9B6-LeaderElection4 ELECTION round 0: result PASSED (term=1)
2021-09-24 06:39:44,591 [10e78caa-6890-4c39-bf63-12a9f1ba3d57@group-3E0D269DC9B6-LeaderElection4] INFO  impl.RoleInfo (RoleInfo.java:shutdownLeaderElection(121)) - 10e78caa-6890-4c39-bf63-12a9f1ba3d57: shutdown 10e78caa-6890-4c39-bf63-12a9f1ba3d57@group-3E0D269DC9B6-LeaderElection4
2021-09-24 06:39:44,592 [10e78caa-6890-4c39-bf63-12a9f1ba3d57@group-3E0D269DC9B6-LeaderElection4] INFO  server.RaftServer$Division (RaftServerImpl.java:setRole(285)) - 10e78caa-6890-4c39-bf63-12a9f1ba3d57@group-3E0D269DC9B6: changes role from CANDIDATE to LEADER at term 1 for changeToLeader
2021-09-24 06:39:44,592 [10e78caa-6890-4c39-bf63-12a9f1ba3d57@group-3E0D269DC9B6-LeaderElection4] INFO  ratis.XceiverServerRatis (XceiverServerRatis.java:handleLeaderChangedNotification(860)) - Leader change notification received for group: group-3E0D269DC9B6 with new leaderId: 10e78caa-6890-4c39-bf63-12a9f1ba3d57
2021-09-24 06:39:44,592 [Datanode State Machine Thread - 0] WARN  statemachine.StateContext (StateContext.java:execute(621)) - No available thread in pool for past 1 seconds.
2021-09-24 06:39:44,598 [10e78caa-6890-4c39-bf63-12a9f1ba3d57@group-3E0D269DC9B6-LeaderElection4] INFO  server.RaftServer$Division (ServerState.java:setLeader(285)) - 10e78caa-6890-4c39-bf63-12a9f1ba3d57@group-3E0D269DC9B6: change Leader from null to 10e78caa-6890-4c39-bf63-12a9f1ba3d57 at term 1 for becomeLeader, leader elected after 5091ms
2021-09-24 06:39:44,598 [10e78caa-6890-4c39-bf63-12a9f1ba3d57@group-3E0D269DC9B6-LeaderElection4] INFO  server.RaftServerConfigKeys (ConfUtils.java:logGet(44)) - raft.server.staging.catchup.gap = 1000 (default)
2021-09-24 06:39:44,598 [10e78caa-6890-4c39-bf63-12a9f1ba3d57@group-3E0D269DC9B6-LeaderElection4] INFO  server.RaftServerConfigKeys (ConfUtils.java:logGet(44)) - raft.server.write.element-limit = 1024 (custom)
2021-09-24 06:39:44,599 [EventQueue-OpenPipelineForHealthyPipelineSafeModeRule] INFO  safemode.SCMSafeModeManager (HealthyPipelineSafeModeRule.java:process(124)) - SCM in safe mode. Healthy pipelines reported count is 0, required healthy pipeline reported count is 1
2021-09-24 06:39:44,599 [10e78caa-6890-4c39-bf63-12a9f1ba3d57@group-3E0D269DC9B6-LeaderElection4] INFO  server.RaftServerConfigKeys (ConfUtils.java:logGet(44)) - raft.server.write.byte-limit = 1024 M (=1073741824) (custom)
2021-09-24 06:39:44,600 [10e78caa-6890-4c39-bf63-12a9f1ba3d57@group-3E0D269DC9B6-LeaderElection4] INFO  server.RaftServerConfigKeys (ConfUtils.java:logGet(44)) - raft.server.watch.timeout = 180s (custom)
2021-09-24 06:39:44,600 [10e78caa-6890-4c39-bf63-12a9f1ba3d57@group-3E0D269DC9B6-LeaderElection4] INFO  server.RaftServerConfigKeys (ConfUtils.java:logGet(44)) - raft.server.watch.timeout.denomination = 1s (default)
2021-09-24 06:39:44,600 [10e78caa-6890-4c39-bf63-12a9f1ba3d57@group-3E0D269DC9B6-LeaderElection4] INFO  server.RaftServerConfigKeys (ConfUtils.java:logGet(44)) - raft.server.watch.element-limit = 65536 (default)
2021-09-24 06:39:44,600 [10e78caa-6890-4c39-bf63-12a9f1ba3d57@group-3E0D269DC9B6-LeaderElection4] INFO  impl.RoleInfo (RoleInfo.java:updateAndGet(130)) - 10e78caa-6890-4c39-bf63-12a9f1ba3d57: start 10e78caa-6890-4c39-bf63-12a9f1ba3d57@group-3E0D269DC9B6-LeaderStateImpl
2021-09-24 06:39:44,601 [10e78caa-6890-4c39-bf63-12a9f1ba3d57@group-3E0D269DC9B6-LeaderElection4] INFO  segmented.SegmentedRaftLogWorker (SegmentedRaftLogWorker.java:startLogSegment(394)) - 10e78caa-6890-4c39-bf63-12a9f1ba3d57@group-3E0D269DC9B6-SegmentedRaftLogWorker: Starting segment from index:0
2021-09-24 06:39:44,607 [10e78caa-6890-4c39-bf63-12a9f1ba3d57@group-3E0D269DC9B6-LeaderElection4] INFO  server.RaftServer$Division (ServerState.java:setRaftConf(387)) - 10e78caa-6890-4c39-bf63-12a9f1ba3d57@group-3E0D269DC9B6: set configuration 0: [10e78caa-6890-4c39-bf63-12a9f1ba3d57|rpc:10.1.0.9:38157|dataStream:|priority:1], old=null
2021-09-24 06:39:44,609 [10e78caa-6890-4c39-bf63-12a9f1ba3d57@group-3E0D269DC9B6-SegmentedRaftLogWorker] INFO  segmented.SegmentedRaftLogWorker (SegmentedRaftLogWorker.java:execute(601)) - 10e78caa-6890-4c39-bf63-12a9f1ba3d57@group-3E0D269DC9B6-SegmentedRaftLogWorker: created new log segment /home/runner/work/ozone/ozone/hadoop-ozone/integration-test/target/test-dir/MiniOzoneClusterImpl-f3f49fad-ab5e-4528-a036-203aca2c3bfa/datanode-0/data/ratis/8f539799-714a-4e04-bef2-3e0d269dc9b6/current/log_inprogress_0
2021-09-24 06:39:44,676 [10e78caa-6890-4c39-bf63-12a9f1ba3d57@group-842A84C1BF42-FollowerState] INFO  impl.FollowerState (FollowerState.java:run(134)) - 10e78caa-6890-4c39-bf63-12a9f1ba3d57@group-842A84C1BF42-FollowerState: change to CANDIDATE, lastRpcElapsedTime:5114328132ns, electionTimeout:5113ms
2021-09-24 06:39:44,676 [10e78caa-6890-4c39-bf63-12a9f1ba3d57@group-842A84C1BF42-FollowerState] INFO  impl.RoleInfo (RoleInfo.java:shutdownFollowerState(108)) - 10e78caa-6890-4c39-bf63-12a9f1ba3d57: shutdown 10e78caa-6890-4c39-bf63-12a9f1ba3d57@group-842A84C1BF42-FollowerState
2021-09-24 06:39:44,676 [10e78caa-6890-4c39-bf63-12a9f1ba3d57@group-842A84C1BF42-FollowerState] INFO  server.RaftServer$Division (RaftServerImpl.java:setRole(285)) - 10e78caa-6890-4c39-bf63-12a9f1ba3d57@group-842A84C1BF42: changes role from  FOLLOWER to CANDIDATE at term 0 for changeToCandidate
2021-09-24 06:39:44,676 [10e78caa-6890-4c39-bf63-12a9f1ba3d57@group-842A84C1BF42-FollowerState] INFO  server.RaftServerConfigKeys (ConfUtils.java:logGet(44)) - raft.server.leaderelection.pre-vote = false (custom)
2021-09-24 06:39:44,676 [10e78caa-6890-4c39-bf63-12a9f1ba3d57@group-842A84C1BF42-FollowerState] INFO  impl.RoleInfo (RoleInfo.java:updateAndGet(130)) - 10e78caa-6890-4c39-bf63-12a9f1ba3d57: start 10e78caa-6890-4c39-bf63-12a9f1ba3d57@group-842A84C1BF42-LeaderElection5
2021-09-24 06:39:44,682 [10e78caa-6890-4c39-bf63-12a9f1ba3d57@group-842A84C1BF42-LeaderElection5] INFO  impl.LeaderElection (LeaderElection.java:askForVotes(306)) - 10e78caa-6890-4c39-bf63-12a9f1ba3d57@group-842A84C1BF42-LeaderElection5 ELECTION round 0: submit vote requests at term 1 for -1: [bf16246d-6f74-4fdf-b7dd-1bcfc33fa8ab|rpc:10.1.0.9:38267|priority:0, 4172555c-9a12-4ec2-8c60-ee93d59dcb13|rpc:10.1.0.9:42897|priority:1, 10e78caa-6890-4c39-bf63-12a9f1ba3d57|rpc:10.1.0.9:38157|priority:0], old=null
2021-09-24 06:39:44,733 [grpc-default-executor-1] INFO  server.RaftServer$Division (RaftServerImpl.java:requestVote(1043)) - 4172555c-9a12-4ec2-8c60-ee93d59dcb13@group-842A84C1BF42: receive requestVote(ELECTION, 10e78caa-6890-4c39-bf63-12a9f1ba3d57, group-842A84C1BF42, 1, (t:0, i:0))
2021-09-24 06:39:44,735 [grpc-default-executor-1] INFO  impl.VoteContext (VoteContext.java:log(48)) - 4172555c-9a12-4ec2-8c60-ee93d59dcb13@group-842A84C1BF42-FOLLOWER: reject ELECTION from 10e78caa-6890-4c39-bf63-12a9f1ba3d57: our priority 1 > candidate's priority 0
2021-09-24 06:39:44,735 [grpc-default-executor-1] INFO  server.RaftServer$Division (RaftServerImpl.java:setRole(285)) - 4172555c-9a12-4ec2-8c60-ee93d59dcb13@group-842A84C1BF42: changes role from  FOLLOWER to FOLLOWER at term 1 for candidate:10e78caa-6890-4c39-bf63-12a9f1ba3d57
2021-09-24 06:39:44,735 [grpc-default-executor-1] INFO  impl.RoleInfo (RoleInfo.java:shutdownFollowerState(108)) - 4172555c-9a12-4ec2-8c60-ee93d59dcb13: shutdown 4172555c-9a12-4ec2-8c60-ee93d59dcb13@group-842A84C1BF42-FollowerState
2021-09-24 06:39:44,736 [4172555c-9a12-4ec2-8c60-ee93d59dcb13@group-842A84C1BF42-FollowerState] INFO  impl.FollowerState (FollowerState.java:run(143)) - 4172555c-9a12-4ec2-8c60-ee93d59dcb13@group-842A84C1BF42-FollowerState was interrupted: {}
java.lang.InterruptedException: sleep interrupted
	at java.lang.Thread.sleep(Native Method)
	at java.lang.Thread.sleep(Thread.java:340)
	at java.util.concurrent.TimeUnit.sleep(TimeUnit.java:386)
	at org.apache.ratis.util.TimeDuration.sleep(TimeDuration.java:324)
	at org.apache.ratis.util.TimeDuration.sleep(TimeDuration.java:309)
	at org.apache.ratis.server.impl.FollowerState.run(FollowerState.java:118)
2021-09-24 06:39:44,737 [grpc-default-executor-1] INFO  impl.RoleInfo (RoleInfo.java:updateAndGet(130)) - 4172555c-9a12-4ec2-8c60-ee93d59dcb13: start 4172555c-9a12-4ec2-8c60-ee93d59dcb13@group-842A84C1BF42-FollowerState
2021-09-24 06:39:44,737 [grpc-default-executor-2] INFO  server.RaftServer$Division (RaftServerImpl.java:requestVote(1043)) - bf16246d-6f74-4fdf-b7dd-1bcfc33fa8ab@group-842A84C1BF42: receive requestVote(ELECTION, 10e78caa-6890-4c39-bf63-12a9f1ba3d57, group-842A84C1BF42, 1, (t:0, i:0))
2021-09-24 06:39:44,740 [grpc-default-executor-2] INFO  impl.VoteContext (VoteContext.java:log(48)) - bf16246d-6f74-4fdf-b7dd-1bcfc33fa8ab@group-842A84C1BF42-FOLLOWER: accept ELECTION from 10e78caa-6890-4c39-bf63-12a9f1ba3d57: our priority 0 <= candidate's priority 0
2021-09-24 06:39:44,753 [grpc-default-executor-2] INFO  server.RaftServer$Division (RaftServerImpl.java:setRole(285)) - bf16246d-6f74-4fdf-b7dd-1bcfc33fa8ab@group-842A84C1BF42: changes role from  FOLLOWER to FOLLOWER at term 1 for candidate:10e78caa-6890-4c39-bf63-12a9f1ba3d57
2021-09-24 06:39:44,753 [grpc-default-executor-2] INFO  impl.RoleInfo (RoleInfo.java:shutdownFollowerState(108)) - bf16246d-6f74-4fdf-b7dd-1bcfc33fa8ab: shutdown bf16246d-6f74-4fdf-b7dd-1bcfc33fa8ab@group-842A84C1BF42-FollowerState
2021-09-24 06:39:44,753 [grpc-default-executor-2] INFO  impl.RoleInfo (RoleInfo.java:updateAndGet(130)) - bf16246d-6f74-4fdf-b7dd-1bcfc33fa8ab: start bf16246d-6f74-4fdf-b7dd-1bcfc33fa8ab@group-842A84C1BF42-FollowerState
2021-09-24 06:39:44,754 [bf16246d-6f74-4fdf-b7dd-1bcfc33fa8ab@group-842A84C1BF42-FollowerState] INFO  impl.FollowerState (FollowerState.java:run(143)) - bf16246d-6f74-4fdf-b7dd-1bcfc33fa8ab@group-842A84C1BF42-FollowerState was interrupted: {}
java.lang.InterruptedException: sleep interrupted
	at java.lang.Thread.sleep(Native Method)
	at java.lang.Thread.sleep(Thread.java:340)
	at java.util.concurrent.TimeUnit.sleep(TimeUnit.java:386)
	at org.apache.ratis.util.TimeDuration.sleep(TimeDuration.java:324)
	at org.apache.ratis.util.TimeDuration.sleep(TimeDuration.java:309)
	at org.apache.ratis.server.impl.FollowerState.run(FollowerState.java:118)
2021-09-24 06:39:44,766 [grpc-default-executor-2] INFO  server.RaftServer$Division (RaftServerImpl.java:requestVote(1075)) - bf16246d-6f74-4fdf-b7dd-1bcfc33fa8ab@group-842A84C1BF42 replies to ELECTION vote request: 10e78caa-6890-4c39-bf63-12a9f1ba3d57<-bf16246d-6f74-4fdf-b7dd-1bcfc33fa8ab#0:OK-t1. Peer's state: bf16246d-6f74-4fdf-b7dd-1bcfc33fa8ab@group-842A84C1BF42:t1, leader=null, voted=10e78caa-6890-4c39-bf63-12a9f1ba3d57, raftlog=bf16246d-6f74-4fdf-b7dd-1bcfc33fa8ab@group-842A84C1BF42-SegmentedRaftLog:OPENED:c-1,f-1,i0, conf=-1: [bf16246d-6f74-4fdf-b7dd-1bcfc33fa8ab|rpc:10.1.0.9:38267|priority:0, 4172555c-9a12-4ec2-8c60-ee93d59dcb13|rpc:10.1.0.9:42897|priority:1, 10e78caa-6890-4c39-bf63-12a9f1ba3d57|rpc:10.1.0.9:38157|priority:0], old=null
2021-09-24 06:39:44,769 [grpc-default-executor-1] INFO  server.RaftServer$Division (RaftServerImpl.java:requestVote(1075)) - 4172555c-9a12-4ec2-8c60-ee93d59dcb13@group-842A84C1BF42 replies to ELECTION vote request: 10e78caa-6890-4c39-bf63-12a9f1ba3d57<-4172555c-9a12-4ec2-8c60-ee93d59dcb13#0:FAIL-t1. Peer's state: 4172555c-9a12-4ec2-8c60-ee93d59dcb13@group-842A84C1BF42:t1, leader=null, voted=null, raftlog=4172555c-9a12-4ec2-8c60-ee93d59dcb13@group-842A84C1BF42-SegmentedRaftLog:OPENED:c-1,f-1,i0, conf=-1: [bf16246d-6f74-4fdf-b7dd-1bcfc33fa8ab|rpc:10.1.0.9:38267|priority:0, 4172555c-9a12-4ec2-8c60-ee93d59dcb13|rpc:10.1.0.9:42897|priority:1, 10e78caa-6890-4c39-bf63-12a9f1ba3d57|rpc:10.1.0.9:38157|priority:0], old=null
2021-09-24 06:39:44,784 [10e78caa-6890-4c39-bf63-12a9f1ba3d57@group-842A84C1BF42-LeaderElection5] INFO  impl.LeaderElection (LeaderElection.java:logAndReturn(89)) - 10e78caa-6890-4c39-bf63-12a9f1ba3d57@group-842A84C1BF42-LeaderElection5: ELECTION REJECTED received 1 response(s) and 0 exception(s):
2021-09-24 06:39:44,785 [10e78caa-6890-4c39-bf63-12a9f1ba3d57@group-842A84C1BF42-LeaderElection5] INFO  impl.LeaderElection (LeaderElection.java:logAndReturn(93)) -   Response 0: 10e78caa-6890-4c39-bf63-12a9f1ba3d57<-4172555c-9a12-4ec2-8c60-ee93d59dcb13#0:FAIL-t1
2021-09-24 06:39:44,785 [10e78caa-6890-4c39-bf63-12a9f1ba3d57@group-842A84C1BF42-LeaderElection5] INFO  impl.LeaderElection (LeaderElection.java:askForVotes(308)) - 10e78caa-6890-4c39-bf63-12a9f1ba3d57@group-842A84C1BF42-LeaderElection5 ELECTION round 0: result REJECTED
2021-09-24 06:39:44,785 [10e78caa-6890-4c39-bf63-12a9f1ba3d57@group-842A84C1BF42-LeaderElection5] INFO  server.RaftServer$Division (RaftServerImpl.java:setRole(285)) - 10e78caa-6890-4c39-bf63-12a9f1ba3d57@group-842A84C1BF42: changes role from CANDIDATE to FOLLOWER at term 1 for REJECTED
2021-09-24 06:39:44,785 [10e78caa-6890-4c39-bf63-12a9f1ba3d57@group-842A84C1BF42-LeaderElection5] INFO  impl.RoleInfo (RoleInfo.java:shutdownLeaderElection(121)) - 10e78caa-6890-4c39-bf63-12a9f1ba3d57: shutdown 10e78caa-6890-4c39-bf63-12a9f1ba3d57@group-842A84C1BF42-LeaderElection5
2021-09-24 06:39:44,785 [10e78caa-6890-4c39-bf63-12a9f1ba3d57@group-842A84C1BF42-LeaderElection5] INFO  impl.RoleInfo (RoleInfo.java:updateAndGet(130)) - 10e78caa-6890-4c39-bf63-12a9f1ba3d57: start 10e78caa-6890-4c39-bf63-12a9f1ba3d57@group-842A84C1BF42-FollowerState
2021-09-24 06:39:45,134 [Listener at 127.0.0.1/44161] INFO  ozone.MiniOzoneClusterImpl (MiniOzoneClusterImpl.java:lambda$waitForClusterToBeReady$0(235)) - Nodes are ready. Got 3 of 3 DN Heartbeats.
2021-09-24 06:39:45,135 [Listener at 127.0.0.1/44161] INFO  ozone.MiniOzoneClusterImpl (MiniOzoneClusterImpl.java:lambda$waitForClusterToBeReady$0(238)) - Waiting for cluster to exit safe mode
2021-09-24 06:39:45,135 [Listener at 127.0.0.1/44161] INFO  ozone.MiniOzoneClusterImpl (MiniOzoneClusterImpl.java:lambda$waitForClusterToBeReady$0(240)) - SCM became leader
2021-09-24 06:39:45,156 [4172555c-9a12-4ec2-8c60-ee93d59dcb13@group-1E90B5C77822-FollowerState] INFO  impl.FollowerState (FollowerState.java:run(134)) - 4172555c-9a12-4ec2-8c60-ee93d59dcb13@group-1E90B5C77822-FollowerState: change to CANDIDATE, lastRpcElapsedTime:5183280582ns, electionTimeout:5176ms
2021-09-24 06:39:45,157 [4172555c-9a12-4ec2-8c60-ee93d59dcb13@group-1E90B5C77822-FollowerState] INFO  impl.RoleInfo (RoleInfo.java:shutdownFollowerState(108)) - 4172555c-9a12-4ec2-8c60-ee93d59dcb13: shutdown 4172555c-9a12-4ec2-8c60-ee93d59dcb13@group-1E90B5C77822-FollowerState
2021-09-24 06:39:45,157 [4172555c-9a12-4ec2-8c60-ee93d59dcb13@group-1E90B5C77822-FollowerState] INFO  server.RaftServer$Division (RaftServerImpl.java:setRole(285)) - 4172555c-9a12-4ec2-8c60-ee93d59dcb13@group-1E90B5C77822: changes role from  FOLLOWER to CANDIDATE at term 0 for changeToCandidate
2021-09-24 06:39:45,157 [4172555c-9a12-4ec2-8c60-ee93d59dcb13@group-1E90B5C77822-FollowerState] INFO  server.RaftServerConfigKeys (ConfUtils.java:logGet(44)) - raft.server.leaderelection.pre-vote = false (custom)
2021-09-24 06:39:45,157 [4172555c-9a12-4ec2-8c60-ee93d59dcb13@group-1E90B5C77822-FollowerState] INFO  impl.RoleInfo (RoleInfo.java:updateAndGet(130)) - 4172555c-9a12-4ec2-8c60-ee93d59dcb13: start 4172555c-9a12-4ec2-8c60-ee93d59dcb13@group-1E90B5C77822-LeaderElection6
2021-09-24 06:39:45,170 [4172555c-9a12-4ec2-8c60-ee93d59dcb13@group-1E90B5C77822-LeaderElection6] INFO  impl.LeaderElection (LeaderElection.java:askForVotes(306)) - 4172555c-9a12-4ec2-8c60-ee93d59dcb13@group-1E90B5C77822-LeaderElection6 ELECTION round 0: submit vote requests at term 1 for -1: [4172555c-9a12-4ec2-8c60-ee93d59dcb13|rpc:10.1.0.9:42897|priority:1], old=null
2021-09-24 06:39:45,170 [4172555c-9a12-4ec2-8c60-ee93d59dcb13@group-1E90B5C77822-LeaderElection6] INFO  impl.LeaderElection (LeaderElection.java:askForVotes(308)) - 4172555c-9a12-4ec2-8c60-ee93d59dcb13@group-1E90B5C77822-LeaderElection6 ELECTION round 0: result PASSED (term=1)
2021-09-24 06:39:45,170 [4172555c-9a12-4ec2-8c60-ee93d59dcb13@group-1E90B5C77822-LeaderElection6] INFO  impl.RoleInfo (RoleInfo.java:shutdownLeaderElection(121)) - 4172555c-9a12-4ec2-8c60-ee93d59dcb13: shutdown 4172555c-9a12-4ec2-8c60-ee93d59dcb13@group-1E90B5C77822-LeaderElection6
2021-09-24 06:39:45,170 [4172555c-9a12-4ec2-8c60-ee93d59dcb13@group-1E90B5C77822-LeaderElection6] INFO  server.RaftServer$Division (RaftServerImpl.java:setRole(285)) - 4172555c-9a12-4ec2-8c60-ee93d59dcb13@group-1E90B5C77822: changes role from CANDIDATE to LEADER at term 1 for changeToLeader
2021-09-24 06:39:45,171 [4172555c-9a12-4ec2-8c60-ee93d59dcb13@group-1E90B5C77822-LeaderElection6] INFO  ratis.XceiverServerRatis (XceiverServerRatis.java:handleLeaderChangedNotification(860)) - Leader change notification received for group: group-1E90B5C77822 with new leaderId: 4172555c-9a12-4ec2-8c60-ee93d59dcb13
2021-09-24 06:39:45,172 [Datanode State Machine Thread - 0] WARN  statemachine.StateContext (StateContext.java:execute(621)) - No available thread in pool for past 1 seconds.
2021-09-24 06:39:45,181 [EventQueue-OpenPipelineForHealthyPipelineSafeModeRule] INFO  safemode.SCMSafeModeManager (HealthyPipelineSafeModeRule.java:process(124)) - SCM in safe mode. Healthy pipelines reported count is 0, required healthy pipeline reported count is 1
2021-09-24 06:39:45,183 [4172555c-9a12-4ec2-8c60-ee93d59dcb13@group-1E90B5C77822-LeaderElection6] INFO  server.RaftServer$Division (ServerState.java:setLeader(285)) - 4172555c-9a12-4ec2-8c60-ee93d59dcb13@group-1E90B5C77822: change Leader from null to 4172555c-9a12-4ec2-8c60-ee93d59dcb13 at term 1 for becomeLeader, leader elected after 5232ms
2021-09-24 06:39:45,183 [4172555c-9a12-4ec2-8c60-ee93d59dcb13@group-1E90B5C77822-LeaderElection6] INFO  server.RaftServerConfigKeys (ConfUtils.java:logGet(44)) - raft.server.staging.catchup.gap = 1000 (default)
2021-09-24 06:39:45,190 [4172555c-9a12-4ec2-8c60-ee93d59dcb13@group-1E90B5C77822-LeaderElection6] INFO  server.RaftServerConfigKeys (ConfUtils.java:logGet(44)) - raft.server.write.element-limit = 1024 (custom)
2021-09-24 06:39:45,190 [4172555c-9a12-4ec2-8c60-ee93d59dcb13@group-1E90B5C77822-LeaderElection6] INFO  server.RaftServerConfigKeys (ConfUtils.java:logGet(44)) - raft.server.write.byte-limit = 1024 M (=1073741824) (custom)
2021-09-24 06:39:45,191 [4172555c-9a12-4ec2-8c60-ee93d59dcb13@group-1E90B5C77822-LeaderElection6] INFO  server.RaftServerConfigKeys (ConfUtils.java:logGet(44)) - raft.server.watch.timeout = 180s (custom)
2021-09-24 06:39:45,191 [4172555c-9a12-4ec2-8c60-ee93d59dcb13@group-1E90B5C77822-LeaderElection6] INFO  server.RaftServerConfigKeys (ConfUtils.java:logGet(44)) - raft.server.watch.timeout.denomination = 1s (default)
2021-09-24 06:39:45,191 [4172555c-9a12-4ec2-8c60-ee93d59dcb13@group-1E90B5C77822-LeaderElection6] INFO  server.RaftServerConfigKeys (ConfUtils.java:logGet(44)) - raft.server.watch.element-limit = 65536 (default)
2021-09-24 06:39:45,191 [4172555c-9a12-4ec2-8c60-ee93d59dcb13@group-1E90B5C77822-LeaderElection6] INFO  impl.RoleInfo (RoleInfo.java:updateAndGet(130)) - 4172555c-9a12-4ec2-8c60-ee93d59dcb13: start 4172555c-9a12-4ec2-8c60-ee93d59dcb13@group-1E90B5C77822-LeaderStateImpl
2021-09-24 06:39:45,192 [4172555c-9a12-4ec2-8c60-ee93d59dcb13@group-1E90B5C77822-LeaderElection6] INFO  segmented.SegmentedRaftLogWorker (SegmentedRaftLogWorker.java:startLogSegment(394)) - 4172555c-9a12-4ec2-8c60-ee93d59dcb13@group-1E90B5C77822-SegmentedRaftLogWorker: Starting segment from index:0
2021-09-24 06:39:45,194 [4172555c-9a12-4ec2-8c60-ee93d59dcb13@group-1E90B5C77822-SegmentedRaftLogWorker] INFO  segmented.SegmentedRaftLogWorker (SegmentedRaftLogWorker.java:execute(601)) - 4172555c-9a12-4ec2-8c60-ee93d59dcb13@group-1E90B5C77822-SegmentedRaftLogWorker: created new log segment /home/runner/work/ozone/ozone/hadoop-ozone/integration-test/target/test-dir/MiniOzoneClusterImpl-f3f49fad-ab5e-4528-a036-203aca2c3bfa/datanode-1/data/ratis/f689328f-3ddd-4931-83ae-1e90b5c77822/current/log_inprogress_0
2021-09-24 06:39:45,199 [4172555c-9a12-4ec2-8c60-ee93d59dcb13@group-1E90B5C77822-LeaderElection6] INFO  server.RaftServer$Division (ServerState.java:setRaftConf(387)) - 4172555c-9a12-4ec2-8c60-ee93d59dcb13@group-1E90B5C77822: set configuration 0: [4172555c-9a12-4ec2-8c60-ee93d59dcb13|rpc:10.1.0.9:42897|dataStream:|priority:1], old=null
2021-09-24 06:39:45,208 [bf16246d-6f74-4fdf-b7dd-1bcfc33fa8ab@group-2EFAC84EFCEC-FollowerState] INFO  impl.FollowerState (FollowerState.java:run(134)) - bf16246d-6f74-4fdf-b7dd-1bcfc33fa8ab@group-2EFAC84EFCEC-FollowerState: change to CANDIDATE, lastRpcElapsedTime:5027317682ns, electionTimeout:5024ms
2021-09-24 06:39:45,209 [bf16246d-6f74-4fdf-b7dd-1bcfc33fa8ab@group-2EFAC84EFCEC-FollowerState] INFO  impl.RoleInfo (RoleInfo.java:shutdownFollowerState(108)) - bf16246d-6f74-4fdf-b7dd-1bcfc33fa8ab: shutdown bf16246d-6f74-4fdf-b7dd-1bcfc33fa8ab@group-2EFAC84EFCEC-FollowerState
2021-09-24 06:39:45,209 [bf16246d-6f74-4fdf-b7dd-1bcfc33fa8ab@group-2EFAC84EFCEC-FollowerState] INFO  server.RaftServer$Division (RaftServerImpl.java:setRole(285)) - bf16246d-6f74-4fdf-b7dd-1bcfc33fa8ab@group-2EFAC84EFCEC: changes role from  FOLLOWER to CANDIDATE at term 0 for changeToCandidate
2021-09-24 06:39:45,209 [bf16246d-6f74-4fdf-b7dd-1bcfc33fa8ab@group-2EFAC84EFCEC-FollowerState] INFO  server.RaftServerConfigKeys (ConfUtils.java:logGet(44)) - raft.server.leaderelection.pre-vote = false (custom)
2021-09-24 06:39:45,209 [bf16246d-6f74-4fdf-b7dd-1bcfc33fa8ab@group-2EFAC84EFCEC-FollowerState] INFO  impl.RoleInfo (RoleInfo.java:updateAndGet(130)) - bf16246d-6f74-4fdf-b7dd-1bcfc33fa8ab: start bf16246d-6f74-4fdf-b7dd-1bcfc33fa8ab@group-2EFAC84EFCEC-LeaderElection7
2021-09-24 06:39:45,221 [bf16246d-6f74-4fdf-b7dd-1bcfc33fa8ab@group-2EFAC84EFCEC-LeaderElection7] INFO  impl.LeaderElection (LeaderElection.java:askForVotes(306)) - bf16246d-6f74-4fdf-b7dd-1bcfc33fa8ab@group-2EFAC84EFCEC-LeaderElection7 ELECTION round 0: submit vote requests at term 1 for -1: [bf16246d-6f74-4fdf-b7dd-1bcfc33fa8ab|rpc:10.1.0.9:38267|priority:1], old=null
2021-09-24 06:39:45,221 [bf16246d-6f74-4fdf-b7dd-1bcfc33fa8ab@group-2EFAC84EFCEC-LeaderElection7] INFO  impl.LeaderElection (LeaderElection.java:askForVotes(308)) - bf16246d-6f74-4fdf-b7dd-1bcfc33fa8ab@group-2EFAC84EFCEC-LeaderElection7 ELECTION round 0: result PASSED (term=1)
2021-09-24 06:39:45,221 [bf16246d-6f74-4fdf-b7dd-1bcfc33fa8ab@group-2EFAC84EFCEC-LeaderElection7] INFO  impl.RoleInfo (RoleInfo.java:shutdownLeaderElection(121)) - bf16246d-6f74-4fdf-b7dd-1bcfc33fa8ab: shutdown bf16246d-6f74-4fdf-b7dd-1bcfc33fa8ab@group-2EFAC84EFCEC-LeaderElection7
2021-09-24 06:39:45,221 [bf16246d-6f74-4fdf-b7dd-1bcfc33fa8ab@group-2EFAC84EFCEC-LeaderElection7] INFO  server.RaftServer$Division (RaftServerImpl.java:setRole(285)) - bf16246d-6f74-4fdf-b7dd-1bcfc33fa8ab@group-2EFAC84EFCEC: changes role from CANDIDATE to LEADER at term 1 for changeToLeader
2021-09-24 06:39:45,221 [bf16246d-6f74-4fdf-b7dd-1bcfc33fa8ab@group-2EFAC84EFCEC-LeaderElection7] INFO  ratis.XceiverServerRatis (XceiverServerRatis.java:handleLeaderChangedNotification(860)) - Leader change notification received for group: group-2EFAC84EFCEC with new leaderId: bf16246d-6f74-4fdf-b7dd-1bcfc33fa8ab
2021-09-24 06:39:45,222 [Datanode State Machine Thread - 0] WARN  statemachine.StateContext (StateContext.java:execute(621)) - No available thread in pool for past 1 seconds.
2021-09-24 06:39:45,223 [EventQueue-OpenPipelineForHealthyPipelineSafeModeRule] INFO  safemode.SCMSafeModeManager (HealthyPipelineSafeModeRule.java:process(124)) - SCM in safe mode. Healthy pipelines reported count is 0, required healthy pipeline reported count is 1
2021-09-24 06:39:45,224 [bf16246d-6f74-4fdf-b7dd-1bcfc33fa8ab@group-2EFAC84EFCEC-LeaderElection7] INFO  server.RaftServer$Division (ServerState.java:setLeader(285)) - bf16246d-6f74-4fdf-b7dd-1bcfc33fa8ab@group-2EFAC84EFCEC: change Leader from null to bf16246d-6f74-4fdf-b7dd-1bcfc33fa8ab at term 1 for becomeLeader, leader elected after 5062ms
2021-09-24 06:39:45,224 [bf16246d-6f74-4fdf-b7dd-1bcfc33fa8ab@group-2EFAC84EFCEC-LeaderElection7] INFO  server.RaftServerConfigKeys (ConfUtils.java:logGet(44)) - raft.server.staging.catchup.gap = 1000 (default)
2021-09-24 06:39:45,226 [bf16246d-6f74-4fdf-b7dd-1bcfc33fa8ab@group-2EFAC84EFCEC-LeaderElection7] INFO  server.RaftServerConfigKeys (ConfUtils.java:logGet(44)) - raft.server.write.element-limit = 1024 (custom)
2021-09-24 06:39:45,226 [bf16246d-6f74-4fdf-b7dd-1bcfc33fa8ab@group-2EFAC84EFCEC-LeaderElection7] INFO  server.RaftServerConfigKeys (ConfUtils.java:logGet(44)) - raft.server.write.byte-limit = 1024 M (=1073741824) (custom)
2021-09-24 06:39:45,227 [bf16246d-6f74-4fdf-b7dd-1bcfc33fa8ab@group-2EFAC84EFCEC-LeaderElection7] INFO  server.RaftServerConfigKeys (ConfUtils.java:logGet(44)) - raft.server.watch.timeout = 180s (custom)
2021-09-24 06:39:45,227 [bf16246d-6f74-4fdf-b7dd-1bcfc33fa8ab@group-2EFAC84EFCEC-LeaderElection7] INFO  server.RaftServerConfigKeys (ConfUtils.java:logGet(44)) - raft.server.watch.timeout.denomination = 1s (default)
2021-09-24 06:39:45,227 [bf16246d-6f74-4fdf-b7dd-1bcfc33fa8ab@group-2EFAC84EFCEC-LeaderElection7] INFO  server.RaftServerConfigKeys (ConfUtils.java:logGet(44)) - raft.server.watch.element-limit = 65536 (default)
2021-09-24 06:39:45,227 [bf16246d-6f74-4fdf-b7dd-1bcfc33fa8ab@group-2EFAC84EFCEC-LeaderElection7] INFO  impl.RoleInfo (RoleInfo.java:updateAndGet(130)) - bf16246d-6f74-4fdf-b7dd-1bcfc33fa8ab: start bf16246d-6f74-4fdf-b7dd-1bcfc33fa8ab@group-2EFAC84EFCEC-LeaderStateImpl
2021-09-24 06:39:45,228 [bf16246d-6f74-4fdf-b7dd-1bcfc33fa8ab@group-2EFAC84EFCEC-LeaderElection7] INFO  segmented.SegmentedRaftLogWorker (SegmentedRaftLogWorker.java:startLogSegment(394)) - bf16246d-6f74-4fdf-b7dd-1bcfc33fa8ab@group-2EFAC84EFCEC-SegmentedRaftLogWorker: Starting segment from index:0
2021-09-24 06:39:45,230 [bf16246d-6f74-4fdf-b7dd-1bcfc33fa8ab@group-2EFAC84EFCEC-SegmentedRaftLogWorker] INFO  segmented.SegmentedRaftLogWorker (SegmentedRaftLogWorker.java:execute(601)) - bf16246d-6f74-4fdf-b7dd-1bcfc33fa8ab@group-2EFAC84EFCEC-SegmentedRaftLogWorker: created new log segment /home/runner/work/ozone/ozone/hadoop-ozone/integration-test/target/test-dir/MiniOzoneClusterImpl-f3f49fad-ab5e-4528-a036-203aca2c3bfa/datanode-2/data/ratis/89be3c85-330a-4911-80fb-2efac84efcec/current/log_inprogress_0
2021-09-24 06:39:45,243 [bf16246d-6f74-4fdf-b7dd-1bcfc33fa8ab@group-2EFAC84EFCEC-LeaderElection7] INFO  server.RaftServer$Division (ServerState.java:setRaftConf(387)) - bf16246d-6f74-4fdf-b7dd-1bcfc33fa8ab@group-2EFAC84EFCEC: set configuration 0: [bf16246d-6f74-4fdf-b7dd-1bcfc33fa8ab|rpc:10.1.0.9:38267|dataStream:|priority:1], old=null
2021-09-24 06:39:46,136 [Listener at 127.0.0.1/44161] INFO  ozone.MiniOzoneClusterImpl (MiniOzoneClusterImpl.java:lambda$waitForClusterToBeReady$0(235)) - Nodes are ready. Got 3 of 3 DN Heartbeats.
2021-09-24 06:39:46,136 [Listener at 127.0.0.1/44161] INFO  ozone.MiniOzoneClusterImpl (MiniOzoneClusterImpl.java:lambda$waitForClusterToBeReady$0(238)) - Waiting for cluster to exit safe mode
2021-09-24 06:39:46,136 [Listener at 127.0.0.1/44161] INFO  ozone.MiniOzoneClusterImpl (MiniOzoneClusterImpl.java:lambda$waitForClusterToBeReady$0(240)) - SCM became leader
2021-09-24 06:39:47,136 [Listener at 127.0.0.1/44161] INFO  ozone.MiniOzoneClusterImpl (MiniOzoneClusterImpl.java:lambda$waitForClusterToBeReady$0(235)) - Nodes are ready. Got 3 of 3 DN Heartbeats.
2021-09-24 06:39:47,137 [Listener at 127.0.0.1/44161] INFO  ozone.MiniOzoneClusterImpl (MiniOzoneClusterImpl.java:lambda$waitForClusterToBeReady$0(238)) - Waiting for cluster to exit safe mode
2021-09-24 06:39:47,137 [Listener at 127.0.0.1/44161] INFO  ozone.MiniOzoneClusterImpl (MiniOzoneClusterImpl.java:lambda$waitForClusterToBeReady$0(240)) - SCM became leader
2021-09-24 06:39:48,137 [Listener at 127.0.0.1/44161] INFO  ozone.MiniOzoneClusterImpl (MiniOzoneClusterImpl.java:lambda$waitForClusterToBeReady$0(235)) - Nodes are ready. Got 3 of 3 DN Heartbeats.
2021-09-24 06:39:48,137 [Listener at 127.0.0.1/44161] INFO  ozone.MiniOzoneClusterImpl (MiniOzoneClusterImpl.java:lambda$waitForClusterToBeReady$0(238)) - Waiting for cluster to exit safe mode
2021-09-24 06:39:48,137 [Listener at 127.0.0.1/44161] INFO  ozone.MiniOzoneClusterImpl (MiniOzoneClusterImpl.java:lambda$waitForClusterToBeReady$0(240)) - SCM became leader
2021-09-24 06:39:49,137 [Listener at 127.0.0.1/44161] INFO  ozone.MiniOzoneClusterImpl (MiniOzoneClusterImpl.java:lambda$waitForClusterToBeReady$0(235)) - Nodes are ready. Got 3 of 3 DN Heartbeats.
2021-09-24 06:39:49,138 [Listener at 127.0.0.1/44161] INFO  ozone.MiniOzoneClusterImpl (MiniOzoneClusterImpl.java:lambda$waitForClusterToBeReady$0(238)) - Waiting for cluster to exit safe mode
2021-09-24 06:39:49,138 [Listener at 127.0.0.1/44161] INFO  ozone.MiniOzoneClusterImpl (MiniOzoneClusterImpl.java:lambda$waitForClusterToBeReady$0(240)) - SCM became leader
2021-09-24 06:39:49,831 [10e78caa-6890-4c39-bf63-12a9f1ba3d57@group-842A84C1BF42-FollowerState] INFO  impl.FollowerState (FollowerState.java:run(134)) - 10e78caa-6890-4c39-bf63-12a9f1ba3d57@group-842A84C1BF42-FollowerState: change to CANDIDATE, lastRpcElapsedTime:5045516770ns, electionTimeout:5032ms
2021-09-24 06:39:49,831 [10e78caa-6890-4c39-bf63-12a9f1ba3d57@group-842A84C1BF42-FollowerState] INFO  impl.RoleInfo (RoleInfo.java:shutdownFollowerState(108)) - 10e78caa-6890-4c39-bf63-12a9f1ba3d57: shutdown 10e78caa-6890-4c39-bf63-12a9f1ba3d57@group-842A84C1BF42-FollowerState
2021-09-24 06:39:49,831 [10e78caa-6890-4c39-bf63-12a9f1ba3d57@group-842A84C1BF42-FollowerState] INFO  server.RaftServer$Division (RaftServerImpl.java:setRole(285)) - 10e78caa-6890-4c39-bf63-12a9f1ba3d57@group-842A84C1BF42: changes role from  FOLLOWER to CANDIDATE at term 1 for changeToCandidate
2021-09-24 06:39:49,831 [10e78caa-6890-4c39-bf63-12a9f1ba3d57@group-842A84C1BF42-FollowerState] INFO  server.RaftServerConfigKeys (ConfUtils.java:logGet(44)) - raft.server.leaderelection.pre-vote = false (custom)
2021-09-24 06:39:49,831 [10e78caa-6890-4c39-bf63-12a9f1ba3d57@group-842A84C1BF42-FollowerState] INFO  impl.RoleInfo (RoleInfo.java:updateAndGet(130)) - 10e78caa-6890-4c39-bf63-12a9f1ba3d57: start 10e78caa-6890-4c39-bf63-12a9f1ba3d57@group-842A84C1BF42-LeaderElection8
2021-09-24 06:39:49,841 [10e78caa-6890-4c39-bf63-12a9f1ba3d57@group-842A84C1BF42-LeaderElection8] INFO  impl.LeaderElection (LeaderElection.java:askForVotes(306)) - 10e78caa-6890-4c39-bf63-12a9f1ba3d57@group-842A84C1BF42-LeaderElection8 ELECTION round 0: submit vote requests at term 2 for -1: [bf16246d-6f74-4fdf-b7dd-1bcfc33fa8ab|rpc:10.1.0.9:38267|priority:0, 4172555c-9a12-4ec2-8c60-ee93d59dcb13|rpc:10.1.0.9:42897|priority:1, 10e78caa-6890-4c39-bf63-12a9f1ba3d57|rpc:10.1.0.9:38157|priority:0], old=null
2021-09-24 06:39:49,851 [grpc-default-executor-1] INFO  server.RaftServer$Division (RaftServerImpl.java:requestVote(1043)) - bf16246d-6f74-4fdf-b7dd-1bcfc33fa8ab@group-842A84C1BF42: receive requestVote(ELECTION, 10e78caa-6890-4c39-bf63-12a9f1ba3d57, group-842A84C1BF42, 2, (t:0, i:0))
2021-09-24 06:39:49,851 [grpc-default-executor-1] INFO  impl.VoteContext (VoteContext.java:log(48)) - bf16246d-6f74-4fdf-b7dd-1bcfc33fa8ab@group-842A84C1BF42-FOLLOWER: accept ELECTION from 10e78caa-6890-4c39-bf63-12a9f1ba3d57: our priority 0 <= candidate's priority 0
2021-09-24 06:39:49,851 [grpc-default-executor-1] INFO  server.RaftServer$Division (RaftServerImpl.java:setRole(285)) - bf16246d-6f74-4fdf-b7dd-1bcfc33fa8ab@group-842A84C1BF42: changes role from  FOLLOWER to FOLLOWER at term 2 for candidate:10e78caa-6890-4c39-bf63-12a9f1ba3d57
2021-09-24 06:39:49,851 [grpc-default-executor-1] INFO  impl.RoleInfo (RoleInfo.java:shutdownFollowerState(108)) - bf16246d-6f74-4fdf-b7dd-1bcfc33fa8ab: shutdown bf16246d-6f74-4fdf-b7dd-1bcfc33fa8ab@group-842A84C1BF42-FollowerState
2021-09-24 06:39:49,851 [grpc-default-executor-1] INFO  impl.RoleInfo (RoleInfo.java:updateAndGet(130)) - bf16246d-6f74-4fdf-b7dd-1bcfc33fa8ab: start bf16246d-6f74-4fdf-b7dd-1bcfc33fa8ab@group-842A84C1BF42-FollowerState
2021-09-24 06:39:49,851 [bf16246d-6f74-4fdf-b7dd-1bcfc33fa8ab@group-842A84C1BF42-FollowerState] INFO  impl.FollowerState (FollowerState.java:run(143)) - bf16246d-6f74-4fdf-b7dd-1bcfc33fa8ab@group-842A84C1BF42-FollowerState was interrupted: {}
java.lang.InterruptedException: sleep interrupted
	at java.lang.Thread.sleep(Native Method)
	at java.lang.Thread.sleep(Thread.java:340)
	at java.util.concurrent.TimeUnit.sleep(TimeUnit.java:386)
	at org.apache.ratis.util.TimeDuration.sleep(TimeDuration.java:324)
	at org.apache.ratis.util.TimeDuration.sleep(TimeDuration.java:309)
	at org.apache.ratis.server.impl.FollowerState.run(FollowerState.java:118)
2021-09-24 06:39:49,856 [grpc-default-executor-1] INFO  server.RaftServer$Division (RaftServerImpl.java:requestVote(1075)) - bf16246d-6f74-4fdf-b7dd-1bcfc33fa8ab@group-842A84C1BF42 replies to ELECTION vote request: 10e78caa-6890-4c39-bf63-12a9f1ba3d57<-bf16246d-6f74-4fdf-b7dd-1bcfc33fa8ab#0:OK-t2. Peer's state: bf16246d-6f74-4fdf-b7dd-1bcfc33fa8ab@group-842A84C1BF42:t2, leader=null, voted=10e78caa-6890-4c39-bf63-12a9f1ba3d57, raftlog=bf16246d-6f74-4fdf-b7dd-1bcfc33fa8ab@group-842A84C1BF42-SegmentedRaftLog:OPENED:c-1,f-1,i0, conf=-1: [bf16246d-6f74-4fdf-b7dd-1bcfc33fa8ab|rpc:10.1.0.9:38267|priority:0, 4172555c-9a12-4ec2-8c60-ee93d59dcb13|rpc:10.1.0.9:42897|priority:1, 10e78caa-6890-4c39-bf63-12a9f1ba3d57|rpc:10.1.0.9:38157|priority:0], old=null
2021-09-24 06:39:49,857 [grpc-default-executor-2] INFO  server.RaftServer$Division (RaftServerImpl.java:requestVote(1043)) - 4172555c-9a12-4ec2-8c60-ee93d59dcb13@group-842A84C1BF42: receive requestVote(ELECTION, 10e78caa-6890-4c39-bf63-12a9f1ba3d57, group-842A84C1BF42, 2, (t:0, i:0))
2021-09-24 06:39:49,857 [grpc-default-executor-2] INFO  impl.VoteContext (VoteContext.java:log(48)) - 4172555c-9a12-4ec2-8c60-ee93d59dcb13@group-842A84C1BF42-FOLLOWER: reject ELECTION from 10e78caa-6890-4c39-bf63-12a9f1ba3d57: our priority 1 > candidate's priority 0
2021-09-24 06:39:49,857 [grpc-default-executor-2] INFO  server.RaftServer$Division (RaftServerImpl.java:setRole(285)) - 4172555c-9a12-4ec2-8c60-ee93d59dcb13@group-842A84C1BF42: changes role from  FOLLOWER to FOLLOWER at term 2 for candidate:10e78caa-6890-4c39-bf63-12a9f1ba3d57
2021-09-24 06:39:49,857 [grpc-default-executor-2] INFO  impl.RoleInfo (RoleInfo.java:shutdownFollowerState(108)) - 4172555c-9a12-4ec2-8c60-ee93d59dcb13: shutdown 4172555c-9a12-4ec2-8c60-ee93d59dcb13@group-842A84C1BF42-FollowerState
2021-09-24 06:39:49,857 [grpc-default-executor-2] INFO  impl.RoleInfo (RoleInfo.java:updateAndGet(130)) - 4172555c-9a12-4ec2-8c60-ee93d59dcb13: start 4172555c-9a12-4ec2-8c60-ee93d59dcb13@group-842A84C1BF42-FollowerState
2021-09-24 06:39:49,857 [4172555c-9a12-4ec2-8c60-ee93d59dcb13@group-842A84C1BF42-FollowerState] INFO  impl.FollowerState (FollowerState.java:run(143)) - 4172555c-9a12-4ec2-8c60-ee93d59dcb13@group-842A84C1BF42-FollowerState was interrupted: {}
java.lang.InterruptedException: sleep interrupted
	at java.lang.Thread.sleep(Native Method)
	at java.lang.Thread.sleep(Thread.java:340)
	at java.util.concurrent.TimeUnit.sleep(TimeUnit.java:386)
	at org.apache.ratis.util.TimeDuration.sleep(TimeDuration.java:324)
	at org.apache.ratis.util.TimeDuration.sleep(TimeDuration.java:309)
	at org.apache.ratis.server.impl.FollowerState.run(FollowerState.java:118)
2021-09-24 06:39:49,868 [grpc-default-executor-2] INFO  server.RaftServer$Division (RaftServerImpl.java:requestVote(1075)) - 4172555c-9a12-4ec2-8c60-ee93d59dcb13@group-842A84C1BF42 replies to ELECTION vote request: 10e78caa-6890-4c39-bf63-12a9f1ba3d57<-4172555c-9a12-4ec2-8c60-ee93d59dcb13#0:FAIL-t2. Peer's state: 4172555c-9a12-4ec2-8c60-ee93d59dcb13@group-842A84C1BF42:t2, leader=null, voted=null, raftlog=4172555c-9a12-4ec2-8c60-ee93d59dcb13@group-842A84C1BF42-SegmentedRaftLog:OPENED:c-1,f-1,i0, conf=-1: [bf16246d-6f74-4fdf-b7dd-1bcfc33fa8ab|rpc:10.1.0.9:38267|priority:0, 4172555c-9a12-4ec2-8c60-ee93d59dcb13|rpc:10.1.0.9:42897|priority:1, 10e78caa-6890-4c39-bf63-12a9f1ba3d57|rpc:10.1.0.9:38157|priority:0], old=null
2021-09-24 06:39:49,869 [10e78caa-6890-4c39-bf63-12a9f1ba3d57@group-842A84C1BF42-LeaderElection8] INFO  impl.LeaderElection (LeaderElection.java:logAndReturn(89)) - 10e78caa-6890-4c39-bf63-12a9f1ba3d57@group-842A84C1BF42-LeaderElection8: ELECTION REJECTED received 1 response(s) and 0 exception(s):
2021-09-24 06:39:49,870 [10e78caa-6890-4c39-bf63-12a9f1ba3d57@group-842A84C1BF42-LeaderElection8] INFO  impl.LeaderElection (LeaderElection.java:logAndReturn(93)) -   Response 0: 10e78caa-6890-4c39-bf63-12a9f1ba3d57<-4172555c-9a12-4ec2-8c60-ee93d59dcb13#0:FAIL-t2
2021-09-24 06:39:49,870 [10e78caa-6890-4c39-bf63-12a9f1ba3d57@group-842A84C1BF42-LeaderElection8] INFO  impl.LeaderElection (LeaderElection.java:askForVotes(308)) - 10e78caa-6890-4c39-bf63-12a9f1ba3d57@group-842A84C1BF42-LeaderElection8 ELECTION round 0: result REJECTED
2021-09-24 06:39:49,871 [10e78caa-6890-4c39-bf63-12a9f1ba3d57@group-842A84C1BF42-LeaderElection8] INFO  server.RaftServer$Division (RaftServerImpl.java:setRole(285)) - 10e78caa-6890-4c39-bf63-12a9f1ba3d57@group-842A84C1BF42: changes role from CANDIDATE to FOLLOWER at term 2 for REJECTED
2021-09-24 06:39:49,871 [10e78caa-6890-4c39-bf63-12a9f1ba3d57@group-842A84C1BF42-LeaderElection8] INFO  impl.RoleInfo (RoleInfo.java:shutdownLeaderElection(121)) - 10e78caa-6890-4c39-bf63-12a9f1ba3d57: shutdown 10e78caa-6890-4c39-bf63-12a9f1ba3d57@group-842A84C1BF42-LeaderElection8
2021-09-24 06:39:49,871 [10e78caa-6890-4c39-bf63-12a9f1ba3d57@group-842A84C1BF42-LeaderElection8] INFO  impl.RoleInfo (RoleInfo.java:updateAndGet(130)) - 10e78caa-6890-4c39-bf63-12a9f1ba3d57: start 10e78caa-6890-4c39-bf63-12a9f1ba3d57@group-842A84C1BF42-FollowerState
2021-09-24 06:39:50,138 [Listener at 127.0.0.1/44161] INFO  ozone.MiniOzoneClusterImpl (MiniOzoneClusterImpl.java:lambda$waitForClusterToBeReady$0(235)) - Nodes are ready. Got 3 of 3 DN Heartbeats.
2021-09-24 06:39:50,140 [Listener at 127.0.0.1/44161] INFO  ozone.MiniOzoneClusterImpl (MiniOzoneClusterImpl.java:lambda$waitForClusterToBeReady$0(238)) - Waiting for cluster to exit safe mode
2021-09-24 06:39:50,140 [Listener at 127.0.0.1/44161] INFO  ozone.MiniOzoneClusterImpl (MiniOzoneClusterImpl.java:lambda$waitForClusterToBeReady$0(240)) - SCM became leader
2021-09-24 06:39:51,140 [Listener at 127.0.0.1/44161] INFO  ozone.MiniOzoneClusterImpl (MiniOzoneClusterImpl.java:lambda$waitForClusterToBeReady$0(235)) - Nodes are ready. Got 3 of 3 DN Heartbeats.
2021-09-24 06:39:51,140 [Listener at 127.0.0.1/44161] INFO  ozone.MiniOzoneClusterImpl (MiniOzoneClusterImpl.java:lambda$waitForClusterToBeReady$0(238)) - Waiting for cluster to exit safe mode
2021-09-24 06:39:51,140 [Listener at 127.0.0.1/44161] INFO  ozone.MiniOzoneClusterImpl (MiniOzoneClusterImpl.java:lambda$waitForClusterToBeReady$0(240)) - SCM became leader
2021-09-24 06:39:52,140 [Listener at 127.0.0.1/44161] INFO  ozone.MiniOzoneClusterImpl (MiniOzoneClusterImpl.java:lambda$waitForClusterToBeReady$0(235)) - Nodes are ready. Got 3 of 3 DN Heartbeats.
2021-09-24 06:39:52,141 [Listener at 127.0.0.1/44161] INFO  ozone.MiniOzoneClusterImpl (MiniOzoneClusterImpl.java:lambda$waitForClusterToBeReady$0(238)) - Waiting for cluster to exit safe mode
2021-09-24 06:39:52,141 [Listener at 127.0.0.1/44161] INFO  ozone.MiniOzoneClusterImpl (MiniOzoneClusterImpl.java:lambda$waitForClusterToBeReady$0(240)) - SCM became leader
2021-09-24 06:39:53,141 [Listener at 127.0.0.1/44161] INFO  ozone.MiniOzoneClusterImpl (MiniOzoneClusterImpl.java:lambda$waitForClusterToBeReady$0(235)) - Nodes are ready. Got 3 of 3 DN Heartbeats.
2021-09-24 06:39:53,142 [Listener at 127.0.0.1/44161] INFO  ozone.MiniOzoneClusterImpl (MiniOzoneClusterImpl.java:lambda$waitForClusterToBeReady$0(238)) - Waiting for cluster to exit safe mode
2021-09-24 06:39:53,142 [Listener at 127.0.0.1/44161] INFO  ozone.MiniOzoneClusterImpl (MiniOzoneClusterImpl.java:lambda$waitForClusterToBeReady$0(240)) - SCM became leader
2021-09-24 06:39:54,142 [Listener at 127.0.0.1/44161] INFO  ozone.MiniOzoneClusterImpl (MiniOzoneClusterImpl.java:lambda$waitForClusterToBeReady$0(235)) - Nodes are ready. Got 3 of 3 DN Heartbeats.
2021-09-24 06:39:54,142 [Listener at 127.0.0.1/44161] INFO  ozone.MiniOzoneClusterImpl (MiniOzoneClusterImpl.java:lambda$waitForClusterToBeReady$0(238)) - Waiting for cluster to exit safe mode
2021-09-24 06:39:54,142 [Listener at 127.0.0.1/44161] INFO  ozone.MiniOzoneClusterImpl (MiniOzoneClusterImpl.java:lambda$waitForClusterToBeReady$0(240)) - SCM became leader
2021-09-24 06:39:54,989 [bf16246d-6f74-4fdf-b7dd-1bcfc33fa8ab@group-842A84C1BF42-FollowerState] INFO  impl.FollowerState (FollowerState.java:run(134)) - bf16246d-6f74-4fdf-b7dd-1bcfc33fa8ab@group-842A84C1BF42-FollowerState: change to CANDIDATE, lastRpcElapsedTime:5133212714ns, electionTimeout:5131ms
2021-09-24 06:39:54,989 [bf16246d-6f74-4fdf-b7dd-1bcfc33fa8ab@group-842A84C1BF42-FollowerState] INFO  impl.RoleInfo (RoleInfo.java:shutdownFollowerState(108)) - bf16246d-6f74-4fdf-b7dd-1bcfc33fa8ab: shutdown bf16246d-6f74-4fdf-b7dd-1bcfc33fa8ab@group-842A84C1BF42-FollowerState
2021-09-24 06:39:54,989 [bf16246d-6f74-4fdf-b7dd-1bcfc33fa8ab@group-842A84C1BF42-FollowerState] INFO  server.RaftServer$Division (RaftServerImpl.java:setRole(285)) - bf16246d-6f74-4fdf-b7dd-1bcfc33fa8ab@group-842A84C1BF42: changes role from  FOLLOWER to CANDIDATE at term 2 for changeToCandidate
2021-09-24 06:39:54,990 [bf16246d-6f74-4fdf-b7dd-1bcfc33fa8ab@group-842A84C1BF42-FollowerState] INFO  server.RaftServerConfigKeys (ConfUtils.java:logGet(44)) - raft.server.leaderelection.pre-vote = false (custom)
2021-09-24 06:39:54,990 [bf16246d-6f74-4fdf-b7dd-1bcfc33fa8ab@group-842A84C1BF42-FollowerState] INFO  impl.RoleInfo (RoleInfo.java:updateAndGet(130)) - bf16246d-6f74-4fdf-b7dd-1bcfc33fa8ab: start bf16246d-6f74-4fdf-b7dd-1bcfc33fa8ab@group-842A84C1BF42-LeaderElection9
2021-09-24 06:39:54,994 [bf16246d-6f74-4fdf-b7dd-1bcfc33fa8ab@group-842A84C1BF42-LeaderElection9] INFO  impl.LeaderElection (LeaderElection.java:askForVotes(306)) - bf16246d-6f74-4fdf-b7dd-1bcfc33fa8ab@group-842A84C1BF42-LeaderElection9 ELECTION round 0: submit vote requests at term 3 for -1: [bf16246d-6f74-4fdf-b7dd-1bcfc33fa8ab|rpc:10.1.0.9:38267|priority:0, 4172555c-9a12-4ec2-8c60-ee93d59dcb13|rpc:10.1.0.9:42897|priority:1, 10e78caa-6890-4c39-bf63-12a9f1ba3d57|rpc:10.1.0.9:38157|priority:0], old=null
2021-09-24 06:39:55,007 [grpc-default-executor-2] INFO  server.RaftServer$Division (RaftServerImpl.java:requestVote(1043)) - 4172555c-9a12-4ec2-8c60-ee93d59dcb13@group-842A84C1BF42: receive requestVote(ELECTION, bf16246d-6f74-4fdf-b7dd-1bcfc33fa8ab, group-842A84C1BF42, 3, (t:0, i:0))
2021-09-24 06:39:55,008 [grpc-default-executor-2] INFO  impl.VoteContext (VoteContext.java:log(48)) - 4172555c-9a12-4ec2-8c60-ee93d59dcb13@group-842A84C1BF42-FOLLOWER: reject ELECTION from bf16246d-6f74-4fdf-b7dd-1bcfc33fa8ab: our priority 1 > candidate's priority 0
2021-09-24 06:39:55,008 [grpc-default-executor-2] INFO  server.RaftServer$Division (RaftServerImpl.java:setRole(285)) - 4172555c-9a12-4ec2-8c60-ee93d59dcb13@group-842A84C1BF42: changes role from  FOLLOWER to FOLLOWER at term 3 for candidate:bf16246d-6f74-4fdf-b7dd-1bcfc33fa8ab
2021-09-24 06:39:55,008 [grpc-default-executor-2] INFO  impl.RoleInfo (RoleInfo.java:shutdownFollowerState(108)) - 4172555c-9a12-4ec2-8c60-ee93d59dcb13: shutdown 4172555c-9a12-4ec2-8c60-ee93d59dcb13@group-842A84C1BF42-FollowerState
2021-09-24 06:39:55,008 [grpc-default-executor-2] INFO  impl.RoleInfo (RoleInfo.java:updateAndGet(130)) - 4172555c-9a12-4ec2-8c60-ee93d59dcb13: start 4172555c-9a12-4ec2-8c60-ee93d59dcb13@group-842A84C1BF42-FollowerState
2021-09-24 06:39:55,008 [4172555c-9a12-4ec2-8c60-ee93d59dcb13@group-842A84C1BF42-FollowerState] INFO  impl.FollowerState (FollowerState.java:run(143)) - 4172555c-9a12-4ec2-8c60-ee93d59dcb13@group-842A84C1BF42-FollowerState was interrupted: {}
java.lang.InterruptedException: sleep interrupted
	at java.lang.Thread.sleep(Native Method)
	at java.lang.Thread.sleep(Thread.java:340)
	at java.util.concurrent.TimeUnit.sleep(TimeUnit.java:386)
	at org.apache.ratis.util.TimeDuration.sleep(TimeDuration.java:324)
	at org.apache.ratis.util.TimeDuration.sleep(TimeDuration.java:309)
	at org.apache.ratis.server.impl.FollowerState.run(FollowerState.java:118)
2021-09-24 06:39:55,016 [grpc-default-executor-2] INFO  server.RaftServer$Division (RaftServerImpl.java:requestVote(1075)) - 4172555c-9a12-4ec2-8c60-ee93d59dcb13@group-842A84C1BF42 replies to ELECTION vote request: bf16246d-6f74-4fdf-b7dd-1bcfc33fa8ab<-4172555c-9a12-4ec2-8c60-ee93d59dcb13#0:FAIL-t3. Peer's state: 4172555c-9a12-4ec2-8c60-ee93d59dcb13@group-842A84C1BF42:t3, leader=null, voted=null, raftlog=4172555c-9a12-4ec2-8c60-ee93d59dcb13@group-842A84C1BF42-SegmentedRaftLog:OPENED:c-1,f-1,i0, conf=-1: [bf16246d-6f74-4fdf-b7dd-1bcfc33fa8ab|rpc:10.1.0.9:38267|priority:0, 4172555c-9a12-4ec2-8c60-ee93d59dcb13|rpc:10.1.0.9:42897|priority:1, 10e78caa-6890-4c39-bf63-12a9f1ba3d57|rpc:10.1.0.9:38157|priority:0], old=null
2021-09-24 06:39:55,018 [bf16246d-6f74-4fdf-b7dd-1bcfc33fa8ab@group-842A84C1BF42-LeaderElection9] INFO  impl.LeaderElection (LeaderElection.java:logAndReturn(89)) - bf16246d-6f74-4fdf-b7dd-1bcfc33fa8ab@group-842A84C1BF42-LeaderElection9: ELECTION REJECTED received 1 response(s) and 0 exception(s):
2021-09-24 06:39:55,019 [bf16246d-6f74-4fdf-b7dd-1bcfc33fa8ab@group-842A84C1BF42-LeaderElection9] INFO  impl.LeaderElection (LeaderElection.java:logAndReturn(93)) -   Response 0: bf16246d-6f74-4fdf-b7dd-1bcfc33fa8ab<-4172555c-9a12-4ec2-8c60-ee93d59dcb13#0:FAIL-t3
2021-09-24 06:39:55,019 [bf16246d-6f74-4fdf-b7dd-1bcfc33fa8ab@group-842A84C1BF42-LeaderElection9] INFO  impl.LeaderElection (LeaderElection.java:askForVotes(308)) - bf16246d-6f74-4fdf-b7dd-1bcfc33fa8ab@group-842A84C1BF42-LeaderElection9 ELECTION round 0: result REJECTED
2021-09-24 06:39:55,019 [bf16246d-6f74-4fdf-b7dd-1bcfc33fa8ab@group-842A84C1BF42-LeaderElection9] INFO  server.RaftServer$Division (RaftServerImpl.java:setRole(285)) - bf16246d-6f74-4fdf-b7dd-1bcfc33fa8ab@group-842A84C1BF42: changes role from CANDIDATE to FOLLOWER at term 3 for REJECTED
2021-09-24 06:39:55,019 [bf16246d-6f74-4fdf-b7dd-1bcfc33fa8ab@group-842A84C1BF42-LeaderElection9] INFO  impl.RoleInfo (RoleInfo.java:shutdownLeaderElection(121)) - bf16246d-6f74-4fdf-b7dd-1bcfc33fa8ab: shutdown bf16246d-6f74-4fdf-b7dd-1bcfc33fa8ab@group-842A84C1BF42-LeaderElection9
2021-09-24 06:39:55,019 [bf16246d-6f74-4fdf-b7dd-1bcfc33fa8ab@group-842A84C1BF42-LeaderElection9] INFO  impl.RoleInfo (RoleInfo.java:updateAndGet(130)) - bf16246d-6f74-4fdf-b7dd-1bcfc33fa8ab: start bf16246d-6f74-4fdf-b7dd-1bcfc33fa8ab@group-842A84C1BF42-FollowerState
2021-09-24 06:39:55,027 [grpc-default-executor-2] INFO  server.RaftServer$Division (RaftServerImpl.java:requestVote(1043)) - 10e78caa-6890-4c39-bf63-12a9f1ba3d57@group-842A84C1BF42: receive requestVote(ELECTION, bf16246d-6f74-4fdf-b7dd-1bcfc33fa8ab, group-842A84C1BF42, 3, (t:0, i:0))
2021-09-24 06:39:55,027 [grpc-default-executor-2] INFO  impl.VoteContext (VoteContext.java:log(48)) - 10e78caa-6890-4c39-bf63-12a9f1ba3d57@group-842A84C1BF42-FOLLOWER: accept ELECTION from bf16246d-6f74-4fdf-b7dd-1bcfc33fa8ab: our priority 0 <= candidate's priority 0
2021-09-24 06:39:55,027 [grpc-default-executor-2] INFO  server.RaftServer$Division (RaftServerImpl.java:setRole(285)) - 10e78caa-6890-4c39-bf63-12a9f1ba3d57@group-842A84C1BF42: changes role from  FOLLOWER to FOLLOWER at term 3 for candidate:bf16246d-6f74-4fdf-b7dd-1bcfc33fa8ab
2021-09-24 06:39:55,027 [grpc-default-executor-2] INFO  impl.RoleInfo (RoleInfo.java:shutdownFollowerState(108)) - 10e78caa-6890-4c39-bf63-12a9f1ba3d57: shutdown 10e78caa-6890-4c39-bf63-12a9f1ba3d57@group-842A84C1BF42-FollowerState
2021-09-24 06:39:55,027 [grpc-default-executor-2] INFO  impl.RoleInfo (RoleInfo.java:updateAndGet(130)) - 10e78caa-6890-4c39-bf63-12a9f1ba3d57: start 10e78caa-6890-4c39-bf63-12a9f1ba3d57@group-842A84C1BF42-FollowerState
2021-09-24 06:39:55,028 [10e78caa-6890-4c39-bf63-12a9f1ba3d57@group-842A84C1BF42-FollowerState] INFO  impl.FollowerState (FollowerState.java:run(143)) - 10e78caa-6890-4c39-bf63-12a9f1ba3d57@group-842A84C1BF42-FollowerState was interrupted: {}
java.lang.InterruptedException: sleep interrupted
	at java.lang.Thread.sleep(Native Method)
	at java.lang.Thread.sleep(Thread.java:340)
	at java.util.concurrent.TimeUnit.sleep(TimeUnit.java:386)
	at org.apache.ratis.util.TimeDuration.sleep(TimeDuration.java:324)
	at org.apache.ratis.util.TimeDuration.sleep(TimeDuration.java:309)
	at org.apache.ratis.server.impl.FollowerState.run(FollowerState.java:118)
2021-09-24 06:39:55,038 [grpc-default-executor-2] INFO  server.RaftServer$Division (RaftServerImpl.java:requestVote(1075)) - 10e78caa-6890-4c39-bf63-12a9f1ba3d57@group-842A84C1BF42 replies to ELECTION vote request: bf16246d-6f74-4fdf-b7dd-1bcfc33fa8ab<-10e78caa-6890-4c39-bf63-12a9f1ba3d57#0:OK-t3. Peer's state: 10e78caa-6890-4c39-bf63-12a9f1ba3d57@group-842A84C1BF42:t3, leader=null, voted=bf16246d-6f74-4fdf-b7dd-1bcfc33fa8ab, raftlog=10e78caa-6890-4c39-bf63-12a9f1ba3d57@group-842A84C1BF42-SegmentedRaftLog:OPENED:c-1,f-1,i0, conf=-1: [bf16246d-6f74-4fdf-b7dd-1bcfc33fa8ab|rpc:10.1.0.9:38267|priority:0, 4172555c-9a12-4ec2-8c60-ee93d59dcb13|rpc:10.1.0.9:42897|priority:1, 10e78caa-6890-4c39-bf63-12a9f1ba3d57|rpc:10.1.0.9:38157|priority:0], old=null
2021-09-24 06:39:55,142 [Listener at 127.0.0.1/44161] INFO  ozone.MiniOzoneClusterImpl (MiniOzoneClusterImpl.java:lambda$waitForClusterToBeReady$0(235)) - Nodes are ready. Got 3 of 3 DN Heartbeats.
2021-09-24 06:39:55,143 [Listener at 127.0.0.1/44161] INFO  ozone.MiniOzoneClusterImpl (MiniOzoneClusterImpl.java:lambda$waitForClusterToBeReady$0(238)) - Waiting for cluster to exit safe mode
2021-09-24 06:39:55,143 [Listener at 127.0.0.1/44161] INFO  ozone.MiniOzoneClusterImpl (MiniOzoneClusterImpl.java:lambda$waitForClusterToBeReady$0(240)) - SCM became leader
2021-09-24 06:39:56,143 [Listener at 127.0.0.1/44161] INFO  ozone.MiniOzoneClusterImpl (MiniOzoneClusterImpl.java:lambda$waitForClusterToBeReady$0(235)) - Nodes are ready. Got 3 of 3 DN Heartbeats.
2021-09-24 06:39:56,143 [Listener at 127.0.0.1/44161] INFO  ozone.MiniOzoneClusterImpl (MiniOzoneClusterImpl.java:lambda$waitForClusterToBeReady$0(238)) - Waiting for cluster to exit safe mode
2021-09-24 06:39:56,143 [Listener at 127.0.0.1/44161] INFO  ozone.MiniOzoneClusterImpl (MiniOzoneClusterImpl.java:lambda$waitForClusterToBeReady$0(240)) - SCM became leader
2021-09-24 06:39:57,143 [Listener at 127.0.0.1/44161] INFO  ozone.MiniOzoneClusterImpl (MiniOzoneClusterImpl.java:lambda$waitForClusterToBeReady$0(235)) - Nodes are ready. Got 3 of 3 DN Heartbeats.
2021-09-24 06:39:57,144 [Listener at 127.0.0.1/44161] INFO  ozone.MiniOzoneClusterImpl (MiniOzoneClusterImpl.java:lambda$waitForClusterToBeReady$0(238)) - Waiting for cluster to exit safe mode
2021-09-24 06:39:57,144 [Listener at 127.0.0.1/44161] INFO  ozone.MiniOzoneClusterImpl (MiniOzoneClusterImpl.java:lambda$waitForClusterToBeReady$0(240)) - SCM became leader
2021-09-24 06:39:58,144 [Listener at 127.0.0.1/44161] INFO  ozone.MiniOzoneClusterImpl (MiniOzoneClusterImpl.java:lambda$waitForClusterToBeReady$0(235)) - Nodes are ready. Got 3 of 3 DN Heartbeats.
2021-09-24 06:39:58,144 [Listener at 127.0.0.1/44161] INFO  ozone.MiniOzoneClusterImpl (MiniOzoneClusterImpl.java:lambda$waitForClusterToBeReady$0(238)) - Waiting for cluster to exit safe mode
2021-09-24 06:39:58,144 [Listener at 127.0.0.1/44161] INFO  ozone.MiniOzoneClusterImpl (MiniOzoneClusterImpl.java:lambda$waitForClusterToBeReady$0(240)) - SCM became leader
2021-09-24 06:39:59,145 [Listener at 127.0.0.1/44161] INFO  ozone.MiniOzoneClusterImpl (MiniOzoneClusterImpl.java:lambda$waitForClusterToBeReady$0(235)) - Nodes are ready. Got 3 of 3 DN Heartbeats.
2021-09-24 06:39:59,145 [Listener at 127.0.0.1/44161] INFO  ozone.MiniOzoneClusterImpl (MiniOzoneClusterImpl.java:lambda$waitForClusterToBeReady$0(238)) - Waiting for cluster to exit safe mode
2021-09-24 06:39:59,145 [Listener at 127.0.0.1/44161] INFO  ozone.MiniOzoneClusterImpl (MiniOzoneClusterImpl.java:lambda$waitForClusterToBeReady$0(240)) - SCM became leader
2021-09-24 06:40:00,046 [bf16246d-6f74-4fdf-b7dd-1bcfc33fa8ab@group-842A84C1BF42-FollowerState] INFO  impl.FollowerState (FollowerState.java:run(134)) - bf16246d-6f74-4fdf-b7dd-1bcfc33fa8ab@group-842A84C1BF42-FollowerState: change to CANDIDATE, lastRpcElapsedTime:5027531852ns, electionTimeout:5023ms
2021-09-24 06:40:00,047 [bf16246d-6f74-4fdf-b7dd-1bcfc33fa8ab@group-842A84C1BF42-FollowerState] INFO  impl.RoleInfo (RoleInfo.java:shutdownFollowerState(108)) - bf16246d-6f74-4fdf-b7dd-1bcfc33fa8ab: shutdown bf16246d-6f74-4fdf-b7dd-1bcfc33fa8ab@group-842A84C1BF42-FollowerState
2021-09-24 06:40:00,047 [bf16246d-6f74-4fdf-b7dd-1bcfc33fa8ab@group-842A84C1BF42-FollowerState] INFO  server.RaftServer$Division (RaftServerImpl.java:setRole(285)) - bf16246d-6f74-4fdf-b7dd-1bcfc33fa8ab@group-842A84C1BF42: changes role from  FOLLOWER to CANDIDATE at term 3 for changeToCandidate
2021-09-24 06:40:00,048 [bf16246d-6f74-4fdf-b7dd-1bcfc33fa8ab@group-842A84C1BF42-FollowerState] INFO  server.RaftServerConfigKeys (ConfUtils.java:logGet(44)) - raft.server.leaderelection.pre-vote = false (custom)
2021-09-24 06:40:00,048 [bf16246d-6f74-4fdf-b7dd-1bcfc33fa8ab@group-842A84C1BF42-FollowerState] INFO  impl.RoleInfo (RoleInfo.java:updateAndGet(130)) - bf16246d-6f74-4fdf-b7dd-1bcfc33fa8ab: start bf16246d-6f74-4fdf-b7dd-1bcfc33fa8ab@group-842A84C1BF42-LeaderElection10
2021-09-24 06:40:00,056 [bf16246d-6f74-4fdf-b7dd-1bcfc33fa8ab@group-842A84C1BF42-LeaderElection10] INFO  impl.LeaderElection (LeaderElection.java:askForVotes(306)) - bf16246d-6f74-4fdf-b7dd-1bcfc33fa8ab@group-842A84C1BF42-LeaderElection10 ELECTION round 0: submit vote requests at term 4 for -1: [bf16246d-6f74-4fdf-b7dd-1bcfc33fa8ab|rpc:10.1.0.9:38267|priority:0, 4172555c-9a12-4ec2-8c60-ee93d59dcb13|rpc:10.1.0.9:42897|priority:1, 10e78caa-6890-4c39-bf63-12a9f1ba3d57|rpc:10.1.0.9:38157|priority:0], old=null
2021-09-24 06:40:00,066 [grpc-default-executor-2] INFO  server.RaftServer$Division (RaftServerImpl.java:requestVote(1043)) - 4172555c-9a12-4ec2-8c60-ee93d59dcb13@group-842A84C1BF42: receive requestVote(ELECTION, bf16246d-6f74-4fdf-b7dd-1bcfc33fa8ab, group-842A84C1BF42, 4, (t:0, i:0))
2021-09-24 06:40:00,067 [grpc-default-executor-2] INFO  impl.VoteContext (VoteContext.java:log(48)) - 4172555c-9a12-4ec2-8c60-ee93d59dcb13@group-842A84C1BF42-FOLLOWER: reject ELECTION from bf16246d-6f74-4fdf-b7dd-1bcfc33fa8ab: our priority 1 > candidate's priority 0
2021-09-24 06:40:00,067 [grpc-default-executor-2] INFO  server.RaftServer$Division (RaftServerImpl.java:setRole(285)) - 4172555c-9a12-4ec2-8c60-ee93d59dcb13@group-842A84C1BF42: changes role from  FOLLOWER to FOLLOWER at term 4 for candidate:bf16246d-6f74-4fdf-b7dd-1bcfc33fa8ab
2021-09-24 06:40:00,067 [grpc-default-executor-2] INFO  impl.RoleInfo (RoleInfo.java:shutdownFollowerState(108)) - 4172555c-9a12-4ec2-8c60-ee93d59dcb13: shutdown 4172555c-9a12-4ec2-8c60-ee93d59dcb13@group-842A84C1BF42-FollowerState
2021-09-24 06:40:00,067 [grpc-default-executor-2] INFO  impl.RoleInfo (RoleInfo.java:updateAndGet(130)) - 4172555c-9a12-4ec2-8c60-ee93d59dcb13: start 4172555c-9a12-4ec2-8c60-ee93d59dcb13@group-842A84C1BF42-FollowerState
2021-09-24 06:40:00,067 [4172555c-9a12-4ec2-8c60-ee93d59dcb13@group-842A84C1BF42-FollowerState] INFO  impl.FollowerState (FollowerState.java:run(143)) - 4172555c-9a12-4ec2-8c60-ee93d59dcb13@group-842A84C1BF42-FollowerState was interrupted: {}
java.lang.InterruptedException: sleep interrupted
	at java.lang.Thread.sleep(Native Method)
	at java.lang.Thread.sleep(Thread.java:340)
	at java.util.concurrent.TimeUnit.sleep(TimeUnit.java:386)
	at org.apache.ratis.util.TimeDuration.sleep(TimeDuration.java:324)
	at org.apache.ratis.util.TimeDuration.sleep(TimeDuration.java:309)
	at org.apache.ratis.server.impl.FollowerState.run(FollowerState.java:118)
2021-09-24 06:40:00,070 [grpc-default-executor-2] INFO  server.RaftServer$Division (RaftServerImpl.java:requestVote(1075)) - 4172555c-9a12-4ec2-8c60-ee93d59dcb13@group-842A84C1BF42 replies to ELECTION vote request: bf16246d-6f74-4fdf-b7dd-1bcfc33fa8ab<-4172555c-9a12-4ec2-8c60-ee93d59dcb13#0:FAIL-t4. Peer's state: 4172555c-9a12-4ec2-8c60-ee93d59dcb13@group-842A84C1BF42:t4, leader=null, voted=null, raftlog=4172555c-9a12-4ec2-8c60-ee93d59dcb13@group-842A84C1BF42-SegmentedRaftLog:OPENED:c-1,f-1,i0, conf=-1: [bf16246d-6f74-4fdf-b7dd-1bcfc33fa8ab|rpc:10.1.0.9:38267|priority:0, 4172555c-9a12-4ec2-8c60-ee93d59dcb13|rpc:10.1.0.9:42897|priority:1, 10e78caa-6890-4c39-bf63-12a9f1ba3d57|rpc:10.1.0.9:38157|priority:0], old=null
2021-09-24 06:40:00,073 [grpc-default-executor-1] INFO  server.RaftServer$Division (RaftServerImpl.java:requestVote(1043)) - 10e78caa-6890-4c39-bf63-12a9f1ba3d57@group-842A84C1BF42: receive requestVote(ELECTION, bf16246d-6f74-4fdf-b7dd-1bcfc33fa8ab, group-842A84C1BF42, 4, (t:0, i:0))
2021-09-24 06:40:00,073 [grpc-default-executor-1] INFO  impl.VoteContext (VoteContext.java:log(48)) - 10e78caa-6890-4c39-bf63-12a9f1ba3d57@group-842A84C1BF42-FOLLOWER: accept ELECTION from bf16246d-6f74-4fdf-b7dd-1bcfc33fa8ab: our priority 0 <= candidate's priority 0
2021-09-24 06:40:00,073 [grpc-default-executor-1] INFO  server.RaftServer$Division (RaftServerImpl.java:setRole(285)) - 10e78caa-6890-4c39-bf63-12a9f1ba3d57@group-842A84C1BF42: changes role from  FOLLOWER to FOLLOWER at term 4 for candidate:bf16246d-6f74-4fdf-b7dd-1bcfc33fa8ab
2021-09-24 06:40:00,073 [grpc-default-executor-1] INFO  impl.RoleInfo (RoleInfo.java:shutdownFollowerState(108)) - 10e78caa-6890-4c39-bf63-12a9f1ba3d57: shutdown 10e78caa-6890-4c39-bf63-12a9f1ba3d57@group-842A84C1BF42-FollowerState
2021-09-24 06:40:00,073 [grpc-default-executor-1] INFO  impl.RoleInfo (RoleInfo.java:updateAndGet(130)) - 10e78caa-6890-4c39-bf63-12a9f1ba3d57: start 10e78caa-6890-4c39-bf63-12a9f1ba3d57@group-842A84C1BF42-FollowerState
2021-09-24 06:40:00,073 [10e78caa-6890-4c39-bf63-12a9f1ba3d57@group-842A84C1BF42-FollowerState] INFO  impl.FollowerState (FollowerState.java:run(143)) - 10e78caa-6890-4c39-bf63-12a9f1ba3d57@group-842A84C1BF42-FollowerState was interrupted: {}
java.lang.InterruptedException: sleep interrupted
	at java.lang.Thread.sleep(Native Method)
	at java.lang.Thread.sleep(Thread.java:340)
	at java.util.concurrent.TimeUnit.sleep(TimeUnit.java:386)
	at org.apache.ratis.util.TimeDuration.sleep(TimeDuration.java:324)
	at org.apache.ratis.util.TimeDuration.sleep(TimeDuration.java:309)
	at org.apache.ratis.server.impl.FollowerState.run(FollowerState.java:118)
2021-09-24 06:40:00,076 [bf16246d-6f74-4fdf-b7dd-1bcfc33fa8ab@group-842A84C1BF42-LeaderElection10] INFO  impl.LeaderElection (LeaderElection.java:logAndReturn(89)) - bf16246d-6f74-4fdf-b7dd-1bcfc33fa8ab@group-842A84C1BF42-LeaderElection10: ELECTION REJECTED received 1 response(s) and 0 exception(s):
2021-09-24 06:40:00,076 [bf16246d-6f74-4fdf-b7dd-1bcfc33fa8ab@group-842A84C1BF42-LeaderElection10] INFO  impl.LeaderElection (LeaderElection.java:logAndReturn(93)) -   Response 0: bf16246d-6f74-4fdf-b7dd-1bcfc33fa8ab<-4172555c-9a12-4ec2-8c60-ee93d59dcb13#0:FAIL-t4
2021-09-24 06:40:00,076 [bf16246d-6f74-4fdf-b7dd-1bcfc33fa8ab@group-842A84C1BF42-LeaderElection10] INFO  impl.LeaderElection (LeaderElection.java:askForVotes(308)) - bf16246d-6f74-4fdf-b7dd-1bcfc33fa8ab@group-842A84C1BF42-LeaderElection10 ELECTION round 0: result REJECTED
2021-09-24 06:40:00,076 [bf16246d-6f74-4fdf-b7dd-1bcfc33fa8ab@group-842A84C1BF42-LeaderElection10] INFO  server.RaftServer$Division (RaftServerImpl.java:setRole(285)) - bf16246d-6f74-4fdf-b7dd-1bcfc33fa8ab@group-842A84C1BF42: changes role from CANDIDATE to FOLLOWER at term 4 for REJECTED
2021-09-24 06:40:00,076 [bf16246d-6f74-4fdf-b7dd-1bcfc33fa8ab@group-842A84C1BF42-LeaderElection10] INFO  impl.RoleInfo (RoleInfo.java:shutdownLeaderElection(121)) - bf16246d-6f74-4fdf-b7dd-1bcfc33fa8ab: shutdown bf16246d-6f74-4fdf-b7dd-1bcfc33fa8ab@group-842A84C1BF42-LeaderElection10
2021-09-24 06:40:00,076 [bf16246d-6f74-4fdf-b7dd-1bcfc33fa8ab@group-842A84C1BF42-LeaderElection10] INFO  impl.RoleInfo (RoleInfo.java:updateAndGet(130)) - bf16246d-6f74-4fdf-b7dd-1bcfc33fa8ab: start bf16246d-6f74-4fdf-b7dd-1bcfc33fa8ab@group-842A84C1BF42-FollowerState
2021-09-24 06:40:00,077 [grpc-default-executor-1] INFO  server.RaftServer$Division (RaftServerImpl.java:requestVote(1075)) - 10e78caa-6890-4c39-bf63-12a9f1ba3d57@group-842A84C1BF42 replies to ELECTION vote request: bf16246d-6f74-4fdf-b7dd-1bcfc33fa8ab<-10e78caa-6890-4c39-bf63-12a9f1ba3d57#0:OK-t4. Peer's state: 10e78caa-6890-4c39-bf63-12a9f1ba3d57@group-842A84C1BF42:t4, leader=null, voted=bf16246d-6f74-4fdf-b7dd-1bcfc33fa8ab, raftlog=10e78caa-6890-4c39-bf63-12a9f1ba3d57@group-842A84C1BF42-SegmentedRaftLog:OPENED:c-1,f-1,i0, conf=-1: [bf16246d-6f74-4fdf-b7dd-1bcfc33fa8ab|rpc:10.1.0.9:38267|priority:0, 4172555c-9a12-4ec2-8c60-ee93d59dcb13|rpc:10.1.0.9:42897|priority:1, 10e78caa-6890-4c39-bf63-12a9f1ba3d57|rpc:10.1.0.9:38157|priority:0], old=null
2021-09-24 06:40:00,145 [Listener at 127.0.0.1/44161] INFO  ozone.MiniOzoneClusterImpl (MiniOzoneClusterImpl.java:lambda$waitForClusterToBeReady$0(235)) - Nodes are ready. Got 3 of 3 DN Heartbeats.
2021-09-24 06:40:00,145 [Listener at 127.0.0.1/44161] INFO  ozone.MiniOzoneClusterImpl (MiniOzoneClusterImpl.java:lambda$waitForClusterToBeReady$0(238)) - Waiting for cluster to exit safe mode
2021-09-24 06:40:00,145 [Listener at 127.0.0.1/44161] INFO  ozone.MiniOzoneClusterImpl (MiniOzoneClusterImpl.java:lambda$waitForClusterToBeReady$0(240)) - SCM became leader
2021-09-24 06:40:01,146 [Listener at 127.0.0.1/44161] INFO  ozone.MiniOzoneClusterImpl (MiniOzoneClusterImpl.java:lambda$waitForClusterToBeReady$0(235)) - Nodes are ready. Got 3 of 3 DN Heartbeats.
2021-09-24 06:40:01,146 [Listener at 127.0.0.1/44161] INFO  ozone.MiniOzoneClusterImpl (MiniOzoneClusterImpl.java:lambda$waitForClusterToBeReady$0(238)) - Waiting for cluster to exit safe mode
2021-09-24 06:40:01,146 [Listener at 127.0.0.1/44161] INFO  ozone.MiniOzoneClusterImpl (MiniOzoneClusterImpl.java:lambda$waitForClusterToBeReady$0(240)) - SCM became leader
2021-09-24 06:40:02,146 [Listener at 127.0.0.1/44161] INFO  ozone.MiniOzoneClusterImpl (MiniOzoneClusterImpl.java:lambda$waitForClusterToBeReady$0(235)) - Nodes are ready. Got 3 of 3 DN Heartbeats.
2021-09-24 06:40:02,146 [Listener at 127.0.0.1/44161] INFO  ozone.MiniOzoneClusterImpl (MiniOzoneClusterImpl.java:lambda$waitForClusterToBeReady$0(238)) - Waiting for cluster to exit safe mode
2021-09-24 06:40:02,146 [Listener at 127.0.0.1/44161] INFO  ozone.MiniOzoneClusterImpl (MiniOzoneClusterImpl.java:lambda$waitForClusterToBeReady$0(240)) - SCM became leader
2021-09-24 06:40:03,147 [Listener at 127.0.0.1/44161] INFO  ozone.MiniOzoneClusterImpl (MiniOzoneClusterImpl.java:lambda$waitForClusterToBeReady$0(235)) - Nodes are ready. Got 3 of 3 DN Heartbeats.
2021-09-24 06:40:03,147 [Listener at 127.0.0.1/44161] INFO  ozone.MiniOzoneClusterImpl (MiniOzoneClusterImpl.java:lambda$waitForClusterToBeReady$0(238)) - Waiting for cluster to exit safe mode
2021-09-24 06:40:03,147 [Listener at 127.0.0.1/44161] INFO  ozone.MiniOzoneClusterImpl (MiniOzoneClusterImpl.java:lambda$waitForClusterToBeReady$0(240)) - SCM became leader
2021-09-24 06:40:04,147 [Listener at 127.0.0.1/44161] INFO  ozone.MiniOzoneClusterImpl (MiniOzoneClusterImpl.java:lambda$waitForClusterToBeReady$0(235)) - Nodes are ready. Got 3 of 3 DN Heartbeats.
2021-09-24 06:40:04,148 [Listener at 127.0.0.1/44161] INFO  ozone.MiniOzoneClusterImpl (MiniOzoneClusterImpl.java:lambda$waitForClusterToBeReady$0(238)) - Waiting for cluster to exit safe mode
2021-09-24 06:40:04,148 [Listener at 127.0.0.1/44161] INFO  ozone.MiniOzoneClusterImpl (MiniOzoneClusterImpl.java:lambda$waitForClusterToBeReady$0(240)) - SCM became leader
2021-09-24 06:40:05,148 [Listener at 127.0.0.1/44161] INFO  ozone.MiniOzoneClusterImpl (MiniOzoneClusterImpl.java:lambda$waitForClusterToBeReady$0(235)) - Nodes are ready. Got 3 of 3 DN Heartbeats.
2021-09-24 06:40:05,148 [Listener at 127.0.0.1/44161] INFO  ozone.MiniOzoneClusterImpl (MiniOzoneClusterImpl.java:lambda$waitForClusterToBeReady$0(238)) - Waiting for cluster to exit safe mode
2021-09-24 06:40:05,148 [Listener at 127.0.0.1/44161] INFO  ozone.MiniOzoneClusterImpl (MiniOzoneClusterImpl.java:lambda$waitForClusterToBeReady$0(240)) - SCM became leader
2021-09-24 06:40:05,171 [bf16246d-6f74-4fdf-b7dd-1bcfc33fa8ab@group-842A84C1BF42-FollowerState] INFO  impl.FollowerState (FollowerState.java:run(134)) - bf16246d-6f74-4fdf-b7dd-1bcfc33fa8ab@group-842A84C1BF42-FollowerState: change to CANDIDATE, lastRpcElapsedTime:5095500381ns, electionTimeout:5091ms
2021-09-24 06:40:05,172 [bf16246d-6f74-4fdf-b7dd-1bcfc33fa8ab@group-842A84C1BF42-FollowerState] INFO  impl.RoleInfo (RoleInfo.java:shutdownFollowerState(108)) - bf16246d-6f74-4fdf-b7dd-1bcfc33fa8ab: shutdown bf16246d-6f74-4fdf-b7dd-1bcfc33fa8ab@group-842A84C1BF42-FollowerState
2021-09-24 06:40:05,172 [bf16246d-6f74-4fdf-b7dd-1bcfc33fa8ab@group-842A84C1BF42-FollowerState] INFO  server.RaftServer$Division (RaftServerImpl.java:setRole(285)) - bf16246d-6f74-4fdf-b7dd-1bcfc33fa8ab@group-842A84C1BF42: changes role from  FOLLOWER to CANDIDATE at term 4 for changeToCandidate
2021-09-24 06:40:05,173 [bf16246d-6f74-4fdf-b7dd-1bcfc33fa8ab@group-842A84C1BF42-FollowerState] INFO  server.RaftServerConfigKeys (ConfUtils.java:logGet(44)) - raft.server.leaderelection.pre-vote = false (custom)
2021-09-24 06:40:05,173 [bf16246d-6f74-4fdf-b7dd-1bcfc33fa8ab@group-842A84C1BF42-FollowerState] INFO  impl.RoleInfo (RoleInfo.java:updateAndGet(130)) - bf16246d-6f74-4fdf-b7dd-1bcfc33fa8ab: start bf16246d-6f74-4fdf-b7dd-1bcfc33fa8ab@group-842A84C1BF42-LeaderElection11
2021-09-24 06:40:05,180 [bf16246d-6f74-4fdf-b7dd-1bcfc33fa8ab@group-842A84C1BF42-LeaderElection11] INFO  impl.LeaderElection (LeaderElection.java:askForVotes(306)) - bf16246d-6f74-4fdf-b7dd-1bcfc33fa8ab@group-842A84C1BF42-LeaderElection11 ELECTION round 0: submit vote requests at term 5 for -1: [bf16246d-6f74-4fdf-b7dd-1bcfc33fa8ab|rpc:10.1.0.9:38267|priority:0, 4172555c-9a12-4ec2-8c60-ee93d59dcb13|rpc:10.1.0.9:42897|priority:1, 10e78caa-6890-4c39-bf63-12a9f1ba3d57|rpc:10.1.0.9:38157|priority:0], old=null
2021-09-24 06:40:05,187 [grpc-default-executor-1] INFO  server.RaftServer$Division (RaftServerImpl.java:requestVote(1043)) - 4172555c-9a12-4ec2-8c60-ee93d59dcb13@group-842A84C1BF42: receive requestVote(ELECTION, bf16246d-6f74-4fdf-b7dd-1bcfc33fa8ab, group-842A84C1BF42, 5, (t:0, i:0))
2021-09-24 06:40:05,187 [grpc-default-executor-1] INFO  impl.VoteContext (VoteContext.java:log(48)) - 4172555c-9a12-4ec2-8c60-ee93d59dcb13@group-842A84C1BF42-FOLLOWER: reject ELECTION from bf16246d-6f74-4fdf-b7dd-1bcfc33fa8ab: our priority 1 > candidate's priority 0
2021-09-24 06:40:05,187 [grpc-default-executor-1] INFO  server.RaftServer$Division (RaftServerImpl.java:setRole(285)) - 4172555c-9a12-4ec2-8c60-ee93d59dcb13@group-842A84C1BF42: changes role from  FOLLOWER to FOLLOWER at term 5 for candidate:bf16246d-6f74-4fdf-b7dd-1bcfc33fa8ab
2021-09-24 06:40:05,187 [grpc-default-executor-1] INFO  impl.RoleInfo (RoleInfo.java:shutdownFollowerState(108)) - 4172555c-9a12-4ec2-8c60-ee93d59dcb13: shutdown 4172555c-9a12-4ec2-8c60-ee93d59dcb13@group-842A84C1BF42-FollowerState
2021-09-24 06:40:05,187 [grpc-default-executor-1] INFO  impl.RoleInfo (RoleInfo.java:updateAndGet(130)) - 4172555c-9a12-4ec2-8c60-ee93d59dcb13: start 4172555c-9a12-4ec2-8c60-ee93d59dcb13@group-842A84C1BF42-FollowerState
2021-09-24 06:40:05,189 [4172555c-9a12-4ec2-8c60-ee93d59dcb13@group-842A84C1BF42-FollowerState] INFO  impl.FollowerState (FollowerState.java:run(143)) - 4172555c-9a12-4ec2-8c60-ee93d59dcb13@group-842A84C1BF42-FollowerState was interrupted: {}
java.lang.InterruptedException: sleep interrupted
	at java.lang.Thread.sleep(Native Method)
	at java.lang.Thread.sleep(Thread.java:340)
	at java.util.concurrent.TimeUnit.sleep(TimeUnit.java:386)
	at org.apache.ratis.util.TimeDuration.sleep(TimeDuration.java:324)
	at org.apache.ratis.util.TimeDuration.sleep(TimeDuration.java:309)
	at org.apache.ratis.server.impl.FollowerState.run(FollowerState.java:118)
2021-09-24 06:40:05,194 [grpc-default-executor-1] INFO  server.RaftServer$Division (RaftServerImpl.java:requestVote(1075)) - 4172555c-9a12-4ec2-8c60-ee93d59dcb13@group-842A84C1BF42 replies to ELECTION vote request: bf16246d-6f74-4fdf-b7dd-1bcfc33fa8ab<-4172555c-9a12-4ec2-8c60-ee93d59dcb13#0:FAIL-t5. Peer's state: 4172555c-9a12-4ec2-8c60-ee93d59dcb13@group-842A84C1BF42:t5, leader=null, voted=null, raftlog=4172555c-9a12-4ec2-8c60-ee93d59dcb13@group-842A84C1BF42-SegmentedRaftLog:OPENED:c-1,f-1,i0, conf=-1: [bf16246d-6f74-4fdf-b7dd-1bcfc33fa8ab|rpc:10.1.0.9:38267|priority:0, 4172555c-9a12-4ec2-8c60-ee93d59dcb13|rpc:10.1.0.9:42897|priority:1, 10e78caa-6890-4c39-bf63-12a9f1ba3d57|rpc:10.1.0.9:38157|priority:0], old=null
2021-09-24 06:40:05,196 [bf16246d-6f74-4fdf-b7dd-1bcfc33fa8ab@group-842A84C1BF42-LeaderElection11] INFO  impl.LeaderElection (LeaderElection.java:logAndReturn(89)) - bf16246d-6f74-4fdf-b7dd-1bcfc33fa8ab@group-842A84C1BF42-LeaderElection11: ELECTION REJECTED received 1 response(s) and 0 exception(s):
2021-09-24 06:40:05,196 [bf16246d-6f74-4fdf-b7dd-1bcfc33fa8ab@group-842A84C1BF42-LeaderElection11] INFO  impl.LeaderElection (LeaderElection.java:logAndReturn(93)) -   Response 0: bf16246d-6f74-4fdf-b7dd-1bcfc33fa8ab<-4172555c-9a12-4ec2-8c60-ee93d59dcb13#0:FAIL-t5
2021-09-24 06:40:05,196 [bf16246d-6f74-4fdf-b7dd-1bcfc33fa8ab@group-842A84C1BF42-LeaderElection11] INFO  impl.LeaderElection (LeaderElection.java:askForVotes(308)) - bf16246d-6f74-4fdf-b7dd-1bcfc33fa8ab@group-842A84C1BF42-LeaderElection11 ELECTION round 0: result REJECTED
2021-09-24 06:40:05,196 [bf16246d-6f74-4fdf-b7dd-1bcfc33fa8ab@group-842A84C1BF42-LeaderElection11] INFO  server.RaftServer$Division (RaftServerImpl.java:setRole(285)) - bf16246d-6f74-4fdf-b7dd-1bcfc33fa8ab@group-842A84C1BF42: changes role from CANDIDATE to FOLLOWER at term 5 for REJECTED
2021-09-24 06:40:05,196 [bf16246d-6f74-4fdf-b7dd-1bcfc33fa8ab@group-842A84C1BF42-LeaderElection11] INFO  impl.RoleInfo (RoleInfo.java:shutdownLeaderElection(121)) - bf16246d-6f74-4fdf-b7dd-1bcfc33fa8ab: shutdown bf16246d-6f74-4fdf-b7dd-1bcfc33fa8ab@group-842A84C1BF42-LeaderElection11
2021-09-24 06:40:05,196 [bf16246d-6f74-4fdf-b7dd-1bcfc33fa8ab@group-842A84C1BF42-LeaderElection11] INFO  impl.RoleInfo (RoleInfo.java:updateAndGet(130)) - bf16246d-6f74-4fdf-b7dd-1bcfc33fa8ab: start bf16246d-6f74-4fdf-b7dd-1bcfc33fa8ab@group-842A84C1BF42-FollowerState
2021-09-24 06:40:05,206 [grpc-default-executor-1] INFO  server.RaftServer$Division (RaftServerImpl.java:requestVote(1043)) - 10e78caa-6890-4c39-bf63-12a9f1ba3d57@group-842A84C1BF42: receive requestVote(ELECTION, bf16246d-6f74-4fdf-b7dd-1bcfc33fa8ab, group-842A84C1BF42, 5, (t:0, i:0))
2021-09-24 06:40:05,207 [grpc-default-executor-1] INFO  impl.VoteContext (VoteContext.java:log(48)) - 10e78caa-6890-4c39-bf63-12a9f1ba3d57@group-842A84C1BF42-FOLLOWER: accept ELECTION from bf16246d-6f74-4fdf-b7dd-1bcfc33fa8ab: our priority 0 <= candidate's priority 0
2021-09-24 06:40:05,207 [grpc-default-executor-1] INFO  server.RaftServer$Division (RaftServerImpl.java:setRole(285)) - 10e78caa-6890-4c39-bf63-12a9f1ba3d57@group-842A84C1BF42: changes role from  FOLLOWER to FOLLOWER at term 5 for candidate:bf16246d-6f74-4fdf-b7dd-1bcfc33fa8ab
2021-09-24 06:40:05,207 [grpc-default-executor-1] INFO  impl.RoleInfo (RoleInfo.java:shutdownFollowerState(108)) - 10e78caa-6890-4c39-bf63-12a9f1ba3d57: shutdown 10e78caa-6890-4c39-bf63-12a9f1ba3d57@group-842A84C1BF42-FollowerState
2021-09-24 06:40:05,207 [grpc-default-executor-1] INFO  impl.RoleInfo (RoleInfo.java:updateAndGet(130)) - 10e78caa-6890-4c39-bf63-12a9f1ba3d57: start 10e78caa-6890-4c39-bf63-12a9f1ba3d57@group-842A84C1BF42-FollowerState
2021-09-24 06:40:05,207 [10e78caa-6890-4c39-bf63-12a9f1ba3d57@group-842A84C1BF42-FollowerState] INFO  impl.FollowerState (FollowerState.java:run(143)) - 10e78caa-6890-4c39-bf63-12a9f1ba3d57@group-842A84C1BF42-FollowerState was interrupted: {}
java.lang.InterruptedException: sleep interrupted
	at java.lang.Thread.sleep(Native Method)
	at java.lang.Thread.sleep(Thread.java:340)
	at java.util.concurrent.TimeUnit.sleep(TimeUnit.java:386)
	at org.apache.ratis.util.TimeDuration.sleep(TimeDuration.java:324)
	at org.apache.ratis.util.TimeDuration.sleep(TimeDuration.java:309)
	at org.apache.ratis.server.impl.FollowerState.run(FollowerState.java:118)
2021-09-24 06:40:05,210 [grpc-default-executor-1] INFO  server.RaftServer$Division (RaftServerImpl.java:requestVote(1075)) - 10e78caa-6890-4c39-bf63-12a9f1ba3d57@group-842A84C1BF42 replies to ELECTION vote request: bf16246d-6f74-4fdf-b7dd-1bcfc33fa8ab<-10e78caa-6890-4c39-bf63-12a9f1ba3d57#0:OK-t5. Peer's state: 10e78caa-6890-4c39-bf63-12a9f1ba3d57@group-842A84C1BF42:t5, leader=null, voted=bf16246d-6f74-4fdf-b7dd-1bcfc33fa8ab, raftlog=10e78caa-6890-4c39-bf63-12a9f1ba3d57@group-842A84C1BF42-SegmentedRaftLog:OPENED:c-1,f-1,i0, conf=-1: [bf16246d-6f74-4fdf-b7dd-1bcfc33fa8ab|rpc:10.1.0.9:38267|priority:0, 4172555c-9a12-4ec2-8c60-ee93d59dcb13|rpc:10.1.0.9:42897|priority:1, 10e78caa-6890-4c39-bf63-12a9f1ba3d57|rpc:10.1.0.9:38157|priority:0], old=null
2021-09-24 06:40:06,149 [Listener at 127.0.0.1/44161] INFO  ozone.MiniOzoneClusterImpl (MiniOzoneClusterImpl.java:lambda$waitForClusterToBeReady$0(235)) - Nodes are ready. Got 3 of 3 DN Heartbeats.
2021-09-24 06:40:06,149 [Listener at 127.0.0.1/44161] INFO  ozone.MiniOzoneClusterImpl (MiniOzoneClusterImpl.java:lambda$waitForClusterToBeReady$0(238)) - Waiting for cluster to exit safe mode
2021-09-24 06:40:06,149 [Listener at 127.0.0.1/44161] INFO  ozone.MiniOzoneClusterImpl (MiniOzoneClusterImpl.java:lambda$waitForClusterToBeReady$0(240)) - SCM became leader
2021-09-24 06:40:07,149 [Listener at 127.0.0.1/44161] INFO  ozone.MiniOzoneClusterImpl (MiniOzoneClusterImpl.java:lambda$waitForClusterToBeReady$0(235)) - Nodes are ready. Got 3 of 3 DN Heartbeats.
2021-09-24 06:40:07,149 [Listener at 127.0.0.1/44161] INFO  ozone.MiniOzoneClusterImpl (MiniOzoneClusterImpl.java:lambda$waitForClusterToBeReady$0(238)) - Waiting for cluster to exit safe mode
2021-09-24 06:40:07,149 [Listener at 127.0.0.1/44161] INFO  ozone.MiniOzoneClusterImpl (MiniOzoneClusterImpl.java:lambda$waitForClusterToBeReady$0(240)) - SCM became leader
2021-09-24 06:40:08,150 [Listener at 127.0.0.1/44161] INFO  ozone.MiniOzoneClusterImpl (MiniOzoneClusterImpl.java:lambda$waitForClusterToBeReady$0(235)) - Nodes are ready. Got 3 of 3 DN Heartbeats.
2021-09-24 06:40:08,150 [Listener at 127.0.0.1/44161] INFO  ozone.MiniOzoneClusterImpl (MiniOzoneClusterImpl.java:lambda$waitForClusterToBeReady$0(238)) - Waiting for cluster to exit safe mode
2021-09-24 06:40:08,150 [Listener at 127.0.0.1/44161] INFO  ozone.MiniOzoneClusterImpl (MiniOzoneClusterImpl.java:lambda$waitForClusterToBeReady$0(240)) - SCM became leader
2021-09-24 06:40:09,150 [Listener at 127.0.0.1/44161] INFO  ozone.MiniOzoneClusterImpl (MiniOzoneClusterImpl.java:lambda$waitForClusterToBeReady$0(235)) - Nodes are ready. Got 3 of 3 DN Heartbeats.
2021-09-24 06:40:09,150 [Listener at 127.0.0.1/44161] INFO  ozone.MiniOzoneClusterImpl (MiniOzoneClusterImpl.java:lambda$waitForClusterToBeReady$0(238)) - Waiting for cluster to exit safe mode
2021-09-24 06:40:09,150 [Listener at 127.0.0.1/44161] INFO  ozone.MiniOzoneClusterImpl (MiniOzoneClusterImpl.java:lambda$waitForClusterToBeReady$0(240)) - SCM became leader
2021-09-24 06:40:10,151 [Listener at 127.0.0.1/44161] INFO  ozone.MiniOzoneClusterImpl (MiniOzoneClusterImpl.java:lambda$waitForClusterToBeReady$0(235)) - Nodes are ready. Got 3 of 3 DN Heartbeats.
2021-09-24 06:40:10,151 [Listener at 127.0.0.1/44161] INFO  ozone.MiniOzoneClusterImpl (MiniOzoneClusterImpl.java:lambda$waitForClusterToBeReady$0(238)) - Waiting for cluster to exit safe mode
2021-09-24 06:40:10,151 [Listener at 127.0.0.1/44161] INFO  ozone.MiniOzoneClusterImpl (MiniOzoneClusterImpl.java:lambda$waitForClusterToBeReady$0(240)) - SCM became leader
2021-09-24 06:40:10,303 [4172555c-9a12-4ec2-8c60-ee93d59dcb13@group-842A84C1BF42-FollowerState] INFO  impl.FollowerState (FollowerState.java:run(134)) - 4172555c-9a12-4ec2-8c60-ee93d59dcb13@group-842A84C1BF42-FollowerState: change to CANDIDATE, lastRpcElapsedTime:5115851192ns, electionTimeout:5111ms
2021-09-24 06:40:10,304 [4172555c-9a12-4ec2-8c60-ee93d59dcb13@group-842A84C1BF42-FollowerState] INFO  impl.RoleInfo (RoleInfo.java:shutdownFollowerState(108)) - 4172555c-9a12-4ec2-8c60-ee93d59dcb13: shutdown 4172555c-9a12-4ec2-8c60-ee93d59dcb13@group-842A84C1BF42-FollowerState
2021-09-24 06:40:10,304 [4172555c-9a12-4ec2-8c60-ee93d59dcb13@group-842A84C1BF42-FollowerState] INFO  server.RaftServer$Division (RaftServerImpl.java:setRole(285)) - 4172555c-9a12-4ec2-8c60-ee93d59dcb13@group-842A84C1BF42: changes role from  FOLLOWER to CANDIDATE at term 5 for changeToCandidate
2021-09-24 06:40:10,304 [4172555c-9a12-4ec2-8c60-ee93d59dcb13@group-842A84C1BF42-FollowerState] INFO  server.RaftServerConfigKeys (ConfUtils.java:logGet(44)) - raft.server.leaderelection.pre-vote = false (custom)
2021-09-24 06:40:10,304 [4172555c-9a12-4ec2-8c60-ee93d59dcb13@group-842A84C1BF42-FollowerState] INFO  impl.RoleInfo (RoleInfo.java:updateAndGet(130)) - 4172555c-9a12-4ec2-8c60-ee93d59dcb13: start 4172555c-9a12-4ec2-8c60-ee93d59dcb13@group-842A84C1BF42-LeaderElection12
2021-09-24 06:40:10,307 [4172555c-9a12-4ec2-8c60-ee93d59dcb13@group-842A84C1BF42-LeaderElection12] INFO  impl.LeaderElection (LeaderElection.java:askForVotes(306)) - 4172555c-9a12-4ec2-8c60-ee93d59dcb13@group-842A84C1BF42-LeaderElection12 ELECTION round 0: submit vote requests at term 6 for -1: [bf16246d-6f74-4fdf-b7dd-1bcfc33fa8ab|rpc:10.1.0.9:38267|priority:0, 4172555c-9a12-4ec2-8c60-ee93d59dcb13|rpc:10.1.0.9:42897|priority:1, 10e78caa-6890-4c39-bf63-12a9f1ba3d57|rpc:10.1.0.9:38157|priority:0], old=null
2021-09-24 06:40:10,310 [bf16246d-6f74-4fdf-b7dd-1bcfc33fa8ab@group-842A84C1BF42-FollowerState] INFO  impl.FollowerState (FollowerState.java:run(134)) - bf16246d-6f74-4fdf-b7dd-1bcfc33fa8ab@group-842A84C1BF42-FollowerState: change to CANDIDATE, lastRpcElapsedTime:5113874170ns, electionTimeout:5107ms
2021-09-24 06:40:10,310 [bf16246d-6f74-4fdf-b7dd-1bcfc33fa8ab@group-842A84C1BF42-FollowerState] INFO  impl.RoleInfo (RoleInfo.java:shutdownFollowerState(108)) - bf16246d-6f74-4fdf-b7dd-1bcfc33fa8ab: shutdown bf16246d-6f74-4fdf-b7dd-1bcfc33fa8ab@group-842A84C1BF42-FollowerState
2021-09-24 06:40:10,310 [bf16246d-6f74-4fdf-b7dd-1bcfc33fa8ab@group-842A84C1BF42-FollowerState] INFO  server.RaftServer$Division (RaftServerImpl.java:setRole(285)) - bf16246d-6f74-4fdf-b7dd-1bcfc33fa8ab@group-842A84C1BF42: changes role from  FOLLOWER to CANDIDATE at term 5 for changeToCandidate
2021-09-24 06:40:10,319 [bf16246d-6f74-4fdf-b7dd-1bcfc33fa8ab@group-842A84C1BF42-FollowerState] INFO  server.RaftServerConfigKeys (ConfUtils.java:logGet(44)) - raft.server.leaderelection.pre-vote = false (custom)
2021-09-24 06:40:10,319 [bf16246d-6f74-4fdf-b7dd-1bcfc33fa8ab@group-842A84C1BF42-FollowerState] INFO  impl.RoleInfo (RoleInfo.java:updateAndGet(130)) - bf16246d-6f74-4fdf-b7dd-1bcfc33fa8ab: start bf16246d-6f74-4fdf-b7dd-1bcfc33fa8ab@group-842A84C1BF42-LeaderElection13
2021-09-24 06:40:10,326 [bf16246d-6f74-4fdf-b7dd-1bcfc33fa8ab@group-842A84C1BF42-LeaderElection13] INFO  impl.LeaderElection (LeaderElection.java:askForVotes(306)) - bf16246d-6f74-4fdf-b7dd-1bcfc33fa8ab@group-842A84C1BF42-LeaderElection13 ELECTION round 0: submit vote requests at term 6 for -1: [bf16246d-6f74-4fdf-b7dd-1bcfc33fa8ab|rpc:10.1.0.9:38267|priority:0, 4172555c-9a12-4ec2-8c60-ee93d59dcb13|rpc:10.1.0.9:42897|priority:1, 10e78caa-6890-4c39-bf63-12a9f1ba3d57|rpc:10.1.0.9:38157|priority:0], old=null
2021-09-24 06:40:10,340 [grpc-default-executor-1] INFO  server.RaftServer$Division (RaftServerImpl.java:requestVote(1043)) - bf16246d-6f74-4fdf-b7dd-1bcfc33fa8ab@group-842A84C1BF42: receive requestVote(ELECTION, 4172555c-9a12-4ec2-8c60-ee93d59dcb13, group-842A84C1BF42, 6, (t:0, i:0))
2021-09-24 06:40:10,340 [grpc-default-executor-1] INFO  impl.VoteContext (VoteContext.java:log(48)) - bf16246d-6f74-4fdf-b7dd-1bcfc33fa8ab@group-842A84C1BF42-CANDIDATE: reject ELECTION from 4172555c-9a12-4ec2-8c60-ee93d59dcb13: already has voted for bf16246d-6f74-4fdf-b7dd-1bcfc33fa8ab at current term 6
2021-09-24 06:40:10,340 [grpc-default-executor-1] INFO  server.RaftServer$Division (RaftServerImpl.java:requestVote(1075)) - bf16246d-6f74-4fdf-b7dd-1bcfc33fa8ab@group-842A84C1BF42 replies to ELECTION vote request: 4172555c-9a12-4ec2-8c60-ee93d59dcb13<-bf16246d-6f74-4fdf-b7dd-1bcfc33fa8ab#0:FAIL-t6. Peer's state: bf16246d-6f74-4fdf-b7dd-1bcfc33fa8ab@group-842A84C1BF42:t6, leader=null, voted=bf16246d-6f74-4fdf-b7dd-1bcfc33fa8ab, raftlog=bf16246d-6f74-4fdf-b7dd-1bcfc33fa8ab@group-842A84C1BF42-SegmentedRaftLog:OPENED:c-1,f-1,i0, conf=-1: [bf16246d-6f74-4fdf-b7dd-1bcfc33fa8ab|rpc:10.1.0.9:38267|priority:0, 4172555c-9a12-4ec2-8c60-ee93d59dcb13|rpc:10.1.0.9:42897|priority:1, 10e78caa-6890-4c39-bf63-12a9f1ba3d57|rpc:10.1.0.9:38157|priority:0], old=null
2021-09-24 06:40:10,352 [grpc-default-executor-2] INFO  server.RaftServer$Division (RaftServerImpl.java:requestVote(1043)) - 4172555c-9a12-4ec2-8c60-ee93d59dcb13@group-842A84C1BF42: receive requestVote(ELECTION, bf16246d-6f74-4fdf-b7dd-1bcfc33fa8ab, group-842A84C1BF42, 6, (t:0, i:0))
2021-09-24 06:40:10,352 [grpc-default-executor-2] INFO  impl.VoteContext (VoteContext.java:log(48)) - 4172555c-9a12-4ec2-8c60-ee93d59dcb13@group-842A84C1BF42-CANDIDATE: reject ELECTION from bf16246d-6f74-4fdf-b7dd-1bcfc33fa8ab: already has voted for 4172555c-9a12-4ec2-8c60-ee93d59dcb13 at current term 6
2021-09-24 06:40:10,352 [grpc-default-executor-2] INFO  server.RaftServer$Division (RaftServerImpl.java:requestVote(1075)) - 4172555c-9a12-4ec2-8c60-ee93d59dcb13@group-842A84C1BF42 replies to ELECTION vote request: bf16246d-6f74-4fdf-b7dd-1bcfc33fa8ab<-4172555c-9a12-4ec2-8c60-ee93d59dcb13#0:FAIL-t6. Peer's state: 4172555c-9a12-4ec2-8c60-ee93d59dcb13@group-842A84C1BF42:t6, leader=null, voted=4172555c-9a12-4ec2-8c60-ee93d59dcb13, raftlog=4172555c-9a12-4ec2-8c60-ee93d59dcb13@group-842A84C1BF42-SegmentedRaftLog:OPENED:c-1,f-1,i0, conf=-1: [bf16246d-6f74-4fdf-b7dd-1bcfc33fa8ab|rpc:10.1.0.9:38267|priority:0, 4172555c-9a12-4ec2-8c60-ee93d59dcb13|rpc:10.1.0.9:42897|priority:1, 10e78caa-6890-4c39-bf63-12a9f1ba3d57|rpc:10.1.0.9:38157|priority:0], old=null
2021-09-24 06:40:10,356 [grpc-default-executor-1] INFO  server.RaftServer$Division (RaftServerImpl.java:requestVote(1043)) - 10e78caa-6890-4c39-bf63-12a9f1ba3d57@group-842A84C1BF42: receive requestVote(ELECTION, bf16246d-6f74-4fdf-b7dd-1bcfc33fa8ab, group-842A84C1BF42, 6, (t:0, i:0))
2021-09-24 06:40:10,356 [bf16246d-6f74-4fdf-b7dd-1bcfc33fa8ab@group-842A84C1BF42-LeaderElection13] INFO  impl.LeaderElection (LeaderElection.java:logAndReturn(89)) - bf16246d-6f74-4fdf-b7dd-1bcfc33fa8ab@group-842A84C1BF42-LeaderElection13: ELECTION REJECTED received 1 response(s) and 0 exception(s):
2021-09-24 06:40:10,356 [grpc-default-executor-2] INFO  server.RaftServer$Division (RaftServerImpl.java:requestVote(1043)) - 10e78caa-6890-4c39-bf63-12a9f1ba3d57@group-842A84C1BF42: receive requestVote(ELECTION, 4172555c-9a12-4ec2-8c60-ee93d59dcb13, group-842A84C1BF42, 6, (t:0, i:0))
2021-09-24 06:40:10,358 [bf16246d-6f74-4fdf-b7dd-1bcfc33fa8ab@group-842A84C1BF42-LeaderElection13] INFO  impl.LeaderElection (LeaderElection.java:logAndReturn(93)) -   Response 0: bf16246d-6f74-4fdf-b7dd-1bcfc33fa8ab<-4172555c-9a12-4ec2-8c60-ee93d59dcb13#0:FAIL-t6
2021-09-24 06:40:10,359 [grpc-default-executor-1] INFO  impl.VoteContext (VoteContext.java:log(48)) - 10e78caa-6890-4c39-bf63-12a9f1ba3d57@group-842A84C1BF42-FOLLOWER: accept ELECTION from bf16246d-6f74-4fdf-b7dd-1bcfc33fa8ab: our priority 0 <= candidate's priority 0
2021-09-24 06:40:10,359 [bf16246d-6f74-4fdf-b7dd-1bcfc33fa8ab@group-842A84C1BF42-LeaderElection13] INFO  impl.LeaderElection (LeaderElection.java:askForVotes(308)) - bf16246d-6f74-4fdf-b7dd-1bcfc33fa8ab@group-842A84C1BF42-LeaderElection13 ELECTION round 0: result REJECTED
2021-09-24 06:40:10,359 [bf16246d-6f74-4fdf-b7dd-1bcfc33fa8ab@group-842A84C1BF42-LeaderElection13] INFO  server.RaftServer$Division (RaftServerImpl.java:setRole(285)) - bf16246d-6f74-4fdf-b7dd-1bcfc33fa8ab@group-842A84C1BF42: changes role from CANDIDATE to FOLLOWER at term 6 for REJECTED
2021-09-24 06:40:10,359 [bf16246d-6f74-4fdf-b7dd-1bcfc33fa8ab@group-842A84C1BF42-LeaderElection13] INFO  impl.RoleInfo (RoleInfo.java:shutdownLeaderElection(121)) - bf16246d-6f74-4fdf-b7dd-1bcfc33fa8ab: shutdown bf16246d-6f74-4fdf-b7dd-1bcfc33fa8ab@group-842A84C1BF42-LeaderElection13
2021-09-24 06:40:10,359 [bf16246d-6f74-4fdf-b7dd-1bcfc33fa8ab@group-842A84C1BF42-LeaderElection13] INFO  impl.RoleInfo (RoleInfo.java:updateAndGet(130)) - bf16246d-6f74-4fdf-b7dd-1bcfc33fa8ab: start bf16246d-6f74-4fdf-b7dd-1bcfc33fa8ab@group-842A84C1BF42-FollowerState
2021-09-24 06:40:10,359 [grpc-default-executor-1] INFO  server.RaftServer$Division (RaftServerImpl.java:setRole(285)) - 10e78caa-6890-4c39-bf63-12a9f1ba3d57@group-842A84C1BF42: changes role from  FOLLOWER to FOLLOWER at term 6 for candidate:bf16246d-6f74-4fdf-b7dd-1bcfc33fa8ab
2021-09-24 06:40:10,359 [grpc-default-executor-1] INFO  impl.RoleInfo (RoleInfo.java:shutdownFollowerState(108)) - 10e78caa-6890-4c39-bf63-12a9f1ba3d57: shutdown 10e78caa-6890-4c39-bf63-12a9f1ba3d57@group-842A84C1BF42-FollowerState
2021-09-24 06:40:10,371 [grpc-default-executor-1] INFO  impl.RoleInfo (RoleInfo.java:updateAndGet(130)) - 10e78caa-6890-4c39-bf63-12a9f1ba3d57: start 10e78caa-6890-4c39-bf63-12a9f1ba3d57@group-842A84C1BF42-FollowerState
2021-09-24 06:40:10,371 [10e78caa-6890-4c39-bf63-12a9f1ba3d57@group-842A84C1BF42-FollowerState] INFO  impl.FollowerState (FollowerState.java:run(143)) - 10e78caa-6890-4c39-bf63-12a9f1ba3d57@group-842A84C1BF42-FollowerState was interrupted: {}
java.lang.InterruptedException: sleep interrupted
	at java.lang.Thread.sleep(Native Method)
	at java.lang.Thread.sleep(Thread.java:340)
	at java.util.concurrent.TimeUnit.sleep(TimeUnit.java:386)
	at org.apache.ratis.util.TimeDuration.sleep(TimeDuration.java:324)
	at org.apache.ratis.util.TimeDuration.sleep(TimeDuration.java:309)
	at org.apache.ratis.server.impl.FollowerState.run(FollowerState.java:118)
2021-09-24 06:40:10,375 [grpc-default-executor-1] INFO  server.RaftServer$Division (RaftServerImpl.java:requestVote(1075)) - 10e78caa-6890-4c39-bf63-12a9f1ba3d57@group-842A84C1BF42 replies to ELECTION vote request: bf16246d-6f74-4fdf-b7dd-1bcfc33fa8ab<-10e78caa-6890-4c39-bf63-12a9f1ba3d57#0:OK-t6. Peer's state: 10e78caa-6890-4c39-bf63-12a9f1ba3d57@group-842A84C1BF42:t6, leader=null, voted=bf16246d-6f74-4fdf-b7dd-1bcfc33fa8ab, raftlog=10e78caa-6890-4c39-bf63-12a9f1ba3d57@group-842A84C1BF42-SegmentedRaftLog:OPENED:c-1,f-1,i0, conf=-1: [bf16246d-6f74-4fdf-b7dd-1bcfc33fa8ab|rpc:10.1.0.9:38267|priority:0, 4172555c-9a12-4ec2-8c60-ee93d59dcb13|rpc:10.1.0.9:42897|priority:1, 10e78caa-6890-4c39-bf63-12a9f1ba3d57|rpc:10.1.0.9:38157|priority:0], old=null
2021-09-24 06:40:10,376 [grpc-default-executor-2] INFO  impl.VoteContext (VoteContext.java:log(48)) - 10e78caa-6890-4c39-bf63-12a9f1ba3d57@group-842A84C1BF42-FOLLOWER: reject ELECTION from 4172555c-9a12-4ec2-8c60-ee93d59dcb13: already has voted for bf16246d-6f74-4fdf-b7dd-1bcfc33fa8ab at current term 6
2021-09-24 06:40:10,376 [grpc-default-executor-2] INFO  server.RaftServer$Division (RaftServerImpl.java:requestVote(1075)) - 10e78caa-6890-4c39-bf63-12a9f1ba3d57@group-842A84C1BF42 replies to ELECTION vote request: 4172555c-9a12-4ec2-8c60-ee93d59dcb13<-10e78caa-6890-4c39-bf63-12a9f1ba3d57#0:FAIL-t6. Peer's state: 10e78caa-6890-4c39-bf63-12a9f1ba3d57@group-842A84C1BF42:t6, leader=null, voted=bf16246d-6f74-4fdf-b7dd-1bcfc33fa8ab, raftlog=10e78caa-6890-4c39-bf63-12a9f1ba3d57@group-842A84C1BF42-SegmentedRaftLog:OPENED:c-1,f-1,i0, conf=-1: [bf16246d-6f74-4fdf-b7dd-1bcfc33fa8ab|rpc:10.1.0.9:38267|priority:0, 4172555c-9a12-4ec2-8c60-ee93d59dcb13|rpc:10.1.0.9:42897|priority:1, 10e78caa-6890-4c39-bf63-12a9f1ba3d57|rpc:10.1.0.9:38157|priority:0], old=null
2021-09-24 06:40:10,382 [4172555c-9a12-4ec2-8c60-ee93d59dcb13@group-842A84C1BF42-LeaderElection12] INFO  impl.LeaderElection (LeaderElection.java:logAndReturn(89)) - 4172555c-9a12-4ec2-8c60-ee93d59dcb13@group-842A84C1BF42-LeaderElection12: ELECTION REJECTED received 2 response(s) and 0 exception(s):
2021-09-24 06:40:10,384 [4172555c-9a12-4ec2-8c60-ee93d59dcb13@group-842A84C1BF42-LeaderElection12] INFO  impl.LeaderElection (LeaderElection.java:logAndReturn(93)) -   Response 0: 4172555c-9a12-4ec2-8c60-ee93d59dcb13<-bf16246d-6f74-4fdf-b7dd-1bcfc33fa8ab#0:FAIL-t6
2021-09-24 06:40:10,384 [4172555c-9a12-4ec2-8c60-ee93d59dcb13@group-842A84C1BF42-LeaderElection12] INFO  impl.LeaderElection (LeaderElection.java:logAndReturn(93)) -   Response 1: 4172555c-9a12-4ec2-8c60-ee93d59dcb13<-10e78caa-6890-4c39-bf63-12a9f1ba3d57#0:FAIL-t6
2021-09-24 06:40:10,384 [4172555c-9a12-4ec2-8c60-ee93d59dcb13@group-842A84C1BF42-LeaderElection12] INFO  impl.LeaderElection (LeaderElection.java:askForVotes(308)) - 4172555c-9a12-4ec2-8c60-ee93d59dcb13@group-842A84C1BF42-LeaderElection12 ELECTION round 0: result REJECTED
2021-09-24 06:40:10,385 [4172555c-9a12-4ec2-8c60-ee93d59dcb13@group-842A84C1BF42-LeaderElection12] INFO  server.RaftServer$Division (RaftServerImpl.java:setRole(285)) - 4172555c-9a12-4ec2-8c60-ee93d59dcb13@group-842A84C1BF42: changes role from CANDIDATE to FOLLOWER at term 6 for REJECTED
2021-09-24 06:40:10,385 [4172555c-9a12-4ec2-8c60-ee93d59dcb13@group-842A84C1BF42-LeaderElection12] INFO  impl.RoleInfo (RoleInfo.java:shutdownLeaderElection(121)) - 4172555c-9a12-4ec2-8c60-ee93d59dcb13: shutdown 4172555c-9a12-4ec2-8c60-ee93d59dcb13@group-842A84C1BF42-LeaderElection12
2021-09-24 06:40:10,385 [4172555c-9a12-4ec2-8c60-ee93d59dcb13@group-842A84C1BF42-LeaderElection12] INFO  impl.RoleInfo (RoleInfo.java:updateAndGet(130)) - 4172555c-9a12-4ec2-8c60-ee93d59dcb13: start 4172555c-9a12-4ec2-8c60-ee93d59dcb13@group-842A84C1BF42-FollowerState
2021-09-24 06:40:11,151 [Listener at 127.0.0.1/44161] INFO  ozone.MiniOzoneClusterImpl (MiniOzoneClusterImpl.java:lambda$waitForClusterToBeReady$0(235)) - Nodes are ready. Got 3 of 3 DN Heartbeats.
2021-09-24 06:40:11,152 [Listener at 127.0.0.1/44161] INFO  ozone.MiniOzoneClusterImpl (MiniOzoneClusterImpl.java:lambda$waitForClusterToBeReady$0(238)) - Waiting for cluster to exit safe mode
2021-09-24 06:40:11,152 [Listener at 127.0.0.1/44161] INFO  ozone.MiniOzoneClusterImpl (MiniOzoneClusterImpl.java:lambda$waitForClusterToBeReady$0(240)) - SCM became leader
2021-09-24 06:40:12,153 [Listener at 127.0.0.1/44161] INFO  ozone.MiniOzoneClusterImpl (MiniOzoneClusterImpl.java:lambda$waitForClusterToBeReady$0(235)) - Nodes are ready. Got 3 of 3 DN Heartbeats.
2021-09-24 06:40:12,153 [Listener at 127.0.0.1/44161] INFO  ozone.MiniOzoneClusterImpl (MiniOzoneClusterImpl.java:lambda$waitForClusterToBeReady$0(238)) - Waiting for cluster to exit safe mode
2021-09-24 06:40:12,153 [Listener at 127.0.0.1/44161] INFO  ozone.MiniOzoneClusterImpl (MiniOzoneClusterImpl.java:lambda$waitForClusterToBeReady$0(240)) - SCM became leader
2021-09-24 06:40:13,153 [Listener at 127.0.0.1/44161] INFO  ozone.MiniOzoneClusterImpl (MiniOzoneClusterImpl.java:lambda$waitForClusterToBeReady$0(235)) - Nodes are ready. Got 3 of 3 DN Heartbeats.
2021-09-24 06:40:13,153 [Listener at 127.0.0.1/44161] INFO  ozone.MiniOzoneClusterImpl (MiniOzoneClusterImpl.java:lambda$waitForClusterToBeReady$0(238)) - Waiting for cluster to exit safe mode
2021-09-24 06:40:13,153 [Listener at 127.0.0.1/44161] INFO  ozone.MiniOzoneClusterImpl (MiniOzoneClusterImpl.java:lambda$waitForClusterToBeReady$0(240)) - SCM became leader
2021-09-24 06:40:14,154 [Listener at 127.0.0.1/44161] INFO  ozone.MiniOzoneClusterImpl (MiniOzoneClusterImpl.java:lambda$waitForClusterToBeReady$0(235)) - Nodes are ready. Got 3 of 3 DN Heartbeats.
2021-09-24 06:40:14,154 [Listener at 127.0.0.1/44161] INFO  ozone.MiniOzoneClusterImpl (MiniOzoneClusterImpl.java:lambda$waitForClusterToBeReady$0(238)) - Waiting for cluster to exit safe mode
2021-09-24 06:40:14,154 [Listener at 127.0.0.1/44161] INFO  ozone.MiniOzoneClusterImpl (MiniOzoneClusterImpl.java:lambda$waitForClusterToBeReady$0(240)) - SCM became leader
2021-09-24 06:40:15,154 [Listener at 127.0.0.1/44161] INFO  ozone.MiniOzoneClusterImpl (MiniOzoneClusterImpl.java:lambda$waitForClusterToBeReady$0(235)) - Nodes are ready. Got 3 of 3 DN Heartbeats.
2021-09-24 06:40:15,155 [Listener at 127.0.0.1/44161] INFO  ozone.MiniOzoneClusterImpl (MiniOzoneClusterImpl.java:lambda$waitForClusterToBeReady$0(238)) - Waiting for cluster to exit safe mode
2021-09-24 06:40:15,155 [Listener at 127.0.0.1/44161] INFO  ozone.MiniOzoneClusterImpl (MiniOzoneClusterImpl.java:lambda$waitForClusterToBeReady$0(240)) - SCM became leader
2021-09-24 06:40:15,396 [bf16246d-6f74-4fdf-b7dd-1bcfc33fa8ab@group-842A84C1BF42-FollowerState] INFO  impl.FollowerState (FollowerState.java:run(134)) - bf16246d-6f74-4fdf-b7dd-1bcfc33fa8ab@group-842A84C1BF42-FollowerState: change to CANDIDATE, lastRpcElapsedTime:5036795219ns, electionTimeout:5021ms
2021-09-24 06:40:15,396 [bf16246d-6f74-4fdf-b7dd-1bcfc33fa8ab@group-842A84C1BF42-FollowerState] INFO  impl.RoleInfo (RoleInfo.java:shutdownFollowerState(108)) - bf16246d-6f74-4fdf-b7dd-1bcfc33fa8ab: shutdown bf16246d-6f74-4fdf-b7dd-1bcfc33fa8ab@group-842A84C1BF42-FollowerState
2021-09-24 06:40:15,396 [bf16246d-6f74-4fdf-b7dd-1bcfc33fa8ab@group-842A84C1BF42-FollowerState] INFO  server.RaftServer$Division (RaftServerImpl.java:setRole(285)) - bf16246d-6f74-4fdf-b7dd-1bcfc33fa8ab@group-842A84C1BF42: changes role from  FOLLOWER to CANDIDATE at term 6 for changeToCandidate
2021-09-24 06:40:15,396 [bf16246d-6f74-4fdf-b7dd-1bcfc33fa8ab@group-842A84C1BF42-FollowerState] INFO  server.RaftServerConfigKeys (ConfUtils.java:logGet(44)) - raft.server.leaderelection.pre-vote = false (custom)
2021-09-24 06:40:15,396 [bf16246d-6f74-4fdf-b7dd-1bcfc33fa8ab@group-842A84C1BF42-FollowerState] INFO  impl.RoleInfo (RoleInfo.java:updateAndGet(130)) - bf16246d-6f74-4fdf-b7dd-1bcfc33fa8ab: start bf16246d-6f74-4fdf-b7dd-1bcfc33fa8ab@group-842A84C1BF42-LeaderElection14
2021-09-24 06:40:15,412 [bf16246d-6f74-4fdf-b7dd-1bcfc33fa8ab@group-842A84C1BF42-LeaderElection14] INFO  impl.LeaderElection (LeaderElection.java:askForVotes(306)) - bf16246d-6f74-4fdf-b7dd-1bcfc33fa8ab@group-842A84C1BF42-LeaderElection14 ELECTION round 0: submit vote requests at term 7 for -1: [bf16246d-6f74-4fdf-b7dd-1bcfc33fa8ab|rpc:10.1.0.9:38267|priority:0, 4172555c-9a12-4ec2-8c60-ee93d59dcb13|rpc:10.1.0.9:42897|priority:1, 10e78caa-6890-4c39-bf63-12a9f1ba3d57|rpc:10.1.0.9:38157|priority:0], old=null
2021-09-24 06:40:15,429 [grpc-default-executor-2] INFO  server.RaftServer$Division (RaftServerImpl.java:requestVote(1043)) - 4172555c-9a12-4ec2-8c60-ee93d59dcb13@group-842A84C1BF42: receive requestVote(ELECTION, bf16246d-6f74-4fdf-b7dd-1bcfc33fa8ab, group-842A84C1BF42, 7, (t:0, i:0))
2021-09-24 06:40:15,429 [grpc-default-executor-2] INFO  impl.VoteContext (VoteContext.java:log(48)) - 4172555c-9a12-4ec2-8c60-ee93d59dcb13@group-842A84C1BF42-FOLLOWER: reject ELECTION from bf16246d-6f74-4fdf-b7dd-1bcfc33fa8ab: our priority 1 > candidate's priority 0
2021-09-24 06:40:15,429 [grpc-default-executor-2] INFO  server.RaftServer$Division (RaftServerImpl.java:setRole(285)) - 4172555c-9a12-4ec2-8c60-ee93d59dcb13@group-842A84C1BF42: changes role from  FOLLOWER to FOLLOWER at term 7 for candidate:bf16246d-6f74-4fdf-b7dd-1bcfc33fa8ab
2021-09-24 06:40:15,429 [grpc-default-executor-2] INFO  impl.RoleInfo (RoleInfo.java:shutdownFollowerState(108)) - 4172555c-9a12-4ec2-8c60-ee93d59dcb13: shutdown 4172555c-9a12-4ec2-8c60-ee93d59dcb13@group-842A84C1BF42-FollowerState
2021-09-24 06:40:15,429 [grpc-default-executor-2] INFO  impl.RoleInfo (RoleInfo.java:updateAndGet(130)) - 4172555c-9a12-4ec2-8c60-ee93d59dcb13: start 4172555c-9a12-4ec2-8c60-ee93d59dcb13@group-842A84C1BF42-FollowerState
2021-09-24 06:40:15,429 [4172555c-9a12-4ec2-8c60-ee93d59dcb13@group-842A84C1BF42-FollowerState] INFO  impl.FollowerState (FollowerState.java:run(143)) - 4172555c-9a12-4ec2-8c60-ee93d59dcb13@group-842A84C1BF42-FollowerState was interrupted: {}
java.lang.InterruptedException: sleep interrupted
	at java.lang.Thread.sleep(Native Method)
	at java.lang.Thread.sleep(Thread.java:340)
	at java.util.concurrent.TimeUnit.sleep(TimeUnit.java:386)
	at org.apache.ratis.util.TimeDuration.sleep(TimeDuration.java:324)
	at org.apache.ratis.util.TimeDuration.sleep(TimeDuration.java:309)
	at org.apache.ratis.server.impl.FollowerState.run(FollowerState.java:118)
2021-09-24 06:40:15,435 [grpc-default-executor-1] INFO  server.RaftServer$Division (RaftServerImpl.java:requestVote(1043)) - 10e78caa-6890-4c39-bf63-12a9f1ba3d57@group-842A84C1BF42: receive requestVote(ELECTION, bf16246d-6f74-4fdf-b7dd-1bcfc33fa8ab, group-842A84C1BF42, 7, (t:0, i:0))
2021-09-24 06:40:15,435 [grpc-default-executor-1] INFO  impl.VoteContext (VoteContext.java:log(48)) - 10e78caa-6890-4c39-bf63-12a9f1ba3d57@group-842A84C1BF42-FOLLOWER: accept ELECTION from bf16246d-6f74-4fdf-b7dd-1bcfc33fa8ab: our priority 0 <= candidate's priority 0
2021-09-24 06:40:15,435 [grpc-default-executor-1] INFO  server.RaftServer$Division (RaftServerImpl.java:setRole(285)) - 10e78caa-6890-4c39-bf63-12a9f1ba3d57@group-842A84C1BF42: changes role from  FOLLOWER to FOLLOWER at term 7 for candidate:bf16246d-6f74-4fdf-b7dd-1bcfc33fa8ab
2021-09-24 06:40:15,435 [grpc-default-executor-1] INFO  impl.RoleInfo (RoleInfo.java:shutdownFollowerState(108)) - 10e78caa-6890-4c39-bf63-12a9f1ba3d57: shutdown 10e78caa-6890-4c39-bf63-12a9f1ba3d57@group-842A84C1BF42-FollowerState
2021-09-24 06:40:15,435 [grpc-default-executor-1] INFO  impl.RoleInfo (RoleInfo.java:updateAndGet(130)) - 10e78caa-6890-4c39-bf63-12a9f1ba3d57: start 10e78caa-6890-4c39-bf63-12a9f1ba3d57@group-842A84C1BF42-FollowerState
2021-09-24 06:40:15,435 [10e78caa-6890-4c39-bf63-12a9f1ba3d57@group-842A84C1BF42-FollowerState] INFO  impl.FollowerState (FollowerState.java:run(143)) - 10e78caa-6890-4c39-bf63-12a9f1ba3d57@group-842A84C1BF42-FollowerState was interrupted: {}
java.lang.InterruptedException: sleep interrupted
	at java.lang.Thread.sleep(Native Method)
	at java.lang.Thread.sleep(Thread.java:340)
	at java.util.concurrent.TimeUnit.sleep(TimeUnit.java:386)
	at org.apache.ratis.util.TimeDuration.sleep(TimeDuration.java:324)
	at org.apache.ratis.util.TimeDuration.sleep(TimeDuration.java:309)
	at org.apache.ratis.server.impl.FollowerState.run(FollowerState.java:118)
2021-09-24 06:40:15,438 [grpc-default-executor-1] INFO  server.RaftServer$Division (RaftServerImpl.java:requestVote(1075)) - 10e78caa-6890-4c39-bf63-12a9f1ba3d57@group-842A84C1BF42 replies to ELECTION vote request: bf16246d-6f74-4fdf-b7dd-1bcfc33fa8ab<-10e78caa-6890-4c39-bf63-12a9f1ba3d57#0:OK-t7. Peer's state: 10e78caa-6890-4c39-bf63-12a9f1ba3d57@group-842A84C1BF42:t7, leader=null, voted=bf16246d-6f74-4fdf-b7dd-1bcfc33fa8ab, raftlog=10e78caa-6890-4c39-bf63-12a9f1ba3d57@group-842A84C1BF42-SegmentedRaftLog:OPENED:c-1,f-1,i0, conf=-1: [bf16246d-6f74-4fdf-b7dd-1bcfc33fa8ab|rpc:10.1.0.9:38267|priority:0, 4172555c-9a12-4ec2-8c60-ee93d59dcb13|rpc:10.1.0.9:42897|priority:1, 10e78caa-6890-4c39-bf63-12a9f1ba3d57|rpc:10.1.0.9:38157|priority:0], old=null
2021-09-24 06:40:15,438 [grpc-default-executor-2] INFO  server.RaftServer$Division (RaftServerImpl.java:requestVote(1075)) - 4172555c-9a12-4ec2-8c60-ee93d59dcb13@group-842A84C1BF42 replies to ELECTION vote request: bf16246d-6f74-4fdf-b7dd-1bcfc33fa8ab<-4172555c-9a12-4ec2-8c60-ee93d59dcb13#0:FAIL-t7. Peer's state: 4172555c-9a12-4ec2-8c60-ee93d59dcb13@group-842A84C1BF42:t7, leader=null, voted=null, raftlog=4172555c-9a12-4ec2-8c60-ee93d59dcb13@group-842A84C1BF42-SegmentedRaftLog:OPENED:c-1,f-1,i0, conf=-1: [bf16246d-6f74-4fdf-b7dd-1bcfc33fa8ab|rpc:10.1.0.9:38267|priority:0, 4172555c-9a12-4ec2-8c60-ee93d59dcb13|rpc:10.1.0.9:42897|priority:1, 10e78caa-6890-4c39-bf63-12a9f1ba3d57|rpc:10.1.0.9:38157|priority:0], old=null
2021-09-24 06:40:15,442 [bf16246d-6f74-4fdf-b7dd-1bcfc33fa8ab@group-842A84C1BF42-LeaderElection14] INFO  impl.LeaderElection (LeaderElection.java:logAndReturn(89)) - bf16246d-6f74-4fdf-b7dd-1bcfc33fa8ab@group-842A84C1BF42-LeaderElection14: ELECTION REJECTED received 2 response(s) and 0 exception(s):
2021-09-24 06:40:15,442 [bf16246d-6f74-4fdf-b7dd-1bcfc33fa8ab@group-842A84C1BF42-LeaderElection14] INFO  impl.LeaderElection (LeaderElection.java:logAndReturn(93)) -   Response 0: bf16246d-6f74-4fdf-b7dd-1bcfc33fa8ab<-4172555c-9a12-4ec2-8c60-ee93d59dcb13#0:FAIL-t7
2021-09-24 06:40:15,442 [bf16246d-6f74-4fdf-b7dd-1bcfc33fa8ab@group-842A84C1BF42-LeaderElection14] INFO  impl.LeaderElection (LeaderElection.java:logAndReturn(93)) -   Response 1: bf16246d-6f74-4fdf-b7dd-1bcfc33fa8ab<-10e78caa-6890-4c39-bf63-12a9f1ba3d57#0:OK-t7
2021-09-24 06:40:15,443 [bf16246d-6f74-4fdf-b7dd-1bcfc33fa8ab@group-842A84C1BF42-LeaderElection14] INFO  impl.LeaderElection (LeaderElection.java:askForVotes(308)) - bf16246d-6f74-4fdf-b7dd-1bcfc33fa8ab@group-842A84C1BF42-LeaderElection14 ELECTION round 0: result REJECTED
2021-09-24 06:40:15,443 [bf16246d-6f74-4fdf-b7dd-1bcfc33fa8ab@group-842A84C1BF42-LeaderElection14] INFO  server.RaftServer$Division (RaftServerImpl.java:setRole(285)) - bf16246d-6f74-4fdf-b7dd-1bcfc33fa8ab@group-842A84C1BF42: changes role from CANDIDATE to FOLLOWER at term 7 for REJECTED
2021-09-24 06:40:15,443 [bf16246d-6f74-4fdf-b7dd-1bcfc33fa8ab@group-842A84C1BF42-LeaderElection14] INFO  impl.RoleInfo (RoleInfo.java:shutdownLeaderElection(121)) - bf16246d-6f74-4fdf-b7dd-1bcfc33fa8ab: shutdown bf16246d-6f74-4fdf-b7dd-1bcfc33fa8ab@group-842A84C1BF42-LeaderElection14
2021-09-24 06:40:15,443 [bf16246d-6f74-4fdf-b7dd-1bcfc33fa8ab@group-842A84C1BF42-LeaderElection14] INFO  impl.RoleInfo (RoleInfo.java:updateAndGet(130)) - bf16246d-6f74-4fdf-b7dd-1bcfc33fa8ab: start bf16246d-6f74-4fdf-b7dd-1bcfc33fa8ab@group-842A84C1BF42-FollowerState
2021-09-24 06:40:16,155 [Listener at 127.0.0.1/44161] INFO  ozone.MiniOzoneClusterImpl (MiniOzoneClusterImpl.java:lambda$waitForClusterToBeReady$0(235)) - Nodes are ready. Got 3 of 3 DN Heartbeats.
2021-09-24 06:40:16,156 [Listener at 127.0.0.1/44161] INFO  ozone.MiniOzoneClusterImpl (MiniOzoneClusterImpl.java:lambda$waitForClusterToBeReady$0(238)) - Waiting for cluster to exit safe mode
2021-09-24 06:40:16,156 [Listener at 127.0.0.1/44161] INFO  ozone.MiniOzoneClusterImpl (MiniOzoneClusterImpl.java:lambda$waitForClusterToBeReady$0(240)) - SCM became leader
2021-09-24 06:40:17,157 [Listener at 127.0.0.1/44161] INFO  ozone.MiniOzoneClusterImpl (MiniOzoneClusterImpl.java:lambda$waitForClusterToBeReady$0(235)) - Nodes are ready. Got 3 of 3 DN Heartbeats.
2021-09-24 06:40:17,157 [Listener at 127.0.0.1/44161] INFO  ozone.MiniOzoneClusterImpl (MiniOzoneClusterImpl.java:lambda$waitForClusterToBeReady$0(238)) - Waiting for cluster to exit safe mode
2021-09-24 06:40:17,157 [Listener at 127.0.0.1/44161] INFO  ozone.MiniOzoneClusterImpl (MiniOzoneClusterImpl.java:lambda$waitForClusterToBeReady$0(240)) - SCM became leader
2021-09-24 06:40:18,157 [Listener at 127.0.0.1/44161] INFO  ozone.MiniOzoneClusterImpl (MiniOzoneClusterImpl.java:lambda$waitForClusterToBeReady$0(235)) - Nodes are ready. Got 3 of 3 DN Heartbeats.
2021-09-24 06:40:18,157 [Listener at 127.0.0.1/44161] INFO  ozone.MiniOzoneClusterImpl (MiniOzoneClusterImpl.java:lambda$waitForClusterToBeReady$0(238)) - Waiting for cluster to exit safe mode
2021-09-24 06:40:18,157 [Listener at 127.0.0.1/44161] INFO  ozone.MiniOzoneClusterImpl (MiniOzoneClusterImpl.java:lambda$waitForClusterToBeReady$0(240)) - SCM became leader
2021-09-24 06:40:19,158 [Listener at 127.0.0.1/44161] INFO  ozone.MiniOzoneClusterImpl (MiniOzoneClusterImpl.java:lambda$waitForClusterToBeReady$0(235)) - Nodes are ready. Got 3 of 3 DN Heartbeats.
2021-09-24 06:40:19,158 [Listener at 127.0.0.1/44161] INFO  ozone.MiniOzoneClusterImpl (MiniOzoneClusterImpl.java:lambda$waitForClusterToBeReady$0(238)) - Waiting for cluster to exit safe mode
2021-09-24 06:40:19,158 [Listener at 127.0.0.1/44161] INFO  ozone.MiniOzoneClusterImpl (MiniOzoneClusterImpl.java:lambda$waitForClusterToBeReady$0(240)) - SCM became leader
2021-09-24 06:40:20,158 [Listener at 127.0.0.1/44161] INFO  ozone.MiniOzoneClusterImpl (MiniOzoneClusterImpl.java:lambda$waitForClusterToBeReady$0(235)) - Nodes are ready. Got 3 of 3 DN Heartbeats.
2021-09-24 06:40:20,159 [Listener at 127.0.0.1/44161] INFO  ozone.MiniOzoneClusterImpl (MiniOzoneClusterImpl.java:lambda$waitForClusterToBeReady$0(238)) - Waiting for cluster to exit safe mode
2021-09-24 06:40:20,159 [Listener at 127.0.0.1/44161] INFO  ozone.MiniOzoneClusterImpl (MiniOzoneClusterImpl.java:lambda$waitForClusterToBeReady$0(240)) - SCM became leader
2021-09-24 06:40:20,560 [bf16246d-6f74-4fdf-b7dd-1bcfc33fa8ab@group-842A84C1BF42-FollowerState] INFO  impl.FollowerState (FollowerState.java:run(134)) - bf16246d-6f74-4fdf-b7dd-1bcfc33fa8ab@group-842A84C1BF42-FollowerState: change to CANDIDATE, lastRpcElapsedTime:5117439986ns, electionTimeout:5114ms
2021-09-24 06:40:20,560 [bf16246d-6f74-4fdf-b7dd-1bcfc33fa8ab@group-842A84C1BF42-FollowerState] INFO  impl.RoleInfo (RoleInfo.java:shutdownFollowerState(108)) - bf16246d-6f74-4fdf-b7dd-1bcfc33fa8ab: shutdown bf16246d-6f74-4fdf-b7dd-1bcfc33fa8ab@group-842A84C1BF42-FollowerState
2021-09-24 06:40:20,560 [bf16246d-6f74-4fdf-b7dd-1bcfc33fa8ab@group-842A84C1BF42-FollowerState] INFO  server.RaftServer$Division (RaftServerImpl.java:setRole(285)) - bf16246d-6f74-4fdf-b7dd-1bcfc33fa8ab@group-842A84C1BF42: changes role from  FOLLOWER to CANDIDATE at term 7 for changeToCandidate
2021-09-24 06:40:20,561 [bf16246d-6f74-4fdf-b7dd-1bcfc33fa8ab@group-842A84C1BF42-FollowerState] INFO  server.RaftServerConfigKeys (ConfUtils.java:logGet(44)) - raft.server.leaderelection.pre-vote = false (custom)
2021-09-24 06:40:20,561 [bf16246d-6f74-4fdf-b7dd-1bcfc33fa8ab@group-842A84C1BF42-FollowerState] INFO  impl.RoleInfo (RoleInfo.java:updateAndGet(130)) - bf16246d-6f74-4fdf-b7dd-1bcfc33fa8ab: start bf16246d-6f74-4fdf-b7dd-1bcfc33fa8ab@group-842A84C1BF42-LeaderElection15
2021-09-24 06:40:20,568 [bf16246d-6f74-4fdf-b7dd-1bcfc33fa8ab@group-842A84C1BF42-LeaderElection15] INFO  impl.LeaderElection (LeaderElection.java:askForVotes(306)) - bf16246d-6f74-4fdf-b7dd-1bcfc33fa8ab@group-842A84C1BF42-LeaderElection15 ELECTION round 0: submit vote requests at term 8 for -1: [bf16246d-6f74-4fdf-b7dd-1bcfc33fa8ab|rpc:10.1.0.9:38267|priority:0, 4172555c-9a12-4ec2-8c60-ee93d59dcb13|rpc:10.1.0.9:42897|priority:1, 10e78caa-6890-4c39-bf63-12a9f1ba3d57|rpc:10.1.0.9:38157|priority:0], old=null
2021-09-24 06:40:20,579 [grpc-default-executor-1] INFO  server.RaftServer$Division (RaftServerImpl.java:requestVote(1043)) - 4172555c-9a12-4ec2-8c60-ee93d59dcb13@group-842A84C1BF42: receive requestVote(ELECTION, bf16246d-6f74-4fdf-b7dd-1bcfc33fa8ab, group-842A84C1BF42, 8, (t:0, i:0))
2021-09-24 06:40:20,579 [grpc-default-executor-1] INFO  impl.VoteContext (VoteContext.java:log(48)) - 4172555c-9a12-4ec2-8c60-ee93d59dcb13@group-842A84C1BF42-FOLLOWER: reject ELECTION from bf16246d-6f74-4fdf-b7dd-1bcfc33fa8ab: our priority 1 > candidate's priority 0
2021-09-24 06:40:20,579 [grpc-default-executor-1] INFO  server.RaftServer$Division (RaftServerImpl.java:setRole(285)) - 4172555c-9a12-4ec2-8c60-ee93d59dcb13@group-842A84C1BF42: changes role from  FOLLOWER to FOLLOWER at term 8 for candidate:bf16246d-6f74-4fdf-b7dd-1bcfc33fa8ab
2021-09-24 06:40:20,579 [grpc-default-executor-1] INFO  impl.RoleInfo (RoleInfo.java:shutdownFollowerState(108)) - 4172555c-9a12-4ec2-8c60-ee93d59dcb13: shutdown 4172555c-9a12-4ec2-8c60-ee93d59dcb13@group-842A84C1BF42-FollowerState
2021-09-24 06:40:20,579 [grpc-default-executor-1] INFO  impl.RoleInfo (RoleInfo.java:updateAndGet(130)) - 4172555c-9a12-4ec2-8c60-ee93d59dcb13: start 4172555c-9a12-4ec2-8c60-ee93d59dcb13@group-842A84C1BF42-FollowerState
2021-09-24 06:40:20,579 [4172555c-9a12-4ec2-8c60-ee93d59dcb13@group-842A84C1BF42-FollowerState] INFO  impl.FollowerState (FollowerState.java:run(143)) - 4172555c-9a12-4ec2-8c60-ee93d59dcb13@group-842A84C1BF42-FollowerState was interrupted: {}
java.lang.InterruptedException: sleep interrupted
	at java.lang.Thread.sleep(Native Method)
	at java.lang.Thread.sleep(Thread.java:340)
	at java.util.concurrent.TimeUnit.sleep(TimeUnit.java:386)
	at org.apache.ratis.util.TimeDuration.sleep(TimeDuration.java:324)
	at org.apache.ratis.util.TimeDuration.sleep(TimeDuration.java:309)
	at org.apache.ratis.server.impl.FollowerState.run(FollowerState.java:118)
2021-09-24 06:40:20,581 [10e78caa-6890-4c39-bf63-12a9f1ba3d57@group-842A84C1BF42-FollowerState] INFO  impl.FollowerState (FollowerState.java:run(134)) - 10e78caa-6890-4c39-bf63-12a9f1ba3d57@group-842A84C1BF42-FollowerState: change to CANDIDATE, lastRpcElapsedTime:5143424969ns, electionTimeout:5143ms
2021-09-24 06:40:20,582 [10e78caa-6890-4c39-bf63-12a9f1ba3d57@group-842A84C1BF42-FollowerState] INFO  impl.RoleInfo (RoleInfo.java:shutdownFollowerState(108)) - 10e78caa-6890-4c39-bf63-12a9f1ba3d57: shutdown 10e78caa-6890-4c39-bf63-12a9f1ba3d57@group-842A84C1BF42-FollowerState
2021-09-24 06:40:20,582 [10e78caa-6890-4c39-bf63-12a9f1ba3d57@group-842A84C1BF42-FollowerState] INFO  server.RaftServer$Division (RaftServerImpl.java:setRole(285)) - 10e78caa-6890-4c39-bf63-12a9f1ba3d57@group-842A84C1BF42: changes role from  FOLLOWER to CANDIDATE at term 7 for changeToCandidate
2021-09-24 06:40:20,582 [10e78caa-6890-4c39-bf63-12a9f1ba3d57@group-842A84C1BF42-FollowerState] INFO  server.RaftServerConfigKeys (ConfUtils.java:logGet(44)) - raft.server.leaderelection.pre-vote = false (custom)
2021-09-24 06:40:20,582 [10e78caa-6890-4c39-bf63-12a9f1ba3d57@group-842A84C1BF42-FollowerState] INFO  impl.RoleInfo (RoleInfo.java:updateAndGet(130)) - 10e78caa-6890-4c39-bf63-12a9f1ba3d57: start 10e78caa-6890-4c39-bf63-12a9f1ba3d57@group-842A84C1BF42-LeaderElection16
2021-09-24 06:40:20,584 [grpc-default-executor-1] INFO  server.RaftServer$Division (RaftServerImpl.java:requestVote(1075)) - 4172555c-9a12-4ec2-8c60-ee93d59dcb13@group-842A84C1BF42 replies to ELECTION vote request: bf16246d-6f74-4fdf-b7dd-1bcfc33fa8ab<-4172555c-9a12-4ec2-8c60-ee93d59dcb13#0:FAIL-t8. Peer's state: 4172555c-9a12-4ec2-8c60-ee93d59dcb13@group-842A84C1BF42:t8, leader=null, voted=null, raftlog=4172555c-9a12-4ec2-8c60-ee93d59dcb13@group-842A84C1BF42-SegmentedRaftLog:OPENED:c-1,f-1,i0, conf=-1: [bf16246d-6f74-4fdf-b7dd-1bcfc33fa8ab|rpc:10.1.0.9:38267|priority:0, 4172555c-9a12-4ec2-8c60-ee93d59dcb13|rpc:10.1.0.9:42897|priority:1, 10e78caa-6890-4c39-bf63-12a9f1ba3d57|rpc:10.1.0.9:38157|priority:0], old=null
2021-09-24 06:40:20,593 [bf16246d-6f74-4fdf-b7dd-1bcfc33fa8ab@group-842A84C1BF42-LeaderElection15] INFO  impl.LeaderElection (LeaderElection.java:logAndReturn(89)) - bf16246d-6f74-4fdf-b7dd-1bcfc33fa8ab@group-842A84C1BF42-LeaderElection15: ELECTION REJECTED received 1 response(s) and 0 exception(s):
2021-09-24 06:40:20,593 [bf16246d-6f74-4fdf-b7dd-1bcfc33fa8ab@group-842A84C1BF42-LeaderElection15] INFO  impl.LeaderElection (LeaderElection.java:logAndReturn(93)) -   Response 0: bf16246d-6f74-4fdf-b7dd-1bcfc33fa8ab<-4172555c-9a12-4ec2-8c60-ee93d59dcb13#0:FAIL-t8
2021-09-24 06:40:20,593 [bf16246d-6f74-4fdf-b7dd-1bcfc33fa8ab@group-842A84C1BF42-LeaderElection15] INFO  impl.LeaderElection (LeaderElection.java:askForVotes(308)) - bf16246d-6f74-4fdf-b7dd-1bcfc33fa8ab@group-842A84C1BF42-LeaderElection15 ELECTION round 0: result REJECTED
2021-09-24 06:40:20,593 [bf16246d-6f74-4fdf-b7dd-1bcfc33fa8ab@group-842A84C1BF42-LeaderElection15] INFO  server.RaftServer$Division (RaftServerImpl.java:setRole(285)) - bf16246d-6f74-4fdf-b7dd-1bcfc33fa8ab@group-842A84C1BF42: changes role from CANDIDATE to FOLLOWER at term 8 for REJECTED
2021-09-24 06:40:20,593 [bf16246d-6f74-4fdf-b7dd-1bcfc33fa8ab@group-842A84C1BF42-LeaderElection15] INFO  impl.RoleInfo (RoleInfo.java:shutdownLeaderElection(121)) - bf16246d-6f74-4fdf-b7dd-1bcfc33fa8ab: shutdown bf16246d-6f74-4fdf-b7dd-1bcfc33fa8ab@group-842A84C1BF42-LeaderElection15
2021-09-24 06:40:20,594 [bf16246d-6f74-4fdf-b7dd-1bcfc33fa8ab@group-842A84C1BF42-LeaderElection15] INFO  impl.RoleInfo (RoleInfo.java:updateAndGet(130)) - bf16246d-6f74-4fdf-b7dd-1bcfc33fa8ab: start bf16246d-6f74-4fdf-b7dd-1bcfc33fa8ab@group-842A84C1BF42-FollowerState
2021-09-24 06:40:20,599 [10e78caa-6890-4c39-bf63-12a9f1ba3d57@group-842A84C1BF42-LeaderElection16] INFO  impl.LeaderElection (LeaderElection.java:askForVotes(306)) - 10e78caa-6890-4c39-bf63-12a9f1ba3d57@group-842A84C1BF42-LeaderElection16 ELECTION round 0: submit vote requests at term 8 for -1: [bf16246d-6f74-4fdf-b7dd-1bcfc33fa8ab|rpc:10.1.0.9:38267|priority:0, 4172555c-9a12-4ec2-8c60-ee93d59dcb13|rpc:10.1.0.9:42897|priority:1, 10e78caa-6890-4c39-bf63-12a9f1ba3d57|rpc:10.1.0.9:38157|priority:0], old=null
2021-09-24 06:40:20,600 [grpc-default-executor-1] INFO  server.RaftServer$Division (RaftServerImpl.java:requestVote(1043)) - 10e78caa-6890-4c39-bf63-12a9f1ba3d57@group-842A84C1BF42: receive requestVote(ELECTION, bf16246d-6f74-4fdf-b7dd-1bcfc33fa8ab, group-842A84C1BF42, 8, (t:0, i:0))
2021-09-24 06:40:20,600 [grpc-default-executor-1] INFO  impl.VoteContext (VoteContext.java:log(48)) - 10e78caa-6890-4c39-bf63-12a9f1ba3d57@group-842A84C1BF42-CANDIDATE: reject ELECTION from bf16246d-6f74-4fdf-b7dd-1bcfc33fa8ab: already has voted for 10e78caa-6890-4c39-bf63-12a9f1ba3d57 at current term 8
2021-09-24 06:40:20,600 [grpc-default-executor-1] INFO  server.RaftServer$Division (RaftServerImpl.java:requestVote(1075)) - 10e78caa-6890-4c39-bf63-12a9f1ba3d57@group-842A84C1BF42 replies to ELECTION vote request: bf16246d-6f74-4fdf-b7dd-1bcfc33fa8ab<-10e78caa-6890-4c39-bf63-12a9f1ba3d57#0:FAIL-t8. Peer's state: 10e78caa-6890-4c39-bf63-12a9f1ba3d57@group-842A84C1BF42:t8, leader=null, voted=10e78caa-6890-4c39-bf63-12a9f1ba3d57, raftlog=10e78caa-6890-4c39-bf63-12a9f1ba3d57@group-842A84C1BF42-SegmentedRaftLog:OPENED:c-1,f-1,i0, conf=-1: [bf16246d-6f74-4fdf-b7dd-1bcfc33fa8ab|rpc:10.1.0.9:38267|priority:0, 4172555c-9a12-4ec2-8c60-ee93d59dcb13|rpc:10.1.0.9:42897|priority:1, 10e78caa-6890-4c39-bf63-12a9f1ba3d57|rpc:10.1.0.9:38157|priority:0], old=null
2021-09-24 06:40:20,619 [grpc-default-executor-1] INFO  server.RaftServer$Division (RaftServerImpl.java:requestVote(1043)) - bf16246d-6f74-4fdf-b7dd-1bcfc33fa8ab@group-842A84C1BF42: receive requestVote(ELECTION, 10e78caa-6890-4c39-bf63-12a9f1ba3d57, group-842A84C1BF42, 8, (t:0, i:0))
2021-09-24 06:40:20,619 [grpc-default-executor-1] INFO  impl.VoteContext (VoteContext.java:log(48)) - bf16246d-6f74-4fdf-b7dd-1bcfc33fa8ab@group-842A84C1BF42-FOLLOWER: reject ELECTION from 10e78caa-6890-4c39-bf63-12a9f1ba3d57: already has voted for bf16246d-6f74-4fdf-b7dd-1bcfc33fa8ab at current term 8
2021-09-24 06:40:20,619 [grpc-default-executor-1] INFO  server.RaftServer$Division (RaftServerImpl.java:requestVote(1075)) - bf16246d-6f74-4fdf-b7dd-1bcfc33fa8ab@group-842A84C1BF42 replies to ELECTION vote request: 10e78caa-6890-4c39-bf63-12a9f1ba3d57<-bf16246d-6f74-4fdf-b7dd-1bcfc33fa8ab#0:FAIL-t8. Peer's state: bf16246d-6f74-4fdf-b7dd-1bcfc33fa8ab@group-842A84C1BF42:t8, leader=null, voted=bf16246d-6f74-4fdf-b7dd-1bcfc33fa8ab, raftlog=bf16246d-6f74-4fdf-b7dd-1bcfc33fa8ab@group-842A84C1BF42-SegmentedRaftLog:OPENED:c-1,f-1,i0, conf=-1: [bf16246d-6f74-4fdf-b7dd-1bcfc33fa8ab|rpc:10.1.0.9:38267|priority:0, 4172555c-9a12-4ec2-8c60-ee93d59dcb13|rpc:10.1.0.9:42897|priority:1, 10e78caa-6890-4c39-bf63-12a9f1ba3d57|rpc:10.1.0.9:38157|priority:0], old=null
2021-09-24 06:40:20,621 [grpc-default-executor-2] INFO  server.RaftServer$Division (RaftServerImpl.java:requestVote(1043)) - 4172555c-9a12-4ec2-8c60-ee93d59dcb13@group-842A84C1BF42: receive requestVote(ELECTION, 10e78caa-6890-4c39-bf63-12a9f1ba3d57, group-842A84C1BF42, 8, (t:0, i:0))
2021-09-24 06:40:20,623 [grpc-default-executor-2] INFO  impl.VoteContext (VoteContext.java:log(48)) - 4172555c-9a12-4ec2-8c60-ee93d59dcb13@group-842A84C1BF42-FOLLOWER: reject ELECTION from 10e78caa-6890-4c39-bf63-12a9f1ba3d57: our priority 1 > candidate's priority 0
2021-09-24 06:40:20,623 [grpc-default-executor-2] INFO  server.RaftServer$Division (RaftServerImpl.java:setRole(285)) - 4172555c-9a12-4ec2-8c60-ee93d59dcb13@group-842A84C1BF42: changes role from  FOLLOWER to FOLLOWER at term 8 for candidate:10e78caa-6890-4c39-bf63-12a9f1ba3d57
2021-09-24 06:40:20,623 [grpc-default-executor-2] INFO  impl.RoleInfo (RoleInfo.java:shutdownFollowerState(108)) - 4172555c-9a12-4ec2-8c60-ee93d59dcb13: shutdown 4172555c-9a12-4ec2-8c60-ee93d59dcb13@group-842A84C1BF42-FollowerState
2021-09-24 06:40:20,623 [grpc-default-executor-2] INFO  impl.RoleInfo (RoleInfo.java:updateAndGet(130)) - 4172555c-9a12-4ec2-8c60-ee93d59dcb13: start 4172555c-9a12-4ec2-8c60-ee93d59dcb13@group-842A84C1BF42-FollowerState
2021-09-24 06:40:20,623 [4172555c-9a12-4ec2-8c60-ee93d59dcb13@group-842A84C1BF42-FollowerState] INFO  impl.FollowerState (FollowerState.java:run(143)) - 4172555c-9a12-4ec2-8c60-ee93d59dcb13@group-842A84C1BF42-FollowerState was interrupted: {}
java.lang.InterruptedException: sleep interrupted
	at java.lang.Thread.sleep(Native Method)
	at java.lang.Thread.sleep(Thread.java:340)
	at java.util.concurrent.TimeUnit.sleep(TimeUnit.java:386)
	at org.apache.ratis.util.TimeDuration.sleep(TimeDuration.java:324)
	at org.apache.ratis.util.TimeDuration.sleep(TimeDuration.java:309)
	at org.apache.ratis.server.impl.FollowerState.run(FollowerState.java:118)
2021-09-24 06:40:20,623 [grpc-default-executor-2] INFO  server.RaftServer$Division (RaftServerImpl.java:requestVote(1075)) - 4172555c-9a12-4ec2-8c60-ee93d59dcb13@group-842A84C1BF42 replies to ELECTION vote request: 10e78caa-6890-4c39-bf63-12a9f1ba3d57<-4172555c-9a12-4ec2-8c60-ee93d59dcb13#0:FAIL-t8. Peer's state: 4172555c-9a12-4ec2-8c60-ee93d59dcb13@group-842A84C1BF42:t8, leader=null, voted=null, raftlog=4172555c-9a12-4ec2-8c60-ee93d59dcb13@group-842A84C1BF42-SegmentedRaftLog:OPENED:c-1,f-1,i0, conf=-1: [bf16246d-6f74-4fdf-b7dd-1bcfc33fa8ab|rpc:10.1.0.9:38267|priority:0, 4172555c-9a12-4ec2-8c60-ee93d59dcb13|rpc:10.1.0.9:42897|priority:1, 10e78caa-6890-4c39-bf63-12a9f1ba3d57|rpc:10.1.0.9:38157|priority:0], old=null
2021-09-24 06:40:20,634 [10e78caa-6890-4c39-bf63-12a9f1ba3d57@group-842A84C1BF42-LeaderElection16] INFO  impl.LeaderElection (LeaderElection.java:logAndReturn(89)) - 10e78caa-6890-4c39-bf63-12a9f1ba3d57@group-842A84C1BF42-LeaderElection16: ELECTION REJECTED received 2 response(s) and 0 exception(s):
2021-09-24 06:40:20,634 [10e78caa-6890-4c39-bf63-12a9f1ba3d57@group-842A84C1BF42-LeaderElection16] INFO  impl.LeaderElection (LeaderElection.java:logAndReturn(93)) -   Response 0: 10e78caa-6890-4c39-bf63-12a9f1ba3d57<-bf16246d-6f74-4fdf-b7dd-1bcfc33fa8ab#0:FAIL-t8
2021-09-24 06:40:20,634 [10e78caa-6890-4c39-bf63-12a9f1ba3d57@group-842A84C1BF42-LeaderElection16] INFO  impl.LeaderElection (LeaderElection.java:logAndReturn(93)) -   Response 1: 10e78caa-6890-4c39-bf63-12a9f1ba3d57<-4172555c-9a12-4ec2-8c60-ee93d59dcb13#0:FAIL-t8
2021-09-24 06:40:20,634 [10e78caa-6890-4c39-bf63-12a9f1ba3d57@group-842A84C1BF42-LeaderElection16] INFO  impl.LeaderElection (LeaderElection.java:askForVotes(308)) - 10e78caa-6890-4c39-bf63-12a9f1ba3d57@group-842A84C1BF42-LeaderElection16 ELECTION round 0: result REJECTED
2021-09-24 06:40:20,634 [10e78caa-6890-4c39-bf63-12a9f1ba3d57@group-842A84C1BF42-LeaderElection16] INFO  server.RaftServer$Division (RaftServerImpl.java:setRole(285)) - 10e78caa-6890-4c39-bf63-12a9f1ba3d57@group-842A84C1BF42: changes role from CANDIDATE to FOLLOWER at term 8 for REJECTED
2021-09-24 06:40:20,634 [10e78caa-6890-4c39-bf63-12a9f1ba3d57@group-842A84C1BF42-LeaderElection16] INFO  impl.RoleInfo (RoleInfo.java:shutdownLeaderElection(121)) - 10e78caa-6890-4c39-bf63-12a9f1ba3d57: shutdown 10e78caa-6890-4c39-bf63-12a9f1ba3d57@group-842A84C1BF42-LeaderElection16
2021-09-24 06:40:20,634 [10e78caa-6890-4c39-bf63-12a9f1ba3d57@group-842A84C1BF42-LeaderElection16] INFO  impl.RoleInfo (RoleInfo.java:updateAndGet(130)) - 10e78caa-6890-4c39-bf63-12a9f1ba3d57: start 10e78caa-6890-4c39-bf63-12a9f1ba3d57@group-842A84C1BF42-FollowerState
2021-09-24 06:40:21,159 [Listener at 127.0.0.1/44161] INFO  ozone.MiniOzoneClusterImpl (MiniOzoneClusterImpl.java:lambda$waitForClusterToBeReady$0(235)) - Nodes are ready. Got 3 of 3 DN Heartbeats.
2021-09-24 06:40:21,160 [Listener at 127.0.0.1/44161] INFO  ozone.MiniOzoneClusterImpl (MiniOzoneClusterImpl.java:lambda$waitForClusterToBeReady$0(238)) - Waiting for cluster to exit safe mode
2021-09-24 06:40:21,160 [Listener at 127.0.0.1/44161] INFO  ozone.MiniOzoneClusterImpl (MiniOzoneClusterImpl.java:lambda$waitForClusterToBeReady$0(240)) - SCM became leader
2021-09-24 06:40:22,161 [Listener at 127.0.0.1/44161] INFO  ozone.MiniOzoneClusterImpl (MiniOzoneClusterImpl.java:lambda$waitForClusterToBeReady$0(235)) - Nodes are ready. Got 3 of 3 DN Heartbeats.
2021-09-24 06:40:22,161 [Listener at 127.0.0.1/44161] INFO  ozone.MiniOzoneClusterImpl (MiniOzoneClusterImpl.java:lambda$waitForClusterToBeReady$0(238)) - Waiting for cluster to exit safe mode
2021-09-24 06:40:22,161 [Listener at 127.0.0.1/44161] INFO  ozone.MiniOzoneClusterImpl (MiniOzoneClusterImpl.java:lambda$waitForClusterToBeReady$0(240)) - SCM became leader
2021-09-24 06:40:23,161 [Listener at 127.0.0.1/44161] INFO  ozone.MiniOzoneClusterImpl (MiniOzoneClusterImpl.java:lambda$waitForClusterToBeReady$0(235)) - Nodes are ready. Got 3 of 3 DN Heartbeats.
2021-09-24 06:40:23,161 [Listener at 127.0.0.1/44161] INFO  ozone.MiniOzoneClusterImpl (MiniOzoneClusterImpl.java:lambda$waitForClusterToBeReady$0(238)) - Waiting for cluster to exit safe mode
2021-09-24 06:40:23,161 [Listener at 127.0.0.1/44161] INFO  ozone.MiniOzoneClusterImpl (MiniOzoneClusterImpl.java:lambda$waitForClusterToBeReady$0(240)) - SCM became leader
2021-09-24 06:40:24,162 [Listener at 127.0.0.1/44161] INFO  ozone.MiniOzoneClusterImpl (MiniOzoneClusterImpl.java:lambda$waitForClusterToBeReady$0(235)) - Nodes are ready. Got 3 of 3 DN Heartbeats.
2021-09-24 06:40:24,162 [Listener at 127.0.0.1/44161] INFO  ozone.MiniOzoneClusterImpl (MiniOzoneClusterImpl.java:lambda$waitForClusterToBeReady$0(238)) - Waiting for cluster to exit safe mode
2021-09-24 06:40:24,162 [Listener at 127.0.0.1/44161] INFO  ozone.MiniOzoneClusterImpl (MiniOzoneClusterImpl.java:lambda$waitForClusterToBeReady$0(240)) - SCM became leader
2021-09-24 06:40:25,162 [Listener at 127.0.0.1/44161] INFO  ozone.MiniOzoneClusterImpl (MiniOzoneClusterImpl.java:lambda$waitForClusterToBeReady$0(235)) - Nodes are ready. Got 3 of 3 DN Heartbeats.
2021-09-24 06:40:25,162 [Listener at 127.0.0.1/44161] INFO  ozone.MiniOzoneClusterImpl (MiniOzoneClusterImpl.java:lambda$waitForClusterToBeReady$0(238)) - Waiting for cluster to exit safe mode
2021-09-24 06:40:25,163 [Listener at 127.0.0.1/44161] INFO  ozone.MiniOzoneClusterImpl (MiniOzoneClusterImpl.java:lambda$waitForClusterToBeReady$0(240)) - SCM became leader
2021-09-24 06:40:25,621 [bf16246d-6f74-4fdf-b7dd-1bcfc33fa8ab@group-842A84C1BF42-FollowerState] INFO  impl.FollowerState (FollowerState.java:run(134)) - bf16246d-6f74-4fdf-b7dd-1bcfc33fa8ab@group-842A84C1BF42-FollowerState: change to CANDIDATE, lastRpcElapsedTime:5027247094ns, electionTimeout:5020ms
2021-09-24 06:40:25,621 [bf16246d-6f74-4fdf-b7dd-1bcfc33fa8ab@group-842A84C1BF42-FollowerState] INFO  impl.RoleInfo (RoleInfo.java:shutdownFollowerState(108)) - bf16246d-6f74-4fdf-b7dd-1bcfc33fa8ab: shutdown bf16246d-6f74-4fdf-b7dd-1bcfc33fa8ab@group-842A84C1BF42-FollowerState
2021-09-24 06:40:25,621 [bf16246d-6f74-4fdf-b7dd-1bcfc33fa8ab@group-842A84C1BF42-FollowerState] INFO  server.RaftServer$Division (RaftServerImpl.java:setRole(285)) - bf16246d-6f74-4fdf-b7dd-1bcfc33fa8ab@group-842A84C1BF42: changes role from  FOLLOWER to CANDIDATE at term 8 for changeToCandidate
2021-09-24 06:40:25,621 [bf16246d-6f74-4fdf-b7dd-1bcfc33fa8ab@group-842A84C1BF42-FollowerState] INFO  server.RaftServerConfigKeys (ConfUtils.java:logGet(44)) - raft.server.leaderelection.pre-vote = false (custom)
2021-09-24 06:40:25,621 [bf16246d-6f74-4fdf-b7dd-1bcfc33fa8ab@group-842A84C1BF42-FollowerState] INFO  impl.RoleInfo (RoleInfo.java:updateAndGet(130)) - bf16246d-6f74-4fdf-b7dd-1bcfc33fa8ab: start bf16246d-6f74-4fdf-b7dd-1bcfc33fa8ab@group-842A84C1BF42-LeaderElection17
2021-09-24 06:40:25,630 [bf16246d-6f74-4fdf-b7dd-1bcfc33fa8ab@group-842A84C1BF42-LeaderElection17] INFO  impl.LeaderElection (LeaderElection.java:askForVotes(306)) - bf16246d-6f74-4fdf-b7dd-1bcfc33fa8ab@group-842A84C1BF42-LeaderElection17 ELECTION round 0: submit vote requests at term 9 for -1: [bf16246d-6f74-4fdf-b7dd-1bcfc33fa8ab|rpc:10.1.0.9:38267|priority:0, 4172555c-9a12-4ec2-8c60-ee93d59dcb13|rpc:10.1.0.9:42897|priority:1, 10e78caa-6890-4c39-bf63-12a9f1ba3d57|rpc:10.1.0.9:38157|priority:0], old=null
2021-09-24 06:40:25,639 [grpc-default-executor-2] INFO  server.RaftServer$Division (RaftServerImpl.java:requestVote(1043)) - 4172555c-9a12-4ec2-8c60-ee93d59dcb13@group-842A84C1BF42: receive requestVote(ELECTION, bf16246d-6f74-4fdf-b7dd-1bcfc33fa8ab, group-842A84C1BF42, 9, (t:0, i:0))
2021-09-24 06:40:25,639 [grpc-default-executor-2] INFO  impl.VoteContext (VoteContext.java:log(48)) - 4172555c-9a12-4ec2-8c60-ee93d59dcb13@group-842A84C1BF42-FOLLOWER: reject ELECTION from bf16246d-6f74-4fdf-b7dd-1bcfc33fa8ab: our priority 1 > candidate's priority 0
2021-09-24 06:40:25,639 [grpc-default-executor-2] INFO  server.RaftServer$Division (RaftServerImpl.java:setRole(285)) - 4172555c-9a12-4ec2-8c60-ee93d59dcb13@group-842A84C1BF42: changes role from  FOLLOWER to FOLLOWER at term 9 for candidate:bf16246d-6f74-4fdf-b7dd-1bcfc33fa8ab
2021-09-24 06:40:25,639 [grpc-default-executor-2] INFO  impl.RoleInfo (RoleInfo.java:shutdownFollowerState(108)) - 4172555c-9a12-4ec2-8c60-ee93d59dcb13: shutdown 4172555c-9a12-4ec2-8c60-ee93d59dcb13@group-842A84C1BF42-FollowerState
2021-09-24 06:40:25,639 [grpc-default-executor-2] INFO  impl.RoleInfo (RoleInfo.java:updateAndGet(130)) - 4172555c-9a12-4ec2-8c60-ee93d59dcb13: start 4172555c-9a12-4ec2-8c60-ee93d59dcb13@group-842A84C1BF42-FollowerState
2021-09-24 06:40:25,639 [4172555c-9a12-4ec2-8c60-ee93d59dcb13@group-842A84C1BF42-FollowerState] INFO  impl.FollowerState (FollowerState.java:run(143)) - 4172555c-9a12-4ec2-8c60-ee93d59dcb13@group-842A84C1BF42-FollowerState was interrupted: {}
java.lang.InterruptedException: sleep interrupted
	at java.lang.Thread.sleep(Native Method)
	at java.lang.Thread.sleep(Thread.java:340)
	at java.util.concurrent.TimeUnit.sleep(TimeUnit.java:386)
	at org.apache.ratis.util.TimeDuration.sleep(TimeDuration.java:324)
	at org.apache.ratis.util.TimeDuration.sleep(TimeDuration.java:309)
	at org.apache.ratis.server.impl.FollowerState.run(FollowerState.java:118)
2021-09-24 06:40:25,651 [grpc-default-executor-2] INFO  server.RaftServer$Division (RaftServerImpl.java:requestVote(1075)) - 4172555c-9a12-4ec2-8c60-ee93d59dcb13@group-842A84C1BF42 replies to ELECTION vote request: bf16246d-6f74-4fdf-b7dd-1bcfc33fa8ab<-4172555c-9a12-4ec2-8c60-ee93d59dcb13#0:FAIL-t9. Peer's state: 4172555c-9a12-4ec2-8c60-ee93d59dcb13@group-842A84C1BF42:t9, leader=null, voted=null, raftlog=4172555c-9a12-4ec2-8c60-ee93d59dcb13@group-842A84C1BF42-SegmentedRaftLog:OPENED:c-1,f-1,i0, conf=-1: [bf16246d-6f74-4fdf-b7dd-1bcfc33fa8ab|rpc:10.1.0.9:38267|priority:0, 4172555c-9a12-4ec2-8c60-ee93d59dcb13|rpc:10.1.0.9:42897|priority:1, 10e78caa-6890-4c39-bf63-12a9f1ba3d57|rpc:10.1.0.9:38157|priority:0], old=null
2021-09-24 06:40:25,652 [grpc-default-executor-1] INFO  server.RaftServer$Division (RaftServerImpl.java:requestVote(1043)) - 10e78caa-6890-4c39-bf63-12a9f1ba3d57@group-842A84C1BF42: receive requestVote(ELECTION, bf16246d-6f74-4fdf-b7dd-1bcfc33fa8ab, group-842A84C1BF42, 9, (t:0, i:0))
2021-09-24 06:40:25,652 [grpc-default-executor-1] INFO  impl.VoteContext (VoteContext.java:log(48)) - 10e78caa-6890-4c39-bf63-12a9f1ba3d57@group-842A84C1BF42-FOLLOWER: accept ELECTION from bf16246d-6f74-4fdf-b7dd-1bcfc33fa8ab: our priority 0 <= candidate's priority 0
2021-09-24 06:40:25,652 [grpc-default-executor-1] INFO  server.RaftServer$Division (RaftServerImpl.java:setRole(285)) - 10e78caa-6890-4c39-bf63-12a9f1ba3d57@group-842A84C1BF42: changes role from  FOLLOWER to FOLLOWER at term 9 for candidate:bf16246d-6f74-4fdf-b7dd-1bcfc33fa8ab
2021-09-24 06:40:25,652 [grpc-default-executor-1] INFO  impl.RoleInfo (RoleInfo.java:shutdownFollowerState(108)) - 10e78caa-6890-4c39-bf63-12a9f1ba3d57: shutdown 10e78caa-6890-4c39-bf63-12a9f1ba3d57@group-842A84C1BF42-FollowerState
2021-09-24 06:40:25,652 [grpc-default-executor-1] INFO  impl.RoleInfo (RoleInfo.java:updateAndGet(130)) - 10e78caa-6890-4c39-bf63-12a9f1ba3d57: start 10e78caa-6890-4c39-bf63-12a9f1ba3d57@group-842A84C1BF42-FollowerState
2021-09-24 06:40:25,652 [10e78caa-6890-4c39-bf63-12a9f1ba3d57@group-842A84C1BF42-FollowerState] INFO  impl.FollowerState (FollowerState.java:run(143)) - 10e78caa-6890-4c39-bf63-12a9f1ba3d57@group-842A84C1BF42-FollowerState was interrupted: {}
java.lang.InterruptedException: sleep interrupted
	at java.lang.Thread.sleep(Native Method)
	at java.lang.Thread.sleep(Thread.java:340)
	at java.util.concurrent.TimeUnit.sleep(TimeUnit.java:386)
	at org.apache.ratis.util.TimeDuration.sleep(TimeDuration.java:324)
	at org.apache.ratis.util.TimeDuration.sleep(TimeDuration.java:309)
	at org.apache.ratis.server.impl.FollowerState.run(FollowerState.java:118)
2021-09-24 06:40:25,659 [bf16246d-6f74-4fdf-b7dd-1bcfc33fa8ab@group-842A84C1BF42-LeaderElection17] INFO  impl.LeaderElection (LeaderElection.java:logAndReturn(89)) - bf16246d-6f74-4fdf-b7dd-1bcfc33fa8ab@group-842A84C1BF42-LeaderElection17: ELECTION REJECTED received 1 response(s) and 0 exception(s):
2021-09-24 06:40:25,659 [bf16246d-6f74-4fdf-b7dd-1bcfc33fa8ab@group-842A84C1BF42-LeaderElection17] INFO  impl.LeaderElection (LeaderElection.java:logAndReturn(93)) -   Response 0: bf16246d-6f74-4fdf-b7dd-1bcfc33fa8ab<-4172555c-9a12-4ec2-8c60-ee93d59dcb13#0:FAIL-t9
2021-09-24 06:40:25,659 [bf16246d-6f74-4fdf-b7dd-1bcfc33fa8ab@group-842A84C1BF42-LeaderElection17] INFO  impl.LeaderElection (LeaderElection.java:askForVotes(308)) - bf16246d-6f74-4fdf-b7dd-1bcfc33fa8ab@group-842A84C1BF42-LeaderElection17 ELECTION round 0: result REJECTED
2021-09-24 06:40:25,659 [grpc-default-executor-1] INFO  server.RaftServer$Division (RaftServerImpl.java:requestVote(1075)) - 10e78caa-6890-4c39-bf63-12a9f1ba3d57@group-842A84C1BF42 replies to ELECTION vote request: bf16246d-6f74-4fdf-b7dd-1bcfc33fa8ab<-10e78caa-6890-4c39-bf63-12a9f1ba3d57#0:OK-t9. Peer's state: 10e78caa-6890-4c39-bf63-12a9f1ba3d57@group-842A84C1BF42:t9, leader=null, voted=bf16246d-6f74-4fdf-b7dd-1bcfc33fa8ab, raftlog=10e78caa-6890-4c39-bf63-12a9f1ba3d57@group-842A84C1BF42-SegmentedRaftLog:OPENED:c-1,f-1,i0, conf=-1: [bf16246d-6f74-4fdf-b7dd-1bcfc33fa8ab|rpc:10.1.0.9:38267|priority:0, 4172555c-9a12-4ec2-8c60-ee93d59dcb13|rpc:10.1.0.9:42897|priority:1, 10e78caa-6890-4c39-bf63-12a9f1ba3d57|rpc:10.1.0.9:38157|priority:0], old=null
2021-09-24 06:40:25,659 [bf16246d-6f74-4fdf-b7dd-1bcfc33fa8ab@group-842A84C1BF42-LeaderElection17] INFO  server.RaftServer$Division (RaftServerImpl.java:setRole(285)) - bf16246d-6f74-4fdf-b7dd-1bcfc33fa8ab@group-842A84C1BF42: changes role from CANDIDATE to FOLLOWER at term 9 for REJECTED
2021-09-24 06:40:25,659 [bf16246d-6f74-4fdf-b7dd-1bcfc33fa8ab@group-842A84C1BF42-LeaderElection17] INFO  impl.RoleInfo (RoleInfo.java:shutdownLeaderElection(121)) - bf16246d-6f74-4fdf-b7dd-1bcfc33fa8ab: shutdown bf16246d-6f74-4fdf-b7dd-1bcfc33fa8ab@group-842A84C1BF42-LeaderElection17
2021-09-24 06:40:25,659 [bf16246d-6f74-4fdf-b7dd-1bcfc33fa8ab@group-842A84C1BF42-LeaderElection17] INFO  impl.RoleInfo (RoleInfo.java:updateAndGet(130)) - bf16246d-6f74-4fdf-b7dd-1bcfc33fa8ab: start bf16246d-6f74-4fdf-b7dd-1bcfc33fa8ab@group-842A84C1BF42-FollowerState
2021-09-24 06:40:26,163 [Listener at 127.0.0.1/44161] INFO  ozone.MiniOzoneClusterImpl (MiniOzoneClusterImpl.java:lambda$waitForClusterToBeReady$0(235)) - Nodes are ready. Got 3 of 3 DN Heartbeats.
2021-09-24 06:40:26,164 [Listener at 127.0.0.1/44161] INFO  ozone.MiniOzoneClusterImpl (MiniOzoneClusterImpl.java:lambda$waitForClusterToBeReady$0(238)) - Waiting for cluster to exit safe mode
2021-09-24 06:40:26,164 [Listener at 127.0.0.1/44161] INFO  ozone.MiniOzoneClusterImpl (MiniOzoneClusterImpl.java:lambda$waitForClusterToBeReady$0(240)) - SCM became leader
2021-09-24 06:40:27,164 [Listener at 127.0.0.1/44161] INFO  ozone.MiniOzoneClusterImpl (MiniOzoneClusterImpl.java:lambda$waitForClusterToBeReady$0(235)) - Nodes are ready. Got 3 of 3 DN Heartbeats.
2021-09-24 06:40:27,165 [Listener at 127.0.0.1/44161] INFO  ozone.MiniOzoneClusterImpl (MiniOzoneClusterImpl.java:lambda$waitForClusterToBeReady$0(238)) - Waiting for cluster to exit safe mode
2021-09-24 06:40:27,165 [Listener at 127.0.0.1/44161] INFO  ozone.MiniOzoneClusterImpl (MiniOzoneClusterImpl.java:lambda$waitForClusterToBeReady$0(240)) - SCM became leader
2021-09-24 06:40:28,165 [Listener at 127.0.0.1/44161] INFO  ozone.MiniOzoneClusterImpl (MiniOzoneClusterImpl.java:lambda$waitForClusterToBeReady$0(235)) - Nodes are ready. Got 3 of 3 DN Heartbeats.
2021-09-24 06:40:28,165 [Listener at 127.0.0.1/44161] INFO  ozone.MiniOzoneClusterImpl (MiniOzoneClusterImpl.java:lambda$waitForClusterToBeReady$0(238)) - Waiting for cluster to exit safe mode
2021-09-24 06:40:28,165 [Listener at 127.0.0.1/44161] INFO  ozone.MiniOzoneClusterImpl (MiniOzoneClusterImpl.java:lambda$waitForClusterToBeReady$0(240)) - SCM became leader
2021-09-24 06:40:29,166 [Listener at 127.0.0.1/44161] INFO  ozone.MiniOzoneClusterImpl (MiniOzoneClusterImpl.java:lambda$waitForClusterToBeReady$0(235)) - Nodes are ready. Got 3 of 3 DN Heartbeats.
2021-09-24 06:40:29,166 [Listener at 127.0.0.1/44161] INFO  ozone.MiniOzoneClusterImpl (MiniOzoneClusterImpl.java:lambda$waitForClusterToBeReady$0(238)) - Waiting for cluster to exit safe mode
2021-09-24 06:40:29,166 [Listener at 127.0.0.1/44161] INFO  ozone.MiniOzoneClusterImpl (MiniOzoneClusterImpl.java:lambda$waitForClusterToBeReady$0(240)) - SCM became leader
2021-09-24 06:40:30,167 [Listener at 127.0.0.1/44161] INFO  ozone.MiniOzoneClusterImpl (MiniOzoneClusterImpl.java:lambda$waitForClusterToBeReady$0(235)) - Nodes are ready. Got 3 of 3 DN Heartbeats.
2021-09-24 06:40:30,167 [Listener at 127.0.0.1/44161] INFO  ozone.MiniOzoneClusterImpl (MiniOzoneClusterImpl.java:lambda$waitForClusterToBeReady$0(238)) - Waiting for cluster to exit safe mode
2021-09-24 06:40:30,167 [Listener at 127.0.0.1/44161] INFO  ozone.MiniOzoneClusterImpl (MiniOzoneClusterImpl.java:lambda$waitForClusterToBeReady$0(240)) - SCM became leader
2021-09-24 06:40:30,771 [bf16246d-6f74-4fdf-b7dd-1bcfc33fa8ab@group-842A84C1BF42-FollowerState] INFO  impl.FollowerState (FollowerState.java:run(134)) - bf16246d-6f74-4fdf-b7dd-1bcfc33fa8ab@group-842A84C1BF42-FollowerState: change to CANDIDATE, lastRpcElapsedTime:5111425600ns, electionTimeout:5106ms
2021-09-24 06:40:30,771 [bf16246d-6f74-4fdf-b7dd-1bcfc33fa8ab@group-842A84C1BF42-FollowerState] INFO  impl.RoleInfo (RoleInfo.java:shutdownFollowerState(108)) - bf16246d-6f74-4fdf-b7dd-1bcfc33fa8ab: shutdown bf16246d-6f74-4fdf-b7dd-1bcfc33fa8ab@group-842A84C1BF42-FollowerState
2021-09-24 06:40:30,771 [bf16246d-6f74-4fdf-b7dd-1bcfc33fa8ab@group-842A84C1BF42-FollowerState] INFO  server.RaftServer$Division (RaftServerImpl.java:setRole(285)) - bf16246d-6f74-4fdf-b7dd-1bcfc33fa8ab@group-842A84C1BF42: changes role from  FOLLOWER to CANDIDATE at term 9 for changeToCandidate
2021-09-24 06:40:30,771 [bf16246d-6f74-4fdf-b7dd-1bcfc33fa8ab@group-842A84C1BF42-FollowerState] INFO  server.RaftServerConfigKeys (ConfUtils.java:logGet(44)) - raft.server.leaderelection.pre-vote = false (custom)
2021-09-24 06:40:30,771 [bf16246d-6f74-4fdf-b7dd-1bcfc33fa8ab@group-842A84C1BF42-FollowerState] INFO  impl.RoleInfo (RoleInfo.java:updateAndGet(130)) - bf16246d-6f74-4fdf-b7dd-1bcfc33fa8ab: start bf16246d-6f74-4fdf-b7dd-1bcfc33fa8ab@group-842A84C1BF42-LeaderElection18
2021-09-24 06:40:30,780 [bf16246d-6f74-4fdf-b7dd-1bcfc33fa8ab@group-842A84C1BF42-LeaderElection18] INFO  impl.LeaderElection (LeaderElection.java:askForVotes(306)) - bf16246d-6f74-4fdf-b7dd-1bcfc33fa8ab@group-842A84C1BF42-LeaderElection18 ELECTION round 0: submit vote requests at term 10 for -1: [bf16246d-6f74-4fdf-b7dd-1bcfc33fa8ab|rpc:10.1.0.9:38267|priority:0, 4172555c-9a12-4ec2-8c60-ee93d59dcb13|rpc:10.1.0.9:42897|priority:1, 10e78caa-6890-4c39-bf63-12a9f1ba3d57|rpc:10.1.0.9:38157|priority:0], old=null
2021-09-24 06:40:30,784 [grpc-default-executor-1] INFO  server.RaftServer$Division (RaftServerImpl.java:requestVote(1043)) - 4172555c-9a12-4ec2-8c60-ee93d59dcb13@group-842A84C1BF42: receive requestVote(ELECTION, bf16246d-6f74-4fdf-b7dd-1bcfc33fa8ab, group-842A84C1BF42, 10, (t:0, i:0))
2021-09-24 06:40:30,784 [grpc-default-executor-1] INFO  impl.VoteContext (VoteContext.java:log(48)) - 4172555c-9a12-4ec2-8c60-ee93d59dcb13@group-842A84C1BF42-FOLLOWER: reject ELECTION from bf16246d-6f74-4fdf-b7dd-1bcfc33fa8ab: our priority 1 > candidate's priority 0
2021-09-24 06:40:30,784 [grpc-default-executor-1] INFO  server.RaftServer$Division (RaftServerImpl.java:setRole(285)) - 4172555c-9a12-4ec2-8c60-ee93d59dcb13@group-842A84C1BF42: changes role from  FOLLOWER to FOLLOWER at term 10 for candidate:bf16246d-6f74-4fdf-b7dd-1bcfc33fa8ab
2021-09-24 06:40:30,784 [grpc-default-executor-1] INFO  impl.RoleInfo (RoleInfo.java:shutdownFollowerState(108)) - 4172555c-9a12-4ec2-8c60-ee93d59dcb13: shutdown 4172555c-9a12-4ec2-8c60-ee93d59dcb13@group-842A84C1BF42-FollowerState
2021-09-24 06:40:30,784 [grpc-default-executor-1] INFO  impl.RoleInfo (RoleInfo.java:updateAndGet(130)) - 4172555c-9a12-4ec2-8c60-ee93d59dcb13: start 4172555c-9a12-4ec2-8c60-ee93d59dcb13@group-842A84C1BF42-FollowerState
2021-09-24 06:40:30,785 [4172555c-9a12-4ec2-8c60-ee93d59dcb13@group-842A84C1BF42-FollowerState] INFO  impl.FollowerState (FollowerState.java:run(143)) - 4172555c-9a12-4ec2-8c60-ee93d59dcb13@group-842A84C1BF42-FollowerState was interrupted: {}
java.lang.InterruptedException: sleep interrupted
	at java.lang.Thread.sleep(Native Method)
	at java.lang.Thread.sleep(Thread.java:340)
	at java.util.concurrent.TimeUnit.sleep(TimeUnit.java:386)
	at org.apache.ratis.util.TimeDuration.sleep(TimeDuration.java:324)
	at org.apache.ratis.util.TimeDuration.sleep(TimeDuration.java:309)
	at org.apache.ratis.server.impl.FollowerState.run(FollowerState.java:118)
2021-09-24 06:40:30,791 [grpc-default-executor-2] INFO  server.RaftServer$Division (RaftServerImpl.java:requestVote(1043)) - 10e78caa-6890-4c39-bf63-12a9f1ba3d57@group-842A84C1BF42: receive requestVote(ELECTION, bf16246d-6f74-4fdf-b7dd-1bcfc33fa8ab, group-842A84C1BF42, 10, (t:0, i:0))
2021-09-24 06:40:30,791 [grpc-default-executor-2] INFO  impl.VoteContext (VoteContext.java:log(48)) - 10e78caa-6890-4c39-bf63-12a9f1ba3d57@group-842A84C1BF42-FOLLOWER: accept ELECTION from bf16246d-6f74-4fdf-b7dd-1bcfc33fa8ab: our priority 0 <= candidate's priority 0
2021-09-24 06:40:30,791 [grpc-default-executor-2] INFO  server.RaftServer$Division (RaftServerImpl.java:setRole(285)) - 10e78caa-6890-4c39-bf63-12a9f1ba3d57@group-842A84C1BF42: changes role from  FOLLOWER to FOLLOWER at term 10 for candidate:bf16246d-6f74-4fdf-b7dd-1bcfc33fa8ab
2021-09-24 06:40:30,791 [grpc-default-executor-2] INFO  impl.RoleInfo (RoleInfo.java:shutdownFollowerState(108)) - 10e78caa-6890-4c39-bf63-12a9f1ba3d57: shutdown 10e78caa-6890-4c39-bf63-12a9f1ba3d57@group-842A84C1BF42-FollowerState
2021-09-24 06:40:30,791 [grpc-default-executor-2] INFO  impl.RoleInfo (RoleInfo.java:updateAndGet(130)) - 10e78caa-6890-4c39-bf63-12a9f1ba3d57: start 10e78caa-6890-4c39-bf63-12a9f1ba3d57@group-842A84C1BF42-FollowerState
2021-09-24 06:40:30,791 [10e78caa-6890-4c39-bf63-12a9f1ba3d57@group-842A84C1BF42-FollowerState] INFO  impl.FollowerState (FollowerState.java:run(143)) - 10e78caa-6890-4c39-bf63-12a9f1ba3d57@group-842A84C1BF42-FollowerState was interrupted: {}
java.lang.InterruptedException: sleep interrupted
	at java.lang.Thread.sleep(Native Method)
	at java.lang.Thread.sleep(Thread.java:340)
	at java.util.concurrent.TimeUnit.sleep(TimeUnit.java:386)
	at org.apache.ratis.util.TimeDuration.sleep(TimeDuration.java:324)
	at org.apache.ratis.util.TimeDuration.sleep(TimeDuration.java:309)
	at org.apache.ratis.server.impl.FollowerState.run(FollowerState.java:118)
2021-09-24 06:40:30,792 [grpc-default-executor-1] INFO  server.RaftServer$Division (RaftServerImpl.java:requestVote(1075)) - 4172555c-9a12-4ec2-8c60-ee93d59dcb13@group-842A84C1BF42 replies to ELECTION vote request: bf16246d-6f74-4fdf-b7dd-1bcfc33fa8ab<-4172555c-9a12-4ec2-8c60-ee93d59dcb13#0:FAIL-t10. Peer's state: 4172555c-9a12-4ec2-8c60-ee93d59dcb13@group-842A84C1BF42:t10, leader=null, voted=null, raftlog=4172555c-9a12-4ec2-8c60-ee93d59dcb13@group-842A84C1BF42-SegmentedRaftLog:OPENED:c-1,f-1,i0, conf=-1: [bf16246d-6f74-4fdf-b7dd-1bcfc33fa8ab|rpc:10.1.0.9:38267|priority:0, 4172555c-9a12-4ec2-8c60-ee93d59dcb13|rpc:10.1.0.9:42897|priority:1, 10e78caa-6890-4c39-bf63-12a9f1ba3d57|rpc:10.1.0.9:38157|priority:0], old=null
2021-09-24 06:40:30,796 [bf16246d-6f74-4fdf-b7dd-1bcfc33fa8ab@group-842A84C1BF42-LeaderElection18] INFO  impl.LeaderElection (LeaderElection.java:logAndReturn(89)) - bf16246d-6f74-4fdf-b7dd-1bcfc33fa8ab@group-842A84C1BF42-LeaderElection18: ELECTION REJECTED received 1 response(s) and 0 exception(s):
2021-09-24 06:40:30,796 [bf16246d-6f74-4fdf-b7dd-1bcfc33fa8ab@group-842A84C1BF42-LeaderElection18] INFO  impl.LeaderElection (LeaderElection.java:logAndReturn(93)) -   Response 0: bf16246d-6f74-4fdf-b7dd-1bcfc33fa8ab<-4172555c-9a12-4ec2-8c60-ee93d59dcb13#0:FAIL-t10
2021-09-24 06:40:30,796 [bf16246d-6f74-4fdf-b7dd-1bcfc33fa8ab@group-842A84C1BF42-LeaderElection18] INFO  impl.LeaderElection (LeaderElection.java:askForVotes(308)) - bf16246d-6f74-4fdf-b7dd-1bcfc33fa8ab@group-842A84C1BF42-LeaderElection18 ELECTION round 0: result REJECTED
2021-09-24 06:40:30,796 [bf16246d-6f74-4fdf-b7dd-1bcfc33fa8ab@group-842A84C1BF42-LeaderElection18] INFO  server.RaftServer$Division (RaftServerImpl.java:setRole(285)) - bf16246d-6f74-4fdf-b7dd-1bcfc33fa8ab@group-842A84C1BF42: changes role from CANDIDATE to FOLLOWER at term 10 for REJECTED
2021-09-24 06:40:30,796 [bf16246d-6f74-4fdf-b7dd-1bcfc33fa8ab@group-842A84C1BF42-LeaderElection18] INFO  impl.RoleInfo (RoleInfo.java:shutdownLeaderElection(121)) - bf16246d-6f74-4fdf-b7dd-1bcfc33fa8ab: shutdown bf16246d-6f74-4fdf-b7dd-1bcfc33fa8ab@group-842A84C1BF42-LeaderElection18
2021-09-24 06:40:30,797 [bf16246d-6f74-4fdf-b7dd-1bcfc33fa8ab@group-842A84C1BF42-LeaderElection18] INFO  impl.RoleInfo (RoleInfo.java:updateAndGet(130)) - bf16246d-6f74-4fdf-b7dd-1bcfc33fa8ab: start bf16246d-6f74-4fdf-b7dd-1bcfc33fa8ab@group-842A84C1BF42-FollowerState
2021-09-24 06:40:30,797 [grpc-default-executor-2] INFO  server.RaftServer$Division (RaftServerImpl.java:requestVote(1075)) - 10e78caa-6890-4c39-bf63-12a9f1ba3d57@group-842A84C1BF42 replies to ELECTION vote request: bf16246d-6f74-4fdf-b7dd-1bcfc33fa8ab<-10e78caa-6890-4c39-bf63-12a9f1ba3d57#0:OK-t10. Peer's state: 10e78caa-6890-4c39-bf63-12a9f1ba3d57@group-842A84C1BF42:t10, leader=null, voted=bf16246d-6f74-4fdf-b7dd-1bcfc33fa8ab, raftlog=10e78caa-6890-4c39-bf63-12a9f1ba3d57@group-842A84C1BF42-SegmentedRaftLog:OPENED:c-1,f-1,i0, conf=-1: [bf16246d-6f74-4fdf-b7dd-1bcfc33fa8ab|rpc:10.1.0.9:38267|priority:0, 4172555c-9a12-4ec2-8c60-ee93d59dcb13|rpc:10.1.0.9:42897|priority:1, 10e78caa-6890-4c39-bf63-12a9f1ba3d57|rpc:10.1.0.9:38157|priority:0], old=null
2021-09-24 06:40:31,167 [Listener at 127.0.0.1/44161] INFO  ozone.MiniOzoneClusterImpl (MiniOzoneClusterImpl.java:lambda$waitForClusterToBeReady$0(235)) - Nodes are ready. Got 3 of 3 DN Heartbeats.
2021-09-24 06:40:31,168 [Listener at 127.0.0.1/44161] INFO  ozone.MiniOzoneClusterImpl (MiniOzoneClusterImpl.java:lambda$waitForClusterToBeReady$0(238)) - Waiting for cluster to exit safe mode
2021-09-24 06:40:31,168 [Listener at 127.0.0.1/44161] INFO  ozone.MiniOzoneClusterImpl (MiniOzoneClusterImpl.java:lambda$waitForClusterToBeReady$0(240)) - SCM became leader
2021-09-24 06:40:31,329 [Time-limited test] INFO  ozone.MiniOzoneClusterImpl (MiniOzoneClusterImpl.java:shutdown(453)) - Shutting down the Mini Ozone Cluster
2021-09-24 06:40:31,329 [Time-limited test] INFO  ozone.MiniOzoneClusterImpl (MiniOzoneClusterImpl.java:stop(468)) - Stopping the Mini Ozone Cluster
2021-09-24 06:40:31,329 [Time-limited test] INFO  ozone.MiniOzoneClusterImpl (MiniOzoneClusterImpl.java:stopOM(550)) - Stopping the OzoneManager
2021-09-24 06:40:31,329 [Time-limited test] INFO  om.OzoneManager (OzoneManager.java:stop(1644)) - Stopping Ozone Manager
2021-09-24 06:40:31,330 [Time-limited test] INFO  ipc.Server (Server.java:stop(3414)) - Stopping server on 44161
2021-09-24 06:40:31,334 [IPC Server listener on 0] INFO  ipc.Server (Server.java:run(1376)) - Stopping IPC Server listener on 0
2021-09-24 06:40:31,334 [IPC Server Responder] INFO  ipc.Server (Server.java:run(1512)) - Stopping IPC Server Responder
2021-09-24 06:40:31,335 [Time-limited test] INFO  server.RaftServer (RaftServerProxy.java:lambda$close$6(391)) - om1: close
2021-09-24 06:40:31,338 [Time-limited test] INFO  server.RaftServer$Division (RaftServerImpl.java:lambda$close$4(407)) - om1@group-C5BA1605619E: shutdown
2021-09-24 06:40:31,342 [Time-limited test] INFO  util.JmxRegister (JmxRegister.java:unregister(73)) - Successfully un-registered JMX Bean with object name Ratis:service=RaftServer,group=group-C5BA1605619E,id=om1
2021-09-24 06:40:31,342 [Time-limited test] INFO  impl.RoleInfo (RoleInfo.java:shutdownLeaderState(91)) - om1: shutdown om1@group-C5BA1605619E-LeaderStateImpl
2021-09-24 06:40:31,343 [Time-limited test] INFO  impl.PendingRequests (PendingRequests.java:sendNotLeaderResponses(282)) - om1@group-C5BA1605619E-PendingRequests: sendNotLeaderResponses
2021-09-24 06:40:31,344 [om1@group-C5BA1605619E-StateMachineUpdater] INFO  ratis.OzoneManagerStateMachine (OzoneManagerStateMachine.java:takeSnapshot(417)) - Current Snapshot Index (t:1, i:0)
2021-09-24 06:40:31,344 [om1@group-C5BA1605619E-StateMachineUpdater] INFO  impl.StateMachineUpdater (StateMachineUpdater.java:takeSnapshot(281)) - om1@group-C5BA1605619E-StateMachineUpdater: Took a snapshot at index 0
2021-09-24 06:40:31,344 [om1@group-C5BA1605619E-StateMachineUpdater] INFO  impl.StateMachineUpdater (StateMachineUpdater.java:lambda$new$0(89)) - om1@group-C5BA1605619E-StateMachineUpdater: snapshotIndex: updateIncreasingly -1 -> 0
2021-09-24 06:40:31,344 [om1@group-C5BA1605619E-StateMachineUpdater] INFO  ratis.OzoneManagerStateMachine (OzoneManagerStateMachine.java:close(471)) - StateMachine has shutdown. Shutdown OzoneManager if not already shutdown.
2021-09-24 06:40:31,344 [Time-limited test] INFO  impl.StateMachineUpdater (StateMachineUpdater.java:stopAndJoin(149)) - om1@group-C5BA1605619E-StateMachineUpdater: set stopIndex = 0
2021-09-24 06:40:31,344 [Time-limited test] INFO  server.RaftServer$Division (ServerState.java:close(419)) - om1@group-C5BA1605619E: closes. applyIndex: 0
2021-09-24 06:40:31,345 [om1@group-C5BA1605619E-SegmentedRaftLogWorker] INFO  segmented.SegmentedRaftLogWorker (SegmentedRaftLogWorker.java:run(327)) - om1@group-C5BA1605619E-SegmentedRaftLogWorker was interrupted, exiting. There are 0 tasks remaining in the queue.
2021-09-24 06:40:31,346 [Time-limited test] INFO  segmented.SegmentedRaftLogWorker (SegmentedRaftLogWorker.java:close(237)) - om1@group-C5BA1605619E-SegmentedRaftLogWorker close()
2021-09-24 06:40:31,347 [Time-limited test] INFO  server.GrpcService (GrpcService.java:closeImpl(262)) - om1: shutdown server with port 9872 now
2021-09-24 06:40:31,347 [Time-limited test] INFO  server.GrpcService (GrpcService.java:closeImpl(271)) - om1: shutdown server with port 9872 successfully
2021-09-24 06:40:31,348 [org.apache.ratis.util.JvmPauseMonitor$$Lambda$531/356910227@3654517c] INFO  util.JvmPauseMonitor (JvmPauseMonitor.java:run(109)) - JvmPauseMonitor-om1: Stopped
2021-09-24 06:40:31,348 [Time-limited test] INFO  ratis.OzoneManagerDoubleBuffer (OzoneManagerDoubleBuffer.java:stop(437)) - Stopping OMDoubleBuffer flush thread
2021-09-24 06:40:31,348 [OMDoubleBufferFlushThread] INFO  ratis.OzoneManagerDoubleBuffer (OzoneManagerDoubleBuffer.java:flushTransactions(356)) - OMDoubleBuffer flush thread OMDoubleBufferFlushThread is interrupted and will exit. OMDoubleBufferFlushThread
2021-09-24 06:40:31,348 [Time-limited test] INFO  utils.BackgroundService (BackgroundService.java:shutdown(132)) - Shutting down service KeyDeletingService
2021-09-24 06:40:31,349 [Time-limited test] INFO  utils.BackgroundService (BackgroundService.java:shutdown(132)) - Shutting down service DirectoryDeletingService
2021-09-24 06:40:31,351 [Time-limited test] INFO  handler.ContextHandler (ContextHandler.java:doStop(1153)) - Stopped o.e.j.w.WebAppContext@1d095765{ozoneManager,/,null,STOPPED}{file:/home/runner/work/ozone/ozone/hadoop-ozone/integration-test/target/test-classes/webapps/ozoneManager}
2021-09-24 06:40:31,352 [Time-limited test] INFO  server.AbstractConnector (AbstractConnector.java:doStop(381)) - Stopped ServerConnector@1503d0b6{HTTP/1.1, (http/1.1)}{0.0.0.0:0}
2021-09-24 06:40:31,352 [Time-limited test] INFO  server.session (HouseKeeper.java:stopScavenging(149)) - node0 Stopped scavenging
2021-09-24 06:40:31,353 [Time-limited test] INFO  handler.ContextHandler (ContextHandler.java:doStop(1153)) - Stopped o.e.j.s.ServletContextHandler@1f639d19{static,/static,file:///home/runner/work/ozone/ozone/hadoop-ozone/integration-test/target/test-classes/webapps/static,STOPPED}
2021-09-24 06:40:31,353 [Time-limited test] INFO  handler.ContextHandler (ContextHandler.java:doStop(1153)) - Stopped o.e.j.s.ServletContextHandler@601dc931{logs,/logs,file:///home/runner/work/ozone/ozone/hadoop-ozone/integration-test/target/log,STOPPED}
2021-09-24 06:40:31,358 [Time-limited test] INFO  ozone.MiniOzoneClusterImpl (MiniOzoneClusterImpl.java:stopDatanodes(527)) - Stopping the HddsDatanodes
2021-09-24 06:40:35,869 [bf16246d-6f74-4fdf-b7dd-1bcfc33fa8ab@group-842A84C1BF42-FollowerState] INFO  impl.FollowerState (FollowerState.java:run(134)) - bf16246d-6f74-4fdf-b7dd-1bcfc33fa8ab@group-842A84C1BF42-FollowerState: change to CANDIDATE, lastRpcElapsedTime:5072320463ns, electionTimeout:5070ms
2021-09-24 06:40:35,869 [bf16246d-6f74-4fdf-b7dd-1bcfc33fa8ab@group-842A84C1BF42-FollowerState] INFO  impl.RoleInfo (RoleInfo.java:shutdownFollowerState(108)) - bf16246d-6f74-4fdf-b7dd-1bcfc33fa8ab: shutdown bf16246d-6f74-4fdf-b7dd-1bcfc33fa8ab@group-842A84C1BF42-FollowerState
2021-09-24 06:40:35,869 [bf16246d-6f74-4fdf-b7dd-1bcfc33fa8ab@group-842A84C1BF42-FollowerState] INFO  server.RaftServer$Division (RaftServerImpl.java:setRole(285)) - bf16246d-6f74-4fdf-b7dd-1bcfc33fa8ab@group-842A84C1BF42: changes role from  FOLLOWER to CANDIDATE at term 10 for changeToCandidate
2021-09-24 06:40:35,869 [bf16246d-6f74-4fdf-b7dd-1bcfc33fa8ab@group-842A84C1BF42-FollowerState] INFO  server.RaftServerConfigKeys (ConfUtils.java:logGet(44)) - raft.server.leaderelection.pre-vote = false (custom)
2021-09-24 06:40:35,869 [bf16246d-6f74-4fdf-b7dd-1bcfc33fa8ab@group-842A84C1BF42-FollowerState] INFO  impl.RoleInfo (RoleInfo.java:updateAndGet(130)) - bf16246d-6f74-4fdf-b7dd-1bcfc33fa8ab: start bf16246d-6f74-4fdf-b7dd-1bcfc33fa8ab@group-842A84C1BF42-LeaderElection19
2021-09-24 06:40:35,876 [bf16246d-6f74-4fdf-b7dd-1bcfc33fa8ab@group-842A84C1BF42-LeaderElection19] INFO  impl.LeaderElection (LeaderElection.java:askForVotes(306)) - bf16246d-6f74-4fdf-b7dd-1bcfc33fa8ab@group-842A84C1BF42-LeaderElection19 ELECTION round 0: submit vote requests at term 11 for -1: [bf16246d-6f74-4fdf-b7dd-1bcfc33fa8ab|rpc:10.1.0.9:38267|priority:0, 4172555c-9a12-4ec2-8c60-ee93d59dcb13|rpc:10.1.0.9:42897|priority:1, 10e78caa-6890-4c39-bf63-12a9f1ba3d57|rpc:10.1.0.9:38157|priority:0], old=null
2021-09-24 06:40:35,882 [grpc-default-executor-2] INFO  server.RaftServer$Division (RaftServerImpl.java:requestVote(1043)) - 4172555c-9a12-4ec2-8c60-ee93d59dcb13@group-842A84C1BF42: receive requestVote(ELECTION, bf16246d-6f74-4fdf-b7dd-1bcfc33fa8ab, group-842A84C1BF42, 11, (t:0, i:0))
2021-09-24 06:40:35,882 [grpc-default-executor-2] INFO  impl.VoteContext (VoteContext.java:log(48)) - 4172555c-9a12-4ec2-8c60-ee93d59dcb13@group-842A84C1BF42-FOLLOWER: reject ELECTION from bf16246d-6f74-4fdf-b7dd-1bcfc33fa8ab: our priority 1 > candidate's priority 0
2021-09-24 06:40:35,882 [grpc-default-executor-2] INFO  server.RaftServer$Division (RaftServerImpl.java:setRole(285)) - 4172555c-9a12-4ec2-8c60-ee93d59dcb13@group-842A84C1BF42: changes role from  FOLLOWER to FOLLOWER at term 11 for candidate:bf16246d-6f74-4fdf-b7dd-1bcfc33fa8ab
2021-09-24 06:40:35,882 [grpc-default-executor-2] INFO  impl.RoleInfo (RoleInfo.java:shutdownFollowerState(108)) - 4172555c-9a12-4ec2-8c60-ee93d59dcb13: shutdown 4172555c-9a12-4ec2-8c60-ee93d59dcb13@group-842A84C1BF42-FollowerState
2021-09-24 06:40:35,882 [grpc-default-executor-2] INFO  impl.RoleInfo (RoleInfo.java:updateAndGet(130)) - 4172555c-9a12-4ec2-8c60-ee93d59dcb13: start 4172555c-9a12-4ec2-8c60-ee93d59dcb13@group-842A84C1BF42-FollowerState
2021-09-24 06:40:35,882 [4172555c-9a12-4ec2-8c60-ee93d59dcb13@group-842A84C1BF42-FollowerState] INFO  impl.FollowerState (FollowerState.java:run(143)) - 4172555c-9a12-4ec2-8c60-ee93d59dcb13@group-842A84C1BF42-FollowerState was interrupted: {}
java.lang.InterruptedException: sleep interrupted
	at java.lang.Thread.sleep(Native Method)
	at java.lang.Thread.sleep(Thread.java:340)
	at java.util.concurrent.TimeUnit.sleep(TimeUnit.java:386)
	at org.apache.ratis.util.TimeDuration.sleep(TimeDuration.java:324)
	at org.apache.ratis.util.TimeDuration.sleep(TimeDuration.java:309)
	at org.apache.ratis.server.impl.FollowerState.run(FollowerState.java:118)
2021-09-24 06:40:35,889 [grpc-default-executor-1] INFO  server.RaftServer$Division (RaftServerImpl.java:requestVote(1043)) - 10e78caa-6890-4c39-bf63-12a9f1ba3d57@group-842A84C1BF42: receive requestVote(ELECTION, bf16246d-6f74-4fdf-b7dd-1bcfc33fa8ab, group-842A84C1BF42, 11, (t:0, i:0))
2021-09-24 06:40:35,889 [grpc-default-executor-1] INFO  impl.VoteContext (VoteContext.java:log(48)) - 10e78caa-6890-4c39-bf63-12a9f1ba3d57@group-842A84C1BF42-FOLLOWER: accept ELECTION from bf16246d-6f74-4fdf-b7dd-1bcfc33fa8ab: our priority 0 <= candidate's priority 0
2021-09-24 06:40:35,889 [grpc-default-executor-1] INFO  server.RaftServer$Division (RaftServerImpl.java:setRole(285)) - 10e78caa-6890-4c39-bf63-12a9f1ba3d57@group-842A84C1BF42: changes role from  FOLLOWER to FOLLOWER at term 11 for candidate:bf16246d-6f74-4fdf-b7dd-1bcfc33fa8ab
2021-09-24 06:40:35,890 [grpc-default-executor-1] INFO  impl.RoleInfo (RoleInfo.java:shutdownFollowerState(108)) - 10e78caa-6890-4c39-bf63-12a9f1ba3d57: shutdown 10e78caa-6890-4c39-bf63-12a9f1ba3d57@group-842A84C1BF42-FollowerState
2021-09-24 06:40:35,890 [grpc-default-executor-1] INFO  impl.RoleInfo (RoleInfo.java:updateAndGet(130)) - 10e78caa-6890-4c39-bf63-12a9f1ba3d57: start 10e78caa-6890-4c39-bf63-12a9f1ba3d57@group-842A84C1BF42-FollowerState
2021-09-24 06:40:35,890 [10e78caa-6890-4c39-bf63-12a9f1ba3d57@group-842A84C1BF42-FollowerState] INFO  impl.FollowerState (FollowerState.java:run(143)) - 10e78caa-6890-4c39-bf63-12a9f1ba3d57@group-842A84C1BF42-FollowerState was interrupted: {}
java.lang.InterruptedException: sleep interrupted
	at java.lang.Thread.sleep(Native Method)
	at java.lang.Thread.sleep(Thread.java:340)
	at java.util.concurrent.TimeUnit.sleep(TimeUnit.java:386)
	at org.apache.ratis.util.TimeDuration.sleep(TimeDuration.java:324)
	at org.apache.ratis.util.TimeDuration.sleep(TimeDuration.java:309)
	at org.apache.ratis.server.impl.FollowerState.run(FollowerState.java:118)
2021-09-24 06:40:35,891 [grpc-default-executor-2] INFO  server.RaftServer$Division (RaftServerImpl.java:requestVote(1075)) - 4172555c-9a12-4ec2-8c60-ee93d59dcb13@group-842A84C1BF42 replies to ELECTION vote request: bf16246d-6f74-4fdf-b7dd-1bcfc33fa8ab<-4172555c-9a12-4ec2-8c60-ee93d59dcb13#0:FAIL-t11. Peer's state: 4172555c-9a12-4ec2-8c60-ee93d59dcb13@group-842A84C1BF42:t11, leader=null, voted=null, raftlog=4172555c-9a12-4ec2-8c60-ee93d59dcb13@group-842A84C1BF42-SegmentedRaftLog:OPENED:c-1,f-1,i0, conf=-1: [bf16246d-6f74-4fdf-b7dd-1bcfc33fa8ab|rpc:10.1.0.9:38267|priority:0, 4172555c-9a12-4ec2-8c60-ee93d59dcb13|rpc:10.1.0.9:42897|priority:1, 10e78caa-6890-4c39-bf63-12a9f1ba3d57|rpc:10.1.0.9:38157|priority:0], old=null
2021-09-24 06:40:35,900 [grpc-default-executor-1] INFO  server.RaftServer$Division (RaftServerImpl.java:requestVote(1075)) - 10e78caa-6890-4c39-bf63-12a9f1ba3d57@group-842A84C1BF42 replies to ELECTION vote request: bf16246d-6f74-4fdf-b7dd-1bcfc33fa8ab<-10e78caa-6890-4c39-bf63-12a9f1ba3d57#0:OK-t11. Peer's state: 10e78caa-6890-4c39-bf63-12a9f1ba3d57@group-842A84C1BF42:t11, leader=null, voted=bf16246d-6f74-4fdf-b7dd-1bcfc33fa8ab, raftlog=10e78caa-6890-4c39-bf63-12a9f1ba3d57@group-842A84C1BF42-SegmentedRaftLog:OPENED:c-1,f-1,i0, conf=-1: [bf16246d-6f74-4fdf-b7dd-1bcfc33fa8ab|rpc:10.1.0.9:38267|priority:0, 4172555c-9a12-4ec2-8c60-ee93d59dcb13|rpc:10.1.0.9:42897|priority:1, 10e78caa-6890-4c39-bf63-12a9f1ba3d57|rpc:10.1.0.9:38157|priority:0], old=null
2021-09-24 06:40:35,900 [bf16246d-6f74-4fdf-b7dd-1bcfc33fa8ab@group-842A84C1BF42-LeaderElection19] INFO  impl.LeaderElection (LeaderElection.java:logAndReturn(89)) - bf16246d-6f74-4fdf-b7dd-1bcfc33fa8ab@group-842A84C1BF42-LeaderElection19: ELECTION REJECTED received 1 response(s) and 0 exception(s):
2021-09-24 06:40:35,904 [bf16246d-6f74-4fdf-b7dd-1bcfc33fa8ab@group-842A84C1BF42-LeaderElection19] INFO  impl.LeaderElection (LeaderElection.java:logAndReturn(93)) -   Response 0: bf16246d-6f74-4fdf-b7dd-1bcfc33fa8ab<-4172555c-9a12-4ec2-8c60-ee93d59dcb13#0:FAIL-t11
2021-09-24 06:40:35,904 [bf16246d-6f74-4fdf-b7dd-1bcfc33fa8ab@group-842A84C1BF42-LeaderElection19] INFO  impl.LeaderElection (LeaderElection.java:askForVotes(308)) - bf16246d-6f74-4fdf-b7dd-1bcfc33fa8ab@group-842A84C1BF42-LeaderElection19 ELECTION round 0: result REJECTED
2021-09-24 06:40:35,904 [bf16246d-6f74-4fdf-b7dd-1bcfc33fa8ab@group-842A84C1BF42-LeaderElection19] INFO  server.RaftServer$Division (RaftServerImpl.java:setRole(285)) - bf16246d-6f74-4fdf-b7dd-1bcfc33fa8ab@group-842A84C1BF42: changes role from CANDIDATE to FOLLOWER at term 11 for REJECTED
2021-09-24 06:40:35,904 [bf16246d-6f74-4fdf-b7dd-1bcfc33fa8ab@group-842A84C1BF42-LeaderElection19] INFO  impl.RoleInfo (RoleInfo.java:shutdownLeaderElection(121)) - bf16246d-6f74-4fdf-b7dd-1bcfc33fa8ab: shutdown bf16246d-6f74-4fdf-b7dd-1bcfc33fa8ab@group-842A84C1BF42-LeaderElection19
2021-09-24 06:40:35,904 [bf16246d-6f74-4fdf-b7dd-1bcfc33fa8ab@group-842A84C1BF42-LeaderElection19] INFO  impl.RoleInfo (RoleInfo.java:updateAndGet(130)) - bf16246d-6f74-4fdf-b7dd-1bcfc33fa8ab: start bf16246d-6f74-4fdf-b7dd-1bcfc33fa8ab@group-842A84C1BF42-FollowerState
2021-09-24 06:40:36,365 [Time-limited test] INFO  ozoneimpl.OzoneContainer (OzoneContainer.java:stop(325)) - Attempting to stop container services.
2021-09-24 06:40:36,367 [Time-limited test] INFO  server.RaftServer (RaftServerProxy.java:lambda$close$6(391)) - 4172555c-9a12-4ec2-8c60-ee93d59dcb13: close
2021-09-24 06:40:36,367 [Time-limited test] INFO  server.RaftServer$Division (RaftServerImpl.java:lambda$close$4(407)) - 4172555c-9a12-4ec2-8c60-ee93d59dcb13@group-842A84C1BF42: shutdown
2021-09-24 06:40:36,367 [Time-limited test] INFO  util.JmxRegister (JmxRegister.java:unregister(73)) - Successfully un-registered JMX Bean with object name Ratis:service=RaftServer,group=group-842A84C1BF42,id=4172555c-9a12-4ec2-8c60-ee93d59dcb13
2021-09-24 06:40:36,367 [Time-limited test] INFO  impl.RoleInfo (RoleInfo.java:shutdownFollowerState(108)) - 4172555c-9a12-4ec2-8c60-ee93d59dcb13: shutdown 4172555c-9a12-4ec2-8c60-ee93d59dcb13@group-842A84C1BF42-FollowerState
2021-09-24 06:40:36,367 [Time-limited test] INFO  impl.StateMachineUpdater (StateMachineUpdater.java:stopAndJoin(149)) - 4172555c-9a12-4ec2-8c60-ee93d59dcb13@group-842A84C1BF42-StateMachineUpdater: set stopIndex = -1
2021-09-24 06:40:36,367 [4172555c-9a12-4ec2-8c60-ee93d59dcb13@group-842A84C1BF42-FollowerState] INFO  impl.FollowerState (FollowerState.java:run(143)) - 4172555c-9a12-4ec2-8c60-ee93d59dcb13@group-842A84C1BF42-FollowerState was interrupted: {}
java.lang.InterruptedException: sleep interrupted
	at java.lang.Thread.sleep(Native Method)
	at java.lang.Thread.sleep(Thread.java:340)
	at java.util.concurrent.TimeUnit.sleep(TimeUnit.java:386)
	at org.apache.ratis.util.TimeDuration.sleep(TimeDuration.java:324)
	at org.apache.ratis.util.TimeDuration.sleep(TimeDuration.java:309)
	at org.apache.ratis.server.impl.FollowerState.run(FollowerState.java:118)
2021-09-24 06:40:36,369 [ForkJoinPool.commonPool-worker-1] INFO  ozoneimpl.OzoneContainer (OzoneContainer.java:stop(325)) - Attempting to stop container services.
2021-09-24 06:40:36,370 [ForkJoinPool.commonPool-worker-1] INFO  server.RaftServer (RaftServerProxy.java:lambda$close$6(391)) - 10e78caa-6890-4c39-bf63-12a9f1ba3d57: close
2021-09-24 06:40:36,370 [ForkJoinPool.commonPool-worker-1] INFO  server.RaftServer$Division (RaftServerImpl.java:lambda$close$4(407)) - 10e78caa-6890-4c39-bf63-12a9f1ba3d57@group-3E0D269DC9B6: shutdown
2021-09-24 06:40:36,370 [ForkJoinPool.commonPool-worker-1] INFO  util.JmxRegister (JmxRegister.java:unregister(73)) - Successfully un-registered JMX Bean with object name Ratis:service=RaftServer,group=group-3E0D269DC9B6,id=10e78caa-6890-4c39-bf63-12a9f1ba3d57
2021-09-24 06:40:36,370 [ForkJoinPool.commonPool-worker-1] INFO  impl.RoleInfo (RoleInfo.java:shutdownLeaderState(91)) - 10e78caa-6890-4c39-bf63-12a9f1ba3d57: shutdown 10e78caa-6890-4c39-bf63-12a9f1ba3d57@group-3E0D269DC9B6-LeaderStateImpl
2021-09-24 06:40:36,370 [Time-limited test] INFO  server.RaftServer$Division (ServerState.java:close(419)) - 4172555c-9a12-4ec2-8c60-ee93d59dcb13@group-842A84C1BF42: closes. applyIndex: -1
2021-09-24 06:40:36,371 [4172555c-9a12-4ec2-8c60-ee93d59dcb13@group-842A84C1BF42-SegmentedRaftLogWorker] INFO  segmented.SegmentedRaftLogWorker (SegmentedRaftLogWorker.java:run(327)) - 4172555c-9a12-4ec2-8c60-ee93d59dcb13@group-842A84C1BF42-SegmentedRaftLogWorker was interrupted, exiting. There are 0 tasks remaining in the queue.
2021-09-24 06:40:36,371 [ForkJoinPool.commonPool-worker-1] INFO  impl.PendingRequests (PendingRequests.java:sendNotLeaderResponses(282)) - 10e78caa-6890-4c39-bf63-12a9f1ba3d57@group-3E0D269DC9B6-PendingRequests: sendNotLeaderResponses
2021-09-24 06:40:36,371 [ForkJoinPool.commonPool-worker-1] INFO  impl.StateMachineUpdater (StateMachineUpdater.java:stopAndJoin(149)) - 10e78caa-6890-4c39-bf63-12a9f1ba3d57@group-3E0D269DC9B6-StateMachineUpdater: set stopIndex = 0
2021-09-24 06:40:36,372 [10e78caa-6890-4c39-bf63-12a9f1ba3d57@group-3E0D269DC9B6-StateMachineUpdater] INFO  ratis.ContainerStateMachine (ContainerStateMachine.java:takeSnapshot(292)) - group-3E0D269DC9B6: Taking a snapshot at:(t:1, i:0) file /home/runner/work/ozone/ozone/hadoop-ozone/integration-test/target/test-dir/MiniOzoneClusterImpl-f3f49fad-ab5e-4528-a036-203aca2c3bfa/datanode-0/data/ratis/8f539799-714a-4e04-bef2-3e0d269dc9b6/sm/snapshot.1_0
2021-09-24 06:40:36,372 [Time-limited test] INFO  segmented.SegmentedRaftLogWorker (SegmentedRaftLogWorker.java:close(237)) - 4172555c-9a12-4ec2-8c60-ee93d59dcb13@group-842A84C1BF42-SegmentedRaftLogWorker close()
2021-09-24 06:40:36,373 [10e78caa-6890-4c39-bf63-12a9f1ba3d57@group-3E0D269DC9B6-StateMachineUpdater] INFO  ratis.ContainerStateMachine (ContainerStateMachine.java:takeSnapshot(303)) - group-3E0D269DC9B6: Finished taking a snapshot at:(t:1, i:0) file:/home/runner/work/ozone/ozone/hadoop-ozone/integration-test/target/test-dir/MiniOzoneClusterImpl-f3f49fad-ab5e-4528-a036-203aca2c3bfa/datanode-0/data/ratis/8f539799-714a-4e04-bef2-3e0d269dc9b6/sm/snapshot.1_0 took: 1 ms
2021-09-24 06:40:36,373 [10e78caa-6890-4c39-bf63-12a9f1ba3d57@group-3E0D269DC9B6-StateMachineUpdater] INFO  impl.StateMachineUpdater (StateMachineUpdater.java:takeSnapshot(281)) - 10e78caa-6890-4c39-bf63-12a9f1ba3d57@group-3E0D269DC9B6-StateMachineUpdater: Took a snapshot at index 0
2021-09-24 06:40:36,373 [10e78caa-6890-4c39-bf63-12a9f1ba3d57@group-3E0D269DC9B6-StateMachineUpdater] INFO  impl.StateMachineUpdater (StateMachineUpdater.java:lambda$new$0(89)) - 10e78caa-6890-4c39-bf63-12a9f1ba3d57@group-3E0D269DC9B6-StateMachineUpdater: snapshotIndex: updateIncreasingly -1 -> 0
2021-09-24 06:40:36,374 [ForkJoinPool.commonPool-worker-1] INFO  server.RaftServer$Division (ServerState.java:close(419)) - 10e78caa-6890-4c39-bf63-12a9f1ba3d57@group-3E0D269DC9B6: closes. applyIndex: 0
2021-09-24 06:40:36,374 [10e78caa-6890-4c39-bf63-12a9f1ba3d57@group-3E0D269DC9B6-SegmentedRaftLogWorker] INFO  segmented.SegmentedRaftLogWorker (SegmentedRaftLogWorker.java:run(327)) - 10e78caa-6890-4c39-bf63-12a9f1ba3d57@group-3E0D269DC9B6-SegmentedRaftLogWorker was interrupted, exiting. There are 0 tasks remaining in the queue.
2021-09-24 06:40:36,379 [ForkJoinPool.commonPool-worker-1] INFO  segmented.SegmentedRaftLogWorker (SegmentedRaftLogWorker.java:close(237)) - 10e78caa-6890-4c39-bf63-12a9f1ba3d57@group-3E0D269DC9B6-SegmentedRaftLogWorker close()
2021-09-24 06:40:36,380 [Time-limited test] INFO  server.RaftServer$Division (RaftServerImpl.java:lambda$close$4(407)) - 4172555c-9a12-4ec2-8c60-ee93d59dcb13@group-1E90B5C77822: shutdown
2021-09-24 06:40:36,380 [Time-limited test] INFO  util.JmxRegister (JmxRegister.java:unregister(73)) - Successfully un-registered JMX Bean with object name Ratis:service=RaftServer,group=group-1E90B5C77822,id=4172555c-9a12-4ec2-8c60-ee93d59dcb13
2021-09-24 06:40:36,380 [Time-limited test] INFO  impl.RoleInfo (RoleInfo.java:shutdownLeaderState(91)) - 4172555c-9a12-4ec2-8c60-ee93d59dcb13: shutdown 4172555c-9a12-4ec2-8c60-ee93d59dcb13@group-1E90B5C77822-LeaderStateImpl
2021-09-24 06:40:36,380 [Time-limited test] INFO  impl.PendingRequests (PendingRequests.java:sendNotLeaderResponses(282)) - 4172555c-9a12-4ec2-8c60-ee93d59dcb13@group-1E90B5C77822-PendingRequests: sendNotLeaderResponses
2021-09-24 06:40:36,381 [Time-limited test] INFO  impl.StateMachineUpdater (StateMachineUpdater.java:stopAndJoin(149)) - 4172555c-9a12-4ec2-8c60-ee93d59dcb13@group-1E90B5C77822-StateMachineUpdater: set stopIndex = 0
2021-09-24 06:40:36,381 [4172555c-9a12-4ec2-8c60-ee93d59dcb13@group-1E90B5C77822-StateMachineUpdater] INFO  ratis.ContainerStateMachine (ContainerStateMachine.java:takeSnapshot(292)) - group-1E90B5C77822: Taking a snapshot at:(t:1, i:0) file /home/runner/work/ozone/ozone/hadoop-ozone/integration-test/target/test-dir/MiniOzoneClusterImpl-f3f49fad-ab5e-4528-a036-203aca2c3bfa/datanode-1/data/ratis/f689328f-3ddd-4931-83ae-1e90b5c77822/sm/snapshot.1_0
2021-09-24 06:40:36,382 [4172555c-9a12-4ec2-8c60-ee93d59dcb13@group-1E90B5C77822-StateMachineUpdater] INFO  ratis.ContainerStateMachine (ContainerStateMachine.java:takeSnapshot(303)) - group-1E90B5C77822: Finished taking a snapshot at:(t:1, i:0) file:/home/runner/work/ozone/ozone/hadoop-ozone/integration-test/target/test-dir/MiniOzoneClusterImpl-f3f49fad-ab5e-4528-a036-203aca2c3bfa/datanode-1/data/ratis/f689328f-3ddd-4931-83ae-1e90b5c77822/sm/snapshot.1_0 took: 1 ms
2021-09-24 06:40:36,382 [4172555c-9a12-4ec2-8c60-ee93d59dcb13@group-1E90B5C77822-StateMachineUpdater] INFO  impl.StateMachineUpdater (StateMachineUpdater.java:takeSnapshot(281)) - 4172555c-9a12-4ec2-8c60-ee93d59dcb13@group-1E90B5C77822-StateMachineUpdater: Took a snapshot at index 0
2021-09-24 06:40:36,382 [4172555c-9a12-4ec2-8c60-ee93d59dcb13@group-1E90B5C77822-StateMachineUpdater] INFO  impl.StateMachineUpdater (StateMachineUpdater.java:lambda$new$0(89)) - 4172555c-9a12-4ec2-8c60-ee93d59dcb13@group-1E90B5C77822-StateMachineUpdater: snapshotIndex: updateIncreasingly -1 -> 0
2021-09-24 06:40:36,383 [Time-limited test] INFO  server.RaftServer$Division (ServerState.java:close(419)) - 4172555c-9a12-4ec2-8c60-ee93d59dcb13@group-1E90B5C77822: closes. applyIndex: 0
2021-09-24 06:40:36,384 [4172555c-9a12-4ec2-8c60-ee93d59dcb13@group-1E90B5C77822-SegmentedRaftLogWorker] INFO  segmented.SegmentedRaftLogWorker (SegmentedRaftLogWorker.java:run(327)) - 4172555c-9a12-4ec2-8c60-ee93d59dcb13@group-1E90B5C77822-SegmentedRaftLogWorker was interrupted, exiting. There are 0 tasks remaining in the queue.
2021-09-24 06:40:36,392 [ForkJoinPool.commonPool-worker-1] INFO  server.RaftServer$Division (RaftServerImpl.java:lambda$close$4(407)) - 10e78caa-6890-4c39-bf63-12a9f1ba3d57@group-842A84C1BF42: shutdown
2021-09-24 06:40:36,392 [ForkJoinPool.commonPool-worker-1] INFO  util.JmxRegister (JmxRegister.java:unregister(73)) - Successfully un-registered JMX Bean with object name Ratis:service=RaftServer,group=group-842A84C1BF42,id=10e78caa-6890-4c39-bf63-12a9f1ba3d57
2021-09-24 06:40:36,392 [ForkJoinPool.commonPool-worker-1] INFO  impl.RoleInfo (RoleInfo.java:shutdownFollowerState(108)) - 10e78caa-6890-4c39-bf63-12a9f1ba3d57: shutdown 10e78caa-6890-4c39-bf63-12a9f1ba3d57@group-842A84C1BF42-FollowerState
2021-09-24 06:40:36,392 [ForkJoinPool.commonPool-worker-1] INFO  impl.StateMachineUpdater (StateMachineUpdater.java:stopAndJoin(149)) - 10e78caa-6890-4c39-bf63-12a9f1ba3d57@group-842A84C1BF42-StateMachineUpdater: set stopIndex = -1
2021-09-24 06:40:36,393 [10e78caa-6890-4c39-bf63-12a9f1ba3d57@group-842A84C1BF42-FollowerState] INFO  impl.FollowerState (FollowerState.java:run(143)) - 10e78caa-6890-4c39-bf63-12a9f1ba3d57@group-842A84C1BF42-FollowerState was interrupted: {}
java.lang.InterruptedException: sleep interrupted
	at java.lang.Thread.sleep(Native Method)
	at java.lang.Thread.sleep(Thread.java:340)
	at java.util.concurrent.TimeUnit.sleep(TimeUnit.java:386)
	at org.apache.ratis.util.TimeDuration.sleep(TimeDuration.java:324)
	at org.apache.ratis.util.TimeDuration.sleep(TimeDuration.java:309)
	at org.apache.ratis.server.impl.FollowerState.run(FollowerState.java:118)
2021-09-24 06:40:36,393 [ForkJoinPool.commonPool-worker-1] INFO  server.RaftServer$Division (ServerState.java:close(419)) - 10e78caa-6890-4c39-bf63-12a9f1ba3d57@group-842A84C1BF42: closes. applyIndex: -1
2021-09-24 06:40:36,393 [10e78caa-6890-4c39-bf63-12a9f1ba3d57@group-842A84C1BF42-SegmentedRaftLogWorker] INFO  segmented.SegmentedRaftLogWorker (SegmentedRaftLogWorker.java:run(327)) - 10e78caa-6890-4c39-bf63-12a9f1ba3d57@group-842A84C1BF42-SegmentedRaftLogWorker was interrupted, exiting. There are 0 tasks remaining in the queue.
2021-09-24 06:40:36,394 [ForkJoinPool.commonPool-worker-1] INFO  segmented.SegmentedRaftLogWorker (SegmentedRaftLogWorker.java:close(237)) - 10e78caa-6890-4c39-bf63-12a9f1ba3d57@group-842A84C1BF42-SegmentedRaftLogWorker close()
2021-09-24 06:40:36,394 [Time-limited test] INFO  segmented.SegmentedRaftLogWorker (SegmentedRaftLogWorker.java:close(237)) - 4172555c-9a12-4ec2-8c60-ee93d59dcb13@group-1E90B5C77822-SegmentedRaftLogWorker close()
2021-09-24 06:40:36,395 [Time-limited test] INFO  server.GrpcService (GrpcService.java:closeImpl(262)) - 4172555c-9a12-4ec2-8c60-ee93d59dcb13: shutdown server with port 42897 now
2021-09-24 06:40:36,396 [ForkJoinPool.commonPool-worker-1] INFO  server.GrpcService (GrpcService.java:closeImpl(262)) - 10e78caa-6890-4c39-bf63-12a9f1ba3d57: shutdown server with port 38157 now
2021-09-24 06:40:36,407 [ForkJoinPool.commonPool-worker-1] INFO  server.GrpcService (GrpcService.java:closeImpl(271)) - 10e78caa-6890-4c39-bf63-12a9f1ba3d57: shutdown server with port 38157 successfully
2021-09-24 06:40:36,407 [org.apache.ratis.util.JvmPauseMonitor$$Lambda$531/356910227@ee50840] INFO  util.JvmPauseMonitor (JvmPauseMonitor.java:run(109)) - JvmPauseMonitor-10e78caa-6890-4c39-bf63-12a9f1ba3d57: Stopped
2021-09-24 06:40:36,410 [ForkJoinPool.commonPool-worker-1] INFO  utils.BackgroundService (BackgroundService.java:shutdown(132)) - Shutting down service BlockDeletingService
2021-09-24 06:40:36,421 [Time-limited test] INFO  server.GrpcService (GrpcService.java:closeImpl(271)) - 4172555c-9a12-4ec2-8c60-ee93d59dcb13: shutdown server with port 42897 successfully
2021-09-24 06:40:36,421 [org.apache.ratis.util.JvmPauseMonitor$$Lambda$531/356910227@2a7f98b5] INFO  util.JvmPauseMonitor (JvmPauseMonitor.java:run(109)) - JvmPauseMonitor-4172555c-9a12-4ec2-8c60-ee93d59dcb13: Stopped
2021-09-24 06:40:36,439 [Time-limited test] INFO  utils.BackgroundService (BackgroundService.java:shutdown(132)) - Shutting down service BlockDeletingService
2021-09-24 06:40:39,412 [ForkJoinPool.commonPool-worker-1] INFO  statemachine.DatanodeStateMachine (DatanodeStateMachine.java:stopDaemon(515)) - Ozone container server stopped.
2021-09-24 06:40:39,413 [ForkJoinPool.commonPool-worker-1] INFO  handler.ContextHandler (ContextHandler.java:doStop(1153)) - Stopped o.e.j.w.WebAppContext@30003f79{hddsDatanode,/,null,STOPPED}{jar:file:/home/runner/.m2/repository/org/apache/ozone/hdds-container-service/1.2.0-SNAPSHOT/hdds-container-service-1.2.0-SNAPSHOT.jar!/webapps/hddsDatanode}
2021-09-24 06:40:39,415 [ForkJoinPool.commonPool-worker-1] INFO  server.AbstractConnector (AbstractConnector.java:doStop(381)) - Stopped ServerConnector@355dbbd4{HTTP/1.1, (http/1.1)}{0.0.0.0:0}
2021-09-24 06:40:39,415 [ForkJoinPool.commonPool-worker-1] INFO  server.session (HouseKeeper.java:stopScavenging(149)) - node0 Stopped scavenging
2021-09-24 06:40:39,415 [ForkJoinPool.commonPool-worker-1] INFO  handler.ContextHandler (ContextHandler.java:doStop(1153)) - Stopped o.e.j.s.ServletContextHandler@25ad3a25{static,/static,jar:file:/home/runner/.m2/repository/org/apache/ozone/hdds-container-service/1.2.0-SNAPSHOT/hdds-container-service-1.2.0-SNAPSHOT.jar!/webapps/static,STOPPED}
2021-09-24 06:40:39,415 [ForkJoinPool.commonPool-worker-1] INFO  handler.ContextHandler (ContextHandler.java:doStop(1153)) - Stopped o.e.j.s.ServletContextHandler@5eb1230d{logs,/logs,file:///home/runner/work/ozone/ozone/hadoop-ozone/integration-test/target/log,STOPPED}
2021-09-24 06:40:39,442 [Time-limited test] INFO  statemachine.DatanodeStateMachine (DatanodeStateMachine.java:stopDaemon(515)) - Ozone container server stopped.
2021-09-24 06:40:39,445 [Time-limited test] INFO  handler.ContextHandler (ContextHandler.java:doStop(1153)) - Stopped o.e.j.w.WebAppContext@4db300f6{hddsDatanode,/,null,STOPPED}{jar:file:/home/runner/.m2/repository/org/apache/ozone/hdds-container-service/1.2.0-SNAPSHOT/hdds-container-service-1.2.0-SNAPSHOT.jar!/webapps/hddsDatanode}
2021-09-24 06:40:39,446 [Time-limited test] INFO  server.AbstractConnector (AbstractConnector.java:doStop(381)) - Stopped ServerConnector@704609f0{HTTP/1.1, (http/1.1)}{0.0.0.0:0}
2021-09-24 06:40:39,446 [Time-limited test] INFO  server.session (HouseKeeper.java:stopScavenging(149)) - node0 Stopped scavenging
2021-09-24 06:40:39,448 [Time-limited test] INFO  handler.ContextHandler (ContextHandler.java:doStop(1153)) - Stopped o.e.j.s.ServletContextHandler@436183aa{static,/static,jar:file:/home/runner/.m2/repository/org/apache/ozone/hdds-container-service/1.2.0-SNAPSHOT/hdds-container-service-1.2.0-SNAPSHOT.jar!/webapps/static,STOPPED}
2021-09-24 06:40:39,448 [Time-limited test] INFO  handler.ContextHandler (ContextHandler.java:doStop(1153)) - Stopped o.e.j.s.ServletContextHandler@412783d3{logs,/logs,file:///home/runner/work/ozone/ozone/hadoop-ozone/integration-test/target/log,STOPPED}
2021-09-24 06:40:41,105 [bf16246d-6f74-4fdf-b7dd-1bcfc33fa8ab@group-842A84C1BF42-FollowerState] INFO  impl.FollowerState (FollowerState.java:run(134)) - bf16246d-6f74-4fdf-b7dd-1bcfc33fa8ab@group-842A84C1BF42-FollowerState: change to CANDIDATE, lastRpcElapsedTime:5201029152ns, electionTimeout:5191ms
2021-09-24 06:40:41,105 [bf16246d-6f74-4fdf-b7dd-1bcfc33fa8ab@group-842A84C1BF42-FollowerState] INFO  impl.RoleInfo (RoleInfo.java:shutdownFollowerState(108)) - bf16246d-6f74-4fdf-b7dd-1bcfc33fa8ab: shutdown bf16246d-6f74-4fdf-b7dd-1bcfc33fa8ab@group-842A84C1BF42-FollowerState
2021-09-24 06:40:41,105 [bf16246d-6f74-4fdf-b7dd-1bcfc33fa8ab@group-842A84C1BF42-FollowerState] INFO  server.RaftServer$Division (RaftServerImpl.java:setRole(285)) - bf16246d-6f74-4fdf-b7dd-1bcfc33fa8ab@group-842A84C1BF42: changes role from  FOLLOWER to CANDIDATE at term 11 for changeToCandidate
2021-09-24 06:40:41,106 [bf16246d-6f74-4fdf-b7dd-1bcfc33fa8ab@group-842A84C1BF42-FollowerState] INFO  server.RaftServerConfigKeys (ConfUtils.java:logGet(44)) - raft.server.leaderelection.pre-vote = false (custom)
2021-09-24 06:40:41,106 [bf16246d-6f74-4fdf-b7dd-1bcfc33fa8ab@group-842A84C1BF42-FollowerState] INFO  impl.RoleInfo (RoleInfo.java:updateAndGet(130)) - bf16246d-6f74-4fdf-b7dd-1bcfc33fa8ab: start bf16246d-6f74-4fdf-b7dd-1bcfc33fa8ab@group-842A84C1BF42-LeaderElection20
2021-09-24 06:40:41,120 [bf16246d-6f74-4fdf-b7dd-1bcfc33fa8ab@group-842A84C1BF42-LeaderElection20] INFO  impl.LeaderElection (LeaderElection.java:askForVotes(306)) - bf16246d-6f74-4fdf-b7dd-1bcfc33fa8ab@group-842A84C1BF42-LeaderElection20 ELECTION round 0: submit vote requests at term 12 for -1: [bf16246d-6f74-4fdf-b7dd-1bcfc33fa8ab|rpc:10.1.0.9:38267|priority:0, 4172555c-9a12-4ec2-8c60-ee93d59dcb13|rpc:10.1.0.9:42897|priority:1, 10e78caa-6890-4c39-bf63-12a9f1ba3d57|rpc:10.1.0.9:38157|priority:0], old=null
2021-09-24 06:40:41,159 [bf16246d-6f74-4fdf-b7dd-1bcfc33fa8ab@group-842A84C1BF42-LeaderElection20] INFO  impl.LeaderElection (LogUtils.java:infoOrTrace(137)) - bf16246d-6f74-4fdf-b7dd-1bcfc33fa8ab@group-842A84C1BF42-LeaderElection20 got exception when requesting votes: java.util.concurrent.ExecutionException: org.apache.ratis.thirdparty.io.grpc.StatusRuntimeException: UNAVAILABLE: io exception
2021-09-24 06:40:41,169 [bf16246d-6f74-4fdf-b7dd-1bcfc33fa8ab@group-842A84C1BF42-LeaderElection20] INFO  impl.LeaderElection (LogUtils.java:infoOrTrace(137)) - bf16246d-6f74-4fdf-b7dd-1bcfc33fa8ab@group-842A84C1BF42-LeaderElection20 got exception when requesting votes: java.util.concurrent.ExecutionException: org.apache.ratis.thirdparty.io.grpc.StatusRuntimeException: UNAVAILABLE: io exception
2021-09-24 06:40:41,169 [bf16246d-6f74-4fdf-b7dd-1bcfc33fa8ab@group-842A84C1BF42-LeaderElection20] INFO  impl.LeaderElection (LeaderElection.java:logAndReturn(89)) - bf16246d-6f74-4fdf-b7dd-1bcfc33fa8ab@group-842A84C1BF42-LeaderElection20: ELECTION REJECTED received 0 response(s) and 2 exception(s):
2021-09-24 06:40:41,170 [bf16246d-6f74-4fdf-b7dd-1bcfc33fa8ab@group-842A84C1BF42-LeaderElection20] INFO  impl.LeaderElection (LogUtils.java:infoOrTrace(137)) -   Exception 0: java.util.concurrent.ExecutionException: org.apache.ratis.thirdparty.io.grpc.StatusRuntimeException: UNAVAILABLE: io exception
2021-09-24 06:40:41,170 [bf16246d-6f74-4fdf-b7dd-1bcfc33fa8ab@group-842A84C1BF42-LeaderElection20] INFO  impl.LeaderElection (LogUtils.java:infoOrTrace(137)) -   Exception 1: java.util.concurrent.ExecutionException: org.apache.ratis.thirdparty.io.grpc.StatusRuntimeException: UNAVAILABLE: io exception
2021-09-24 06:40:41,170 [bf16246d-6f74-4fdf-b7dd-1bcfc33fa8ab@group-842A84C1BF42-LeaderElection20] INFO  impl.LeaderElection (LeaderElection.java:askForVotes(308)) - bf16246d-6f74-4fdf-b7dd-1bcfc33fa8ab@group-842A84C1BF42-LeaderElection20 ELECTION round 0: result REJECTED
2021-09-24 06:40:41,170 [bf16246d-6f74-4fdf-b7dd-1bcfc33fa8ab@group-842A84C1BF42-LeaderElection20] INFO  server.RaftServer$Division (RaftServerImpl.java:setRole(285)) - bf16246d-6f74-4fdf-b7dd-1bcfc33fa8ab@group-842A84C1BF42: changes role from CANDIDATE to FOLLOWER at term 12 for REJECTED
2021-09-24 06:40:41,170 [bf16246d-6f74-4fdf-b7dd-1bcfc33fa8ab@group-842A84C1BF42-LeaderElection20] INFO  impl.RoleInfo (RoleInfo.java:shutdownLeaderElection(121)) - bf16246d-6f74-4fdf-b7dd-1bcfc33fa8ab: shutdown bf16246d-6f74-4fdf-b7dd-1bcfc33fa8ab@group-842A84C1BF42-LeaderElection20
2021-09-24 06:40:41,170 [bf16246d-6f74-4fdf-b7dd-1bcfc33fa8ab@group-842A84C1BF42-LeaderElection20] INFO  impl.RoleInfo (RoleInfo.java:updateAndGet(130)) - bf16246d-6f74-4fdf-b7dd-1bcfc33fa8ab: start bf16246d-6f74-4fdf-b7dd-1bcfc33fa8ab@group-842A84C1BF42-FollowerState
2021-09-24 06:40:44,417 [ForkJoinPool.commonPool-worker-1] INFO  ozoneimpl.OzoneContainer (OzoneContainer.java:stop(325)) - Attempting to stop container services.
2021-09-24 06:40:44,418 [ForkJoinPool.commonPool-worker-1] INFO  server.RaftServer (RaftServerProxy.java:lambda$close$6(391)) - bf16246d-6f74-4fdf-b7dd-1bcfc33fa8ab: close
2021-09-24 06:40:44,418 [ForkJoinPool.commonPool-worker-1] INFO  server.RaftServer$Division (RaftServerImpl.java:lambda$close$4(407)) - bf16246d-6f74-4fdf-b7dd-1bcfc33fa8ab@group-842A84C1BF42: shutdown
2021-09-24 06:40:44,418 [ForkJoinPool.commonPool-worker-1] INFO  util.JmxRegister (JmxRegister.java:unregister(73)) - Successfully un-registered JMX Bean with object name Ratis:service=RaftServer,group=group-842A84C1BF42,id=bf16246d-6f74-4fdf-b7dd-1bcfc33fa8ab
2021-09-24 06:40:44,418 [ForkJoinPool.commonPool-worker-1] INFO  impl.RoleInfo (RoleInfo.java:shutdownFollowerState(108)) - bf16246d-6f74-4fdf-b7dd-1bcfc33fa8ab: shutdown bf16246d-6f74-4fdf-b7dd-1bcfc33fa8ab@group-842A84C1BF42-FollowerState
2021-09-24 06:40:44,419 [ForkJoinPool.commonPool-worker-1] INFO  impl.StateMachineUpdater (StateMachineUpdater.java:stopAndJoin(149)) - bf16246d-6f74-4fdf-b7dd-1bcfc33fa8ab@group-842A84C1BF42-StateMachineUpdater: set stopIndex = -1
2021-09-24 06:40:44,419 [bf16246d-6f74-4fdf-b7dd-1bcfc33fa8ab@group-842A84C1BF42-FollowerState] INFO  impl.FollowerState (FollowerState.java:run(143)) - bf16246d-6f74-4fdf-b7dd-1bcfc33fa8ab@group-842A84C1BF42-FollowerState was interrupted: {}
java.lang.InterruptedException: sleep interrupted
	at java.lang.Thread.sleep(Native Method)
	at java.lang.Thread.sleep(Thread.java:340)
	at java.util.concurrent.TimeUnit.sleep(TimeUnit.java:386)
	at org.apache.ratis.util.TimeDuration.sleep(TimeDuration.java:324)
	at org.apache.ratis.util.TimeDuration.sleep(TimeDuration.java:309)
	at org.apache.ratis.server.impl.FollowerState.run(FollowerState.java:118)
2021-09-24 06:40:44,420 [ForkJoinPool.commonPool-worker-1] INFO  server.RaftServer$Division (ServerState.java:close(419)) - bf16246d-6f74-4fdf-b7dd-1bcfc33fa8ab@group-842A84C1BF42: closes. applyIndex: -1
2021-09-24 06:40:44,420 [bf16246d-6f74-4fdf-b7dd-1bcfc33fa8ab@group-842A84C1BF42-SegmentedRaftLogWorker] INFO  segmented.SegmentedRaftLogWorker (SegmentedRaftLogWorker.java:run(327)) - bf16246d-6f74-4fdf-b7dd-1bcfc33fa8ab@group-842A84C1BF42-SegmentedRaftLogWorker was interrupted, exiting. There are 0 tasks remaining in the queue.
2021-09-24 06:40:44,420 [ForkJoinPool.commonPool-worker-1] INFO  segmented.SegmentedRaftLogWorker (SegmentedRaftLogWorker.java:close(237)) - bf16246d-6f74-4fdf-b7dd-1bcfc33fa8ab@group-842A84C1BF42-SegmentedRaftLogWorker close()
2021-09-24 06:40:44,421 [ForkJoinPool.commonPool-worker-1] INFO  server.RaftServer$Division (RaftServerImpl.java:lambda$close$4(407)) - bf16246d-6f74-4fdf-b7dd-1bcfc33fa8ab@group-2EFAC84EFCEC: shutdown
2021-09-24 06:40:44,421 [ForkJoinPool.commonPool-worker-1] INFO  util.JmxRegister (JmxRegister.java:unregister(73)) - Successfully un-registered JMX Bean with object name Ratis:service=RaftServer,group=group-2EFAC84EFCEC,id=bf16246d-6f74-4fdf-b7dd-1bcfc33fa8ab
2021-09-24 06:40:44,421 [ForkJoinPool.commonPool-worker-1] INFO  impl.RoleInfo (RoleInfo.java:shutdownLeaderState(91)) - bf16246d-6f74-4fdf-b7dd-1bcfc33fa8ab: shutdown bf16246d-6f74-4fdf-b7dd-1bcfc33fa8ab@group-2EFAC84EFCEC-LeaderStateImpl
2021-09-24 06:40:44,421 [ForkJoinPool.commonPool-worker-1] INFO  impl.PendingRequests (PendingRequests.java:sendNotLeaderResponses(282)) - bf16246d-6f74-4fdf-b7dd-1bcfc33fa8ab@group-2EFAC84EFCEC-PendingRequests: sendNotLeaderResponses
2021-09-24 06:40:44,422 [bf16246d-6f74-4fdf-b7dd-1bcfc33fa8ab@group-2EFAC84EFCEC-StateMachineUpdater] INFO  ratis.ContainerStateMachine (ContainerStateMachine.java:takeSnapshot(292)) - group-2EFAC84EFCEC: Taking a snapshot at:(t:1, i:0) file /home/runner/work/ozone/ozone/hadoop-ozone/integration-test/target/test-dir/MiniOzoneClusterImpl-f3f49fad-ab5e-4528-a036-203aca2c3bfa/datanode-2/data/ratis/89be3c85-330a-4911-80fb-2efac84efcec/sm/snapshot.1_0
2021-09-24 06:40:44,422 [ForkJoinPool.commonPool-worker-1] INFO  impl.StateMachineUpdater (StateMachineUpdater.java:stopAndJoin(149)) - bf16246d-6f74-4fdf-b7dd-1bcfc33fa8ab@group-2EFAC84EFCEC-StateMachineUpdater: set stopIndex = 0
2021-09-24 06:40:44,423 [bf16246d-6f74-4fdf-b7dd-1bcfc33fa8ab@group-2EFAC84EFCEC-StateMachineUpdater] INFO  ratis.ContainerStateMachine (ContainerStateMachine.java:takeSnapshot(303)) - group-2EFAC84EFCEC: Finished taking a snapshot at:(t:1, i:0) file:/home/runner/work/ozone/ozone/hadoop-ozone/integration-test/target/test-dir/MiniOzoneClusterImpl-f3f49fad-ab5e-4528-a036-203aca2c3bfa/datanode-2/data/ratis/89be3c85-330a-4911-80fb-2efac84efcec/sm/snapshot.1_0 took: 1 ms
2021-09-24 06:40:44,423 [bf16246d-6f74-4fdf-b7dd-1bcfc33fa8ab@group-2EFAC84EFCEC-StateMachineUpdater] INFO  impl.StateMachineUpdater (StateMachineUpdater.java:takeSnapshot(281)) - bf16246d-6f74-4fdf-b7dd-1bcfc33fa8ab@group-2EFAC84EFCEC-StateMachineUpdater: Took a snapshot at index 0
2021-09-24 06:40:44,423 [bf16246d-6f74-4fdf-b7dd-1bcfc33fa8ab@group-2EFAC84EFCEC-StateMachineUpdater] INFO  impl.StateMachineUpdater (StateMachineUpdater.java:lambda$new$0(89)) - bf16246d-6f74-4fdf-b7dd-1bcfc33fa8ab@group-2EFAC84EFCEC-StateMachineUpdater: snapshotIndex: updateIncreasingly -1 -> 0
2021-09-24 06:40:44,424 [ForkJoinPool.commonPool-worker-1] INFO  server.RaftServer$Division (ServerState.java:close(419)) - bf16246d-6f74-4fdf-b7dd-1bcfc33fa8ab@group-2EFAC84EFCEC: closes. applyIndex: 0
2021-09-24 06:40:44,424 [bf16246d-6f74-4fdf-b7dd-1bcfc33fa8ab@group-2EFAC84EFCEC-SegmentedRaftLogWorker] INFO  segmented.SegmentedRaftLogWorker (SegmentedRaftLogWorker.java:run(327)) - bf16246d-6f74-4fdf-b7dd-1bcfc33fa8ab@group-2EFAC84EFCEC-SegmentedRaftLogWorker was interrupted, exiting. There are 0 tasks remaining in the queue.
2021-09-24 06:40:44,434 [ForkJoinPool.commonPool-worker-1] INFO  segmented.SegmentedRaftLogWorker (SegmentedRaftLogWorker.java:close(237)) - bf16246d-6f74-4fdf-b7dd-1bcfc33fa8ab@group-2EFAC84EFCEC-SegmentedRaftLogWorker close()
2021-09-24 06:40:44,435 [ForkJoinPool.commonPool-worker-1] INFO  server.GrpcService (GrpcService.java:closeImpl(262)) - bf16246d-6f74-4fdf-b7dd-1bcfc33fa8ab: shutdown server with port 38267 now
2021-09-24 06:40:44,437 [ForkJoinPool.commonPool-worker-1] INFO  server.GrpcService (GrpcService.java:closeImpl(271)) - bf16246d-6f74-4fdf-b7dd-1bcfc33fa8ab: shutdown server with port 38267 successfully
2021-09-24 06:40:44,437 [org.apache.ratis.util.JvmPauseMonitor$$Lambda$531/356910227@62e00337] INFO  util.JvmPauseMonitor (JvmPauseMonitor.java:run(109)) - JvmPauseMonitor-bf16246d-6f74-4fdf-b7dd-1bcfc33fa8ab: Stopped
2021-09-24 06:40:44,439 [ForkJoinPool.commonPool-worker-1] INFO  utils.BackgroundService (BackgroundService.java:shutdown(132)) - Shutting down service BlockDeletingService
2021-09-24 06:40:47,451 [ForkJoinPool.commonPool-worker-1] INFO  statemachine.DatanodeStateMachine (DatanodeStateMachine.java:stopDaemon(515)) - Ozone container server stopped.
2021-09-24 06:40:47,452 [ForkJoinPool.commonPool-worker-1] INFO  handler.ContextHandler (ContextHandler.java:doStop(1153)) - Stopped o.e.j.w.WebAppContext@45d719d0{hddsDatanode,/,null,STOPPED}{jar:file:/home/runner/.m2/repository/org/apache/ozone/hdds-container-service/1.2.0-SNAPSHOT/hdds-container-service-1.2.0-SNAPSHOT.jar!/webapps/hddsDatanode}
2021-09-24 06:40:47,453 [ForkJoinPool.commonPool-worker-1] INFO  server.AbstractConnector (AbstractConnector.java:doStop(381)) - Stopped ServerConnector@601625ba{HTTP/1.1, (http/1.1)}{0.0.0.0:0}
2021-09-24 06:40:47,453 [ForkJoinPool.commonPool-worker-1] INFO  server.session (HouseKeeper.java:stopScavenging(149)) - node0 Stopped scavenging
2021-09-24 06:40:47,453 [ForkJoinPool.commonPool-worker-1] INFO  handler.ContextHandler (ContextHandler.java:doStop(1153)) - Stopped o.e.j.s.ServletContextHandler@5426f4e3{static,/static,jar:file:/home/runner/.m2/repository/org/apache/ozone/hdds-container-service/1.2.0-SNAPSHOT/hdds-container-service-1.2.0-SNAPSHOT.jar!/webapps/static,STOPPED}
2021-09-24 06:40:47,453 [ForkJoinPool.commonPool-worker-1] INFO  handler.ContextHandler (ContextHandler.java:doStop(1153)) - Stopped o.e.j.s.ServletContextHandler@6a9b6e6e{logs,/logs,file:///home/runner/work/ozone/ozone/hadoop-ozone/integration-test/target/log,STOPPED}
2021-09-24 06:40:47,458 [Time-limited test] INFO  ozone.MiniOzoneClusterImpl (MiniOzoneClusterImpl.java:stopSCM(542)) - Stopping the StorageContainerManager
2021-09-24 06:40:47,459 [Time-limited test] INFO  server.StorageContainerManager (StorageContainerManager.java:stop(1371)) - Stopping Container Balancer service.
2021-09-24 06:40:47,459 [Time-limited test] INFO  balancer.ContainerBalancer (ContainerBalancer.java:stop(717)) - Container Balancer is not running.
2021-09-24 06:40:47,459 [Time-limited test] INFO  server.StorageContainerManager (StorageContainerManager.java:stop(1378)) - Stopping Replication Manager Service.
2021-09-24 06:40:47,459 [Time-limited test] INFO  container.ReplicationManager (ReplicationManager.java:stop(350)) - Stopping Replication Monitor Thread.
2021-09-24 06:40:47,459 [Time-limited test] INFO  server.StorageContainerManager (StorageContainerManager.java:stop(1385)) - Stopping the Datanode Admin Monitor.
2021-09-24 06:40:47,459 [Time-limited test] INFO  server.StorageContainerManager (StorageContainerManager.java:stop(1392)) - Stopping Lease Manager of the command watchers
2021-09-24 06:40:47,459 [Time-limited test] INFO  server.StorageContainerManager (StorageContainerManager.java:stop(1399)) - Stopping datanode service RPC server
2021-09-24 06:40:47,460 [Time-limited test] INFO  server.SCMDatanodeProtocolServer (SCMDatanodeProtocolServer.java:stop(389)) - Stopping the RPC server for DataNodes
2021-09-24 06:40:47,460 [Time-limited test] INFO  ipc.Server (Server.java:stop(3414)) - Stopping server on 38197
2021-09-24 06:40:47,463 [IPC Server listener on 0] INFO  ipc.Server (Server.java:run(1376)) - Stopping IPC Server listener on 0
2021-09-24 06:40:47,463 [IPC Server Responder] INFO  ipc.Server (Server.java:run(1512)) - Stopping IPC Server Responder
2021-09-24 06:40:47,517 [SCM Heartbeat Processing Thread - 0] WARN  node.NodeStateManager (NodeStateManager.java:scheduleNextHealthCheck(799)) - Current Thread is interrupted, shutting down HB processing thread for Node Manager.
2021-09-24 06:40:47,517 [Time-limited test] INFO  server.StorageContainerManager (StorageContainerManager.java:stop(1407)) - Stopping block service RPC server
2021-09-24 06:40:47,518 [Time-limited test] INFO  server.SCMBlockProtocolServer (SCMBlockProtocolServer.java:stop(160)) - Stopping the RPC server for Block Protocol
2021-09-24 06:40:47,518 [Time-limited test] INFO  ipc.Server (Server.java:stop(3414)) - Stopping server on 34581
2021-09-24 06:40:47,520 [IPC Server listener on 0] INFO  ipc.Server (Server.java:run(1376)) - Stopping IPC Server listener on 0
2021-09-24 06:40:47,520 [IPC Server Responder] INFO  ipc.Server (Server.java:run(1512)) - Stopping IPC Server Responder
2021-09-24 06:40:47,521 [Time-limited test] INFO  server.StorageContainerManager (StorageContainerManager.java:stop(1414)) - Stopping the StorageContainerLocationProtocol RPC server
2021-09-24 06:40:47,521 [Time-limited test] INFO  server.SCMClientProtocolServer (SCMClientProtocolServer.java:stop(173)) - Stopping the RPC server for Client Protocol
2021-09-24 06:40:47,522 [Time-limited test] INFO  ipc.Server (Server.java:stop(3414)) - Stopping server on 46067
2021-09-24 06:40:47,523 [IPC Server listener on 0] INFO  ipc.Server (Server.java:run(1376)) - Stopping IPC Server listener on 0
2021-09-24 06:40:47,524 [IPC Server Responder] INFO  ipc.Server (Server.java:run(1512)) - Stopping IPC Server Responder
2021-09-24 06:40:47,524 [Time-limited test] INFO  server.StorageContainerManager (StorageContainerManager.java:stop(1421)) - Stopping Storage Container Manager HTTP server.
2021-09-24 06:40:47,526 [Time-limited test] INFO  handler.ContextHandler (ContextHandler.java:doStop(1153)) - Stopped o.e.j.w.WebAppContext@32e55506{scm,/,null,STOPPED}{file:/home/runner/work/ozone/ozone/hadoop-ozone/integration-test/target/test-classes/webapps/scm}
2021-09-24 06:40:47,530 [Time-limited test] INFO  server.AbstractConnector (AbstractConnector.java:doStop(381)) - Stopped ServerConnector@1dfb2d7{HTTP/1.1, (http/1.1)}{0.0.0.0:0}
2021-09-24 06:40:47,530 [Time-limited test] INFO  server.session (HouseKeeper.java:stopScavenging(149)) - node0 Stopped scavenging
2021-09-24 06:40:47,534 [Time-limited test] INFO  handler.ContextHandler (ContextHandler.java:doStop(1153)) - Stopped o.e.j.s.ServletContextHandler@77185470{static,/static,file:///home/runner/work/ozone/ozone/hadoop-ozone/integration-test/target/test-classes/webapps/static,STOPPED}
2021-09-24 06:40:47,535 [Time-limited test] INFO  handler.ContextHandler (ContextHandler.java:doStop(1153)) - Stopped o.e.j.s.ServletContextHandler@5e0e9f43{logs,/logs,file:///home/runner/work/ozone/ozone/hadoop-ozone/integration-test/target/log,STOPPED}
2021-09-24 06:40:47,536 [Time-limited test] INFO  server.StorageContainerManager (StorageContainerManager.java:stop(1432)) - Stopping Block Manager Service.
2021-09-24 06:40:47,536 [Time-limited test] INFO  utils.BackgroundService (BackgroundService.java:shutdown(132)) - Shutting down service SCMBlockDeletingService
2021-09-24 06:40:47,536 [Time-limited test] INFO  utils.BackgroundService (BackgroundService.java:shutdown(132)) - Shutting down service SCMBlockDeletingService
2021-09-24 06:40:47,537 [Time-limited test] INFO  server.StorageContainerManager (StorageContainerManager.java:stop(1459)) - Stopping SCM Event Queue.
2021-09-24 06:40:47,538 [Time-limited test] INFO  server.StorageContainerManager (StorageContainerManager.java:stop(1470)) - Stopping SCM HA services.
2021-09-24 06:40:47,539 [Time-limited test] INFO  pipeline.BackgroundPipelineCreator (BackgroundPipelineCreatorV2.java:stop(158)) - Stopping RatisPipelineUtilsThread.
2021-09-24 06:40:47,539 [Time-limited test] INFO  server.StorageContainerManager (StorageContainerManager.java:stop(1480)) - Stopping SCM MetadataStore.
2021-09-24 06:40:47,540 [Time-limited test] INFO  impl.MetricsSystemImpl (MetricsSystemImpl.java:stop(210)) - Stopping HddsDatanode metrics system...
2021-09-24 06:40:47,542 [prometheus] INFO  impl.MetricsSinkAdapter (MetricsSinkAdapter.java:publishMetricsFromQueue(141)) - prometheus thread interrupted.
2021-09-24 06:40:47,542 [Time-limited test] INFO  impl.MetricsSystemImpl (MetricsSystemImpl.java:stop(216)) - HddsDatanode metrics system stopped.
]]></system-out>
  </testcase>
  <testcase name="testDNstartAfterSCM" classname="org.apache.hadoop.ozone.TestMiniOzoneCluster" time="62.834"/>
  <testcase name="testDatanodeIDPersistent" classname="org.apache.hadoop.ozone.TestMiniOzoneCluster" time="0.101"/>
  <testcase name="testContainerRandomPort" classname="org.apache.hadoop.ozone.TestMiniOzoneCluster" time="19.596"/>
</testsuite>