<?xml version="1.0" encoding="UTF-8"?>
<testsuite xmlns:xsi="http://www.w3.org/2001/XMLSchema-instance" xsi:noNamespaceSchemaLocation="https://maven.apache.org/surefire/maven-surefire-plugin/xsd/surefire-test-report.xsd" name="org.apache.hadoop.ozone.client.rpc.TestBlockOutputStreamWithFailures" time="721.655" tests="8" errors="1" skipped="0" failures="0">
  <properties>
    <property name="awt.toolkit" value="sun.awt.X11.XToolkit"/>
    <property name="file.encoding.pkg" value="sun.io"/>
    <property name="java.specification.version" value="1.8"/>
    <property name="sun.cpu.isalist" value=""/>
    <property name="sun.jnu.encoding" value="UTF-8"/>
    <property name="java.class.path" value="/home/runner/work/ozone/ozone/mnt/ozone/hadoop-ozone/integration-test/target/test-classes:/home/runner/work/ozone/ozone/mnt/ozone/hadoop-ozone/integration-test/target/classes:/home/runner/.m2/repository/org/apache/ozone/ozone-common/1.2.0-SNAPSHOT/ozone-common-1.2.0-SNAPSHOT.jar:/home/runner/.m2/repository/org/apache/commons/commons-compress/1.20/commons-compress-1.20.jar:/home/runner/.m2/repository/org/apache/ozone/hdds-common/1.2.0-SNAPSHOT/hdds-common-1.2.0-SNAPSHOT.jar:/home/runner/.m2/repository/org/apache/ozone/hdds-client/1.2.0-SNAPSHOT/hdds-client-1.2.0-SNAPSHOT.jar:/home/runner/.m2/repository/org/apache/ozone/ozone-interface-client/1.2.0-SNAPSHOT/ozone-interface-client-1.2.0-SNAPSHOT.jar:/home/runner/.m2/repository/org/apache/ozone/hdds-test-utils/1.2.0-SNAPSHOT/hdds-test-utils-1.2.0-SNAPSHOT.jar:/home/runner/.m2/repository/com/google/guava/guava/30.1.1-jre/guava-30.1.1-jre.jar:/home/runner/.m2/repository/com/google/guava/failureaccess/1.0.1/failureaccess-1.0.1.jar:/home/runner/.m2/repository/com/google/guava/listenablefuture/9999.0-empty-to-avoid-conflict-with-guava/listenablefuture-9999.0-empty-to-avoid-conflict-with-guava.jar:/home/runner/.m2/repository/com/google/code/findbugs/jsr305/3.0.0/jsr305-3.0.0.jar:/home/runner/.m2/repository/org/checkerframework/checker-qual/3.8.0/checker-qual-3.8.0.jar:/home/runner/.m2/repository/com/google/errorprone/error_prone_annotations/2.2.0/error_prone_annotations-2.2.0.jar:/home/runner/.m2/repository/com/google/j2objc/j2objc-annotations/1.3/j2objc-annotations-1.3.jar:/home/runner/.m2/repository/commons-io/commons-io/2.8.0/commons-io-2.8.0.jar:/home/runner/.m2/repository/commons-logging/commons-logging/1.2/commons-logging-1.2.jar:/home/runner/.m2/repository/log4j/log4j/1.2.17/log4j-1.2.17.jar:/home/runner/.m2/repository/org/slf4j/slf4j-api/1.7.30/slf4j-api-1.7.30.jar:/home/runner/.m2/repository/org/apache/ozone/hdds-server-scm/1.2.0-SNAPSHOT/hdds-server-scm-1.2.0-SNAPSHOT.jar:/home/runner/.m2/repository/org/apache/ozone/hdds-container-service/1.2.0-SNAPSHOT/hdds-container-service-1.2.0-SNAPSHOT.jar:/home/runner/.m2/repository/org/apache/ozone/hdds-hadoop-dependency-server/1.2.0-SNAPSHOT/hdds-hadoop-dependency-server-1.2.0-SNAPSHOT.jar:/home/runner/.m2/repository/org/apache/hadoop/hadoop-hdfs/3.2.2/hadoop-hdfs-3.2.2.jar:/home/runner/.m2/repository/org/apache/ozone/hdds-server-framework/1.2.0-SNAPSHOT/hdds-server-framework-1.2.0-SNAPSHOT.jar:/home/runner/.m2/repository/org/apache/ozone/hdds-interface-server/1.2.0-SNAPSHOT/hdds-interface-server-1.2.0-SNAPSHOT.jar:/home/runner/.m2/repository/org/eclipse/jetty/jetty-servlet/9.4.35.v20201120/jetty-servlet-9.4.35.v20201120.jar:/home/runner/.m2/repository/org/eclipse/jetty/jetty-security/9.4.35.v20201120/jetty-security-9.4.35.v20201120.jar:/home/runner/.m2/repository/org/rocksdb/rocksdbjni/6.20.3/rocksdbjni-6.20.3.jar:/home/runner/.m2/repository/io/prometheus/simpleclient_dropwizard/0.7.0/simpleclient_dropwizard-0.7.0.jar:/home/runner/.m2/repository/io/prometheus/simpleclient/0.7.0/simpleclient-0.7.0.jar:/home/runner/.m2/repository/io/prometheus/simpleclient_common/0.7.0/simpleclient_common-0.7.0.jar:/home/runner/.m2/repository/com/fasterxml/jackson/datatype/jackson-datatype-jsr310/2.12.1/jackson-datatype-jsr310-2.12.1.jar:/home/runner/.m2/repository/io/dropwizard/metrics/metrics-core/3.2.4/metrics-core-3.2.4.jar:/home/runner/.m2/repository/org/apache/hadoop/hadoop-hdfs-client/3.2.2/hadoop-hdfs-client-3.2.2.jar:/home/runner/.m2/repository/org/bouncycastle/bcprov-jdk15on/1.67/bcprov-jdk15on-1.67.jar:/home/runner/.m2/repository/com/google/protobuf/protobuf-java/2.5.0/protobuf-java-2.5.0.jar:/home/runner/.m2/repository/org/apache/ozone/ozone-manager/1.2.0-SNAPSHOT/ozone-manager-1.2.0-SNAPSHOT.jar:/home/runner/.m2/repository/org/apache/ozone/hdds-interface-client/1.2.0-SNAPSHOT/hdds-interface-client-1.2.0-SNAPSHOT.jar:/home/runner/.m2/repository/org/apache/ratis/ratis-thirdparty-misc/0.7.0-a398b19-SNAPSHOT/ratis-thirdparty-misc-0.7.0-a398b19-SNAPSHOT.jar:/home/runner/.m2/repository/org/apache/ozone/ozone-interface-storage/1.2.0-SNAPSHOT/ozone-interface-storage-1.2.0-SNAPSHOT.jar:/home/runner/.m2/repository/org/apache/hadoop/hadoop-minikdc/3.2.2/hadoop-minikdc-3.2.2.jar:/home/runner/.m2/repository/org/apache/kerby/kerb-simplekdc/1.0.1/kerb-simplekdc-1.0.1.jar:/home/runner/.m2/repository/org/apache/kerby/kerb-client/1.0.1/kerb-client-1.0.1.jar:/home/runner/.m2/repository/org/apache/kerby/kerby-config/1.0.1/kerby-config-1.0.1.jar:/home/runner/.m2/repository/org/apache/kerby/kerb-core/1.0.1/kerb-core-1.0.1.jar:/home/runner/.m2/repository/org/apache/kerby/kerby-pkix/1.0.1/kerby-pkix-1.0.1.jar:/home/runner/.m2/repository/org/apache/kerby/kerby-asn1/1.0.1/kerby-asn1-1.0.1.jar:/home/runner/.m2/repository/org/apache/kerby/kerby-util/1.0.1/kerby-util-1.0.1.jar:/home/runner/.m2/repository/org/apache/kerby/kerb-common/1.0.1/kerb-common-1.0.1.jar:/home/runner/.m2/repository/org/apache/kerby/kerb-crypto/1.0.1/kerb-crypto-1.0.1.jar:/home/runner/.m2/repository/org/apache/kerby/kerb-util/1.0.1/kerb-util-1.0.1.jar:/home/runner/.m2/repository/org/apache/kerby/token-provider/1.0.1/token-provider-1.0.1.jar:/home/runner/.m2/repository/org/apache/kerby/kerb-admin/1.0.1/kerb-admin-1.0.1.jar:/home/runner/.m2/repository/org/apache/kerby/kerb-server/1.0.1/kerb-server-1.0.1.jar:/home/runner/.m2/repository/org/apache/kerby/kerb-identity/1.0.1/kerb-identity-1.0.1.jar:/home/runner/.m2/repository/org/apache/kerby/kerby-xdr/1.0.1/kerby-xdr-1.0.1.jar:/home/runner/.m2/repository/org/slf4j/slf4j-log4j12/1.7.30/slf4j-log4j12-1.7.30.jar:/home/runner/.m2/repository/org/apache/ozone/ozone-s3gateway/1.2.0-SNAPSHOT/ozone-s3gateway-1.2.0-SNAPSHOT.jar:/home/runner/.m2/repository/org/jboss/weld/servlet/weld-servlet/2.4.7.Final/weld-servlet-2.4.7.Final.jar:/home/runner/.m2/repository/org/glassfish/jersey/containers/jersey-container-servlet-core/2.33/jersey-container-servlet-core-2.33.jar:/home/runner/.m2/repository/org/glassfish/hk2/external/jakarta.inject/2.6.1/jakarta.inject-2.6.1.jar:/home/runner/.m2/repository/org/glassfish/jersey/core/jersey-common/2.33/jersey-common-2.33.jar:/home/runner/.m2/repository/jakarta/ws/rs/jakarta.ws.rs-api/2.1.6/jakarta.ws.rs-api-2.1.6.jar:/home/runner/.m2/repository/org/glassfish/jersey/ext/cdi/jersey-cdi1x/2.33/jersey-cdi1x-2.33.jar:/home/runner/.m2/repository/org/glassfish/jersey/inject/jersey-hk2/2.33/jersey-hk2-2.33.jar:/home/runner/.m2/repository/org/glassfish/hk2/hk2-locator/2.6.1/hk2-locator-2.6.1.jar:/home/runner/.m2/repository/org/javassist/javassist/3.25.0-GA/javassist-3.25.0-GA.jar:/home/runner/.m2/repository/org/glassfish/jersey/media/jersey-media-jaxb/2.33/jersey-media-jaxb-2.33.jar:/home/runner/.m2/repository/org/glassfish/hk2/osgi-resource-locator/1.0.3/osgi-resource-locator-1.0.3.jar:/home/runner/.m2/repository/org/glassfish/hk2/hk2-api/2.5.0/hk2-api-2.5.0.jar:/home/runner/.m2/repository/org/glassfish/hk2/hk2-utils/2.5.0/hk2-utils-2.5.0.jar:/home/runner/.m2/repository/org/glassfish/hk2/external/aopalliance-repackaged/2.5.0/aopalliance-repackaged-2.5.0.jar:/home/runner/.m2/repository/com/fasterxml/jackson/dataformat/jackson-dataformat-xml/2.12.1/jackson-dataformat-xml-2.12.1.jar:/home/runner/.m2/repository/com/fasterxml/jackson/core/jackson-core/2.12.1/jackson-core-2.12.1.jar:/home/runner/.m2/repository/com/fasterxml/jackson/module/jackson-module-jaxb-annotations/2.12.1/jackson-module-jaxb-annotations-2.12.1.jar:/home/runner/.m2/repository/jakarta/xml/bind/jakarta.xml.bind-api/2.3.2/jakarta.xml.bind-api-2.3.2.jar:/home/runner/.m2/repository/jakarta/activation/jakarta.activation-api/1.2.1/jakarta.activation-api-1.2.1.jar:/home/runner/.m2/repository/org/codehaus/woodstox/stax2-api/3.1.4/stax2-api-3.1.4.jar:/home/runner/.m2/repository/com/fasterxml/woodstox/woodstox-core/5.0.3/woodstox-core-5.0.3.jar:/home/runner/.m2/repository/javax/enterprise/cdi-api/1.2/cdi-api-1.2.jar:/home/runner/.m2/repository/javax/el/javax.el-api/3.0.0/javax.el-api-3.0.0.jar:/home/runner/.m2/repository/javax/interceptor/javax.interceptor-api/1.2/javax.interceptor-api-1.2.jar:/home/runner/.m2/repository/javax/inject/javax.inject/1/javax.inject-1.jar:/home/runner/.m2/repository/javax/xml/bind/jaxb-api/2.3.0/jaxb-api-2.3.0.jar:/home/runner/.m2/repository/org/glassfish/jaxb/jaxb-runtime/2.3.0.1/jaxb-runtime-2.3.0.1.jar:/home/runner/.m2/repository/org/glassfish/jaxb/jaxb-core/2.3.0.1/jaxb-core-2.3.0.1.jar:/home/runner/.m2/repository/org/glassfish/jaxb/txw2/2.3.0.1/txw2-2.3.0.1.jar:/home/runner/.m2/repository/com/sun/istack/istack-commons-runtime/3.0.5/istack-commons-runtime-3.0.5.jar:/home/runner/.m2/repository/org/jvnet/staxex/stax-ex/1.7.8/stax-ex-1.7.8.jar:/home/runner/.m2/repository/com/sun/xml/fastinfoset/FastInfoset/1.2.13/FastInfoset-1.2.13.jar:/home/runner/.m2/repository/javax/activation/activation/1.1.1/activation-1.1.1.jar:/home/runner/.m2/repository/org/apache/ozone/ozone-csi/1.2.0-SNAPSHOT/ozone-csi-1.2.0-SNAPSHOT.jar:/home/runner/.m2/repository/com/google/protobuf/protobuf-java-util/3.12.0/protobuf-java-util-3.12.0.jar:/home/runner/.m2/repository/com/google/code/gson/gson/2.2.4/gson-2.2.4.jar:/home/runner/.m2/repository/org/apache/ozone/hdds-config/1.2.0-SNAPSHOT/hdds-config-1.2.0-SNAPSHOT.jar:/home/runner/.m2/repository/io/grpc/grpc-netty/1.33.0/grpc-netty-1.33.0.jar:/home/runner/.m2/repository/io/grpc/grpc-core/1.33.0/grpc-core-1.33.0.jar:/home/runner/.m2/repository/com/google/android/annotations/4.1.1.4/annotations-4.1.1.4.jar:/home/runner/.m2/repository/io/netty/netty-codec-http2/4.1.63.Final/netty-codec-http2-4.1.63.Final.jar:/home/runner/.m2/repository/io/netty/netty-codec-http/4.1.63.Final/netty-codec-http-4.1.63.Final.jar:/home/runner/.m2/repository/io/netty/netty-handler-proxy/4.1.63.Final/netty-handler-proxy-4.1.63.Final.jar:/home/runner/.m2/repository/io/netty/netty-codec-socks/4.1.63.Final/netty-codec-socks-4.1.63.Final.jar:/home/runner/.m2/repository/io/perfmark/perfmark-api/0.19.0/perfmark-api-0.19.0.jar:/home/runner/.m2/repository/org/codehaus/mojo/animal-sniffer-annotations/1.18/animal-sniffer-annotations-1.18.jar:/home/runner/.m2/repository/io/netty/netty-transport-native-epoll/4.1.63.Final/netty-transport-native-epoll-4.1.63.Final.jar:/home/runner/.m2/repository/io/netty/netty-common/4.1.63.Final/netty-common-4.1.63.Final.jar:/home/runner/.m2/repository/io/netty/netty-buffer/4.1.63.Final/netty-buffer-4.1.63.Final.jar:/home/runner/.m2/repository/io/netty/netty-transport-native-unix-common/4.1.63.Final/netty-transport-native-unix-common-4.1.63.Final.jar:/home/runner/.m2/repository/io/grpc/grpc-protobuf/1.33.0/grpc-protobuf-1.33.0.jar:/home/runner/.m2/repository/io/grpc/grpc-api/1.33.0/grpc-api-1.33.0.jar:/home/runner/.m2/repository/io/grpc/grpc-context/1.33.0/grpc-context-1.33.0.jar:/home/runner/.m2/repository/com/google/api/grpc/proto-google-common-protos/1.17.0/proto-google-common-protos-1.17.0.jar:/home/runner/.m2/repository/io/grpc/grpc-protobuf-lite/1.33.0/grpc-protobuf-lite-1.33.0.jar:/home/runner/.m2/repository/io/grpc/grpc-stub/1.33.0/grpc-stub-1.33.0.jar:/home/runner/.m2/repository/org/apache/ozone/ozone-recon/1.2.0-SNAPSHOT/ozone-recon-1.2.0-SNAPSHOT.jar:/home/runner/.m2/repository/org/apache/ozone/ozone-reconcodegen/1.2.0-SNAPSHOT/ozone-reconcodegen-1.2.0-SNAPSHOT.jar:/home/runner/.m2/repository/com/google/inject/extensions/guice-multibindings/4.0/guice-multibindings-4.0.jar:/home/runner/.m2/repository/com/google/inject/guice/4.0/guice-4.0.jar:/home/runner/.m2/repository/aopalliance/aopalliance/1.0/aopalliance-1.0.jar:/home/runner/.m2/repository/com/google/inject/extensions/guice-assistedinject/4.0/guice-assistedinject-4.0.jar:/home/runner/.m2/repository/com/google/inject/extensions/guice-servlet/4.0/guice-servlet-4.0.jar:/home/runner/.m2/repository/org/glassfish/jersey/containers/jersey-container-servlet/2.33/jersey-container-servlet-2.33.jar:/home/runner/.m2/repository/org/glassfish/hk2/guice-bridge/2.5.0/guice-bridge-2.5.0.jar:/home/runner/.m2/repository/org/glassfish/jersey/core/jersey-server/2.33/jersey-server-2.33.jar:/home/runner/.m2/repository/org/glassfish/jersey/core/jersey-client/2.33/jersey-client-2.33.jar:/home/runner/.m2/repository/jakarta/annotation/jakarta.annotation-api/1.3.5/jakarta.annotation-api-1.3.5.jar:/home/runner/.m2/repository/jakarta/validation/jakarta.validation-api/2.0.2/jakarta.validation-api-2.0.2.jar:/home/runner/.m2/repository/org/glassfish/jersey/media/jersey-media-json-jackson/2.33/jersey-media-json-jackson-2.33.jar:/home/runner/.m2/repository/org/glassfish/jersey/ext/jersey-entity-filtering/2.33/jersey-entity-filtering-2.33.jar:/home/runner/.m2/repository/org/jooq/jooq/3.11.10/jooq-3.11.10.jar:/home/runner/.m2/repository/org/jooq/jooq-meta/3.11.10/jooq-meta-3.11.10.jar:/home/runner/.m2/repository/org/jooq/jooq-codegen/3.11.10/jooq-codegen-3.11.10.jar:/home/runner/.m2/repository/com/jolbox/bonecp/0.8.0.RELEASE/bonecp-0.8.0.RELEASE.jar:/home/runner/.m2/repository/org/apache/derby/derby/10.14.2.0/derby-10.14.2.0.jar:/home/runner/.m2/repository/org/xerial/sqlite-jdbc/3.25.2/sqlite-jdbc-3.25.2.jar:/home/runner/.m2/repository/org/springframework/spring-jdbc/5.2.11.RELEASE/spring-jdbc-5.2.11.RELEASE.jar:/home/runner/.m2/repository/org/springframework/spring-beans/5.2.11.RELEASE/spring-beans-5.2.11.RELEASE.jar:/home/runner/.m2/repository/org/springframework/spring-core/5.2.11.RELEASE/spring-core-5.2.11.RELEASE.jar:/home/runner/.m2/repository/org/springframework/spring-jcl/5.2.11.RELEASE/spring-jcl-5.2.11.RELEASE.jar:/home/runner/.m2/repository/org/springframework/spring-tx/5.2.11.RELEASE/spring-tx-5.2.11.RELEASE.jar:/home/runner/.m2/repository/org/apache/ozone/ozone-client/1.2.0-SNAPSHOT/ozone-client-1.2.0-SNAPSHOT.jar:/home/runner/.m2/repository/org/apache/ozone/ozone-filesystem/1.2.0-SNAPSHOT/ozone-filesystem-1.2.0-SNAPSHOT.jar:/home/runner/.m2/repository/org/apache/ozone/ozone-filesystem-common/1.2.0-SNAPSHOT/ozone-filesystem-common-1.2.0-SNAPSHOT.jar:/home/runner/.m2/repository/org/apache/ozone/ozone-tools/1.2.0-SNAPSHOT/ozone-tools-1.2.0-SNAPSHOT.jar:/home/runner/.m2/repository/org/apache/ratis/ratis-tools/2.1.0-ff8aa66-SNAPSHOT/ratis-tools-2.1.0-ff8aa66-SNAPSHOT.jar:/home/runner/.m2/repository/org/apache/ratis/ratis-proto/2.1.0-ff8aa66-SNAPSHOT/ratis-proto-2.1.0-ff8aa66-SNAPSHOT.jar:/home/runner/.m2/repository/org/apache/ratis/ratis-common/2.1.0-ff8aa66-SNAPSHOT/ratis-common-2.1.0-ff8aa66-SNAPSHOT.jar:/home/runner/.m2/repository/com/amazonaws/aws-java-sdk-core/1.11.901/aws-java-sdk-core-1.11.901.jar:/home/runner/.m2/repository/org/apache/httpcomponents/httpclient/4.5.13/httpclient-4.5.13.jar:/home/runner/.m2/repository/org/apache/httpcomponents/httpcore/4.4.13/httpcore-4.4.13.jar:/home/runner/.m2/repository/software/amazon/ion/ion-java/1.0.2/ion-java-1.0.2.jar:/home/runner/.m2/repository/com/fasterxml/jackson/dataformat/jackson-dataformat-cbor/2.12.1/jackson-dataformat-cbor-2.12.1.jar:/home/runner/.m2/repository/joda-time/joda-time/2.8.1/joda-time-2.8.1.jar:/home/runner/.m2/repository/com/amazonaws/aws-java-sdk-s3/1.11.901/aws-java-sdk-s3-1.11.901.jar:/home/runner/.m2/repository/com/amazonaws/aws-java-sdk-kms/1.11.901/aws-java-sdk-kms-1.11.901.jar:/home/runner/.m2/repository/com/amazonaws/jmespath-java/1.11.901/jmespath-java-1.11.901.jar:/home/runner/.m2/repository/org/kohsuke/metainf-services/metainf-services/1.8/metainf-services-1.8.jar:/home/runner/.m2/repository/org/apache/ozone/hdds-tools/1.2.0-SNAPSHOT/hdds-tools-1.2.0-SNAPSHOT.jar:/home/runner/.m2/repository/commons-cli/commons-cli/1.2/commons-cli-1.2.jar:/home/runner/.m2/repository/org/apache/commons/commons-lang3/3.7/commons-lang3-3.7.jar:/home/runner/.m2/repository/org/apache/ozone/ozone-manager/1.2.0-SNAPSHOT/ozone-manager-1.2.0-SNAPSHOT-tests.jar:/home/runner/.m2/repository/org/apache/ozone/hdds-common/1.2.0-SNAPSHOT/hdds-common-1.2.0-SNAPSHOT-tests.jar:/home/runner/.m2/repository/org/apache/ozone/hdds-hadoop-dependency-client/1.2.0-SNAPSHOT/hdds-hadoop-dependency-client-1.2.0-SNAPSHOT.jar:/home/runner/.m2/repository/info/picocli/picocli/4.4.0/picocli-4.4.0.jar:/home/runner/.m2/repository/com/fasterxml/jackson/core/jackson-annotations/2.12.1/jackson-annotations-2.12.1.jar:/home/runner/.m2/repository/javax/annotation/javax.annotation-api/1.2/javax.annotation-api-1.2.jar:/home/runner/.m2/repository/org/apache/ratis/ratis-server/2.1.0-ff8aa66-SNAPSHOT/ratis-server-2.1.0-ff8aa66-SNAPSHOT.jar:/home/runner/.m2/repository/org/apache/ratis/ratis-client/2.1.0-ff8aa66-SNAPSHOT/ratis-client-2.1.0-ff8aa66-SNAPSHOT.jar:/home/runner/.m2/repository/org/apache/ratis/ratis-server-api/2.1.0-ff8aa66-SNAPSHOT/ratis-server-api-2.1.0-ff8aa66-SNAPSHOT.jar:/home/runner/.m2/repository/org/apache/ratis/ratis-metrics/2.1.0-ff8aa66-SNAPSHOT/ratis-metrics-2.1.0-ff8aa66-SNAPSHOT.jar:/home/runner/.m2/repository/org/apache/ratis/ratis-netty/2.1.0-ff8aa66-SNAPSHOT/ratis-netty-2.1.0-ff8aa66-SNAPSHOT.jar:/home/runner/.m2/repository/org/apache/ratis/ratis-grpc/2.1.0-ff8aa66-SNAPSHOT/ratis-grpc-2.1.0-ff8aa66-SNAPSHOT.jar:/home/runner/.m2/repository/org/apache/logging/log4j/log4j-api/2.13.3/log4j-api-2.13.3.jar:/home/runner/.m2/repository/org/apache/logging/log4j/log4j-core/2.13.3/log4j-core-2.13.3.jar:/home/runner/.m2/repository/com/lmax/disruptor/3.4.2/disruptor-3.4.2.jar:/home/runner/.m2/repository/org/apache/commons/commons-pool2/2.6.0/commons-pool2-2.6.0.jar:/home/runner/.m2/repository/org/bouncycastle/bcpkix-jdk15on/1.67/bcpkix-jdk15on-1.67.jar:/home/runner/.m2/repository/commons-validator/commons-validator/1.6/commons-validator-1.6.jar:/home/runner/.m2/repository/commons-beanutils/commons-beanutils/1.9.4/commons-beanutils-1.9.4.jar:/home/runner/.m2/repository/commons-digester/commons-digester/1.8.1/commons-digester-1.8.1.jar:/home/runner/.m2/repository/commons-collections/commons-collections/3.2.2/commons-collections-3.2.2.jar:/home/runner/.m2/repository/io/jaegertracing/jaeger-client/1.6.0/jaeger-client-1.6.0.jar:/home/runner/.m2/repository/io/jaegertracing/jaeger-thrift/1.6.0/jaeger-thrift-1.6.0.jar:/home/runner/.m2/repository/org/apache/thrift/libthrift/0.14.1/libthrift-0.14.1.jar:/home/runner/.m2/repository/com/squareup/okhttp3/okhttp/4.9.0/okhttp-4.9.0.jar:/home/runner/.m2/repository/com/squareup/okio/okio/2.8.0/okio-2.8.0.jar:/home/runner/.m2/repository/io/jaegertracing/jaeger-core/1.6.0/jaeger-core-1.6.0.jar:/home/runner/.m2/repository/io/jaegertracing/jaeger-tracerresolver/1.6.0/jaeger-tracerresolver-1.6.0.jar:/home/runner/.m2/repository/io/opentracing/contrib/opentracing-tracerresolver/0.1.8/opentracing-tracerresolver-0.1.8.jar:/home/runner/.m2/repository/org/jetbrains/kotlin/kotlin-stdlib/1.4.31/kotlin-stdlib-1.4.31.jar:/home/runner/.m2/repository/org/jetbrains/kotlin/kotlin-stdlib-common/1.4.31/kotlin-stdlib-common-1.4.31.jar:/home/runner/.m2/repository/org/jetbrains/annotations/13.0/annotations-13.0.jar:/home/runner/.m2/repository/io/opentracing/opentracing-util/0.33.0/opentracing-util-0.33.0.jar:/home/runner/.m2/repository/io/opentracing/opentracing-api/0.33.0/opentracing-api-0.33.0.jar:/home/runner/.m2/repository/io/opentracing/opentracing-noop/0.33.0/opentracing-noop-0.33.0.jar:/home/runner/.m2/repository/org/yaml/snakeyaml/1.26/snakeyaml-1.26.jar:/home/runner/.m2/repository/org/apache/ozone/hdds-interface-admin/1.2.0-SNAPSHOT/hdds-interface-admin-1.2.0-SNAPSHOT.jar:/home/runner/.m2/repository/junit/junit/4.13.1/junit-4.13.1.jar:/home/runner/.m2/repository/org/hamcrest/hamcrest-core/1.3/hamcrest-core-1.3.jar:/home/runner/.m2/repository/org/junit/jupiter/junit-jupiter-api/5.7.0/junit-jupiter-api-5.7.0.jar:/home/runner/.m2/repository/org/apiguardian/apiguardian-api/1.1.0/apiguardian-api-1.1.0.jar:/home/runner/.m2/repository/org/opentest4j/opentest4j/1.2.0/opentest4j-1.2.0.jar:/home/runner/.m2/repository/org/junit/platform/junit-platform-commons/1.7.0/junit-platform-commons-1.7.0.jar:/home/runner/.m2/repository/org/junit/jupiter/junit-jupiter-engine/5.7.0/junit-jupiter-engine-5.7.0.jar:/home/runner/.m2/repository/org/junit/platform/junit-platform-engine/1.7.0/junit-platform-engine-1.7.0.jar:/home/runner/.m2/repository/org/junit/vintage/junit-vintage-engine/5.7.0/junit-vintage-engine-5.7.0.jar:/home/runner/.m2/repository/org/junit/platform/junit-platform-launcher/1.7.0/junit-platform-launcher-1.7.0.jar:/home/runner/.m2/repository/org/openjdk/jmh/jmh-core/1.19/jmh-core-1.19.jar:/home/runner/.m2/repository/net/sf/jopt-simple/jopt-simple/4.6/jopt-simple-4.6.jar:/home/runner/.m2/repository/org/apache/commons/commons-math3/3.1.1/commons-math3-3.1.1.jar:/home/runner/.m2/repository/org/openjdk/jmh/jmh-generator-annprocess/1.19/jmh-generator-annprocess-1.19.jar:/home/runner/.m2/repository/org/mockito/mockito-all/1.8.5/mockito-all-1.8.5.jar:/home/runner/.m2/repository/org/apache/hadoop/hadoop-kms/3.2.2/hadoop-kms-3.2.2.jar:/home/runner/.m2/repository/org/apache/hadoop/hadoop-auth/3.2.2/hadoop-auth-3.2.2.jar:/home/runner/.m2/repository/com/nimbusds/nimbus-jose-jwt/7.9/nimbus-jose-jwt-7.9.jar:/home/runner/.m2/repository/com/github/stephenc/jcip/jcip-annotations/1.0-1/jcip-annotations-1.0-1.jar:/home/runner/.m2/repository/net/minidev/json-smart/2.3/json-smart-2.3.jar:/home/runner/.m2/repository/net/minidev/accessors-smart/1.2/accessors-smart-1.2.jar:/home/runner/.m2/repository/org/ow2/asm/asm/5.0.4/asm-5.0.4.jar:/home/runner/.m2/repository/org/apache/zookeeper/zookeeper/3.4.13/zookeeper-3.4.13.jar:/home/runner/.m2/repository/org/apache/yetus/audience-annotations/0.5.0/audience-annotations-0.5.0.jar:/home/runner/.m2/repository/org/apache/curator/curator-framework/2.13.0/curator-framework-2.13.0.jar:/home/runner/.m2/repository/com/sun/jersey/jersey-core/1.19/jersey-core-1.19.jar:/home/runner/.m2/repository/javax/ws/rs/jsr311-api/1.1.1/jsr311-api-1.1.1.jar:/home/runner/.m2/repository/com/sun/jersey/jersey-server/1.19/jersey-server-1.19.jar:/home/runner/.m2/repository/javax/servlet/javax.servlet-api/3.1.0/javax.servlet-api-3.1.0.jar:/home/runner/.m2/repository/org/eclipse/jetty/jetty-server/9.4.35.v20201120/jetty-server-9.4.35.v20201120.jar:/home/runner/.m2/repository/org/eclipse/jetty/jetty-http/9.4.35.v20201120/jetty-http-9.4.35.v20201120.jar:/home/runner/.m2/repository/org/eclipse/jetty/jetty-io/9.4.35.v20201120/jetty-io-9.4.35.v20201120.jar:/home/runner/.m2/repository/org/eclipse/jetty/jetty-webapp/9.4.35.v20201120/jetty-webapp-9.4.35.v20201120.jar:/home/runner/.m2/repository/org/eclipse/jetty/jetty-xml/9.4.35.v20201120/jetty-xml-9.4.35.v20201120.jar:/home/runner/.m2/repository/org/apache/hadoop/hadoop-common/3.2.2/hadoop-common-3.2.2.jar:/home/runner/.m2/repository/commons-net/commons-net/3.6/commons-net-3.6.jar:/home/runner/.m2/repository/javax/activation/javax.activation-api/1.2.0/javax.activation-api-1.2.0.jar:/home/runner/.m2/repository/com/sun/jersey/jersey-servlet/1.19/jersey-servlet-1.19.jar:/home/runner/.m2/repository/com/sun/jersey/jersey-json/1.19/jersey-json-1.19.jar:/home/runner/.m2/repository/org/codehaus/jettison/jettison/1.1/jettison-1.1.jar:/home/runner/.m2/repository/com/sun/xml/bind/jaxb-impl/2.2.3-1/jaxb-impl-2.2.3-1.jar:/home/runner/.m2/repository/org/codehaus/jackson/jackson-jaxrs/1.9.2/jackson-jaxrs-1.9.2.jar:/home/runner/.m2/repository/org/codehaus/jackson/jackson-xc/1.9.2/jackson-xc-1.9.2.jar:/home/runner/.m2/repository/org/apache/commons/commons-configuration2/2.1.1/commons-configuration2-2.1.1.jar:/home/runner/.m2/repository/org/apache/commons/commons-text/1.4/commons-text-1.4.jar:/home/runner/.m2/repository/com/google/re2j/re2j/1.1/re2j-1.1.jar:/home/runner/.m2/repository/com/jcraft/jsch/0.1.54/jsch-0.1.54.jar:/home/runner/.m2/repository/org/apache/curator/curator-client/2.13.0/curator-client-2.13.0.jar:/home/runner/.m2/repository/org/apache/curator/curator-recipes/2.13.0/curator-recipes-2.13.0.jar:/home/runner/.m2/repository/dnsjava/dnsjava/2.1.7/dnsjava-2.1.7.jar:/home/runner/.m2/repository/org/slf4j/jul-to-slf4j/1.7.30/jul-to-slf4j-1.7.30.jar:/home/runner/.m2/repository/org/eclipse/jetty/jetty-util/9.4.35.v20201120/jetty-util-9.4.35.v20201120.jar:/home/runner/.m2/repository/com/fasterxml/jackson/core/jackson-databind/2.12.1/jackson-databind-2.12.1.jar:/home/runner/.m2/repository/org/apache/hadoop/hadoop-kms/3.2.2/hadoop-kms-3.2.2-tests.jar:/home/runner/.m2/repository/org/apache/ozone/hdds-server-scm/1.2.0-SNAPSHOT/hdds-server-scm-1.2.0-SNAPSHOT-tests.jar:/home/runner/.m2/repository/org/apache/ozone/hdds-container-service/1.2.0-SNAPSHOT/hdds-container-service-1.2.0-SNAPSHOT-tests.jar:/home/runner/.m2/repository/commons-codec/commons-codec/1.11/commons-codec-1.11.jar:/home/runner/.m2/repository/io/netty/netty-transport/4.1.63.Final/netty-transport-4.1.63.Final.jar:/home/runner/.m2/repository/io/netty/netty-resolver/4.1.63.Final/netty-resolver-4.1.63.Final.jar:/home/runner/.m2/repository/io/netty/netty-codec/4.1.63.Final/netty-codec-4.1.63.Final.jar:/home/runner/.m2/repository/io/netty/netty-handler/4.1.63.Final/netty-handler-4.1.63.Final.jar:/home/runner/.m2/repository/org/apache/ozone/hdds-hadoop-dependency-test/1.2.0-SNAPSHOT/hdds-hadoop-dependency-test-1.2.0-SNAPSHOT.jar:/home/runner/.m2/repository/org/apache/hadoop/hadoop-common/3.2.2/hadoop-common-3.2.2-tests.jar:/home/runner/.m2/repository/org/apache/hadoop/hadoop-hdfs/3.2.2/hadoop-hdfs-3.2.2-tests.jar:/home/runner/.m2/repository/org/eclipse/jetty/jetty-util-ajax/9.4.35.v20201120/jetty-util-ajax-9.4.35.v20201120.jar:/home/runner/.m2/repository/commons-daemon/commons-daemon/1.0.13/commons-daemon-1.0.13.jar:/home/runner/.m2/repository/io/netty/netty/3.10.6.Final/netty-3.10.6.Final.jar:/home/runner/.m2/repository/io/netty/netty-all/4.1.63.Final/netty-all-4.1.63.Final.jar:/home/runner/.m2/repository/org/apache/htrace/htrace-core4/4.1.0-incubating/htrace-core4-4.1.0-incubating.jar:/home/runner/.m2/repository/org/fusesource/leveldbjni/leveldbjni-all/1.8/leveldbjni-all-1.8.jar:/home/runner/.m2/repository/org/apache/hadoop/hadoop-distcp/3.2.2/hadoop-distcp-3.2.2.jar:/home/runner/.m2/repository/org/apache/hadoop/hadoop-mapreduce-client-jobclient/3.2.2/hadoop-mapreduce-client-jobclient-3.2.2.jar:/home/runner/.m2/repository/org/apache/hadoop/hadoop-mapreduce-client-common/3.2.2/hadoop-mapreduce-client-common-3.2.2.jar:/home/runner/.m2/repository/org/apache/hadoop/hadoop-yarn-common/3.2.2/hadoop-yarn-common-3.2.2.jar:/home/runner/.m2/repository/org/apache/hadoop/hadoop-yarn-api/3.2.2/hadoop-yarn-api-3.2.2.jar:/home/runner/.m2/repository/com/sun/jersey/jersey-client/1.19/jersey-client-1.19.jar:/home/runner/.m2/repository/com/sun/jersey/contribs/jersey-guice/1.19/jersey-guice-1.19.jar:/home/runner/.m2/repository/com/fasterxml/jackson/jaxrs/jackson-jaxrs-json-provider/2.12.1/jackson-jaxrs-json-provider-2.12.1.jar:/home/runner/.m2/repository/com/fasterxml/jackson/jaxrs/jackson-jaxrs-base/2.12.1/jackson-jaxrs-base-2.12.1.jar:/home/runner/.m2/repository/org/apache/hadoop/hadoop-yarn-client/3.2.2/hadoop-yarn-client-3.2.2.jar:/home/runner/.m2/repository/org/apache/hadoop/hadoop-mapreduce-client-core/3.2.2/hadoop-mapreduce-client-core-3.2.2.jar:/home/runner/.m2/repository/org/apache/avro/avro/1.7.7/avro-1.7.7.jar:/home/runner/.m2/repository/org/codehaus/jackson/jackson-core-asl/1.9.13/jackson-core-asl-1.9.13.jar:/home/runner/.m2/repository/org/codehaus/jackson/jackson-mapper-asl/1.9.13/jackson-mapper-asl-1.9.13.jar:/home/runner/.m2/repository/com/thoughtworks/paranamer/paranamer/2.3/paranamer-2.3.jar:/home/runner/.m2/repository/org/xerial/snappy/snappy-java/1.0.5/snappy-java-1.0.5.jar:/home/runner/.m2/repository/org/apache/hadoop/hadoop-annotations/3.2.2/hadoop-annotations-3.2.2.jar:/usr/lib/jvm/adoptopenjdk-8-hotspot-amd64/jre/../lib/tools.jar:/home/runner/.m2/repository/org/apache/hadoop/hadoop-distcp/3.2.2/hadoop-distcp-3.2.2-tests.jar:"/>
    <property name="java.vm.vendor" value="AdoptOpenJDK"/>
    <property name="sun.arch.data.model" value="64"/>
    <property name="test.build.dir" value="/home/runner/work/ozone/ozone/mnt/ozone/hadoop-ozone/integration-test/target/test-dir"/>
    <property name="test.cache.data" value=""/>
    <property name="java.vendor.url" value="https://adoptopenjdk.net/"/>
    <property name="user.timezone" value=""/>
    <property name="java.vm.specification.version" value="1.8"/>
    <property name="os.name" value="Linux"/>
    <property name="test.build.data" value="/home/runner/work/ozone/ozone/mnt/ozone/hadoop-ozone/integration-test/target/test-dir"/>
    <property name="sun.java.launcher" value="SUN_STANDARD"/>
    <property name="sun.boot.library.path" value="/usr/lib/jvm/adoptopenjdk-8-hotspot-amd64/jre/lib/amd64"/>
    <property name="sun.java.command" value="/home/runner/work/ozone/ozone/mnt/ozone/hadoop-ozone/integration-test/target/surefire/surefirebooter754376292964360455.jar /home/runner/work/ozone/ozone/mnt/ozone/hadoop-ozone/integration-test/target/surefire 2021-06-11T18-53-15_594-jvmRun1 surefire3698341446690377424tmp surefire_43232967607558770137tmp"/>
    <property name="surefire.test.class.path" value="/home/runner/work/ozone/ozone/mnt/ozone/hadoop-ozone/integration-test/target/test-classes:/home/runner/work/ozone/ozone/mnt/ozone/hadoop-ozone/integration-test/target/classes:/home/runner/.m2/repository/org/apache/ozone/ozone-common/1.2.0-SNAPSHOT/ozone-common-1.2.0-SNAPSHOT.jar:/home/runner/.m2/repository/org/apache/commons/commons-compress/1.20/commons-compress-1.20.jar:/home/runner/.m2/repository/org/apache/ozone/hdds-common/1.2.0-SNAPSHOT/hdds-common-1.2.0-SNAPSHOT.jar:/home/runner/.m2/repository/org/apache/ozone/hdds-client/1.2.0-SNAPSHOT/hdds-client-1.2.0-SNAPSHOT.jar:/home/runner/.m2/repository/org/apache/ozone/ozone-interface-client/1.2.0-SNAPSHOT/ozone-interface-client-1.2.0-SNAPSHOT.jar:/home/runner/.m2/repository/org/apache/ozone/hdds-test-utils/1.2.0-SNAPSHOT/hdds-test-utils-1.2.0-SNAPSHOT.jar:/home/runner/.m2/repository/com/google/guava/guava/30.1.1-jre/guava-30.1.1-jre.jar:/home/runner/.m2/repository/com/google/guava/failureaccess/1.0.1/failureaccess-1.0.1.jar:/home/runner/.m2/repository/com/google/guava/listenablefuture/9999.0-empty-to-avoid-conflict-with-guava/listenablefuture-9999.0-empty-to-avoid-conflict-with-guava.jar:/home/runner/.m2/repository/com/google/code/findbugs/jsr305/3.0.0/jsr305-3.0.0.jar:/home/runner/.m2/repository/org/checkerframework/checker-qual/3.8.0/checker-qual-3.8.0.jar:/home/runner/.m2/repository/com/google/errorprone/error_prone_annotations/2.2.0/error_prone_annotations-2.2.0.jar:/home/runner/.m2/repository/com/google/j2objc/j2objc-annotations/1.3/j2objc-annotations-1.3.jar:/home/runner/.m2/repository/commons-io/commons-io/2.8.0/commons-io-2.8.0.jar:/home/runner/.m2/repository/commons-logging/commons-logging/1.2/commons-logging-1.2.jar:/home/runner/.m2/repository/log4j/log4j/1.2.17/log4j-1.2.17.jar:/home/runner/.m2/repository/org/slf4j/slf4j-api/1.7.30/slf4j-api-1.7.30.jar:/home/runner/.m2/repository/org/apache/ozone/hdds-server-scm/1.2.0-SNAPSHOT/hdds-server-scm-1.2.0-SNAPSHOT.jar:/home/runner/.m2/repository/org/apache/ozone/hdds-container-service/1.2.0-SNAPSHOT/hdds-container-service-1.2.0-SNAPSHOT.jar:/home/runner/.m2/repository/org/apache/ozone/hdds-hadoop-dependency-server/1.2.0-SNAPSHOT/hdds-hadoop-dependency-server-1.2.0-SNAPSHOT.jar:/home/runner/.m2/repository/org/apache/hadoop/hadoop-hdfs/3.2.2/hadoop-hdfs-3.2.2.jar:/home/runner/.m2/repository/org/apache/ozone/hdds-server-framework/1.2.0-SNAPSHOT/hdds-server-framework-1.2.0-SNAPSHOT.jar:/home/runner/.m2/repository/org/apache/ozone/hdds-interface-server/1.2.0-SNAPSHOT/hdds-interface-server-1.2.0-SNAPSHOT.jar:/home/runner/.m2/repository/org/eclipse/jetty/jetty-servlet/9.4.35.v20201120/jetty-servlet-9.4.35.v20201120.jar:/home/runner/.m2/repository/org/eclipse/jetty/jetty-security/9.4.35.v20201120/jetty-security-9.4.35.v20201120.jar:/home/runner/.m2/repository/org/rocksdb/rocksdbjni/6.20.3/rocksdbjni-6.20.3.jar:/home/runner/.m2/repository/io/prometheus/simpleclient_dropwizard/0.7.0/simpleclient_dropwizard-0.7.0.jar:/home/runner/.m2/repository/io/prometheus/simpleclient/0.7.0/simpleclient-0.7.0.jar:/home/runner/.m2/repository/io/prometheus/simpleclient_common/0.7.0/simpleclient_common-0.7.0.jar:/home/runner/.m2/repository/com/fasterxml/jackson/datatype/jackson-datatype-jsr310/2.12.1/jackson-datatype-jsr310-2.12.1.jar:/home/runner/.m2/repository/io/dropwizard/metrics/metrics-core/3.2.4/metrics-core-3.2.4.jar:/home/runner/.m2/repository/org/apache/hadoop/hadoop-hdfs-client/3.2.2/hadoop-hdfs-client-3.2.2.jar:/home/runner/.m2/repository/org/bouncycastle/bcprov-jdk15on/1.67/bcprov-jdk15on-1.67.jar:/home/runner/.m2/repository/com/google/protobuf/protobuf-java/2.5.0/protobuf-java-2.5.0.jar:/home/runner/.m2/repository/org/apache/ozone/ozone-manager/1.2.0-SNAPSHOT/ozone-manager-1.2.0-SNAPSHOT.jar:/home/runner/.m2/repository/org/apache/ozone/hdds-interface-client/1.2.0-SNAPSHOT/hdds-interface-client-1.2.0-SNAPSHOT.jar:/home/runner/.m2/repository/org/apache/ratis/ratis-thirdparty-misc/0.7.0-a398b19-SNAPSHOT/ratis-thirdparty-misc-0.7.0-a398b19-SNAPSHOT.jar:/home/runner/.m2/repository/org/apache/ozone/ozone-interface-storage/1.2.0-SNAPSHOT/ozone-interface-storage-1.2.0-SNAPSHOT.jar:/home/runner/.m2/repository/org/apache/hadoop/hadoop-minikdc/3.2.2/hadoop-minikdc-3.2.2.jar:/home/runner/.m2/repository/org/apache/kerby/kerb-simplekdc/1.0.1/kerb-simplekdc-1.0.1.jar:/home/runner/.m2/repository/org/apache/kerby/kerb-client/1.0.1/kerb-client-1.0.1.jar:/home/runner/.m2/repository/org/apache/kerby/kerby-config/1.0.1/kerby-config-1.0.1.jar:/home/runner/.m2/repository/org/apache/kerby/kerb-core/1.0.1/kerb-core-1.0.1.jar:/home/runner/.m2/repository/org/apache/kerby/kerby-pkix/1.0.1/kerby-pkix-1.0.1.jar:/home/runner/.m2/repository/org/apache/kerby/kerby-asn1/1.0.1/kerby-asn1-1.0.1.jar:/home/runner/.m2/repository/org/apache/kerby/kerby-util/1.0.1/kerby-util-1.0.1.jar:/home/runner/.m2/repository/org/apache/kerby/kerb-common/1.0.1/kerb-common-1.0.1.jar:/home/runner/.m2/repository/org/apache/kerby/kerb-crypto/1.0.1/kerb-crypto-1.0.1.jar:/home/runner/.m2/repository/org/apache/kerby/kerb-util/1.0.1/kerb-util-1.0.1.jar:/home/runner/.m2/repository/org/apache/kerby/token-provider/1.0.1/token-provider-1.0.1.jar:/home/runner/.m2/repository/org/apache/kerby/kerb-admin/1.0.1/kerb-admin-1.0.1.jar:/home/runner/.m2/repository/org/apache/kerby/kerb-server/1.0.1/kerb-server-1.0.1.jar:/home/runner/.m2/repository/org/apache/kerby/kerb-identity/1.0.1/kerb-identity-1.0.1.jar:/home/runner/.m2/repository/org/apache/kerby/kerby-xdr/1.0.1/kerby-xdr-1.0.1.jar:/home/runner/.m2/repository/org/slf4j/slf4j-log4j12/1.7.30/slf4j-log4j12-1.7.30.jar:/home/runner/.m2/repository/org/apache/ozone/ozone-s3gateway/1.2.0-SNAPSHOT/ozone-s3gateway-1.2.0-SNAPSHOT.jar:/home/runner/.m2/repository/org/jboss/weld/servlet/weld-servlet/2.4.7.Final/weld-servlet-2.4.7.Final.jar:/home/runner/.m2/repository/org/glassfish/jersey/containers/jersey-container-servlet-core/2.33/jersey-container-servlet-core-2.33.jar:/home/runner/.m2/repository/org/glassfish/hk2/external/jakarta.inject/2.6.1/jakarta.inject-2.6.1.jar:/home/runner/.m2/repository/org/glassfish/jersey/core/jersey-common/2.33/jersey-common-2.33.jar:/home/runner/.m2/repository/jakarta/ws/rs/jakarta.ws.rs-api/2.1.6/jakarta.ws.rs-api-2.1.6.jar:/home/runner/.m2/repository/org/glassfish/jersey/ext/cdi/jersey-cdi1x/2.33/jersey-cdi1x-2.33.jar:/home/runner/.m2/repository/org/glassfish/jersey/inject/jersey-hk2/2.33/jersey-hk2-2.33.jar:/home/runner/.m2/repository/org/glassfish/hk2/hk2-locator/2.6.1/hk2-locator-2.6.1.jar:/home/runner/.m2/repository/org/javassist/javassist/3.25.0-GA/javassist-3.25.0-GA.jar:/home/runner/.m2/repository/org/glassfish/jersey/media/jersey-media-jaxb/2.33/jersey-media-jaxb-2.33.jar:/home/runner/.m2/repository/org/glassfish/hk2/osgi-resource-locator/1.0.3/osgi-resource-locator-1.0.3.jar:/home/runner/.m2/repository/org/glassfish/hk2/hk2-api/2.5.0/hk2-api-2.5.0.jar:/home/runner/.m2/repository/org/glassfish/hk2/hk2-utils/2.5.0/hk2-utils-2.5.0.jar:/home/runner/.m2/repository/org/glassfish/hk2/external/aopalliance-repackaged/2.5.0/aopalliance-repackaged-2.5.0.jar:/home/runner/.m2/repository/com/fasterxml/jackson/dataformat/jackson-dataformat-xml/2.12.1/jackson-dataformat-xml-2.12.1.jar:/home/runner/.m2/repository/com/fasterxml/jackson/core/jackson-core/2.12.1/jackson-core-2.12.1.jar:/home/runner/.m2/repository/com/fasterxml/jackson/module/jackson-module-jaxb-annotations/2.12.1/jackson-module-jaxb-annotations-2.12.1.jar:/home/runner/.m2/repository/jakarta/xml/bind/jakarta.xml.bind-api/2.3.2/jakarta.xml.bind-api-2.3.2.jar:/home/runner/.m2/repository/jakarta/activation/jakarta.activation-api/1.2.1/jakarta.activation-api-1.2.1.jar:/home/runner/.m2/repository/org/codehaus/woodstox/stax2-api/3.1.4/stax2-api-3.1.4.jar:/home/runner/.m2/repository/com/fasterxml/woodstox/woodstox-core/5.0.3/woodstox-core-5.0.3.jar:/home/runner/.m2/repository/javax/enterprise/cdi-api/1.2/cdi-api-1.2.jar:/home/runner/.m2/repository/javax/el/javax.el-api/3.0.0/javax.el-api-3.0.0.jar:/home/runner/.m2/repository/javax/interceptor/javax.interceptor-api/1.2/javax.interceptor-api-1.2.jar:/home/runner/.m2/repository/javax/inject/javax.inject/1/javax.inject-1.jar:/home/runner/.m2/repository/javax/xml/bind/jaxb-api/2.3.0/jaxb-api-2.3.0.jar:/home/runner/.m2/repository/org/glassfish/jaxb/jaxb-runtime/2.3.0.1/jaxb-runtime-2.3.0.1.jar:/home/runner/.m2/repository/org/glassfish/jaxb/jaxb-core/2.3.0.1/jaxb-core-2.3.0.1.jar:/home/runner/.m2/repository/org/glassfish/jaxb/txw2/2.3.0.1/txw2-2.3.0.1.jar:/home/runner/.m2/repository/com/sun/istack/istack-commons-runtime/3.0.5/istack-commons-runtime-3.0.5.jar:/home/runner/.m2/repository/org/jvnet/staxex/stax-ex/1.7.8/stax-ex-1.7.8.jar:/home/runner/.m2/repository/com/sun/xml/fastinfoset/FastInfoset/1.2.13/FastInfoset-1.2.13.jar:/home/runner/.m2/repository/javax/activation/activation/1.1.1/activation-1.1.1.jar:/home/runner/.m2/repository/org/apache/ozone/ozone-csi/1.2.0-SNAPSHOT/ozone-csi-1.2.0-SNAPSHOT.jar:/home/runner/.m2/repository/com/google/protobuf/protobuf-java-util/3.12.0/protobuf-java-util-3.12.0.jar:/home/runner/.m2/repository/com/google/code/gson/gson/2.2.4/gson-2.2.4.jar:/home/runner/.m2/repository/org/apache/ozone/hdds-config/1.2.0-SNAPSHOT/hdds-config-1.2.0-SNAPSHOT.jar:/home/runner/.m2/repository/io/grpc/grpc-netty/1.33.0/grpc-netty-1.33.0.jar:/home/runner/.m2/repository/io/grpc/grpc-core/1.33.0/grpc-core-1.33.0.jar:/home/runner/.m2/repository/com/google/android/annotations/4.1.1.4/annotations-4.1.1.4.jar:/home/runner/.m2/repository/io/netty/netty-codec-http2/4.1.63.Final/netty-codec-http2-4.1.63.Final.jar:/home/runner/.m2/repository/io/netty/netty-codec-http/4.1.63.Final/netty-codec-http-4.1.63.Final.jar:/home/runner/.m2/repository/io/netty/netty-handler-proxy/4.1.63.Final/netty-handler-proxy-4.1.63.Final.jar:/home/runner/.m2/repository/io/netty/netty-codec-socks/4.1.63.Final/netty-codec-socks-4.1.63.Final.jar:/home/runner/.m2/repository/io/perfmark/perfmark-api/0.19.0/perfmark-api-0.19.0.jar:/home/runner/.m2/repository/org/codehaus/mojo/animal-sniffer-annotations/1.18/animal-sniffer-annotations-1.18.jar:/home/runner/.m2/repository/io/netty/netty-transport-native-epoll/4.1.63.Final/netty-transport-native-epoll-4.1.63.Final.jar:/home/runner/.m2/repository/io/netty/netty-common/4.1.63.Final/netty-common-4.1.63.Final.jar:/home/runner/.m2/repository/io/netty/netty-buffer/4.1.63.Final/netty-buffer-4.1.63.Final.jar:/home/runner/.m2/repository/io/netty/netty-transport-native-unix-common/4.1.63.Final/netty-transport-native-unix-common-4.1.63.Final.jar:/home/runner/.m2/repository/io/grpc/grpc-protobuf/1.33.0/grpc-protobuf-1.33.0.jar:/home/runner/.m2/repository/io/grpc/grpc-api/1.33.0/grpc-api-1.33.0.jar:/home/runner/.m2/repository/io/grpc/grpc-context/1.33.0/grpc-context-1.33.0.jar:/home/runner/.m2/repository/com/google/api/grpc/proto-google-common-protos/1.17.0/proto-google-common-protos-1.17.0.jar:/home/runner/.m2/repository/io/grpc/grpc-protobuf-lite/1.33.0/grpc-protobuf-lite-1.33.0.jar:/home/runner/.m2/repository/io/grpc/grpc-stub/1.33.0/grpc-stub-1.33.0.jar:/home/runner/.m2/repository/org/apache/ozone/ozone-recon/1.2.0-SNAPSHOT/ozone-recon-1.2.0-SNAPSHOT.jar:/home/runner/.m2/repository/org/apache/ozone/ozone-reconcodegen/1.2.0-SNAPSHOT/ozone-reconcodegen-1.2.0-SNAPSHOT.jar:/home/runner/.m2/repository/com/google/inject/extensions/guice-multibindings/4.0/guice-multibindings-4.0.jar:/home/runner/.m2/repository/com/google/inject/guice/4.0/guice-4.0.jar:/home/runner/.m2/repository/aopalliance/aopalliance/1.0/aopalliance-1.0.jar:/home/runner/.m2/repository/com/google/inject/extensions/guice-assistedinject/4.0/guice-assistedinject-4.0.jar:/home/runner/.m2/repository/com/google/inject/extensions/guice-servlet/4.0/guice-servlet-4.0.jar:/home/runner/.m2/repository/org/glassfish/jersey/containers/jersey-container-servlet/2.33/jersey-container-servlet-2.33.jar:/home/runner/.m2/repository/org/glassfish/hk2/guice-bridge/2.5.0/guice-bridge-2.5.0.jar:/home/runner/.m2/repository/org/glassfish/jersey/core/jersey-server/2.33/jersey-server-2.33.jar:/home/runner/.m2/repository/org/glassfish/jersey/core/jersey-client/2.33/jersey-client-2.33.jar:/home/runner/.m2/repository/jakarta/annotation/jakarta.annotation-api/1.3.5/jakarta.annotation-api-1.3.5.jar:/home/runner/.m2/repository/jakarta/validation/jakarta.validation-api/2.0.2/jakarta.validation-api-2.0.2.jar:/home/runner/.m2/repository/org/glassfish/jersey/media/jersey-media-json-jackson/2.33/jersey-media-json-jackson-2.33.jar:/home/runner/.m2/repository/org/glassfish/jersey/ext/jersey-entity-filtering/2.33/jersey-entity-filtering-2.33.jar:/home/runner/.m2/repository/org/jooq/jooq/3.11.10/jooq-3.11.10.jar:/home/runner/.m2/repository/org/jooq/jooq-meta/3.11.10/jooq-meta-3.11.10.jar:/home/runner/.m2/repository/org/jooq/jooq-codegen/3.11.10/jooq-codegen-3.11.10.jar:/home/runner/.m2/repository/com/jolbox/bonecp/0.8.0.RELEASE/bonecp-0.8.0.RELEASE.jar:/home/runner/.m2/repository/org/apache/derby/derby/10.14.2.0/derby-10.14.2.0.jar:/home/runner/.m2/repository/org/xerial/sqlite-jdbc/3.25.2/sqlite-jdbc-3.25.2.jar:/home/runner/.m2/repository/org/springframework/spring-jdbc/5.2.11.RELEASE/spring-jdbc-5.2.11.RELEASE.jar:/home/runner/.m2/repository/org/springframework/spring-beans/5.2.11.RELEASE/spring-beans-5.2.11.RELEASE.jar:/home/runner/.m2/repository/org/springframework/spring-core/5.2.11.RELEASE/spring-core-5.2.11.RELEASE.jar:/home/runner/.m2/repository/org/springframework/spring-jcl/5.2.11.RELEASE/spring-jcl-5.2.11.RELEASE.jar:/home/runner/.m2/repository/org/springframework/spring-tx/5.2.11.RELEASE/spring-tx-5.2.11.RELEASE.jar:/home/runner/.m2/repository/org/apache/ozone/ozone-client/1.2.0-SNAPSHOT/ozone-client-1.2.0-SNAPSHOT.jar:/home/runner/.m2/repository/org/apache/ozone/ozone-filesystem/1.2.0-SNAPSHOT/ozone-filesystem-1.2.0-SNAPSHOT.jar:/home/runner/.m2/repository/org/apache/ozone/ozone-filesystem-common/1.2.0-SNAPSHOT/ozone-filesystem-common-1.2.0-SNAPSHOT.jar:/home/runner/.m2/repository/org/apache/ozone/ozone-tools/1.2.0-SNAPSHOT/ozone-tools-1.2.0-SNAPSHOT.jar:/home/runner/.m2/repository/org/apache/ratis/ratis-tools/2.1.0-ff8aa66-SNAPSHOT/ratis-tools-2.1.0-ff8aa66-SNAPSHOT.jar:/home/runner/.m2/repository/org/apache/ratis/ratis-proto/2.1.0-ff8aa66-SNAPSHOT/ratis-proto-2.1.0-ff8aa66-SNAPSHOT.jar:/home/runner/.m2/repository/org/apache/ratis/ratis-common/2.1.0-ff8aa66-SNAPSHOT/ratis-common-2.1.0-ff8aa66-SNAPSHOT.jar:/home/runner/.m2/repository/com/amazonaws/aws-java-sdk-core/1.11.901/aws-java-sdk-core-1.11.901.jar:/home/runner/.m2/repository/org/apache/httpcomponents/httpclient/4.5.13/httpclient-4.5.13.jar:/home/runner/.m2/repository/org/apache/httpcomponents/httpcore/4.4.13/httpcore-4.4.13.jar:/home/runner/.m2/repository/software/amazon/ion/ion-java/1.0.2/ion-java-1.0.2.jar:/home/runner/.m2/repository/com/fasterxml/jackson/dataformat/jackson-dataformat-cbor/2.12.1/jackson-dataformat-cbor-2.12.1.jar:/home/runner/.m2/repository/joda-time/joda-time/2.8.1/joda-time-2.8.1.jar:/home/runner/.m2/repository/com/amazonaws/aws-java-sdk-s3/1.11.901/aws-java-sdk-s3-1.11.901.jar:/home/runner/.m2/repository/com/amazonaws/aws-java-sdk-kms/1.11.901/aws-java-sdk-kms-1.11.901.jar:/home/runner/.m2/repository/com/amazonaws/jmespath-java/1.11.901/jmespath-java-1.11.901.jar:/home/runner/.m2/repository/org/kohsuke/metainf-services/metainf-services/1.8/metainf-services-1.8.jar:/home/runner/.m2/repository/org/apache/ozone/hdds-tools/1.2.0-SNAPSHOT/hdds-tools-1.2.0-SNAPSHOT.jar:/home/runner/.m2/repository/commons-cli/commons-cli/1.2/commons-cli-1.2.jar:/home/runner/.m2/repository/org/apache/commons/commons-lang3/3.7/commons-lang3-3.7.jar:/home/runner/.m2/repository/org/apache/ozone/ozone-manager/1.2.0-SNAPSHOT/ozone-manager-1.2.0-SNAPSHOT-tests.jar:/home/runner/.m2/repository/org/apache/ozone/hdds-common/1.2.0-SNAPSHOT/hdds-common-1.2.0-SNAPSHOT-tests.jar:/home/runner/.m2/repository/org/apache/ozone/hdds-hadoop-dependency-client/1.2.0-SNAPSHOT/hdds-hadoop-dependency-client-1.2.0-SNAPSHOT.jar:/home/runner/.m2/repository/info/picocli/picocli/4.4.0/picocli-4.4.0.jar:/home/runner/.m2/repository/com/fasterxml/jackson/core/jackson-annotations/2.12.1/jackson-annotations-2.12.1.jar:/home/runner/.m2/repository/javax/annotation/javax.annotation-api/1.2/javax.annotation-api-1.2.jar:/home/runner/.m2/repository/org/apache/ratis/ratis-server/2.1.0-ff8aa66-SNAPSHOT/ratis-server-2.1.0-ff8aa66-SNAPSHOT.jar:/home/runner/.m2/repository/org/apache/ratis/ratis-client/2.1.0-ff8aa66-SNAPSHOT/ratis-client-2.1.0-ff8aa66-SNAPSHOT.jar:/home/runner/.m2/repository/org/apache/ratis/ratis-server-api/2.1.0-ff8aa66-SNAPSHOT/ratis-server-api-2.1.0-ff8aa66-SNAPSHOT.jar:/home/runner/.m2/repository/org/apache/ratis/ratis-metrics/2.1.0-ff8aa66-SNAPSHOT/ratis-metrics-2.1.0-ff8aa66-SNAPSHOT.jar:/home/runner/.m2/repository/org/apache/ratis/ratis-netty/2.1.0-ff8aa66-SNAPSHOT/ratis-netty-2.1.0-ff8aa66-SNAPSHOT.jar:/home/runner/.m2/repository/org/apache/ratis/ratis-grpc/2.1.0-ff8aa66-SNAPSHOT/ratis-grpc-2.1.0-ff8aa66-SNAPSHOT.jar:/home/runner/.m2/repository/org/apache/logging/log4j/log4j-api/2.13.3/log4j-api-2.13.3.jar:/home/runner/.m2/repository/org/apache/logging/log4j/log4j-core/2.13.3/log4j-core-2.13.3.jar:/home/runner/.m2/repository/com/lmax/disruptor/3.4.2/disruptor-3.4.2.jar:/home/runner/.m2/repository/org/apache/commons/commons-pool2/2.6.0/commons-pool2-2.6.0.jar:/home/runner/.m2/repository/org/bouncycastle/bcpkix-jdk15on/1.67/bcpkix-jdk15on-1.67.jar:/home/runner/.m2/repository/commons-validator/commons-validator/1.6/commons-validator-1.6.jar:/home/runner/.m2/repository/commons-beanutils/commons-beanutils/1.9.4/commons-beanutils-1.9.4.jar:/home/runner/.m2/repository/commons-digester/commons-digester/1.8.1/commons-digester-1.8.1.jar:/home/runner/.m2/repository/commons-collections/commons-collections/3.2.2/commons-collections-3.2.2.jar:/home/runner/.m2/repository/io/jaegertracing/jaeger-client/1.6.0/jaeger-client-1.6.0.jar:/home/runner/.m2/repository/io/jaegertracing/jaeger-thrift/1.6.0/jaeger-thrift-1.6.0.jar:/home/runner/.m2/repository/org/apache/thrift/libthrift/0.14.1/libthrift-0.14.1.jar:/home/runner/.m2/repository/com/squareup/okhttp3/okhttp/4.9.0/okhttp-4.9.0.jar:/home/runner/.m2/repository/com/squareup/okio/okio/2.8.0/okio-2.8.0.jar:/home/runner/.m2/repository/io/jaegertracing/jaeger-core/1.6.0/jaeger-core-1.6.0.jar:/home/runner/.m2/repository/io/jaegertracing/jaeger-tracerresolver/1.6.0/jaeger-tracerresolver-1.6.0.jar:/home/runner/.m2/repository/io/opentracing/contrib/opentracing-tracerresolver/0.1.8/opentracing-tracerresolver-0.1.8.jar:/home/runner/.m2/repository/org/jetbrains/kotlin/kotlin-stdlib/1.4.31/kotlin-stdlib-1.4.31.jar:/home/runner/.m2/repository/org/jetbrains/kotlin/kotlin-stdlib-common/1.4.31/kotlin-stdlib-common-1.4.31.jar:/home/runner/.m2/repository/org/jetbrains/annotations/13.0/annotations-13.0.jar:/home/runner/.m2/repository/io/opentracing/opentracing-util/0.33.0/opentracing-util-0.33.0.jar:/home/runner/.m2/repository/io/opentracing/opentracing-api/0.33.0/opentracing-api-0.33.0.jar:/home/runner/.m2/repository/io/opentracing/opentracing-noop/0.33.0/opentracing-noop-0.33.0.jar:/home/runner/.m2/repository/org/yaml/snakeyaml/1.26/snakeyaml-1.26.jar:/home/runner/.m2/repository/org/apache/ozone/hdds-interface-admin/1.2.0-SNAPSHOT/hdds-interface-admin-1.2.0-SNAPSHOT.jar:/home/runner/.m2/repository/junit/junit/4.13.1/junit-4.13.1.jar:/home/runner/.m2/repository/org/hamcrest/hamcrest-core/1.3/hamcrest-core-1.3.jar:/home/runner/.m2/repository/org/junit/jupiter/junit-jupiter-api/5.7.0/junit-jupiter-api-5.7.0.jar:/home/runner/.m2/repository/org/apiguardian/apiguardian-api/1.1.0/apiguardian-api-1.1.0.jar:/home/runner/.m2/repository/org/opentest4j/opentest4j/1.2.0/opentest4j-1.2.0.jar:/home/runner/.m2/repository/org/junit/platform/junit-platform-commons/1.7.0/junit-platform-commons-1.7.0.jar:/home/runner/.m2/repository/org/junit/jupiter/junit-jupiter-engine/5.7.0/junit-jupiter-engine-5.7.0.jar:/home/runner/.m2/repository/org/junit/platform/junit-platform-engine/1.7.0/junit-platform-engine-1.7.0.jar:/home/runner/.m2/repository/org/junit/vintage/junit-vintage-engine/5.7.0/junit-vintage-engine-5.7.0.jar:/home/runner/.m2/repository/org/junit/platform/junit-platform-launcher/1.7.0/junit-platform-launcher-1.7.0.jar:/home/runner/.m2/repository/org/openjdk/jmh/jmh-core/1.19/jmh-core-1.19.jar:/home/runner/.m2/repository/net/sf/jopt-simple/jopt-simple/4.6/jopt-simple-4.6.jar:/home/runner/.m2/repository/org/apache/commons/commons-math3/3.1.1/commons-math3-3.1.1.jar:/home/runner/.m2/repository/org/openjdk/jmh/jmh-generator-annprocess/1.19/jmh-generator-annprocess-1.19.jar:/home/runner/.m2/repository/org/mockito/mockito-all/1.8.5/mockito-all-1.8.5.jar:/home/runner/.m2/repository/org/apache/hadoop/hadoop-kms/3.2.2/hadoop-kms-3.2.2.jar:/home/runner/.m2/repository/org/apache/hadoop/hadoop-auth/3.2.2/hadoop-auth-3.2.2.jar:/home/runner/.m2/repository/com/nimbusds/nimbus-jose-jwt/7.9/nimbus-jose-jwt-7.9.jar:/home/runner/.m2/repository/com/github/stephenc/jcip/jcip-annotations/1.0-1/jcip-annotations-1.0-1.jar:/home/runner/.m2/repository/net/minidev/json-smart/2.3/json-smart-2.3.jar:/home/runner/.m2/repository/net/minidev/accessors-smart/1.2/accessors-smart-1.2.jar:/home/runner/.m2/repository/org/ow2/asm/asm/5.0.4/asm-5.0.4.jar:/home/runner/.m2/repository/org/apache/zookeeper/zookeeper/3.4.13/zookeeper-3.4.13.jar:/home/runner/.m2/repository/org/apache/yetus/audience-annotations/0.5.0/audience-annotations-0.5.0.jar:/home/runner/.m2/repository/org/apache/curator/curator-framework/2.13.0/curator-framework-2.13.0.jar:/home/runner/.m2/repository/com/sun/jersey/jersey-core/1.19/jersey-core-1.19.jar:/home/runner/.m2/repository/javax/ws/rs/jsr311-api/1.1.1/jsr311-api-1.1.1.jar:/home/runner/.m2/repository/com/sun/jersey/jersey-server/1.19/jersey-server-1.19.jar:/home/runner/.m2/repository/javax/servlet/javax.servlet-api/3.1.0/javax.servlet-api-3.1.0.jar:/home/runner/.m2/repository/org/eclipse/jetty/jetty-server/9.4.35.v20201120/jetty-server-9.4.35.v20201120.jar:/home/runner/.m2/repository/org/eclipse/jetty/jetty-http/9.4.35.v20201120/jetty-http-9.4.35.v20201120.jar:/home/runner/.m2/repository/org/eclipse/jetty/jetty-io/9.4.35.v20201120/jetty-io-9.4.35.v20201120.jar:/home/runner/.m2/repository/org/eclipse/jetty/jetty-webapp/9.4.35.v20201120/jetty-webapp-9.4.35.v20201120.jar:/home/runner/.m2/repository/org/eclipse/jetty/jetty-xml/9.4.35.v20201120/jetty-xml-9.4.35.v20201120.jar:/home/runner/.m2/repository/org/apache/hadoop/hadoop-common/3.2.2/hadoop-common-3.2.2.jar:/home/runner/.m2/repository/commons-net/commons-net/3.6/commons-net-3.6.jar:/home/runner/.m2/repository/javax/activation/javax.activation-api/1.2.0/javax.activation-api-1.2.0.jar:/home/runner/.m2/repository/com/sun/jersey/jersey-servlet/1.19/jersey-servlet-1.19.jar:/home/runner/.m2/repository/com/sun/jersey/jersey-json/1.19/jersey-json-1.19.jar:/home/runner/.m2/repository/org/codehaus/jettison/jettison/1.1/jettison-1.1.jar:/home/runner/.m2/repository/com/sun/xml/bind/jaxb-impl/2.2.3-1/jaxb-impl-2.2.3-1.jar:/home/runner/.m2/repository/org/codehaus/jackson/jackson-jaxrs/1.9.2/jackson-jaxrs-1.9.2.jar:/home/runner/.m2/repository/org/codehaus/jackson/jackson-xc/1.9.2/jackson-xc-1.9.2.jar:/home/runner/.m2/repository/org/apache/commons/commons-configuration2/2.1.1/commons-configuration2-2.1.1.jar:/home/runner/.m2/repository/org/apache/commons/commons-text/1.4/commons-text-1.4.jar:/home/runner/.m2/repository/com/google/re2j/re2j/1.1/re2j-1.1.jar:/home/runner/.m2/repository/com/jcraft/jsch/0.1.54/jsch-0.1.54.jar:/home/runner/.m2/repository/org/apache/curator/curator-client/2.13.0/curator-client-2.13.0.jar:/home/runner/.m2/repository/org/apache/curator/curator-recipes/2.13.0/curator-recipes-2.13.0.jar:/home/runner/.m2/repository/dnsjava/dnsjava/2.1.7/dnsjava-2.1.7.jar:/home/runner/.m2/repository/org/slf4j/jul-to-slf4j/1.7.30/jul-to-slf4j-1.7.30.jar:/home/runner/.m2/repository/org/eclipse/jetty/jetty-util/9.4.35.v20201120/jetty-util-9.4.35.v20201120.jar:/home/runner/.m2/repository/com/fasterxml/jackson/core/jackson-databind/2.12.1/jackson-databind-2.12.1.jar:/home/runner/.m2/repository/org/apache/hadoop/hadoop-kms/3.2.2/hadoop-kms-3.2.2-tests.jar:/home/runner/.m2/repository/org/apache/ozone/hdds-server-scm/1.2.0-SNAPSHOT/hdds-server-scm-1.2.0-SNAPSHOT-tests.jar:/home/runner/.m2/repository/org/apache/ozone/hdds-container-service/1.2.0-SNAPSHOT/hdds-container-service-1.2.0-SNAPSHOT-tests.jar:/home/runner/.m2/repository/commons-codec/commons-codec/1.11/commons-codec-1.11.jar:/home/runner/.m2/repository/io/netty/netty-transport/4.1.63.Final/netty-transport-4.1.63.Final.jar:/home/runner/.m2/repository/io/netty/netty-resolver/4.1.63.Final/netty-resolver-4.1.63.Final.jar:/home/runner/.m2/repository/io/netty/netty-codec/4.1.63.Final/netty-codec-4.1.63.Final.jar:/home/runner/.m2/repository/io/netty/netty-handler/4.1.63.Final/netty-handler-4.1.63.Final.jar:/home/runner/.m2/repository/org/apache/ozone/hdds-hadoop-dependency-test/1.2.0-SNAPSHOT/hdds-hadoop-dependency-test-1.2.0-SNAPSHOT.jar:/home/runner/.m2/repository/org/apache/hadoop/hadoop-common/3.2.2/hadoop-common-3.2.2-tests.jar:/home/runner/.m2/repository/org/apache/hadoop/hadoop-hdfs/3.2.2/hadoop-hdfs-3.2.2-tests.jar:/home/runner/.m2/repository/org/eclipse/jetty/jetty-util-ajax/9.4.35.v20201120/jetty-util-ajax-9.4.35.v20201120.jar:/home/runner/.m2/repository/commons-daemon/commons-daemon/1.0.13/commons-daemon-1.0.13.jar:/home/runner/.m2/repository/io/netty/netty/3.10.6.Final/netty-3.10.6.Final.jar:/home/runner/.m2/repository/io/netty/netty-all/4.1.63.Final/netty-all-4.1.63.Final.jar:/home/runner/.m2/repository/org/apache/htrace/htrace-core4/4.1.0-incubating/htrace-core4-4.1.0-incubating.jar:/home/runner/.m2/repository/org/fusesource/leveldbjni/leveldbjni-all/1.8/leveldbjni-all-1.8.jar:/home/runner/.m2/repository/org/apache/hadoop/hadoop-distcp/3.2.2/hadoop-distcp-3.2.2.jar:/home/runner/.m2/repository/org/apache/hadoop/hadoop-mapreduce-client-jobclient/3.2.2/hadoop-mapreduce-client-jobclient-3.2.2.jar:/home/runner/.m2/repository/org/apache/hadoop/hadoop-mapreduce-client-common/3.2.2/hadoop-mapreduce-client-common-3.2.2.jar:/home/runner/.m2/repository/org/apache/hadoop/hadoop-yarn-common/3.2.2/hadoop-yarn-common-3.2.2.jar:/home/runner/.m2/repository/org/apache/hadoop/hadoop-yarn-api/3.2.2/hadoop-yarn-api-3.2.2.jar:/home/runner/.m2/repository/com/sun/jersey/jersey-client/1.19/jersey-client-1.19.jar:/home/runner/.m2/repository/com/sun/jersey/contribs/jersey-guice/1.19/jersey-guice-1.19.jar:/home/runner/.m2/repository/com/fasterxml/jackson/jaxrs/jackson-jaxrs-json-provider/2.12.1/jackson-jaxrs-json-provider-2.12.1.jar:/home/runner/.m2/repository/com/fasterxml/jackson/jaxrs/jackson-jaxrs-base/2.12.1/jackson-jaxrs-base-2.12.1.jar:/home/runner/.m2/repository/org/apache/hadoop/hadoop-yarn-client/3.2.2/hadoop-yarn-client-3.2.2.jar:/home/runner/.m2/repository/org/apache/hadoop/hadoop-mapreduce-client-core/3.2.2/hadoop-mapreduce-client-core-3.2.2.jar:/home/runner/.m2/repository/org/apache/avro/avro/1.7.7/avro-1.7.7.jar:/home/runner/.m2/repository/org/codehaus/jackson/jackson-core-asl/1.9.13/jackson-core-asl-1.9.13.jar:/home/runner/.m2/repository/org/codehaus/jackson/jackson-mapper-asl/1.9.13/jackson-mapper-asl-1.9.13.jar:/home/runner/.m2/repository/com/thoughtworks/paranamer/paranamer/2.3/paranamer-2.3.jar:/home/runner/.m2/repository/org/xerial/snappy/snappy-java/1.0.5/snappy-java-1.0.5.jar:/home/runner/.m2/repository/org/apache/hadoop/hadoop-annotations/3.2.2/hadoop-annotations-3.2.2.jar:/usr/lib/jvm/adoptopenjdk-8-hotspot-amd64/jre/../lib/tools.jar:/home/runner/.m2/repository/org/apache/hadoop/hadoop-distcp/3.2.2/hadoop-distcp-3.2.2-tests.jar:"/>
    <property name="sun.cpu.endian" value="little"/>
    <property name="user.home" value="/home/runner"/>
    <property name="user.language" value="en"/>
    <property name="java.specification.vendor" value="Oracle Corporation"/>
    <property name="java.home" value="/usr/lib/jvm/adoptopenjdk-8-hotspot-amd64/jre"/>
    <property name="java.security.krb5.conf" value="/home/runner/work/ozone/ozone/mnt/ozone/hadoop-ozone/integration-test/target/test-classes/krb5.conf"/>
    <property name="basedir" value="/home/runner/work/ozone/ozone/mnt/ozone/hadoop-ozone/integration-test"/>
    <property name="file.separator" value="/"/>
    <property name="line.separator" value="&#10;"/>
    <property name="java.vm.specification.vendor" value="Oracle Corporation"/>
    <property name="java.specification.name" value="Java Platform API Specification"/>
    <property name="java.awt.graphicsenv" value="sun.awt.X11GraphicsEnvironment"/>
    <property name="skip.installnpx" value="true"/>
    <property name="surefire.real.class.path" value="/home/runner/work/ozone/ozone/mnt/ozone/hadoop-ozone/integration-test/target/surefire/surefirebooter754376292964360455.jar:/home/runner/.m2/repository/org/jacoco/org.jacoco.agent/0.8.5/org.jacoco.agent-0.8.5-runtime.jar"/>
    <property name="hadoop.log.dir" value="/home/runner/work/ozone/ozone/mnt/ozone/hadoop-ozone/integration-test/target/log"/>
    <property name="sun.boot.class.path" value="/usr/lib/jvm/adoptopenjdk-8-hotspot-amd64/jre/lib/resources.jar:/usr/lib/jvm/adoptopenjdk-8-hotspot-amd64/jre/lib/rt.jar:/usr/lib/jvm/adoptopenjdk-8-hotspot-amd64/jre/lib/sunrsasign.jar:/usr/lib/jvm/adoptopenjdk-8-hotspot-amd64/jre/lib/jsse.jar:/usr/lib/jvm/adoptopenjdk-8-hotspot-amd64/jre/lib/jce.jar:/usr/lib/jvm/adoptopenjdk-8-hotspot-amd64/jre/lib/charsets.jar:/usr/lib/jvm/adoptopenjdk-8-hotspot-amd64/jre/lib/jfr.jar:/usr/lib/jvm/adoptopenjdk-8-hotspot-amd64/jre/classes"/>
    <property name="sun.management.compiler" value="HotSpot 64-Bit Tiered Compilers"/>
    <property name="skip.npx" value="true"/>
    <property name="java.runtime.version" value="1.8.0_292-b10"/>
    <property name="java.net.preferIPv4Stack" value="true"/>
    <property name="user.name" value="runner"/>
    <property name="path.separator" value=":"/>
    <property name="java.security.egd" value="file:///dev/urandom"/>
    <property name="os.version" value="5.4.0-1048-azure"/>
    <property name="java.endorsed.dirs" value="/usr/lib/jvm/adoptopenjdk-8-hotspot-amd64/jre/lib/endorsed"/>
    <property name="java.runtime.name" value="OpenJDK Runtime Environment"/>
    <property name="file.encoding" value="UTF-8"/>
    <property name="java.vm.name" value="OpenJDK 64-Bit Server VM"/>
    <property name="test.build.webapps" value=""/>
    <property name="localRepository" value="/home/runner/.m2/repository"/>
    <property name="java.vendor.url.bug" value="https://github.com/AdoptOpenJDK/openjdk-support/issues"/>
    <property name="java.io.tmpdir" value="/tmp"/>
    <property name="require.test.libhadoop" value=""/>
    <property name="java.version" value="1.8.0_292"/>
    <property name="user.dir" value="/home/runner/work/ozone/ozone/mnt/ozone/hadoop-ozone/integration-test"/>
    <property name="os.arch" value="amd64"/>
    <property name="java.vm.specification.name" value="Java Virtual Machine Specification"/>
    <property name="test.build.classes" value="/home/runner/work/ozone/ozone/mnt/ozone/hadoop-ozone/integration-test/target/test-classes"/>
    <property name="java.awt.printerjob" value="sun.print.PSPrinterJob"/>
    <property name="sun.os.patch.level" value="unknown"/>
    <property name="hadoop.tmp.dir" value="/home/runner/work/ozone/ozone/mnt/ozone/hadoop-ozone/integration-test/target/tmp"/>
    <property name="java.library.path" value="/usr/java/packages/lib/amd64:/usr/lib64:/lib64:/lib:/usr/lib"/>
    <property name="java.vm.info" value="mixed mode"/>
    <property name="java.vendor" value="AdoptOpenJDK"/>
    <property name="java.vm.version" value="25.292-b10"/>
    <property name="java.ext.dirs" value="/usr/lib/jvm/adoptopenjdk-8-hotspot-amd64/jre/lib/ext:/usr/java/packages/lib/ext"/>
    <property name="sun.io.unicode.encoding" value="UnicodeLittle"/>
    <property name="java.class.version" value="52.0"/>
  </properties>
  <testcase name="test2DatanodesFailure" classname="org.apache.hadoop.ozone.client.rpc.TestBlockOutputStreamWithFailures" time="61.987"/>
  <testcase name="testDatanodeFailureWithPreAllocation" classname="org.apache.hadoop.ozone.client.rpc.TestBlockOutputStreamWithFailures" time="78.292"/>
  <testcase name="testDatanodeFailureWithSingleNodeRatis" classname="org.apache.hadoop.ozone.client.rpc.TestBlockOutputStreamWithFailures" time="300.014">
    <error message="test timed out after 300 seconds" type="org.junit.runners.model.TestTimedOutException">org.junit.runners.model.TestTimedOutException: test timed out after 300 seconds
	at java.lang.Object.wait(Native Method)
	at java.util.concurrent.ForkJoinTask.externalAwaitDone(ForkJoinTask.java:334)
	at java.util.concurrent.ForkJoinTask.doInvoke(ForkJoinTask.java:405)
	at java.util.concurrent.ForkJoinTask.invoke(ForkJoinTask.java:734)
	at java.util.stream.ForEachOps$ForEachOp.evaluateParallel(ForEachOps.java:159)
	at java.util.stream.ForEachOps$ForEachOp$OfRef.evaluateParallel(ForEachOps.java:173)
	at java.util.stream.AbstractPipeline.evaluate(AbstractPipeline.java:233)
	at java.util.stream.ReferencePipeline.forEach(ReferencePipeline.java:485)
	at java.util.stream.ReferencePipeline$Head.forEach(ReferencePipeline.java:650)
	at org.apache.hadoop.ozone.MiniOzoneClusterImpl.stopDatanodes(MiniOzoneClusterImpl.java:521)
	at org.apache.hadoop.ozone.MiniOzoneClusterImpl.stop(MiniOzoneClusterImpl.java:462)
	at org.apache.hadoop.ozone.MiniOzoneClusterImpl.shutdown(MiniOzoneClusterImpl.java:449)
	at org.apache.hadoop.ozone.client.rpc.TestBlockOutputStreamWithFailures.shutdown(TestBlockOutputStreamWithFailures.java:158)
	at sun.reflect.NativeMethodAccessorImpl.invoke0(Native Method)
	at sun.reflect.NativeMethodAccessorImpl.invoke(NativeMethodAccessorImpl.java:62)
	at sun.reflect.DelegatingMethodAccessorImpl.invoke(DelegatingMethodAccessorImpl.java:43)
	at java.lang.reflect.Method.invoke(Method.java:498)
	at org.junit.runners.model.FrameworkMethod$1.runReflectiveCall(FrameworkMethod.java:59)
	at org.junit.internal.runners.model.ReflectiveCallable.run(ReflectiveCallable.java:12)
	at org.junit.runners.model.FrameworkMethod.invokeExplosively(FrameworkMethod.java:56)
	at org.junit.internal.runners.statements.RunAfters.invokeMethod(RunAfters.java:46)
	at org.junit.internal.runners.statements.RunAfters.evaluate(RunAfters.java:33)
	at org.junit.internal.runners.statements.FailOnTimeout$CallableStatement.call(FailOnTimeout.java:288)
	at org.junit.internal.runners.statements.FailOnTimeout$CallableStatement.call(FailOnTimeout.java:282)
	at java.util.concurrent.FutureTask.run(FutureTask.java:266)
	at java.lang.Thread.run(Thread.java:748)
</error>
    <system-out><![CDATA[2021-06-11 19:07:01,920 [Time-limited test] WARN  server.ServerUtils (ServerUtils.java:getScmDbDir(148)) - ozone.scm.db.dirs is not configured. We recommend adding this setting. Falling back to ozone.metadata.dirs instead.
2021-06-11 19:07:01,922 [Time-limited test] INFO  ha.SCMHANodeDetails (SCMHANodeDetails.java:loadSCMHAConfig(157)) - ServiceID for StorageContainerManager is null
2021-06-11 19:07:01,922 [Time-limited test] INFO  ha.SCMHANodeDetails (SCMHANodeDetails.java:loadSCMHAConfig(162)) - ozone.scm.default.service.id is not defined, falling back to ozone.scm.service.ids to find serviceID for StorageContainerManager if it is HA enabled cluster
2021-06-11 19:07:01,922 [Time-limited test] WARN  server.ServerUtils (ServerUtils.java:getScmDbDir(148)) - ozone.scm.db.dirs is not configured. We recommend adding this setting. Falling back to ozone.metadata.dirs instead.
2021-06-11 19:07:01,922 [Time-limited test] WARN  utils.HAUtils (HAUtils.java:getMetaDir(342)) - ozone.scm.db.dirs is not configured. We recommend adding this setting. Falling back to ozone.metadata.dirs instead.
2021-06-11 19:07:01,923 [Time-limited test] WARN  db.DBStoreBuilder (DBStoreBuilder.java:applyDBDefinition(145)) - ozone.scm.db.dirs is not configured. We recommend adding this setting. Falling back to ozone.metadata.dirs instead.
2021-06-11 19:07:01,989 [Time-limited test] INFO  net.NodeSchemaLoader (NodeSchemaLoader.java:loadSchemaFromFile(129)) - Loading schema from [jar:file:/home/runner/.m2/repository/org/apache/ozone/hdds-common/1.2.0-SNAPSHOT/hdds-common-1.2.0-SNAPSHOT.jar!/network-topology-default.xml]
2021-06-11 19:07:01,989 [Time-limited test] INFO  net.NodeSchemaLoader (NodeSchemaLoader.java:loadSchema(176)) - Loading network topology layer schema file
2021-06-11 19:07:01,992 [Time-limited test] INFO  ha.SequenceIdGenerator (SequenceIdGenerator.java:upgradeToSequenceId(327)) - upgrade localId to 107544261427200000
2021-06-11 19:07:01,992 [Time-limited test] INFO  ha.SequenceIdGenerator (SequenceIdGenerator.java:upgradeToSequenceId(337)) - upgrade delTxnId to 0
2021-06-11 19:07:01,992 [Time-limited test] INFO  ha.SequenceIdGenerator (SequenceIdGenerator.java:upgradeToSequenceId(351)) - upgrade containerId to 0
2021-06-11 19:07:01,992 [Time-limited test] INFO  ha.SequenceIdGenerator (SequenceIdGenerator.java:<init>(217)) - Init the HA SequenceIdGenerator.
2021-06-11 19:07:01,993 [Time-limited test] WARN  server.ServerUtils (ServerUtils.java:sanitizeUserArgs(67)) - ozone.scm.dead.node.interval value = 10000 is smaller than min = 20000 based on the key value of ozone.scm.stale.node.interval, reset to the min value 20000.
2021-06-11 19:07:01,995 [Time-limited test] INFO  node.SCMNodeManager (SCMNodeManager.java:<init>(125)) - Entering startup safe mode.
2021-06-11 19:07:01,995 [Time-limited test] INFO  algorithms.ContainerPlacementPolicyFactory (ContainerPlacementPolicyFactory.java:getPolicy(60)) - Create container placement policy of type org.apache.hadoop.hdds.scm.container.placement.algorithms.SCMContainerPlacementRandom
2021-06-11 19:07:01,995 [Time-limited test] INFO  pipeline.PipelineStateManager (PipelineStateManagerV2Impl.java:initialize(78)) - No pipeline exists in current db
2021-06-11 19:07:01,995 [Time-limited test] INFO  algorithms.LeaderChoosePolicyFactory (LeaderChoosePolicyFactory.java:getPolicy(57)) - Create leader choose policy of type org.apache.hadoop.hdds.scm.pipeline.leader.choose.algorithms.MinLeaderCountChoosePolicy
2021-06-11 19:07:01,995 [Time-limited test] INFO  ha.SCMServiceManager (SCMServiceManager.java:register(43)) - Registering service BackgroundPipelineCreator.
2021-06-11 19:07:01,995 [Time-limited test] INFO  pipeline.BackgroundPipelineCreator (BackgroundPipelineCreatorV2.java:start(130)) - Starting RatisPipelineUtilsThread.
2021-06-11 19:07:01,996 [Time-limited test] INFO  algorithms.PipelineChoosePolicyFactory (PipelineChoosePolicyFactory.java:createPipelineChoosePolicyFromClass(73)) - Create pipeline choose policy of type org.apache.hadoop.hdds.scm.pipeline.choose.algorithms.RandomPipelineChoosePolicy
2021-06-11 19:07:01,996 [Time-limited test] INFO  ha.SCMServiceManager (SCMServiceManager.java:register(43)) - Registering service SCMBlockDeletingService.
2021-06-11 19:07:01,997 [Time-limited test] INFO  ha.SCMServiceManager (SCMServiceManager.java:register(43)) - Registering service ReplicationManager.
2021-06-11 19:07:01,997 [Time-limited test] INFO  container.ReplicationManager (ReplicationManager.java:start(227)) - Starting Replication Monitor Thread.
2021-06-11 19:07:01,998 [ReplicationMonitor] INFO  container.ReplicationManager (ReplicationManager.java:run(291)) - Replication Monitor Thread took 0 milliseconds for processing 0 containers.
2021-06-11 19:07:02,000 [Time-limited test] INFO  safemode.ContainerSafeModeRule (ContainerSafeModeRule.java:<init>(89)) - containers with one replica threshold count 0
2021-06-11 19:07:02,000 [Time-limited test] INFO  safemode.HealthyPipelineSafeModeRule (HealthyPipelineSafeModeRule.java:initializeRule(156)) - Total pipeline count is 0, healthy pipeline threshold count is 1
2021-06-11 19:07:02,001 [Time-limited test] INFO  safemode.OneReplicaPipelineSafeModeRule (OneReplicaPipelineSafeModeRule.java:initializeRule(180)) - Total pipeline count is 0, pipeline's with at least one datanode reported threshold count is 0
2021-06-11 19:07:02,004 [Time-limited test] INFO  ipc.CallQueueManager (CallQueueManager.java:<init>(85)) - Using callQueue: class java.util.concurrent.LinkedBlockingQueue, queueCapacity: 2000, scheduler: class org.apache.hadoop.ipc.DefaultRpcScheduler, ipcBackoff: false.
2021-06-11 19:07:02,005 [Socket Reader #1 for port 0] INFO  ipc.Server (Server.java:run(1255)) - Starting Socket Reader #1 for port 0
2021-06-11 19:07:02,005 [Listener at 0.0.0.0/39777] INFO  ipc.CallQueueManager (CallQueueManager.java:<init>(85)) - Using callQueue: class java.util.concurrent.LinkedBlockingQueue, queueCapacity: 2000, scheduler: class org.apache.hadoop.ipc.DefaultRpcScheduler, ipcBackoff: false.
2021-06-11 19:07:02,006 [Listener at 0.0.0.0/35093] INFO  ipc.CallQueueManager (CallQueueManager.java:<init>(85)) - Using callQueue: class java.util.concurrent.LinkedBlockingQueue, queueCapacity: 2000, scheduler: class org.apache.hadoop.ipc.DefaultRpcScheduler, ipcBackoff: false.
2021-06-11 19:07:02,007 [Socket Reader #1 for port 0] INFO  ipc.Server (Server.java:run(1255)) - Starting Socket Reader #1 for port 0
2021-06-11 19:07:02,007 [Socket Reader #1 for port 0] INFO  ipc.Server (Server.java:run(1255)) - Starting Socket Reader #1 for port 0
2021-06-11 19:07:02,008 [Listener at 0.0.0.0/33627] INFO  server.StorageContainerManager (StorageContainerManager.java:<init>(420)) - 
Container Balancer status:
Key                            Value
Running                        true
Container Balancer Configuration values:
Key                            Value
Threshold                      0.1
Max Datanodes to Balance       5
Max Size to Move               10737418240B

2021-06-11 19:07:02,008 [Listener at 0.0.0.0/33627] WARN  events.EventQueue (EventQueue.java:fireEvent(185)) - No event handler registered for event TypedEvent{payloadType=SafeModeStatus, name='Safe mode status'}
2021-06-11 19:07:02,008 [Listener at 0.0.0.0/33627] INFO  ha.SCMContext (SCMContext.java:updateSafeModeStatus(208)) - Update SafeModeStatus from SafeModeStatus{safeModeStatus=true, preCheckPassed=false} to SafeModeStatus{safeModeStatus=true, preCheckPassed=false}.
2021-06-11 19:07:02,008 [Listener at 0.0.0.0/33627] INFO  server.StorageContainerManager (StorageContainerManager.java:start(1208)) - StorageContainerLocationProtocol RPC server is listening at /0.0.0.0:33627
2021-06-11 19:07:02,009 [Listener at 0.0.0.0/33627] WARN  impl.MetricsConfig (MetricsConfig.java:loadFirst(136)) - Cannot locate configuration: tried hadoop-metrics2-storagecontainermanager.properties,hadoop-metrics2.properties
2021-06-11 19:07:02,010 [Listener at 0.0.0.0/33627] INFO  impl.MetricsSystemImpl (MetricsSystemImpl.java:startTimer(378)) - Scheduled Metric snapshot period at 10 second(s).
2021-06-11 19:07:02,010 [Listener at 0.0.0.0/33627] INFO  impl.MetricsSystemImpl (MetricsSystemImpl.java:start(191)) - StorageContainerManager metrics system started
2021-06-11 19:07:02,024 [Listener at 0.0.0.0/33627] INFO  impl.MetricsSinkAdapter (MetricsSinkAdapter.java:start(204)) - Sink prometheus started
2021-06-11 19:07:02,025 [Listener at 0.0.0.0/33627] INFO  impl.MetricsSystemImpl (MetricsSystemImpl.java:registerSink(305)) - Registered sink prometheus
2021-06-11 19:07:02,026 [Listener at 0.0.0.0/33627] INFO  server.SCMClientProtocolServer (SCMClientProtocolServer.java:start(157)) - RPC server for Client  is listening at /0.0.0.0:33627
2021-06-11 19:07:02,026 [IPC Server Responder] INFO  ipc.Server (Server.java:run(1497)) - IPC Server Responder: starting
2021-06-11 19:07:02,026 [IPC Server listener on 0] INFO  ipc.Server (Server.java:run(1334)) - IPC Server listener on 0: starting
2021-06-11 19:07:02,029 [Listener at 0.0.0.0/33627] INFO  server.StorageContainerManager (StorageContainerManager.java:start(1223)) - ScmBlockLocationProtocol RPC server is listening at /0.0.0.0:35093
2021-06-11 19:07:02,029 [Listener at 0.0.0.0/33627] INFO  server.SCMBlockProtocolServer (SCMBlockProtocolServer.java:start(149)) - RPC server for Block Protocol is listening at /0.0.0.0:35093
2021-06-11 19:07:02,035 [IPC Server Responder] INFO  ipc.Server (Server.java:run(1497)) - IPC Server Responder: starting
2021-06-11 19:07:02,035 [IPC Server listener on 0] INFO  ipc.Server (Server.java:run(1334)) - IPC Server listener on 0: starting
2021-06-11 19:07:02,040 [Listener at 0.0.0.0/33627] INFO  server.StorageContainerManager (StorageContainerManager.java:start(1229)) - ScmDatanodeProtocl RPC server is listening at /0.0.0.0:39777
2021-06-11 19:07:02,041 [Listener at 0.0.0.0/33627] INFO  server.SCMDatanodeProtocolServer (SCMDatanodeProtocolServer.java:start(174)) - RPC server for DataNodes is listening at /0.0.0.0:39777
2021-06-11 19:07:02,041 [IPC Server Responder] INFO  ipc.Server (Server.java:run(1497)) - IPC Server Responder: starting
2021-06-11 19:07:02,044 [IPC Server listener on 0] INFO  ipc.Server (Server.java:run(1334)) - IPC Server listener on 0: starting
2021-06-11 19:07:02,050 [org.apache.hadoop.util.JvmPauseMonitor$Monitor@37b6a32d] INFO  util.JvmPauseMonitor (JvmPauseMonitor.java:run(188)) - Starting JVM pause monitor
2021-06-11 19:07:02,051 [Listener at 0.0.0.0/33627] INFO  http.BaseHttpServer (BaseHttpServer.java:newHttpServer2BuilderForOzone(209)) - Starting Web-server for scm at: http://0.0.0.0:0
2021-06-11 19:07:02,051 [Listener at 0.0.0.0/33627] INFO  http.BaseHttpServer (BaseHttpServer.java:<init>(107)) - Hadoop Security Enabled: false Ozone Security Enabled: false Ozone HTTP Security Enabled: false 
2021-06-11 19:07:02,052 [Listener at 0.0.0.0/33627] INFO  server.AuthenticationFilter (AuthenticationFilter.java:constructSecretProvider(240)) - Unable to initialize FileSignerSecretProvider, falling back to use random secrets.
2021-06-11 19:07:02,052 [Listener at 0.0.0.0/33627] WARN  http.HttpRequestLog (HttpRequestLog.java:getRequestLog(103)) - Jetty request log can only be enabled using Log4j
2021-06-11 19:07:02,055 [Listener at 0.0.0.0/33627] INFO  http.HttpServer2 (HttpServer2.java:addGlobalFilter(1020)) - Added global filter 'safety' (class=org.apache.hadoop.hdds.server.http.HttpServer2$QuotingInputFilter)
2021-06-11 19:07:02,055 [Listener at 0.0.0.0/33627] INFO  http.HttpServer2 (HttpServer2.java:addFilter(996)) - Added filter static_user_filter (class=org.apache.hadoop.http.lib.StaticUserWebFilter$StaticUserFilter) to context scm
2021-06-11 19:07:02,055 [Listener at 0.0.0.0/33627] INFO  http.HttpServer2 (HttpServer2.java:addFilter(1004)) - Added filter static_user_filter (class=org.apache.hadoop.http.lib.StaticUserWebFilter$StaticUserFilter) to context logs
2021-06-11 19:07:02,055 [Listener at 0.0.0.0/33627] INFO  http.HttpServer2 (HttpServer2.java:addFilter(1004)) - Added filter static_user_filter (class=org.apache.hadoop.http.lib.StaticUserWebFilter$StaticUserFilter) to context static
2021-06-11 19:07:02,056 [Listener at 0.0.0.0/33627] INFO  http.HttpServer2 (HttpServer2.java:bindListener(1238)) - Jetty bound to port 46471
2021-06-11 19:07:02,056 [Listener at 0.0.0.0/33627] INFO  server.Server (Server.java:doStart(375)) - jetty-9.4.35.v20201120; built: 2020-11-20T21:17:03.964Z; git: bdc54f03a5e0a7e280fab27f55c3c75ee8da89fb; jvm 1.8.0_292-b10
2021-06-11 19:07:02,057 [Listener at 0.0.0.0/33627] INFO  server.session (DefaultSessionIdManager.java:doStart(334)) - DefaultSessionIdManager workerName=node0
2021-06-11 19:07:02,057 [Listener at 0.0.0.0/33627] INFO  server.session (DefaultSessionIdManager.java:doStart(339)) - No SessionScavenger set, using defaults
2021-06-11 19:07:02,057 [Listener at 0.0.0.0/33627] INFO  server.session (HouseKeeper.java:startScavenging(132)) - node0 Scavenging every 600000ms
2021-06-11 19:07:02,058 [Listener at 0.0.0.0/33627] INFO  handler.ContextHandler (ContextHandler.java:doStart(916)) - Started o.e.j.s.ServletContextHandler@6bfc329c{logs,/logs,file:///home/runner/work/ozone/ozone/mnt/ozone/hadoop-ozone/integration-test/target/log,AVAILABLE}
2021-06-11 19:07:02,058 [Listener at 0.0.0.0/33627] INFO  handler.ContextHandler (ContextHandler.java:doStart(916)) - Started o.e.j.s.ServletContextHandler@54b45c47{static,/static,file:///home/runner/work/ozone/ozone/mnt/ozone/hadoop-ozone/integration-test/target/test-classes/webapps/static,AVAILABLE}
2021-06-11 19:07:02,060 [Listener at 0.0.0.0/33627] INFO  handler.ContextHandler (ContextHandler.java:doStart(916)) - Started o.e.j.w.WebAppContext@334fcec7{scm,/,file:///home/runner/work/ozone/ozone/mnt/ozone/hadoop-ozone/integration-test/target/test-classes/webapps/scm/,AVAILABLE}{file:/home/runner/work/ozone/ozone/mnt/ozone/hadoop-ozone/integration-test/target/test-classes/webapps/scm}
2021-06-11 19:07:02,063 [Listener at 0.0.0.0/33627] INFO  server.AbstractConnector (AbstractConnector.java:doStart(331)) - Started ServerConnector@533e212a{HTTP/1.1, (http/1.1)}{0.0.0.0:46471}
2021-06-11 19:07:02,063 [Listener at 0.0.0.0/33627] INFO  server.Server (Server.java:doStart(415)) - Started @141388ms
2021-06-11 19:07:02,063 [Listener at 0.0.0.0/33627] WARN  impl.MetricsSystemImpl (MetricsSystemImpl.java:register(279)) - Sink prometheus already exists!
2021-06-11 19:07:02,064 [Listener at 0.0.0.0/33627] INFO  http.BaseHttpServer (BaseHttpServer.java:updateConnectorAddress(329)) - HTTP server of scm listening at http://0.0.0.0:46471
2021-06-11 19:07:02,064 [Listener at 0.0.0.0/33627] WARN  server.ServerUtils (ServerUtils.java:getDBPath(225)) - ozone.om.db.dirs is not configured. We recommend adding this setting. Falling back to ozone.metadata.dirs instead.
2021-06-11 19:07:02,065 [Listener at 0.0.0.0/33627] INFO  ha.OMHANodeDetails (OMHANodeDetails.java:loadOMHAConfig(105)) - ozone.om.internal.service.id is not defined, falling back to ozone.om.service.ids to find serviceID for OzoneManager if it is HA enabled cluster
2021-06-11 19:07:02,065 [Listener at 0.0.0.0/33627] INFO  ha.OMHANodeDetails (OMHANodeDetails.java:loadOMHAConfig(212)) - Configuration does not have ozone.om.address set. Falling back to the default OM address /127.0.0.1:0
2021-06-11 19:07:02,065 [Listener at 0.0.0.0/33627] INFO  ha.OMHANodeDetails (OMHANodeDetails.java:getOMNodeDetails(240)) - OM Service ID is not set. Setting it to the default ID: omServiceIdDefault
2021-06-11 19:07:02,065 [Listener at 0.0.0.0/33627] INFO  ha.OMHANodeDetails (OMHANodeDetails.java:getOMNodeDetails(247)) - OM Node ID is not set. Setting it to the default ID: om1
2021-06-11 19:07:02,065 [Listener at 0.0.0.0/33627] WARN  server.ServerUtils (ServerUtils.java:getDBPath(225)) - ozone.om.db.dirs is not configured. We recommend adding this setting. Falling back to ozone.metadata.dirs instead.
2021-06-11 19:07:02,065 [Listener at 0.0.0.0/33627] WARN  server.ServerUtils (ServerUtils.java:getDBPath(225)) - ozone.om.db.dirs is not configured. We recommend adding this setting. Falling back to ozone.metadata.dirs instead.
2021-06-11 19:07:02,076 [Listener at 0.0.0.0/33627] WARN  server.ServerUtils (ServerUtils.java:getDBPath(225)) - ozone.om.db.dirs is not configured. We recommend adding this setting. Falling back to ozone.metadata.dirs instead.
2021-06-11 19:07:02,076 [Listener at 0.0.0.0/33627] INFO  codec.OmKeyInfoCodec (OmKeyInfoCodec.java:<init>(51)) - OmKeyInfoCodec ignorePipeline = true
2021-06-11 19:07:02,076 [Listener at 0.0.0.0/33627] INFO  codec.RepeatedOmKeyInfoCodec (RepeatedOmKeyInfoCodec.java:<init>(42)) - RepeatedOmKeyInfoCodec ignorePipeline = true
2021-06-11 19:07:02,169 [Listener at 0.0.0.0/33627] INFO  om.OzoneManager (OzoneManager.java:addS3GVolumeToDB(3804)) - Created Volume s3v With Owner runner required for S3Gateway operations.
2021-06-11 19:07:02,169 [Listener at 0.0.0.0/33627] WARN  server.ServerUtils (ServerUtils.java:getDefaultRatisDirectory(237)) - Storage directory for Ratis is not configured. It is a good idea to map this to an SSD disk. Falling back to ozone.metadata.dirs
2021-06-11 19:07:02,170 [Listener at 0.0.0.0/33627] WARN  ratis.OzoneManagerRatisServer (OzoneManagerRatisServer.java:getOMRatisSnapshotDirectory(634)) - ozone.om.ratis.snapshot.dir is not configured. Falling back to ozone.metadata.dirs config
2021-06-11 19:07:02,170 [Listener at 0.0.0.0/33627] WARN  server.ServerUtils (ServerUtils.java:getDefaultRatisDirectory(237)) - Storage directory for Ratis is not configured. It is a good idea to map this to an SSD disk. Falling back to ozone.metadata.dirs
2021-06-11 19:07:02,171 [Listener at 0.0.0.0/33627] INFO  ratis.OzoneManagerRatisServer (OzoneManagerRatisServer.java:<init>(288)) - Instantiating OM Ratis server with GroupID: omServiceIdDefault and Raft Peers: localhost:9872
2021-06-11 19:07:02,171 [Listener at 0.0.0.0/33627] INFO  ratis.OzoneManagerStateMachine (OzoneManagerStateMachine.java:loadSnapshotInfoFromDB(520)) - LastAppliedIndex is set from TransactionInfo from OM DB as (t:0, i:~)
2021-06-11 19:07:02,172 [Listener at 0.0.0.0/33627] INFO  server.RaftServer (ConfUtils.java:logGet(44)) - raft.rpc.type = GRPC (default)
2021-06-11 19:07:02,172 [Listener at 0.0.0.0/33627] INFO  grpc.GrpcFactory (GrpcFactory.java:checkPooledByteBufAllocatorUseCacheForAllThreads(48)) - PERFORMANCE WARNING: useCacheForAllThreads is true that may cause Netty to create a lot garbage objects and, as a result, trigger GC.
	It is recommended to disable useCacheForAllThreads by setting -Dorg.apache.ratis.thirdparty.io.netty.allocator.useCacheForAllThreads=false in command line.
2021-06-11 19:07:02,172 [Listener at 0.0.0.0/33627] INFO  grpc.GrpcConfigKeys (ConfUtils.java:logGet(44)) - raft.grpc.admin.port = -1 (default)
2021-06-11 19:07:02,172 [Listener at 0.0.0.0/33627] INFO  grpc.GrpcConfigKeys (ConfUtils.java:logGet(44)) - raft.grpc.server.port = 9872 (custom)
2021-06-11 19:07:02,172 [Listener at 0.0.0.0/33627] INFO  grpc.GrpcConfigKeys (ConfUtils.java:logGet(44)) - raft.grpc.client.port = -1 (default)
2021-06-11 19:07:02,172 [Listener at 0.0.0.0/33627] INFO  grpc.GrpcConfigKeys (ConfUtils.java:logGet(44)) - raft.grpc.server.port = 9872 (custom)
2021-06-11 19:07:02,172 [Listener at 0.0.0.0/33627] INFO  grpc.GrpcConfigKeys (ConfUtils.java:logGet(44)) - raft.grpc.server.port = 9872 (custom)
2021-06-11 19:07:02,173 [Listener at 0.0.0.0/33627] INFO  server.GrpcService (ConfUtils.java:logGet(44)) - raft.grpc.message.size.max = 33554432 (custom)
2021-06-11 19:07:02,173 [Listener at 0.0.0.0/33627] INFO  server.RaftServerConfigKeys (ConfUtils.java:logGet(44)) - raft.server.log.appender.buffer.byte-limit = 33554432 (custom)
2021-06-11 19:07:02,173 [Listener at 0.0.0.0/33627] INFO  server.GrpcService (ConfUtils.java:logGet(44)) - raft.grpc.flow.control.window = 1MB (=1048576) (default)
2021-06-11 19:07:02,173 [Listener at 0.0.0.0/33627] INFO  server.RaftServerConfigKeys (ConfUtils.java:logGet(44)) - raft.server.rpc.request.timeout = 3000ms (default)
2021-06-11 19:07:02,174 [Listener at 0.0.0.0/33627] INFO  impl.DataStreamServerImpl (ConfUtils.java:logGet(44)) - raft.datastream.type = DISABLED (default)
2021-06-11 19:07:02,174 [Listener at 0.0.0.0/33627] INFO  server.RaftServerConfigKeys (ConfUtils.java:logGet(44)) - raft.server.rpc.slowness.timeout = 120s (custom)
2021-06-11 19:07:02,174 [Listener at 0.0.0.0/33627] INFO  server.RaftServerConfigKeys (ConfUtils.java:logGet(44)) - raft.server.leaderelection.leader.step-down.wait-time = 10s (default)
2021-06-11 19:07:02,174 [Listener at 0.0.0.0/33627] INFO  server.RaftServerConfigKeys (ConfUtils.java:logGet(44)) - raft.server.storage.dir = [/home/runner/work/ozone/ozone/mnt/ozone/hadoop-ozone/integration-test/target/test-dir/MiniOzoneClusterImpl-7f30813a-d1ba-41a1-975d-e59f1b24795c/ozone-meta/ratis] (custom)
2021-06-11 19:07:02,175 [Listener at 0.0.0.0/33627] INFO  server.RaftServer (RaftServerProxy.java:addNew(95)) - om1: addNew group-C5BA1605619E:[om1|rpc:localhost:9872|priority:0] returns group-C5BA1605619E:java.util.concurrent.CompletableFuture@40574781[Not completed]
2021-06-11 19:07:02,175 [Listener at 0.0.0.0/33627] INFO  om.OzoneManager (OzoneManager.java:initializeRatisServer(1311)) - OzoneManager Ratis server initialized at port 9872
2021-06-11 19:07:02,176 [Listener at 0.0.0.0/33627] INFO  ipc.CallQueueManager (CallQueueManager.java:<init>(85)) - Using callQueue: class java.util.concurrent.LinkedBlockingQueue, queueCapacity: 2000, scheduler: class org.apache.hadoop.ipc.DefaultRpcScheduler, ipcBackoff: false.
2021-06-11 19:07:02,175 [pool-419-thread-1] INFO  server.RaftServer$Division (RaftServerImpl.java:<init>(180)) - om1: new RaftServerImpl for group-C5BA1605619E:[om1|rpc:localhost:9872|priority:0] with OzoneManagerStateMachine:uninitialized
2021-06-11 19:07:02,180 [pool-419-thread-1] INFO  server.RaftServerConfigKeys (ConfUtils.java:logGet(44)) - raft.server.rpc.timeout.min = 1s (custom)
2021-06-11 19:07:02,180 [pool-419-thread-1] INFO  server.RaftServerConfigKeys (ConfUtils.java:logGet(44)) - raft.server.rpc.timeout.max = 1200ms (custom)
2021-06-11 19:07:02,180 [pool-419-thread-1] INFO  server.RaftServerConfigKeys (ConfUtils.java:logGet(44)) - raft.server.rpc.sleep.time = 25ms (default)
2021-06-11 19:07:02,180 [pool-419-thread-1] INFO  server.RaftServerConfigKeys (ConfUtils.java:logGet(44)) - raft.server.rpc.slowness.timeout = 120s (custom)
2021-06-11 19:07:02,180 [pool-419-thread-1] INFO  server.RaftServerConfigKeys (ConfUtils.java:logGet(44)) - raft.server.leaderelection.leader.step-down.wait-time = 10s (default)
2021-06-11 19:07:02,180 [pool-419-thread-1] INFO  server.RaftServerConfigKeys (ConfUtils.java:logGet(44)) - raft.server.sleep.deviation.threshold = 300ms (default)
2021-06-11 19:07:02,180 [pool-419-thread-1] INFO  server.RaftServerConfigKeys (ConfUtils.java:logGet(44)) - raft.server.log.appender.install.snapshot.enabled = false (custom)
2021-06-11 19:07:02,180 [pool-419-thread-1] INFO  server.RaftServer$Division (ServerState.java:<init>(105)) - om1@group-C5BA1605619E: ConfigurationManager, init=-1: [om1|rpc:localhost:9872|priority:0], old=null, confs=<EMPTY_MAP>
2021-06-11 19:07:02,181 [pool-419-thread-1] INFO  server.RaftServerConfigKeys (ConfUtils.java:logGet(44)) - raft.server.storage.dir = [/home/runner/work/ozone/ozone/mnt/ozone/hadoop-ozone/integration-test/target/test-dir/MiniOzoneClusterImpl-7f30813a-d1ba-41a1-975d-e59f1b24795c/ozone-meta/ratis] (custom)
2021-06-11 19:07:02,181 [pool-419-thread-1] INFO  server.RaftServerConfigKeys (ConfUtils.java:logGet(44)) - raft.server.log.corruption.policy = EXCEPTION (default)
2021-06-11 19:07:02,181 [pool-419-thread-1] INFO  storage.RaftStorageDirectory (RaftStorageDirectoryImpl.java:analyzeStorage(132)) - The storage directory /home/runner/work/ozone/ozone/mnt/ozone/hadoop-ozone/integration-test/target/test-dir/MiniOzoneClusterImpl-7f30813a-d1ba-41a1-975d-e59f1b24795c/ozone-meta/ratis/bf265839-605b-3f16-9796-c5ba1605619e does not exist. Creating ...
2021-06-11 19:07:02,181 [Socket Reader #1 for port 0] INFO  ipc.Server (Server.java:run(1255)) - Starting Socket Reader #1 for port 0
2021-06-11 19:07:02,192 [pool-419-thread-1] INFO  storage.RaftStorageDirectory (RaftStorageDirectoryImpl.java:tryLock(215)) - Lock on /home/runner/work/ozone/ozone/mnt/ozone/hadoop-ozone/integration-test/target/test-dir/MiniOzoneClusterImpl-7f30813a-d1ba-41a1-975d-e59f1b24795c/ozone-meta/ratis/bf265839-605b-3f16-9796-c5ba1605619e/in_use.lock acquired by nodename 18191@fv-az59-942
2021-06-11 19:07:02,193 [pool-419-thread-1] INFO  storage.RaftStorage (RaftStorageImpl.java:format(87)) - Storage directory /home/runner/work/ozone/ozone/mnt/ozone/hadoop-ozone/integration-test/target/test-dir/MiniOzoneClusterImpl-7f30813a-d1ba-41a1-975d-e59f1b24795c/ozone-meta/ratis/bf265839-605b-3f16-9796-c5ba1605619e has been successfully formatted.
2021-06-11 19:07:02,193 [pool-419-thread-1] INFO  server.RaftServerConfigKeys (ConfUtils.java:logGet(44)) - raft.server.notification.no-leader.timeout = 120s (custom)
2021-06-11 19:07:02,193 [pool-419-thread-1] INFO  server.RaftServerConfigKeys (ConfUtils.java:logGet(44)) - raft.server.log.use.memory = false (default)
2021-06-11 19:07:02,193 [pool-419-thread-1] INFO  server.RaftServerConfigKeys (ConfUtils.java:logGet(44)) - raft.server.log.purge.gap = 1000000 (custom)
2021-06-11 19:07:02,193 [pool-419-thread-1] INFO  server.RaftServerConfigKeys (ConfUtils.java:logGet(44)) - raft.server.log.appender.buffer.byte-limit = 33554432 (custom)
2021-06-11 19:07:02,193 [pool-419-thread-1] INFO  metrics.RatisMetrics (RatisMetrics.java:lambda$create$0(36)) - Creating Metrics Registry : ratis.log_worker.om1@group-C5BA1605619E
2021-06-11 19:07:02,194 [pool-419-thread-1] INFO  server.RaftServerConfigKeys (ConfUtils.java:logGet(44)) - raft.server.log.segment.size.max = 4194304 (custom)
2021-06-11 19:07:02,194 [pool-419-thread-1] INFO  server.RaftServerConfigKeys (ConfUtils.java:logGet(44)) - raft.server.log.segment.cache.num.max = 2 (custom)
2021-06-11 19:07:02,194 [pool-419-thread-1] INFO  server.RaftServerConfigKeys (ConfUtils.java:logGet(44)) - raft.server.log.segment.cache.size.max = 200MB (=209715200) (default)
2021-06-11 19:07:02,194 [pool-419-thread-1] INFO  segmented.SegmentedRaftLogWorker (SegmentedRaftLogWorker.java:<init>(182)) - new om1@group-C5BA1605619E-SegmentedRaftLogWorker for RaftStorageImpl:Storage Directory /home/runner/work/ozone/ozone/mnt/ozone/hadoop-ozone/integration-test/target/test-dir/MiniOzoneClusterImpl-7f30813a-d1ba-41a1-975d-e59f1b24795c/ozone-meta/ratis/bf265839-605b-3f16-9796-c5ba1605619e
2021-06-11 19:07:02,194 [pool-419-thread-1] INFO  server.RaftServerConfigKeys (ConfUtils.java:logGet(44)) - raft.server.log.queue.byte-limit = 64MB (=67108864) (default)
2021-06-11 19:07:02,194 [pool-419-thread-1] INFO  server.RaftServerConfigKeys (ConfUtils.java:logGet(44)) - raft.server.log.queue.element-limit = 4096 (default)
2021-06-11 19:07:02,194 [pool-419-thread-1] INFO  server.RaftServerConfigKeys (ConfUtils.java:logGet(44)) - raft.server.log.segment.size.max = 4194304 (custom)
2021-06-11 19:07:02,194 [pool-419-thread-1] INFO  server.RaftServerConfigKeys (ConfUtils.java:logGet(44)) - raft.server.log.preallocated.size = 4194304 (custom)
2021-06-11 19:07:02,194 [pool-419-thread-1] INFO  server.RaftServerConfigKeys (ConfUtils.java:logGet(44)) - raft.server.log.force.sync.num = 128 (default)
2021-06-11 19:07:02,194 [pool-419-thread-1] INFO  server.RaftServerConfigKeys (ConfUtils.java:logGet(44)) - raft.server.log.statemachine.data.sync = true (default)
2021-06-11 19:07:02,194 [pool-419-thread-1] INFO  server.RaftServerConfigKeys (ConfUtils.java:logGet(44)) - raft.server.log.statemachine.data.sync.timeout = 10s (default)
2021-06-11 19:07:02,194 [pool-419-thread-1] INFO  server.RaftServerConfigKeys (ConfUtils.java:logGet(44)) - raft.server.log.statemachine.data.sync.timeout.retry = -1 (default)
2021-06-11 19:07:02,195 [pool-419-thread-1] INFO  server.RaftServerConfigKeys (ConfUtils.java:logGet(44)) - raft.server.log.write.buffer.size = 64KB (=65536) (default)
2021-06-11 19:07:02,196 [pool-419-thread-1] INFO  server.RaftServerConfigKeys (ConfUtils.java:logGet(44)) - raft.server.log.statemachine.data.caching.enabled = false (default)
2021-06-11 19:07:02,196 [pool-419-thread-1] INFO  segmented.SegmentedRaftLogWorker (SegmentedRaftLogWorker.java:lambda$new$0(133)) - om1@group-C5BA1605619E-SegmentedRaftLogWorker: flushIndex: setUnconditionally 0 -> -1
2021-06-11 19:07:02,196 [pool-419-thread-1] INFO  segmented.SegmentedRaftLogWorker (SegmentedRaftLogWorker.java:lambda$new$0(133)) - om1@group-C5BA1605619E-SegmentedRaftLogWorker: safeCacheEvictIndex: setUnconditionally 0 -> -1
2021-06-11 19:07:02,199 [Listener at 127.0.0.1/43957] INFO  om.OzoneManager (OzoneManager.java:initFSOLayout(3896)) - Configured ozone.om.metadata.layout=SIMPLE and disabled optimized OM FS operations
2021-06-11 19:07:02,199 [Listener at 127.0.0.1/43957] INFO  impl.MetricsSystemImpl (MetricsSystemImpl.java:init(158)) - OzoneManager metrics system started (again)
2021-06-11 19:07:02,204 [pool-419-thread-1] INFO  server.RaftServerConfigKeys (ConfUtils.java:logGet(44)) - raft.server.snapshot.auto.trigger.enabled = true (custom)
2021-06-11 19:07:02,205 [pool-419-thread-1] INFO  server.RaftServerConfigKeys (ConfUtils.java:logGet(44)) - raft.server.snapshot.auto.trigger.threshold = 400000 (default)
2021-06-11 19:07:02,205 [pool-419-thread-1] INFO  server.RaftServerConfigKeys (ConfUtils.java:logGet(44)) - raft.server.snapshot.retention.file.num = -1 (default)
2021-06-11 19:07:02,206 [pool-419-thread-1] INFO  server.RaftServerConfigKeys (ConfUtils.java:logGet(44)) - raft.server.log.purge.upto.snapshot.index = true (custom)
2021-06-11 19:07:02,206 [pool-419-thread-1] INFO  server.RaftServerConfigKeys (ConfUtils.java:logGet(44)) - raft.server.retrycache.expirytime = 300s (custom)
2021-06-11 19:07:02,206 [pool-419-thread-1] INFO  server.RaftServerConfigKeys (ConfUtils.java:logGet(44)) - raft.server.retrycache.statistics.expirytime = 100μs (default)
2021-06-11 19:07:02,206 [pool-419-thread-1] INFO  metrics.RatisMetrics (RatisMetrics.java:lambda$create$0(36)) - Creating Metrics Registry : ratis.leader_election.om1@group-C5BA1605619E
2021-06-11 19:07:02,206 [pool-419-thread-1] INFO  metrics.RatisMetrics (RatisMetrics.java:lambda$create$0(36)) - Creating Metrics Registry : ratis.server.om1@group-C5BA1605619E
2021-06-11 19:07:02,204 [Listener at 127.0.0.1/43957] INFO  om.OzoneManager (OzoneManager.java:start(1113)) - OzoneManager RPC server is listening at localhost/127.0.0.1:43957
2021-06-11 19:07:02,207 [Listener at 127.0.0.1/43957] INFO  ratis.OzoneManagerRatisServer (OzoneManagerRatisServer.java:start(388)) - Starting OzoneManagerRatisServer om1 at port 9872
2021-06-11 19:07:02,207 [Listener at 127.0.0.1/43957] INFO  server.RaftServer$Division (RaftServerImpl.java:start(295)) - om1@group-C5BA1605619E: start as a follower, conf=-1: [om1|rpc:localhost:9872|priority:0], old=null
2021-06-11 19:07:02,207 [Listener at 127.0.0.1/43957] INFO  server.RaftServer$Division (RaftServerImpl.java:setRole(284)) - om1@group-C5BA1605619E: changes role from      null to FOLLOWER at term 0 for startAsFollower
2021-06-11 19:07:02,207 [Listener at 127.0.0.1/43957] INFO  impl.RoleInfo (RoleInfo.java:updateAndGet(130)) - om1: start om1@group-C5BA1605619E-FollowerState
2021-06-11 19:07:02,207 [Listener at 127.0.0.1/43957] INFO  util.JmxRegister (JmxRegister.java:tryRegister(44)) - Successfully registered JMX Bean with object name Ratis:service=RaftServer,group=group-C5BA1605619E,id=om1
2021-06-11 19:07:02,207 [Listener at 127.0.0.1/43957] INFO  metrics.RatisMetrics (RatisMetrics.java:lambda$create$0(36)) - Creating Metrics Registry : ratis.state_machine.om1@group-C5BA1605619E
2021-06-11 19:07:02,208 [Listener at 127.0.0.1/43957] INFO  server.RaftServer (RaftServerProxy.java:lambda$start$5(374)) - om1: start RPC server
2021-06-11 19:07:02,209 [Listener at 127.0.0.1/43957] INFO  server.GrpcService (GrpcService.java:startImpl(253)) - om1: GrpcService started, listening on 9872
2021-06-11 19:07:02,209 [org.apache.ratis.util.JvmPauseMonitor$$Lambda$513/909036188@1a64aafe] INFO  util.JvmPauseMonitor (JvmPauseMonitor.java:run(103)) - JvmPauseMonitor-om1: Started
2021-06-11 19:07:02,210 [Listener at 127.0.0.1/43957] INFO  http.BaseHttpServer (BaseHttpServer.java:newHttpServer2BuilderForOzone(209)) - Starting Web-server for ozoneManager at: http://0.0.0.0:0
2021-06-11 19:07:02,210 [Listener at 127.0.0.1/43957] INFO  http.BaseHttpServer (BaseHttpServer.java:<init>(107)) - Hadoop Security Enabled: false Ozone Security Enabled: false Ozone HTTP Security Enabled: false 
2021-06-11 19:07:02,212 [Listener at 127.0.0.1/43957] INFO  server.AuthenticationFilter (AuthenticationFilter.java:constructSecretProvider(240)) - Unable to initialize FileSignerSecretProvider, falling back to use random secrets.
2021-06-11 19:07:02,213 [Listener at 127.0.0.1/43957] WARN  http.HttpRequestLog (HttpRequestLog.java:getRequestLog(103)) - Jetty request log can only be enabled using Log4j
2021-06-11 19:07:02,214 [Listener at 127.0.0.1/43957] INFO  http.HttpServer2 (HttpServer2.java:addGlobalFilter(1020)) - Added global filter 'safety' (class=org.apache.hadoop.hdds.server.http.HttpServer2$QuotingInputFilter)
2021-06-11 19:07:02,215 [Listener at 127.0.0.1/43957] INFO  http.HttpServer2 (HttpServer2.java:addFilter(996)) - Added filter static_user_filter (class=org.apache.hadoop.http.lib.StaticUserWebFilter$StaticUserFilter) to context ozoneManager
2021-06-11 19:07:02,215 [Listener at 127.0.0.1/43957] INFO  http.HttpServer2 (HttpServer2.java:addFilter(1004)) - Added filter static_user_filter (class=org.apache.hadoop.http.lib.StaticUserWebFilter$StaticUserFilter) to context static
2021-06-11 19:07:02,215 [Listener at 127.0.0.1/43957] INFO  http.HttpServer2 (HttpServer2.java:addFilter(1004)) - Added filter static_user_filter (class=org.apache.hadoop.http.lib.StaticUserWebFilter$StaticUserFilter) to context logs
2021-06-11 19:07:02,215 [Listener at 127.0.0.1/43957] INFO  http.HttpServer2 (HttpServer2.java:bindListener(1238)) - Jetty bound to port 33833
2021-06-11 19:07:02,215 [Listener at 127.0.0.1/43957] INFO  server.Server (Server.java:doStart(375)) - jetty-9.4.35.v20201120; built: 2020-11-20T21:17:03.964Z; git: bdc54f03a5e0a7e280fab27f55c3c75ee8da89fb; jvm 1.8.0_292-b10
2021-06-11 19:07:02,217 [Listener at 127.0.0.1/43957] INFO  server.session (DefaultSessionIdManager.java:doStart(334)) - DefaultSessionIdManager workerName=node0
2021-06-11 19:07:02,217 [Listener at 127.0.0.1/43957] INFO  server.session (DefaultSessionIdManager.java:doStart(339)) - No SessionScavenger set, using defaults
2021-06-11 19:07:02,218 [Listener at 127.0.0.1/43957] INFO  server.session (HouseKeeper.java:startScavenging(132)) - node0 Scavenging every 600000ms
2021-06-11 19:07:02,220 [Listener at 127.0.0.1/43957] INFO  handler.ContextHandler (ContextHandler.java:doStart(916)) - Started o.e.j.s.ServletContextHandler@7a5467f1{logs,/logs,file:///home/runner/work/ozone/ozone/mnt/ozone/hadoop-ozone/integration-test/target/log,AVAILABLE}
2021-06-11 19:07:02,220 [Listener at 127.0.0.1/43957] INFO  handler.ContextHandler (ContextHandler.java:doStart(916)) - Started o.e.j.s.ServletContextHandler@26bdbaff{static,/static,file:///home/runner/work/ozone/ozone/mnt/ozone/hadoop-ozone/integration-test/target/test-classes/webapps/static,AVAILABLE}
2021-06-11 19:07:02,222 [Listener at 127.0.0.1/43957] INFO  handler.ContextHandler (ContextHandler.java:doStart(916)) - Started o.e.j.w.WebAppContext@6e32d258{ozoneManager,/,file:///home/runner/work/ozone/ozone/mnt/ozone/hadoop-ozone/integration-test/target/test-classes/webapps/ozoneManager/,AVAILABLE}{file:/home/runner/work/ozone/ozone/mnt/ozone/hadoop-ozone/integration-test/target/test-classes/webapps/ozoneManager}
2021-06-11 19:07:02,230 [Listener at 127.0.0.1/43957] INFO  server.AbstractConnector (AbstractConnector.java:doStart(331)) - Started ServerConnector@3b4ec30a{HTTP/1.1, (http/1.1)}{0.0.0.0:33833}
2021-06-11 19:07:02,230 [Listener at 127.0.0.1/43957] INFO  server.Server (Server.java:doStart(415)) - Started @141555ms
2021-06-11 19:07:02,230 [Listener at 127.0.0.1/43957] WARN  impl.MetricsSystemImpl (MetricsSystemImpl.java:register(279)) - Sink prometheus already exists!
2021-06-11 19:07:02,230 [Listener at 127.0.0.1/43957] INFO  http.BaseHttpServer (BaseHttpServer.java:updateConnectorAddress(329)) - HTTP server of ozoneManager listening at http://0.0.0.0:33833
2021-06-11 19:07:02,236 [IPC Server Responder] INFO  ipc.Server (Server.java:run(1497)) - IPC Server Responder: starting
2021-06-11 19:07:02,236 [IPC Server listener on 0] INFO  ipc.Server (Server.java:run(1334)) - IPC Server listener on 0: starting
2021-06-11 19:07:02,241 [Listener at 127.0.0.1/43957] INFO  om.OzoneManager (OzoneManager.java:startTrashEmptier(1251)) - Trash Interval set to 0. Files deleted will not move to trash
2021-06-11 19:07:02,256 [org.apache.hadoop.util.JvmPauseMonitor$Monitor@70d62828] INFO  util.JvmPauseMonitor (JvmPauseMonitor.java:run(188)) - Starting JVM pause monitor
2021-06-11 19:07:02,268 [Listener at 127.0.0.1/43957] INFO  impl.MetricsSystemImpl (MetricsSystemImpl.java:init(158)) - HddsDatanode metrics system started (again)
2021-06-11 19:07:02,269 [Listener at 127.0.0.1/43957] INFO  ozone.HddsDatanodeService (HddsDatanodeService.java:start(220)) - HddsDatanodeService host:fv-az59-942.csjynl4pkq3e1pkirw3ssqjfoh.cx.internal.cloudapp.net ip:10.1.0.43
2021-06-11 19:07:02,287 [Listener at 127.0.0.1/43957] INFO  volume.HddsVolume (HddsVolume.java:<init>(184)) - Creating Volume: /home/runner/work/ozone/ozone/mnt/ozone/hadoop-ozone/integration-test/target/test-dir/MiniOzoneClusterImpl-7f30813a-d1ba-41a1-975d-e59f1b24795c/datanode-0/data-0/containers/hdds of storage type : DISK and capacity : 9223372036854775807
2021-06-11 19:07:02,287 [Listener at 127.0.0.1/43957] INFO  volume.MutableVolumeSet (MutableVolumeSet.java:initializeVolumeSet(198)) - Added Volume : /home/runner/work/ozone/ozone/mnt/ozone/hadoop-ozone/integration-test/target/test-dir/MiniOzoneClusterImpl-7f30813a-d1ba-41a1-975d-e59f1b24795c/datanode-0/data-0/containers/hdds to VolumeSet
2021-06-11 19:07:02,287 [Listener at 127.0.0.1/43957] INFO  volume.ThrottledAsyncChecker (ThrottledAsyncChecker.java:schedule(141)) - Scheduling a check for /home/runner/work/ozone/ozone/mnt/ozone/hadoop-ozone/integration-test/target/test-dir/MiniOzoneClusterImpl-7f30813a-d1ba-41a1-975d-e59f1b24795c/datanode-0/data-0/containers/hdds
2021-06-11 19:07:02,288 [Listener at 127.0.0.1/43957] INFO  volume.HddsVolumeChecker (HddsVolumeChecker.java:checkAllVolumes(201)) - Scheduled health check for volume /home/runner/work/ozone/ozone/mnt/ozone/hadoop-ozone/integration-test/target/test-dir/MiniOzoneClusterImpl-7f30813a-d1ba-41a1-975d-e59f1b24795c/datanode-0/data-0/containers/hdds
2021-06-11 19:07:02,300 [Listener at 127.0.0.1/43957] INFO  ozoneimpl.ContainerReader (ContainerReader.java:<init>(98)) - Running in upgrade mode:true
2021-06-11 19:07:02,301 [Thread-1283] INFO  ozoneimpl.ContainerReader (ContainerReader.java:readVolume(142)) - Start to verify containers on volume /home/runner/work/ozone/ozone/mnt/ozone/hadoop-ozone/integration-test/target/test-dir/MiniOzoneClusterImpl-7f30813a-d1ba-41a1-975d-e59f1b24795c/datanode-0/data-0/containers/hdds
2021-06-11 19:07:02,301 [Thread-1283] INFO  ozoneimpl.ContainerReader (ContainerReader.java:readVolume(174)) - Finish verifying containers on volume /home/runner/work/ozone/ozone/mnt/ozone/hadoop-ozone/integration-test/target/test-dir/MiniOzoneClusterImpl-7f30813a-d1ba-41a1-975d-e59f1b24795c/datanode-0/data-0/containers/hdds
2021-06-11 19:07:02,301 [Listener at 127.0.0.1/43957] INFO  ozoneimpl.OzoneContainer (OzoneContainer.java:buildContainerSet(228)) - Build ContainerSet costs 0s
2021-06-11 19:07:02,303 [Listener at 127.0.0.1/43957] INFO  server.RaftServer (ConfUtils.java:logGet(44)) - raft.rpc.type = GRPC (default)
2021-06-11 19:07:02,303 [Listener at 127.0.0.1/43957] INFO  grpc.GrpcFactory (GrpcFactory.java:checkPooledByteBufAllocatorUseCacheForAllThreads(48)) - PERFORMANCE WARNING: useCacheForAllThreads is true that may cause Netty to create a lot garbage objects and, as a result, trigger GC.
	It is recommended to disable useCacheForAllThreads by setting -Dorg.apache.ratis.thirdparty.io.netty.allocator.useCacheForAllThreads=false in command line.
2021-06-11 19:07:02,303 [Listener at 127.0.0.1/43957] INFO  grpc.GrpcConfigKeys (ConfUtils.java:logGet(44)) - raft.grpc.admin.port = 0 (custom)
2021-06-11 19:07:02,303 [Listener at 127.0.0.1/43957] INFO  grpc.GrpcConfigKeys (ConfUtils.java:logGet(44)) - raft.grpc.client.port = 0 (custom)
2021-06-11 19:07:02,303 [Listener at 127.0.0.1/43957] INFO  grpc.GrpcConfigKeys (ConfUtils.java:logGet(44)) - raft.grpc.server.port = 0 (default)
2021-06-11 19:07:02,303 [Listener at 127.0.0.1/43957] INFO  server.GrpcService (ConfUtils.java:logGet(44)) - raft.grpc.message.size.max = 32MB (=33554432) (custom)
2021-06-11 19:07:02,303 [Listener at 127.0.0.1/43957] INFO  server.RaftServerConfigKeys (ConfUtils.java:logGet(44)) - raft.server.log.appender.buffer.byte-limit = 33554432 (custom)
2021-06-11 19:07:02,303 [Listener at 127.0.0.1/43957] INFO  server.GrpcService (ConfUtils.java:logGet(44)) - raft.grpc.flow.control.window = 5MB (=5242880) (custom)
2021-06-11 19:07:02,303 [Listener at 127.0.0.1/43957] INFO  server.RaftServerConfigKeys (ConfUtils.java:logGet(44)) - raft.server.rpc.request.timeout = 3000ms (default)
2021-06-11 19:07:02,304 [Listener at 127.0.0.1/43957] INFO  impl.DataStreamServerImpl (ConfUtils.java:logGet(44)) - raft.datastream.type = DISABLED (default)
2021-06-11 19:07:02,304 [Listener at 127.0.0.1/43957] INFO  server.RaftServerConfigKeys (ConfUtils.java:logGet(44)) - raft.server.rpc.slowness.timeout = 300000ms (custom)
2021-06-11 19:07:02,304 [Listener at 127.0.0.1/43957] INFO  server.RaftServerConfigKeys (ConfUtils.java:logGet(44)) - raft.server.leaderelection.leader.step-down.wait-time = 10s (default)
2021-06-11 19:07:02,305 [Listener at 127.0.0.1/43957] INFO  server.RaftServerConfigKeys (ConfUtils.java:logGet(44)) - raft.server.storage.dir = [/home/runner/work/ozone/ozone/mnt/ozone/hadoop-ozone/integration-test/target/test-dir/MiniOzoneClusterImpl-7f30813a-d1ba-41a1-975d-e59f1b24795c/datanode-0/data/ratis] (custom)
2021-06-11 19:07:02,308 [Listener at 127.0.0.1/43957] INFO  http.BaseHttpServer (BaseHttpServer.java:newHttpServer2BuilderForOzone(209)) - Starting Web-server for hddsDatanode at: http://0.0.0.0:0
2021-06-11 19:07:02,308 [Listener at 127.0.0.1/43957] INFO  http.BaseHttpServer (BaseHttpServer.java:<init>(107)) - Hadoop Security Enabled: false Ozone Security Enabled: false Ozone HTTP Security Enabled: false 
2021-06-11 19:07:02,309 [Listener at 127.0.0.1/43957] INFO  server.AuthenticationFilter (AuthenticationFilter.java:constructSecretProvider(240)) - Unable to initialize FileSignerSecretProvider, falling back to use random secrets.
2021-06-11 19:07:02,309 [Listener at 127.0.0.1/43957] WARN  http.HttpRequestLog (HttpRequestLog.java:getRequestLog(103)) - Jetty request log can only be enabled using Log4j
2021-06-11 19:07:02,310 [Listener at 127.0.0.1/43957] INFO  http.HttpServer2 (HttpServer2.java:addGlobalFilter(1020)) - Added global filter 'safety' (class=org.apache.hadoop.hdds.server.http.HttpServer2$QuotingInputFilter)
2021-06-11 19:07:02,310 [Listener at 127.0.0.1/43957] INFO  http.HttpServer2 (HttpServer2.java:addFilter(996)) - Added filter static_user_filter (class=org.apache.hadoop.http.lib.StaticUserWebFilter$StaticUserFilter) to context hddsDatanode
2021-06-11 19:07:02,310 [Listener at 127.0.0.1/43957] INFO  http.HttpServer2 (HttpServer2.java:addFilter(1004)) - Added filter static_user_filter (class=org.apache.hadoop.http.lib.StaticUserWebFilter$StaticUserFilter) to context logs
2021-06-11 19:07:02,310 [Listener at 127.0.0.1/43957] INFO  http.HttpServer2 (HttpServer2.java:addFilter(1004)) - Added filter static_user_filter (class=org.apache.hadoop.http.lib.StaticUserWebFilter$StaticUserFilter) to context static
2021-06-11 19:07:02,310 [Listener at 127.0.0.1/43957] INFO  http.HttpServer2 (HttpServer2.java:bindListener(1238)) - Jetty bound to port 32977
2021-06-11 19:07:02,310 [Listener at 127.0.0.1/43957] INFO  server.Server (Server.java:doStart(375)) - jetty-9.4.35.v20201120; built: 2020-11-20T21:17:03.964Z; git: bdc54f03a5e0a7e280fab27f55c3c75ee8da89fb; jvm 1.8.0_292-b10
2021-06-11 19:07:02,312 [Listener at 127.0.0.1/43957] INFO  server.session (DefaultSessionIdManager.java:doStart(334)) - DefaultSessionIdManager workerName=node0
2021-06-11 19:07:02,312 [Listener at 127.0.0.1/43957] INFO  server.session (DefaultSessionIdManager.java:doStart(339)) - No SessionScavenger set, using defaults
2021-06-11 19:07:02,312 [Listener at 127.0.0.1/43957] INFO  server.session (HouseKeeper.java:startScavenging(132)) - node0 Scavenging every 660000ms
2021-06-11 19:07:02,312 [Listener at 127.0.0.1/43957] INFO  handler.ContextHandler (ContextHandler.java:doStart(916)) - Started o.e.j.s.ServletContextHandler@b71ded8{logs,/logs,file:///home/runner/work/ozone/ozone/mnt/ozone/hadoop-ozone/integration-test/target/log,AVAILABLE}
2021-06-11 19:07:02,313 [Listener at 127.0.0.1/43957] INFO  handler.ContextHandler (ContextHandler.java:doStart(916)) - Started o.e.j.s.ServletContextHandler@2bd6d24f{static,/static,jar:file:/home/runner/.m2/repository/org/apache/ozone/hdds-container-service/1.2.0-SNAPSHOT/hdds-container-service-1.2.0-SNAPSHOT.jar!/webapps/static,AVAILABLE}
2021-06-11 19:07:02,356 [Listener at 127.0.0.1/43957] INFO  handler.ContextHandler (ContextHandler.java:doStart(916)) - Started o.e.j.w.WebAppContext@315101e4{hddsDatanode,/,file:///tmp/jetty-0_0_0_0-32977-hdds-container-service-1_2_0-SNAPSHOT_jar-_-any-5617755171124197013/webapp/,AVAILABLE}{jar:file:/home/runner/.m2/repository/org/apache/ozone/hdds-container-service/1.2.0-SNAPSHOT/hdds-container-service-1.2.0-SNAPSHOT.jar!/webapps/hddsDatanode}
2021-06-11 19:07:02,357 [Listener at 127.0.0.1/43957] INFO  server.AbstractConnector (AbstractConnector.java:doStart(331)) - Started ServerConnector@3556e934{HTTP/1.1, (http/1.1)}{0.0.0.0:32977}
2021-06-11 19:07:02,357 [Listener at 127.0.0.1/43957] INFO  server.Server (Server.java:doStart(415)) - Started @141682ms
2021-06-11 19:07:02,357 [Listener at 127.0.0.1/43957] WARN  impl.MetricsSystemImpl (MetricsSystemImpl.java:register(279)) - Sink prometheus already exists!
2021-06-11 19:07:02,358 [Listener at 127.0.0.1/43957] INFO  http.BaseHttpServer (BaseHttpServer.java:updateConnectorAddress(329)) - HTTP server of hddsDatanode listening at http://0.0.0.0:32977
2021-06-11 19:07:02,360 [Listener at 127.0.0.1/43957] INFO  impl.MetricsSystemImpl (MetricsSystemImpl.java:init(158)) - HddsDatanode metrics system started (again)
2021-06-11 19:07:02,362 [Listener at 127.0.0.1/43957] INFO  ozone.HddsDatanodeService (HddsDatanodeService.java:start(220)) - HddsDatanodeService host:fv-az59-942.csjynl4pkq3e1pkirw3ssqjfoh.cx.internal.cloudapp.net ip:10.1.0.43
2021-06-11 19:07:02,368 [org.apache.hadoop.util.JvmPauseMonitor$Monitor@5f42cb1f] INFO  util.JvmPauseMonitor (JvmPauseMonitor.java:run(188)) - Starting JVM pause monitor
2021-06-11 19:07:02,372 [Datanode State Machine Task Thread - 0] INFO  datanode.InitDatanodeState (InitDatanodeState.java:persistContainerDatanodeDetails(145)) - DatanodeDetails is persisted to /home/runner/work/ozone/ozone/mnt/ozone/hadoop-ozone/integration-test/target/test-dir/MiniOzoneClusterImpl-7f30813a-d1ba-41a1-975d-e59f1b24795c/datanode-0/meta/datanode.id
2021-06-11 19:07:02,380 [Listener at 127.0.0.1/43957] INFO  volume.HddsVolume (HddsVolume.java:<init>(184)) - Creating Volume: /home/runner/work/ozone/ozone/mnt/ozone/hadoop-ozone/integration-test/target/test-dir/MiniOzoneClusterImpl-7f30813a-d1ba-41a1-975d-e59f1b24795c/datanode-1/data-0/containers/hdds of storage type : DISK and capacity : 9223372036854775807
2021-06-11 19:07:02,380 [Listener at 127.0.0.1/43957] INFO  volume.MutableVolumeSet (MutableVolumeSet.java:initializeVolumeSet(198)) - Added Volume : /home/runner/work/ozone/ozone/mnt/ozone/hadoop-ozone/integration-test/target/test-dir/MiniOzoneClusterImpl-7f30813a-d1ba-41a1-975d-e59f1b24795c/datanode-1/data-0/containers/hdds to VolumeSet
2021-06-11 19:07:02,381 [Listener at 127.0.0.1/43957] INFO  volume.ThrottledAsyncChecker (ThrottledAsyncChecker.java:schedule(141)) - Scheduling a check for /home/runner/work/ozone/ozone/mnt/ozone/hadoop-ozone/integration-test/target/test-dir/MiniOzoneClusterImpl-7f30813a-d1ba-41a1-975d-e59f1b24795c/datanode-1/data-0/containers/hdds
2021-06-11 19:07:02,381 [Listener at 127.0.0.1/43957] INFO  volume.HddsVolumeChecker (HddsVolumeChecker.java:checkAllVolumes(201)) - Scheduled health check for volume /home/runner/work/ozone/ozone/mnt/ozone/hadoop-ozone/integration-test/target/test-dir/MiniOzoneClusterImpl-7f30813a-d1ba-41a1-975d-e59f1b24795c/datanode-1/data-0/containers/hdds
2021-06-11 19:07:02,393 [Listener at 127.0.0.1/43957] INFO  ozoneimpl.ContainerReader (ContainerReader.java:<init>(98)) - Running in upgrade mode:true
2021-06-11 19:07:02,393 [Thread-1294] INFO  ozoneimpl.ContainerReader (ContainerReader.java:readVolume(142)) - Start to verify containers on volume /home/runner/work/ozone/ozone/mnt/ozone/hadoop-ozone/integration-test/target/test-dir/MiniOzoneClusterImpl-7f30813a-d1ba-41a1-975d-e59f1b24795c/datanode-1/data-0/containers/hdds
2021-06-11 19:07:02,393 [Thread-1294] INFO  ozoneimpl.ContainerReader (ContainerReader.java:readVolume(174)) - Finish verifying containers on volume /home/runner/work/ozone/ozone/mnt/ozone/hadoop-ozone/integration-test/target/test-dir/MiniOzoneClusterImpl-7f30813a-d1ba-41a1-975d-e59f1b24795c/datanode-1/data-0/containers/hdds
2021-06-11 19:07:02,393 [Listener at 127.0.0.1/43957] INFO  ozoneimpl.OzoneContainer (OzoneContainer.java:buildContainerSet(228)) - Build ContainerSet costs 0s
2021-06-11 19:07:02,395 [Listener at 127.0.0.1/43957] INFO  server.RaftServer (ConfUtils.java:logGet(44)) - raft.rpc.type = GRPC (default)
2021-06-11 19:07:02,395 [Listener at 127.0.0.1/43957] INFO  grpc.GrpcFactory (GrpcFactory.java:checkPooledByteBufAllocatorUseCacheForAllThreads(48)) - PERFORMANCE WARNING: useCacheForAllThreads is true that may cause Netty to create a lot garbage objects and, as a result, trigger GC.
	It is recommended to disable useCacheForAllThreads by setting -Dorg.apache.ratis.thirdparty.io.netty.allocator.useCacheForAllThreads=false in command line.
2021-06-11 19:07:02,395 [Listener at 127.0.0.1/43957] INFO  grpc.GrpcConfigKeys (ConfUtils.java:logGet(44)) - raft.grpc.admin.port = 0 (custom)
2021-06-11 19:07:02,395 [Listener at 127.0.0.1/43957] INFO  grpc.GrpcConfigKeys (ConfUtils.java:logGet(44)) - raft.grpc.client.port = 0 (custom)
2021-06-11 19:07:02,395 [Listener at 127.0.0.1/43957] INFO  grpc.GrpcConfigKeys (ConfUtils.java:logGet(44)) - raft.grpc.server.port = 0 (default)
2021-06-11 19:07:02,395 [Listener at 127.0.0.1/43957] INFO  server.GrpcService (ConfUtils.java:logGet(44)) - raft.grpc.message.size.max = 32MB (=33554432) (custom)
2021-06-11 19:07:02,395 [Listener at 127.0.0.1/43957] INFO  server.RaftServerConfigKeys (ConfUtils.java:logGet(44)) - raft.server.log.appender.buffer.byte-limit = 33554432 (custom)
2021-06-11 19:07:02,395 [Listener at 127.0.0.1/43957] INFO  server.GrpcService (ConfUtils.java:logGet(44)) - raft.grpc.flow.control.window = 5MB (=5242880) (custom)
2021-06-11 19:07:02,395 [Listener at 127.0.0.1/43957] INFO  server.RaftServerConfigKeys (ConfUtils.java:logGet(44)) - raft.server.rpc.request.timeout = 3000ms (default)
2021-06-11 19:07:02,396 [Listener at 127.0.0.1/43957] INFO  impl.DataStreamServerImpl (ConfUtils.java:logGet(44)) - raft.datastream.type = DISABLED (default)
2021-06-11 19:07:02,396 [Listener at 127.0.0.1/43957] INFO  server.RaftServerConfigKeys (ConfUtils.java:logGet(44)) - raft.server.rpc.slowness.timeout = 300000ms (custom)
2021-06-11 19:07:02,396 [Listener at 127.0.0.1/43957] INFO  server.RaftServerConfigKeys (ConfUtils.java:logGet(44)) - raft.server.leaderelection.leader.step-down.wait-time = 10s (default)
2021-06-11 19:07:02,396 [Listener at 127.0.0.1/43957] INFO  server.RaftServerConfigKeys (ConfUtils.java:logGet(44)) - raft.server.storage.dir = [/home/runner/work/ozone/ozone/mnt/ozone/hadoop-ozone/integration-test/target/test-dir/MiniOzoneClusterImpl-7f30813a-d1ba-41a1-975d-e59f1b24795c/datanode-1/data/ratis] (custom)
2021-06-11 19:07:02,399 [Listener at 127.0.0.1/43957] INFO  http.BaseHttpServer (BaseHttpServer.java:newHttpServer2BuilderForOzone(209)) - Starting Web-server for hddsDatanode at: http://0.0.0.0:0
2021-06-11 19:07:02,399 [Listener at 127.0.0.1/43957] INFO  http.BaseHttpServer (BaseHttpServer.java:<init>(107)) - Hadoop Security Enabled: false Ozone Security Enabled: false Ozone HTTP Security Enabled: false 
2021-06-11 19:07:02,399 [Listener at 127.0.0.1/43957] INFO  server.AuthenticationFilter (AuthenticationFilter.java:constructSecretProvider(240)) - Unable to initialize FileSignerSecretProvider, falling back to use random secrets.
2021-06-11 19:07:02,404 [Listener at 127.0.0.1/43957] WARN  http.HttpRequestLog (HttpRequestLog.java:getRequestLog(103)) - Jetty request log can only be enabled using Log4j
2021-06-11 19:07:02,405 [Listener at 127.0.0.1/43957] INFO  http.HttpServer2 (HttpServer2.java:addGlobalFilter(1020)) - Added global filter 'safety' (class=org.apache.hadoop.hdds.server.http.HttpServer2$QuotingInputFilter)
2021-06-11 19:07:02,405 [Listener at 127.0.0.1/43957] INFO  http.HttpServer2 (HttpServer2.java:addFilter(996)) - Added filter static_user_filter (class=org.apache.hadoop.http.lib.StaticUserWebFilter$StaticUserFilter) to context hddsDatanode
2021-06-11 19:07:02,405 [Listener at 127.0.0.1/43957] INFO  http.HttpServer2 (HttpServer2.java:addFilter(1004)) - Added filter static_user_filter (class=org.apache.hadoop.http.lib.StaticUserWebFilter$StaticUserFilter) to context static
2021-06-11 19:07:02,405 [Listener at 127.0.0.1/43957] INFO  http.HttpServer2 (HttpServer2.java:addFilter(1004)) - Added filter static_user_filter (class=org.apache.hadoop.http.lib.StaticUserWebFilter$StaticUserFilter) to context logs
2021-06-11 19:07:02,405 [Listener at 127.0.0.1/43957] INFO  http.HttpServer2 (HttpServer2.java:bindListener(1238)) - Jetty bound to port 38247
2021-06-11 19:07:02,405 [Listener at 127.0.0.1/43957] INFO  server.Server (Server.java:doStart(375)) - jetty-9.4.35.v20201120; built: 2020-11-20T21:17:03.964Z; git: bdc54f03a5e0a7e280fab27f55c3c75ee8da89fb; jvm 1.8.0_292-b10
2021-06-11 19:07:02,412 [Listener at 127.0.0.1/43957] INFO  server.session (DefaultSessionIdManager.java:doStart(334)) - DefaultSessionIdManager workerName=node0
2021-06-11 19:07:02,412 [Listener at 127.0.0.1/43957] INFO  server.session (DefaultSessionIdManager.java:doStart(339)) - No SessionScavenger set, using defaults
2021-06-11 19:07:02,412 [Listener at 127.0.0.1/43957] INFO  server.session (HouseKeeper.java:startScavenging(132)) - node0 Scavenging every 660000ms
2021-06-11 19:07:02,413 [Listener at 127.0.0.1/43957] INFO  handler.ContextHandler (ContextHandler.java:doStart(916)) - Started o.e.j.s.ServletContextHandler@425da96{logs,/logs,file:///home/runner/work/ozone/ozone/mnt/ozone/hadoop-ozone/integration-test/target/log,AVAILABLE}
2021-06-11 19:07:02,413 [Listener at 127.0.0.1/43957] INFO  handler.ContextHandler (ContextHandler.java:doStart(916)) - Started o.e.j.s.ServletContextHandler@6a4473c5{static,/static,jar:file:/home/runner/.m2/repository/org/apache/ozone/hdds-container-service/1.2.0-SNAPSHOT/hdds-container-service-1.2.0-SNAPSHOT.jar!/webapps/static,AVAILABLE}
2021-06-11 19:07:02,461 [Listener at 127.0.0.1/43957] INFO  handler.ContextHandler (ContextHandler.java:doStart(916)) - Started o.e.j.w.WebAppContext@215e85c2{hddsDatanode,/,file:///tmp/jetty-0_0_0_0-38247-hdds-container-service-1_2_0-SNAPSHOT_jar-_-any-6046111670784079103/webapp/,AVAILABLE}{jar:file:/home/runner/.m2/repository/org/apache/ozone/hdds-container-service/1.2.0-SNAPSHOT/hdds-container-service-1.2.0-SNAPSHOT.jar!/webapps/hddsDatanode}
2021-06-11 19:07:02,462 [Listener at 127.0.0.1/43957] INFO  server.AbstractConnector (AbstractConnector.java:doStart(331)) - Started ServerConnector@7c0e93d7{HTTP/1.1, (http/1.1)}{0.0.0.0:38247}
2021-06-11 19:07:02,462 [Listener at 127.0.0.1/43957] INFO  server.Server (Server.java:doStart(415)) - Started @141787ms
2021-06-11 19:07:02,462 [Listener at 127.0.0.1/43957] WARN  impl.MetricsSystemImpl (MetricsSystemImpl.java:register(279)) - Sink prometheus already exists!
2021-06-11 19:07:02,463 [Listener at 127.0.0.1/43957] INFO  http.BaseHttpServer (BaseHttpServer.java:updateConnectorAddress(329)) - HTTP server of hddsDatanode listening at http://0.0.0.0:38247
2021-06-11 19:07:02,463 [Listener at 127.0.0.1/43957] INFO  impl.MetricsSystemImpl (MetricsSystemImpl.java:init(158)) - HddsDatanode metrics system started (again)
2021-06-11 19:07:02,464 [Listener at 127.0.0.1/43957] INFO  ozone.HddsDatanodeService (HddsDatanodeService.java:start(220)) - HddsDatanodeService host:fv-az59-942.csjynl4pkq3e1pkirw3ssqjfoh.cx.internal.cloudapp.net ip:10.1.0.43
2021-06-11 19:07:02,476 [org.apache.hadoop.util.JvmPauseMonitor$Monitor@66db5969] INFO  util.JvmPauseMonitor (JvmPauseMonitor.java:run(188)) - Starting JVM pause monitor
2021-06-11 19:07:02,487 [Datanode State Machine Task Thread - 0] INFO  datanode.InitDatanodeState (InitDatanodeState.java:persistContainerDatanodeDetails(145)) - DatanodeDetails is persisted to /home/runner/work/ozone/ozone/mnt/ozone/hadoop-ozone/integration-test/target/test-dir/MiniOzoneClusterImpl-7f30813a-d1ba-41a1-975d-e59f1b24795c/datanode-1/meta/datanode.id
2021-06-11 19:07:02,492 [Listener at 127.0.0.1/43957] INFO  volume.HddsVolume (HddsVolume.java:<init>(184)) - Creating Volume: /home/runner/work/ozone/ozone/mnt/ozone/hadoop-ozone/integration-test/target/test-dir/MiniOzoneClusterImpl-7f30813a-d1ba-41a1-975d-e59f1b24795c/datanode-2/data-0/containers/hdds of storage type : DISK and capacity : 9223372036854775807
2021-06-11 19:07:02,493 [Listener at 127.0.0.1/43957] INFO  volume.MutableVolumeSet (MutableVolumeSet.java:initializeVolumeSet(198)) - Added Volume : /home/runner/work/ozone/ozone/mnt/ozone/hadoop-ozone/integration-test/target/test-dir/MiniOzoneClusterImpl-7f30813a-d1ba-41a1-975d-e59f1b24795c/datanode-2/data-0/containers/hdds to VolumeSet
2021-06-11 19:07:02,493 [Listener at 127.0.0.1/43957] INFO  volume.ThrottledAsyncChecker (ThrottledAsyncChecker.java:schedule(141)) - Scheduling a check for /home/runner/work/ozone/ozone/mnt/ozone/hadoop-ozone/integration-test/target/test-dir/MiniOzoneClusterImpl-7f30813a-d1ba-41a1-975d-e59f1b24795c/datanode-2/data-0/containers/hdds
2021-06-11 19:07:02,496 [Listener at 127.0.0.1/43957] INFO  volume.HddsVolumeChecker (HddsVolumeChecker.java:checkAllVolumes(201)) - Scheduled health check for volume /home/runner/work/ozone/ozone/mnt/ozone/hadoop-ozone/integration-test/target/test-dir/MiniOzoneClusterImpl-7f30813a-d1ba-41a1-975d-e59f1b24795c/datanode-2/data-0/containers/hdds
2021-06-11 19:07:02,509 [Listener at 127.0.0.1/43957] INFO  ozoneimpl.ContainerReader (ContainerReader.java:<init>(98)) - Running in upgrade mode:true
2021-06-11 19:07:02,510 [Thread-1305] INFO  ozoneimpl.ContainerReader (ContainerReader.java:readVolume(142)) - Start to verify containers on volume /home/runner/work/ozone/ozone/mnt/ozone/hadoop-ozone/integration-test/target/test-dir/MiniOzoneClusterImpl-7f30813a-d1ba-41a1-975d-e59f1b24795c/datanode-2/data-0/containers/hdds
2021-06-11 19:07:02,510 [Thread-1305] INFO  ozoneimpl.ContainerReader (ContainerReader.java:readVolume(174)) - Finish verifying containers on volume /home/runner/work/ozone/ozone/mnt/ozone/hadoop-ozone/integration-test/target/test-dir/MiniOzoneClusterImpl-7f30813a-d1ba-41a1-975d-e59f1b24795c/datanode-2/data-0/containers/hdds
2021-06-11 19:07:02,510 [Listener at 127.0.0.1/43957] INFO  ozoneimpl.OzoneContainer (OzoneContainer.java:buildContainerSet(228)) - Build ContainerSet costs 0s
2021-06-11 19:07:02,511 [Listener at 127.0.0.1/43957] INFO  server.RaftServer (ConfUtils.java:logGet(44)) - raft.rpc.type = GRPC (default)
2021-06-11 19:07:02,511 [Listener at 127.0.0.1/43957] INFO  grpc.GrpcFactory (GrpcFactory.java:checkPooledByteBufAllocatorUseCacheForAllThreads(48)) - PERFORMANCE WARNING: useCacheForAllThreads is true that may cause Netty to create a lot garbage objects and, as a result, trigger GC.
	It is recommended to disable useCacheForAllThreads by setting -Dorg.apache.ratis.thirdparty.io.netty.allocator.useCacheForAllThreads=false in command line.
2021-06-11 19:07:02,511 [Listener at 127.0.0.1/43957] INFO  grpc.GrpcConfigKeys (ConfUtils.java:logGet(44)) - raft.grpc.admin.port = 0 (custom)
2021-06-11 19:07:02,511 [Listener at 127.0.0.1/43957] INFO  grpc.GrpcConfigKeys (ConfUtils.java:logGet(44)) - raft.grpc.client.port = 0 (custom)
2021-06-11 19:07:02,512 [Listener at 127.0.0.1/43957] INFO  grpc.GrpcConfigKeys (ConfUtils.java:logGet(44)) - raft.grpc.server.port = 0 (default)
2021-06-11 19:07:02,512 [Listener at 127.0.0.1/43957] INFO  server.GrpcService (ConfUtils.java:logGet(44)) - raft.grpc.message.size.max = 32MB (=33554432) (custom)
2021-06-11 19:07:02,512 [Listener at 127.0.0.1/43957] INFO  server.RaftServerConfigKeys (ConfUtils.java:logGet(44)) - raft.server.log.appender.buffer.byte-limit = 33554432 (custom)
2021-06-11 19:07:02,512 [Listener at 127.0.0.1/43957] INFO  server.GrpcService (ConfUtils.java:logGet(44)) - raft.grpc.flow.control.window = 5MB (=5242880) (custom)
2021-06-11 19:07:02,512 [Listener at 127.0.0.1/43957] INFO  server.RaftServerConfigKeys (ConfUtils.java:logGet(44)) - raft.server.rpc.request.timeout = 3000ms (default)
2021-06-11 19:07:02,513 [Listener at 127.0.0.1/43957] INFO  impl.DataStreamServerImpl (ConfUtils.java:logGet(44)) - raft.datastream.type = DISABLED (default)
2021-06-11 19:07:02,513 [Listener at 127.0.0.1/43957] INFO  server.RaftServerConfigKeys (ConfUtils.java:logGet(44)) - raft.server.rpc.slowness.timeout = 300000ms (custom)
2021-06-11 19:07:02,513 [Listener at 127.0.0.1/43957] INFO  server.RaftServerConfigKeys (ConfUtils.java:logGet(44)) - raft.server.leaderelection.leader.step-down.wait-time = 10s (default)
2021-06-11 19:07:02,513 [Listener at 127.0.0.1/43957] INFO  server.RaftServerConfigKeys (ConfUtils.java:logGet(44)) - raft.server.storage.dir = [/home/runner/work/ozone/ozone/mnt/ozone/hadoop-ozone/integration-test/target/test-dir/MiniOzoneClusterImpl-7f30813a-d1ba-41a1-975d-e59f1b24795c/datanode-2/data/ratis] (custom)
2021-06-11 19:07:02,517 [Listener at 127.0.0.1/43957] INFO  http.BaseHttpServer (BaseHttpServer.java:newHttpServer2BuilderForOzone(209)) - Starting Web-server for hddsDatanode at: http://0.0.0.0:0
2021-06-11 19:07:02,517 [Listener at 127.0.0.1/43957] INFO  http.BaseHttpServer (BaseHttpServer.java:<init>(107)) - Hadoop Security Enabled: false Ozone Security Enabled: false Ozone HTTP Security Enabled: false 
2021-06-11 19:07:02,519 [Listener at 127.0.0.1/43957] INFO  server.AuthenticationFilter (AuthenticationFilter.java:constructSecretProvider(240)) - Unable to initialize FileSignerSecretProvider, falling back to use random secrets.
2021-06-11 19:07:02,520 [Listener at 127.0.0.1/43957] WARN  http.HttpRequestLog (HttpRequestLog.java:getRequestLog(103)) - Jetty request log can only be enabled using Log4j
2021-06-11 19:07:02,521 [Listener at 127.0.0.1/43957] INFO  http.HttpServer2 (HttpServer2.java:addGlobalFilter(1020)) - Added global filter 'safety' (class=org.apache.hadoop.hdds.server.http.HttpServer2$QuotingInputFilter)
2021-06-11 19:07:02,522 [Listener at 127.0.0.1/43957] INFO  http.HttpServer2 (HttpServer2.java:addFilter(996)) - Added filter static_user_filter (class=org.apache.hadoop.http.lib.StaticUserWebFilter$StaticUserFilter) to context hddsDatanode
2021-06-11 19:07:02,522 [Listener at 127.0.0.1/43957] INFO  http.HttpServer2 (HttpServer2.java:addFilter(1004)) - Added filter static_user_filter (class=org.apache.hadoop.http.lib.StaticUserWebFilter$StaticUserFilter) to context static
2021-06-11 19:07:02,522 [Listener at 127.0.0.1/43957] INFO  http.HttpServer2 (HttpServer2.java:addFilter(1004)) - Added filter static_user_filter (class=org.apache.hadoop.http.lib.StaticUserWebFilter$StaticUserFilter) to context logs
2021-06-11 19:07:02,522 [Listener at 127.0.0.1/43957] INFO  http.HttpServer2 (HttpServer2.java:bindListener(1238)) - Jetty bound to port 36397
2021-06-11 19:07:02,523 [Listener at 127.0.0.1/43957] INFO  server.Server (Server.java:doStart(375)) - jetty-9.4.35.v20201120; built: 2020-11-20T21:17:03.964Z; git: bdc54f03a5e0a7e280fab27f55c3c75ee8da89fb; jvm 1.8.0_292-b10
2021-06-11 19:07:02,524 [Listener at 127.0.0.1/43957] INFO  server.session (DefaultSessionIdManager.java:doStart(334)) - DefaultSessionIdManager workerName=node0
2021-06-11 19:07:02,524 [Listener at 127.0.0.1/43957] INFO  server.session (DefaultSessionIdManager.java:doStart(339)) - No SessionScavenger set, using defaults
2021-06-11 19:07:02,524 [Listener at 127.0.0.1/43957] INFO  server.session (HouseKeeper.java:startScavenging(132)) - node0 Scavenging every 660000ms
2021-06-11 19:07:02,525 [Listener at 127.0.0.1/43957] INFO  handler.ContextHandler (ContextHandler.java:doStart(916)) - Started o.e.j.s.ServletContextHandler@4deb0490{logs,/logs,file:///home/runner/work/ozone/ozone/mnt/ozone/hadoop-ozone/integration-test/target/log,AVAILABLE}
2021-06-11 19:07:02,525 [Listener at 127.0.0.1/43957] INFO  handler.ContextHandler (ContextHandler.java:doStart(916)) - Started o.e.j.s.ServletContextHandler@3a239952{static,/static,jar:file:/home/runner/.m2/repository/org/apache/ozone/hdds-container-service/1.2.0-SNAPSHOT/hdds-container-service-1.2.0-SNAPSHOT.jar!/webapps/static,AVAILABLE}
2021-06-11 19:07:02,572 [Listener at 127.0.0.1/43957] INFO  handler.ContextHandler (ContextHandler.java:doStart(916)) - Started o.e.j.w.WebAppContext@36b7e276{hddsDatanode,/,file:///tmp/jetty-0_0_0_0-36397-hdds-container-service-1_2_0-SNAPSHOT_jar-_-any-1304398683869382221/webapp/,AVAILABLE}{jar:file:/home/runner/.m2/repository/org/apache/ozone/hdds-container-service/1.2.0-SNAPSHOT/hdds-container-service-1.2.0-SNAPSHOT.jar!/webapps/hddsDatanode}
2021-06-11 19:07:02,575 [Listener at 127.0.0.1/43957] INFO  server.AbstractConnector (AbstractConnector.java:doStart(331)) - Started ServerConnector@629343cb{HTTP/1.1, (http/1.1)}{0.0.0.0:36397}
2021-06-11 19:07:02,575 [Listener at 127.0.0.1/43957] INFO  server.Server (Server.java:doStart(415)) - Started @141900ms
2021-06-11 19:07:02,575 [Listener at 127.0.0.1/43957] WARN  impl.MetricsSystemImpl (MetricsSystemImpl.java:register(279)) - Sink prometheus already exists!
2021-06-11 19:07:02,575 [Listener at 127.0.0.1/43957] INFO  http.BaseHttpServer (BaseHttpServer.java:updateConnectorAddress(329)) - HTTP server of hddsDatanode listening at http://0.0.0.0:36397
2021-06-11 19:07:02,576 [Listener at 127.0.0.1/43957] INFO  impl.MetricsSystemImpl (MetricsSystemImpl.java:init(158)) - HddsDatanode metrics system started (again)
2021-06-11 19:07:02,577 [Listener at 127.0.0.1/43957] INFO  ozone.HddsDatanodeService (HddsDatanodeService.java:start(220)) - HddsDatanodeService host:fv-az59-942.csjynl4pkq3e1pkirw3ssqjfoh.cx.internal.cloudapp.net ip:10.1.0.43
2021-06-11 19:07:02,606 [org.apache.hadoop.util.JvmPauseMonitor$Monitor@22325f85] INFO  util.JvmPauseMonitor (JvmPauseMonitor.java:run(188)) - Starting JVM pause monitor
2021-06-11 19:07:02,609 [Datanode State Machine Task Thread - 0] INFO  datanode.InitDatanodeState (InitDatanodeState.java:persistContainerDatanodeDetails(145)) - DatanodeDetails is persisted to /home/runner/work/ozone/ozone/mnt/ozone/hadoop-ozone/integration-test/target/test-dir/MiniOzoneClusterImpl-7f30813a-d1ba-41a1-975d-e59f1b24795c/datanode-2/meta/datanode.id
2021-06-11 19:07:02,611 [Listener at 127.0.0.1/43957] INFO  volume.HddsVolume (HddsVolume.java:<init>(184)) - Creating Volume: /home/runner/work/ozone/ozone/mnt/ozone/hadoop-ozone/integration-test/target/test-dir/MiniOzoneClusterImpl-7f30813a-d1ba-41a1-975d-e59f1b24795c/datanode-3/data-0/containers/hdds of storage type : DISK and capacity : 9223372036854775807
2021-06-11 19:07:02,611 [Listener at 127.0.0.1/43957] INFO  volume.MutableVolumeSet (MutableVolumeSet.java:initializeVolumeSet(198)) - Added Volume : /home/runner/work/ozone/ozone/mnt/ozone/hadoop-ozone/integration-test/target/test-dir/MiniOzoneClusterImpl-7f30813a-d1ba-41a1-975d-e59f1b24795c/datanode-3/data-0/containers/hdds to VolumeSet
2021-06-11 19:07:02,611 [Listener at 127.0.0.1/43957] INFO  volume.ThrottledAsyncChecker (ThrottledAsyncChecker.java:schedule(141)) - Scheduling a check for /home/runner/work/ozone/ozone/mnt/ozone/hadoop-ozone/integration-test/target/test-dir/MiniOzoneClusterImpl-7f30813a-d1ba-41a1-975d-e59f1b24795c/datanode-3/data-0/containers/hdds
2021-06-11 19:07:02,612 [Listener at 127.0.0.1/43957] INFO  volume.HddsVolumeChecker (HddsVolumeChecker.java:checkAllVolumes(201)) - Scheduled health check for volume /home/runner/work/ozone/ozone/mnt/ozone/hadoop-ozone/integration-test/target/test-dir/MiniOzoneClusterImpl-7f30813a-d1ba-41a1-975d-e59f1b24795c/datanode-3/data-0/containers/hdds
2021-06-11 19:07:02,626 [Listener at 127.0.0.1/43957] INFO  ozoneimpl.ContainerReader (ContainerReader.java:<init>(98)) - Running in upgrade mode:true
2021-06-11 19:07:02,626 [Thread-1316] INFO  ozoneimpl.ContainerReader (ContainerReader.java:readVolume(142)) - Start to verify containers on volume /home/runner/work/ozone/ozone/mnt/ozone/hadoop-ozone/integration-test/target/test-dir/MiniOzoneClusterImpl-7f30813a-d1ba-41a1-975d-e59f1b24795c/datanode-3/data-0/containers/hdds
2021-06-11 19:07:02,626 [Thread-1316] INFO  ozoneimpl.ContainerReader (ContainerReader.java:readVolume(174)) - Finish verifying containers on volume /home/runner/work/ozone/ozone/mnt/ozone/hadoop-ozone/integration-test/target/test-dir/MiniOzoneClusterImpl-7f30813a-d1ba-41a1-975d-e59f1b24795c/datanode-3/data-0/containers/hdds
2021-06-11 19:07:02,626 [Listener at 127.0.0.1/43957] INFO  ozoneimpl.OzoneContainer (OzoneContainer.java:buildContainerSet(228)) - Build ContainerSet costs 0s
2021-06-11 19:07:02,627 [Listener at 127.0.0.1/43957] INFO  server.RaftServer (ConfUtils.java:logGet(44)) - raft.rpc.type = GRPC (default)
2021-06-11 19:07:02,628 [Listener at 127.0.0.1/43957] INFO  grpc.GrpcFactory (GrpcFactory.java:checkPooledByteBufAllocatorUseCacheForAllThreads(48)) - PERFORMANCE WARNING: useCacheForAllThreads is true that may cause Netty to create a lot garbage objects and, as a result, trigger GC.
	It is recommended to disable useCacheForAllThreads by setting -Dorg.apache.ratis.thirdparty.io.netty.allocator.useCacheForAllThreads=false in command line.
2021-06-11 19:07:02,628 [Listener at 127.0.0.1/43957] INFO  grpc.GrpcConfigKeys (ConfUtils.java:logGet(44)) - raft.grpc.admin.port = 0 (custom)
2021-06-11 19:07:02,628 [Listener at 127.0.0.1/43957] INFO  grpc.GrpcConfigKeys (ConfUtils.java:logGet(44)) - raft.grpc.client.port = 0 (custom)
2021-06-11 19:07:02,628 [Listener at 127.0.0.1/43957] INFO  grpc.GrpcConfigKeys (ConfUtils.java:logGet(44)) - raft.grpc.server.port = 0 (default)
2021-06-11 19:07:02,628 [Listener at 127.0.0.1/43957] INFO  server.GrpcService (ConfUtils.java:logGet(44)) - raft.grpc.message.size.max = 32MB (=33554432) (custom)
2021-06-11 19:07:02,628 [Listener at 127.0.0.1/43957] INFO  server.RaftServerConfigKeys (ConfUtils.java:logGet(44)) - raft.server.log.appender.buffer.byte-limit = 33554432 (custom)
2021-06-11 19:07:02,628 [Listener at 127.0.0.1/43957] INFO  server.GrpcService (ConfUtils.java:logGet(44)) - raft.grpc.flow.control.window = 5MB (=5242880) (custom)
2021-06-11 19:07:02,628 [Listener at 127.0.0.1/43957] INFO  server.RaftServerConfigKeys (ConfUtils.java:logGet(44)) - raft.server.rpc.request.timeout = 3000ms (default)
2021-06-11 19:07:02,629 [Listener at 127.0.0.1/43957] INFO  impl.DataStreamServerImpl (ConfUtils.java:logGet(44)) - raft.datastream.type = DISABLED (default)
2021-06-11 19:07:02,629 [Listener at 127.0.0.1/43957] INFO  server.RaftServerConfigKeys (ConfUtils.java:logGet(44)) - raft.server.rpc.slowness.timeout = 300000ms (custom)
2021-06-11 19:07:02,629 [Listener at 127.0.0.1/43957] INFO  server.RaftServerConfigKeys (ConfUtils.java:logGet(44)) - raft.server.leaderelection.leader.step-down.wait-time = 10s (default)
2021-06-11 19:07:02,629 [Listener at 127.0.0.1/43957] INFO  server.RaftServerConfigKeys (ConfUtils.java:logGet(44)) - raft.server.storage.dir = [/home/runner/work/ozone/ozone/mnt/ozone/hadoop-ozone/integration-test/target/test-dir/MiniOzoneClusterImpl-7f30813a-d1ba-41a1-975d-e59f1b24795c/datanode-3/data/ratis] (custom)
2021-06-11 19:07:02,635 [Listener at 127.0.0.1/43957] INFO  http.BaseHttpServer (BaseHttpServer.java:newHttpServer2BuilderForOzone(209)) - Starting Web-server for hddsDatanode at: http://0.0.0.0:0
2021-06-11 19:07:02,635 [Listener at 127.0.0.1/43957] INFO  http.BaseHttpServer (BaseHttpServer.java:<init>(107)) - Hadoop Security Enabled: false Ozone Security Enabled: false Ozone HTTP Security Enabled: false 
2021-06-11 19:07:02,635 [Listener at 127.0.0.1/43957] INFO  server.AuthenticationFilter (AuthenticationFilter.java:constructSecretProvider(240)) - Unable to initialize FileSignerSecretProvider, falling back to use random secrets.
2021-06-11 19:07:02,636 [Listener at 127.0.0.1/43957] WARN  http.HttpRequestLog (HttpRequestLog.java:getRequestLog(103)) - Jetty request log can only be enabled using Log4j
2021-06-11 19:07:02,637 [Listener at 127.0.0.1/43957] INFO  http.HttpServer2 (HttpServer2.java:addGlobalFilter(1020)) - Added global filter 'safety' (class=org.apache.hadoop.hdds.server.http.HttpServer2$QuotingInputFilter)
2021-06-11 19:07:02,637 [Listener at 127.0.0.1/43957] INFO  http.HttpServer2 (HttpServer2.java:addFilter(996)) - Added filter static_user_filter (class=org.apache.hadoop.http.lib.StaticUserWebFilter$StaticUserFilter) to context hddsDatanode
2021-06-11 19:07:02,637 [Listener at 127.0.0.1/43957] INFO  http.HttpServer2 (HttpServer2.java:addFilter(1004)) - Added filter static_user_filter (class=org.apache.hadoop.http.lib.StaticUserWebFilter$StaticUserFilter) to context logs
2021-06-11 19:07:02,637 [Listener at 127.0.0.1/43957] INFO  http.HttpServer2 (HttpServer2.java:addFilter(1004)) - Added filter static_user_filter (class=org.apache.hadoop.http.lib.StaticUserWebFilter$StaticUserFilter) to context static
2021-06-11 19:07:02,638 [Listener at 127.0.0.1/43957] INFO  http.HttpServer2 (HttpServer2.java:bindListener(1238)) - Jetty bound to port 34549
2021-06-11 19:07:02,638 [Listener at 127.0.0.1/43957] INFO  server.Server (Server.java:doStart(375)) - jetty-9.4.35.v20201120; built: 2020-11-20T21:17:03.964Z; git: bdc54f03a5e0a7e280fab27f55c3c75ee8da89fb; jvm 1.8.0_292-b10
2021-06-11 19:07:02,639 [Listener at 127.0.0.1/43957] INFO  server.session (DefaultSessionIdManager.java:doStart(334)) - DefaultSessionIdManager workerName=node0
2021-06-11 19:07:02,640 [Listener at 127.0.0.1/43957] INFO  server.session (DefaultSessionIdManager.java:doStart(339)) - No SessionScavenger set, using defaults
2021-06-11 19:07:02,640 [Listener at 127.0.0.1/43957] INFO  server.session (HouseKeeper.java:startScavenging(132)) - node0 Scavenging every 660000ms
2021-06-11 19:07:02,640 [Listener at 127.0.0.1/43957] INFO  handler.ContextHandler (ContextHandler.java:doStart(916)) - Started o.e.j.s.ServletContextHandler@78002b49{logs,/logs,file:///home/runner/work/ozone/ozone/mnt/ozone/hadoop-ozone/integration-test/target/log,AVAILABLE}
2021-06-11 19:07:02,641 [Listener at 127.0.0.1/43957] INFO  handler.ContextHandler (ContextHandler.java:doStart(916)) - Started o.e.j.s.ServletContextHandler@63aaf97{static,/static,jar:file:/home/runner/.m2/repository/org/apache/ozone/hdds-container-service/1.2.0-SNAPSHOT/hdds-container-service-1.2.0-SNAPSHOT.jar!/webapps/static,AVAILABLE}
2021-06-11 19:07:02,684 [Listener at 127.0.0.1/43957] INFO  handler.ContextHandler (ContextHandler.java:doStart(916)) - Started o.e.j.w.WebAppContext@1ac3302a{hddsDatanode,/,file:///tmp/jetty-0_0_0_0-34549-hdds-container-service-1_2_0-SNAPSHOT_jar-_-any-4327559655290229696/webapp/,AVAILABLE}{jar:file:/home/runner/.m2/repository/org/apache/ozone/hdds-container-service/1.2.0-SNAPSHOT/hdds-container-service-1.2.0-SNAPSHOT.jar!/webapps/hddsDatanode}
2021-06-11 19:07:02,685 [Listener at 127.0.0.1/43957] INFO  server.AbstractConnector (AbstractConnector.java:doStart(331)) - Started ServerConnector@424753a{HTTP/1.1, (http/1.1)}{0.0.0.0:34549}
2021-06-11 19:07:02,685 [Listener at 127.0.0.1/43957] INFO  server.Server (Server.java:doStart(415)) - Started @142011ms
2021-06-11 19:07:02,685 [Listener at 127.0.0.1/43957] WARN  impl.MetricsSystemImpl (MetricsSystemImpl.java:register(279)) - Sink prometheus already exists!
2021-06-11 19:07:02,686 [Listener at 127.0.0.1/43957] INFO  http.BaseHttpServer (BaseHttpServer.java:updateConnectorAddress(329)) - HTTP server of hddsDatanode listening at http://0.0.0.0:34549
2021-06-11 19:07:02,686 [Listener at 127.0.0.1/43957] INFO  impl.MetricsSystemImpl (MetricsSystemImpl.java:init(158)) - HddsDatanode metrics system started (again)
2021-06-11 19:07:02,688 [Listener at 127.0.0.1/43957] INFO  ozone.HddsDatanodeService (HddsDatanodeService.java:start(220)) - HddsDatanodeService host:fv-az59-942.csjynl4pkq3e1pkirw3ssqjfoh.cx.internal.cloudapp.net ip:10.1.0.43
2021-06-11 19:07:02,700 [org.apache.hadoop.util.JvmPauseMonitor$Monitor@168b1346] INFO  util.JvmPauseMonitor (JvmPauseMonitor.java:run(188)) - Starting JVM pause monitor
2021-06-11 19:07:02,701 [Datanode State Machine Task Thread - 0] INFO  datanode.InitDatanodeState (InitDatanodeState.java:persistContainerDatanodeDetails(145)) - DatanodeDetails is persisted to /home/runner/work/ozone/ozone/mnt/ozone/hadoop-ozone/integration-test/target/test-dir/MiniOzoneClusterImpl-7f30813a-d1ba-41a1-975d-e59f1b24795c/datanode-3/meta/datanode.id
2021-06-11 19:07:02,712 [Listener at 127.0.0.1/43957] INFO  volume.HddsVolume (HddsVolume.java:<init>(184)) - Creating Volume: /home/runner/work/ozone/ozone/mnt/ozone/hadoop-ozone/integration-test/target/test-dir/MiniOzoneClusterImpl-7f30813a-d1ba-41a1-975d-e59f1b24795c/datanode-4/data-0/containers/hdds of storage type : DISK and capacity : 9223372036854775807
2021-06-11 19:07:02,712 [Listener at 127.0.0.1/43957] INFO  volume.MutableVolumeSet (MutableVolumeSet.java:initializeVolumeSet(198)) - Added Volume : /home/runner/work/ozone/ozone/mnt/ozone/hadoop-ozone/integration-test/target/test-dir/MiniOzoneClusterImpl-7f30813a-d1ba-41a1-975d-e59f1b24795c/datanode-4/data-0/containers/hdds to VolumeSet
2021-06-11 19:07:02,712 [Listener at 127.0.0.1/43957] INFO  volume.ThrottledAsyncChecker (ThrottledAsyncChecker.java:schedule(141)) - Scheduling a check for /home/runner/work/ozone/ozone/mnt/ozone/hadoop-ozone/integration-test/target/test-dir/MiniOzoneClusterImpl-7f30813a-d1ba-41a1-975d-e59f1b24795c/datanode-4/data-0/containers/hdds
2021-06-11 19:07:02,716 [Listener at 127.0.0.1/43957] INFO  volume.HddsVolumeChecker (HddsVolumeChecker.java:checkAllVolumes(201)) - Scheduled health check for volume /home/runner/work/ozone/ozone/mnt/ozone/hadoop-ozone/integration-test/target/test-dir/MiniOzoneClusterImpl-7f30813a-d1ba-41a1-975d-e59f1b24795c/datanode-4/data-0/containers/hdds
2021-06-11 19:07:02,728 [Listener at 127.0.0.1/43957] INFO  ozoneimpl.ContainerReader (ContainerReader.java:<init>(98)) - Running in upgrade mode:true
2021-06-11 19:07:02,729 [Thread-1327] INFO  ozoneimpl.ContainerReader (ContainerReader.java:readVolume(142)) - Start to verify containers on volume /home/runner/work/ozone/ozone/mnt/ozone/hadoop-ozone/integration-test/target/test-dir/MiniOzoneClusterImpl-7f30813a-d1ba-41a1-975d-e59f1b24795c/datanode-4/data-0/containers/hdds
2021-06-11 19:07:02,729 [Thread-1327] INFO  ozoneimpl.ContainerReader (ContainerReader.java:readVolume(174)) - Finish verifying containers on volume /home/runner/work/ozone/ozone/mnt/ozone/hadoop-ozone/integration-test/target/test-dir/MiniOzoneClusterImpl-7f30813a-d1ba-41a1-975d-e59f1b24795c/datanode-4/data-0/containers/hdds
2021-06-11 19:07:02,729 [Listener at 127.0.0.1/43957] INFO  ozoneimpl.OzoneContainer (OzoneContainer.java:buildContainerSet(228)) - Build ContainerSet costs 0s
2021-06-11 19:07:02,730 [Listener at 127.0.0.1/43957] INFO  server.RaftServer (ConfUtils.java:logGet(44)) - raft.rpc.type = GRPC (default)
2021-06-11 19:07:02,730 [Listener at 127.0.0.1/43957] INFO  grpc.GrpcFactory (GrpcFactory.java:checkPooledByteBufAllocatorUseCacheForAllThreads(48)) - PERFORMANCE WARNING: useCacheForAllThreads is true that may cause Netty to create a lot garbage objects and, as a result, trigger GC.
	It is recommended to disable useCacheForAllThreads by setting -Dorg.apache.ratis.thirdparty.io.netty.allocator.useCacheForAllThreads=false in command line.
2021-06-11 19:07:02,730 [Listener at 127.0.0.1/43957] INFO  grpc.GrpcConfigKeys (ConfUtils.java:logGet(44)) - raft.grpc.admin.port = 0 (custom)
2021-06-11 19:07:02,730 [Listener at 127.0.0.1/43957] INFO  grpc.GrpcConfigKeys (ConfUtils.java:logGet(44)) - raft.grpc.client.port = 0 (custom)
2021-06-11 19:07:02,731 [Listener at 127.0.0.1/43957] INFO  grpc.GrpcConfigKeys (ConfUtils.java:logGet(44)) - raft.grpc.server.port = 0 (default)
2021-06-11 19:07:02,731 [Listener at 127.0.0.1/43957] INFO  server.GrpcService (ConfUtils.java:logGet(44)) - raft.grpc.message.size.max = 32MB (=33554432) (custom)
2021-06-11 19:07:02,731 [Listener at 127.0.0.1/43957] INFO  server.RaftServerConfigKeys (ConfUtils.java:logGet(44)) - raft.server.log.appender.buffer.byte-limit = 33554432 (custom)
2021-06-11 19:07:02,731 [Listener at 127.0.0.1/43957] INFO  server.GrpcService (ConfUtils.java:logGet(44)) - raft.grpc.flow.control.window = 5MB (=5242880) (custom)
2021-06-11 19:07:02,731 [Listener at 127.0.0.1/43957] INFO  server.RaftServerConfigKeys (ConfUtils.java:logGet(44)) - raft.server.rpc.request.timeout = 3000ms (default)
2021-06-11 19:07:02,732 [Listener at 127.0.0.1/43957] INFO  impl.DataStreamServerImpl (ConfUtils.java:logGet(44)) - raft.datastream.type = DISABLED (default)
2021-06-11 19:07:02,732 [Listener at 127.0.0.1/43957] INFO  server.RaftServerConfigKeys (ConfUtils.java:logGet(44)) - raft.server.rpc.slowness.timeout = 300000ms (custom)
2021-06-11 19:07:02,732 [Listener at 127.0.0.1/43957] INFO  server.RaftServerConfigKeys (ConfUtils.java:logGet(44)) - raft.server.leaderelection.leader.step-down.wait-time = 10s (default)
2021-06-11 19:07:02,732 [Listener at 127.0.0.1/43957] INFO  server.RaftServerConfigKeys (ConfUtils.java:logGet(44)) - raft.server.storage.dir = [/home/runner/work/ozone/ozone/mnt/ozone/hadoop-ozone/integration-test/target/test-dir/MiniOzoneClusterImpl-7f30813a-d1ba-41a1-975d-e59f1b24795c/datanode-4/data/ratis] (custom)
2021-06-11 19:07:02,734 [Listener at 127.0.0.1/43957] INFO  http.BaseHttpServer (BaseHttpServer.java:newHttpServer2BuilderForOzone(209)) - Starting Web-server for hddsDatanode at: http://0.0.0.0:0
2021-06-11 19:07:02,734 [Listener at 127.0.0.1/43957] INFO  http.BaseHttpServer (BaseHttpServer.java:<init>(107)) - Hadoop Security Enabled: false Ozone Security Enabled: false Ozone HTTP Security Enabled: false 
2021-06-11 19:07:02,735 [Listener at 127.0.0.1/43957] INFO  server.AuthenticationFilter (AuthenticationFilter.java:constructSecretProvider(240)) - Unable to initialize FileSignerSecretProvider, falling back to use random secrets.
2021-06-11 19:07:02,735 [Listener at 127.0.0.1/43957] WARN  http.HttpRequestLog (HttpRequestLog.java:getRequestLog(103)) - Jetty request log can only be enabled using Log4j
2021-06-11 19:07:02,736 [Listener at 127.0.0.1/43957] INFO  http.HttpServer2 (HttpServer2.java:addGlobalFilter(1020)) - Added global filter 'safety' (class=org.apache.hadoop.hdds.server.http.HttpServer2$QuotingInputFilter)
2021-06-11 19:07:02,736 [Listener at 127.0.0.1/43957] INFO  http.HttpServer2 (HttpServer2.java:addFilter(996)) - Added filter static_user_filter (class=org.apache.hadoop.http.lib.StaticUserWebFilter$StaticUserFilter) to context hddsDatanode
2021-06-11 19:07:02,736 [Listener at 127.0.0.1/43957] INFO  http.HttpServer2 (HttpServer2.java:addFilter(1004)) - Added filter static_user_filter (class=org.apache.hadoop.http.lib.StaticUserWebFilter$StaticUserFilter) to context static
2021-06-11 19:07:02,736 [Listener at 127.0.0.1/43957] INFO  http.HttpServer2 (HttpServer2.java:addFilter(1004)) - Added filter static_user_filter (class=org.apache.hadoop.http.lib.StaticUserWebFilter$StaticUserFilter) to context logs
2021-06-11 19:07:02,737 [Listener at 127.0.0.1/43957] INFO  http.HttpServer2 (HttpServer2.java:bindListener(1238)) - Jetty bound to port 34953
2021-06-11 19:07:02,737 [Listener at 127.0.0.1/43957] INFO  server.Server (Server.java:doStart(375)) - jetty-9.4.35.v20201120; built: 2020-11-20T21:17:03.964Z; git: bdc54f03a5e0a7e280fab27f55c3c75ee8da89fb; jvm 1.8.0_292-b10
2021-06-11 19:07:02,741 [Listener at 127.0.0.1/43957] INFO  server.session (DefaultSessionIdManager.java:doStart(334)) - DefaultSessionIdManager workerName=node0
2021-06-11 19:07:02,741 [Listener at 127.0.0.1/43957] INFO  server.session (DefaultSessionIdManager.java:doStart(339)) - No SessionScavenger set, using defaults
2021-06-11 19:07:02,741 [Listener at 127.0.0.1/43957] INFO  server.session (HouseKeeper.java:startScavenging(132)) - node0 Scavenging every 600000ms
2021-06-11 19:07:02,742 [Listener at 127.0.0.1/43957] INFO  handler.ContextHandler (ContextHandler.java:doStart(916)) - Started o.e.j.s.ServletContextHandler@74d1db5f{logs,/logs,file:///home/runner/work/ozone/ozone/mnt/ozone/hadoop-ozone/integration-test/target/log,AVAILABLE}
2021-06-11 19:07:02,742 [Listener at 127.0.0.1/43957] INFO  handler.ContextHandler (ContextHandler.java:doStart(916)) - Started o.e.j.s.ServletContextHandler@71161453{static,/static,jar:file:/home/runner/.m2/repository/org/apache/ozone/hdds-container-service/1.2.0-SNAPSHOT/hdds-container-service-1.2.0-SNAPSHOT.jar!/webapps/static,AVAILABLE}
2021-06-11 19:07:02,786 [Listener at 127.0.0.1/43957] INFO  handler.ContextHandler (ContextHandler.java:doStart(916)) - Started o.e.j.w.WebAppContext@65ba5d55{hddsDatanode,/,file:///tmp/jetty-0_0_0_0-34953-hdds-container-service-1_2_0-SNAPSHOT_jar-_-any-1174703593515510008/webapp/,AVAILABLE}{jar:file:/home/runner/.m2/repository/org/apache/ozone/hdds-container-service/1.2.0-SNAPSHOT/hdds-container-service-1.2.0-SNAPSHOT.jar!/webapps/hddsDatanode}
2021-06-11 19:07:02,787 [Listener at 127.0.0.1/43957] INFO  server.AbstractConnector (AbstractConnector.java:doStart(331)) - Started ServerConnector@445e3ffa{HTTP/1.1, (http/1.1)}{0.0.0.0:34953}
2021-06-11 19:07:02,787 [Listener at 127.0.0.1/43957] INFO  server.Server (Server.java:doStart(415)) - Started @142112ms
2021-06-11 19:07:02,787 [Listener at 127.0.0.1/43957] WARN  impl.MetricsSystemImpl (MetricsSystemImpl.java:register(279)) - Sink prometheus already exists!
2021-06-11 19:07:02,788 [Listener at 127.0.0.1/43957] INFO  http.BaseHttpServer (BaseHttpServer.java:updateConnectorAddress(329)) - HTTP server of hddsDatanode listening at http://0.0.0.0:34953
2021-06-11 19:07:02,788 [Listener at 127.0.0.1/43957] INFO  impl.MetricsSystemImpl (MetricsSystemImpl.java:init(158)) - HddsDatanode metrics system started (again)
2021-06-11 19:07:02,789 [Listener at 127.0.0.1/43957] INFO  ozone.HddsDatanodeService (HddsDatanodeService.java:start(220)) - HddsDatanodeService host:fv-az59-942.csjynl4pkq3e1pkirw3ssqjfoh.cx.internal.cloudapp.net ip:10.1.0.43
2021-06-11 19:07:02,800 [org.apache.hadoop.util.JvmPauseMonitor$Monitor@5b126918] INFO  util.JvmPauseMonitor (JvmPauseMonitor.java:run(188)) - Starting JVM pause monitor
2021-06-11 19:07:02,802 [Datanode State Machine Task Thread - 0] INFO  datanode.InitDatanodeState (InitDatanodeState.java:persistContainerDatanodeDetails(145)) - DatanodeDetails is persisted to /home/runner/work/ozone/ozone/mnt/ozone/hadoop-ozone/integration-test/target/test-dir/MiniOzoneClusterImpl-7f30813a-d1ba-41a1-975d-e59f1b24795c/datanode-4/meta/datanode.id
2021-06-11 19:07:02,812 [Listener at 127.0.0.1/43957] INFO  volume.HddsVolume (HddsVolume.java:<init>(184)) - Creating Volume: /home/runner/work/ozone/ozone/mnt/ozone/hadoop-ozone/integration-test/target/test-dir/MiniOzoneClusterImpl-7f30813a-d1ba-41a1-975d-e59f1b24795c/datanode-5/data-0/containers/hdds of storage type : DISK and capacity : 9223372036854775807
2021-06-11 19:07:02,812 [Listener at 127.0.0.1/43957] INFO  volume.MutableVolumeSet (MutableVolumeSet.java:initializeVolumeSet(198)) - Added Volume : /home/runner/work/ozone/ozone/mnt/ozone/hadoop-ozone/integration-test/target/test-dir/MiniOzoneClusterImpl-7f30813a-d1ba-41a1-975d-e59f1b24795c/datanode-5/data-0/containers/hdds to VolumeSet
2021-06-11 19:07:02,812 [Listener at 127.0.0.1/43957] INFO  volume.ThrottledAsyncChecker (ThrottledAsyncChecker.java:schedule(141)) - Scheduling a check for /home/runner/work/ozone/ozone/mnt/ozone/hadoop-ozone/integration-test/target/test-dir/MiniOzoneClusterImpl-7f30813a-d1ba-41a1-975d-e59f1b24795c/datanode-5/data-0/containers/hdds
2021-06-11 19:07:02,816 [Listener at 127.0.0.1/43957] INFO  volume.HddsVolumeChecker (HddsVolumeChecker.java:checkAllVolumes(201)) - Scheduled health check for volume /home/runner/work/ozone/ozone/mnt/ozone/hadoop-ozone/integration-test/target/test-dir/MiniOzoneClusterImpl-7f30813a-d1ba-41a1-975d-e59f1b24795c/datanode-5/data-0/containers/hdds
2021-06-11 19:07:02,828 [Listener at 127.0.0.1/43957] INFO  ozoneimpl.ContainerReader (ContainerReader.java:<init>(98)) - Running in upgrade mode:true
2021-06-11 19:07:02,829 [Thread-1338] INFO  ozoneimpl.ContainerReader (ContainerReader.java:readVolume(142)) - Start to verify containers on volume /home/runner/work/ozone/ozone/mnt/ozone/hadoop-ozone/integration-test/target/test-dir/MiniOzoneClusterImpl-7f30813a-d1ba-41a1-975d-e59f1b24795c/datanode-5/data-0/containers/hdds
2021-06-11 19:07:02,829 [Thread-1338] INFO  ozoneimpl.ContainerReader (ContainerReader.java:readVolume(174)) - Finish verifying containers on volume /home/runner/work/ozone/ozone/mnt/ozone/hadoop-ozone/integration-test/target/test-dir/MiniOzoneClusterImpl-7f30813a-d1ba-41a1-975d-e59f1b24795c/datanode-5/data-0/containers/hdds
2021-06-11 19:07:02,829 [Listener at 127.0.0.1/43957] INFO  ozoneimpl.OzoneContainer (OzoneContainer.java:buildContainerSet(228)) - Build ContainerSet costs 0s
2021-06-11 19:07:02,830 [Listener at 127.0.0.1/43957] INFO  server.RaftServer (ConfUtils.java:logGet(44)) - raft.rpc.type = GRPC (default)
2021-06-11 19:07:02,830 [Listener at 127.0.0.1/43957] INFO  grpc.GrpcFactory (GrpcFactory.java:checkPooledByteBufAllocatorUseCacheForAllThreads(48)) - PERFORMANCE WARNING: useCacheForAllThreads is true that may cause Netty to create a lot garbage objects and, as a result, trigger GC.
	It is recommended to disable useCacheForAllThreads by setting -Dorg.apache.ratis.thirdparty.io.netty.allocator.useCacheForAllThreads=false in command line.
2021-06-11 19:07:02,830 [Listener at 127.0.0.1/43957] INFO  grpc.GrpcConfigKeys (ConfUtils.java:logGet(44)) - raft.grpc.admin.port = 0 (custom)
2021-06-11 19:07:02,830 [Listener at 127.0.0.1/43957] INFO  grpc.GrpcConfigKeys (ConfUtils.java:logGet(44)) - raft.grpc.client.port = 0 (custom)
2021-06-11 19:07:02,831 [Listener at 127.0.0.1/43957] INFO  grpc.GrpcConfigKeys (ConfUtils.java:logGet(44)) - raft.grpc.server.port = 0 (default)
2021-06-11 19:07:02,831 [Listener at 127.0.0.1/43957] INFO  server.GrpcService (ConfUtils.java:logGet(44)) - raft.grpc.message.size.max = 32MB (=33554432) (custom)
2021-06-11 19:07:02,831 [Listener at 127.0.0.1/43957] INFO  server.RaftServerConfigKeys (ConfUtils.java:logGet(44)) - raft.server.log.appender.buffer.byte-limit = 33554432 (custom)
2021-06-11 19:07:02,831 [Listener at 127.0.0.1/43957] INFO  server.GrpcService (ConfUtils.java:logGet(44)) - raft.grpc.flow.control.window = 5MB (=5242880) (custom)
2021-06-11 19:07:02,831 [Listener at 127.0.0.1/43957] INFO  server.RaftServerConfigKeys (ConfUtils.java:logGet(44)) - raft.server.rpc.request.timeout = 3000ms (default)
2021-06-11 19:07:02,832 [Listener at 127.0.0.1/43957] INFO  impl.DataStreamServerImpl (ConfUtils.java:logGet(44)) - raft.datastream.type = DISABLED (default)
2021-06-11 19:07:02,832 [Listener at 127.0.0.1/43957] INFO  server.RaftServerConfigKeys (ConfUtils.java:logGet(44)) - raft.server.rpc.slowness.timeout = 300000ms (custom)
2021-06-11 19:07:02,832 [Listener at 127.0.0.1/43957] INFO  server.RaftServerConfigKeys (ConfUtils.java:logGet(44)) - raft.server.leaderelection.leader.step-down.wait-time = 10s (default)
2021-06-11 19:07:02,832 [Listener at 127.0.0.1/43957] INFO  server.RaftServerConfigKeys (ConfUtils.java:logGet(44)) - raft.server.storage.dir = [/home/runner/work/ozone/ozone/mnt/ozone/hadoop-ozone/integration-test/target/test-dir/MiniOzoneClusterImpl-7f30813a-d1ba-41a1-975d-e59f1b24795c/datanode-5/data/ratis] (custom)
2021-06-11 19:07:02,834 [Listener at 127.0.0.1/43957] INFO  http.BaseHttpServer (BaseHttpServer.java:newHttpServer2BuilderForOzone(209)) - Starting Web-server for hddsDatanode at: http://0.0.0.0:0
2021-06-11 19:07:02,834 [Listener at 127.0.0.1/43957] INFO  http.BaseHttpServer (BaseHttpServer.java:<init>(107)) - Hadoop Security Enabled: false Ozone Security Enabled: false Ozone HTTP Security Enabled: false 
2021-06-11 19:07:02,835 [Listener at 127.0.0.1/43957] INFO  server.AuthenticationFilter (AuthenticationFilter.java:constructSecretProvider(240)) - Unable to initialize FileSignerSecretProvider, falling back to use random secrets.
2021-06-11 19:07:02,835 [Listener at 127.0.0.1/43957] WARN  http.HttpRequestLog (HttpRequestLog.java:getRequestLog(103)) - Jetty request log can only be enabled using Log4j
2021-06-11 19:07:02,836 [Listener at 127.0.0.1/43957] INFO  http.HttpServer2 (HttpServer2.java:addGlobalFilter(1020)) - Added global filter 'safety' (class=org.apache.hadoop.hdds.server.http.HttpServer2$QuotingInputFilter)
2021-06-11 19:07:02,836 [Listener at 127.0.0.1/43957] INFO  http.HttpServer2 (HttpServer2.java:addFilter(996)) - Added filter static_user_filter (class=org.apache.hadoop.http.lib.StaticUserWebFilter$StaticUserFilter) to context hddsDatanode
2021-06-11 19:07:02,837 [Listener at 127.0.0.1/43957] INFO  http.HttpServer2 (HttpServer2.java:addFilter(1004)) - Added filter static_user_filter (class=org.apache.hadoop.http.lib.StaticUserWebFilter$StaticUserFilter) to context static
2021-06-11 19:07:02,837 [Listener at 127.0.0.1/43957] INFO  http.HttpServer2 (HttpServer2.java:addFilter(1004)) - Added filter static_user_filter (class=org.apache.hadoop.http.lib.StaticUserWebFilter$StaticUserFilter) to context logs
2021-06-11 19:07:02,837 [Listener at 127.0.0.1/43957] INFO  http.HttpServer2 (HttpServer2.java:bindListener(1238)) - Jetty bound to port 35791
2021-06-11 19:07:02,837 [Listener at 127.0.0.1/43957] INFO  server.Server (Server.java:doStart(375)) - jetty-9.4.35.v20201120; built: 2020-11-20T21:17:03.964Z; git: bdc54f03a5e0a7e280fab27f55c3c75ee8da89fb; jvm 1.8.0_292-b10
2021-06-11 19:07:02,838 [Listener at 127.0.0.1/43957] INFO  server.session (DefaultSessionIdManager.java:doStart(334)) - DefaultSessionIdManager workerName=node0
2021-06-11 19:07:02,838 [Listener at 127.0.0.1/43957] INFO  server.session (DefaultSessionIdManager.java:doStart(339)) - No SessionScavenger set, using defaults
2021-06-11 19:07:02,838 [Listener at 127.0.0.1/43957] INFO  server.session (HouseKeeper.java:startScavenging(132)) - node0 Scavenging every 660000ms
2021-06-11 19:07:02,839 [Listener at 127.0.0.1/43957] INFO  handler.ContextHandler (ContextHandler.java:doStart(916)) - Started o.e.j.s.ServletContextHandler@2ea13a45{logs,/logs,file:///home/runner/work/ozone/ozone/mnt/ozone/hadoop-ozone/integration-test/target/log,AVAILABLE}
2021-06-11 19:07:02,839 [Listener at 127.0.0.1/43957] INFO  handler.ContextHandler (ContextHandler.java:doStart(916)) - Started o.e.j.s.ServletContextHandler@43db87bb{static,/static,jar:file:/home/runner/.m2/repository/org/apache/ozone/hdds-container-service/1.2.0-SNAPSHOT/hdds-container-service-1.2.0-SNAPSHOT.jar!/webapps/static,AVAILABLE}
2021-06-11 19:07:02,882 [Listener at 127.0.0.1/43957] INFO  handler.ContextHandler (ContextHandler.java:doStart(916)) - Started o.e.j.w.WebAppContext@66ae67a3{hddsDatanode,/,file:///tmp/jetty-0_0_0_0-35791-hdds-container-service-1_2_0-SNAPSHOT_jar-_-any-1148270355464939185/webapp/,AVAILABLE}{jar:file:/home/runner/.m2/repository/org/apache/ozone/hdds-container-service/1.2.0-SNAPSHOT/hdds-container-service-1.2.0-SNAPSHOT.jar!/webapps/hddsDatanode}
2021-06-11 19:07:02,883 [Listener at 127.0.0.1/43957] INFO  server.AbstractConnector (AbstractConnector.java:doStart(331)) - Started ServerConnector@15785d41{HTTP/1.1, (http/1.1)}{0.0.0.0:35791}
2021-06-11 19:07:02,883 [Listener at 127.0.0.1/43957] INFO  server.Server (Server.java:doStart(415)) - Started @142209ms
2021-06-11 19:07:02,883 [Listener at 127.0.0.1/43957] WARN  impl.MetricsSystemImpl (MetricsSystemImpl.java:register(279)) - Sink prometheus already exists!
2021-06-11 19:07:02,884 [Listener at 127.0.0.1/43957] INFO  http.BaseHttpServer (BaseHttpServer.java:updateConnectorAddress(329)) - HTTP server of hddsDatanode listening at http://0.0.0.0:35791
2021-06-11 19:07:02,884 [Listener at 127.0.0.1/43957] INFO  impl.MetricsSystemImpl (MetricsSystemImpl.java:init(158)) - HddsDatanode metrics system started (again)
2021-06-11 19:07:02,886 [Listener at 127.0.0.1/43957] INFO  ozone.HddsDatanodeService (HddsDatanodeService.java:start(220)) - HddsDatanodeService host:fv-az59-942.csjynl4pkq3e1pkirw3ssqjfoh.cx.internal.cloudapp.net ip:10.1.0.43
2021-06-11 19:07:02,892 [org.apache.hadoop.util.JvmPauseMonitor$Monitor@136ee173] INFO  util.JvmPauseMonitor (JvmPauseMonitor.java:run(188)) - Starting JVM pause monitor
2021-06-11 19:07:02,893 [Datanode State Machine Task Thread - 0] INFO  datanode.InitDatanodeState (InitDatanodeState.java:persistContainerDatanodeDetails(145)) - DatanodeDetails is persisted to /home/runner/work/ozone/ozone/mnt/ozone/hadoop-ozone/integration-test/target/test-dir/MiniOzoneClusterImpl-7f30813a-d1ba-41a1-975d-e59f1b24795c/datanode-5/meta/datanode.id
2021-06-11 19:07:02,912 [Listener at 127.0.0.1/43957] INFO  volume.HddsVolume (HddsVolume.java:<init>(184)) - Creating Volume: /home/runner/work/ozone/ozone/mnt/ozone/hadoop-ozone/integration-test/target/test-dir/MiniOzoneClusterImpl-7f30813a-d1ba-41a1-975d-e59f1b24795c/datanode-6/data-0/containers/hdds of storage type : DISK and capacity : 9223372036854775807
2021-06-11 19:07:02,912 [Listener at 127.0.0.1/43957] INFO  volume.MutableVolumeSet (MutableVolumeSet.java:initializeVolumeSet(198)) - Added Volume : /home/runner/work/ozone/ozone/mnt/ozone/hadoop-ozone/integration-test/target/test-dir/MiniOzoneClusterImpl-7f30813a-d1ba-41a1-975d-e59f1b24795c/datanode-6/data-0/containers/hdds to VolumeSet
2021-06-11 19:07:02,912 [Listener at 127.0.0.1/43957] INFO  volume.ThrottledAsyncChecker (ThrottledAsyncChecker.java:schedule(141)) - Scheduling a check for /home/runner/work/ozone/ozone/mnt/ozone/hadoop-ozone/integration-test/target/test-dir/MiniOzoneClusterImpl-7f30813a-d1ba-41a1-975d-e59f1b24795c/datanode-6/data-0/containers/hdds
2021-06-11 19:07:02,916 [Listener at 127.0.0.1/43957] INFO  volume.HddsVolumeChecker (HddsVolumeChecker.java:checkAllVolumes(201)) - Scheduled health check for volume /home/runner/work/ozone/ozone/mnt/ozone/hadoop-ozone/integration-test/target/test-dir/MiniOzoneClusterImpl-7f30813a-d1ba-41a1-975d-e59f1b24795c/datanode-6/data-0/containers/hdds
2021-06-11 19:07:02,929 [Listener at 127.0.0.1/43957] INFO  ozoneimpl.ContainerReader (ContainerReader.java:<init>(98)) - Running in upgrade mode:true
2021-06-11 19:07:02,929 [Thread-1349] INFO  ozoneimpl.ContainerReader (ContainerReader.java:readVolume(142)) - Start to verify containers on volume /home/runner/work/ozone/ozone/mnt/ozone/hadoop-ozone/integration-test/target/test-dir/MiniOzoneClusterImpl-7f30813a-d1ba-41a1-975d-e59f1b24795c/datanode-6/data-0/containers/hdds
2021-06-11 19:07:02,929 [Thread-1349] INFO  ozoneimpl.ContainerReader (ContainerReader.java:readVolume(174)) - Finish verifying containers on volume /home/runner/work/ozone/ozone/mnt/ozone/hadoop-ozone/integration-test/target/test-dir/MiniOzoneClusterImpl-7f30813a-d1ba-41a1-975d-e59f1b24795c/datanode-6/data-0/containers/hdds
2021-06-11 19:07:02,929 [Listener at 127.0.0.1/43957] INFO  ozoneimpl.OzoneContainer (OzoneContainer.java:buildContainerSet(228)) - Build ContainerSet costs 0s
2021-06-11 19:07:02,931 [Listener at 127.0.0.1/43957] INFO  server.RaftServer (ConfUtils.java:logGet(44)) - raft.rpc.type = GRPC (default)
2021-06-11 19:07:02,931 [Listener at 127.0.0.1/43957] INFO  grpc.GrpcFactory (GrpcFactory.java:checkPooledByteBufAllocatorUseCacheForAllThreads(48)) - PERFORMANCE WARNING: useCacheForAllThreads is true that may cause Netty to create a lot garbage objects and, as a result, trigger GC.
	It is recommended to disable useCacheForAllThreads by setting -Dorg.apache.ratis.thirdparty.io.netty.allocator.useCacheForAllThreads=false in command line.
2021-06-11 19:07:02,931 [Listener at 127.0.0.1/43957] INFO  grpc.GrpcConfigKeys (ConfUtils.java:logGet(44)) - raft.grpc.admin.port = 0 (custom)
2021-06-11 19:07:02,931 [Listener at 127.0.0.1/43957] INFO  grpc.GrpcConfigKeys (ConfUtils.java:logGet(44)) - raft.grpc.client.port = 0 (custom)
2021-06-11 19:07:02,931 [Listener at 127.0.0.1/43957] INFO  grpc.GrpcConfigKeys (ConfUtils.java:logGet(44)) - raft.grpc.server.port = 0 (default)
2021-06-11 19:07:02,931 [Listener at 127.0.0.1/43957] INFO  server.GrpcService (ConfUtils.java:logGet(44)) - raft.grpc.message.size.max = 32MB (=33554432) (custom)
2021-06-11 19:07:02,931 [Listener at 127.0.0.1/43957] INFO  server.RaftServerConfigKeys (ConfUtils.java:logGet(44)) - raft.server.log.appender.buffer.byte-limit = 33554432 (custom)
2021-06-11 19:07:02,931 [Listener at 127.0.0.1/43957] INFO  server.GrpcService (ConfUtils.java:logGet(44)) - raft.grpc.flow.control.window = 5MB (=5242880) (custom)
2021-06-11 19:07:02,931 [Listener at 127.0.0.1/43957] INFO  server.RaftServerConfigKeys (ConfUtils.java:logGet(44)) - raft.server.rpc.request.timeout = 3000ms (default)
2021-06-11 19:07:02,932 [Listener at 127.0.0.1/43957] INFO  impl.DataStreamServerImpl (ConfUtils.java:logGet(44)) - raft.datastream.type = DISABLED (default)
2021-06-11 19:07:02,933 [Listener at 127.0.0.1/43957] INFO  server.RaftServerConfigKeys (ConfUtils.java:logGet(44)) - raft.server.rpc.slowness.timeout = 300000ms (custom)
2021-06-11 19:07:02,933 [Listener at 127.0.0.1/43957] INFO  server.RaftServerConfigKeys (ConfUtils.java:logGet(44)) - raft.server.leaderelection.leader.step-down.wait-time = 10s (default)
2021-06-11 19:07:02,933 [Listener at 127.0.0.1/43957] INFO  server.RaftServerConfigKeys (ConfUtils.java:logGet(44)) - raft.server.storage.dir = [/home/runner/work/ozone/ozone/mnt/ozone/hadoop-ozone/integration-test/target/test-dir/MiniOzoneClusterImpl-7f30813a-d1ba-41a1-975d-e59f1b24795c/datanode-6/data/ratis] (custom)
2021-06-11 19:07:02,935 [Listener at 127.0.0.1/43957] INFO  http.BaseHttpServer (BaseHttpServer.java:newHttpServer2BuilderForOzone(209)) - Starting Web-server for hddsDatanode at: http://0.0.0.0:0
2021-06-11 19:07:02,935 [Listener at 127.0.0.1/43957] INFO  http.BaseHttpServer (BaseHttpServer.java:<init>(107)) - Hadoop Security Enabled: false Ozone Security Enabled: false Ozone HTTP Security Enabled: false 
2021-06-11 19:07:02,936 [Listener at 127.0.0.1/43957] INFO  server.AuthenticationFilter (AuthenticationFilter.java:constructSecretProvider(240)) - Unable to initialize FileSignerSecretProvider, falling back to use random secrets.
2021-06-11 19:07:02,940 [Listener at 127.0.0.1/43957] WARN  http.HttpRequestLog (HttpRequestLog.java:getRequestLog(103)) - Jetty request log can only be enabled using Log4j
2021-06-11 19:07:02,940 [Listener at 127.0.0.1/43957] INFO  http.HttpServer2 (HttpServer2.java:addGlobalFilter(1020)) - Added global filter 'safety' (class=org.apache.hadoop.hdds.server.http.HttpServer2$QuotingInputFilter)
2021-06-11 19:07:02,941 [Listener at 127.0.0.1/43957] INFO  http.HttpServer2 (HttpServer2.java:addFilter(996)) - Added filter static_user_filter (class=org.apache.hadoop.http.lib.StaticUserWebFilter$StaticUserFilter) to context hddsDatanode
2021-06-11 19:07:02,941 [Listener at 127.0.0.1/43957] INFO  http.HttpServer2 (HttpServer2.java:addFilter(1004)) - Added filter static_user_filter (class=org.apache.hadoop.http.lib.StaticUserWebFilter$StaticUserFilter) to context static
2021-06-11 19:07:02,941 [Listener at 127.0.0.1/43957] INFO  http.HttpServer2 (HttpServer2.java:addFilter(1004)) - Added filter static_user_filter (class=org.apache.hadoop.http.lib.StaticUserWebFilter$StaticUserFilter) to context logs
2021-06-11 19:07:02,941 [Listener at 127.0.0.1/43957] INFO  http.HttpServer2 (HttpServer2.java:bindListener(1238)) - Jetty bound to port 45903
2021-06-11 19:07:02,941 [Listener at 127.0.0.1/43957] INFO  server.Server (Server.java:doStart(375)) - jetty-9.4.35.v20201120; built: 2020-11-20T21:17:03.964Z; git: bdc54f03a5e0a7e280fab27f55c3c75ee8da89fb; jvm 1.8.0_292-b10
2021-06-11 19:07:02,944 [Listener at 127.0.0.1/43957] INFO  server.session (DefaultSessionIdManager.java:doStart(334)) - DefaultSessionIdManager workerName=node0
2021-06-11 19:07:02,944 [Listener at 127.0.0.1/43957] INFO  server.session (DefaultSessionIdManager.java:doStart(339)) - No SessionScavenger set, using defaults
2021-06-11 19:07:02,944 [Listener at 127.0.0.1/43957] INFO  server.session (HouseKeeper.java:startScavenging(132)) - node0 Scavenging every 660000ms
2021-06-11 19:07:02,945 [Listener at 127.0.0.1/43957] INFO  handler.ContextHandler (ContextHandler.java:doStart(916)) - Started o.e.j.s.ServletContextHandler@7e7e8660{logs,/logs,file:///home/runner/work/ozone/ozone/mnt/ozone/hadoop-ozone/integration-test/target/log,AVAILABLE}
2021-06-11 19:07:02,945 [Listener at 127.0.0.1/43957] INFO  handler.ContextHandler (ContextHandler.java:doStart(916)) - Started o.e.j.s.ServletContextHandler@62aa2c1e{static,/static,jar:file:/home/runner/.m2/repository/org/apache/ozone/hdds-container-service/1.2.0-SNAPSHOT/hdds-container-service-1.2.0-SNAPSHOT.jar!/webapps/static,AVAILABLE}
2021-06-11 19:07:02,988 [Listener at 127.0.0.1/43957] INFO  handler.ContextHandler (ContextHandler.java:doStart(916)) - Started o.e.j.w.WebAppContext@645c5fc3{hddsDatanode,/,file:///tmp/jetty-0_0_0_0-45903-hdds-container-service-1_2_0-SNAPSHOT_jar-_-any-7596333226840110184/webapp/,AVAILABLE}{jar:file:/home/runner/.m2/repository/org/apache/ozone/hdds-container-service/1.2.0-SNAPSHOT/hdds-container-service-1.2.0-SNAPSHOT.jar!/webapps/hddsDatanode}
2021-06-11 19:07:02,989 [Listener at 127.0.0.1/43957] INFO  server.AbstractConnector (AbstractConnector.java:doStart(331)) - Started ServerConnector@688aaae6{HTTP/1.1, (http/1.1)}{0.0.0.0:45903}
2021-06-11 19:07:02,989 [Listener at 127.0.0.1/43957] INFO  server.Server (Server.java:doStart(415)) - Started @142315ms
2021-06-11 19:07:02,989 [Listener at 127.0.0.1/43957] WARN  impl.MetricsSystemImpl (MetricsSystemImpl.java:register(279)) - Sink prometheus already exists!
2021-06-11 19:07:02,990 [Listener at 127.0.0.1/43957] INFO  http.BaseHttpServer (BaseHttpServer.java:updateConnectorAddress(329)) - HTTP server of hddsDatanode listening at http://0.0.0.0:45903
2021-06-11 19:07:02,991 [Listener at 127.0.0.1/43957] INFO  ozone.MiniOzoneClusterImpl (MiniOzoneClusterImpl.java:lambda$waitForClusterToBeReady$0(227)) - Waiting for nodes to be ready. Got 0 of 7 DN Heartbeats.
2021-06-11 19:07:02,991 [Listener at 127.0.0.1/43957] INFO  ozone.MiniOzoneClusterImpl (MiniOzoneClusterImpl.java:lambda$waitForClusterToBeReady$0(230)) - Waiting for cluster to exit safe mode
2021-06-11 19:07:02,991 [Listener at 127.0.0.1/43957] INFO  ozone.MiniOzoneClusterImpl (MiniOzoneClusterImpl.java:lambda$waitForClusterToBeReady$0(232)) - SCM became leader
2021-06-11 19:07:02,995 [org.apache.hadoop.util.JvmPauseMonitor$Monitor@5b030561] INFO  util.JvmPauseMonitor (JvmPauseMonitor.java:run(188)) - Starting JVM pause monitor
2021-06-11 19:07:02,996 [Datanode State Machine Task Thread - 0] INFO  datanode.InitDatanodeState (InitDatanodeState.java:persistContainerDatanodeDetails(145)) - DatanodeDetails is persisted to /home/runner/work/ozone/ozone/mnt/ozone/hadoop-ozone/integration-test/target/test-dir/MiniOzoneClusterImpl-7f30813a-d1ba-41a1-975d-e59f1b24795c/datanode-6/meta/datanode.id
2021-06-11 19:07:03,228 [om1@group-C5BA1605619E-FollowerState] INFO  impl.FollowerState (FollowerState.java:run(134)) - om1@group-C5BA1605619E-FollowerState: change to CANDIDATE, lastRpcElapsedTime:1021004204ns, electionTimeout:1020ms
2021-06-11 19:07:03,229 [om1@group-C5BA1605619E-FollowerState] INFO  impl.RoleInfo (RoleInfo.java:shutdownFollowerState(108)) - om1: shutdown om1@group-C5BA1605619E-FollowerState
2021-06-11 19:07:03,229 [om1@group-C5BA1605619E-FollowerState] INFO  server.RaftServer$Division (RaftServerImpl.java:setRole(284)) - om1@group-C5BA1605619E: changes role from  FOLLOWER to CANDIDATE at term 0 for changeToCandidate
2021-06-11 19:07:03,229 [om1@group-C5BA1605619E-FollowerState] INFO  server.RaftServerConfigKeys (ConfUtils.java:logGet(44)) - raft.server.leaderelection.pre-vote = false (custom)
2021-06-11 19:07:03,229 [om1@group-C5BA1605619E-FollowerState] INFO  impl.RoleInfo (RoleInfo.java:updateAndGet(130)) - om1: start om1@group-C5BA1605619E-LeaderElection52
2021-06-11 19:07:03,232 [om1@group-C5BA1605619E-LeaderElection52] INFO  impl.LeaderElection (LeaderElection.java:askForVotes(306)) - om1@group-C5BA1605619E-LeaderElection52 ELECTION round 0: submit vote requests at term 1 for -1: [om1|rpc:localhost:9872|priority:0], old=null
2021-06-11 19:07:03,232 [om1@group-C5BA1605619E-LeaderElection52] INFO  impl.LeaderElection (LeaderElection.java:askForVotes(308)) - om1@group-C5BA1605619E-LeaderElection52 ELECTION round 0: result PASSED (term=1)
2021-06-11 19:07:03,232 [om1@group-C5BA1605619E-LeaderElection52] INFO  impl.RoleInfo (RoleInfo.java:shutdownLeaderElection(121)) - om1: shutdown om1@group-C5BA1605619E-LeaderElection52
2021-06-11 19:07:03,232 [om1@group-C5BA1605619E-LeaderElection52] INFO  server.RaftServer$Division (RaftServerImpl.java:setRole(284)) - om1@group-C5BA1605619E: changes role from CANDIDATE to LEADER at term 1 for changeToLeader
2021-06-11 19:07:03,232 [om1@group-C5BA1605619E-LeaderElection52] INFO  server.RaftServer$Division (ServerState.java:setLeader(271)) - om1@group-C5BA1605619E: change Leader from null to om1 at term 1 for becomeLeader, leader elected after 1039ms
2021-06-11 19:07:03,232 [om1@group-C5BA1605619E-LeaderElection52] INFO  server.RaftServerConfigKeys (ConfUtils.java:logGet(44)) - raft.server.staging.catchup.gap = 1000 (default)
2021-06-11 19:07:03,232 [om1@group-C5BA1605619E-LeaderElection52] INFO  metrics.RatisMetrics (RatisMetrics.java:lambda$create$0(36)) - Creating Metrics Registry : ratis.log_appender.om1@group-C5BA1605619E
2021-06-11 19:07:03,233 [om1@group-C5BA1605619E-LeaderElection52] INFO  server.RaftServerConfigKeys (ConfUtils.java:logGet(44)) - raft.server.write.element-limit = 4096 (default)
2021-06-11 19:07:03,233 [om1@group-C5BA1605619E-LeaderElection52] INFO  server.RaftServerConfigKeys (ConfUtils.java:logGet(44)) - raft.server.write.byte-limit = 64MB (=67108864) (default)
2021-06-11 19:07:03,233 [om1@group-C5BA1605619E-LeaderElection52] INFO  server.RaftServerConfigKeys (ConfUtils.java:logGet(44)) - raft.server.watch.timeout = 10s (default)
2021-06-11 19:07:03,233 [om1@group-C5BA1605619E-LeaderElection52] INFO  server.RaftServerConfigKeys (ConfUtils.java:logGet(44)) - raft.server.watch.timeout.denomination = 1s (default)
2021-06-11 19:07:03,233 [om1@group-C5BA1605619E-LeaderElection52] INFO  server.RaftServerConfigKeys (ConfUtils.java:logGet(44)) - raft.server.watch.element-limit = 65536 (default)
2021-06-11 19:07:03,233 [om1@group-C5BA1605619E-LeaderElection52] INFO  impl.RoleInfo (RoleInfo.java:updateAndGet(130)) - om1: start om1@group-C5BA1605619E-LeaderStateImpl
2021-06-11 19:07:03,233 [om1@group-C5BA1605619E-LeaderElection52] INFO  segmented.SegmentedRaftLogWorker (SegmentedRaftLogWorker.java:startLogSegment(394)) - om1@group-C5BA1605619E-SegmentedRaftLogWorker: Starting segment from index:0
2021-06-11 19:07:03,236 [om1@group-C5BA1605619E-LeaderElection52] INFO  server.RaftServer$Division (ServerState.java:setRaftConf(373)) - om1@group-C5BA1605619E: set configuration 0: [om1|rpc:localhost:9872|admin:|client:|dataStream:|priority:0], old=null
2021-06-11 19:07:03,242 [om1@group-C5BA1605619E-SegmentedRaftLogWorker] INFO  segmented.SegmentedRaftLogWorker (SegmentedRaftLogWorker.java:execute(601)) - om1@group-C5BA1605619E-SegmentedRaftLogWorker: created new log segment /home/runner/work/ozone/ozone/mnt/ozone/hadoop-ozone/integration-test/target/test-dir/MiniOzoneClusterImpl-7f30813a-d1ba-41a1-975d-e59f1b24795c/ozone-meta/ratis/bf265839-605b-3f16-9796-c5ba1605619e/current/log_inprogress_0
2021-06-11 19:07:03,992 [Listener at 127.0.0.1/43957] INFO  ozone.MiniOzoneClusterImpl (MiniOzoneClusterImpl.java:lambda$waitForClusterToBeReady$0(227)) - Waiting for nodes to be ready. Got 0 of 7 DN Heartbeats.
2021-06-11 19:07:03,992 [Listener at 127.0.0.1/43957] INFO  ozone.MiniOzoneClusterImpl (MiniOzoneClusterImpl.java:lambda$waitForClusterToBeReady$0(230)) - Waiting for cluster to exit safe mode
2021-06-11 19:07:03,992 [Listener at 127.0.0.1/43957] INFO  ozone.MiniOzoneClusterImpl (MiniOzoneClusterImpl.java:lambda$waitForClusterToBeReady$0(232)) - SCM became leader
2021-06-11 19:07:04,379 [EndpointStateMachine task thread for /0.0.0.0:39777 - 0 ] INFO  ozoneimpl.OzoneContainer (OzoneContainer.java:start(295)) - Attempting to start container services.
2021-06-11 19:07:04,379 [EndpointStateMachine task thread for /0.0.0.0:39777 - 0 ] INFO  ozoneimpl.OzoneContainer (OzoneContainer.java:startContainerScrub(241)) - Background container scanner has been disabled.
2021-06-11 19:07:04,380 [EndpointStateMachine task thread for /0.0.0.0:39777 - 0 ] INFO  replication.ReplicationServer (ReplicationServer.java:start(106)) - ReplicationServer is started using port 38961
2021-06-11 19:07:04,380 [EndpointStateMachine task thread for /0.0.0.0:39777 - 0 ] INFO  ratis.XceiverServerRatis (XceiverServerRatis.java:start(490)) - Starting XceiverServerRatis 1514860f-d988-4646-88fa-884730dadadc
2021-06-11 19:07:04,381 [EndpointStateMachine task thread for /0.0.0.0:39777 - 0 ] INFO  server.RaftServer (RaftServerProxy.java:lambda$start$5(374)) - 1514860f-d988-4646-88fa-884730dadadc: start RPC server
2021-06-11 19:07:04,381 [EndpointStateMachine task thread for /0.0.0.0:39777 - 0 ] INFO  server.GrpcService (GrpcService.java:startImpl(253)) - 1514860f-d988-4646-88fa-884730dadadc: GrpcService started, listening on 42983
2021-06-11 19:07:04,381 [EndpointStateMachine task thread for /0.0.0.0:39777 - 0 ] INFO  ratis.XceiverServerRatis (XceiverServerRatis.java:getRealPort(511)) - XceiverServerRatis 1514860f-d988-4646-88fa-884730dadadc is started using port 42983 for RATIS
2021-06-11 19:07:04,381 [org.apache.ratis.util.JvmPauseMonitor$$Lambda$513/909036188@7bf96927] INFO  util.JvmPauseMonitor (JvmPauseMonitor.java:run(103)) - JvmPauseMonitor-1514860f-d988-4646-88fa-884730dadadc: Started
2021-06-11 19:07:04,381 [EndpointStateMachine task thread for /0.0.0.0:39777 - 0 ] INFO  ratis.XceiverServerRatis (XceiverServerRatis.java:getRealPort(511)) - XceiverServerRatis 1514860f-d988-4646-88fa-884730dadadc is started using port 42983 for RATIS_ADMIN
2021-06-11 19:07:04,381 [EndpointStateMachine task thread for /0.0.0.0:39777 - 0 ] INFO  ratis.XceiverServerRatis (XceiverServerRatis.java:getRealPort(511)) - XceiverServerRatis 1514860f-d988-4646-88fa-884730dadadc is started using port 42983 for RATIS_SERVER
2021-06-11 19:07:04,382 [EndpointStateMachine task thread for /0.0.0.0:39777 - 0 ] INFO  server.XceiverServerGrpc (XceiverServerGrpc.java:start(135)) - XceiverServerGrpc 1514860f-d988-4646-88fa-884730dadadc is started using port 46383
2021-06-11 19:07:04,481 [EndpointStateMachine task thread for /0.0.0.0:39777 - 0 ] INFO  ozoneimpl.OzoneContainer (OzoneContainer.java:start(295)) - Attempting to start container services.
2021-06-11 19:07:04,481 [EndpointStateMachine task thread for /0.0.0.0:39777 - 0 ] INFO  ozoneimpl.OzoneContainer (OzoneContainer.java:startContainerScrub(241)) - Background container scanner has been disabled.
2021-06-11 19:07:04,481 [EndpointStateMachine task thread for /0.0.0.0:39777 - 0 ] INFO  replication.ReplicationServer (ReplicationServer.java:start(106)) - ReplicationServer is started using port 46009
2021-06-11 19:07:04,482 [EndpointStateMachine task thread for /0.0.0.0:39777 - 0 ] INFO  ratis.XceiverServerRatis (XceiverServerRatis.java:start(490)) - Starting XceiverServerRatis f0d18f37-c034-4e65-b036-926f7b7a2e40
2021-06-11 19:07:04,483 [EndpointStateMachine task thread for /0.0.0.0:39777 - 0 ] INFO  server.RaftServer (RaftServerProxy.java:lambda$start$5(374)) - f0d18f37-c034-4e65-b036-926f7b7a2e40: start RPC server
2021-06-11 19:07:04,483 [EndpointStateMachine task thread for /0.0.0.0:39777 - 0 ] INFO  server.GrpcService (GrpcService.java:startImpl(253)) - f0d18f37-c034-4e65-b036-926f7b7a2e40: GrpcService started, listening on 45755
2021-06-11 19:07:04,483 [EndpointStateMachine task thread for /0.0.0.0:39777 - 0 ] INFO  ratis.XceiverServerRatis (XceiverServerRatis.java:getRealPort(511)) - XceiverServerRatis f0d18f37-c034-4e65-b036-926f7b7a2e40 is started using port 45755 for RATIS
2021-06-11 19:07:04,483 [EndpointStateMachine task thread for /0.0.0.0:39777 - 0 ] INFO  ratis.XceiverServerRatis (XceiverServerRatis.java:getRealPort(511)) - XceiverServerRatis f0d18f37-c034-4e65-b036-926f7b7a2e40 is started using port 45755 for RATIS_ADMIN
2021-06-11 19:07:04,483 [EndpointStateMachine task thread for /0.0.0.0:39777 - 0 ] INFO  ratis.XceiverServerRatis (XceiverServerRatis.java:getRealPort(511)) - XceiverServerRatis f0d18f37-c034-4e65-b036-926f7b7a2e40 is started using port 45755 for RATIS_SERVER
2021-06-11 19:07:04,483 [org.apache.ratis.util.JvmPauseMonitor$$Lambda$513/909036188@d6f33b6] INFO  util.JvmPauseMonitor (JvmPauseMonitor.java:run(103)) - JvmPauseMonitor-f0d18f37-c034-4e65-b036-926f7b7a2e40: Started
2021-06-11 19:07:04,483 [EndpointStateMachine task thread for /0.0.0.0:39777 - 0 ] INFO  server.XceiverServerGrpc (XceiverServerGrpc.java:start(135)) - XceiverServerGrpc f0d18f37-c034-4e65-b036-926f7b7a2e40 is started using port 39637
2021-06-11 19:07:04,610 [EndpointStateMachine task thread for /0.0.0.0:39777 - 0 ] INFO  ozoneimpl.OzoneContainer (OzoneContainer.java:start(295)) - Attempting to start container services.
2021-06-11 19:07:04,610 [EndpointStateMachine task thread for /0.0.0.0:39777 - 0 ] INFO  ozoneimpl.OzoneContainer (OzoneContainer.java:startContainerScrub(241)) - Background container scanner has been disabled.
2021-06-11 19:07:04,615 [EndpointStateMachine task thread for /0.0.0.0:39777 - 0 ] INFO  replication.ReplicationServer (ReplicationServer.java:start(106)) - ReplicationServer is started using port 42269
2021-06-11 19:07:04,616 [EndpointStateMachine task thread for /0.0.0.0:39777 - 0 ] INFO  ratis.XceiverServerRatis (XceiverServerRatis.java:start(490)) - Starting XceiverServerRatis 41bce2b3-bc14-4594-98d7-18715bf094e4
2021-06-11 19:07:04,617 [EndpointStateMachine task thread for /0.0.0.0:39777 - 0 ] INFO  server.RaftServer (RaftServerProxy.java:lambda$start$5(374)) - 41bce2b3-bc14-4594-98d7-18715bf094e4: start RPC server
2021-06-11 19:07:04,617 [EndpointStateMachine task thread for /0.0.0.0:39777 - 0 ] INFO  server.GrpcService (GrpcService.java:startImpl(253)) - 41bce2b3-bc14-4594-98d7-18715bf094e4: GrpcService started, listening on 36265
2021-06-11 19:07:04,618 [EndpointStateMachine task thread for /0.0.0.0:39777 - 0 ] INFO  ratis.XceiverServerRatis (XceiverServerRatis.java:getRealPort(511)) - XceiverServerRatis 41bce2b3-bc14-4594-98d7-18715bf094e4 is started using port 36265 for RATIS
2021-06-11 19:07:04,618 [EndpointStateMachine task thread for /0.0.0.0:39777 - 0 ] INFO  ratis.XceiverServerRatis (XceiverServerRatis.java:getRealPort(511)) - XceiverServerRatis 41bce2b3-bc14-4594-98d7-18715bf094e4 is started using port 36265 for RATIS_ADMIN
2021-06-11 19:07:04,618 [org.apache.ratis.util.JvmPauseMonitor$$Lambda$513/909036188@72ad4c9f] INFO  util.JvmPauseMonitor (JvmPauseMonitor.java:run(103)) - JvmPauseMonitor-41bce2b3-bc14-4594-98d7-18715bf094e4: Started
2021-06-11 19:07:04,618 [EndpointStateMachine task thread for /0.0.0.0:39777 - 0 ] INFO  ratis.XceiverServerRatis (XceiverServerRatis.java:getRealPort(511)) - XceiverServerRatis 41bce2b3-bc14-4594-98d7-18715bf094e4 is started using port 36265 for RATIS_SERVER
2021-06-11 19:07:04,619 [EndpointStateMachine task thread for /0.0.0.0:39777 - 0 ] INFO  server.XceiverServerGrpc (XceiverServerGrpc.java:start(135)) - XceiverServerGrpc 41bce2b3-bc14-4594-98d7-18715bf094e4 is started using port 38351
2021-06-11 19:07:04,703 [EndpointStateMachine task thread for /0.0.0.0:39777 - 0 ] INFO  ozoneimpl.OzoneContainer (OzoneContainer.java:start(295)) - Attempting to start container services.
2021-06-11 19:07:04,704 [EndpointStateMachine task thread for /0.0.0.0:39777 - 0 ] INFO  ozoneimpl.OzoneContainer (OzoneContainer.java:startContainerScrub(241)) - Background container scanner has been disabled.
2021-06-11 19:07:04,705 [EndpointStateMachine task thread for /0.0.0.0:39777 - 0 ] INFO  replication.ReplicationServer (ReplicationServer.java:start(106)) - ReplicationServer is started using port 37481
2021-06-11 19:07:04,706 [EndpointStateMachine task thread for /0.0.0.0:39777 - 0 ] INFO  ratis.XceiverServerRatis (XceiverServerRatis.java:start(490)) - Starting XceiverServerRatis 0e0429f1-9636-4fc9-8820-e0f7c83710f3
2021-06-11 19:07:04,706 [EndpointStateMachine task thread for /0.0.0.0:39777 - 0 ] INFO  server.RaftServer (RaftServerProxy.java:lambda$start$5(374)) - 0e0429f1-9636-4fc9-8820-e0f7c83710f3: start RPC server
2021-06-11 19:07:04,707 [EndpointStateMachine task thread for /0.0.0.0:39777 - 0 ] INFO  server.GrpcService (GrpcService.java:startImpl(253)) - 0e0429f1-9636-4fc9-8820-e0f7c83710f3: GrpcService started, listening on 33285
2021-06-11 19:07:04,707 [EndpointStateMachine task thread for /0.0.0.0:39777 - 0 ] INFO  ratis.XceiverServerRatis (XceiverServerRatis.java:getRealPort(511)) - XceiverServerRatis 0e0429f1-9636-4fc9-8820-e0f7c83710f3 is started using port 33285 for RATIS
2021-06-11 19:07:04,707 [org.apache.ratis.util.JvmPauseMonitor$$Lambda$513/909036188@3b13c4b7] INFO  util.JvmPauseMonitor (JvmPauseMonitor.java:run(103)) - JvmPauseMonitor-0e0429f1-9636-4fc9-8820-e0f7c83710f3: Started
2021-06-11 19:07:04,707 [EndpointStateMachine task thread for /0.0.0.0:39777 - 0 ] INFO  ratis.XceiverServerRatis (XceiverServerRatis.java:getRealPort(511)) - XceiverServerRatis 0e0429f1-9636-4fc9-8820-e0f7c83710f3 is started using port 33285 for RATIS_ADMIN
2021-06-11 19:07:04,707 [EndpointStateMachine task thread for /0.0.0.0:39777 - 0 ] INFO  ratis.XceiverServerRatis (XceiverServerRatis.java:getRealPort(511)) - XceiverServerRatis 0e0429f1-9636-4fc9-8820-e0f7c83710f3 is started using port 33285 for RATIS_SERVER
2021-06-11 19:07:04,707 [EndpointStateMachine task thread for /0.0.0.0:39777 - 0 ] INFO  server.XceiverServerGrpc (XceiverServerGrpc.java:start(135)) - XceiverServerGrpc 0e0429f1-9636-4fc9-8820-e0f7c83710f3 is started using port 42653
2021-06-11 19:07:04,803 [EndpointStateMachine task thread for /0.0.0.0:39777 - 0 ] INFO  ozoneimpl.OzoneContainer (OzoneContainer.java:start(295)) - Attempting to start container services.
2021-06-11 19:07:04,804 [EndpointStateMachine task thread for /0.0.0.0:39777 - 0 ] INFO  ozoneimpl.OzoneContainer (OzoneContainer.java:startContainerScrub(241)) - Background container scanner has been disabled.
2021-06-11 19:07:04,804 [EndpointStateMachine task thread for /0.0.0.0:39777 - 0 ] INFO  replication.ReplicationServer (ReplicationServer.java:start(106)) - ReplicationServer is started using port 34009
2021-06-11 19:07:04,805 [EndpointStateMachine task thread for /0.0.0.0:39777 - 0 ] INFO  ratis.XceiverServerRatis (XceiverServerRatis.java:start(490)) - Starting XceiverServerRatis bf85b346-d6dc-4caf-ae79-65e1db1e806c
2021-06-11 19:07:04,806 [EndpointStateMachine task thread for /0.0.0.0:39777 - 0 ] INFO  server.RaftServer (RaftServerProxy.java:lambda$start$5(374)) - bf85b346-d6dc-4caf-ae79-65e1db1e806c: start RPC server
2021-06-11 19:07:04,806 [EndpointStateMachine task thread for /0.0.0.0:39777 - 0 ] INFO  server.GrpcService (GrpcService.java:startImpl(253)) - bf85b346-d6dc-4caf-ae79-65e1db1e806c: GrpcService started, listening on 43393
2021-06-11 19:07:04,806 [EndpointStateMachine task thread for /0.0.0.0:39777 - 0 ] INFO  ratis.XceiverServerRatis (XceiverServerRatis.java:getRealPort(511)) - XceiverServerRatis bf85b346-d6dc-4caf-ae79-65e1db1e806c is started using port 43393 for RATIS
2021-06-11 19:07:04,807 [org.apache.ratis.util.JvmPauseMonitor$$Lambda$513/909036188@67ffb6ef] INFO  util.JvmPauseMonitor (JvmPauseMonitor.java:run(103)) - JvmPauseMonitor-bf85b346-d6dc-4caf-ae79-65e1db1e806c: Started
2021-06-11 19:07:04,807 [EndpointStateMachine task thread for /0.0.0.0:39777 - 0 ] INFO  ratis.XceiverServerRatis (XceiverServerRatis.java:getRealPort(511)) - XceiverServerRatis bf85b346-d6dc-4caf-ae79-65e1db1e806c is started using port 43393 for RATIS_ADMIN
2021-06-11 19:07:04,807 [EndpointStateMachine task thread for /0.0.0.0:39777 - 0 ] INFO  ratis.XceiverServerRatis (XceiverServerRatis.java:getRealPort(511)) - XceiverServerRatis bf85b346-d6dc-4caf-ae79-65e1db1e806c is started using port 43393 for RATIS_SERVER
2021-06-11 19:07:04,808 [EndpointStateMachine task thread for /0.0.0.0:39777 - 0 ] INFO  server.XceiverServerGrpc (XceiverServerGrpc.java:start(135)) - XceiverServerGrpc bf85b346-d6dc-4caf-ae79-65e1db1e806c is started using port 45299
2021-06-11 19:07:04,895 [EndpointStateMachine task thread for /0.0.0.0:39777 - 0 ] INFO  ozoneimpl.OzoneContainer (OzoneContainer.java:start(295)) - Attempting to start container services.
2021-06-11 19:07:04,896 [EndpointStateMachine task thread for /0.0.0.0:39777 - 0 ] INFO  ozoneimpl.OzoneContainer (OzoneContainer.java:startContainerScrub(241)) - Background container scanner has been disabled.
2021-06-11 19:07:04,896 [EndpointStateMachine task thread for /0.0.0.0:39777 - 0 ] INFO  replication.ReplicationServer (ReplicationServer.java:start(106)) - ReplicationServer is started using port 45715
2021-06-11 19:07:04,899 [EndpointStateMachine task thread for /0.0.0.0:39777 - 0 ] INFO  ratis.XceiverServerRatis (XceiverServerRatis.java:start(490)) - Starting XceiverServerRatis 133b101f-dcee-4efd-9163-9b3704aaa3ee
2021-06-11 19:07:04,899 [EndpointStateMachine task thread for /0.0.0.0:39777 - 0 ] INFO  server.RaftServer (RaftServerProxy.java:lambda$start$5(374)) - 133b101f-dcee-4efd-9163-9b3704aaa3ee: start RPC server
2021-06-11 19:07:04,900 [EndpointStateMachine task thread for /0.0.0.0:39777 - 0 ] INFO  server.GrpcService (GrpcService.java:startImpl(253)) - 133b101f-dcee-4efd-9163-9b3704aaa3ee: GrpcService started, listening on 37475
2021-06-11 19:07:04,900 [EndpointStateMachine task thread for /0.0.0.0:39777 - 0 ] INFO  ratis.XceiverServerRatis (XceiverServerRatis.java:getRealPort(511)) - XceiverServerRatis 133b101f-dcee-4efd-9163-9b3704aaa3ee is started using port 37475 for RATIS
2021-06-11 19:07:04,900 [org.apache.ratis.util.JvmPauseMonitor$$Lambda$513/909036188@4241d54e] INFO  util.JvmPauseMonitor (JvmPauseMonitor.java:run(103)) - JvmPauseMonitor-133b101f-dcee-4efd-9163-9b3704aaa3ee: Started
2021-06-11 19:07:04,900 [EndpointStateMachine task thread for /0.0.0.0:39777 - 0 ] INFO  ratis.XceiverServerRatis (XceiverServerRatis.java:getRealPort(511)) - XceiverServerRatis 133b101f-dcee-4efd-9163-9b3704aaa3ee is started using port 37475 for RATIS_ADMIN
2021-06-11 19:07:04,900 [EndpointStateMachine task thread for /0.0.0.0:39777 - 0 ] INFO  ratis.XceiverServerRatis (XceiverServerRatis.java:getRealPort(511)) - XceiverServerRatis 133b101f-dcee-4efd-9163-9b3704aaa3ee is started using port 37475 for RATIS_SERVER
2021-06-11 19:07:04,900 [EndpointStateMachine task thread for /0.0.0.0:39777 - 0 ] INFO  server.XceiverServerGrpc (XceiverServerGrpc.java:start(135)) - XceiverServerGrpc 133b101f-dcee-4efd-9163-9b3704aaa3ee is started using port 33113
2021-06-11 19:07:04,992 [Listener at 127.0.0.1/43957] INFO  ozone.MiniOzoneClusterImpl (MiniOzoneClusterImpl.java:lambda$waitForClusterToBeReady$0(227)) - Waiting for nodes to be ready. Got 0 of 7 DN Heartbeats.
2021-06-11 19:07:04,993 [Listener at 127.0.0.1/43957] INFO  ozone.MiniOzoneClusterImpl (MiniOzoneClusterImpl.java:lambda$waitForClusterToBeReady$0(230)) - Waiting for cluster to exit safe mode
2021-06-11 19:07:04,993 [Listener at 127.0.0.1/43957] INFO  ozone.MiniOzoneClusterImpl (MiniOzoneClusterImpl.java:lambda$waitForClusterToBeReady$0(232)) - SCM became leader
2021-06-11 19:07:04,999 [EndpointStateMachine task thread for /0.0.0.0:39777 - 0 ] INFO  ozoneimpl.OzoneContainer (OzoneContainer.java:start(295)) - Attempting to start container services.
2021-06-11 19:07:04,999 [EndpointStateMachine task thread for /0.0.0.0:39777 - 0 ] INFO  ozoneimpl.OzoneContainer (OzoneContainer.java:startContainerScrub(241)) - Background container scanner has been disabled.
2021-06-11 19:07:04,999 [EndpointStateMachine task thread for /0.0.0.0:39777 - 0 ] INFO  replication.ReplicationServer (ReplicationServer.java:start(106)) - ReplicationServer is started using port 46699
2021-06-11 19:07:04,999 [EndpointStateMachine task thread for /0.0.0.0:39777 - 0 ] INFO  ratis.XceiverServerRatis (XceiverServerRatis.java:start(490)) - Starting XceiverServerRatis f05d9154-dd24-4162-9fdc-352a7a5261e7
2021-06-11 19:07:05,000 [EndpointStateMachine task thread for /0.0.0.0:39777 - 0 ] INFO  server.RaftServer (RaftServerProxy.java:lambda$start$5(374)) - f05d9154-dd24-4162-9fdc-352a7a5261e7: start RPC server
2021-06-11 19:07:05,001 [EndpointStateMachine task thread for /0.0.0.0:39777 - 0 ] INFO  server.GrpcService (GrpcService.java:startImpl(253)) - f05d9154-dd24-4162-9fdc-352a7a5261e7: GrpcService started, listening on 40337
2021-06-11 19:07:05,001 [EndpointStateMachine task thread for /0.0.0.0:39777 - 0 ] INFO  ratis.XceiverServerRatis (XceiverServerRatis.java:getRealPort(511)) - XceiverServerRatis f05d9154-dd24-4162-9fdc-352a7a5261e7 is started using port 40337 for RATIS
2021-06-11 19:07:05,001 [EndpointStateMachine task thread for /0.0.0.0:39777 - 0 ] INFO  ratis.XceiverServerRatis (XceiverServerRatis.java:getRealPort(511)) - XceiverServerRatis f05d9154-dd24-4162-9fdc-352a7a5261e7 is started using port 40337 for RATIS_ADMIN
2021-06-11 19:07:05,001 [EndpointStateMachine task thread for /0.0.0.0:39777 - 0 ] INFO  ratis.XceiverServerRatis (XceiverServerRatis.java:getRealPort(511)) - XceiverServerRatis f05d9154-dd24-4162-9fdc-352a7a5261e7 is started using port 40337 for RATIS_SERVER
2021-06-11 19:07:05,001 [org.apache.ratis.util.JvmPauseMonitor$$Lambda$513/909036188@115df21e] INFO  util.JvmPauseMonitor (JvmPauseMonitor.java:run(103)) - JvmPauseMonitor-f05d9154-dd24-4162-9fdc-352a7a5261e7: Started
2021-06-11 19:07:05,002 [EndpointStateMachine task thread for /0.0.0.0:39777 - 0 ] INFO  server.XceiverServerGrpc (XceiverServerGrpc.java:start(135)) - XceiverServerGrpc f05d9154-dd24-4162-9fdc-352a7a5261e7 is started using port 46265
2021-06-11 19:07:05,993 [Listener at 127.0.0.1/43957] INFO  ozone.MiniOzoneClusterImpl (MiniOzoneClusterImpl.java:lambda$waitForClusterToBeReady$0(227)) - Waiting for nodes to be ready. Got 0 of 7 DN Heartbeats.
2021-06-11 19:07:05,993 [Listener at 127.0.0.1/43957] INFO  ozone.MiniOzoneClusterImpl (MiniOzoneClusterImpl.java:lambda$waitForClusterToBeReady$0(230)) - Waiting for cluster to exit safe mode
2021-06-11 19:07:05,993 [Listener at 127.0.0.1/43957] INFO  ozone.MiniOzoneClusterImpl (MiniOzoneClusterImpl.java:lambda$waitForClusterToBeReady$0(232)) - SCM became leader
2021-06-11 19:07:06,370 [IPC Server handler 0 on default port 39777] INFO  net.NetworkTopologyImpl (NetworkTopologyImpl.java:add(112)) - Added a new node: /default-rack/1514860f-d988-4646-88fa-884730dadadc
2021-06-11 19:07:06,372 [IPC Server handler 0 on default port 39777] INFO  node.SCMNodeManager (SCMNodeManager.java:register(348)) - Registered Data node : 1514860f-d988-4646-88fa-884730dadadc{ip: 10.1.0.43, host: fv-az59-942.csjynl4pkq3e1pkirw3ssqjfoh.cx.internal.cloudapp.net, ports: [REPLICATION=38961, RATIS=42983, RATIS_ADMIN=42983, RATIS_SERVER=42983, STANDALONE=46383], networkLocation: /default-rack, certSerialId: null, persistedOpState: null, persistedOpStateExpiryEpochSec: 0}
2021-06-11 19:07:06,372 [EventQueue-NewNodeForNewNodeHandler] INFO  pipeline.BackgroundPipelineCreator (BackgroundPipelineCreatorV2.java:notifyEventTriggered(282)) - trigger a one-shot run on RatisPipelineUtilsThread.
2021-06-11 19:07:06,373 [RatisPipelineUtilsThread - 0] INFO  pipeline.RatisPipelineProvider (RatisPipelineProvider.java:lambda$create$0(170)) - Sending CreatePipelineCommand for pipeline:PipelineID=816a5d0c-7751-485e-a30f-4facf4d64a7e to datanode:1514860f-d988-4646-88fa-884730dadadc
2021-06-11 19:07:06,373 [EventQueue-NodeRegistrationContainerReportForContainerSafeModeRule] INFO  safemode.SCMSafeModeManager (SCMSafeModeManager.java:validateSafeModeExitRules(204)) - ContainerSafeModeRule rule is successfully validated
2021-06-11 19:07:06,373 [EventQueue-NodeRegistrationContainerReportForDataNodeSafeModeRule] INFO  safemode.SCMSafeModeManager (DataNodeSafeModeRule.java:process(71)) - SCM in safe mode. 1 DataNodes registered, 3 required.
2021-06-11 19:07:06,375 [RatisPipelineUtilsThread - 0] INFO  pipeline.PipelineStateManager (PipelineStateManagerV2Impl.java:addPipeline(101)) - Created pipeline Pipeline[ Id: 816a5d0c-7751-485e-a30f-4facf4d64a7e, Nodes: 1514860f-d988-4646-88fa-884730dadadc{ip: 10.1.0.43, host: fv-az59-942.csjynl4pkq3e1pkirw3ssqjfoh.cx.internal.cloudapp.net, ports: [REPLICATION=38961, RATIS=42983, RATIS_ADMIN=42983, RATIS_SERVER=42983, STANDALONE=46383], networkLocation: /default-rack, certSerialId: null, persistedOpState: IN_SERVICE, persistedOpStateExpiryEpochSec: 0}, ReplicationConfig: RATIS/ONE, State:ALLOCATED, leaderId:, CreationTimestamp2021-06-11T19:07:06.373Z].
2021-06-11 19:07:06,376 [EventQueue-PipelineReportForOneReplicaPipelineSafeModeRule] INFO  safemode.SCMSafeModeManager (SCMSafeModeManager.java:validateSafeModeExitRules(204)) - AtleastOneDatanodeReportedRule rule is successfully validated
2021-06-11 19:07:06,478 [IPC Server handler 1 on default port 39777] INFO  net.NetworkTopologyImpl (NetworkTopologyImpl.java:add(112)) - Added a new node: /default-rack/f0d18f37-c034-4e65-b036-926f7b7a2e40
2021-06-11 19:07:06,479 [IPC Server handler 1 on default port 39777] INFO  node.SCMNodeManager (SCMNodeManager.java:register(348)) - Registered Data node : f0d18f37-c034-4e65-b036-926f7b7a2e40{ip: 10.1.0.43, host: fv-az59-942.csjynl4pkq3e1pkirw3ssqjfoh.cx.internal.cloudapp.net, ports: [REPLICATION=46009, RATIS=45755, RATIS_ADMIN=45755, RATIS_SERVER=45755, STANDALONE=39637], networkLocation: /default-rack, certSerialId: null, persistedOpState: null, persistedOpStateExpiryEpochSec: 0}
2021-06-11 19:07:06,479 [EventQueue-NewNodeForNewNodeHandler] INFO  pipeline.BackgroundPipelineCreator (BackgroundPipelineCreatorV2.java:notifyEventTriggered(282)) - trigger a one-shot run on RatisPipelineUtilsThread.
2021-06-11 19:07:06,479 [EventQueue-NodeRegistrationContainerReportForDataNodeSafeModeRule] INFO  safemode.SCMSafeModeManager (DataNodeSafeModeRule.java:process(71)) - SCM in safe mode. 2 DataNodes registered, 3 required.
2021-06-11 19:07:06,480 [RatisPipelineUtilsThread - 0] INFO  pipeline.RatisPipelineProvider (RatisPipelineProvider.java:lambda$create$0(170)) - Sending CreatePipelineCommand for pipeline:PipelineID=4ae1362b-feaf-4634-adb0-0dd81035e5c7 to datanode:f0d18f37-c034-4e65-b036-926f7b7a2e40
2021-06-11 19:07:06,480 [RatisPipelineUtilsThread - 0] INFO  pipeline.PipelineStateManager (PipelineStateManagerV2Impl.java:addPipeline(101)) - Created pipeline Pipeline[ Id: 4ae1362b-feaf-4634-adb0-0dd81035e5c7, Nodes: f0d18f37-c034-4e65-b036-926f7b7a2e40{ip: 10.1.0.43, host: fv-az59-942.csjynl4pkq3e1pkirw3ssqjfoh.cx.internal.cloudapp.net, ports: [REPLICATION=46009, RATIS=45755, RATIS_ADMIN=45755, RATIS_SERVER=45755, STANDALONE=39637], networkLocation: /default-rack, certSerialId: null, persistedOpState: IN_SERVICE, persistedOpStateExpiryEpochSec: 0}, ReplicationConfig: RATIS/ONE, State:ALLOCATED, leaderId:, CreationTimestamp2021-06-11T19:07:06.480Z].
2021-06-11 19:07:06,609 [IPC Server handler 2 on default port 39777] INFO  net.NetworkTopologyImpl (NetworkTopologyImpl.java:add(112)) - Added a new node: /default-rack/41bce2b3-bc14-4594-98d7-18715bf094e4
2021-06-11 19:07:06,609 [IPC Server handler 2 on default port 39777] INFO  node.SCMNodeManager (SCMNodeManager.java:register(348)) - Registered Data node : 41bce2b3-bc14-4594-98d7-18715bf094e4{ip: 10.1.0.43, host: fv-az59-942.csjynl4pkq3e1pkirw3ssqjfoh.cx.internal.cloudapp.net, ports: [REPLICATION=42269, RATIS=36265, RATIS_ADMIN=36265, RATIS_SERVER=36265, STANDALONE=38351], networkLocation: /default-rack, certSerialId: null, persistedOpState: null, persistedOpStateExpiryEpochSec: 0}
2021-06-11 19:07:06,609 [EventQueue-NewNodeForNewNodeHandler] INFO  pipeline.BackgroundPipelineCreator (BackgroundPipelineCreatorV2.java:notifyEventTriggered(282)) - trigger a one-shot run on RatisPipelineUtilsThread.
2021-06-11 19:07:06,609 [EventQueue-NodeRegistrationContainerReportForDataNodeSafeModeRule] INFO  safemode.SCMSafeModeManager (DataNodeSafeModeRule.java:process(71)) - SCM in safe mode. 3 DataNodes registered, 3 required.
2021-06-11 19:07:06,609 [EventQueue-NodeRegistrationContainerReportForDataNodeSafeModeRule] INFO  safemode.SCMSafeModeManager (SCMSafeModeManager.java:validateSafeModeExitRules(204)) - DataNodeSafeModeRule rule is successfully validated
2021-06-11 19:07:06,609 [EventQueue-NodeRegistrationContainerReportForDataNodeSafeModeRule] INFO  safemode.SCMSafeModeManager (SCMSafeModeManager.java:completePreCheck(233)) - All SCM safe mode pre check rules have passed
2021-06-11 19:07:06,609 [EventQueue-NodeRegistrationContainerReportForDataNodeSafeModeRule] WARN  events.EventQueue (EventQueue.java:fireEvent(185)) - No event handler registered for event TypedEvent{payloadType=SafeModeStatus, name='Safe mode status'}
2021-06-11 19:07:06,610 [EventQueue-NodeRegistrationContainerReportForDataNodeSafeModeRule] INFO  ha.SCMContext (SCMContext.java:updateSafeModeStatus(208)) - Update SafeModeStatus from SafeModeStatus{safeModeStatus=true, preCheckPassed=false} to SafeModeStatus{safeModeStatus=true, preCheckPassed=true}.
2021-06-11 19:07:06,610 [EventQueue-NodeRegistrationContainerReportForDataNodeSafeModeRule] INFO  pipeline.BackgroundPipelineCreator (BackgroundPipelineCreatorV2.java:notifyEventTriggered(282)) - trigger a one-shot run on RatisPipelineUtilsThread.
2021-06-11 19:07:06,610 [RatisPipelineUtilsThread - 0] INFO  pipeline.RatisPipelineProvider (RatisPipelineProvider.java:lambda$create$0(170)) - Sending CreatePipelineCommand for pipeline:PipelineID=1f6c5e09-d23f-4d24-be5d-69a6b301964f to datanode:41bce2b3-bc14-4594-98d7-18715bf094e4
2021-06-11 19:07:06,610 [RatisPipelineUtilsThread - 0] INFO  pipeline.PipelineStateManager (PipelineStateManagerV2Impl.java:addPipeline(101)) - Created pipeline Pipeline[ Id: 1f6c5e09-d23f-4d24-be5d-69a6b301964f, Nodes: 41bce2b3-bc14-4594-98d7-18715bf094e4{ip: 10.1.0.43, host: fv-az59-942.csjynl4pkq3e1pkirw3ssqjfoh.cx.internal.cloudapp.net, ports: [REPLICATION=42269, RATIS=36265, RATIS_ADMIN=36265, RATIS_SERVER=36265, STANDALONE=38351], networkLocation: /default-rack, certSerialId: null, persistedOpState: IN_SERVICE, persistedOpStateExpiryEpochSec: 0}, ReplicationConfig: RATIS/ONE, State:ALLOCATED, leaderId:, CreationTimestamp2021-06-11T19:07:06.610Z].
2021-06-11 19:07:06,611 [RatisPipelineUtilsThread - 0] INFO  pipeline.RatisPipelineProvider (RatisPipelineProvider.java:lambda$create$0(170)) - Sending CreatePipelineCommand for pipeline:PipelineID=98922251-7eaa-4d63-82ed-7a06744b07b2 to datanode:f0d18f37-c034-4e65-b036-926f7b7a2e40
2021-06-11 19:07:06,611 [RatisPipelineUtilsThread - 0] INFO  pipeline.RatisPipelineProvider (RatisPipelineProvider.java:lambda$create$0(170)) - Sending CreatePipelineCommand for pipeline:PipelineID=98922251-7eaa-4d63-82ed-7a06744b07b2 to datanode:41bce2b3-bc14-4594-98d7-18715bf094e4
2021-06-11 19:07:06,611 [RatisPipelineUtilsThread - 0] INFO  pipeline.RatisPipelineProvider (RatisPipelineProvider.java:lambda$create$0(170)) - Sending CreatePipelineCommand for pipeline:PipelineID=98922251-7eaa-4d63-82ed-7a06744b07b2 to datanode:1514860f-d988-4646-88fa-884730dadadc
2021-06-11 19:07:06,613 [RatisPipelineUtilsThread - 0] INFO  pipeline.PipelineStateManager (PipelineStateManagerV2Impl.java:addPipeline(101)) - Created pipeline Pipeline[ Id: 98922251-7eaa-4d63-82ed-7a06744b07b2, Nodes: f0d18f37-c034-4e65-b036-926f7b7a2e40{ip: 10.1.0.43, host: fv-az59-942.csjynl4pkq3e1pkirw3ssqjfoh.cx.internal.cloudapp.net, ports: [REPLICATION=46009, RATIS=45755, RATIS_ADMIN=45755, RATIS_SERVER=45755, STANDALONE=39637], networkLocation: /default-rack, certSerialId: null, persistedOpState: IN_SERVICE, persistedOpStateExpiryEpochSec: 0}41bce2b3-bc14-4594-98d7-18715bf094e4{ip: 10.1.0.43, host: fv-az59-942.csjynl4pkq3e1pkirw3ssqjfoh.cx.internal.cloudapp.net, ports: [REPLICATION=42269, RATIS=36265, RATIS_ADMIN=36265, RATIS_SERVER=36265, STANDALONE=38351], networkLocation: /default-rack, certSerialId: null, persistedOpState: IN_SERVICE, persistedOpStateExpiryEpochSec: 0}1514860f-d988-4646-88fa-884730dadadc{ip: 10.1.0.43, host: fv-az59-942.csjynl4pkq3e1pkirw3ssqjfoh.cx.internal.cloudapp.net, ports: [REPLICATION=38961, RATIS=42983, RATIS_ADMIN=42983, RATIS_SERVER=42983, STANDALONE=46383], networkLocation: /default-rack, certSerialId: null, persistedOpState: IN_SERVICE, persistedOpStateExpiryEpochSec: 0}, ReplicationConfig: RATIS/THREE, State:ALLOCATED, leaderId:, CreationTimestamp2021-06-11T19:07:06.611Z].
2021-06-11 19:07:06,614 [RatisPipelineUtilsThread - 0] INFO  pipeline.RatisPipelineProvider (RatisPipelineProvider.java:lambda$create$0(170)) - Sending CreatePipelineCommand for pipeline:PipelineID=da2b4bb3-8ca4-433a-a644-a0934d54b14c to datanode:41bce2b3-bc14-4594-98d7-18715bf094e4
2021-06-11 19:07:06,614 [RatisPipelineUtilsThread - 0] INFO  pipeline.RatisPipelineProvider (RatisPipelineProvider.java:lambda$create$0(170)) - Sending CreatePipelineCommand for pipeline:PipelineID=da2b4bb3-8ca4-433a-a644-a0934d54b14c to datanode:1514860f-d988-4646-88fa-884730dadadc
2021-06-11 19:07:06,614 [RatisPipelineUtilsThread - 0] INFO  pipeline.RatisPipelineProvider (RatisPipelineProvider.java:lambda$create$0(170)) - Sending CreatePipelineCommand for pipeline:PipelineID=da2b4bb3-8ca4-433a-a644-a0934d54b14c to datanode:f0d18f37-c034-4e65-b036-926f7b7a2e40
2021-06-11 19:07:06,614 [RatisPipelineUtilsThread - 0] INFO  pipeline.PipelineStateManager (PipelineStateManagerV2Impl.java:addPipeline(101)) - Created pipeline Pipeline[ Id: da2b4bb3-8ca4-433a-a644-a0934d54b14c, Nodes: 41bce2b3-bc14-4594-98d7-18715bf094e4{ip: 10.1.0.43, host: fv-az59-942.csjynl4pkq3e1pkirw3ssqjfoh.cx.internal.cloudapp.net, ports: [REPLICATION=42269, RATIS=36265, RATIS_ADMIN=36265, RATIS_SERVER=36265, STANDALONE=38351], networkLocation: /default-rack, certSerialId: null, persistedOpState: IN_SERVICE, persistedOpStateExpiryEpochSec: 0}1514860f-d988-4646-88fa-884730dadadc{ip: 10.1.0.43, host: fv-az59-942.csjynl4pkq3e1pkirw3ssqjfoh.cx.internal.cloudapp.net, ports: [REPLICATION=38961, RATIS=42983, RATIS_ADMIN=42983, RATIS_SERVER=42983, STANDALONE=46383], networkLocation: /default-rack, certSerialId: null, persistedOpState: IN_SERVICE, persistedOpStateExpiryEpochSec: 0}f0d18f37-c034-4e65-b036-926f7b7a2e40{ip: 10.1.0.43, host: fv-az59-942.csjynl4pkq3e1pkirw3ssqjfoh.cx.internal.cloudapp.net, ports: [REPLICATION=46009, RATIS=45755, RATIS_ADMIN=45755, RATIS_SERVER=45755, STANDALONE=39637], networkLocation: /default-rack, certSerialId: null, persistedOpState: IN_SERVICE, persistedOpStateExpiryEpochSec: 0}, ReplicationConfig: RATIS/THREE, State:ALLOCATED, leaderId:, CreationTimestamp2021-06-11T19:07:06.614Z].
2021-06-11 19:07:06,614 [RatisPipelineUtilsThread - 0] INFO  pipeline.PipelineManagerV2Impl (PipelineManagerV2Impl.java:recordMetricsForPipeline(589)) - Pipeline: PipelineID=da2b4bb3-8ca4-433a-a644-a0934d54b14c contains same datanodes as previous pipelines: PipelineID=98922251-7eaa-4d63-82ed-7a06744b07b2 nodeIds: 41bce2b3-bc14-4594-98d7-18715bf094e4, 1514860f-d988-4646-88fa-884730dadadc, f0d18f37-c034-4e65-b036-926f7b7a2e40
2021-06-11 19:07:06,701 [IPC Server handler 3 on default port 39777] INFO  net.NetworkTopologyImpl (NetworkTopologyImpl.java:add(112)) - Added a new node: /default-rack/0e0429f1-9636-4fc9-8820-e0f7c83710f3
2021-06-11 19:07:06,702 [IPC Server handler 3 on default port 39777] INFO  node.SCMNodeManager (SCMNodeManager.java:register(348)) - Registered Data node : 0e0429f1-9636-4fc9-8820-e0f7c83710f3{ip: 10.1.0.43, host: fv-az59-942.csjynl4pkq3e1pkirw3ssqjfoh.cx.internal.cloudapp.net, ports: [REPLICATION=37481, RATIS=33285, RATIS_ADMIN=33285, RATIS_SERVER=33285, STANDALONE=42653], networkLocation: /default-rack, certSerialId: null, persistedOpState: null, persistedOpStateExpiryEpochSec: 0}
2021-06-11 19:07:06,702 [EventQueue-NewNodeForNewNodeHandler] INFO  pipeline.BackgroundPipelineCreator (BackgroundPipelineCreatorV2.java:notifyEventTriggered(282)) - trigger a one-shot run on RatisPipelineUtilsThread.
2021-06-11 19:07:06,703 [RatisPipelineUtilsThread - 0] INFO  pipeline.RatisPipelineProvider (RatisPipelineProvider.java:lambda$create$0(170)) - Sending CreatePipelineCommand for pipeline:PipelineID=fa4011df-cae6-4a8c-97cb-1408d08955a5 to datanode:0e0429f1-9636-4fc9-8820-e0f7c83710f3
2021-06-11 19:07:06,704 [RatisPipelineUtilsThread - 0] INFO  pipeline.PipelineStateManager (PipelineStateManagerV2Impl.java:addPipeline(101)) - Created pipeline Pipeline[ Id: fa4011df-cae6-4a8c-97cb-1408d08955a5, Nodes: 0e0429f1-9636-4fc9-8820-e0f7c83710f3{ip: 10.1.0.43, host: fv-az59-942.csjynl4pkq3e1pkirw3ssqjfoh.cx.internal.cloudapp.net, ports: [REPLICATION=37481, RATIS=33285, RATIS_ADMIN=33285, RATIS_SERVER=33285, STANDALONE=42653], networkLocation: /default-rack, certSerialId: null, persistedOpState: IN_SERVICE, persistedOpStateExpiryEpochSec: 0}, ReplicationConfig: RATIS/ONE, State:ALLOCATED, leaderId:, CreationTimestamp2021-06-11T19:07:06.703Z].
2021-06-11 19:07:06,802 [IPC Server handler 5 on default port 39777] INFO  net.NetworkTopologyImpl (NetworkTopologyImpl.java:add(112)) - Added a new node: /default-rack/bf85b346-d6dc-4caf-ae79-65e1db1e806c
2021-06-11 19:07:06,802 [IPC Server handler 5 on default port 39777] INFO  node.SCMNodeManager (SCMNodeManager.java:register(348)) - Registered Data node : bf85b346-d6dc-4caf-ae79-65e1db1e806c{ip: 10.1.0.43, host: fv-az59-942.csjynl4pkq3e1pkirw3ssqjfoh.cx.internal.cloudapp.net, ports: [REPLICATION=34009, RATIS=43393, RATIS_ADMIN=43393, RATIS_SERVER=43393, STANDALONE=45299], networkLocation: /default-rack, certSerialId: null, persistedOpState: null, persistedOpStateExpiryEpochSec: 0}
2021-06-11 19:07:06,802 [EventQueue-NewNodeForNewNodeHandler] INFO  pipeline.BackgroundPipelineCreator (BackgroundPipelineCreatorV2.java:notifyEventTriggered(282)) - trigger a one-shot run on RatisPipelineUtilsThread.
2021-06-11 19:07:06,803 [RatisPipelineUtilsThread - 0] INFO  pipeline.RatisPipelineProvider (RatisPipelineProvider.java:lambda$create$0(170)) - Sending CreatePipelineCommand for pipeline:PipelineID=8e4c0ab6-27ea-42c5-8b38-4d8d835771a9 to datanode:bf85b346-d6dc-4caf-ae79-65e1db1e806c
2021-06-11 19:07:06,804 [RatisPipelineUtilsThread - 0] INFO  pipeline.PipelineStateManager (PipelineStateManagerV2Impl.java:addPipeline(101)) - Created pipeline Pipeline[ Id: 8e4c0ab6-27ea-42c5-8b38-4d8d835771a9, Nodes: bf85b346-d6dc-4caf-ae79-65e1db1e806c{ip: 10.1.0.43, host: fv-az59-942.csjynl4pkq3e1pkirw3ssqjfoh.cx.internal.cloudapp.net, ports: [REPLICATION=34009, RATIS=43393, RATIS_ADMIN=43393, RATIS_SERVER=43393, STANDALONE=45299], networkLocation: /default-rack, certSerialId: null, persistedOpState: IN_SERVICE, persistedOpStateExpiryEpochSec: 0}, ReplicationConfig: RATIS/ONE, State:ALLOCATED, leaderId:, CreationTimestamp2021-06-11T19:07:06.803Z].
2021-06-11 19:07:06,893 [IPC Server handler 4 on default port 39777] INFO  net.NetworkTopologyImpl (NetworkTopologyImpl.java:add(112)) - Added a new node: /default-rack/133b101f-dcee-4efd-9163-9b3704aaa3ee
2021-06-11 19:07:06,893 [IPC Server handler 4 on default port 39777] INFO  node.SCMNodeManager (SCMNodeManager.java:register(348)) - Registered Data node : 133b101f-dcee-4efd-9163-9b3704aaa3ee{ip: 10.1.0.43, host: fv-az59-942.csjynl4pkq3e1pkirw3ssqjfoh.cx.internal.cloudapp.net, ports: [REPLICATION=45715, RATIS=37475, RATIS_ADMIN=37475, RATIS_SERVER=37475, STANDALONE=33113], networkLocation: /default-rack, certSerialId: null, persistedOpState: null, persistedOpStateExpiryEpochSec: 0}
2021-06-11 19:07:06,894 [EventQueue-NewNodeForNewNodeHandler] INFO  pipeline.BackgroundPipelineCreator (BackgroundPipelineCreatorV2.java:notifyEventTriggered(282)) - trigger a one-shot run on RatisPipelineUtilsThread.
2021-06-11 19:07:06,894 [RatisPipelineUtilsThread - 0] INFO  pipeline.RatisPipelineProvider (RatisPipelineProvider.java:lambda$create$0(170)) - Sending CreatePipelineCommand for pipeline:PipelineID=69019a7c-0f48-453b-bb61-1ae42cc5a9b6 to datanode:133b101f-dcee-4efd-9163-9b3704aaa3ee
2021-06-11 19:07:06,895 [RatisPipelineUtilsThread - 0] INFO  pipeline.PipelineStateManager (PipelineStateManagerV2Impl.java:addPipeline(101)) - Created pipeline Pipeline[ Id: 69019a7c-0f48-453b-bb61-1ae42cc5a9b6, Nodes: 133b101f-dcee-4efd-9163-9b3704aaa3ee{ip: 10.1.0.43, host: fv-az59-942.csjynl4pkq3e1pkirw3ssqjfoh.cx.internal.cloudapp.net, ports: [REPLICATION=45715, RATIS=37475, RATIS_ADMIN=37475, RATIS_SERVER=37475, STANDALONE=33113], networkLocation: /default-rack, certSerialId: null, persistedOpState: IN_SERVICE, persistedOpStateExpiryEpochSec: 0}, ReplicationConfig: RATIS/ONE, State:ALLOCATED, leaderId:, CreationTimestamp2021-06-11T19:07:06.894Z].
2021-06-11 19:07:06,895 [RatisPipelineUtilsThread - 0] INFO  pipeline.RatisPipelineProvider (RatisPipelineProvider.java:lambda$create$0(170)) - Sending CreatePipelineCommand for pipeline:PipelineID=77e7b361-485a-407e-922f-6f62b5cc8e81 to datanode:133b101f-dcee-4efd-9163-9b3704aaa3ee
2021-06-11 19:07:06,896 [RatisPipelineUtilsThread - 0] INFO  pipeline.RatisPipelineProvider (RatisPipelineProvider.java:lambda$create$0(170)) - Sending CreatePipelineCommand for pipeline:PipelineID=77e7b361-485a-407e-922f-6f62b5cc8e81 to datanode:bf85b346-d6dc-4caf-ae79-65e1db1e806c
2021-06-11 19:07:06,896 [RatisPipelineUtilsThread - 0] INFO  pipeline.RatisPipelineProvider (RatisPipelineProvider.java:lambda$create$0(170)) - Sending CreatePipelineCommand for pipeline:PipelineID=77e7b361-485a-407e-922f-6f62b5cc8e81 to datanode:0e0429f1-9636-4fc9-8820-e0f7c83710f3
2021-06-11 19:07:06,896 [RatisPipelineUtilsThread - 0] INFO  pipeline.PipelineStateManager (PipelineStateManagerV2Impl.java:addPipeline(101)) - Created pipeline Pipeline[ Id: 77e7b361-485a-407e-922f-6f62b5cc8e81, Nodes: 133b101f-dcee-4efd-9163-9b3704aaa3ee{ip: 10.1.0.43, host: fv-az59-942.csjynl4pkq3e1pkirw3ssqjfoh.cx.internal.cloudapp.net, ports: [REPLICATION=45715, RATIS=37475, RATIS_ADMIN=37475, RATIS_SERVER=37475, STANDALONE=33113], networkLocation: /default-rack, certSerialId: null, persistedOpState: IN_SERVICE, persistedOpStateExpiryEpochSec: 0}bf85b346-d6dc-4caf-ae79-65e1db1e806c{ip: 10.1.0.43, host: fv-az59-942.csjynl4pkq3e1pkirw3ssqjfoh.cx.internal.cloudapp.net, ports: [REPLICATION=34009, RATIS=43393, RATIS_ADMIN=43393, RATIS_SERVER=43393, STANDALONE=45299], networkLocation: /default-rack, certSerialId: null, persistedOpState: IN_SERVICE, persistedOpStateExpiryEpochSec: 0}0e0429f1-9636-4fc9-8820-e0f7c83710f3{ip: 10.1.0.43, host: fv-az59-942.csjynl4pkq3e1pkirw3ssqjfoh.cx.internal.cloudapp.net, ports: [REPLICATION=37481, RATIS=33285, RATIS_ADMIN=33285, RATIS_SERVER=33285, STANDALONE=42653], networkLocation: /default-rack, certSerialId: null, persistedOpState: IN_SERVICE, persistedOpStateExpiryEpochSec: 0}, ReplicationConfig: RATIS/THREE, State:ALLOCATED, leaderId:, CreationTimestamp2021-06-11T19:07:06.895Z].
2021-06-11 19:07:06,897 [RatisPipelineUtilsThread - 0] INFO  pipeline.RatisPipelineProvider (RatisPipelineProvider.java:lambda$create$0(170)) - Sending CreatePipelineCommand for pipeline:PipelineID=4436ad27-774d-4150-9d97-2aec26317323 to datanode:133b101f-dcee-4efd-9163-9b3704aaa3ee
2021-06-11 19:07:06,897 [RatisPipelineUtilsThread - 0] INFO  pipeline.RatisPipelineProvider (RatisPipelineProvider.java:lambda$create$0(170)) - Sending CreatePipelineCommand for pipeline:PipelineID=4436ad27-774d-4150-9d97-2aec26317323 to datanode:bf85b346-d6dc-4caf-ae79-65e1db1e806c
2021-06-11 19:07:06,897 [RatisPipelineUtilsThread - 0] INFO  pipeline.RatisPipelineProvider (RatisPipelineProvider.java:lambda$create$0(170)) - Sending CreatePipelineCommand for pipeline:PipelineID=4436ad27-774d-4150-9d97-2aec26317323 to datanode:0e0429f1-9636-4fc9-8820-e0f7c83710f3
2021-06-11 19:07:06,898 [RatisPipelineUtilsThread - 0] INFO  pipeline.PipelineStateManager (PipelineStateManagerV2Impl.java:addPipeline(101)) - Created pipeline Pipeline[ Id: 4436ad27-774d-4150-9d97-2aec26317323, Nodes: 133b101f-dcee-4efd-9163-9b3704aaa3ee{ip: 10.1.0.43, host: fv-az59-942.csjynl4pkq3e1pkirw3ssqjfoh.cx.internal.cloudapp.net, ports: [REPLICATION=45715, RATIS=37475, RATIS_ADMIN=37475, RATIS_SERVER=37475, STANDALONE=33113], networkLocation: /default-rack, certSerialId: null, persistedOpState: IN_SERVICE, persistedOpStateExpiryEpochSec: 0}bf85b346-d6dc-4caf-ae79-65e1db1e806c{ip: 10.1.0.43, host: fv-az59-942.csjynl4pkq3e1pkirw3ssqjfoh.cx.internal.cloudapp.net, ports: [REPLICATION=34009, RATIS=43393, RATIS_ADMIN=43393, RATIS_SERVER=43393, STANDALONE=45299], networkLocation: /default-rack, certSerialId: null, persistedOpState: IN_SERVICE, persistedOpStateExpiryEpochSec: 0}0e0429f1-9636-4fc9-8820-e0f7c83710f3{ip: 10.1.0.43, host: fv-az59-942.csjynl4pkq3e1pkirw3ssqjfoh.cx.internal.cloudapp.net, ports: [REPLICATION=37481, RATIS=33285, RATIS_ADMIN=33285, RATIS_SERVER=33285, STANDALONE=42653], networkLocation: /default-rack, certSerialId: null, persistedOpState: IN_SERVICE, persistedOpStateExpiryEpochSec: 0}, ReplicationConfig: RATIS/THREE, State:ALLOCATED, leaderId:, CreationTimestamp2021-06-11T19:07:06.897Z].
2021-06-11 19:07:06,898 [RatisPipelineUtilsThread - 0] INFO  pipeline.PipelineManagerV2Impl (PipelineManagerV2Impl.java:recordMetricsForPipeline(589)) - Pipeline: PipelineID=4436ad27-774d-4150-9d97-2aec26317323 contains same datanodes as previous pipelines: PipelineID=77e7b361-485a-407e-922f-6f62b5cc8e81 nodeIds: 133b101f-dcee-4efd-9163-9b3704aaa3ee, bf85b346-d6dc-4caf-ae79-65e1db1e806c, 0e0429f1-9636-4fc9-8820-e0f7c83710f3
2021-06-11 19:07:06,993 [Listener at 127.0.0.1/43957] INFO  ozone.MiniOzoneClusterImpl (MiniOzoneClusterImpl.java:lambda$waitForClusterToBeReady$0(227)) - Waiting for nodes to be ready. Got 6 of 7 DN Heartbeats.
2021-06-11 19:07:06,994 [Listener at 127.0.0.1/43957] INFO  ozone.MiniOzoneClusterImpl (MiniOzoneClusterImpl.java:lambda$waitForClusterToBeReady$0(230)) - Waiting for cluster to exit safe mode
2021-06-11 19:07:06,994 [Listener at 127.0.0.1/43957] INFO  ozone.MiniOzoneClusterImpl (MiniOzoneClusterImpl.java:lambda$waitForClusterToBeReady$0(232)) - SCM became leader
2021-06-11 19:07:06,997 [IPC Server handler 6 on default port 39777] INFO  net.NetworkTopologyImpl (NetworkTopologyImpl.java:add(112)) - Added a new node: /default-rack/f05d9154-dd24-4162-9fdc-352a7a5261e7
2021-06-11 19:07:06,998 [IPC Server handler 6 on default port 39777] INFO  node.SCMNodeManager (SCMNodeManager.java:register(348)) - Registered Data node : f05d9154-dd24-4162-9fdc-352a7a5261e7{ip: 10.1.0.43, host: fv-az59-942.csjynl4pkq3e1pkirw3ssqjfoh.cx.internal.cloudapp.net, ports: [REPLICATION=46699, RATIS=40337, RATIS_ADMIN=40337, RATIS_SERVER=40337, STANDALONE=46265], networkLocation: /default-rack, certSerialId: null, persistedOpState: null, persistedOpStateExpiryEpochSec: 0}
2021-06-11 19:07:06,998 [EventQueue-NewNodeForNewNodeHandler] INFO  pipeline.BackgroundPipelineCreator (BackgroundPipelineCreatorV2.java:notifyEventTriggered(282)) - trigger a one-shot run on RatisPipelineUtilsThread.
2021-06-11 19:07:07,000 [RatisPipelineUtilsThread - 0] INFO  pipeline.RatisPipelineProvider (RatisPipelineProvider.java:lambda$create$0(170)) - Sending CreatePipelineCommand for pipeline:PipelineID=2cbab893-9b08-4c7b-b432-aef45fd9e54b to datanode:f05d9154-dd24-4162-9fdc-352a7a5261e7
2021-06-11 19:07:07,000 [RatisPipelineUtilsThread - 0] INFO  pipeline.PipelineStateManager (PipelineStateManagerV2Impl.java:addPipeline(101)) - Created pipeline Pipeline[ Id: 2cbab893-9b08-4c7b-b432-aef45fd9e54b, Nodes: f05d9154-dd24-4162-9fdc-352a7a5261e7{ip: 10.1.0.43, host: fv-az59-942.csjynl4pkq3e1pkirw3ssqjfoh.cx.internal.cloudapp.net, ports: [REPLICATION=46699, RATIS=40337, RATIS_ADMIN=40337, RATIS_SERVER=40337, STANDALONE=46265], networkLocation: /default-rack, certSerialId: null, persistedOpState: IN_SERVICE, persistedOpStateExpiryEpochSec: 0}, ReplicationConfig: RATIS/ONE, State:ALLOCATED, leaderId:, CreationTimestamp2021-06-11T19:07:07Z].
2021-06-11 19:07:07,994 [Listener at 127.0.0.1/43957] INFO  ozone.MiniOzoneClusterImpl (MiniOzoneClusterImpl.java:lambda$waitForClusterToBeReady$0(227)) - Nodes are ready. Got 7 of 7 DN Heartbeats.
2021-06-11 19:07:07,994 [Listener at 127.0.0.1/43957] INFO  ozone.MiniOzoneClusterImpl (MiniOzoneClusterImpl.java:lambda$waitForClusterToBeReady$0(230)) - Waiting for cluster to exit safe mode
2021-06-11 19:07:07,994 [Listener at 127.0.0.1/43957] INFO  ozone.MiniOzoneClusterImpl (MiniOzoneClusterImpl.java:lambda$waitForClusterToBeReady$0(232)) - SCM became leader
2021-06-11 19:07:08,995 [Listener at 127.0.0.1/43957] INFO  ozone.MiniOzoneClusterImpl (MiniOzoneClusterImpl.java:lambda$waitForClusterToBeReady$0(227)) - Nodes are ready. Got 7 of 7 DN Heartbeats.
2021-06-11 19:07:08,995 [Listener at 127.0.0.1/43957] INFO  ozone.MiniOzoneClusterImpl (MiniOzoneClusterImpl.java:lambda$waitForClusterToBeReady$0(230)) - Waiting for cluster to exit safe mode
2021-06-11 19:07:08,995 [Listener at 127.0.0.1/43957] INFO  ozone.MiniOzoneClusterImpl (MiniOzoneClusterImpl.java:lambda$waitForClusterToBeReady$0(232)) - SCM became leader
2021-06-11 19:07:09,370 [Command processor thread] INFO  server.RaftServer (RaftServerProxy.java:addNew(95)) - 1514860f-d988-4646-88fa-884730dadadc: addNew group-4FACF4D64A7E:[1514860f-d988-4646-88fa-884730dadadc|rpc:10.1.0.43:42983|priority:1] returns group-4FACF4D64A7E:java.util.concurrent.CompletableFuture@446e73f4[Not completed]
2021-06-11 19:07:09,372 [pool-432-thread-1] INFO  server.RaftServer$Division (RaftServerImpl.java:<init>(180)) - 1514860f-d988-4646-88fa-884730dadadc: new RaftServerImpl for group-4FACF4D64A7E:[1514860f-d988-4646-88fa-884730dadadc|rpc:10.1.0.43:42983|priority:1] with ContainerStateMachine:uninitialized
2021-06-11 19:07:09,375 [pool-432-thread-1] INFO  server.RaftServerConfigKeys (ConfUtils.java:logGet(44)) - raft.server.rpc.timeout.min = 5s (custom)
2021-06-11 19:07:09,375 [pool-432-thread-1] INFO  server.RaftServerConfigKeys (ConfUtils.java:logGet(44)) - raft.server.rpc.timeout.max = 5200ms (custom)
2021-06-11 19:07:09,375 [pool-432-thread-1] INFO  server.RaftServerConfigKeys (ConfUtils.java:logGet(44)) - raft.server.rpc.sleep.time = 25ms (default)
2021-06-11 19:07:09,375 [pool-432-thread-1] INFO  server.RaftServerConfigKeys (ConfUtils.java:logGet(44)) - raft.server.rpc.slowness.timeout = 300000ms (custom)
2021-06-11 19:07:09,375 [pool-432-thread-1] INFO  server.RaftServerConfigKeys (ConfUtils.java:logGet(44)) - raft.server.leaderelection.leader.step-down.wait-time = 10s (default)
2021-06-11 19:07:09,375 [pool-432-thread-1] INFO  server.RaftServerConfigKeys (ConfUtils.java:logGet(44)) - raft.server.sleep.deviation.threshold = 300ms (default)
2021-06-11 19:07:09,375 [pool-432-thread-1] INFO  server.RaftServerConfigKeys (ConfUtils.java:logGet(44)) - raft.server.log.appender.install.snapshot.enabled = false (custom)
2021-06-11 19:07:09,375 [pool-432-thread-1] INFO  server.RaftServer$Division (ServerState.java:<init>(105)) - 1514860f-d988-4646-88fa-884730dadadc@group-4FACF4D64A7E: ConfigurationManager, init=-1: [1514860f-d988-4646-88fa-884730dadadc|rpc:10.1.0.43:42983|priority:1], old=null, confs=<EMPTY_MAP>
2021-06-11 19:07:09,375 [pool-432-thread-1] INFO  server.RaftServerConfigKeys (ConfUtils.java:logGet(44)) - raft.server.storage.dir = [/home/runner/work/ozone/ozone/mnt/ozone/hadoop-ozone/integration-test/target/test-dir/MiniOzoneClusterImpl-7f30813a-d1ba-41a1-975d-e59f1b24795c/datanode-0/data/ratis] (custom)
2021-06-11 19:07:09,375 [pool-432-thread-1] INFO  server.RaftServerConfigKeys (ConfUtils.java:logGet(44)) - raft.server.log.corruption.policy = EXCEPTION (default)
2021-06-11 19:07:09,375 [pool-432-thread-1] INFO  storage.RaftStorageDirectory (RaftStorageDirectoryImpl.java:analyzeStorage(132)) - The storage directory /home/runner/work/ozone/ozone/mnt/ozone/hadoop-ozone/integration-test/target/test-dir/MiniOzoneClusterImpl-7f30813a-d1ba-41a1-975d-e59f1b24795c/datanode-0/data/ratis/816a5d0c-7751-485e-a30f-4facf4d64a7e does not exist. Creating ...
2021-06-11 19:07:09,376 [pool-432-thread-1] INFO  storage.RaftStorageDirectory (RaftStorageDirectoryImpl.java:tryLock(215)) - Lock on /home/runner/work/ozone/ozone/mnt/ozone/hadoop-ozone/integration-test/target/test-dir/MiniOzoneClusterImpl-7f30813a-d1ba-41a1-975d-e59f1b24795c/datanode-0/data/ratis/816a5d0c-7751-485e-a30f-4facf4d64a7e/in_use.lock acquired by nodename 18191@fv-az59-942
2021-06-11 19:07:09,377 [pool-432-thread-1] INFO  storage.RaftStorage (RaftStorageImpl.java:format(87)) - Storage directory /home/runner/work/ozone/ozone/mnt/ozone/hadoop-ozone/integration-test/target/test-dir/MiniOzoneClusterImpl-7f30813a-d1ba-41a1-975d-e59f1b24795c/datanode-0/data/ratis/816a5d0c-7751-485e-a30f-4facf4d64a7e has been successfully formatted.
2021-06-11 19:07:09,378 [pool-432-thread-1] INFO  ratis.ContainerStateMachine (ContainerStateMachine.java:loadSnapshot(224)) - group-4FACF4D64A7E: The snapshot info is null. Setting the last applied indexto:(t:0, i:~)
2021-06-11 19:07:09,378 [pool-432-thread-1] INFO  server.RaftServerConfigKeys (ConfUtils.java:logGet(44)) - raft.server.notification.no-leader.timeout = 300000ms (custom)
2021-06-11 19:07:09,378 [pool-432-thread-1] INFO  server.RaftServerConfigKeys (ConfUtils.java:logGet(44)) - raft.server.log.use.memory = false (default)
2021-06-11 19:07:09,378 [pool-432-thread-1] INFO  server.RaftServerConfigKeys (ConfUtils.java:logGet(44)) - raft.server.log.purge.gap = 1000000 (custom)
2021-06-11 19:07:09,378 [pool-432-thread-1] INFO  server.RaftServerConfigKeys (ConfUtils.java:logGet(44)) - raft.server.log.appender.buffer.byte-limit = 33554432 (custom)
2021-06-11 19:07:09,378 [pool-432-thread-1] INFO  metrics.RatisMetrics (RatisMetrics.java:lambda$create$0(36)) - Creating Metrics Registry : ratis.log_worker.1514860f-d988-4646-88fa-884730dadadc@group-4FACF4D64A7E
2021-06-11 19:07:09,379 [pool-432-thread-1] INFO  server.RaftServerConfigKeys (ConfUtils.java:logGet(44)) - raft.server.log.segment.size.max = 1048576 (custom)
2021-06-11 19:07:09,379 [EventQueue-PipelineReportForPipelineReportHandler] INFO  pipeline.PipelineManagerV2Impl (PipelineManagerV2Impl.java:openPipeline(270)) - Pipeline Pipeline[ Id: 816a5d0c-7751-485e-a30f-4facf4d64a7e, Nodes: 1514860f-d988-4646-88fa-884730dadadc{ip: 10.1.0.43, host: fv-az59-942.csjynl4pkq3e1pkirw3ssqjfoh.cx.internal.cloudapp.net, ports: [REPLICATION=38961, RATIS=42983, RATIS_ADMIN=42983, RATIS_SERVER=42983, STANDALONE=46383], networkLocation: /default-rack, certSerialId: null, persistedOpState: IN_SERVICE, persistedOpStateExpiryEpochSec: 0}, ReplicationConfig: RATIS/ONE, State:ALLOCATED, leaderId:1514860f-d988-4646-88fa-884730dadadc, CreationTimestamp2021-06-11T19:07:06.373Z] moved to OPEN state
2021-06-11 19:07:09,379 [pool-432-thread-1] INFO  server.RaftServerConfigKeys (ConfUtils.java:logGet(44)) - raft.server.log.segment.cache.num.max = 2 (custom)
2021-06-11 19:07:09,379 [pool-432-thread-1] INFO  server.RaftServerConfigKeys (ConfUtils.java:logGet(44)) - raft.server.log.segment.cache.size.max = 200MB (=209715200) (default)
2021-06-11 19:07:09,379 [pool-432-thread-1] INFO  segmented.SegmentedRaftLogWorker (SegmentedRaftLogWorker.java:<init>(182)) - new 1514860f-d988-4646-88fa-884730dadadc@group-4FACF4D64A7E-SegmentedRaftLogWorker for RaftStorageImpl:Storage Directory /home/runner/work/ozone/ozone/mnt/ozone/hadoop-ozone/integration-test/target/test-dir/MiniOzoneClusterImpl-7f30813a-d1ba-41a1-975d-e59f1b24795c/datanode-0/data/ratis/816a5d0c-7751-485e-a30f-4facf4d64a7e
2021-06-11 19:07:09,380 [pool-432-thread-1] INFO  server.RaftServerConfigKeys (ConfUtils.java:logGet(44)) - raft.server.log.queue.byte-limit = 2147483647 (custom)
2021-06-11 19:07:09,380 [pool-432-thread-1] INFO  server.RaftServerConfigKeys (ConfUtils.java:logGet(44)) - raft.server.log.queue.element-limit = 1024 (custom)
2021-06-11 19:07:09,380 [pool-432-thread-1] INFO  server.RaftServerConfigKeys (ConfUtils.java:logGet(44)) - raft.server.log.segment.size.max = 1048576 (custom)
2021-06-11 19:07:09,380 [pool-432-thread-1] INFO  server.RaftServerConfigKeys (ConfUtils.java:logGet(44)) - raft.server.log.preallocated.size = 16384 (custom)
2021-06-11 19:07:09,380 [pool-432-thread-1] INFO  server.RaftServerConfigKeys (ConfUtils.java:logGet(44)) - raft.server.log.force.sync.num = 128 (default)
2021-06-11 19:07:09,380 [pool-432-thread-1] INFO  server.RaftServerConfigKeys (ConfUtils.java:logGet(44)) - raft.server.log.statemachine.data.sync = true (default)
2021-06-11 19:07:09,380 [pool-432-thread-1] INFO  server.RaftServerConfigKeys (ConfUtils.java:logGet(44)) - raft.server.log.statemachine.data.sync.timeout = 10s (default)
2021-06-11 19:07:09,380 [pool-432-thread-1] INFO  server.RaftServerConfigKeys (ConfUtils.java:logGet(44)) - raft.server.log.statemachine.data.sync.timeout.retry = -1 (default)
2021-06-11 19:07:09,381 [pool-432-thread-1] INFO  server.RaftServerConfigKeys (ConfUtils.java:logGet(44)) - raft.server.log.write.buffer.size = 1048576 (custom)
2021-06-11 19:07:09,381 [pool-432-thread-1] INFO  server.RaftServerConfigKeys (ConfUtils.java:logGet(44)) - raft.server.log.statemachine.data.caching.enabled = true (custom)
2021-06-11 19:07:09,382 [pool-432-thread-1] INFO  segmented.SegmentedRaftLogWorker (SegmentedRaftLogWorker.java:lambda$new$0(133)) - 1514860f-d988-4646-88fa-884730dadadc@group-4FACF4D64A7E-SegmentedRaftLogWorker: flushIndex: setUnconditionally 0 -> -1
2021-06-11 19:07:09,382 [pool-432-thread-1] INFO  segmented.SegmentedRaftLogWorker (SegmentedRaftLogWorker.java:lambda$new$0(133)) - 1514860f-d988-4646-88fa-884730dadadc@group-4FACF4D64A7E-SegmentedRaftLogWorker: safeCacheEvictIndex: setUnconditionally 0 -> -1
2021-06-11 19:07:09,384 [pool-432-thread-1] INFO  server.RaftServerConfigKeys (ConfUtils.java:logGet(44)) - raft.server.snapshot.auto.trigger.enabled = true (custom)
2021-06-11 19:07:09,384 [pool-432-thread-1] INFO  server.RaftServerConfigKeys (ConfUtils.java:logGet(44)) - raft.server.snapshot.auto.trigger.threshold = 10000 (custom)
2021-06-11 19:07:09,384 [pool-432-thread-1] INFO  server.RaftServerConfigKeys (ConfUtils.java:logGet(44)) - raft.server.snapshot.retention.file.num = 5 (custom)
2021-06-11 19:07:09,384 [pool-432-thread-1] INFO  server.RaftServerConfigKeys (ConfUtils.java:logGet(44)) - raft.server.log.purge.upto.snapshot.index = false (default)
2021-06-11 19:07:09,384 [pool-432-thread-1] INFO  server.RaftServerConfigKeys (ConfUtils.java:logGet(44)) - raft.server.retrycache.expirytime = 600000ms (custom)
2021-06-11 19:07:09,384 [pool-432-thread-1] INFO  server.RaftServerConfigKeys (ConfUtils.java:logGet(44)) - raft.server.retrycache.statistics.expirytime = 100μs (default)
2021-06-11 19:07:09,384 [pool-432-thread-1] INFO  metrics.RatisMetrics (RatisMetrics.java:lambda$create$0(36)) - Creating Metrics Registry : ratis.leader_election.1514860f-d988-4646-88fa-884730dadadc@group-4FACF4D64A7E
2021-06-11 19:07:09,385 [pool-432-thread-1] INFO  metrics.RatisMetrics (RatisMetrics.java:lambda$create$0(36)) - Creating Metrics Registry : ratis.server.1514860f-d988-4646-88fa-884730dadadc@group-4FACF4D64A7E
2021-06-11 19:07:09,385 [pool-432-thread-1] INFO  server.RaftServer$Division (RaftServerImpl.java:start(295)) - 1514860f-d988-4646-88fa-884730dadadc@group-4FACF4D64A7E: start as a follower, conf=-1: [1514860f-d988-4646-88fa-884730dadadc|rpc:10.1.0.43:42983|priority:1], old=null
2021-06-11 19:07:09,386 [pool-432-thread-1] INFO  server.RaftServer$Division (RaftServerImpl.java:setRole(284)) - 1514860f-d988-4646-88fa-884730dadadc@group-4FACF4D64A7E: changes role from      null to FOLLOWER at term 0 for startAsFollower
2021-06-11 19:07:09,386 [pool-432-thread-1] INFO  impl.RoleInfo (RoleInfo.java:updateAndGet(130)) - 1514860f-d988-4646-88fa-884730dadadc: start 1514860f-d988-4646-88fa-884730dadadc@group-4FACF4D64A7E-FollowerState
2021-06-11 19:07:09,386 [pool-432-thread-1] INFO  util.JmxRegister (JmxRegister.java:tryRegister(44)) - Successfully registered JMX Bean with object name Ratis:service=RaftServer,group=group-4FACF4D64A7E,id=1514860f-d988-4646-88fa-884730dadadc
2021-06-11 19:07:09,386 [pool-432-thread-1] INFO  metrics.RatisMetrics (RatisMetrics.java:lambda$create$0(36)) - Creating Metrics Registry : ratis.state_machine.1514860f-d988-4646-88fa-884730dadadc@group-4FACF4D64A7E
2021-06-11 19:07:09,387 [Command processor thread] INFO  ratis.XceiverServerRatis (XceiverServerRatis.java:addGroup(808)) - Created group PipelineID=816a5d0c-7751-485e-a30f-4facf4d64a7e
2021-06-11 19:07:09,387 [Command processor thread] INFO  commandhandler.CreatePipelineCommandHandler (CreatePipelineCommandHandler.java:handle(106)) - Created Pipeline RATIS ONE PipelineID=816a5d0c-7751-485e-a30f-4facf4d64a7e.
2021-06-11 19:07:09,387 [Command processor thread] INFO  server.RaftServer (RaftServerProxy.java:addNew(95)) - 1514860f-d988-4646-88fa-884730dadadc: addNew group-7A06744B07B2:[f0d18f37-c034-4e65-b036-926f7b7a2e40|rpc:10.1.0.43:45755|priority:1, 1514860f-d988-4646-88fa-884730dadadc|rpc:10.1.0.43:42983|priority:0, 41bce2b3-bc14-4594-98d7-18715bf094e4|rpc:10.1.0.43:36265|priority:0] returns group-7A06744B07B2:java.util.concurrent.CompletableFuture@4051efa1[Not completed]
2021-06-11 19:07:09,388 [EventQueue-OpenPipelineForHealthyPipelineSafeModeRule] INFO  safemode.SCMSafeModeManager (HealthyPipelineSafeModeRule.java:process(124)) - SCM in safe mode. Healthy pipelines reported count is 0, required healthy pipeline reported count is 1
2021-06-11 19:07:09,388 [pool-432-thread-1] INFO  server.RaftServer$Division (RaftServerImpl.java:<init>(180)) - 1514860f-d988-4646-88fa-884730dadadc: new RaftServerImpl for group-7A06744B07B2:[f0d18f37-c034-4e65-b036-926f7b7a2e40|rpc:10.1.0.43:45755|priority:1, 1514860f-d988-4646-88fa-884730dadadc|rpc:10.1.0.43:42983|priority:0, 41bce2b3-bc14-4594-98d7-18715bf094e4|rpc:10.1.0.43:36265|priority:0] with ContainerStateMachine:uninitialized
2021-06-11 19:07:09,389 [pool-432-thread-1] INFO  server.RaftServerConfigKeys (ConfUtils.java:logGet(44)) - raft.server.rpc.timeout.min = 5s (custom)
2021-06-11 19:07:09,389 [pool-432-thread-1] INFO  server.RaftServerConfigKeys (ConfUtils.java:logGet(44)) - raft.server.rpc.timeout.max = 5200ms (custom)
2021-06-11 19:07:09,389 [pool-432-thread-1] INFO  server.RaftServerConfigKeys (ConfUtils.java:logGet(44)) - raft.server.rpc.sleep.time = 25ms (default)
2021-06-11 19:07:09,389 [pool-432-thread-1] INFO  server.RaftServerConfigKeys (ConfUtils.java:logGet(44)) - raft.server.rpc.slowness.timeout = 300000ms (custom)
2021-06-11 19:07:09,389 [pool-432-thread-1] INFO  server.RaftServerConfigKeys (ConfUtils.java:logGet(44)) - raft.server.leaderelection.leader.step-down.wait-time = 10s (default)
2021-06-11 19:07:09,389 [pool-432-thread-1] INFO  server.RaftServerConfigKeys (ConfUtils.java:logGet(44)) - raft.server.sleep.deviation.threshold = 300ms (default)
2021-06-11 19:07:09,389 [pool-432-thread-1] INFO  server.RaftServerConfigKeys (ConfUtils.java:logGet(44)) - raft.server.log.appender.install.snapshot.enabled = false (custom)
2021-06-11 19:07:09,389 [pool-432-thread-1] INFO  server.RaftServer$Division (ServerState.java:<init>(105)) - 1514860f-d988-4646-88fa-884730dadadc@group-7A06744B07B2: ConfigurationManager, init=-1: [f0d18f37-c034-4e65-b036-926f7b7a2e40|rpc:10.1.0.43:45755|priority:1, 1514860f-d988-4646-88fa-884730dadadc|rpc:10.1.0.43:42983|priority:0, 41bce2b3-bc14-4594-98d7-18715bf094e4|rpc:10.1.0.43:36265|priority:0], old=null, confs=<EMPTY_MAP>
2021-06-11 19:07:09,389 [pool-432-thread-1] INFO  server.RaftServerConfigKeys (ConfUtils.java:logGet(44)) - raft.server.storage.dir = [/home/runner/work/ozone/ozone/mnt/ozone/hadoop-ozone/integration-test/target/test-dir/MiniOzoneClusterImpl-7f30813a-d1ba-41a1-975d-e59f1b24795c/datanode-0/data/ratis] (custom)
2021-06-11 19:07:09,389 [pool-432-thread-1] INFO  server.RaftServerConfigKeys (ConfUtils.java:logGet(44)) - raft.server.log.corruption.policy = EXCEPTION (default)
2021-06-11 19:07:09,389 [pool-432-thread-1] INFO  storage.RaftStorageDirectory (RaftStorageDirectoryImpl.java:analyzeStorage(132)) - The storage directory /home/runner/work/ozone/ozone/mnt/ozone/hadoop-ozone/integration-test/target/test-dir/MiniOzoneClusterImpl-7f30813a-d1ba-41a1-975d-e59f1b24795c/datanode-0/data/ratis/98922251-7eaa-4d63-82ed-7a06744b07b2 does not exist. Creating ...
2021-06-11 19:07:09,390 [pool-432-thread-1] INFO  storage.RaftStorageDirectory (RaftStorageDirectoryImpl.java:tryLock(215)) - Lock on /home/runner/work/ozone/ozone/mnt/ozone/hadoop-ozone/integration-test/target/test-dir/MiniOzoneClusterImpl-7f30813a-d1ba-41a1-975d-e59f1b24795c/datanode-0/data/ratis/98922251-7eaa-4d63-82ed-7a06744b07b2/in_use.lock acquired by nodename 18191@fv-az59-942
2021-06-11 19:07:09,391 [pool-432-thread-1] INFO  storage.RaftStorage (RaftStorageImpl.java:format(87)) - Storage directory /home/runner/work/ozone/ozone/mnt/ozone/hadoop-ozone/integration-test/target/test-dir/MiniOzoneClusterImpl-7f30813a-d1ba-41a1-975d-e59f1b24795c/datanode-0/data/ratis/98922251-7eaa-4d63-82ed-7a06744b07b2 has been successfully formatted.
2021-06-11 19:07:09,391 [pool-432-thread-1] INFO  ratis.ContainerStateMachine (ContainerStateMachine.java:loadSnapshot(224)) - group-7A06744B07B2: The snapshot info is null. Setting the last applied indexto:(t:0, i:~)
2021-06-11 19:07:09,391 [pool-432-thread-1] INFO  server.RaftServerConfigKeys (ConfUtils.java:logGet(44)) - raft.server.notification.no-leader.timeout = 300000ms (custom)
2021-06-11 19:07:09,391 [pool-432-thread-1] INFO  server.RaftServerConfigKeys (ConfUtils.java:logGet(44)) - raft.server.log.use.memory = false (default)
2021-06-11 19:07:09,391 [pool-432-thread-1] INFO  server.RaftServerConfigKeys (ConfUtils.java:logGet(44)) - raft.server.log.purge.gap = 1000000 (custom)
2021-06-11 19:07:09,391 [pool-432-thread-1] INFO  server.RaftServerConfigKeys (ConfUtils.java:logGet(44)) - raft.server.log.appender.buffer.byte-limit = 33554432 (custom)
2021-06-11 19:07:09,391 [pool-432-thread-1] INFO  metrics.RatisMetrics (RatisMetrics.java:lambda$create$0(36)) - Creating Metrics Registry : ratis.log_worker.1514860f-d988-4646-88fa-884730dadadc@group-7A06744B07B2
2021-06-11 19:07:09,391 [pool-432-thread-1] INFO  server.RaftServerConfigKeys (ConfUtils.java:logGet(44)) - raft.server.log.segment.size.max = 1048576 (custom)
2021-06-11 19:07:09,392 [EventQueue-OpenPipelineForHealthyPipelineSafeModeRule] INFO  safemode.SCMSafeModeManager (HealthyPipelineSafeModeRule.java:process(124)) - SCM in safe mode. Healthy pipelines reported count is 0, required healthy pipeline reported count is 1
2021-06-11 19:07:09,392 [pool-432-thread-1] INFO  server.RaftServerConfigKeys (ConfUtils.java:logGet(44)) - raft.server.log.segment.cache.num.max = 2 (custom)
2021-06-11 19:07:09,392 [pool-432-thread-1] INFO  server.RaftServerConfigKeys (ConfUtils.java:logGet(44)) - raft.server.log.segment.cache.size.max = 200MB (=209715200) (default)
2021-06-11 19:07:09,392 [pool-432-thread-1] INFO  segmented.SegmentedRaftLogWorker (SegmentedRaftLogWorker.java:<init>(182)) - new 1514860f-d988-4646-88fa-884730dadadc@group-7A06744B07B2-SegmentedRaftLogWorker for RaftStorageImpl:Storage Directory /home/runner/work/ozone/ozone/mnt/ozone/hadoop-ozone/integration-test/target/test-dir/MiniOzoneClusterImpl-7f30813a-d1ba-41a1-975d-e59f1b24795c/datanode-0/data/ratis/98922251-7eaa-4d63-82ed-7a06744b07b2
2021-06-11 19:07:09,392 [pool-432-thread-1] INFO  server.RaftServerConfigKeys (ConfUtils.java:logGet(44)) - raft.server.log.queue.byte-limit = 2147483647 (custom)
2021-06-11 19:07:09,392 [pool-432-thread-1] INFO  server.RaftServerConfigKeys (ConfUtils.java:logGet(44)) - raft.server.log.queue.element-limit = 1024 (custom)
2021-06-11 19:07:09,393 [pool-432-thread-1] INFO  server.RaftServerConfigKeys (ConfUtils.java:logGet(44)) - raft.server.log.segment.size.max = 1048576 (custom)
2021-06-11 19:07:09,393 [pool-432-thread-1] INFO  server.RaftServerConfigKeys (ConfUtils.java:logGet(44)) - raft.server.log.preallocated.size = 16384 (custom)
2021-06-11 19:07:09,393 [pool-432-thread-1] INFO  server.RaftServerConfigKeys (ConfUtils.java:logGet(44)) - raft.server.log.force.sync.num = 128 (default)
2021-06-11 19:07:09,393 [pool-432-thread-1] INFO  server.RaftServerConfigKeys (ConfUtils.java:logGet(44)) - raft.server.log.statemachine.data.sync = true (default)
2021-06-11 19:07:09,393 [pool-432-thread-1] INFO  server.RaftServerConfigKeys (ConfUtils.java:logGet(44)) - raft.server.log.statemachine.data.sync.timeout = 10s (default)
2021-06-11 19:07:09,393 [pool-432-thread-1] INFO  server.RaftServerConfigKeys (ConfUtils.java:logGet(44)) - raft.server.log.statemachine.data.sync.timeout.retry = -1 (default)
2021-06-11 19:07:09,394 [pool-432-thread-1] INFO  server.RaftServerConfigKeys (ConfUtils.java:logGet(44)) - raft.server.log.write.buffer.size = 1048576 (custom)
2021-06-11 19:07:09,394 [pool-432-thread-1] INFO  server.RaftServerConfigKeys (ConfUtils.java:logGet(44)) - raft.server.log.statemachine.data.caching.enabled = true (custom)
2021-06-11 19:07:09,394 [pool-432-thread-1] INFO  segmented.SegmentedRaftLogWorker (SegmentedRaftLogWorker.java:lambda$new$0(133)) - 1514860f-d988-4646-88fa-884730dadadc@group-7A06744B07B2-SegmentedRaftLogWorker: flushIndex: setUnconditionally 0 -> -1
2021-06-11 19:07:09,394 [pool-432-thread-1] INFO  segmented.SegmentedRaftLogWorker (SegmentedRaftLogWorker.java:lambda$new$0(133)) - 1514860f-d988-4646-88fa-884730dadadc@group-7A06744B07B2-SegmentedRaftLogWorker: safeCacheEvictIndex: setUnconditionally 0 -> -1
2021-06-11 19:07:09,394 [pool-432-thread-1] INFO  server.RaftServerConfigKeys (ConfUtils.java:logGet(44)) - raft.server.snapshot.auto.trigger.enabled = true (custom)
2021-06-11 19:07:09,394 [pool-432-thread-1] INFO  server.RaftServerConfigKeys (ConfUtils.java:logGet(44)) - raft.server.snapshot.auto.trigger.threshold = 10000 (custom)
2021-06-11 19:07:09,394 [pool-432-thread-1] INFO  server.RaftServerConfigKeys (ConfUtils.java:logGet(44)) - raft.server.snapshot.retention.file.num = 5 (custom)
2021-06-11 19:07:09,394 [pool-432-thread-1] INFO  server.RaftServerConfigKeys (ConfUtils.java:logGet(44)) - raft.server.log.purge.upto.snapshot.index = false (default)
2021-06-11 19:07:09,394 [pool-432-thread-1] INFO  server.RaftServerConfigKeys (ConfUtils.java:logGet(44)) - raft.server.retrycache.expirytime = 600000ms (custom)
2021-06-11 19:07:09,394 [pool-432-thread-1] INFO  server.RaftServerConfigKeys (ConfUtils.java:logGet(44)) - raft.server.retrycache.statistics.expirytime = 100μs (default)
2021-06-11 19:07:09,394 [pool-432-thread-1] INFO  metrics.RatisMetrics (RatisMetrics.java:lambda$create$0(36)) - Creating Metrics Registry : ratis.leader_election.1514860f-d988-4646-88fa-884730dadadc@group-7A06744B07B2
2021-06-11 19:07:09,395 [pool-432-thread-1] INFO  metrics.RatisMetrics (RatisMetrics.java:lambda$create$0(36)) - Creating Metrics Registry : ratis.server.1514860f-d988-4646-88fa-884730dadadc@group-7A06744B07B2
2021-06-11 19:07:09,396 [pool-432-thread-1] INFO  server.RaftServer$Division (RaftServerImpl.java:start(295)) - 1514860f-d988-4646-88fa-884730dadadc@group-7A06744B07B2: start as a follower, conf=-1: [f0d18f37-c034-4e65-b036-926f7b7a2e40|rpc:10.1.0.43:45755|priority:1, 1514860f-d988-4646-88fa-884730dadadc|rpc:10.1.0.43:42983|priority:0, 41bce2b3-bc14-4594-98d7-18715bf094e4|rpc:10.1.0.43:36265|priority:0], old=null
2021-06-11 19:07:09,396 [pool-432-thread-1] INFO  server.RaftServer$Division (RaftServerImpl.java:setRole(284)) - 1514860f-d988-4646-88fa-884730dadadc@group-7A06744B07B2: changes role from      null to FOLLOWER at term 0 for startAsFollower
2021-06-11 19:07:09,396 [pool-432-thread-1] INFO  impl.RoleInfo (RoleInfo.java:updateAndGet(130)) - 1514860f-d988-4646-88fa-884730dadadc: start 1514860f-d988-4646-88fa-884730dadadc@group-7A06744B07B2-FollowerState
2021-06-11 19:07:09,397 [pool-432-thread-1] INFO  util.JmxRegister (JmxRegister.java:tryRegister(44)) - Successfully registered JMX Bean with object name Ratis:service=RaftServer,group=group-7A06744B07B2,id=1514860f-d988-4646-88fa-884730dadadc
2021-06-11 19:07:09,397 [pool-432-thread-1] INFO  metrics.RatisMetrics (RatisMetrics.java:lambda$create$0(36)) - Creating Metrics Registry : ratis.state_machine.1514860f-d988-4646-88fa-884730dadadc@group-7A06744B07B2
2021-06-11 19:07:09,398 [Command processor thread] INFO  ratis.XceiverServerRatis (XceiverServerRatis.java:addGroup(808)) - Created group PipelineID=98922251-7eaa-4d63-82ed-7a06744b07b2
2021-06-11 19:07:09,399 [Command processor thread] INFO  metrics.RatisMetrics (RatisMetrics.java:lambda$create$0(36)) - Creating Metrics Registry : ratis.client_message_metrics.client-2602D2F294BB->f0d18f37-c034-4e65-b036-926f7b7a2e40
2021-06-11 19:07:09,403 [grpc-default-executor-1] INFO  metrics.RatisMetrics (RatisMetrics.java:lambda$create$0(36)) - Creating Metrics Registry : ratis.server_message_metrics.f0d18f37-c034-4e65-b036-926f7b7a2e40
2021-06-11 19:07:09,405 [grpc-default-executor-1] INFO  server.RaftServer (RaftServerProxy.java:addNew(95)) - f0d18f37-c034-4e65-b036-926f7b7a2e40: addNew group-7A06744B07B2:[f0d18f37-c034-4e65-b036-926f7b7a2e40|rpc:10.1.0.43:45755|dataStream:|priority:1, 1514860f-d988-4646-88fa-884730dadadc|rpc:10.1.0.43:42983|dataStream:|priority:0, 41bce2b3-bc14-4594-98d7-18715bf094e4|rpc:10.1.0.43:36265|dataStream:|priority:0] returns group-7A06744B07B2:java.util.concurrent.CompletableFuture@5fe1b105[Not completed]
2021-06-11 19:07:09,405 [pool-450-thread-1] INFO  server.RaftServer$Division (RaftServerImpl.java:<init>(180)) - f0d18f37-c034-4e65-b036-926f7b7a2e40: new RaftServerImpl for group-7A06744B07B2:[f0d18f37-c034-4e65-b036-926f7b7a2e40|rpc:10.1.0.43:45755|dataStream:|priority:1, 1514860f-d988-4646-88fa-884730dadadc|rpc:10.1.0.43:42983|dataStream:|priority:0, 41bce2b3-bc14-4594-98d7-18715bf094e4|rpc:10.1.0.43:36265|dataStream:|priority:0] with ContainerStateMachine:uninitialized
2021-06-11 19:07:09,405 [pool-450-thread-1] INFO  server.RaftServerConfigKeys (ConfUtils.java:logGet(44)) - raft.server.rpc.timeout.min = 5s (custom)
2021-06-11 19:07:09,405 [pool-450-thread-1] INFO  server.RaftServerConfigKeys (ConfUtils.java:logGet(44)) - raft.server.rpc.timeout.max = 5200ms (custom)
2021-06-11 19:07:09,405 [pool-450-thread-1] INFO  server.RaftServerConfigKeys (ConfUtils.java:logGet(44)) - raft.server.rpc.sleep.time = 25ms (default)
2021-06-11 19:07:09,406 [pool-450-thread-1] INFO  server.RaftServerConfigKeys (ConfUtils.java:logGet(44)) - raft.server.rpc.slowness.timeout = 300000ms (custom)
2021-06-11 19:07:09,406 [pool-450-thread-1] INFO  server.RaftServerConfigKeys (ConfUtils.java:logGet(44)) - raft.server.leaderelection.leader.step-down.wait-time = 10s (default)
2021-06-11 19:07:09,406 [pool-450-thread-1] INFO  server.RaftServerConfigKeys (ConfUtils.java:logGet(44)) - raft.server.sleep.deviation.threshold = 300ms (default)
2021-06-11 19:07:09,406 [pool-450-thread-1] INFO  server.RaftServerConfigKeys (ConfUtils.java:logGet(44)) - raft.server.log.appender.install.snapshot.enabled = false (custom)
2021-06-11 19:07:09,406 [pool-450-thread-1] INFO  server.RaftServer$Division (ServerState.java:<init>(105)) - f0d18f37-c034-4e65-b036-926f7b7a2e40@group-7A06744B07B2: ConfigurationManager, init=-1: [f0d18f37-c034-4e65-b036-926f7b7a2e40|rpc:10.1.0.43:45755|dataStream:|priority:1, 1514860f-d988-4646-88fa-884730dadadc|rpc:10.1.0.43:42983|dataStream:|priority:0, 41bce2b3-bc14-4594-98d7-18715bf094e4|rpc:10.1.0.43:36265|dataStream:|priority:0], old=null, confs=<EMPTY_MAP>
2021-06-11 19:07:09,406 [pool-450-thread-1] INFO  server.RaftServerConfigKeys (ConfUtils.java:logGet(44)) - raft.server.storage.dir = [/home/runner/work/ozone/ozone/mnt/ozone/hadoop-ozone/integration-test/target/test-dir/MiniOzoneClusterImpl-7f30813a-d1ba-41a1-975d-e59f1b24795c/datanode-1/data/ratis] (custom)
2021-06-11 19:07:09,406 [pool-450-thread-1] INFO  server.RaftServerConfigKeys (ConfUtils.java:logGet(44)) - raft.server.log.corruption.policy = EXCEPTION (default)
2021-06-11 19:07:09,406 [pool-450-thread-1] INFO  storage.RaftStorageDirectory (RaftStorageDirectoryImpl.java:analyzeStorage(132)) - The storage directory /home/runner/work/ozone/ozone/mnt/ozone/hadoop-ozone/integration-test/target/test-dir/MiniOzoneClusterImpl-7f30813a-d1ba-41a1-975d-e59f1b24795c/datanode-1/data/ratis/98922251-7eaa-4d63-82ed-7a06744b07b2 does not exist. Creating ...
2021-06-11 19:07:09,407 [pool-450-thread-1] INFO  storage.RaftStorageDirectory (RaftStorageDirectoryImpl.java:tryLock(215)) - Lock on /home/runner/work/ozone/ozone/mnt/ozone/hadoop-ozone/integration-test/target/test-dir/MiniOzoneClusterImpl-7f30813a-d1ba-41a1-975d-e59f1b24795c/datanode-1/data/ratis/98922251-7eaa-4d63-82ed-7a06744b07b2/in_use.lock acquired by nodename 18191@fv-az59-942
2021-06-11 19:07:09,408 [pool-450-thread-1] INFO  storage.RaftStorage (RaftStorageImpl.java:format(87)) - Storage directory /home/runner/work/ozone/ozone/mnt/ozone/hadoop-ozone/integration-test/target/test-dir/MiniOzoneClusterImpl-7f30813a-d1ba-41a1-975d-e59f1b24795c/datanode-1/data/ratis/98922251-7eaa-4d63-82ed-7a06744b07b2 has been successfully formatted.
2021-06-11 19:07:09,408 [pool-450-thread-1] INFO  ratis.ContainerStateMachine (ContainerStateMachine.java:loadSnapshot(224)) - group-7A06744B07B2: The snapshot info is null. Setting the last applied indexto:(t:0, i:~)
2021-06-11 19:07:09,409 [pool-450-thread-1] INFO  server.RaftServerConfigKeys (ConfUtils.java:logGet(44)) - raft.server.notification.no-leader.timeout = 300000ms (custom)
2021-06-11 19:07:09,409 [pool-450-thread-1] INFO  server.RaftServerConfigKeys (ConfUtils.java:logGet(44)) - raft.server.log.use.memory = false (default)
2021-06-11 19:07:09,409 [pool-450-thread-1] INFO  server.RaftServerConfigKeys (ConfUtils.java:logGet(44)) - raft.server.log.purge.gap = 1000000 (custom)
2021-06-11 19:07:09,409 [pool-450-thread-1] INFO  server.RaftServerConfigKeys (ConfUtils.java:logGet(44)) - raft.server.log.appender.buffer.byte-limit = 33554432 (custom)
2021-06-11 19:07:09,409 [pool-450-thread-1] INFO  metrics.RatisMetrics (RatisMetrics.java:lambda$create$0(36)) - Creating Metrics Registry : ratis.log_worker.f0d18f37-c034-4e65-b036-926f7b7a2e40@group-7A06744B07B2
2021-06-11 19:07:09,409 [pool-450-thread-1] INFO  server.RaftServerConfigKeys (ConfUtils.java:logGet(44)) - raft.server.log.segment.size.max = 1048576 (custom)
2021-06-11 19:07:09,409 [pool-450-thread-1] INFO  server.RaftServerConfigKeys (ConfUtils.java:logGet(44)) - raft.server.log.segment.cache.num.max = 2 (custom)
2021-06-11 19:07:09,409 [pool-450-thread-1] INFO  server.RaftServerConfigKeys (ConfUtils.java:logGet(44)) - raft.server.log.segment.cache.size.max = 200MB (=209715200) (default)
2021-06-11 19:07:09,409 [pool-450-thread-1] INFO  segmented.SegmentedRaftLogWorker (SegmentedRaftLogWorker.java:<init>(182)) - new f0d18f37-c034-4e65-b036-926f7b7a2e40@group-7A06744B07B2-SegmentedRaftLogWorker for RaftStorageImpl:Storage Directory /home/runner/work/ozone/ozone/mnt/ozone/hadoop-ozone/integration-test/target/test-dir/MiniOzoneClusterImpl-7f30813a-d1ba-41a1-975d-e59f1b24795c/datanode-1/data/ratis/98922251-7eaa-4d63-82ed-7a06744b07b2
2021-06-11 19:07:09,410 [pool-450-thread-1] INFO  server.RaftServerConfigKeys (ConfUtils.java:logGet(44)) - raft.server.log.queue.byte-limit = 2147483647 (custom)
2021-06-11 19:07:09,410 [pool-450-thread-1] INFO  server.RaftServerConfigKeys (ConfUtils.java:logGet(44)) - raft.server.log.queue.element-limit = 1024 (custom)
2021-06-11 19:07:09,410 [pool-450-thread-1] INFO  server.RaftServerConfigKeys (ConfUtils.java:logGet(44)) - raft.server.log.segment.size.max = 1048576 (custom)
2021-06-11 19:07:09,410 [pool-450-thread-1] INFO  server.RaftServerConfigKeys (ConfUtils.java:logGet(44)) - raft.server.log.preallocated.size = 16384 (custom)
2021-06-11 19:07:09,410 [pool-450-thread-1] INFO  server.RaftServerConfigKeys (ConfUtils.java:logGet(44)) - raft.server.log.force.sync.num = 128 (default)
2021-06-11 19:07:09,410 [pool-450-thread-1] INFO  server.RaftServerConfigKeys (ConfUtils.java:logGet(44)) - raft.server.log.statemachine.data.sync = true (default)
2021-06-11 19:07:09,410 [pool-450-thread-1] INFO  server.RaftServerConfigKeys (ConfUtils.java:logGet(44)) - raft.server.log.statemachine.data.sync.timeout = 10s (default)
2021-06-11 19:07:09,410 [pool-450-thread-1] INFO  server.RaftServerConfigKeys (ConfUtils.java:logGet(44)) - raft.server.log.statemachine.data.sync.timeout.retry = -1 (default)
2021-06-11 19:07:09,411 [pool-450-thread-1] INFO  server.RaftServerConfigKeys (ConfUtils.java:logGet(44)) - raft.server.log.write.buffer.size = 1048576 (custom)
2021-06-11 19:07:09,411 [pool-450-thread-1] INFO  server.RaftServerConfigKeys (ConfUtils.java:logGet(44)) - raft.server.log.statemachine.data.caching.enabled = true (custom)
2021-06-11 19:07:09,411 [pool-450-thread-1] INFO  segmented.SegmentedRaftLogWorker (SegmentedRaftLogWorker.java:lambda$new$0(133)) - f0d18f37-c034-4e65-b036-926f7b7a2e40@group-7A06744B07B2-SegmentedRaftLogWorker: flushIndex: setUnconditionally 0 -> -1
2021-06-11 19:07:09,411 [pool-450-thread-1] INFO  segmented.SegmentedRaftLogWorker (SegmentedRaftLogWorker.java:lambda$new$0(133)) - f0d18f37-c034-4e65-b036-926f7b7a2e40@group-7A06744B07B2-SegmentedRaftLogWorker: safeCacheEvictIndex: setUnconditionally 0 -> -1
2021-06-11 19:07:09,411 [pool-450-thread-1] INFO  server.RaftServerConfigKeys (ConfUtils.java:logGet(44)) - raft.server.snapshot.auto.trigger.enabled = true (custom)
2021-06-11 19:07:09,411 [pool-450-thread-1] INFO  server.RaftServerConfigKeys (ConfUtils.java:logGet(44)) - raft.server.snapshot.auto.trigger.threshold = 10000 (custom)
2021-06-11 19:07:09,411 [pool-450-thread-1] INFO  server.RaftServerConfigKeys (ConfUtils.java:logGet(44)) - raft.server.snapshot.retention.file.num = 5 (custom)
2021-06-11 19:07:09,411 [pool-450-thread-1] INFO  server.RaftServerConfigKeys (ConfUtils.java:logGet(44)) - raft.server.log.purge.upto.snapshot.index = false (default)
2021-06-11 19:07:09,411 [pool-450-thread-1] INFO  server.RaftServerConfigKeys (ConfUtils.java:logGet(44)) - raft.server.retrycache.expirytime = 600000ms (custom)
2021-06-11 19:07:09,411 [pool-450-thread-1] INFO  server.RaftServerConfigKeys (ConfUtils.java:logGet(44)) - raft.server.retrycache.statistics.expirytime = 100μs (default)
2021-06-11 19:07:09,412 [pool-450-thread-1] INFO  metrics.RatisMetrics (RatisMetrics.java:lambda$create$0(36)) - Creating Metrics Registry : ratis.leader_election.f0d18f37-c034-4e65-b036-926f7b7a2e40@group-7A06744B07B2
2021-06-11 19:07:09,412 [pool-450-thread-1] INFO  metrics.RatisMetrics (RatisMetrics.java:lambda$create$0(36)) - Creating Metrics Registry : ratis.server.f0d18f37-c034-4e65-b036-926f7b7a2e40@group-7A06744B07B2
2021-06-11 19:07:09,413 [pool-450-thread-1] INFO  server.RaftServer$Division (RaftServerImpl.java:start(295)) - f0d18f37-c034-4e65-b036-926f7b7a2e40@group-7A06744B07B2: start as a follower, conf=-1: [f0d18f37-c034-4e65-b036-926f7b7a2e40|rpc:10.1.0.43:45755|dataStream:|priority:1, 1514860f-d988-4646-88fa-884730dadadc|rpc:10.1.0.43:42983|dataStream:|priority:0, 41bce2b3-bc14-4594-98d7-18715bf094e4|rpc:10.1.0.43:36265|dataStream:|priority:0], old=null
2021-06-11 19:07:09,413 [pool-450-thread-1] INFO  server.RaftServer$Division (RaftServerImpl.java:setRole(284)) - f0d18f37-c034-4e65-b036-926f7b7a2e40@group-7A06744B07B2: changes role from      null to FOLLOWER at term 0 for startAsFollower
2021-06-11 19:07:09,413 [pool-450-thread-1] INFO  impl.RoleInfo (RoleInfo.java:updateAndGet(130)) - f0d18f37-c034-4e65-b036-926f7b7a2e40: start f0d18f37-c034-4e65-b036-926f7b7a2e40@group-7A06744B07B2-FollowerState
2021-06-11 19:07:09,413 [pool-450-thread-1] INFO  util.JmxRegister (JmxRegister.java:tryRegister(44)) - Successfully registered JMX Bean with object name Ratis:service=RaftServer,group=group-7A06744B07B2,id=f0d18f37-c034-4e65-b036-926f7b7a2e40
2021-06-11 19:07:09,413 [pool-450-thread-1] INFO  metrics.RatisMetrics (RatisMetrics.java:lambda$create$0(36)) - Creating Metrics Registry : ratis.state_machine.f0d18f37-c034-4e65-b036-926f7b7a2e40@group-7A06744B07B2
2021-06-11 19:07:09,418 [Command processor thread] INFO  metrics.RatisMetrics (RatisMetrics.java:lambda$create$0(36)) - Creating Metrics Registry : ratis.client_message_metrics.client-48C9FC088F08->41bce2b3-bc14-4594-98d7-18715bf094e4
2021-06-11 19:07:09,422 [grpc-default-executor-1] INFO  metrics.RatisMetrics (RatisMetrics.java:lambda$create$0(36)) - Creating Metrics Registry : ratis.server_message_metrics.41bce2b3-bc14-4594-98d7-18715bf094e4
2021-06-11 19:07:09,424 [grpc-default-executor-1] INFO  server.RaftServer (RaftServerProxy.java:addNew(95)) - 41bce2b3-bc14-4594-98d7-18715bf094e4: addNew group-7A06744B07B2:[f0d18f37-c034-4e65-b036-926f7b7a2e40|rpc:10.1.0.43:45755|dataStream:|priority:1, 1514860f-d988-4646-88fa-884730dadadc|rpc:10.1.0.43:42983|dataStream:|priority:0, 41bce2b3-bc14-4594-98d7-18715bf094e4|rpc:10.1.0.43:36265|dataStream:|priority:0] returns group-7A06744B07B2:java.util.concurrent.CompletableFuture@42b17c31[Not completed]
2021-06-11 19:07:09,424 [pool-468-thread-1] INFO  server.RaftServer$Division (RaftServerImpl.java:<init>(180)) - 41bce2b3-bc14-4594-98d7-18715bf094e4: new RaftServerImpl for group-7A06744B07B2:[f0d18f37-c034-4e65-b036-926f7b7a2e40|rpc:10.1.0.43:45755|dataStream:|priority:1, 1514860f-d988-4646-88fa-884730dadadc|rpc:10.1.0.43:42983|dataStream:|priority:0, 41bce2b3-bc14-4594-98d7-18715bf094e4|rpc:10.1.0.43:36265|dataStream:|priority:0] with ContainerStateMachine:uninitialized
2021-06-11 19:07:09,425 [pool-468-thread-1] INFO  server.RaftServerConfigKeys (ConfUtils.java:logGet(44)) - raft.server.rpc.timeout.min = 5s (custom)
2021-06-11 19:07:09,425 [pool-468-thread-1] INFO  server.RaftServerConfigKeys (ConfUtils.java:logGet(44)) - raft.server.rpc.timeout.max = 5200ms (custom)
2021-06-11 19:07:09,425 [pool-468-thread-1] INFO  server.RaftServerConfigKeys (ConfUtils.java:logGet(44)) - raft.server.rpc.sleep.time = 25ms (default)
2021-06-11 19:07:09,425 [pool-468-thread-1] INFO  server.RaftServerConfigKeys (ConfUtils.java:logGet(44)) - raft.server.rpc.slowness.timeout = 300000ms (custom)
2021-06-11 19:07:09,425 [pool-468-thread-1] INFO  server.RaftServerConfigKeys (ConfUtils.java:logGet(44)) - raft.server.leaderelection.leader.step-down.wait-time = 10s (default)
2021-06-11 19:07:09,425 [pool-468-thread-1] INFO  server.RaftServerConfigKeys (ConfUtils.java:logGet(44)) - raft.server.sleep.deviation.threshold = 300ms (default)
2021-06-11 19:07:09,425 [pool-468-thread-1] INFO  server.RaftServerConfigKeys (ConfUtils.java:logGet(44)) - raft.server.log.appender.install.snapshot.enabled = false (custom)
2021-06-11 19:07:09,425 [pool-468-thread-1] INFO  server.RaftServer$Division (ServerState.java:<init>(105)) - 41bce2b3-bc14-4594-98d7-18715bf094e4@group-7A06744B07B2: ConfigurationManager, init=-1: [f0d18f37-c034-4e65-b036-926f7b7a2e40|rpc:10.1.0.43:45755|dataStream:|priority:1, 1514860f-d988-4646-88fa-884730dadadc|rpc:10.1.0.43:42983|dataStream:|priority:0, 41bce2b3-bc14-4594-98d7-18715bf094e4|rpc:10.1.0.43:36265|dataStream:|priority:0], old=null, confs=<EMPTY_MAP>
2021-06-11 19:07:09,425 [pool-468-thread-1] INFO  server.RaftServerConfigKeys (ConfUtils.java:logGet(44)) - raft.server.storage.dir = [/home/runner/work/ozone/ozone/mnt/ozone/hadoop-ozone/integration-test/target/test-dir/MiniOzoneClusterImpl-7f30813a-d1ba-41a1-975d-e59f1b24795c/datanode-2/data/ratis] (custom)
2021-06-11 19:07:09,425 [pool-468-thread-1] INFO  server.RaftServerConfigKeys (ConfUtils.java:logGet(44)) - raft.server.log.corruption.policy = EXCEPTION (default)
2021-06-11 19:07:09,425 [pool-468-thread-1] INFO  storage.RaftStorageDirectory (RaftStorageDirectoryImpl.java:analyzeStorage(132)) - The storage directory /home/runner/work/ozone/ozone/mnt/ozone/hadoop-ozone/integration-test/target/test-dir/MiniOzoneClusterImpl-7f30813a-d1ba-41a1-975d-e59f1b24795c/datanode-2/data/ratis/98922251-7eaa-4d63-82ed-7a06744b07b2 does not exist. Creating ...
2021-06-11 19:07:09,426 [pool-468-thread-1] INFO  storage.RaftStorageDirectory (RaftStorageDirectoryImpl.java:tryLock(215)) - Lock on /home/runner/work/ozone/ozone/mnt/ozone/hadoop-ozone/integration-test/target/test-dir/MiniOzoneClusterImpl-7f30813a-d1ba-41a1-975d-e59f1b24795c/datanode-2/data/ratis/98922251-7eaa-4d63-82ed-7a06744b07b2/in_use.lock acquired by nodename 18191@fv-az59-942
2021-06-11 19:07:09,428 [pool-468-thread-1] INFO  storage.RaftStorage (RaftStorageImpl.java:format(87)) - Storage directory /home/runner/work/ozone/ozone/mnt/ozone/hadoop-ozone/integration-test/target/test-dir/MiniOzoneClusterImpl-7f30813a-d1ba-41a1-975d-e59f1b24795c/datanode-2/data/ratis/98922251-7eaa-4d63-82ed-7a06744b07b2 has been successfully formatted.
2021-06-11 19:07:09,428 [pool-468-thread-1] INFO  ratis.ContainerStateMachine (ContainerStateMachine.java:loadSnapshot(224)) - group-7A06744B07B2: The snapshot info is null. Setting the last applied indexto:(t:0, i:~)
2021-06-11 19:07:09,432 [pool-468-thread-1] INFO  server.RaftServerConfigKeys (ConfUtils.java:logGet(44)) - raft.server.notification.no-leader.timeout = 300000ms (custom)
2021-06-11 19:07:09,432 [pool-468-thread-1] INFO  server.RaftServerConfigKeys (ConfUtils.java:logGet(44)) - raft.server.log.use.memory = false (default)
2021-06-11 19:07:09,432 [pool-468-thread-1] INFO  server.RaftServerConfigKeys (ConfUtils.java:logGet(44)) - raft.server.log.purge.gap = 1000000 (custom)
2021-06-11 19:07:09,432 [pool-468-thread-1] INFO  server.RaftServerConfigKeys (ConfUtils.java:logGet(44)) - raft.server.log.appender.buffer.byte-limit = 33554432 (custom)
2021-06-11 19:07:09,432 [pool-468-thread-1] INFO  metrics.RatisMetrics (RatisMetrics.java:lambda$create$0(36)) - Creating Metrics Registry : ratis.log_worker.41bce2b3-bc14-4594-98d7-18715bf094e4@group-7A06744B07B2
2021-06-11 19:07:09,433 [pool-468-thread-1] INFO  server.RaftServerConfigKeys (ConfUtils.java:logGet(44)) - raft.server.log.segment.size.max = 1048576 (custom)
2021-06-11 19:07:09,434 [pool-468-thread-1] INFO  server.RaftServerConfigKeys (ConfUtils.java:logGet(44)) - raft.server.log.segment.cache.num.max = 2 (custom)
2021-06-11 19:07:09,434 [pool-468-thread-1] INFO  server.RaftServerConfigKeys (ConfUtils.java:logGet(44)) - raft.server.log.segment.cache.size.max = 200MB (=209715200) (default)
2021-06-11 19:07:09,434 [pool-468-thread-1] INFO  segmented.SegmentedRaftLogWorker (SegmentedRaftLogWorker.java:<init>(182)) - new 41bce2b3-bc14-4594-98d7-18715bf094e4@group-7A06744B07B2-SegmentedRaftLogWorker for RaftStorageImpl:Storage Directory /home/runner/work/ozone/ozone/mnt/ozone/hadoop-ozone/integration-test/target/test-dir/MiniOzoneClusterImpl-7f30813a-d1ba-41a1-975d-e59f1b24795c/datanode-2/data/ratis/98922251-7eaa-4d63-82ed-7a06744b07b2
2021-06-11 19:07:09,434 [pool-468-thread-1] INFO  server.RaftServerConfigKeys (ConfUtils.java:logGet(44)) - raft.server.log.queue.byte-limit = 2147483647 (custom)
2021-06-11 19:07:09,434 [pool-468-thread-1] INFO  server.RaftServerConfigKeys (ConfUtils.java:logGet(44)) - raft.server.log.queue.element-limit = 1024 (custom)
2021-06-11 19:07:09,434 [pool-468-thread-1] INFO  server.RaftServerConfigKeys (ConfUtils.java:logGet(44)) - raft.server.log.segment.size.max = 1048576 (custom)
2021-06-11 19:07:09,434 [pool-468-thread-1] INFO  server.RaftServerConfigKeys (ConfUtils.java:logGet(44)) - raft.server.log.preallocated.size = 16384 (custom)
2021-06-11 19:07:09,434 [pool-468-thread-1] INFO  server.RaftServerConfigKeys (ConfUtils.java:logGet(44)) - raft.server.log.force.sync.num = 128 (default)
2021-06-11 19:07:09,434 [pool-468-thread-1] INFO  server.RaftServerConfigKeys (ConfUtils.java:logGet(44)) - raft.server.log.statemachine.data.sync = true (default)
2021-06-11 19:07:09,434 [pool-468-thread-1] INFO  server.RaftServerConfigKeys (ConfUtils.java:logGet(44)) - raft.server.log.statemachine.data.sync.timeout = 10s (default)
2021-06-11 19:07:09,434 [pool-468-thread-1] INFO  server.RaftServerConfigKeys (ConfUtils.java:logGet(44)) - raft.server.log.statemachine.data.sync.timeout.retry = -1 (default)
2021-06-11 19:07:09,435 [pool-468-thread-1] INFO  server.RaftServerConfigKeys (ConfUtils.java:logGet(44)) - raft.server.log.write.buffer.size = 1048576 (custom)
2021-06-11 19:07:09,435 [pool-468-thread-1] INFO  server.RaftServerConfigKeys (ConfUtils.java:logGet(44)) - raft.server.log.statemachine.data.caching.enabled = true (custom)
2021-06-11 19:07:09,436 [pool-468-thread-1] INFO  segmented.SegmentedRaftLogWorker (SegmentedRaftLogWorker.java:lambda$new$0(133)) - 41bce2b3-bc14-4594-98d7-18715bf094e4@group-7A06744B07B2-SegmentedRaftLogWorker: flushIndex: setUnconditionally 0 -> -1
2021-06-11 19:07:09,436 [pool-468-thread-1] INFO  segmented.SegmentedRaftLogWorker (SegmentedRaftLogWorker.java:lambda$new$0(133)) - 41bce2b3-bc14-4594-98d7-18715bf094e4@group-7A06744B07B2-SegmentedRaftLogWorker: safeCacheEvictIndex: setUnconditionally 0 -> -1
2021-06-11 19:07:09,440 [pool-468-thread-1] INFO  server.RaftServerConfigKeys (ConfUtils.java:logGet(44)) - raft.server.snapshot.auto.trigger.enabled = true (custom)
2021-06-11 19:07:09,440 [pool-468-thread-1] INFO  server.RaftServerConfigKeys (ConfUtils.java:logGet(44)) - raft.server.snapshot.auto.trigger.threshold = 10000 (custom)
2021-06-11 19:07:09,440 [pool-468-thread-1] INFO  server.RaftServerConfigKeys (ConfUtils.java:logGet(44)) - raft.server.snapshot.retention.file.num = 5 (custom)
2021-06-11 19:07:09,440 [pool-468-thread-1] INFO  server.RaftServerConfigKeys (ConfUtils.java:logGet(44)) - raft.server.log.purge.upto.snapshot.index = false (default)
2021-06-11 19:07:09,440 [pool-468-thread-1] INFO  server.RaftServerConfigKeys (ConfUtils.java:logGet(44)) - raft.server.retrycache.expirytime = 600000ms (custom)
2021-06-11 19:07:09,440 [pool-468-thread-1] INFO  server.RaftServerConfigKeys (ConfUtils.java:logGet(44)) - raft.server.retrycache.statistics.expirytime = 100μs (default)
2021-06-11 19:07:09,440 [pool-468-thread-1] INFO  metrics.RatisMetrics (RatisMetrics.java:lambda$create$0(36)) - Creating Metrics Registry : ratis.leader_election.41bce2b3-bc14-4594-98d7-18715bf094e4@group-7A06744B07B2
2021-06-11 19:07:09,441 [pool-468-thread-1] INFO  metrics.RatisMetrics (RatisMetrics.java:lambda$create$0(36)) - Creating Metrics Registry : ratis.server.41bce2b3-bc14-4594-98d7-18715bf094e4@group-7A06744B07B2
2021-06-11 19:07:09,442 [pool-468-thread-1] INFO  server.RaftServer$Division (RaftServerImpl.java:start(295)) - 41bce2b3-bc14-4594-98d7-18715bf094e4@group-7A06744B07B2: start as a follower, conf=-1: [f0d18f37-c034-4e65-b036-926f7b7a2e40|rpc:10.1.0.43:45755|dataStream:|priority:1, 1514860f-d988-4646-88fa-884730dadadc|rpc:10.1.0.43:42983|dataStream:|priority:0, 41bce2b3-bc14-4594-98d7-18715bf094e4|rpc:10.1.0.43:36265|dataStream:|priority:0], old=null
2021-06-11 19:07:09,442 [pool-468-thread-1] INFO  server.RaftServer$Division (RaftServerImpl.java:setRole(284)) - 41bce2b3-bc14-4594-98d7-18715bf094e4@group-7A06744B07B2: changes role from      null to FOLLOWER at term 0 for startAsFollower
2021-06-11 19:07:09,442 [pool-468-thread-1] INFO  impl.RoleInfo (RoleInfo.java:updateAndGet(130)) - 41bce2b3-bc14-4594-98d7-18715bf094e4: start 41bce2b3-bc14-4594-98d7-18715bf094e4@group-7A06744B07B2-FollowerState
2021-06-11 19:07:09,442 [pool-468-thread-1] INFO  util.JmxRegister (JmxRegister.java:tryRegister(44)) - Successfully registered JMX Bean with object name Ratis:service=RaftServer,group=group-7A06744B07B2,id=41bce2b3-bc14-4594-98d7-18715bf094e4
2021-06-11 19:07:09,442 [pool-468-thread-1] INFO  metrics.RatisMetrics (RatisMetrics.java:lambda$create$0(36)) - Creating Metrics Registry : ratis.state_machine.41bce2b3-bc14-4594-98d7-18715bf094e4@group-7A06744B07B2
2021-06-11 19:07:09,447 [Command processor thread] INFO  commandhandler.CreatePipelineCommandHandler (CreatePipelineCommandHandler.java:handle(106)) - Created Pipeline RATIS THREE PipelineID=98922251-7eaa-4d63-82ed-7a06744b07b2.
2021-06-11 19:07:09,447 [Command processor thread] INFO  server.RaftServer (RaftServerProxy.java:addNew(95)) - 1514860f-d988-4646-88fa-884730dadadc: addNew group-A0934D54B14C:[f0d18f37-c034-4e65-b036-926f7b7a2e40|rpc:10.1.0.43:45755|priority:0, 1514860f-d988-4646-88fa-884730dadadc|rpc:10.1.0.43:42983|priority:0, 41bce2b3-bc14-4594-98d7-18715bf094e4|rpc:10.1.0.43:36265|priority:1] returns group-A0934D54B14C:java.util.concurrent.CompletableFuture@558e8e43[Not completed]
2021-06-11 19:07:09,448 [pool-432-thread-1] INFO  server.RaftServer$Division (RaftServerImpl.java:<init>(180)) - 1514860f-d988-4646-88fa-884730dadadc: new RaftServerImpl for group-A0934D54B14C:[f0d18f37-c034-4e65-b036-926f7b7a2e40|rpc:10.1.0.43:45755|priority:0, 1514860f-d988-4646-88fa-884730dadadc|rpc:10.1.0.43:42983|priority:0, 41bce2b3-bc14-4594-98d7-18715bf094e4|rpc:10.1.0.43:36265|priority:1] with ContainerStateMachine:uninitialized
2021-06-11 19:07:09,448 [pool-432-thread-1] INFO  server.RaftServerConfigKeys (ConfUtils.java:logGet(44)) - raft.server.rpc.timeout.min = 5s (custom)
2021-06-11 19:07:09,448 [pool-432-thread-1] INFO  server.RaftServerConfigKeys (ConfUtils.java:logGet(44)) - raft.server.rpc.timeout.max = 5200ms (custom)
2021-06-11 19:07:09,448 [pool-432-thread-1] INFO  server.RaftServerConfigKeys (ConfUtils.java:logGet(44)) - raft.server.rpc.sleep.time = 25ms (default)
2021-06-11 19:07:09,448 [pool-432-thread-1] INFO  server.RaftServerConfigKeys (ConfUtils.java:logGet(44)) - raft.server.rpc.slowness.timeout = 300000ms (custom)
2021-06-11 19:07:09,448 [pool-432-thread-1] INFO  server.RaftServerConfigKeys (ConfUtils.java:logGet(44)) - raft.server.leaderelection.leader.step-down.wait-time = 10s (default)
2021-06-11 19:07:09,448 [pool-432-thread-1] INFO  server.RaftServerConfigKeys (ConfUtils.java:logGet(44)) - raft.server.sleep.deviation.threshold = 300ms (default)
2021-06-11 19:07:09,448 [pool-432-thread-1] INFO  server.RaftServerConfigKeys (ConfUtils.java:logGet(44)) - raft.server.log.appender.install.snapshot.enabled = false (custom)
2021-06-11 19:07:09,448 [pool-432-thread-1] INFO  server.RaftServer$Division (ServerState.java:<init>(105)) - 1514860f-d988-4646-88fa-884730dadadc@group-A0934D54B14C: ConfigurationManager, init=-1: [f0d18f37-c034-4e65-b036-926f7b7a2e40|rpc:10.1.0.43:45755|priority:0, 1514860f-d988-4646-88fa-884730dadadc|rpc:10.1.0.43:42983|priority:0, 41bce2b3-bc14-4594-98d7-18715bf094e4|rpc:10.1.0.43:36265|priority:1], old=null, confs=<EMPTY_MAP>
2021-06-11 19:07:09,448 [pool-432-thread-1] INFO  server.RaftServerConfigKeys (ConfUtils.java:logGet(44)) - raft.server.storage.dir = [/home/runner/work/ozone/ozone/mnt/ozone/hadoop-ozone/integration-test/target/test-dir/MiniOzoneClusterImpl-7f30813a-d1ba-41a1-975d-e59f1b24795c/datanode-0/data/ratis] (custom)
2021-06-11 19:07:09,448 [pool-432-thread-1] INFO  server.RaftServerConfigKeys (ConfUtils.java:logGet(44)) - raft.server.log.corruption.policy = EXCEPTION (default)
2021-06-11 19:07:09,449 [pool-432-thread-1] INFO  storage.RaftStorageDirectory (RaftStorageDirectoryImpl.java:analyzeStorage(132)) - The storage directory /home/runner/work/ozone/ozone/mnt/ozone/hadoop-ozone/integration-test/target/test-dir/MiniOzoneClusterImpl-7f30813a-d1ba-41a1-975d-e59f1b24795c/datanode-0/data/ratis/da2b4bb3-8ca4-433a-a644-a0934d54b14c does not exist. Creating ...
2021-06-11 19:07:09,450 [pool-432-thread-1] INFO  storage.RaftStorageDirectory (RaftStorageDirectoryImpl.java:tryLock(215)) - Lock on /home/runner/work/ozone/ozone/mnt/ozone/hadoop-ozone/integration-test/target/test-dir/MiniOzoneClusterImpl-7f30813a-d1ba-41a1-975d-e59f1b24795c/datanode-0/data/ratis/da2b4bb3-8ca4-433a-a644-a0934d54b14c/in_use.lock acquired by nodename 18191@fv-az59-942
2021-06-11 19:07:09,450 [pool-432-thread-1] INFO  storage.RaftStorage (RaftStorageImpl.java:format(87)) - Storage directory /home/runner/work/ozone/ozone/mnt/ozone/hadoop-ozone/integration-test/target/test-dir/MiniOzoneClusterImpl-7f30813a-d1ba-41a1-975d-e59f1b24795c/datanode-0/data/ratis/da2b4bb3-8ca4-433a-a644-a0934d54b14c has been successfully formatted.
2021-06-11 19:07:09,451 [EventQueue-OpenPipelineForHealthyPipelineSafeModeRule] INFO  safemode.SCMSafeModeManager (HealthyPipelineSafeModeRule.java:process(124)) - SCM in safe mode. Healthy pipelines reported count is 0, required healthy pipeline reported count is 1
2021-06-11 19:07:09,452 [pool-432-thread-1] INFO  ratis.ContainerStateMachine (ContainerStateMachine.java:loadSnapshot(224)) - group-A0934D54B14C: The snapshot info is null. Setting the last applied indexto:(t:0, i:~)
2021-06-11 19:07:09,452 [pool-432-thread-1] INFO  server.RaftServerConfigKeys (ConfUtils.java:logGet(44)) - raft.server.notification.no-leader.timeout = 300000ms (custom)
2021-06-11 19:07:09,452 [pool-432-thread-1] INFO  server.RaftServerConfigKeys (ConfUtils.java:logGet(44)) - raft.server.log.use.memory = false (default)
2021-06-11 19:07:09,452 [pool-432-thread-1] INFO  server.RaftServerConfigKeys (ConfUtils.java:logGet(44)) - raft.server.log.purge.gap = 1000000 (custom)
2021-06-11 19:07:09,452 [pool-432-thread-1] INFO  server.RaftServerConfigKeys (ConfUtils.java:logGet(44)) - raft.server.log.appender.buffer.byte-limit = 33554432 (custom)
2021-06-11 19:07:09,452 [pool-432-thread-1] INFO  metrics.RatisMetrics (RatisMetrics.java:lambda$create$0(36)) - Creating Metrics Registry : ratis.log_worker.1514860f-d988-4646-88fa-884730dadadc@group-A0934D54B14C
2021-06-11 19:07:09,452 [pool-432-thread-1] INFO  server.RaftServerConfigKeys (ConfUtils.java:logGet(44)) - raft.server.log.segment.size.max = 1048576 (custom)
2021-06-11 19:07:09,453 [pool-432-thread-1] INFO  server.RaftServerConfigKeys (ConfUtils.java:logGet(44)) - raft.server.log.segment.cache.num.max = 2 (custom)
2021-06-11 19:07:09,453 [pool-432-thread-1] INFO  server.RaftServerConfigKeys (ConfUtils.java:logGet(44)) - raft.server.log.segment.cache.size.max = 200MB (=209715200) (default)
2021-06-11 19:07:09,453 [pool-432-thread-1] INFO  segmented.SegmentedRaftLogWorker (SegmentedRaftLogWorker.java:<init>(182)) - new 1514860f-d988-4646-88fa-884730dadadc@group-A0934D54B14C-SegmentedRaftLogWorker for RaftStorageImpl:Storage Directory /home/runner/work/ozone/ozone/mnt/ozone/hadoop-ozone/integration-test/target/test-dir/MiniOzoneClusterImpl-7f30813a-d1ba-41a1-975d-e59f1b24795c/datanode-0/data/ratis/da2b4bb3-8ca4-433a-a644-a0934d54b14c
2021-06-11 19:07:09,453 [pool-432-thread-1] INFO  server.RaftServerConfigKeys (ConfUtils.java:logGet(44)) - raft.server.log.queue.byte-limit = 2147483647 (custom)
2021-06-11 19:07:09,453 [pool-432-thread-1] INFO  server.RaftServerConfigKeys (ConfUtils.java:logGet(44)) - raft.server.log.queue.element-limit = 1024 (custom)
2021-06-11 19:07:09,453 [pool-432-thread-1] INFO  server.RaftServerConfigKeys (ConfUtils.java:logGet(44)) - raft.server.log.segment.size.max = 1048576 (custom)
2021-06-11 19:07:09,453 [pool-432-thread-1] INFO  server.RaftServerConfigKeys (ConfUtils.java:logGet(44)) - raft.server.log.preallocated.size = 16384 (custom)
2021-06-11 19:07:09,453 [pool-432-thread-1] INFO  server.RaftServerConfigKeys (ConfUtils.java:logGet(44)) - raft.server.log.force.sync.num = 128 (default)
2021-06-11 19:07:09,453 [pool-432-thread-1] INFO  server.RaftServerConfigKeys (ConfUtils.java:logGet(44)) - raft.server.log.statemachine.data.sync = true (default)
2021-06-11 19:07:09,453 [pool-432-thread-1] INFO  server.RaftServerConfigKeys (ConfUtils.java:logGet(44)) - raft.server.log.statemachine.data.sync.timeout = 10s (default)
2021-06-11 19:07:09,453 [pool-432-thread-1] INFO  server.RaftServerConfigKeys (ConfUtils.java:logGet(44)) - raft.server.log.statemachine.data.sync.timeout.retry = -1 (default)
2021-06-11 19:07:09,454 [pool-432-thread-1] INFO  server.RaftServerConfigKeys (ConfUtils.java:logGet(44)) - raft.server.log.write.buffer.size = 1048576 (custom)
2021-06-11 19:07:09,454 [pool-432-thread-1] INFO  server.RaftServerConfigKeys (ConfUtils.java:logGet(44)) - raft.server.log.statemachine.data.caching.enabled = true (custom)
2021-06-11 19:07:09,454 [pool-432-thread-1] INFO  segmented.SegmentedRaftLogWorker (SegmentedRaftLogWorker.java:lambda$new$0(133)) - 1514860f-d988-4646-88fa-884730dadadc@group-A0934D54B14C-SegmentedRaftLogWorker: flushIndex: setUnconditionally 0 -> -1
2021-06-11 19:07:09,454 [pool-432-thread-1] INFO  segmented.SegmentedRaftLogWorker (SegmentedRaftLogWorker.java:lambda$new$0(133)) - 1514860f-d988-4646-88fa-884730dadadc@group-A0934D54B14C-SegmentedRaftLogWorker: safeCacheEvictIndex: setUnconditionally 0 -> -1
2021-06-11 19:07:09,455 [pool-432-thread-1] INFO  server.RaftServerConfigKeys (ConfUtils.java:logGet(44)) - raft.server.snapshot.auto.trigger.enabled = true (custom)
2021-06-11 19:07:09,455 [pool-432-thread-1] INFO  server.RaftServerConfigKeys (ConfUtils.java:logGet(44)) - raft.server.snapshot.auto.trigger.threshold = 10000 (custom)
2021-06-11 19:07:09,455 [pool-432-thread-1] INFO  server.RaftServerConfigKeys (ConfUtils.java:logGet(44)) - raft.server.snapshot.retention.file.num = 5 (custom)
2021-06-11 19:07:09,455 [pool-432-thread-1] INFO  server.RaftServerConfigKeys (ConfUtils.java:logGet(44)) - raft.server.log.purge.upto.snapshot.index = false (default)
2021-06-11 19:07:09,455 [pool-432-thread-1] INFO  server.RaftServerConfigKeys (ConfUtils.java:logGet(44)) - raft.server.retrycache.expirytime = 600000ms (custom)
2021-06-11 19:07:09,455 [pool-432-thread-1] INFO  server.RaftServerConfigKeys (ConfUtils.java:logGet(44)) - raft.server.retrycache.statistics.expirytime = 100μs (default)
2021-06-11 19:07:09,455 [pool-432-thread-1] INFO  metrics.RatisMetrics (RatisMetrics.java:lambda$create$0(36)) - Creating Metrics Registry : ratis.leader_election.1514860f-d988-4646-88fa-884730dadadc@group-A0934D54B14C
2021-06-11 19:07:09,455 [pool-432-thread-1] INFO  metrics.RatisMetrics (RatisMetrics.java:lambda$create$0(36)) - Creating Metrics Registry : ratis.server.1514860f-d988-4646-88fa-884730dadadc@group-A0934D54B14C
2021-06-11 19:07:09,456 [pool-432-thread-1] INFO  server.RaftServer$Division (RaftServerImpl.java:start(295)) - 1514860f-d988-4646-88fa-884730dadadc@group-A0934D54B14C: start as a follower, conf=-1: [f0d18f37-c034-4e65-b036-926f7b7a2e40|rpc:10.1.0.43:45755|priority:0, 1514860f-d988-4646-88fa-884730dadadc|rpc:10.1.0.43:42983|priority:0, 41bce2b3-bc14-4594-98d7-18715bf094e4|rpc:10.1.0.43:36265|priority:1], old=null
2021-06-11 19:07:09,456 [pool-432-thread-1] INFO  server.RaftServer$Division (RaftServerImpl.java:setRole(284)) - 1514860f-d988-4646-88fa-884730dadadc@group-A0934D54B14C: changes role from      null to FOLLOWER at term 0 for startAsFollower
2021-06-11 19:07:09,456 [pool-432-thread-1] INFO  impl.RoleInfo (RoleInfo.java:updateAndGet(130)) - 1514860f-d988-4646-88fa-884730dadadc: start 1514860f-d988-4646-88fa-884730dadadc@group-A0934D54B14C-FollowerState
2021-06-11 19:07:09,457 [pool-432-thread-1] INFO  util.JmxRegister (JmxRegister.java:tryRegister(44)) - Successfully registered JMX Bean with object name Ratis:service=RaftServer,group=group-A0934D54B14C,id=1514860f-d988-4646-88fa-884730dadadc
2021-06-11 19:07:09,457 [pool-432-thread-1] INFO  metrics.RatisMetrics (RatisMetrics.java:lambda$create$0(36)) - Creating Metrics Registry : ratis.state_machine.1514860f-d988-4646-88fa-884730dadadc@group-A0934D54B14C
2021-06-11 19:07:09,457 [Command processor thread] INFO  ratis.XceiverServerRatis (XceiverServerRatis.java:addGroup(808)) - Created group PipelineID=da2b4bb3-8ca4-433a-a644-a0934d54b14c
2021-06-11 19:07:09,458 [Command processor thread] INFO  metrics.RatisMetrics (RatisMetrics.java:lambda$create$0(36)) - Creating Metrics Registry : ratis.client_message_metrics.client-978550784235->41bce2b3-bc14-4594-98d7-18715bf094e4
2021-06-11 19:07:09,468 [grpc-default-executor-1] INFO  server.RaftServer (RaftServerProxy.java:addNew(95)) - 41bce2b3-bc14-4594-98d7-18715bf094e4: addNew group-A0934D54B14C:[f0d18f37-c034-4e65-b036-926f7b7a2e40|rpc:10.1.0.43:45755|dataStream:|priority:0, 1514860f-d988-4646-88fa-884730dadadc|rpc:10.1.0.43:42983|dataStream:|priority:0, 41bce2b3-bc14-4594-98d7-18715bf094e4|rpc:10.1.0.43:36265|dataStream:|priority:1] returns group-A0934D54B14C:java.util.concurrent.CompletableFuture@f3c8f5e[Not completed]
2021-06-11 19:07:09,469 [pool-468-thread-1] INFO  server.RaftServer$Division (RaftServerImpl.java:<init>(180)) - 41bce2b3-bc14-4594-98d7-18715bf094e4: new RaftServerImpl for group-A0934D54B14C:[f0d18f37-c034-4e65-b036-926f7b7a2e40|rpc:10.1.0.43:45755|dataStream:|priority:0, 1514860f-d988-4646-88fa-884730dadadc|rpc:10.1.0.43:42983|dataStream:|priority:0, 41bce2b3-bc14-4594-98d7-18715bf094e4|rpc:10.1.0.43:36265|dataStream:|priority:1] with ContainerStateMachine:uninitialized
2021-06-11 19:07:09,469 [pool-468-thread-1] INFO  server.RaftServerConfigKeys (ConfUtils.java:logGet(44)) - raft.server.rpc.timeout.min = 5s (custom)
2021-06-11 19:07:09,469 [pool-468-thread-1] INFO  server.RaftServerConfigKeys (ConfUtils.java:logGet(44)) - raft.server.rpc.timeout.max = 5200ms (custom)
2021-06-11 19:07:09,469 [pool-468-thread-1] INFO  server.RaftServerConfigKeys (ConfUtils.java:logGet(44)) - raft.server.rpc.sleep.time = 25ms (default)
2021-06-11 19:07:09,469 [pool-468-thread-1] INFO  server.RaftServerConfigKeys (ConfUtils.java:logGet(44)) - raft.server.rpc.slowness.timeout = 300000ms (custom)
2021-06-11 19:07:09,469 [pool-468-thread-1] INFO  server.RaftServerConfigKeys (ConfUtils.java:logGet(44)) - raft.server.leaderelection.leader.step-down.wait-time = 10s (default)
2021-06-11 19:07:09,469 [pool-468-thread-1] INFO  server.RaftServerConfigKeys (ConfUtils.java:logGet(44)) - raft.server.sleep.deviation.threshold = 300ms (default)
2021-06-11 19:07:09,469 [pool-468-thread-1] INFO  server.RaftServerConfigKeys (ConfUtils.java:logGet(44)) - raft.server.log.appender.install.snapshot.enabled = false (custom)
2021-06-11 19:07:09,469 [pool-468-thread-1] INFO  server.RaftServer$Division (ServerState.java:<init>(105)) - 41bce2b3-bc14-4594-98d7-18715bf094e4@group-A0934D54B14C: ConfigurationManager, init=-1: [f0d18f37-c034-4e65-b036-926f7b7a2e40|rpc:10.1.0.43:45755|dataStream:|priority:0, 1514860f-d988-4646-88fa-884730dadadc|rpc:10.1.0.43:42983|dataStream:|priority:0, 41bce2b3-bc14-4594-98d7-18715bf094e4|rpc:10.1.0.43:36265|dataStream:|priority:1], old=null, confs=<EMPTY_MAP>
2021-06-11 19:07:09,469 [pool-468-thread-1] INFO  server.RaftServerConfigKeys (ConfUtils.java:logGet(44)) - raft.server.storage.dir = [/home/runner/work/ozone/ozone/mnt/ozone/hadoop-ozone/integration-test/target/test-dir/MiniOzoneClusterImpl-7f30813a-d1ba-41a1-975d-e59f1b24795c/datanode-2/data/ratis] (custom)
2021-06-11 19:07:09,469 [pool-468-thread-1] INFO  server.RaftServerConfigKeys (ConfUtils.java:logGet(44)) - raft.server.log.corruption.policy = EXCEPTION (default)
2021-06-11 19:07:09,469 [pool-468-thread-1] INFO  storage.RaftStorageDirectory (RaftStorageDirectoryImpl.java:analyzeStorage(132)) - The storage directory /home/runner/work/ozone/ozone/mnt/ozone/hadoop-ozone/integration-test/target/test-dir/MiniOzoneClusterImpl-7f30813a-d1ba-41a1-975d-e59f1b24795c/datanode-2/data/ratis/da2b4bb3-8ca4-433a-a644-a0934d54b14c does not exist. Creating ...
2021-06-11 19:07:09,470 [pool-468-thread-1] INFO  storage.RaftStorageDirectory (RaftStorageDirectoryImpl.java:tryLock(215)) - Lock on /home/runner/work/ozone/ozone/mnt/ozone/hadoop-ozone/integration-test/target/test-dir/MiniOzoneClusterImpl-7f30813a-d1ba-41a1-975d-e59f1b24795c/datanode-2/data/ratis/da2b4bb3-8ca4-433a-a644-a0934d54b14c/in_use.lock acquired by nodename 18191@fv-az59-942
2021-06-11 19:07:09,471 [pool-468-thread-1] INFO  storage.RaftStorage (RaftStorageImpl.java:format(87)) - Storage directory /home/runner/work/ozone/ozone/mnt/ozone/hadoop-ozone/integration-test/target/test-dir/MiniOzoneClusterImpl-7f30813a-d1ba-41a1-975d-e59f1b24795c/datanode-2/data/ratis/da2b4bb3-8ca4-433a-a644-a0934d54b14c has been successfully formatted.
2021-06-11 19:07:09,472 [pool-468-thread-1] INFO  ratis.ContainerStateMachine (ContainerStateMachine.java:loadSnapshot(224)) - group-A0934D54B14C: The snapshot info is null. Setting the last applied indexto:(t:0, i:~)
2021-06-11 19:07:09,472 [pool-468-thread-1] INFO  server.RaftServerConfigKeys (ConfUtils.java:logGet(44)) - raft.server.notification.no-leader.timeout = 300000ms (custom)
2021-06-11 19:07:09,472 [pool-468-thread-1] INFO  server.RaftServerConfigKeys (ConfUtils.java:logGet(44)) - raft.server.log.use.memory = false (default)
2021-06-11 19:07:09,472 [pool-468-thread-1] INFO  server.RaftServerConfigKeys (ConfUtils.java:logGet(44)) - raft.server.log.purge.gap = 1000000 (custom)
2021-06-11 19:07:09,472 [pool-468-thread-1] INFO  server.RaftServerConfigKeys (ConfUtils.java:logGet(44)) - raft.server.log.appender.buffer.byte-limit = 33554432 (custom)
2021-06-11 19:07:09,472 [pool-468-thread-1] INFO  metrics.RatisMetrics (RatisMetrics.java:lambda$create$0(36)) - Creating Metrics Registry : ratis.log_worker.41bce2b3-bc14-4594-98d7-18715bf094e4@group-A0934D54B14C
2021-06-11 19:07:09,473 [pool-468-thread-1] INFO  server.RaftServerConfigKeys (ConfUtils.java:logGet(44)) - raft.server.log.segment.size.max = 1048576 (custom)
2021-06-11 19:07:09,473 [pool-468-thread-1] INFO  server.RaftServerConfigKeys (ConfUtils.java:logGet(44)) - raft.server.log.segment.cache.num.max = 2 (custom)
2021-06-11 19:07:09,473 [pool-468-thread-1] INFO  server.RaftServerConfigKeys (ConfUtils.java:logGet(44)) - raft.server.log.segment.cache.size.max = 200MB (=209715200) (default)
2021-06-11 19:07:09,473 [pool-468-thread-1] INFO  segmented.SegmentedRaftLogWorker (SegmentedRaftLogWorker.java:<init>(182)) - new 41bce2b3-bc14-4594-98d7-18715bf094e4@group-A0934D54B14C-SegmentedRaftLogWorker for RaftStorageImpl:Storage Directory /home/runner/work/ozone/ozone/mnt/ozone/hadoop-ozone/integration-test/target/test-dir/MiniOzoneClusterImpl-7f30813a-d1ba-41a1-975d-e59f1b24795c/datanode-2/data/ratis/da2b4bb3-8ca4-433a-a644-a0934d54b14c
2021-06-11 19:07:09,473 [pool-468-thread-1] INFO  server.RaftServerConfigKeys (ConfUtils.java:logGet(44)) - raft.server.log.queue.byte-limit = 2147483647 (custom)
2021-06-11 19:07:09,473 [pool-468-thread-1] INFO  server.RaftServerConfigKeys (ConfUtils.java:logGet(44)) - raft.server.log.queue.element-limit = 1024 (custom)
2021-06-11 19:07:09,473 [pool-468-thread-1] INFO  server.RaftServerConfigKeys (ConfUtils.java:logGet(44)) - raft.server.log.segment.size.max = 1048576 (custom)
2021-06-11 19:07:09,473 [pool-468-thread-1] INFO  server.RaftServerConfigKeys (ConfUtils.java:logGet(44)) - raft.server.log.preallocated.size = 16384 (custom)
2021-06-11 19:07:09,473 [pool-468-thread-1] INFO  server.RaftServerConfigKeys (ConfUtils.java:logGet(44)) - raft.server.log.force.sync.num = 128 (default)
2021-06-11 19:07:09,473 [pool-468-thread-1] INFO  server.RaftServerConfigKeys (ConfUtils.java:logGet(44)) - raft.server.log.statemachine.data.sync = true (default)
2021-06-11 19:07:09,474 [pool-468-thread-1] INFO  server.RaftServerConfigKeys (ConfUtils.java:logGet(44)) - raft.server.log.statemachine.data.sync.timeout = 10s (default)
2021-06-11 19:07:09,474 [pool-468-thread-1] INFO  server.RaftServerConfigKeys (ConfUtils.java:logGet(44)) - raft.server.log.statemachine.data.sync.timeout.retry = -1 (default)
2021-06-11 19:07:09,474 [pool-468-thread-1] INFO  server.RaftServerConfigKeys (ConfUtils.java:logGet(44)) - raft.server.log.write.buffer.size = 1048576 (custom)
2021-06-11 19:07:09,475 [pool-468-thread-1] INFO  server.RaftServerConfigKeys (ConfUtils.java:logGet(44)) - raft.server.log.statemachine.data.caching.enabled = true (custom)
2021-06-11 19:07:09,475 [pool-468-thread-1] INFO  segmented.SegmentedRaftLogWorker (SegmentedRaftLogWorker.java:lambda$new$0(133)) - 41bce2b3-bc14-4594-98d7-18715bf094e4@group-A0934D54B14C-SegmentedRaftLogWorker: flushIndex: setUnconditionally 0 -> -1
2021-06-11 19:07:09,475 [pool-468-thread-1] INFO  segmented.SegmentedRaftLogWorker (SegmentedRaftLogWorker.java:lambda$new$0(133)) - 41bce2b3-bc14-4594-98d7-18715bf094e4@group-A0934D54B14C-SegmentedRaftLogWorker: safeCacheEvictIndex: setUnconditionally 0 -> -1
2021-06-11 19:07:09,480 [Command processor thread] INFO  server.RaftServer (RaftServerProxy.java:addNew(95)) - f0d18f37-c034-4e65-b036-926f7b7a2e40: addNew group-0DD81035E5C7:[f0d18f37-c034-4e65-b036-926f7b7a2e40|rpc:10.1.0.43:45755|priority:1] returns group-0DD81035E5C7:java.util.concurrent.CompletableFuture@1db6a7cd[Not completed]
2021-06-11 19:07:09,480 [pool-468-thread-1] INFO  server.RaftServerConfigKeys (ConfUtils.java:logGet(44)) - raft.server.snapshot.auto.trigger.enabled = true (custom)
2021-06-11 19:07:09,480 [pool-468-thread-1] INFO  server.RaftServerConfigKeys (ConfUtils.java:logGet(44)) - raft.server.snapshot.auto.trigger.threshold = 10000 (custom)
2021-06-11 19:07:09,480 [pool-468-thread-1] INFO  server.RaftServerConfigKeys (ConfUtils.java:logGet(44)) - raft.server.snapshot.retention.file.num = 5 (custom)
2021-06-11 19:07:09,480 [pool-468-thread-1] INFO  server.RaftServerConfigKeys (ConfUtils.java:logGet(44)) - raft.server.log.purge.upto.snapshot.index = false (default)
2021-06-11 19:07:09,480 [pool-468-thread-1] INFO  server.RaftServerConfigKeys (ConfUtils.java:logGet(44)) - raft.server.retrycache.expirytime = 600000ms (custom)
2021-06-11 19:07:09,480 [pool-450-thread-1] INFO  server.RaftServer$Division (RaftServerImpl.java:<init>(180)) - f0d18f37-c034-4e65-b036-926f7b7a2e40: new RaftServerImpl for group-0DD81035E5C7:[f0d18f37-c034-4e65-b036-926f7b7a2e40|rpc:10.1.0.43:45755|priority:1] with ContainerStateMachine:uninitialized
2021-06-11 19:07:09,480 [pool-468-thread-1] INFO  server.RaftServerConfigKeys (ConfUtils.java:logGet(44)) - raft.server.retrycache.statistics.expirytime = 100μs (default)
2021-06-11 19:07:09,480 [pool-450-thread-1] INFO  server.RaftServerConfigKeys (ConfUtils.java:logGet(44)) - raft.server.rpc.timeout.min = 5s (custom)
2021-06-11 19:07:09,480 [pool-468-thread-1] INFO  metrics.RatisMetrics (RatisMetrics.java:lambda$create$0(36)) - Creating Metrics Registry : ratis.leader_election.41bce2b3-bc14-4594-98d7-18715bf094e4@group-A0934D54B14C
2021-06-11 19:07:09,480 [pool-450-thread-1] INFO  server.RaftServerConfigKeys (ConfUtils.java:logGet(44)) - raft.server.rpc.timeout.max = 5200ms (custom)
2021-06-11 19:07:09,481 [pool-450-thread-1] INFO  server.RaftServerConfigKeys (ConfUtils.java:logGet(44)) - raft.server.rpc.sleep.time = 25ms (default)
2021-06-11 19:07:09,481 [pool-450-thread-1] INFO  server.RaftServerConfigKeys (ConfUtils.java:logGet(44)) - raft.server.rpc.slowness.timeout = 300000ms (custom)
2021-06-11 19:07:09,481 [pool-450-thread-1] INFO  server.RaftServerConfigKeys (ConfUtils.java:logGet(44)) - raft.server.leaderelection.leader.step-down.wait-time = 10s (default)
2021-06-11 19:07:09,481 [pool-450-thread-1] INFO  server.RaftServerConfigKeys (ConfUtils.java:logGet(44)) - raft.server.sleep.deviation.threshold = 300ms (default)
2021-06-11 19:07:09,481 [pool-450-thread-1] INFO  server.RaftServerConfigKeys (ConfUtils.java:logGet(44)) - raft.server.log.appender.install.snapshot.enabled = false (custom)
2021-06-11 19:07:09,481 [pool-450-thread-1] INFO  server.RaftServer$Division (ServerState.java:<init>(105)) - f0d18f37-c034-4e65-b036-926f7b7a2e40@group-0DD81035E5C7: ConfigurationManager, init=-1: [f0d18f37-c034-4e65-b036-926f7b7a2e40|rpc:10.1.0.43:45755|priority:1], old=null, confs=<EMPTY_MAP>
2021-06-11 19:07:09,481 [pool-450-thread-1] INFO  server.RaftServerConfigKeys (ConfUtils.java:logGet(44)) - raft.server.storage.dir = [/home/runner/work/ozone/ozone/mnt/ozone/hadoop-ozone/integration-test/target/test-dir/MiniOzoneClusterImpl-7f30813a-d1ba-41a1-975d-e59f1b24795c/datanode-1/data/ratis] (custom)
2021-06-11 19:07:09,481 [pool-468-thread-1] INFO  metrics.RatisMetrics (RatisMetrics.java:lambda$create$0(36)) - Creating Metrics Registry : ratis.server.41bce2b3-bc14-4594-98d7-18715bf094e4@group-A0934D54B14C
2021-06-11 19:07:09,481 [pool-450-thread-1] INFO  server.RaftServerConfigKeys (ConfUtils.java:logGet(44)) - raft.server.log.corruption.policy = EXCEPTION (default)
2021-06-11 19:07:09,481 [pool-450-thread-1] INFO  storage.RaftStorageDirectory (RaftStorageDirectoryImpl.java:analyzeStorage(132)) - The storage directory /home/runner/work/ozone/ozone/mnt/ozone/hadoop-ozone/integration-test/target/test-dir/MiniOzoneClusterImpl-7f30813a-d1ba-41a1-975d-e59f1b24795c/datanode-1/data/ratis/4ae1362b-feaf-4634-adb0-0dd81035e5c7 does not exist. Creating ...
2021-06-11 19:07:09,482 [pool-468-thread-1] INFO  server.RaftServer$Division (RaftServerImpl.java:start(295)) - 41bce2b3-bc14-4594-98d7-18715bf094e4@group-A0934D54B14C: start as a follower, conf=-1: [f0d18f37-c034-4e65-b036-926f7b7a2e40|rpc:10.1.0.43:45755|dataStream:|priority:0, 1514860f-d988-4646-88fa-884730dadadc|rpc:10.1.0.43:42983|dataStream:|priority:0, 41bce2b3-bc14-4594-98d7-18715bf094e4|rpc:10.1.0.43:36265|dataStream:|priority:1], old=null
2021-06-11 19:07:09,482 [pool-450-thread-1] INFO  storage.RaftStorageDirectory (RaftStorageDirectoryImpl.java:tryLock(215)) - Lock on /home/runner/work/ozone/ozone/mnt/ozone/hadoop-ozone/integration-test/target/test-dir/MiniOzoneClusterImpl-7f30813a-d1ba-41a1-975d-e59f1b24795c/datanode-1/data/ratis/4ae1362b-feaf-4634-adb0-0dd81035e5c7/in_use.lock acquired by nodename 18191@fv-az59-942
2021-06-11 19:07:09,483 [pool-468-thread-1] INFO  server.RaftServer$Division (RaftServerImpl.java:setRole(284)) - 41bce2b3-bc14-4594-98d7-18715bf094e4@group-A0934D54B14C: changes role from      null to FOLLOWER at term 0 for startAsFollower
2021-06-11 19:07:09,484 [pool-468-thread-1] INFO  impl.RoleInfo (RoleInfo.java:updateAndGet(130)) - 41bce2b3-bc14-4594-98d7-18715bf094e4: start 41bce2b3-bc14-4594-98d7-18715bf094e4@group-A0934D54B14C-FollowerState
2021-06-11 19:07:09,484 [pool-468-thread-1] INFO  util.JmxRegister (JmxRegister.java:tryRegister(44)) - Successfully registered JMX Bean with object name Ratis:service=RaftServer,group=group-A0934D54B14C,id=41bce2b3-bc14-4594-98d7-18715bf094e4
2021-06-11 19:07:09,484 [pool-468-thread-1] INFO  metrics.RatisMetrics (RatisMetrics.java:lambda$create$0(36)) - Creating Metrics Registry : ratis.state_machine.41bce2b3-bc14-4594-98d7-18715bf094e4@group-A0934D54B14C
2021-06-11 19:07:09,484 [pool-450-thread-1] INFO  storage.RaftStorage (RaftStorageImpl.java:format(87)) - Storage directory /home/runner/work/ozone/ozone/mnt/ozone/hadoop-ozone/integration-test/target/test-dir/MiniOzoneClusterImpl-7f30813a-d1ba-41a1-975d-e59f1b24795c/datanode-1/data/ratis/4ae1362b-feaf-4634-adb0-0dd81035e5c7 has been successfully formatted.
2021-06-11 19:07:09,485 [pool-450-thread-1] INFO  ratis.ContainerStateMachine (ContainerStateMachine.java:loadSnapshot(224)) - group-0DD81035E5C7: The snapshot info is null. Setting the last applied indexto:(t:0, i:~)
2021-06-11 19:07:09,485 [pool-450-thread-1] INFO  server.RaftServerConfigKeys (ConfUtils.java:logGet(44)) - raft.server.notification.no-leader.timeout = 300000ms (custom)
2021-06-11 19:07:09,485 [pool-450-thread-1] INFO  server.RaftServerConfigKeys (ConfUtils.java:logGet(44)) - raft.server.log.use.memory = false (default)
2021-06-11 19:07:09,485 [pool-450-thread-1] INFO  server.RaftServerConfigKeys (ConfUtils.java:logGet(44)) - raft.server.log.purge.gap = 1000000 (custom)
2021-06-11 19:07:09,485 [pool-450-thread-1] INFO  server.RaftServerConfigKeys (ConfUtils.java:logGet(44)) - raft.server.log.appender.buffer.byte-limit = 33554432 (custom)
2021-06-11 19:07:09,485 [pool-450-thread-1] INFO  metrics.RatisMetrics (RatisMetrics.java:lambda$create$0(36)) - Creating Metrics Registry : ratis.log_worker.f0d18f37-c034-4e65-b036-926f7b7a2e40@group-0DD81035E5C7
2021-06-11 19:07:09,485 [pool-450-thread-1] INFO  server.RaftServerConfigKeys (ConfUtils.java:logGet(44)) - raft.server.log.segment.size.max = 1048576 (custom)
2021-06-11 19:07:09,485 [pool-450-thread-1] INFO  server.RaftServerConfigKeys (ConfUtils.java:logGet(44)) - raft.server.log.segment.cache.num.max = 2 (custom)
2021-06-11 19:07:09,485 [pool-450-thread-1] INFO  server.RaftServerConfigKeys (ConfUtils.java:logGet(44)) - raft.server.log.segment.cache.size.max = 200MB (=209715200) (default)
2021-06-11 19:07:09,485 [pool-450-thread-1] INFO  segmented.SegmentedRaftLogWorker (SegmentedRaftLogWorker.java:<init>(182)) - new f0d18f37-c034-4e65-b036-926f7b7a2e40@group-0DD81035E5C7-SegmentedRaftLogWorker for RaftStorageImpl:Storage Directory /home/runner/work/ozone/ozone/mnt/ozone/hadoop-ozone/integration-test/target/test-dir/MiniOzoneClusterImpl-7f30813a-d1ba-41a1-975d-e59f1b24795c/datanode-1/data/ratis/4ae1362b-feaf-4634-adb0-0dd81035e5c7
2021-06-11 19:07:09,485 [pool-450-thread-1] INFO  server.RaftServerConfigKeys (ConfUtils.java:logGet(44)) - raft.server.log.queue.byte-limit = 2147483647 (custom)
2021-06-11 19:07:09,485 [pool-450-thread-1] INFO  server.RaftServerConfigKeys (ConfUtils.java:logGet(44)) - raft.server.log.queue.element-limit = 1024 (custom)
2021-06-11 19:07:09,486 [pool-450-thread-1] INFO  server.RaftServerConfigKeys (ConfUtils.java:logGet(44)) - raft.server.log.segment.size.max = 1048576 (custom)
2021-06-11 19:07:09,486 [pool-450-thread-1] INFO  server.RaftServerConfigKeys (ConfUtils.java:logGet(44)) - raft.server.log.preallocated.size = 16384 (custom)
2021-06-11 19:07:09,486 [pool-450-thread-1] INFO  server.RaftServerConfigKeys (ConfUtils.java:logGet(44)) - raft.server.log.force.sync.num = 128 (default)
2021-06-11 19:07:09,486 [pool-450-thread-1] INFO  server.RaftServerConfigKeys (ConfUtils.java:logGet(44)) - raft.server.log.statemachine.data.sync = true (default)
2021-06-11 19:07:09,486 [pool-450-thread-1] INFO  server.RaftServerConfigKeys (ConfUtils.java:logGet(44)) - raft.server.log.statemachine.data.sync.timeout = 10s (default)
2021-06-11 19:07:09,486 [pool-450-thread-1] INFO  server.RaftServerConfigKeys (ConfUtils.java:logGet(44)) - raft.server.log.statemachine.data.sync.timeout.retry = -1 (default)
2021-06-11 19:07:09,487 [pool-450-thread-1] INFO  server.RaftServerConfigKeys (ConfUtils.java:logGet(44)) - raft.server.log.write.buffer.size = 1048576 (custom)
2021-06-11 19:07:09,487 [pool-450-thread-1] INFO  server.RaftServerConfigKeys (ConfUtils.java:logGet(44)) - raft.server.log.statemachine.data.caching.enabled = true (custom)
2021-06-11 19:07:09,487 [pool-450-thread-1] INFO  segmented.SegmentedRaftLogWorker (SegmentedRaftLogWorker.java:lambda$new$0(133)) - f0d18f37-c034-4e65-b036-926f7b7a2e40@group-0DD81035E5C7-SegmentedRaftLogWorker: flushIndex: setUnconditionally 0 -> -1
2021-06-11 19:07:09,487 [pool-450-thread-1] INFO  segmented.SegmentedRaftLogWorker (SegmentedRaftLogWorker.java:lambda$new$0(133)) - f0d18f37-c034-4e65-b036-926f7b7a2e40@group-0DD81035E5C7-SegmentedRaftLogWorker: safeCacheEvictIndex: setUnconditionally 0 -> -1
2021-06-11 19:07:09,488 [pool-450-thread-1] INFO  server.RaftServerConfigKeys (ConfUtils.java:logGet(44)) - raft.server.snapshot.auto.trigger.enabled = true (custom)
2021-06-11 19:07:09,488 [pool-450-thread-1] INFO  server.RaftServerConfigKeys (ConfUtils.java:logGet(44)) - raft.server.snapshot.auto.trigger.threshold = 10000 (custom)
2021-06-11 19:07:09,488 [pool-450-thread-1] INFO  server.RaftServerConfigKeys (ConfUtils.java:logGet(44)) - raft.server.snapshot.retention.file.num = 5 (custom)
2021-06-11 19:07:09,488 [pool-450-thread-1] INFO  server.RaftServerConfigKeys (ConfUtils.java:logGet(44)) - raft.server.log.purge.upto.snapshot.index = false (default)
2021-06-11 19:07:09,489 [pool-450-thread-1] INFO  server.RaftServerConfigKeys (ConfUtils.java:logGet(44)) - raft.server.retrycache.expirytime = 600000ms (custom)
2021-06-11 19:07:09,489 [pool-450-thread-1] INFO  server.RaftServerConfigKeys (ConfUtils.java:logGet(44)) - raft.server.retrycache.statistics.expirytime = 100μs (default)
2021-06-11 19:07:09,489 [pool-450-thread-1] INFO  metrics.RatisMetrics (RatisMetrics.java:lambda$create$0(36)) - Creating Metrics Registry : ratis.leader_election.f0d18f37-c034-4e65-b036-926f7b7a2e40@group-0DD81035E5C7
2021-06-11 19:07:09,489 [pool-450-thread-1] INFO  metrics.RatisMetrics (RatisMetrics.java:lambda$create$0(36)) - Creating Metrics Registry : ratis.server.f0d18f37-c034-4e65-b036-926f7b7a2e40@group-0DD81035E5C7
2021-06-11 19:07:09,490 [pool-450-thread-1] INFO  server.RaftServer$Division (RaftServerImpl.java:start(295)) - f0d18f37-c034-4e65-b036-926f7b7a2e40@group-0DD81035E5C7: start as a follower, conf=-1: [f0d18f37-c034-4e65-b036-926f7b7a2e40|rpc:10.1.0.43:45755|priority:1], old=null
2021-06-11 19:07:09,490 [pool-450-thread-1] INFO  server.RaftServer$Division (RaftServerImpl.java:setRole(284)) - f0d18f37-c034-4e65-b036-926f7b7a2e40@group-0DD81035E5C7: changes role from      null to FOLLOWER at term 0 for startAsFollower
2021-06-11 19:07:09,490 [pool-450-thread-1] INFO  impl.RoleInfo (RoleInfo.java:updateAndGet(130)) - f0d18f37-c034-4e65-b036-926f7b7a2e40: start f0d18f37-c034-4e65-b036-926f7b7a2e40@group-0DD81035E5C7-FollowerState
2021-06-11 19:07:09,490 [pool-450-thread-1] INFO  util.JmxRegister (JmxRegister.java:tryRegister(44)) - Successfully registered JMX Bean with object name Ratis:service=RaftServer,group=group-0DD81035E5C7,id=f0d18f37-c034-4e65-b036-926f7b7a2e40
2021-06-11 19:07:09,490 [pool-450-thread-1] INFO  metrics.RatisMetrics (RatisMetrics.java:lambda$create$0(36)) - Creating Metrics Registry : ratis.state_machine.f0d18f37-c034-4e65-b036-926f7b7a2e40@group-0DD81035E5C7
2021-06-11 19:07:09,491 [Command processor thread] INFO  ratis.XceiverServerRatis (XceiverServerRatis.java:addGroup(808)) - Created group PipelineID=4ae1362b-feaf-4634-adb0-0dd81035e5c7
2021-06-11 19:07:09,491 [Command processor thread] INFO  commandhandler.CreatePipelineCommandHandler (CreatePipelineCommandHandler.java:handle(106)) - Created Pipeline RATIS ONE PipelineID=4ae1362b-feaf-4634-adb0-0dd81035e5c7.
2021-06-11 19:07:09,491 [Command processor thread] INFO  server.RaftServer (RaftServerProxy.java:addNew(95)) - f0d18f37-c034-4e65-b036-926f7b7a2e40: addNew group-A0934D54B14C:[f0d18f37-c034-4e65-b036-926f7b7a2e40|rpc:10.1.0.43:45755|priority:0, 1514860f-d988-4646-88fa-884730dadadc|rpc:10.1.0.43:42983|priority:0, 41bce2b3-bc14-4594-98d7-18715bf094e4|rpc:10.1.0.43:36265|priority:1] returns group-A0934D54B14C:java.util.concurrent.CompletableFuture@13714a0b[Not completed]
2021-06-11 19:07:09,491 [EventQueue-PipelineReportForPipelineReportHandler] INFO  pipeline.PipelineManagerV2Impl (PipelineManagerV2Impl.java:openPipeline(270)) - Pipeline Pipeline[ Id: 4ae1362b-feaf-4634-adb0-0dd81035e5c7, Nodes: f0d18f37-c034-4e65-b036-926f7b7a2e40{ip: 10.1.0.43, host: fv-az59-942.csjynl4pkq3e1pkirw3ssqjfoh.cx.internal.cloudapp.net, ports: [REPLICATION=46009, RATIS=45755, RATIS_ADMIN=45755, RATIS_SERVER=45755, STANDALONE=39637], networkLocation: /default-rack, certSerialId: null, persistedOpState: IN_SERVICE, persistedOpStateExpiryEpochSec: 0}, ReplicationConfig: RATIS/ONE, State:ALLOCATED, leaderId:f0d18f37-c034-4e65-b036-926f7b7a2e40, CreationTimestamp2021-06-11T19:07:06.480Z] moved to OPEN state
2021-06-11 19:07:09,492 [pool-450-thread-1] INFO  server.RaftServer$Division (RaftServerImpl.java:<init>(180)) - f0d18f37-c034-4e65-b036-926f7b7a2e40: new RaftServerImpl for group-A0934D54B14C:[f0d18f37-c034-4e65-b036-926f7b7a2e40|rpc:10.1.0.43:45755|priority:0, 1514860f-d988-4646-88fa-884730dadadc|rpc:10.1.0.43:42983|priority:0, 41bce2b3-bc14-4594-98d7-18715bf094e4|rpc:10.1.0.43:36265|priority:1] with ContainerStateMachine:uninitialized
2021-06-11 19:07:09,492 [pool-450-thread-1] INFO  server.RaftServerConfigKeys (ConfUtils.java:logGet(44)) - raft.server.rpc.timeout.min = 5s (custom)
2021-06-11 19:07:09,492 [pool-450-thread-1] INFO  server.RaftServerConfigKeys (ConfUtils.java:logGet(44)) - raft.server.rpc.timeout.max = 5200ms (custom)
2021-06-11 19:07:09,492 [pool-450-thread-1] INFO  server.RaftServerConfigKeys (ConfUtils.java:logGet(44)) - raft.server.rpc.sleep.time = 25ms (default)
2021-06-11 19:07:09,492 [pool-450-thread-1] INFO  server.RaftServerConfigKeys (ConfUtils.java:logGet(44)) - raft.server.rpc.slowness.timeout = 300000ms (custom)
2021-06-11 19:07:09,492 [pool-450-thread-1] INFO  server.RaftServerConfigKeys (ConfUtils.java:logGet(44)) - raft.server.leaderelection.leader.step-down.wait-time = 10s (default)
2021-06-11 19:07:09,492 [pool-450-thread-1] INFO  server.RaftServerConfigKeys (ConfUtils.java:logGet(44)) - raft.server.sleep.deviation.threshold = 300ms (default)
2021-06-11 19:07:09,492 [pool-450-thread-1] INFO  server.RaftServerConfigKeys (ConfUtils.java:logGet(44)) - raft.server.log.appender.install.snapshot.enabled = false (custom)
2021-06-11 19:07:09,492 [pool-450-thread-1] INFO  server.RaftServer$Division (ServerState.java:<init>(105)) - f0d18f37-c034-4e65-b036-926f7b7a2e40@group-A0934D54B14C: ConfigurationManager, init=-1: [f0d18f37-c034-4e65-b036-926f7b7a2e40|rpc:10.1.0.43:45755|priority:0, 1514860f-d988-4646-88fa-884730dadadc|rpc:10.1.0.43:42983|priority:0, 41bce2b3-bc14-4594-98d7-18715bf094e4|rpc:10.1.0.43:36265|priority:1], old=null, confs=<EMPTY_MAP>
2021-06-11 19:07:09,492 [pool-450-thread-1] INFO  server.RaftServerConfigKeys (ConfUtils.java:logGet(44)) - raft.server.storage.dir = [/home/runner/work/ozone/ozone/mnt/ozone/hadoop-ozone/integration-test/target/test-dir/MiniOzoneClusterImpl-7f30813a-d1ba-41a1-975d-e59f1b24795c/datanode-1/data/ratis] (custom)
2021-06-11 19:07:09,493 [pool-450-thread-1] INFO  server.RaftServerConfigKeys (ConfUtils.java:logGet(44)) - raft.server.log.corruption.policy = EXCEPTION (default)
2021-06-11 19:07:09,493 [pool-450-thread-1] INFO  storage.RaftStorageDirectory (RaftStorageDirectoryImpl.java:analyzeStorage(132)) - The storage directory /home/runner/work/ozone/ozone/mnt/ozone/hadoop-ozone/integration-test/target/test-dir/MiniOzoneClusterImpl-7f30813a-d1ba-41a1-975d-e59f1b24795c/datanode-1/data/ratis/da2b4bb3-8ca4-433a-a644-a0934d54b14c does not exist. Creating ...
2021-06-11 19:07:09,493 [EventQueue-OpenPipelineForHealthyPipelineSafeModeRule] INFO  safemode.SCMSafeModeManager (HealthyPipelineSafeModeRule.java:process(124)) - SCM in safe mode. Healthy pipelines reported count is 0, required healthy pipeline reported count is 1
2021-06-11 19:07:09,495 [pool-450-thread-1] INFO  storage.RaftStorageDirectory (RaftStorageDirectoryImpl.java:tryLock(215)) - Lock on /home/runner/work/ozone/ozone/mnt/ozone/hadoop-ozone/integration-test/target/test-dir/MiniOzoneClusterImpl-7f30813a-d1ba-41a1-975d-e59f1b24795c/datanode-1/data/ratis/da2b4bb3-8ca4-433a-a644-a0934d54b14c/in_use.lock acquired by nodename 18191@fv-az59-942
2021-06-11 19:07:09,498 [pool-450-thread-1] INFO  storage.RaftStorage (RaftStorageImpl.java:format(87)) - Storage directory /home/runner/work/ozone/ozone/mnt/ozone/hadoop-ozone/integration-test/target/test-dir/MiniOzoneClusterImpl-7f30813a-d1ba-41a1-975d-e59f1b24795c/datanode-1/data/ratis/da2b4bb3-8ca4-433a-a644-a0934d54b14c has been successfully formatted.
2021-06-11 19:07:09,498 [pool-450-thread-1] INFO  ratis.ContainerStateMachine (ContainerStateMachine.java:loadSnapshot(224)) - group-A0934D54B14C: The snapshot info is null. Setting the last applied indexto:(t:0, i:~)
2021-06-11 19:07:09,498 [pool-450-thread-1] INFO  server.RaftServerConfigKeys (ConfUtils.java:logGet(44)) - raft.server.notification.no-leader.timeout = 300000ms (custom)
2021-06-11 19:07:09,498 [pool-450-thread-1] INFO  server.RaftServerConfigKeys (ConfUtils.java:logGet(44)) - raft.server.log.use.memory = false (default)
2021-06-11 19:07:09,498 [pool-450-thread-1] INFO  server.RaftServerConfigKeys (ConfUtils.java:logGet(44)) - raft.server.log.purge.gap = 1000000 (custom)
2021-06-11 19:07:09,498 [pool-450-thread-1] INFO  server.RaftServerConfigKeys (ConfUtils.java:logGet(44)) - raft.server.log.appender.buffer.byte-limit = 33554432 (custom)
2021-06-11 19:07:09,498 [pool-450-thread-1] INFO  metrics.RatisMetrics (RatisMetrics.java:lambda$create$0(36)) - Creating Metrics Registry : ratis.log_worker.f0d18f37-c034-4e65-b036-926f7b7a2e40@group-A0934D54B14C
2021-06-11 19:07:09,499 [pool-450-thread-1] INFO  server.RaftServerConfigKeys (ConfUtils.java:logGet(44)) - raft.server.log.segment.size.max = 1048576 (custom)
2021-06-11 19:07:09,499 [pool-450-thread-1] INFO  server.RaftServerConfigKeys (ConfUtils.java:logGet(44)) - raft.server.log.segment.cache.num.max = 2 (custom)
2021-06-11 19:07:09,499 [pool-450-thread-1] INFO  server.RaftServerConfigKeys (ConfUtils.java:logGet(44)) - raft.server.log.segment.cache.size.max = 200MB (=209715200) (default)
2021-06-11 19:07:09,499 [pool-450-thread-1] INFO  segmented.SegmentedRaftLogWorker (SegmentedRaftLogWorker.java:<init>(182)) - new f0d18f37-c034-4e65-b036-926f7b7a2e40@group-A0934D54B14C-SegmentedRaftLogWorker for RaftStorageImpl:Storage Directory /home/runner/work/ozone/ozone/mnt/ozone/hadoop-ozone/integration-test/target/test-dir/MiniOzoneClusterImpl-7f30813a-d1ba-41a1-975d-e59f1b24795c/datanode-1/data/ratis/da2b4bb3-8ca4-433a-a644-a0934d54b14c
2021-06-11 19:07:09,499 [pool-450-thread-1] INFO  server.RaftServerConfigKeys (ConfUtils.java:logGet(44)) - raft.server.log.queue.byte-limit = 2147483647 (custom)
2021-06-11 19:07:09,499 [pool-450-thread-1] INFO  server.RaftServerConfigKeys (ConfUtils.java:logGet(44)) - raft.server.log.queue.element-limit = 1024 (custom)
2021-06-11 19:07:09,499 [pool-450-thread-1] INFO  server.RaftServerConfigKeys (ConfUtils.java:logGet(44)) - raft.server.log.segment.size.max = 1048576 (custom)
2021-06-11 19:07:09,499 [pool-450-thread-1] INFO  server.RaftServerConfigKeys (ConfUtils.java:logGet(44)) - raft.server.log.preallocated.size = 16384 (custom)
2021-06-11 19:07:09,499 [pool-450-thread-1] INFO  server.RaftServerConfigKeys (ConfUtils.java:logGet(44)) - raft.server.log.force.sync.num = 128 (default)
2021-06-11 19:07:09,499 [pool-450-thread-1] INFO  server.RaftServerConfigKeys (ConfUtils.java:logGet(44)) - raft.server.log.statemachine.data.sync = true (default)
2021-06-11 19:07:09,499 [pool-450-thread-1] INFO  server.RaftServerConfigKeys (ConfUtils.java:logGet(44)) - raft.server.log.statemachine.data.sync.timeout = 10s (default)
2021-06-11 19:07:09,499 [pool-450-thread-1] INFO  server.RaftServerConfigKeys (ConfUtils.java:logGet(44)) - raft.server.log.statemachine.data.sync.timeout.retry = -1 (default)
2021-06-11 19:07:09,501 [Command processor thread] INFO  metrics.RatisMetrics (RatisMetrics.java:lambda$create$0(36)) - Creating Metrics Registry : ratis.client_message_metrics.client-8AB619DE1B8B->f0d18f37-c034-4e65-b036-926f7b7a2e40
2021-06-11 19:07:09,501 [EventQueue-OpenPipelineForHealthyPipelineSafeModeRule] INFO  safemode.SCMSafeModeManager (HealthyPipelineSafeModeRule.java:process(124)) - SCM in safe mode. Healthy pipelines reported count is 0, required healthy pipeline reported count is 1
2021-06-11 19:07:09,505 [pool-450-thread-1] INFO  server.RaftServerConfigKeys (ConfUtils.java:logGet(44)) - raft.server.log.write.buffer.size = 1048576 (custom)
2021-06-11 19:07:09,505 [pool-450-thread-1] INFO  server.RaftServerConfigKeys (ConfUtils.java:logGet(44)) - raft.server.log.statemachine.data.caching.enabled = true (custom)
2021-06-11 19:07:09,506 [pool-450-thread-1] INFO  segmented.SegmentedRaftLogWorker (SegmentedRaftLogWorker.java:lambda$new$0(133)) - f0d18f37-c034-4e65-b036-926f7b7a2e40@group-A0934D54B14C-SegmentedRaftLogWorker: flushIndex: setUnconditionally 0 -> -1
2021-06-11 19:07:09,506 [pool-450-thread-1] INFO  segmented.SegmentedRaftLogWorker (SegmentedRaftLogWorker.java:lambda$new$0(133)) - f0d18f37-c034-4e65-b036-926f7b7a2e40@group-A0934D54B14C-SegmentedRaftLogWorker: safeCacheEvictIndex: setUnconditionally 0 -> -1
2021-06-11 19:07:09,512 [pool-450-thread-1] INFO  server.RaftServerConfigKeys (ConfUtils.java:logGet(44)) - raft.server.snapshot.auto.trigger.enabled = true (custom)
2021-06-11 19:07:09,512 [pool-450-thread-1] INFO  server.RaftServerConfigKeys (ConfUtils.java:logGet(44)) - raft.server.snapshot.auto.trigger.threshold = 10000 (custom)
2021-06-11 19:07:09,512 [pool-450-thread-1] INFO  server.RaftServerConfigKeys (ConfUtils.java:logGet(44)) - raft.server.snapshot.retention.file.num = 5 (custom)
2021-06-11 19:07:09,512 [pool-450-thread-1] INFO  server.RaftServerConfigKeys (ConfUtils.java:logGet(44)) - raft.server.log.purge.upto.snapshot.index = false (default)
2021-06-11 19:07:09,512 [pool-450-thread-1] INFO  server.RaftServerConfigKeys (ConfUtils.java:logGet(44)) - raft.server.retrycache.expirytime = 600000ms (custom)
2021-06-11 19:07:09,512 [pool-450-thread-1] INFO  server.RaftServerConfigKeys (ConfUtils.java:logGet(44)) - raft.server.retrycache.statistics.expirytime = 100μs (default)
2021-06-11 19:07:09,523 [pool-450-thread-1] INFO  metrics.RatisMetrics (RatisMetrics.java:lambda$create$0(36)) - Creating Metrics Registry : ratis.leader_election.f0d18f37-c034-4e65-b036-926f7b7a2e40@group-A0934D54B14C
2021-06-11 19:07:09,523 [pool-450-thread-1] INFO  metrics.RatisMetrics (RatisMetrics.java:lambda$create$0(36)) - Creating Metrics Registry : ratis.server.f0d18f37-c034-4e65-b036-926f7b7a2e40@group-A0934D54B14C
2021-06-11 19:07:09,528 [pool-450-thread-1] INFO  server.RaftServer$Division (RaftServerImpl.java:start(295)) - f0d18f37-c034-4e65-b036-926f7b7a2e40@group-A0934D54B14C: start as a follower, conf=-1: [f0d18f37-c034-4e65-b036-926f7b7a2e40|rpc:10.1.0.43:45755|priority:0, 1514860f-d988-4646-88fa-884730dadadc|rpc:10.1.0.43:42983|priority:0, 41bce2b3-bc14-4594-98d7-18715bf094e4|rpc:10.1.0.43:36265|priority:1], old=null
2021-06-11 19:07:09,528 [pool-450-thread-1] INFO  server.RaftServer$Division (RaftServerImpl.java:setRole(284)) - f0d18f37-c034-4e65-b036-926f7b7a2e40@group-A0934D54B14C: changes role from      null to FOLLOWER at term 0 for startAsFollower
2021-06-11 19:07:09,528 [pool-450-thread-1] INFO  impl.RoleInfo (RoleInfo.java:updateAndGet(130)) - f0d18f37-c034-4e65-b036-926f7b7a2e40: start f0d18f37-c034-4e65-b036-926f7b7a2e40@group-A0934D54B14C-FollowerState
2021-06-11 19:07:09,532 [pool-450-thread-1] INFO  util.JmxRegister (JmxRegister.java:tryRegister(44)) - Successfully registered JMX Bean with object name Ratis:service=RaftServer,group=group-A0934D54B14C,id=f0d18f37-c034-4e65-b036-926f7b7a2e40
2021-06-11 19:07:09,532 [pool-450-thread-1] INFO  metrics.RatisMetrics (RatisMetrics.java:lambda$create$0(36)) - Creating Metrics Registry : ratis.state_machine.f0d18f37-c034-4e65-b036-926f7b7a2e40@group-A0934D54B14C
2021-06-11 19:07:09,533 [Command processor thread] INFO  ratis.XceiverServerRatis (XceiverServerRatis.java:addGroup(808)) - Created group PipelineID=da2b4bb3-8ca4-433a-a644-a0934d54b14c
2021-06-11 19:07:09,534 [Command processor thread] INFO  metrics.RatisMetrics (RatisMetrics.java:lambda$create$0(36)) - Creating Metrics Registry : ratis.client_message_metrics.client-9C8B6873DC0C->41bce2b3-bc14-4594-98d7-18715bf094e4
2021-06-11 19:07:09,545 [Command processor thread] INFO  commandhandler.CreatePipelineCommandHandler (CreatePipelineCommandHandler.java:handle(106)) - Created Pipeline RATIS THREE PipelineID=da2b4bb3-8ca4-433a-a644-a0934d54b14c.
2021-06-11 19:07:09,557 [Command processor thread] INFO  metrics.RatisMetrics (RatisMetrics.java:lambda$create$0(36)) - Creating Metrics Registry : ratis.client_message_metrics.client-31C842DE1EE2->1514860f-d988-4646-88fa-884730dadadc
2021-06-11 19:07:09,561 [grpc-default-executor-1] INFO  metrics.RatisMetrics (RatisMetrics.java:lambda$create$0(36)) - Creating Metrics Registry : ratis.server_message_metrics.1514860f-d988-4646-88fa-884730dadadc
2021-06-11 19:07:09,570 [Command processor thread] INFO  commandhandler.CreatePipelineCommandHandler (CreatePipelineCommandHandler.java:handle(106)) - Created Pipeline RATIS THREE PipelineID=da2b4bb3-8ca4-433a-a644-a0934d54b14c.
2021-06-11 19:07:09,607 [Command processor thread] INFO  server.RaftServer (RaftServerProxy.java:addNew(95)) - 41bce2b3-bc14-4594-98d7-18715bf094e4: addNew group-69A6B301964F:[41bce2b3-bc14-4594-98d7-18715bf094e4|rpc:10.1.0.43:36265|priority:1] returns group-69A6B301964F:java.util.concurrent.CompletableFuture@71a29c8f[Not completed]
2021-06-11 19:07:09,608 [pool-468-thread-1] INFO  server.RaftServer$Division (RaftServerImpl.java:<init>(180)) - 41bce2b3-bc14-4594-98d7-18715bf094e4: new RaftServerImpl for group-69A6B301964F:[41bce2b3-bc14-4594-98d7-18715bf094e4|rpc:10.1.0.43:36265|priority:1] with ContainerStateMachine:uninitialized
2021-06-11 19:07:09,609 [pool-468-thread-1] INFO  server.RaftServerConfigKeys (ConfUtils.java:logGet(44)) - raft.server.rpc.timeout.min = 5s (custom)
2021-06-11 19:07:09,609 [pool-468-thread-1] INFO  server.RaftServerConfigKeys (ConfUtils.java:logGet(44)) - raft.server.rpc.timeout.max = 5200ms (custom)
2021-06-11 19:07:09,609 [pool-468-thread-1] INFO  server.RaftServerConfigKeys (ConfUtils.java:logGet(44)) - raft.server.rpc.sleep.time = 25ms (default)
2021-06-11 19:07:09,609 [pool-468-thread-1] INFO  server.RaftServerConfigKeys (ConfUtils.java:logGet(44)) - raft.server.rpc.slowness.timeout = 300000ms (custom)
2021-06-11 19:07:09,609 [pool-468-thread-1] INFO  server.RaftServerConfigKeys (ConfUtils.java:logGet(44)) - raft.server.leaderelection.leader.step-down.wait-time = 10s (default)
2021-06-11 19:07:09,609 [pool-468-thread-1] INFO  server.RaftServerConfigKeys (ConfUtils.java:logGet(44)) - raft.server.sleep.deviation.threshold = 300ms (default)
2021-06-11 19:07:09,609 [pool-468-thread-1] INFO  server.RaftServerConfigKeys (ConfUtils.java:logGet(44)) - raft.server.log.appender.install.snapshot.enabled = false (custom)
2021-06-11 19:07:09,609 [pool-468-thread-1] INFO  server.RaftServer$Division (ServerState.java:<init>(105)) - 41bce2b3-bc14-4594-98d7-18715bf094e4@group-69A6B301964F: ConfigurationManager, init=-1: [41bce2b3-bc14-4594-98d7-18715bf094e4|rpc:10.1.0.43:36265|priority:1], old=null, confs=<EMPTY_MAP>
2021-06-11 19:07:09,609 [pool-468-thread-1] INFO  server.RaftServerConfigKeys (ConfUtils.java:logGet(44)) - raft.server.storage.dir = [/home/runner/work/ozone/ozone/mnt/ozone/hadoop-ozone/integration-test/target/test-dir/MiniOzoneClusterImpl-7f30813a-d1ba-41a1-975d-e59f1b24795c/datanode-2/data/ratis] (custom)
2021-06-11 19:07:09,609 [pool-468-thread-1] INFO  server.RaftServerConfigKeys (ConfUtils.java:logGet(44)) - raft.server.log.corruption.policy = EXCEPTION (default)
2021-06-11 19:07:09,609 [pool-468-thread-1] INFO  storage.RaftStorageDirectory (RaftStorageDirectoryImpl.java:analyzeStorage(132)) - The storage directory /home/runner/work/ozone/ozone/mnt/ozone/hadoop-ozone/integration-test/target/test-dir/MiniOzoneClusterImpl-7f30813a-d1ba-41a1-975d-e59f1b24795c/datanode-2/data/ratis/1f6c5e09-d23f-4d24-be5d-69a6b301964f does not exist. Creating ...
2021-06-11 19:07:09,611 [pool-468-thread-1] INFO  storage.RaftStorageDirectory (RaftStorageDirectoryImpl.java:tryLock(215)) - Lock on /home/runner/work/ozone/ozone/mnt/ozone/hadoop-ozone/integration-test/target/test-dir/MiniOzoneClusterImpl-7f30813a-d1ba-41a1-975d-e59f1b24795c/datanode-2/data/ratis/1f6c5e09-d23f-4d24-be5d-69a6b301964f/in_use.lock acquired by nodename 18191@fv-az59-942
2021-06-11 19:07:09,612 [pool-468-thread-1] INFO  storage.RaftStorage (RaftStorageImpl.java:format(87)) - Storage directory /home/runner/work/ozone/ozone/mnt/ozone/hadoop-ozone/integration-test/target/test-dir/MiniOzoneClusterImpl-7f30813a-d1ba-41a1-975d-e59f1b24795c/datanode-2/data/ratis/1f6c5e09-d23f-4d24-be5d-69a6b301964f has been successfully formatted.
2021-06-11 19:07:09,612 [pool-468-thread-1] INFO  ratis.ContainerStateMachine (ContainerStateMachine.java:loadSnapshot(224)) - group-69A6B301964F: The snapshot info is null. Setting the last applied indexto:(t:0, i:~)
2021-06-11 19:07:09,613 [pool-468-thread-1] INFO  server.RaftServerConfigKeys (ConfUtils.java:logGet(44)) - raft.server.notification.no-leader.timeout = 300000ms (custom)
2021-06-11 19:07:09,613 [pool-468-thread-1] INFO  server.RaftServerConfigKeys (ConfUtils.java:logGet(44)) - raft.server.log.use.memory = false (default)
2021-06-11 19:07:09,613 [pool-468-thread-1] INFO  server.RaftServerConfigKeys (ConfUtils.java:logGet(44)) - raft.server.log.purge.gap = 1000000 (custom)
2021-06-11 19:07:09,613 [pool-468-thread-1] INFO  server.RaftServerConfigKeys (ConfUtils.java:logGet(44)) - raft.server.log.appender.buffer.byte-limit = 33554432 (custom)
2021-06-11 19:07:09,613 [pool-468-thread-1] INFO  metrics.RatisMetrics (RatisMetrics.java:lambda$create$0(36)) - Creating Metrics Registry : ratis.log_worker.41bce2b3-bc14-4594-98d7-18715bf094e4@group-69A6B301964F
2021-06-11 19:07:09,613 [EventQueue-PipelineReportForPipelineReportHandler] INFO  pipeline.PipelineManagerV2Impl (PipelineManagerV2Impl.java:openPipeline(270)) - Pipeline Pipeline[ Id: 1f6c5e09-d23f-4d24-be5d-69a6b301964f, Nodes: 41bce2b3-bc14-4594-98d7-18715bf094e4{ip: 10.1.0.43, host: fv-az59-942.csjynl4pkq3e1pkirw3ssqjfoh.cx.internal.cloudapp.net, ports: [REPLICATION=42269, RATIS=36265, RATIS_ADMIN=36265, RATIS_SERVER=36265, STANDALONE=38351], networkLocation: /default-rack, certSerialId: null, persistedOpState: IN_SERVICE, persistedOpStateExpiryEpochSec: 0}, ReplicationConfig: RATIS/ONE, State:ALLOCATED, leaderId:41bce2b3-bc14-4594-98d7-18715bf094e4, CreationTimestamp2021-06-11T19:07:06.610Z] moved to OPEN state
2021-06-11 19:07:09,613 [pool-468-thread-1] INFO  server.RaftServerConfigKeys (ConfUtils.java:logGet(44)) - raft.server.log.segment.size.max = 1048576 (custom)
2021-06-11 19:07:09,614 [EventQueue-OpenPipelineForHealthyPipelineSafeModeRule] INFO  safemode.SCMSafeModeManager (HealthyPipelineSafeModeRule.java:process(124)) - SCM in safe mode. Healthy pipelines reported count is 0, required healthy pipeline reported count is 1
2021-06-11 19:07:09,614 [pool-468-thread-1] INFO  server.RaftServerConfigKeys (ConfUtils.java:logGet(44)) - raft.server.log.segment.cache.num.max = 2 (custom)
2021-06-11 19:07:09,614 [pool-468-thread-1] INFO  server.RaftServerConfigKeys (ConfUtils.java:logGet(44)) - raft.server.log.segment.cache.size.max = 200MB (=209715200) (default)
2021-06-11 19:07:09,615 [pool-468-thread-1] INFO  segmented.SegmentedRaftLogWorker (SegmentedRaftLogWorker.java:<init>(182)) - new 41bce2b3-bc14-4594-98d7-18715bf094e4@group-69A6B301964F-SegmentedRaftLogWorker for RaftStorageImpl:Storage Directory /home/runner/work/ozone/ozone/mnt/ozone/hadoop-ozone/integration-test/target/test-dir/MiniOzoneClusterImpl-7f30813a-d1ba-41a1-975d-e59f1b24795c/datanode-2/data/ratis/1f6c5e09-d23f-4d24-be5d-69a6b301964f
2021-06-11 19:07:09,615 [pool-468-thread-1] INFO  server.RaftServerConfigKeys (ConfUtils.java:logGet(44)) - raft.server.log.queue.byte-limit = 2147483647 (custom)
2021-06-11 19:07:09,615 [pool-468-thread-1] INFO  server.RaftServerConfigKeys (ConfUtils.java:logGet(44)) - raft.server.log.queue.element-limit = 1024 (custom)
2021-06-11 19:07:09,615 [pool-468-thread-1] INFO  server.RaftServerConfigKeys (ConfUtils.java:logGet(44)) - raft.server.log.segment.size.max = 1048576 (custom)
2021-06-11 19:07:09,615 [pool-468-thread-1] INFO  server.RaftServerConfigKeys (ConfUtils.java:logGet(44)) - raft.server.log.preallocated.size = 16384 (custom)
2021-06-11 19:07:09,615 [pool-468-thread-1] INFO  server.RaftServerConfigKeys (ConfUtils.java:logGet(44)) - raft.server.log.force.sync.num = 128 (default)
2021-06-11 19:07:09,615 [pool-468-thread-1] INFO  server.RaftServerConfigKeys (ConfUtils.java:logGet(44)) - raft.server.log.statemachine.data.sync = true (default)
2021-06-11 19:07:09,615 [pool-468-thread-1] INFO  server.RaftServerConfigKeys (ConfUtils.java:logGet(44)) - raft.server.log.statemachine.data.sync.timeout = 10s (default)
2021-06-11 19:07:09,615 [pool-468-thread-1] INFO  server.RaftServerConfigKeys (ConfUtils.java:logGet(44)) - raft.server.log.statemachine.data.sync.timeout.retry = -1 (default)
2021-06-11 19:07:09,617 [pool-468-thread-1] INFO  server.RaftServerConfigKeys (ConfUtils.java:logGet(44)) - raft.server.log.write.buffer.size = 1048576 (custom)
2021-06-11 19:07:09,617 [pool-468-thread-1] INFO  server.RaftServerConfigKeys (ConfUtils.java:logGet(44)) - raft.server.log.statemachine.data.caching.enabled = true (custom)
2021-06-11 19:07:09,618 [pool-468-thread-1] INFO  segmented.SegmentedRaftLogWorker (SegmentedRaftLogWorker.java:lambda$new$0(133)) - 41bce2b3-bc14-4594-98d7-18715bf094e4@group-69A6B301964F-SegmentedRaftLogWorker: flushIndex: setUnconditionally 0 -> -1
2021-06-11 19:07:09,618 [pool-468-thread-1] INFO  segmented.SegmentedRaftLogWorker (SegmentedRaftLogWorker.java:lambda$new$0(133)) - 41bce2b3-bc14-4594-98d7-18715bf094e4@group-69A6B301964F-SegmentedRaftLogWorker: safeCacheEvictIndex: setUnconditionally 0 -> -1
2021-06-11 19:07:09,618 [pool-468-thread-1] INFO  server.RaftServerConfigKeys (ConfUtils.java:logGet(44)) - raft.server.snapshot.auto.trigger.enabled = true (custom)
2021-06-11 19:07:09,618 [pool-468-thread-1] INFO  server.RaftServerConfigKeys (ConfUtils.java:logGet(44)) - raft.server.snapshot.auto.trigger.threshold = 10000 (custom)
2021-06-11 19:07:09,618 [pool-468-thread-1] INFO  server.RaftServerConfigKeys (ConfUtils.java:logGet(44)) - raft.server.snapshot.retention.file.num = 5 (custom)
2021-06-11 19:07:09,618 [pool-468-thread-1] INFO  server.RaftServerConfigKeys (ConfUtils.java:logGet(44)) - raft.server.log.purge.upto.snapshot.index = false (default)
2021-06-11 19:07:09,618 [pool-468-thread-1] INFO  server.RaftServerConfigKeys (ConfUtils.java:logGet(44)) - raft.server.retrycache.expirytime = 600000ms (custom)
2021-06-11 19:07:09,618 [pool-468-thread-1] INFO  server.RaftServerConfigKeys (ConfUtils.java:logGet(44)) - raft.server.retrycache.statistics.expirytime = 100μs (default)
2021-06-11 19:07:09,618 [pool-468-thread-1] INFO  metrics.RatisMetrics (RatisMetrics.java:lambda$create$0(36)) - Creating Metrics Registry : ratis.leader_election.41bce2b3-bc14-4594-98d7-18715bf094e4@group-69A6B301964F
2021-06-11 19:07:09,618 [pool-468-thread-1] INFO  metrics.RatisMetrics (RatisMetrics.java:lambda$create$0(36)) - Creating Metrics Registry : ratis.server.41bce2b3-bc14-4594-98d7-18715bf094e4@group-69A6B301964F
2021-06-11 19:07:09,619 [pool-468-thread-1] INFO  server.RaftServer$Division (RaftServerImpl.java:start(295)) - 41bce2b3-bc14-4594-98d7-18715bf094e4@group-69A6B301964F: start as a follower, conf=-1: [41bce2b3-bc14-4594-98d7-18715bf094e4|rpc:10.1.0.43:36265|priority:1], old=null
2021-06-11 19:07:09,619 [pool-468-thread-1] INFO  server.RaftServer$Division (RaftServerImpl.java:setRole(284)) - 41bce2b3-bc14-4594-98d7-18715bf094e4@group-69A6B301964F: changes role from      null to FOLLOWER at term 0 for startAsFollower
2021-06-11 19:07:09,619 [pool-468-thread-1] INFO  impl.RoleInfo (RoleInfo.java:updateAndGet(130)) - 41bce2b3-bc14-4594-98d7-18715bf094e4: start 41bce2b3-bc14-4594-98d7-18715bf094e4@group-69A6B301964F-FollowerState
2021-06-11 19:07:09,628 [pool-468-thread-1] INFO  util.JmxRegister (JmxRegister.java:tryRegister(44)) - Successfully registered JMX Bean with object name Ratis:service=RaftServer,group=group-69A6B301964F,id=41bce2b3-bc14-4594-98d7-18715bf094e4
2021-06-11 19:07:09,628 [pool-468-thread-1] INFO  metrics.RatisMetrics (RatisMetrics.java:lambda$create$0(36)) - Creating Metrics Registry : ratis.state_machine.41bce2b3-bc14-4594-98d7-18715bf094e4@group-69A6B301964F
2021-06-11 19:07:09,629 [Command processor thread] INFO  ratis.XceiverServerRatis (XceiverServerRatis.java:addGroup(808)) - Created group PipelineID=1f6c5e09-d23f-4d24-be5d-69a6b301964f
2021-06-11 19:07:09,629 [Command processor thread] INFO  commandhandler.CreatePipelineCommandHandler (CreatePipelineCommandHandler.java:handle(106)) - Created Pipeline RATIS ONE PipelineID=1f6c5e09-d23f-4d24-be5d-69a6b301964f.
2021-06-11 19:07:09,702 [Command processor thread] INFO  server.RaftServer (RaftServerProxy.java:addNew(95)) - 0e0429f1-9636-4fc9-8820-e0f7c83710f3: addNew group-1408D08955A5:[0e0429f1-9636-4fc9-8820-e0f7c83710f3|rpc:10.1.0.43:33285|priority:1] returns group-1408D08955A5:java.util.concurrent.CompletableFuture@198127fa[Not completed]
2021-06-11 19:07:09,703 [pool-486-thread-1] INFO  server.RaftServer$Division (RaftServerImpl.java:<init>(180)) - 0e0429f1-9636-4fc9-8820-e0f7c83710f3: new RaftServerImpl for group-1408D08955A5:[0e0429f1-9636-4fc9-8820-e0f7c83710f3|rpc:10.1.0.43:33285|priority:1] with ContainerStateMachine:uninitialized
2021-06-11 19:07:09,704 [pool-486-thread-1] INFO  server.RaftServerConfigKeys (ConfUtils.java:logGet(44)) - raft.server.rpc.timeout.min = 5s (custom)
2021-06-11 19:07:09,704 [pool-486-thread-1] INFO  server.RaftServerConfigKeys (ConfUtils.java:logGet(44)) - raft.server.rpc.timeout.max = 5200ms (custom)
2021-06-11 19:07:09,704 [pool-486-thread-1] INFO  server.RaftServerConfigKeys (ConfUtils.java:logGet(44)) - raft.server.rpc.sleep.time = 25ms (default)
2021-06-11 19:07:09,704 [pool-486-thread-1] INFO  server.RaftServerConfigKeys (ConfUtils.java:logGet(44)) - raft.server.rpc.slowness.timeout = 300000ms (custom)
2021-06-11 19:07:09,704 [pool-486-thread-1] INFO  server.RaftServerConfigKeys (ConfUtils.java:logGet(44)) - raft.server.leaderelection.leader.step-down.wait-time = 10s (default)
2021-06-11 19:07:09,704 [pool-486-thread-1] INFO  server.RaftServerConfigKeys (ConfUtils.java:logGet(44)) - raft.server.sleep.deviation.threshold = 300ms (default)
2021-06-11 19:07:09,704 [pool-486-thread-1] INFO  server.RaftServerConfigKeys (ConfUtils.java:logGet(44)) - raft.server.log.appender.install.snapshot.enabled = false (custom)
2021-06-11 19:07:09,704 [pool-486-thread-1] INFO  server.RaftServer$Division (ServerState.java:<init>(105)) - 0e0429f1-9636-4fc9-8820-e0f7c83710f3@group-1408D08955A5: ConfigurationManager, init=-1: [0e0429f1-9636-4fc9-8820-e0f7c83710f3|rpc:10.1.0.43:33285|priority:1], old=null, confs=<EMPTY_MAP>
2021-06-11 19:07:09,705 [pool-486-thread-1] INFO  server.RaftServerConfigKeys (ConfUtils.java:logGet(44)) - raft.server.storage.dir = [/home/runner/work/ozone/ozone/mnt/ozone/hadoop-ozone/integration-test/target/test-dir/MiniOzoneClusterImpl-7f30813a-d1ba-41a1-975d-e59f1b24795c/datanode-3/data/ratis] (custom)
2021-06-11 19:07:09,705 [pool-486-thread-1] INFO  server.RaftServerConfigKeys (ConfUtils.java:logGet(44)) - raft.server.log.corruption.policy = EXCEPTION (default)
2021-06-11 19:07:09,705 [pool-486-thread-1] INFO  storage.RaftStorageDirectory (RaftStorageDirectoryImpl.java:analyzeStorage(132)) - The storage directory /home/runner/work/ozone/ozone/mnt/ozone/hadoop-ozone/integration-test/target/test-dir/MiniOzoneClusterImpl-7f30813a-d1ba-41a1-975d-e59f1b24795c/datanode-3/data/ratis/fa4011df-cae6-4a8c-97cb-1408d08955a5 does not exist. Creating ...
2021-06-11 19:07:09,706 [pool-486-thread-1] INFO  storage.RaftStorageDirectory (RaftStorageDirectoryImpl.java:tryLock(215)) - Lock on /home/runner/work/ozone/ozone/mnt/ozone/hadoop-ozone/integration-test/target/test-dir/MiniOzoneClusterImpl-7f30813a-d1ba-41a1-975d-e59f1b24795c/datanode-3/data/ratis/fa4011df-cae6-4a8c-97cb-1408d08955a5/in_use.lock acquired by nodename 18191@fv-az59-942
2021-06-11 19:07:09,707 [pool-486-thread-1] INFO  storage.RaftStorage (RaftStorageImpl.java:format(87)) - Storage directory /home/runner/work/ozone/ozone/mnt/ozone/hadoop-ozone/integration-test/target/test-dir/MiniOzoneClusterImpl-7f30813a-d1ba-41a1-975d-e59f1b24795c/datanode-3/data/ratis/fa4011df-cae6-4a8c-97cb-1408d08955a5 has been successfully formatted.
2021-06-11 19:07:09,709 [pool-486-thread-1] INFO  ratis.ContainerStateMachine (ContainerStateMachine.java:loadSnapshot(224)) - group-1408D08955A5: The snapshot info is null. Setting the last applied indexto:(t:0, i:~)
2021-06-11 19:07:09,709 [pool-486-thread-1] INFO  server.RaftServerConfigKeys (ConfUtils.java:logGet(44)) - raft.server.notification.no-leader.timeout = 300000ms (custom)
2021-06-11 19:07:09,710 [pool-486-thread-1] INFO  server.RaftServerConfigKeys (ConfUtils.java:logGet(44)) - raft.server.log.use.memory = false (default)
2021-06-11 19:07:09,710 [EventQueue-PipelineReportForPipelineReportHandler] INFO  pipeline.PipelineManagerV2Impl (PipelineManagerV2Impl.java:openPipeline(270)) - Pipeline Pipeline[ Id: fa4011df-cae6-4a8c-97cb-1408d08955a5, Nodes: 0e0429f1-9636-4fc9-8820-e0f7c83710f3{ip: 10.1.0.43, host: fv-az59-942.csjynl4pkq3e1pkirw3ssqjfoh.cx.internal.cloudapp.net, ports: [REPLICATION=37481, RATIS=33285, RATIS_ADMIN=33285, RATIS_SERVER=33285, STANDALONE=42653], networkLocation: /default-rack, certSerialId: null, persistedOpState: IN_SERVICE, persistedOpStateExpiryEpochSec: 0}, ReplicationConfig: RATIS/ONE, State:ALLOCATED, leaderId:0e0429f1-9636-4fc9-8820-e0f7c83710f3, CreationTimestamp2021-06-11T19:07:06.703Z] moved to OPEN state
2021-06-11 19:07:09,710 [pool-486-thread-1] INFO  server.RaftServerConfigKeys (ConfUtils.java:logGet(44)) - raft.server.log.purge.gap = 1000000 (custom)
2021-06-11 19:07:09,710 [pool-486-thread-1] INFO  server.RaftServerConfigKeys (ConfUtils.java:logGet(44)) - raft.server.log.appender.buffer.byte-limit = 33554432 (custom)
2021-06-11 19:07:09,710 [pool-486-thread-1] INFO  metrics.RatisMetrics (RatisMetrics.java:lambda$create$0(36)) - Creating Metrics Registry : ratis.log_worker.0e0429f1-9636-4fc9-8820-e0f7c83710f3@group-1408D08955A5
2021-06-11 19:07:09,710 [EventQueue-OpenPipelineForHealthyPipelineSafeModeRule] INFO  safemode.SCMSafeModeManager (HealthyPipelineSafeModeRule.java:process(124)) - SCM in safe mode. Healthy pipelines reported count is 0, required healthy pipeline reported count is 1
2021-06-11 19:07:09,711 [pool-486-thread-1] INFO  server.RaftServerConfigKeys (ConfUtils.java:logGet(44)) - raft.server.log.segment.size.max = 1048576 (custom)
2021-06-11 19:07:09,712 [pool-486-thread-1] INFO  server.RaftServerConfigKeys (ConfUtils.java:logGet(44)) - raft.server.log.segment.cache.num.max = 2 (custom)
2021-06-11 19:07:09,712 [pool-486-thread-1] INFO  server.RaftServerConfigKeys (ConfUtils.java:logGet(44)) - raft.server.log.segment.cache.size.max = 200MB (=209715200) (default)
2021-06-11 19:07:09,712 [pool-486-thread-1] INFO  segmented.SegmentedRaftLogWorker (SegmentedRaftLogWorker.java:<init>(182)) - new 0e0429f1-9636-4fc9-8820-e0f7c83710f3@group-1408D08955A5-SegmentedRaftLogWorker for RaftStorageImpl:Storage Directory /home/runner/work/ozone/ozone/mnt/ozone/hadoop-ozone/integration-test/target/test-dir/MiniOzoneClusterImpl-7f30813a-d1ba-41a1-975d-e59f1b24795c/datanode-3/data/ratis/fa4011df-cae6-4a8c-97cb-1408d08955a5
2021-06-11 19:07:09,712 [pool-486-thread-1] INFO  server.RaftServerConfigKeys (ConfUtils.java:logGet(44)) - raft.server.log.queue.byte-limit = 2147483647 (custom)
2021-06-11 19:07:09,712 [pool-486-thread-1] INFO  server.RaftServerConfigKeys (ConfUtils.java:logGet(44)) - raft.server.log.queue.element-limit = 1024 (custom)
2021-06-11 19:07:09,712 [pool-486-thread-1] INFO  server.RaftServerConfigKeys (ConfUtils.java:logGet(44)) - raft.server.log.segment.size.max = 1048576 (custom)
2021-06-11 19:07:09,712 [pool-486-thread-1] INFO  server.RaftServerConfigKeys (ConfUtils.java:logGet(44)) - raft.server.log.preallocated.size = 16384 (custom)
2021-06-11 19:07:09,712 [pool-486-thread-1] INFO  server.RaftServerConfigKeys (ConfUtils.java:logGet(44)) - raft.server.log.force.sync.num = 128 (default)
2021-06-11 19:07:09,712 [pool-486-thread-1] INFO  server.RaftServerConfigKeys (ConfUtils.java:logGet(44)) - raft.server.log.statemachine.data.sync = true (default)
2021-06-11 19:07:09,713 [pool-486-thread-1] INFO  server.RaftServerConfigKeys (ConfUtils.java:logGet(44)) - raft.server.log.statemachine.data.sync.timeout = 10s (default)
2021-06-11 19:07:09,713 [pool-486-thread-1] INFO  server.RaftServerConfigKeys (ConfUtils.java:logGet(44)) - raft.server.log.statemachine.data.sync.timeout.retry = -1 (default)
2021-06-11 19:07:09,714 [pool-486-thread-1] INFO  server.RaftServerConfigKeys (ConfUtils.java:logGet(44)) - raft.server.log.write.buffer.size = 1048576 (custom)
2021-06-11 19:07:09,714 [pool-486-thread-1] INFO  server.RaftServerConfigKeys (ConfUtils.java:logGet(44)) - raft.server.log.statemachine.data.caching.enabled = true (custom)
2021-06-11 19:07:09,715 [pool-486-thread-1] INFO  segmented.SegmentedRaftLogWorker (SegmentedRaftLogWorker.java:lambda$new$0(133)) - 0e0429f1-9636-4fc9-8820-e0f7c83710f3@group-1408D08955A5-SegmentedRaftLogWorker: flushIndex: setUnconditionally 0 -> -1
2021-06-11 19:07:09,715 [pool-486-thread-1] INFO  segmented.SegmentedRaftLogWorker (SegmentedRaftLogWorker.java:lambda$new$0(133)) - 0e0429f1-9636-4fc9-8820-e0f7c83710f3@group-1408D08955A5-SegmentedRaftLogWorker: safeCacheEvictIndex: setUnconditionally 0 -> -1
2021-06-11 19:07:09,716 [pool-486-thread-1] INFO  server.RaftServerConfigKeys (ConfUtils.java:logGet(44)) - raft.server.snapshot.auto.trigger.enabled = true (custom)
2021-06-11 19:07:09,716 [pool-486-thread-1] INFO  server.RaftServerConfigKeys (ConfUtils.java:logGet(44)) - raft.server.snapshot.auto.trigger.threshold = 10000 (custom)
2021-06-11 19:07:09,716 [pool-486-thread-1] INFO  server.RaftServerConfigKeys (ConfUtils.java:logGet(44)) - raft.server.snapshot.retention.file.num = 5 (custom)
2021-06-11 19:07:09,716 [pool-486-thread-1] INFO  server.RaftServerConfigKeys (ConfUtils.java:logGet(44)) - raft.server.log.purge.upto.snapshot.index = false (default)
2021-06-11 19:07:09,716 [pool-486-thread-1] INFO  server.RaftServerConfigKeys (ConfUtils.java:logGet(44)) - raft.server.retrycache.expirytime = 600000ms (custom)
2021-06-11 19:07:09,716 [pool-486-thread-1] INFO  server.RaftServerConfigKeys (ConfUtils.java:logGet(44)) - raft.server.retrycache.statistics.expirytime = 100μs (default)
2021-06-11 19:07:09,716 [pool-486-thread-1] INFO  metrics.RatisMetrics (RatisMetrics.java:lambda$create$0(36)) - Creating Metrics Registry : ratis.leader_election.0e0429f1-9636-4fc9-8820-e0f7c83710f3@group-1408D08955A5
2021-06-11 19:07:09,716 [pool-486-thread-1] INFO  metrics.RatisMetrics (RatisMetrics.java:lambda$create$0(36)) - Creating Metrics Registry : ratis.server.0e0429f1-9636-4fc9-8820-e0f7c83710f3@group-1408D08955A5
2021-06-11 19:07:09,717 [pool-486-thread-1] INFO  server.RaftServer$Division (RaftServerImpl.java:start(295)) - 0e0429f1-9636-4fc9-8820-e0f7c83710f3@group-1408D08955A5: start as a follower, conf=-1: [0e0429f1-9636-4fc9-8820-e0f7c83710f3|rpc:10.1.0.43:33285|priority:1], old=null
2021-06-11 19:07:09,717 [pool-486-thread-1] INFO  server.RaftServer$Division (RaftServerImpl.java:setRole(284)) - 0e0429f1-9636-4fc9-8820-e0f7c83710f3@group-1408D08955A5: changes role from      null to FOLLOWER at term 0 for startAsFollower
2021-06-11 19:07:09,717 [pool-486-thread-1] INFO  impl.RoleInfo (RoleInfo.java:updateAndGet(130)) - 0e0429f1-9636-4fc9-8820-e0f7c83710f3: start 0e0429f1-9636-4fc9-8820-e0f7c83710f3@group-1408D08955A5-FollowerState
2021-06-11 19:07:09,718 [pool-486-thread-1] INFO  util.JmxRegister (JmxRegister.java:tryRegister(44)) - Successfully registered JMX Bean with object name Ratis:service=RaftServer,group=group-1408D08955A5,id=0e0429f1-9636-4fc9-8820-e0f7c83710f3
2021-06-11 19:07:09,718 [pool-486-thread-1] INFO  metrics.RatisMetrics (RatisMetrics.java:lambda$create$0(36)) - Creating Metrics Registry : ratis.state_machine.0e0429f1-9636-4fc9-8820-e0f7c83710f3@group-1408D08955A5
2021-06-11 19:07:09,719 [Command processor thread] INFO  ratis.XceiverServerRatis (XceiverServerRatis.java:addGroup(808)) - Created group PipelineID=fa4011df-cae6-4a8c-97cb-1408d08955a5
2021-06-11 19:07:09,719 [Command processor thread] INFO  commandhandler.CreatePipelineCommandHandler (CreatePipelineCommandHandler.java:handle(106)) - Created Pipeline RATIS ONE PipelineID=fa4011df-cae6-4a8c-97cb-1408d08955a5.
2021-06-11 19:07:09,719 [Command processor thread] INFO  server.RaftServer (RaftServerProxy.java:addNew(95)) - 0e0429f1-9636-4fc9-8820-e0f7c83710f3: addNew group-6F62B5CC8E81:[133b101f-dcee-4efd-9163-9b3704aaa3ee|rpc:10.1.0.43:37475|priority:1, 0e0429f1-9636-4fc9-8820-e0f7c83710f3|rpc:10.1.0.43:33285|priority:0, bf85b346-d6dc-4caf-ae79-65e1db1e806c|rpc:10.1.0.43:43393|priority:0] returns group-6F62B5CC8E81:java.util.concurrent.CompletableFuture@1dbea012[Not completed]
2021-06-11 19:07:09,719 [pool-486-thread-1] INFO  server.RaftServer$Division (RaftServerImpl.java:<init>(180)) - 0e0429f1-9636-4fc9-8820-e0f7c83710f3: new RaftServerImpl for group-6F62B5CC8E81:[133b101f-dcee-4efd-9163-9b3704aaa3ee|rpc:10.1.0.43:37475|priority:1, 0e0429f1-9636-4fc9-8820-e0f7c83710f3|rpc:10.1.0.43:33285|priority:0, bf85b346-d6dc-4caf-ae79-65e1db1e806c|rpc:10.1.0.43:43393|priority:0] with ContainerStateMachine:uninitialized
2021-06-11 19:07:09,719 [pool-486-thread-1] INFO  server.RaftServerConfigKeys (ConfUtils.java:logGet(44)) - raft.server.rpc.timeout.min = 5s (custom)
2021-06-11 19:07:09,719 [pool-486-thread-1] INFO  server.RaftServerConfigKeys (ConfUtils.java:logGet(44)) - raft.server.rpc.timeout.max = 5200ms (custom)
2021-06-11 19:07:09,720 [pool-486-thread-1] INFO  server.RaftServerConfigKeys (ConfUtils.java:logGet(44)) - raft.server.rpc.sleep.time = 25ms (default)
2021-06-11 19:07:09,720 [pool-486-thread-1] INFO  server.RaftServerConfigKeys (ConfUtils.java:logGet(44)) - raft.server.rpc.slowness.timeout = 300000ms (custom)
2021-06-11 19:07:09,720 [pool-486-thread-1] INFO  server.RaftServerConfigKeys (ConfUtils.java:logGet(44)) - raft.server.leaderelection.leader.step-down.wait-time = 10s (default)
2021-06-11 19:07:09,720 [pool-486-thread-1] INFO  server.RaftServerConfigKeys (ConfUtils.java:logGet(44)) - raft.server.sleep.deviation.threshold = 300ms (default)
2021-06-11 19:07:09,720 [pool-486-thread-1] INFO  server.RaftServerConfigKeys (ConfUtils.java:logGet(44)) - raft.server.log.appender.install.snapshot.enabled = false (custom)
2021-06-11 19:07:09,720 [pool-486-thread-1] INFO  server.RaftServer$Division (ServerState.java:<init>(105)) - 0e0429f1-9636-4fc9-8820-e0f7c83710f3@group-6F62B5CC8E81: ConfigurationManager, init=-1: [133b101f-dcee-4efd-9163-9b3704aaa3ee|rpc:10.1.0.43:37475|priority:1, 0e0429f1-9636-4fc9-8820-e0f7c83710f3|rpc:10.1.0.43:33285|priority:0, bf85b346-d6dc-4caf-ae79-65e1db1e806c|rpc:10.1.0.43:43393|priority:0], old=null, confs=<EMPTY_MAP>
2021-06-11 19:07:09,720 [pool-486-thread-1] INFO  server.RaftServerConfigKeys (ConfUtils.java:logGet(44)) - raft.server.storage.dir = [/home/runner/work/ozone/ozone/mnt/ozone/hadoop-ozone/integration-test/target/test-dir/MiniOzoneClusterImpl-7f30813a-d1ba-41a1-975d-e59f1b24795c/datanode-3/data/ratis] (custom)
2021-06-11 19:07:09,720 [pool-486-thread-1] INFO  server.RaftServerConfigKeys (ConfUtils.java:logGet(44)) - raft.server.log.corruption.policy = EXCEPTION (default)
2021-06-11 19:07:09,720 [pool-486-thread-1] INFO  storage.RaftStorageDirectory (RaftStorageDirectoryImpl.java:analyzeStorage(132)) - The storage directory /home/runner/work/ozone/ozone/mnt/ozone/hadoop-ozone/integration-test/target/test-dir/MiniOzoneClusterImpl-7f30813a-d1ba-41a1-975d-e59f1b24795c/datanode-3/data/ratis/77e7b361-485a-407e-922f-6f62b5cc8e81 does not exist. Creating ...
2021-06-11 19:07:09,721 [pool-486-thread-1] INFO  storage.RaftStorageDirectory (RaftStorageDirectoryImpl.java:tryLock(215)) - Lock on /home/runner/work/ozone/ozone/mnt/ozone/hadoop-ozone/integration-test/target/test-dir/MiniOzoneClusterImpl-7f30813a-d1ba-41a1-975d-e59f1b24795c/datanode-3/data/ratis/77e7b361-485a-407e-922f-6f62b5cc8e81/in_use.lock acquired by nodename 18191@fv-az59-942
2021-06-11 19:07:09,722 [pool-486-thread-1] INFO  storage.RaftStorage (RaftStorageImpl.java:format(87)) - Storage directory /home/runner/work/ozone/ozone/mnt/ozone/hadoop-ozone/integration-test/target/test-dir/MiniOzoneClusterImpl-7f30813a-d1ba-41a1-975d-e59f1b24795c/datanode-3/data/ratis/77e7b361-485a-407e-922f-6f62b5cc8e81 has been successfully formatted.
2021-06-11 19:07:09,722 [pool-486-thread-1] INFO  ratis.ContainerStateMachine (ContainerStateMachine.java:loadSnapshot(224)) - group-6F62B5CC8E81: The snapshot info is null. Setting the last applied indexto:(t:0, i:~)
2021-06-11 19:07:09,722 [pool-486-thread-1] INFO  server.RaftServerConfigKeys (ConfUtils.java:logGet(44)) - raft.server.notification.no-leader.timeout = 300000ms (custom)
2021-06-11 19:07:09,722 [pool-486-thread-1] INFO  server.RaftServerConfigKeys (ConfUtils.java:logGet(44)) - raft.server.log.use.memory = false (default)
2021-06-11 19:07:09,722 [pool-486-thread-1] INFO  server.RaftServerConfigKeys (ConfUtils.java:logGet(44)) - raft.server.log.purge.gap = 1000000 (custom)
2021-06-11 19:07:09,723 [pool-486-thread-1] INFO  server.RaftServerConfigKeys (ConfUtils.java:logGet(44)) - raft.server.log.appender.buffer.byte-limit = 33554432 (custom)
2021-06-11 19:07:09,723 [pool-486-thread-1] INFO  metrics.RatisMetrics (RatisMetrics.java:lambda$create$0(36)) - Creating Metrics Registry : ratis.log_worker.0e0429f1-9636-4fc9-8820-e0f7c83710f3@group-6F62B5CC8E81
2021-06-11 19:07:09,723 [pool-486-thread-1] INFO  server.RaftServerConfigKeys (ConfUtils.java:logGet(44)) - raft.server.log.segment.size.max = 1048576 (custom)
2021-06-11 19:07:09,723 [pool-486-thread-1] INFO  server.RaftServerConfigKeys (ConfUtils.java:logGet(44)) - raft.server.log.segment.cache.num.max = 2 (custom)
2021-06-11 19:07:09,723 [pool-486-thread-1] INFO  server.RaftServerConfigKeys (ConfUtils.java:logGet(44)) - raft.server.log.segment.cache.size.max = 200MB (=209715200) (default)
2021-06-11 19:07:09,723 [pool-486-thread-1] INFO  segmented.SegmentedRaftLogWorker (SegmentedRaftLogWorker.java:<init>(182)) - new 0e0429f1-9636-4fc9-8820-e0f7c83710f3@group-6F62B5CC8E81-SegmentedRaftLogWorker for RaftStorageImpl:Storage Directory /home/runner/work/ozone/ozone/mnt/ozone/hadoop-ozone/integration-test/target/test-dir/MiniOzoneClusterImpl-7f30813a-d1ba-41a1-975d-e59f1b24795c/datanode-3/data/ratis/77e7b361-485a-407e-922f-6f62b5cc8e81
2021-06-11 19:07:09,723 [pool-486-thread-1] INFO  server.RaftServerConfigKeys (ConfUtils.java:logGet(44)) - raft.server.log.queue.byte-limit = 2147483647 (custom)
2021-06-11 19:07:09,723 [pool-486-thread-1] INFO  server.RaftServerConfigKeys (ConfUtils.java:logGet(44)) - raft.server.log.queue.element-limit = 1024 (custom)
2021-06-11 19:07:09,723 [pool-486-thread-1] INFO  server.RaftServerConfigKeys (ConfUtils.java:logGet(44)) - raft.server.log.segment.size.max = 1048576 (custom)
2021-06-11 19:07:09,723 [pool-486-thread-1] INFO  server.RaftServerConfigKeys (ConfUtils.java:logGet(44)) - raft.server.log.preallocated.size = 16384 (custom)
2021-06-11 19:07:09,723 [pool-486-thread-1] INFO  server.RaftServerConfigKeys (ConfUtils.java:logGet(44)) - raft.server.log.force.sync.num = 128 (default)
2021-06-11 19:07:09,723 [pool-486-thread-1] INFO  server.RaftServerConfigKeys (ConfUtils.java:logGet(44)) - raft.server.log.statemachine.data.sync = true (default)
2021-06-11 19:07:09,723 [pool-486-thread-1] INFO  server.RaftServerConfigKeys (ConfUtils.java:logGet(44)) - raft.server.log.statemachine.data.sync.timeout = 10s (default)
2021-06-11 19:07:09,723 [pool-486-thread-1] INFO  server.RaftServerConfigKeys (ConfUtils.java:logGet(44)) - raft.server.log.statemachine.data.sync.timeout.retry = -1 (default)
2021-06-11 19:07:09,724 [pool-486-thread-1] INFO  server.RaftServerConfigKeys (ConfUtils.java:logGet(44)) - raft.server.log.write.buffer.size = 1048576 (custom)
2021-06-11 19:07:09,725 [pool-486-thread-1] INFO  server.RaftServerConfigKeys (ConfUtils.java:logGet(44)) - raft.server.log.statemachine.data.caching.enabled = true (custom)
2021-06-11 19:07:09,725 [pool-486-thread-1] INFO  segmented.SegmentedRaftLogWorker (SegmentedRaftLogWorker.java:lambda$new$0(133)) - 0e0429f1-9636-4fc9-8820-e0f7c83710f3@group-6F62B5CC8E81-SegmentedRaftLogWorker: flushIndex: setUnconditionally 0 -> -1
2021-06-11 19:07:09,725 [pool-486-thread-1] INFO  segmented.SegmentedRaftLogWorker (SegmentedRaftLogWorker.java:lambda$new$0(133)) - 0e0429f1-9636-4fc9-8820-e0f7c83710f3@group-6F62B5CC8E81-SegmentedRaftLogWorker: safeCacheEvictIndex: setUnconditionally 0 -> -1
2021-06-11 19:07:09,732 [pool-486-thread-1] INFO  server.RaftServerConfigKeys (ConfUtils.java:logGet(44)) - raft.server.snapshot.auto.trigger.enabled = true (custom)
2021-06-11 19:07:09,732 [pool-486-thread-1] INFO  server.RaftServerConfigKeys (ConfUtils.java:logGet(44)) - raft.server.snapshot.auto.trigger.threshold = 10000 (custom)
2021-06-11 19:07:09,732 [pool-486-thread-1] INFO  server.RaftServerConfigKeys (ConfUtils.java:logGet(44)) - raft.server.snapshot.retention.file.num = 5 (custom)
2021-06-11 19:07:09,732 [pool-486-thread-1] INFO  server.RaftServerConfigKeys (ConfUtils.java:logGet(44)) - raft.server.log.purge.upto.snapshot.index = false (default)
2021-06-11 19:07:09,732 [pool-486-thread-1] INFO  server.RaftServerConfigKeys (ConfUtils.java:logGet(44)) - raft.server.retrycache.expirytime = 600000ms (custom)
2021-06-11 19:07:09,732 [pool-486-thread-1] INFO  server.RaftServerConfigKeys (ConfUtils.java:logGet(44)) - raft.server.retrycache.statistics.expirytime = 100μs (default)
2021-06-11 19:07:09,733 [pool-486-thread-1] INFO  metrics.RatisMetrics (RatisMetrics.java:lambda$create$0(36)) - Creating Metrics Registry : ratis.leader_election.0e0429f1-9636-4fc9-8820-e0f7c83710f3@group-6F62B5CC8E81
2021-06-11 19:07:09,733 [pool-486-thread-1] INFO  metrics.RatisMetrics (RatisMetrics.java:lambda$create$0(36)) - Creating Metrics Registry : ratis.server.0e0429f1-9636-4fc9-8820-e0f7c83710f3@group-6F62B5CC8E81
2021-06-11 19:07:09,732 [EventQueue-OpenPipelineForHealthyPipelineSafeModeRule] INFO  safemode.SCMSafeModeManager (HealthyPipelineSafeModeRule.java:process(124)) - SCM in safe mode. Healthy pipelines reported count is 0, required healthy pipeline reported count is 1
2021-06-11 19:07:09,734 [pool-486-thread-1] INFO  server.RaftServer$Division (RaftServerImpl.java:start(295)) - 0e0429f1-9636-4fc9-8820-e0f7c83710f3@group-6F62B5CC8E81: start as a follower, conf=-1: [133b101f-dcee-4efd-9163-9b3704aaa3ee|rpc:10.1.0.43:37475|priority:1, 0e0429f1-9636-4fc9-8820-e0f7c83710f3|rpc:10.1.0.43:33285|priority:0, bf85b346-d6dc-4caf-ae79-65e1db1e806c|rpc:10.1.0.43:43393|priority:0], old=null
2021-06-11 19:07:09,734 [pool-486-thread-1] INFO  server.RaftServer$Division (RaftServerImpl.java:setRole(284)) - 0e0429f1-9636-4fc9-8820-e0f7c83710f3@group-6F62B5CC8E81: changes role from      null to FOLLOWER at term 0 for startAsFollower
2021-06-11 19:07:09,734 [pool-486-thread-1] INFO  impl.RoleInfo (RoleInfo.java:updateAndGet(130)) - 0e0429f1-9636-4fc9-8820-e0f7c83710f3: start 0e0429f1-9636-4fc9-8820-e0f7c83710f3@group-6F62B5CC8E81-FollowerState
2021-06-11 19:07:09,734 [pool-486-thread-1] INFO  util.JmxRegister (JmxRegister.java:tryRegister(44)) - Successfully registered JMX Bean with object name Ratis:service=RaftServer,group=group-6F62B5CC8E81,id=0e0429f1-9636-4fc9-8820-e0f7c83710f3
2021-06-11 19:07:09,734 [pool-486-thread-1] INFO  metrics.RatisMetrics (RatisMetrics.java:lambda$create$0(36)) - Creating Metrics Registry : ratis.state_machine.0e0429f1-9636-4fc9-8820-e0f7c83710f3@group-6F62B5CC8E81
2021-06-11 19:07:09,735 [Command processor thread] INFO  ratis.XceiverServerRatis (XceiverServerRatis.java:addGroup(808)) - Created group PipelineID=77e7b361-485a-407e-922f-6f62b5cc8e81
2021-06-11 19:07:09,736 [Command processor thread] INFO  metrics.RatisMetrics (RatisMetrics.java:lambda$create$0(36)) - Creating Metrics Registry : ratis.client_message_metrics.client-AE5E06BC8DD4->133b101f-dcee-4efd-9163-9b3704aaa3ee
2021-06-11 19:07:09,740 [grpc-default-executor-1] INFO  metrics.RatisMetrics (RatisMetrics.java:lambda$create$0(36)) - Creating Metrics Registry : ratis.server_message_metrics.133b101f-dcee-4efd-9163-9b3704aaa3ee
2021-06-11 19:07:09,750 [grpc-default-executor-1] INFO  server.RaftServer (RaftServerProxy.java:addNew(95)) - 133b101f-dcee-4efd-9163-9b3704aaa3ee: addNew group-6F62B5CC8E81:[133b101f-dcee-4efd-9163-9b3704aaa3ee|rpc:10.1.0.43:37475|dataStream:|priority:1, 0e0429f1-9636-4fc9-8820-e0f7c83710f3|rpc:10.1.0.43:33285|dataStream:|priority:0, bf85b346-d6dc-4caf-ae79-65e1db1e806c|rpc:10.1.0.43:43393|dataStream:|priority:0] returns group-6F62B5CC8E81:java.util.concurrent.CompletableFuture@30a1fa4a[Not completed]
2021-06-11 19:07:09,751 [pool-522-thread-1] INFO  server.RaftServer$Division (RaftServerImpl.java:<init>(180)) - 133b101f-dcee-4efd-9163-9b3704aaa3ee: new RaftServerImpl for group-6F62B5CC8E81:[133b101f-dcee-4efd-9163-9b3704aaa3ee|rpc:10.1.0.43:37475|dataStream:|priority:1, 0e0429f1-9636-4fc9-8820-e0f7c83710f3|rpc:10.1.0.43:33285|dataStream:|priority:0, bf85b346-d6dc-4caf-ae79-65e1db1e806c|rpc:10.1.0.43:43393|dataStream:|priority:0] with ContainerStateMachine:uninitialized
2021-06-11 19:07:09,751 [pool-522-thread-1] INFO  server.RaftServerConfigKeys (ConfUtils.java:logGet(44)) - raft.server.rpc.timeout.min = 5s (custom)
2021-06-11 19:07:09,752 [pool-522-thread-1] INFO  server.RaftServerConfigKeys (ConfUtils.java:logGet(44)) - raft.server.rpc.timeout.max = 5200ms (custom)
2021-06-11 19:07:09,752 [pool-522-thread-1] INFO  server.RaftServerConfigKeys (ConfUtils.java:logGet(44)) - raft.server.rpc.sleep.time = 25ms (default)
2021-06-11 19:07:09,752 [pool-522-thread-1] INFO  server.RaftServerConfigKeys (ConfUtils.java:logGet(44)) - raft.server.rpc.slowness.timeout = 300000ms (custom)
2021-06-11 19:07:09,752 [pool-522-thread-1] INFO  server.RaftServerConfigKeys (ConfUtils.java:logGet(44)) - raft.server.leaderelection.leader.step-down.wait-time = 10s (default)
2021-06-11 19:07:09,752 [pool-522-thread-1] INFO  server.RaftServerConfigKeys (ConfUtils.java:logGet(44)) - raft.server.sleep.deviation.threshold = 300ms (default)
2021-06-11 19:07:09,752 [pool-522-thread-1] INFO  server.RaftServerConfigKeys (ConfUtils.java:logGet(44)) - raft.server.log.appender.install.snapshot.enabled = false (custom)
2021-06-11 19:07:09,752 [pool-522-thread-1] INFO  server.RaftServer$Division (ServerState.java:<init>(105)) - 133b101f-dcee-4efd-9163-9b3704aaa3ee@group-6F62B5CC8E81: ConfigurationManager, init=-1: [133b101f-dcee-4efd-9163-9b3704aaa3ee|rpc:10.1.0.43:37475|dataStream:|priority:1, 0e0429f1-9636-4fc9-8820-e0f7c83710f3|rpc:10.1.0.43:33285|dataStream:|priority:0, bf85b346-d6dc-4caf-ae79-65e1db1e806c|rpc:10.1.0.43:43393|dataStream:|priority:0], old=null, confs=<EMPTY_MAP>
2021-06-11 19:07:09,752 [pool-522-thread-1] INFO  server.RaftServerConfigKeys (ConfUtils.java:logGet(44)) - raft.server.storage.dir = [/home/runner/work/ozone/ozone/mnt/ozone/hadoop-ozone/integration-test/target/test-dir/MiniOzoneClusterImpl-7f30813a-d1ba-41a1-975d-e59f1b24795c/datanode-5/data/ratis] (custom)
2021-06-11 19:07:09,752 [pool-522-thread-1] INFO  server.RaftServerConfigKeys (ConfUtils.java:logGet(44)) - raft.server.log.corruption.policy = EXCEPTION (default)
2021-06-11 19:07:09,752 [pool-522-thread-1] INFO  storage.RaftStorageDirectory (RaftStorageDirectoryImpl.java:analyzeStorage(132)) - The storage directory /home/runner/work/ozone/ozone/mnt/ozone/hadoop-ozone/integration-test/target/test-dir/MiniOzoneClusterImpl-7f30813a-d1ba-41a1-975d-e59f1b24795c/datanode-5/data/ratis/77e7b361-485a-407e-922f-6f62b5cc8e81 does not exist. Creating ...
2021-06-11 19:07:09,753 [pool-522-thread-1] INFO  storage.RaftStorageDirectory (RaftStorageDirectoryImpl.java:tryLock(215)) - Lock on /home/runner/work/ozone/ozone/mnt/ozone/hadoop-ozone/integration-test/target/test-dir/MiniOzoneClusterImpl-7f30813a-d1ba-41a1-975d-e59f1b24795c/datanode-5/data/ratis/77e7b361-485a-407e-922f-6f62b5cc8e81/in_use.lock acquired by nodename 18191@fv-az59-942
2021-06-11 19:07:09,756 [pool-522-thread-1] INFO  storage.RaftStorage (RaftStorageImpl.java:format(87)) - Storage directory /home/runner/work/ozone/ozone/mnt/ozone/hadoop-ozone/integration-test/target/test-dir/MiniOzoneClusterImpl-7f30813a-d1ba-41a1-975d-e59f1b24795c/datanode-5/data/ratis/77e7b361-485a-407e-922f-6f62b5cc8e81 has been successfully formatted.
2021-06-11 19:07:09,760 [pool-522-thread-1] INFO  ratis.ContainerStateMachine (ContainerStateMachine.java:loadSnapshot(224)) - group-6F62B5CC8E81: The snapshot info is null. Setting the last applied indexto:(t:0, i:~)
2021-06-11 19:07:09,761 [pool-522-thread-1] INFO  server.RaftServerConfigKeys (ConfUtils.java:logGet(44)) - raft.server.notification.no-leader.timeout = 300000ms (custom)
2021-06-11 19:07:09,761 [pool-522-thread-1] INFO  server.RaftServerConfigKeys (ConfUtils.java:logGet(44)) - raft.server.log.use.memory = false (default)
2021-06-11 19:07:09,761 [pool-522-thread-1] INFO  server.RaftServerConfigKeys (ConfUtils.java:logGet(44)) - raft.server.log.purge.gap = 1000000 (custom)
2021-06-11 19:07:09,761 [pool-522-thread-1] INFO  server.RaftServerConfigKeys (ConfUtils.java:logGet(44)) - raft.server.log.appender.buffer.byte-limit = 33554432 (custom)
2021-06-11 19:07:09,761 [pool-522-thread-1] INFO  metrics.RatisMetrics (RatisMetrics.java:lambda$create$0(36)) - Creating Metrics Registry : ratis.log_worker.133b101f-dcee-4efd-9163-9b3704aaa3ee@group-6F62B5CC8E81
2021-06-11 19:07:09,762 [pool-522-thread-1] INFO  server.RaftServerConfigKeys (ConfUtils.java:logGet(44)) - raft.server.log.segment.size.max = 1048576 (custom)
2021-06-11 19:07:09,762 [pool-522-thread-1] INFO  server.RaftServerConfigKeys (ConfUtils.java:logGet(44)) - raft.server.log.segment.cache.num.max = 2 (custom)
2021-06-11 19:07:09,762 [pool-522-thread-1] INFO  server.RaftServerConfigKeys (ConfUtils.java:logGet(44)) - raft.server.log.segment.cache.size.max = 200MB (=209715200) (default)
2021-06-11 19:07:09,762 [pool-522-thread-1] INFO  segmented.SegmentedRaftLogWorker (SegmentedRaftLogWorker.java:<init>(182)) - new 133b101f-dcee-4efd-9163-9b3704aaa3ee@group-6F62B5CC8E81-SegmentedRaftLogWorker for RaftStorageImpl:Storage Directory /home/runner/work/ozone/ozone/mnt/ozone/hadoop-ozone/integration-test/target/test-dir/MiniOzoneClusterImpl-7f30813a-d1ba-41a1-975d-e59f1b24795c/datanode-5/data/ratis/77e7b361-485a-407e-922f-6f62b5cc8e81
2021-06-11 19:07:09,762 [pool-522-thread-1] INFO  server.RaftServerConfigKeys (ConfUtils.java:logGet(44)) - raft.server.log.queue.byte-limit = 2147483647 (custom)
2021-06-11 19:07:09,762 [pool-522-thread-1] INFO  server.RaftServerConfigKeys (ConfUtils.java:logGet(44)) - raft.server.log.queue.element-limit = 1024 (custom)
2021-06-11 19:07:09,762 [pool-522-thread-1] INFO  server.RaftServerConfigKeys (ConfUtils.java:logGet(44)) - raft.server.log.segment.size.max = 1048576 (custom)
2021-06-11 19:07:09,762 [pool-522-thread-1] INFO  server.RaftServerConfigKeys (ConfUtils.java:logGet(44)) - raft.server.log.preallocated.size = 16384 (custom)
2021-06-11 19:07:09,763 [pool-522-thread-1] INFO  server.RaftServerConfigKeys (ConfUtils.java:logGet(44)) - raft.server.log.force.sync.num = 128 (default)
2021-06-11 19:07:09,763 [pool-522-thread-1] INFO  server.RaftServerConfigKeys (ConfUtils.java:logGet(44)) - raft.server.log.statemachine.data.sync = true (default)
2021-06-11 19:07:09,763 [pool-522-thread-1] INFO  server.RaftServerConfigKeys (ConfUtils.java:logGet(44)) - raft.server.log.statemachine.data.sync.timeout = 10s (default)
2021-06-11 19:07:09,763 [pool-522-thread-1] INFO  server.RaftServerConfigKeys (ConfUtils.java:logGet(44)) - raft.server.log.statemachine.data.sync.timeout.retry = -1 (default)
2021-06-11 19:07:09,764 [pool-522-thread-1] INFO  server.RaftServerConfigKeys (ConfUtils.java:logGet(44)) - raft.server.log.write.buffer.size = 1048576 (custom)
2021-06-11 19:07:09,764 [pool-522-thread-1] INFO  server.RaftServerConfigKeys (ConfUtils.java:logGet(44)) - raft.server.log.statemachine.data.caching.enabled = true (custom)
2021-06-11 19:07:09,764 [pool-522-thread-1] INFO  segmented.SegmentedRaftLogWorker (SegmentedRaftLogWorker.java:lambda$new$0(133)) - 133b101f-dcee-4efd-9163-9b3704aaa3ee@group-6F62B5CC8E81-SegmentedRaftLogWorker: flushIndex: setUnconditionally 0 -> -1
2021-06-11 19:07:09,764 [pool-522-thread-1] INFO  segmented.SegmentedRaftLogWorker (SegmentedRaftLogWorker.java:lambda$new$0(133)) - 133b101f-dcee-4efd-9163-9b3704aaa3ee@group-6F62B5CC8E81-SegmentedRaftLogWorker: safeCacheEvictIndex: setUnconditionally 0 -> -1
2021-06-11 19:07:09,764 [pool-522-thread-1] INFO  server.RaftServerConfigKeys (ConfUtils.java:logGet(44)) - raft.server.snapshot.auto.trigger.enabled = true (custom)
2021-06-11 19:07:09,764 [pool-522-thread-1] INFO  server.RaftServerConfigKeys (ConfUtils.java:logGet(44)) - raft.server.snapshot.auto.trigger.threshold = 10000 (custom)
2021-06-11 19:07:09,764 [pool-522-thread-1] INFO  server.RaftServerConfigKeys (ConfUtils.java:logGet(44)) - raft.server.snapshot.retention.file.num = 5 (custom)
2021-06-11 19:07:09,764 [pool-522-thread-1] INFO  server.RaftServerConfigKeys (ConfUtils.java:logGet(44)) - raft.server.log.purge.upto.snapshot.index = false (default)
2021-06-11 19:07:09,765 [pool-522-thread-1] INFO  server.RaftServerConfigKeys (ConfUtils.java:logGet(44)) - raft.server.retrycache.expirytime = 600000ms (custom)
2021-06-11 19:07:09,765 [pool-522-thread-1] INFO  server.RaftServerConfigKeys (ConfUtils.java:logGet(44)) - raft.server.retrycache.statistics.expirytime = 100μs (default)
2021-06-11 19:07:09,765 [pool-522-thread-1] INFO  metrics.RatisMetrics (RatisMetrics.java:lambda$create$0(36)) - Creating Metrics Registry : ratis.leader_election.133b101f-dcee-4efd-9163-9b3704aaa3ee@group-6F62B5CC8E81
2021-06-11 19:07:09,765 [pool-522-thread-1] INFO  metrics.RatisMetrics (RatisMetrics.java:lambda$create$0(36)) - Creating Metrics Registry : ratis.server.133b101f-dcee-4efd-9163-9b3704aaa3ee@group-6F62B5CC8E81
2021-06-11 19:07:09,766 [pool-522-thread-1] INFO  server.RaftServer$Division (RaftServerImpl.java:start(295)) - 133b101f-dcee-4efd-9163-9b3704aaa3ee@group-6F62B5CC8E81: start as a follower, conf=-1: [133b101f-dcee-4efd-9163-9b3704aaa3ee|rpc:10.1.0.43:37475|dataStream:|priority:1, 0e0429f1-9636-4fc9-8820-e0f7c83710f3|rpc:10.1.0.43:33285|dataStream:|priority:0, bf85b346-d6dc-4caf-ae79-65e1db1e806c|rpc:10.1.0.43:43393|dataStream:|priority:0], old=null
2021-06-11 19:07:09,766 [pool-522-thread-1] INFO  server.RaftServer$Division (RaftServerImpl.java:setRole(284)) - 133b101f-dcee-4efd-9163-9b3704aaa3ee@group-6F62B5CC8E81: changes role from      null to FOLLOWER at term 0 for startAsFollower
2021-06-11 19:07:09,766 [pool-522-thread-1] INFO  impl.RoleInfo (RoleInfo.java:updateAndGet(130)) - 133b101f-dcee-4efd-9163-9b3704aaa3ee: start 133b101f-dcee-4efd-9163-9b3704aaa3ee@group-6F62B5CC8E81-FollowerState
2021-06-11 19:07:09,766 [pool-522-thread-1] INFO  util.JmxRegister (JmxRegister.java:tryRegister(44)) - Successfully registered JMX Bean with object name Ratis:service=RaftServer,group=group-6F62B5CC8E81,id=133b101f-dcee-4efd-9163-9b3704aaa3ee
2021-06-11 19:07:09,766 [pool-522-thread-1] INFO  metrics.RatisMetrics (RatisMetrics.java:lambda$create$0(36)) - Creating Metrics Registry : ratis.state_machine.133b101f-dcee-4efd-9163-9b3704aaa3ee@group-6F62B5CC8E81
2021-06-11 19:07:09,771 [Command processor thread] INFO  metrics.RatisMetrics (RatisMetrics.java:lambda$create$0(36)) - Creating Metrics Registry : ratis.client_message_metrics.client-A7C4D45DE9D6->bf85b346-d6dc-4caf-ae79-65e1db1e806c
2021-06-11 19:07:09,775 [grpc-default-executor-1] INFO  metrics.RatisMetrics (RatisMetrics.java:lambda$create$0(36)) - Creating Metrics Registry : ratis.server_message_metrics.bf85b346-d6dc-4caf-ae79-65e1db1e806c
2021-06-11 19:07:09,778 [grpc-default-executor-1] INFO  server.RaftServer (RaftServerProxy.java:addNew(95)) - bf85b346-d6dc-4caf-ae79-65e1db1e806c: addNew group-6F62B5CC8E81:[133b101f-dcee-4efd-9163-9b3704aaa3ee|rpc:10.1.0.43:37475|dataStream:|priority:1, 0e0429f1-9636-4fc9-8820-e0f7c83710f3|rpc:10.1.0.43:33285|dataStream:|priority:0, bf85b346-d6dc-4caf-ae79-65e1db1e806c|rpc:10.1.0.43:43393|dataStream:|priority:0] returns group-6F62B5CC8E81:java.util.concurrent.CompletableFuture@7b7faa1f[Not completed]
2021-06-11 19:07:09,779 [pool-504-thread-1] INFO  server.RaftServer$Division (RaftServerImpl.java:<init>(180)) - bf85b346-d6dc-4caf-ae79-65e1db1e806c: new RaftServerImpl for group-6F62B5CC8E81:[133b101f-dcee-4efd-9163-9b3704aaa3ee|rpc:10.1.0.43:37475|dataStream:|priority:1, 0e0429f1-9636-4fc9-8820-e0f7c83710f3|rpc:10.1.0.43:33285|dataStream:|priority:0, bf85b346-d6dc-4caf-ae79-65e1db1e806c|rpc:10.1.0.43:43393|dataStream:|priority:0] with ContainerStateMachine:uninitialized
2021-06-11 19:07:09,779 [pool-504-thread-1] INFO  server.RaftServerConfigKeys (ConfUtils.java:logGet(44)) - raft.server.rpc.timeout.min = 5s (custom)
2021-06-11 19:07:09,779 [pool-504-thread-1] INFO  server.RaftServerConfigKeys (ConfUtils.java:logGet(44)) - raft.server.rpc.timeout.max = 5200ms (custom)
2021-06-11 19:07:09,779 [pool-504-thread-1] INFO  server.RaftServerConfigKeys (ConfUtils.java:logGet(44)) - raft.server.rpc.sleep.time = 25ms (default)
2021-06-11 19:07:09,779 [pool-504-thread-1] INFO  server.RaftServerConfigKeys (ConfUtils.java:logGet(44)) - raft.server.rpc.slowness.timeout = 300000ms (custom)
2021-06-11 19:07:09,779 [pool-504-thread-1] INFO  server.RaftServerConfigKeys (ConfUtils.java:logGet(44)) - raft.server.leaderelection.leader.step-down.wait-time = 10s (default)
2021-06-11 19:07:09,779 [pool-504-thread-1] INFO  server.RaftServerConfigKeys (ConfUtils.java:logGet(44)) - raft.server.sleep.deviation.threshold = 300ms (default)
2021-06-11 19:07:09,779 [pool-504-thread-1] INFO  server.RaftServerConfigKeys (ConfUtils.java:logGet(44)) - raft.server.log.appender.install.snapshot.enabled = false (custom)
2021-06-11 19:07:09,780 [pool-504-thread-1] INFO  server.RaftServer$Division (ServerState.java:<init>(105)) - bf85b346-d6dc-4caf-ae79-65e1db1e806c@group-6F62B5CC8E81: ConfigurationManager, init=-1: [133b101f-dcee-4efd-9163-9b3704aaa3ee|rpc:10.1.0.43:37475|dataStream:|priority:1, 0e0429f1-9636-4fc9-8820-e0f7c83710f3|rpc:10.1.0.43:33285|dataStream:|priority:0, bf85b346-d6dc-4caf-ae79-65e1db1e806c|rpc:10.1.0.43:43393|dataStream:|priority:0], old=null, confs=<EMPTY_MAP>
2021-06-11 19:07:09,780 [pool-504-thread-1] INFO  server.RaftServerConfigKeys (ConfUtils.java:logGet(44)) - raft.server.storage.dir = [/home/runner/work/ozone/ozone/mnt/ozone/hadoop-ozone/integration-test/target/test-dir/MiniOzoneClusterImpl-7f30813a-d1ba-41a1-975d-e59f1b24795c/datanode-4/data/ratis] (custom)
2021-06-11 19:07:09,780 [pool-504-thread-1] INFO  server.RaftServerConfigKeys (ConfUtils.java:logGet(44)) - raft.server.log.corruption.policy = EXCEPTION (default)
2021-06-11 19:07:09,780 [pool-504-thread-1] INFO  storage.RaftStorageDirectory (RaftStorageDirectoryImpl.java:analyzeStorage(132)) - The storage directory /home/runner/work/ozone/ozone/mnt/ozone/hadoop-ozone/integration-test/target/test-dir/MiniOzoneClusterImpl-7f30813a-d1ba-41a1-975d-e59f1b24795c/datanode-4/data/ratis/77e7b361-485a-407e-922f-6f62b5cc8e81 does not exist. Creating ...
2021-06-11 19:07:09,781 [pool-504-thread-1] INFO  storage.RaftStorageDirectory (RaftStorageDirectoryImpl.java:tryLock(215)) - Lock on /home/runner/work/ozone/ozone/mnt/ozone/hadoop-ozone/integration-test/target/test-dir/MiniOzoneClusterImpl-7f30813a-d1ba-41a1-975d-e59f1b24795c/datanode-4/data/ratis/77e7b361-485a-407e-922f-6f62b5cc8e81/in_use.lock acquired by nodename 18191@fv-az59-942
2021-06-11 19:07:09,781 [pool-504-thread-1] INFO  storage.RaftStorage (RaftStorageImpl.java:format(87)) - Storage directory /home/runner/work/ozone/ozone/mnt/ozone/hadoop-ozone/integration-test/target/test-dir/MiniOzoneClusterImpl-7f30813a-d1ba-41a1-975d-e59f1b24795c/datanode-4/data/ratis/77e7b361-485a-407e-922f-6f62b5cc8e81 has been successfully formatted.
2021-06-11 19:07:09,782 [pool-504-thread-1] INFO  ratis.ContainerStateMachine (ContainerStateMachine.java:loadSnapshot(224)) - group-6F62B5CC8E81: The snapshot info is null. Setting the last applied indexto:(t:0, i:~)
2021-06-11 19:07:09,783 [pool-504-thread-1] INFO  server.RaftServerConfigKeys (ConfUtils.java:logGet(44)) - raft.server.notification.no-leader.timeout = 300000ms (custom)
2021-06-11 19:07:09,783 [pool-504-thread-1] INFO  server.RaftServerConfigKeys (ConfUtils.java:logGet(44)) - raft.server.log.use.memory = false (default)
2021-06-11 19:07:09,788 [pool-504-thread-1] INFO  server.RaftServerConfigKeys (ConfUtils.java:logGet(44)) - raft.server.log.purge.gap = 1000000 (custom)
2021-06-11 19:07:09,788 [pool-504-thread-1] INFO  server.RaftServerConfigKeys (ConfUtils.java:logGet(44)) - raft.server.log.appender.buffer.byte-limit = 33554432 (custom)
2021-06-11 19:07:09,788 [pool-504-thread-1] INFO  metrics.RatisMetrics (RatisMetrics.java:lambda$create$0(36)) - Creating Metrics Registry : ratis.log_worker.bf85b346-d6dc-4caf-ae79-65e1db1e806c@group-6F62B5CC8E81
2021-06-11 19:07:09,788 [pool-504-thread-1] INFO  server.RaftServerConfigKeys (ConfUtils.java:logGet(44)) - raft.server.log.segment.size.max = 1048576 (custom)
2021-06-11 19:07:09,789 [pool-504-thread-1] INFO  server.RaftServerConfigKeys (ConfUtils.java:logGet(44)) - raft.server.log.segment.cache.num.max = 2 (custom)
2021-06-11 19:07:09,789 [pool-504-thread-1] INFO  server.RaftServerConfigKeys (ConfUtils.java:logGet(44)) - raft.server.log.segment.cache.size.max = 200MB (=209715200) (default)
2021-06-11 19:07:09,789 [pool-504-thread-1] INFO  segmented.SegmentedRaftLogWorker (SegmentedRaftLogWorker.java:<init>(182)) - new bf85b346-d6dc-4caf-ae79-65e1db1e806c@group-6F62B5CC8E81-SegmentedRaftLogWorker for RaftStorageImpl:Storage Directory /home/runner/work/ozone/ozone/mnt/ozone/hadoop-ozone/integration-test/target/test-dir/MiniOzoneClusterImpl-7f30813a-d1ba-41a1-975d-e59f1b24795c/datanode-4/data/ratis/77e7b361-485a-407e-922f-6f62b5cc8e81
2021-06-11 19:07:09,789 [pool-504-thread-1] INFO  server.RaftServerConfigKeys (ConfUtils.java:logGet(44)) - raft.server.log.queue.byte-limit = 2147483647 (custom)
2021-06-11 19:07:09,789 [pool-504-thread-1] INFO  server.RaftServerConfigKeys (ConfUtils.java:logGet(44)) - raft.server.log.queue.element-limit = 1024 (custom)
2021-06-11 19:07:09,789 [pool-504-thread-1] INFO  server.RaftServerConfigKeys (ConfUtils.java:logGet(44)) - raft.server.log.segment.size.max = 1048576 (custom)
2021-06-11 19:07:09,789 [pool-504-thread-1] INFO  server.RaftServerConfigKeys (ConfUtils.java:logGet(44)) - raft.server.log.preallocated.size = 16384 (custom)
2021-06-11 19:07:09,789 [pool-504-thread-1] INFO  server.RaftServerConfigKeys (ConfUtils.java:logGet(44)) - raft.server.log.force.sync.num = 128 (default)
2021-06-11 19:07:09,789 [pool-504-thread-1] INFO  server.RaftServerConfigKeys (ConfUtils.java:logGet(44)) - raft.server.log.statemachine.data.sync = true (default)
2021-06-11 19:07:09,789 [pool-504-thread-1] INFO  server.RaftServerConfigKeys (ConfUtils.java:logGet(44)) - raft.server.log.statemachine.data.sync.timeout = 10s (default)
2021-06-11 19:07:09,789 [pool-504-thread-1] INFO  server.RaftServerConfigKeys (ConfUtils.java:logGet(44)) - raft.server.log.statemachine.data.sync.timeout.retry = -1 (default)
2021-06-11 19:07:09,790 [pool-504-thread-1] INFO  server.RaftServerConfigKeys (ConfUtils.java:logGet(44)) - raft.server.log.write.buffer.size = 1048576 (custom)
2021-06-11 19:07:09,791 [pool-504-thread-1] INFO  server.RaftServerConfigKeys (ConfUtils.java:logGet(44)) - raft.server.log.statemachine.data.caching.enabled = true (custom)
2021-06-11 19:07:09,791 [pool-504-thread-1] INFO  segmented.SegmentedRaftLogWorker (SegmentedRaftLogWorker.java:lambda$new$0(133)) - bf85b346-d6dc-4caf-ae79-65e1db1e806c@group-6F62B5CC8E81-SegmentedRaftLogWorker: flushIndex: setUnconditionally 0 -> -1
2021-06-11 19:07:09,791 [pool-504-thread-1] INFO  segmented.SegmentedRaftLogWorker (SegmentedRaftLogWorker.java:lambda$new$0(133)) - bf85b346-d6dc-4caf-ae79-65e1db1e806c@group-6F62B5CC8E81-SegmentedRaftLogWorker: safeCacheEvictIndex: setUnconditionally 0 -> -1
2021-06-11 19:07:09,791 [pool-504-thread-1] INFO  server.RaftServerConfigKeys (ConfUtils.java:logGet(44)) - raft.server.snapshot.auto.trigger.enabled = true (custom)
2021-06-11 19:07:09,791 [pool-504-thread-1] INFO  server.RaftServerConfigKeys (ConfUtils.java:logGet(44)) - raft.server.snapshot.auto.trigger.threshold = 10000 (custom)
2021-06-11 19:07:09,792 [pool-504-thread-1] INFO  server.RaftServerConfigKeys (ConfUtils.java:logGet(44)) - raft.server.snapshot.retention.file.num = 5 (custom)
2021-06-11 19:07:09,792 [pool-504-thread-1] INFO  server.RaftServerConfigKeys (ConfUtils.java:logGet(44)) - raft.server.log.purge.upto.snapshot.index = false (default)
2021-06-11 19:07:09,792 [pool-504-thread-1] INFO  server.RaftServerConfigKeys (ConfUtils.java:logGet(44)) - raft.server.retrycache.expirytime = 600000ms (custom)
2021-06-11 19:07:09,792 [pool-504-thread-1] INFO  server.RaftServerConfigKeys (ConfUtils.java:logGet(44)) - raft.server.retrycache.statistics.expirytime = 100μs (default)
2021-06-11 19:07:09,792 [pool-504-thread-1] INFO  metrics.RatisMetrics (RatisMetrics.java:lambda$create$0(36)) - Creating Metrics Registry : ratis.leader_election.bf85b346-d6dc-4caf-ae79-65e1db1e806c@group-6F62B5CC8E81
2021-06-11 19:07:09,792 [pool-504-thread-1] INFO  metrics.RatisMetrics (RatisMetrics.java:lambda$create$0(36)) - Creating Metrics Registry : ratis.server.bf85b346-d6dc-4caf-ae79-65e1db1e806c@group-6F62B5CC8E81
2021-06-11 19:07:09,793 [pool-504-thread-1] INFO  server.RaftServer$Division (RaftServerImpl.java:start(295)) - bf85b346-d6dc-4caf-ae79-65e1db1e806c@group-6F62B5CC8E81: start as a follower, conf=-1: [133b101f-dcee-4efd-9163-9b3704aaa3ee|rpc:10.1.0.43:37475|dataStream:|priority:1, 0e0429f1-9636-4fc9-8820-e0f7c83710f3|rpc:10.1.0.43:33285|dataStream:|priority:0, bf85b346-d6dc-4caf-ae79-65e1db1e806c|rpc:10.1.0.43:43393|dataStream:|priority:0], old=null
2021-06-11 19:07:09,793 [pool-504-thread-1] INFO  server.RaftServer$Division (RaftServerImpl.java:setRole(284)) - bf85b346-d6dc-4caf-ae79-65e1db1e806c@group-6F62B5CC8E81: changes role from      null to FOLLOWER at term 0 for startAsFollower
2021-06-11 19:07:09,793 [pool-504-thread-1] INFO  impl.RoleInfo (RoleInfo.java:updateAndGet(130)) - bf85b346-d6dc-4caf-ae79-65e1db1e806c: start bf85b346-d6dc-4caf-ae79-65e1db1e806c@group-6F62B5CC8E81-FollowerState
2021-06-11 19:07:09,793 [pool-504-thread-1] INFO  util.JmxRegister (JmxRegister.java:tryRegister(44)) - Successfully registered JMX Bean with object name Ratis:service=RaftServer,group=group-6F62B5CC8E81,id=bf85b346-d6dc-4caf-ae79-65e1db1e806c
2021-06-11 19:07:09,794 [pool-504-thread-1] INFO  metrics.RatisMetrics (RatisMetrics.java:lambda$create$0(36)) - Creating Metrics Registry : ratis.state_machine.bf85b346-d6dc-4caf-ae79-65e1db1e806c@group-6F62B5CC8E81
2021-06-11 19:07:09,798 [Command processor thread] INFO  commandhandler.CreatePipelineCommandHandler (CreatePipelineCommandHandler.java:handle(106)) - Created Pipeline RATIS THREE PipelineID=77e7b361-485a-407e-922f-6f62b5cc8e81.
2021-06-11 19:07:09,798 [Command processor thread] INFO  server.RaftServer (RaftServerProxy.java:addNew(95)) - 0e0429f1-9636-4fc9-8820-e0f7c83710f3: addNew group-2AEC26317323:[133b101f-dcee-4efd-9163-9b3704aaa3ee|rpc:10.1.0.43:37475|priority:0, 0e0429f1-9636-4fc9-8820-e0f7c83710f3|rpc:10.1.0.43:33285|priority:1, bf85b346-d6dc-4caf-ae79-65e1db1e806c|rpc:10.1.0.43:43393|priority:0] returns group-2AEC26317323:java.util.concurrent.CompletableFuture@4b62fab4[Not completed]
2021-06-11 19:07:09,799 [pool-486-thread-1] INFO  server.RaftServer$Division (RaftServerImpl.java:<init>(180)) - 0e0429f1-9636-4fc9-8820-e0f7c83710f3: new RaftServerImpl for group-2AEC26317323:[133b101f-dcee-4efd-9163-9b3704aaa3ee|rpc:10.1.0.43:37475|priority:0, 0e0429f1-9636-4fc9-8820-e0f7c83710f3|rpc:10.1.0.43:33285|priority:1, bf85b346-d6dc-4caf-ae79-65e1db1e806c|rpc:10.1.0.43:43393|priority:0] with ContainerStateMachine:uninitialized
2021-06-11 19:07:09,799 [pool-486-thread-1] INFO  server.RaftServerConfigKeys (ConfUtils.java:logGet(44)) - raft.server.rpc.timeout.min = 5s (custom)
2021-06-11 19:07:09,799 [pool-486-thread-1] INFO  server.RaftServerConfigKeys (ConfUtils.java:logGet(44)) - raft.server.rpc.timeout.max = 5200ms (custom)
2021-06-11 19:07:09,799 [pool-486-thread-1] INFO  server.RaftServerConfigKeys (ConfUtils.java:logGet(44)) - raft.server.rpc.sleep.time = 25ms (default)
2021-06-11 19:07:09,799 [pool-486-thread-1] INFO  server.RaftServerConfigKeys (ConfUtils.java:logGet(44)) - raft.server.rpc.slowness.timeout = 300000ms (custom)
2021-06-11 19:07:09,799 [pool-486-thread-1] INFO  server.RaftServerConfigKeys (ConfUtils.java:logGet(44)) - raft.server.leaderelection.leader.step-down.wait-time = 10s (default)
2021-06-11 19:07:09,799 [pool-486-thread-1] INFO  server.RaftServerConfigKeys (ConfUtils.java:logGet(44)) - raft.server.sleep.deviation.threshold = 300ms (default)
2021-06-11 19:07:09,799 [pool-486-thread-1] INFO  server.RaftServerConfigKeys (ConfUtils.java:logGet(44)) - raft.server.log.appender.install.snapshot.enabled = false (custom)
2021-06-11 19:07:09,799 [pool-486-thread-1] INFO  server.RaftServer$Division (ServerState.java:<init>(105)) - 0e0429f1-9636-4fc9-8820-e0f7c83710f3@group-2AEC26317323: ConfigurationManager, init=-1: [133b101f-dcee-4efd-9163-9b3704aaa3ee|rpc:10.1.0.43:37475|priority:0, 0e0429f1-9636-4fc9-8820-e0f7c83710f3|rpc:10.1.0.43:33285|priority:1, bf85b346-d6dc-4caf-ae79-65e1db1e806c|rpc:10.1.0.43:43393|priority:0], old=null, confs=<EMPTY_MAP>
2021-06-11 19:07:09,799 [pool-486-thread-1] INFO  server.RaftServerConfigKeys (ConfUtils.java:logGet(44)) - raft.server.storage.dir = [/home/runner/work/ozone/ozone/mnt/ozone/hadoop-ozone/integration-test/target/test-dir/MiniOzoneClusterImpl-7f30813a-d1ba-41a1-975d-e59f1b24795c/datanode-3/data/ratis] (custom)
2021-06-11 19:07:09,799 [pool-486-thread-1] INFO  server.RaftServerConfigKeys (ConfUtils.java:logGet(44)) - raft.server.log.corruption.policy = EXCEPTION (default)
2021-06-11 19:07:09,799 [pool-486-thread-1] INFO  storage.RaftStorageDirectory (RaftStorageDirectoryImpl.java:analyzeStorage(132)) - The storage directory /home/runner/work/ozone/ozone/mnt/ozone/hadoop-ozone/integration-test/target/test-dir/MiniOzoneClusterImpl-7f30813a-d1ba-41a1-975d-e59f1b24795c/datanode-3/data/ratis/4436ad27-774d-4150-9d97-2aec26317323 does not exist. Creating ...
2021-06-11 19:07:09,800 [pool-486-thread-1] INFO  storage.RaftStorageDirectory (RaftStorageDirectoryImpl.java:tryLock(215)) - Lock on /home/runner/work/ozone/ozone/mnt/ozone/hadoop-ozone/integration-test/target/test-dir/MiniOzoneClusterImpl-7f30813a-d1ba-41a1-975d-e59f1b24795c/datanode-3/data/ratis/4436ad27-774d-4150-9d97-2aec26317323/in_use.lock acquired by nodename 18191@fv-az59-942
2021-06-11 19:07:09,801 [pool-486-thread-1] INFO  storage.RaftStorage (RaftStorageImpl.java:format(87)) - Storage directory /home/runner/work/ozone/ozone/mnt/ozone/hadoop-ozone/integration-test/target/test-dir/MiniOzoneClusterImpl-7f30813a-d1ba-41a1-975d-e59f1b24795c/datanode-3/data/ratis/4436ad27-774d-4150-9d97-2aec26317323 has been successfully formatted.
2021-06-11 19:07:09,801 [pool-486-thread-1] INFO  ratis.ContainerStateMachine (ContainerStateMachine.java:loadSnapshot(224)) - group-2AEC26317323: The snapshot info is null. Setting the last applied indexto:(t:0, i:~)
2021-06-11 19:07:09,801 [pool-486-thread-1] INFO  server.RaftServerConfigKeys (ConfUtils.java:logGet(44)) - raft.server.notification.no-leader.timeout = 300000ms (custom)
2021-06-11 19:07:09,801 [Command processor thread] INFO  server.RaftServer (RaftServerProxy.java:addNew(95)) - bf85b346-d6dc-4caf-ae79-65e1db1e806c: addNew group-4D8D835771A9:[bf85b346-d6dc-4caf-ae79-65e1db1e806c|rpc:10.1.0.43:43393|priority:1] returns group-4D8D835771A9:java.util.concurrent.CompletableFuture@71c6aa91[Not completed]
2021-06-11 19:07:09,802 [pool-486-thread-1] INFO  server.RaftServerConfigKeys (ConfUtils.java:logGet(44)) - raft.server.log.use.memory = false (default)
2021-06-11 19:07:09,802 [pool-486-thread-1] INFO  server.RaftServerConfigKeys (ConfUtils.java:logGet(44)) - raft.server.log.purge.gap = 1000000 (custom)
2021-06-11 19:07:09,802 [pool-486-thread-1] INFO  server.RaftServerConfigKeys (ConfUtils.java:logGet(44)) - raft.server.log.appender.buffer.byte-limit = 33554432 (custom)
2021-06-11 19:07:09,802 [pool-486-thread-1] INFO  metrics.RatisMetrics (RatisMetrics.java:lambda$create$0(36)) - Creating Metrics Registry : ratis.log_worker.0e0429f1-9636-4fc9-8820-e0f7c83710f3@group-2AEC26317323
2021-06-11 19:07:09,802 [EventQueue-OpenPipelineForHealthyPipelineSafeModeRule] INFO  safemode.SCMSafeModeManager (HealthyPipelineSafeModeRule.java:process(124)) - SCM in safe mode. Healthy pipelines reported count is 0, required healthy pipeline reported count is 1
2021-06-11 19:07:09,802 [pool-486-thread-1] INFO  server.RaftServerConfigKeys (ConfUtils.java:logGet(44)) - raft.server.log.segment.size.max = 1048576 (custom)
2021-06-11 19:07:09,803 [pool-486-thread-1] INFO  server.RaftServerConfigKeys (ConfUtils.java:logGet(44)) - raft.server.log.segment.cache.num.max = 2 (custom)
2021-06-11 19:07:09,803 [pool-504-thread-1] INFO  server.RaftServer$Division (RaftServerImpl.java:<init>(180)) - bf85b346-d6dc-4caf-ae79-65e1db1e806c: new RaftServerImpl for group-4D8D835771A9:[bf85b346-d6dc-4caf-ae79-65e1db1e806c|rpc:10.1.0.43:43393|priority:1] with ContainerStateMachine:uninitialized
2021-06-11 19:07:09,804 [pool-504-thread-1] INFO  server.RaftServerConfigKeys (ConfUtils.java:logGet(44)) - raft.server.rpc.timeout.min = 5s (custom)
2021-06-11 19:07:09,804 [pool-504-thread-1] INFO  server.RaftServerConfigKeys (ConfUtils.java:logGet(44)) - raft.server.rpc.timeout.max = 5200ms (custom)
2021-06-11 19:07:09,804 [pool-504-thread-1] INFO  server.RaftServerConfigKeys (ConfUtils.java:logGet(44)) - raft.server.rpc.sleep.time = 25ms (default)
2021-06-11 19:07:09,804 [pool-504-thread-1] INFO  server.RaftServerConfigKeys (ConfUtils.java:logGet(44)) - raft.server.rpc.slowness.timeout = 300000ms (custom)
2021-06-11 19:07:09,804 [pool-504-thread-1] INFO  server.RaftServerConfigKeys (ConfUtils.java:logGet(44)) - raft.server.leaderelection.leader.step-down.wait-time = 10s (default)
2021-06-11 19:07:09,804 [pool-504-thread-1] INFO  server.RaftServerConfigKeys (ConfUtils.java:logGet(44)) - raft.server.sleep.deviation.threshold = 300ms (default)
2021-06-11 19:07:09,804 [pool-504-thread-1] INFO  server.RaftServerConfigKeys (ConfUtils.java:logGet(44)) - raft.server.log.appender.install.snapshot.enabled = false (custom)
2021-06-11 19:07:09,804 [pool-504-thread-1] INFO  server.RaftServer$Division (ServerState.java:<init>(105)) - bf85b346-d6dc-4caf-ae79-65e1db1e806c@group-4D8D835771A9: ConfigurationManager, init=-1: [bf85b346-d6dc-4caf-ae79-65e1db1e806c|rpc:10.1.0.43:43393|priority:1], old=null, confs=<EMPTY_MAP>
2021-06-11 19:07:09,804 [pool-504-thread-1] INFO  server.RaftServerConfigKeys (ConfUtils.java:logGet(44)) - raft.server.storage.dir = [/home/runner/work/ozone/ozone/mnt/ozone/hadoop-ozone/integration-test/target/test-dir/MiniOzoneClusterImpl-7f30813a-d1ba-41a1-975d-e59f1b24795c/datanode-4/data/ratis] (custom)
2021-06-11 19:07:09,804 [pool-504-thread-1] INFO  server.RaftServerConfigKeys (ConfUtils.java:logGet(44)) - raft.server.log.corruption.policy = EXCEPTION (default)
2021-06-11 19:07:09,804 [pool-504-thread-1] INFO  storage.RaftStorageDirectory (RaftStorageDirectoryImpl.java:analyzeStorage(132)) - The storage directory /home/runner/work/ozone/ozone/mnt/ozone/hadoop-ozone/integration-test/target/test-dir/MiniOzoneClusterImpl-7f30813a-d1ba-41a1-975d-e59f1b24795c/datanode-4/data/ratis/8e4c0ab6-27ea-42c5-8b38-4d8d835771a9 does not exist. Creating ...
2021-06-11 19:07:09,805 [pool-486-thread-1] INFO  server.RaftServerConfigKeys (ConfUtils.java:logGet(44)) - raft.server.log.segment.cache.size.max = 200MB (=209715200) (default)
2021-06-11 19:07:09,805 [pool-486-thread-1] INFO  segmented.SegmentedRaftLogWorker (SegmentedRaftLogWorker.java:<init>(182)) - new 0e0429f1-9636-4fc9-8820-e0f7c83710f3@group-2AEC26317323-SegmentedRaftLogWorker for RaftStorageImpl:Storage Directory /home/runner/work/ozone/ozone/mnt/ozone/hadoop-ozone/integration-test/target/test-dir/MiniOzoneClusterImpl-7f30813a-d1ba-41a1-975d-e59f1b24795c/datanode-3/data/ratis/4436ad27-774d-4150-9d97-2aec26317323
2021-06-11 19:07:09,805 [pool-486-thread-1] INFO  server.RaftServerConfigKeys (ConfUtils.java:logGet(44)) - raft.server.log.queue.byte-limit = 2147483647 (custom)
2021-06-11 19:07:09,805 [pool-486-thread-1] INFO  server.RaftServerConfigKeys (ConfUtils.java:logGet(44)) - raft.server.log.queue.element-limit = 1024 (custom)
2021-06-11 19:07:09,805 [pool-486-thread-1] INFO  server.RaftServerConfigKeys (ConfUtils.java:logGet(44)) - raft.server.log.segment.size.max = 1048576 (custom)
2021-06-11 19:07:09,805 [pool-486-thread-1] INFO  server.RaftServerConfigKeys (ConfUtils.java:logGet(44)) - raft.server.log.preallocated.size = 16384 (custom)
2021-06-11 19:07:09,805 [pool-486-thread-1] INFO  server.RaftServerConfigKeys (ConfUtils.java:logGet(44)) - raft.server.log.force.sync.num = 128 (default)
2021-06-11 19:07:09,805 [pool-486-thread-1] INFO  server.RaftServerConfigKeys (ConfUtils.java:logGet(44)) - raft.server.log.statemachine.data.sync = true (default)
2021-06-11 19:07:09,805 [pool-486-thread-1] INFO  server.RaftServerConfigKeys (ConfUtils.java:logGet(44)) - raft.server.log.statemachine.data.sync.timeout = 10s (default)
2021-06-11 19:07:09,805 [pool-486-thread-1] INFO  server.RaftServerConfigKeys (ConfUtils.java:logGet(44)) - raft.server.log.statemachine.data.sync.timeout.retry = -1 (default)
2021-06-11 19:07:09,805 [pool-504-thread-1] INFO  storage.RaftStorageDirectory (RaftStorageDirectoryImpl.java:tryLock(215)) - Lock on /home/runner/work/ozone/ozone/mnt/ozone/hadoop-ozone/integration-test/target/test-dir/MiniOzoneClusterImpl-7f30813a-d1ba-41a1-975d-e59f1b24795c/datanode-4/data/ratis/8e4c0ab6-27ea-42c5-8b38-4d8d835771a9/in_use.lock acquired by nodename 18191@fv-az59-942
2021-06-11 19:07:09,806 [pool-504-thread-1] INFO  storage.RaftStorage (RaftStorageImpl.java:format(87)) - Storage directory /home/runner/work/ozone/ozone/mnt/ozone/hadoop-ozone/integration-test/target/test-dir/MiniOzoneClusterImpl-7f30813a-d1ba-41a1-975d-e59f1b24795c/datanode-4/data/ratis/8e4c0ab6-27ea-42c5-8b38-4d8d835771a9 has been successfully formatted.
2021-06-11 19:07:09,807 [pool-504-thread-1] INFO  ratis.ContainerStateMachine (ContainerStateMachine.java:loadSnapshot(224)) - group-4D8D835771A9: The snapshot info is null. Setting the last applied indexto:(t:0, i:~)
2021-06-11 19:07:09,807 [pool-504-thread-1] INFO  server.RaftServerConfigKeys (ConfUtils.java:logGet(44)) - raft.server.notification.no-leader.timeout = 300000ms (custom)
2021-06-11 19:07:09,807 [pool-504-thread-1] INFO  server.RaftServerConfigKeys (ConfUtils.java:logGet(44)) - raft.server.log.use.memory = false (default)
2021-06-11 19:07:09,807 [pool-504-thread-1] INFO  server.RaftServerConfigKeys (ConfUtils.java:logGet(44)) - raft.server.log.purge.gap = 1000000 (custom)
2021-06-11 19:07:09,807 [pool-504-thread-1] INFO  server.RaftServerConfigKeys (ConfUtils.java:logGet(44)) - raft.server.log.appender.buffer.byte-limit = 33554432 (custom)
2021-06-11 19:07:09,807 [EventQueue-PipelineReportForPipelineReportHandler] INFO  pipeline.PipelineManagerV2Impl (PipelineManagerV2Impl.java:openPipeline(270)) - Pipeline Pipeline[ Id: 8e4c0ab6-27ea-42c5-8b38-4d8d835771a9, Nodes: bf85b346-d6dc-4caf-ae79-65e1db1e806c{ip: 10.1.0.43, host: fv-az59-942.csjynl4pkq3e1pkirw3ssqjfoh.cx.internal.cloudapp.net, ports: [REPLICATION=34009, RATIS=43393, RATIS_ADMIN=43393, RATIS_SERVER=43393, STANDALONE=45299], networkLocation: /default-rack, certSerialId: null, persistedOpState: IN_SERVICE, persistedOpStateExpiryEpochSec: 0}, ReplicationConfig: RATIS/ONE, State:ALLOCATED, leaderId:bf85b346-d6dc-4caf-ae79-65e1db1e806c, CreationTimestamp2021-06-11T19:07:06.803Z] moved to OPEN state
2021-06-11 19:07:09,808 [EventQueue-OpenPipelineForHealthyPipelineSafeModeRule] INFO  safemode.SCMSafeModeManager (HealthyPipelineSafeModeRule.java:process(124)) - SCM in safe mode. Healthy pipelines reported count is 0, required healthy pipeline reported count is 1
2021-06-11 19:07:09,808 [pool-504-thread-1] INFO  metrics.RatisMetrics (RatisMetrics.java:lambda$create$0(36)) - Creating Metrics Registry : ratis.log_worker.bf85b346-d6dc-4caf-ae79-65e1db1e806c@group-4D8D835771A9
2021-06-11 19:07:09,808 [pool-504-thread-1] INFO  server.RaftServerConfigKeys (ConfUtils.java:logGet(44)) - raft.server.log.segment.size.max = 1048576 (custom)
2021-06-11 19:07:09,809 [pool-504-thread-1] INFO  server.RaftServerConfigKeys (ConfUtils.java:logGet(44)) - raft.server.log.segment.cache.num.max = 2 (custom)
2021-06-11 19:07:09,809 [pool-504-thread-1] INFO  server.RaftServerConfigKeys (ConfUtils.java:logGet(44)) - raft.server.log.segment.cache.size.max = 200MB (=209715200) (default)
2021-06-11 19:07:09,809 [pool-504-thread-1] INFO  segmented.SegmentedRaftLogWorker (SegmentedRaftLogWorker.java:<init>(182)) - new bf85b346-d6dc-4caf-ae79-65e1db1e806c@group-4D8D835771A9-SegmentedRaftLogWorker for RaftStorageImpl:Storage Directory /home/runner/work/ozone/ozone/mnt/ozone/hadoop-ozone/integration-test/target/test-dir/MiniOzoneClusterImpl-7f30813a-d1ba-41a1-975d-e59f1b24795c/datanode-4/data/ratis/8e4c0ab6-27ea-42c5-8b38-4d8d835771a9
2021-06-11 19:07:09,809 [pool-504-thread-1] INFO  server.RaftServerConfigKeys (ConfUtils.java:logGet(44)) - raft.server.log.queue.byte-limit = 2147483647 (custom)
2021-06-11 19:07:09,809 [pool-504-thread-1] INFO  server.RaftServerConfigKeys (ConfUtils.java:logGet(44)) - raft.server.log.queue.element-limit = 1024 (custom)
2021-06-11 19:07:09,809 [pool-504-thread-1] INFO  server.RaftServerConfigKeys (ConfUtils.java:logGet(44)) - raft.server.log.segment.size.max = 1048576 (custom)
2021-06-11 19:07:09,809 [pool-504-thread-1] INFO  server.RaftServerConfigKeys (ConfUtils.java:logGet(44)) - raft.server.log.preallocated.size = 16384 (custom)
2021-06-11 19:07:09,809 [pool-504-thread-1] INFO  server.RaftServerConfigKeys (ConfUtils.java:logGet(44)) - raft.server.log.force.sync.num = 128 (default)
2021-06-11 19:07:09,809 [pool-504-thread-1] INFO  server.RaftServerConfigKeys (ConfUtils.java:logGet(44)) - raft.server.log.statemachine.data.sync = true (default)
2021-06-11 19:07:09,809 [pool-504-thread-1] INFO  server.RaftServerConfigKeys (ConfUtils.java:logGet(44)) - raft.server.log.statemachine.data.sync.timeout = 10s (default)
2021-06-11 19:07:09,809 [pool-504-thread-1] INFO  server.RaftServerConfigKeys (ConfUtils.java:logGet(44)) - raft.server.log.statemachine.data.sync.timeout.retry = -1 (default)
2021-06-11 19:07:09,810 [pool-504-thread-1] INFO  server.RaftServerConfigKeys (ConfUtils.java:logGet(44)) - raft.server.log.write.buffer.size = 1048576 (custom)
2021-06-11 19:07:09,811 [pool-504-thread-1] INFO  server.RaftServerConfigKeys (ConfUtils.java:logGet(44)) - raft.server.log.statemachine.data.caching.enabled = true (custom)
2021-06-11 19:07:09,811 [pool-504-thread-1] INFO  segmented.SegmentedRaftLogWorker (SegmentedRaftLogWorker.java:lambda$new$0(133)) - bf85b346-d6dc-4caf-ae79-65e1db1e806c@group-4D8D835771A9-SegmentedRaftLogWorker: flushIndex: setUnconditionally 0 -> -1
2021-06-11 19:07:09,811 [pool-504-thread-1] INFO  segmented.SegmentedRaftLogWorker (SegmentedRaftLogWorker.java:lambda$new$0(133)) - bf85b346-d6dc-4caf-ae79-65e1db1e806c@group-4D8D835771A9-SegmentedRaftLogWorker: safeCacheEvictIndex: setUnconditionally 0 -> -1
2021-06-11 19:07:09,812 [pool-486-thread-1] INFO  server.RaftServerConfigKeys (ConfUtils.java:logGet(44)) - raft.server.log.write.buffer.size = 1048576 (custom)
2021-06-11 19:07:09,812 [pool-486-thread-1] INFO  server.RaftServerConfigKeys (ConfUtils.java:logGet(44)) - raft.server.log.statemachine.data.caching.enabled = true (custom)
2021-06-11 19:07:09,812 [pool-486-thread-1] INFO  segmented.SegmentedRaftLogWorker (SegmentedRaftLogWorker.java:lambda$new$0(133)) - 0e0429f1-9636-4fc9-8820-e0f7c83710f3@group-2AEC26317323-SegmentedRaftLogWorker: flushIndex: setUnconditionally 0 -> -1
2021-06-11 19:07:09,813 [pool-486-thread-1] INFO  segmented.SegmentedRaftLogWorker (SegmentedRaftLogWorker.java:lambda$new$0(133)) - 0e0429f1-9636-4fc9-8820-e0f7c83710f3@group-2AEC26317323-SegmentedRaftLogWorker: safeCacheEvictIndex: setUnconditionally 0 -> -1
2021-06-11 19:07:09,816 [pool-504-thread-1] INFO  server.RaftServerConfigKeys (ConfUtils.java:logGet(44)) - raft.server.snapshot.auto.trigger.enabled = true (custom)
2021-06-11 19:07:09,816 [pool-504-thread-1] INFO  server.RaftServerConfigKeys (ConfUtils.java:logGet(44)) - raft.server.snapshot.auto.trigger.threshold = 10000 (custom)
2021-06-11 19:07:09,816 [pool-504-thread-1] INFO  server.RaftServerConfigKeys (ConfUtils.java:logGet(44)) - raft.server.snapshot.retention.file.num = 5 (custom)
2021-06-11 19:07:09,816 [pool-504-thread-1] INFO  server.RaftServerConfigKeys (ConfUtils.java:logGet(44)) - raft.server.log.purge.upto.snapshot.index = false (default)
2021-06-11 19:07:09,816 [pool-504-thread-1] INFO  server.RaftServerConfigKeys (ConfUtils.java:logGet(44)) - raft.server.retrycache.expirytime = 600000ms (custom)
2021-06-11 19:07:09,816 [pool-504-thread-1] INFO  server.RaftServerConfigKeys (ConfUtils.java:logGet(44)) - raft.server.retrycache.statistics.expirytime = 100μs (default)
2021-06-11 19:07:09,816 [pool-504-thread-1] INFO  metrics.RatisMetrics (RatisMetrics.java:lambda$create$0(36)) - Creating Metrics Registry : ratis.leader_election.bf85b346-d6dc-4caf-ae79-65e1db1e806c@group-4D8D835771A9
2021-06-11 19:07:09,817 [pool-504-thread-1] INFO  metrics.RatisMetrics (RatisMetrics.java:lambda$create$0(36)) - Creating Metrics Registry : ratis.server.bf85b346-d6dc-4caf-ae79-65e1db1e806c@group-4D8D835771A9
2021-06-11 19:07:09,818 [pool-504-thread-1] INFO  server.RaftServer$Division (RaftServerImpl.java:start(295)) - bf85b346-d6dc-4caf-ae79-65e1db1e806c@group-4D8D835771A9: start as a follower, conf=-1: [bf85b346-d6dc-4caf-ae79-65e1db1e806c|rpc:10.1.0.43:43393|priority:1], old=null
2021-06-11 19:07:09,818 [pool-504-thread-1] INFO  server.RaftServer$Division (RaftServerImpl.java:setRole(284)) - bf85b346-d6dc-4caf-ae79-65e1db1e806c@group-4D8D835771A9: changes role from      null to FOLLOWER at term 0 for startAsFollower
2021-06-11 19:07:09,818 [pool-486-thread-1] INFO  server.RaftServerConfigKeys (ConfUtils.java:logGet(44)) - raft.server.snapshot.auto.trigger.enabled = true (custom)
2021-06-11 19:07:09,818 [pool-486-thread-1] INFO  server.RaftServerConfigKeys (ConfUtils.java:logGet(44)) - raft.server.snapshot.auto.trigger.threshold = 10000 (custom)
2021-06-11 19:07:09,818 [pool-486-thread-1] INFO  server.RaftServerConfigKeys (ConfUtils.java:logGet(44)) - raft.server.snapshot.retention.file.num = 5 (custom)
2021-06-11 19:07:09,818 [pool-486-thread-1] INFO  server.RaftServerConfigKeys (ConfUtils.java:logGet(44)) - raft.server.log.purge.upto.snapshot.index = false (default)
2021-06-11 19:07:09,818 [pool-486-thread-1] INFO  server.RaftServerConfigKeys (ConfUtils.java:logGet(44)) - raft.server.retrycache.expirytime = 600000ms (custom)
2021-06-11 19:07:09,818 [pool-486-thread-1] INFO  server.RaftServerConfigKeys (ConfUtils.java:logGet(44)) - raft.server.retrycache.statistics.expirytime = 100μs (default)
2021-06-11 19:07:09,818 [pool-486-thread-1] INFO  metrics.RatisMetrics (RatisMetrics.java:lambda$create$0(36)) - Creating Metrics Registry : ratis.leader_election.0e0429f1-9636-4fc9-8820-e0f7c83710f3@group-2AEC26317323
2021-06-11 19:07:09,819 [pool-486-thread-1] INFO  metrics.RatisMetrics (RatisMetrics.java:lambda$create$0(36)) - Creating Metrics Registry : ratis.server.0e0429f1-9636-4fc9-8820-e0f7c83710f3@group-2AEC26317323
2021-06-11 19:07:09,819 [pool-486-thread-1] INFO  server.RaftServer$Division (RaftServerImpl.java:start(295)) - 0e0429f1-9636-4fc9-8820-e0f7c83710f3@group-2AEC26317323: start as a follower, conf=-1: [133b101f-dcee-4efd-9163-9b3704aaa3ee|rpc:10.1.0.43:37475|priority:0, 0e0429f1-9636-4fc9-8820-e0f7c83710f3|rpc:10.1.0.43:33285|priority:1, bf85b346-d6dc-4caf-ae79-65e1db1e806c|rpc:10.1.0.43:43393|priority:0], old=null
2021-06-11 19:07:09,820 [pool-486-thread-1] INFO  server.RaftServer$Division (RaftServerImpl.java:setRole(284)) - 0e0429f1-9636-4fc9-8820-e0f7c83710f3@group-2AEC26317323: changes role from      null to FOLLOWER at term 0 for startAsFollower
2021-06-11 19:07:09,820 [pool-486-thread-1] INFO  impl.RoleInfo (RoleInfo.java:updateAndGet(130)) - 0e0429f1-9636-4fc9-8820-e0f7c83710f3: start 0e0429f1-9636-4fc9-8820-e0f7c83710f3@group-2AEC26317323-FollowerState
2021-06-11 19:07:09,820 [pool-486-thread-1] INFO  util.JmxRegister (JmxRegister.java:tryRegister(44)) - Successfully registered JMX Bean with object name Ratis:service=RaftServer,group=group-2AEC26317323,id=0e0429f1-9636-4fc9-8820-e0f7c83710f3
2021-06-11 19:07:09,820 [pool-486-thread-1] INFO  metrics.RatisMetrics (RatisMetrics.java:lambda$create$0(36)) - Creating Metrics Registry : ratis.state_machine.0e0429f1-9636-4fc9-8820-e0f7c83710f3@group-2AEC26317323
2021-06-11 19:07:09,820 [pool-504-thread-1] INFO  impl.RoleInfo (RoleInfo.java:updateAndGet(130)) - bf85b346-d6dc-4caf-ae79-65e1db1e806c: start bf85b346-d6dc-4caf-ae79-65e1db1e806c@group-4D8D835771A9-FollowerState
2021-06-11 19:07:09,820 [Command processor thread] INFO  ratis.XceiverServerRatis (XceiverServerRatis.java:addGroup(808)) - Created group PipelineID=4436ad27-774d-4150-9d97-2aec26317323
2021-06-11 19:07:09,821 [Command processor thread] INFO  metrics.RatisMetrics (RatisMetrics.java:lambda$create$0(36)) - Creating Metrics Registry : ratis.client_message_metrics.client-437DA1B4B475->133b101f-dcee-4efd-9163-9b3704aaa3ee
2021-06-11 19:07:09,823 [pool-504-thread-1] INFO  util.JmxRegister (JmxRegister.java:tryRegister(44)) - Successfully registered JMX Bean with object name Ratis:service=RaftServer,group=group-4D8D835771A9,id=bf85b346-d6dc-4caf-ae79-65e1db1e806c
2021-06-11 19:07:09,823 [pool-504-thread-1] INFO  metrics.RatisMetrics (RatisMetrics.java:lambda$create$0(36)) - Creating Metrics Registry : ratis.state_machine.bf85b346-d6dc-4caf-ae79-65e1db1e806c@group-4D8D835771A9
2021-06-11 19:07:09,824 [Command processor thread] INFO  ratis.XceiverServerRatis (XceiverServerRatis.java:addGroup(808)) - Created group PipelineID=8e4c0ab6-27ea-42c5-8b38-4d8d835771a9
2021-06-11 19:07:09,827 [Command processor thread] INFO  commandhandler.CreatePipelineCommandHandler (CreatePipelineCommandHandler.java:handle(106)) - Created Pipeline RATIS ONE PipelineID=8e4c0ab6-27ea-42c5-8b38-4d8d835771a9.
2021-06-11 19:07:09,827 [Command processor thread] INFO  server.RaftServer (RaftServerProxy.java:addNew(95)) - bf85b346-d6dc-4caf-ae79-65e1db1e806c: addNew group-2AEC26317323:[133b101f-dcee-4efd-9163-9b3704aaa3ee|rpc:10.1.0.43:37475|priority:0, 0e0429f1-9636-4fc9-8820-e0f7c83710f3|rpc:10.1.0.43:33285|priority:1, bf85b346-d6dc-4caf-ae79-65e1db1e806c|rpc:10.1.0.43:43393|priority:0] returns group-2AEC26317323:java.util.concurrent.CompletableFuture@7f015ad9[Not completed]
2021-06-11 19:07:09,828 [pool-504-thread-1] INFO  server.RaftServer$Division (RaftServerImpl.java:<init>(180)) - bf85b346-d6dc-4caf-ae79-65e1db1e806c: new RaftServerImpl for group-2AEC26317323:[133b101f-dcee-4efd-9163-9b3704aaa3ee|rpc:10.1.0.43:37475|priority:0, 0e0429f1-9636-4fc9-8820-e0f7c83710f3|rpc:10.1.0.43:33285|priority:1, bf85b346-d6dc-4caf-ae79-65e1db1e806c|rpc:10.1.0.43:43393|priority:0] with ContainerStateMachine:uninitialized
2021-06-11 19:07:09,828 [pool-504-thread-1] INFO  server.RaftServerConfigKeys (ConfUtils.java:logGet(44)) - raft.server.rpc.timeout.min = 5s (custom)
2021-06-11 19:07:09,828 [pool-504-thread-1] INFO  server.RaftServerConfigKeys (ConfUtils.java:logGet(44)) - raft.server.rpc.timeout.max = 5200ms (custom)
2021-06-11 19:07:09,828 [pool-504-thread-1] INFO  server.RaftServerConfigKeys (ConfUtils.java:logGet(44)) - raft.server.rpc.sleep.time = 25ms (default)
2021-06-11 19:07:09,828 [pool-504-thread-1] INFO  server.RaftServerConfigKeys (ConfUtils.java:logGet(44)) - raft.server.rpc.slowness.timeout = 300000ms (custom)
2021-06-11 19:07:09,828 [pool-504-thread-1] INFO  server.RaftServerConfigKeys (ConfUtils.java:logGet(44)) - raft.server.leaderelection.leader.step-down.wait-time = 10s (default)
2021-06-11 19:07:09,828 [pool-504-thread-1] INFO  server.RaftServerConfigKeys (ConfUtils.java:logGet(44)) - raft.server.sleep.deviation.threshold = 300ms (default)
2021-06-11 19:07:09,828 [pool-504-thread-1] INFO  server.RaftServerConfigKeys (ConfUtils.java:logGet(44)) - raft.server.log.appender.install.snapshot.enabled = false (custom)
2021-06-11 19:07:09,828 [pool-504-thread-1] INFO  server.RaftServer$Division (ServerState.java:<init>(105)) - bf85b346-d6dc-4caf-ae79-65e1db1e806c@group-2AEC26317323: ConfigurationManager, init=-1: [133b101f-dcee-4efd-9163-9b3704aaa3ee|rpc:10.1.0.43:37475|priority:0, 0e0429f1-9636-4fc9-8820-e0f7c83710f3|rpc:10.1.0.43:33285|priority:1, bf85b346-d6dc-4caf-ae79-65e1db1e806c|rpc:10.1.0.43:43393|priority:0], old=null, confs=<EMPTY_MAP>
2021-06-11 19:07:09,828 [pool-504-thread-1] INFO  server.RaftServerConfigKeys (ConfUtils.java:logGet(44)) - raft.server.storage.dir = [/home/runner/work/ozone/ozone/mnt/ozone/hadoop-ozone/integration-test/target/test-dir/MiniOzoneClusterImpl-7f30813a-d1ba-41a1-975d-e59f1b24795c/datanode-4/data/ratis] (custom)
2021-06-11 19:07:09,828 [pool-504-thread-1] INFO  server.RaftServerConfigKeys (ConfUtils.java:logGet(44)) - raft.server.log.corruption.policy = EXCEPTION (default)
2021-06-11 19:07:09,828 [pool-504-thread-1] INFO  storage.RaftStorageDirectory (RaftStorageDirectoryImpl.java:analyzeStorage(132)) - The storage directory /home/runner/work/ozone/ozone/mnt/ozone/hadoop-ozone/integration-test/target/test-dir/MiniOzoneClusterImpl-7f30813a-d1ba-41a1-975d-e59f1b24795c/datanode-4/data/ratis/4436ad27-774d-4150-9d97-2aec26317323 does not exist. Creating ...
2021-06-11 19:07:09,830 [grpc-default-executor-1] INFO  server.RaftServer (RaftServerProxy.java:addNew(95)) - 133b101f-dcee-4efd-9163-9b3704aaa3ee: addNew group-2AEC26317323:[133b101f-dcee-4efd-9163-9b3704aaa3ee|rpc:10.1.0.43:37475|dataStream:|priority:0, 0e0429f1-9636-4fc9-8820-e0f7c83710f3|rpc:10.1.0.43:33285|dataStream:|priority:1, bf85b346-d6dc-4caf-ae79-65e1db1e806c|rpc:10.1.0.43:43393|dataStream:|priority:0] returns group-2AEC26317323:java.util.concurrent.CompletableFuture@39d006d6[Not completed]
2021-06-11 19:07:09,831 [pool-522-thread-1] INFO  server.RaftServer$Division (RaftServerImpl.java:<init>(180)) - 133b101f-dcee-4efd-9163-9b3704aaa3ee: new RaftServerImpl for group-2AEC26317323:[133b101f-dcee-4efd-9163-9b3704aaa3ee|rpc:10.1.0.43:37475|dataStream:|priority:0, 0e0429f1-9636-4fc9-8820-e0f7c83710f3|rpc:10.1.0.43:33285|dataStream:|priority:1, bf85b346-d6dc-4caf-ae79-65e1db1e806c|rpc:10.1.0.43:43393|dataStream:|priority:0] with ContainerStateMachine:uninitialized
2021-06-11 19:07:09,831 [pool-522-thread-1] INFO  server.RaftServerConfigKeys (ConfUtils.java:logGet(44)) - raft.server.rpc.timeout.min = 5s (custom)
2021-06-11 19:07:09,831 [pool-522-thread-1] INFO  server.RaftServerConfigKeys (ConfUtils.java:logGet(44)) - raft.server.rpc.timeout.max = 5200ms (custom)
2021-06-11 19:07:09,831 [pool-522-thread-1] INFO  server.RaftServerConfigKeys (ConfUtils.java:logGet(44)) - raft.server.rpc.sleep.time = 25ms (default)
2021-06-11 19:07:09,831 [pool-522-thread-1] INFO  server.RaftServerConfigKeys (ConfUtils.java:logGet(44)) - raft.server.rpc.slowness.timeout = 300000ms (custom)
2021-06-11 19:07:09,831 [pool-522-thread-1] INFO  server.RaftServerConfigKeys (ConfUtils.java:logGet(44)) - raft.server.leaderelection.leader.step-down.wait-time = 10s (default)
2021-06-11 19:07:09,831 [pool-522-thread-1] INFO  server.RaftServerConfigKeys (ConfUtils.java:logGet(44)) - raft.server.sleep.deviation.threshold = 300ms (default)
2021-06-11 19:07:09,831 [pool-522-thread-1] INFO  server.RaftServerConfigKeys (ConfUtils.java:logGet(44)) - raft.server.log.appender.install.snapshot.enabled = false (custom)
2021-06-11 19:07:09,831 [pool-522-thread-1] INFO  server.RaftServer$Division (ServerState.java:<init>(105)) - 133b101f-dcee-4efd-9163-9b3704aaa3ee@group-2AEC26317323: ConfigurationManager, init=-1: [133b101f-dcee-4efd-9163-9b3704aaa3ee|rpc:10.1.0.43:37475|dataStream:|priority:0, 0e0429f1-9636-4fc9-8820-e0f7c83710f3|rpc:10.1.0.43:33285|dataStream:|priority:1, bf85b346-d6dc-4caf-ae79-65e1db1e806c|rpc:10.1.0.43:43393|dataStream:|priority:0], old=null, confs=<EMPTY_MAP>
2021-06-11 19:07:09,831 [pool-522-thread-1] INFO  server.RaftServerConfigKeys (ConfUtils.java:logGet(44)) - raft.server.storage.dir = [/home/runner/work/ozone/ozone/mnt/ozone/hadoop-ozone/integration-test/target/test-dir/MiniOzoneClusterImpl-7f30813a-d1ba-41a1-975d-e59f1b24795c/datanode-5/data/ratis] (custom)
2021-06-11 19:07:09,831 [pool-522-thread-1] INFO  server.RaftServerConfigKeys (ConfUtils.java:logGet(44)) - raft.server.log.corruption.policy = EXCEPTION (default)
2021-06-11 19:07:09,831 [pool-522-thread-1] INFO  storage.RaftStorageDirectory (RaftStorageDirectoryImpl.java:analyzeStorage(132)) - The storage directory /home/runner/work/ozone/ozone/mnt/ozone/hadoop-ozone/integration-test/target/test-dir/MiniOzoneClusterImpl-7f30813a-d1ba-41a1-975d-e59f1b24795c/datanode-5/data/ratis/4436ad27-774d-4150-9d97-2aec26317323 does not exist. Creating ...
2021-06-11 19:07:09,831 [pool-504-thread-1] INFO  storage.RaftStorageDirectory (RaftStorageDirectoryImpl.java:tryLock(215)) - Lock on /home/runner/work/ozone/ozone/mnt/ozone/hadoop-ozone/integration-test/target/test-dir/MiniOzoneClusterImpl-7f30813a-d1ba-41a1-975d-e59f1b24795c/datanode-4/data/ratis/4436ad27-774d-4150-9d97-2aec26317323/in_use.lock acquired by nodename 18191@fv-az59-942
2021-06-11 19:07:09,832 [pool-522-thread-1] INFO  storage.RaftStorageDirectory (RaftStorageDirectoryImpl.java:tryLock(215)) - Lock on /home/runner/work/ozone/ozone/mnt/ozone/hadoop-ozone/integration-test/target/test-dir/MiniOzoneClusterImpl-7f30813a-d1ba-41a1-975d-e59f1b24795c/datanode-5/data/ratis/4436ad27-774d-4150-9d97-2aec26317323/in_use.lock acquired by nodename 18191@fv-az59-942
2021-06-11 19:07:09,833 [pool-522-thread-1] INFO  storage.RaftStorage (RaftStorageImpl.java:format(87)) - Storage directory /home/runner/work/ozone/ozone/mnt/ozone/hadoop-ozone/integration-test/target/test-dir/MiniOzoneClusterImpl-7f30813a-d1ba-41a1-975d-e59f1b24795c/datanode-5/data/ratis/4436ad27-774d-4150-9d97-2aec26317323 has been successfully formatted.
2021-06-11 19:07:09,833 [pool-522-thread-1] INFO  ratis.ContainerStateMachine (ContainerStateMachine.java:loadSnapshot(224)) - group-2AEC26317323: The snapshot info is null. Setting the last applied indexto:(t:0, i:~)
2021-06-11 19:07:09,833 [pool-522-thread-1] INFO  server.RaftServerConfigKeys (ConfUtils.java:logGet(44)) - raft.server.notification.no-leader.timeout = 300000ms (custom)
2021-06-11 19:07:09,833 [pool-522-thread-1] INFO  server.RaftServerConfigKeys (ConfUtils.java:logGet(44)) - raft.server.log.use.memory = false (default)
2021-06-11 19:07:09,833 [pool-522-thread-1] INFO  server.RaftServerConfigKeys (ConfUtils.java:logGet(44)) - raft.server.log.purge.gap = 1000000 (custom)
2021-06-11 19:07:09,833 [pool-522-thread-1] INFO  server.RaftServerConfigKeys (ConfUtils.java:logGet(44)) - raft.server.log.appender.buffer.byte-limit = 33554432 (custom)
2021-06-11 19:07:09,833 [pool-522-thread-1] INFO  metrics.RatisMetrics (RatisMetrics.java:lambda$create$0(36)) - Creating Metrics Registry : ratis.log_worker.133b101f-dcee-4efd-9163-9b3704aaa3ee@group-2AEC26317323
2021-06-11 19:07:09,834 [pool-504-thread-1] INFO  storage.RaftStorage (RaftStorageImpl.java:format(87)) - Storage directory /home/runner/work/ozone/ozone/mnt/ozone/hadoop-ozone/integration-test/target/test-dir/MiniOzoneClusterImpl-7f30813a-d1ba-41a1-975d-e59f1b24795c/datanode-4/data/ratis/4436ad27-774d-4150-9d97-2aec26317323 has been successfully formatted.
2021-06-11 19:07:09,834 [pool-504-thread-1] INFO  ratis.ContainerStateMachine (ContainerStateMachine.java:loadSnapshot(224)) - group-2AEC26317323: The snapshot info is null. Setting the last applied indexto:(t:0, i:~)
2021-06-11 19:07:09,834 [pool-504-thread-1] INFO  server.RaftServerConfigKeys (ConfUtils.java:logGet(44)) - raft.server.notification.no-leader.timeout = 300000ms (custom)
2021-06-11 19:07:09,834 [pool-504-thread-1] INFO  server.RaftServerConfigKeys (ConfUtils.java:logGet(44)) - raft.server.log.use.memory = false (default)
2021-06-11 19:07:09,834 [pool-504-thread-1] INFO  server.RaftServerConfigKeys (ConfUtils.java:logGet(44)) - raft.server.log.purge.gap = 1000000 (custom)
2021-06-11 19:07:09,835 [pool-504-thread-1] INFO  server.RaftServerConfigKeys (ConfUtils.java:logGet(44)) - raft.server.log.appender.buffer.byte-limit = 33554432 (custom)
2021-06-11 19:07:09,835 [pool-504-thread-1] INFO  metrics.RatisMetrics (RatisMetrics.java:lambda$create$0(36)) - Creating Metrics Registry : ratis.log_worker.bf85b346-d6dc-4caf-ae79-65e1db1e806c@group-2AEC26317323
2021-06-11 19:07:09,835 [pool-504-thread-1] INFO  server.RaftServerConfigKeys (ConfUtils.java:logGet(44)) - raft.server.log.segment.size.max = 1048576 (custom)
2021-06-11 19:07:09,835 [pool-504-thread-1] INFO  server.RaftServerConfigKeys (ConfUtils.java:logGet(44)) - raft.server.log.segment.cache.num.max = 2 (custom)
2021-06-11 19:07:09,835 [pool-504-thread-1] INFO  server.RaftServerConfigKeys (ConfUtils.java:logGet(44)) - raft.server.log.segment.cache.size.max = 200MB (=209715200) (default)
2021-06-11 19:07:09,835 [pool-504-thread-1] INFO  segmented.SegmentedRaftLogWorker (SegmentedRaftLogWorker.java:<init>(182)) - new bf85b346-d6dc-4caf-ae79-65e1db1e806c@group-2AEC26317323-SegmentedRaftLogWorker for RaftStorageImpl:Storage Directory /home/runner/work/ozone/ozone/mnt/ozone/hadoop-ozone/integration-test/target/test-dir/MiniOzoneClusterImpl-7f30813a-d1ba-41a1-975d-e59f1b24795c/datanode-4/data/ratis/4436ad27-774d-4150-9d97-2aec26317323
2021-06-11 19:07:09,835 [pool-504-thread-1] INFO  server.RaftServerConfigKeys (ConfUtils.java:logGet(44)) - raft.server.log.queue.byte-limit = 2147483647 (custom)
2021-06-11 19:07:09,835 [pool-504-thread-1] INFO  server.RaftServerConfigKeys (ConfUtils.java:logGet(44)) - raft.server.log.queue.element-limit = 1024 (custom)
2021-06-11 19:07:09,835 [pool-504-thread-1] INFO  server.RaftServerConfigKeys (ConfUtils.java:logGet(44)) - raft.server.log.segment.size.max = 1048576 (custom)
2021-06-11 19:07:09,835 [pool-504-thread-1] INFO  server.RaftServerConfigKeys (ConfUtils.java:logGet(44)) - raft.server.log.preallocated.size = 16384 (custom)
2021-06-11 19:07:09,835 [pool-504-thread-1] INFO  server.RaftServerConfigKeys (ConfUtils.java:logGet(44)) - raft.server.log.force.sync.num = 128 (default)
2021-06-11 19:07:09,835 [pool-504-thread-1] INFO  server.RaftServerConfigKeys (ConfUtils.java:logGet(44)) - raft.server.log.statemachine.data.sync = true (default)
2021-06-11 19:07:09,835 [pool-504-thread-1] INFO  server.RaftServerConfigKeys (ConfUtils.java:logGet(44)) - raft.server.log.statemachine.data.sync.timeout = 10s (default)
2021-06-11 19:07:09,835 [pool-504-thread-1] INFO  server.RaftServerConfigKeys (ConfUtils.java:logGet(44)) - raft.server.log.statemachine.data.sync.timeout.retry = -1 (default)
2021-06-11 19:07:09,836 [pool-522-thread-1] INFO  server.RaftServerConfigKeys (ConfUtils.java:logGet(44)) - raft.server.log.segment.size.max = 1048576 (custom)
2021-06-11 19:07:09,836 [EventQueue-OpenPipelineForHealthyPipelineSafeModeRule] INFO  safemode.SCMSafeModeManager (HealthyPipelineSafeModeRule.java:process(124)) - SCM in safe mode. Healthy pipelines reported count is 0, required healthy pipeline reported count is 1
2021-06-11 19:07:09,838 [pool-522-thread-1] INFO  server.RaftServerConfigKeys (ConfUtils.java:logGet(44)) - raft.server.log.segment.cache.num.max = 2 (custom)
2021-06-11 19:07:09,838 [pool-522-thread-1] INFO  server.RaftServerConfigKeys (ConfUtils.java:logGet(44)) - raft.server.log.segment.cache.size.max = 200MB (=209715200) (default)
2021-06-11 19:07:09,838 [pool-522-thread-1] INFO  segmented.SegmentedRaftLogWorker (SegmentedRaftLogWorker.java:<init>(182)) - new 133b101f-dcee-4efd-9163-9b3704aaa3ee@group-2AEC26317323-SegmentedRaftLogWorker for RaftStorageImpl:Storage Directory /home/runner/work/ozone/ozone/mnt/ozone/hadoop-ozone/integration-test/target/test-dir/MiniOzoneClusterImpl-7f30813a-d1ba-41a1-975d-e59f1b24795c/datanode-5/data/ratis/4436ad27-774d-4150-9d97-2aec26317323
2021-06-11 19:07:09,838 [pool-522-thread-1] INFO  server.RaftServerConfigKeys (ConfUtils.java:logGet(44)) - raft.server.log.queue.byte-limit = 2147483647 (custom)
2021-06-11 19:07:09,838 [pool-522-thread-1] INFO  server.RaftServerConfigKeys (ConfUtils.java:logGet(44)) - raft.server.log.queue.element-limit = 1024 (custom)
2021-06-11 19:07:09,839 [pool-522-thread-1] INFO  server.RaftServerConfigKeys (ConfUtils.java:logGet(44)) - raft.server.log.segment.size.max = 1048576 (custom)
2021-06-11 19:07:09,839 [pool-504-thread-1] INFO  server.RaftServerConfigKeys (ConfUtils.java:logGet(44)) - raft.server.log.write.buffer.size = 1048576 (custom)
2021-06-11 19:07:09,839 [pool-522-thread-1] INFO  server.RaftServerConfigKeys (ConfUtils.java:logGet(44)) - raft.server.log.preallocated.size = 16384 (custom)
2021-06-11 19:07:09,839 [pool-522-thread-1] INFO  server.RaftServerConfigKeys (ConfUtils.java:logGet(44)) - raft.server.log.force.sync.num = 128 (default)
2021-06-11 19:07:09,839 [pool-522-thread-1] INFO  server.RaftServerConfigKeys (ConfUtils.java:logGet(44)) - raft.server.log.statemachine.data.sync = true (default)
2021-06-11 19:07:09,839 [pool-522-thread-1] INFO  server.RaftServerConfigKeys (ConfUtils.java:logGet(44)) - raft.server.log.statemachine.data.sync.timeout = 10s (default)
2021-06-11 19:07:09,839 [pool-522-thread-1] INFO  server.RaftServerConfigKeys (ConfUtils.java:logGet(44)) - raft.server.log.statemachine.data.sync.timeout.retry = -1 (default)
2021-06-11 19:07:09,839 [pool-504-thread-1] INFO  server.RaftServerConfigKeys (ConfUtils.java:logGet(44)) - raft.server.log.statemachine.data.caching.enabled = true (custom)
2021-06-11 19:07:09,839 [pool-504-thread-1] INFO  segmented.SegmentedRaftLogWorker (SegmentedRaftLogWorker.java:lambda$new$0(133)) - bf85b346-d6dc-4caf-ae79-65e1db1e806c@group-2AEC26317323-SegmentedRaftLogWorker: flushIndex: setUnconditionally 0 -> -1
2021-06-11 19:07:09,840 [pool-504-thread-1] INFO  segmented.SegmentedRaftLogWorker (SegmentedRaftLogWorker.java:lambda$new$0(133)) - bf85b346-d6dc-4caf-ae79-65e1db1e806c@group-2AEC26317323-SegmentedRaftLogWorker: safeCacheEvictIndex: setUnconditionally 0 -> -1
2021-06-11 19:07:09,840 [pool-504-thread-1] INFO  server.RaftServerConfigKeys (ConfUtils.java:logGet(44)) - raft.server.snapshot.auto.trigger.enabled = true (custom)
2021-06-11 19:07:09,840 [pool-504-thread-1] INFO  server.RaftServerConfigKeys (ConfUtils.java:logGet(44)) - raft.server.snapshot.auto.trigger.threshold = 10000 (custom)
2021-06-11 19:07:09,840 [pool-504-thread-1] INFO  server.RaftServerConfigKeys (ConfUtils.java:logGet(44)) - raft.server.snapshot.retention.file.num = 5 (custom)
2021-06-11 19:07:09,840 [pool-504-thread-1] INFO  server.RaftServerConfigKeys (ConfUtils.java:logGet(44)) - raft.server.log.purge.upto.snapshot.index = false (default)
2021-06-11 19:07:09,840 [pool-504-thread-1] INFO  server.RaftServerConfigKeys (ConfUtils.java:logGet(44)) - raft.server.retrycache.expirytime = 600000ms (custom)
2021-06-11 19:07:09,840 [pool-522-thread-1] INFO  server.RaftServerConfigKeys (ConfUtils.java:logGet(44)) - raft.server.log.write.buffer.size = 1048576 (custom)
2021-06-11 19:07:09,840 [pool-504-thread-1] INFO  server.RaftServerConfigKeys (ConfUtils.java:logGet(44)) - raft.server.retrycache.statistics.expirytime = 100μs (default)
2021-06-11 19:07:09,840 [pool-504-thread-1] INFO  metrics.RatisMetrics (RatisMetrics.java:lambda$create$0(36)) - Creating Metrics Registry : ratis.leader_election.bf85b346-d6dc-4caf-ae79-65e1db1e806c@group-2AEC26317323
2021-06-11 19:07:09,840 [pool-522-thread-1] INFO  server.RaftServerConfigKeys (ConfUtils.java:logGet(44)) - raft.server.log.statemachine.data.caching.enabled = true (custom)
2021-06-11 19:07:09,840 [pool-522-thread-1] INFO  segmented.SegmentedRaftLogWorker (SegmentedRaftLogWorker.java:lambda$new$0(133)) - 133b101f-dcee-4efd-9163-9b3704aaa3ee@group-2AEC26317323-SegmentedRaftLogWorker: flushIndex: setUnconditionally 0 -> -1
2021-06-11 19:07:09,841 [pool-504-thread-1] INFO  metrics.RatisMetrics (RatisMetrics.java:lambda$create$0(36)) - Creating Metrics Registry : ratis.server.bf85b346-d6dc-4caf-ae79-65e1db1e806c@group-2AEC26317323
2021-06-11 19:07:09,841 [pool-522-thread-1] INFO  segmented.SegmentedRaftLogWorker (SegmentedRaftLogWorker.java:lambda$new$0(133)) - 133b101f-dcee-4efd-9163-9b3704aaa3ee@group-2AEC26317323-SegmentedRaftLogWorker: safeCacheEvictIndex: setUnconditionally 0 -> -1
2021-06-11 19:07:09,841 [pool-504-thread-1] INFO  server.RaftServer$Division (RaftServerImpl.java:start(295)) - bf85b346-d6dc-4caf-ae79-65e1db1e806c@group-2AEC26317323: start as a follower, conf=-1: [133b101f-dcee-4efd-9163-9b3704aaa3ee|rpc:10.1.0.43:37475|priority:0, 0e0429f1-9636-4fc9-8820-e0f7c83710f3|rpc:10.1.0.43:33285|priority:1, bf85b346-d6dc-4caf-ae79-65e1db1e806c|rpc:10.1.0.43:43393|priority:0], old=null
2021-06-11 19:07:09,841 [pool-504-thread-1] INFO  server.RaftServer$Division (RaftServerImpl.java:setRole(284)) - bf85b346-d6dc-4caf-ae79-65e1db1e806c@group-2AEC26317323: changes role from      null to FOLLOWER at term 0 for startAsFollower
2021-06-11 19:07:09,842 [pool-504-thread-1] INFO  impl.RoleInfo (RoleInfo.java:updateAndGet(130)) - bf85b346-d6dc-4caf-ae79-65e1db1e806c: start bf85b346-d6dc-4caf-ae79-65e1db1e806c@group-2AEC26317323-FollowerState
2021-06-11 19:07:09,842 [pool-522-thread-1] INFO  server.RaftServerConfigKeys (ConfUtils.java:logGet(44)) - raft.server.snapshot.auto.trigger.enabled = true (custom)
2021-06-11 19:07:09,842 [pool-522-thread-1] INFO  server.RaftServerConfigKeys (ConfUtils.java:logGet(44)) - raft.server.snapshot.auto.trigger.threshold = 10000 (custom)
2021-06-11 19:07:09,842 [pool-522-thread-1] INFO  server.RaftServerConfigKeys (ConfUtils.java:logGet(44)) - raft.server.snapshot.retention.file.num = 5 (custom)
2021-06-11 19:07:09,842 [pool-522-thread-1] INFO  server.RaftServerConfigKeys (ConfUtils.java:logGet(44)) - raft.server.log.purge.upto.snapshot.index = false (default)
2021-06-11 19:07:09,842 [pool-504-thread-1] INFO  util.JmxRegister (JmxRegister.java:tryRegister(44)) - Successfully registered JMX Bean with object name Ratis:service=RaftServer,group=group-2AEC26317323,id=bf85b346-d6dc-4caf-ae79-65e1db1e806c
2021-06-11 19:07:09,842 [pool-504-thread-1] INFO  metrics.RatisMetrics (RatisMetrics.java:lambda$create$0(36)) - Creating Metrics Registry : ratis.state_machine.bf85b346-d6dc-4caf-ae79-65e1db1e806c@group-2AEC26317323
2021-06-11 19:07:09,842 [pool-522-thread-1] INFO  server.RaftServerConfigKeys (ConfUtils.java:logGet(44)) - raft.server.retrycache.expirytime = 600000ms (custom)
2021-06-11 19:07:09,842 [pool-522-thread-1] INFO  server.RaftServerConfigKeys (ConfUtils.java:logGet(44)) - raft.server.retrycache.statistics.expirytime = 100μs (default)
2021-06-11 19:07:09,842 [pool-522-thread-1] INFO  metrics.RatisMetrics (RatisMetrics.java:lambda$create$0(36)) - Creating Metrics Registry : ratis.leader_election.133b101f-dcee-4efd-9163-9b3704aaa3ee@group-2AEC26317323
2021-06-11 19:07:09,844 [Command processor thread] INFO  ratis.XceiverServerRatis (XceiverServerRatis.java:addGroup(808)) - Created group PipelineID=4436ad27-774d-4150-9d97-2aec26317323
2021-06-11 19:07:09,845 [Command processor thread] INFO  metrics.RatisMetrics (RatisMetrics.java:lambda$create$0(36)) - Creating Metrics Registry : ratis.client_message_metrics.client-5CDA6C62F8C1->133b101f-dcee-4efd-9163-9b3704aaa3ee
2021-06-11 19:07:09,849 [pool-522-thread-1] INFO  metrics.RatisMetrics (RatisMetrics.java:lambda$create$0(36)) - Creating Metrics Registry : ratis.server.133b101f-dcee-4efd-9163-9b3704aaa3ee@group-2AEC26317323
2021-06-11 19:07:09,850 [pool-522-thread-1] INFO  server.RaftServer$Division (RaftServerImpl.java:start(295)) - 133b101f-dcee-4efd-9163-9b3704aaa3ee@group-2AEC26317323: start as a follower, conf=-1: [133b101f-dcee-4efd-9163-9b3704aaa3ee|rpc:10.1.0.43:37475|dataStream:|priority:0, 0e0429f1-9636-4fc9-8820-e0f7c83710f3|rpc:10.1.0.43:33285|dataStream:|priority:1, bf85b346-d6dc-4caf-ae79-65e1db1e806c|rpc:10.1.0.43:43393|dataStream:|priority:0], old=null
2021-06-11 19:07:09,850 [pool-522-thread-1] INFO  server.RaftServer$Division (RaftServerImpl.java:setRole(284)) - 133b101f-dcee-4efd-9163-9b3704aaa3ee@group-2AEC26317323: changes role from      null to FOLLOWER at term 0 for startAsFollower
2021-06-11 19:07:09,850 [pool-522-thread-1] INFO  impl.RoleInfo (RoleInfo.java:updateAndGet(130)) - 133b101f-dcee-4efd-9163-9b3704aaa3ee: start 133b101f-dcee-4efd-9163-9b3704aaa3ee@group-2AEC26317323-FollowerState
2021-06-11 19:07:09,852 [pool-522-thread-1] INFO  util.JmxRegister (JmxRegister.java:tryRegister(44)) - Successfully registered JMX Bean with object name Ratis:service=RaftServer,group=group-2AEC26317323,id=133b101f-dcee-4efd-9163-9b3704aaa3ee
2021-06-11 19:07:09,852 [pool-522-thread-1] INFO  metrics.RatisMetrics (RatisMetrics.java:lambda$create$0(36)) - Creating Metrics Registry : ratis.state_machine.133b101f-dcee-4efd-9163-9b3704aaa3ee@group-2AEC26317323
2021-06-11 19:07:09,860 [Command processor thread] INFO  metrics.RatisMetrics (RatisMetrics.java:lambda$create$0(36)) - Creating Metrics Registry : ratis.client_message_metrics.client-9F047820EB11->bf85b346-d6dc-4caf-ae79-65e1db1e806c
2021-06-11 19:07:09,862 [Command processor thread] INFO  metrics.RatisMetrics (RatisMetrics.java:lambda$create$0(36)) - Creating Metrics Registry : ratis.client_message_metrics.client-6CD0D9EBEB7F->0e0429f1-9636-4fc9-8820-e0f7c83710f3
2021-06-11 19:07:09,865 [grpc-default-executor-5] INFO  metrics.RatisMetrics (RatisMetrics.java:lambda$create$0(36)) - Creating Metrics Registry : ratis.server_message_metrics.0e0429f1-9636-4fc9-8820-e0f7c83710f3
2021-06-11 19:07:09,871 [Command processor thread] INFO  commandhandler.CreatePipelineCommandHandler (CreatePipelineCommandHandler.java:handle(106)) - Created Pipeline RATIS THREE PipelineID=4436ad27-774d-4150-9d97-2aec26317323.
2021-06-11 19:07:09,875 [Command processor thread] INFO  commandhandler.CreatePipelineCommandHandler (CreatePipelineCommandHandler.java:handle(106)) - Created Pipeline RATIS THREE PipelineID=4436ad27-774d-4150-9d97-2aec26317323.
2021-06-11 19:07:09,892 [Command processor thread] INFO  server.RaftServer (RaftServerProxy.java:addNew(95)) - 133b101f-dcee-4efd-9163-9b3704aaa3ee: addNew group-1AE42CC5A9B6:[133b101f-dcee-4efd-9163-9b3704aaa3ee|rpc:10.1.0.43:37475|priority:1] returns group-1AE42CC5A9B6:java.util.concurrent.CompletableFuture@66c89fd2[Not completed]
2021-06-11 19:07:09,893 [pool-522-thread-1] INFO  server.RaftServer$Division (RaftServerImpl.java:<init>(180)) - 133b101f-dcee-4efd-9163-9b3704aaa3ee: new RaftServerImpl for group-1AE42CC5A9B6:[133b101f-dcee-4efd-9163-9b3704aaa3ee|rpc:10.1.0.43:37475|priority:1] with ContainerStateMachine:uninitialized
2021-06-11 19:07:09,893 [pool-522-thread-1] INFO  server.RaftServerConfigKeys (ConfUtils.java:logGet(44)) - raft.server.rpc.timeout.min = 5s (custom)
2021-06-11 19:07:09,893 [pool-522-thread-1] INFO  server.RaftServerConfigKeys (ConfUtils.java:logGet(44)) - raft.server.rpc.timeout.max = 5200ms (custom)
2021-06-11 19:07:09,893 [pool-522-thread-1] INFO  server.RaftServerConfigKeys (ConfUtils.java:logGet(44)) - raft.server.rpc.sleep.time = 25ms (default)
2021-06-11 19:07:09,894 [pool-522-thread-1] INFO  server.RaftServerConfigKeys (ConfUtils.java:logGet(44)) - raft.server.rpc.slowness.timeout = 300000ms (custom)
2021-06-11 19:07:09,894 [pool-522-thread-1] INFO  server.RaftServerConfigKeys (ConfUtils.java:logGet(44)) - raft.server.leaderelection.leader.step-down.wait-time = 10s (default)
2021-06-11 19:07:09,894 [pool-522-thread-1] INFO  server.RaftServerConfigKeys (ConfUtils.java:logGet(44)) - raft.server.sleep.deviation.threshold = 300ms (default)
2021-06-11 19:07:09,894 [pool-522-thread-1] INFO  server.RaftServerConfigKeys (ConfUtils.java:logGet(44)) - raft.server.log.appender.install.snapshot.enabled = false (custom)
2021-06-11 19:07:09,894 [pool-522-thread-1] INFO  server.RaftServer$Division (ServerState.java:<init>(105)) - 133b101f-dcee-4efd-9163-9b3704aaa3ee@group-1AE42CC5A9B6: ConfigurationManager, init=-1: [133b101f-dcee-4efd-9163-9b3704aaa3ee|rpc:10.1.0.43:37475|priority:1], old=null, confs=<EMPTY_MAP>
2021-06-11 19:07:09,894 [pool-522-thread-1] INFO  server.RaftServerConfigKeys (ConfUtils.java:logGet(44)) - raft.server.storage.dir = [/home/runner/work/ozone/ozone/mnt/ozone/hadoop-ozone/integration-test/target/test-dir/MiniOzoneClusterImpl-7f30813a-d1ba-41a1-975d-e59f1b24795c/datanode-5/data/ratis] (custom)
2021-06-11 19:07:09,894 [pool-522-thread-1] INFO  server.RaftServerConfigKeys (ConfUtils.java:logGet(44)) - raft.server.log.corruption.policy = EXCEPTION (default)
2021-06-11 19:07:09,894 [pool-522-thread-1] INFO  storage.RaftStorageDirectory (RaftStorageDirectoryImpl.java:analyzeStorage(132)) - The storage directory /home/runner/work/ozone/ozone/mnt/ozone/hadoop-ozone/integration-test/target/test-dir/MiniOzoneClusterImpl-7f30813a-d1ba-41a1-975d-e59f1b24795c/datanode-5/data/ratis/69019a7c-0f48-453b-bb61-1ae42cc5a9b6 does not exist. Creating ...
2021-06-11 19:07:09,895 [pool-522-thread-1] INFO  storage.RaftStorageDirectory (RaftStorageDirectoryImpl.java:tryLock(215)) - Lock on /home/runner/work/ozone/ozone/mnt/ozone/hadoop-ozone/integration-test/target/test-dir/MiniOzoneClusterImpl-7f30813a-d1ba-41a1-975d-e59f1b24795c/datanode-5/data/ratis/69019a7c-0f48-453b-bb61-1ae42cc5a9b6/in_use.lock acquired by nodename 18191@fv-az59-942
2021-06-11 19:07:09,897 [pool-522-thread-1] INFO  storage.RaftStorage (RaftStorageImpl.java:format(87)) - Storage directory /home/runner/work/ozone/ozone/mnt/ozone/hadoop-ozone/integration-test/target/test-dir/MiniOzoneClusterImpl-7f30813a-d1ba-41a1-975d-e59f1b24795c/datanode-5/data/ratis/69019a7c-0f48-453b-bb61-1ae42cc5a9b6 has been successfully formatted.
2021-06-11 19:07:09,898 [pool-522-thread-1] INFO  ratis.ContainerStateMachine (ContainerStateMachine.java:loadSnapshot(224)) - group-1AE42CC5A9B6: The snapshot info is null. Setting the last applied indexto:(t:0, i:~)
2021-06-11 19:07:09,898 [pool-522-thread-1] INFO  server.RaftServerConfigKeys (ConfUtils.java:logGet(44)) - raft.server.notification.no-leader.timeout = 300000ms (custom)
2021-06-11 19:07:09,898 [EventQueue-PipelineReportForPipelineReportHandler] INFO  pipeline.PipelineManagerV2Impl (PipelineManagerV2Impl.java:openPipeline(270)) - Pipeline Pipeline[ Id: 69019a7c-0f48-453b-bb61-1ae42cc5a9b6, Nodes: 133b101f-dcee-4efd-9163-9b3704aaa3ee{ip: 10.1.0.43, host: fv-az59-942.csjynl4pkq3e1pkirw3ssqjfoh.cx.internal.cloudapp.net, ports: [REPLICATION=45715, RATIS=37475, RATIS_ADMIN=37475, RATIS_SERVER=37475, STANDALONE=33113], networkLocation: /default-rack, certSerialId: null, persistedOpState: IN_SERVICE, persistedOpStateExpiryEpochSec: 0}, ReplicationConfig: RATIS/ONE, State:ALLOCATED, leaderId:133b101f-dcee-4efd-9163-9b3704aaa3ee, CreationTimestamp2021-06-11T19:07:06.894Z] moved to OPEN state
2021-06-11 19:07:09,898 [pool-522-thread-1] INFO  server.RaftServerConfigKeys (ConfUtils.java:logGet(44)) - raft.server.log.use.memory = false (default)
2021-06-11 19:07:09,899 [pool-522-thread-1] INFO  server.RaftServerConfigKeys (ConfUtils.java:logGet(44)) - raft.server.log.purge.gap = 1000000 (custom)
2021-06-11 19:07:09,899 [EventQueue-OpenPipelineForHealthyPipelineSafeModeRule] INFO  safemode.SCMSafeModeManager (HealthyPipelineSafeModeRule.java:process(124)) - SCM in safe mode. Healthy pipelines reported count is 0, required healthy pipeline reported count is 1
2021-06-11 19:07:09,899 [pool-522-thread-1] INFO  server.RaftServerConfigKeys (ConfUtils.java:logGet(44)) - raft.server.log.appender.buffer.byte-limit = 33554432 (custom)
2021-06-11 19:07:09,899 [pool-522-thread-1] INFO  metrics.RatisMetrics (RatisMetrics.java:lambda$create$0(36)) - Creating Metrics Registry : ratis.log_worker.133b101f-dcee-4efd-9163-9b3704aaa3ee@group-1AE42CC5A9B6
2021-06-11 19:07:09,899 [pool-522-thread-1] INFO  server.RaftServerConfigKeys (ConfUtils.java:logGet(44)) - raft.server.log.segment.size.max = 1048576 (custom)
2021-06-11 19:07:09,900 [pool-522-thread-1] INFO  server.RaftServerConfigKeys (ConfUtils.java:logGet(44)) - raft.server.log.segment.cache.num.max = 2 (custom)
2021-06-11 19:07:09,900 [pool-522-thread-1] INFO  server.RaftServerConfigKeys (ConfUtils.java:logGet(44)) - raft.server.log.segment.cache.size.max = 200MB (=209715200) (default)
2021-06-11 19:07:09,900 [pool-522-thread-1] INFO  segmented.SegmentedRaftLogWorker (SegmentedRaftLogWorker.java:<init>(182)) - new 133b101f-dcee-4efd-9163-9b3704aaa3ee@group-1AE42CC5A9B6-SegmentedRaftLogWorker for RaftStorageImpl:Storage Directory /home/runner/work/ozone/ozone/mnt/ozone/hadoop-ozone/integration-test/target/test-dir/MiniOzoneClusterImpl-7f30813a-d1ba-41a1-975d-e59f1b24795c/datanode-5/data/ratis/69019a7c-0f48-453b-bb61-1ae42cc5a9b6
2021-06-11 19:07:09,900 [pool-522-thread-1] INFO  server.RaftServerConfigKeys (ConfUtils.java:logGet(44)) - raft.server.log.queue.byte-limit = 2147483647 (custom)
2021-06-11 19:07:09,900 [pool-522-thread-1] INFO  server.RaftServerConfigKeys (ConfUtils.java:logGet(44)) - raft.server.log.queue.element-limit = 1024 (custom)
2021-06-11 19:07:09,900 [pool-522-thread-1] INFO  server.RaftServerConfigKeys (ConfUtils.java:logGet(44)) - raft.server.log.segment.size.max = 1048576 (custom)
2021-06-11 19:07:09,901 [pool-522-thread-1] INFO  server.RaftServerConfigKeys (ConfUtils.java:logGet(44)) - raft.server.log.preallocated.size = 16384 (custom)
2021-06-11 19:07:09,901 [pool-522-thread-1] INFO  server.RaftServerConfigKeys (ConfUtils.java:logGet(44)) - raft.server.log.force.sync.num = 128 (default)
2021-06-11 19:07:09,901 [pool-522-thread-1] INFO  server.RaftServerConfigKeys (ConfUtils.java:logGet(44)) - raft.server.log.statemachine.data.sync = true (default)
2021-06-11 19:07:09,901 [pool-522-thread-1] INFO  server.RaftServerConfigKeys (ConfUtils.java:logGet(44)) - raft.server.log.statemachine.data.sync.timeout = 10s (default)
2021-06-11 19:07:09,901 [pool-522-thread-1] INFO  server.RaftServerConfigKeys (ConfUtils.java:logGet(44)) - raft.server.log.statemachine.data.sync.timeout.retry = -1 (default)
2021-06-11 19:07:09,902 [pool-522-thread-1] INFO  server.RaftServerConfigKeys (ConfUtils.java:logGet(44)) - raft.server.log.write.buffer.size = 1048576 (custom)
2021-06-11 19:07:09,903 [pool-522-thread-1] INFO  server.RaftServerConfigKeys (ConfUtils.java:logGet(44)) - raft.server.log.statemachine.data.caching.enabled = true (custom)
2021-06-11 19:07:09,903 [pool-522-thread-1] INFO  segmented.SegmentedRaftLogWorker (SegmentedRaftLogWorker.java:lambda$new$0(133)) - 133b101f-dcee-4efd-9163-9b3704aaa3ee@group-1AE42CC5A9B6-SegmentedRaftLogWorker: flushIndex: setUnconditionally 0 -> -1
2021-06-11 19:07:09,903 [pool-522-thread-1] INFO  segmented.SegmentedRaftLogWorker (SegmentedRaftLogWorker.java:lambda$new$0(133)) - 133b101f-dcee-4efd-9163-9b3704aaa3ee@group-1AE42CC5A9B6-SegmentedRaftLogWorker: safeCacheEvictIndex: setUnconditionally 0 -> -1
2021-06-11 19:07:09,903 [pool-522-thread-1] INFO  server.RaftServerConfigKeys (ConfUtils.java:logGet(44)) - raft.server.snapshot.auto.trigger.enabled = true (custom)
2021-06-11 19:07:09,903 [pool-522-thread-1] INFO  server.RaftServerConfigKeys (ConfUtils.java:logGet(44)) - raft.server.snapshot.auto.trigger.threshold = 10000 (custom)
2021-06-11 19:07:09,903 [pool-522-thread-1] INFO  server.RaftServerConfigKeys (ConfUtils.java:logGet(44)) - raft.server.snapshot.retention.file.num = 5 (custom)
2021-06-11 19:07:09,903 [pool-522-thread-1] INFO  server.RaftServerConfigKeys (ConfUtils.java:logGet(44)) - raft.server.log.purge.upto.snapshot.index = false (default)
2021-06-11 19:07:09,903 [pool-522-thread-1] INFO  server.RaftServerConfigKeys (ConfUtils.java:logGet(44)) - raft.server.retrycache.expirytime = 600000ms (custom)
2021-06-11 19:07:09,903 [pool-522-thread-1] INFO  server.RaftServerConfigKeys (ConfUtils.java:logGet(44)) - raft.server.retrycache.statistics.expirytime = 100μs (default)
2021-06-11 19:07:09,903 [pool-522-thread-1] INFO  metrics.RatisMetrics (RatisMetrics.java:lambda$create$0(36)) - Creating Metrics Registry : ratis.leader_election.133b101f-dcee-4efd-9163-9b3704aaa3ee@group-1AE42CC5A9B6
2021-06-11 19:07:09,904 [pool-522-thread-1] INFO  metrics.RatisMetrics (RatisMetrics.java:lambda$create$0(36)) - Creating Metrics Registry : ratis.server.133b101f-dcee-4efd-9163-9b3704aaa3ee@group-1AE42CC5A9B6
2021-06-11 19:07:09,905 [pool-522-thread-1] INFO  server.RaftServer$Division (RaftServerImpl.java:start(295)) - 133b101f-dcee-4efd-9163-9b3704aaa3ee@group-1AE42CC5A9B6: start as a follower, conf=-1: [133b101f-dcee-4efd-9163-9b3704aaa3ee|rpc:10.1.0.43:37475|priority:1], old=null
2021-06-11 19:07:09,905 [pool-522-thread-1] INFO  server.RaftServer$Division (RaftServerImpl.java:setRole(284)) - 133b101f-dcee-4efd-9163-9b3704aaa3ee@group-1AE42CC5A9B6: changes role from      null to FOLLOWER at term 0 for startAsFollower
2021-06-11 19:07:09,905 [pool-522-thread-1] INFO  impl.RoleInfo (RoleInfo.java:updateAndGet(130)) - 133b101f-dcee-4efd-9163-9b3704aaa3ee: start 133b101f-dcee-4efd-9163-9b3704aaa3ee@group-1AE42CC5A9B6-FollowerState
2021-06-11 19:07:09,905 [pool-522-thread-1] INFO  util.JmxRegister (JmxRegister.java:tryRegister(44)) - Successfully registered JMX Bean with object name Ratis:service=RaftServer,group=group-1AE42CC5A9B6,id=133b101f-dcee-4efd-9163-9b3704aaa3ee
2021-06-11 19:07:09,905 [pool-522-thread-1] INFO  metrics.RatisMetrics (RatisMetrics.java:lambda$create$0(36)) - Creating Metrics Registry : ratis.state_machine.133b101f-dcee-4efd-9163-9b3704aaa3ee@group-1AE42CC5A9B6
2021-06-11 19:07:09,906 [Command processor thread] INFO  ratis.XceiverServerRatis (XceiverServerRatis.java:addGroup(808)) - Created group PipelineID=69019a7c-0f48-453b-bb61-1ae42cc5a9b6
2021-06-11 19:07:09,906 [Command processor thread] INFO  commandhandler.CreatePipelineCommandHandler (CreatePipelineCommandHandler.java:handle(106)) - Created Pipeline RATIS ONE PipelineID=69019a7c-0f48-453b-bb61-1ae42cc5a9b6.
2021-06-11 19:07:09,995 [Listener at 127.0.0.1/43957] INFO  ozone.MiniOzoneClusterImpl (MiniOzoneClusterImpl.java:lambda$waitForClusterToBeReady$0(227)) - Nodes are ready. Got 7 of 7 DN Heartbeats.
2021-06-11 19:07:09,995 [Listener at 127.0.0.1/43957] INFO  ozone.MiniOzoneClusterImpl (MiniOzoneClusterImpl.java:lambda$waitForClusterToBeReady$0(230)) - Waiting for cluster to exit safe mode
2021-06-11 19:07:09,996 [Listener at 127.0.0.1/43957] INFO  ozone.MiniOzoneClusterImpl (MiniOzoneClusterImpl.java:lambda$waitForClusterToBeReady$0(232)) - SCM became leader
2021-06-11 19:07:09,996 [Command processor thread] INFO  server.RaftServer (RaftServerProxy.java:addNew(95)) - f05d9154-dd24-4162-9fdc-352a7a5261e7: addNew group-AEF45FD9E54B:[f05d9154-dd24-4162-9fdc-352a7a5261e7|rpc:10.1.0.43:40337|priority:1] returns group-AEF45FD9E54B:java.util.concurrent.CompletableFuture@340df5eb[Not completed]
2021-06-11 19:07:09,997 [pool-540-thread-1] INFO  server.RaftServer$Division (RaftServerImpl.java:<init>(180)) - f05d9154-dd24-4162-9fdc-352a7a5261e7: new RaftServerImpl for group-AEF45FD9E54B:[f05d9154-dd24-4162-9fdc-352a7a5261e7|rpc:10.1.0.43:40337|priority:1] with ContainerStateMachine:uninitialized
2021-06-11 19:07:09,997 [pool-540-thread-1] INFO  server.RaftServerConfigKeys (ConfUtils.java:logGet(44)) - raft.server.rpc.timeout.min = 5s (custom)
2021-06-11 19:07:09,997 [pool-540-thread-1] INFO  server.RaftServerConfigKeys (ConfUtils.java:logGet(44)) - raft.server.rpc.timeout.max = 5200ms (custom)
2021-06-11 19:07:09,997 [pool-540-thread-1] INFO  server.RaftServerConfigKeys (ConfUtils.java:logGet(44)) - raft.server.rpc.sleep.time = 25ms (default)
2021-06-11 19:07:09,997 [pool-540-thread-1] INFO  server.RaftServerConfigKeys (ConfUtils.java:logGet(44)) - raft.server.rpc.slowness.timeout = 300000ms (custom)
2021-06-11 19:07:09,998 [pool-540-thread-1] INFO  server.RaftServerConfigKeys (ConfUtils.java:logGet(44)) - raft.server.leaderelection.leader.step-down.wait-time = 10s (default)
2021-06-11 19:07:09,998 [pool-540-thread-1] INFO  server.RaftServerConfigKeys (ConfUtils.java:logGet(44)) - raft.server.sleep.deviation.threshold = 300ms (default)
2021-06-11 19:07:09,998 [pool-540-thread-1] INFO  server.RaftServerConfigKeys (ConfUtils.java:logGet(44)) - raft.server.log.appender.install.snapshot.enabled = false (custom)
2021-06-11 19:07:09,998 [pool-540-thread-1] INFO  server.RaftServer$Division (ServerState.java:<init>(105)) - f05d9154-dd24-4162-9fdc-352a7a5261e7@group-AEF45FD9E54B: ConfigurationManager, init=-1: [f05d9154-dd24-4162-9fdc-352a7a5261e7|rpc:10.1.0.43:40337|priority:1], old=null, confs=<EMPTY_MAP>
2021-06-11 19:07:09,998 [pool-540-thread-1] INFO  server.RaftServerConfigKeys (ConfUtils.java:logGet(44)) - raft.server.storage.dir = [/home/runner/work/ozone/ozone/mnt/ozone/hadoop-ozone/integration-test/target/test-dir/MiniOzoneClusterImpl-7f30813a-d1ba-41a1-975d-e59f1b24795c/datanode-6/data/ratis] (custom)
2021-06-11 19:07:09,998 [pool-540-thread-1] INFO  server.RaftServerConfigKeys (ConfUtils.java:logGet(44)) - raft.server.log.corruption.policy = EXCEPTION (default)
2021-06-11 19:07:09,998 [pool-540-thread-1] INFO  storage.RaftStorageDirectory (RaftStorageDirectoryImpl.java:analyzeStorage(132)) - The storage directory /home/runner/work/ozone/ozone/mnt/ozone/hadoop-ozone/integration-test/target/test-dir/MiniOzoneClusterImpl-7f30813a-d1ba-41a1-975d-e59f1b24795c/datanode-6/data/ratis/2cbab893-9b08-4c7b-b432-aef45fd9e54b does not exist. Creating ...
2021-06-11 19:07:10,000 [pool-540-thread-1] INFO  storage.RaftStorageDirectory (RaftStorageDirectoryImpl.java:tryLock(215)) - Lock on /home/runner/work/ozone/ozone/mnt/ozone/hadoop-ozone/integration-test/target/test-dir/MiniOzoneClusterImpl-7f30813a-d1ba-41a1-975d-e59f1b24795c/datanode-6/data/ratis/2cbab893-9b08-4c7b-b432-aef45fd9e54b/in_use.lock acquired by nodename 18191@fv-az59-942
2021-06-11 19:07:10,001 [pool-540-thread-1] INFO  storage.RaftStorage (RaftStorageImpl.java:format(87)) - Storage directory /home/runner/work/ozone/ozone/mnt/ozone/hadoop-ozone/integration-test/target/test-dir/MiniOzoneClusterImpl-7f30813a-d1ba-41a1-975d-e59f1b24795c/datanode-6/data/ratis/2cbab893-9b08-4c7b-b432-aef45fd9e54b has been successfully formatted.
2021-06-11 19:07:10,005 [pool-540-thread-1] INFO  ratis.ContainerStateMachine (ContainerStateMachine.java:loadSnapshot(224)) - group-AEF45FD9E54B: The snapshot info is null. Setting the last applied indexto:(t:0, i:~)
2021-06-11 19:07:10,005 [pool-540-thread-1] INFO  server.RaftServerConfigKeys (ConfUtils.java:logGet(44)) - raft.server.notification.no-leader.timeout = 300000ms (custom)
2021-06-11 19:07:10,005 [pool-540-thread-1] INFO  server.RaftServerConfigKeys (ConfUtils.java:logGet(44)) - raft.server.log.use.memory = false (default)
2021-06-11 19:07:10,005 [pool-540-thread-1] INFO  server.RaftServerConfigKeys (ConfUtils.java:logGet(44)) - raft.server.log.purge.gap = 1000000 (custom)
2021-06-11 19:07:10,005 [pool-540-thread-1] INFO  server.RaftServerConfigKeys (ConfUtils.java:logGet(44)) - raft.server.log.appender.buffer.byte-limit = 33554432 (custom)
2021-06-11 19:07:10,005 [EventQueue-PipelineReportForPipelineReportHandler] INFO  pipeline.PipelineManagerV2Impl (PipelineManagerV2Impl.java:openPipeline(270)) - Pipeline Pipeline[ Id: 2cbab893-9b08-4c7b-b432-aef45fd9e54b, Nodes: f05d9154-dd24-4162-9fdc-352a7a5261e7{ip: 10.1.0.43, host: fv-az59-942.csjynl4pkq3e1pkirw3ssqjfoh.cx.internal.cloudapp.net, ports: [REPLICATION=46699, RATIS=40337, RATIS_ADMIN=40337, RATIS_SERVER=40337, STANDALONE=46265], networkLocation: /default-rack, certSerialId: null, persistedOpState: IN_SERVICE, persistedOpStateExpiryEpochSec: 0}, ReplicationConfig: RATIS/ONE, State:ALLOCATED, leaderId:f05d9154-dd24-4162-9fdc-352a7a5261e7, CreationTimestamp2021-06-11T19:07:07Z] moved to OPEN state
2021-06-11 19:07:10,006 [EventQueue-OpenPipelineForHealthyPipelineSafeModeRule] INFO  safemode.SCMSafeModeManager (HealthyPipelineSafeModeRule.java:process(124)) - SCM in safe mode. Healthy pipelines reported count is 0, required healthy pipeline reported count is 1
2021-06-11 19:07:10,006 [pool-540-thread-1] INFO  metrics.RatisMetrics (RatisMetrics.java:lambda$create$0(36)) - Creating Metrics Registry : ratis.log_worker.f05d9154-dd24-4162-9fdc-352a7a5261e7@group-AEF45FD9E54B
2021-06-11 19:07:10,006 [pool-540-thread-1] INFO  server.RaftServerConfigKeys (ConfUtils.java:logGet(44)) - raft.server.log.segment.size.max = 1048576 (custom)
2021-06-11 19:07:10,006 [pool-540-thread-1] INFO  server.RaftServerConfigKeys (ConfUtils.java:logGet(44)) - raft.server.log.segment.cache.num.max = 2 (custom)
2021-06-11 19:07:10,006 [pool-540-thread-1] INFO  server.RaftServerConfigKeys (ConfUtils.java:logGet(44)) - raft.server.log.segment.cache.size.max = 200MB (=209715200) (default)
2021-06-11 19:07:10,006 [pool-540-thread-1] INFO  segmented.SegmentedRaftLogWorker (SegmentedRaftLogWorker.java:<init>(182)) - new f05d9154-dd24-4162-9fdc-352a7a5261e7@group-AEF45FD9E54B-SegmentedRaftLogWorker for RaftStorageImpl:Storage Directory /home/runner/work/ozone/ozone/mnt/ozone/hadoop-ozone/integration-test/target/test-dir/MiniOzoneClusterImpl-7f30813a-d1ba-41a1-975d-e59f1b24795c/datanode-6/data/ratis/2cbab893-9b08-4c7b-b432-aef45fd9e54b
2021-06-11 19:07:10,007 [pool-540-thread-1] INFO  server.RaftServerConfigKeys (ConfUtils.java:logGet(44)) - raft.server.log.queue.byte-limit = 2147483647 (custom)
2021-06-11 19:07:10,007 [pool-540-thread-1] INFO  server.RaftServerConfigKeys (ConfUtils.java:logGet(44)) - raft.server.log.queue.element-limit = 1024 (custom)
2021-06-11 19:07:10,007 [pool-540-thread-1] INFO  server.RaftServerConfigKeys (ConfUtils.java:logGet(44)) - raft.server.log.segment.size.max = 1048576 (custom)
2021-06-11 19:07:10,007 [pool-540-thread-1] INFO  server.RaftServerConfigKeys (ConfUtils.java:logGet(44)) - raft.server.log.preallocated.size = 16384 (custom)
2021-06-11 19:07:10,007 [pool-540-thread-1] INFO  server.RaftServerConfigKeys (ConfUtils.java:logGet(44)) - raft.server.log.force.sync.num = 128 (default)
2021-06-11 19:07:10,007 [pool-540-thread-1] INFO  server.RaftServerConfigKeys (ConfUtils.java:logGet(44)) - raft.server.log.statemachine.data.sync = true (default)
2021-06-11 19:07:10,007 [pool-540-thread-1] INFO  server.RaftServerConfigKeys (ConfUtils.java:logGet(44)) - raft.server.log.statemachine.data.sync.timeout = 10s (default)
2021-06-11 19:07:10,007 [pool-540-thread-1] INFO  server.RaftServerConfigKeys (ConfUtils.java:logGet(44)) - raft.server.log.statemachine.data.sync.timeout.retry = -1 (default)
2021-06-11 19:07:10,008 [pool-540-thread-1] INFO  server.RaftServerConfigKeys (ConfUtils.java:logGet(44)) - raft.server.log.write.buffer.size = 1048576 (custom)
2021-06-11 19:07:10,008 [pool-540-thread-1] INFO  server.RaftServerConfigKeys (ConfUtils.java:logGet(44)) - raft.server.log.statemachine.data.caching.enabled = true (custom)
2021-06-11 19:07:10,009 [pool-540-thread-1] INFO  segmented.SegmentedRaftLogWorker (SegmentedRaftLogWorker.java:lambda$new$0(133)) - f05d9154-dd24-4162-9fdc-352a7a5261e7@group-AEF45FD9E54B-SegmentedRaftLogWorker: flushIndex: setUnconditionally 0 -> -1
2021-06-11 19:07:10,009 [pool-540-thread-1] INFO  segmented.SegmentedRaftLogWorker (SegmentedRaftLogWorker.java:lambda$new$0(133)) - f05d9154-dd24-4162-9fdc-352a7a5261e7@group-AEF45FD9E54B-SegmentedRaftLogWorker: safeCacheEvictIndex: setUnconditionally 0 -> -1
2021-06-11 19:07:10,009 [pool-540-thread-1] INFO  server.RaftServerConfigKeys (ConfUtils.java:logGet(44)) - raft.server.snapshot.auto.trigger.enabled = true (custom)
2021-06-11 19:07:10,009 [pool-540-thread-1] INFO  server.RaftServerConfigKeys (ConfUtils.java:logGet(44)) - raft.server.snapshot.auto.trigger.threshold = 10000 (custom)
2021-06-11 19:07:10,009 [pool-540-thread-1] INFO  server.RaftServerConfigKeys (ConfUtils.java:logGet(44)) - raft.server.snapshot.retention.file.num = 5 (custom)
2021-06-11 19:07:10,009 [pool-540-thread-1] INFO  server.RaftServerConfigKeys (ConfUtils.java:logGet(44)) - raft.server.log.purge.upto.snapshot.index = false (default)
2021-06-11 19:07:10,009 [pool-540-thread-1] INFO  server.RaftServerConfigKeys (ConfUtils.java:logGet(44)) - raft.server.retrycache.expirytime = 600000ms (custom)
2021-06-11 19:07:10,009 [pool-540-thread-1] INFO  server.RaftServerConfigKeys (ConfUtils.java:logGet(44)) - raft.server.retrycache.statistics.expirytime = 100μs (default)
2021-06-11 19:07:10,009 [pool-540-thread-1] INFO  metrics.RatisMetrics (RatisMetrics.java:lambda$create$0(36)) - Creating Metrics Registry : ratis.leader_election.f05d9154-dd24-4162-9fdc-352a7a5261e7@group-AEF45FD9E54B
2021-06-11 19:07:10,010 [pool-540-thread-1] INFO  metrics.RatisMetrics (RatisMetrics.java:lambda$create$0(36)) - Creating Metrics Registry : ratis.server.f05d9154-dd24-4162-9fdc-352a7a5261e7@group-AEF45FD9E54B
2021-06-11 19:07:10,012 [pool-540-thread-1] INFO  server.RaftServer$Division (RaftServerImpl.java:start(295)) - f05d9154-dd24-4162-9fdc-352a7a5261e7@group-AEF45FD9E54B: start as a follower, conf=-1: [f05d9154-dd24-4162-9fdc-352a7a5261e7|rpc:10.1.0.43:40337|priority:1], old=null
2021-06-11 19:07:10,012 [pool-540-thread-1] INFO  server.RaftServer$Division (RaftServerImpl.java:setRole(284)) - f05d9154-dd24-4162-9fdc-352a7a5261e7@group-AEF45FD9E54B: changes role from      null to FOLLOWER at term 0 for startAsFollower
2021-06-11 19:07:10,012 [pool-540-thread-1] INFO  impl.RoleInfo (RoleInfo.java:updateAndGet(130)) - f05d9154-dd24-4162-9fdc-352a7a5261e7: start f05d9154-dd24-4162-9fdc-352a7a5261e7@group-AEF45FD9E54B-FollowerState
2021-06-11 19:07:10,012 [pool-540-thread-1] INFO  util.JmxRegister (JmxRegister.java:tryRegister(44)) - Successfully registered JMX Bean with object name Ratis:service=RaftServer,group=group-AEF45FD9E54B,id=f05d9154-dd24-4162-9fdc-352a7a5261e7
2021-06-11 19:07:10,012 [pool-540-thread-1] INFO  metrics.RatisMetrics (RatisMetrics.java:lambda$create$0(36)) - Creating Metrics Registry : ratis.state_machine.f05d9154-dd24-4162-9fdc-352a7a5261e7@group-AEF45FD9E54B
2021-06-11 19:07:10,013 [Command processor thread] INFO  ratis.XceiverServerRatis (XceiverServerRatis.java:addGroup(808)) - Created group PipelineID=2cbab893-9b08-4c7b-b432-aef45fd9e54b
2021-06-11 19:07:10,013 [Command processor thread] INFO  commandhandler.CreatePipelineCommandHandler (CreatePipelineCommandHandler.java:handle(106)) - Created Pipeline RATIS ONE PipelineID=2cbab893-9b08-4c7b-b432-aef45fd9e54b.
2021-06-11 19:07:10,996 [Listener at 127.0.0.1/43957] INFO  ozone.MiniOzoneClusterImpl (MiniOzoneClusterImpl.java:lambda$waitForClusterToBeReady$0(227)) - Nodes are ready. Got 7 of 7 DN Heartbeats.
2021-06-11 19:07:10,996 [Listener at 127.0.0.1/43957] INFO  ozone.MiniOzoneClusterImpl (MiniOzoneClusterImpl.java:lambda$waitForClusterToBeReady$0(230)) - Waiting for cluster to exit safe mode
2021-06-11 19:07:10,996 [Listener at 127.0.0.1/43957] INFO  ozone.MiniOzoneClusterImpl (MiniOzoneClusterImpl.java:lambda$waitForClusterToBeReady$0(232)) - SCM became leader
2021-06-11 19:07:11,996 [Listener at 127.0.0.1/43957] INFO  ozone.MiniOzoneClusterImpl (MiniOzoneClusterImpl.java:lambda$waitForClusterToBeReady$0(227)) - Nodes are ready. Got 7 of 7 DN Heartbeats.
2021-06-11 19:07:11,997 [Listener at 127.0.0.1/43957] INFO  ozone.MiniOzoneClusterImpl (MiniOzoneClusterImpl.java:lambda$waitForClusterToBeReady$0(230)) - Waiting for cluster to exit safe mode
2021-06-11 19:07:11,997 [Listener at 127.0.0.1/43957] INFO  ozone.MiniOzoneClusterImpl (MiniOzoneClusterImpl.java:lambda$waitForClusterToBeReady$0(232)) - SCM became leader
2021-06-11 19:07:12,997 [Listener at 127.0.0.1/43957] INFO  ozone.MiniOzoneClusterImpl (MiniOzoneClusterImpl.java:lambda$waitForClusterToBeReady$0(227)) - Nodes are ready. Got 7 of 7 DN Heartbeats.
2021-06-11 19:07:12,997 [Listener at 127.0.0.1/43957] INFO  ozone.MiniOzoneClusterImpl (MiniOzoneClusterImpl.java:lambda$waitForClusterToBeReady$0(230)) - Waiting for cluster to exit safe mode
2021-06-11 19:07:12,997 [Listener at 127.0.0.1/43957] INFO  ozone.MiniOzoneClusterImpl (MiniOzoneClusterImpl.java:lambda$waitForClusterToBeReady$0(232)) - SCM became leader
2021-06-11 19:07:13,998 [Listener at 127.0.0.1/43957] INFO  ozone.MiniOzoneClusterImpl (MiniOzoneClusterImpl.java:lambda$waitForClusterToBeReady$0(227)) - Nodes are ready. Got 7 of 7 DN Heartbeats.
2021-06-11 19:07:13,998 [Listener at 127.0.0.1/43957] INFO  ozone.MiniOzoneClusterImpl (MiniOzoneClusterImpl.java:lambda$waitForClusterToBeReady$0(230)) - Waiting for cluster to exit safe mode
2021-06-11 19:07:13,998 [Listener at 127.0.0.1/43957] INFO  ozone.MiniOzoneClusterImpl (MiniOzoneClusterImpl.java:lambda$waitForClusterToBeReady$0(232)) - SCM became leader
2021-06-11 19:07:14,427 [f0d18f37-c034-4e65-b036-926f7b7a2e40@group-7A06744B07B2-FollowerState] INFO  impl.FollowerState (FollowerState.java:run(134)) - f0d18f37-c034-4e65-b036-926f7b7a2e40@group-7A06744B07B2-FollowerState: change to CANDIDATE, lastRpcElapsedTime:5014385841ns, electionTimeout:5014ms
2021-06-11 19:07:14,428 [f0d18f37-c034-4e65-b036-926f7b7a2e40@group-7A06744B07B2-FollowerState] INFO  impl.RoleInfo (RoleInfo.java:shutdownFollowerState(108)) - f0d18f37-c034-4e65-b036-926f7b7a2e40: shutdown f0d18f37-c034-4e65-b036-926f7b7a2e40@group-7A06744B07B2-FollowerState
2021-06-11 19:07:14,428 [f0d18f37-c034-4e65-b036-926f7b7a2e40@group-7A06744B07B2-FollowerState] INFO  server.RaftServer$Division (RaftServerImpl.java:setRole(284)) - f0d18f37-c034-4e65-b036-926f7b7a2e40@group-7A06744B07B2: changes role from  FOLLOWER to CANDIDATE at term 0 for changeToCandidate
2021-06-11 19:07:14,429 [f0d18f37-c034-4e65-b036-926f7b7a2e40@group-7A06744B07B2-FollowerState] INFO  server.RaftServerConfigKeys (ConfUtils.java:logGet(44)) - raft.server.leaderelection.pre-vote = false (custom)
2021-06-11 19:07:14,430 [f0d18f37-c034-4e65-b036-926f7b7a2e40@group-7A06744B07B2-FollowerState] INFO  impl.RoleInfo (RoleInfo.java:updateAndGet(130)) - f0d18f37-c034-4e65-b036-926f7b7a2e40: start f0d18f37-c034-4e65-b036-926f7b7a2e40@group-7A06744B07B2-LeaderElection53
2021-06-11 19:07:14,441 [f0d18f37-c034-4e65-b036-926f7b7a2e40@group-7A06744B07B2-LeaderElection53] INFO  impl.LeaderElection (LeaderElection.java:askForVotes(306)) - f0d18f37-c034-4e65-b036-926f7b7a2e40@group-7A06744B07B2-LeaderElection53 ELECTION round 0: submit vote requests at term 1 for -1: [f0d18f37-c034-4e65-b036-926f7b7a2e40|rpc:10.1.0.43:45755|dataStream:|priority:1, 1514860f-d988-4646-88fa-884730dadadc|rpc:10.1.0.43:42983|dataStream:|priority:0, 41bce2b3-bc14-4594-98d7-18715bf094e4|rpc:10.1.0.43:36265|dataStream:|priority:0], old=null
2021-06-11 19:07:14,447 [grpc-default-executor-1] INFO  server.RaftServer$Division (RaftServerImpl.java:requestVote(1042)) - 1514860f-d988-4646-88fa-884730dadadc@group-7A06744B07B2: receive requestVote(ELECTION, f0d18f37-c034-4e65-b036-926f7b7a2e40, group-7A06744B07B2, 1, (t:0, i:0))
2021-06-11 19:07:14,447 [grpc-default-executor-1] INFO  impl.VoteContext (VoteContext.java:log(48)) - 1514860f-d988-4646-88fa-884730dadadc@group-7A06744B07B2-FOLLOWER: accept ELECTION from f0d18f37-c034-4e65-b036-926f7b7a2e40: our priority 0 <= candidate's priority 1
2021-06-11 19:07:14,447 [grpc-default-executor-1] INFO  server.RaftServer$Division (RaftServerImpl.java:setRole(284)) - 1514860f-d988-4646-88fa-884730dadadc@group-7A06744B07B2: changes role from  FOLLOWER to FOLLOWER at term 1 for candidate:f0d18f37-c034-4e65-b036-926f7b7a2e40
2021-06-11 19:07:14,447 [grpc-default-executor-1] INFO  impl.RoleInfo (RoleInfo.java:shutdownFollowerState(108)) - 1514860f-d988-4646-88fa-884730dadadc: shutdown 1514860f-d988-4646-88fa-884730dadadc@group-7A06744B07B2-FollowerState
2021-06-11 19:07:14,447 [grpc-default-executor-1] INFO  impl.RoleInfo (RoleInfo.java:updateAndGet(130)) - 1514860f-d988-4646-88fa-884730dadadc: start 1514860f-d988-4646-88fa-884730dadadc@group-7A06744B07B2-FollowerState
2021-06-11 19:07:14,447 [1514860f-d988-4646-88fa-884730dadadc@group-7A06744B07B2-FollowerState] INFO  impl.FollowerState (FollowerState.java:run(143)) - 1514860f-d988-4646-88fa-884730dadadc@group-7A06744B07B2-FollowerState was interrupted: {}
java.lang.InterruptedException: sleep interrupted
	at java.lang.Thread.sleep(Native Method)
	at java.lang.Thread.sleep(Thread.java:340)
	at java.util.concurrent.TimeUnit.sleep(TimeUnit.java:386)
	at org.apache.ratis.util.TimeDuration.sleep(TimeDuration.java:324)
	at org.apache.ratis.util.TimeDuration.sleep(TimeDuration.java:309)
	at org.apache.ratis.server.impl.FollowerState.run(FollowerState.java:118)
2021-06-11 19:07:14,447 [grpc-default-executor-5] INFO  server.RaftServer$Division (RaftServerImpl.java:requestVote(1042)) - 41bce2b3-bc14-4594-98d7-18715bf094e4@group-7A06744B07B2: receive requestVote(ELECTION, f0d18f37-c034-4e65-b036-926f7b7a2e40, group-7A06744B07B2, 1, (t:0, i:0))
2021-06-11 19:07:14,447 [grpc-default-executor-5] INFO  impl.VoteContext (VoteContext.java:log(48)) - 41bce2b3-bc14-4594-98d7-18715bf094e4@group-7A06744B07B2-FOLLOWER: accept ELECTION from f0d18f37-c034-4e65-b036-926f7b7a2e40: our priority 0 <= candidate's priority 1
2021-06-11 19:07:14,447 [grpc-default-executor-5] INFO  server.RaftServer$Division (RaftServerImpl.java:setRole(284)) - 41bce2b3-bc14-4594-98d7-18715bf094e4@group-7A06744B07B2: changes role from  FOLLOWER to FOLLOWER at term 1 for candidate:f0d18f37-c034-4e65-b036-926f7b7a2e40
2021-06-11 19:07:14,447 [grpc-default-executor-5] INFO  impl.RoleInfo (RoleInfo.java:shutdownFollowerState(108)) - 41bce2b3-bc14-4594-98d7-18715bf094e4: shutdown 41bce2b3-bc14-4594-98d7-18715bf094e4@group-7A06744B07B2-FollowerState
2021-06-11 19:07:14,448 [grpc-default-executor-5] INFO  impl.RoleInfo (RoleInfo.java:updateAndGet(130)) - 41bce2b3-bc14-4594-98d7-18715bf094e4: start 41bce2b3-bc14-4594-98d7-18715bf094e4@group-7A06744B07B2-FollowerState
2021-06-11 19:07:14,448 [41bce2b3-bc14-4594-98d7-18715bf094e4@group-7A06744B07B2-FollowerState] INFO  impl.FollowerState (FollowerState.java:run(143)) - 41bce2b3-bc14-4594-98d7-18715bf094e4@group-7A06744B07B2-FollowerState was interrupted: {}
java.lang.InterruptedException: sleep interrupted
	at java.lang.Thread.sleep(Native Method)
	at java.lang.Thread.sleep(Thread.java:340)
	at java.util.concurrent.TimeUnit.sleep(TimeUnit.java:386)
	at org.apache.ratis.util.TimeDuration.sleep(TimeDuration.java:324)
	at org.apache.ratis.util.TimeDuration.sleep(TimeDuration.java:309)
	at org.apache.ratis.server.impl.FollowerState.run(FollowerState.java:118)
2021-06-11 19:07:14,449 [grpc-default-executor-1] INFO  server.RaftServer$Division (RaftServerImpl.java:requestVote(1074)) - 1514860f-d988-4646-88fa-884730dadadc@group-7A06744B07B2 replies to ELECTION vote request: f0d18f37-c034-4e65-b036-926f7b7a2e40<-1514860f-d988-4646-88fa-884730dadadc#0:OK-t1. Peer's state: 1514860f-d988-4646-88fa-884730dadadc@group-7A06744B07B2:t1, leader=null, voted=f0d18f37-c034-4e65-b036-926f7b7a2e40, raftlog=1514860f-d988-4646-88fa-884730dadadc@group-7A06744B07B2-SegmentedRaftLog:OPENED:c-1,f-1,i0, conf=-1: [f0d18f37-c034-4e65-b036-926f7b7a2e40|rpc:10.1.0.43:45755|priority:1, 1514860f-d988-4646-88fa-884730dadadc|rpc:10.1.0.43:42983|priority:0, 41bce2b3-bc14-4594-98d7-18715bf094e4|rpc:10.1.0.43:36265|priority:0], old=null
2021-06-11 19:07:14,450 [grpc-default-executor-5] INFO  server.RaftServer$Division (RaftServerImpl.java:requestVote(1074)) - 41bce2b3-bc14-4594-98d7-18715bf094e4@group-7A06744B07B2 replies to ELECTION vote request: f0d18f37-c034-4e65-b036-926f7b7a2e40<-41bce2b3-bc14-4594-98d7-18715bf094e4#0:OK-t1. Peer's state: 41bce2b3-bc14-4594-98d7-18715bf094e4@group-7A06744B07B2:t1, leader=null, voted=f0d18f37-c034-4e65-b036-926f7b7a2e40, raftlog=41bce2b3-bc14-4594-98d7-18715bf094e4@group-7A06744B07B2-SegmentedRaftLog:OPENED:c-1,f-1,i0, conf=-1: [f0d18f37-c034-4e65-b036-926f7b7a2e40|rpc:10.1.0.43:45755|dataStream:|priority:1, 1514860f-d988-4646-88fa-884730dadadc|rpc:10.1.0.43:42983|dataStream:|priority:0, 41bce2b3-bc14-4594-98d7-18715bf094e4|rpc:10.1.0.43:36265|dataStream:|priority:0], old=null
2021-06-11 19:07:14,451 [f0d18f37-c034-4e65-b036-926f7b7a2e40@group-7A06744B07B2-LeaderElection53] INFO  impl.LeaderElection (LeaderElection.java:logAndReturn(89)) - f0d18f37-c034-4e65-b036-926f7b7a2e40@group-7A06744B07B2-LeaderElection53: ELECTION PASSED received 1 response(s) and 0 exception(s):
2021-06-11 19:07:14,451 [f0d18f37-c034-4e65-b036-926f7b7a2e40@group-7A06744B07B2-LeaderElection53] INFO  impl.LeaderElection (LeaderElection.java:logAndReturn(93)) -   Response 0: f0d18f37-c034-4e65-b036-926f7b7a2e40<-1514860f-d988-4646-88fa-884730dadadc#0:OK-t1
2021-06-11 19:07:14,451 [f0d18f37-c034-4e65-b036-926f7b7a2e40@group-7A06744B07B2-LeaderElection53] INFO  impl.LeaderElection (LeaderElection.java:askForVotes(308)) - f0d18f37-c034-4e65-b036-926f7b7a2e40@group-7A06744B07B2-LeaderElection53 ELECTION round 0: result PASSED
2021-06-11 19:07:14,451 [f0d18f37-c034-4e65-b036-926f7b7a2e40@group-7A06744B07B2-LeaderElection53] INFO  impl.RoleInfo (RoleInfo.java:shutdownLeaderElection(121)) - f0d18f37-c034-4e65-b036-926f7b7a2e40: shutdown f0d18f37-c034-4e65-b036-926f7b7a2e40@group-7A06744B07B2-LeaderElection53
2021-06-11 19:07:14,451 [f0d18f37-c034-4e65-b036-926f7b7a2e40@group-7A06744B07B2-LeaderElection53] INFO  server.RaftServer$Division (RaftServerImpl.java:setRole(284)) - f0d18f37-c034-4e65-b036-926f7b7a2e40@group-7A06744B07B2: changes role from CANDIDATE to LEADER at term 1 for changeToLeader
2021-06-11 19:07:14,451 [f0d18f37-c034-4e65-b036-926f7b7a2e40@group-7A06744B07B2-LeaderElection53] INFO  ratis.XceiverServerRatis (XceiverServerRatis.java:handleLeaderChangedNotification(906)) - Leader change notification received for group: group-7A06744B07B2 with new leaderId: f0d18f37-c034-4e65-b036-926f7b7a2e40
2021-06-11 19:07:14,451 [f0d18f37-c034-4e65-b036-926f7b7a2e40@group-7A06744B07B2-LeaderElection53] INFO  server.RaftServer$Division (ServerState.java:setLeader(271)) - f0d18f37-c034-4e65-b036-926f7b7a2e40@group-7A06744B07B2: change Leader from null to f0d18f37-c034-4e65-b036-926f7b7a2e40 at term 1 for becomeLeader, leader elected after 5042ms
2021-06-11 19:07:14,451 [f0d18f37-c034-4e65-b036-926f7b7a2e40@group-7A06744B07B2-LeaderElection53] INFO  server.RaftServerConfigKeys (ConfUtils.java:logGet(44)) - raft.server.staging.catchup.gap = 1000 (default)
2021-06-11 19:07:14,451 [f0d18f37-c034-4e65-b036-926f7b7a2e40@group-7A06744B07B2-LeaderElection53] INFO  metrics.RatisMetrics (RatisMetrics.java:lambda$create$0(36)) - Creating Metrics Registry : ratis.log_appender.f0d18f37-c034-4e65-b036-926f7b7a2e40@group-7A06744B07B2
2021-06-11 19:07:14,451 [f0d18f37-c034-4e65-b036-926f7b7a2e40@group-7A06744B07B2-LeaderElection53] INFO  server.RaftServerConfigKeys (ConfUtils.java:logGet(44)) - raft.server.write.element-limit = 1024 (custom)
2021-06-11 19:07:14,451 [f0d18f37-c034-4e65-b036-926f7b7a2e40@group-7A06744B07B2-LeaderElection53] INFO  server.RaftServerConfigKeys (ConfUtils.java:logGet(44)) - raft.server.write.byte-limit = 1073741824 (custom)
2021-06-11 19:07:14,454 [f0d18f37-c034-4e65-b036-926f7b7a2e40@group-7A06744B07B2-LeaderElection53] INFO  server.RaftServerConfigKeys (ConfUtils.java:logGet(44)) - raft.server.watch.timeout = 3000ms (custom)
2021-06-11 19:07:14,454 [f0d18f37-c034-4e65-b036-926f7b7a2e40@group-7A06744B07B2-LeaderElection53] INFO  server.RaftServerConfigKeys (ConfUtils.java:logGet(44)) - raft.server.watch.timeout.denomination = 1s (default)
2021-06-11 19:07:14,455 [f0d18f37-c034-4e65-b036-926f7b7a2e40@group-7A06744B07B2-LeaderElection53] INFO  server.RaftServerConfigKeys (ConfUtils.java:logGet(44)) - raft.server.watch.element-limit = 65536 (default)
2021-06-11 19:07:14,455 [f0d18f37-c034-4e65-b036-926f7b7a2e40@group-7A06744B07B2-LeaderElection53] INFO  server.RaftServerConfigKeys (ConfUtils.java:logGet(44)) - raft.server.log.appender.snapshot.chunk.size.max = 16MB (=16777216) (default)
2021-06-11 19:07:14,455 [f0d18f37-c034-4e65-b036-926f7b7a2e40@group-7A06744B07B2-LeaderElection53] INFO  server.RaftServerConfigKeys (ConfUtils.java:logGet(44)) - raft.server.log.appender.buffer.byte-limit = 33554432 (custom)
2021-06-11 19:07:14,455 [f0d18f37-c034-4e65-b036-926f7b7a2e40@group-7A06744B07B2-LeaderElection53] INFO  server.RaftServerConfigKeys (ConfUtils.java:logGet(44)) - raft.server.log.appender.buffer.element-limit = 1 (custom)
2021-06-11 19:07:14,455 [f0d18f37-c034-4e65-b036-926f7b7a2e40@group-7A06744B07B2-LeaderElection53] INFO  grpc.GrpcConfigKeys (ConfUtils.java:logGet(44)) - raft.grpc.server.leader.outstanding.appends.max = 128 (default)
2021-06-11 19:07:14,455 [f0d18f37-c034-4e65-b036-926f7b7a2e40@group-7A06744B07B2-LeaderElection53] INFO  server.RaftServerConfigKeys (ConfUtils.java:logGet(44)) - raft.server.rpc.request.timeout = 3000ms (default)
2021-06-11 19:07:14,455 [f0d18f37-c034-4e65-b036-926f7b7a2e40@group-7A06744B07B2-LeaderElection53] INFO  server.RaftServerConfigKeys (ConfUtils.java:logGet(44)) - raft.server.log.appender.install.snapshot.enabled = false (custom)
2021-06-11 19:07:14,455 [f0d18f37-c034-4e65-b036-926f7b7a2e40@group-7A06744B07B2-LeaderElection53] INFO  metrics.RatisMetrics (RatisMetrics.java:lambda$create$0(36)) - Creating Metrics Registry : ratis_grpc.log_appender.f0d18f37-c034-4e65-b036-926f7b7a2e40@group-7A06744B07B2
2021-06-11 19:07:14,456 [f0d18f37-c034-4e65-b036-926f7b7a2e40@group-7A06744B07B2-LeaderElection53] INFO  server.RaftServerConfigKeys (ConfUtils.java:logGet(44)) - raft.server.log.appender.snapshot.chunk.size.max = 16MB (=16777216) (default)
2021-06-11 19:07:14,456 [f0d18f37-c034-4e65-b036-926f7b7a2e40@group-7A06744B07B2-LeaderElection53] INFO  server.RaftServerConfigKeys (ConfUtils.java:logGet(44)) - raft.server.log.appender.buffer.byte-limit = 33554432 (custom)
2021-06-11 19:07:14,456 [f0d18f37-c034-4e65-b036-926f7b7a2e40@group-7A06744B07B2-LeaderElection53] INFO  server.RaftServerConfigKeys (ConfUtils.java:logGet(44)) - raft.server.log.appender.buffer.element-limit = 1 (custom)
2021-06-11 19:07:14,456 [f0d18f37-c034-4e65-b036-926f7b7a2e40@group-7A06744B07B2-LeaderElection53] INFO  grpc.GrpcConfigKeys (ConfUtils.java:logGet(44)) - raft.grpc.server.leader.outstanding.appends.max = 128 (default)
2021-06-11 19:07:14,456 [f0d18f37-c034-4e65-b036-926f7b7a2e40@group-7A06744B07B2-LeaderElection53] INFO  server.RaftServerConfigKeys (ConfUtils.java:logGet(44)) - raft.server.rpc.request.timeout = 3000ms (default)
2021-06-11 19:07:14,456 [f0d18f37-c034-4e65-b036-926f7b7a2e40@group-7A06744B07B2-LeaderElection53] INFO  server.RaftServerConfigKeys (ConfUtils.java:logGet(44)) - raft.server.log.appender.install.snapshot.enabled = false (custom)
2021-06-11 19:07:14,457 [f0d18f37-c034-4e65-b036-926f7b7a2e40@group-7A06744B07B2-LeaderElection53] INFO  impl.RoleInfo (RoleInfo.java:updateAndGet(130)) - f0d18f37-c034-4e65-b036-926f7b7a2e40: start f0d18f37-c034-4e65-b036-926f7b7a2e40@group-7A06744B07B2-LeaderStateImpl
2021-06-11 19:07:14,457 [f0d18f37-c034-4e65-b036-926f7b7a2e40@group-7A06744B07B2-LeaderElection53] INFO  segmented.SegmentedRaftLogWorker (SegmentedRaftLogWorker.java:startLogSegment(394)) - f0d18f37-c034-4e65-b036-926f7b7a2e40@group-7A06744B07B2-SegmentedRaftLogWorker: Starting segment from index:0
2021-06-11 19:07:14,458 [f0d18f37-c034-4e65-b036-926f7b7a2e40@group-7A06744B07B2-SegmentedRaftLogWorker] INFO  segmented.SegmentedRaftLogWorker (SegmentedRaftLogWorker.java:execute(601)) - f0d18f37-c034-4e65-b036-926f7b7a2e40@group-7A06744B07B2-SegmentedRaftLogWorker: created new log segment /home/runner/work/ozone/ozone/mnt/ozone/hadoop-ozone/integration-test/target/test-dir/MiniOzoneClusterImpl-7f30813a-d1ba-41a1-975d-e59f1b24795c/datanode-1/data/ratis/98922251-7eaa-4d63-82ed-7a06744b07b2/current/log_inprogress_0
2021-06-11 19:07:14,464 [f0d18f37-c034-4e65-b036-926f7b7a2e40@group-7A06744B07B2-LeaderElection53] INFO  server.RaftServer$Division (ServerState.java:setRaftConf(373)) - f0d18f37-c034-4e65-b036-926f7b7a2e40@group-7A06744B07B2: set configuration 0: [f0d18f37-c034-4e65-b036-926f7b7a2e40|rpc:10.1.0.43:45755|dataStream:|priority:1, 1514860f-d988-4646-88fa-884730dadadc|rpc:10.1.0.43:42983|dataStream:|priority:0, 41bce2b3-bc14-4594-98d7-18715bf094e4|rpc:10.1.0.43:36265|dataStream:|priority:0], old=null
2021-06-11 19:07:14,466 [EventQueue-PipelineReportForPipelineReportHandler] INFO  pipeline.PipelineManagerV2Impl (PipelineManagerV2Impl.java:openPipeline(270)) - Pipeline Pipeline[ Id: 98922251-7eaa-4d63-82ed-7a06744b07b2, Nodes: f0d18f37-c034-4e65-b036-926f7b7a2e40{ip: 10.1.0.43, host: fv-az59-942.csjynl4pkq3e1pkirw3ssqjfoh.cx.internal.cloudapp.net, ports: [REPLICATION=46009, RATIS=45755, RATIS_ADMIN=45755, RATIS_SERVER=45755, STANDALONE=39637], networkLocation: /default-rack, certSerialId: null, persistedOpState: IN_SERVICE, persistedOpStateExpiryEpochSec: 0}41bce2b3-bc14-4594-98d7-18715bf094e4{ip: 10.1.0.43, host: fv-az59-942.csjynl4pkq3e1pkirw3ssqjfoh.cx.internal.cloudapp.net, ports: [REPLICATION=42269, RATIS=36265, RATIS_ADMIN=36265, RATIS_SERVER=36265, STANDALONE=38351], networkLocation: /default-rack, certSerialId: null, persistedOpState: IN_SERVICE, persistedOpStateExpiryEpochSec: 0}1514860f-d988-4646-88fa-884730dadadc{ip: 10.1.0.43, host: fv-az59-942.csjynl4pkq3e1pkirw3ssqjfoh.cx.internal.cloudapp.net, ports: [REPLICATION=38961, RATIS=42983, RATIS_ADMIN=42983, RATIS_SERVER=42983, STANDALONE=46383], networkLocation: /default-rack, certSerialId: null, persistedOpState: IN_SERVICE, persistedOpStateExpiryEpochSec: 0}, ReplicationConfig: RATIS/THREE, State:ALLOCATED, leaderId:f0d18f37-c034-4e65-b036-926f7b7a2e40, CreationTimestamp2021-06-11T19:07:06.611Z] moved to OPEN state
2021-06-11 19:07:14,466 [EventQueue-OpenPipelineForHealthyPipelineSafeModeRule] INFO  safemode.SCMSafeModeManager (HealthyPipelineSafeModeRule.java:process(124)) - SCM in safe mode. Healthy pipelines reported count is 1, required healthy pipeline reported count is 1
2021-06-11 19:07:14,466 [EventQueue-OpenPipelineForHealthyPipelineSafeModeRule] INFO  safemode.SCMSafeModeManager (SCMSafeModeManager.java:validateSafeModeExitRules(204)) - HealthyPipelineSafeModeRule rule is successfully validated
2021-06-11 19:07:14,466 [EventQueue-OpenPipelineForHealthyPipelineSafeModeRule] INFO  safemode.SCMSafeModeManager (SCMSafeModeManager.java:validateSafeModeExitRules(219)) - ScmSafeModeManager, all rules are successfully validated
2021-06-11 19:07:14,466 [EventQueue-OpenPipelineForHealthyPipelineSafeModeRule] INFO  safemode.SCMSafeModeManager (SCMSafeModeManager.java:exitSafeMode(248)) - SCM exiting safe mode.
2021-06-11 19:07:14,466 [EventQueue-OpenPipelineForHealthyPipelineSafeModeRule] WARN  events.EventQueue (EventQueue.java:fireEvent(185)) - No event handler registered for event TypedEvent{payloadType=SafeModeStatus, name='Safe mode status'}
2021-06-11 19:07:14,466 [EventQueue-OpenPipelineForHealthyPipelineSafeModeRule] INFO  ha.SCMContext (SCMContext.java:updateSafeModeStatus(208)) - Update SafeModeStatus from SafeModeStatus{safeModeStatus=true, preCheckPassed=true} to SafeModeStatus{safeModeStatus=false, preCheckPassed=true}.
2021-06-11 19:07:14,466 [EventQueue-OpenPipelineForHealthyPipelineSafeModeRule] INFO  pipeline.BackgroundPipelineCreator (BackgroundPipelineCreatorV2.java:notifyStatusChanged(261)) - Service BackgroundPipelineCreator transitions to RUNNING.
2021-06-11 19:07:14,466 [EventQueue-OpenPipelineForHealthyPipelineSafeModeRule] INFO  container.ReplicationManager (ReplicationManager.java:notifyStatusChanged(1291)) - Service ReplicationManager transitions to RUNNING.
2021-06-11 19:07:14,470 [grpc-default-executor-1] INFO  ratis.XceiverServerRatis (XceiverServerRatis.java:handleLeaderChangedNotification(906)) - Leader change notification received for group: group-7A06744B07B2 with new leaderId: f0d18f37-c034-4e65-b036-926f7b7a2e40
2021-06-11 19:07:14,470 [grpc-default-executor-1] INFO  server.RaftServer$Division (ServerState.java:setLeader(271)) - 1514860f-d988-4646-88fa-884730dadadc@group-7A06744B07B2: change Leader from null to f0d18f37-c034-4e65-b036-926f7b7a2e40 at term 1 for appendEntries, leader elected after 5078ms
2021-06-11 19:07:14,478 [grpc-default-executor-4] INFO  server.RaftServer$Division (ServerState.java:setRaftConf(373)) - 1514860f-d988-4646-88fa-884730dadadc@group-7A06744B07B2: set configuration 0: [f0d18f37-c034-4e65-b036-926f7b7a2e40|rpc:10.1.0.43:45755|dataStream:|priority:1, 1514860f-d988-4646-88fa-884730dadadc|rpc:10.1.0.43:42983|dataStream:|priority:0, 41bce2b3-bc14-4594-98d7-18715bf094e4|rpc:10.1.0.43:36265|dataStream:|priority:0], old=null
2021-06-11 19:07:14,480 [grpc-default-executor-4] INFO  segmented.SegmentedRaftLogWorker (SegmentedRaftLogWorker.java:startLogSegment(394)) - 1514860f-d988-4646-88fa-884730dadadc@group-7A06744B07B2-SegmentedRaftLogWorker: Starting segment from index:0
2021-06-11 19:07:14,480 [grpc-default-executor-5] INFO  ratis.XceiverServerRatis (XceiverServerRatis.java:handleLeaderChangedNotification(906)) - Leader change notification received for group: group-7A06744B07B2 with new leaderId: f0d18f37-c034-4e65-b036-926f7b7a2e40
2021-06-11 19:07:14,480 [grpc-default-executor-5] INFO  server.RaftServer$Division (ServerState.java:setLeader(271)) - 41bce2b3-bc14-4594-98d7-18715bf094e4@group-7A06744B07B2: change Leader from null to f0d18f37-c034-4e65-b036-926f7b7a2e40 at term 1 for appendEntries, leader elected after 5050ms
2021-06-11 19:07:14,484 [1514860f-d988-4646-88fa-884730dadadc@group-7A06744B07B2-SegmentedRaftLogWorker] INFO  segmented.SegmentedRaftLogWorker (SegmentedRaftLogWorker.java:execute(601)) - 1514860f-d988-4646-88fa-884730dadadc@group-7A06744B07B2-SegmentedRaftLogWorker: created new log segment /home/runner/work/ozone/ozone/mnt/ozone/hadoop-ozone/integration-test/target/test-dir/MiniOzoneClusterImpl-7f30813a-d1ba-41a1-975d-e59f1b24795c/datanode-0/data/ratis/98922251-7eaa-4d63-82ed-7a06744b07b2/current/log_inprogress_0
2021-06-11 19:07:14,491 [grpc-default-executor-4] INFO  server.RaftServer$Division (ServerState.java:setRaftConf(373)) - 41bce2b3-bc14-4594-98d7-18715bf094e4@group-7A06744B07B2: set configuration 0: [f0d18f37-c034-4e65-b036-926f7b7a2e40|rpc:10.1.0.43:45755|dataStream:|priority:1, 1514860f-d988-4646-88fa-884730dadadc|rpc:10.1.0.43:42983|dataStream:|priority:0, 41bce2b3-bc14-4594-98d7-18715bf094e4|rpc:10.1.0.43:36265|dataStream:|priority:0], old=null
2021-06-11 19:07:14,491 [grpc-default-executor-4] INFO  segmented.SegmentedRaftLogWorker (SegmentedRaftLogWorker.java:startLogSegment(394)) - 41bce2b3-bc14-4594-98d7-18715bf094e4@group-7A06744B07B2-SegmentedRaftLogWorker: Starting segment from index:0
2021-06-11 19:07:14,492 [41bce2b3-bc14-4594-98d7-18715bf094e4@group-7A06744B07B2-SegmentedRaftLogWorker] INFO  segmented.SegmentedRaftLogWorker (SegmentedRaftLogWorker.java:execute(601)) - 41bce2b3-bc14-4594-98d7-18715bf094e4@group-7A06744B07B2-SegmentedRaftLogWorker: created new log segment /home/runner/work/ozone/ozone/mnt/ozone/hadoop-ozone/integration-test/target/test-dir/MiniOzoneClusterImpl-7f30813a-d1ba-41a1-975d-e59f1b24795c/datanode-2/data/ratis/98922251-7eaa-4d63-82ed-7a06744b07b2/current/log_inprogress_0
2021-06-11 19:07:14,496 [1514860f-d988-4646-88fa-884730dadadc@group-4FACF4D64A7E-FollowerState] INFO  impl.FollowerState (FollowerState.java:run(134)) - 1514860f-d988-4646-88fa-884730dadadc@group-4FACF4D64A7E-FollowerState: change to CANDIDATE, lastRpcElapsedTime:5110566635ns, electionTimeout:5107ms
2021-06-11 19:07:14,496 [1514860f-d988-4646-88fa-884730dadadc@group-4FACF4D64A7E-FollowerState] INFO  impl.RoleInfo (RoleInfo.java:shutdownFollowerState(108)) - 1514860f-d988-4646-88fa-884730dadadc: shutdown 1514860f-d988-4646-88fa-884730dadadc@group-4FACF4D64A7E-FollowerState
2021-06-11 19:07:14,496 [1514860f-d988-4646-88fa-884730dadadc@group-4FACF4D64A7E-FollowerState] INFO  server.RaftServer$Division (RaftServerImpl.java:setRole(284)) - 1514860f-d988-4646-88fa-884730dadadc@group-4FACF4D64A7E: changes role from  FOLLOWER to CANDIDATE at term 0 for changeToCandidate
2021-06-11 19:07:14,498 [1514860f-d988-4646-88fa-884730dadadc@group-4FACF4D64A7E-FollowerState] INFO  server.RaftServerConfigKeys (ConfUtils.java:logGet(44)) - raft.server.leaderelection.pre-vote = false (custom)
2021-06-11 19:07:14,498 [1514860f-d988-4646-88fa-884730dadadc@group-4FACF4D64A7E-FollowerState] INFO  impl.RoleInfo (RoleInfo.java:updateAndGet(130)) - 1514860f-d988-4646-88fa-884730dadadc: start 1514860f-d988-4646-88fa-884730dadadc@group-4FACF4D64A7E-LeaderElection54
2021-06-11 19:07:14,499 [41bce2b3-bc14-4594-98d7-18715bf094e4@group-A0934D54B14C-FollowerState] INFO  impl.FollowerState (FollowerState.java:run(134)) - 41bce2b3-bc14-4594-98d7-18715bf094e4@group-A0934D54B14C-FollowerState: change to CANDIDATE, lastRpcElapsedTime:5015733813ns, electionTimeout:5011ms
2021-06-11 19:07:14,500 [41bce2b3-bc14-4594-98d7-18715bf094e4@group-A0934D54B14C-FollowerState] INFO  impl.RoleInfo (RoleInfo.java:shutdownFollowerState(108)) - 41bce2b3-bc14-4594-98d7-18715bf094e4: shutdown 41bce2b3-bc14-4594-98d7-18715bf094e4@group-A0934D54B14C-FollowerState
2021-06-11 19:07:14,500 [41bce2b3-bc14-4594-98d7-18715bf094e4@group-A0934D54B14C-FollowerState] INFO  server.RaftServer$Division (RaftServerImpl.java:setRole(284)) - 41bce2b3-bc14-4594-98d7-18715bf094e4@group-A0934D54B14C: changes role from  FOLLOWER to CANDIDATE at term 0 for changeToCandidate
2021-06-11 19:07:14,500 [41bce2b3-bc14-4594-98d7-18715bf094e4@group-A0934D54B14C-FollowerState] INFO  server.RaftServerConfigKeys (ConfUtils.java:logGet(44)) - raft.server.leaderelection.pre-vote = false (custom)
2021-06-11 19:07:14,500 [41bce2b3-bc14-4594-98d7-18715bf094e4@group-A0934D54B14C-FollowerState] INFO  impl.RoleInfo (RoleInfo.java:updateAndGet(130)) - 41bce2b3-bc14-4594-98d7-18715bf094e4: start 41bce2b3-bc14-4594-98d7-18715bf094e4@group-A0934D54B14C-LeaderElection55
2021-06-11 19:07:14,500 [1514860f-d988-4646-88fa-884730dadadc@group-4FACF4D64A7E-LeaderElection54] INFO  impl.LeaderElection (LeaderElection.java:askForVotes(306)) - 1514860f-d988-4646-88fa-884730dadadc@group-4FACF4D64A7E-LeaderElection54 ELECTION round 0: submit vote requests at term 1 for -1: [1514860f-d988-4646-88fa-884730dadadc|rpc:10.1.0.43:42983|priority:1], old=null
2021-06-11 19:07:14,500 [1514860f-d988-4646-88fa-884730dadadc@group-4FACF4D64A7E-LeaderElection54] INFO  impl.LeaderElection (LeaderElection.java:askForVotes(308)) - 1514860f-d988-4646-88fa-884730dadadc@group-4FACF4D64A7E-LeaderElection54 ELECTION round 0: result PASSED (term=1)
2021-06-11 19:07:14,500 [1514860f-d988-4646-88fa-884730dadadc@group-4FACF4D64A7E-LeaderElection54] INFO  impl.RoleInfo (RoleInfo.java:shutdownLeaderElection(121)) - 1514860f-d988-4646-88fa-884730dadadc: shutdown 1514860f-d988-4646-88fa-884730dadadc@group-4FACF4D64A7E-LeaderElection54
2021-06-11 19:07:14,500 [1514860f-d988-4646-88fa-884730dadadc@group-4FACF4D64A7E-LeaderElection54] INFO  server.RaftServer$Division (RaftServerImpl.java:setRole(284)) - 1514860f-d988-4646-88fa-884730dadadc@group-4FACF4D64A7E: changes role from CANDIDATE to LEADER at term 1 for changeToLeader
2021-06-11 19:07:14,501 [1514860f-d988-4646-88fa-884730dadadc@group-4FACF4D64A7E-LeaderElection54] INFO  ratis.XceiverServerRatis (XceiverServerRatis.java:handleLeaderChangedNotification(906)) - Leader change notification received for group: group-4FACF4D64A7E with new leaderId: 1514860f-d988-4646-88fa-884730dadadc
2021-06-11 19:07:14,505 [1514860f-d988-4646-88fa-884730dadadc@group-4FACF4D64A7E-LeaderElection54] INFO  server.RaftServer$Division (ServerState.java:setLeader(271)) - 1514860f-d988-4646-88fa-884730dadadc@group-4FACF4D64A7E: change Leader from null to 1514860f-d988-4646-88fa-884730dadadc at term 1 for becomeLeader, leader elected after 5122ms
2021-06-11 19:07:14,505 [1514860f-d988-4646-88fa-884730dadadc@group-4FACF4D64A7E-LeaderElection54] INFO  server.RaftServerConfigKeys (ConfUtils.java:logGet(44)) - raft.server.staging.catchup.gap = 1000 (default)
2021-06-11 19:07:14,505 [1514860f-d988-4646-88fa-884730dadadc@group-4FACF4D64A7E-LeaderElection54] INFO  metrics.RatisMetrics (RatisMetrics.java:lambda$create$0(36)) - Creating Metrics Registry : ratis.log_appender.1514860f-d988-4646-88fa-884730dadadc@group-4FACF4D64A7E
2021-06-11 19:07:14,505 [1514860f-d988-4646-88fa-884730dadadc@group-4FACF4D64A7E-LeaderElection54] INFO  server.RaftServerConfigKeys (ConfUtils.java:logGet(44)) - raft.server.write.element-limit = 1024 (custom)
2021-06-11 19:07:14,505 [1514860f-d988-4646-88fa-884730dadadc@group-4FACF4D64A7E-LeaderElection54] INFO  server.RaftServerConfigKeys (ConfUtils.java:logGet(44)) - raft.server.write.byte-limit = 1073741824 (custom)
2021-06-11 19:07:14,505 [1514860f-d988-4646-88fa-884730dadadc@group-4FACF4D64A7E-LeaderElection54] INFO  server.RaftServerConfigKeys (ConfUtils.java:logGet(44)) - raft.server.watch.timeout = 3000ms (custom)
2021-06-11 19:07:14,506 [1514860f-d988-4646-88fa-884730dadadc@group-4FACF4D64A7E-LeaderElection54] INFO  server.RaftServerConfigKeys (ConfUtils.java:logGet(44)) - raft.server.watch.timeout.denomination = 1s (default)
2021-06-11 19:07:14,506 [1514860f-d988-4646-88fa-884730dadadc@group-4FACF4D64A7E-LeaderElection54] INFO  server.RaftServerConfigKeys (ConfUtils.java:logGet(44)) - raft.server.watch.element-limit = 65536 (default)
2021-06-11 19:07:14,506 [41bce2b3-bc14-4594-98d7-18715bf094e4@group-A0934D54B14C-LeaderElection55] INFO  impl.LeaderElection (LeaderElection.java:askForVotes(306)) - 41bce2b3-bc14-4594-98d7-18715bf094e4@group-A0934D54B14C-LeaderElection55 ELECTION round 0: submit vote requests at term 1 for -1: [f0d18f37-c034-4e65-b036-926f7b7a2e40|rpc:10.1.0.43:45755|dataStream:|priority:0, 1514860f-d988-4646-88fa-884730dadadc|rpc:10.1.0.43:42983|dataStream:|priority:0, 41bce2b3-bc14-4594-98d7-18715bf094e4|rpc:10.1.0.43:36265|dataStream:|priority:1], old=null
2021-06-11 19:07:14,507 [1514860f-d988-4646-88fa-884730dadadc@group-4FACF4D64A7E-LeaderElection54] INFO  impl.RoleInfo (RoleInfo.java:updateAndGet(130)) - 1514860f-d988-4646-88fa-884730dadadc: start 1514860f-d988-4646-88fa-884730dadadc@group-4FACF4D64A7E-LeaderStateImpl
2021-06-11 19:07:14,508 [1514860f-d988-4646-88fa-884730dadadc@group-4FACF4D64A7E-LeaderElection54] INFO  segmented.SegmentedRaftLogWorker (SegmentedRaftLogWorker.java:startLogSegment(394)) - 1514860f-d988-4646-88fa-884730dadadc@group-4FACF4D64A7E-SegmentedRaftLogWorker: Starting segment from index:0
2021-06-11 19:07:14,512 [grpc-default-executor-4] INFO  server.RaftServer$Division (RaftServerImpl.java:requestVote(1042)) - f0d18f37-c034-4e65-b036-926f7b7a2e40@group-A0934D54B14C: receive requestVote(ELECTION, 41bce2b3-bc14-4594-98d7-18715bf094e4, group-A0934D54B14C, 1, (t:0, i:0))
2021-06-11 19:07:14,512 [grpc-default-executor-4] INFO  impl.VoteContext (VoteContext.java:log(48)) - f0d18f37-c034-4e65-b036-926f7b7a2e40@group-A0934D54B14C-FOLLOWER: accept ELECTION from 41bce2b3-bc14-4594-98d7-18715bf094e4: our priority 0 <= candidate's priority 1
2021-06-11 19:07:14,512 [grpc-default-executor-4] INFO  server.RaftServer$Division (RaftServerImpl.java:setRole(284)) - f0d18f37-c034-4e65-b036-926f7b7a2e40@group-A0934D54B14C: changes role from  FOLLOWER to FOLLOWER at term 1 for candidate:41bce2b3-bc14-4594-98d7-18715bf094e4
2021-06-11 19:07:14,512 [grpc-default-executor-4] INFO  impl.RoleInfo (RoleInfo.java:shutdownFollowerState(108)) - f0d18f37-c034-4e65-b036-926f7b7a2e40: shutdown f0d18f37-c034-4e65-b036-926f7b7a2e40@group-A0934D54B14C-FollowerState
2021-06-11 19:07:14,513 [grpc-default-executor-4] INFO  impl.RoleInfo (RoleInfo.java:updateAndGet(130)) - f0d18f37-c034-4e65-b036-926f7b7a2e40: start f0d18f37-c034-4e65-b036-926f7b7a2e40@group-A0934D54B14C-FollowerState
2021-06-11 19:07:14,513 [f0d18f37-c034-4e65-b036-926f7b7a2e40@group-A0934D54B14C-FollowerState] INFO  impl.FollowerState (FollowerState.java:run(143)) - f0d18f37-c034-4e65-b036-926f7b7a2e40@group-A0934D54B14C-FollowerState was interrupted: {}
java.lang.InterruptedException: sleep interrupted
	at java.lang.Thread.sleep(Native Method)
	at java.lang.Thread.sleep(Thread.java:340)
	at java.util.concurrent.TimeUnit.sleep(TimeUnit.java:386)
	at org.apache.ratis.util.TimeDuration.sleep(TimeDuration.java:324)
	at org.apache.ratis.util.TimeDuration.sleep(TimeDuration.java:309)
	at org.apache.ratis.server.impl.FollowerState.run(FollowerState.java:118)
2021-06-11 19:07:14,515 [grpc-default-executor-4] INFO  server.RaftServer$Division (RaftServerImpl.java:requestVote(1074)) - f0d18f37-c034-4e65-b036-926f7b7a2e40@group-A0934D54B14C replies to ELECTION vote request: 41bce2b3-bc14-4594-98d7-18715bf094e4<-f0d18f37-c034-4e65-b036-926f7b7a2e40#0:OK-t1. Peer's state: f0d18f37-c034-4e65-b036-926f7b7a2e40@group-A0934D54B14C:t1, leader=null, voted=41bce2b3-bc14-4594-98d7-18715bf094e4, raftlog=f0d18f37-c034-4e65-b036-926f7b7a2e40@group-A0934D54B14C-SegmentedRaftLog:OPENED:c-1,f-1,i0, conf=-1: [f0d18f37-c034-4e65-b036-926f7b7a2e40|rpc:10.1.0.43:45755|priority:0, 1514860f-d988-4646-88fa-884730dadadc|rpc:10.1.0.43:42983|priority:0, 41bce2b3-bc14-4594-98d7-18715bf094e4|rpc:10.1.0.43:36265|priority:1], old=null
2021-06-11 19:07:14,516 [1514860f-d988-4646-88fa-884730dadadc@group-4FACF4D64A7E-LeaderElection54] INFO  server.RaftServer$Division (ServerState.java:setRaftConf(373)) - 1514860f-d988-4646-88fa-884730dadadc@group-4FACF4D64A7E: set configuration 0: [1514860f-d988-4646-88fa-884730dadadc|rpc:10.1.0.43:42983|dataStream:|priority:1], old=null
2021-06-11 19:07:14,516 [1514860f-d988-4646-88fa-884730dadadc@group-4FACF4D64A7E-SegmentedRaftLogWorker] INFO  segmented.SegmentedRaftLogWorker (SegmentedRaftLogWorker.java:execute(601)) - 1514860f-d988-4646-88fa-884730dadadc@group-4FACF4D64A7E-SegmentedRaftLogWorker: created new log segment /home/runner/work/ozone/ozone/mnt/ozone/hadoop-ozone/integration-test/target/test-dir/MiniOzoneClusterImpl-7f30813a-d1ba-41a1-975d-e59f1b24795c/datanode-0/data/ratis/816a5d0c-7751-485e-a30f-4facf4d64a7e/current/log_inprogress_0
2021-06-11 19:07:14,517 [41bce2b3-bc14-4594-98d7-18715bf094e4@group-A0934D54B14C-LeaderElection55] INFO  impl.LeaderElection (LeaderElection.java:logAndReturn(89)) - 41bce2b3-bc14-4594-98d7-18715bf094e4@group-A0934D54B14C-LeaderElection55: ELECTION PASSED received 1 response(s) and 0 exception(s):
2021-06-11 19:07:14,517 [41bce2b3-bc14-4594-98d7-18715bf094e4@group-A0934D54B14C-LeaderElection55] INFO  impl.LeaderElection (LeaderElection.java:logAndReturn(93)) -   Response 0: 41bce2b3-bc14-4594-98d7-18715bf094e4<-f0d18f37-c034-4e65-b036-926f7b7a2e40#0:OK-t1
2021-06-11 19:07:14,518 [41bce2b3-bc14-4594-98d7-18715bf094e4@group-A0934D54B14C-LeaderElection55] INFO  impl.LeaderElection (LeaderElection.java:askForVotes(308)) - 41bce2b3-bc14-4594-98d7-18715bf094e4@group-A0934D54B14C-LeaderElection55 ELECTION round 0: result PASSED
2021-06-11 19:07:14,518 [41bce2b3-bc14-4594-98d7-18715bf094e4@group-A0934D54B14C-LeaderElection55] INFO  impl.RoleInfo (RoleInfo.java:shutdownLeaderElection(121)) - 41bce2b3-bc14-4594-98d7-18715bf094e4: shutdown 41bce2b3-bc14-4594-98d7-18715bf094e4@group-A0934D54B14C-LeaderElection55
2021-06-11 19:07:14,518 [41bce2b3-bc14-4594-98d7-18715bf094e4@group-A0934D54B14C-LeaderElection55] INFO  server.RaftServer$Division (RaftServerImpl.java:setRole(284)) - 41bce2b3-bc14-4594-98d7-18715bf094e4@group-A0934D54B14C: changes role from CANDIDATE to LEADER at term 1 for changeToLeader
2021-06-11 19:07:14,518 [41bce2b3-bc14-4594-98d7-18715bf094e4@group-A0934D54B14C-LeaderElection55] INFO  ratis.XceiverServerRatis (XceiverServerRatis.java:handleLeaderChangedNotification(906)) - Leader change notification received for group: group-A0934D54B14C with new leaderId: 41bce2b3-bc14-4594-98d7-18715bf094e4
2021-06-11 19:07:14,518 [41bce2b3-bc14-4594-98d7-18715bf094e4@group-A0934D54B14C-LeaderElection55] INFO  server.RaftServer$Division (ServerState.java:setLeader(271)) - 41bce2b3-bc14-4594-98d7-18715bf094e4@group-A0934D54B14C: change Leader from null to 41bce2b3-bc14-4594-98d7-18715bf094e4 at term 1 for becomeLeader, leader elected after 5045ms
2021-06-11 19:07:14,518 [41bce2b3-bc14-4594-98d7-18715bf094e4@group-A0934D54B14C-LeaderElection55] INFO  server.RaftServerConfigKeys (ConfUtils.java:logGet(44)) - raft.server.staging.catchup.gap = 1000 (default)
2021-06-11 19:07:14,518 [41bce2b3-bc14-4594-98d7-18715bf094e4@group-A0934D54B14C-LeaderElection55] INFO  metrics.RatisMetrics (RatisMetrics.java:lambda$create$0(36)) - Creating Metrics Registry : ratis.log_appender.41bce2b3-bc14-4594-98d7-18715bf094e4@group-A0934D54B14C
2021-06-11 19:07:14,518 [41bce2b3-bc14-4594-98d7-18715bf094e4@group-A0934D54B14C-LeaderElection55] INFO  server.RaftServerConfigKeys (ConfUtils.java:logGet(44)) - raft.server.write.element-limit = 1024 (custom)
2021-06-11 19:07:14,518 [41bce2b3-bc14-4594-98d7-18715bf094e4@group-A0934D54B14C-LeaderElection55] INFO  server.RaftServerConfigKeys (ConfUtils.java:logGet(44)) - raft.server.write.byte-limit = 1073741824 (custom)
2021-06-11 19:07:14,518 [41bce2b3-bc14-4594-98d7-18715bf094e4@group-A0934D54B14C-LeaderElection55] INFO  server.RaftServerConfigKeys (ConfUtils.java:logGet(44)) - raft.server.watch.timeout = 3000ms (custom)
2021-06-11 19:07:14,518 [41bce2b3-bc14-4594-98d7-18715bf094e4@group-A0934D54B14C-LeaderElection55] INFO  server.RaftServerConfigKeys (ConfUtils.java:logGet(44)) - raft.server.watch.timeout.denomination = 1s (default)
2021-06-11 19:07:14,518 [41bce2b3-bc14-4594-98d7-18715bf094e4@group-A0934D54B14C-LeaderElection55] INFO  server.RaftServerConfigKeys (ConfUtils.java:logGet(44)) - raft.server.watch.element-limit = 65536 (default)
2021-06-11 19:07:14,519 [41bce2b3-bc14-4594-98d7-18715bf094e4@group-A0934D54B14C-LeaderElection55] INFO  server.RaftServerConfigKeys (ConfUtils.java:logGet(44)) - raft.server.log.appender.snapshot.chunk.size.max = 16MB (=16777216) (default)
2021-06-11 19:07:14,519 [41bce2b3-bc14-4594-98d7-18715bf094e4@group-A0934D54B14C-LeaderElection55] INFO  server.RaftServerConfigKeys (ConfUtils.java:logGet(44)) - raft.server.log.appender.buffer.byte-limit = 33554432 (custom)
2021-06-11 19:07:14,519 [41bce2b3-bc14-4594-98d7-18715bf094e4@group-A0934D54B14C-LeaderElection55] INFO  server.RaftServerConfigKeys (ConfUtils.java:logGet(44)) - raft.server.log.appender.buffer.element-limit = 1 (custom)
2021-06-11 19:07:14,519 [41bce2b3-bc14-4594-98d7-18715bf094e4@group-A0934D54B14C-LeaderElection55] INFO  grpc.GrpcConfigKeys (ConfUtils.java:logGet(44)) - raft.grpc.server.leader.outstanding.appends.max = 128 (default)
2021-06-11 19:07:14,519 [41bce2b3-bc14-4594-98d7-18715bf094e4@group-A0934D54B14C-LeaderElection55] INFO  server.RaftServerConfigKeys (ConfUtils.java:logGet(44)) - raft.server.rpc.request.timeout = 3000ms (default)
2021-06-11 19:07:14,519 [41bce2b3-bc14-4594-98d7-18715bf094e4@group-A0934D54B14C-LeaderElection55] INFO  server.RaftServerConfigKeys (ConfUtils.java:logGet(44)) - raft.server.log.appender.install.snapshot.enabled = false (custom)
2021-06-11 19:07:14,519 [41bce2b3-bc14-4594-98d7-18715bf094e4@group-A0934D54B14C-LeaderElection55] INFO  metrics.RatisMetrics (RatisMetrics.java:lambda$create$0(36)) - Creating Metrics Registry : ratis_grpc.log_appender.41bce2b3-bc14-4594-98d7-18715bf094e4@group-A0934D54B14C
2021-06-11 19:07:14,520 [41bce2b3-bc14-4594-98d7-18715bf094e4@group-A0934D54B14C-LeaderElection55] INFO  server.RaftServerConfigKeys (ConfUtils.java:logGet(44)) - raft.server.log.appender.snapshot.chunk.size.max = 16MB (=16777216) (default)
2021-06-11 19:07:14,520 [41bce2b3-bc14-4594-98d7-18715bf094e4@group-A0934D54B14C-LeaderElection55] INFO  server.RaftServerConfigKeys (ConfUtils.java:logGet(44)) - raft.server.log.appender.buffer.byte-limit = 33554432 (custom)
2021-06-11 19:07:14,520 [41bce2b3-bc14-4594-98d7-18715bf094e4@group-A0934D54B14C-LeaderElection55] INFO  server.RaftServerConfigKeys (ConfUtils.java:logGet(44)) - raft.server.log.appender.buffer.element-limit = 1 (custom)
2021-06-11 19:07:14,520 [41bce2b3-bc14-4594-98d7-18715bf094e4@group-A0934D54B14C-LeaderElection55] INFO  grpc.GrpcConfigKeys (ConfUtils.java:logGet(44)) - raft.grpc.server.leader.outstanding.appends.max = 128 (default)
2021-06-11 19:07:14,520 [41bce2b3-bc14-4594-98d7-18715bf094e4@group-A0934D54B14C-LeaderElection55] INFO  server.RaftServerConfigKeys (ConfUtils.java:logGet(44)) - raft.server.rpc.request.timeout = 3000ms (default)
2021-06-11 19:07:14,520 [41bce2b3-bc14-4594-98d7-18715bf094e4@group-A0934D54B14C-LeaderElection55] INFO  server.RaftServerConfigKeys (ConfUtils.java:logGet(44)) - raft.server.log.appender.install.snapshot.enabled = false (custom)
2021-06-11 19:07:14,521 [41bce2b3-bc14-4594-98d7-18715bf094e4@group-A0934D54B14C-LeaderElection55] INFO  impl.RoleInfo (RoleInfo.java:updateAndGet(130)) - 41bce2b3-bc14-4594-98d7-18715bf094e4: start 41bce2b3-bc14-4594-98d7-18715bf094e4@group-A0934D54B14C-LeaderStateImpl
2021-06-11 19:07:14,522 [41bce2b3-bc14-4594-98d7-18715bf094e4@group-A0934D54B14C-LeaderElection55] INFO  segmented.SegmentedRaftLogWorker (SegmentedRaftLogWorker.java:startLogSegment(394)) - 41bce2b3-bc14-4594-98d7-18715bf094e4@group-A0934D54B14C-SegmentedRaftLogWorker: Starting segment from index:0
2021-06-11 19:07:14,522 [EventQueue-PipelineReportForPipelineReportHandler] INFO  pipeline.PipelineManagerV2Impl (PipelineManagerV2Impl.java:openPipeline(270)) - Pipeline Pipeline[ Id: da2b4bb3-8ca4-433a-a644-a0934d54b14c, Nodes: 41bce2b3-bc14-4594-98d7-18715bf094e4{ip: 10.1.0.43, host: fv-az59-942.csjynl4pkq3e1pkirw3ssqjfoh.cx.internal.cloudapp.net, ports: [REPLICATION=42269, RATIS=36265, RATIS_ADMIN=36265, RATIS_SERVER=36265, STANDALONE=38351], networkLocation: /default-rack, certSerialId: null, persistedOpState: IN_SERVICE, persistedOpStateExpiryEpochSec: 0}1514860f-d988-4646-88fa-884730dadadc{ip: 10.1.0.43, host: fv-az59-942.csjynl4pkq3e1pkirw3ssqjfoh.cx.internal.cloudapp.net, ports: [REPLICATION=38961, RATIS=42983, RATIS_ADMIN=42983, RATIS_SERVER=42983, STANDALONE=46383], networkLocation: /default-rack, certSerialId: null, persistedOpState: IN_SERVICE, persistedOpStateExpiryEpochSec: 0}f0d18f37-c034-4e65-b036-926f7b7a2e40{ip: 10.1.0.43, host: fv-az59-942.csjynl4pkq3e1pkirw3ssqjfoh.cx.internal.cloudapp.net, ports: [REPLICATION=46009, RATIS=45755, RATIS_ADMIN=45755, RATIS_SERVER=45755, STANDALONE=39637], networkLocation: /default-rack, certSerialId: null, persistedOpState: IN_SERVICE, persistedOpStateExpiryEpochSec: 0}, ReplicationConfig: RATIS/THREE, State:ALLOCATED, leaderId:41bce2b3-bc14-4594-98d7-18715bf094e4, CreationTimestamp2021-06-11T19:07:06.614Z] moved to OPEN state
2021-06-11 19:07:14,523 [41bce2b3-bc14-4594-98d7-18715bf094e4@group-A0934D54B14C-SegmentedRaftLogWorker] INFO  segmented.SegmentedRaftLogWorker (SegmentedRaftLogWorker.java:execute(601)) - 41bce2b3-bc14-4594-98d7-18715bf094e4@group-A0934D54B14C-SegmentedRaftLogWorker: created new log segment /home/runner/work/ozone/ozone/mnt/ozone/hadoop-ozone/integration-test/target/test-dir/MiniOzoneClusterImpl-7f30813a-d1ba-41a1-975d-e59f1b24795c/datanode-2/data/ratis/da2b4bb3-8ca4-433a-a644-a0934d54b14c/current/log_inprogress_0
2021-06-11 19:07:14,531 [41bce2b3-bc14-4594-98d7-18715bf094e4@group-A0934D54B14C-LeaderElection55] INFO  server.RaftServer$Division (ServerState.java:setRaftConf(373)) - 41bce2b3-bc14-4594-98d7-18715bf094e4@group-A0934D54B14C: set configuration 0: [f0d18f37-c034-4e65-b036-926f7b7a2e40|rpc:10.1.0.43:45755|dataStream:|priority:0, 1514860f-d988-4646-88fa-884730dadadc|rpc:10.1.0.43:42983|dataStream:|priority:0, 41bce2b3-bc14-4594-98d7-18715bf094e4|rpc:10.1.0.43:36265|dataStream:|priority:1], old=null
2021-06-11 19:07:14,531 [grpc-default-executor-4] INFO  server.RaftServer$Division (RaftServerImpl.java:requestVote(1042)) - 1514860f-d988-4646-88fa-884730dadadc@group-A0934D54B14C: receive requestVote(ELECTION, 41bce2b3-bc14-4594-98d7-18715bf094e4, group-A0934D54B14C, 1, (t:0, i:0))
2021-06-11 19:07:14,531 [grpc-default-executor-4] INFO  impl.VoteContext (VoteContext.java:log(48)) - 1514860f-d988-4646-88fa-884730dadadc@group-A0934D54B14C-FOLLOWER: accept ELECTION from 41bce2b3-bc14-4594-98d7-18715bf094e4: our priority 0 <= candidate's priority 1
2021-06-11 19:07:14,531 [grpc-default-executor-4] INFO  server.RaftServer$Division (RaftServerImpl.java:setRole(284)) - 1514860f-d988-4646-88fa-884730dadadc@group-A0934D54B14C: changes role from  FOLLOWER to FOLLOWER at term 1 for candidate:41bce2b3-bc14-4594-98d7-18715bf094e4
2021-06-11 19:07:14,531 [grpc-default-executor-4] INFO  impl.RoleInfo (RoleInfo.java:shutdownFollowerState(108)) - 1514860f-d988-4646-88fa-884730dadadc: shutdown 1514860f-d988-4646-88fa-884730dadadc@group-A0934D54B14C-FollowerState
2021-06-11 19:07:14,531 [grpc-default-executor-4] INFO  impl.RoleInfo (RoleInfo.java:updateAndGet(130)) - 1514860f-d988-4646-88fa-884730dadadc: start 1514860f-d988-4646-88fa-884730dadadc@group-A0934D54B14C-FollowerState
2021-06-11 19:07:14,531 [1514860f-d988-4646-88fa-884730dadadc@group-A0934D54B14C-FollowerState] INFO  impl.FollowerState (FollowerState.java:run(143)) - 1514860f-d988-4646-88fa-884730dadadc@group-A0934D54B14C-FollowerState was interrupted: {}
java.lang.InterruptedException: sleep interrupted
	at java.lang.Thread.sleep(Native Method)
	at java.lang.Thread.sleep(Thread.java:340)
	at java.util.concurrent.TimeUnit.sleep(TimeUnit.java:386)
	at org.apache.ratis.util.TimeDuration.sleep(TimeDuration.java:324)
	at org.apache.ratis.util.TimeDuration.sleep(TimeDuration.java:309)
	at org.apache.ratis.server.impl.FollowerState.run(FollowerState.java:118)
2021-06-11 19:07:14,535 [grpc-default-executor-4] INFO  server.RaftServer$Division (RaftServerImpl.java:requestVote(1074)) - 1514860f-d988-4646-88fa-884730dadadc@group-A0934D54B14C replies to ELECTION vote request: 41bce2b3-bc14-4594-98d7-18715bf094e4<-1514860f-d988-4646-88fa-884730dadadc#0:OK-t1. Peer's state: 1514860f-d988-4646-88fa-884730dadadc@group-A0934D54B14C:t1, leader=null, voted=41bce2b3-bc14-4594-98d7-18715bf094e4, raftlog=1514860f-d988-4646-88fa-884730dadadc@group-A0934D54B14C-SegmentedRaftLog:OPENED:c-1,f-1,i0, conf=-1: [f0d18f37-c034-4e65-b036-926f7b7a2e40|rpc:10.1.0.43:45755|priority:0, 1514860f-d988-4646-88fa-884730dadadc|rpc:10.1.0.43:42983|priority:0, 41bce2b3-bc14-4594-98d7-18715bf094e4|rpc:10.1.0.43:36265|priority:1], old=null
2021-06-11 19:07:14,545 [grpc-default-executor-1] INFO  ratis.XceiverServerRatis (XceiverServerRatis.java:handleLeaderChangedNotification(906)) - Leader change notification received for group: group-A0934D54B14C with new leaderId: 41bce2b3-bc14-4594-98d7-18715bf094e4
2021-06-11 19:07:14,545 [grpc-default-executor-1] INFO  server.RaftServer$Division (ServerState.java:setLeader(271)) - f0d18f37-c034-4e65-b036-926f7b7a2e40@group-A0934D54B14C: change Leader from null to 41bce2b3-bc14-4594-98d7-18715bf094e4 at term 1 for appendEntries, leader elected after 5046ms
2021-06-11 19:07:14,548 [grpc-default-executor-1] INFO  server.RaftServer$Division (ServerState.java:setRaftConf(373)) - f0d18f37-c034-4e65-b036-926f7b7a2e40@group-A0934D54B14C: set configuration 0: [f0d18f37-c034-4e65-b036-926f7b7a2e40|rpc:10.1.0.43:45755|dataStream:|priority:0, 1514860f-d988-4646-88fa-884730dadadc|rpc:10.1.0.43:42983|dataStream:|priority:0, 41bce2b3-bc14-4594-98d7-18715bf094e4|rpc:10.1.0.43:36265|dataStream:|priority:1], old=null
2021-06-11 19:07:14,549 [grpc-default-executor-1] INFO  segmented.SegmentedRaftLogWorker (SegmentedRaftLogWorker.java:startLogSegment(394)) - f0d18f37-c034-4e65-b036-926f7b7a2e40@group-A0934D54B14C-SegmentedRaftLogWorker: Starting segment from index:0
2021-06-11 19:07:14,550 [f0d18f37-c034-4e65-b036-926f7b7a2e40@group-A0934D54B14C-SegmentedRaftLogWorker] INFO  segmented.SegmentedRaftLogWorker (SegmentedRaftLogWorker.java:execute(601)) - f0d18f37-c034-4e65-b036-926f7b7a2e40@group-A0934D54B14C-SegmentedRaftLogWorker: created new log segment /home/runner/work/ozone/ozone/mnt/ozone/hadoop-ozone/integration-test/target/test-dir/MiniOzoneClusterImpl-7f30813a-d1ba-41a1-975d-e59f1b24795c/datanode-1/data/ratis/da2b4bb3-8ca4-433a-a644-a0934d54b14c/current/log_inprogress_0
2021-06-11 19:07:14,551 [grpc-default-executor-4] INFO  ratis.XceiverServerRatis (XceiverServerRatis.java:handleLeaderChangedNotification(906)) - Leader change notification received for group: group-A0934D54B14C with new leaderId: 41bce2b3-bc14-4594-98d7-18715bf094e4
2021-06-11 19:07:14,551 [grpc-default-executor-4] INFO  server.RaftServer$Division (ServerState.java:setLeader(271)) - 1514860f-d988-4646-88fa-884730dadadc@group-A0934D54B14C: change Leader from null to 41bce2b3-bc14-4594-98d7-18715bf094e4 at term 1 for appendEntries, leader elected after 5099ms
2021-06-11 19:07:14,561 [grpc-default-executor-4] INFO  server.RaftServer$Division (ServerState.java:setRaftConf(373)) - 1514860f-d988-4646-88fa-884730dadadc@group-A0934D54B14C: set configuration 0: [f0d18f37-c034-4e65-b036-926f7b7a2e40|rpc:10.1.0.43:45755|dataStream:|priority:0, 1514860f-d988-4646-88fa-884730dadadc|rpc:10.1.0.43:42983|dataStream:|priority:0, 41bce2b3-bc14-4594-98d7-18715bf094e4|rpc:10.1.0.43:36265|dataStream:|priority:1], old=null
2021-06-11 19:07:14,562 [grpc-default-executor-4] INFO  segmented.SegmentedRaftLogWorker (SegmentedRaftLogWorker.java:startLogSegment(394)) - 1514860f-d988-4646-88fa-884730dadadc@group-A0934D54B14C-SegmentedRaftLogWorker: Starting segment from index:0
2021-06-11 19:07:14,563 [1514860f-d988-4646-88fa-884730dadadc@group-A0934D54B14C-SegmentedRaftLogWorker] INFO  segmented.SegmentedRaftLogWorker (SegmentedRaftLogWorker.java:execute(601)) - 1514860f-d988-4646-88fa-884730dadadc@group-A0934D54B14C-SegmentedRaftLogWorker: created new log segment /home/runner/work/ozone/ozone/mnt/ozone/hadoop-ozone/integration-test/target/test-dir/MiniOzoneClusterImpl-7f30813a-d1ba-41a1-975d-e59f1b24795c/datanode-0/data/ratis/da2b4bb3-8ca4-433a-a644-a0934d54b14c/current/log_inprogress_0
2021-06-11 19:07:14,625 [f0d18f37-c034-4e65-b036-926f7b7a2e40@group-0DD81035E5C7-FollowerState] INFO  impl.FollowerState (FollowerState.java:run(134)) - f0d18f37-c034-4e65-b036-926f7b7a2e40@group-0DD81035E5C7-FollowerState: change to CANDIDATE, lastRpcElapsedTime:5134987494ns, electionTimeout:5134ms
2021-06-11 19:07:14,625 [f0d18f37-c034-4e65-b036-926f7b7a2e40@group-0DD81035E5C7-FollowerState] INFO  impl.RoleInfo (RoleInfo.java:shutdownFollowerState(108)) - f0d18f37-c034-4e65-b036-926f7b7a2e40: shutdown f0d18f37-c034-4e65-b036-926f7b7a2e40@group-0DD81035E5C7-FollowerState
2021-06-11 19:07:14,625 [f0d18f37-c034-4e65-b036-926f7b7a2e40@group-0DD81035E5C7-FollowerState] INFO  server.RaftServer$Division (RaftServerImpl.java:setRole(284)) - f0d18f37-c034-4e65-b036-926f7b7a2e40@group-0DD81035E5C7: changes role from  FOLLOWER to CANDIDATE at term 0 for changeToCandidate
2021-06-11 19:07:14,625 [f0d18f37-c034-4e65-b036-926f7b7a2e40@group-0DD81035E5C7-FollowerState] INFO  server.RaftServerConfigKeys (ConfUtils.java:logGet(44)) - raft.server.leaderelection.pre-vote = false (custom)
2021-06-11 19:07:14,626 [f0d18f37-c034-4e65-b036-926f7b7a2e40@group-0DD81035E5C7-FollowerState] INFO  impl.RoleInfo (RoleInfo.java:updateAndGet(130)) - f0d18f37-c034-4e65-b036-926f7b7a2e40: start f0d18f37-c034-4e65-b036-926f7b7a2e40@group-0DD81035E5C7-LeaderElection56
2021-06-11 19:07:14,629 [f0d18f37-c034-4e65-b036-926f7b7a2e40@group-0DD81035E5C7-LeaderElection56] INFO  impl.LeaderElection (LeaderElection.java:askForVotes(306)) - f0d18f37-c034-4e65-b036-926f7b7a2e40@group-0DD81035E5C7-LeaderElection56 ELECTION round 0: submit vote requests at term 1 for -1: [f0d18f37-c034-4e65-b036-926f7b7a2e40|rpc:10.1.0.43:45755|priority:1], old=null
2021-06-11 19:07:14,629 [f0d18f37-c034-4e65-b036-926f7b7a2e40@group-0DD81035E5C7-LeaderElection56] INFO  impl.LeaderElection (LeaderElection.java:askForVotes(308)) - f0d18f37-c034-4e65-b036-926f7b7a2e40@group-0DD81035E5C7-LeaderElection56 ELECTION round 0: result PASSED (term=1)
2021-06-11 19:07:14,629 [f0d18f37-c034-4e65-b036-926f7b7a2e40@group-0DD81035E5C7-LeaderElection56] INFO  impl.RoleInfo (RoleInfo.java:shutdownLeaderElection(121)) - f0d18f37-c034-4e65-b036-926f7b7a2e40: shutdown f0d18f37-c034-4e65-b036-926f7b7a2e40@group-0DD81035E5C7-LeaderElection56
2021-06-11 19:07:14,629 [f0d18f37-c034-4e65-b036-926f7b7a2e40@group-0DD81035E5C7-LeaderElection56] INFO  server.RaftServer$Division (RaftServerImpl.java:setRole(284)) - f0d18f37-c034-4e65-b036-926f7b7a2e40@group-0DD81035E5C7: changes role from CANDIDATE to LEADER at term 1 for changeToLeader
2021-06-11 19:07:14,629 [f0d18f37-c034-4e65-b036-926f7b7a2e40@group-0DD81035E5C7-LeaderElection56] INFO  ratis.XceiverServerRatis (XceiverServerRatis.java:handleLeaderChangedNotification(906)) - Leader change notification received for group: group-0DD81035E5C7 with new leaderId: f0d18f37-c034-4e65-b036-926f7b7a2e40
2021-06-11 19:07:14,629 [f0d18f37-c034-4e65-b036-926f7b7a2e40@group-0DD81035E5C7-LeaderElection56] INFO  server.RaftServer$Division (ServerState.java:setLeader(271)) - f0d18f37-c034-4e65-b036-926f7b7a2e40@group-0DD81035E5C7: change Leader from null to f0d18f37-c034-4e65-b036-926f7b7a2e40 at term 1 for becomeLeader, leader elected after 5144ms
2021-06-11 19:07:14,631 [f0d18f37-c034-4e65-b036-926f7b7a2e40@group-0DD81035E5C7-LeaderElection56] INFO  server.RaftServerConfigKeys (ConfUtils.java:logGet(44)) - raft.server.staging.catchup.gap = 1000 (default)
2021-06-11 19:07:14,631 [f0d18f37-c034-4e65-b036-926f7b7a2e40@group-0DD81035E5C7-LeaderElection56] INFO  metrics.RatisMetrics (RatisMetrics.java:lambda$create$0(36)) - Creating Metrics Registry : ratis.log_appender.f0d18f37-c034-4e65-b036-926f7b7a2e40@group-0DD81035E5C7
2021-06-11 19:07:14,631 [f0d18f37-c034-4e65-b036-926f7b7a2e40@group-0DD81035E5C7-LeaderElection56] INFO  server.RaftServerConfigKeys (ConfUtils.java:logGet(44)) - raft.server.write.element-limit = 1024 (custom)
2021-06-11 19:07:14,631 [f0d18f37-c034-4e65-b036-926f7b7a2e40@group-0DD81035E5C7-LeaderElection56] INFO  server.RaftServerConfigKeys (ConfUtils.java:logGet(44)) - raft.server.write.byte-limit = 1073741824 (custom)
2021-06-11 19:07:14,631 [f0d18f37-c034-4e65-b036-926f7b7a2e40@group-0DD81035E5C7-LeaderElection56] INFO  server.RaftServerConfigKeys (ConfUtils.java:logGet(44)) - raft.server.watch.timeout = 3000ms (custom)
2021-06-11 19:07:14,632 [f0d18f37-c034-4e65-b036-926f7b7a2e40@group-0DD81035E5C7-LeaderElection56] INFO  server.RaftServerConfigKeys (ConfUtils.java:logGet(44)) - raft.server.watch.timeout.denomination = 1s (default)
2021-06-11 19:07:14,632 [f0d18f37-c034-4e65-b036-926f7b7a2e40@group-0DD81035E5C7-LeaderElection56] INFO  server.RaftServerConfigKeys (ConfUtils.java:logGet(44)) - raft.server.watch.element-limit = 65536 (default)
2021-06-11 19:07:14,632 [f0d18f37-c034-4e65-b036-926f7b7a2e40@group-0DD81035E5C7-LeaderElection56] INFO  impl.RoleInfo (RoleInfo.java:updateAndGet(130)) - f0d18f37-c034-4e65-b036-926f7b7a2e40: start f0d18f37-c034-4e65-b036-926f7b7a2e40@group-0DD81035E5C7-LeaderStateImpl
2021-06-11 19:07:14,632 [f0d18f37-c034-4e65-b036-926f7b7a2e40@group-0DD81035E5C7-LeaderElection56] INFO  segmented.SegmentedRaftLogWorker (SegmentedRaftLogWorker.java:startLogSegment(394)) - f0d18f37-c034-4e65-b036-926f7b7a2e40@group-0DD81035E5C7-SegmentedRaftLogWorker: Starting segment from index:0
2021-06-11 19:07:14,637 [f0d18f37-c034-4e65-b036-926f7b7a2e40@group-0DD81035E5C7-LeaderElection56] INFO  server.RaftServer$Division (ServerState.java:setRaftConf(373)) - f0d18f37-c034-4e65-b036-926f7b7a2e40@group-0DD81035E5C7: set configuration 0: [f0d18f37-c034-4e65-b036-926f7b7a2e40|rpc:10.1.0.43:45755|dataStream:|priority:1], old=null
2021-06-11 19:07:14,637 [f0d18f37-c034-4e65-b036-926f7b7a2e40@group-0DD81035E5C7-SegmentedRaftLogWorker] INFO  segmented.SegmentedRaftLogWorker (SegmentedRaftLogWorker.java:execute(601)) - f0d18f37-c034-4e65-b036-926f7b7a2e40@group-0DD81035E5C7-SegmentedRaftLogWorker: created new log segment /home/runner/work/ozone/ozone/mnt/ozone/hadoop-ozone/integration-test/target/test-dir/MiniOzoneClusterImpl-7f30813a-d1ba-41a1-975d-e59f1b24795c/datanode-1/data/ratis/4ae1362b-feaf-4634-adb0-0dd81035e5c7/current/log_inprogress_0
2021-06-11 19:07:14,673 [41bce2b3-bc14-4594-98d7-18715bf094e4@group-69A6B301964F-FollowerState] INFO  impl.FollowerState (FollowerState.java:run(134)) - 41bce2b3-bc14-4594-98d7-18715bf094e4@group-69A6B301964F-FollowerState: change to CANDIDATE, lastRpcElapsedTime:5054048060ns, electionTimeout:5045ms
2021-06-11 19:07:14,674 [41bce2b3-bc14-4594-98d7-18715bf094e4@group-69A6B301964F-FollowerState] INFO  impl.RoleInfo (RoleInfo.java:shutdownFollowerState(108)) - 41bce2b3-bc14-4594-98d7-18715bf094e4: shutdown 41bce2b3-bc14-4594-98d7-18715bf094e4@group-69A6B301964F-FollowerState
2021-06-11 19:07:14,674 [41bce2b3-bc14-4594-98d7-18715bf094e4@group-69A6B301964F-FollowerState] INFO  server.RaftServer$Division (RaftServerImpl.java:setRole(284)) - 41bce2b3-bc14-4594-98d7-18715bf094e4@group-69A6B301964F: changes role from  FOLLOWER to CANDIDATE at term 0 for changeToCandidate
2021-06-11 19:07:14,674 [41bce2b3-bc14-4594-98d7-18715bf094e4@group-69A6B301964F-FollowerState] INFO  server.RaftServerConfigKeys (ConfUtils.java:logGet(44)) - raft.server.leaderelection.pre-vote = false (custom)
2021-06-11 19:07:14,674 [41bce2b3-bc14-4594-98d7-18715bf094e4@group-69A6B301964F-FollowerState] INFO  impl.RoleInfo (RoleInfo.java:updateAndGet(130)) - 41bce2b3-bc14-4594-98d7-18715bf094e4: start 41bce2b3-bc14-4594-98d7-18715bf094e4@group-69A6B301964F-LeaderElection57
2021-06-11 19:07:14,677 [41bce2b3-bc14-4594-98d7-18715bf094e4@group-69A6B301964F-LeaderElection57] INFO  impl.LeaderElection (LeaderElection.java:askForVotes(306)) - 41bce2b3-bc14-4594-98d7-18715bf094e4@group-69A6B301964F-LeaderElection57 ELECTION round 0: submit vote requests at term 1 for -1: [41bce2b3-bc14-4594-98d7-18715bf094e4|rpc:10.1.0.43:36265|priority:1], old=null
2021-06-11 19:07:14,677 [41bce2b3-bc14-4594-98d7-18715bf094e4@group-69A6B301964F-LeaderElection57] INFO  impl.LeaderElection (LeaderElection.java:askForVotes(308)) - 41bce2b3-bc14-4594-98d7-18715bf094e4@group-69A6B301964F-LeaderElection57 ELECTION round 0: result PASSED (term=1)
2021-06-11 19:07:14,678 [41bce2b3-bc14-4594-98d7-18715bf094e4@group-69A6B301964F-LeaderElection57] INFO  impl.RoleInfo (RoleInfo.java:shutdownLeaderElection(121)) - 41bce2b3-bc14-4594-98d7-18715bf094e4: shutdown 41bce2b3-bc14-4594-98d7-18715bf094e4@group-69A6B301964F-LeaderElection57
2021-06-11 19:07:14,678 [41bce2b3-bc14-4594-98d7-18715bf094e4@group-69A6B301964F-LeaderElection57] INFO  server.RaftServer$Division (RaftServerImpl.java:setRole(284)) - 41bce2b3-bc14-4594-98d7-18715bf094e4@group-69A6B301964F: changes role from CANDIDATE to LEADER at term 1 for changeToLeader
2021-06-11 19:07:14,678 [41bce2b3-bc14-4594-98d7-18715bf094e4@group-69A6B301964F-LeaderElection57] INFO  ratis.XceiverServerRatis (XceiverServerRatis.java:handleLeaderChangedNotification(906)) - Leader change notification received for group: group-69A6B301964F with new leaderId: 41bce2b3-bc14-4594-98d7-18715bf094e4
2021-06-11 19:07:14,678 [41bce2b3-bc14-4594-98d7-18715bf094e4@group-69A6B301964F-LeaderElection57] INFO  server.RaftServer$Division (ServerState.java:setLeader(271)) - 41bce2b3-bc14-4594-98d7-18715bf094e4@group-69A6B301964F: change Leader from null to 41bce2b3-bc14-4594-98d7-18715bf094e4 at term 1 for becomeLeader, leader elected after 5064ms
2021-06-11 19:07:14,678 [41bce2b3-bc14-4594-98d7-18715bf094e4@group-69A6B301964F-LeaderElection57] INFO  server.RaftServerConfigKeys (ConfUtils.java:logGet(44)) - raft.server.staging.catchup.gap = 1000 (default)
2021-06-11 19:07:14,678 [41bce2b3-bc14-4594-98d7-18715bf094e4@group-69A6B301964F-LeaderElection57] INFO  metrics.RatisMetrics (RatisMetrics.java:lambda$create$0(36)) - Creating Metrics Registry : ratis.log_appender.41bce2b3-bc14-4594-98d7-18715bf094e4@group-69A6B301964F
2021-06-11 19:07:14,678 [41bce2b3-bc14-4594-98d7-18715bf094e4@group-69A6B301964F-LeaderElection57] INFO  server.RaftServerConfigKeys (ConfUtils.java:logGet(44)) - raft.server.write.element-limit = 1024 (custom)
2021-06-11 19:07:14,678 [41bce2b3-bc14-4594-98d7-18715bf094e4@group-69A6B301964F-LeaderElection57] INFO  server.RaftServerConfigKeys (ConfUtils.java:logGet(44)) - raft.server.write.byte-limit = 1073741824 (custom)
2021-06-11 19:07:14,679 [41bce2b3-bc14-4594-98d7-18715bf094e4@group-69A6B301964F-LeaderElection57] INFO  server.RaftServerConfigKeys (ConfUtils.java:logGet(44)) - raft.server.watch.timeout = 3000ms (custom)
2021-06-11 19:07:14,679 [41bce2b3-bc14-4594-98d7-18715bf094e4@group-69A6B301964F-LeaderElection57] INFO  server.RaftServerConfigKeys (ConfUtils.java:logGet(44)) - raft.server.watch.timeout.denomination = 1s (default)
2021-06-11 19:07:14,679 [41bce2b3-bc14-4594-98d7-18715bf094e4@group-69A6B301964F-LeaderElection57] INFO  server.RaftServerConfigKeys (ConfUtils.java:logGet(44)) - raft.server.watch.element-limit = 65536 (default)
2021-06-11 19:07:14,679 [41bce2b3-bc14-4594-98d7-18715bf094e4@group-69A6B301964F-LeaderElection57] INFO  impl.RoleInfo (RoleInfo.java:updateAndGet(130)) - 41bce2b3-bc14-4594-98d7-18715bf094e4: start 41bce2b3-bc14-4594-98d7-18715bf094e4@group-69A6B301964F-LeaderStateImpl
2021-06-11 19:07:14,679 [41bce2b3-bc14-4594-98d7-18715bf094e4@group-69A6B301964F-LeaderElection57] INFO  segmented.SegmentedRaftLogWorker (SegmentedRaftLogWorker.java:startLogSegment(394)) - 41bce2b3-bc14-4594-98d7-18715bf094e4@group-69A6B301964F-SegmentedRaftLogWorker: Starting segment from index:0
2021-06-11 19:07:14,682 [41bce2b3-bc14-4594-98d7-18715bf094e4@group-69A6B301964F-LeaderElection57] INFO  server.RaftServer$Division (ServerState.java:setRaftConf(373)) - 41bce2b3-bc14-4594-98d7-18715bf094e4@group-69A6B301964F: set configuration 0: [41bce2b3-bc14-4594-98d7-18715bf094e4|rpc:10.1.0.43:36265|dataStream:|priority:1], old=null
2021-06-11 19:07:14,683 [41bce2b3-bc14-4594-98d7-18715bf094e4@group-69A6B301964F-SegmentedRaftLogWorker] INFO  segmented.SegmentedRaftLogWorker (SegmentedRaftLogWorker.java:execute(601)) - 41bce2b3-bc14-4594-98d7-18715bf094e4@group-69A6B301964F-SegmentedRaftLogWorker: created new log segment /home/runner/work/ozone/ozone/mnt/ozone/hadoop-ozone/integration-test/target/test-dir/MiniOzoneClusterImpl-7f30813a-d1ba-41a1-975d-e59f1b24795c/datanode-2/data/ratis/1f6c5e09-d23f-4d24-be5d-69a6b301964f/current/log_inprogress_0
2021-06-11 19:07:14,818 [133b101f-dcee-4efd-9163-9b3704aaa3ee@group-6F62B5CC8E81-FollowerState] INFO  impl.FollowerState (FollowerState.java:run(134)) - 133b101f-dcee-4efd-9163-9b3704aaa3ee@group-6F62B5CC8E81-FollowerState: change to CANDIDATE, lastRpcElapsedTime:5052033589ns, electionTimeout:5051ms
2021-06-11 19:07:14,818 [133b101f-dcee-4efd-9163-9b3704aaa3ee@group-6F62B5CC8E81-FollowerState] INFO  impl.RoleInfo (RoleInfo.java:shutdownFollowerState(108)) - 133b101f-dcee-4efd-9163-9b3704aaa3ee: shutdown 133b101f-dcee-4efd-9163-9b3704aaa3ee@group-6F62B5CC8E81-FollowerState
2021-06-11 19:07:14,818 [133b101f-dcee-4efd-9163-9b3704aaa3ee@group-6F62B5CC8E81-FollowerState] INFO  server.RaftServer$Division (RaftServerImpl.java:setRole(284)) - 133b101f-dcee-4efd-9163-9b3704aaa3ee@group-6F62B5CC8E81: changes role from  FOLLOWER to CANDIDATE at term 0 for changeToCandidate
2021-06-11 19:07:14,820 [133b101f-dcee-4efd-9163-9b3704aaa3ee@group-6F62B5CC8E81-FollowerState] INFO  server.RaftServerConfigKeys (ConfUtils.java:logGet(44)) - raft.server.leaderelection.pre-vote = false (custom)
2021-06-11 19:07:14,820 [133b101f-dcee-4efd-9163-9b3704aaa3ee@group-6F62B5CC8E81-FollowerState] INFO  impl.RoleInfo (RoleInfo.java:updateAndGet(130)) - 133b101f-dcee-4efd-9163-9b3704aaa3ee: start 133b101f-dcee-4efd-9163-9b3704aaa3ee@group-6F62B5CC8E81-LeaderElection58
2021-06-11 19:07:14,822 [133b101f-dcee-4efd-9163-9b3704aaa3ee@group-6F62B5CC8E81-LeaderElection58] INFO  impl.LeaderElection (LeaderElection.java:askForVotes(306)) - 133b101f-dcee-4efd-9163-9b3704aaa3ee@group-6F62B5CC8E81-LeaderElection58 ELECTION round 0: submit vote requests at term 1 for -1: [133b101f-dcee-4efd-9163-9b3704aaa3ee|rpc:10.1.0.43:37475|dataStream:|priority:1, 0e0429f1-9636-4fc9-8820-e0f7c83710f3|rpc:10.1.0.43:33285|dataStream:|priority:0, bf85b346-d6dc-4caf-ae79-65e1db1e806c|rpc:10.1.0.43:43393|dataStream:|priority:0], old=null
2021-06-11 19:07:14,831 [grpc-default-executor-4] INFO  server.RaftServer$Division (RaftServerImpl.java:requestVote(1042)) - 0e0429f1-9636-4fc9-8820-e0f7c83710f3@group-6F62B5CC8E81: receive requestVote(ELECTION, 133b101f-dcee-4efd-9163-9b3704aaa3ee, group-6F62B5CC8E81, 1, (t:0, i:0))
2021-06-11 19:07:14,831 [grpc-default-executor-4] INFO  impl.VoteContext (VoteContext.java:log(48)) - 0e0429f1-9636-4fc9-8820-e0f7c83710f3@group-6F62B5CC8E81-FOLLOWER: accept ELECTION from 133b101f-dcee-4efd-9163-9b3704aaa3ee: our priority 0 <= candidate's priority 1
2021-06-11 19:07:14,831 [grpc-default-executor-4] INFO  server.RaftServer$Division (RaftServerImpl.java:setRole(284)) - 0e0429f1-9636-4fc9-8820-e0f7c83710f3@group-6F62B5CC8E81: changes role from  FOLLOWER to FOLLOWER at term 1 for candidate:133b101f-dcee-4efd-9163-9b3704aaa3ee
2021-06-11 19:07:14,831 [grpc-default-executor-4] INFO  impl.RoleInfo (RoleInfo.java:shutdownFollowerState(108)) - 0e0429f1-9636-4fc9-8820-e0f7c83710f3: shutdown 0e0429f1-9636-4fc9-8820-e0f7c83710f3@group-6F62B5CC8E81-FollowerState
2021-06-11 19:07:14,831 [grpc-default-executor-4] INFO  impl.RoleInfo (RoleInfo.java:updateAndGet(130)) - 0e0429f1-9636-4fc9-8820-e0f7c83710f3: start 0e0429f1-9636-4fc9-8820-e0f7c83710f3@group-6F62B5CC8E81-FollowerState
2021-06-11 19:07:14,832 [0e0429f1-9636-4fc9-8820-e0f7c83710f3@group-6F62B5CC8E81-FollowerState] INFO  impl.FollowerState (FollowerState.java:run(143)) - 0e0429f1-9636-4fc9-8820-e0f7c83710f3@group-6F62B5CC8E81-FollowerState was interrupted: {}
java.lang.InterruptedException: sleep interrupted
	at java.lang.Thread.sleep(Native Method)
	at java.lang.Thread.sleep(Thread.java:340)
	at java.util.concurrent.TimeUnit.sleep(TimeUnit.java:386)
	at org.apache.ratis.util.TimeDuration.sleep(TimeDuration.java:324)
	at org.apache.ratis.util.TimeDuration.sleep(TimeDuration.java:309)
	at org.apache.ratis.server.impl.FollowerState.run(FollowerState.java:118)
2021-06-11 19:07:14,833 [grpc-default-executor-1] INFO  server.RaftServer$Division (RaftServerImpl.java:requestVote(1042)) - bf85b346-d6dc-4caf-ae79-65e1db1e806c@group-6F62B5CC8E81: receive requestVote(ELECTION, 133b101f-dcee-4efd-9163-9b3704aaa3ee, group-6F62B5CC8E81, 1, (t:0, i:0))
2021-06-11 19:07:14,833 [grpc-default-executor-1] INFO  impl.VoteContext (VoteContext.java:log(48)) - bf85b346-d6dc-4caf-ae79-65e1db1e806c@group-6F62B5CC8E81-FOLLOWER: accept ELECTION from 133b101f-dcee-4efd-9163-9b3704aaa3ee: our priority 0 <= candidate's priority 1
2021-06-11 19:07:14,833 [grpc-default-executor-1] INFO  server.RaftServer$Division (RaftServerImpl.java:setRole(284)) - bf85b346-d6dc-4caf-ae79-65e1db1e806c@group-6F62B5CC8E81: changes role from  FOLLOWER to FOLLOWER at term 1 for candidate:133b101f-dcee-4efd-9163-9b3704aaa3ee
2021-06-11 19:07:14,833 [grpc-default-executor-1] INFO  impl.RoleInfo (RoleInfo.java:shutdownFollowerState(108)) - bf85b346-d6dc-4caf-ae79-65e1db1e806c: shutdown bf85b346-d6dc-4caf-ae79-65e1db1e806c@group-6F62B5CC8E81-FollowerState
2021-06-11 19:07:14,833 [bf85b346-d6dc-4caf-ae79-65e1db1e806c@group-6F62B5CC8E81-FollowerState] INFO  impl.FollowerState (FollowerState.java:run(143)) - bf85b346-d6dc-4caf-ae79-65e1db1e806c@group-6F62B5CC8E81-FollowerState was interrupted: {}
java.lang.InterruptedException: sleep interrupted
	at java.lang.Thread.sleep(Native Method)
	at java.lang.Thread.sleep(Thread.java:340)
	at java.util.concurrent.TimeUnit.sleep(TimeUnit.java:386)
	at org.apache.ratis.util.TimeDuration.sleep(TimeDuration.java:324)
	at org.apache.ratis.util.TimeDuration.sleep(TimeDuration.java:309)
	at org.apache.ratis.server.impl.FollowerState.run(FollowerState.java:118)
2021-06-11 19:07:14,833 [grpc-default-executor-1] INFO  impl.RoleInfo (RoleInfo.java:updateAndGet(130)) - bf85b346-d6dc-4caf-ae79-65e1db1e806c: start bf85b346-d6dc-4caf-ae79-65e1db1e806c@group-6F62B5CC8E81-FollowerState
2021-06-11 19:07:14,836 [grpc-default-executor-4] INFO  server.RaftServer$Division (RaftServerImpl.java:requestVote(1074)) - 0e0429f1-9636-4fc9-8820-e0f7c83710f3@group-6F62B5CC8E81 replies to ELECTION vote request: 133b101f-dcee-4efd-9163-9b3704aaa3ee<-0e0429f1-9636-4fc9-8820-e0f7c83710f3#0:OK-t1. Peer's state: 0e0429f1-9636-4fc9-8820-e0f7c83710f3@group-6F62B5CC8E81:t1, leader=null, voted=133b101f-dcee-4efd-9163-9b3704aaa3ee, raftlog=0e0429f1-9636-4fc9-8820-e0f7c83710f3@group-6F62B5CC8E81-SegmentedRaftLog:OPENED:c-1,f-1,i0, conf=-1: [133b101f-dcee-4efd-9163-9b3704aaa3ee|rpc:10.1.0.43:37475|priority:1, 0e0429f1-9636-4fc9-8820-e0f7c83710f3|rpc:10.1.0.43:33285|priority:0, bf85b346-d6dc-4caf-ae79-65e1db1e806c|rpc:10.1.0.43:43393|priority:0], old=null
2021-06-11 19:07:14,837 [133b101f-dcee-4efd-9163-9b3704aaa3ee@group-6F62B5CC8E81-LeaderElection58] INFO  impl.LeaderElection (LeaderElection.java:logAndReturn(89)) - 133b101f-dcee-4efd-9163-9b3704aaa3ee@group-6F62B5CC8E81-LeaderElection58: ELECTION PASSED received 1 response(s) and 0 exception(s):
2021-06-11 19:07:14,837 [133b101f-dcee-4efd-9163-9b3704aaa3ee@group-6F62B5CC8E81-LeaderElection58] INFO  impl.LeaderElection (LeaderElection.java:logAndReturn(93)) -   Response 0: 133b101f-dcee-4efd-9163-9b3704aaa3ee<-0e0429f1-9636-4fc9-8820-e0f7c83710f3#0:OK-t1
2021-06-11 19:07:14,837 [133b101f-dcee-4efd-9163-9b3704aaa3ee@group-6F62B5CC8E81-LeaderElection58] INFO  impl.LeaderElection (LeaderElection.java:askForVotes(308)) - 133b101f-dcee-4efd-9163-9b3704aaa3ee@group-6F62B5CC8E81-LeaderElection58 ELECTION round 0: result PASSED
2021-06-11 19:07:14,837 [133b101f-dcee-4efd-9163-9b3704aaa3ee@group-6F62B5CC8E81-LeaderElection58] INFO  impl.RoleInfo (RoleInfo.java:shutdownLeaderElection(121)) - 133b101f-dcee-4efd-9163-9b3704aaa3ee: shutdown 133b101f-dcee-4efd-9163-9b3704aaa3ee@group-6F62B5CC8E81-LeaderElection58
2021-06-11 19:07:14,837 [133b101f-dcee-4efd-9163-9b3704aaa3ee@group-6F62B5CC8E81-LeaderElection58] INFO  server.RaftServer$Division (RaftServerImpl.java:setRole(284)) - 133b101f-dcee-4efd-9163-9b3704aaa3ee@group-6F62B5CC8E81: changes role from CANDIDATE to LEADER at term 1 for changeToLeader
2021-06-11 19:07:14,837 [133b101f-dcee-4efd-9163-9b3704aaa3ee@group-6F62B5CC8E81-LeaderElection58] INFO  ratis.XceiverServerRatis (XceiverServerRatis.java:handleLeaderChangedNotification(906)) - Leader change notification received for group: group-6F62B5CC8E81 with new leaderId: 133b101f-dcee-4efd-9163-9b3704aaa3ee
2021-06-11 19:07:14,837 [133b101f-dcee-4efd-9163-9b3704aaa3ee@group-6F62B5CC8E81-LeaderElection58] INFO  server.RaftServer$Division (ServerState.java:setLeader(271)) - 133b101f-dcee-4efd-9163-9b3704aaa3ee@group-6F62B5CC8E81: change Leader from null to 133b101f-dcee-4efd-9163-9b3704aaa3ee at term 1 for becomeLeader, leader elected after 5076ms
2021-06-11 19:07:14,837 [133b101f-dcee-4efd-9163-9b3704aaa3ee@group-6F62B5CC8E81-LeaderElection58] INFO  server.RaftServerConfigKeys (ConfUtils.java:logGet(44)) - raft.server.staging.catchup.gap = 1000 (default)
2021-06-11 19:07:14,837 [133b101f-dcee-4efd-9163-9b3704aaa3ee@group-6F62B5CC8E81-LeaderElection58] INFO  metrics.RatisMetrics (RatisMetrics.java:lambda$create$0(36)) - Creating Metrics Registry : ratis.log_appender.133b101f-dcee-4efd-9163-9b3704aaa3ee@group-6F62B5CC8E81
2021-06-11 19:07:14,838 [133b101f-dcee-4efd-9163-9b3704aaa3ee@group-6F62B5CC8E81-LeaderElection58] INFO  server.RaftServerConfigKeys (ConfUtils.java:logGet(44)) - raft.server.write.element-limit = 1024 (custom)
2021-06-11 19:07:14,838 [133b101f-dcee-4efd-9163-9b3704aaa3ee@group-6F62B5CC8E81-LeaderElection58] INFO  server.RaftServerConfigKeys (ConfUtils.java:logGet(44)) - raft.server.write.byte-limit = 1073741824 (custom)
2021-06-11 19:07:14,838 [133b101f-dcee-4efd-9163-9b3704aaa3ee@group-6F62B5CC8E81-LeaderElection58] INFO  server.RaftServerConfigKeys (ConfUtils.java:logGet(44)) - raft.server.watch.timeout = 3000ms (custom)
2021-06-11 19:07:14,838 [133b101f-dcee-4efd-9163-9b3704aaa3ee@group-6F62B5CC8E81-LeaderElection58] INFO  server.RaftServerConfigKeys (ConfUtils.java:logGet(44)) - raft.server.watch.timeout.denomination = 1s (default)
2021-06-11 19:07:14,838 [133b101f-dcee-4efd-9163-9b3704aaa3ee@group-6F62B5CC8E81-LeaderElection58] INFO  server.RaftServerConfigKeys (ConfUtils.java:logGet(44)) - raft.server.watch.element-limit = 65536 (default)
2021-06-11 19:07:14,838 [133b101f-dcee-4efd-9163-9b3704aaa3ee@group-6F62B5CC8E81-LeaderElection58] INFO  server.RaftServerConfigKeys (ConfUtils.java:logGet(44)) - raft.server.log.appender.snapshot.chunk.size.max = 16MB (=16777216) (default)
2021-06-11 19:07:14,838 [133b101f-dcee-4efd-9163-9b3704aaa3ee@group-6F62B5CC8E81-LeaderElection58] INFO  server.RaftServerConfigKeys (ConfUtils.java:logGet(44)) - raft.server.log.appender.buffer.byte-limit = 33554432 (custom)
2021-06-11 19:07:14,838 [133b101f-dcee-4efd-9163-9b3704aaa3ee@group-6F62B5CC8E81-LeaderElection58] INFO  server.RaftServerConfigKeys (ConfUtils.java:logGet(44)) - raft.server.log.appender.buffer.element-limit = 1 (custom)
2021-06-11 19:07:14,838 [133b101f-dcee-4efd-9163-9b3704aaa3ee@group-6F62B5CC8E81-LeaderElection58] INFO  grpc.GrpcConfigKeys (ConfUtils.java:logGet(44)) - raft.grpc.server.leader.outstanding.appends.max = 128 (default)
2021-06-11 19:07:14,838 [133b101f-dcee-4efd-9163-9b3704aaa3ee@group-6F62B5CC8E81-LeaderElection58] INFO  server.RaftServerConfigKeys (ConfUtils.java:logGet(44)) - raft.server.rpc.request.timeout = 3000ms (default)
2021-06-11 19:07:14,838 [133b101f-dcee-4efd-9163-9b3704aaa3ee@group-6F62B5CC8E81-LeaderElection58] INFO  server.RaftServerConfigKeys (ConfUtils.java:logGet(44)) - raft.server.log.appender.install.snapshot.enabled = false (custom)
2021-06-11 19:07:14,838 [133b101f-dcee-4efd-9163-9b3704aaa3ee@group-6F62B5CC8E81-LeaderElection58] INFO  metrics.RatisMetrics (RatisMetrics.java:lambda$create$0(36)) - Creating Metrics Registry : ratis_grpc.log_appender.133b101f-dcee-4efd-9163-9b3704aaa3ee@group-6F62B5CC8E81
2021-06-11 19:07:14,839 [133b101f-dcee-4efd-9163-9b3704aaa3ee@group-6F62B5CC8E81-LeaderElection58] INFO  server.RaftServerConfigKeys (ConfUtils.java:logGet(44)) - raft.server.log.appender.snapshot.chunk.size.max = 16MB (=16777216) (default)
2021-06-11 19:07:14,840 [133b101f-dcee-4efd-9163-9b3704aaa3ee@group-6F62B5CC8E81-LeaderElection58] INFO  server.RaftServerConfigKeys (ConfUtils.java:logGet(44)) - raft.server.log.appender.buffer.byte-limit = 33554432 (custom)
2021-06-11 19:07:14,840 [133b101f-dcee-4efd-9163-9b3704aaa3ee@group-6F62B5CC8E81-LeaderElection58] INFO  server.RaftServerConfigKeys (ConfUtils.java:logGet(44)) - raft.server.log.appender.buffer.element-limit = 1 (custom)
2021-06-11 19:07:14,843 [EventQueue-PipelineReportForPipelineReportHandler] INFO  pipeline.PipelineManagerV2Impl (PipelineManagerV2Impl.java:openPipeline(270)) - Pipeline Pipeline[ Id: 77e7b361-485a-407e-922f-6f62b5cc8e81, Nodes: 133b101f-dcee-4efd-9163-9b3704aaa3ee{ip: 10.1.0.43, host: fv-az59-942.csjynl4pkq3e1pkirw3ssqjfoh.cx.internal.cloudapp.net, ports: [REPLICATION=45715, RATIS=37475, RATIS_ADMIN=37475, RATIS_SERVER=37475, STANDALONE=33113], networkLocation: /default-rack, certSerialId: null, persistedOpState: IN_SERVICE, persistedOpStateExpiryEpochSec: 0}bf85b346-d6dc-4caf-ae79-65e1db1e806c{ip: 10.1.0.43, host: fv-az59-942.csjynl4pkq3e1pkirw3ssqjfoh.cx.internal.cloudapp.net, ports: [REPLICATION=34009, RATIS=43393, RATIS_ADMIN=43393, RATIS_SERVER=43393, STANDALONE=45299], networkLocation: /default-rack, certSerialId: null, persistedOpState: IN_SERVICE, persistedOpStateExpiryEpochSec: 0}0e0429f1-9636-4fc9-8820-e0f7c83710f3{ip: 10.1.0.43, host: fv-az59-942.csjynl4pkq3e1pkirw3ssqjfoh.cx.internal.cloudapp.net, ports: [REPLICATION=37481, RATIS=33285, RATIS_ADMIN=33285, RATIS_SERVER=33285, STANDALONE=42653], networkLocation: /default-rack, certSerialId: null, persistedOpState: IN_SERVICE, persistedOpStateExpiryEpochSec: 0}, ReplicationConfig: RATIS/THREE, State:ALLOCATED, leaderId:133b101f-dcee-4efd-9163-9b3704aaa3ee, CreationTimestamp2021-06-11T19:07:06.895Z] moved to OPEN state
2021-06-11 19:07:14,845 [bf85b346-d6dc-4caf-ae79-65e1db1e806c@group-2AEC26317323-FollowerState] INFO  impl.FollowerState (FollowerState.java:run(134)) - bf85b346-d6dc-4caf-ae79-65e1db1e806c@group-2AEC26317323-FollowerState: change to CANDIDATE, lastRpcElapsedTime:5003200287ns, electionTimeout:5001ms
2021-06-11 19:07:14,845 [bf85b346-d6dc-4caf-ae79-65e1db1e806c@group-2AEC26317323-FollowerState] INFO  impl.RoleInfo (RoleInfo.java:shutdownFollowerState(108)) - bf85b346-d6dc-4caf-ae79-65e1db1e806c: shutdown bf85b346-d6dc-4caf-ae79-65e1db1e806c@group-2AEC26317323-FollowerState
2021-06-11 19:07:14,845 [bf85b346-d6dc-4caf-ae79-65e1db1e806c@group-2AEC26317323-FollowerState] INFO  server.RaftServer$Division (RaftServerImpl.java:setRole(284)) - bf85b346-d6dc-4caf-ae79-65e1db1e806c@group-2AEC26317323: changes role from  FOLLOWER to CANDIDATE at term 0 for changeToCandidate
2021-06-11 19:07:14,846 [bf85b346-d6dc-4caf-ae79-65e1db1e806c@group-2AEC26317323-FollowerState] INFO  server.RaftServerConfigKeys (ConfUtils.java:logGet(44)) - raft.server.leaderelection.pre-vote = false (custom)
2021-06-11 19:07:14,846 [133b101f-dcee-4efd-9163-9b3704aaa3ee@group-6F62B5CC8E81-LeaderElection58] INFO  grpc.GrpcConfigKeys (ConfUtils.java:logGet(44)) - raft.grpc.server.leader.outstanding.appends.max = 128 (default)
2021-06-11 19:07:14,846 [bf85b346-d6dc-4caf-ae79-65e1db1e806c@group-2AEC26317323-FollowerState] INFO  impl.RoleInfo (RoleInfo.java:updateAndGet(130)) - bf85b346-d6dc-4caf-ae79-65e1db1e806c: start bf85b346-d6dc-4caf-ae79-65e1db1e806c@group-2AEC26317323-LeaderElection59
2021-06-11 19:07:14,846 [133b101f-dcee-4efd-9163-9b3704aaa3ee@group-6F62B5CC8E81-LeaderElection58] INFO  server.RaftServerConfigKeys (ConfUtils.java:logGet(44)) - raft.server.rpc.request.timeout = 3000ms (default)
2021-06-11 19:07:14,846 [133b101f-dcee-4efd-9163-9b3704aaa3ee@group-6F62B5CC8E81-LeaderElection58] INFO  server.RaftServerConfigKeys (ConfUtils.java:logGet(44)) - raft.server.log.appender.install.snapshot.enabled = false (custom)
2021-06-11 19:07:14,846 [grpc-default-executor-1] INFO  server.RaftServer$Division (RaftServerImpl.java:requestVote(1074)) - bf85b346-d6dc-4caf-ae79-65e1db1e806c@group-6F62B5CC8E81 replies to ELECTION vote request: 133b101f-dcee-4efd-9163-9b3704aaa3ee<-bf85b346-d6dc-4caf-ae79-65e1db1e806c#0:OK-t1. Peer's state: bf85b346-d6dc-4caf-ae79-65e1db1e806c@group-6F62B5CC8E81:t1, leader=null, voted=133b101f-dcee-4efd-9163-9b3704aaa3ee, raftlog=bf85b346-d6dc-4caf-ae79-65e1db1e806c@group-6F62B5CC8E81-SegmentedRaftLog:OPENED:c-1,f-1,i0, conf=-1: [133b101f-dcee-4efd-9163-9b3704aaa3ee|rpc:10.1.0.43:37475|dataStream:|priority:1, 0e0429f1-9636-4fc9-8820-e0f7c83710f3|rpc:10.1.0.43:33285|dataStream:|priority:0, bf85b346-d6dc-4caf-ae79-65e1db1e806c|rpc:10.1.0.43:43393|dataStream:|priority:0], old=null
2021-06-11 19:07:14,856 [133b101f-dcee-4efd-9163-9b3704aaa3ee@group-6F62B5CC8E81-LeaderElection58] INFO  impl.RoleInfo (RoleInfo.java:updateAndGet(130)) - 133b101f-dcee-4efd-9163-9b3704aaa3ee: start 133b101f-dcee-4efd-9163-9b3704aaa3ee@group-6F62B5CC8E81-LeaderStateImpl
2021-06-11 19:07:14,857 [133b101f-dcee-4efd-9163-9b3704aaa3ee@group-6F62B5CC8E81-LeaderElection58] INFO  segmented.SegmentedRaftLogWorker (SegmentedRaftLogWorker.java:startLogSegment(394)) - 133b101f-dcee-4efd-9163-9b3704aaa3ee@group-6F62B5CC8E81-SegmentedRaftLogWorker: Starting segment from index:0
2021-06-11 19:07:14,858 [133b101f-dcee-4efd-9163-9b3704aaa3ee@group-6F62B5CC8E81-SegmentedRaftLogWorker] INFO  segmented.SegmentedRaftLogWorker (SegmentedRaftLogWorker.java:execute(601)) - 133b101f-dcee-4efd-9163-9b3704aaa3ee@group-6F62B5CC8E81-SegmentedRaftLogWorker: created new log segment /home/runner/work/ozone/ozone/mnt/ozone/hadoop-ozone/integration-test/target/test-dir/MiniOzoneClusterImpl-7f30813a-d1ba-41a1-975d-e59f1b24795c/datanode-5/data/ratis/77e7b361-485a-407e-922f-6f62b5cc8e81/current/log_inprogress_0
2021-06-11 19:07:14,859 [bf85b346-d6dc-4caf-ae79-65e1db1e806c@group-4D8D835771A9-FollowerState] INFO  impl.FollowerState (FollowerState.java:run(134)) - bf85b346-d6dc-4caf-ae79-65e1db1e806c@group-4D8D835771A9-FollowerState: change to CANDIDATE, lastRpcElapsedTime:5038713894ns, electionTimeout:5035ms
2021-06-11 19:07:14,859 [bf85b346-d6dc-4caf-ae79-65e1db1e806c@group-4D8D835771A9-FollowerState] INFO  impl.RoleInfo (RoleInfo.java:shutdownFollowerState(108)) - bf85b346-d6dc-4caf-ae79-65e1db1e806c: shutdown bf85b346-d6dc-4caf-ae79-65e1db1e806c@group-4D8D835771A9-FollowerState
2021-06-11 19:07:14,859 [bf85b346-d6dc-4caf-ae79-65e1db1e806c@group-4D8D835771A9-FollowerState] INFO  server.RaftServer$Division (RaftServerImpl.java:setRole(284)) - bf85b346-d6dc-4caf-ae79-65e1db1e806c@group-4D8D835771A9: changes role from  FOLLOWER to CANDIDATE at term 0 for changeToCandidate
2021-06-11 19:07:14,864 [grpc-default-executor-4] INFO  ratis.XceiverServerRatis (XceiverServerRatis.java:handleLeaderChangedNotification(906)) - Leader change notification received for group: group-6F62B5CC8E81 with new leaderId: 133b101f-dcee-4efd-9163-9b3704aaa3ee
2021-06-11 19:07:14,864 [grpc-default-executor-4] INFO  server.RaftServer$Division (ServerState.java:setLeader(271)) - 0e0429f1-9636-4fc9-8820-e0f7c83710f3@group-6F62B5CC8E81: change Leader from null to 133b101f-dcee-4efd-9163-9b3704aaa3ee at term 1 for appendEntries, leader elected after 5141ms
2021-06-11 19:07:14,865 [bf85b346-d6dc-4caf-ae79-65e1db1e806c@group-4D8D835771A9-FollowerState] INFO  server.RaftServerConfigKeys (ConfUtils.java:logGet(44)) - raft.server.leaderelection.pre-vote = false (custom)
2021-06-11 19:07:14,865 [bf85b346-d6dc-4caf-ae79-65e1db1e806c@group-4D8D835771A9-FollowerState] INFO  impl.RoleInfo (RoleInfo.java:updateAndGet(130)) - bf85b346-d6dc-4caf-ae79-65e1db1e806c: start bf85b346-d6dc-4caf-ae79-65e1db1e806c@group-4D8D835771A9-LeaderElection60
2021-06-11 19:07:14,870 [grpc-default-executor-5] INFO  ratis.XceiverServerRatis (XceiverServerRatis.java:handleLeaderChangedNotification(906)) - Leader change notification received for group: group-6F62B5CC8E81 with new leaderId: 133b101f-dcee-4efd-9163-9b3704aaa3ee
2021-06-11 19:07:14,870 [grpc-default-executor-5] INFO  server.RaftServer$Division (ServerState.java:setLeader(271)) - bf85b346-d6dc-4caf-ae79-65e1db1e806c@group-6F62B5CC8E81: change Leader from null to 133b101f-dcee-4efd-9163-9b3704aaa3ee at term 1 for appendEntries, leader elected after 5086ms
2021-06-11 19:07:14,870 [133b101f-dcee-4efd-9163-9b3704aaa3ee@group-6F62B5CC8E81-LeaderElection58] INFO  server.RaftServer$Division (ServerState.java:setRaftConf(373)) - 133b101f-dcee-4efd-9163-9b3704aaa3ee@group-6F62B5CC8E81: set configuration 0: [133b101f-dcee-4efd-9163-9b3704aaa3ee|rpc:10.1.0.43:37475|dataStream:|priority:1, 0e0429f1-9636-4fc9-8820-e0f7c83710f3|rpc:10.1.0.43:33285|dataStream:|priority:0, bf85b346-d6dc-4caf-ae79-65e1db1e806c|rpc:10.1.0.43:43393|dataStream:|priority:0], old=null
2021-06-11 19:07:14,871 [bf85b346-d6dc-4caf-ae79-65e1db1e806c@group-2AEC26317323-LeaderElection59] INFO  impl.LeaderElection (LeaderElection.java:askForVotes(306)) - bf85b346-d6dc-4caf-ae79-65e1db1e806c@group-2AEC26317323-LeaderElection59 ELECTION round 0: submit vote requests at term 1 for -1: [133b101f-dcee-4efd-9163-9b3704aaa3ee|rpc:10.1.0.43:37475|priority:0, 0e0429f1-9636-4fc9-8820-e0f7c83710f3|rpc:10.1.0.43:33285|priority:1, bf85b346-d6dc-4caf-ae79-65e1db1e806c|rpc:10.1.0.43:43393|priority:0], old=null
2021-06-11 19:07:14,878 [grpc-default-executor-1] INFO  server.RaftServer$Division (RaftServerImpl.java:requestVote(1042)) - 133b101f-dcee-4efd-9163-9b3704aaa3ee@group-2AEC26317323: receive requestVote(ELECTION, bf85b346-d6dc-4caf-ae79-65e1db1e806c, group-2AEC26317323, 1, (t:0, i:0))
2021-06-11 19:07:14,878 [grpc-default-executor-1] INFO  impl.VoteContext (VoteContext.java:log(48)) - 133b101f-dcee-4efd-9163-9b3704aaa3ee@group-2AEC26317323-FOLLOWER: accept ELECTION from bf85b346-d6dc-4caf-ae79-65e1db1e806c: our priority 0 <= candidate's priority 0
2021-06-11 19:07:14,878 [grpc-default-executor-1] INFO  server.RaftServer$Division (RaftServerImpl.java:setRole(284)) - 133b101f-dcee-4efd-9163-9b3704aaa3ee@group-2AEC26317323: changes role from  FOLLOWER to FOLLOWER at term 1 for candidate:bf85b346-d6dc-4caf-ae79-65e1db1e806c
2021-06-11 19:07:14,878 [grpc-default-executor-1] INFO  impl.RoleInfo (RoleInfo.java:shutdownFollowerState(108)) - 133b101f-dcee-4efd-9163-9b3704aaa3ee: shutdown 133b101f-dcee-4efd-9163-9b3704aaa3ee@group-2AEC26317323-FollowerState
2021-06-11 19:07:14,878 [grpc-default-executor-1] INFO  impl.RoleInfo (RoleInfo.java:updateAndGet(130)) - 133b101f-dcee-4efd-9163-9b3704aaa3ee: start 133b101f-dcee-4efd-9163-9b3704aaa3ee@group-2AEC26317323-FollowerState
2021-06-11 19:07:14,881 [grpc-default-executor-4] INFO  server.RaftServer$Division (ServerState.java:setRaftConf(373)) - 0e0429f1-9636-4fc9-8820-e0f7c83710f3@group-6F62B5CC8E81: set configuration 0: [133b101f-dcee-4efd-9163-9b3704aaa3ee|rpc:10.1.0.43:37475|dataStream:|priority:1, 0e0429f1-9636-4fc9-8820-e0f7c83710f3|rpc:10.1.0.43:33285|dataStream:|priority:0, bf85b346-d6dc-4caf-ae79-65e1db1e806c|rpc:10.1.0.43:43393|dataStream:|priority:0], old=null
2021-06-11 19:07:14,881 [grpc-default-executor-4] INFO  segmented.SegmentedRaftLogWorker (SegmentedRaftLogWorker.java:startLogSegment(394)) - 0e0429f1-9636-4fc9-8820-e0f7c83710f3@group-6F62B5CC8E81-SegmentedRaftLogWorker: Starting segment from index:0
2021-06-11 19:07:14,878 [133b101f-dcee-4efd-9163-9b3704aaa3ee@group-2AEC26317323-FollowerState] INFO  impl.FollowerState (FollowerState.java:run(143)) - 133b101f-dcee-4efd-9163-9b3704aaa3ee@group-2AEC26317323-FollowerState was interrupted: {}
java.lang.InterruptedException: sleep interrupted
	at java.lang.Thread.sleep(Native Method)
	at java.lang.Thread.sleep(Thread.java:340)
	at java.util.concurrent.TimeUnit.sleep(TimeUnit.java:386)
	at org.apache.ratis.util.TimeDuration.sleep(TimeDuration.java:324)
	at org.apache.ratis.util.TimeDuration.sleep(TimeDuration.java:309)
	at org.apache.ratis.server.impl.FollowerState.run(FollowerState.java:118)
2021-06-11 19:07:14,882 [bf85b346-d6dc-4caf-ae79-65e1db1e806c@group-4D8D835771A9-LeaderElection60] INFO  impl.LeaderElection (LeaderElection.java:askForVotes(306)) - bf85b346-d6dc-4caf-ae79-65e1db1e806c@group-4D8D835771A9-LeaderElection60 ELECTION round 0: submit vote requests at term 1 for -1: [bf85b346-d6dc-4caf-ae79-65e1db1e806c|rpc:10.1.0.43:43393|priority:1], old=null
2021-06-11 19:07:14,882 [bf85b346-d6dc-4caf-ae79-65e1db1e806c@group-4D8D835771A9-LeaderElection60] INFO  impl.LeaderElection (LeaderElection.java:askForVotes(308)) - bf85b346-d6dc-4caf-ae79-65e1db1e806c@group-4D8D835771A9-LeaderElection60 ELECTION round 0: result PASSED (term=1)
2021-06-11 19:07:14,881 [grpc-default-executor-5] INFO  server.RaftServer$Division (ServerState.java:setRaftConf(373)) - bf85b346-d6dc-4caf-ae79-65e1db1e806c@group-6F62B5CC8E81: set configuration 0: [133b101f-dcee-4efd-9163-9b3704aaa3ee|rpc:10.1.0.43:37475|dataStream:|priority:1, 0e0429f1-9636-4fc9-8820-e0f7c83710f3|rpc:10.1.0.43:33285|dataStream:|priority:0, bf85b346-d6dc-4caf-ae79-65e1db1e806c|rpc:10.1.0.43:43393|dataStream:|priority:0], old=null
2021-06-11 19:07:14,882 [bf85b346-d6dc-4caf-ae79-65e1db1e806c@group-4D8D835771A9-LeaderElection60] INFO  impl.RoleInfo (RoleInfo.java:shutdownLeaderElection(121)) - bf85b346-d6dc-4caf-ae79-65e1db1e806c: shutdown bf85b346-d6dc-4caf-ae79-65e1db1e806c@group-4D8D835771A9-LeaderElection60
2021-06-11 19:07:14,882 [bf85b346-d6dc-4caf-ae79-65e1db1e806c@group-4D8D835771A9-LeaderElection60] INFO  server.RaftServer$Division (RaftServerImpl.java:setRole(284)) - bf85b346-d6dc-4caf-ae79-65e1db1e806c@group-4D8D835771A9: changes role from CANDIDATE to LEADER at term 1 for changeToLeader
2021-06-11 19:07:14,882 [bf85b346-d6dc-4caf-ae79-65e1db1e806c@group-4D8D835771A9-LeaderElection60] INFO  ratis.XceiverServerRatis (XceiverServerRatis.java:handleLeaderChangedNotification(906)) - Leader change notification received for group: group-4D8D835771A9 with new leaderId: bf85b346-d6dc-4caf-ae79-65e1db1e806c
2021-06-11 19:07:14,882 [grpc-default-executor-5] INFO  segmented.SegmentedRaftLogWorker (SegmentedRaftLogWorker.java:startLogSegment(394)) - bf85b346-d6dc-4caf-ae79-65e1db1e806c@group-6F62B5CC8E81-SegmentedRaftLogWorker: Starting segment from index:0
2021-06-11 19:07:14,883 [grpc-default-executor-1] INFO  server.RaftServer$Division (RaftServerImpl.java:requestVote(1074)) - 133b101f-dcee-4efd-9163-9b3704aaa3ee@group-2AEC26317323 replies to ELECTION vote request: bf85b346-d6dc-4caf-ae79-65e1db1e806c<-133b101f-dcee-4efd-9163-9b3704aaa3ee#0:OK-t1. Peer's state: 133b101f-dcee-4efd-9163-9b3704aaa3ee@group-2AEC26317323:t1, leader=null, voted=bf85b346-d6dc-4caf-ae79-65e1db1e806c, raftlog=133b101f-dcee-4efd-9163-9b3704aaa3ee@group-2AEC26317323-SegmentedRaftLog:OPENED:c-1,f-1,i0, conf=-1: [133b101f-dcee-4efd-9163-9b3704aaa3ee|rpc:10.1.0.43:37475|dataStream:|priority:0, 0e0429f1-9636-4fc9-8820-e0f7c83710f3|rpc:10.1.0.43:33285|dataStream:|priority:1, bf85b346-d6dc-4caf-ae79-65e1db1e806c|rpc:10.1.0.43:43393|dataStream:|priority:0], old=null
2021-06-11 19:07:14,882 [bf85b346-d6dc-4caf-ae79-65e1db1e806c@group-4D8D835771A9-LeaderElection60] INFO  server.RaftServer$Division (ServerState.java:setLeader(271)) - bf85b346-d6dc-4caf-ae79-65e1db1e806c@group-4D8D835771A9: change Leader from null to bf85b346-d6dc-4caf-ae79-65e1db1e806c at term 1 for becomeLeader, leader elected after 5075ms
2021-06-11 19:07:14,883 [bf85b346-d6dc-4caf-ae79-65e1db1e806c@group-4D8D835771A9-LeaderElection60] INFO  server.RaftServerConfigKeys (ConfUtils.java:logGet(44)) - raft.server.staging.catchup.gap = 1000 (default)
2021-06-11 19:07:14,884 [bf85b346-d6dc-4caf-ae79-65e1db1e806c@group-4D8D835771A9-LeaderElection60] INFO  metrics.RatisMetrics (RatisMetrics.java:lambda$create$0(36)) - Creating Metrics Registry : ratis.log_appender.bf85b346-d6dc-4caf-ae79-65e1db1e806c@group-4D8D835771A9
2021-06-11 19:07:14,884 [bf85b346-d6dc-4caf-ae79-65e1db1e806c@group-4D8D835771A9-LeaderElection60] INFO  server.RaftServerConfigKeys (ConfUtils.java:logGet(44)) - raft.server.write.element-limit = 1024 (custom)
2021-06-11 19:07:14,884 [bf85b346-d6dc-4caf-ae79-65e1db1e806c@group-4D8D835771A9-LeaderElection60] INFO  server.RaftServerConfigKeys (ConfUtils.java:logGet(44)) - raft.server.write.byte-limit = 1073741824 (custom)
2021-06-11 19:07:14,884 [bf85b346-d6dc-4caf-ae79-65e1db1e806c@group-4D8D835771A9-LeaderElection60] INFO  server.RaftServerConfigKeys (ConfUtils.java:logGet(44)) - raft.server.watch.timeout = 3000ms (custom)
2021-06-11 19:07:14,884 [bf85b346-d6dc-4caf-ae79-65e1db1e806c@group-4D8D835771A9-LeaderElection60] INFO  server.RaftServerConfigKeys (ConfUtils.java:logGet(44)) - raft.server.watch.timeout.denomination = 1s (default)
2021-06-11 19:07:14,884 [bf85b346-d6dc-4caf-ae79-65e1db1e806c@group-4D8D835771A9-LeaderElection60] INFO  server.RaftServerConfigKeys (ConfUtils.java:logGet(44)) - raft.server.watch.element-limit = 65536 (default)
2021-06-11 19:07:14,884 [bf85b346-d6dc-4caf-ae79-65e1db1e806c@group-4D8D835771A9-LeaderElection60] INFO  impl.RoleInfo (RoleInfo.java:updateAndGet(130)) - bf85b346-d6dc-4caf-ae79-65e1db1e806c: start bf85b346-d6dc-4caf-ae79-65e1db1e806c@group-4D8D835771A9-LeaderStateImpl
2021-06-11 19:07:14,884 [bf85b346-d6dc-4caf-ae79-65e1db1e806c@group-4D8D835771A9-LeaderElection60] INFO  segmented.SegmentedRaftLogWorker (SegmentedRaftLogWorker.java:startLogSegment(394)) - bf85b346-d6dc-4caf-ae79-65e1db1e806c@group-4D8D835771A9-SegmentedRaftLogWorker: Starting segment from index:0
2021-06-11 19:07:14,887 [bf85b346-d6dc-4caf-ae79-65e1db1e806c@group-6F62B5CC8E81-SegmentedRaftLogWorker] INFO  segmented.SegmentedRaftLogWorker (SegmentedRaftLogWorker.java:execute(601)) - bf85b346-d6dc-4caf-ae79-65e1db1e806c@group-6F62B5CC8E81-SegmentedRaftLogWorker: created new log segment /home/runner/work/ozone/ozone/mnt/ozone/hadoop-ozone/integration-test/target/test-dir/MiniOzoneClusterImpl-7f30813a-d1ba-41a1-975d-e59f1b24795c/datanode-4/data/ratis/77e7b361-485a-407e-922f-6f62b5cc8e81/current/log_inprogress_0
2021-06-11 19:07:14,888 [0e0429f1-9636-4fc9-8820-e0f7c83710f3@group-6F62B5CC8E81-SegmentedRaftLogWorker] INFO  segmented.SegmentedRaftLogWorker (SegmentedRaftLogWorker.java:execute(601)) - 0e0429f1-9636-4fc9-8820-e0f7c83710f3@group-6F62B5CC8E81-SegmentedRaftLogWorker: created new log segment /home/runner/work/ozone/ozone/mnt/ozone/hadoop-ozone/integration-test/target/test-dir/MiniOzoneClusterImpl-7f30813a-d1ba-41a1-975d-e59f1b24795c/datanode-3/data/ratis/77e7b361-485a-407e-922f-6f62b5cc8e81/current/log_inprogress_0
2021-06-11 19:07:14,890 [grpc-default-executor-5] INFO  server.RaftServer$Division (RaftServerImpl.java:requestVote(1042)) - 0e0429f1-9636-4fc9-8820-e0f7c83710f3@group-2AEC26317323: receive requestVote(ELECTION, bf85b346-d6dc-4caf-ae79-65e1db1e806c, group-2AEC26317323, 1, (t:0, i:0))
2021-06-11 19:07:14,890 [grpc-default-executor-5] INFO  impl.VoteContext (VoteContext.java:log(48)) - 0e0429f1-9636-4fc9-8820-e0f7c83710f3@group-2AEC26317323-FOLLOWER: reject ELECTION from bf85b346-d6dc-4caf-ae79-65e1db1e806c: our priority 1 > candidate's priority 0
2021-06-11 19:07:14,890 [grpc-default-executor-5] INFO  server.RaftServer$Division (RaftServerImpl.java:setRole(284)) - 0e0429f1-9636-4fc9-8820-e0f7c83710f3@group-2AEC26317323: changes role from  FOLLOWER to FOLLOWER at term 1 for candidate:bf85b346-d6dc-4caf-ae79-65e1db1e806c
2021-06-11 19:07:14,890 [grpc-default-executor-5] INFO  impl.RoleInfo (RoleInfo.java:shutdownFollowerState(108)) - 0e0429f1-9636-4fc9-8820-e0f7c83710f3: shutdown 0e0429f1-9636-4fc9-8820-e0f7c83710f3@group-2AEC26317323-FollowerState
2021-06-11 19:07:14,891 [bf85b346-d6dc-4caf-ae79-65e1db1e806c@group-4D8D835771A9-SegmentedRaftLogWorker] INFO  segmented.SegmentedRaftLogWorker (SegmentedRaftLogWorker.java:execute(601)) - bf85b346-d6dc-4caf-ae79-65e1db1e806c@group-4D8D835771A9-SegmentedRaftLogWorker: created new log segment /home/runner/work/ozone/ozone/mnt/ozone/hadoop-ozone/integration-test/target/test-dir/MiniOzoneClusterImpl-7f30813a-d1ba-41a1-975d-e59f1b24795c/datanode-4/data/ratis/8e4c0ab6-27ea-42c5-8b38-4d8d835771a9/current/log_inprogress_0
2021-06-11 19:07:14,893 [bf85b346-d6dc-4caf-ae79-65e1db1e806c@group-4D8D835771A9-LeaderElection60] INFO  server.RaftServer$Division (ServerState.java:setRaftConf(373)) - bf85b346-d6dc-4caf-ae79-65e1db1e806c@group-4D8D835771A9: set configuration 0: [bf85b346-d6dc-4caf-ae79-65e1db1e806c|rpc:10.1.0.43:43393|dataStream:|priority:1], old=null
2021-06-11 19:07:14,894 [grpc-default-executor-5] INFO  impl.RoleInfo (RoleInfo.java:updateAndGet(130)) - 0e0429f1-9636-4fc9-8820-e0f7c83710f3: start 0e0429f1-9636-4fc9-8820-e0f7c83710f3@group-2AEC26317323-FollowerState
2021-06-11 19:07:14,894 [0e0429f1-9636-4fc9-8820-e0f7c83710f3@group-2AEC26317323-FollowerState] INFO  impl.FollowerState (FollowerState.java:run(143)) - 0e0429f1-9636-4fc9-8820-e0f7c83710f3@group-2AEC26317323-FollowerState was interrupted: {}
java.lang.InterruptedException: sleep interrupted
	at java.lang.Thread.sleep(Native Method)
	at java.lang.Thread.sleep(Thread.java:340)
	at java.util.concurrent.TimeUnit.sleep(TimeUnit.java:386)
	at org.apache.ratis.util.TimeDuration.sleep(TimeDuration.java:324)
	at org.apache.ratis.util.TimeDuration.sleep(TimeDuration.java:309)
	at org.apache.ratis.server.impl.FollowerState.run(FollowerState.java:118)
2021-06-11 19:07:14,896 [grpc-default-executor-5] INFO  server.RaftServer$Division (RaftServerImpl.java:requestVote(1074)) - 0e0429f1-9636-4fc9-8820-e0f7c83710f3@group-2AEC26317323 replies to ELECTION vote request: bf85b346-d6dc-4caf-ae79-65e1db1e806c<-0e0429f1-9636-4fc9-8820-e0f7c83710f3#0:FAIL-t1. Peer's state: 0e0429f1-9636-4fc9-8820-e0f7c83710f3@group-2AEC26317323:t1, leader=null, voted=null, raftlog=0e0429f1-9636-4fc9-8820-e0f7c83710f3@group-2AEC26317323-SegmentedRaftLog:OPENED:c-1,f-1,i0, conf=-1: [133b101f-dcee-4efd-9163-9b3704aaa3ee|rpc:10.1.0.43:37475|priority:0, 0e0429f1-9636-4fc9-8820-e0f7c83710f3|rpc:10.1.0.43:33285|priority:1, bf85b346-d6dc-4caf-ae79-65e1db1e806c|rpc:10.1.0.43:43393|priority:0], old=null
2021-06-11 19:07:14,897 [bf85b346-d6dc-4caf-ae79-65e1db1e806c@group-2AEC26317323-LeaderElection59] INFO  impl.LeaderElection (LeaderElection.java:logAndReturn(89)) - bf85b346-d6dc-4caf-ae79-65e1db1e806c@group-2AEC26317323-LeaderElection59: ELECTION REJECTED received 2 response(s) and 0 exception(s):
2021-06-11 19:07:14,897 [bf85b346-d6dc-4caf-ae79-65e1db1e806c@group-2AEC26317323-LeaderElection59] INFO  impl.LeaderElection (LeaderElection.java:logAndReturn(93)) -   Response 0: bf85b346-d6dc-4caf-ae79-65e1db1e806c<-133b101f-dcee-4efd-9163-9b3704aaa3ee#0:OK-t1
2021-06-11 19:07:14,897 [bf85b346-d6dc-4caf-ae79-65e1db1e806c@group-2AEC26317323-LeaderElection59] INFO  impl.LeaderElection (LeaderElection.java:logAndReturn(93)) -   Response 1: bf85b346-d6dc-4caf-ae79-65e1db1e806c<-0e0429f1-9636-4fc9-8820-e0f7c83710f3#0:FAIL-t1
2021-06-11 19:07:14,897 [bf85b346-d6dc-4caf-ae79-65e1db1e806c@group-2AEC26317323-LeaderElection59] INFO  impl.LeaderElection (LeaderElection.java:askForVotes(308)) - bf85b346-d6dc-4caf-ae79-65e1db1e806c@group-2AEC26317323-LeaderElection59 ELECTION round 0: result REJECTED
2021-06-11 19:07:14,897 [bf85b346-d6dc-4caf-ae79-65e1db1e806c@group-2AEC26317323-LeaderElection59] INFO  server.RaftServer$Division (RaftServerImpl.java:setRole(284)) - bf85b346-d6dc-4caf-ae79-65e1db1e806c@group-2AEC26317323: changes role from CANDIDATE to FOLLOWER at term 1 for REJECTED
2021-06-11 19:07:14,897 [bf85b346-d6dc-4caf-ae79-65e1db1e806c@group-2AEC26317323-LeaderElection59] INFO  impl.RoleInfo (RoleInfo.java:shutdownLeaderElection(121)) - bf85b346-d6dc-4caf-ae79-65e1db1e806c: shutdown bf85b346-d6dc-4caf-ae79-65e1db1e806c@group-2AEC26317323-LeaderElection59
2021-06-11 19:07:14,897 [bf85b346-d6dc-4caf-ae79-65e1db1e806c@group-2AEC26317323-LeaderElection59] INFO  impl.RoleInfo (RoleInfo.java:updateAndGet(130)) - bf85b346-d6dc-4caf-ae79-65e1db1e806c: start bf85b346-d6dc-4caf-ae79-65e1db1e806c@group-2AEC26317323-FollowerState
2021-06-11 19:07:14,913 [0e0429f1-9636-4fc9-8820-e0f7c83710f3@group-1408D08955A5-FollowerState] INFO  impl.FollowerState (FollowerState.java:run(134)) - 0e0429f1-9636-4fc9-8820-e0f7c83710f3@group-1408D08955A5-FollowerState: change to CANDIDATE, lastRpcElapsedTime:5195110980ns, electionTimeout:5194ms
2021-06-11 19:07:14,913 [0e0429f1-9636-4fc9-8820-e0f7c83710f3@group-1408D08955A5-FollowerState] INFO  impl.RoleInfo (RoleInfo.java:shutdownFollowerState(108)) - 0e0429f1-9636-4fc9-8820-e0f7c83710f3: shutdown 0e0429f1-9636-4fc9-8820-e0f7c83710f3@group-1408D08955A5-FollowerState
2021-06-11 19:07:14,913 [0e0429f1-9636-4fc9-8820-e0f7c83710f3@group-1408D08955A5-FollowerState] INFO  server.RaftServer$Division (RaftServerImpl.java:setRole(284)) - 0e0429f1-9636-4fc9-8820-e0f7c83710f3@group-1408D08955A5: changes role from  FOLLOWER to CANDIDATE at term 0 for changeToCandidate
2021-06-11 19:07:14,913 [0e0429f1-9636-4fc9-8820-e0f7c83710f3@group-1408D08955A5-FollowerState] INFO  server.RaftServerConfigKeys (ConfUtils.java:logGet(44)) - raft.server.leaderelection.pre-vote = false (custom)
2021-06-11 19:07:14,913 [0e0429f1-9636-4fc9-8820-e0f7c83710f3@group-1408D08955A5-FollowerState] INFO  impl.RoleInfo (RoleInfo.java:updateAndGet(130)) - 0e0429f1-9636-4fc9-8820-e0f7c83710f3: start 0e0429f1-9636-4fc9-8820-e0f7c83710f3@group-1408D08955A5-LeaderElection61
2021-06-11 19:07:14,915 [0e0429f1-9636-4fc9-8820-e0f7c83710f3@group-1408D08955A5-LeaderElection61] INFO  impl.LeaderElection (LeaderElection.java:askForVotes(306)) - 0e0429f1-9636-4fc9-8820-e0f7c83710f3@group-1408D08955A5-LeaderElection61 ELECTION round 0: submit vote requests at term 1 for -1: [0e0429f1-9636-4fc9-8820-e0f7c83710f3|rpc:10.1.0.43:33285|priority:1], old=null
2021-06-11 19:07:14,915 [0e0429f1-9636-4fc9-8820-e0f7c83710f3@group-1408D08955A5-LeaderElection61] INFO  impl.LeaderElection (LeaderElection.java:askForVotes(308)) - 0e0429f1-9636-4fc9-8820-e0f7c83710f3@group-1408D08955A5-LeaderElection61 ELECTION round 0: result PASSED (term=1)
2021-06-11 19:07:14,915 [0e0429f1-9636-4fc9-8820-e0f7c83710f3@group-1408D08955A5-LeaderElection61] INFO  impl.RoleInfo (RoleInfo.java:shutdownLeaderElection(121)) - 0e0429f1-9636-4fc9-8820-e0f7c83710f3: shutdown 0e0429f1-9636-4fc9-8820-e0f7c83710f3@group-1408D08955A5-LeaderElection61
2021-06-11 19:07:14,916 [0e0429f1-9636-4fc9-8820-e0f7c83710f3@group-1408D08955A5-LeaderElection61] INFO  server.RaftServer$Division (RaftServerImpl.java:setRole(284)) - 0e0429f1-9636-4fc9-8820-e0f7c83710f3@group-1408D08955A5: changes role from CANDIDATE to LEADER at term 1 for changeToLeader
2021-06-11 19:07:14,916 [0e0429f1-9636-4fc9-8820-e0f7c83710f3@group-1408D08955A5-LeaderElection61] INFO  ratis.XceiverServerRatis (XceiverServerRatis.java:handleLeaderChangedNotification(906)) - Leader change notification received for group: group-1408D08955A5 with new leaderId: 0e0429f1-9636-4fc9-8820-e0f7c83710f3
2021-06-11 19:07:14,916 [0e0429f1-9636-4fc9-8820-e0f7c83710f3@group-1408D08955A5-LeaderElection61] INFO  server.RaftServer$Division (ServerState.java:setLeader(271)) - 0e0429f1-9636-4fc9-8820-e0f7c83710f3@group-1408D08955A5: change Leader from null to 0e0429f1-9636-4fc9-8820-e0f7c83710f3 at term 1 for becomeLeader, leader elected after 5206ms
2021-06-11 19:07:14,916 [0e0429f1-9636-4fc9-8820-e0f7c83710f3@group-1408D08955A5-LeaderElection61] INFO  server.RaftServerConfigKeys (ConfUtils.java:logGet(44)) - raft.server.staging.catchup.gap = 1000 (default)
2021-06-11 19:07:14,916 [0e0429f1-9636-4fc9-8820-e0f7c83710f3@group-1408D08955A5-LeaderElection61] INFO  metrics.RatisMetrics (RatisMetrics.java:lambda$create$0(36)) - Creating Metrics Registry : ratis.log_appender.0e0429f1-9636-4fc9-8820-e0f7c83710f3@group-1408D08955A5
2021-06-11 19:07:14,916 [0e0429f1-9636-4fc9-8820-e0f7c83710f3@group-1408D08955A5-LeaderElection61] INFO  server.RaftServerConfigKeys (ConfUtils.java:logGet(44)) - raft.server.write.element-limit = 1024 (custom)
2021-06-11 19:07:14,916 [0e0429f1-9636-4fc9-8820-e0f7c83710f3@group-1408D08955A5-LeaderElection61] INFO  server.RaftServerConfigKeys (ConfUtils.java:logGet(44)) - raft.server.write.byte-limit = 1073741824 (custom)
2021-06-11 19:07:14,917 [0e0429f1-9636-4fc9-8820-e0f7c83710f3@group-1408D08955A5-LeaderElection61] INFO  server.RaftServerConfigKeys (ConfUtils.java:logGet(44)) - raft.server.watch.timeout = 3000ms (custom)
2021-06-11 19:07:14,917 [0e0429f1-9636-4fc9-8820-e0f7c83710f3@group-1408D08955A5-LeaderElection61] INFO  server.RaftServerConfigKeys (ConfUtils.java:logGet(44)) - raft.server.watch.timeout.denomination = 1s (default)
2021-06-11 19:07:14,917 [0e0429f1-9636-4fc9-8820-e0f7c83710f3@group-1408D08955A5-LeaderElection61] INFO  server.RaftServerConfigKeys (ConfUtils.java:logGet(44)) - raft.server.watch.element-limit = 65536 (default)
2021-06-11 19:07:14,917 [0e0429f1-9636-4fc9-8820-e0f7c83710f3@group-1408D08955A5-LeaderElection61] INFO  impl.RoleInfo (RoleInfo.java:updateAndGet(130)) - 0e0429f1-9636-4fc9-8820-e0f7c83710f3: start 0e0429f1-9636-4fc9-8820-e0f7c83710f3@group-1408D08955A5-LeaderStateImpl
2021-06-11 19:07:14,917 [0e0429f1-9636-4fc9-8820-e0f7c83710f3@group-1408D08955A5-LeaderElection61] INFO  segmented.SegmentedRaftLogWorker (SegmentedRaftLogWorker.java:startLogSegment(394)) - 0e0429f1-9636-4fc9-8820-e0f7c83710f3@group-1408D08955A5-SegmentedRaftLogWorker: Starting segment from index:0
2021-06-11 19:07:14,918 [0e0429f1-9636-4fc9-8820-e0f7c83710f3@group-1408D08955A5-LeaderElection61] INFO  server.RaftServer$Division (ServerState.java:setRaftConf(373)) - 0e0429f1-9636-4fc9-8820-e0f7c83710f3@group-1408D08955A5: set configuration 0: [0e0429f1-9636-4fc9-8820-e0f7c83710f3|rpc:10.1.0.43:33285|dataStream:|priority:1], old=null
2021-06-11 19:07:14,918 [0e0429f1-9636-4fc9-8820-e0f7c83710f3@group-1408D08955A5-SegmentedRaftLogWorker] INFO  segmented.SegmentedRaftLogWorker (SegmentedRaftLogWorker.java:execute(601)) - 0e0429f1-9636-4fc9-8820-e0f7c83710f3@group-1408D08955A5-SegmentedRaftLogWorker: created new log segment /home/runner/work/ozone/ozone/mnt/ozone/hadoop-ozone/integration-test/target/test-dir/MiniOzoneClusterImpl-7f30813a-d1ba-41a1-975d-e59f1b24795c/datanode-3/data/ratis/fa4011df-cae6-4a8c-97cb-1408d08955a5/current/log_inprogress_0
2021-06-11 19:07:14,931 [133b101f-dcee-4efd-9163-9b3704aaa3ee@group-1AE42CC5A9B6-FollowerState] INFO  impl.FollowerState (FollowerState.java:run(134)) - 133b101f-dcee-4efd-9163-9b3704aaa3ee@group-1AE42CC5A9B6-FollowerState: change to CANDIDATE, lastRpcElapsedTime:5026264354ns, electionTimeout:5026ms
2021-06-11 19:07:14,931 [133b101f-dcee-4efd-9163-9b3704aaa3ee@group-1AE42CC5A9B6-FollowerState] INFO  impl.RoleInfo (RoleInfo.java:shutdownFollowerState(108)) - 133b101f-dcee-4efd-9163-9b3704aaa3ee: shutdown 133b101f-dcee-4efd-9163-9b3704aaa3ee@group-1AE42CC5A9B6-FollowerState
2021-06-11 19:07:14,931 [133b101f-dcee-4efd-9163-9b3704aaa3ee@group-1AE42CC5A9B6-FollowerState] INFO  server.RaftServer$Division (RaftServerImpl.java:setRole(284)) - 133b101f-dcee-4efd-9163-9b3704aaa3ee@group-1AE42CC5A9B6: changes role from  FOLLOWER to CANDIDATE at term 0 for changeToCandidate
2021-06-11 19:07:14,931 [133b101f-dcee-4efd-9163-9b3704aaa3ee@group-1AE42CC5A9B6-FollowerState] INFO  server.RaftServerConfigKeys (ConfUtils.java:logGet(44)) - raft.server.leaderelection.pre-vote = false (custom)
2021-06-11 19:07:14,931 [133b101f-dcee-4efd-9163-9b3704aaa3ee@group-1AE42CC5A9B6-FollowerState] INFO  impl.RoleInfo (RoleInfo.java:updateAndGet(130)) - 133b101f-dcee-4efd-9163-9b3704aaa3ee: start 133b101f-dcee-4efd-9163-9b3704aaa3ee@group-1AE42CC5A9B6-LeaderElection62
2021-06-11 19:07:14,933 [133b101f-dcee-4efd-9163-9b3704aaa3ee@group-1AE42CC5A9B6-LeaderElection62] INFO  impl.LeaderElection (LeaderElection.java:askForVotes(306)) - 133b101f-dcee-4efd-9163-9b3704aaa3ee@group-1AE42CC5A9B6-LeaderElection62 ELECTION round 0: submit vote requests at term 1 for -1: [133b101f-dcee-4efd-9163-9b3704aaa3ee|rpc:10.1.0.43:37475|priority:1], old=null
2021-06-11 19:07:14,933 [133b101f-dcee-4efd-9163-9b3704aaa3ee@group-1AE42CC5A9B6-LeaderElection62] INFO  impl.LeaderElection (LeaderElection.java:askForVotes(308)) - 133b101f-dcee-4efd-9163-9b3704aaa3ee@group-1AE42CC5A9B6-LeaderElection62 ELECTION round 0: result PASSED (term=1)
2021-06-11 19:07:14,933 [133b101f-dcee-4efd-9163-9b3704aaa3ee@group-1AE42CC5A9B6-LeaderElection62] INFO  impl.RoleInfo (RoleInfo.java:shutdownLeaderElection(121)) - 133b101f-dcee-4efd-9163-9b3704aaa3ee: shutdown 133b101f-dcee-4efd-9163-9b3704aaa3ee@group-1AE42CC5A9B6-LeaderElection62
2021-06-11 19:07:14,933 [133b101f-dcee-4efd-9163-9b3704aaa3ee@group-1AE42CC5A9B6-LeaderElection62] INFO  server.RaftServer$Division (RaftServerImpl.java:setRole(284)) - 133b101f-dcee-4efd-9163-9b3704aaa3ee@group-1AE42CC5A9B6: changes role from CANDIDATE to LEADER at term 1 for changeToLeader
2021-06-11 19:07:14,933 [133b101f-dcee-4efd-9163-9b3704aaa3ee@group-1AE42CC5A9B6-LeaderElection62] INFO  ratis.XceiverServerRatis (XceiverServerRatis.java:handleLeaderChangedNotification(906)) - Leader change notification received for group: group-1AE42CC5A9B6 with new leaderId: 133b101f-dcee-4efd-9163-9b3704aaa3ee
2021-06-11 19:07:14,933 [133b101f-dcee-4efd-9163-9b3704aaa3ee@group-1AE42CC5A9B6-LeaderElection62] INFO  server.RaftServer$Division (ServerState.java:setLeader(271)) - 133b101f-dcee-4efd-9163-9b3704aaa3ee@group-1AE42CC5A9B6: change Leader from null to 133b101f-dcee-4efd-9163-9b3704aaa3ee at term 1 for becomeLeader, leader elected after 5035ms
2021-06-11 19:07:14,934 [133b101f-dcee-4efd-9163-9b3704aaa3ee@group-1AE42CC5A9B6-LeaderElection62] INFO  server.RaftServerConfigKeys (ConfUtils.java:logGet(44)) - raft.server.staging.catchup.gap = 1000 (default)
2021-06-11 19:07:14,934 [133b101f-dcee-4efd-9163-9b3704aaa3ee@group-1AE42CC5A9B6-LeaderElection62] INFO  metrics.RatisMetrics (RatisMetrics.java:lambda$create$0(36)) - Creating Metrics Registry : ratis.log_appender.133b101f-dcee-4efd-9163-9b3704aaa3ee@group-1AE42CC5A9B6
2021-06-11 19:07:14,934 [133b101f-dcee-4efd-9163-9b3704aaa3ee@group-1AE42CC5A9B6-LeaderElection62] INFO  server.RaftServerConfigKeys (ConfUtils.java:logGet(44)) - raft.server.write.element-limit = 1024 (custom)
2021-06-11 19:07:14,934 [133b101f-dcee-4efd-9163-9b3704aaa3ee@group-1AE42CC5A9B6-LeaderElection62] INFO  server.RaftServerConfigKeys (ConfUtils.java:logGet(44)) - raft.server.write.byte-limit = 1073741824 (custom)
2021-06-11 19:07:14,934 [133b101f-dcee-4efd-9163-9b3704aaa3ee@group-1AE42CC5A9B6-LeaderElection62] INFO  server.RaftServerConfigKeys (ConfUtils.java:logGet(44)) - raft.server.watch.timeout = 3000ms (custom)
2021-06-11 19:07:14,934 [133b101f-dcee-4efd-9163-9b3704aaa3ee@group-1AE42CC5A9B6-LeaderElection62] INFO  server.RaftServerConfigKeys (ConfUtils.java:logGet(44)) - raft.server.watch.timeout.denomination = 1s (default)
2021-06-11 19:07:14,934 [133b101f-dcee-4efd-9163-9b3704aaa3ee@group-1AE42CC5A9B6-LeaderElection62] INFO  server.RaftServerConfigKeys (ConfUtils.java:logGet(44)) - raft.server.watch.element-limit = 65536 (default)
2021-06-11 19:07:14,935 [133b101f-dcee-4efd-9163-9b3704aaa3ee@group-1AE42CC5A9B6-LeaderElection62] INFO  impl.RoleInfo (RoleInfo.java:updateAndGet(130)) - 133b101f-dcee-4efd-9163-9b3704aaa3ee: start 133b101f-dcee-4efd-9163-9b3704aaa3ee@group-1AE42CC5A9B6-LeaderStateImpl
2021-06-11 19:07:14,935 [133b101f-dcee-4efd-9163-9b3704aaa3ee@group-1AE42CC5A9B6-LeaderElection62] INFO  segmented.SegmentedRaftLogWorker (SegmentedRaftLogWorker.java:startLogSegment(394)) - 133b101f-dcee-4efd-9163-9b3704aaa3ee@group-1AE42CC5A9B6-SegmentedRaftLogWorker: Starting segment from index:0
2021-06-11 19:07:14,940 [133b101f-dcee-4efd-9163-9b3704aaa3ee@group-1AE42CC5A9B6-LeaderElection62] INFO  server.RaftServer$Division (ServerState.java:setRaftConf(373)) - 133b101f-dcee-4efd-9163-9b3704aaa3ee@group-1AE42CC5A9B6: set configuration 0: [133b101f-dcee-4efd-9163-9b3704aaa3ee|rpc:10.1.0.43:37475|dataStream:|priority:1], old=null
2021-06-11 19:07:14,940 [133b101f-dcee-4efd-9163-9b3704aaa3ee@group-1AE42CC5A9B6-SegmentedRaftLogWorker] INFO  segmented.SegmentedRaftLogWorker (SegmentedRaftLogWorker.java:execute(601)) - 133b101f-dcee-4efd-9163-9b3704aaa3ee@group-1AE42CC5A9B6-SegmentedRaftLogWorker: created new log segment /home/runner/work/ozone/ozone/mnt/ozone/hadoop-ozone/integration-test/target/test-dir/MiniOzoneClusterImpl-7f30813a-d1ba-41a1-975d-e59f1b24795c/datanode-5/data/ratis/69019a7c-0f48-453b-bb61-1ae42cc5a9b6/current/log_inprogress_0
2021-06-11 19:07:14,998 [Listener at 127.0.0.1/43957] INFO  ozone.MiniOzoneClusterImpl (MiniOzoneClusterImpl.java:lambda$waitForClusterToBeReady$0(227)) - Nodes are ready. Got 7 of 7 DN Heartbeats.
2021-06-11 19:07:14,998 [Listener at 127.0.0.1/43957] INFO  ozone.MiniOzoneClusterImpl (MiniOzoneClusterImpl.java:lambda$waitForClusterToBeReady$0(230)) - Cluster exits safe mode
2021-06-11 19:07:14,998 [Listener at 127.0.0.1/43957] INFO  ozone.MiniOzoneClusterImpl (MiniOzoneClusterImpl.java:lambda$waitForClusterToBeReady$0(232)) - SCM became leader
2021-06-11 19:07:15,007 [Listener at 127.0.0.1/43957] INFO  rpc.RpcClient (RpcClient.java:createVolume(341)) - Creating Volume: testblockoutputstream, with runner as owner and space quota set to -1 bytes, counts quota set to -1
2021-06-11 19:07:15,011 [OM StateMachine ApplyTransaction Thread - 0] INFO  volume.OMVolumeCreateRequest (OMVolumeCreateRequest.java:validateAndUpdateCache(195)) - created volume:testblockoutputstream for user:runner
2021-06-11 19:07:15,016 [Listener at 127.0.0.1/43957] INFO  rpc.RpcClient (RpcClient.java:createBucket(500)) - Creating Bucket: testblockoutputstream/testblockoutputstream, with Versioning false and Storage Type set to DISK and Encryption set to false 
2021-06-11 19:07:15,036 [IPC Server handler 1 on default port 35093] INFO  ha.SequenceIdGenerator (SequenceIdGenerator.java:getNextId(127)) - Allocate a batch for containerId, change lastId from 0 to 1000.
2021-06-11 19:07:15,036 [IPC Server handler 1 on default port 35093] WARN  ha.SequenceIdGenerator (SequenceIdGenerator.java:allocateBatch(234)) - Failed to allocate a batch for localId, expected lastId is 0, actual lastId is 107544261427200000.
2021-06-11 19:07:15,036 [IPC Server handler 1 on default port 35093] INFO  ha.SequenceIdGenerator (SequenceIdGenerator.java:getNextId(127)) - Allocate a batch for localId, change lastId from 107544261427200000 to 107544261427201000.
2021-06-11 19:07:15,041 [Listener at 127.0.0.1/43957] INFO  metrics.RatisMetrics (RatisMetrics.java:lambda$create$0(36)) - Creating Metrics Registry : ratis.client_message_metrics.client-174C94432D28->1514860f-d988-4646-88fa-884730dadadc
2021-06-11 19:07:15,097 [f05d9154-dd24-4162-9fdc-352a7a5261e7@group-AEF45FD9E54B-FollowerState] INFO  impl.FollowerState (FollowerState.java:run(134)) - f05d9154-dd24-4162-9fdc-352a7a5261e7@group-AEF45FD9E54B-FollowerState: change to CANDIDATE, lastRpcElapsedTime:5084408737ns, electionTimeout:5084ms
2021-06-11 19:07:15,097 [f05d9154-dd24-4162-9fdc-352a7a5261e7@group-AEF45FD9E54B-FollowerState] INFO  impl.RoleInfo (RoleInfo.java:shutdownFollowerState(108)) - f05d9154-dd24-4162-9fdc-352a7a5261e7: shutdown f05d9154-dd24-4162-9fdc-352a7a5261e7@group-AEF45FD9E54B-FollowerState
2021-06-11 19:07:15,097 [f05d9154-dd24-4162-9fdc-352a7a5261e7@group-AEF45FD9E54B-FollowerState] INFO  server.RaftServer$Division (RaftServerImpl.java:setRole(284)) - f05d9154-dd24-4162-9fdc-352a7a5261e7@group-AEF45FD9E54B: changes role from  FOLLOWER to CANDIDATE at term 0 for changeToCandidate
2021-06-11 19:07:15,098 [f05d9154-dd24-4162-9fdc-352a7a5261e7@group-AEF45FD9E54B-FollowerState] INFO  server.RaftServerConfigKeys (ConfUtils.java:logGet(44)) - raft.server.leaderelection.pre-vote = false (custom)
2021-06-11 19:07:15,098 [f05d9154-dd24-4162-9fdc-352a7a5261e7@group-AEF45FD9E54B-FollowerState] INFO  impl.RoleInfo (RoleInfo.java:updateAndGet(130)) - f05d9154-dd24-4162-9fdc-352a7a5261e7: start f05d9154-dd24-4162-9fdc-352a7a5261e7@group-AEF45FD9E54B-LeaderElection63
2021-06-11 19:07:15,102 [f05d9154-dd24-4162-9fdc-352a7a5261e7@group-AEF45FD9E54B-LeaderElection63] INFO  impl.LeaderElection (LeaderElection.java:askForVotes(306)) - f05d9154-dd24-4162-9fdc-352a7a5261e7@group-AEF45FD9E54B-LeaderElection63 ELECTION round 0: submit vote requests at term 1 for -1: [f05d9154-dd24-4162-9fdc-352a7a5261e7|rpc:10.1.0.43:40337|priority:1], old=null
2021-06-11 19:07:15,102 [f05d9154-dd24-4162-9fdc-352a7a5261e7@group-AEF45FD9E54B-LeaderElection63] INFO  impl.LeaderElection (LeaderElection.java:askForVotes(308)) - f05d9154-dd24-4162-9fdc-352a7a5261e7@group-AEF45FD9E54B-LeaderElection63 ELECTION round 0: result PASSED (term=1)
2021-06-11 19:07:15,102 [f05d9154-dd24-4162-9fdc-352a7a5261e7@group-AEF45FD9E54B-LeaderElection63] INFO  impl.RoleInfo (RoleInfo.java:shutdownLeaderElection(121)) - f05d9154-dd24-4162-9fdc-352a7a5261e7: shutdown f05d9154-dd24-4162-9fdc-352a7a5261e7@group-AEF45FD9E54B-LeaderElection63
2021-06-11 19:07:15,102 [f05d9154-dd24-4162-9fdc-352a7a5261e7@group-AEF45FD9E54B-LeaderElection63] INFO  server.RaftServer$Division (RaftServerImpl.java:setRole(284)) - f05d9154-dd24-4162-9fdc-352a7a5261e7@group-AEF45FD9E54B: changes role from CANDIDATE to LEADER at term 1 for changeToLeader
2021-06-11 19:07:15,102 [f05d9154-dd24-4162-9fdc-352a7a5261e7@group-AEF45FD9E54B-LeaderElection63] INFO  ratis.XceiverServerRatis (XceiverServerRatis.java:handleLeaderChangedNotification(906)) - Leader change notification received for group: group-AEF45FD9E54B with new leaderId: f05d9154-dd24-4162-9fdc-352a7a5261e7
2021-06-11 19:07:15,102 [f05d9154-dd24-4162-9fdc-352a7a5261e7@group-AEF45FD9E54B-LeaderElection63] INFO  server.RaftServer$Division (ServerState.java:setLeader(271)) - f05d9154-dd24-4162-9fdc-352a7a5261e7@group-AEF45FD9E54B: change Leader from null to f05d9154-dd24-4162-9fdc-352a7a5261e7 at term 1 for becomeLeader, leader elected after 5097ms
2021-06-11 19:07:15,102 [f05d9154-dd24-4162-9fdc-352a7a5261e7@group-AEF45FD9E54B-LeaderElection63] INFO  server.RaftServerConfigKeys (ConfUtils.java:logGet(44)) - raft.server.staging.catchup.gap = 1000 (default)
2021-06-11 19:07:15,102 [f05d9154-dd24-4162-9fdc-352a7a5261e7@group-AEF45FD9E54B-LeaderElection63] INFO  metrics.RatisMetrics (RatisMetrics.java:lambda$create$0(36)) - Creating Metrics Registry : ratis.log_appender.f05d9154-dd24-4162-9fdc-352a7a5261e7@group-AEF45FD9E54B
2021-06-11 19:07:15,103 [f05d9154-dd24-4162-9fdc-352a7a5261e7@group-AEF45FD9E54B-LeaderElection63] INFO  server.RaftServerConfigKeys (ConfUtils.java:logGet(44)) - raft.server.write.element-limit = 1024 (custom)
2021-06-11 19:07:15,103 [f05d9154-dd24-4162-9fdc-352a7a5261e7@group-AEF45FD9E54B-LeaderElection63] INFO  server.RaftServerConfigKeys (ConfUtils.java:logGet(44)) - raft.server.write.byte-limit = 1073741824 (custom)
2021-06-11 19:07:15,103 [f05d9154-dd24-4162-9fdc-352a7a5261e7@group-AEF45FD9E54B-LeaderElection63] INFO  server.RaftServerConfigKeys (ConfUtils.java:logGet(44)) - raft.server.watch.timeout = 3000ms (custom)
2021-06-11 19:07:15,103 [f05d9154-dd24-4162-9fdc-352a7a5261e7@group-AEF45FD9E54B-LeaderElection63] INFO  server.RaftServerConfigKeys (ConfUtils.java:logGet(44)) - raft.server.watch.timeout.denomination = 1s (default)
2021-06-11 19:07:15,103 [f05d9154-dd24-4162-9fdc-352a7a5261e7@group-AEF45FD9E54B-LeaderElection63] INFO  server.RaftServerConfigKeys (ConfUtils.java:logGet(44)) - raft.server.watch.element-limit = 65536 (default)
2021-06-11 19:07:15,103 [f05d9154-dd24-4162-9fdc-352a7a5261e7@group-AEF45FD9E54B-LeaderElection63] INFO  impl.RoleInfo (RoleInfo.java:updateAndGet(130)) - f05d9154-dd24-4162-9fdc-352a7a5261e7: start f05d9154-dd24-4162-9fdc-352a7a5261e7@group-AEF45FD9E54B-LeaderStateImpl
2021-06-11 19:07:15,103 [f05d9154-dd24-4162-9fdc-352a7a5261e7@group-AEF45FD9E54B-LeaderElection63] INFO  segmented.SegmentedRaftLogWorker (SegmentedRaftLogWorker.java:startLogSegment(394)) - f05d9154-dd24-4162-9fdc-352a7a5261e7@group-AEF45FD9E54B-SegmentedRaftLogWorker: Starting segment from index:0
2021-06-11 19:07:15,105 [f05d9154-dd24-4162-9fdc-352a7a5261e7@group-AEF45FD9E54B-SegmentedRaftLogWorker] INFO  segmented.SegmentedRaftLogWorker (SegmentedRaftLogWorker.java:execute(601)) - f05d9154-dd24-4162-9fdc-352a7a5261e7@group-AEF45FD9E54B-SegmentedRaftLogWorker: created new log segment /home/runner/work/ozone/ozone/mnt/ozone/hadoop-ozone/integration-test/target/test-dir/MiniOzoneClusterImpl-7f30813a-d1ba-41a1-975d-e59f1b24795c/datanode-6/data/ratis/2cbab893-9b08-4c7b-b432-aef45fd9e54b/current/log_inprogress_0
2021-06-11 19:07:15,106 [f05d9154-dd24-4162-9fdc-352a7a5261e7@group-AEF45FD9E54B-LeaderElection63] INFO  server.RaftServer$Division (ServerState.java:setRaftConf(373)) - f05d9154-dd24-4162-9fdc-352a7a5261e7@group-AEF45FD9E54B: set configuration 0: [f05d9154-dd24-4162-9fdc-352a7a5261e7|rpc:10.1.0.43:40337|dataStream:|priority:1], old=null
2021-06-11 19:07:16,084 [Datanode State Machine Thread - 0] INFO  statemachine.DatanodeStateMachine (DatanodeStateMachine.java:lambda$startDaemon$0(428)) - Ozone container server started.
2021-06-11 19:07:19,958 [bf85b346-d6dc-4caf-ae79-65e1db1e806c@group-2AEC26317323-FollowerState] INFO  impl.FollowerState (FollowerState.java:run(134)) - bf85b346-d6dc-4caf-ae79-65e1db1e806c@group-2AEC26317323-FollowerState: change to CANDIDATE, lastRpcElapsedTime:5060413660ns, electionTimeout:5059ms
2021-06-11 19:07:19,958 [bf85b346-d6dc-4caf-ae79-65e1db1e806c@group-2AEC26317323-FollowerState] INFO  impl.RoleInfo (RoleInfo.java:shutdownFollowerState(108)) - bf85b346-d6dc-4caf-ae79-65e1db1e806c: shutdown bf85b346-d6dc-4caf-ae79-65e1db1e806c@group-2AEC26317323-FollowerState
2021-06-11 19:07:19,958 [bf85b346-d6dc-4caf-ae79-65e1db1e806c@group-2AEC26317323-FollowerState] INFO  server.RaftServer$Division (RaftServerImpl.java:setRole(284)) - bf85b346-d6dc-4caf-ae79-65e1db1e806c@group-2AEC26317323: changes role from  FOLLOWER to CANDIDATE at term 1 for changeToCandidate
2021-06-11 19:07:19,958 [bf85b346-d6dc-4caf-ae79-65e1db1e806c@group-2AEC26317323-FollowerState] INFO  server.RaftServerConfigKeys (ConfUtils.java:logGet(44)) - raft.server.leaderelection.pre-vote = false (custom)
2021-06-11 19:07:19,958 [bf85b346-d6dc-4caf-ae79-65e1db1e806c@group-2AEC26317323-FollowerState] INFO  impl.RoleInfo (RoleInfo.java:updateAndGet(130)) - bf85b346-d6dc-4caf-ae79-65e1db1e806c: start bf85b346-d6dc-4caf-ae79-65e1db1e806c@group-2AEC26317323-LeaderElection64
2021-06-11 19:07:19,960 [bf85b346-d6dc-4caf-ae79-65e1db1e806c@group-2AEC26317323-LeaderElection64] INFO  impl.LeaderElection (LeaderElection.java:askForVotes(306)) - bf85b346-d6dc-4caf-ae79-65e1db1e806c@group-2AEC26317323-LeaderElection64 ELECTION round 0: submit vote requests at term 2 for -1: [133b101f-dcee-4efd-9163-9b3704aaa3ee|rpc:10.1.0.43:37475|priority:0, 0e0429f1-9636-4fc9-8820-e0f7c83710f3|rpc:10.1.0.43:33285|priority:1, bf85b346-d6dc-4caf-ae79-65e1db1e806c|rpc:10.1.0.43:43393|priority:0], old=null
2021-06-11 19:07:19,962 [grpc-default-executor-5] INFO  server.RaftServer$Division (RaftServerImpl.java:requestVote(1042)) - 133b101f-dcee-4efd-9163-9b3704aaa3ee@group-2AEC26317323: receive requestVote(ELECTION, bf85b346-d6dc-4caf-ae79-65e1db1e806c, group-2AEC26317323, 2, (t:0, i:0))
2021-06-11 19:07:19,964 [grpc-default-executor-5] INFO  impl.VoteContext (VoteContext.java:log(48)) - 133b101f-dcee-4efd-9163-9b3704aaa3ee@group-2AEC26317323-FOLLOWER: accept ELECTION from bf85b346-d6dc-4caf-ae79-65e1db1e806c: our priority 0 <= candidate's priority 0
2021-06-11 19:07:19,964 [grpc-default-executor-5] INFO  server.RaftServer$Division (RaftServerImpl.java:setRole(284)) - 133b101f-dcee-4efd-9163-9b3704aaa3ee@group-2AEC26317323: changes role from  FOLLOWER to FOLLOWER at term 2 for candidate:bf85b346-d6dc-4caf-ae79-65e1db1e806c
2021-06-11 19:07:19,964 [grpc-default-executor-5] INFO  impl.RoleInfo (RoleInfo.java:shutdownFollowerState(108)) - 133b101f-dcee-4efd-9163-9b3704aaa3ee: shutdown 133b101f-dcee-4efd-9163-9b3704aaa3ee@group-2AEC26317323-FollowerState
2021-06-11 19:07:19,964 [grpc-default-executor-5] INFO  impl.RoleInfo (RoleInfo.java:updateAndGet(130)) - 133b101f-dcee-4efd-9163-9b3704aaa3ee: start 133b101f-dcee-4efd-9163-9b3704aaa3ee@group-2AEC26317323-FollowerState
2021-06-11 19:07:19,964 [133b101f-dcee-4efd-9163-9b3704aaa3ee@group-2AEC26317323-FollowerState] INFO  impl.FollowerState (FollowerState.java:run(143)) - 133b101f-dcee-4efd-9163-9b3704aaa3ee@group-2AEC26317323-FollowerState was interrupted: {}
java.lang.InterruptedException: sleep interrupted
	at java.lang.Thread.sleep(Native Method)
	at java.lang.Thread.sleep(Thread.java:340)
	at java.util.concurrent.TimeUnit.sleep(TimeUnit.java:386)
	at org.apache.ratis.util.TimeDuration.sleep(TimeDuration.java:324)
	at org.apache.ratis.util.TimeDuration.sleep(TimeDuration.java:309)
	at org.apache.ratis.server.impl.FollowerState.run(FollowerState.java:118)
2021-06-11 19:07:19,965 [grpc-default-executor-6] INFO  server.RaftServer$Division (RaftServerImpl.java:requestVote(1042)) - 0e0429f1-9636-4fc9-8820-e0f7c83710f3@group-2AEC26317323: receive requestVote(ELECTION, bf85b346-d6dc-4caf-ae79-65e1db1e806c, group-2AEC26317323, 2, (t:0, i:0))
2021-06-11 19:07:19,966 [grpc-default-executor-6] INFO  impl.VoteContext (VoteContext.java:log(48)) - 0e0429f1-9636-4fc9-8820-e0f7c83710f3@group-2AEC26317323-FOLLOWER: reject ELECTION from bf85b346-d6dc-4caf-ae79-65e1db1e806c: our priority 1 > candidate's priority 0
2021-06-11 19:07:19,966 [grpc-default-executor-5] INFO  server.RaftServer$Division (RaftServerImpl.java:requestVote(1074)) - 133b101f-dcee-4efd-9163-9b3704aaa3ee@group-2AEC26317323 replies to ELECTION vote request: bf85b346-d6dc-4caf-ae79-65e1db1e806c<-133b101f-dcee-4efd-9163-9b3704aaa3ee#0:OK-t2. Peer's state: 133b101f-dcee-4efd-9163-9b3704aaa3ee@group-2AEC26317323:t2, leader=null, voted=bf85b346-d6dc-4caf-ae79-65e1db1e806c, raftlog=133b101f-dcee-4efd-9163-9b3704aaa3ee@group-2AEC26317323-SegmentedRaftLog:OPENED:c-1,f-1,i0, conf=-1: [133b101f-dcee-4efd-9163-9b3704aaa3ee|rpc:10.1.0.43:37475|dataStream:|priority:0, 0e0429f1-9636-4fc9-8820-e0f7c83710f3|rpc:10.1.0.43:33285|dataStream:|priority:1, bf85b346-d6dc-4caf-ae79-65e1db1e806c|rpc:10.1.0.43:43393|dataStream:|priority:0], old=null
2021-06-11 19:07:19,966 [grpc-default-executor-6] INFO  server.RaftServer$Division (RaftServerImpl.java:setRole(284)) - 0e0429f1-9636-4fc9-8820-e0f7c83710f3@group-2AEC26317323: changes role from  FOLLOWER to FOLLOWER at term 2 for candidate:bf85b346-d6dc-4caf-ae79-65e1db1e806c
2021-06-11 19:07:19,966 [grpc-default-executor-6] INFO  impl.RoleInfo (RoleInfo.java:shutdownFollowerState(108)) - 0e0429f1-9636-4fc9-8820-e0f7c83710f3: shutdown 0e0429f1-9636-4fc9-8820-e0f7c83710f3@group-2AEC26317323-FollowerState
2021-06-11 19:07:19,966 [grpc-default-executor-6] INFO  impl.RoleInfo (RoleInfo.java:updateAndGet(130)) - 0e0429f1-9636-4fc9-8820-e0f7c83710f3: start 0e0429f1-9636-4fc9-8820-e0f7c83710f3@group-2AEC26317323-FollowerState
2021-06-11 19:07:19,968 [0e0429f1-9636-4fc9-8820-e0f7c83710f3@group-2AEC26317323-FollowerState] INFO  impl.FollowerState (FollowerState.java:run(143)) - 0e0429f1-9636-4fc9-8820-e0f7c83710f3@group-2AEC26317323-FollowerState was interrupted: {}
java.lang.InterruptedException: sleep interrupted
	at java.lang.Thread.sleep(Native Method)
	at java.lang.Thread.sleep(Thread.java:340)
	at java.util.concurrent.TimeUnit.sleep(TimeUnit.java:386)
	at org.apache.ratis.util.TimeDuration.sleep(TimeDuration.java:324)
	at org.apache.ratis.util.TimeDuration.sleep(TimeDuration.java:309)
	at org.apache.ratis.server.impl.FollowerState.run(FollowerState.java:118)
2021-06-11 19:07:19,968 [grpc-default-executor-6] INFO  server.RaftServer$Division (RaftServerImpl.java:requestVote(1074)) - 0e0429f1-9636-4fc9-8820-e0f7c83710f3@group-2AEC26317323 replies to ELECTION vote request: bf85b346-d6dc-4caf-ae79-65e1db1e806c<-0e0429f1-9636-4fc9-8820-e0f7c83710f3#0:FAIL-t2. Peer's state: 0e0429f1-9636-4fc9-8820-e0f7c83710f3@group-2AEC26317323:t2, leader=null, voted=null, raftlog=0e0429f1-9636-4fc9-8820-e0f7c83710f3@group-2AEC26317323-SegmentedRaftLog:OPENED:c-1,f-1,i0, conf=-1: [133b101f-dcee-4efd-9163-9b3704aaa3ee|rpc:10.1.0.43:37475|priority:0, 0e0429f1-9636-4fc9-8820-e0f7c83710f3|rpc:10.1.0.43:33285|priority:1, bf85b346-d6dc-4caf-ae79-65e1db1e806c|rpc:10.1.0.43:43393|priority:0], old=null
2021-06-11 19:07:19,968 [bf85b346-d6dc-4caf-ae79-65e1db1e806c@group-2AEC26317323-LeaderElection64] INFO  impl.LeaderElection (LeaderElection.java:logAndReturn(89)) - bf85b346-d6dc-4caf-ae79-65e1db1e806c@group-2AEC26317323-LeaderElection64: ELECTION REJECTED received 2 response(s) and 0 exception(s):
2021-06-11 19:07:19,968 [bf85b346-d6dc-4caf-ae79-65e1db1e806c@group-2AEC26317323-LeaderElection64] INFO  impl.LeaderElection (LeaderElection.java:logAndReturn(93)) -   Response 0: bf85b346-d6dc-4caf-ae79-65e1db1e806c<-133b101f-dcee-4efd-9163-9b3704aaa3ee#0:OK-t2
2021-06-11 19:07:19,968 [bf85b346-d6dc-4caf-ae79-65e1db1e806c@group-2AEC26317323-LeaderElection64] INFO  impl.LeaderElection (LeaderElection.java:logAndReturn(93)) -   Response 1: bf85b346-d6dc-4caf-ae79-65e1db1e806c<-0e0429f1-9636-4fc9-8820-e0f7c83710f3#0:FAIL-t2
2021-06-11 19:07:19,969 [bf85b346-d6dc-4caf-ae79-65e1db1e806c@group-2AEC26317323-LeaderElection64] INFO  impl.LeaderElection (LeaderElection.java:askForVotes(308)) - bf85b346-d6dc-4caf-ae79-65e1db1e806c@group-2AEC26317323-LeaderElection64 ELECTION round 0: result REJECTED
2021-06-11 19:07:19,969 [bf85b346-d6dc-4caf-ae79-65e1db1e806c@group-2AEC26317323-LeaderElection64] INFO  server.RaftServer$Division (RaftServerImpl.java:setRole(284)) - bf85b346-d6dc-4caf-ae79-65e1db1e806c@group-2AEC26317323: changes role from CANDIDATE to FOLLOWER at term 2 for REJECTED
2021-06-11 19:07:19,969 [bf85b346-d6dc-4caf-ae79-65e1db1e806c@group-2AEC26317323-LeaderElection64] INFO  impl.RoleInfo (RoleInfo.java:shutdownLeaderElection(121)) - bf85b346-d6dc-4caf-ae79-65e1db1e806c: shutdown bf85b346-d6dc-4caf-ae79-65e1db1e806c@group-2AEC26317323-LeaderElection64
2021-06-11 19:07:19,969 [bf85b346-d6dc-4caf-ae79-65e1db1e806c@group-2AEC26317323-LeaderElection64] INFO  impl.RoleInfo (RoleInfo.java:updateAndGet(130)) - bf85b346-d6dc-4caf-ae79-65e1db1e806c: start bf85b346-d6dc-4caf-ae79-65e1db1e806c@group-2AEC26317323-FollowerState
2021-06-11 19:07:20,110 [Listener at 127.0.0.1/43957] INFO  ozoneimpl.OzoneContainer (OzoneContainer.java:stop(316)) - Attempting to stop container services.
2021-06-11 19:07:20,111 [Listener at 127.0.0.1/43957] INFO  server.RaftServer (RaftServerProxy.java:lambda$close$6(391)) - 1514860f-d988-4646-88fa-884730dadadc: close
2021-06-11 19:07:20,111 [Listener at 127.0.0.1/43957] INFO  server.RaftServer$Division (RaftServerImpl.java:lambda$close$4(406)) - 1514860f-d988-4646-88fa-884730dadadc@group-4FACF4D64A7E: shutdown
2021-06-11 19:07:20,111 [Listener at 127.0.0.1/43957] INFO  util.JmxRegister (JmxRegister.java:unregister(73)) - Successfully un-registered JMX Bean with object name Ratis:service=RaftServer,group=group-4FACF4D64A7E,id=1514860f-d988-4646-88fa-884730dadadc
2021-06-11 19:07:20,111 [Listener at 127.0.0.1/43957] INFO  impl.RoleInfo (RoleInfo.java:shutdownLeaderState(91)) - 1514860f-d988-4646-88fa-884730dadadc: shutdown 1514860f-d988-4646-88fa-884730dadadc@group-4FACF4D64A7E-LeaderStateImpl
2021-06-11 19:07:20,111 [Listener at 127.0.0.1/43957] INFO  impl.PendingRequests (PendingRequests.java:sendNotLeaderResponses(249)) - 1514860f-d988-4646-88fa-884730dadadc@group-4FACF4D64A7E-PendingRequests: sendNotLeaderResponses
2021-06-11 19:07:20,111 [ForkJoinPool.commonPool-worker-0] INFO  server.RaftServer$Division (RaftServerImpl.java:lambda$close$4(406)) - 1514860f-d988-4646-88fa-884730dadadc@group-7A06744B07B2: shutdown
2021-06-11 19:07:20,113 [ForkJoinPool.commonPool-worker-0] INFO  util.JmxRegister (JmxRegister.java:unregister(73)) - Successfully un-registered JMX Bean with object name Ratis:service=RaftServer,group=group-7A06744B07B2,id=1514860f-d988-4646-88fa-884730dadadc
2021-06-11 19:07:20,114 [ForkJoinPool.commonPool-worker-0] INFO  impl.RoleInfo (RoleInfo.java:shutdownFollowerState(108)) - 1514860f-d988-4646-88fa-884730dadadc: shutdown 1514860f-d988-4646-88fa-884730dadadc@group-7A06744B07B2-FollowerState
2021-06-11 19:07:20,114 [1514860f-d988-4646-88fa-884730dadadc@group-7A06744B07B2-FollowerState] INFO  impl.FollowerState (FollowerState.java:run(143)) - 1514860f-d988-4646-88fa-884730dadadc@group-7A06744B07B2-FollowerState was interrupted: {}
java.lang.InterruptedException: sleep interrupted
	at java.lang.Thread.sleep(Native Method)
	at java.lang.Thread.sleep(Thread.java:340)
	at java.util.concurrent.TimeUnit.sleep(TimeUnit.java:386)
	at org.apache.ratis.util.TimeDuration.sleep(TimeDuration.java:324)
	at org.apache.ratis.util.TimeDuration.sleep(TimeDuration.java:309)
	at org.apache.ratis.server.impl.FollowerState.run(FollowerState.java:118)
2021-06-11 19:07:20,116 [ForkJoinPool.commonPool-worker-0] INFO  impl.StateMachineUpdater (StateMachineUpdater.java:stopAndJoin(149)) - 1514860f-d988-4646-88fa-884730dadadc@group-7A06744B07B2-StateMachineUpdater: set stopIndex = 0
2021-06-11 19:07:20,116 [1514860f-d988-4646-88fa-884730dadadc@group-7A06744B07B2-StateMachineUpdater] INFO  ratis.ContainerStateMachine (ContainerStateMachine.java:takeSnapshot(292)) - group-7A06744B07B2: Taking a snapshot at:(t:1, i:0) file /home/runner/work/ozone/ozone/mnt/ozone/hadoop-ozone/integration-test/target/test-dir/MiniOzoneClusterImpl-7f30813a-d1ba-41a1-975d-e59f1b24795c/datanode-0/data/ratis/98922251-7eaa-4d63-82ed-7a06744b07b2/sm/snapshot.1_0
2021-06-11 19:07:20,117 [Listener at 127.0.0.1/43957] INFO  metrics.RatisMetrics (RatisMetrics.java:unregister(43)) - Unregistering Metrics Registry : ratis.log_appender.1514860f-d988-4646-88fa-884730dadadc@group-4FACF4D64A7E
2021-06-11 19:07:20,118 [1514860f-d988-4646-88fa-884730dadadc@group-7A06744B07B2-StateMachineUpdater] INFO  ratis.ContainerStateMachine (ContainerStateMachine.java:takeSnapshot(303)) - group-7A06744B07B2: Finished taking a snapshot at:(t:1, i:0) file:/home/runner/work/ozone/ozone/mnt/ozone/hadoop-ozone/integration-test/target/test-dir/MiniOzoneClusterImpl-7f30813a-d1ba-41a1-975d-e59f1b24795c/datanode-0/data/ratis/98922251-7eaa-4d63-82ed-7a06744b07b2/sm/snapshot.1_0 took: 1 ms
2021-06-11 19:07:20,118 [Listener at 127.0.0.1/43957] INFO  metrics.RatisMetrics (RatisMetrics.java:unregister(43)) - Unregistering Metrics Registry : ratis.server.1514860f-d988-4646-88fa-884730dadadc@group-4FACF4D64A7E
2021-06-11 19:07:20,118 [1514860f-d988-4646-88fa-884730dadadc@group-7A06744B07B2-StateMachineUpdater] INFO  impl.StateMachineUpdater (StateMachineUpdater.java:takeSnapshot(281)) - 1514860f-d988-4646-88fa-884730dadadc@group-7A06744B07B2-StateMachineUpdater: Took a snapshot at index 0
2021-06-11 19:07:20,118 [1514860f-d988-4646-88fa-884730dadadc@group-7A06744B07B2-StateMachineUpdater] INFO  impl.StateMachineUpdater (StateMachineUpdater.java:lambda$new$0(89)) - 1514860f-d988-4646-88fa-884730dadadc@group-7A06744B07B2-StateMachineUpdater: snapshotIndex: updateIncreasingly -1 -> 0
2021-06-11 19:07:20,119 [1514860f-d988-4646-88fa-884730dadadc@group-7A06744B07B2-StateMachineUpdater] INFO  metrics.RatisMetrics (RatisMetrics.java:unregister(43)) - Unregistering Metrics Registry : ratis.state_machine.1514860f-d988-4646-88fa-884730dadadc@group-7A06744B07B2
2021-06-11 19:07:20,119 [ForkJoinPool.commonPool-worker-0] INFO  server.RaftServer$Division (ServerState.java:close(405)) - 1514860f-d988-4646-88fa-884730dadadc@group-7A06744B07B2: closes. applyIndex: 0
2021-06-11 19:07:20,124 [1514860f-d988-4646-88fa-884730dadadc@group-7A06744B07B2-SegmentedRaftLogWorker] INFO  segmented.SegmentedRaftLogWorker (SegmentedRaftLogWorker.java:run(327)) - 1514860f-d988-4646-88fa-884730dadadc@group-7A06744B07B2-SegmentedRaftLogWorker was interrupted, exiting. There are 0 tasks remaining in the queue.
2021-06-11 19:07:20,124 [Listener at 127.0.0.1/43957] INFO  impl.StateMachineUpdater (StateMachineUpdater.java:stopAndJoin(149)) - 1514860f-d988-4646-88fa-884730dadadc@group-4FACF4D64A7E-StateMachineUpdater: set stopIndex = 10
2021-06-11 19:07:20,125 [1514860f-d988-4646-88fa-884730dadadc@group-4FACF4D64A7E-StateMachineUpdater] INFO  ratis.ContainerStateMachine (ContainerStateMachine.java:takeSnapshot(292)) - group-4FACF4D64A7E: Taking a snapshot at:(t:1, i:10) file /home/runner/work/ozone/ozone/mnt/ozone/hadoop-ozone/integration-test/target/test-dir/MiniOzoneClusterImpl-7f30813a-d1ba-41a1-975d-e59f1b24795c/datanode-0/data/ratis/816a5d0c-7751-485e-a30f-4facf4d64a7e/sm/snapshot.1_10
2021-06-11 19:07:20,125 [ForkJoinPool.commonPool-worker-0] INFO  segmented.SegmentedRaftLogWorker (SegmentedRaftLogWorker.java:close(237)) - 1514860f-d988-4646-88fa-884730dadadc@group-7A06744B07B2-SegmentedRaftLogWorker close()
2021-06-11 19:07:20,126 [ForkJoinPool.commonPool-worker-0] INFO  metrics.RatisMetrics (RatisMetrics.java:unregister(43)) - Unregistering Metrics Registry : ratis.log_worker.1514860f-d988-4646-88fa-884730dadadc@group-7A06744B07B2
2021-06-11 19:07:20,126 [ForkJoinPool.commonPool-worker-0] INFO  metrics.RatisMetrics (RatisMetrics.java:unregister(43)) - Unregistering Metrics Registry : ratis.leader_election.1514860f-d988-4646-88fa-884730dadadc@group-7A06744B07B2
2021-06-11 19:07:20,127 [ForkJoinPool.commonPool-worker-0] INFO  metrics.RatisMetrics (RatisMetrics.java:unregister(43)) - Unregistering Metrics Registry : ratis.server.1514860f-d988-4646-88fa-884730dadadc@group-7A06744B07B2
2021-06-11 19:07:20,127 [ForkJoinPool.commonPool-worker-0] INFO  server.RaftServer$Division (RaftServerImpl.java:lambda$close$4(406)) - 1514860f-d988-4646-88fa-884730dadadc@group-A0934D54B14C: shutdown
2021-06-11 19:07:20,127 [ForkJoinPool.commonPool-worker-0] INFO  util.JmxRegister (JmxRegister.java:unregister(73)) - Successfully un-registered JMX Bean with object name Ratis:service=RaftServer,group=group-A0934D54B14C,id=1514860f-d988-4646-88fa-884730dadadc
2021-06-11 19:07:20,127 [ForkJoinPool.commonPool-worker-0] INFO  impl.RoleInfo (RoleInfo.java:shutdownFollowerState(108)) - 1514860f-d988-4646-88fa-884730dadadc: shutdown 1514860f-d988-4646-88fa-884730dadadc@group-A0934D54B14C-FollowerState
2021-06-11 19:07:20,127 [ForkJoinPool.commonPool-worker-0] INFO  impl.StateMachineUpdater (StateMachineUpdater.java:stopAndJoin(149)) - 1514860f-d988-4646-88fa-884730dadadc@group-A0934D54B14C-StateMachineUpdater: set stopIndex = 0
2021-06-11 19:07:20,127 [1514860f-d988-4646-88fa-884730dadadc@group-A0934D54B14C-FollowerState] INFO  impl.FollowerState (FollowerState.java:run(143)) - 1514860f-d988-4646-88fa-884730dadadc@group-A0934D54B14C-FollowerState was interrupted: {}
java.lang.InterruptedException: sleep interrupted
	at java.lang.Thread.sleep(Native Method)
	at java.lang.Thread.sleep(Thread.java:340)
	at java.util.concurrent.TimeUnit.sleep(TimeUnit.java:386)
	at org.apache.ratis.util.TimeDuration.sleep(TimeDuration.java:324)
	at org.apache.ratis.util.TimeDuration.sleep(TimeDuration.java:309)
	at org.apache.ratis.server.impl.FollowerState.run(FollowerState.java:118)
2021-06-11 19:07:20,127 [1514860f-d988-4646-88fa-884730dadadc@group-A0934D54B14C-StateMachineUpdater] INFO  ratis.ContainerStateMachine (ContainerStateMachine.java:takeSnapshot(292)) - group-A0934D54B14C: Taking a snapshot at:(t:1, i:0) file /home/runner/work/ozone/ozone/mnt/ozone/hadoop-ozone/integration-test/target/test-dir/MiniOzoneClusterImpl-7f30813a-d1ba-41a1-975d-e59f1b24795c/datanode-0/data/ratis/da2b4bb3-8ca4-433a-a644-a0934d54b14c/sm/snapshot.1_0
2021-06-11 19:07:20,127 [1514860f-d988-4646-88fa-884730dadadc@group-4FACF4D64A7E-StateMachineUpdater] INFO  ratis.ContainerStateMachine (ContainerStateMachine.java:takeSnapshot(303)) - group-4FACF4D64A7E: Finished taking a snapshot at:(t:1, i:10) file:/home/runner/work/ozone/ozone/mnt/ozone/hadoop-ozone/integration-test/target/test-dir/MiniOzoneClusterImpl-7f30813a-d1ba-41a1-975d-e59f1b24795c/datanode-0/data/ratis/816a5d0c-7751-485e-a30f-4facf4d64a7e/sm/snapshot.1_10 took: 2 ms
2021-06-11 19:07:20,127 [1514860f-d988-4646-88fa-884730dadadc@group-4FACF4D64A7E-StateMachineUpdater] INFO  impl.StateMachineUpdater (StateMachineUpdater.java:takeSnapshot(281)) - 1514860f-d988-4646-88fa-884730dadadc@group-4FACF4D64A7E-StateMachineUpdater: Took a snapshot at index 10
2021-06-11 19:07:20,127 [1514860f-d988-4646-88fa-884730dadadc@group-4FACF4D64A7E-StateMachineUpdater] INFO  impl.StateMachineUpdater (StateMachineUpdater.java:lambda$new$0(89)) - 1514860f-d988-4646-88fa-884730dadadc@group-4FACF4D64A7E-StateMachineUpdater: snapshotIndex: updateIncreasingly -1 -> 10
2021-06-11 19:07:20,128 [1514860f-d988-4646-88fa-884730dadadc@group-4FACF4D64A7E-StateMachineUpdater] INFO  metrics.RatisMetrics (RatisMetrics.java:unregister(43)) - Unregistering Metrics Registry : ratis.state_machine.1514860f-d988-4646-88fa-884730dadadc@group-4FACF4D64A7E
2021-06-11 19:07:20,128 [Listener at 127.0.0.1/43957] INFO  server.RaftServer$Division (ServerState.java:close(405)) - 1514860f-d988-4646-88fa-884730dadadc@group-4FACF4D64A7E: closes. applyIndex: 10
2021-06-11 19:07:20,128 [1514860f-d988-4646-88fa-884730dadadc@group-4FACF4D64A7E-SegmentedRaftLogWorker] INFO  segmented.SegmentedRaftLogWorker (SegmentedRaftLogWorker.java:run(327)) - 1514860f-d988-4646-88fa-884730dadadc@group-4FACF4D64A7E-SegmentedRaftLogWorker was interrupted, exiting. There are 0 tasks remaining in the queue.
2021-06-11 19:07:20,129 [1514860f-d988-4646-88fa-884730dadadc@group-A0934D54B14C-StateMachineUpdater] INFO  ratis.ContainerStateMachine (ContainerStateMachine.java:takeSnapshot(303)) - group-A0934D54B14C: Finished taking a snapshot at:(t:1, i:0) file:/home/runner/work/ozone/ozone/mnt/ozone/hadoop-ozone/integration-test/target/test-dir/MiniOzoneClusterImpl-7f30813a-d1ba-41a1-975d-e59f1b24795c/datanode-0/data/ratis/da2b4bb3-8ca4-433a-a644-a0934d54b14c/sm/snapshot.1_0 took: 2 ms
2021-06-11 19:07:20,129 [Listener at 127.0.0.1/43957] INFO  segmented.SegmentedRaftLogWorker (SegmentedRaftLogWorker.java:close(237)) - 1514860f-d988-4646-88fa-884730dadadc@group-4FACF4D64A7E-SegmentedRaftLogWorker close()
2021-06-11 19:07:20,129 [1514860f-d988-4646-88fa-884730dadadc@group-A0934D54B14C-StateMachineUpdater] INFO  impl.StateMachineUpdater (StateMachineUpdater.java:takeSnapshot(281)) - 1514860f-d988-4646-88fa-884730dadadc@group-A0934D54B14C-StateMachineUpdater: Took a snapshot at index 0
2021-06-11 19:07:20,129 [1514860f-d988-4646-88fa-884730dadadc@group-A0934D54B14C-StateMachineUpdater] INFO  impl.StateMachineUpdater (StateMachineUpdater.java:lambda$new$0(89)) - 1514860f-d988-4646-88fa-884730dadadc@group-A0934D54B14C-StateMachineUpdater: snapshotIndex: updateIncreasingly -1 -> 0
2021-06-11 19:07:20,129 [1514860f-d988-4646-88fa-884730dadadc@group-A0934D54B14C-StateMachineUpdater] INFO  metrics.RatisMetrics (RatisMetrics.java:unregister(43)) - Unregistering Metrics Registry : ratis.state_machine.1514860f-d988-4646-88fa-884730dadadc@group-A0934D54B14C
2021-06-11 19:07:20,130 [ForkJoinPool.commonPool-worker-0] INFO  server.RaftServer$Division (ServerState.java:close(405)) - 1514860f-d988-4646-88fa-884730dadadc@group-A0934D54B14C: closes. applyIndex: 0
2021-06-11 19:07:20,130 [1514860f-d988-4646-88fa-884730dadadc@group-A0934D54B14C-SegmentedRaftLogWorker] INFO  segmented.SegmentedRaftLogWorker (SegmentedRaftLogWorker.java:run(327)) - 1514860f-d988-4646-88fa-884730dadadc@group-A0934D54B14C-SegmentedRaftLogWorker was interrupted, exiting. There are 0 tasks remaining in the queue.
2021-06-11 19:07:20,131 [Listener at 127.0.0.1/43957] INFO  metrics.RatisMetrics (RatisMetrics.java:unregister(43)) - Unregistering Metrics Registry : ratis.log_worker.1514860f-d988-4646-88fa-884730dadadc@group-4FACF4D64A7E
2021-06-11 19:07:20,131 [Listener at 127.0.0.1/43957] INFO  metrics.RatisMetrics (RatisMetrics.java:unregister(43)) - Unregistering Metrics Registry : ratis.leader_election.1514860f-d988-4646-88fa-884730dadadc@group-4FACF4D64A7E
2021-06-11 19:07:20,131 [ForkJoinPool.commonPool-worker-0] INFO  segmented.SegmentedRaftLogWorker (SegmentedRaftLogWorker.java:close(237)) - 1514860f-d988-4646-88fa-884730dadadc@group-A0934D54B14C-SegmentedRaftLogWorker close()
2021-06-11 19:07:20,131 [Listener at 127.0.0.1/43957] INFO  metrics.RatisMetrics (RatisMetrics.java:unregister(43)) - Unregistering Metrics Registry : ratis.server.1514860f-d988-4646-88fa-884730dadadc@group-4FACF4D64A7E
2021-06-11 19:07:20,133 [ForkJoinPool.commonPool-worker-0] INFO  metrics.RatisMetrics (RatisMetrics.java:unregister(43)) - Unregistering Metrics Registry : ratis.log_worker.1514860f-d988-4646-88fa-884730dadadc@group-A0934D54B14C
2021-06-11 19:07:20,133 [ForkJoinPool.commonPool-worker-0] INFO  metrics.RatisMetrics (RatisMetrics.java:unregister(43)) - Unregistering Metrics Registry : ratis.leader_election.1514860f-d988-4646-88fa-884730dadadc@group-A0934D54B14C
2021-06-11 19:07:20,133 [ForkJoinPool.commonPool-worker-0] INFO  metrics.RatisMetrics (RatisMetrics.java:unregister(43)) - Unregistering Metrics Registry : ratis.server.1514860f-d988-4646-88fa-884730dadadc@group-A0934D54B14C
2021-06-11 19:07:20,133 [Listener at 127.0.0.1/43957] INFO  server.GrpcService (GrpcService.java:closeImpl(262)) - 1514860f-d988-4646-88fa-884730dadadc: shutdown server with port 42983 now
2021-06-11 19:07:20,134 [grpc-default-executor-1] WARN  server.GrpcLogAppender (LogUtils.java:warn(122)) - f0d18f37-c034-4e65-b036-926f7b7a2e40@group-7A06744B07B2->1514860f-d988-4646-88fa-884730dadadc-AppendLogResponseHandler: Failed appendEntries: org.apache.ratis.thirdparty.io.grpc.StatusRuntimeException: CANCELLED: HTTP/2 error code: CANCEL
Received Rst Stream
2021-06-11 19:07:20,135 [grpc-default-executor-1] WARN  server.GrpcLogAppender (GrpcLogAppender.java:resetClient(111)) - f0d18f37-c034-4e65-b036-926f7b7a2e40@group-7A06744B07B2->1514860f-d988-4646-88fa-884730dadadc-GrpcLogAppender: Leader has not got in touch with Follower f0d18f37-c034-4e65-b036-926f7b7a2e40@group-7A06744B07B2->1514860f-d988-4646-88fa-884730dadadc(c0,m0,n1, attendVote=true, lastRpcSendTime=634, lastRpcResponseTime=632) yet, just keep nextIndex unchanged and retry.
2021-06-11 19:07:20,135 [grpc-default-executor-1] WARN  server.GrpcLogAppender (LogUtils.java:warn(122)) - 41bce2b3-bc14-4594-98d7-18715bf094e4@group-A0934D54B14C->1514860f-d988-4646-88fa-884730dadadc-AppendLogResponseHandler: Failed appendEntries: org.apache.ratis.thirdparty.io.grpc.StatusRuntimeException: CANCELLED: HTTP/2 error code: CANCEL
Received Rst Stream
2021-06-11 19:07:20,136 [grpc-default-executor-1] WARN  server.GrpcLogAppender (GrpcLogAppender.java:resetClient(111)) - 41bce2b3-bc14-4594-98d7-18715bf094e4@group-A0934D54B14C->1514860f-d988-4646-88fa-884730dadadc-GrpcLogAppender: Leader has not got in touch with Follower 41bce2b3-bc14-4594-98d7-18715bf094e4@group-A0934D54B14C->1514860f-d988-4646-88fa-884730dadadc(c0,m0,n1, attendVote=true, lastRpcSendTime=566, lastRpcResponseTime=565) yet, just keep nextIndex unchanged and retry.
2021-06-11 19:07:20,136 [grpc-default-executor-7] WARN  server.GrpcServerProtocolService (LogUtils.java:warn(122)) - 1514860f-d988-4646-88fa-884730dadadc: installSnapshot onError, lastRequest: 41bce2b3-bc14-4594-98d7-18715bf094e4->1514860f-d988-4646-88fa-884730dadadc#1-t1,previous=(t:0, i:0),leaderCommit=0,initializing? true,entries: size=1, first=(t:1, i:0), CONFIGURATIONENTRY: org.apache.ratis.thirdparty.io.grpc.StatusRuntimeException: CANCELLED: client cancelled
2021-06-11 19:07:20,139 [grpc-default-executor-5] WARN  server.GrpcServerProtocolService (LogUtils.java:warn(122)) - 1514860f-d988-4646-88fa-884730dadadc: installSnapshot onError, lastRequest: f0d18f37-c034-4e65-b036-926f7b7a2e40->1514860f-d988-4646-88fa-884730dadadc#1-t1,previous=(t:0, i:0),leaderCommit=-1,initializing? true,entries: size=1, first=(t:1, i:0), CONFIGURATIONENTRY: org.apache.ratis.thirdparty.io.grpc.StatusRuntimeException: CANCELLED: client cancelled
2021-06-11 19:07:20,139 [Listener at 127.0.0.1/43957] INFO  server.GrpcService (GrpcService.java:closeImpl(271)) - 1514860f-d988-4646-88fa-884730dadadc: shutdown server with port 42983 successfully
2021-06-11 19:07:20,139 [org.apache.ratis.util.JvmPauseMonitor$$Lambda$513/909036188@7bf96927] INFO  util.JvmPauseMonitor (JvmPauseMonitor.java:run(109)) - JvmPauseMonitor-1514860f-d988-4646-88fa-884730dadadc: Stopped
2021-06-11 19:07:20,145 [Listener at 127.0.0.1/43957] INFO  utils.BackgroundService (BackgroundService.java:shutdown(132)) - Shutting down service BlockDeletingService
2021-06-11 19:07:20,147 [Listener at 127.0.0.1/43957] INFO  statemachine.DatanodeStateMachine (DatanodeStateMachine.java:stopDaemon(486)) - Ozone container server stopped.
2021-06-11 19:07:20,148 [Listener at 127.0.0.1/43957] INFO  handler.ContextHandler (ContextHandler.java:doStop(1154)) - Stopped o.e.j.w.WebAppContext@315101e4{hddsDatanode,/,null,STOPPED}{jar:file:/home/runner/.m2/repository/org/apache/ozone/hdds-container-service/1.2.0-SNAPSHOT/hdds-container-service-1.2.0-SNAPSHOT.jar!/webapps/hddsDatanode}
2021-06-11 19:07:20,148 [Listener at 127.0.0.1/43957] INFO  server.AbstractConnector (AbstractConnector.java:doStop(381)) - Stopped ServerConnector@3556e934{HTTP/1.1, (http/1.1)}{0.0.0.0:0}
2021-06-11 19:07:20,148 [Listener at 127.0.0.1/43957] INFO  server.session (HouseKeeper.java:stopScavenging(149)) - node0 Stopped scavenging
2021-06-11 19:07:20,149 [Listener at 127.0.0.1/43957] INFO  handler.ContextHandler (ContextHandler.java:doStop(1154)) - Stopped o.e.j.s.ServletContextHandler@2bd6d24f{static,/static,jar:file:/home/runner/.m2/repository/org/apache/ozone/hdds-container-service/1.2.0-SNAPSHOT/hdds-container-service-1.2.0-SNAPSHOT.jar!/webapps/static,STOPPED}
2021-06-11 19:07:20,149 [Listener at 127.0.0.1/43957] INFO  handler.ContextHandler (ContextHandler.java:doStop(1154)) - Stopped o.e.j.s.ServletContextHandler@b71ded8{logs,/logs,file:///home/runner/work/ozone/ozone/mnt/ozone/hadoop-ozone/integration-test/target/log,STOPPED}
2021-06-11 19:07:22,005 [grpc-default-executor-7] WARN  server.GrpcLogAppender (LogUtils.java:warn(122)) - f0d18f37-c034-4e65-b036-926f7b7a2e40@group-7A06744B07B2->1514860f-d988-4646-88fa-884730dadadc-AppendLogResponseHandler: Failed appendEntries: org.apache.ratis.thirdparty.io.grpc.StatusRuntimeException: UNAVAILABLE: io exception
2021-06-11 19:07:22,006 [grpc-default-executor-7] WARN  server.GrpcLogAppender (GrpcLogAppender.java:resetClient(111)) - f0d18f37-c034-4e65-b036-926f7b7a2e40@group-7A06744B07B2->1514860f-d988-4646-88fa-884730dadadc-GrpcLogAppender: Leader has not got in touch with Follower f0d18f37-c034-4e65-b036-926f7b7a2e40@group-7A06744B07B2->1514860f-d988-4646-88fa-884730dadadc(c0,m0,n1, attendVote=true, lastRpcSendTime=3, lastRpcResponseTime=2504) yet, just keep nextIndex unchanged and retry.
2021-06-11 19:07:22,072 [grpc-default-executor-1] WARN  server.GrpcLogAppender (LogUtils.java:warn(122)) - 41bce2b3-bc14-4594-98d7-18715bf094e4@group-A0934D54B14C->1514860f-d988-4646-88fa-884730dadadc-AppendLogResponseHandler: Failed appendEntries: org.apache.ratis.thirdparty.io.grpc.StatusRuntimeException: UNAVAILABLE: io exception
2021-06-11 19:07:22,073 [grpc-default-executor-1] WARN  server.GrpcLogAppender (GrpcLogAppender.java:resetClient(111)) - 41bce2b3-bc14-4594-98d7-18715bf094e4@group-A0934D54B14C->1514860f-d988-4646-88fa-884730dadadc-GrpcLogAppender: Leader has not got in touch with Follower 41bce2b3-bc14-4594-98d7-18715bf094e4@group-A0934D54B14C->1514860f-d988-4646-88fa-884730dadadc(c0,m0,n1, attendVote=true, lastRpcSendTime=2, lastRpcResponseTime=2503) yet, just keep nextIndex unchanged and retry.
2021-06-11 19:07:24,503 [grpc-default-executor-1] WARN  server.GrpcLogAppender (LogUtils.java:warn(122)) - f0d18f37-c034-4e65-b036-926f7b7a2e40@group-7A06744B07B2->1514860f-d988-4646-88fa-884730dadadc-AppendLogResponseHandler: Failed appendEntries: org.apache.ratis.thirdparty.io.grpc.StatusRuntimeException: UNAVAILABLE: io exception
2021-06-11 19:07:24,504 [grpc-default-executor-1] WARN  server.GrpcLogAppender (GrpcLogAppender.java:resetClient(111)) - f0d18f37-c034-4e65-b036-926f7b7a2e40@group-7A06744B07B2->1514860f-d988-4646-88fa-884730dadadc-GrpcLogAppender: Leader has not got in touch with Follower f0d18f37-c034-4e65-b036-926f7b7a2e40@group-7A06744B07B2->1514860f-d988-4646-88fa-884730dadadc(c0,m0,n1, attendVote=true, lastRpcSendTime=2501, lastRpcResponseTime=5001) yet, just keep nextIndex unchanged and retry.
2021-06-11 19:07:24,571 [grpc-default-executor-1] WARN  server.GrpcLogAppender (LogUtils.java:warn(122)) - 41bce2b3-bc14-4594-98d7-18715bf094e4@group-A0934D54B14C->1514860f-d988-4646-88fa-884730dadadc-AppendLogResponseHandler: Failed appendEntries: org.apache.ratis.thirdparty.io.grpc.StatusRuntimeException: UNAVAILABLE: io exception
2021-06-11 19:07:24,572 [grpc-default-executor-1] WARN  server.GrpcLogAppender (GrpcLogAppender.java:resetClient(111)) - 41bce2b3-bc14-4594-98d7-18715bf094e4@group-A0934D54B14C->1514860f-d988-4646-88fa-884730dadadc-GrpcLogAppender: Leader has not got in touch with Follower 41bce2b3-bc14-4594-98d7-18715bf094e4@group-A0934D54B14C->1514860f-d988-4646-88fa-884730dadadc(c0,m0,n1, attendVote=true, lastRpcSendTime=0, lastRpcResponseTime=5001) yet, just keep nextIndex unchanged and retry.
2021-06-11 19:07:25,030 [133b101f-dcee-4efd-9163-9b3704aaa3ee@group-2AEC26317323-FollowerState] INFO  impl.FollowerState (FollowerState.java:run(134)) - 133b101f-dcee-4efd-9163-9b3704aaa3ee@group-2AEC26317323-FollowerState: change to CANDIDATE, lastRpcElapsedTime:5064536358ns, electionTimeout:5063ms
2021-06-11 19:07:25,031 [133b101f-dcee-4efd-9163-9b3704aaa3ee@group-2AEC26317323-FollowerState] INFO  impl.RoleInfo (RoleInfo.java:shutdownFollowerState(108)) - 133b101f-dcee-4efd-9163-9b3704aaa3ee: shutdown 133b101f-dcee-4efd-9163-9b3704aaa3ee@group-2AEC26317323-FollowerState
2021-06-11 19:07:25,031 [133b101f-dcee-4efd-9163-9b3704aaa3ee@group-2AEC26317323-FollowerState] INFO  server.RaftServer$Division (RaftServerImpl.java:setRole(284)) - 133b101f-dcee-4efd-9163-9b3704aaa3ee@group-2AEC26317323: changes role from  FOLLOWER to CANDIDATE at term 2 for changeToCandidate
2021-06-11 19:07:25,031 [133b101f-dcee-4efd-9163-9b3704aaa3ee@group-2AEC26317323-FollowerState] INFO  server.RaftServerConfigKeys (ConfUtils.java:logGet(44)) - raft.server.leaderelection.pre-vote = false (custom)
2021-06-11 19:07:25,031 [133b101f-dcee-4efd-9163-9b3704aaa3ee@group-2AEC26317323-FollowerState] INFO  impl.RoleInfo (RoleInfo.java:updateAndGet(130)) - 133b101f-dcee-4efd-9163-9b3704aaa3ee: start 133b101f-dcee-4efd-9163-9b3704aaa3ee@group-2AEC26317323-LeaderElection65
2021-06-11 19:07:25,038 [133b101f-dcee-4efd-9163-9b3704aaa3ee@group-2AEC26317323-LeaderElection65] INFO  impl.LeaderElection (LeaderElection.java:askForVotes(306)) - 133b101f-dcee-4efd-9163-9b3704aaa3ee@group-2AEC26317323-LeaderElection65 ELECTION round 0: submit vote requests at term 3 for -1: [133b101f-dcee-4efd-9163-9b3704aaa3ee|rpc:10.1.0.43:37475|dataStream:|priority:0, 0e0429f1-9636-4fc9-8820-e0f7c83710f3|rpc:10.1.0.43:33285|dataStream:|priority:1, bf85b346-d6dc-4caf-ae79-65e1db1e806c|rpc:10.1.0.43:43393|dataStream:|priority:0], old=null
2021-06-11 19:07:25,045 [grpc-default-executor-7] INFO  server.RaftServer$Division (RaftServerImpl.java:requestVote(1042)) - 0e0429f1-9636-4fc9-8820-e0f7c83710f3@group-2AEC26317323: receive requestVote(ELECTION, 133b101f-dcee-4efd-9163-9b3704aaa3ee, group-2AEC26317323, 3, (t:0, i:0))
2021-06-11 19:07:25,045 [grpc-default-executor-7] INFO  impl.VoteContext (VoteContext.java:log(48)) - 0e0429f1-9636-4fc9-8820-e0f7c83710f3@group-2AEC26317323-FOLLOWER: reject ELECTION from 133b101f-dcee-4efd-9163-9b3704aaa3ee: our priority 1 > candidate's priority 0
2021-06-11 19:07:25,045 [grpc-default-executor-7] INFO  server.RaftServer$Division (RaftServerImpl.java:setRole(284)) - 0e0429f1-9636-4fc9-8820-e0f7c83710f3@group-2AEC26317323: changes role from  FOLLOWER to FOLLOWER at term 3 for candidate:133b101f-dcee-4efd-9163-9b3704aaa3ee
2021-06-11 19:07:25,045 [grpc-default-executor-7] INFO  impl.RoleInfo (RoleInfo.java:shutdownFollowerState(108)) - 0e0429f1-9636-4fc9-8820-e0f7c83710f3: shutdown 0e0429f1-9636-4fc9-8820-e0f7c83710f3@group-2AEC26317323-FollowerState
2021-06-11 19:07:25,052 [grpc-default-executor-7] INFO  impl.RoleInfo (RoleInfo.java:updateAndGet(130)) - 0e0429f1-9636-4fc9-8820-e0f7c83710f3: start 0e0429f1-9636-4fc9-8820-e0f7c83710f3@group-2AEC26317323-FollowerState
2021-06-11 19:07:25,052 [0e0429f1-9636-4fc9-8820-e0f7c83710f3@group-2AEC26317323-FollowerState] INFO  impl.FollowerState (FollowerState.java:run(143)) - 0e0429f1-9636-4fc9-8820-e0f7c83710f3@group-2AEC26317323-FollowerState was interrupted: {}
java.lang.InterruptedException: sleep interrupted
	at java.lang.Thread.sleep(Native Method)
	at java.lang.Thread.sleep(Thread.java:340)
	at java.util.concurrent.TimeUnit.sleep(TimeUnit.java:386)
	at org.apache.ratis.util.TimeDuration.sleep(TimeDuration.java:324)
	at org.apache.ratis.util.TimeDuration.sleep(TimeDuration.java:309)
	at org.apache.ratis.server.impl.FollowerState.run(FollowerState.java:118)
2021-06-11 19:07:25,054 [grpc-default-executor-1] INFO  server.RaftServer$Division (RaftServerImpl.java:requestVote(1042)) - bf85b346-d6dc-4caf-ae79-65e1db1e806c@group-2AEC26317323: receive requestVote(ELECTION, 133b101f-dcee-4efd-9163-9b3704aaa3ee, group-2AEC26317323, 3, (t:0, i:0))
2021-06-11 19:07:25,054 [grpc-default-executor-1] INFO  impl.VoteContext (VoteContext.java:log(48)) - bf85b346-d6dc-4caf-ae79-65e1db1e806c@group-2AEC26317323-FOLLOWER: accept ELECTION from 133b101f-dcee-4efd-9163-9b3704aaa3ee: our priority 0 <= candidate's priority 0
2021-06-11 19:07:25,054 [grpc-default-executor-1] INFO  server.RaftServer$Division (RaftServerImpl.java:setRole(284)) - bf85b346-d6dc-4caf-ae79-65e1db1e806c@group-2AEC26317323: changes role from  FOLLOWER to FOLLOWER at term 3 for candidate:133b101f-dcee-4efd-9163-9b3704aaa3ee
2021-06-11 19:07:25,054 [grpc-default-executor-1] INFO  impl.RoleInfo (RoleInfo.java:shutdownFollowerState(108)) - bf85b346-d6dc-4caf-ae79-65e1db1e806c: shutdown bf85b346-d6dc-4caf-ae79-65e1db1e806c@group-2AEC26317323-FollowerState
2021-06-11 19:07:25,056 [grpc-default-executor-1] INFO  impl.RoleInfo (RoleInfo.java:updateAndGet(130)) - bf85b346-d6dc-4caf-ae79-65e1db1e806c: start bf85b346-d6dc-4caf-ae79-65e1db1e806c@group-2AEC26317323-FollowerState
2021-06-11 19:07:25,056 [bf85b346-d6dc-4caf-ae79-65e1db1e806c@group-2AEC26317323-FollowerState] INFO  impl.FollowerState (FollowerState.java:run(143)) - bf85b346-d6dc-4caf-ae79-65e1db1e806c@group-2AEC26317323-FollowerState was interrupted: {}
java.lang.InterruptedException: sleep interrupted
	at java.lang.Thread.sleep(Native Method)
	at java.lang.Thread.sleep(Thread.java:340)
	at java.util.concurrent.TimeUnit.sleep(TimeUnit.java:386)
	at org.apache.ratis.util.TimeDuration.sleep(TimeDuration.java:324)
	at org.apache.ratis.util.TimeDuration.sleep(TimeDuration.java:309)
	at org.apache.ratis.server.impl.FollowerState.run(FollowerState.java:118)
2021-06-11 19:07:25,057 [grpc-default-executor-7] INFO  server.RaftServer$Division (RaftServerImpl.java:requestVote(1074)) - 0e0429f1-9636-4fc9-8820-e0f7c83710f3@group-2AEC26317323 replies to ELECTION vote request: 133b101f-dcee-4efd-9163-9b3704aaa3ee<-0e0429f1-9636-4fc9-8820-e0f7c83710f3#0:FAIL-t3. Peer's state: 0e0429f1-9636-4fc9-8820-e0f7c83710f3@group-2AEC26317323:t3, leader=null, voted=null, raftlog=0e0429f1-9636-4fc9-8820-e0f7c83710f3@group-2AEC26317323-SegmentedRaftLog:OPENED:c-1,f-1,i0, conf=-1: [133b101f-dcee-4efd-9163-9b3704aaa3ee|rpc:10.1.0.43:37475|priority:0, 0e0429f1-9636-4fc9-8820-e0f7c83710f3|rpc:10.1.0.43:33285|priority:1, bf85b346-d6dc-4caf-ae79-65e1db1e806c|rpc:10.1.0.43:43393|priority:0], old=null
2021-06-11 19:07:25,065 [133b101f-dcee-4efd-9163-9b3704aaa3ee@group-2AEC26317323-LeaderElection65] INFO  impl.LeaderElection (LeaderElection.java:logAndReturn(89)) - 133b101f-dcee-4efd-9163-9b3704aaa3ee@group-2AEC26317323-LeaderElection65: ELECTION REJECTED received 1 response(s) and 0 exception(s):
2021-06-11 19:07:25,065 [133b101f-dcee-4efd-9163-9b3704aaa3ee@group-2AEC26317323-LeaderElection65] INFO  impl.LeaderElection (LeaderElection.java:logAndReturn(93)) -   Response 0: 133b101f-dcee-4efd-9163-9b3704aaa3ee<-0e0429f1-9636-4fc9-8820-e0f7c83710f3#0:FAIL-t3
2021-06-11 19:07:25,065 [133b101f-dcee-4efd-9163-9b3704aaa3ee@group-2AEC26317323-LeaderElection65] INFO  impl.LeaderElection (LeaderElection.java:askForVotes(308)) - 133b101f-dcee-4efd-9163-9b3704aaa3ee@group-2AEC26317323-LeaderElection65 ELECTION round 0: result REJECTED
2021-06-11 19:07:25,065 [133b101f-dcee-4efd-9163-9b3704aaa3ee@group-2AEC26317323-LeaderElection65] INFO  server.RaftServer$Division (RaftServerImpl.java:setRole(284)) - 133b101f-dcee-4efd-9163-9b3704aaa3ee@group-2AEC26317323: changes role from CANDIDATE to FOLLOWER at term 3 for REJECTED
2021-06-11 19:07:25,065 [133b101f-dcee-4efd-9163-9b3704aaa3ee@group-2AEC26317323-LeaderElection65] INFO  impl.RoleInfo (RoleInfo.java:shutdownLeaderElection(121)) - 133b101f-dcee-4efd-9163-9b3704aaa3ee: shutdown 133b101f-dcee-4efd-9163-9b3704aaa3ee@group-2AEC26317323-LeaderElection65
2021-06-11 19:07:25,065 [133b101f-dcee-4efd-9163-9b3704aaa3ee@group-2AEC26317323-LeaderElection65] INFO  impl.RoleInfo (RoleInfo.java:updateAndGet(130)) - 133b101f-dcee-4efd-9163-9b3704aaa3ee: start 133b101f-dcee-4efd-9163-9b3704aaa3ee@group-2AEC26317323-FollowerState
2021-06-11 19:07:25,065 [grpc-default-executor-1] INFO  server.RaftServer$Division (RaftServerImpl.java:requestVote(1074)) - bf85b346-d6dc-4caf-ae79-65e1db1e806c@group-2AEC26317323 replies to ELECTION vote request: 133b101f-dcee-4efd-9163-9b3704aaa3ee<-bf85b346-d6dc-4caf-ae79-65e1db1e806c#0:OK-t3. Peer's state: bf85b346-d6dc-4caf-ae79-65e1db1e806c@group-2AEC26317323:t3, leader=null, voted=133b101f-dcee-4efd-9163-9b3704aaa3ee, raftlog=bf85b346-d6dc-4caf-ae79-65e1db1e806c@group-2AEC26317323-SegmentedRaftLog:OPENED:c-1,f-1,i0, conf=-1: [133b101f-dcee-4efd-9163-9b3704aaa3ee|rpc:10.1.0.43:37475|priority:0, 0e0429f1-9636-4fc9-8820-e0f7c83710f3|rpc:10.1.0.43:33285|priority:1, bf85b346-d6dc-4caf-ae79-65e1db1e806c|rpc:10.1.0.43:43393|priority:0], old=null
2021-06-11 19:07:25,140 [EventQueue-StaleNodeForStaleNodeHandler] INFO  node.StaleNodeHandler (StaleNodeHandler.java:onMessage(58)) - Datanode 1514860f-d988-4646-88fa-884730dadadc{ip: 10.1.0.43, host: fv-az59-942.csjynl4pkq3e1pkirw3ssqjfoh.cx.internal.cloudapp.net, ports: [REPLICATION=38961, RATIS=42983, RATIS_ADMIN=42983, RATIS_SERVER=42983, STANDALONE=46383], networkLocation: /default-rack, certSerialId: null, persistedOpState: IN_SERVICE, persistedOpStateExpiryEpochSec: 0} moved to stale state. Finalizing its pipelines [PipelineID=816a5d0c-7751-485e-a30f-4facf4d64a7e, PipelineID=98922251-7eaa-4d63-82ed-7a06744b07b2, PipelineID=da2b4bb3-8ca4-433a-a644-a0934d54b14c]
2021-06-11 19:07:25,140 [EventQueue-StaleNodeForStaleNodeHandler] INFO  pipeline.PipelineManagerV2Impl (PipelineManagerV2Impl.java:closePipeline(330)) - Pipeline Pipeline[ Id: 816a5d0c-7751-485e-a30f-4facf4d64a7e, Nodes: 1514860f-d988-4646-88fa-884730dadadc{ip: 10.1.0.43, host: fv-az59-942.csjynl4pkq3e1pkirw3ssqjfoh.cx.internal.cloudapp.net, ports: [REPLICATION=38961, RATIS=42983, RATIS_ADMIN=42983, RATIS_SERVER=42983, STANDALONE=46383], networkLocation: /default-rack, certSerialId: null, persistedOpState: IN_SERVICE, persistedOpStateExpiryEpochSec: 0}, ReplicationConfig: RATIS/ONE, State:OPEN, leaderId:1514860f-d988-4646-88fa-884730dadadc, CreationTimestamp2021-06-11T19:07:06.373Z] moved to CLOSED state
2021-06-11 19:07:25,146 [EventQueue-StaleNodeForStaleNodeHandler] INFO  pipeline.PipelineManagerV2Impl (PipelineManagerV2Impl.java:closePipeline(330)) - Pipeline Pipeline[ Id: 98922251-7eaa-4d63-82ed-7a06744b07b2, Nodes: f0d18f37-c034-4e65-b036-926f7b7a2e40{ip: 10.1.0.43, host: fv-az59-942.csjynl4pkq3e1pkirw3ssqjfoh.cx.internal.cloudapp.net, ports: [REPLICATION=46009, RATIS=45755, RATIS_ADMIN=45755, RATIS_SERVER=45755, STANDALONE=39637], networkLocation: /default-rack, certSerialId: null, persistedOpState: IN_SERVICE, persistedOpStateExpiryEpochSec: 0}41bce2b3-bc14-4594-98d7-18715bf094e4{ip: 10.1.0.43, host: fv-az59-942.csjynl4pkq3e1pkirw3ssqjfoh.cx.internal.cloudapp.net, ports: [REPLICATION=42269, RATIS=36265, RATIS_ADMIN=36265, RATIS_SERVER=36265, STANDALONE=38351], networkLocation: /default-rack, certSerialId: null, persistedOpState: IN_SERVICE, persistedOpStateExpiryEpochSec: 0}1514860f-d988-4646-88fa-884730dadadc{ip: 10.1.0.43, host: fv-az59-942.csjynl4pkq3e1pkirw3ssqjfoh.cx.internal.cloudapp.net, ports: [REPLICATION=38961, RATIS=42983, RATIS_ADMIN=42983, RATIS_SERVER=42983, STANDALONE=46383], networkLocation: /default-rack, certSerialId: null, persistedOpState: IN_SERVICE, persistedOpStateExpiryEpochSec: 0}, ReplicationConfig: RATIS/THREE, State:OPEN, leaderId:f0d18f37-c034-4e65-b036-926f7b7a2e40, CreationTimestamp2021-06-11T19:07:06.611Z] moved to CLOSED state
2021-06-11 19:07:25,147 [EventQueue-StaleNodeForStaleNodeHandler] INFO  pipeline.PipelineManagerV2Impl (PipelineManagerV2Impl.java:closePipeline(330)) - Pipeline Pipeline[ Id: da2b4bb3-8ca4-433a-a644-a0934d54b14c, Nodes: 41bce2b3-bc14-4594-98d7-18715bf094e4{ip: 10.1.0.43, host: fv-az59-942.csjynl4pkq3e1pkirw3ssqjfoh.cx.internal.cloudapp.net, ports: [REPLICATION=42269, RATIS=36265, RATIS_ADMIN=36265, RATIS_SERVER=36265, STANDALONE=38351], networkLocation: /default-rack, certSerialId: null, persistedOpState: IN_SERVICE, persistedOpStateExpiryEpochSec: 0}1514860f-d988-4646-88fa-884730dadadc{ip: 10.1.0.43, host: fv-az59-942.csjynl4pkq3e1pkirw3ssqjfoh.cx.internal.cloudapp.net, ports: [REPLICATION=38961, RATIS=42983, RATIS_ADMIN=42983, RATIS_SERVER=42983, STANDALONE=46383], networkLocation: /default-rack, certSerialId: null, persistedOpState: IN_SERVICE, persistedOpStateExpiryEpochSec: 0}f0d18f37-c034-4e65-b036-926f7b7a2e40{ip: 10.1.0.43, host: fv-az59-942.csjynl4pkq3e1pkirw3ssqjfoh.cx.internal.cloudapp.net, ports: [REPLICATION=46009, RATIS=45755, RATIS_ADMIN=45755, RATIS_SERVER=45755, STANDALONE=39637], networkLocation: /default-rack, certSerialId: null, persistedOpState: IN_SERVICE, persistedOpStateExpiryEpochSec: 0}, ReplicationConfig: RATIS/THREE, State:OPEN, leaderId:41bce2b3-bc14-4594-98d7-18715bf094e4, CreationTimestamp2021-06-11T19:07:06.614Z] moved to CLOSED state
2021-06-11 19:07:25,146 [EventQueue-CloseContainerForCloseContainerEventHandler] INFO  container.CloseContainerEventHandler (CloseContainerEventHandler.java:onMessage(69)) - Close container Event triggered for container : #1
2021-06-11 19:07:27,005 [grpc-default-executor-7] WARN  server.GrpcLogAppender (LogUtils.java:warn(122)) - f0d18f37-c034-4e65-b036-926f7b7a2e40@group-7A06744B07B2->1514860f-d988-4646-88fa-884730dadadc-AppendLogResponseHandler: Failed appendEntries: org.apache.ratis.thirdparty.io.grpc.StatusRuntimeException: UNAVAILABLE: io exception
2021-06-11 19:07:27,005 [grpc-default-executor-7] WARN  server.GrpcLogAppender (GrpcLogAppender.java:resetClient(111)) - f0d18f37-c034-4e65-b036-926f7b7a2e40@group-7A06744B07B2->1514860f-d988-4646-88fa-884730dadadc-GrpcLogAppender: Leader has not got in touch with Follower f0d18f37-c034-4e65-b036-926f7b7a2e40@group-7A06744B07B2->1514860f-d988-4646-88fa-884730dadadc(c0,m0,n1, attendVote=true, lastRpcSendTime=0, lastRpcResponseTime=7503) yet, just keep nextIndex unchanged and retry.
2021-06-11 19:07:27,072 [grpc-default-executor-7] WARN  server.GrpcLogAppender (LogUtils.java:warn(122)) - 41bce2b3-bc14-4594-98d7-18715bf094e4@group-A0934D54B14C->1514860f-d988-4646-88fa-884730dadadc-AppendLogResponseHandler: Failed appendEntries: org.apache.ratis.thirdparty.io.grpc.StatusRuntimeException: UNAVAILABLE: io exception
2021-06-11 19:07:27,073 [grpc-default-executor-7] WARN  server.GrpcLogAppender (GrpcLogAppender.java:resetClient(111)) - 41bce2b3-bc14-4594-98d7-18715bf094e4@group-A0934D54B14C->1514860f-d988-4646-88fa-884730dadadc-GrpcLogAppender: Leader has not got in touch with Follower 41bce2b3-bc14-4594-98d7-18715bf094e4@group-A0934D54B14C->1514860f-d988-4646-88fa-884730dadadc(c0,m0,n1, attendVote=true, lastRpcSendTime=2501, lastRpcResponseTime=7502) yet, just keep nextIndex unchanged and retry.
2021-06-11 19:07:29,505 [grpc-default-executor-1] WARN  server.GrpcLogAppender (LogUtils.java:warn(122)) - f0d18f37-c034-4e65-b036-926f7b7a2e40@group-7A06744B07B2->1514860f-d988-4646-88fa-884730dadadc-AppendLogResponseHandler: Failed appendEntries: org.apache.ratis.thirdparty.io.grpc.StatusRuntimeException: UNAVAILABLE: io exception
2021-06-11 19:07:29,506 [grpc-default-executor-1] WARN  server.GrpcLogAppender (GrpcLogAppender.java:resetClient(111)) - f0d18f37-c034-4e65-b036-926f7b7a2e40@group-7A06744B07B2->1514860f-d988-4646-88fa-884730dadadc-GrpcLogAppender: Leader has not got in touch with Follower f0d18f37-c034-4e65-b036-926f7b7a2e40@group-7A06744B07B2->1514860f-d988-4646-88fa-884730dadadc(c0,m0,n1, attendVote=true, lastRpcSendTime=0, lastRpcResponseTime=10003) yet, just keep nextIndex unchanged and retry.
2021-06-11 19:07:29,573 [grpc-default-executor-1] WARN  server.GrpcLogAppender (LogUtils.java:warn(122)) - 41bce2b3-bc14-4594-98d7-18715bf094e4@group-A0934D54B14C->1514860f-d988-4646-88fa-884730dadadc-AppendLogResponseHandler: Failed appendEntries: org.apache.ratis.thirdparty.io.grpc.StatusRuntimeException: UNAVAILABLE: io exception
2021-06-11 19:07:29,574 [grpc-default-executor-1] WARN  server.GrpcLogAppender (GrpcLogAppender.java:resetClient(111)) - 41bce2b3-bc14-4594-98d7-18715bf094e4@group-A0934D54B14C->1514860f-d988-4646-88fa-884730dadadc-GrpcLogAppender: Leader has not got in touch with Follower 41bce2b3-bc14-4594-98d7-18715bf094e4@group-A0934D54B14C->1514860f-d988-4646-88fa-884730dadadc(c0,m0,n1, attendVote=true, lastRpcSendTime=2500, lastRpcResponseTime=10003) yet, just keep nextIndex unchanged and retry.
2021-06-11 19:07:30,075 [0e0429f1-9636-4fc9-8820-e0f7c83710f3@group-2AEC26317323-FollowerState] INFO  impl.FollowerState (FollowerState.java:run(134)) - 0e0429f1-9636-4fc9-8820-e0f7c83710f3@group-2AEC26317323-FollowerState: change to CANDIDATE, lastRpcElapsedTime:5023596169ns, electionTimeout:5019ms
2021-06-11 19:07:30,076 [0e0429f1-9636-4fc9-8820-e0f7c83710f3@group-2AEC26317323-FollowerState] INFO  impl.RoleInfo (RoleInfo.java:shutdownFollowerState(108)) - 0e0429f1-9636-4fc9-8820-e0f7c83710f3: shutdown 0e0429f1-9636-4fc9-8820-e0f7c83710f3@group-2AEC26317323-FollowerState
2021-06-11 19:07:30,078 [0e0429f1-9636-4fc9-8820-e0f7c83710f3@group-2AEC26317323-FollowerState] INFO  server.RaftServer$Division (RaftServerImpl.java:setRole(284)) - 0e0429f1-9636-4fc9-8820-e0f7c83710f3@group-2AEC26317323: changes role from  FOLLOWER to CANDIDATE at term 3 for changeToCandidate
2021-06-11 19:07:30,078 [0e0429f1-9636-4fc9-8820-e0f7c83710f3@group-2AEC26317323-FollowerState] INFO  server.RaftServerConfigKeys (ConfUtils.java:logGet(44)) - raft.server.leaderelection.pre-vote = false (custom)
2021-06-11 19:07:30,078 [0e0429f1-9636-4fc9-8820-e0f7c83710f3@group-2AEC26317323-FollowerState] INFO  impl.RoleInfo (RoleInfo.java:updateAndGet(130)) - 0e0429f1-9636-4fc9-8820-e0f7c83710f3: start 0e0429f1-9636-4fc9-8820-e0f7c83710f3@group-2AEC26317323-LeaderElection66
2021-06-11 19:07:30,088 [0e0429f1-9636-4fc9-8820-e0f7c83710f3@group-2AEC26317323-LeaderElection66] INFO  impl.LeaderElection (LeaderElection.java:askForVotes(306)) - 0e0429f1-9636-4fc9-8820-e0f7c83710f3@group-2AEC26317323-LeaderElection66 ELECTION round 0: submit vote requests at term 4 for -1: [133b101f-dcee-4efd-9163-9b3704aaa3ee|rpc:10.1.0.43:37475|priority:0, 0e0429f1-9636-4fc9-8820-e0f7c83710f3|rpc:10.1.0.43:33285|priority:1, bf85b346-d6dc-4caf-ae79-65e1db1e806c|rpc:10.1.0.43:43393|priority:0], old=null
2021-06-11 19:07:30,106 [grpc-default-executor-7] INFO  server.RaftServer$Division (RaftServerImpl.java:requestVote(1042)) - 133b101f-dcee-4efd-9163-9b3704aaa3ee@group-2AEC26317323: receive requestVote(ELECTION, 0e0429f1-9636-4fc9-8820-e0f7c83710f3, group-2AEC26317323, 4, (t:0, i:0))
2021-06-11 19:07:30,106 [grpc-default-executor-7] INFO  impl.VoteContext (VoteContext.java:log(48)) - 133b101f-dcee-4efd-9163-9b3704aaa3ee@group-2AEC26317323-FOLLOWER: accept ELECTION from 0e0429f1-9636-4fc9-8820-e0f7c83710f3: our priority 0 <= candidate's priority 1
2021-06-11 19:07:30,106 [grpc-default-executor-7] INFO  server.RaftServer$Division (RaftServerImpl.java:setRole(284)) - 133b101f-dcee-4efd-9163-9b3704aaa3ee@group-2AEC26317323: changes role from  FOLLOWER to FOLLOWER at term 4 for candidate:0e0429f1-9636-4fc9-8820-e0f7c83710f3
2021-06-11 19:07:30,106 [grpc-default-executor-7] INFO  impl.RoleInfo (RoleInfo.java:shutdownFollowerState(108)) - 133b101f-dcee-4efd-9163-9b3704aaa3ee: shutdown 133b101f-dcee-4efd-9163-9b3704aaa3ee@group-2AEC26317323-FollowerState
2021-06-11 19:07:30,106 [grpc-default-executor-7] INFO  impl.RoleInfo (RoleInfo.java:updateAndGet(130)) - 133b101f-dcee-4efd-9163-9b3704aaa3ee: start 133b101f-dcee-4efd-9163-9b3704aaa3ee@group-2AEC26317323-FollowerState
2021-06-11 19:07:30,106 [133b101f-dcee-4efd-9163-9b3704aaa3ee@group-2AEC26317323-FollowerState] INFO  impl.FollowerState (FollowerState.java:run(143)) - 133b101f-dcee-4efd-9163-9b3704aaa3ee@group-2AEC26317323-FollowerState was interrupted: {}
java.lang.InterruptedException: sleep interrupted
	at java.lang.Thread.sleep(Native Method)
	at java.lang.Thread.sleep(Thread.java:340)
	at java.util.concurrent.TimeUnit.sleep(TimeUnit.java:386)
	at org.apache.ratis.util.TimeDuration.sleep(TimeDuration.java:324)
	at org.apache.ratis.util.TimeDuration.sleep(TimeDuration.java:309)
	at org.apache.ratis.server.impl.FollowerState.run(FollowerState.java:118)
2021-06-11 19:07:30,113 [grpc-default-executor-1] INFO  server.RaftServer$Division (RaftServerImpl.java:requestVote(1042)) - bf85b346-d6dc-4caf-ae79-65e1db1e806c@group-2AEC26317323: receive requestVote(ELECTION, 0e0429f1-9636-4fc9-8820-e0f7c83710f3, group-2AEC26317323, 4, (t:0, i:0))
2021-06-11 19:07:30,113 [grpc-default-executor-1] INFO  impl.VoteContext (VoteContext.java:log(48)) - bf85b346-d6dc-4caf-ae79-65e1db1e806c@group-2AEC26317323-FOLLOWER: accept ELECTION from 0e0429f1-9636-4fc9-8820-e0f7c83710f3: our priority 0 <= candidate's priority 1
2021-06-11 19:07:30,113 [grpc-default-executor-1] INFO  server.RaftServer$Division (RaftServerImpl.java:setRole(284)) - bf85b346-d6dc-4caf-ae79-65e1db1e806c@group-2AEC26317323: changes role from  FOLLOWER to FOLLOWER at term 4 for candidate:0e0429f1-9636-4fc9-8820-e0f7c83710f3
2021-06-11 19:07:30,113 [grpc-default-executor-1] INFO  impl.RoleInfo (RoleInfo.java:shutdownFollowerState(108)) - bf85b346-d6dc-4caf-ae79-65e1db1e806c: shutdown bf85b346-d6dc-4caf-ae79-65e1db1e806c@group-2AEC26317323-FollowerState
2021-06-11 19:07:30,113 [grpc-default-executor-1] INFO  impl.RoleInfo (RoleInfo.java:updateAndGet(130)) - bf85b346-d6dc-4caf-ae79-65e1db1e806c: start bf85b346-d6dc-4caf-ae79-65e1db1e806c@group-2AEC26317323-FollowerState
2021-06-11 19:07:30,113 [bf85b346-d6dc-4caf-ae79-65e1db1e806c@group-2AEC26317323-FollowerState] INFO  impl.FollowerState (FollowerState.java:run(143)) - bf85b346-d6dc-4caf-ae79-65e1db1e806c@group-2AEC26317323-FollowerState was interrupted: {}
java.lang.InterruptedException: sleep interrupted
	at java.lang.Thread.sleep(Native Method)
	at java.lang.Thread.sleep(Thread.java:340)
	at java.util.concurrent.TimeUnit.sleep(TimeUnit.java:386)
	at org.apache.ratis.util.TimeDuration.sleep(TimeDuration.java:324)
	at org.apache.ratis.util.TimeDuration.sleep(TimeDuration.java:309)
	at org.apache.ratis.server.impl.FollowerState.run(FollowerState.java:118)
2021-06-11 19:07:30,114 [grpc-default-executor-7] INFO  server.RaftServer$Division (RaftServerImpl.java:requestVote(1074)) - 133b101f-dcee-4efd-9163-9b3704aaa3ee@group-2AEC26317323 replies to ELECTION vote request: 0e0429f1-9636-4fc9-8820-e0f7c83710f3<-133b101f-dcee-4efd-9163-9b3704aaa3ee#0:OK-t4. Peer's state: 133b101f-dcee-4efd-9163-9b3704aaa3ee@group-2AEC26317323:t4, leader=null, voted=0e0429f1-9636-4fc9-8820-e0f7c83710f3, raftlog=133b101f-dcee-4efd-9163-9b3704aaa3ee@group-2AEC26317323-SegmentedRaftLog:OPENED:c-1,f-1,i0, conf=-1: [133b101f-dcee-4efd-9163-9b3704aaa3ee|rpc:10.1.0.43:37475|dataStream:|priority:0, 0e0429f1-9636-4fc9-8820-e0f7c83710f3|rpc:10.1.0.43:33285|dataStream:|priority:1, bf85b346-d6dc-4caf-ae79-65e1db1e806c|rpc:10.1.0.43:43393|dataStream:|priority:0], old=null
2021-06-11 19:07:30,121 [0e0429f1-9636-4fc9-8820-e0f7c83710f3@group-2AEC26317323-LeaderElection66] INFO  impl.LeaderElection (LeaderElection.java:logAndReturn(89)) - 0e0429f1-9636-4fc9-8820-e0f7c83710f3@group-2AEC26317323-LeaderElection66: ELECTION PASSED received 1 response(s) and 0 exception(s):
2021-06-11 19:07:30,121 [grpc-default-executor-1] INFO  server.RaftServer$Division (RaftServerImpl.java:requestVote(1074)) - bf85b346-d6dc-4caf-ae79-65e1db1e806c@group-2AEC26317323 replies to ELECTION vote request: 0e0429f1-9636-4fc9-8820-e0f7c83710f3<-bf85b346-d6dc-4caf-ae79-65e1db1e806c#0:OK-t4. Peer's state: bf85b346-d6dc-4caf-ae79-65e1db1e806c@group-2AEC26317323:t4, leader=null, voted=0e0429f1-9636-4fc9-8820-e0f7c83710f3, raftlog=bf85b346-d6dc-4caf-ae79-65e1db1e806c@group-2AEC26317323-SegmentedRaftLog:OPENED:c-1,f-1,i0, conf=-1: [133b101f-dcee-4efd-9163-9b3704aaa3ee|rpc:10.1.0.43:37475|priority:0, 0e0429f1-9636-4fc9-8820-e0f7c83710f3|rpc:10.1.0.43:33285|priority:1, bf85b346-d6dc-4caf-ae79-65e1db1e806c|rpc:10.1.0.43:43393|priority:0], old=null
2021-06-11 19:07:30,121 [0e0429f1-9636-4fc9-8820-e0f7c83710f3@group-2AEC26317323-LeaderElection66] INFO  impl.LeaderElection (LeaderElection.java:logAndReturn(93)) -   Response 0: 0e0429f1-9636-4fc9-8820-e0f7c83710f3<-133b101f-dcee-4efd-9163-9b3704aaa3ee#0:OK-t4
2021-06-11 19:07:30,121 [0e0429f1-9636-4fc9-8820-e0f7c83710f3@group-2AEC26317323-LeaderElection66] INFO  impl.LeaderElection (LeaderElection.java:askForVotes(308)) - 0e0429f1-9636-4fc9-8820-e0f7c83710f3@group-2AEC26317323-LeaderElection66 ELECTION round 0: result PASSED
2021-06-11 19:07:30,121 [0e0429f1-9636-4fc9-8820-e0f7c83710f3@group-2AEC26317323-LeaderElection66] INFO  impl.RoleInfo (RoleInfo.java:shutdownLeaderElection(121)) - 0e0429f1-9636-4fc9-8820-e0f7c83710f3: shutdown 0e0429f1-9636-4fc9-8820-e0f7c83710f3@group-2AEC26317323-LeaderElection66
2021-06-11 19:07:30,121 [0e0429f1-9636-4fc9-8820-e0f7c83710f3@group-2AEC26317323-LeaderElection66] INFO  server.RaftServer$Division (RaftServerImpl.java:setRole(284)) - 0e0429f1-9636-4fc9-8820-e0f7c83710f3@group-2AEC26317323: changes role from CANDIDATE to LEADER at term 4 for changeToLeader
2021-06-11 19:07:30,121 [0e0429f1-9636-4fc9-8820-e0f7c83710f3@group-2AEC26317323-LeaderElection66] INFO  ratis.XceiverServerRatis (XceiverServerRatis.java:handleLeaderChangedNotification(906)) - Leader change notification received for group: group-2AEC26317323 with new leaderId: 0e0429f1-9636-4fc9-8820-e0f7c83710f3
2021-06-11 19:07:30,122 [0e0429f1-9636-4fc9-8820-e0f7c83710f3@group-2AEC26317323-LeaderElection66] INFO  server.RaftServer$Division (ServerState.java:setLeader(271)) - 0e0429f1-9636-4fc9-8820-e0f7c83710f3@group-2AEC26317323: change Leader from null to 0e0429f1-9636-4fc9-8820-e0f7c83710f3 at term 4 for becomeLeader, leader elected after 20320ms
2021-06-11 19:07:30,122 [0e0429f1-9636-4fc9-8820-e0f7c83710f3@group-2AEC26317323-LeaderElection66] INFO  server.RaftServerConfigKeys (ConfUtils.java:logGet(44)) - raft.server.staging.catchup.gap = 1000 (default)
2021-06-11 19:07:30,122 [0e0429f1-9636-4fc9-8820-e0f7c83710f3@group-2AEC26317323-LeaderElection66] INFO  metrics.RatisMetrics (RatisMetrics.java:lambda$create$0(36)) - Creating Metrics Registry : ratis.log_appender.0e0429f1-9636-4fc9-8820-e0f7c83710f3@group-2AEC26317323
2021-06-11 19:07:30,122 [0e0429f1-9636-4fc9-8820-e0f7c83710f3@group-2AEC26317323-LeaderElection66] INFO  server.RaftServerConfigKeys (ConfUtils.java:logGet(44)) - raft.server.write.element-limit = 1024 (custom)
2021-06-11 19:07:30,122 [0e0429f1-9636-4fc9-8820-e0f7c83710f3@group-2AEC26317323-LeaderElection66] INFO  server.RaftServerConfigKeys (ConfUtils.java:logGet(44)) - raft.server.write.byte-limit = 1073741824 (custom)
2021-06-11 19:07:30,122 [0e0429f1-9636-4fc9-8820-e0f7c83710f3@group-2AEC26317323-LeaderElection66] INFO  server.RaftServerConfigKeys (ConfUtils.java:logGet(44)) - raft.server.watch.timeout = 3000ms (custom)
2021-06-11 19:07:30,122 [0e0429f1-9636-4fc9-8820-e0f7c83710f3@group-2AEC26317323-LeaderElection66] INFO  server.RaftServerConfigKeys (ConfUtils.java:logGet(44)) - raft.server.watch.timeout.denomination = 1s (default)
2021-06-11 19:07:30,122 [0e0429f1-9636-4fc9-8820-e0f7c83710f3@group-2AEC26317323-LeaderElection66] INFO  server.RaftServerConfigKeys (ConfUtils.java:logGet(44)) - raft.server.watch.element-limit = 65536 (default)
2021-06-11 19:07:30,123 [0e0429f1-9636-4fc9-8820-e0f7c83710f3@group-2AEC26317323-LeaderElection66] INFO  server.RaftServerConfigKeys (ConfUtils.java:logGet(44)) - raft.server.log.appender.snapshot.chunk.size.max = 16MB (=16777216) (default)
2021-06-11 19:07:30,123 [0e0429f1-9636-4fc9-8820-e0f7c83710f3@group-2AEC26317323-LeaderElection66] INFO  server.RaftServerConfigKeys (ConfUtils.java:logGet(44)) - raft.server.log.appender.buffer.byte-limit = 33554432 (custom)
2021-06-11 19:07:30,123 [0e0429f1-9636-4fc9-8820-e0f7c83710f3@group-2AEC26317323-LeaderElection66] INFO  server.RaftServerConfigKeys (ConfUtils.java:logGet(44)) - raft.server.log.appender.buffer.element-limit = 1 (custom)
2021-06-11 19:07:30,123 [0e0429f1-9636-4fc9-8820-e0f7c83710f3@group-2AEC26317323-LeaderElection66] INFO  grpc.GrpcConfigKeys (ConfUtils.java:logGet(44)) - raft.grpc.server.leader.outstanding.appends.max = 128 (default)
2021-06-11 19:07:30,123 [0e0429f1-9636-4fc9-8820-e0f7c83710f3@group-2AEC26317323-LeaderElection66] INFO  server.RaftServerConfigKeys (ConfUtils.java:logGet(44)) - raft.server.rpc.request.timeout = 3000ms (default)
2021-06-11 19:07:30,123 [0e0429f1-9636-4fc9-8820-e0f7c83710f3@group-2AEC26317323-LeaderElection66] INFO  server.RaftServerConfigKeys (ConfUtils.java:logGet(44)) - raft.server.log.appender.install.snapshot.enabled = false (custom)
2021-06-11 19:07:30,123 [0e0429f1-9636-4fc9-8820-e0f7c83710f3@group-2AEC26317323-LeaderElection66] INFO  metrics.RatisMetrics (RatisMetrics.java:lambda$create$0(36)) - Creating Metrics Registry : ratis_grpc.log_appender.0e0429f1-9636-4fc9-8820-e0f7c83710f3@group-2AEC26317323
2021-06-11 19:07:30,125 [0e0429f1-9636-4fc9-8820-e0f7c83710f3@group-2AEC26317323-LeaderElection66] INFO  server.RaftServerConfigKeys (ConfUtils.java:logGet(44)) - raft.server.log.appender.snapshot.chunk.size.max = 16MB (=16777216) (default)
2021-06-11 19:07:30,125 [0e0429f1-9636-4fc9-8820-e0f7c83710f3@group-2AEC26317323-LeaderElection66] INFO  server.RaftServerConfigKeys (ConfUtils.java:logGet(44)) - raft.server.log.appender.buffer.byte-limit = 33554432 (custom)
2021-06-11 19:07:30,125 [0e0429f1-9636-4fc9-8820-e0f7c83710f3@group-2AEC26317323-LeaderElection66] INFO  server.RaftServerConfigKeys (ConfUtils.java:logGet(44)) - raft.server.log.appender.buffer.element-limit = 1 (custom)
2021-06-11 19:07:30,126 [0e0429f1-9636-4fc9-8820-e0f7c83710f3@group-2AEC26317323-LeaderElection66] INFO  grpc.GrpcConfigKeys (ConfUtils.java:logGet(44)) - raft.grpc.server.leader.outstanding.appends.max = 128 (default)
2021-06-11 19:07:30,126 [0e0429f1-9636-4fc9-8820-e0f7c83710f3@group-2AEC26317323-LeaderElection66] INFO  server.RaftServerConfigKeys (ConfUtils.java:logGet(44)) - raft.server.rpc.request.timeout = 3000ms (default)
2021-06-11 19:07:30,126 [0e0429f1-9636-4fc9-8820-e0f7c83710f3@group-2AEC26317323-LeaderElection66] INFO  server.RaftServerConfigKeys (ConfUtils.java:logGet(44)) - raft.server.log.appender.install.snapshot.enabled = false (custom)
2021-06-11 19:07:30,127 [0e0429f1-9636-4fc9-8820-e0f7c83710f3@group-2AEC26317323-LeaderElection66] INFO  impl.RoleInfo (RoleInfo.java:updateAndGet(130)) - 0e0429f1-9636-4fc9-8820-e0f7c83710f3: start 0e0429f1-9636-4fc9-8820-e0f7c83710f3@group-2AEC26317323-LeaderStateImpl
2021-06-11 19:07:30,127 [0e0429f1-9636-4fc9-8820-e0f7c83710f3@group-2AEC26317323-LeaderElection66] INFO  segmented.SegmentedRaftLogWorker (SegmentedRaftLogWorker.java:startLogSegment(394)) - 0e0429f1-9636-4fc9-8820-e0f7c83710f3@group-2AEC26317323-SegmentedRaftLogWorker: Starting segment from index:0
2021-06-11 19:07:30,129 [EventQueue-PipelineReportForPipelineReportHandler] INFO  pipeline.PipelineManagerV2Impl (PipelineManagerV2Impl.java:openPipeline(270)) - Pipeline Pipeline[ Id: 4436ad27-774d-4150-9d97-2aec26317323, Nodes: 133b101f-dcee-4efd-9163-9b3704aaa3ee{ip: 10.1.0.43, host: fv-az59-942.csjynl4pkq3e1pkirw3ssqjfoh.cx.internal.cloudapp.net, ports: [REPLICATION=45715, RATIS=37475, RATIS_ADMIN=37475, RATIS_SERVER=37475, STANDALONE=33113], networkLocation: /default-rack, certSerialId: null, persistedOpState: IN_SERVICE, persistedOpStateExpiryEpochSec: 0}bf85b346-d6dc-4caf-ae79-65e1db1e806c{ip: 10.1.0.43, host: fv-az59-942.csjynl4pkq3e1pkirw3ssqjfoh.cx.internal.cloudapp.net, ports: [REPLICATION=34009, RATIS=43393, RATIS_ADMIN=43393, RATIS_SERVER=43393, STANDALONE=45299], networkLocation: /default-rack, certSerialId: null, persistedOpState: IN_SERVICE, persistedOpStateExpiryEpochSec: 0}0e0429f1-9636-4fc9-8820-e0f7c83710f3{ip: 10.1.0.43, host: fv-az59-942.csjynl4pkq3e1pkirw3ssqjfoh.cx.internal.cloudapp.net, ports: [REPLICATION=37481, RATIS=33285, RATIS_ADMIN=33285, RATIS_SERVER=33285, STANDALONE=42653], networkLocation: /default-rack, certSerialId: null, persistedOpState: IN_SERVICE, persistedOpStateExpiryEpochSec: 0}, ReplicationConfig: RATIS/THREE, State:ALLOCATED, leaderId:0e0429f1-9636-4fc9-8820-e0f7c83710f3, CreationTimestamp2021-06-11T19:07:06.897Z] moved to OPEN state
2021-06-11 19:07:30,129 [0e0429f1-9636-4fc9-8820-e0f7c83710f3@group-2AEC26317323-SegmentedRaftLogWorker] INFO  segmented.SegmentedRaftLogWorker (SegmentedRaftLogWorker.java:execute(601)) - 0e0429f1-9636-4fc9-8820-e0f7c83710f3@group-2AEC26317323-SegmentedRaftLogWorker: created new log segment /home/runner/work/ozone/ozone/mnt/ozone/hadoop-ozone/integration-test/target/test-dir/MiniOzoneClusterImpl-7f30813a-d1ba-41a1-975d-e59f1b24795c/datanode-3/data/ratis/4436ad27-774d-4150-9d97-2aec26317323/current/log_inprogress_0
2021-06-11 19:07:30,145 [grpc-default-executor-1] INFO  ratis.XceiverServerRatis (XceiverServerRatis.java:handleLeaderChangedNotification(906)) - Leader change notification received for group: group-2AEC26317323 with new leaderId: 0e0429f1-9636-4fc9-8820-e0f7c83710f3
2021-06-11 19:07:30,145 [grpc-default-executor-1] INFO  server.RaftServer$Division (ServerState.java:setLeader(271)) - 133b101f-dcee-4efd-9163-9b3704aaa3ee@group-2AEC26317323: change Leader from null to 0e0429f1-9636-4fc9-8820-e0f7c83710f3 at term 4 for appendEntries, leader elected after 20311ms
2021-06-11 19:07:30,149 [grpc-default-executor-5] INFO  ratis.XceiverServerRatis (XceiverServerRatis.java:handleLeaderChangedNotification(906)) - Leader change notification received for group: group-2AEC26317323 with new leaderId: 0e0429f1-9636-4fc9-8820-e0f7c83710f3
2021-06-11 19:07:30,149 [grpc-default-executor-5] INFO  server.RaftServer$Division (ServerState.java:setLeader(271)) - bf85b346-d6dc-4caf-ae79-65e1db1e806c@group-2AEC26317323: change Leader from null to 0e0429f1-9636-4fc9-8820-e0f7c83710f3 at term 4 for appendEntries, leader elected after 20314ms
2021-06-11 19:07:30,167 [0e0429f1-9636-4fc9-8820-e0f7c83710f3@group-2AEC26317323-LeaderElection66] INFO  server.RaftServer$Division (ServerState.java:setRaftConf(373)) - 0e0429f1-9636-4fc9-8820-e0f7c83710f3@group-2AEC26317323: set configuration 0: [133b101f-dcee-4efd-9163-9b3704aaa3ee|rpc:10.1.0.43:37475|dataStream:|priority:0, 0e0429f1-9636-4fc9-8820-e0f7c83710f3|rpc:10.1.0.43:33285|dataStream:|priority:1, bf85b346-d6dc-4caf-ae79-65e1db1e806c|rpc:10.1.0.43:43393|dataStream:|priority:0], old=null
2021-06-11 19:07:30,167 [grpc-default-executor-1] INFO  server.RaftServer$Division (ServerState.java:setRaftConf(373)) - 133b101f-dcee-4efd-9163-9b3704aaa3ee@group-2AEC26317323: set configuration 0: [133b101f-dcee-4efd-9163-9b3704aaa3ee|rpc:10.1.0.43:37475|dataStream:|priority:0, 0e0429f1-9636-4fc9-8820-e0f7c83710f3|rpc:10.1.0.43:33285|dataStream:|priority:1, bf85b346-d6dc-4caf-ae79-65e1db1e806c|rpc:10.1.0.43:43393|dataStream:|priority:0], old=null
2021-06-11 19:07:30,168 [grpc-default-executor-1] INFO  segmented.SegmentedRaftLogWorker (SegmentedRaftLogWorker.java:startLogSegment(394)) - 133b101f-dcee-4efd-9163-9b3704aaa3ee@group-2AEC26317323-SegmentedRaftLogWorker: Starting segment from index:0
2021-06-11 19:07:30,193 [grpc-default-executor-5] INFO  server.RaftServer$Division (ServerState.java:setRaftConf(373)) - bf85b346-d6dc-4caf-ae79-65e1db1e806c@group-2AEC26317323: set configuration 0: [133b101f-dcee-4efd-9163-9b3704aaa3ee|rpc:10.1.0.43:37475|dataStream:|priority:0, 0e0429f1-9636-4fc9-8820-e0f7c83710f3|rpc:10.1.0.43:33285|dataStream:|priority:1, bf85b346-d6dc-4caf-ae79-65e1db1e806c|rpc:10.1.0.43:43393|dataStream:|priority:0], old=null
2021-06-11 19:07:30,193 [grpc-default-executor-5] INFO  segmented.SegmentedRaftLogWorker (SegmentedRaftLogWorker.java:startLogSegment(394)) - bf85b346-d6dc-4caf-ae79-65e1db1e806c@group-2AEC26317323-SegmentedRaftLogWorker: Starting segment from index:0
2021-06-11 19:07:30,197 [133b101f-dcee-4efd-9163-9b3704aaa3ee@group-2AEC26317323-SegmentedRaftLogWorker] INFO  segmented.SegmentedRaftLogWorker (SegmentedRaftLogWorker.java:execute(601)) - 133b101f-dcee-4efd-9163-9b3704aaa3ee@group-2AEC26317323-SegmentedRaftLogWorker: created new log segment /home/runner/work/ozone/ozone/mnt/ozone/hadoop-ozone/integration-test/target/test-dir/MiniOzoneClusterImpl-7f30813a-d1ba-41a1-975d-e59f1b24795c/datanode-5/data/ratis/4436ad27-774d-4150-9d97-2aec26317323/current/log_inprogress_0
2021-06-11 19:07:30,198 [bf85b346-d6dc-4caf-ae79-65e1db1e806c@group-2AEC26317323-SegmentedRaftLogWorker] INFO  segmented.SegmentedRaftLogWorker (SegmentedRaftLogWorker.java:execute(601)) - bf85b346-d6dc-4caf-ae79-65e1db1e806c@group-2AEC26317323-SegmentedRaftLogWorker: created new log segment /home/runner/work/ozone/ozone/mnt/ozone/hadoop-ozone/integration-test/target/test-dir/MiniOzoneClusterImpl-7f30813a-d1ba-41a1-975d-e59f1b24795c/datanode-4/data/ratis/4436ad27-774d-4150-9d97-2aec26317323/current/log_inprogress_0
2021-06-11 19:07:31,137 [org.apache.ratis.util.JvmPauseMonitor$$Lambda$513/909036188@115df21e] WARN  util.JvmPauseMonitor (JvmPauseMonitor.java:detectPause(124)) - JvmPauseMonitor-f05d9154-dd24-4162-9fdc-352a7a5261e7: Detected pause in JVM or host machine (eg GC): pause of approximately 114379349ns.
GC pool 'PS MarkSweep' had collection(s): count=1 time=230ms
GC pool 'PS Scavenge' had collection(s): count=1 time=25ms
2021-06-11 19:07:31,137 [org.apache.ratis.util.JvmPauseMonitor$$Lambda$513/909036188@d6f33b6] WARN  util.JvmPauseMonitor (JvmPauseMonitor.java:detectPause(124)) - JvmPauseMonitor-f0d18f37-c034-4e65-b036-926f7b7a2e40: Detected pause in JVM or host machine (eg GC): pause of approximately 146050444ns.
GC pool 'PS MarkSweep' had collection(s): count=1 time=230ms
GC pool 'PS Scavenge' had collection(s): count=1 time=25ms
2021-06-11 19:07:31,137 [org.apache.ratis.util.JvmPauseMonitor$$Lambda$513/909036188@4241d54e] WARN  util.JvmPauseMonitor (JvmPauseMonitor.java:detectPause(124)) - JvmPauseMonitor-133b101f-dcee-4efd-9163-9b3704aaa3ee: Detected pause in JVM or host machine (eg GC): pause of approximately 209755963ns.
GC pool 'PS MarkSweep' had collection(s): count=1 time=230ms
GC pool 'PS Scavenge' had collection(s): count=1 time=25ms
2021-06-11 19:07:32,005 [grpc-default-executor-5] WARN  server.GrpcLogAppender (LogUtils.java:warn(122)) - f0d18f37-c034-4e65-b036-926f7b7a2e40@group-7A06744B07B2->1514860f-d988-4646-88fa-884730dadadc-AppendLogResponseHandler: Failed appendEntries: org.apache.ratis.thirdparty.io.grpc.StatusRuntimeException: UNAVAILABLE: io exception
2021-06-11 19:07:32,006 [grpc-default-executor-5] WARN  server.GrpcLogAppender (GrpcLogAppender.java:resetClient(111)) - f0d18f37-c034-4e65-b036-926f7b7a2e40@group-7A06744B07B2->1514860f-d988-4646-88fa-884730dadadc-GrpcLogAppender: Leader has not got in touch with Follower f0d18f37-c034-4e65-b036-926f7b7a2e40@group-7A06744B07B2->1514860f-d988-4646-88fa-884730dadadc(c0,m0,n1, attendVote=true, lastRpcSendTime=2501, lastRpcResponseTime=12504) yet, just keep nextIndex unchanged and retry.
2021-06-11 19:07:32,074 [grpc-default-executor-5] WARN  server.GrpcLogAppender (LogUtils.java:warn(122)) - 41bce2b3-bc14-4594-98d7-18715bf094e4@group-A0934D54B14C->1514860f-d988-4646-88fa-884730dadadc-AppendLogResponseHandler: Failed appendEntries: org.apache.ratis.thirdparty.io.grpc.StatusRuntimeException: UNAVAILABLE: io exception
2021-06-11 19:07:32,075 [grpc-default-executor-5] WARN  server.GrpcLogAppender (GrpcLogAppender.java:resetClient(111)) - 41bce2b3-bc14-4594-98d7-18715bf094e4@group-A0934D54B14C->1514860f-d988-4646-88fa-884730dadadc-GrpcLogAppender: Leader has not got in touch with Follower 41bce2b3-bc14-4594-98d7-18715bf094e4@group-A0934D54B14C->1514860f-d988-4646-88fa-884730dadadc(c0,m0,n1, attendVote=true, lastRpcSendTime=0, lastRpcResponseTime=12504) yet, just keep nextIndex unchanged and retry.
2021-06-11 19:07:34,506 [grpc-default-executor-5] WARN  server.GrpcLogAppender (LogUtils.java:warn(122)) - f0d18f37-c034-4e65-b036-926f7b7a2e40@group-7A06744B07B2->1514860f-d988-4646-88fa-884730dadadc-AppendLogResponseHandler: Failed appendEntries: org.apache.ratis.thirdparty.io.grpc.StatusRuntimeException: UNAVAILABLE: io exception
2021-06-11 19:07:34,507 [grpc-default-executor-5] WARN  server.GrpcLogAppender (GrpcLogAppender.java:resetClient(111)) - f0d18f37-c034-4e65-b036-926f7b7a2e40@group-7A06744B07B2->1514860f-d988-4646-88fa-884730dadadc-GrpcLogAppender: Leader has not got in touch with Follower f0d18f37-c034-4e65-b036-926f7b7a2e40@group-7A06744B07B2->1514860f-d988-4646-88fa-884730dadadc(c0,m0,n1, attendVote=true, lastRpcSendTime=2500, lastRpcResponseTime=15005) yet, just keep nextIndex unchanged and retry.
2021-06-11 19:07:34,574 [grpc-default-executor-5] WARN  server.GrpcLogAppender (LogUtils.java:warn(122)) - 41bce2b3-bc14-4594-98d7-18715bf094e4@group-A0934D54B14C->1514860f-d988-4646-88fa-884730dadadc-AppendLogResponseHandler: Failed appendEntries: org.apache.ratis.thirdparty.io.grpc.StatusRuntimeException: UNAVAILABLE: io exception
2021-06-11 19:07:34,575 [grpc-default-executor-5] WARN  server.GrpcLogAppender (GrpcLogAppender.java:resetClient(111)) - 41bce2b3-bc14-4594-98d7-18715bf094e4@group-A0934D54B14C->1514860f-d988-4646-88fa-884730dadadc-GrpcLogAppender: Leader has not got in touch with Follower 41bce2b3-bc14-4594-98d7-18715bf094e4@group-A0934D54B14C->1514860f-d988-4646-88fa-884730dadadc(c0,m0,n1, attendVote=true, lastRpcSendTime=2500, lastRpcResponseTime=15005) yet, just keep nextIndex unchanged and retry.
2021-06-11 19:07:35,153 [EventQueue-DeadNodeForDeadNodeHandler] INFO  node.DeadNodeHandler (DeadNodeHandler.java:onMessage(77)) - A dead datanode is detected. 1514860f-d988-4646-88fa-884730dadadc{ip: 10.1.0.43, host: fv-az59-942.csjynl4pkq3e1pkirw3ssqjfoh.cx.internal.cloudapp.net, ports: [REPLICATION=38961, RATIS=42983, RATIS_ADMIN=42983, RATIS_SERVER=42983, STANDALONE=46383], networkLocation: /default-rack, certSerialId: null, persistedOpState: IN_SERVICE, persistedOpStateExpiryEpochSec: 0}
2021-06-11 19:07:35,153 [EventQueue-DeadNodeForDeadNodeHandler] INFO  pipeline.RatisPipelineProvider (RatisPipelineProvider.java:lambda$close$1(209)) - Send pipeline:PipelineID=816a5d0c-7751-485e-a30f-4facf4d64a7e close command to datanode 1514860f-d988-4646-88fa-884730dadadc
2021-06-11 19:07:35,172 [EventQueue-DeadNodeForDeadNodeHandler] INFO  pipeline.PipelineStateManager (PipelineStateManagerV2Impl.java:removePipeline(211)) - Pipeline Pipeline[ Id: 816a5d0c-7751-485e-a30f-4facf4d64a7e, Nodes: 1514860f-d988-4646-88fa-884730dadadc{ip: 10.1.0.43, host: fv-az59-942.csjynl4pkq3e1pkirw3ssqjfoh.cx.internal.cloudapp.net, ports: [REPLICATION=38961, RATIS=42983, RATIS_ADMIN=42983, RATIS_SERVER=42983, STANDALONE=46383], networkLocation: /default-rack, certSerialId: null, persistedOpState: IN_SERVICE, persistedOpStateExpiryEpochSec: 0}, ReplicationConfig: RATIS/ONE, State:CLOSED, leaderId:1514860f-d988-4646-88fa-884730dadadc, CreationTimestamp2021-06-11T19:07:06.373Z] removed.
2021-06-11 19:07:35,172 [EventQueue-DeadNodeForDeadNodeHandler] INFO  pipeline.RatisPipelineProvider (RatisPipelineProvider.java:lambda$close$1(209)) - Send pipeline:PipelineID=98922251-7eaa-4d63-82ed-7a06744b07b2 close command to datanode f0d18f37-c034-4e65-b036-926f7b7a2e40
2021-06-11 19:07:35,172 [EventQueue-DeadNodeForDeadNodeHandler] INFO  pipeline.RatisPipelineProvider (RatisPipelineProvider.java:lambda$close$1(209)) - Send pipeline:PipelineID=98922251-7eaa-4d63-82ed-7a06744b07b2 close command to datanode 41bce2b3-bc14-4594-98d7-18715bf094e4
2021-06-11 19:07:35,172 [EventQueue-DeadNodeForDeadNodeHandler] INFO  pipeline.RatisPipelineProvider (RatisPipelineProvider.java:lambda$close$1(209)) - Send pipeline:PipelineID=98922251-7eaa-4d63-82ed-7a06744b07b2 close command to datanode 1514860f-d988-4646-88fa-884730dadadc
2021-06-11 19:07:35,173 [EventQueue-DeadNodeForDeadNodeHandler] INFO  pipeline.PipelineStateManager (PipelineStateManagerV2Impl.java:removePipeline(211)) - Pipeline Pipeline[ Id: 98922251-7eaa-4d63-82ed-7a06744b07b2, Nodes: f0d18f37-c034-4e65-b036-926f7b7a2e40{ip: 10.1.0.43, host: fv-az59-942.csjynl4pkq3e1pkirw3ssqjfoh.cx.internal.cloudapp.net, ports: [REPLICATION=46009, RATIS=45755, RATIS_ADMIN=45755, RATIS_SERVER=45755, STANDALONE=39637], networkLocation: /default-rack, certSerialId: null, persistedOpState: IN_SERVICE, persistedOpStateExpiryEpochSec: 0}41bce2b3-bc14-4594-98d7-18715bf094e4{ip: 10.1.0.43, host: fv-az59-942.csjynl4pkq3e1pkirw3ssqjfoh.cx.internal.cloudapp.net, ports: [REPLICATION=42269, RATIS=36265, RATIS_ADMIN=36265, RATIS_SERVER=36265, STANDALONE=38351], networkLocation: /default-rack, certSerialId: null, persistedOpState: IN_SERVICE, persistedOpStateExpiryEpochSec: 0}1514860f-d988-4646-88fa-884730dadadc{ip: 10.1.0.43, host: fv-az59-942.csjynl4pkq3e1pkirw3ssqjfoh.cx.internal.cloudapp.net, ports: [REPLICATION=38961, RATIS=42983, RATIS_ADMIN=42983, RATIS_SERVER=42983, STANDALONE=46383], networkLocation: /default-rack, certSerialId: null, persistedOpState: IN_SERVICE, persistedOpStateExpiryEpochSec: 0}, ReplicationConfig: RATIS/THREE, State:CLOSED, leaderId:f0d18f37-c034-4e65-b036-926f7b7a2e40, CreationTimestamp2021-06-11T19:07:06.611Z] removed.
2021-06-11 19:07:35,173 [EventQueue-DeadNodeForDeadNodeHandler] INFO  pipeline.RatisPipelineProvider (RatisPipelineProvider.java:lambda$close$1(209)) - Send pipeline:PipelineID=da2b4bb3-8ca4-433a-a644-a0934d54b14c close command to datanode 41bce2b3-bc14-4594-98d7-18715bf094e4
2021-06-11 19:07:35,173 [EventQueue-DeadNodeForDeadNodeHandler] INFO  pipeline.RatisPipelineProvider (RatisPipelineProvider.java:lambda$close$1(209)) - Send pipeline:PipelineID=da2b4bb3-8ca4-433a-a644-a0934d54b14c close command to datanode 1514860f-d988-4646-88fa-884730dadadc
2021-06-11 19:07:35,173 [EventQueue-DeadNodeForDeadNodeHandler] INFO  pipeline.RatisPipelineProvider (RatisPipelineProvider.java:lambda$close$1(209)) - Send pipeline:PipelineID=da2b4bb3-8ca4-433a-a644-a0934d54b14c close command to datanode f0d18f37-c034-4e65-b036-926f7b7a2e40
2021-06-11 19:07:35,173 [EventQueue-DeadNodeForDeadNodeHandler] INFO  pipeline.PipelineStateManager (PipelineStateManagerV2Impl.java:removePipeline(211)) - Pipeline Pipeline[ Id: da2b4bb3-8ca4-433a-a644-a0934d54b14c, Nodes: 41bce2b3-bc14-4594-98d7-18715bf094e4{ip: 10.1.0.43, host: fv-az59-942.csjynl4pkq3e1pkirw3ssqjfoh.cx.internal.cloudapp.net, ports: [REPLICATION=42269, RATIS=36265, RATIS_ADMIN=36265, RATIS_SERVER=36265, STANDALONE=38351], networkLocation: /default-rack, certSerialId: null, persistedOpState: IN_SERVICE, persistedOpStateExpiryEpochSec: 0}1514860f-d988-4646-88fa-884730dadadc{ip: 10.1.0.43, host: fv-az59-942.csjynl4pkq3e1pkirw3ssqjfoh.cx.internal.cloudapp.net, ports: [REPLICATION=38961, RATIS=42983, RATIS_ADMIN=42983, RATIS_SERVER=42983, STANDALONE=46383], networkLocation: /default-rack, certSerialId: null, persistedOpState: IN_SERVICE, persistedOpStateExpiryEpochSec: 0}f0d18f37-c034-4e65-b036-926f7b7a2e40{ip: 10.1.0.43, host: fv-az59-942.csjynl4pkq3e1pkirw3ssqjfoh.cx.internal.cloudapp.net, ports: [REPLICATION=46009, RATIS=45755, RATIS_ADMIN=45755, RATIS_SERVER=45755, STANDALONE=39637], networkLocation: /default-rack, certSerialId: null, persistedOpState: IN_SERVICE, persistedOpStateExpiryEpochSec: 0}, ReplicationConfig: RATIS/THREE, State:CLOSED, leaderId:41bce2b3-bc14-4594-98d7-18715bf094e4, CreationTimestamp2021-06-11T19:07:06.614Z] removed.
2021-06-11 19:07:36,637 [Command processor thread] INFO  server.RaftServer (RaftServerProxy.java:remove(106)) - f0d18f37-c034-4e65-b036-926f7b7a2e40: remove    LEADER f0d18f37-c034-4e65-b036-926f7b7a2e40@group-7A06744B07B2:t1, leader=f0d18f37-c034-4e65-b036-926f7b7a2e40, voted=f0d18f37-c034-4e65-b036-926f7b7a2e40, raftlog=f0d18f37-c034-4e65-b036-926f7b7a2e40@group-7A06744B07B2-SegmentedRaftLog:OPENED:c0,f0,i0, conf=0: [f0d18f37-c034-4e65-b036-926f7b7a2e40|rpc:10.1.0.43:45755|dataStream:|priority:1, 1514860f-d988-4646-88fa-884730dadadc|rpc:10.1.0.43:42983|dataStream:|priority:0, 41bce2b3-bc14-4594-98d7-18715bf094e4|rpc:10.1.0.43:36265|dataStream:|priority:0], old=null RUNNING
2021-06-11 19:07:36,637 [Command processor thread] INFO  server.RaftServer$Division (RaftServerImpl.java:lambda$close$4(406)) - f0d18f37-c034-4e65-b036-926f7b7a2e40@group-7A06744B07B2: shutdown
2021-06-11 19:07:36,637 [Command processor thread] INFO  util.JmxRegister (JmxRegister.java:unregister(73)) - Successfully un-registered JMX Bean with object name Ratis:service=RaftServer,group=group-7A06744B07B2,id=f0d18f37-c034-4e65-b036-926f7b7a2e40
2021-06-11 19:07:36,637 [Command processor thread] INFO  impl.RoleInfo (RoleInfo.java:shutdownLeaderState(91)) - f0d18f37-c034-4e65-b036-926f7b7a2e40: shutdown f0d18f37-c034-4e65-b036-926f7b7a2e40@group-7A06744B07B2-LeaderStateImpl
2021-06-11 19:07:36,638 [Command processor thread] INFO  metrics.RatisMetrics (RatisMetrics.java:unregister(43)) - Unregistering Metrics Registry : ratis_grpc.log_appender.f0d18f37-c034-4e65-b036-926f7b7a2e40@group-7A06744B07B2
2021-06-11 19:07:36,638 [Command processor thread] INFO  metrics.RatisMetrics (RatisMetrics.java:unregister(43)) - Unregistering Metrics Registry : ratis_grpc.log_appender.f0d18f37-c034-4e65-b036-926f7b7a2e40@group-7A06744B07B2
2021-06-11 19:07:36,638 [Command processor thread] INFO  impl.PendingRequests (PendingRequests.java:sendNotLeaderResponses(249)) - f0d18f37-c034-4e65-b036-926f7b7a2e40@group-7A06744B07B2-PendingRequests: sendNotLeaderResponses
2021-06-11 19:07:36,638 [Command processor thread] INFO  metrics.RatisMetrics (RatisMetrics.java:unregister(43)) - Unregistering Metrics Registry : ratis.log_appender.f0d18f37-c034-4e65-b036-926f7b7a2e40@group-7A06744B07B2
2021-06-11 19:07:36,638 [Command processor thread] INFO  metrics.RatisMetrics (RatisMetrics.java:unregister(43)) - Unregistering Metrics Registry : ratis.server.f0d18f37-c034-4e65-b036-926f7b7a2e40@group-7A06744B07B2
2021-06-11 19:07:36,638 [Command processor thread] INFO  impl.StateMachineUpdater (StateMachineUpdater.java:stopAndJoin(149)) - f0d18f37-c034-4e65-b036-926f7b7a2e40@group-7A06744B07B2-StateMachineUpdater: set stopIndex = 0
2021-06-11 19:07:36,638 [f0d18f37-c034-4e65-b036-926f7b7a2e40@group-7A06744B07B2->41bce2b3-bc14-4594-98d7-18715bf094e4-GrpcLogAppender-LogAppenderDaemon] WARN  server.GrpcLogAppender (GrpcLogAppender.java:mayWait(175)) - f0d18f37-c034-4e65-b036-926f7b7a2e40@group-7A06744B07B2->41bce2b3-bc14-4594-98d7-18715bf094e4-GrpcLogAppender: Wait interrupted by java.lang.InterruptedException
2021-06-11 19:07:36,640 [f0d18f37-c034-4e65-b036-926f7b7a2e40@group-7A06744B07B2-StateMachineUpdater] INFO  ratis.ContainerStateMachine (ContainerStateMachine.java:takeSnapshot(292)) - group-7A06744B07B2: Taking a snapshot at:(t:1, i:0) file /home/runner/work/ozone/ozone/mnt/ozone/hadoop-ozone/integration-test/target/test-dir/MiniOzoneClusterImpl-7f30813a-d1ba-41a1-975d-e59f1b24795c/datanode-1/data/ratis/98922251-7eaa-4d63-82ed-7a06744b07b2/sm/snapshot.1_0
2021-06-11 19:07:36,641 [f0d18f37-c034-4e65-b036-926f7b7a2e40@group-7A06744B07B2-StateMachineUpdater] INFO  ratis.ContainerStateMachine (ContainerStateMachine.java:takeSnapshot(303)) - group-7A06744B07B2: Finished taking a snapshot at:(t:1, i:0) file:/home/runner/work/ozone/ozone/mnt/ozone/hadoop-ozone/integration-test/target/test-dir/MiniOzoneClusterImpl-7f30813a-d1ba-41a1-975d-e59f1b24795c/datanode-1/data/ratis/98922251-7eaa-4d63-82ed-7a06744b07b2/sm/snapshot.1_0 took: 1 ms
2021-06-11 19:07:36,641 [grpc-default-executor-5] INFO  server.GrpcServerProtocolService (GrpcServerProtocolService.java:onCompleted(140)) - 41bce2b3-bc14-4594-98d7-18715bf094e4: Completed APPEND_ENTRIES, lastRequest: f0d18f37-c034-4e65-b036-926f7b7a2e40->41bce2b3-bc14-4594-98d7-18715bf094e4#1-t1,previous=(t:0, i:0),leaderCommit=0,initializing? true,entries: size=1, first=(t:1, i:0), CONFIGURATIONENTRY
2021-06-11 19:07:36,641 [f0d18f37-c034-4e65-b036-926f7b7a2e40@group-7A06744B07B2-StateMachineUpdater] INFO  impl.StateMachineUpdater (StateMachineUpdater.java:takeSnapshot(281)) - f0d18f37-c034-4e65-b036-926f7b7a2e40@group-7A06744B07B2-StateMachineUpdater: Took a snapshot at index 0
2021-06-11 19:07:36,641 [f0d18f37-c034-4e65-b036-926f7b7a2e40@group-7A06744B07B2-StateMachineUpdater] INFO  impl.StateMachineUpdater (StateMachineUpdater.java:lambda$new$0(89)) - f0d18f37-c034-4e65-b036-926f7b7a2e40@group-7A06744B07B2-StateMachineUpdater: snapshotIndex: updateIncreasingly -1 -> 0
2021-06-11 19:07:36,641 [f0d18f37-c034-4e65-b036-926f7b7a2e40@group-7A06744B07B2-StateMachineUpdater] INFO  metrics.RatisMetrics (RatisMetrics.java:unregister(43)) - Unregistering Metrics Registry : ratis.state_machine.f0d18f37-c034-4e65-b036-926f7b7a2e40@group-7A06744B07B2
2021-06-11 19:07:36,642 [grpc-default-executor-5] INFO  server.GrpcLogAppender (GrpcLogAppender.java:onCompleted(344)) - f0d18f37-c034-4e65-b036-926f7b7a2e40@group-7A06744B07B2->41bce2b3-bc14-4594-98d7-18715bf094e4-AppendLogResponseHandler: follower responses appendEntries COMPLETED
2021-06-11 19:07:36,642 [grpc-default-executor-5] INFO  leader.FollowerInfo (FollowerInfoImpl.java:lambda$new$0(46)) - f0d18f37-c034-4e65-b036-926f7b7a2e40@group-7A06744B07B2->41bce2b3-bc14-4594-98d7-18715bf094e4: nextIndex: updateUnconditionally 1 -> 0
2021-06-11 19:07:36,643 [Command processor thread] INFO  server.RaftServer$Division (ServerState.java:close(405)) - f0d18f37-c034-4e65-b036-926f7b7a2e40@group-7A06744B07B2: closes. applyIndex: 0
2021-06-11 19:07:36,643 [f0d18f37-c034-4e65-b036-926f7b7a2e40@group-7A06744B07B2-SegmentedRaftLogWorker] INFO  segmented.SegmentedRaftLogWorker (SegmentedRaftLogWorker.java:run(327)) - f0d18f37-c034-4e65-b036-926f7b7a2e40@group-7A06744B07B2-SegmentedRaftLogWorker was interrupted, exiting. There are 0 tasks remaining in the queue.
2021-06-11 19:07:36,649 [Command processor thread] INFO  segmented.SegmentedRaftLogWorker (SegmentedRaftLogWorker.java:close(237)) - f0d18f37-c034-4e65-b036-926f7b7a2e40@group-7A06744B07B2-SegmentedRaftLogWorker close()
2021-06-11 19:07:36,650 [Command processor thread] INFO  metrics.RatisMetrics (RatisMetrics.java:unregister(43)) - Unregistering Metrics Registry : ratis.log_worker.f0d18f37-c034-4e65-b036-926f7b7a2e40@group-7A06744B07B2
2021-06-11 19:07:36,650 [Command processor thread] INFO  metrics.RatisMetrics (RatisMetrics.java:unregister(43)) - Unregistering Metrics Registry : ratis.leader_election.f0d18f37-c034-4e65-b036-926f7b7a2e40@group-7A06744B07B2
2021-06-11 19:07:36,650 [Command processor thread] INFO  metrics.RatisMetrics (RatisMetrics.java:unregister(43)) - Unregistering Metrics Registry : ratis.server.f0d18f37-c034-4e65-b036-926f7b7a2e40@group-7A06744B07B2
2021-06-11 19:07:36,651 [Command processor thread] INFO  server.RaftServer$Division (RaftServerImpl.java:groupRemove(376)) - f0d18f37-c034-4e65-b036-926f7b7a2e40@group-7A06744B07B2: Succeed to remove RaftStorageDirectory Storage Directory /home/runner/work/ozone/ozone/mnt/ozone/hadoop-ozone/integration-test/target/test-dir/MiniOzoneClusterImpl-7f30813a-d1ba-41a1-975d-e59f1b24795c/datanode-1/data/ratis/98922251-7eaa-4d63-82ed-7a06744b07b2
2021-06-11 19:07:36,651 [Command processor thread] INFO  commandhandler.ClosePipelineCommandHandler (ClosePipelineCommandHandler.java:handle(75)) - Close Pipeline PipelineID=98922251-7eaa-4d63-82ed-7a06744b07b2 command on datanode f0d18f37-c034-4e65-b036-926f7b7a2e40.
2021-06-11 19:07:36,651 [Command processor thread] INFO  server.RaftServer (RaftServerProxy.java:remove(106)) - f0d18f37-c034-4e65-b036-926f7b7a2e40: remove  FOLLOWER f0d18f37-c034-4e65-b036-926f7b7a2e40@group-A0934D54B14C:t1, leader=41bce2b3-bc14-4594-98d7-18715bf094e4, voted=41bce2b3-bc14-4594-98d7-18715bf094e4, raftlog=f0d18f37-c034-4e65-b036-926f7b7a2e40@group-A0934D54B14C-SegmentedRaftLog:OPENED:c0,f0,i0, conf=0: [f0d18f37-c034-4e65-b036-926f7b7a2e40|rpc:10.1.0.43:45755|dataStream:|priority:0, 1514860f-d988-4646-88fa-884730dadadc|rpc:10.1.0.43:42983|dataStream:|priority:0, 41bce2b3-bc14-4594-98d7-18715bf094e4|rpc:10.1.0.43:36265|dataStream:|priority:1], old=null RUNNING
2021-06-11 19:07:36,651 [Command processor thread] INFO  server.RaftServer$Division (RaftServerImpl.java:lambda$close$4(406)) - f0d18f37-c034-4e65-b036-926f7b7a2e40@group-A0934D54B14C: shutdown
2021-06-11 19:07:36,651 [Command processor thread] INFO  util.JmxRegister (JmxRegister.java:unregister(73)) - Successfully un-registered JMX Bean with object name Ratis:service=RaftServer,group=group-A0934D54B14C,id=f0d18f37-c034-4e65-b036-926f7b7a2e40
2021-06-11 19:07:36,651 [Command processor thread] INFO  impl.RoleInfo (RoleInfo.java:shutdownFollowerState(108)) - f0d18f37-c034-4e65-b036-926f7b7a2e40: shutdown f0d18f37-c034-4e65-b036-926f7b7a2e40@group-A0934D54B14C-FollowerState
2021-06-11 19:07:36,651 [f0d18f37-c034-4e65-b036-926f7b7a2e40@group-A0934D54B14C-FollowerState] INFO  impl.FollowerState (FollowerState.java:run(143)) - f0d18f37-c034-4e65-b036-926f7b7a2e40@group-A0934D54B14C-FollowerState was interrupted: {}
java.lang.InterruptedException: sleep interrupted
	at java.lang.Thread.sleep(Native Method)
	at java.lang.Thread.sleep(Thread.java:340)
	at java.util.concurrent.TimeUnit.sleep(TimeUnit.java:386)
	at org.apache.ratis.util.TimeDuration.sleep(TimeDuration.java:324)
	at org.apache.ratis.util.TimeDuration.sleep(TimeDuration.java:309)
	at org.apache.ratis.server.impl.FollowerState.run(FollowerState.java:118)
2021-06-11 19:07:36,651 [Command processor thread] INFO  impl.StateMachineUpdater (StateMachineUpdater.java:stopAndJoin(149)) - f0d18f37-c034-4e65-b036-926f7b7a2e40@group-A0934D54B14C-StateMachineUpdater: set stopIndex = 0
2021-06-11 19:07:36,652 [f0d18f37-c034-4e65-b036-926f7b7a2e40@group-A0934D54B14C-StateMachineUpdater] INFO  ratis.ContainerStateMachine (ContainerStateMachine.java:takeSnapshot(292)) - group-A0934D54B14C: Taking a snapshot at:(t:1, i:0) file /home/runner/work/ozone/ozone/mnt/ozone/hadoop-ozone/integration-test/target/test-dir/MiniOzoneClusterImpl-7f30813a-d1ba-41a1-975d-e59f1b24795c/datanode-1/data/ratis/da2b4bb3-8ca4-433a-a644-a0934d54b14c/sm/snapshot.1_0
2021-06-11 19:07:36,653 [f0d18f37-c034-4e65-b036-926f7b7a2e40@group-A0934D54B14C-StateMachineUpdater] INFO  ratis.ContainerStateMachine (ContainerStateMachine.java:takeSnapshot(303)) - group-A0934D54B14C: Finished taking a snapshot at:(t:1, i:0) file:/home/runner/work/ozone/ozone/mnt/ozone/hadoop-ozone/integration-test/target/test-dir/MiniOzoneClusterImpl-7f30813a-d1ba-41a1-975d-e59f1b24795c/datanode-1/data/ratis/da2b4bb3-8ca4-433a-a644-a0934d54b14c/sm/snapshot.1_0 took: 1 ms
2021-06-11 19:07:36,653 [f0d18f37-c034-4e65-b036-926f7b7a2e40@group-A0934D54B14C-StateMachineUpdater] INFO  impl.StateMachineUpdater (StateMachineUpdater.java:takeSnapshot(281)) - f0d18f37-c034-4e65-b036-926f7b7a2e40@group-A0934D54B14C-StateMachineUpdater: Took a snapshot at index 0
2021-06-11 19:07:36,654 [f0d18f37-c034-4e65-b036-926f7b7a2e40@group-A0934D54B14C-StateMachineUpdater] INFO  impl.StateMachineUpdater (StateMachineUpdater.java:lambda$new$0(89)) - f0d18f37-c034-4e65-b036-926f7b7a2e40@group-A0934D54B14C-StateMachineUpdater: snapshotIndex: updateIncreasingly -1 -> 0
2021-06-11 19:07:36,654 [f0d18f37-c034-4e65-b036-926f7b7a2e40@group-A0934D54B14C-StateMachineUpdater] INFO  metrics.RatisMetrics (RatisMetrics.java:unregister(43)) - Unregistering Metrics Registry : ratis.state_machine.f0d18f37-c034-4e65-b036-926f7b7a2e40@group-A0934D54B14C
2021-06-11 19:07:36,654 [Command processor thread] INFO  server.RaftServer$Division (ServerState.java:close(405)) - f0d18f37-c034-4e65-b036-926f7b7a2e40@group-A0934D54B14C: closes. applyIndex: 0
2021-06-11 19:07:36,654 [f0d18f37-c034-4e65-b036-926f7b7a2e40@group-A0934D54B14C-SegmentedRaftLogWorker] INFO  segmented.SegmentedRaftLogWorker (SegmentedRaftLogWorker.java:run(327)) - f0d18f37-c034-4e65-b036-926f7b7a2e40@group-A0934D54B14C-SegmentedRaftLogWorker was interrupted, exiting. There are 0 tasks remaining in the queue.
2021-06-11 19:07:36,655 [Command processor thread] INFO  segmented.SegmentedRaftLogWorker (SegmentedRaftLogWorker.java:close(237)) - f0d18f37-c034-4e65-b036-926f7b7a2e40@group-A0934D54B14C-SegmentedRaftLogWorker close()
2021-06-11 19:07:36,656 [Command processor thread] INFO  metrics.RatisMetrics (RatisMetrics.java:unregister(43)) - Unregistering Metrics Registry : ratis.log_worker.f0d18f37-c034-4e65-b036-926f7b7a2e40@group-A0934D54B14C
2021-06-11 19:07:36,656 [Command processor thread] INFO  metrics.RatisMetrics (RatisMetrics.java:unregister(43)) - Unregistering Metrics Registry : ratis.leader_election.f0d18f37-c034-4e65-b036-926f7b7a2e40@group-A0934D54B14C
2021-06-11 19:07:36,656 [Command processor thread] INFO  metrics.RatisMetrics (RatisMetrics.java:unregister(43)) - Unregistering Metrics Registry : ratis.server.f0d18f37-c034-4e65-b036-926f7b7a2e40@group-A0934D54B14C
2021-06-11 19:07:36,657 [Command processor thread] INFO  server.RaftServer$Division (RaftServerImpl.java:groupRemove(376)) - f0d18f37-c034-4e65-b036-926f7b7a2e40@group-A0934D54B14C: Succeed to remove RaftStorageDirectory Storage Directory /home/runner/work/ozone/ozone/mnt/ozone/hadoop-ozone/integration-test/target/test-dir/MiniOzoneClusterImpl-7f30813a-d1ba-41a1-975d-e59f1b24795c/datanode-1/data/ratis/da2b4bb3-8ca4-433a-a644-a0934d54b14c
2021-06-11 19:07:36,657 [Command processor thread] INFO  commandhandler.ClosePipelineCommandHandler (ClosePipelineCommandHandler.java:handle(75)) - Close Pipeline PipelineID=da2b4bb3-8ca4-433a-a644-a0934d54b14c command on datanode f0d18f37-c034-4e65-b036-926f7b7a2e40.
2021-06-11 19:07:37,076 [grpc-default-executor-5] WARN  server.GrpcLogAppender (LogUtils.java:warn(122)) - 41bce2b3-bc14-4594-98d7-18715bf094e4@group-A0934D54B14C->1514860f-d988-4646-88fa-884730dadadc-AppendLogResponseHandler: Failed appendEntries: org.apache.ratis.thirdparty.io.grpc.StatusRuntimeException: UNAVAILABLE: io exception
2021-06-11 19:07:37,077 [grpc-default-executor-5] WARN  server.GrpcLogAppender (GrpcLogAppender.java:resetClient(111)) - 41bce2b3-bc14-4594-98d7-18715bf094e4@group-A0934D54B14C->1514860f-d988-4646-88fa-884730dadadc-GrpcLogAppender: Leader has not got in touch with Follower 41bce2b3-bc14-4594-98d7-18715bf094e4@group-A0934D54B14C->1514860f-d988-4646-88fa-884730dadadc(c0,m0,n1, attendVote=true, lastRpcSendTime=0, lastRpcResponseTime=17506) yet, just keep nextIndex unchanged and retry.
2021-06-11 19:07:37,680 [Command processor thread] INFO  server.RaftServer (RaftServerProxy.java:remove(106)) - 41bce2b3-bc14-4594-98d7-18715bf094e4: remove  FOLLOWER 41bce2b3-bc14-4594-98d7-18715bf094e4@group-7A06744B07B2:t1, leader=f0d18f37-c034-4e65-b036-926f7b7a2e40, voted=f0d18f37-c034-4e65-b036-926f7b7a2e40, raftlog=41bce2b3-bc14-4594-98d7-18715bf094e4@group-7A06744B07B2-SegmentedRaftLog:OPENED:c0,f0,i0, conf=0: [f0d18f37-c034-4e65-b036-926f7b7a2e40|rpc:10.1.0.43:45755|dataStream:|priority:1, 1514860f-d988-4646-88fa-884730dadadc|rpc:10.1.0.43:42983|dataStream:|priority:0, 41bce2b3-bc14-4594-98d7-18715bf094e4|rpc:10.1.0.43:36265|dataStream:|priority:0], old=null RUNNING
2021-06-11 19:07:37,681 [Command processor thread] INFO  server.RaftServer$Division (RaftServerImpl.java:lambda$close$4(406)) - 41bce2b3-bc14-4594-98d7-18715bf094e4@group-7A06744B07B2: shutdown
2021-06-11 19:07:37,682 [Command processor thread] INFO  util.JmxRegister (JmxRegister.java:unregister(73)) - Successfully un-registered JMX Bean with object name Ratis:service=RaftServer,group=group-7A06744B07B2,id=41bce2b3-bc14-4594-98d7-18715bf094e4
2021-06-11 19:07:37,682 [Command processor thread] INFO  impl.RoleInfo (RoleInfo.java:shutdownFollowerState(108)) - 41bce2b3-bc14-4594-98d7-18715bf094e4: shutdown 41bce2b3-bc14-4594-98d7-18715bf094e4@group-7A06744B07B2-FollowerState
2021-06-11 19:07:37,682 [Command processor thread] INFO  impl.StateMachineUpdater (StateMachineUpdater.java:stopAndJoin(149)) - 41bce2b3-bc14-4594-98d7-18715bf094e4@group-7A06744B07B2-StateMachineUpdater: set stopIndex = 0
2021-06-11 19:07:37,682 [41bce2b3-bc14-4594-98d7-18715bf094e4@group-7A06744B07B2-FollowerState] INFO  impl.FollowerState (FollowerState.java:run(143)) - 41bce2b3-bc14-4594-98d7-18715bf094e4@group-7A06744B07B2-FollowerState was interrupted: {}
java.lang.InterruptedException: sleep interrupted
	at java.lang.Thread.sleep(Native Method)
	at java.lang.Thread.sleep(Thread.java:340)
	at java.util.concurrent.TimeUnit.sleep(TimeUnit.java:386)
	at org.apache.ratis.util.TimeDuration.sleep(TimeDuration.java:324)
	at org.apache.ratis.util.TimeDuration.sleep(TimeDuration.java:309)
	at org.apache.ratis.server.impl.FollowerState.run(FollowerState.java:118)
2021-06-11 19:07:37,682 [41bce2b3-bc14-4594-98d7-18715bf094e4@group-7A06744B07B2-StateMachineUpdater] INFO  ratis.ContainerStateMachine (ContainerStateMachine.java:takeSnapshot(292)) - group-7A06744B07B2: Taking a snapshot at:(t:1, i:0) file /home/runner/work/ozone/ozone/mnt/ozone/hadoop-ozone/integration-test/target/test-dir/MiniOzoneClusterImpl-7f30813a-d1ba-41a1-975d-e59f1b24795c/datanode-2/data/ratis/98922251-7eaa-4d63-82ed-7a06744b07b2/sm/snapshot.1_0
2021-06-11 19:07:37,683 [41bce2b3-bc14-4594-98d7-18715bf094e4@group-7A06744B07B2-StateMachineUpdater] INFO  ratis.ContainerStateMachine (ContainerStateMachine.java:takeSnapshot(303)) - group-7A06744B07B2: Finished taking a snapshot at:(t:1, i:0) file:/home/runner/work/ozone/ozone/mnt/ozone/hadoop-ozone/integration-test/target/test-dir/MiniOzoneClusterImpl-7f30813a-d1ba-41a1-975d-e59f1b24795c/datanode-2/data/ratis/98922251-7eaa-4d63-82ed-7a06744b07b2/sm/snapshot.1_0 took: 1 ms
2021-06-11 19:07:37,683 [41bce2b3-bc14-4594-98d7-18715bf094e4@group-7A06744B07B2-StateMachineUpdater] INFO  impl.StateMachineUpdater (StateMachineUpdater.java:takeSnapshot(281)) - 41bce2b3-bc14-4594-98d7-18715bf094e4@group-7A06744B07B2-StateMachineUpdater: Took a snapshot at index 0
2021-06-11 19:07:37,683 [41bce2b3-bc14-4594-98d7-18715bf094e4@group-7A06744B07B2-StateMachineUpdater] INFO  impl.StateMachineUpdater (StateMachineUpdater.java:lambda$new$0(89)) - 41bce2b3-bc14-4594-98d7-18715bf094e4@group-7A06744B07B2-StateMachineUpdater: snapshotIndex: updateIncreasingly -1 -> 0
2021-06-11 19:07:37,684 [41bce2b3-bc14-4594-98d7-18715bf094e4@group-7A06744B07B2-StateMachineUpdater] INFO  metrics.RatisMetrics (RatisMetrics.java:unregister(43)) - Unregistering Metrics Registry : ratis.state_machine.41bce2b3-bc14-4594-98d7-18715bf094e4@group-7A06744B07B2
2021-06-11 19:07:37,684 [Command processor thread] INFO  server.RaftServer$Division (ServerState.java:close(405)) - 41bce2b3-bc14-4594-98d7-18715bf094e4@group-7A06744B07B2: closes. applyIndex: 0
2021-06-11 19:07:37,684 [41bce2b3-bc14-4594-98d7-18715bf094e4@group-7A06744B07B2-SegmentedRaftLogWorker] INFO  segmented.SegmentedRaftLogWorker (SegmentedRaftLogWorker.java:run(327)) - 41bce2b3-bc14-4594-98d7-18715bf094e4@group-7A06744B07B2-SegmentedRaftLogWorker was interrupted, exiting. There are 0 tasks remaining in the queue.
2021-06-11 19:07:37,686 [Command processor thread] INFO  segmented.SegmentedRaftLogWorker (SegmentedRaftLogWorker.java:close(237)) - 41bce2b3-bc14-4594-98d7-18715bf094e4@group-7A06744B07B2-SegmentedRaftLogWorker close()
2021-06-11 19:07:37,688 [Command processor thread] INFO  metrics.RatisMetrics (RatisMetrics.java:unregister(43)) - Unregistering Metrics Registry : ratis.log_worker.41bce2b3-bc14-4594-98d7-18715bf094e4@group-7A06744B07B2
2021-06-11 19:07:37,688 [Command processor thread] INFO  metrics.RatisMetrics (RatisMetrics.java:unregister(43)) - Unregistering Metrics Registry : ratis.leader_election.41bce2b3-bc14-4594-98d7-18715bf094e4@group-7A06744B07B2
2021-06-11 19:07:37,688 [Command processor thread] INFO  metrics.RatisMetrics (RatisMetrics.java:unregister(43)) - Unregistering Metrics Registry : ratis.server.41bce2b3-bc14-4594-98d7-18715bf094e4@group-7A06744B07B2
2021-06-11 19:07:37,689 [Command processor thread] INFO  server.RaftServer$Division (RaftServerImpl.java:groupRemove(376)) - 41bce2b3-bc14-4594-98d7-18715bf094e4@group-7A06744B07B2: Succeed to remove RaftStorageDirectory Storage Directory /home/runner/work/ozone/ozone/mnt/ozone/hadoop-ozone/integration-test/target/test-dir/MiniOzoneClusterImpl-7f30813a-d1ba-41a1-975d-e59f1b24795c/datanode-2/data/ratis/98922251-7eaa-4d63-82ed-7a06744b07b2
2021-06-11 19:07:37,689 [Command processor thread] INFO  commandhandler.ClosePipelineCommandHandler (ClosePipelineCommandHandler.java:handle(75)) - Close Pipeline PipelineID=98922251-7eaa-4d63-82ed-7a06744b07b2 command on datanode 41bce2b3-bc14-4594-98d7-18715bf094e4.
2021-06-11 19:07:37,689 [Command processor thread] INFO  server.RaftServer (RaftServerProxy.java:remove(106)) - 41bce2b3-bc14-4594-98d7-18715bf094e4: remove    LEADER 41bce2b3-bc14-4594-98d7-18715bf094e4@group-A0934D54B14C:t1, leader=41bce2b3-bc14-4594-98d7-18715bf094e4, voted=41bce2b3-bc14-4594-98d7-18715bf094e4, raftlog=41bce2b3-bc14-4594-98d7-18715bf094e4@group-A0934D54B14C-SegmentedRaftLog:OPENED:c0,f0,i0, conf=0: [f0d18f37-c034-4e65-b036-926f7b7a2e40|rpc:10.1.0.43:45755|dataStream:|priority:0, 1514860f-d988-4646-88fa-884730dadadc|rpc:10.1.0.43:42983|dataStream:|priority:0, 41bce2b3-bc14-4594-98d7-18715bf094e4|rpc:10.1.0.43:36265|dataStream:|priority:1], old=null RUNNING
2021-06-11 19:07:37,689 [Command processor thread] INFO  server.RaftServer$Division (RaftServerImpl.java:lambda$close$4(406)) - 41bce2b3-bc14-4594-98d7-18715bf094e4@group-A0934D54B14C: shutdown
2021-06-11 19:07:37,689 [Command processor thread] INFO  util.JmxRegister (JmxRegister.java:unregister(73)) - Successfully un-registered JMX Bean with object name Ratis:service=RaftServer,group=group-A0934D54B14C,id=41bce2b3-bc14-4594-98d7-18715bf094e4
2021-06-11 19:07:37,689 [Command processor thread] INFO  impl.RoleInfo (RoleInfo.java:shutdownLeaderState(91)) - 41bce2b3-bc14-4594-98d7-18715bf094e4: shutdown 41bce2b3-bc14-4594-98d7-18715bf094e4@group-A0934D54B14C-LeaderStateImpl
2021-06-11 19:07:37,689 [Command processor thread] INFO  metrics.RatisMetrics (RatisMetrics.java:unregister(43)) - Unregistering Metrics Registry : ratis_grpc.log_appender.41bce2b3-bc14-4594-98d7-18715bf094e4@group-A0934D54B14C
2021-06-11 19:07:37,690 [41bce2b3-bc14-4594-98d7-18715bf094e4@group-A0934D54B14C->f0d18f37-c034-4e65-b036-926f7b7a2e40-GrpcLogAppender-LogAppenderDaemon] WARN  server.GrpcLogAppender (GrpcLogAppender.java:mayWait(175)) - 41bce2b3-bc14-4594-98d7-18715bf094e4@group-A0934D54B14C->f0d18f37-c034-4e65-b036-926f7b7a2e40-GrpcLogAppender: Wait interrupted by java.lang.InterruptedException
2021-06-11 19:07:37,690 [grpc-default-executor-5] INFO  server.GrpcServerProtocolService (GrpcServerProtocolService.java:onCompleted(140)) - f0d18f37-c034-4e65-b036-926f7b7a2e40: Completed APPEND_ENTRIES, lastRequest: 41bce2b3-bc14-4594-98d7-18715bf094e4->f0d18f37-c034-4e65-b036-926f7b7a2e40#1-t1,previous=(t:0, i:0),leaderCommit=0,initializing? true,entries: size=1, first=(t:1, i:0), CONFIGURATIONENTRY
2021-06-11 19:07:37,691 [grpc-default-executor-1] INFO  server.GrpcLogAppender (GrpcLogAppender.java:onCompleted(344)) - 41bce2b3-bc14-4594-98d7-18715bf094e4@group-A0934D54B14C->f0d18f37-c034-4e65-b036-926f7b7a2e40-AppendLogResponseHandler: follower responses appendEntries COMPLETED
2021-06-11 19:07:37,691 [grpc-default-executor-1] INFO  leader.FollowerInfo (FollowerInfoImpl.java:lambda$new$0(46)) - 41bce2b3-bc14-4594-98d7-18715bf094e4@group-A0934D54B14C->f0d18f37-c034-4e65-b036-926f7b7a2e40: nextIndex: updateUnconditionally 1 -> 0
2021-06-11 19:07:37,695 [Command processor thread] INFO  metrics.RatisMetrics (RatisMetrics.java:unregister(43)) - Unregistering Metrics Registry : ratis_grpc.log_appender.41bce2b3-bc14-4594-98d7-18715bf094e4@group-A0934D54B14C
2021-06-11 19:07:37,695 [Command processor thread] INFO  impl.PendingRequests (PendingRequests.java:sendNotLeaderResponses(249)) - 41bce2b3-bc14-4594-98d7-18715bf094e4@group-A0934D54B14C-PendingRequests: sendNotLeaderResponses
2021-06-11 19:07:37,695 [Command processor thread] INFO  metrics.RatisMetrics (RatisMetrics.java:unregister(43)) - Unregistering Metrics Registry : ratis.log_appender.41bce2b3-bc14-4594-98d7-18715bf094e4@group-A0934D54B14C
2021-06-11 19:07:37,695 [Command processor thread] INFO  metrics.RatisMetrics (RatisMetrics.java:unregister(43)) - Unregistering Metrics Registry : ratis.server.41bce2b3-bc14-4594-98d7-18715bf094e4@group-A0934D54B14C
2021-06-11 19:07:37,696 [Command processor thread] INFO  impl.StateMachineUpdater (StateMachineUpdater.java:stopAndJoin(149)) - 41bce2b3-bc14-4594-98d7-18715bf094e4@group-A0934D54B14C-StateMachineUpdater: set stopIndex = 0
2021-06-11 19:07:37,696 [41bce2b3-bc14-4594-98d7-18715bf094e4@group-A0934D54B14C-StateMachineUpdater] INFO  ratis.ContainerStateMachine (ContainerStateMachine.java:takeSnapshot(292)) - group-A0934D54B14C: Taking a snapshot at:(t:1, i:0) file /home/runner/work/ozone/ozone/mnt/ozone/hadoop-ozone/integration-test/target/test-dir/MiniOzoneClusterImpl-7f30813a-d1ba-41a1-975d-e59f1b24795c/datanode-2/data/ratis/da2b4bb3-8ca4-433a-a644-a0934d54b14c/sm/snapshot.1_0
2021-06-11 19:07:37,697 [41bce2b3-bc14-4594-98d7-18715bf094e4@group-A0934D54B14C-StateMachineUpdater] INFO  ratis.ContainerStateMachine (ContainerStateMachine.java:takeSnapshot(303)) - group-A0934D54B14C: Finished taking a snapshot at:(t:1, i:0) file:/home/runner/work/ozone/ozone/mnt/ozone/hadoop-ozone/integration-test/target/test-dir/MiniOzoneClusterImpl-7f30813a-d1ba-41a1-975d-e59f1b24795c/datanode-2/data/ratis/da2b4bb3-8ca4-433a-a644-a0934d54b14c/sm/snapshot.1_0 took: 1 ms
2021-06-11 19:07:37,697 [41bce2b3-bc14-4594-98d7-18715bf094e4@group-A0934D54B14C-StateMachineUpdater] INFO  impl.StateMachineUpdater (StateMachineUpdater.java:takeSnapshot(281)) - 41bce2b3-bc14-4594-98d7-18715bf094e4@group-A0934D54B14C-StateMachineUpdater: Took a snapshot at index 0
2021-06-11 19:07:37,697 [41bce2b3-bc14-4594-98d7-18715bf094e4@group-A0934D54B14C-StateMachineUpdater] INFO  impl.StateMachineUpdater (StateMachineUpdater.java:lambda$new$0(89)) - 41bce2b3-bc14-4594-98d7-18715bf094e4@group-A0934D54B14C-StateMachineUpdater: snapshotIndex: updateIncreasingly -1 -> 0
2021-06-11 19:07:37,697 [41bce2b3-bc14-4594-98d7-18715bf094e4@group-A0934D54B14C-StateMachineUpdater] INFO  metrics.RatisMetrics (RatisMetrics.java:unregister(43)) - Unregistering Metrics Registry : ratis.state_machine.41bce2b3-bc14-4594-98d7-18715bf094e4@group-A0934D54B14C
2021-06-11 19:07:37,697 [Command processor thread] INFO  server.RaftServer$Division (ServerState.java:close(405)) - 41bce2b3-bc14-4594-98d7-18715bf094e4@group-A0934D54B14C: closes. applyIndex: 0
2021-06-11 19:07:37,697 [41bce2b3-bc14-4594-98d7-18715bf094e4@group-A0934D54B14C-SegmentedRaftLogWorker] INFO  segmented.SegmentedRaftLogWorker (SegmentedRaftLogWorker.java:run(327)) - 41bce2b3-bc14-4594-98d7-18715bf094e4@group-A0934D54B14C-SegmentedRaftLogWorker was interrupted, exiting. There are 0 tasks remaining in the queue.
2021-06-11 19:07:37,700 [Command processor thread] INFO  segmented.SegmentedRaftLogWorker (SegmentedRaftLogWorker.java:close(237)) - 41bce2b3-bc14-4594-98d7-18715bf094e4@group-A0934D54B14C-SegmentedRaftLogWorker close()
2021-06-11 19:07:37,700 [Command processor thread] INFO  metrics.RatisMetrics (RatisMetrics.java:unregister(43)) - Unregistering Metrics Registry : ratis.log_worker.41bce2b3-bc14-4594-98d7-18715bf094e4@group-A0934D54B14C
2021-06-11 19:07:37,701 [Command processor thread] INFO  metrics.RatisMetrics (RatisMetrics.java:unregister(43)) - Unregistering Metrics Registry : ratis.leader_election.41bce2b3-bc14-4594-98d7-18715bf094e4@group-A0934D54B14C
2021-06-11 19:07:37,701 [Command processor thread] INFO  metrics.RatisMetrics (RatisMetrics.java:unregister(43)) - Unregistering Metrics Registry : ratis.server.41bce2b3-bc14-4594-98d7-18715bf094e4@group-A0934D54B14C
2021-06-11 19:07:37,701 [Command processor thread] INFO  server.RaftServer$Division (RaftServerImpl.java:groupRemove(376)) - 41bce2b3-bc14-4594-98d7-18715bf094e4@group-A0934D54B14C: Succeed to remove RaftStorageDirectory Storage Directory /home/runner/work/ozone/ozone/mnt/ozone/hadoop-ozone/integration-test/target/test-dir/MiniOzoneClusterImpl-7f30813a-d1ba-41a1-975d-e59f1b24795c/datanode-2/data/ratis/da2b4bb3-8ca4-433a-a644-a0934d54b14c
2021-06-11 19:07:37,701 [Command processor thread] INFO  commandhandler.ClosePipelineCommandHandler (ClosePipelineCommandHandler.java:handle(75)) - Close Pipeline PipelineID=da2b4bb3-8ca4-433a-a644-a0934d54b14c command on datanode 41bce2b3-bc14-4594-98d7-18715bf094e4.
2021-06-11 19:07:50,679 [Listener at 127.0.0.1/43957] WARN  io.KeyOutputStream (KeyOutputStream.java:handleException(318)) - Encountered exception java.io.IOException: Unexpected Storage Container Exception: java.util.concurrent.CompletionException: Failed to write chunk 107544261427200001_chunk_6 into block conID: 1 locID: 107544261427200001 bcsId: 9 on the pipeline Pipeline[ Id: 816a5d0c-7751-485e-a30f-4facf4d64a7e, Nodes: 1514860f-d988-4646-88fa-884730dadadc{ip: 10.1.0.43, host: fv-az59-942.csjynl4pkq3e1pkirw3ssqjfoh.cx.internal.cloudapp.net, ports: [REPLICATION=38961, RATIS=42983, RATIS_ADMIN=42983, RATIS_SERVER=42983, STANDALONE=46383], networkLocation: /default-rack, certSerialId: null, persistedOpState: IN_SERVICE, persistedOpStateExpiryEpochSec: 0}, ReplicationConfig: RATIS/ONE, State:OPEN, leaderId:1514860f-d988-4646-88fa-884730dadadc, CreationTimestamp2021-06-11T19:07:06.373Z]. The last committed block length is 450, uncommitted data length is 350 retry count 0
2021-06-11 19:07:50,704 [Listener at 127.0.0.1/43957] INFO  metrics.RatisMetrics (RatisMetrics.java:lambda$create$0(36)) - Creating Metrics Registry : ratis.client_message_metrics.client-EDA4765C7576->0e0429f1-9636-4fc9-8820-e0f7c83710f3
2021-06-11 19:07:50,815 [Listener at 127.0.0.1/43957] INFO  impl.MetricsSystemImpl (MetricsSystemImpl.java:init(158)) - HddsDatanode metrics system started (again)
2021-06-11 19:07:50,824 [Listener at 127.0.0.1/43957] INFO  ozone.HddsDatanodeService (HddsDatanodeService.java:start(220)) - HddsDatanodeService host:fv-az59-942.csjynl4pkq3e1pkirw3ssqjfoh.cx.internal.cloudapp.net ip:10.1.0.43
2021-06-11 19:07:50,844 [Listener at 127.0.0.1/43957] INFO  volume.HddsVolume (HddsVolume.java:<init>(184)) - Creating Volume: /home/runner/work/ozone/ozone/mnt/ozone/hadoop-ozone/integration-test/target/test-dir/MiniOzoneClusterImpl-7f30813a-d1ba-41a1-975d-e59f1b24795c/datanode-0/data-0/containers/hdds of storage type : DISK and capacity : 9223372036854775807
2021-06-11 19:07:50,844 [Listener at 127.0.0.1/43957] INFO  volume.MutableVolumeSet (MutableVolumeSet.java:initializeVolumeSet(198)) - Added Volume : /home/runner/work/ozone/ozone/mnt/ozone/hadoop-ozone/integration-test/target/test-dir/MiniOzoneClusterImpl-7f30813a-d1ba-41a1-975d-e59f1b24795c/datanode-0/data-0/containers/hdds to VolumeSet
2021-06-11 19:07:50,845 [Listener at 127.0.0.1/43957] INFO  volume.ThrottledAsyncChecker (ThrottledAsyncChecker.java:schedule(141)) - Scheduling a check for /home/runner/work/ozone/ozone/mnt/ozone/hadoop-ozone/integration-test/target/test-dir/MiniOzoneClusterImpl-7f30813a-d1ba-41a1-975d-e59f1b24795c/datanode-0/data-0/containers/hdds
2021-06-11 19:07:50,847 [Listener at 127.0.0.1/43957] INFO  volume.HddsVolumeChecker (HddsVolumeChecker.java:checkAllVolumes(201)) - Scheduled health check for volume /home/runner/work/ozone/ozone/mnt/ozone/hadoop-ozone/integration-test/target/test-dir/MiniOzoneClusterImpl-7f30813a-d1ba-41a1-975d-e59f1b24795c/datanode-0/data-0/containers/hdds
2021-06-11 19:07:50,860 [Listener at 127.0.0.1/43957] INFO  ozoneimpl.ContainerReader (ContainerReader.java:<init>(98)) - Running in upgrade mode:true
2021-06-11 19:07:50,861 [Thread-1629] INFO  ozoneimpl.ContainerReader (ContainerReader.java:readVolume(142)) - Start to verify containers on volume /home/runner/work/ozone/ozone/mnt/ozone/hadoop-ozone/integration-test/target/test-dir/MiniOzoneClusterImpl-7f30813a-d1ba-41a1-975d-e59f1b24795c/datanode-0/data-0/containers/hdds
2021-06-11 19:07:50,871 [Thread-1629] INFO  ozoneimpl.ContainerReader (ContainerReader.java:readVolume(174)) - Finish verifying containers on volume /home/runner/work/ozone/ozone/mnt/ozone/hadoop-ozone/integration-test/target/test-dir/MiniOzoneClusterImpl-7f30813a-d1ba-41a1-975d-e59f1b24795c/datanode-0/data-0/containers/hdds
2021-06-11 19:07:50,871 [Listener at 127.0.0.1/43957] INFO  ozoneimpl.OzoneContainer (OzoneContainer.java:buildContainerSet(228)) - Build ContainerSet costs 0s
2021-06-11 19:07:50,873 [Listener at 127.0.0.1/43957] INFO  server.RaftServer (ConfUtils.java:logGet(44)) - raft.rpc.type = GRPC (default)
2021-06-11 19:07:50,873 [Listener at 127.0.0.1/43957] INFO  grpc.GrpcFactory (GrpcFactory.java:checkPooledByteBufAllocatorUseCacheForAllThreads(48)) - PERFORMANCE WARNING: useCacheForAllThreads is true that may cause Netty to create a lot garbage objects and, as a result, trigger GC.
	It is recommended to disable useCacheForAllThreads by setting -Dorg.apache.ratis.thirdparty.io.netty.allocator.useCacheForAllThreads=false in command line.
2021-06-11 19:07:50,873 [Listener at 127.0.0.1/43957] INFO  grpc.GrpcConfigKeys (ConfUtils.java:logGet(44)) - raft.grpc.admin.port = 42983 (custom)
2021-06-11 19:07:50,873 [Listener at 127.0.0.1/43957] INFO  grpc.GrpcConfigKeys (ConfUtils.java:logGet(44)) - raft.grpc.client.port = 42983 (custom)
2021-06-11 19:07:50,873 [Listener at 127.0.0.1/43957] INFO  grpc.GrpcConfigKeys (ConfUtils.java:logGet(44)) - raft.grpc.server.port = 42983 (custom)
2021-06-11 19:07:50,873 [Listener at 127.0.0.1/43957] INFO  server.GrpcService (ConfUtils.java:logGet(44)) - raft.grpc.message.size.max = 32MB (=33554432) (custom)
2021-06-11 19:07:50,873 [Listener at 127.0.0.1/43957] INFO  server.RaftServerConfigKeys (ConfUtils.java:logGet(44)) - raft.server.log.appender.buffer.byte-limit = 33554432 (custom)
2021-06-11 19:07:50,874 [Listener at 127.0.0.1/43957] INFO  server.GrpcService (ConfUtils.java:logGet(44)) - raft.grpc.flow.control.window = 5MB (=5242880) (custom)
2021-06-11 19:07:50,874 [Listener at 127.0.0.1/43957] INFO  server.RaftServerConfigKeys (ConfUtils.java:logGet(44)) - raft.server.rpc.request.timeout = 3000ms (default)
2021-06-11 19:07:50,875 [Listener at 127.0.0.1/43957] INFO  impl.DataStreamServerImpl (ConfUtils.java:logGet(44)) - raft.datastream.type = DISABLED (default)
2021-06-11 19:07:50,875 [Listener at 127.0.0.1/43957] INFO  server.RaftServerConfigKeys (ConfUtils.java:logGet(44)) - raft.server.rpc.slowness.timeout = 300000ms (custom)
2021-06-11 19:07:50,875 [Listener at 127.0.0.1/43957] INFO  server.RaftServerConfigKeys (ConfUtils.java:logGet(44)) - raft.server.leaderelection.leader.step-down.wait-time = 10s (default)
2021-06-11 19:07:50,875 [Listener at 127.0.0.1/43957] INFO  server.RaftServerConfigKeys (ConfUtils.java:logGet(44)) - raft.server.storage.dir = [/home/runner/work/ozone/ozone/mnt/ozone/hadoop-ozone/integration-test/target/test-dir/MiniOzoneClusterImpl-7f30813a-d1ba-41a1-975d-e59f1b24795c/datanode-0/data/ratis] (custom)
2021-06-11 19:07:50,875 [Listener at 127.0.0.1/43957] INFO  server.RaftServer (RaftServerProxy.java:lambda$null$1(235)) - 1514860f-d988-4646-88fa-884730dadadc: found a subdirectory /home/runner/work/ozone/ozone/mnt/ozone/hadoop-ozone/integration-test/target/test-dir/MiniOzoneClusterImpl-7f30813a-d1ba-41a1-975d-e59f1b24795c/datanode-0/data/ratis/98922251-7eaa-4d63-82ed-7a06744b07b2
2021-06-11 19:07:50,875 [Listener at 127.0.0.1/43957] INFO  server.RaftServer (RaftServerProxy.java:addNew(95)) - 1514860f-d988-4646-88fa-884730dadadc: addNew group-7A06744B07B2:[] returns group-7A06744B07B2:java.util.concurrent.CompletableFuture@2e800b4a[Not completed]
2021-06-11 19:07:50,876 [Listener at 127.0.0.1/43957] INFO  server.RaftServer (RaftServerProxy.java:lambda$null$1(235)) - 1514860f-d988-4646-88fa-884730dadadc: found a subdirectory /home/runner/work/ozone/ozone/mnt/ozone/hadoop-ozone/integration-test/target/test-dir/MiniOzoneClusterImpl-7f30813a-d1ba-41a1-975d-e59f1b24795c/datanode-0/data/ratis/816a5d0c-7751-485e-a30f-4facf4d64a7e
2021-06-11 19:07:50,876 [Listener at 127.0.0.1/43957] INFO  server.RaftServer (RaftServerProxy.java:addNew(95)) - 1514860f-d988-4646-88fa-884730dadadc: addNew group-4FACF4D64A7E:[] returns group-4FACF4D64A7E:java.util.concurrent.CompletableFuture@70349855[Not completed]
2021-06-11 19:07:50,876 [Listener at 127.0.0.1/43957] INFO  server.RaftServer (RaftServerProxy.java:lambda$null$1(235)) - 1514860f-d988-4646-88fa-884730dadadc: found a subdirectory /home/runner/work/ozone/ozone/mnt/ozone/hadoop-ozone/integration-test/target/test-dir/MiniOzoneClusterImpl-7f30813a-d1ba-41a1-975d-e59f1b24795c/datanode-0/data/ratis/da2b4bb3-8ca4-433a-a644-a0934d54b14c
2021-06-11 19:07:50,876 [Listener at 127.0.0.1/43957] INFO  server.RaftServer (RaftServerProxy.java:addNew(95)) - 1514860f-d988-4646-88fa-884730dadadc: addNew group-A0934D54B14C:[] returns group-A0934D54B14C:java.util.concurrent.CompletableFuture@47ec85ce[Not completed]
2021-06-11 19:07:50,876 [pool-572-thread-1] INFO  server.RaftServer$Division (RaftServerImpl.java:<init>(180)) - 1514860f-d988-4646-88fa-884730dadadc: new RaftServerImpl for group-7A06744B07B2:[] with ContainerStateMachine:uninitialized
2021-06-11 19:07:50,879 [pool-572-thread-1] INFO  server.RaftServerConfigKeys (ConfUtils.java:logGet(44)) - raft.server.rpc.timeout.min = 5s (custom)
2021-06-11 19:07:50,879 [pool-572-thread-1] INFO  server.RaftServerConfigKeys (ConfUtils.java:logGet(44)) - raft.server.rpc.timeout.max = 5200ms (custom)
2021-06-11 19:07:50,879 [pool-572-thread-1] INFO  server.RaftServerConfigKeys (ConfUtils.java:logGet(44)) - raft.server.rpc.sleep.time = 25ms (default)
2021-06-11 19:07:50,879 [pool-572-thread-1] INFO  server.RaftServerConfigKeys (ConfUtils.java:logGet(44)) - raft.server.rpc.slowness.timeout = 300000ms (custom)
2021-06-11 19:07:50,879 [pool-572-thread-1] INFO  server.RaftServerConfigKeys (ConfUtils.java:logGet(44)) - raft.server.leaderelection.leader.step-down.wait-time = 10s (default)
2021-06-11 19:07:50,879 [pool-572-thread-1] INFO  server.RaftServerConfigKeys (ConfUtils.java:logGet(44)) - raft.server.sleep.deviation.threshold = 300ms (default)
2021-06-11 19:07:50,879 [pool-572-thread-1] INFO  server.RaftServerConfigKeys (ConfUtils.java:logGet(44)) - raft.server.log.appender.install.snapshot.enabled = false (custom)
2021-06-11 19:07:50,879 [pool-572-thread-1] INFO  server.RaftServer$Division (ServerState.java:<init>(105)) - 1514860f-d988-4646-88fa-884730dadadc@group-7A06744B07B2: ConfigurationManager, init=-1: [], old=null, confs=<EMPTY_MAP>
2021-06-11 19:07:50,879 [pool-572-thread-1] INFO  server.RaftServerConfigKeys (ConfUtils.java:logGet(44)) - raft.server.storage.dir = [/home/runner/work/ozone/ozone/mnt/ozone/hadoop-ozone/integration-test/target/test-dir/MiniOzoneClusterImpl-7f30813a-d1ba-41a1-975d-e59f1b24795c/datanode-0/data/ratis] (custom)
2021-06-11 19:07:50,879 [pool-572-thread-1] INFO  server.RaftServerConfigKeys (ConfUtils.java:logGet(44)) - raft.server.log.corruption.policy = EXCEPTION (default)
2021-06-11 19:07:50,880 [Listener at 127.0.0.1/43957] INFO  http.BaseHttpServer (BaseHttpServer.java:newHttpServer2BuilderForOzone(209)) - Starting Web-server for hddsDatanode at: http://0.0.0.0:32977
2021-06-11 19:07:50,880 [Listener at 127.0.0.1/43957] INFO  http.BaseHttpServer (BaseHttpServer.java:<init>(107)) - Hadoop Security Enabled: false Ozone Security Enabled: false Ozone HTTP Security Enabled: false 
2021-06-11 19:07:50,881 [Listener at 127.0.0.1/43957] INFO  server.AuthenticationFilter (AuthenticationFilter.java:constructSecretProvider(240)) - Unable to initialize FileSignerSecretProvider, falling back to use random secrets.
2021-06-11 19:07:50,881 [Listener at 127.0.0.1/43957] WARN  http.HttpRequestLog (HttpRequestLog.java:getRequestLog(103)) - Jetty request log can only be enabled using Log4j
2021-06-11 19:07:50,882 [pool-572-thread-1] INFO  storage.RaftStorageDirectory (RaftStorageDirectoryImpl.java:tryLock(215)) - Lock on /home/runner/work/ozone/ozone/mnt/ozone/hadoop-ozone/integration-test/target/test-dir/MiniOzoneClusterImpl-7f30813a-d1ba-41a1-975d-e59f1b24795c/datanode-0/data/ratis/98922251-7eaa-4d63-82ed-7a06744b07b2/in_use.lock acquired by nodename 18191@fv-az59-942
2021-06-11 19:07:50,882 [Listener at 127.0.0.1/43957] INFO  http.HttpServer2 (HttpServer2.java:addGlobalFilter(1020)) - Added global filter 'safety' (class=org.apache.hadoop.hdds.server.http.HttpServer2$QuotingInputFilter)
2021-06-11 19:07:50,882 [pool-572-thread-1] INFO  storage.RaftStorage (RaftStorageImpl.java:analyzeAndRecoverStorage(108)) - Read RaftStorageMetadata{term=1, votedFor=f0d18f37-c034-4e65-b036-926f7b7a2e40} from /home/runner/work/ozone/ozone/mnt/ozone/hadoop-ozone/integration-test/target/test-dir/MiniOzoneClusterImpl-7f30813a-d1ba-41a1-975d-e59f1b24795c/datanode-0/data/ratis/98922251-7eaa-4d63-82ed-7a06744b07b2/current/raft-meta
2021-06-11 19:07:50,883 [Listener at 127.0.0.1/43957] INFO  http.HttpServer2 (HttpServer2.java:addFilter(996)) - Added filter static_user_filter (class=org.apache.hadoop.http.lib.StaticUserWebFilter$StaticUserFilter) to context hddsDatanode
2021-06-11 19:07:50,883 [Listener at 127.0.0.1/43957] INFO  http.HttpServer2 (HttpServer2.java:addFilter(1004)) - Added filter static_user_filter (class=org.apache.hadoop.http.lib.StaticUserWebFilter$StaticUserFilter) to context logs
2021-06-11 19:07:50,883 [Listener at 127.0.0.1/43957] INFO  http.HttpServer2 (HttpServer2.java:addFilter(1004)) - Added filter static_user_filter (class=org.apache.hadoop.http.lib.StaticUserWebFilter$StaticUserFilter) to context static
2021-06-11 19:07:50,883 [Listener at 127.0.0.1/43957] INFO  http.HttpServer2 (HttpServer2.java:bindListener(1238)) - Jetty bound to port 32977
2021-06-11 19:07:50,883 [Listener at 127.0.0.1/43957] INFO  server.Server (Server.java:doStart(375)) - jetty-9.4.35.v20201120; built: 2020-11-20T21:17:03.964Z; git: bdc54f03a5e0a7e280fab27f55c3c75ee8da89fb; jvm 1.8.0_292-b10
2021-06-11 19:07:50,889 [pool-572-thread-1] INFO  ratis.ContainerStateMachine (ContainerStateMachine.java:loadSnapshot(233)) - group-7A06744B07B2: Setting the last applied index to (t:1, i:0)
2021-06-11 19:07:50,889 [pool-572-thread-1] INFO  server.RaftServer$Division (ServerState.java:setRaftConf(373)) - 1514860f-d988-4646-88fa-884730dadadc@group-7A06744B07B2: set configuration 0: [f0d18f37-c034-4e65-b036-926f7b7a2e40|rpc:10.1.0.43:45755|dataStream:|priority:1, 1514860f-d988-4646-88fa-884730dadadc|rpc:10.1.0.43:42983|dataStream:|priority:0, 41bce2b3-bc14-4594-98d7-18715bf094e4|rpc:10.1.0.43:36265|dataStream:|priority:0], old=null
2021-06-11 19:07:50,889 [pool-572-thread-1] INFO  server.RaftServerConfigKeys (ConfUtils.java:logGet(44)) - raft.server.notification.no-leader.timeout = 300000ms (custom)
2021-06-11 19:07:50,889 [pool-572-thread-1] INFO  server.RaftServerConfigKeys (ConfUtils.java:logGet(44)) - raft.server.log.use.memory = false (default)
2021-06-11 19:07:50,889 [pool-572-thread-1] INFO  server.RaftServerConfigKeys (ConfUtils.java:logGet(44)) - raft.server.log.purge.gap = 1000000 (custom)
2021-06-11 19:07:50,889 [Listener at 127.0.0.1/43957] INFO  server.session (DefaultSessionIdManager.java:doStart(334)) - DefaultSessionIdManager workerName=node0
2021-06-11 19:07:50,890 [Listener at 127.0.0.1/43957] INFO  server.session (DefaultSessionIdManager.java:doStart(339)) - No SessionScavenger set, using defaults
2021-06-11 19:07:50,889 [pool-572-thread-1] INFO  server.RaftServerConfigKeys (ConfUtils.java:logGet(44)) - raft.server.log.appender.buffer.byte-limit = 33554432 (custom)
2021-06-11 19:07:50,890 [Listener at 127.0.0.1/43957] INFO  server.session (HouseKeeper.java:startScavenging(132)) - node0 Scavenging every 660000ms
2021-06-11 19:07:50,890 [pool-572-thread-1] INFO  metrics.RatisMetrics (RatisMetrics.java:lambda$create$0(36)) - Creating Metrics Registry : ratis.log_worker.1514860f-d988-4646-88fa-884730dadadc@group-7A06744B07B2
2021-06-11 19:07:50,890 [pool-572-thread-1] INFO  server.RaftServerConfigKeys (ConfUtils.java:logGet(44)) - raft.server.log.segment.size.max = 1048576 (custom)
2021-06-11 19:07:50,890 [Listener at 127.0.0.1/43957] INFO  handler.ContextHandler (ContextHandler.java:doStart(916)) - Started o.e.j.s.ServletContextHandler@799cd0fa{logs,/logs,file:///home/runner/work/ozone/ozone/mnt/ozone/hadoop-ozone/integration-test/target/log,AVAILABLE}
2021-06-11 19:07:50,891 [Listener at 127.0.0.1/43957] INFO  handler.ContextHandler (ContextHandler.java:doStart(916)) - Started o.e.j.s.ServletContextHandler@3b9757c1{static,/static,jar:file:/home/runner/.m2/repository/org/apache/ozone/hdds-container-service/1.2.0-SNAPSHOT/hdds-container-service-1.2.0-SNAPSHOT.jar!/webapps/static,AVAILABLE}
2021-06-11 19:07:50,891 [pool-572-thread-1] INFO  server.RaftServerConfigKeys (ConfUtils.java:logGet(44)) - raft.server.log.segment.cache.num.max = 2 (custom)
2021-06-11 19:07:50,892 [pool-572-thread-1] INFO  server.RaftServerConfigKeys (ConfUtils.java:logGet(44)) - raft.server.log.segment.cache.size.max = 200MB (=209715200) (default)
2021-06-11 19:07:50,892 [pool-572-thread-1] INFO  segmented.SegmentedRaftLogWorker (SegmentedRaftLogWorker.java:<init>(182)) - new 1514860f-d988-4646-88fa-884730dadadc@group-7A06744B07B2-SegmentedRaftLogWorker for RaftStorageImpl:Storage Directory /home/runner/work/ozone/ozone/mnt/ozone/hadoop-ozone/integration-test/target/test-dir/MiniOzoneClusterImpl-7f30813a-d1ba-41a1-975d-e59f1b24795c/datanode-0/data/ratis/98922251-7eaa-4d63-82ed-7a06744b07b2
2021-06-11 19:07:50,892 [pool-572-thread-1] INFO  server.RaftServerConfigKeys (ConfUtils.java:logGet(44)) - raft.server.log.queue.byte-limit = 2147483647 (custom)
2021-06-11 19:07:50,892 [pool-572-thread-1] INFO  server.RaftServerConfigKeys (ConfUtils.java:logGet(44)) - raft.server.log.queue.element-limit = 1024 (custom)
2021-06-11 19:07:50,892 [pool-572-thread-1] INFO  server.RaftServerConfigKeys (ConfUtils.java:logGet(44)) - raft.server.log.segment.size.max = 1048576 (custom)
2021-06-11 19:07:50,892 [pool-572-thread-1] INFO  server.RaftServerConfigKeys (ConfUtils.java:logGet(44)) - raft.server.log.preallocated.size = 16384 (custom)
2021-06-11 19:07:50,892 [pool-572-thread-1] INFO  server.RaftServerConfigKeys (ConfUtils.java:logGet(44)) - raft.server.log.force.sync.num = 128 (default)
2021-06-11 19:07:50,892 [pool-572-thread-1] INFO  server.RaftServerConfigKeys (ConfUtils.java:logGet(44)) - raft.server.log.statemachine.data.sync = true (default)
2021-06-11 19:07:50,892 [pool-572-thread-1] INFO  server.RaftServerConfigKeys (ConfUtils.java:logGet(44)) - raft.server.log.statemachine.data.sync.timeout = 10s (default)
2021-06-11 19:07:50,892 [pool-572-thread-1] INFO  server.RaftServerConfigKeys (ConfUtils.java:logGet(44)) - raft.server.log.statemachine.data.sync.timeout.retry = -1 (default)
2021-06-11 19:07:50,893 [pool-572-thread-1] INFO  server.RaftServerConfigKeys (ConfUtils.java:logGet(44)) - raft.server.log.write.buffer.size = 1048576 (custom)
2021-06-11 19:07:50,894 [pool-572-thread-1] INFO  server.RaftServerConfigKeys (ConfUtils.java:logGet(44)) - raft.server.log.statemachine.data.caching.enabled = true (custom)
2021-06-11 19:07:50,895 [pool-572-thread-1] INFO  server.RaftServer$Division (ServerState.java:setRaftConf(373)) - 1514860f-d988-4646-88fa-884730dadadc@group-7A06744B07B2: set configuration 0: [f0d18f37-c034-4e65-b036-926f7b7a2e40|rpc:10.1.0.43:45755|dataStream:|priority:1, 1514860f-d988-4646-88fa-884730dadadc|rpc:10.1.0.43:42983|dataStream:|priority:0, 41bce2b3-bc14-4594-98d7-18715bf094e4|rpc:10.1.0.43:36265|dataStream:|priority:0], old=null
2021-06-11 19:07:50,895 [pool-572-thread-1] INFO  segmented.LogSegment (LogSegment.java:loadSegment(173)) - Successfully read 1 entries from segment file /home/runner/work/ozone/ozone/mnt/ozone/hadoop-ozone/integration-test/target/test-dir/MiniOzoneClusterImpl-7f30813a-d1ba-41a1-975d-e59f1b24795c/datanode-0/data/ratis/98922251-7eaa-4d63-82ed-7a06744b07b2/current/log_inprogress_0
2021-06-11 19:07:50,896 [pool-572-thread-1] INFO  segmented.SegmentedRaftLogWorker (SegmentedRaftLogWorker.java:lambda$new$0(133)) - 1514860f-d988-4646-88fa-884730dadadc@group-7A06744B07B2-SegmentedRaftLogWorker: flushIndex: setUnconditionally 0 -> 0
2021-06-11 19:07:50,896 [pool-572-thread-1] INFO  segmented.SegmentedRaftLogWorker (SegmentedRaftLogWorker.java:lambda$new$0(133)) - 1514860f-d988-4646-88fa-884730dadadc@group-7A06744B07B2-SegmentedRaftLogWorker: safeCacheEvictIndex: setUnconditionally 0 -> -1
2021-06-11 19:07:50,900 [pool-572-thread-1] INFO  server.RaftServerConfigKeys (ConfUtils.java:logGet(44)) - raft.server.snapshot.auto.trigger.enabled = true (custom)
2021-06-11 19:07:50,900 [pool-572-thread-1] INFO  server.RaftServerConfigKeys (ConfUtils.java:logGet(44)) - raft.server.snapshot.auto.trigger.threshold = 10000 (custom)
2021-06-11 19:07:50,900 [pool-572-thread-1] INFO  server.RaftServerConfigKeys (ConfUtils.java:logGet(44)) - raft.server.snapshot.retention.file.num = 5 (custom)
2021-06-11 19:07:50,900 [pool-572-thread-1] INFO  server.RaftServerConfigKeys (ConfUtils.java:logGet(44)) - raft.server.log.purge.upto.snapshot.index = false (default)
2021-06-11 19:07:50,900 [pool-572-thread-1] INFO  server.RaftServerConfigKeys (ConfUtils.java:logGet(44)) - raft.server.retrycache.expirytime = 600000ms (custom)
2021-06-11 19:07:50,900 [pool-572-thread-1] INFO  server.RaftServerConfigKeys (ConfUtils.java:logGet(44)) - raft.server.retrycache.statistics.expirytime = 100μs (default)
2021-06-11 19:07:50,900 [pool-572-thread-1] INFO  metrics.RatisMetrics (RatisMetrics.java:lambda$create$0(36)) - Creating Metrics Registry : ratis.leader_election.1514860f-d988-4646-88fa-884730dadadc@group-7A06744B07B2
2021-06-11 19:07:50,900 [pool-572-thread-1] INFO  metrics.RatisMetrics (RatisMetrics.java:lambda$create$0(36)) - Creating Metrics Registry : ratis.server.1514860f-d988-4646-88fa-884730dadadc@group-7A06744B07B2
2021-06-11 19:07:50,902 [pool-572-thread-1] INFO  server.RaftServer$Division (RaftServerImpl.java:<init>(180)) - 1514860f-d988-4646-88fa-884730dadadc: new RaftServerImpl for group-4FACF4D64A7E:[] with ContainerStateMachine:uninitialized
2021-06-11 19:07:50,902 [pool-572-thread-1] INFO  server.RaftServerConfigKeys (ConfUtils.java:logGet(44)) - raft.server.rpc.timeout.min = 5s (custom)
2021-06-11 19:07:50,902 [pool-572-thread-1] INFO  server.RaftServerConfigKeys (ConfUtils.java:logGet(44)) - raft.server.rpc.timeout.max = 5200ms (custom)
2021-06-11 19:07:50,902 [pool-572-thread-1] INFO  server.RaftServerConfigKeys (ConfUtils.java:logGet(44)) - raft.server.rpc.sleep.time = 25ms (default)
2021-06-11 19:07:50,902 [pool-572-thread-1] INFO  server.RaftServerConfigKeys (ConfUtils.java:logGet(44)) - raft.server.rpc.slowness.timeout = 300000ms (custom)
2021-06-11 19:07:50,902 [pool-572-thread-1] INFO  server.RaftServerConfigKeys (ConfUtils.java:logGet(44)) - raft.server.leaderelection.leader.step-down.wait-time = 10s (default)
2021-06-11 19:07:50,902 [pool-572-thread-1] INFO  server.RaftServerConfigKeys (ConfUtils.java:logGet(44)) - raft.server.sleep.deviation.threshold = 300ms (default)
2021-06-11 19:07:50,902 [pool-572-thread-1] INFO  server.RaftServerConfigKeys (ConfUtils.java:logGet(44)) - raft.server.log.appender.install.snapshot.enabled = false (custom)
2021-06-11 19:07:50,902 [pool-572-thread-1] INFO  server.RaftServer$Division (ServerState.java:<init>(105)) - 1514860f-d988-4646-88fa-884730dadadc@group-4FACF4D64A7E: ConfigurationManager, init=-1: [], old=null, confs=<EMPTY_MAP>
2021-06-11 19:07:50,902 [pool-572-thread-1] INFO  server.RaftServerConfigKeys (ConfUtils.java:logGet(44)) - raft.server.storage.dir = [/home/runner/work/ozone/ozone/mnt/ozone/hadoop-ozone/integration-test/target/test-dir/MiniOzoneClusterImpl-7f30813a-d1ba-41a1-975d-e59f1b24795c/datanode-0/data/ratis] (custom)
2021-06-11 19:07:50,902 [pool-572-thread-1] INFO  server.RaftServerConfigKeys (ConfUtils.java:logGet(44)) - raft.server.log.corruption.policy = EXCEPTION (default)
2021-06-11 19:07:50,903 [pool-572-thread-1] INFO  storage.RaftStorageDirectory (RaftStorageDirectoryImpl.java:tryLock(215)) - Lock on /home/runner/work/ozone/ozone/mnt/ozone/hadoop-ozone/integration-test/target/test-dir/MiniOzoneClusterImpl-7f30813a-d1ba-41a1-975d-e59f1b24795c/datanode-0/data/ratis/816a5d0c-7751-485e-a30f-4facf4d64a7e/in_use.lock acquired by nodename 18191@fv-az59-942
2021-06-11 19:07:50,903 [pool-572-thread-1] INFO  storage.RaftStorage (RaftStorageImpl.java:analyzeAndRecoverStorage(108)) - Read RaftStorageMetadata{term=1, votedFor=1514860f-d988-4646-88fa-884730dadadc} from /home/runner/work/ozone/ozone/mnt/ozone/hadoop-ozone/integration-test/target/test-dir/MiniOzoneClusterImpl-7f30813a-d1ba-41a1-975d-e59f1b24795c/datanode-0/data/ratis/816a5d0c-7751-485e-a30f-4facf4d64a7e/current/raft-meta
2021-06-11 19:07:50,904 [pool-572-thread-1] INFO  ratis.ContainerStateMachine (ContainerStateMachine.java:loadSnapshot(233)) - group-4FACF4D64A7E: Setting the last applied index to (t:1, i:10)
2021-06-11 19:07:50,904 [pool-572-thread-1] INFO  server.RaftServer$Division (ServerState.java:setRaftConf(373)) - 1514860f-d988-4646-88fa-884730dadadc@group-4FACF4D64A7E: set configuration 0: [1514860f-d988-4646-88fa-884730dadadc|rpc:10.1.0.43:42983|dataStream:|priority:1], old=null
2021-06-11 19:07:50,904 [pool-572-thread-1] INFO  server.RaftServerConfigKeys (ConfUtils.java:logGet(44)) - raft.server.notification.no-leader.timeout = 300000ms (custom)
2021-06-11 19:07:50,904 [pool-572-thread-1] INFO  server.RaftServerConfigKeys (ConfUtils.java:logGet(44)) - raft.server.log.use.memory = false (default)
2021-06-11 19:07:50,904 [pool-572-thread-1] INFO  server.RaftServerConfigKeys (ConfUtils.java:logGet(44)) - raft.server.log.purge.gap = 1000000 (custom)
2021-06-11 19:07:50,904 [pool-572-thread-1] INFO  server.RaftServerConfigKeys (ConfUtils.java:logGet(44)) - raft.server.log.appender.buffer.byte-limit = 33554432 (custom)
2021-06-11 19:07:50,904 [pool-572-thread-1] INFO  metrics.RatisMetrics (RatisMetrics.java:lambda$create$0(36)) - Creating Metrics Registry : ratis.log_worker.1514860f-d988-4646-88fa-884730dadadc@group-4FACF4D64A7E
2021-06-11 19:07:50,904 [pool-572-thread-1] INFO  server.RaftServerConfigKeys (ConfUtils.java:logGet(44)) - raft.server.log.segment.size.max = 1048576 (custom)
2021-06-11 19:07:50,905 [pool-572-thread-1] INFO  server.RaftServerConfigKeys (ConfUtils.java:logGet(44)) - raft.server.log.segment.cache.num.max = 2 (custom)
2021-06-11 19:07:50,905 [pool-572-thread-1] INFO  server.RaftServerConfigKeys (ConfUtils.java:logGet(44)) - raft.server.log.segment.cache.size.max = 200MB (=209715200) (default)
2021-06-11 19:07:50,905 [pool-572-thread-1] INFO  segmented.SegmentedRaftLogWorker (SegmentedRaftLogWorker.java:<init>(182)) - new 1514860f-d988-4646-88fa-884730dadadc@group-4FACF4D64A7E-SegmentedRaftLogWorker for RaftStorageImpl:Storage Directory /home/runner/work/ozone/ozone/mnt/ozone/hadoop-ozone/integration-test/target/test-dir/MiniOzoneClusterImpl-7f30813a-d1ba-41a1-975d-e59f1b24795c/datanode-0/data/ratis/816a5d0c-7751-485e-a30f-4facf4d64a7e
2021-06-11 19:07:50,905 [pool-572-thread-1] INFO  server.RaftServerConfigKeys (ConfUtils.java:logGet(44)) - raft.server.log.queue.byte-limit = 2147483647 (custom)
2021-06-11 19:07:50,905 [pool-572-thread-1] INFO  server.RaftServerConfigKeys (ConfUtils.java:logGet(44)) - raft.server.log.queue.element-limit = 1024 (custom)
2021-06-11 19:07:50,905 [pool-572-thread-1] INFO  server.RaftServerConfigKeys (ConfUtils.java:logGet(44)) - raft.server.log.segment.size.max = 1048576 (custom)
2021-06-11 19:07:50,905 [pool-572-thread-1] INFO  server.RaftServerConfigKeys (ConfUtils.java:logGet(44)) - raft.server.log.preallocated.size = 16384 (custom)
2021-06-11 19:07:50,905 [pool-572-thread-1] INFO  server.RaftServerConfigKeys (ConfUtils.java:logGet(44)) - raft.server.log.force.sync.num = 128 (default)
2021-06-11 19:07:50,905 [pool-572-thread-1] INFO  server.RaftServerConfigKeys (ConfUtils.java:logGet(44)) - raft.server.log.statemachine.data.sync = true (default)
2021-06-11 19:07:50,905 [pool-572-thread-1] INFO  server.RaftServerConfigKeys (ConfUtils.java:logGet(44)) - raft.server.log.statemachine.data.sync.timeout = 10s (default)
2021-06-11 19:07:50,905 [pool-572-thread-1] INFO  server.RaftServerConfigKeys (ConfUtils.java:logGet(44)) - raft.server.log.statemachine.data.sync.timeout.retry = -1 (default)
2021-06-11 19:07:50,915 [pool-572-thread-1] INFO  server.RaftServerConfigKeys (ConfUtils.java:logGet(44)) - raft.server.log.write.buffer.size = 1048576 (custom)
2021-06-11 19:07:50,916 [pool-572-thread-1] INFO  server.RaftServerConfigKeys (ConfUtils.java:logGet(44)) - raft.server.log.statemachine.data.caching.enabled = true (custom)
2021-06-11 19:07:50,916 [pool-572-thread-1] INFO  server.RaftServer$Division (ServerState.java:setRaftConf(373)) - 1514860f-d988-4646-88fa-884730dadadc@group-4FACF4D64A7E: set configuration 0: [1514860f-d988-4646-88fa-884730dadadc|rpc:10.1.0.43:42983|dataStream:|priority:1], old=null
2021-06-11 19:07:50,920 [pool-572-thread-1] INFO  segmented.LogSegment (LogSegment.java:loadSegment(173)) - Successfully read 11 entries from segment file /home/runner/work/ozone/ozone/mnt/ozone/hadoop-ozone/integration-test/target/test-dir/MiniOzoneClusterImpl-7f30813a-d1ba-41a1-975d-e59f1b24795c/datanode-0/data/ratis/816a5d0c-7751-485e-a30f-4facf4d64a7e/current/log_inprogress_0
2021-06-11 19:07:50,920 [pool-572-thread-1] INFO  segmented.SegmentedRaftLogWorker (SegmentedRaftLogWorker.java:lambda$new$0(133)) - 1514860f-d988-4646-88fa-884730dadadc@group-4FACF4D64A7E-SegmentedRaftLogWorker: flushIndex: setUnconditionally 0 -> 10
2021-06-11 19:07:50,920 [pool-572-thread-1] INFO  segmented.SegmentedRaftLogWorker (SegmentedRaftLogWorker.java:lambda$new$0(133)) - 1514860f-d988-4646-88fa-884730dadadc@group-4FACF4D64A7E-SegmentedRaftLogWorker: safeCacheEvictIndex: setUnconditionally 0 -> -1
2021-06-11 19:07:50,920 [pool-572-thread-1] INFO  raftlog.RaftLog (RaftLogBase.java:lambda$new$0(53)) - 1514860f-d988-4646-88fa-884730dadadc@group-4FACF4D64A7E-SegmentedRaftLog: commitIndex: updateToMax old=10, new=9, updated? false
2021-06-11 19:07:50,928 [pool-572-thread-1] INFO  server.RaftServerConfigKeys (ConfUtils.java:logGet(44)) - raft.server.snapshot.auto.trigger.enabled = true (custom)
2021-06-11 19:07:50,928 [pool-572-thread-1] INFO  server.RaftServerConfigKeys (ConfUtils.java:logGet(44)) - raft.server.snapshot.auto.trigger.threshold = 10000 (custom)
2021-06-11 19:07:50,928 [pool-572-thread-1] INFO  server.RaftServerConfigKeys (ConfUtils.java:logGet(44)) - raft.server.snapshot.retention.file.num = 5 (custom)
2021-06-11 19:07:50,929 [pool-572-thread-1] INFO  server.RaftServerConfigKeys (ConfUtils.java:logGet(44)) - raft.server.log.purge.upto.snapshot.index = false (default)
2021-06-11 19:07:50,929 [pool-572-thread-1] INFO  server.RaftServerConfigKeys (ConfUtils.java:logGet(44)) - raft.server.retrycache.expirytime = 600000ms (custom)
2021-06-11 19:07:50,929 [pool-572-thread-1] INFO  server.RaftServerConfigKeys (ConfUtils.java:logGet(44)) - raft.server.retrycache.statistics.expirytime = 100μs (default)
2021-06-11 19:07:50,929 [pool-572-thread-1] INFO  metrics.RatisMetrics (RatisMetrics.java:lambda$create$0(36)) - Creating Metrics Registry : ratis.leader_election.1514860f-d988-4646-88fa-884730dadadc@group-4FACF4D64A7E
2021-06-11 19:07:50,929 [pool-572-thread-1] INFO  metrics.RatisMetrics (RatisMetrics.java:lambda$create$0(36)) - Creating Metrics Registry : ratis.server.1514860f-d988-4646-88fa-884730dadadc@group-4FACF4D64A7E
2021-06-11 19:07:50,931 [pool-572-thread-1] INFO  server.RaftServer$Division (RaftServerImpl.java:<init>(180)) - 1514860f-d988-4646-88fa-884730dadadc: new RaftServerImpl for group-A0934D54B14C:[] with ContainerStateMachine:uninitialized
2021-06-11 19:07:50,931 [pool-572-thread-1] INFO  server.RaftServerConfigKeys (ConfUtils.java:logGet(44)) - raft.server.rpc.timeout.min = 5s (custom)
2021-06-11 19:07:50,931 [pool-572-thread-1] INFO  server.RaftServerConfigKeys (ConfUtils.java:logGet(44)) - raft.server.rpc.timeout.max = 5200ms (custom)
2021-06-11 19:07:50,931 [pool-572-thread-1] INFO  server.RaftServerConfigKeys (ConfUtils.java:logGet(44)) - raft.server.rpc.sleep.time = 25ms (default)
2021-06-11 19:07:50,931 [pool-572-thread-1] INFO  server.RaftServerConfigKeys (ConfUtils.java:logGet(44)) - raft.server.rpc.slowness.timeout = 300000ms (custom)
2021-06-11 19:07:50,931 [pool-572-thread-1] INFO  server.RaftServerConfigKeys (ConfUtils.java:logGet(44)) - raft.server.leaderelection.leader.step-down.wait-time = 10s (default)
2021-06-11 19:07:50,931 [pool-572-thread-1] INFO  server.RaftServerConfigKeys (ConfUtils.java:logGet(44)) - raft.server.sleep.deviation.threshold = 300ms (default)
2021-06-11 19:07:50,931 [pool-572-thread-1] INFO  server.RaftServerConfigKeys (ConfUtils.java:logGet(44)) - raft.server.log.appender.install.snapshot.enabled = false (custom)
2021-06-11 19:07:50,931 [pool-572-thread-1] INFO  server.RaftServer$Division (ServerState.java:<init>(105)) - 1514860f-d988-4646-88fa-884730dadadc@group-A0934D54B14C: ConfigurationManager, init=-1: [], old=null, confs=<EMPTY_MAP>
2021-06-11 19:07:50,931 [pool-572-thread-1] INFO  server.RaftServerConfigKeys (ConfUtils.java:logGet(44)) - raft.server.storage.dir = [/home/runner/work/ozone/ozone/mnt/ozone/hadoop-ozone/integration-test/target/test-dir/MiniOzoneClusterImpl-7f30813a-d1ba-41a1-975d-e59f1b24795c/datanode-0/data/ratis] (custom)
2021-06-11 19:07:50,931 [pool-572-thread-1] INFO  server.RaftServerConfigKeys (ConfUtils.java:logGet(44)) - raft.server.log.corruption.policy = EXCEPTION (default)
2021-06-11 19:07:50,932 [pool-572-thread-1] INFO  storage.RaftStorageDirectory (RaftStorageDirectoryImpl.java:tryLock(215)) - Lock on /home/runner/work/ozone/ozone/mnt/ozone/hadoop-ozone/integration-test/target/test-dir/MiniOzoneClusterImpl-7f30813a-d1ba-41a1-975d-e59f1b24795c/datanode-0/data/ratis/da2b4bb3-8ca4-433a-a644-a0934d54b14c/in_use.lock acquired by nodename 18191@fv-az59-942
2021-06-11 19:07:50,932 [pool-572-thread-1] INFO  storage.RaftStorage (RaftStorageImpl.java:analyzeAndRecoverStorage(108)) - Read RaftStorageMetadata{term=1, votedFor=41bce2b3-bc14-4594-98d7-18715bf094e4} from /home/runner/work/ozone/ozone/mnt/ozone/hadoop-ozone/integration-test/target/test-dir/MiniOzoneClusterImpl-7f30813a-d1ba-41a1-975d-e59f1b24795c/datanode-0/data/ratis/da2b4bb3-8ca4-433a-a644-a0934d54b14c/current/raft-meta
2021-06-11 19:07:50,932 [pool-572-thread-1] INFO  ratis.ContainerStateMachine (ContainerStateMachine.java:loadSnapshot(233)) - group-A0934D54B14C: Setting the last applied index to (t:1, i:0)
2021-06-11 19:07:50,933 [pool-572-thread-1] INFO  server.RaftServer$Division (ServerState.java:setRaftConf(373)) - 1514860f-d988-4646-88fa-884730dadadc@group-A0934D54B14C: set configuration 0: [f0d18f37-c034-4e65-b036-926f7b7a2e40|rpc:10.1.0.43:45755|dataStream:|priority:0, 1514860f-d988-4646-88fa-884730dadadc|rpc:10.1.0.43:42983|dataStream:|priority:0, 41bce2b3-bc14-4594-98d7-18715bf094e4|rpc:10.1.0.43:36265|dataStream:|priority:1], old=null
2021-06-11 19:07:50,933 [pool-572-thread-1] INFO  server.RaftServerConfigKeys (ConfUtils.java:logGet(44)) - raft.server.notification.no-leader.timeout = 300000ms (custom)
2021-06-11 19:07:50,933 [pool-572-thread-1] INFO  server.RaftServerConfigKeys (ConfUtils.java:logGet(44)) - raft.server.log.use.memory = false (default)
2021-06-11 19:07:50,933 [pool-572-thread-1] INFO  server.RaftServerConfigKeys (ConfUtils.java:logGet(44)) - raft.server.log.purge.gap = 1000000 (custom)
2021-06-11 19:07:50,933 [pool-572-thread-1] INFO  server.RaftServerConfigKeys (ConfUtils.java:logGet(44)) - raft.server.log.appender.buffer.byte-limit = 33554432 (custom)
2021-06-11 19:07:50,933 [pool-572-thread-1] INFO  metrics.RatisMetrics (RatisMetrics.java:lambda$create$0(36)) - Creating Metrics Registry : ratis.log_worker.1514860f-d988-4646-88fa-884730dadadc@group-A0934D54B14C
2021-06-11 19:07:50,933 [pool-572-thread-1] INFO  server.RaftServerConfigKeys (ConfUtils.java:logGet(44)) - raft.server.log.segment.size.max = 1048576 (custom)
2021-06-11 19:07:50,933 [pool-572-thread-1] INFO  server.RaftServerConfigKeys (ConfUtils.java:logGet(44)) - raft.server.log.segment.cache.num.max = 2 (custom)
2021-06-11 19:07:50,934 [pool-572-thread-1] INFO  server.RaftServerConfigKeys (ConfUtils.java:logGet(44)) - raft.server.log.segment.cache.size.max = 200MB (=209715200) (default)
2021-06-11 19:07:50,934 [pool-572-thread-1] INFO  segmented.SegmentedRaftLogWorker (SegmentedRaftLogWorker.java:<init>(182)) - new 1514860f-d988-4646-88fa-884730dadadc@group-A0934D54B14C-SegmentedRaftLogWorker for RaftStorageImpl:Storage Directory /home/runner/work/ozone/ozone/mnt/ozone/hadoop-ozone/integration-test/target/test-dir/MiniOzoneClusterImpl-7f30813a-d1ba-41a1-975d-e59f1b24795c/datanode-0/data/ratis/da2b4bb3-8ca4-433a-a644-a0934d54b14c
2021-06-11 19:07:50,934 [pool-572-thread-1] INFO  server.RaftServerConfigKeys (ConfUtils.java:logGet(44)) - raft.server.log.queue.byte-limit = 2147483647 (custom)
2021-06-11 19:07:50,934 [pool-572-thread-1] INFO  server.RaftServerConfigKeys (ConfUtils.java:logGet(44)) - raft.server.log.queue.element-limit = 1024 (custom)
2021-06-11 19:07:50,934 [pool-572-thread-1] INFO  server.RaftServerConfigKeys (ConfUtils.java:logGet(44)) - raft.server.log.segment.size.max = 1048576 (custom)
2021-06-11 19:07:50,934 [pool-572-thread-1] INFO  server.RaftServerConfigKeys (ConfUtils.java:logGet(44)) - raft.server.log.preallocated.size = 16384 (custom)
2021-06-11 19:07:50,934 [pool-572-thread-1] INFO  server.RaftServerConfigKeys (ConfUtils.java:logGet(44)) - raft.server.log.force.sync.num = 128 (default)
2021-06-11 19:07:50,934 [pool-572-thread-1] INFO  server.RaftServerConfigKeys (ConfUtils.java:logGet(44)) - raft.server.log.statemachine.data.sync = true (default)
2021-06-11 19:07:50,934 [pool-572-thread-1] INFO  server.RaftServerConfigKeys (ConfUtils.java:logGet(44)) - raft.server.log.statemachine.data.sync.timeout = 10s (default)
2021-06-11 19:07:50,934 [pool-572-thread-1] INFO  server.RaftServerConfigKeys (ConfUtils.java:logGet(44)) - raft.server.log.statemachine.data.sync.timeout.retry = -1 (default)
2021-06-11 19:07:50,935 [pool-572-thread-1] INFO  server.RaftServerConfigKeys (ConfUtils.java:logGet(44)) - raft.server.log.write.buffer.size = 1048576 (custom)
2021-06-11 19:07:50,936 [pool-572-thread-1] INFO  server.RaftServerConfigKeys (ConfUtils.java:logGet(44)) - raft.server.log.statemachine.data.caching.enabled = true (custom)
2021-06-11 19:07:50,936 [pool-572-thread-1] INFO  server.RaftServer$Division (ServerState.java:setRaftConf(373)) - 1514860f-d988-4646-88fa-884730dadadc@group-A0934D54B14C: set configuration 0: [f0d18f37-c034-4e65-b036-926f7b7a2e40|rpc:10.1.0.43:45755|dataStream:|priority:0, 1514860f-d988-4646-88fa-884730dadadc|rpc:10.1.0.43:42983|dataStream:|priority:0, 41bce2b3-bc14-4594-98d7-18715bf094e4|rpc:10.1.0.43:36265|dataStream:|priority:1], old=null
2021-06-11 19:07:50,936 [pool-572-thread-1] INFO  segmented.LogSegment (LogSegment.java:loadSegment(173)) - Successfully read 1 entries from segment file /home/runner/work/ozone/ozone/mnt/ozone/hadoop-ozone/integration-test/target/test-dir/MiniOzoneClusterImpl-7f30813a-d1ba-41a1-975d-e59f1b24795c/datanode-0/data/ratis/da2b4bb3-8ca4-433a-a644-a0934d54b14c/current/log_inprogress_0
2021-06-11 19:07:50,936 [pool-572-thread-1] INFO  segmented.SegmentedRaftLogWorker (SegmentedRaftLogWorker.java:lambda$new$0(133)) - 1514860f-d988-4646-88fa-884730dadadc@group-A0934D54B14C-SegmentedRaftLogWorker: flushIndex: setUnconditionally 0 -> 0
2021-06-11 19:07:50,936 [pool-572-thread-1] INFO  segmented.SegmentedRaftLogWorker (SegmentedRaftLogWorker.java:lambda$new$0(133)) - 1514860f-d988-4646-88fa-884730dadadc@group-A0934D54B14C-SegmentedRaftLogWorker: safeCacheEvictIndex: setUnconditionally 0 -> -1
2021-06-11 19:07:50,948 [pool-572-thread-1] INFO  server.RaftServerConfigKeys (ConfUtils.java:logGet(44)) - raft.server.snapshot.auto.trigger.enabled = true (custom)
2021-06-11 19:07:50,948 [pool-572-thread-1] INFO  server.RaftServerConfigKeys (ConfUtils.java:logGet(44)) - raft.server.snapshot.auto.trigger.threshold = 10000 (custom)
2021-06-11 19:07:50,948 [pool-572-thread-1] INFO  server.RaftServerConfigKeys (ConfUtils.java:logGet(44)) - raft.server.snapshot.retention.file.num = 5 (custom)
2021-06-11 19:07:50,948 [pool-572-thread-1] INFO  server.RaftServerConfigKeys (ConfUtils.java:logGet(44)) - raft.server.log.purge.upto.snapshot.index = false (default)
2021-06-11 19:07:50,948 [pool-572-thread-1] INFO  server.RaftServerConfigKeys (ConfUtils.java:logGet(44)) - raft.server.retrycache.expirytime = 600000ms (custom)
2021-06-11 19:07:50,948 [pool-572-thread-1] INFO  server.RaftServerConfigKeys (ConfUtils.java:logGet(44)) - raft.server.retrycache.statistics.expirytime = 100μs (default)
2021-06-11 19:07:50,948 [pool-572-thread-1] INFO  metrics.RatisMetrics (RatisMetrics.java:lambda$create$0(36)) - Creating Metrics Registry : ratis.leader_election.1514860f-d988-4646-88fa-884730dadadc@group-A0934D54B14C
2021-06-11 19:07:50,949 [pool-572-thread-1] INFO  metrics.RatisMetrics (RatisMetrics.java:lambda$create$0(36)) - Creating Metrics Registry : ratis.server.1514860f-d988-4646-88fa-884730dadadc@group-A0934D54B14C
2021-06-11 19:07:50,955 [Listener at 127.0.0.1/43957] INFO  handler.ContextHandler (ContextHandler.java:doStart(916)) - Started o.e.j.w.WebAppContext@387abd01{hddsDatanode,/,file:///tmp/jetty-0_0_0_0-32977-hdds-container-service-1_2_0-SNAPSHOT_jar-_-any-6008549559925134726/webapp/,AVAILABLE}{jar:file:/home/runner/.m2/repository/org/apache/ozone/hdds-container-service/1.2.0-SNAPSHOT/hdds-container-service-1.2.0-SNAPSHOT.jar!/webapps/hddsDatanode}
2021-06-11 19:07:50,957 [Listener at 127.0.0.1/43957] INFO  server.AbstractConnector (AbstractConnector.java:doStart(331)) - Started ServerConnector@12e2c49e{HTTP/1.1, (http/1.1)}{0.0.0.0:32977}
2021-06-11 19:07:50,957 [Listener at 127.0.0.1/43957] INFO  server.Server (Server.java:doStart(415)) - Started @190282ms
2021-06-11 19:07:50,957 [Listener at 127.0.0.1/43957] WARN  impl.MetricsSystemImpl (MetricsSystemImpl.java:register(279)) - Sink prometheus already exists!
2021-06-11 19:07:50,957 [Listener at 127.0.0.1/43957] INFO  http.BaseHttpServer (BaseHttpServer.java:updateConnectorAddress(329)) - HTTP server of hddsDatanode listening at http://0.0.0.0:32977
2021-06-11 19:07:50,958 [Listener at 127.0.0.1/43957] INFO  ozone.MiniOzoneClusterImpl (MiniOzoneClusterImpl.java:lambda$waitForClusterToBeReady$0(227)) - Waiting for nodes to be ready. Got 6 of 7 DN Heartbeats.
2021-06-11 19:07:50,958 [Listener at 127.0.0.1/43957] INFO  ozone.MiniOzoneClusterImpl (MiniOzoneClusterImpl.java:lambda$waitForClusterToBeReady$0(230)) - Cluster exits safe mode
2021-06-11 19:07:50,958 [Listener at 127.0.0.1/43957] INFO  ozone.MiniOzoneClusterImpl (MiniOzoneClusterImpl.java:lambda$waitForClusterToBeReady$0(232)) - SCM became leader
2021-06-11 19:07:50,968 [org.apache.hadoop.util.JvmPauseMonitor$Monitor@112d1a67] INFO  util.JvmPauseMonitor (JvmPauseMonitor.java:run(188)) - Starting JVM pause monitor
2021-06-11 19:07:51,958 [Listener at 127.0.0.1/43957] INFO  ozone.MiniOzoneClusterImpl (MiniOzoneClusterImpl.java:lambda$waitForClusterToBeReady$0(227)) - Waiting for nodes to be ready. Got 6 of 7 DN Heartbeats.
2021-06-11 19:07:51,958 [Listener at 127.0.0.1/43957] INFO  ozone.MiniOzoneClusterImpl (MiniOzoneClusterImpl.java:lambda$waitForClusterToBeReady$0(230)) - Cluster exits safe mode
2021-06-11 19:07:51,958 [Listener at 127.0.0.1/43957] INFO  ozone.MiniOzoneClusterImpl (MiniOzoneClusterImpl.java:lambda$waitForClusterToBeReady$0(232)) - SCM became leader
2021-06-11 19:07:52,959 [Listener at 127.0.0.1/43957] INFO  ozone.MiniOzoneClusterImpl (MiniOzoneClusterImpl.java:lambda$waitForClusterToBeReady$0(227)) - Waiting for nodes to be ready. Got 6 of 7 DN Heartbeats.
2021-06-11 19:07:52,959 [Listener at 127.0.0.1/43957] INFO  ozone.MiniOzoneClusterImpl (MiniOzoneClusterImpl.java:lambda$waitForClusterToBeReady$0(230)) - Cluster exits safe mode
2021-06-11 19:07:52,959 [Listener at 127.0.0.1/43957] INFO  ozone.MiniOzoneClusterImpl (MiniOzoneClusterImpl.java:lambda$waitForClusterToBeReady$0(232)) - SCM became leader
2021-06-11 19:07:52,970 [EndpointStateMachine task thread for /0.0.0.0:39777 - 0 ] INFO  ozoneimpl.OzoneContainer (OzoneContainer.java:start(295)) - Attempting to start container services.
2021-06-11 19:07:52,970 [EndpointStateMachine task thread for /0.0.0.0:39777 - 0 ] INFO  ozoneimpl.OzoneContainer (OzoneContainer.java:startContainerScrub(241)) - Background container scanner has been disabled.
2021-06-11 19:07:52,973 [EndpointStateMachine task thread for /0.0.0.0:39777 - 0 ] INFO  replication.ReplicationServer (ReplicationServer.java:start(106)) - ReplicationServer is started using port 41433
2021-06-11 19:07:52,973 [EndpointStateMachine task thread for /0.0.0.0:39777 - 0 ] INFO  ratis.XceiverServerRatis (XceiverServerRatis.java:start(490)) - Starting XceiverServerRatis 1514860f-d988-4646-88fa-884730dadadc
2021-06-11 19:07:52,973 [EndpointStateMachine task thread for /0.0.0.0:39777 - 0 ] INFO  server.RaftServer$Division (RaftServerImpl.java:start(295)) - 1514860f-d988-4646-88fa-884730dadadc@group-7A06744B07B2: start as a follower, conf=0: [f0d18f37-c034-4e65-b036-926f7b7a2e40|rpc:10.1.0.43:45755|dataStream:|priority:1, 1514860f-d988-4646-88fa-884730dadadc|rpc:10.1.0.43:42983|dataStream:|priority:0, 41bce2b3-bc14-4594-98d7-18715bf094e4|rpc:10.1.0.43:36265|dataStream:|priority:0], old=null
2021-06-11 19:07:52,974 [EndpointStateMachine task thread for /0.0.0.0:39777 - 0 ] INFO  server.RaftServer$Division (RaftServerImpl.java:setRole(284)) - 1514860f-d988-4646-88fa-884730dadadc@group-7A06744B07B2: changes role from      null to FOLLOWER at term 1 for startAsFollower
2021-06-11 19:07:52,973 [ForkJoinPool.commonPool-worker-0] INFO  server.RaftServer$Division (RaftServerImpl.java:start(295)) - 1514860f-d988-4646-88fa-884730dadadc@group-4FACF4D64A7E: start as a follower, conf=0: [1514860f-d988-4646-88fa-884730dadadc|rpc:10.1.0.43:42983|dataStream:|priority:1], old=null
2021-06-11 19:07:52,974 [ForkJoinPool.commonPool-worker-0] INFO  server.RaftServer$Division (RaftServerImpl.java:setRole(284)) - 1514860f-d988-4646-88fa-884730dadadc@group-4FACF4D64A7E: changes role from      null to FOLLOWER at term 1 for startAsFollower
2021-06-11 19:07:52,974 [EndpointStateMachine task thread for /0.0.0.0:39777 - 0 ] INFO  impl.RoleInfo (RoleInfo.java:updateAndGet(130)) - 1514860f-d988-4646-88fa-884730dadadc: start 1514860f-d988-4646-88fa-884730dadadc@group-7A06744B07B2-FollowerState
2021-06-11 19:07:52,974 [ForkJoinPool.commonPool-worker-0] INFO  impl.RoleInfo (RoleInfo.java:updateAndGet(130)) - 1514860f-d988-4646-88fa-884730dadadc: start 1514860f-d988-4646-88fa-884730dadadc@group-4FACF4D64A7E-FollowerState
2021-06-11 19:07:52,974 [EndpointStateMachine task thread for /0.0.0.0:39777 - 0 ] INFO  util.JmxRegister (JmxRegister.java:tryRegister(44)) - Successfully registered JMX Bean with object name Ratis:service=RaftServer,group=group-7A06744B07B2,id=1514860f-d988-4646-88fa-884730dadadc
2021-06-11 19:07:52,974 [EndpointStateMachine task thread for /0.0.0.0:39777 - 0 ] INFO  metrics.RatisMetrics (RatisMetrics.java:lambda$create$0(36)) - Creating Metrics Registry : ratis.state_machine.1514860f-d988-4646-88fa-884730dadadc@group-7A06744B07B2
2021-06-11 19:07:52,974 [ForkJoinPool.commonPool-worker-0] INFO  util.JmxRegister (JmxRegister.java:tryRegister(44)) - Successfully registered JMX Bean with object name Ratis:service=RaftServer,group=group-4FACF4D64A7E,id=1514860f-d988-4646-88fa-884730dadadc
2021-06-11 19:07:52,975 [ForkJoinPool.commonPool-worker-0] INFO  metrics.RatisMetrics (RatisMetrics.java:lambda$create$0(36)) - Creating Metrics Registry : ratis.state_machine.1514860f-d988-4646-88fa-884730dadadc@group-4FACF4D64A7E
2021-06-11 19:07:52,978 [EndpointStateMachine task thread for /0.0.0.0:39777 - 0 ] INFO  server.RaftServer$Division (RaftServerImpl.java:start(295)) - 1514860f-d988-4646-88fa-884730dadadc@group-A0934D54B14C: start as a follower, conf=0: [f0d18f37-c034-4e65-b036-926f7b7a2e40|rpc:10.1.0.43:45755|dataStream:|priority:0, 1514860f-d988-4646-88fa-884730dadadc|rpc:10.1.0.43:42983|dataStream:|priority:0, 41bce2b3-bc14-4594-98d7-18715bf094e4|rpc:10.1.0.43:36265|dataStream:|priority:1], old=null
2021-06-11 19:07:52,978 [EndpointStateMachine task thread for /0.0.0.0:39777 - 0 ] INFO  server.RaftServer$Division (RaftServerImpl.java:setRole(284)) - 1514860f-d988-4646-88fa-884730dadadc@group-A0934D54B14C: changes role from      null to FOLLOWER at term 1 for startAsFollower
2021-06-11 19:07:52,978 [EndpointStateMachine task thread for /0.0.0.0:39777 - 0 ] INFO  impl.RoleInfo (RoleInfo.java:updateAndGet(130)) - 1514860f-d988-4646-88fa-884730dadadc: start 1514860f-d988-4646-88fa-884730dadadc@group-A0934D54B14C-FollowerState
2021-06-11 19:07:52,979 [EndpointStateMachine task thread for /0.0.0.0:39777 - 0 ] INFO  util.JmxRegister (JmxRegister.java:tryRegister(44)) - Successfully registered JMX Bean with object name Ratis:service=RaftServer,group=group-A0934D54B14C,id=1514860f-d988-4646-88fa-884730dadadc
2021-06-11 19:07:52,979 [EndpointStateMachine task thread for /0.0.0.0:39777 - 0 ] INFO  metrics.RatisMetrics (RatisMetrics.java:lambda$create$0(36)) - Creating Metrics Registry : ratis.state_machine.1514860f-d988-4646-88fa-884730dadadc@group-A0934D54B14C
2021-06-11 19:07:52,979 [EndpointStateMachine task thread for /0.0.0.0:39777 - 0 ] INFO  server.RaftServer (RaftServerProxy.java:lambda$start$5(374)) - 1514860f-d988-4646-88fa-884730dadadc: start RPC server
2021-06-11 19:07:52,980 [EndpointStateMachine task thread for /0.0.0.0:39777 - 0 ] INFO  server.GrpcService (GrpcService.java:startImpl(253)) - 1514860f-d988-4646-88fa-884730dadadc: GrpcService started, listening on 42983
2021-06-11 19:07:52,981 [EndpointStateMachine task thread for /0.0.0.0:39777 - 0 ] INFO  ratis.XceiverServerRatis (XceiverServerRatis.java:getRealPort(511)) - XceiverServerRatis 1514860f-d988-4646-88fa-884730dadadc is started using port 42983 for RATIS
2021-06-11 19:07:52,981 [EndpointStateMachine task thread for /0.0.0.0:39777 - 0 ] INFO  ratis.XceiverServerRatis (XceiverServerRatis.java:getRealPort(511)) - XceiverServerRatis 1514860f-d988-4646-88fa-884730dadadc is started using port 42983 for RATIS_ADMIN
2021-06-11 19:07:52,981 [org.apache.ratis.util.JvmPauseMonitor$$Lambda$513/909036188@43551d5a] INFO  util.JvmPauseMonitor (JvmPauseMonitor.java:run(103)) - JvmPauseMonitor-1514860f-d988-4646-88fa-884730dadadc: Started
2021-06-11 19:07:52,981 [EndpointStateMachine task thread for /0.0.0.0:39777 - 0 ] INFO  ratis.XceiverServerRatis (XceiverServerRatis.java:getRealPort(511)) - XceiverServerRatis 1514860f-d988-4646-88fa-884730dadadc is started using port 42983 for RATIS_SERVER
2021-06-11 19:07:53,959 [Listener at 127.0.0.1/43957] INFO  ozone.MiniOzoneClusterImpl (MiniOzoneClusterImpl.java:lambda$waitForClusterToBeReady$0(227)) - Waiting for nodes to be ready. Got 6 of 7 DN Heartbeats.
2021-06-11 19:07:53,959 [Listener at 127.0.0.1/43957] INFO  ozone.MiniOzoneClusterImpl (MiniOzoneClusterImpl.java:lambda$waitForClusterToBeReady$0(230)) - Cluster exits safe mode
2021-06-11 19:07:53,959 [Listener at 127.0.0.1/43957] INFO  ozone.MiniOzoneClusterImpl (MiniOzoneClusterImpl.java:lambda$waitForClusterToBeReady$0(232)) - SCM became leader
2021-06-11 19:07:54,960 [Listener at 127.0.0.1/43957] INFO  ozone.MiniOzoneClusterImpl (MiniOzoneClusterImpl.java:lambda$waitForClusterToBeReady$0(227)) - Waiting for nodes to be ready. Got 6 of 7 DN Heartbeats.
2021-06-11 19:07:54,960 [Listener at 127.0.0.1/43957] INFO  ozone.MiniOzoneClusterImpl (MiniOzoneClusterImpl.java:lambda$waitForClusterToBeReady$0(230)) - Cluster exits safe mode
2021-06-11 19:07:54,960 [Listener at 127.0.0.1/43957] INFO  ozone.MiniOzoneClusterImpl (MiniOzoneClusterImpl.java:lambda$waitForClusterToBeReady$0(232)) - SCM became leader
2021-06-11 19:07:54,973 [EventQueue-PipelineReportForPipelineReportHandler] INFO  pipeline.PipelineReportHandler (PipelineReportHandler.java:processPipelineReport(111)) - Reported pipeline PipelineID=816a5d0c-7751-485e-a30f-4facf4d64a7e is not found
2021-06-11 19:07:54,973 [EventQueue-PipelineReportForPipelineReportHandler] INFO  pipeline.PipelineReportHandler (PipelineReportHandler.java:processPipelineReport(111)) - Reported pipeline PipelineID=98922251-7eaa-4d63-82ed-7a06744b07b2 is not found
2021-06-11 19:07:54,973 [EventQueue-PipelineReportForPipelineReportHandler] INFO  pipeline.PipelineReportHandler (PipelineReportHandler.java:processPipelineReport(111)) - Reported pipeline PipelineID=da2b4bb3-8ca4-433a-a644-a0934d54b14c is not found
2021-06-11 19:07:55,960 [Listener at 127.0.0.1/43957] INFO  ozone.MiniOzoneClusterImpl (MiniOzoneClusterImpl.java:lambda$waitForClusterToBeReady$0(227)) - Waiting for nodes to be ready. Got 6 of 7 DN Heartbeats.
2021-06-11 19:07:55,960 [Listener at 127.0.0.1/43957] INFO  ozone.MiniOzoneClusterImpl (MiniOzoneClusterImpl.java:lambda$waitForClusterToBeReady$0(230)) - Cluster exits safe mode
2021-06-11 19:07:55,960 [Listener at 127.0.0.1/43957] INFO  ozone.MiniOzoneClusterImpl (MiniOzoneClusterImpl.java:lambda$waitForClusterToBeReady$0(232)) - SCM became leader
2021-06-11 19:07:56,961 [Listener at 127.0.0.1/43957] INFO  ozone.MiniOzoneClusterImpl (MiniOzoneClusterImpl.java:lambda$waitForClusterToBeReady$0(227)) - Waiting for nodes to be ready. Got 6 of 7 DN Heartbeats.
2021-06-11 19:07:56,961 [Listener at 127.0.0.1/43957] INFO  ozone.MiniOzoneClusterImpl (MiniOzoneClusterImpl.java:lambda$waitForClusterToBeReady$0(230)) - Cluster exits safe mode
2021-06-11 19:07:56,961 [Listener at 127.0.0.1/43957] INFO  ozone.MiniOzoneClusterImpl (MiniOzoneClusterImpl.java:lambda$waitForClusterToBeReady$0(232)) - SCM became leader
2021-06-11 19:07:56,986 [EventQueue-NonHealthyToHealthyNodeForNonHealthyToHealthyNodeHandler] INFO  pipeline.BackgroundPipelineCreator (BackgroundPipelineCreatorV2.java:notifyEventTriggered(282)) - trigger a one-shot run on RatisPipelineUtilsThread.
2021-06-11 19:07:56,987 [RatisPipelineUtilsThread - 0] INFO  pipeline.RatisPipelineProvider (RatisPipelineProvider.java:lambda$create$0(170)) - Sending CreatePipelineCommand for pipeline:PipelineID=4d6a1a96-517a-425c-929c-bacd0ec680c0 to datanode:1514860f-d988-4646-88fa-884730dadadc
2021-06-11 19:07:56,987 [RatisPipelineUtilsThread - 0] INFO  pipeline.PipelineStateManager (PipelineStateManagerV2Impl.java:addPipeline(101)) - Created pipeline Pipeline[ Id: 4d6a1a96-517a-425c-929c-bacd0ec680c0, Nodes: 1514860f-d988-4646-88fa-884730dadadc{ip: 10.1.0.43, host: fv-az59-942.csjynl4pkq3e1pkirw3ssqjfoh.cx.internal.cloudapp.net, ports: [REPLICATION=38961, RATIS=42983, RATIS_ADMIN=42983, RATIS_SERVER=42983, STANDALONE=46383], networkLocation: /default-rack, certSerialId: null, persistedOpState: IN_SERVICE, persistedOpStateExpiryEpochSec: 0}, ReplicationConfig: RATIS/ONE, State:ALLOCATED, leaderId:, CreationTimestamp2021-06-11T19:07:56.987Z].
2021-06-11 19:07:56,988 [RatisPipelineUtilsThread - 0] INFO  pipeline.RatisPipelineProvider (RatisPipelineProvider.java:lambda$create$0(170)) - Sending CreatePipelineCommand for pipeline:PipelineID=95b34053-dbda-421a-9298-36bdc7d3f91b to datanode:f0d18f37-c034-4e65-b036-926f7b7a2e40
2021-06-11 19:07:56,988 [RatisPipelineUtilsThread - 0] INFO  pipeline.RatisPipelineProvider (RatisPipelineProvider.java:lambda$create$0(170)) - Sending CreatePipelineCommand for pipeline:PipelineID=95b34053-dbda-421a-9298-36bdc7d3f91b to datanode:1514860f-d988-4646-88fa-884730dadadc
2021-06-11 19:07:56,988 [RatisPipelineUtilsThread - 0] INFO  pipeline.RatisPipelineProvider (RatisPipelineProvider.java:lambda$create$0(170)) - Sending CreatePipelineCommand for pipeline:PipelineID=95b34053-dbda-421a-9298-36bdc7d3f91b to datanode:f05d9154-dd24-4162-9fdc-352a7a5261e7
2021-06-11 19:07:56,988 [RatisPipelineUtilsThread - 0] INFO  pipeline.PipelineStateManager (PipelineStateManagerV2Impl.java:addPipeline(101)) - Created pipeline Pipeline[ Id: 95b34053-dbda-421a-9298-36bdc7d3f91b, Nodes: f0d18f37-c034-4e65-b036-926f7b7a2e40{ip: 10.1.0.43, host: fv-az59-942.csjynl4pkq3e1pkirw3ssqjfoh.cx.internal.cloudapp.net, ports: [REPLICATION=46009, RATIS=45755, RATIS_ADMIN=45755, RATIS_SERVER=45755, STANDALONE=39637], networkLocation: /default-rack, certSerialId: null, persistedOpState: IN_SERVICE, persistedOpStateExpiryEpochSec: 0}1514860f-d988-4646-88fa-884730dadadc{ip: 10.1.0.43, host: fv-az59-942.csjynl4pkq3e1pkirw3ssqjfoh.cx.internal.cloudapp.net, ports: [REPLICATION=38961, RATIS=42983, RATIS_ADMIN=42983, RATIS_SERVER=42983, STANDALONE=46383], networkLocation: /default-rack, certSerialId: null, persistedOpState: IN_SERVICE, persistedOpStateExpiryEpochSec: 0}f05d9154-dd24-4162-9fdc-352a7a5261e7{ip: 10.1.0.43, host: fv-az59-942.csjynl4pkq3e1pkirw3ssqjfoh.cx.internal.cloudapp.net, ports: [REPLICATION=46699, RATIS=40337, RATIS_ADMIN=40337, RATIS_SERVER=40337, STANDALONE=46265], networkLocation: /default-rack, certSerialId: null, persistedOpState: IN_SERVICE, persistedOpStateExpiryEpochSec: 0}, ReplicationConfig: RATIS/THREE, State:ALLOCATED, leaderId:, CreationTimestamp2021-06-11T19:07:56.988Z].
2021-06-11 19:07:56,989 [RatisPipelineUtilsThread - 0] INFO  pipeline.RatisPipelineProvider (RatisPipelineProvider.java:lambda$create$0(170)) - Sending CreatePipelineCommand for pipeline:PipelineID=a334afcd-db77-4c25-a7f3-887de3663513 to datanode:1514860f-d988-4646-88fa-884730dadadc
2021-06-11 19:07:56,989 [RatisPipelineUtilsThread - 0] INFO  pipeline.RatisPipelineProvider (RatisPipelineProvider.java:lambda$create$0(170)) - Sending CreatePipelineCommand for pipeline:PipelineID=a334afcd-db77-4c25-a7f3-887de3663513 to datanode:f05d9154-dd24-4162-9fdc-352a7a5261e7
2021-06-11 19:07:56,989 [RatisPipelineUtilsThread - 0] INFO  pipeline.RatisPipelineProvider (RatisPipelineProvider.java:lambda$create$0(170)) - Sending CreatePipelineCommand for pipeline:PipelineID=a334afcd-db77-4c25-a7f3-887de3663513 to datanode:41bce2b3-bc14-4594-98d7-18715bf094e4
2021-06-11 19:07:56,989 [RatisPipelineUtilsThread - 0] INFO  pipeline.PipelineStateManager (PipelineStateManagerV2Impl.java:addPipeline(101)) - Created pipeline Pipeline[ Id: a334afcd-db77-4c25-a7f3-887de3663513, Nodes: 1514860f-d988-4646-88fa-884730dadadc{ip: 10.1.0.43, host: fv-az59-942.csjynl4pkq3e1pkirw3ssqjfoh.cx.internal.cloudapp.net, ports: [REPLICATION=38961, RATIS=42983, RATIS_ADMIN=42983, RATIS_SERVER=42983, STANDALONE=46383], networkLocation: /default-rack, certSerialId: null, persistedOpState: IN_SERVICE, persistedOpStateExpiryEpochSec: 0}f05d9154-dd24-4162-9fdc-352a7a5261e7{ip: 10.1.0.43, host: fv-az59-942.csjynl4pkq3e1pkirw3ssqjfoh.cx.internal.cloudapp.net, ports: [REPLICATION=46699, RATIS=40337, RATIS_ADMIN=40337, RATIS_SERVER=40337, STANDALONE=46265], networkLocation: /default-rack, certSerialId: null, persistedOpState: IN_SERVICE, persistedOpStateExpiryEpochSec: 0}41bce2b3-bc14-4594-98d7-18715bf094e4{ip: 10.1.0.43, host: fv-az59-942.csjynl4pkq3e1pkirw3ssqjfoh.cx.internal.cloudapp.net, ports: [REPLICATION=42269, RATIS=36265, RATIS_ADMIN=36265, RATIS_SERVER=36265, STANDALONE=38351], networkLocation: /default-rack, certSerialId: null, persistedOpState: IN_SERVICE, persistedOpStateExpiryEpochSec: 0}, ReplicationConfig: RATIS/THREE, State:ALLOCATED, leaderId:, CreationTimestamp2021-06-11T19:07:56.989Z].
2021-06-11 19:07:57,961 [Listener at 127.0.0.1/43957] INFO  ozone.MiniOzoneClusterImpl (MiniOzoneClusterImpl.java:lambda$waitForClusterToBeReady$0(227)) - Nodes are ready. Got 7 of 7 DN Heartbeats.
2021-06-11 19:07:57,962 [Listener at 127.0.0.1/43957] INFO  ozone.MiniOzoneClusterImpl (MiniOzoneClusterImpl.java:lambda$waitForClusterToBeReady$0(230)) - Cluster exits safe mode
2021-06-11 19:07:57,962 [Listener at 127.0.0.1/43957] INFO  ozone.MiniOzoneClusterImpl (MiniOzoneClusterImpl.java:lambda$waitForClusterToBeReady$0(232)) - SCM became leader
2021-06-11 19:07:57,975 [Command processor thread] INFO  server.RaftServer (RaftServerProxy.java:remove(106)) - 1514860f-d988-4646-88fa-884730dadadc: remove  FOLLOWER 1514860f-d988-4646-88fa-884730dadadc@group-4FACF4D64A7E:t1, leader=null, voted=1514860f-d988-4646-88fa-884730dadadc, raftlog=1514860f-d988-4646-88fa-884730dadadc@group-4FACF4D64A7E-SegmentedRaftLog:OPENED:c10,f10,i10, conf=0: [1514860f-d988-4646-88fa-884730dadadc|rpc:10.1.0.43:42983|dataStream:|priority:1], old=null RUNNING
2021-06-11 19:07:57,975 [Command processor thread] INFO  server.RaftServer$Division (RaftServerImpl.java:lambda$close$4(406)) - 1514860f-d988-4646-88fa-884730dadadc@group-4FACF4D64A7E: shutdown
2021-06-11 19:07:57,975 [Command processor thread] INFO  util.JmxRegister (JmxRegister.java:unregister(73)) - Successfully un-registered JMX Bean with object name Ratis:service=RaftServer,group=group-4FACF4D64A7E,id=1514860f-d988-4646-88fa-884730dadadc
2021-06-11 19:07:57,975 [Command processor thread] INFO  impl.RoleInfo (RoleInfo.java:shutdownFollowerState(108)) - 1514860f-d988-4646-88fa-884730dadadc: shutdown 1514860f-d988-4646-88fa-884730dadadc@group-4FACF4D64A7E-FollowerState
2021-06-11 19:07:57,975 [1514860f-d988-4646-88fa-884730dadadc@group-4FACF4D64A7E-StateMachineUpdater] INFO  metrics.RatisMetrics (RatisMetrics.java:unregister(43)) - Unregistering Metrics Registry : ratis.state_machine.1514860f-d988-4646-88fa-884730dadadc@group-4FACF4D64A7E
2021-06-11 19:07:57,975 [Command processor thread] INFO  impl.StateMachineUpdater (StateMachineUpdater.java:stopAndJoin(149)) - 1514860f-d988-4646-88fa-884730dadadc@group-4FACF4D64A7E-StateMachineUpdater: set stopIndex = 10
2021-06-11 19:07:57,975 [Command processor thread] INFO  server.RaftServer$Division (ServerState.java:close(405)) - 1514860f-d988-4646-88fa-884730dadadc@group-4FACF4D64A7E: closes. applyIndex: 10
2021-06-11 19:07:57,975 [1514860f-d988-4646-88fa-884730dadadc@group-4FACF4D64A7E-SegmentedRaftLogWorker] INFO  segmented.SegmentedRaftLogWorker (SegmentedRaftLogWorker.java:run(327)) - 1514860f-d988-4646-88fa-884730dadadc@group-4FACF4D64A7E-SegmentedRaftLogWorker was interrupted, exiting. There are 0 tasks remaining in the queue.
2021-06-11 19:07:57,980 [1514860f-d988-4646-88fa-884730dadadc@group-4FACF4D64A7E-FollowerState] INFO  impl.FollowerState (FollowerState.java:run(143)) - 1514860f-d988-4646-88fa-884730dadadc@group-4FACF4D64A7E-FollowerState was interrupted: {}
java.lang.InterruptedException: sleep interrupted
	at java.lang.Thread.sleep(Native Method)
	at java.lang.Thread.sleep(Thread.java:340)
	at java.util.concurrent.TimeUnit.sleep(TimeUnit.java:386)
	at org.apache.ratis.util.TimeDuration.sleep(TimeDuration.java:324)
	at org.apache.ratis.util.TimeDuration.sleep(TimeDuration.java:309)
	at org.apache.ratis.server.impl.FollowerState.run(FollowerState.java:118)
2021-06-11 19:07:57,982 [Command processor thread] INFO  segmented.SegmentedRaftLogWorker (SegmentedRaftLogWorker.java:close(237)) - 1514860f-d988-4646-88fa-884730dadadc@group-4FACF4D64A7E-SegmentedRaftLogWorker close()
2021-06-11 19:07:57,984 [Command processor thread] INFO  metrics.RatisMetrics (RatisMetrics.java:unregister(43)) - Unregistering Metrics Registry : ratis.log_worker.1514860f-d988-4646-88fa-884730dadadc@group-4FACF4D64A7E
2021-06-11 19:07:57,984 [Command processor thread] INFO  metrics.RatisMetrics (RatisMetrics.java:unregister(43)) - Unregistering Metrics Registry : ratis.leader_election.1514860f-d988-4646-88fa-884730dadadc@group-4FACF4D64A7E
2021-06-11 19:07:57,984 [Command processor thread] INFO  metrics.RatisMetrics (RatisMetrics.java:unregister(43)) - Unregistering Metrics Registry : ratis.server.1514860f-d988-4646-88fa-884730dadadc@group-4FACF4D64A7E
2021-06-11 19:07:57,985 [Command processor thread] INFO  keyvalue.KeyValueContainer (KeyValueContainer.java:flushAndSyncDB(393)) - Container 1 is synced with bcsId 9.
2021-06-11 19:07:57,985 [Command processor thread] INFO  keyvalue.KeyValueContainer (KeyValueContainer.java:flushAndSyncDB(393)) - Container 1 is synced with bcsId 9.
2021-06-11 19:07:57,987 [1514860f-d988-4646-88fa-884730dadadc@group-A0934D54B14C-FollowerState] INFO  impl.FollowerState (FollowerState.java:run(134)) - 1514860f-d988-4646-88fa-884730dadadc@group-A0934D54B14C-FollowerState: change to CANDIDATE, lastRpcElapsedTime:5008645786ns, electionTimeout:5008ms
2021-06-11 19:07:57,987 [1514860f-d988-4646-88fa-884730dadadc@group-A0934D54B14C-FollowerState] INFO  impl.RoleInfo (RoleInfo.java:shutdownFollowerState(108)) - 1514860f-d988-4646-88fa-884730dadadc: shutdown 1514860f-d988-4646-88fa-884730dadadc@group-A0934D54B14C-FollowerState
2021-06-11 19:07:57,987 [1514860f-d988-4646-88fa-884730dadadc@group-A0934D54B14C-FollowerState] INFO  server.RaftServer$Division (RaftServerImpl.java:setRole(284)) - 1514860f-d988-4646-88fa-884730dadadc@group-A0934D54B14C: changes role from  FOLLOWER to CANDIDATE at term 1 for changeToCandidate
2021-06-11 19:07:57,987 [1514860f-d988-4646-88fa-884730dadadc@group-A0934D54B14C-FollowerState] INFO  server.RaftServerConfigKeys (ConfUtils.java:logGet(44)) - raft.server.leaderelection.pre-vote = false (custom)
2021-06-11 19:07:57,987 [1514860f-d988-4646-88fa-884730dadadc@group-A0934D54B14C-FollowerState] INFO  impl.RoleInfo (RoleInfo.java:updateAndGet(130)) - 1514860f-d988-4646-88fa-884730dadadc: start 1514860f-d988-4646-88fa-884730dadadc@group-A0934D54B14C-LeaderElection67
2021-06-11 19:07:58,005 [Command processor thread] INFO  server.RaftServer$Division (RaftServerImpl.java:groupRemove(376)) - 1514860f-d988-4646-88fa-884730dadadc@group-4FACF4D64A7E: Succeed to remove RaftStorageDirectory Storage Directory /home/runner/work/ozone/ozone/mnt/ozone/hadoop-ozone/integration-test/target/test-dir/MiniOzoneClusterImpl-7f30813a-d1ba-41a1-975d-e59f1b24795c/datanode-0/data/ratis/816a5d0c-7751-485e-a30f-4facf4d64a7e
2021-06-11 19:07:58,006 [Command processor thread] INFO  commandhandler.ClosePipelineCommandHandler (ClosePipelineCommandHandler.java:handle(75)) - Close Pipeline PipelineID=816a5d0c-7751-485e-a30f-4facf4d64a7e command on datanode 1514860f-d988-4646-88fa-884730dadadc.
2021-06-11 19:07:58,006 [Command processor thread] INFO  server.RaftServer (RaftServerProxy.java:remove(106)) - 1514860f-d988-4646-88fa-884730dadadc: remove  FOLLOWER 1514860f-d988-4646-88fa-884730dadadc@group-7A06744B07B2:t1, leader=null, voted=f0d18f37-c034-4e65-b036-926f7b7a2e40, raftlog=1514860f-d988-4646-88fa-884730dadadc@group-7A06744B07B2-SegmentedRaftLog:OPENED:c0,f0,i0, conf=0: [f0d18f37-c034-4e65-b036-926f7b7a2e40|rpc:10.1.0.43:45755|dataStream:|priority:1, 1514860f-d988-4646-88fa-884730dadadc|rpc:10.1.0.43:42983|dataStream:|priority:0, 41bce2b3-bc14-4594-98d7-18715bf094e4|rpc:10.1.0.43:36265|dataStream:|priority:0], old=null RUNNING
2021-06-11 19:07:58,006 [Command processor thread] INFO  server.RaftServer$Division (RaftServerImpl.java:lambda$close$4(406)) - 1514860f-d988-4646-88fa-884730dadadc@group-7A06744B07B2: shutdown
2021-06-11 19:07:58,006 [Command processor thread] INFO  util.JmxRegister (JmxRegister.java:unregister(73)) - Successfully un-registered JMX Bean with object name Ratis:service=RaftServer,group=group-7A06744B07B2,id=1514860f-d988-4646-88fa-884730dadadc
2021-06-11 19:07:58,006 [Command processor thread] INFO  impl.RoleInfo (RoleInfo.java:shutdownFollowerState(108)) - 1514860f-d988-4646-88fa-884730dadadc: shutdown 1514860f-d988-4646-88fa-884730dadadc@group-7A06744B07B2-FollowerState
2021-06-11 19:07:58,006 [Command processor thread] INFO  impl.StateMachineUpdater (StateMachineUpdater.java:stopAndJoin(149)) - 1514860f-d988-4646-88fa-884730dadadc@group-7A06744B07B2-StateMachineUpdater: set stopIndex = 0
2021-06-11 19:07:58,007 [1514860f-d988-4646-88fa-884730dadadc@group-7A06744B07B2-FollowerState] INFO  impl.FollowerState (FollowerState.java:run(143)) - 1514860f-d988-4646-88fa-884730dadadc@group-7A06744B07B2-FollowerState was interrupted: {}
java.lang.InterruptedException: sleep interrupted
	at java.lang.Thread.sleep(Native Method)
	at java.lang.Thread.sleep(Thread.java:340)
	at java.util.concurrent.TimeUnit.sleep(TimeUnit.java:386)
	at org.apache.ratis.util.TimeDuration.sleep(TimeDuration.java:324)
	at org.apache.ratis.util.TimeDuration.sleep(TimeDuration.java:309)
	at org.apache.ratis.server.impl.FollowerState.run(FollowerState.java:118)
2021-06-11 19:07:58,007 [1514860f-d988-4646-88fa-884730dadadc@group-7A06744B07B2-StateMachineUpdater] INFO  metrics.RatisMetrics (RatisMetrics.java:unregister(43)) - Unregistering Metrics Registry : ratis.state_machine.1514860f-d988-4646-88fa-884730dadadc@group-7A06744B07B2
2021-06-11 19:07:58,007 [EventQueue-IncrementalContainerReportForIncrementalContainerReportHandler] INFO  container.IncrementalContainerReportHandler (AbstractContainerReportHandler.java:updateContainerState(216)) - Moving container #1 to QUASI_CLOSED state, datanode 1514860f-d988-4646-88fa-884730dadadc{ip: 10.1.0.43, host: fv-az59-942.csjynl4pkq3e1pkirw3ssqjfoh.cx.internal.cloudapp.net, ports: [REPLICATION=38961, RATIS=42983, RATIS_ADMIN=42983, RATIS_SERVER=42983, STANDALONE=46383], networkLocation: /default-rack, certSerialId: null, persistedOpState: IN_SERVICE, persistedOpStateExpiryEpochSec: 0} reported QUASI_CLOSED replica.
2021-06-11 19:07:58,012 [Command processor thread] INFO  server.RaftServer$Division (ServerState.java:close(405)) - 1514860f-d988-4646-88fa-884730dadadc@group-7A06744B07B2: closes. applyIndex: 0
2021-06-11 19:07:58,012 [1514860f-d988-4646-88fa-884730dadadc@group-7A06744B07B2-SegmentedRaftLogWorker] INFO  segmented.SegmentedRaftLogWorker (SegmentedRaftLogWorker.java:run(327)) - 1514860f-d988-4646-88fa-884730dadadc@group-7A06744B07B2-SegmentedRaftLogWorker was interrupted, exiting. There are 0 tasks remaining in the queue.
2021-06-11 19:07:58,019 [Command processor thread] INFO  segmented.SegmentedRaftLogWorker (SegmentedRaftLogWorker.java:close(237)) - 1514860f-d988-4646-88fa-884730dadadc@group-7A06744B07B2-SegmentedRaftLogWorker close()
2021-06-11 19:07:58,022 [1514860f-d988-4646-88fa-884730dadadc@group-A0934D54B14C-LeaderElection67] INFO  impl.LeaderElection (LeaderElection.java:askForVotes(306)) - 1514860f-d988-4646-88fa-884730dadadc@group-A0934D54B14C-LeaderElection67 ELECTION round 0: submit vote requests at term 2 for 0: [f0d18f37-c034-4e65-b036-926f7b7a2e40|rpc:10.1.0.43:45755|dataStream:|priority:0, 1514860f-d988-4646-88fa-884730dadadc|rpc:10.1.0.43:42983|dataStream:|priority:0, 41bce2b3-bc14-4594-98d7-18715bf094e4|rpc:10.1.0.43:36265|dataStream:|priority:1], old=null
2021-06-11 19:07:58,044 [Command processor thread] INFO  metrics.RatisMetrics (RatisMetrics.java:unregister(43)) - Unregistering Metrics Registry : ratis.log_worker.1514860f-d988-4646-88fa-884730dadadc@group-7A06744B07B2
2021-06-11 19:07:58,044 [Command processor thread] INFO  metrics.RatisMetrics (RatisMetrics.java:unregister(43)) - Unregistering Metrics Registry : ratis.leader_election.1514860f-d988-4646-88fa-884730dadadc@group-7A06744B07B2
2021-06-11 19:07:58,044 [Command processor thread] INFO  metrics.RatisMetrics (RatisMetrics.java:unregister(43)) - Unregistering Metrics Registry : ratis.server.1514860f-d988-4646-88fa-884730dadadc@group-7A06744B07B2
2021-06-11 19:07:58,044 [Command processor thread] INFO  server.RaftServer$Division (RaftServerImpl.java:groupRemove(376)) - 1514860f-d988-4646-88fa-884730dadadc@group-7A06744B07B2: Succeed to remove RaftStorageDirectory Storage Directory /home/runner/work/ozone/ozone/mnt/ozone/hadoop-ozone/integration-test/target/test-dir/MiniOzoneClusterImpl-7f30813a-d1ba-41a1-975d-e59f1b24795c/datanode-0/data/ratis/98922251-7eaa-4d63-82ed-7a06744b07b2
2021-06-11 19:07:58,045 [Command processor thread] INFO  commandhandler.ClosePipelineCommandHandler (ClosePipelineCommandHandler.java:handle(75)) - Close Pipeline PipelineID=98922251-7eaa-4d63-82ed-7a06744b07b2 command on datanode 1514860f-d988-4646-88fa-884730dadadc.
2021-06-11 19:07:58,045 [Command processor thread] INFO  server.RaftServer (RaftServerProxy.java:remove(106)) - 1514860f-d988-4646-88fa-884730dadadc: remove CANDIDATE 1514860f-d988-4646-88fa-884730dadadc@group-A0934D54B14C:t2, leader=null, voted=1514860f-d988-4646-88fa-884730dadadc, raftlog=1514860f-d988-4646-88fa-884730dadadc@group-A0934D54B14C-SegmentedRaftLog:OPENED:c0,f0,i0, conf=0: [f0d18f37-c034-4e65-b036-926f7b7a2e40|rpc:10.1.0.43:45755|dataStream:|priority:0, 1514860f-d988-4646-88fa-884730dadadc|rpc:10.1.0.43:42983|dataStream:|priority:0, 41bce2b3-bc14-4594-98d7-18715bf094e4|rpc:10.1.0.43:36265|dataStream:|priority:1], old=null RUNNING
2021-06-11 19:07:58,045 [Command processor thread] INFO  server.RaftServer$Division (RaftServerImpl.java:lambda$close$4(406)) - 1514860f-d988-4646-88fa-884730dadadc@group-A0934D54B14C: shutdown
2021-06-11 19:07:58,045 [Command processor thread] INFO  util.JmxRegister (JmxRegister.java:unregister(73)) - Successfully un-registered JMX Bean with object name Ratis:service=RaftServer,group=group-A0934D54B14C,id=1514860f-d988-4646-88fa-884730dadadc
2021-06-11 19:07:58,045 [Command processor thread] INFO  impl.RoleInfo (RoleInfo.java:shutdownLeaderElection(121)) - 1514860f-d988-4646-88fa-884730dadadc: shutdown 1514860f-d988-4646-88fa-884730dadadc@group-A0934D54B14C-LeaderElection67
2021-06-11 19:07:58,045 [Command processor thread] INFO  impl.StateMachineUpdater (StateMachineUpdater.java:stopAndJoin(149)) - 1514860f-d988-4646-88fa-884730dadadc@group-A0934D54B14C-StateMachineUpdater: set stopIndex = 0
2021-06-11 19:07:58,045 [1514860f-d988-4646-88fa-884730dadadc@group-A0934D54B14C-StateMachineUpdater] INFO  metrics.RatisMetrics (RatisMetrics.java:unregister(43)) - Unregistering Metrics Registry : ratis.state_machine.1514860f-d988-4646-88fa-884730dadadc@group-A0934D54B14C
2021-06-11 19:07:58,045 [Command processor thread] INFO  server.RaftServer$Division (ServerState.java:close(405)) - 1514860f-d988-4646-88fa-884730dadadc@group-A0934D54B14C: closes. applyIndex: 0
2021-06-11 19:07:58,045 [1514860f-d988-4646-88fa-884730dadadc@group-A0934D54B14C-SegmentedRaftLogWorker] INFO  segmented.SegmentedRaftLogWorker (SegmentedRaftLogWorker.java:run(327)) - 1514860f-d988-4646-88fa-884730dadadc@group-A0934D54B14C-SegmentedRaftLogWorker was interrupted, exiting. There are 0 tasks remaining in the queue.
2021-06-11 19:07:58,049 [grpc-default-executor-1] WARN  server.GrpcServerProtocolService (LogUtils.java:warn(124)) - f0d18f37-c034-4e65-b036-926f7b7a2e40: Failed requestVote 1514860f-d988-4646-88fa-884730dadadc->f0d18f37-c034-4e65-b036-926f7b7a2e40#0
org.apache.ratis.protocol.exceptions.GroupMismatchException: f0d18f37-c034-4e65-b036-926f7b7a2e40: group-A0934D54B14C not found.
	at org.apache.ratis.server.impl.RaftServerProxy$ImplMap.get(RaftServerProxy.java:147)
	at org.apache.ratis.server.impl.RaftServerProxy.getImplFuture(RaftServerProxy.java:339)
	at org.apache.ratis.server.impl.RaftServerProxy.getImpl(RaftServerProxy.java:348)
	at org.apache.ratis.server.impl.RaftServerProxy.getImpl(RaftServerProxy.java:343)
	at org.apache.ratis.server.impl.RaftServerProxy.requestVote(RaftServerProxy.java:548)
	at org.apache.ratis.grpc.server.GrpcServerProtocolService.requestVote(GrpcServerProtocolService.java:172)
	at org.apache.ratis.proto.grpc.RaftServerProtocolServiceGrpc$MethodHandlers.invoke(RaftServerProtocolServiceGrpc.java:394)
	at org.apache.ratis.thirdparty.io.grpc.stub.ServerCalls$UnaryServerCallHandler$UnaryServerCallListener.onHalfClose(ServerCalls.java:182)
	at org.apache.ratis.thirdparty.io.grpc.PartialForwardingServerCallListener.onHalfClose(PartialForwardingServerCallListener.java:35)
	at org.apache.ratis.thirdparty.io.grpc.ForwardingServerCallListener.onHalfClose(ForwardingServerCallListener.java:23)
	at org.apache.ratis.thirdparty.io.grpc.internal.ServerCallImpl$ServerStreamListenerImpl.halfClosed(ServerCallImpl.java:331)
	at org.apache.ratis.thirdparty.io.grpc.internal.ServerImpl$JumpToApplicationThreadServerStreamListener$1HalfClosed.runInContext(ServerImpl.java:814)
	at org.apache.ratis.thirdparty.io.grpc.internal.ContextRunnable.run(ContextRunnable.java:37)
	at org.apache.ratis.thirdparty.io.grpc.internal.SerializingExecutor.run(SerializingExecutor.java:123)
	at java.util.concurrent.ThreadPoolExecutor.runWorker(ThreadPoolExecutor.java:1149)
	at java.util.concurrent.ThreadPoolExecutor$Worker.run(ThreadPoolExecutor.java:624)
	at java.lang.Thread.run(Thread.java:748)
2021-06-11 19:07:58,059 [Command processor thread] INFO  segmented.SegmentedRaftLogWorker (SegmentedRaftLogWorker.java:close(237)) - 1514860f-d988-4646-88fa-884730dadadc@group-A0934D54B14C-SegmentedRaftLogWorker close()
2021-06-11 19:07:58,068 [1514860f-d988-4646-88fa-884730dadadc@group-A0934D54B14C-LeaderElection67] INFO  impl.LeaderElection (LogUtils.java:infoOrTrace(137)) - 1514860f-d988-4646-88fa-884730dadadc@group-A0934D54B14C-LeaderElection67 got exception when requesting votes: java.util.concurrent.ExecutionException: org.apache.ratis.thirdparty.io.grpc.StatusRuntimeException: INTERNAL: f0d18f37-c034-4e65-b036-926f7b7a2e40: group-A0934D54B14C not found.
2021-06-11 19:07:58,068 [1514860f-d988-4646-88fa-884730dadadc@group-A0934D54B14C-LeaderElection67] INFO  impl.LeaderElection (LeaderElection.java:logAndReturn(89)) - 1514860f-d988-4646-88fa-884730dadadc@group-A0934D54B14C-LeaderElection67: ELECTION REJECTED received 0 response(s) and 1 exception(s):
2021-06-11 19:07:58,068 [1514860f-d988-4646-88fa-884730dadadc@group-A0934D54B14C-LeaderElection67] INFO  impl.LeaderElection (LogUtils.java:infoOrTrace(137)) -   Exception 0: java.util.concurrent.ExecutionException: org.apache.ratis.thirdparty.io.grpc.StatusRuntimeException: INTERNAL: f0d18f37-c034-4e65-b036-926f7b7a2e40: group-A0934D54B14C not found.
2021-06-11 19:07:58,068 [1514860f-d988-4646-88fa-884730dadadc@group-A0934D54B14C-LeaderElection67] INFO  impl.LeaderElection (LeaderElection.java:askForVotes(308)) - 1514860f-d988-4646-88fa-884730dadadc@group-A0934D54B14C-LeaderElection67 ELECTION round 0: result REJECTED
2021-06-11 19:07:58,071 [Listener at 127.0.0.1/43957] INFO  ozone.MiniOzoneClusterImpl (MiniOzoneClusterImpl.java:shutdown(445)) - Shutting down the Mini Ozone Cluster
2021-06-11 19:07:58,071 [Listener at 127.0.0.1/43957] INFO  ozone.MiniOzoneClusterImpl (MiniOzoneClusterImpl.java:stop(460)) - Stopping the Mini Ozone Cluster
2021-06-11 19:07:58,071 [Listener at 127.0.0.1/43957] INFO  ozone.MiniOzoneClusterImpl (MiniOzoneClusterImpl.java:stopOM(542)) - Stopping the OzoneManager
2021-06-11 19:07:58,071 [Listener at 127.0.0.1/43957] INFO  ipc.Server (Server.java:stop(3403)) - Stopping server on 43957
2021-06-11 19:07:58,072 [grpc-default-executor-7] WARN  server.GrpcServerProtocolService (LogUtils.java:warn(124)) - 41bce2b3-bc14-4594-98d7-18715bf094e4: Failed requestVote 1514860f-d988-4646-88fa-884730dadadc->41bce2b3-bc14-4594-98d7-18715bf094e4#0
org.apache.ratis.protocol.exceptions.GroupMismatchException: 41bce2b3-bc14-4594-98d7-18715bf094e4: group-A0934D54B14C not found.
	at org.apache.ratis.server.impl.RaftServerProxy$ImplMap.get(RaftServerProxy.java:147)
	at org.apache.ratis.server.impl.RaftServerProxy.getImplFuture(RaftServerProxy.java:339)
	at org.apache.ratis.server.impl.RaftServerProxy.getImpl(RaftServerProxy.java:348)
	at org.apache.ratis.server.impl.RaftServerProxy.getImpl(RaftServerProxy.java:343)
	at org.apache.ratis.server.impl.RaftServerProxy.requestVote(RaftServerProxy.java:548)
	at org.apache.ratis.grpc.server.GrpcServerProtocolService.requestVote(GrpcServerProtocolService.java:172)
	at org.apache.ratis.proto.grpc.RaftServerProtocolServiceGrpc$MethodHandlers.invoke(RaftServerProtocolServiceGrpc.java:394)
	at org.apache.ratis.thirdparty.io.grpc.stub.ServerCalls$UnaryServerCallHandler$UnaryServerCallListener.onHalfClose(ServerCalls.java:182)
	at org.apache.ratis.thirdparty.io.grpc.PartialForwardingServerCallListener.onHalfClose(PartialForwardingServerCallListener.java:35)
	at org.apache.ratis.thirdparty.io.grpc.ForwardingServerCallListener.onHalfClose(ForwardingServerCallListener.java:23)
	at org.apache.ratis.thirdparty.io.grpc.internal.ServerCallImpl$ServerStreamListenerImpl.halfClosed(ServerCallImpl.java:331)
	at org.apache.ratis.thirdparty.io.grpc.internal.ServerImpl$JumpToApplicationThreadServerStreamListener$1HalfClosed.runInContext(ServerImpl.java:814)
	at org.apache.ratis.thirdparty.io.grpc.internal.ContextRunnable.run(ContextRunnable.java:37)
	at org.apache.ratis.thirdparty.io.grpc.internal.SerializingExecutor.run(SerializingExecutor.java:123)
	at java.util.concurrent.ThreadPoolExecutor.runWorker(ThreadPoolExecutor.java:1149)
	at java.util.concurrent.ThreadPoolExecutor$Worker.run(ThreadPoolExecutor.java:624)
	at java.lang.Thread.run(Thread.java:748)
2021-06-11 19:07:58,073 [Command processor thread] INFO  metrics.RatisMetrics (RatisMetrics.java:unregister(43)) - Unregistering Metrics Registry : ratis.log_worker.1514860f-d988-4646-88fa-884730dadadc@group-A0934D54B14C
2021-06-11 19:07:58,074 [Command processor thread] INFO  metrics.RatisMetrics (RatisMetrics.java:unregister(43)) - Unregistering Metrics Registry : ratis.leader_election.1514860f-d988-4646-88fa-884730dadadc@group-A0934D54B14C
2021-06-11 19:07:58,074 [Command processor thread] INFO  metrics.RatisMetrics (RatisMetrics.java:unregister(43)) - Unregistering Metrics Registry : ratis.server.1514860f-d988-4646-88fa-884730dadadc@group-A0934D54B14C
2021-06-11 19:07:58,074 [Command processor thread] INFO  server.RaftServer$Division (RaftServerImpl.java:groupRemove(376)) - 1514860f-d988-4646-88fa-884730dadadc@group-A0934D54B14C: Succeed to remove RaftStorageDirectory Storage Directory /home/runner/work/ozone/ozone/mnt/ozone/hadoop-ozone/integration-test/target/test-dir/MiniOzoneClusterImpl-7f30813a-d1ba-41a1-975d-e59f1b24795c/datanode-0/data/ratis/da2b4bb3-8ca4-433a-a644-a0934d54b14c
2021-06-11 19:07:58,074 [Command processor thread] INFO  commandhandler.ClosePipelineCommandHandler (ClosePipelineCommandHandler.java:handle(75)) - Close Pipeline PipelineID=da2b4bb3-8ca4-433a-a644-a0934d54b14c command on datanode 1514860f-d988-4646-88fa-884730dadadc.
2021-06-11 19:07:58,074 [Command processor thread] WARN  server.RaftServer (RaftServerProxy.java:remove(101)) - 1514860f-d988-4646-88fa-884730dadadc: does not contain group: group-4FACF4D64A7E
2021-06-11 19:07:58,074 [Command processor thread] ERROR commandhandler.ClosePipelineCommandHandler (ClosePipelineCommandHandler.java:handle(78)) - Can't close pipeline PipelineID=816a5d0c-7751-485e-a30f-4facf4d64a7e
java.io.IOException: 1514860f-d988-4646-88fa-884730dadadc: Group group-4FACF4D64A7E not found.
	at org.apache.hadoop.ozone.container.common.transport.server.ratis.XceiverServerRatis.removeGroup(XceiverServerRatis.java:826)
	at org.apache.hadoop.ozone.container.common.statemachine.commandhandler.ClosePipelineCommandHandler.handle(ClosePipelineCommandHandler.java:74)
	at org.apache.hadoop.ozone.container.common.statemachine.commandhandler.CommandDispatcher.handle(CommandDispatcher.java:99)
	at org.apache.hadoop.ozone.container.common.statemachine.DatanodeStateMachine.lambda$initCommandHandlerThread$2(DatanodeStateMachine.java:523)
	at java.lang.Thread.run(Thread.java:748)
Caused by: org.apache.ratis.protocol.exceptions.GroupMismatchException: 1514860f-d988-4646-88fa-884730dadadc: Group group-4FACF4D64A7E not found.
	at org.apache.ratis.server.impl.RaftServerProxy.groupRemoveAsync(RaftServerProxy.java:504)
	at org.apache.ratis.server.impl.RaftServerProxy.groupManagementAsync(RaftServerProxy.java:460)
	at org.apache.ratis.server.impl.RaftServerProxy.groupManagement(RaftServerProxy.java:440)
	at org.apache.hadoop.ozone.container.common.transport.server.ratis.XceiverServerRatis.removeGroup(XceiverServerRatis.java:824)
	... 4 more
2021-06-11 19:07:58,075 [Command processor thread] WARN  server.RaftServer (RaftServerProxy.java:remove(101)) - 1514860f-d988-4646-88fa-884730dadadc: does not contain group: group-7A06744B07B2
2021-06-11 19:07:58,075 [Command processor thread] ERROR commandhandler.ClosePipelineCommandHandler (ClosePipelineCommandHandler.java:handle(78)) - Can't close pipeline PipelineID=98922251-7eaa-4d63-82ed-7a06744b07b2
java.io.IOException: 1514860f-d988-4646-88fa-884730dadadc: Group group-7A06744B07B2 not found.
	at org.apache.hadoop.ozone.container.common.transport.server.ratis.XceiverServerRatis.removeGroup(XceiverServerRatis.java:826)
	at org.apache.hadoop.ozone.container.common.statemachine.commandhandler.ClosePipelineCommandHandler.handle(ClosePipelineCommandHandler.java:74)
	at org.apache.hadoop.ozone.container.common.statemachine.commandhandler.CommandDispatcher.handle(CommandDispatcher.java:99)
	at org.apache.hadoop.ozone.container.common.statemachine.DatanodeStateMachine.lambda$initCommandHandlerThread$2(DatanodeStateMachine.java:523)
	at java.lang.Thread.run(Thread.java:748)
Caused by: org.apache.ratis.protocol.exceptions.GroupMismatchException: 1514860f-d988-4646-88fa-884730dadadc: Group group-7A06744B07B2 not found.
	at org.apache.ratis.server.impl.RaftServerProxy.groupRemoveAsync(RaftServerProxy.java:504)
	at org.apache.ratis.server.impl.RaftServerProxy.groupManagementAsync(RaftServerProxy.java:460)
	at org.apache.ratis.server.impl.RaftServerProxy.groupManagement(RaftServerProxy.java:440)
	at org.apache.hadoop.ozone.container.common.transport.server.ratis.XceiverServerRatis.removeGroup(XceiverServerRatis.java:824)
	... 4 more
2021-06-11 19:07:58,075 [Command processor thread] WARN  server.RaftServer (RaftServerProxy.java:remove(101)) - 1514860f-d988-4646-88fa-884730dadadc: does not contain group: group-A0934D54B14C
2021-06-11 19:07:58,075 [Command processor thread] ERROR commandhandler.ClosePipelineCommandHandler (ClosePipelineCommandHandler.java:handle(78)) - Can't close pipeline PipelineID=da2b4bb3-8ca4-433a-a644-a0934d54b14c
java.io.IOException: 1514860f-d988-4646-88fa-884730dadadc: Group group-A0934D54B14C not found.
	at org.apache.hadoop.ozone.container.common.transport.server.ratis.XceiverServerRatis.removeGroup(XceiverServerRatis.java:826)
	at org.apache.hadoop.ozone.container.common.statemachine.commandhandler.ClosePipelineCommandHandler.handle(ClosePipelineCommandHandler.java:74)
	at org.apache.hadoop.ozone.container.common.statemachine.commandhandler.CommandDispatcher.handle(CommandDispatcher.java:99)
	at org.apache.hadoop.ozone.container.common.statemachine.DatanodeStateMachine.lambda$initCommandHandlerThread$2(DatanodeStateMachine.java:523)
	at java.lang.Thread.run(Thread.java:748)
Caused by: org.apache.ratis.protocol.exceptions.GroupMismatchException: 1514860f-d988-4646-88fa-884730dadadc: Group group-A0934D54B14C not found.
	at org.apache.ratis.server.impl.RaftServerProxy.groupRemoveAsync(RaftServerProxy.java:504)
	at org.apache.ratis.server.impl.RaftServerProxy.groupManagementAsync(RaftServerProxy.java:460)
	at org.apache.ratis.server.impl.RaftServerProxy.groupManagement(RaftServerProxy.java:440)
	at org.apache.hadoop.ozone.container.common.transport.server.ratis.XceiverServerRatis.removeGroup(XceiverServerRatis.java:824)
	... 4 more
2021-06-11 19:07:58,075 [Command processor thread] INFO  server.RaftServer (RaftServerProxy.java:addNew(95)) - 1514860f-d988-4646-88fa-884730dadadc: addNew group-BACD0EC680C0:[1514860f-d988-4646-88fa-884730dadadc|rpc:10.1.0.43:42983|priority:1] returns group-BACD0EC680C0:java.util.concurrent.CompletableFuture@60c4d5e[Not completed]
2021-06-11 19:07:58,076 [pool-572-thread-1] INFO  server.RaftServer$Division (RaftServerImpl.java:<init>(180)) - 1514860f-d988-4646-88fa-884730dadadc: new RaftServerImpl for group-BACD0EC680C0:[1514860f-d988-4646-88fa-884730dadadc|rpc:10.1.0.43:42983|priority:1] with ContainerStateMachine:uninitialized
2021-06-11 19:07:58,081 [pool-572-thread-1] INFO  server.RaftServerConfigKeys (ConfUtils.java:logGet(44)) - raft.server.rpc.timeout.min = 5s (custom)
2021-06-11 19:07:58,081 [pool-572-thread-1] INFO  server.RaftServerConfigKeys (ConfUtils.java:logGet(44)) - raft.server.rpc.timeout.max = 5200ms (custom)
2021-06-11 19:07:58,081 [pool-572-thread-1] INFO  server.RaftServerConfigKeys (ConfUtils.java:logGet(44)) - raft.server.rpc.sleep.time = 25ms (default)
2021-06-11 19:07:58,081 [pool-572-thread-1] INFO  server.RaftServerConfigKeys (ConfUtils.java:logGet(44)) - raft.server.rpc.slowness.timeout = 300000ms (custom)
2021-06-11 19:07:58,081 [pool-572-thread-1] INFO  server.RaftServerConfigKeys (ConfUtils.java:logGet(44)) - raft.server.leaderelection.leader.step-down.wait-time = 10s (default)
2021-06-11 19:07:58,081 [pool-572-thread-1] INFO  server.RaftServerConfigKeys (ConfUtils.java:logGet(44)) - raft.server.sleep.deviation.threshold = 300ms (default)
2021-06-11 19:07:58,081 [pool-572-thread-1] INFO  server.RaftServerConfigKeys (ConfUtils.java:logGet(44)) - raft.server.log.appender.install.snapshot.enabled = false (custom)
2021-06-11 19:07:58,082 [pool-572-thread-1] INFO  server.RaftServer$Division (ServerState.java:<init>(105)) - 1514860f-d988-4646-88fa-884730dadadc@group-BACD0EC680C0: ConfigurationManager, init=-1: [1514860f-d988-4646-88fa-884730dadadc|rpc:10.1.0.43:42983|priority:1], old=null, confs=<EMPTY_MAP>
2021-06-11 19:07:58,082 [pool-572-thread-1] INFO  server.RaftServerConfigKeys (ConfUtils.java:logGet(44)) - raft.server.storage.dir = [/home/runner/work/ozone/ozone/mnt/ozone/hadoop-ozone/integration-test/target/test-dir/MiniOzoneClusterImpl-7f30813a-d1ba-41a1-975d-e59f1b24795c/datanode-0/data/ratis] (custom)
2021-06-11 19:07:58,082 [pool-572-thread-1] INFO  server.RaftServerConfigKeys (ConfUtils.java:logGet(44)) - raft.server.log.corruption.policy = EXCEPTION (default)
2021-06-11 19:07:58,082 [pool-572-thread-1] INFO  storage.RaftStorageDirectory (RaftStorageDirectoryImpl.java:analyzeStorage(132)) - The storage directory /home/runner/work/ozone/ozone/mnt/ozone/hadoop-ozone/integration-test/target/test-dir/MiniOzoneClusterImpl-7f30813a-d1ba-41a1-975d-e59f1b24795c/datanode-0/data/ratis/4d6a1a96-517a-425c-929c-bacd0ec680c0 does not exist. Creating ...
2021-06-11 19:07:58,083 [IPC Server listener on 0] INFO  ipc.Server (Server.java:run(1366)) - Stopping IPC Server listener on 0
2021-06-11 19:07:58,083 [IPC Server Responder] INFO  ipc.Server (Server.java:run(1502)) - Stopping IPC Server Responder
2021-06-11 19:07:58,083 [Listener at 127.0.0.1/43957] INFO  server.RaftServer (RaftServerProxy.java:lambda$close$6(391)) - om1: close
2021-06-11 19:07:58,083 [Listener at 127.0.0.1/43957] INFO  server.RaftServer$Division (RaftServerImpl.java:lambda$close$4(406)) - om1@group-C5BA1605619E: shutdown
2021-06-11 19:07:58,084 [Listener at 127.0.0.1/43957] INFO  util.JmxRegister (JmxRegister.java:unregister(73)) - Successfully un-registered JMX Bean with object name Ratis:service=RaftServer,group=group-C5BA1605619E,id=om1
2021-06-11 19:07:58,084 [Listener at 127.0.0.1/43957] INFO  impl.RoleInfo (RoleInfo.java:shutdownLeaderState(91)) - om1: shutdown om1@group-C5BA1605619E-LeaderStateImpl
2021-06-11 19:07:58,084 [Listener at 127.0.0.1/43957] INFO  impl.PendingRequests (PendingRequests.java:sendNotLeaderResponses(249)) - om1@group-C5BA1605619E-PendingRequests: sendNotLeaderResponses
2021-06-11 19:07:58,085 [pool-572-thread-1] INFO  storage.RaftStorageDirectory (RaftStorageDirectoryImpl.java:tryLock(215)) - Lock on /home/runner/work/ozone/ozone/mnt/ozone/hadoop-ozone/integration-test/target/test-dir/MiniOzoneClusterImpl-7f30813a-d1ba-41a1-975d-e59f1b24795c/datanode-0/data/ratis/4d6a1a96-517a-425c-929c-bacd0ec680c0/in_use.lock acquired by nodename 18191@fv-az59-942
2021-06-11 19:07:58,086 [pool-572-thread-1] INFO  storage.RaftStorage (RaftStorageImpl.java:format(87)) - Storage directory /home/runner/work/ozone/ozone/mnt/ozone/hadoop-ozone/integration-test/target/test-dir/MiniOzoneClusterImpl-7f30813a-d1ba-41a1-975d-e59f1b24795c/datanode-0/data/ratis/4d6a1a96-517a-425c-929c-bacd0ec680c0 has been successfully formatted.
2021-06-11 19:07:58,086 [pool-572-thread-1] INFO  ratis.ContainerStateMachine (ContainerStateMachine.java:loadSnapshot(224)) - group-BACD0EC680C0: The snapshot info is null. Setting the last applied indexto:(t:0, i:~)
2021-06-11 19:07:58,086 [pool-572-thread-1] INFO  server.RaftServerConfigKeys (ConfUtils.java:logGet(44)) - raft.server.notification.no-leader.timeout = 300000ms (custom)
2021-06-11 19:07:58,086 [pool-572-thread-1] INFO  server.RaftServerConfigKeys (ConfUtils.java:logGet(44)) - raft.server.log.use.memory = false (default)
2021-06-11 19:07:58,087 [pool-572-thread-1] INFO  server.RaftServerConfigKeys (ConfUtils.java:logGet(44)) - raft.server.log.purge.gap = 1000000 (custom)
2021-06-11 19:07:58,087 [pool-572-thread-1] INFO  server.RaftServerConfigKeys (ConfUtils.java:logGet(44)) - raft.server.log.appender.buffer.byte-limit = 33554432 (custom)
2021-06-11 19:07:58,087 [pool-572-thread-1] INFO  metrics.RatisMetrics (RatisMetrics.java:lambda$create$0(36)) - Creating Metrics Registry : ratis.log_worker.1514860f-d988-4646-88fa-884730dadadc@group-BACD0EC680C0
2021-06-11 19:07:58,087 [EventQueue-PipelineReportForPipelineReportHandler] INFO  pipeline.PipelineManagerV2Impl (PipelineManagerV2Impl.java:openPipeline(270)) - Pipeline Pipeline[ Id: 4d6a1a96-517a-425c-929c-bacd0ec680c0, Nodes: 1514860f-d988-4646-88fa-884730dadadc{ip: 10.1.0.43, host: fv-az59-942.csjynl4pkq3e1pkirw3ssqjfoh.cx.internal.cloudapp.net, ports: [REPLICATION=38961, RATIS=42983, RATIS_ADMIN=42983, RATIS_SERVER=42983, STANDALONE=46383], networkLocation: /default-rack, certSerialId: null, persistedOpState: IN_SERVICE, persistedOpStateExpiryEpochSec: 0}, ReplicationConfig: RATIS/ONE, State:ALLOCATED, leaderId:1514860f-d988-4646-88fa-884730dadadc, CreationTimestamp2021-06-11T19:07:56.987Z] moved to OPEN state
2021-06-11 19:07:58,088 [pool-572-thread-1] INFO  server.RaftServerConfigKeys (ConfUtils.java:logGet(44)) - raft.server.log.segment.size.max = 1048576 (custom)
2021-06-11 19:07:58,088 [pool-572-thread-1] INFO  server.RaftServerConfigKeys (ConfUtils.java:logGet(44)) - raft.server.log.segment.cache.num.max = 2 (custom)
2021-06-11 19:07:58,088 [pool-572-thread-1] INFO  server.RaftServerConfigKeys (ConfUtils.java:logGet(44)) - raft.server.log.segment.cache.size.max = 200MB (=209715200) (default)
2021-06-11 19:07:58,088 [pool-572-thread-1] INFO  segmented.SegmentedRaftLogWorker (SegmentedRaftLogWorker.java:<init>(182)) - new 1514860f-d988-4646-88fa-884730dadadc@group-BACD0EC680C0-SegmentedRaftLogWorker for RaftStorageImpl:Storage Directory /home/runner/work/ozone/ozone/mnt/ozone/hadoop-ozone/integration-test/target/test-dir/MiniOzoneClusterImpl-7f30813a-d1ba-41a1-975d-e59f1b24795c/datanode-0/data/ratis/4d6a1a96-517a-425c-929c-bacd0ec680c0
2021-06-11 19:07:58,088 [pool-572-thread-1] INFO  server.RaftServerConfigKeys (ConfUtils.java:logGet(44)) - raft.server.log.queue.byte-limit = 2147483647 (custom)
2021-06-11 19:07:58,088 [pool-572-thread-1] INFO  server.RaftServerConfigKeys (ConfUtils.java:logGet(44)) - raft.server.log.queue.element-limit = 1024 (custom)
2021-06-11 19:07:58,089 [pool-572-thread-1] INFO  server.RaftServerConfigKeys (ConfUtils.java:logGet(44)) - raft.server.log.segment.size.max = 1048576 (custom)
2021-06-11 19:07:58,089 [pool-572-thread-1] INFO  server.RaftServerConfigKeys (ConfUtils.java:logGet(44)) - raft.server.log.preallocated.size = 16384 (custom)
2021-06-11 19:07:58,089 [pool-572-thread-1] INFO  server.RaftServerConfigKeys (ConfUtils.java:logGet(44)) - raft.server.log.force.sync.num = 128 (default)
2021-06-11 19:07:58,089 [pool-572-thread-1] INFO  server.RaftServerConfigKeys (ConfUtils.java:logGet(44)) - raft.server.log.statemachine.data.sync = true (default)
2021-06-11 19:07:58,089 [pool-572-thread-1] INFO  server.RaftServerConfigKeys (ConfUtils.java:logGet(44)) - raft.server.log.statemachine.data.sync.timeout = 10s (default)
2021-06-11 19:07:58,089 [pool-572-thread-1] INFO  server.RaftServerConfigKeys (ConfUtils.java:logGet(44)) - raft.server.log.statemachine.data.sync.timeout.retry = -1 (default)
2021-06-11 19:07:58,090 [pool-572-thread-1] INFO  server.RaftServerConfigKeys (ConfUtils.java:logGet(44)) - raft.server.log.write.buffer.size = 1048576 (custom)
2021-06-11 19:07:58,091 [pool-572-thread-1] INFO  server.RaftServerConfigKeys (ConfUtils.java:logGet(44)) - raft.server.log.statemachine.data.caching.enabled = true (custom)
2021-06-11 19:07:58,091 [pool-572-thread-1] INFO  segmented.SegmentedRaftLogWorker (SegmentedRaftLogWorker.java:lambda$new$0(133)) - 1514860f-d988-4646-88fa-884730dadadc@group-BACD0EC680C0-SegmentedRaftLogWorker: flushIndex: setUnconditionally 0 -> -1
2021-06-11 19:07:58,091 [pool-572-thread-1] INFO  segmented.SegmentedRaftLogWorker (SegmentedRaftLogWorker.java:lambda$new$0(133)) - 1514860f-d988-4646-88fa-884730dadadc@group-BACD0EC680C0-SegmentedRaftLogWorker: safeCacheEvictIndex: setUnconditionally 0 -> -1
2021-06-11 19:07:58,096 [pool-572-thread-1] INFO  server.RaftServerConfigKeys (ConfUtils.java:logGet(44)) - raft.server.snapshot.auto.trigger.enabled = true (custom)
2021-06-11 19:07:58,096 [pool-572-thread-1] INFO  server.RaftServerConfigKeys (ConfUtils.java:logGet(44)) - raft.server.snapshot.auto.trigger.threshold = 10000 (custom)
2021-06-11 19:07:58,096 [pool-572-thread-1] INFO  server.RaftServerConfigKeys (ConfUtils.java:logGet(44)) - raft.server.snapshot.retention.file.num = 5 (custom)
2021-06-11 19:07:58,096 [pool-572-thread-1] INFO  server.RaftServerConfigKeys (ConfUtils.java:logGet(44)) - raft.server.log.purge.upto.snapshot.index = false (default)
2021-06-11 19:07:58,096 [pool-572-thread-1] INFO  server.RaftServerConfigKeys (ConfUtils.java:logGet(44)) - raft.server.retrycache.expirytime = 600000ms (custom)
2021-06-11 19:07:58,096 [pool-572-thread-1] INFO  server.RaftServerConfigKeys (ConfUtils.java:logGet(44)) - raft.server.retrycache.statistics.expirytime = 100μs (default)
2021-06-11 19:07:58,096 [pool-572-thread-1] INFO  metrics.RatisMetrics (RatisMetrics.java:lambda$create$0(36)) - Creating Metrics Registry : ratis.leader_election.1514860f-d988-4646-88fa-884730dadadc@group-BACD0EC680C0
2021-06-11 19:07:58,096 [pool-572-thread-1] INFO  metrics.RatisMetrics (RatisMetrics.java:lambda$create$0(36)) - Creating Metrics Registry : ratis.server.1514860f-d988-4646-88fa-884730dadadc@group-BACD0EC680C0
2021-06-11 19:07:58,097 [pool-572-thread-1] INFO  server.RaftServer$Division (RaftServerImpl.java:start(295)) - 1514860f-d988-4646-88fa-884730dadadc@group-BACD0EC680C0: start as a follower, conf=-1: [1514860f-d988-4646-88fa-884730dadadc|rpc:10.1.0.43:42983|priority:1], old=null
2021-06-11 19:07:58,097 [pool-572-thread-1] INFO  server.RaftServer$Division (RaftServerImpl.java:setRole(284)) - 1514860f-d988-4646-88fa-884730dadadc@group-BACD0EC680C0: changes role from      null to FOLLOWER at term 0 for startAsFollower
2021-06-11 19:07:58,097 [pool-572-thread-1] INFO  impl.RoleInfo (RoleInfo.java:updateAndGet(130)) - 1514860f-d988-4646-88fa-884730dadadc: start 1514860f-d988-4646-88fa-884730dadadc@group-BACD0EC680C0-FollowerState
2021-06-11 19:07:58,109 [pool-572-thread-1] INFO  util.JmxRegister (JmxRegister.java:tryRegister(44)) - Successfully registered JMX Bean with object name Ratis:service=RaftServer,group=group-BACD0EC680C0,id=1514860f-d988-4646-88fa-884730dadadc
2021-06-11 19:07:58,109 [pool-572-thread-1] INFO  metrics.RatisMetrics (RatisMetrics.java:lambda$create$0(36)) - Creating Metrics Registry : ratis.state_machine.1514860f-d988-4646-88fa-884730dadadc@group-BACD0EC680C0
2021-06-11 19:07:58,109 [Listener at 127.0.0.1/43957] INFO  metrics.RatisMetrics (RatisMetrics.java:unregister(43)) - Unregistering Metrics Registry : ratis.log_appender.om1@group-C5BA1605619E
2021-06-11 19:07:58,109 [Listener at 127.0.0.1/43957] INFO  metrics.RatisMetrics (RatisMetrics.java:unregister(43)) - Unregistering Metrics Registry : ratis.server.om1@group-C5BA1605619E
2021-06-11 19:07:58,110 [Listener at 127.0.0.1/43957] INFO  impl.StateMachineUpdater (StateMachineUpdater.java:stopAndJoin(149)) - om1@group-C5BA1605619E-StateMachineUpdater: set stopIndex = 10
2021-06-11 19:07:58,110 [om1@group-C5BA1605619E-StateMachineUpdater] INFO  ratis.OzoneManagerStateMachine (OzoneManagerStateMachine.java:takeSnapshot(347)) - Current Snapshot Index (t:1, i:10)
2021-06-11 19:07:58,110 [om1@group-C5BA1605619E-StateMachineUpdater] INFO  impl.StateMachineUpdater (StateMachineUpdater.java:takeSnapshot(281)) - om1@group-C5BA1605619E-StateMachineUpdater: Took a snapshot at index 10
2021-06-11 19:07:58,110 [om1@group-C5BA1605619E-StateMachineUpdater] INFO  impl.StateMachineUpdater (StateMachineUpdater.java:lambda$new$0(89)) - om1@group-C5BA1605619E-StateMachineUpdater: snapshotIndex: updateIncreasingly -1 -> 10
2021-06-11 19:07:58,110 [om1@group-C5BA1605619E-StateMachineUpdater] INFO  metrics.RatisMetrics (RatisMetrics.java:unregister(43)) - Unregistering Metrics Registry : ratis.state_machine.om1@group-C5BA1605619E
2021-06-11 19:07:58,110 [Listener at 127.0.0.1/43957] INFO  server.RaftServer$Division (ServerState.java:close(405)) - om1@group-C5BA1605619E: closes. applyIndex: 10
2021-06-11 19:07:58,111 [Command processor thread] INFO  ratis.XceiverServerRatis (XceiverServerRatis.java:addGroup(808)) - Created group PipelineID=4d6a1a96-517a-425c-929c-bacd0ec680c0
2021-06-11 19:07:58,111 [Command processor thread] INFO  commandhandler.CreatePipelineCommandHandler (CreatePipelineCommandHandler.java:handle(106)) - Created Pipeline RATIS ONE PipelineID=4d6a1a96-517a-425c-929c-bacd0ec680c0.
2021-06-11 19:07:58,111 [Command processor thread] INFO  server.RaftServer (RaftServerProxy.java:addNew(95)) - 1514860f-d988-4646-88fa-884730dadadc: addNew group-36BDC7D3F91B:[f0d18f37-c034-4e65-b036-926f7b7a2e40|rpc:10.1.0.43:45755|priority:1, 1514860f-d988-4646-88fa-884730dadadc|rpc:10.1.0.43:42983|priority:0, f05d9154-dd24-4162-9fdc-352a7a5261e7|rpc:10.1.0.43:40337|priority:0] returns group-36BDC7D3F91B:java.util.concurrent.CompletableFuture@127d4ff0[Not completed]
2021-06-11 19:07:58,111 [pool-572-thread-1] INFO  server.RaftServer$Division (RaftServerImpl.java:<init>(180)) - 1514860f-d988-4646-88fa-884730dadadc: new RaftServerImpl for group-36BDC7D3F91B:[f0d18f37-c034-4e65-b036-926f7b7a2e40|rpc:10.1.0.43:45755|priority:1, 1514860f-d988-4646-88fa-884730dadadc|rpc:10.1.0.43:42983|priority:0, f05d9154-dd24-4162-9fdc-352a7a5261e7|rpc:10.1.0.43:40337|priority:0] with ContainerStateMachine:uninitialized
2021-06-11 19:07:58,112 [pool-572-thread-1] INFO  server.RaftServerConfigKeys (ConfUtils.java:logGet(44)) - raft.server.rpc.timeout.min = 5s (custom)
2021-06-11 19:07:58,112 [pool-572-thread-1] INFO  server.RaftServerConfigKeys (ConfUtils.java:logGet(44)) - raft.server.rpc.timeout.max = 5200ms (custom)
2021-06-11 19:07:58,112 [pool-572-thread-1] INFO  server.RaftServerConfigKeys (ConfUtils.java:logGet(44)) - raft.server.rpc.sleep.time = 25ms (default)
2021-06-11 19:07:58,112 [pool-572-thread-1] INFO  server.RaftServerConfigKeys (ConfUtils.java:logGet(44)) - raft.server.rpc.slowness.timeout = 300000ms (custom)
2021-06-11 19:07:58,112 [pool-572-thread-1] INFO  server.RaftServerConfigKeys (ConfUtils.java:logGet(44)) - raft.server.leaderelection.leader.step-down.wait-time = 10s (default)
2021-06-11 19:07:58,112 [pool-572-thread-1] INFO  server.RaftServerConfigKeys (ConfUtils.java:logGet(44)) - raft.server.sleep.deviation.threshold = 300ms (default)
2021-06-11 19:07:58,112 [pool-572-thread-1] INFO  server.RaftServerConfigKeys (ConfUtils.java:logGet(44)) - raft.server.log.appender.install.snapshot.enabled = false (custom)
2021-06-11 19:07:58,112 [pool-572-thread-1] INFO  server.RaftServer$Division (ServerState.java:<init>(105)) - 1514860f-d988-4646-88fa-884730dadadc@group-36BDC7D3F91B: ConfigurationManager, init=-1: [f0d18f37-c034-4e65-b036-926f7b7a2e40|rpc:10.1.0.43:45755|priority:1, 1514860f-d988-4646-88fa-884730dadadc|rpc:10.1.0.43:42983|priority:0, f05d9154-dd24-4162-9fdc-352a7a5261e7|rpc:10.1.0.43:40337|priority:0], old=null, confs=<EMPTY_MAP>
2021-06-11 19:07:58,112 [pool-572-thread-1] INFO  server.RaftServerConfigKeys (ConfUtils.java:logGet(44)) - raft.server.storage.dir = [/home/runner/work/ozone/ozone/mnt/ozone/hadoop-ozone/integration-test/target/test-dir/MiniOzoneClusterImpl-7f30813a-d1ba-41a1-975d-e59f1b24795c/datanode-0/data/ratis] (custom)
2021-06-11 19:07:58,117 [pool-572-thread-1] INFO  server.RaftServerConfigKeys (ConfUtils.java:logGet(44)) - raft.server.log.corruption.policy = EXCEPTION (default)
2021-06-11 19:07:58,117 [pool-572-thread-1] INFO  storage.RaftStorageDirectory (RaftStorageDirectoryImpl.java:analyzeStorage(132)) - The storage directory /home/runner/work/ozone/ozone/mnt/ozone/hadoop-ozone/integration-test/target/test-dir/MiniOzoneClusterImpl-7f30813a-d1ba-41a1-975d-e59f1b24795c/datanode-0/data/ratis/95b34053-dbda-421a-9298-36bdc7d3f91b does not exist. Creating ...
2021-06-11 19:07:58,113 [om1@group-C5BA1605619E-SegmentedRaftLogWorker] INFO  segmented.SegmentedRaftLogWorker (SegmentedRaftLogWorker.java:run(327)) - om1@group-C5BA1605619E-SegmentedRaftLogWorker was interrupted, exiting. There are 0 tasks remaining in the queue.
2021-06-11 19:07:58,118 [pool-572-thread-1] INFO  storage.RaftStorageDirectory (RaftStorageDirectoryImpl.java:tryLock(215)) - Lock on /home/runner/work/ozone/ozone/mnt/ozone/hadoop-ozone/integration-test/target/test-dir/MiniOzoneClusterImpl-7f30813a-d1ba-41a1-975d-e59f1b24795c/datanode-0/data/ratis/95b34053-dbda-421a-9298-36bdc7d3f91b/in_use.lock acquired by nodename 18191@fv-az59-942
2021-06-11 19:07:58,119 [Listener at 127.0.0.1/43957] INFO  segmented.SegmentedRaftLogWorker (SegmentedRaftLogWorker.java:close(237)) - om1@group-C5BA1605619E-SegmentedRaftLogWorker close()
2021-06-11 19:07:58,120 [pool-572-thread-1] INFO  storage.RaftStorage (RaftStorageImpl.java:format(87)) - Storage directory /home/runner/work/ozone/ozone/mnt/ozone/hadoop-ozone/integration-test/target/test-dir/MiniOzoneClusterImpl-7f30813a-d1ba-41a1-975d-e59f1b24795c/datanode-0/data/ratis/95b34053-dbda-421a-9298-36bdc7d3f91b has been successfully formatted.
2021-06-11 19:07:58,120 [pool-572-thread-1] INFO  ratis.ContainerStateMachine (ContainerStateMachine.java:loadSnapshot(224)) - group-36BDC7D3F91B: The snapshot info is null. Setting the last applied indexto:(t:0, i:~)
2021-06-11 19:07:58,120 [pool-572-thread-1] INFO  server.RaftServerConfigKeys (ConfUtils.java:logGet(44)) - raft.server.notification.no-leader.timeout = 300000ms (custom)
2021-06-11 19:07:58,120 [pool-572-thread-1] INFO  server.RaftServerConfigKeys (ConfUtils.java:logGet(44)) - raft.server.log.use.memory = false (default)
2021-06-11 19:07:58,120 [pool-572-thread-1] INFO  server.RaftServerConfigKeys (ConfUtils.java:logGet(44)) - raft.server.log.purge.gap = 1000000 (custom)
2021-06-11 19:07:58,120 [pool-572-thread-1] INFO  server.RaftServerConfigKeys (ConfUtils.java:logGet(44)) - raft.server.log.appender.buffer.byte-limit = 33554432 (custom)
2021-06-11 19:07:58,120 [pool-572-thread-1] INFO  metrics.RatisMetrics (RatisMetrics.java:lambda$create$0(36)) - Creating Metrics Registry : ratis.log_worker.1514860f-d988-4646-88fa-884730dadadc@group-36BDC7D3F91B
2021-06-11 19:07:58,120 [pool-572-thread-1] INFO  server.RaftServerConfigKeys (ConfUtils.java:logGet(44)) - raft.server.log.segment.size.max = 1048576 (custom)
2021-06-11 19:07:58,121 [pool-572-thread-1] INFO  server.RaftServerConfigKeys (ConfUtils.java:logGet(44)) - raft.server.log.segment.cache.num.max = 2 (custom)
2021-06-11 19:07:58,121 [pool-572-thread-1] INFO  server.RaftServerConfigKeys (ConfUtils.java:logGet(44)) - raft.server.log.segment.cache.size.max = 200MB (=209715200) (default)
2021-06-11 19:07:58,121 [pool-572-thread-1] INFO  segmented.SegmentedRaftLogWorker (SegmentedRaftLogWorker.java:<init>(182)) - new 1514860f-d988-4646-88fa-884730dadadc@group-36BDC7D3F91B-SegmentedRaftLogWorker for RaftStorageImpl:Storage Directory /home/runner/work/ozone/ozone/mnt/ozone/hadoop-ozone/integration-test/target/test-dir/MiniOzoneClusterImpl-7f30813a-d1ba-41a1-975d-e59f1b24795c/datanode-0/data/ratis/95b34053-dbda-421a-9298-36bdc7d3f91b
2021-06-11 19:07:58,121 [pool-572-thread-1] INFO  server.RaftServerConfigKeys (ConfUtils.java:logGet(44)) - raft.server.log.queue.byte-limit = 2147483647 (custom)
2021-06-11 19:07:58,121 [pool-572-thread-1] INFO  server.RaftServerConfigKeys (ConfUtils.java:logGet(44)) - raft.server.log.queue.element-limit = 1024 (custom)
2021-06-11 19:07:58,121 [pool-572-thread-1] INFO  server.RaftServerConfigKeys (ConfUtils.java:logGet(44)) - raft.server.log.segment.size.max = 1048576 (custom)
2021-06-11 19:07:58,121 [pool-572-thread-1] INFO  server.RaftServerConfigKeys (ConfUtils.java:logGet(44)) - raft.server.log.preallocated.size = 16384 (custom)
2021-06-11 19:07:58,121 [pool-572-thread-1] INFO  server.RaftServerConfigKeys (ConfUtils.java:logGet(44)) - raft.server.log.force.sync.num = 128 (default)
2021-06-11 19:07:58,121 [pool-572-thread-1] INFO  server.RaftServerConfigKeys (ConfUtils.java:logGet(44)) - raft.server.log.statemachine.data.sync = true (default)
2021-06-11 19:07:58,121 [pool-572-thread-1] INFO  server.RaftServerConfigKeys (ConfUtils.java:logGet(44)) - raft.server.log.statemachine.data.sync.timeout = 10s (default)
2021-06-11 19:07:58,121 [pool-572-thread-1] INFO  server.RaftServerConfigKeys (ConfUtils.java:logGet(44)) - raft.server.log.statemachine.data.sync.timeout.retry = -1 (default)
2021-06-11 19:07:58,122 [pool-572-thread-1] INFO  server.RaftServerConfigKeys (ConfUtils.java:logGet(44)) - raft.server.log.write.buffer.size = 1048576 (custom)
2021-06-11 19:07:58,123 [pool-572-thread-1] INFO  server.RaftServerConfigKeys (ConfUtils.java:logGet(44)) - raft.server.log.statemachine.data.caching.enabled = true (custom)
2021-06-11 19:07:58,123 [pool-572-thread-1] INFO  segmented.SegmentedRaftLogWorker (SegmentedRaftLogWorker.java:lambda$new$0(133)) - 1514860f-d988-4646-88fa-884730dadadc@group-36BDC7D3F91B-SegmentedRaftLogWorker: flushIndex: setUnconditionally 0 -> -1
2021-06-11 19:07:58,123 [pool-572-thread-1] INFO  segmented.SegmentedRaftLogWorker (SegmentedRaftLogWorker.java:lambda$new$0(133)) - 1514860f-d988-4646-88fa-884730dadadc@group-36BDC7D3F91B-SegmentedRaftLogWorker: safeCacheEvictIndex: setUnconditionally 0 -> -1
2021-06-11 19:07:58,123 [Listener at 127.0.0.1/43957] INFO  metrics.RatisMetrics (RatisMetrics.java:unregister(43)) - Unregistering Metrics Registry : ratis.log_worker.om1@group-C5BA1605619E
2021-06-11 19:07:58,123 [Listener at 127.0.0.1/43957] INFO  metrics.RatisMetrics (RatisMetrics.java:unregister(43)) - Unregistering Metrics Registry : ratis.leader_election.om1@group-C5BA1605619E
2021-06-11 19:07:58,124 [Listener at 127.0.0.1/43957] INFO  metrics.RatisMetrics (RatisMetrics.java:unregister(43)) - Unregistering Metrics Registry : ratis.server.om1@group-C5BA1605619E
2021-06-11 19:07:58,124 [Listener at 127.0.0.1/43957] INFO  server.GrpcService (GrpcService.java:closeImpl(262)) - om1: shutdown server with port 9872 now
2021-06-11 19:07:58,124 [Listener at 127.0.0.1/43957] INFO  server.GrpcService (GrpcService.java:closeImpl(271)) - om1: shutdown server with port 9872 successfully
2021-06-11 19:07:58,124 [pool-572-thread-1] INFO  server.RaftServerConfigKeys (ConfUtils.java:logGet(44)) - raft.server.snapshot.auto.trigger.enabled = true (custom)
2021-06-11 19:07:58,124 [pool-572-thread-1] INFO  server.RaftServerConfigKeys (ConfUtils.java:logGet(44)) - raft.server.snapshot.auto.trigger.threshold = 10000 (custom)
2021-06-11 19:07:58,125 [pool-572-thread-1] INFO  server.RaftServerConfigKeys (ConfUtils.java:logGet(44)) - raft.server.snapshot.retention.file.num = 5 (custom)
2021-06-11 19:07:58,125 [pool-572-thread-1] INFO  server.RaftServerConfigKeys (ConfUtils.java:logGet(44)) - raft.server.log.purge.upto.snapshot.index = false (default)
2021-06-11 19:07:58,125 [pool-572-thread-1] INFO  server.RaftServerConfigKeys (ConfUtils.java:logGet(44)) - raft.server.retrycache.expirytime = 600000ms (custom)
2021-06-11 19:07:58,125 [pool-572-thread-1] INFO  server.RaftServerConfigKeys (ConfUtils.java:logGet(44)) - raft.server.retrycache.statistics.expirytime = 100μs (default)
2021-06-11 19:07:58,125 [pool-572-thread-1] INFO  metrics.RatisMetrics (RatisMetrics.java:lambda$create$0(36)) - Creating Metrics Registry : ratis.leader_election.1514860f-d988-4646-88fa-884730dadadc@group-36BDC7D3F91B
2021-06-11 19:07:58,125 [pool-572-thread-1] INFO  metrics.RatisMetrics (RatisMetrics.java:lambda$create$0(36)) - Creating Metrics Registry : ratis.server.1514860f-d988-4646-88fa-884730dadadc@group-36BDC7D3F91B
2021-06-11 19:07:58,126 [pool-572-thread-1] INFO  server.RaftServer$Division (RaftServerImpl.java:start(295)) - 1514860f-d988-4646-88fa-884730dadadc@group-36BDC7D3F91B: start as a follower, conf=-1: [f0d18f37-c034-4e65-b036-926f7b7a2e40|rpc:10.1.0.43:45755|priority:1, 1514860f-d988-4646-88fa-884730dadadc|rpc:10.1.0.43:42983|priority:0, f05d9154-dd24-4162-9fdc-352a7a5261e7|rpc:10.1.0.43:40337|priority:0], old=null
2021-06-11 19:07:58,126 [pool-572-thread-1] INFO  server.RaftServer$Division (RaftServerImpl.java:setRole(284)) - 1514860f-d988-4646-88fa-884730dadadc@group-36BDC7D3F91B: changes role from      null to FOLLOWER at term 0 for startAsFollower
2021-06-11 19:07:58,126 [pool-572-thread-1] INFO  impl.RoleInfo (RoleInfo.java:updateAndGet(130)) - 1514860f-d988-4646-88fa-884730dadadc: start 1514860f-d988-4646-88fa-884730dadadc@group-36BDC7D3F91B-FollowerState
2021-06-11 19:07:58,126 [pool-572-thread-1] INFO  util.JmxRegister (JmxRegister.java:tryRegister(44)) - Successfully registered JMX Bean with object name Ratis:service=RaftServer,group=group-36BDC7D3F91B,id=1514860f-d988-4646-88fa-884730dadadc
2021-06-11 19:07:58,126 [pool-572-thread-1] INFO  metrics.RatisMetrics (RatisMetrics.java:lambda$create$0(36)) - Creating Metrics Registry : ratis.state_machine.1514860f-d988-4646-88fa-884730dadadc@group-36BDC7D3F91B
2021-06-11 19:07:58,127 [Command processor thread] INFO  ratis.XceiverServerRatis (XceiverServerRatis.java:addGroup(808)) - Created group PipelineID=95b34053-dbda-421a-9298-36bdc7d3f91b
2021-06-11 19:07:58,128 [Command processor thread] INFO  metrics.RatisMetrics (RatisMetrics.java:lambda$create$0(36)) - Creating Metrics Registry : ratis.client_message_metrics.client-A2EE43F144D2->f0d18f37-c034-4e65-b036-926f7b7a2e40
2021-06-11 19:07:58,129 [org.apache.ratis.util.JvmPauseMonitor$$Lambda$513/909036188@1a64aafe] INFO  util.JvmPauseMonitor (JvmPauseMonitor.java:run(109)) - JvmPauseMonitor-om1: Stopped
2021-06-11 19:07:58,130 [Listener at 127.0.0.1/43957] INFO  ratis.OzoneManagerDoubleBuffer (OzoneManagerDoubleBuffer.java:stop(426)) - Stopping OMDoubleBuffer flush thread
2021-06-11 19:07:58,130 [OMDoubleBufferFlushThread] INFO  ratis.OzoneManagerDoubleBuffer (OzoneManagerDoubleBuffer.java:flushTransactions(353)) - OMDoubleBuffer flush thread OMDoubleBufferFlushThread is interrupted and will exit. OMDoubleBufferFlushThread
2021-06-11 19:07:58,130 [Listener at 127.0.0.1/43957] INFO  ratis.OzoneManagerStateMachine (HadoopExecutors.java:shutdown(118)) - Gracefully shutting down executor service. Waiting max 5 SECONDS
2021-06-11 19:07:58,130 [Listener at 127.0.0.1/43957] INFO  ratis.OzoneManagerStateMachine (HadoopExecutors.java:shutdown(129)) - Succesfully shutdown executor service
2021-06-11 19:07:58,130 [Listener at 127.0.0.1/43957] INFO  ratis.OzoneManagerStateMachine (HadoopExecutors.java:shutdown(118)) - Gracefully shutting down executor service. Waiting max 5 SECONDS
2021-06-11 19:07:58,130 [Listener at 127.0.0.1/43957] INFO  ratis.OzoneManagerStateMachine (HadoopExecutors.java:shutdown(129)) - Succesfully shutdown executor service
2021-06-11 19:07:58,130 [Listener at 127.0.0.1/43957] INFO  utils.BackgroundService (BackgroundService.java:shutdown(132)) - Shutting down service KeyDeletingService
2021-06-11 19:07:58,139 [Command processor thread] INFO  server.RaftServer (RaftServerProxy.java:addNew(95)) - f05d9154-dd24-4162-9fdc-352a7a5261e7: addNew group-36BDC7D3F91B:[f0d18f37-c034-4e65-b036-926f7b7a2e40|rpc:10.1.0.43:45755|priority:1, 1514860f-d988-4646-88fa-884730dadadc|rpc:10.1.0.43:42983|priority:0, f05d9154-dd24-4162-9fdc-352a7a5261e7|rpc:10.1.0.43:40337|priority:0] returns group-36BDC7D3F91B:java.util.concurrent.CompletableFuture@303267b2[Not completed]
2021-06-11 19:07:58,140 [pool-540-thread-1] INFO  server.RaftServer$Division (RaftServerImpl.java:<init>(180)) - f05d9154-dd24-4162-9fdc-352a7a5261e7: new RaftServerImpl for group-36BDC7D3F91B:[f0d18f37-c034-4e65-b036-926f7b7a2e40|rpc:10.1.0.43:45755|priority:1, 1514860f-d988-4646-88fa-884730dadadc|rpc:10.1.0.43:42983|priority:0, f05d9154-dd24-4162-9fdc-352a7a5261e7|rpc:10.1.0.43:40337|priority:0] with ContainerStateMachine:uninitialized
2021-06-11 19:07:58,140 [pool-540-thread-1] INFO  server.RaftServerConfigKeys (ConfUtils.java:logGet(44)) - raft.server.rpc.timeout.min = 5s (custom)
2021-06-11 19:07:58,140 [pool-540-thread-1] INFO  server.RaftServerConfigKeys (ConfUtils.java:logGet(44)) - raft.server.rpc.timeout.max = 5200ms (custom)
2021-06-11 19:07:58,140 [pool-540-thread-1] INFO  server.RaftServerConfigKeys (ConfUtils.java:logGet(44)) - raft.server.rpc.sleep.time = 25ms (default)
2021-06-11 19:07:58,140 [pool-540-thread-1] INFO  server.RaftServerConfigKeys (ConfUtils.java:logGet(44)) - raft.server.rpc.slowness.timeout = 300000ms (custom)
2021-06-11 19:07:58,140 [pool-540-thread-1] INFO  server.RaftServerConfigKeys (ConfUtils.java:logGet(44)) - raft.server.leaderelection.leader.step-down.wait-time = 10s (default)
2021-06-11 19:07:58,140 [pool-540-thread-1] INFO  server.RaftServerConfigKeys (ConfUtils.java:logGet(44)) - raft.server.sleep.deviation.threshold = 300ms (default)
2021-06-11 19:07:58,140 [pool-540-thread-1] INFO  server.RaftServerConfigKeys (ConfUtils.java:logGet(44)) - raft.server.log.appender.install.snapshot.enabled = false (custom)
2021-06-11 19:07:58,140 [pool-540-thread-1] INFO  server.RaftServer$Division (ServerState.java:<init>(105)) - f05d9154-dd24-4162-9fdc-352a7a5261e7@group-36BDC7D3F91B: ConfigurationManager, init=-1: [f0d18f37-c034-4e65-b036-926f7b7a2e40|rpc:10.1.0.43:45755|priority:1, 1514860f-d988-4646-88fa-884730dadadc|rpc:10.1.0.43:42983|priority:0, f05d9154-dd24-4162-9fdc-352a7a5261e7|rpc:10.1.0.43:40337|priority:0], old=null, confs=<EMPTY_MAP>
2021-06-11 19:07:58,140 [pool-540-thread-1] INFO  server.RaftServerConfigKeys (ConfUtils.java:logGet(44)) - raft.server.storage.dir = [/home/runner/work/ozone/ozone/mnt/ozone/hadoop-ozone/integration-test/target/test-dir/MiniOzoneClusterImpl-7f30813a-d1ba-41a1-975d-e59f1b24795c/datanode-6/data/ratis] (custom)
2021-06-11 19:07:58,140 [pool-540-thread-1] INFO  server.RaftServerConfigKeys (ConfUtils.java:logGet(44)) - raft.server.log.corruption.policy = EXCEPTION (default)
2021-06-11 19:07:58,141 [pool-540-thread-1] INFO  storage.RaftStorageDirectory (RaftStorageDirectoryImpl.java:analyzeStorage(132)) - The storage directory /home/runner/work/ozone/ozone/mnt/ozone/hadoop-ozone/integration-test/target/test-dir/MiniOzoneClusterImpl-7f30813a-d1ba-41a1-975d-e59f1b24795c/datanode-6/data/ratis/95b34053-dbda-421a-9298-36bdc7d3f91b does not exist. Creating ...
2021-06-11 19:07:58,141 [Listener at 127.0.0.1/43957] INFO  handler.ContextHandler (ContextHandler.java:doStop(1154)) - Stopped o.e.j.w.WebAppContext@6e32d258{ozoneManager,/,null,STOPPED}{file:/home/runner/work/ozone/ozone/mnt/ozone/hadoop-ozone/integration-test/target/test-classes/webapps/ozoneManager}
2021-06-11 19:07:58,142 [pool-540-thread-1] INFO  storage.RaftStorageDirectory (RaftStorageDirectoryImpl.java:tryLock(215)) - Lock on /home/runner/work/ozone/ozone/mnt/ozone/hadoop-ozone/integration-test/target/test-dir/MiniOzoneClusterImpl-7f30813a-d1ba-41a1-975d-e59f1b24795c/datanode-6/data/ratis/95b34053-dbda-421a-9298-36bdc7d3f91b/in_use.lock acquired by nodename 18191@fv-az59-942
2021-06-11 19:07:58,144 [Listener at 127.0.0.1/43957] INFO  server.AbstractConnector (AbstractConnector.java:doStop(381)) - Stopped ServerConnector@3b4ec30a{HTTP/1.1, (http/1.1)}{0.0.0.0:0}
2021-06-11 19:07:58,144 [Listener at 127.0.0.1/43957] INFO  server.session (HouseKeeper.java:stopScavenging(149)) - node0 Stopped scavenging
2021-06-11 19:07:58,144 [pool-540-thread-1] INFO  storage.RaftStorage (RaftStorageImpl.java:format(87)) - Storage directory /home/runner/work/ozone/ozone/mnt/ozone/hadoop-ozone/integration-test/target/test-dir/MiniOzoneClusterImpl-7f30813a-d1ba-41a1-975d-e59f1b24795c/datanode-6/data/ratis/95b34053-dbda-421a-9298-36bdc7d3f91b has been successfully formatted.
2021-06-11 19:07:58,144 [pool-540-thread-1] INFO  ratis.ContainerStateMachine (ContainerStateMachine.java:loadSnapshot(224)) - group-36BDC7D3F91B: The snapshot info is null. Setting the last applied indexto:(t:0, i:~)
2021-06-11 19:07:58,145 [pool-540-thread-1] INFO  server.RaftServerConfigKeys (ConfUtils.java:logGet(44)) - raft.server.notification.no-leader.timeout = 300000ms (custom)
2021-06-11 19:07:58,145 [pool-540-thread-1] INFO  server.RaftServerConfigKeys (ConfUtils.java:logGet(44)) - raft.server.log.use.memory = false (default)
2021-06-11 19:07:58,145 [pool-540-thread-1] INFO  server.RaftServerConfigKeys (ConfUtils.java:logGet(44)) - raft.server.log.purge.gap = 1000000 (custom)
2021-06-11 19:07:58,145 [pool-540-thread-1] INFO  server.RaftServerConfigKeys (ConfUtils.java:logGet(44)) - raft.server.log.appender.buffer.byte-limit = 33554432 (custom)
2021-06-11 19:07:58,145 [pool-540-thread-1] INFO  metrics.RatisMetrics (RatisMetrics.java:lambda$create$0(36)) - Creating Metrics Registry : ratis.log_worker.f05d9154-dd24-4162-9fdc-352a7a5261e7@group-36BDC7D3F91B
2021-06-11 19:07:58,145 [pool-540-thread-1] INFO  server.RaftServerConfigKeys (ConfUtils.java:logGet(44)) - raft.server.log.segment.size.max = 1048576 (custom)
2021-06-11 19:07:58,145 [pool-540-thread-1] INFO  server.RaftServerConfigKeys (ConfUtils.java:logGet(44)) - raft.server.log.segment.cache.num.max = 2 (custom)
2021-06-11 19:07:58,147 [pool-540-thread-1] INFO  server.RaftServerConfigKeys (ConfUtils.java:logGet(44)) - raft.server.log.segment.cache.size.max = 200MB (=209715200) (default)
2021-06-11 19:07:58,147 [pool-540-thread-1] INFO  segmented.SegmentedRaftLogWorker (SegmentedRaftLogWorker.java:<init>(182)) - new f05d9154-dd24-4162-9fdc-352a7a5261e7@group-36BDC7D3F91B-SegmentedRaftLogWorker for RaftStorageImpl:Storage Directory /home/runner/work/ozone/ozone/mnt/ozone/hadoop-ozone/integration-test/target/test-dir/MiniOzoneClusterImpl-7f30813a-d1ba-41a1-975d-e59f1b24795c/datanode-6/data/ratis/95b34053-dbda-421a-9298-36bdc7d3f91b
2021-06-11 19:07:58,147 [pool-540-thread-1] INFO  server.RaftServerConfigKeys (ConfUtils.java:logGet(44)) - raft.server.log.queue.byte-limit = 2147483647 (custom)
2021-06-11 19:07:58,147 [pool-540-thread-1] INFO  server.RaftServerConfigKeys (ConfUtils.java:logGet(44)) - raft.server.log.queue.element-limit = 1024 (custom)
2021-06-11 19:07:58,148 [pool-540-thread-1] INFO  server.RaftServerConfigKeys (ConfUtils.java:logGet(44)) - raft.server.log.segment.size.max = 1048576 (custom)
2021-06-11 19:07:58,148 [pool-540-thread-1] INFO  server.RaftServerConfigKeys (ConfUtils.java:logGet(44)) - raft.server.log.preallocated.size = 16384 (custom)
2021-06-11 19:07:58,148 [pool-540-thread-1] INFO  server.RaftServerConfigKeys (ConfUtils.java:logGet(44)) - raft.server.log.force.sync.num = 128 (default)
2021-06-11 19:07:58,148 [pool-540-thread-1] INFO  server.RaftServerConfigKeys (ConfUtils.java:logGet(44)) - raft.server.log.statemachine.data.sync = true (default)
2021-06-11 19:07:58,148 [pool-540-thread-1] INFO  server.RaftServerConfigKeys (ConfUtils.java:logGet(44)) - raft.server.log.statemachine.data.sync.timeout = 10s (default)
2021-06-11 19:07:58,148 [pool-540-thread-1] INFO  server.RaftServerConfigKeys (ConfUtils.java:logGet(44)) - raft.server.log.statemachine.data.sync.timeout.retry = -1 (default)
2021-06-11 19:07:58,149 [pool-540-thread-1] INFO  server.RaftServerConfigKeys (ConfUtils.java:logGet(44)) - raft.server.log.write.buffer.size = 1048576 (custom)
2021-06-11 19:07:58,144 [Listener at 127.0.0.1/43957] INFO  handler.ContextHandler (ContextHandler.java:doStop(1154)) - Stopped o.e.j.s.ServletContextHandler@26bdbaff{static,/static,file:///home/runner/work/ozone/ozone/mnt/ozone/hadoop-ozone/integration-test/target/test-classes/webapps/static,STOPPED}
2021-06-11 19:07:58,149 [Listener at 127.0.0.1/43957] INFO  handler.ContextHandler (ContextHandler.java:doStop(1154)) - Stopped o.e.j.s.ServletContextHandler@7a5467f1{logs,/logs,file:///home/runner/work/ozone/ozone/mnt/ozone/hadoop-ozone/integration-test/target/log,STOPPED}
2021-06-11 19:07:58,150 [pool-540-thread-1] INFO  server.RaftServerConfigKeys (ConfUtils.java:logGet(44)) - raft.server.log.statemachine.data.caching.enabled = true (custom)
2021-06-11 19:07:58,150 [pool-540-thread-1] INFO  segmented.SegmentedRaftLogWorker (SegmentedRaftLogWorker.java:lambda$new$0(133)) - f05d9154-dd24-4162-9fdc-352a7a5261e7@group-36BDC7D3F91B-SegmentedRaftLogWorker: flushIndex: setUnconditionally 0 -> -1
2021-06-11 19:07:58,150 [pool-540-thread-1] INFO  segmented.SegmentedRaftLogWorker (SegmentedRaftLogWorker.java:lambda$new$0(133)) - f05d9154-dd24-4162-9fdc-352a7a5261e7@group-36BDC7D3F91B-SegmentedRaftLogWorker: safeCacheEvictIndex: setUnconditionally 0 -> -1
2021-06-11 19:07:58,151 [grpc-default-executor-7] INFO  server.RaftServer (RaftServerProxy.java:addNew(95)) - f0d18f37-c034-4e65-b036-926f7b7a2e40: addNew group-36BDC7D3F91B:[f0d18f37-c034-4e65-b036-926f7b7a2e40|rpc:10.1.0.43:45755|dataStream:|priority:1, 1514860f-d988-4646-88fa-884730dadadc|rpc:10.1.0.43:42983|dataStream:|priority:0, f05d9154-dd24-4162-9fdc-352a7a5261e7|rpc:10.1.0.43:40337|dataStream:|priority:0] returns group-36BDC7D3F91B:java.util.concurrent.CompletableFuture@1b32869b[Not completed]
2021-06-11 19:07:58,151 [pool-450-thread-1] INFO  server.RaftServer$Division (RaftServerImpl.java:<init>(180)) - f0d18f37-c034-4e65-b036-926f7b7a2e40: new RaftServerImpl for group-36BDC7D3F91B:[f0d18f37-c034-4e65-b036-926f7b7a2e40|rpc:10.1.0.43:45755|dataStream:|priority:1, 1514860f-d988-4646-88fa-884730dadadc|rpc:10.1.0.43:42983|dataStream:|priority:0, f05d9154-dd24-4162-9fdc-352a7a5261e7|rpc:10.1.0.43:40337|dataStream:|priority:0] with ContainerStateMachine:uninitialized
2021-06-11 19:07:58,151 [pool-450-thread-1] INFO  server.RaftServerConfigKeys (ConfUtils.java:logGet(44)) - raft.server.rpc.timeout.min = 5s (custom)
2021-06-11 19:07:58,151 [pool-450-thread-1] INFO  server.RaftServerConfigKeys (ConfUtils.java:logGet(44)) - raft.server.rpc.timeout.max = 5200ms (custom)
2021-06-11 19:07:58,152 [pool-450-thread-1] INFO  server.RaftServerConfigKeys (ConfUtils.java:logGet(44)) - raft.server.rpc.sleep.time = 25ms (default)
2021-06-11 19:07:58,152 [pool-450-thread-1] INFO  server.RaftServerConfigKeys (ConfUtils.java:logGet(44)) - raft.server.rpc.slowness.timeout = 300000ms (custom)
2021-06-11 19:07:58,152 [pool-450-thread-1] INFO  server.RaftServerConfigKeys (ConfUtils.java:logGet(44)) - raft.server.leaderelection.leader.step-down.wait-time = 10s (default)
2021-06-11 19:07:58,152 [pool-450-thread-1] INFO  server.RaftServerConfigKeys (ConfUtils.java:logGet(44)) - raft.server.sleep.deviation.threshold = 300ms (default)
2021-06-11 19:07:58,152 [pool-450-thread-1] INFO  server.RaftServerConfigKeys (ConfUtils.java:logGet(44)) - raft.server.log.appender.install.snapshot.enabled = false (custom)
2021-06-11 19:07:58,152 [pool-450-thread-1] INFO  server.RaftServer$Division (ServerState.java:<init>(105)) - f0d18f37-c034-4e65-b036-926f7b7a2e40@group-36BDC7D3F91B: ConfigurationManager, init=-1: [f0d18f37-c034-4e65-b036-926f7b7a2e40|rpc:10.1.0.43:45755|dataStream:|priority:1, 1514860f-d988-4646-88fa-884730dadadc|rpc:10.1.0.43:42983|dataStream:|priority:0, f05d9154-dd24-4162-9fdc-352a7a5261e7|rpc:10.1.0.43:40337|dataStream:|priority:0], old=null, confs=<EMPTY_MAP>
2021-06-11 19:07:58,152 [pool-450-thread-1] INFO  server.RaftServerConfigKeys (ConfUtils.java:logGet(44)) - raft.server.storage.dir = [/home/runner/work/ozone/ozone/mnt/ozone/hadoop-ozone/integration-test/target/test-dir/MiniOzoneClusterImpl-7f30813a-d1ba-41a1-975d-e59f1b24795c/datanode-1/data/ratis] (custom)
2021-06-11 19:07:58,152 [pool-450-thread-1] INFO  server.RaftServerConfigKeys (ConfUtils.java:logGet(44)) - raft.server.log.corruption.policy = EXCEPTION (default)
2021-06-11 19:07:58,152 [pool-450-thread-1] INFO  storage.RaftStorageDirectory (RaftStorageDirectoryImpl.java:analyzeStorage(132)) - The storage directory /home/runner/work/ozone/ozone/mnt/ozone/hadoop-ozone/integration-test/target/test-dir/MiniOzoneClusterImpl-7f30813a-d1ba-41a1-975d-e59f1b24795c/datanode-1/data/ratis/95b34053-dbda-421a-9298-36bdc7d3f91b does not exist. Creating ...
2021-06-11 19:07:58,154 [pool-450-thread-1] INFO  storage.RaftStorageDirectory (RaftStorageDirectoryImpl.java:tryLock(215)) - Lock on /home/runner/work/ozone/ozone/mnt/ozone/hadoop-ozone/integration-test/target/test-dir/MiniOzoneClusterImpl-7f30813a-d1ba-41a1-975d-e59f1b24795c/datanode-1/data/ratis/95b34053-dbda-421a-9298-36bdc7d3f91b/in_use.lock acquired by nodename 18191@fv-az59-942
2021-06-11 19:07:58,155 [pool-450-thread-1] INFO  storage.RaftStorage (RaftStorageImpl.java:format(87)) - Storage directory /home/runner/work/ozone/ozone/mnt/ozone/hadoop-ozone/integration-test/target/test-dir/MiniOzoneClusterImpl-7f30813a-d1ba-41a1-975d-e59f1b24795c/datanode-1/data/ratis/95b34053-dbda-421a-9298-36bdc7d3f91b has been successfully formatted.
2021-06-11 19:07:58,155 [pool-540-thread-1] INFO  server.RaftServerConfigKeys (ConfUtils.java:logGet(44)) - raft.server.snapshot.auto.trigger.enabled = true (custom)
2021-06-11 19:07:58,156 [pool-540-thread-1] INFO  server.RaftServerConfigKeys (ConfUtils.java:logGet(44)) - raft.server.snapshot.auto.trigger.threshold = 10000 (custom)
2021-06-11 19:07:58,156 [pool-540-thread-1] INFO  server.RaftServerConfigKeys (ConfUtils.java:logGet(44)) - raft.server.snapshot.retention.file.num = 5 (custom)
2021-06-11 19:07:58,156 [pool-540-thread-1] INFO  server.RaftServerConfigKeys (ConfUtils.java:logGet(44)) - raft.server.log.purge.upto.snapshot.index = false (default)
2021-06-11 19:07:58,156 [pool-450-thread-1] INFO  ratis.ContainerStateMachine (ContainerStateMachine.java:loadSnapshot(224)) - group-36BDC7D3F91B: The snapshot info is null. Setting the last applied indexto:(t:0, i:~)
2021-06-11 19:07:58,156 [pool-540-thread-1] INFO  server.RaftServerConfigKeys (ConfUtils.java:logGet(44)) - raft.server.retrycache.expirytime = 600000ms (custom)
2021-06-11 19:07:58,156 [pool-540-thread-1] INFO  server.RaftServerConfigKeys (ConfUtils.java:logGet(44)) - raft.server.retrycache.statistics.expirytime = 100μs (default)
2021-06-11 19:07:58,156 [pool-540-thread-1] INFO  metrics.RatisMetrics (RatisMetrics.java:lambda$create$0(36)) - Creating Metrics Registry : ratis.leader_election.f05d9154-dd24-4162-9fdc-352a7a5261e7@group-36BDC7D3F91B
2021-06-11 19:07:58,156 [pool-450-thread-1] INFO  server.RaftServerConfigKeys (ConfUtils.java:logGet(44)) - raft.server.notification.no-leader.timeout = 300000ms (custom)
2021-06-11 19:07:58,156 [pool-450-thread-1] INFO  server.RaftServerConfigKeys (ConfUtils.java:logGet(44)) - raft.server.log.use.memory = false (default)
2021-06-11 19:07:58,156 [pool-540-thread-1] INFO  metrics.RatisMetrics (RatisMetrics.java:lambda$create$0(36)) - Creating Metrics Registry : ratis.server.f05d9154-dd24-4162-9fdc-352a7a5261e7@group-36BDC7D3F91B
2021-06-11 19:07:58,156 [pool-450-thread-1] INFO  server.RaftServerConfigKeys (ConfUtils.java:logGet(44)) - raft.server.log.purge.gap = 1000000 (custom)
2021-06-11 19:07:58,157 [pool-450-thread-1] INFO  server.RaftServerConfigKeys (ConfUtils.java:logGet(44)) - raft.server.log.appender.buffer.byte-limit = 33554432 (custom)
2021-06-11 19:07:58,157 [pool-450-thread-1] INFO  metrics.RatisMetrics (RatisMetrics.java:lambda$create$0(36)) - Creating Metrics Registry : ratis.log_worker.f0d18f37-c034-4e65-b036-926f7b7a2e40@group-36BDC7D3F91B
2021-06-11 19:07:58,157 [pool-450-thread-1] INFO  server.RaftServerConfigKeys (ConfUtils.java:logGet(44)) - raft.server.log.segment.size.max = 1048576 (custom)
2021-06-11 19:07:58,159 [Listener at 127.0.0.1/43957] INFO  ozone.MiniOzoneClusterImpl (MiniOzoneClusterImpl.java:stopDatanodes(519)) - Stopping the HddsDatanodes
2021-06-11 19:07:58,160 [pool-540-thread-1] INFO  server.RaftServer$Division (RaftServerImpl.java:start(295)) - f05d9154-dd24-4162-9fdc-352a7a5261e7@group-36BDC7D3F91B: start as a follower, conf=-1: [f0d18f37-c034-4e65-b036-926f7b7a2e40|rpc:10.1.0.43:45755|priority:1, 1514860f-d988-4646-88fa-884730dadadc|rpc:10.1.0.43:42983|priority:0, f05d9154-dd24-4162-9fdc-352a7a5261e7|rpc:10.1.0.43:40337|priority:0], old=null
2021-06-11 19:07:58,161 [pool-540-thread-1] INFO  server.RaftServer$Division (RaftServerImpl.java:setRole(284)) - f05d9154-dd24-4162-9fdc-352a7a5261e7@group-36BDC7D3F91B: changes role from      null to FOLLOWER at term 0 for startAsFollower
2021-06-11 19:07:58,161 [pool-540-thread-1] INFO  impl.RoleInfo (RoleInfo.java:updateAndGet(130)) - f05d9154-dd24-4162-9fdc-352a7a5261e7: start f05d9154-dd24-4162-9fdc-352a7a5261e7@group-36BDC7D3F91B-FollowerState
2021-06-11 19:07:58,161 [pool-450-thread-1] INFO  server.RaftServerConfigKeys (ConfUtils.java:logGet(44)) - raft.server.log.segment.cache.num.max = 2 (custom)
2021-06-11 19:07:58,161 [pool-450-thread-1] INFO  server.RaftServerConfigKeys (ConfUtils.java:logGet(44)) - raft.server.log.segment.cache.size.max = 200MB (=209715200) (default)
2021-06-11 19:07:58,161 [pool-450-thread-1] INFO  segmented.SegmentedRaftLogWorker (SegmentedRaftLogWorker.java:<init>(182)) - new f0d18f37-c034-4e65-b036-926f7b7a2e40@group-36BDC7D3F91B-SegmentedRaftLogWorker for RaftStorageImpl:Storage Directory /home/runner/work/ozone/ozone/mnt/ozone/hadoop-ozone/integration-test/target/test-dir/MiniOzoneClusterImpl-7f30813a-d1ba-41a1-975d-e59f1b24795c/datanode-1/data/ratis/95b34053-dbda-421a-9298-36bdc7d3f91b
2021-06-11 19:07:58,161 [pool-450-thread-1] INFO  server.RaftServerConfigKeys (ConfUtils.java:logGet(44)) - raft.server.log.queue.byte-limit = 2147483647 (custom)
2021-06-11 19:07:58,161 [pool-450-thread-1] INFO  server.RaftServerConfigKeys (ConfUtils.java:logGet(44)) - raft.server.log.queue.element-limit = 1024 (custom)
2021-06-11 19:07:58,161 [pool-450-thread-1] INFO  server.RaftServerConfigKeys (ConfUtils.java:logGet(44)) - raft.server.log.segment.size.max = 1048576 (custom)
2021-06-11 19:07:58,161 [pool-450-thread-1] INFO  server.RaftServerConfigKeys (ConfUtils.java:logGet(44)) - raft.server.log.preallocated.size = 16384 (custom)
2021-06-11 19:07:58,161 [pool-450-thread-1] INFO  server.RaftServerConfigKeys (ConfUtils.java:logGet(44)) - raft.server.log.force.sync.num = 128 (default)
2021-06-11 19:07:58,161 [pool-450-thread-1] INFO  server.RaftServerConfigKeys (ConfUtils.java:logGet(44)) - raft.server.log.statemachine.data.sync = true (default)
2021-06-11 19:07:58,161 [pool-450-thread-1] INFO  server.RaftServerConfigKeys (ConfUtils.java:logGet(44)) - raft.server.log.statemachine.data.sync.timeout = 10s (default)
2021-06-11 19:07:58,161 [pool-450-thread-1] INFO  server.RaftServerConfigKeys (ConfUtils.java:logGet(44)) - raft.server.log.statemachine.data.sync.timeout.retry = -1 (default)
2021-06-11 19:07:58,162 [pool-540-thread-1] INFO  util.JmxRegister (JmxRegister.java:tryRegister(44)) - Successfully registered JMX Bean with object name Ratis:service=RaftServer,group=group-36BDC7D3F91B,id=f05d9154-dd24-4162-9fdc-352a7a5261e7
2021-06-11 19:07:58,162 [pool-540-thread-1] INFO  metrics.RatisMetrics (RatisMetrics.java:lambda$create$0(36)) - Creating Metrics Registry : ratis.state_machine.f05d9154-dd24-4162-9fdc-352a7a5261e7@group-36BDC7D3F91B
2021-06-11 19:07:58,163 [pool-450-thread-1] INFO  server.RaftServerConfigKeys (ConfUtils.java:logGet(44)) - raft.server.log.write.buffer.size = 1048576 (custom)
2021-06-11 19:07:58,164 [pool-450-thread-1] INFO  server.RaftServerConfigKeys (ConfUtils.java:logGet(44)) - raft.server.log.statemachine.data.caching.enabled = true (custom)
2021-06-11 19:07:58,164 [pool-450-thread-1] INFO  segmented.SegmentedRaftLogWorker (SegmentedRaftLogWorker.java:lambda$new$0(133)) - f0d18f37-c034-4e65-b036-926f7b7a2e40@group-36BDC7D3F91B-SegmentedRaftLogWorker: flushIndex: setUnconditionally 0 -> -1
2021-06-11 19:07:58,164 [pool-450-thread-1] INFO  segmented.SegmentedRaftLogWorker (SegmentedRaftLogWorker.java:lambda$new$0(133)) - f0d18f37-c034-4e65-b036-926f7b7a2e40@group-36BDC7D3F91B-SegmentedRaftLogWorker: safeCacheEvictIndex: setUnconditionally 0 -> -1
2021-06-11 19:07:58,169 [Command processor thread] INFO  ratis.XceiverServerRatis (XceiverServerRatis.java:addGroup(808)) - Created group PipelineID=95b34053-dbda-421a-9298-36bdc7d3f91b
2021-06-11 19:07:58,170 [Command processor thread] INFO  metrics.RatisMetrics (RatisMetrics.java:lambda$create$0(36)) - Creating Metrics Registry : ratis.client_message_metrics.client-016DD9C5FA28->f0d18f37-c034-4e65-b036-926f7b7a2e40
2021-06-11 19:07:58,173 [pool-450-thread-1] INFO  server.RaftServerConfigKeys (ConfUtils.java:logGet(44)) - raft.server.snapshot.auto.trigger.enabled = true (custom)
2021-06-11 19:07:58,173 [pool-450-thread-1] INFO  server.RaftServerConfigKeys (ConfUtils.java:logGet(44)) - raft.server.snapshot.auto.trigger.threshold = 10000 (custom)
2021-06-11 19:07:58,173 [pool-450-thread-1] INFO  server.RaftServerConfigKeys (ConfUtils.java:logGet(44)) - raft.server.snapshot.retention.file.num = 5 (custom)
2021-06-11 19:07:58,173 [pool-450-thread-1] INFO  server.RaftServerConfigKeys (ConfUtils.java:logGet(44)) - raft.server.log.purge.upto.snapshot.index = false (default)
2021-06-11 19:07:58,173 [pool-450-thread-1] INFO  server.RaftServerConfigKeys (ConfUtils.java:logGet(44)) - raft.server.retrycache.expirytime = 600000ms (custom)
2021-06-11 19:07:58,173 [pool-450-thread-1] INFO  server.RaftServerConfigKeys (ConfUtils.java:logGet(44)) - raft.server.retrycache.statistics.expirytime = 100μs (default)
2021-06-11 19:07:58,174 [pool-450-thread-1] INFO  metrics.RatisMetrics (RatisMetrics.java:lambda$create$0(36)) - Creating Metrics Registry : ratis.leader_election.f0d18f37-c034-4e65-b036-926f7b7a2e40@group-36BDC7D3F91B
2021-06-11 19:07:58,174 [pool-450-thread-1] INFO  metrics.RatisMetrics (RatisMetrics.java:lambda$create$0(36)) - Creating Metrics Registry : ratis.server.f0d18f37-c034-4e65-b036-926f7b7a2e40@group-36BDC7D3F91B
2021-06-11 19:07:58,177 [pool-450-thread-1] INFO  server.RaftServer$Division (RaftServerImpl.java:start(295)) - f0d18f37-c034-4e65-b036-926f7b7a2e40@group-36BDC7D3F91B: start as a follower, conf=-1: [f0d18f37-c034-4e65-b036-926f7b7a2e40|rpc:10.1.0.43:45755|dataStream:|priority:1, 1514860f-d988-4646-88fa-884730dadadc|rpc:10.1.0.43:42983|dataStream:|priority:0, f05d9154-dd24-4162-9fdc-352a7a5261e7|rpc:10.1.0.43:40337|dataStream:|priority:0], old=null
2021-06-11 19:07:58,177 [pool-450-thread-1] INFO  server.RaftServer$Division (RaftServerImpl.java:setRole(284)) - f0d18f37-c034-4e65-b036-926f7b7a2e40@group-36BDC7D3F91B: changes role from      null to FOLLOWER at term 0 for startAsFollower
2021-06-11 19:07:58,177 [pool-450-thread-1] INFO  impl.RoleInfo (RoleInfo.java:updateAndGet(130)) - f0d18f37-c034-4e65-b036-926f7b7a2e40: start f0d18f37-c034-4e65-b036-926f7b7a2e40@group-36BDC7D3F91B-FollowerState
2021-06-11 19:07:58,178 [pool-450-thread-1] INFO  util.JmxRegister (JmxRegister.java:tryRegister(44)) - Successfully registered JMX Bean with object name Ratis:service=RaftServer,group=group-36BDC7D3F91B,id=f0d18f37-c034-4e65-b036-926f7b7a2e40
2021-06-11 19:07:58,178 [pool-450-thread-1] INFO  metrics.RatisMetrics (RatisMetrics.java:lambda$create$0(36)) - Creating Metrics Registry : ratis.state_machine.f0d18f37-c034-4e65-b036-926f7b7a2e40@group-36BDC7D3F91B
2021-06-11 19:07:58,188 [Command processor thread] INFO  metrics.RatisMetrics (RatisMetrics.java:lambda$create$0(36)) - Creating Metrics Registry : ratis.client_message_metrics.client-EF0AAD7C0720->1514860f-d988-4646-88fa-884730dadadc
2021-06-11 19:07:58,198 [Command processor thread] INFO  metrics.RatisMetrics (RatisMetrics.java:lambda$create$0(36)) - Creating Metrics Registry : ratis.client_message_metrics.client-CD67B2C949B7->f05d9154-dd24-4162-9fdc-352a7a5261e7
2021-06-11 19:07:58,201 [grpc-default-executor-7] INFO  metrics.RatisMetrics (RatisMetrics.java:lambda$create$0(36)) - Creating Metrics Registry : ratis.server_message_metrics.f05d9154-dd24-4162-9fdc-352a7a5261e7
2021-06-11 19:07:58,220 [Command processor thread] INFO  commandhandler.CreatePipelineCommandHandler (CreatePipelineCommandHandler.java:handle(106)) - Created Pipeline RATIS THREE PipelineID=95b34053-dbda-421a-9298-36bdc7d3f91b.
2021-06-11 19:07:58,220 [Command processor thread] INFO  server.RaftServer (RaftServerProxy.java:addNew(95)) - 1514860f-d988-4646-88fa-884730dadadc: addNew group-887DE3663513:[1514860f-d988-4646-88fa-884730dadadc|rpc:10.1.0.43:42983|priority:0, f05d9154-dd24-4162-9fdc-352a7a5261e7|rpc:10.1.0.43:40337|priority:1, 41bce2b3-bc14-4594-98d7-18715bf094e4|rpc:10.1.0.43:36265|priority:0] returns group-887DE3663513:java.util.concurrent.CompletableFuture@52256076[Not completed]
2021-06-11 19:07:58,221 [pool-572-thread-1] INFO  server.RaftServer$Division (RaftServerImpl.java:<init>(180)) - 1514860f-d988-4646-88fa-884730dadadc: new RaftServerImpl for group-887DE3663513:[1514860f-d988-4646-88fa-884730dadadc|rpc:10.1.0.43:42983|priority:0, f05d9154-dd24-4162-9fdc-352a7a5261e7|rpc:10.1.0.43:40337|priority:1, 41bce2b3-bc14-4594-98d7-18715bf094e4|rpc:10.1.0.43:36265|priority:0] with ContainerStateMachine:uninitialized
2021-06-11 19:07:58,221 [pool-572-thread-1] INFO  server.RaftServerConfigKeys (ConfUtils.java:logGet(44)) - raft.server.rpc.timeout.min = 5s (custom)
2021-06-11 19:07:58,221 [pool-572-thread-1] INFO  server.RaftServerConfigKeys (ConfUtils.java:logGet(44)) - raft.server.rpc.timeout.max = 5200ms (custom)
2021-06-11 19:07:58,221 [pool-572-thread-1] INFO  server.RaftServerConfigKeys (ConfUtils.java:logGet(44)) - raft.server.rpc.sleep.time = 25ms (default)
2021-06-11 19:07:58,221 [pool-572-thread-1] INFO  server.RaftServerConfigKeys (ConfUtils.java:logGet(44)) - raft.server.rpc.slowness.timeout = 300000ms (custom)
2021-06-11 19:07:58,221 [pool-572-thread-1] INFO  server.RaftServerConfigKeys (ConfUtils.java:logGet(44)) - raft.server.leaderelection.leader.step-down.wait-time = 10s (default)
2021-06-11 19:07:58,221 [pool-572-thread-1] INFO  server.RaftServerConfigKeys (ConfUtils.java:logGet(44)) - raft.server.sleep.deviation.threshold = 300ms (default)
2021-06-11 19:07:58,221 [pool-572-thread-1] INFO  server.RaftServerConfigKeys (ConfUtils.java:logGet(44)) - raft.server.log.appender.install.snapshot.enabled = false (custom)
2021-06-11 19:07:58,221 [pool-572-thread-1] INFO  server.RaftServer$Division (ServerState.java:<init>(105)) - 1514860f-d988-4646-88fa-884730dadadc@group-887DE3663513: ConfigurationManager, init=-1: [1514860f-d988-4646-88fa-884730dadadc|rpc:10.1.0.43:42983|priority:0, f05d9154-dd24-4162-9fdc-352a7a5261e7|rpc:10.1.0.43:40337|priority:1, 41bce2b3-bc14-4594-98d7-18715bf094e4|rpc:10.1.0.43:36265|priority:0], old=null, confs=<EMPTY_MAP>
2021-06-11 19:07:58,222 [pool-572-thread-1] INFO  server.RaftServerConfigKeys (ConfUtils.java:logGet(44)) - raft.server.storage.dir = [/home/runner/work/ozone/ozone/mnt/ozone/hadoop-ozone/integration-test/target/test-dir/MiniOzoneClusterImpl-7f30813a-d1ba-41a1-975d-e59f1b24795c/datanode-0/data/ratis] (custom)
2021-06-11 19:07:58,222 [pool-572-thread-1] INFO  server.RaftServerConfigKeys (ConfUtils.java:logGet(44)) - raft.server.log.corruption.policy = EXCEPTION (default)
2021-06-11 19:07:58,222 [pool-572-thread-1] INFO  storage.RaftStorageDirectory (RaftStorageDirectoryImpl.java:analyzeStorage(132)) - The storage directory /home/runner/work/ozone/ozone/mnt/ozone/hadoop-ozone/integration-test/target/test-dir/MiniOzoneClusterImpl-7f30813a-d1ba-41a1-975d-e59f1b24795c/datanode-0/data/ratis/a334afcd-db77-4c25-a7f3-887de3663513 does not exist. Creating ...
2021-06-11 19:07:58,224 [pool-572-thread-1] INFO  storage.RaftStorageDirectory (RaftStorageDirectoryImpl.java:tryLock(215)) - Lock on /home/runner/work/ozone/ozone/mnt/ozone/hadoop-ozone/integration-test/target/test-dir/MiniOzoneClusterImpl-7f30813a-d1ba-41a1-975d-e59f1b24795c/datanode-0/data/ratis/a334afcd-db77-4c25-a7f3-887de3663513/in_use.lock acquired by nodename 18191@fv-az59-942
2021-06-11 19:07:58,226 [pool-572-thread-1] INFO  storage.RaftStorage (RaftStorageImpl.java:format(87)) - Storage directory /home/runner/work/ozone/ozone/mnt/ozone/hadoop-ozone/integration-test/target/test-dir/MiniOzoneClusterImpl-7f30813a-d1ba-41a1-975d-e59f1b24795c/datanode-0/data/ratis/a334afcd-db77-4c25-a7f3-887de3663513 has been successfully formatted.
2021-06-11 19:07:58,226 [pool-572-thread-1] INFO  ratis.ContainerStateMachine (ContainerStateMachine.java:loadSnapshot(224)) - group-887DE3663513: The snapshot info is null. Setting the last applied indexto:(t:0, i:~)
2021-06-11 19:07:58,226 [pool-572-thread-1] INFO  server.RaftServerConfigKeys (ConfUtils.java:logGet(44)) - raft.server.notification.no-leader.timeout = 300000ms (custom)
2021-06-11 19:07:58,226 [pool-572-thread-1] INFO  server.RaftServerConfigKeys (ConfUtils.java:logGet(44)) - raft.server.log.use.memory = false (default)
2021-06-11 19:07:58,226 [pool-572-thread-1] INFO  server.RaftServerConfigKeys (ConfUtils.java:logGet(44)) - raft.server.log.purge.gap = 1000000 (custom)
2021-06-11 19:07:58,226 [pool-572-thread-1] INFO  server.RaftServerConfigKeys (ConfUtils.java:logGet(44)) - raft.server.log.appender.buffer.byte-limit = 33554432 (custom)
2021-06-11 19:07:58,226 [pool-572-thread-1] INFO  metrics.RatisMetrics (RatisMetrics.java:lambda$create$0(36)) - Creating Metrics Registry : ratis.log_worker.1514860f-d988-4646-88fa-884730dadadc@group-887DE3663513
2021-06-11 19:07:58,226 [pool-572-thread-1] INFO  server.RaftServerConfigKeys (ConfUtils.java:logGet(44)) - raft.server.log.segment.size.max = 1048576 (custom)
2021-06-11 19:07:58,227 [pool-572-thread-1] INFO  server.RaftServerConfigKeys (ConfUtils.java:logGet(44)) - raft.server.log.segment.cache.num.max = 2 (custom)
2021-06-11 19:07:58,227 [pool-572-thread-1] INFO  server.RaftServerConfigKeys (ConfUtils.java:logGet(44)) - raft.server.log.segment.cache.size.max = 200MB (=209715200) (default)
2021-06-11 19:07:58,227 [pool-572-thread-1] INFO  segmented.SegmentedRaftLogWorker (SegmentedRaftLogWorker.java:<init>(182)) - new 1514860f-d988-4646-88fa-884730dadadc@group-887DE3663513-SegmentedRaftLogWorker for RaftStorageImpl:Storage Directory /home/runner/work/ozone/ozone/mnt/ozone/hadoop-ozone/integration-test/target/test-dir/MiniOzoneClusterImpl-7f30813a-d1ba-41a1-975d-e59f1b24795c/datanode-0/data/ratis/a334afcd-db77-4c25-a7f3-887de3663513
2021-06-11 19:07:58,227 [pool-572-thread-1] INFO  server.RaftServerConfigKeys (ConfUtils.java:logGet(44)) - raft.server.log.queue.byte-limit = 2147483647 (custom)
2021-06-11 19:07:58,227 [pool-572-thread-1] INFO  server.RaftServerConfigKeys (ConfUtils.java:logGet(44)) - raft.server.log.queue.element-limit = 1024 (custom)
2021-06-11 19:07:58,227 [pool-572-thread-1] INFO  server.RaftServerConfigKeys (ConfUtils.java:logGet(44)) - raft.server.log.segment.size.max = 1048576 (custom)
2021-06-11 19:07:58,227 [pool-572-thread-1] INFO  server.RaftServerConfigKeys (ConfUtils.java:logGet(44)) - raft.server.log.preallocated.size = 16384 (custom)
2021-06-11 19:07:58,227 [pool-572-thread-1] INFO  server.RaftServerConfigKeys (ConfUtils.java:logGet(44)) - raft.server.log.force.sync.num = 128 (default)
2021-06-11 19:07:58,227 [pool-572-thread-1] INFO  server.RaftServerConfigKeys (ConfUtils.java:logGet(44)) - raft.server.log.statemachine.data.sync = true (default)
2021-06-11 19:07:58,227 [pool-572-thread-1] INFO  server.RaftServerConfigKeys (ConfUtils.java:logGet(44)) - raft.server.log.statemachine.data.sync.timeout = 10s (default)
2021-06-11 19:07:58,227 [pool-572-thread-1] INFO  server.RaftServerConfigKeys (ConfUtils.java:logGet(44)) - raft.server.log.statemachine.data.sync.timeout.retry = -1 (default)
2021-06-11 19:07:58,228 [pool-572-thread-1] INFO  server.RaftServerConfigKeys (ConfUtils.java:logGet(44)) - raft.server.log.write.buffer.size = 1048576 (custom)
2021-06-11 19:07:58,229 [pool-572-thread-1] INFO  server.RaftServerConfigKeys (ConfUtils.java:logGet(44)) - raft.server.log.statemachine.data.caching.enabled = true (custom)
2021-06-11 19:07:58,229 [pool-572-thread-1] INFO  segmented.SegmentedRaftLogWorker (SegmentedRaftLogWorker.java:lambda$new$0(133)) - 1514860f-d988-4646-88fa-884730dadadc@group-887DE3663513-SegmentedRaftLogWorker: flushIndex: setUnconditionally 0 -> -1
2021-06-11 19:07:58,229 [pool-572-thread-1] INFO  segmented.SegmentedRaftLogWorker (SegmentedRaftLogWorker.java:lambda$new$0(133)) - 1514860f-d988-4646-88fa-884730dadadc@group-887DE3663513-SegmentedRaftLogWorker: safeCacheEvictIndex: setUnconditionally 0 -> -1
2021-06-11 19:07:58,232 [pool-572-thread-1] INFO  server.RaftServerConfigKeys (ConfUtils.java:logGet(44)) - raft.server.snapshot.auto.trigger.enabled = true (custom)
2021-06-11 19:07:58,232 [pool-572-thread-1] INFO  server.RaftServerConfigKeys (ConfUtils.java:logGet(44)) - raft.server.snapshot.auto.trigger.threshold = 10000 (custom)
2021-06-11 19:07:58,232 [pool-572-thread-1] INFO  server.RaftServerConfigKeys (ConfUtils.java:logGet(44)) - raft.server.snapshot.retention.file.num = 5 (custom)
2021-06-11 19:07:58,232 [pool-572-thread-1] INFO  server.RaftServerConfigKeys (ConfUtils.java:logGet(44)) - raft.server.log.purge.upto.snapshot.index = false (default)
2021-06-11 19:07:58,232 [pool-572-thread-1] INFO  server.RaftServerConfigKeys (ConfUtils.java:logGet(44)) - raft.server.retrycache.expirytime = 600000ms (custom)
2021-06-11 19:07:58,232 [pool-572-thread-1] INFO  server.RaftServerConfigKeys (ConfUtils.java:logGet(44)) - raft.server.retrycache.statistics.expirytime = 100μs (default)
2021-06-11 19:07:58,232 [pool-572-thread-1] INFO  metrics.RatisMetrics (RatisMetrics.java:lambda$create$0(36)) - Creating Metrics Registry : ratis.leader_election.1514860f-d988-4646-88fa-884730dadadc@group-887DE3663513
2021-06-11 19:07:58,233 [pool-572-thread-1] INFO  metrics.RatisMetrics (RatisMetrics.java:lambda$create$0(36)) - Creating Metrics Registry : ratis.server.1514860f-d988-4646-88fa-884730dadadc@group-887DE3663513
2021-06-11 19:07:58,234 [pool-572-thread-1] INFO  server.RaftServer$Division (RaftServerImpl.java:start(295)) - 1514860f-d988-4646-88fa-884730dadadc@group-887DE3663513: start as a follower, conf=-1: [1514860f-d988-4646-88fa-884730dadadc|rpc:10.1.0.43:42983|priority:0, f05d9154-dd24-4162-9fdc-352a7a5261e7|rpc:10.1.0.43:40337|priority:1, 41bce2b3-bc14-4594-98d7-18715bf094e4|rpc:10.1.0.43:36265|priority:0], old=null
2021-06-11 19:07:58,234 [pool-572-thread-1] INFO  server.RaftServer$Division (RaftServerImpl.java:setRole(284)) - 1514860f-d988-4646-88fa-884730dadadc@group-887DE3663513: changes role from      null to FOLLOWER at term 0 for startAsFollower
2021-06-11 19:07:58,234 [pool-572-thread-1] INFO  impl.RoleInfo (RoleInfo.java:updateAndGet(130)) - 1514860f-d988-4646-88fa-884730dadadc: start 1514860f-d988-4646-88fa-884730dadadc@group-887DE3663513-FollowerState
2021-06-11 19:07:58,235 [pool-572-thread-1] INFO  util.JmxRegister (JmxRegister.java:tryRegister(44)) - Successfully registered JMX Bean with object name Ratis:service=RaftServer,group=group-887DE3663513,id=1514860f-d988-4646-88fa-884730dadadc
2021-06-11 19:07:58,235 [pool-572-thread-1] INFO  metrics.RatisMetrics (RatisMetrics.java:lambda$create$0(36)) - Creating Metrics Registry : ratis.state_machine.1514860f-d988-4646-88fa-884730dadadc@group-887DE3663513
2021-06-11 19:07:58,236 [Command processor thread] INFO  ratis.XceiverServerRatis (XceiverServerRatis.java:addGroup(808)) - Created group PipelineID=a334afcd-db77-4c25-a7f3-887de3663513
2021-06-11 19:07:58,236 [Command processor thread] INFO  metrics.RatisMetrics (RatisMetrics.java:lambda$create$0(36)) - Creating Metrics Registry : ratis.client_message_metrics.client-92B2861E0845->f05d9154-dd24-4162-9fdc-352a7a5261e7
2021-06-11 19:07:58,252 [grpc-default-executor-7] INFO  server.RaftServer (RaftServerProxy.java:addNew(95)) - f05d9154-dd24-4162-9fdc-352a7a5261e7: addNew group-887DE3663513:[1514860f-d988-4646-88fa-884730dadadc|rpc:10.1.0.43:42983|dataStream:|priority:0, f05d9154-dd24-4162-9fdc-352a7a5261e7|rpc:10.1.0.43:40337|dataStream:|priority:1, 41bce2b3-bc14-4594-98d7-18715bf094e4|rpc:10.1.0.43:36265|dataStream:|priority:0] returns group-887DE3663513:java.util.concurrent.CompletableFuture@18de2ef1[Not completed]
2021-06-11 19:07:58,252 [pool-540-thread-1] INFO  server.RaftServer$Division (RaftServerImpl.java:<init>(180)) - f05d9154-dd24-4162-9fdc-352a7a5261e7: new RaftServerImpl for group-887DE3663513:[1514860f-d988-4646-88fa-884730dadadc|rpc:10.1.0.43:42983|dataStream:|priority:0, f05d9154-dd24-4162-9fdc-352a7a5261e7|rpc:10.1.0.43:40337|dataStream:|priority:1, 41bce2b3-bc14-4594-98d7-18715bf094e4|rpc:10.1.0.43:36265|dataStream:|priority:0] with ContainerStateMachine:uninitialized
2021-06-11 19:07:58,252 [pool-540-thread-1] INFO  server.RaftServerConfigKeys (ConfUtils.java:logGet(44)) - raft.server.rpc.timeout.min = 5s (custom)
2021-06-11 19:07:58,252 [pool-540-thread-1] INFO  server.RaftServerConfigKeys (ConfUtils.java:logGet(44)) - raft.server.rpc.timeout.max = 5200ms (custom)
2021-06-11 19:07:58,252 [pool-540-thread-1] INFO  server.RaftServerConfigKeys (ConfUtils.java:logGet(44)) - raft.server.rpc.sleep.time = 25ms (default)
2021-06-11 19:07:58,252 [pool-540-thread-1] INFO  server.RaftServerConfigKeys (ConfUtils.java:logGet(44)) - raft.server.rpc.slowness.timeout = 300000ms (custom)
2021-06-11 19:07:58,252 [pool-540-thread-1] INFO  server.RaftServerConfigKeys (ConfUtils.java:logGet(44)) - raft.server.leaderelection.leader.step-down.wait-time = 10s (default)
2021-06-11 19:07:58,252 [pool-540-thread-1] INFO  server.RaftServerConfigKeys (ConfUtils.java:logGet(44)) - raft.server.sleep.deviation.threshold = 300ms (default)
2021-06-11 19:07:58,252 [pool-540-thread-1] INFO  server.RaftServerConfigKeys (ConfUtils.java:logGet(44)) - raft.server.log.appender.install.snapshot.enabled = false (custom)
2021-06-11 19:07:58,253 [pool-540-thread-1] INFO  server.RaftServer$Division (ServerState.java:<init>(105)) - f05d9154-dd24-4162-9fdc-352a7a5261e7@group-887DE3663513: ConfigurationManager, init=-1: [1514860f-d988-4646-88fa-884730dadadc|rpc:10.1.0.43:42983|dataStream:|priority:0, f05d9154-dd24-4162-9fdc-352a7a5261e7|rpc:10.1.0.43:40337|dataStream:|priority:1, 41bce2b3-bc14-4594-98d7-18715bf094e4|rpc:10.1.0.43:36265|dataStream:|priority:0], old=null, confs=<EMPTY_MAP>
2021-06-11 19:07:58,253 [pool-540-thread-1] INFO  server.RaftServerConfigKeys (ConfUtils.java:logGet(44)) - raft.server.storage.dir = [/home/runner/work/ozone/ozone/mnt/ozone/hadoop-ozone/integration-test/target/test-dir/MiniOzoneClusterImpl-7f30813a-d1ba-41a1-975d-e59f1b24795c/datanode-6/data/ratis] (custom)
2021-06-11 19:07:58,253 [pool-540-thread-1] INFO  server.RaftServerConfigKeys (ConfUtils.java:logGet(44)) - raft.server.log.corruption.policy = EXCEPTION (default)
2021-06-11 19:07:58,253 [pool-540-thread-1] INFO  storage.RaftStorageDirectory (RaftStorageDirectoryImpl.java:analyzeStorage(132)) - The storage directory /home/runner/work/ozone/ozone/mnt/ozone/hadoop-ozone/integration-test/target/test-dir/MiniOzoneClusterImpl-7f30813a-d1ba-41a1-975d-e59f1b24795c/datanode-6/data/ratis/a334afcd-db77-4c25-a7f3-887de3663513 does not exist. Creating ...
2021-06-11 19:07:58,254 [pool-540-thread-1] INFO  storage.RaftStorageDirectory (RaftStorageDirectoryImpl.java:tryLock(215)) - Lock on /home/runner/work/ozone/ozone/mnt/ozone/hadoop-ozone/integration-test/target/test-dir/MiniOzoneClusterImpl-7f30813a-d1ba-41a1-975d-e59f1b24795c/datanode-6/data/ratis/a334afcd-db77-4c25-a7f3-887de3663513/in_use.lock acquired by nodename 18191@fv-az59-942
2021-06-11 19:07:58,255 [pool-540-thread-1] INFO  storage.RaftStorage (RaftStorageImpl.java:format(87)) - Storage directory /home/runner/work/ozone/ozone/mnt/ozone/hadoop-ozone/integration-test/target/test-dir/MiniOzoneClusterImpl-7f30813a-d1ba-41a1-975d-e59f1b24795c/datanode-6/data/ratis/a334afcd-db77-4c25-a7f3-887de3663513 has been successfully formatted.
2021-06-11 19:07:58,255 [pool-540-thread-1] INFO  ratis.ContainerStateMachine (ContainerStateMachine.java:loadSnapshot(224)) - group-887DE3663513: The snapshot info is null. Setting the last applied indexto:(t:0, i:~)
2021-06-11 19:07:58,255 [pool-540-thread-1] INFO  server.RaftServerConfigKeys (ConfUtils.java:logGet(44)) - raft.server.notification.no-leader.timeout = 300000ms (custom)
2021-06-11 19:07:58,256 [pool-540-thread-1] INFO  server.RaftServerConfigKeys (ConfUtils.java:logGet(44)) - raft.server.log.use.memory = false (default)
2021-06-11 19:07:58,256 [pool-540-thread-1] INFO  server.RaftServerConfigKeys (ConfUtils.java:logGet(44)) - raft.server.log.purge.gap = 1000000 (custom)
2021-06-11 19:07:58,256 [pool-540-thread-1] INFO  server.RaftServerConfigKeys (ConfUtils.java:logGet(44)) - raft.server.log.appender.buffer.byte-limit = 33554432 (custom)
2021-06-11 19:07:58,256 [pool-540-thread-1] INFO  metrics.RatisMetrics (RatisMetrics.java:lambda$create$0(36)) - Creating Metrics Registry : ratis.log_worker.f05d9154-dd24-4162-9fdc-352a7a5261e7@group-887DE3663513
2021-06-11 19:07:58,256 [pool-540-thread-1] INFO  server.RaftServerConfigKeys (ConfUtils.java:logGet(44)) - raft.server.log.segment.size.max = 1048576 (custom)
2021-06-11 19:07:58,256 [pool-540-thread-1] INFO  server.RaftServerConfigKeys (ConfUtils.java:logGet(44)) - raft.server.log.segment.cache.num.max = 2 (custom)
2021-06-11 19:07:58,256 [pool-540-thread-1] INFO  server.RaftServerConfigKeys (ConfUtils.java:logGet(44)) - raft.server.log.segment.cache.size.max = 200MB (=209715200) (default)
2021-06-11 19:07:58,257 [pool-540-thread-1] INFO  segmented.SegmentedRaftLogWorker (SegmentedRaftLogWorker.java:<init>(182)) - new f05d9154-dd24-4162-9fdc-352a7a5261e7@group-887DE3663513-SegmentedRaftLogWorker for RaftStorageImpl:Storage Directory /home/runner/work/ozone/ozone/mnt/ozone/hadoop-ozone/integration-test/target/test-dir/MiniOzoneClusterImpl-7f30813a-d1ba-41a1-975d-e59f1b24795c/datanode-6/data/ratis/a334afcd-db77-4c25-a7f3-887de3663513
2021-06-11 19:07:58,257 [pool-540-thread-1] INFO  server.RaftServerConfigKeys (ConfUtils.java:logGet(44)) - raft.server.log.queue.byte-limit = 2147483647 (custom)
2021-06-11 19:07:58,257 [pool-540-thread-1] INFO  server.RaftServerConfigKeys (ConfUtils.java:logGet(44)) - raft.server.log.queue.element-limit = 1024 (custom)
2021-06-11 19:07:58,257 [pool-540-thread-1] INFO  server.RaftServerConfigKeys (ConfUtils.java:logGet(44)) - raft.server.log.segment.size.max = 1048576 (custom)
2021-06-11 19:07:58,257 [pool-540-thread-1] INFO  server.RaftServerConfigKeys (ConfUtils.java:logGet(44)) - raft.server.log.preallocated.size = 16384 (custom)
2021-06-11 19:07:58,257 [pool-540-thread-1] INFO  server.RaftServerConfigKeys (ConfUtils.java:logGet(44)) - raft.server.log.force.sync.num = 128 (default)
2021-06-11 19:07:58,257 [pool-540-thread-1] INFO  server.RaftServerConfigKeys (ConfUtils.java:logGet(44)) - raft.server.log.statemachine.data.sync = true (default)
2021-06-11 19:07:58,257 [pool-540-thread-1] INFO  server.RaftServerConfigKeys (ConfUtils.java:logGet(44)) - raft.server.log.statemachine.data.sync.timeout = 10s (default)
2021-06-11 19:07:58,257 [pool-540-thread-1] INFO  server.RaftServerConfigKeys (ConfUtils.java:logGet(44)) - raft.server.log.statemachine.data.sync.timeout.retry = -1 (default)
2021-06-11 19:07:58,258 [pool-540-thread-1] INFO  server.RaftServerConfigKeys (ConfUtils.java:logGet(44)) - raft.server.log.write.buffer.size = 1048576 (custom)
2021-06-11 19:07:58,259 [pool-540-thread-1] INFO  server.RaftServerConfigKeys (ConfUtils.java:logGet(44)) - raft.server.log.statemachine.data.caching.enabled = true (custom)
2021-06-11 19:07:58,259 [pool-540-thread-1] INFO  segmented.SegmentedRaftLogWorker (SegmentedRaftLogWorker.java:lambda$new$0(133)) - f05d9154-dd24-4162-9fdc-352a7a5261e7@group-887DE3663513-SegmentedRaftLogWorker: flushIndex: setUnconditionally 0 -> -1
2021-06-11 19:07:58,259 [pool-540-thread-1] INFO  segmented.SegmentedRaftLogWorker (SegmentedRaftLogWorker.java:lambda$new$0(133)) - f05d9154-dd24-4162-9fdc-352a7a5261e7@group-887DE3663513-SegmentedRaftLogWorker: safeCacheEvictIndex: setUnconditionally 0 -> -1
2021-06-11 19:07:58,260 [pool-540-thread-1] INFO  server.RaftServerConfigKeys (ConfUtils.java:logGet(44)) - raft.server.snapshot.auto.trigger.enabled = true (custom)
2021-06-11 19:07:58,260 [pool-540-thread-1] INFO  server.RaftServerConfigKeys (ConfUtils.java:logGet(44)) - raft.server.snapshot.auto.trigger.threshold = 10000 (custom)
2021-06-11 19:07:58,260 [pool-540-thread-1] INFO  server.RaftServerConfigKeys (ConfUtils.java:logGet(44)) - raft.server.snapshot.retention.file.num = 5 (custom)
2021-06-11 19:07:58,260 [pool-540-thread-1] INFO  server.RaftServerConfigKeys (ConfUtils.java:logGet(44)) - raft.server.log.purge.upto.snapshot.index = false (default)
2021-06-11 19:07:58,260 [pool-540-thread-1] INFO  server.RaftServerConfigKeys (ConfUtils.java:logGet(44)) - raft.server.retrycache.expirytime = 600000ms (custom)
2021-06-11 19:07:58,260 [pool-540-thread-1] INFO  server.RaftServerConfigKeys (ConfUtils.java:logGet(44)) - raft.server.retrycache.statistics.expirytime = 100μs (default)
2021-06-11 19:07:58,260 [pool-540-thread-1] INFO  metrics.RatisMetrics (RatisMetrics.java:lambda$create$0(36)) - Creating Metrics Registry : ratis.leader_election.f05d9154-dd24-4162-9fdc-352a7a5261e7@group-887DE3663513
2021-06-11 19:07:58,260 [pool-540-thread-1] INFO  metrics.RatisMetrics (RatisMetrics.java:lambda$create$0(36)) - Creating Metrics Registry : ratis.server.f05d9154-dd24-4162-9fdc-352a7a5261e7@group-887DE3663513
2021-06-11 19:07:58,261 [pool-540-thread-1] INFO  server.RaftServer$Division (RaftServerImpl.java:start(295)) - f05d9154-dd24-4162-9fdc-352a7a5261e7@group-887DE3663513: start as a follower, conf=-1: [1514860f-d988-4646-88fa-884730dadadc|rpc:10.1.0.43:42983|dataStream:|priority:0, f05d9154-dd24-4162-9fdc-352a7a5261e7|rpc:10.1.0.43:40337|dataStream:|priority:1, 41bce2b3-bc14-4594-98d7-18715bf094e4|rpc:10.1.0.43:36265|dataStream:|priority:0], old=null
2021-06-11 19:07:58,261 [pool-540-thread-1] INFO  server.RaftServer$Division (RaftServerImpl.java:setRole(284)) - f05d9154-dd24-4162-9fdc-352a7a5261e7@group-887DE3663513: changes role from      null to FOLLOWER at term 0 for startAsFollower
2021-06-11 19:07:58,261 [pool-540-thread-1] INFO  impl.RoleInfo (RoleInfo.java:updateAndGet(130)) - f05d9154-dd24-4162-9fdc-352a7a5261e7: start f05d9154-dd24-4162-9fdc-352a7a5261e7@group-887DE3663513-FollowerState
2021-06-11 19:07:58,264 [pool-540-thread-1] INFO  util.JmxRegister (JmxRegister.java:tryRegister(44)) - Successfully registered JMX Bean with object name Ratis:service=RaftServer,group=group-887DE3663513,id=f05d9154-dd24-4162-9fdc-352a7a5261e7
2021-06-11 19:07:58,264 [pool-540-thread-1] INFO  metrics.RatisMetrics (RatisMetrics.java:lambda$create$0(36)) - Creating Metrics Registry : ratis.state_machine.f05d9154-dd24-4162-9fdc-352a7a5261e7@group-887DE3663513
2021-06-11 19:07:58,275 [Command processor thread] INFO  metrics.RatisMetrics (RatisMetrics.java:lambda$create$0(36)) - Creating Metrics Registry : ratis.client_message_metrics.client-62D8C066C77F->41bce2b3-bc14-4594-98d7-18715bf094e4
2021-06-11 19:07:58,279 [grpc-default-executor-7] INFO  server.RaftServer (RaftServerProxy.java:addNew(95)) - 41bce2b3-bc14-4594-98d7-18715bf094e4: addNew group-887DE3663513:[1514860f-d988-4646-88fa-884730dadadc|rpc:10.1.0.43:42983|dataStream:|priority:0, f05d9154-dd24-4162-9fdc-352a7a5261e7|rpc:10.1.0.43:40337|dataStream:|priority:1, 41bce2b3-bc14-4594-98d7-18715bf094e4|rpc:10.1.0.43:36265|dataStream:|priority:0] returns group-887DE3663513:java.util.concurrent.CompletableFuture@482e7635[Not completed]
2021-06-11 19:07:58,279 [pool-468-thread-1] INFO  server.RaftServer$Division (RaftServerImpl.java:<init>(180)) - 41bce2b3-bc14-4594-98d7-18715bf094e4: new RaftServerImpl for group-887DE3663513:[1514860f-d988-4646-88fa-884730dadadc|rpc:10.1.0.43:42983|dataStream:|priority:0, f05d9154-dd24-4162-9fdc-352a7a5261e7|rpc:10.1.0.43:40337|dataStream:|priority:1, 41bce2b3-bc14-4594-98d7-18715bf094e4|rpc:10.1.0.43:36265|dataStream:|priority:0] with ContainerStateMachine:uninitialized
2021-06-11 19:07:58,280 [pool-468-thread-1] INFO  server.RaftServerConfigKeys (ConfUtils.java:logGet(44)) - raft.server.rpc.timeout.min = 5s (custom)
2021-06-11 19:07:58,280 [pool-468-thread-1] INFO  server.RaftServerConfigKeys (ConfUtils.java:logGet(44)) - raft.server.rpc.timeout.max = 5200ms (custom)
2021-06-11 19:07:58,280 [pool-468-thread-1] INFO  server.RaftServerConfigKeys (ConfUtils.java:logGet(44)) - raft.server.rpc.sleep.time = 25ms (default)
2021-06-11 19:07:58,280 [pool-468-thread-1] INFO  server.RaftServerConfigKeys (ConfUtils.java:logGet(44)) - raft.server.rpc.slowness.timeout = 300000ms (custom)
2021-06-11 19:07:58,280 [pool-468-thread-1] INFO  server.RaftServerConfigKeys (ConfUtils.java:logGet(44)) - raft.server.leaderelection.leader.step-down.wait-time = 10s (default)
2021-06-11 19:07:58,280 [pool-468-thread-1] INFO  server.RaftServerConfigKeys (ConfUtils.java:logGet(44)) - raft.server.sleep.deviation.threshold = 300ms (default)
2021-06-11 19:07:58,280 [pool-468-thread-1] INFO  server.RaftServerConfigKeys (ConfUtils.java:logGet(44)) - raft.server.log.appender.install.snapshot.enabled = false (custom)
2021-06-11 19:07:58,280 [pool-468-thread-1] INFO  server.RaftServer$Division (ServerState.java:<init>(105)) - 41bce2b3-bc14-4594-98d7-18715bf094e4@group-887DE3663513: ConfigurationManager, init=-1: [1514860f-d988-4646-88fa-884730dadadc|rpc:10.1.0.43:42983|dataStream:|priority:0, f05d9154-dd24-4162-9fdc-352a7a5261e7|rpc:10.1.0.43:40337|dataStream:|priority:1, 41bce2b3-bc14-4594-98d7-18715bf094e4|rpc:10.1.0.43:36265|dataStream:|priority:0], old=null, confs=<EMPTY_MAP>
2021-06-11 19:07:58,280 [pool-468-thread-1] INFO  server.RaftServerConfigKeys (ConfUtils.java:logGet(44)) - raft.server.storage.dir = [/home/runner/work/ozone/ozone/mnt/ozone/hadoop-ozone/integration-test/target/test-dir/MiniOzoneClusterImpl-7f30813a-d1ba-41a1-975d-e59f1b24795c/datanode-2/data/ratis] (custom)
2021-06-11 19:07:58,280 [pool-468-thread-1] INFO  server.RaftServerConfigKeys (ConfUtils.java:logGet(44)) - raft.server.log.corruption.policy = EXCEPTION (default)
2021-06-11 19:07:58,280 [pool-468-thread-1] INFO  storage.RaftStorageDirectory (RaftStorageDirectoryImpl.java:analyzeStorage(132)) - The storage directory /home/runner/work/ozone/ozone/mnt/ozone/hadoop-ozone/integration-test/target/test-dir/MiniOzoneClusterImpl-7f30813a-d1ba-41a1-975d-e59f1b24795c/datanode-2/data/ratis/a334afcd-db77-4c25-a7f3-887de3663513 does not exist. Creating ...
2021-06-11 19:07:58,281 [pool-468-thread-1] INFO  storage.RaftStorageDirectory (RaftStorageDirectoryImpl.java:tryLock(215)) - Lock on /home/runner/work/ozone/ozone/mnt/ozone/hadoop-ozone/integration-test/target/test-dir/MiniOzoneClusterImpl-7f30813a-d1ba-41a1-975d-e59f1b24795c/datanode-2/data/ratis/a334afcd-db77-4c25-a7f3-887de3663513/in_use.lock acquired by nodename 18191@fv-az59-942
2021-06-11 19:07:58,282 [pool-468-thread-1] INFO  storage.RaftStorage (RaftStorageImpl.java:format(87)) - Storage directory /home/runner/work/ozone/ozone/mnt/ozone/hadoop-ozone/integration-test/target/test-dir/MiniOzoneClusterImpl-7f30813a-d1ba-41a1-975d-e59f1b24795c/datanode-2/data/ratis/a334afcd-db77-4c25-a7f3-887de3663513 has been successfully formatted.
2021-06-11 19:07:58,283 [pool-468-thread-1] INFO  ratis.ContainerStateMachine (ContainerStateMachine.java:loadSnapshot(224)) - group-887DE3663513: The snapshot info is null. Setting the last applied indexto:(t:0, i:~)
2021-06-11 19:07:58,283 [pool-468-thread-1] INFO  server.RaftServerConfigKeys (ConfUtils.java:logGet(44)) - raft.server.notification.no-leader.timeout = 300000ms (custom)
2021-06-11 19:07:58,283 [pool-468-thread-1] INFO  server.RaftServerConfigKeys (ConfUtils.java:logGet(44)) - raft.server.log.use.memory = false (default)
2021-06-11 19:07:58,283 [pool-468-thread-1] INFO  server.RaftServerConfigKeys (ConfUtils.java:logGet(44)) - raft.server.log.purge.gap = 1000000 (custom)
2021-06-11 19:07:58,283 [pool-468-thread-1] INFO  server.RaftServerConfigKeys (ConfUtils.java:logGet(44)) - raft.server.log.appender.buffer.byte-limit = 33554432 (custom)
2021-06-11 19:07:58,283 [pool-468-thread-1] INFO  metrics.RatisMetrics (RatisMetrics.java:lambda$create$0(36)) - Creating Metrics Registry : ratis.log_worker.41bce2b3-bc14-4594-98d7-18715bf094e4@group-887DE3663513
2021-06-11 19:07:58,284 [pool-468-thread-1] INFO  server.RaftServerConfigKeys (ConfUtils.java:logGet(44)) - raft.server.log.segment.size.max = 1048576 (custom)
2021-06-11 19:07:58,284 [pool-468-thread-1] INFO  server.RaftServerConfigKeys (ConfUtils.java:logGet(44)) - raft.server.log.segment.cache.num.max = 2 (custom)
2021-06-11 19:07:58,284 [pool-468-thread-1] INFO  server.RaftServerConfigKeys (ConfUtils.java:logGet(44)) - raft.server.log.segment.cache.size.max = 200MB (=209715200) (default)
2021-06-11 19:07:58,284 [pool-468-thread-1] INFO  segmented.SegmentedRaftLogWorker (SegmentedRaftLogWorker.java:<init>(182)) - new 41bce2b3-bc14-4594-98d7-18715bf094e4@group-887DE3663513-SegmentedRaftLogWorker for RaftStorageImpl:Storage Directory /home/runner/work/ozone/ozone/mnt/ozone/hadoop-ozone/integration-test/target/test-dir/MiniOzoneClusterImpl-7f30813a-d1ba-41a1-975d-e59f1b24795c/datanode-2/data/ratis/a334afcd-db77-4c25-a7f3-887de3663513
2021-06-11 19:07:58,284 [pool-468-thread-1] INFO  server.RaftServerConfigKeys (ConfUtils.java:logGet(44)) - raft.server.log.queue.byte-limit = 2147483647 (custom)
2021-06-11 19:07:58,284 [pool-468-thread-1] INFO  server.RaftServerConfigKeys (ConfUtils.java:logGet(44)) - raft.server.log.queue.element-limit = 1024 (custom)
2021-06-11 19:07:58,284 [pool-468-thread-1] INFO  server.RaftServerConfigKeys (ConfUtils.java:logGet(44)) - raft.server.log.segment.size.max = 1048576 (custom)
2021-06-11 19:07:58,284 [pool-468-thread-1] INFO  server.RaftServerConfigKeys (ConfUtils.java:logGet(44)) - raft.server.log.preallocated.size = 16384 (custom)
2021-06-11 19:07:58,284 [pool-468-thread-1] INFO  server.RaftServerConfigKeys (ConfUtils.java:logGet(44)) - raft.server.log.force.sync.num = 128 (default)
2021-06-11 19:07:58,285 [pool-468-thread-1] INFO  server.RaftServerConfigKeys (ConfUtils.java:logGet(44)) - raft.server.log.statemachine.data.sync = true (default)
2021-06-11 19:07:58,285 [pool-468-thread-1] INFO  server.RaftServerConfigKeys (ConfUtils.java:logGet(44)) - raft.server.log.statemachine.data.sync.timeout = 10s (default)
2021-06-11 19:07:58,285 [pool-468-thread-1] INFO  server.RaftServerConfigKeys (ConfUtils.java:logGet(44)) - raft.server.log.statemachine.data.sync.timeout.retry = -1 (default)
2021-06-11 19:07:58,286 [pool-468-thread-1] INFO  server.RaftServerConfigKeys (ConfUtils.java:logGet(44)) - raft.server.log.write.buffer.size = 1048576 (custom)
2021-06-11 19:07:58,286 [pool-468-thread-1] INFO  server.RaftServerConfigKeys (ConfUtils.java:logGet(44)) - raft.server.log.statemachine.data.caching.enabled = true (custom)
2021-06-11 19:07:58,286 [pool-468-thread-1] INFO  segmented.SegmentedRaftLogWorker (SegmentedRaftLogWorker.java:lambda$new$0(133)) - 41bce2b3-bc14-4594-98d7-18715bf094e4@group-887DE3663513-SegmentedRaftLogWorker: flushIndex: setUnconditionally 0 -> -1
2021-06-11 19:07:58,287 [pool-468-thread-1] INFO  segmented.SegmentedRaftLogWorker (SegmentedRaftLogWorker.java:lambda$new$0(133)) - 41bce2b3-bc14-4594-98d7-18715bf094e4@group-887DE3663513-SegmentedRaftLogWorker: safeCacheEvictIndex: setUnconditionally 0 -> -1
2021-06-11 19:07:58,291 [pool-468-thread-1] INFO  server.RaftServerConfigKeys (ConfUtils.java:logGet(44)) - raft.server.snapshot.auto.trigger.enabled = true (custom)
2021-06-11 19:07:58,291 [pool-468-thread-1] INFO  server.RaftServerConfigKeys (ConfUtils.java:logGet(44)) - raft.server.snapshot.auto.trigger.threshold = 10000 (custom)
2021-06-11 19:07:58,291 [pool-468-thread-1] INFO  server.RaftServerConfigKeys (ConfUtils.java:logGet(44)) - raft.server.snapshot.retention.file.num = 5 (custom)
2021-06-11 19:07:58,291 [pool-468-thread-1] INFO  server.RaftServerConfigKeys (ConfUtils.java:logGet(44)) - raft.server.log.purge.upto.snapshot.index = false (default)
2021-06-11 19:07:58,291 [pool-468-thread-1] INFO  server.RaftServerConfigKeys (ConfUtils.java:logGet(44)) - raft.server.retrycache.expirytime = 600000ms (custom)
2021-06-11 19:07:58,292 [pool-468-thread-1] INFO  server.RaftServerConfigKeys (ConfUtils.java:logGet(44)) - raft.server.retrycache.statistics.expirytime = 100μs (default)
2021-06-11 19:07:58,292 [pool-468-thread-1] INFO  metrics.RatisMetrics (RatisMetrics.java:lambda$create$0(36)) - Creating Metrics Registry : ratis.leader_election.41bce2b3-bc14-4594-98d7-18715bf094e4@group-887DE3663513
2021-06-11 19:07:58,292 [pool-468-thread-1] INFO  metrics.RatisMetrics (RatisMetrics.java:lambda$create$0(36)) - Creating Metrics Registry : ratis.server.41bce2b3-bc14-4594-98d7-18715bf094e4@group-887DE3663513
2021-06-11 19:07:58,293 [pool-468-thread-1] INFO  server.RaftServer$Division (RaftServerImpl.java:start(295)) - 41bce2b3-bc14-4594-98d7-18715bf094e4@group-887DE3663513: start as a follower, conf=-1: [1514860f-d988-4646-88fa-884730dadadc|rpc:10.1.0.43:42983|dataStream:|priority:0, f05d9154-dd24-4162-9fdc-352a7a5261e7|rpc:10.1.0.43:40337|dataStream:|priority:1, 41bce2b3-bc14-4594-98d7-18715bf094e4|rpc:10.1.0.43:36265|dataStream:|priority:0], old=null
2021-06-11 19:07:58,293 [pool-468-thread-1] INFO  server.RaftServer$Division (RaftServerImpl.java:setRole(284)) - 41bce2b3-bc14-4594-98d7-18715bf094e4@group-887DE3663513: changes role from      null to FOLLOWER at term 0 for startAsFollower
2021-06-11 19:07:58,293 [pool-468-thread-1] INFO  impl.RoleInfo (RoleInfo.java:updateAndGet(130)) - 41bce2b3-bc14-4594-98d7-18715bf094e4: start 41bce2b3-bc14-4594-98d7-18715bf094e4@group-887DE3663513-FollowerState
2021-06-11 19:07:58,293 [pool-468-thread-1] INFO  util.JmxRegister (JmxRegister.java:tryRegister(44)) - Successfully registered JMX Bean with object name Ratis:service=RaftServer,group=group-887DE3663513,id=41bce2b3-bc14-4594-98d7-18715bf094e4
2021-06-11 19:07:58,293 [pool-468-thread-1] INFO  metrics.RatisMetrics (RatisMetrics.java:lambda$create$0(36)) - Creating Metrics Registry : ratis.state_machine.41bce2b3-bc14-4594-98d7-18715bf094e4@group-887DE3663513
2021-06-11 19:07:58,304 [Command processor thread] INFO  commandhandler.CreatePipelineCommandHandler (CreatePipelineCommandHandler.java:handle(106)) - Created Pipeline RATIS THREE PipelineID=a334afcd-db77-4c25-a7f3-887de3663513.
2021-06-11 19:07:59,147 [Datanode State Machine Thread - 0] INFO  statemachine.DatanodeStateMachine (DatanodeStateMachine.java:lambda$startDaemon$0(428)) - Ozone container server started.
2021-06-11 19:07:59,156 [Datanode State Machine Thread - 0] INFO  statemachine.DatanodeStateMachine (DatanodeStateMachine.java:lambda$startDaemon$0(428)) - Ozone container server started.
2021-06-11 19:08:03,161 [ForkJoinPool.commonPool-worker-1] INFO  ozoneimpl.OzoneContainer (OzoneContainer.java:stop(316)) - Attempting to stop container services.
2021-06-11 19:08:03,161 [Listener at 127.0.0.1/43957] INFO  ozoneimpl.OzoneContainer (OzoneContainer.java:stop(316)) - Attempting to stop container services.
2021-06-11 19:08:03,161 [Listener at 127.0.0.1/43957] INFO  server.RaftServer (RaftServerProxy.java:lambda$close$6(391)) - bf85b346-d6dc-4caf-ae79-65e1db1e806c: close
2021-06-11 19:08:03,161 [Listener at 127.0.0.1/43957] INFO  server.RaftServer$Division (RaftServerImpl.java:lambda$close$4(406)) - bf85b346-d6dc-4caf-ae79-65e1db1e806c@group-6F62B5CC8E81: shutdown
2021-06-11 19:08:03,161 [Listener at 127.0.0.1/43957] INFO  util.JmxRegister (JmxRegister.java:unregister(73)) - Successfully un-registered JMX Bean with object name Ratis:service=RaftServer,group=group-6F62B5CC8E81,id=bf85b346-d6dc-4caf-ae79-65e1db1e806c
2021-06-11 19:08:03,161 [Listener at 127.0.0.1/43957] INFO  impl.RoleInfo (RoleInfo.java:shutdownFollowerState(108)) - bf85b346-d6dc-4caf-ae79-65e1db1e806c: shutdown bf85b346-d6dc-4caf-ae79-65e1db1e806c@group-6F62B5CC8E81-FollowerState
2021-06-11 19:08:03,161 [Listener at 127.0.0.1/43957] INFO  impl.StateMachineUpdater (StateMachineUpdater.java:stopAndJoin(149)) - bf85b346-d6dc-4caf-ae79-65e1db1e806c@group-6F62B5CC8E81-StateMachineUpdater: set stopIndex = 0
2021-06-11 19:08:03,162 [bf85b346-d6dc-4caf-ae79-65e1db1e806c@group-6F62B5CC8E81-FollowerState] INFO  impl.FollowerState (FollowerState.java:run(143)) - bf85b346-d6dc-4caf-ae79-65e1db1e806c@group-6F62B5CC8E81-FollowerState was interrupted: {}
java.lang.InterruptedException: sleep interrupted
	at java.lang.Thread.sleep(Native Method)
	at java.lang.Thread.sleep(Thread.java:340)
	at java.util.concurrent.TimeUnit.sleep(TimeUnit.java:386)
	at org.apache.ratis.util.TimeDuration.sleep(TimeDuration.java:324)
	at org.apache.ratis.util.TimeDuration.sleep(TimeDuration.java:309)
	at org.apache.ratis.server.impl.FollowerState.run(FollowerState.java:118)
2021-06-11 19:08:03,162 [bf85b346-d6dc-4caf-ae79-65e1db1e806c@group-6F62B5CC8E81-StateMachineUpdater] INFO  ratis.ContainerStateMachine (ContainerStateMachine.java:takeSnapshot(292)) - group-6F62B5CC8E81: Taking a snapshot at:(t:1, i:0) file /home/runner/work/ozone/ozone/mnt/ozone/hadoop-ozone/integration-test/target/test-dir/MiniOzoneClusterImpl-7f30813a-d1ba-41a1-975d-e59f1b24795c/datanode-4/data/ratis/77e7b361-485a-407e-922f-6f62b5cc8e81/sm/snapshot.1_0
2021-06-11 19:08:03,162 [ForkJoinPool.commonPool-worker-1] INFO  server.RaftServer (RaftServerProxy.java:lambda$close$6(391)) - f0d18f37-c034-4e65-b036-926f7b7a2e40: close
2021-06-11 19:08:03,162 [ForkJoinPool.commonPool-worker-1] INFO  server.RaftServer$Division (RaftServerImpl.java:lambda$close$4(406)) - f0d18f37-c034-4e65-b036-926f7b7a2e40@group-0DD81035E5C7: shutdown
2021-06-11 19:08:03,162 [ForkJoinPool.commonPool-worker-1] INFO  util.JmxRegister (JmxRegister.java:unregister(73)) - Successfully un-registered JMX Bean with object name Ratis:service=RaftServer,group=group-0DD81035E5C7,id=f0d18f37-c034-4e65-b036-926f7b7a2e40
2021-06-11 19:08:03,163 [ForkJoinPool.commonPool-worker-1] INFO  impl.RoleInfo (RoleInfo.java:shutdownLeaderState(91)) - f0d18f37-c034-4e65-b036-926f7b7a2e40: shutdown f0d18f37-c034-4e65-b036-926f7b7a2e40@group-0DD81035E5C7-LeaderStateImpl
2021-06-11 19:08:03,163 [ForkJoinPool.commonPool-worker-1] INFO  impl.PendingRequests (PendingRequests.java:sendNotLeaderResponses(249)) - f0d18f37-c034-4e65-b036-926f7b7a2e40@group-0DD81035E5C7-PendingRequests: sendNotLeaderResponses
2021-06-11 19:08:03,163 [ForkJoinPool.commonPool-worker-1] INFO  metrics.RatisMetrics (RatisMetrics.java:unregister(43)) - Unregistering Metrics Registry : ratis.log_appender.f0d18f37-c034-4e65-b036-926f7b7a2e40@group-0DD81035E5C7
2021-06-11 19:08:03,163 [ForkJoinPool.commonPool-worker-1] INFO  metrics.RatisMetrics (RatisMetrics.java:unregister(43)) - Unregistering Metrics Registry : ratis.server.f0d18f37-c034-4e65-b036-926f7b7a2e40@group-0DD81035E5C7
2021-06-11 19:08:03,163 [ForkJoinPool.commonPool-worker-1] INFO  impl.StateMachineUpdater (StateMachineUpdater.java:stopAndJoin(149)) - f0d18f37-c034-4e65-b036-926f7b7a2e40@group-0DD81035E5C7-StateMachineUpdater: set stopIndex = 0
2021-06-11 19:08:03,162 [bf85b346-d6dc-4caf-ae79-65e1db1e806c@group-6F62B5CC8E81-StateMachineUpdater] INFO  ratis.ContainerStateMachine (ContainerStateMachine.java:takeSnapshot(303)) - group-6F62B5CC8E81: Finished taking a snapshot at:(t:1, i:0) file:/home/runner/work/ozone/ozone/mnt/ozone/hadoop-ozone/integration-test/target/test-dir/MiniOzoneClusterImpl-7f30813a-d1ba-41a1-975d-e59f1b24795c/datanode-4/data/ratis/77e7b361-485a-407e-922f-6f62b5cc8e81/sm/snapshot.1_0 took: 1 ms
2021-06-11 19:08:03,164 [f0d18f37-c034-4e65-b036-926f7b7a2e40@group-0DD81035E5C7-StateMachineUpdater] INFO  ratis.ContainerStateMachine (ContainerStateMachine.java:takeSnapshot(292)) - group-0DD81035E5C7: Taking a snapshot at:(t:1, i:0) file /home/runner/work/ozone/ozone/mnt/ozone/hadoop-ozone/integration-test/target/test-dir/MiniOzoneClusterImpl-7f30813a-d1ba-41a1-975d-e59f1b24795c/datanode-1/data/ratis/4ae1362b-feaf-4634-adb0-0dd81035e5c7/sm/snapshot.1_0
2021-06-11 19:08:03,164 [bf85b346-d6dc-4caf-ae79-65e1db1e806c@group-6F62B5CC8E81-StateMachineUpdater] INFO  impl.StateMachineUpdater (StateMachineUpdater.java:takeSnapshot(281)) - bf85b346-d6dc-4caf-ae79-65e1db1e806c@group-6F62B5CC8E81-StateMachineUpdater: Took a snapshot at index 0
2021-06-11 19:08:03,164 [bf85b346-d6dc-4caf-ae79-65e1db1e806c@group-6F62B5CC8E81-StateMachineUpdater] INFO  impl.StateMachineUpdater (StateMachineUpdater.java:lambda$new$0(89)) - bf85b346-d6dc-4caf-ae79-65e1db1e806c@group-6F62B5CC8E81-StateMachineUpdater: snapshotIndex: updateIncreasingly -1 -> 0
2021-06-11 19:08:03,164 [f0d18f37-c034-4e65-b036-926f7b7a2e40@group-0DD81035E5C7-StateMachineUpdater] INFO  ratis.ContainerStateMachine (ContainerStateMachine.java:takeSnapshot(303)) - group-0DD81035E5C7: Finished taking a snapshot at:(t:1, i:0) file:/home/runner/work/ozone/ozone/mnt/ozone/hadoop-ozone/integration-test/target/test-dir/MiniOzoneClusterImpl-7f30813a-d1ba-41a1-975d-e59f1b24795c/datanode-1/data/ratis/4ae1362b-feaf-4634-adb0-0dd81035e5c7/sm/snapshot.1_0 took: 0 ms
2021-06-11 19:08:03,164 [bf85b346-d6dc-4caf-ae79-65e1db1e806c@group-6F62B5CC8E81-StateMachineUpdater] INFO  metrics.RatisMetrics (RatisMetrics.java:unregister(43)) - Unregistering Metrics Registry : ratis.state_machine.bf85b346-d6dc-4caf-ae79-65e1db1e806c@group-6F62B5CC8E81
2021-06-11 19:08:03,164 [f0d18f37-c034-4e65-b036-926f7b7a2e40@group-0DD81035E5C7-StateMachineUpdater] INFO  impl.StateMachineUpdater (StateMachineUpdater.java:takeSnapshot(281)) - f0d18f37-c034-4e65-b036-926f7b7a2e40@group-0DD81035E5C7-StateMachineUpdater: Took a snapshot at index 0
2021-06-11 19:08:03,164 [f0d18f37-c034-4e65-b036-926f7b7a2e40@group-0DD81035E5C7-StateMachineUpdater] INFO  impl.StateMachineUpdater (StateMachineUpdater.java:lambda$new$0(89)) - f0d18f37-c034-4e65-b036-926f7b7a2e40@group-0DD81035E5C7-StateMachineUpdater: snapshotIndex: updateIncreasingly -1 -> 0
2021-06-11 19:08:03,164 [Listener at 127.0.0.1/43957] INFO  server.RaftServer$Division (ServerState.java:close(405)) - bf85b346-d6dc-4caf-ae79-65e1db1e806c@group-6F62B5CC8E81: closes. applyIndex: 0
2021-06-11 19:08:03,164 [f0d18f37-c034-4e65-b036-926f7b7a2e40@group-0DD81035E5C7-StateMachineUpdater] INFO  metrics.RatisMetrics (RatisMetrics.java:unregister(43)) - Unregistering Metrics Registry : ratis.state_machine.f0d18f37-c034-4e65-b036-926f7b7a2e40@group-0DD81035E5C7
2021-06-11 19:08:03,165 [bf85b346-d6dc-4caf-ae79-65e1db1e806c@group-6F62B5CC8E81-SegmentedRaftLogWorker] INFO  segmented.SegmentedRaftLogWorker (SegmentedRaftLogWorker.java:run(327)) - bf85b346-d6dc-4caf-ae79-65e1db1e806c@group-6F62B5CC8E81-SegmentedRaftLogWorker was interrupted, exiting. There are 0 tasks remaining in the queue.
2021-06-11 19:08:03,166 [Listener at 127.0.0.1/43957] INFO  segmented.SegmentedRaftLogWorker (SegmentedRaftLogWorker.java:close(237)) - bf85b346-d6dc-4caf-ae79-65e1db1e806c@group-6F62B5CC8E81-SegmentedRaftLogWorker close()
2021-06-11 19:08:03,167 [ForkJoinPool.commonPool-worker-1] INFO  server.RaftServer$Division (ServerState.java:close(405)) - f0d18f37-c034-4e65-b036-926f7b7a2e40@group-0DD81035E5C7: closes. applyIndex: 0
2021-06-11 19:08:03,167 [Listener at 127.0.0.1/43957] INFO  metrics.RatisMetrics (RatisMetrics.java:unregister(43)) - Unregistering Metrics Registry : ratis.log_worker.bf85b346-d6dc-4caf-ae79-65e1db1e806c@group-6F62B5CC8E81
2021-06-11 19:08:03,167 [f0d18f37-c034-4e65-b036-926f7b7a2e40@group-0DD81035E5C7-SegmentedRaftLogWorker] INFO  segmented.SegmentedRaftLogWorker (SegmentedRaftLogWorker.java:run(327)) - f0d18f37-c034-4e65-b036-926f7b7a2e40@group-0DD81035E5C7-SegmentedRaftLogWorker was interrupted, exiting. There are 0 tasks remaining in the queue.
2021-06-11 19:08:03,167 [Listener at 127.0.0.1/43957] INFO  metrics.RatisMetrics (RatisMetrics.java:unregister(43)) - Unregistering Metrics Registry : ratis.leader_election.bf85b346-d6dc-4caf-ae79-65e1db1e806c@group-6F62B5CC8E81
2021-06-11 19:08:03,167 [Listener at 127.0.0.1/43957] INFO  metrics.RatisMetrics (RatisMetrics.java:unregister(43)) - Unregistering Metrics Registry : ratis.server.bf85b346-d6dc-4caf-ae79-65e1db1e806c@group-6F62B5CC8E81
2021-06-11 19:08:03,167 [Listener at 127.0.0.1/43957] INFO  server.RaftServer$Division (RaftServerImpl.java:lambda$close$4(406)) - bf85b346-d6dc-4caf-ae79-65e1db1e806c@group-2AEC26317323: shutdown
2021-06-11 19:08:03,168 [Listener at 127.0.0.1/43957] INFO  util.JmxRegister (JmxRegister.java:unregister(73)) - Successfully un-registered JMX Bean with object name Ratis:service=RaftServer,group=group-2AEC26317323,id=bf85b346-d6dc-4caf-ae79-65e1db1e806c
2021-06-11 19:08:03,168 [Listener at 127.0.0.1/43957] INFO  impl.RoleInfo (RoleInfo.java:shutdownFollowerState(108)) - bf85b346-d6dc-4caf-ae79-65e1db1e806c: shutdown bf85b346-d6dc-4caf-ae79-65e1db1e806c@group-2AEC26317323-FollowerState
2021-06-11 19:08:03,168 [ForkJoinPool.commonPool-worker-1] INFO  segmented.SegmentedRaftLogWorker (SegmentedRaftLogWorker.java:close(237)) - f0d18f37-c034-4e65-b036-926f7b7a2e40@group-0DD81035E5C7-SegmentedRaftLogWorker close()
2021-06-11 19:08:03,168 [bf85b346-d6dc-4caf-ae79-65e1db1e806c@group-2AEC26317323-FollowerState] INFO  impl.FollowerState (FollowerState.java:run(143)) - bf85b346-d6dc-4caf-ae79-65e1db1e806c@group-2AEC26317323-FollowerState was interrupted: {}
java.lang.InterruptedException: sleep interrupted
	at java.lang.Thread.sleep(Native Method)
	at java.lang.Thread.sleep(Thread.java:340)
	at java.util.concurrent.TimeUnit.sleep(TimeUnit.java:386)
	at org.apache.ratis.util.TimeDuration.sleep(TimeDuration.java:324)
	at org.apache.ratis.util.TimeDuration.sleep(TimeDuration.java:309)
	at org.apache.ratis.server.impl.FollowerState.run(FollowerState.java:118)
2021-06-11 19:08:03,168 [1514860f-d988-4646-88fa-884730dadadc@group-36BDC7D3F91B-FollowerState] INFO  impl.FollowerState (FollowerState.java:run(134)) - 1514860f-d988-4646-88fa-884730dadadc@group-36BDC7D3F91B-FollowerState: change to CANDIDATE, lastRpcElapsedTime:5042032383ns, electionTimeout:5041ms
2021-06-11 19:08:03,169 [ForkJoinPool.commonPool-worker-1] INFO  metrics.RatisMetrics (RatisMetrics.java:unregister(43)) - Unregistering Metrics Registry : ratis.log_worker.f0d18f37-c034-4e65-b036-926f7b7a2e40@group-0DD81035E5C7
2021-06-11 19:08:03,169 [ForkJoinPool.commonPool-worker-1] INFO  metrics.RatisMetrics (RatisMetrics.java:unregister(43)) - Unregistering Metrics Registry : ratis.leader_election.f0d18f37-c034-4e65-b036-926f7b7a2e40@group-0DD81035E5C7
2021-06-11 19:08:03,169 [bf85b346-d6dc-4caf-ae79-65e1db1e806c@group-2AEC26317323-StateMachineUpdater] INFO  ratis.ContainerStateMachine (ContainerStateMachine.java:takeSnapshot(292)) - group-2AEC26317323: Taking a snapshot at:(t:4, i:0) file /home/runner/work/ozone/ozone/mnt/ozone/hadoop-ozone/integration-test/target/test-dir/MiniOzoneClusterImpl-7f30813a-d1ba-41a1-975d-e59f1b24795c/datanode-4/data/ratis/4436ad27-774d-4150-9d97-2aec26317323/sm/snapshot.4_0
2021-06-11 19:08:03,169 [Listener at 127.0.0.1/43957] INFO  impl.StateMachineUpdater (StateMachineUpdater.java:stopAndJoin(149)) - bf85b346-d6dc-4caf-ae79-65e1db1e806c@group-2AEC26317323-StateMachineUpdater: set stopIndex = 0
2021-06-11 19:08:03,169 [ForkJoinPool.commonPool-worker-1] INFO  metrics.RatisMetrics (RatisMetrics.java:unregister(43)) - Unregistering Metrics Registry : ratis.server.f0d18f37-c034-4e65-b036-926f7b7a2e40@group-0DD81035E5C7
2021-06-11 19:08:03,169 [1514860f-d988-4646-88fa-884730dadadc@group-36BDC7D3F91B-FollowerState] INFO  impl.RoleInfo (RoleInfo.java:shutdownFollowerState(108)) - 1514860f-d988-4646-88fa-884730dadadc: shutdown 1514860f-d988-4646-88fa-884730dadadc@group-36BDC7D3F91B-FollowerState
2021-06-11 19:08:03,170 [ForkJoinPool.commonPool-worker-1] INFO  server.RaftServer$Division (RaftServerImpl.java:lambda$close$4(406)) - f0d18f37-c034-4e65-b036-926f7b7a2e40@group-36BDC7D3F91B: shutdown
2021-06-11 19:08:03,170 [1514860f-d988-4646-88fa-884730dadadc@group-36BDC7D3F91B-FollowerState] INFO  server.RaftServer$Division (RaftServerImpl.java:setRole(284)) - 1514860f-d988-4646-88fa-884730dadadc@group-36BDC7D3F91B: changes role from  FOLLOWER to CANDIDATE at term 0 for changeToCandidate
2021-06-11 19:08:03,170 [1514860f-d988-4646-88fa-884730dadadc@group-36BDC7D3F91B-FollowerState] INFO  server.RaftServerConfigKeys (ConfUtils.java:logGet(44)) - raft.server.leaderelection.pre-vote = false (custom)
2021-06-11 19:08:03,170 [1514860f-d988-4646-88fa-884730dadadc@group-36BDC7D3F91B-FollowerState] INFO  impl.RoleInfo (RoleInfo.java:updateAndGet(130)) - 1514860f-d988-4646-88fa-884730dadadc: start 1514860f-d988-4646-88fa-884730dadadc@group-36BDC7D3F91B-LeaderElection68
2021-06-11 19:08:03,170 [bf85b346-d6dc-4caf-ae79-65e1db1e806c@group-2AEC26317323-StateMachineUpdater] INFO  ratis.ContainerStateMachine (ContainerStateMachine.java:takeSnapshot(303)) - group-2AEC26317323: Finished taking a snapshot at:(t:4, i:0) file:/home/runner/work/ozone/ozone/mnt/ozone/hadoop-ozone/integration-test/target/test-dir/MiniOzoneClusterImpl-7f30813a-d1ba-41a1-975d-e59f1b24795c/datanode-4/data/ratis/4436ad27-774d-4150-9d97-2aec26317323/sm/snapshot.4_0 took: 1 ms
2021-06-11 19:08:03,170 [ForkJoinPool.commonPool-worker-1] INFO  util.JmxRegister (JmxRegister.java:unregister(73)) - Successfully un-registered JMX Bean with object name Ratis:service=RaftServer,group=group-36BDC7D3F91B,id=f0d18f37-c034-4e65-b036-926f7b7a2e40
2021-06-11 19:08:03,170 [ForkJoinPool.commonPool-worker-1] INFO  impl.RoleInfo (RoleInfo.java:shutdownFollowerState(108)) - f0d18f37-c034-4e65-b036-926f7b7a2e40: shutdown f0d18f37-c034-4e65-b036-926f7b7a2e40@group-36BDC7D3F91B-FollowerState
2021-06-11 19:08:03,170 [bf85b346-d6dc-4caf-ae79-65e1db1e806c@group-2AEC26317323-StateMachineUpdater] INFO  impl.StateMachineUpdater (StateMachineUpdater.java:takeSnapshot(281)) - bf85b346-d6dc-4caf-ae79-65e1db1e806c@group-2AEC26317323-StateMachineUpdater: Took a snapshot at index 0
2021-06-11 19:08:03,170 [bf85b346-d6dc-4caf-ae79-65e1db1e806c@group-2AEC26317323-StateMachineUpdater] INFO  impl.StateMachineUpdater (StateMachineUpdater.java:lambda$new$0(89)) - bf85b346-d6dc-4caf-ae79-65e1db1e806c@group-2AEC26317323-StateMachineUpdater: snapshotIndex: updateIncreasingly -1 -> 0
2021-06-11 19:08:03,170 [ForkJoinPool.commonPool-worker-1] INFO  impl.StateMachineUpdater (StateMachineUpdater.java:stopAndJoin(149)) - f0d18f37-c034-4e65-b036-926f7b7a2e40@group-36BDC7D3F91B-StateMachineUpdater: set stopIndex = -1
2021-06-11 19:08:03,170 [f0d18f37-c034-4e65-b036-926f7b7a2e40@group-36BDC7D3F91B-FollowerState] INFO  impl.FollowerState (FollowerState.java:run(143)) - f0d18f37-c034-4e65-b036-926f7b7a2e40@group-36BDC7D3F91B-FollowerState was interrupted: {}
java.lang.InterruptedException: sleep interrupted
	at java.lang.Thread.sleep(Native Method)
	at java.lang.Thread.sleep(Thread.java:340)
	at java.util.concurrent.TimeUnit.sleep(TimeUnit.java:386)
	at org.apache.ratis.util.TimeDuration.sleep(TimeDuration.java:324)
	at org.apache.ratis.util.TimeDuration.sleep(TimeDuration.java:309)
	at org.apache.ratis.server.impl.FollowerState.run(FollowerState.java:118)
2021-06-11 19:08:03,171 [f0d18f37-c034-4e65-b036-926f7b7a2e40@group-36BDC7D3F91B-StateMachineUpdater] INFO  metrics.RatisMetrics (RatisMetrics.java:unregister(43)) - Unregistering Metrics Registry : ratis.state_machine.f0d18f37-c034-4e65-b036-926f7b7a2e40@group-36BDC7D3F91B
2021-06-11 19:08:03,171 [ForkJoinPool.commonPool-worker-1] INFO  server.RaftServer$Division (ServerState.java:close(405)) - f0d18f37-c034-4e65-b036-926f7b7a2e40@group-36BDC7D3F91B: closes. applyIndex: -1
2021-06-11 19:08:03,171 [f0d18f37-c034-4e65-b036-926f7b7a2e40@group-36BDC7D3F91B-SegmentedRaftLogWorker] INFO  segmented.SegmentedRaftLogWorker (SegmentedRaftLogWorker.java:run(327)) - f0d18f37-c034-4e65-b036-926f7b7a2e40@group-36BDC7D3F91B-SegmentedRaftLogWorker was interrupted, exiting. There are 0 tasks remaining in the queue.
2021-06-11 19:08:03,172 [ForkJoinPool.commonPool-worker-1] INFO  segmented.SegmentedRaftLogWorker (SegmentedRaftLogWorker.java:close(237)) - f0d18f37-c034-4e65-b036-926f7b7a2e40@group-36BDC7D3F91B-SegmentedRaftLogWorker close()
2021-06-11 19:08:03,173 [ForkJoinPool.commonPool-worker-1] INFO  metrics.RatisMetrics (RatisMetrics.java:unregister(43)) - Unregistering Metrics Registry : ratis.log_worker.f0d18f37-c034-4e65-b036-926f7b7a2e40@group-36BDC7D3F91B
2021-06-11 19:08:03,173 [ForkJoinPool.commonPool-worker-1] INFO  metrics.RatisMetrics (RatisMetrics.java:unregister(43)) - Unregistering Metrics Registry : ratis.leader_election.f0d18f37-c034-4e65-b036-926f7b7a2e40@group-36BDC7D3F91B
2021-06-11 19:08:03,173 [ForkJoinPool.commonPool-worker-1] INFO  metrics.RatisMetrics (RatisMetrics.java:unregister(43)) - Unregistering Metrics Registry : ratis.server.f0d18f37-c034-4e65-b036-926f7b7a2e40@group-36BDC7D3F91B
2021-06-11 19:08:03,173 [ForkJoinPool.commonPool-worker-1] INFO  server.GrpcService (GrpcService.java:closeImpl(262)) - f0d18f37-c034-4e65-b036-926f7b7a2e40: shutdown server with port 45755 now
2021-06-11 19:08:03,170 [bf85b346-d6dc-4caf-ae79-65e1db1e806c@group-2AEC26317323-StateMachineUpdater] INFO  metrics.RatisMetrics (RatisMetrics.java:unregister(43)) - Unregistering Metrics Registry : ratis.state_machine.bf85b346-d6dc-4caf-ae79-65e1db1e806c@group-2AEC26317323
2021-06-11 19:08:03,173 [1514860f-d988-4646-88fa-884730dadadc@group-36BDC7D3F91B-LeaderElection68] INFO  impl.LeaderElection (LeaderElection.java:askForVotes(306)) - 1514860f-d988-4646-88fa-884730dadadc@group-36BDC7D3F91B-LeaderElection68 ELECTION round 0: submit vote requests at term 1 for -1: [f0d18f37-c034-4e65-b036-926f7b7a2e40|rpc:10.1.0.43:45755|priority:1, 1514860f-d988-4646-88fa-884730dadadc|rpc:10.1.0.43:42983|priority:0, f05d9154-dd24-4162-9fdc-352a7a5261e7|rpc:10.1.0.43:40337|priority:0], old=null
2021-06-11 19:08:03,174 [Listener at 127.0.0.1/43957] INFO  server.RaftServer$Division (ServerState.java:close(405)) - bf85b346-d6dc-4caf-ae79-65e1db1e806c@group-2AEC26317323: closes. applyIndex: 0
2021-06-11 19:08:03,175 [bf85b346-d6dc-4caf-ae79-65e1db1e806c@group-2AEC26317323-SegmentedRaftLogWorker] INFO  segmented.SegmentedRaftLogWorker (SegmentedRaftLogWorker.java:run(327)) - bf85b346-d6dc-4caf-ae79-65e1db1e806c@group-2AEC26317323-SegmentedRaftLogWorker was interrupted, exiting. There are 0 tasks remaining in the queue.
2021-06-11 19:08:03,175 [Listener at 127.0.0.1/43957] INFO  segmented.SegmentedRaftLogWorker (SegmentedRaftLogWorker.java:close(237)) - bf85b346-d6dc-4caf-ae79-65e1db1e806c@group-2AEC26317323-SegmentedRaftLogWorker close()
2021-06-11 19:08:03,180 [Listener at 127.0.0.1/43957] INFO  metrics.RatisMetrics (RatisMetrics.java:unregister(43)) - Unregistering Metrics Registry : ratis.log_worker.bf85b346-d6dc-4caf-ae79-65e1db1e806c@group-2AEC26317323
2021-06-11 19:08:03,180 [Listener at 127.0.0.1/43957] INFO  metrics.RatisMetrics (RatisMetrics.java:unregister(43)) - Unregistering Metrics Registry : ratis.leader_election.bf85b346-d6dc-4caf-ae79-65e1db1e806c@group-2AEC26317323
2021-06-11 19:08:03,180 [Listener at 127.0.0.1/43957] INFO  metrics.RatisMetrics (RatisMetrics.java:unregister(43)) - Unregistering Metrics Registry : ratis.server.bf85b346-d6dc-4caf-ae79-65e1db1e806c@group-2AEC26317323
2021-06-11 19:08:03,181 [Listener at 127.0.0.1/43957] INFO  server.RaftServer$Division (RaftServerImpl.java:lambda$close$4(406)) - bf85b346-d6dc-4caf-ae79-65e1db1e806c@group-4D8D835771A9: shutdown
2021-06-11 19:08:03,181 [Listener at 127.0.0.1/43957] INFO  util.JmxRegister (JmxRegister.java:unregister(73)) - Successfully un-registered JMX Bean with object name Ratis:service=RaftServer,group=group-4D8D835771A9,id=bf85b346-d6dc-4caf-ae79-65e1db1e806c
2021-06-11 19:08:03,181 [Listener at 127.0.0.1/43957] INFO  impl.RoleInfo (RoleInfo.java:shutdownLeaderState(91)) - bf85b346-d6dc-4caf-ae79-65e1db1e806c: shutdown bf85b346-d6dc-4caf-ae79-65e1db1e806c@group-4D8D835771A9-LeaderStateImpl
2021-06-11 19:08:03,181 [Listener at 127.0.0.1/43957] INFO  impl.PendingRequests (PendingRequests.java:sendNotLeaderResponses(249)) - bf85b346-d6dc-4caf-ae79-65e1db1e806c@group-4D8D835771A9-PendingRequests: sendNotLeaderResponses
2021-06-11 19:08:03,181 [Listener at 127.0.0.1/43957] INFO  metrics.RatisMetrics (RatisMetrics.java:unregister(43)) - Unregistering Metrics Registry : ratis.log_appender.bf85b346-d6dc-4caf-ae79-65e1db1e806c@group-4D8D835771A9
2021-06-11 19:08:03,181 [Listener at 127.0.0.1/43957] INFO  metrics.RatisMetrics (RatisMetrics.java:unregister(43)) - Unregistering Metrics Registry : ratis.server.bf85b346-d6dc-4caf-ae79-65e1db1e806c@group-4D8D835771A9
2021-06-11 19:08:03,182 [Listener at 127.0.0.1/43957] INFO  impl.StateMachineUpdater (StateMachineUpdater.java:stopAndJoin(149)) - bf85b346-d6dc-4caf-ae79-65e1db1e806c@group-4D8D835771A9-StateMachineUpdater: set stopIndex = 0
2021-06-11 19:08:03,182 [1514860f-d988-4646-88fa-884730dadadc@group-36BDC7D3F91B-LeaderElection68] INFO  impl.LeaderElection (LogUtils.java:infoOrTrace(137)) - 1514860f-d988-4646-88fa-884730dadadc@group-36BDC7D3F91B-LeaderElection68 got exception when requesting votes: java.util.concurrent.ExecutionException: org.apache.ratis.thirdparty.io.grpc.StatusRuntimeException: UNAVAILABLE: io exception
2021-06-11 19:08:03,183 [bf85b346-d6dc-4caf-ae79-65e1db1e806c@group-4D8D835771A9-StateMachineUpdater] INFO  ratis.ContainerStateMachine (ContainerStateMachine.java:takeSnapshot(292)) - group-4D8D835771A9: Taking a snapshot at:(t:1, i:0) file /home/runner/work/ozone/ozone/mnt/ozone/hadoop-ozone/integration-test/target/test-dir/MiniOzoneClusterImpl-7f30813a-d1ba-41a1-975d-e59f1b24795c/datanode-4/data/ratis/8e4c0ab6-27ea-42c5-8b38-4d8d835771a9/sm/snapshot.1_0
2021-06-11 19:08:03,183 [ForkJoinPool.commonPool-worker-1] INFO  server.GrpcService (GrpcService.java:closeImpl(271)) - f0d18f37-c034-4e65-b036-926f7b7a2e40: shutdown server with port 45755 successfully
2021-06-11 19:08:03,180 [f05d9154-dd24-4162-9fdc-352a7a5261e7@group-36BDC7D3F91B-FollowerState] INFO  impl.FollowerState (FollowerState.java:run(134)) - f05d9154-dd24-4162-9fdc-352a7a5261e7@group-36BDC7D3F91B-FollowerState: change to CANDIDATE, lastRpcElapsedTime:5019654346ns, electionTimeout:5016ms
2021-06-11 19:08:03,183 [f05d9154-dd24-4162-9fdc-352a7a5261e7@group-36BDC7D3F91B-FollowerState] INFO  impl.RoleInfo (RoleInfo.java:shutdownFollowerState(108)) - f05d9154-dd24-4162-9fdc-352a7a5261e7: shutdown f05d9154-dd24-4162-9fdc-352a7a5261e7@group-36BDC7D3F91B-FollowerState
2021-06-11 19:08:03,183 [f05d9154-dd24-4162-9fdc-352a7a5261e7@group-36BDC7D3F91B-FollowerState] INFO  server.RaftServer$Division (RaftServerImpl.java:setRole(284)) - f05d9154-dd24-4162-9fdc-352a7a5261e7@group-36BDC7D3F91B: changes role from  FOLLOWER to CANDIDATE at term 0 for changeToCandidate
2021-06-11 19:08:03,183 [f05d9154-dd24-4162-9fdc-352a7a5261e7@group-36BDC7D3F91B-FollowerState] INFO  server.RaftServerConfigKeys (ConfUtils.java:logGet(44)) - raft.server.leaderelection.pre-vote = false (custom)
2021-06-11 19:08:03,183 [f05d9154-dd24-4162-9fdc-352a7a5261e7@group-36BDC7D3F91B-FollowerState] INFO  impl.RoleInfo (RoleInfo.java:updateAndGet(130)) - f05d9154-dd24-4162-9fdc-352a7a5261e7: start f05d9154-dd24-4162-9fdc-352a7a5261e7@group-36BDC7D3F91B-LeaderElection69
2021-06-11 19:08:03,183 [org.apache.ratis.util.JvmPauseMonitor$$Lambda$513/909036188@d6f33b6] INFO  util.JvmPauseMonitor (JvmPauseMonitor.java:run(109)) - JvmPauseMonitor-f0d18f37-c034-4e65-b036-926f7b7a2e40: Stopped
2021-06-11 19:08:03,183 [bf85b346-d6dc-4caf-ae79-65e1db1e806c@group-4D8D835771A9-StateMachineUpdater] INFO  ratis.ContainerStateMachine (ContainerStateMachine.java:takeSnapshot(303)) - group-4D8D835771A9: Finished taking a snapshot at:(t:1, i:0) file:/home/runner/work/ozone/ozone/mnt/ozone/hadoop-ozone/integration-test/target/test-dir/MiniOzoneClusterImpl-7f30813a-d1ba-41a1-975d-e59f1b24795c/datanode-4/data/ratis/8e4c0ab6-27ea-42c5-8b38-4d8d835771a9/sm/snapshot.1_0 took: 0 ms
2021-06-11 19:08:03,183 [bf85b346-d6dc-4caf-ae79-65e1db1e806c@group-4D8D835771A9-StateMachineUpdater] INFO  impl.StateMachineUpdater (StateMachineUpdater.java:takeSnapshot(281)) - bf85b346-d6dc-4caf-ae79-65e1db1e806c@group-4D8D835771A9-StateMachineUpdater: Took a snapshot at index 0
2021-06-11 19:08:03,183 [bf85b346-d6dc-4caf-ae79-65e1db1e806c@group-4D8D835771A9-StateMachineUpdater] INFO  impl.StateMachineUpdater (StateMachineUpdater.java:lambda$new$0(89)) - bf85b346-d6dc-4caf-ae79-65e1db1e806c@group-4D8D835771A9-StateMachineUpdater: snapshotIndex: updateIncreasingly -1 -> 0
2021-06-11 19:08:03,184 [bf85b346-d6dc-4caf-ae79-65e1db1e806c@group-4D8D835771A9-StateMachineUpdater] INFO  metrics.RatisMetrics (RatisMetrics.java:unregister(43)) - Unregistering Metrics Registry : ratis.state_machine.bf85b346-d6dc-4caf-ae79-65e1db1e806c@group-4D8D835771A9
2021-06-11 19:08:03,184 [Listener at 127.0.0.1/43957] INFO  server.RaftServer$Division (ServerState.java:close(405)) - bf85b346-d6dc-4caf-ae79-65e1db1e806c@group-4D8D835771A9: closes. applyIndex: 0
2021-06-11 19:08:03,186 [bf85b346-d6dc-4caf-ae79-65e1db1e806c@group-4D8D835771A9-SegmentedRaftLogWorker] INFO  segmented.SegmentedRaftLogWorker (SegmentedRaftLogWorker.java:run(327)) - bf85b346-d6dc-4caf-ae79-65e1db1e806c@group-4D8D835771A9-SegmentedRaftLogWorker was interrupted, exiting. There are 0 tasks remaining in the queue.
2021-06-11 19:08:03,186 [Listener at 127.0.0.1/43957] INFO  segmented.SegmentedRaftLogWorker (SegmentedRaftLogWorker.java:close(237)) - bf85b346-d6dc-4caf-ae79-65e1db1e806c@group-4D8D835771A9-SegmentedRaftLogWorker close()
2021-06-11 19:08:03,187 [ForkJoinPool.commonPool-worker-1] INFO  utils.BackgroundService (BackgroundService.java:shutdown(132)) - Shutting down service BlockDeletingService
2021-06-11 19:08:03,187 [Listener at 127.0.0.1/43957] INFO  metrics.RatisMetrics (RatisMetrics.java:unregister(43)) - Unregistering Metrics Registry : ratis.log_worker.bf85b346-d6dc-4caf-ae79-65e1db1e806c@group-4D8D835771A9
2021-06-11 19:08:03,188 [Listener at 127.0.0.1/43957] INFO  metrics.RatisMetrics (RatisMetrics.java:unregister(43)) - Unregistering Metrics Registry : ratis.leader_election.bf85b346-d6dc-4caf-ae79-65e1db1e806c@group-4D8D835771A9
2021-06-11 19:08:03,188 [Listener at 127.0.0.1/43957] INFO  metrics.RatisMetrics (RatisMetrics.java:unregister(43)) - Unregistering Metrics Registry : ratis.server.bf85b346-d6dc-4caf-ae79-65e1db1e806c@group-4D8D835771A9
2021-06-11 19:08:03,188 [Listener at 127.0.0.1/43957] INFO  server.GrpcService (GrpcService.java:closeImpl(262)) - bf85b346-d6dc-4caf-ae79-65e1db1e806c: shutdown server with port 43393 now
2021-06-11 19:08:03,190 [grpc-default-executor-5] WARN  server.GrpcServerProtocolService (LogUtils.java:warn(122)) - bf85b346-d6dc-4caf-ae79-65e1db1e806c: installSnapshot onError, lastRequest: 0e0429f1-9636-4fc9-8820-e0f7c83710f3->bf85b346-d6dc-4caf-ae79-65e1db1e806c#1-t4,previous=(t:0, i:0),leaderCommit=-1,initializing? true,entries: size=1, first=(t:4, i:0), CONFIGURATIONENTRY: org.apache.ratis.thirdparty.io.grpc.StatusRuntimeException: CANCELLED: client cancelled
2021-06-11 19:08:03,190 [grpc-default-executor-6] WARN  server.GrpcServerProtocolService (LogUtils.java:warn(122)) - bf85b346-d6dc-4caf-ae79-65e1db1e806c: installSnapshot onError, lastRequest: 133b101f-dcee-4efd-9163-9b3704aaa3ee->bf85b346-d6dc-4caf-ae79-65e1db1e806c#1-t1,previous=(t:0, i:0),leaderCommit=-1,initializing? true,entries: size=1, first=(t:1, i:0), CONFIGURATIONENTRY: org.apache.ratis.thirdparty.io.grpc.StatusRuntimeException: CANCELLED: client cancelled
2021-06-11 19:08:03,191 [grpc-default-executor-6] WARN  server.GrpcLogAppender (LogUtils.java:warn(122)) - 0e0429f1-9636-4fc9-8820-e0f7c83710f3@group-2AEC26317323->bf85b346-d6dc-4caf-ae79-65e1db1e806c-AppendLogResponseHandler: Failed appendEntries: org.apache.ratis.thirdparty.io.grpc.StatusRuntimeException: CANCELLED: HTTP/2 error code: CANCEL
Received Rst Stream
2021-06-11 19:08:03,192 [grpc-default-executor-6] WARN  server.GrpcLogAppender (GrpcLogAppender.java:resetClient(111)) - 0e0429f1-9636-4fc9-8820-e0f7c83710f3@group-2AEC26317323->bf85b346-d6dc-4caf-ae79-65e1db1e806c-GrpcLogAppender: Leader has not got in touch with Follower 0e0429f1-9636-4fc9-8820-e0f7c83710f3@group-2AEC26317323->bf85b346-d6dc-4caf-ae79-65e1db1e806c(c0,m0,n1, attendVote=true, lastRpcSendTime=441, lastRpcResponseTime=439) yet, just keep nextIndex unchanged and retry.
2021-06-11 19:08:03,192 [grpc-default-executor-1] WARN  server.GrpcLogAppender (LogUtils.java:warn(122)) - 133b101f-dcee-4efd-9163-9b3704aaa3ee@group-6F62B5CC8E81->bf85b346-d6dc-4caf-ae79-65e1db1e806c-AppendLogResponseHandler: Failed appendEntries: org.apache.ratis.thirdparty.io.grpc.StatusRuntimeException: CANCELLED: HTTP/2 error code: CANCEL
Received Rst Stream
2021-06-11 19:08:03,192 [grpc-default-executor-1] WARN  server.GrpcLogAppender (GrpcLogAppender.java:resetClient(111)) - 133b101f-dcee-4efd-9163-9b3704aaa3ee@group-6F62B5CC8E81->bf85b346-d6dc-4caf-ae79-65e1db1e806c-GrpcLogAppender: Leader has not got in touch with Follower 133b101f-dcee-4efd-9163-9b3704aaa3ee@group-6F62B5CC8E81->bf85b346-d6dc-4caf-ae79-65e1db1e806c(c0,m0,n1, attendVote=true, lastRpcSendTime=712, lastRpcResponseTime=711) yet, just keep nextIndex unchanged and retry.
2021-06-11 19:08:03,193 [ForkJoinPool.commonPool-worker-1] INFO  statemachine.DatanodeStateMachine (DatanodeStateMachine.java:stopDaemon(486)) - Ozone container server stopped.
2021-06-11 19:08:03,197 [Listener at 127.0.0.1/43957] INFO  server.GrpcService (GrpcService.java:closeImpl(271)) - bf85b346-d6dc-4caf-ae79-65e1db1e806c: shutdown server with port 43393 successfully
2021-06-11 19:08:03,198 [org.apache.ratis.util.JvmPauseMonitor$$Lambda$513/909036188@67ffb6ef] INFO  util.JvmPauseMonitor (JvmPauseMonitor.java:run(109)) - JvmPauseMonitor-bf85b346-d6dc-4caf-ae79-65e1db1e806c: Stopped
2021-06-11 19:08:03,198 [f05d9154-dd24-4162-9fdc-352a7a5261e7@group-36BDC7D3F91B-LeaderElection69] INFO  impl.LeaderElection (LeaderElection.java:askForVotes(306)) - f05d9154-dd24-4162-9fdc-352a7a5261e7@group-36BDC7D3F91B-LeaderElection69 ELECTION round 0: submit vote requests at term 1 for -1: [f0d18f37-c034-4e65-b036-926f7b7a2e40|rpc:10.1.0.43:45755|priority:1, 1514860f-d988-4646-88fa-884730dadadc|rpc:10.1.0.43:42983|priority:0, f05d9154-dd24-4162-9fdc-352a7a5261e7|rpc:10.1.0.43:40337|priority:0], old=null
2021-06-11 19:08:03,198 [ForkJoinPool.commonPool-worker-1] INFO  handler.ContextHandler (ContextHandler.java:doStop(1154)) - Stopped o.e.j.w.WebAppContext@215e85c2{hddsDatanode,/,null,STOPPED}{jar:file:/home/runner/.m2/repository/org/apache/ozone/hdds-container-service/1.2.0-SNAPSHOT/hdds-container-service-1.2.0-SNAPSHOT.jar!/webapps/hddsDatanode}
2021-06-11 19:08:03,199 [ForkJoinPool.commonPool-worker-1] INFO  server.AbstractConnector (AbstractConnector.java:doStop(381)) - Stopped ServerConnector@7c0e93d7{HTTP/1.1, (http/1.1)}{0.0.0.0:0}
2021-06-11 19:08:03,199 [ForkJoinPool.commonPool-worker-1] INFO  server.session (HouseKeeper.java:stopScavenging(149)) - node0 Stopped scavenging
2021-06-11 19:08:03,199 [Listener at 127.0.0.1/43957] INFO  utils.BackgroundService (BackgroundService.java:shutdown(132)) - Shutting down service BlockDeletingService
2021-06-11 19:08:03,200 [grpc-default-executor-6] INFO  server.RaftServer$Division (RaftServerImpl.java:requestVote(1042)) - f05d9154-dd24-4162-9fdc-352a7a5261e7@group-36BDC7D3F91B: receive requestVote(ELECTION, 1514860f-d988-4646-88fa-884730dadadc, group-36BDC7D3F91B, 1, (t:0, i:0))
2021-06-11 19:08:03,200 [grpc-default-executor-6] INFO  impl.VoteContext (VoteContext.java:log(48)) - f05d9154-dd24-4162-9fdc-352a7a5261e7@group-36BDC7D3F91B-CANDIDATE: reject ELECTION from 1514860f-d988-4646-88fa-884730dadadc: already has voted for f05d9154-dd24-4162-9fdc-352a7a5261e7 at current term 1
2021-06-11 19:08:03,200 [grpc-default-executor-6] INFO  server.RaftServer$Division (RaftServerImpl.java:requestVote(1074)) - f05d9154-dd24-4162-9fdc-352a7a5261e7@group-36BDC7D3F91B replies to ELECTION vote request: 1514860f-d988-4646-88fa-884730dadadc<-f05d9154-dd24-4162-9fdc-352a7a5261e7#0:FAIL-t1. Peer's state: f05d9154-dd24-4162-9fdc-352a7a5261e7@group-36BDC7D3F91B:t1, leader=null, voted=f05d9154-dd24-4162-9fdc-352a7a5261e7, raftlog=f05d9154-dd24-4162-9fdc-352a7a5261e7@group-36BDC7D3F91B-SegmentedRaftLog:OPENED:c-1,f-1,i0, conf=-1: [f0d18f37-c034-4e65-b036-926f7b7a2e40|rpc:10.1.0.43:45755|priority:1, 1514860f-d988-4646-88fa-884730dadadc|rpc:10.1.0.43:42983|priority:0, f05d9154-dd24-4162-9fdc-352a7a5261e7|rpc:10.1.0.43:40337|priority:0], old=null
2021-06-11 19:08:03,216 [ForkJoinPool.commonPool-worker-1] INFO  handler.ContextHandler (ContextHandler.java:doStop(1154)) - Stopped o.e.j.s.ServletContextHandler@6a4473c5{static,/static,jar:file:/home/runner/.m2/repository/org/apache/ozone/hdds-container-service/1.2.0-SNAPSHOT/hdds-container-service-1.2.0-SNAPSHOT.jar!/webapps/static,STOPPED}
2021-06-11 19:08:03,217 [ForkJoinPool.commonPool-worker-1] INFO  handler.ContextHandler (ContextHandler.java:doStop(1154)) - Stopped o.e.j.s.ServletContextHandler@425da96{logs,/logs,file:///home/runner/work/ozone/ozone/mnt/ozone/hadoop-ozone/integration-test/target/log,STOPPED}
2021-06-11 19:08:03,219 [Listener at 127.0.0.1/43957] INFO  statemachine.DatanodeStateMachine (DatanodeStateMachine.java:stopDaemon(486)) - Ozone container server stopped.
2021-06-11 19:08:03,219 [1514860f-d988-4646-88fa-884730dadadc@group-36BDC7D3F91B-LeaderElection68] INFO  impl.LeaderElection (LeaderElection.java:logAndReturn(89)) - 1514860f-d988-4646-88fa-884730dadadc@group-36BDC7D3F91B-LeaderElection68: ELECTION REJECTED received 1 response(s) and 1 exception(s):
2021-06-11 19:08:03,220 [1514860f-d988-4646-88fa-884730dadadc@group-36BDC7D3F91B-LeaderElection68] INFO  impl.LeaderElection (LeaderElection.java:logAndReturn(93)) -   Response 0: 1514860f-d988-4646-88fa-884730dadadc<-f05d9154-dd24-4162-9fdc-352a7a5261e7#0:FAIL-t1
2021-06-11 19:08:03,220 [1514860f-d988-4646-88fa-884730dadadc@group-36BDC7D3F91B-LeaderElection68] INFO  impl.LeaderElection (LogUtils.java:infoOrTrace(137)) -   Exception 1: java.util.concurrent.ExecutionException: org.apache.ratis.thirdparty.io.grpc.StatusRuntimeException: UNAVAILABLE: io exception
2021-06-11 19:08:03,220 [1514860f-d988-4646-88fa-884730dadadc@group-36BDC7D3F91B-LeaderElection68] INFO  impl.LeaderElection (LeaderElection.java:askForVotes(308)) - 1514860f-d988-4646-88fa-884730dadadc@group-36BDC7D3F91B-LeaderElection68 ELECTION round 0: result REJECTED
2021-06-11 19:08:03,220 [1514860f-d988-4646-88fa-884730dadadc@group-36BDC7D3F91B-LeaderElection68] INFO  server.RaftServer$Division (RaftServerImpl.java:setRole(284)) - 1514860f-d988-4646-88fa-884730dadadc@group-36BDC7D3F91B: changes role from CANDIDATE to FOLLOWER at term 1 for REJECTED
2021-06-11 19:08:03,220 [1514860f-d988-4646-88fa-884730dadadc@group-36BDC7D3F91B-LeaderElection68] INFO  impl.RoleInfo (RoleInfo.java:shutdownLeaderElection(121)) - 1514860f-d988-4646-88fa-884730dadadc: shutdown 1514860f-d988-4646-88fa-884730dadadc@group-36BDC7D3F91B-LeaderElection68
2021-06-11 19:08:03,220 [1514860f-d988-4646-88fa-884730dadadc@group-36BDC7D3F91B-LeaderElection68] INFO  impl.RoleInfo (RoleInfo.java:updateAndGet(130)) - 1514860f-d988-4646-88fa-884730dadadc: start 1514860f-d988-4646-88fa-884730dadadc@group-36BDC7D3F91B-FollowerState
2021-06-11 19:08:03,220 [Listener at 127.0.0.1/43957] INFO  handler.ContextHandler (ContextHandler.java:doStop(1154)) - Stopped o.e.j.w.WebAppContext@65ba5d55{hddsDatanode,/,null,STOPPED}{jar:file:/home/runner/.m2/repository/org/apache/ozone/hdds-container-service/1.2.0-SNAPSHOT/hdds-container-service-1.2.0-SNAPSHOT.jar!/webapps/hddsDatanode}
2021-06-11 19:08:03,222 [f05d9154-dd24-4162-9fdc-352a7a5261e7@group-36BDC7D3F91B-LeaderElection69] INFO  impl.LeaderElection (LogUtils.java:infoOrTrace(137)) - f05d9154-dd24-4162-9fdc-352a7a5261e7@group-36BDC7D3F91B-LeaderElection69 got exception when requesting votes: java.util.concurrent.ExecutionException: org.apache.ratis.thirdparty.io.grpc.StatusRuntimeException: UNAVAILABLE: io exception
2021-06-11 19:08:03,224 [Listener at 127.0.0.1/43957] INFO  server.AbstractConnector (AbstractConnector.java:doStop(381)) - Stopped ServerConnector@445e3ffa{HTTP/1.1, (http/1.1)}{0.0.0.0:0}
2021-06-11 19:08:03,224 [Listener at 127.0.0.1/43957] INFO  server.session (HouseKeeper.java:stopScavenging(149)) - node0 Stopped scavenging
2021-06-11 19:08:03,224 [Listener at 127.0.0.1/43957] INFO  handler.ContextHandler (ContextHandler.java:doStop(1154)) - Stopped o.e.j.s.ServletContextHandler@71161453{static,/static,jar:file:/home/runner/.m2/repository/org/apache/ozone/hdds-container-service/1.2.0-SNAPSHOT/hdds-container-service-1.2.0-SNAPSHOT.jar!/webapps/static,STOPPED}
2021-06-11 19:08:03,224 [Listener at 127.0.0.1/43957] INFO  handler.ContextHandler (ContextHandler.java:doStop(1154)) - Stopped o.e.j.s.ServletContextHandler@74d1db5f{logs,/logs,file:///home/runner/work/ozone/ozone/mnt/ozone/hadoop-ozone/integration-test/target/log,STOPPED}
2021-06-11 19:08:03,229 [grpc-default-executor-1] INFO  server.RaftServer$Division (RaftServerImpl.java:requestVote(1042)) - 1514860f-d988-4646-88fa-884730dadadc@group-36BDC7D3F91B: receive requestVote(ELECTION, f05d9154-dd24-4162-9fdc-352a7a5261e7, group-36BDC7D3F91B, 1, (t:0, i:0))
2021-06-11 19:08:03,230 [grpc-default-executor-1] INFO  impl.VoteContext (VoteContext.java:log(48)) - 1514860f-d988-4646-88fa-884730dadadc@group-36BDC7D3F91B-FOLLOWER: reject ELECTION from f05d9154-dd24-4162-9fdc-352a7a5261e7: already has voted for 1514860f-d988-4646-88fa-884730dadadc at current term 1
2021-06-11 19:08:03,230 [grpc-default-executor-1] INFO  server.RaftServer$Division (RaftServerImpl.java:requestVote(1074)) - 1514860f-d988-4646-88fa-884730dadadc@group-36BDC7D3F91B replies to ELECTION vote request: f05d9154-dd24-4162-9fdc-352a7a5261e7<-1514860f-d988-4646-88fa-884730dadadc#0:FAIL-t1. Peer's state: 1514860f-d988-4646-88fa-884730dadadc@group-36BDC7D3F91B:t1, leader=null, voted=1514860f-d988-4646-88fa-884730dadadc, raftlog=1514860f-d988-4646-88fa-884730dadadc@group-36BDC7D3F91B-SegmentedRaftLog:OPENED:c-1,f-1,i0, conf=-1: [f0d18f37-c034-4e65-b036-926f7b7a2e40|rpc:10.1.0.43:45755|priority:1, 1514860f-d988-4646-88fa-884730dadadc|rpc:10.1.0.43:42983|priority:0, f05d9154-dd24-4162-9fdc-352a7a5261e7|rpc:10.1.0.43:40337|priority:0], old=null
2021-06-11 19:08:03,233 [f05d9154-dd24-4162-9fdc-352a7a5261e7@group-36BDC7D3F91B-LeaderElection69] INFO  impl.LeaderElection (LeaderElection.java:logAndReturn(89)) - f05d9154-dd24-4162-9fdc-352a7a5261e7@group-36BDC7D3F91B-LeaderElection69: ELECTION REJECTED received 1 response(s) and 1 exception(s):
2021-06-11 19:08:03,233 [f05d9154-dd24-4162-9fdc-352a7a5261e7@group-36BDC7D3F91B-LeaderElection69] INFO  impl.LeaderElection (LeaderElection.java:logAndReturn(93)) -   Response 0: f05d9154-dd24-4162-9fdc-352a7a5261e7<-1514860f-d988-4646-88fa-884730dadadc#0:FAIL-t1
2021-06-11 19:08:03,233 [f05d9154-dd24-4162-9fdc-352a7a5261e7@group-36BDC7D3F91B-LeaderElection69] INFO  impl.LeaderElection (LogUtils.java:infoOrTrace(137)) -   Exception 1: java.util.concurrent.ExecutionException: org.apache.ratis.thirdparty.io.grpc.StatusRuntimeException: UNAVAILABLE: io exception
2021-06-11 19:08:03,233 [f05d9154-dd24-4162-9fdc-352a7a5261e7@group-36BDC7D3F91B-LeaderElection69] INFO  impl.LeaderElection (LeaderElection.java:askForVotes(308)) - f05d9154-dd24-4162-9fdc-352a7a5261e7@group-36BDC7D3F91B-LeaderElection69 ELECTION round 0: result REJECTED
2021-06-11 19:08:03,233 [f05d9154-dd24-4162-9fdc-352a7a5261e7@group-36BDC7D3F91B-LeaderElection69] INFO  server.RaftServer$Division (RaftServerImpl.java:setRole(284)) - f05d9154-dd24-4162-9fdc-352a7a5261e7@group-36BDC7D3F91B: changes role from CANDIDATE to FOLLOWER at term 1 for REJECTED
2021-06-11 19:08:03,233 [f05d9154-dd24-4162-9fdc-352a7a5261e7@group-36BDC7D3F91B-LeaderElection69] INFO  impl.RoleInfo (RoleInfo.java:shutdownLeaderElection(121)) - f05d9154-dd24-4162-9fdc-352a7a5261e7: shutdown f05d9154-dd24-4162-9fdc-352a7a5261e7@group-36BDC7D3F91B-LeaderElection69
2021-06-11 19:08:03,233 [f05d9154-dd24-4162-9fdc-352a7a5261e7@group-36BDC7D3F91B-LeaderElection69] INFO  impl.RoleInfo (RoleInfo.java:updateAndGet(130)) - f05d9154-dd24-4162-9fdc-352a7a5261e7: start f05d9154-dd24-4162-9fdc-352a7a5261e7@group-36BDC7D3F91B-FollowerState
2021-06-11 19:08:03,271 [1514860f-d988-4646-88fa-884730dadadc@group-BACD0EC680C0-FollowerState] INFO  impl.FollowerState (FollowerState.java:run(134)) - 1514860f-d988-4646-88fa-884730dadadc@group-BACD0EC680C0-FollowerState: change to CANDIDATE, lastRpcElapsedTime:5173264268ns, electionTimeout:5158ms
2021-06-11 19:08:03,271 [1514860f-d988-4646-88fa-884730dadadc@group-BACD0EC680C0-FollowerState] INFO  impl.RoleInfo (RoleInfo.java:shutdownFollowerState(108)) - 1514860f-d988-4646-88fa-884730dadadc: shutdown 1514860f-d988-4646-88fa-884730dadadc@group-BACD0EC680C0-FollowerState
2021-06-11 19:08:03,271 [1514860f-d988-4646-88fa-884730dadadc@group-BACD0EC680C0-FollowerState] INFO  server.RaftServer$Division (RaftServerImpl.java:setRole(284)) - 1514860f-d988-4646-88fa-884730dadadc@group-BACD0EC680C0: changes role from  FOLLOWER to CANDIDATE at term 0 for changeToCandidate
2021-06-11 19:08:03,271 [1514860f-d988-4646-88fa-884730dadadc@group-BACD0EC680C0-FollowerState] INFO  server.RaftServerConfigKeys (ConfUtils.java:logGet(44)) - raft.server.leaderelection.pre-vote = false (custom)
2021-06-11 19:08:03,271 [1514860f-d988-4646-88fa-884730dadadc@group-BACD0EC680C0-FollowerState] INFO  impl.RoleInfo (RoleInfo.java:updateAndGet(130)) - 1514860f-d988-4646-88fa-884730dadadc: start 1514860f-d988-4646-88fa-884730dadadc@group-BACD0EC680C0-LeaderElection70
2021-06-11 19:08:03,289 [Datanode State Machine Thread - 0] INFO  statemachine.DatanodeStateMachine (DatanodeStateMachine.java:lambda$startDaemon$0(428)) - Ozone container server started.
2021-06-11 19:08:03,289 [f05d9154-dd24-4162-9fdc-352a7a5261e7@group-887DE3663513-FollowerState] INFO  impl.FollowerState (FollowerState.java:run(134)) - f05d9154-dd24-4162-9fdc-352a7a5261e7@group-887DE3663513-FollowerState: change to CANDIDATE, lastRpcElapsedTime:5027712846ns, electionTimeout:5017ms
2021-06-11 19:08:03,289 [f05d9154-dd24-4162-9fdc-352a7a5261e7@group-887DE3663513-FollowerState] INFO  impl.RoleInfo (RoleInfo.java:shutdownFollowerState(108)) - f05d9154-dd24-4162-9fdc-352a7a5261e7: shutdown f05d9154-dd24-4162-9fdc-352a7a5261e7@group-887DE3663513-FollowerState
2021-06-11 19:08:03,289 [f05d9154-dd24-4162-9fdc-352a7a5261e7@group-887DE3663513-FollowerState] INFO  server.RaftServer$Division (RaftServerImpl.java:setRole(284)) - f05d9154-dd24-4162-9fdc-352a7a5261e7@group-887DE3663513: changes role from  FOLLOWER to CANDIDATE at term 0 for changeToCandidate
2021-06-11 19:08:03,289 [f05d9154-dd24-4162-9fdc-352a7a5261e7@group-887DE3663513-FollowerState] INFO  server.RaftServerConfigKeys (ConfUtils.java:logGet(44)) - raft.server.leaderelection.pre-vote = false (custom)
2021-06-11 19:08:03,289 [f05d9154-dd24-4162-9fdc-352a7a5261e7@group-887DE3663513-FollowerState] INFO  impl.RoleInfo (RoleInfo.java:updateAndGet(130)) - f05d9154-dd24-4162-9fdc-352a7a5261e7: start f05d9154-dd24-4162-9fdc-352a7a5261e7@group-887DE3663513-LeaderElection71
2021-06-11 19:08:03,290 [1514860f-d988-4646-88fa-884730dadadc@group-BACD0EC680C0-LeaderElection70] INFO  impl.LeaderElection (LeaderElection.java:askForVotes(306)) - 1514860f-d988-4646-88fa-884730dadadc@group-BACD0EC680C0-LeaderElection70 ELECTION round 0: submit vote requests at term 1 for -1: [1514860f-d988-4646-88fa-884730dadadc|rpc:10.1.0.43:42983|priority:1], old=null
2021-06-11 19:08:03,290 [1514860f-d988-4646-88fa-884730dadadc@group-BACD0EC680C0-LeaderElection70] INFO  impl.LeaderElection (LeaderElection.java:askForVotes(308)) - 1514860f-d988-4646-88fa-884730dadadc@group-BACD0EC680C0-LeaderElection70 ELECTION round 0: result PASSED (term=1)
2021-06-11 19:08:03,290 [1514860f-d988-4646-88fa-884730dadadc@group-BACD0EC680C0-LeaderElection70] INFO  impl.RoleInfo (RoleInfo.java:shutdownLeaderElection(121)) - 1514860f-d988-4646-88fa-884730dadadc: shutdown 1514860f-d988-4646-88fa-884730dadadc@group-BACD0EC680C0-LeaderElection70
2021-06-11 19:08:03,290 [1514860f-d988-4646-88fa-884730dadadc@group-BACD0EC680C0-LeaderElection70] INFO  server.RaftServer$Division (RaftServerImpl.java:setRole(284)) - 1514860f-d988-4646-88fa-884730dadadc@group-BACD0EC680C0: changes role from CANDIDATE to LEADER at term 1 for changeToLeader
2021-06-11 19:08:03,290 [1514860f-d988-4646-88fa-884730dadadc@group-BACD0EC680C0-LeaderElection70] INFO  ratis.XceiverServerRatis (XceiverServerRatis.java:handleLeaderChangedNotification(906)) - Leader change notification received for group: group-BACD0EC680C0 with new leaderId: 1514860f-d988-4646-88fa-884730dadadc
2021-06-11 19:08:03,292 [1514860f-d988-4646-88fa-884730dadadc@group-BACD0EC680C0-LeaderElection70] INFO  server.RaftServer$Division (ServerState.java:setLeader(271)) - 1514860f-d988-4646-88fa-884730dadadc@group-BACD0EC680C0: change Leader from null to 1514860f-d988-4646-88fa-884730dadadc at term 1 for becomeLeader, leader elected after 5203ms
2021-06-11 19:08:03,292 [1514860f-d988-4646-88fa-884730dadadc@group-BACD0EC680C0-LeaderElection70] INFO  server.RaftServerConfigKeys (ConfUtils.java:logGet(44)) - raft.server.staging.catchup.gap = 1000 (default)
2021-06-11 19:08:03,292 [1514860f-d988-4646-88fa-884730dadadc@group-BACD0EC680C0-LeaderElection70] INFO  metrics.RatisMetrics (RatisMetrics.java:lambda$create$0(36)) - Creating Metrics Registry : ratis.log_appender.1514860f-d988-4646-88fa-884730dadadc@group-BACD0EC680C0
2021-06-11 19:08:03,292 [Datanode State Machine Thread - 0] INFO  statemachine.DatanodeStateMachine (DatanodeStateMachine.java:lambda$startDaemon$0(428)) - Ozone container server started.
2021-06-11 19:08:03,292 [1514860f-d988-4646-88fa-884730dadadc@group-BACD0EC680C0-LeaderElection70] INFO  server.RaftServerConfigKeys (ConfUtils.java:logGet(44)) - raft.server.write.element-limit = 1024 (custom)
2021-06-11 19:08:03,292 [1514860f-d988-4646-88fa-884730dadadc@group-BACD0EC680C0-LeaderElection70] INFO  server.RaftServerConfigKeys (ConfUtils.java:logGet(44)) - raft.server.write.byte-limit = 1073741824 (custom)
2021-06-11 19:08:03,293 [1514860f-d988-4646-88fa-884730dadadc@group-BACD0EC680C0-LeaderElection70] INFO  server.RaftServerConfigKeys (ConfUtils.java:logGet(44)) - raft.server.watch.timeout = 3000ms (custom)
2021-06-11 19:08:03,293 [1514860f-d988-4646-88fa-884730dadadc@group-BACD0EC680C0-LeaderElection70] INFO  server.RaftServerConfigKeys (ConfUtils.java:logGet(44)) - raft.server.watch.timeout.denomination = 1s (default)
2021-06-11 19:08:03,293 [1514860f-d988-4646-88fa-884730dadadc@group-BACD0EC680C0-LeaderElection70] INFO  server.RaftServerConfigKeys (ConfUtils.java:logGet(44)) - raft.server.watch.element-limit = 65536 (default)
2021-06-11 19:08:03,293 [1514860f-d988-4646-88fa-884730dadadc@group-BACD0EC680C0-LeaderElection70] INFO  impl.RoleInfo (RoleInfo.java:updateAndGet(130)) - 1514860f-d988-4646-88fa-884730dadadc: start 1514860f-d988-4646-88fa-884730dadadc@group-BACD0EC680C0-LeaderStateImpl
2021-06-11 19:08:03,293 [1514860f-d988-4646-88fa-884730dadadc@group-BACD0EC680C0-LeaderElection70] INFO  segmented.SegmentedRaftLogWorker (SegmentedRaftLogWorker.java:startLogSegment(394)) - 1514860f-d988-4646-88fa-884730dadadc@group-BACD0EC680C0-SegmentedRaftLogWorker: Starting segment from index:0
2021-06-11 19:08:03,295 [1514860f-d988-4646-88fa-884730dadadc@group-BACD0EC680C0-SegmentedRaftLogWorker] INFO  segmented.SegmentedRaftLogWorker (SegmentedRaftLogWorker.java:execute(601)) - 1514860f-d988-4646-88fa-884730dadadc@group-BACD0EC680C0-SegmentedRaftLogWorker: created new log segment /home/runner/work/ozone/ozone/mnt/ozone/hadoop-ozone/integration-test/target/test-dir/MiniOzoneClusterImpl-7f30813a-d1ba-41a1-975d-e59f1b24795c/datanode-0/data/ratis/4d6a1a96-517a-425c-929c-bacd0ec680c0/current/log_inprogress_0
2021-06-11 19:08:03,300 [1514860f-d988-4646-88fa-884730dadadc@group-BACD0EC680C0-LeaderElection70] INFO  server.RaftServer$Division (ServerState.java:setRaftConf(373)) - 1514860f-d988-4646-88fa-884730dadadc@group-BACD0EC680C0: set configuration 0: [1514860f-d988-4646-88fa-884730dadadc|rpc:10.1.0.43:42983|dataStream:|priority:1], old=null
2021-06-11 19:08:03,304 [f05d9154-dd24-4162-9fdc-352a7a5261e7@group-887DE3663513-LeaderElection71] INFO  impl.LeaderElection (LeaderElection.java:askForVotes(306)) - f05d9154-dd24-4162-9fdc-352a7a5261e7@group-887DE3663513-LeaderElection71 ELECTION round 0: submit vote requests at term 1 for -1: [1514860f-d988-4646-88fa-884730dadadc|rpc:10.1.0.43:42983|dataStream:|priority:0, f05d9154-dd24-4162-9fdc-352a7a5261e7|rpc:10.1.0.43:40337|dataStream:|priority:1, 41bce2b3-bc14-4594-98d7-18715bf094e4|rpc:10.1.0.43:36265|dataStream:|priority:0], old=null
2021-06-11 19:08:03,313 [grpc-default-executor-1] INFO  server.RaftServer$Division (RaftServerImpl.java:requestVote(1042)) - 1514860f-d988-4646-88fa-884730dadadc@group-887DE3663513: receive requestVote(ELECTION, f05d9154-dd24-4162-9fdc-352a7a5261e7, group-887DE3663513, 1, (t:0, i:0))
2021-06-11 19:08:03,313 [grpc-default-executor-1] INFO  impl.VoteContext (VoteContext.java:log(48)) - 1514860f-d988-4646-88fa-884730dadadc@group-887DE3663513-FOLLOWER: accept ELECTION from f05d9154-dd24-4162-9fdc-352a7a5261e7: our priority 0 <= candidate's priority 1
2021-06-11 19:08:03,313 [grpc-default-executor-1] INFO  server.RaftServer$Division (RaftServerImpl.java:setRole(284)) - 1514860f-d988-4646-88fa-884730dadadc@group-887DE3663513: changes role from  FOLLOWER to FOLLOWER at term 1 for candidate:f05d9154-dd24-4162-9fdc-352a7a5261e7
2021-06-11 19:08:03,313 [grpc-default-executor-1] INFO  impl.RoleInfo (RoleInfo.java:shutdownFollowerState(108)) - 1514860f-d988-4646-88fa-884730dadadc: shutdown 1514860f-d988-4646-88fa-884730dadadc@group-887DE3663513-FollowerState
2021-06-11 19:08:03,314 [grpc-default-executor-1] INFO  impl.RoleInfo (RoleInfo.java:updateAndGet(130)) - 1514860f-d988-4646-88fa-884730dadadc: start 1514860f-d988-4646-88fa-884730dadadc@group-887DE3663513-FollowerState
2021-06-11 19:08:03,316 [1514860f-d988-4646-88fa-884730dadadc@group-887DE3663513-FollowerState] INFO  impl.FollowerState (FollowerState.java:run(143)) - 1514860f-d988-4646-88fa-884730dadadc@group-887DE3663513-FollowerState was interrupted: {}
java.lang.InterruptedException: sleep interrupted
	at java.lang.Thread.sleep(Native Method)
	at java.lang.Thread.sleep(Thread.java:340)
	at java.util.concurrent.TimeUnit.sleep(TimeUnit.java:386)
	at org.apache.ratis.util.TimeDuration.sleep(TimeDuration.java:324)
	at org.apache.ratis.util.TimeDuration.sleep(TimeDuration.java:309)
	at org.apache.ratis.server.impl.FollowerState.run(FollowerState.java:118)
2021-06-11 19:08:03,323 [grpc-default-executor-1] INFO  server.RaftServer$Division (RaftServerImpl.java:requestVote(1074)) - 1514860f-d988-4646-88fa-884730dadadc@group-887DE3663513 replies to ELECTION vote request: f05d9154-dd24-4162-9fdc-352a7a5261e7<-1514860f-d988-4646-88fa-884730dadadc#0:OK-t1. Peer's state: 1514860f-d988-4646-88fa-884730dadadc@group-887DE3663513:t1, leader=null, voted=f05d9154-dd24-4162-9fdc-352a7a5261e7, raftlog=1514860f-d988-4646-88fa-884730dadadc@group-887DE3663513-SegmentedRaftLog:OPENED:c-1,f-1,i0, conf=-1: [1514860f-d988-4646-88fa-884730dadadc|rpc:10.1.0.43:42983|priority:0, f05d9154-dd24-4162-9fdc-352a7a5261e7|rpc:10.1.0.43:40337|priority:1, 41bce2b3-bc14-4594-98d7-18715bf094e4|rpc:10.1.0.43:36265|priority:0], old=null
2021-06-11 19:08:03,323 [grpc-default-executor-6] INFO  server.RaftServer$Division (RaftServerImpl.java:requestVote(1042)) - 41bce2b3-bc14-4594-98d7-18715bf094e4@group-887DE3663513: receive requestVote(ELECTION, f05d9154-dd24-4162-9fdc-352a7a5261e7, group-887DE3663513, 1, (t:0, i:0))
2021-06-11 19:08:03,323 [grpc-default-executor-6] INFO  impl.VoteContext (VoteContext.java:log(48)) - 41bce2b3-bc14-4594-98d7-18715bf094e4@group-887DE3663513-FOLLOWER: accept ELECTION from f05d9154-dd24-4162-9fdc-352a7a5261e7: our priority 0 <= candidate's priority 1
2021-06-11 19:08:03,323 [grpc-default-executor-6] INFO  server.RaftServer$Division (RaftServerImpl.java:setRole(284)) - 41bce2b3-bc14-4594-98d7-18715bf094e4@group-887DE3663513: changes role from  FOLLOWER to FOLLOWER at term 1 for candidate:f05d9154-dd24-4162-9fdc-352a7a5261e7
2021-06-11 19:08:03,323 [grpc-default-executor-6] INFO  impl.RoleInfo (RoleInfo.java:shutdownFollowerState(108)) - 41bce2b3-bc14-4594-98d7-18715bf094e4: shutdown 41bce2b3-bc14-4594-98d7-18715bf094e4@group-887DE3663513-FollowerState
2021-06-11 19:08:03,323 [grpc-default-executor-6] INFO  impl.RoleInfo (RoleInfo.java:updateAndGet(130)) - 41bce2b3-bc14-4594-98d7-18715bf094e4: start 41bce2b3-bc14-4594-98d7-18715bf094e4@group-887DE3663513-FollowerState
2021-06-11 19:08:03,323 [41bce2b3-bc14-4594-98d7-18715bf094e4@group-887DE3663513-FollowerState] INFO  impl.FollowerState (FollowerState.java:run(143)) - 41bce2b3-bc14-4594-98d7-18715bf094e4@group-887DE3663513-FollowerState was interrupted: {}
java.lang.InterruptedException: sleep interrupted
	at java.lang.Thread.sleep(Native Method)
	at java.lang.Thread.sleep(Thread.java:340)
	at java.util.concurrent.TimeUnit.sleep(TimeUnit.java:386)
	at org.apache.ratis.util.TimeDuration.sleep(TimeDuration.java:324)
	at org.apache.ratis.util.TimeDuration.sleep(TimeDuration.java:309)
	at org.apache.ratis.server.impl.FollowerState.run(FollowerState.java:118)
2021-06-11 19:08:03,330 [f05d9154-dd24-4162-9fdc-352a7a5261e7@group-887DE3663513-LeaderElection71] INFO  impl.LeaderElection (LeaderElection.java:logAndReturn(89)) - f05d9154-dd24-4162-9fdc-352a7a5261e7@group-887DE3663513-LeaderElection71: ELECTION PASSED received 1 response(s) and 0 exception(s):
2021-06-11 19:08:03,330 [f05d9154-dd24-4162-9fdc-352a7a5261e7@group-887DE3663513-LeaderElection71] INFO  impl.LeaderElection (LeaderElection.java:logAndReturn(93)) -   Response 0: f05d9154-dd24-4162-9fdc-352a7a5261e7<-1514860f-d988-4646-88fa-884730dadadc#0:OK-t1
2021-06-11 19:08:03,330 [f05d9154-dd24-4162-9fdc-352a7a5261e7@group-887DE3663513-LeaderElection71] INFO  impl.LeaderElection (LeaderElection.java:askForVotes(308)) - f05d9154-dd24-4162-9fdc-352a7a5261e7@group-887DE3663513-LeaderElection71 ELECTION round 0: result PASSED
2021-06-11 19:08:03,330 [f05d9154-dd24-4162-9fdc-352a7a5261e7@group-887DE3663513-LeaderElection71] INFO  impl.RoleInfo (RoleInfo.java:shutdownLeaderElection(121)) - f05d9154-dd24-4162-9fdc-352a7a5261e7: shutdown f05d9154-dd24-4162-9fdc-352a7a5261e7@group-887DE3663513-LeaderElection71
2021-06-11 19:08:03,330 [f05d9154-dd24-4162-9fdc-352a7a5261e7@group-887DE3663513-LeaderElection71] INFO  server.RaftServer$Division (RaftServerImpl.java:setRole(284)) - f05d9154-dd24-4162-9fdc-352a7a5261e7@group-887DE3663513: changes role from CANDIDATE to LEADER at term 1 for changeToLeader
2021-06-11 19:08:03,330 [f05d9154-dd24-4162-9fdc-352a7a5261e7@group-887DE3663513-LeaderElection71] INFO  ratis.XceiverServerRatis (XceiverServerRatis.java:handleLeaderChangedNotification(906)) - Leader change notification received for group: group-887DE3663513 with new leaderId: f05d9154-dd24-4162-9fdc-352a7a5261e7
2021-06-11 19:08:03,330 [f05d9154-dd24-4162-9fdc-352a7a5261e7@group-887DE3663513-LeaderElection71] INFO  server.RaftServer$Division (ServerState.java:setLeader(271)) - f05d9154-dd24-4162-9fdc-352a7a5261e7@group-887DE3663513: change Leader from null to f05d9154-dd24-4162-9fdc-352a7a5261e7 at term 1 for becomeLeader, leader elected after 5074ms
2021-06-11 19:08:03,330 [f05d9154-dd24-4162-9fdc-352a7a5261e7@group-887DE3663513-LeaderElection71] INFO  server.RaftServerConfigKeys (ConfUtils.java:logGet(44)) - raft.server.staging.catchup.gap = 1000 (default)
2021-06-11 19:08:03,330 [f05d9154-dd24-4162-9fdc-352a7a5261e7@group-887DE3663513-LeaderElection71] INFO  metrics.RatisMetrics (RatisMetrics.java:lambda$create$0(36)) - Creating Metrics Registry : ratis.log_appender.f05d9154-dd24-4162-9fdc-352a7a5261e7@group-887DE3663513
2021-06-11 19:08:03,330 [grpc-default-executor-6] INFO  server.RaftServer$Division (RaftServerImpl.java:requestVote(1074)) - 41bce2b3-bc14-4594-98d7-18715bf094e4@group-887DE3663513 replies to ELECTION vote request: f05d9154-dd24-4162-9fdc-352a7a5261e7<-41bce2b3-bc14-4594-98d7-18715bf094e4#0:OK-t1. Peer's state: 41bce2b3-bc14-4594-98d7-18715bf094e4@group-887DE3663513:t1, leader=null, voted=f05d9154-dd24-4162-9fdc-352a7a5261e7, raftlog=41bce2b3-bc14-4594-98d7-18715bf094e4@group-887DE3663513-SegmentedRaftLog:OPENED:c-1,f-1,i0, conf=-1: [1514860f-d988-4646-88fa-884730dadadc|rpc:10.1.0.43:42983|dataStream:|priority:0, f05d9154-dd24-4162-9fdc-352a7a5261e7|rpc:10.1.0.43:40337|dataStream:|priority:1, 41bce2b3-bc14-4594-98d7-18715bf094e4|rpc:10.1.0.43:36265|dataStream:|priority:0], old=null
2021-06-11 19:08:03,330 [f05d9154-dd24-4162-9fdc-352a7a5261e7@group-887DE3663513-LeaderElection71] INFO  server.RaftServerConfigKeys (ConfUtils.java:logGet(44)) - raft.server.write.element-limit = 1024 (custom)
2021-06-11 19:08:03,331 [f05d9154-dd24-4162-9fdc-352a7a5261e7@group-887DE3663513-LeaderElection71] INFO  server.RaftServerConfigKeys (ConfUtils.java:logGet(44)) - raft.server.write.byte-limit = 1073741824 (custom)
2021-06-11 19:08:03,331 [f05d9154-dd24-4162-9fdc-352a7a5261e7@group-887DE3663513-LeaderElection71] INFO  server.RaftServerConfigKeys (ConfUtils.java:logGet(44)) - raft.server.watch.timeout = 3000ms (custom)
2021-06-11 19:08:03,331 [f05d9154-dd24-4162-9fdc-352a7a5261e7@group-887DE3663513-LeaderElection71] INFO  server.RaftServerConfigKeys (ConfUtils.java:logGet(44)) - raft.server.watch.timeout.denomination = 1s (default)
2021-06-11 19:08:03,331 [f05d9154-dd24-4162-9fdc-352a7a5261e7@group-887DE3663513-LeaderElection71] INFO  server.RaftServerConfigKeys (ConfUtils.java:logGet(44)) - raft.server.watch.element-limit = 65536 (default)
2021-06-11 19:08:03,331 [EventQueue-PipelineReportForPipelineReportHandler] INFO  pipeline.PipelineManagerV2Impl (PipelineManagerV2Impl.java:openPipeline(270)) - Pipeline Pipeline[ Id: a334afcd-db77-4c25-a7f3-887de3663513, Nodes: 1514860f-d988-4646-88fa-884730dadadc{ip: 10.1.0.43, host: fv-az59-942.csjynl4pkq3e1pkirw3ssqjfoh.cx.internal.cloudapp.net, ports: [REPLICATION=38961, RATIS=42983, RATIS_ADMIN=42983, RATIS_SERVER=42983, STANDALONE=46383], networkLocation: /default-rack, certSerialId: null, persistedOpState: IN_SERVICE, persistedOpStateExpiryEpochSec: 0}f05d9154-dd24-4162-9fdc-352a7a5261e7{ip: 10.1.0.43, host: fv-az59-942.csjynl4pkq3e1pkirw3ssqjfoh.cx.internal.cloudapp.net, ports: [REPLICATION=46699, RATIS=40337, RATIS_ADMIN=40337, RATIS_SERVER=40337, STANDALONE=46265], networkLocation: /default-rack, certSerialId: null, persistedOpState: IN_SERVICE, persistedOpStateExpiryEpochSec: 0}41bce2b3-bc14-4594-98d7-18715bf094e4{ip: 10.1.0.43, host: fv-az59-942.csjynl4pkq3e1pkirw3ssqjfoh.cx.internal.cloudapp.net, ports: [REPLICATION=42269, RATIS=36265, RATIS_ADMIN=36265, RATIS_SERVER=36265, STANDALONE=38351], networkLocation: /default-rack, certSerialId: null, persistedOpState: IN_SERVICE, persistedOpStateExpiryEpochSec: 0}, ReplicationConfig: RATIS/THREE, State:ALLOCATED, leaderId:f05d9154-dd24-4162-9fdc-352a7a5261e7, CreationTimestamp2021-06-11T19:07:56.989Z] moved to OPEN state
2021-06-11 19:08:03,331 [f05d9154-dd24-4162-9fdc-352a7a5261e7@group-887DE3663513-LeaderElection71] INFO  server.RaftServerConfigKeys (ConfUtils.java:logGet(44)) - raft.server.log.appender.snapshot.chunk.size.max = 16MB (=16777216) (default)
2021-06-11 19:08:03,331 [f05d9154-dd24-4162-9fdc-352a7a5261e7@group-887DE3663513-LeaderElection71] INFO  server.RaftServerConfigKeys (ConfUtils.java:logGet(44)) - raft.server.log.appender.buffer.byte-limit = 33554432 (custom)
2021-06-11 19:08:03,331 [f05d9154-dd24-4162-9fdc-352a7a5261e7@group-887DE3663513-LeaderElection71] INFO  server.RaftServerConfigKeys (ConfUtils.java:logGet(44)) - raft.server.log.appender.buffer.element-limit = 1 (custom)
2021-06-11 19:08:03,331 [f05d9154-dd24-4162-9fdc-352a7a5261e7@group-887DE3663513-LeaderElection71] INFO  grpc.GrpcConfigKeys (ConfUtils.java:logGet(44)) - raft.grpc.server.leader.outstanding.appends.max = 128 (default)
2021-06-11 19:08:03,331 [f05d9154-dd24-4162-9fdc-352a7a5261e7@group-887DE3663513-LeaderElection71] INFO  server.RaftServerConfigKeys (ConfUtils.java:logGet(44)) - raft.server.rpc.request.timeout = 3000ms (default)
2021-06-11 19:08:03,332 [f05d9154-dd24-4162-9fdc-352a7a5261e7@group-887DE3663513-LeaderElection71] INFO  server.RaftServerConfigKeys (ConfUtils.java:logGet(44)) - raft.server.log.appender.install.snapshot.enabled = false (custom)
2021-06-11 19:08:03,332 [f05d9154-dd24-4162-9fdc-352a7a5261e7@group-887DE3663513-LeaderElection71] INFO  metrics.RatisMetrics (RatisMetrics.java:lambda$create$0(36)) - Creating Metrics Registry : ratis_grpc.log_appender.f05d9154-dd24-4162-9fdc-352a7a5261e7@group-887DE3663513
2021-06-11 19:08:03,333 [f05d9154-dd24-4162-9fdc-352a7a5261e7@group-887DE3663513-LeaderElection71] INFO  server.RaftServerConfigKeys (ConfUtils.java:logGet(44)) - raft.server.log.appender.snapshot.chunk.size.max = 16MB (=16777216) (default)
2021-06-11 19:08:03,333 [f05d9154-dd24-4162-9fdc-352a7a5261e7@group-887DE3663513-LeaderElection71] INFO  server.RaftServerConfigKeys (ConfUtils.java:logGet(44)) - raft.server.log.appender.buffer.byte-limit = 33554432 (custom)
2021-06-11 19:08:03,333 [f05d9154-dd24-4162-9fdc-352a7a5261e7@group-887DE3663513-LeaderElection71] INFO  server.RaftServerConfigKeys (ConfUtils.java:logGet(44)) - raft.server.log.appender.buffer.element-limit = 1 (custom)
2021-06-11 19:08:03,333 [f05d9154-dd24-4162-9fdc-352a7a5261e7@group-887DE3663513-LeaderElection71] INFO  grpc.GrpcConfigKeys (ConfUtils.java:logGet(44)) - raft.grpc.server.leader.outstanding.appends.max = 128 (default)
2021-06-11 19:08:03,333 [f05d9154-dd24-4162-9fdc-352a7a5261e7@group-887DE3663513-LeaderElection71] INFO  server.RaftServerConfigKeys (ConfUtils.java:logGet(44)) - raft.server.rpc.request.timeout = 3000ms (default)
2021-06-11 19:08:03,333 [f05d9154-dd24-4162-9fdc-352a7a5261e7@group-887DE3663513-LeaderElection71] INFO  server.RaftServerConfigKeys (ConfUtils.java:logGet(44)) - raft.server.log.appender.install.snapshot.enabled = false (custom)
2021-06-11 19:08:03,334 [f05d9154-dd24-4162-9fdc-352a7a5261e7@group-887DE3663513-LeaderElection71] INFO  impl.RoleInfo (RoleInfo.java:updateAndGet(130)) - f05d9154-dd24-4162-9fdc-352a7a5261e7: start f05d9154-dd24-4162-9fdc-352a7a5261e7@group-887DE3663513-LeaderStateImpl
2021-06-11 19:08:03,334 [f05d9154-dd24-4162-9fdc-352a7a5261e7@group-887DE3663513-LeaderElection71] INFO  segmented.SegmentedRaftLogWorker (SegmentedRaftLogWorker.java:startLogSegment(394)) - f05d9154-dd24-4162-9fdc-352a7a5261e7@group-887DE3663513-SegmentedRaftLogWorker: Starting segment from index:0
2021-06-11 19:08:03,335 [f05d9154-dd24-4162-9fdc-352a7a5261e7@group-887DE3663513-SegmentedRaftLogWorker] INFO  segmented.SegmentedRaftLogWorker (SegmentedRaftLogWorker.java:execute(601)) - f05d9154-dd24-4162-9fdc-352a7a5261e7@group-887DE3663513-SegmentedRaftLogWorker: created new log segment /home/runner/work/ozone/ozone/mnt/ozone/hadoop-ozone/integration-test/target/test-dir/MiniOzoneClusterImpl-7f30813a-d1ba-41a1-975d-e59f1b24795c/datanode-6/data/ratis/a334afcd-db77-4c25-a7f3-887de3663513/current/log_inprogress_0
2021-06-11 19:08:03,353 [grpc-default-executor-1] INFO  ratis.XceiverServerRatis (XceiverServerRatis.java:handleLeaderChangedNotification(906)) - Leader change notification received for group: group-887DE3663513 with new leaderId: f05d9154-dd24-4162-9fdc-352a7a5261e7
2021-06-11 19:08:03,353 [grpc-default-executor-1] INFO  server.RaftServer$Division (ServerState.java:setLeader(271)) - 1514860f-d988-4646-88fa-884730dadadc@group-887DE3663513: change Leader from null to f05d9154-dd24-4162-9fdc-352a7a5261e7 at term 1 for appendEntries, leader elected after 5127ms
2021-06-11 19:08:03,372 [f05d9154-dd24-4162-9fdc-352a7a5261e7@group-887DE3663513-LeaderElection71] INFO  server.RaftServer$Division (ServerState.java:setRaftConf(373)) - f05d9154-dd24-4162-9fdc-352a7a5261e7@group-887DE3663513: set configuration 0: [1514860f-d988-4646-88fa-884730dadadc|rpc:10.1.0.43:42983|dataStream:|priority:0, f05d9154-dd24-4162-9fdc-352a7a5261e7|rpc:10.1.0.43:40337|dataStream:|priority:1, 41bce2b3-bc14-4594-98d7-18715bf094e4|rpc:10.1.0.43:36265|dataStream:|priority:0], old=null
2021-06-11 19:08:03,374 [grpc-default-executor-4] INFO  ratis.XceiverServerRatis (XceiverServerRatis.java:handleLeaderChangedNotification(906)) - Leader change notification received for group: group-887DE3663513 with new leaderId: f05d9154-dd24-4162-9fdc-352a7a5261e7
2021-06-11 19:08:03,374 [grpc-default-executor-4] INFO  server.RaftServer$Division (ServerState.java:setLeader(271)) - 41bce2b3-bc14-4594-98d7-18715bf094e4@group-887DE3663513: change Leader from null to f05d9154-dd24-4162-9fdc-352a7a5261e7 at term 1 for appendEntries, leader elected after 5090ms
2021-06-11 19:08:03,405 [grpc-default-executor-4] INFO  server.RaftServer$Division (ServerState.java:setRaftConf(373)) - 41bce2b3-bc14-4594-98d7-18715bf094e4@group-887DE3663513: set configuration 0: [1514860f-d988-4646-88fa-884730dadadc|rpc:10.1.0.43:42983|dataStream:|priority:0, f05d9154-dd24-4162-9fdc-352a7a5261e7|rpc:10.1.0.43:40337|dataStream:|priority:1, 41bce2b3-bc14-4594-98d7-18715bf094e4|rpc:10.1.0.43:36265|dataStream:|priority:0], old=null
2021-06-11 19:08:03,405 [grpc-default-executor-4] INFO  segmented.SegmentedRaftLogWorker (SegmentedRaftLogWorker.java:startLogSegment(394)) - 41bce2b3-bc14-4594-98d7-18715bf094e4@group-887DE3663513-SegmentedRaftLogWorker: Starting segment from index:0
2021-06-11 19:08:03,405 [grpc-default-executor-1] INFO  server.RaftServer$Division (ServerState.java:setRaftConf(373)) - 1514860f-d988-4646-88fa-884730dadadc@group-887DE3663513: set configuration 0: [1514860f-d988-4646-88fa-884730dadadc|rpc:10.1.0.43:42983|dataStream:|priority:0, f05d9154-dd24-4162-9fdc-352a7a5261e7|rpc:10.1.0.43:40337|dataStream:|priority:1, 41bce2b3-bc14-4594-98d7-18715bf094e4|rpc:10.1.0.43:36265|dataStream:|priority:0], old=null
2021-06-11 19:08:03,406 [grpc-default-executor-1] INFO  segmented.SegmentedRaftLogWorker (SegmentedRaftLogWorker.java:startLogSegment(394)) - 1514860f-d988-4646-88fa-884730dadadc@group-887DE3663513-SegmentedRaftLogWorker: Starting segment from index:0
2021-06-11 19:08:03,407 [41bce2b3-bc14-4594-98d7-18715bf094e4@group-887DE3663513-SegmentedRaftLogWorker] INFO  segmented.SegmentedRaftLogWorker (SegmentedRaftLogWorker.java:execute(601)) - 41bce2b3-bc14-4594-98d7-18715bf094e4@group-887DE3663513-SegmentedRaftLogWorker: created new log segment /home/runner/work/ozone/ozone/mnt/ozone/hadoop-ozone/integration-test/target/test-dir/MiniOzoneClusterImpl-7f30813a-d1ba-41a1-975d-e59f1b24795c/datanode-2/data/ratis/a334afcd-db77-4c25-a7f3-887de3663513/current/log_inprogress_0
2021-06-11 19:08:03,421 [1514860f-d988-4646-88fa-884730dadadc@group-887DE3663513-SegmentedRaftLogWorker] INFO  segmented.SegmentedRaftLogWorker (SegmentedRaftLogWorker.java:execute(601)) - 1514860f-d988-4646-88fa-884730dadadc@group-887DE3663513-SegmentedRaftLogWorker: created new log segment /home/runner/work/ozone/ozone/mnt/ozone/hadoop-ozone/integration-test/target/test-dir/MiniOzoneClusterImpl-7f30813a-d1ba-41a1-975d-e59f1b24795c/datanode-0/data/ratis/a334afcd-db77-4c25-a7f3-887de3663513/current/log_inprogress_0
2021-06-11 19:08:04,982 [grpc-default-executor-6] WARN  server.GrpcLogAppender (LogUtils.java:warn(122)) - 133b101f-dcee-4efd-9163-9b3704aaa3ee@group-6F62B5CC8E81->bf85b346-d6dc-4caf-ae79-65e1db1e806c-AppendLogResponseHandler: Failed appendEntries: org.apache.ratis.thirdparty.io.grpc.StatusRuntimeException: UNAVAILABLE: io exception
2021-06-11 19:08:04,982 [grpc-default-executor-6] WARN  server.GrpcLogAppender (GrpcLogAppender.java:resetClient(111)) - 133b101f-dcee-4efd-9163-9b3704aaa3ee@group-6F62B5CC8E81->bf85b346-d6dc-4caf-ae79-65e1db1e806c-GrpcLogAppender: Leader has not got in touch with Follower 133b101f-dcee-4efd-9163-9b3704aaa3ee@group-6F62B5CC8E81->bf85b346-d6dc-4caf-ae79-65e1db1e806c(c0,m0,n1, attendVote=true, lastRpcSendTime=0, lastRpcResponseTime=2501) yet, just keep nextIndex unchanged and retry.
2021-06-11 19:08:05,253 [grpc-default-executor-1] WARN  server.GrpcLogAppender (LogUtils.java:warn(122)) - 0e0429f1-9636-4fc9-8820-e0f7c83710f3@group-2AEC26317323->bf85b346-d6dc-4caf-ae79-65e1db1e806c-AppendLogResponseHandler: Failed appendEntries: org.apache.ratis.thirdparty.io.grpc.StatusRuntimeException: UNAVAILABLE: io exception
2021-06-11 19:08:05,254 [grpc-default-executor-1] WARN  server.GrpcLogAppender (GrpcLogAppender.java:resetClient(111)) - 0e0429f1-9636-4fc9-8820-e0f7c83710f3@group-2AEC26317323->bf85b346-d6dc-4caf-ae79-65e1db1e806c-GrpcLogAppender: Leader has not got in touch with Follower 0e0429f1-9636-4fc9-8820-e0f7c83710f3@group-2AEC26317323->bf85b346-d6dc-4caf-ae79-65e1db1e806c(c0,m0,n1, attendVote=true, lastRpcSendTime=0, lastRpcResponseTime=2501) yet, just keep nextIndex unchanged and retry.
2021-06-11 19:08:07,483 [grpc-default-executor-1] WARN  server.GrpcLogAppender (LogUtils.java:warn(122)) - 133b101f-dcee-4efd-9163-9b3704aaa3ee@group-6F62B5CC8E81->bf85b346-d6dc-4caf-ae79-65e1db1e806c-AppendLogResponseHandler: Failed appendEntries: org.apache.ratis.thirdparty.io.grpc.StatusRuntimeException: UNAVAILABLE: io exception
2021-06-11 19:08:07,483 [grpc-default-executor-1] WARN  server.GrpcLogAppender (GrpcLogAppender.java:resetClient(111)) - 133b101f-dcee-4efd-9163-9b3704aaa3ee@group-6F62B5CC8E81->bf85b346-d6dc-4caf-ae79-65e1db1e806c-GrpcLogAppender: Leader has not got in touch with Follower 133b101f-dcee-4efd-9163-9b3704aaa3ee@group-6F62B5CC8E81->bf85b346-d6dc-4caf-ae79-65e1db1e806c(c0,m0,n1, attendVote=true, lastRpcSendTime=1, lastRpcResponseTime=5002) yet, just keep nextIndex unchanged and retry.
2021-06-11 19:08:07,755 [grpc-default-executor-1] WARN  server.GrpcLogAppender (LogUtils.java:warn(122)) - 0e0429f1-9636-4fc9-8820-e0f7c83710f3@group-2AEC26317323->bf85b346-d6dc-4caf-ae79-65e1db1e806c-AppendLogResponseHandler: Failed appendEntries: org.apache.ratis.thirdparty.io.grpc.StatusRuntimeException: UNAVAILABLE: io exception
2021-06-11 19:08:07,755 [grpc-default-executor-1] WARN  server.GrpcLogAppender (GrpcLogAppender.java:resetClient(111)) - 0e0429f1-9636-4fc9-8820-e0f7c83710f3@group-2AEC26317323->bf85b346-d6dc-4caf-ae79-65e1db1e806c-GrpcLogAppender: Leader has not got in touch with Follower 0e0429f1-9636-4fc9-8820-e0f7c83710f3@group-2AEC26317323->bf85b346-d6dc-4caf-ae79-65e1db1e806c(c0,m0,n1, attendVote=true, lastRpcSendTime=0, lastRpcResponseTime=5003) yet, just keep nextIndex unchanged and retry.
2021-06-11 19:08:08,221 [EventQueue-StaleNodeForStaleNodeHandler] INFO  node.StaleNodeHandler (StaleNodeHandler.java:onMessage(58)) - Datanode f0d18f37-c034-4e65-b036-926f7b7a2e40{ip: 10.1.0.43, host: fv-az59-942.csjynl4pkq3e1pkirw3ssqjfoh.cx.internal.cloudapp.net, ports: [REPLICATION=46009, RATIS=45755, RATIS_ADMIN=45755, RATIS_SERVER=45755, STANDALONE=39637], networkLocation: /default-rack, certSerialId: null, persistedOpState: IN_SERVICE, persistedOpStateExpiryEpochSec: 0} moved to stale state. Finalizing its pipelines [PipelineID=4ae1362b-feaf-4634-adb0-0dd81035e5c7, PipelineID=95b34053-dbda-421a-9298-36bdc7d3f91b]
2021-06-11 19:08:08,222 [EventQueue-StaleNodeForStaleNodeHandler] INFO  pipeline.PipelineManagerV2Impl (PipelineManagerV2Impl.java:closePipeline(330)) - Pipeline Pipeline[ Id: 4ae1362b-feaf-4634-adb0-0dd81035e5c7, Nodes: f0d18f37-c034-4e65-b036-926f7b7a2e40{ip: 10.1.0.43, host: fv-az59-942.csjynl4pkq3e1pkirw3ssqjfoh.cx.internal.cloudapp.net, ports: [REPLICATION=46009, RATIS=45755, RATIS_ADMIN=45755, RATIS_SERVER=45755, STANDALONE=39637], networkLocation: /default-rack, certSerialId: null, persistedOpState: IN_SERVICE, persistedOpStateExpiryEpochSec: 0}, ReplicationConfig: RATIS/ONE, State:OPEN, leaderId:f0d18f37-c034-4e65-b036-926f7b7a2e40, CreationTimestamp2021-06-11T19:07:06.480Z] moved to CLOSED state
2021-06-11 19:08:08,222 [EventQueue-StaleNodeForStaleNodeHandler] INFO  pipeline.PipelineManagerV2Impl (PipelineManagerV2Impl.java:closePipeline(330)) - Pipeline Pipeline[ Id: 95b34053-dbda-421a-9298-36bdc7d3f91b, Nodes: f0d18f37-c034-4e65-b036-926f7b7a2e40{ip: 10.1.0.43, host: fv-az59-942.csjynl4pkq3e1pkirw3ssqjfoh.cx.internal.cloudapp.net, ports: [REPLICATION=46009, RATIS=45755, RATIS_ADMIN=45755, RATIS_SERVER=45755, STANDALONE=39637], networkLocation: /default-rack, certSerialId: null, persistedOpState: IN_SERVICE, persistedOpStateExpiryEpochSec: 0}1514860f-d988-4646-88fa-884730dadadc{ip: 10.1.0.43, host: fv-az59-942.csjynl4pkq3e1pkirw3ssqjfoh.cx.internal.cloudapp.net, ports: [REPLICATION=38961, RATIS=42983, RATIS_ADMIN=42983, RATIS_SERVER=42983, STANDALONE=46383], networkLocation: /default-rack, certSerialId: null, persistedOpState: IN_SERVICE, persistedOpStateExpiryEpochSec: 0}f05d9154-dd24-4162-9fdc-352a7a5261e7{ip: 10.1.0.43, host: fv-az59-942.csjynl4pkq3e1pkirw3ssqjfoh.cx.internal.cloudapp.net, ports: [REPLICATION=46699, RATIS=40337, RATIS_ADMIN=40337, RATIS_SERVER=40337, STANDALONE=46265], networkLocation: /default-rack, certSerialId: null, persistedOpState: IN_SERVICE, persistedOpStateExpiryEpochSec: 0}, ReplicationConfig: RATIS/THREE, State:ALLOCATED, leaderId:, CreationTimestamp2021-06-11T19:07:56.988Z] moved to CLOSED state
2021-06-11 19:08:08,222 [EventQueue-StaleNodeForStaleNodeHandler] INFO  node.StaleNodeHandler (StaleNodeHandler.java:onMessage(58)) - Datanode bf85b346-d6dc-4caf-ae79-65e1db1e806c{ip: 10.1.0.43, host: fv-az59-942.csjynl4pkq3e1pkirw3ssqjfoh.cx.internal.cloudapp.net, ports: [REPLICATION=34009, RATIS=43393, RATIS_ADMIN=43393, RATIS_SERVER=43393, STANDALONE=45299], networkLocation: /default-rack, certSerialId: null, persistedOpState: IN_SERVICE, persistedOpStateExpiryEpochSec: 0} moved to stale state. Finalizing its pipelines [PipelineID=77e7b361-485a-407e-922f-6f62b5cc8e81, PipelineID=4436ad27-774d-4150-9d97-2aec26317323, PipelineID=8e4c0ab6-27ea-42c5-8b38-4d8d835771a9]
2021-06-11 19:08:08,222 [EventQueue-StaleNodeForStaleNodeHandler] INFO  pipeline.PipelineManagerV2Impl (PipelineManagerV2Impl.java:closePipeline(330)) - Pipeline Pipeline[ Id: 77e7b361-485a-407e-922f-6f62b5cc8e81, Nodes: 133b101f-dcee-4efd-9163-9b3704aaa3ee{ip: 10.1.0.43, host: fv-az59-942.csjynl4pkq3e1pkirw3ssqjfoh.cx.internal.cloudapp.net, ports: [REPLICATION=45715, RATIS=37475, RATIS_ADMIN=37475, RATIS_SERVER=37475, STANDALONE=33113], networkLocation: /default-rack, certSerialId: null, persistedOpState: IN_SERVICE, persistedOpStateExpiryEpochSec: 0}bf85b346-d6dc-4caf-ae79-65e1db1e806c{ip: 10.1.0.43, host: fv-az59-942.csjynl4pkq3e1pkirw3ssqjfoh.cx.internal.cloudapp.net, ports: [REPLICATION=34009, RATIS=43393, RATIS_ADMIN=43393, RATIS_SERVER=43393, STANDALONE=45299], networkLocation: /default-rack, certSerialId: null, persistedOpState: IN_SERVICE, persistedOpStateExpiryEpochSec: 0}0e0429f1-9636-4fc9-8820-e0f7c83710f3{ip: 10.1.0.43, host: fv-az59-942.csjynl4pkq3e1pkirw3ssqjfoh.cx.internal.cloudapp.net, ports: [REPLICATION=37481, RATIS=33285, RATIS_ADMIN=33285, RATIS_SERVER=33285, STANDALONE=42653], networkLocation: /default-rack, certSerialId: null, persistedOpState: IN_SERVICE, persistedOpStateExpiryEpochSec: 0}, ReplicationConfig: RATIS/THREE, State:OPEN, leaderId:133b101f-dcee-4efd-9163-9b3704aaa3ee, CreationTimestamp2021-06-11T19:07:06.895Z] moved to CLOSED state
2021-06-11 19:08:08,222 [ForkJoinPool.commonPool-worker-1] INFO  ozoneimpl.OzoneContainer (OzoneContainer.java:stop(316)) - Attempting to stop container services.
2021-06-11 19:08:08,223 [ForkJoinPool.commonPool-worker-1] INFO  server.RaftServer (RaftServerProxy.java:lambda$close$6(391)) - 41bce2b3-bc14-4594-98d7-18715bf094e4: close
2021-06-11 19:08:08,223 [ForkJoinPool.commonPool-worker-1] INFO  server.RaftServer$Division (RaftServerImpl.java:lambda$close$4(406)) - 41bce2b3-bc14-4594-98d7-18715bf094e4@group-887DE3663513: shutdown
2021-06-11 19:08:08,223 [ForkJoinPool.commonPool-worker-1] INFO  util.JmxRegister (JmxRegister.java:unregister(73)) - Successfully un-registered JMX Bean with object name Ratis:service=RaftServer,group=group-887DE3663513,id=41bce2b3-bc14-4594-98d7-18715bf094e4
2021-06-11 19:08:08,223 [ForkJoinPool.commonPool-worker-1] INFO  impl.RoleInfo (RoleInfo.java:shutdownFollowerState(108)) - 41bce2b3-bc14-4594-98d7-18715bf094e4: shutdown 41bce2b3-bc14-4594-98d7-18715bf094e4@group-887DE3663513-FollowerState
2021-06-11 19:08:08,223 [ForkJoinPool.commonPool-worker-1] INFO  impl.StateMachineUpdater (StateMachineUpdater.java:stopAndJoin(149)) - 41bce2b3-bc14-4594-98d7-18715bf094e4@group-887DE3663513-StateMachineUpdater: set stopIndex = 0
2021-06-11 19:08:08,224 [41bce2b3-bc14-4594-98d7-18715bf094e4@group-887DE3663513-StateMachineUpdater] INFO  ratis.ContainerStateMachine (ContainerStateMachine.java:takeSnapshot(292)) - group-887DE3663513: Taking a snapshot at:(t:1, i:0) file /home/runner/work/ozone/ozone/mnt/ozone/hadoop-ozone/integration-test/target/test-dir/MiniOzoneClusterImpl-7f30813a-d1ba-41a1-975d-e59f1b24795c/datanode-2/data/ratis/a334afcd-db77-4c25-a7f3-887de3663513/sm/snapshot.1_0
2021-06-11 19:08:08,224 [41bce2b3-bc14-4594-98d7-18715bf094e4@group-887DE3663513-FollowerState] INFO  impl.FollowerState (FollowerState.java:run(143)) - 41bce2b3-bc14-4594-98d7-18715bf094e4@group-887DE3663513-FollowerState was interrupted: {}
java.lang.InterruptedException: sleep interrupted
	at java.lang.Thread.sleep(Native Method)
	at java.lang.Thread.sleep(Thread.java:340)
	at java.util.concurrent.TimeUnit.sleep(TimeUnit.java:386)
	at org.apache.ratis.util.TimeDuration.sleep(TimeDuration.java:324)
	at org.apache.ratis.util.TimeDuration.sleep(TimeDuration.java:309)
	at org.apache.ratis.server.impl.FollowerState.run(FollowerState.java:118)
2021-06-11 19:08:08,224 [41bce2b3-bc14-4594-98d7-18715bf094e4@group-887DE3663513-StateMachineUpdater] INFO  ratis.ContainerStateMachine (ContainerStateMachine.java:takeSnapshot(303)) - group-887DE3663513: Finished taking a snapshot at:(t:1, i:0) file:/home/runner/work/ozone/ozone/mnt/ozone/hadoop-ozone/integration-test/target/test-dir/MiniOzoneClusterImpl-7f30813a-d1ba-41a1-975d-e59f1b24795c/datanode-2/data/ratis/a334afcd-db77-4c25-a7f3-887de3663513/sm/snapshot.1_0 took: 0 ms
2021-06-11 19:08:08,222 [EventQueue-StaleNodeForStaleNodeHandler] INFO  pipeline.PipelineManagerV2Impl (PipelineManagerV2Impl.java:closePipeline(330)) - Pipeline Pipeline[ Id: 4436ad27-774d-4150-9d97-2aec26317323, Nodes: 133b101f-dcee-4efd-9163-9b3704aaa3ee{ip: 10.1.0.43, host: fv-az59-942.csjynl4pkq3e1pkirw3ssqjfoh.cx.internal.cloudapp.net, ports: [REPLICATION=45715, RATIS=37475, RATIS_ADMIN=37475, RATIS_SERVER=37475, STANDALONE=33113], networkLocation: /default-rack, certSerialId: null, persistedOpState: IN_SERVICE, persistedOpStateExpiryEpochSec: 0}bf85b346-d6dc-4caf-ae79-65e1db1e806c{ip: 10.1.0.43, host: fv-az59-942.csjynl4pkq3e1pkirw3ssqjfoh.cx.internal.cloudapp.net, ports: [REPLICATION=34009, RATIS=43393, RATIS_ADMIN=43393, RATIS_SERVER=43393, STANDALONE=45299], networkLocation: /default-rack, certSerialId: null, persistedOpState: IN_SERVICE, persistedOpStateExpiryEpochSec: 0}0e0429f1-9636-4fc9-8820-e0f7c83710f3{ip: 10.1.0.43, host: fv-az59-942.csjynl4pkq3e1pkirw3ssqjfoh.cx.internal.cloudapp.net, ports: [REPLICATION=37481, RATIS=33285, RATIS_ADMIN=33285, RATIS_SERVER=33285, STANDALONE=42653], networkLocation: /default-rack, certSerialId: null, persistedOpState: IN_SERVICE, persistedOpStateExpiryEpochSec: 0}, ReplicationConfig: RATIS/THREE, State:OPEN, leaderId:0e0429f1-9636-4fc9-8820-e0f7c83710f3, CreationTimestamp2021-06-11T19:07:06.897Z] moved to CLOSED state
2021-06-11 19:08:08,224 [41bce2b3-bc14-4594-98d7-18715bf094e4@group-887DE3663513-StateMachineUpdater] INFO  impl.StateMachineUpdater (StateMachineUpdater.java:takeSnapshot(281)) - 41bce2b3-bc14-4594-98d7-18715bf094e4@group-887DE3663513-StateMachineUpdater: Took a snapshot at index 0
2021-06-11 19:08:08,225 [41bce2b3-bc14-4594-98d7-18715bf094e4@group-887DE3663513-StateMachineUpdater] INFO  impl.StateMachineUpdater (StateMachineUpdater.java:lambda$new$0(89)) - 41bce2b3-bc14-4594-98d7-18715bf094e4@group-887DE3663513-StateMachineUpdater: snapshotIndex: updateIncreasingly -1 -> 0
2021-06-11 19:08:08,225 [41bce2b3-bc14-4594-98d7-18715bf094e4@group-887DE3663513-StateMachineUpdater] INFO  metrics.RatisMetrics (RatisMetrics.java:unregister(43)) - Unregistering Metrics Registry : ratis.state_machine.41bce2b3-bc14-4594-98d7-18715bf094e4@group-887DE3663513
2021-06-11 19:08:08,225 [EventQueue-StaleNodeForStaleNodeHandler] INFO  pipeline.PipelineManagerV2Impl (PipelineManagerV2Impl.java:closePipeline(330)) - Pipeline Pipeline[ Id: 8e4c0ab6-27ea-42c5-8b38-4d8d835771a9, Nodes: bf85b346-d6dc-4caf-ae79-65e1db1e806c{ip: 10.1.0.43, host: fv-az59-942.csjynl4pkq3e1pkirw3ssqjfoh.cx.internal.cloudapp.net, ports: [REPLICATION=34009, RATIS=43393, RATIS_ADMIN=43393, RATIS_SERVER=43393, STANDALONE=45299], networkLocation: /default-rack, certSerialId: null, persistedOpState: IN_SERVICE, persistedOpStateExpiryEpochSec: 0}, ReplicationConfig: RATIS/ONE, State:OPEN, leaderId:bf85b346-d6dc-4caf-ae79-65e1db1e806c, CreationTimestamp2021-06-11T19:07:06.803Z] moved to CLOSED state
2021-06-11 19:08:08,225 [ForkJoinPool.commonPool-worker-1] INFO  server.RaftServer$Division (ServerState.java:close(405)) - 41bce2b3-bc14-4594-98d7-18715bf094e4@group-887DE3663513: closes. applyIndex: 0
2021-06-11 19:08:08,225 [41bce2b3-bc14-4594-98d7-18715bf094e4@group-887DE3663513-SegmentedRaftLogWorker] INFO  segmented.SegmentedRaftLogWorker (SegmentedRaftLogWorker.java:run(327)) - 41bce2b3-bc14-4594-98d7-18715bf094e4@group-887DE3663513-SegmentedRaftLogWorker was interrupted, exiting. There are 0 tasks remaining in the queue.
2021-06-11 19:08:08,228 [ForkJoinPool.commonPool-worker-1] INFO  segmented.SegmentedRaftLogWorker (SegmentedRaftLogWorker.java:close(237)) - 41bce2b3-bc14-4594-98d7-18715bf094e4@group-887DE3663513-SegmentedRaftLogWorker close()
2021-06-11 19:08:08,231 [ForkJoinPool.commonPool-worker-1] INFO  metrics.RatisMetrics (RatisMetrics.java:unregister(43)) - Unregistering Metrics Registry : ratis.log_worker.41bce2b3-bc14-4594-98d7-18715bf094e4@group-887DE3663513
2021-06-11 19:08:08,231 [ForkJoinPool.commonPool-worker-1] INFO  metrics.RatisMetrics (RatisMetrics.java:unregister(43)) - Unregistering Metrics Registry : ratis.leader_election.41bce2b3-bc14-4594-98d7-18715bf094e4@group-887DE3663513
2021-06-11 19:08:08,231 [ForkJoinPool.commonPool-worker-1] INFO  metrics.RatisMetrics (RatisMetrics.java:unregister(43)) - Unregistering Metrics Registry : ratis.server.41bce2b3-bc14-4594-98d7-18715bf094e4@group-887DE3663513
2021-06-11 19:08:08,231 [ForkJoinPool.commonPool-worker-1] INFO  server.RaftServer$Division (RaftServerImpl.java:lambda$close$4(406)) - 41bce2b3-bc14-4594-98d7-18715bf094e4@group-69A6B301964F: shutdown
2021-06-11 19:08:08,231 [ForkJoinPool.commonPool-worker-1] INFO  util.JmxRegister (JmxRegister.java:unregister(73)) - Successfully un-registered JMX Bean with object name Ratis:service=RaftServer,group=group-69A6B301964F,id=41bce2b3-bc14-4594-98d7-18715bf094e4
2021-06-11 19:08:08,232 [ForkJoinPool.commonPool-worker-1] INFO  impl.RoleInfo (RoleInfo.java:shutdownLeaderState(91)) - 41bce2b3-bc14-4594-98d7-18715bf094e4: shutdown 41bce2b3-bc14-4594-98d7-18715bf094e4@group-69A6B301964F-LeaderStateImpl
2021-06-11 19:08:08,232 [ForkJoinPool.commonPool-worker-1] INFO  impl.PendingRequests (PendingRequests.java:sendNotLeaderResponses(249)) - 41bce2b3-bc14-4594-98d7-18715bf094e4@group-69A6B301964F-PendingRequests: sendNotLeaderResponses
2021-06-11 19:08:08,232 [ForkJoinPool.commonPool-worker-1] INFO  metrics.RatisMetrics (RatisMetrics.java:unregister(43)) - Unregistering Metrics Registry : ratis.log_appender.41bce2b3-bc14-4594-98d7-18715bf094e4@group-69A6B301964F
2021-06-11 19:08:08,232 [ForkJoinPool.commonPool-worker-1] INFO  metrics.RatisMetrics (RatisMetrics.java:unregister(43)) - Unregistering Metrics Registry : ratis.server.41bce2b3-bc14-4594-98d7-18715bf094e4@group-69A6B301964F
2021-06-11 19:08:08,233 [ForkJoinPool.commonPool-worker-1] INFO  impl.StateMachineUpdater (StateMachineUpdater.java:stopAndJoin(149)) - 41bce2b3-bc14-4594-98d7-18715bf094e4@group-69A6B301964F-StateMachineUpdater: set stopIndex = 0
2021-06-11 19:08:08,233 [41bce2b3-bc14-4594-98d7-18715bf094e4@group-69A6B301964F-StateMachineUpdater] INFO  ratis.ContainerStateMachine (ContainerStateMachine.java:takeSnapshot(292)) - group-69A6B301964F: Taking a snapshot at:(t:1, i:0) file /home/runner/work/ozone/ozone/mnt/ozone/hadoop-ozone/integration-test/target/test-dir/MiniOzoneClusterImpl-7f30813a-d1ba-41a1-975d-e59f1b24795c/datanode-2/data/ratis/1f6c5e09-d23f-4d24-be5d-69a6b301964f/sm/snapshot.1_0
2021-06-11 19:08:08,233 [Listener at 127.0.0.1/43957] INFO  ozoneimpl.OzoneContainer (OzoneContainer.java:stop(316)) - Attempting to stop container services.
2021-06-11 19:08:08,234 [41bce2b3-bc14-4594-98d7-18715bf094e4@group-69A6B301964F-StateMachineUpdater] INFO  ratis.ContainerStateMachine (ContainerStateMachine.java:takeSnapshot(303)) - group-69A6B301964F: Finished taking a snapshot at:(t:1, i:0) file:/home/runner/work/ozone/ozone/mnt/ozone/hadoop-ozone/integration-test/target/test-dir/MiniOzoneClusterImpl-7f30813a-d1ba-41a1-975d-e59f1b24795c/datanode-2/data/ratis/1f6c5e09-d23f-4d24-be5d-69a6b301964f/sm/snapshot.1_0 took: 1 ms
2021-06-11 19:08:08,234 [41bce2b3-bc14-4594-98d7-18715bf094e4@group-69A6B301964F-StateMachineUpdater] INFO  impl.StateMachineUpdater (StateMachineUpdater.java:takeSnapshot(281)) - 41bce2b3-bc14-4594-98d7-18715bf094e4@group-69A6B301964F-StateMachineUpdater: Took a snapshot at index 0
2021-06-11 19:08:08,234 [41bce2b3-bc14-4594-98d7-18715bf094e4@group-69A6B301964F-StateMachineUpdater] INFO  impl.StateMachineUpdater (StateMachineUpdater.java:lambda$new$0(89)) - 41bce2b3-bc14-4594-98d7-18715bf094e4@group-69A6B301964F-StateMachineUpdater: snapshotIndex: updateIncreasingly -1 -> 0
2021-06-11 19:08:08,234 [Listener at 127.0.0.1/43957] INFO  server.RaftServer (RaftServerProxy.java:lambda$close$6(391)) - 1514860f-d988-4646-88fa-884730dadadc: close
2021-06-11 19:08:08,234 [Listener at 127.0.0.1/43957] INFO  server.RaftServer$Division (RaftServerImpl.java:lambda$close$4(406)) - 1514860f-d988-4646-88fa-884730dadadc@group-887DE3663513: shutdown
2021-06-11 19:08:08,234 [Listener at 127.0.0.1/43957] INFO  util.JmxRegister (JmxRegister.java:unregister(73)) - Successfully un-registered JMX Bean with object name Ratis:service=RaftServer,group=group-887DE3663513,id=1514860f-d988-4646-88fa-884730dadadc
2021-06-11 19:08:08,234 [Listener at 127.0.0.1/43957] INFO  impl.RoleInfo (RoleInfo.java:shutdownFollowerState(108)) - 1514860f-d988-4646-88fa-884730dadadc: shutdown 1514860f-d988-4646-88fa-884730dadadc@group-887DE3663513-FollowerState
2021-06-11 19:08:08,234 [Listener at 127.0.0.1/43957] INFO  impl.StateMachineUpdater (StateMachineUpdater.java:stopAndJoin(149)) - 1514860f-d988-4646-88fa-884730dadadc@group-887DE3663513-StateMachineUpdater: set stopIndex = 0
2021-06-11 19:08:08,235 [1514860f-d988-4646-88fa-884730dadadc@group-887DE3663513-StateMachineUpdater] INFO  ratis.ContainerStateMachine (ContainerStateMachine.java:takeSnapshot(292)) - group-887DE3663513: Taking a snapshot at:(t:1, i:0) file /home/runner/work/ozone/ozone/mnt/ozone/hadoop-ozone/integration-test/target/test-dir/MiniOzoneClusterImpl-7f30813a-d1ba-41a1-975d-e59f1b24795c/datanode-0/data/ratis/a334afcd-db77-4c25-a7f3-887de3663513/sm/snapshot.1_0
2021-06-11 19:08:08,234 [41bce2b3-bc14-4594-98d7-18715bf094e4@group-69A6B301964F-StateMachineUpdater] INFO  metrics.RatisMetrics (RatisMetrics.java:unregister(43)) - Unregistering Metrics Registry : ratis.state_machine.41bce2b3-bc14-4594-98d7-18715bf094e4@group-69A6B301964F
2021-06-11 19:08:08,235 [1514860f-d988-4646-88fa-884730dadadc@group-887DE3663513-FollowerState] INFO  impl.FollowerState (FollowerState.java:run(143)) - 1514860f-d988-4646-88fa-884730dadadc@group-887DE3663513-FollowerState was interrupted: {}
java.lang.InterruptedException: sleep interrupted
	at java.lang.Thread.sleep(Native Method)
	at java.lang.Thread.sleep(Thread.java:340)
	at java.util.concurrent.TimeUnit.sleep(TimeUnit.java:386)
	at org.apache.ratis.util.TimeDuration.sleep(TimeDuration.java:324)
	at org.apache.ratis.util.TimeDuration.sleep(TimeDuration.java:309)
	at org.apache.ratis.server.impl.FollowerState.run(FollowerState.java:118)
2021-06-11 19:08:08,235 [ForkJoinPool.commonPool-worker-1] INFO  server.RaftServer$Division (ServerState.java:close(405)) - 41bce2b3-bc14-4594-98d7-18715bf094e4@group-69A6B301964F: closes. applyIndex: 0
2021-06-11 19:08:08,235 [41bce2b3-bc14-4594-98d7-18715bf094e4@group-69A6B301964F-SegmentedRaftLogWorker] INFO  segmented.SegmentedRaftLogWorker (SegmentedRaftLogWorker.java:run(327)) - 41bce2b3-bc14-4594-98d7-18715bf094e4@group-69A6B301964F-SegmentedRaftLogWorker was interrupted, exiting. There are 0 tasks remaining in the queue.
2021-06-11 19:08:08,235 [ForkJoinPool.commonPool-worker-1] INFO  segmented.SegmentedRaftLogWorker (SegmentedRaftLogWorker.java:close(237)) - 41bce2b3-bc14-4594-98d7-18715bf094e4@group-69A6B301964F-SegmentedRaftLogWorker close()
2021-06-11 19:08:08,235 [1514860f-d988-4646-88fa-884730dadadc@group-887DE3663513-StateMachineUpdater] INFO  ratis.ContainerStateMachine (ContainerStateMachine.java:takeSnapshot(303)) - group-887DE3663513: Finished taking a snapshot at:(t:1, i:0) file:/home/runner/work/ozone/ozone/mnt/ozone/hadoop-ozone/integration-test/target/test-dir/MiniOzoneClusterImpl-7f30813a-d1ba-41a1-975d-e59f1b24795c/datanode-0/data/ratis/a334afcd-db77-4c25-a7f3-887de3663513/sm/snapshot.1_0 took: 1 ms
2021-06-11 19:08:08,239 [1514860f-d988-4646-88fa-884730dadadc@group-887DE3663513-StateMachineUpdater] INFO  impl.StateMachineUpdater (StateMachineUpdater.java:takeSnapshot(281)) - 1514860f-d988-4646-88fa-884730dadadc@group-887DE3663513-StateMachineUpdater: Took a snapshot at index 0
2021-06-11 19:08:08,239 [1514860f-d988-4646-88fa-884730dadadc@group-887DE3663513-StateMachineUpdater] INFO  impl.StateMachineUpdater (StateMachineUpdater.java:lambda$new$0(89)) - 1514860f-d988-4646-88fa-884730dadadc@group-887DE3663513-StateMachineUpdater: snapshotIndex: updateIncreasingly -1 -> 0
2021-06-11 19:08:08,239 [1514860f-d988-4646-88fa-884730dadadc@group-887DE3663513-StateMachineUpdater] INFO  metrics.RatisMetrics (RatisMetrics.java:unregister(43)) - Unregistering Metrics Registry : ratis.state_machine.1514860f-d988-4646-88fa-884730dadadc@group-887DE3663513
2021-06-11 19:08:08,239 [Listener at 127.0.0.1/43957] INFO  server.RaftServer$Division (ServerState.java:close(405)) - 1514860f-d988-4646-88fa-884730dadadc@group-887DE3663513: closes. applyIndex: 0
2021-06-11 19:08:08,239 [1514860f-d988-4646-88fa-884730dadadc@group-887DE3663513-SegmentedRaftLogWorker] INFO  segmented.SegmentedRaftLogWorker (SegmentedRaftLogWorker.java:run(327)) - 1514860f-d988-4646-88fa-884730dadadc@group-887DE3663513-SegmentedRaftLogWorker was interrupted, exiting. There are 0 tasks remaining in the queue.
2021-06-11 19:08:08,239 [ForkJoinPool.commonPool-worker-1] INFO  metrics.RatisMetrics (RatisMetrics.java:unregister(43)) - Unregistering Metrics Registry : ratis.log_worker.41bce2b3-bc14-4594-98d7-18715bf094e4@group-69A6B301964F
2021-06-11 19:08:08,240 [ForkJoinPool.commonPool-worker-1] INFO  metrics.RatisMetrics (RatisMetrics.java:unregister(43)) - Unregistering Metrics Registry : ratis.leader_election.41bce2b3-bc14-4594-98d7-18715bf094e4@group-69A6B301964F
2021-06-11 19:08:08,240 [ForkJoinPool.commonPool-worker-1] INFO  metrics.RatisMetrics (RatisMetrics.java:unregister(43)) - Unregistering Metrics Registry : ratis.server.41bce2b3-bc14-4594-98d7-18715bf094e4@group-69A6B301964F
2021-06-11 19:08:08,240 [ForkJoinPool.commonPool-worker-1] INFO  server.GrpcService (GrpcService.java:closeImpl(262)) - 41bce2b3-bc14-4594-98d7-18715bf094e4: shutdown server with port 36265 now
2021-06-11 19:08:08,242 [Listener at 127.0.0.1/43957] INFO  segmented.SegmentedRaftLogWorker (SegmentedRaftLogWorker.java:close(237)) - 1514860f-d988-4646-88fa-884730dadadc@group-887DE3663513-SegmentedRaftLogWorker close()
2021-06-11 19:08:08,245 [grpc-default-executor-6] WARN  server.GrpcServerProtocolService (LogUtils.java:warn(122)) - 41bce2b3-bc14-4594-98d7-18715bf094e4: installSnapshot onError, lastRequest: f05d9154-dd24-4162-9fdc-352a7a5261e7->41bce2b3-bc14-4594-98d7-18715bf094e4#1-t1,previous=(t:0, i:0),leaderCommit=-1,initializing? true,entries: size=1, first=(t:1, i:0), CONFIGURATIONENTRY: org.apache.ratis.thirdparty.io.grpc.StatusRuntimeException: CANCELLED: client cancelled
2021-06-11 19:08:08,246 [grpc-default-executor-6] WARN  server.GrpcLogAppender (LogUtils.java:warn(122)) - f05d9154-dd24-4162-9fdc-352a7a5261e7@group-887DE3663513->41bce2b3-bc14-4594-98d7-18715bf094e4-AppendLogResponseHandler: Failed appendEntries: org.apache.ratis.thirdparty.io.grpc.StatusRuntimeException: CANCELLED: HTTP/2 error code: CANCEL
Received Rst Stream
2021-06-11 19:08:08,246 [grpc-default-executor-6] WARN  server.GrpcLogAppender (GrpcLogAppender.java:resetClient(111)) - f05d9154-dd24-4162-9fdc-352a7a5261e7@group-887DE3663513->41bce2b3-bc14-4594-98d7-18715bf094e4-GrpcLogAppender: Leader has not got in touch with Follower f05d9154-dd24-4162-9fdc-352a7a5261e7@group-887DE3663513->41bce2b3-bc14-4594-98d7-18715bf094e4(c0,m0,n1, attendVote=true, lastRpcSendTime=2328, lastRpcResponseTime=2314) yet, just keep nextIndex unchanged and retry.
2021-06-11 19:08:08,249 [ForkJoinPool.commonPool-worker-1] INFO  server.GrpcService (GrpcService.java:closeImpl(271)) - 41bce2b3-bc14-4594-98d7-18715bf094e4: shutdown server with port 36265 successfully
2021-06-11 19:08:08,250 [org.apache.ratis.util.JvmPauseMonitor$$Lambda$513/909036188@72ad4c9f] INFO  util.JvmPauseMonitor (JvmPauseMonitor.java:run(109)) - JvmPauseMonitor-41bce2b3-bc14-4594-98d7-18715bf094e4: Stopped
2021-06-11 19:08:08,253 [Listener at 127.0.0.1/43957] INFO  metrics.RatisMetrics (RatisMetrics.java:unregister(43)) - Unregistering Metrics Registry : ratis.log_worker.1514860f-d988-4646-88fa-884730dadadc@group-887DE3663513
2021-06-11 19:08:08,254 [Listener at 127.0.0.1/43957] INFO  metrics.RatisMetrics (RatisMetrics.java:unregister(43)) - Unregistering Metrics Registry : ratis.leader_election.1514860f-d988-4646-88fa-884730dadadc@group-887DE3663513
2021-06-11 19:08:08,254 [Listener at 127.0.0.1/43957] INFO  metrics.RatisMetrics (RatisMetrics.java:unregister(43)) - Unregistering Metrics Registry : ratis.server.1514860f-d988-4646-88fa-884730dadadc@group-887DE3663513
2021-06-11 19:08:08,254 [Listener at 127.0.0.1/43957] INFO  server.RaftServer$Division (RaftServerImpl.java:lambda$close$4(406)) - 1514860f-d988-4646-88fa-884730dadadc@group-BACD0EC680C0: shutdown
2021-06-11 19:08:08,254 [Listener at 127.0.0.1/43957] INFO  util.JmxRegister (JmxRegister.java:unregister(73)) - Successfully un-registered JMX Bean with object name Ratis:service=RaftServer,group=group-BACD0EC680C0,id=1514860f-d988-4646-88fa-884730dadadc
2021-06-11 19:08:08,254 [Listener at 127.0.0.1/43957] INFO  impl.RoleInfo (RoleInfo.java:shutdownLeaderState(91)) - 1514860f-d988-4646-88fa-884730dadadc: shutdown 1514860f-d988-4646-88fa-884730dadadc@group-BACD0EC680C0-LeaderStateImpl
2021-06-11 19:08:08,254 [Listener at 127.0.0.1/43957] INFO  impl.PendingRequests (PendingRequests.java:sendNotLeaderResponses(249)) - 1514860f-d988-4646-88fa-884730dadadc@group-BACD0EC680C0-PendingRequests: sendNotLeaderResponses
2021-06-11 19:08:08,254 [Listener at 127.0.0.1/43957] INFO  metrics.RatisMetrics (RatisMetrics.java:unregister(43)) - Unregistering Metrics Registry : ratis.log_appender.1514860f-d988-4646-88fa-884730dadadc@group-BACD0EC680C0
2021-06-11 19:08:08,254 [Listener at 127.0.0.1/43957] INFO  metrics.RatisMetrics (RatisMetrics.java:unregister(43)) - Unregistering Metrics Registry : ratis.server.1514860f-d988-4646-88fa-884730dadadc@group-BACD0EC680C0
2021-06-11 19:08:08,255 [Listener at 127.0.0.1/43957] INFO  impl.StateMachineUpdater (StateMachineUpdater.java:stopAndJoin(149)) - 1514860f-d988-4646-88fa-884730dadadc@group-BACD0EC680C0-StateMachineUpdater: set stopIndex = 0
2021-06-11 19:08:08,255 [1514860f-d988-4646-88fa-884730dadadc@group-BACD0EC680C0-StateMachineUpdater] INFO  ratis.ContainerStateMachine (ContainerStateMachine.java:takeSnapshot(292)) - group-BACD0EC680C0: Taking a snapshot at:(t:1, i:0) file /home/runner/work/ozone/ozone/mnt/ozone/hadoop-ozone/integration-test/target/test-dir/MiniOzoneClusterImpl-7f30813a-d1ba-41a1-975d-e59f1b24795c/datanode-0/data/ratis/4d6a1a96-517a-425c-929c-bacd0ec680c0/sm/snapshot.1_0
2021-06-11 19:08:08,256 [1514860f-d988-4646-88fa-884730dadadc@group-BACD0EC680C0-StateMachineUpdater] INFO  ratis.ContainerStateMachine (ContainerStateMachine.java:takeSnapshot(303)) - group-BACD0EC680C0: Finished taking a snapshot at:(t:1, i:0) file:/home/runner/work/ozone/ozone/mnt/ozone/hadoop-ozone/integration-test/target/test-dir/MiniOzoneClusterImpl-7f30813a-d1ba-41a1-975d-e59f1b24795c/datanode-0/data/ratis/4d6a1a96-517a-425c-929c-bacd0ec680c0/sm/snapshot.1_0 took: 0 ms
2021-06-11 19:08:08,256 [1514860f-d988-4646-88fa-884730dadadc@group-BACD0EC680C0-StateMachineUpdater] INFO  impl.StateMachineUpdater (StateMachineUpdater.java:takeSnapshot(281)) - 1514860f-d988-4646-88fa-884730dadadc@group-BACD0EC680C0-StateMachineUpdater: Took a snapshot at index 0
2021-06-11 19:08:08,256 [1514860f-d988-4646-88fa-884730dadadc@group-BACD0EC680C0-StateMachineUpdater] INFO  impl.StateMachineUpdater (StateMachineUpdater.java:lambda$new$0(89)) - 1514860f-d988-4646-88fa-884730dadadc@group-BACD0EC680C0-StateMachineUpdater: snapshotIndex: updateIncreasingly -1 -> 0
2021-06-11 19:08:08,268 [ForkJoinPool.commonPool-worker-1] INFO  utils.BackgroundService (BackgroundService.java:shutdown(132)) - Shutting down service BlockDeletingService
2021-06-11 19:08:08,268 [1514860f-d988-4646-88fa-884730dadadc@group-BACD0EC680C0-StateMachineUpdater] INFO  metrics.RatisMetrics (RatisMetrics.java:unregister(43)) - Unregistering Metrics Registry : ratis.state_machine.1514860f-d988-4646-88fa-884730dadadc@group-BACD0EC680C0
2021-06-11 19:08:08,269 [Listener at 127.0.0.1/43957] INFO  server.RaftServer$Division (ServerState.java:close(405)) - 1514860f-d988-4646-88fa-884730dadadc@group-BACD0EC680C0: closes. applyIndex: 0
2021-06-11 19:08:08,272 [1514860f-d988-4646-88fa-884730dadadc@group-BACD0EC680C0-SegmentedRaftLogWorker] INFO  segmented.SegmentedRaftLogWorker (SegmentedRaftLogWorker.java:run(327)) - 1514860f-d988-4646-88fa-884730dadadc@group-BACD0EC680C0-SegmentedRaftLogWorker was interrupted, exiting. There are 0 tasks remaining in the queue.
2021-06-11 19:08:08,288 [Listener at 127.0.0.1/43957] INFO  segmented.SegmentedRaftLogWorker (SegmentedRaftLogWorker.java:close(237)) - 1514860f-d988-4646-88fa-884730dadadc@group-BACD0EC680C0-SegmentedRaftLogWorker close()
2021-06-11 19:08:08,314 [Listener at 127.0.0.1/43957] INFO  metrics.RatisMetrics (RatisMetrics.java:unregister(43)) - Unregistering Metrics Registry : ratis.log_worker.1514860f-d988-4646-88fa-884730dadadc@group-BACD0EC680C0
2021-06-11 19:08:08,315 [Listener at 127.0.0.1/43957] INFO  metrics.RatisMetrics (RatisMetrics.java:unregister(43)) - Unregistering Metrics Registry : ratis.leader_election.1514860f-d988-4646-88fa-884730dadadc@group-BACD0EC680C0
2021-06-11 19:08:08,314 [ForkJoinPool.commonPool-worker-1] INFO  statemachine.DatanodeStateMachine (DatanodeStateMachine.java:stopDaemon(486)) - Ozone container server stopped.
2021-06-11 19:08:08,315 [Listener at 127.0.0.1/43957] INFO  metrics.RatisMetrics (RatisMetrics.java:unregister(43)) - Unregistering Metrics Registry : ratis.server.1514860f-d988-4646-88fa-884730dadadc@group-BACD0EC680C0
2021-06-11 19:08:08,315 [Listener at 127.0.0.1/43957] INFO  server.RaftServer$Division (RaftServerImpl.java:lambda$close$4(406)) - 1514860f-d988-4646-88fa-884730dadadc@group-36BDC7D3F91B: shutdown
2021-06-11 19:08:08,315 [Listener at 127.0.0.1/43957] INFO  util.JmxRegister (JmxRegister.java:unregister(73)) - Successfully un-registered JMX Bean with object name Ratis:service=RaftServer,group=group-36BDC7D3F91B,id=1514860f-d988-4646-88fa-884730dadadc
2021-06-11 19:08:08,315 [Listener at 127.0.0.1/43957] INFO  impl.RoleInfo (RoleInfo.java:shutdownFollowerState(108)) - 1514860f-d988-4646-88fa-884730dadadc: shutdown 1514860f-d988-4646-88fa-884730dadadc@group-36BDC7D3F91B-FollowerState
2021-06-11 19:08:08,315 [Listener at 127.0.0.1/43957] INFO  impl.StateMachineUpdater (StateMachineUpdater.java:stopAndJoin(149)) - 1514860f-d988-4646-88fa-884730dadadc@group-36BDC7D3F91B-StateMachineUpdater: set stopIndex = -1
2021-06-11 19:08:08,316 [1514860f-d988-4646-88fa-884730dadadc@group-36BDC7D3F91B-FollowerState] INFO  impl.FollowerState (FollowerState.java:run(143)) - 1514860f-d988-4646-88fa-884730dadadc@group-36BDC7D3F91B-FollowerState was interrupted: {}
java.lang.InterruptedException: sleep interrupted
	at java.lang.Thread.sleep(Native Method)
	at java.lang.Thread.sleep(Thread.java:340)
	at java.util.concurrent.TimeUnit.sleep(TimeUnit.java:386)
	at org.apache.ratis.util.TimeDuration.sleep(TimeDuration.java:324)
	at org.apache.ratis.util.TimeDuration.sleep(TimeDuration.java:309)
	at org.apache.ratis.server.impl.FollowerState.run(FollowerState.java:118)
2021-06-11 19:08:08,318 [1514860f-d988-4646-88fa-884730dadadc@group-36BDC7D3F91B-StateMachineUpdater] INFO  metrics.RatisMetrics (RatisMetrics.java:unregister(43)) - Unregistering Metrics Registry : ratis.state_machine.1514860f-d988-4646-88fa-884730dadadc@group-36BDC7D3F91B
2021-06-11 19:08:08,318 [Listener at 127.0.0.1/43957] INFO  server.RaftServer$Division (ServerState.java:close(405)) - 1514860f-d988-4646-88fa-884730dadadc@group-36BDC7D3F91B: closes. applyIndex: -1
2021-06-11 19:08:08,318 [1514860f-d988-4646-88fa-884730dadadc@group-36BDC7D3F91B-SegmentedRaftLogWorker] INFO  segmented.SegmentedRaftLogWorker (SegmentedRaftLogWorker.java:run(327)) - 1514860f-d988-4646-88fa-884730dadadc@group-36BDC7D3F91B-SegmentedRaftLogWorker was interrupted, exiting. There are 0 tasks remaining in the queue.
2021-06-11 19:08:08,318 [Listener at 127.0.0.1/43957] INFO  segmented.SegmentedRaftLogWorker (SegmentedRaftLogWorker.java:close(237)) - 1514860f-d988-4646-88fa-884730dadadc@group-36BDC7D3F91B-SegmentedRaftLogWorker close()
2021-06-11 19:08:08,319 [ForkJoinPool.commonPool-worker-1] INFO  handler.ContextHandler (ContextHandler.java:doStop(1154)) - Stopped o.e.j.w.WebAppContext@36b7e276{hddsDatanode,/,null,STOPPED}{jar:file:/home/runner/.m2/repository/org/apache/ozone/hdds-container-service/1.2.0-SNAPSHOT/hdds-container-service-1.2.0-SNAPSHOT.jar!/webapps/hddsDatanode}
2021-06-11 19:08:08,320 [ForkJoinPool.commonPool-worker-1] INFO  server.AbstractConnector (AbstractConnector.java:doStop(381)) - Stopped ServerConnector@629343cb{HTTP/1.1, (http/1.1)}{0.0.0.0:0}
2021-06-11 19:08:08,320 [ForkJoinPool.commonPool-worker-1] INFO  server.session (HouseKeeper.java:stopScavenging(149)) - node0 Stopped scavenging
2021-06-11 19:08:08,320 [ForkJoinPool.commonPool-worker-1] INFO  handler.ContextHandler (ContextHandler.java:doStop(1154)) - Stopped o.e.j.s.ServletContextHandler@3a239952{static,/static,jar:file:/home/runner/.m2/repository/org/apache/ozone/hdds-container-service/1.2.0-SNAPSHOT/hdds-container-service-1.2.0-SNAPSHOT.jar!/webapps/static,STOPPED}
2021-06-11 19:08:08,320 [ForkJoinPool.commonPool-worker-1] INFO  handler.ContextHandler (ContextHandler.java:doStop(1154)) - Stopped o.e.j.s.ServletContextHandler@4deb0490{logs,/logs,file:///home/runner/work/ozone/ozone/mnt/ozone/hadoop-ozone/integration-test/target/log,STOPPED}
2021-06-11 19:08:08,330 [Listener at 127.0.0.1/43957] INFO  metrics.RatisMetrics (RatisMetrics.java:unregister(43)) - Unregistering Metrics Registry : ratis.log_worker.1514860f-d988-4646-88fa-884730dadadc@group-36BDC7D3F91B
2021-06-11 19:08:08,331 [Listener at 127.0.0.1/43957] INFO  metrics.RatisMetrics (RatisMetrics.java:unregister(43)) - Unregistering Metrics Registry : ratis.leader_election.1514860f-d988-4646-88fa-884730dadadc@group-36BDC7D3F91B
2021-06-11 19:08:08,331 [Listener at 127.0.0.1/43957] INFO  metrics.RatisMetrics (RatisMetrics.java:unregister(43)) - Unregistering Metrics Registry : ratis.server.1514860f-d988-4646-88fa-884730dadadc@group-36BDC7D3F91B
2021-06-11 19:08:08,331 [Listener at 127.0.0.1/43957] INFO  server.GrpcService (GrpcService.java:closeImpl(262)) - 1514860f-d988-4646-88fa-884730dadadc: shutdown server with port 42983 now
2021-06-11 19:08:08,331 [Datanode State Machine Thread - 0] INFO  statemachine.DatanodeStateMachine (DatanodeStateMachine.java:lambda$startDaemon$0(428)) - Ozone container server started.
2021-06-11 19:08:08,340 [f05d9154-dd24-4162-9fdc-352a7a5261e7@group-36BDC7D3F91B-FollowerState] INFO  impl.FollowerState (FollowerState.java:run(134)) - f05d9154-dd24-4162-9fdc-352a7a5261e7@group-36BDC7D3F91B-FollowerState: change to CANDIDATE, lastRpcElapsedTime:5106592341ns, electionTimeout:5088ms
2021-06-11 19:08:08,341 [f05d9154-dd24-4162-9fdc-352a7a5261e7@group-36BDC7D3F91B-FollowerState] INFO  impl.RoleInfo (RoleInfo.java:shutdownFollowerState(108)) - f05d9154-dd24-4162-9fdc-352a7a5261e7: shutdown f05d9154-dd24-4162-9fdc-352a7a5261e7@group-36BDC7D3F91B-FollowerState
2021-06-11 19:08:08,341 [f05d9154-dd24-4162-9fdc-352a7a5261e7@group-36BDC7D3F91B-FollowerState] INFO  server.RaftServer$Division (RaftServerImpl.java:setRole(284)) - f05d9154-dd24-4162-9fdc-352a7a5261e7@group-36BDC7D3F91B: changes role from  FOLLOWER to CANDIDATE at term 1 for changeToCandidate
2021-06-11 19:08:08,341 [f05d9154-dd24-4162-9fdc-352a7a5261e7@group-36BDC7D3F91B-FollowerState] INFO  server.RaftServerConfigKeys (ConfUtils.java:logGet(44)) - raft.server.leaderelection.pre-vote = false (custom)
2021-06-11 19:08:08,341 [f05d9154-dd24-4162-9fdc-352a7a5261e7@group-36BDC7D3F91B-FollowerState] INFO  impl.RoleInfo (RoleInfo.java:updateAndGet(130)) - f05d9154-dd24-4162-9fdc-352a7a5261e7: start f05d9154-dd24-4162-9fdc-352a7a5261e7@group-36BDC7D3F91B-LeaderElection72
2021-06-11 19:08:08,341 [grpc-default-executor-1] WARN  server.GrpcServerProtocolService (LogUtils.java:warn(122)) - 1514860f-d988-4646-88fa-884730dadadc: installSnapshot onError, lastRequest: f05d9154-dd24-4162-9fdc-352a7a5261e7->1514860f-d988-4646-88fa-884730dadadc#1-t1,previous=(t:0, i:0),leaderCommit=-1,initializing? true,entries: size=1, first=(t:1, i:0), CONFIGURATIONENTRY: org.apache.ratis.thirdparty.io.grpc.StatusRuntimeException: CANCELLED: client cancelled
2021-06-11 19:08:08,342 [Listener at 127.0.0.1/43957] INFO  server.GrpcService (GrpcService.java:closeImpl(271)) - 1514860f-d988-4646-88fa-884730dadadc: shutdown server with port 42983 successfully
2021-06-11 19:08:08,344 [grpc-default-executor-1] WARN  server.GrpcLogAppender (LogUtils.java:warn(122)) - f05d9154-dd24-4162-9fdc-352a7a5261e7@group-887DE3663513->1514860f-d988-4646-88fa-884730dadadc-AppendLogResponseHandler: Failed appendEntries: org.apache.ratis.thirdparty.io.grpc.StatusRuntimeException: CANCELLED: HTTP/2 error code: CANCEL
Received Rst Stream
2021-06-11 19:08:08,344 [grpc-default-executor-1] WARN  server.GrpcLogAppender (GrpcLogAppender.java:resetClient(111)) - f05d9154-dd24-4162-9fdc-352a7a5261e7@group-887DE3663513->1514860f-d988-4646-88fa-884730dadadc-GrpcLogAppender: Leader has not got in touch with Follower f05d9154-dd24-4162-9fdc-352a7a5261e7@group-887DE3663513->1514860f-d988-4646-88fa-884730dadadc(c0,m0,n1, attendVote=true, lastRpcSendTime=2407, lastRpcResponseTime=2396) yet, just keep nextIndex unchanged and retry.
2021-06-11 19:08:08,347 [org.apache.ratis.util.JvmPauseMonitor$$Lambda$513/909036188@43551d5a] INFO  util.JvmPauseMonitor (JvmPauseMonitor.java:run(109)) - JvmPauseMonitor-1514860f-d988-4646-88fa-884730dadadc: Stopped
2021-06-11 19:08:08,353 [Listener at 127.0.0.1/43957] INFO  utils.BackgroundService (BackgroundService.java:shutdown(132)) - Shutting down service BlockDeletingService
2021-06-11 19:08:08,367 [f05d9154-dd24-4162-9fdc-352a7a5261e7@group-36BDC7D3F91B-LeaderElection72] INFO  impl.LeaderElection (LeaderElection.java:askForVotes(306)) - f05d9154-dd24-4162-9fdc-352a7a5261e7@group-36BDC7D3F91B-LeaderElection72 ELECTION round 0: submit vote requests at term 2 for -1: [f0d18f37-c034-4e65-b036-926f7b7a2e40|rpc:10.1.0.43:45755|priority:1, 1514860f-d988-4646-88fa-884730dadadc|rpc:10.1.0.43:42983|priority:0, f05d9154-dd24-4162-9fdc-352a7a5261e7|rpc:10.1.0.43:40337|priority:0], old=null
2021-06-11 19:08:08,378 [Listener at 127.0.0.1/43957] INFO  statemachine.DatanodeStateMachine (DatanodeStateMachine.java:stopDaemon(486)) - Ozone container server stopped.
2021-06-11 19:08:08,378 [Listener at 127.0.0.1/43957] INFO  handler.ContextHandler (ContextHandler.java:doStop(1154)) - Stopped o.e.j.w.WebAppContext@387abd01{hddsDatanode,/,null,STOPPED}{jar:file:/home/runner/.m2/repository/org/apache/ozone/hdds-container-service/1.2.0-SNAPSHOT/hdds-container-service-1.2.0-SNAPSHOT.jar!/webapps/hddsDatanode}
2021-06-11 19:08:08,379 [Listener at 127.0.0.1/43957] INFO  server.AbstractConnector (AbstractConnector.java:doStop(381)) - Stopped ServerConnector@12e2c49e{HTTP/1.1, (http/1.1)}{0.0.0.0:32977}
2021-06-11 19:08:08,379 [Listener at 127.0.0.1/43957] INFO  server.session (HouseKeeper.java:stopScavenging(149)) - node0 Stopped scavenging
2021-06-11 19:08:08,379 [Listener at 127.0.0.1/43957] INFO  handler.ContextHandler (ContextHandler.java:doStop(1154)) - Stopped o.e.j.s.ServletContextHandler@3b9757c1{static,/static,jar:file:/home/runner/.m2/repository/org/apache/ozone/hdds-container-service/1.2.0-SNAPSHOT/hdds-container-service-1.2.0-SNAPSHOT.jar!/webapps/static,STOPPED}
2021-06-11 19:08:08,379 [Listener at 127.0.0.1/43957] INFO  handler.ContextHandler (ContextHandler.java:doStop(1154)) - Stopped o.e.j.s.ServletContextHandler@799cd0fa{logs,/logs,file:///home/runner/work/ozone/ozone/mnt/ozone/hadoop-ozone/integration-test/target/log,STOPPED}
2021-06-11 19:08:08,384 [f05d9154-dd24-4162-9fdc-352a7a5261e7@group-36BDC7D3F91B-LeaderElection72] INFO  impl.LeaderElection (LogUtils.java:infoOrTrace(137)) - f05d9154-dd24-4162-9fdc-352a7a5261e7@group-36BDC7D3F91B-LeaderElection72 got exception when requesting votes: java.util.concurrent.ExecutionException: org.apache.ratis.thirdparty.io.grpc.StatusRuntimeException: UNAVAILABLE: io exception
2021-06-11 19:08:08,393 [f05d9154-dd24-4162-9fdc-352a7a5261e7@group-36BDC7D3F91B-LeaderElection72] INFO  impl.LeaderElection (LogUtils.java:infoOrTrace(137)) - f05d9154-dd24-4162-9fdc-352a7a5261e7@group-36BDC7D3F91B-LeaderElection72 got exception when requesting votes: java.util.concurrent.ExecutionException: org.apache.ratis.thirdparty.io.grpc.StatusRuntimeException: UNAVAILABLE: io exception
2021-06-11 19:08:08,393 [f05d9154-dd24-4162-9fdc-352a7a5261e7@group-36BDC7D3F91B-LeaderElection72] INFO  impl.LeaderElection (LeaderElection.java:logAndReturn(89)) - f05d9154-dd24-4162-9fdc-352a7a5261e7@group-36BDC7D3F91B-LeaderElection72: ELECTION REJECTED received 0 response(s) and 2 exception(s):
2021-06-11 19:08:08,393 [f05d9154-dd24-4162-9fdc-352a7a5261e7@group-36BDC7D3F91B-LeaderElection72] INFO  impl.LeaderElection (LogUtils.java:infoOrTrace(137)) -   Exception 0: java.util.concurrent.ExecutionException: org.apache.ratis.thirdparty.io.grpc.StatusRuntimeException: UNAVAILABLE: io exception
2021-06-11 19:08:08,393 [f05d9154-dd24-4162-9fdc-352a7a5261e7@group-36BDC7D3F91B-LeaderElection72] INFO  impl.LeaderElection (LogUtils.java:infoOrTrace(137)) -   Exception 1: java.util.concurrent.ExecutionException: org.apache.ratis.thirdparty.io.grpc.StatusRuntimeException: UNAVAILABLE: io exception
2021-06-11 19:08:08,393 [f05d9154-dd24-4162-9fdc-352a7a5261e7@group-36BDC7D3F91B-LeaderElection72] INFO  impl.LeaderElection (LeaderElection.java:askForVotes(308)) - f05d9154-dd24-4162-9fdc-352a7a5261e7@group-36BDC7D3F91B-LeaderElection72 ELECTION round 0: result REJECTED
2021-06-11 19:08:08,393 [f05d9154-dd24-4162-9fdc-352a7a5261e7@group-36BDC7D3F91B-LeaderElection72] INFO  server.RaftServer$Division (RaftServerImpl.java:setRole(284)) - f05d9154-dd24-4162-9fdc-352a7a5261e7@group-36BDC7D3F91B: changes role from CANDIDATE to FOLLOWER at term 2 for REJECTED
2021-06-11 19:08:08,394 [f05d9154-dd24-4162-9fdc-352a7a5261e7@group-36BDC7D3F91B-LeaderElection72] INFO  impl.RoleInfo (RoleInfo.java:shutdownLeaderElection(121)) - f05d9154-dd24-4162-9fdc-352a7a5261e7: shutdown f05d9154-dd24-4162-9fdc-352a7a5261e7@group-36BDC7D3F91B-LeaderElection72
2021-06-11 19:08:08,394 [f05d9154-dd24-4162-9fdc-352a7a5261e7@group-36BDC7D3F91B-LeaderElection72] INFO  impl.RoleInfo (RoleInfo.java:updateAndGet(130)) - f05d9154-dd24-4162-9fdc-352a7a5261e7: start f05d9154-dd24-4162-9fdc-352a7a5261e7@group-36BDC7D3F91B-FollowerState
2021-06-11 19:08:08,437 [grpc-default-executor-1] WARN  server.GrpcLogAppender (LogUtils.java:warn(122)) - f05d9154-dd24-4162-9fdc-352a7a5261e7@group-887DE3663513->41bce2b3-bc14-4594-98d7-18715bf094e4-AppendLogResponseHandler: Failed appendEntries: org.apache.ratis.thirdparty.io.grpc.StatusRuntimeException: UNAVAILABLE: io exception
2021-06-11 19:08:08,437 [grpc-default-executor-1] WARN  server.GrpcLogAppender (GrpcLogAppender.java:resetClient(111)) - f05d9154-dd24-4162-9fdc-352a7a5261e7@group-887DE3663513->41bce2b3-bc14-4594-98d7-18715bf094e4-GrpcLogAppender: Leader has not got in touch with Follower f05d9154-dd24-4162-9fdc-352a7a5261e7@group-887DE3663513->41bce2b3-bc14-4594-98d7-18715bf094e4(c0,m0,n1, attendVote=true, lastRpcSendTime=2519, lastRpcResponseTime=2505) yet, just keep nextIndex unchanged and retry.
2021-06-11 19:08:08,449 [grpc-default-executor-1] WARN  server.GrpcLogAppender (LogUtils.java:warn(122)) - f05d9154-dd24-4162-9fdc-352a7a5261e7@group-887DE3663513->1514860f-d988-4646-88fa-884730dadadc-AppendLogResponseHandler: Failed appendEntries: org.apache.ratis.thirdparty.io.grpc.StatusRuntimeException: UNAVAILABLE: io exception
2021-06-11 19:08:08,450 [grpc-default-executor-1] WARN  server.GrpcLogAppender (GrpcLogAppender.java:resetClient(111)) - f05d9154-dd24-4162-9fdc-352a7a5261e7@group-887DE3663513->1514860f-d988-4646-88fa-884730dadadc-GrpcLogAppender: Leader has not got in touch with Follower f05d9154-dd24-4162-9fdc-352a7a5261e7@group-887DE3663513->1514860f-d988-4646-88fa-884730dadadc(c0,m0,n1, attendVote=true, lastRpcSendTime=2512, lastRpcResponseTime=2501) yet, just keep nextIndex unchanged and retry.
2021-06-11 19:08:09,146 [Datanode State Machine Thread - 0] INFO  statemachine.DatanodeStateMachine (DatanodeStateMachine.java:lambda$startDaemon$0(428)) - Ozone container server started.
2021-06-11 19:08:09,984 [grpc-default-executor-1] WARN  server.GrpcLogAppender (LogUtils.java:warn(122)) - 133b101f-dcee-4efd-9163-9b3704aaa3ee@group-6F62B5CC8E81->bf85b346-d6dc-4caf-ae79-65e1db1e806c-AppendLogResponseHandler: Failed appendEntries: org.apache.ratis.thirdparty.io.grpc.StatusRuntimeException: UNAVAILABLE: io exception
2021-06-11 19:08:09,984 [grpc-default-executor-1] WARN  server.GrpcLogAppender (GrpcLogAppender.java:resetClient(111)) - 133b101f-dcee-4efd-9163-9b3704aaa3ee@group-6F62B5CC8E81->bf85b346-d6dc-4caf-ae79-65e1db1e806c-GrpcLogAppender: Leader has not got in touch with Follower 133b101f-dcee-4efd-9163-9b3704aaa3ee@group-6F62B5CC8E81->bf85b346-d6dc-4caf-ae79-65e1db1e806c(c0,m0,n1, attendVote=true, lastRpcSendTime=0, lastRpcResponseTime=7503) yet, just keep nextIndex unchanged and retry.
2021-06-11 19:08:10,256 [grpc-default-executor-1] WARN  server.GrpcLogAppender (LogUtils.java:warn(122)) - 0e0429f1-9636-4fc9-8820-e0f7c83710f3@group-2AEC26317323->bf85b346-d6dc-4caf-ae79-65e1db1e806c-AppendLogResponseHandler: Failed appendEntries: org.apache.ratis.thirdparty.io.grpc.StatusRuntimeException: UNAVAILABLE: io exception
2021-06-11 19:08:10,257 [grpc-default-executor-1] WARN  server.GrpcLogAppender (GrpcLogAppender.java:resetClient(111)) - 0e0429f1-9636-4fc9-8820-e0f7c83710f3@group-2AEC26317323->bf85b346-d6dc-4caf-ae79-65e1db1e806c-GrpcLogAppender: Leader has not got in touch with Follower 0e0429f1-9636-4fc9-8820-e0f7c83710f3@group-2AEC26317323->bf85b346-d6dc-4caf-ae79-65e1db1e806c(c0,m0,n1, attendVote=true, lastRpcSendTime=2501, lastRpcResponseTime=7504) yet, just keep nextIndex unchanged and retry.
2021-06-11 19:08:10,941 [grpc-default-executor-1] WARN  server.GrpcLogAppender (LogUtils.java:warn(122)) - f05d9154-dd24-4162-9fdc-352a7a5261e7@group-887DE3663513->41bce2b3-bc14-4594-98d7-18715bf094e4-AppendLogResponseHandler: Failed appendEntries: org.apache.ratis.thirdparty.io.grpc.StatusRuntimeException: UNAVAILABLE: io exception
2021-06-11 19:08:10,941 [grpc-default-executor-1] WARN  server.GrpcLogAppender (GrpcLogAppender.java:resetClient(111)) - f05d9154-dd24-4162-9fdc-352a7a5261e7@group-887DE3663513->41bce2b3-bc14-4594-98d7-18715bf094e4-GrpcLogAppender: Leader has not got in touch with Follower f05d9154-dd24-4162-9fdc-352a7a5261e7@group-887DE3663513->41bce2b3-bc14-4594-98d7-18715bf094e4(c0,m0,n1, attendVote=true, lastRpcSendTime=1, lastRpcResponseTime=5009) yet, just keep nextIndex unchanged and retry.
2021-06-11 19:08:10,952 [grpc-default-executor-1] WARN  server.GrpcLogAppender (LogUtils.java:warn(122)) - f05d9154-dd24-4162-9fdc-352a7a5261e7@group-887DE3663513->1514860f-d988-4646-88fa-884730dadadc-AppendLogResponseHandler: Failed appendEntries: org.apache.ratis.thirdparty.io.grpc.StatusRuntimeException: UNAVAILABLE: io exception
2021-06-11 19:08:10,952 [grpc-default-executor-1] WARN  server.GrpcLogAppender (GrpcLogAppender.java:resetClient(111)) - f05d9154-dd24-4162-9fdc-352a7a5261e7@group-887DE3663513->1514860f-d988-4646-88fa-884730dadadc-GrpcLogAppender: Leader has not got in touch with Follower f05d9154-dd24-4162-9fdc-352a7a5261e7@group-887DE3663513->1514860f-d988-4646-88fa-884730dadadc(c0,m0,n1, attendVote=true, lastRpcSendTime=2502, lastRpcResponseTime=5003) yet, just keep nextIndex unchanged and retry.
2021-06-11 19:08:12,325 [EventQueue-StaleNodeForStaleNodeHandler] INFO  node.StaleNodeHandler (StaleNodeHandler.java:onMessage(58)) - Datanode 41bce2b3-bc14-4594-98d7-18715bf094e4{ip: 10.1.0.43, host: fv-az59-942.csjynl4pkq3e1pkirw3ssqjfoh.cx.internal.cloudapp.net, ports: [REPLICATION=42269, RATIS=36265, RATIS_ADMIN=36265, RATIS_SERVER=36265, STANDALONE=38351], networkLocation: /default-rack, certSerialId: null, persistedOpState: IN_SERVICE, persistedOpStateExpiryEpochSec: 0} moved to stale state. Finalizing its pipelines [PipelineID=a334afcd-db77-4c25-a7f3-887de3663513, PipelineID=1f6c5e09-d23f-4d24-be5d-69a6b301964f]
2021-06-11 19:08:12,326 [EventQueue-StaleNodeForStaleNodeHandler] INFO  pipeline.PipelineManagerV2Impl (PipelineManagerV2Impl.java:closePipeline(330)) - Pipeline Pipeline[ Id: a334afcd-db77-4c25-a7f3-887de3663513, Nodes: 1514860f-d988-4646-88fa-884730dadadc{ip: 10.1.0.43, host: fv-az59-942.csjynl4pkq3e1pkirw3ssqjfoh.cx.internal.cloudapp.net, ports: [REPLICATION=38961, RATIS=42983, RATIS_ADMIN=42983, RATIS_SERVER=42983, STANDALONE=46383], networkLocation: /default-rack, certSerialId: null, persistedOpState: IN_SERVICE, persistedOpStateExpiryEpochSec: 0}f05d9154-dd24-4162-9fdc-352a7a5261e7{ip: 10.1.0.43, host: fv-az59-942.csjynl4pkq3e1pkirw3ssqjfoh.cx.internal.cloudapp.net, ports: [REPLICATION=46699, RATIS=40337, RATIS_ADMIN=40337, RATIS_SERVER=40337, STANDALONE=46265], networkLocation: /default-rack, certSerialId: null, persistedOpState: IN_SERVICE, persistedOpStateExpiryEpochSec: 0}41bce2b3-bc14-4594-98d7-18715bf094e4{ip: 10.1.0.43, host: fv-az59-942.csjynl4pkq3e1pkirw3ssqjfoh.cx.internal.cloudapp.net, ports: [REPLICATION=42269, RATIS=36265, RATIS_ADMIN=36265, RATIS_SERVER=36265, STANDALONE=38351], networkLocation: /default-rack, certSerialId: null, persistedOpState: IN_SERVICE, persistedOpStateExpiryEpochSec: 0}, ReplicationConfig: RATIS/THREE, State:OPEN, leaderId:f05d9154-dd24-4162-9fdc-352a7a5261e7, CreationTimestamp2021-06-11T19:07:56.989Z] moved to CLOSED state
2021-06-11 19:08:12,326 [EventQueue-StaleNodeForStaleNodeHandler] INFO  pipeline.PipelineManagerV2Impl (PipelineManagerV2Impl.java:closePipeline(330)) - Pipeline Pipeline[ Id: 1f6c5e09-d23f-4d24-be5d-69a6b301964f, Nodes: 41bce2b3-bc14-4594-98d7-18715bf094e4{ip: 10.1.0.43, host: fv-az59-942.csjynl4pkq3e1pkirw3ssqjfoh.cx.internal.cloudapp.net, ports: [REPLICATION=42269, RATIS=36265, RATIS_ADMIN=36265, RATIS_SERVER=36265, STANDALONE=38351], networkLocation: /default-rack, certSerialId: null, persistedOpState: IN_SERVICE, persistedOpStateExpiryEpochSec: 0}, ReplicationConfig: RATIS/ONE, State:OPEN, leaderId:41bce2b3-bc14-4594-98d7-18715bf094e4, CreationTimestamp2021-06-11T19:07:06.610Z] moved to CLOSED state
2021-06-11 19:08:12,484 [grpc-default-executor-1] WARN  server.GrpcLogAppender (LogUtils.java:warn(122)) - 133b101f-dcee-4efd-9163-9b3704aaa3ee@group-6F62B5CC8E81->bf85b346-d6dc-4caf-ae79-65e1db1e806c-AppendLogResponseHandler: Failed appendEntries: org.apache.ratis.thirdparty.io.grpc.StatusRuntimeException: UNAVAILABLE: io exception
2021-06-11 19:08:12,485 [grpc-default-executor-1] WARN  server.GrpcLogAppender (GrpcLogAppender.java:resetClient(111)) - 133b101f-dcee-4efd-9163-9b3704aaa3ee@group-6F62B5CC8E81->bf85b346-d6dc-4caf-ae79-65e1db1e806c-GrpcLogAppender: Leader has not got in touch with Follower 133b101f-dcee-4efd-9163-9b3704aaa3ee@group-6F62B5CC8E81->bf85b346-d6dc-4caf-ae79-65e1db1e806c(c0,m0,n1, attendVote=true, lastRpcSendTime=2501, lastRpcResponseTime=10004) yet, just keep nextIndex unchanged and retry.
2021-06-11 19:08:12,761 [grpc-default-executor-1] WARN  server.GrpcLogAppender (LogUtils.java:warn(122)) - 0e0429f1-9636-4fc9-8820-e0f7c83710f3@group-2AEC26317323->bf85b346-d6dc-4caf-ae79-65e1db1e806c-AppendLogResponseHandler: Failed appendEntries: org.apache.ratis.thirdparty.io.grpc.StatusRuntimeException: UNAVAILABLE: io exception
2021-06-11 19:08:12,762 [grpc-default-executor-1] WARN  server.GrpcLogAppender (GrpcLogAppender.java:resetClient(111)) - 0e0429f1-9636-4fc9-8820-e0f7c83710f3@group-2AEC26317323->bf85b346-d6dc-4caf-ae79-65e1db1e806c-GrpcLogAppender: Leader has not got in touch with Follower 0e0429f1-9636-4fc9-8820-e0f7c83710f3@group-2AEC26317323->bf85b346-d6dc-4caf-ae79-65e1db1e806c(c0,m0,n1, attendVote=true, lastRpcSendTime=0, lastRpcResponseTime=10009) yet, just keep nextIndex unchanged and retry.
2021-06-11 19:08:13,322 [ForkJoinPool.commonPool-worker-1] INFO  ozoneimpl.OzoneContainer (OzoneContainer.java:stop(316)) - Attempting to stop container services.
2021-06-11 19:08:13,322 [ForkJoinPool.commonPool-worker-1] INFO  server.RaftServer (RaftServerProxy.java:lambda$close$6(391)) - f05d9154-dd24-4162-9fdc-352a7a5261e7: close
2021-06-11 19:08:13,323 [ForkJoinPool.commonPool-worker-1] INFO  server.RaftServer$Division (RaftServerImpl.java:lambda$close$4(406)) - f05d9154-dd24-4162-9fdc-352a7a5261e7@group-887DE3663513: shutdown
2021-06-11 19:08:13,323 [ForkJoinPool.commonPool-worker-1] INFO  util.JmxRegister (JmxRegister.java:unregister(73)) - Successfully un-registered JMX Bean with object name Ratis:service=RaftServer,group=group-887DE3663513,id=f05d9154-dd24-4162-9fdc-352a7a5261e7
2021-06-11 19:08:13,323 [ForkJoinPool.commonPool-worker-1] INFO  impl.RoleInfo (RoleInfo.java:shutdownLeaderState(91)) - f05d9154-dd24-4162-9fdc-352a7a5261e7: shutdown f05d9154-dd24-4162-9fdc-352a7a5261e7@group-887DE3663513-LeaderStateImpl
2021-06-11 19:08:13,323 [ForkJoinPool.commonPool-worker-1] INFO  metrics.RatisMetrics (RatisMetrics.java:unregister(43)) - Unregistering Metrics Registry : ratis_grpc.log_appender.f05d9154-dd24-4162-9fdc-352a7a5261e7@group-887DE3663513
2021-06-11 19:08:13,323 [ForkJoinPool.commonPool-worker-1] INFO  metrics.RatisMetrics (RatisMetrics.java:unregister(43)) - Unregistering Metrics Registry : ratis_grpc.log_appender.f05d9154-dd24-4162-9fdc-352a7a5261e7@group-887DE3663513
2021-06-11 19:08:13,323 [ForkJoinPool.commonPool-worker-1] INFO  impl.PendingRequests (PendingRequests.java:sendNotLeaderResponses(249)) - f05d9154-dd24-4162-9fdc-352a7a5261e7@group-887DE3663513-PendingRequests: sendNotLeaderResponses
2021-06-11 19:08:13,323 [ForkJoinPool.commonPool-worker-1] INFO  metrics.RatisMetrics (RatisMetrics.java:unregister(43)) - Unregistering Metrics Registry : ratis.log_appender.f05d9154-dd24-4162-9fdc-352a7a5261e7@group-887DE3663513
2021-06-11 19:08:13,323 [ForkJoinPool.commonPool-worker-1] INFO  metrics.RatisMetrics (RatisMetrics.java:unregister(43)) - Unregistering Metrics Registry : ratis.server.f05d9154-dd24-4162-9fdc-352a7a5261e7@group-887DE3663513
2021-06-11 19:08:13,324 [ForkJoinPool.commonPool-worker-1] INFO  impl.StateMachineUpdater (StateMachineUpdater.java:stopAndJoin(149)) - f05d9154-dd24-4162-9fdc-352a7a5261e7@group-887DE3663513-StateMachineUpdater: set stopIndex = 0
2021-06-11 19:08:13,324 [f05d9154-dd24-4162-9fdc-352a7a5261e7@group-887DE3663513-StateMachineUpdater] INFO  ratis.ContainerStateMachine (ContainerStateMachine.java:takeSnapshot(292)) - group-887DE3663513: Taking a snapshot at:(t:1, i:0) file /home/runner/work/ozone/ozone/mnt/ozone/hadoop-ozone/integration-test/target/test-dir/MiniOzoneClusterImpl-7f30813a-d1ba-41a1-975d-e59f1b24795c/datanode-6/data/ratis/a334afcd-db77-4c25-a7f3-887de3663513/sm/snapshot.1_0
2021-06-11 19:08:13,325 [f05d9154-dd24-4162-9fdc-352a7a5261e7@group-887DE3663513-StateMachineUpdater] INFO  ratis.ContainerStateMachine (ContainerStateMachine.java:takeSnapshot(303)) - group-887DE3663513: Finished taking a snapshot at:(t:1, i:0) file:/home/runner/work/ozone/ozone/mnt/ozone/hadoop-ozone/integration-test/target/test-dir/MiniOzoneClusterImpl-7f30813a-d1ba-41a1-975d-e59f1b24795c/datanode-6/data/ratis/a334afcd-db77-4c25-a7f3-887de3663513/sm/snapshot.1_0 took: 1 ms
2021-06-11 19:08:13,325 [f05d9154-dd24-4162-9fdc-352a7a5261e7@group-887DE3663513-StateMachineUpdater] INFO  impl.StateMachineUpdater (StateMachineUpdater.java:takeSnapshot(281)) - f05d9154-dd24-4162-9fdc-352a7a5261e7@group-887DE3663513-StateMachineUpdater: Took a snapshot at index 0
2021-06-11 19:08:13,325 [f05d9154-dd24-4162-9fdc-352a7a5261e7@group-887DE3663513-StateMachineUpdater] INFO  impl.StateMachineUpdater (StateMachineUpdater.java:lambda$new$0(89)) - f05d9154-dd24-4162-9fdc-352a7a5261e7@group-887DE3663513-StateMachineUpdater: snapshotIndex: updateIncreasingly -1 -> 0
2021-06-11 19:08:13,325 [f05d9154-dd24-4162-9fdc-352a7a5261e7@group-887DE3663513-StateMachineUpdater] INFO  metrics.RatisMetrics (RatisMetrics.java:unregister(43)) - Unregistering Metrics Registry : ratis.state_machine.f05d9154-dd24-4162-9fdc-352a7a5261e7@group-887DE3663513
2021-06-11 19:08:13,325 [ForkJoinPool.commonPool-worker-1] INFO  server.RaftServer$Division (ServerState.java:close(405)) - f05d9154-dd24-4162-9fdc-352a7a5261e7@group-887DE3663513: closes. applyIndex: 0
2021-06-11 19:08:13,326 [EventQueue-StaleNodeForStaleNodeHandler] INFO  node.StaleNodeHandler (StaleNodeHandler.java:onMessage(58)) - Datanode 1514860f-d988-4646-88fa-884730dadadc{ip: 10.1.0.43, host: fv-az59-942.csjynl4pkq3e1pkirw3ssqjfoh.cx.internal.cloudapp.net, ports: [REPLICATION=38961, RATIS=42983, RATIS_ADMIN=42983, RATIS_SERVER=42983, STANDALONE=46383], networkLocation: /default-rack, certSerialId: null, persistedOpState: IN_SERVICE, persistedOpStateExpiryEpochSec: 0} moved to stale state. Finalizing its pipelines [PipelineID=a334afcd-db77-4c25-a7f3-887de3663513, PipelineID=4d6a1a96-517a-425c-929c-bacd0ec680c0, PipelineID=95b34053-dbda-421a-9298-36bdc7d3f91b]
2021-06-11 19:08:13,327 [EventQueue-StaleNodeForStaleNodeHandler] INFO  pipeline.PipelineManagerV2Impl (PipelineManagerV2Impl.java:closePipeline(330)) - Pipeline Pipeline[ Id: 4d6a1a96-517a-425c-929c-bacd0ec680c0, Nodes: 1514860f-d988-4646-88fa-884730dadadc{ip: 10.1.0.43, host: fv-az59-942.csjynl4pkq3e1pkirw3ssqjfoh.cx.internal.cloudapp.net, ports: [REPLICATION=38961, RATIS=42983, RATIS_ADMIN=42983, RATIS_SERVER=42983, STANDALONE=46383], networkLocation: /default-rack, certSerialId: null, persistedOpState: IN_SERVICE, persistedOpStateExpiryEpochSec: 0}, ReplicationConfig: RATIS/ONE, State:OPEN, leaderId:1514860f-d988-4646-88fa-884730dadadc, CreationTimestamp2021-06-11T19:07:56.987Z] moved to CLOSED state
2021-06-11 19:08:13,329 [f05d9154-dd24-4162-9fdc-352a7a5261e7@group-887DE3663513-SegmentedRaftLogWorker] INFO  segmented.SegmentedRaftLogWorker (SegmentedRaftLogWorker.java:run(327)) - f05d9154-dd24-4162-9fdc-352a7a5261e7@group-887DE3663513-SegmentedRaftLogWorker was interrupted, exiting. There are 0 tasks remaining in the queue.
2021-06-11 19:08:13,332 [ForkJoinPool.commonPool-worker-1] INFO  segmented.SegmentedRaftLogWorker (SegmentedRaftLogWorker.java:close(237)) - f05d9154-dd24-4162-9fdc-352a7a5261e7@group-887DE3663513-SegmentedRaftLogWorker close()
2021-06-11 19:08:13,333 [ForkJoinPool.commonPool-worker-1] INFO  metrics.RatisMetrics (RatisMetrics.java:unregister(43)) - Unregistering Metrics Registry : ratis.log_worker.f05d9154-dd24-4162-9fdc-352a7a5261e7@group-887DE3663513
2021-06-11 19:08:13,333 [ForkJoinPool.commonPool-worker-1] INFO  metrics.RatisMetrics (RatisMetrics.java:unregister(43)) - Unregistering Metrics Registry : ratis.leader_election.f05d9154-dd24-4162-9fdc-352a7a5261e7@group-887DE3663513
2021-06-11 19:08:13,334 [ForkJoinPool.commonPool-worker-1] INFO  metrics.RatisMetrics (RatisMetrics.java:unregister(43)) - Unregistering Metrics Registry : ratis.server.f05d9154-dd24-4162-9fdc-352a7a5261e7@group-887DE3663513
2021-06-11 19:08:13,334 [ForkJoinPool.commonPool-worker-1] INFO  server.RaftServer$Division (RaftServerImpl.java:lambda$close$4(406)) - f05d9154-dd24-4162-9fdc-352a7a5261e7@group-36BDC7D3F91B: shutdown
2021-06-11 19:08:13,334 [ForkJoinPool.commonPool-worker-1] INFO  util.JmxRegister (JmxRegister.java:unregister(73)) - Successfully un-registered JMX Bean with object name Ratis:service=RaftServer,group=group-36BDC7D3F91B,id=f05d9154-dd24-4162-9fdc-352a7a5261e7
2021-06-11 19:08:13,334 [ForkJoinPool.commonPool-worker-1] INFO  impl.RoleInfo (RoleInfo.java:shutdownFollowerState(108)) - f05d9154-dd24-4162-9fdc-352a7a5261e7: shutdown f05d9154-dd24-4162-9fdc-352a7a5261e7@group-36BDC7D3F91B-FollowerState
2021-06-11 19:08:13,334 [ForkJoinPool.commonPool-worker-1] INFO  impl.StateMachineUpdater (StateMachineUpdater.java:stopAndJoin(149)) - f05d9154-dd24-4162-9fdc-352a7a5261e7@group-36BDC7D3F91B-StateMachineUpdater: set stopIndex = -1
2021-06-11 19:08:13,334 [f05d9154-dd24-4162-9fdc-352a7a5261e7@group-36BDC7D3F91B-FollowerState] INFO  impl.FollowerState (FollowerState.java:run(143)) - f05d9154-dd24-4162-9fdc-352a7a5261e7@group-36BDC7D3F91B-FollowerState was interrupted: {}
java.lang.InterruptedException: sleep interrupted
	at java.lang.Thread.sleep(Native Method)
	at java.lang.Thread.sleep(Thread.java:340)
	at java.util.concurrent.TimeUnit.sleep(TimeUnit.java:386)
	at org.apache.ratis.util.TimeDuration.sleep(TimeDuration.java:324)
	at org.apache.ratis.util.TimeDuration.sleep(TimeDuration.java:309)
	at org.apache.ratis.server.impl.FollowerState.run(FollowerState.java:118)
2021-06-11 19:08:13,334 [f05d9154-dd24-4162-9fdc-352a7a5261e7@group-36BDC7D3F91B-StateMachineUpdater] INFO  metrics.RatisMetrics (RatisMetrics.java:unregister(43)) - Unregistering Metrics Registry : ratis.state_machine.f05d9154-dd24-4162-9fdc-352a7a5261e7@group-36BDC7D3F91B
2021-06-11 19:08:13,334 [ForkJoinPool.commonPool-worker-1] INFO  server.RaftServer$Division (ServerState.java:close(405)) - f05d9154-dd24-4162-9fdc-352a7a5261e7@group-36BDC7D3F91B: closes. applyIndex: -1
2021-06-11 19:08:13,335 [f05d9154-dd24-4162-9fdc-352a7a5261e7@group-36BDC7D3F91B-SegmentedRaftLogWorker] INFO  segmented.SegmentedRaftLogWorker (SegmentedRaftLogWorker.java:run(327)) - f05d9154-dd24-4162-9fdc-352a7a5261e7@group-36BDC7D3F91B-SegmentedRaftLogWorker was interrupted, exiting. There are 0 tasks remaining in the queue.
2021-06-11 19:08:13,336 [ForkJoinPool.commonPool-worker-1] INFO  segmented.SegmentedRaftLogWorker (SegmentedRaftLogWorker.java:close(237)) - f05d9154-dd24-4162-9fdc-352a7a5261e7@group-36BDC7D3F91B-SegmentedRaftLogWorker close()
2021-06-11 19:08:13,342 [ForkJoinPool.commonPool-worker-1] INFO  metrics.RatisMetrics (RatisMetrics.java:unregister(43)) - Unregistering Metrics Registry : ratis.log_worker.f05d9154-dd24-4162-9fdc-352a7a5261e7@group-36BDC7D3F91B
2021-06-11 19:08:13,342 [ForkJoinPool.commonPool-worker-1] INFO  metrics.RatisMetrics (RatisMetrics.java:unregister(43)) - Unregistering Metrics Registry : ratis.leader_election.f05d9154-dd24-4162-9fdc-352a7a5261e7@group-36BDC7D3F91B
2021-06-11 19:08:13,342 [ForkJoinPool.commonPool-worker-1] INFO  metrics.RatisMetrics (RatisMetrics.java:unregister(43)) - Unregistering Metrics Registry : ratis.server.f05d9154-dd24-4162-9fdc-352a7a5261e7@group-36BDC7D3F91B
2021-06-11 19:08:13,342 [ForkJoinPool.commonPool-worker-1] INFO  server.RaftServer$Division (RaftServerImpl.java:lambda$close$4(406)) - f05d9154-dd24-4162-9fdc-352a7a5261e7@group-AEF45FD9E54B: shutdown
2021-06-11 19:08:13,342 [ForkJoinPool.commonPool-worker-1] INFO  util.JmxRegister (JmxRegister.java:unregister(73)) - Successfully un-registered JMX Bean with object name Ratis:service=RaftServer,group=group-AEF45FD9E54B,id=f05d9154-dd24-4162-9fdc-352a7a5261e7
2021-06-11 19:08:13,342 [ForkJoinPool.commonPool-worker-1] INFO  impl.RoleInfo (RoleInfo.java:shutdownLeaderState(91)) - f05d9154-dd24-4162-9fdc-352a7a5261e7: shutdown f05d9154-dd24-4162-9fdc-352a7a5261e7@group-AEF45FD9E54B-LeaderStateImpl
2021-06-11 19:08:13,342 [ForkJoinPool.commonPool-worker-1] INFO  impl.PendingRequests (PendingRequests.java:sendNotLeaderResponses(249)) - f05d9154-dd24-4162-9fdc-352a7a5261e7@group-AEF45FD9E54B-PendingRequests: sendNotLeaderResponses
2021-06-11 19:08:13,342 [ForkJoinPool.commonPool-worker-1] INFO  metrics.RatisMetrics (RatisMetrics.java:unregister(43)) - Unregistering Metrics Registry : ratis.log_appender.f05d9154-dd24-4162-9fdc-352a7a5261e7@group-AEF45FD9E54B
2021-06-11 19:08:13,342 [ForkJoinPool.commonPool-worker-1] INFO  metrics.RatisMetrics (RatisMetrics.java:unregister(43)) - Unregistering Metrics Registry : ratis.server.f05d9154-dd24-4162-9fdc-352a7a5261e7@group-AEF45FD9E54B
2021-06-11 19:08:13,346 [ForkJoinPool.commonPool-worker-1] INFO  impl.StateMachineUpdater (StateMachineUpdater.java:stopAndJoin(149)) - f05d9154-dd24-4162-9fdc-352a7a5261e7@group-AEF45FD9E54B-StateMachineUpdater: set stopIndex = 0
2021-06-11 19:08:13,346 [f05d9154-dd24-4162-9fdc-352a7a5261e7@group-AEF45FD9E54B-StateMachineUpdater] INFO  ratis.ContainerStateMachine (ContainerStateMachine.java:takeSnapshot(292)) - group-AEF45FD9E54B: Taking a snapshot at:(t:1, i:0) file /home/runner/work/ozone/ozone/mnt/ozone/hadoop-ozone/integration-test/target/test-dir/MiniOzoneClusterImpl-7f30813a-d1ba-41a1-975d-e59f1b24795c/datanode-6/data/ratis/2cbab893-9b08-4c7b-b432-aef45fd9e54b/sm/snapshot.1_0
2021-06-11 19:08:13,348 [f05d9154-dd24-4162-9fdc-352a7a5261e7@group-AEF45FD9E54B-StateMachineUpdater] INFO  ratis.ContainerStateMachine (ContainerStateMachine.java:takeSnapshot(303)) - group-AEF45FD9E54B: Finished taking a snapshot at:(t:1, i:0) file:/home/runner/work/ozone/ozone/mnt/ozone/hadoop-ozone/integration-test/target/test-dir/MiniOzoneClusterImpl-7f30813a-d1ba-41a1-975d-e59f1b24795c/datanode-6/data/ratis/2cbab893-9b08-4c7b-b432-aef45fd9e54b/sm/snapshot.1_0 took: 1 ms
2021-06-11 19:08:13,348 [f05d9154-dd24-4162-9fdc-352a7a5261e7@group-AEF45FD9E54B-StateMachineUpdater] INFO  impl.StateMachineUpdater (StateMachineUpdater.java:takeSnapshot(281)) - f05d9154-dd24-4162-9fdc-352a7a5261e7@group-AEF45FD9E54B-StateMachineUpdater: Took a snapshot at index 0
2021-06-11 19:08:13,348 [f05d9154-dd24-4162-9fdc-352a7a5261e7@group-AEF45FD9E54B-StateMachineUpdater] INFO  impl.StateMachineUpdater (StateMachineUpdater.java:lambda$new$0(89)) - f05d9154-dd24-4162-9fdc-352a7a5261e7@group-AEF45FD9E54B-StateMachineUpdater: snapshotIndex: updateIncreasingly -1 -> 0
2021-06-11 19:08:13,348 [f05d9154-dd24-4162-9fdc-352a7a5261e7@group-AEF45FD9E54B-StateMachineUpdater] INFO  metrics.RatisMetrics (RatisMetrics.java:unregister(43)) - Unregistering Metrics Registry : ratis.state_machine.f05d9154-dd24-4162-9fdc-352a7a5261e7@group-AEF45FD9E54B
2021-06-11 19:08:13,352 [ForkJoinPool.commonPool-worker-1] INFO  server.RaftServer$Division (ServerState.java:close(405)) - f05d9154-dd24-4162-9fdc-352a7a5261e7@group-AEF45FD9E54B: closes. applyIndex: 0
2021-06-11 19:08:13,352 [f05d9154-dd24-4162-9fdc-352a7a5261e7@group-AEF45FD9E54B-SegmentedRaftLogWorker] INFO  segmented.SegmentedRaftLogWorker (SegmentedRaftLogWorker.java:run(327)) - f05d9154-dd24-4162-9fdc-352a7a5261e7@group-AEF45FD9E54B-SegmentedRaftLogWorker was interrupted, exiting. There are 0 tasks remaining in the queue.
2021-06-11 19:08:13,352 [ForkJoinPool.commonPool-worker-1] INFO  segmented.SegmentedRaftLogWorker (SegmentedRaftLogWorker.java:close(237)) - f05d9154-dd24-4162-9fdc-352a7a5261e7@group-AEF45FD9E54B-SegmentedRaftLogWorker close()
2021-06-11 19:08:13,352 [ForkJoinPool.commonPool-worker-1] INFO  metrics.RatisMetrics (RatisMetrics.java:unregister(43)) - Unregistering Metrics Registry : ratis.log_worker.f05d9154-dd24-4162-9fdc-352a7a5261e7@group-AEF45FD9E54B
2021-06-11 19:08:13,352 [ForkJoinPool.commonPool-worker-1] INFO  metrics.RatisMetrics (RatisMetrics.java:unregister(43)) - Unregistering Metrics Registry : ratis.leader_election.f05d9154-dd24-4162-9fdc-352a7a5261e7@group-AEF45FD9E54B
2021-06-11 19:08:13,352 [ForkJoinPool.commonPool-worker-1] INFO  metrics.RatisMetrics (RatisMetrics.java:unregister(43)) - Unregistering Metrics Registry : ratis.server.f05d9154-dd24-4162-9fdc-352a7a5261e7@group-AEF45FD9E54B
2021-06-11 19:08:13,353 [ForkJoinPool.commonPool-worker-1] INFO  server.GrpcService (GrpcService.java:closeImpl(262)) - f05d9154-dd24-4162-9fdc-352a7a5261e7: shutdown server with port 40337 now
2021-06-11 19:08:13,359 [ForkJoinPool.commonPool-worker-1] INFO  server.GrpcService (GrpcService.java:closeImpl(271)) - f05d9154-dd24-4162-9fdc-352a7a5261e7: shutdown server with port 40337 successfully
2021-06-11 19:08:13,359 [org.apache.ratis.util.JvmPauseMonitor$$Lambda$513/909036188@115df21e] INFO  util.JvmPauseMonitor (JvmPauseMonitor.java:run(109)) - JvmPauseMonitor-f05d9154-dd24-4162-9fdc-352a7a5261e7: Stopped
2021-06-11 19:08:13,361 [ForkJoinPool.commonPool-worker-1] INFO  utils.BackgroundService (BackgroundService.java:shutdown(132)) - Shutting down service BlockDeletingService
2021-06-11 19:08:13,362 [ForkJoinPool.commonPool-worker-1] INFO  statemachine.DatanodeStateMachine (DatanodeStateMachine.java:stopDaemon(486)) - Ozone container server stopped.
2021-06-11 19:08:13,364 [ForkJoinPool.commonPool-worker-1] INFO  handler.ContextHandler (ContextHandler.java:doStop(1154)) - Stopped o.e.j.w.WebAppContext@645c5fc3{hddsDatanode,/,null,STOPPED}{jar:file:/home/runner/.m2/repository/org/apache/ozone/hdds-container-service/1.2.0-SNAPSHOT/hdds-container-service-1.2.0-SNAPSHOT.jar!/webapps/hddsDatanode}
2021-06-11 19:08:13,364 [ForkJoinPool.commonPool-worker-1] INFO  server.AbstractConnector (AbstractConnector.java:doStop(381)) - Stopped ServerConnector@688aaae6{HTTP/1.1, (http/1.1)}{0.0.0.0:0}
2021-06-11 19:08:13,365 [ForkJoinPool.commonPool-worker-1] INFO  server.session (HouseKeeper.java:stopScavenging(149)) - node0 Stopped scavenging
2021-06-11 19:08:13,365 [ForkJoinPool.commonPool-worker-1] INFO  handler.ContextHandler (ContextHandler.java:doStop(1154)) - Stopped o.e.j.s.ServletContextHandler@62aa2c1e{static,/static,jar:file:/home/runner/.m2/repository/org/apache/ozone/hdds-container-service/1.2.0-SNAPSHOT/hdds-container-service-1.2.0-SNAPSHOT.jar!/webapps/static,STOPPED}
2021-06-11 19:08:13,365 [ForkJoinPool.commonPool-worker-1] INFO  handler.ContextHandler (ContextHandler.java:doStop(1154)) - Stopped o.e.j.s.ServletContextHandler@7e7e8660{logs,/logs,file:///home/runner/work/ozone/ozone/mnt/ozone/hadoop-ozone/integration-test/target/log,STOPPED}
2021-06-11 19:08:13,381 [Listener at 127.0.0.1/43957] INFO  ozoneimpl.OzoneContainer (OzoneContainer.java:stop(316)) - Attempting to stop container services.
2021-06-11 19:08:13,381 [Listener at 127.0.0.1/43957] INFO  server.RaftServer (RaftServerProxy.java:lambda$close$6(391)) - 133b101f-dcee-4efd-9163-9b3704aaa3ee: close
2021-06-11 19:08:13,381 [Listener at 127.0.0.1/43957] INFO  server.RaftServer$Division (RaftServerImpl.java:lambda$close$4(406)) - 133b101f-dcee-4efd-9163-9b3704aaa3ee@group-6F62B5CC8E81: shutdown
2021-06-11 19:08:13,381 [Listener at 127.0.0.1/43957] INFO  util.JmxRegister (JmxRegister.java:unregister(73)) - Successfully un-registered JMX Bean with object name Ratis:service=RaftServer,group=group-6F62B5CC8E81,id=133b101f-dcee-4efd-9163-9b3704aaa3ee
2021-06-11 19:08:13,381 [Listener at 127.0.0.1/43957] INFO  impl.RoleInfo (RoleInfo.java:shutdownLeaderState(91)) - 133b101f-dcee-4efd-9163-9b3704aaa3ee: shutdown 133b101f-dcee-4efd-9163-9b3704aaa3ee@group-6F62B5CC8E81-LeaderStateImpl
2021-06-11 19:08:13,382 [Listener at 127.0.0.1/43957] INFO  metrics.RatisMetrics (RatisMetrics.java:unregister(43)) - Unregistering Metrics Registry : ratis_grpc.log_appender.133b101f-dcee-4efd-9163-9b3704aaa3ee@group-6F62B5CC8E81
2021-06-11 19:08:13,382 [Listener at 127.0.0.1/43957] INFO  metrics.RatisMetrics (RatisMetrics.java:unregister(43)) - Unregistering Metrics Registry : ratis_grpc.log_appender.133b101f-dcee-4efd-9163-9b3704aaa3ee@group-6F62B5CC8E81
2021-06-11 19:08:13,382 [133b101f-dcee-4efd-9163-9b3704aaa3ee@group-6F62B5CC8E81->0e0429f1-9636-4fc9-8820-e0f7c83710f3-GrpcLogAppender-LogAppenderDaemon] WARN  server.GrpcLogAppender (GrpcLogAppender.java:mayWait(175)) - 133b101f-dcee-4efd-9163-9b3704aaa3ee@group-6F62B5CC8E81->0e0429f1-9636-4fc9-8820-e0f7c83710f3-GrpcLogAppender: Wait interrupted by java.lang.InterruptedException
2021-06-11 19:08:13,382 [Listener at 127.0.0.1/43957] INFO  impl.PendingRequests (PendingRequests.java:sendNotLeaderResponses(249)) - 133b101f-dcee-4efd-9163-9b3704aaa3ee@group-6F62B5CC8E81-PendingRequests: sendNotLeaderResponses
2021-06-11 19:08:13,382 [Listener at 127.0.0.1/43957] INFO  metrics.RatisMetrics (RatisMetrics.java:unregister(43)) - Unregistering Metrics Registry : ratis.log_appender.133b101f-dcee-4efd-9163-9b3704aaa3ee@group-6F62B5CC8E81
2021-06-11 19:08:13,382 [Listener at 127.0.0.1/43957] INFO  metrics.RatisMetrics (RatisMetrics.java:unregister(43)) - Unregistering Metrics Registry : ratis.server.133b101f-dcee-4efd-9163-9b3704aaa3ee@group-6F62B5CC8E81
2021-06-11 19:08:13,382 [grpc-default-executor-1] INFO  server.GrpcServerProtocolService (GrpcServerProtocolService.java:onCompleted(140)) - 0e0429f1-9636-4fc9-8820-e0f7c83710f3: Completed APPEND_ENTRIES, lastRequest: 133b101f-dcee-4efd-9163-9b3704aaa3ee->0e0429f1-9636-4fc9-8820-e0f7c83710f3#1-t1,previous=(t:0, i:0),leaderCommit=-1,initializing? true,entries: size=1, first=(t:1, i:0), CONFIGURATIONENTRY
2021-06-11 19:08:13,383 [Listener at 127.0.0.1/43957] INFO  impl.StateMachineUpdater (StateMachineUpdater.java:stopAndJoin(149)) - 133b101f-dcee-4efd-9163-9b3704aaa3ee@group-6F62B5CC8E81-StateMachineUpdater: set stopIndex = 0
2021-06-11 19:08:13,384 [133b101f-dcee-4efd-9163-9b3704aaa3ee@group-6F62B5CC8E81-StateMachineUpdater] INFO  ratis.ContainerStateMachine (ContainerStateMachine.java:takeSnapshot(292)) - group-6F62B5CC8E81: Taking a snapshot at:(t:1, i:0) file /home/runner/work/ozone/ozone/mnt/ozone/hadoop-ozone/integration-test/target/test-dir/MiniOzoneClusterImpl-7f30813a-d1ba-41a1-975d-e59f1b24795c/datanode-5/data/ratis/77e7b361-485a-407e-922f-6f62b5cc8e81/sm/snapshot.1_0
2021-06-11 19:08:13,383 [grpc-default-executor-6] INFO  server.GrpcLogAppender (GrpcLogAppender.java:onCompleted(344)) - 133b101f-dcee-4efd-9163-9b3704aaa3ee@group-6F62B5CC8E81->0e0429f1-9636-4fc9-8820-e0f7c83710f3-AppendLogResponseHandler: follower responses appendEntries COMPLETED
2021-06-11 19:08:13,384 [grpc-default-executor-6] INFO  leader.FollowerInfo (FollowerInfoImpl.java:lambda$new$0(46)) - 133b101f-dcee-4efd-9163-9b3704aaa3ee@group-6F62B5CC8E81->0e0429f1-9636-4fc9-8820-e0f7c83710f3: nextIndex: updateUnconditionally 1 -> 0
2021-06-11 19:08:13,385 [133b101f-dcee-4efd-9163-9b3704aaa3ee@group-6F62B5CC8E81-StateMachineUpdater] INFO  ratis.ContainerStateMachine (ContainerStateMachine.java:takeSnapshot(303)) - group-6F62B5CC8E81: Finished taking a snapshot at:(t:1, i:0) file:/home/runner/work/ozone/ozone/mnt/ozone/hadoop-ozone/integration-test/target/test-dir/MiniOzoneClusterImpl-7f30813a-d1ba-41a1-975d-e59f1b24795c/datanode-5/data/ratis/77e7b361-485a-407e-922f-6f62b5cc8e81/sm/snapshot.1_0 took: 1 ms
2021-06-11 19:08:13,385 [133b101f-dcee-4efd-9163-9b3704aaa3ee@group-6F62B5CC8E81-StateMachineUpdater] INFO  impl.StateMachineUpdater (StateMachineUpdater.java:takeSnapshot(281)) - 133b101f-dcee-4efd-9163-9b3704aaa3ee@group-6F62B5CC8E81-StateMachineUpdater: Took a snapshot at index 0
2021-06-11 19:08:13,385 [133b101f-dcee-4efd-9163-9b3704aaa3ee@group-6F62B5CC8E81-StateMachineUpdater] INFO  impl.StateMachineUpdater (StateMachineUpdater.java:lambda$new$0(89)) - 133b101f-dcee-4efd-9163-9b3704aaa3ee@group-6F62B5CC8E81-StateMachineUpdater: snapshotIndex: updateIncreasingly -1 -> 0
2021-06-11 19:08:13,385 [133b101f-dcee-4efd-9163-9b3704aaa3ee@group-6F62B5CC8E81-StateMachineUpdater] INFO  metrics.RatisMetrics (RatisMetrics.java:unregister(43)) - Unregistering Metrics Registry : ratis.state_machine.133b101f-dcee-4efd-9163-9b3704aaa3ee@group-6F62B5CC8E81
2021-06-11 19:08:13,385 [Listener at 127.0.0.1/43957] INFO  server.RaftServer$Division (ServerState.java:close(405)) - 133b101f-dcee-4efd-9163-9b3704aaa3ee@group-6F62B5CC8E81: closes. applyIndex: 0
2021-06-11 19:08:13,385 [133b101f-dcee-4efd-9163-9b3704aaa3ee@group-6F62B5CC8E81-SegmentedRaftLogWorker] INFO  segmented.SegmentedRaftLogWorker (SegmentedRaftLogWorker.java:run(327)) - 133b101f-dcee-4efd-9163-9b3704aaa3ee@group-6F62B5CC8E81-SegmentedRaftLogWorker was interrupted, exiting. There are 0 tasks remaining in the queue.
2021-06-11 19:08:13,386 [Listener at 127.0.0.1/43957] INFO  segmented.SegmentedRaftLogWorker (SegmentedRaftLogWorker.java:close(237)) - 133b101f-dcee-4efd-9163-9b3704aaa3ee@group-6F62B5CC8E81-SegmentedRaftLogWorker close()
2021-06-11 19:08:13,386 [Listener at 127.0.0.1/43957] INFO  metrics.RatisMetrics (RatisMetrics.java:unregister(43)) - Unregistering Metrics Registry : ratis.log_worker.133b101f-dcee-4efd-9163-9b3704aaa3ee@group-6F62B5CC8E81
2021-06-11 19:08:13,386 [Listener at 127.0.0.1/43957] INFO  metrics.RatisMetrics (RatisMetrics.java:unregister(43)) - Unregistering Metrics Registry : ratis.leader_election.133b101f-dcee-4efd-9163-9b3704aaa3ee@group-6F62B5CC8E81
2021-06-11 19:08:13,386 [Listener at 127.0.0.1/43957] INFO  metrics.RatisMetrics (RatisMetrics.java:unregister(43)) - Unregistering Metrics Registry : ratis.server.133b101f-dcee-4efd-9163-9b3704aaa3ee@group-6F62B5CC8E81
2021-06-11 19:08:13,386 [Listener at 127.0.0.1/43957] INFO  server.RaftServer$Division (RaftServerImpl.java:lambda$close$4(406)) - 133b101f-dcee-4efd-9163-9b3704aaa3ee@group-2AEC26317323: shutdown
2021-06-11 19:08:13,386 [Listener at 127.0.0.1/43957] INFO  util.JmxRegister (JmxRegister.java:unregister(73)) - Successfully un-registered JMX Bean with object name Ratis:service=RaftServer,group=group-2AEC26317323,id=133b101f-dcee-4efd-9163-9b3704aaa3ee
2021-06-11 19:08:13,387 [Listener at 127.0.0.1/43957] INFO  impl.RoleInfo (RoleInfo.java:shutdownFollowerState(108)) - 133b101f-dcee-4efd-9163-9b3704aaa3ee: shutdown 133b101f-dcee-4efd-9163-9b3704aaa3ee@group-2AEC26317323-FollowerState
2021-06-11 19:08:13,387 [133b101f-dcee-4efd-9163-9b3704aaa3ee@group-2AEC26317323-FollowerState] INFO  impl.FollowerState (FollowerState.java:run(143)) - 133b101f-dcee-4efd-9163-9b3704aaa3ee@group-2AEC26317323-FollowerState was interrupted: {}
java.lang.InterruptedException: sleep interrupted
	at java.lang.Thread.sleep(Native Method)
	at java.lang.Thread.sleep(Thread.java:340)
	at java.util.concurrent.TimeUnit.sleep(TimeUnit.java:386)
	at org.apache.ratis.util.TimeDuration.sleep(TimeDuration.java:324)
	at org.apache.ratis.util.TimeDuration.sleep(TimeDuration.java:309)
	at org.apache.ratis.server.impl.FollowerState.run(FollowerState.java:118)
2021-06-11 19:08:13,387 [133b101f-dcee-4efd-9163-9b3704aaa3ee@group-2AEC26317323-StateMachineUpdater] INFO  ratis.ContainerStateMachine (ContainerStateMachine.java:takeSnapshot(292)) - group-2AEC26317323: Taking a snapshot at:(t:4, i:0) file /home/runner/work/ozone/ozone/mnt/ozone/hadoop-ozone/integration-test/target/test-dir/MiniOzoneClusterImpl-7f30813a-d1ba-41a1-975d-e59f1b24795c/datanode-5/data/ratis/4436ad27-774d-4150-9d97-2aec26317323/sm/snapshot.4_0
2021-06-11 19:08:13,387 [Listener at 127.0.0.1/43957] INFO  impl.StateMachineUpdater (StateMachineUpdater.java:stopAndJoin(149)) - 133b101f-dcee-4efd-9163-9b3704aaa3ee@group-2AEC26317323-StateMachineUpdater: set stopIndex = 0
2021-06-11 19:08:13,388 [133b101f-dcee-4efd-9163-9b3704aaa3ee@group-2AEC26317323-StateMachineUpdater] INFO  ratis.ContainerStateMachine (ContainerStateMachine.java:takeSnapshot(303)) - group-2AEC26317323: Finished taking a snapshot at:(t:4, i:0) file:/home/runner/work/ozone/ozone/mnt/ozone/hadoop-ozone/integration-test/target/test-dir/MiniOzoneClusterImpl-7f30813a-d1ba-41a1-975d-e59f1b24795c/datanode-5/data/ratis/4436ad27-774d-4150-9d97-2aec26317323/sm/snapshot.4_0 took: 1 ms
2021-06-11 19:08:13,388 [133b101f-dcee-4efd-9163-9b3704aaa3ee@group-2AEC26317323-StateMachineUpdater] INFO  impl.StateMachineUpdater (StateMachineUpdater.java:takeSnapshot(281)) - 133b101f-dcee-4efd-9163-9b3704aaa3ee@group-2AEC26317323-StateMachineUpdater: Took a snapshot at index 0
2021-06-11 19:08:13,388 [133b101f-dcee-4efd-9163-9b3704aaa3ee@group-2AEC26317323-StateMachineUpdater] INFO  impl.StateMachineUpdater (StateMachineUpdater.java:lambda$new$0(89)) - 133b101f-dcee-4efd-9163-9b3704aaa3ee@group-2AEC26317323-StateMachineUpdater: snapshotIndex: updateIncreasingly -1 -> 0
2021-06-11 19:08:13,388 [133b101f-dcee-4efd-9163-9b3704aaa3ee@group-2AEC26317323-StateMachineUpdater] INFO  metrics.RatisMetrics (RatisMetrics.java:unregister(43)) - Unregistering Metrics Registry : ratis.state_machine.133b101f-dcee-4efd-9163-9b3704aaa3ee@group-2AEC26317323
2021-06-11 19:08:13,388 [Listener at 127.0.0.1/43957] INFO  server.RaftServer$Division (ServerState.java:close(405)) - 133b101f-dcee-4efd-9163-9b3704aaa3ee@group-2AEC26317323: closes. applyIndex: 0
2021-06-11 19:08:13,388 [133b101f-dcee-4efd-9163-9b3704aaa3ee@group-2AEC26317323-SegmentedRaftLogWorker] INFO  segmented.SegmentedRaftLogWorker (SegmentedRaftLogWorker.java:run(327)) - 133b101f-dcee-4efd-9163-9b3704aaa3ee@group-2AEC26317323-SegmentedRaftLogWorker was interrupted, exiting. There are 0 tasks remaining in the queue.
2021-06-11 19:08:13,389 [Listener at 127.0.0.1/43957] INFO  segmented.SegmentedRaftLogWorker (SegmentedRaftLogWorker.java:close(237)) - 133b101f-dcee-4efd-9163-9b3704aaa3ee@group-2AEC26317323-SegmentedRaftLogWorker close()
2021-06-11 19:08:13,389 [Listener at 127.0.0.1/43957] INFO  metrics.RatisMetrics (RatisMetrics.java:unregister(43)) - Unregistering Metrics Registry : ratis.log_worker.133b101f-dcee-4efd-9163-9b3704aaa3ee@group-2AEC26317323
2021-06-11 19:08:13,389 [Listener at 127.0.0.1/43957] INFO  metrics.RatisMetrics (RatisMetrics.java:unregister(43)) - Unregistering Metrics Registry : ratis.leader_election.133b101f-dcee-4efd-9163-9b3704aaa3ee@group-2AEC26317323
2021-06-11 19:08:13,389 [Listener at 127.0.0.1/43957] INFO  metrics.RatisMetrics (RatisMetrics.java:unregister(43)) - Unregistering Metrics Registry : ratis.server.133b101f-dcee-4efd-9163-9b3704aaa3ee@group-2AEC26317323
2021-06-11 19:08:13,389 [Listener at 127.0.0.1/43957] INFO  server.RaftServer$Division (RaftServerImpl.java:lambda$close$4(406)) - 133b101f-dcee-4efd-9163-9b3704aaa3ee@group-1AE42CC5A9B6: shutdown
2021-06-11 19:08:13,389 [Listener at 127.0.0.1/43957] INFO  util.JmxRegister (JmxRegister.java:unregister(73)) - Successfully un-registered JMX Bean with object name Ratis:service=RaftServer,group=group-1AE42CC5A9B6,id=133b101f-dcee-4efd-9163-9b3704aaa3ee
2021-06-11 19:08:13,389 [Listener at 127.0.0.1/43957] INFO  impl.RoleInfo (RoleInfo.java:shutdownLeaderState(91)) - 133b101f-dcee-4efd-9163-9b3704aaa3ee: shutdown 133b101f-dcee-4efd-9163-9b3704aaa3ee@group-1AE42CC5A9B6-LeaderStateImpl
2021-06-11 19:08:13,390 [Listener at 127.0.0.1/43957] INFO  impl.PendingRequests (PendingRequests.java:sendNotLeaderResponses(249)) - 133b101f-dcee-4efd-9163-9b3704aaa3ee@group-1AE42CC5A9B6-PendingRequests: sendNotLeaderResponses
2021-06-11 19:08:13,390 [Listener at 127.0.0.1/43957] INFO  metrics.RatisMetrics (RatisMetrics.java:unregister(43)) - Unregistering Metrics Registry : ratis.log_appender.133b101f-dcee-4efd-9163-9b3704aaa3ee@group-1AE42CC5A9B6
2021-06-11 19:08:13,390 [Listener at 127.0.0.1/43957] INFO  metrics.RatisMetrics (RatisMetrics.java:unregister(43)) - Unregistering Metrics Registry : ratis.server.133b101f-dcee-4efd-9163-9b3704aaa3ee@group-1AE42CC5A9B6
2021-06-11 19:08:13,391 [133b101f-dcee-4efd-9163-9b3704aaa3ee@group-1AE42CC5A9B6-StateMachineUpdater] INFO  ratis.ContainerStateMachine (ContainerStateMachine.java:takeSnapshot(292)) - group-1AE42CC5A9B6: Taking a snapshot at:(t:1, i:0) file /home/runner/work/ozone/ozone/mnt/ozone/hadoop-ozone/integration-test/target/test-dir/MiniOzoneClusterImpl-7f30813a-d1ba-41a1-975d-e59f1b24795c/datanode-5/data/ratis/69019a7c-0f48-453b-bb61-1ae42cc5a9b6/sm/snapshot.1_0
2021-06-11 19:08:13,391 [Listener at 127.0.0.1/43957] INFO  impl.StateMachineUpdater (StateMachineUpdater.java:stopAndJoin(149)) - 133b101f-dcee-4efd-9163-9b3704aaa3ee@group-1AE42CC5A9B6-StateMachineUpdater: set stopIndex = 0
2021-06-11 19:08:13,391 [133b101f-dcee-4efd-9163-9b3704aaa3ee@group-1AE42CC5A9B6-StateMachineUpdater] INFO  ratis.ContainerStateMachine (ContainerStateMachine.java:takeSnapshot(303)) - group-1AE42CC5A9B6: Finished taking a snapshot at:(t:1, i:0) file:/home/runner/work/ozone/ozone/mnt/ozone/hadoop-ozone/integration-test/target/test-dir/MiniOzoneClusterImpl-7f30813a-d1ba-41a1-975d-e59f1b24795c/datanode-5/data/ratis/69019a7c-0f48-453b-bb61-1ae42cc5a9b6/sm/snapshot.1_0 took: 1 ms
2021-06-11 19:08:13,391 [133b101f-dcee-4efd-9163-9b3704aaa3ee@group-1AE42CC5A9B6-StateMachineUpdater] INFO  impl.StateMachineUpdater (StateMachineUpdater.java:takeSnapshot(281)) - 133b101f-dcee-4efd-9163-9b3704aaa3ee@group-1AE42CC5A9B6-StateMachineUpdater: Took a snapshot at index 0
2021-06-11 19:08:13,391 [133b101f-dcee-4efd-9163-9b3704aaa3ee@group-1AE42CC5A9B6-StateMachineUpdater] INFO  impl.StateMachineUpdater (StateMachineUpdater.java:lambda$new$0(89)) - 133b101f-dcee-4efd-9163-9b3704aaa3ee@group-1AE42CC5A9B6-StateMachineUpdater: snapshotIndex: updateIncreasingly -1 -> 0
2021-06-11 19:08:13,392 [133b101f-dcee-4efd-9163-9b3704aaa3ee@group-1AE42CC5A9B6-StateMachineUpdater] INFO  metrics.RatisMetrics (RatisMetrics.java:unregister(43)) - Unregistering Metrics Registry : ratis.state_machine.133b101f-dcee-4efd-9163-9b3704aaa3ee@group-1AE42CC5A9B6
2021-06-11 19:08:13,392 [Listener at 127.0.0.1/43957] INFO  server.RaftServer$Division (ServerState.java:close(405)) - 133b101f-dcee-4efd-9163-9b3704aaa3ee@group-1AE42CC5A9B6: closes. applyIndex: 0
2021-06-11 19:08:13,392 [133b101f-dcee-4efd-9163-9b3704aaa3ee@group-1AE42CC5A9B6-SegmentedRaftLogWorker] INFO  segmented.SegmentedRaftLogWorker (SegmentedRaftLogWorker.java:run(327)) - 133b101f-dcee-4efd-9163-9b3704aaa3ee@group-1AE42CC5A9B6-SegmentedRaftLogWorker was interrupted, exiting. There are 0 tasks remaining in the queue.
2021-06-11 19:08:13,392 [Listener at 127.0.0.1/43957] INFO  segmented.SegmentedRaftLogWorker (SegmentedRaftLogWorker.java:close(237)) - 133b101f-dcee-4efd-9163-9b3704aaa3ee@group-1AE42CC5A9B6-SegmentedRaftLogWorker close()
2021-06-11 19:08:13,392 [Listener at 127.0.0.1/43957] INFO  metrics.RatisMetrics (RatisMetrics.java:unregister(43)) - Unregistering Metrics Registry : ratis.log_worker.133b101f-dcee-4efd-9163-9b3704aaa3ee@group-1AE42CC5A9B6
2021-06-11 19:08:13,392 [Listener at 127.0.0.1/43957] INFO  metrics.RatisMetrics (RatisMetrics.java:unregister(43)) - Unregistering Metrics Registry : ratis.leader_election.133b101f-dcee-4efd-9163-9b3704aaa3ee@group-1AE42CC5A9B6
2021-06-11 19:08:13,393 [Listener at 127.0.0.1/43957] INFO  metrics.RatisMetrics (RatisMetrics.java:unregister(43)) - Unregistering Metrics Registry : ratis.server.133b101f-dcee-4efd-9163-9b3704aaa3ee@group-1AE42CC5A9B6
2021-06-11 19:08:13,393 [Listener at 127.0.0.1/43957] INFO  server.GrpcService (GrpcService.java:closeImpl(262)) - 133b101f-dcee-4efd-9163-9b3704aaa3ee: shutdown server with port 37475 now
2021-06-11 19:08:13,394 [grpc-default-executor-5] WARN  server.GrpcLogAppender (LogUtils.java:warn(122)) - 0e0429f1-9636-4fc9-8820-e0f7c83710f3@group-2AEC26317323->133b101f-dcee-4efd-9163-9b3704aaa3ee-AppendLogResponseHandler: Failed appendEntries: org.apache.ratis.thirdparty.io.grpc.StatusRuntimeException: CANCELLED: HTTP/2 error code: CANCEL
Received Rst Stream
2021-06-11 19:08:13,394 [grpc-default-executor-5] WARN  server.GrpcLogAppender (GrpcLogAppender.java:resetClient(111)) - 0e0429f1-9636-4fc9-8820-e0f7c83710f3@group-2AEC26317323->133b101f-dcee-4efd-9163-9b3704aaa3ee-GrpcLogAppender: Leader has not got in touch with Follower 0e0429f1-9636-4fc9-8820-e0f7c83710f3@group-2AEC26317323->133b101f-dcee-4efd-9163-9b3704aaa3ee(c0,m0,n1, attendVote=true, lastRpcSendTime=616, lastRpcResponseTime=601) yet, just keep nextIndex unchanged and retry.
2021-06-11 19:08:13,394 [Listener at 127.0.0.1/43957] INFO  server.GrpcService (GrpcService.java:closeImpl(271)) - 133b101f-dcee-4efd-9163-9b3704aaa3ee: shutdown server with port 37475 successfully
2021-06-11 19:08:13,394 [grpc-default-executor-1] WARN  server.GrpcServerProtocolService (LogUtils.java:warn(122)) - 133b101f-dcee-4efd-9163-9b3704aaa3ee: installSnapshot onError, lastRequest: 0e0429f1-9636-4fc9-8820-e0f7c83710f3->133b101f-dcee-4efd-9163-9b3704aaa3ee#1-t4,previous=(t:0, i:0),leaderCommit=-1,initializing? true,entries: size=1, first=(t:4, i:0), CONFIGURATIONENTRY: org.apache.ratis.thirdparty.io.grpc.StatusRuntimeException: CANCELLED: client cancelled
2021-06-11 19:08:13,394 [org.apache.ratis.util.JvmPauseMonitor$$Lambda$513/909036188@4241d54e] INFO  util.JvmPauseMonitor (JvmPauseMonitor.java:run(109)) - JvmPauseMonitor-133b101f-dcee-4efd-9163-9b3704aaa3ee: Stopped
2021-06-11 19:08:13,395 [Listener at 127.0.0.1/43957] INFO  utils.BackgroundService (BackgroundService.java:shutdown(132)) - Shutting down service BlockDeletingService
2021-06-11 19:08:13,397 [Listener at 127.0.0.1/43957] INFO  statemachine.DatanodeStateMachine (DatanodeStateMachine.java:stopDaemon(486)) - Ozone container server stopped.
2021-06-11 19:08:13,399 [Listener at 127.0.0.1/43957] INFO  handler.ContextHandler (ContextHandler.java:doStop(1154)) - Stopped o.e.j.w.WebAppContext@66ae67a3{hddsDatanode,/,null,STOPPED}{jar:file:/home/runner/.m2/repository/org/apache/ozone/hdds-container-service/1.2.0-SNAPSHOT/hdds-container-service-1.2.0-SNAPSHOT.jar!/webapps/hddsDatanode}
2021-06-11 19:08:13,399 [Listener at 127.0.0.1/43957] INFO  server.AbstractConnector (AbstractConnector.java:doStop(381)) - Stopped ServerConnector@15785d41{HTTP/1.1, (http/1.1)}{0.0.0.0:0}
2021-06-11 19:08:13,399 [Listener at 127.0.0.1/43957] INFO  server.session (HouseKeeper.java:stopScavenging(149)) - node0 Stopped scavenging
2021-06-11 19:08:13,399 [Listener at 127.0.0.1/43957] INFO  handler.ContextHandler (ContextHandler.java:doStop(1154)) - Stopped o.e.j.s.ServletContextHandler@43db87bb{static,/static,jar:file:/home/runner/.m2/repository/org/apache/ozone/hdds-container-service/1.2.0-SNAPSHOT/hdds-container-service-1.2.0-SNAPSHOT.jar!/webapps/static,STOPPED}
2021-06-11 19:08:13,400 [Listener at 127.0.0.1/43957] INFO  handler.ContextHandler (ContextHandler.java:doStop(1154)) - Stopped o.e.j.s.ServletContextHandler@2ea13a45{logs,/logs,file:///home/runner/work/ozone/ozone/mnt/ozone/hadoop-ozone/integration-test/target/log,STOPPED}
2021-06-11 19:08:13,772 [Datanode State Machine Thread - 0] INFO  statemachine.DatanodeStateMachine (DatanodeStateMachine.java:lambda$startDaemon$0(428)) - Ozone container server started.
2021-06-11 19:08:15,262 [grpc-default-executor-1] WARN  server.GrpcLogAppender (LogUtils.java:warn(122)) - 0e0429f1-9636-4fc9-8820-e0f7c83710f3@group-2AEC26317323->bf85b346-d6dc-4caf-ae79-65e1db1e806c-AppendLogResponseHandler: Failed appendEntries: org.apache.ratis.thirdparty.io.grpc.StatusRuntimeException: UNAVAILABLE: io exception
2021-06-11 19:08:15,262 [grpc-default-executor-1] WARN  server.GrpcLogAppender (GrpcLogAppender.java:resetClient(111)) - 0e0429f1-9636-4fc9-8820-e0f7c83710f3@group-2AEC26317323->bf85b346-d6dc-4caf-ae79-65e1db1e806c-GrpcLogAppender: Leader has not got in touch with Follower 0e0429f1-9636-4fc9-8820-e0f7c83710f3@group-2AEC26317323->bf85b346-d6dc-4caf-ae79-65e1db1e806c(c0,m0,n1, attendVote=true, lastRpcSendTime=0, lastRpcResponseTime=12510) yet, just keep nextIndex unchanged and retry.
2021-06-11 19:08:15,293 [grpc-default-executor-5] WARN  server.GrpcLogAppender (LogUtils.java:warn(122)) - 0e0429f1-9636-4fc9-8820-e0f7c83710f3@group-2AEC26317323->133b101f-dcee-4efd-9163-9b3704aaa3ee-AppendLogResponseHandler: Failed appendEntries: org.apache.ratis.thirdparty.io.grpc.StatusRuntimeException: UNAVAILABLE: io exception
2021-06-11 19:08:15,294 [grpc-default-executor-5] WARN  server.GrpcLogAppender (GrpcLogAppender.java:resetClient(111)) - 0e0429f1-9636-4fc9-8820-e0f7c83710f3@group-2AEC26317323->133b101f-dcee-4efd-9163-9b3704aaa3ee-GrpcLogAppender: Leader has not got in touch with Follower 0e0429f1-9636-4fc9-8820-e0f7c83710f3@group-2AEC26317323->133b101f-dcee-4efd-9163-9b3704aaa3ee(c0,m0,n1, attendVote=true, lastRpcSendTime=0, lastRpcResponseTime=2501) yet, just keep nextIndex unchanged and retry.
2021-06-11 19:08:17,431 [EventQueue-StaleNodeForStaleNodeHandler] INFO  node.StaleNodeHandler (StaleNodeHandler.java:onMessage(58)) - Datanode f05d9154-dd24-4162-9fdc-352a7a5261e7{ip: 10.1.0.43, host: fv-az59-942.csjynl4pkq3e1pkirw3ssqjfoh.cx.internal.cloudapp.net, ports: [REPLICATION=46699, RATIS=40337, RATIS_ADMIN=40337, RATIS_SERVER=40337, STANDALONE=46265], networkLocation: /default-rack, certSerialId: null, persistedOpState: IN_SERVICE, persistedOpStateExpiryEpochSec: 0} moved to stale state. Finalizing its pipelines [PipelineID=a334afcd-db77-4c25-a7f3-887de3663513, PipelineID=95b34053-dbda-421a-9298-36bdc7d3f91b, PipelineID=2cbab893-9b08-4c7b-b432-aef45fd9e54b]
2021-06-11 19:08:17,432 [EventQueue-StaleNodeForStaleNodeHandler] INFO  pipeline.PipelineManagerV2Impl (PipelineManagerV2Impl.java:closePipeline(330)) - Pipeline Pipeline[ Id: 2cbab893-9b08-4c7b-b432-aef45fd9e54b, Nodes: f05d9154-dd24-4162-9fdc-352a7a5261e7{ip: 10.1.0.43, host: fv-az59-942.csjynl4pkq3e1pkirw3ssqjfoh.cx.internal.cloudapp.net, ports: [REPLICATION=46699, RATIS=40337, RATIS_ADMIN=40337, RATIS_SERVER=40337, STANDALONE=46265], networkLocation: /default-rack, certSerialId: null, persistedOpState: IN_SERVICE, persistedOpStateExpiryEpochSec: 0}, ReplicationConfig: RATIS/ONE, State:OPEN, leaderId:f05d9154-dd24-4162-9fdc-352a7a5261e7, CreationTimestamp2021-06-11T19:07:07Z] moved to CLOSED state
2021-06-11 19:08:17,762 [grpc-default-executor-5] WARN  server.GrpcLogAppender (LogUtils.java:warn(122)) - 0e0429f1-9636-4fc9-8820-e0f7c83710f3@group-2AEC26317323->bf85b346-d6dc-4caf-ae79-65e1db1e806c-AppendLogResponseHandler: Failed appendEntries: org.apache.ratis.thirdparty.io.grpc.StatusRuntimeException: UNAVAILABLE: io exception
2021-06-11 19:08:17,762 [grpc-default-executor-5] WARN  server.GrpcLogAppender (GrpcLogAppender.java:resetClient(111)) - 0e0429f1-9636-4fc9-8820-e0f7c83710f3@group-2AEC26317323->bf85b346-d6dc-4caf-ae79-65e1db1e806c-GrpcLogAppender: Leader has not got in touch with Follower 0e0429f1-9636-4fc9-8820-e0f7c83710f3@group-2AEC26317323->bf85b346-d6dc-4caf-ae79-65e1db1e806c(c0,m0,n1, attendVote=true, lastRpcSendTime=0, lastRpcResponseTime=15010) yet, just keep nextIndex unchanged and retry.
2021-06-11 19:08:17,793 [grpc-default-executor-5] WARN  server.GrpcLogAppender (LogUtils.java:warn(122)) - 0e0429f1-9636-4fc9-8820-e0f7c83710f3@group-2AEC26317323->133b101f-dcee-4efd-9163-9b3704aaa3ee-AppendLogResponseHandler: Failed appendEntries: org.apache.ratis.thirdparty.io.grpc.StatusRuntimeException: UNAVAILABLE: io exception
2021-06-11 19:08:17,794 [grpc-default-executor-5] WARN  server.GrpcLogAppender (GrpcLogAppender.java:resetClient(111)) - 0e0429f1-9636-4fc9-8820-e0f7c83710f3@group-2AEC26317323->133b101f-dcee-4efd-9163-9b3704aaa3ee-GrpcLogAppender: Leader has not got in touch with Follower 0e0429f1-9636-4fc9-8820-e0f7c83710f3@group-2AEC26317323->133b101f-dcee-4efd-9163-9b3704aaa3ee(c0,m0,n1, attendVote=true, lastRpcSendTime=2500, lastRpcResponseTime=5001) yet, just keep nextIndex unchanged and retry.
2021-06-11 19:08:18,232 [EventQueue-DeadNodeForDeadNodeHandler] INFO  node.DeadNodeHandler (DeadNodeHandler.java:onMessage(77)) - A dead datanode is detected. f0d18f37-c034-4e65-b036-926f7b7a2e40{ip: 10.1.0.43, host: fv-az59-942.csjynl4pkq3e1pkirw3ssqjfoh.cx.internal.cloudapp.net, ports: [REPLICATION=46009, RATIS=45755, RATIS_ADMIN=45755, RATIS_SERVER=45755, STANDALONE=39637], networkLocation: /default-rack, certSerialId: null, persistedOpState: IN_SERVICE, persistedOpStateExpiryEpochSec: 0}
2021-06-11 19:08:18,232 [EventQueue-DeadNodeForDeadNodeHandler] INFO  pipeline.RatisPipelineProvider (RatisPipelineProvider.java:lambda$close$1(209)) - Send pipeline:PipelineID=4ae1362b-feaf-4634-adb0-0dd81035e5c7 close command to datanode f0d18f37-c034-4e65-b036-926f7b7a2e40
2021-06-11 19:08:18,233 [EventQueue-DeadNodeForDeadNodeHandler] INFO  pipeline.PipelineStateManager (PipelineStateManagerV2Impl.java:removePipeline(211)) - Pipeline Pipeline[ Id: 4ae1362b-feaf-4634-adb0-0dd81035e5c7, Nodes: f0d18f37-c034-4e65-b036-926f7b7a2e40{ip: 10.1.0.43, host: fv-az59-942.csjynl4pkq3e1pkirw3ssqjfoh.cx.internal.cloudapp.net, ports: [REPLICATION=46009, RATIS=45755, RATIS_ADMIN=45755, RATIS_SERVER=45755, STANDALONE=39637], networkLocation: /default-rack, certSerialId: null, persistedOpState: IN_SERVICE, persistedOpStateExpiryEpochSec: 0}, ReplicationConfig: RATIS/ONE, State:CLOSED, leaderId:f0d18f37-c034-4e65-b036-926f7b7a2e40, CreationTimestamp2021-06-11T19:07:06.480Z] removed.
2021-06-11 19:08:18,233 [EventQueue-DeadNodeForDeadNodeHandler] INFO  pipeline.RatisPipelineProvider (RatisPipelineProvider.java:lambda$close$1(209)) - Send pipeline:PipelineID=95b34053-dbda-421a-9298-36bdc7d3f91b close command to datanode f0d18f37-c034-4e65-b036-926f7b7a2e40
2021-06-11 19:08:18,233 [EventQueue-DeadNodeForDeadNodeHandler] INFO  pipeline.RatisPipelineProvider (RatisPipelineProvider.java:lambda$close$1(209)) - Send pipeline:PipelineID=95b34053-dbda-421a-9298-36bdc7d3f91b close command to datanode 1514860f-d988-4646-88fa-884730dadadc
2021-06-11 19:08:18,233 [EventQueue-DeadNodeForDeadNodeHandler] INFO  pipeline.RatisPipelineProvider (RatisPipelineProvider.java:lambda$close$1(209)) - Send pipeline:PipelineID=95b34053-dbda-421a-9298-36bdc7d3f91b close command to datanode f05d9154-dd24-4162-9fdc-352a7a5261e7
2021-06-11 19:08:18,233 [EventQueue-DeadNodeForDeadNodeHandler] INFO  pipeline.PipelineStateManager (PipelineStateManagerV2Impl.java:removePipeline(211)) - Pipeline Pipeline[ Id: 95b34053-dbda-421a-9298-36bdc7d3f91b, Nodes: f0d18f37-c034-4e65-b036-926f7b7a2e40{ip: 10.1.0.43, host: fv-az59-942.csjynl4pkq3e1pkirw3ssqjfoh.cx.internal.cloudapp.net, ports: [REPLICATION=46009, RATIS=45755, RATIS_ADMIN=45755, RATIS_SERVER=45755, STANDALONE=39637], networkLocation: /default-rack, certSerialId: null, persistedOpState: IN_SERVICE, persistedOpStateExpiryEpochSec: 0}1514860f-d988-4646-88fa-884730dadadc{ip: 10.1.0.43, host: fv-az59-942.csjynl4pkq3e1pkirw3ssqjfoh.cx.internal.cloudapp.net, ports: [REPLICATION=38961, RATIS=42983, RATIS_ADMIN=42983, RATIS_SERVER=42983, STANDALONE=46383], networkLocation: /default-rack, certSerialId: null, persistedOpState: IN_SERVICE, persistedOpStateExpiryEpochSec: 0}f05d9154-dd24-4162-9fdc-352a7a5261e7{ip: 10.1.0.43, host: fv-az59-942.csjynl4pkq3e1pkirw3ssqjfoh.cx.internal.cloudapp.net, ports: [REPLICATION=46699, RATIS=40337, RATIS_ADMIN=40337, RATIS_SERVER=40337, STANDALONE=46265], networkLocation: /default-rack, certSerialId: null, persistedOpState: IN_SERVICE, persistedOpStateExpiryEpochSec: 0}, ReplicationConfig: RATIS/THREE, State:CLOSED, leaderId:, CreationTimestamp2021-06-11T19:07:56.988Z] removed.
2021-06-11 19:08:18,233 [EventQueue-DeadNodeForDeadNodeHandler] INFO  node.DeadNodeHandler (DeadNodeHandler.java:onMessage(77)) - A dead datanode is detected. bf85b346-d6dc-4caf-ae79-65e1db1e806c{ip: 10.1.0.43, host: fv-az59-942.csjynl4pkq3e1pkirw3ssqjfoh.cx.internal.cloudapp.net, ports: [REPLICATION=34009, RATIS=43393, RATIS_ADMIN=43393, RATIS_SERVER=43393, STANDALONE=45299], networkLocation: /default-rack, certSerialId: null, persistedOpState: IN_SERVICE, persistedOpStateExpiryEpochSec: 0}
2021-06-11 19:08:18,233 [EventQueue-DeadNodeForDeadNodeHandler] INFO  pipeline.RatisPipelineProvider (RatisPipelineProvider.java:lambda$close$1(209)) - Send pipeline:PipelineID=77e7b361-485a-407e-922f-6f62b5cc8e81 close command to datanode 133b101f-dcee-4efd-9163-9b3704aaa3ee
2021-06-11 19:08:18,233 [EventQueue-DeadNodeForDeadNodeHandler] INFO  pipeline.RatisPipelineProvider (RatisPipelineProvider.java:lambda$close$1(209)) - Send pipeline:PipelineID=77e7b361-485a-407e-922f-6f62b5cc8e81 close command to datanode bf85b346-d6dc-4caf-ae79-65e1db1e806c
2021-06-11 19:08:18,233 [EventQueue-DeadNodeForDeadNodeHandler] INFO  pipeline.RatisPipelineProvider (RatisPipelineProvider.java:lambda$close$1(209)) - Send pipeline:PipelineID=77e7b361-485a-407e-922f-6f62b5cc8e81 close command to datanode 0e0429f1-9636-4fc9-8820-e0f7c83710f3
2021-06-11 19:08:18,234 [EventQueue-DeadNodeForDeadNodeHandler] INFO  pipeline.PipelineStateManager (PipelineStateManagerV2Impl.java:removePipeline(211)) - Pipeline Pipeline[ Id: 77e7b361-485a-407e-922f-6f62b5cc8e81, Nodes: 133b101f-dcee-4efd-9163-9b3704aaa3ee{ip: 10.1.0.43, host: fv-az59-942.csjynl4pkq3e1pkirw3ssqjfoh.cx.internal.cloudapp.net, ports: [REPLICATION=45715, RATIS=37475, RATIS_ADMIN=37475, RATIS_SERVER=37475, STANDALONE=33113], networkLocation: /default-rack, certSerialId: null, persistedOpState: IN_SERVICE, persistedOpStateExpiryEpochSec: 0}bf85b346-d6dc-4caf-ae79-65e1db1e806c{ip: 10.1.0.43, host: fv-az59-942.csjynl4pkq3e1pkirw3ssqjfoh.cx.internal.cloudapp.net, ports: [REPLICATION=34009, RATIS=43393, RATIS_ADMIN=43393, RATIS_SERVER=43393, STANDALONE=45299], networkLocation: /default-rack, certSerialId: null, persistedOpState: IN_SERVICE, persistedOpStateExpiryEpochSec: 0}0e0429f1-9636-4fc9-8820-e0f7c83710f3{ip: 10.1.0.43, host: fv-az59-942.csjynl4pkq3e1pkirw3ssqjfoh.cx.internal.cloudapp.net, ports: [REPLICATION=37481, RATIS=33285, RATIS_ADMIN=33285, RATIS_SERVER=33285, STANDALONE=42653], networkLocation: /default-rack, certSerialId: null, persistedOpState: IN_SERVICE, persistedOpStateExpiryEpochSec: 0}, ReplicationConfig: RATIS/THREE, State:CLOSED, leaderId:133b101f-dcee-4efd-9163-9b3704aaa3ee, CreationTimestamp2021-06-11T19:07:06.895Z] removed.
2021-06-11 19:08:18,234 [EventQueue-DeadNodeForDeadNodeHandler] INFO  pipeline.RatisPipelineProvider (RatisPipelineProvider.java:lambda$close$1(209)) - Send pipeline:PipelineID=4436ad27-774d-4150-9d97-2aec26317323 close command to datanode 133b101f-dcee-4efd-9163-9b3704aaa3ee
2021-06-11 19:08:18,234 [EventQueue-DeadNodeForDeadNodeHandler] INFO  pipeline.RatisPipelineProvider (RatisPipelineProvider.java:lambda$close$1(209)) - Send pipeline:PipelineID=4436ad27-774d-4150-9d97-2aec26317323 close command to datanode bf85b346-d6dc-4caf-ae79-65e1db1e806c
2021-06-11 19:08:18,234 [EventQueue-DeadNodeForDeadNodeHandler] INFO  pipeline.RatisPipelineProvider (RatisPipelineProvider.java:lambda$close$1(209)) - Send pipeline:PipelineID=4436ad27-774d-4150-9d97-2aec26317323 close command to datanode 0e0429f1-9636-4fc9-8820-e0f7c83710f3
2021-06-11 19:08:18,234 [EventQueue-DeadNodeForDeadNodeHandler] INFO  pipeline.PipelineStateManager (PipelineStateManagerV2Impl.java:removePipeline(211)) - Pipeline Pipeline[ Id: 4436ad27-774d-4150-9d97-2aec26317323, Nodes: 133b101f-dcee-4efd-9163-9b3704aaa3ee{ip: 10.1.0.43, host: fv-az59-942.csjynl4pkq3e1pkirw3ssqjfoh.cx.internal.cloudapp.net, ports: [REPLICATION=45715, RATIS=37475, RATIS_ADMIN=37475, RATIS_SERVER=37475, STANDALONE=33113], networkLocation: /default-rack, certSerialId: null, persistedOpState: IN_SERVICE, persistedOpStateExpiryEpochSec: 0}bf85b346-d6dc-4caf-ae79-65e1db1e806c{ip: 10.1.0.43, host: fv-az59-942.csjynl4pkq3e1pkirw3ssqjfoh.cx.internal.cloudapp.net, ports: [REPLICATION=34009, RATIS=43393, RATIS_ADMIN=43393, RATIS_SERVER=43393, STANDALONE=45299], networkLocation: /default-rack, certSerialId: null, persistedOpState: IN_SERVICE, persistedOpStateExpiryEpochSec: 0}0e0429f1-9636-4fc9-8820-e0f7c83710f3{ip: 10.1.0.43, host: fv-az59-942.csjynl4pkq3e1pkirw3ssqjfoh.cx.internal.cloudapp.net, ports: [REPLICATION=37481, RATIS=33285, RATIS_ADMIN=33285, RATIS_SERVER=33285, STANDALONE=42653], networkLocation: /default-rack, certSerialId: null, persistedOpState: IN_SERVICE, persistedOpStateExpiryEpochSec: 0}, ReplicationConfig: RATIS/THREE, State:CLOSED, leaderId:0e0429f1-9636-4fc9-8820-e0f7c83710f3, CreationTimestamp2021-06-11T19:07:06.897Z] removed.
2021-06-11 19:08:18,234 [EventQueue-DeadNodeForDeadNodeHandler] INFO  pipeline.RatisPipelineProvider (RatisPipelineProvider.java:lambda$close$1(209)) - Send pipeline:PipelineID=8e4c0ab6-27ea-42c5-8b38-4d8d835771a9 close command to datanode bf85b346-d6dc-4caf-ae79-65e1db1e806c
2021-06-11 19:08:18,234 [EventQueue-DeadNodeForDeadNodeHandler] INFO  pipeline.PipelineStateManager (PipelineStateManagerV2Impl.java:removePipeline(211)) - Pipeline Pipeline[ Id: 8e4c0ab6-27ea-42c5-8b38-4d8d835771a9, Nodes: bf85b346-d6dc-4caf-ae79-65e1db1e806c{ip: 10.1.0.43, host: fv-az59-942.csjynl4pkq3e1pkirw3ssqjfoh.cx.internal.cloudapp.net, ports: [REPLICATION=34009, RATIS=43393, RATIS_ADMIN=43393, RATIS_SERVER=43393, STANDALONE=45299], networkLocation: /default-rack, certSerialId: null, persistedOpState: IN_SERVICE, persistedOpStateExpiryEpochSec: 0}, ReplicationConfig: RATIS/ONE, State:CLOSED, leaderId:bf85b346-d6dc-4caf-ae79-65e1db1e806c, CreationTimestamp2021-06-11T19:07:06.803Z] removed.
2021-06-11 19:08:18,234 [EventQueue-StaleNodeForStaleNodeHandler] INFO  node.StaleNodeHandler (StaleNodeHandler.java:onMessage(58)) - Datanode 133b101f-dcee-4efd-9163-9b3704aaa3ee{ip: 10.1.0.43, host: fv-az59-942.csjynl4pkq3e1pkirw3ssqjfoh.cx.internal.cloudapp.net, ports: [REPLICATION=45715, RATIS=37475, RATIS_ADMIN=37475, RATIS_SERVER=37475, STANDALONE=33113], networkLocation: /default-rack, certSerialId: null, persistedOpState: IN_SERVICE, persistedOpStateExpiryEpochSec: 0} moved to stale state. Finalizing its pipelines [PipelineID=69019a7c-0f48-453b-bb61-1ae42cc5a9b6]
2021-06-11 19:08:18,234 [EventQueue-StaleNodeForStaleNodeHandler] INFO  pipeline.PipelineManagerV2Impl (PipelineManagerV2Impl.java:closePipeline(330)) - Pipeline Pipeline[ Id: 69019a7c-0f48-453b-bb61-1ae42cc5a9b6, Nodes: 133b101f-dcee-4efd-9163-9b3704aaa3ee{ip: 10.1.0.43, host: fv-az59-942.csjynl4pkq3e1pkirw3ssqjfoh.cx.internal.cloudapp.net, ports: [REPLICATION=45715, RATIS=37475, RATIS_ADMIN=37475, RATIS_SERVER=37475, STANDALONE=33113], networkLocation: /default-rack, certSerialId: null, persistedOpState: IN_SERVICE, persistedOpStateExpiryEpochSec: 0}, ReplicationConfig: RATIS/ONE, State:OPEN, leaderId:133b101f-dcee-4efd-9163-9b3704aaa3ee, CreationTimestamp2021-06-11T19:07:06.894Z] moved to CLOSED state
2021-06-11 19:08:18,406 [Listener at 127.0.0.1/43957] INFO  ozoneimpl.OzoneContainer (OzoneContainer.java:stop(316)) - Attempting to stop container services.
2021-06-11 19:08:18,407 [Listener at 127.0.0.1/43957] INFO  server.RaftServer (RaftServerProxy.java:lambda$close$6(391)) - 0e0429f1-9636-4fc9-8820-e0f7c83710f3: close
2021-06-11 19:08:18,407 [Listener at 127.0.0.1/43957] INFO  server.RaftServer$Division (RaftServerImpl.java:lambda$close$4(406)) - 0e0429f1-9636-4fc9-8820-e0f7c83710f3@group-6F62B5CC8E81: shutdown
2021-06-11 19:08:18,407 [Listener at 127.0.0.1/43957] INFO  util.JmxRegister (JmxRegister.java:unregister(73)) - Successfully un-registered JMX Bean with object name Ratis:service=RaftServer,group=group-6F62B5CC8E81,id=0e0429f1-9636-4fc9-8820-e0f7c83710f3
2021-06-11 19:08:18,407 [Listener at 127.0.0.1/43957] INFO  impl.RoleInfo (RoleInfo.java:shutdownFollowerState(108)) - 0e0429f1-9636-4fc9-8820-e0f7c83710f3: shutdown 0e0429f1-9636-4fc9-8820-e0f7c83710f3@group-6F62B5CC8E81-FollowerState
2021-06-11 19:08:18,407 [Listener at 127.0.0.1/43957] INFO  impl.StateMachineUpdater (StateMachineUpdater.java:stopAndJoin(149)) - 0e0429f1-9636-4fc9-8820-e0f7c83710f3@group-6F62B5CC8E81-StateMachineUpdater: set stopIndex = 0
2021-06-11 19:08:18,407 [0e0429f1-9636-4fc9-8820-e0f7c83710f3@group-6F62B5CC8E81-FollowerState] INFO  impl.FollowerState (FollowerState.java:run(143)) - 0e0429f1-9636-4fc9-8820-e0f7c83710f3@group-6F62B5CC8E81-FollowerState was interrupted: {}
java.lang.InterruptedException: sleep interrupted
	at java.lang.Thread.sleep(Native Method)
	at java.lang.Thread.sleep(Thread.java:340)
	at java.util.concurrent.TimeUnit.sleep(TimeUnit.java:386)
	at org.apache.ratis.util.TimeDuration.sleep(TimeDuration.java:324)
	at org.apache.ratis.util.TimeDuration.sleep(TimeDuration.java:309)
	at org.apache.ratis.server.impl.FollowerState.run(FollowerState.java:118)
2021-06-11 19:08:18,407 [0e0429f1-9636-4fc9-8820-e0f7c83710f3@group-6F62B5CC8E81-StateMachineUpdater] INFO  ratis.ContainerStateMachine (ContainerStateMachine.java:takeSnapshot(292)) - group-6F62B5CC8E81: Taking a snapshot at:(t:1, i:0) file /home/runner/work/ozone/ozone/mnt/ozone/hadoop-ozone/integration-test/target/test-dir/MiniOzoneClusterImpl-7f30813a-d1ba-41a1-975d-e59f1b24795c/datanode-3/data/ratis/77e7b361-485a-407e-922f-6f62b5cc8e81/sm/snapshot.1_0
2021-06-11 19:08:18,409 [0e0429f1-9636-4fc9-8820-e0f7c83710f3@group-6F62B5CC8E81-StateMachineUpdater] INFO  ratis.ContainerStateMachine (ContainerStateMachine.java:takeSnapshot(303)) - group-6F62B5CC8E81: Finished taking a snapshot at:(t:1, i:0) file:/home/runner/work/ozone/ozone/mnt/ozone/hadoop-ozone/integration-test/target/test-dir/MiniOzoneClusterImpl-7f30813a-d1ba-41a1-975d-e59f1b24795c/datanode-3/data/ratis/77e7b361-485a-407e-922f-6f62b5cc8e81/sm/snapshot.1_0 took: 1 ms
2021-06-11 19:08:18,409 [0e0429f1-9636-4fc9-8820-e0f7c83710f3@group-6F62B5CC8E81-StateMachineUpdater] INFO  impl.StateMachineUpdater (StateMachineUpdater.java:takeSnapshot(281)) - 0e0429f1-9636-4fc9-8820-e0f7c83710f3@group-6F62B5CC8E81-StateMachineUpdater: Took a snapshot at index 0
2021-06-11 19:08:18,409 [0e0429f1-9636-4fc9-8820-e0f7c83710f3@group-6F62B5CC8E81-StateMachineUpdater] INFO  impl.StateMachineUpdater (StateMachineUpdater.java:lambda$new$0(89)) - 0e0429f1-9636-4fc9-8820-e0f7c83710f3@group-6F62B5CC8E81-StateMachineUpdater: snapshotIndex: updateIncreasingly -1 -> 0
2021-06-11 19:08:18,409 [0e0429f1-9636-4fc9-8820-e0f7c83710f3@group-6F62B5CC8E81-StateMachineUpdater] INFO  metrics.RatisMetrics (RatisMetrics.java:unregister(43)) - Unregistering Metrics Registry : ratis.state_machine.0e0429f1-9636-4fc9-8820-e0f7c83710f3@group-6F62B5CC8E81
2021-06-11 19:08:18,409 [Listener at 127.0.0.1/43957] INFO  server.RaftServer$Division (ServerState.java:close(405)) - 0e0429f1-9636-4fc9-8820-e0f7c83710f3@group-6F62B5CC8E81: closes. applyIndex: 0
2021-06-11 19:08:18,409 [0e0429f1-9636-4fc9-8820-e0f7c83710f3@group-6F62B5CC8E81-SegmentedRaftLogWorker] INFO  segmented.SegmentedRaftLogWorker (SegmentedRaftLogWorker.java:run(327)) - 0e0429f1-9636-4fc9-8820-e0f7c83710f3@group-6F62B5CC8E81-SegmentedRaftLogWorker was interrupted, exiting. There are 0 tasks remaining in the queue.
2021-06-11 19:08:18,410 [Listener at 127.0.0.1/43957] INFO  segmented.SegmentedRaftLogWorker (SegmentedRaftLogWorker.java:close(237)) - 0e0429f1-9636-4fc9-8820-e0f7c83710f3@group-6F62B5CC8E81-SegmentedRaftLogWorker close()
2021-06-11 19:08:18,410 [Listener at 127.0.0.1/43957] INFO  metrics.RatisMetrics (RatisMetrics.java:unregister(43)) - Unregistering Metrics Registry : ratis.log_worker.0e0429f1-9636-4fc9-8820-e0f7c83710f3@group-6F62B5CC8E81
2021-06-11 19:08:18,410 [Listener at 127.0.0.1/43957] INFO  metrics.RatisMetrics (RatisMetrics.java:unregister(43)) - Unregistering Metrics Registry : ratis.leader_election.0e0429f1-9636-4fc9-8820-e0f7c83710f3@group-6F62B5CC8E81
2021-06-11 19:08:18,410 [Listener at 127.0.0.1/43957] INFO  metrics.RatisMetrics (RatisMetrics.java:unregister(43)) - Unregistering Metrics Registry : ratis.server.0e0429f1-9636-4fc9-8820-e0f7c83710f3@group-6F62B5CC8E81
2021-06-11 19:08:18,410 [Listener at 127.0.0.1/43957] INFO  server.RaftServer$Division (RaftServerImpl.java:lambda$close$4(406)) - 0e0429f1-9636-4fc9-8820-e0f7c83710f3@group-2AEC26317323: shutdown
2021-06-11 19:08:18,410 [Listener at 127.0.0.1/43957] INFO  util.JmxRegister (JmxRegister.java:unregister(73)) - Successfully un-registered JMX Bean with object name Ratis:service=RaftServer,group=group-2AEC26317323,id=0e0429f1-9636-4fc9-8820-e0f7c83710f3
2021-06-11 19:08:18,410 [Listener at 127.0.0.1/43957] INFO  impl.RoleInfo (RoleInfo.java:shutdownLeaderState(91)) - 0e0429f1-9636-4fc9-8820-e0f7c83710f3: shutdown 0e0429f1-9636-4fc9-8820-e0f7c83710f3@group-2AEC26317323-LeaderStateImpl
2021-06-11 19:08:18,410 [Listener at 127.0.0.1/43957] INFO  metrics.RatisMetrics (RatisMetrics.java:unregister(43)) - Unregistering Metrics Registry : ratis_grpc.log_appender.0e0429f1-9636-4fc9-8820-e0f7c83710f3@group-2AEC26317323
2021-06-11 19:08:18,410 [Listener at 127.0.0.1/43957] INFO  metrics.RatisMetrics (RatisMetrics.java:unregister(43)) - Unregistering Metrics Registry : ratis_grpc.log_appender.0e0429f1-9636-4fc9-8820-e0f7c83710f3@group-2AEC26317323
2021-06-11 19:08:18,411 [Listener at 127.0.0.1/43957] INFO  impl.PendingRequests (PendingRequests.java:sendNotLeaderResponses(249)) - 0e0429f1-9636-4fc9-8820-e0f7c83710f3@group-2AEC26317323-PendingRequests: sendNotLeaderResponses
2021-06-11 19:08:18,411 [Listener at 127.0.0.1/43957] INFO  metrics.RatisMetrics (RatisMetrics.java:unregister(43)) - Unregistering Metrics Registry : ratis.log_appender.0e0429f1-9636-4fc9-8820-e0f7c83710f3@group-2AEC26317323
2021-06-11 19:08:18,411 [Listener at 127.0.0.1/43957] INFO  metrics.RatisMetrics (RatisMetrics.java:unregister(43)) - Unregistering Metrics Registry : ratis.server.0e0429f1-9636-4fc9-8820-e0f7c83710f3@group-2AEC26317323
2021-06-11 19:08:18,411 [Listener at 127.0.0.1/43957] INFO  impl.StateMachineUpdater (StateMachineUpdater.java:stopAndJoin(149)) - 0e0429f1-9636-4fc9-8820-e0f7c83710f3@group-2AEC26317323-StateMachineUpdater: set stopIndex = 0
2021-06-11 19:08:18,412 [0e0429f1-9636-4fc9-8820-e0f7c83710f3@group-2AEC26317323-StateMachineUpdater] INFO  ratis.ContainerStateMachine (ContainerStateMachine.java:takeSnapshot(292)) - group-2AEC26317323: Taking a snapshot at:(t:4, i:0) file /home/runner/work/ozone/ozone/mnt/ozone/hadoop-ozone/integration-test/target/test-dir/MiniOzoneClusterImpl-7f30813a-d1ba-41a1-975d-e59f1b24795c/datanode-3/data/ratis/4436ad27-774d-4150-9d97-2aec26317323/sm/snapshot.4_0
2021-06-11 19:08:18,412 [0e0429f1-9636-4fc9-8820-e0f7c83710f3@group-2AEC26317323-StateMachineUpdater] INFO  ratis.ContainerStateMachine (ContainerStateMachine.java:takeSnapshot(303)) - group-2AEC26317323: Finished taking a snapshot at:(t:4, i:0) file:/home/runner/work/ozone/ozone/mnt/ozone/hadoop-ozone/integration-test/target/test-dir/MiniOzoneClusterImpl-7f30813a-d1ba-41a1-975d-e59f1b24795c/datanode-3/data/ratis/4436ad27-774d-4150-9d97-2aec26317323/sm/snapshot.4_0 took: 0 ms
2021-06-11 19:08:18,412 [0e0429f1-9636-4fc9-8820-e0f7c83710f3@group-2AEC26317323-StateMachineUpdater] INFO  impl.StateMachineUpdater (StateMachineUpdater.java:takeSnapshot(281)) - 0e0429f1-9636-4fc9-8820-e0f7c83710f3@group-2AEC26317323-StateMachineUpdater: Took a snapshot at index 0
2021-06-11 19:08:18,412 [0e0429f1-9636-4fc9-8820-e0f7c83710f3@group-2AEC26317323-StateMachineUpdater] INFO  impl.StateMachineUpdater (StateMachineUpdater.java:lambda$new$0(89)) - 0e0429f1-9636-4fc9-8820-e0f7c83710f3@group-2AEC26317323-StateMachineUpdater: snapshotIndex: updateIncreasingly -1 -> 0
2021-06-11 19:08:18,413 [0e0429f1-9636-4fc9-8820-e0f7c83710f3@group-2AEC26317323-StateMachineUpdater] INFO  metrics.RatisMetrics (RatisMetrics.java:unregister(43)) - Unregistering Metrics Registry : ratis.state_machine.0e0429f1-9636-4fc9-8820-e0f7c83710f3@group-2AEC26317323
2021-06-11 19:08:18,413 [Listener at 127.0.0.1/43957] INFO  server.RaftServer$Division (ServerState.java:close(405)) - 0e0429f1-9636-4fc9-8820-e0f7c83710f3@group-2AEC26317323: closes. applyIndex: 0
2021-06-11 19:08:18,413 [0e0429f1-9636-4fc9-8820-e0f7c83710f3@group-2AEC26317323-SegmentedRaftLogWorker] INFO  segmented.SegmentedRaftLogWorker (SegmentedRaftLogWorker.java:run(327)) - 0e0429f1-9636-4fc9-8820-e0f7c83710f3@group-2AEC26317323-SegmentedRaftLogWorker was interrupted, exiting. There are 0 tasks remaining in the queue.
2021-06-11 19:08:18,413 [Listener at 127.0.0.1/43957] INFO  segmented.SegmentedRaftLogWorker (SegmentedRaftLogWorker.java:close(237)) - 0e0429f1-9636-4fc9-8820-e0f7c83710f3@group-2AEC26317323-SegmentedRaftLogWorker close()
2021-06-11 19:08:18,413 [Listener at 127.0.0.1/43957] INFO  metrics.RatisMetrics (RatisMetrics.java:unregister(43)) - Unregistering Metrics Registry : ratis.log_worker.0e0429f1-9636-4fc9-8820-e0f7c83710f3@group-2AEC26317323
2021-06-11 19:08:18,413 [Listener at 127.0.0.1/43957] INFO  metrics.RatisMetrics (RatisMetrics.java:unregister(43)) - Unregistering Metrics Registry : ratis.leader_election.0e0429f1-9636-4fc9-8820-e0f7c83710f3@group-2AEC26317323
2021-06-11 19:08:18,413 [Listener at 127.0.0.1/43957] INFO  metrics.RatisMetrics (RatisMetrics.java:unregister(43)) - Unregistering Metrics Registry : ratis.server.0e0429f1-9636-4fc9-8820-e0f7c83710f3@group-2AEC26317323
2021-06-11 19:08:18,413 [Listener at 127.0.0.1/43957] INFO  server.RaftServer$Division (RaftServerImpl.java:lambda$close$4(406)) - 0e0429f1-9636-4fc9-8820-e0f7c83710f3@group-1408D08955A5: shutdown
2021-06-11 19:08:18,414 [Listener at 127.0.0.1/43957] INFO  util.JmxRegister (JmxRegister.java:unregister(73)) - Successfully un-registered JMX Bean with object name Ratis:service=RaftServer,group=group-1408D08955A5,id=0e0429f1-9636-4fc9-8820-e0f7c83710f3
2021-06-11 19:08:18,414 [Listener at 127.0.0.1/43957] INFO  impl.RoleInfo (RoleInfo.java:shutdownLeaderState(91)) - 0e0429f1-9636-4fc9-8820-e0f7c83710f3: shutdown 0e0429f1-9636-4fc9-8820-e0f7c83710f3@group-1408D08955A5-LeaderStateImpl
2021-06-11 19:08:18,414 [Listener at 127.0.0.1/43957] INFO  impl.PendingRequests (PendingRequests.java:sendNotLeaderResponses(249)) - 0e0429f1-9636-4fc9-8820-e0f7c83710f3@group-1408D08955A5-PendingRequests: sendNotLeaderResponses
2021-06-11 19:08:18,416 [Listener at 127.0.0.1/43957] INFO  metrics.RatisMetrics (RatisMetrics.java:unregister(43)) - Unregistering Metrics Registry : ratis.log_appender.0e0429f1-9636-4fc9-8820-e0f7c83710f3@group-1408D08955A5
2021-06-11 19:08:18,416 [Listener at 127.0.0.1/43957] INFO  metrics.RatisMetrics (RatisMetrics.java:unregister(43)) - Unregistering Metrics Registry : ratis.server.0e0429f1-9636-4fc9-8820-e0f7c83710f3@group-1408D08955A5
2021-06-11 19:08:18,417 [Listener at 127.0.0.1/43957] INFO  impl.StateMachineUpdater (StateMachineUpdater.java:stopAndJoin(149)) - 0e0429f1-9636-4fc9-8820-e0f7c83710f3@group-1408D08955A5-StateMachineUpdater: set stopIndex = 12
2021-06-11 19:08:18,417 [0e0429f1-9636-4fc9-8820-e0f7c83710f3@group-1408D08955A5-StateMachineUpdater] INFO  ratis.ContainerStateMachine (ContainerStateMachine.java:takeSnapshot(292)) - group-1408D08955A5: Taking a snapshot at:(t:1, i:12) file /home/runner/work/ozone/ozone/mnt/ozone/hadoop-ozone/integration-test/target/test-dir/MiniOzoneClusterImpl-7f30813a-d1ba-41a1-975d-e59f1b24795c/datanode-3/data/ratis/fa4011df-cae6-4a8c-97cb-1408d08955a5/sm/snapshot.1_12
2021-06-11 19:08:18,418 [0e0429f1-9636-4fc9-8820-e0f7c83710f3@group-1408D08955A5-StateMachineUpdater] INFO  ratis.ContainerStateMachine (ContainerStateMachine.java:takeSnapshot(303)) - group-1408D08955A5: Finished taking a snapshot at:(t:1, i:12) file:/home/runner/work/ozone/ozone/mnt/ozone/hadoop-ozone/integration-test/target/test-dir/MiniOzoneClusterImpl-7f30813a-d1ba-41a1-975d-e59f1b24795c/datanode-3/data/ratis/fa4011df-cae6-4a8c-97cb-1408d08955a5/sm/snapshot.1_12 took: 1 ms
2021-06-11 19:08:18,418 [0e0429f1-9636-4fc9-8820-e0f7c83710f3@group-1408D08955A5-StateMachineUpdater] INFO  impl.StateMachineUpdater (StateMachineUpdater.java:takeSnapshot(281)) - 0e0429f1-9636-4fc9-8820-e0f7c83710f3@group-1408D08955A5-StateMachineUpdater: Took a snapshot at index 12
2021-06-11 19:08:18,419 [0e0429f1-9636-4fc9-8820-e0f7c83710f3@group-1408D08955A5-StateMachineUpdater] INFO  impl.StateMachineUpdater (StateMachineUpdater.java:lambda$new$0(89)) - 0e0429f1-9636-4fc9-8820-e0f7c83710f3@group-1408D08955A5-StateMachineUpdater: snapshotIndex: updateIncreasingly -1 -> 12
2021-06-11 19:08:18,419 [0e0429f1-9636-4fc9-8820-e0f7c83710f3@group-1408D08955A5-StateMachineUpdater] INFO  metrics.RatisMetrics (RatisMetrics.java:unregister(43)) - Unregistering Metrics Registry : ratis.state_machine.0e0429f1-9636-4fc9-8820-e0f7c83710f3@group-1408D08955A5
2021-06-11 19:08:18,419 [Listener at 127.0.0.1/43957] INFO  server.RaftServer$Division (ServerState.java:close(405)) - 0e0429f1-9636-4fc9-8820-e0f7c83710f3@group-1408D08955A5: closes. applyIndex: 12
2021-06-11 19:08:18,419 [0e0429f1-9636-4fc9-8820-e0f7c83710f3@group-1408D08955A5-SegmentedRaftLogWorker] INFO  segmented.SegmentedRaftLogWorker (SegmentedRaftLogWorker.java:run(327)) - 0e0429f1-9636-4fc9-8820-e0f7c83710f3@group-1408D08955A5-SegmentedRaftLogWorker was interrupted, exiting. There are 0 tasks remaining in the queue.
2021-06-11 19:08:18,420 [Listener at 127.0.0.1/43957] INFO  segmented.SegmentedRaftLogWorker (SegmentedRaftLogWorker.java:close(237)) - 0e0429f1-9636-4fc9-8820-e0f7c83710f3@group-1408D08955A5-SegmentedRaftLogWorker close()
2021-06-11 19:08:18,420 [Listener at 127.0.0.1/43957] INFO  metrics.RatisMetrics (RatisMetrics.java:unregister(43)) - Unregistering Metrics Registry : ratis.log_worker.0e0429f1-9636-4fc9-8820-e0f7c83710f3@group-1408D08955A5
2021-06-11 19:08:18,420 [Listener at 127.0.0.1/43957] INFO  metrics.RatisMetrics (RatisMetrics.java:unregister(43)) - Unregistering Metrics Registry : ratis.leader_election.0e0429f1-9636-4fc9-8820-e0f7c83710f3@group-1408D08955A5
2021-06-11 19:08:18,420 [Listener at 127.0.0.1/43957] INFO  metrics.RatisMetrics (RatisMetrics.java:unregister(43)) - Unregistering Metrics Registry : ratis.server.0e0429f1-9636-4fc9-8820-e0f7c83710f3@group-1408D08955A5
2021-06-11 19:08:18,420 [Listener at 127.0.0.1/43957] INFO  server.GrpcService (GrpcService.java:closeImpl(262)) - 0e0429f1-9636-4fc9-8820-e0f7c83710f3: shutdown server with port 33285 now
2021-06-11 19:08:18,422 [Listener at 127.0.0.1/43957] INFO  server.GrpcService (GrpcService.java:closeImpl(271)) - 0e0429f1-9636-4fc9-8820-e0f7c83710f3: shutdown server with port 33285 successfully
2021-06-11 19:08:18,422 [org.apache.ratis.util.JvmPauseMonitor$$Lambda$513/909036188@3b13c4b7] INFO  util.JvmPauseMonitor (JvmPauseMonitor.java:run(109)) - JvmPauseMonitor-0e0429f1-9636-4fc9-8820-e0f7c83710f3: Stopped
2021-06-11 19:08:18,423 [Listener at 127.0.0.1/43957] INFO  utils.BackgroundService (BackgroundService.java:shutdown(132)) - Shutting down service BlockDeletingService
2021-06-11 19:08:18,426 [Listener at 127.0.0.1/43957] INFO  statemachine.DatanodeStateMachine (DatanodeStateMachine.java:stopDaemon(486)) - Ozone container server stopped.
2021-06-11 19:08:18,427 [Listener at 127.0.0.1/43957] INFO  handler.ContextHandler (ContextHandler.java:doStop(1154)) - Stopped o.e.j.w.WebAppContext@1ac3302a{hddsDatanode,/,null,STOPPED}{jar:file:/home/runner/.m2/repository/org/apache/ozone/hdds-container-service/1.2.0-SNAPSHOT/hdds-container-service-1.2.0-SNAPSHOT.jar!/webapps/hddsDatanode}
2021-06-11 19:08:18,427 [Listener at 127.0.0.1/43957] INFO  server.AbstractConnector (AbstractConnector.java:doStop(381)) - Stopped ServerConnector@424753a{HTTP/1.1, (http/1.1)}{0.0.0.0:0}
2021-06-11 19:08:18,427 [Listener at 127.0.0.1/43957] INFO  server.session (HouseKeeper.java:stopScavenging(149)) - node0 Stopped scavenging
2021-06-11 19:08:18,427 [Listener at 127.0.0.1/43957] INFO  handler.ContextHandler (ContextHandler.java:doStop(1154)) - Stopped o.e.j.s.ServletContextHandler@63aaf97{static,/static,jar:file:/home/runner/.m2/repository/org/apache/ozone/hdds-container-service/1.2.0-SNAPSHOT/hdds-container-service-1.2.0-SNAPSHOT.jar!/webapps/static,STOPPED}
2021-06-11 19:08:18,428 [Listener at 127.0.0.1/43957] INFO  handler.ContextHandler (ContextHandler.java:doStop(1154)) - Stopped o.e.j.s.ServletContextHandler@78002b49{logs,/logs,file:///home/runner/work/ozone/ozone/mnt/ozone/hadoop-ozone/integration-test/target/log,STOPPED}
2021-06-11 19:08:22,339 [EventQueue-DeadNodeForDeadNodeHandler] INFO  node.DeadNodeHandler (DeadNodeHandler.java:onMessage(77)) - A dead datanode is detected. 41bce2b3-bc14-4594-98d7-18715bf094e4{ip: 10.1.0.43, host: fv-az59-942.csjynl4pkq3e1pkirw3ssqjfoh.cx.internal.cloudapp.net, ports: [REPLICATION=42269, RATIS=36265, RATIS_ADMIN=36265, RATIS_SERVER=36265, STANDALONE=38351], networkLocation: /default-rack, certSerialId: null, persistedOpState: IN_SERVICE, persistedOpStateExpiryEpochSec: 0}
2021-06-11 19:08:22,340 [EventQueue-DeadNodeForDeadNodeHandler] INFO  pipeline.RatisPipelineProvider (RatisPipelineProvider.java:lambda$close$1(209)) - Send pipeline:PipelineID=a334afcd-db77-4c25-a7f3-887de3663513 close command to datanode 1514860f-d988-4646-88fa-884730dadadc
2021-06-11 19:08:22,340 [EventQueue-DeadNodeForDeadNodeHandler] INFO  pipeline.RatisPipelineProvider (RatisPipelineProvider.java:lambda$close$1(209)) - Send pipeline:PipelineID=a334afcd-db77-4c25-a7f3-887de3663513 close command to datanode f05d9154-dd24-4162-9fdc-352a7a5261e7
2021-06-11 19:08:22,340 [EventQueue-DeadNodeForDeadNodeHandler] INFO  pipeline.RatisPipelineProvider (RatisPipelineProvider.java:lambda$close$1(209)) - Send pipeline:PipelineID=a334afcd-db77-4c25-a7f3-887de3663513 close command to datanode 41bce2b3-bc14-4594-98d7-18715bf094e4
2021-06-11 19:08:22,340 [EventQueue-DeadNodeForDeadNodeHandler] INFO  pipeline.PipelineStateManager (PipelineStateManagerV2Impl.java:removePipeline(211)) - Pipeline Pipeline[ Id: a334afcd-db77-4c25-a7f3-887de3663513, Nodes: 1514860f-d988-4646-88fa-884730dadadc{ip: 10.1.0.43, host: fv-az59-942.csjynl4pkq3e1pkirw3ssqjfoh.cx.internal.cloudapp.net, ports: [REPLICATION=38961, RATIS=42983, RATIS_ADMIN=42983, RATIS_SERVER=42983, STANDALONE=46383], networkLocation: /default-rack, certSerialId: null, persistedOpState: IN_SERVICE, persistedOpStateExpiryEpochSec: 0}f05d9154-dd24-4162-9fdc-352a7a5261e7{ip: 10.1.0.43, host: fv-az59-942.csjynl4pkq3e1pkirw3ssqjfoh.cx.internal.cloudapp.net, ports: [REPLICATION=46699, RATIS=40337, RATIS_ADMIN=40337, RATIS_SERVER=40337, STANDALONE=46265], networkLocation: /default-rack, certSerialId: null, persistedOpState: IN_SERVICE, persistedOpStateExpiryEpochSec: 0}41bce2b3-bc14-4594-98d7-18715bf094e4{ip: 10.1.0.43, host: fv-az59-942.csjynl4pkq3e1pkirw3ssqjfoh.cx.internal.cloudapp.net, ports: [REPLICATION=42269, RATIS=36265, RATIS_ADMIN=36265, RATIS_SERVER=36265, STANDALONE=38351], networkLocation: /default-rack, certSerialId: null, persistedOpState: IN_SERVICE, persistedOpStateExpiryEpochSec: 0}, ReplicationConfig: RATIS/THREE, State:CLOSED, leaderId:f05d9154-dd24-4162-9fdc-352a7a5261e7, CreationTimestamp2021-06-11T19:07:56.989Z] removed.
2021-06-11 19:08:22,341 [EventQueue-DeadNodeForDeadNodeHandler] INFO  pipeline.RatisPipelineProvider (RatisPipelineProvider.java:lambda$close$1(209)) - Send pipeline:PipelineID=1f6c5e09-d23f-4d24-be5d-69a6b301964f close command to datanode 41bce2b3-bc14-4594-98d7-18715bf094e4
2021-06-11 19:08:22,341 [EventQueue-DeadNodeForDeadNodeHandler] INFO  pipeline.PipelineStateManager (PipelineStateManagerV2Impl.java:removePipeline(211)) - Pipeline Pipeline[ Id: 1f6c5e09-d23f-4d24-be5d-69a6b301964f, Nodes: 41bce2b3-bc14-4594-98d7-18715bf094e4{ip: 10.1.0.43, host: fv-az59-942.csjynl4pkq3e1pkirw3ssqjfoh.cx.internal.cloudapp.net, ports: [REPLICATION=42269, RATIS=36265, RATIS_ADMIN=36265, RATIS_SERVER=36265, STANDALONE=38351], networkLocation: /default-rack, certSerialId: null, persistedOpState: IN_SERVICE, persistedOpStateExpiryEpochSec: 0}, ReplicationConfig: RATIS/ONE, State:CLOSED, leaderId:41bce2b3-bc14-4594-98d7-18715bf094e4, CreationTimestamp2021-06-11T19:07:06.610Z] removed.
2021-06-11 19:08:22,841 [EventQueue-StaleNodeForStaleNodeHandler] INFO  node.StaleNodeHandler (StaleNodeHandler.java:onMessage(58)) - Datanode 0e0429f1-9636-4fc9-8820-e0f7c83710f3{ip: 10.1.0.43, host: fv-az59-942.csjynl4pkq3e1pkirw3ssqjfoh.cx.internal.cloudapp.net, ports: [REPLICATION=37481, RATIS=33285, RATIS_ADMIN=33285, RATIS_SERVER=33285, STANDALONE=42653], networkLocation: /default-rack, certSerialId: null, persistedOpState: IN_SERVICE, persistedOpStateExpiryEpochSec: 0} moved to stale state. Finalizing its pipelines [PipelineID=fa4011df-cae6-4a8c-97cb-1408d08955a5]
2021-06-11 19:08:22,841 [EventQueue-StaleNodeForStaleNodeHandler] INFO  pipeline.PipelineManagerV2Impl (PipelineManagerV2Impl.java:closePipeline(330)) - Pipeline Pipeline[ Id: fa4011df-cae6-4a8c-97cb-1408d08955a5, Nodes: 0e0429f1-9636-4fc9-8820-e0f7c83710f3{ip: 10.1.0.43, host: fv-az59-942.csjynl4pkq3e1pkirw3ssqjfoh.cx.internal.cloudapp.net, ports: [REPLICATION=37481, RATIS=33285, RATIS_ADMIN=33285, RATIS_SERVER=33285, STANDALONE=42653], networkLocation: /default-rack, certSerialId: null, persistedOpState: IN_SERVICE, persistedOpStateExpiryEpochSec: 0}, ReplicationConfig: RATIS/ONE, State:OPEN, leaderId:0e0429f1-9636-4fc9-8820-e0f7c83710f3, CreationTimestamp2021-06-11T19:07:06.703Z] moved to CLOSED state
2021-06-11 19:08:22,841 [EventQueue-CloseContainerForCloseContainerEventHandler] INFO  container.CloseContainerEventHandler (CloseContainerEventHandler.java:onMessage(69)) - Close container Event triggered for container : #2
2021-06-11 19:08:23,241 [EventQueue-DeadNodeForDeadNodeHandler] INFO  node.DeadNodeHandler (DeadNodeHandler.java:onMessage(77)) - A dead datanode is detected. 1514860f-d988-4646-88fa-884730dadadc{ip: 10.1.0.43, host: fv-az59-942.csjynl4pkq3e1pkirw3ssqjfoh.cx.internal.cloudapp.net, ports: [REPLICATION=38961, RATIS=42983, RATIS_ADMIN=42983, RATIS_SERVER=42983, STANDALONE=46383], networkLocation: /default-rack, certSerialId: null, persistedOpState: IN_SERVICE, persistedOpStateExpiryEpochSec: 0}
2021-06-11 19:08:23,242 [EventQueue-DeadNodeForDeadNodeHandler] INFO  pipeline.RatisPipelineProvider (RatisPipelineProvider.java:lambda$close$1(209)) - Send pipeline:PipelineID=4d6a1a96-517a-425c-929c-bacd0ec680c0 close command to datanode 1514860f-d988-4646-88fa-884730dadadc
2021-06-11 19:08:23,242 [EventQueue-DeadNodeForDeadNodeHandler] INFO  pipeline.PipelineStateManager (PipelineStateManagerV2Impl.java:removePipeline(211)) - Pipeline Pipeline[ Id: 4d6a1a96-517a-425c-929c-bacd0ec680c0, Nodes: 1514860f-d988-4646-88fa-884730dadadc{ip: 10.1.0.43, host: fv-az59-942.csjynl4pkq3e1pkirw3ssqjfoh.cx.internal.cloudapp.net, ports: [REPLICATION=38961, RATIS=42983, RATIS_ADMIN=42983, RATIS_SERVER=42983, STANDALONE=46383], networkLocation: /default-rack, certSerialId: null, persistedOpState: IN_SERVICE, persistedOpStateExpiryEpochSec: 0}, ReplicationConfig: RATIS/ONE, State:CLOSED, leaderId:1514860f-d988-4646-88fa-884730dadadc, CreationTimestamp2021-06-11T19:07:56.987Z] removed.
2021-06-11 19:08:27,350 [EventQueue-DeadNodeForDeadNodeHandler] INFO  node.DeadNodeHandler (DeadNodeHandler.java:onMessage(77)) - A dead datanode is detected. f05d9154-dd24-4162-9fdc-352a7a5261e7{ip: 10.1.0.43, host: fv-az59-942.csjynl4pkq3e1pkirw3ssqjfoh.cx.internal.cloudapp.net, ports: [REPLICATION=46699, RATIS=40337, RATIS_ADMIN=40337, RATIS_SERVER=40337, STANDALONE=46265], networkLocation: /default-rack, certSerialId: null, persistedOpState: IN_SERVICE, persistedOpStateExpiryEpochSec: 0}
2021-06-11 19:08:27,350 [EventQueue-DeadNodeForDeadNodeHandler] INFO  pipeline.RatisPipelineProvider (RatisPipelineProvider.java:lambda$close$1(209)) - Send pipeline:PipelineID=2cbab893-9b08-4c7b-b432-aef45fd9e54b close command to datanode f05d9154-dd24-4162-9fdc-352a7a5261e7
2021-06-11 19:08:27,350 [EventQueue-DeadNodeForDeadNodeHandler] INFO  pipeline.PipelineStateManager (PipelineStateManagerV2Impl.java:removePipeline(211)) - Pipeline Pipeline[ Id: 2cbab893-9b08-4c7b-b432-aef45fd9e54b, Nodes: f05d9154-dd24-4162-9fdc-352a7a5261e7{ip: 10.1.0.43, host: fv-az59-942.csjynl4pkq3e1pkirw3ssqjfoh.cx.internal.cloudapp.net, ports: [REPLICATION=46699, RATIS=40337, RATIS_ADMIN=40337, RATIS_SERVER=40337, STANDALONE=46265], networkLocation: /default-rack, certSerialId: null, persistedOpState: IN_SERVICE, persistedOpStateExpiryEpochSec: 0}, ReplicationConfig: RATIS/ONE, State:CLOSED, leaderId:f05d9154-dd24-4162-9fdc-352a7a5261e7, CreationTimestamp2021-06-11T19:07:07Z] removed.
2021-06-11 19:08:28,151 [EventQueue-DeadNodeForDeadNodeHandler] INFO  node.DeadNodeHandler (DeadNodeHandler.java:onMessage(77)) - A dead datanode is detected. 133b101f-dcee-4efd-9163-9b3704aaa3ee{ip: 10.1.0.43, host: fv-az59-942.csjynl4pkq3e1pkirw3ssqjfoh.cx.internal.cloudapp.net, ports: [REPLICATION=45715, RATIS=37475, RATIS_ADMIN=37475, RATIS_SERVER=37475, STANDALONE=33113], networkLocation: /default-rack, certSerialId: null, persistedOpState: IN_SERVICE, persistedOpStateExpiryEpochSec: 0}
2021-06-11 19:08:28,151 [EventQueue-DeadNodeForDeadNodeHandler] INFO  pipeline.RatisPipelineProvider (RatisPipelineProvider.java:lambda$close$1(209)) - Send pipeline:PipelineID=69019a7c-0f48-453b-bb61-1ae42cc5a9b6 close command to datanode 133b101f-dcee-4efd-9163-9b3704aaa3ee
2021-06-11 19:08:28,152 [EventQueue-DeadNodeForDeadNodeHandler] INFO  pipeline.PipelineStateManager (PipelineStateManagerV2Impl.java:removePipeline(211)) - Pipeline Pipeline[ Id: 69019a7c-0f48-453b-bb61-1ae42cc5a9b6, Nodes: 133b101f-dcee-4efd-9163-9b3704aaa3ee{ip: 10.1.0.43, host: fv-az59-942.csjynl4pkq3e1pkirw3ssqjfoh.cx.internal.cloudapp.net, ports: [REPLICATION=45715, RATIS=37475, RATIS_ADMIN=37475, RATIS_SERVER=37475, STANDALONE=33113], networkLocation: /default-rack, certSerialId: null, persistedOpState: IN_SERVICE, persistedOpStateExpiryEpochSec: 0}, ReplicationConfig: RATIS/ONE, State:CLOSED, leaderId:133b101f-dcee-4efd-9163-9b3704aaa3ee, CreationTimestamp2021-06-11T19:07:06.894Z] removed.
2021-06-11 19:08:32,861 [EventQueue-DeadNodeForDeadNodeHandler] INFO  node.DeadNodeHandler (DeadNodeHandler.java:onMessage(77)) - A dead datanode is detected. 0e0429f1-9636-4fc9-8820-e0f7c83710f3{ip: 10.1.0.43, host: fv-az59-942.csjynl4pkq3e1pkirw3ssqjfoh.cx.internal.cloudapp.net, ports: [REPLICATION=37481, RATIS=33285, RATIS_ADMIN=33285, RATIS_SERVER=33285, STANDALONE=42653], networkLocation: /default-rack, certSerialId: null, persistedOpState: IN_SERVICE, persistedOpStateExpiryEpochSec: 0}
2021-06-11 19:08:32,861 [EventQueue-DeadNodeForDeadNodeHandler] INFO  pipeline.RatisPipelineProvider (RatisPipelineProvider.java:lambda$close$1(209)) - Send pipeline:PipelineID=fa4011df-cae6-4a8c-97cb-1408d08955a5 close command to datanode 0e0429f1-9636-4fc9-8820-e0f7c83710f3
2021-06-11 19:08:32,861 [EventQueue-DeadNodeForDeadNodeHandler] INFO  pipeline.PipelineStateManager (PipelineStateManagerV2Impl.java:removePipeline(211)) - Pipeline Pipeline[ Id: fa4011df-cae6-4a8c-97cb-1408d08955a5, Nodes: 0e0429f1-9636-4fc9-8820-e0f7c83710f3{ip: 10.1.0.43, host: fv-az59-942.csjynl4pkq3e1pkirw3ssqjfoh.cx.internal.cloudapp.net, ports: [REPLICATION=37481, RATIS=33285, RATIS_ADMIN=33285, RATIS_SERVER=33285, STANDALONE=42653], networkLocation: /default-rack, certSerialId: null, persistedOpState: IN_SERVICE, persistedOpStateExpiryEpochSec: 0}, ReplicationConfig: RATIS/ONE, State:CLOSED, leaderId:0e0429f1-9636-4fc9-8820-e0f7c83710f3, CreationTimestamp2021-06-11T19:07:06.703Z] removed.
2021-06-11 19:09:56,990 [RatisPipelineUtilsThread - 0] WARN  pipeline.PipelinePlacementPolicy (PipelinePlacementPolicy.java:filterViableNodes(151)) - Pipeline creation failed due to no sufficient healthy datanodes. Required 3. Found 0.
2021-06-11 19:11:56,991 [RatisPipelineUtilsThread - 0] WARN  pipeline.PipelinePlacementPolicy (PipelinePlacementPolicy.java:filterViableNodes(151)) - Pipeline creation failed due to no sufficient healthy datanodes. Required 3. Found 0.
]]></system-out>
    <system-err><![CDATA[Jun 11, 2021 7:07:26 PM org.apache.ratis.thirdparty.io.grpc.internal.ManagedChannelOrphanWrapper$ManagedChannelReference cleanQueue
SEVERE: *~*~*~ Channel ManagedChannelImpl{logId=537, target=10.1.0.43:43977} was not shutdown properly!!! ~*~*~*
    Make sure to call shutdown()/shutdownNow() and wait until awaitTermination() returns true.
java.lang.RuntimeException: ManagedChannel allocation site
	at org.apache.ratis.thirdparty.io.grpc.internal.ManagedChannelOrphanWrapper$ManagedChannelReference.<init>(ManagedChannelOrphanWrapper.java:93)
	at org.apache.ratis.thirdparty.io.grpc.internal.ManagedChannelOrphanWrapper.<init>(ManagedChannelOrphanWrapper.java:53)
	at org.apache.ratis.thirdparty.io.grpc.internal.ManagedChannelOrphanWrapper.<init>(ManagedChannelOrphanWrapper.java:44)
	at org.apache.ratis.thirdparty.io.grpc.internal.ManagedChannelImplBuilder.build(ManagedChannelImplBuilder.java:596)
	at org.apache.ratis.thirdparty.io.grpc.ForwardingChannelBuilder.build(ForwardingChannelBuilder.java:255)
	at org.apache.hadoop.hdds.scm.XceiverClientGrpc.connectToDatanode(XceiverClientGrpc.java:193)
	at org.apache.hadoop.hdds.scm.XceiverClientGrpc.connect(XceiverClientGrpc.java:142)
	at org.apache.hadoop.hdds.scm.XceiverClientManager$2.call(XceiverClientManager.java:237)
	at org.apache.hadoop.hdds.scm.XceiverClientManager$2.call(XceiverClientManager.java:221)
	at com.google.common.cache.LocalCache$LocalManualCache$1.load(LocalCache.java:4864)
	at com.google.common.cache.LocalCache$LoadingValueReference.loadFuture(LocalCache.java:3529)
	at com.google.common.cache.LocalCache$Segment.loadSync(LocalCache.java:2278)
	at com.google.common.cache.LocalCache$Segment.lockedGetOrLoad(LocalCache.java:2155)
	at com.google.common.cache.LocalCache$Segment.get(LocalCache.java:2045)
	at com.google.common.cache.LocalCache.get(LocalCache.java:3962)
	at com.google.common.cache.LocalCache$LocalManualCache.get(LocalCache.java:4859)
	at org.apache.hadoop.hdds.scm.XceiverClientManager.getClient(XceiverClientManager.java:221)
	at org.apache.hadoop.hdds.scm.XceiverClientManager.acquireClient(XceiverClientManager.java:165)
	at org.apache.hadoop.hdds.scm.XceiverClientManager.acquireClientForReadData(XceiverClientManager.java:154)
	at org.apache.hadoop.hdds.scm.storage.BlockInputStream.acquireClient(BlockInputStream.java:235)
	at org.apache.hadoop.hdds.scm.storage.BlockInputStream.getChunkInfos(BlockInputStream.java:209)
	at org.apache.hadoop.hdds.scm.storage.BlockInputStream.initialize(BlockInputStream.java:147)
	at org.apache.hadoop.hdds.scm.storage.BlockInputStream.readWithStrategy(BlockInputStream.java:294)
	at org.apache.hadoop.hdds.scm.storage.BlockInputStream.read(BlockInputStream.java:277)
	at org.apache.hadoop.hdds.scm.storage.ByteArrayReader.readFromBlock(ByteArrayReader.java:57)
	at org.apache.hadoop.ozone.client.io.KeyInputStream.readWithStrategy(KeyInputStream.java:262)
	at org.apache.hadoop.ozone.client.io.KeyInputStream.read(KeyInputStream.java:230)
	at org.apache.hadoop.ozone.client.io.OzoneInputStream.read(OzoneInputStream.java:55)
	at java.io.InputStream.read(InputStream.java:101)
	at org.apache.hadoop.ozone.container.TestHelper.validateData(TestHelper.java:146)
	at org.apache.hadoop.ozone.client.rpc.TestBlockOutputStreamWithFailures.validateData(TestBlockOutputStreamWithFailures.java:869)
	at org.apache.hadoop.ozone.client.rpc.TestBlockOutputStreamWithFailures.testDatanodeFailureWithPreAllocation(TestBlockOutputStreamWithFailures.java:852)
	at sun.reflect.NativeMethodAccessorImpl.invoke0(Native Method)
	at sun.reflect.NativeMethodAccessorImpl.invoke(NativeMethodAccessorImpl.java:62)
	at sun.reflect.DelegatingMethodAccessorImpl.invoke(DelegatingMethodAccessorImpl.java:43)
	at java.lang.reflect.Method.invoke(Method.java:498)
	at org.junit.runners.model.FrameworkMethod$1.runReflectiveCall(FrameworkMethod.java:59)
	at org.junit.internal.runners.model.ReflectiveCallable.run(ReflectiveCallable.java:12)
	at org.junit.runners.model.FrameworkMethod.invokeExplosively(FrameworkMethod.java:56)
	at org.junit.internal.runners.statements.InvokeMethod.evaluate(InvokeMethod.java:17)
	at org.junit.internal.runners.statements.RunBefores.evaluate(RunBefores.java:26)
	at org.junit.internal.runners.statements.RunAfters.evaluate(RunAfters.java:27)
	at org.junit.internal.runners.statements.FailOnTimeout$CallableStatement.call(FailOnTimeout.java:288)
	at org.junit.internal.runners.statements.FailOnTimeout$CallableStatement.call(FailOnTimeout.java:282)
	at java.util.concurrent.FutureTask.run(FutureTask.java:266)
	at java.lang.Thread.run(Thread.java:748)

Jun 11, 2021 7:07:26 PM org.apache.ratis.thirdparty.io.grpc.internal.ManagedChannelOrphanWrapper$ManagedChannelReference cleanQueue
SEVERE: *~*~*~ Channel ManagedChannelImpl{logId=518, target=10.1.0.43:38417} was not shutdown properly!!! ~*~*~*
    Make sure to call shutdown()/shutdownNow() and wait until awaitTermination() returns true.
java.lang.RuntimeException: ManagedChannel allocation site
	at org.apache.ratis.thirdparty.io.grpc.internal.ManagedChannelOrphanWrapper$ManagedChannelReference.<init>(ManagedChannelOrphanWrapper.java:93)
	at org.apache.ratis.thirdparty.io.grpc.internal.ManagedChannelOrphanWrapper.<init>(ManagedChannelOrphanWrapper.java:53)
	at org.apache.ratis.thirdparty.io.grpc.internal.ManagedChannelOrphanWrapper.<init>(ManagedChannelOrphanWrapper.java:44)
	at org.apache.ratis.thirdparty.io.grpc.internal.ManagedChannelImplBuilder.build(ManagedChannelImplBuilder.java:596)
	at org.apache.ratis.thirdparty.io.grpc.ForwardingChannelBuilder.build(ForwardingChannelBuilder.java:255)
	at org.apache.ratis.grpc.client.GrpcClientProtocolClient.buildChannel(GrpcClientProtocolClient.java:159)
	at org.apache.ratis.grpc.client.GrpcClientProtocolClient.<init>(GrpcClientProtocolClient.java:110)
	at org.apache.ratis.grpc.client.GrpcClientRpc.lambda$new$0(GrpcClientRpc.java:57)
	at org.apache.ratis.util.PeerProxyMap$PeerAndProxy.lambda$getProxy$0(PeerProxyMap.java:63)
	at org.apache.ratis.util.LifeCycle.startAndTransition(LifeCycle.java:270)
	at org.apache.ratis.util.PeerProxyMap$PeerAndProxy.getProxy(PeerProxyMap.java:62)
	at org.apache.ratis.util.PeerProxyMap.getProxy(PeerProxyMap.java:114)
	at org.apache.ratis.grpc.client.GrpcClientRpc.sendRequestAsync(GrpcClientRpc.java:67)
	at org.apache.ratis.client.impl.OrderedAsync.sendRequest(OrderedAsync.java:235)
	at org.apache.ratis.client.impl.OrderedAsync.sendRequestWithRetry(OrderedAsync.java:189)
	at org.apache.ratis.util.SlidingWindow$Client.sendOrDelayRequest(SlidingWindow.java:280)
	at org.apache.ratis.util.SlidingWindow$Client.submitNewRequest(SlidingWindow.java:259)
	at org.apache.ratis.client.impl.OrderedAsync.send(OrderedAsync.java:170)
	at org.apache.ratis.client.impl.OrderedAsync.newInstance(OrderedAsync.java:118)
	at org.apache.ratis.client.impl.RaftClientImpl.lambda$new$0(RaftClientImpl.java:148)
	at org.apache.ratis.util.MemoizedSupplier.get(MemoizedSupplier.java:62)
	at org.apache.ratis.client.impl.RaftClientImpl.getOrderedAsync(RaftClientImpl.java:201)
	at org.apache.ratis.client.impl.AsyncImpl.send(AsyncImpl.java:41)
	at org.apache.ratis.client.impl.AsyncImpl.send(AsyncImpl.java:46)
	at org.apache.hadoop.hdds.scm.XceiverClientRatis.lambda$sendRequestAsync$3(XceiverClientRatis.java:225)
	at org.apache.hadoop.hdds.tracing.TracingUtil.executeInNewSpan(TracingUtil.java:159)
	at org.apache.hadoop.hdds.scm.XceiverClientRatis.sendRequestAsync(XceiverClientRatis.java:210)
	at org.apache.hadoop.hdds.scm.XceiverClientRatis.sendCommandAsync(XceiverClientRatis.java:306)
	at org.apache.hadoop.hdds.scm.storage.ContainerProtocolCalls.writeChunkAsync(ContainerProtocolCalls.java:305)
	at org.apache.hadoop.hdds.scm.storage.BlockOutputStream.writeChunkToContainer(BlockOutputStream.java:664)
	at org.apache.hadoop.hdds.scm.storage.BlockOutputStream.writeChunk(BlockOutputStream.java:506)
	at org.apache.hadoop.hdds.scm.storage.BlockOutputStream.writeOnRetry(BlockOutputStream.java:317)
	at org.apache.hadoop.ozone.client.io.BlockOutputStreamEntry.writeOnRetry(BlockOutputStreamEntry.java:186)
	at org.apache.hadoop.ozone.client.io.KeyOutputStream.writeToOutputStream(KeyOutputStream.java:260)
	at org.apache.hadoop.ozone.client.io.KeyOutputStream.handleWrite(KeyOutputStream.java:240)
	at org.apache.hadoop.ozone.client.io.KeyOutputStream.handleRetry(KeyOutputStream.java:423)
	at org.apache.hadoop.ozone.client.io.KeyOutputStream.handleException(KeyOutputStream.java:368)
	at org.apache.hadoop.ozone.client.io.KeyOutputStream.handleFlushOrClose(KeyOutputStream.java:479)
	at org.apache.hadoop.ozone.client.io.KeyOutputStream.handleWrite(KeyOutputStream.java:244)
	at org.apache.hadoop.ozone.client.io.KeyOutputStream.write(KeyOutputStream.java:220)
	at org.apache.hadoop.ozone.client.io.OzoneOutputStream.write(OzoneOutputStream.java:50)
	at java.io.OutputStream.write(OutputStream.java:75)
	at org.apache.hadoop.ozone.client.rpc.TestBlockOutputStreamWithFailures.testDatanodeFailureWithPreAllocation(TestBlockOutputStreamWithFailures.java:830)
	at sun.reflect.NativeMethodAccessorImpl.invoke0(Native Method)
	at sun.reflect.NativeMethodAccessorImpl.invoke(NativeMethodAccessorImpl.java:62)
	at sun.reflect.DelegatingMethodAccessorImpl.invoke(DelegatingMethodAccessorImpl.java:43)
	at java.lang.reflect.Method.invoke(Method.java:498)
	at org.junit.runners.model.FrameworkMethod$1.runReflectiveCall(FrameworkMethod.java:59)
	at org.junit.internal.runners.model.ReflectiveCallable.run(ReflectiveCallable.java:12)
	at org.junit.runners.model.FrameworkMethod.invokeExplosively(FrameworkMethod.java:56)
	at org.junit.internal.runners.statements.InvokeMethod.evaluate(InvokeMethod.java:17)
	at org.junit.internal.runners.statements.RunBefores.evaluate(RunBefores.java:26)
	at org.junit.internal.runners.statements.RunAfters.evaluate(RunAfters.java:27)
	at org.junit.internal.runners.statements.FailOnTimeout$CallableStatement.call(FailOnTimeout.java:288)
	at org.junit.internal.runners.statements.FailOnTimeout$CallableStatement.call(FailOnTimeout.java:282)
	at java.util.concurrent.FutureTask.run(FutureTask.java:266)
	at java.lang.Thread.run(Thread.java:748)

Jun 11, 2021 7:07:26 PM org.apache.ratis.thirdparty.io.grpc.internal.ManagedChannelOrphanWrapper$ManagedChannelReference cleanQueue
SEVERE: *~*~*~ Channel ManagedChannelImpl{logId=532, target=10.1.0.43:42123} was not shutdown properly!!! ~*~*~*
    Make sure to call shutdown()/shutdownNow() and wait until awaitTermination() returns true.
java.lang.RuntimeException: ManagedChannel allocation site
	at org.apache.ratis.thirdparty.io.grpc.internal.ManagedChannelOrphanWrapper$ManagedChannelReference.<init>(ManagedChannelOrphanWrapper.java:93)
	at org.apache.ratis.thirdparty.io.grpc.internal.ManagedChannelOrphanWrapper.<init>(ManagedChannelOrphanWrapper.java:53)
	at org.apache.ratis.thirdparty.io.grpc.internal.ManagedChannelOrphanWrapper.<init>(ManagedChannelOrphanWrapper.java:44)
	at org.apache.ratis.thirdparty.io.grpc.internal.ManagedChannelImplBuilder.build(ManagedChannelImplBuilder.java:596)
	at org.apache.ratis.thirdparty.io.grpc.ForwardingChannelBuilder.build(ForwardingChannelBuilder.java:255)
	at org.apache.hadoop.hdds.scm.XceiverClientGrpc.connectToDatanode(XceiverClientGrpc.java:193)
	at org.apache.hadoop.hdds.scm.XceiverClientGrpc.connect(XceiverClientGrpc.java:142)
	at org.apache.hadoop.hdds.scm.XceiverClientManager$2.call(XceiverClientManager.java:237)
	at org.apache.hadoop.hdds.scm.XceiverClientManager$2.call(XceiverClientManager.java:221)
	at com.google.common.cache.LocalCache$LocalManualCache$1.load(LocalCache.java:4864)
	at com.google.common.cache.LocalCache$LoadingValueReference.loadFuture(LocalCache.java:3529)
	at com.google.common.cache.LocalCache$Segment.loadSync(LocalCache.java:2278)
	at com.google.common.cache.LocalCache$Segment.lockedGetOrLoad(LocalCache.java:2155)
	at com.google.common.cache.LocalCache$Segment.get(LocalCache.java:2045)
	at com.google.common.cache.LocalCache.get(LocalCache.java:3962)
	at com.google.common.cache.LocalCache$LocalManualCache.get(LocalCache.java:4859)
	at org.apache.hadoop.hdds.scm.XceiverClientManager.getClient(XceiverClientManager.java:221)
	at org.apache.hadoop.hdds.scm.XceiverClientManager.acquireClient(XceiverClientManager.java:165)
	at org.apache.hadoop.hdds.scm.XceiverClientManager.acquireClientForReadData(XceiverClientManager.java:154)
	at org.apache.hadoop.hdds.scm.storage.BlockInputStream.acquireClient(BlockInputStream.java:235)
	at org.apache.hadoop.hdds.scm.storage.BlockInputStream.getChunkInfos(BlockInputStream.java:209)
	at org.apache.hadoop.hdds.scm.storage.BlockInputStream.initialize(BlockInputStream.java:147)
	at org.apache.hadoop.hdds.scm.storage.BlockInputStream.readWithStrategy(BlockInputStream.java:294)
	at org.apache.hadoop.hdds.scm.storage.BlockInputStream.read(BlockInputStream.java:277)
	at org.apache.hadoop.hdds.scm.storage.ByteArrayReader.readFromBlock(ByteArrayReader.java:57)
	at org.apache.hadoop.ozone.client.io.KeyInputStream.readWithStrategy(KeyInputStream.java:262)
	at org.apache.hadoop.ozone.client.io.KeyInputStream.read(KeyInputStream.java:230)
	at org.apache.hadoop.ozone.client.io.OzoneInputStream.read(OzoneInputStream.java:55)
	at java.io.InputStream.read(InputStream.java:101)
	at org.apache.hadoop.ozone.container.TestHelper.validateData(TestHelper.java:146)
	at org.apache.hadoop.ozone.client.rpc.TestBlockOutputStreamWithFailures.validateData(TestBlockOutputStreamWithFailures.java:869)
	at org.apache.hadoop.ozone.client.rpc.TestBlockOutputStreamWithFailures.testDatanodeFailureWithPreAllocation(TestBlockOutputStreamWithFailures.java:852)
	at sun.reflect.NativeMethodAccessorImpl.invoke0(Native Method)
	at sun.reflect.NativeMethodAccessorImpl.invoke(NativeMethodAccessorImpl.java:62)
	at sun.reflect.DelegatingMethodAccessorImpl.invoke(DelegatingMethodAccessorImpl.java:43)
	at java.lang.reflect.Method.invoke(Method.java:498)
	at org.junit.runners.model.FrameworkMethod$1.runReflectiveCall(FrameworkMethod.java:59)
	at org.junit.internal.runners.model.ReflectiveCallable.run(ReflectiveCallable.java:12)
	at org.junit.runners.model.FrameworkMethod.invokeExplosively(FrameworkMethod.java:56)
	at org.junit.internal.runners.statements.InvokeMethod.evaluate(InvokeMethod.java:17)
	at org.junit.internal.runners.statements.RunBefores.evaluate(RunBefores.java:26)
	at org.junit.internal.runners.statements.RunAfters.evaluate(RunAfters.java:27)
	at org.junit.internal.runners.statements.FailOnTimeout$CallableStatement.call(FailOnTimeout.java:288)
	at org.junit.internal.runners.statements.FailOnTimeout$CallableStatement.call(FailOnTimeout.java:282)
	at java.util.concurrent.FutureTask.run(FutureTask.java:266)
	at java.lang.Thread.run(Thread.java:748)

Jun 11, 2021 7:07:32 PM org.apache.ratis.thirdparty.io.grpc.internal.ManagedChannelOrphanWrapper$ManagedChannelReference cleanQueue
SEVERE: *~*~*~ Channel ManagedChannelImpl{logId=272, target=10.1.0.43:36003} was not shutdown properly!!! ~*~*~*
    Make sure to call shutdown()/shutdownNow() and wait until awaitTermination() returns true.
java.lang.RuntimeException: ManagedChannel allocation site
	at org.apache.ratis.thirdparty.io.grpc.internal.ManagedChannelOrphanWrapper$ManagedChannelReference.<init>(ManagedChannelOrphanWrapper.java:93)
	at org.apache.ratis.thirdparty.io.grpc.internal.ManagedChannelOrphanWrapper.<init>(ManagedChannelOrphanWrapper.java:53)
	at org.apache.ratis.thirdparty.io.grpc.internal.ManagedChannelOrphanWrapper.<init>(ManagedChannelOrphanWrapper.java:44)
	at org.apache.ratis.thirdparty.io.grpc.internal.ManagedChannelImplBuilder.build(ManagedChannelImplBuilder.java:596)
	at org.apache.ratis.thirdparty.io.grpc.ForwardingChannelBuilder.build(ForwardingChannelBuilder.java:255)
	at org.apache.hadoop.hdds.scm.XceiverClientGrpc.connectToDatanode(XceiverClientGrpc.java:193)
	at org.apache.hadoop.hdds.scm.XceiverClientGrpc.connect(XceiverClientGrpc.java:142)
	at org.apache.hadoop.hdds.scm.XceiverClientManager$2.call(XceiverClientManager.java:237)
	at org.apache.hadoop.hdds.scm.XceiverClientManager$2.call(XceiverClientManager.java:221)
	at com.google.common.cache.LocalCache$LocalManualCache$1.load(LocalCache.java:4864)
	at com.google.common.cache.LocalCache$LoadingValueReference.loadFuture(LocalCache.java:3529)
	at com.google.common.cache.LocalCache$Segment.loadSync(LocalCache.java:2278)
	at com.google.common.cache.LocalCache$Segment.lockedGetOrLoad(LocalCache.java:2155)
	at com.google.common.cache.LocalCache$Segment.get(LocalCache.java:2045)
	at com.google.common.cache.LocalCache.get(LocalCache.java:3962)
	at com.google.common.cache.LocalCache$LocalManualCache.get(LocalCache.java:4859)
	at org.apache.hadoop.hdds.scm.XceiverClientManager.getClient(XceiverClientManager.java:221)
	at org.apache.hadoop.hdds.scm.XceiverClientManager.acquireClient(XceiverClientManager.java:165)
	at org.apache.hadoop.hdds.scm.XceiverClientManager.acquireClientForReadData(XceiverClientManager.java:154)
	at org.apache.hadoop.hdds.scm.storage.BlockInputStream.acquireClient(BlockInputStream.java:235)
	at org.apache.hadoop.hdds.scm.storage.BlockInputStream.getChunkInfos(BlockInputStream.java:209)
	at org.apache.hadoop.hdds.scm.storage.BlockInputStream.initialize(BlockInputStream.java:147)
	at org.apache.hadoop.hdds.scm.storage.BlockInputStream.readWithStrategy(BlockInputStream.java:294)
	at org.apache.hadoop.hdds.scm.storage.BlockInputStream.read(BlockInputStream.java:277)
	at org.apache.hadoop.hdds.scm.storage.ByteArrayReader.readFromBlock(ByteArrayReader.java:57)
	at org.apache.hadoop.ozone.client.io.KeyInputStream.readWithStrategy(KeyInputStream.java:262)
	at org.apache.hadoop.ozone.client.io.KeyInputStream.read(KeyInputStream.java:230)
	at org.apache.hadoop.ozone.client.io.OzoneInputStream.read(OzoneInputStream.java:55)
	at java.io.InputStream.read(InputStream.java:101)
	at org.apache.hadoop.ozone.container.TestHelper.validateData(TestHelper.java:146)
	at org.apache.hadoop.ozone.client.rpc.TestBlockOutputStreamWithFailures.validateData(TestBlockOutputStreamWithFailures.java:869)
	at org.apache.hadoop.ozone.client.rpc.TestBlockOutputStreamWithFailures.test2DatanodesFailure(TestBlockOutputStreamWithFailures.java:440)
	at sun.reflect.NativeMethodAccessorImpl.invoke0(Native Method)
	at sun.reflect.NativeMethodAccessorImpl.invoke(NativeMethodAccessorImpl.java:62)
	at sun.reflect.DelegatingMethodAccessorImpl.invoke(DelegatingMethodAccessorImpl.java:43)
	at java.lang.reflect.Method.invoke(Method.java:498)
	at org.junit.runners.model.FrameworkMethod$1.runReflectiveCall(FrameworkMethod.java:59)
	at org.junit.internal.runners.model.ReflectiveCallable.run(ReflectiveCallable.java:12)
	at org.junit.runners.model.FrameworkMethod.invokeExplosively(FrameworkMethod.java:56)
	at org.junit.internal.runners.statements.InvokeMethod.evaluate(InvokeMethod.java:17)
	at org.junit.internal.runners.statements.RunBefores.evaluate(RunBefores.java:26)
	at org.junit.internal.runners.statements.RunAfters.evaluate(RunAfters.java:27)
	at org.junit.internal.runners.statements.FailOnTimeout$CallableStatement.call(FailOnTimeout.java:288)
	at org.junit.internal.runners.statements.FailOnTimeout$CallableStatement.call(FailOnTimeout.java:282)
	at java.util.concurrent.FutureTask.run(FutureTask.java:266)
	at java.lang.Thread.run(Thread.java:748)

Jun 11, 2021 7:07:32 PM org.apache.ratis.thirdparty.io.grpc.internal.ManagedChannelOrphanWrapper$ManagedChannelReference cleanQueue
SEVERE: *~*~*~ Channel ManagedChannelImpl{logId=266, target=10.1.0.43:33009} was not shutdown properly!!! ~*~*~*
    Make sure to call shutdown()/shutdownNow() and wait until awaitTermination() returns true.
java.lang.RuntimeException: ManagedChannel allocation site
	at org.apache.ratis.thirdparty.io.grpc.internal.ManagedChannelOrphanWrapper$ManagedChannelReference.<init>(ManagedChannelOrphanWrapper.java:93)
	at org.apache.ratis.thirdparty.io.grpc.internal.ManagedChannelOrphanWrapper.<init>(ManagedChannelOrphanWrapper.java:53)
	at org.apache.ratis.thirdparty.io.grpc.internal.ManagedChannelOrphanWrapper.<init>(ManagedChannelOrphanWrapper.java:44)
	at org.apache.ratis.thirdparty.io.grpc.internal.ManagedChannelImplBuilder.build(ManagedChannelImplBuilder.java:596)
	at org.apache.ratis.thirdparty.io.grpc.ForwardingChannelBuilder.build(ForwardingChannelBuilder.java:255)
	at org.apache.ratis.grpc.client.GrpcClientProtocolClient.buildChannel(GrpcClientProtocolClient.java:159)
	at org.apache.ratis.grpc.client.GrpcClientProtocolClient.<init>(GrpcClientProtocolClient.java:110)
	at org.apache.ratis.grpc.client.GrpcClientRpc.lambda$new$0(GrpcClientRpc.java:57)
	at org.apache.ratis.util.PeerProxyMap$PeerAndProxy.lambda$getProxy$0(PeerProxyMap.java:63)
	at org.apache.ratis.util.LifeCycle.startAndTransition(LifeCycle.java:270)
	at org.apache.ratis.util.PeerProxyMap$PeerAndProxy.getProxy(PeerProxyMap.java:62)
	at org.apache.ratis.util.PeerProxyMap.getProxy(PeerProxyMap.java:114)
	at org.apache.ratis.grpc.client.GrpcClientRpc.sendRequestAsync(GrpcClientRpc.java:67)
	at org.apache.ratis.client.impl.OrderedAsync.sendRequest(OrderedAsync.java:235)
	at org.apache.ratis.client.impl.OrderedAsync.sendRequestWithRetry(OrderedAsync.java:189)
	at org.apache.ratis.util.SlidingWindow$Client.sendOrDelayRequest(SlidingWindow.java:280)
	at org.apache.ratis.util.SlidingWindow$Client.submitNewRequest(SlidingWindow.java:259)
	at org.apache.ratis.client.impl.OrderedAsync.send(OrderedAsync.java:170)
	at org.apache.ratis.client.impl.OrderedAsync.newInstance(OrderedAsync.java:118)
	at org.apache.ratis.client.impl.RaftClientImpl.lambda$new$0(RaftClientImpl.java:148)
	at org.apache.ratis.util.MemoizedSupplier.get(MemoizedSupplier.java:62)
	at org.apache.ratis.client.impl.RaftClientImpl.getOrderedAsync(RaftClientImpl.java:201)
	at org.apache.ratis.client.impl.AsyncImpl.send(AsyncImpl.java:41)
	at org.apache.ratis.client.impl.AsyncImpl.send(AsyncImpl.java:46)
	at org.apache.hadoop.hdds.scm.XceiverClientRatis.lambda$sendRequestAsync$3(XceiverClientRatis.java:225)
	at org.apache.hadoop.hdds.tracing.TracingUtil.executeInNewSpan(TracingUtil.java:159)
	at org.apache.hadoop.hdds.scm.XceiverClientRatis.sendRequestAsync(XceiverClientRatis.java:210)
	at org.apache.hadoop.hdds.scm.XceiverClientRatis.sendCommandAsync(XceiverClientRatis.java:306)
	at org.apache.hadoop.hdds.scm.storage.ContainerProtocolCalls.writeChunkAsync(ContainerProtocolCalls.java:305)
	at org.apache.hadoop.hdds.scm.storage.BlockOutputStream.writeChunkToContainer(BlockOutputStream.java:664)
	at org.apache.hadoop.hdds.scm.storage.BlockOutputStream.writeChunk(BlockOutputStream.java:506)
	at org.apache.hadoop.hdds.scm.storage.BlockOutputStream.writeOnRetry(BlockOutputStream.java:317)
	at org.apache.hadoop.ozone.client.io.BlockOutputStreamEntry.writeOnRetry(BlockOutputStreamEntry.java:186)
	at org.apache.hadoop.ozone.client.io.KeyOutputStream.writeToOutputStream(KeyOutputStream.java:260)
	at org.apache.hadoop.ozone.client.io.KeyOutputStream.handleWrite(KeyOutputStream.java:240)
	at org.apache.hadoop.ozone.client.io.KeyOutputStream.handleRetry(KeyOutputStream.java:423)
	at org.apache.hadoop.ozone.client.io.KeyOutputStream.handleException(KeyOutputStream.java:368)
	at org.apache.hadoop.ozone.client.io.KeyOutputStream.handleFlushOrClose(KeyOutputStream.java:479)
	at org.apache.hadoop.ozone.client.io.KeyOutputStream.handleWrite(KeyOutputStream.java:244)
	at org.apache.hadoop.ozone.client.io.KeyOutputStream.write(KeyOutputStream.java:220)
	at org.apache.hadoop.ozone.client.io.OzoneOutputStream.write(OzoneOutputStream.java:50)
	at java.io.OutputStream.write(OutputStream.java:75)
	at org.apache.hadoop.ozone.client.rpc.TestBlockOutputStreamWithFailures.test2DatanodesFailure(TestBlockOutputStreamWithFailures.java:406)
	at sun.reflect.NativeMethodAccessorImpl.invoke0(Native Method)
	at sun.reflect.NativeMethodAccessorImpl.invoke(NativeMethodAccessorImpl.java:62)
	at sun.reflect.DelegatingMethodAccessorImpl.invoke(DelegatingMethodAccessorImpl.java:43)
	at java.lang.reflect.Method.invoke(Method.java:498)
	at org.junit.runners.model.FrameworkMethod$1.runReflectiveCall(FrameworkMethod.java:59)
	at org.junit.internal.runners.model.ReflectiveCallable.run(ReflectiveCallable.java:12)
	at org.junit.runners.model.FrameworkMethod.invokeExplosively(FrameworkMethod.java:56)
	at org.junit.internal.runners.statements.InvokeMethod.evaluate(InvokeMethod.java:17)
	at org.junit.internal.runners.statements.RunBefores.evaluate(RunBefores.java:26)
	at org.junit.internal.runners.statements.RunAfters.evaluate(RunAfters.java:27)
	at org.junit.internal.runners.statements.FailOnTimeout$CallableStatement.call(FailOnTimeout.java:288)
	at org.junit.internal.runners.statements.FailOnTimeout$CallableStatement.call(FailOnTimeout.java:282)
	at java.util.concurrent.FutureTask.run(FutureTask.java:266)
	at java.lang.Thread.run(Thread.java:748)

]]></system-err>
  </testcase>
  <testcase name="testWatchForCommitWithSingleNodeRatis" classname="org.apache.hadoop.ozone.client.rpc.TestBlockOutputStreamWithFailures" time="50.832"/>
  <testcase name="testWatchForCommitDatanodeFailure" classname="org.apache.hadoop.ozone.client.rpc.TestBlockOutputStreamWithFailures" time="67.057"/>
  <testcase name="testFailureWithPrimeSizedData" classname="org.apache.hadoop.ozone.client.rpc.TestBlockOutputStreamWithFailures" time="51.075"/>
  <testcase name="testWatchForCommitWithCloseContainerException" classname="org.apache.hadoop.ozone.client.rpc.TestBlockOutputStreamWithFailures" time="53.366"/>
  <testcase name="testExceptionDuringClose" classname="org.apache.hadoop.ozone.client.rpc.TestBlockOutputStreamWithFailures" time="59.024"/>
</testsuite>