<?xml version="1.0" encoding="UTF-8"?>
<testsuite xmlns:xsi="http://www.w3.org/2001/XMLSchema-instance" xsi:noNamespaceSchemaLocation="https://maven.apache.org/surefire/maven-surefire-plugin/xsd/surefire-test-report.xsd" name="org.apache.hadoop.ozone.parser.TestOzoneHARatisLogParser" time="25.828" tests="1" errors="1" skipped="0" failures="0">
  <properties>
    <property name="awt.toolkit" value="sun.awt.X11.XToolkit"/>
    <property name="file.encoding.pkg" value="sun.io"/>
    <property name="java.specification.version" value="1.8"/>
    <property name="sun.cpu.isalist" value=""/>
    <property name="sun.jnu.encoding" value="UTF-8"/>
    <property name="java.class.path" value="/home/runner/work/ozone/ozone/hadoop-ozone/integration-test/target/test-classes:/home/runner/work/ozone/ozone/hadoop-ozone/integration-test/target/classes:/home/runner/.m2/repository/org/apache/ozone/ozone-common/1.3.0-SNAPSHOT/ozone-common-1.3.0-SNAPSHOT.jar:/home/runner/.m2/repository/org/apache/commons/commons-compress/1.21/commons-compress-1.21.jar:/home/runner/.m2/repository/org/apache/ozone/hdds-common/1.3.0-SNAPSHOT/hdds-common-1.3.0-SNAPSHOT.jar:/home/runner/.m2/repository/org/apache/ozone/hdds-client/1.3.0-SNAPSHOT/hdds-client-1.3.0-SNAPSHOT.jar:/home/runner/.m2/repository/org/apache/ozone/ozone-interface-client/1.3.0-SNAPSHOT/ozone-interface-client-1.3.0-SNAPSHOT.jar:/home/runner/.m2/repository/org/apache/ozone/hdds-test-utils/1.3.0-SNAPSHOT/hdds-test-utils-1.3.0-SNAPSHOT.jar:/home/runner/.m2/repository/com/google/guava/guava/30.1.1-jre/guava-30.1.1-jre.jar:/home/runner/.m2/repository/com/google/guava/failureaccess/1.0.1/failureaccess-1.0.1.jar:/home/runner/.m2/repository/com/google/guava/listenablefuture/9999.0-empty-to-avoid-conflict-with-guava/listenablefuture-9999.0-empty-to-avoid-conflict-with-guava.jar:/home/runner/.m2/repository/com/google/code/findbugs/jsr305/3.0.0/jsr305-3.0.0.jar:/home/runner/.m2/repository/org/checkerframework/checker-qual/3.8.0/checker-qual-3.8.0.jar:/home/runner/.m2/repository/com/google/errorprone/error_prone_annotations/2.2.0/error_prone_annotations-2.2.0.jar:/home/runner/.m2/repository/com/google/j2objc/j2objc-annotations/1.3/j2objc-annotations-1.3.jar:/home/runner/.m2/repository/commons-io/commons-io/2.11.0/commons-io-2.11.0.jar:/home/runner/.m2/repository/commons-logging/commons-logging/1.2/commons-logging-1.2.jar:/home/runner/.m2/repository/log4j/log4j/1.2.17/log4j-1.2.17.jar:/home/runner/.m2/repository/org/slf4j/slf4j-api/1.7.30/slf4j-api-1.7.30.jar:/home/runner/.m2/repository/org/apache/ozone/hdds-server-scm/1.3.0-SNAPSHOT/hdds-server-scm-1.3.0-SNAPSHOT.jar:/home/runner/.m2/repository/org/apache/ozone/hdds-container-service/1.3.0-SNAPSHOT/hdds-container-service-1.3.0-SNAPSHOT.jar:/home/runner/.m2/repository/org/apache/ozone/hdds-hadoop-dependency-server/1.3.0-SNAPSHOT/hdds-hadoop-dependency-server-1.3.0-SNAPSHOT.jar:/home/runner/.m2/repository/org/apache/hadoop/hadoop-hdfs/3.3.1/hadoop-hdfs-3.3.1.jar:/home/runner/.m2/repository/org/apache/ozone/hdds-server-framework/1.3.0-SNAPSHOT/hdds-server-framework-1.3.0-SNAPSHOT.jar:/home/runner/.m2/repository/org/apache/ozone/hdds-interface-server/1.3.0-SNAPSHOT/hdds-interface-server-1.3.0-SNAPSHOT.jar:/home/runner/.m2/repository/org/eclipse/jetty/jetty-servlet/9.4.43.v20210629/jetty-servlet-9.4.43.v20210629.jar:/home/runner/.m2/repository/org/eclipse/jetty/jetty-security/9.4.43.v20210629/jetty-security-9.4.43.v20210629.jar:/home/runner/.m2/repository/org/rocksdb/rocksdbjni/6.25.3/rocksdbjni-6.25.3.jar:/home/runner/.m2/repository/io/prometheus/simpleclient_dropwizard/0.7.0/simpleclient_dropwizard-0.7.0.jar:/home/runner/.m2/repository/io/prometheus/simpleclient/0.7.0/simpleclient-0.7.0.jar:/home/runner/.m2/repository/io/prometheus/simpleclient_common/0.7.0/simpleclient_common-0.7.0.jar:/home/runner/.m2/repository/com/fasterxml/jackson/datatype/jackson-datatype-jsr310/2.12.1/jackson-datatype-jsr310-2.12.1.jar:/home/runner/.m2/repository/io/dropwizard/metrics/metrics-core/3.2.4/metrics-core-3.2.4.jar:/home/runner/.m2/repository/org/apache/hadoop/hadoop-hdfs-client/3.3.1/hadoop-hdfs-client-3.3.1.jar:/home/runner/.m2/repository/org/bouncycastle/bcprov-jdk15on/1.67/bcprov-jdk15on-1.67.jar:/home/runner/.m2/repository/com/google/protobuf/protobuf-java/2.5.0/protobuf-java-2.5.0.jar:/home/runner/.m2/repository/org/apache/ozone/ozone-manager/1.3.0-SNAPSHOT/ozone-manager-1.3.0-SNAPSHOT.jar:/home/runner/.m2/repository/org/aspectj/aspectjrt/1.9.7/aspectjrt-1.9.7.jar:/home/runner/.m2/repository/org/aspectj/aspectjweaver/1.9.7/aspectjweaver-1.9.7.jar:/home/runner/.m2/repository/org/apache/ozone/hdds-interface-client/1.3.0-SNAPSHOT/hdds-interface-client-1.3.0-SNAPSHOT.jar:/home/runner/.m2/repository/org/apache/hadoop/thirdparty/hadoop-shaded-protobuf_3_7/1.1.1/hadoop-shaded-protobuf_3_7-1.1.1.jar:/home/runner/.m2/repository/org/apache/ozone/ozone-interface-storage/1.3.0-SNAPSHOT/ozone-interface-storage-1.3.0-SNAPSHOT.jar:/home/runner/.m2/repository/org/reflections/reflections/0.9.11/reflections-0.9.11.jar:/home/runner/.m2/repository/org/apache/hadoop/hadoop-minikdc/3.3.1/hadoop-minikdc-3.3.1.jar:/home/runner/.m2/repository/org/apache/kerby/kerb-simplekdc/1.0.1/kerb-simplekdc-1.0.1.jar:/home/runner/.m2/repository/org/apache/kerby/kerb-client/1.0.1/kerb-client-1.0.1.jar:/home/runner/.m2/repository/org/apache/kerby/kerby-config/1.0.1/kerby-config-1.0.1.jar:/home/runner/.m2/repository/org/apache/kerby/kerb-common/1.0.1/kerb-common-1.0.1.jar:/home/runner/.m2/repository/org/apache/kerby/kerb-crypto/1.0.1/kerb-crypto-1.0.1.jar:/home/runner/.m2/repository/org/apache/kerby/kerb-util/1.0.1/kerb-util-1.0.1.jar:/home/runner/.m2/repository/org/apache/kerby/token-provider/1.0.1/token-provider-1.0.1.jar:/home/runner/.m2/repository/org/apache/kerby/kerb-admin/1.0.1/kerb-admin-1.0.1.jar:/home/runner/.m2/repository/org/apache/kerby/kerb-server/1.0.1/kerb-server-1.0.1.jar:/home/runner/.m2/repository/org/apache/kerby/kerb-identity/1.0.1/kerb-identity-1.0.1.jar:/home/runner/.m2/repository/org/apache/kerby/kerby-xdr/1.0.1/kerby-xdr-1.0.1.jar:/home/runner/.m2/repository/org/slf4j/slf4j-log4j12/1.7.30/slf4j-log4j12-1.7.30.jar:/home/runner/.m2/repository/org/apache/ozone/ozone-s3gateway/1.3.0-SNAPSHOT/ozone-s3gateway-1.3.0-SNAPSHOT.jar:/home/runner/.m2/repository/org/javassist/javassist/3.21.0-GA/javassist-3.21.0-GA.jar:/home/runner/.m2/repository/org/jboss/weld/servlet/weld-servlet/2.4.7.Final/weld-servlet-2.4.7.Final.jar:/home/runner/.m2/repository/org/glassfish/jersey/containers/jersey-container-servlet-core/2.33/jersey-container-servlet-core-2.33.jar:/home/runner/.m2/repository/org/glassfish/hk2/external/jakarta.inject/2.6.1/jakarta.inject-2.6.1.jar:/home/runner/.m2/repository/org/glassfish/jersey/core/jersey-common/2.33/jersey-common-2.33.jar:/home/runner/.m2/repository/jakarta/ws/rs/jakarta.ws.rs-api/2.1.6/jakarta.ws.rs-api-2.1.6.jar:/home/runner/.m2/repository/org/glassfish/jersey/ext/cdi/jersey-cdi1x/2.33/jersey-cdi1x-2.33.jar:/home/runner/.m2/repository/org/glassfish/jersey/inject/jersey-hk2/2.33/jersey-hk2-2.33.jar:/home/runner/.m2/repository/org/glassfish/hk2/hk2-locator/2.6.1/hk2-locator-2.6.1.jar:/home/runner/.m2/repository/org/glassfish/jersey/media/jersey-media-jaxb/2.33/jersey-media-jaxb-2.33.jar:/home/runner/.m2/repository/org/glassfish/hk2/osgi-resource-locator/1.0.3/osgi-resource-locator-1.0.3.jar:/home/runner/.m2/repository/org/glassfish/hk2/hk2-api/2.5.0/hk2-api-2.5.0.jar:/home/runner/.m2/repository/org/glassfish/hk2/hk2-utils/2.5.0/hk2-utils-2.5.0.jar:/home/runner/.m2/repository/org/glassfish/hk2/external/aopalliance-repackaged/2.5.0/aopalliance-repackaged-2.5.0.jar:/home/runner/.m2/repository/com/fasterxml/jackson/dataformat/jackson-dataformat-xml/2.12.1/jackson-dataformat-xml-2.12.1.jar:/home/runner/.m2/repository/com/fasterxml/jackson/core/jackson-core/2.12.1/jackson-core-2.12.1.jar:/home/runner/.m2/repository/com/fasterxml/jackson/module/jackson-module-jaxb-annotations/2.12.1/jackson-module-jaxb-annotations-2.12.1.jar:/home/runner/.m2/repository/jakarta/xml/bind/jakarta.xml.bind-api/2.3.2/jakarta.xml.bind-api-2.3.2.jar:/home/runner/.m2/repository/org/codehaus/woodstox/stax2-api/3.1.4/stax2-api-3.1.4.jar:/home/runner/.m2/repository/com/fasterxml/woodstox/woodstox-core/5.0.3/woodstox-core-5.0.3.jar:/home/runner/.m2/repository/javax/enterprise/cdi-api/1.2/cdi-api-1.2.jar:/home/runner/.m2/repository/javax/el/javax.el-api/3.0.0/javax.el-api-3.0.0.jar:/home/runner/.m2/repository/javax/interceptor/javax.interceptor-api/1.2/javax.interceptor-api-1.2.jar:/home/runner/.m2/repository/javax/inject/javax.inject/1/javax.inject-1.jar:/home/runner/.m2/repository/javax/xml/bind/jaxb-api/2.3.0/jaxb-api-2.3.0.jar:/home/runner/.m2/repository/org/glassfish/jaxb/jaxb-runtime/2.3.0.1/jaxb-runtime-2.3.0.1.jar:/home/runner/.m2/repository/org/glassfish/jaxb/jaxb-core/2.3.0.1/jaxb-core-2.3.0.1.jar:/home/runner/.m2/repository/org/glassfish/jaxb/txw2/2.3.0.1/txw2-2.3.0.1.jar:/home/runner/.m2/repository/com/sun/istack/istack-commons-runtime/3.0.5/istack-commons-runtime-3.0.5.jar:/home/runner/.m2/repository/org/jvnet/staxex/stax-ex/1.7.8/stax-ex-1.7.8.jar:/home/runner/.m2/repository/com/sun/xml/fastinfoset/FastInfoset/1.2.13/FastInfoset-1.2.13.jar:/home/runner/.m2/repository/javax/activation/activation/1.1.1/activation-1.1.1.jar:/home/runner/.m2/repository/org/apache/ozone/ozone-csi/1.3.0-SNAPSHOT/ozone-csi-1.3.0-SNAPSHOT.jar:/home/runner/.m2/repository/com/google/protobuf/protobuf-java-util/3.12.0/protobuf-java-util-3.12.0.jar:/home/runner/.m2/repository/com/google/code/gson/gson/2.2.4/gson-2.2.4.jar:/home/runner/.m2/repository/org/apache/ozone/hdds-config/1.3.0-SNAPSHOT/hdds-config-1.3.0-SNAPSHOT.jar:/home/runner/.m2/repository/io/grpc/grpc-netty/1.33.0/grpc-netty-1.33.0.jar:/home/runner/.m2/repository/io/grpc/grpc-core/1.33.0/grpc-core-1.33.0.jar:/home/runner/.m2/repository/com/google/android/annotations/4.1.1.4/annotations-4.1.1.4.jar:/home/runner/.m2/repository/io/netty/netty-codec-http2/4.1.63.Final/netty-codec-http2-4.1.63.Final.jar:/home/runner/.m2/repository/io/netty/netty-codec-http/4.1.63.Final/netty-codec-http-4.1.63.Final.jar:/home/runner/.m2/repository/io/netty/netty-handler-proxy/4.1.63.Final/netty-handler-proxy-4.1.63.Final.jar:/home/runner/.m2/repository/io/netty/netty-codec-socks/4.1.63.Final/netty-codec-socks-4.1.63.Final.jar:/home/runner/.m2/repository/io/perfmark/perfmark-api/0.19.0/perfmark-api-0.19.0.jar:/home/runner/.m2/repository/org/codehaus/mojo/animal-sniffer-annotations/1.18/animal-sniffer-annotations-1.18.jar:/home/runner/.m2/repository/io/netty/netty-transport-native-epoll/4.1.63.Final/netty-transport-native-epoll-4.1.63.Final.jar:/home/runner/.m2/repository/io/netty/netty-common/4.1.63.Final/netty-common-4.1.63.Final.jar:/home/runner/.m2/repository/io/netty/netty-buffer/4.1.63.Final/netty-buffer-4.1.63.Final.jar:/home/runner/.m2/repository/io/netty/netty-transport-native-unix-common/4.1.63.Final/netty-transport-native-unix-common-4.1.63.Final.jar:/home/runner/.m2/repository/io/grpc/grpc-protobuf/1.33.0/grpc-protobuf-1.33.0.jar:/home/runner/.m2/repository/io/grpc/grpc-api/1.33.0/grpc-api-1.33.0.jar:/home/runner/.m2/repository/io/grpc/grpc-context/1.33.0/grpc-context-1.33.0.jar:/home/runner/.m2/repository/com/google/api/grpc/proto-google-common-protos/1.17.0/proto-google-common-protos-1.17.0.jar:/home/runner/.m2/repository/io/grpc/grpc-protobuf-lite/1.33.0/grpc-protobuf-lite-1.33.0.jar:/home/runner/.m2/repository/io/grpc/grpc-stub/1.33.0/grpc-stub-1.33.0.jar:/home/runner/.m2/repository/org/apache/ozone/ozone-recon/1.3.0-SNAPSHOT/ozone-recon-1.3.0-SNAPSHOT.jar:/home/runner/.m2/repository/org/apache/ozone/ozone-reconcodegen/1.3.0-SNAPSHOT/ozone-reconcodegen-1.3.0-SNAPSHOT.jar:/home/runner/.m2/repository/com/google/inject/extensions/guice-multibindings/4.0/guice-multibindings-4.0.jar:/home/runner/.m2/repository/com/google/inject/guice/4.0/guice-4.0.jar:/home/runner/.m2/repository/aopalliance/aopalliance/1.0/aopalliance-1.0.jar:/home/runner/.m2/repository/com/google/inject/extensions/guice-assistedinject/4.0/guice-assistedinject-4.0.jar:/home/runner/.m2/repository/com/google/inject/extensions/guice-servlet/4.0/guice-servlet-4.0.jar:/home/runner/.m2/repository/org/glassfish/jersey/containers/jersey-container-servlet/2.33/jersey-container-servlet-2.33.jar:/home/runner/.m2/repository/org/glassfish/hk2/guice-bridge/2.5.0/guice-bridge-2.5.0.jar:/home/runner/.m2/repository/org/glassfish/jersey/core/jersey-server/2.33/jersey-server-2.33.jar:/home/runner/.m2/repository/org/glassfish/jersey/core/jersey-client/2.33/jersey-client-2.33.jar:/home/runner/.m2/repository/jakarta/annotation/jakarta.annotation-api/1.3.5/jakarta.annotation-api-1.3.5.jar:/home/runner/.m2/repository/jakarta/validation/jakarta.validation-api/2.0.2/jakarta.validation-api-2.0.2.jar:/home/runner/.m2/repository/org/glassfish/jersey/media/jersey-media-json-jackson/2.33/jersey-media-json-jackson-2.33.jar:/home/runner/.m2/repository/org/glassfish/jersey/ext/jersey-entity-filtering/2.33/jersey-entity-filtering-2.33.jar:/home/runner/.m2/repository/org/jooq/jooq/3.11.10/jooq-3.11.10.jar:/home/runner/.m2/repository/org/jooq/jooq-meta/3.11.10/jooq-meta-3.11.10.jar:/home/runner/.m2/repository/org/jooq/jooq-codegen/3.11.10/jooq-codegen-3.11.10.jar:/home/runner/.m2/repository/com/jolbox/bonecp/0.8.0.RELEASE/bonecp-0.8.0.RELEASE.jar:/home/runner/.m2/repository/org/apache/derby/derby/10.14.2.0/derby-10.14.2.0.jar:/home/runner/.m2/repository/org/xerial/sqlite-jdbc/3.25.2/sqlite-jdbc-3.25.2.jar:/home/runner/.m2/repository/org/springframework/spring-jdbc/5.2.18.RELEASE/spring-jdbc-5.2.18.RELEASE.jar:/home/runner/.m2/repository/org/springframework/spring-beans/5.2.18.RELEASE/spring-beans-5.2.18.RELEASE.jar:/home/runner/.m2/repository/org/springframework/spring-core/5.2.18.RELEASE/spring-core-5.2.18.RELEASE.jar:/home/runner/.m2/repository/org/springframework/spring-jcl/5.2.18.RELEASE/spring-jcl-5.2.18.RELEASE.jar:/home/runner/.m2/repository/org/springframework/spring-tx/5.2.18.RELEASE/spring-tx-5.2.18.RELEASE.jar:/home/runner/.m2/repository/org/apache/ozone/ozone-client/1.3.0-SNAPSHOT/ozone-client-1.3.0-SNAPSHOT.jar:/home/runner/.m2/repository/org/apache/ozone/ozone-filesystem/1.3.0-SNAPSHOT/ozone-filesystem-1.3.0-SNAPSHOT.jar:/home/runner/.m2/repository/org/apache/ozone/ozone-filesystem-common/1.3.0-SNAPSHOT/ozone-filesystem-common-1.3.0-SNAPSHOT.jar:/home/runner/.m2/repository/org/apache/ozone/ozone-tools/1.3.0-SNAPSHOT/ozone-tools-1.3.0-SNAPSHOT.jar:/home/runner/.m2/repository/org/apache/ratis/ratis-tools/2.2.0/ratis-tools-2.2.0.jar:/home/runner/.m2/repository/com/amazonaws/aws-java-sdk-core/1.12.124/aws-java-sdk-core-1.12.124.jar:/home/runner/.m2/repository/org/apache/httpcomponents/httpclient/4.5.13/httpclient-4.5.13.jar:/home/runner/.m2/repository/org/apache/httpcomponents/httpcore/4.4.13/httpcore-4.4.13.jar:/home/runner/.m2/repository/software/amazon/ion/ion-java/1.0.2/ion-java-1.0.2.jar:/home/runner/.m2/repository/com/fasterxml/jackson/dataformat/jackson-dataformat-cbor/2.12.1/jackson-dataformat-cbor-2.12.1.jar:/home/runner/.m2/repository/joda-time/joda-time/2.8.1/joda-time-2.8.1.jar:/home/runner/.m2/repository/com/amazonaws/aws-java-sdk-s3/1.12.124/aws-java-sdk-s3-1.12.124.jar:/home/runner/.m2/repository/com/amazonaws/aws-java-sdk-kms/1.12.124/aws-java-sdk-kms-1.12.124.jar:/home/runner/.m2/repository/com/amazonaws/jmespath-java/1.12.124/jmespath-java-1.12.124.jar:/home/runner/.m2/repository/org/kohsuke/metainf-services/metainf-services/1.8/metainf-services-1.8.jar:/home/runner/.m2/repository/org/apache/ozone/hdds-tools/1.3.0-SNAPSHOT/hdds-tools-1.3.0-SNAPSHOT.jar:/home/runner/.m2/repository/commons-cli/commons-cli/1.2/commons-cli-1.2.jar:/home/runner/.m2/repository/org/apache/commons/commons-lang3/3.7/commons-lang3-3.7.jar:/home/runner/.m2/repository/org/apache/ozone/ozone-manager/1.3.0-SNAPSHOT/ozone-manager-1.3.0-SNAPSHOT-tests.jar:/home/runner/.m2/repository/org/apache/ozone/hdds-common/1.3.0-SNAPSHOT/hdds-common-1.3.0-SNAPSHOT-tests.jar:/home/runner/.m2/repository/org/apache/ozone/hdds-hadoop-dependency-client/1.3.0-SNAPSHOT/hdds-hadoop-dependency-client-1.3.0-SNAPSHOT.jar:/home/runner/.m2/repository/info/picocli/picocli/4.6.1/picocli-4.6.1.jar:/home/runner/.m2/repository/com/fasterxml/jackson/core/jackson-annotations/2.12.1/jackson-annotations-2.12.1.jar:/home/runner/.m2/repository/javax/annotation/javax.annotation-api/1.2/javax.annotation-api-1.2.jar:/home/runner/.m2/repository/org/apache/ratis/ratis-server/2.2.0/ratis-server-2.2.0.jar:/home/runner/.m2/repository/org/apache/ratis/ratis-client/2.2.0/ratis-client-2.2.0.jar:/home/runner/.m2/repository/org/apache/ratis/ratis-server-api/2.2.0/ratis-server-api-2.2.0.jar:/home/runner/.m2/repository/org/apache/ratis/ratis-metrics/2.2.0/ratis-metrics-2.2.0.jar:/home/runner/.m2/repository/org/apache/ratis/ratis-netty/2.2.0/ratis-netty-2.2.0.jar:/home/runner/.m2/repository/org/apache/ratis/ratis-grpc/2.2.0/ratis-grpc-2.2.0.jar:/home/runner/.m2/repository/org/apache/logging/log4j/log4j-api/2.16.0/log4j-api-2.16.0.jar:/home/runner/.m2/repository/org/apache/logging/log4j/log4j-core/2.16.0/log4j-core-2.16.0.jar:/home/runner/.m2/repository/com/lmax/disruptor/3.4.2/disruptor-3.4.2.jar:/home/runner/.m2/repository/org/apache/commons/commons-pool2/2.6.0/commons-pool2-2.6.0.jar:/home/runner/.m2/repository/org/bouncycastle/bcpkix-jdk15on/1.67/bcpkix-jdk15on-1.67.jar:/home/runner/.m2/repository/commons-validator/commons-validator/1.6/commons-validator-1.6.jar:/home/runner/.m2/repository/commons-beanutils/commons-beanutils/1.9.4/commons-beanutils-1.9.4.jar:/home/runner/.m2/repository/commons-digester/commons-digester/1.8.1/commons-digester-1.8.1.jar:/home/runner/.m2/repository/commons-collections/commons-collections/3.2.2/commons-collections-3.2.2.jar:/home/runner/.m2/repository/io/jaegertracing/jaeger-client/1.6.0/jaeger-client-1.6.0.jar:/home/runner/.m2/repository/io/jaegertracing/jaeger-thrift/1.6.0/jaeger-thrift-1.6.0.jar:/home/runner/.m2/repository/org/apache/thrift/libthrift/0.14.1/libthrift-0.14.1.jar:/home/runner/.m2/repository/com/squareup/okhttp3/okhttp/4.9.0/okhttp-4.9.0.jar:/home/runner/.m2/repository/com/squareup/okio/okio/2.8.0/okio-2.8.0.jar:/home/runner/.m2/repository/io/jaegertracing/jaeger-core/1.6.0/jaeger-core-1.6.0.jar:/home/runner/.m2/repository/io/jaegertracing/jaeger-tracerresolver/1.6.0/jaeger-tracerresolver-1.6.0.jar:/home/runner/.m2/repository/io/opentracing/contrib/opentracing-tracerresolver/0.1.8/opentracing-tracerresolver-0.1.8.jar:/home/runner/.m2/repository/org/jetbrains/kotlin/kotlin-stdlib/1.4.31/kotlin-stdlib-1.4.31.jar:/home/runner/.m2/repository/org/jetbrains/kotlin/kotlin-stdlib-common/1.4.31/kotlin-stdlib-common-1.4.31.jar:/home/runner/.m2/repository/org/jetbrains/annotations/13.0/annotations-13.0.jar:/home/runner/.m2/repository/io/opentracing/opentracing-util/0.33.0/opentracing-util-0.33.0.jar:/home/runner/.m2/repository/io/opentracing/opentracing-api/0.33.0/opentracing-api-0.33.0.jar:/home/runner/.m2/repository/io/opentracing/opentracing-noop/0.33.0/opentracing-noop-0.33.0.jar:/home/runner/.m2/repository/org/yaml/snakeyaml/1.26/snakeyaml-1.26.jar:/home/runner/.m2/repository/org/apache/ozone/hdds-interface-admin/1.3.0-SNAPSHOT/hdds-interface-admin-1.3.0-SNAPSHOT.jar:/home/runner/.m2/repository/junit/junit/4.13.1/junit-4.13.1.jar:/home/runner/.m2/repository/org/hamcrest/hamcrest-core/1.3/hamcrest-core-1.3.jar:/home/runner/.m2/repository/org/junit/jupiter/junit-jupiter-api/5.7.0/junit-jupiter-api-5.7.0.jar:/home/runner/.m2/repository/org/apiguardian/apiguardian-api/1.1.0/apiguardian-api-1.1.0.jar:/home/runner/.m2/repository/org/opentest4j/opentest4j/1.2.0/opentest4j-1.2.0.jar:/home/runner/.m2/repository/org/junit/platform/junit-platform-commons/1.7.0/junit-platform-commons-1.7.0.jar:/home/runner/.m2/repository/org/junit/jupiter/junit-jupiter-engine/5.7.0/junit-jupiter-engine-5.7.0.jar:/home/runner/.m2/repository/org/junit/platform/junit-platform-engine/1.7.0/junit-platform-engine-1.7.0.jar:/home/runner/.m2/repository/org/junit/vintage/junit-vintage-engine/5.7.0/junit-vintage-engine-5.7.0.jar:/home/runner/.m2/repository/org/junit/platform/junit-platform-launcher/1.7.0/junit-platform-launcher-1.7.0.jar:/home/runner/.m2/repository/org/openjdk/jmh/jmh-core/1.19/jmh-core-1.19.jar:/home/runner/.m2/repository/net/sf/jopt-simple/jopt-simple/4.6/jopt-simple-4.6.jar:/home/runner/.m2/repository/org/apache/commons/commons-math3/3.1.1/commons-math3-3.1.1.jar:/home/runner/.m2/repository/org/openjdk/jmh/jmh-generator-annprocess/1.19/jmh-generator-annprocess-1.19.jar:/home/runner/.m2/repository/org/mockito/mockito-core/2.28.2/mockito-core-2.28.2.jar:/home/runner/.m2/repository/net/bytebuddy/byte-buddy/1.9.10/byte-buddy-1.9.10.jar:/home/runner/.m2/repository/net/bytebuddy/byte-buddy-agent/1.9.10/byte-buddy-agent-1.9.10.jar:/home/runner/.m2/repository/org/objenesis/objenesis/1.0/objenesis-1.0.jar:/home/runner/.m2/repository/org/apache/hadoop/hadoop-kms/3.3.1/hadoop-kms-3.3.1.jar:/home/runner/.m2/repository/org/apache/hadoop/hadoop-auth/3.3.1/hadoop-auth-3.3.1.jar:/home/runner/.m2/repository/com/nimbusds/nimbus-jose-jwt/7.9/nimbus-jose-jwt-7.9.jar:/home/runner/.m2/repository/com/github/stephenc/jcip/jcip-annotations/1.0-1/jcip-annotations-1.0-1.jar:/home/runner/.m2/repository/net/minidev/json-smart/2.3.1/json-smart-2.3.1.jar:/home/runner/.m2/repository/net/minidev/accessors-smart/2.3.1/accessors-smart-2.3.1.jar:/home/runner/.m2/repository/org/ow2/asm/asm/5.0.4/asm-5.0.4.jar:/home/runner/.m2/repository/org/apache/zookeeper/zookeeper/3.5.6/zookeeper-3.5.6.jar:/home/runner/.m2/repository/org/apache/zookeeper/zookeeper-jute/3.5.6/zookeeper-jute-3.5.6.jar:/home/runner/.m2/repository/org/apache/yetus/audience-annotations/0.5.0/audience-annotations-0.5.0.jar:/home/runner/.m2/repository/org/apache/curator/curator-framework/4.2.0/curator-framework-4.2.0.jar:/home/runner/.m2/repository/org/apache/hadoop/thirdparty/hadoop-shaded-guava/1.1.1/hadoop-shaded-guava-1.1.1.jar:/home/runner/.m2/repository/com/sun/jersey/jersey-core/1.19/jersey-core-1.19.jar:/home/runner/.m2/repository/javax/ws/rs/jsr311-api/1.1.1/jsr311-api-1.1.1.jar:/home/runner/.m2/repository/com/sun/jersey/jersey-server/1.19/jersey-server-1.19.jar:/home/runner/.m2/repository/javax/servlet/javax.servlet-api/3.1.0/javax.servlet-api-3.1.0.jar:/home/runner/.m2/repository/org/eclipse/jetty/jetty-server/9.4.43.v20210629/jetty-server-9.4.43.v20210629.jar:/home/runner/.m2/repository/org/eclipse/jetty/jetty-http/9.4.43.v20210629/jetty-http-9.4.43.v20210629.jar:/home/runner/.m2/repository/org/eclipse/jetty/jetty-io/9.4.43.v20210629/jetty-io-9.4.43.v20210629.jar:/home/runner/.m2/repository/org/eclipse/jetty/jetty-webapp/9.4.43.v20210629/jetty-webapp-9.4.43.v20210629.jar:/home/runner/.m2/repository/org/eclipse/jetty/jetty-xml/9.4.43.v20210629/jetty-xml-9.4.43.v20210629.jar:/home/runner/.m2/repository/org/apache/hadoop/hadoop-common/3.3.1/hadoop-common-3.3.1.jar:/home/runner/.m2/repository/commons-net/commons-net/3.6/commons-net-3.6.jar:/home/runner/.m2/repository/jakarta/activation/jakarta.activation-api/1.2.1/jakarta.activation-api-1.2.1.jar:/home/runner/.m2/repository/com/sun/jersey/jersey-servlet/1.19/jersey-servlet-1.19.jar:/home/runner/.m2/repository/com/sun/jersey/jersey-json/1.19/jersey-json-1.19.jar:/home/runner/.m2/repository/org/codehaus/jettison/jettison/1.1/jettison-1.1.jar:/home/runner/.m2/repository/com/sun/xml/bind/jaxb-impl/2.2.3-1/jaxb-impl-2.2.3-1.jar:/home/runner/.m2/repository/org/codehaus/jackson/jackson-jaxrs/1.9.2/jackson-jaxrs-1.9.2.jar:/home/runner/.m2/repository/org/codehaus/jackson/jackson-xc/1.9.2/jackson-xc-1.9.2.jar:/home/runner/.m2/repository/org/apache/commons/commons-configuration2/2.1.1/commons-configuration2-2.1.1.jar:/home/runner/.m2/repository/org/apache/commons/commons-text/1.4/commons-text-1.4.jar:/home/runner/.m2/repository/com/google/re2j/re2j/1.1/re2j-1.1.jar:/home/runner/.m2/repository/com/jcraft/jsch/0.1.54/jsch-0.1.54.jar:/home/runner/.m2/repository/org/apache/curator/curator-client/4.2.0/curator-client-4.2.0.jar:/home/runner/.m2/repository/org/apache/curator/curator-recipes/4.2.0/curator-recipes-4.2.0.jar:/home/runner/.m2/repository/org/apache/kerby/kerb-core/1.0.1/kerb-core-1.0.1.jar:/home/runner/.m2/repository/org/apache/kerby/kerby-pkix/1.0.1/kerby-pkix-1.0.1.jar:/home/runner/.m2/repository/org/apache/kerby/kerby-asn1/1.0.1/kerby-asn1-1.0.1.jar:/home/runner/.m2/repository/org/apache/kerby/kerby-util/1.0.1/kerby-util-1.0.1.jar:/home/runner/.m2/repository/dnsjava/dnsjava/2.1.7/dnsjava-2.1.7.jar:/home/runner/.m2/repository/org/xerial/snappy/snappy-java/1.1.8.2/snappy-java-1.1.8.2.jar:/home/runner/.m2/repository/org/slf4j/jul-to-slf4j/1.7.30/jul-to-slf4j-1.7.30.jar:/home/runner/.m2/repository/org/eclipse/jetty/jetty-util/9.4.43.v20210629/jetty-util-9.4.43.v20210629.jar:/home/runner/.m2/repository/com/fasterxml/jackson/core/jackson-databind/2.12.1/jackson-databind-2.12.1.jar:/home/runner/.m2/repository/org/apache/hadoop/hadoop-kms/3.3.1/hadoop-kms-3.3.1-tests.jar:/home/runner/.m2/repository/org/apache/ozone/hdds-server-scm/1.3.0-SNAPSHOT/hdds-server-scm-1.3.0-SNAPSHOT-tests.jar:/home/runner/.m2/repository/org/apache/ozone/hdds-container-service/1.3.0-SNAPSHOT/hdds-container-service-1.3.0-SNAPSHOT-tests.jar:/home/runner/.m2/repository/commons-codec/commons-codec/1.11/commons-codec-1.11.jar:/home/runner/.m2/repository/io/netty/netty-transport/4.1.63.Final/netty-transport-4.1.63.Final.jar:/home/runner/.m2/repository/io/netty/netty-resolver/4.1.63.Final/netty-resolver-4.1.63.Final.jar:/home/runner/.m2/repository/io/netty/netty-codec/4.1.63.Final/netty-codec-4.1.63.Final.jar:/home/runner/.m2/repository/io/netty/netty-handler/4.1.63.Final/netty-handler-4.1.63.Final.jar:/home/runner/.m2/repository/org/apache/ozone/hdds-hadoop-dependency-test/1.3.0-SNAPSHOT/hdds-hadoop-dependency-test-1.3.0-SNAPSHOT.jar:/home/runner/.m2/repository/org/apache/hadoop/hadoop-common/3.3.1/hadoop-common-3.3.1-tests.jar:/home/runner/.m2/repository/org/assertj/assertj-core/3.12.2/assertj-core-3.12.2.jar:/home/runner/.m2/repository/org/apache/hadoop/hadoop-hdfs/3.3.1/hadoop-hdfs-3.3.1-tests.jar:/home/runner/.m2/repository/org/eclipse/jetty/jetty-util-ajax/9.4.43.v20210629/jetty-util-ajax-9.4.43.v20210629.jar:/home/runner/.m2/repository/commons-daemon/commons-daemon/1.0.13/commons-daemon-1.0.13.jar:/home/runner/.m2/repository/io/netty/netty/3.10.6.Final/netty-3.10.6.Final.jar:/home/runner/.m2/repository/io/netty/netty-all/4.1.63.Final/netty-all-4.1.63.Final.jar:/home/runner/.m2/repository/org/apache/htrace/htrace-core4/4.1.0-incubating/htrace-core4-4.1.0-incubating.jar:/home/runner/.m2/repository/org/fusesource/leveldbjni/leveldbjni-all/1.8/leveldbjni-all-1.8.jar:/home/runner/.m2/repository/org/apache/hadoop/hadoop-distcp/3.3.1/hadoop-distcp-3.3.1.jar:/home/runner/.m2/repository/org/apache/hadoop/hadoop-mapreduce-client-jobclient/3.3.1/hadoop-mapreduce-client-jobclient-3.3.1.jar:/home/runner/.m2/repository/org/apache/hadoop/hadoop-mapreduce-client-common/3.3.1/hadoop-mapreduce-client-common-3.3.1.jar:/home/runner/.m2/repository/org/apache/hadoop/hadoop-yarn-common/3.3.1/hadoop-yarn-common-3.3.1.jar:/home/runner/.m2/repository/org/apache/hadoop/hadoop-yarn-api/3.3.1/hadoop-yarn-api-3.3.1.jar:/home/runner/.m2/repository/com/sun/jersey/jersey-client/1.19/jersey-client-1.19.jar:/home/runner/.m2/repository/com/sun/jersey/contribs/jersey-guice/1.19/jersey-guice-1.19.jar:/home/runner/.m2/repository/com/fasterxml/jackson/jaxrs/jackson-jaxrs-json-provider/2.12.1/jackson-jaxrs-json-provider-2.12.1.jar:/home/runner/.m2/repository/com/fasterxml/jackson/jaxrs/jackson-jaxrs-base/2.12.1/jackson-jaxrs-base-2.12.1.jar:/home/runner/.m2/repository/org/apache/hadoop/hadoop-yarn-client/3.3.1/hadoop-yarn-client-3.3.1.jar:/home/runner/.m2/repository/org/eclipse/jetty/websocket/websocket-client/9.4.40.v20210413/websocket-client-9.4.40.v20210413.jar:/home/runner/.m2/repository/org/eclipse/jetty/jetty-client/9.4.40.v20210413/jetty-client-9.4.40.v20210413.jar:/home/runner/.m2/repository/org/eclipse/jetty/websocket/websocket-common/9.4.40.v20210413/websocket-common-9.4.40.v20210413.jar:/home/runner/.m2/repository/org/eclipse/jetty/websocket/websocket-api/9.4.40.v20210413/websocket-api-9.4.40.v20210413.jar:/home/runner/.m2/repository/org/jline/jline/3.9.0/jline-3.9.0.jar:/home/runner/.m2/repository/org/apache/hadoop/hadoop-mapreduce-client-core/3.3.1/hadoop-mapreduce-client-core-3.3.1.jar:/home/runner/.m2/repository/org/apache/avro/avro/1.7.7/avro-1.7.7.jar:/home/runner/.m2/repository/org/codehaus/jackson/jackson-core-asl/1.9.13/jackson-core-asl-1.9.13.jar:/home/runner/.m2/repository/org/codehaus/jackson/jackson-mapper-asl/1.9.13/jackson-mapper-asl-1.9.13.jar:/home/runner/.m2/repository/com/thoughtworks/paranamer/paranamer/2.3/paranamer-2.3.jar:/home/runner/.m2/repository/org/apache/hadoop/hadoop-annotations/3.3.1/hadoop-annotations-3.3.1.jar:/usr/lib/jvm/adoptopenjdk-8-hotspot-amd64/jre/../lib/tools.jar:/home/runner/.m2/repository/org/apache/hadoop/hadoop-distcp/3.3.1/hadoop-distcp-3.3.1-tests.jar:/home/runner/.m2/repository/org/apache/ratis/ratis-common/2.2.0/ratis-common-2.2.0.jar:/home/runner/.m2/repository/org/apache/ratis/ratis-thirdparty-misc/0.7.0/ratis-thirdparty-misc-0.7.0.jar:/home/runner/.m2/repository/org/apache/ratis/ratis-proto/2.2.0/ratis-proto-2.2.0.jar:"/>
    <property name="java.vm.vendor" value="AdoptOpenJDK"/>
    <property name="sun.arch.data.model" value="64"/>
    <property name="test.build.dir" value="/home/runner/work/ozone/ozone/hadoop-ozone/integration-test/target/test-dir"/>
    <property name="test.cache.data" value=""/>
    <property name="java.vendor.url" value="https://adoptopenjdk.net/"/>
    <property name="user.timezone" value=""/>
    <property name="java.vm.specification.version" value="1.8"/>
    <property name="os.name" value="Linux"/>
    <property name="test.build.data" value="/home/runner/work/ozone/ozone/hadoop-ozone/integration-test/target/test-dir"/>
    <property name="sun.java.launcher" value="SUN_STANDARD"/>
    <property name="sun.boot.library.path" value="/usr/lib/jvm/adoptopenjdk-8-hotspot-amd64/jre/lib/amd64"/>
    <property name="sun.java.command" value="/home/runner/work/ozone/ozone/hadoop-ozone/integration-test/target/surefire/surefirebooter8877343683934484524.jar /home/runner/work/ozone/ozone/hadoop-ozone/integration-test/target/surefire 2021-12-17T15-42-22_629-jvmRun1 surefire4986456730154428600tmp surefire_144406706909633416675tmp"/>
    <property name="surefire.test.class.path" value="/home/runner/work/ozone/ozone/hadoop-ozone/integration-test/target/test-classes:/home/runner/work/ozone/ozone/hadoop-ozone/integration-test/target/classes:/home/runner/.m2/repository/org/apache/ozone/ozone-common/1.3.0-SNAPSHOT/ozone-common-1.3.0-SNAPSHOT.jar:/home/runner/.m2/repository/org/apache/commons/commons-compress/1.21/commons-compress-1.21.jar:/home/runner/.m2/repository/org/apache/ozone/hdds-common/1.3.0-SNAPSHOT/hdds-common-1.3.0-SNAPSHOT.jar:/home/runner/.m2/repository/org/apache/ozone/hdds-client/1.3.0-SNAPSHOT/hdds-client-1.3.0-SNAPSHOT.jar:/home/runner/.m2/repository/org/apache/ozone/ozone-interface-client/1.3.0-SNAPSHOT/ozone-interface-client-1.3.0-SNAPSHOT.jar:/home/runner/.m2/repository/org/apache/ozone/hdds-test-utils/1.3.0-SNAPSHOT/hdds-test-utils-1.3.0-SNAPSHOT.jar:/home/runner/.m2/repository/com/google/guava/guava/30.1.1-jre/guava-30.1.1-jre.jar:/home/runner/.m2/repository/com/google/guava/failureaccess/1.0.1/failureaccess-1.0.1.jar:/home/runner/.m2/repository/com/google/guava/listenablefuture/9999.0-empty-to-avoid-conflict-with-guava/listenablefuture-9999.0-empty-to-avoid-conflict-with-guava.jar:/home/runner/.m2/repository/com/google/code/findbugs/jsr305/3.0.0/jsr305-3.0.0.jar:/home/runner/.m2/repository/org/checkerframework/checker-qual/3.8.0/checker-qual-3.8.0.jar:/home/runner/.m2/repository/com/google/errorprone/error_prone_annotations/2.2.0/error_prone_annotations-2.2.0.jar:/home/runner/.m2/repository/com/google/j2objc/j2objc-annotations/1.3/j2objc-annotations-1.3.jar:/home/runner/.m2/repository/commons-io/commons-io/2.11.0/commons-io-2.11.0.jar:/home/runner/.m2/repository/commons-logging/commons-logging/1.2/commons-logging-1.2.jar:/home/runner/.m2/repository/log4j/log4j/1.2.17/log4j-1.2.17.jar:/home/runner/.m2/repository/org/slf4j/slf4j-api/1.7.30/slf4j-api-1.7.30.jar:/home/runner/.m2/repository/org/apache/ozone/hdds-server-scm/1.3.0-SNAPSHOT/hdds-server-scm-1.3.0-SNAPSHOT.jar:/home/runner/.m2/repository/org/apache/ozone/hdds-container-service/1.3.0-SNAPSHOT/hdds-container-service-1.3.0-SNAPSHOT.jar:/home/runner/.m2/repository/org/apache/ozone/hdds-hadoop-dependency-server/1.3.0-SNAPSHOT/hdds-hadoop-dependency-server-1.3.0-SNAPSHOT.jar:/home/runner/.m2/repository/org/apache/hadoop/hadoop-hdfs/3.3.1/hadoop-hdfs-3.3.1.jar:/home/runner/.m2/repository/org/apache/ozone/hdds-server-framework/1.3.0-SNAPSHOT/hdds-server-framework-1.3.0-SNAPSHOT.jar:/home/runner/.m2/repository/org/apache/ozone/hdds-interface-server/1.3.0-SNAPSHOT/hdds-interface-server-1.3.0-SNAPSHOT.jar:/home/runner/.m2/repository/org/eclipse/jetty/jetty-servlet/9.4.43.v20210629/jetty-servlet-9.4.43.v20210629.jar:/home/runner/.m2/repository/org/eclipse/jetty/jetty-security/9.4.43.v20210629/jetty-security-9.4.43.v20210629.jar:/home/runner/.m2/repository/org/rocksdb/rocksdbjni/6.25.3/rocksdbjni-6.25.3.jar:/home/runner/.m2/repository/io/prometheus/simpleclient_dropwizard/0.7.0/simpleclient_dropwizard-0.7.0.jar:/home/runner/.m2/repository/io/prometheus/simpleclient/0.7.0/simpleclient-0.7.0.jar:/home/runner/.m2/repository/io/prometheus/simpleclient_common/0.7.0/simpleclient_common-0.7.0.jar:/home/runner/.m2/repository/com/fasterxml/jackson/datatype/jackson-datatype-jsr310/2.12.1/jackson-datatype-jsr310-2.12.1.jar:/home/runner/.m2/repository/io/dropwizard/metrics/metrics-core/3.2.4/metrics-core-3.2.4.jar:/home/runner/.m2/repository/org/apache/hadoop/hadoop-hdfs-client/3.3.1/hadoop-hdfs-client-3.3.1.jar:/home/runner/.m2/repository/org/bouncycastle/bcprov-jdk15on/1.67/bcprov-jdk15on-1.67.jar:/home/runner/.m2/repository/com/google/protobuf/protobuf-java/2.5.0/protobuf-java-2.5.0.jar:/home/runner/.m2/repository/org/apache/ozone/ozone-manager/1.3.0-SNAPSHOT/ozone-manager-1.3.0-SNAPSHOT.jar:/home/runner/.m2/repository/org/aspectj/aspectjrt/1.9.7/aspectjrt-1.9.7.jar:/home/runner/.m2/repository/org/aspectj/aspectjweaver/1.9.7/aspectjweaver-1.9.7.jar:/home/runner/.m2/repository/org/apache/ozone/hdds-interface-client/1.3.0-SNAPSHOT/hdds-interface-client-1.3.0-SNAPSHOT.jar:/home/runner/.m2/repository/org/apache/hadoop/thirdparty/hadoop-shaded-protobuf_3_7/1.1.1/hadoop-shaded-protobuf_3_7-1.1.1.jar:/home/runner/.m2/repository/org/apache/ozone/ozone-interface-storage/1.3.0-SNAPSHOT/ozone-interface-storage-1.3.0-SNAPSHOT.jar:/home/runner/.m2/repository/org/reflections/reflections/0.9.11/reflections-0.9.11.jar:/home/runner/.m2/repository/org/apache/hadoop/hadoop-minikdc/3.3.1/hadoop-minikdc-3.3.1.jar:/home/runner/.m2/repository/org/apache/kerby/kerb-simplekdc/1.0.1/kerb-simplekdc-1.0.1.jar:/home/runner/.m2/repository/org/apache/kerby/kerb-client/1.0.1/kerb-client-1.0.1.jar:/home/runner/.m2/repository/org/apache/kerby/kerby-config/1.0.1/kerby-config-1.0.1.jar:/home/runner/.m2/repository/org/apache/kerby/kerb-common/1.0.1/kerb-common-1.0.1.jar:/home/runner/.m2/repository/org/apache/kerby/kerb-crypto/1.0.1/kerb-crypto-1.0.1.jar:/home/runner/.m2/repository/org/apache/kerby/kerb-util/1.0.1/kerb-util-1.0.1.jar:/home/runner/.m2/repository/org/apache/kerby/token-provider/1.0.1/token-provider-1.0.1.jar:/home/runner/.m2/repository/org/apache/kerby/kerb-admin/1.0.1/kerb-admin-1.0.1.jar:/home/runner/.m2/repository/org/apache/kerby/kerb-server/1.0.1/kerb-server-1.0.1.jar:/home/runner/.m2/repository/org/apache/kerby/kerb-identity/1.0.1/kerb-identity-1.0.1.jar:/home/runner/.m2/repository/org/apache/kerby/kerby-xdr/1.0.1/kerby-xdr-1.0.1.jar:/home/runner/.m2/repository/org/slf4j/slf4j-log4j12/1.7.30/slf4j-log4j12-1.7.30.jar:/home/runner/.m2/repository/org/apache/ozone/ozone-s3gateway/1.3.0-SNAPSHOT/ozone-s3gateway-1.3.0-SNAPSHOT.jar:/home/runner/.m2/repository/org/javassist/javassist/3.21.0-GA/javassist-3.21.0-GA.jar:/home/runner/.m2/repository/org/jboss/weld/servlet/weld-servlet/2.4.7.Final/weld-servlet-2.4.7.Final.jar:/home/runner/.m2/repository/org/glassfish/jersey/containers/jersey-container-servlet-core/2.33/jersey-container-servlet-core-2.33.jar:/home/runner/.m2/repository/org/glassfish/hk2/external/jakarta.inject/2.6.1/jakarta.inject-2.6.1.jar:/home/runner/.m2/repository/org/glassfish/jersey/core/jersey-common/2.33/jersey-common-2.33.jar:/home/runner/.m2/repository/jakarta/ws/rs/jakarta.ws.rs-api/2.1.6/jakarta.ws.rs-api-2.1.6.jar:/home/runner/.m2/repository/org/glassfish/jersey/ext/cdi/jersey-cdi1x/2.33/jersey-cdi1x-2.33.jar:/home/runner/.m2/repository/org/glassfish/jersey/inject/jersey-hk2/2.33/jersey-hk2-2.33.jar:/home/runner/.m2/repository/org/glassfish/hk2/hk2-locator/2.6.1/hk2-locator-2.6.1.jar:/home/runner/.m2/repository/org/glassfish/jersey/media/jersey-media-jaxb/2.33/jersey-media-jaxb-2.33.jar:/home/runner/.m2/repository/org/glassfish/hk2/osgi-resource-locator/1.0.3/osgi-resource-locator-1.0.3.jar:/home/runner/.m2/repository/org/glassfish/hk2/hk2-api/2.5.0/hk2-api-2.5.0.jar:/home/runner/.m2/repository/org/glassfish/hk2/hk2-utils/2.5.0/hk2-utils-2.5.0.jar:/home/runner/.m2/repository/org/glassfish/hk2/external/aopalliance-repackaged/2.5.0/aopalliance-repackaged-2.5.0.jar:/home/runner/.m2/repository/com/fasterxml/jackson/dataformat/jackson-dataformat-xml/2.12.1/jackson-dataformat-xml-2.12.1.jar:/home/runner/.m2/repository/com/fasterxml/jackson/core/jackson-core/2.12.1/jackson-core-2.12.1.jar:/home/runner/.m2/repository/com/fasterxml/jackson/module/jackson-module-jaxb-annotations/2.12.1/jackson-module-jaxb-annotations-2.12.1.jar:/home/runner/.m2/repository/jakarta/xml/bind/jakarta.xml.bind-api/2.3.2/jakarta.xml.bind-api-2.3.2.jar:/home/runner/.m2/repository/org/codehaus/woodstox/stax2-api/3.1.4/stax2-api-3.1.4.jar:/home/runner/.m2/repository/com/fasterxml/woodstox/woodstox-core/5.0.3/woodstox-core-5.0.3.jar:/home/runner/.m2/repository/javax/enterprise/cdi-api/1.2/cdi-api-1.2.jar:/home/runner/.m2/repository/javax/el/javax.el-api/3.0.0/javax.el-api-3.0.0.jar:/home/runner/.m2/repository/javax/interceptor/javax.interceptor-api/1.2/javax.interceptor-api-1.2.jar:/home/runner/.m2/repository/javax/inject/javax.inject/1/javax.inject-1.jar:/home/runner/.m2/repository/javax/xml/bind/jaxb-api/2.3.0/jaxb-api-2.3.0.jar:/home/runner/.m2/repository/org/glassfish/jaxb/jaxb-runtime/2.3.0.1/jaxb-runtime-2.3.0.1.jar:/home/runner/.m2/repository/org/glassfish/jaxb/jaxb-core/2.3.0.1/jaxb-core-2.3.0.1.jar:/home/runner/.m2/repository/org/glassfish/jaxb/txw2/2.3.0.1/txw2-2.3.0.1.jar:/home/runner/.m2/repository/com/sun/istack/istack-commons-runtime/3.0.5/istack-commons-runtime-3.0.5.jar:/home/runner/.m2/repository/org/jvnet/staxex/stax-ex/1.7.8/stax-ex-1.7.8.jar:/home/runner/.m2/repository/com/sun/xml/fastinfoset/FastInfoset/1.2.13/FastInfoset-1.2.13.jar:/home/runner/.m2/repository/javax/activation/activation/1.1.1/activation-1.1.1.jar:/home/runner/.m2/repository/org/apache/ozone/ozone-csi/1.3.0-SNAPSHOT/ozone-csi-1.3.0-SNAPSHOT.jar:/home/runner/.m2/repository/com/google/protobuf/protobuf-java-util/3.12.0/protobuf-java-util-3.12.0.jar:/home/runner/.m2/repository/com/google/code/gson/gson/2.2.4/gson-2.2.4.jar:/home/runner/.m2/repository/org/apache/ozone/hdds-config/1.3.0-SNAPSHOT/hdds-config-1.3.0-SNAPSHOT.jar:/home/runner/.m2/repository/io/grpc/grpc-netty/1.33.0/grpc-netty-1.33.0.jar:/home/runner/.m2/repository/io/grpc/grpc-core/1.33.0/grpc-core-1.33.0.jar:/home/runner/.m2/repository/com/google/android/annotations/4.1.1.4/annotations-4.1.1.4.jar:/home/runner/.m2/repository/io/netty/netty-codec-http2/4.1.63.Final/netty-codec-http2-4.1.63.Final.jar:/home/runner/.m2/repository/io/netty/netty-codec-http/4.1.63.Final/netty-codec-http-4.1.63.Final.jar:/home/runner/.m2/repository/io/netty/netty-handler-proxy/4.1.63.Final/netty-handler-proxy-4.1.63.Final.jar:/home/runner/.m2/repository/io/netty/netty-codec-socks/4.1.63.Final/netty-codec-socks-4.1.63.Final.jar:/home/runner/.m2/repository/io/perfmark/perfmark-api/0.19.0/perfmark-api-0.19.0.jar:/home/runner/.m2/repository/org/codehaus/mojo/animal-sniffer-annotations/1.18/animal-sniffer-annotations-1.18.jar:/home/runner/.m2/repository/io/netty/netty-transport-native-epoll/4.1.63.Final/netty-transport-native-epoll-4.1.63.Final.jar:/home/runner/.m2/repository/io/netty/netty-common/4.1.63.Final/netty-common-4.1.63.Final.jar:/home/runner/.m2/repository/io/netty/netty-buffer/4.1.63.Final/netty-buffer-4.1.63.Final.jar:/home/runner/.m2/repository/io/netty/netty-transport-native-unix-common/4.1.63.Final/netty-transport-native-unix-common-4.1.63.Final.jar:/home/runner/.m2/repository/io/grpc/grpc-protobuf/1.33.0/grpc-protobuf-1.33.0.jar:/home/runner/.m2/repository/io/grpc/grpc-api/1.33.0/grpc-api-1.33.0.jar:/home/runner/.m2/repository/io/grpc/grpc-context/1.33.0/grpc-context-1.33.0.jar:/home/runner/.m2/repository/com/google/api/grpc/proto-google-common-protos/1.17.0/proto-google-common-protos-1.17.0.jar:/home/runner/.m2/repository/io/grpc/grpc-protobuf-lite/1.33.0/grpc-protobuf-lite-1.33.0.jar:/home/runner/.m2/repository/io/grpc/grpc-stub/1.33.0/grpc-stub-1.33.0.jar:/home/runner/.m2/repository/org/apache/ozone/ozone-recon/1.3.0-SNAPSHOT/ozone-recon-1.3.0-SNAPSHOT.jar:/home/runner/.m2/repository/org/apache/ozone/ozone-reconcodegen/1.3.0-SNAPSHOT/ozone-reconcodegen-1.3.0-SNAPSHOT.jar:/home/runner/.m2/repository/com/google/inject/extensions/guice-multibindings/4.0/guice-multibindings-4.0.jar:/home/runner/.m2/repository/com/google/inject/guice/4.0/guice-4.0.jar:/home/runner/.m2/repository/aopalliance/aopalliance/1.0/aopalliance-1.0.jar:/home/runner/.m2/repository/com/google/inject/extensions/guice-assistedinject/4.0/guice-assistedinject-4.0.jar:/home/runner/.m2/repository/com/google/inject/extensions/guice-servlet/4.0/guice-servlet-4.0.jar:/home/runner/.m2/repository/org/glassfish/jersey/containers/jersey-container-servlet/2.33/jersey-container-servlet-2.33.jar:/home/runner/.m2/repository/org/glassfish/hk2/guice-bridge/2.5.0/guice-bridge-2.5.0.jar:/home/runner/.m2/repository/org/glassfish/jersey/core/jersey-server/2.33/jersey-server-2.33.jar:/home/runner/.m2/repository/org/glassfish/jersey/core/jersey-client/2.33/jersey-client-2.33.jar:/home/runner/.m2/repository/jakarta/annotation/jakarta.annotation-api/1.3.5/jakarta.annotation-api-1.3.5.jar:/home/runner/.m2/repository/jakarta/validation/jakarta.validation-api/2.0.2/jakarta.validation-api-2.0.2.jar:/home/runner/.m2/repository/org/glassfish/jersey/media/jersey-media-json-jackson/2.33/jersey-media-json-jackson-2.33.jar:/home/runner/.m2/repository/org/glassfish/jersey/ext/jersey-entity-filtering/2.33/jersey-entity-filtering-2.33.jar:/home/runner/.m2/repository/org/jooq/jooq/3.11.10/jooq-3.11.10.jar:/home/runner/.m2/repository/org/jooq/jooq-meta/3.11.10/jooq-meta-3.11.10.jar:/home/runner/.m2/repository/org/jooq/jooq-codegen/3.11.10/jooq-codegen-3.11.10.jar:/home/runner/.m2/repository/com/jolbox/bonecp/0.8.0.RELEASE/bonecp-0.8.0.RELEASE.jar:/home/runner/.m2/repository/org/apache/derby/derby/10.14.2.0/derby-10.14.2.0.jar:/home/runner/.m2/repository/org/xerial/sqlite-jdbc/3.25.2/sqlite-jdbc-3.25.2.jar:/home/runner/.m2/repository/org/springframework/spring-jdbc/5.2.18.RELEASE/spring-jdbc-5.2.18.RELEASE.jar:/home/runner/.m2/repository/org/springframework/spring-beans/5.2.18.RELEASE/spring-beans-5.2.18.RELEASE.jar:/home/runner/.m2/repository/org/springframework/spring-core/5.2.18.RELEASE/spring-core-5.2.18.RELEASE.jar:/home/runner/.m2/repository/org/springframework/spring-jcl/5.2.18.RELEASE/spring-jcl-5.2.18.RELEASE.jar:/home/runner/.m2/repository/org/springframework/spring-tx/5.2.18.RELEASE/spring-tx-5.2.18.RELEASE.jar:/home/runner/.m2/repository/org/apache/ozone/ozone-client/1.3.0-SNAPSHOT/ozone-client-1.3.0-SNAPSHOT.jar:/home/runner/.m2/repository/org/apache/ozone/ozone-filesystem/1.3.0-SNAPSHOT/ozone-filesystem-1.3.0-SNAPSHOT.jar:/home/runner/.m2/repository/org/apache/ozone/ozone-filesystem-common/1.3.0-SNAPSHOT/ozone-filesystem-common-1.3.0-SNAPSHOT.jar:/home/runner/.m2/repository/org/apache/ozone/ozone-tools/1.3.0-SNAPSHOT/ozone-tools-1.3.0-SNAPSHOT.jar:/home/runner/.m2/repository/org/apache/ratis/ratis-tools/2.2.0/ratis-tools-2.2.0.jar:/home/runner/.m2/repository/com/amazonaws/aws-java-sdk-core/1.12.124/aws-java-sdk-core-1.12.124.jar:/home/runner/.m2/repository/org/apache/httpcomponents/httpclient/4.5.13/httpclient-4.5.13.jar:/home/runner/.m2/repository/org/apache/httpcomponents/httpcore/4.4.13/httpcore-4.4.13.jar:/home/runner/.m2/repository/software/amazon/ion/ion-java/1.0.2/ion-java-1.0.2.jar:/home/runner/.m2/repository/com/fasterxml/jackson/dataformat/jackson-dataformat-cbor/2.12.1/jackson-dataformat-cbor-2.12.1.jar:/home/runner/.m2/repository/joda-time/joda-time/2.8.1/joda-time-2.8.1.jar:/home/runner/.m2/repository/com/amazonaws/aws-java-sdk-s3/1.12.124/aws-java-sdk-s3-1.12.124.jar:/home/runner/.m2/repository/com/amazonaws/aws-java-sdk-kms/1.12.124/aws-java-sdk-kms-1.12.124.jar:/home/runner/.m2/repository/com/amazonaws/jmespath-java/1.12.124/jmespath-java-1.12.124.jar:/home/runner/.m2/repository/org/kohsuke/metainf-services/metainf-services/1.8/metainf-services-1.8.jar:/home/runner/.m2/repository/org/apache/ozone/hdds-tools/1.3.0-SNAPSHOT/hdds-tools-1.3.0-SNAPSHOT.jar:/home/runner/.m2/repository/commons-cli/commons-cli/1.2/commons-cli-1.2.jar:/home/runner/.m2/repository/org/apache/commons/commons-lang3/3.7/commons-lang3-3.7.jar:/home/runner/.m2/repository/org/apache/ozone/ozone-manager/1.3.0-SNAPSHOT/ozone-manager-1.3.0-SNAPSHOT-tests.jar:/home/runner/.m2/repository/org/apache/ozone/hdds-common/1.3.0-SNAPSHOT/hdds-common-1.3.0-SNAPSHOT-tests.jar:/home/runner/.m2/repository/org/apache/ozone/hdds-hadoop-dependency-client/1.3.0-SNAPSHOT/hdds-hadoop-dependency-client-1.3.0-SNAPSHOT.jar:/home/runner/.m2/repository/info/picocli/picocli/4.6.1/picocli-4.6.1.jar:/home/runner/.m2/repository/com/fasterxml/jackson/core/jackson-annotations/2.12.1/jackson-annotations-2.12.1.jar:/home/runner/.m2/repository/javax/annotation/javax.annotation-api/1.2/javax.annotation-api-1.2.jar:/home/runner/.m2/repository/org/apache/ratis/ratis-server/2.2.0/ratis-server-2.2.0.jar:/home/runner/.m2/repository/org/apache/ratis/ratis-client/2.2.0/ratis-client-2.2.0.jar:/home/runner/.m2/repository/org/apache/ratis/ratis-server-api/2.2.0/ratis-server-api-2.2.0.jar:/home/runner/.m2/repository/org/apache/ratis/ratis-metrics/2.2.0/ratis-metrics-2.2.0.jar:/home/runner/.m2/repository/org/apache/ratis/ratis-netty/2.2.0/ratis-netty-2.2.0.jar:/home/runner/.m2/repository/org/apache/ratis/ratis-grpc/2.2.0/ratis-grpc-2.2.0.jar:/home/runner/.m2/repository/org/apache/logging/log4j/log4j-api/2.16.0/log4j-api-2.16.0.jar:/home/runner/.m2/repository/org/apache/logging/log4j/log4j-core/2.16.0/log4j-core-2.16.0.jar:/home/runner/.m2/repository/com/lmax/disruptor/3.4.2/disruptor-3.4.2.jar:/home/runner/.m2/repository/org/apache/commons/commons-pool2/2.6.0/commons-pool2-2.6.0.jar:/home/runner/.m2/repository/org/bouncycastle/bcpkix-jdk15on/1.67/bcpkix-jdk15on-1.67.jar:/home/runner/.m2/repository/commons-validator/commons-validator/1.6/commons-validator-1.6.jar:/home/runner/.m2/repository/commons-beanutils/commons-beanutils/1.9.4/commons-beanutils-1.9.4.jar:/home/runner/.m2/repository/commons-digester/commons-digester/1.8.1/commons-digester-1.8.1.jar:/home/runner/.m2/repository/commons-collections/commons-collections/3.2.2/commons-collections-3.2.2.jar:/home/runner/.m2/repository/io/jaegertracing/jaeger-client/1.6.0/jaeger-client-1.6.0.jar:/home/runner/.m2/repository/io/jaegertracing/jaeger-thrift/1.6.0/jaeger-thrift-1.6.0.jar:/home/runner/.m2/repository/org/apache/thrift/libthrift/0.14.1/libthrift-0.14.1.jar:/home/runner/.m2/repository/com/squareup/okhttp3/okhttp/4.9.0/okhttp-4.9.0.jar:/home/runner/.m2/repository/com/squareup/okio/okio/2.8.0/okio-2.8.0.jar:/home/runner/.m2/repository/io/jaegertracing/jaeger-core/1.6.0/jaeger-core-1.6.0.jar:/home/runner/.m2/repository/io/jaegertracing/jaeger-tracerresolver/1.6.0/jaeger-tracerresolver-1.6.0.jar:/home/runner/.m2/repository/io/opentracing/contrib/opentracing-tracerresolver/0.1.8/opentracing-tracerresolver-0.1.8.jar:/home/runner/.m2/repository/org/jetbrains/kotlin/kotlin-stdlib/1.4.31/kotlin-stdlib-1.4.31.jar:/home/runner/.m2/repository/org/jetbrains/kotlin/kotlin-stdlib-common/1.4.31/kotlin-stdlib-common-1.4.31.jar:/home/runner/.m2/repository/org/jetbrains/annotations/13.0/annotations-13.0.jar:/home/runner/.m2/repository/io/opentracing/opentracing-util/0.33.0/opentracing-util-0.33.0.jar:/home/runner/.m2/repository/io/opentracing/opentracing-api/0.33.0/opentracing-api-0.33.0.jar:/home/runner/.m2/repository/io/opentracing/opentracing-noop/0.33.0/opentracing-noop-0.33.0.jar:/home/runner/.m2/repository/org/yaml/snakeyaml/1.26/snakeyaml-1.26.jar:/home/runner/.m2/repository/org/apache/ozone/hdds-interface-admin/1.3.0-SNAPSHOT/hdds-interface-admin-1.3.0-SNAPSHOT.jar:/home/runner/.m2/repository/junit/junit/4.13.1/junit-4.13.1.jar:/home/runner/.m2/repository/org/hamcrest/hamcrest-core/1.3/hamcrest-core-1.3.jar:/home/runner/.m2/repository/org/junit/jupiter/junit-jupiter-api/5.7.0/junit-jupiter-api-5.7.0.jar:/home/runner/.m2/repository/org/apiguardian/apiguardian-api/1.1.0/apiguardian-api-1.1.0.jar:/home/runner/.m2/repository/org/opentest4j/opentest4j/1.2.0/opentest4j-1.2.0.jar:/home/runner/.m2/repository/org/junit/platform/junit-platform-commons/1.7.0/junit-platform-commons-1.7.0.jar:/home/runner/.m2/repository/org/junit/jupiter/junit-jupiter-engine/5.7.0/junit-jupiter-engine-5.7.0.jar:/home/runner/.m2/repository/org/junit/platform/junit-platform-engine/1.7.0/junit-platform-engine-1.7.0.jar:/home/runner/.m2/repository/org/junit/vintage/junit-vintage-engine/5.7.0/junit-vintage-engine-5.7.0.jar:/home/runner/.m2/repository/org/junit/platform/junit-platform-launcher/1.7.0/junit-platform-launcher-1.7.0.jar:/home/runner/.m2/repository/org/openjdk/jmh/jmh-core/1.19/jmh-core-1.19.jar:/home/runner/.m2/repository/net/sf/jopt-simple/jopt-simple/4.6/jopt-simple-4.6.jar:/home/runner/.m2/repository/org/apache/commons/commons-math3/3.1.1/commons-math3-3.1.1.jar:/home/runner/.m2/repository/org/openjdk/jmh/jmh-generator-annprocess/1.19/jmh-generator-annprocess-1.19.jar:/home/runner/.m2/repository/org/mockito/mockito-core/2.28.2/mockito-core-2.28.2.jar:/home/runner/.m2/repository/net/bytebuddy/byte-buddy/1.9.10/byte-buddy-1.9.10.jar:/home/runner/.m2/repository/net/bytebuddy/byte-buddy-agent/1.9.10/byte-buddy-agent-1.9.10.jar:/home/runner/.m2/repository/org/objenesis/objenesis/1.0/objenesis-1.0.jar:/home/runner/.m2/repository/org/apache/hadoop/hadoop-kms/3.3.1/hadoop-kms-3.3.1.jar:/home/runner/.m2/repository/org/apache/hadoop/hadoop-auth/3.3.1/hadoop-auth-3.3.1.jar:/home/runner/.m2/repository/com/nimbusds/nimbus-jose-jwt/7.9/nimbus-jose-jwt-7.9.jar:/home/runner/.m2/repository/com/github/stephenc/jcip/jcip-annotations/1.0-1/jcip-annotations-1.0-1.jar:/home/runner/.m2/repository/net/minidev/json-smart/2.3.1/json-smart-2.3.1.jar:/home/runner/.m2/repository/net/minidev/accessors-smart/2.3.1/accessors-smart-2.3.1.jar:/home/runner/.m2/repository/org/ow2/asm/asm/5.0.4/asm-5.0.4.jar:/home/runner/.m2/repository/org/apache/zookeeper/zookeeper/3.5.6/zookeeper-3.5.6.jar:/home/runner/.m2/repository/org/apache/zookeeper/zookeeper-jute/3.5.6/zookeeper-jute-3.5.6.jar:/home/runner/.m2/repository/org/apache/yetus/audience-annotations/0.5.0/audience-annotations-0.5.0.jar:/home/runner/.m2/repository/org/apache/curator/curator-framework/4.2.0/curator-framework-4.2.0.jar:/home/runner/.m2/repository/org/apache/hadoop/thirdparty/hadoop-shaded-guava/1.1.1/hadoop-shaded-guava-1.1.1.jar:/home/runner/.m2/repository/com/sun/jersey/jersey-core/1.19/jersey-core-1.19.jar:/home/runner/.m2/repository/javax/ws/rs/jsr311-api/1.1.1/jsr311-api-1.1.1.jar:/home/runner/.m2/repository/com/sun/jersey/jersey-server/1.19/jersey-server-1.19.jar:/home/runner/.m2/repository/javax/servlet/javax.servlet-api/3.1.0/javax.servlet-api-3.1.0.jar:/home/runner/.m2/repository/org/eclipse/jetty/jetty-server/9.4.43.v20210629/jetty-server-9.4.43.v20210629.jar:/home/runner/.m2/repository/org/eclipse/jetty/jetty-http/9.4.43.v20210629/jetty-http-9.4.43.v20210629.jar:/home/runner/.m2/repository/org/eclipse/jetty/jetty-io/9.4.43.v20210629/jetty-io-9.4.43.v20210629.jar:/home/runner/.m2/repository/org/eclipse/jetty/jetty-webapp/9.4.43.v20210629/jetty-webapp-9.4.43.v20210629.jar:/home/runner/.m2/repository/org/eclipse/jetty/jetty-xml/9.4.43.v20210629/jetty-xml-9.4.43.v20210629.jar:/home/runner/.m2/repository/org/apache/hadoop/hadoop-common/3.3.1/hadoop-common-3.3.1.jar:/home/runner/.m2/repository/commons-net/commons-net/3.6/commons-net-3.6.jar:/home/runner/.m2/repository/jakarta/activation/jakarta.activation-api/1.2.1/jakarta.activation-api-1.2.1.jar:/home/runner/.m2/repository/com/sun/jersey/jersey-servlet/1.19/jersey-servlet-1.19.jar:/home/runner/.m2/repository/com/sun/jersey/jersey-json/1.19/jersey-json-1.19.jar:/home/runner/.m2/repository/org/codehaus/jettison/jettison/1.1/jettison-1.1.jar:/home/runner/.m2/repository/com/sun/xml/bind/jaxb-impl/2.2.3-1/jaxb-impl-2.2.3-1.jar:/home/runner/.m2/repository/org/codehaus/jackson/jackson-jaxrs/1.9.2/jackson-jaxrs-1.9.2.jar:/home/runner/.m2/repository/org/codehaus/jackson/jackson-xc/1.9.2/jackson-xc-1.9.2.jar:/home/runner/.m2/repository/org/apache/commons/commons-configuration2/2.1.1/commons-configuration2-2.1.1.jar:/home/runner/.m2/repository/org/apache/commons/commons-text/1.4/commons-text-1.4.jar:/home/runner/.m2/repository/com/google/re2j/re2j/1.1/re2j-1.1.jar:/home/runner/.m2/repository/com/jcraft/jsch/0.1.54/jsch-0.1.54.jar:/home/runner/.m2/repository/org/apache/curator/curator-client/4.2.0/curator-client-4.2.0.jar:/home/runner/.m2/repository/org/apache/curator/curator-recipes/4.2.0/curator-recipes-4.2.0.jar:/home/runner/.m2/repository/org/apache/kerby/kerb-core/1.0.1/kerb-core-1.0.1.jar:/home/runner/.m2/repository/org/apache/kerby/kerby-pkix/1.0.1/kerby-pkix-1.0.1.jar:/home/runner/.m2/repository/org/apache/kerby/kerby-asn1/1.0.1/kerby-asn1-1.0.1.jar:/home/runner/.m2/repository/org/apache/kerby/kerby-util/1.0.1/kerby-util-1.0.1.jar:/home/runner/.m2/repository/dnsjava/dnsjava/2.1.7/dnsjava-2.1.7.jar:/home/runner/.m2/repository/org/xerial/snappy/snappy-java/1.1.8.2/snappy-java-1.1.8.2.jar:/home/runner/.m2/repository/org/slf4j/jul-to-slf4j/1.7.30/jul-to-slf4j-1.7.30.jar:/home/runner/.m2/repository/org/eclipse/jetty/jetty-util/9.4.43.v20210629/jetty-util-9.4.43.v20210629.jar:/home/runner/.m2/repository/com/fasterxml/jackson/core/jackson-databind/2.12.1/jackson-databind-2.12.1.jar:/home/runner/.m2/repository/org/apache/hadoop/hadoop-kms/3.3.1/hadoop-kms-3.3.1-tests.jar:/home/runner/.m2/repository/org/apache/ozone/hdds-server-scm/1.3.0-SNAPSHOT/hdds-server-scm-1.3.0-SNAPSHOT-tests.jar:/home/runner/.m2/repository/org/apache/ozone/hdds-container-service/1.3.0-SNAPSHOT/hdds-container-service-1.3.0-SNAPSHOT-tests.jar:/home/runner/.m2/repository/commons-codec/commons-codec/1.11/commons-codec-1.11.jar:/home/runner/.m2/repository/io/netty/netty-transport/4.1.63.Final/netty-transport-4.1.63.Final.jar:/home/runner/.m2/repository/io/netty/netty-resolver/4.1.63.Final/netty-resolver-4.1.63.Final.jar:/home/runner/.m2/repository/io/netty/netty-codec/4.1.63.Final/netty-codec-4.1.63.Final.jar:/home/runner/.m2/repository/io/netty/netty-handler/4.1.63.Final/netty-handler-4.1.63.Final.jar:/home/runner/.m2/repository/org/apache/ozone/hdds-hadoop-dependency-test/1.3.0-SNAPSHOT/hdds-hadoop-dependency-test-1.3.0-SNAPSHOT.jar:/home/runner/.m2/repository/org/apache/hadoop/hadoop-common/3.3.1/hadoop-common-3.3.1-tests.jar:/home/runner/.m2/repository/org/assertj/assertj-core/3.12.2/assertj-core-3.12.2.jar:/home/runner/.m2/repository/org/apache/hadoop/hadoop-hdfs/3.3.1/hadoop-hdfs-3.3.1-tests.jar:/home/runner/.m2/repository/org/eclipse/jetty/jetty-util-ajax/9.4.43.v20210629/jetty-util-ajax-9.4.43.v20210629.jar:/home/runner/.m2/repository/commons-daemon/commons-daemon/1.0.13/commons-daemon-1.0.13.jar:/home/runner/.m2/repository/io/netty/netty/3.10.6.Final/netty-3.10.6.Final.jar:/home/runner/.m2/repository/io/netty/netty-all/4.1.63.Final/netty-all-4.1.63.Final.jar:/home/runner/.m2/repository/org/apache/htrace/htrace-core4/4.1.0-incubating/htrace-core4-4.1.0-incubating.jar:/home/runner/.m2/repository/org/fusesource/leveldbjni/leveldbjni-all/1.8/leveldbjni-all-1.8.jar:/home/runner/.m2/repository/org/apache/hadoop/hadoop-distcp/3.3.1/hadoop-distcp-3.3.1.jar:/home/runner/.m2/repository/org/apache/hadoop/hadoop-mapreduce-client-jobclient/3.3.1/hadoop-mapreduce-client-jobclient-3.3.1.jar:/home/runner/.m2/repository/org/apache/hadoop/hadoop-mapreduce-client-common/3.3.1/hadoop-mapreduce-client-common-3.3.1.jar:/home/runner/.m2/repository/org/apache/hadoop/hadoop-yarn-common/3.3.1/hadoop-yarn-common-3.3.1.jar:/home/runner/.m2/repository/org/apache/hadoop/hadoop-yarn-api/3.3.1/hadoop-yarn-api-3.3.1.jar:/home/runner/.m2/repository/com/sun/jersey/jersey-client/1.19/jersey-client-1.19.jar:/home/runner/.m2/repository/com/sun/jersey/contribs/jersey-guice/1.19/jersey-guice-1.19.jar:/home/runner/.m2/repository/com/fasterxml/jackson/jaxrs/jackson-jaxrs-json-provider/2.12.1/jackson-jaxrs-json-provider-2.12.1.jar:/home/runner/.m2/repository/com/fasterxml/jackson/jaxrs/jackson-jaxrs-base/2.12.1/jackson-jaxrs-base-2.12.1.jar:/home/runner/.m2/repository/org/apache/hadoop/hadoop-yarn-client/3.3.1/hadoop-yarn-client-3.3.1.jar:/home/runner/.m2/repository/org/eclipse/jetty/websocket/websocket-client/9.4.40.v20210413/websocket-client-9.4.40.v20210413.jar:/home/runner/.m2/repository/org/eclipse/jetty/jetty-client/9.4.40.v20210413/jetty-client-9.4.40.v20210413.jar:/home/runner/.m2/repository/org/eclipse/jetty/websocket/websocket-common/9.4.40.v20210413/websocket-common-9.4.40.v20210413.jar:/home/runner/.m2/repository/org/eclipse/jetty/websocket/websocket-api/9.4.40.v20210413/websocket-api-9.4.40.v20210413.jar:/home/runner/.m2/repository/org/jline/jline/3.9.0/jline-3.9.0.jar:/home/runner/.m2/repository/org/apache/hadoop/hadoop-mapreduce-client-core/3.3.1/hadoop-mapreduce-client-core-3.3.1.jar:/home/runner/.m2/repository/org/apache/avro/avro/1.7.7/avro-1.7.7.jar:/home/runner/.m2/repository/org/codehaus/jackson/jackson-core-asl/1.9.13/jackson-core-asl-1.9.13.jar:/home/runner/.m2/repository/org/codehaus/jackson/jackson-mapper-asl/1.9.13/jackson-mapper-asl-1.9.13.jar:/home/runner/.m2/repository/com/thoughtworks/paranamer/paranamer/2.3/paranamer-2.3.jar:/home/runner/.m2/repository/org/apache/hadoop/hadoop-annotations/3.3.1/hadoop-annotations-3.3.1.jar:/usr/lib/jvm/adoptopenjdk-8-hotspot-amd64/jre/../lib/tools.jar:/home/runner/.m2/repository/org/apache/hadoop/hadoop-distcp/3.3.1/hadoop-distcp-3.3.1-tests.jar:/home/runner/.m2/repository/org/apache/ratis/ratis-common/2.2.0/ratis-common-2.2.0.jar:/home/runner/.m2/repository/org/apache/ratis/ratis-thirdparty-misc/0.7.0/ratis-thirdparty-misc-0.7.0.jar:/home/runner/.m2/repository/org/apache/ratis/ratis-proto/2.2.0/ratis-proto-2.2.0.jar:"/>
    <property name="sun.cpu.endian" value="little"/>
    <property name="user.home" value="/home/runner"/>
    <property name="user.language" value="en"/>
    <property name="java.specification.vendor" value="Oracle Corporation"/>
    <property name="java.home" value="/usr/lib/jvm/adoptopenjdk-8-hotspot-amd64/jre"/>
    <property name="java.security.krb5.conf" value="/home/runner/work/ozone/ozone/hadoop-ozone/integration-test/target/test-classes/krb5.conf"/>
    <property name="basedir" value="/home/runner/work/ozone/ozone/hadoop-ozone/integration-test"/>
    <property name="file.separator" value="/"/>
    <property name="line.separator" value="&#10;"/>
    <property name="java.vm.specification.vendor" value="Oracle Corporation"/>
    <property name="java.specification.name" value="Java Platform API Specification"/>
    <property name="java.awt.graphicsenv" value="sun.awt.X11GraphicsEnvironment"/>
    <property name="skip.installnpx" value="true"/>
    <property name="surefire.real.class.path" value="/home/runner/work/ozone/ozone/hadoop-ozone/integration-test/target/surefire/surefirebooter8877343683934484524.jar:/home/runner/.m2/repository/org/jacoco/org.jacoco.agent/0.8.5/org.jacoco.agent-0.8.5-runtime.jar"/>
    <property name="hadoop.log.dir" value="/home/runner/work/ozone/ozone/hadoop-ozone/integration-test/target/log"/>
    <property name="sun.boot.class.path" value="/usr/lib/jvm/adoptopenjdk-8-hotspot-amd64/jre/lib/resources.jar:/usr/lib/jvm/adoptopenjdk-8-hotspot-amd64/jre/lib/rt.jar:/usr/lib/jvm/adoptopenjdk-8-hotspot-amd64/jre/lib/sunrsasign.jar:/usr/lib/jvm/adoptopenjdk-8-hotspot-amd64/jre/lib/jsse.jar:/usr/lib/jvm/adoptopenjdk-8-hotspot-amd64/jre/lib/jce.jar:/usr/lib/jvm/adoptopenjdk-8-hotspot-amd64/jre/lib/charsets.jar:/usr/lib/jvm/adoptopenjdk-8-hotspot-amd64/jre/lib/jfr.jar:/usr/lib/jvm/adoptopenjdk-8-hotspot-amd64/jre/classes"/>
    <property name="sun.management.compiler" value="HotSpot 64-Bit Tiered Compilers"/>
    <property name="skip.npx" value="true"/>
    <property name="java.runtime.version" value="1.8.0_292-b10"/>
    <property name="java.net.preferIPv4Stack" value="true"/>
    <property name="user.name" value="runner"/>
    <property name="path.separator" value=":"/>
    <property name="java.security.egd" value="file:///dev/urandom"/>
    <property name="os.version" value="5.4.0-1064-azure"/>
    <property name="java.endorsed.dirs" value="/usr/lib/jvm/adoptopenjdk-8-hotspot-amd64/jre/lib/endorsed"/>
    <property name="java.runtime.name" value="OpenJDK Runtime Environment"/>
    <property name="file.encoding" value="UTF-8"/>
    <property name="java.vm.name" value="OpenJDK 64-Bit Server VM"/>
    <property name="test.build.webapps" value=""/>
    <property name="localRepository" value="/home/runner/.m2/repository"/>
    <property name="java.vendor.url.bug" value="https://github.com/AdoptOpenJDK/openjdk-support/issues"/>
    <property name="java.io.tmpdir" value="/tmp"/>
    <property name="require.test.libhadoop" value=""/>
    <property name="java.version" value="1.8.0_292"/>
    <property name="user.dir" value="/home/runner/work/ozone/ozone/hadoop-ozone/integration-test"/>
    <property name="os.arch" value="amd64"/>
    <property name="java.vm.specification.name" value="Java Virtual Machine Specification"/>
    <property name="test.build.classes" value="/home/runner/work/ozone/ozone/hadoop-ozone/integration-test/target/test-classes"/>
    <property name="java.awt.printerjob" value="sun.print.PSPrinterJob"/>
    <property name="sun.os.patch.level" value="unknown"/>
    <property name="hadoop.tmp.dir" value="/home/runner/work/ozone/ozone/hadoop-ozone/integration-test/target/tmp"/>
    <property name="java.library.path" value="/usr/java/packages/lib/amd64:/usr/lib64:/lib64:/lib:/usr/lib"/>
    <property name="java.vm.info" value="mixed mode"/>
    <property name="java.vendor" value="AdoptOpenJDK"/>
    <property name="java.vm.version" value="25.292-b10"/>
    <property name="java.ext.dirs" value="/usr/lib/jvm/adoptopenjdk-8-hotspot-amd64/jre/lib/ext:/usr/java/packages/lib/ext"/>
    <property name="sun.io.unicode.encoding" value="UnicodeLittle"/>
    <property name="java.class.version" value="52.0"/>
  </properties>
  <testcase name="testRatisLogParsing" classname="org.apache.hadoop.ozone.parser.TestOzoneHARatisLogParser" time="25.819">
    <error message="Failed init RocksDB, db path : /home/runner/work/ozone/ozone/hadoop-ozone/integration-test/target/test-dir/MiniOzoneClusterImpl-5c40dcc8-fe42-479e-8e18-50a5c3d1406a/omNode-1/om.db, exception :org.rocksdb.RocksDBException lock hold by current process, acquire time 1639756557 acquiring thread 140049158448896: /home/runner/work/ozone/ozone/hadoop-ozone/integration-test/target/test-dir/MiniOzoneClusterImpl-5c40dcc8-fe42-479e-8e18-50a5c3d1406a/omNode-1/om.db/LOCK: No locks available; status : IOError; message : lock hold by current process, acquire time 1639756557 acquiring thread 140049158448896: /home/runner/work/ozone/ozone/hadoop-ozone/integration-test/target/test-dir/MiniOzoneClusterImpl-5c40dcc8-fe42-479e-8e18-50a5c3d1406a/omNode-1/om.db/LOCK: No locks available" type="java.io.IOException"><![CDATA[java.io.IOException: Failed init RocksDB, db path : /home/runner/work/ozone/ozone/hadoop-ozone/integration-test/target/test-dir/MiniOzoneClusterImpl-5c40dcc8-fe42-479e-8e18-50a5c3d1406a/omNode-1/om.db, exception :org.rocksdb.RocksDBException lock hold by current process, acquire time 1639756557 acquiring thread 140049158448896: /home/runner/work/ozone/ozone/hadoop-ozone/integration-test/target/test-dir/MiniOzoneClusterImpl-5c40dcc8-fe42-479e-8e18-50a5c3d1406a/omNode-1/om.db/LOCK: No locks available; status : IOError; message : lock hold by current process, acquire time 1639756557 acquiring thread 140049158448896: /home/runner/work/ozone/ozone/hadoop-ozone/integration-test/target/test-dir/MiniOzoneClusterImpl-5c40dcc8-fe42-479e-8e18-50a5c3d1406a/omNode-1/om.db/LOCK: No locks available
	at org.apache.hadoop.hdds.utils.HddsServerUtil.toIOException(HddsServerUtil.java:564)
	at org.apache.hadoop.hdds.utils.db.RDBStore.<init>(RDBStore.java:164)
	at org.apache.hadoop.hdds.utils.db.DBStoreBuilder.build(DBStoreBuilder.java:191)
	at org.apache.hadoop.ozone.om.OmMetadataManagerImpl.loadDB(OmMetadataManagerImpl.java:397)
	at org.apache.hadoop.ozone.om.OmMetadataManagerImpl.loadDB(OmMetadataManagerImpl.java:387)
	at org.apache.hadoop.ozone.om.OmMetadataManagerImpl.start(OmMetadataManagerImpl.java:379)
	at org.apache.hadoop.ozone.om.OmMetadataManagerImpl.<init>(OmMetadataManagerImpl.java:246)
	at org.apache.hadoop.ozone.om.OzoneManager.instantiateServices(OzoneManager.java:636)
	at org.apache.hadoop.ozone.om.OzoneManager.<init>(OzoneManager.java:524)
	at org.apache.hadoop.ozone.om.OzoneManager.createOm(OzoneManager.java:602)
	at org.apache.hadoop.ozone.MiniOzoneHAClusterImpl$Builder.createOMService(MiniOzoneHAClusterImpl.java:494)
	at org.apache.hadoop.ozone.MiniOzoneHAClusterImpl$Builder.build(MiniOzoneHAClusterImpl.java:405)
	at org.apache.hadoop.ozone.parser.TestOzoneHARatisLogParser.setup(TestOzoneHARatisLogParser.java:78)
	at sun.reflect.NativeMethodAccessorImpl.invoke0(Native Method)
	at sun.reflect.NativeMethodAccessorImpl.invoke(NativeMethodAccessorImpl.java:62)
	at sun.reflect.DelegatingMethodAccessorImpl.invoke(DelegatingMethodAccessorImpl.java:43)
	at java.lang.reflect.Method.invoke(Method.java:498)
	at org.junit.runners.model.FrameworkMethod$1.runReflectiveCall(FrameworkMethod.java:59)
	at org.junit.internal.runners.model.ReflectiveCallable.run(ReflectiveCallable.java:12)
	at org.junit.runners.model.FrameworkMethod.invokeExplosively(FrameworkMethod.java:56)
	at org.junit.internal.runners.statements.RunBefores.invokeMethod(RunBefores.java:33)
	at org.junit.internal.runners.statements.RunBefores.evaluate(RunBefores.java:24)
	at org.junit.internal.runners.statements.RunAfters.evaluate(RunAfters.java:27)
	at org.junit.internal.runners.statements.FailOnTimeout$CallableStatement.call(FailOnTimeout.java:288)
	at org.junit.internal.runners.statements.FailOnTimeout$CallableStatement.call(FailOnTimeout.java:282)
	at java.util.concurrent.FutureTask.run(FutureTask.java:266)
	at java.lang.Thread.run(Thread.java:748)
Caused by: org.rocksdb.RocksDBException: lock hold by current process, acquire time 1639756557 acquiring thread 140049158448896: /home/runner/work/ozone/ozone/hadoop-ozone/integration-test/target/test-dir/MiniOzoneClusterImpl-5c40dcc8-fe42-479e-8e18-50a5c3d1406a/omNode-1/om.db/LOCK: No locks available
	at org.rocksdb.RocksDB.open(Native Method)
	at org.rocksdb.RocksDB.open(RocksDB.java:306)
	at org.apache.hadoop.hdds.utils.db.RDBStore.<init>(RDBStore.java:119)
	... 25 more
]]></error>
    <system-out><![CDATA[2021-12-17 15:55:32,797 [Time-limited test] WARN  server.ServerUtils (ServerUtils.java:getScmDbDir(148)) - ozone.scm.db.dirs is not configured. We recommend adding this setting. Falling back to ozone.metadata.dirs instead.
2021-12-17 15:55:32,820 [Time-limited test] INFO  ha.SCMHANodeDetails (SCMHANodeDetails.java:loadSCMHAConfig(157)) - ServiceID for StorageContainerManager is scmServiceId
2021-12-17 15:55:32,820 [Time-limited test] INFO  ha.SCMHANodeDetails (SCMHANodeDetails.java:loadSCMHAConfig(168)) - ServiceID for StorageContainerManager is scmServiceId
2021-12-17 15:55:32,913 [Time-limited test] WARN  scm.ScmUtils (ScmUtils.java:logWarn(179)) - ConfigKey ozone.scm.block.client.address is deprecated, For configuring different ports for each SCM use PortConfigKey ozone.scm.block.client.port appended with serviceId and nodeId. If want to configure same port configure ozone.scm.block.client.port
2021-12-17 15:55:32,913 [Time-limited test] WARN  scm.ScmUtils (ScmUtils.java:logWarn(179)) - ConfigKey ozone.scm.client.address is deprecated, For configuring different ports for each SCM use PortConfigKey ozone.scm.client.port appended with serviceId and nodeId. If want to configure same port configure ozone.scm.client.port
2021-12-17 15:55:32,914 [Time-limited test] WARN  scm.ScmUtils (ScmUtils.java:logWarn(179)) - ConfigKey ozone.scm.datanode.address is deprecated, For configuring different ports for each SCM use PortConfigKey ozone.scm.datanode.port appended with serviceId and nodeId. If want to configure same port configure ozone.scm.datanode.port
2021-12-17 15:55:32,916 [Time-limited test] WARN  scm.ScmUtils (ScmUtils.java:logWarn(179)) - ConfigKey ozone.scm.block.client.address is deprecated, For configuring different ports for each SCM use PortConfigKey ozone.scm.block.client.port appended with serviceId and nodeId. If want to configure same port configure ozone.scm.block.client.port
2021-12-17 15:55:32,917 [Time-limited test] WARN  scm.ScmUtils (ScmUtils.java:logWarn(179)) - ConfigKey ozone.scm.client.address is deprecated, For configuring different ports for each SCM use PortConfigKey ozone.scm.client.port appended with serviceId and nodeId. If want to configure same port configure ozone.scm.client.port
2021-12-17 15:55:32,918 [Time-limited test] WARN  scm.ScmUtils (ScmUtils.java:logWarn(179)) - ConfigKey ozone.scm.datanode.address is deprecated, For configuring different ports for each SCM use PortConfigKey ozone.scm.datanode.port appended with serviceId and nodeId. If want to configure same port configure ozone.scm.datanode.port
2021-12-17 15:55:32,919 [Time-limited test] INFO  ha.SCMHANodeDetails (SCMHANodeDetails.java:loadSCMHAConfig(250)) - Found matching SCM address with SCMServiceId: scmServiceId, SCMNodeId: scmNode-1, RPC Address: localhost:13368 and Ratis port: 13368
2021-12-17 15:55:32,919 [Time-limited test] INFO  ha.SCMHANodeDetails (ConfUtils.java:setNodeSpecificConfigs(108)) - Setting configuration key ozone.scm.datanode.address with value of key ozone.scm.datanode.address.scmServiceId.scmNode-1: 127.0.0.1:13369
2021-12-17 15:55:32,919 [Time-limited test] INFO  ha.SCMHANodeDetails (ConfUtils.java:setNodeSpecificConfigs(108)) - Setting configuration key ozone.scm.block.client.address with value of key ozone.scm.block.client.address.scmServiceId.scmNode-1: 127.0.0.1:13370
2021-12-17 15:55:32,919 [Time-limited test] INFO  ha.SCMHANodeDetails (ConfUtils.java:setNodeSpecificConfigs(108)) - Setting configuration key ozone.scm.client.address with value of key ozone.scm.client.address.scmServiceId.scmNode-1: 127.0.0.1:13371
2021-12-17 15:55:32,920 [Time-limited test] INFO  ha.SCMHANodeDetails (ConfUtils.java:setNodeSpecificConfigs(108)) - Setting configuration key ozone.scm.ratis.port with value of key ozone.scm.ratis.port.scmServiceId.scmNode-1: 13368
2021-12-17 15:55:32,920 [Time-limited test] INFO  ha.SCMHANodeDetails (ConfUtils.java:setNodeSpecificConfigs(108)) - Setting configuration key ozone.scm.grpc.port with value of key ozone.scm.grpc.port.scmServiceId.scmNode-1: 13372
2021-12-17 15:55:32,921 [Time-limited test] INFO  ha.SCMHANodeDetails (ConfUtils.java:setNodeSpecificConfigs(108)) - Setting configuration key ozone.scm.http-address with value of key ozone.scm.http-address.scmServiceId.scmNode-1: 127.0.0.1:13366
2021-12-17 15:55:32,923 [Time-limited test] INFO  ha.SCMHANodeDetails (ConfUtils.java:setNodeSpecificConfigs(108)) - Setting configuration key ozone.scm.https-address with value of key ozone.scm.https-address.scmServiceId.scmNode-1: 127.0.0.1:13367
2021-12-17 15:55:32,924 [Time-limited test] INFO  ha.SCMHANodeDetails (ConfUtils.java:setNodeSpecificConfigs(108)) - Setting configuration key ozone.scm.address with value of key ozone.scm.address.scmServiceId.scmNode-1: 127.0.0.1
2021-12-17 15:55:32,924 [Time-limited test] WARN  scm.ScmUtils (ScmUtils.java:logWarn(179)) - ConfigKey ozone.scm.block.client.address is deprecated, For configuring different ports for each SCM use PortConfigKey ozone.scm.block.client.port appended with serviceId and nodeId. If want to configure same port configure ozone.scm.block.client.port
2021-12-17 15:55:32,924 [Time-limited test] WARN  scm.ScmUtils (ScmUtils.java:logWarn(179)) - ConfigKey ozone.scm.client.address is deprecated, For configuring different ports for each SCM use PortConfigKey ozone.scm.client.port appended with serviceId and nodeId. If want to configure same port configure ozone.scm.client.port
2021-12-17 15:55:32,925 [Time-limited test] WARN  scm.ScmUtils (ScmUtils.java:logWarn(179)) - ConfigKey ozone.scm.datanode.address is deprecated, For configuring different ports for each SCM use PortConfigKey ozone.scm.datanode.port appended with serviceId and nodeId. If want to configure same port configure ozone.scm.datanode.port
2021-12-17 15:55:33,033 [Time-limited test] INFO  server.RaftServer (ConfUtils.java:logGet(44)) - raft.rpc.type = GRPC (default)
2021-12-17 15:55:33,118 [Time-limited test] INFO  grpc.GrpcFactory (GrpcFactory.java:checkPooledByteBufAllocatorUseCacheForAllThreads(48)) - PERFORMANCE WARNING: useCacheForAllThreads is true that may cause Netty to create a lot garbage objects and, as a result, trigger GC.
	It is recommended to disable useCacheForAllThreads by setting -Dorg.apache.ratis.thirdparty.io.netty.allocator.useCacheForAllThreads=false in command line.
2021-12-17 15:55:33,123 [Time-limited test] INFO  grpc.GrpcConfigKeys (ConfUtils.java:logGet(44)) - raft.grpc.admin.port = -1 (default)
2021-12-17 15:55:33,124 [Time-limited test] INFO  grpc.GrpcConfigKeys (ConfUtils.java:logGet(44)) - raft.grpc.server.port = 13368 (custom)
2021-12-17 15:55:33,125 [Time-limited test] INFO  grpc.GrpcConfigKeys (ConfUtils.java:logGet(44)) - raft.grpc.client.port = -1 (default)
2021-12-17 15:55:33,125 [Time-limited test] INFO  grpc.GrpcConfigKeys (ConfUtils.java:logGet(44)) - raft.grpc.server.port = 13368 (custom)
2021-12-17 15:55:33,125 [Time-limited test] INFO  grpc.GrpcConfigKeys (ConfUtils.java:logGet(44)) - raft.grpc.server.port = 13368 (custom)
2021-12-17 15:55:33,127 [Time-limited test] INFO  server.GrpcService (ConfUtils.java:logGet(44)) - raft.grpc.message.size.max = 32m (=33554432) (custom)
2021-12-17 15:55:33,129 [Time-limited test] INFO  server.RaftServerConfigKeys (ConfUtils.java:logGet(44)) - raft.server.log.appender.buffer.byte-limit = 33554432 (custom)
2021-12-17 15:55:33,130 [Time-limited test] INFO  server.GrpcService (ConfUtils.java:logGet(44)) - raft.grpc.flow.control.window = 1MB (=1048576) (default)
2021-12-17 15:55:33,131 [Time-limited test] INFO  server.RaftServerConfigKeys (ConfUtils.java:logGet(44)) - raft.server.rpc.request.timeout = 30000ms (custom)
2021-12-17 15:55:33,441 [Time-limited test] INFO  impl.DataStreamServerImpl (ConfUtils.java:logGet(44)) - raft.datastream.type = DISABLED (default)
2021-12-17 15:55:33,443 [Time-limited test] INFO  server.RaftServerConfigKeys (ConfUtils.java:logGet(44)) - raft.server.rpc.slowness.timeout = 120000ms (custom)
2021-12-17 15:55:33,443 [Time-limited test] INFO  server.RaftServerConfigKeys (ConfUtils.java:logGet(44)) - raft.server.leaderelection.leader.step-down.wait-time = 10s (default)
2021-12-17 15:55:33,460 [Time-limited test] INFO  server.RaftServerConfigKeys (ConfUtils.java:logGet(44)) - raft.server.storage.dir = [/home/runner/work/ozone/ozone/hadoop-ozone/integration-test/target/test-dir/MiniOzoneClusterImpl-5c40dcc8-fe42-479e-8e18-50a5c3d1406a/scmNode-1/scm-ha] (custom)
2021-12-17 15:55:33,466 [Time-limited test] INFO  server.RaftServer (RaftServerProxy.java:addNew(95)) - 8bbb6ce4-f340-4649-96fb-203d33e3a68d: addNew group-50A5C3D1406A:[8bbb6ce4-f340-4649-96fb-203d33e3a68d|rpc:localhost:13368|priority:0] returns group-50A5C3D1406A:java.util.concurrent.CompletableFuture@7944831[Not completed]
2021-12-17 15:55:33,486 [pool-1-thread-1] INFO  server.RaftServer$Division (RaftServerImpl.java:<init>(184)) - 8bbb6ce4-f340-4649-96fb-203d33e3a68d: new RaftServerImpl for group-50A5C3D1406A:[8bbb6ce4-f340-4649-96fb-203d33e3a68d|rpc:localhost:13368|priority:0] with SCMStateMachine:uninitialized
2021-12-17 15:55:33,488 [pool-1-thread-1] INFO  server.RaftServerConfigKeys (ConfUtils.java:logGet(44)) - raft.server.rpc.timeout.min = 5000ms (custom)
2021-12-17 15:55:33,488 [pool-1-thread-1] INFO  server.RaftServerConfigKeys (ConfUtils.java:logGet(44)) - raft.server.rpc.timeout.max = 5200ms (custom)
2021-12-17 15:55:33,488 [pool-1-thread-1] INFO  server.RaftServerConfigKeys (ConfUtils.java:logGet(44)) - raft.server.rpc.sleep.time = 25ms (default)
2021-12-17 15:55:33,489 [pool-1-thread-1] INFO  server.RaftServerConfigKeys (ConfUtils.java:logGet(44)) - raft.server.rpc.slowness.timeout = 120000ms (custom)
2021-12-17 15:55:33,489 [pool-1-thread-1] INFO  server.RaftServerConfigKeys (ConfUtils.java:logGet(44)) - raft.server.leaderelection.leader.step-down.wait-time = 10s (default)
2021-12-17 15:55:33,490 [pool-1-thread-1] INFO  server.RaftServerConfigKeys (ConfUtils.java:logGet(44)) - raft.server.sleep.deviation.threshold = 300ms (default)
2021-12-17 15:55:33,490 [pool-1-thread-1] INFO  server.RaftServerConfigKeys (ConfUtils.java:logGet(44)) - raft.server.log.appender.install.snapshot.enabled = false (custom)
2021-12-17 15:55:33,494 [pool-1-thread-1] INFO  server.RaftServer$Division (ServerState.java:<init>(105)) - 8bbb6ce4-f340-4649-96fb-203d33e3a68d@group-50A5C3D1406A: ConfigurationManager, init=-1: [8bbb6ce4-f340-4649-96fb-203d33e3a68d|rpc:localhost:13368|priority:0], old=null, confs=<EMPTY_MAP>
2021-12-17 15:55:33,497 [pool-1-thread-1] INFO  server.RaftServerConfigKeys (ConfUtils.java:logGet(44)) - raft.server.storage.dir = [/home/runner/work/ozone/ozone/hadoop-ozone/integration-test/target/test-dir/MiniOzoneClusterImpl-5c40dcc8-fe42-479e-8e18-50a5c3d1406a/scmNode-1/scm-ha] (custom)
2021-12-17 15:55:33,501 [pool-1-thread-1] INFO  server.RaftServerConfigKeys (ConfUtils.java:logGet(44)) - raft.server.log.corruption.policy = EXCEPTION (default)
2021-12-17 15:55:33,501 [pool-1-thread-1] INFO  server.RaftServerConfigKeys (ConfUtils.java:logGet(44)) - raft.server.storage.free-space.min = 0MB (=0) (default)
2021-12-17 15:55:33,502 [pool-1-thread-1] INFO  storage.RaftStorageDirectory (RaftStorageDirectoryImpl.java:analyzeStorage(135)) - The storage directory /home/runner/work/ozone/ozone/hadoop-ozone/integration-test/target/test-dir/MiniOzoneClusterImpl-5c40dcc8-fe42-479e-8e18-50a5c3d1406a/scmNode-1/scm-ha/5c40dcc8-fe42-479e-8e18-50a5c3d1406a does not exist. Creating ...
2021-12-17 15:55:33,509 [pool-1-thread-1] INFO  storage.RaftStorageDirectory (RaftStorageDirectoryImpl.java:tryLock(230)) - Lock on /home/runner/work/ozone/ozone/hadoop-ozone/integration-test/target/test-dir/MiniOzoneClusterImpl-5c40dcc8-fe42-479e-8e18-50a5c3d1406a/scmNode-1/scm-ha/5c40dcc8-fe42-479e-8e18-50a5c3d1406a/in_use.lock acquired by nodename 18230@fv-az297-331
2021-12-17 15:55:33,516 [pool-1-thread-1] INFO  storage.RaftStorage (RaftStorageImpl.java:format(89)) - Storage directory /home/runner/work/ozone/ozone/hadoop-ozone/integration-test/target/test-dir/MiniOzoneClusterImpl-5c40dcc8-fe42-479e-8e18-50a5c3d1406a/scmNode-1/scm-ha/5c40dcc8-fe42-479e-8e18-50a5c3d1406a has been successfully formatted.
2021-12-17 15:55:33,521 [pool-1-thread-1] INFO  server.RaftServerConfigKeys (ConfUtils.java:logGet(44)) - raft.server.notification.no-leader.timeout = 60s (default)
2021-12-17 15:55:33,523 [pool-1-thread-1] INFO  server.RaftServerConfigKeys (ConfUtils.java:logGet(44)) - raft.server.log.use.memory = false (default)
2021-12-17 15:55:33,530 [pool-1-thread-1] INFO  server.RaftServerConfigKeys (ConfUtils.java:logGet(44)) - raft.server.log.purge.gap = 1000000 (custom)
2021-12-17 15:55:33,531 [pool-1-thread-1] INFO  server.RaftServerConfigKeys (ConfUtils.java:logGet(44)) - raft.server.log.appender.buffer.byte-limit = 33554432 (custom)
2021-12-17 15:55:33,541 [pool-1-thread-1] INFO  metrics.MetricRegistries (MetricRegistriesLoader.java:load(64)) - Loaded MetricRegistries class org.apache.ratis.metrics.impl.MetricRegistriesImpl
2021-12-17 15:55:33,612 [pool-1-thread-1] INFO  server.RaftServerConfigKeys (ConfUtils.java:logGet(44)) - raft.server.log.segment.size.max = 4194304 (custom)
2021-12-17 15:55:33,619 [pool-1-thread-1] INFO  server.RaftServerConfigKeys (ConfUtils.java:logGet(44)) - raft.server.log.segment.cache.num.max = 2 (custom)
2021-12-17 15:55:33,620 [pool-1-thread-1] INFO  server.RaftServerConfigKeys (ConfUtils.java:logGet(44)) - raft.server.log.segment.cache.size.max = 200MB (=209715200) (default)
2021-12-17 15:55:33,626 [pool-1-thread-1] INFO  segmented.SegmentedRaftLogWorker (SegmentedRaftLogWorker.java:<init>(182)) - new 8bbb6ce4-f340-4649-96fb-203d33e3a68d@group-50A5C3D1406A-SegmentedRaftLogWorker for RaftStorageImpl:Storage Directory /home/runner/work/ozone/ozone/hadoop-ozone/integration-test/target/test-dir/MiniOzoneClusterImpl-5c40dcc8-fe42-479e-8e18-50a5c3d1406a/scmNode-1/scm-ha/5c40dcc8-fe42-479e-8e18-50a5c3d1406a
2021-12-17 15:55:33,627 [pool-1-thread-1] INFO  server.RaftServerConfigKeys (ConfUtils.java:logGet(44)) - raft.server.log.queue.byte-limit = 64MB (=67108864) (default)
2021-12-17 15:55:33,627 [pool-1-thread-1] INFO  server.RaftServerConfigKeys (ConfUtils.java:logGet(44)) - raft.server.log.queue.element-limit = 4096 (default)
2021-12-17 15:55:33,628 [pool-1-thread-1] INFO  server.RaftServerConfigKeys (ConfUtils.java:logGet(44)) - raft.server.log.segment.size.max = 4194304 (custom)
2021-12-17 15:55:33,629 [pool-1-thread-1] INFO  server.RaftServerConfigKeys (ConfUtils.java:logGet(44)) - raft.server.log.preallocated.size = 4194304 (custom)
2021-12-17 15:55:33,629 [pool-1-thread-1] INFO  server.RaftServerConfigKeys (ConfUtils.java:logGet(44)) - raft.server.log.force.sync.num = 128 (default)
2021-12-17 15:55:33,630 [pool-1-thread-1] INFO  server.RaftServerConfigKeys (ConfUtils.java:logGet(44)) - raft.server.log.statemachine.data.sync = true (default)
2021-12-17 15:55:33,631 [pool-1-thread-1] INFO  server.RaftServerConfigKeys (ConfUtils.java:logGet(44)) - raft.server.log.statemachine.data.sync.timeout = 10s (default)
2021-12-17 15:55:33,631 [pool-1-thread-1] INFO  server.RaftServerConfigKeys (ConfUtils.java:logGet(44)) - raft.server.log.statemachine.data.sync.timeout.retry = -1 (default)
2021-12-17 15:55:33,640 [pool-1-thread-1] INFO  server.RaftServerConfigKeys (ConfUtils.java:logGet(44)) - raft.server.log.write.buffer.size = 64KB (=65536) (default)
2021-12-17 15:55:33,640 [pool-1-thread-1] INFO  server.RaftServerConfigKeys (ConfUtils.java:logGet(44)) - raft.server.log.statemachine.data.caching.enabled = false (default)
2021-12-17 15:55:33,650 [pool-1-thread-1] INFO  segmented.SegmentedRaftLogWorker (SegmentedRaftLogWorker.java:lambda$new$0(133)) - 8bbb6ce4-f340-4649-96fb-203d33e3a68d@group-50A5C3D1406A-SegmentedRaftLogWorker: flushIndex: setUnconditionally 0 -> -1
2021-12-17 15:55:33,650 [pool-1-thread-1] INFO  segmented.SegmentedRaftLogWorker (SegmentedRaftLogWorker.java:lambda$new$0(133)) - 8bbb6ce4-f340-4649-96fb-203d33e3a68d@group-50A5C3D1406A-SegmentedRaftLogWorker: safeCacheEvictIndex: setUnconditionally 0 -> -1
2021-12-17 15:55:33,658 [pool-1-thread-1] INFO  server.RaftServerConfigKeys (ConfUtils.java:logGet(44)) - raft.server.snapshot.auto.trigger.enabled = true (custom)
2021-12-17 15:55:33,660 [pool-1-thread-1] INFO  server.RaftServerConfigKeys (ConfUtils.java:logGet(44)) - raft.server.snapshot.auto.trigger.threshold = 1000 (custom)
2021-12-17 15:55:33,660 [pool-1-thread-1] INFO  server.RaftServerConfigKeys (ConfUtils.java:logGet(44)) - raft.server.snapshot.retention.file.num = -1 (default)
2021-12-17 15:55:33,662 [pool-1-thread-1] INFO  server.RaftServerConfigKeys (ConfUtils.java:logGet(44)) - raft.server.log.purge.upto.snapshot.index = false (default)
2021-12-17 15:55:33,663 [pool-1-thread-1] INFO  server.RaftServerConfigKeys (ConfUtils.java:logGet(44)) - raft.server.retrycache.expirytime = 60000ms (default)
2021-12-17 15:55:33,663 [pool-1-thread-1] INFO  server.RaftServerConfigKeys (ConfUtils.java:logGet(44)) - raft.server.retrycache.statistics.expirytime = 100μs (default)
2021-12-17 15:55:33,703 [Time-limited test] INFO  server.RaftServer$Division (RaftServerImpl.java:start(301)) - 8bbb6ce4-f340-4649-96fb-203d33e3a68d@group-50A5C3D1406A: start as a follower, conf=-1: [8bbb6ce4-f340-4649-96fb-203d33e3a68d|rpc:localhost:13368|priority:0], old=null
2021-12-17 15:55:33,705 [Time-limited test] INFO  server.RaftServer$Division (RaftServerImpl.java:setRole(290)) - 8bbb6ce4-f340-4649-96fb-203d33e3a68d@group-50A5C3D1406A: changes role from      null to FOLLOWER at term 0 for startAsFollower
2021-12-17 15:55:33,706 [Time-limited test] INFO  impl.RoleInfo (RoleInfo.java:updateAndGet(130)) - 8bbb6ce4-f340-4649-96fb-203d33e3a68d: start 8bbb6ce4-f340-4649-96fb-203d33e3a68d@group-50A5C3D1406A-FollowerState
2021-12-17 15:55:33,708 [Time-limited test] INFO  util.JmxRegister (JmxRegister.java:tryRegister(44)) - Successfully registered JMX Bean with object name Ratis:service=RaftServer,group=group-50A5C3D1406A,id=8bbb6ce4-f340-4649-96fb-203d33e3a68d
2021-12-17 15:55:33,710 [Time-limited test] INFO  server.RaftServer (RaftServerProxy.java:lambda$start$5(374)) - 8bbb6ce4-f340-4649-96fb-203d33e3a68d: start RPC server
2021-12-17 15:55:33,772 [Time-limited test] INFO  server.GrpcService (GrpcService.java:startImpl(253)) - 8bbb6ce4-f340-4649-96fb-203d33e3a68d: GrpcService started, listening on 13368
2021-12-17 15:55:33,776 [org.apache.ratis.util.JvmPauseMonitor$$Lambda$430/488824865@22e19c8e] INFO  util.JvmPauseMonitor (JvmPauseMonitor.java:run(103)) - JvmPauseMonitor-8bbb6ce4-f340-4649-96fb-203d33e3a68d: Started
2021-12-17 15:55:38,731 [8bbb6ce4-f340-4649-96fb-203d33e3a68d@group-50A5C3D1406A-FollowerState] INFO  impl.FollowerState (FollowerState.java:run(134)) - 8bbb6ce4-f340-4649-96fb-203d33e3a68d@group-50A5C3D1406A-FollowerState: change to CANDIDATE, lastRpcElapsedTime:5025866488ns, electionTimeout:5020ms
2021-12-17 15:55:38,733 [8bbb6ce4-f340-4649-96fb-203d33e3a68d@group-50A5C3D1406A-FollowerState] INFO  impl.RoleInfo (RoleInfo.java:shutdownFollowerState(108)) - 8bbb6ce4-f340-4649-96fb-203d33e3a68d: shutdown 8bbb6ce4-f340-4649-96fb-203d33e3a68d@group-50A5C3D1406A-FollowerState
2021-12-17 15:55:38,733 [8bbb6ce4-f340-4649-96fb-203d33e3a68d@group-50A5C3D1406A-FollowerState] INFO  server.RaftServer$Division (RaftServerImpl.java:setRole(290)) - 8bbb6ce4-f340-4649-96fb-203d33e3a68d@group-50A5C3D1406A: changes role from  FOLLOWER to CANDIDATE at term 0 for changeToCandidate
2021-12-17 15:55:38,735 [8bbb6ce4-f340-4649-96fb-203d33e3a68d@group-50A5C3D1406A-FollowerState] INFO  server.RaftServerConfigKeys (ConfUtils.java:logGet(44)) - raft.server.leaderelection.pre-vote = false (custom)
2021-12-17 15:55:38,736 [8bbb6ce4-f340-4649-96fb-203d33e3a68d@group-50A5C3D1406A-FollowerState] INFO  impl.RoleInfo (RoleInfo.java:updateAndGet(130)) - 8bbb6ce4-f340-4649-96fb-203d33e3a68d: start 8bbb6ce4-f340-4649-96fb-203d33e3a68d@group-50A5C3D1406A-LeaderElection1
2021-12-17 15:55:38,747 [8bbb6ce4-f340-4649-96fb-203d33e3a68d@group-50A5C3D1406A-LeaderElection1] INFO  impl.LeaderElection (LeaderElection.java:askForVotes(306)) - 8bbb6ce4-f340-4649-96fb-203d33e3a68d@group-50A5C3D1406A-LeaderElection1 ELECTION round 0: submit vote requests at term 1 for -1: [8bbb6ce4-f340-4649-96fb-203d33e3a68d|rpc:localhost:13368|priority:0], old=null
2021-12-17 15:55:38,748 [8bbb6ce4-f340-4649-96fb-203d33e3a68d@group-50A5C3D1406A-LeaderElection1] INFO  impl.LeaderElection (LeaderElection.java:askForVotes(308)) - 8bbb6ce4-f340-4649-96fb-203d33e3a68d@group-50A5C3D1406A-LeaderElection1 ELECTION round 0: result PASSED (term=1)
2021-12-17 15:55:38,749 [8bbb6ce4-f340-4649-96fb-203d33e3a68d@group-50A5C3D1406A-LeaderElection1] INFO  impl.RoleInfo (RoleInfo.java:shutdownLeaderElection(121)) - 8bbb6ce4-f340-4649-96fb-203d33e3a68d: shutdown 8bbb6ce4-f340-4649-96fb-203d33e3a68d@group-50A5C3D1406A-LeaderElection1
2021-12-17 15:55:38,749 [8bbb6ce4-f340-4649-96fb-203d33e3a68d@group-50A5C3D1406A-LeaderElection1] INFO  server.RaftServer$Division (RaftServerImpl.java:setRole(290)) - 8bbb6ce4-f340-4649-96fb-203d33e3a68d@group-50A5C3D1406A: changes role from CANDIDATE to LEADER at term 1 for changeToLeader
2021-12-17 15:55:38,749 [8bbb6ce4-f340-4649-96fb-203d33e3a68d@group-50A5C3D1406A-LeaderElection1] INFO  server.RaftServer$Division (ServerState.java:setLeader(285)) - 8bbb6ce4-f340-4649-96fb-203d33e3a68d@group-50A5C3D1406A: change Leader from null to 8bbb6ce4-f340-4649-96fb-203d33e3a68d at term 1 for becomeLeader, leader elected after 5229ms
2021-12-17 15:55:38,755 [8bbb6ce4-f340-4649-96fb-203d33e3a68d@group-50A5C3D1406A-LeaderElection1] INFO  server.RaftServerConfigKeys (ConfUtils.java:logGet(44)) - raft.server.staging.catchup.gap = 1000 (default)
2021-12-17 15:55:38,759 [8bbb6ce4-f340-4649-96fb-203d33e3a68d@group-50A5C3D1406A-LeaderElection1] INFO  server.RaftServerConfigKeys (ConfUtils.java:logGet(44)) - raft.server.write.element-limit = 4096 (default)
2021-12-17 15:55:38,760 [8bbb6ce4-f340-4649-96fb-203d33e3a68d@group-50A5C3D1406A-LeaderElection1] INFO  server.RaftServerConfigKeys (ConfUtils.java:logGet(44)) - raft.server.write.byte-limit = 64MB (=67108864) (default)
2021-12-17 15:55:38,766 [8bbb6ce4-f340-4649-96fb-203d33e3a68d@group-50A5C3D1406A-LeaderElection1] INFO  server.RaftServerConfigKeys (ConfUtils.java:logGet(44)) - raft.server.watch.timeout = 10s (default)
2021-12-17 15:55:38,767 [8bbb6ce4-f340-4649-96fb-203d33e3a68d@group-50A5C3D1406A-LeaderElection1] INFO  server.RaftServerConfigKeys (ConfUtils.java:logGet(44)) - raft.server.watch.timeout.denomination = 1s (default)
2021-12-17 15:55:38,767 [8bbb6ce4-f340-4649-96fb-203d33e3a68d@group-50A5C3D1406A-LeaderElection1] INFO  server.RaftServerConfigKeys (ConfUtils.java:logGet(44)) - raft.server.watch.element-limit = 65536 (default)
2021-12-17 15:55:38,770 [8bbb6ce4-f340-4649-96fb-203d33e3a68d@group-50A5C3D1406A-LeaderElection1] INFO  server.RaftServerConfigKeys (ConfUtils.java:logGet(44)) - raft.server.write.element-limit = 4096 (default)
2021-12-17 15:55:38,772 [8bbb6ce4-f340-4649-96fb-203d33e3a68d@group-50A5C3D1406A-LeaderElection1] INFO  server.RaftServerConfigKeys (ConfUtils.java:logGet(44)) - raft.server.write.follower.gap.ratio.max = -1.0 (default)
2021-12-17 15:55:38,774 [8bbb6ce4-f340-4649-96fb-203d33e3a68d@group-50A5C3D1406A-LeaderElection1] INFO  impl.RoleInfo (RoleInfo.java:updateAndGet(130)) - 8bbb6ce4-f340-4649-96fb-203d33e3a68d: start 8bbb6ce4-f340-4649-96fb-203d33e3a68d@group-50A5C3D1406A-LeaderStateImpl
2021-12-17 15:55:38,798 [8bbb6ce4-f340-4649-96fb-203d33e3a68d@group-50A5C3D1406A-LeaderElection1] INFO  segmented.SegmentedRaftLogWorker (SegmentedRaftLogWorker.java:startLogSegment(394)) - 8bbb6ce4-f340-4649-96fb-203d33e3a68d@group-50A5C3D1406A-SegmentedRaftLogWorker: Starting segment from index:0
2021-12-17 15:55:38,829 [8bbb6ce4-f340-4649-96fb-203d33e3a68d@group-50A5C3D1406A-LeaderElection1] INFO  server.RaftServer$Division (ServerState.java:setRaftConf(387)) - 8bbb6ce4-f340-4649-96fb-203d33e3a68d@group-50A5C3D1406A: set configuration 0: [8bbb6ce4-f340-4649-96fb-203d33e3a68d|rpc:localhost:13368|admin:|client:|dataStream:|priority:0], old=null
2021-12-17 15:55:38,926 [8bbb6ce4-f340-4649-96fb-203d33e3a68d@group-50A5C3D1406A-SegmentedRaftLogWorker] INFO  segmented.SegmentedRaftLogWorker (SegmentedRaftLogWorker.java:execute(601)) - 8bbb6ce4-f340-4649-96fb-203d33e3a68d@group-50A5C3D1406A-SegmentedRaftLogWorker: created new log segment /home/runner/work/ozone/ozone/hadoop-ozone/integration-test/target/test-dir/MiniOzoneClusterImpl-5c40dcc8-fe42-479e-8e18-50a5c3d1406a/scmNode-1/scm-ha/5c40dcc8-fe42-479e-8e18-50a5c3d1406a/current/log_inprogress_0
2021-12-17 15:55:39,777 [Time-limited test] INFO  server.RaftServer (RaftServerProxy.java:lambda$close$6(391)) - 8bbb6ce4-f340-4649-96fb-203d33e3a68d: close
2021-12-17 15:55:39,778 [Time-limited test] INFO  server.RaftServer$Division (RaftServerImpl.java:lambda$close$4(412)) - 8bbb6ce4-f340-4649-96fb-203d33e3a68d@group-50A5C3D1406A: shutdown
2021-12-17 15:55:39,779 [Time-limited test] INFO  util.JmxRegister (JmxRegister.java:unregister(73)) - Successfully un-registered JMX Bean with object name Ratis:service=RaftServer,group=group-50A5C3D1406A,id=8bbb6ce4-f340-4649-96fb-203d33e3a68d
2021-12-17 15:55:39,780 [Time-limited test] INFO  impl.RoleInfo (RoleInfo.java:shutdownLeaderState(91)) - 8bbb6ce4-f340-4649-96fb-203d33e3a68d: shutdown 8bbb6ce4-f340-4649-96fb-203d33e3a68d@group-50A5C3D1406A-LeaderStateImpl
2021-12-17 15:55:39,785 [Time-limited test] INFO  impl.PendingRequests (PendingRequests.java:sendNotLeaderResponses(282)) - 8bbb6ce4-f340-4649-96fb-203d33e3a68d@group-50A5C3D1406A-PendingRequests: sendNotLeaderResponses
2021-12-17 15:55:39,787 [8bbb6ce4-f340-4649-96fb-203d33e3a68d@group-50A5C3D1406A-StateMachineUpdater] INFO  impl.StateMachineUpdater (StateMachineUpdater.java:takeSnapshot(281)) - 8bbb6ce4-f340-4649-96fb-203d33e3a68d@group-50A5C3D1406A-StateMachineUpdater: Took a snapshot at index 0
2021-12-17 15:55:39,788 [8bbb6ce4-f340-4649-96fb-203d33e3a68d@group-50A5C3D1406A-StateMachineUpdater] INFO  impl.StateMachineUpdater (StateMachineUpdater.java:lambda$new$0(89)) - 8bbb6ce4-f340-4649-96fb-203d33e3a68d@group-50A5C3D1406A-StateMachineUpdater: snapshotIndex: updateIncreasingly -1 -> 0
2021-12-17 15:55:39,788 [Time-limited test] INFO  impl.StateMachineUpdater (StateMachineUpdater.java:stopAndJoin(149)) - 8bbb6ce4-f340-4649-96fb-203d33e3a68d@group-50A5C3D1406A-StateMachineUpdater: set stopIndex = 0
2021-12-17 15:55:39,790 [Time-limited test] INFO  server.RaftServer$Division (ServerState.java:close(419)) - 8bbb6ce4-f340-4649-96fb-203d33e3a68d@group-50A5C3D1406A: closes. applyIndex: 0
2021-12-17 15:55:39,791 [8bbb6ce4-f340-4649-96fb-203d33e3a68d@group-50A5C3D1406A-SegmentedRaftLogWorker] INFO  segmented.SegmentedRaftLogWorker (SegmentedRaftLogWorker.java:run(327)) - 8bbb6ce4-f340-4649-96fb-203d33e3a68d@group-50A5C3D1406A-SegmentedRaftLogWorker was interrupted, exiting. There are 0 tasks remaining in the queue.
2021-12-17 15:55:39,792 [Time-limited test] INFO  segmented.SegmentedRaftLogWorker (SegmentedRaftLogWorker.java:close(237)) - 8bbb6ce4-f340-4649-96fb-203d33e3a68d@group-50A5C3D1406A-SegmentedRaftLogWorker close()
2021-12-17 15:55:39,793 [Time-limited test] INFO  server.GrpcService (GrpcService.java:closeImpl(262)) - 8bbb6ce4-f340-4649-96fb-203d33e3a68d: shutdown server with port 13368 now
2021-12-17 15:55:39,799 [Time-limited test] INFO  server.GrpcService (GrpcService.java:closeImpl(271)) - 8bbb6ce4-f340-4649-96fb-203d33e3a68d: shutdown server with port 13368 successfully
2021-12-17 15:55:39,799 [org.apache.ratis.util.JvmPauseMonitor$$Lambda$430/488824865@22e19c8e] INFO  util.JvmPauseMonitor (JvmPauseMonitor.java:run(109)) - JvmPauseMonitor-8bbb6ce4-f340-4649-96fb-203d33e3a68d: Stopped
2021-12-17 15:55:39,799 [Time-limited test] WARN  server.ServerUtils (ServerUtils.java:getScmDbDir(148)) - ozone.scm.db.dirs is not configured. We recommend adding this setting. Falling back to ozone.metadata.dirs instead.
2021-12-17 15:55:39,802 [Time-limited test] INFO  server.StorageContainerManager (StorageContainerManager.java:scmInit(1083)) - SCM initialization succeeded. Current cluster id for sd=/home/runner/work/ozone/ozone/hadoop-ozone/integration-test/target/test-dir/MiniOzoneClusterImpl-5c40dcc8-fe42-479e-8e18-50a5c3d1406a/scmNode-1/scm; cid=5c40dcc8-fe42-479e-8e18-50a5c3d1406a; layoutVersion=2; scmId=8bbb6ce4-f340-4649-96fb-203d33e3a68d
2021-12-17 15:55:39,818 [Time-limited test] INFO  ha.SCMHANodeDetails (SCMHANodeDetails.java:loadSCMHAConfig(157)) - ServiceID for StorageContainerManager is scmServiceId
2021-12-17 15:55:39,818 [Time-limited test] INFO  ha.SCMHANodeDetails (SCMHANodeDetails.java:loadSCMHAConfig(168)) - ServiceID for StorageContainerManager is scmServiceId
2021-12-17 15:55:39,818 [Time-limited test] WARN  scm.ScmUtils (ScmUtils.java:logWarn(179)) - ConfigKey ozone.scm.block.client.address is deprecated, For configuring different ports for each SCM use PortConfigKey ozone.scm.block.client.port appended with serviceId and nodeId. If want to configure same port configure ozone.scm.block.client.port
2021-12-17 15:55:39,819 [Time-limited test] WARN  scm.ScmUtils (ScmUtils.java:logWarn(179)) - ConfigKey ozone.scm.client.address is deprecated, For configuring different ports for each SCM use PortConfigKey ozone.scm.client.port appended with serviceId and nodeId. If want to configure same port configure ozone.scm.client.port
2021-12-17 15:55:39,820 [Time-limited test] WARN  scm.ScmUtils (ScmUtils.java:logWarn(179)) - ConfigKey ozone.scm.datanode.address is deprecated, For configuring different ports for each SCM use PortConfigKey ozone.scm.datanode.port appended with serviceId and nodeId. If want to configure same port configure ozone.scm.datanode.port
2021-12-17 15:55:39,820 [Time-limited test] WARN  scm.ScmUtils (ScmUtils.java:logWarn(179)) - ConfigKey ozone.scm.block.client.address is deprecated, For configuring different ports for each SCM use PortConfigKey ozone.scm.block.client.port appended with serviceId and nodeId. If want to configure same port configure ozone.scm.block.client.port
2021-12-17 15:55:39,821 [Time-limited test] WARN  scm.ScmUtils (ScmUtils.java:logWarn(179)) - ConfigKey ozone.scm.client.address is deprecated, For configuring different ports for each SCM use PortConfigKey ozone.scm.client.port appended with serviceId and nodeId. If want to configure same port configure ozone.scm.client.port
2021-12-17 15:55:39,821 [Time-limited test] WARN  scm.ScmUtils (ScmUtils.java:logWarn(179)) - ConfigKey ozone.scm.datanode.address is deprecated, For configuring different ports for each SCM use PortConfigKey ozone.scm.datanode.port appended with serviceId and nodeId. If want to configure same port configure ozone.scm.datanode.port
2021-12-17 15:55:39,821 [Time-limited test] INFO  ha.SCMHANodeDetails (SCMHANodeDetails.java:loadSCMHAConfig(250)) - Found matching SCM address with SCMServiceId: scmServiceId, SCMNodeId: scmNode-1, RPC Address: localhost:13368 and Ratis port: 13368
2021-12-17 15:55:39,821 [Time-limited test] INFO  ha.SCMHANodeDetails (ConfUtils.java:setNodeSpecificConfigs(108)) - Setting configuration key ozone.scm.datanode.address with value of key ozone.scm.datanode.address.scmServiceId.scmNode-1: 127.0.0.1:13369
2021-12-17 15:55:39,821 [Time-limited test] INFO  ha.SCMHANodeDetails (ConfUtils.java:setNodeSpecificConfigs(108)) - Setting configuration key ozone.scm.block.client.address with value of key ozone.scm.block.client.address.scmServiceId.scmNode-1: 127.0.0.1:13370
2021-12-17 15:55:39,821 [Time-limited test] INFO  ha.SCMHANodeDetails (ConfUtils.java:setNodeSpecificConfigs(108)) - Setting configuration key ozone.scm.client.address with value of key ozone.scm.client.address.scmServiceId.scmNode-1: 127.0.0.1:13371
2021-12-17 15:55:39,822 [Time-limited test] INFO  ha.SCMHANodeDetails (ConfUtils.java:setNodeSpecificConfigs(108)) - Setting configuration key ozone.scm.ratis.port with value of key ozone.scm.ratis.port.scmServiceId.scmNode-1: 13368
2021-12-17 15:55:39,822 [Time-limited test] INFO  ha.SCMHANodeDetails (ConfUtils.java:setNodeSpecificConfigs(108)) - Setting configuration key ozone.scm.grpc.port with value of key ozone.scm.grpc.port.scmServiceId.scmNode-1: 13372
2021-12-17 15:55:39,822 [Time-limited test] INFO  ha.SCMHANodeDetails (ConfUtils.java:setNodeSpecificConfigs(108)) - Setting configuration key ozone.scm.http-address with value of key ozone.scm.http-address.scmServiceId.scmNode-1: 127.0.0.1:13366
2021-12-17 15:55:39,822 [Time-limited test] INFO  ha.SCMHANodeDetails (ConfUtils.java:setNodeSpecificConfigs(108)) - Setting configuration key ozone.scm.https-address with value of key ozone.scm.https-address.scmServiceId.scmNode-1: 127.0.0.1:13367
2021-12-17 15:55:39,822 [Time-limited test] INFO  ha.SCMHANodeDetails (ConfUtils.java:setNodeSpecificConfigs(108)) - Setting configuration key ozone.scm.address with value of key ozone.scm.address.scmServiceId.scmNode-1: 127.0.0.1
2021-12-17 15:55:39,822 [Time-limited test] WARN  scm.ScmUtils (ScmUtils.java:logWarn(179)) - ConfigKey ozone.scm.block.client.address is deprecated, For configuring different ports for each SCM use PortConfigKey ozone.scm.block.client.port appended with serviceId and nodeId. If want to configure same port configure ozone.scm.block.client.port
2021-12-17 15:55:39,823 [Time-limited test] WARN  scm.ScmUtils (ScmUtils.java:logWarn(179)) - ConfigKey ozone.scm.client.address is deprecated, For configuring different ports for each SCM use PortConfigKey ozone.scm.client.port appended with serviceId and nodeId. If want to configure same port configure ozone.scm.client.port
2021-12-17 15:55:39,823 [Time-limited test] WARN  scm.ScmUtils (ScmUtils.java:logWarn(179)) - ConfigKey ozone.scm.datanode.address is deprecated, For configuring different ports for each SCM use PortConfigKey ozone.scm.datanode.port appended with serviceId and nodeId. If want to configure same port configure ozone.scm.datanode.port
2021-12-17 15:55:39,841 [Time-limited test] WARN  server.ServerUtils (ServerUtils.java:getScmDbDir(148)) - ozone.scm.db.dirs is not configured. We recommend adding this setting. Falling back to ozone.metadata.dirs instead.
2021-12-17 15:55:39,843 [Time-limited test] INFO  upgrade.AbstractLayoutVersionManager (AbstractLayoutVersionManager.java:init(79)) - Initializing Layout version manager with metadata layout = SCM_HA (version = 2), software layout = SCM_HA (version = 2)
2021-12-17 15:55:39,955 [Time-limited test] INFO  reflections.Reflections (Reflections.java:scan(232)) - Reflections took 90 ms to scan 7 urls, producing 119 keys and 279 values 
2021-12-17 15:55:40,335 [Time-limited test] WARN  utils.HAUtils (HAUtils.java:getMetaDir(342)) - ozone.scm.db.dirs is not configured. We recommend adding this setting. Falling back to ozone.metadata.dirs instead.
2021-12-17 15:55:40,459 [Time-limited test] WARN  db.DBStoreBuilder (DBStoreBuilder.java:applyDBDefinition(145)) - ozone.scm.db.dirs is not configured. We recommend adding this setting. Falling back to ozone.metadata.dirs instead.
2021-12-17 15:55:40,606 [Time-limited test] INFO  net.NodeSchemaLoader (NodeSchemaLoader.java:loadSchemaFromFile(129)) - Loading schema from [jar:file:/home/runner/.m2/repository/org/apache/ozone/hdds-common/1.3.0-SNAPSHOT/hdds-common-1.3.0-SNAPSHOT.jar!/network-topology-default.xml]
2021-12-17 15:55:40,607 [Time-limited test] INFO  net.NodeSchemaLoader (NodeSchemaLoader.java:loadSchema(176)) - Loading network topology layer schema file
2021-12-17 15:55:40,648 [Time-limited test] INFO  ha.SCMRatisServerImpl (SCMRatisServerImpl.java:<init>(87)) - starting Raft server for scm:8bbb6ce4-f340-4649-96fb-203d33e3a68d
2021-12-17 15:55:40,651 [Time-limited test] INFO  server.RaftServer (ConfUtils.java:logGet(44)) - raft.rpc.type = GRPC (default)
2021-12-17 15:55:40,651 [Time-limited test] INFO  grpc.GrpcFactory (GrpcFactory.java:checkPooledByteBufAllocatorUseCacheForAllThreads(48)) - PERFORMANCE WARNING: useCacheForAllThreads is true that may cause Netty to create a lot garbage objects and, as a result, trigger GC.
	It is recommended to disable useCacheForAllThreads by setting -Dorg.apache.ratis.thirdparty.io.netty.allocator.useCacheForAllThreads=false in command line.
2021-12-17 15:55:40,652 [Time-limited test] INFO  grpc.GrpcConfigKeys (ConfUtils.java:logGet(44)) - raft.grpc.admin.port = -1 (default)
2021-12-17 15:55:40,652 [Time-limited test] INFO  grpc.GrpcConfigKeys (ConfUtils.java:logGet(44)) - raft.grpc.server.port = 13368 (custom)
2021-12-17 15:55:40,652 [Time-limited test] INFO  grpc.GrpcConfigKeys (ConfUtils.java:logGet(44)) - raft.grpc.client.port = -1 (default)
2021-12-17 15:55:40,652 [Time-limited test] INFO  grpc.GrpcConfigKeys (ConfUtils.java:logGet(44)) - raft.grpc.server.port = 13368 (custom)
2021-12-17 15:55:40,652 [Time-limited test] INFO  grpc.GrpcConfigKeys (ConfUtils.java:logGet(44)) - raft.grpc.server.port = 13368 (custom)
2021-12-17 15:55:40,652 [Time-limited test] INFO  server.GrpcService (ConfUtils.java:logGet(44)) - raft.grpc.message.size.max = 32m (=33554432) (custom)
2021-12-17 15:55:40,652 [Time-limited test] INFO  server.RaftServerConfigKeys (ConfUtils.java:logGet(44)) - raft.server.log.appender.buffer.byte-limit = 33554432 (custom)
2021-12-17 15:55:40,652 [Time-limited test] INFO  server.GrpcService (ConfUtils.java:logGet(44)) - raft.grpc.flow.control.window = 1MB (=1048576) (default)
2021-12-17 15:55:40,652 [Time-limited test] INFO  server.RaftServerConfigKeys (ConfUtils.java:logGet(44)) - raft.server.rpc.request.timeout = 30000ms (custom)
2021-12-17 15:55:40,654 [Time-limited test] INFO  impl.DataStreamServerImpl (ConfUtils.java:logGet(44)) - raft.datastream.type = DISABLED (default)
2021-12-17 15:55:40,654 [Time-limited test] INFO  server.RaftServerConfigKeys (ConfUtils.java:logGet(44)) - raft.server.rpc.slowness.timeout = 120000ms (custom)
2021-12-17 15:55:40,654 [Time-limited test] INFO  server.RaftServerConfigKeys (ConfUtils.java:logGet(44)) - raft.server.leaderelection.leader.step-down.wait-time = 10s (default)
2021-12-17 15:55:40,654 [Time-limited test] INFO  server.RaftServerConfigKeys (ConfUtils.java:logGet(44)) - raft.server.storage.dir = [/home/runner/work/ozone/ozone/hadoop-ozone/integration-test/target/test-dir/MiniOzoneClusterImpl-5c40dcc8-fe42-479e-8e18-50a5c3d1406a/scmNode-1/scm-ha] (custom)
2021-12-17 15:55:40,655 [Time-limited test] INFO  server.RaftServer (RaftServerProxy.java:lambda$null$1(235)) - 8bbb6ce4-f340-4649-96fb-203d33e3a68d: found a subdirectory /home/runner/work/ozone/ozone/hadoop-ozone/integration-test/target/test-dir/MiniOzoneClusterImpl-5c40dcc8-fe42-479e-8e18-50a5c3d1406a/scmNode-1/scm-ha/5c40dcc8-fe42-479e-8e18-50a5c3d1406a
2021-12-17 15:55:40,655 [Time-limited test] INFO  server.RaftServer (RaftServerProxy.java:addNew(95)) - 8bbb6ce4-f340-4649-96fb-203d33e3a68d: addNew group-50A5C3D1406A:[] returns group-50A5C3D1406A:java.util.concurrent.CompletableFuture@704d6ac9[Not completed]
2021-12-17 15:55:40,658 [pool-16-thread-1] INFO  server.RaftServer$Division (RaftServerImpl.java:<init>(184)) - 8bbb6ce4-f340-4649-96fb-203d33e3a68d: new RaftServerImpl for group-50A5C3D1406A:[] with SCMStateMachine:uninitialized
2021-12-17 15:55:40,658 [pool-16-thread-1] INFO  server.RaftServerConfigKeys (ConfUtils.java:logGet(44)) - raft.server.rpc.timeout.min = 5000ms (custom)
2021-12-17 15:55:40,659 [pool-16-thread-1] INFO  server.RaftServerConfigKeys (ConfUtils.java:logGet(44)) - raft.server.rpc.timeout.max = 5200ms (custom)
2021-12-17 15:55:40,659 [pool-16-thread-1] INFO  server.RaftServerConfigKeys (ConfUtils.java:logGet(44)) - raft.server.rpc.sleep.time = 25ms (default)
2021-12-17 15:55:40,659 [pool-16-thread-1] INFO  server.RaftServerConfigKeys (ConfUtils.java:logGet(44)) - raft.server.rpc.slowness.timeout = 120000ms (custom)
2021-12-17 15:55:40,659 [pool-16-thread-1] INFO  server.RaftServerConfigKeys (ConfUtils.java:logGet(44)) - raft.server.leaderelection.leader.step-down.wait-time = 10s (default)
2021-12-17 15:55:40,659 [pool-16-thread-1] INFO  server.RaftServerConfigKeys (ConfUtils.java:logGet(44)) - raft.server.sleep.deviation.threshold = 300ms (default)
2021-12-17 15:55:40,659 [pool-16-thread-1] INFO  server.RaftServerConfigKeys (ConfUtils.java:logGet(44)) - raft.server.log.appender.install.snapshot.enabled = false (custom)
2021-12-17 15:55:40,659 [pool-16-thread-1] INFO  server.RaftServer$Division (ServerState.java:<init>(105)) - 8bbb6ce4-f340-4649-96fb-203d33e3a68d@group-50A5C3D1406A: ConfigurationManager, init=-1: [], old=null, confs=<EMPTY_MAP>
2021-12-17 15:55:40,659 [pool-16-thread-1] INFO  server.RaftServerConfigKeys (ConfUtils.java:logGet(44)) - raft.server.storage.dir = [/home/runner/work/ozone/ozone/hadoop-ozone/integration-test/target/test-dir/MiniOzoneClusterImpl-5c40dcc8-fe42-479e-8e18-50a5c3d1406a/scmNode-1/scm-ha] (custom)
2021-12-17 15:55:40,660 [pool-16-thread-1] INFO  server.RaftServerConfigKeys (ConfUtils.java:logGet(44)) - raft.server.log.corruption.policy = EXCEPTION (default)
2021-12-17 15:55:40,660 [pool-16-thread-1] INFO  server.RaftServerConfigKeys (ConfUtils.java:logGet(44)) - raft.server.storage.free-space.min = 0MB (=0) (default)
2021-12-17 15:55:40,662 [pool-16-thread-1] INFO  storage.RaftStorageDirectory (RaftStorageDirectoryImpl.java:tryLock(230)) - Lock on /home/runner/work/ozone/ozone/hadoop-ozone/integration-test/target/test-dir/MiniOzoneClusterImpl-5c40dcc8-fe42-479e-8e18-50a5c3d1406a/scmNode-1/scm-ha/5c40dcc8-fe42-479e-8e18-50a5c3d1406a/in_use.lock acquired by nodename 18230@fv-az297-331
2021-12-17 15:55:40,662 [pool-16-thread-1] INFO  storage.RaftStorage (RaftStorageImpl.java:analyzeAndRecoverStorage(110)) - Read RaftStorageMetadata{term=1, votedFor=8bbb6ce4-f340-4649-96fb-203d33e3a68d} from /home/runner/work/ozone/ozone/hadoop-ozone/integration-test/target/test-dir/MiniOzoneClusterImpl-5c40dcc8-fe42-479e-8e18-50a5c3d1406a/scmNode-1/scm-ha/5c40dcc8-fe42-479e-8e18-50a5c3d1406a/current/raft-meta
2021-12-17 15:55:40,672 [pool-16-thread-1] INFO  server.RaftServer$Division (ServerState.java:setRaftConf(387)) - 8bbb6ce4-f340-4649-96fb-203d33e3a68d@group-50A5C3D1406A: set configuration 0: [8bbb6ce4-f340-4649-96fb-203d33e3a68d|rpc:localhost:13368|admin:|client:|dataStream:|priority:0], old=null
2021-12-17 15:55:40,673 [pool-16-thread-1] INFO  server.RaftServerConfigKeys (ConfUtils.java:logGet(44)) - raft.server.notification.no-leader.timeout = 60s (default)
2021-12-17 15:55:40,673 [pool-16-thread-1] INFO  server.RaftServerConfigKeys (ConfUtils.java:logGet(44)) - raft.server.log.use.memory = false (default)
2021-12-17 15:55:40,673 [pool-16-thread-1] INFO  server.RaftServerConfigKeys (ConfUtils.java:logGet(44)) - raft.server.log.purge.gap = 1000000 (custom)
2021-12-17 15:55:40,673 [pool-16-thread-1] INFO  server.RaftServerConfigKeys (ConfUtils.java:logGet(44)) - raft.server.log.appender.buffer.byte-limit = 33554432 (custom)
2021-12-17 15:55:40,676 [pool-16-thread-1] INFO  server.RaftServerConfigKeys (ConfUtils.java:logGet(44)) - raft.server.log.segment.size.max = 4194304 (custom)
2021-12-17 15:55:40,677 [pool-16-thread-1] INFO  server.RaftServerConfigKeys (ConfUtils.java:logGet(44)) - raft.server.log.segment.cache.num.max = 2 (custom)
2021-12-17 15:55:40,677 [pool-16-thread-1] INFO  server.RaftServerConfigKeys (ConfUtils.java:logGet(44)) - raft.server.log.segment.cache.size.max = 200MB (=209715200) (default)
2021-12-17 15:55:40,677 [pool-16-thread-1] INFO  segmented.SegmentedRaftLogWorker (SegmentedRaftLogWorker.java:<init>(182)) - new 8bbb6ce4-f340-4649-96fb-203d33e3a68d@group-50A5C3D1406A-SegmentedRaftLogWorker for RaftStorageImpl:Storage Directory /home/runner/work/ozone/ozone/hadoop-ozone/integration-test/target/test-dir/MiniOzoneClusterImpl-5c40dcc8-fe42-479e-8e18-50a5c3d1406a/scmNode-1/scm-ha/5c40dcc8-fe42-479e-8e18-50a5c3d1406a
2021-12-17 15:55:40,677 [pool-16-thread-1] INFO  server.RaftServerConfigKeys (ConfUtils.java:logGet(44)) - raft.server.log.queue.byte-limit = 64MB (=67108864) (default)
2021-12-17 15:55:40,677 [pool-16-thread-1] INFO  server.RaftServerConfigKeys (ConfUtils.java:logGet(44)) - raft.server.log.queue.element-limit = 4096 (default)
2021-12-17 15:55:40,677 [pool-16-thread-1] INFO  server.RaftServerConfigKeys (ConfUtils.java:logGet(44)) - raft.server.log.segment.size.max = 4194304 (custom)
2021-12-17 15:55:40,677 [pool-16-thread-1] INFO  server.RaftServerConfigKeys (ConfUtils.java:logGet(44)) - raft.server.log.preallocated.size = 4194304 (custom)
2021-12-17 15:55:40,677 [pool-16-thread-1] INFO  server.RaftServerConfigKeys (ConfUtils.java:logGet(44)) - raft.server.log.force.sync.num = 128 (default)
2021-12-17 15:55:40,678 [pool-16-thread-1] INFO  server.RaftServerConfigKeys (ConfUtils.java:logGet(44)) - raft.server.log.statemachine.data.sync = true (default)
2021-12-17 15:55:40,678 [pool-16-thread-1] INFO  server.RaftServerConfigKeys (ConfUtils.java:logGet(44)) - raft.server.log.statemachine.data.sync.timeout = 10s (default)
2021-12-17 15:55:40,678 [pool-16-thread-1] INFO  server.RaftServerConfigKeys (ConfUtils.java:logGet(44)) - raft.server.log.statemachine.data.sync.timeout.retry = -1 (default)
2021-12-17 15:55:40,679 [pool-16-thread-1] INFO  server.RaftServerConfigKeys (ConfUtils.java:logGet(44)) - raft.server.log.write.buffer.size = 64KB (=65536) (default)
2021-12-17 15:55:40,679 [pool-16-thread-1] INFO  server.RaftServerConfigKeys (ConfUtils.java:logGet(44)) - raft.server.log.statemachine.data.caching.enabled = false (default)
2021-12-17 15:55:40,684 [pool-16-thread-1] INFO  server.RaftServer$Division (ServerState.java:setRaftConf(387)) - 8bbb6ce4-f340-4649-96fb-203d33e3a68d@group-50A5C3D1406A: set configuration 0: [8bbb6ce4-f340-4649-96fb-203d33e3a68d|rpc:localhost:13368|admin:|client:|dataStream:|priority:0], old=null
2021-12-17 15:55:40,685 [pool-16-thread-1] INFO  segmented.LogSegment (LogSegment.java:loadSegment(173)) - Successfully read 1 entries from segment file /home/runner/work/ozone/ozone/hadoop-ozone/integration-test/target/test-dir/MiniOzoneClusterImpl-5c40dcc8-fe42-479e-8e18-50a5c3d1406a/scmNode-1/scm-ha/5c40dcc8-fe42-479e-8e18-50a5c3d1406a/current/log_inprogress_0
2021-12-17 15:55:40,685 [pool-16-thread-1] INFO  segmented.SegmentedRaftLogWorker (SegmentedRaftLogWorker.java:lambda$new$0(133)) - 8bbb6ce4-f340-4649-96fb-203d33e3a68d@group-50A5C3D1406A-SegmentedRaftLogWorker: flushIndex: setUnconditionally 0 -> 0
2021-12-17 15:55:40,685 [pool-16-thread-1] INFO  segmented.SegmentedRaftLogWorker (SegmentedRaftLogWorker.java:lambda$new$0(133)) - 8bbb6ce4-f340-4649-96fb-203d33e3a68d@group-50A5C3D1406A-SegmentedRaftLogWorker: safeCacheEvictIndex: setUnconditionally 0 -> -1
2021-12-17 15:55:40,689 [pool-16-thread-1] INFO  server.RaftServerConfigKeys (ConfUtils.java:logGet(44)) - raft.server.snapshot.auto.trigger.enabled = true (custom)
2021-12-17 15:55:40,690 [pool-16-thread-1] INFO  server.RaftServerConfigKeys (ConfUtils.java:logGet(44)) - raft.server.snapshot.auto.trigger.threshold = 1000 (custom)
2021-12-17 15:55:40,690 [pool-16-thread-1] INFO  server.RaftServerConfigKeys (ConfUtils.java:logGet(44)) - raft.server.snapshot.retention.file.num = -1 (default)
2021-12-17 15:55:40,690 [pool-16-thread-1] INFO  server.RaftServerConfigKeys (ConfUtils.java:logGet(44)) - raft.server.log.purge.upto.snapshot.index = false (default)
2021-12-17 15:55:40,690 [pool-16-thread-1] INFO  server.RaftServerConfigKeys (ConfUtils.java:logGet(44)) - raft.server.retrycache.expirytime = 60000ms (default)
2021-12-17 15:55:40,690 [pool-16-thread-1] INFO  server.RaftServerConfigKeys (ConfUtils.java:logGet(44)) - raft.server.retrycache.statistics.expirytime = 100μs (default)
2021-12-17 15:55:40,693 [Time-limited test] INFO  ha.SCMSnapshotProvider (SCMSnapshotProvider.java:<init>(66)) - Initializing SCM Snapshot Provider
2021-12-17 15:55:40,693 [Time-limited test] WARN  server.ServerUtils (ServerUtils.java:getDefaultRatisDirectory(237)) - Storage directory for Ratis is not configured. It is a good idea to map this to an SSD disk. Falling back to ozone.metadata.dirs
2021-12-17 15:55:40,693 [Time-limited test] WARN  ha.SCMHAUtils (SCMHAUtils.java:getSCMRatisSnapshotDirectory(146)) - SCM snapshot dir is not configured. Falling back to ozone.metadata.dirs config
2021-12-17 15:55:40,718 [Time-limited test] INFO  ha.SequenceIdGenerator (SequenceIdGenerator.java:upgradeToSequenceId(347)) - upgrade localId to 107544261427200000
2021-12-17 15:55:40,718 [Time-limited test] INFO  ha.SequenceIdGenerator (SequenceIdGenerator.java:upgradeToSequenceId(357)) - upgrade delTxnId to 0
2021-12-17 15:55:40,721 [Time-limited test] INFO  ha.SequenceIdGenerator (SequenceIdGenerator.java:upgradeToSequenceId(371)) - upgrade containerId to 0
2021-12-17 15:55:40,722 [Time-limited test] INFO  ha.SequenceIdGenerator (SequenceIdGenerator.java:<init>(218)) - Init the HA SequenceIdGenerator.
2021-12-17 15:55:40,854 [Time-limited test] INFO  node.SCMNodeManager (SCMNodeManager.java:<init>(144)) - Entering startup safe mode.
2021-12-17 15:55:40,900 [Time-limited test] INFO  algorithms.ContainerPlacementPolicyFactory (ContainerPlacementPolicyFactory.java:getPolicy(60)) - Create container placement policy of type org.apache.hadoop.hdds.scm.container.placement.algorithms.SCMContainerPlacementRandom
2021-12-17 15:55:40,907 [Time-limited test] INFO  pipeline.PipelineStateManagerImpl (PipelineStateManagerImpl.java:initialize(78)) - No pipeline exists in current db
2021-12-17 15:55:40,933 [Time-limited test] INFO  algorithms.LeaderChoosePolicyFactory (LeaderChoosePolicyFactory.java:getPolicy(57)) - Create leader choose policy of type org.apache.hadoop.hdds.scm.pipeline.leader.choose.algorithms.MinLeaderCountChoosePolicy
2021-12-17 15:55:40,938 [Time-limited test] INFO  ha.SCMServiceManager (SCMServiceManager.java:register(43)) - Registering service BackgroundPipelineCreator.
2021-12-17 15:55:40,939 [Time-limited test] INFO  pipeline.BackgroundPipelineCreator (BackgroundPipelineCreator.java:start(130)) - Starting RatisPipelineUtilsThread.
2021-12-17 15:55:40,963 [Time-limited test] INFO  algorithms.PipelineChoosePolicyFactory (PipelineChoosePolicyFactory.java:createPipelineChoosePolicyFromClass(73)) - Create pipeline choose policy of type org.apache.hadoop.hdds.scm.pipeline.choose.algorithms.RandomPipelineChoosePolicy
2021-12-17 15:55:40,976 [Time-limited test] INFO  ha.SCMServiceManager (SCMServiceManager.java:register(43)) - Registering service SCMBlockDeletingService.
2021-12-17 15:55:40,995 [Time-limited test] INFO  ha.SCMServiceManager (SCMServiceManager.java:register(43)) - Registering service ReplicationManager.
2021-12-17 15:55:40,997 [Time-limited test] INFO  container.ReplicationManager (ReplicationManager.java:start(319)) - Starting Replication Monitor Thread.
2021-12-17 15:55:41,002 [ReplicationMonitor] INFO  container.ReplicationManager (ReplicationManager.java:processAll(371)) - Replication Monitor Thread took 3 milliseconds for processing 0 containers.
2021-12-17 15:55:41,008 [Time-limited test] INFO  safemode.ContainerSafeModeRule (ContainerSafeModeRule.java:<init>(89)) - containers with one replica threshold count 0
2021-12-17 15:55:41,012 [Time-limited test] INFO  safemode.HealthyPipelineSafeModeRule (HealthyPipelineSafeModeRule.java:initializeRule(156)) - Total pipeline count is 0, healthy pipeline threshold count is 1
2021-12-17 15:55:41,014 [Time-limited test] INFO  safemode.OneReplicaPipelineSafeModeRule (OneReplicaPipelineSafeModeRule.java:initializeRule(180)) - Total pipeline count is 0, pipeline's with at least one datanode reported threshold count is 0
2021-12-17 15:55:41,336 [Time-limited test] INFO  ipc.CallQueueManager (CallQueueManager.java:<init>(90)) - Using callQueue: class java.util.concurrent.LinkedBlockingQueue, queueCapacity: 10000, scheduler: class org.apache.hadoop.ipc.DefaultRpcScheduler, ipcBackoff: false.
2021-12-17 15:55:41,371 [Socket Reader #1 for port 13369] INFO  ipc.Server (Server.java:run(1265)) - Starting Socket Reader #1 for port 13369
2021-12-17 15:55:41,410 [Listener at 0.0.0.0/13369] INFO  ipc.CallQueueManager (CallQueueManager.java:<init>(90)) - Using callQueue: class java.util.concurrent.LinkedBlockingQueue, queueCapacity: 10000, scheduler: class org.apache.hadoop.ipc.DefaultRpcScheduler, ipcBackoff: false.
2021-12-17 15:55:41,414 [Socket Reader #1 for port 13370] INFO  ipc.Server (Server.java:run(1265)) - Starting Socket Reader #1 for port 13370
2021-12-17 15:55:41,440 [Listener at 0.0.0.0/13370] INFO  ipc.CallQueueManager (CallQueueManager.java:<init>(90)) - Using callQueue: class java.util.concurrent.LinkedBlockingQueue, queueCapacity: 10000, scheduler: class org.apache.hadoop.ipc.DefaultRpcScheduler, ipcBackoff: false.
2021-12-17 15:55:41,441 [Socket Reader #1 for port 13371] INFO  ipc.Server (Server.java:run(1265)) - Starting Socket Reader #1 for port 13371
2021-12-17 15:55:41,502 [Listener at 0.0.0.0/13371] INFO  algorithms.ContainerPlacementPolicyFactory (ContainerPlacementPolicyFactory.java:getPolicy(60)) - Create container placement policy of type org.apache.hadoop.hdds.scm.container.placement.algorithms.SCMContainerPlacementRandom
2021-12-17 15:55:41,512 [Listener at 0.0.0.0/13371] INFO  server.StorageContainerManager (StorageContainerManager.java:<init>(388)) - 
Container Balancer status:
Key                            Value
Running                        false
Container Balancer Configuration values:
Key                                                Value
Threshold                                          0.1
Max Datanodes to Involve per Iteration(ratio)      0.2
Max Size to Move per Iteration                     30GB
Max Size Entering Target per Iteration             1GB
Max Size Leaving Source per Iteration              1GB

2021-12-17 15:55:41,512 [Listener at 0.0.0.0/13371] WARN  events.EventQueue (EventQueue.java:fireEvent(194)) - No event handler registered for event TypedEvent{payloadType=SafeModeStatus, name='Safe mode status'}
2021-12-17 15:55:41,513 [Listener at 0.0.0.0/13371] INFO  ha.SCMContext (SCMContext.java:updateSafeModeStatus(211)) - Update SafeModeStatus from SafeModeStatus{safeModeStatus=true, preCheckPassed=false} to SafeModeStatus{safeModeStatus=true, preCheckPassed=false}.
2021-12-17 15:55:41,516 [Listener at 0.0.0.0/13371] INFO  server.StorageContainerManager (StorageContainerManager.java:start(1303)) - StorageContainerLocationProtocol RPC server is listening at /0.0.0.0:13371
2021-12-17 15:55:41,517 [Listener at 0.0.0.0/13371] INFO  ha.SCMRatisServerImpl (SCMRatisServerImpl.java:start(177)) - starting ratis server 0.0.0.0:13368
2021-12-17 15:55:41,517 [Listener at 0.0.0.0/13371] INFO  server.RaftServer$Division (RaftServerImpl.java:start(301)) - 8bbb6ce4-f340-4649-96fb-203d33e3a68d@group-50A5C3D1406A: start as a follower, conf=0: [8bbb6ce4-f340-4649-96fb-203d33e3a68d|rpc:localhost:13368|admin:|client:|dataStream:|priority:0], old=null
2021-12-17 15:55:41,517 [Listener at 0.0.0.0/13371] INFO  server.RaftServer$Division (RaftServerImpl.java:setRole(290)) - 8bbb6ce4-f340-4649-96fb-203d33e3a68d@group-50A5C3D1406A: changes role from      null to FOLLOWER at term 1 for startAsFollower
2021-12-17 15:55:41,518 [Listener at 0.0.0.0/13371] INFO  impl.RoleInfo (RoleInfo.java:updateAndGet(130)) - 8bbb6ce4-f340-4649-96fb-203d33e3a68d: start 8bbb6ce4-f340-4649-96fb-203d33e3a68d@group-50A5C3D1406A-FollowerState
2021-12-17 15:55:41,518 [Listener at 0.0.0.0/13371] INFO  util.JmxRegister (JmxRegister.java:tryRegister(44)) - Successfully registered JMX Bean with object name Ratis:service=RaftServer,group=group-50A5C3D1406A,id=8bbb6ce4-f340-4649-96fb-203d33e3a68d
2021-12-17 15:55:41,521 [Listener at 0.0.0.0/13371] INFO  server.RaftServer (RaftServerProxy.java:lambda$start$5(374)) - 8bbb6ce4-f340-4649-96fb-203d33e3a68d: start RPC server
2021-12-17 15:55:41,527 [Listener at 0.0.0.0/13371] INFO  server.GrpcService (GrpcService.java:startImpl(253)) - 8bbb6ce4-f340-4649-96fb-203d33e3a68d: GrpcService started, listening on 13368
2021-12-17 15:55:41,527 [Listener at 0.0.0.0/13371] INFO  ha.SCMHAManagerImpl (SCMHAManagerImpl.java:start(120)) -  scm role is FOLLOWER peers [8bbb6ce4-f340-4649-96fb-203d33e3a68d|rpc:localhost:13368|admin:|client:|dataStream:|priority:0]
2021-12-17 15:55:41,527 [Listener at 0.0.0.0/13371] INFO  ha.InterSCMGrpcService (InterSCMGrpcProtocolService.java:start(94)) - Starting SCM Grpc Service at port 13372
2021-12-17 15:55:41,542 [org.apache.ratis.util.JvmPauseMonitor$$Lambda$430/488824865@4df33948] INFO  util.JvmPauseMonitor (JvmPauseMonitor.java:run(103)) - JvmPauseMonitor-8bbb6ce4-f340-4649-96fb-203d33e3a68d: Started
2021-12-17 15:55:41,595 [Listener at 0.0.0.0/13371] WARN  impl.MetricsConfig (MetricsConfig.java:loadFirst(136)) - Cannot locate configuration: tried hadoop-metrics2-storagecontainermanager.properties,hadoop-metrics2.properties
2021-12-17 15:55:41,608 [Listener at 0.0.0.0/13371] INFO  impl.MetricsSystemImpl (MetricsSystemImpl.java:startTimer(378)) - Scheduled Metric snapshot period at 10 second(s).
2021-12-17 15:55:41,608 [Listener at 0.0.0.0/13371] INFO  impl.MetricsSystemImpl (MetricsSystemImpl.java:start(191)) - StorageContainerManager metrics system started
2021-12-17 15:55:41,851 [Listener at 0.0.0.0/13371] INFO  server.SCMClientProtocolServer (SCMClientProtocolServer.java:start(164)) - RPC server for Client  is listening at /0.0.0.0:13371
2021-12-17 15:55:41,856 [IPC Server Responder] INFO  ipc.Server (Server.java:run(1507)) - IPC Server Responder: starting
2021-12-17 15:55:41,866 [IPC Server listener on 13371] INFO  ipc.Server (Server.java:run(1344)) - IPC Server listener on 13371: starting
2021-12-17 15:55:41,879 [Listener at 0.0.0.0/13371] INFO  server.StorageContainerManager (StorageContainerManager.java:start(1318)) - ScmBlockLocationProtocol RPC server is listening at /0.0.0.0:13370
2021-12-17 15:55:41,880 [Listener at 0.0.0.0/13371] INFO  server.SCMBlockProtocolServer (SCMBlockProtocolServer.java:start(151)) - RPC server for Block Protocol is listening at /0.0.0.0:13370
2021-12-17 15:55:41,881 [IPC Server Responder] INFO  ipc.Server (Server.java:run(1507)) - IPC Server Responder: starting
2021-12-17 15:55:41,885 [IPC Server listener on 13370] INFO  ipc.Server (Server.java:run(1344)) - IPC Server listener on 13370: starting
2021-12-17 15:55:41,917 [Listener at 0.0.0.0/13371] INFO  server.StorageContainerManager (StorageContainerManager.java:start(1324)) - ScmDatanodeProtocl RPC server is listening at /0.0.0.0:13369
2021-12-17 15:55:41,934 [org.apache.hadoop.util.JvmPauseMonitor$Monitor@1fe97e00] INFO  util.JvmPauseMonitor (JvmPauseMonitor.java:run(188)) - Starting JVM pause monitor
2021-12-17 15:55:41,944 [Listener at 0.0.0.0/13371] INFO  http.BaseHttpServer (BaseHttpServer.java:newHttpServer2BuilderForOzone(209)) - Starting Web-server for scm at: http://0.0.0.0:13366
2021-12-17 15:55:41,944 [Listener at 0.0.0.0/13371] INFO  http.BaseHttpServer (BaseHttpServer.java:<init>(107)) - Hadoop Security Enabled: false Ozone Security Enabled: false Ozone HTTP Security Enabled: false 
2021-12-17 15:55:41,970 [Listener at 0.0.0.0/13371] INFO  util.log (Log.java:initialized(170)) - Logging initialized @10483ms to org.eclipse.jetty.util.log.Slf4jLog
2021-12-17 15:55:42,069 [Listener at 0.0.0.0/13371] INFO  server.AuthenticationFilter (AuthenticationFilter.java:constructSecretProvider(240)) - Unable to initialize FileSignerSecretProvider, falling back to use random secrets.
2021-12-17 15:55:42,077 [Listener at 0.0.0.0/13371] WARN  http.HttpRequestLog (HttpRequestLog.java:getRequestLog(103)) - Jetty request log can only be enabled using Log4j
2021-12-17 15:55:42,082 [Listener at 0.0.0.0/13371] INFO  http.HttpServer2 (HttpServer2.java:addGlobalFilter(1030)) - Added global filter 'safety' (class=org.apache.hadoop.hdds.server.http.HttpServer2$QuotingInputFilter)
2021-12-17 15:55:42,087 [Listener at 0.0.0.0/13371] INFO  http.HttpServer2 (HttpServer2.java:addFilter(1006)) - Added filter static_user_filter (class=org.apache.hadoop.http.lib.StaticUserWebFilter$StaticUserFilter) to context scm
2021-12-17 15:55:42,088 [Listener at 0.0.0.0/13371] INFO  http.HttpServer2 (HttpServer2.java:addFilter(1014)) - Added filter static_user_filter (class=org.apache.hadoop.http.lib.StaticUserWebFilter$StaticUserFilter) to context logs
2021-12-17 15:55:42,088 [Listener at 0.0.0.0/13371] INFO  http.HttpServer2 (HttpServer2.java:addFilter(1014)) - Added filter static_user_filter (class=org.apache.hadoop.http.lib.StaticUserWebFilter$StaticUserFilter) to context static
2021-12-17 15:55:42,125 [Listener at 0.0.0.0/13371] INFO  http.HttpServer2 (HttpServer2.java:bindListener(1249)) - Jetty bound to port 13366
2021-12-17 15:55:42,127 [Listener at 0.0.0.0/13371] INFO  server.Server (Server.java:doStart(375)) - jetty-9.4.43.v20210629; built: 2021-06-30T11:07:22.254Z; git: 526006ecfa3af7f1a27ef3a288e2bef7ea9dd7e8; jvm 1.8.0_292-b10
2021-12-17 15:55:42,158 [Listener at 0.0.0.0/13371] INFO  server.session (DefaultSessionIdManager.java:doStart(334)) - DefaultSessionIdManager workerName=node0
2021-12-17 15:55:42,158 [Listener at 0.0.0.0/13371] INFO  server.session (DefaultSessionIdManager.java:doStart(339)) - No SessionScavenger set, using defaults
2021-12-17 15:55:42,160 [Listener at 0.0.0.0/13371] INFO  server.session (HouseKeeper.java:startScavenging(132)) - node0 Scavenging every 600000ms
2021-12-17 15:55:42,171 [Listener at 0.0.0.0/13371] INFO  handler.ContextHandler (ContextHandler.java:doStart(915)) - Started o.e.j.s.ServletContextHandler@2c49d3fb{logs,/logs,file:///home/runner/work/ozone/ozone/hadoop-ozone/integration-test/target/log,AVAILABLE}
2021-12-17 15:55:42,171 [Listener at 0.0.0.0/13371] INFO  handler.ContextHandler (ContextHandler.java:doStart(915)) - Started o.e.j.s.ServletContextHandler@5eb4ed73{static,/static,file:///home/runner/work/ozone/ozone/hadoop-ozone/integration-test/target/test-classes/webapps/static,AVAILABLE}
2021-12-17 15:55:42,223 [Listener at 0.0.0.0/13371] INFO  handler.ContextHandler (ContextHandler.java:doStart(915)) - Started o.e.j.w.WebAppContext@5deb44fa{scm,/,file:///home/runner/work/ozone/ozone/hadoop-ozone/integration-test/target/test-classes/webapps/scm/,AVAILABLE}{file:/home/runner/work/ozone/ozone/hadoop-ozone/integration-test/target/test-classes/webapps/scm}
2021-12-17 15:55:42,232 [Listener at 0.0.0.0/13371] INFO  server.AbstractConnector (AbstractConnector.java:doStart(331)) - Started ServerConnector@7547fef6{HTTP/1.1, (http/1.1)}{0.0.0.0:13366}
2021-12-17 15:55:42,233 [Listener at 0.0.0.0/13371] INFO  server.Server (Server.java:doStart(415)) - Started @10747ms
2021-12-17 15:55:42,237 [Listener at 0.0.0.0/13371] INFO  impl.MetricsSinkAdapter (MetricsSinkAdapter.java:start(204)) - Sink prometheus started
2021-12-17 15:55:42,238 [Listener at 0.0.0.0/13371] INFO  impl.MetricsSystemImpl (MetricsSystemImpl.java:registerSink(305)) - Registered sink prometheus
2021-12-17 15:55:42,239 [Listener at 0.0.0.0/13371] INFO  http.BaseHttpServer (BaseHttpServer.java:updateConnectorAddress(329)) - HTTP server of scm listening at http://0.0.0.0:13366
2021-12-17 15:55:42,239 [Listener at 0.0.0.0/13371] INFO  ozone.MiniOzoneHAClusterImpl (MiniOzoneHAClusterImpl.java:createSCMService(577)) - Started SCM RPC server at org.apache.hadoop.hdds.scm.server.SCMClientProtocolServer@2a1c0f1c
2021-12-17 15:55:42,255 [Listener at 0.0.0.0/13371] INFO  ha.SCMHANodeDetails (SCMHANodeDetails.java:loadSCMHAConfig(157)) - ServiceID for StorageContainerManager is scmServiceId
2021-12-17 15:55:42,256 [Listener at 0.0.0.0/13371] INFO  ha.SCMHANodeDetails (SCMHANodeDetails.java:loadSCMHAConfig(168)) - ServiceID for StorageContainerManager is scmServiceId
2021-12-17 15:55:42,256 [Listener at 0.0.0.0/13371] WARN  scm.ScmUtils (ScmUtils.java:logWarn(179)) - ConfigKey ozone.scm.block.client.address is deprecated, For configuring different ports for each SCM use PortConfigKey ozone.scm.block.client.port appended with serviceId and nodeId. If want to configure same port configure ozone.scm.block.client.port
2021-12-17 15:55:42,256 [Listener at 0.0.0.0/13371] WARN  scm.ScmUtils (ScmUtils.java:logWarn(179)) - ConfigKey ozone.scm.client.address is deprecated, For configuring different ports for each SCM use PortConfigKey ozone.scm.client.port appended with serviceId and nodeId. If want to configure same port configure ozone.scm.client.port
2021-12-17 15:55:42,256 [Listener at 0.0.0.0/13371] WARN  scm.ScmUtils (ScmUtils.java:logWarn(179)) - ConfigKey ozone.scm.datanode.address is deprecated, For configuring different ports for each SCM use PortConfigKey ozone.scm.datanode.port appended with serviceId and nodeId. If want to configure same port configure ozone.scm.datanode.port
2021-12-17 15:55:42,256 [Listener at 0.0.0.0/13371] WARN  scm.ScmUtils (ScmUtils.java:logWarn(179)) - ConfigKey ozone.scm.block.client.address is deprecated, For configuring different ports for each SCM use PortConfigKey ozone.scm.block.client.port appended with serviceId and nodeId. If want to configure same port configure ozone.scm.block.client.port
2021-12-17 15:55:42,257 [Listener at 0.0.0.0/13371] WARN  scm.ScmUtils (ScmUtils.java:logWarn(179)) - ConfigKey ozone.scm.client.address is deprecated, For configuring different ports for each SCM use PortConfigKey ozone.scm.client.port appended with serviceId and nodeId. If want to configure same port configure ozone.scm.client.port
2021-12-17 15:55:42,257 [Listener at 0.0.0.0/13371] WARN  scm.ScmUtils (ScmUtils.java:logWarn(179)) - ConfigKey ozone.scm.datanode.address is deprecated, For configuring different ports for each SCM use PortConfigKey ozone.scm.datanode.port appended with serviceId and nodeId. If want to configure same port configure ozone.scm.datanode.port
2021-12-17 15:55:42,257 [Listener at 0.0.0.0/13371] INFO  ha.SCMHANodeDetails (SCMHANodeDetails.java:loadSCMHAConfig(250)) - Found matching SCM address with SCMServiceId: scmServiceId, SCMNodeId: scmNode-2, RPC Address: localhost:13378 and Ratis port: 13378
2021-12-17 15:55:42,257 [Listener at 0.0.0.0/13371] INFO  ha.SCMHANodeDetails (ConfUtils.java:setNodeSpecificConfigs(108)) - Setting configuration key ozone.scm.datanode.address with value of key ozone.scm.datanode.address.scmServiceId.scmNode-2: 127.0.0.1:13379
2021-12-17 15:55:42,257 [Listener at 0.0.0.0/13371] INFO  ha.SCMHANodeDetails (ConfUtils.java:setNodeSpecificConfigs(108)) - Setting configuration key ozone.scm.block.client.address with value of key ozone.scm.block.client.address.scmServiceId.scmNode-2: 127.0.0.1:13380
2021-12-17 15:55:42,257 [Listener at 0.0.0.0/13371] INFO  ha.SCMHANodeDetails (ConfUtils.java:setNodeSpecificConfigs(108)) - Setting configuration key ozone.scm.client.address with value of key ozone.scm.client.address.scmServiceId.scmNode-2: 127.0.0.1:13381
2021-12-17 15:55:42,257 [Listener at 0.0.0.0/13371] INFO  ha.SCMHANodeDetails (ConfUtils.java:setNodeSpecificConfigs(108)) - Setting configuration key ozone.scm.ratis.port with value of key ozone.scm.ratis.port.scmServiceId.scmNode-2: 13378
2021-12-17 15:55:42,257 [Listener at 0.0.0.0/13371] INFO  ha.SCMHANodeDetails (ConfUtils.java:setNodeSpecificConfigs(108)) - Setting configuration key ozone.scm.grpc.port with value of key ozone.scm.grpc.port.scmServiceId.scmNode-2: 13382
2021-12-17 15:55:42,257 [Listener at 0.0.0.0/13371] INFO  ha.SCMHANodeDetails (ConfUtils.java:setNodeSpecificConfigs(108)) - Setting configuration key ozone.scm.http-address with value of key ozone.scm.http-address.scmServiceId.scmNode-2: 127.0.0.1:13376
2021-12-17 15:55:42,257 [Listener at 0.0.0.0/13371] INFO  ha.SCMHANodeDetails (ConfUtils.java:setNodeSpecificConfigs(108)) - Setting configuration key ozone.scm.https-address with value of key ozone.scm.https-address.scmServiceId.scmNode-2: 127.0.0.1:13377
2021-12-17 15:55:42,258 [Listener at 0.0.0.0/13371] INFO  ha.SCMHANodeDetails (ConfUtils.java:setNodeSpecificConfigs(108)) - Setting configuration key ozone.scm.address with value of key ozone.scm.address.scmServiceId.scmNode-2: 127.0.0.1
2021-12-17 15:55:42,258 [Listener at 0.0.0.0/13371] WARN  scm.ScmUtils (ScmUtils.java:logWarn(179)) - ConfigKey ozone.scm.block.client.address is deprecated, For configuring different ports for each SCM use PortConfigKey ozone.scm.block.client.port appended with serviceId and nodeId. If want to configure same port configure ozone.scm.block.client.port
2021-12-17 15:55:42,258 [Listener at 0.0.0.0/13371] WARN  scm.ScmUtils (ScmUtils.java:logWarn(179)) - ConfigKey ozone.scm.client.address is deprecated, For configuring different ports for each SCM use PortConfigKey ozone.scm.client.port appended with serviceId and nodeId. If want to configure same port configure ozone.scm.client.port
2021-12-17 15:55:42,258 [Listener at 0.0.0.0/13371] WARN  scm.ScmUtils (ScmUtils.java:logWarn(179)) - ConfigKey ozone.scm.datanode.address is deprecated, For configuring different ports for each SCM use PortConfigKey ozone.scm.datanode.port appended with serviceId and nodeId. If want to configure same port configure ozone.scm.datanode.port
2021-12-17 15:55:42,258 [Listener at 0.0.0.0/13371] WARN  server.ServerUtils (ServerUtils.java:getScmDbDir(148)) - ozone.scm.db.dirs is not configured. We recommend adding this setting. Falling back to ozone.metadata.dirs instead.
2021-12-17 15:55:42,265 [Listener at 0.0.0.0/13371] INFO  ha.SCMNodeInfo (SCMNodeInfo.java:getPort(197)) - ConfigKey ozone.scm.client.address is deprecated, For configuring different ports for each SCM use PortConfigKey ozone.scm.client.port appended with serviceId and nodeId
2021-12-17 15:55:42,266 [Listener at 0.0.0.0/13371] INFO  ha.SCMNodeInfo (SCMNodeInfo.java:getPort(197)) - ConfigKey ozone.scm.block.client.address is deprecated, For configuring different ports for each SCM use PortConfigKey ozone.scm.block.client.port appended with serviceId and nodeId
2021-12-17 15:55:42,266 [Listener at 0.0.0.0/13371] INFO  ha.SCMNodeInfo (SCMNodeInfo.java:getPort(197)) - ConfigKey ozone.scm.datanode.address is deprecated, For configuring different ports for each SCM use PortConfigKey ozone.scm.datanode.port appended with serviceId and nodeId
2021-12-17 15:55:42,266 [Listener at 0.0.0.0/13371] INFO  ha.SCMNodeInfo (SCMNodeInfo.java:getPort(197)) - ConfigKey ozone.scm.client.address is deprecated, For configuring different ports for each SCM use PortConfigKey ozone.scm.client.port appended with serviceId and nodeId
2021-12-17 15:55:42,266 [Listener at 0.0.0.0/13371] INFO  ha.SCMNodeInfo (SCMNodeInfo.java:getPort(197)) - ConfigKey ozone.scm.block.client.address is deprecated, For configuring different ports for each SCM use PortConfigKey ozone.scm.block.client.port appended with serviceId and nodeId
2021-12-17 15:55:42,266 [Listener at 0.0.0.0/13371] INFO  ha.SCMNodeInfo (SCMNodeInfo.java:getPort(197)) - ConfigKey ozone.scm.datanode.address is deprecated, For configuring different ports for each SCM use PortConfigKey ozone.scm.datanode.port appended with serviceId and nodeId
2021-12-17 15:55:42,266 [Listener at 0.0.0.0/13371] INFO  ha.SCMNodeInfo (SCMNodeInfo.java:getPort(197)) - ConfigKey ozone.scm.client.address is deprecated, For configuring different ports for each SCM use PortConfigKey ozone.scm.client.port appended with serviceId and nodeId
2021-12-17 15:55:42,266 [Listener at 0.0.0.0/13371] INFO  ha.SCMNodeInfo (SCMNodeInfo.java:getPort(197)) - ConfigKey ozone.scm.block.client.address is deprecated, For configuring different ports for each SCM use PortConfigKey ozone.scm.block.client.port appended with serviceId and nodeId
2021-12-17 15:55:42,266 [Listener at 0.0.0.0/13371] INFO  ha.SCMNodeInfo (SCMNodeInfo.java:getPort(197)) - ConfigKey ozone.scm.datanode.address is deprecated, For configuring different ports for each SCM use PortConfigKey ozone.scm.datanode.port appended with serviceId and nodeId
2021-12-17 15:55:44,497 [Listener at 0.0.0.0/13371] INFO  retry.RetryInvocationHandler (RetryInvocationHandler.java:log(411)) - com.google.protobuf.ServiceException: java.net.ConnectException: Call From fv-az297-331/10.1.0.19 to localhost:13380 failed on connection exception: java.net.ConnectException: Connection refused; For more details see:  http://wiki.apache.org/hadoop/ConnectionRefused, while invoking $Proxy39.send over nodeId=scmNode-2,nodeAddress=/127.0.0.1:13380 after 1 failover attempts. Trying to failover after sleeping for 2000ms.
2021-12-17 15:55:46,498 [Listener at 0.0.0.0/13371] INFO  retry.RetryInvocationHandler (RetryInvocationHandler.java:log(411)) - com.google.protobuf.ServiceException: java.net.ConnectException: Call From fv-az297-331/10.1.0.19 to localhost:13390 failed on connection exception: java.net.ConnectException: Connection refused; For more details see:  http://wiki.apache.org/hadoop/ConnectionRefused, while invoking $Proxy39.send over nodeId=scmNode-3,nodeAddress=/127.0.0.1:13390 after 2 failover attempts. Trying to failover after sleeping for 2000ms.
2021-12-17 15:55:46,738 [8bbb6ce4-f340-4649-96fb-203d33e3a68d@group-50A5C3D1406A-FollowerState] INFO  impl.FollowerState (FollowerState.java:run(134)) - 8bbb6ce4-f340-4649-96fb-203d33e3a68d@group-50A5C3D1406A-FollowerState: change to CANDIDATE, lastRpcElapsedTime:5219934626ns, electionTimeout:5195ms
2021-12-17 15:55:46,739 [8bbb6ce4-f340-4649-96fb-203d33e3a68d@group-50A5C3D1406A-FollowerState] INFO  impl.RoleInfo (RoleInfo.java:shutdownFollowerState(108)) - 8bbb6ce4-f340-4649-96fb-203d33e3a68d: shutdown 8bbb6ce4-f340-4649-96fb-203d33e3a68d@group-50A5C3D1406A-FollowerState
2021-12-17 15:55:46,739 [8bbb6ce4-f340-4649-96fb-203d33e3a68d@group-50A5C3D1406A-FollowerState] INFO  server.RaftServer$Division (RaftServerImpl.java:setRole(290)) - 8bbb6ce4-f340-4649-96fb-203d33e3a68d@group-50A5C3D1406A: changes role from  FOLLOWER to CANDIDATE at term 1 for changeToCandidate
2021-12-17 15:55:46,739 [8bbb6ce4-f340-4649-96fb-203d33e3a68d@group-50A5C3D1406A-FollowerState] INFO  server.RaftServerConfigKeys (ConfUtils.java:logGet(44)) - raft.server.leaderelection.pre-vote = false (custom)
2021-12-17 15:55:46,739 [8bbb6ce4-f340-4649-96fb-203d33e3a68d@group-50A5C3D1406A-FollowerState] INFO  impl.RoleInfo (RoleInfo.java:updateAndGet(130)) - 8bbb6ce4-f340-4649-96fb-203d33e3a68d: start 8bbb6ce4-f340-4649-96fb-203d33e3a68d@group-50A5C3D1406A-LeaderElection2
2021-12-17 15:55:46,747 [8bbb6ce4-f340-4649-96fb-203d33e3a68d@group-50A5C3D1406A-LeaderElection2] INFO  impl.LeaderElection (LeaderElection.java:askForVotes(306)) - 8bbb6ce4-f340-4649-96fb-203d33e3a68d@group-50A5C3D1406A-LeaderElection2 ELECTION round 0: submit vote requests at term 2 for 0: [8bbb6ce4-f340-4649-96fb-203d33e3a68d|rpc:localhost:13368|admin:|client:|dataStream:|priority:0], old=null
2021-12-17 15:55:46,748 [8bbb6ce4-f340-4649-96fb-203d33e3a68d@group-50A5C3D1406A-LeaderElection2] INFO  impl.LeaderElection (LeaderElection.java:askForVotes(308)) - 8bbb6ce4-f340-4649-96fb-203d33e3a68d@group-50A5C3D1406A-LeaderElection2 ELECTION round 0: result PASSED (term=2)
2021-12-17 15:55:46,748 [8bbb6ce4-f340-4649-96fb-203d33e3a68d@group-50A5C3D1406A-LeaderElection2] INFO  impl.RoleInfo (RoleInfo.java:shutdownLeaderElection(121)) - 8bbb6ce4-f340-4649-96fb-203d33e3a68d: shutdown 8bbb6ce4-f340-4649-96fb-203d33e3a68d@group-50A5C3D1406A-LeaderElection2
2021-12-17 15:55:46,748 [8bbb6ce4-f340-4649-96fb-203d33e3a68d@group-50A5C3D1406A-LeaderElection2] INFO  server.RaftServer$Division (RaftServerImpl.java:setRole(290)) - 8bbb6ce4-f340-4649-96fb-203d33e3a68d@group-50A5C3D1406A: changes role from CANDIDATE to LEADER at term 2 for changeToLeader
2021-12-17 15:55:46,748 [8bbb6ce4-f340-4649-96fb-203d33e3a68d@group-50A5C3D1406A-LeaderElection2] INFO  ha.SCMStateMachine (SCMStateMachine.java:notifyLeaderChanged(259)) - current SCM becomes leader of term 2.
2021-12-17 15:55:46,748 [8bbb6ce4-f340-4649-96fb-203d33e3a68d@group-50A5C3D1406A-LeaderElection2] INFO  ha.SCMContext (SCMContext.java:updateLeaderAndTerm(90)) - update <isLeader,term> from <false,0> to <true,2>
2021-12-17 15:55:46,751 [8bbb6ce4-f340-4649-96fb-203d33e3a68d@group-50A5C3D1406A-LeaderElection2] INFO  server.RaftServer$Division (ServerState.java:setLeader(285)) - 8bbb6ce4-f340-4649-96fb-203d33e3a68d@group-50A5C3D1406A: change Leader from null to 8bbb6ce4-f340-4649-96fb-203d33e3a68d at term 2 for becomeLeader, leader elected after 6075ms
2021-12-17 15:55:46,751 [8bbb6ce4-f340-4649-96fb-203d33e3a68d@group-50A5C3D1406A-LeaderElection2] INFO  server.RaftServerConfigKeys (ConfUtils.java:logGet(44)) - raft.server.staging.catchup.gap = 1000 (default)
2021-12-17 15:55:46,752 [8bbb6ce4-f340-4649-96fb-203d33e3a68d@group-50A5C3D1406A-LeaderElection2] INFO  server.RaftServerConfigKeys (ConfUtils.java:logGet(44)) - raft.server.write.element-limit = 4096 (default)
2021-12-17 15:55:46,752 [8bbb6ce4-f340-4649-96fb-203d33e3a68d@group-50A5C3D1406A-LeaderElection2] INFO  server.RaftServerConfigKeys (ConfUtils.java:logGet(44)) - raft.server.write.byte-limit = 64MB (=67108864) (default)
2021-12-17 15:55:46,752 [8bbb6ce4-f340-4649-96fb-203d33e3a68d@group-50A5C3D1406A-LeaderElection2] INFO  server.RaftServerConfigKeys (ConfUtils.java:logGet(44)) - raft.server.watch.timeout = 10s (default)
2021-12-17 15:55:46,752 [8bbb6ce4-f340-4649-96fb-203d33e3a68d@group-50A5C3D1406A-LeaderElection2] INFO  server.RaftServerConfigKeys (ConfUtils.java:logGet(44)) - raft.server.watch.timeout.denomination = 1s (default)
2021-12-17 15:55:46,752 [8bbb6ce4-f340-4649-96fb-203d33e3a68d@group-50A5C3D1406A-LeaderElection2] INFO  server.RaftServerConfigKeys (ConfUtils.java:logGet(44)) - raft.server.watch.element-limit = 65536 (default)
2021-12-17 15:55:46,752 [8bbb6ce4-f340-4649-96fb-203d33e3a68d@group-50A5C3D1406A-LeaderElection2] INFO  server.RaftServerConfigKeys (ConfUtils.java:logGet(44)) - raft.server.write.element-limit = 4096 (default)
2021-12-17 15:55:46,753 [8bbb6ce4-f340-4649-96fb-203d33e3a68d@group-50A5C3D1406A-LeaderElection2] INFO  server.RaftServerConfigKeys (ConfUtils.java:logGet(44)) - raft.server.write.follower.gap.ratio.max = -1.0 (default)
2021-12-17 15:55:46,753 [8bbb6ce4-f340-4649-96fb-203d33e3a68d@group-50A5C3D1406A-LeaderElection2] INFO  impl.RoleInfo (RoleInfo.java:updateAndGet(130)) - 8bbb6ce4-f340-4649-96fb-203d33e3a68d: start 8bbb6ce4-f340-4649-96fb-203d33e3a68d@group-50A5C3D1406A-LeaderStateImpl
2021-12-17 15:55:46,753 [8bbb6ce4-f340-4649-96fb-203d33e3a68d@group-50A5C3D1406A-LeaderElection2] INFO  segmented.SegmentedRaftLogWorker (SegmentedRaftLogWorker.java:rollLogSegment(399)) - 8bbb6ce4-f340-4649-96fb-203d33e3a68d@group-50A5C3D1406A-SegmentedRaftLogWorker: Rolling segment log-0_0 to index:0
2021-12-17 15:55:46,756 [8bbb6ce4-f340-4649-96fb-203d33e3a68d@group-50A5C3D1406A-SegmentedRaftLogWorker] INFO  segmented.SegmentedRaftLogWorker (SegmentedRaftLogWorker.java:execute(558)) - 8bbb6ce4-f340-4649-96fb-203d33e3a68d@group-50A5C3D1406A-SegmentedRaftLogWorker: Rolled log segment from /home/runner/work/ozone/ozone/hadoop-ozone/integration-test/target/test-dir/MiniOzoneClusterImpl-5c40dcc8-fe42-479e-8e18-50a5c3d1406a/scmNode-1/scm-ha/5c40dcc8-fe42-479e-8e18-50a5c3d1406a/current/log_inprogress_0 to /home/runner/work/ozone/ozone/hadoop-ozone/integration-test/target/test-dir/MiniOzoneClusterImpl-5c40dcc8-fe42-479e-8e18-50a5c3d1406a/scmNode-1/scm-ha/5c40dcc8-fe42-479e-8e18-50a5c3d1406a/current/log_0-0
2021-12-17 15:55:46,759 [8bbb6ce4-f340-4649-96fb-203d33e3a68d@group-50A5C3D1406A-LeaderElection2] INFO  server.RaftServer$Division (ServerState.java:setRaftConf(387)) - 8bbb6ce4-f340-4649-96fb-203d33e3a68d@group-50A5C3D1406A: set configuration 1: [8bbb6ce4-f340-4649-96fb-203d33e3a68d|rpc:localhost:13368|admin:|client:|dataStream:|priority:0], old=null
2021-12-17 15:55:46,769 [8bbb6ce4-f340-4649-96fb-203d33e3a68d@group-50A5C3D1406A-SegmentedRaftLogWorker] INFO  segmented.SegmentedRaftLogWorker (SegmentedRaftLogWorker.java:execute(601)) - 8bbb6ce4-f340-4649-96fb-203d33e3a68d@group-50A5C3D1406A-SegmentedRaftLogWorker: created new log segment /home/runner/work/ozone/ozone/hadoop-ozone/integration-test/target/test-dir/MiniOzoneClusterImpl-5c40dcc8-fe42-479e-8e18-50a5c3d1406a/scmNode-1/scm-ha/5c40dcc8-fe42-479e-8e18-50a5c3d1406a/current/log_inprogress_1
2021-12-17 15:55:46,775 [8bbb6ce4-f340-4649-96fb-203d33e3a68d@group-50A5C3D1406A-StateMachineUpdater] INFO  ha.SCMContext (SCMContext.java:setLeaderReady(117)) - update <isLeaderReady> from <false> to <true>
2021-12-17 15:55:46,776 [8bbb6ce4-f340-4649-96fb-203d33e3a68d@group-50A5C3D1406A-StateMachineUpdater] INFO  pipeline.BackgroundPipelineCreator (BackgroundPipelineCreator.java:notifyStatusChanged(264)) - Service BackgroundPipelineCreator transitions to RUNNING.
2021-12-17 15:55:46,778 [8bbb6ce4-f340-4649-96fb-203d33e3a68d@group-50A5C3D1406A-StateMachineUpdater] INFO  safemode.HealthyPipelineSafeModeRule (HealthyPipelineSafeModeRule.java:initializeRule(152)) - Refreshed total pipeline count is 0, healthy pipeline threshold count is 1
2021-12-17 15:55:46,778 [8bbb6ce4-f340-4649-96fb-203d33e3a68d@group-50A5C3D1406A-StateMachineUpdater] INFO  safemode.ContainerSafeModeRule (ContainerSafeModeRule.java:reInitializeRule(177)) - Refreshed one replica container threshold 0, currentThreshold 0
2021-12-17 15:55:46,779 [8bbb6ce4-f340-4649-96fb-203d33e3a68d@group-50A5C3D1406A-StateMachineUpdater] INFO  safemode.OneReplicaPipelineSafeModeRule (OneReplicaPipelineSafeModeRule.java:initializeRule(176)) - Refreshed Total pipeline count is 0, pipeline's with at least one datanode reported threshold count is 0
2021-12-17 15:55:46,779 [8bbb6ce4-f340-4649-96fb-203d33e3a68d@group-50A5C3D1406A-StateMachineUpdater] INFO  server.SCMDatanodeProtocolServer (SCMDatanodeProtocolServer.java:start(181)) - RPC server for DataNodes is listening at /0.0.0.0:13369
2021-12-17 15:55:46,786 [IPC Server listener on 13369] INFO  ipc.Server (Server.java:run(1344)) - IPC Server listener on 13369: starting
2021-12-17 15:55:46,814 [IPC Server Responder] INFO  ipc.Server (Server.java:run(1507)) - IPC Server Responder: starting
2021-12-17 15:55:48,528 [Listener at 0.0.0.0/13371] INFO  server.StorageContainerManager (StorageContainerManager.java:scmBootstrap(987)) - SCM BootStrap  is successful for ClusterID 5c40dcc8-fe42-479e-8e18-50a5c3d1406a, SCMID c4301190-25a1-45f3-9c07-602cb455ff33
2021-12-17 15:55:48,528 [Listener at 0.0.0.0/13371] INFO  server.StorageContainerManager (StorageContainerManager.java:scmBootstrap(989)) - Primary SCM Node ID 8bbb6ce4-f340-4649-96fb-203d33e3a68d
2021-12-17 15:55:48,528 [Listener at 0.0.0.0/13371] INFO  ha.SCMHANodeDetails (SCMHANodeDetails.java:loadSCMHAConfig(157)) - ServiceID for StorageContainerManager is scmServiceId
2021-12-17 15:55:48,528 [Listener at 0.0.0.0/13371] INFO  ha.SCMHANodeDetails (SCMHANodeDetails.java:loadSCMHAConfig(168)) - ServiceID for StorageContainerManager is scmServiceId
2021-12-17 15:55:48,528 [Listener at 0.0.0.0/13371] WARN  scm.ScmUtils (ScmUtils.java:logWarn(179)) - ConfigKey ozone.scm.block.client.address is deprecated, For configuring different ports for each SCM use PortConfigKey ozone.scm.block.client.port appended with serviceId and nodeId. If want to configure same port configure ozone.scm.block.client.port
2021-12-17 15:55:48,528 [Listener at 0.0.0.0/13371] WARN  scm.ScmUtils (ScmUtils.java:logWarn(179)) - ConfigKey ozone.scm.client.address is deprecated, For configuring different ports for each SCM use PortConfigKey ozone.scm.client.port appended with serviceId and nodeId. If want to configure same port configure ozone.scm.client.port
2021-12-17 15:55:48,528 [Listener at 0.0.0.0/13371] WARN  scm.ScmUtils (ScmUtils.java:logWarn(179)) - ConfigKey ozone.scm.datanode.address is deprecated, For configuring different ports for each SCM use PortConfigKey ozone.scm.datanode.port appended with serviceId and nodeId. If want to configure same port configure ozone.scm.datanode.port
2021-12-17 15:55:48,529 [Listener at 0.0.0.0/13371] WARN  scm.ScmUtils (ScmUtils.java:logWarn(179)) - ConfigKey ozone.scm.block.client.address is deprecated, For configuring different ports for each SCM use PortConfigKey ozone.scm.block.client.port appended with serviceId and nodeId. If want to configure same port configure ozone.scm.block.client.port
2021-12-17 15:55:48,529 [Listener at 0.0.0.0/13371] WARN  scm.ScmUtils (ScmUtils.java:logWarn(179)) - ConfigKey ozone.scm.client.address is deprecated, For configuring different ports for each SCM use PortConfigKey ozone.scm.client.port appended with serviceId and nodeId. If want to configure same port configure ozone.scm.client.port
2021-12-17 15:55:48,529 [Listener at 0.0.0.0/13371] WARN  scm.ScmUtils (ScmUtils.java:logWarn(179)) - ConfigKey ozone.scm.datanode.address is deprecated, For configuring different ports for each SCM use PortConfigKey ozone.scm.datanode.port appended with serviceId and nodeId. If want to configure same port configure ozone.scm.datanode.port
2021-12-17 15:55:48,529 [Listener at 0.0.0.0/13371] INFO  ha.SCMHANodeDetails (SCMHANodeDetails.java:loadSCMHAConfig(250)) - Found matching SCM address with SCMServiceId: scmServiceId, SCMNodeId: scmNode-2, RPC Address: localhost:13378 and Ratis port: 13378
2021-12-17 15:55:48,529 [Listener at 0.0.0.0/13371] INFO  ha.SCMHANodeDetails (ConfUtils.java:setNodeSpecificConfigs(108)) - Setting configuration key ozone.scm.datanode.address with value of key ozone.scm.datanode.address.scmServiceId.scmNode-2: 127.0.0.1:13379
2021-12-17 15:55:48,529 [Listener at 0.0.0.0/13371] INFO  ha.SCMHANodeDetails (ConfUtils.java:setNodeSpecificConfigs(108)) - Setting configuration key ozone.scm.block.client.address with value of key ozone.scm.block.client.address.scmServiceId.scmNode-2: 127.0.0.1:13380
2021-12-17 15:55:48,529 [Listener at 0.0.0.0/13371] INFO  ha.SCMHANodeDetails (ConfUtils.java:setNodeSpecificConfigs(108)) - Setting configuration key ozone.scm.client.address with value of key ozone.scm.client.address.scmServiceId.scmNode-2: 127.0.0.1:13381
2021-12-17 15:55:48,529 [Listener at 0.0.0.0/13371] INFO  ha.SCMHANodeDetails (ConfUtils.java:setNodeSpecificConfigs(108)) - Setting configuration key ozone.scm.ratis.port with value of key ozone.scm.ratis.port.scmServiceId.scmNode-2: 13378
2021-12-17 15:55:48,529 [Listener at 0.0.0.0/13371] INFO  ha.SCMHANodeDetails (ConfUtils.java:setNodeSpecificConfigs(108)) - Setting configuration key ozone.scm.grpc.port with value of key ozone.scm.grpc.port.scmServiceId.scmNode-2: 13382
2021-12-17 15:55:48,529 [Listener at 0.0.0.0/13371] INFO  ha.SCMHANodeDetails (ConfUtils.java:setNodeSpecificConfigs(108)) - Setting configuration key ozone.scm.http-address with value of key ozone.scm.http-address.scmServiceId.scmNode-2: 127.0.0.1:13376
2021-12-17 15:55:48,529 [Listener at 0.0.0.0/13371] INFO  ha.SCMHANodeDetails (ConfUtils.java:setNodeSpecificConfigs(108)) - Setting configuration key ozone.scm.https-address with value of key ozone.scm.https-address.scmServiceId.scmNode-2: 127.0.0.1:13377
2021-12-17 15:55:48,530 [Listener at 0.0.0.0/13371] INFO  ha.SCMHANodeDetails (ConfUtils.java:setNodeSpecificConfigs(108)) - Setting configuration key ozone.scm.address with value of key ozone.scm.address.scmServiceId.scmNode-2: 127.0.0.1
2021-12-17 15:55:48,530 [Listener at 0.0.0.0/13371] WARN  scm.ScmUtils (ScmUtils.java:logWarn(179)) - ConfigKey ozone.scm.block.client.address is deprecated, For configuring different ports for each SCM use PortConfigKey ozone.scm.block.client.port appended with serviceId and nodeId. If want to configure same port configure ozone.scm.block.client.port
2021-12-17 15:55:48,530 [Listener at 0.0.0.0/13371] WARN  scm.ScmUtils (ScmUtils.java:logWarn(179)) - ConfigKey ozone.scm.client.address is deprecated, For configuring different ports for each SCM use PortConfigKey ozone.scm.client.port appended with serviceId and nodeId. If want to configure same port configure ozone.scm.client.port
2021-12-17 15:55:48,530 [Listener at 0.0.0.0/13371] WARN  scm.ScmUtils (ScmUtils.java:logWarn(179)) - ConfigKey ozone.scm.datanode.address is deprecated, For configuring different ports for each SCM use PortConfigKey ozone.scm.datanode.port appended with serviceId and nodeId. If want to configure same port configure ozone.scm.datanode.port
2021-12-17 15:55:48,532 [Listener at 0.0.0.0/13371] WARN  server.ServerUtils (ServerUtils.java:getScmDbDir(148)) - ozone.scm.db.dirs is not configured. We recommend adding this setting. Falling back to ozone.metadata.dirs instead.
2021-12-17 15:55:48,532 [Listener at 0.0.0.0/13371] INFO  upgrade.AbstractLayoutVersionManager (AbstractLayoutVersionManager.java:init(79)) - Initializing Layout version manager with metadata layout = SCM_HA (version = 2), software layout = SCM_HA (version = 2)
2021-12-17 15:55:48,571 [Listener at 0.0.0.0/13371] INFO  reflections.Reflections (Reflections.java:scan(232)) - Reflections took 38 ms to scan 7 urls, producing 119 keys and 279 values 
2021-12-17 15:55:48,573 [Listener at 0.0.0.0/13371] WARN  utils.HAUtils (HAUtils.java:getMetaDir(342)) - ozone.scm.db.dirs is not configured. We recommend adding this setting. Falling back to ozone.metadata.dirs instead.
2021-12-17 15:55:48,574 [Listener at 0.0.0.0/13371] WARN  db.DBStoreBuilder (DBStoreBuilder.java:applyDBDefinition(145)) - ozone.scm.db.dirs is not configured. We recommend adding this setting. Falling back to ozone.metadata.dirs instead.
2021-12-17 15:55:48,658 [Listener at 0.0.0.0/13371] INFO  net.NodeSchemaLoader (NodeSchemaLoader.java:loadSchemaFromFile(129)) - Loading schema from [jar:file:/home/runner/.m2/repository/org/apache/ozone/hdds-common/1.3.0-SNAPSHOT/hdds-common-1.3.0-SNAPSHOT.jar!/network-topology-default.xml]
2021-12-17 15:55:48,658 [Listener at 0.0.0.0/13371] INFO  net.NodeSchemaLoader (NodeSchemaLoader.java:loadSchema(176)) - Loading network topology layer schema file
2021-12-17 15:55:48,661 [Listener at 0.0.0.0/13371] WARN  impl.MetricRegistriesImpl (MetricRegistriesImpl.java:addReporterRegistration(111)) - New reporters are added after registries were created. Some metrics will be missing from the reporter. Please add reporter before adding any new registry.
2021-12-17 15:55:48,667 [Listener at 0.0.0.0/13371] WARN  impl.MetricRegistriesImpl (MetricRegistriesImpl.java:addReporterRegistration(111)) - New reporters are added after registries were created. Some metrics will be missing from the reporter. Please add reporter before adding any new registry.
2021-12-17 15:55:48,668 [Listener at 0.0.0.0/13371] INFO  ha.SCMRatisServerImpl (SCMRatisServerImpl.java:<init>(87)) - starting Raft server for scm:c4301190-25a1-45f3-9c07-602cb455ff33
2021-12-17 15:55:48,669 [Listener at 0.0.0.0/13371] INFO  server.RaftServer (ConfUtils.java:logGet(44)) - raft.rpc.type = GRPC (default)
2021-12-17 15:55:48,669 [Listener at 0.0.0.0/13371] INFO  grpc.GrpcFactory (GrpcFactory.java:checkPooledByteBufAllocatorUseCacheForAllThreads(48)) - PERFORMANCE WARNING: useCacheForAllThreads is true that may cause Netty to create a lot garbage objects and, as a result, trigger GC.
	It is recommended to disable useCacheForAllThreads by setting -Dorg.apache.ratis.thirdparty.io.netty.allocator.useCacheForAllThreads=false in command line.
2021-12-17 15:55:48,669 [Listener at 0.0.0.0/13371] INFO  grpc.GrpcConfigKeys (ConfUtils.java:logGet(44)) - raft.grpc.admin.port = -1 (default)
2021-12-17 15:55:48,669 [Listener at 0.0.0.0/13371] INFO  grpc.GrpcConfigKeys (ConfUtils.java:logGet(44)) - raft.grpc.server.port = 13378 (custom)
2021-12-17 15:55:48,669 [Listener at 0.0.0.0/13371] INFO  grpc.GrpcConfigKeys (ConfUtils.java:logGet(44)) - raft.grpc.client.port = -1 (default)
2021-12-17 15:55:48,669 [Listener at 0.0.0.0/13371] INFO  grpc.GrpcConfigKeys (ConfUtils.java:logGet(44)) - raft.grpc.server.port = 13378 (custom)
2021-12-17 15:55:48,669 [Listener at 0.0.0.0/13371] INFO  grpc.GrpcConfigKeys (ConfUtils.java:logGet(44)) - raft.grpc.server.port = 13378 (custom)
2021-12-17 15:55:48,670 [Listener at 0.0.0.0/13371] INFO  server.GrpcService (ConfUtils.java:logGet(44)) - raft.grpc.message.size.max = 32m (=33554432) (custom)
2021-12-17 15:55:48,670 [Listener at 0.0.0.0/13371] INFO  server.RaftServerConfigKeys (ConfUtils.java:logGet(44)) - raft.server.log.appender.buffer.byte-limit = 33554432 (custom)
2021-12-17 15:55:48,670 [Listener at 0.0.0.0/13371] INFO  server.GrpcService (ConfUtils.java:logGet(44)) - raft.grpc.flow.control.window = 1MB (=1048576) (default)
2021-12-17 15:55:48,670 [Listener at 0.0.0.0/13371] INFO  server.RaftServerConfigKeys (ConfUtils.java:logGet(44)) - raft.server.rpc.request.timeout = 30000ms (custom)
2021-12-17 15:55:48,671 [Listener at 0.0.0.0/13371] INFO  impl.DataStreamServerImpl (ConfUtils.java:logGet(44)) - raft.datastream.type = DISABLED (default)
2021-12-17 15:55:48,673 [Listener at 0.0.0.0/13371] INFO  server.RaftServerConfigKeys (ConfUtils.java:logGet(44)) - raft.server.rpc.slowness.timeout = 120000ms (custom)
2021-12-17 15:55:48,674 [Listener at 0.0.0.0/13371] INFO  server.RaftServerConfigKeys (ConfUtils.java:logGet(44)) - raft.server.leaderelection.leader.step-down.wait-time = 10s (default)
2021-12-17 15:55:48,676 [Listener at 0.0.0.0/13371] INFO  server.RaftServerConfigKeys (ConfUtils.java:logGet(44)) - raft.server.storage.dir = [/home/runner/work/ozone/ozone/hadoop-ozone/integration-test/target/test-dir/MiniOzoneClusterImpl-5c40dcc8-fe42-479e-8e18-50a5c3d1406a/scmNode-2/scm-ha] (custom)
2021-12-17 15:55:48,677 [Listener at 0.0.0.0/13371] INFO  server.RaftServer (RaftServerProxy.java:addNew(95)) - c4301190-25a1-45f3-9c07-602cb455ff33: addNew group-50A5C3D1406A:[] returns group-50A5C3D1406A:java.util.concurrent.CompletableFuture@4ff5b24d[Not completed]
2021-12-17 15:55:48,678 [pool-38-thread-1] INFO  server.RaftServer$Division (RaftServerImpl.java:<init>(184)) - c4301190-25a1-45f3-9c07-602cb455ff33: new RaftServerImpl for group-50A5C3D1406A:[] with SCMStateMachine:uninitialized
2021-12-17 15:55:48,679 [pool-38-thread-1] INFO  server.RaftServerConfigKeys (ConfUtils.java:logGet(44)) - raft.server.rpc.timeout.min = 5000ms (custom)
2021-12-17 15:55:48,679 [pool-38-thread-1] INFO  server.RaftServerConfigKeys (ConfUtils.java:logGet(44)) - raft.server.rpc.timeout.max = 5200ms (custom)
2021-12-17 15:55:48,679 [pool-38-thread-1] INFO  server.RaftServerConfigKeys (ConfUtils.java:logGet(44)) - raft.server.rpc.sleep.time = 25ms (default)
2021-12-17 15:55:48,679 [pool-38-thread-1] INFO  server.RaftServerConfigKeys (ConfUtils.java:logGet(44)) - raft.server.rpc.slowness.timeout = 120000ms (custom)
2021-12-17 15:55:48,680 [pool-38-thread-1] INFO  server.RaftServerConfigKeys (ConfUtils.java:logGet(44)) - raft.server.leaderelection.leader.step-down.wait-time = 10s (default)
2021-12-17 15:55:48,680 [pool-38-thread-1] INFO  server.RaftServerConfigKeys (ConfUtils.java:logGet(44)) - raft.server.sleep.deviation.threshold = 300ms (default)
2021-12-17 15:55:48,680 [pool-38-thread-1] INFO  server.RaftServerConfigKeys (ConfUtils.java:logGet(44)) - raft.server.log.appender.install.snapshot.enabled = false (custom)
2021-12-17 15:55:48,680 [pool-38-thread-1] INFO  server.RaftServer$Division (ServerState.java:<init>(105)) - c4301190-25a1-45f3-9c07-602cb455ff33@group-50A5C3D1406A: ConfigurationManager, init=-1: [], old=null, confs=<EMPTY_MAP>
2021-12-17 15:55:48,681 [pool-38-thread-1] INFO  server.RaftServerConfigKeys (ConfUtils.java:logGet(44)) - raft.server.storage.dir = [/home/runner/work/ozone/ozone/hadoop-ozone/integration-test/target/test-dir/MiniOzoneClusterImpl-5c40dcc8-fe42-479e-8e18-50a5c3d1406a/scmNode-2/scm-ha] (custom)
2021-12-17 15:55:48,681 [pool-38-thread-1] INFO  server.RaftServerConfigKeys (ConfUtils.java:logGet(44)) - raft.server.log.corruption.policy = EXCEPTION (default)
2021-12-17 15:55:48,681 [pool-38-thread-1] INFO  server.RaftServerConfigKeys (ConfUtils.java:logGet(44)) - raft.server.storage.free-space.min = 0MB (=0) (default)
2021-12-17 15:55:48,681 [pool-38-thread-1] INFO  storage.RaftStorageDirectory (RaftStorageDirectoryImpl.java:analyzeStorage(135)) - The storage directory /home/runner/work/ozone/ozone/hadoop-ozone/integration-test/target/test-dir/MiniOzoneClusterImpl-5c40dcc8-fe42-479e-8e18-50a5c3d1406a/scmNode-2/scm-ha/5c40dcc8-fe42-479e-8e18-50a5c3d1406a does not exist. Creating ...
2021-12-17 15:55:48,682 [pool-38-thread-1] INFO  storage.RaftStorageDirectory (RaftStorageDirectoryImpl.java:tryLock(230)) - Lock on /home/runner/work/ozone/ozone/hadoop-ozone/integration-test/target/test-dir/MiniOzoneClusterImpl-5c40dcc8-fe42-479e-8e18-50a5c3d1406a/scmNode-2/scm-ha/5c40dcc8-fe42-479e-8e18-50a5c3d1406a/in_use.lock acquired by nodename 18230@fv-az297-331
2021-12-17 15:55:48,684 [pool-38-thread-1] INFO  storage.RaftStorage (RaftStorageImpl.java:format(89)) - Storage directory /home/runner/work/ozone/ozone/hadoop-ozone/integration-test/target/test-dir/MiniOzoneClusterImpl-5c40dcc8-fe42-479e-8e18-50a5c3d1406a/scmNode-2/scm-ha/5c40dcc8-fe42-479e-8e18-50a5c3d1406a has been successfully formatted.
2021-12-17 15:55:48,684 [pool-38-thread-1] INFO  server.RaftServerConfigKeys (ConfUtils.java:logGet(44)) - raft.server.notification.no-leader.timeout = 60s (default)
2021-12-17 15:55:48,684 [pool-38-thread-1] INFO  server.RaftServerConfigKeys (ConfUtils.java:logGet(44)) - raft.server.log.use.memory = false (default)
2021-12-17 15:55:48,684 [pool-38-thread-1] INFO  server.RaftServerConfigKeys (ConfUtils.java:logGet(44)) - raft.server.log.purge.gap = 1000000 (custom)
2021-12-17 15:55:48,685 [pool-38-thread-1] INFO  server.RaftServerConfigKeys (ConfUtils.java:logGet(44)) - raft.server.log.appender.buffer.byte-limit = 33554432 (custom)
2021-12-17 15:55:48,685 [pool-38-thread-1] INFO  server.RaftServerConfigKeys (ConfUtils.java:logGet(44)) - raft.server.log.segment.size.max = 4194304 (custom)
2021-12-17 15:55:48,685 [pool-38-thread-1] INFO  server.RaftServerConfigKeys (ConfUtils.java:logGet(44)) - raft.server.log.segment.cache.num.max = 2 (custom)
2021-12-17 15:55:48,686 [pool-38-thread-1] INFO  server.RaftServerConfigKeys (ConfUtils.java:logGet(44)) - raft.server.log.segment.cache.size.max = 200MB (=209715200) (default)
2021-12-17 15:55:48,686 [pool-38-thread-1] INFO  segmented.SegmentedRaftLogWorker (SegmentedRaftLogWorker.java:<init>(182)) - new c4301190-25a1-45f3-9c07-602cb455ff33@group-50A5C3D1406A-SegmentedRaftLogWorker for RaftStorageImpl:Storage Directory /home/runner/work/ozone/ozone/hadoop-ozone/integration-test/target/test-dir/MiniOzoneClusterImpl-5c40dcc8-fe42-479e-8e18-50a5c3d1406a/scmNode-2/scm-ha/5c40dcc8-fe42-479e-8e18-50a5c3d1406a
2021-12-17 15:55:48,686 [pool-38-thread-1] INFO  server.RaftServerConfigKeys (ConfUtils.java:logGet(44)) - raft.server.log.queue.byte-limit = 64MB (=67108864) (default)
2021-12-17 15:55:48,686 [pool-38-thread-1] INFO  server.RaftServerConfigKeys (ConfUtils.java:logGet(44)) - raft.server.log.queue.element-limit = 4096 (default)
2021-12-17 15:55:48,686 [pool-38-thread-1] INFO  server.RaftServerConfigKeys (ConfUtils.java:logGet(44)) - raft.server.log.segment.size.max = 4194304 (custom)
2021-12-17 15:55:48,686 [pool-38-thread-1] INFO  server.RaftServerConfigKeys (ConfUtils.java:logGet(44)) - raft.server.log.preallocated.size = 4194304 (custom)
2021-12-17 15:55:48,686 [pool-38-thread-1] INFO  server.RaftServerConfigKeys (ConfUtils.java:logGet(44)) - raft.server.log.force.sync.num = 128 (default)
2021-12-17 15:55:48,686 [pool-38-thread-1] INFO  server.RaftServerConfigKeys (ConfUtils.java:logGet(44)) - raft.server.log.statemachine.data.sync = true (default)
2021-12-17 15:55:48,686 [pool-38-thread-1] INFO  server.RaftServerConfigKeys (ConfUtils.java:logGet(44)) - raft.server.log.statemachine.data.sync.timeout = 10s (default)
2021-12-17 15:55:48,686 [pool-38-thread-1] INFO  server.RaftServerConfigKeys (ConfUtils.java:logGet(44)) - raft.server.log.statemachine.data.sync.timeout.retry = -1 (default)
2021-12-17 15:55:48,687 [pool-38-thread-1] INFO  server.RaftServerConfigKeys (ConfUtils.java:logGet(44)) - raft.server.log.write.buffer.size = 64KB (=65536) (default)
2021-12-17 15:55:48,687 [pool-38-thread-1] INFO  server.RaftServerConfigKeys (ConfUtils.java:logGet(44)) - raft.server.log.statemachine.data.caching.enabled = false (default)
2021-12-17 15:55:48,688 [pool-38-thread-1] INFO  segmented.SegmentedRaftLogWorker (SegmentedRaftLogWorker.java:lambda$new$0(133)) - c4301190-25a1-45f3-9c07-602cb455ff33@group-50A5C3D1406A-SegmentedRaftLogWorker: flushIndex: setUnconditionally 0 -> -1
2021-12-17 15:55:48,688 [pool-38-thread-1] INFO  segmented.SegmentedRaftLogWorker (SegmentedRaftLogWorker.java:lambda$new$0(133)) - c4301190-25a1-45f3-9c07-602cb455ff33@group-50A5C3D1406A-SegmentedRaftLogWorker: safeCacheEvictIndex: setUnconditionally 0 -> -1
2021-12-17 15:55:48,688 [pool-38-thread-1] INFO  server.RaftServerConfigKeys (ConfUtils.java:logGet(44)) - raft.server.snapshot.auto.trigger.enabled = true (custom)
2021-12-17 15:55:48,688 [pool-38-thread-1] INFO  server.RaftServerConfigKeys (ConfUtils.java:logGet(44)) - raft.server.snapshot.auto.trigger.threshold = 1000 (custom)
2021-12-17 15:55:48,688 [pool-38-thread-1] INFO  server.RaftServerConfigKeys (ConfUtils.java:logGet(44)) - raft.server.snapshot.retention.file.num = -1 (default)
2021-12-17 15:55:48,688 [pool-38-thread-1] INFO  server.RaftServerConfigKeys (ConfUtils.java:logGet(44)) - raft.server.log.purge.upto.snapshot.index = false (default)
2021-12-17 15:55:48,688 [pool-38-thread-1] INFO  server.RaftServerConfigKeys (ConfUtils.java:logGet(44)) - raft.server.retrycache.expirytime = 60000ms (default)
2021-12-17 15:55:48,688 [pool-38-thread-1] INFO  server.RaftServerConfigKeys (ConfUtils.java:logGet(44)) - raft.server.retrycache.statistics.expirytime = 100μs (default)
2021-12-17 15:55:48,690 [Listener at 0.0.0.0/13371] INFO  ha.SCMSnapshotProvider (SCMSnapshotProvider.java:<init>(66)) - Initializing SCM Snapshot Provider
2021-12-17 15:55:48,690 [Listener at 0.0.0.0/13371] WARN  server.ServerUtils (ServerUtils.java:getDefaultRatisDirectory(237)) - Storage directory for Ratis is not configured. It is a good idea to map this to an SSD disk. Falling back to ozone.metadata.dirs
2021-12-17 15:55:48,690 [Listener at 0.0.0.0/13371] WARN  ha.SCMHAUtils (SCMHAUtils.java:getSCMRatisSnapshotDirectory(146)) - SCM snapshot dir is not configured. Falling back to ozone.metadata.dirs config
2021-12-17 15:55:48,692 [Listener at 0.0.0.0/13371] INFO  ha.SequenceIdGenerator (SequenceIdGenerator.java:upgradeToSequenceId(347)) - upgrade localId to 107544261427200000
2021-12-17 15:55:48,692 [Listener at 0.0.0.0/13371] INFO  ha.SequenceIdGenerator (SequenceIdGenerator.java:upgradeToSequenceId(357)) - upgrade delTxnId to 0
2021-12-17 15:55:48,692 [Listener at 0.0.0.0/13371] INFO  ha.SequenceIdGenerator (SequenceIdGenerator.java:upgradeToSequenceId(371)) - upgrade containerId to 0
2021-12-17 15:55:48,692 [Listener at 0.0.0.0/13371] INFO  ha.SequenceIdGenerator (SequenceIdGenerator.java:<init>(218)) - Init the HA SequenceIdGenerator.
2021-12-17 15:55:48,693 [Listener at 0.0.0.0/13371] WARN  server.ServerUtils (ServerUtils.java:sanitizeUserArgs(73)) - ozone.scm.stale.node.interval value = 300000 is larger than max = 100000 based on the key value of ozone.scm.heartbeat.thread.interval, reset to the max value 100000.
2021-12-17 15:55:48,693 [Listener at 0.0.0.0/13371] WARN  server.ServerUtils (ServerUtils.java:sanitizeUserArgs(73)) - ozone.scm.stale.node.interval value = 300000 is larger than max = 100000 based on the key value of ozone.scm.heartbeat.thread.interval, reset to the max value 100000.
2021-12-17 15:55:48,693 [Listener at 0.0.0.0/13371] INFO  node.SCMNodeManager (SCMNodeManager.java:<init>(144)) - Entering startup safe mode.
2021-12-17 15:55:48,694 [Listener at 0.0.0.0/13371] INFO  algorithms.ContainerPlacementPolicyFactory (ContainerPlacementPolicyFactory.java:getPolicy(60)) - Create container placement policy of type org.apache.hadoop.hdds.scm.container.placement.algorithms.SCMContainerPlacementRandom
2021-12-17 15:55:48,694 [Listener at 0.0.0.0/13371] INFO  pipeline.PipelineStateManagerImpl (PipelineStateManagerImpl.java:initialize(78)) - No pipeline exists in current db
2021-12-17 15:55:48,695 [Listener at 0.0.0.0/13371] INFO  algorithms.LeaderChoosePolicyFactory (LeaderChoosePolicyFactory.java:getPolicy(57)) - Create leader choose policy of type org.apache.hadoop.hdds.scm.pipeline.leader.choose.algorithms.MinLeaderCountChoosePolicy
2021-12-17 15:55:48,695 [Listener at 0.0.0.0/13371] INFO  ha.SCMServiceManager (SCMServiceManager.java:register(43)) - Registering service BackgroundPipelineCreator.
2021-12-17 15:55:48,695 [Listener at 0.0.0.0/13371] INFO  pipeline.BackgroundPipelineCreator (BackgroundPipelineCreator.java:start(130)) - Starting RatisPipelineUtilsThread.
2021-12-17 15:55:48,696 [Listener at 0.0.0.0/13371] INFO  algorithms.PipelineChoosePolicyFactory (PipelineChoosePolicyFactory.java:createPipelineChoosePolicyFromClass(73)) - Create pipeline choose policy of type org.apache.hadoop.hdds.scm.pipeline.choose.algorithms.RandomPipelineChoosePolicy
2021-12-17 15:55:48,697 [Listener at 0.0.0.0/13371] INFO  ha.SCMServiceManager (SCMServiceManager.java:register(43)) - Registering service SCMBlockDeletingService.
2021-12-17 15:55:48,697 [Listener at 0.0.0.0/13371] INFO  ha.SCMServiceManager (SCMServiceManager.java:register(43)) - Registering service ReplicationManager.
2021-12-17 15:55:48,697 [Listener at 0.0.0.0/13371] INFO  container.ReplicationManager (ReplicationManager.java:start(319)) - Starting Replication Monitor Thread.
2021-12-17 15:55:48,702 [Listener at 0.0.0.0/13371] INFO  safemode.ContainerSafeModeRule (ContainerSafeModeRule.java:<init>(89)) - containers with one replica threshold count 0
2021-12-17 15:55:48,703 [Listener at 0.0.0.0/13371] INFO  safemode.HealthyPipelineSafeModeRule (HealthyPipelineSafeModeRule.java:initializeRule(156)) - Total pipeline count is 0, healthy pipeline threshold count is 1
2021-12-17 15:55:48,704 [Listener at 0.0.0.0/13371] INFO  safemode.OneReplicaPipelineSafeModeRule (OneReplicaPipelineSafeModeRule.java:initializeRule(180)) - Total pipeline count is 0, pipeline's with at least one datanode reported threshold count is 0
2021-12-17 15:55:48,704 [ReplicationMonitor] INFO  container.ReplicationManager (ReplicationManager.java:processAll(371)) - Replication Monitor Thread took 0 milliseconds for processing 0 containers.
2021-12-17 15:55:48,705 [Listener at 0.0.0.0/13371] INFO  ipc.CallQueueManager (CallQueueManager.java:<init>(90)) - Using callQueue: class java.util.concurrent.LinkedBlockingQueue, queueCapacity: 2000, scheduler: class org.apache.hadoop.ipc.DefaultRpcScheduler, ipcBackoff: false.
2021-12-17 15:55:48,705 [Socket Reader #1 for port 13379] INFO  ipc.Server (Server.java:run(1265)) - Starting Socket Reader #1 for port 13379
2021-12-17 15:55:48,711 [Listener at 0.0.0.0/13379] INFO  ipc.CallQueueManager (CallQueueManager.java:<init>(90)) - Using callQueue: class java.util.concurrent.LinkedBlockingQueue, queueCapacity: 2000, scheduler: class org.apache.hadoop.ipc.DefaultRpcScheduler, ipcBackoff: false.
2021-12-17 15:55:48,712 [Socket Reader #1 for port 13380] INFO  ipc.Server (Server.java:run(1265)) - Starting Socket Reader #1 for port 13380
2021-12-17 15:55:48,713 [Listener at 0.0.0.0/13380] INFO  ipc.CallQueueManager (CallQueueManager.java:<init>(90)) - Using callQueue: class java.util.concurrent.LinkedBlockingQueue, queueCapacity: 2000, scheduler: class org.apache.hadoop.ipc.DefaultRpcScheduler, ipcBackoff: false.
2021-12-17 15:55:48,714 [Socket Reader #1 for port 13381] INFO  ipc.Server (Server.java:run(1265)) - Starting Socket Reader #1 for port 13381
2021-12-17 15:55:48,736 [Listener at 0.0.0.0/13381] INFO  algorithms.ContainerPlacementPolicyFactory (ContainerPlacementPolicyFactory.java:getPolicy(60)) - Create container placement policy of type org.apache.hadoop.hdds.scm.container.placement.algorithms.SCMContainerPlacementRandom
2021-12-17 15:55:48,737 [Listener at 0.0.0.0/13381] INFO  server.StorageContainerManager (StorageContainerManager.java:<init>(388)) - 
Container Balancer status:
Key                            Value
Running                        false
Container Balancer Configuration values:
Key                                                Value
Threshold                                          0.1
Max Datanodes to Involve per Iteration(ratio)      0.2
Max Size to Move per Iteration                     30GB
Max Size Entering Target per Iteration             1GB
Max Size Leaving Source per Iteration              1GB

2021-12-17 15:55:48,737 [Listener at 0.0.0.0/13381] WARN  events.EventQueue (EventQueue.java:fireEvent(194)) - No event handler registered for event TypedEvent{payloadType=SafeModeStatus, name='Safe mode status'}
2021-12-17 15:55:48,738 [Listener at 0.0.0.0/13381] INFO  ha.SCMContext (SCMContext.java:updateSafeModeStatus(211)) - Update SafeModeStatus from SafeModeStatus{safeModeStatus=true, preCheckPassed=false} to SafeModeStatus{safeModeStatus=true, preCheckPassed=false}.
2021-12-17 15:55:48,738 [Listener at 0.0.0.0/13381] INFO  server.StorageContainerManager (StorageContainerManager.java:start(1303)) - StorageContainerLocationProtocol RPC server is listening at /0.0.0.0:13381
2021-12-17 15:55:48,738 [Listener at 0.0.0.0/13381] INFO  ha.SCMRatisServerImpl (SCMRatisServerImpl.java:start(177)) - starting ratis server 0.0.0.0:13378
2021-12-17 15:55:48,739 [Listener at 0.0.0.0/13381] INFO  server.RaftServer$Division (RaftServerImpl.java:start(304)) - c4301190-25a1-45f3-9c07-602cb455ff33@group-50A5C3D1406A: start with initializing state, conf=-1: [], old=null
2021-12-17 15:55:48,739 [Listener at 0.0.0.0/13381] INFO  server.RaftServer$Division (RaftServerImpl.java:setRole(290)) - c4301190-25a1-45f3-9c07-602cb455ff33@group-50A5C3D1406A: changes role from      null to FOLLOWER at term 0 for startInitializing
2021-12-17 15:55:48,739 [Listener at 0.0.0.0/13381] INFO  util.JmxRegister (JmxRegister.java:tryRegister(44)) - Successfully registered JMX Bean with object name Ratis:service=RaftServer,group=group-50A5C3D1406A,id=c4301190-25a1-45f3-9c07-602cb455ff33
2021-12-17 15:55:48,740 [Listener at 0.0.0.0/13381] INFO  server.RaftServer (RaftServerProxy.java:lambda$start$5(374)) - c4301190-25a1-45f3-9c07-602cb455ff33: start RPC server
2021-12-17 15:55:48,742 [Listener at 0.0.0.0/13381] INFO  server.GrpcService (GrpcService.java:startImpl(253)) - c4301190-25a1-45f3-9c07-602cb455ff33: GrpcService started, listening on 13378
2021-12-17 15:55:48,743 [org.apache.ratis.util.JvmPauseMonitor$$Lambda$430/488824865@2c68e8f6] INFO  util.JvmPauseMonitor (JvmPauseMonitor.java:run(103)) - JvmPauseMonitor-c4301190-25a1-45f3-9c07-602cb455ff33: Started
2021-12-17 15:55:48,744 [Listener at 0.0.0.0/13381] INFO  ha.SCMNodeInfo (SCMNodeInfo.java:getPort(197)) - ConfigKey ozone.scm.client.address is deprecated, For configuring different ports for each SCM use PortConfigKey ozone.scm.client.port appended with serviceId and nodeId
2021-12-17 15:55:48,746 [Listener at 0.0.0.0/13381] INFO  ha.SCMNodeInfo (SCMNodeInfo.java:getPort(197)) - ConfigKey ozone.scm.block.client.address is deprecated, For configuring different ports for each SCM use PortConfigKey ozone.scm.block.client.port appended with serviceId and nodeId
2021-12-17 15:55:48,746 [Listener at 0.0.0.0/13381] INFO  ha.SCMNodeInfo (SCMNodeInfo.java:getPort(197)) - ConfigKey ozone.scm.datanode.address is deprecated, For configuring different ports for each SCM use PortConfigKey ozone.scm.datanode.port appended with serviceId and nodeId
2021-12-17 15:55:48,746 [Listener at 0.0.0.0/13381] INFO  ha.SCMNodeInfo (SCMNodeInfo.java:getPort(197)) - ConfigKey ozone.scm.client.address is deprecated, For configuring different ports for each SCM use PortConfigKey ozone.scm.client.port appended with serviceId and nodeId
2021-12-17 15:55:48,746 [Listener at 0.0.0.0/13381] INFO  ha.SCMNodeInfo (SCMNodeInfo.java:getPort(197)) - ConfigKey ozone.scm.block.client.address is deprecated, For configuring different ports for each SCM use PortConfigKey ozone.scm.block.client.port appended with serviceId and nodeId
2021-12-17 15:55:48,746 [Listener at 0.0.0.0/13381] INFO  ha.SCMNodeInfo (SCMNodeInfo.java:getPort(197)) - ConfigKey ozone.scm.datanode.address is deprecated, For configuring different ports for each SCM use PortConfigKey ozone.scm.datanode.port appended with serviceId and nodeId
2021-12-17 15:55:48,746 [Listener at 0.0.0.0/13381] INFO  ha.SCMNodeInfo (SCMNodeInfo.java:getPort(197)) - ConfigKey ozone.scm.client.address is deprecated, For configuring different ports for each SCM use PortConfigKey ozone.scm.client.port appended with serviceId and nodeId
2021-12-17 15:55:48,747 [Listener at 0.0.0.0/13381] INFO  ha.SCMNodeInfo (SCMNodeInfo.java:getPort(197)) - ConfigKey ozone.scm.block.client.address is deprecated, For configuring different ports for each SCM use PortConfigKey ozone.scm.block.client.port appended with serviceId and nodeId
2021-12-17 15:55:48,747 [Listener at 0.0.0.0/13381] INFO  ha.SCMNodeInfo (SCMNodeInfo.java:getPort(197)) - ConfigKey ozone.scm.datanode.address is deprecated, For configuring different ports for each SCM use PortConfigKey ozone.scm.datanode.port appended with serviceId and nodeId
2021-12-17 15:55:48,763 [IPC Server handler 2 on default port 13370] INFO  ha.SCMRatisServerImpl (SCMRatisServerImpl.java:addSCM(291)) - 8bbb6ce4-f340-4649-96fb-203d33e3a68d: Submitting SetConfiguration request to Ratis server with new SCM peers list: [8bbb6ce4-f340-4649-96fb-203d33e3a68d|rpc:localhost:13368|admin:|client:|dataStream:|priority:0, c4301190-25a1-45f3-9c07-602cb455ff33|rpc:localhost:13378|priority:0]
2021-12-17 15:55:48,777 [IPC Server handler 2 on default port 13370] INFO  server.RaftServer$Division (RaftServerImpl.java:setConfigurationAsync(974)) - 8bbb6ce4-f340-4649-96fb-203d33e3a68d@group-50A5C3D1406A: receive setConfiguration SetConfigurationRequest:client-91F89D44829E->8bbb6ce4-f340-4649-96fb-203d33e3a68d@group-50A5C3D1406A, cid=0, seq=0, RW, null, peers:[8bbb6ce4-f340-4649-96fb-203d33e3a68d|rpc:localhost:13368|admin:|client:|dataStream:|priority:0, c4301190-25a1-45f3-9c07-602cb455ff33|rpc:localhost:13378|priority:0]
2021-12-17 15:55:48,778 [IPC Server handler 2 on default port 13370] INFO  server.RaftServer$Division (LeaderStateImpl.java:startSetConfiguration(358)) - 8bbb6ce4-f340-4649-96fb-203d33e3a68d@group-50A5C3D1406A-LeaderStateImpl: startSetConfiguration SetConfigurationRequest:client-91F89D44829E->8bbb6ce4-f340-4649-96fb-203d33e3a68d@group-50A5C3D1406A, cid=0, seq=0, RW, null, peers:[8bbb6ce4-f340-4649-96fb-203d33e3a68d|rpc:localhost:13368|admin:|client:|dataStream:|priority:0, c4301190-25a1-45f3-9c07-602cb455ff33|rpc:localhost:13378|priority:0]
2021-12-17 15:55:48,784 [IPC Server handler 2 on default port 13370] INFO  server.RaftServerConfigKeys (ConfUtils.java:logGet(44)) - raft.server.log.appender.snapshot.chunk.size.max = 16MB (=16777216) (default)
2021-12-17 15:55:48,784 [IPC Server handler 2 on default port 13370] INFO  server.RaftServerConfigKeys (ConfUtils.java:logGet(44)) - raft.server.log.appender.buffer.byte-limit = 33554432 (custom)
2021-12-17 15:55:48,785 [IPC Server handler 2 on default port 13370] INFO  server.RaftServerConfigKeys (ConfUtils.java:logGet(44)) - raft.server.log.appender.buffer.element-limit = 1024 (custom)
2021-12-17 15:55:48,788 [IPC Server handler 2 on default port 13370] INFO  grpc.GrpcConfigKeys (ConfUtils.java:logGet(44)) - raft.grpc.server.leader.outstanding.appends.max = 128 (default)
2021-12-17 15:55:48,789 [IPC Server handler 2 on default port 13370] INFO  server.RaftServerConfigKeys (ConfUtils.java:logGet(44)) - raft.server.rpc.request.timeout = 30000ms (custom)
2021-12-17 15:55:48,790 [IPC Server handler 2 on default port 13370] INFO  server.RaftServerConfigKeys (ConfUtils.java:logGet(44)) - raft.server.log.appender.install.snapshot.enabled = false (custom)
2021-12-17 15:55:48,796 [8bbb6ce4-f340-4649-96fb-203d33e3a68d@group-50A5C3D1406A->c4301190-25a1-45f3-9c07-602cb455ff33-GrpcLogAppender-LogAppenderDaemon] INFO  server.GrpcLogAppender (GrpcLogAppender.java:installSnapshot(550)) - 8bbb6ce4-f340-4649-96fb-203d33e3a68d@group-50A5C3D1406A->c4301190-25a1-45f3-9c07-602cb455ff33-GrpcLogAppender: followerNextIndex = 0 but logStartIndex = 0, notify follower to install snapshot-(t:2, i:2)
2021-12-17 15:55:48,816 [8bbb6ce4-f340-4649-96fb-203d33e3a68d@group-50A5C3D1406A->c4301190-25a1-45f3-9c07-602cb455ff33-GrpcLogAppender-LogAppenderDaemon] INFO  server.GrpcLogAppender (GrpcLogAppender.java:installSnapshot(558)) - 8bbb6ce4-f340-4649-96fb-203d33e3a68d@group-50A5C3D1406A->c4301190-25a1-45f3-9c07-602cb455ff33-GrpcLogAppender: send 8bbb6ce4-f340-4649-96fb-203d33e3a68d->c4301190-25a1-45f3-9c07-602cb455ff33#0-t2,notify:(t:2, i:2)
2021-12-17 15:55:49,204 [grpc-default-executor-0] INFO  server.RaftServer$Division (RaftServerImpl.java:installSnapshot(1332)) - c4301190-25a1-45f3-9c07-602cb455ff33@group-50A5C3D1406A: receive installSnapshot: 8bbb6ce4-f340-4649-96fb-203d33e3a68d->c4301190-25a1-45f3-9c07-602cb455ff33#0-t2,notify:(t:2, i:2)
2021-12-17 15:55:49,207 [grpc-default-executor-0] INFO  ha.SCMStateMachine (SCMStateMachine.java:notifyLeaderChanged(255)) - leader changed, yet current SCM is still follower.
2021-12-17 15:55:49,208 [grpc-default-executor-0] INFO  server.RaftServer$Division (ServerState.java:setLeader(285)) - c4301190-25a1-45f3-9c07-602cb455ff33@group-50A5C3D1406A: change Leader from null to 8bbb6ce4-f340-4649-96fb-203d33e3a68d at term 2 for installSnapshot, leader elected after 522ms
2021-12-17 15:55:49,209 [grpc-default-executor-0] INFO  server.RaftServer$Division (RaftServerImpl.java:notifyStateMachineToInstallSnapshot(1551)) - c4301190-25a1-45f3-9c07-602cb455ff33@group-50A5C3D1406A: Received notification to install snapshot at index 2
2021-12-17 15:55:49,212 [grpc-default-executor-0] INFO  server.RaftServer$Division (RaftServerImpl.java:notifyStateMachineToInstallSnapshot(1582)) - c4301190-25a1-45f3-9c07-602cb455ff33@group-50A5C3D1406A: notifyInstallSnapshot: nextIndex is 0 but the leader's first available index is 2.
2021-12-17 15:55:49,212 [grpc-default-executor-0] INFO  ha.SCMStateMachine (SCMStateMachine.java:notifyInstallSnapshotFromLeader(219)) - Received install snapshot notification from SCM leader: localhost:13368 with term index: (t:2, i:2)
2021-12-17 15:55:49,213 [pool-39-thread-1] INFO  ha.SCMHAManagerImpl (SCMHAManagerImpl.java:getDBCheckpointFromLeader(206)) - Downloading checkpoint from leader SCM scmNode-1 and reloading state from the checkpoint.
2021-12-17 15:55:49,242 [grpc-default-executor-1] INFO  ha.SCMDBCheckpointProvider (SCMDBCheckpointProvider.java:writeDBCheckPointToSream(48)) - Received request to obtain SCM DB checkpoint snapshot
2021-12-17 15:55:49,257 [grpc-default-executor-1] INFO  db.RDBCheckpointManager (RDBCheckpointManager.java:createCheckpoint(86)) - Created checkpoint at /home/runner/work/ozone/ozone/hadoop-ozone/integration-test/target/test-dir/MiniOzoneClusterImpl-5c40dcc8-fe42-479e-8e18-50a5c3d1406a/scmNode-1/db.checkpoints/scm.db_checkpoint_1639756549243 in 14 milliseconds
2021-12-17 15:55:49,299 [grpc-default-executor-1] INFO  ha.SCMGrpcOutputStream (SCMGrpcOutputStream.java:close(111)) - Sent 4421 bytes for cluster 5c40dcc8-fe42-479e-8e18-50a5c3d1406a
2021-12-17 15:55:49,304 [grpc-default-executor-2] INFO  ha.InterSCMGrpcClient (InterSCMGrpcClient.java:onCompleted(173)) - Checkpoint is downloaded to /home/runner/work/ozone/ozone/hadoop-ozone/integration-test/target/test-dir/MiniOzoneClusterImpl-5c40dcc8-fe42-479e-8e18-50a5c3d1406a/scmNode-2/snapshot/scm.db-scmNode-1-1639756549217.tar.gz
2021-12-17 15:55:49,305 [grpc-default-executor-1] INFO  ha.SCMDBCheckpointProvider (SCMDBCheckpointProvider.java:writeDBCheckPointToSream(73)) - Time taken to write the checkpoint to response output stream: 46 milliseconds
2021-12-17 15:55:49,305 [grpc-default-executor-1] INFO  db.RocksDBCheckpoint (RocksDBCheckpoint.java:cleanupCheckpoint(78)) - Cleaning up RocksDB checkpoint at /home/runner/work/ozone/ozone/hadoop-ozone/integration-test/target/test-dir/MiniOzoneClusterImpl-5c40dcc8-fe42-479e-8e18-50a5c3d1406a/scmNode-1/db.checkpoints/scm.db_checkpoint_1639756549243
2021-12-17 15:55:49,335 [pool-39-thread-1] INFO  ha.SCMSnapshotProvider (SCMSnapshotProvider.java:getSCMDBSnapshot(131)) - Successfully downloaded latest checkpoint from leader SCM: scmNode-1 path /home/runner/work/ozone/ozone/hadoop-ozone/integration-test/target/test-dir/MiniOzoneClusterImpl-5c40dcc8-fe42-479e-8e18-50a5c3d1406a/scmNode-2/snapshot/scm.db-scmNode-1-1639756549217
2021-12-17 15:55:49,336 [pool-39-thread-1] INFO  ha.SCMHAManagerImpl (SCMHAManagerImpl.java:downloadCheckpointFromLeader(158)) - Downloaded checkpoint from Leader scmNode-1 to the location /home/runner/work/ozone/ozone/hadoop-ozone/integration-test/target/test-dir/MiniOzoneClusterImpl-5c40dcc8-fe42-479e-8e18-50a5c3d1406a/scmNode-2/snapshot/scm.db-scmNode-1-1639756549217
2021-12-17 15:55:49,370 [pool-39-thread-1] INFO  ha.SCMHAManagerImpl (SCMHAManagerImpl.java:verifyCheckpointFromLeader(172)) - Installing checkpoint with SCMTransactionInfo 2#2
2021-12-17 15:55:49,370 [pool-39-thread-1] INFO  server.RaftServer$Division (RaftServerImpl.java:lambda$notifyStateMachineToInstallSnapshot$30(1595)) - c4301190-25a1-45f3-9c07-602cb455ff33@group-50A5C3D1406A: StateMachine successfully installed snapshot index 2. Reloading the StateMachine.
2021-12-17 15:55:49,371 [pool-39-thread-1] INFO  segmented.SegmentedRaftLogWorker (SegmentedRaftLogWorker.java:lambda$new$0(133)) - c4301190-25a1-45f3-9c07-602cb455ff33@group-50A5C3D1406A-SegmentedRaftLogWorker: flushIndex: setUnconditionally -1 -> 2
2021-12-17 15:55:49,371 [pool-39-thread-1] INFO  segmented.SegmentedRaftLogWorker (SegmentedRaftLogWorker.java:lambda$new$0(133)) - c4301190-25a1-45f3-9c07-602cb455ff33@group-50A5C3D1406A-SegmentedRaftLogWorker: safeCacheEvictIndex: setUnconditionally -1 -> 2
2021-12-17 15:55:49,371 [pool-39-thread-1] INFO  raftlog.RaftLog (RaftLogBase.java:lambda$new$0(53)) - c4301190-25a1-45f3-9c07-602cb455ff33@group-50A5C3D1406A-SegmentedRaftLog: snapshotIndex: updateIncreasingly -1 -> 2
2021-12-17 15:55:49,377 [grpc-default-executor-0] INFO  server.RaftServer$Division (RaftServerImpl.java:notifyStateMachineToInstallSnapshot(1638)) - c4301190-25a1-45f3-9c07-602cb455ff33@group-50A5C3D1406A: InstallSnapshot notification result: SNAPSHOT_INSTALLED, at index: 2
2021-12-17 15:55:49,460 [grpc-default-executor-0] INFO  server.RaftServer$Division (RaftServerImpl.java:installSnapshotImpl(1462)) - c4301190-25a1-45f3-9c07-602cb455ff33@group-50A5C3D1406A: set new configuration index: 1
configurationEntry {
  peers {
    id: "8bbb6ce4-f340-4649-96fb-203d33e3a68d"
    address: "localhost:13368"
  }
}
 from snapshot
2021-12-17 15:55:49,461 [grpc-default-executor-0] INFO  server.RaftServer$Division (ServerState.java:setRaftConf(387)) - c4301190-25a1-45f3-9c07-602cb455ff33@group-50A5C3D1406A: set configuration 1: [8bbb6ce4-f340-4649-96fb-203d33e3a68d|rpc:localhost:13368|admin:|client:|dataStream:|priority:0], old=null
2021-12-17 15:55:49,462 [grpc-default-executor-0] INFO  server.RaftServer$Division (RaftServerImpl.java:installSnapshot(1343)) - c4301190-25a1-45f3-9c07-602cb455ff33@group-50A5C3D1406A: reply installSnapshot: 8bbb6ce4-f340-4649-96fb-203d33e3a68d<-c4301190-25a1-45f3-9c07-602cb455ff33#0:FAIL-t0,SNAPSHOT_INSTALLED,snapshotIndex=2
2021-12-17 15:55:49,466 [grpc-default-executor-1] INFO  server.GrpcLogAppender (GrpcLogAppender.java:onNext(410)) - 8bbb6ce4-f340-4649-96fb-203d33e3a68d@group-50A5C3D1406A->c4301190-25a1-45f3-9c07-602cb455ff33-InstallSnapshotResponseHandler: received the first reply 8bbb6ce4-f340-4649-96fb-203d33e3a68d<-c4301190-25a1-45f3-9c07-602cb455ff33#0:FAIL-t0,SNAPSHOT_INSTALLED,snapshotIndex=2
2021-12-17 15:55:49,468 [grpc-default-executor-1] INFO  server.GrpcLogAppender (GrpcLogAppender.java:onNext(450)) - 8bbb6ce4-f340-4649-96fb-203d33e3a68d@group-50A5C3D1406A->c4301190-25a1-45f3-9c07-602cb455ff33-InstallSnapshotResponseHandler: Follower installed snapshot at index 2
2021-12-17 15:55:49,468 [grpc-default-executor-1] INFO  leader.FollowerInfo (FollowerInfoImpl.java:lambda$new$0(47)) - 8bbb6ce4-f340-4649-96fb-203d33e3a68d@group-50A5C3D1406A->c4301190-25a1-45f3-9c07-602cb455ff33: snapshotIndex: setUnconditionally 0 -> 2
2021-12-17 15:55:49,468 [grpc-default-executor-1] INFO  leader.FollowerInfo (FollowerInfoImpl.java:lambda$new$0(47)) - 8bbb6ce4-f340-4649-96fb-203d33e3a68d@group-50A5C3D1406A->c4301190-25a1-45f3-9c07-602cb455ff33: matchIndex: setUnconditionally 0 -> 2
2021-12-17 15:55:49,468 [grpc-default-executor-1] INFO  leader.FollowerInfo (FollowerInfoImpl.java:lambda$new$0(47)) - 8bbb6ce4-f340-4649-96fb-203d33e3a68d@group-50A5C3D1406A->c4301190-25a1-45f3-9c07-602cb455ff33: nextIndex: setUnconditionally 0 -> 3
2021-12-17 15:55:49,469 [grpc-default-executor-1] INFO  leader.FollowerInfo (FollowerInfoImpl.java:setAttemptedToInstallSnapshot(116)) - Follower 8bbb6ce4-f340-4649-96fb-203d33e3a68d@group-50A5C3D1406A->c4301190-25a1-45f3-9c07-602cb455ff33 acknowledged installing snapshot
2021-12-17 15:55:49,469 [grpc-default-executor-1] INFO  leader.FollowerInfo (FollowerInfoImpl.java:lambda$new$0(47)) - 8bbb6ce4-f340-4649-96fb-203d33e3a68d@group-50A5C3D1406A->c4301190-25a1-45f3-9c07-602cb455ff33: nextIndex: updateToMax old=3, new=3, updated? false
2021-12-17 15:55:49,470 [grpc-default-executor-0] INFO  server.GrpcServerProtocolService (GrpcServerProtocolService.java:onCompleted(140)) - c4301190-25a1-45f3-9c07-602cb455ff33: Completed INSTALL_SNAPSHOT, lastRequest: 8bbb6ce4-f340-4649-96fb-203d33e3a68d->c4301190-25a1-45f3-9c07-602cb455ff33#0-t2,notify:(t:2, i:2)
2021-12-17 15:55:49,591 [c4301190-25a1-45f3-9c07-602cb455ff33@group-50A5C3D1406A-StateMachineUpdater] INFO  ha.SCMHAManagerImpl (SCMHAManagerImpl.java:installCheckpoint(227)) - Installing checkpoint with SCMTransactionInfo 2#2
2021-12-17 15:55:49,592 [c4301190-25a1-45f3-9c07-602cb455ff33@group-50A5C3D1406A-StateMachineUpdater] INFO  ha.SCMHAManagerImpl (SCMHAManagerImpl.java:installCheckpoint(266)) - Replaced DB with checkpoint, term: 2, index: 2
2021-12-17 15:55:49,592 [c4301190-25a1-45f3-9c07-602cb455ff33@group-50A5C3D1406A-StateMachineUpdater] WARN  utils.HAUtils (HAUtils.java:getMetaDir(342)) - ozone.scm.db.dirs is not configured. We recommend adding this setting. Falling back to ozone.metadata.dirs instead.
2021-12-17 15:55:49,602 [grpc-default-executor-2] INFO  impl.RoleInfo (RoleInfo.java:updateAndGet(130)) - c4301190-25a1-45f3-9c07-602cb455ff33: start c4301190-25a1-45f3-9c07-602cb455ff33@group-50A5C3D1406A-FollowerState
2021-12-17 15:55:49,601 [c4301190-25a1-45f3-9c07-602cb455ff33@group-50A5C3D1406A-StateMachineUpdater] WARN  db.DBStoreBuilder (DBStoreBuilder.java:applyDBDefinition(145)) - ozone.scm.db.dirs is not configured. We recommend adding this setting. Falling back to ozone.metadata.dirs instead.
2021-12-17 15:55:49,636 [c4301190-25a1-45f3-9c07-602cb455ff33@group-50A5C3D1406A-StateMachineUpdater] INFO  ha.SequenceIdGenerator (SequenceIdGenerator.java:reinitialize(166)) - reinitialize SequenceIdGenerator.
2021-12-17 15:55:49,642 [c4301190-25a1-45f3-9c07-602cb455ff33@group-50A5C3D1406A-StateMachineUpdater] INFO  pipeline.PipelineStateManagerImpl (PipelineStateManagerImpl.java:initialize(78)) - No pipeline exists in current db
2021-12-17 15:55:49,643 [c4301190-25a1-45f3-9c07-602cb455ff33@group-50A5C3D1406A-StateMachineUpdater] INFO  ha.SCMHAManagerImpl (SCMHAManagerImpl.java:installCheckpoint(277)) - Reloaded SCM state with Term: 2 and Index: 2
2021-12-17 15:55:49,646 [c4301190-25a1-45f3-9c07-602cb455ff33@group-50A5C3D1406A-StateMachineUpdater] INFO  impl.StateMachineUpdater (StateMachineUpdater.java:lambda$new$0(89)) - c4301190-25a1-45f3-9c07-602cb455ff33@group-50A5C3D1406A-StateMachineUpdater: snapshotIndex: setUnconditionally -1 -> 2
2021-12-17 15:55:49,646 [c4301190-25a1-45f3-9c07-602cb455ff33@group-50A5C3D1406A-StateMachineUpdater] INFO  impl.StateMachineUpdater (StateMachineUpdater.java:lambda$new$0(89)) - c4301190-25a1-45f3-9c07-602cb455ff33@group-50A5C3D1406A-StateMachineUpdater: appliedIndex: setUnconditionally -1 -> 2
2021-12-17 15:55:51,991 [8bbb6ce4-f340-4649-96fb-203d33e3a68d@group-50A5C3D1406A-LeaderStateImpl] INFO  server.RaftServer$Division (ServerState.java:setRaftConf(387)) - 8bbb6ce4-f340-4649-96fb-203d33e3a68d@group-50A5C3D1406A: set configuration 3: [c4301190-25a1-45f3-9c07-602cb455ff33|rpc:localhost:13378|priority:0, 8bbb6ce4-f340-4649-96fb-203d33e3a68d|rpc:localhost:13368|admin:|client:|dataStream:|priority:0], old=[8bbb6ce4-f340-4649-96fb-203d33e3a68d|rpc:localhost:13368|admin:|client:|dataStream:|priority:0]
2021-12-17 15:55:51,999 [grpc-default-executor-2] INFO  server.RaftServer$Division (ServerState.java:setRaftConf(387)) - c4301190-25a1-45f3-9c07-602cb455ff33@group-50A5C3D1406A: set configuration 3: [c4301190-25a1-45f3-9c07-602cb455ff33|rpc:localhost:13378|admin:|client:|dataStream:|priority:0, 8bbb6ce4-f340-4649-96fb-203d33e3a68d|rpc:localhost:13368|admin:|client:|dataStream:|priority:0], old=[8bbb6ce4-f340-4649-96fb-203d33e3a68d|rpc:localhost:13368|admin:|client:|dataStream:|priority:0]
2021-12-17 15:55:51,999 [grpc-default-executor-2] INFO  segmented.SegmentedRaftLogWorker (SegmentedRaftLogWorker.java:startLogSegment(394)) - c4301190-25a1-45f3-9c07-602cb455ff33@group-50A5C3D1406A-SegmentedRaftLogWorker: Starting segment from index:3
2021-12-17 15:55:52,009 [c4301190-25a1-45f3-9c07-602cb455ff33@group-50A5C3D1406A-SegmentedRaftLogWorker] INFO  segmented.SegmentedRaftLogWorker (SegmentedRaftLogWorker.java:execute(601)) - c4301190-25a1-45f3-9c07-602cb455ff33@group-50A5C3D1406A-SegmentedRaftLogWorker: created new log segment /home/runner/work/ozone/ozone/hadoop-ozone/integration-test/target/test-dir/MiniOzoneClusterImpl-5c40dcc8-fe42-479e-8e18-50a5c3d1406a/scmNode-2/scm-ha/5c40dcc8-fe42-479e-8e18-50a5c3d1406a/current/log_inprogress_3
2021-12-17 15:55:52,020 [8bbb6ce4-f340-4649-96fb-203d33e3a68d@group-50A5C3D1406A-LeaderStateImpl] INFO  server.RaftServer$Division (ServerState.java:setRaftConf(387)) - 8bbb6ce4-f340-4649-96fb-203d33e3a68d@group-50A5C3D1406A: set configuration 5: [c4301190-25a1-45f3-9c07-602cb455ff33|rpc:localhost:13378|priority:0, 8bbb6ce4-f340-4649-96fb-203d33e3a68d|rpc:localhost:13368|admin:|client:|dataStream:|priority:0], old=null
2021-12-17 15:55:52,025 [grpc-default-executor-2] INFO  server.RaftServer$Division (ServerState.java:setRaftConf(387)) - c4301190-25a1-45f3-9c07-602cb455ff33@group-50A5C3D1406A: set configuration 5: [c4301190-25a1-45f3-9c07-602cb455ff33|rpc:localhost:13378|admin:|client:|dataStream:|priority:0, 8bbb6ce4-f340-4649-96fb-203d33e3a68d|rpc:localhost:13368|admin:|client:|dataStream:|priority:0], old=null
2021-12-17 15:55:52,030 [c4301190-25a1-45f3-9c07-602cb455ff33@group-50A5C3D1406A-StateMachineUpdater] INFO  safemode.HealthyPipelineSafeModeRule (HealthyPipelineSafeModeRule.java:initializeRule(152)) - Refreshed total pipeline count is 0, healthy pipeline threshold count is 1
2021-12-17 15:55:52,030 [c4301190-25a1-45f3-9c07-602cb455ff33@group-50A5C3D1406A-StateMachineUpdater] INFO  safemode.ContainerSafeModeRule (ContainerSafeModeRule.java:reInitializeRule(177)) - Refreshed one replica container threshold 0, currentThreshold 0
2021-12-17 15:55:52,030 [c4301190-25a1-45f3-9c07-602cb455ff33@group-50A5C3D1406A-StateMachineUpdater] INFO  safemode.OneReplicaPipelineSafeModeRule (OneReplicaPipelineSafeModeRule.java:initializeRule(176)) - Refreshed Total pipeline count is 0, pipeline's with at least one datanode reported threshold count is 0
2021-12-17 15:55:52,030 [c4301190-25a1-45f3-9c07-602cb455ff33@group-50A5C3D1406A-StateMachineUpdater] INFO  server.SCMDatanodeProtocolServer (SCMDatanodeProtocolServer.java:start(181)) - RPC server for DataNodes is listening at /0.0.0.0:13379
2021-12-17 15:55:52,043 [IPC Server handler 2 on default port 13370] INFO  ha.SCMRatisServerImpl (SCMRatisServerImpl.java:addSCM(302)) - Successfully added new SCM: c4301190-25a1-45f3-9c07-602cb455ff33.
2021-12-17 15:55:52,050 [IPC Server listener on 13379] INFO  ipc.Server (Server.java:run(1344)) - IPC Server listener on 13379: starting
2021-12-17 15:55:52,051 [Listener at 0.0.0.0/13381] INFO  ha.SCMHAManagerImpl (SCMHAManagerImpl.java:start(116)) - Successfully added SCM scmNode-2 to group group-50A5C3D1406A:[c4301190-25a1-45f3-9c07-602cb455ff33|rpc:localhost:13378|admin:|client:|dataStream:|priority:0, 8bbb6ce4-f340-4649-96fb-203d33e3a68d|rpc:localhost:13368|admin:|client:|dataStream:|priority:0]
2021-12-17 15:55:52,051 [Listener at 0.0.0.0/13381] INFO  ha.InterSCMGrpcService (InterSCMGrpcProtocolService.java:start(94)) - Starting SCM Grpc Service at port 13382
2021-12-17 15:55:52,051 [IPC Server Responder] INFO  ipc.Server (Server.java:run(1507)) - IPC Server Responder: starting
2021-12-17 15:55:52,058 [Listener at 0.0.0.0/13381] INFO  impl.MetricsSystemImpl (MetricsSystemImpl.java:init(158)) - StorageContainerManager metrics system started (again)
2021-12-17 15:55:52,078 [Listener at 0.0.0.0/13381] INFO  server.SCMClientProtocolServer (SCMClientProtocolServer.java:start(164)) - RPC server for Client  is listening at /0.0.0.0:13381
2021-12-17 15:55:52,082 [IPC Server Responder] INFO  ipc.Server (Server.java:run(1507)) - IPC Server Responder: starting
2021-12-17 15:55:52,082 [IPC Server listener on 13381] INFO  ipc.Server (Server.java:run(1344)) - IPC Server listener on 13381: starting
2021-12-17 15:55:52,090 [Listener at 0.0.0.0/13381] INFO  server.StorageContainerManager (StorageContainerManager.java:start(1318)) - ScmBlockLocationProtocol RPC server is listening at /0.0.0.0:13380
2021-12-17 15:55:52,091 [Listener at 0.0.0.0/13381] INFO  server.SCMBlockProtocolServer (SCMBlockProtocolServer.java:start(151)) - RPC server for Block Protocol is listening at /0.0.0.0:13380
2021-12-17 15:55:52,091 [IPC Server Responder] INFO  ipc.Server (Server.java:run(1507)) - IPC Server Responder: starting
2021-12-17 15:55:52,092 [IPC Server listener on 13380] INFO  ipc.Server (Server.java:run(1344)) - IPC Server listener on 13380: starting
2021-12-17 15:55:52,099 [Listener at 0.0.0.0/13381] INFO  server.StorageContainerManager (StorageContainerManager.java:start(1324)) - ScmDatanodeProtocl RPC server is listening at /0.0.0.0:13379
2021-12-17 15:55:52,099 [org.apache.hadoop.util.JvmPauseMonitor$Monitor@451b38a2] INFO  util.JvmPauseMonitor (JvmPauseMonitor.java:run(188)) - Starting JVM pause monitor
2021-12-17 15:55:52,100 [Listener at 0.0.0.0/13381] INFO  http.BaseHttpServer (BaseHttpServer.java:newHttpServer2BuilderForOzone(209)) - Starting Web-server for scm at: http://0.0.0.0:13376
2021-12-17 15:55:52,101 [Listener at 0.0.0.0/13381] INFO  http.BaseHttpServer (BaseHttpServer.java:<init>(107)) - Hadoop Security Enabled: false Ozone Security Enabled: false Ozone HTTP Security Enabled: false 
2021-12-17 15:55:52,102 [Listener at 0.0.0.0/13381] INFO  server.AuthenticationFilter (AuthenticationFilter.java:constructSecretProvider(240)) - Unable to initialize FileSignerSecretProvider, falling back to use random secrets.
2021-12-17 15:55:52,102 [Listener at 0.0.0.0/13381] WARN  http.HttpRequestLog (HttpRequestLog.java:getRequestLog(103)) - Jetty request log can only be enabled using Log4j
2021-12-17 15:55:52,103 [Listener at 0.0.0.0/13381] INFO  http.HttpServer2 (HttpServer2.java:addGlobalFilter(1030)) - Added global filter 'safety' (class=org.apache.hadoop.hdds.server.http.HttpServer2$QuotingInputFilter)
2021-12-17 15:55:52,104 [Listener at 0.0.0.0/13381] INFO  http.HttpServer2 (HttpServer2.java:addFilter(1006)) - Added filter static_user_filter (class=org.apache.hadoop.http.lib.StaticUserWebFilter$StaticUserFilter) to context scm
2021-12-17 15:55:52,104 [Listener at 0.0.0.0/13381] INFO  http.HttpServer2 (HttpServer2.java:addFilter(1014)) - Added filter static_user_filter (class=org.apache.hadoop.http.lib.StaticUserWebFilter$StaticUserFilter) to context static
2021-12-17 15:55:52,105 [Listener at 0.0.0.0/13381] INFO  http.HttpServer2 (HttpServer2.java:addFilter(1014)) - Added filter static_user_filter (class=org.apache.hadoop.http.lib.StaticUserWebFilter$StaticUserFilter) to context logs
2021-12-17 15:55:52,105 [Listener at 0.0.0.0/13381] INFO  http.HttpServer2 (HttpServer2.java:bindListener(1249)) - Jetty bound to port 13376
2021-12-17 15:55:52,105 [Listener at 0.0.0.0/13381] INFO  server.Server (Server.java:doStart(375)) - jetty-9.4.43.v20210629; built: 2021-06-30T11:07:22.254Z; git: 526006ecfa3af7f1a27ef3a288e2bef7ea9dd7e8; jvm 1.8.0_292-b10
2021-12-17 15:55:52,108 [Listener at 0.0.0.0/13381] INFO  server.session (DefaultSessionIdManager.java:doStart(334)) - DefaultSessionIdManager workerName=node0
2021-12-17 15:55:52,108 [Listener at 0.0.0.0/13381] INFO  server.session (DefaultSessionIdManager.java:doStart(339)) - No SessionScavenger set, using defaults
2021-12-17 15:55:52,109 [Listener at 0.0.0.0/13381] INFO  server.session (HouseKeeper.java:startScavenging(132)) - node0 Scavenging every 600000ms
2021-12-17 15:55:52,109 [Listener at 0.0.0.0/13381] INFO  handler.ContextHandler (ContextHandler.java:doStart(915)) - Started o.e.j.s.ServletContextHandler@9e4c30b{logs,/logs,file:///home/runner/work/ozone/ozone/hadoop-ozone/integration-test/target/log,AVAILABLE}
2021-12-17 15:55:52,110 [Listener at 0.0.0.0/13381] INFO  handler.ContextHandler (ContextHandler.java:doStart(915)) - Started o.e.j.s.ServletContextHandler@6b645d77{static,/static,file:///home/runner/work/ozone/ozone/hadoop-ozone/integration-test/target/test-classes/webapps/static,AVAILABLE}
2021-12-17 15:55:52,113 [Listener at 0.0.0.0/13381] INFO  handler.ContextHandler (ContextHandler.java:doStart(915)) - Started o.e.j.w.WebAppContext@958a618{scm,/,file:///home/runner/work/ozone/ozone/hadoop-ozone/integration-test/target/test-classes/webapps/scm/,AVAILABLE}{file:/home/runner/work/ozone/ozone/hadoop-ozone/integration-test/target/test-classes/webapps/scm}
2021-12-17 15:55:52,114 [Listener at 0.0.0.0/13381] INFO  server.AbstractConnector (AbstractConnector.java:doStart(331)) - Started ServerConnector@7623943f{HTTP/1.1, (http/1.1)}{0.0.0.0:13376}
2021-12-17 15:55:52,114 [Listener at 0.0.0.0/13381] INFO  server.Server (Server.java:doStart(415)) - Started @20628ms
2021-12-17 15:55:52,115 [Listener at 0.0.0.0/13381] WARN  impl.MetricsSystemImpl (MetricsSystemImpl.java:register(279)) - Sink prometheus already exists!
2021-12-17 15:55:52,115 [Listener at 0.0.0.0/13381] INFO  http.BaseHttpServer (BaseHttpServer.java:updateConnectorAddress(329)) - HTTP server of scm listening at http://0.0.0.0:13376
2021-12-17 15:55:52,115 [Listener at 0.0.0.0/13381] INFO  ozone.MiniOzoneHAClusterImpl (MiniOzoneHAClusterImpl.java:createSCMService(577)) - Started SCM RPC server at org.apache.hadoop.hdds.scm.server.SCMClientProtocolServer@58c3d004
2021-12-17 15:55:52,116 [Listener at 0.0.0.0/13381] INFO  ha.SCMHANodeDetails (SCMHANodeDetails.java:loadSCMHAConfig(157)) - ServiceID for StorageContainerManager is scmServiceId
2021-12-17 15:55:52,116 [Listener at 0.0.0.0/13381] INFO  ha.SCMHANodeDetails (SCMHANodeDetails.java:loadSCMHAConfig(168)) - ServiceID for StorageContainerManager is scmServiceId
2021-12-17 15:55:52,116 [Listener at 0.0.0.0/13381] WARN  scm.ScmUtils (ScmUtils.java:logWarn(179)) - ConfigKey ozone.scm.block.client.address is deprecated, For configuring different ports for each SCM use PortConfigKey ozone.scm.block.client.port appended with serviceId and nodeId. If want to configure same port configure ozone.scm.block.client.port
2021-12-17 15:55:52,116 [Listener at 0.0.0.0/13381] WARN  scm.ScmUtils (ScmUtils.java:logWarn(179)) - ConfigKey ozone.scm.client.address is deprecated, For configuring different ports for each SCM use PortConfigKey ozone.scm.client.port appended with serviceId and nodeId. If want to configure same port configure ozone.scm.client.port
2021-12-17 15:55:52,116 [Listener at 0.0.0.0/13381] WARN  scm.ScmUtils (ScmUtils.java:logWarn(179)) - ConfigKey ozone.scm.datanode.address is deprecated, For configuring different ports for each SCM use PortConfigKey ozone.scm.datanode.port appended with serviceId and nodeId. If want to configure same port configure ozone.scm.datanode.port
2021-12-17 15:55:52,117 [Listener at 0.0.0.0/13381] WARN  scm.ScmUtils (ScmUtils.java:logWarn(179)) - ConfigKey ozone.scm.block.client.address is deprecated, For configuring different ports for each SCM use PortConfigKey ozone.scm.block.client.port appended with serviceId and nodeId. If want to configure same port configure ozone.scm.block.client.port
2021-12-17 15:55:52,117 [Listener at 0.0.0.0/13381] WARN  scm.ScmUtils (ScmUtils.java:logWarn(179)) - ConfigKey ozone.scm.client.address is deprecated, For configuring different ports for each SCM use PortConfigKey ozone.scm.client.port appended with serviceId and nodeId. If want to configure same port configure ozone.scm.client.port
2021-12-17 15:55:52,117 [Listener at 0.0.0.0/13381] WARN  scm.ScmUtils (ScmUtils.java:logWarn(179)) - ConfigKey ozone.scm.datanode.address is deprecated, For configuring different ports for each SCM use PortConfigKey ozone.scm.datanode.port appended with serviceId and nodeId. If want to configure same port configure ozone.scm.datanode.port
2021-12-17 15:55:52,117 [Listener at 0.0.0.0/13381] INFO  ha.SCMHANodeDetails (SCMHANodeDetails.java:loadSCMHAConfig(250)) - Found matching SCM address with SCMServiceId: scmServiceId, SCMNodeId: scmNode-3, RPC Address: localhost:13388 and Ratis port: 13388
2021-12-17 15:55:52,117 [Listener at 0.0.0.0/13381] INFO  ha.SCMHANodeDetails (ConfUtils.java:setNodeSpecificConfigs(108)) - Setting configuration key ozone.scm.datanode.address with value of key ozone.scm.datanode.address.scmServiceId.scmNode-3: 127.0.0.1:13389
2021-12-17 15:55:52,117 [Listener at 0.0.0.0/13381] INFO  ha.SCMHANodeDetails (ConfUtils.java:setNodeSpecificConfigs(108)) - Setting configuration key ozone.scm.block.client.address with value of key ozone.scm.block.client.address.scmServiceId.scmNode-3: 127.0.0.1:13390
2021-12-17 15:55:52,117 [Listener at 0.0.0.0/13381] INFO  ha.SCMHANodeDetails (ConfUtils.java:setNodeSpecificConfigs(108)) - Setting configuration key ozone.scm.client.address with value of key ozone.scm.client.address.scmServiceId.scmNode-3: 127.0.0.1:13391
2021-12-17 15:55:52,117 [Listener at 0.0.0.0/13381] INFO  ha.SCMHANodeDetails (ConfUtils.java:setNodeSpecificConfigs(108)) - Setting configuration key ozone.scm.ratis.port with value of key ozone.scm.ratis.port.scmServiceId.scmNode-3: 13388
2021-12-17 15:55:52,117 [Listener at 0.0.0.0/13381] INFO  ha.SCMHANodeDetails (ConfUtils.java:setNodeSpecificConfigs(108)) - Setting configuration key ozone.scm.grpc.port with value of key ozone.scm.grpc.port.scmServiceId.scmNode-3: 13392
2021-12-17 15:55:52,117 [Listener at 0.0.0.0/13381] INFO  ha.SCMHANodeDetails (ConfUtils.java:setNodeSpecificConfigs(108)) - Setting configuration key ozone.scm.http-address with value of key ozone.scm.http-address.scmServiceId.scmNode-3: 127.0.0.1:13386
2021-12-17 15:55:52,118 [Listener at 0.0.0.0/13381] INFO  ha.SCMHANodeDetails (ConfUtils.java:setNodeSpecificConfigs(108)) - Setting configuration key ozone.scm.https-address with value of key ozone.scm.https-address.scmServiceId.scmNode-3: 127.0.0.1:13387
2021-12-17 15:55:52,118 [Listener at 0.0.0.0/13381] INFO  ha.SCMHANodeDetails (ConfUtils.java:setNodeSpecificConfigs(108)) - Setting configuration key ozone.scm.address with value of key ozone.scm.address.scmServiceId.scmNode-3: 127.0.0.1
2021-12-17 15:55:52,118 [Listener at 0.0.0.0/13381] WARN  scm.ScmUtils (ScmUtils.java:logWarn(179)) - ConfigKey ozone.scm.block.client.address is deprecated, For configuring different ports for each SCM use PortConfigKey ozone.scm.block.client.port appended with serviceId and nodeId. If want to configure same port configure ozone.scm.block.client.port
2021-12-17 15:55:52,118 [Listener at 0.0.0.0/13381] WARN  scm.ScmUtils (ScmUtils.java:logWarn(179)) - ConfigKey ozone.scm.client.address is deprecated, For configuring different ports for each SCM use PortConfigKey ozone.scm.client.port appended with serviceId and nodeId. If want to configure same port configure ozone.scm.client.port
2021-12-17 15:55:52,118 [Listener at 0.0.0.0/13381] WARN  scm.ScmUtils (ScmUtils.java:logWarn(179)) - ConfigKey ozone.scm.datanode.address is deprecated, For configuring different ports for each SCM use PortConfigKey ozone.scm.datanode.port appended with serviceId and nodeId. If want to configure same port configure ozone.scm.datanode.port
2021-12-17 15:55:52,118 [Listener at 0.0.0.0/13381] WARN  server.ServerUtils (ServerUtils.java:getScmDbDir(148)) - ozone.scm.db.dirs is not configured. We recommend adding this setting. Falling back to ozone.metadata.dirs instead.
2021-12-17 15:55:52,119 [Listener at 0.0.0.0/13381] INFO  ha.SCMNodeInfo (SCMNodeInfo.java:getPort(197)) - ConfigKey ozone.scm.client.address is deprecated, For configuring different ports for each SCM use PortConfigKey ozone.scm.client.port appended with serviceId and nodeId
2021-12-17 15:55:52,119 [Listener at 0.0.0.0/13381] INFO  ha.SCMNodeInfo (SCMNodeInfo.java:getPort(197)) - ConfigKey ozone.scm.block.client.address is deprecated, For configuring different ports for each SCM use PortConfigKey ozone.scm.block.client.port appended with serviceId and nodeId
2021-12-17 15:55:52,120 [Listener at 0.0.0.0/13381] INFO  ha.SCMNodeInfo (SCMNodeInfo.java:getPort(197)) - ConfigKey ozone.scm.datanode.address is deprecated, For configuring different ports for each SCM use PortConfigKey ozone.scm.datanode.port appended with serviceId and nodeId
2021-12-17 15:55:52,120 [Listener at 0.0.0.0/13381] INFO  ha.SCMNodeInfo (SCMNodeInfo.java:getPort(197)) - ConfigKey ozone.scm.client.address is deprecated, For configuring different ports for each SCM use PortConfigKey ozone.scm.client.port appended with serviceId and nodeId
2021-12-17 15:55:52,120 [Listener at 0.0.0.0/13381] INFO  ha.SCMNodeInfo (SCMNodeInfo.java:getPort(197)) - ConfigKey ozone.scm.block.client.address is deprecated, For configuring different ports for each SCM use PortConfigKey ozone.scm.block.client.port appended with serviceId and nodeId
2021-12-17 15:55:52,120 [Listener at 0.0.0.0/13381] INFO  ha.SCMNodeInfo (SCMNodeInfo.java:getPort(197)) - ConfigKey ozone.scm.datanode.address is deprecated, For configuring different ports for each SCM use PortConfigKey ozone.scm.datanode.port appended with serviceId and nodeId
2021-12-17 15:55:52,120 [Listener at 0.0.0.0/13381] INFO  ha.SCMNodeInfo (SCMNodeInfo.java:getPort(197)) - ConfigKey ozone.scm.client.address is deprecated, For configuring different ports for each SCM use PortConfigKey ozone.scm.client.port appended with serviceId and nodeId
2021-12-17 15:55:52,120 [Listener at 0.0.0.0/13381] INFO  ha.SCMNodeInfo (SCMNodeInfo.java:getPort(197)) - ConfigKey ozone.scm.block.client.address is deprecated, For configuring different ports for each SCM use PortConfigKey ozone.scm.block.client.port appended with serviceId and nodeId
2021-12-17 15:55:52,120 [Listener at 0.0.0.0/13381] INFO  ha.SCMNodeInfo (SCMNodeInfo.java:getPort(197)) - ConfigKey ozone.scm.datanode.address is deprecated, For configuring different ports for each SCM use PortConfigKey ozone.scm.datanode.port appended with serviceId and nodeId
2021-12-17 15:55:52,125 [Listener at 0.0.0.0/13381] INFO  server.StorageContainerManager (StorageContainerManager.java:scmBootstrap(987)) - SCM BootStrap  is successful for ClusterID 5c40dcc8-fe42-479e-8e18-50a5c3d1406a, SCMID 30db72ab-2192-4f54-97e6-8a6415ab4483
2021-12-17 15:55:52,126 [Listener at 0.0.0.0/13381] INFO  server.StorageContainerManager (StorageContainerManager.java:scmBootstrap(989)) - Primary SCM Node ID 8bbb6ce4-f340-4649-96fb-203d33e3a68d
2021-12-17 15:55:52,126 [Listener at 0.0.0.0/13381] INFO  ha.SCMHANodeDetails (SCMHANodeDetails.java:loadSCMHAConfig(157)) - ServiceID for StorageContainerManager is scmServiceId
2021-12-17 15:55:52,126 [Listener at 0.0.0.0/13381] INFO  ha.SCMHANodeDetails (SCMHANodeDetails.java:loadSCMHAConfig(168)) - ServiceID for StorageContainerManager is scmServiceId
2021-12-17 15:55:52,126 [Listener at 0.0.0.0/13381] WARN  scm.ScmUtils (ScmUtils.java:logWarn(179)) - ConfigKey ozone.scm.block.client.address is deprecated, For configuring different ports for each SCM use PortConfigKey ozone.scm.block.client.port appended with serviceId and nodeId. If want to configure same port configure ozone.scm.block.client.port
2021-12-17 15:55:52,126 [Listener at 0.0.0.0/13381] WARN  scm.ScmUtils (ScmUtils.java:logWarn(179)) - ConfigKey ozone.scm.client.address is deprecated, For configuring different ports for each SCM use PortConfigKey ozone.scm.client.port appended with serviceId and nodeId. If want to configure same port configure ozone.scm.client.port
2021-12-17 15:55:52,126 [Listener at 0.0.0.0/13381] WARN  scm.ScmUtils (ScmUtils.java:logWarn(179)) - ConfigKey ozone.scm.datanode.address is deprecated, For configuring different ports for each SCM use PortConfigKey ozone.scm.datanode.port appended with serviceId and nodeId. If want to configure same port configure ozone.scm.datanode.port
2021-12-17 15:55:52,126 [Listener at 0.0.0.0/13381] WARN  scm.ScmUtils (ScmUtils.java:logWarn(179)) - ConfigKey ozone.scm.block.client.address is deprecated, For configuring different ports for each SCM use PortConfigKey ozone.scm.block.client.port appended with serviceId and nodeId. If want to configure same port configure ozone.scm.block.client.port
2021-12-17 15:55:52,126 [Listener at 0.0.0.0/13381] WARN  scm.ScmUtils (ScmUtils.java:logWarn(179)) - ConfigKey ozone.scm.client.address is deprecated, For configuring different ports for each SCM use PortConfigKey ozone.scm.client.port appended with serviceId and nodeId. If want to configure same port configure ozone.scm.client.port
2021-12-17 15:55:52,126 [Listener at 0.0.0.0/13381] WARN  scm.ScmUtils (ScmUtils.java:logWarn(179)) - ConfigKey ozone.scm.datanode.address is deprecated, For configuring different ports for each SCM use PortConfigKey ozone.scm.datanode.port appended with serviceId and nodeId. If want to configure same port configure ozone.scm.datanode.port
2021-12-17 15:55:52,126 [Listener at 0.0.0.0/13381] INFO  ha.SCMHANodeDetails (SCMHANodeDetails.java:loadSCMHAConfig(250)) - Found matching SCM address with SCMServiceId: scmServiceId, SCMNodeId: scmNode-3, RPC Address: localhost:13388 and Ratis port: 13388
2021-12-17 15:55:52,126 [Listener at 0.0.0.0/13381] INFO  ha.SCMHANodeDetails (ConfUtils.java:setNodeSpecificConfigs(108)) - Setting configuration key ozone.scm.datanode.address with value of key ozone.scm.datanode.address.scmServiceId.scmNode-3: 127.0.0.1:13389
2021-12-17 15:55:52,127 [Listener at 0.0.0.0/13381] INFO  ha.SCMHANodeDetails (ConfUtils.java:setNodeSpecificConfigs(108)) - Setting configuration key ozone.scm.block.client.address with value of key ozone.scm.block.client.address.scmServiceId.scmNode-3: 127.0.0.1:13390
2021-12-17 15:55:52,127 [Listener at 0.0.0.0/13381] INFO  ha.SCMHANodeDetails (ConfUtils.java:setNodeSpecificConfigs(108)) - Setting configuration key ozone.scm.client.address with value of key ozone.scm.client.address.scmServiceId.scmNode-3: 127.0.0.1:13391
2021-12-17 15:55:52,127 [Listener at 0.0.0.0/13381] INFO  ha.SCMHANodeDetails (ConfUtils.java:setNodeSpecificConfigs(108)) - Setting configuration key ozone.scm.ratis.port with value of key ozone.scm.ratis.port.scmServiceId.scmNode-3: 13388
2021-12-17 15:55:52,127 [Listener at 0.0.0.0/13381] INFO  ha.SCMHANodeDetails (ConfUtils.java:setNodeSpecificConfigs(108)) - Setting configuration key ozone.scm.grpc.port with value of key ozone.scm.grpc.port.scmServiceId.scmNode-3: 13392
2021-12-17 15:55:52,127 [Listener at 0.0.0.0/13381] INFO  ha.SCMHANodeDetails (ConfUtils.java:setNodeSpecificConfigs(108)) - Setting configuration key ozone.scm.http-address with value of key ozone.scm.http-address.scmServiceId.scmNode-3: 127.0.0.1:13386
2021-12-17 15:55:52,127 [Listener at 0.0.0.0/13381] INFO  ha.SCMHANodeDetails (ConfUtils.java:setNodeSpecificConfigs(108)) - Setting configuration key ozone.scm.https-address with value of key ozone.scm.https-address.scmServiceId.scmNode-3: 127.0.0.1:13387
2021-12-17 15:55:52,127 [Listener at 0.0.0.0/13381] INFO  ha.SCMHANodeDetails (ConfUtils.java:setNodeSpecificConfigs(108)) - Setting configuration key ozone.scm.address with value of key ozone.scm.address.scmServiceId.scmNode-3: 127.0.0.1
2021-12-17 15:55:52,127 [Listener at 0.0.0.0/13381] WARN  scm.ScmUtils (ScmUtils.java:logWarn(179)) - ConfigKey ozone.scm.block.client.address is deprecated, For configuring different ports for each SCM use PortConfigKey ozone.scm.block.client.port appended with serviceId and nodeId. If want to configure same port configure ozone.scm.block.client.port
2021-12-17 15:55:52,127 [Listener at 0.0.0.0/13381] WARN  scm.ScmUtils (ScmUtils.java:logWarn(179)) - ConfigKey ozone.scm.client.address is deprecated, For configuring different ports for each SCM use PortConfigKey ozone.scm.client.port appended with serviceId and nodeId. If want to configure same port configure ozone.scm.client.port
2021-12-17 15:55:52,127 [Listener at 0.0.0.0/13381] WARN  scm.ScmUtils (ScmUtils.java:logWarn(179)) - ConfigKey ozone.scm.datanode.address is deprecated, For configuring different ports for each SCM use PortConfigKey ozone.scm.datanode.port appended with serviceId and nodeId. If want to configure same port configure ozone.scm.datanode.port
2021-12-17 15:55:52,128 [Listener at 0.0.0.0/13381] WARN  server.ServerUtils (ServerUtils.java:getScmDbDir(148)) - ozone.scm.db.dirs is not configured. We recommend adding this setting. Falling back to ozone.metadata.dirs instead.
2021-12-17 15:55:52,128 [Listener at 0.0.0.0/13381] INFO  upgrade.AbstractLayoutVersionManager (AbstractLayoutVersionManager.java:init(79)) - Initializing Layout version manager with metadata layout = SCM_HA (version = 2), software layout = SCM_HA (version = 2)
2021-12-17 15:55:52,167 [Listener at 0.0.0.0/13381] INFO  reflections.Reflections (Reflections.java:scan(232)) - Reflections took 38 ms to scan 7 urls, producing 119 keys and 279 values 
2021-12-17 15:55:52,168 [Listener at 0.0.0.0/13381] WARN  utils.HAUtils (HAUtils.java:getMetaDir(342)) - ozone.scm.db.dirs is not configured. We recommend adding this setting. Falling back to ozone.metadata.dirs instead.
2021-12-17 15:55:52,169 [Listener at 0.0.0.0/13381] WARN  db.DBStoreBuilder (DBStoreBuilder.java:applyDBDefinition(145)) - ozone.scm.db.dirs is not configured. We recommend adding this setting. Falling back to ozone.metadata.dirs instead.
2021-12-17 15:55:52,246 [Listener at 0.0.0.0/13381] INFO  net.NodeSchemaLoader (NodeSchemaLoader.java:loadSchemaFromFile(129)) - Loading schema from [jar:file:/home/runner/.m2/repository/org/apache/ozone/hdds-common/1.3.0-SNAPSHOT/hdds-common-1.3.0-SNAPSHOT.jar!/network-topology-default.xml]
2021-12-17 15:55:52,246 [Listener at 0.0.0.0/13381] INFO  net.NodeSchemaLoader (NodeSchemaLoader.java:loadSchema(176)) - Loading network topology layer schema file
2021-12-17 15:55:52,249 [Listener at 0.0.0.0/13381] WARN  impl.MetricRegistriesImpl (MetricRegistriesImpl.java:addReporterRegistration(111)) - New reporters are added after registries were created. Some metrics will be missing from the reporter. Please add reporter before adding any new registry.
2021-12-17 15:55:52,249 [Listener at 0.0.0.0/13381] WARN  impl.MetricRegistriesImpl (MetricRegistriesImpl.java:addReporterRegistration(111)) - New reporters are added after registries were created. Some metrics will be missing from the reporter. Please add reporter before adding any new registry.
2021-12-17 15:55:52,250 [Listener at 0.0.0.0/13381] INFO  ha.SCMRatisServerImpl (SCMRatisServerImpl.java:<init>(87)) - starting Raft server for scm:30db72ab-2192-4f54-97e6-8a6415ab4483
2021-12-17 15:55:52,250 [Listener at 0.0.0.0/13381] INFO  server.RaftServer (ConfUtils.java:logGet(44)) - raft.rpc.type = GRPC (default)
2021-12-17 15:55:52,250 [Listener at 0.0.0.0/13381] INFO  grpc.GrpcFactory (GrpcFactory.java:checkPooledByteBufAllocatorUseCacheForAllThreads(48)) - PERFORMANCE WARNING: useCacheForAllThreads is true that may cause Netty to create a lot garbage objects and, as a result, trigger GC.
	It is recommended to disable useCacheForAllThreads by setting -Dorg.apache.ratis.thirdparty.io.netty.allocator.useCacheForAllThreads=false in command line.
2021-12-17 15:55:52,250 [Listener at 0.0.0.0/13381] INFO  grpc.GrpcConfigKeys (ConfUtils.java:logGet(44)) - raft.grpc.admin.port = -1 (default)
2021-12-17 15:55:52,251 [Listener at 0.0.0.0/13381] INFO  grpc.GrpcConfigKeys (ConfUtils.java:logGet(44)) - raft.grpc.server.port = 13388 (custom)
2021-12-17 15:55:52,251 [Listener at 0.0.0.0/13381] INFO  grpc.GrpcConfigKeys (ConfUtils.java:logGet(44)) - raft.grpc.client.port = -1 (default)
2021-12-17 15:55:52,251 [Listener at 0.0.0.0/13381] INFO  grpc.GrpcConfigKeys (ConfUtils.java:logGet(44)) - raft.grpc.server.port = 13388 (custom)
2021-12-17 15:55:52,251 [Listener at 0.0.0.0/13381] INFO  grpc.GrpcConfigKeys (ConfUtils.java:logGet(44)) - raft.grpc.server.port = 13388 (custom)
2021-12-17 15:55:52,251 [Listener at 0.0.0.0/13381] INFO  server.GrpcService (ConfUtils.java:logGet(44)) - raft.grpc.message.size.max = 32m (=33554432) (custom)
2021-12-17 15:55:52,251 [Listener at 0.0.0.0/13381] INFO  server.RaftServerConfigKeys (ConfUtils.java:logGet(44)) - raft.server.log.appender.buffer.byte-limit = 33554432 (custom)
2021-12-17 15:55:52,251 [Listener at 0.0.0.0/13381] INFO  server.GrpcService (ConfUtils.java:logGet(44)) - raft.grpc.flow.control.window = 1MB (=1048576) (default)
2021-12-17 15:55:52,251 [Listener at 0.0.0.0/13381] INFO  server.RaftServerConfigKeys (ConfUtils.java:logGet(44)) - raft.server.rpc.request.timeout = 30000ms (custom)
2021-12-17 15:55:52,252 [Listener at 0.0.0.0/13381] INFO  impl.DataStreamServerImpl (ConfUtils.java:logGet(44)) - raft.datastream.type = DISABLED (default)
2021-12-17 15:55:52,253 [Listener at 0.0.0.0/13381] INFO  server.RaftServerConfigKeys (ConfUtils.java:logGet(44)) - raft.server.rpc.slowness.timeout = 120000ms (custom)
2021-12-17 15:55:52,253 [Listener at 0.0.0.0/13381] INFO  server.RaftServerConfigKeys (ConfUtils.java:logGet(44)) - raft.server.leaderelection.leader.step-down.wait-time = 10s (default)
2021-12-17 15:55:52,253 [Listener at 0.0.0.0/13381] INFO  server.RaftServerConfigKeys (ConfUtils.java:logGet(44)) - raft.server.storage.dir = [/home/runner/work/ozone/ozone/hadoop-ozone/integration-test/target/test-dir/MiniOzoneClusterImpl-5c40dcc8-fe42-479e-8e18-50a5c3d1406a/scmNode-3/scm-ha] (custom)
2021-12-17 15:55:52,253 [Listener at 0.0.0.0/13381] INFO  server.RaftServer (RaftServerProxy.java:addNew(95)) - 30db72ab-2192-4f54-97e6-8a6415ab4483: addNew group-50A5C3D1406A:[] returns group-50A5C3D1406A:java.util.concurrent.CompletableFuture@65bee248[Not completed]
2021-12-17 15:55:52,254 [pool-72-thread-1] INFO  server.RaftServer$Division (RaftServerImpl.java:<init>(184)) - 30db72ab-2192-4f54-97e6-8a6415ab4483: new RaftServerImpl for group-50A5C3D1406A:[] with SCMStateMachine:uninitialized
2021-12-17 15:55:52,255 [pool-72-thread-1] INFO  server.RaftServerConfigKeys (ConfUtils.java:logGet(44)) - raft.server.rpc.timeout.min = 5000ms (custom)
2021-12-17 15:55:52,255 [pool-72-thread-1] INFO  server.RaftServerConfigKeys (ConfUtils.java:logGet(44)) - raft.server.rpc.timeout.max = 5200ms (custom)
2021-12-17 15:55:52,255 [pool-72-thread-1] INFO  server.RaftServerConfigKeys (ConfUtils.java:logGet(44)) - raft.server.rpc.sleep.time = 25ms (default)
2021-12-17 15:55:52,255 [pool-72-thread-1] INFO  server.RaftServerConfigKeys (ConfUtils.java:logGet(44)) - raft.server.rpc.slowness.timeout = 120000ms (custom)
2021-12-17 15:55:52,255 [pool-72-thread-1] INFO  server.RaftServerConfigKeys (ConfUtils.java:logGet(44)) - raft.server.leaderelection.leader.step-down.wait-time = 10s (default)
2021-12-17 15:55:52,255 [pool-72-thread-1] INFO  server.RaftServerConfigKeys (ConfUtils.java:logGet(44)) - raft.server.sleep.deviation.threshold = 300ms (default)
2021-12-17 15:55:52,255 [pool-72-thread-1] INFO  server.RaftServerConfigKeys (ConfUtils.java:logGet(44)) - raft.server.log.appender.install.snapshot.enabled = false (custom)
2021-12-17 15:55:52,255 [pool-72-thread-1] INFO  server.RaftServer$Division (ServerState.java:<init>(105)) - 30db72ab-2192-4f54-97e6-8a6415ab4483@group-50A5C3D1406A: ConfigurationManager, init=-1: [], old=null, confs=<EMPTY_MAP>
2021-12-17 15:55:52,255 [pool-72-thread-1] INFO  server.RaftServerConfigKeys (ConfUtils.java:logGet(44)) - raft.server.storage.dir = [/home/runner/work/ozone/ozone/hadoop-ozone/integration-test/target/test-dir/MiniOzoneClusterImpl-5c40dcc8-fe42-479e-8e18-50a5c3d1406a/scmNode-3/scm-ha] (custom)
2021-12-17 15:55:52,255 [pool-72-thread-1] INFO  server.RaftServerConfigKeys (ConfUtils.java:logGet(44)) - raft.server.log.corruption.policy = EXCEPTION (default)
2021-12-17 15:55:52,255 [pool-72-thread-1] INFO  server.RaftServerConfigKeys (ConfUtils.java:logGet(44)) - raft.server.storage.free-space.min = 0MB (=0) (default)
2021-12-17 15:55:52,256 [pool-72-thread-1] INFO  storage.RaftStorageDirectory (RaftStorageDirectoryImpl.java:analyzeStorage(135)) - The storage directory /home/runner/work/ozone/ozone/hadoop-ozone/integration-test/target/test-dir/MiniOzoneClusterImpl-5c40dcc8-fe42-479e-8e18-50a5c3d1406a/scmNode-3/scm-ha/5c40dcc8-fe42-479e-8e18-50a5c3d1406a does not exist. Creating ...
2021-12-17 15:55:52,257 [pool-72-thread-1] INFO  storage.RaftStorageDirectory (RaftStorageDirectoryImpl.java:tryLock(230)) - Lock on /home/runner/work/ozone/ozone/hadoop-ozone/integration-test/target/test-dir/MiniOzoneClusterImpl-5c40dcc8-fe42-479e-8e18-50a5c3d1406a/scmNode-3/scm-ha/5c40dcc8-fe42-479e-8e18-50a5c3d1406a/in_use.lock acquired by nodename 18230@fv-az297-331
2021-12-17 15:55:52,258 [pool-72-thread-1] INFO  storage.RaftStorage (RaftStorageImpl.java:format(89)) - Storage directory /home/runner/work/ozone/ozone/hadoop-ozone/integration-test/target/test-dir/MiniOzoneClusterImpl-5c40dcc8-fe42-479e-8e18-50a5c3d1406a/scmNode-3/scm-ha/5c40dcc8-fe42-479e-8e18-50a5c3d1406a has been successfully formatted.
2021-12-17 15:55:52,259 [pool-72-thread-1] INFO  server.RaftServerConfigKeys (ConfUtils.java:logGet(44)) - raft.server.notification.no-leader.timeout = 60s (default)
2021-12-17 15:55:52,259 [pool-72-thread-1] INFO  server.RaftServerConfigKeys (ConfUtils.java:logGet(44)) - raft.server.log.use.memory = false (default)
2021-12-17 15:55:52,259 [pool-72-thread-1] INFO  server.RaftServerConfigKeys (ConfUtils.java:logGet(44)) - raft.server.log.purge.gap = 1000000 (custom)
2021-12-17 15:55:52,259 [pool-72-thread-1] INFO  server.RaftServerConfigKeys (ConfUtils.java:logGet(44)) - raft.server.log.appender.buffer.byte-limit = 33554432 (custom)
2021-12-17 15:55:52,259 [pool-72-thread-1] INFO  server.RaftServerConfigKeys (ConfUtils.java:logGet(44)) - raft.server.log.segment.size.max = 4194304 (custom)
2021-12-17 15:55:52,260 [pool-72-thread-1] INFO  server.RaftServerConfigKeys (ConfUtils.java:logGet(44)) - raft.server.log.segment.cache.num.max = 2 (custom)
2021-12-17 15:55:52,260 [pool-72-thread-1] INFO  server.RaftServerConfigKeys (ConfUtils.java:logGet(44)) - raft.server.log.segment.cache.size.max = 200MB (=209715200) (default)
2021-12-17 15:55:52,260 [pool-72-thread-1] INFO  segmented.SegmentedRaftLogWorker (SegmentedRaftLogWorker.java:<init>(182)) - new 30db72ab-2192-4f54-97e6-8a6415ab4483@group-50A5C3D1406A-SegmentedRaftLogWorker for RaftStorageImpl:Storage Directory /home/runner/work/ozone/ozone/hadoop-ozone/integration-test/target/test-dir/MiniOzoneClusterImpl-5c40dcc8-fe42-479e-8e18-50a5c3d1406a/scmNode-3/scm-ha/5c40dcc8-fe42-479e-8e18-50a5c3d1406a
2021-12-17 15:55:52,260 [pool-72-thread-1] INFO  server.RaftServerConfigKeys (ConfUtils.java:logGet(44)) - raft.server.log.queue.byte-limit = 64MB (=67108864) (default)
2021-12-17 15:55:52,260 [pool-72-thread-1] INFO  server.RaftServerConfigKeys (ConfUtils.java:logGet(44)) - raft.server.log.queue.element-limit = 4096 (default)
2021-12-17 15:55:52,260 [pool-72-thread-1] INFO  server.RaftServerConfigKeys (ConfUtils.java:logGet(44)) - raft.server.log.segment.size.max = 4194304 (custom)
2021-12-17 15:55:52,260 [pool-72-thread-1] INFO  server.RaftServerConfigKeys (ConfUtils.java:logGet(44)) - raft.server.log.preallocated.size = 4194304 (custom)
2021-12-17 15:55:52,260 [pool-72-thread-1] INFO  server.RaftServerConfigKeys (ConfUtils.java:logGet(44)) - raft.server.log.force.sync.num = 128 (default)
2021-12-17 15:55:52,260 [pool-72-thread-1] INFO  server.RaftServerConfigKeys (ConfUtils.java:logGet(44)) - raft.server.log.statemachine.data.sync = true (default)
2021-12-17 15:55:52,260 [pool-72-thread-1] INFO  server.RaftServerConfigKeys (ConfUtils.java:logGet(44)) - raft.server.log.statemachine.data.sync.timeout = 10s (default)
2021-12-17 15:55:52,260 [pool-72-thread-1] INFO  server.RaftServerConfigKeys (ConfUtils.java:logGet(44)) - raft.server.log.statemachine.data.sync.timeout.retry = -1 (default)
2021-12-17 15:55:52,261 [pool-72-thread-1] INFO  server.RaftServerConfigKeys (ConfUtils.java:logGet(44)) - raft.server.log.write.buffer.size = 64KB (=65536) (default)
2021-12-17 15:55:52,262 [pool-72-thread-1] INFO  server.RaftServerConfigKeys (ConfUtils.java:logGet(44)) - raft.server.log.statemachine.data.caching.enabled = false (default)
2021-12-17 15:55:52,262 [pool-72-thread-1] INFO  segmented.SegmentedRaftLogWorker (SegmentedRaftLogWorker.java:lambda$new$0(133)) - 30db72ab-2192-4f54-97e6-8a6415ab4483@group-50A5C3D1406A-SegmentedRaftLogWorker: flushIndex: setUnconditionally 0 -> -1
2021-12-17 15:55:52,262 [pool-72-thread-1] INFO  segmented.SegmentedRaftLogWorker (SegmentedRaftLogWorker.java:lambda$new$0(133)) - 30db72ab-2192-4f54-97e6-8a6415ab4483@group-50A5C3D1406A-SegmentedRaftLogWorker: safeCacheEvictIndex: setUnconditionally 0 -> -1
2021-12-17 15:55:52,262 [pool-72-thread-1] INFO  server.RaftServerConfigKeys (ConfUtils.java:logGet(44)) - raft.server.snapshot.auto.trigger.enabled = true (custom)
2021-12-17 15:55:52,262 [pool-72-thread-1] INFO  server.RaftServerConfigKeys (ConfUtils.java:logGet(44)) - raft.server.snapshot.auto.trigger.threshold = 1000 (custom)
2021-12-17 15:55:52,262 [pool-72-thread-1] INFO  server.RaftServerConfigKeys (ConfUtils.java:logGet(44)) - raft.server.snapshot.retention.file.num = -1 (default)
2021-12-17 15:55:52,262 [pool-72-thread-1] INFO  server.RaftServerConfigKeys (ConfUtils.java:logGet(44)) - raft.server.log.purge.upto.snapshot.index = false (default)
2021-12-17 15:55:52,262 [pool-72-thread-1] INFO  server.RaftServerConfigKeys (ConfUtils.java:logGet(44)) - raft.server.retrycache.expirytime = 60000ms (default)
2021-12-17 15:55:52,262 [pool-72-thread-1] INFO  server.RaftServerConfigKeys (ConfUtils.java:logGet(44)) - raft.server.retrycache.statistics.expirytime = 100μs (default)
2021-12-17 15:55:52,264 [Listener at 0.0.0.0/13381] INFO  ha.SCMSnapshotProvider (SCMSnapshotProvider.java:<init>(66)) - Initializing SCM Snapshot Provider
2021-12-17 15:55:52,264 [Listener at 0.0.0.0/13381] WARN  server.ServerUtils (ServerUtils.java:getDefaultRatisDirectory(237)) - Storage directory for Ratis is not configured. It is a good idea to map this to an SSD disk. Falling back to ozone.metadata.dirs
2021-12-17 15:55:52,264 [Listener at 0.0.0.0/13381] WARN  ha.SCMHAUtils (SCMHAUtils.java:getSCMRatisSnapshotDirectory(146)) - SCM snapshot dir is not configured. Falling back to ozone.metadata.dirs config
2021-12-17 15:55:52,265 [Listener at 0.0.0.0/13381] INFO  ha.SequenceIdGenerator (SequenceIdGenerator.java:upgradeToSequenceId(347)) - upgrade localId to 107544261427200000
2021-12-17 15:55:52,265 [Listener at 0.0.0.0/13381] INFO  ha.SequenceIdGenerator (SequenceIdGenerator.java:upgradeToSequenceId(357)) - upgrade delTxnId to 0
2021-12-17 15:55:52,265 [Listener at 0.0.0.0/13381] INFO  ha.SequenceIdGenerator (SequenceIdGenerator.java:upgradeToSequenceId(371)) - upgrade containerId to 0
2021-12-17 15:55:52,266 [Listener at 0.0.0.0/13381] INFO  ha.SequenceIdGenerator (SequenceIdGenerator.java:<init>(218)) - Init the HA SequenceIdGenerator.
2021-12-17 15:55:52,266 [Listener at 0.0.0.0/13381] WARN  server.ServerUtils (ServerUtils.java:sanitizeUserArgs(73)) - ozone.scm.stale.node.interval value = 300000 is larger than max = 100000 based on the key value of ozone.scm.heartbeat.thread.interval, reset to the max value 100000.
2021-12-17 15:55:52,266 [Listener at 0.0.0.0/13381] WARN  server.ServerUtils (ServerUtils.java:sanitizeUserArgs(73)) - ozone.scm.stale.node.interval value = 300000 is larger than max = 100000 based on the key value of ozone.scm.heartbeat.thread.interval, reset to the max value 100000.
2021-12-17 15:55:52,270 [Listener at 0.0.0.0/13381] INFO  node.SCMNodeManager (SCMNodeManager.java:<init>(144)) - Entering startup safe mode.
2021-12-17 15:55:52,271 [Listener at 0.0.0.0/13381] INFO  algorithms.ContainerPlacementPolicyFactory (ContainerPlacementPolicyFactory.java:getPolicy(60)) - Create container placement policy of type org.apache.hadoop.hdds.scm.container.placement.algorithms.SCMContainerPlacementRandom
2021-12-17 15:55:52,271 [Listener at 0.0.0.0/13381] INFO  pipeline.PipelineStateManagerImpl (PipelineStateManagerImpl.java:initialize(78)) - No pipeline exists in current db
2021-12-17 15:55:52,272 [Listener at 0.0.0.0/13381] INFO  algorithms.LeaderChoosePolicyFactory (LeaderChoosePolicyFactory.java:getPolicy(57)) - Create leader choose policy of type org.apache.hadoop.hdds.scm.pipeline.leader.choose.algorithms.MinLeaderCountChoosePolicy
2021-12-17 15:55:52,272 [Listener at 0.0.0.0/13381] INFO  ha.SCMServiceManager (SCMServiceManager.java:register(43)) - Registering service BackgroundPipelineCreator.
2021-12-17 15:55:52,272 [Listener at 0.0.0.0/13381] INFO  pipeline.BackgroundPipelineCreator (BackgroundPipelineCreator.java:start(130)) - Starting RatisPipelineUtilsThread.
2021-12-17 15:55:52,274 [Listener at 0.0.0.0/13381] INFO  algorithms.PipelineChoosePolicyFactory (PipelineChoosePolicyFactory.java:createPipelineChoosePolicyFromClass(73)) - Create pipeline choose policy of type org.apache.hadoop.hdds.scm.pipeline.choose.algorithms.RandomPipelineChoosePolicy
2021-12-17 15:55:52,274 [Listener at 0.0.0.0/13381] INFO  ha.SCMServiceManager (SCMServiceManager.java:register(43)) - Registering service SCMBlockDeletingService.
2021-12-17 15:55:52,275 [Listener at 0.0.0.0/13381] INFO  ha.SCMServiceManager (SCMServiceManager.java:register(43)) - Registering service ReplicationManager.
2021-12-17 15:55:52,275 [Listener at 0.0.0.0/13381] INFO  container.ReplicationManager (ReplicationManager.java:start(319)) - Starting Replication Monitor Thread.
2021-12-17 15:55:52,277 [Listener at 0.0.0.0/13381] INFO  safemode.ContainerSafeModeRule (ContainerSafeModeRule.java:<init>(89)) - containers with one replica threshold count 0
2021-12-17 15:55:52,278 [Listener at 0.0.0.0/13381] INFO  safemode.HealthyPipelineSafeModeRule (HealthyPipelineSafeModeRule.java:initializeRule(156)) - Total pipeline count is 0, healthy pipeline threshold count is 1
2021-12-17 15:55:52,278 [Listener at 0.0.0.0/13381] INFO  safemode.OneReplicaPipelineSafeModeRule (OneReplicaPipelineSafeModeRule.java:initializeRule(180)) - Total pipeline count is 0, pipeline's with at least one datanode reported threshold count is 0
2021-12-17 15:55:52,281 [ReplicationMonitor] INFO  container.ReplicationManager (ReplicationManager.java:processAll(371)) - Replication Monitor Thread took 0 milliseconds for processing 0 containers.
2021-12-17 15:55:52,282 [Listener at 0.0.0.0/13381] INFO  ipc.CallQueueManager (CallQueueManager.java:<init>(90)) - Using callQueue: class java.util.concurrent.LinkedBlockingQueue, queueCapacity: 2000, scheduler: class org.apache.hadoop.ipc.DefaultRpcScheduler, ipcBackoff: false.
2021-12-17 15:55:52,285 [Socket Reader #1 for port 13389] INFO  ipc.Server (Server.java:run(1265)) - Starting Socket Reader #1 for port 13389
2021-12-17 15:55:52,287 [Listener at 0.0.0.0/13389] INFO  ipc.CallQueueManager (CallQueueManager.java:<init>(90)) - Using callQueue: class java.util.concurrent.LinkedBlockingQueue, queueCapacity: 2000, scheduler: class org.apache.hadoop.ipc.DefaultRpcScheduler, ipcBackoff: false.
2021-12-17 15:55:52,287 [Socket Reader #1 for port 13390] INFO  ipc.Server (Server.java:run(1265)) - Starting Socket Reader #1 for port 13390
2021-12-17 15:55:52,288 [Listener at 0.0.0.0/13390] INFO  ipc.CallQueueManager (CallQueueManager.java:<init>(90)) - Using callQueue: class java.util.concurrent.LinkedBlockingQueue, queueCapacity: 2000, scheduler: class org.apache.hadoop.ipc.DefaultRpcScheduler, ipcBackoff: false.
2021-12-17 15:55:52,290 [Socket Reader #1 for port 13391] INFO  ipc.Server (Server.java:run(1265)) - Starting Socket Reader #1 for port 13391
2021-12-17 15:55:52,314 [Listener at 0.0.0.0/13391] INFO  algorithms.ContainerPlacementPolicyFactory (ContainerPlacementPolicyFactory.java:getPolicy(60)) - Create container placement policy of type org.apache.hadoop.hdds.scm.container.placement.algorithms.SCMContainerPlacementRandom
2021-12-17 15:55:52,314 [Listener at 0.0.0.0/13391] INFO  server.StorageContainerManager (StorageContainerManager.java:<init>(388)) - 
Container Balancer status:
Key                            Value
Running                        false
Container Balancer Configuration values:
Key                                                Value
Threshold                                          0.1
Max Datanodes to Involve per Iteration(ratio)      0.2
Max Size to Move per Iteration                     30GB
Max Size Entering Target per Iteration             1GB
Max Size Leaving Source per Iteration              1GB

2021-12-17 15:55:52,314 [Listener at 0.0.0.0/13391] WARN  events.EventQueue (EventQueue.java:fireEvent(194)) - No event handler registered for event TypedEvent{payloadType=SafeModeStatus, name='Safe mode status'}
2021-12-17 15:55:52,315 [Listener at 0.0.0.0/13391] INFO  ha.SCMContext (SCMContext.java:updateSafeModeStatus(211)) - Update SafeModeStatus from SafeModeStatus{safeModeStatus=true, preCheckPassed=false} to SafeModeStatus{safeModeStatus=true, preCheckPassed=false}.
2021-12-17 15:55:52,315 [Listener at 0.0.0.0/13391] INFO  server.StorageContainerManager (StorageContainerManager.java:start(1303)) - StorageContainerLocationProtocol RPC server is listening at /0.0.0.0:13391
2021-12-17 15:55:52,315 [Listener at 0.0.0.0/13391] INFO  ha.SCMRatisServerImpl (SCMRatisServerImpl.java:start(177)) - starting ratis server 0.0.0.0:13388
2021-12-17 15:55:52,315 [Listener at 0.0.0.0/13391] INFO  server.RaftServer$Division (RaftServerImpl.java:start(304)) - 30db72ab-2192-4f54-97e6-8a6415ab4483@group-50A5C3D1406A: start with initializing state, conf=-1: [], old=null
2021-12-17 15:55:52,316 [Listener at 0.0.0.0/13391] INFO  server.RaftServer$Division (RaftServerImpl.java:setRole(290)) - 30db72ab-2192-4f54-97e6-8a6415ab4483@group-50A5C3D1406A: changes role from      null to FOLLOWER at term 0 for startInitializing
2021-12-17 15:55:52,316 [Listener at 0.0.0.0/13391] INFO  util.JmxRegister (JmxRegister.java:tryRegister(44)) - Successfully registered JMX Bean with object name Ratis:service=RaftServer,group=group-50A5C3D1406A,id=30db72ab-2192-4f54-97e6-8a6415ab4483
2021-12-17 15:55:52,317 [Listener at 0.0.0.0/13391] INFO  server.RaftServer (RaftServerProxy.java:lambda$start$5(374)) - 30db72ab-2192-4f54-97e6-8a6415ab4483: start RPC server
2021-12-17 15:55:52,319 [Listener at 0.0.0.0/13391] INFO  server.GrpcService (GrpcService.java:startImpl(253)) - 30db72ab-2192-4f54-97e6-8a6415ab4483: GrpcService started, listening on 13388
2021-12-17 15:55:52,320 [Listener at 0.0.0.0/13391] INFO  ha.SCMNodeInfo (SCMNodeInfo.java:getPort(197)) - ConfigKey ozone.scm.client.address is deprecated, For configuring different ports for each SCM use PortConfigKey ozone.scm.client.port appended with serviceId and nodeId
2021-12-17 15:55:52,320 [Listener at 0.0.0.0/13391] INFO  ha.SCMNodeInfo (SCMNodeInfo.java:getPort(197)) - ConfigKey ozone.scm.block.client.address is deprecated, For configuring different ports for each SCM use PortConfigKey ozone.scm.block.client.port appended with serviceId and nodeId
2021-12-17 15:55:52,320 [Listener at 0.0.0.0/13391] INFO  ha.SCMNodeInfo (SCMNodeInfo.java:getPort(197)) - ConfigKey ozone.scm.datanode.address is deprecated, For configuring different ports for each SCM use PortConfigKey ozone.scm.datanode.port appended with serviceId and nodeId
2021-12-17 15:55:52,320 [Listener at 0.0.0.0/13391] INFO  ha.SCMNodeInfo (SCMNodeInfo.java:getPort(197)) - ConfigKey ozone.scm.client.address is deprecated, For configuring different ports for each SCM use PortConfigKey ozone.scm.client.port appended with serviceId and nodeId
2021-12-17 15:55:52,320 [Listener at 0.0.0.0/13391] INFO  ha.SCMNodeInfo (SCMNodeInfo.java:getPort(197)) - ConfigKey ozone.scm.block.client.address is deprecated, For configuring different ports for each SCM use PortConfigKey ozone.scm.block.client.port appended with serviceId and nodeId
2021-12-17 15:55:52,320 [Listener at 0.0.0.0/13391] INFO  ha.SCMNodeInfo (SCMNodeInfo.java:getPort(197)) - ConfigKey ozone.scm.datanode.address is deprecated, For configuring different ports for each SCM use PortConfigKey ozone.scm.datanode.port appended with serviceId and nodeId
2021-12-17 15:55:52,320 [Listener at 0.0.0.0/13391] INFO  ha.SCMNodeInfo (SCMNodeInfo.java:getPort(197)) - ConfigKey ozone.scm.client.address is deprecated, For configuring different ports for each SCM use PortConfigKey ozone.scm.client.port appended with serviceId and nodeId
2021-12-17 15:55:52,320 [Listener at 0.0.0.0/13391] INFO  ha.SCMNodeInfo (SCMNodeInfo.java:getPort(197)) - ConfigKey ozone.scm.block.client.address is deprecated, For configuring different ports for each SCM use PortConfigKey ozone.scm.block.client.port appended with serviceId and nodeId
2021-12-17 15:55:52,320 [Listener at 0.0.0.0/13391] INFO  ha.SCMNodeInfo (SCMNodeInfo.java:getPort(197)) - ConfigKey ozone.scm.datanode.address is deprecated, For configuring different ports for each SCM use PortConfigKey ozone.scm.datanode.port appended with serviceId and nodeId
2021-12-17 15:55:52,321 [org.apache.ratis.util.JvmPauseMonitor$$Lambda$430/488824865@3eb88e92] INFO  util.JvmPauseMonitor (JvmPauseMonitor.java:run(103)) - JvmPauseMonitor-30db72ab-2192-4f54-97e6-8a6415ab4483: Started
2021-12-17 15:55:52,326 [IPC Server handler 0 on default port 13370] INFO  ha.SCMRatisServerImpl (SCMRatisServerImpl.java:addSCM(291)) - 8bbb6ce4-f340-4649-96fb-203d33e3a68d: Submitting SetConfiguration request to Ratis server with new SCM peers list: [c4301190-25a1-45f3-9c07-602cb455ff33|rpc:localhost:13378|priority:0, 8bbb6ce4-f340-4649-96fb-203d33e3a68d|rpc:localhost:13368|admin:|client:|dataStream:|priority:0, 30db72ab-2192-4f54-97e6-8a6415ab4483|rpc:localhost:13388|priority:0]
2021-12-17 15:55:52,327 [IPC Server handler 0 on default port 13370] INFO  server.RaftServer$Division (RaftServerImpl.java:setConfigurationAsync(974)) - 8bbb6ce4-f340-4649-96fb-203d33e3a68d@group-50A5C3D1406A: receive setConfiguration SetConfigurationRequest:client-91F89D44829E->8bbb6ce4-f340-4649-96fb-203d33e3a68d@group-50A5C3D1406A, cid=1, seq=0, RW, null, peers:[c4301190-25a1-45f3-9c07-602cb455ff33|rpc:localhost:13378|priority:0, 8bbb6ce4-f340-4649-96fb-203d33e3a68d|rpc:localhost:13368|admin:|client:|dataStream:|priority:0, 30db72ab-2192-4f54-97e6-8a6415ab4483|rpc:localhost:13388|priority:0]
2021-12-17 15:55:52,327 [IPC Server handler 0 on default port 13370] INFO  server.RaftServer$Division (LeaderStateImpl.java:startSetConfiguration(358)) - 8bbb6ce4-f340-4649-96fb-203d33e3a68d@group-50A5C3D1406A-LeaderStateImpl: startSetConfiguration SetConfigurationRequest:client-91F89D44829E->8bbb6ce4-f340-4649-96fb-203d33e3a68d@group-50A5C3D1406A, cid=1, seq=0, RW, null, peers:[c4301190-25a1-45f3-9c07-602cb455ff33|rpc:localhost:13378|priority:0, 8bbb6ce4-f340-4649-96fb-203d33e3a68d|rpc:localhost:13368|admin:|client:|dataStream:|priority:0, 30db72ab-2192-4f54-97e6-8a6415ab4483|rpc:localhost:13388|priority:0]
2021-12-17 15:55:52,327 [IPC Server handler 0 on default port 13370] INFO  server.RaftServerConfigKeys (ConfUtils.java:logGet(44)) - raft.server.log.appender.snapshot.chunk.size.max = 16MB (=16777216) (default)
2021-12-17 15:55:52,327 [IPC Server handler 0 on default port 13370] INFO  server.RaftServerConfigKeys (ConfUtils.java:logGet(44)) - raft.server.log.appender.buffer.byte-limit = 33554432 (custom)
2021-12-17 15:55:52,327 [IPC Server handler 0 on default port 13370] INFO  server.RaftServerConfigKeys (ConfUtils.java:logGet(44)) - raft.server.log.appender.buffer.element-limit = 1024 (custom)
2021-12-17 15:55:52,328 [IPC Server handler 0 on default port 13370] INFO  grpc.GrpcConfigKeys (ConfUtils.java:logGet(44)) - raft.grpc.server.leader.outstanding.appends.max = 128 (default)
2021-12-17 15:55:52,328 [IPC Server handler 0 on default port 13370] INFO  server.RaftServerConfigKeys (ConfUtils.java:logGet(44)) - raft.server.rpc.request.timeout = 30000ms (custom)
2021-12-17 15:55:52,328 [IPC Server handler 0 on default port 13370] INFO  server.RaftServerConfigKeys (ConfUtils.java:logGet(44)) - raft.server.log.appender.install.snapshot.enabled = false (custom)
2021-12-17 15:55:52,336 [8bbb6ce4-f340-4649-96fb-203d33e3a68d@group-50A5C3D1406A->30db72ab-2192-4f54-97e6-8a6415ab4483-GrpcLogAppender-LogAppenderDaemon] INFO  server.GrpcLogAppender (GrpcLogAppender.java:installSnapshot(550)) - 8bbb6ce4-f340-4649-96fb-203d33e3a68d@group-50A5C3D1406A->30db72ab-2192-4f54-97e6-8a6415ab4483-GrpcLogAppender: followerNextIndex = 0 but logStartIndex = 0, notify follower to install snapshot-(t:2, i:6)
2021-12-17 15:55:52,337 [8bbb6ce4-f340-4649-96fb-203d33e3a68d@group-50A5C3D1406A->30db72ab-2192-4f54-97e6-8a6415ab4483-GrpcLogAppender-LogAppenderDaemon] INFO  server.GrpcLogAppender (GrpcLogAppender.java:installSnapshot(558)) - 8bbb6ce4-f340-4649-96fb-203d33e3a68d@group-50A5C3D1406A->30db72ab-2192-4f54-97e6-8a6415ab4483-GrpcLogAppender: send 8bbb6ce4-f340-4649-96fb-203d33e3a68d->30db72ab-2192-4f54-97e6-8a6415ab4483#0-t2,notify:(t:2, i:6)
2021-12-17 15:55:52,350 [grpc-default-executor-2] INFO  server.RaftServer$Division (RaftServerImpl.java:installSnapshot(1332)) - 30db72ab-2192-4f54-97e6-8a6415ab4483@group-50A5C3D1406A: receive installSnapshot: 8bbb6ce4-f340-4649-96fb-203d33e3a68d->30db72ab-2192-4f54-97e6-8a6415ab4483#0-t2,notify:(t:2, i:6)
2021-12-17 15:55:52,352 [grpc-default-executor-2] INFO  ha.SCMStateMachine (SCMStateMachine.java:notifyLeaderChanged(255)) - leader changed, yet current SCM is still follower.
2021-12-17 15:55:52,352 [grpc-default-executor-2] INFO  server.RaftServer$Division (ServerState.java:setLeader(285)) - 30db72ab-2192-4f54-97e6-8a6415ab4483@group-50A5C3D1406A: change Leader from null to 8bbb6ce4-f340-4649-96fb-203d33e3a68d at term 2 for installSnapshot, leader elected after 93ms
2021-12-17 15:55:52,352 [grpc-default-executor-2] INFO  server.RaftServer$Division (RaftServerImpl.java:notifyStateMachineToInstallSnapshot(1551)) - 30db72ab-2192-4f54-97e6-8a6415ab4483@group-50A5C3D1406A: Received notification to install snapshot at index 6
2021-12-17 15:55:52,353 [grpc-default-executor-2] INFO  server.RaftServer$Division (RaftServerImpl.java:notifyStateMachineToInstallSnapshot(1582)) - 30db72ab-2192-4f54-97e6-8a6415ab4483@group-50A5C3D1406A: notifyInstallSnapshot: nextIndex is 0 but the leader's first available index is 6.
2021-12-17 15:55:52,353 [grpc-default-executor-2] INFO  ha.SCMStateMachine (SCMStateMachine.java:notifyInstallSnapshotFromLeader(219)) - Received install snapshot notification from SCM leader: localhost:13368 with term index: (t:2, i:6)
2021-12-17 15:55:52,353 [pool-73-thread-1] INFO  ha.SCMHAManagerImpl (SCMHAManagerImpl.java:getDBCheckpointFromLeader(206)) - Downloading checkpoint from leader SCM scmNode-1 and reloading state from the checkpoint.
2021-12-17 15:55:52,362 [grpc-default-executor-0] INFO  ha.SCMDBCheckpointProvider (SCMDBCheckpointProvider.java:writeDBCheckPointToSream(48)) - Received request to obtain SCM DB checkpoint snapshot
2021-12-17 15:55:52,385 [grpc-default-executor-0] INFO  db.RDBCheckpointManager (RDBCheckpointManager.java:createCheckpoint(86)) - Created checkpoint at /home/runner/work/ozone/ozone/hadoop-ozone/integration-test/target/test-dir/MiniOzoneClusterImpl-5c40dcc8-fe42-479e-8e18-50a5c3d1406a/scmNode-1/db.checkpoints/scm.db_checkpoint_1639756552362 in 22 milliseconds
2021-12-17 15:55:52,389 [grpc-default-executor-0] INFO  ha.SCMGrpcOutputStream (SCMGrpcOutputStream.java:close(111)) - Sent 4525 bytes for cluster 5c40dcc8-fe42-479e-8e18-50a5c3d1406a
2021-12-17 15:55:52,393 [grpc-default-executor-0] INFO  ha.SCMDBCheckpointProvider (SCMDBCheckpointProvider.java:writeDBCheckPointToSream(73)) - Time taken to write the checkpoint to response output stream: 7 milliseconds
2021-12-17 15:55:52,393 [grpc-default-executor-0] INFO  db.RocksDBCheckpoint (RocksDBCheckpoint.java:cleanupCheckpoint(78)) - Cleaning up RocksDB checkpoint at /home/runner/work/ozone/ozone/hadoop-ozone/integration-test/target/test-dir/MiniOzoneClusterImpl-5c40dcc8-fe42-479e-8e18-50a5c3d1406a/scmNode-1/db.checkpoints/scm.db_checkpoint_1639756552362
2021-12-17 15:55:52,394 [grpc-default-executor-3] INFO  ha.InterSCMGrpcClient (InterSCMGrpcClient.java:onCompleted(173)) - Checkpoint is downloaded to /home/runner/work/ozone/ozone/hadoop-ozone/integration-test/target/test-dir/MiniOzoneClusterImpl-5c40dcc8-fe42-479e-8e18-50a5c3d1406a/scmNode-3/snapshot/scm.db-scmNode-1-1639756552353.tar.gz
2021-12-17 15:55:52,406 [pool-73-thread-1] INFO  ha.SCMSnapshotProvider (SCMSnapshotProvider.java:getSCMDBSnapshot(131)) - Successfully downloaded latest checkpoint from leader SCM: scmNode-1 path /home/runner/work/ozone/ozone/hadoop-ozone/integration-test/target/test-dir/MiniOzoneClusterImpl-5c40dcc8-fe42-479e-8e18-50a5c3d1406a/scmNode-3/snapshot/scm.db-scmNode-1-1639756552353
2021-12-17 15:55:52,406 [pool-73-thread-1] INFO  ha.SCMHAManagerImpl (SCMHAManagerImpl.java:downloadCheckpointFromLeader(158)) - Downloaded checkpoint from Leader scmNode-1 to the location /home/runner/work/ozone/ozone/hadoop-ozone/integration-test/target/test-dir/MiniOzoneClusterImpl-5c40dcc8-fe42-479e-8e18-50a5c3d1406a/scmNode-3/snapshot/scm.db-scmNode-1-1639756552353
2021-12-17 15:55:52,427 [pool-73-thread-1] INFO  ha.SCMHAManagerImpl (SCMHAManagerImpl.java:verifyCheckpointFromLeader(172)) - Installing checkpoint with SCMTransactionInfo 2#6
2021-12-17 15:55:52,428 [pool-73-thread-1] INFO  server.RaftServer$Division (RaftServerImpl.java:lambda$notifyStateMachineToInstallSnapshot$30(1595)) - 30db72ab-2192-4f54-97e6-8a6415ab4483@group-50A5C3D1406A: StateMachine successfully installed snapshot index 6. Reloading the StateMachine.
2021-12-17 15:55:52,428 [pool-73-thread-1] INFO  segmented.SegmentedRaftLogWorker (SegmentedRaftLogWorker.java:lambda$new$0(133)) - 30db72ab-2192-4f54-97e6-8a6415ab4483@group-50A5C3D1406A-SegmentedRaftLogWorker: flushIndex: setUnconditionally -1 -> 6
2021-12-17 15:55:52,428 [pool-73-thread-1] INFO  segmented.SegmentedRaftLogWorker (SegmentedRaftLogWorker.java:lambda$new$0(133)) - 30db72ab-2192-4f54-97e6-8a6415ab4483@group-50A5C3D1406A-SegmentedRaftLogWorker: safeCacheEvictIndex: setUnconditionally -1 -> 6
2021-12-17 15:55:52,428 [pool-73-thread-1] INFO  raftlog.RaftLog (RaftLogBase.java:lambda$new$0(53)) - 30db72ab-2192-4f54-97e6-8a6415ab4483@group-50A5C3D1406A-SegmentedRaftLog: snapshotIndex: updateIncreasingly -1 -> 6
2021-12-17 15:55:52,428 [grpc-default-executor-2] INFO  server.RaftServer$Division (RaftServerImpl.java:notifyStateMachineToInstallSnapshot(1638)) - 30db72ab-2192-4f54-97e6-8a6415ab4483@group-50A5C3D1406A: InstallSnapshot notification result: SNAPSHOT_INSTALLED, at index: 6
2021-12-17 15:55:52,428 [grpc-default-executor-2] INFO  server.RaftServer$Division (RaftServerImpl.java:installSnapshotImpl(1462)) - 30db72ab-2192-4f54-97e6-8a6415ab4483@group-50A5C3D1406A: set new configuration index: 5
configurationEntry {
  peers {
    id: "c4301190-25a1-45f3-9c07-602cb455ff33"
    address: "localhost:13378"
  }
  peers {
    id: "8bbb6ce4-f340-4649-96fb-203d33e3a68d"
    address: "localhost:13368"
  }
}
 from snapshot
2021-12-17 15:55:52,430 [grpc-default-executor-2] INFO  server.RaftServer$Division (ServerState.java:setRaftConf(387)) - 30db72ab-2192-4f54-97e6-8a6415ab4483@group-50A5C3D1406A: set configuration 5: [c4301190-25a1-45f3-9c07-602cb455ff33|rpc:localhost:13378|admin:|client:|dataStream:|priority:0, 8bbb6ce4-f340-4649-96fb-203d33e3a68d|rpc:localhost:13368|admin:|client:|dataStream:|priority:0], old=null
2021-12-17 15:55:52,430 [grpc-default-executor-2] INFO  server.RaftServer$Division (RaftServerImpl.java:installSnapshot(1343)) - 30db72ab-2192-4f54-97e6-8a6415ab4483@group-50A5C3D1406A: reply installSnapshot: 8bbb6ce4-f340-4649-96fb-203d33e3a68d<-30db72ab-2192-4f54-97e6-8a6415ab4483#0:FAIL-t0,SNAPSHOT_INSTALLED,snapshotIndex=6
2021-12-17 15:55:52,431 [grpc-default-executor-2] INFO  server.GrpcServerProtocolService (GrpcServerProtocolService.java:onCompleted(140)) - 30db72ab-2192-4f54-97e6-8a6415ab4483: Completed INSTALL_SNAPSHOT, lastRequest: 8bbb6ce4-f340-4649-96fb-203d33e3a68d->30db72ab-2192-4f54-97e6-8a6415ab4483#0-t2,notify:(t:2, i:6)
2021-12-17 15:55:52,436 [grpc-default-executor-2] INFO  server.GrpcLogAppender (GrpcLogAppender.java:onNext(410)) - 8bbb6ce4-f340-4649-96fb-203d33e3a68d@group-50A5C3D1406A->30db72ab-2192-4f54-97e6-8a6415ab4483-InstallSnapshotResponseHandler: received the first reply 8bbb6ce4-f340-4649-96fb-203d33e3a68d<-30db72ab-2192-4f54-97e6-8a6415ab4483#0:FAIL-t0,SNAPSHOT_INSTALLED,snapshotIndex=6
2021-12-17 15:55:52,437 [grpc-default-executor-2] INFO  server.GrpcLogAppender (GrpcLogAppender.java:onNext(450)) - 8bbb6ce4-f340-4649-96fb-203d33e3a68d@group-50A5C3D1406A->30db72ab-2192-4f54-97e6-8a6415ab4483-InstallSnapshotResponseHandler: Follower installed snapshot at index 6
2021-12-17 15:55:52,437 [grpc-default-executor-2] INFO  leader.FollowerInfo (FollowerInfoImpl.java:lambda$new$0(47)) - 8bbb6ce4-f340-4649-96fb-203d33e3a68d@group-50A5C3D1406A->30db72ab-2192-4f54-97e6-8a6415ab4483: snapshotIndex: setUnconditionally 0 -> 6
2021-12-17 15:55:52,437 [grpc-default-executor-2] INFO  leader.FollowerInfo (FollowerInfoImpl.java:lambda$new$0(47)) - 8bbb6ce4-f340-4649-96fb-203d33e3a68d@group-50A5C3D1406A->30db72ab-2192-4f54-97e6-8a6415ab4483: matchIndex: setUnconditionally 0 -> 6
2021-12-17 15:55:52,437 [grpc-default-executor-2] INFO  leader.FollowerInfo (FollowerInfoImpl.java:lambda$new$0(47)) - 8bbb6ce4-f340-4649-96fb-203d33e3a68d@group-50A5C3D1406A->30db72ab-2192-4f54-97e6-8a6415ab4483: nextIndex: setUnconditionally 0 -> 7
2021-12-17 15:55:52,437 [grpc-default-executor-2] INFO  leader.FollowerInfo (FollowerInfoImpl.java:setAttemptedToInstallSnapshot(116)) - Follower 8bbb6ce4-f340-4649-96fb-203d33e3a68d@group-50A5C3D1406A->30db72ab-2192-4f54-97e6-8a6415ab4483 acknowledged installing snapshot
2021-12-17 15:55:52,440 [grpc-default-executor-2] INFO  leader.FollowerInfo (FollowerInfoImpl.java:lambda$new$0(47)) - 8bbb6ce4-f340-4649-96fb-203d33e3a68d@group-50A5C3D1406A->30db72ab-2192-4f54-97e6-8a6415ab4483: nextIndex: updateToMax old=7, new=7, updated? false
2021-12-17 15:55:52,454 [grpc-default-executor-2] INFO  impl.RoleInfo (RoleInfo.java:updateAndGet(130)) - 30db72ab-2192-4f54-97e6-8a6415ab4483: start 30db72ab-2192-4f54-97e6-8a6415ab4483@group-50A5C3D1406A-FollowerState
2021-12-17 15:55:52,480 [30db72ab-2192-4f54-97e6-8a6415ab4483@group-50A5C3D1406A-StateMachineUpdater] INFO  ha.SCMHAManagerImpl (SCMHAManagerImpl.java:installCheckpoint(227)) - Installing checkpoint with SCMTransactionInfo 2#6
2021-12-17 15:55:52,482 [30db72ab-2192-4f54-97e6-8a6415ab4483@group-50A5C3D1406A-StateMachineUpdater] INFO  ha.SCMHAManagerImpl (SCMHAManagerImpl.java:installCheckpoint(266)) - Replaced DB with checkpoint, term: 2, index: 6
2021-12-17 15:55:52,482 [30db72ab-2192-4f54-97e6-8a6415ab4483@group-50A5C3D1406A-StateMachineUpdater] WARN  utils.HAUtils (HAUtils.java:getMetaDir(342)) - ozone.scm.db.dirs is not configured. We recommend adding this setting. Falling back to ozone.metadata.dirs instead.
2021-12-17 15:55:52,482 [30db72ab-2192-4f54-97e6-8a6415ab4483@group-50A5C3D1406A-StateMachineUpdater] WARN  db.DBStoreBuilder (DBStoreBuilder.java:applyDBDefinition(145)) - ozone.scm.db.dirs is not configured. We recommend adding this setting. Falling back to ozone.metadata.dirs instead.
2021-12-17 15:55:52,504 [30db72ab-2192-4f54-97e6-8a6415ab4483@group-50A5C3D1406A-StateMachineUpdater] INFO  ha.SequenceIdGenerator (SequenceIdGenerator.java:reinitialize(166)) - reinitialize SequenceIdGenerator.
2021-12-17 15:55:52,505 [30db72ab-2192-4f54-97e6-8a6415ab4483@group-50A5C3D1406A-StateMachineUpdater] INFO  pipeline.PipelineStateManagerImpl (PipelineStateManagerImpl.java:initialize(78)) - No pipeline exists in current db
2021-12-17 15:55:52,505 [30db72ab-2192-4f54-97e6-8a6415ab4483@group-50A5C3D1406A-StateMachineUpdater] INFO  ha.SCMHAManagerImpl (SCMHAManagerImpl.java:installCheckpoint(277)) - Reloaded SCM state with Term: 2 and Index: 6
2021-12-17 15:55:52,506 [30db72ab-2192-4f54-97e6-8a6415ab4483@group-50A5C3D1406A-StateMachineUpdater] INFO  impl.StateMachineUpdater (StateMachineUpdater.java:lambda$new$0(89)) - 30db72ab-2192-4f54-97e6-8a6415ab4483@group-50A5C3D1406A-StateMachineUpdater: snapshotIndex: setUnconditionally -1 -> 6
2021-12-17 15:55:52,506 [30db72ab-2192-4f54-97e6-8a6415ab4483@group-50A5C3D1406A-StateMachineUpdater] INFO  impl.StateMachineUpdater (StateMachineUpdater.java:lambda$new$0(89)) - 30db72ab-2192-4f54-97e6-8a6415ab4483@group-50A5C3D1406A-StateMachineUpdater: appliedIndex: setUnconditionally -1 -> 6
2021-12-17 15:55:57,264 [8bbb6ce4-f340-4649-96fb-203d33e3a68d@group-50A5C3D1406A-LeaderStateImpl] INFO  server.RaftServer$Division (ServerState.java:setRaftConf(387)) - 8bbb6ce4-f340-4649-96fb-203d33e3a68d@group-50A5C3D1406A: set configuration 7: [c4301190-25a1-45f3-9c07-602cb455ff33|rpc:localhost:13378|priority:0, 30db72ab-2192-4f54-97e6-8a6415ab4483|rpc:localhost:13388|priority:0, 8bbb6ce4-f340-4649-96fb-203d33e3a68d|rpc:localhost:13368|admin:|client:|dataStream:|priority:0], old=[c4301190-25a1-45f3-9c07-602cb455ff33|rpc:localhost:13378|priority:0, 8bbb6ce4-f340-4649-96fb-203d33e3a68d|rpc:localhost:13368|admin:|client:|dataStream:|priority:0]
2021-12-17 15:55:57,266 [grpc-default-executor-2] INFO  server.RaftServer$Division (ServerState.java:setRaftConf(387)) - c4301190-25a1-45f3-9c07-602cb455ff33@group-50A5C3D1406A: set configuration 7: [c4301190-25a1-45f3-9c07-602cb455ff33|rpc:localhost:13378|admin:|client:|dataStream:|priority:0, 30db72ab-2192-4f54-97e6-8a6415ab4483|rpc:localhost:13388|admin:|client:|dataStream:|priority:0, 8bbb6ce4-f340-4649-96fb-203d33e3a68d|rpc:localhost:13368|admin:|client:|dataStream:|priority:0], old=[c4301190-25a1-45f3-9c07-602cb455ff33|rpc:localhost:13378|admin:|client:|dataStream:|priority:0, 8bbb6ce4-f340-4649-96fb-203d33e3a68d|rpc:localhost:13368|admin:|client:|dataStream:|priority:0]
2021-12-17 15:55:57,267 [grpc-default-executor-3] INFO  server.RaftServer$Division (ServerState.java:setRaftConf(387)) - 30db72ab-2192-4f54-97e6-8a6415ab4483@group-50A5C3D1406A: set configuration 7: [c4301190-25a1-45f3-9c07-602cb455ff33|rpc:localhost:13378|admin:|client:|dataStream:|priority:0, 30db72ab-2192-4f54-97e6-8a6415ab4483|rpc:localhost:13388|admin:|client:|dataStream:|priority:0, 8bbb6ce4-f340-4649-96fb-203d33e3a68d|rpc:localhost:13368|admin:|client:|dataStream:|priority:0], old=[c4301190-25a1-45f3-9c07-602cb455ff33|rpc:localhost:13378|admin:|client:|dataStream:|priority:0, 8bbb6ce4-f340-4649-96fb-203d33e3a68d|rpc:localhost:13368|admin:|client:|dataStream:|priority:0]
2021-12-17 15:55:57,269 [grpc-default-executor-3] INFO  segmented.SegmentedRaftLogWorker (SegmentedRaftLogWorker.java:startLogSegment(394)) - 30db72ab-2192-4f54-97e6-8a6415ab4483@group-50A5C3D1406A-SegmentedRaftLogWorker: Starting segment from index:7
2021-12-17 15:55:57,274 [8bbb6ce4-f340-4649-96fb-203d33e3a68d@group-50A5C3D1406A-LeaderStateImpl] INFO  server.RaftServer$Division (ServerState.java:setRaftConf(387)) - 8bbb6ce4-f340-4649-96fb-203d33e3a68d@group-50A5C3D1406A: set configuration 9: [c4301190-25a1-45f3-9c07-602cb455ff33|rpc:localhost:13378|priority:0, 30db72ab-2192-4f54-97e6-8a6415ab4483|rpc:localhost:13388|priority:0, 8bbb6ce4-f340-4649-96fb-203d33e3a68d|rpc:localhost:13368|admin:|client:|dataStream:|priority:0], old=null
2021-12-17 15:55:57,276 [grpc-default-executor-3] INFO  server.RaftServer$Division (ServerState.java:setRaftConf(387)) - 30db72ab-2192-4f54-97e6-8a6415ab4483@group-50A5C3D1406A: set configuration 9: [c4301190-25a1-45f3-9c07-602cb455ff33|rpc:localhost:13378|admin:|client:|dataStream:|priority:0, 30db72ab-2192-4f54-97e6-8a6415ab4483|rpc:localhost:13388|admin:|client:|dataStream:|priority:0, 8bbb6ce4-f340-4649-96fb-203d33e3a68d|rpc:localhost:13368|admin:|client:|dataStream:|priority:0], old=null
2021-12-17 15:55:57,277 [grpc-default-executor-2] INFO  server.RaftServer$Division (ServerState.java:setRaftConf(387)) - c4301190-25a1-45f3-9c07-602cb455ff33@group-50A5C3D1406A: set configuration 9: [c4301190-25a1-45f3-9c07-602cb455ff33|rpc:localhost:13378|admin:|client:|dataStream:|priority:0, 30db72ab-2192-4f54-97e6-8a6415ab4483|rpc:localhost:13388|admin:|client:|dataStream:|priority:0, 8bbb6ce4-f340-4649-96fb-203d33e3a68d|rpc:localhost:13368|admin:|client:|dataStream:|priority:0], old=null
2021-12-17 15:55:57,280 [IPC Server handler 0 on default port 13370] INFO  ha.SCMRatisServerImpl (SCMRatisServerImpl.java:addSCM(302)) - Successfully added new SCM: 30db72ab-2192-4f54-97e6-8a6415ab4483.
2021-12-17 15:55:57,281 [Listener at 0.0.0.0/13391] INFO  ha.SCMHAManagerImpl (SCMHAManagerImpl.java:start(116)) - Successfully added SCM scmNode-3 to group group-50A5C3D1406A:[c4301190-25a1-45f3-9c07-602cb455ff33|rpc:localhost:13378|admin:|client:|dataStream:|priority:0, 30db72ab-2192-4f54-97e6-8a6415ab4483|rpc:localhost:13388|admin:|client:|dataStream:|priority:0, 8bbb6ce4-f340-4649-96fb-203d33e3a68d|rpc:localhost:13368|admin:|client:|dataStream:|priority:0]
2021-12-17 15:55:57,281 [Listener at 0.0.0.0/13391] INFO  ha.InterSCMGrpcService (InterSCMGrpcProtocolService.java:start(94)) - Starting SCM Grpc Service at port 13392
2021-12-17 15:55:57,283 [Listener at 0.0.0.0/13391] INFO  impl.MetricsSystemImpl (MetricsSystemImpl.java:init(158)) - StorageContainerManager metrics system started (again)
2021-12-17 15:55:57,285 [30db72ab-2192-4f54-97e6-8a6415ab4483@group-50A5C3D1406A-SegmentedRaftLogWorker] INFO  segmented.SegmentedRaftLogWorker (SegmentedRaftLogWorker.java:execute(601)) - 30db72ab-2192-4f54-97e6-8a6415ab4483@group-50A5C3D1406A-SegmentedRaftLogWorker: created new log segment /home/runner/work/ozone/ozone/hadoop-ozone/integration-test/target/test-dir/MiniOzoneClusterImpl-5c40dcc8-fe42-479e-8e18-50a5c3d1406a/scmNode-3/scm-ha/5c40dcc8-fe42-479e-8e18-50a5c3d1406a/current/log_inprogress_7
2021-12-17 15:55:57,300 [Listener at 0.0.0.0/13391] INFO  server.SCMClientProtocolServer (SCMClientProtocolServer.java:start(164)) - RPC server for Client  is listening at /0.0.0.0:13391
2021-12-17 15:55:57,301 [IPC Server Responder] INFO  ipc.Server (Server.java:run(1507)) - IPC Server Responder: starting
2021-12-17 15:55:57,301 [IPC Server listener on 13391] INFO  ipc.Server (Server.java:run(1344)) - IPC Server listener on 13391: starting
2021-12-17 15:55:57,303 [Listener at 0.0.0.0/13391] INFO  server.StorageContainerManager (StorageContainerManager.java:start(1318)) - ScmBlockLocationProtocol RPC server is listening at /0.0.0.0:13390
2021-12-17 15:55:57,304 [Listener at 0.0.0.0/13391] INFO  server.SCMBlockProtocolServer (SCMBlockProtocolServer.java:start(151)) - RPC server for Block Protocol is listening at /0.0.0.0:13390
2021-12-17 15:55:57,304 [IPC Server Responder] INFO  ipc.Server (Server.java:run(1507)) - IPC Server Responder: starting
2021-12-17 15:55:57,304 [IPC Server listener on 13390] INFO  ipc.Server (Server.java:run(1344)) - IPC Server listener on 13390: starting
2021-12-17 15:55:57,312 [Listener at 0.0.0.0/13391] INFO  server.StorageContainerManager (StorageContainerManager.java:start(1324)) - ScmDatanodeProtocl RPC server is listening at /0.0.0.0:13389
2021-12-17 15:55:57,314 [30db72ab-2192-4f54-97e6-8a6415ab4483@group-50A5C3D1406A-StateMachineUpdater] INFO  safemode.HealthyPipelineSafeModeRule (HealthyPipelineSafeModeRule.java:initializeRule(152)) - Refreshed total pipeline count is 0, healthy pipeline threshold count is 1
2021-12-17 15:55:57,314 [Listener at 0.0.0.0/13391] INFO  http.BaseHttpServer (BaseHttpServer.java:newHttpServer2BuilderForOzone(209)) - Starting Web-server for scm at: http://0.0.0.0:13386
2021-12-17 15:55:57,314 [30db72ab-2192-4f54-97e6-8a6415ab4483@group-50A5C3D1406A-StateMachineUpdater] INFO  safemode.ContainerSafeModeRule (ContainerSafeModeRule.java:reInitializeRule(177)) - Refreshed one replica container threshold 0, currentThreshold 0
2021-12-17 15:55:57,314 [30db72ab-2192-4f54-97e6-8a6415ab4483@group-50A5C3D1406A-StateMachineUpdater] INFO  safemode.OneReplicaPipelineSafeModeRule (OneReplicaPipelineSafeModeRule.java:initializeRule(176)) - Refreshed Total pipeline count is 0, pipeline's with at least one datanode reported threshold count is 0
2021-12-17 15:55:57,314 [Listener at 0.0.0.0/13391] INFO  http.BaseHttpServer (BaseHttpServer.java:<init>(107)) - Hadoop Security Enabled: false Ozone Security Enabled: false Ozone HTTP Security Enabled: false 
2021-12-17 15:55:57,315 [org.apache.hadoop.util.JvmPauseMonitor$Monitor@482d8bfa] INFO  util.JvmPauseMonitor (JvmPauseMonitor.java:run(188)) - Starting JVM pause monitor
2021-12-17 15:55:57,316 [Listener at 0.0.0.0/13391] INFO  server.AuthenticationFilter (AuthenticationFilter.java:constructSecretProvider(240)) - Unable to initialize FileSignerSecretProvider, falling back to use random secrets.
2021-12-17 15:55:57,315 [30db72ab-2192-4f54-97e6-8a6415ab4483@group-50A5C3D1406A-StateMachineUpdater] INFO  server.SCMDatanodeProtocolServer (SCMDatanodeProtocolServer.java:start(181)) - RPC server for DataNodes is listening at /0.0.0.0:13389
2021-12-17 15:55:57,317 [Listener at 0.0.0.0/13391] WARN  http.HttpRequestLog (HttpRequestLog.java:getRequestLog(103)) - Jetty request log can only be enabled using Log4j
2021-12-17 15:55:57,324 [Listener at 0.0.0.0/13391] INFO  http.HttpServer2 (HttpServer2.java:addGlobalFilter(1030)) - Added global filter 'safety' (class=org.apache.hadoop.hdds.server.http.HttpServer2$QuotingInputFilter)
2021-12-17 15:55:57,324 [Listener at 0.0.0.0/13391] INFO  http.HttpServer2 (HttpServer2.java:addFilter(1006)) - Added filter static_user_filter (class=org.apache.hadoop.http.lib.StaticUserWebFilter$StaticUserFilter) to context scm
2021-12-17 15:55:57,325 [Listener at 0.0.0.0/13391] INFO  http.HttpServer2 (HttpServer2.java:addFilter(1014)) - Added filter static_user_filter (class=org.apache.hadoop.http.lib.StaticUserWebFilter$StaticUserFilter) to context logs
2021-12-17 15:55:57,325 [Listener at 0.0.0.0/13391] INFO  http.HttpServer2 (HttpServer2.java:addFilter(1014)) - Added filter static_user_filter (class=org.apache.hadoop.http.lib.StaticUserWebFilter$StaticUserFilter) to context static
2021-12-17 15:55:57,325 [Listener at 0.0.0.0/13391] INFO  http.HttpServer2 (HttpServer2.java:bindListener(1249)) - Jetty bound to port 13386
2021-12-17 15:55:57,325 [Listener at 0.0.0.0/13391] INFO  server.Server (Server.java:doStart(375)) - jetty-9.4.43.v20210629; built: 2021-06-30T11:07:22.254Z; git: 526006ecfa3af7f1a27ef3a288e2bef7ea9dd7e8; jvm 1.8.0_292-b10
2021-12-17 15:55:57,326 [IPC Server listener on 13389] INFO  ipc.Server (Server.java:run(1344)) - IPC Server listener on 13389: starting
2021-12-17 15:55:57,333 [IPC Server Responder] INFO  ipc.Server (Server.java:run(1507)) - IPC Server Responder: starting
2021-12-17 15:55:57,342 [Listener at 0.0.0.0/13391] INFO  server.session (DefaultSessionIdManager.java:doStart(334)) - DefaultSessionIdManager workerName=node0
2021-12-17 15:55:57,342 [Listener at 0.0.0.0/13391] INFO  server.session (DefaultSessionIdManager.java:doStart(339)) - No SessionScavenger set, using defaults
2021-12-17 15:55:57,342 [Listener at 0.0.0.0/13391] INFO  server.session (HouseKeeper.java:startScavenging(132)) - node0 Scavenging every 660000ms
2021-12-17 15:55:57,343 [Listener at 0.0.0.0/13391] INFO  handler.ContextHandler (ContextHandler.java:doStart(915)) - Started o.e.j.s.ServletContextHandler@182c255a{logs,/logs,file:///home/runner/work/ozone/ozone/hadoop-ozone/integration-test/target/log,AVAILABLE}
2021-12-17 15:55:57,343 [Listener at 0.0.0.0/13391] INFO  handler.ContextHandler (ContextHandler.java:doStart(915)) - Started o.e.j.s.ServletContextHandler@6a7161c8{static,/static,file:///home/runner/work/ozone/ozone/hadoop-ozone/integration-test/target/test-classes/webapps/static,AVAILABLE}
2021-12-17 15:55:57,347 [Listener at 0.0.0.0/13391] INFO  handler.ContextHandler (ContextHandler.java:doStart(915)) - Started o.e.j.w.WebAppContext@22a78f48{scm,/,file:///home/runner/work/ozone/ozone/hadoop-ozone/integration-test/target/test-classes/webapps/scm/,AVAILABLE}{file:/home/runner/work/ozone/ozone/hadoop-ozone/integration-test/target/test-classes/webapps/scm}
2021-12-17 15:55:57,348 [Listener at 0.0.0.0/13391] INFO  server.AbstractConnector (AbstractConnector.java:doStart(331)) - Started ServerConnector@39b577ce{HTTP/1.1, (http/1.1)}{0.0.0.0:13386}
2021-12-17 15:55:57,348 [Listener at 0.0.0.0/13391] INFO  server.Server (Server.java:doStart(415)) - Started @25862ms
2021-12-17 15:55:57,348 [Listener at 0.0.0.0/13391] WARN  impl.MetricsSystemImpl (MetricsSystemImpl.java:register(279)) - Sink prometheus already exists!
2021-12-17 15:55:57,349 [Listener at 0.0.0.0/13391] INFO  http.BaseHttpServer (BaseHttpServer.java:updateConnectorAddress(329)) - HTTP server of scm listening at http://0.0.0.0:13386
2021-12-17 15:55:57,349 [Listener at 0.0.0.0/13391] INFO  ozone.MiniOzoneHAClusterImpl (MiniOzoneHAClusterImpl.java:createSCMService(577)) - Started SCM RPC server at org.apache.hadoop.hdds.scm.server.SCMClientProtocolServer@31d6533
2021-12-17 15:55:57,444 [Listener at 0.0.0.0/13391] INFO  ha.OMHANodeDetails (OMHANodeDetails.java:loadOMHAConfig(118)) - ServiceID for OzoneManager is omServiceId1
2021-12-17 15:55:57,448 [Listener at 0.0.0.0/13391] INFO  ha.OMHANodeDetails (OMHANodeDetails.java:loadOMHAConfig(192)) - Found matching OM address with OMServiceId: omServiceId1, OMNodeId: omNode-1, RPC Address: localhost:13368 and Ratis port: 13372
2021-12-17 15:55:57,449 [Listener at 0.0.0.0/13391] INFO  ha.OMHANodeDetails (ConfUtils.java:setNodeSpecificConfigs(108)) - Setting configuration key ozone.om.http-address with value of key ozone.om.http-address.omServiceId1.omNode-1: 127.0.0.1:13370
2021-12-17 15:55:57,449 [Listener at 0.0.0.0/13391] INFO  ha.OMHANodeDetails (ConfUtils.java:setNodeSpecificConfigs(108)) - Setting configuration key ozone.om.https-address with value of key ozone.om.https-address.omServiceId1.omNode-1: 127.0.0.1:13371
2021-12-17 15:55:57,449 [Listener at 0.0.0.0/13391] INFO  ha.OMHANodeDetails (ConfUtils.java:setNodeSpecificConfigs(108)) - Setting configuration key ozone.om.address with value of key ozone.om.address.omServiceId1.omNode-1: 127.0.0.1:13368
2021-12-17 15:55:57,449 [Listener at 0.0.0.0/13391] WARN  server.ServerUtils (ServerUtils.java:getDBPath(225)) - ozone.om.db.dirs is not configured. We recommend adding this setting. Falling back to ozone.metadata.dirs instead.
2021-12-17 15:55:57,453 [Listener at 0.0.0.0/13391] INFO  ha.SCMNodeInfo (SCMNodeInfo.java:getPort(197)) - ConfigKey ozone.scm.client.address is deprecated, For configuring different ports for each SCM use PortConfigKey ozone.scm.client.port appended with serviceId and nodeId
2021-12-17 15:55:57,453 [Listener at 0.0.0.0/13391] INFO  ha.SCMNodeInfo (SCMNodeInfo.java:getPort(197)) - ConfigKey ozone.scm.block.client.address is deprecated, For configuring different ports for each SCM use PortConfigKey ozone.scm.block.client.port appended with serviceId and nodeId
2021-12-17 15:55:57,453 [Listener at 0.0.0.0/13391] INFO  ha.SCMNodeInfo (SCMNodeInfo.java:getPort(197)) - ConfigKey ozone.scm.datanode.address is deprecated, For configuring different ports for each SCM use PortConfigKey ozone.scm.datanode.port appended with serviceId and nodeId
2021-12-17 15:55:57,453 [Listener at 0.0.0.0/13391] INFO  ha.SCMNodeInfo (SCMNodeInfo.java:getPort(197)) - ConfigKey ozone.scm.client.address is deprecated, For configuring different ports for each SCM use PortConfigKey ozone.scm.client.port appended with serviceId and nodeId
2021-12-17 15:55:57,453 [Listener at 0.0.0.0/13391] INFO  ha.SCMNodeInfo (SCMNodeInfo.java:getPort(197)) - ConfigKey ozone.scm.block.client.address is deprecated, For configuring different ports for each SCM use PortConfigKey ozone.scm.block.client.port appended with serviceId and nodeId
2021-12-17 15:55:57,453 [Listener at 0.0.0.0/13391] INFO  ha.SCMNodeInfo (SCMNodeInfo.java:getPort(197)) - ConfigKey ozone.scm.datanode.address is deprecated, For configuring different ports for each SCM use PortConfigKey ozone.scm.datanode.port appended with serviceId and nodeId
2021-12-17 15:55:57,453 [Listener at 0.0.0.0/13391] INFO  ha.SCMNodeInfo (SCMNodeInfo.java:getPort(197)) - ConfigKey ozone.scm.client.address is deprecated, For configuring different ports for each SCM use PortConfigKey ozone.scm.client.port appended with serviceId and nodeId
2021-12-17 15:55:57,453 [Listener at 0.0.0.0/13391] INFO  ha.SCMNodeInfo (SCMNodeInfo.java:getPort(197)) - ConfigKey ozone.scm.block.client.address is deprecated, For configuring different ports for each SCM use PortConfigKey ozone.scm.block.client.port appended with serviceId and nodeId
2021-12-17 15:55:57,453 [Listener at 0.0.0.0/13391] INFO  ha.SCMNodeInfo (SCMNodeInfo.java:getPort(197)) - ConfigKey ozone.scm.datanode.address is deprecated, For configuring different ports for each SCM use PortConfigKey ozone.scm.datanode.port appended with serviceId and nodeId
OM initialization succeeded.Current cluster id for sd=/home/runner/work/ozone/ozone/hadoop-ozone/integration-test/target/test-dir/MiniOzoneClusterImpl-5c40dcc8-fe42-479e-8e18-50a5c3d1406a/omNode-1/om;cid=5c40dcc8-fe42-479e-8e18-50a5c3d1406a;layoutVersion=0
2021-12-17 15:55:57,466 [Listener at 0.0.0.0/13391] INFO  ha.OMHANodeDetails (OMHANodeDetails.java:loadOMHAConfig(118)) - ServiceID for OzoneManager is omServiceId1
2021-12-17 15:55:57,466 [Listener at 0.0.0.0/13391] INFO  ha.OMHANodeDetails (OMHANodeDetails.java:loadOMHAConfig(192)) - Found matching OM address with OMServiceId: omServiceId1, OMNodeId: omNode-1, RPC Address: localhost:13368 and Ratis port: 13372
2021-12-17 15:55:57,466 [Listener at 0.0.0.0/13391] INFO  ha.OMHANodeDetails (ConfUtils.java:setNodeSpecificConfigs(108)) - Setting configuration key ozone.om.http-address with value of key ozone.om.http-address.omServiceId1.omNode-1: 127.0.0.1:13370
2021-12-17 15:55:57,466 [Listener at 0.0.0.0/13391] INFO  ha.OMHANodeDetails (ConfUtils.java:setNodeSpecificConfigs(108)) - Setting configuration key ozone.om.https-address with value of key ozone.om.https-address.omServiceId1.omNode-1: 127.0.0.1:13371
2021-12-17 15:55:57,466 [Listener at 0.0.0.0/13391] INFO  ha.OMHANodeDetails (ConfUtils.java:setNodeSpecificConfigs(108)) - Setting configuration key ozone.om.address with value of key ozone.om.address.omServiceId1.omNode-1: 127.0.0.1:13368
2021-12-17 15:55:57,469 [Listener at 0.0.0.0/13391] WARN  server.ServerUtils (ServerUtils.java:getDBPath(225)) - ozone.om.db.dirs is not configured. We recommend adding this setting. Falling back to ozone.metadata.dirs instead.
2021-12-17 15:55:57,471 [Listener at 0.0.0.0/13391] INFO  upgrade.AbstractLayoutVersionManager (AbstractLayoutVersionManager.java:init(79)) - Initializing Layout version manager with metadata layout = INITIAL_VERSION (version = 0), software layout = INITIAL_VERSION (version = 0)
2021-12-17 15:55:57,535 [Listener at 0.0.0.0/13391] INFO  reflections.Reflections (Reflections.java:scan(232)) - Reflections took 60 ms to scan 2 urls, producing 133 keys and 345 values [using 2 cores]
2021-12-17 15:55:57,539 [Listener at 0.0.0.0/13391] INFO  upgrade.OMLayoutVersionManager (OMLayoutVersionManager.java:lambda$0(115)) - Skipping Upgrade Action MockOmUpgradeAction since it has been finalized.
2021-12-17 15:55:57,540 [Listener at 0.0.0.0/13391] WARN  server.ServerUtils (ServerUtils.java:getDBPath(225)) - ozone.om.db.dirs is not configured. We recommend adding this setting. Falling back to ozone.metadata.dirs instead.
2021-12-17 15:55:57,545 [Listener at 0.0.0.0/13391] INFO  ha.SCMNodeInfo (SCMNodeInfo.java:getPort(197)) - ConfigKey ozone.scm.client.address is deprecated, For configuring different ports for each SCM use PortConfigKey ozone.scm.client.port appended with serviceId and nodeId
2021-12-17 15:55:57,546 [Listener at 0.0.0.0/13391] INFO  ha.SCMNodeInfo (SCMNodeInfo.java:getPort(197)) - ConfigKey ozone.scm.block.client.address is deprecated, For configuring different ports for each SCM use PortConfigKey ozone.scm.block.client.port appended with serviceId and nodeId
2021-12-17 15:55:57,546 [Listener at 0.0.0.0/13391] INFO  ha.SCMNodeInfo (SCMNodeInfo.java:getPort(197)) - ConfigKey ozone.scm.datanode.address is deprecated, For configuring different ports for each SCM use PortConfigKey ozone.scm.datanode.port appended with serviceId and nodeId
2021-12-17 15:55:57,546 [Listener at 0.0.0.0/13391] INFO  ha.SCMNodeInfo (SCMNodeInfo.java:getPort(197)) - ConfigKey ozone.scm.client.address is deprecated, For configuring different ports for each SCM use PortConfigKey ozone.scm.client.port appended with serviceId and nodeId
2021-12-17 15:55:57,546 [Listener at 0.0.0.0/13391] INFO  ha.SCMNodeInfo (SCMNodeInfo.java:getPort(197)) - ConfigKey ozone.scm.block.client.address is deprecated, For configuring different ports for each SCM use PortConfigKey ozone.scm.block.client.port appended with serviceId and nodeId
2021-12-17 15:55:57,546 [Listener at 0.0.0.0/13391] INFO  ha.SCMNodeInfo (SCMNodeInfo.java:getPort(197)) - ConfigKey ozone.scm.datanode.address is deprecated, For configuring different ports for each SCM use PortConfigKey ozone.scm.datanode.port appended with serviceId and nodeId
2021-12-17 15:55:57,546 [Listener at 0.0.0.0/13391] INFO  ha.SCMNodeInfo (SCMNodeInfo.java:getPort(197)) - ConfigKey ozone.scm.client.address is deprecated, For configuring different ports for each SCM use PortConfigKey ozone.scm.client.port appended with serviceId and nodeId
2021-12-17 15:55:57,546 [Listener at 0.0.0.0/13391] INFO  ha.SCMNodeInfo (SCMNodeInfo.java:getPort(197)) - ConfigKey ozone.scm.block.client.address is deprecated, For configuring different ports for each SCM use PortConfigKey ozone.scm.block.client.port appended with serviceId and nodeId
2021-12-17 15:55:57,546 [Listener at 0.0.0.0/13391] INFO  ha.SCMNodeInfo (SCMNodeInfo.java:getPort(197)) - ConfigKey ozone.scm.datanode.address is deprecated, For configuring different ports for each SCM use PortConfigKey ozone.scm.datanode.port appended with serviceId and nodeId
2021-12-17 15:55:57,645 [Listener at 0.0.0.0/13391] INFO  ha.SCMNodeInfo (SCMNodeInfo.java:getPort(197)) - ConfigKey ozone.scm.client.address is deprecated, For configuring different ports for each SCM use PortConfigKey ozone.scm.client.port appended with serviceId and nodeId
2021-12-17 15:55:57,645 [Listener at 0.0.0.0/13391] INFO  ha.SCMNodeInfo (SCMNodeInfo.java:getPort(197)) - ConfigKey ozone.scm.block.client.address is deprecated, For configuring different ports for each SCM use PortConfigKey ozone.scm.block.client.port appended with serviceId and nodeId
2021-12-17 15:55:57,645 [Listener at 0.0.0.0/13391] INFO  ha.SCMNodeInfo (SCMNodeInfo.java:getPort(197)) - ConfigKey ozone.scm.datanode.address is deprecated, For configuring different ports for each SCM use PortConfigKey ozone.scm.datanode.port appended with serviceId and nodeId
2021-12-17 15:55:57,645 [Listener at 0.0.0.0/13391] INFO  ha.SCMNodeInfo (SCMNodeInfo.java:getPort(197)) - ConfigKey ozone.scm.client.address is deprecated, For configuring different ports for each SCM use PortConfigKey ozone.scm.client.port appended with serviceId and nodeId
2021-12-17 15:55:57,645 [Listener at 0.0.0.0/13391] INFO  ha.SCMNodeInfo (SCMNodeInfo.java:getPort(197)) - ConfigKey ozone.scm.block.client.address is deprecated, For configuring different ports for each SCM use PortConfigKey ozone.scm.block.client.port appended with serviceId and nodeId
2021-12-17 15:55:57,645 [Listener at 0.0.0.0/13391] INFO  ha.SCMNodeInfo (SCMNodeInfo.java:getPort(197)) - ConfigKey ozone.scm.datanode.address is deprecated, For configuring different ports for each SCM use PortConfigKey ozone.scm.datanode.port appended with serviceId and nodeId
2021-12-17 15:55:57,645 [Listener at 0.0.0.0/13391] INFO  ha.SCMNodeInfo (SCMNodeInfo.java:getPort(197)) - ConfigKey ozone.scm.client.address is deprecated, For configuring different ports for each SCM use PortConfigKey ozone.scm.client.port appended with serviceId and nodeId
2021-12-17 15:55:57,646 [Listener at 0.0.0.0/13391] INFO  ha.SCMNodeInfo (SCMNodeInfo.java:getPort(197)) - ConfigKey ozone.scm.block.client.address is deprecated, For configuring different ports for each SCM use PortConfigKey ozone.scm.block.client.port appended with serviceId and nodeId
2021-12-17 15:55:57,646 [Listener at 0.0.0.0/13391] INFO  ha.SCMNodeInfo (SCMNodeInfo.java:getPort(197)) - ConfigKey ozone.scm.datanode.address is deprecated, For configuring different ports for each SCM use PortConfigKey ozone.scm.datanode.port appended with serviceId and nodeId
2021-12-17 15:55:57,647 [Listener at 0.0.0.0/13391] INFO  ha.SCMNodeInfo (SCMNodeInfo.java:getPort(197)) - ConfigKey ozone.scm.client.address is deprecated, For configuring different ports for each SCM use PortConfigKey ozone.scm.client.port appended with serviceId and nodeId
2021-12-17 15:55:57,647 [Listener at 0.0.0.0/13391] INFO  ha.SCMNodeInfo (SCMNodeInfo.java:getPort(197)) - ConfigKey ozone.scm.block.client.address is deprecated, For configuring different ports for each SCM use PortConfigKey ozone.scm.block.client.port appended with serviceId and nodeId
2021-12-17 15:55:57,647 [Listener at 0.0.0.0/13391] INFO  ha.SCMNodeInfo (SCMNodeInfo.java:getPort(197)) - ConfigKey ozone.scm.datanode.address is deprecated, For configuring different ports for each SCM use PortConfigKey ozone.scm.datanode.port appended with serviceId and nodeId
2021-12-17 15:55:57,648 [Listener at 0.0.0.0/13391] INFO  ha.SCMNodeInfo (SCMNodeInfo.java:getPort(197)) - ConfigKey ozone.scm.client.address is deprecated, For configuring different ports for each SCM use PortConfigKey ozone.scm.client.port appended with serviceId and nodeId
2021-12-17 15:55:57,648 [Listener at 0.0.0.0/13391] INFO  ha.SCMNodeInfo (SCMNodeInfo.java:getPort(197)) - ConfigKey ozone.scm.block.client.address is deprecated, For configuring different ports for each SCM use PortConfigKey ozone.scm.block.client.port appended with serviceId and nodeId
2021-12-17 15:55:57,648 [Listener at 0.0.0.0/13391] INFO  ha.SCMNodeInfo (SCMNodeInfo.java:getPort(197)) - ConfigKey ozone.scm.datanode.address is deprecated, For configuring different ports for each SCM use PortConfigKey ozone.scm.datanode.port appended with serviceId and nodeId
2021-12-17 15:55:57,648 [Listener at 0.0.0.0/13391] INFO  ha.SCMNodeInfo (SCMNodeInfo.java:getPort(197)) - ConfigKey ozone.scm.client.address is deprecated, For configuring different ports for each SCM use PortConfigKey ozone.scm.client.port appended with serviceId and nodeId
2021-12-17 15:55:57,648 [Listener at 0.0.0.0/13391] INFO  ha.SCMNodeInfo (SCMNodeInfo.java:getPort(197)) - ConfigKey ozone.scm.block.client.address is deprecated, For configuring different ports for each SCM use PortConfigKey ozone.scm.block.client.port appended with serviceId and nodeId
2021-12-17 15:55:57,648 [Listener at 0.0.0.0/13391] INFO  ha.SCMNodeInfo (SCMNodeInfo.java:getPort(197)) - ConfigKey ozone.scm.datanode.address is deprecated, For configuring different ports for each SCM use PortConfigKey ozone.scm.datanode.port appended with serviceId and nodeId
2021-12-17 15:55:57,683 [Listener at 0.0.0.0/13391] WARN  server.ServerUtils (ServerUtils.java:getDBPath(225)) - ozone.om.db.dirs is not configured. We recommend adding this setting. Falling back to ozone.metadata.dirs instead.
2021-12-17 15:55:57,689 [Listener at 0.0.0.0/13391] INFO  codec.OmKeyInfoCodec (OmKeyInfoCodec.java:<init>(50)) - OmKeyInfoCodec ignorePipeline = true
2021-12-17 15:55:57,690 [Listener at 0.0.0.0/13391] INFO  codec.RepeatedOmKeyInfoCodec (RepeatedOmKeyInfoCodec.java:<init>(42)) - RepeatedOmKeyInfoCodec ignorePipeline = true
2021-12-17 15:55:57,907 [Listener at 0.0.0.0/13391] INFO  om.OzoneManager (OzoneManager.java:addS3GVolumeToDB(3660)) - Created Volume s3v With Owner runner required for S3Gateway operations.
2021-12-17 15:55:57,950 [Listener at 0.0.0.0/13391] WARN  server.ServerUtils (ServerUtils.java:getDefaultRatisDirectory(237)) - Storage directory for Ratis is not configured. It is a good idea to map this to an SSD disk. Falling back to ozone.metadata.dirs
2021-12-17 15:55:57,952 [Listener at 0.0.0.0/13391] WARN  utils.OzoneManagerRatisUtils (OzoneManagerRatisUtils.java:getOMRatisSnapshotDirectory(323)) - ozone.om.ratis.snapshot.dir is not configured. Falling back to ozone.metadata.dirs config
2021-12-17 15:55:57,957 [Listener at 0.0.0.0/13391] INFO  snapshot.OzoneManagerSnapshotProvider (OzoneManagerSnapshotProvider.java:<init>(76)) - Initializing OM Snapshot Provider
2021-12-17 15:55:58,098 [Listener at 0.0.0.0/13391] WARN  impl.MetricRegistriesImpl (MetricRegistriesImpl.java:addReporterRegistration(111)) - New reporters are added after registries were created. Some metrics will be missing from the reporter. Please add reporter before adding any new registry.
2021-12-17 15:55:58,098 [Listener at 0.0.0.0/13391] WARN  impl.MetricRegistriesImpl (MetricRegistriesImpl.java:addReporterRegistration(111)) - New reporters are added after registries were created. Some metrics will be missing from the reporter. Please add reporter before adding any new registry.
2021-12-17 15:55:58,099 [Listener at 0.0.0.0/13391] WARN  server.ServerUtils (ServerUtils.java:getDefaultRatisDirectory(237)) - Storage directory for Ratis is not configured. It is a good idea to map this to an SSD disk. Falling back to ozone.metadata.dirs
2021-12-17 15:55:58,103 [Listener at 0.0.0.0/13391] INFO  ratis.OzoneManagerRatisServer (OzoneManagerRatisServer.java:<init>(159)) - Instantiating OM Ratis server with groupID: omServiceId1 and peers: localhost:13372, localhost:13384, localhost:13378
2021-12-17 15:55:58,106 [Listener at 0.0.0.0/13391] INFO  ratis.OzoneManagerStateMachine (OzoneManagerStateMachine.java:loadSnapshotInfoFromDB(605)) - LastAppliedIndex is set from TransactionInfo from OM DB as (t:0, i:~)
2021-12-17 15:55:58,116 [Listener at 0.0.0.0/13391] INFO  server.RaftServer (ConfUtils.java:logGet(44)) - raft.rpc.type = GRPC (default)
2021-12-17 15:55:58,116 [Listener at 0.0.0.0/13391] INFO  grpc.GrpcFactory (GrpcFactory.java:checkPooledByteBufAllocatorUseCacheForAllThreads(48)) - PERFORMANCE WARNING: useCacheForAllThreads is true that may cause Netty to create a lot garbage objects and, as a result, trigger GC.
	It is recommended to disable useCacheForAllThreads by setting -Dorg.apache.ratis.thirdparty.io.netty.allocator.useCacheForAllThreads=false in command line.
2021-12-17 15:55:58,117 [Listener at 0.0.0.0/13391] INFO  grpc.GrpcConfigKeys (ConfUtils.java:logGet(44)) - raft.grpc.admin.port = -1 (default)
2021-12-17 15:55:58,117 [Listener at 0.0.0.0/13391] INFO  grpc.GrpcConfigKeys (ConfUtils.java:logGet(44)) - raft.grpc.server.port = 13372 (custom)
2021-12-17 15:55:58,117 [Listener at 0.0.0.0/13391] INFO  grpc.GrpcConfigKeys (ConfUtils.java:logGet(44)) - raft.grpc.client.port = -1 (default)
2021-12-17 15:55:58,117 [Listener at 0.0.0.0/13391] INFO  grpc.GrpcConfigKeys (ConfUtils.java:logGet(44)) - raft.grpc.server.port = 13372 (custom)
2021-12-17 15:55:58,117 [Listener at 0.0.0.0/13391] INFO  grpc.GrpcConfigKeys (ConfUtils.java:logGet(44)) - raft.grpc.server.port = 13372 (custom)
2021-12-17 15:55:58,117 [Listener at 0.0.0.0/13391] INFO  server.GrpcService (ConfUtils.java:logGet(44)) - raft.grpc.message.size.max = 33554432 (custom)
2021-12-17 15:55:58,117 [Listener at 0.0.0.0/13391] INFO  server.RaftServerConfigKeys (ConfUtils.java:logGet(44)) - raft.server.log.appender.buffer.byte-limit = 33554432 (custom)
2021-12-17 15:55:58,117 [Listener at 0.0.0.0/13391] INFO  server.GrpcService (ConfUtils.java:logGet(44)) - raft.grpc.flow.control.window = 1MB (=1048576) (default)
2021-12-17 15:55:58,117 [Listener at 0.0.0.0/13391] INFO  server.RaftServerConfigKeys (ConfUtils.java:logGet(44)) - raft.server.rpc.request.timeout = 3000ms (default)
2021-12-17 15:55:58,119 [Listener at 0.0.0.0/13391] INFO  impl.DataStreamServerImpl (ConfUtils.java:logGet(44)) - raft.datastream.type = DISABLED (default)
2021-12-17 15:55:58,119 [Listener at 0.0.0.0/13391] INFO  server.RaftServerConfigKeys (ConfUtils.java:logGet(44)) - raft.server.rpc.slowness.timeout = 2s (custom)
2021-12-17 15:55:58,119 [Listener at 0.0.0.0/13391] INFO  server.RaftServerConfigKeys (ConfUtils.java:logGet(44)) - raft.server.leaderelection.leader.step-down.wait-time = 10s (default)
2021-12-17 15:55:58,119 [Listener at 0.0.0.0/13391] INFO  server.RaftServerConfigKeys (ConfUtils.java:logGet(44)) - raft.server.storage.dir = [/home/runner/work/ozone/ozone/hadoop-ozone/integration-test/target/test-dir/MiniOzoneClusterImpl-5c40dcc8-fe42-479e-8e18-50a5c3d1406a/omNode-1/ratis] (custom)
2021-12-17 15:55:58,120 [Listener at 0.0.0.0/13391] INFO  server.RaftServer (RaftServerProxy.java:addNew(95)) - omNode-1: addNew group-6C22E66A003A:[omNode-3|rpc:localhost:13384|priority:0, omNode-1|rpc:localhost:13372|priority:0, omNode-2|rpc:localhost:13378|priority:0] returns group-6C22E66A003A:java.util.concurrent.CompletableFuture@56bc1e0a[Not completed]
2021-12-17 15:55:58,121 [Listener at 0.0.0.0/13391] INFO  om.OzoneManager (OzoneManager.java:initializeRatisServer(1770)) - OzoneManager Ratis server initialized at port 13372
2021-12-17 15:55:58,128 [pool-113-thread-1] INFO  server.RaftServer$Division (RaftServerImpl.java:<init>(184)) - omNode-1: new RaftServerImpl for group-6C22E66A003A:[omNode-3|rpc:localhost:13384|priority:0, omNode-1|rpc:localhost:13372|priority:0, omNode-2|rpc:localhost:13378|priority:0] with OzoneManagerStateMachine:uninitialized
2021-12-17 15:55:58,134 [pool-113-thread-1] INFO  server.RaftServerConfigKeys (ConfUtils.java:logGet(44)) - raft.server.rpc.timeout.min = 1s (custom)
2021-12-17 15:55:58,134 [pool-113-thread-1] INFO  server.RaftServerConfigKeys (ConfUtils.java:logGet(44)) - raft.server.rpc.timeout.max = 1200ms (custom)
2021-12-17 15:55:58,134 [pool-113-thread-1] INFO  server.RaftServerConfigKeys (ConfUtils.java:logGet(44)) - raft.server.rpc.sleep.time = 25ms (default)
2021-12-17 15:55:58,134 [pool-113-thread-1] INFO  server.RaftServerConfigKeys (ConfUtils.java:logGet(44)) - raft.server.rpc.slowness.timeout = 2s (custom)
2021-12-17 15:55:58,134 [pool-113-thread-1] INFO  server.RaftServerConfigKeys (ConfUtils.java:logGet(44)) - raft.server.leaderelection.leader.step-down.wait-time = 10s (default)
2021-12-17 15:55:58,134 [pool-113-thread-1] INFO  server.RaftServerConfigKeys (ConfUtils.java:logGet(44)) - raft.server.sleep.deviation.threshold = 300ms (default)
2021-12-17 15:55:58,134 [pool-113-thread-1] INFO  server.RaftServerConfigKeys (ConfUtils.java:logGet(44)) - raft.server.log.appender.install.snapshot.enabled = false (custom)
2021-12-17 15:55:58,134 [pool-113-thread-1] INFO  server.RaftServer$Division (ServerState.java:<init>(105)) - omNode-1@group-6C22E66A003A: ConfigurationManager, init=-1: [omNode-3|rpc:localhost:13384|priority:0, omNode-1|rpc:localhost:13372|priority:0, omNode-2|rpc:localhost:13378|priority:0], old=null, confs=<EMPTY_MAP>
2021-12-17 15:55:58,134 [pool-113-thread-1] INFO  server.RaftServerConfigKeys (ConfUtils.java:logGet(44)) - raft.server.storage.dir = [/home/runner/work/ozone/ozone/hadoop-ozone/integration-test/target/test-dir/MiniOzoneClusterImpl-5c40dcc8-fe42-479e-8e18-50a5c3d1406a/omNode-1/ratis] (custom)
2021-12-17 15:55:58,134 [pool-113-thread-1] INFO  server.RaftServerConfigKeys (ConfUtils.java:logGet(44)) - raft.server.log.corruption.policy = EXCEPTION (default)
2021-12-17 15:55:58,134 [pool-113-thread-1] INFO  server.RaftServerConfigKeys (ConfUtils.java:logGet(44)) - raft.server.storage.free-space.min = 0MB (=0) (default)
2021-12-17 15:55:58,135 [pool-113-thread-1] INFO  storage.RaftStorageDirectory (RaftStorageDirectoryImpl.java:analyzeStorage(135)) - The storage directory /home/runner/work/ozone/ozone/hadoop-ozone/integration-test/target/test-dir/MiniOzoneClusterImpl-5c40dcc8-fe42-479e-8e18-50a5c3d1406a/omNode-1/ratis/9c9825ce-8ba7-3ee6-a7c3-6c22e66a003a does not exist. Creating ...
2021-12-17 15:55:58,135 [Listener at 0.0.0.0/13391] INFO  ipc.CallQueueManager (CallQueueManager.java:<init>(90)) - Using callQueue: class java.util.concurrent.LinkedBlockingQueue, queueCapacity: 2000, scheduler: class org.apache.hadoop.ipc.DefaultRpcScheduler, ipcBackoff: false.
2021-12-17 15:55:58,136 [pool-113-thread-1] INFO  storage.RaftStorageDirectory (RaftStorageDirectoryImpl.java:tryLock(230)) - Lock on /home/runner/work/ozone/ozone/hadoop-ozone/integration-test/target/test-dir/MiniOzoneClusterImpl-5c40dcc8-fe42-479e-8e18-50a5c3d1406a/omNode-1/ratis/9c9825ce-8ba7-3ee6-a7c3-6c22e66a003a/in_use.lock acquired by nodename 18230@fv-az297-331
2021-12-17 15:55:58,136 [Listener at 0.0.0.0/13391] INFO  ozone.MiniOzoneHAClusterImpl (MiniOzoneHAClusterImpl.java:createOMService(522)) - MiniOzoneHACluster port conflicts, retried 1 times
2021-12-17 15:55:58,137 [Listener at 0.0.0.0/13391] INFO  ha.OMHANodeDetails (OMHANodeDetails.java:loadOMHAConfig(118)) - ServiceID for OzoneManager is omServiceId1
2021-12-17 15:55:58,138 [pool-113-thread-1] INFO  storage.RaftStorage (RaftStorageImpl.java:format(89)) - Storage directory /home/runner/work/ozone/ozone/hadoop-ozone/integration-test/target/test-dir/MiniOzoneClusterImpl-5c40dcc8-fe42-479e-8e18-50a5c3d1406a/omNode-1/ratis/9c9825ce-8ba7-3ee6-a7c3-6c22e66a003a has been successfully formatted.
2021-12-17 15:55:58,139 [pool-113-thread-1] INFO  server.RaftServerConfigKeys (ConfUtils.java:logGet(44)) - raft.server.notification.no-leader.timeout = 2s (custom)
2021-12-17 15:55:58,139 [pool-113-thread-1] INFO  server.RaftServerConfigKeys (ConfUtils.java:logGet(44)) - raft.server.log.use.memory = false (default)
2021-12-17 15:55:58,139 [pool-113-thread-1] INFO  server.RaftServerConfigKeys (ConfUtils.java:logGet(44)) - raft.server.log.purge.gap = 1000000 (custom)
2021-12-17 15:55:58,139 [pool-113-thread-1] INFO  server.RaftServerConfigKeys (ConfUtils.java:logGet(44)) - raft.server.log.appender.buffer.byte-limit = 33554432 (custom)
2021-12-17 15:55:58,140 [pool-113-thread-1] INFO  server.RaftServerConfigKeys (ConfUtils.java:logGet(44)) - raft.server.log.segment.size.max = 4194304 (custom)
2021-12-17 15:55:58,140 [Listener at 0.0.0.0/13391] INFO  ha.OMHANodeDetails (OMHANodeDetails.java:loadOMHAConfig(192)) - Found matching OM address with OMServiceId: omServiceId1, OMNodeId: omNode-1, RPC Address: localhost:13756 and Ratis port: 13760
2021-12-17 15:55:58,140 [Listener at 0.0.0.0/13391] INFO  ha.OMHANodeDetails (ConfUtils.java:setNodeSpecificConfigs(108)) - Setting configuration key ozone.om.http-address with value of key ozone.om.http-address.omServiceId1.omNode-1: 127.0.0.1:13758
2021-12-17 15:55:58,140 [Listener at 0.0.0.0/13391] INFO  ha.OMHANodeDetails (ConfUtils.java:setNodeSpecificConfigs(108)) - Setting configuration key ozone.om.https-address with value of key ozone.om.https-address.omServiceId1.omNode-1: 127.0.0.1:13759
2021-12-17 15:55:58,140 [Listener at 0.0.0.0/13391] INFO  ha.OMHANodeDetails (ConfUtils.java:setNodeSpecificConfigs(108)) - Setting configuration key ozone.om.address with value of key ozone.om.address.omServiceId1.omNode-1: 127.0.0.1:13756
2021-12-17 15:55:58,140 [Listener at 0.0.0.0/13391] WARN  server.ServerUtils (ServerUtils.java:getDBPath(225)) - ozone.om.db.dirs is not configured. We recommend adding this setting. Falling back to ozone.metadata.dirs instead.
2021-12-17 15:55:58,140 [pool-113-thread-1] INFO  server.RaftServerConfigKeys (ConfUtils.java:logGet(44)) - raft.server.log.segment.cache.num.max = 2 (custom)
2021-12-17 15:55:58,140 [pool-113-thread-1] INFO  server.RaftServerConfigKeys (ConfUtils.java:logGet(44)) - raft.server.log.segment.cache.size.max = 200MB (=209715200) (default)
2021-12-17 15:55:58,140 [pool-113-thread-1] INFO  segmented.SegmentedRaftLogWorker (SegmentedRaftLogWorker.java:<init>(182)) - new omNode-1@group-6C22E66A003A-SegmentedRaftLogWorker for RaftStorageImpl:Storage Directory /home/runner/work/ozone/ozone/hadoop-ozone/integration-test/target/test-dir/MiniOzoneClusterImpl-5c40dcc8-fe42-479e-8e18-50a5c3d1406a/omNode-1/ratis/9c9825ce-8ba7-3ee6-a7c3-6c22e66a003a
OM already initialized.Reusing existing cluster id for sd=/home/runner/work/ozone/ozone/hadoop-ozone/integration-test/target/test-dir/MiniOzoneClusterImpl-5c40dcc8-fe42-479e-8e18-50a5c3d1406a/omNode-1/om;cid=5c40dcc8-fe42-479e-8e18-50a5c3d1406a;layoutVersion=0
2021-12-17 15:55:58,140 [pool-113-thread-1] INFO  server.RaftServerConfigKeys (ConfUtils.java:logGet(44)) - raft.server.log.queue.byte-limit = 64MB (=67108864) (default)
2021-12-17 15:55:58,140 [Listener at 0.0.0.0/13391] INFO  ha.OMHANodeDetails (OMHANodeDetails.java:loadOMHAConfig(118)) - ServiceID for OzoneManager is omServiceId1
2021-12-17 15:55:58,140 [pool-113-thread-1] INFO  server.RaftServerConfigKeys (ConfUtils.java:logGet(44)) - raft.server.log.queue.element-limit = 4096 (default)
2021-12-17 15:55:58,141 [pool-113-thread-1] INFO  server.RaftServerConfigKeys (ConfUtils.java:logGet(44)) - raft.server.log.segment.size.max = 4194304 (custom)
2021-12-17 15:55:58,141 [pool-113-thread-1] INFO  server.RaftServerConfigKeys (ConfUtils.java:logGet(44)) - raft.server.log.preallocated.size = 4194304 (custom)
2021-12-17 15:55:58,141 [pool-113-thread-1] INFO  server.RaftServerConfigKeys (ConfUtils.java:logGet(44)) - raft.server.log.force.sync.num = 128 (default)
2021-12-17 15:55:58,141 [pool-113-thread-1] INFO  server.RaftServerConfigKeys (ConfUtils.java:logGet(44)) - raft.server.log.statemachine.data.sync = true (default)
2021-12-17 15:55:58,141 [pool-113-thread-1] INFO  server.RaftServerConfigKeys (ConfUtils.java:logGet(44)) - raft.server.log.statemachine.data.sync.timeout = 10s (default)
2021-12-17 15:55:58,141 [pool-113-thread-1] INFO  server.RaftServerConfigKeys (ConfUtils.java:logGet(44)) - raft.server.log.statemachine.data.sync.timeout.retry = -1 (default)
2021-12-17 15:55:58,142 [pool-113-thread-1] INFO  server.RaftServerConfigKeys (ConfUtils.java:logGet(44)) - raft.server.log.write.buffer.size = 64KB (=65536) (default)
2021-12-17 15:55:58,142 [pool-113-thread-1] INFO  server.RaftServerConfigKeys (ConfUtils.java:logGet(44)) - raft.server.log.statemachine.data.caching.enabled = false (default)
2021-12-17 15:55:58,142 [pool-113-thread-1] INFO  segmented.SegmentedRaftLogWorker (SegmentedRaftLogWorker.java:lambda$new$0(133)) - omNode-1@group-6C22E66A003A-SegmentedRaftLogWorker: flushIndex: setUnconditionally 0 -> -1
2021-12-17 15:55:58,142 [pool-113-thread-1] INFO  segmented.SegmentedRaftLogWorker (SegmentedRaftLogWorker.java:lambda$new$0(133)) - omNode-1@group-6C22E66A003A-SegmentedRaftLogWorker: safeCacheEvictIndex: setUnconditionally 0 -> -1
2021-12-17 15:55:58,141 [Listener at 0.0.0.0/13391] INFO  ha.OMHANodeDetails (OMHANodeDetails.java:loadOMHAConfig(192)) - Found matching OM address with OMServiceId: omServiceId1, OMNodeId: omNode-1, RPC Address: localhost:13756 and Ratis port: 13760
2021-12-17 15:55:58,146 [Listener at 0.0.0.0/13391] INFO  ha.OMHANodeDetails (ConfUtils.java:setNodeSpecificConfigs(108)) - Setting configuration key ozone.om.http-address with value of key ozone.om.http-address.omServiceId1.omNode-1: 127.0.0.1:13758
2021-12-17 15:55:58,146 [Listener at 0.0.0.0/13391] INFO  ha.OMHANodeDetails (ConfUtils.java:setNodeSpecificConfigs(108)) - Setting configuration key ozone.om.https-address with value of key ozone.om.https-address.omServiceId1.omNode-1: 127.0.0.1:13759
2021-12-17 15:55:58,146 [Listener at 0.0.0.0/13391] INFO  ha.OMHANodeDetails (ConfUtils.java:setNodeSpecificConfigs(108)) - Setting configuration key ozone.om.address with value of key ozone.om.address.omServiceId1.omNode-1: 127.0.0.1:13756
2021-12-17 15:55:58,146 [Listener at 0.0.0.0/13391] WARN  server.ServerUtils (ServerUtils.java:getDBPath(225)) - ozone.om.db.dirs is not configured. We recommend adding this setting. Falling back to ozone.metadata.dirs instead.
2021-12-17 15:55:58,146 [Listener at 0.0.0.0/13391] INFO  upgrade.AbstractLayoutVersionManager (AbstractLayoutVersionManager.java:init(79)) - Initializing Layout version manager with metadata layout = INITIAL_VERSION (version = 0), software layout = INITIAL_VERSION (version = 0)
2021-12-17 15:55:58,148 [pool-113-thread-1] INFO  server.RaftServerConfigKeys (ConfUtils.java:logGet(44)) - raft.server.snapshot.auto.trigger.enabled = true (custom)
2021-12-17 15:55:58,148 [pool-113-thread-1] INFO  server.RaftServerConfigKeys (ConfUtils.java:logGet(44)) - raft.server.snapshot.auto.trigger.threshold = 400000 (default)
2021-12-17 15:55:58,148 [pool-113-thread-1] INFO  server.RaftServerConfigKeys (ConfUtils.java:logGet(44)) - raft.server.snapshot.retention.file.num = -1 (default)
2021-12-17 15:55:58,148 [pool-113-thread-1] INFO  server.RaftServerConfigKeys (ConfUtils.java:logGet(44)) - raft.server.log.purge.upto.snapshot.index = true (custom)
2021-12-17 15:55:58,152 [pool-113-thread-1] INFO  server.RaftServerConfigKeys (ConfUtils.java:logGet(44)) - raft.server.retrycache.expirytime = 300s (custom)
2021-12-17 15:55:58,152 [pool-113-thread-1] INFO  server.RaftServerConfigKeys (ConfUtils.java:logGet(44)) - raft.server.retrycache.statistics.expirytime = 100μs (default)
2021-12-17 15:55:58,192 [Listener at 0.0.0.0/13391] INFO  reflections.Reflections (Reflections.java:scan(232)) - Reflections took 45 ms to scan 2 urls, producing 133 keys and 345 values [using 2 cores]
2021-12-17 15:55:58,192 [Listener at 0.0.0.0/13391] INFO  upgrade.OMLayoutVersionManager (OMLayoutVersionManager.java:lambda$0(115)) - Skipping Upgrade Action MockOmUpgradeAction since it has been finalized.
2021-12-17 15:55:58,192 [Listener at 0.0.0.0/13391] WARN  server.ServerUtils (ServerUtils.java:getDBPath(225)) - ozone.om.db.dirs is not configured. We recommend adding this setting. Falling back to ozone.metadata.dirs instead.
2021-12-17 15:55:58,193 [Listener at 0.0.0.0/13391] INFO  ha.SCMNodeInfo (SCMNodeInfo.java:getPort(197)) - ConfigKey ozone.scm.client.address is deprecated, For configuring different ports for each SCM use PortConfigKey ozone.scm.client.port appended with serviceId and nodeId
2021-12-17 15:55:58,193 [Listener at 0.0.0.0/13391] INFO  ha.SCMNodeInfo (SCMNodeInfo.java:getPort(197)) - ConfigKey ozone.scm.block.client.address is deprecated, For configuring different ports for each SCM use PortConfigKey ozone.scm.block.client.port appended with serviceId and nodeId
2021-12-17 15:55:58,193 [Listener at 0.0.0.0/13391] INFO  ha.SCMNodeInfo (SCMNodeInfo.java:getPort(197)) - ConfigKey ozone.scm.datanode.address is deprecated, For configuring different ports for each SCM use PortConfigKey ozone.scm.datanode.port appended with serviceId and nodeId
2021-12-17 15:55:58,193 [Listener at 0.0.0.0/13391] INFO  ha.SCMNodeInfo (SCMNodeInfo.java:getPort(197)) - ConfigKey ozone.scm.client.address is deprecated, For configuring different ports for each SCM use PortConfigKey ozone.scm.client.port appended with serviceId and nodeId
2021-12-17 15:55:58,193 [Listener at 0.0.0.0/13391] INFO  ha.SCMNodeInfo (SCMNodeInfo.java:getPort(197)) - ConfigKey ozone.scm.block.client.address is deprecated, For configuring different ports for each SCM use PortConfigKey ozone.scm.block.client.port appended with serviceId and nodeId
2021-12-17 15:55:58,193 [Listener at 0.0.0.0/13391] INFO  ha.SCMNodeInfo (SCMNodeInfo.java:getPort(197)) - ConfigKey ozone.scm.datanode.address is deprecated, For configuring different ports for each SCM use PortConfigKey ozone.scm.datanode.port appended with serviceId and nodeId
2021-12-17 15:55:58,193 [Listener at 0.0.0.0/13391] INFO  ha.SCMNodeInfo (SCMNodeInfo.java:getPort(197)) - ConfigKey ozone.scm.client.address is deprecated, For configuring different ports for each SCM use PortConfigKey ozone.scm.client.port appended with serviceId and nodeId
2021-12-17 15:55:58,193 [Listener at 0.0.0.0/13391] INFO  ha.SCMNodeInfo (SCMNodeInfo.java:getPort(197)) - ConfigKey ozone.scm.block.client.address is deprecated, For configuring different ports for each SCM use PortConfigKey ozone.scm.block.client.port appended with serviceId and nodeId
2021-12-17 15:55:58,193 [Listener at 0.0.0.0/13391] INFO  ha.SCMNodeInfo (SCMNodeInfo.java:getPort(197)) - ConfigKey ozone.scm.datanode.address is deprecated, For configuring different ports for each SCM use PortConfigKey ozone.scm.datanode.port appended with serviceId and nodeId
2021-12-17 15:55:58,193 [Listener at 0.0.0.0/13391] INFO  ha.SCMNodeInfo (SCMNodeInfo.java:getPort(197)) - ConfigKey ozone.scm.client.address is deprecated, For configuring different ports for each SCM use PortConfigKey ozone.scm.client.port appended with serviceId and nodeId
2021-12-17 15:55:58,193 [Listener at 0.0.0.0/13391] INFO  ha.SCMNodeInfo (SCMNodeInfo.java:getPort(197)) - ConfigKey ozone.scm.block.client.address is deprecated, For configuring different ports for each SCM use PortConfigKey ozone.scm.block.client.port appended with serviceId and nodeId
2021-12-17 15:55:58,193 [Listener at 0.0.0.0/13391] INFO  ha.SCMNodeInfo (SCMNodeInfo.java:getPort(197)) - ConfigKey ozone.scm.datanode.address is deprecated, For configuring different ports for each SCM use PortConfigKey ozone.scm.datanode.port appended with serviceId and nodeId
2021-12-17 15:55:58,194 [Listener at 0.0.0.0/13391] INFO  ha.SCMNodeInfo (SCMNodeInfo.java:getPort(197)) - ConfigKey ozone.scm.client.address is deprecated, For configuring different ports for each SCM use PortConfigKey ozone.scm.client.port appended with serviceId and nodeId
2021-12-17 15:55:58,194 [Listener at 0.0.0.0/13391] INFO  ha.SCMNodeInfo (SCMNodeInfo.java:getPort(197)) - ConfigKey ozone.scm.block.client.address is deprecated, For configuring different ports for each SCM use PortConfigKey ozone.scm.block.client.port appended with serviceId and nodeId
2021-12-17 15:55:58,194 [Listener at 0.0.0.0/13391] INFO  ha.SCMNodeInfo (SCMNodeInfo.java:getPort(197)) - ConfigKey ozone.scm.datanode.address is deprecated, For configuring different ports for each SCM use PortConfigKey ozone.scm.datanode.port appended with serviceId and nodeId
2021-12-17 15:55:58,194 [Listener at 0.0.0.0/13391] INFO  ha.SCMNodeInfo (SCMNodeInfo.java:getPort(197)) - ConfigKey ozone.scm.client.address is deprecated, For configuring different ports for each SCM use PortConfigKey ozone.scm.client.port appended with serviceId and nodeId
2021-12-17 15:55:58,194 [Listener at 0.0.0.0/13391] INFO  ha.SCMNodeInfo (SCMNodeInfo.java:getPort(197)) - ConfigKey ozone.scm.block.client.address is deprecated, For configuring different ports for each SCM use PortConfigKey ozone.scm.block.client.port appended with serviceId and nodeId
2021-12-17 15:55:58,194 [Listener at 0.0.0.0/13391] INFO  ha.SCMNodeInfo (SCMNodeInfo.java:getPort(197)) - ConfigKey ozone.scm.datanode.address is deprecated, For configuring different ports for each SCM use PortConfigKey ozone.scm.datanode.port appended with serviceId and nodeId
2021-12-17 15:55:58,195 [Listener at 0.0.0.0/13391] INFO  ha.SCMNodeInfo (SCMNodeInfo.java:getPort(197)) - ConfigKey ozone.scm.client.address is deprecated, For configuring different ports for each SCM use PortConfigKey ozone.scm.client.port appended with serviceId and nodeId
2021-12-17 15:55:58,195 [Listener at 0.0.0.0/13391] INFO  ha.SCMNodeInfo (SCMNodeInfo.java:getPort(197)) - ConfigKey ozone.scm.block.client.address is deprecated, For configuring different ports for each SCM use PortConfigKey ozone.scm.block.client.port appended with serviceId and nodeId
2021-12-17 15:55:58,195 [Listener at 0.0.0.0/13391] INFO  ha.SCMNodeInfo (SCMNodeInfo.java:getPort(197)) - ConfigKey ozone.scm.datanode.address is deprecated, For configuring different ports for each SCM use PortConfigKey ozone.scm.datanode.port appended with serviceId and nodeId
2021-12-17 15:55:58,195 [Listener at 0.0.0.0/13391] INFO  ha.SCMNodeInfo (SCMNodeInfo.java:getPort(197)) - ConfigKey ozone.scm.client.address is deprecated, For configuring different ports for each SCM use PortConfigKey ozone.scm.client.port appended with serviceId and nodeId
2021-12-17 15:55:58,195 [Listener at 0.0.0.0/13391] INFO  ha.SCMNodeInfo (SCMNodeInfo.java:getPort(197)) - ConfigKey ozone.scm.block.client.address is deprecated, For configuring different ports for each SCM use PortConfigKey ozone.scm.block.client.port appended with serviceId and nodeId
2021-12-17 15:55:58,195 [Listener at 0.0.0.0/13391] INFO  ha.SCMNodeInfo (SCMNodeInfo.java:getPort(197)) - ConfigKey ozone.scm.datanode.address is deprecated, For configuring different ports for each SCM use PortConfigKey ozone.scm.datanode.port appended with serviceId and nodeId
2021-12-17 15:55:58,195 [Listener at 0.0.0.0/13391] INFO  ha.SCMNodeInfo (SCMNodeInfo.java:getPort(197)) - ConfigKey ozone.scm.client.address is deprecated, For configuring different ports for each SCM use PortConfigKey ozone.scm.client.port appended with serviceId and nodeId
2021-12-17 15:55:58,195 [Listener at 0.0.0.0/13391] INFO  ha.SCMNodeInfo (SCMNodeInfo.java:getPort(197)) - ConfigKey ozone.scm.block.client.address is deprecated, For configuring different ports for each SCM use PortConfigKey ozone.scm.block.client.port appended with serviceId and nodeId
2021-12-17 15:55:58,195 [Listener at 0.0.0.0/13391] INFO  ha.SCMNodeInfo (SCMNodeInfo.java:getPort(197)) - ConfigKey ozone.scm.datanode.address is deprecated, For configuring different ports for each SCM use PortConfigKey ozone.scm.datanode.port appended with serviceId and nodeId
2021-12-17 15:55:58,202 [Listener at 0.0.0.0/13391] WARN  server.ServerUtils (ServerUtils.java:getDBPath(225)) - ozone.om.db.dirs is not configured. We recommend adding this setting. Falling back to ozone.metadata.dirs instead.
2021-12-17 15:55:58,203 [Listener at 0.0.0.0/13391] INFO  codec.OmKeyInfoCodec (OmKeyInfoCodec.java:<init>(50)) - OmKeyInfoCodec ignorePipeline = true
2021-12-17 15:55:58,203 [Listener at 0.0.0.0/13391] INFO  codec.RepeatedOmKeyInfoCodec (RepeatedOmKeyInfoCodec.java:<init>(42)) - RepeatedOmKeyInfoCodec ignorePipeline = true
]]></system-out>
  </testcase>
</testsuite>