<?xml version="1.0" encoding="UTF-8"?>
<testsuite xmlns:xsi="http://www.w3.org/2001/XMLSchema-instance" xsi:noNamespaceSchemaLocation="https://maven.apache.org/surefire/maven-surefire-plugin/xsd/surefire-test-report.xsd" name="org.apache.hadoop.hdds.scm.pipeline.TestPipelineClose" time="120.13" tests="4" errors="0" skipped="0" failures="1">
  <properties>
    <property name="awt.toolkit" value="sun.awt.X11.XToolkit"/>
    <property name="file.encoding.pkg" value="sun.io"/>
    <property name="java.specification.version" value="1.8"/>
    <property name="sun.cpu.isalist" value=""/>
    <property name="sun.jnu.encoding" value="UTF-8"/>
    <property name="java.class.path" value="/home/runner/work/ozone/ozone/mnt/ozone/hadoop-ozone/integration-test/target/test-classes:/home/runner/work/ozone/ozone/mnt/ozone/hadoop-ozone/integration-test/target/classes:/home/runner/.m2/repository/org/apache/ozone/ozone-common/1.2.0-SNAPSHOT/ozone-common-1.2.0-SNAPSHOT.jar:/home/runner/.m2/repository/org/apache/commons/commons-compress/1.20/commons-compress-1.20.jar:/home/runner/.m2/repository/org/apache/ozone/hdds-common/1.2.0-SNAPSHOT/hdds-common-1.2.0-SNAPSHOT.jar:/home/runner/.m2/repository/org/apache/ozone/hdds-client/1.2.0-SNAPSHOT/hdds-client-1.2.0-SNAPSHOT.jar:/home/runner/.m2/repository/org/apache/ozone/ozone-interface-client/1.2.0-SNAPSHOT/ozone-interface-client-1.2.0-SNAPSHOT.jar:/home/runner/.m2/repository/org/apache/ozone/hdds-server-framework/1.2.0-SNAPSHOT/hdds-server-framework-1.2.0-SNAPSHOT.jar:/home/runner/.m2/repository/org/apache/ozone/hdds-interface-server/1.2.0-SNAPSHOT/hdds-interface-server-1.2.0-SNAPSHOT.jar:/home/runner/.m2/repository/org/eclipse/jetty/jetty-servlet/9.4.35.v20201120/jetty-servlet-9.4.35.v20201120.jar:/home/runner/.m2/repository/org/eclipse/jetty/jetty-security/9.4.35.v20201120/jetty-security-9.4.35.v20201120.jar:/home/runner/.m2/repository/org/rocksdb/rocksdbjni/6.20.3/rocksdbjni-6.20.3.jar:/home/runner/.m2/repository/io/prometheus/simpleclient_dropwizard/0.7.0/simpleclient_dropwizard-0.7.0.jar:/home/runner/.m2/repository/io/prometheus/simpleclient/0.7.0/simpleclient-0.7.0.jar:/home/runner/.m2/repository/io/prometheus/simpleclient_common/0.7.0/simpleclient_common-0.7.0.jar:/home/runner/.m2/repository/com/fasterxml/jackson/datatype/jackson-datatype-jsr310/2.12.1/jackson-datatype-jsr310-2.12.1.jar:/home/runner/.m2/repository/org/apache/ozone/hdds-test-utils/1.2.0-SNAPSHOT/hdds-test-utils-1.2.0-SNAPSHOT.jar:/home/runner/.m2/repository/com/google/guava/guava/30.1.1-jre/guava-30.1.1-jre.jar:/home/runner/.m2/repository/com/google/guava/failureaccess/1.0.1/failureaccess-1.0.1.jar:/home/runner/.m2/repository/com/google/guava/listenablefuture/9999.0-empty-to-avoid-conflict-with-guava/listenablefuture-9999.0-empty-to-avoid-conflict-with-guava.jar:/home/runner/.m2/repository/com/google/code/findbugs/jsr305/3.0.0/jsr305-3.0.0.jar:/home/runner/.m2/repository/org/checkerframework/checker-qual/3.8.0/checker-qual-3.8.0.jar:/home/runner/.m2/repository/com/google/errorprone/error_prone_annotations/2.2.0/error_prone_annotations-2.2.0.jar:/home/runner/.m2/repository/com/google/j2objc/j2objc-annotations/1.3/j2objc-annotations-1.3.jar:/home/runner/.m2/repository/commons-io/commons-io/2.8.0/commons-io-2.8.0.jar:/home/runner/.m2/repository/commons-logging/commons-logging/1.2/commons-logging-1.2.jar:/home/runner/.m2/repository/log4j/log4j/1.2.17/log4j-1.2.17.jar:/home/runner/.m2/repository/org/slf4j/slf4j-api/1.7.30/slf4j-api-1.7.30.jar:/home/runner/.m2/repository/org/apache/ozone/hdds-server-scm/1.2.0-SNAPSHOT/hdds-server-scm-1.2.0-SNAPSHOT.jar:/home/runner/.m2/repository/org/apache/ozone/hdds-container-service/1.2.0-SNAPSHOT/hdds-container-service-1.2.0-SNAPSHOT.jar:/home/runner/.m2/repository/org/apache/ozone/hdds-hadoop-dependency-server/1.2.0-SNAPSHOT/hdds-hadoop-dependency-server-1.2.0-SNAPSHOT.jar:/home/runner/.m2/repository/org/apache/hadoop/hadoop-hdfs/3.3.1/hadoop-hdfs-3.3.1.jar:/home/runner/.m2/repository/io/dropwizard/metrics/metrics-core/3.2.4/metrics-core-3.2.4.jar:/home/runner/.m2/repository/org/apache/hadoop/hadoop-hdfs-client/3.3.1/hadoop-hdfs-client-3.3.1.jar:/home/runner/.m2/repository/org/bouncycastle/bcprov-jdk15on/1.67/bcprov-jdk15on-1.67.jar:/home/runner/.m2/repository/com/google/protobuf/protobuf-java/2.5.0/protobuf-java-2.5.0.jar:/home/runner/.m2/repository/org/apache/ozone/ozone-manager/1.2.0-SNAPSHOT/ozone-manager-1.2.0-SNAPSHOT.jar:/home/runner/.m2/repository/org/aspectj/aspectjrt/1.8.9/aspectjrt-1.8.9.jar:/home/runner/.m2/repository/org/aspectj/aspectjweaver/1.8.9/aspectjweaver-1.8.9.jar:/home/runner/.m2/repository/org/apache/ozone/hdds-interface-client/1.2.0-SNAPSHOT/hdds-interface-client-1.2.0-SNAPSHOT.jar:/home/runner/.m2/repository/org/apache/hadoop/thirdparty/hadoop-shaded-protobuf_3_7/1.1.1/hadoop-shaded-protobuf_3_7-1.1.1.jar:/home/runner/.m2/repository/org/apache/ratis/ratis-thirdparty-misc/0.7.0/ratis-thirdparty-misc-0.7.0.jar:/home/runner/.m2/repository/org/apache/ozone/ozone-interface-storage/1.2.0-SNAPSHOT/ozone-interface-storage-1.2.0-SNAPSHOT.jar:/home/runner/.m2/repository/org/reflections/reflections/0.9.11/reflections-0.9.11.jar:/home/runner/.m2/repository/org/apache/hadoop/hadoop-minikdc/3.3.1/hadoop-minikdc-3.3.1.jar:/home/runner/.m2/repository/org/apache/kerby/kerb-simplekdc/1.0.1/kerb-simplekdc-1.0.1.jar:/home/runner/.m2/repository/org/apache/kerby/kerb-client/1.0.1/kerb-client-1.0.1.jar:/home/runner/.m2/repository/org/apache/kerby/kerby-config/1.0.1/kerby-config-1.0.1.jar:/home/runner/.m2/repository/org/apache/kerby/kerb-common/1.0.1/kerb-common-1.0.1.jar:/home/runner/.m2/repository/org/apache/kerby/kerb-crypto/1.0.1/kerb-crypto-1.0.1.jar:/home/runner/.m2/repository/org/apache/kerby/kerb-util/1.0.1/kerb-util-1.0.1.jar:/home/runner/.m2/repository/org/apache/kerby/token-provider/1.0.1/token-provider-1.0.1.jar:/home/runner/.m2/repository/org/apache/kerby/kerb-admin/1.0.1/kerb-admin-1.0.1.jar:/home/runner/.m2/repository/org/apache/kerby/kerb-server/1.0.1/kerb-server-1.0.1.jar:/home/runner/.m2/repository/org/apache/kerby/kerb-identity/1.0.1/kerb-identity-1.0.1.jar:/home/runner/.m2/repository/org/apache/kerby/kerby-xdr/1.0.1/kerby-xdr-1.0.1.jar:/home/runner/.m2/repository/org/slf4j/slf4j-log4j12/1.7.30/slf4j-log4j12-1.7.30.jar:/home/runner/.m2/repository/org/apache/ozone/ozone-s3gateway/1.2.0-SNAPSHOT/ozone-s3gateway-1.2.0-SNAPSHOT.jar:/home/runner/.m2/repository/org/javassist/javassist/3.21.0-GA/javassist-3.21.0-GA.jar:/home/runner/.m2/repository/org/jboss/weld/servlet/weld-servlet/2.4.7.Final/weld-servlet-2.4.7.Final.jar:/home/runner/.m2/repository/org/glassfish/jersey/containers/jersey-container-servlet-core/2.33/jersey-container-servlet-core-2.33.jar:/home/runner/.m2/repository/org/glassfish/hk2/external/jakarta.inject/2.6.1/jakarta.inject-2.6.1.jar:/home/runner/.m2/repository/org/glassfish/jersey/core/jersey-common/2.33/jersey-common-2.33.jar:/home/runner/.m2/repository/jakarta/ws/rs/jakarta.ws.rs-api/2.1.6/jakarta.ws.rs-api-2.1.6.jar:/home/runner/.m2/repository/org/glassfish/jersey/ext/cdi/jersey-cdi1x/2.33/jersey-cdi1x-2.33.jar:/home/runner/.m2/repository/org/glassfish/jersey/inject/jersey-hk2/2.33/jersey-hk2-2.33.jar:/home/runner/.m2/repository/org/glassfish/hk2/hk2-locator/2.6.1/hk2-locator-2.6.1.jar:/home/runner/.m2/repository/org/glassfish/jersey/media/jersey-media-jaxb/2.33/jersey-media-jaxb-2.33.jar:/home/runner/.m2/repository/org/glassfish/hk2/osgi-resource-locator/1.0.3/osgi-resource-locator-1.0.3.jar:/home/runner/.m2/repository/org/glassfish/hk2/hk2-api/2.5.0/hk2-api-2.5.0.jar:/home/runner/.m2/repository/org/glassfish/hk2/hk2-utils/2.5.0/hk2-utils-2.5.0.jar:/home/runner/.m2/repository/org/glassfish/hk2/external/aopalliance-repackaged/2.5.0/aopalliance-repackaged-2.5.0.jar:/home/runner/.m2/repository/com/fasterxml/jackson/dataformat/jackson-dataformat-xml/2.12.1/jackson-dataformat-xml-2.12.1.jar:/home/runner/.m2/repository/com/fasterxml/jackson/core/jackson-core/2.12.1/jackson-core-2.12.1.jar:/home/runner/.m2/repository/com/fasterxml/jackson/module/jackson-module-jaxb-annotations/2.12.1/jackson-module-jaxb-annotations-2.12.1.jar:/home/runner/.m2/repository/jakarta/xml/bind/jakarta.xml.bind-api/2.3.2/jakarta.xml.bind-api-2.3.2.jar:/home/runner/.m2/repository/org/codehaus/woodstox/stax2-api/3.1.4/stax2-api-3.1.4.jar:/home/runner/.m2/repository/com/fasterxml/woodstox/woodstox-core/5.0.3/woodstox-core-5.0.3.jar:/home/runner/.m2/repository/javax/enterprise/cdi-api/1.2/cdi-api-1.2.jar:/home/runner/.m2/repository/javax/el/javax.el-api/3.0.0/javax.el-api-3.0.0.jar:/home/runner/.m2/repository/javax/interceptor/javax.interceptor-api/1.2/javax.interceptor-api-1.2.jar:/home/runner/.m2/repository/javax/inject/javax.inject/1/javax.inject-1.jar:/home/runner/.m2/repository/javax/xml/bind/jaxb-api/2.3.0/jaxb-api-2.3.0.jar:/home/runner/.m2/repository/org/glassfish/jaxb/jaxb-runtime/2.3.0.1/jaxb-runtime-2.3.0.1.jar:/home/runner/.m2/repository/org/glassfish/jaxb/jaxb-core/2.3.0.1/jaxb-core-2.3.0.1.jar:/home/runner/.m2/repository/org/glassfish/jaxb/txw2/2.3.0.1/txw2-2.3.0.1.jar:/home/runner/.m2/repository/com/sun/istack/istack-commons-runtime/3.0.5/istack-commons-runtime-3.0.5.jar:/home/runner/.m2/repository/org/jvnet/staxex/stax-ex/1.7.8/stax-ex-1.7.8.jar:/home/runner/.m2/repository/com/sun/xml/fastinfoset/FastInfoset/1.2.13/FastInfoset-1.2.13.jar:/home/runner/.m2/repository/javax/activation/activation/1.1.1/activation-1.1.1.jar:/home/runner/.m2/repository/org/apache/ozone/ozone-csi/1.2.0-SNAPSHOT/ozone-csi-1.2.0-SNAPSHOT.jar:/home/runner/.m2/repository/com/google/protobuf/protobuf-java-util/3.12.0/protobuf-java-util-3.12.0.jar:/home/runner/.m2/repository/com/google/code/gson/gson/2.2.4/gson-2.2.4.jar:/home/runner/.m2/repository/org/apache/ozone/hdds-config/1.2.0-SNAPSHOT/hdds-config-1.2.0-SNAPSHOT.jar:/home/runner/.m2/repository/io/grpc/grpc-netty/1.33.0/grpc-netty-1.33.0.jar:/home/runner/.m2/repository/io/grpc/grpc-core/1.33.0/grpc-core-1.33.0.jar:/home/runner/.m2/repository/com/google/android/annotations/4.1.1.4/annotations-4.1.1.4.jar:/home/runner/.m2/repository/io/netty/netty-codec-http2/4.1.63.Final/netty-codec-http2-4.1.63.Final.jar:/home/runner/.m2/repository/io/netty/netty-codec-http/4.1.63.Final/netty-codec-http-4.1.63.Final.jar:/home/runner/.m2/repository/io/netty/netty-handler-proxy/4.1.63.Final/netty-handler-proxy-4.1.63.Final.jar:/home/runner/.m2/repository/io/netty/netty-codec-socks/4.1.63.Final/netty-codec-socks-4.1.63.Final.jar:/home/runner/.m2/repository/io/perfmark/perfmark-api/0.19.0/perfmark-api-0.19.0.jar:/home/runner/.m2/repository/org/codehaus/mojo/animal-sniffer-annotations/1.18/animal-sniffer-annotations-1.18.jar:/home/runner/.m2/repository/io/netty/netty-transport-native-epoll/4.1.63.Final/netty-transport-native-epoll-4.1.63.Final.jar:/home/runner/.m2/repository/io/netty/netty-common/4.1.63.Final/netty-common-4.1.63.Final.jar:/home/runner/.m2/repository/io/netty/netty-buffer/4.1.63.Final/netty-buffer-4.1.63.Final.jar:/home/runner/.m2/repository/io/netty/netty-transport-native-unix-common/4.1.63.Final/netty-transport-native-unix-common-4.1.63.Final.jar:/home/runner/.m2/repository/io/grpc/grpc-protobuf/1.33.0/grpc-protobuf-1.33.0.jar:/home/runner/.m2/repository/io/grpc/grpc-api/1.33.0/grpc-api-1.33.0.jar:/home/runner/.m2/repository/io/grpc/grpc-context/1.33.0/grpc-context-1.33.0.jar:/home/runner/.m2/repository/com/google/api/grpc/proto-google-common-protos/1.17.0/proto-google-common-protos-1.17.0.jar:/home/runner/.m2/repository/io/grpc/grpc-protobuf-lite/1.33.0/grpc-protobuf-lite-1.33.0.jar:/home/runner/.m2/repository/io/grpc/grpc-stub/1.33.0/grpc-stub-1.33.0.jar:/home/runner/.m2/repository/org/apache/ozone/ozone-recon/1.2.0-SNAPSHOT/ozone-recon-1.2.0-SNAPSHOT.jar:/home/runner/.m2/repository/org/apache/ozone/ozone-reconcodegen/1.2.0-SNAPSHOT/ozone-reconcodegen-1.2.0-SNAPSHOT.jar:/home/runner/.m2/repository/com/google/inject/extensions/guice-multibindings/4.0/guice-multibindings-4.0.jar:/home/runner/.m2/repository/com/google/inject/guice/4.0/guice-4.0.jar:/home/runner/.m2/repository/aopalliance/aopalliance/1.0/aopalliance-1.0.jar:/home/runner/.m2/repository/com/google/inject/extensions/guice-assistedinject/4.0/guice-assistedinject-4.0.jar:/home/runner/.m2/repository/com/google/inject/extensions/guice-servlet/4.0/guice-servlet-4.0.jar:/home/runner/.m2/repository/org/glassfish/jersey/containers/jersey-container-servlet/2.33/jersey-container-servlet-2.33.jar:/home/runner/.m2/repository/org/glassfish/hk2/guice-bridge/2.5.0/guice-bridge-2.5.0.jar:/home/runner/.m2/repository/org/glassfish/jersey/core/jersey-server/2.33/jersey-server-2.33.jar:/home/runner/.m2/repository/org/glassfish/jersey/core/jersey-client/2.33/jersey-client-2.33.jar:/home/runner/.m2/repository/jakarta/annotation/jakarta.annotation-api/1.3.5/jakarta.annotation-api-1.3.5.jar:/home/runner/.m2/repository/jakarta/validation/jakarta.validation-api/2.0.2/jakarta.validation-api-2.0.2.jar:/home/runner/.m2/repository/org/glassfish/jersey/media/jersey-media-json-jackson/2.33/jersey-media-json-jackson-2.33.jar:/home/runner/.m2/repository/org/glassfish/jersey/ext/jersey-entity-filtering/2.33/jersey-entity-filtering-2.33.jar:/home/runner/.m2/repository/org/jooq/jooq/3.11.10/jooq-3.11.10.jar:/home/runner/.m2/repository/org/jooq/jooq-meta/3.11.10/jooq-meta-3.11.10.jar:/home/runner/.m2/repository/org/jooq/jooq-codegen/3.11.10/jooq-codegen-3.11.10.jar:/home/runner/.m2/repository/com/jolbox/bonecp/0.8.0.RELEASE/bonecp-0.8.0.RELEASE.jar:/home/runner/.m2/repository/org/apache/derby/derby/10.14.2.0/derby-10.14.2.0.jar:/home/runner/.m2/repository/org/xerial/sqlite-jdbc/3.25.2/sqlite-jdbc-3.25.2.jar:/home/runner/.m2/repository/org/springframework/spring-jdbc/5.2.11.RELEASE/spring-jdbc-5.2.11.RELEASE.jar:/home/runner/.m2/repository/org/springframework/spring-beans/5.2.11.RELEASE/spring-beans-5.2.11.RELEASE.jar:/home/runner/.m2/repository/org/springframework/spring-core/5.2.11.RELEASE/spring-core-5.2.11.RELEASE.jar:/home/runner/.m2/repository/org/springframework/spring-jcl/5.2.11.RELEASE/spring-jcl-5.2.11.RELEASE.jar:/home/runner/.m2/repository/org/springframework/spring-tx/5.2.11.RELEASE/spring-tx-5.2.11.RELEASE.jar:/home/runner/.m2/repository/org/apache/ozone/ozone-client/1.2.0-SNAPSHOT/ozone-client-1.2.0-SNAPSHOT.jar:/home/runner/.m2/repository/org/apache/ozone/ozone-filesystem/1.2.0-SNAPSHOT/ozone-filesystem-1.2.0-SNAPSHOT.jar:/home/runner/.m2/repository/org/apache/ozone/ozone-filesystem-common/1.2.0-SNAPSHOT/ozone-filesystem-common-1.2.0-SNAPSHOT.jar:/home/runner/.m2/repository/org/apache/ozone/ozone-tools/1.2.0-SNAPSHOT/ozone-tools-1.2.0-SNAPSHOT.jar:/home/runner/.m2/repository/org/apache/ratis/ratis-tools/2.1.0/ratis-tools-2.1.0.jar:/home/runner/.m2/repository/org/apache/ratis/ratis-proto/2.1.0/ratis-proto-2.1.0.jar:/home/runner/.m2/repository/org/apache/ratis/ratis-common/2.1.0/ratis-common-2.1.0.jar:/home/runner/.m2/repository/com/amazonaws/aws-java-sdk-core/1.11.901/aws-java-sdk-core-1.11.901.jar:/home/runner/.m2/repository/org/apache/httpcomponents/httpclient/4.5.13/httpclient-4.5.13.jar:/home/runner/.m2/repository/org/apache/httpcomponents/httpcore/4.4.13/httpcore-4.4.13.jar:/home/runner/.m2/repository/software/amazon/ion/ion-java/1.0.2/ion-java-1.0.2.jar:/home/runner/.m2/repository/com/fasterxml/jackson/dataformat/jackson-dataformat-cbor/2.12.1/jackson-dataformat-cbor-2.12.1.jar:/home/runner/.m2/repository/joda-time/joda-time/2.8.1/joda-time-2.8.1.jar:/home/runner/.m2/repository/com/amazonaws/aws-java-sdk-s3/1.11.901/aws-java-sdk-s3-1.11.901.jar:/home/runner/.m2/repository/com/amazonaws/aws-java-sdk-kms/1.11.901/aws-java-sdk-kms-1.11.901.jar:/home/runner/.m2/repository/com/amazonaws/jmespath-java/1.11.901/jmespath-java-1.11.901.jar:/home/runner/.m2/repository/org/kohsuke/metainf-services/metainf-services/1.8/metainf-services-1.8.jar:/home/runner/.m2/repository/org/apache/ozone/hdds-tools/1.2.0-SNAPSHOT/hdds-tools-1.2.0-SNAPSHOT.jar:/home/runner/.m2/repository/commons-cli/commons-cli/1.2/commons-cli-1.2.jar:/home/runner/.m2/repository/org/apache/commons/commons-lang3/3.7/commons-lang3-3.7.jar:/home/runner/.m2/repository/org/apache/ozone/ozone-manager/1.2.0-SNAPSHOT/ozone-manager-1.2.0-SNAPSHOT-tests.jar:/home/runner/.m2/repository/org/apache/ozone/hdds-common/1.2.0-SNAPSHOT/hdds-common-1.2.0-SNAPSHOT-tests.jar:/home/runner/.m2/repository/org/apache/ozone/hdds-hadoop-dependency-client/1.2.0-SNAPSHOT/hdds-hadoop-dependency-client-1.2.0-SNAPSHOT.jar:/home/runner/.m2/repository/info/picocli/picocli/4.4.0/picocli-4.4.0.jar:/home/runner/.m2/repository/com/fasterxml/jackson/core/jackson-annotations/2.12.1/jackson-annotations-2.12.1.jar:/home/runner/.m2/repository/javax/annotation/javax.annotation-api/1.2/javax.annotation-api-1.2.jar:/home/runner/.m2/repository/org/apache/ratis/ratis-server/2.1.0/ratis-server-2.1.0.jar:/home/runner/.m2/repository/org/apache/ratis/ratis-client/2.1.0/ratis-client-2.1.0.jar:/home/runner/.m2/repository/org/apache/ratis/ratis-server-api/2.1.0/ratis-server-api-2.1.0.jar:/home/runner/.m2/repository/org/apache/ratis/ratis-metrics/2.1.0/ratis-metrics-2.1.0.jar:/home/runner/.m2/repository/org/apache/ratis/ratis-netty/2.1.0/ratis-netty-2.1.0.jar:/home/runner/.m2/repository/org/apache/ratis/ratis-grpc/2.1.0/ratis-grpc-2.1.0.jar:/home/runner/.m2/repository/org/apache/logging/log4j/log4j-api/2.13.3/log4j-api-2.13.3.jar:/home/runner/.m2/repository/org/apache/logging/log4j/log4j-core/2.13.3/log4j-core-2.13.3.jar:/home/runner/.m2/repository/com/lmax/disruptor/3.4.2/disruptor-3.4.2.jar:/home/runner/.m2/repository/org/apache/commons/commons-pool2/2.6.0/commons-pool2-2.6.0.jar:/home/runner/.m2/repository/org/bouncycastle/bcpkix-jdk15on/1.67/bcpkix-jdk15on-1.67.jar:/home/runner/.m2/repository/commons-validator/commons-validator/1.6/commons-validator-1.6.jar:/home/runner/.m2/repository/commons-beanutils/commons-beanutils/1.9.4/commons-beanutils-1.9.4.jar:/home/runner/.m2/repository/commons-digester/commons-digester/1.8.1/commons-digester-1.8.1.jar:/home/runner/.m2/repository/commons-collections/commons-collections/3.2.2/commons-collections-3.2.2.jar:/home/runner/.m2/repository/io/jaegertracing/jaeger-client/1.6.0/jaeger-client-1.6.0.jar:/home/runner/.m2/repository/io/jaegertracing/jaeger-thrift/1.6.0/jaeger-thrift-1.6.0.jar:/home/runner/.m2/repository/org/apache/thrift/libthrift/0.14.1/libthrift-0.14.1.jar:/home/runner/.m2/repository/com/squareup/okhttp3/okhttp/4.9.0/okhttp-4.9.0.jar:/home/runner/.m2/repository/com/squareup/okio/okio/2.8.0/okio-2.8.0.jar:/home/runner/.m2/repository/io/jaegertracing/jaeger-core/1.6.0/jaeger-core-1.6.0.jar:/home/runner/.m2/repository/io/jaegertracing/jaeger-tracerresolver/1.6.0/jaeger-tracerresolver-1.6.0.jar:/home/runner/.m2/repository/io/opentracing/contrib/opentracing-tracerresolver/0.1.8/opentracing-tracerresolver-0.1.8.jar:/home/runner/.m2/repository/org/jetbrains/kotlin/kotlin-stdlib/1.4.31/kotlin-stdlib-1.4.31.jar:/home/runner/.m2/repository/org/jetbrains/kotlin/kotlin-stdlib-common/1.4.31/kotlin-stdlib-common-1.4.31.jar:/home/runner/.m2/repository/org/jetbrains/annotations/13.0/annotations-13.0.jar:/home/runner/.m2/repository/io/opentracing/opentracing-util/0.33.0/opentracing-util-0.33.0.jar:/home/runner/.m2/repository/io/opentracing/opentracing-api/0.33.0/opentracing-api-0.33.0.jar:/home/runner/.m2/repository/io/opentracing/opentracing-noop/0.33.0/opentracing-noop-0.33.0.jar:/home/runner/.m2/repository/org/yaml/snakeyaml/1.26/snakeyaml-1.26.jar:/home/runner/.m2/repository/org/apache/ozone/hdds-interface-admin/1.2.0-SNAPSHOT/hdds-interface-admin-1.2.0-SNAPSHOT.jar:/home/runner/.m2/repository/junit/junit/4.13.1/junit-4.13.1.jar:/home/runner/.m2/repository/org/hamcrest/hamcrest-core/1.3/hamcrest-core-1.3.jar:/home/runner/.m2/repository/org/junit/jupiter/junit-jupiter-api/5.7.0/junit-jupiter-api-5.7.0.jar:/home/runner/.m2/repository/org/apiguardian/apiguardian-api/1.1.0/apiguardian-api-1.1.0.jar:/home/runner/.m2/repository/org/opentest4j/opentest4j/1.2.0/opentest4j-1.2.0.jar:/home/runner/.m2/repository/org/junit/platform/junit-platform-commons/1.7.0/junit-platform-commons-1.7.0.jar:/home/runner/.m2/repository/org/junit/jupiter/junit-jupiter-engine/5.7.0/junit-jupiter-engine-5.7.0.jar:/home/runner/.m2/repository/org/junit/platform/junit-platform-engine/1.7.0/junit-platform-engine-1.7.0.jar:/home/runner/.m2/repository/org/junit/vintage/junit-vintage-engine/5.7.0/junit-vintage-engine-5.7.0.jar:/home/runner/.m2/repository/org/junit/platform/junit-platform-launcher/1.7.0/junit-platform-launcher-1.7.0.jar:/home/runner/.m2/repository/org/openjdk/jmh/jmh-core/1.19/jmh-core-1.19.jar:/home/runner/.m2/repository/net/sf/jopt-simple/jopt-simple/4.6/jopt-simple-4.6.jar:/home/runner/.m2/repository/org/apache/commons/commons-math3/3.1.1/commons-math3-3.1.1.jar:/home/runner/.m2/repository/org/openjdk/jmh/jmh-generator-annprocess/1.19/jmh-generator-annprocess-1.19.jar:/home/runner/.m2/repository/org/mockito/mockito-core/2.28.2/mockito-core-2.28.2.jar:/home/runner/.m2/repository/net/bytebuddy/byte-buddy/1.9.10/byte-buddy-1.9.10.jar:/home/runner/.m2/repository/net/bytebuddy/byte-buddy-agent/1.9.10/byte-buddy-agent-1.9.10.jar:/home/runner/.m2/repository/org/objenesis/objenesis/1.0/objenesis-1.0.jar:/home/runner/.m2/repository/org/apache/hadoop/hadoop-kms/3.3.1/hadoop-kms-3.3.1.jar:/home/runner/.m2/repository/org/apache/hadoop/hadoop-auth/3.3.1/hadoop-auth-3.3.1.jar:/home/runner/.m2/repository/com/nimbusds/nimbus-jose-jwt/7.9/nimbus-jose-jwt-7.9.jar:/home/runner/.m2/repository/com/github/stephenc/jcip/jcip-annotations/1.0-1/jcip-annotations-1.0-1.jar:/home/runner/.m2/repository/net/minidev/json-smart/2.3/json-smart-2.3.jar:/home/runner/.m2/repository/net/minidev/accessors-smart/1.2/accessors-smart-1.2.jar:/home/runner/.m2/repository/org/ow2/asm/asm/5.0.4/asm-5.0.4.jar:/home/runner/.m2/repository/org/apache/zookeeper/zookeeper/3.5.6/zookeeper-3.5.6.jar:/home/runner/.m2/repository/org/apache/zookeeper/zookeeper-jute/3.5.6/zookeeper-jute-3.5.6.jar:/home/runner/.m2/repository/org/apache/yetus/audience-annotations/0.5.0/audience-annotations-0.5.0.jar:/home/runner/.m2/repository/org/apache/curator/curator-framework/4.2.0/curator-framework-4.2.0.jar:/home/runner/.m2/repository/org/apache/hadoop/thirdparty/hadoop-shaded-guava/1.1.1/hadoop-shaded-guava-1.1.1.jar:/home/runner/.m2/repository/com/sun/jersey/jersey-core/1.19/jersey-core-1.19.jar:/home/runner/.m2/repository/javax/ws/rs/jsr311-api/1.1.1/jsr311-api-1.1.1.jar:/home/runner/.m2/repository/com/sun/jersey/jersey-server/1.19/jersey-server-1.19.jar:/home/runner/.m2/repository/javax/servlet/javax.servlet-api/3.1.0/javax.servlet-api-3.1.0.jar:/home/runner/.m2/repository/org/eclipse/jetty/jetty-server/9.4.35.v20201120/jetty-server-9.4.35.v20201120.jar:/home/runner/.m2/repository/org/eclipse/jetty/jetty-http/9.4.35.v20201120/jetty-http-9.4.35.v20201120.jar:/home/runner/.m2/repository/org/eclipse/jetty/jetty-io/9.4.35.v20201120/jetty-io-9.4.35.v20201120.jar:/home/runner/.m2/repository/org/eclipse/jetty/jetty-webapp/9.4.35.v20201120/jetty-webapp-9.4.35.v20201120.jar:/home/runner/.m2/repository/org/eclipse/jetty/jetty-xml/9.4.35.v20201120/jetty-xml-9.4.35.v20201120.jar:/home/runner/.m2/repository/org/apache/hadoop/hadoop-common/3.3.1/hadoop-common-3.3.1.jar:/home/runner/.m2/repository/commons-net/commons-net/3.6/commons-net-3.6.jar:/home/runner/.m2/repository/jakarta/activation/jakarta.activation-api/1.2.1/jakarta.activation-api-1.2.1.jar:/home/runner/.m2/repository/com/sun/jersey/jersey-servlet/1.19/jersey-servlet-1.19.jar:/home/runner/.m2/repository/com/sun/jersey/jersey-json/1.19/jersey-json-1.19.jar:/home/runner/.m2/repository/org/codehaus/jettison/jettison/1.1/jettison-1.1.jar:/home/runner/.m2/repository/com/sun/xml/bind/jaxb-impl/2.2.3-1/jaxb-impl-2.2.3-1.jar:/home/runner/.m2/repository/org/codehaus/jackson/jackson-jaxrs/1.9.2/jackson-jaxrs-1.9.2.jar:/home/runner/.m2/repository/org/codehaus/jackson/jackson-xc/1.9.2/jackson-xc-1.9.2.jar:/home/runner/.m2/repository/org/apache/commons/commons-configuration2/2.1.1/commons-configuration2-2.1.1.jar:/home/runner/.m2/repository/org/apache/commons/commons-text/1.4/commons-text-1.4.jar:/home/runner/.m2/repository/com/google/re2j/re2j/1.1/re2j-1.1.jar:/home/runner/.m2/repository/com/jcraft/jsch/0.1.54/jsch-0.1.54.jar:/home/runner/.m2/repository/org/apache/curator/curator-client/4.2.0/curator-client-4.2.0.jar:/home/runner/.m2/repository/org/apache/curator/curator-recipes/4.2.0/curator-recipes-4.2.0.jar:/home/runner/.m2/repository/org/apache/kerby/kerb-core/1.0.1/kerb-core-1.0.1.jar:/home/runner/.m2/repository/org/apache/kerby/kerby-pkix/1.0.1/kerby-pkix-1.0.1.jar:/home/runner/.m2/repository/org/apache/kerby/kerby-asn1/1.0.1/kerby-asn1-1.0.1.jar:/home/runner/.m2/repository/org/apache/kerby/kerby-util/1.0.1/kerby-util-1.0.1.jar:/home/runner/.m2/repository/dnsjava/dnsjava/2.1.7/dnsjava-2.1.7.jar:/home/runner/.m2/repository/org/xerial/snappy/snappy-java/1.1.8.2/snappy-java-1.1.8.2.jar:/home/runner/.m2/repository/org/slf4j/jul-to-slf4j/1.7.30/jul-to-slf4j-1.7.30.jar:/home/runner/.m2/repository/org/eclipse/jetty/jetty-util/9.4.35.v20201120/jetty-util-9.4.35.v20201120.jar:/home/runner/.m2/repository/com/fasterxml/jackson/core/jackson-databind/2.12.1/jackson-databind-2.12.1.jar:/home/runner/.m2/repository/org/apache/hadoop/hadoop-kms/3.3.1/hadoop-kms-3.3.1-tests.jar:/home/runner/.m2/repository/org/apache/ozone/hdds-server-scm/1.2.0-SNAPSHOT/hdds-server-scm-1.2.0-SNAPSHOT-tests.jar:/home/runner/.m2/repository/org/apache/ozone/hdds-container-service/1.2.0-SNAPSHOT/hdds-container-service-1.2.0-SNAPSHOT-tests.jar:/home/runner/.m2/repository/commons-codec/commons-codec/1.11/commons-codec-1.11.jar:/home/runner/.m2/repository/io/netty/netty-transport/4.1.63.Final/netty-transport-4.1.63.Final.jar:/home/runner/.m2/repository/io/netty/netty-resolver/4.1.63.Final/netty-resolver-4.1.63.Final.jar:/home/runner/.m2/repository/io/netty/netty-codec/4.1.63.Final/netty-codec-4.1.63.Final.jar:/home/runner/.m2/repository/io/netty/netty-handler/4.1.63.Final/netty-handler-4.1.63.Final.jar:/home/runner/.m2/repository/org/apache/ozone/hdds-hadoop-dependency-test/1.2.0-SNAPSHOT/hdds-hadoop-dependency-test-1.2.0-SNAPSHOT.jar:/home/runner/.m2/repository/org/apache/hadoop/hadoop-common/3.3.1/hadoop-common-3.3.1-tests.jar:/home/runner/.m2/repository/org/assertj/assertj-core/3.12.2/assertj-core-3.12.2.jar:/home/runner/.m2/repository/org/apache/hadoop/hadoop-hdfs/3.3.1/hadoop-hdfs-3.3.1-tests.jar:/home/runner/.m2/repository/org/eclipse/jetty/jetty-util-ajax/9.4.35.v20201120/jetty-util-ajax-9.4.35.v20201120.jar:/home/runner/.m2/repository/commons-daemon/commons-daemon/1.0.13/commons-daemon-1.0.13.jar:/home/runner/.m2/repository/io/netty/netty/3.10.6.Final/netty-3.10.6.Final.jar:/home/runner/.m2/repository/io/netty/netty-all/4.1.63.Final/netty-all-4.1.63.Final.jar:/home/runner/.m2/repository/org/apache/htrace/htrace-core4/4.1.0-incubating/htrace-core4-4.1.0-incubating.jar:/home/runner/.m2/repository/org/fusesource/leveldbjni/leveldbjni-all/1.8/leveldbjni-all-1.8.jar:/home/runner/.m2/repository/org/apache/hadoop/hadoop-distcp/3.3.1/hadoop-distcp-3.3.1.jar:/home/runner/.m2/repository/org/apache/hadoop/hadoop-mapreduce-client-jobclient/3.3.1/hadoop-mapreduce-client-jobclient-3.3.1.jar:/home/runner/.m2/repository/org/apache/hadoop/hadoop-mapreduce-client-common/3.3.1/hadoop-mapreduce-client-common-3.3.1.jar:/home/runner/.m2/repository/org/apache/hadoop/hadoop-yarn-common/3.3.1/hadoop-yarn-common-3.3.1.jar:/home/runner/.m2/repository/org/apache/hadoop/hadoop-yarn-api/3.3.1/hadoop-yarn-api-3.3.1.jar:/home/runner/.m2/repository/com/sun/jersey/jersey-client/1.19/jersey-client-1.19.jar:/home/runner/.m2/repository/com/sun/jersey/contribs/jersey-guice/1.19/jersey-guice-1.19.jar:/home/runner/.m2/repository/com/fasterxml/jackson/jaxrs/jackson-jaxrs-json-provider/2.12.1/jackson-jaxrs-json-provider-2.12.1.jar:/home/runner/.m2/repository/com/fasterxml/jackson/jaxrs/jackson-jaxrs-base/2.12.1/jackson-jaxrs-base-2.12.1.jar:/home/runner/.m2/repository/org/apache/hadoop/hadoop-yarn-client/3.3.1/hadoop-yarn-client-3.3.1.jar:/home/runner/.m2/repository/org/eclipse/jetty/websocket/websocket-client/9.4.40.v20210413/websocket-client-9.4.40.v20210413.jar:/home/runner/.m2/repository/org/eclipse/jetty/jetty-client/9.4.40.v20210413/jetty-client-9.4.40.v20210413.jar:/home/runner/.m2/repository/org/eclipse/jetty/websocket/websocket-common/9.4.40.v20210413/websocket-common-9.4.40.v20210413.jar:/home/runner/.m2/repository/org/eclipse/jetty/websocket/websocket-api/9.4.40.v20210413/websocket-api-9.4.40.v20210413.jar:/home/runner/.m2/repository/org/jline/jline/3.9.0/jline-3.9.0.jar:/home/runner/.m2/repository/org/apache/hadoop/hadoop-mapreduce-client-core/3.3.1/hadoop-mapreduce-client-core-3.3.1.jar:/home/runner/.m2/repository/org/apache/avro/avro/1.7.7/avro-1.7.7.jar:/home/runner/.m2/repository/org/codehaus/jackson/jackson-core-asl/1.9.13/jackson-core-asl-1.9.13.jar:/home/runner/.m2/repository/org/codehaus/jackson/jackson-mapper-asl/1.9.13/jackson-mapper-asl-1.9.13.jar:/home/runner/.m2/repository/com/thoughtworks/paranamer/paranamer/2.3/paranamer-2.3.jar:/home/runner/.m2/repository/org/apache/hadoop/hadoop-annotations/3.3.1/hadoop-annotations-3.3.1.jar:/usr/lib/jvm/adoptopenjdk-8-hotspot-amd64/jre/../lib/tools.jar:/home/runner/.m2/repository/org/apache/hadoop/hadoop-distcp/3.3.1/hadoop-distcp-3.3.1-tests.jar:"/>
    <property name="java.vm.vendor" value="AdoptOpenJDK"/>
    <property name="sun.arch.data.model" value="64"/>
    <property name="test.build.dir" value="/home/runner/work/ozone/ozone/mnt/ozone/hadoop-ozone/integration-test/target/test-dir"/>
    <property name="test.cache.data" value=""/>
    <property name="java.vendor.url" value="https://adoptopenjdk.net/"/>
    <property name="user.timezone" value=""/>
    <property name="java.vm.specification.version" value="1.8"/>
    <property name="os.name" value="Linux"/>
    <property name="test.build.data" value="/home/runner/work/ozone/ozone/mnt/ozone/hadoop-ozone/integration-test/target/test-dir"/>
    <property name="sun.java.launcher" value="SUN_STANDARD"/>
    <property name="sun.boot.library.path" value="/usr/lib/jvm/adoptopenjdk-8-hotspot-amd64/jre/lib/amd64"/>
    <property name="sun.java.command" value="/home/runner/work/ozone/ozone/mnt/ozone/hadoop-ozone/integration-test/target/surefire/surefirebooter8332965968983459234.jar /home/runner/work/ozone/ozone/mnt/ozone/hadoop-ozone/integration-test/target/surefire 2021-08-03T12-50-47_523-jvmRun1 surefire1824734399389399868tmp surefire_87723762634796847221tmp"/>
    <property name="surefire.test.class.path" value="/home/runner/work/ozone/ozone/mnt/ozone/hadoop-ozone/integration-test/target/test-classes:/home/runner/work/ozone/ozone/mnt/ozone/hadoop-ozone/integration-test/target/classes:/home/runner/.m2/repository/org/apache/ozone/ozone-common/1.2.0-SNAPSHOT/ozone-common-1.2.0-SNAPSHOT.jar:/home/runner/.m2/repository/org/apache/commons/commons-compress/1.20/commons-compress-1.20.jar:/home/runner/.m2/repository/org/apache/ozone/hdds-common/1.2.0-SNAPSHOT/hdds-common-1.2.0-SNAPSHOT.jar:/home/runner/.m2/repository/org/apache/ozone/hdds-client/1.2.0-SNAPSHOT/hdds-client-1.2.0-SNAPSHOT.jar:/home/runner/.m2/repository/org/apache/ozone/ozone-interface-client/1.2.0-SNAPSHOT/ozone-interface-client-1.2.0-SNAPSHOT.jar:/home/runner/.m2/repository/org/apache/ozone/hdds-server-framework/1.2.0-SNAPSHOT/hdds-server-framework-1.2.0-SNAPSHOT.jar:/home/runner/.m2/repository/org/apache/ozone/hdds-interface-server/1.2.0-SNAPSHOT/hdds-interface-server-1.2.0-SNAPSHOT.jar:/home/runner/.m2/repository/org/eclipse/jetty/jetty-servlet/9.4.35.v20201120/jetty-servlet-9.4.35.v20201120.jar:/home/runner/.m2/repository/org/eclipse/jetty/jetty-security/9.4.35.v20201120/jetty-security-9.4.35.v20201120.jar:/home/runner/.m2/repository/org/rocksdb/rocksdbjni/6.20.3/rocksdbjni-6.20.3.jar:/home/runner/.m2/repository/io/prometheus/simpleclient_dropwizard/0.7.0/simpleclient_dropwizard-0.7.0.jar:/home/runner/.m2/repository/io/prometheus/simpleclient/0.7.0/simpleclient-0.7.0.jar:/home/runner/.m2/repository/io/prometheus/simpleclient_common/0.7.0/simpleclient_common-0.7.0.jar:/home/runner/.m2/repository/com/fasterxml/jackson/datatype/jackson-datatype-jsr310/2.12.1/jackson-datatype-jsr310-2.12.1.jar:/home/runner/.m2/repository/org/apache/ozone/hdds-test-utils/1.2.0-SNAPSHOT/hdds-test-utils-1.2.0-SNAPSHOT.jar:/home/runner/.m2/repository/com/google/guava/guava/30.1.1-jre/guava-30.1.1-jre.jar:/home/runner/.m2/repository/com/google/guava/failureaccess/1.0.1/failureaccess-1.0.1.jar:/home/runner/.m2/repository/com/google/guava/listenablefuture/9999.0-empty-to-avoid-conflict-with-guava/listenablefuture-9999.0-empty-to-avoid-conflict-with-guava.jar:/home/runner/.m2/repository/com/google/code/findbugs/jsr305/3.0.0/jsr305-3.0.0.jar:/home/runner/.m2/repository/org/checkerframework/checker-qual/3.8.0/checker-qual-3.8.0.jar:/home/runner/.m2/repository/com/google/errorprone/error_prone_annotations/2.2.0/error_prone_annotations-2.2.0.jar:/home/runner/.m2/repository/com/google/j2objc/j2objc-annotations/1.3/j2objc-annotations-1.3.jar:/home/runner/.m2/repository/commons-io/commons-io/2.8.0/commons-io-2.8.0.jar:/home/runner/.m2/repository/commons-logging/commons-logging/1.2/commons-logging-1.2.jar:/home/runner/.m2/repository/log4j/log4j/1.2.17/log4j-1.2.17.jar:/home/runner/.m2/repository/org/slf4j/slf4j-api/1.7.30/slf4j-api-1.7.30.jar:/home/runner/.m2/repository/org/apache/ozone/hdds-server-scm/1.2.0-SNAPSHOT/hdds-server-scm-1.2.0-SNAPSHOT.jar:/home/runner/.m2/repository/org/apache/ozone/hdds-container-service/1.2.0-SNAPSHOT/hdds-container-service-1.2.0-SNAPSHOT.jar:/home/runner/.m2/repository/org/apache/ozone/hdds-hadoop-dependency-server/1.2.0-SNAPSHOT/hdds-hadoop-dependency-server-1.2.0-SNAPSHOT.jar:/home/runner/.m2/repository/org/apache/hadoop/hadoop-hdfs/3.3.1/hadoop-hdfs-3.3.1.jar:/home/runner/.m2/repository/io/dropwizard/metrics/metrics-core/3.2.4/metrics-core-3.2.4.jar:/home/runner/.m2/repository/org/apache/hadoop/hadoop-hdfs-client/3.3.1/hadoop-hdfs-client-3.3.1.jar:/home/runner/.m2/repository/org/bouncycastle/bcprov-jdk15on/1.67/bcprov-jdk15on-1.67.jar:/home/runner/.m2/repository/com/google/protobuf/protobuf-java/2.5.0/protobuf-java-2.5.0.jar:/home/runner/.m2/repository/org/apache/ozone/ozone-manager/1.2.0-SNAPSHOT/ozone-manager-1.2.0-SNAPSHOT.jar:/home/runner/.m2/repository/org/aspectj/aspectjrt/1.8.9/aspectjrt-1.8.9.jar:/home/runner/.m2/repository/org/aspectj/aspectjweaver/1.8.9/aspectjweaver-1.8.9.jar:/home/runner/.m2/repository/org/apache/ozone/hdds-interface-client/1.2.0-SNAPSHOT/hdds-interface-client-1.2.0-SNAPSHOT.jar:/home/runner/.m2/repository/org/apache/hadoop/thirdparty/hadoop-shaded-protobuf_3_7/1.1.1/hadoop-shaded-protobuf_3_7-1.1.1.jar:/home/runner/.m2/repository/org/apache/ratis/ratis-thirdparty-misc/0.7.0/ratis-thirdparty-misc-0.7.0.jar:/home/runner/.m2/repository/org/apache/ozone/ozone-interface-storage/1.2.0-SNAPSHOT/ozone-interface-storage-1.2.0-SNAPSHOT.jar:/home/runner/.m2/repository/org/reflections/reflections/0.9.11/reflections-0.9.11.jar:/home/runner/.m2/repository/org/apache/hadoop/hadoop-minikdc/3.3.1/hadoop-minikdc-3.3.1.jar:/home/runner/.m2/repository/org/apache/kerby/kerb-simplekdc/1.0.1/kerb-simplekdc-1.0.1.jar:/home/runner/.m2/repository/org/apache/kerby/kerb-client/1.0.1/kerb-client-1.0.1.jar:/home/runner/.m2/repository/org/apache/kerby/kerby-config/1.0.1/kerby-config-1.0.1.jar:/home/runner/.m2/repository/org/apache/kerby/kerb-common/1.0.1/kerb-common-1.0.1.jar:/home/runner/.m2/repository/org/apache/kerby/kerb-crypto/1.0.1/kerb-crypto-1.0.1.jar:/home/runner/.m2/repository/org/apache/kerby/kerb-util/1.0.1/kerb-util-1.0.1.jar:/home/runner/.m2/repository/org/apache/kerby/token-provider/1.0.1/token-provider-1.0.1.jar:/home/runner/.m2/repository/org/apache/kerby/kerb-admin/1.0.1/kerb-admin-1.0.1.jar:/home/runner/.m2/repository/org/apache/kerby/kerb-server/1.0.1/kerb-server-1.0.1.jar:/home/runner/.m2/repository/org/apache/kerby/kerb-identity/1.0.1/kerb-identity-1.0.1.jar:/home/runner/.m2/repository/org/apache/kerby/kerby-xdr/1.0.1/kerby-xdr-1.0.1.jar:/home/runner/.m2/repository/org/slf4j/slf4j-log4j12/1.7.30/slf4j-log4j12-1.7.30.jar:/home/runner/.m2/repository/org/apache/ozone/ozone-s3gateway/1.2.0-SNAPSHOT/ozone-s3gateway-1.2.0-SNAPSHOT.jar:/home/runner/.m2/repository/org/javassist/javassist/3.21.0-GA/javassist-3.21.0-GA.jar:/home/runner/.m2/repository/org/jboss/weld/servlet/weld-servlet/2.4.7.Final/weld-servlet-2.4.7.Final.jar:/home/runner/.m2/repository/org/glassfish/jersey/containers/jersey-container-servlet-core/2.33/jersey-container-servlet-core-2.33.jar:/home/runner/.m2/repository/org/glassfish/hk2/external/jakarta.inject/2.6.1/jakarta.inject-2.6.1.jar:/home/runner/.m2/repository/org/glassfish/jersey/core/jersey-common/2.33/jersey-common-2.33.jar:/home/runner/.m2/repository/jakarta/ws/rs/jakarta.ws.rs-api/2.1.6/jakarta.ws.rs-api-2.1.6.jar:/home/runner/.m2/repository/org/glassfish/jersey/ext/cdi/jersey-cdi1x/2.33/jersey-cdi1x-2.33.jar:/home/runner/.m2/repository/org/glassfish/jersey/inject/jersey-hk2/2.33/jersey-hk2-2.33.jar:/home/runner/.m2/repository/org/glassfish/hk2/hk2-locator/2.6.1/hk2-locator-2.6.1.jar:/home/runner/.m2/repository/org/glassfish/jersey/media/jersey-media-jaxb/2.33/jersey-media-jaxb-2.33.jar:/home/runner/.m2/repository/org/glassfish/hk2/osgi-resource-locator/1.0.3/osgi-resource-locator-1.0.3.jar:/home/runner/.m2/repository/org/glassfish/hk2/hk2-api/2.5.0/hk2-api-2.5.0.jar:/home/runner/.m2/repository/org/glassfish/hk2/hk2-utils/2.5.0/hk2-utils-2.5.0.jar:/home/runner/.m2/repository/org/glassfish/hk2/external/aopalliance-repackaged/2.5.0/aopalliance-repackaged-2.5.0.jar:/home/runner/.m2/repository/com/fasterxml/jackson/dataformat/jackson-dataformat-xml/2.12.1/jackson-dataformat-xml-2.12.1.jar:/home/runner/.m2/repository/com/fasterxml/jackson/core/jackson-core/2.12.1/jackson-core-2.12.1.jar:/home/runner/.m2/repository/com/fasterxml/jackson/module/jackson-module-jaxb-annotations/2.12.1/jackson-module-jaxb-annotations-2.12.1.jar:/home/runner/.m2/repository/jakarta/xml/bind/jakarta.xml.bind-api/2.3.2/jakarta.xml.bind-api-2.3.2.jar:/home/runner/.m2/repository/org/codehaus/woodstox/stax2-api/3.1.4/stax2-api-3.1.4.jar:/home/runner/.m2/repository/com/fasterxml/woodstox/woodstox-core/5.0.3/woodstox-core-5.0.3.jar:/home/runner/.m2/repository/javax/enterprise/cdi-api/1.2/cdi-api-1.2.jar:/home/runner/.m2/repository/javax/el/javax.el-api/3.0.0/javax.el-api-3.0.0.jar:/home/runner/.m2/repository/javax/interceptor/javax.interceptor-api/1.2/javax.interceptor-api-1.2.jar:/home/runner/.m2/repository/javax/inject/javax.inject/1/javax.inject-1.jar:/home/runner/.m2/repository/javax/xml/bind/jaxb-api/2.3.0/jaxb-api-2.3.0.jar:/home/runner/.m2/repository/org/glassfish/jaxb/jaxb-runtime/2.3.0.1/jaxb-runtime-2.3.0.1.jar:/home/runner/.m2/repository/org/glassfish/jaxb/jaxb-core/2.3.0.1/jaxb-core-2.3.0.1.jar:/home/runner/.m2/repository/org/glassfish/jaxb/txw2/2.3.0.1/txw2-2.3.0.1.jar:/home/runner/.m2/repository/com/sun/istack/istack-commons-runtime/3.0.5/istack-commons-runtime-3.0.5.jar:/home/runner/.m2/repository/org/jvnet/staxex/stax-ex/1.7.8/stax-ex-1.7.8.jar:/home/runner/.m2/repository/com/sun/xml/fastinfoset/FastInfoset/1.2.13/FastInfoset-1.2.13.jar:/home/runner/.m2/repository/javax/activation/activation/1.1.1/activation-1.1.1.jar:/home/runner/.m2/repository/org/apache/ozone/ozone-csi/1.2.0-SNAPSHOT/ozone-csi-1.2.0-SNAPSHOT.jar:/home/runner/.m2/repository/com/google/protobuf/protobuf-java-util/3.12.0/protobuf-java-util-3.12.0.jar:/home/runner/.m2/repository/com/google/code/gson/gson/2.2.4/gson-2.2.4.jar:/home/runner/.m2/repository/org/apache/ozone/hdds-config/1.2.0-SNAPSHOT/hdds-config-1.2.0-SNAPSHOT.jar:/home/runner/.m2/repository/io/grpc/grpc-netty/1.33.0/grpc-netty-1.33.0.jar:/home/runner/.m2/repository/io/grpc/grpc-core/1.33.0/grpc-core-1.33.0.jar:/home/runner/.m2/repository/com/google/android/annotations/4.1.1.4/annotations-4.1.1.4.jar:/home/runner/.m2/repository/io/netty/netty-codec-http2/4.1.63.Final/netty-codec-http2-4.1.63.Final.jar:/home/runner/.m2/repository/io/netty/netty-codec-http/4.1.63.Final/netty-codec-http-4.1.63.Final.jar:/home/runner/.m2/repository/io/netty/netty-handler-proxy/4.1.63.Final/netty-handler-proxy-4.1.63.Final.jar:/home/runner/.m2/repository/io/netty/netty-codec-socks/4.1.63.Final/netty-codec-socks-4.1.63.Final.jar:/home/runner/.m2/repository/io/perfmark/perfmark-api/0.19.0/perfmark-api-0.19.0.jar:/home/runner/.m2/repository/org/codehaus/mojo/animal-sniffer-annotations/1.18/animal-sniffer-annotations-1.18.jar:/home/runner/.m2/repository/io/netty/netty-transport-native-epoll/4.1.63.Final/netty-transport-native-epoll-4.1.63.Final.jar:/home/runner/.m2/repository/io/netty/netty-common/4.1.63.Final/netty-common-4.1.63.Final.jar:/home/runner/.m2/repository/io/netty/netty-buffer/4.1.63.Final/netty-buffer-4.1.63.Final.jar:/home/runner/.m2/repository/io/netty/netty-transport-native-unix-common/4.1.63.Final/netty-transport-native-unix-common-4.1.63.Final.jar:/home/runner/.m2/repository/io/grpc/grpc-protobuf/1.33.0/grpc-protobuf-1.33.0.jar:/home/runner/.m2/repository/io/grpc/grpc-api/1.33.0/grpc-api-1.33.0.jar:/home/runner/.m2/repository/io/grpc/grpc-context/1.33.0/grpc-context-1.33.0.jar:/home/runner/.m2/repository/com/google/api/grpc/proto-google-common-protos/1.17.0/proto-google-common-protos-1.17.0.jar:/home/runner/.m2/repository/io/grpc/grpc-protobuf-lite/1.33.0/grpc-protobuf-lite-1.33.0.jar:/home/runner/.m2/repository/io/grpc/grpc-stub/1.33.0/grpc-stub-1.33.0.jar:/home/runner/.m2/repository/org/apache/ozone/ozone-recon/1.2.0-SNAPSHOT/ozone-recon-1.2.0-SNAPSHOT.jar:/home/runner/.m2/repository/org/apache/ozone/ozone-reconcodegen/1.2.0-SNAPSHOT/ozone-reconcodegen-1.2.0-SNAPSHOT.jar:/home/runner/.m2/repository/com/google/inject/extensions/guice-multibindings/4.0/guice-multibindings-4.0.jar:/home/runner/.m2/repository/com/google/inject/guice/4.0/guice-4.0.jar:/home/runner/.m2/repository/aopalliance/aopalliance/1.0/aopalliance-1.0.jar:/home/runner/.m2/repository/com/google/inject/extensions/guice-assistedinject/4.0/guice-assistedinject-4.0.jar:/home/runner/.m2/repository/com/google/inject/extensions/guice-servlet/4.0/guice-servlet-4.0.jar:/home/runner/.m2/repository/org/glassfish/jersey/containers/jersey-container-servlet/2.33/jersey-container-servlet-2.33.jar:/home/runner/.m2/repository/org/glassfish/hk2/guice-bridge/2.5.0/guice-bridge-2.5.0.jar:/home/runner/.m2/repository/org/glassfish/jersey/core/jersey-server/2.33/jersey-server-2.33.jar:/home/runner/.m2/repository/org/glassfish/jersey/core/jersey-client/2.33/jersey-client-2.33.jar:/home/runner/.m2/repository/jakarta/annotation/jakarta.annotation-api/1.3.5/jakarta.annotation-api-1.3.5.jar:/home/runner/.m2/repository/jakarta/validation/jakarta.validation-api/2.0.2/jakarta.validation-api-2.0.2.jar:/home/runner/.m2/repository/org/glassfish/jersey/media/jersey-media-json-jackson/2.33/jersey-media-json-jackson-2.33.jar:/home/runner/.m2/repository/org/glassfish/jersey/ext/jersey-entity-filtering/2.33/jersey-entity-filtering-2.33.jar:/home/runner/.m2/repository/org/jooq/jooq/3.11.10/jooq-3.11.10.jar:/home/runner/.m2/repository/org/jooq/jooq-meta/3.11.10/jooq-meta-3.11.10.jar:/home/runner/.m2/repository/org/jooq/jooq-codegen/3.11.10/jooq-codegen-3.11.10.jar:/home/runner/.m2/repository/com/jolbox/bonecp/0.8.0.RELEASE/bonecp-0.8.0.RELEASE.jar:/home/runner/.m2/repository/org/apache/derby/derby/10.14.2.0/derby-10.14.2.0.jar:/home/runner/.m2/repository/org/xerial/sqlite-jdbc/3.25.2/sqlite-jdbc-3.25.2.jar:/home/runner/.m2/repository/org/springframework/spring-jdbc/5.2.11.RELEASE/spring-jdbc-5.2.11.RELEASE.jar:/home/runner/.m2/repository/org/springframework/spring-beans/5.2.11.RELEASE/spring-beans-5.2.11.RELEASE.jar:/home/runner/.m2/repository/org/springframework/spring-core/5.2.11.RELEASE/spring-core-5.2.11.RELEASE.jar:/home/runner/.m2/repository/org/springframework/spring-jcl/5.2.11.RELEASE/spring-jcl-5.2.11.RELEASE.jar:/home/runner/.m2/repository/org/springframework/spring-tx/5.2.11.RELEASE/spring-tx-5.2.11.RELEASE.jar:/home/runner/.m2/repository/org/apache/ozone/ozone-client/1.2.0-SNAPSHOT/ozone-client-1.2.0-SNAPSHOT.jar:/home/runner/.m2/repository/org/apache/ozone/ozone-filesystem/1.2.0-SNAPSHOT/ozone-filesystem-1.2.0-SNAPSHOT.jar:/home/runner/.m2/repository/org/apache/ozone/ozone-filesystem-common/1.2.0-SNAPSHOT/ozone-filesystem-common-1.2.0-SNAPSHOT.jar:/home/runner/.m2/repository/org/apache/ozone/ozone-tools/1.2.0-SNAPSHOT/ozone-tools-1.2.0-SNAPSHOT.jar:/home/runner/.m2/repository/org/apache/ratis/ratis-tools/2.1.0/ratis-tools-2.1.0.jar:/home/runner/.m2/repository/org/apache/ratis/ratis-proto/2.1.0/ratis-proto-2.1.0.jar:/home/runner/.m2/repository/org/apache/ratis/ratis-common/2.1.0/ratis-common-2.1.0.jar:/home/runner/.m2/repository/com/amazonaws/aws-java-sdk-core/1.11.901/aws-java-sdk-core-1.11.901.jar:/home/runner/.m2/repository/org/apache/httpcomponents/httpclient/4.5.13/httpclient-4.5.13.jar:/home/runner/.m2/repository/org/apache/httpcomponents/httpcore/4.4.13/httpcore-4.4.13.jar:/home/runner/.m2/repository/software/amazon/ion/ion-java/1.0.2/ion-java-1.0.2.jar:/home/runner/.m2/repository/com/fasterxml/jackson/dataformat/jackson-dataformat-cbor/2.12.1/jackson-dataformat-cbor-2.12.1.jar:/home/runner/.m2/repository/joda-time/joda-time/2.8.1/joda-time-2.8.1.jar:/home/runner/.m2/repository/com/amazonaws/aws-java-sdk-s3/1.11.901/aws-java-sdk-s3-1.11.901.jar:/home/runner/.m2/repository/com/amazonaws/aws-java-sdk-kms/1.11.901/aws-java-sdk-kms-1.11.901.jar:/home/runner/.m2/repository/com/amazonaws/jmespath-java/1.11.901/jmespath-java-1.11.901.jar:/home/runner/.m2/repository/org/kohsuke/metainf-services/metainf-services/1.8/metainf-services-1.8.jar:/home/runner/.m2/repository/org/apache/ozone/hdds-tools/1.2.0-SNAPSHOT/hdds-tools-1.2.0-SNAPSHOT.jar:/home/runner/.m2/repository/commons-cli/commons-cli/1.2/commons-cli-1.2.jar:/home/runner/.m2/repository/org/apache/commons/commons-lang3/3.7/commons-lang3-3.7.jar:/home/runner/.m2/repository/org/apache/ozone/ozone-manager/1.2.0-SNAPSHOT/ozone-manager-1.2.0-SNAPSHOT-tests.jar:/home/runner/.m2/repository/org/apache/ozone/hdds-common/1.2.0-SNAPSHOT/hdds-common-1.2.0-SNAPSHOT-tests.jar:/home/runner/.m2/repository/org/apache/ozone/hdds-hadoop-dependency-client/1.2.0-SNAPSHOT/hdds-hadoop-dependency-client-1.2.0-SNAPSHOT.jar:/home/runner/.m2/repository/info/picocli/picocli/4.4.0/picocli-4.4.0.jar:/home/runner/.m2/repository/com/fasterxml/jackson/core/jackson-annotations/2.12.1/jackson-annotations-2.12.1.jar:/home/runner/.m2/repository/javax/annotation/javax.annotation-api/1.2/javax.annotation-api-1.2.jar:/home/runner/.m2/repository/org/apache/ratis/ratis-server/2.1.0/ratis-server-2.1.0.jar:/home/runner/.m2/repository/org/apache/ratis/ratis-client/2.1.0/ratis-client-2.1.0.jar:/home/runner/.m2/repository/org/apache/ratis/ratis-server-api/2.1.0/ratis-server-api-2.1.0.jar:/home/runner/.m2/repository/org/apache/ratis/ratis-metrics/2.1.0/ratis-metrics-2.1.0.jar:/home/runner/.m2/repository/org/apache/ratis/ratis-netty/2.1.0/ratis-netty-2.1.0.jar:/home/runner/.m2/repository/org/apache/ratis/ratis-grpc/2.1.0/ratis-grpc-2.1.0.jar:/home/runner/.m2/repository/org/apache/logging/log4j/log4j-api/2.13.3/log4j-api-2.13.3.jar:/home/runner/.m2/repository/org/apache/logging/log4j/log4j-core/2.13.3/log4j-core-2.13.3.jar:/home/runner/.m2/repository/com/lmax/disruptor/3.4.2/disruptor-3.4.2.jar:/home/runner/.m2/repository/org/apache/commons/commons-pool2/2.6.0/commons-pool2-2.6.0.jar:/home/runner/.m2/repository/org/bouncycastle/bcpkix-jdk15on/1.67/bcpkix-jdk15on-1.67.jar:/home/runner/.m2/repository/commons-validator/commons-validator/1.6/commons-validator-1.6.jar:/home/runner/.m2/repository/commons-beanutils/commons-beanutils/1.9.4/commons-beanutils-1.9.4.jar:/home/runner/.m2/repository/commons-digester/commons-digester/1.8.1/commons-digester-1.8.1.jar:/home/runner/.m2/repository/commons-collections/commons-collections/3.2.2/commons-collections-3.2.2.jar:/home/runner/.m2/repository/io/jaegertracing/jaeger-client/1.6.0/jaeger-client-1.6.0.jar:/home/runner/.m2/repository/io/jaegertracing/jaeger-thrift/1.6.0/jaeger-thrift-1.6.0.jar:/home/runner/.m2/repository/org/apache/thrift/libthrift/0.14.1/libthrift-0.14.1.jar:/home/runner/.m2/repository/com/squareup/okhttp3/okhttp/4.9.0/okhttp-4.9.0.jar:/home/runner/.m2/repository/com/squareup/okio/okio/2.8.0/okio-2.8.0.jar:/home/runner/.m2/repository/io/jaegertracing/jaeger-core/1.6.0/jaeger-core-1.6.0.jar:/home/runner/.m2/repository/io/jaegertracing/jaeger-tracerresolver/1.6.0/jaeger-tracerresolver-1.6.0.jar:/home/runner/.m2/repository/io/opentracing/contrib/opentracing-tracerresolver/0.1.8/opentracing-tracerresolver-0.1.8.jar:/home/runner/.m2/repository/org/jetbrains/kotlin/kotlin-stdlib/1.4.31/kotlin-stdlib-1.4.31.jar:/home/runner/.m2/repository/org/jetbrains/kotlin/kotlin-stdlib-common/1.4.31/kotlin-stdlib-common-1.4.31.jar:/home/runner/.m2/repository/org/jetbrains/annotations/13.0/annotations-13.0.jar:/home/runner/.m2/repository/io/opentracing/opentracing-util/0.33.0/opentracing-util-0.33.0.jar:/home/runner/.m2/repository/io/opentracing/opentracing-api/0.33.0/opentracing-api-0.33.0.jar:/home/runner/.m2/repository/io/opentracing/opentracing-noop/0.33.0/opentracing-noop-0.33.0.jar:/home/runner/.m2/repository/org/yaml/snakeyaml/1.26/snakeyaml-1.26.jar:/home/runner/.m2/repository/org/apache/ozone/hdds-interface-admin/1.2.0-SNAPSHOT/hdds-interface-admin-1.2.0-SNAPSHOT.jar:/home/runner/.m2/repository/junit/junit/4.13.1/junit-4.13.1.jar:/home/runner/.m2/repository/org/hamcrest/hamcrest-core/1.3/hamcrest-core-1.3.jar:/home/runner/.m2/repository/org/junit/jupiter/junit-jupiter-api/5.7.0/junit-jupiter-api-5.7.0.jar:/home/runner/.m2/repository/org/apiguardian/apiguardian-api/1.1.0/apiguardian-api-1.1.0.jar:/home/runner/.m2/repository/org/opentest4j/opentest4j/1.2.0/opentest4j-1.2.0.jar:/home/runner/.m2/repository/org/junit/platform/junit-platform-commons/1.7.0/junit-platform-commons-1.7.0.jar:/home/runner/.m2/repository/org/junit/jupiter/junit-jupiter-engine/5.7.0/junit-jupiter-engine-5.7.0.jar:/home/runner/.m2/repository/org/junit/platform/junit-platform-engine/1.7.0/junit-platform-engine-1.7.0.jar:/home/runner/.m2/repository/org/junit/vintage/junit-vintage-engine/5.7.0/junit-vintage-engine-5.7.0.jar:/home/runner/.m2/repository/org/junit/platform/junit-platform-launcher/1.7.0/junit-platform-launcher-1.7.0.jar:/home/runner/.m2/repository/org/openjdk/jmh/jmh-core/1.19/jmh-core-1.19.jar:/home/runner/.m2/repository/net/sf/jopt-simple/jopt-simple/4.6/jopt-simple-4.6.jar:/home/runner/.m2/repository/org/apache/commons/commons-math3/3.1.1/commons-math3-3.1.1.jar:/home/runner/.m2/repository/org/openjdk/jmh/jmh-generator-annprocess/1.19/jmh-generator-annprocess-1.19.jar:/home/runner/.m2/repository/org/mockito/mockito-core/2.28.2/mockito-core-2.28.2.jar:/home/runner/.m2/repository/net/bytebuddy/byte-buddy/1.9.10/byte-buddy-1.9.10.jar:/home/runner/.m2/repository/net/bytebuddy/byte-buddy-agent/1.9.10/byte-buddy-agent-1.9.10.jar:/home/runner/.m2/repository/org/objenesis/objenesis/1.0/objenesis-1.0.jar:/home/runner/.m2/repository/org/apache/hadoop/hadoop-kms/3.3.1/hadoop-kms-3.3.1.jar:/home/runner/.m2/repository/org/apache/hadoop/hadoop-auth/3.3.1/hadoop-auth-3.3.1.jar:/home/runner/.m2/repository/com/nimbusds/nimbus-jose-jwt/7.9/nimbus-jose-jwt-7.9.jar:/home/runner/.m2/repository/com/github/stephenc/jcip/jcip-annotations/1.0-1/jcip-annotations-1.0-1.jar:/home/runner/.m2/repository/net/minidev/json-smart/2.3/json-smart-2.3.jar:/home/runner/.m2/repository/net/minidev/accessors-smart/1.2/accessors-smart-1.2.jar:/home/runner/.m2/repository/org/ow2/asm/asm/5.0.4/asm-5.0.4.jar:/home/runner/.m2/repository/org/apache/zookeeper/zookeeper/3.5.6/zookeeper-3.5.6.jar:/home/runner/.m2/repository/org/apache/zookeeper/zookeeper-jute/3.5.6/zookeeper-jute-3.5.6.jar:/home/runner/.m2/repository/org/apache/yetus/audience-annotations/0.5.0/audience-annotations-0.5.0.jar:/home/runner/.m2/repository/org/apache/curator/curator-framework/4.2.0/curator-framework-4.2.0.jar:/home/runner/.m2/repository/org/apache/hadoop/thirdparty/hadoop-shaded-guava/1.1.1/hadoop-shaded-guava-1.1.1.jar:/home/runner/.m2/repository/com/sun/jersey/jersey-core/1.19/jersey-core-1.19.jar:/home/runner/.m2/repository/javax/ws/rs/jsr311-api/1.1.1/jsr311-api-1.1.1.jar:/home/runner/.m2/repository/com/sun/jersey/jersey-server/1.19/jersey-server-1.19.jar:/home/runner/.m2/repository/javax/servlet/javax.servlet-api/3.1.0/javax.servlet-api-3.1.0.jar:/home/runner/.m2/repository/org/eclipse/jetty/jetty-server/9.4.35.v20201120/jetty-server-9.4.35.v20201120.jar:/home/runner/.m2/repository/org/eclipse/jetty/jetty-http/9.4.35.v20201120/jetty-http-9.4.35.v20201120.jar:/home/runner/.m2/repository/org/eclipse/jetty/jetty-io/9.4.35.v20201120/jetty-io-9.4.35.v20201120.jar:/home/runner/.m2/repository/org/eclipse/jetty/jetty-webapp/9.4.35.v20201120/jetty-webapp-9.4.35.v20201120.jar:/home/runner/.m2/repository/org/eclipse/jetty/jetty-xml/9.4.35.v20201120/jetty-xml-9.4.35.v20201120.jar:/home/runner/.m2/repository/org/apache/hadoop/hadoop-common/3.3.1/hadoop-common-3.3.1.jar:/home/runner/.m2/repository/commons-net/commons-net/3.6/commons-net-3.6.jar:/home/runner/.m2/repository/jakarta/activation/jakarta.activation-api/1.2.1/jakarta.activation-api-1.2.1.jar:/home/runner/.m2/repository/com/sun/jersey/jersey-servlet/1.19/jersey-servlet-1.19.jar:/home/runner/.m2/repository/com/sun/jersey/jersey-json/1.19/jersey-json-1.19.jar:/home/runner/.m2/repository/org/codehaus/jettison/jettison/1.1/jettison-1.1.jar:/home/runner/.m2/repository/com/sun/xml/bind/jaxb-impl/2.2.3-1/jaxb-impl-2.2.3-1.jar:/home/runner/.m2/repository/org/codehaus/jackson/jackson-jaxrs/1.9.2/jackson-jaxrs-1.9.2.jar:/home/runner/.m2/repository/org/codehaus/jackson/jackson-xc/1.9.2/jackson-xc-1.9.2.jar:/home/runner/.m2/repository/org/apache/commons/commons-configuration2/2.1.1/commons-configuration2-2.1.1.jar:/home/runner/.m2/repository/org/apache/commons/commons-text/1.4/commons-text-1.4.jar:/home/runner/.m2/repository/com/google/re2j/re2j/1.1/re2j-1.1.jar:/home/runner/.m2/repository/com/jcraft/jsch/0.1.54/jsch-0.1.54.jar:/home/runner/.m2/repository/org/apache/curator/curator-client/4.2.0/curator-client-4.2.0.jar:/home/runner/.m2/repository/org/apache/curator/curator-recipes/4.2.0/curator-recipes-4.2.0.jar:/home/runner/.m2/repository/org/apache/kerby/kerb-core/1.0.1/kerb-core-1.0.1.jar:/home/runner/.m2/repository/org/apache/kerby/kerby-pkix/1.0.1/kerby-pkix-1.0.1.jar:/home/runner/.m2/repository/org/apache/kerby/kerby-asn1/1.0.1/kerby-asn1-1.0.1.jar:/home/runner/.m2/repository/org/apache/kerby/kerby-util/1.0.1/kerby-util-1.0.1.jar:/home/runner/.m2/repository/dnsjava/dnsjava/2.1.7/dnsjava-2.1.7.jar:/home/runner/.m2/repository/org/xerial/snappy/snappy-java/1.1.8.2/snappy-java-1.1.8.2.jar:/home/runner/.m2/repository/org/slf4j/jul-to-slf4j/1.7.30/jul-to-slf4j-1.7.30.jar:/home/runner/.m2/repository/org/eclipse/jetty/jetty-util/9.4.35.v20201120/jetty-util-9.4.35.v20201120.jar:/home/runner/.m2/repository/com/fasterxml/jackson/core/jackson-databind/2.12.1/jackson-databind-2.12.1.jar:/home/runner/.m2/repository/org/apache/hadoop/hadoop-kms/3.3.1/hadoop-kms-3.3.1-tests.jar:/home/runner/.m2/repository/org/apache/ozone/hdds-server-scm/1.2.0-SNAPSHOT/hdds-server-scm-1.2.0-SNAPSHOT-tests.jar:/home/runner/.m2/repository/org/apache/ozone/hdds-container-service/1.2.0-SNAPSHOT/hdds-container-service-1.2.0-SNAPSHOT-tests.jar:/home/runner/.m2/repository/commons-codec/commons-codec/1.11/commons-codec-1.11.jar:/home/runner/.m2/repository/io/netty/netty-transport/4.1.63.Final/netty-transport-4.1.63.Final.jar:/home/runner/.m2/repository/io/netty/netty-resolver/4.1.63.Final/netty-resolver-4.1.63.Final.jar:/home/runner/.m2/repository/io/netty/netty-codec/4.1.63.Final/netty-codec-4.1.63.Final.jar:/home/runner/.m2/repository/io/netty/netty-handler/4.1.63.Final/netty-handler-4.1.63.Final.jar:/home/runner/.m2/repository/org/apache/ozone/hdds-hadoop-dependency-test/1.2.0-SNAPSHOT/hdds-hadoop-dependency-test-1.2.0-SNAPSHOT.jar:/home/runner/.m2/repository/org/apache/hadoop/hadoop-common/3.3.1/hadoop-common-3.3.1-tests.jar:/home/runner/.m2/repository/org/assertj/assertj-core/3.12.2/assertj-core-3.12.2.jar:/home/runner/.m2/repository/org/apache/hadoop/hadoop-hdfs/3.3.1/hadoop-hdfs-3.3.1-tests.jar:/home/runner/.m2/repository/org/eclipse/jetty/jetty-util-ajax/9.4.35.v20201120/jetty-util-ajax-9.4.35.v20201120.jar:/home/runner/.m2/repository/commons-daemon/commons-daemon/1.0.13/commons-daemon-1.0.13.jar:/home/runner/.m2/repository/io/netty/netty/3.10.6.Final/netty-3.10.6.Final.jar:/home/runner/.m2/repository/io/netty/netty-all/4.1.63.Final/netty-all-4.1.63.Final.jar:/home/runner/.m2/repository/org/apache/htrace/htrace-core4/4.1.0-incubating/htrace-core4-4.1.0-incubating.jar:/home/runner/.m2/repository/org/fusesource/leveldbjni/leveldbjni-all/1.8/leveldbjni-all-1.8.jar:/home/runner/.m2/repository/org/apache/hadoop/hadoop-distcp/3.3.1/hadoop-distcp-3.3.1.jar:/home/runner/.m2/repository/org/apache/hadoop/hadoop-mapreduce-client-jobclient/3.3.1/hadoop-mapreduce-client-jobclient-3.3.1.jar:/home/runner/.m2/repository/org/apache/hadoop/hadoop-mapreduce-client-common/3.3.1/hadoop-mapreduce-client-common-3.3.1.jar:/home/runner/.m2/repository/org/apache/hadoop/hadoop-yarn-common/3.3.1/hadoop-yarn-common-3.3.1.jar:/home/runner/.m2/repository/org/apache/hadoop/hadoop-yarn-api/3.3.1/hadoop-yarn-api-3.3.1.jar:/home/runner/.m2/repository/com/sun/jersey/jersey-client/1.19/jersey-client-1.19.jar:/home/runner/.m2/repository/com/sun/jersey/contribs/jersey-guice/1.19/jersey-guice-1.19.jar:/home/runner/.m2/repository/com/fasterxml/jackson/jaxrs/jackson-jaxrs-json-provider/2.12.1/jackson-jaxrs-json-provider-2.12.1.jar:/home/runner/.m2/repository/com/fasterxml/jackson/jaxrs/jackson-jaxrs-base/2.12.1/jackson-jaxrs-base-2.12.1.jar:/home/runner/.m2/repository/org/apache/hadoop/hadoop-yarn-client/3.3.1/hadoop-yarn-client-3.3.1.jar:/home/runner/.m2/repository/org/eclipse/jetty/websocket/websocket-client/9.4.40.v20210413/websocket-client-9.4.40.v20210413.jar:/home/runner/.m2/repository/org/eclipse/jetty/jetty-client/9.4.40.v20210413/jetty-client-9.4.40.v20210413.jar:/home/runner/.m2/repository/org/eclipse/jetty/websocket/websocket-common/9.4.40.v20210413/websocket-common-9.4.40.v20210413.jar:/home/runner/.m2/repository/org/eclipse/jetty/websocket/websocket-api/9.4.40.v20210413/websocket-api-9.4.40.v20210413.jar:/home/runner/.m2/repository/org/jline/jline/3.9.0/jline-3.9.0.jar:/home/runner/.m2/repository/org/apache/hadoop/hadoop-mapreduce-client-core/3.3.1/hadoop-mapreduce-client-core-3.3.1.jar:/home/runner/.m2/repository/org/apache/avro/avro/1.7.7/avro-1.7.7.jar:/home/runner/.m2/repository/org/codehaus/jackson/jackson-core-asl/1.9.13/jackson-core-asl-1.9.13.jar:/home/runner/.m2/repository/org/codehaus/jackson/jackson-mapper-asl/1.9.13/jackson-mapper-asl-1.9.13.jar:/home/runner/.m2/repository/com/thoughtworks/paranamer/paranamer/2.3/paranamer-2.3.jar:/home/runner/.m2/repository/org/apache/hadoop/hadoop-annotations/3.3.1/hadoop-annotations-3.3.1.jar:/usr/lib/jvm/adoptopenjdk-8-hotspot-amd64/jre/../lib/tools.jar:/home/runner/.m2/repository/org/apache/hadoop/hadoop-distcp/3.3.1/hadoop-distcp-3.3.1-tests.jar:"/>
    <property name="sun.cpu.endian" value="little"/>
    <property name="user.home" value="/home/runner"/>
    <property name="user.language" value="en"/>
    <property name="java.specification.vendor" value="Oracle Corporation"/>
    <property name="java.home" value="/usr/lib/jvm/adoptopenjdk-8-hotspot-amd64/jre"/>
    <property name="java.security.krb5.conf" value="/home/runner/work/ozone/ozone/mnt/ozone/hadoop-ozone/integration-test/target/test-classes/krb5.conf"/>
    <property name="basedir" value="/home/runner/work/ozone/ozone/mnt/ozone/hadoop-ozone/integration-test"/>
    <property name="file.separator" value="/"/>
    <property name="line.separator" value="&#10;"/>
    <property name="java.vm.specification.vendor" value="Oracle Corporation"/>
    <property name="java.specification.name" value="Java Platform API Specification"/>
    <property name="java.awt.graphicsenv" value="sun.awt.X11GraphicsEnvironment"/>
    <property name="skip.installnpx" value="true"/>
    <property name="surefire.real.class.path" value="/home/runner/work/ozone/ozone/mnt/ozone/hadoop-ozone/integration-test/target/surefire/surefirebooter8332965968983459234.jar:/home/runner/.m2/repository/org/jacoco/org.jacoco.agent/0.8.5/org.jacoco.agent-0.8.5-runtime.jar"/>
    <property name="hadoop.log.dir" value="/home/runner/work/ozone/ozone/mnt/ozone/hadoop-ozone/integration-test/target/log"/>
    <property name="sun.boot.class.path" value="/usr/lib/jvm/adoptopenjdk-8-hotspot-amd64/jre/lib/resources.jar:/usr/lib/jvm/adoptopenjdk-8-hotspot-amd64/jre/lib/rt.jar:/usr/lib/jvm/adoptopenjdk-8-hotspot-amd64/jre/lib/sunrsasign.jar:/usr/lib/jvm/adoptopenjdk-8-hotspot-amd64/jre/lib/jsse.jar:/usr/lib/jvm/adoptopenjdk-8-hotspot-amd64/jre/lib/jce.jar:/usr/lib/jvm/adoptopenjdk-8-hotspot-amd64/jre/lib/charsets.jar:/usr/lib/jvm/adoptopenjdk-8-hotspot-amd64/jre/lib/jfr.jar:/usr/lib/jvm/adoptopenjdk-8-hotspot-amd64/jre/classes"/>
    <property name="sun.management.compiler" value="HotSpot 64-Bit Tiered Compilers"/>
    <property name="skip.npx" value="true"/>
    <property name="java.runtime.version" value="1.8.0_292-b10"/>
    <property name="java.net.preferIPv4Stack" value="true"/>
    <property name="user.name" value="runner"/>
    <property name="path.separator" value=":"/>
    <property name="java.security.egd" value="file:///dev/urandom"/>
    <property name="os.version" value="5.4.0-1055-azure"/>
    <property name="java.endorsed.dirs" value="/usr/lib/jvm/adoptopenjdk-8-hotspot-amd64/jre/lib/endorsed"/>
    <property name="java.runtime.name" value="OpenJDK Runtime Environment"/>
    <property name="file.encoding" value="UTF-8"/>
    <property name="java.vm.name" value="OpenJDK 64-Bit Server VM"/>
    <property name="test.build.webapps" value=""/>
    <property name="localRepository" value="/home/runner/.m2/repository"/>
    <property name="java.vendor.url.bug" value="https://github.com/AdoptOpenJDK/openjdk-support/issues"/>
    <property name="java.io.tmpdir" value="/tmp"/>
    <property name="require.test.libhadoop" value=""/>
    <property name="java.version" value="1.8.0_292"/>
    <property name="user.dir" value="/home/runner/work/ozone/ozone/mnt/ozone/hadoop-ozone/integration-test"/>
    <property name="os.arch" value="amd64"/>
    <property name="java.vm.specification.name" value="Java Virtual Machine Specification"/>
    <property name="test.build.classes" value="/home/runner/work/ozone/ozone/mnt/ozone/hadoop-ozone/integration-test/target/test-classes"/>
    <property name="java.awt.printerjob" value="sun.print.PSPrinterJob"/>
    <property name="sun.os.patch.level" value="unknown"/>
    <property name="hadoop.tmp.dir" value="/home/runner/work/ozone/ozone/mnt/ozone/hadoop-ozone/integration-test/target/tmp"/>
    <property name="java.library.path" value="/usr/java/packages/lib/amd64:/usr/lib64:/lib64:/lib:/usr/lib"/>
    <property name="java.vm.info" value="mixed mode"/>
    <property name="java.vendor" value="AdoptOpenJDK"/>
    <property name="java.vm.version" value="25.292-b10"/>
    <property name="java.ext.dirs" value="/usr/lib/jvm/adoptopenjdk-8-hotspot-amd64/jre/lib/ext:/usr/java/packages/lib/ext"/>
    <property name="sun.io.unicode.encoding" value="UnicodeLittle"/>
    <property name="java.class.version" value="52.0"/>
  </properties>
  <testcase name="testPipelineCloseWithPipelineAction" classname="org.apache.hadoop.hdds.scm.pipeline.TestPipelineClose" time="33.879"/>
  <testcase name="testPipelineCloseWithOpenContainer" classname="org.apache.hadoop.hdds.scm.pipeline.TestPipelineClose" time="23.434"/>
  <testcase name="testPipelineCloseWithClosedContainer" classname="org.apache.hadoop.hdds.scm.pipeline.TestPipelineClose" time="28.211"/>
  <testcase name="testPipelineCloseWithLogFailure" classname="org.apache.hadoop.hdds.scm.pipeline.TestPipelineClose" time="34.591">
    <failure message="&#10;Wanted but not invoked:&#10;pipelineActionHandler.onMessage(&#10;    &lt;Capturing argument&gt;,&#10;    &lt;any org.apache.hadoop.hdds.server.events.EventPublisher&gt;&#10;);&#10;-&gt; at org.apache.hadoop.hdds.scm.pipeline.PipelineActionHandler.onMessage(PipelineActionHandler.java:64)&#10;Actually, there were zero interactions with this mock.&#10;" type="Wanted but not invoked"><![CDATA[Wanted but not invoked:
pipelineActionHandler.onMessage(
    <Capturing argument>,
    <any org.apache.hadoop.hdds.server.events.EventPublisher>
);
-> at org.apache.hadoop.hdds.scm.pipeline.PipelineActionHandler.onMessage(PipelineActionHandler.java:64)
Actually, there were zero interactions with this mock.

	at org.apache.hadoop.hdds.scm.pipeline.PipelineActionHandler.onMessage(PipelineActionHandler.java:64)
	at org.apache.hadoop.hdds.scm.pipeline.TestPipelineClose.testPipelineCloseWithLogFailure(TestPipelineClose.java:246)
	at sun.reflect.NativeMethodAccessorImpl.invoke0(Native Method)
	at sun.reflect.NativeMethodAccessorImpl.invoke(NativeMethodAccessorImpl.java:62)
	at sun.reflect.DelegatingMethodAccessorImpl.invoke(DelegatingMethodAccessorImpl.java:43)
	at java.lang.reflect.Method.invoke(Method.java:498)
	at org.junit.runners.model.FrameworkMethod$1.runReflectiveCall(FrameworkMethod.java:59)
	at org.junit.internal.runners.model.ReflectiveCallable.run(ReflectiveCallable.java:12)
	at org.junit.runners.model.FrameworkMethod.invokeExplosively(FrameworkMethod.java:56)
	at org.junit.internal.runners.statements.InvokeMethod.evaluate(InvokeMethod.java:17)
	at org.junit.internal.runners.statements.RunBefores.evaluate(RunBefores.java:26)
	at org.junit.internal.runners.statements.RunAfters.evaluate(RunAfters.java:27)
	at org.junit.internal.runners.statements.FailOnTimeout$CallableStatement.call(FailOnTimeout.java:288)
	at org.junit.internal.runners.statements.FailOnTimeout$CallableStatement.call(FailOnTimeout.java:282)
	at java.util.concurrent.FutureTask.run(FutureTask.java:266)
	at java.lang.Thread.run(Thread.java:748)
]]></failure>
    <system-out><![CDATA[2021-08-03 13:03:21,723 [Time-limited test] WARN  server.ServerUtils (ServerUtils.java:getScmDbDir(148)) - ozone.scm.db.dirs is not configured. We recommend adding this setting. Falling back to ozone.metadata.dirs instead.
2021-08-03 13:03:21,725 [Time-limited test] INFO  ha.SCMHANodeDetails (SCMHANodeDetails.java:loadSCMHAConfig(157)) - ServiceID for StorageContainerManager is null
2021-08-03 13:03:21,725 [Time-limited test] INFO  ha.SCMHANodeDetails (SCMHANodeDetails.java:loadSCMHAConfig(162)) - ozone.scm.default.service.id is not defined, falling back to ozone.scm.service.ids to find serviceID for StorageContainerManager if it is HA enabled cluster
2021-08-03 13:03:21,725 [Time-limited test] WARN  server.ServerUtils (ServerUtils.java:getScmDbDir(148)) - ozone.scm.db.dirs is not configured. We recommend adding this setting. Falling back to ozone.metadata.dirs instead.
2021-08-03 13:03:21,726 [Time-limited test] INFO  upgrade.AbstractLayoutVersionManager (AbstractLayoutVersionManager.java:init(70)) - Initializing Layout version manager with metadata layout = SCM_HA (version = 2), software layout = SCM_HA (version = 2)
2021-08-03 13:03:21,771 [Time-limited test] INFO  reflections.Reflections (Reflections.java:scan(232)) - Reflections took 44 ms to scan 7 urls, producing 120 keys and 273 values 
2021-08-03 13:03:21,773 [Time-limited test] WARN  utils.HAUtils (HAUtils.java:getMetaDir(342)) - ozone.scm.db.dirs is not configured. We recommend adding this setting. Falling back to ozone.metadata.dirs instead.
2021-08-03 13:03:21,774 [Time-limited test] WARN  db.DBStoreBuilder (DBStoreBuilder.java:applyDBDefinition(145)) - ozone.scm.db.dirs is not configured. We recommend adding this setting. Falling back to ozone.metadata.dirs instead.
2021-08-03 13:03:21,845 [Time-limited test] INFO  net.NodeSchemaLoader (NodeSchemaLoader.java:loadSchemaFromFile(129)) - Loading schema from [jar:file:/home/runner/.m2/repository/org/apache/ozone/hdds-common/1.2.0-SNAPSHOT/hdds-common-1.2.0-SNAPSHOT.jar!/network-topology-default.xml]
2021-08-03 13:03:21,845 [Time-limited test] INFO  net.NodeSchemaLoader (NodeSchemaLoader.java:loadSchema(176)) - Loading network topology layer schema file
2021-08-03 13:03:21,848 [Time-limited test] INFO  ha.SequenceIdGenerator (SequenceIdGenerator.java:upgradeToSequenceId(327)) - upgrade localId to 107544261427200000
2021-08-03 13:03:21,848 [Time-limited test] INFO  ha.SequenceIdGenerator (SequenceIdGenerator.java:upgradeToSequenceId(337)) - upgrade delTxnId to 0
2021-08-03 13:03:21,848 [Time-limited test] INFO  ha.SequenceIdGenerator (SequenceIdGenerator.java:upgradeToSequenceId(351)) - upgrade containerId to 0
2021-08-03 13:03:21,849 [Time-limited test] INFO  ha.SequenceIdGenerator (SequenceIdGenerator.java:<init>(217)) - Init the HA SequenceIdGenerator.
2021-08-03 13:03:21,849 [Time-limited test] WARN  server.ServerUtils (ServerUtils.java:sanitizeUserArgs(73)) - ozone.scm.stale.node.interval value = 300000 is larger than max = 100000 based on the key value of ozone.scm.heartbeat.thread.interval, reset to the max value 100000.
2021-08-03 13:03:21,849 [Time-limited test] WARN  server.ServerUtils (ServerUtils.java:sanitizeUserArgs(73)) - ozone.scm.stale.node.interval value = 300000 is larger than max = 100000 based on the key value of ozone.scm.heartbeat.thread.interval, reset to the max value 100000.
2021-08-03 13:03:21,850 [Time-limited test] INFO  node.SCMNodeManager (SCMNodeManager.java:<init>(141)) - Entering startup safe mode.
2021-08-03 13:03:21,851 [Time-limited test] INFO  algorithms.ContainerPlacementPolicyFactory (ContainerPlacementPolicyFactory.java:getPolicy(60)) - Create container placement policy of type org.apache.hadoop.hdds.scm.container.placement.algorithms.SCMContainerPlacementRandom
2021-08-03 13:03:21,851 [Time-limited test] INFO  pipeline.PipelineStateManager (PipelineStateManagerV2Impl.java:initialize(78)) - No pipeline exists in current db
2021-08-03 13:03:21,851 [Time-limited test] INFO  algorithms.LeaderChoosePolicyFactory (LeaderChoosePolicyFactory.java:getPolicy(57)) - Create leader choose policy of type org.apache.hadoop.hdds.scm.pipeline.leader.choose.algorithms.MinLeaderCountChoosePolicy
2021-08-03 13:03:21,851 [Time-limited test] INFO  ha.SCMServiceManager (SCMServiceManager.java:register(43)) - Registering service BackgroundPipelineCreator.
2021-08-03 13:03:21,851 [Time-limited test] INFO  pipeline.BackgroundPipelineCreator (BackgroundPipelineCreatorV2.java:start(130)) - Starting RatisPipelineUtilsThread.
2021-08-03 13:03:21,852 [Time-limited test] INFO  algorithms.PipelineChoosePolicyFactory (PipelineChoosePolicyFactory.java:createPipelineChoosePolicyFromClass(73)) - Create pipeline choose policy of type org.apache.hadoop.hdds.scm.pipeline.choose.algorithms.RandomPipelineChoosePolicy
2021-08-03 13:03:21,852 [Time-limited test] INFO  ha.SCMServiceManager (SCMServiceManager.java:register(43)) - Registering service SCMBlockDeletingService.
2021-08-03 13:03:21,853 [Time-limited test] INFO  ha.SCMServiceManager (SCMServiceManager.java:register(43)) - Registering service ReplicationManager.
2021-08-03 13:03:21,853 [Time-limited test] INFO  container.ReplicationManager (ReplicationManager.java:start(286)) - Starting Replication Monitor Thread.
2021-08-03 13:03:21,854 [ReplicationMonitor] INFO  container.ReplicationManager (ReplicationManager.java:processAll(341)) - Replication Monitor Thread took 0 milliseconds for processing 0 containers.
2021-08-03 13:03:21,854 [Time-limited test] INFO  safemode.ContainerSafeModeRule (ContainerSafeModeRule.java:<init>(89)) - containers with one replica threshold count 0
2021-08-03 13:03:21,854 [Time-limited test] INFO  safemode.HealthyPipelineSafeModeRule (HealthyPipelineSafeModeRule.java:initializeRule(156)) - Total pipeline count is 0, healthy pipeline threshold count is 1
2021-08-03 13:03:21,854 [Time-limited test] INFO  safemode.OneReplicaPipelineSafeModeRule (OneReplicaPipelineSafeModeRule.java:initializeRule(180)) - Total pipeline count is 0, pipeline's with at least one datanode reported threshold count is 0
2021-08-03 13:03:21,854 [Time-limited test] INFO  ipc.CallQueueManager (CallQueueManager.java:<init>(90)) - Using callQueue: class java.util.concurrent.LinkedBlockingQueue, queueCapacity: 2000, scheduler: class org.apache.hadoop.ipc.DefaultRpcScheduler, ipcBackoff: false.
2021-08-03 13:03:21,855 [Socket Reader #1 for port 0] INFO  ipc.Server (Server.java:run(1265)) - Starting Socket Reader #1 for port 0
2021-08-03 13:03:21,860 [Listener at 0.0.0.0/44505] INFO  ipc.CallQueueManager (CallQueueManager.java:<init>(90)) - Using callQueue: class java.util.concurrent.LinkedBlockingQueue, queueCapacity: 2000, scheduler: class org.apache.hadoop.ipc.DefaultRpcScheduler, ipcBackoff: false.
2021-08-03 13:03:21,860 [Socket Reader #1 for port 0] INFO  ipc.Server (Server.java:run(1265)) - Starting Socket Reader #1 for port 0
2021-08-03 13:03:21,864 [Listener at 0.0.0.0/41671] INFO  ipc.CallQueueManager (CallQueueManager.java:<init>(90)) - Using callQueue: class java.util.concurrent.LinkedBlockingQueue, queueCapacity: 2000, scheduler: class org.apache.hadoop.ipc.DefaultRpcScheduler, ipcBackoff: false.
2021-08-03 13:03:21,865 [Socket Reader #1 for port 0] INFO  ipc.Server (Server.java:run(1265)) - Starting Socket Reader #1 for port 0
2021-08-03 13:03:21,882 [Listener at 0.0.0.0/34857] INFO  server.StorageContainerManager (StorageContainerManager.java:<init>(380)) - 
Container Balancer status:
Key                            Value
Running                        true
Container Balancer Configuration values:
Key                            Value
Threshold                      0.1
Max Datanodes to Balance       5
Max Size to Move               10737418240B

2021-08-03 13:03:21,882 [Listener at 0.0.0.0/34857] WARN  events.EventQueue (EventQueue.java:fireEvent(194)) - No event handler registered for event TypedEvent{payloadType=SafeModeStatus, name='Safe mode status'}
2021-08-03 13:03:21,882 [Listener at 0.0.0.0/34857] INFO  ha.SCMContext (SCMContext.java:updateSafeModeStatus(205)) - Update SafeModeStatus from SafeModeStatus{safeModeStatus=true, preCheckPassed=false} to SafeModeStatus{safeModeStatus=true, preCheckPassed=false}.
2021-08-03 13:03:21,883 [Listener at 0.0.0.0/34857] INFO  server.StorageContainerManager (StorageContainerManager.java:start(1245)) - StorageContainerLocationProtocol RPC server is listening at /0.0.0.0:34857
2021-08-03 13:03:21,884 [Listener at 0.0.0.0/34857] WARN  impl.MetricsConfig (MetricsConfig.java:loadFirst(136)) - Cannot locate configuration: tried hadoop-metrics2-storagecontainermanager.properties,hadoop-metrics2.properties
2021-08-03 13:03:21,888 [Listener at 0.0.0.0/34857] INFO  impl.MetricsSystemImpl (MetricsSystemImpl.java:startTimer(378)) - Scheduled Metric snapshot period at 10 second(s).
2021-08-03 13:03:21,888 [Listener at 0.0.0.0/34857] INFO  impl.MetricsSystemImpl (MetricsSystemImpl.java:start(191)) - StorageContainerManager metrics system started
2021-08-03 13:03:21,896 [Listener at 0.0.0.0/34857] INFO  impl.MetricsSinkAdapter (MetricsSinkAdapter.java:start(204)) - Sink prometheus started
2021-08-03 13:03:21,897 [Listener at 0.0.0.0/34857] INFO  impl.MetricsSystemImpl (MetricsSystemImpl.java:registerSink(305)) - Registered sink prometheus
2021-08-03 13:03:21,909 [Listener at 0.0.0.0/34857] INFO  server.SCMClientProtocolServer (SCMClientProtocolServer.java:start(165)) - RPC server for Client  is listening at /0.0.0.0:34857
2021-08-03 13:03:21,910 [IPC Server Responder] INFO  ipc.Server (Server.java:run(1507)) - IPC Server Responder: starting
2021-08-03 13:03:21,913 [IPC Server listener on 0] INFO  ipc.Server (Server.java:run(1344)) - IPC Server listener on 0: starting
2021-08-03 13:03:21,927 [Listener at 0.0.0.0/34857] INFO  server.StorageContainerManager (StorageContainerManager.java:start(1260)) - ScmBlockLocationProtocol RPC server is listening at /0.0.0.0:41671
2021-08-03 13:03:21,927 [Listener at 0.0.0.0/34857] INFO  server.SCMBlockProtocolServer (SCMBlockProtocolServer.java:start(151)) - RPC server for Block Protocol is listening at /0.0.0.0:41671
2021-08-03 13:03:21,928 [IPC Server Responder] INFO  ipc.Server (Server.java:run(1507)) - IPC Server Responder: starting
2021-08-03 13:03:21,930 [IPC Server listener on 0] INFO  ipc.Server (Server.java:run(1344)) - IPC Server listener on 0: starting
2021-08-03 13:03:21,942 [Listener at 0.0.0.0/34857] INFO  server.StorageContainerManager (StorageContainerManager.java:start(1266)) - ScmDatanodeProtocl RPC server is listening at /0.0.0.0:44505
2021-08-03 13:03:21,942 [Listener at 0.0.0.0/34857] INFO  server.SCMDatanodeProtocolServer (SCMDatanodeProtocolServer.java:start(181)) - RPC server for DataNodes is listening at /0.0.0.0:44505
2021-08-03 13:03:21,943 [IPC Server Responder] INFO  ipc.Server (Server.java:run(1507)) - IPC Server Responder: starting
2021-08-03 13:03:21,944 [IPC Server listener on 0] INFO  ipc.Server (Server.java:run(1344)) - IPC Server listener on 0: starting
2021-08-03 13:03:21,955 [org.apache.hadoop.util.JvmPauseMonitor$Monitor@73f96a27] INFO  util.JvmPauseMonitor (JvmPauseMonitor.java:run(188)) - Starting JVM pause monitor
2021-08-03 13:03:21,956 [Listener at 0.0.0.0/34857] INFO  http.BaseHttpServer (BaseHttpServer.java:newHttpServer2BuilderForOzone(209)) - Starting Web-server for scm at: http://0.0.0.0:0
2021-08-03 13:03:21,956 [Listener at 0.0.0.0/34857] INFO  http.BaseHttpServer (BaseHttpServer.java:<init>(107)) - Hadoop Security Enabled: false Ozone Security Enabled: false Ozone HTTP Security Enabled: false 
2021-08-03 13:03:21,958 [Listener at 0.0.0.0/34857] INFO  server.AuthenticationFilter (AuthenticationFilter.java:constructSecretProvider(240)) - Unable to initialize FileSignerSecretProvider, falling back to use random secrets.
2021-08-03 13:03:21,958 [Listener at 0.0.0.0/34857] WARN  http.HttpRequestLog (HttpRequestLog.java:getRequestLog(103)) - Jetty request log can only be enabled using Log4j
2021-08-03 13:03:21,959 [Listener at 0.0.0.0/34857] INFO  http.HttpServer2 (HttpServer2.java:addGlobalFilter(1020)) - Added global filter 'safety' (class=org.apache.hadoop.hdds.server.http.HttpServer2$QuotingInputFilter)
2021-08-03 13:03:21,960 [Listener at 0.0.0.0/34857] INFO  http.HttpServer2 (HttpServer2.java:addFilter(996)) - Added filter static_user_filter (class=org.apache.hadoop.http.lib.StaticUserWebFilter$StaticUserFilter) to context scm
2021-08-03 13:03:21,961 [Listener at 0.0.0.0/34857] INFO  http.HttpServer2 (HttpServer2.java:addFilter(1004)) - Added filter static_user_filter (class=org.apache.hadoop.http.lib.StaticUserWebFilter$StaticUserFilter) to context static
2021-08-03 13:03:21,961 [Listener at 0.0.0.0/34857] INFO  http.HttpServer2 (HttpServer2.java:addFilter(1004)) - Added filter static_user_filter (class=org.apache.hadoop.http.lib.StaticUserWebFilter$StaticUserFilter) to context logs
2021-08-03 13:03:21,963 [Listener at 0.0.0.0/34857] INFO  http.HttpServer2 (HttpServer2.java:bindListener(1239)) - Jetty bound to port 39907
2021-08-03 13:03:21,963 [Listener at 0.0.0.0/34857] INFO  server.Server (Server.java:doStart(375)) - jetty-9.4.35.v20201120; built: 2020-11-20T21:17:03.964Z; git: bdc54f03a5e0a7e280fab27f55c3c75ee8da89fb; jvm 1.8.0_292-b10
2021-08-03 13:03:21,971 [Listener at 0.0.0.0/34857] INFO  server.session (DefaultSessionIdManager.java:doStart(334)) - DefaultSessionIdManager workerName=node0
2021-08-03 13:03:21,971 [Listener at 0.0.0.0/34857] INFO  server.session (DefaultSessionIdManager.java:doStart(339)) - No SessionScavenger set, using defaults
2021-08-03 13:03:21,971 [Listener at 0.0.0.0/34857] INFO  server.session (HouseKeeper.java:startScavenging(132)) - node0 Scavenging every 600000ms
2021-08-03 13:03:21,973 [Listener at 0.0.0.0/34857] INFO  handler.ContextHandler (ContextHandler.java:doStart(916)) - Started o.e.j.s.ServletContextHandler@2791031d{logs,/logs,file:///home/runner/work/ozone/ozone/mnt/ozone/hadoop-ozone/integration-test/target/log,AVAILABLE}
2021-08-03 13:03:21,973 [Listener at 0.0.0.0/34857] INFO  handler.ContextHandler (ContextHandler.java:doStart(916)) - Started o.e.j.s.ServletContextHandler@189f43b7{static,/static,file:///home/runner/work/ozone/ozone/mnt/ozone/hadoop-ozone/integration-test/target/test-classes/webapps/static,AVAILABLE}
2021-08-03 13:03:22,034 [Listener at 0.0.0.0/34857] INFO  handler.ContextHandler (ContextHandler.java:doStart(916)) - Started o.e.j.w.WebAppContext@29d004d9{scm,/,file:///home/runner/work/ozone/ozone/mnt/ozone/hadoop-ozone/integration-test/target/test-classes/webapps/scm/,AVAILABLE}{file:/home/runner/work/ozone/ozone/mnt/ozone/hadoop-ozone/integration-test/target/test-classes/webapps/scm}
2021-08-03 13:03:22,037 [Listener at 0.0.0.0/34857] INFO  server.AbstractConnector (AbstractConnector.java:doStart(331)) - Started ServerConnector@7fb29bb5{HTTP/1.1, (http/1.1)}{0.0.0.0:39907}
2021-08-03 13:03:22,037 [Listener at 0.0.0.0/34857] INFO  server.Server (Server.java:doStart(415)) - Started @86984ms
2021-08-03 13:03:22,038 [Listener at 0.0.0.0/34857] WARN  impl.MetricsSystemImpl (MetricsSystemImpl.java:register(279)) - Sink prometheus already exists!
2021-08-03 13:03:22,038 [Listener at 0.0.0.0/34857] INFO  http.BaseHttpServer (BaseHttpServer.java:updateConnectorAddress(329)) - HTTP server of scm listening at http://0.0.0.0:39907
2021-08-03 13:03:22,039 [Listener at 0.0.0.0/34857] WARN  server.ServerUtils (ServerUtils.java:getDBPath(225)) - ozone.om.db.dirs is not configured. We recommend adding this setting. Falling back to ozone.metadata.dirs instead.
2021-08-03 13:03:22,042 [Listener at 0.0.0.0/34857] INFO  ha.OMHANodeDetails (OMHANodeDetails.java:loadOMHAConfig(112)) - ozone.om.internal.service.id is not defined, falling back to ozone.om.service.ids to find serviceID for OzoneManager if it is HA enabled cluster
2021-08-03 13:03:22,042 [Listener at 0.0.0.0/34857] INFO  ha.OMHANodeDetails (OMHANodeDetails.java:loadOMHAConfig(219)) - Configuration does not have ozone.om.address set. Falling back to the default OM address /127.0.0.1:0
2021-08-03 13:03:22,042 [Listener at 0.0.0.0/34857] INFO  ha.OMHANodeDetails (OMHANodeDetails.java:getOMNodeDetails(247)) - OM Service ID is not set. Setting it to the default ID: omServiceIdDefault
2021-08-03 13:03:22,042 [Listener at 0.0.0.0/34857] INFO  ha.OMHANodeDetails (OMHANodeDetails.java:getOMNodeDetails(254)) - OM Node ID is not set. Setting it to the default ID: om1
2021-08-03 13:03:22,042 [Listener at 0.0.0.0/34857] WARN  server.ServerUtils (ServerUtils.java:getDBPath(225)) - ozone.om.db.dirs is not configured. We recommend adding this setting. Falling back to ozone.metadata.dirs instead.
2021-08-03 13:03:22,043 [Listener at 0.0.0.0/34857] INFO  upgrade.AbstractLayoutVersionManager (AbstractLayoutVersionManager.java:init(70)) - Initializing Layout version manager with metadata layout = INITIAL_VERSION (version = 0), software layout = INITIAL_VERSION (version = 0)
2021-08-03 13:03:22,104 [Listener at 0.0.0.0/34857] INFO  reflections.Reflections (Reflections.java:scan(232)) - Reflections took 61 ms to scan 2 urls, producing 131 keys and 342 values [using 2 cores]
2021-08-03 13:03:22,104 [Listener at 0.0.0.0/34857] INFO  upgrade.OMLayoutVersionManager (OMLayoutVersionManager.java:lambda$0(116)) - Skipping Upgrade Action MockOmUpgradeAction since it has been finalized.
2021-08-03 13:03:22,104 [Listener at 0.0.0.0/34857] WARN  server.ServerUtils (ServerUtils.java:getDBPath(225)) - ozone.om.db.dirs is not configured. We recommend adding this setting. Falling back to ozone.metadata.dirs instead.
2021-08-03 13:03:22,112 [Listener at 0.0.0.0/34857] WARN  server.ServerUtils (ServerUtils.java:getDBPath(225)) - ozone.om.db.dirs is not configured. We recommend adding this setting. Falling back to ozone.metadata.dirs instead.
2021-08-03 13:03:22,113 [Listener at 0.0.0.0/34857] INFO  codec.OmKeyInfoCodec (OmKeyInfoCodec.java:<init>(51)) - OmKeyInfoCodec ignorePipeline = true
2021-08-03 13:03:22,113 [Listener at 0.0.0.0/34857] INFO  codec.RepeatedOmKeyInfoCodec (RepeatedOmKeyInfoCodec.java:<init>(42)) - RepeatedOmKeyInfoCodec ignorePipeline = true
2021-08-03 13:03:22,220 [Listener at 0.0.0.0/34857] INFO  om.OzoneManager (OzoneManager.java:addS3GVolumeToDB(4084)) - Created Volume s3v With Owner runner required for S3Gateway operations.
2021-08-03 13:03:22,220 [Listener at 0.0.0.0/34857] WARN  server.ServerUtils (ServerUtils.java:getDefaultRatisDirectory(237)) - Storage directory for Ratis is not configured. It is a good idea to map this to an SSD disk. Falling back to ozone.metadata.dirs
2021-08-03 13:03:22,220 [Listener at 0.0.0.0/34857] WARN  utils.OzoneManagerRatisUtils (OzoneManagerRatisUtils.java:getOMRatisSnapshotDirectory(391)) - ozone.om.ratis.snapshot.dir is not configured. Falling back to ozone.metadata.dirs config
2021-08-03 13:03:22,220 [Listener at 0.0.0.0/34857] WARN  impl.MetricRegistriesImpl (MetricRegistriesImpl.java:addReporterRegistration(111)) - New reporters are added after registries were created. Some metrics will be missing from the reporter. Please add reporter before adding any new registry.
2021-08-03 13:03:22,220 [Listener at 0.0.0.0/34857] WARN  impl.MetricRegistriesImpl (MetricRegistriesImpl.java:addReporterRegistration(111)) - New reporters are added after registries were created. Some metrics will be missing from the reporter. Please add reporter before adding any new registry.
2021-08-03 13:03:22,220 [Listener at 0.0.0.0/34857] WARN  server.ServerUtils (ServerUtils.java:getDefaultRatisDirectory(237)) - Storage directory for Ratis is not configured. It is a good idea to map this to an SSD disk. Falling back to ozone.metadata.dirs
2021-08-03 13:03:22,221 [Listener at 0.0.0.0/34857] INFO  ratis.OzoneManagerRatisServer (OzoneManagerRatisServer.java:<init>(158)) - Instantiating OM Ratis server with groupID: omServiceIdDefault and peers: localhost:9872
2021-08-03 13:03:22,221 [Listener at 0.0.0.0/34857] INFO  ratis.OzoneManagerStateMachine (OzoneManagerStateMachine.java:loadSnapshotInfoFromDB(605)) - LastAppliedIndex is set from TransactionInfo from OM DB as (t:0, i:~)
2021-08-03 13:03:22,222 [Listener at 0.0.0.0/34857] INFO  server.RaftServer (ConfUtils.java:logGet(44)) - raft.rpc.type = GRPC (default)
2021-08-03 13:03:22,222 [Listener at 0.0.0.0/34857] INFO  grpc.GrpcFactory (GrpcFactory.java:checkPooledByteBufAllocatorUseCacheForAllThreads(48)) - PERFORMANCE WARNING: useCacheForAllThreads is true that may cause Netty to create a lot garbage objects and, as a result, trigger GC.
	It is recommended to disable useCacheForAllThreads by setting -Dorg.apache.ratis.thirdparty.io.netty.allocator.useCacheForAllThreads=false in command line.
2021-08-03 13:03:22,222 [Listener at 0.0.0.0/34857] INFO  grpc.GrpcConfigKeys (ConfUtils.java:logGet(44)) - raft.grpc.admin.port = -1 (default)
2021-08-03 13:03:22,222 [Listener at 0.0.0.0/34857] INFO  grpc.GrpcConfigKeys (ConfUtils.java:logGet(44)) - raft.grpc.server.port = 9872 (custom)
2021-08-03 13:03:22,222 [Listener at 0.0.0.0/34857] INFO  grpc.GrpcConfigKeys (ConfUtils.java:logGet(44)) - raft.grpc.client.port = -1 (default)
2021-08-03 13:03:22,222 [Listener at 0.0.0.0/34857] INFO  grpc.GrpcConfigKeys (ConfUtils.java:logGet(44)) - raft.grpc.server.port = 9872 (custom)
2021-08-03 13:03:22,223 [Listener at 0.0.0.0/34857] INFO  grpc.GrpcConfigKeys (ConfUtils.java:logGet(44)) - raft.grpc.server.port = 9872 (custom)
2021-08-03 13:03:22,223 [Listener at 0.0.0.0/34857] INFO  server.GrpcService (ConfUtils.java:logGet(44)) - raft.grpc.message.size.max = 33554432 (custom)
2021-08-03 13:03:22,223 [Listener at 0.0.0.0/34857] INFO  server.RaftServerConfigKeys (ConfUtils.java:logGet(44)) - raft.server.log.appender.buffer.byte-limit = 33554432 (custom)
2021-08-03 13:03:22,223 [Listener at 0.0.0.0/34857] INFO  server.GrpcService (ConfUtils.java:logGet(44)) - raft.grpc.flow.control.window = 1MB (=1048576) (default)
2021-08-03 13:03:22,223 [Listener at 0.0.0.0/34857] INFO  server.RaftServerConfigKeys (ConfUtils.java:logGet(44)) - raft.server.rpc.request.timeout = 3000ms (default)
2021-08-03 13:03:22,224 [Listener at 0.0.0.0/34857] INFO  impl.DataStreamServerImpl (ConfUtils.java:logGet(44)) - raft.datastream.type = DISABLED (default)
2021-08-03 13:03:22,224 [Listener at 0.0.0.0/34857] INFO  server.RaftServerConfigKeys (ConfUtils.java:logGet(44)) - raft.server.rpc.slowness.timeout = 120s (custom)
2021-08-03 13:03:22,224 [Listener at 0.0.0.0/34857] INFO  server.RaftServerConfigKeys (ConfUtils.java:logGet(44)) - raft.server.leaderelection.leader.step-down.wait-time = 10s (default)
2021-08-03 13:03:22,225 [Listener at 0.0.0.0/34857] INFO  server.RaftServerConfigKeys (ConfUtils.java:logGet(44)) - raft.server.storage.dir = [/home/runner/work/ozone/ozone/mnt/ozone/hadoop-ozone/integration-test/target/test-dir/MiniOzoneClusterImpl-f5709174-8c02-4eb0-9f51-9d4c6c69deaa/ozone-meta/ratis] (custom)
2021-08-03 13:03:22,225 [Listener at 0.0.0.0/34857] INFO  server.RaftServer (RaftServerProxy.java:addNew(95)) - om1: addNew group-C5BA1605619E:[om1|rpc:localhost:9872|priority:0] returns group-C5BA1605619E:java.util.concurrent.CompletableFuture@2104b5e8[Not completed]
2021-08-03 13:03:22,225 [pool-342-thread-1] INFO  server.RaftServer$Division (RaftServerImpl.java:<init>(181)) - om1: new RaftServerImpl for group-C5BA1605619E:[om1|rpc:localhost:9872|priority:0] with OzoneManagerStateMachine:uninitialized
2021-08-03 13:03:22,225 [Listener at 0.0.0.0/34857] INFO  om.OzoneManager (OzoneManager.java:initializeRatisServer(1542)) - OzoneManager Ratis server initialized at port 9872
2021-08-03 13:03:22,225 [pool-342-thread-1] INFO  server.RaftServerConfigKeys (ConfUtils.java:logGet(44)) - raft.server.rpc.timeout.min = 1s (custom)
2021-08-03 13:03:22,226 [pool-342-thread-1] INFO  server.RaftServerConfigKeys (ConfUtils.java:logGet(44)) - raft.server.rpc.timeout.max = 1200ms (custom)
2021-08-03 13:03:22,226 [pool-342-thread-1] INFO  server.RaftServerConfigKeys (ConfUtils.java:logGet(44)) - raft.server.rpc.sleep.time = 25ms (default)
2021-08-03 13:03:22,226 [pool-342-thread-1] INFO  server.RaftServerConfigKeys (ConfUtils.java:logGet(44)) - raft.server.rpc.slowness.timeout = 120s (custom)
2021-08-03 13:03:22,226 [pool-342-thread-1] INFO  server.RaftServerConfigKeys (ConfUtils.java:logGet(44)) - raft.server.leaderelection.leader.step-down.wait-time = 10s (default)
2021-08-03 13:03:22,226 [pool-342-thread-1] INFO  server.RaftServerConfigKeys (ConfUtils.java:logGet(44)) - raft.server.sleep.deviation.threshold = 300ms (default)
2021-08-03 13:03:22,226 [pool-342-thread-1] INFO  server.RaftServerConfigKeys (ConfUtils.java:logGet(44)) - raft.server.log.appender.install.snapshot.enabled = false (custom)
2021-08-03 13:03:22,227 [pool-342-thread-1] INFO  server.RaftServer$Division (ServerState.java:<init>(105)) - om1@group-C5BA1605619E: ConfigurationManager, init=-1: [om1|rpc:localhost:9872|priority:0], old=null, confs=<EMPTY_MAP>
2021-08-03 13:03:22,228 [pool-342-thread-1] INFO  server.RaftServerConfigKeys (ConfUtils.java:logGet(44)) - raft.server.storage.dir = [/home/runner/work/ozone/ozone/mnt/ozone/hadoop-ozone/integration-test/target/test-dir/MiniOzoneClusterImpl-f5709174-8c02-4eb0-9f51-9d4c6c69deaa/ozone-meta/ratis] (custom)
2021-08-03 13:03:22,228 [pool-342-thread-1] INFO  server.RaftServerConfigKeys (ConfUtils.java:logGet(44)) - raft.server.log.corruption.policy = EXCEPTION (default)
2021-08-03 13:03:22,228 [pool-342-thread-1] INFO  server.RaftServerConfigKeys (ConfUtils.java:logGet(44)) - raft.server.storage.free-space.min = 0MB (=0) (default)
2021-08-03 13:03:22,228 [pool-342-thread-1] INFO  storage.RaftStorageDirectory (RaftStorageDirectoryImpl.java:analyzeStorage(135)) - The storage directory /home/runner/work/ozone/ozone/mnt/ozone/hadoop-ozone/integration-test/target/test-dir/MiniOzoneClusterImpl-f5709174-8c02-4eb0-9f51-9d4c6c69deaa/ozone-meta/ratis/bf265839-605b-3f16-9796-c5ba1605619e does not exist. Creating ...
2021-08-03 13:03:22,227 [Listener at 0.0.0.0/34857] INFO  ipc.CallQueueManager (CallQueueManager.java:<init>(90)) - Using callQueue: class java.util.concurrent.LinkedBlockingQueue, queueCapacity: 2000, scheduler: class org.apache.hadoop.ipc.DefaultRpcScheduler, ipcBackoff: false.
2021-08-03 13:03:22,229 [Socket Reader #1 for port 0] INFO  ipc.Server (Server.java:run(1265)) - Starting Socket Reader #1 for port 0
2021-08-03 13:03:22,230 [pool-342-thread-1] INFO  storage.RaftStorageDirectory (RaftStorageDirectoryImpl.java:tryLock(230)) - Lock on /home/runner/work/ozone/ozone/mnt/ozone/hadoop-ozone/integration-test/target/test-dir/MiniOzoneClusterImpl-f5709174-8c02-4eb0-9f51-9d4c6c69deaa/ozone-meta/ratis/bf265839-605b-3f16-9796-c5ba1605619e/in_use.lock acquired by nodename 15365@fv-az116-942
2021-08-03 13:03:22,231 [pool-342-thread-1] INFO  storage.RaftStorage (RaftStorageImpl.java:format(89)) - Storage directory /home/runner/work/ozone/ozone/mnt/ozone/hadoop-ozone/integration-test/target/test-dir/MiniOzoneClusterImpl-f5709174-8c02-4eb0-9f51-9d4c6c69deaa/ozone-meta/ratis/bf265839-605b-3f16-9796-c5ba1605619e has been successfully formatted.
2021-08-03 13:03:22,231 [pool-342-thread-1] INFO  server.RaftServerConfigKeys (ConfUtils.java:logGet(44)) - raft.server.notification.no-leader.timeout = 120s (custom)
2021-08-03 13:03:22,231 [pool-342-thread-1] INFO  server.RaftServerConfigKeys (ConfUtils.java:logGet(44)) - raft.server.log.use.memory = false (default)
2021-08-03 13:03:22,231 [pool-342-thread-1] INFO  server.RaftServerConfigKeys (ConfUtils.java:logGet(44)) - raft.server.log.purge.gap = 1000000 (custom)
2021-08-03 13:03:22,231 [pool-342-thread-1] INFO  server.RaftServerConfigKeys (ConfUtils.java:logGet(44)) - raft.server.log.appender.buffer.byte-limit = 33554432 (custom)
2021-08-03 13:03:22,231 [pool-342-thread-1] INFO  server.RaftServerConfigKeys (ConfUtils.java:logGet(44)) - raft.server.log.segment.size.max = 4194304 (custom)
2021-08-03 13:03:22,232 [pool-342-thread-1] INFO  server.RaftServerConfigKeys (ConfUtils.java:logGet(44)) - raft.server.log.segment.cache.num.max = 2 (custom)
2021-08-03 13:03:22,232 [pool-342-thread-1] INFO  server.RaftServerConfigKeys (ConfUtils.java:logGet(44)) - raft.server.log.segment.cache.size.max = 200MB (=209715200) (default)
2021-08-03 13:03:22,232 [pool-342-thread-1] INFO  segmented.SegmentedRaftLogWorker (SegmentedRaftLogWorker.java:<init>(182)) - new om1@group-C5BA1605619E-SegmentedRaftLogWorker for RaftStorageImpl:Storage Directory /home/runner/work/ozone/ozone/mnt/ozone/hadoop-ozone/integration-test/target/test-dir/MiniOzoneClusterImpl-f5709174-8c02-4eb0-9f51-9d4c6c69deaa/ozone-meta/ratis/bf265839-605b-3f16-9796-c5ba1605619e
2021-08-03 13:03:22,232 [pool-342-thread-1] INFO  server.RaftServerConfigKeys (ConfUtils.java:logGet(44)) - raft.server.log.queue.byte-limit = 64MB (=67108864) (default)
2021-08-03 13:03:22,232 [pool-342-thread-1] INFO  server.RaftServerConfigKeys (ConfUtils.java:logGet(44)) - raft.server.log.queue.element-limit = 4096 (default)
2021-08-03 13:03:22,232 [pool-342-thread-1] INFO  server.RaftServerConfigKeys (ConfUtils.java:logGet(44)) - raft.server.log.segment.size.max = 4194304 (custom)
2021-08-03 13:03:22,232 [pool-342-thread-1] INFO  server.RaftServerConfigKeys (ConfUtils.java:logGet(44)) - raft.server.log.preallocated.size = 4194304 (custom)
2021-08-03 13:03:22,232 [pool-342-thread-1] INFO  server.RaftServerConfigKeys (ConfUtils.java:logGet(44)) - raft.server.log.force.sync.num = 128 (default)
2021-08-03 13:03:22,232 [pool-342-thread-1] INFO  server.RaftServerConfigKeys (ConfUtils.java:logGet(44)) - raft.server.log.statemachine.data.sync = true (default)
2021-08-03 13:03:22,232 [pool-342-thread-1] INFO  server.RaftServerConfigKeys (ConfUtils.java:logGet(44)) - raft.server.log.statemachine.data.sync.timeout = 10s (default)
2021-08-03 13:03:22,232 [pool-342-thread-1] INFO  server.RaftServerConfigKeys (ConfUtils.java:logGet(44)) - raft.server.log.statemachine.data.sync.timeout.retry = -1 (default)
2021-08-03 13:03:22,233 [pool-342-thread-1] INFO  server.RaftServerConfigKeys (ConfUtils.java:logGet(44)) - raft.server.log.write.buffer.size = 64KB (=65536) (default)
2021-08-03 13:03:22,233 [pool-342-thread-1] INFO  server.RaftServerConfigKeys (ConfUtils.java:logGet(44)) - raft.server.log.statemachine.data.caching.enabled = false (default)
2021-08-03 13:03:22,233 [pool-342-thread-1] INFO  segmented.SegmentedRaftLogWorker (SegmentedRaftLogWorker.java:lambda$new$0(133)) - om1@group-C5BA1605619E-SegmentedRaftLogWorker: flushIndex: setUnconditionally 0 -> -1
2021-08-03 13:03:22,233 [pool-342-thread-1] INFO  segmented.SegmentedRaftLogWorker (SegmentedRaftLogWorker.java:lambda$new$0(133)) - om1@group-C5BA1605619E-SegmentedRaftLogWorker: safeCacheEvictIndex: setUnconditionally 0 -> -1
2021-08-03 13:03:22,233 [pool-342-thread-1] INFO  server.RaftServerConfigKeys (ConfUtils.java:logGet(44)) - raft.server.snapshot.auto.trigger.enabled = true (custom)
2021-08-03 13:03:22,233 [pool-342-thread-1] INFO  server.RaftServerConfigKeys (ConfUtils.java:logGet(44)) - raft.server.snapshot.auto.trigger.threshold = 400000 (default)
2021-08-03 13:03:22,234 [pool-342-thread-1] INFO  server.RaftServerConfigKeys (ConfUtils.java:logGet(44)) - raft.server.snapshot.retention.file.num = -1 (default)
2021-08-03 13:03:22,234 [pool-342-thread-1] INFO  server.RaftServerConfigKeys (ConfUtils.java:logGet(44)) - raft.server.log.purge.upto.snapshot.index = true (custom)
2021-08-03 13:03:22,234 [pool-342-thread-1] INFO  server.RaftServerConfigKeys (ConfUtils.java:logGet(44)) - raft.server.retrycache.expirytime = 300s (custom)
2021-08-03 13:03:22,234 [pool-342-thread-1] INFO  server.RaftServerConfigKeys (ConfUtils.java:logGet(44)) - raft.server.retrycache.statistics.expirytime = 100μs (default)
2021-08-03 13:03:22,248 [Listener at 127.0.0.1/42051] INFO  om.OzoneManager (OzoneManager.java:initFSOLayout(4290)) - Configured ozone.om.metadata.layout=SIMPLE and disabled optimized OM FS operations
2021-08-03 13:03:22,249 [Listener at 127.0.0.1/42051] INFO  impl.MetricsSystemImpl (MetricsSystemImpl.java:init(158)) - OzoneManager metrics system started (again)
2021-08-03 13:03:22,261 [Listener at 127.0.0.1/42051] INFO  om.OzoneManager (OzoneManager.java:start(1239)) - OzoneManager RPC server is listening at localhost/127.0.0.1:42051
2021-08-03 13:03:22,261 [Listener at 127.0.0.1/42051] INFO  ratis.OzoneManagerRatisServer (OzoneManagerRatisServer.java:start(516)) - Starting OzoneManagerRatisServer om1 at port 9872
2021-08-03 13:03:22,261 [Listener at 127.0.0.1/42051] INFO  server.RaftServer$Division (RaftServerImpl.java:start(296)) - om1@group-C5BA1605619E: start as a follower, conf=-1: [om1|rpc:localhost:9872|priority:0], old=null
2021-08-03 13:03:22,262 [Listener at 127.0.0.1/42051] INFO  server.RaftServer$Division (RaftServerImpl.java:setRole(285)) - om1@group-C5BA1605619E: changes role from      null to FOLLOWER at term 0 for startAsFollower
2021-08-03 13:03:22,262 [Listener at 127.0.0.1/42051] INFO  impl.RoleInfo (RoleInfo.java:updateAndGet(130)) - om1: start om1@group-C5BA1605619E-FollowerState
2021-08-03 13:03:22,262 [Listener at 127.0.0.1/42051] INFO  util.JmxRegister (JmxRegister.java:tryRegister(44)) - Successfully registered JMX Bean with object name Ratis:service=RaftServer,group=group-C5BA1605619E,id=om1
2021-08-03 13:03:22,263 [Listener at 127.0.0.1/42051] INFO  server.RaftServer (RaftServerProxy.java:lambda$start$5(374)) - om1: start RPC server
2021-08-03 13:03:22,263 [Listener at 127.0.0.1/42051] INFO  server.GrpcService (GrpcService.java:startImpl(253)) - om1: GrpcService started, listening on 9872
2021-08-03 13:03:22,264 [Listener at 127.0.0.1/42051] INFO  om.OzoneManager (OzoneManager.java:start(1257)) - Version File has different layout version (0) than OM DB (null). That is expected if this OM has never been finalized to a newer layout version.
2021-08-03 13:03:22,264 [org.apache.ratis.util.JvmPauseMonitor$$Lambda$526/271495216@1063a03d] INFO  util.JvmPauseMonitor (JvmPauseMonitor.java:run(103)) - JvmPauseMonitor-om1: Started
2021-08-03 13:03:22,266 [Listener at 127.0.0.1/42051] INFO  http.BaseHttpServer (BaseHttpServer.java:newHttpServer2BuilderForOzone(209)) - Starting Web-server for ozoneManager at: http://0.0.0.0:0
2021-08-03 13:03:22,266 [Listener at 127.0.0.1/42051] INFO  http.BaseHttpServer (BaseHttpServer.java:<init>(107)) - Hadoop Security Enabled: false Ozone Security Enabled: false Ozone HTTP Security Enabled: false 
2021-08-03 13:03:22,267 [Listener at 127.0.0.1/42051] INFO  server.AuthenticationFilter (AuthenticationFilter.java:constructSecretProvider(240)) - Unable to initialize FileSignerSecretProvider, falling back to use random secrets.
2021-08-03 13:03:22,268 [Listener at 127.0.0.1/42051] WARN  http.HttpRequestLog (HttpRequestLog.java:getRequestLog(103)) - Jetty request log can only be enabled using Log4j
2021-08-03 13:03:22,268 [Listener at 127.0.0.1/42051] INFO  http.HttpServer2 (HttpServer2.java:addGlobalFilter(1020)) - Added global filter 'safety' (class=org.apache.hadoop.hdds.server.http.HttpServer2$QuotingInputFilter)
2021-08-03 13:03:22,269 [Listener at 127.0.0.1/42051] INFO  http.HttpServer2 (HttpServer2.java:addFilter(996)) - Added filter static_user_filter (class=org.apache.hadoop.http.lib.StaticUserWebFilter$StaticUserFilter) to context ozoneManager
2021-08-03 13:03:22,269 [Listener at 127.0.0.1/42051] INFO  http.HttpServer2 (HttpServer2.java:addFilter(1004)) - Added filter static_user_filter (class=org.apache.hadoop.http.lib.StaticUserWebFilter$StaticUserFilter) to context logs
2021-08-03 13:03:22,269 [Listener at 127.0.0.1/42051] INFO  http.HttpServer2 (HttpServer2.java:addFilter(1004)) - Added filter static_user_filter (class=org.apache.hadoop.http.lib.StaticUserWebFilter$StaticUserFilter) to context static
2021-08-03 13:03:22,269 [Listener at 127.0.0.1/42051] INFO  http.HttpServer2 (HttpServer2.java:bindListener(1239)) - Jetty bound to port 34401
2021-08-03 13:03:22,269 [Listener at 127.0.0.1/42051] INFO  server.Server (Server.java:doStart(375)) - jetty-9.4.35.v20201120; built: 2020-11-20T21:17:03.964Z; git: bdc54f03a5e0a7e280fab27f55c3c75ee8da89fb; jvm 1.8.0_292-b10
2021-08-03 13:03:22,277 [Listener at 127.0.0.1/42051] INFO  server.session (DefaultSessionIdManager.java:doStart(334)) - DefaultSessionIdManager workerName=node0
2021-08-03 13:03:22,277 [Listener at 127.0.0.1/42051] INFO  server.session (DefaultSessionIdManager.java:doStart(339)) - No SessionScavenger set, using defaults
2021-08-03 13:03:22,277 [Listener at 127.0.0.1/42051] INFO  server.session (HouseKeeper.java:startScavenging(132)) - node0 Scavenging every 600000ms
2021-08-03 13:03:22,277 [Listener at 127.0.0.1/42051] INFO  handler.ContextHandler (ContextHandler.java:doStart(916)) - Started o.e.j.s.ServletContextHandler@5290e930{logs,/logs,file:///home/runner/work/ozone/ozone/mnt/ozone/hadoop-ozone/integration-test/target/log,AVAILABLE}
2021-08-03 13:03:22,278 [Listener at 127.0.0.1/42051] INFO  handler.ContextHandler (ContextHandler.java:doStart(916)) - Started o.e.j.s.ServletContextHandler@2638f7d7{static,/static,file:///home/runner/work/ozone/ozone/mnt/ozone/hadoop-ozone/integration-test/target/test-classes/webapps/static,AVAILABLE}
2021-08-03 13:03:22,281 [Listener at 127.0.0.1/42051] INFO  handler.ContextHandler (ContextHandler.java:doStart(916)) - Started o.e.j.w.WebAppContext@159bebda{ozoneManager,/,file:///home/runner/work/ozone/ozone/mnt/ozone/hadoop-ozone/integration-test/target/test-classes/webapps/ozoneManager/,AVAILABLE}{file:/home/runner/work/ozone/ozone/mnt/ozone/hadoop-ozone/integration-test/target/test-classes/webapps/ozoneManager}
2021-08-03 13:03:22,289 [Listener at 127.0.0.1/42051] INFO  server.AbstractConnector (AbstractConnector.java:doStart(331)) - Started ServerConnector@35a52481{HTTP/1.1, (http/1.1)}{0.0.0.0:34401}
2021-08-03 13:03:22,289 [Listener at 127.0.0.1/42051] INFO  server.Server (Server.java:doStart(415)) - Started @87236ms
2021-08-03 13:03:22,289 [Listener at 127.0.0.1/42051] WARN  impl.MetricsSystemImpl (MetricsSystemImpl.java:register(279)) - Sink prometheus already exists!
2021-08-03 13:03:22,290 [Listener at 127.0.0.1/42051] INFO  http.BaseHttpServer (BaseHttpServer.java:updateConnectorAddress(329)) - HTTP server of ozoneManager listening at http://0.0.0.0:34401
2021-08-03 13:03:22,290 [IPC Server Responder] INFO  ipc.Server (Server.java:run(1507)) - IPC Server Responder: starting
2021-08-03 13:03:22,290 [IPC Server listener on 0] INFO  ipc.Server (Server.java:run(1344)) - IPC Server listener on 0: starting
2021-08-03 13:03:22,293 [Listener at 127.0.0.1/42051] INFO  om.OzoneManager (OzoneManager.java:startTrashEmptier(1500)) - Trash Interval set to 0. Files deleted will not move to trash
2021-08-03 13:03:22,304 [Listener at 127.0.0.1/42051] WARN  impl.MetricRegistriesImpl (MetricRegistriesImpl.java:addReporterRegistration(111)) - New reporters are added after registries were created. Some metrics will be missing from the reporter. Please add reporter before adding any new registry.
2021-08-03 13:03:22,304 [Listener at 127.0.0.1/42051] WARN  impl.MetricRegistriesImpl (MetricRegistriesImpl.java:addReporterRegistration(111)) - New reporters are added after registries were created. Some metrics will be missing from the reporter. Please add reporter before adding any new registry.
2021-08-03 13:03:22,304 [Listener at 127.0.0.1/42051] INFO  impl.MetricsSystemImpl (MetricsSystemImpl.java:init(158)) - HddsDatanode metrics system started (again)
2021-08-03 13:03:22,305 [org.apache.hadoop.util.JvmPauseMonitor$Monitor@65e00728] INFO  util.JvmPauseMonitor (JvmPauseMonitor.java:run(188)) - Starting JVM pause monitor
2021-08-03 13:03:22,315 [Listener at 127.0.0.1/42051] INFO  ozone.HddsDatanodeService (HddsDatanodeService.java:start(234)) - HddsDatanodeService host:fv-az116-942.vzw04321ajxubdbcnpick5nqva.xx.internal.cloudapp.net ip:10.1.0.54
2021-08-03 13:03:22,339 [Listener at 127.0.0.1/42051] INFO  upgrade.AbstractLayoutVersionManager (AbstractLayoutVersionManager.java:init(70)) - Initializing Layout version manager with metadata layout = SCM_HA (version = 2), software layout = SCM_HA (version = 2)
2021-08-03 13:03:22,376 [Listener at 127.0.0.1/42051] INFO  reflections.Reflections (Reflections.java:scan(232)) - Reflections took 36 ms to scan 7 urls, producing 120 keys and 273 values 
2021-08-03 13:03:22,380 [Listener at 127.0.0.1/42051] INFO  volume.HddsVolume (HddsVolume.java:<init>(120)) - Creating HddsVolume: /home/runner/work/ozone/ozone/mnt/ozone/hadoop-ozone/integration-test/target/test-dir/MiniOzoneClusterImpl-f5709174-8c02-4eb0-9f51-9d4c6c69deaa/datanode-0/data-0/containers/hdds of storage type : DISK capacity : 9223372036854775807
2021-08-03 13:03:22,381 [Listener at 127.0.0.1/42051] INFO  volume.MutableVolumeSet (MutableVolumeSet.java:initializeVolumeSet(181)) - Added Volume : /home/runner/work/ozone/ozone/mnt/ozone/hadoop-ozone/integration-test/target/test-dir/MiniOzoneClusterImpl-f5709174-8c02-4eb0-9f51-9d4c6c69deaa/datanode-0/data-0/containers/hdds to VolumeSet
2021-08-03 13:03:22,381 [Listener at 127.0.0.1/42051] INFO  volume.ThrottledAsyncChecker (ThrottledAsyncChecker.java:schedule(141)) - Scheduling a check for /home/runner/work/ozone/ozone/mnt/ozone/hadoop-ozone/integration-test/target/test-dir/MiniOzoneClusterImpl-f5709174-8c02-4eb0-9f51-9d4c6c69deaa/datanode-0/data-0/containers/hdds
2021-08-03 13:03:22,384 [Listener at 127.0.0.1/42051] INFO  volume.StorageVolumeChecker (StorageVolumeChecker.java:checkAllVolumes(202)) - Scheduled health check for volume /home/runner/work/ozone/ozone/mnt/ozone/hadoop-ozone/integration-test/target/test-dir/MiniOzoneClusterImpl-f5709174-8c02-4eb0-9f51-9d4c6c69deaa/datanode-0/data-0/containers/hdds
2021-08-03 13:03:22,398 [Listener at 127.0.0.1/42051] INFO  volume.MutableVolumeSet (MutableVolumeSet.java:initializeVolumeSet(181)) - Added Volume : /home/runner/work/ozone/ozone/mnt/ozone/hadoop-ozone/integration-test/target/test-dir/MiniOzoneClusterImpl-f5709174-8c02-4eb0-9f51-9d4c6c69deaa/datanode-0/data/ratis to VolumeSet
2021-08-03 13:03:22,398 [Listener at 127.0.0.1/42051] INFO  volume.ThrottledAsyncChecker (ThrottledAsyncChecker.java:schedule(141)) - Scheduling a check for /home/runner/work/ozone/ozone/mnt/ozone/hadoop-ozone/integration-test/target/test-dir/MiniOzoneClusterImpl-f5709174-8c02-4eb0-9f51-9d4c6c69deaa/datanode-0/data/ratis
2021-08-03 13:03:22,398 [Listener at 127.0.0.1/42051] INFO  volume.StorageVolumeChecker (StorageVolumeChecker.java:checkAllVolumes(202)) - Scheduled health check for volume /home/runner/work/ozone/ozone/mnt/ozone/hadoop-ozone/integration-test/target/test-dir/MiniOzoneClusterImpl-f5709174-8c02-4eb0-9f51-9d4c6c69deaa/datanode-0/data/ratis
2021-08-03 13:03:22,410 [Listener at 127.0.0.1/42051] INFO  ozoneimpl.ContainerReader (ContainerReader.java:<init>(98)) - Running in upgrade mode:true
2021-08-03 13:03:22,411 [Thread-863] INFO  ozoneimpl.ContainerReader (ContainerReader.java:readVolume(142)) - Start to verify containers on volume /home/runner/work/ozone/ozone/mnt/ozone/hadoop-ozone/integration-test/target/test-dir/MiniOzoneClusterImpl-f5709174-8c02-4eb0-9f51-9d4c6c69deaa/datanode-0/data-0/containers/hdds
2021-08-03 13:03:22,411 [Thread-863] INFO  ozoneimpl.ContainerReader (ContainerReader.java:readVolume(174)) - Finish verifying containers on volume /home/runner/work/ozone/ozone/mnt/ozone/hadoop-ozone/integration-test/target/test-dir/MiniOzoneClusterImpl-f5709174-8c02-4eb0-9f51-9d4c6c69deaa/datanode-0/data-0/containers/hdds
2021-08-03 13:03:22,411 [Listener at 127.0.0.1/42051] INFO  ozoneimpl.OzoneContainer (OzoneContainer.java:buildContainerSet(237)) - Build ContainerSet costs 0s
2021-08-03 13:03:22,414 [Listener at 127.0.0.1/42051] INFO  server.RaftServer (ConfUtils.java:logGet(44)) - raft.rpc.type = GRPC (default)
2021-08-03 13:03:22,414 [Listener at 127.0.0.1/42051] INFO  grpc.GrpcFactory (GrpcFactory.java:checkPooledByteBufAllocatorUseCacheForAllThreads(48)) - PERFORMANCE WARNING: useCacheForAllThreads is true that may cause Netty to create a lot garbage objects and, as a result, trigger GC.
	It is recommended to disable useCacheForAllThreads by setting -Dorg.apache.ratis.thirdparty.io.netty.allocator.useCacheForAllThreads=false in command line.
2021-08-03 13:03:22,414 [Listener at 127.0.0.1/42051] INFO  grpc.GrpcConfigKeys (ConfUtils.java:logGet(44)) - raft.grpc.admin.port = 0 (custom)
2021-08-03 13:03:22,414 [Listener at 127.0.0.1/42051] INFO  grpc.GrpcConfigKeys (ConfUtils.java:logGet(44)) - raft.grpc.client.port = 0 (custom)
2021-08-03 13:03:22,415 [Listener at 127.0.0.1/42051] INFO  grpc.GrpcConfigKeys (ConfUtils.java:logGet(44)) - raft.grpc.server.port = 0 (default)
2021-08-03 13:03:22,415 [Listener at 127.0.0.1/42051] INFO  server.GrpcService (ConfUtils.java:logGet(44)) - raft.grpc.message.size.max = 32MB (=33554432) (custom)
2021-08-03 13:03:22,415 [Listener at 127.0.0.1/42051] INFO  server.RaftServerConfigKeys (ConfUtils.java:logGet(44)) - raft.server.log.appender.buffer.byte-limit = 33554432 (custom)
2021-08-03 13:03:22,415 [Listener at 127.0.0.1/42051] INFO  server.GrpcService (ConfUtils.java:logGet(44)) - raft.grpc.flow.control.window = 5MB (=5242880) (custom)
2021-08-03 13:03:22,415 [Listener at 127.0.0.1/42051] INFO  server.RaftServerConfigKeys (ConfUtils.java:logGet(44)) - raft.server.rpc.request.timeout = 60s (custom)
2021-08-03 13:03:22,416 [Listener at 127.0.0.1/42051] INFO  impl.DataStreamServerImpl (ConfUtils.java:logGet(44)) - raft.datastream.type = DISABLED (default)
2021-08-03 13:03:22,416 [Listener at 127.0.0.1/42051] INFO  server.RaftServerConfigKeys (ConfUtils.java:logGet(44)) - raft.server.rpc.slowness.timeout = 300s (custom)
2021-08-03 13:03:22,417 [Listener at 127.0.0.1/42051] INFO  server.RaftServerConfigKeys (ConfUtils.java:logGet(44)) - raft.server.leaderelection.leader.step-down.wait-time = 10s (default)
2021-08-03 13:03:22,417 [Listener at 127.0.0.1/42051] INFO  server.RaftServerConfigKeys (ConfUtils.java:logGet(44)) - raft.server.storage.dir = [/home/runner/work/ozone/ozone/mnt/ozone/hadoop-ozone/integration-test/target/test-dir/MiniOzoneClusterImpl-f5709174-8c02-4eb0-9f51-9d4c6c69deaa/datanode-0/data/ratis] (custom)
2021-08-03 13:03:22,421 [Listener at 127.0.0.1/42051] INFO  http.BaseHttpServer (BaseHttpServer.java:newHttpServer2BuilderForOzone(209)) - Starting Web-server for hddsDatanode at: http://0.0.0.0:0
2021-08-03 13:03:22,421 [Listener at 127.0.0.1/42051] INFO  http.BaseHttpServer (BaseHttpServer.java:<init>(107)) - Hadoop Security Enabled: false Ozone Security Enabled: false Ozone HTTP Security Enabled: false 
2021-08-03 13:03:22,423 [Listener at 127.0.0.1/42051] INFO  server.AuthenticationFilter (AuthenticationFilter.java:constructSecretProvider(240)) - Unable to initialize FileSignerSecretProvider, falling back to use random secrets.
2021-08-03 13:03:22,428 [Listener at 127.0.0.1/42051] WARN  http.HttpRequestLog (HttpRequestLog.java:getRequestLog(103)) - Jetty request log can only be enabled using Log4j
2021-08-03 13:03:22,428 [Listener at 127.0.0.1/42051] INFO  http.HttpServer2 (HttpServer2.java:addGlobalFilter(1020)) - Added global filter 'safety' (class=org.apache.hadoop.hdds.server.http.HttpServer2$QuotingInputFilter)
2021-08-03 13:03:22,429 [Listener at 127.0.0.1/42051] INFO  http.HttpServer2 (HttpServer2.java:addFilter(996)) - Added filter static_user_filter (class=org.apache.hadoop.http.lib.StaticUserWebFilter$StaticUserFilter) to context hddsDatanode
2021-08-03 13:03:22,429 [Listener at 127.0.0.1/42051] INFO  http.HttpServer2 (HttpServer2.java:addFilter(1004)) - Added filter static_user_filter (class=org.apache.hadoop.http.lib.StaticUserWebFilter$StaticUserFilter) to context logs
2021-08-03 13:03:22,429 [Listener at 127.0.0.1/42051] INFO  http.HttpServer2 (HttpServer2.java:addFilter(1004)) - Added filter static_user_filter (class=org.apache.hadoop.http.lib.StaticUserWebFilter$StaticUserFilter) to context static
2021-08-03 13:03:22,430 [Listener at 127.0.0.1/42051] INFO  http.HttpServer2 (HttpServer2.java:bindListener(1239)) - Jetty bound to port 33305
2021-08-03 13:03:22,430 [Listener at 127.0.0.1/42051] INFO  server.Server (Server.java:doStart(375)) - jetty-9.4.35.v20201120; built: 2020-11-20T21:17:03.964Z; git: bdc54f03a5e0a7e280fab27f55c3c75ee8da89fb; jvm 1.8.0_292-b10
2021-08-03 13:03:22,432 [Listener at 127.0.0.1/42051] INFO  server.session (DefaultSessionIdManager.java:doStart(334)) - DefaultSessionIdManager workerName=node0
2021-08-03 13:03:22,432 [Listener at 127.0.0.1/42051] INFO  server.session (DefaultSessionIdManager.java:doStart(339)) - No SessionScavenger set, using defaults
2021-08-03 13:03:22,432 [Listener at 127.0.0.1/42051] INFO  server.session (HouseKeeper.java:startScavenging(132)) - node0 Scavenging every 660000ms
2021-08-03 13:03:22,433 [Listener at 127.0.0.1/42051] INFO  handler.ContextHandler (ContextHandler.java:doStart(916)) - Started o.e.j.s.ServletContextHandler@69ce1afd{logs,/logs,file:///home/runner/work/ozone/ozone/mnt/ozone/hadoop-ozone/integration-test/target/log,AVAILABLE}
2021-08-03 13:03:22,433 [Listener at 127.0.0.1/42051] INFO  handler.ContextHandler (ContextHandler.java:doStart(916)) - Started o.e.j.s.ServletContextHandler@26506933{static,/static,jar:file:/home/runner/.m2/repository/org/apache/ozone/hdds-container-service/1.2.0-SNAPSHOT/hdds-container-service-1.2.0-SNAPSHOT.jar!/webapps/static,AVAILABLE}
2021-08-03 13:03:22,472 [Listener at 127.0.0.1/42051] INFO  handler.ContextHandler (ContextHandler.java:doStart(916)) - Started o.e.j.w.WebAppContext@2cb49216{hddsDatanode,/,file:///tmp/jetty-0_0_0_0-33305-hdds-container-service-1_2_0-SNAPSHOT_jar-_-any-5691673805183816973/webapp/,AVAILABLE}{jar:file:/home/runner/.m2/repository/org/apache/ozone/hdds-container-service/1.2.0-SNAPSHOT/hdds-container-service-1.2.0-SNAPSHOT.jar!/webapps/hddsDatanode}
2021-08-03 13:03:22,476 [Listener at 127.0.0.1/42051] INFO  server.AbstractConnector (AbstractConnector.java:doStart(331)) - Started ServerConnector@486bab7d{HTTP/1.1, (http/1.1)}{0.0.0.0:33305}
2021-08-03 13:03:22,476 [Listener at 127.0.0.1/42051] INFO  server.Server (Server.java:doStart(415)) - Started @87422ms
2021-08-03 13:03:22,476 [Listener at 127.0.0.1/42051] WARN  impl.MetricsSystemImpl (MetricsSystemImpl.java:register(279)) - Sink prometheus already exists!
2021-08-03 13:03:22,477 [Listener at 127.0.0.1/42051] INFO  http.BaseHttpServer (BaseHttpServer.java:updateConnectorAddress(329)) - HTTP server of hddsDatanode listening at http://0.0.0.0:33305
2021-08-03 13:03:22,477 [Listener at 127.0.0.1/42051] WARN  impl.MetricRegistriesImpl (MetricRegistriesImpl.java:addReporterRegistration(111)) - New reporters are added after registries were created. Some metrics will be missing from the reporter. Please add reporter before adding any new registry.
2021-08-03 13:03:22,477 [Listener at 127.0.0.1/42051] WARN  impl.MetricRegistriesImpl (MetricRegistriesImpl.java:addReporterRegistration(111)) - New reporters are added after registries were created. Some metrics will be missing from the reporter. Please add reporter before adding any new registry.
2021-08-03 13:03:22,477 [Listener at 127.0.0.1/42051] INFO  impl.MetricsSystemImpl (MetricsSystemImpl.java:init(158)) - HddsDatanode metrics system started (again)
2021-08-03 13:03:22,507 [Listener at 127.0.0.1/42051] INFO  ozone.HddsDatanodeService (HddsDatanodeService.java:start(234)) - HddsDatanodeService host:fv-az116-942.vzw04321ajxubdbcnpick5nqva.xx.internal.cloudapp.net ip:10.1.0.54
2021-08-03 13:03:22,520 [org.apache.hadoop.util.JvmPauseMonitor$Monitor@387237fe] INFO  util.JvmPauseMonitor (JvmPauseMonitor.java:run(188)) - Starting JVM pause monitor
2021-08-03 13:03:22,535 [Listener at 127.0.0.1/42051] INFO  upgrade.AbstractLayoutVersionManager (AbstractLayoutVersionManager.java:init(70)) - Initializing Layout version manager with metadata layout = SCM_HA (version = 2), software layout = SCM_HA (version = 2)
2021-08-03 13:03:22,543 [Datanode State Machine Task Thread - 0] INFO  datanode.InitDatanodeState (InitDatanodeState.java:persistContainerDatanodeDetails(145)) - DatanodeDetails is persisted to /home/runner/work/ozone/ozone/mnt/ozone/hadoop-ozone/integration-test/target/test-dir/MiniOzoneClusterImpl-f5709174-8c02-4eb0-9f51-9d4c6c69deaa/datanode-0/meta/datanode.id
2021-08-03 13:03:22,578 [Listener at 127.0.0.1/42051] INFO  reflections.Reflections (Reflections.java:scan(232)) - Reflections took 41 ms to scan 7 urls, producing 120 keys and 273 values 
2021-08-03 13:03:22,581 [Listener at 127.0.0.1/42051] INFO  volume.HddsVolume (HddsVolume.java:<init>(120)) - Creating HddsVolume: /home/runner/work/ozone/ozone/mnt/ozone/hadoop-ozone/integration-test/target/test-dir/MiniOzoneClusterImpl-f5709174-8c02-4eb0-9f51-9d4c6c69deaa/datanode-1/data-0/containers/hdds of storage type : DISK capacity : 9223372036854775807
2021-08-03 13:03:22,581 [Listener at 127.0.0.1/42051] INFO  volume.MutableVolumeSet (MutableVolumeSet.java:initializeVolumeSet(181)) - Added Volume : /home/runner/work/ozone/ozone/mnt/ozone/hadoop-ozone/integration-test/target/test-dir/MiniOzoneClusterImpl-f5709174-8c02-4eb0-9f51-9d4c6c69deaa/datanode-1/data-0/containers/hdds to VolumeSet
2021-08-03 13:03:22,581 [Listener at 127.0.0.1/42051] INFO  volume.ThrottledAsyncChecker (ThrottledAsyncChecker.java:schedule(141)) - Scheduling a check for /home/runner/work/ozone/ozone/mnt/ozone/hadoop-ozone/integration-test/target/test-dir/MiniOzoneClusterImpl-f5709174-8c02-4eb0-9f51-9d4c6c69deaa/datanode-1/data-0/containers/hdds
2021-08-03 13:03:22,582 [Listener at 127.0.0.1/42051] INFO  volume.StorageVolumeChecker (StorageVolumeChecker.java:checkAllVolumes(202)) - Scheduled health check for volume /home/runner/work/ozone/ozone/mnt/ozone/hadoop-ozone/integration-test/target/test-dir/MiniOzoneClusterImpl-f5709174-8c02-4eb0-9f51-9d4c6c69deaa/datanode-1/data-0/containers/hdds
2021-08-03 13:03:22,594 [Listener at 127.0.0.1/42051] INFO  volume.MutableVolumeSet (MutableVolumeSet.java:initializeVolumeSet(181)) - Added Volume : /home/runner/work/ozone/ozone/mnt/ozone/hadoop-ozone/integration-test/target/test-dir/MiniOzoneClusterImpl-f5709174-8c02-4eb0-9f51-9d4c6c69deaa/datanode-1/data/ratis to VolumeSet
2021-08-03 13:03:22,594 [Listener at 127.0.0.1/42051] INFO  volume.ThrottledAsyncChecker (ThrottledAsyncChecker.java:schedule(141)) - Scheduling a check for /home/runner/work/ozone/ozone/mnt/ozone/hadoop-ozone/integration-test/target/test-dir/MiniOzoneClusterImpl-f5709174-8c02-4eb0-9f51-9d4c6c69deaa/datanode-1/data/ratis
2021-08-03 13:03:22,594 [Listener at 127.0.0.1/42051] INFO  volume.StorageVolumeChecker (StorageVolumeChecker.java:checkAllVolumes(202)) - Scheduled health check for volume /home/runner/work/ozone/ozone/mnt/ozone/hadoop-ozone/integration-test/target/test-dir/MiniOzoneClusterImpl-f5709174-8c02-4eb0-9f51-9d4c6c69deaa/datanode-1/data/ratis
2021-08-03 13:03:22,606 [Listener at 127.0.0.1/42051] INFO  ozoneimpl.ContainerReader (ContainerReader.java:<init>(98)) - Running in upgrade mode:true
2021-08-03 13:03:22,606 [Thread-874] INFO  ozoneimpl.ContainerReader (ContainerReader.java:readVolume(142)) - Start to verify containers on volume /home/runner/work/ozone/ozone/mnt/ozone/hadoop-ozone/integration-test/target/test-dir/MiniOzoneClusterImpl-f5709174-8c02-4eb0-9f51-9d4c6c69deaa/datanode-1/data-0/containers/hdds
2021-08-03 13:03:22,606 [Thread-874] INFO  ozoneimpl.ContainerReader (ContainerReader.java:readVolume(174)) - Finish verifying containers on volume /home/runner/work/ozone/ozone/mnt/ozone/hadoop-ozone/integration-test/target/test-dir/MiniOzoneClusterImpl-f5709174-8c02-4eb0-9f51-9d4c6c69deaa/datanode-1/data-0/containers/hdds
2021-08-03 13:03:22,606 [Listener at 127.0.0.1/42051] INFO  ozoneimpl.OzoneContainer (OzoneContainer.java:buildContainerSet(237)) - Build ContainerSet costs 0s
2021-08-03 13:03:22,608 [Listener at 127.0.0.1/42051] INFO  server.RaftServer (ConfUtils.java:logGet(44)) - raft.rpc.type = GRPC (default)
2021-08-03 13:03:22,608 [Listener at 127.0.0.1/42051] INFO  grpc.GrpcFactory (GrpcFactory.java:checkPooledByteBufAllocatorUseCacheForAllThreads(48)) - PERFORMANCE WARNING: useCacheForAllThreads is true that may cause Netty to create a lot garbage objects and, as a result, trigger GC.
	It is recommended to disable useCacheForAllThreads by setting -Dorg.apache.ratis.thirdparty.io.netty.allocator.useCacheForAllThreads=false in command line.
2021-08-03 13:03:22,608 [Listener at 127.0.0.1/42051] INFO  grpc.GrpcConfigKeys (ConfUtils.java:logGet(44)) - raft.grpc.admin.port = 0 (custom)
2021-08-03 13:03:22,608 [Listener at 127.0.0.1/42051] INFO  grpc.GrpcConfigKeys (ConfUtils.java:logGet(44)) - raft.grpc.client.port = 0 (custom)
2021-08-03 13:03:22,608 [Listener at 127.0.0.1/42051] INFO  grpc.GrpcConfigKeys (ConfUtils.java:logGet(44)) - raft.grpc.server.port = 0 (default)
2021-08-03 13:03:22,608 [Listener at 127.0.0.1/42051] INFO  server.GrpcService (ConfUtils.java:logGet(44)) - raft.grpc.message.size.max = 32MB (=33554432) (custom)
2021-08-03 13:03:22,609 [Listener at 127.0.0.1/42051] INFO  server.RaftServerConfigKeys (ConfUtils.java:logGet(44)) - raft.server.log.appender.buffer.byte-limit = 33554432 (custom)
2021-08-03 13:03:22,609 [Listener at 127.0.0.1/42051] INFO  server.GrpcService (ConfUtils.java:logGet(44)) - raft.grpc.flow.control.window = 5MB (=5242880) (custom)
2021-08-03 13:03:22,609 [Listener at 127.0.0.1/42051] INFO  server.RaftServerConfigKeys (ConfUtils.java:logGet(44)) - raft.server.rpc.request.timeout = 60s (custom)
2021-08-03 13:03:22,610 [Listener at 127.0.0.1/42051] INFO  impl.DataStreamServerImpl (ConfUtils.java:logGet(44)) - raft.datastream.type = DISABLED (default)
2021-08-03 13:03:22,610 [Listener at 127.0.0.1/42051] INFO  server.RaftServerConfigKeys (ConfUtils.java:logGet(44)) - raft.server.rpc.slowness.timeout = 300s (custom)
2021-08-03 13:03:22,610 [Listener at 127.0.0.1/42051] INFO  server.RaftServerConfigKeys (ConfUtils.java:logGet(44)) - raft.server.leaderelection.leader.step-down.wait-time = 10s (default)
2021-08-03 13:03:22,611 [Listener at 127.0.0.1/42051] INFO  server.RaftServerConfigKeys (ConfUtils.java:logGet(44)) - raft.server.storage.dir = [/home/runner/work/ozone/ozone/mnt/ozone/hadoop-ozone/integration-test/target/test-dir/MiniOzoneClusterImpl-f5709174-8c02-4eb0-9f51-9d4c6c69deaa/datanode-1/data/ratis] (custom)
2021-08-03 13:03:22,614 [Listener at 127.0.0.1/42051] INFO  http.BaseHttpServer (BaseHttpServer.java:newHttpServer2BuilderForOzone(209)) - Starting Web-server for hddsDatanode at: http://0.0.0.0:0
2021-08-03 13:03:22,614 [Listener at 127.0.0.1/42051] INFO  http.BaseHttpServer (BaseHttpServer.java:<init>(107)) - Hadoop Security Enabled: false Ozone Security Enabled: false Ozone HTTP Security Enabled: false 
2021-08-03 13:03:22,615 [Listener at 127.0.0.1/42051] INFO  server.AuthenticationFilter (AuthenticationFilter.java:constructSecretProvider(240)) - Unable to initialize FileSignerSecretProvider, falling back to use random secrets.
2021-08-03 13:03:22,615 [Listener at 127.0.0.1/42051] WARN  http.HttpRequestLog (HttpRequestLog.java:getRequestLog(103)) - Jetty request log can only be enabled using Log4j
2021-08-03 13:03:22,616 [Listener at 127.0.0.1/42051] INFO  http.HttpServer2 (HttpServer2.java:addGlobalFilter(1020)) - Added global filter 'safety' (class=org.apache.hadoop.hdds.server.http.HttpServer2$QuotingInputFilter)
2021-08-03 13:03:22,616 [Listener at 127.0.0.1/42051] INFO  http.HttpServer2 (HttpServer2.java:addFilter(996)) - Added filter static_user_filter (class=org.apache.hadoop.http.lib.StaticUserWebFilter$StaticUserFilter) to context hddsDatanode
2021-08-03 13:03:22,617 [Listener at 127.0.0.1/42051] INFO  http.HttpServer2 (HttpServer2.java:addFilter(1004)) - Added filter static_user_filter (class=org.apache.hadoop.http.lib.StaticUserWebFilter$StaticUserFilter) to context static
2021-08-03 13:03:22,617 [Listener at 127.0.0.1/42051] INFO  http.HttpServer2 (HttpServer2.java:addFilter(1004)) - Added filter static_user_filter (class=org.apache.hadoop.http.lib.StaticUserWebFilter$StaticUserFilter) to context logs
2021-08-03 13:03:22,617 [Listener at 127.0.0.1/42051] INFO  http.HttpServer2 (HttpServer2.java:bindListener(1239)) - Jetty bound to port 44135
2021-08-03 13:03:22,617 [Listener at 127.0.0.1/42051] INFO  server.Server (Server.java:doStart(375)) - jetty-9.4.35.v20201120; built: 2020-11-20T21:17:03.964Z; git: bdc54f03a5e0a7e280fab27f55c3c75ee8da89fb; jvm 1.8.0_292-b10
2021-08-03 13:03:22,619 [Listener at 127.0.0.1/42051] INFO  server.session (DefaultSessionIdManager.java:doStart(334)) - DefaultSessionIdManager workerName=node0
2021-08-03 13:03:22,619 [Listener at 127.0.0.1/42051] INFO  server.session (DefaultSessionIdManager.java:doStart(339)) - No SessionScavenger set, using defaults
2021-08-03 13:03:22,620 [Listener at 127.0.0.1/42051] INFO  server.session (HouseKeeper.java:startScavenging(132)) - node0 Scavenging every 660000ms
2021-08-03 13:03:22,620 [Listener at 127.0.0.1/42051] INFO  handler.ContextHandler (ContextHandler.java:doStart(916)) - Started o.e.j.s.ServletContextHandler@456879a1{logs,/logs,file:///home/runner/work/ozone/ozone/mnt/ozone/hadoop-ozone/integration-test/target/log,AVAILABLE}
2021-08-03 13:03:22,620 [Listener at 127.0.0.1/42051] INFO  handler.ContextHandler (ContextHandler.java:doStart(916)) - Started o.e.j.s.ServletContextHandler@19b64cde{static,/static,jar:file:/home/runner/.m2/repository/org/apache/ozone/hdds-container-service/1.2.0-SNAPSHOT/hdds-container-service-1.2.0-SNAPSHOT.jar!/webapps/static,AVAILABLE}
2021-08-03 13:03:22,667 [Listener at 127.0.0.1/42051] INFO  handler.ContextHandler (ContextHandler.java:doStart(916)) - Started o.e.j.w.WebAppContext@6680244{hddsDatanode,/,file:///tmp/jetty-0_0_0_0-44135-hdds-container-service-1_2_0-SNAPSHOT_jar-_-any-2666748416606961844/webapp/,AVAILABLE}{jar:file:/home/runner/.m2/repository/org/apache/ozone/hdds-container-service/1.2.0-SNAPSHOT/hdds-container-service-1.2.0-SNAPSHOT.jar!/webapps/hddsDatanode}
2021-08-03 13:03:22,668 [Listener at 127.0.0.1/42051] INFO  server.AbstractConnector (AbstractConnector.java:doStart(331)) - Started ServerConnector@6c47cf2a{HTTP/1.1, (http/1.1)}{0.0.0.0:44135}
2021-08-03 13:03:22,668 [Listener at 127.0.0.1/42051] INFO  server.Server (Server.java:doStart(415)) - Started @87614ms
2021-08-03 13:03:22,668 [Listener at 127.0.0.1/42051] WARN  impl.MetricsSystemImpl (MetricsSystemImpl.java:register(279)) - Sink prometheus already exists!
2021-08-03 13:03:22,669 [Listener at 127.0.0.1/42051] INFO  http.BaseHttpServer (BaseHttpServer.java:updateConnectorAddress(329)) - HTTP server of hddsDatanode listening at http://0.0.0.0:44135
2021-08-03 13:03:22,669 [Listener at 127.0.0.1/42051] WARN  impl.MetricRegistriesImpl (MetricRegistriesImpl.java:addReporterRegistration(111)) - New reporters are added after registries were created. Some metrics will be missing from the reporter. Please add reporter before adding any new registry.
2021-08-03 13:03:22,669 [Listener at 127.0.0.1/42051] WARN  impl.MetricRegistriesImpl (MetricRegistriesImpl.java:addReporterRegistration(111)) - New reporters are added after registries were created. Some metrics will be missing from the reporter. Please add reporter before adding any new registry.
2021-08-03 13:03:22,669 [Listener at 127.0.0.1/42051] INFO  impl.MetricsSystemImpl (MetricsSystemImpl.java:init(158)) - HddsDatanode metrics system started (again)
2021-08-03 13:03:22,696 [org.apache.hadoop.util.JvmPauseMonitor$Monitor@7c4e774] INFO  util.JvmPauseMonitor (JvmPauseMonitor.java:run(188)) - Starting JVM pause monitor
2021-08-03 13:03:22,697 [Listener at 127.0.0.1/42051] INFO  ozone.HddsDatanodeService (HddsDatanodeService.java:start(234)) - HddsDatanodeService host:fv-az116-942.vzw04321ajxubdbcnpick5nqva.xx.internal.cloudapp.net ip:10.1.0.54
2021-08-03 13:03:22,711 [Datanode State Machine Task Thread - 0] INFO  datanode.InitDatanodeState (InitDatanodeState.java:persistContainerDatanodeDetails(145)) - DatanodeDetails is persisted to /home/runner/work/ozone/ozone/mnt/ozone/hadoop-ozone/integration-test/target/test-dir/MiniOzoneClusterImpl-f5709174-8c02-4eb0-9f51-9d4c6c69deaa/datanode-1/meta/datanode.id
2021-08-03 13:03:22,725 [Listener at 127.0.0.1/42051] INFO  upgrade.AbstractLayoutVersionManager (AbstractLayoutVersionManager.java:init(70)) - Initializing Layout version manager with metadata layout = SCM_HA (version = 2), software layout = SCM_HA (version = 2)
2021-08-03 13:03:22,764 [Listener at 127.0.0.1/42051] INFO  reflections.Reflections (Reflections.java:scan(232)) - Reflections took 38 ms to scan 7 urls, producing 120 keys and 273 values 
2021-08-03 13:03:22,773 [Listener at 127.0.0.1/42051] INFO  volume.HddsVolume (HddsVolume.java:<init>(120)) - Creating HddsVolume: /home/runner/work/ozone/ozone/mnt/ozone/hadoop-ozone/integration-test/target/test-dir/MiniOzoneClusterImpl-f5709174-8c02-4eb0-9f51-9d4c6c69deaa/datanode-2/data-0/containers/hdds of storage type : DISK capacity : 9223372036854775807
2021-08-03 13:03:22,773 [Listener at 127.0.0.1/42051] INFO  volume.MutableVolumeSet (MutableVolumeSet.java:initializeVolumeSet(181)) - Added Volume : /home/runner/work/ozone/ozone/mnt/ozone/hadoop-ozone/integration-test/target/test-dir/MiniOzoneClusterImpl-f5709174-8c02-4eb0-9f51-9d4c6c69deaa/datanode-2/data-0/containers/hdds to VolumeSet
2021-08-03 13:03:22,773 [Listener at 127.0.0.1/42051] INFO  volume.ThrottledAsyncChecker (ThrottledAsyncChecker.java:schedule(141)) - Scheduling a check for /home/runner/work/ozone/ozone/mnt/ozone/hadoop-ozone/integration-test/target/test-dir/MiniOzoneClusterImpl-f5709174-8c02-4eb0-9f51-9d4c6c69deaa/datanode-2/data-0/containers/hdds
2021-08-03 13:03:22,774 [Listener at 127.0.0.1/42051] INFO  volume.StorageVolumeChecker (StorageVolumeChecker.java:checkAllVolumes(202)) - Scheduled health check for volume /home/runner/work/ozone/ozone/mnt/ozone/hadoop-ozone/integration-test/target/test-dir/MiniOzoneClusterImpl-f5709174-8c02-4eb0-9f51-9d4c6c69deaa/datanode-2/data-0/containers/hdds
2021-08-03 13:03:22,788 [Listener at 127.0.0.1/42051] INFO  volume.MutableVolumeSet (MutableVolumeSet.java:initializeVolumeSet(181)) - Added Volume : /home/runner/work/ozone/ozone/mnt/ozone/hadoop-ozone/integration-test/target/test-dir/MiniOzoneClusterImpl-f5709174-8c02-4eb0-9f51-9d4c6c69deaa/datanode-2/data/ratis to VolumeSet
2021-08-03 13:03:22,788 [Listener at 127.0.0.1/42051] INFO  volume.ThrottledAsyncChecker (ThrottledAsyncChecker.java:schedule(141)) - Scheduling a check for /home/runner/work/ozone/ozone/mnt/ozone/hadoop-ozone/integration-test/target/test-dir/MiniOzoneClusterImpl-f5709174-8c02-4eb0-9f51-9d4c6c69deaa/datanode-2/data/ratis
2021-08-03 13:03:22,788 [Listener at 127.0.0.1/42051] INFO  volume.StorageVolumeChecker (StorageVolumeChecker.java:checkAllVolumes(202)) - Scheduled health check for volume /home/runner/work/ozone/ozone/mnt/ozone/hadoop-ozone/integration-test/target/test-dir/MiniOzoneClusterImpl-f5709174-8c02-4eb0-9f51-9d4c6c69deaa/datanode-2/data/ratis
2021-08-03 13:03:22,799 [Listener at 127.0.0.1/42051] INFO  ozoneimpl.ContainerReader (ContainerReader.java:<init>(98)) - Running in upgrade mode:true
2021-08-03 13:03:22,799 [Thread-885] INFO  ozoneimpl.ContainerReader (ContainerReader.java:readVolume(142)) - Start to verify containers on volume /home/runner/work/ozone/ozone/mnt/ozone/hadoop-ozone/integration-test/target/test-dir/MiniOzoneClusterImpl-f5709174-8c02-4eb0-9f51-9d4c6c69deaa/datanode-2/data-0/containers/hdds
2021-08-03 13:03:22,799 [Thread-885] INFO  ozoneimpl.ContainerReader (ContainerReader.java:readVolume(174)) - Finish verifying containers on volume /home/runner/work/ozone/ozone/mnt/ozone/hadoop-ozone/integration-test/target/test-dir/MiniOzoneClusterImpl-f5709174-8c02-4eb0-9f51-9d4c6c69deaa/datanode-2/data-0/containers/hdds
2021-08-03 13:03:22,799 [Listener at 127.0.0.1/42051] INFO  ozoneimpl.OzoneContainer (OzoneContainer.java:buildContainerSet(237)) - Build ContainerSet costs 0s
2021-08-03 13:03:22,801 [Listener at 127.0.0.1/42051] INFO  server.RaftServer (ConfUtils.java:logGet(44)) - raft.rpc.type = GRPC (default)
2021-08-03 13:03:22,801 [Listener at 127.0.0.1/42051] INFO  grpc.GrpcFactory (GrpcFactory.java:checkPooledByteBufAllocatorUseCacheForAllThreads(48)) - PERFORMANCE WARNING: useCacheForAllThreads is true that may cause Netty to create a lot garbage objects and, as a result, trigger GC.
	It is recommended to disable useCacheForAllThreads by setting -Dorg.apache.ratis.thirdparty.io.netty.allocator.useCacheForAllThreads=false in command line.
2021-08-03 13:03:22,802 [Listener at 127.0.0.1/42051] INFO  grpc.GrpcConfigKeys (ConfUtils.java:logGet(44)) - raft.grpc.admin.port = 0 (custom)
2021-08-03 13:03:22,802 [Listener at 127.0.0.1/42051] INFO  grpc.GrpcConfigKeys (ConfUtils.java:logGet(44)) - raft.grpc.client.port = 0 (custom)
2021-08-03 13:03:22,802 [Listener at 127.0.0.1/42051] INFO  grpc.GrpcConfigKeys (ConfUtils.java:logGet(44)) - raft.grpc.server.port = 0 (default)
2021-08-03 13:03:22,802 [Listener at 127.0.0.1/42051] INFO  server.GrpcService (ConfUtils.java:logGet(44)) - raft.grpc.message.size.max = 32MB (=33554432) (custom)
2021-08-03 13:03:22,802 [Listener at 127.0.0.1/42051] INFO  server.RaftServerConfigKeys (ConfUtils.java:logGet(44)) - raft.server.log.appender.buffer.byte-limit = 33554432 (custom)
2021-08-03 13:03:22,802 [Listener at 127.0.0.1/42051] INFO  server.GrpcService (ConfUtils.java:logGet(44)) - raft.grpc.flow.control.window = 5MB (=5242880) (custom)
2021-08-03 13:03:22,802 [Listener at 127.0.0.1/42051] INFO  server.RaftServerConfigKeys (ConfUtils.java:logGet(44)) - raft.server.rpc.request.timeout = 60s (custom)
2021-08-03 13:03:22,803 [Listener at 127.0.0.1/42051] INFO  impl.DataStreamServerImpl (ConfUtils.java:logGet(44)) - raft.datastream.type = DISABLED (default)
2021-08-03 13:03:22,803 [Listener at 127.0.0.1/42051] INFO  server.RaftServerConfigKeys (ConfUtils.java:logGet(44)) - raft.server.rpc.slowness.timeout = 300s (custom)
2021-08-03 13:03:22,804 [Listener at 127.0.0.1/42051] INFO  server.RaftServerConfigKeys (ConfUtils.java:logGet(44)) - raft.server.leaderelection.leader.step-down.wait-time = 10s (default)
2021-08-03 13:03:22,804 [Listener at 127.0.0.1/42051] INFO  server.RaftServerConfigKeys (ConfUtils.java:logGet(44)) - raft.server.storage.dir = [/home/runner/work/ozone/ozone/mnt/ozone/hadoop-ozone/integration-test/target/test-dir/MiniOzoneClusterImpl-f5709174-8c02-4eb0-9f51-9d4c6c69deaa/datanode-2/data/ratis] (custom)
2021-08-03 13:03:22,808 [Listener at 127.0.0.1/42051] INFO  http.BaseHttpServer (BaseHttpServer.java:newHttpServer2BuilderForOzone(209)) - Starting Web-server for hddsDatanode at: http://0.0.0.0:0
2021-08-03 13:03:22,808 [Listener at 127.0.0.1/42051] INFO  http.BaseHttpServer (BaseHttpServer.java:<init>(107)) - Hadoop Security Enabled: false Ozone Security Enabled: false Ozone HTTP Security Enabled: false 
2021-08-03 13:03:22,809 [Listener at 127.0.0.1/42051] INFO  server.AuthenticationFilter (AuthenticationFilter.java:constructSecretProvider(240)) - Unable to initialize FileSignerSecretProvider, falling back to use random secrets.
2021-08-03 13:03:22,809 [Listener at 127.0.0.1/42051] WARN  http.HttpRequestLog (HttpRequestLog.java:getRequestLog(103)) - Jetty request log can only be enabled using Log4j
2021-08-03 13:03:22,810 [Listener at 127.0.0.1/42051] INFO  http.HttpServer2 (HttpServer2.java:addGlobalFilter(1020)) - Added global filter 'safety' (class=org.apache.hadoop.hdds.server.http.HttpServer2$QuotingInputFilter)
2021-08-03 13:03:22,810 [Listener at 127.0.0.1/42051] INFO  http.HttpServer2 (HttpServer2.java:addFilter(996)) - Added filter static_user_filter (class=org.apache.hadoop.http.lib.StaticUserWebFilter$StaticUserFilter) to context hddsDatanode
2021-08-03 13:03:22,810 [Listener at 127.0.0.1/42051] INFO  http.HttpServer2 (HttpServer2.java:addFilter(1004)) - Added filter static_user_filter (class=org.apache.hadoop.http.lib.StaticUserWebFilter$StaticUserFilter) to context static
2021-08-03 13:03:22,811 [Listener at 127.0.0.1/42051] INFO  http.HttpServer2 (HttpServer2.java:addFilter(1004)) - Added filter static_user_filter (class=org.apache.hadoop.http.lib.StaticUserWebFilter$StaticUserFilter) to context logs
2021-08-03 13:03:22,811 [Listener at 127.0.0.1/42051] INFO  http.HttpServer2 (HttpServer2.java:bindListener(1239)) - Jetty bound to port 36561
2021-08-03 13:03:22,811 [Listener at 127.0.0.1/42051] INFO  server.Server (Server.java:doStart(375)) - jetty-9.4.35.v20201120; built: 2020-11-20T21:17:03.964Z; git: bdc54f03a5e0a7e280fab27f55c3c75ee8da89fb; jvm 1.8.0_292-b10
2021-08-03 13:03:22,815 [Listener at 127.0.0.1/42051] INFO  server.session (DefaultSessionIdManager.java:doStart(334)) - DefaultSessionIdManager workerName=node0
2021-08-03 13:03:22,815 [Listener at 127.0.0.1/42051] INFO  server.session (DefaultSessionIdManager.java:doStart(339)) - No SessionScavenger set, using defaults
2021-08-03 13:03:22,818 [Listener at 127.0.0.1/42051] INFO  server.session (HouseKeeper.java:startScavenging(132)) - node0 Scavenging every 600000ms
2021-08-03 13:03:22,819 [Listener at 127.0.0.1/42051] INFO  handler.ContextHandler (ContextHandler.java:doStart(916)) - Started o.e.j.s.ServletContextHandler@7f920b5f{logs,/logs,file:///home/runner/work/ozone/ozone/mnt/ozone/hadoop-ozone/integration-test/target/log,AVAILABLE}
2021-08-03 13:03:22,819 [Listener at 127.0.0.1/42051] INFO  handler.ContextHandler (ContextHandler.java:doStart(916)) - Started o.e.j.s.ServletContextHandler@6b53c846{static,/static,jar:file:/home/runner/.m2/repository/org/apache/ozone/hdds-container-service/1.2.0-SNAPSHOT/hdds-container-service-1.2.0-SNAPSHOT.jar!/webapps/static,AVAILABLE}
2021-08-03 13:03:22,860 [Listener at 127.0.0.1/42051] INFO  handler.ContextHandler (ContextHandler.java:doStart(916)) - Started o.e.j.w.WebAppContext@2df39283{hddsDatanode,/,file:///tmp/jetty-0_0_0_0-36561-hdds-container-service-1_2_0-SNAPSHOT_jar-_-any-7889626969241200337/webapp/,AVAILABLE}{jar:file:/home/runner/.m2/repository/org/apache/ozone/hdds-container-service/1.2.0-SNAPSHOT/hdds-container-service-1.2.0-SNAPSHOT.jar!/webapps/hddsDatanode}
2021-08-03 13:03:22,864 [Listener at 127.0.0.1/42051] INFO  server.AbstractConnector (AbstractConnector.java:doStart(331)) - Started ServerConnector@28b0161{HTTP/1.1, (http/1.1)}{0.0.0.0:36561}
2021-08-03 13:03:22,865 [Listener at 127.0.0.1/42051] INFO  server.Server (Server.java:doStart(415)) - Started @87811ms
2021-08-03 13:03:22,865 [Listener at 127.0.0.1/42051] WARN  impl.MetricsSystemImpl (MetricsSystemImpl.java:register(279)) - Sink prometheus already exists!
2021-08-03 13:03:22,866 [Listener at 127.0.0.1/42051] INFO  http.BaseHttpServer (BaseHttpServer.java:updateConnectorAddress(329)) - HTTP server of hddsDatanode listening at http://0.0.0.0:36561
2021-08-03 13:03:22,866 [Listener at 127.0.0.1/42051] INFO  ozone.MiniOzoneClusterImpl (MiniOzoneClusterImpl.java:lambda$waitForClusterToBeReady$0(235)) - Waiting for nodes to be ready. Got 0 of 3 DN Heartbeats.
2021-08-03 13:03:22,866 [Listener at 127.0.0.1/42051] INFO  ozone.MiniOzoneClusterImpl (MiniOzoneClusterImpl.java:lambda$waitForClusterToBeReady$0(238)) - Waiting for cluster to exit safe mode
2021-08-03 13:03:22,866 [Listener at 127.0.0.1/42051] INFO  ozone.MiniOzoneClusterImpl (MiniOzoneClusterImpl.java:lambda$waitForClusterToBeReady$0(240)) - SCM became leader
2021-08-03 13:03:22,880 [org.apache.hadoop.util.JvmPauseMonitor$Monitor@6f369855] INFO  util.JvmPauseMonitor (JvmPauseMonitor.java:run(188)) - Starting JVM pause monitor
2021-08-03 13:03:22,881 [Datanode State Machine Task Thread - 0] INFO  datanode.InitDatanodeState (InitDatanodeState.java:persistContainerDatanodeDetails(145)) - DatanodeDetails is persisted to /home/runner/work/ozone/ozone/mnt/ozone/hadoop-ozone/integration-test/target/test-dir/MiniOzoneClusterImpl-f5709174-8c02-4eb0-9f51-9d4c6c69deaa/datanode-2/meta/datanode.id
2021-08-03 13:03:23,314 [om1@group-C5BA1605619E-FollowerState] INFO  impl.FollowerState (FollowerState.java:run(134)) - om1@group-C5BA1605619E-FollowerState: change to CANDIDATE, lastRpcElapsedTime:1052040084ns, electionTimeout:1051ms
2021-08-03 13:03:23,314 [om1@group-C5BA1605619E-FollowerState] INFO  impl.RoleInfo (RoleInfo.java:shutdownFollowerState(108)) - om1: shutdown om1@group-C5BA1605619E-FollowerState
2021-08-03 13:03:23,314 [om1@group-C5BA1605619E-FollowerState] INFO  server.RaftServer$Division (RaftServerImpl.java:setRole(285)) - om1@group-C5BA1605619E: changes role from  FOLLOWER to CANDIDATE at term 0 for changeToCandidate
2021-08-03 13:03:23,314 [om1@group-C5BA1605619E-FollowerState] INFO  server.RaftServerConfigKeys (ConfUtils.java:logGet(44)) - raft.server.leaderelection.pre-vote = false (custom)
2021-08-03 13:03:23,314 [om1@group-C5BA1605619E-FollowerState] INFO  impl.RoleInfo (RoleInfo.java:updateAndGet(130)) - om1: start om1@group-C5BA1605619E-LeaderElection30
2021-08-03 13:03:23,317 [om1@group-C5BA1605619E-LeaderElection30] INFO  impl.LeaderElection (LeaderElection.java:askForVotes(306)) - om1@group-C5BA1605619E-LeaderElection30 ELECTION round 0: submit vote requests at term 1 for -1: [om1|rpc:localhost:9872|priority:0], old=null
2021-08-03 13:03:23,317 [om1@group-C5BA1605619E-LeaderElection30] INFO  impl.LeaderElection (LeaderElection.java:askForVotes(308)) - om1@group-C5BA1605619E-LeaderElection30 ELECTION round 0: result PASSED (term=1)
2021-08-03 13:03:23,317 [om1@group-C5BA1605619E-LeaderElection30] INFO  impl.RoleInfo (RoleInfo.java:shutdownLeaderElection(121)) - om1: shutdown om1@group-C5BA1605619E-LeaderElection30
2021-08-03 13:03:23,317 [om1@group-C5BA1605619E-LeaderElection30] INFO  server.RaftServer$Division (RaftServerImpl.java:setRole(285)) - om1@group-C5BA1605619E: changes role from CANDIDATE to LEADER at term 1 for changeToLeader
2021-08-03 13:03:23,318 [om1@group-C5BA1605619E-LeaderElection30] INFO  server.RaftServer$Division (ServerState.java:setLeader(285)) - om1@group-C5BA1605619E: change Leader from null to om1 at term 1 for becomeLeader, leader elected after 1086ms
2021-08-03 13:03:23,318 [om1@group-C5BA1605619E-LeaderElection30] INFO  server.RaftServerConfigKeys (ConfUtils.java:logGet(44)) - raft.server.staging.catchup.gap = 1000 (default)
2021-08-03 13:03:23,318 [om1@group-C5BA1605619E-LeaderElection30] INFO  server.RaftServerConfigKeys (ConfUtils.java:logGet(44)) - raft.server.write.element-limit = 4096 (default)
2021-08-03 13:03:23,318 [om1@group-C5BA1605619E-LeaderElection30] INFO  server.RaftServerConfigKeys (ConfUtils.java:logGet(44)) - raft.server.write.byte-limit = 64MB (=67108864) (default)
2021-08-03 13:03:23,318 [om1@group-C5BA1605619E-LeaderElection30] INFO  server.RaftServerConfigKeys (ConfUtils.java:logGet(44)) - raft.server.watch.timeout = 10s (default)
2021-08-03 13:03:23,318 [om1@group-C5BA1605619E-LeaderElection30] INFO  server.RaftServerConfigKeys (ConfUtils.java:logGet(44)) - raft.server.watch.timeout.denomination = 1s (default)
2021-08-03 13:03:23,319 [om1@group-C5BA1605619E-LeaderElection30] INFO  server.RaftServerConfigKeys (ConfUtils.java:logGet(44)) - raft.server.watch.element-limit = 65536 (default)
2021-08-03 13:03:23,319 [om1@group-C5BA1605619E-LeaderElection30] INFO  impl.RoleInfo (RoleInfo.java:updateAndGet(130)) - om1: start om1@group-C5BA1605619E-LeaderStateImpl
2021-08-03 13:03:23,319 [om1@group-C5BA1605619E-LeaderElection30] INFO  segmented.SegmentedRaftLogWorker (SegmentedRaftLogWorker.java:startLogSegment(394)) - om1@group-C5BA1605619E-SegmentedRaftLogWorker: Starting segment from index:0
2021-08-03 13:03:23,325 [om1@group-C5BA1605619E-LeaderElection30] INFO  server.RaftServer$Division (ServerState.java:setRaftConf(387)) - om1@group-C5BA1605619E: set configuration 0: [om1|rpc:localhost:9872|admin:|client:|dataStream:|priority:0], old=null
2021-08-03 13:03:23,330 [om1@group-C5BA1605619E-SegmentedRaftLogWorker] INFO  segmented.SegmentedRaftLogWorker (SegmentedRaftLogWorker.java:execute(601)) - om1@group-C5BA1605619E-SegmentedRaftLogWorker: created new log segment /home/runner/work/ozone/ozone/mnt/ozone/hadoop-ozone/integration-test/target/test-dir/MiniOzoneClusterImpl-f5709174-8c02-4eb0-9f51-9d4c6c69deaa/ozone-meta/ratis/bf265839-605b-3f16-9796-c5ba1605619e/current/log_inprogress_0
2021-08-03 13:03:23,333 [om1@group-C5BA1605619E-StateMachineUpdater] INFO  ratis.OzoneManagerStateMachine (OzoneManagerStateMachine.java:notifyConfigurationChanged(188)) - Received Configuration change notification from Ratis. New Peer list:
[id: "om1"
address: "localhost:9872"
]
2021-08-03 13:03:23,866 [Listener at 127.0.0.1/42051] INFO  ozone.MiniOzoneClusterImpl (MiniOzoneClusterImpl.java:lambda$waitForClusterToBeReady$0(235)) - Waiting for nodes to be ready. Got 0 of 3 DN Heartbeats.
2021-08-03 13:03:23,867 [Listener at 127.0.0.1/42051] INFO  ozone.MiniOzoneClusterImpl (MiniOzoneClusterImpl.java:lambda$waitForClusterToBeReady$0(238)) - Waiting for cluster to exit safe mode
2021-08-03 13:03:23,867 [Listener at 127.0.0.1/42051] INFO  ozone.MiniOzoneClusterImpl (MiniOzoneClusterImpl.java:lambda$waitForClusterToBeReady$0(240)) - SCM became leader
2021-08-03 13:03:24,527 [EndpointStateMachine task thread for /0.0.0.0:44505 - 0 ] INFO  ozoneimpl.OzoneContainer (OzoneContainer.java:start(305)) - Attempting to start container services.
2021-08-03 13:03:24,527 [EndpointStateMachine task thread for /0.0.0.0:44505 - 0 ] INFO  ozoneimpl.OzoneContainer (OzoneContainer.java:startContainerScrub(250)) - Background container scanner has been disabled.
2021-08-03 13:03:24,528 [EndpointStateMachine task thread for /0.0.0.0:44505 - 0 ] INFO  replication.ReplicationServer (ReplicationServer.java:start(106)) - ReplicationServer is started using port 32905
2021-08-03 13:03:24,528 [EndpointStateMachine task thread for /0.0.0.0:44505 - 0 ] INFO  ratis.XceiverServerRatis (XceiverServerRatis.java:start(478)) - Starting XceiverServerRatis 1a688da3-84f6-4ddd-a5bc-f601c4f0f554
2021-08-03 13:03:24,529 [EndpointStateMachine task thread for /0.0.0.0:44505 - 0 ] INFO  server.RaftServer (RaftServerProxy.java:lambda$start$5(374)) - 1a688da3-84f6-4ddd-a5bc-f601c4f0f554: start RPC server
2021-08-03 13:03:24,530 [EndpointStateMachine task thread for /0.0.0.0:44505 - 0 ] INFO  server.GrpcService (GrpcService.java:startImpl(253)) - 1a688da3-84f6-4ddd-a5bc-f601c4f0f554: GrpcService started, listening on 37247
2021-08-03 13:03:24,530 [EndpointStateMachine task thread for /0.0.0.0:44505 - 0 ] INFO  ratis.XceiverServerRatis (XceiverServerRatis.java:getRealPort(499)) - XceiverServerRatis 1a688da3-84f6-4ddd-a5bc-f601c4f0f554 is started using port 37247 for RATIS
2021-08-03 13:03:24,530 [EndpointStateMachine task thread for /0.0.0.0:44505 - 0 ] INFO  ratis.XceiverServerRatis (XceiverServerRatis.java:getRealPort(499)) - XceiverServerRatis 1a688da3-84f6-4ddd-a5bc-f601c4f0f554 is started using port 37247 for RATIS_ADMIN
2021-08-03 13:03:24,530 [EndpointStateMachine task thread for /0.0.0.0:44505 - 0 ] INFO  ratis.XceiverServerRatis (XceiverServerRatis.java:getRealPort(499)) - XceiverServerRatis 1a688da3-84f6-4ddd-a5bc-f601c4f0f554 is started using port 37247 for RATIS_SERVER
2021-08-03 13:03:24,530 [org.apache.ratis.util.JvmPauseMonitor$$Lambda$526/271495216@363fd00c] INFO  util.JvmPauseMonitor (JvmPauseMonitor.java:run(103)) - JvmPauseMonitor-1a688da3-84f6-4ddd-a5bc-f601c4f0f554: Started
2021-08-03 13:03:24,532 [EndpointStateMachine task thread for /0.0.0.0:44505 - 0 ] INFO  server.XceiverServerGrpc (XceiverServerGrpc.java:start(135)) - XceiverServerGrpc 1a688da3-84f6-4ddd-a5bc-f601c4f0f554 is started using port 35891
2021-08-03 13:03:24,701 [EndpointStateMachine task thread for /0.0.0.0:44505 - 0 ] INFO  ozoneimpl.OzoneContainer (OzoneContainer.java:start(305)) - Attempting to start container services.
2021-08-03 13:03:24,701 [EndpointStateMachine task thread for /0.0.0.0:44505 - 0 ] INFO  ozoneimpl.OzoneContainer (OzoneContainer.java:startContainerScrub(250)) - Background container scanner has been disabled.
2021-08-03 13:03:24,702 [EndpointStateMachine task thread for /0.0.0.0:44505 - 0 ] INFO  replication.ReplicationServer (ReplicationServer.java:start(106)) - ReplicationServer is started using port 33363
2021-08-03 13:03:24,702 [EndpointStateMachine task thread for /0.0.0.0:44505 - 0 ] INFO  ratis.XceiverServerRatis (XceiverServerRatis.java:start(478)) - Starting XceiverServerRatis a3a98b8b-adcd-408e-bef5-31175bc97024
2021-08-03 13:03:24,703 [EndpointStateMachine task thread for /0.0.0.0:44505 - 0 ] INFO  server.RaftServer (RaftServerProxy.java:lambda$start$5(374)) - a3a98b8b-adcd-408e-bef5-31175bc97024: start RPC server
2021-08-03 13:03:24,703 [EndpointStateMachine task thread for /0.0.0.0:44505 - 0 ] INFO  server.GrpcService (GrpcService.java:startImpl(253)) - a3a98b8b-adcd-408e-bef5-31175bc97024: GrpcService started, listening on 39883
2021-08-03 13:03:24,704 [EndpointStateMachine task thread for /0.0.0.0:44505 - 0 ] INFO  ratis.XceiverServerRatis (XceiverServerRatis.java:getRealPort(499)) - XceiverServerRatis a3a98b8b-adcd-408e-bef5-31175bc97024 is started using port 39883 for RATIS
2021-08-03 13:03:24,704 [EndpointStateMachine task thread for /0.0.0.0:44505 - 0 ] INFO  ratis.XceiverServerRatis (XceiverServerRatis.java:getRealPort(499)) - XceiverServerRatis a3a98b8b-adcd-408e-bef5-31175bc97024 is started using port 39883 for RATIS_ADMIN
2021-08-03 13:03:24,704 [EndpointStateMachine task thread for /0.0.0.0:44505 - 0 ] INFO  ratis.XceiverServerRatis (XceiverServerRatis.java:getRealPort(499)) - XceiverServerRatis a3a98b8b-adcd-408e-bef5-31175bc97024 is started using port 39883 for RATIS_SERVER
2021-08-03 13:03:24,705 [org.apache.ratis.util.JvmPauseMonitor$$Lambda$526/271495216@cc0f35a] INFO  util.JvmPauseMonitor (JvmPauseMonitor.java:run(103)) - JvmPauseMonitor-a3a98b8b-adcd-408e-bef5-31175bc97024: Started
2021-08-03 13:03:24,705 [EndpointStateMachine task thread for /0.0.0.0:44505 - 0 ] INFO  server.XceiverServerGrpc (XceiverServerGrpc.java:start(135)) - XceiverServerGrpc a3a98b8b-adcd-408e-bef5-31175bc97024 is started using port 38329
2021-08-03 13:03:24,867 [Listener at 127.0.0.1/42051] INFO  ozone.MiniOzoneClusterImpl (MiniOzoneClusterImpl.java:lambda$waitForClusterToBeReady$0(235)) - Waiting for nodes to be ready. Got 0 of 3 DN Heartbeats.
2021-08-03 13:03:24,867 [Listener at 127.0.0.1/42051] INFO  ozone.MiniOzoneClusterImpl (MiniOzoneClusterImpl.java:lambda$waitForClusterToBeReady$0(238)) - Waiting for cluster to exit safe mode
2021-08-03 13:03:24,867 [Listener at 127.0.0.1/42051] INFO  ozone.MiniOzoneClusterImpl (MiniOzoneClusterImpl.java:lambda$waitForClusterToBeReady$0(240)) - SCM became leader
2021-08-03 13:03:24,887 [EndpointStateMachine task thread for /0.0.0.0:44505 - 0 ] INFO  ozoneimpl.OzoneContainer (OzoneContainer.java:start(305)) - Attempting to start container services.
2021-08-03 13:03:24,887 [EndpointStateMachine task thread for /0.0.0.0:44505 - 0 ] INFO  ozoneimpl.OzoneContainer (OzoneContainer.java:startContainerScrub(250)) - Background container scanner has been disabled.
2021-08-03 13:03:24,888 [EndpointStateMachine task thread for /0.0.0.0:44505 - 0 ] INFO  replication.ReplicationServer (ReplicationServer.java:start(106)) - ReplicationServer is started using port 40539
2021-08-03 13:03:24,889 [EndpointStateMachine task thread for /0.0.0.0:44505 - 0 ] INFO  ratis.XceiverServerRatis (XceiverServerRatis.java:start(478)) - Starting XceiverServerRatis 02f62297-3457-4779-b0f5-2d066303236a
2021-08-03 13:03:24,893 [EndpointStateMachine task thread for /0.0.0.0:44505 - 0 ] INFO  server.RaftServer (RaftServerProxy.java:lambda$start$5(374)) - 02f62297-3457-4779-b0f5-2d066303236a: start RPC server
2021-08-03 13:03:24,894 [EndpointStateMachine task thread for /0.0.0.0:44505 - 0 ] INFO  server.GrpcService (GrpcService.java:startImpl(253)) - 02f62297-3457-4779-b0f5-2d066303236a: GrpcService started, listening on 45971
2021-08-03 13:03:24,894 [EndpointStateMachine task thread for /0.0.0.0:44505 - 0 ] INFO  ratis.XceiverServerRatis (XceiverServerRatis.java:getRealPort(499)) - XceiverServerRatis 02f62297-3457-4779-b0f5-2d066303236a is started using port 45971 for RATIS
2021-08-03 13:03:24,894 [org.apache.ratis.util.JvmPauseMonitor$$Lambda$526/271495216@5297905a] INFO  util.JvmPauseMonitor (JvmPauseMonitor.java:run(103)) - JvmPauseMonitor-02f62297-3457-4779-b0f5-2d066303236a: Started
2021-08-03 13:03:24,894 [EndpointStateMachine task thread for /0.0.0.0:44505 - 0 ] INFO  ratis.XceiverServerRatis (XceiverServerRatis.java:getRealPort(499)) - XceiverServerRatis 02f62297-3457-4779-b0f5-2d066303236a is started using port 45971 for RATIS_ADMIN
2021-08-03 13:03:24,894 [EndpointStateMachine task thread for /0.0.0.0:44505 - 0 ] INFO  ratis.XceiverServerRatis (XceiverServerRatis.java:getRealPort(499)) - XceiverServerRatis 02f62297-3457-4779-b0f5-2d066303236a is started using port 45971 for RATIS_SERVER
2021-08-03 13:03:24,894 [EndpointStateMachine task thread for /0.0.0.0:44505 - 0 ] INFO  server.XceiverServerGrpc (XceiverServerGrpc.java:start(135)) - XceiverServerGrpc 02f62297-3457-4779-b0f5-2d066303236a is started using port 34505
2021-08-03 13:03:25,867 [Listener at 127.0.0.1/42051] INFO  ozone.MiniOzoneClusterImpl (MiniOzoneClusterImpl.java:lambda$waitForClusterToBeReady$0(235)) - Waiting for nodes to be ready. Got 0 of 3 DN Heartbeats.
2021-08-03 13:03:25,868 [Listener at 127.0.0.1/42051] INFO  ozone.MiniOzoneClusterImpl (MiniOzoneClusterImpl.java:lambda$waitForClusterToBeReady$0(238)) - Waiting for cluster to exit safe mode
2021-08-03 13:03:25,868 [Listener at 127.0.0.1/42051] INFO  ozone.MiniOzoneClusterImpl (MiniOzoneClusterImpl.java:lambda$waitForClusterToBeReady$0(240)) - SCM became leader
2021-08-03 13:03:26,521 [IPC Server handler 0 on default port 44505] INFO  net.NetworkTopologyImpl (NetworkTopologyImpl.java:add(112)) - Added a new node: /default-rack/1a688da3-84f6-4ddd-a5bc-f601c4f0f554
2021-08-03 13:03:26,521 [IPC Server handler 0 on default port 44505] INFO  node.SCMNodeManager (SCMNodeManager.java:register(386)) - Registered Data node : 1a688da3-84f6-4ddd-a5bc-f601c4f0f554{ip: 10.1.0.54, host: fv-az116-942.vzw04321ajxubdbcnpick5nqva.xx.internal.cloudapp.net, ports: [REPLICATION=32905, RATIS=37247, RATIS_ADMIN=37247, RATIS_SERVER=37247, STANDALONE=35891], networkLocation: /default-rack, certSerialId: null, persistedOpState: null, persistedOpStateExpiryEpochSec: 0}
2021-08-03 13:03:26,523 [EventQueue-NewNodeForNewNodeHandler] INFO  pipeline.BackgroundPipelineCreator (BackgroundPipelineCreatorV2.java:notifyEventTriggered(285)) - trigger a one-shot run on RatisPipelineUtilsThread.
2021-08-03 13:03:26,524 [RatisPipelineUtilsThread - 0] INFO  pipeline.RatisPipelineProvider (RatisPipelineProvider.java:lambda$create$0(183)) - Sending CreatePipelineCommand for pipeline:PipelineID=2fed9160-51d1-433d-aee0-d63a17f1530e to datanode:1a688da3-84f6-4ddd-a5bc-f601c4f0f554
2021-08-03 13:03:26,524 [EventQueue-NodeRegistrationContainerReportForDataNodeSafeModeRule] INFO  safemode.SCMSafeModeManager (DataNodeSafeModeRule.java:process(71)) - SCM in safe mode. 1 DataNodes registered, 3 required.
2021-08-03 13:03:26,525 [EventQueue-NodeRegistrationContainerReportForContainerSafeModeRule] INFO  safemode.SCMSafeModeManager (SCMSafeModeManager.java:validateSafeModeExitRules(204)) - ContainerSafeModeRule rule is successfully validated
2021-08-03 13:03:26,528 [EventQueue-PipelineReportForOneReplicaPipelineSafeModeRule] INFO  safemode.SCMSafeModeManager (SCMSafeModeManager.java:validateSafeModeExitRules(204)) - AtleastOneDatanodeReportedRule rule is successfully validated
2021-08-03 13:03:26,529 [RatisPipelineUtilsThread - 0] INFO  pipeline.PipelineStateManager (PipelineStateManagerV2Impl.java:addPipeline(101)) - Created pipeline Pipeline[ Id: 2fed9160-51d1-433d-aee0-d63a17f1530e, Nodes: 1a688da3-84f6-4ddd-a5bc-f601c4f0f554{ip: 10.1.0.54, host: fv-az116-942.vzw04321ajxubdbcnpick5nqva.xx.internal.cloudapp.net, ports: [REPLICATION=32905, RATIS=37247, RATIS_ADMIN=37247, RATIS_SERVER=37247, STANDALONE=35891], networkLocation: /default-rack, certSerialId: null, persistedOpState: IN_SERVICE, persistedOpStateExpiryEpochSec: 0}, ReplicationConfig: RATIS/ONE, State:ALLOCATED, leaderId:, CreationTimestamp2021-08-03T13:03:26.524Z[Etc/UTC]].
2021-08-03 13:03:26,697 [IPC Server handler 2 on default port 44505] INFO  net.NetworkTopologyImpl (NetworkTopologyImpl.java:add(112)) - Added a new node: /default-rack/a3a98b8b-adcd-408e-bef5-31175bc97024
2021-08-03 13:03:26,697 [IPC Server handler 2 on default port 44505] INFO  node.SCMNodeManager (SCMNodeManager.java:register(386)) - Registered Data node : a3a98b8b-adcd-408e-bef5-31175bc97024{ip: 10.1.0.54, host: fv-az116-942.vzw04321ajxubdbcnpick5nqva.xx.internal.cloudapp.net, ports: [REPLICATION=33363, RATIS=39883, RATIS_ADMIN=39883, RATIS_SERVER=39883, STANDALONE=38329], networkLocation: /default-rack, certSerialId: null, persistedOpState: null, persistedOpStateExpiryEpochSec: 0}
2021-08-03 13:03:26,697 [EventQueue-NewNodeForNewNodeHandler] INFO  pipeline.BackgroundPipelineCreator (BackgroundPipelineCreatorV2.java:notifyEventTriggered(285)) - trigger a one-shot run on RatisPipelineUtilsThread.
2021-08-03 13:03:26,698 [EventQueue-NodeRegistrationContainerReportForDataNodeSafeModeRule] INFO  safemode.SCMSafeModeManager (DataNodeSafeModeRule.java:process(71)) - SCM in safe mode. 2 DataNodes registered, 3 required.
2021-08-03 13:03:26,699 [RatisPipelineUtilsThread - 0] INFO  pipeline.RatisPipelineProvider (RatisPipelineProvider.java:lambda$create$0(183)) - Sending CreatePipelineCommand for pipeline:PipelineID=eb8470f6-08e8-4b0e-b8e8-9a69bedcf44f to datanode:a3a98b8b-adcd-408e-bef5-31175bc97024
2021-08-03 13:03:26,699 [RatisPipelineUtilsThread - 0] INFO  pipeline.PipelineStateManager (PipelineStateManagerV2Impl.java:addPipeline(101)) - Created pipeline Pipeline[ Id: eb8470f6-08e8-4b0e-b8e8-9a69bedcf44f, Nodes: a3a98b8b-adcd-408e-bef5-31175bc97024{ip: 10.1.0.54, host: fv-az116-942.vzw04321ajxubdbcnpick5nqva.xx.internal.cloudapp.net, ports: [REPLICATION=33363, RATIS=39883, RATIS_ADMIN=39883, RATIS_SERVER=39883, STANDALONE=38329], networkLocation: /default-rack, certSerialId: null, persistedOpState: IN_SERVICE, persistedOpStateExpiryEpochSec: 0}, ReplicationConfig: RATIS/ONE, State:ALLOCATED, leaderId:, CreationTimestamp2021-08-03T13:03:26.699Z[Etc/UTC]].
2021-08-03 13:03:26,868 [Listener at 127.0.0.1/42051] INFO  ozone.MiniOzoneClusterImpl (MiniOzoneClusterImpl.java:lambda$waitForClusterToBeReady$0(235)) - Waiting for nodes to be ready. Got 2 of 3 DN Heartbeats.
2021-08-03 13:03:26,868 [Listener at 127.0.0.1/42051] INFO  ozone.MiniOzoneClusterImpl (MiniOzoneClusterImpl.java:lambda$waitForClusterToBeReady$0(238)) - Waiting for cluster to exit safe mode
2021-08-03 13:03:26,868 [Listener at 127.0.0.1/42051] INFO  ozone.MiniOzoneClusterImpl (MiniOzoneClusterImpl.java:lambda$waitForClusterToBeReady$0(240)) - SCM became leader
2021-08-03 13:03:26,881 [IPC Server handler 1 on default port 44505] INFO  net.NetworkTopologyImpl (NetworkTopologyImpl.java:add(112)) - Added a new node: /default-rack/02f62297-3457-4779-b0f5-2d066303236a
2021-08-03 13:03:26,882 [IPC Server handler 1 on default port 44505] INFO  node.SCMNodeManager (SCMNodeManager.java:register(386)) - Registered Data node : 02f62297-3457-4779-b0f5-2d066303236a{ip: 10.1.0.54, host: fv-az116-942.vzw04321ajxubdbcnpick5nqva.xx.internal.cloudapp.net, ports: [REPLICATION=40539, RATIS=45971, RATIS_ADMIN=45971, RATIS_SERVER=45971, STANDALONE=34505], networkLocation: /default-rack, certSerialId: null, persistedOpState: null, persistedOpStateExpiryEpochSec: 0}
2021-08-03 13:03:26,882 [EventQueue-NewNodeForNewNodeHandler] INFO  pipeline.BackgroundPipelineCreator (BackgroundPipelineCreatorV2.java:notifyEventTriggered(285)) - trigger a one-shot run on RatisPipelineUtilsThread.
2021-08-03 13:03:26,882 [RatisPipelineUtilsThread - 0] INFO  pipeline.RatisPipelineProvider (RatisPipelineProvider.java:lambda$create$0(183)) - Sending CreatePipelineCommand for pipeline:PipelineID=f3ce2ca7-3ab8-48af-ae6e-c82065336d4e to datanode:02f62297-3457-4779-b0f5-2d066303236a
2021-08-03 13:03:26,883 [RatisPipelineUtilsThread - 0] INFO  pipeline.PipelineStateManager (PipelineStateManagerV2Impl.java:addPipeline(101)) - Created pipeline Pipeline[ Id: f3ce2ca7-3ab8-48af-ae6e-c82065336d4e, Nodes: 02f62297-3457-4779-b0f5-2d066303236a{ip: 10.1.0.54, host: fv-az116-942.vzw04321ajxubdbcnpick5nqva.xx.internal.cloudapp.net, ports: [REPLICATION=40539, RATIS=45971, RATIS_ADMIN=45971, RATIS_SERVER=45971, STANDALONE=34505], networkLocation: /default-rack, certSerialId: null, persistedOpState: IN_SERVICE, persistedOpStateExpiryEpochSec: 0}, ReplicationConfig: RATIS/ONE, State:ALLOCATED, leaderId:, CreationTimestamp2021-08-03T13:03:26.882Z[Etc/UTC]].
2021-08-03 13:03:26,884 [EventQueue-NodeRegistrationContainerReportForDataNodeSafeModeRule] INFO  safemode.SCMSafeModeManager (DataNodeSafeModeRule.java:process(71)) - SCM in safe mode. 3 DataNodes registered, 3 required.
2021-08-03 13:03:26,884 [EventQueue-NodeRegistrationContainerReportForDataNodeSafeModeRule] INFO  safemode.SCMSafeModeManager (SCMSafeModeManager.java:validateSafeModeExitRules(204)) - DataNodeSafeModeRule rule is successfully validated
2021-08-03 13:03:26,884 [EventQueue-NodeRegistrationContainerReportForDataNodeSafeModeRule] INFO  safemode.SCMSafeModeManager (SCMSafeModeManager.java:completePreCheck(233)) - All SCM safe mode pre check rules have passed
2021-08-03 13:03:26,884 [EventQueue-NodeRegistrationContainerReportForDataNodeSafeModeRule] WARN  events.EventQueue (EventQueue.java:fireEvent(194)) - No event handler registered for event TypedEvent{payloadType=SafeModeStatus, name='Safe mode status'}
2021-08-03 13:03:26,884 [EventQueue-NodeRegistrationContainerReportForDataNodeSafeModeRule] INFO  ha.SCMContext (SCMContext.java:updateSafeModeStatus(205)) - Update SafeModeStatus from SafeModeStatus{safeModeStatus=true, preCheckPassed=false} to SafeModeStatus{safeModeStatus=true, preCheckPassed=true}.
2021-08-03 13:03:26,884 [EventQueue-NodeRegistrationContainerReportForDataNodeSafeModeRule] INFO  pipeline.BackgroundPipelineCreator (BackgroundPipelineCreatorV2.java:notifyEventTriggered(285)) - trigger a one-shot run on RatisPipelineUtilsThread.
2021-08-03 13:03:26,884 [RatisPipelineUtilsThread - 0] INFO  pipeline.RatisPipelineProvider (RatisPipelineProvider.java:lambda$create$0(183)) - Sending CreatePipelineCommand for pipeline:PipelineID=c8f63c6e-b7f5-4753-b633-8073aa0e838e to datanode:1a688da3-84f6-4ddd-a5bc-f601c4f0f554
2021-08-03 13:03:26,885 [RatisPipelineUtilsThread - 0] INFO  pipeline.RatisPipelineProvider (RatisPipelineProvider.java:lambda$create$0(183)) - Sending CreatePipelineCommand for pipeline:PipelineID=c8f63c6e-b7f5-4753-b633-8073aa0e838e to datanode:02f62297-3457-4779-b0f5-2d066303236a
2021-08-03 13:03:26,885 [RatisPipelineUtilsThread - 0] INFO  pipeline.RatisPipelineProvider (RatisPipelineProvider.java:lambda$create$0(183)) - Sending CreatePipelineCommand for pipeline:PipelineID=c8f63c6e-b7f5-4753-b633-8073aa0e838e to datanode:a3a98b8b-adcd-408e-bef5-31175bc97024
2021-08-03 13:03:26,885 [RatisPipelineUtilsThread - 0] INFO  pipeline.PipelineStateManager (PipelineStateManagerV2Impl.java:addPipeline(101)) - Created pipeline Pipeline[ Id: c8f63c6e-b7f5-4753-b633-8073aa0e838e, Nodes: 1a688da3-84f6-4ddd-a5bc-f601c4f0f554{ip: 10.1.0.54, host: fv-az116-942.vzw04321ajxubdbcnpick5nqva.xx.internal.cloudapp.net, ports: [REPLICATION=32905, RATIS=37247, RATIS_ADMIN=37247, RATIS_SERVER=37247, STANDALONE=35891], networkLocation: /default-rack, certSerialId: null, persistedOpState: IN_SERVICE, persistedOpStateExpiryEpochSec: 0}02f62297-3457-4779-b0f5-2d066303236a{ip: 10.1.0.54, host: fv-az116-942.vzw04321ajxubdbcnpick5nqva.xx.internal.cloudapp.net, ports: [REPLICATION=40539, RATIS=45971, RATIS_ADMIN=45971, RATIS_SERVER=45971, STANDALONE=34505], networkLocation: /default-rack, certSerialId: null, persistedOpState: IN_SERVICE, persistedOpStateExpiryEpochSec: 0}a3a98b8b-adcd-408e-bef5-31175bc97024{ip: 10.1.0.54, host: fv-az116-942.vzw04321ajxubdbcnpick5nqva.xx.internal.cloudapp.net, ports: [REPLICATION=33363, RATIS=39883, RATIS_ADMIN=39883, RATIS_SERVER=39883, STANDALONE=38329], networkLocation: /default-rack, certSerialId: null, persistedOpState: IN_SERVICE, persistedOpStateExpiryEpochSec: 0}, ReplicationConfig: RATIS/THREE, State:ALLOCATED, leaderId:, CreationTimestamp2021-08-03T13:03:26.884Z[Etc/UTC]].
2021-08-03 13:03:26,885 [RatisPipelineUtilsThread - 0] INFO  pipeline.RatisPipelineProvider (RatisPipelineProvider.java:lambda$create$0(183)) - Sending CreatePipelineCommand for pipeline:PipelineID=54494709-739f-4d65-ad5b-7706f0716f6a to datanode:a3a98b8b-adcd-408e-bef5-31175bc97024
2021-08-03 13:03:26,885 [RatisPipelineUtilsThread - 0] INFO  pipeline.RatisPipelineProvider (RatisPipelineProvider.java:lambda$create$0(183)) - Sending CreatePipelineCommand for pipeline:PipelineID=54494709-739f-4d65-ad5b-7706f0716f6a to datanode:02f62297-3457-4779-b0f5-2d066303236a
2021-08-03 13:03:26,885 [RatisPipelineUtilsThread - 0] INFO  pipeline.RatisPipelineProvider (RatisPipelineProvider.java:lambda$create$0(183)) - Sending CreatePipelineCommand for pipeline:PipelineID=54494709-739f-4d65-ad5b-7706f0716f6a to datanode:1a688da3-84f6-4ddd-a5bc-f601c4f0f554
2021-08-03 13:03:26,886 [RatisPipelineUtilsThread - 0] INFO  pipeline.PipelineStateManager (PipelineStateManagerV2Impl.java:addPipeline(101)) - Created pipeline Pipeline[ Id: 54494709-739f-4d65-ad5b-7706f0716f6a, Nodes: a3a98b8b-adcd-408e-bef5-31175bc97024{ip: 10.1.0.54, host: fv-az116-942.vzw04321ajxubdbcnpick5nqva.xx.internal.cloudapp.net, ports: [REPLICATION=33363, RATIS=39883, RATIS_ADMIN=39883, RATIS_SERVER=39883, STANDALONE=38329], networkLocation: /default-rack, certSerialId: null, persistedOpState: IN_SERVICE, persistedOpStateExpiryEpochSec: 0}02f62297-3457-4779-b0f5-2d066303236a{ip: 10.1.0.54, host: fv-az116-942.vzw04321ajxubdbcnpick5nqva.xx.internal.cloudapp.net, ports: [REPLICATION=40539, RATIS=45971, RATIS_ADMIN=45971, RATIS_SERVER=45971, STANDALONE=34505], networkLocation: /default-rack, certSerialId: null, persistedOpState: IN_SERVICE, persistedOpStateExpiryEpochSec: 0}1a688da3-84f6-4ddd-a5bc-f601c4f0f554{ip: 10.1.0.54, host: fv-az116-942.vzw04321ajxubdbcnpick5nqva.xx.internal.cloudapp.net, ports: [REPLICATION=32905, RATIS=37247, RATIS_ADMIN=37247, RATIS_SERVER=37247, STANDALONE=35891], networkLocation: /default-rack, certSerialId: null, persistedOpState: IN_SERVICE, persistedOpStateExpiryEpochSec: 0}, ReplicationConfig: RATIS/THREE, State:ALLOCATED, leaderId:, CreationTimestamp2021-08-03T13:03:26.885Z[Etc/UTC]].
2021-08-03 13:03:26,886 [RatisPipelineUtilsThread - 0] INFO  pipeline.PipelineManagerV2Impl (PipelineManagerV2Impl.java:recordMetricsForPipeline(614)) - Pipeline: PipelineID=54494709-739f-4d65-ad5b-7706f0716f6a contains same datanodes as previous pipelines: PipelineID=c8f63c6e-b7f5-4753-b633-8073aa0e838e nodeIds: a3a98b8b-adcd-408e-bef5-31175bc97024, 02f62297-3457-4779-b0f5-2d066303236a, 1a688da3-84f6-4ddd-a5bc-f601c4f0f554
2021-08-03 13:03:27,868 [Listener at 127.0.0.1/42051] INFO  ozone.MiniOzoneClusterImpl (MiniOzoneClusterImpl.java:lambda$waitForClusterToBeReady$0(235)) - Nodes are ready. Got 3 of 3 DN Heartbeats.
2021-08-03 13:03:27,869 [Listener at 127.0.0.1/42051] INFO  ozone.MiniOzoneClusterImpl (MiniOzoneClusterImpl.java:lambda$waitForClusterToBeReady$0(238)) - Waiting for cluster to exit safe mode
2021-08-03 13:03:27,869 [Listener at 127.0.0.1/42051] INFO  ozone.MiniOzoneClusterImpl (MiniOzoneClusterImpl.java:lambda$waitForClusterToBeReady$0(240)) - SCM became leader
2021-08-03 13:03:28,869 [Listener at 127.0.0.1/42051] INFO  ozone.MiniOzoneClusterImpl (MiniOzoneClusterImpl.java:lambda$waitForClusterToBeReady$0(235)) - Nodes are ready. Got 3 of 3 DN Heartbeats.
2021-08-03 13:03:28,869 [Listener at 127.0.0.1/42051] INFO  ozone.MiniOzoneClusterImpl (MiniOzoneClusterImpl.java:lambda$waitForClusterToBeReady$0(238)) - Waiting for cluster to exit safe mode
2021-08-03 13:03:28,869 [Listener at 127.0.0.1/42051] INFO  ozone.MiniOzoneClusterImpl (MiniOzoneClusterImpl.java:lambda$waitForClusterToBeReady$0(240)) - SCM became leader
2021-08-03 13:03:29,521 [Command processor thread] INFO  server.RaftServer (RaftServerProxy.java:addNew(95)) - 1a688da3-84f6-4ddd-a5bc-f601c4f0f554: addNew group-D63A17F1530E:[1a688da3-84f6-4ddd-a5bc-f601c4f0f554|rpc:10.1.0.54:37247|priority:1] returns group-D63A17F1530E:java.util.concurrent.CompletableFuture@2e0c8e35[Not completed]
2021-08-03 13:03:29,524 [pool-355-thread-1] INFO  server.RaftServer$Division (RaftServerImpl.java:<init>(181)) - 1a688da3-84f6-4ddd-a5bc-f601c4f0f554: new RaftServerImpl for group-D63A17F1530E:[1a688da3-84f6-4ddd-a5bc-f601c4f0f554|rpc:10.1.0.54:37247|priority:1] with ContainerStateMachine:uninitialized
2021-08-03 13:03:29,524 [pool-355-thread-1] INFO  server.RaftServerConfigKeys (ConfUtils.java:logGet(44)) - raft.server.rpc.timeout.min = 5s (custom)
2021-08-03 13:03:29,524 [pool-355-thread-1] INFO  server.RaftServerConfigKeys (ConfUtils.java:logGet(44)) - raft.server.rpc.timeout.max = 5200ms (custom)
2021-08-03 13:03:29,525 [pool-355-thread-1] INFO  server.RaftServerConfigKeys (ConfUtils.java:logGet(44)) - raft.server.rpc.sleep.time = 25ms (default)
2021-08-03 13:03:29,525 [pool-355-thread-1] INFO  server.RaftServerConfigKeys (ConfUtils.java:logGet(44)) - raft.server.rpc.slowness.timeout = 300s (custom)
2021-08-03 13:03:29,525 [pool-355-thread-1] INFO  server.RaftServerConfigKeys (ConfUtils.java:logGet(44)) - raft.server.leaderelection.leader.step-down.wait-time = 10s (default)
2021-08-03 13:03:29,525 [pool-355-thread-1] INFO  server.RaftServerConfigKeys (ConfUtils.java:logGet(44)) - raft.server.sleep.deviation.threshold = 300ms (default)
2021-08-03 13:03:29,525 [pool-355-thread-1] INFO  server.RaftServerConfigKeys (ConfUtils.java:logGet(44)) - raft.server.log.appender.install.snapshot.enabled = false (custom)
2021-08-03 13:03:29,525 [pool-355-thread-1] INFO  server.RaftServer$Division (ServerState.java:<init>(105)) - 1a688da3-84f6-4ddd-a5bc-f601c4f0f554@group-D63A17F1530E: ConfigurationManager, init=-1: [1a688da3-84f6-4ddd-a5bc-f601c4f0f554|rpc:10.1.0.54:37247|priority:1], old=null, confs=<EMPTY_MAP>
2021-08-03 13:03:29,525 [pool-355-thread-1] INFO  server.RaftServerConfigKeys (ConfUtils.java:logGet(44)) - raft.server.storage.dir = [/home/runner/work/ozone/ozone/mnt/ozone/hadoop-ozone/integration-test/target/test-dir/MiniOzoneClusterImpl-f5709174-8c02-4eb0-9f51-9d4c6c69deaa/datanode-0/data/ratis] (custom)
2021-08-03 13:03:29,525 [pool-355-thread-1] INFO  server.RaftServerConfigKeys (ConfUtils.java:logGet(44)) - raft.server.log.corruption.policy = EXCEPTION (default)
2021-08-03 13:03:29,525 [pool-355-thread-1] INFO  server.RaftServerConfigKeys (ConfUtils.java:logGet(44)) - raft.server.storage.free-space.min = 0MB (=0) (default)
2021-08-03 13:03:29,525 [pool-355-thread-1] INFO  storage.RaftStorageDirectory (RaftStorageDirectoryImpl.java:analyzeStorage(135)) - The storage directory /home/runner/work/ozone/ozone/mnt/ozone/hadoop-ozone/integration-test/target/test-dir/MiniOzoneClusterImpl-f5709174-8c02-4eb0-9f51-9d4c6c69deaa/datanode-0/data/ratis/2fed9160-51d1-433d-aee0-d63a17f1530e does not exist. Creating ...
2021-08-03 13:03:29,527 [pool-355-thread-1] INFO  storage.RaftStorageDirectory (RaftStorageDirectoryImpl.java:tryLock(230)) - Lock on /home/runner/work/ozone/ozone/mnt/ozone/hadoop-ozone/integration-test/target/test-dir/MiniOzoneClusterImpl-f5709174-8c02-4eb0-9f51-9d4c6c69deaa/datanode-0/data/ratis/2fed9160-51d1-433d-aee0-d63a17f1530e/in_use.lock acquired by nodename 15365@fv-az116-942
2021-08-03 13:03:29,528 [pool-355-thread-1] INFO  storage.RaftStorage (RaftStorageImpl.java:format(89)) - Storage directory /home/runner/work/ozone/ozone/mnt/ozone/hadoop-ozone/integration-test/target/test-dir/MiniOzoneClusterImpl-f5709174-8c02-4eb0-9f51-9d4c6c69deaa/datanode-0/data/ratis/2fed9160-51d1-433d-aee0-d63a17f1530e has been successfully formatted.
2021-08-03 13:03:29,529 [pool-355-thread-1] INFO  ratis.ContainerStateMachine (ContainerStateMachine.java:loadSnapshot(223)) - group-D63A17F1530E: The snapshot info is null. Setting the last applied indexto:(t:0, i:~)
2021-08-03 13:03:29,529 [Datanode State Machine Thread - 0] WARN  statemachine.StateContext (StateContext.java:execute(621)) - No available thread in pool for past 1 seconds.
2021-08-03 13:03:29,529 [pool-355-thread-1] INFO  server.RaftServerConfigKeys (ConfUtils.java:logGet(44)) - raft.server.notification.no-leader.timeout = 300s (custom)
2021-08-03 13:03:29,529 [pool-355-thread-1] INFO  server.RaftServerConfigKeys (ConfUtils.java:logGet(44)) - raft.server.log.use.memory = false (default)
2021-08-03 13:03:29,529 [pool-355-thread-1] INFO  server.RaftServerConfigKeys (ConfUtils.java:logGet(44)) - raft.server.log.purge.gap = 1000000 (custom)
2021-08-03 13:03:29,529 [pool-355-thread-1] INFO  server.RaftServerConfigKeys (ConfUtils.java:logGet(44)) - raft.server.log.appender.buffer.byte-limit = 33554432 (custom)
2021-08-03 13:03:29,530 [EventQueue-PipelineReportForPipelineReportHandler] INFO  pipeline.PipelineManagerV2Impl (PipelineManagerV2Impl.java:openPipeline(283)) - Pipeline Pipeline[ Id: 2fed9160-51d1-433d-aee0-d63a17f1530e, Nodes: 1a688da3-84f6-4ddd-a5bc-f601c4f0f554{ip: 10.1.0.54, host: fv-az116-942.vzw04321ajxubdbcnpick5nqva.xx.internal.cloudapp.net, ports: [REPLICATION=32905, RATIS=37247, RATIS_ADMIN=37247, RATIS_SERVER=37247, STANDALONE=35891], networkLocation: /default-rack, certSerialId: null, persistedOpState: IN_SERVICE, persistedOpStateExpiryEpochSec: 0}, ReplicationConfig: RATIS/ONE, State:ALLOCATED, leaderId:1a688da3-84f6-4ddd-a5bc-f601c4f0f554, CreationTimestamp2021-08-03T13:03:26.524Z[Etc/UTC]] moved to OPEN state
2021-08-03 13:03:29,532 [EventQueue-OpenPipelineForHealthyPipelineSafeModeRule] INFO  safemode.SCMSafeModeManager (HealthyPipelineSafeModeRule.java:process(124)) - SCM in safe mode. Healthy pipelines reported count is 0, required healthy pipeline reported count is 1
2021-08-03 13:03:29,532 [pool-355-thread-1] INFO  server.RaftServerConfigKeys (ConfUtils.java:logGet(44)) - raft.server.log.segment.size.max = 1048576 (custom)
2021-08-03 13:03:29,532 [pool-355-thread-1] INFO  server.RaftServerConfigKeys (ConfUtils.java:logGet(44)) - raft.server.log.segment.cache.num.max = 2 (custom)
2021-08-03 13:03:29,532 [pool-355-thread-1] INFO  server.RaftServerConfigKeys (ConfUtils.java:logGet(44)) - raft.server.log.segment.cache.size.max = 200MB (=209715200) (default)
2021-08-03 13:03:29,533 [pool-355-thread-1] INFO  segmented.SegmentedRaftLogWorker (SegmentedRaftLogWorker.java:<init>(182)) - new 1a688da3-84f6-4ddd-a5bc-f601c4f0f554@group-D63A17F1530E-SegmentedRaftLogWorker for RaftStorageImpl:Storage Directory /home/runner/work/ozone/ozone/mnt/ozone/hadoop-ozone/integration-test/target/test-dir/MiniOzoneClusterImpl-f5709174-8c02-4eb0-9f51-9d4c6c69deaa/datanode-0/data/ratis/2fed9160-51d1-433d-aee0-d63a17f1530e
2021-08-03 13:03:29,533 [pool-355-thread-1] INFO  server.RaftServerConfigKeys (ConfUtils.java:logGet(44)) - raft.server.log.queue.byte-limit = 2147483647 (custom)
2021-08-03 13:03:29,533 [pool-355-thread-1] INFO  server.RaftServerConfigKeys (ConfUtils.java:logGet(44)) - raft.server.log.queue.element-limit = 1024 (custom)
2021-08-03 13:03:29,533 [pool-355-thread-1] INFO  server.RaftServerConfigKeys (ConfUtils.java:logGet(44)) - raft.server.log.segment.size.max = 1048576 (custom)
2021-08-03 13:03:29,533 [pool-355-thread-1] INFO  server.RaftServerConfigKeys (ConfUtils.java:logGet(44)) - raft.server.log.preallocated.size = 16384 (custom)
2021-08-03 13:03:29,533 [pool-355-thread-1] INFO  server.RaftServerConfigKeys (ConfUtils.java:logGet(44)) - raft.server.log.force.sync.num = 128 (default)
2021-08-03 13:03:29,533 [pool-355-thread-1] INFO  server.RaftServerConfigKeys (ConfUtils.java:logGet(44)) - raft.server.log.statemachine.data.sync = true (default)
2021-08-03 13:03:29,533 [pool-355-thread-1] INFO  server.RaftServerConfigKeys (ConfUtils.java:logGet(44)) - raft.server.log.statemachine.data.sync.timeout = 10s (default)
2021-08-03 13:03:29,533 [pool-355-thread-1] INFO  server.RaftServerConfigKeys (ConfUtils.java:logGet(44)) - raft.server.log.statemachine.data.sync.timeout.retry = -1 (default)
2021-08-03 13:03:29,534 [pool-355-thread-1] INFO  server.RaftServerConfigKeys (ConfUtils.java:logGet(44)) - raft.server.log.write.buffer.size = 1048576 (custom)
2021-08-03 13:03:29,534 [pool-355-thread-1] INFO  server.RaftServerConfigKeys (ConfUtils.java:logGet(44)) - raft.server.log.statemachine.data.caching.enabled = true (custom)
2021-08-03 13:03:29,534 [pool-355-thread-1] INFO  segmented.SegmentedRaftLogWorker (SegmentedRaftLogWorker.java:lambda$new$0(133)) - 1a688da3-84f6-4ddd-a5bc-f601c4f0f554@group-D63A17F1530E-SegmentedRaftLogWorker: flushIndex: setUnconditionally 0 -> -1
2021-08-03 13:03:29,534 [pool-355-thread-1] INFO  segmented.SegmentedRaftLogWorker (SegmentedRaftLogWorker.java:lambda$new$0(133)) - 1a688da3-84f6-4ddd-a5bc-f601c4f0f554@group-D63A17F1530E-SegmentedRaftLogWorker: safeCacheEvictIndex: setUnconditionally 0 -> -1
2021-08-03 13:03:29,534 [pool-355-thread-1] INFO  server.RaftServerConfigKeys (ConfUtils.java:logGet(44)) - raft.server.snapshot.auto.trigger.enabled = true (custom)
2021-08-03 13:03:29,535 [pool-355-thread-1] INFO  server.RaftServerConfigKeys (ConfUtils.java:logGet(44)) - raft.server.snapshot.auto.trigger.threshold = 10000 (custom)
2021-08-03 13:03:29,535 [pool-355-thread-1] INFO  server.RaftServerConfigKeys (ConfUtils.java:logGet(44)) - raft.server.snapshot.retention.file.num = 5 (custom)
2021-08-03 13:03:29,535 [pool-355-thread-1] INFO  server.RaftServerConfigKeys (ConfUtils.java:logGet(44)) - raft.server.log.purge.upto.snapshot.index = false (default)
2021-08-03 13:03:29,535 [pool-355-thread-1] INFO  server.RaftServerConfigKeys (ConfUtils.java:logGet(44)) - raft.server.retrycache.expirytime = 600000ms (custom)
2021-08-03 13:03:29,535 [pool-355-thread-1] INFO  server.RaftServerConfigKeys (ConfUtils.java:logGet(44)) - raft.server.retrycache.statistics.expirytime = 100μs (default)
2021-08-03 13:03:29,536 [pool-355-thread-1] INFO  server.RaftServer$Division (RaftServerImpl.java:start(296)) - 1a688da3-84f6-4ddd-a5bc-f601c4f0f554@group-D63A17F1530E: start as a follower, conf=-1: [1a688da3-84f6-4ddd-a5bc-f601c4f0f554|rpc:10.1.0.54:37247|priority:1], old=null
2021-08-03 13:03:29,536 [pool-355-thread-1] INFO  server.RaftServer$Division (RaftServerImpl.java:setRole(285)) - 1a688da3-84f6-4ddd-a5bc-f601c4f0f554@group-D63A17F1530E: changes role from      null to FOLLOWER at term 0 for startAsFollower
2021-08-03 13:03:29,536 [pool-355-thread-1] INFO  impl.RoleInfo (RoleInfo.java:updateAndGet(130)) - 1a688da3-84f6-4ddd-a5bc-f601c4f0f554: start 1a688da3-84f6-4ddd-a5bc-f601c4f0f554@group-D63A17F1530E-FollowerState
2021-08-03 13:03:29,537 [pool-355-thread-1] INFO  util.JmxRegister (JmxRegister.java:tryRegister(44)) - Successfully registered JMX Bean with object name Ratis:service=RaftServer,group=group-D63A17F1530E,id=1a688da3-84f6-4ddd-a5bc-f601c4f0f554
2021-08-03 13:03:29,537 [Command processor thread] INFO  ratis.XceiverServerRatis (XceiverServerRatis.java:addGroup(759)) - Created group PipelineID=2fed9160-51d1-433d-aee0-d63a17f1530e
2021-08-03 13:03:29,537 [Command processor thread] INFO  commandhandler.CreatePipelineCommandHandler (CreatePipelineCommandHandler.java:handle(106)) - Created Pipeline RATIS ONE PipelineID=2fed9160-51d1-433d-aee0-d63a17f1530e.
2021-08-03 13:03:29,538 [Command processor thread] INFO  server.RaftServer (RaftServerProxy.java:addNew(95)) - 1a688da3-84f6-4ddd-a5bc-f601c4f0f554: addNew group-8073AA0E838E:[02f62297-3457-4779-b0f5-2d066303236a|rpc:10.1.0.54:45971|priority:1, 1a688da3-84f6-4ddd-a5bc-f601c4f0f554|rpc:10.1.0.54:37247|priority:0, a3a98b8b-adcd-408e-bef5-31175bc97024|rpc:10.1.0.54:39883|priority:0] returns group-8073AA0E838E:java.util.concurrent.CompletableFuture@2a331f2c[Not completed]
2021-08-03 13:03:29,538 [pool-355-thread-1] INFO  server.RaftServer$Division (RaftServerImpl.java:<init>(181)) - 1a688da3-84f6-4ddd-a5bc-f601c4f0f554: new RaftServerImpl for group-8073AA0E838E:[02f62297-3457-4779-b0f5-2d066303236a|rpc:10.1.0.54:45971|priority:1, 1a688da3-84f6-4ddd-a5bc-f601c4f0f554|rpc:10.1.0.54:37247|priority:0, a3a98b8b-adcd-408e-bef5-31175bc97024|rpc:10.1.0.54:39883|priority:0] with ContainerStateMachine:uninitialized
2021-08-03 13:03:29,538 [pool-355-thread-1] INFO  server.RaftServerConfigKeys (ConfUtils.java:logGet(44)) - raft.server.rpc.timeout.min = 5s (custom)
2021-08-03 13:03:29,538 [pool-355-thread-1] INFO  server.RaftServerConfigKeys (ConfUtils.java:logGet(44)) - raft.server.rpc.timeout.max = 5200ms (custom)
2021-08-03 13:03:29,538 [pool-355-thread-1] INFO  server.RaftServerConfigKeys (ConfUtils.java:logGet(44)) - raft.server.rpc.sleep.time = 25ms (default)
2021-08-03 13:03:29,538 [pool-355-thread-1] INFO  server.RaftServerConfigKeys (ConfUtils.java:logGet(44)) - raft.server.rpc.slowness.timeout = 300s (custom)
2021-08-03 13:03:29,538 [pool-355-thread-1] INFO  server.RaftServerConfigKeys (ConfUtils.java:logGet(44)) - raft.server.leaderelection.leader.step-down.wait-time = 10s (default)
2021-08-03 13:03:29,538 [pool-355-thread-1] INFO  server.RaftServerConfigKeys (ConfUtils.java:logGet(44)) - raft.server.sleep.deviation.threshold = 300ms (default)
2021-08-03 13:03:29,539 [pool-355-thread-1] INFO  server.RaftServerConfigKeys (ConfUtils.java:logGet(44)) - raft.server.log.appender.install.snapshot.enabled = false (custom)
2021-08-03 13:03:29,539 [pool-355-thread-1] INFO  server.RaftServer$Division (ServerState.java:<init>(105)) - 1a688da3-84f6-4ddd-a5bc-f601c4f0f554@group-8073AA0E838E: ConfigurationManager, init=-1: [02f62297-3457-4779-b0f5-2d066303236a|rpc:10.1.0.54:45971|priority:1, 1a688da3-84f6-4ddd-a5bc-f601c4f0f554|rpc:10.1.0.54:37247|priority:0, a3a98b8b-adcd-408e-bef5-31175bc97024|rpc:10.1.0.54:39883|priority:0], old=null, confs=<EMPTY_MAP>
2021-08-03 13:03:29,539 [pool-355-thread-1] INFO  server.RaftServerConfigKeys (ConfUtils.java:logGet(44)) - raft.server.storage.dir = [/home/runner/work/ozone/ozone/mnt/ozone/hadoop-ozone/integration-test/target/test-dir/MiniOzoneClusterImpl-f5709174-8c02-4eb0-9f51-9d4c6c69deaa/datanode-0/data/ratis] (custom)
2021-08-03 13:03:29,539 [pool-355-thread-1] INFO  server.RaftServerConfigKeys (ConfUtils.java:logGet(44)) - raft.server.log.corruption.policy = EXCEPTION (default)
2021-08-03 13:03:29,539 [pool-355-thread-1] INFO  server.RaftServerConfigKeys (ConfUtils.java:logGet(44)) - raft.server.storage.free-space.min = 0MB (=0) (default)
2021-08-03 13:03:29,539 [pool-355-thread-1] INFO  storage.RaftStorageDirectory (RaftStorageDirectoryImpl.java:analyzeStorage(135)) - The storage directory /home/runner/work/ozone/ozone/mnt/ozone/hadoop-ozone/integration-test/target/test-dir/MiniOzoneClusterImpl-f5709174-8c02-4eb0-9f51-9d4c6c69deaa/datanode-0/data/ratis/c8f63c6e-b7f5-4753-b633-8073aa0e838e does not exist. Creating ...
2021-08-03 13:03:29,540 [pool-355-thread-1] INFO  storage.RaftStorageDirectory (RaftStorageDirectoryImpl.java:tryLock(230)) - Lock on /home/runner/work/ozone/ozone/mnt/ozone/hadoop-ozone/integration-test/target/test-dir/MiniOzoneClusterImpl-f5709174-8c02-4eb0-9f51-9d4c6c69deaa/datanode-0/data/ratis/c8f63c6e-b7f5-4753-b633-8073aa0e838e/in_use.lock acquired by nodename 15365@fv-az116-942
2021-08-03 13:03:29,541 [pool-355-thread-1] INFO  storage.RaftStorage (RaftStorageImpl.java:format(89)) - Storage directory /home/runner/work/ozone/ozone/mnt/ozone/hadoop-ozone/integration-test/target/test-dir/MiniOzoneClusterImpl-f5709174-8c02-4eb0-9f51-9d4c6c69deaa/datanode-0/data/ratis/c8f63c6e-b7f5-4753-b633-8073aa0e838e has been successfully formatted.
2021-08-03 13:03:29,541 [pool-355-thread-1] INFO  ratis.ContainerStateMachine (ContainerStateMachine.java:loadSnapshot(223)) - group-8073AA0E838E: The snapshot info is null. Setting the last applied indexto:(t:0, i:~)
2021-08-03 13:03:29,541 [Datanode State Machine Thread - 0] WARN  statemachine.StateContext (StateContext.java:execute(621)) - No available thread in pool for past 1 seconds.
2021-08-03 13:03:29,542 [pool-355-thread-1] INFO  server.RaftServerConfigKeys (ConfUtils.java:logGet(44)) - raft.server.notification.no-leader.timeout = 300s (custom)
2021-08-03 13:03:29,542 [pool-355-thread-1] INFO  server.RaftServerConfigKeys (ConfUtils.java:logGet(44)) - raft.server.log.use.memory = false (default)
2021-08-03 13:03:29,543 [EventQueue-OpenPipelineForHealthyPipelineSafeModeRule] INFO  safemode.SCMSafeModeManager (HealthyPipelineSafeModeRule.java:process(124)) - SCM in safe mode. Healthy pipelines reported count is 0, required healthy pipeline reported count is 1
2021-08-03 13:03:29,543 [pool-355-thread-1] INFO  server.RaftServerConfigKeys (ConfUtils.java:logGet(44)) - raft.server.log.purge.gap = 1000000 (custom)
2021-08-03 13:03:29,543 [pool-355-thread-1] INFO  server.RaftServerConfigKeys (ConfUtils.java:logGet(44)) - raft.server.log.appender.buffer.byte-limit = 33554432 (custom)
2021-08-03 13:03:29,543 [pool-355-thread-1] INFO  server.RaftServerConfigKeys (ConfUtils.java:logGet(44)) - raft.server.log.segment.size.max = 1048576 (custom)
2021-08-03 13:03:29,543 [pool-355-thread-1] INFO  server.RaftServerConfigKeys (ConfUtils.java:logGet(44)) - raft.server.log.segment.cache.num.max = 2 (custom)
2021-08-03 13:03:29,543 [pool-355-thread-1] INFO  server.RaftServerConfigKeys (ConfUtils.java:logGet(44)) - raft.server.log.segment.cache.size.max = 200MB (=209715200) (default)
2021-08-03 13:03:29,544 [pool-355-thread-1] INFO  segmented.SegmentedRaftLogWorker (SegmentedRaftLogWorker.java:<init>(182)) - new 1a688da3-84f6-4ddd-a5bc-f601c4f0f554@group-8073AA0E838E-SegmentedRaftLogWorker for RaftStorageImpl:Storage Directory /home/runner/work/ozone/ozone/mnt/ozone/hadoop-ozone/integration-test/target/test-dir/MiniOzoneClusterImpl-f5709174-8c02-4eb0-9f51-9d4c6c69deaa/datanode-0/data/ratis/c8f63c6e-b7f5-4753-b633-8073aa0e838e
2021-08-03 13:03:29,544 [pool-355-thread-1] INFO  server.RaftServerConfigKeys (ConfUtils.java:logGet(44)) - raft.server.log.queue.byte-limit = 2147483647 (custom)
2021-08-03 13:03:29,544 [pool-355-thread-1] INFO  server.RaftServerConfigKeys (ConfUtils.java:logGet(44)) - raft.server.log.queue.element-limit = 1024 (custom)
2021-08-03 13:03:29,544 [pool-355-thread-1] INFO  server.RaftServerConfigKeys (ConfUtils.java:logGet(44)) - raft.server.log.segment.size.max = 1048576 (custom)
2021-08-03 13:03:29,544 [pool-355-thread-1] INFO  server.RaftServerConfigKeys (ConfUtils.java:logGet(44)) - raft.server.log.preallocated.size = 16384 (custom)
2021-08-03 13:03:29,544 [pool-355-thread-1] INFO  server.RaftServerConfigKeys (ConfUtils.java:logGet(44)) - raft.server.log.force.sync.num = 128 (default)
2021-08-03 13:03:29,544 [pool-355-thread-1] INFO  server.RaftServerConfigKeys (ConfUtils.java:logGet(44)) - raft.server.log.statemachine.data.sync = true (default)
2021-08-03 13:03:29,544 [pool-355-thread-1] INFO  server.RaftServerConfigKeys (ConfUtils.java:logGet(44)) - raft.server.log.statemachine.data.sync.timeout = 10s (default)
2021-08-03 13:03:29,544 [pool-355-thread-1] INFO  server.RaftServerConfigKeys (ConfUtils.java:logGet(44)) - raft.server.log.statemachine.data.sync.timeout.retry = -1 (default)
2021-08-03 13:03:29,545 [pool-355-thread-1] INFO  server.RaftServerConfigKeys (ConfUtils.java:logGet(44)) - raft.server.log.write.buffer.size = 1048576 (custom)
2021-08-03 13:03:29,545 [pool-355-thread-1] INFO  server.RaftServerConfigKeys (ConfUtils.java:logGet(44)) - raft.server.log.statemachine.data.caching.enabled = true (custom)
2021-08-03 13:03:29,545 [pool-355-thread-1] INFO  segmented.SegmentedRaftLogWorker (SegmentedRaftLogWorker.java:lambda$new$0(133)) - 1a688da3-84f6-4ddd-a5bc-f601c4f0f554@group-8073AA0E838E-SegmentedRaftLogWorker: flushIndex: setUnconditionally 0 -> -1
2021-08-03 13:03:29,545 [pool-355-thread-1] INFO  segmented.SegmentedRaftLogWorker (SegmentedRaftLogWorker.java:lambda$new$0(133)) - 1a688da3-84f6-4ddd-a5bc-f601c4f0f554@group-8073AA0E838E-SegmentedRaftLogWorker: safeCacheEvictIndex: setUnconditionally 0 -> -1
2021-08-03 13:03:29,550 [pool-355-thread-1] INFO  server.RaftServerConfigKeys (ConfUtils.java:logGet(44)) - raft.server.snapshot.auto.trigger.enabled = true (custom)
2021-08-03 13:03:29,550 [pool-355-thread-1] INFO  server.RaftServerConfigKeys (ConfUtils.java:logGet(44)) - raft.server.snapshot.auto.trigger.threshold = 10000 (custom)
2021-08-03 13:03:29,550 [pool-355-thread-1] INFO  server.RaftServerConfigKeys (ConfUtils.java:logGet(44)) - raft.server.snapshot.retention.file.num = 5 (custom)
2021-08-03 13:03:29,550 [pool-355-thread-1] INFO  server.RaftServerConfigKeys (ConfUtils.java:logGet(44)) - raft.server.log.purge.upto.snapshot.index = false (default)
2021-08-03 13:03:29,550 [pool-355-thread-1] INFO  server.RaftServerConfigKeys (ConfUtils.java:logGet(44)) - raft.server.retrycache.expirytime = 600000ms (custom)
2021-08-03 13:03:29,550 [pool-355-thread-1] INFO  server.RaftServerConfigKeys (ConfUtils.java:logGet(44)) - raft.server.retrycache.statistics.expirytime = 100μs (default)
2021-08-03 13:03:29,551 [pool-355-thread-1] INFO  server.RaftServer$Division (RaftServerImpl.java:start(296)) - 1a688da3-84f6-4ddd-a5bc-f601c4f0f554@group-8073AA0E838E: start as a follower, conf=-1: [02f62297-3457-4779-b0f5-2d066303236a|rpc:10.1.0.54:45971|priority:1, 1a688da3-84f6-4ddd-a5bc-f601c4f0f554|rpc:10.1.0.54:37247|priority:0, a3a98b8b-adcd-408e-bef5-31175bc97024|rpc:10.1.0.54:39883|priority:0], old=null
2021-08-03 13:03:29,551 [pool-355-thread-1] INFO  server.RaftServer$Division (RaftServerImpl.java:setRole(285)) - 1a688da3-84f6-4ddd-a5bc-f601c4f0f554@group-8073AA0E838E: changes role from      null to FOLLOWER at term 0 for startAsFollower
2021-08-03 13:03:29,551 [pool-355-thread-1] INFO  impl.RoleInfo (RoleInfo.java:updateAndGet(130)) - 1a688da3-84f6-4ddd-a5bc-f601c4f0f554: start 1a688da3-84f6-4ddd-a5bc-f601c4f0f554@group-8073AA0E838E-FollowerState
2021-08-03 13:03:29,552 [pool-355-thread-1] INFO  util.JmxRegister (JmxRegister.java:tryRegister(44)) - Successfully registered JMX Bean with object name Ratis:service=RaftServer,group=group-8073AA0E838E,id=1a688da3-84f6-4ddd-a5bc-f601c4f0f554
2021-08-03 13:03:29,556 [Command processor thread] INFO  ratis.XceiverServerRatis (XceiverServerRatis.java:addGroup(759)) - Created group PipelineID=c8f63c6e-b7f5-4753-b633-8073aa0e838e
2021-08-03 13:03:29,564 [grpc-default-executor-1] INFO  server.RaftServer (RaftServerProxy.java:addNew(95)) - 02f62297-3457-4779-b0f5-2d066303236a: addNew group-8073AA0E838E:[02f62297-3457-4779-b0f5-2d066303236a|rpc:10.1.0.54:45971|dataStream:|priority:1, 1a688da3-84f6-4ddd-a5bc-f601c4f0f554|rpc:10.1.0.54:37247|dataStream:|priority:0, a3a98b8b-adcd-408e-bef5-31175bc97024|rpc:10.1.0.54:39883|dataStream:|priority:0] returns group-8073AA0E838E:java.util.concurrent.CompletableFuture@6f153a83[Not completed]
2021-08-03 13:03:29,565 [pool-391-thread-1] INFO  server.RaftServer$Division (RaftServerImpl.java:<init>(181)) - 02f62297-3457-4779-b0f5-2d066303236a: new RaftServerImpl for group-8073AA0E838E:[02f62297-3457-4779-b0f5-2d066303236a|rpc:10.1.0.54:45971|dataStream:|priority:1, 1a688da3-84f6-4ddd-a5bc-f601c4f0f554|rpc:10.1.0.54:37247|dataStream:|priority:0, a3a98b8b-adcd-408e-bef5-31175bc97024|rpc:10.1.0.54:39883|dataStream:|priority:0] with ContainerStateMachine:uninitialized
2021-08-03 13:03:29,565 [pool-391-thread-1] INFO  server.RaftServerConfigKeys (ConfUtils.java:logGet(44)) - raft.server.rpc.timeout.min = 5s (custom)
2021-08-03 13:03:29,565 [pool-391-thread-1] INFO  server.RaftServerConfigKeys (ConfUtils.java:logGet(44)) - raft.server.rpc.timeout.max = 5200ms (custom)
2021-08-03 13:03:29,566 [pool-391-thread-1] INFO  server.RaftServerConfigKeys (ConfUtils.java:logGet(44)) - raft.server.rpc.sleep.time = 25ms (default)
2021-08-03 13:03:29,566 [pool-391-thread-1] INFO  server.RaftServerConfigKeys (ConfUtils.java:logGet(44)) - raft.server.rpc.slowness.timeout = 300s (custom)
2021-08-03 13:03:29,566 [pool-391-thread-1] INFO  server.RaftServerConfigKeys (ConfUtils.java:logGet(44)) - raft.server.leaderelection.leader.step-down.wait-time = 10s (default)
2021-08-03 13:03:29,566 [pool-391-thread-1] INFO  server.RaftServerConfigKeys (ConfUtils.java:logGet(44)) - raft.server.sleep.deviation.threshold = 300ms (default)
2021-08-03 13:03:29,566 [pool-391-thread-1] INFO  server.RaftServerConfigKeys (ConfUtils.java:logGet(44)) - raft.server.log.appender.install.snapshot.enabled = false (custom)
2021-08-03 13:03:29,566 [pool-391-thread-1] INFO  server.RaftServer$Division (ServerState.java:<init>(105)) - 02f62297-3457-4779-b0f5-2d066303236a@group-8073AA0E838E: ConfigurationManager, init=-1: [02f62297-3457-4779-b0f5-2d066303236a|rpc:10.1.0.54:45971|dataStream:|priority:1, 1a688da3-84f6-4ddd-a5bc-f601c4f0f554|rpc:10.1.0.54:37247|dataStream:|priority:0, a3a98b8b-adcd-408e-bef5-31175bc97024|rpc:10.1.0.54:39883|dataStream:|priority:0], old=null, confs=<EMPTY_MAP>
2021-08-03 13:03:29,566 [pool-391-thread-1] INFO  server.RaftServerConfigKeys (ConfUtils.java:logGet(44)) - raft.server.storage.dir = [/home/runner/work/ozone/ozone/mnt/ozone/hadoop-ozone/integration-test/target/test-dir/MiniOzoneClusterImpl-f5709174-8c02-4eb0-9f51-9d4c6c69deaa/datanode-2/data/ratis] (custom)
2021-08-03 13:03:29,566 [pool-391-thread-1] INFO  server.RaftServerConfigKeys (ConfUtils.java:logGet(44)) - raft.server.log.corruption.policy = EXCEPTION (default)
2021-08-03 13:03:29,566 [pool-391-thread-1] INFO  server.RaftServerConfigKeys (ConfUtils.java:logGet(44)) - raft.server.storage.free-space.min = 0MB (=0) (default)
2021-08-03 13:03:29,567 [pool-391-thread-1] INFO  storage.RaftStorageDirectory (RaftStorageDirectoryImpl.java:analyzeStorage(135)) - The storage directory /home/runner/work/ozone/ozone/mnt/ozone/hadoop-ozone/integration-test/target/test-dir/MiniOzoneClusterImpl-f5709174-8c02-4eb0-9f51-9d4c6c69deaa/datanode-2/data/ratis/c8f63c6e-b7f5-4753-b633-8073aa0e838e does not exist. Creating ...
2021-08-03 13:03:29,567 [pool-391-thread-1] INFO  storage.RaftStorageDirectory (RaftStorageDirectoryImpl.java:tryLock(230)) - Lock on /home/runner/work/ozone/ozone/mnt/ozone/hadoop-ozone/integration-test/target/test-dir/MiniOzoneClusterImpl-f5709174-8c02-4eb0-9f51-9d4c6c69deaa/datanode-2/data/ratis/c8f63c6e-b7f5-4753-b633-8073aa0e838e/in_use.lock acquired by nodename 15365@fv-az116-942
2021-08-03 13:03:29,568 [pool-391-thread-1] INFO  storage.RaftStorage (RaftStorageImpl.java:format(89)) - Storage directory /home/runner/work/ozone/ozone/mnt/ozone/hadoop-ozone/integration-test/target/test-dir/MiniOzoneClusterImpl-f5709174-8c02-4eb0-9f51-9d4c6c69deaa/datanode-2/data/ratis/c8f63c6e-b7f5-4753-b633-8073aa0e838e has been successfully formatted.
2021-08-03 13:03:29,569 [pool-391-thread-1] INFO  ratis.ContainerStateMachine (ContainerStateMachine.java:loadSnapshot(223)) - group-8073AA0E838E: The snapshot info is null. Setting the last applied indexto:(t:0, i:~)
2021-08-03 13:03:29,570 [pool-391-thread-1] INFO  server.RaftServerConfigKeys (ConfUtils.java:logGet(44)) - raft.server.notification.no-leader.timeout = 300s (custom)
2021-08-03 13:03:29,570 [pool-391-thread-1] INFO  server.RaftServerConfigKeys (ConfUtils.java:logGet(44)) - raft.server.log.use.memory = false (default)
2021-08-03 13:03:29,570 [pool-391-thread-1] INFO  server.RaftServerConfigKeys (ConfUtils.java:logGet(44)) - raft.server.log.purge.gap = 1000000 (custom)
2021-08-03 13:03:29,571 [pool-391-thread-1] INFO  server.RaftServerConfigKeys (ConfUtils.java:logGet(44)) - raft.server.log.appender.buffer.byte-limit = 33554432 (custom)
2021-08-03 13:03:29,571 [pool-391-thread-1] INFO  server.RaftServerConfigKeys (ConfUtils.java:logGet(44)) - raft.server.log.segment.size.max = 1048576 (custom)
2021-08-03 13:03:29,572 [pool-391-thread-1] INFO  server.RaftServerConfigKeys (ConfUtils.java:logGet(44)) - raft.server.log.segment.cache.num.max = 2 (custom)
2021-08-03 13:03:29,572 [pool-391-thread-1] INFO  server.RaftServerConfigKeys (ConfUtils.java:logGet(44)) - raft.server.log.segment.cache.size.max = 200MB (=209715200) (default)
2021-08-03 13:03:29,572 [pool-391-thread-1] INFO  segmented.SegmentedRaftLogWorker (SegmentedRaftLogWorker.java:<init>(182)) - new 02f62297-3457-4779-b0f5-2d066303236a@group-8073AA0E838E-SegmentedRaftLogWorker for RaftStorageImpl:Storage Directory /home/runner/work/ozone/ozone/mnt/ozone/hadoop-ozone/integration-test/target/test-dir/MiniOzoneClusterImpl-f5709174-8c02-4eb0-9f51-9d4c6c69deaa/datanode-2/data/ratis/c8f63c6e-b7f5-4753-b633-8073aa0e838e
2021-08-03 13:03:29,572 [pool-391-thread-1] INFO  server.RaftServerConfigKeys (ConfUtils.java:logGet(44)) - raft.server.log.queue.byte-limit = 2147483647 (custom)
2021-08-03 13:03:29,572 [pool-391-thread-1] INFO  server.RaftServerConfigKeys (ConfUtils.java:logGet(44)) - raft.server.log.queue.element-limit = 1024 (custom)
2021-08-03 13:03:29,572 [pool-391-thread-1] INFO  server.RaftServerConfigKeys (ConfUtils.java:logGet(44)) - raft.server.log.segment.size.max = 1048576 (custom)
2021-08-03 13:03:29,572 [pool-391-thread-1] INFO  server.RaftServerConfigKeys (ConfUtils.java:logGet(44)) - raft.server.log.preallocated.size = 16384 (custom)
2021-08-03 13:03:29,572 [pool-391-thread-1] INFO  server.RaftServerConfigKeys (ConfUtils.java:logGet(44)) - raft.server.log.force.sync.num = 128 (default)
2021-08-03 13:03:29,572 [pool-391-thread-1] INFO  server.RaftServerConfigKeys (ConfUtils.java:logGet(44)) - raft.server.log.statemachine.data.sync = true (default)
2021-08-03 13:03:29,573 [pool-391-thread-1] INFO  server.RaftServerConfigKeys (ConfUtils.java:logGet(44)) - raft.server.log.statemachine.data.sync.timeout = 10s (default)
2021-08-03 13:03:29,573 [pool-391-thread-1] INFO  server.RaftServerConfigKeys (ConfUtils.java:logGet(44)) - raft.server.log.statemachine.data.sync.timeout.retry = -1 (default)
2021-08-03 13:03:29,573 [pool-391-thread-1] INFO  server.RaftServerConfigKeys (ConfUtils.java:logGet(44)) - raft.server.log.write.buffer.size = 1048576 (custom)
2021-08-03 13:03:29,574 [pool-391-thread-1] INFO  server.RaftServerConfigKeys (ConfUtils.java:logGet(44)) - raft.server.log.statemachine.data.caching.enabled = true (custom)
2021-08-03 13:03:29,574 [pool-391-thread-1] INFO  segmented.SegmentedRaftLogWorker (SegmentedRaftLogWorker.java:lambda$new$0(133)) - 02f62297-3457-4779-b0f5-2d066303236a@group-8073AA0E838E-SegmentedRaftLogWorker: flushIndex: setUnconditionally 0 -> -1
2021-08-03 13:03:29,574 [pool-391-thread-1] INFO  segmented.SegmentedRaftLogWorker (SegmentedRaftLogWorker.java:lambda$new$0(133)) - 02f62297-3457-4779-b0f5-2d066303236a@group-8073AA0E838E-SegmentedRaftLogWorker: safeCacheEvictIndex: setUnconditionally 0 -> -1
2021-08-03 13:03:29,574 [pool-391-thread-1] INFO  server.RaftServerConfigKeys (ConfUtils.java:logGet(44)) - raft.server.snapshot.auto.trigger.enabled = true (custom)
2021-08-03 13:03:29,574 [pool-391-thread-1] INFO  server.RaftServerConfigKeys (ConfUtils.java:logGet(44)) - raft.server.snapshot.auto.trigger.threshold = 10000 (custom)
2021-08-03 13:03:29,574 [pool-391-thread-1] INFO  server.RaftServerConfigKeys (ConfUtils.java:logGet(44)) - raft.server.snapshot.retention.file.num = 5 (custom)
2021-08-03 13:03:29,574 [pool-391-thread-1] INFO  server.RaftServerConfigKeys (ConfUtils.java:logGet(44)) - raft.server.log.purge.upto.snapshot.index = false (default)
2021-08-03 13:03:29,574 [pool-391-thread-1] INFO  server.RaftServerConfigKeys (ConfUtils.java:logGet(44)) - raft.server.retrycache.expirytime = 600000ms (custom)
2021-08-03 13:03:29,574 [pool-391-thread-1] INFO  server.RaftServerConfigKeys (ConfUtils.java:logGet(44)) - raft.server.retrycache.statistics.expirytime = 100μs (default)
2021-08-03 13:03:29,575 [pool-391-thread-1] INFO  server.RaftServer$Division (RaftServerImpl.java:start(296)) - 02f62297-3457-4779-b0f5-2d066303236a@group-8073AA0E838E: start as a follower, conf=-1: [02f62297-3457-4779-b0f5-2d066303236a|rpc:10.1.0.54:45971|dataStream:|priority:1, 1a688da3-84f6-4ddd-a5bc-f601c4f0f554|rpc:10.1.0.54:37247|dataStream:|priority:0, a3a98b8b-adcd-408e-bef5-31175bc97024|rpc:10.1.0.54:39883|dataStream:|priority:0], old=null
2021-08-03 13:03:29,575 [pool-391-thread-1] INFO  server.RaftServer$Division (RaftServerImpl.java:setRole(285)) - 02f62297-3457-4779-b0f5-2d066303236a@group-8073AA0E838E: changes role from      null to FOLLOWER at term 0 for startAsFollower
2021-08-03 13:03:29,575 [pool-391-thread-1] INFO  impl.RoleInfo (RoleInfo.java:updateAndGet(130)) - 02f62297-3457-4779-b0f5-2d066303236a: start 02f62297-3457-4779-b0f5-2d066303236a@group-8073AA0E838E-FollowerState
2021-08-03 13:03:29,576 [pool-391-thread-1] INFO  util.JmxRegister (JmxRegister.java:tryRegister(44)) - Successfully registered JMX Bean with object name Ratis:service=RaftServer,group=group-8073AA0E838E,id=02f62297-3457-4779-b0f5-2d066303236a
2021-08-03 13:03:29,596 [grpc-default-executor-1] INFO  server.RaftServer (RaftServerProxy.java:addNew(95)) - a3a98b8b-adcd-408e-bef5-31175bc97024: addNew group-8073AA0E838E:[02f62297-3457-4779-b0f5-2d066303236a|rpc:10.1.0.54:45971|dataStream:|priority:1, 1a688da3-84f6-4ddd-a5bc-f601c4f0f554|rpc:10.1.0.54:37247|dataStream:|priority:0, a3a98b8b-adcd-408e-bef5-31175bc97024|rpc:10.1.0.54:39883|dataStream:|priority:0] returns group-8073AA0E838E:java.util.concurrent.CompletableFuture@60961cc9[Not completed]
2021-08-03 13:03:29,596 [pool-373-thread-1] INFO  server.RaftServer$Division (RaftServerImpl.java:<init>(181)) - a3a98b8b-adcd-408e-bef5-31175bc97024: new RaftServerImpl for group-8073AA0E838E:[02f62297-3457-4779-b0f5-2d066303236a|rpc:10.1.0.54:45971|dataStream:|priority:1, 1a688da3-84f6-4ddd-a5bc-f601c4f0f554|rpc:10.1.0.54:37247|dataStream:|priority:0, a3a98b8b-adcd-408e-bef5-31175bc97024|rpc:10.1.0.54:39883|dataStream:|priority:0] with ContainerStateMachine:uninitialized
2021-08-03 13:03:29,597 [pool-373-thread-1] INFO  server.RaftServerConfigKeys (ConfUtils.java:logGet(44)) - raft.server.rpc.timeout.min = 5s (custom)
2021-08-03 13:03:29,597 [pool-373-thread-1] INFO  server.RaftServerConfigKeys (ConfUtils.java:logGet(44)) - raft.server.rpc.timeout.max = 5200ms (custom)
2021-08-03 13:03:29,597 [pool-373-thread-1] INFO  server.RaftServerConfigKeys (ConfUtils.java:logGet(44)) - raft.server.rpc.sleep.time = 25ms (default)
2021-08-03 13:03:29,597 [pool-373-thread-1] INFO  server.RaftServerConfigKeys (ConfUtils.java:logGet(44)) - raft.server.rpc.slowness.timeout = 300s (custom)
2021-08-03 13:03:29,597 [pool-373-thread-1] INFO  server.RaftServerConfigKeys (ConfUtils.java:logGet(44)) - raft.server.leaderelection.leader.step-down.wait-time = 10s (default)
2021-08-03 13:03:29,597 [pool-373-thread-1] INFO  server.RaftServerConfigKeys (ConfUtils.java:logGet(44)) - raft.server.sleep.deviation.threshold = 300ms (default)
2021-08-03 13:03:29,597 [pool-373-thread-1] INFO  server.RaftServerConfigKeys (ConfUtils.java:logGet(44)) - raft.server.log.appender.install.snapshot.enabled = false (custom)
2021-08-03 13:03:29,597 [pool-373-thread-1] INFO  server.RaftServer$Division (ServerState.java:<init>(105)) - a3a98b8b-adcd-408e-bef5-31175bc97024@group-8073AA0E838E: ConfigurationManager, init=-1: [02f62297-3457-4779-b0f5-2d066303236a|rpc:10.1.0.54:45971|dataStream:|priority:1, 1a688da3-84f6-4ddd-a5bc-f601c4f0f554|rpc:10.1.0.54:37247|dataStream:|priority:0, a3a98b8b-adcd-408e-bef5-31175bc97024|rpc:10.1.0.54:39883|dataStream:|priority:0], old=null, confs=<EMPTY_MAP>
2021-08-03 13:03:29,598 [pool-373-thread-1] INFO  server.RaftServerConfigKeys (ConfUtils.java:logGet(44)) - raft.server.storage.dir = [/home/runner/work/ozone/ozone/mnt/ozone/hadoop-ozone/integration-test/target/test-dir/MiniOzoneClusterImpl-f5709174-8c02-4eb0-9f51-9d4c6c69deaa/datanode-1/data/ratis] (custom)
2021-08-03 13:03:29,598 [pool-373-thread-1] INFO  server.RaftServerConfigKeys (ConfUtils.java:logGet(44)) - raft.server.log.corruption.policy = EXCEPTION (default)
2021-08-03 13:03:29,598 [pool-373-thread-1] INFO  server.RaftServerConfigKeys (ConfUtils.java:logGet(44)) - raft.server.storage.free-space.min = 0MB (=0) (default)
2021-08-03 13:03:29,598 [pool-373-thread-1] INFO  storage.RaftStorageDirectory (RaftStorageDirectoryImpl.java:analyzeStorage(135)) - The storage directory /home/runner/work/ozone/ozone/mnt/ozone/hadoop-ozone/integration-test/target/test-dir/MiniOzoneClusterImpl-f5709174-8c02-4eb0-9f51-9d4c6c69deaa/datanode-1/data/ratis/c8f63c6e-b7f5-4753-b633-8073aa0e838e does not exist. Creating ...
2021-08-03 13:03:29,599 [pool-373-thread-1] INFO  storage.RaftStorageDirectory (RaftStorageDirectoryImpl.java:tryLock(230)) - Lock on /home/runner/work/ozone/ozone/mnt/ozone/hadoop-ozone/integration-test/target/test-dir/MiniOzoneClusterImpl-f5709174-8c02-4eb0-9f51-9d4c6c69deaa/datanode-1/data/ratis/c8f63c6e-b7f5-4753-b633-8073aa0e838e/in_use.lock acquired by nodename 15365@fv-az116-942
2021-08-03 13:03:29,601 [pool-373-thread-1] INFO  storage.RaftStorage (RaftStorageImpl.java:format(89)) - Storage directory /home/runner/work/ozone/ozone/mnt/ozone/hadoop-ozone/integration-test/target/test-dir/MiniOzoneClusterImpl-f5709174-8c02-4eb0-9f51-9d4c6c69deaa/datanode-1/data/ratis/c8f63c6e-b7f5-4753-b633-8073aa0e838e has been successfully formatted.
2021-08-03 13:03:29,602 [pool-373-thread-1] INFO  ratis.ContainerStateMachine (ContainerStateMachine.java:loadSnapshot(223)) - group-8073AA0E838E: The snapshot info is null. Setting the last applied indexto:(t:0, i:~)
2021-08-03 13:03:29,602 [Datanode State Machine Thread - 0] WARN  statemachine.StateContext (StateContext.java:execute(621)) - No available thread in pool for past 1 seconds.
2021-08-03 13:03:29,602 [pool-373-thread-1] INFO  server.RaftServerConfigKeys (ConfUtils.java:logGet(44)) - raft.server.notification.no-leader.timeout = 300s (custom)
2021-08-03 13:03:29,602 [pool-373-thread-1] INFO  server.RaftServerConfigKeys (ConfUtils.java:logGet(44)) - raft.server.log.use.memory = false (default)
2021-08-03 13:03:29,602 [pool-373-thread-1] INFO  server.RaftServerConfigKeys (ConfUtils.java:logGet(44)) - raft.server.log.purge.gap = 1000000 (custom)
2021-08-03 13:03:29,602 [pool-373-thread-1] INFO  server.RaftServerConfigKeys (ConfUtils.java:logGet(44)) - raft.server.log.appender.buffer.byte-limit = 33554432 (custom)
2021-08-03 13:03:29,606 [pool-373-thread-1] INFO  server.RaftServerConfigKeys (ConfUtils.java:logGet(44)) - raft.server.log.segment.size.max = 1048576 (custom)
2021-08-03 13:03:29,606 [pool-373-thread-1] INFO  server.RaftServerConfigKeys (ConfUtils.java:logGet(44)) - raft.server.log.segment.cache.num.max = 2 (custom)
2021-08-03 13:03:29,607 [pool-373-thread-1] INFO  server.RaftServerConfigKeys (ConfUtils.java:logGet(44)) - raft.server.log.segment.cache.size.max = 200MB (=209715200) (default)
2021-08-03 13:03:29,607 [pool-373-thread-1] INFO  segmented.SegmentedRaftLogWorker (SegmentedRaftLogWorker.java:<init>(182)) - new a3a98b8b-adcd-408e-bef5-31175bc97024@group-8073AA0E838E-SegmentedRaftLogWorker for RaftStorageImpl:Storage Directory /home/runner/work/ozone/ozone/mnt/ozone/hadoop-ozone/integration-test/target/test-dir/MiniOzoneClusterImpl-f5709174-8c02-4eb0-9f51-9d4c6c69deaa/datanode-1/data/ratis/c8f63c6e-b7f5-4753-b633-8073aa0e838e
2021-08-03 13:03:29,607 [pool-373-thread-1] INFO  server.RaftServerConfigKeys (ConfUtils.java:logGet(44)) - raft.server.log.queue.byte-limit = 2147483647 (custom)
2021-08-03 13:03:29,607 [pool-373-thread-1] INFO  server.RaftServerConfigKeys (ConfUtils.java:logGet(44)) - raft.server.log.queue.element-limit = 1024 (custom)
2021-08-03 13:03:29,608 [pool-373-thread-1] INFO  server.RaftServerConfigKeys (ConfUtils.java:logGet(44)) - raft.server.log.segment.size.max = 1048576 (custom)
2021-08-03 13:03:29,608 [pool-373-thread-1] INFO  server.RaftServerConfigKeys (ConfUtils.java:logGet(44)) - raft.server.log.preallocated.size = 16384 (custom)
2021-08-03 13:03:29,608 [pool-373-thread-1] INFO  server.RaftServerConfigKeys (ConfUtils.java:logGet(44)) - raft.server.log.force.sync.num = 128 (default)
2021-08-03 13:03:29,608 [pool-373-thread-1] INFO  server.RaftServerConfigKeys (ConfUtils.java:logGet(44)) - raft.server.log.statemachine.data.sync = true (default)
2021-08-03 13:03:29,608 [pool-373-thread-1] INFO  server.RaftServerConfigKeys (ConfUtils.java:logGet(44)) - raft.server.log.statemachine.data.sync.timeout = 10s (default)
2021-08-03 13:03:29,608 [pool-373-thread-1] INFO  server.RaftServerConfigKeys (ConfUtils.java:logGet(44)) - raft.server.log.statemachine.data.sync.timeout.retry = -1 (default)
2021-08-03 13:03:29,609 [pool-373-thread-1] INFO  server.RaftServerConfigKeys (ConfUtils.java:logGet(44)) - raft.server.log.write.buffer.size = 1048576 (custom)
2021-08-03 13:03:29,611 [pool-373-thread-1] INFO  server.RaftServerConfigKeys (ConfUtils.java:logGet(44)) - raft.server.log.statemachine.data.caching.enabled = true (custom)
2021-08-03 13:03:29,611 [pool-373-thread-1] INFO  segmented.SegmentedRaftLogWorker (SegmentedRaftLogWorker.java:lambda$new$0(133)) - a3a98b8b-adcd-408e-bef5-31175bc97024@group-8073AA0E838E-SegmentedRaftLogWorker: flushIndex: setUnconditionally 0 -> -1
2021-08-03 13:03:29,612 [pool-373-thread-1] INFO  segmented.SegmentedRaftLogWorker (SegmentedRaftLogWorker.java:lambda$new$0(133)) - a3a98b8b-adcd-408e-bef5-31175bc97024@group-8073AA0E838E-SegmentedRaftLogWorker: safeCacheEvictIndex: setUnconditionally 0 -> -1
2021-08-03 13:03:29,613 [pool-373-thread-1] INFO  server.RaftServerConfigKeys (ConfUtils.java:logGet(44)) - raft.server.snapshot.auto.trigger.enabled = true (custom)
2021-08-03 13:03:29,613 [pool-373-thread-1] INFO  server.RaftServerConfigKeys (ConfUtils.java:logGet(44)) - raft.server.snapshot.auto.trigger.threshold = 10000 (custom)
2021-08-03 13:03:29,613 [pool-373-thread-1] INFO  server.RaftServerConfigKeys (ConfUtils.java:logGet(44)) - raft.server.snapshot.retention.file.num = 5 (custom)
2021-08-03 13:03:29,613 [pool-373-thread-1] INFO  server.RaftServerConfigKeys (ConfUtils.java:logGet(44)) - raft.server.log.purge.upto.snapshot.index = false (default)
2021-08-03 13:03:29,613 [pool-373-thread-1] INFO  server.RaftServerConfigKeys (ConfUtils.java:logGet(44)) - raft.server.retrycache.expirytime = 600000ms (custom)
2021-08-03 13:03:29,613 [pool-373-thread-1] INFO  server.RaftServerConfigKeys (ConfUtils.java:logGet(44)) - raft.server.retrycache.statistics.expirytime = 100μs (default)
2021-08-03 13:03:29,614 [pool-373-thread-1] INFO  server.RaftServer$Division (RaftServerImpl.java:start(296)) - a3a98b8b-adcd-408e-bef5-31175bc97024@group-8073AA0E838E: start as a follower, conf=-1: [02f62297-3457-4779-b0f5-2d066303236a|rpc:10.1.0.54:45971|dataStream:|priority:1, 1a688da3-84f6-4ddd-a5bc-f601c4f0f554|rpc:10.1.0.54:37247|dataStream:|priority:0, a3a98b8b-adcd-408e-bef5-31175bc97024|rpc:10.1.0.54:39883|dataStream:|priority:0], old=null
2021-08-03 13:03:29,614 [pool-373-thread-1] INFO  server.RaftServer$Division (RaftServerImpl.java:setRole(285)) - a3a98b8b-adcd-408e-bef5-31175bc97024@group-8073AA0E838E: changes role from      null to FOLLOWER at term 0 for startAsFollower
2021-08-03 13:03:29,614 [pool-373-thread-1] INFO  impl.RoleInfo (RoleInfo.java:updateAndGet(130)) - a3a98b8b-adcd-408e-bef5-31175bc97024: start a3a98b8b-adcd-408e-bef5-31175bc97024@group-8073AA0E838E-FollowerState
2021-08-03 13:03:29,614 [pool-373-thread-1] INFO  util.JmxRegister (JmxRegister.java:tryRegister(44)) - Successfully registered JMX Bean with object name Ratis:service=RaftServer,group=group-8073AA0E838E,id=a3a98b8b-adcd-408e-bef5-31175bc97024
2021-08-03 13:03:29,618 [Command processor thread] INFO  commandhandler.CreatePipelineCommandHandler (CreatePipelineCommandHandler.java:handle(106)) - Created Pipeline RATIS THREE PipelineID=c8f63c6e-b7f5-4753-b633-8073aa0e838e.
2021-08-03 13:03:29,619 [Command processor thread] INFO  server.RaftServer (RaftServerProxy.java:addNew(95)) - 1a688da3-84f6-4ddd-a5bc-f601c4f0f554: addNew group-7706F0716F6A:[02f62297-3457-4779-b0f5-2d066303236a|rpc:10.1.0.54:45971|priority:0, 1a688da3-84f6-4ddd-a5bc-f601c4f0f554|rpc:10.1.0.54:37247|priority:1, a3a98b8b-adcd-408e-bef5-31175bc97024|rpc:10.1.0.54:39883|priority:0] returns group-7706F0716F6A:java.util.concurrent.CompletableFuture@190d93e0[Not completed]
2021-08-03 13:03:29,619 [pool-355-thread-1] INFO  server.RaftServer$Division (RaftServerImpl.java:<init>(181)) - 1a688da3-84f6-4ddd-a5bc-f601c4f0f554: new RaftServerImpl for group-7706F0716F6A:[02f62297-3457-4779-b0f5-2d066303236a|rpc:10.1.0.54:45971|priority:0, 1a688da3-84f6-4ddd-a5bc-f601c4f0f554|rpc:10.1.0.54:37247|priority:1, a3a98b8b-adcd-408e-bef5-31175bc97024|rpc:10.1.0.54:39883|priority:0] with ContainerStateMachine:uninitialized
2021-08-03 13:03:29,619 [pool-355-thread-1] INFO  server.RaftServerConfigKeys (ConfUtils.java:logGet(44)) - raft.server.rpc.timeout.min = 5s (custom)
2021-08-03 13:03:29,620 [pool-355-thread-1] INFO  server.RaftServerConfigKeys (ConfUtils.java:logGet(44)) - raft.server.rpc.timeout.max = 5200ms (custom)
2021-08-03 13:03:29,620 [pool-355-thread-1] INFO  server.RaftServerConfigKeys (ConfUtils.java:logGet(44)) - raft.server.rpc.sleep.time = 25ms (default)
2021-08-03 13:03:29,620 [pool-355-thread-1] INFO  server.RaftServerConfigKeys (ConfUtils.java:logGet(44)) - raft.server.rpc.slowness.timeout = 300s (custom)
2021-08-03 13:03:29,620 [pool-355-thread-1] INFO  server.RaftServerConfigKeys (ConfUtils.java:logGet(44)) - raft.server.leaderelection.leader.step-down.wait-time = 10s (default)
2021-08-03 13:03:29,620 [pool-355-thread-1] INFO  server.RaftServerConfigKeys (ConfUtils.java:logGet(44)) - raft.server.sleep.deviation.threshold = 300ms (default)
2021-08-03 13:03:29,620 [pool-355-thread-1] INFO  server.RaftServerConfigKeys (ConfUtils.java:logGet(44)) - raft.server.log.appender.install.snapshot.enabled = false (custom)
2021-08-03 13:03:29,620 [pool-355-thread-1] INFO  server.RaftServer$Division (ServerState.java:<init>(105)) - 1a688da3-84f6-4ddd-a5bc-f601c4f0f554@group-7706F0716F6A: ConfigurationManager, init=-1: [02f62297-3457-4779-b0f5-2d066303236a|rpc:10.1.0.54:45971|priority:0, 1a688da3-84f6-4ddd-a5bc-f601c4f0f554|rpc:10.1.0.54:37247|priority:1, a3a98b8b-adcd-408e-bef5-31175bc97024|rpc:10.1.0.54:39883|priority:0], old=null, confs=<EMPTY_MAP>
2021-08-03 13:03:29,620 [pool-355-thread-1] INFO  server.RaftServerConfigKeys (ConfUtils.java:logGet(44)) - raft.server.storage.dir = [/home/runner/work/ozone/ozone/mnt/ozone/hadoop-ozone/integration-test/target/test-dir/MiniOzoneClusterImpl-f5709174-8c02-4eb0-9f51-9d4c6c69deaa/datanode-0/data/ratis] (custom)
2021-08-03 13:03:29,620 [pool-355-thread-1] INFO  server.RaftServerConfigKeys (ConfUtils.java:logGet(44)) - raft.server.log.corruption.policy = EXCEPTION (default)
2021-08-03 13:03:29,620 [pool-355-thread-1] INFO  server.RaftServerConfigKeys (ConfUtils.java:logGet(44)) - raft.server.storage.free-space.min = 0MB (=0) (default)
2021-08-03 13:03:29,620 [pool-355-thread-1] INFO  storage.RaftStorageDirectory (RaftStorageDirectoryImpl.java:analyzeStorage(135)) - The storage directory /home/runner/work/ozone/ozone/mnt/ozone/hadoop-ozone/integration-test/target/test-dir/MiniOzoneClusterImpl-f5709174-8c02-4eb0-9f51-9d4c6c69deaa/datanode-0/data/ratis/54494709-739f-4d65-ad5b-7706f0716f6a does not exist. Creating ...
2021-08-03 13:03:29,625 [pool-355-thread-1] INFO  storage.RaftStorageDirectory (RaftStorageDirectoryImpl.java:tryLock(230)) - Lock on /home/runner/work/ozone/ozone/mnt/ozone/hadoop-ozone/integration-test/target/test-dir/MiniOzoneClusterImpl-f5709174-8c02-4eb0-9f51-9d4c6c69deaa/datanode-0/data/ratis/54494709-739f-4d65-ad5b-7706f0716f6a/in_use.lock acquired by nodename 15365@fv-az116-942
2021-08-03 13:03:29,625 [pool-355-thread-1] INFO  storage.RaftStorage (RaftStorageImpl.java:format(89)) - Storage directory /home/runner/work/ozone/ozone/mnt/ozone/hadoop-ozone/integration-test/target/test-dir/MiniOzoneClusterImpl-f5709174-8c02-4eb0-9f51-9d4c6c69deaa/datanode-0/data/ratis/54494709-739f-4d65-ad5b-7706f0716f6a has been successfully formatted.
2021-08-03 13:03:29,626 [pool-355-thread-1] INFO  ratis.ContainerStateMachine (ContainerStateMachine.java:loadSnapshot(223)) - group-7706F0716F6A: The snapshot info is null. Setting the last applied indexto:(t:0, i:~)
2021-08-03 13:03:29,626 [Datanode State Machine Thread - 0] WARN  statemachine.StateContext (StateContext.java:execute(621)) - No available thread in pool for past 1 seconds.
2021-08-03 13:03:29,626 [pool-355-thread-1] INFO  server.RaftServerConfigKeys (ConfUtils.java:logGet(44)) - raft.server.notification.no-leader.timeout = 300s (custom)
2021-08-03 13:03:29,626 [pool-355-thread-1] INFO  server.RaftServerConfigKeys (ConfUtils.java:logGet(44)) - raft.server.log.use.memory = false (default)
2021-08-03 13:03:29,626 [pool-355-thread-1] INFO  server.RaftServerConfigKeys (ConfUtils.java:logGet(44)) - raft.server.log.purge.gap = 1000000 (custom)
2021-08-03 13:03:29,627 [pool-355-thread-1] INFO  server.RaftServerConfigKeys (ConfUtils.java:logGet(44)) - raft.server.log.appender.buffer.byte-limit = 33554432 (custom)
2021-08-03 13:03:29,627 [pool-355-thread-1] INFO  server.RaftServerConfigKeys (ConfUtils.java:logGet(44)) - raft.server.log.segment.size.max = 1048576 (custom)
2021-08-03 13:03:29,627 [EventQueue-OpenPipelineForHealthyPipelineSafeModeRule] INFO  safemode.SCMSafeModeManager (HealthyPipelineSafeModeRule.java:process(124)) - SCM in safe mode. Healthy pipelines reported count is 0, required healthy pipeline reported count is 1
2021-08-03 13:03:29,628 [pool-355-thread-1] INFO  server.RaftServerConfigKeys (ConfUtils.java:logGet(44)) - raft.server.log.segment.cache.num.max = 2 (custom)
2021-08-03 13:03:29,628 [pool-355-thread-1] INFO  server.RaftServerConfigKeys (ConfUtils.java:logGet(44)) - raft.server.log.segment.cache.size.max = 200MB (=209715200) (default)
2021-08-03 13:03:29,628 [pool-355-thread-1] INFO  segmented.SegmentedRaftLogWorker (SegmentedRaftLogWorker.java:<init>(182)) - new 1a688da3-84f6-4ddd-a5bc-f601c4f0f554@group-7706F0716F6A-SegmentedRaftLogWorker for RaftStorageImpl:Storage Directory /home/runner/work/ozone/ozone/mnt/ozone/hadoop-ozone/integration-test/target/test-dir/MiniOzoneClusterImpl-f5709174-8c02-4eb0-9f51-9d4c6c69deaa/datanode-0/data/ratis/54494709-739f-4d65-ad5b-7706f0716f6a
2021-08-03 13:03:29,628 [pool-355-thread-1] INFO  server.RaftServerConfigKeys (ConfUtils.java:logGet(44)) - raft.server.log.queue.byte-limit = 2147483647 (custom)
2021-08-03 13:03:29,628 [pool-355-thread-1] INFO  server.RaftServerConfigKeys (ConfUtils.java:logGet(44)) - raft.server.log.queue.element-limit = 1024 (custom)
2021-08-03 13:03:29,628 [pool-355-thread-1] INFO  server.RaftServerConfigKeys (ConfUtils.java:logGet(44)) - raft.server.log.segment.size.max = 1048576 (custom)
2021-08-03 13:03:29,628 [pool-355-thread-1] INFO  server.RaftServerConfigKeys (ConfUtils.java:logGet(44)) - raft.server.log.preallocated.size = 16384 (custom)
2021-08-03 13:03:29,628 [pool-355-thread-1] INFO  server.RaftServerConfigKeys (ConfUtils.java:logGet(44)) - raft.server.log.force.sync.num = 128 (default)
2021-08-03 13:03:29,628 [pool-355-thread-1] INFO  server.RaftServerConfigKeys (ConfUtils.java:logGet(44)) - raft.server.log.statemachine.data.sync = true (default)
2021-08-03 13:03:29,628 [pool-355-thread-1] INFO  server.RaftServerConfigKeys (ConfUtils.java:logGet(44)) - raft.server.log.statemachine.data.sync.timeout = 10s (default)
2021-08-03 13:03:29,628 [pool-355-thread-1] INFO  server.RaftServerConfigKeys (ConfUtils.java:logGet(44)) - raft.server.log.statemachine.data.sync.timeout.retry = -1 (default)
2021-08-03 13:03:29,629 [pool-355-thread-1] INFO  server.RaftServerConfigKeys (ConfUtils.java:logGet(44)) - raft.server.log.write.buffer.size = 1048576 (custom)
2021-08-03 13:03:29,629 [pool-355-thread-1] INFO  server.RaftServerConfigKeys (ConfUtils.java:logGet(44)) - raft.server.log.statemachine.data.caching.enabled = true (custom)
2021-08-03 13:03:29,630 [pool-355-thread-1] INFO  segmented.SegmentedRaftLogWorker (SegmentedRaftLogWorker.java:lambda$new$0(133)) - 1a688da3-84f6-4ddd-a5bc-f601c4f0f554@group-7706F0716F6A-SegmentedRaftLogWorker: flushIndex: setUnconditionally 0 -> -1
2021-08-03 13:03:29,630 [pool-355-thread-1] INFO  segmented.SegmentedRaftLogWorker (SegmentedRaftLogWorker.java:lambda$new$0(133)) - 1a688da3-84f6-4ddd-a5bc-f601c4f0f554@group-7706F0716F6A-SegmentedRaftLogWorker: safeCacheEvictIndex: setUnconditionally 0 -> -1
2021-08-03 13:03:29,630 [pool-355-thread-1] INFO  server.RaftServerConfigKeys (ConfUtils.java:logGet(44)) - raft.server.snapshot.auto.trigger.enabled = true (custom)
2021-08-03 13:03:29,630 [pool-355-thread-1] INFO  server.RaftServerConfigKeys (ConfUtils.java:logGet(44)) - raft.server.snapshot.auto.trigger.threshold = 10000 (custom)
2021-08-03 13:03:29,630 [pool-355-thread-1] INFO  server.RaftServerConfigKeys (ConfUtils.java:logGet(44)) - raft.server.snapshot.retention.file.num = 5 (custom)
2021-08-03 13:03:29,630 [pool-355-thread-1] INFO  server.RaftServerConfigKeys (ConfUtils.java:logGet(44)) - raft.server.log.purge.upto.snapshot.index = false (default)
2021-08-03 13:03:29,630 [pool-355-thread-1] INFO  server.RaftServerConfigKeys (ConfUtils.java:logGet(44)) - raft.server.retrycache.expirytime = 600000ms (custom)
2021-08-03 13:03:29,630 [pool-355-thread-1] INFO  server.RaftServerConfigKeys (ConfUtils.java:logGet(44)) - raft.server.retrycache.statistics.expirytime = 100μs (default)
2021-08-03 13:03:29,631 [pool-355-thread-1] INFO  server.RaftServer$Division (RaftServerImpl.java:start(296)) - 1a688da3-84f6-4ddd-a5bc-f601c4f0f554@group-7706F0716F6A: start as a follower, conf=-1: [02f62297-3457-4779-b0f5-2d066303236a|rpc:10.1.0.54:45971|priority:0, 1a688da3-84f6-4ddd-a5bc-f601c4f0f554|rpc:10.1.0.54:37247|priority:1, a3a98b8b-adcd-408e-bef5-31175bc97024|rpc:10.1.0.54:39883|priority:0], old=null
2021-08-03 13:03:29,631 [pool-355-thread-1] INFO  server.RaftServer$Division (RaftServerImpl.java:setRole(285)) - 1a688da3-84f6-4ddd-a5bc-f601c4f0f554@group-7706F0716F6A: changes role from      null to FOLLOWER at term 0 for startAsFollower
2021-08-03 13:03:29,631 [pool-355-thread-1] INFO  impl.RoleInfo (RoleInfo.java:updateAndGet(130)) - 1a688da3-84f6-4ddd-a5bc-f601c4f0f554: start 1a688da3-84f6-4ddd-a5bc-f601c4f0f554@group-7706F0716F6A-FollowerState
2021-08-03 13:03:29,632 [pool-355-thread-1] INFO  util.JmxRegister (JmxRegister.java:tryRegister(44)) - Successfully registered JMX Bean with object name Ratis:service=RaftServer,group=group-7706F0716F6A,id=1a688da3-84f6-4ddd-a5bc-f601c4f0f554
2021-08-03 13:03:29,632 [Command processor thread] INFO  ratis.XceiverServerRatis (XceiverServerRatis.java:addGroup(759)) - Created group PipelineID=54494709-739f-4d65-ad5b-7706f0716f6a
2021-08-03 13:03:29,638 [grpc-default-executor-1] INFO  server.RaftServer (RaftServerProxy.java:addNew(95)) - a3a98b8b-adcd-408e-bef5-31175bc97024: addNew group-7706F0716F6A:[02f62297-3457-4779-b0f5-2d066303236a|rpc:10.1.0.54:45971|dataStream:|priority:0, 1a688da3-84f6-4ddd-a5bc-f601c4f0f554|rpc:10.1.0.54:37247|dataStream:|priority:1, a3a98b8b-adcd-408e-bef5-31175bc97024|rpc:10.1.0.54:39883|dataStream:|priority:0] returns group-7706F0716F6A:java.util.concurrent.CompletableFuture@5d4558e0[Not completed]
2021-08-03 13:03:29,639 [pool-373-thread-1] INFO  server.RaftServer$Division (RaftServerImpl.java:<init>(181)) - a3a98b8b-adcd-408e-bef5-31175bc97024: new RaftServerImpl for group-7706F0716F6A:[02f62297-3457-4779-b0f5-2d066303236a|rpc:10.1.0.54:45971|dataStream:|priority:0, 1a688da3-84f6-4ddd-a5bc-f601c4f0f554|rpc:10.1.0.54:37247|dataStream:|priority:1, a3a98b8b-adcd-408e-bef5-31175bc97024|rpc:10.1.0.54:39883|dataStream:|priority:0] with ContainerStateMachine:uninitialized
2021-08-03 13:03:29,639 [pool-373-thread-1] INFO  server.RaftServerConfigKeys (ConfUtils.java:logGet(44)) - raft.server.rpc.timeout.min = 5s (custom)
2021-08-03 13:03:29,639 [pool-373-thread-1] INFO  server.RaftServerConfigKeys (ConfUtils.java:logGet(44)) - raft.server.rpc.timeout.max = 5200ms (custom)
2021-08-03 13:03:29,639 [pool-373-thread-1] INFO  server.RaftServerConfigKeys (ConfUtils.java:logGet(44)) - raft.server.rpc.sleep.time = 25ms (default)
2021-08-03 13:03:29,639 [pool-373-thread-1] INFO  server.RaftServerConfigKeys (ConfUtils.java:logGet(44)) - raft.server.rpc.slowness.timeout = 300s (custom)
2021-08-03 13:03:29,639 [pool-373-thread-1] INFO  server.RaftServerConfigKeys (ConfUtils.java:logGet(44)) - raft.server.leaderelection.leader.step-down.wait-time = 10s (default)
2021-08-03 13:03:29,639 [pool-373-thread-1] INFO  server.RaftServerConfigKeys (ConfUtils.java:logGet(44)) - raft.server.sleep.deviation.threshold = 300ms (default)
2021-08-03 13:03:29,639 [pool-373-thread-1] INFO  server.RaftServerConfigKeys (ConfUtils.java:logGet(44)) - raft.server.log.appender.install.snapshot.enabled = false (custom)
2021-08-03 13:03:29,639 [pool-373-thread-1] INFO  server.RaftServer$Division (ServerState.java:<init>(105)) - a3a98b8b-adcd-408e-bef5-31175bc97024@group-7706F0716F6A: ConfigurationManager, init=-1: [02f62297-3457-4779-b0f5-2d066303236a|rpc:10.1.0.54:45971|dataStream:|priority:0, 1a688da3-84f6-4ddd-a5bc-f601c4f0f554|rpc:10.1.0.54:37247|dataStream:|priority:1, a3a98b8b-adcd-408e-bef5-31175bc97024|rpc:10.1.0.54:39883|dataStream:|priority:0], old=null, confs=<EMPTY_MAP>
2021-08-03 13:03:29,639 [pool-373-thread-1] INFO  server.RaftServerConfigKeys (ConfUtils.java:logGet(44)) - raft.server.storage.dir = [/home/runner/work/ozone/ozone/mnt/ozone/hadoop-ozone/integration-test/target/test-dir/MiniOzoneClusterImpl-f5709174-8c02-4eb0-9f51-9d4c6c69deaa/datanode-1/data/ratis] (custom)
2021-08-03 13:03:29,640 [pool-373-thread-1] INFO  server.RaftServerConfigKeys (ConfUtils.java:logGet(44)) - raft.server.log.corruption.policy = EXCEPTION (default)
2021-08-03 13:03:29,640 [pool-373-thread-1] INFO  server.RaftServerConfigKeys (ConfUtils.java:logGet(44)) - raft.server.storage.free-space.min = 0MB (=0) (default)
2021-08-03 13:03:29,640 [pool-373-thread-1] INFO  storage.RaftStorageDirectory (RaftStorageDirectoryImpl.java:analyzeStorage(135)) - The storage directory /home/runner/work/ozone/ozone/mnt/ozone/hadoop-ozone/integration-test/target/test-dir/MiniOzoneClusterImpl-f5709174-8c02-4eb0-9f51-9d4c6c69deaa/datanode-1/data/ratis/54494709-739f-4d65-ad5b-7706f0716f6a does not exist. Creating ...
2021-08-03 13:03:29,641 [pool-373-thread-1] INFO  storage.RaftStorageDirectory (RaftStorageDirectoryImpl.java:tryLock(230)) - Lock on /home/runner/work/ozone/ozone/mnt/ozone/hadoop-ozone/integration-test/target/test-dir/MiniOzoneClusterImpl-f5709174-8c02-4eb0-9f51-9d4c6c69deaa/datanode-1/data/ratis/54494709-739f-4d65-ad5b-7706f0716f6a/in_use.lock acquired by nodename 15365@fv-az116-942
2021-08-03 13:03:29,642 [pool-373-thread-1] INFO  storage.RaftStorage (RaftStorageImpl.java:format(89)) - Storage directory /home/runner/work/ozone/ozone/mnt/ozone/hadoop-ozone/integration-test/target/test-dir/MiniOzoneClusterImpl-f5709174-8c02-4eb0-9f51-9d4c6c69deaa/datanode-1/data/ratis/54494709-739f-4d65-ad5b-7706f0716f6a has been successfully formatted.
2021-08-03 13:03:29,642 [pool-373-thread-1] INFO  ratis.ContainerStateMachine (ContainerStateMachine.java:loadSnapshot(223)) - group-7706F0716F6A: The snapshot info is null. Setting the last applied indexto:(t:0, i:~)
2021-08-03 13:03:29,643 [Datanode State Machine Thread - 0] WARN  statemachine.StateContext (StateContext.java:execute(621)) - No available thread in pool for past 1 seconds.
2021-08-03 13:03:29,643 [pool-373-thread-1] INFO  server.RaftServerConfigKeys (ConfUtils.java:logGet(44)) - raft.server.notification.no-leader.timeout = 300s (custom)
2021-08-03 13:03:29,643 [pool-373-thread-1] INFO  server.RaftServerConfigKeys (ConfUtils.java:logGet(44)) - raft.server.log.use.memory = false (default)
2021-08-03 13:03:29,643 [pool-373-thread-1] INFO  server.RaftServerConfigKeys (ConfUtils.java:logGet(44)) - raft.server.log.purge.gap = 1000000 (custom)
2021-08-03 13:03:29,643 [pool-373-thread-1] INFO  server.RaftServerConfigKeys (ConfUtils.java:logGet(44)) - raft.server.log.appender.buffer.byte-limit = 33554432 (custom)
2021-08-03 13:03:29,644 [pool-373-thread-1] INFO  server.RaftServerConfigKeys (ConfUtils.java:logGet(44)) - raft.server.log.segment.size.max = 1048576 (custom)
2021-08-03 13:03:29,644 [pool-373-thread-1] INFO  server.RaftServerConfigKeys (ConfUtils.java:logGet(44)) - raft.server.log.segment.cache.num.max = 2 (custom)
2021-08-03 13:03:29,644 [pool-373-thread-1] INFO  server.RaftServerConfigKeys (ConfUtils.java:logGet(44)) - raft.server.log.segment.cache.size.max = 200MB (=209715200) (default)
2021-08-03 13:03:29,644 [pool-373-thread-1] INFO  segmented.SegmentedRaftLogWorker (SegmentedRaftLogWorker.java:<init>(182)) - new a3a98b8b-adcd-408e-bef5-31175bc97024@group-7706F0716F6A-SegmentedRaftLogWorker for RaftStorageImpl:Storage Directory /home/runner/work/ozone/ozone/mnt/ozone/hadoop-ozone/integration-test/target/test-dir/MiniOzoneClusterImpl-f5709174-8c02-4eb0-9f51-9d4c6c69deaa/datanode-1/data/ratis/54494709-739f-4d65-ad5b-7706f0716f6a
2021-08-03 13:03:29,644 [pool-373-thread-1] INFO  server.RaftServerConfigKeys (ConfUtils.java:logGet(44)) - raft.server.log.queue.byte-limit = 2147483647 (custom)
2021-08-03 13:03:29,644 [pool-373-thread-1] INFO  server.RaftServerConfigKeys (ConfUtils.java:logGet(44)) - raft.server.log.queue.element-limit = 1024 (custom)
2021-08-03 13:03:29,644 [pool-373-thread-1] INFO  server.RaftServerConfigKeys (ConfUtils.java:logGet(44)) - raft.server.log.segment.size.max = 1048576 (custom)
2021-08-03 13:03:29,644 [pool-373-thread-1] INFO  server.RaftServerConfigKeys (ConfUtils.java:logGet(44)) - raft.server.log.preallocated.size = 16384 (custom)
2021-08-03 13:03:29,645 [pool-373-thread-1] INFO  server.RaftServerConfigKeys (ConfUtils.java:logGet(44)) - raft.server.log.force.sync.num = 128 (default)
2021-08-03 13:03:29,645 [pool-373-thread-1] INFO  server.RaftServerConfigKeys (ConfUtils.java:logGet(44)) - raft.server.log.statemachine.data.sync = true (default)
2021-08-03 13:03:29,645 [pool-373-thread-1] INFO  server.RaftServerConfigKeys (ConfUtils.java:logGet(44)) - raft.server.log.statemachine.data.sync.timeout = 10s (default)
2021-08-03 13:03:29,645 [pool-373-thread-1] INFO  server.RaftServerConfigKeys (ConfUtils.java:logGet(44)) - raft.server.log.statemachine.data.sync.timeout.retry = -1 (default)
2021-08-03 13:03:29,645 [pool-373-thread-1] INFO  server.RaftServerConfigKeys (ConfUtils.java:logGet(44)) - raft.server.log.write.buffer.size = 1048576 (custom)
2021-08-03 13:03:29,646 [pool-373-thread-1] INFO  server.RaftServerConfigKeys (ConfUtils.java:logGet(44)) - raft.server.log.statemachine.data.caching.enabled = true (custom)
2021-08-03 13:03:29,646 [pool-373-thread-1] INFO  segmented.SegmentedRaftLogWorker (SegmentedRaftLogWorker.java:lambda$new$0(133)) - a3a98b8b-adcd-408e-bef5-31175bc97024@group-7706F0716F6A-SegmentedRaftLogWorker: flushIndex: setUnconditionally 0 -> -1
2021-08-03 13:03:29,646 [pool-373-thread-1] INFO  segmented.SegmentedRaftLogWorker (SegmentedRaftLogWorker.java:lambda$new$0(133)) - a3a98b8b-adcd-408e-bef5-31175bc97024@group-7706F0716F6A-SegmentedRaftLogWorker: safeCacheEvictIndex: setUnconditionally 0 -> -1
2021-08-03 13:03:29,646 [pool-373-thread-1] INFO  server.RaftServerConfigKeys (ConfUtils.java:logGet(44)) - raft.server.snapshot.auto.trigger.enabled = true (custom)
2021-08-03 13:03:29,646 [pool-373-thread-1] INFO  server.RaftServerConfigKeys (ConfUtils.java:logGet(44)) - raft.server.snapshot.auto.trigger.threshold = 10000 (custom)
2021-08-03 13:03:29,646 [pool-373-thread-1] INFO  server.RaftServerConfigKeys (ConfUtils.java:logGet(44)) - raft.server.snapshot.retention.file.num = 5 (custom)
2021-08-03 13:03:29,646 [pool-373-thread-1] INFO  server.RaftServerConfigKeys (ConfUtils.java:logGet(44)) - raft.server.log.purge.upto.snapshot.index = false (default)
2021-08-03 13:03:29,646 [pool-373-thread-1] INFO  server.RaftServerConfigKeys (ConfUtils.java:logGet(44)) - raft.server.retrycache.expirytime = 600000ms (custom)
2021-08-03 13:03:29,646 [pool-373-thread-1] INFO  server.RaftServerConfigKeys (ConfUtils.java:logGet(44)) - raft.server.retrycache.statistics.expirytime = 100μs (default)
2021-08-03 13:03:29,647 [pool-373-thread-1] INFO  server.RaftServer$Division (RaftServerImpl.java:start(296)) - a3a98b8b-adcd-408e-bef5-31175bc97024@group-7706F0716F6A: start as a follower, conf=-1: [02f62297-3457-4779-b0f5-2d066303236a|rpc:10.1.0.54:45971|dataStream:|priority:0, 1a688da3-84f6-4ddd-a5bc-f601c4f0f554|rpc:10.1.0.54:37247|dataStream:|priority:1, a3a98b8b-adcd-408e-bef5-31175bc97024|rpc:10.1.0.54:39883|dataStream:|priority:0], old=null
2021-08-03 13:03:29,647 [pool-373-thread-1] INFO  server.RaftServer$Division (RaftServerImpl.java:setRole(285)) - a3a98b8b-adcd-408e-bef5-31175bc97024@group-7706F0716F6A: changes role from      null to FOLLOWER at term 0 for startAsFollower
2021-08-03 13:03:29,648 [pool-373-thread-1] INFO  impl.RoleInfo (RoleInfo.java:updateAndGet(130)) - a3a98b8b-adcd-408e-bef5-31175bc97024: start a3a98b8b-adcd-408e-bef5-31175bc97024@group-7706F0716F6A-FollowerState
2021-08-03 13:03:29,648 [pool-373-thread-1] INFO  util.JmxRegister (JmxRegister.java:tryRegister(44)) - Successfully registered JMX Bean with object name Ratis:service=RaftServer,group=group-7706F0716F6A,id=a3a98b8b-adcd-408e-bef5-31175bc97024
2021-08-03 13:03:29,655 [grpc-default-executor-1] INFO  server.RaftServer (RaftServerProxy.java:addNew(95)) - 02f62297-3457-4779-b0f5-2d066303236a: addNew group-7706F0716F6A:[02f62297-3457-4779-b0f5-2d066303236a|rpc:10.1.0.54:45971|dataStream:|priority:0, 1a688da3-84f6-4ddd-a5bc-f601c4f0f554|rpc:10.1.0.54:37247|dataStream:|priority:1, a3a98b8b-adcd-408e-bef5-31175bc97024|rpc:10.1.0.54:39883|dataStream:|priority:0] returns group-7706F0716F6A:java.util.concurrent.CompletableFuture@68bc1f5c[Not completed]
2021-08-03 13:03:29,656 [pool-391-thread-1] INFO  server.RaftServer$Division (RaftServerImpl.java:<init>(181)) - 02f62297-3457-4779-b0f5-2d066303236a: new RaftServerImpl for group-7706F0716F6A:[02f62297-3457-4779-b0f5-2d066303236a|rpc:10.1.0.54:45971|dataStream:|priority:0, 1a688da3-84f6-4ddd-a5bc-f601c4f0f554|rpc:10.1.0.54:37247|dataStream:|priority:1, a3a98b8b-adcd-408e-bef5-31175bc97024|rpc:10.1.0.54:39883|dataStream:|priority:0] with ContainerStateMachine:uninitialized
2021-08-03 13:03:29,656 [pool-391-thread-1] INFO  server.RaftServerConfigKeys (ConfUtils.java:logGet(44)) - raft.server.rpc.timeout.min = 5s (custom)
2021-08-03 13:03:29,656 [pool-391-thread-1] INFO  server.RaftServerConfigKeys (ConfUtils.java:logGet(44)) - raft.server.rpc.timeout.max = 5200ms (custom)
2021-08-03 13:03:29,656 [pool-391-thread-1] INFO  server.RaftServerConfigKeys (ConfUtils.java:logGet(44)) - raft.server.rpc.sleep.time = 25ms (default)
2021-08-03 13:03:29,656 [pool-391-thread-1] INFO  server.RaftServerConfigKeys (ConfUtils.java:logGet(44)) - raft.server.rpc.slowness.timeout = 300s (custom)
2021-08-03 13:03:29,656 [pool-391-thread-1] INFO  server.RaftServerConfigKeys (ConfUtils.java:logGet(44)) - raft.server.leaderelection.leader.step-down.wait-time = 10s (default)
2021-08-03 13:03:29,656 [pool-391-thread-1] INFO  server.RaftServerConfigKeys (ConfUtils.java:logGet(44)) - raft.server.sleep.deviation.threshold = 300ms (default)
2021-08-03 13:03:29,656 [pool-391-thread-1] INFO  server.RaftServerConfigKeys (ConfUtils.java:logGet(44)) - raft.server.log.appender.install.snapshot.enabled = false (custom)
2021-08-03 13:03:29,656 [pool-391-thread-1] INFO  server.RaftServer$Division (ServerState.java:<init>(105)) - 02f62297-3457-4779-b0f5-2d066303236a@group-7706F0716F6A: ConfigurationManager, init=-1: [02f62297-3457-4779-b0f5-2d066303236a|rpc:10.1.0.54:45971|dataStream:|priority:0, 1a688da3-84f6-4ddd-a5bc-f601c4f0f554|rpc:10.1.0.54:37247|dataStream:|priority:1, a3a98b8b-adcd-408e-bef5-31175bc97024|rpc:10.1.0.54:39883|dataStream:|priority:0], old=null, confs=<EMPTY_MAP>
2021-08-03 13:03:29,656 [pool-391-thread-1] INFO  server.RaftServerConfigKeys (ConfUtils.java:logGet(44)) - raft.server.storage.dir = [/home/runner/work/ozone/ozone/mnt/ozone/hadoop-ozone/integration-test/target/test-dir/MiniOzoneClusterImpl-f5709174-8c02-4eb0-9f51-9d4c6c69deaa/datanode-2/data/ratis] (custom)
2021-08-03 13:03:29,656 [pool-391-thread-1] INFO  server.RaftServerConfigKeys (ConfUtils.java:logGet(44)) - raft.server.log.corruption.policy = EXCEPTION (default)
2021-08-03 13:03:29,656 [pool-391-thread-1] INFO  server.RaftServerConfigKeys (ConfUtils.java:logGet(44)) - raft.server.storage.free-space.min = 0MB (=0) (default)
2021-08-03 13:03:29,657 [pool-391-thread-1] INFO  storage.RaftStorageDirectory (RaftStorageDirectoryImpl.java:analyzeStorage(135)) - The storage directory /home/runner/work/ozone/ozone/mnt/ozone/hadoop-ozone/integration-test/target/test-dir/MiniOzoneClusterImpl-f5709174-8c02-4eb0-9f51-9d4c6c69deaa/datanode-2/data/ratis/54494709-739f-4d65-ad5b-7706f0716f6a does not exist. Creating ...
2021-08-03 13:03:29,660 [pool-391-thread-1] INFO  storage.RaftStorageDirectory (RaftStorageDirectoryImpl.java:tryLock(230)) - Lock on /home/runner/work/ozone/ozone/mnt/ozone/hadoop-ozone/integration-test/target/test-dir/MiniOzoneClusterImpl-f5709174-8c02-4eb0-9f51-9d4c6c69deaa/datanode-2/data/ratis/54494709-739f-4d65-ad5b-7706f0716f6a/in_use.lock acquired by nodename 15365@fv-az116-942
2021-08-03 13:03:29,661 [pool-391-thread-1] INFO  storage.RaftStorage (RaftStorageImpl.java:format(89)) - Storage directory /home/runner/work/ozone/ozone/mnt/ozone/hadoop-ozone/integration-test/target/test-dir/MiniOzoneClusterImpl-f5709174-8c02-4eb0-9f51-9d4c6c69deaa/datanode-2/data/ratis/54494709-739f-4d65-ad5b-7706f0716f6a has been successfully formatted.
2021-08-03 13:03:29,661 [Datanode State Machine Thread - 0] WARN  statemachine.StateContext (StateContext.java:execute(621)) - No available thread in pool for past 1 seconds.
2021-08-03 13:03:29,662 [pool-391-thread-1] INFO  ratis.ContainerStateMachine (ContainerStateMachine.java:loadSnapshot(223)) - group-7706F0716F6A: The snapshot info is null. Setting the last applied indexto:(t:0, i:~)
2021-08-03 13:03:29,662 [pool-391-thread-1] INFO  server.RaftServerConfigKeys (ConfUtils.java:logGet(44)) - raft.server.notification.no-leader.timeout = 300s (custom)
2021-08-03 13:03:29,662 [pool-391-thread-1] INFO  server.RaftServerConfigKeys (ConfUtils.java:logGet(44)) - raft.server.log.use.memory = false (default)
2021-08-03 13:03:29,662 [pool-391-thread-1] INFO  server.RaftServerConfigKeys (ConfUtils.java:logGet(44)) - raft.server.log.purge.gap = 1000000 (custom)
2021-08-03 13:03:29,662 [pool-391-thread-1] INFO  server.RaftServerConfigKeys (ConfUtils.java:logGet(44)) - raft.server.log.appender.buffer.byte-limit = 33554432 (custom)
2021-08-03 13:03:29,662 [pool-391-thread-1] INFO  server.RaftServerConfigKeys (ConfUtils.java:logGet(44)) - raft.server.log.segment.size.max = 1048576 (custom)
2021-08-03 13:03:29,663 [pool-391-thread-1] INFO  server.RaftServerConfigKeys (ConfUtils.java:logGet(44)) - raft.server.log.segment.cache.num.max = 2 (custom)
2021-08-03 13:03:29,663 [pool-391-thread-1] INFO  server.RaftServerConfigKeys (ConfUtils.java:logGet(44)) - raft.server.log.segment.cache.size.max = 200MB (=209715200) (default)
2021-08-03 13:03:29,663 [pool-391-thread-1] INFO  segmented.SegmentedRaftLogWorker (SegmentedRaftLogWorker.java:<init>(182)) - new 02f62297-3457-4779-b0f5-2d066303236a@group-7706F0716F6A-SegmentedRaftLogWorker for RaftStorageImpl:Storage Directory /home/runner/work/ozone/ozone/mnt/ozone/hadoop-ozone/integration-test/target/test-dir/MiniOzoneClusterImpl-f5709174-8c02-4eb0-9f51-9d4c6c69deaa/datanode-2/data/ratis/54494709-739f-4d65-ad5b-7706f0716f6a
2021-08-03 13:03:29,663 [pool-391-thread-1] INFO  server.RaftServerConfigKeys (ConfUtils.java:logGet(44)) - raft.server.log.queue.byte-limit = 2147483647 (custom)
2021-08-03 13:03:29,663 [pool-391-thread-1] INFO  server.RaftServerConfigKeys (ConfUtils.java:logGet(44)) - raft.server.log.queue.element-limit = 1024 (custom)
2021-08-03 13:03:29,663 [pool-391-thread-1] INFO  server.RaftServerConfigKeys (ConfUtils.java:logGet(44)) - raft.server.log.segment.size.max = 1048576 (custom)
2021-08-03 13:03:29,663 [pool-391-thread-1] INFO  server.RaftServerConfigKeys (ConfUtils.java:logGet(44)) - raft.server.log.preallocated.size = 16384 (custom)
2021-08-03 13:03:29,663 [pool-391-thread-1] INFO  server.RaftServerConfigKeys (ConfUtils.java:logGet(44)) - raft.server.log.force.sync.num = 128 (default)
2021-08-03 13:03:29,663 [pool-391-thread-1] INFO  server.RaftServerConfigKeys (ConfUtils.java:logGet(44)) - raft.server.log.statemachine.data.sync = true (default)
2021-08-03 13:03:29,663 [pool-391-thread-1] INFO  server.RaftServerConfigKeys (ConfUtils.java:logGet(44)) - raft.server.log.statemachine.data.sync.timeout = 10s (default)
2021-08-03 13:03:29,663 [pool-391-thread-1] INFO  server.RaftServerConfigKeys (ConfUtils.java:logGet(44)) - raft.server.log.statemachine.data.sync.timeout.retry = -1 (default)
2021-08-03 13:03:29,664 [pool-391-thread-1] INFO  server.RaftServerConfigKeys (ConfUtils.java:logGet(44)) - raft.server.log.write.buffer.size = 1048576 (custom)
2021-08-03 13:03:29,664 [pool-391-thread-1] INFO  server.RaftServerConfigKeys (ConfUtils.java:logGet(44)) - raft.server.log.statemachine.data.caching.enabled = true (custom)
2021-08-03 13:03:29,664 [pool-391-thread-1] INFO  segmented.SegmentedRaftLogWorker (SegmentedRaftLogWorker.java:lambda$new$0(133)) - 02f62297-3457-4779-b0f5-2d066303236a@group-7706F0716F6A-SegmentedRaftLogWorker: flushIndex: setUnconditionally 0 -> -1
2021-08-03 13:03:29,665 [pool-391-thread-1] INFO  segmented.SegmentedRaftLogWorker (SegmentedRaftLogWorker.java:lambda$new$0(133)) - 02f62297-3457-4779-b0f5-2d066303236a@group-7706F0716F6A-SegmentedRaftLogWorker: safeCacheEvictIndex: setUnconditionally 0 -> -1
2021-08-03 13:03:29,665 [pool-391-thread-1] INFO  server.RaftServerConfigKeys (ConfUtils.java:logGet(44)) - raft.server.snapshot.auto.trigger.enabled = true (custom)
2021-08-03 13:03:29,666 [pool-391-thread-1] INFO  server.RaftServerConfigKeys (ConfUtils.java:logGet(44)) - raft.server.snapshot.auto.trigger.threshold = 10000 (custom)
2021-08-03 13:03:29,666 [pool-391-thread-1] INFO  server.RaftServerConfigKeys (ConfUtils.java:logGet(44)) - raft.server.snapshot.retention.file.num = 5 (custom)
2021-08-03 13:03:29,666 [pool-391-thread-1] INFO  server.RaftServerConfigKeys (ConfUtils.java:logGet(44)) - raft.server.log.purge.upto.snapshot.index = false (default)
2021-08-03 13:03:29,666 [pool-391-thread-1] INFO  server.RaftServerConfigKeys (ConfUtils.java:logGet(44)) - raft.server.retrycache.expirytime = 600000ms (custom)
2021-08-03 13:03:29,666 [pool-391-thread-1] INFO  server.RaftServerConfigKeys (ConfUtils.java:logGet(44)) - raft.server.retrycache.statistics.expirytime = 100μs (default)
2021-08-03 13:03:29,667 [pool-391-thread-1] INFO  server.RaftServer$Division (RaftServerImpl.java:start(296)) - 02f62297-3457-4779-b0f5-2d066303236a@group-7706F0716F6A: start as a follower, conf=-1: [02f62297-3457-4779-b0f5-2d066303236a|rpc:10.1.0.54:45971|dataStream:|priority:0, 1a688da3-84f6-4ddd-a5bc-f601c4f0f554|rpc:10.1.0.54:37247|dataStream:|priority:1, a3a98b8b-adcd-408e-bef5-31175bc97024|rpc:10.1.0.54:39883|dataStream:|priority:0], old=null
2021-08-03 13:03:29,667 [pool-391-thread-1] INFO  server.RaftServer$Division (RaftServerImpl.java:setRole(285)) - 02f62297-3457-4779-b0f5-2d066303236a@group-7706F0716F6A: changes role from      null to FOLLOWER at term 0 for startAsFollower
2021-08-03 13:03:29,667 [pool-391-thread-1] INFO  impl.RoleInfo (RoleInfo.java:updateAndGet(130)) - 02f62297-3457-4779-b0f5-2d066303236a: start 02f62297-3457-4779-b0f5-2d066303236a@group-7706F0716F6A-FollowerState
2021-08-03 13:03:29,668 [pool-391-thread-1] INFO  util.JmxRegister (JmxRegister.java:tryRegister(44)) - Successfully registered JMX Bean with object name Ratis:service=RaftServer,group=group-7706F0716F6A,id=02f62297-3457-4779-b0f5-2d066303236a
2021-08-03 13:03:29,671 [Command processor thread] INFO  commandhandler.CreatePipelineCommandHandler (CreatePipelineCommandHandler.java:handle(106)) - Created Pipeline RATIS THREE PipelineID=54494709-739f-4d65-ad5b-7706f0716f6a.
2021-08-03 13:03:29,695 [Command processor thread] INFO  server.RaftServer (RaftServerProxy.java:addNew(95)) - a3a98b8b-adcd-408e-bef5-31175bc97024: addNew group-9A69BEDCF44F:[a3a98b8b-adcd-408e-bef5-31175bc97024|rpc:10.1.0.54:39883|priority:1] returns group-9A69BEDCF44F:java.util.concurrent.CompletableFuture@765ccaac[Not completed]
2021-08-03 13:03:29,696 [pool-373-thread-1] INFO  server.RaftServer$Division (RaftServerImpl.java:<init>(181)) - a3a98b8b-adcd-408e-bef5-31175bc97024: new RaftServerImpl for group-9A69BEDCF44F:[a3a98b8b-adcd-408e-bef5-31175bc97024|rpc:10.1.0.54:39883|priority:1] with ContainerStateMachine:uninitialized
2021-08-03 13:03:29,696 [pool-373-thread-1] INFO  server.RaftServerConfigKeys (ConfUtils.java:logGet(44)) - raft.server.rpc.timeout.min = 5s (custom)
2021-08-03 13:03:29,696 [pool-373-thread-1] INFO  server.RaftServerConfigKeys (ConfUtils.java:logGet(44)) - raft.server.rpc.timeout.max = 5200ms (custom)
2021-08-03 13:03:29,696 [pool-373-thread-1] INFO  server.RaftServerConfigKeys (ConfUtils.java:logGet(44)) - raft.server.rpc.sleep.time = 25ms (default)
2021-08-03 13:03:29,696 [pool-373-thread-1] INFO  server.RaftServerConfigKeys (ConfUtils.java:logGet(44)) - raft.server.rpc.slowness.timeout = 300s (custom)
2021-08-03 13:03:29,696 [pool-373-thread-1] INFO  server.RaftServerConfigKeys (ConfUtils.java:logGet(44)) - raft.server.leaderelection.leader.step-down.wait-time = 10s (default)
2021-08-03 13:03:29,696 [pool-373-thread-1] INFO  server.RaftServerConfigKeys (ConfUtils.java:logGet(44)) - raft.server.sleep.deviation.threshold = 300ms (default)
2021-08-03 13:03:29,696 [pool-373-thread-1] INFO  server.RaftServerConfigKeys (ConfUtils.java:logGet(44)) - raft.server.log.appender.install.snapshot.enabled = false (custom)
2021-08-03 13:03:29,696 [pool-373-thread-1] INFO  server.RaftServer$Division (ServerState.java:<init>(105)) - a3a98b8b-adcd-408e-bef5-31175bc97024@group-9A69BEDCF44F: ConfigurationManager, init=-1: [a3a98b8b-adcd-408e-bef5-31175bc97024|rpc:10.1.0.54:39883|priority:1], old=null, confs=<EMPTY_MAP>
2021-08-03 13:03:29,696 [pool-373-thread-1] INFO  server.RaftServerConfigKeys (ConfUtils.java:logGet(44)) - raft.server.storage.dir = [/home/runner/work/ozone/ozone/mnt/ozone/hadoop-ozone/integration-test/target/test-dir/MiniOzoneClusterImpl-f5709174-8c02-4eb0-9f51-9d4c6c69deaa/datanode-1/data/ratis] (custom)
2021-08-03 13:03:29,696 [pool-373-thread-1] INFO  server.RaftServerConfigKeys (ConfUtils.java:logGet(44)) - raft.server.log.corruption.policy = EXCEPTION (default)
2021-08-03 13:03:29,696 [pool-373-thread-1] INFO  server.RaftServerConfigKeys (ConfUtils.java:logGet(44)) - raft.server.storage.free-space.min = 0MB (=0) (default)
2021-08-03 13:03:29,697 [pool-373-thread-1] INFO  storage.RaftStorageDirectory (RaftStorageDirectoryImpl.java:analyzeStorage(135)) - The storage directory /home/runner/work/ozone/ozone/mnt/ozone/hadoop-ozone/integration-test/target/test-dir/MiniOzoneClusterImpl-f5709174-8c02-4eb0-9f51-9d4c6c69deaa/datanode-1/data/ratis/eb8470f6-08e8-4b0e-b8e8-9a69bedcf44f does not exist. Creating ...
2021-08-03 13:03:29,699 [pool-373-thread-1] INFO  storage.RaftStorageDirectory (RaftStorageDirectoryImpl.java:tryLock(230)) - Lock on /home/runner/work/ozone/ozone/mnt/ozone/hadoop-ozone/integration-test/target/test-dir/MiniOzoneClusterImpl-f5709174-8c02-4eb0-9f51-9d4c6c69deaa/datanode-1/data/ratis/eb8470f6-08e8-4b0e-b8e8-9a69bedcf44f/in_use.lock acquired by nodename 15365@fv-az116-942
2021-08-03 13:03:29,700 [pool-373-thread-1] INFO  storage.RaftStorage (RaftStorageImpl.java:format(89)) - Storage directory /home/runner/work/ozone/ozone/mnt/ozone/hadoop-ozone/integration-test/target/test-dir/MiniOzoneClusterImpl-f5709174-8c02-4eb0-9f51-9d4c6c69deaa/datanode-1/data/ratis/eb8470f6-08e8-4b0e-b8e8-9a69bedcf44f has been successfully formatted.
2021-08-03 13:03:29,700 [pool-373-thread-1] INFO  ratis.ContainerStateMachine (ContainerStateMachine.java:loadSnapshot(223)) - group-9A69BEDCF44F: The snapshot info is null. Setting the last applied indexto:(t:0, i:~)
2021-08-03 13:03:29,700 [Datanode State Machine Thread - 0] WARN  statemachine.StateContext (StateContext.java:execute(621)) - No available thread in pool for past 1 seconds.
2021-08-03 13:03:29,700 [pool-373-thread-1] INFO  server.RaftServerConfigKeys (ConfUtils.java:logGet(44)) - raft.server.notification.no-leader.timeout = 300s (custom)
2021-08-03 13:03:29,700 [pool-373-thread-1] INFO  server.RaftServerConfigKeys (ConfUtils.java:logGet(44)) - raft.server.log.use.memory = false (default)
2021-08-03 13:03:29,701 [EventQueue-PipelineReportForPipelineReportHandler] INFO  pipeline.PipelineManagerV2Impl (PipelineManagerV2Impl.java:openPipeline(283)) - Pipeline Pipeline[ Id: eb8470f6-08e8-4b0e-b8e8-9a69bedcf44f, Nodes: a3a98b8b-adcd-408e-bef5-31175bc97024{ip: 10.1.0.54, host: fv-az116-942.vzw04321ajxubdbcnpick5nqva.xx.internal.cloudapp.net, ports: [REPLICATION=33363, RATIS=39883, RATIS_ADMIN=39883, RATIS_SERVER=39883, STANDALONE=38329], networkLocation: /default-rack, certSerialId: null, persistedOpState: IN_SERVICE, persistedOpStateExpiryEpochSec: 0}, ReplicationConfig: RATIS/ONE, State:ALLOCATED, leaderId:a3a98b8b-adcd-408e-bef5-31175bc97024, CreationTimestamp2021-08-03T13:03:26.699Z[Etc/UTC]] moved to OPEN state
2021-08-03 13:03:29,704 [pool-373-thread-1] INFO  server.RaftServerConfigKeys (ConfUtils.java:logGet(44)) - raft.server.log.purge.gap = 1000000 (custom)
2021-08-03 13:03:29,704 [pool-373-thread-1] INFO  server.RaftServerConfigKeys (ConfUtils.java:logGet(44)) - raft.server.log.appender.buffer.byte-limit = 33554432 (custom)
2021-08-03 13:03:29,704 [EventQueue-OpenPipelineForHealthyPipelineSafeModeRule] INFO  safemode.SCMSafeModeManager (HealthyPipelineSafeModeRule.java:process(124)) - SCM in safe mode. Healthy pipelines reported count is 0, required healthy pipeline reported count is 1
2021-08-03 13:03:29,704 [pool-373-thread-1] INFO  server.RaftServerConfigKeys (ConfUtils.java:logGet(44)) - raft.server.log.segment.size.max = 1048576 (custom)
2021-08-03 13:03:29,705 [pool-373-thread-1] INFO  server.RaftServerConfigKeys (ConfUtils.java:logGet(44)) - raft.server.log.segment.cache.num.max = 2 (custom)
2021-08-03 13:03:29,705 [pool-373-thread-1] INFO  server.RaftServerConfigKeys (ConfUtils.java:logGet(44)) - raft.server.log.segment.cache.size.max = 200MB (=209715200) (default)
2021-08-03 13:03:29,705 [pool-373-thread-1] INFO  segmented.SegmentedRaftLogWorker (SegmentedRaftLogWorker.java:<init>(182)) - new a3a98b8b-adcd-408e-bef5-31175bc97024@group-9A69BEDCF44F-SegmentedRaftLogWorker for RaftStorageImpl:Storage Directory /home/runner/work/ozone/ozone/mnt/ozone/hadoop-ozone/integration-test/target/test-dir/MiniOzoneClusterImpl-f5709174-8c02-4eb0-9f51-9d4c6c69deaa/datanode-1/data/ratis/eb8470f6-08e8-4b0e-b8e8-9a69bedcf44f
2021-08-03 13:03:29,705 [pool-373-thread-1] INFO  server.RaftServerConfigKeys (ConfUtils.java:logGet(44)) - raft.server.log.queue.byte-limit = 2147483647 (custom)
2021-08-03 13:03:29,705 [pool-373-thread-1] INFO  server.RaftServerConfigKeys (ConfUtils.java:logGet(44)) - raft.server.log.queue.element-limit = 1024 (custom)
2021-08-03 13:03:29,705 [pool-373-thread-1] INFO  server.RaftServerConfigKeys (ConfUtils.java:logGet(44)) - raft.server.log.segment.size.max = 1048576 (custom)
2021-08-03 13:03:29,705 [pool-373-thread-1] INFO  server.RaftServerConfigKeys (ConfUtils.java:logGet(44)) - raft.server.log.preallocated.size = 16384 (custom)
2021-08-03 13:03:29,705 [pool-373-thread-1] INFO  server.RaftServerConfigKeys (ConfUtils.java:logGet(44)) - raft.server.log.force.sync.num = 128 (default)
2021-08-03 13:03:29,705 [pool-373-thread-1] INFO  server.RaftServerConfigKeys (ConfUtils.java:logGet(44)) - raft.server.log.statemachine.data.sync = true (default)
2021-08-03 13:03:29,705 [pool-373-thread-1] INFO  server.RaftServerConfigKeys (ConfUtils.java:logGet(44)) - raft.server.log.statemachine.data.sync.timeout = 10s (default)
2021-08-03 13:03:29,706 [pool-373-thread-1] INFO  server.RaftServerConfigKeys (ConfUtils.java:logGet(44)) - raft.server.log.statemachine.data.sync.timeout.retry = -1 (default)
2021-08-03 13:03:29,706 [pool-373-thread-1] INFO  server.RaftServerConfigKeys (ConfUtils.java:logGet(44)) - raft.server.log.write.buffer.size = 1048576 (custom)
2021-08-03 13:03:29,707 [pool-373-thread-1] INFO  server.RaftServerConfigKeys (ConfUtils.java:logGet(44)) - raft.server.log.statemachine.data.caching.enabled = true (custom)
2021-08-03 13:03:29,707 [pool-373-thread-1] INFO  segmented.SegmentedRaftLogWorker (SegmentedRaftLogWorker.java:lambda$new$0(133)) - a3a98b8b-adcd-408e-bef5-31175bc97024@group-9A69BEDCF44F-SegmentedRaftLogWorker: flushIndex: setUnconditionally 0 -> -1
2021-08-03 13:03:29,707 [pool-373-thread-1] INFO  segmented.SegmentedRaftLogWorker (SegmentedRaftLogWorker.java:lambda$new$0(133)) - a3a98b8b-adcd-408e-bef5-31175bc97024@group-9A69BEDCF44F-SegmentedRaftLogWorker: safeCacheEvictIndex: setUnconditionally 0 -> -1
2021-08-03 13:03:29,709 [pool-373-thread-1] INFO  server.RaftServerConfigKeys (ConfUtils.java:logGet(44)) - raft.server.snapshot.auto.trigger.enabled = true (custom)
2021-08-03 13:03:29,709 [pool-373-thread-1] INFO  server.RaftServerConfigKeys (ConfUtils.java:logGet(44)) - raft.server.snapshot.auto.trigger.threshold = 10000 (custom)
2021-08-03 13:03:29,709 [pool-373-thread-1] INFO  server.RaftServerConfigKeys (ConfUtils.java:logGet(44)) - raft.server.snapshot.retention.file.num = 5 (custom)
2021-08-03 13:03:29,709 [pool-373-thread-1] INFO  server.RaftServerConfigKeys (ConfUtils.java:logGet(44)) - raft.server.log.purge.upto.snapshot.index = false (default)
2021-08-03 13:03:29,709 [pool-373-thread-1] INFO  server.RaftServerConfigKeys (ConfUtils.java:logGet(44)) - raft.server.retrycache.expirytime = 600000ms (custom)
2021-08-03 13:03:29,709 [pool-373-thread-1] INFO  server.RaftServerConfigKeys (ConfUtils.java:logGet(44)) - raft.server.retrycache.statistics.expirytime = 100μs (default)
2021-08-03 13:03:29,710 [pool-373-thread-1] INFO  server.RaftServer$Division (RaftServerImpl.java:start(296)) - a3a98b8b-adcd-408e-bef5-31175bc97024@group-9A69BEDCF44F: start as a follower, conf=-1: [a3a98b8b-adcd-408e-bef5-31175bc97024|rpc:10.1.0.54:39883|priority:1], old=null
2021-08-03 13:03:29,710 [pool-373-thread-1] INFO  server.RaftServer$Division (RaftServerImpl.java:setRole(285)) - a3a98b8b-adcd-408e-bef5-31175bc97024@group-9A69BEDCF44F: changes role from      null to FOLLOWER at term 0 for startAsFollower
2021-08-03 13:03:29,711 [pool-373-thread-1] INFO  impl.RoleInfo (RoleInfo.java:updateAndGet(130)) - a3a98b8b-adcd-408e-bef5-31175bc97024: start a3a98b8b-adcd-408e-bef5-31175bc97024@group-9A69BEDCF44F-FollowerState
2021-08-03 13:03:29,712 [pool-373-thread-1] INFO  util.JmxRegister (JmxRegister.java:tryRegister(44)) - Successfully registered JMX Bean with object name Ratis:service=RaftServer,group=group-9A69BEDCF44F,id=a3a98b8b-adcd-408e-bef5-31175bc97024
2021-08-03 13:03:29,713 [Command processor thread] INFO  ratis.XceiverServerRatis (XceiverServerRatis.java:addGroup(759)) - Created group PipelineID=eb8470f6-08e8-4b0e-b8e8-9a69bedcf44f
2021-08-03 13:03:29,713 [Command processor thread] INFO  commandhandler.CreatePipelineCommandHandler (CreatePipelineCommandHandler.java:handle(106)) - Created Pipeline RATIS ONE PipelineID=eb8470f6-08e8-4b0e-b8e8-9a69bedcf44f.
2021-08-03 13:03:29,869 [Listener at 127.0.0.1/42051] INFO  ozone.MiniOzoneClusterImpl (MiniOzoneClusterImpl.java:lambda$waitForClusterToBeReady$0(235)) - Nodes are ready. Got 3 of 3 DN Heartbeats.
2021-08-03 13:03:29,869 [Listener at 127.0.0.1/42051] INFO  ozone.MiniOzoneClusterImpl (MiniOzoneClusterImpl.java:lambda$waitForClusterToBeReady$0(238)) - Waiting for cluster to exit safe mode
2021-08-03 13:03:29,869 [Listener at 127.0.0.1/42051] INFO  ozone.MiniOzoneClusterImpl (MiniOzoneClusterImpl.java:lambda$waitForClusterToBeReady$0(240)) - SCM became leader
2021-08-03 13:03:29,880 [Command processor thread] INFO  server.RaftServer (RaftServerProxy.java:addNew(95)) - 02f62297-3457-4779-b0f5-2d066303236a: addNew group-C82065336D4E:[02f62297-3457-4779-b0f5-2d066303236a|rpc:10.1.0.54:45971|priority:1] returns group-C82065336D4E:java.util.concurrent.CompletableFuture@4c0cf776[Not completed]
2021-08-03 13:03:29,881 [pool-391-thread-1] INFO  server.RaftServer$Division (RaftServerImpl.java:<init>(181)) - 02f62297-3457-4779-b0f5-2d066303236a: new RaftServerImpl for group-C82065336D4E:[02f62297-3457-4779-b0f5-2d066303236a|rpc:10.1.0.54:45971|priority:1] with ContainerStateMachine:uninitialized
2021-08-03 13:03:29,881 [pool-391-thread-1] INFO  server.RaftServerConfigKeys (ConfUtils.java:logGet(44)) - raft.server.rpc.timeout.min = 5s (custom)
2021-08-03 13:03:29,881 [pool-391-thread-1] INFO  server.RaftServerConfigKeys (ConfUtils.java:logGet(44)) - raft.server.rpc.timeout.max = 5200ms (custom)
2021-08-03 13:03:29,881 [pool-391-thread-1] INFO  server.RaftServerConfigKeys (ConfUtils.java:logGet(44)) - raft.server.rpc.sleep.time = 25ms (default)
2021-08-03 13:03:29,881 [pool-391-thread-1] INFO  server.RaftServerConfigKeys (ConfUtils.java:logGet(44)) - raft.server.rpc.slowness.timeout = 300s (custom)
2021-08-03 13:03:29,881 [pool-391-thread-1] INFO  server.RaftServerConfigKeys (ConfUtils.java:logGet(44)) - raft.server.leaderelection.leader.step-down.wait-time = 10s (default)
2021-08-03 13:03:29,881 [pool-391-thread-1] INFO  server.RaftServerConfigKeys (ConfUtils.java:logGet(44)) - raft.server.sleep.deviation.threshold = 300ms (default)
2021-08-03 13:03:29,881 [pool-391-thread-1] INFO  server.RaftServerConfigKeys (ConfUtils.java:logGet(44)) - raft.server.log.appender.install.snapshot.enabled = false (custom)
2021-08-03 13:03:29,881 [pool-391-thread-1] INFO  server.RaftServer$Division (ServerState.java:<init>(105)) - 02f62297-3457-4779-b0f5-2d066303236a@group-C82065336D4E: ConfigurationManager, init=-1: [02f62297-3457-4779-b0f5-2d066303236a|rpc:10.1.0.54:45971|priority:1], old=null, confs=<EMPTY_MAP>
2021-08-03 13:03:29,881 [pool-391-thread-1] INFO  server.RaftServerConfigKeys (ConfUtils.java:logGet(44)) - raft.server.storage.dir = [/home/runner/work/ozone/ozone/mnt/ozone/hadoop-ozone/integration-test/target/test-dir/MiniOzoneClusterImpl-f5709174-8c02-4eb0-9f51-9d4c6c69deaa/datanode-2/data/ratis] (custom)
2021-08-03 13:03:29,881 [pool-391-thread-1] INFO  server.RaftServerConfigKeys (ConfUtils.java:logGet(44)) - raft.server.log.corruption.policy = EXCEPTION (default)
2021-08-03 13:03:29,882 [pool-391-thread-1] INFO  server.RaftServerConfigKeys (ConfUtils.java:logGet(44)) - raft.server.storage.free-space.min = 0MB (=0) (default)
2021-08-03 13:03:29,882 [pool-391-thread-1] INFO  storage.RaftStorageDirectory (RaftStorageDirectoryImpl.java:analyzeStorage(135)) - The storage directory /home/runner/work/ozone/ozone/mnt/ozone/hadoop-ozone/integration-test/target/test-dir/MiniOzoneClusterImpl-f5709174-8c02-4eb0-9f51-9d4c6c69deaa/datanode-2/data/ratis/f3ce2ca7-3ab8-48af-ae6e-c82065336d4e does not exist. Creating ...
2021-08-03 13:03:29,883 [pool-391-thread-1] INFO  storage.RaftStorageDirectory (RaftStorageDirectoryImpl.java:tryLock(230)) - Lock on /home/runner/work/ozone/ozone/mnt/ozone/hadoop-ozone/integration-test/target/test-dir/MiniOzoneClusterImpl-f5709174-8c02-4eb0-9f51-9d4c6c69deaa/datanode-2/data/ratis/f3ce2ca7-3ab8-48af-ae6e-c82065336d4e/in_use.lock acquired by nodename 15365@fv-az116-942
2021-08-03 13:03:29,885 [pool-391-thread-1] INFO  storage.RaftStorage (RaftStorageImpl.java:format(89)) - Storage directory /home/runner/work/ozone/ozone/mnt/ozone/hadoop-ozone/integration-test/target/test-dir/MiniOzoneClusterImpl-f5709174-8c02-4eb0-9f51-9d4c6c69deaa/datanode-2/data/ratis/f3ce2ca7-3ab8-48af-ae6e-c82065336d4e has been successfully formatted.
2021-08-03 13:03:29,885 [Datanode State Machine Thread - 0] WARN  statemachine.StateContext (StateContext.java:execute(621)) - No available thread in pool for past 1 seconds.
2021-08-03 13:03:29,885 [pool-391-thread-1] INFO  ratis.ContainerStateMachine (ContainerStateMachine.java:loadSnapshot(223)) - group-C82065336D4E: The snapshot info is null. Setting the last applied indexto:(t:0, i:~)
2021-08-03 13:03:29,885 [pool-391-thread-1] INFO  server.RaftServerConfigKeys (ConfUtils.java:logGet(44)) - raft.server.notification.no-leader.timeout = 300s (custom)
2021-08-03 13:03:29,885 [pool-391-thread-1] INFO  server.RaftServerConfigKeys (ConfUtils.java:logGet(44)) - raft.server.log.use.memory = false (default)
2021-08-03 13:03:29,885 [pool-391-thread-1] INFO  server.RaftServerConfigKeys (ConfUtils.java:logGet(44)) - raft.server.log.purge.gap = 1000000 (custom)
2021-08-03 13:03:29,885 [pool-391-thread-1] INFO  server.RaftServerConfigKeys (ConfUtils.java:logGet(44)) - raft.server.log.appender.buffer.byte-limit = 33554432 (custom)
2021-08-03 13:03:29,885 [pool-391-thread-1] INFO  server.RaftServerConfigKeys (ConfUtils.java:logGet(44)) - raft.server.log.segment.size.max = 1048576 (custom)
2021-08-03 13:03:29,886 [pool-391-thread-1] INFO  server.RaftServerConfigKeys (ConfUtils.java:logGet(44)) - raft.server.log.segment.cache.num.max = 2 (custom)
2021-08-03 13:03:29,886 [pool-391-thread-1] INFO  server.RaftServerConfigKeys (ConfUtils.java:logGet(44)) - raft.server.log.segment.cache.size.max = 200MB (=209715200) (default)
2021-08-03 13:03:29,886 [pool-391-thread-1] INFO  segmented.SegmentedRaftLogWorker (SegmentedRaftLogWorker.java:<init>(182)) - new 02f62297-3457-4779-b0f5-2d066303236a@group-C82065336D4E-SegmentedRaftLogWorker for RaftStorageImpl:Storage Directory /home/runner/work/ozone/ozone/mnt/ozone/hadoop-ozone/integration-test/target/test-dir/MiniOzoneClusterImpl-f5709174-8c02-4eb0-9f51-9d4c6c69deaa/datanode-2/data/ratis/f3ce2ca7-3ab8-48af-ae6e-c82065336d4e
2021-08-03 13:03:29,886 [pool-391-thread-1] INFO  server.RaftServerConfigKeys (ConfUtils.java:logGet(44)) - raft.server.log.queue.byte-limit = 2147483647 (custom)
2021-08-03 13:03:29,886 [pool-391-thread-1] INFO  server.RaftServerConfigKeys (ConfUtils.java:logGet(44)) - raft.server.log.queue.element-limit = 1024 (custom)
2021-08-03 13:03:29,886 [pool-391-thread-1] INFO  server.RaftServerConfigKeys (ConfUtils.java:logGet(44)) - raft.server.log.segment.size.max = 1048576 (custom)
2021-08-03 13:03:29,887 [pool-391-thread-1] INFO  server.RaftServerConfigKeys (ConfUtils.java:logGet(44)) - raft.server.log.preallocated.size = 16384 (custom)
2021-08-03 13:03:29,887 [pool-391-thread-1] INFO  server.RaftServerConfigKeys (ConfUtils.java:logGet(44)) - raft.server.log.force.sync.num = 128 (default)
2021-08-03 13:03:29,887 [pool-391-thread-1] INFO  server.RaftServerConfigKeys (ConfUtils.java:logGet(44)) - raft.server.log.statemachine.data.sync = true (default)
2021-08-03 13:03:29,887 [pool-391-thread-1] INFO  server.RaftServerConfigKeys (ConfUtils.java:logGet(44)) - raft.server.log.statemachine.data.sync.timeout = 10s (default)
2021-08-03 13:03:29,887 [pool-391-thread-1] INFO  server.RaftServerConfigKeys (ConfUtils.java:logGet(44)) - raft.server.log.statemachine.data.sync.timeout.retry = -1 (default)
2021-08-03 13:03:29,887 [pool-391-thread-1] INFO  server.RaftServerConfigKeys (ConfUtils.java:logGet(44)) - raft.server.log.write.buffer.size = 1048576 (custom)
2021-08-03 13:03:29,888 [pool-391-thread-1] INFO  server.RaftServerConfigKeys (ConfUtils.java:logGet(44)) - raft.server.log.statemachine.data.caching.enabled = true (custom)
2021-08-03 13:03:29,888 [pool-391-thread-1] INFO  segmented.SegmentedRaftLogWorker (SegmentedRaftLogWorker.java:lambda$new$0(133)) - 02f62297-3457-4779-b0f5-2d066303236a@group-C82065336D4E-SegmentedRaftLogWorker: flushIndex: setUnconditionally 0 -> -1
2021-08-03 13:03:29,888 [pool-391-thread-1] INFO  segmented.SegmentedRaftLogWorker (SegmentedRaftLogWorker.java:lambda$new$0(133)) - 02f62297-3457-4779-b0f5-2d066303236a@group-C82065336D4E-SegmentedRaftLogWorker: safeCacheEvictIndex: setUnconditionally 0 -> -1
2021-08-03 13:03:29,888 [pool-391-thread-1] INFO  server.RaftServerConfigKeys (ConfUtils.java:logGet(44)) - raft.server.snapshot.auto.trigger.enabled = true (custom)
2021-08-03 13:03:29,888 [pool-391-thread-1] INFO  server.RaftServerConfigKeys (ConfUtils.java:logGet(44)) - raft.server.snapshot.auto.trigger.threshold = 10000 (custom)
2021-08-03 13:03:29,888 [pool-391-thread-1] INFO  server.RaftServerConfigKeys (ConfUtils.java:logGet(44)) - raft.server.snapshot.retention.file.num = 5 (custom)
2021-08-03 13:03:29,888 [pool-391-thread-1] INFO  server.RaftServerConfigKeys (ConfUtils.java:logGet(44)) - raft.server.log.purge.upto.snapshot.index = false (default)
2021-08-03 13:03:29,888 [pool-391-thread-1] INFO  server.RaftServerConfigKeys (ConfUtils.java:logGet(44)) - raft.server.retrycache.expirytime = 600000ms (custom)
2021-08-03 13:03:29,888 [pool-391-thread-1] INFO  server.RaftServerConfigKeys (ConfUtils.java:logGet(44)) - raft.server.retrycache.statistics.expirytime = 100μs (default)
2021-08-03 13:03:29,889 [pool-391-thread-1] INFO  server.RaftServer$Division (RaftServerImpl.java:start(296)) - 02f62297-3457-4779-b0f5-2d066303236a@group-C82065336D4E: start as a follower, conf=-1: [02f62297-3457-4779-b0f5-2d066303236a|rpc:10.1.0.54:45971|priority:1], old=null
2021-08-03 13:03:29,889 [pool-391-thread-1] INFO  server.RaftServer$Division (RaftServerImpl.java:setRole(285)) - 02f62297-3457-4779-b0f5-2d066303236a@group-C82065336D4E: changes role from      null to FOLLOWER at term 0 for startAsFollower
2021-08-03 13:03:29,889 [pool-391-thread-1] INFO  impl.RoleInfo (RoleInfo.java:updateAndGet(130)) - 02f62297-3457-4779-b0f5-2d066303236a: start 02f62297-3457-4779-b0f5-2d066303236a@group-C82065336D4E-FollowerState
2021-08-03 13:03:29,890 [pool-391-thread-1] INFO  util.JmxRegister (JmxRegister.java:tryRegister(44)) - Successfully registered JMX Bean with object name Ratis:service=RaftServer,group=group-C82065336D4E,id=02f62297-3457-4779-b0f5-2d066303236a
2021-08-03 13:03:29,891 [EventQueue-PipelineReportForPipelineReportHandler] INFO  pipeline.PipelineManagerV2Impl (PipelineManagerV2Impl.java:openPipeline(283)) - Pipeline Pipeline[ Id: f3ce2ca7-3ab8-48af-ae6e-c82065336d4e, Nodes: 02f62297-3457-4779-b0f5-2d066303236a{ip: 10.1.0.54, host: fv-az116-942.vzw04321ajxubdbcnpick5nqva.xx.internal.cloudapp.net, ports: [REPLICATION=40539, RATIS=45971, RATIS_ADMIN=45971, RATIS_SERVER=45971, STANDALONE=34505], networkLocation: /default-rack, certSerialId: null, persistedOpState: IN_SERVICE, persistedOpStateExpiryEpochSec: 0}, ReplicationConfig: RATIS/ONE, State:ALLOCATED, leaderId:02f62297-3457-4779-b0f5-2d066303236a, CreationTimestamp2021-08-03T13:03:26.882Z[Etc/UTC]] moved to OPEN state
2021-08-03 13:03:29,891 [EventQueue-OpenPipelineForHealthyPipelineSafeModeRule] INFO  safemode.SCMSafeModeManager (HealthyPipelineSafeModeRule.java:process(124)) - SCM in safe mode. Healthy pipelines reported count is 0, required healthy pipeline reported count is 1
2021-08-03 13:03:29,892 [Command processor thread] INFO  ratis.XceiverServerRatis (XceiverServerRatis.java:addGroup(759)) - Created group PipelineID=f3ce2ca7-3ab8-48af-ae6e-c82065336d4e
2021-08-03 13:03:29,892 [Command processor thread] INFO  commandhandler.CreatePipelineCommandHandler (CreatePipelineCommandHandler.java:handle(106)) - Created Pipeline RATIS ONE PipelineID=f3ce2ca7-3ab8-48af-ae6e-c82065336d4e.
2021-08-03 13:03:30,870 [Listener at 127.0.0.1/42051] INFO  ozone.MiniOzoneClusterImpl (MiniOzoneClusterImpl.java:lambda$waitForClusterToBeReady$0(235)) - Nodes are ready. Got 3 of 3 DN Heartbeats.
2021-08-03 13:03:30,870 [Listener at 127.0.0.1/42051] INFO  ozone.MiniOzoneClusterImpl (MiniOzoneClusterImpl.java:lambda$waitForClusterToBeReady$0(238)) - Waiting for cluster to exit safe mode
2021-08-03 13:03:30,870 [Listener at 127.0.0.1/42051] INFO  ozone.MiniOzoneClusterImpl (MiniOzoneClusterImpl.java:lambda$waitForClusterToBeReady$0(240)) - SCM became leader
2021-08-03 13:03:31,870 [Listener at 127.0.0.1/42051] INFO  ozone.MiniOzoneClusterImpl (MiniOzoneClusterImpl.java:lambda$waitForClusterToBeReady$0(235)) - Nodes are ready. Got 3 of 3 DN Heartbeats.
2021-08-03 13:03:31,870 [Listener at 127.0.0.1/42051] INFO  ozone.MiniOzoneClusterImpl (MiniOzoneClusterImpl.java:lambda$waitForClusterToBeReady$0(238)) - Waiting for cluster to exit safe mode
2021-08-03 13:03:31,870 [Listener at 127.0.0.1/42051] INFO  ozone.MiniOzoneClusterImpl (MiniOzoneClusterImpl.java:lambda$waitForClusterToBeReady$0(240)) - SCM became leader
2021-08-03 13:03:32,871 [Listener at 127.0.0.1/42051] INFO  ozone.MiniOzoneClusterImpl (MiniOzoneClusterImpl.java:lambda$waitForClusterToBeReady$0(235)) - Nodes are ready. Got 3 of 3 DN Heartbeats.
2021-08-03 13:03:32,871 [Listener at 127.0.0.1/42051] INFO  ozone.MiniOzoneClusterImpl (MiniOzoneClusterImpl.java:lambda$waitForClusterToBeReady$0(238)) - Waiting for cluster to exit safe mode
2021-08-03 13:03:32,871 [Listener at 127.0.0.1/42051] INFO  ozone.MiniOzoneClusterImpl (MiniOzoneClusterImpl.java:lambda$waitForClusterToBeReady$0(240)) - SCM became leader
2021-08-03 13:03:33,871 [Listener at 127.0.0.1/42051] INFO  ozone.MiniOzoneClusterImpl (MiniOzoneClusterImpl.java:lambda$waitForClusterToBeReady$0(235)) - Nodes are ready. Got 3 of 3 DN Heartbeats.
2021-08-03 13:03:33,871 [Listener at 127.0.0.1/42051] INFO  ozone.MiniOzoneClusterImpl (MiniOzoneClusterImpl.java:lambda$waitForClusterToBeReady$0(238)) - Waiting for cluster to exit safe mode
2021-08-03 13:03:33,871 [Listener at 127.0.0.1/42051] INFO  ozone.MiniOzoneClusterImpl (MiniOzoneClusterImpl.java:lambda$waitForClusterToBeReady$0(240)) - SCM became leader
2021-08-03 13:03:34,626 [a3a98b8b-adcd-408e-bef5-31175bc97024@group-8073AA0E838E-FollowerState] INFO  impl.FollowerState (FollowerState.java:run(134)) - a3a98b8b-adcd-408e-bef5-31175bc97024@group-8073AA0E838E-FollowerState: change to CANDIDATE, lastRpcElapsedTime:5012423467ns, electionTimeout:5012ms
2021-08-03 13:03:34,627 [a3a98b8b-adcd-408e-bef5-31175bc97024@group-8073AA0E838E-FollowerState] INFO  impl.RoleInfo (RoleInfo.java:shutdownFollowerState(108)) - a3a98b8b-adcd-408e-bef5-31175bc97024: shutdown a3a98b8b-adcd-408e-bef5-31175bc97024@group-8073AA0E838E-FollowerState
2021-08-03 13:03:34,627 [a3a98b8b-adcd-408e-bef5-31175bc97024@group-8073AA0E838E-FollowerState] INFO  server.RaftServer$Division (RaftServerImpl.java:setRole(285)) - a3a98b8b-adcd-408e-bef5-31175bc97024@group-8073AA0E838E: changes role from  FOLLOWER to CANDIDATE at term 0 for changeToCandidate
2021-08-03 13:03:34,627 [a3a98b8b-adcd-408e-bef5-31175bc97024@group-8073AA0E838E-FollowerState] INFO  server.RaftServerConfigKeys (ConfUtils.java:logGet(44)) - raft.server.leaderelection.pre-vote = false (custom)
2021-08-03 13:03:34,627 [a3a98b8b-adcd-408e-bef5-31175bc97024@group-8073AA0E838E-FollowerState] INFO  impl.RoleInfo (RoleInfo.java:updateAndGet(130)) - a3a98b8b-adcd-408e-bef5-31175bc97024: start a3a98b8b-adcd-408e-bef5-31175bc97024@group-8073AA0E838E-LeaderElection31
2021-08-03 13:03:34,632 [a3a98b8b-adcd-408e-bef5-31175bc97024@group-8073AA0E838E-LeaderElection31] INFO  impl.LeaderElection (LeaderElection.java:askForVotes(306)) - a3a98b8b-adcd-408e-bef5-31175bc97024@group-8073AA0E838E-LeaderElection31 ELECTION round 0: submit vote requests at term 1 for -1: [02f62297-3457-4779-b0f5-2d066303236a|rpc:10.1.0.54:45971|dataStream:|priority:1, 1a688da3-84f6-4ddd-a5bc-f601c4f0f554|rpc:10.1.0.54:37247|dataStream:|priority:0, a3a98b8b-adcd-408e-bef5-31175bc97024|rpc:10.1.0.54:39883|dataStream:|priority:0], old=null
2021-08-03 13:03:34,645 [grpc-default-executor-3] INFO  server.RaftServer$Division (RaftServerImpl.java:requestVote(1043)) - 02f62297-3457-4779-b0f5-2d066303236a@group-8073AA0E838E: receive requestVote(ELECTION, a3a98b8b-adcd-408e-bef5-31175bc97024, group-8073AA0E838E, 1, (t:0, i:0))
2021-08-03 13:03:34,645 [grpc-default-executor-3] INFO  impl.VoteContext (VoteContext.java:log(48)) - 02f62297-3457-4779-b0f5-2d066303236a@group-8073AA0E838E-FOLLOWER: reject ELECTION from a3a98b8b-adcd-408e-bef5-31175bc97024: our priority 1 > candidate's priority 0
2021-08-03 13:03:34,645 [grpc-default-executor-3] INFO  server.RaftServer$Division (RaftServerImpl.java:setRole(285)) - 02f62297-3457-4779-b0f5-2d066303236a@group-8073AA0E838E: changes role from  FOLLOWER to FOLLOWER at term 1 for candidate:a3a98b8b-adcd-408e-bef5-31175bc97024
2021-08-03 13:03:34,645 [grpc-default-executor-3] INFO  impl.RoleInfo (RoleInfo.java:shutdownFollowerState(108)) - 02f62297-3457-4779-b0f5-2d066303236a: shutdown 02f62297-3457-4779-b0f5-2d066303236a@group-8073AA0E838E-FollowerState
2021-08-03 13:03:34,645 [grpc-default-executor-3] INFO  impl.RoleInfo (RoleInfo.java:updateAndGet(130)) - 02f62297-3457-4779-b0f5-2d066303236a: start 02f62297-3457-4779-b0f5-2d066303236a@group-8073AA0E838E-FollowerState
2021-08-03 13:03:34,645 [02f62297-3457-4779-b0f5-2d066303236a@group-8073AA0E838E-FollowerState] INFO  impl.FollowerState (FollowerState.java:run(143)) - 02f62297-3457-4779-b0f5-2d066303236a@group-8073AA0E838E-FollowerState was interrupted: {}
java.lang.InterruptedException: sleep interrupted
	at java.lang.Thread.sleep(Native Method)
	at java.lang.Thread.sleep(Thread.java:340)
	at java.util.concurrent.TimeUnit.sleep(TimeUnit.java:386)
	at org.apache.ratis.util.TimeDuration.sleep(TimeDuration.java:324)
	at org.apache.ratis.util.TimeDuration.sleep(TimeDuration.java:309)
	at org.apache.ratis.server.impl.FollowerState.run(FollowerState.java:118)
2021-08-03 13:03:34,649 [grpc-default-executor-1] INFO  server.RaftServer$Division (RaftServerImpl.java:requestVote(1043)) - 1a688da3-84f6-4ddd-a5bc-f601c4f0f554@group-8073AA0E838E: receive requestVote(ELECTION, a3a98b8b-adcd-408e-bef5-31175bc97024, group-8073AA0E838E, 1, (t:0, i:0))
2021-08-03 13:03:34,649 [grpc-default-executor-1] INFO  impl.VoteContext (VoteContext.java:log(48)) - 1a688da3-84f6-4ddd-a5bc-f601c4f0f554@group-8073AA0E838E-FOLLOWER: accept ELECTION from a3a98b8b-adcd-408e-bef5-31175bc97024: our priority 0 <= candidate's priority 0
2021-08-03 13:03:34,649 [grpc-default-executor-1] INFO  server.RaftServer$Division (RaftServerImpl.java:setRole(285)) - 1a688da3-84f6-4ddd-a5bc-f601c4f0f554@group-8073AA0E838E: changes role from  FOLLOWER to FOLLOWER at term 1 for candidate:a3a98b8b-adcd-408e-bef5-31175bc97024
2021-08-03 13:03:34,649 [grpc-default-executor-1] INFO  impl.RoleInfo (RoleInfo.java:shutdownFollowerState(108)) - 1a688da3-84f6-4ddd-a5bc-f601c4f0f554: shutdown 1a688da3-84f6-4ddd-a5bc-f601c4f0f554@group-8073AA0E838E-FollowerState
2021-08-03 13:03:34,649 [grpc-default-executor-1] INFO  impl.RoleInfo (RoleInfo.java:updateAndGet(130)) - 1a688da3-84f6-4ddd-a5bc-f601c4f0f554: start 1a688da3-84f6-4ddd-a5bc-f601c4f0f554@group-8073AA0E838E-FollowerState
2021-08-03 13:03:34,649 [1a688da3-84f6-4ddd-a5bc-f601c4f0f554@group-8073AA0E838E-FollowerState] INFO  impl.FollowerState (FollowerState.java:run(143)) - 1a688da3-84f6-4ddd-a5bc-f601c4f0f554@group-8073AA0E838E-FollowerState was interrupted: {}
java.lang.InterruptedException: sleep interrupted
	at java.lang.Thread.sleep(Native Method)
	at java.lang.Thread.sleep(Thread.java:340)
	at java.util.concurrent.TimeUnit.sleep(TimeUnit.java:386)
	at org.apache.ratis.util.TimeDuration.sleep(TimeDuration.java:324)
	at org.apache.ratis.util.TimeDuration.sleep(TimeDuration.java:309)
	at org.apache.ratis.server.impl.FollowerState.run(FollowerState.java:118)
2021-08-03 13:03:34,650 [grpc-default-executor-3] INFO  server.RaftServer$Division (RaftServerImpl.java:requestVote(1075)) - 02f62297-3457-4779-b0f5-2d066303236a@group-8073AA0E838E replies to ELECTION vote request: a3a98b8b-adcd-408e-bef5-31175bc97024<-02f62297-3457-4779-b0f5-2d066303236a#0:FAIL-t1. Peer's state: 02f62297-3457-4779-b0f5-2d066303236a@group-8073AA0E838E:t1, leader=null, voted=null, raftlog=02f62297-3457-4779-b0f5-2d066303236a@group-8073AA0E838E-SegmentedRaftLog:OPENED:c-1,f-1,i0, conf=-1: [02f62297-3457-4779-b0f5-2d066303236a|rpc:10.1.0.54:45971|dataStream:|priority:1, 1a688da3-84f6-4ddd-a5bc-f601c4f0f554|rpc:10.1.0.54:37247|dataStream:|priority:0, a3a98b8b-adcd-408e-bef5-31175bc97024|rpc:10.1.0.54:39883|dataStream:|priority:0], old=null
2021-08-03 13:03:34,655 [a3a98b8b-adcd-408e-bef5-31175bc97024@group-8073AA0E838E-LeaderElection31] INFO  impl.LeaderElection (LeaderElection.java:logAndReturn(89)) - a3a98b8b-adcd-408e-bef5-31175bc97024@group-8073AA0E838E-LeaderElection31: ELECTION REJECTED received 1 response(s) and 0 exception(s):
2021-08-03 13:03:34,655 [a3a98b8b-adcd-408e-bef5-31175bc97024@group-8073AA0E838E-LeaderElection31] INFO  impl.LeaderElection (LeaderElection.java:logAndReturn(93)) -   Response 0: a3a98b8b-adcd-408e-bef5-31175bc97024<-02f62297-3457-4779-b0f5-2d066303236a#0:FAIL-t1
2021-08-03 13:03:34,655 [a3a98b8b-adcd-408e-bef5-31175bc97024@group-8073AA0E838E-LeaderElection31] INFO  impl.LeaderElection (LeaderElection.java:askForVotes(308)) - a3a98b8b-adcd-408e-bef5-31175bc97024@group-8073AA0E838E-LeaderElection31 ELECTION round 0: result REJECTED
2021-08-03 13:03:34,655 [a3a98b8b-adcd-408e-bef5-31175bc97024@group-8073AA0E838E-LeaderElection31] INFO  server.RaftServer$Division (RaftServerImpl.java:setRole(285)) - a3a98b8b-adcd-408e-bef5-31175bc97024@group-8073AA0E838E: changes role from CANDIDATE to FOLLOWER at term 1 for REJECTED
2021-08-03 13:03:34,656 [a3a98b8b-adcd-408e-bef5-31175bc97024@group-8073AA0E838E-LeaderElection31] INFO  impl.RoleInfo (RoleInfo.java:shutdownLeaderElection(121)) - a3a98b8b-adcd-408e-bef5-31175bc97024: shutdown a3a98b8b-adcd-408e-bef5-31175bc97024@group-8073AA0E838E-LeaderElection31
2021-08-03 13:03:34,656 [a3a98b8b-adcd-408e-bef5-31175bc97024@group-8073AA0E838E-LeaderElection31] INFO  impl.RoleInfo (RoleInfo.java:updateAndGet(130)) - a3a98b8b-adcd-408e-bef5-31175bc97024: start a3a98b8b-adcd-408e-bef5-31175bc97024@group-8073AA0E838E-FollowerState
2021-08-03 13:03:34,657 [grpc-default-executor-1] INFO  server.RaftServer$Division (RaftServerImpl.java:requestVote(1075)) - 1a688da3-84f6-4ddd-a5bc-f601c4f0f554@group-8073AA0E838E replies to ELECTION vote request: a3a98b8b-adcd-408e-bef5-31175bc97024<-1a688da3-84f6-4ddd-a5bc-f601c4f0f554#0:OK-t1. Peer's state: 1a688da3-84f6-4ddd-a5bc-f601c4f0f554@group-8073AA0E838E:t1, leader=null, voted=a3a98b8b-adcd-408e-bef5-31175bc97024, raftlog=1a688da3-84f6-4ddd-a5bc-f601c4f0f554@group-8073AA0E838E-SegmentedRaftLog:OPENED:c-1,f-1,i0, conf=-1: [02f62297-3457-4779-b0f5-2d066303236a|rpc:10.1.0.54:45971|priority:1, 1a688da3-84f6-4ddd-a5bc-f601c4f0f554|rpc:10.1.0.54:37247|priority:0, a3a98b8b-adcd-408e-bef5-31175bc97024|rpc:10.1.0.54:39883|priority:0], old=null
2021-08-03 13:03:34,676 [a3a98b8b-adcd-408e-bef5-31175bc97024@group-7706F0716F6A-FollowerState] INFO  impl.FollowerState (FollowerState.java:run(134)) - a3a98b8b-adcd-408e-bef5-31175bc97024@group-7706F0716F6A-FollowerState: change to CANDIDATE, lastRpcElapsedTime:5028329597ns, electionTimeout:5028ms
2021-08-03 13:03:34,676 [a3a98b8b-adcd-408e-bef5-31175bc97024@group-7706F0716F6A-FollowerState] INFO  impl.RoleInfo (RoleInfo.java:shutdownFollowerState(108)) - a3a98b8b-adcd-408e-bef5-31175bc97024: shutdown a3a98b8b-adcd-408e-bef5-31175bc97024@group-7706F0716F6A-FollowerState
2021-08-03 13:03:34,676 [a3a98b8b-adcd-408e-bef5-31175bc97024@group-7706F0716F6A-FollowerState] INFO  server.RaftServer$Division (RaftServerImpl.java:setRole(285)) - a3a98b8b-adcd-408e-bef5-31175bc97024@group-7706F0716F6A: changes role from  FOLLOWER to CANDIDATE at term 0 for changeToCandidate
2021-08-03 13:03:34,676 [a3a98b8b-adcd-408e-bef5-31175bc97024@group-7706F0716F6A-FollowerState] INFO  server.RaftServerConfigKeys (ConfUtils.java:logGet(44)) - raft.server.leaderelection.pre-vote = false (custom)
2021-08-03 13:03:34,676 [a3a98b8b-adcd-408e-bef5-31175bc97024@group-7706F0716F6A-FollowerState] INFO  impl.RoleInfo (RoleInfo.java:updateAndGet(130)) - a3a98b8b-adcd-408e-bef5-31175bc97024: start a3a98b8b-adcd-408e-bef5-31175bc97024@group-7706F0716F6A-LeaderElection32
2021-08-03 13:03:34,681 [a3a98b8b-adcd-408e-bef5-31175bc97024@group-7706F0716F6A-LeaderElection32] INFO  impl.LeaderElection (LeaderElection.java:askForVotes(306)) - a3a98b8b-adcd-408e-bef5-31175bc97024@group-7706F0716F6A-LeaderElection32 ELECTION round 0: submit vote requests at term 1 for -1: [02f62297-3457-4779-b0f5-2d066303236a|rpc:10.1.0.54:45971|dataStream:|priority:0, 1a688da3-84f6-4ddd-a5bc-f601c4f0f554|rpc:10.1.0.54:37247|dataStream:|priority:1, a3a98b8b-adcd-408e-bef5-31175bc97024|rpc:10.1.0.54:39883|dataStream:|priority:0], old=null
2021-08-03 13:03:34,683 [grpc-default-executor-1] INFO  server.RaftServer$Division (RaftServerImpl.java:requestVote(1043)) - 02f62297-3457-4779-b0f5-2d066303236a@group-7706F0716F6A: receive requestVote(ELECTION, a3a98b8b-adcd-408e-bef5-31175bc97024, group-7706F0716F6A, 1, (t:0, i:0))
2021-08-03 13:03:34,683 [grpc-default-executor-1] INFO  impl.VoteContext (VoteContext.java:log(48)) - 02f62297-3457-4779-b0f5-2d066303236a@group-7706F0716F6A-FOLLOWER: accept ELECTION from a3a98b8b-adcd-408e-bef5-31175bc97024: our priority 0 <= candidate's priority 0
2021-08-03 13:03:34,683 [grpc-default-executor-1] INFO  server.RaftServer$Division (RaftServerImpl.java:setRole(285)) - 02f62297-3457-4779-b0f5-2d066303236a@group-7706F0716F6A: changes role from  FOLLOWER to FOLLOWER at term 1 for candidate:a3a98b8b-adcd-408e-bef5-31175bc97024
2021-08-03 13:03:34,683 [grpc-default-executor-1] INFO  impl.RoleInfo (RoleInfo.java:shutdownFollowerState(108)) - 02f62297-3457-4779-b0f5-2d066303236a: shutdown 02f62297-3457-4779-b0f5-2d066303236a@group-7706F0716F6A-FollowerState
2021-08-03 13:03:34,683 [grpc-default-executor-1] INFO  impl.RoleInfo (RoleInfo.java:updateAndGet(130)) - 02f62297-3457-4779-b0f5-2d066303236a: start 02f62297-3457-4779-b0f5-2d066303236a@group-7706F0716F6A-FollowerState
2021-08-03 13:03:34,683 [02f62297-3457-4779-b0f5-2d066303236a@group-7706F0716F6A-FollowerState] INFO  impl.FollowerState (FollowerState.java:run(143)) - 02f62297-3457-4779-b0f5-2d066303236a@group-7706F0716F6A-FollowerState was interrupted: {}
java.lang.InterruptedException: sleep interrupted
	at java.lang.Thread.sleep(Native Method)
	at java.lang.Thread.sleep(Thread.java:340)
	at java.util.concurrent.TimeUnit.sleep(TimeUnit.java:386)
	at org.apache.ratis.util.TimeDuration.sleep(TimeDuration.java:324)
	at org.apache.ratis.util.TimeDuration.sleep(TimeDuration.java:309)
	at org.apache.ratis.server.impl.FollowerState.run(FollowerState.java:118)
2021-08-03 13:03:34,685 [grpc-default-executor-3] INFO  server.RaftServer$Division (RaftServerImpl.java:requestVote(1043)) - 1a688da3-84f6-4ddd-a5bc-f601c4f0f554@group-7706F0716F6A: receive requestVote(ELECTION, a3a98b8b-adcd-408e-bef5-31175bc97024, group-7706F0716F6A, 1, (t:0, i:0))
2021-08-03 13:03:34,685 [grpc-default-executor-3] INFO  impl.VoteContext (VoteContext.java:log(48)) - 1a688da3-84f6-4ddd-a5bc-f601c4f0f554@group-7706F0716F6A-FOLLOWER: reject ELECTION from a3a98b8b-adcd-408e-bef5-31175bc97024: our priority 1 > candidate's priority 0
2021-08-03 13:03:34,686 [grpc-default-executor-3] INFO  server.RaftServer$Division (RaftServerImpl.java:setRole(285)) - 1a688da3-84f6-4ddd-a5bc-f601c4f0f554@group-7706F0716F6A: changes role from  FOLLOWER to FOLLOWER at term 1 for candidate:a3a98b8b-adcd-408e-bef5-31175bc97024
2021-08-03 13:03:34,686 [grpc-default-executor-3] INFO  impl.RoleInfo (RoleInfo.java:shutdownFollowerState(108)) - 1a688da3-84f6-4ddd-a5bc-f601c4f0f554: shutdown 1a688da3-84f6-4ddd-a5bc-f601c4f0f554@group-7706F0716F6A-FollowerState
2021-08-03 13:03:34,686 [grpc-default-executor-3] INFO  impl.RoleInfo (RoleInfo.java:updateAndGet(130)) - 1a688da3-84f6-4ddd-a5bc-f601c4f0f554: start 1a688da3-84f6-4ddd-a5bc-f601c4f0f554@group-7706F0716F6A-FollowerState
2021-08-03 13:03:34,686 [1a688da3-84f6-4ddd-a5bc-f601c4f0f554@group-7706F0716F6A-FollowerState] INFO  impl.FollowerState (FollowerState.java:run(143)) - 1a688da3-84f6-4ddd-a5bc-f601c4f0f554@group-7706F0716F6A-FollowerState was interrupted: {}
java.lang.InterruptedException: sleep interrupted
	at java.lang.Thread.sleep(Native Method)
	at java.lang.Thread.sleep(Thread.java:340)
	at java.util.concurrent.TimeUnit.sleep(TimeUnit.java:386)
	at org.apache.ratis.util.TimeDuration.sleep(TimeDuration.java:324)
	at org.apache.ratis.util.TimeDuration.sleep(TimeDuration.java:309)
	at org.apache.ratis.server.impl.FollowerState.run(FollowerState.java:118)
2021-08-03 13:03:34,687 [grpc-default-executor-1] INFO  server.RaftServer$Division (RaftServerImpl.java:requestVote(1075)) - 02f62297-3457-4779-b0f5-2d066303236a@group-7706F0716F6A replies to ELECTION vote request: a3a98b8b-adcd-408e-bef5-31175bc97024<-02f62297-3457-4779-b0f5-2d066303236a#0:OK-t1. Peer's state: 02f62297-3457-4779-b0f5-2d066303236a@group-7706F0716F6A:t1, leader=null, voted=a3a98b8b-adcd-408e-bef5-31175bc97024, raftlog=02f62297-3457-4779-b0f5-2d066303236a@group-7706F0716F6A-SegmentedRaftLog:OPENED:c-1,f-1,i0, conf=-1: [02f62297-3457-4779-b0f5-2d066303236a|rpc:10.1.0.54:45971|dataStream:|priority:0, 1a688da3-84f6-4ddd-a5bc-f601c4f0f554|rpc:10.1.0.54:37247|dataStream:|priority:1, a3a98b8b-adcd-408e-bef5-31175bc97024|rpc:10.1.0.54:39883|dataStream:|priority:0], old=null
2021-08-03 13:03:34,688 [grpc-default-executor-3] INFO  server.RaftServer$Division (RaftServerImpl.java:requestVote(1075)) - 1a688da3-84f6-4ddd-a5bc-f601c4f0f554@group-7706F0716F6A replies to ELECTION vote request: a3a98b8b-adcd-408e-bef5-31175bc97024<-1a688da3-84f6-4ddd-a5bc-f601c4f0f554#0:FAIL-t1. Peer's state: 1a688da3-84f6-4ddd-a5bc-f601c4f0f554@group-7706F0716F6A:t1, leader=null, voted=null, raftlog=1a688da3-84f6-4ddd-a5bc-f601c4f0f554@group-7706F0716F6A-SegmentedRaftLog:OPENED:c-1,f-1,i0, conf=-1: [02f62297-3457-4779-b0f5-2d066303236a|rpc:10.1.0.54:45971|priority:0, 1a688da3-84f6-4ddd-a5bc-f601c4f0f554|rpc:10.1.0.54:37247|priority:1, a3a98b8b-adcd-408e-bef5-31175bc97024|rpc:10.1.0.54:39883|priority:0], old=null
2021-08-03 13:03:34,688 [a3a98b8b-adcd-408e-bef5-31175bc97024@group-7706F0716F6A-LeaderElection32] INFO  impl.LeaderElection (LeaderElection.java:logAndReturn(89)) - a3a98b8b-adcd-408e-bef5-31175bc97024@group-7706F0716F6A-LeaderElection32: ELECTION REJECTED received 2 response(s) and 0 exception(s):
2021-08-03 13:03:34,689 [a3a98b8b-adcd-408e-bef5-31175bc97024@group-7706F0716F6A-LeaderElection32] INFO  impl.LeaderElection (LeaderElection.java:logAndReturn(93)) -   Response 0: a3a98b8b-adcd-408e-bef5-31175bc97024<-02f62297-3457-4779-b0f5-2d066303236a#0:OK-t1
2021-08-03 13:03:34,689 [a3a98b8b-adcd-408e-bef5-31175bc97024@group-7706F0716F6A-LeaderElection32] INFO  impl.LeaderElection (LeaderElection.java:logAndReturn(93)) -   Response 1: a3a98b8b-adcd-408e-bef5-31175bc97024<-1a688da3-84f6-4ddd-a5bc-f601c4f0f554#0:FAIL-t1
2021-08-03 13:03:34,689 [a3a98b8b-adcd-408e-bef5-31175bc97024@group-7706F0716F6A-LeaderElection32] INFO  impl.LeaderElection (LeaderElection.java:askForVotes(308)) - a3a98b8b-adcd-408e-bef5-31175bc97024@group-7706F0716F6A-LeaderElection32 ELECTION round 0: result REJECTED
2021-08-03 13:03:34,689 [a3a98b8b-adcd-408e-bef5-31175bc97024@group-7706F0716F6A-LeaderElection32] INFO  server.RaftServer$Division (RaftServerImpl.java:setRole(285)) - a3a98b8b-adcd-408e-bef5-31175bc97024@group-7706F0716F6A: changes role from CANDIDATE to FOLLOWER at term 1 for REJECTED
2021-08-03 13:03:34,689 [a3a98b8b-adcd-408e-bef5-31175bc97024@group-7706F0716F6A-LeaderElection32] INFO  impl.RoleInfo (RoleInfo.java:shutdownLeaderElection(121)) - a3a98b8b-adcd-408e-bef5-31175bc97024: shutdown a3a98b8b-adcd-408e-bef5-31175bc97024@group-7706F0716F6A-LeaderElection32
2021-08-03 13:03:34,689 [a3a98b8b-adcd-408e-bef5-31175bc97024@group-7706F0716F6A-LeaderElection32] INFO  impl.RoleInfo (RoleInfo.java:updateAndGet(130)) - a3a98b8b-adcd-408e-bef5-31175bc97024: start a3a98b8b-adcd-408e-bef5-31175bc97024@group-7706F0716F6A-FollowerState
2021-08-03 13:03:34,731 [1a688da3-84f6-4ddd-a5bc-f601c4f0f554@group-D63A17F1530E-FollowerState] INFO  impl.FollowerState (FollowerState.java:run(134)) - 1a688da3-84f6-4ddd-a5bc-f601c4f0f554@group-D63A17F1530E-FollowerState: change to CANDIDATE, lastRpcElapsedTime:5194936387ns, electionTimeout:5194ms
2021-08-03 13:03:34,732 [1a688da3-84f6-4ddd-a5bc-f601c4f0f554@group-D63A17F1530E-FollowerState] INFO  impl.RoleInfo (RoleInfo.java:shutdownFollowerState(108)) - 1a688da3-84f6-4ddd-a5bc-f601c4f0f554: shutdown 1a688da3-84f6-4ddd-a5bc-f601c4f0f554@group-D63A17F1530E-FollowerState
2021-08-03 13:03:34,732 [1a688da3-84f6-4ddd-a5bc-f601c4f0f554@group-D63A17F1530E-FollowerState] INFO  server.RaftServer$Division (RaftServerImpl.java:setRole(285)) - 1a688da3-84f6-4ddd-a5bc-f601c4f0f554@group-D63A17F1530E: changes role from  FOLLOWER to CANDIDATE at term 0 for changeToCandidate
2021-08-03 13:03:34,732 [1a688da3-84f6-4ddd-a5bc-f601c4f0f554@group-D63A17F1530E-FollowerState] INFO  server.RaftServerConfigKeys (ConfUtils.java:logGet(44)) - raft.server.leaderelection.pre-vote = false (custom)
2021-08-03 13:03:34,732 [1a688da3-84f6-4ddd-a5bc-f601c4f0f554@group-D63A17F1530E-FollowerState] INFO  impl.RoleInfo (RoleInfo.java:updateAndGet(130)) - 1a688da3-84f6-4ddd-a5bc-f601c4f0f554: start 1a688da3-84f6-4ddd-a5bc-f601c4f0f554@group-D63A17F1530E-LeaderElection33
2021-08-03 13:03:34,734 [1a688da3-84f6-4ddd-a5bc-f601c4f0f554@group-D63A17F1530E-LeaderElection33] INFO  impl.LeaderElection (LeaderElection.java:askForVotes(306)) - 1a688da3-84f6-4ddd-a5bc-f601c4f0f554@group-D63A17F1530E-LeaderElection33 ELECTION round 0: submit vote requests at term 1 for -1: [1a688da3-84f6-4ddd-a5bc-f601c4f0f554|rpc:10.1.0.54:37247|priority:1], old=null
2021-08-03 13:03:34,734 [1a688da3-84f6-4ddd-a5bc-f601c4f0f554@group-D63A17F1530E-LeaderElection33] INFO  impl.LeaderElection (LeaderElection.java:askForVotes(308)) - 1a688da3-84f6-4ddd-a5bc-f601c4f0f554@group-D63A17F1530E-LeaderElection33 ELECTION round 0: result PASSED (term=1)
2021-08-03 13:03:34,734 [1a688da3-84f6-4ddd-a5bc-f601c4f0f554@group-D63A17F1530E-LeaderElection33] INFO  impl.RoleInfo (RoleInfo.java:shutdownLeaderElection(121)) - 1a688da3-84f6-4ddd-a5bc-f601c4f0f554: shutdown 1a688da3-84f6-4ddd-a5bc-f601c4f0f554@group-D63A17F1530E-LeaderElection33
2021-08-03 13:03:34,734 [1a688da3-84f6-4ddd-a5bc-f601c4f0f554@group-D63A17F1530E-LeaderElection33] INFO  server.RaftServer$Division (RaftServerImpl.java:setRole(285)) - 1a688da3-84f6-4ddd-a5bc-f601c4f0f554@group-D63A17F1530E: changes role from CANDIDATE to LEADER at term 1 for changeToLeader
2021-08-03 13:03:34,734 [1a688da3-84f6-4ddd-a5bc-f601c4f0f554@group-D63A17F1530E-LeaderElection33] INFO  ratis.XceiverServerRatis (XceiverServerRatis.java:handleLeaderChangedNotification(857)) - Leader change notification received for group: group-D63A17F1530E with new leaderId: 1a688da3-84f6-4ddd-a5bc-f601c4f0f554
2021-08-03 13:03:34,734 [1a688da3-84f6-4ddd-a5bc-f601c4f0f554@group-D63A17F1530E-LeaderElection33] INFO  server.RaftServer$Division (ServerState.java:setLeader(285)) - 1a688da3-84f6-4ddd-a5bc-f601c4f0f554@group-D63A17F1530E: change Leader from null to 1a688da3-84f6-4ddd-a5bc-f601c4f0f554 at term 1 for becomeLeader, leader elected after 5204ms
2021-08-03 13:03:34,735 [1a688da3-84f6-4ddd-a5bc-f601c4f0f554@group-D63A17F1530E-LeaderElection33] INFO  server.RaftServerConfigKeys (ConfUtils.java:logGet(44)) - raft.server.staging.catchup.gap = 1000 (default)
2021-08-03 13:03:34,735 [EventQueue-OpenPipelineForHealthyPipelineSafeModeRule] INFO  safemode.SCMSafeModeManager (HealthyPipelineSafeModeRule.java:process(124)) - SCM in safe mode. Healthy pipelines reported count is 0, required healthy pipeline reported count is 1
2021-08-03 13:03:34,735 [1a688da3-84f6-4ddd-a5bc-f601c4f0f554@group-D63A17F1530E-LeaderElection33] INFO  server.RaftServerConfigKeys (ConfUtils.java:logGet(44)) - raft.server.write.element-limit = 1024 (custom)
2021-08-03 13:03:34,735 [1a688da3-84f6-4ddd-a5bc-f601c4f0f554@group-D63A17F1530E-LeaderElection33] INFO  server.RaftServerConfigKeys (ConfUtils.java:logGet(44)) - raft.server.write.byte-limit = 1073741824 (custom)
2021-08-03 13:03:34,736 [1a688da3-84f6-4ddd-a5bc-f601c4f0f554@group-D63A17F1530E-LeaderElection33] INFO  server.RaftServerConfigKeys (ConfUtils.java:logGet(44)) - raft.server.watch.timeout = 180s (custom)
2021-08-03 13:03:34,736 [1a688da3-84f6-4ddd-a5bc-f601c4f0f554@group-D63A17F1530E-LeaderElection33] INFO  server.RaftServerConfigKeys (ConfUtils.java:logGet(44)) - raft.server.watch.timeout.denomination = 1s (default)
2021-08-03 13:03:34,736 [1a688da3-84f6-4ddd-a5bc-f601c4f0f554@group-D63A17F1530E-LeaderElection33] INFO  server.RaftServerConfigKeys (ConfUtils.java:logGet(44)) - raft.server.watch.element-limit = 65536 (default)
2021-08-03 13:03:34,736 [1a688da3-84f6-4ddd-a5bc-f601c4f0f554@group-D63A17F1530E-LeaderElection33] INFO  impl.RoleInfo (RoleInfo.java:updateAndGet(130)) - 1a688da3-84f6-4ddd-a5bc-f601c4f0f554: start 1a688da3-84f6-4ddd-a5bc-f601c4f0f554@group-D63A17F1530E-LeaderStateImpl
2021-08-03 13:03:34,736 [1a688da3-84f6-4ddd-a5bc-f601c4f0f554@group-D63A17F1530E-LeaderElection33] INFO  segmented.SegmentedRaftLogWorker (SegmentedRaftLogWorker.java:startLogSegment(394)) - 1a688da3-84f6-4ddd-a5bc-f601c4f0f554@group-D63A17F1530E-SegmentedRaftLogWorker: Starting segment from index:0
2021-08-03 13:03:34,744 [1a688da3-84f6-4ddd-a5bc-f601c4f0f554@group-D63A17F1530E-LeaderElection33] INFO  server.RaftServer$Division (ServerState.java:setRaftConf(387)) - 1a688da3-84f6-4ddd-a5bc-f601c4f0f554@group-D63A17F1530E: set configuration 0: [1a688da3-84f6-4ddd-a5bc-f601c4f0f554|rpc:10.1.0.54:37247|dataStream:|priority:1], old=null
2021-08-03 13:03:34,744 [1a688da3-84f6-4ddd-a5bc-f601c4f0f554@group-D63A17F1530E-SegmentedRaftLogWorker] INFO  segmented.SegmentedRaftLogWorker (SegmentedRaftLogWorker.java:execute(601)) - 1a688da3-84f6-4ddd-a5bc-f601c4f0f554@group-D63A17F1530E-SegmentedRaftLogWorker: created new log segment /home/runner/work/ozone/ozone/mnt/ozone/hadoop-ozone/integration-test/target/test-dir/MiniOzoneClusterImpl-f5709174-8c02-4eb0-9f51-9d4c6c69deaa/datanode-0/data/ratis/2fed9160-51d1-433d-aee0-d63a17f1530e/current/log_inprogress_0
2021-08-03 13:03:34,867 [a3a98b8b-adcd-408e-bef5-31175bc97024@group-9A69BEDCF44F-FollowerState] INFO  impl.FollowerState (FollowerState.java:run(134)) - a3a98b8b-adcd-408e-bef5-31175bc97024@group-9A69BEDCF44F-FollowerState: change to CANDIDATE, lastRpcElapsedTime:5156897361ns, electionTimeout:5155ms
2021-08-03 13:03:34,868 [a3a98b8b-adcd-408e-bef5-31175bc97024@group-9A69BEDCF44F-FollowerState] INFO  impl.RoleInfo (RoleInfo.java:shutdownFollowerState(108)) - a3a98b8b-adcd-408e-bef5-31175bc97024: shutdown a3a98b8b-adcd-408e-bef5-31175bc97024@group-9A69BEDCF44F-FollowerState
2021-08-03 13:03:34,868 [a3a98b8b-adcd-408e-bef5-31175bc97024@group-9A69BEDCF44F-FollowerState] INFO  server.RaftServer$Division (RaftServerImpl.java:setRole(285)) - a3a98b8b-adcd-408e-bef5-31175bc97024@group-9A69BEDCF44F: changes role from  FOLLOWER to CANDIDATE at term 0 for changeToCandidate
2021-08-03 13:03:34,868 [a3a98b8b-adcd-408e-bef5-31175bc97024@group-9A69BEDCF44F-FollowerState] INFO  server.RaftServerConfigKeys (ConfUtils.java:logGet(44)) - raft.server.leaderelection.pre-vote = false (custom)
2021-08-03 13:03:34,868 [a3a98b8b-adcd-408e-bef5-31175bc97024@group-9A69BEDCF44F-FollowerState] INFO  impl.RoleInfo (RoleInfo.java:updateAndGet(130)) - a3a98b8b-adcd-408e-bef5-31175bc97024: start a3a98b8b-adcd-408e-bef5-31175bc97024@group-9A69BEDCF44F-LeaderElection34
2021-08-03 13:03:34,871 [Listener at 127.0.0.1/42051] INFO  ozone.MiniOzoneClusterImpl (MiniOzoneClusterImpl.java:lambda$waitForClusterToBeReady$0(235)) - Nodes are ready. Got 3 of 3 DN Heartbeats.
2021-08-03 13:03:34,872 [Listener at 127.0.0.1/42051] INFO  ozone.MiniOzoneClusterImpl (MiniOzoneClusterImpl.java:lambda$waitForClusterToBeReady$0(238)) - Waiting for cluster to exit safe mode
2021-08-03 13:03:34,872 [Listener at 127.0.0.1/42051] INFO  ozone.MiniOzoneClusterImpl (MiniOzoneClusterImpl.java:lambda$waitForClusterToBeReady$0(240)) - SCM became leader
2021-08-03 13:03:34,872 [a3a98b8b-adcd-408e-bef5-31175bc97024@group-9A69BEDCF44F-LeaderElection34] INFO  impl.LeaderElection (LeaderElection.java:askForVotes(306)) - a3a98b8b-adcd-408e-bef5-31175bc97024@group-9A69BEDCF44F-LeaderElection34 ELECTION round 0: submit vote requests at term 1 for -1: [a3a98b8b-adcd-408e-bef5-31175bc97024|rpc:10.1.0.54:39883|priority:1], old=null
2021-08-03 13:03:34,872 [a3a98b8b-adcd-408e-bef5-31175bc97024@group-9A69BEDCF44F-LeaderElection34] INFO  impl.LeaderElection (LeaderElection.java:askForVotes(308)) - a3a98b8b-adcd-408e-bef5-31175bc97024@group-9A69BEDCF44F-LeaderElection34 ELECTION round 0: result PASSED (term=1)
2021-08-03 13:03:34,872 [a3a98b8b-adcd-408e-bef5-31175bc97024@group-9A69BEDCF44F-LeaderElection34] INFO  impl.RoleInfo (RoleInfo.java:shutdownLeaderElection(121)) - a3a98b8b-adcd-408e-bef5-31175bc97024: shutdown a3a98b8b-adcd-408e-bef5-31175bc97024@group-9A69BEDCF44F-LeaderElection34
2021-08-03 13:03:34,873 [a3a98b8b-adcd-408e-bef5-31175bc97024@group-9A69BEDCF44F-LeaderElection34] INFO  server.RaftServer$Division (RaftServerImpl.java:setRole(285)) - a3a98b8b-adcd-408e-bef5-31175bc97024@group-9A69BEDCF44F: changes role from CANDIDATE to LEADER at term 1 for changeToLeader
2021-08-03 13:03:34,873 [a3a98b8b-adcd-408e-bef5-31175bc97024@group-9A69BEDCF44F-LeaderElection34] INFO  ratis.XceiverServerRatis (XceiverServerRatis.java:handleLeaderChangedNotification(857)) - Leader change notification received for group: group-9A69BEDCF44F with new leaderId: a3a98b8b-adcd-408e-bef5-31175bc97024
2021-08-03 13:03:34,873 [a3a98b8b-adcd-408e-bef5-31175bc97024@group-9A69BEDCF44F-LeaderElection34] INFO  server.RaftServer$Division (ServerState.java:setLeader(285)) - a3a98b8b-adcd-408e-bef5-31175bc97024@group-9A69BEDCF44F: change Leader from null to a3a98b8b-adcd-408e-bef5-31175bc97024 at term 1 for becomeLeader, leader elected after 5172ms
2021-08-03 13:03:34,873 [a3a98b8b-adcd-408e-bef5-31175bc97024@group-9A69BEDCF44F-LeaderElection34] INFO  server.RaftServerConfigKeys (ConfUtils.java:logGet(44)) - raft.server.staging.catchup.gap = 1000 (default)
2021-08-03 13:03:34,873 [Datanode State Machine Thread - 0] WARN  statemachine.StateContext (StateContext.java:execute(621)) - No available thread in pool for past 1 seconds.
2021-08-03 13:03:34,877 [EventQueue-OpenPipelineForHealthyPipelineSafeModeRule] INFO  safemode.SCMSafeModeManager (HealthyPipelineSafeModeRule.java:process(124)) - SCM in safe mode. Healthy pipelines reported count is 0, required healthy pipeline reported count is 1
2021-08-03 13:03:34,877 [a3a98b8b-adcd-408e-bef5-31175bc97024@group-9A69BEDCF44F-LeaderElection34] INFO  server.RaftServerConfigKeys (ConfUtils.java:logGet(44)) - raft.server.write.element-limit = 1024 (custom)
2021-08-03 13:03:34,878 [a3a98b8b-adcd-408e-bef5-31175bc97024@group-9A69BEDCF44F-LeaderElection34] INFO  server.RaftServerConfigKeys (ConfUtils.java:logGet(44)) - raft.server.write.byte-limit = 1073741824 (custom)
2021-08-03 13:03:34,878 [a3a98b8b-adcd-408e-bef5-31175bc97024@group-9A69BEDCF44F-LeaderElection34] INFO  server.RaftServerConfigKeys (ConfUtils.java:logGet(44)) - raft.server.watch.timeout = 180s (custom)
2021-08-03 13:03:34,878 [a3a98b8b-adcd-408e-bef5-31175bc97024@group-9A69BEDCF44F-LeaderElection34] INFO  server.RaftServerConfigKeys (ConfUtils.java:logGet(44)) - raft.server.watch.timeout.denomination = 1s (default)
2021-08-03 13:03:34,878 [a3a98b8b-adcd-408e-bef5-31175bc97024@group-9A69BEDCF44F-LeaderElection34] INFO  server.RaftServerConfigKeys (ConfUtils.java:logGet(44)) - raft.server.watch.element-limit = 65536 (default)
2021-08-03 13:03:34,878 [a3a98b8b-adcd-408e-bef5-31175bc97024@group-9A69BEDCF44F-LeaderElection34] INFO  impl.RoleInfo (RoleInfo.java:updateAndGet(130)) - a3a98b8b-adcd-408e-bef5-31175bc97024: start a3a98b8b-adcd-408e-bef5-31175bc97024@group-9A69BEDCF44F-LeaderStateImpl
2021-08-03 13:03:34,878 [a3a98b8b-adcd-408e-bef5-31175bc97024@group-9A69BEDCF44F-LeaderElection34] INFO  segmented.SegmentedRaftLogWorker (SegmentedRaftLogWorker.java:startLogSegment(394)) - a3a98b8b-adcd-408e-bef5-31175bc97024@group-9A69BEDCF44F-SegmentedRaftLogWorker: Starting segment from index:0
2021-08-03 13:03:34,880 [a3a98b8b-adcd-408e-bef5-31175bc97024@group-9A69BEDCF44F-SegmentedRaftLogWorker] INFO  segmented.SegmentedRaftLogWorker (SegmentedRaftLogWorker.java:execute(601)) - a3a98b8b-adcd-408e-bef5-31175bc97024@group-9A69BEDCF44F-SegmentedRaftLogWorker: created new log segment /home/runner/work/ozone/ozone/mnt/ozone/hadoop-ozone/integration-test/target/test-dir/MiniOzoneClusterImpl-f5709174-8c02-4eb0-9f51-9d4c6c69deaa/datanode-1/data/ratis/eb8470f6-08e8-4b0e-b8e8-9a69bedcf44f/current/log_inprogress_0
2021-08-03 13:03:34,881 [a3a98b8b-adcd-408e-bef5-31175bc97024@group-9A69BEDCF44F-LeaderElection34] INFO  server.RaftServer$Division (ServerState.java:setRaftConf(387)) - a3a98b8b-adcd-408e-bef5-31175bc97024@group-9A69BEDCF44F: set configuration 0: [a3a98b8b-adcd-408e-bef5-31175bc97024|rpc:10.1.0.54:39883|dataStream:|priority:1], old=null
2021-08-03 13:03:35,067 [02f62297-3457-4779-b0f5-2d066303236a@group-C82065336D4E-FollowerState] INFO  impl.FollowerState (FollowerState.java:run(134)) - 02f62297-3457-4779-b0f5-2d066303236a@group-C82065336D4E-FollowerState: change to CANDIDATE, lastRpcElapsedTime:5177299519ns, electionTimeout:5176ms
2021-08-03 13:03:35,067 [02f62297-3457-4779-b0f5-2d066303236a@group-C82065336D4E-FollowerState] INFO  impl.RoleInfo (RoleInfo.java:shutdownFollowerState(108)) - 02f62297-3457-4779-b0f5-2d066303236a: shutdown 02f62297-3457-4779-b0f5-2d066303236a@group-C82065336D4E-FollowerState
2021-08-03 13:03:35,067 [02f62297-3457-4779-b0f5-2d066303236a@group-C82065336D4E-FollowerState] INFO  server.RaftServer$Division (RaftServerImpl.java:setRole(285)) - 02f62297-3457-4779-b0f5-2d066303236a@group-C82065336D4E: changes role from  FOLLOWER to CANDIDATE at term 0 for changeToCandidate
2021-08-03 13:03:35,067 [02f62297-3457-4779-b0f5-2d066303236a@group-C82065336D4E-FollowerState] INFO  server.RaftServerConfigKeys (ConfUtils.java:logGet(44)) - raft.server.leaderelection.pre-vote = false (custom)
2021-08-03 13:03:35,067 [02f62297-3457-4779-b0f5-2d066303236a@group-C82065336D4E-FollowerState] INFO  impl.RoleInfo (RoleInfo.java:updateAndGet(130)) - 02f62297-3457-4779-b0f5-2d066303236a: start 02f62297-3457-4779-b0f5-2d066303236a@group-C82065336D4E-LeaderElection35
2021-08-03 13:03:35,070 [02f62297-3457-4779-b0f5-2d066303236a@group-C82065336D4E-LeaderElection35] INFO  impl.LeaderElection (LeaderElection.java:askForVotes(306)) - 02f62297-3457-4779-b0f5-2d066303236a@group-C82065336D4E-LeaderElection35 ELECTION round 0: submit vote requests at term 1 for -1: [02f62297-3457-4779-b0f5-2d066303236a|rpc:10.1.0.54:45971|priority:1], old=null
2021-08-03 13:03:35,070 [02f62297-3457-4779-b0f5-2d066303236a@group-C82065336D4E-LeaderElection35] INFO  impl.LeaderElection (LeaderElection.java:askForVotes(308)) - 02f62297-3457-4779-b0f5-2d066303236a@group-C82065336D4E-LeaderElection35 ELECTION round 0: result PASSED (term=1)
2021-08-03 13:03:35,070 [02f62297-3457-4779-b0f5-2d066303236a@group-C82065336D4E-LeaderElection35] INFO  impl.RoleInfo (RoleInfo.java:shutdownLeaderElection(121)) - 02f62297-3457-4779-b0f5-2d066303236a: shutdown 02f62297-3457-4779-b0f5-2d066303236a@group-C82065336D4E-LeaderElection35
2021-08-03 13:03:35,070 [02f62297-3457-4779-b0f5-2d066303236a@group-C82065336D4E-LeaderElection35] INFO  server.RaftServer$Division (RaftServerImpl.java:setRole(285)) - 02f62297-3457-4779-b0f5-2d066303236a@group-C82065336D4E: changes role from CANDIDATE to LEADER at term 1 for changeToLeader
2021-08-03 13:03:35,070 [02f62297-3457-4779-b0f5-2d066303236a@group-C82065336D4E-LeaderElection35] INFO  ratis.XceiverServerRatis (XceiverServerRatis.java:handleLeaderChangedNotification(857)) - Leader change notification received for group: group-C82065336D4E with new leaderId: 02f62297-3457-4779-b0f5-2d066303236a
2021-08-03 13:03:35,070 [Datanode State Machine Thread - 0] WARN  statemachine.StateContext (StateContext.java:execute(621)) - No available thread in pool for past 1 seconds.
2021-08-03 13:03:35,071 [02f62297-3457-4779-b0f5-2d066303236a@group-C82065336D4E-LeaderElection35] INFO  server.RaftServer$Division (ServerState.java:setLeader(285)) - 02f62297-3457-4779-b0f5-2d066303236a@group-C82065336D4E: change Leader from null to 02f62297-3457-4779-b0f5-2d066303236a at term 1 for becomeLeader, leader elected after 5184ms
2021-08-03 13:03:35,071 [02f62297-3457-4779-b0f5-2d066303236a@group-C82065336D4E-LeaderElection35] INFO  server.RaftServerConfigKeys (ConfUtils.java:logGet(44)) - raft.server.staging.catchup.gap = 1000 (default)
2021-08-03 13:03:35,071 [02f62297-3457-4779-b0f5-2d066303236a@group-C82065336D4E-LeaderElection35] INFO  server.RaftServerConfigKeys (ConfUtils.java:logGet(44)) - raft.server.write.element-limit = 1024 (custom)
2021-08-03 13:03:35,071 [02f62297-3457-4779-b0f5-2d066303236a@group-C82065336D4E-LeaderElection35] INFO  server.RaftServerConfigKeys (ConfUtils.java:logGet(44)) - raft.server.write.byte-limit = 1073741824 (custom)
2021-08-03 13:03:35,071 [02f62297-3457-4779-b0f5-2d066303236a@group-C82065336D4E-LeaderElection35] INFO  server.RaftServerConfigKeys (ConfUtils.java:logGet(44)) - raft.server.watch.timeout = 180s (custom)
2021-08-03 13:03:35,071 [02f62297-3457-4779-b0f5-2d066303236a@group-C82065336D4E-LeaderElection35] INFO  server.RaftServerConfigKeys (ConfUtils.java:logGet(44)) - raft.server.watch.timeout.denomination = 1s (default)
2021-08-03 13:03:35,072 [02f62297-3457-4779-b0f5-2d066303236a@group-C82065336D4E-LeaderElection35] INFO  server.RaftServerConfigKeys (ConfUtils.java:logGet(44)) - raft.server.watch.element-limit = 65536 (default)
2021-08-03 13:03:35,072 [02f62297-3457-4779-b0f5-2d066303236a@group-C82065336D4E-LeaderElection35] INFO  impl.RoleInfo (RoleInfo.java:updateAndGet(130)) - 02f62297-3457-4779-b0f5-2d066303236a: start 02f62297-3457-4779-b0f5-2d066303236a@group-C82065336D4E-LeaderStateImpl
2021-08-03 13:03:35,072 [02f62297-3457-4779-b0f5-2d066303236a@group-C82065336D4E-LeaderElection35] INFO  segmented.SegmentedRaftLogWorker (SegmentedRaftLogWorker.java:startLogSegment(394)) - 02f62297-3457-4779-b0f5-2d066303236a@group-C82065336D4E-SegmentedRaftLogWorker: Starting segment from index:0
2021-08-03 13:03:35,074 [02f62297-3457-4779-b0f5-2d066303236a@group-C82065336D4E-SegmentedRaftLogWorker] INFO  segmented.SegmentedRaftLogWorker (SegmentedRaftLogWorker.java:execute(601)) - 02f62297-3457-4779-b0f5-2d066303236a@group-C82065336D4E-SegmentedRaftLogWorker: created new log segment /home/runner/work/ozone/ozone/mnt/ozone/hadoop-ozone/integration-test/target/test-dir/MiniOzoneClusterImpl-f5709174-8c02-4eb0-9f51-9d4c6c69deaa/datanode-2/data/ratis/f3ce2ca7-3ab8-48af-ae6e-c82065336d4e/current/log_inprogress_0
2021-08-03 13:03:35,074 [EventQueue-OpenPipelineForHealthyPipelineSafeModeRule] INFO  safemode.SCMSafeModeManager (HealthyPipelineSafeModeRule.java:process(124)) - SCM in safe mode. Healthy pipelines reported count is 0, required healthy pipeline reported count is 1
2021-08-03 13:03:35,084 [02f62297-3457-4779-b0f5-2d066303236a@group-C82065336D4E-LeaderElection35] INFO  server.RaftServer$Division (ServerState.java:setRaftConf(387)) - 02f62297-3457-4779-b0f5-2d066303236a@group-C82065336D4E: set configuration 0: [02f62297-3457-4779-b0f5-2d066303236a|rpc:10.1.0.54:45971|dataStream:|priority:1], old=null
2021-08-03 13:03:35,872 [Listener at 127.0.0.1/42051] INFO  ozone.MiniOzoneClusterImpl (MiniOzoneClusterImpl.java:lambda$waitForClusterToBeReady$0(235)) - Nodes are ready. Got 3 of 3 DN Heartbeats.
2021-08-03 13:03:35,872 [Listener at 127.0.0.1/42051] INFO  ozone.MiniOzoneClusterImpl (MiniOzoneClusterImpl.java:lambda$waitForClusterToBeReady$0(238)) - Waiting for cluster to exit safe mode
2021-08-03 13:03:35,872 [Listener at 127.0.0.1/42051] INFO  ozone.MiniOzoneClusterImpl (MiniOzoneClusterImpl.java:lambda$waitForClusterToBeReady$0(240)) - SCM became leader
2021-08-03 13:03:36,873 [Listener at 127.0.0.1/42051] INFO  ozone.MiniOzoneClusterImpl (MiniOzoneClusterImpl.java:lambda$waitForClusterToBeReady$0(235)) - Nodes are ready. Got 3 of 3 DN Heartbeats.
2021-08-03 13:03:36,873 [Listener at 127.0.0.1/42051] INFO  ozone.MiniOzoneClusterImpl (MiniOzoneClusterImpl.java:lambda$waitForClusterToBeReady$0(238)) - Waiting for cluster to exit safe mode
2021-08-03 13:03:36,873 [Listener at 127.0.0.1/42051] INFO  ozone.MiniOzoneClusterImpl (MiniOzoneClusterImpl.java:lambda$waitForClusterToBeReady$0(240)) - SCM became leader
2021-08-03 13:03:37,873 [Listener at 127.0.0.1/42051] INFO  ozone.MiniOzoneClusterImpl (MiniOzoneClusterImpl.java:lambda$waitForClusterToBeReady$0(235)) - Nodes are ready. Got 3 of 3 DN Heartbeats.
2021-08-03 13:03:37,873 [Listener at 127.0.0.1/42051] INFO  ozone.MiniOzoneClusterImpl (MiniOzoneClusterImpl.java:lambda$waitForClusterToBeReady$0(238)) - Waiting for cluster to exit safe mode
2021-08-03 13:03:37,873 [Listener at 127.0.0.1/42051] INFO  ozone.MiniOzoneClusterImpl (MiniOzoneClusterImpl.java:lambda$waitForClusterToBeReady$0(240)) - SCM became leader
2021-08-03 13:03:38,874 [Listener at 127.0.0.1/42051] INFO  ozone.MiniOzoneClusterImpl (MiniOzoneClusterImpl.java:lambda$waitForClusterToBeReady$0(235)) - Nodes are ready. Got 3 of 3 DN Heartbeats.
2021-08-03 13:03:38,874 [Listener at 127.0.0.1/42051] INFO  ozone.MiniOzoneClusterImpl (MiniOzoneClusterImpl.java:lambda$waitForClusterToBeReady$0(238)) - Waiting for cluster to exit safe mode
2021-08-03 13:03:38,874 [Listener at 127.0.0.1/42051] INFO  ozone.MiniOzoneClusterImpl (MiniOzoneClusterImpl.java:lambda$waitForClusterToBeReady$0(240)) - SCM became leader
2021-08-03 13:03:39,695 [a3a98b8b-adcd-408e-bef5-31175bc97024@group-7706F0716F6A-FollowerState] INFO  impl.FollowerState (FollowerState.java:run(134)) - a3a98b8b-adcd-408e-bef5-31175bc97024@group-7706F0716F6A-FollowerState: change to CANDIDATE, lastRpcElapsedTime:5005730016ns, electionTimeout:5005ms
2021-08-03 13:03:39,695 [a3a98b8b-adcd-408e-bef5-31175bc97024@group-7706F0716F6A-FollowerState] INFO  impl.RoleInfo (RoleInfo.java:shutdownFollowerState(108)) - a3a98b8b-adcd-408e-bef5-31175bc97024: shutdown a3a98b8b-adcd-408e-bef5-31175bc97024@group-7706F0716F6A-FollowerState
2021-08-03 13:03:39,695 [a3a98b8b-adcd-408e-bef5-31175bc97024@group-7706F0716F6A-FollowerState] INFO  server.RaftServer$Division (RaftServerImpl.java:setRole(285)) - a3a98b8b-adcd-408e-bef5-31175bc97024@group-7706F0716F6A: changes role from  FOLLOWER to CANDIDATE at term 1 for changeToCandidate
2021-08-03 13:03:39,696 [a3a98b8b-adcd-408e-bef5-31175bc97024@group-7706F0716F6A-FollowerState] INFO  server.RaftServerConfigKeys (ConfUtils.java:logGet(44)) - raft.server.leaderelection.pre-vote = false (custom)
2021-08-03 13:03:39,696 [a3a98b8b-adcd-408e-bef5-31175bc97024@group-7706F0716F6A-FollowerState] INFO  impl.RoleInfo (RoleInfo.java:updateAndGet(130)) - a3a98b8b-adcd-408e-bef5-31175bc97024: start a3a98b8b-adcd-408e-bef5-31175bc97024@group-7706F0716F6A-LeaderElection36
2021-08-03 13:03:39,701 [a3a98b8b-adcd-408e-bef5-31175bc97024@group-7706F0716F6A-LeaderElection36] INFO  impl.LeaderElection (LeaderElection.java:askForVotes(306)) - a3a98b8b-adcd-408e-bef5-31175bc97024@group-7706F0716F6A-LeaderElection36 ELECTION round 0: submit vote requests at term 2 for -1: [02f62297-3457-4779-b0f5-2d066303236a|rpc:10.1.0.54:45971|dataStream:|priority:0, 1a688da3-84f6-4ddd-a5bc-f601c4f0f554|rpc:10.1.0.54:37247|dataStream:|priority:1, a3a98b8b-adcd-408e-bef5-31175bc97024|rpc:10.1.0.54:39883|dataStream:|priority:0], old=null
2021-08-03 13:03:39,704 [grpc-default-executor-3] INFO  server.RaftServer$Division (RaftServerImpl.java:requestVote(1043)) - 1a688da3-84f6-4ddd-a5bc-f601c4f0f554@group-7706F0716F6A: receive requestVote(ELECTION, a3a98b8b-adcd-408e-bef5-31175bc97024, group-7706F0716F6A, 2, (t:0, i:0))
2021-08-03 13:03:39,704 [grpc-default-executor-3] INFO  impl.VoteContext (VoteContext.java:log(48)) - 1a688da3-84f6-4ddd-a5bc-f601c4f0f554@group-7706F0716F6A-FOLLOWER: reject ELECTION from a3a98b8b-adcd-408e-bef5-31175bc97024: our priority 1 > candidate's priority 0
2021-08-03 13:03:39,704 [grpc-default-executor-3] INFO  server.RaftServer$Division (RaftServerImpl.java:setRole(285)) - 1a688da3-84f6-4ddd-a5bc-f601c4f0f554@group-7706F0716F6A: changes role from  FOLLOWER to FOLLOWER at term 2 for candidate:a3a98b8b-adcd-408e-bef5-31175bc97024
2021-08-03 13:03:39,704 [grpc-default-executor-3] INFO  impl.RoleInfo (RoleInfo.java:shutdownFollowerState(108)) - 1a688da3-84f6-4ddd-a5bc-f601c4f0f554: shutdown 1a688da3-84f6-4ddd-a5bc-f601c4f0f554@group-7706F0716F6A-FollowerState
2021-08-03 13:03:39,704 [grpc-default-executor-3] INFO  impl.RoleInfo (RoleInfo.java:updateAndGet(130)) - 1a688da3-84f6-4ddd-a5bc-f601c4f0f554: start 1a688da3-84f6-4ddd-a5bc-f601c4f0f554@group-7706F0716F6A-FollowerState
2021-08-03 13:03:39,704 [1a688da3-84f6-4ddd-a5bc-f601c4f0f554@group-7706F0716F6A-FollowerState] INFO  impl.FollowerState (FollowerState.java:run(143)) - 1a688da3-84f6-4ddd-a5bc-f601c4f0f554@group-7706F0716F6A-FollowerState was interrupted: {}
java.lang.InterruptedException: sleep interrupted
	at java.lang.Thread.sleep(Native Method)
	at java.lang.Thread.sleep(Thread.java:340)
	at java.util.concurrent.TimeUnit.sleep(TimeUnit.java:386)
	at org.apache.ratis.util.TimeDuration.sleep(TimeDuration.java:324)
	at org.apache.ratis.util.TimeDuration.sleep(TimeDuration.java:309)
	at org.apache.ratis.server.impl.FollowerState.run(FollowerState.java:118)
2021-08-03 13:03:39,708 [grpc-default-executor-1] INFO  server.RaftServer$Division (RaftServerImpl.java:requestVote(1043)) - 02f62297-3457-4779-b0f5-2d066303236a@group-7706F0716F6A: receive requestVote(ELECTION, a3a98b8b-adcd-408e-bef5-31175bc97024, group-7706F0716F6A, 2, (t:0, i:0))
2021-08-03 13:03:39,709 [grpc-default-executor-3] INFO  server.RaftServer$Division (RaftServerImpl.java:requestVote(1075)) - 1a688da3-84f6-4ddd-a5bc-f601c4f0f554@group-7706F0716F6A replies to ELECTION vote request: a3a98b8b-adcd-408e-bef5-31175bc97024<-1a688da3-84f6-4ddd-a5bc-f601c4f0f554#0:FAIL-t2. Peer's state: 1a688da3-84f6-4ddd-a5bc-f601c4f0f554@group-7706F0716F6A:t2, leader=null, voted=null, raftlog=1a688da3-84f6-4ddd-a5bc-f601c4f0f554@group-7706F0716F6A-SegmentedRaftLog:OPENED:c-1,f-1,i0, conf=-1: [02f62297-3457-4779-b0f5-2d066303236a|rpc:10.1.0.54:45971|priority:0, 1a688da3-84f6-4ddd-a5bc-f601c4f0f554|rpc:10.1.0.54:37247|priority:1, a3a98b8b-adcd-408e-bef5-31175bc97024|rpc:10.1.0.54:39883|priority:0], old=null
2021-08-03 13:03:39,709 [grpc-default-executor-1] INFO  impl.VoteContext (VoteContext.java:log(48)) - 02f62297-3457-4779-b0f5-2d066303236a@group-7706F0716F6A-FOLLOWER: accept ELECTION from a3a98b8b-adcd-408e-bef5-31175bc97024: our priority 0 <= candidate's priority 0
2021-08-03 13:03:39,709 [grpc-default-executor-1] INFO  server.RaftServer$Division (RaftServerImpl.java:setRole(285)) - 02f62297-3457-4779-b0f5-2d066303236a@group-7706F0716F6A: changes role from  FOLLOWER to FOLLOWER at term 2 for candidate:a3a98b8b-adcd-408e-bef5-31175bc97024
2021-08-03 13:03:39,709 [grpc-default-executor-1] INFO  impl.RoleInfo (RoleInfo.java:shutdownFollowerState(108)) - 02f62297-3457-4779-b0f5-2d066303236a: shutdown 02f62297-3457-4779-b0f5-2d066303236a@group-7706F0716F6A-FollowerState
2021-08-03 13:03:39,709 [grpc-default-executor-1] INFO  impl.RoleInfo (RoleInfo.java:updateAndGet(130)) - 02f62297-3457-4779-b0f5-2d066303236a: start 02f62297-3457-4779-b0f5-2d066303236a@group-7706F0716F6A-FollowerState
2021-08-03 13:03:39,709 [02f62297-3457-4779-b0f5-2d066303236a@group-7706F0716F6A-FollowerState] INFO  impl.FollowerState (FollowerState.java:run(143)) - 02f62297-3457-4779-b0f5-2d066303236a@group-7706F0716F6A-FollowerState was interrupted: {}
java.lang.InterruptedException: sleep interrupted
	at java.lang.Thread.sleep(Native Method)
	at java.lang.Thread.sleep(Thread.java:340)
	at java.util.concurrent.TimeUnit.sleep(TimeUnit.java:386)
	at org.apache.ratis.util.TimeDuration.sleep(TimeDuration.java:324)
	at org.apache.ratis.util.TimeDuration.sleep(TimeDuration.java:309)
	at org.apache.ratis.server.impl.FollowerState.run(FollowerState.java:118)
2021-08-03 13:03:39,711 [grpc-default-executor-1] INFO  server.RaftServer$Division (RaftServerImpl.java:requestVote(1075)) - 02f62297-3457-4779-b0f5-2d066303236a@group-7706F0716F6A replies to ELECTION vote request: a3a98b8b-adcd-408e-bef5-31175bc97024<-02f62297-3457-4779-b0f5-2d066303236a#0:OK-t2. Peer's state: 02f62297-3457-4779-b0f5-2d066303236a@group-7706F0716F6A:t2, leader=null, voted=a3a98b8b-adcd-408e-bef5-31175bc97024, raftlog=02f62297-3457-4779-b0f5-2d066303236a@group-7706F0716F6A-SegmentedRaftLog:OPENED:c-1,f-1,i0, conf=-1: [02f62297-3457-4779-b0f5-2d066303236a|rpc:10.1.0.54:45971|dataStream:|priority:0, 1a688da3-84f6-4ddd-a5bc-f601c4f0f554|rpc:10.1.0.54:37247|dataStream:|priority:1, a3a98b8b-adcd-408e-bef5-31175bc97024|rpc:10.1.0.54:39883|dataStream:|priority:0], old=null
2021-08-03 13:03:39,712 [a3a98b8b-adcd-408e-bef5-31175bc97024@group-7706F0716F6A-LeaderElection36] INFO  impl.LeaderElection (LeaderElection.java:logAndReturn(89)) - a3a98b8b-adcd-408e-bef5-31175bc97024@group-7706F0716F6A-LeaderElection36: ELECTION REJECTED received 1 response(s) and 0 exception(s):
2021-08-03 13:03:39,712 [a3a98b8b-adcd-408e-bef5-31175bc97024@group-7706F0716F6A-LeaderElection36] INFO  impl.LeaderElection (LeaderElection.java:logAndReturn(93)) -   Response 0: a3a98b8b-adcd-408e-bef5-31175bc97024<-1a688da3-84f6-4ddd-a5bc-f601c4f0f554#0:FAIL-t2
2021-08-03 13:03:39,712 [a3a98b8b-adcd-408e-bef5-31175bc97024@group-7706F0716F6A-LeaderElection36] INFO  impl.LeaderElection (LeaderElection.java:askForVotes(308)) - a3a98b8b-adcd-408e-bef5-31175bc97024@group-7706F0716F6A-LeaderElection36 ELECTION round 0: result REJECTED
2021-08-03 13:03:39,712 [a3a98b8b-adcd-408e-bef5-31175bc97024@group-7706F0716F6A-LeaderElection36] INFO  server.RaftServer$Division (RaftServerImpl.java:setRole(285)) - a3a98b8b-adcd-408e-bef5-31175bc97024@group-7706F0716F6A: changes role from CANDIDATE to FOLLOWER at term 2 for REJECTED
2021-08-03 13:03:39,712 [a3a98b8b-adcd-408e-bef5-31175bc97024@group-7706F0716F6A-LeaderElection36] INFO  impl.RoleInfo (RoleInfo.java:shutdownLeaderElection(121)) - a3a98b8b-adcd-408e-bef5-31175bc97024: shutdown a3a98b8b-adcd-408e-bef5-31175bc97024@group-7706F0716F6A-LeaderElection36
2021-08-03 13:03:39,712 [a3a98b8b-adcd-408e-bef5-31175bc97024@group-7706F0716F6A-LeaderElection36] INFO  impl.RoleInfo (RoleInfo.java:updateAndGet(130)) - a3a98b8b-adcd-408e-bef5-31175bc97024: start a3a98b8b-adcd-408e-bef5-31175bc97024@group-7706F0716F6A-FollowerState
2021-08-03 13:03:39,747 [a3a98b8b-adcd-408e-bef5-31175bc97024@group-8073AA0E838E-FollowerState] INFO  impl.FollowerState (FollowerState.java:run(134)) - a3a98b8b-adcd-408e-bef5-31175bc97024@group-8073AA0E838E-FollowerState: change to CANDIDATE, lastRpcElapsedTime:5091540625ns, electionTimeout:5091ms
2021-08-03 13:03:39,747 [a3a98b8b-adcd-408e-bef5-31175bc97024@group-8073AA0E838E-FollowerState] INFO  impl.RoleInfo (RoleInfo.java:shutdownFollowerState(108)) - a3a98b8b-adcd-408e-bef5-31175bc97024: shutdown a3a98b8b-adcd-408e-bef5-31175bc97024@group-8073AA0E838E-FollowerState
2021-08-03 13:03:39,747 [a3a98b8b-adcd-408e-bef5-31175bc97024@group-8073AA0E838E-FollowerState] INFO  server.RaftServer$Division (RaftServerImpl.java:setRole(285)) - a3a98b8b-adcd-408e-bef5-31175bc97024@group-8073AA0E838E: changes role from  FOLLOWER to CANDIDATE at term 1 for changeToCandidate
2021-08-03 13:03:39,747 [a3a98b8b-adcd-408e-bef5-31175bc97024@group-8073AA0E838E-FollowerState] INFO  server.RaftServerConfigKeys (ConfUtils.java:logGet(44)) - raft.server.leaderelection.pre-vote = false (custom)
2021-08-03 13:03:39,748 [a3a98b8b-adcd-408e-bef5-31175bc97024@group-8073AA0E838E-FollowerState] INFO  impl.RoleInfo (RoleInfo.java:updateAndGet(130)) - a3a98b8b-adcd-408e-bef5-31175bc97024: start a3a98b8b-adcd-408e-bef5-31175bc97024@group-8073AA0E838E-LeaderElection37
2021-08-03 13:03:39,749 [a3a98b8b-adcd-408e-bef5-31175bc97024@group-8073AA0E838E-LeaderElection37] INFO  impl.LeaderElection (LeaderElection.java:askForVotes(306)) - a3a98b8b-adcd-408e-bef5-31175bc97024@group-8073AA0E838E-LeaderElection37 ELECTION round 0: submit vote requests at term 2 for -1: [02f62297-3457-4779-b0f5-2d066303236a|rpc:10.1.0.54:45971|dataStream:|priority:1, 1a688da3-84f6-4ddd-a5bc-f601c4f0f554|rpc:10.1.0.54:37247|dataStream:|priority:0, a3a98b8b-adcd-408e-bef5-31175bc97024|rpc:10.1.0.54:39883|dataStream:|priority:0], old=null
2021-08-03 13:03:39,751 [grpc-default-executor-1] INFO  server.RaftServer$Division (RaftServerImpl.java:requestVote(1043)) - 02f62297-3457-4779-b0f5-2d066303236a@group-8073AA0E838E: receive requestVote(ELECTION, a3a98b8b-adcd-408e-bef5-31175bc97024, group-8073AA0E838E, 2, (t:0, i:0))
2021-08-03 13:03:39,751 [grpc-default-executor-1] INFO  impl.VoteContext (VoteContext.java:log(48)) - 02f62297-3457-4779-b0f5-2d066303236a@group-8073AA0E838E-FOLLOWER: reject ELECTION from a3a98b8b-adcd-408e-bef5-31175bc97024: our priority 1 > candidate's priority 0
2021-08-03 13:03:39,751 [grpc-default-executor-1] INFO  server.RaftServer$Division (RaftServerImpl.java:setRole(285)) - 02f62297-3457-4779-b0f5-2d066303236a@group-8073AA0E838E: changes role from  FOLLOWER to FOLLOWER at term 2 for candidate:a3a98b8b-adcd-408e-bef5-31175bc97024
2021-08-03 13:03:39,751 [grpc-default-executor-1] INFO  impl.RoleInfo (RoleInfo.java:shutdownFollowerState(108)) - 02f62297-3457-4779-b0f5-2d066303236a: shutdown 02f62297-3457-4779-b0f5-2d066303236a@group-8073AA0E838E-FollowerState
2021-08-03 13:03:39,751 [grpc-default-executor-1] INFO  impl.RoleInfo (RoleInfo.java:updateAndGet(130)) - 02f62297-3457-4779-b0f5-2d066303236a: start 02f62297-3457-4779-b0f5-2d066303236a@group-8073AA0E838E-FollowerState
2021-08-03 13:03:39,751 [02f62297-3457-4779-b0f5-2d066303236a@group-8073AA0E838E-FollowerState] INFO  impl.FollowerState (FollowerState.java:run(143)) - 02f62297-3457-4779-b0f5-2d066303236a@group-8073AA0E838E-FollowerState was interrupted: {}
java.lang.InterruptedException: sleep interrupted
	at java.lang.Thread.sleep(Native Method)
	at java.lang.Thread.sleep(Thread.java:340)
	at java.util.concurrent.TimeUnit.sleep(TimeUnit.java:386)
	at org.apache.ratis.util.TimeDuration.sleep(TimeDuration.java:324)
	at org.apache.ratis.util.TimeDuration.sleep(TimeDuration.java:309)
	at org.apache.ratis.server.impl.FollowerState.run(FollowerState.java:118)
2021-08-03 13:03:39,753 [grpc-default-executor-3] INFO  server.RaftServer$Division (RaftServerImpl.java:requestVote(1043)) - 1a688da3-84f6-4ddd-a5bc-f601c4f0f554@group-8073AA0E838E: receive requestVote(ELECTION, a3a98b8b-adcd-408e-bef5-31175bc97024, group-8073AA0E838E, 2, (t:0, i:0))
2021-08-03 13:03:39,753 [grpc-default-executor-1] INFO  server.RaftServer$Division (RaftServerImpl.java:requestVote(1075)) - 02f62297-3457-4779-b0f5-2d066303236a@group-8073AA0E838E replies to ELECTION vote request: a3a98b8b-adcd-408e-bef5-31175bc97024<-02f62297-3457-4779-b0f5-2d066303236a#0:FAIL-t2. Peer's state: 02f62297-3457-4779-b0f5-2d066303236a@group-8073AA0E838E:t2, leader=null, voted=null, raftlog=02f62297-3457-4779-b0f5-2d066303236a@group-8073AA0E838E-SegmentedRaftLog:OPENED:c-1,f-1,i0, conf=-1: [02f62297-3457-4779-b0f5-2d066303236a|rpc:10.1.0.54:45971|dataStream:|priority:1, 1a688da3-84f6-4ddd-a5bc-f601c4f0f554|rpc:10.1.0.54:37247|dataStream:|priority:0, a3a98b8b-adcd-408e-bef5-31175bc97024|rpc:10.1.0.54:39883|dataStream:|priority:0], old=null
2021-08-03 13:03:39,754 [grpc-default-executor-3] INFO  impl.VoteContext (VoteContext.java:log(48)) - 1a688da3-84f6-4ddd-a5bc-f601c4f0f554@group-8073AA0E838E-FOLLOWER: accept ELECTION from a3a98b8b-adcd-408e-bef5-31175bc97024: our priority 0 <= candidate's priority 0
2021-08-03 13:03:39,756 [grpc-default-executor-3] INFO  server.RaftServer$Division (RaftServerImpl.java:setRole(285)) - 1a688da3-84f6-4ddd-a5bc-f601c4f0f554@group-8073AA0E838E: changes role from  FOLLOWER to FOLLOWER at term 2 for candidate:a3a98b8b-adcd-408e-bef5-31175bc97024
2021-08-03 13:03:39,756 [grpc-default-executor-3] INFO  impl.RoleInfo (RoleInfo.java:shutdownFollowerState(108)) - 1a688da3-84f6-4ddd-a5bc-f601c4f0f554: shutdown 1a688da3-84f6-4ddd-a5bc-f601c4f0f554@group-8073AA0E838E-FollowerState
2021-08-03 13:03:39,756 [grpc-default-executor-3] INFO  impl.RoleInfo (RoleInfo.java:updateAndGet(130)) - 1a688da3-84f6-4ddd-a5bc-f601c4f0f554: start 1a688da3-84f6-4ddd-a5bc-f601c4f0f554@group-8073AA0E838E-FollowerState
2021-08-03 13:03:39,756 [1a688da3-84f6-4ddd-a5bc-f601c4f0f554@group-8073AA0E838E-FollowerState] INFO  impl.FollowerState (FollowerState.java:run(143)) - 1a688da3-84f6-4ddd-a5bc-f601c4f0f554@group-8073AA0E838E-FollowerState was interrupted: {}
java.lang.InterruptedException: sleep interrupted
	at java.lang.Thread.sleep(Native Method)
	at java.lang.Thread.sleep(Thread.java:340)
	at java.util.concurrent.TimeUnit.sleep(TimeUnit.java:386)
	at org.apache.ratis.util.TimeDuration.sleep(TimeDuration.java:324)
	at org.apache.ratis.util.TimeDuration.sleep(TimeDuration.java:309)
	at org.apache.ratis.server.impl.FollowerState.run(FollowerState.java:118)
2021-08-03 13:03:39,758 [a3a98b8b-adcd-408e-bef5-31175bc97024@group-8073AA0E838E-LeaderElection37] INFO  impl.LeaderElection (LeaderElection.java:logAndReturn(89)) - a3a98b8b-adcd-408e-bef5-31175bc97024@group-8073AA0E838E-LeaderElection37: ELECTION REJECTED received 1 response(s) and 0 exception(s):
2021-08-03 13:03:39,758 [a3a98b8b-adcd-408e-bef5-31175bc97024@group-8073AA0E838E-LeaderElection37] INFO  impl.LeaderElection (LeaderElection.java:logAndReturn(93)) -   Response 0: a3a98b8b-adcd-408e-bef5-31175bc97024<-02f62297-3457-4779-b0f5-2d066303236a#0:FAIL-t2
2021-08-03 13:03:39,758 [a3a98b8b-adcd-408e-bef5-31175bc97024@group-8073AA0E838E-LeaderElection37] INFO  impl.LeaderElection (LeaderElection.java:askForVotes(308)) - a3a98b8b-adcd-408e-bef5-31175bc97024@group-8073AA0E838E-LeaderElection37 ELECTION round 0: result REJECTED
2021-08-03 13:03:39,758 [a3a98b8b-adcd-408e-bef5-31175bc97024@group-8073AA0E838E-LeaderElection37] INFO  server.RaftServer$Division (RaftServerImpl.java:setRole(285)) - a3a98b8b-adcd-408e-bef5-31175bc97024@group-8073AA0E838E: changes role from CANDIDATE to FOLLOWER at term 2 for REJECTED
2021-08-03 13:03:39,758 [a3a98b8b-adcd-408e-bef5-31175bc97024@group-8073AA0E838E-LeaderElection37] INFO  impl.RoleInfo (RoleInfo.java:shutdownLeaderElection(121)) - a3a98b8b-adcd-408e-bef5-31175bc97024: shutdown a3a98b8b-adcd-408e-bef5-31175bc97024@group-8073AA0E838E-LeaderElection37
2021-08-03 13:03:39,758 [a3a98b8b-adcd-408e-bef5-31175bc97024@group-8073AA0E838E-LeaderElection37] INFO  impl.RoleInfo (RoleInfo.java:updateAndGet(130)) - a3a98b8b-adcd-408e-bef5-31175bc97024: start a3a98b8b-adcd-408e-bef5-31175bc97024@group-8073AA0E838E-FollowerState
2021-08-03 13:03:39,760 [grpc-default-executor-3] INFO  server.RaftServer$Division (RaftServerImpl.java:requestVote(1075)) - 1a688da3-84f6-4ddd-a5bc-f601c4f0f554@group-8073AA0E838E replies to ELECTION vote request: a3a98b8b-adcd-408e-bef5-31175bc97024<-1a688da3-84f6-4ddd-a5bc-f601c4f0f554#0:OK-t2. Peer's state: 1a688da3-84f6-4ddd-a5bc-f601c4f0f554@group-8073AA0E838E:t2, leader=null, voted=a3a98b8b-adcd-408e-bef5-31175bc97024, raftlog=1a688da3-84f6-4ddd-a5bc-f601c4f0f554@group-8073AA0E838E-SegmentedRaftLog:OPENED:c-1,f-1,i0, conf=-1: [02f62297-3457-4779-b0f5-2d066303236a|rpc:10.1.0.54:45971|priority:1, 1a688da3-84f6-4ddd-a5bc-f601c4f0f554|rpc:10.1.0.54:37247|priority:0, a3a98b8b-adcd-408e-bef5-31175bc97024|rpc:10.1.0.54:39883|priority:0], old=null
2021-08-03 13:03:39,874 [Listener at 127.0.0.1/42051] INFO  ozone.MiniOzoneClusterImpl (MiniOzoneClusterImpl.java:lambda$waitForClusterToBeReady$0(235)) - Nodes are ready. Got 3 of 3 DN Heartbeats.
2021-08-03 13:03:39,874 [Listener at 127.0.0.1/42051] INFO  ozone.MiniOzoneClusterImpl (MiniOzoneClusterImpl.java:lambda$waitForClusterToBeReady$0(238)) - Waiting for cluster to exit safe mode
2021-08-03 13:03:39,874 [Listener at 127.0.0.1/42051] INFO  ozone.MiniOzoneClusterImpl (MiniOzoneClusterImpl.java:lambda$waitForClusterToBeReady$0(240)) - SCM became leader
2021-08-03 13:03:40,874 [Listener at 127.0.0.1/42051] INFO  ozone.MiniOzoneClusterImpl (MiniOzoneClusterImpl.java:lambda$waitForClusterToBeReady$0(235)) - Nodes are ready. Got 3 of 3 DN Heartbeats.
2021-08-03 13:03:40,875 [Listener at 127.0.0.1/42051] INFO  ozone.MiniOzoneClusterImpl (MiniOzoneClusterImpl.java:lambda$waitForClusterToBeReady$0(238)) - Waiting for cluster to exit safe mode
2021-08-03 13:03:40,875 [Listener at 127.0.0.1/42051] INFO  ozone.MiniOzoneClusterImpl (MiniOzoneClusterImpl.java:lambda$waitForClusterToBeReady$0(240)) - SCM became leader
2021-08-03 13:03:41,875 [Listener at 127.0.0.1/42051] INFO  ozone.MiniOzoneClusterImpl (MiniOzoneClusterImpl.java:lambda$waitForClusterToBeReady$0(235)) - Nodes are ready. Got 3 of 3 DN Heartbeats.
2021-08-03 13:03:41,875 [Listener at 127.0.0.1/42051] INFO  ozone.MiniOzoneClusterImpl (MiniOzoneClusterImpl.java:lambda$waitForClusterToBeReady$0(238)) - Waiting for cluster to exit safe mode
2021-08-03 13:03:41,875 [Listener at 127.0.0.1/42051] INFO  ozone.MiniOzoneClusterImpl (MiniOzoneClusterImpl.java:lambda$waitForClusterToBeReady$0(240)) - SCM became leader
2021-08-03 13:03:42,875 [Listener at 127.0.0.1/42051] INFO  ozone.MiniOzoneClusterImpl (MiniOzoneClusterImpl.java:lambda$waitForClusterToBeReady$0(235)) - Nodes are ready. Got 3 of 3 DN Heartbeats.
2021-08-03 13:03:42,876 [Listener at 127.0.0.1/42051] INFO  ozone.MiniOzoneClusterImpl (MiniOzoneClusterImpl.java:lambda$waitForClusterToBeReady$0(238)) - Waiting for cluster to exit safe mode
2021-08-03 13:03:42,876 [Listener at 127.0.0.1/42051] INFO  ozone.MiniOzoneClusterImpl (MiniOzoneClusterImpl.java:lambda$waitForClusterToBeReady$0(240)) - SCM became leader
2021-08-03 13:03:43,876 [Listener at 127.0.0.1/42051] INFO  ozone.MiniOzoneClusterImpl (MiniOzoneClusterImpl.java:lambda$waitForClusterToBeReady$0(235)) - Nodes are ready. Got 3 of 3 DN Heartbeats.
2021-08-03 13:03:43,876 [Listener at 127.0.0.1/42051] INFO  ozone.MiniOzoneClusterImpl (MiniOzoneClusterImpl.java:lambda$waitForClusterToBeReady$0(238)) - Waiting for cluster to exit safe mode
2021-08-03 13:03:43,876 [Listener at 127.0.0.1/42051] INFO  ozone.MiniOzoneClusterImpl (MiniOzoneClusterImpl.java:lambda$waitForClusterToBeReady$0(240)) - SCM became leader
2021-08-03 13:03:44,832 [02f62297-3457-4779-b0f5-2d066303236a@group-8073AA0E838E-FollowerState] INFO  impl.FollowerState (FollowerState.java:run(134)) - 02f62297-3457-4779-b0f5-2d066303236a@group-8073AA0E838E-FollowerState: change to CANDIDATE, lastRpcElapsedTime:5080737441ns, electionTimeout:5080ms
2021-08-03 13:03:44,832 [02f62297-3457-4779-b0f5-2d066303236a@group-8073AA0E838E-FollowerState] INFO  impl.RoleInfo (RoleInfo.java:shutdownFollowerState(108)) - 02f62297-3457-4779-b0f5-2d066303236a: shutdown 02f62297-3457-4779-b0f5-2d066303236a@group-8073AA0E838E-FollowerState
2021-08-03 13:03:44,833 [02f62297-3457-4779-b0f5-2d066303236a@group-8073AA0E838E-FollowerState] INFO  server.RaftServer$Division (RaftServerImpl.java:setRole(285)) - 02f62297-3457-4779-b0f5-2d066303236a@group-8073AA0E838E: changes role from  FOLLOWER to CANDIDATE at term 2 for changeToCandidate
2021-08-03 13:03:44,833 [02f62297-3457-4779-b0f5-2d066303236a@group-8073AA0E838E-FollowerState] INFO  server.RaftServerConfigKeys (ConfUtils.java:logGet(44)) - raft.server.leaderelection.pre-vote = false (custom)
2021-08-03 13:03:44,833 [02f62297-3457-4779-b0f5-2d066303236a@group-8073AA0E838E-FollowerState] INFO  impl.RoleInfo (RoleInfo.java:updateAndGet(130)) - 02f62297-3457-4779-b0f5-2d066303236a: start 02f62297-3457-4779-b0f5-2d066303236a@group-8073AA0E838E-LeaderElection38
2021-08-03 13:03:44,835 [02f62297-3457-4779-b0f5-2d066303236a@group-8073AA0E838E-LeaderElection38] INFO  impl.LeaderElection (LeaderElection.java:askForVotes(306)) - 02f62297-3457-4779-b0f5-2d066303236a@group-8073AA0E838E-LeaderElection38 ELECTION round 0: submit vote requests at term 3 for -1: [02f62297-3457-4779-b0f5-2d066303236a|rpc:10.1.0.54:45971|dataStream:|priority:1, 1a688da3-84f6-4ddd-a5bc-f601c4f0f554|rpc:10.1.0.54:37247|dataStream:|priority:0, a3a98b8b-adcd-408e-bef5-31175bc97024|rpc:10.1.0.54:39883|dataStream:|priority:0], old=null
2021-08-03 13:03:44,844 [grpc-default-executor-3] INFO  server.RaftServer$Division (RaftServerImpl.java:requestVote(1043)) - a3a98b8b-adcd-408e-bef5-31175bc97024@group-8073AA0E838E: receive requestVote(ELECTION, 02f62297-3457-4779-b0f5-2d066303236a, group-8073AA0E838E, 3, (t:0, i:0))
2021-08-03 13:03:44,844 [grpc-default-executor-3] INFO  impl.VoteContext (VoteContext.java:log(48)) - a3a98b8b-adcd-408e-bef5-31175bc97024@group-8073AA0E838E-FOLLOWER: accept ELECTION from 02f62297-3457-4779-b0f5-2d066303236a: our priority 0 <= candidate's priority 1
2021-08-03 13:03:44,844 [grpc-default-executor-3] INFO  server.RaftServer$Division (RaftServerImpl.java:setRole(285)) - a3a98b8b-adcd-408e-bef5-31175bc97024@group-8073AA0E838E: changes role from  FOLLOWER to FOLLOWER at term 3 for candidate:02f62297-3457-4779-b0f5-2d066303236a
2021-08-03 13:03:44,844 [grpc-default-executor-3] INFO  impl.RoleInfo (RoleInfo.java:shutdownFollowerState(108)) - a3a98b8b-adcd-408e-bef5-31175bc97024: shutdown a3a98b8b-adcd-408e-bef5-31175bc97024@group-8073AA0E838E-FollowerState
2021-08-03 13:03:44,844 [grpc-default-executor-3] INFO  impl.RoleInfo (RoleInfo.java:updateAndGet(130)) - a3a98b8b-adcd-408e-bef5-31175bc97024: start a3a98b8b-adcd-408e-bef5-31175bc97024@group-8073AA0E838E-FollowerState
2021-08-03 13:03:44,844 [a3a98b8b-adcd-408e-bef5-31175bc97024@group-8073AA0E838E-FollowerState] INFO  impl.FollowerState (FollowerState.java:run(143)) - a3a98b8b-adcd-408e-bef5-31175bc97024@group-8073AA0E838E-FollowerState was interrupted: {}
java.lang.InterruptedException: sleep interrupted
	at java.lang.Thread.sleep(Native Method)
	at java.lang.Thread.sleep(Thread.java:340)
	at java.util.concurrent.TimeUnit.sleep(TimeUnit.java:386)
	at org.apache.ratis.util.TimeDuration.sleep(TimeDuration.java:324)
	at org.apache.ratis.util.TimeDuration.sleep(TimeDuration.java:309)
	at org.apache.ratis.server.impl.FollowerState.run(FollowerState.java:118)
2021-08-03 13:03:44,852 [grpc-default-executor-3] INFO  server.RaftServer$Division (RaftServerImpl.java:requestVote(1075)) - a3a98b8b-adcd-408e-bef5-31175bc97024@group-8073AA0E838E replies to ELECTION vote request: 02f62297-3457-4779-b0f5-2d066303236a<-a3a98b8b-adcd-408e-bef5-31175bc97024#0:OK-t3. Peer's state: a3a98b8b-adcd-408e-bef5-31175bc97024@group-8073AA0E838E:t3, leader=null, voted=02f62297-3457-4779-b0f5-2d066303236a, raftlog=a3a98b8b-adcd-408e-bef5-31175bc97024@group-8073AA0E838E-SegmentedRaftLog:OPENED:c-1,f-1,i0, conf=-1: [02f62297-3457-4779-b0f5-2d066303236a|rpc:10.1.0.54:45971|dataStream:|priority:1, 1a688da3-84f6-4ddd-a5bc-f601c4f0f554|rpc:10.1.0.54:37247|dataStream:|priority:0, a3a98b8b-adcd-408e-bef5-31175bc97024|rpc:10.1.0.54:39883|dataStream:|priority:0], old=null
2021-08-03 13:03:44,853 [02f62297-3457-4779-b0f5-2d066303236a@group-8073AA0E838E-LeaderElection38] INFO  impl.LeaderElection (LeaderElection.java:logAndReturn(89)) - 02f62297-3457-4779-b0f5-2d066303236a@group-8073AA0E838E-LeaderElection38: ELECTION PASSED received 1 response(s) and 0 exception(s):
2021-08-03 13:03:44,853 [02f62297-3457-4779-b0f5-2d066303236a@group-8073AA0E838E-LeaderElection38] INFO  impl.LeaderElection (LeaderElection.java:logAndReturn(93)) -   Response 0: 02f62297-3457-4779-b0f5-2d066303236a<-a3a98b8b-adcd-408e-bef5-31175bc97024#0:OK-t3
2021-08-03 13:03:44,854 [02f62297-3457-4779-b0f5-2d066303236a@group-8073AA0E838E-LeaderElection38] INFO  impl.LeaderElection (LeaderElection.java:askForVotes(308)) - 02f62297-3457-4779-b0f5-2d066303236a@group-8073AA0E838E-LeaderElection38 ELECTION round 0: result PASSED
2021-08-03 13:03:44,854 [02f62297-3457-4779-b0f5-2d066303236a@group-8073AA0E838E-LeaderElection38] INFO  impl.RoleInfo (RoleInfo.java:shutdownLeaderElection(121)) - 02f62297-3457-4779-b0f5-2d066303236a: shutdown 02f62297-3457-4779-b0f5-2d066303236a@group-8073AA0E838E-LeaderElection38
2021-08-03 13:03:44,854 [02f62297-3457-4779-b0f5-2d066303236a@group-8073AA0E838E-LeaderElection38] INFO  server.RaftServer$Division (RaftServerImpl.java:setRole(285)) - 02f62297-3457-4779-b0f5-2d066303236a@group-8073AA0E838E: changes role from CANDIDATE to LEADER at term 3 for changeToLeader
2021-08-03 13:03:44,854 [02f62297-3457-4779-b0f5-2d066303236a@group-8073AA0E838E-LeaderElection38] INFO  ratis.XceiverServerRatis (XceiverServerRatis.java:handleLeaderChangedNotification(857)) - Leader change notification received for group: group-8073AA0E838E with new leaderId: 02f62297-3457-4779-b0f5-2d066303236a
2021-08-03 13:03:44,854 [02f62297-3457-4779-b0f5-2d066303236a@group-8073AA0E838E-LeaderElection38] INFO  server.RaftServer$Division (ServerState.java:setLeader(285)) - 02f62297-3457-4779-b0f5-2d066303236a@group-8073AA0E838E: change Leader from null to 02f62297-3457-4779-b0f5-2d066303236a at term 3 for becomeLeader, leader elected after 15284ms
2021-08-03 13:03:44,854 [02f62297-3457-4779-b0f5-2d066303236a@group-8073AA0E838E-LeaderElection38] INFO  server.RaftServerConfigKeys (ConfUtils.java:logGet(44)) - raft.server.staging.catchup.gap = 1000 (default)
2021-08-03 13:03:44,854 [Datanode State Machine Thread - 0] WARN  statemachine.StateContext (StateContext.java:execute(621)) - No available thread in pool for past 1 seconds.
2021-08-03 13:03:44,854 [02f62297-3457-4779-b0f5-2d066303236a@group-8073AA0E838E-LeaderElection38] INFO  server.RaftServerConfigKeys (ConfUtils.java:logGet(44)) - raft.server.write.element-limit = 1024 (custom)
2021-08-03 13:03:44,854 [02f62297-3457-4779-b0f5-2d066303236a@group-8073AA0E838E-LeaderElection38] INFO  server.RaftServerConfigKeys (ConfUtils.java:logGet(44)) - raft.server.write.byte-limit = 1073741824 (custom)
2021-08-03 13:03:44,854 [02f62297-3457-4779-b0f5-2d066303236a@group-8073AA0E838E-LeaderElection38] INFO  server.RaftServerConfigKeys (ConfUtils.java:logGet(44)) - raft.server.watch.timeout = 180s (custom)
2021-08-03 13:03:44,854 [02f62297-3457-4779-b0f5-2d066303236a@group-8073AA0E838E-LeaderElection38] INFO  server.RaftServerConfigKeys (ConfUtils.java:logGet(44)) - raft.server.watch.timeout.denomination = 1s (default)
2021-08-03 13:03:44,855 [02f62297-3457-4779-b0f5-2d066303236a@group-8073AA0E838E-LeaderElection38] INFO  server.RaftServerConfigKeys (ConfUtils.java:logGet(44)) - raft.server.watch.element-limit = 65536 (default)
2021-08-03 13:03:44,855 [02f62297-3457-4779-b0f5-2d066303236a@group-8073AA0E838E-LeaderElection38] INFO  server.RaftServerConfigKeys (ConfUtils.java:logGet(44)) - raft.server.log.appender.snapshot.chunk.size.max = 16MB (=16777216) (default)
2021-08-03 13:03:44,855 [02f62297-3457-4779-b0f5-2d066303236a@group-8073AA0E838E-LeaderElection38] INFO  server.RaftServerConfigKeys (ConfUtils.java:logGet(44)) - raft.server.log.appender.buffer.byte-limit = 33554432 (custom)
2021-08-03 13:03:44,855 [02f62297-3457-4779-b0f5-2d066303236a@group-8073AA0E838E-LeaderElection38] INFO  server.RaftServerConfigKeys (ConfUtils.java:logGet(44)) - raft.server.log.appender.buffer.element-limit = 1 (custom)
2021-08-03 13:03:44,855 [02f62297-3457-4779-b0f5-2d066303236a@group-8073AA0E838E-LeaderElection38] INFO  grpc.GrpcConfigKeys (ConfUtils.java:logGet(44)) - raft.grpc.server.leader.outstanding.appends.max = 128 (default)
2021-08-03 13:03:44,855 [02f62297-3457-4779-b0f5-2d066303236a@group-8073AA0E838E-LeaderElection38] INFO  server.RaftServerConfigKeys (ConfUtils.java:logGet(44)) - raft.server.rpc.request.timeout = 60s (custom)
2021-08-03 13:03:44,855 [02f62297-3457-4779-b0f5-2d066303236a@group-8073AA0E838E-LeaderElection38] INFO  server.RaftServerConfigKeys (ConfUtils.java:logGet(44)) - raft.server.log.appender.install.snapshot.enabled = false (custom)
2021-08-03 13:03:44,856 [02f62297-3457-4779-b0f5-2d066303236a@group-8073AA0E838E-LeaderElection38] INFO  server.RaftServerConfigKeys (ConfUtils.java:logGet(44)) - raft.server.log.appender.snapshot.chunk.size.max = 16MB (=16777216) (default)
2021-08-03 13:03:44,856 [02f62297-3457-4779-b0f5-2d066303236a@group-8073AA0E838E-LeaderElection38] INFO  server.RaftServerConfigKeys (ConfUtils.java:logGet(44)) - raft.server.log.appender.buffer.byte-limit = 33554432 (custom)
2021-08-03 13:03:44,856 [02f62297-3457-4779-b0f5-2d066303236a@group-8073AA0E838E-LeaderElection38] INFO  server.RaftServerConfigKeys (ConfUtils.java:logGet(44)) - raft.server.log.appender.buffer.element-limit = 1 (custom)
2021-08-03 13:03:44,856 [02f62297-3457-4779-b0f5-2d066303236a@group-8073AA0E838E-LeaderElection38] INFO  grpc.GrpcConfigKeys (ConfUtils.java:logGet(44)) - raft.grpc.server.leader.outstanding.appends.max = 128 (default)
2021-08-03 13:03:44,856 [02f62297-3457-4779-b0f5-2d066303236a@group-8073AA0E838E-LeaderElection38] INFO  server.RaftServerConfigKeys (ConfUtils.java:logGet(44)) - raft.server.rpc.request.timeout = 60s (custom)
2021-08-03 13:03:44,856 [02f62297-3457-4779-b0f5-2d066303236a@group-8073AA0E838E-LeaderElection38] INFO  server.RaftServerConfigKeys (ConfUtils.java:logGet(44)) - raft.server.log.appender.install.snapshot.enabled = false (custom)
2021-08-03 13:03:44,857 [02f62297-3457-4779-b0f5-2d066303236a@group-8073AA0E838E-LeaderElection38] INFO  impl.RoleInfo (RoleInfo.java:updateAndGet(130)) - 02f62297-3457-4779-b0f5-2d066303236a: start 02f62297-3457-4779-b0f5-2d066303236a@group-8073AA0E838E-LeaderStateImpl
2021-08-03 13:03:44,857 [02f62297-3457-4779-b0f5-2d066303236a@group-8073AA0E838E-LeaderElection38] INFO  segmented.SegmentedRaftLogWorker (SegmentedRaftLogWorker.java:startLogSegment(394)) - 02f62297-3457-4779-b0f5-2d066303236a@group-8073AA0E838E-SegmentedRaftLogWorker: Starting segment from index:0
2021-08-03 13:03:44,859 [EventQueue-PipelineReportForPipelineReportHandler] INFO  pipeline.PipelineManagerV2Impl (PipelineManagerV2Impl.java:openPipeline(283)) - Pipeline Pipeline[ Id: c8f63c6e-b7f5-4753-b633-8073aa0e838e, Nodes: 1a688da3-84f6-4ddd-a5bc-f601c4f0f554{ip: 10.1.0.54, host: fv-az116-942.vzw04321ajxubdbcnpick5nqva.xx.internal.cloudapp.net, ports: [REPLICATION=32905, RATIS=37247, RATIS_ADMIN=37247, RATIS_SERVER=37247, STANDALONE=35891], networkLocation: /default-rack, certSerialId: null, persistedOpState: IN_SERVICE, persistedOpStateExpiryEpochSec: 0}02f62297-3457-4779-b0f5-2d066303236a{ip: 10.1.0.54, host: fv-az116-942.vzw04321ajxubdbcnpick5nqva.xx.internal.cloudapp.net, ports: [REPLICATION=40539, RATIS=45971, RATIS_ADMIN=45971, RATIS_SERVER=45971, STANDALONE=34505], networkLocation: /default-rack, certSerialId: null, persistedOpState: IN_SERVICE, persistedOpStateExpiryEpochSec: 0}a3a98b8b-adcd-408e-bef5-31175bc97024{ip: 10.1.0.54, host: fv-az116-942.vzw04321ajxubdbcnpick5nqva.xx.internal.cloudapp.net, ports: [REPLICATION=33363, RATIS=39883, RATIS_ADMIN=39883, RATIS_SERVER=39883, STANDALONE=38329], networkLocation: /default-rack, certSerialId: null, persistedOpState: IN_SERVICE, persistedOpStateExpiryEpochSec: 0}, ReplicationConfig: RATIS/THREE, State:ALLOCATED, leaderId:02f62297-3457-4779-b0f5-2d066303236a, CreationTimestamp2021-08-03T13:03:26.884Z[Etc/UTC]] moved to OPEN state
2021-08-03 13:03:44,859 [EventQueue-OpenPipelineForHealthyPipelineSafeModeRule] INFO  safemode.SCMSafeModeManager (HealthyPipelineSafeModeRule.java:process(124)) - SCM in safe mode. Healthy pipelines reported count is 0, required healthy pipeline reported count is 1
2021-08-03 13:03:44,860 [EventQueue-OpenPipelineForHealthyPipelineSafeModeRule] INFO  safemode.SCMSafeModeManager (HealthyPipelineSafeModeRule.java:process(124)) - SCM in safe mode. Healthy pipelines reported count is 1, required healthy pipeline reported count is 1
2021-08-03 13:03:44,860 [EventQueue-OpenPipelineForHealthyPipelineSafeModeRule] INFO  safemode.SCMSafeModeManager (SCMSafeModeManager.java:validateSafeModeExitRules(204)) - HealthyPipelineSafeModeRule rule is successfully validated
2021-08-03 13:03:44,860 [EventQueue-OpenPipelineForHealthyPipelineSafeModeRule] INFO  safemode.SCMSafeModeManager (SCMSafeModeManager.java:validateSafeModeExitRules(219)) - ScmSafeModeManager, all rules are successfully validated
2021-08-03 13:03:44,860 [EventQueue-OpenPipelineForHealthyPipelineSafeModeRule] INFO  safemode.SCMSafeModeManager (SCMSafeModeManager.java:exitSafeMode(248)) - SCM exiting safe mode.
2021-08-03 13:03:44,860 [EventQueue-OpenPipelineForHealthyPipelineSafeModeRule] WARN  events.EventQueue (EventQueue.java:fireEvent(194)) - No event handler registered for event TypedEvent{payloadType=SafeModeStatus, name='Safe mode status'}
2021-08-03 13:03:44,860 [EventQueue-OpenPipelineForHealthyPipelineSafeModeRule] INFO  ha.SCMContext (SCMContext.java:updateSafeModeStatus(205)) - Update SafeModeStatus from SafeModeStatus{safeModeStatus=true, preCheckPassed=true} to SafeModeStatus{safeModeStatus=false, preCheckPassed=true}.
2021-08-03 13:03:44,860 [EventQueue-OpenPipelineForHealthyPipelineSafeModeRule] INFO  pipeline.BackgroundPipelineCreator (BackgroundPipelineCreatorV2.java:notifyStatusChanged(264)) - Service BackgroundPipelineCreator transitions to RUNNING.
2021-08-03 13:03:44,860 [EventQueue-OpenPipelineForHealthyPipelineSafeModeRule] INFO  container.ReplicationManager (ReplicationManager.java:notifyStatusChanged(1674)) - Service ReplicationManager transitions to RUNNING.
2021-08-03 13:03:44,860 [02f62297-3457-4779-b0f5-2d066303236a@group-8073AA0E838E-SegmentedRaftLogWorker] INFO  segmented.SegmentedRaftLogWorker (SegmentedRaftLogWorker.java:execute(601)) - 02f62297-3457-4779-b0f5-2d066303236a@group-8073AA0E838E-SegmentedRaftLogWorker: created new log segment /home/runner/work/ozone/ozone/mnt/ozone/hadoop-ozone/integration-test/target/test-dir/MiniOzoneClusterImpl-f5709174-8c02-4eb0-9f51-9d4c6c69deaa/datanode-2/data/ratis/c8f63c6e-b7f5-4753-b633-8073aa0e838e/current/log_inprogress_0
2021-08-03 13:03:44,863 [a3a98b8b-adcd-408e-bef5-31175bc97024@group-7706F0716F6A-FollowerState] INFO  impl.FollowerState (FollowerState.java:run(134)) - a3a98b8b-adcd-408e-bef5-31175bc97024@group-7706F0716F6A-FollowerState: change to CANDIDATE, lastRpcElapsedTime:5150635215ns, electionTimeout:5145ms
2021-08-03 13:03:44,863 [a3a98b8b-adcd-408e-bef5-31175bc97024@group-7706F0716F6A-FollowerState] INFO  impl.RoleInfo (RoleInfo.java:shutdownFollowerState(108)) - a3a98b8b-adcd-408e-bef5-31175bc97024: shutdown a3a98b8b-adcd-408e-bef5-31175bc97024@group-7706F0716F6A-FollowerState
2021-08-03 13:03:44,863 [a3a98b8b-adcd-408e-bef5-31175bc97024@group-7706F0716F6A-FollowerState] INFO  server.RaftServer$Division (RaftServerImpl.java:setRole(285)) - a3a98b8b-adcd-408e-bef5-31175bc97024@group-7706F0716F6A: changes role from  FOLLOWER to CANDIDATE at term 2 for changeToCandidate
2021-08-03 13:03:44,873 [a3a98b8b-adcd-408e-bef5-31175bc97024@group-7706F0716F6A-FollowerState] INFO  server.RaftServerConfigKeys (ConfUtils.java:logGet(44)) - raft.server.leaderelection.pre-vote = false (custom)
2021-08-03 13:03:44,873 [a3a98b8b-adcd-408e-bef5-31175bc97024@group-7706F0716F6A-FollowerState] INFO  impl.RoleInfo (RoleInfo.java:updateAndGet(130)) - a3a98b8b-adcd-408e-bef5-31175bc97024: start a3a98b8b-adcd-408e-bef5-31175bc97024@group-7706F0716F6A-LeaderElection39
2021-08-03 13:03:44,873 [grpc-default-executor-3] INFO  server.RaftServer$Division (RaftServerImpl.java:requestVote(1043)) - 1a688da3-84f6-4ddd-a5bc-f601c4f0f554@group-8073AA0E838E: receive requestVote(ELECTION, 02f62297-3457-4779-b0f5-2d066303236a, group-8073AA0E838E, 3, (t:0, i:0))
2021-08-03 13:03:44,873 [grpc-default-executor-3] INFO  impl.VoteContext (VoteContext.java:log(48)) - 1a688da3-84f6-4ddd-a5bc-f601c4f0f554@group-8073AA0E838E-FOLLOWER: accept ELECTION from 02f62297-3457-4779-b0f5-2d066303236a: our priority 0 <= candidate's priority 1
2021-08-03 13:03:44,873 [grpc-default-executor-3] INFO  server.RaftServer$Division (RaftServerImpl.java:setRole(285)) - 1a688da3-84f6-4ddd-a5bc-f601c4f0f554@group-8073AA0E838E: changes role from  FOLLOWER to FOLLOWER at term 3 for candidate:02f62297-3457-4779-b0f5-2d066303236a
2021-08-03 13:03:44,873 [grpc-default-executor-3] INFO  impl.RoleInfo (RoleInfo.java:shutdownFollowerState(108)) - 1a688da3-84f6-4ddd-a5bc-f601c4f0f554: shutdown 1a688da3-84f6-4ddd-a5bc-f601c4f0f554@group-8073AA0E838E-FollowerState
2021-08-03 13:03:44,873 [grpc-default-executor-3] INFO  impl.RoleInfo (RoleInfo.java:updateAndGet(130)) - 1a688da3-84f6-4ddd-a5bc-f601c4f0f554: start 1a688da3-84f6-4ddd-a5bc-f601c4f0f554@group-8073AA0E838E-FollowerState
2021-08-03 13:03:44,873 [1a688da3-84f6-4ddd-a5bc-f601c4f0f554@group-8073AA0E838E-FollowerState] INFO  impl.FollowerState (FollowerState.java:run(143)) - 1a688da3-84f6-4ddd-a5bc-f601c4f0f554@group-8073AA0E838E-FollowerState was interrupted: {}
java.lang.InterruptedException: sleep interrupted
	at java.lang.Thread.sleep(Native Method)
	at java.lang.Thread.sleep(Thread.java:340)
	at java.util.concurrent.TimeUnit.sleep(TimeUnit.java:386)
	at org.apache.ratis.util.TimeDuration.sleep(TimeDuration.java:324)
	at org.apache.ratis.util.TimeDuration.sleep(TimeDuration.java:309)
	at org.apache.ratis.server.impl.FollowerState.run(FollowerState.java:118)
2021-08-03 13:03:44,877 [02f62297-3457-4779-b0f5-2d066303236a@group-8073AA0E838E-LeaderElection38] INFO  server.RaftServer$Division (ServerState.java:setRaftConf(387)) - 02f62297-3457-4779-b0f5-2d066303236a@group-8073AA0E838E: set configuration 0: [02f62297-3457-4779-b0f5-2d066303236a|rpc:10.1.0.54:45971|dataStream:|priority:1, 1a688da3-84f6-4ddd-a5bc-f601c4f0f554|rpc:10.1.0.54:37247|dataStream:|priority:0, a3a98b8b-adcd-408e-bef5-31175bc97024|rpc:10.1.0.54:39883|dataStream:|priority:0], old=null
2021-08-03 13:03:44,878 [Listener at 127.0.0.1/42051] INFO  ozone.MiniOzoneClusterImpl (MiniOzoneClusterImpl.java:lambda$waitForClusterToBeReady$0(235)) - Nodes are ready. Got 3 of 3 DN Heartbeats.
2021-08-03 13:03:44,878 [Listener at 127.0.0.1/42051] INFO  ozone.MiniOzoneClusterImpl (MiniOzoneClusterImpl.java:lambda$waitForClusterToBeReady$0(238)) - Cluster exits safe mode
2021-08-03 13:03:44,878 [Listener at 127.0.0.1/42051] INFO  ozone.MiniOzoneClusterImpl (MiniOzoneClusterImpl.java:lambda$waitForClusterToBeReady$0(240)) - SCM became leader
2021-08-03 13:03:44,878 [Listener at 127.0.0.1/42051] INFO  ha.SequenceIdGenerator (SequenceIdGenerator.java:getNextId(127)) - Allocate a batch for containerId, change lastId from 0 to 1000.
2021-08-03 13:03:44,886 [grpc-default-executor-3] INFO  server.RaftServer$Division (RaftServerImpl.java:requestVote(1075)) - 1a688da3-84f6-4ddd-a5bc-f601c4f0f554@group-8073AA0E838E replies to ELECTION vote request: 02f62297-3457-4779-b0f5-2d066303236a<-1a688da3-84f6-4ddd-a5bc-f601c4f0f554#0:OK-t3. Peer's state: 1a688da3-84f6-4ddd-a5bc-f601c4f0f554@group-8073AA0E838E:t3, leader=null, voted=02f62297-3457-4779-b0f5-2d066303236a, raftlog=1a688da3-84f6-4ddd-a5bc-f601c4f0f554@group-8073AA0E838E-SegmentedRaftLog:OPENED:c-1,f-1,i0, conf=-1: [02f62297-3457-4779-b0f5-2d066303236a|rpc:10.1.0.54:45971|priority:1, 1a688da3-84f6-4ddd-a5bc-f601c4f0f554|rpc:10.1.0.54:37247|priority:0, a3a98b8b-adcd-408e-bef5-31175bc97024|rpc:10.1.0.54:39883|priority:0], old=null
2021-08-03 13:03:44,887 [grpc-default-executor-3] INFO  ratis.XceiverServerRatis (XceiverServerRatis.java:handleLeaderChangedNotification(857)) - Leader change notification received for group: group-8073AA0E838E with new leaderId: 02f62297-3457-4779-b0f5-2d066303236a
2021-08-03 13:03:44,887 [grpc-default-executor-3] INFO  server.RaftServer$Division (ServerState.java:setLeader(285)) - a3a98b8b-adcd-408e-bef5-31175bc97024@group-8073AA0E838E: change Leader from null to 02f62297-3457-4779-b0f5-2d066303236a at term 3 for appendEntries, leader elected after 15285ms
2021-08-03 13:03:44,890 [a3a98b8b-adcd-408e-bef5-31175bc97024@group-7706F0716F6A-LeaderElection39] INFO  impl.LeaderElection (LeaderElection.java:askForVotes(306)) - a3a98b8b-adcd-408e-bef5-31175bc97024@group-7706F0716F6A-LeaderElection39 ELECTION round 0: submit vote requests at term 3 for -1: [02f62297-3457-4779-b0f5-2d066303236a|rpc:10.1.0.54:45971|dataStream:|priority:0, 1a688da3-84f6-4ddd-a5bc-f601c4f0f554|rpc:10.1.0.54:37247|dataStream:|priority:1, a3a98b8b-adcd-408e-bef5-31175bc97024|rpc:10.1.0.54:39883|dataStream:|priority:0], old=null
2021-08-03 13:03:44,893 [grpc-default-executor-1] INFO  ratis.XceiverServerRatis (XceiverServerRatis.java:handleLeaderChangedNotification(857)) - Leader change notification received for group: group-8073AA0E838E with new leaderId: 02f62297-3457-4779-b0f5-2d066303236a
2021-08-03 13:03:44,893 [grpc-default-executor-1] INFO  server.RaftServer$Division (ServerState.java:setLeader(285)) - 1a688da3-84f6-4ddd-a5bc-f601c4f0f554@group-8073AA0E838E: change Leader from null to 02f62297-3457-4779-b0f5-2d066303236a at term 3 for appendEntries, leader elected after 15351ms
2021-08-03 13:03:44,900 [1a688da3-84f6-4ddd-a5bc-f601c4f0f554@group-7706F0716F6A-FollowerState] INFO  impl.FollowerState (FollowerState.java:run(134)) - 1a688da3-84f6-4ddd-a5bc-f601c4f0f554@group-7706F0716F6A-FollowerState: change to CANDIDATE, lastRpcElapsedTime:5195856886ns, electionTimeout:5173ms
2021-08-03 13:03:44,900 [1a688da3-84f6-4ddd-a5bc-f601c4f0f554@group-7706F0716F6A-FollowerState] INFO  impl.RoleInfo (RoleInfo.java:shutdownFollowerState(108)) - 1a688da3-84f6-4ddd-a5bc-f601c4f0f554: shutdown 1a688da3-84f6-4ddd-a5bc-f601c4f0f554@group-7706F0716F6A-FollowerState
2021-08-03 13:03:44,900 [1a688da3-84f6-4ddd-a5bc-f601c4f0f554@group-7706F0716F6A-FollowerState] INFO  server.RaftServer$Division (RaftServerImpl.java:setRole(285)) - 1a688da3-84f6-4ddd-a5bc-f601c4f0f554@group-7706F0716F6A: changes role from  FOLLOWER to CANDIDATE at term 2 for changeToCandidate
2021-08-03 13:03:44,900 [1a688da3-84f6-4ddd-a5bc-f601c4f0f554@group-7706F0716F6A-FollowerState] INFO  server.RaftServerConfigKeys (ConfUtils.java:logGet(44)) - raft.server.leaderelection.pre-vote = false (custom)
2021-08-03 13:03:44,900 [1a688da3-84f6-4ddd-a5bc-f601c4f0f554@group-7706F0716F6A-FollowerState] INFO  impl.RoleInfo (RoleInfo.java:updateAndGet(130)) - 1a688da3-84f6-4ddd-a5bc-f601c4f0f554: start 1a688da3-84f6-4ddd-a5bc-f601c4f0f554@group-7706F0716F6A-LeaderElection40
2021-08-03 13:03:44,903 [grpc-default-executor-3] INFO  server.RaftServer$Division (ServerState.java:setRaftConf(387)) - a3a98b8b-adcd-408e-bef5-31175bc97024@group-8073AA0E838E: set configuration 0: [02f62297-3457-4779-b0f5-2d066303236a|rpc:10.1.0.54:45971|dataStream:|priority:1, 1a688da3-84f6-4ddd-a5bc-f601c4f0f554|rpc:10.1.0.54:37247|dataStream:|priority:0, a3a98b8b-adcd-408e-bef5-31175bc97024|rpc:10.1.0.54:39883|dataStream:|priority:0], old=null
2021-08-03 13:03:44,903 [grpc-default-executor-3] INFO  segmented.SegmentedRaftLogWorker (SegmentedRaftLogWorker.java:startLogSegment(394)) - a3a98b8b-adcd-408e-bef5-31175bc97024@group-8073AA0E838E-SegmentedRaftLogWorker: Starting segment from index:0
2021-08-03 13:03:44,909 [grpc-default-executor-2] INFO  server.RaftServer$Division (ServerState.java:setRaftConf(387)) - 1a688da3-84f6-4ddd-a5bc-f601c4f0f554@group-8073AA0E838E: set configuration 0: [02f62297-3457-4779-b0f5-2d066303236a|rpc:10.1.0.54:45971|dataStream:|priority:1, 1a688da3-84f6-4ddd-a5bc-f601c4f0f554|rpc:10.1.0.54:37247|dataStream:|priority:0, a3a98b8b-adcd-408e-bef5-31175bc97024|rpc:10.1.0.54:39883|dataStream:|priority:0], old=null
2021-08-03 13:03:44,909 [grpc-default-executor-2] INFO  segmented.SegmentedRaftLogWorker (SegmentedRaftLogWorker.java:startLogSegment(394)) - 1a688da3-84f6-4ddd-a5bc-f601c4f0f554@group-8073AA0E838E-SegmentedRaftLogWorker: Starting segment from index:0
2021-08-03 13:03:44,914 [grpc-default-executor-3] INFO  server.RaftServer$Division (RaftServerImpl.java:requestVote(1043)) - 1a688da3-84f6-4ddd-a5bc-f601c4f0f554@group-7706F0716F6A: receive requestVote(ELECTION, a3a98b8b-adcd-408e-bef5-31175bc97024, group-7706F0716F6A, 3, (t:0, i:0))
2021-08-03 13:03:44,914 [grpc-default-executor-3] INFO  impl.VoteContext (VoteContext.java:log(48)) - 1a688da3-84f6-4ddd-a5bc-f601c4f0f554@group-7706F0716F6A-CANDIDATE: reject ELECTION from a3a98b8b-adcd-408e-bef5-31175bc97024: our priority 1 > candidate's priority 0
2021-08-03 13:03:44,914 [grpc-default-executor-3] INFO  server.RaftServer$Division (RaftServerImpl.java:setRole(285)) - 1a688da3-84f6-4ddd-a5bc-f601c4f0f554@group-7706F0716F6A: changes role from CANDIDATE to FOLLOWER at term 3 for candidate:a3a98b8b-adcd-408e-bef5-31175bc97024
2021-08-03 13:03:44,914 [grpc-default-executor-3] INFO  impl.RoleInfo (RoleInfo.java:shutdownLeaderElection(121)) - 1a688da3-84f6-4ddd-a5bc-f601c4f0f554: shutdown 1a688da3-84f6-4ddd-a5bc-f601c4f0f554@group-7706F0716F6A-LeaderElection40
2021-08-03 13:03:44,915 [a3a98b8b-adcd-408e-bef5-31175bc97024@group-8073AA0E838E-SegmentedRaftLogWorker] INFO  segmented.SegmentedRaftLogWorker (SegmentedRaftLogWorker.java:execute(601)) - a3a98b8b-adcd-408e-bef5-31175bc97024@group-8073AA0E838E-SegmentedRaftLogWorker: created new log segment /home/runner/work/ozone/ozone/mnt/ozone/hadoop-ozone/integration-test/target/test-dir/MiniOzoneClusterImpl-f5709174-8c02-4eb0-9f51-9d4c6c69deaa/datanode-1/data/ratis/c8f63c6e-b7f5-4753-b633-8073aa0e838e/current/log_inprogress_0
2021-08-03 13:03:44,914 [1a688da3-84f6-4ddd-a5bc-f601c4f0f554@group-8073AA0E838E-SegmentedRaftLogWorker] INFO  segmented.SegmentedRaftLogWorker (SegmentedRaftLogWorker.java:execute(601)) - 1a688da3-84f6-4ddd-a5bc-f601c4f0f554@group-8073AA0E838E-SegmentedRaftLogWorker: created new log segment /home/runner/work/ozone/ozone/mnt/ozone/hadoop-ozone/integration-test/target/test-dir/MiniOzoneClusterImpl-f5709174-8c02-4eb0-9f51-9d4c6c69deaa/datanode-0/data/ratis/c8f63c6e-b7f5-4753-b633-8073aa0e838e/current/log_inprogress_0
2021-08-03 13:03:44,918 [1a688da3-84f6-4ddd-a5bc-f601c4f0f554@group-7706F0716F6A-LeaderElection40] INFO  impl.LeaderElection (LeaderElection.java:run(230)) - 1a688da3-84f6-4ddd-a5bc-f601c4f0f554@group-7706F0716F6A-LeaderElection40: skip running since this is already CLOSING
2021-08-03 13:03:44,924 [grpc-default-executor-3] INFO  impl.RoleInfo (RoleInfo.java:updateAndGet(130)) - 1a688da3-84f6-4ddd-a5bc-f601c4f0f554: start 1a688da3-84f6-4ddd-a5bc-f601c4f0f554@group-7706F0716F6A-FollowerState
2021-08-03 13:03:44,924 [grpc-default-executor-2] INFO  server.RaftServer$Division (RaftServerImpl.java:requestVote(1043)) - 02f62297-3457-4779-b0f5-2d066303236a@group-7706F0716F6A: receive requestVote(ELECTION, a3a98b8b-adcd-408e-bef5-31175bc97024, group-7706F0716F6A, 3, (t:0, i:0))
2021-08-03 13:03:44,924 [02f62297-3457-4779-b0f5-2d066303236a@group-7706F0716F6A-FollowerState] INFO  impl.FollowerState (FollowerState.java:run(134)) - 02f62297-3457-4779-b0f5-2d066303236a@group-7706F0716F6A-FollowerState: change to CANDIDATE, lastRpcElapsedTime:5213256628ns, electionTimeout:5196ms
2021-08-03 13:03:44,924 [02f62297-3457-4779-b0f5-2d066303236a@group-7706F0716F6A-FollowerState] INFO  impl.RoleInfo (RoleInfo.java:shutdownFollowerState(108)) - 02f62297-3457-4779-b0f5-2d066303236a: shutdown 02f62297-3457-4779-b0f5-2d066303236a@group-7706F0716F6A-FollowerState
2021-08-03 13:03:44,925 [02f62297-3457-4779-b0f5-2d066303236a@group-7706F0716F6A-FollowerState] INFO  server.RaftServer$Division (RaftServerImpl.java:setRole(285)) - 02f62297-3457-4779-b0f5-2d066303236a@group-7706F0716F6A: changes role from  FOLLOWER to CANDIDATE at term 2 for changeToCandidate
2021-08-03 13:03:44,925 [02f62297-3457-4779-b0f5-2d066303236a@group-7706F0716F6A-FollowerState] INFO  server.RaftServerConfigKeys (ConfUtils.java:logGet(44)) - raft.server.leaderelection.pre-vote = false (custom)
2021-08-03 13:03:44,925 [02f62297-3457-4779-b0f5-2d066303236a@group-7706F0716F6A-FollowerState] INFO  impl.RoleInfo (RoleInfo.java:updateAndGet(130)) - 02f62297-3457-4779-b0f5-2d066303236a: start 02f62297-3457-4779-b0f5-2d066303236a@group-7706F0716F6A-LeaderElection41
2021-08-03 13:03:44,928 [grpc-default-executor-3] INFO  server.RaftServer$Division (RaftServerImpl.java:requestVote(1075)) - 1a688da3-84f6-4ddd-a5bc-f601c4f0f554@group-7706F0716F6A replies to ELECTION vote request: a3a98b8b-adcd-408e-bef5-31175bc97024<-1a688da3-84f6-4ddd-a5bc-f601c4f0f554#0:FAIL-t3. Peer's state: 1a688da3-84f6-4ddd-a5bc-f601c4f0f554@group-7706F0716F6A:t3, leader=null, voted=null, raftlog=1a688da3-84f6-4ddd-a5bc-f601c4f0f554@group-7706F0716F6A-SegmentedRaftLog:OPENED:c-1,f-1,i0, conf=-1: [02f62297-3457-4779-b0f5-2d066303236a|rpc:10.1.0.54:45971|priority:0, 1a688da3-84f6-4ddd-a5bc-f601c4f0f554|rpc:10.1.0.54:37247|priority:1, a3a98b8b-adcd-408e-bef5-31175bc97024|rpc:10.1.0.54:39883|priority:0], old=null
2021-08-03 13:03:44,929 [a3a98b8b-adcd-408e-bef5-31175bc97024@group-7706F0716F6A-LeaderElection39] INFO  impl.LeaderElection (LeaderElection.java:logAndReturn(89)) - a3a98b8b-adcd-408e-bef5-31175bc97024@group-7706F0716F6A-LeaderElection39: ELECTION REJECTED received 1 response(s) and 0 exception(s):
2021-08-03 13:03:44,929 [a3a98b8b-adcd-408e-bef5-31175bc97024@group-7706F0716F6A-LeaderElection39] INFO  impl.LeaderElection (LeaderElection.java:logAndReturn(93)) -   Response 0: a3a98b8b-adcd-408e-bef5-31175bc97024<-1a688da3-84f6-4ddd-a5bc-f601c4f0f554#0:FAIL-t3
2021-08-03 13:03:44,929 [a3a98b8b-adcd-408e-bef5-31175bc97024@group-7706F0716F6A-LeaderElection39] INFO  impl.LeaderElection (LeaderElection.java:askForVotes(308)) - a3a98b8b-adcd-408e-bef5-31175bc97024@group-7706F0716F6A-LeaderElection39 ELECTION round 0: result REJECTED
2021-08-03 13:03:44,929 [a3a98b8b-adcd-408e-bef5-31175bc97024@group-7706F0716F6A-LeaderElection39] INFO  server.RaftServer$Division (RaftServerImpl.java:setRole(285)) - a3a98b8b-adcd-408e-bef5-31175bc97024@group-7706F0716F6A: changes role from CANDIDATE to FOLLOWER at term 3 for REJECTED
2021-08-03 13:03:44,929 [a3a98b8b-adcd-408e-bef5-31175bc97024@group-7706F0716F6A-LeaderElection39] INFO  impl.RoleInfo (RoleInfo.java:shutdownLeaderElection(121)) - a3a98b8b-adcd-408e-bef5-31175bc97024: shutdown a3a98b8b-adcd-408e-bef5-31175bc97024@group-7706F0716F6A-LeaderElection39
2021-08-03 13:03:44,929 [a3a98b8b-adcd-408e-bef5-31175bc97024@group-7706F0716F6A-LeaderElection39] INFO  impl.RoleInfo (RoleInfo.java:updateAndGet(130)) - a3a98b8b-adcd-408e-bef5-31175bc97024: start a3a98b8b-adcd-408e-bef5-31175bc97024@group-7706F0716F6A-FollowerState
2021-08-03 13:03:44,930 [grpc-default-executor-2] INFO  impl.VoteContext (VoteContext.java:log(48)) - 02f62297-3457-4779-b0f5-2d066303236a@group-7706F0716F6A-CANDIDATE: reject ELECTION from a3a98b8b-adcd-408e-bef5-31175bc97024: already has voted for 02f62297-3457-4779-b0f5-2d066303236a at current term 3
2021-08-03 13:03:44,930 [grpc-default-executor-2] INFO  server.RaftServer$Division (RaftServerImpl.java:requestVote(1075)) - 02f62297-3457-4779-b0f5-2d066303236a@group-7706F0716F6A replies to ELECTION vote request: a3a98b8b-adcd-408e-bef5-31175bc97024<-02f62297-3457-4779-b0f5-2d066303236a#0:FAIL-t3. Peer's state: 02f62297-3457-4779-b0f5-2d066303236a@group-7706F0716F6A:t3, leader=null, voted=02f62297-3457-4779-b0f5-2d066303236a, raftlog=02f62297-3457-4779-b0f5-2d066303236a@group-7706F0716F6A-SegmentedRaftLog:OPENED:c-1,f-1,i0, conf=-1: [02f62297-3457-4779-b0f5-2d066303236a|rpc:10.1.0.54:45971|dataStream:|priority:0, 1a688da3-84f6-4ddd-a5bc-f601c4f0f554|rpc:10.1.0.54:37247|dataStream:|priority:1, a3a98b8b-adcd-408e-bef5-31175bc97024|rpc:10.1.0.54:39883|dataStream:|priority:0], old=null
2021-08-03 13:03:44,931 [02f62297-3457-4779-b0f5-2d066303236a@group-7706F0716F6A-LeaderElection41] INFO  impl.LeaderElection (LeaderElection.java:askForVotes(306)) - 02f62297-3457-4779-b0f5-2d066303236a@group-7706F0716F6A-LeaderElection41 ELECTION round 0: submit vote requests at term 3 for -1: [02f62297-3457-4779-b0f5-2d066303236a|rpc:10.1.0.54:45971|dataStream:|priority:0, 1a688da3-84f6-4ddd-a5bc-f601c4f0f554|rpc:10.1.0.54:37247|dataStream:|priority:1, a3a98b8b-adcd-408e-bef5-31175bc97024|rpc:10.1.0.54:39883|dataStream:|priority:0], old=null
2021-08-03 13:03:44,949 [grpc-default-executor-2] INFO  server.RaftServer$Division (RaftServerImpl.java:requestVote(1043)) - 1a688da3-84f6-4ddd-a5bc-f601c4f0f554@group-7706F0716F6A: receive requestVote(ELECTION, 02f62297-3457-4779-b0f5-2d066303236a, group-7706F0716F6A, 3, (t:0, i:0))
2021-08-03 13:03:44,949 [grpc-default-executor-2] INFO  impl.VoteContext (VoteContext.java:log(48)) - 1a688da3-84f6-4ddd-a5bc-f601c4f0f554@group-7706F0716F6A-FOLLOWER: reject ELECTION from 02f62297-3457-4779-b0f5-2d066303236a: our priority 1 > candidate's priority 0
2021-08-03 13:03:44,949 [grpc-default-executor-2] INFO  server.RaftServer$Division (RaftServerImpl.java:setRole(285)) - 1a688da3-84f6-4ddd-a5bc-f601c4f0f554@group-7706F0716F6A: changes role from  FOLLOWER to FOLLOWER at term 3 for candidate:02f62297-3457-4779-b0f5-2d066303236a
2021-08-03 13:03:44,949 [grpc-default-executor-2] INFO  impl.RoleInfo (RoleInfo.java:shutdownFollowerState(108)) - 1a688da3-84f6-4ddd-a5bc-f601c4f0f554: shutdown 1a688da3-84f6-4ddd-a5bc-f601c4f0f554@group-7706F0716F6A-FollowerState
2021-08-03 13:03:44,949 [grpc-default-executor-2] INFO  impl.RoleInfo (RoleInfo.java:updateAndGet(130)) - 1a688da3-84f6-4ddd-a5bc-f601c4f0f554: start 1a688da3-84f6-4ddd-a5bc-f601c4f0f554@group-7706F0716F6A-FollowerState
2021-08-03 13:03:44,949 [1a688da3-84f6-4ddd-a5bc-f601c4f0f554@group-7706F0716F6A-FollowerState] INFO  impl.FollowerState (FollowerState.java:run(143)) - 1a688da3-84f6-4ddd-a5bc-f601c4f0f554@group-7706F0716F6A-FollowerState was interrupted: {}
java.lang.InterruptedException: sleep interrupted
	at java.lang.Thread.sleep(Native Method)
	at java.lang.Thread.sleep(Thread.java:340)
	at java.util.concurrent.TimeUnit.sleep(TimeUnit.java:386)
	at org.apache.ratis.util.TimeDuration.sleep(TimeDuration.java:324)
	at org.apache.ratis.util.TimeDuration.sleep(TimeDuration.java:309)
	at org.apache.ratis.server.impl.FollowerState.run(FollowerState.java:118)
2021-08-03 13:03:44,949 [grpc-default-executor-2] INFO  server.RaftServer$Division (RaftServerImpl.java:requestVote(1075)) - 1a688da3-84f6-4ddd-a5bc-f601c4f0f554@group-7706F0716F6A replies to ELECTION vote request: 02f62297-3457-4779-b0f5-2d066303236a<-1a688da3-84f6-4ddd-a5bc-f601c4f0f554#0:FAIL-t3. Peer's state: 1a688da3-84f6-4ddd-a5bc-f601c4f0f554@group-7706F0716F6A:t3, leader=null, voted=null, raftlog=1a688da3-84f6-4ddd-a5bc-f601c4f0f554@group-7706F0716F6A-SegmentedRaftLog:OPENED:c-1,f-1,i0, conf=-1: [02f62297-3457-4779-b0f5-2d066303236a|rpc:10.1.0.54:45971|priority:0, 1a688da3-84f6-4ddd-a5bc-f601c4f0f554|rpc:10.1.0.54:37247|priority:1, a3a98b8b-adcd-408e-bef5-31175bc97024|rpc:10.1.0.54:39883|priority:0], old=null
2021-08-03 13:03:44,953 [02f62297-3457-4779-b0f5-2d066303236a@group-7706F0716F6A-LeaderElection41] INFO  impl.LeaderElection (LeaderElection.java:logAndReturn(89)) - 02f62297-3457-4779-b0f5-2d066303236a@group-7706F0716F6A-LeaderElection41: ELECTION REJECTED received 1 response(s) and 0 exception(s):
2021-08-03 13:03:44,953 [02f62297-3457-4779-b0f5-2d066303236a@group-7706F0716F6A-LeaderElection41] INFO  impl.LeaderElection (LeaderElection.java:logAndReturn(93)) -   Response 0: 02f62297-3457-4779-b0f5-2d066303236a<-1a688da3-84f6-4ddd-a5bc-f601c4f0f554#0:FAIL-t3
2021-08-03 13:03:44,953 [02f62297-3457-4779-b0f5-2d066303236a@group-7706F0716F6A-LeaderElection41] INFO  impl.LeaderElection (LeaderElection.java:askForVotes(308)) - 02f62297-3457-4779-b0f5-2d066303236a@group-7706F0716F6A-LeaderElection41 ELECTION round 0: result REJECTED
2021-08-03 13:03:44,953 [02f62297-3457-4779-b0f5-2d066303236a@group-7706F0716F6A-LeaderElection41] INFO  server.RaftServer$Division (RaftServerImpl.java:setRole(285)) - 02f62297-3457-4779-b0f5-2d066303236a@group-7706F0716F6A: changes role from CANDIDATE to FOLLOWER at term 3 for REJECTED
2021-08-03 13:03:44,953 [02f62297-3457-4779-b0f5-2d066303236a@group-7706F0716F6A-LeaderElection41] INFO  impl.RoleInfo (RoleInfo.java:shutdownLeaderElection(121)) - 02f62297-3457-4779-b0f5-2d066303236a: shutdown 02f62297-3457-4779-b0f5-2d066303236a@group-7706F0716F6A-LeaderElection41
2021-08-03 13:03:44,953 [02f62297-3457-4779-b0f5-2d066303236a@group-7706F0716F6A-LeaderElection41] INFO  impl.RoleInfo (RoleInfo.java:updateAndGet(130)) - 02f62297-3457-4779-b0f5-2d066303236a: start 02f62297-3457-4779-b0f5-2d066303236a@group-7706F0716F6A-FollowerState
2021-08-03 13:03:44,954 [grpc-default-executor-2] INFO  server.RaftServer$Division (RaftServerImpl.java:requestVote(1043)) - a3a98b8b-adcd-408e-bef5-31175bc97024@group-7706F0716F6A: receive requestVote(ELECTION, 02f62297-3457-4779-b0f5-2d066303236a, group-7706F0716F6A, 3, (t:0, i:0))
2021-08-03 13:03:44,955 [grpc-default-executor-2] INFO  impl.VoteContext (VoteContext.java:log(48)) - a3a98b8b-adcd-408e-bef5-31175bc97024@group-7706F0716F6A-FOLLOWER: reject ELECTION from 02f62297-3457-4779-b0f5-2d066303236a: already has voted for a3a98b8b-adcd-408e-bef5-31175bc97024 at current term 3
2021-08-03 13:03:44,955 [grpc-default-executor-2] INFO  server.RaftServer$Division (RaftServerImpl.java:requestVote(1075)) - a3a98b8b-adcd-408e-bef5-31175bc97024@group-7706F0716F6A replies to ELECTION vote request: 02f62297-3457-4779-b0f5-2d066303236a<-a3a98b8b-adcd-408e-bef5-31175bc97024#0:FAIL-t3. Peer's state: a3a98b8b-adcd-408e-bef5-31175bc97024@group-7706F0716F6A:t3, leader=null, voted=a3a98b8b-adcd-408e-bef5-31175bc97024, raftlog=a3a98b8b-adcd-408e-bef5-31175bc97024@group-7706F0716F6A-SegmentedRaftLog:OPENED:c-1,f-1,i0, conf=-1: [02f62297-3457-4779-b0f5-2d066303236a|rpc:10.1.0.54:45971|dataStream:|priority:0, 1a688da3-84f6-4ddd-a5bc-f601c4f0f554|rpc:10.1.0.54:37247|dataStream:|priority:1, a3a98b8b-adcd-408e-bef5-31175bc97024|rpc:10.1.0.54:39883|dataStream:|priority:0], old=null
2021-08-03 13:03:45,753 [Listener at 127.0.0.1/42051] ERROR ratis.XceiverServerRatis (XceiverServerRatis.java:triggerPipelineClose(672)) - pipeline Action CLOSE on pipeline PipelineID=c8f63c6e-b7f5-4753-b633-8073aa0e838e.Reason : Unspecified failure reported in Ratis log
2021-08-03 13:03:45,765 [EventQueue-PipelineActionsForPipelineActionHandler] INFO  pipeline.PipelineActionHandler (PipelineActionHandler.java:processPipelineAction(82)) - Received pipeline action CLOSE for PipelineID=c8f63c6e-b7f5-4753-b633-8073aa0e838e from datanode 1a688da3-84f6-4ddd-a5bc-f601c4f0f554. Reason : Unspecified failure reported in Ratis log
2021-08-03 13:03:45,769 [EventQueue-PipelineActionsForPipelineActionHandler] INFO  pipeline.PipelineManagerV2Impl (PipelineManagerV2Impl.java:closePipeline(343)) - Pipeline Pipeline[ Id: c8f63c6e-b7f5-4753-b633-8073aa0e838e, Nodes: 1a688da3-84f6-4ddd-a5bc-f601c4f0f554{ip: 10.1.0.54, host: fv-az116-942.vzw04321ajxubdbcnpick5nqva.xx.internal.cloudapp.net, ports: [REPLICATION=32905, RATIS=37247, RATIS_ADMIN=37247, RATIS_SERVER=37247, STANDALONE=35891], networkLocation: /default-rack, certSerialId: null, persistedOpState: IN_SERVICE, persistedOpStateExpiryEpochSec: 0}02f62297-3457-4779-b0f5-2d066303236a{ip: 10.1.0.54, host: fv-az116-942.vzw04321ajxubdbcnpick5nqva.xx.internal.cloudapp.net, ports: [REPLICATION=40539, RATIS=45971, RATIS_ADMIN=45971, RATIS_SERVER=45971, STANDALONE=34505], networkLocation: /default-rack, certSerialId: null, persistedOpState: IN_SERVICE, persistedOpStateExpiryEpochSec: 0}a3a98b8b-adcd-408e-bef5-31175bc97024{ip: 10.1.0.54, host: fv-az116-942.vzw04321ajxubdbcnpick5nqva.xx.internal.cloudapp.net, ports: [REPLICATION=33363, RATIS=39883, RATIS_ADMIN=39883, RATIS_SERVER=39883, STANDALONE=38329], networkLocation: /default-rack, certSerialId: null, persistedOpState: IN_SERVICE, persistedOpStateExpiryEpochSec: 0}, ReplicationConfig: RATIS/THREE, State:OPEN, leaderId:02f62297-3457-4779-b0f5-2d066303236a, CreationTimestamp2021-08-03T13:03:26.884Z[Etc/UTC]] moved to CLOSED state
2021-08-03 13:03:45,781 [EventQueue-PipelineActionsForPipelineActionHandler] INFO  pipeline.RatisPipelineProvider (RatisPipelineProvider.java:lambda$close$1(222)) - Send pipeline:PipelineID=c8f63c6e-b7f5-4753-b633-8073aa0e838e close command to datanode 1a688da3-84f6-4ddd-a5bc-f601c4f0f554
2021-08-03 13:03:45,781 [EventQueue-PipelineActionsForPipelineActionHandler] INFO  pipeline.RatisPipelineProvider (RatisPipelineProvider.java:lambda$close$1(222)) - Send pipeline:PipelineID=c8f63c6e-b7f5-4753-b633-8073aa0e838e close command to datanode 02f62297-3457-4779-b0f5-2d066303236a
2021-08-03 13:03:45,782 [EventQueue-PipelineActionsForPipelineActionHandler] INFO  pipeline.RatisPipelineProvider (RatisPipelineProvider.java:lambda$close$1(222)) - Send pipeline:PipelineID=c8f63c6e-b7f5-4753-b633-8073aa0e838e close command to datanode a3a98b8b-adcd-408e-bef5-31175bc97024
2021-08-03 13:03:45,802 [EventQueue-CloseContainerForCloseContainerEventHandler] INFO  container.CloseContainerEventHandler (CloseContainerEventHandler.java:onMessage(69)) - Close container Event triggered for container : #1
2021-08-03 13:03:45,803 [EventQueue-PipelineActionsForPipelineActionHandler] INFO  pipeline.PipelineStateManager (PipelineStateManagerV2Impl.java:removePipeline(211)) - Pipeline Pipeline[ Id: c8f63c6e-b7f5-4753-b633-8073aa0e838e, Nodes: 1a688da3-84f6-4ddd-a5bc-f601c4f0f554{ip: 10.1.0.54, host: fv-az116-942.vzw04321ajxubdbcnpick5nqva.xx.internal.cloudapp.net, ports: [REPLICATION=32905, RATIS=37247, RATIS_ADMIN=37247, RATIS_SERVER=37247, STANDALONE=35891], networkLocation: /default-rack, certSerialId: null, persistedOpState: IN_SERVICE, persistedOpStateExpiryEpochSec: 0}02f62297-3457-4779-b0f5-2d066303236a{ip: 10.1.0.54, host: fv-az116-942.vzw04321ajxubdbcnpick5nqva.xx.internal.cloudapp.net, ports: [REPLICATION=40539, RATIS=45971, RATIS_ADMIN=45971, RATIS_SERVER=45971, STANDALONE=34505], networkLocation: /default-rack, certSerialId: null, persistedOpState: IN_SERVICE, persistedOpStateExpiryEpochSec: 0}a3a98b8b-adcd-408e-bef5-31175bc97024{ip: 10.1.0.54, host: fv-az116-942.vzw04321ajxubdbcnpick5nqva.xx.internal.cloudapp.net, ports: [REPLICATION=33363, RATIS=39883, RATIS_ADMIN=39883, RATIS_SERVER=39883, STANDALONE=38329], networkLocation: /default-rack, certSerialId: null, persistedOpState: IN_SERVICE, persistedOpStateExpiryEpochSec: 0}, ReplicationConfig: RATIS/THREE, State:CLOSED, leaderId:02f62297-3457-4779-b0f5-2d066303236a, CreationTimestamp2021-08-03T13:03:26.884Z[Etc/UTC]] removed.
2021-08-03 13:03:45,804 [EventQueue-CloseContainerForCloseContainerEventHandler] INFO  pipeline.PipelineStateManager (PipelineStateManagerV2Impl.java:removeContainerFromPipeline(237)) - Pipeline PipelineID=c8f63c6e-b7f5-4753-b633-8073aa0e838e is not found in the pipeline2ContainerMap. Pipeline may have been closed already.
2021-08-03 13:03:45,804 [EventQueue-CloseContainerForCloseContainerEventHandler] INFO  container.CloseContainerEventHandler (CloseContainerEventHandler.java:onMessage(69)) - Close container Event triggered for container : #2
2021-08-03 13:03:45,805 [EventQueue-CloseContainerForCloseContainerEventHandler] INFO  pipeline.PipelineStateManager (PipelineStateManagerV2Impl.java:removeContainerFromPipeline(237)) - Pipeline PipelineID=c8f63c6e-b7f5-4753-b633-8073aa0e838e is not found in the pipeline2ContainerMap. Pipeline may have been closed already.
2021-08-03 13:03:46,027 [Listener at 127.0.0.1/42051] INFO  ozone.MiniOzoneClusterImpl (MiniOzoneClusterImpl.java:shutdown(453)) - Shutting down the Mini Ozone Cluster
2021-08-03 13:03:46,028 [Listener at 127.0.0.1/42051] INFO  ozone.MiniOzoneClusterImpl (MiniOzoneClusterImpl.java:stop(468)) - Stopping the Mini Ozone Cluster
2021-08-03 13:03:46,029 [Listener at 127.0.0.1/42051] INFO  ozone.MiniOzoneClusterImpl (MiniOzoneClusterImpl.java:stopOM(550)) - Stopping the OzoneManager
2021-08-03 13:03:46,029 [Listener at 127.0.0.1/42051] INFO  om.OzoneManager (OzoneManager.java:stop(1601)) - Stopping Ozone Manager
2021-08-03 13:03:46,029 [Listener at 127.0.0.1/42051] INFO  ipc.Server (Server.java:stop(3414)) - Stopping server on 42051
2021-08-03 13:03:46,041 [IPC Server listener on 0] INFO  ipc.Server (Server.java:run(1376)) - Stopping IPC Server listener on 0
2021-08-03 13:03:46,043 [IPC Server Responder] INFO  ipc.Server (Server.java:run(1512)) - Stopping IPC Server Responder
2021-08-03 13:03:46,043 [Listener at 127.0.0.1/42051] INFO  server.RaftServer (RaftServerProxy.java:lambda$close$6(391)) - om1: close
2021-08-03 13:03:46,044 [Listener at 127.0.0.1/42051] INFO  server.RaftServer$Division (RaftServerImpl.java:lambda$close$4(407)) - om1@group-C5BA1605619E: shutdown
2021-08-03 13:03:46,044 [Listener at 127.0.0.1/42051] INFO  util.JmxRegister (JmxRegister.java:unregister(73)) - Successfully un-registered JMX Bean with object name Ratis:service=RaftServer,group=group-C5BA1605619E,id=om1
2021-08-03 13:03:46,044 [Listener at 127.0.0.1/42051] INFO  impl.RoleInfo (RoleInfo.java:shutdownLeaderState(91)) - om1: shutdown om1@group-C5BA1605619E-LeaderStateImpl
2021-08-03 13:03:46,045 [Listener at 127.0.0.1/42051] INFO  impl.PendingRequests (PendingRequests.java:sendNotLeaderResponses(249)) - om1@group-C5BA1605619E-PendingRequests: sendNotLeaderResponses
2021-08-03 13:03:46,050 [Listener at 127.0.0.1/42051] INFO  impl.StateMachineUpdater (StateMachineUpdater.java:stopAndJoin(149)) - om1@group-C5BA1605619E-StateMachineUpdater: set stopIndex = 0
2021-08-03 13:03:46,052 [om1@group-C5BA1605619E-StateMachineUpdater] INFO  ratis.OzoneManagerStateMachine (OzoneManagerStateMachine.java:takeSnapshot(417)) - Current Snapshot Index (t:1, i:0)
2021-08-03 13:03:46,052 [om1@group-C5BA1605619E-StateMachineUpdater] INFO  impl.StateMachineUpdater (StateMachineUpdater.java:takeSnapshot(281)) - om1@group-C5BA1605619E-StateMachineUpdater: Took a snapshot at index 0
2021-08-03 13:03:46,052 [om1@group-C5BA1605619E-StateMachineUpdater] INFO  impl.StateMachineUpdater (StateMachineUpdater.java:lambda$new$0(89)) - om1@group-C5BA1605619E-StateMachineUpdater: snapshotIndex: updateIncreasingly -1 -> 0
2021-08-03 13:03:46,052 [om1@group-C5BA1605619E-StateMachineUpdater] INFO  ratis.OzoneManagerStateMachine (OzoneManagerStateMachine.java:close(471)) - StateMachine has shutdown. Shutdown OzoneManager if not already shutdown.
2021-08-03 13:03:46,053 [Listener at 127.0.0.1/42051] INFO  server.RaftServer$Division (ServerState.java:close(419)) - om1@group-C5BA1605619E: closes. applyIndex: 0
2021-08-03 13:03:46,053 [om1@group-C5BA1605619E-SegmentedRaftLogWorker] INFO  segmented.SegmentedRaftLogWorker (SegmentedRaftLogWorker.java:run(327)) - om1@group-C5BA1605619E-SegmentedRaftLogWorker was interrupted, exiting. There are 0 tasks remaining in the queue.
2021-08-03 13:03:46,055 [Listener at 127.0.0.1/42051] INFO  segmented.SegmentedRaftLogWorker (SegmentedRaftLogWorker.java:close(237)) - om1@group-C5BA1605619E-SegmentedRaftLogWorker close()
2021-08-03 13:03:46,056 [Listener at 127.0.0.1/42051] INFO  server.GrpcService (GrpcService.java:closeImpl(262)) - om1: shutdown server with port 9872 now
2021-08-03 13:03:46,062 [Listener at 127.0.0.1/42051] INFO  server.GrpcService (GrpcService.java:closeImpl(271)) - om1: shutdown server with port 9872 successfully
2021-08-03 13:03:46,063 [org.apache.ratis.util.JvmPauseMonitor$$Lambda$526/271495216@1063a03d] INFO  util.JvmPauseMonitor (JvmPauseMonitor.java:run(109)) - JvmPauseMonitor-om1: Stopped
2021-08-03 13:03:46,063 [Listener at 127.0.0.1/42051] INFO  ratis.OzoneManagerDoubleBuffer (OzoneManagerDoubleBuffer.java:stop(437)) - Stopping OMDoubleBuffer flush thread
2021-08-03 13:03:46,063 [OMDoubleBufferFlushThread] INFO  ratis.OzoneManagerDoubleBuffer (OzoneManagerDoubleBuffer.java:flushTransactions(356)) - OMDoubleBuffer flush thread OMDoubleBufferFlushThread is interrupted and will exit. OMDoubleBufferFlushThread
2021-08-03 13:03:46,063 [Listener at 127.0.0.1/42051] INFO  utils.BackgroundService (BackgroundService.java:shutdown(132)) - Shutting down service KeyDeletingService
2021-08-03 13:03:46,065 [Listener at 127.0.0.1/42051] INFO  handler.ContextHandler (ContextHandler.java:doStop(1154)) - Stopped o.e.j.w.WebAppContext@159bebda{ozoneManager,/,null,STOPPED}{file:/home/runner/work/ozone/ozone/mnt/ozone/hadoop-ozone/integration-test/target/test-classes/webapps/ozoneManager}
2021-08-03 13:03:46,066 [Listener at 127.0.0.1/42051] INFO  server.AbstractConnector (AbstractConnector.java:doStop(381)) - Stopped ServerConnector@35a52481{HTTP/1.1, (http/1.1)}{0.0.0.0:0}
2021-08-03 13:03:46,066 [Listener at 127.0.0.1/42051] INFO  server.session (HouseKeeper.java:stopScavenging(149)) - node0 Stopped scavenging
2021-08-03 13:03:46,067 [Listener at 127.0.0.1/42051] INFO  handler.ContextHandler (ContextHandler.java:doStop(1154)) - Stopped o.e.j.s.ServletContextHandler@2638f7d7{static,/static,file:///home/runner/work/ozone/ozone/mnt/ozone/hadoop-ozone/integration-test/target/test-classes/webapps/static,STOPPED}
2021-08-03 13:03:46,067 [Listener at 127.0.0.1/42051] INFO  handler.ContextHandler (ContextHandler.java:doStop(1154)) - Stopped o.e.j.s.ServletContextHandler@5290e930{logs,/logs,file:///home/runner/work/ozone/ozone/mnt/ozone/hadoop-ozone/integration-test/target/log,STOPPED}
2021-08-03 13:03:46,073 [Listener at 127.0.0.1/42051] INFO  ozone.MiniOzoneClusterImpl (MiniOzoneClusterImpl.java:stopDatanodes(527)) - Stopping the HddsDatanodes
2021-08-03 13:03:46,751 [Datanode State Machine Thread - 0] INFO  statemachine.DatanodeStateMachine (DatanodeStateMachine.java:lambda$startDaemon$0(456)) - Ozone container server started.
2021-08-03 13:03:46,855 [Command processor thread] INFO  server.RaftServer (RaftServerProxy.java:remove(106)) - 02f62297-3457-4779-b0f5-2d066303236a: remove    LEADER 02f62297-3457-4779-b0f5-2d066303236a@group-8073AA0E838E:t3, leader=02f62297-3457-4779-b0f5-2d066303236a, voted=02f62297-3457-4779-b0f5-2d066303236a, raftlog=02f62297-3457-4779-b0f5-2d066303236a@group-8073AA0E838E-SegmentedRaftLog:OPENED:c0,f0,i0, conf=0: [02f62297-3457-4779-b0f5-2d066303236a|rpc:10.1.0.54:45971|dataStream:|priority:1, 1a688da3-84f6-4ddd-a5bc-f601c4f0f554|rpc:10.1.0.54:37247|dataStream:|priority:0, a3a98b8b-adcd-408e-bef5-31175bc97024|rpc:10.1.0.54:39883|dataStream:|priority:0], old=null RUNNING
2021-08-03 13:03:46,858 [Command processor thread] INFO  server.RaftServer$Division (RaftServerImpl.java:lambda$close$4(407)) - 02f62297-3457-4779-b0f5-2d066303236a@group-8073AA0E838E: shutdown
2021-08-03 13:03:46,858 [Command processor thread] INFO  util.JmxRegister (JmxRegister.java:unregister(73)) - Successfully un-registered JMX Bean with object name Ratis:service=RaftServer,group=group-8073AA0E838E,id=02f62297-3457-4779-b0f5-2d066303236a
2021-08-03 13:03:46,858 [Command processor thread] INFO  impl.RoleInfo (RoleInfo.java:shutdownLeaderState(91)) - 02f62297-3457-4779-b0f5-2d066303236a: shutdown 02f62297-3457-4779-b0f5-2d066303236a@group-8073AA0E838E-LeaderStateImpl
2021-08-03 13:03:46,858 [Command processor thread] INFO  impl.PendingRequests (PendingRequests.java:sendNotLeaderResponses(249)) - 02f62297-3457-4779-b0f5-2d066303236a@group-8073AA0E838E-PendingRequests: sendNotLeaderResponses
2021-08-03 13:03:46,859 [02f62297-3457-4779-b0f5-2d066303236a@group-8073AA0E838E->1a688da3-84f6-4ddd-a5bc-f601c4f0f554-GrpcLogAppender-LogAppenderDaemon] WARN  server.GrpcLogAppender (GrpcLogAppender.java:mayWait(175)) - 02f62297-3457-4779-b0f5-2d066303236a@group-8073AA0E838E->1a688da3-84f6-4ddd-a5bc-f601c4f0f554-GrpcLogAppender: Wait interrupted by java.lang.InterruptedException
2021-08-03 13:03:46,861 [grpc-default-executor-2] INFO  server.GrpcServerProtocolService (GrpcServerProtocolService.java:onCompleted(140)) - 1a688da3-84f6-4ddd-a5bc-f601c4f0f554: Completed APPEND_ENTRIES, lastRequest: 02f62297-3457-4779-b0f5-2d066303236a->1a688da3-84f6-4ddd-a5bc-f601c4f0f554#1-t3,previous=(t:0, i:0),leaderCommit=-1,initializing? true,entries: size=1, first=(t:3, i:0), CONFIGURATIONENTRY
2021-08-03 13:03:46,862 [grpc-default-executor-4] INFO  server.GrpcLogAppender (GrpcLogAppender.java:onCompleted(344)) - 02f62297-3457-4779-b0f5-2d066303236a@group-8073AA0E838E->1a688da3-84f6-4ddd-a5bc-f601c4f0f554-AppendLogResponseHandler: follower responses appendEntries COMPLETED
2021-08-03 13:03:46,862 [02f62297-3457-4779-b0f5-2d066303236a@group-8073AA0E838E->a3a98b8b-adcd-408e-bef5-31175bc97024-GrpcLogAppender-LogAppenderDaemon] WARN  server.GrpcLogAppender (GrpcLogAppender.java:mayWait(175)) - 02f62297-3457-4779-b0f5-2d066303236a@group-8073AA0E838E->a3a98b8b-adcd-408e-bef5-31175bc97024-GrpcLogAppender: Wait interrupted by java.lang.InterruptedException
2021-08-03 13:03:46,863 [grpc-default-executor-4] INFO  leader.FollowerInfo (FollowerInfoImpl.java:lambda$new$0(46)) - 02f62297-3457-4779-b0f5-2d066303236a@group-8073AA0E838E->1a688da3-84f6-4ddd-a5bc-f601c4f0f554: nextIndex: updateUnconditionally 1 -> 0
2021-08-03 13:03:46,863 [Command processor thread] INFO  impl.StateMachineUpdater (StateMachineUpdater.java:stopAndJoin(149)) - 02f62297-3457-4779-b0f5-2d066303236a@group-8073AA0E838E-StateMachineUpdater: set stopIndex = 0
2021-08-03 13:03:46,865 [02f62297-3457-4779-b0f5-2d066303236a@group-8073AA0E838E-StateMachineUpdater] INFO  ratis.ContainerStateMachine (ContainerStateMachine.java:takeSnapshot(291)) - group-8073AA0E838E: Taking a snapshot at:(t:3, i:0) file /home/runner/work/ozone/ozone/mnt/ozone/hadoop-ozone/integration-test/target/test-dir/MiniOzoneClusterImpl-f5709174-8c02-4eb0-9f51-9d4c6c69deaa/datanode-2/data/ratis/c8f63c6e-b7f5-4753-b633-8073aa0e838e/sm/snapshot.3_0
2021-08-03 13:03:46,866 [grpc-default-executor-4] INFO  server.GrpcServerProtocolService (GrpcServerProtocolService.java:onCompleted(140)) - a3a98b8b-adcd-408e-bef5-31175bc97024: Completed APPEND_ENTRIES, lastRequest: 02f62297-3457-4779-b0f5-2d066303236a->a3a98b8b-adcd-408e-bef5-31175bc97024#1-t3,previous=(t:0, i:0),leaderCommit=0,initializing? true,entries: size=1, first=(t:3, i:0), CONFIGURATIONENTRY
2021-08-03 13:03:46,868 [grpc-default-executor-2] INFO  server.GrpcLogAppender (GrpcLogAppender.java:onCompleted(344)) - 02f62297-3457-4779-b0f5-2d066303236a@group-8073AA0E838E->a3a98b8b-adcd-408e-bef5-31175bc97024-AppendLogResponseHandler: follower responses appendEntries COMPLETED
2021-08-03 13:03:46,868 [grpc-default-executor-2] INFO  leader.FollowerInfo (FollowerInfoImpl.java:lambda$new$0(46)) - 02f62297-3457-4779-b0f5-2d066303236a@group-8073AA0E838E->a3a98b8b-adcd-408e-bef5-31175bc97024: nextIndex: updateUnconditionally 1 -> 0
2021-08-03 13:03:46,869 [02f62297-3457-4779-b0f5-2d066303236a@group-8073AA0E838E-StateMachineUpdater] INFO  ratis.ContainerStateMachine (ContainerStateMachine.java:takeSnapshot(302)) - group-8073AA0E838E: Finished taking a snapshot at:(t:3, i:0) file:/home/runner/work/ozone/ozone/mnt/ozone/hadoop-ozone/integration-test/target/test-dir/MiniOzoneClusterImpl-f5709174-8c02-4eb0-9f51-9d4c6c69deaa/datanode-2/data/ratis/c8f63c6e-b7f5-4753-b633-8073aa0e838e/sm/snapshot.3_0 took: 5 ms
2021-08-03 13:03:46,870 [02f62297-3457-4779-b0f5-2d066303236a@group-8073AA0E838E-StateMachineUpdater] INFO  impl.StateMachineUpdater (StateMachineUpdater.java:takeSnapshot(281)) - 02f62297-3457-4779-b0f5-2d066303236a@group-8073AA0E838E-StateMachineUpdater: Took a snapshot at index 0
2021-08-03 13:03:46,870 [02f62297-3457-4779-b0f5-2d066303236a@group-8073AA0E838E-StateMachineUpdater] INFO  impl.StateMachineUpdater (StateMachineUpdater.java:lambda$new$0(89)) - 02f62297-3457-4779-b0f5-2d066303236a@group-8073AA0E838E-StateMachineUpdater: snapshotIndex: updateIncreasingly -1 -> 0
2021-08-03 13:03:46,870 [Command processor thread] INFO  server.RaftServer$Division (ServerState.java:close(419)) - 02f62297-3457-4779-b0f5-2d066303236a@group-8073AA0E838E: closes. applyIndex: 0
2021-08-03 13:03:46,871 [02f62297-3457-4779-b0f5-2d066303236a@group-8073AA0E838E-SegmentedRaftLogWorker] INFO  segmented.SegmentedRaftLogWorker (SegmentedRaftLogWorker.java:run(327)) - 02f62297-3457-4779-b0f5-2d066303236a@group-8073AA0E838E-SegmentedRaftLogWorker was interrupted, exiting. There are 0 tasks remaining in the queue.
2021-08-03 13:03:46,872 [Command processor thread] INFO  segmented.SegmentedRaftLogWorker (SegmentedRaftLogWorker.java:close(237)) - 02f62297-3457-4779-b0f5-2d066303236a@group-8073AA0E838E-SegmentedRaftLogWorker close()
2021-08-03 13:03:46,874 [Command processor thread] INFO  server.RaftServer$Division (RaftServerImpl.java:groupRemove(377)) - 02f62297-3457-4779-b0f5-2d066303236a@group-8073AA0E838E: Succeed to remove RaftStorageDirectory Storage Directory /home/runner/work/ozone/ozone/mnt/ozone/hadoop-ozone/integration-test/target/test-dir/MiniOzoneClusterImpl-f5709174-8c02-4eb0-9f51-9d4c6c69deaa/datanode-2/data/ratis/c8f63c6e-b7f5-4753-b633-8073aa0e838e
2021-08-03 13:03:46,874 [Command processor thread] INFO  commandhandler.ClosePipelineCommandHandler (ClosePipelineCommandHandler.java:handle(75)) - Close Pipeline PipelineID=c8f63c6e-b7f5-4753-b633-8073aa0e838e command on datanode 02f62297-3457-4779-b0f5-2d066303236a.
2021-08-03 13:03:46,875 [Datanode State Machine Thread - 0] INFO  statemachine.DatanodeStateMachine (DatanodeStateMachine.java:lambda$startDaemon$0(456)) - Ozone container server started.
2021-08-03 13:03:49,993 [02f62297-3457-4779-b0f5-2d066303236a@group-7706F0716F6A-FollowerState] INFO  impl.FollowerState (FollowerState.java:run(134)) - 02f62297-3457-4779-b0f5-2d066303236a@group-7706F0716F6A-FollowerState: change to CANDIDATE, lastRpcElapsedTime:5040309215ns, electionTimeout:5039ms
2021-08-03 13:03:49,993 [02f62297-3457-4779-b0f5-2d066303236a@group-7706F0716F6A-FollowerState] INFO  impl.RoleInfo (RoleInfo.java:shutdownFollowerState(108)) - 02f62297-3457-4779-b0f5-2d066303236a: shutdown 02f62297-3457-4779-b0f5-2d066303236a@group-7706F0716F6A-FollowerState
2021-08-03 13:03:49,994 [02f62297-3457-4779-b0f5-2d066303236a@group-7706F0716F6A-FollowerState] INFO  server.RaftServer$Division (RaftServerImpl.java:setRole(285)) - 02f62297-3457-4779-b0f5-2d066303236a@group-7706F0716F6A: changes role from  FOLLOWER to CANDIDATE at term 3 for changeToCandidate
2021-08-03 13:03:49,994 [02f62297-3457-4779-b0f5-2d066303236a@group-7706F0716F6A-FollowerState] INFO  server.RaftServerConfigKeys (ConfUtils.java:logGet(44)) - raft.server.leaderelection.pre-vote = false (custom)
2021-08-03 13:03:49,994 [02f62297-3457-4779-b0f5-2d066303236a@group-7706F0716F6A-FollowerState] INFO  impl.RoleInfo (RoleInfo.java:updateAndGet(130)) - 02f62297-3457-4779-b0f5-2d066303236a: start 02f62297-3457-4779-b0f5-2d066303236a@group-7706F0716F6A-LeaderElection42
2021-08-03 13:03:49,998 [02f62297-3457-4779-b0f5-2d066303236a@group-7706F0716F6A-LeaderElection42] INFO  impl.LeaderElection (LeaderElection.java:askForVotes(306)) - 02f62297-3457-4779-b0f5-2d066303236a@group-7706F0716F6A-LeaderElection42 ELECTION round 0: submit vote requests at term 4 for -1: [02f62297-3457-4779-b0f5-2d066303236a|rpc:10.1.0.54:45971|dataStream:|priority:0, 1a688da3-84f6-4ddd-a5bc-f601c4f0f554|rpc:10.1.0.54:37247|dataStream:|priority:1, a3a98b8b-adcd-408e-bef5-31175bc97024|rpc:10.1.0.54:39883|dataStream:|priority:0], old=null
2021-08-03 13:03:50,007 [grpc-default-executor-4] INFO  server.RaftServer$Division (RaftServerImpl.java:requestVote(1043)) - 1a688da3-84f6-4ddd-a5bc-f601c4f0f554@group-7706F0716F6A: receive requestVote(ELECTION, 02f62297-3457-4779-b0f5-2d066303236a, group-7706F0716F6A, 4, (t:0, i:0))
2021-08-03 13:03:50,007 [grpc-default-executor-4] INFO  impl.VoteContext (VoteContext.java:log(48)) - 1a688da3-84f6-4ddd-a5bc-f601c4f0f554@group-7706F0716F6A-FOLLOWER: reject ELECTION from 02f62297-3457-4779-b0f5-2d066303236a: our priority 1 > candidate's priority 0
2021-08-03 13:03:50,007 [grpc-default-executor-4] INFO  server.RaftServer$Division (RaftServerImpl.java:setRole(285)) - 1a688da3-84f6-4ddd-a5bc-f601c4f0f554@group-7706F0716F6A: changes role from  FOLLOWER to FOLLOWER at term 4 for candidate:02f62297-3457-4779-b0f5-2d066303236a
2021-08-03 13:03:50,007 [grpc-default-executor-4] INFO  impl.RoleInfo (RoleInfo.java:shutdownFollowerState(108)) - 1a688da3-84f6-4ddd-a5bc-f601c4f0f554: shutdown 1a688da3-84f6-4ddd-a5bc-f601c4f0f554@group-7706F0716F6A-FollowerState
2021-08-03 13:03:50,007 [grpc-default-executor-4] INFO  impl.RoleInfo (RoleInfo.java:updateAndGet(130)) - 1a688da3-84f6-4ddd-a5bc-f601c4f0f554: start 1a688da3-84f6-4ddd-a5bc-f601c4f0f554@group-7706F0716F6A-FollowerState
2021-08-03 13:03:50,007 [1a688da3-84f6-4ddd-a5bc-f601c4f0f554@group-7706F0716F6A-FollowerState] INFO  impl.FollowerState (FollowerState.java:run(143)) - 1a688da3-84f6-4ddd-a5bc-f601c4f0f554@group-7706F0716F6A-FollowerState was interrupted: {}
java.lang.InterruptedException: sleep interrupted
	at java.lang.Thread.sleep(Native Method)
	at java.lang.Thread.sleep(Thread.java:340)
	at java.util.concurrent.TimeUnit.sleep(TimeUnit.java:386)
	at org.apache.ratis.util.TimeDuration.sleep(TimeDuration.java:324)
	at org.apache.ratis.util.TimeDuration.sleep(TimeDuration.java:309)
	at org.apache.ratis.server.impl.FollowerState.run(FollowerState.java:118)
2021-08-03 13:03:50,015 [grpc-default-executor-4] INFO  server.RaftServer$Division (RaftServerImpl.java:requestVote(1075)) - 1a688da3-84f6-4ddd-a5bc-f601c4f0f554@group-7706F0716F6A replies to ELECTION vote request: 02f62297-3457-4779-b0f5-2d066303236a<-1a688da3-84f6-4ddd-a5bc-f601c4f0f554#0:FAIL-t4. Peer's state: 1a688da3-84f6-4ddd-a5bc-f601c4f0f554@group-7706F0716F6A:t4, leader=null, voted=null, raftlog=1a688da3-84f6-4ddd-a5bc-f601c4f0f554@group-7706F0716F6A-SegmentedRaftLog:OPENED:c-1,f-1,i0, conf=-1: [02f62297-3457-4779-b0f5-2d066303236a|rpc:10.1.0.54:45971|priority:0, 1a688da3-84f6-4ddd-a5bc-f601c4f0f554|rpc:10.1.0.54:37247|priority:1, a3a98b8b-adcd-408e-bef5-31175bc97024|rpc:10.1.0.54:39883|priority:0], old=null
2021-08-03 13:03:50,016 [grpc-default-executor-2] INFO  server.RaftServer$Division (RaftServerImpl.java:requestVote(1043)) - a3a98b8b-adcd-408e-bef5-31175bc97024@group-7706F0716F6A: receive requestVote(ELECTION, 02f62297-3457-4779-b0f5-2d066303236a, group-7706F0716F6A, 4, (t:0, i:0))
2021-08-03 13:03:50,016 [grpc-default-executor-2] INFO  impl.VoteContext (VoteContext.java:log(48)) - a3a98b8b-adcd-408e-bef5-31175bc97024@group-7706F0716F6A-FOLLOWER: accept ELECTION from 02f62297-3457-4779-b0f5-2d066303236a: our priority 0 <= candidate's priority 0
2021-08-03 13:03:50,016 [grpc-default-executor-2] INFO  server.RaftServer$Division (RaftServerImpl.java:setRole(285)) - a3a98b8b-adcd-408e-bef5-31175bc97024@group-7706F0716F6A: changes role from  FOLLOWER to FOLLOWER at term 4 for candidate:02f62297-3457-4779-b0f5-2d066303236a
2021-08-03 13:03:50,017 [grpc-default-executor-2] INFO  impl.RoleInfo (RoleInfo.java:shutdownFollowerState(108)) - a3a98b8b-adcd-408e-bef5-31175bc97024: shutdown a3a98b8b-adcd-408e-bef5-31175bc97024@group-7706F0716F6A-FollowerState
2021-08-03 13:03:50,017 [grpc-default-executor-2] INFO  impl.RoleInfo (RoleInfo.java:updateAndGet(130)) - a3a98b8b-adcd-408e-bef5-31175bc97024: start a3a98b8b-adcd-408e-bef5-31175bc97024@group-7706F0716F6A-FollowerState
2021-08-03 13:03:50,017 [a3a98b8b-adcd-408e-bef5-31175bc97024@group-7706F0716F6A-FollowerState] INFO  impl.FollowerState (FollowerState.java:run(143)) - a3a98b8b-adcd-408e-bef5-31175bc97024@group-7706F0716F6A-FollowerState was interrupted: {}
java.lang.InterruptedException: sleep interrupted
	at java.lang.Thread.sleep(Native Method)
	at java.lang.Thread.sleep(Thread.java:340)
	at java.util.concurrent.TimeUnit.sleep(TimeUnit.java:386)
	at org.apache.ratis.util.TimeDuration.sleep(TimeDuration.java:324)
	at org.apache.ratis.util.TimeDuration.sleep(TimeDuration.java:309)
	at org.apache.ratis.server.impl.FollowerState.run(FollowerState.java:118)
2021-08-03 13:03:50,021 [grpc-default-executor-2] INFO  server.RaftServer$Division (RaftServerImpl.java:requestVote(1075)) - a3a98b8b-adcd-408e-bef5-31175bc97024@group-7706F0716F6A replies to ELECTION vote request: 02f62297-3457-4779-b0f5-2d066303236a<-a3a98b8b-adcd-408e-bef5-31175bc97024#0:OK-t4. Peer's state: a3a98b8b-adcd-408e-bef5-31175bc97024@group-7706F0716F6A:t4, leader=null, voted=02f62297-3457-4779-b0f5-2d066303236a, raftlog=a3a98b8b-adcd-408e-bef5-31175bc97024@group-7706F0716F6A-SegmentedRaftLog:OPENED:c-1,f-1,i0, conf=-1: [02f62297-3457-4779-b0f5-2d066303236a|rpc:10.1.0.54:45971|dataStream:|priority:0, 1a688da3-84f6-4ddd-a5bc-f601c4f0f554|rpc:10.1.0.54:37247|dataStream:|priority:1, a3a98b8b-adcd-408e-bef5-31175bc97024|rpc:10.1.0.54:39883|dataStream:|priority:0], old=null
2021-08-03 13:03:50,022 [02f62297-3457-4779-b0f5-2d066303236a@group-7706F0716F6A-LeaderElection42] INFO  impl.LeaderElection (LeaderElection.java:logAndReturn(89)) - 02f62297-3457-4779-b0f5-2d066303236a@group-7706F0716F6A-LeaderElection42: ELECTION REJECTED received 1 response(s) and 0 exception(s):
2021-08-03 13:03:50,023 [02f62297-3457-4779-b0f5-2d066303236a@group-7706F0716F6A-LeaderElection42] INFO  impl.LeaderElection (LeaderElection.java:logAndReturn(93)) -   Response 0: 02f62297-3457-4779-b0f5-2d066303236a<-1a688da3-84f6-4ddd-a5bc-f601c4f0f554#0:FAIL-t4
2021-08-03 13:03:50,023 [02f62297-3457-4779-b0f5-2d066303236a@group-7706F0716F6A-LeaderElection42] INFO  impl.LeaderElection (LeaderElection.java:askForVotes(308)) - 02f62297-3457-4779-b0f5-2d066303236a@group-7706F0716F6A-LeaderElection42 ELECTION round 0: result REJECTED
2021-08-03 13:03:50,023 [02f62297-3457-4779-b0f5-2d066303236a@group-7706F0716F6A-LeaderElection42] INFO  server.RaftServer$Division (RaftServerImpl.java:setRole(285)) - 02f62297-3457-4779-b0f5-2d066303236a@group-7706F0716F6A: changes role from CANDIDATE to FOLLOWER at term 4 for REJECTED
2021-08-03 13:03:50,023 [02f62297-3457-4779-b0f5-2d066303236a@group-7706F0716F6A-LeaderElection42] INFO  impl.RoleInfo (RoleInfo.java:shutdownLeaderElection(121)) - 02f62297-3457-4779-b0f5-2d066303236a: shutdown 02f62297-3457-4779-b0f5-2d066303236a@group-7706F0716F6A-LeaderElection42
2021-08-03 13:03:50,023 [02f62297-3457-4779-b0f5-2d066303236a@group-7706F0716F6A-LeaderElection42] INFO  impl.RoleInfo (RoleInfo.java:updateAndGet(130)) - 02f62297-3457-4779-b0f5-2d066303236a: start 02f62297-3457-4779-b0f5-2d066303236a@group-7706F0716F6A-FollowerState
2021-08-03 13:03:51,079 [Listener at 127.0.0.1/42051] INFO  ozoneimpl.OzoneContainer (OzoneContainer.java:stop(326)) - Attempting to stop container services.
2021-08-03 13:03:51,083 [Listener at 127.0.0.1/42051] INFO  server.RaftServer (RaftServerProxy.java:lambda$close$6(391)) - a3a98b8b-adcd-408e-bef5-31175bc97024: close
2021-08-03 13:03:51,083 [Listener at 127.0.0.1/42051] INFO  server.RaftServer$Division (RaftServerImpl.java:lambda$close$4(407)) - a3a98b8b-adcd-408e-bef5-31175bc97024@group-9A69BEDCF44F: shutdown
2021-08-03 13:03:51,083 [Listener at 127.0.0.1/42051] INFO  util.JmxRegister (JmxRegister.java:unregister(73)) - Successfully un-registered JMX Bean with object name Ratis:service=RaftServer,group=group-9A69BEDCF44F,id=a3a98b8b-adcd-408e-bef5-31175bc97024
2021-08-03 13:03:51,083 [Listener at 127.0.0.1/42051] INFO  impl.RoleInfo (RoleInfo.java:shutdownLeaderState(91)) - a3a98b8b-adcd-408e-bef5-31175bc97024: shutdown a3a98b8b-adcd-408e-bef5-31175bc97024@group-9A69BEDCF44F-LeaderStateImpl
2021-08-03 13:03:51,083 [Listener at 127.0.0.1/42051] INFO  impl.PendingRequests (PendingRequests.java:sendNotLeaderResponses(249)) - a3a98b8b-adcd-408e-bef5-31175bc97024@group-9A69BEDCF44F-PendingRequests: sendNotLeaderResponses
2021-08-03 13:03:51,085 [ForkJoinPool.commonPool-worker-1] INFO  ozoneimpl.OzoneContainer (OzoneContainer.java:stop(326)) - Attempting to stop container services.
2021-08-03 13:03:51,085 [ForkJoinPool.commonPool-worker-1] INFO  server.RaftServer (RaftServerProxy.java:lambda$close$6(391)) - 1a688da3-84f6-4ddd-a5bc-f601c4f0f554: close
2021-08-03 13:03:51,085 [ForkJoinPool.commonPool-worker-1] INFO  server.RaftServer$Division (RaftServerImpl.java:lambda$close$4(407)) - 1a688da3-84f6-4ddd-a5bc-f601c4f0f554@group-D63A17F1530E: shutdown
2021-08-03 13:03:51,085 [ForkJoinPool.commonPool-worker-1] INFO  util.JmxRegister (JmxRegister.java:unregister(73)) - Successfully un-registered JMX Bean with object name Ratis:service=RaftServer,group=group-D63A17F1530E,id=1a688da3-84f6-4ddd-a5bc-f601c4f0f554
2021-08-03 13:03:51,086 [ForkJoinPool.commonPool-worker-1] INFO  impl.RoleInfo (RoleInfo.java:shutdownLeaderState(91)) - 1a688da3-84f6-4ddd-a5bc-f601c4f0f554: shutdown 1a688da3-84f6-4ddd-a5bc-f601c4f0f554@group-D63A17F1530E-LeaderStateImpl
2021-08-03 13:03:51,086 [ForkJoinPool.commonPool-worker-1] INFO  impl.PendingRequests (PendingRequests.java:sendNotLeaderResponses(249)) - 1a688da3-84f6-4ddd-a5bc-f601c4f0f554@group-D63A17F1530E-PendingRequests: sendNotLeaderResponses
2021-08-03 13:03:51,087 [a3a98b8b-adcd-408e-bef5-31175bc97024@group-9A69BEDCF44F-StateMachineUpdater] INFO  ratis.ContainerStateMachine (ContainerStateMachine.java:takeSnapshot(291)) - group-9A69BEDCF44F: Taking a snapshot at:(t:1, i:0) file /home/runner/work/ozone/ozone/mnt/ozone/hadoop-ozone/integration-test/target/test-dir/MiniOzoneClusterImpl-f5709174-8c02-4eb0-9f51-9d4c6c69deaa/datanode-1/data/ratis/eb8470f6-08e8-4b0e-b8e8-9a69bedcf44f/sm/snapshot.1_0
2021-08-03 13:03:51,087 [Listener at 127.0.0.1/42051] INFO  impl.StateMachineUpdater (StateMachineUpdater.java:stopAndJoin(149)) - a3a98b8b-adcd-408e-bef5-31175bc97024@group-9A69BEDCF44F-StateMachineUpdater: set stopIndex = 0
2021-08-03 13:03:51,088 [ForkJoinPool.commonPool-worker-1] INFO  impl.StateMachineUpdater (StateMachineUpdater.java:stopAndJoin(149)) - 1a688da3-84f6-4ddd-a5bc-f601c4f0f554@group-D63A17F1530E-StateMachineUpdater: set stopIndex = 0
2021-08-03 13:03:51,088 [1a688da3-84f6-4ddd-a5bc-f601c4f0f554@group-D63A17F1530E-StateMachineUpdater] INFO  ratis.ContainerStateMachine (ContainerStateMachine.java:takeSnapshot(291)) - group-D63A17F1530E: Taking a snapshot at:(t:1, i:0) file /home/runner/work/ozone/ozone/mnt/ozone/hadoop-ozone/integration-test/target/test-dir/MiniOzoneClusterImpl-f5709174-8c02-4eb0-9f51-9d4c6c69deaa/datanode-0/data/ratis/2fed9160-51d1-433d-aee0-d63a17f1530e/sm/snapshot.1_0
2021-08-03 13:03:51,088 [a3a98b8b-adcd-408e-bef5-31175bc97024@group-9A69BEDCF44F-StateMachineUpdater] INFO  ratis.ContainerStateMachine (ContainerStateMachine.java:takeSnapshot(302)) - group-9A69BEDCF44F: Finished taking a snapshot at:(t:1, i:0) file:/home/runner/work/ozone/ozone/mnt/ozone/hadoop-ozone/integration-test/target/test-dir/MiniOzoneClusterImpl-f5709174-8c02-4eb0-9f51-9d4c6c69deaa/datanode-1/data/ratis/eb8470f6-08e8-4b0e-b8e8-9a69bedcf44f/sm/snapshot.1_0 took: 1 ms
2021-08-03 13:03:51,089 [a3a98b8b-adcd-408e-bef5-31175bc97024@group-9A69BEDCF44F-StateMachineUpdater] INFO  impl.StateMachineUpdater (StateMachineUpdater.java:takeSnapshot(281)) - a3a98b8b-adcd-408e-bef5-31175bc97024@group-9A69BEDCF44F-StateMachineUpdater: Took a snapshot at index 0
2021-08-03 13:03:51,089 [a3a98b8b-adcd-408e-bef5-31175bc97024@group-9A69BEDCF44F-StateMachineUpdater] INFO  impl.StateMachineUpdater (StateMachineUpdater.java:lambda$new$0(89)) - a3a98b8b-adcd-408e-bef5-31175bc97024@group-9A69BEDCF44F-StateMachineUpdater: snapshotIndex: updateIncreasingly -1 -> 0
2021-08-03 13:03:51,090 [Listener at 127.0.0.1/42051] INFO  server.RaftServer$Division (ServerState.java:close(419)) - a3a98b8b-adcd-408e-bef5-31175bc97024@group-9A69BEDCF44F: closes. applyIndex: 0
2021-08-03 13:03:51,090 [1a688da3-84f6-4ddd-a5bc-f601c4f0f554@group-D63A17F1530E-StateMachineUpdater] INFO  ratis.ContainerStateMachine (ContainerStateMachine.java:takeSnapshot(302)) - group-D63A17F1530E: Finished taking a snapshot at:(t:1, i:0) file:/home/runner/work/ozone/ozone/mnt/ozone/hadoop-ozone/integration-test/target/test-dir/MiniOzoneClusterImpl-f5709174-8c02-4eb0-9f51-9d4c6c69deaa/datanode-0/data/ratis/2fed9160-51d1-433d-aee0-d63a17f1530e/sm/snapshot.1_0 took: 3 ms
2021-08-03 13:03:51,090 [a3a98b8b-adcd-408e-bef5-31175bc97024@group-9A69BEDCF44F-SegmentedRaftLogWorker] INFO  segmented.SegmentedRaftLogWorker (SegmentedRaftLogWorker.java:run(327)) - a3a98b8b-adcd-408e-bef5-31175bc97024@group-9A69BEDCF44F-SegmentedRaftLogWorker was interrupted, exiting. There are 0 tasks remaining in the queue.
2021-08-03 13:03:51,090 [1a688da3-84f6-4ddd-a5bc-f601c4f0f554@group-D63A17F1530E-StateMachineUpdater] INFO  impl.StateMachineUpdater (StateMachineUpdater.java:takeSnapshot(281)) - 1a688da3-84f6-4ddd-a5bc-f601c4f0f554@group-D63A17F1530E-StateMachineUpdater: Took a snapshot at index 0
2021-08-03 13:03:51,090 [1a688da3-84f6-4ddd-a5bc-f601c4f0f554@group-D63A17F1530E-StateMachineUpdater] INFO  impl.StateMachineUpdater (StateMachineUpdater.java:lambda$new$0(89)) - 1a688da3-84f6-4ddd-a5bc-f601c4f0f554@group-D63A17F1530E-StateMachineUpdater: snapshotIndex: updateIncreasingly -1 -> 0
2021-08-03 13:03:51,091 [Listener at 127.0.0.1/42051] INFO  segmented.SegmentedRaftLogWorker (SegmentedRaftLogWorker.java:close(237)) - a3a98b8b-adcd-408e-bef5-31175bc97024@group-9A69BEDCF44F-SegmentedRaftLogWorker close()
2021-08-03 13:03:51,092 [ForkJoinPool.commonPool-worker-1] INFO  server.RaftServer$Division (ServerState.java:close(419)) - 1a688da3-84f6-4ddd-a5bc-f601c4f0f554@group-D63A17F1530E: closes. applyIndex: 0
2021-08-03 13:03:51,092 [1a688da3-84f6-4ddd-a5bc-f601c4f0f554@group-D63A17F1530E-SegmentedRaftLogWorker] INFO  segmented.SegmentedRaftLogWorker (SegmentedRaftLogWorker.java:run(327)) - 1a688da3-84f6-4ddd-a5bc-f601c4f0f554@group-D63A17F1530E-SegmentedRaftLogWorker was interrupted, exiting. There are 0 tasks remaining in the queue.
2021-08-03 13:03:51,092 [ForkJoinPool.commonPool-worker-1] INFO  segmented.SegmentedRaftLogWorker (SegmentedRaftLogWorker.java:close(237)) - 1a688da3-84f6-4ddd-a5bc-f601c4f0f554@group-D63A17F1530E-SegmentedRaftLogWorker close()
2021-08-03 13:03:51,095 [ForkJoinPool.commonPool-worker-1] INFO  server.RaftServer$Division (RaftServerImpl.java:lambda$close$4(407)) - 1a688da3-84f6-4ddd-a5bc-f601c4f0f554@group-7706F0716F6A: shutdown
2021-08-03 13:03:51,095 [ForkJoinPool.commonPool-worker-1] INFO  util.JmxRegister (JmxRegister.java:unregister(73)) - Successfully un-registered JMX Bean with object name Ratis:service=RaftServer,group=group-7706F0716F6A,id=1a688da3-84f6-4ddd-a5bc-f601c4f0f554
2021-08-03 13:03:51,095 [ForkJoinPool.commonPool-worker-1] INFO  impl.RoleInfo (RoleInfo.java:shutdownFollowerState(108)) - 1a688da3-84f6-4ddd-a5bc-f601c4f0f554: shutdown 1a688da3-84f6-4ddd-a5bc-f601c4f0f554@group-7706F0716F6A-FollowerState
2021-08-03 13:03:51,095 [ForkJoinPool.commonPool-worker-1] INFO  impl.StateMachineUpdater (StateMachineUpdater.java:stopAndJoin(149)) - 1a688da3-84f6-4ddd-a5bc-f601c4f0f554@group-7706F0716F6A-StateMachineUpdater: set stopIndex = -1
2021-08-03 13:03:51,095 [1a688da3-84f6-4ddd-a5bc-f601c4f0f554@group-7706F0716F6A-FollowerState] INFO  impl.FollowerState (FollowerState.java:run(143)) - 1a688da3-84f6-4ddd-a5bc-f601c4f0f554@group-7706F0716F6A-FollowerState was interrupted: {}
java.lang.InterruptedException: sleep interrupted
	at java.lang.Thread.sleep(Native Method)
	at java.lang.Thread.sleep(Thread.java:340)
	at java.util.concurrent.TimeUnit.sleep(TimeUnit.java:386)
	at org.apache.ratis.util.TimeDuration.sleep(TimeDuration.java:324)
	at org.apache.ratis.util.TimeDuration.sleep(TimeDuration.java:309)
	at org.apache.ratis.server.impl.FollowerState.run(FollowerState.java:118)
2021-08-03 13:03:51,096 [ForkJoinPool.commonPool-worker-1] INFO  server.RaftServer$Division (ServerState.java:close(419)) - 1a688da3-84f6-4ddd-a5bc-f601c4f0f554@group-7706F0716F6A: closes. applyIndex: -1
2021-08-03 13:03:51,097 [1a688da3-84f6-4ddd-a5bc-f601c4f0f554@group-7706F0716F6A-SegmentedRaftLogWorker] INFO  segmented.SegmentedRaftLogWorker (SegmentedRaftLogWorker.java:run(327)) - 1a688da3-84f6-4ddd-a5bc-f601c4f0f554@group-7706F0716F6A-SegmentedRaftLogWorker was interrupted, exiting. There are 0 tasks remaining in the queue.
2021-08-03 13:03:51,097 [ForkJoinPool.commonPool-worker-1] INFO  segmented.SegmentedRaftLogWorker (SegmentedRaftLogWorker.java:close(237)) - 1a688da3-84f6-4ddd-a5bc-f601c4f0f554@group-7706F0716F6A-SegmentedRaftLogWorker close()
2021-08-03 13:03:51,096 [Listener at 127.0.0.1/42051] INFO  server.RaftServer$Division (RaftServerImpl.java:lambda$close$4(407)) - a3a98b8b-adcd-408e-bef5-31175bc97024@group-7706F0716F6A: shutdown
2021-08-03 13:03:51,098 [ForkJoinPool.commonPool-worker-1] INFO  server.RaftServer$Division (RaftServerImpl.java:lambda$close$4(407)) - 1a688da3-84f6-4ddd-a5bc-f601c4f0f554@group-8073AA0E838E: shutdown
2021-08-03 13:03:51,104 [Listener at 127.0.0.1/42051] INFO  util.JmxRegister (JmxRegister.java:unregister(73)) - Successfully un-registered JMX Bean with object name Ratis:service=RaftServer,group=group-7706F0716F6A,id=a3a98b8b-adcd-408e-bef5-31175bc97024
2021-08-03 13:03:51,104 [ForkJoinPool.commonPool-worker-1] INFO  util.JmxRegister (JmxRegister.java:unregister(73)) - Successfully un-registered JMX Bean with object name Ratis:service=RaftServer,group=group-8073AA0E838E,id=1a688da3-84f6-4ddd-a5bc-f601c4f0f554
2021-08-03 13:03:51,104 [Listener at 127.0.0.1/42051] INFO  impl.RoleInfo (RoleInfo.java:shutdownFollowerState(108)) - a3a98b8b-adcd-408e-bef5-31175bc97024: shutdown a3a98b8b-adcd-408e-bef5-31175bc97024@group-7706F0716F6A-FollowerState
2021-08-03 13:03:51,104 [ForkJoinPool.commonPool-worker-1] INFO  impl.RoleInfo (RoleInfo.java:shutdownFollowerState(108)) - 1a688da3-84f6-4ddd-a5bc-f601c4f0f554: shutdown 1a688da3-84f6-4ddd-a5bc-f601c4f0f554@group-8073AA0E838E-FollowerState
2021-08-03 13:03:51,105 [a3a98b8b-adcd-408e-bef5-31175bc97024@group-7706F0716F6A-FollowerState] INFO  impl.FollowerState (FollowerState.java:run(143)) - a3a98b8b-adcd-408e-bef5-31175bc97024@group-7706F0716F6A-FollowerState was interrupted: {}
java.lang.InterruptedException: sleep interrupted
	at java.lang.Thread.sleep(Native Method)
	at java.lang.Thread.sleep(Thread.java:340)
	at java.util.concurrent.TimeUnit.sleep(TimeUnit.java:386)
	at org.apache.ratis.util.TimeDuration.sleep(TimeDuration.java:324)
	at org.apache.ratis.util.TimeDuration.sleep(TimeDuration.java:309)
	at org.apache.ratis.server.impl.FollowerState.run(FollowerState.java:118)
2021-08-03 13:03:51,104 [Listener at 127.0.0.1/42051] INFO  impl.StateMachineUpdater (StateMachineUpdater.java:stopAndJoin(149)) - a3a98b8b-adcd-408e-bef5-31175bc97024@group-7706F0716F6A-StateMachineUpdater: set stopIndex = -1
2021-08-03 13:03:51,105 [Listener at 127.0.0.1/42051] INFO  server.RaftServer$Division (ServerState.java:close(419)) - a3a98b8b-adcd-408e-bef5-31175bc97024@group-7706F0716F6A: closes. applyIndex: -1
2021-08-03 13:03:51,105 [1a688da3-84f6-4ddd-a5bc-f601c4f0f554@group-8073AA0E838E-FollowerState] INFO  impl.FollowerState (FollowerState.java:run(143)) - 1a688da3-84f6-4ddd-a5bc-f601c4f0f554@group-8073AA0E838E-FollowerState was interrupted: {}
java.lang.InterruptedException: sleep interrupted
	at java.lang.Thread.sleep(Native Method)
	at java.lang.Thread.sleep(Thread.java:340)
	at java.util.concurrent.TimeUnit.sleep(TimeUnit.java:386)
	at org.apache.ratis.util.TimeDuration.sleep(TimeDuration.java:324)
	at org.apache.ratis.util.TimeDuration.sleep(TimeDuration.java:309)
	at org.apache.ratis.server.impl.FollowerState.run(FollowerState.java:118)
2021-08-03 13:03:51,106 [a3a98b8b-adcd-408e-bef5-31175bc97024@group-7706F0716F6A-SegmentedRaftLogWorker] INFO  segmented.SegmentedRaftLogWorker (SegmentedRaftLogWorker.java:run(327)) - a3a98b8b-adcd-408e-bef5-31175bc97024@group-7706F0716F6A-SegmentedRaftLogWorker was interrupted, exiting. There are 0 tasks remaining in the queue.
2021-08-03 13:03:51,106 [Listener at 127.0.0.1/42051] INFO  segmented.SegmentedRaftLogWorker (SegmentedRaftLogWorker.java:close(237)) - a3a98b8b-adcd-408e-bef5-31175bc97024@group-7706F0716F6A-SegmentedRaftLogWorker close()
2021-08-03 13:03:51,105 [ForkJoinPool.commonPool-worker-1] INFO  impl.StateMachineUpdater (StateMachineUpdater.java:stopAndJoin(149)) - 1a688da3-84f6-4ddd-a5bc-f601c4f0f554@group-8073AA0E838E-StateMachineUpdater: set stopIndex = -1
2021-08-03 13:03:51,113 [ForkJoinPool.commonPool-worker-1] INFO  server.RaftServer$Division (ServerState.java:close(419)) - 1a688da3-84f6-4ddd-a5bc-f601c4f0f554@group-8073AA0E838E: closes. applyIndex: -1
2021-08-03 13:03:51,113 [1a688da3-84f6-4ddd-a5bc-f601c4f0f554@group-8073AA0E838E-SegmentedRaftLogWorker] INFO  segmented.SegmentedRaftLogWorker (SegmentedRaftLogWorker.java:run(327)) - 1a688da3-84f6-4ddd-a5bc-f601c4f0f554@group-8073AA0E838E-SegmentedRaftLogWorker was interrupted, exiting. There are 0 tasks remaining in the queue.
2021-08-03 13:03:51,114 [ForkJoinPool.commonPool-worker-1] INFO  segmented.SegmentedRaftLogWorker (SegmentedRaftLogWorker.java:close(237)) - 1a688da3-84f6-4ddd-a5bc-f601c4f0f554@group-8073AA0E838E-SegmentedRaftLogWorker close()
2021-08-03 13:03:51,113 [Listener at 127.0.0.1/42051] INFO  server.RaftServer$Division (RaftServerImpl.java:lambda$close$4(407)) - a3a98b8b-adcd-408e-bef5-31175bc97024@group-8073AA0E838E: shutdown
2021-08-03 13:03:51,115 [Listener at 127.0.0.1/42051] INFO  util.JmxRegister (JmxRegister.java:unregister(73)) - Successfully un-registered JMX Bean with object name Ratis:service=RaftServer,group=group-8073AA0E838E,id=a3a98b8b-adcd-408e-bef5-31175bc97024
2021-08-03 13:03:51,115 [Listener at 127.0.0.1/42051] INFO  impl.RoleInfo (RoleInfo.java:shutdownFollowerState(108)) - a3a98b8b-adcd-408e-bef5-31175bc97024: shutdown a3a98b8b-adcd-408e-bef5-31175bc97024@group-8073AA0E838E-FollowerState
2021-08-03 13:03:51,115 [Listener at 127.0.0.1/42051] INFO  impl.StateMachineUpdater (StateMachineUpdater.java:stopAndJoin(149)) - a3a98b8b-adcd-408e-bef5-31175bc97024@group-8073AA0E838E-StateMachineUpdater: set stopIndex = 0
2021-08-03 13:03:51,116 [a3a98b8b-adcd-408e-bef5-31175bc97024@group-8073AA0E838E-FollowerState] INFO  impl.FollowerState (FollowerState.java:run(143)) - a3a98b8b-adcd-408e-bef5-31175bc97024@group-8073AA0E838E-FollowerState was interrupted: {}
java.lang.InterruptedException: sleep interrupted
	at java.lang.Thread.sleep(Native Method)
	at java.lang.Thread.sleep(Thread.java:340)
	at java.util.concurrent.TimeUnit.sleep(TimeUnit.java:386)
	at org.apache.ratis.util.TimeDuration.sleep(TimeDuration.java:324)
	at org.apache.ratis.util.TimeDuration.sleep(TimeDuration.java:309)
	at org.apache.ratis.server.impl.FollowerState.run(FollowerState.java:118)
2021-08-03 13:03:51,115 [ForkJoinPool.commonPool-worker-1] INFO  server.GrpcService (GrpcService.java:closeImpl(262)) - 1a688da3-84f6-4ddd-a5bc-f601c4f0f554: shutdown server with port 37247 now
2021-08-03 13:03:51,117 [a3a98b8b-adcd-408e-bef5-31175bc97024@group-8073AA0E838E-StateMachineUpdater] INFO  ratis.ContainerStateMachine (ContainerStateMachine.java:takeSnapshot(291)) - group-8073AA0E838E: Taking a snapshot at:(t:3, i:0) file /home/runner/work/ozone/ozone/mnt/ozone/hadoop-ozone/integration-test/target/test-dir/MiniOzoneClusterImpl-f5709174-8c02-4eb0-9f51-9d4c6c69deaa/datanode-1/data/ratis/c8f63c6e-b7f5-4753-b633-8073aa0e838e/sm/snapshot.3_0
2021-08-03 13:03:51,119 [ForkJoinPool.commonPool-worker-1] INFO  server.GrpcService (GrpcService.java:closeImpl(271)) - 1a688da3-84f6-4ddd-a5bc-f601c4f0f554: shutdown server with port 37247 successfully
2021-08-03 13:03:51,119 [org.apache.ratis.util.JvmPauseMonitor$$Lambda$526/271495216@363fd00c] INFO  util.JvmPauseMonitor (JvmPauseMonitor.java:run(109)) - JvmPauseMonitor-1a688da3-84f6-4ddd-a5bc-f601c4f0f554: Stopped
2021-08-03 13:03:51,120 [a3a98b8b-adcd-408e-bef5-31175bc97024@group-8073AA0E838E-StateMachineUpdater] INFO  ratis.ContainerStateMachine (ContainerStateMachine.java:takeSnapshot(302)) - group-8073AA0E838E: Finished taking a snapshot at:(t:3, i:0) file:/home/runner/work/ozone/ozone/mnt/ozone/hadoop-ozone/integration-test/target/test-dir/MiniOzoneClusterImpl-f5709174-8c02-4eb0-9f51-9d4c6c69deaa/datanode-1/data/ratis/c8f63c6e-b7f5-4753-b633-8073aa0e838e/sm/snapshot.3_0 took: 4 ms
2021-08-03 13:03:51,120 [a3a98b8b-adcd-408e-bef5-31175bc97024@group-8073AA0E838E-StateMachineUpdater] INFO  impl.StateMachineUpdater (StateMachineUpdater.java:takeSnapshot(281)) - a3a98b8b-adcd-408e-bef5-31175bc97024@group-8073AA0E838E-StateMachineUpdater: Took a snapshot at index 0
2021-08-03 13:03:51,121 [a3a98b8b-adcd-408e-bef5-31175bc97024@group-8073AA0E838E-StateMachineUpdater] INFO  impl.StateMachineUpdater (StateMachineUpdater.java:lambda$new$0(89)) - a3a98b8b-adcd-408e-bef5-31175bc97024@group-8073AA0E838E-StateMachineUpdater: snapshotIndex: updateIncreasingly -1 -> 0
2021-08-03 13:03:51,121 [Listener at 127.0.0.1/42051] INFO  server.RaftServer$Division (ServerState.java:close(419)) - a3a98b8b-adcd-408e-bef5-31175bc97024@group-8073AA0E838E: closes. applyIndex: 0
2021-08-03 13:03:51,121 [a3a98b8b-adcd-408e-bef5-31175bc97024@group-8073AA0E838E-SegmentedRaftLogWorker] INFO  segmented.SegmentedRaftLogWorker (SegmentedRaftLogWorker.java:run(327)) - a3a98b8b-adcd-408e-bef5-31175bc97024@group-8073AA0E838E-SegmentedRaftLogWorker was interrupted, exiting. There are 0 tasks remaining in the queue.
2021-08-03 13:03:51,122 [Listener at 127.0.0.1/42051] INFO  segmented.SegmentedRaftLogWorker (SegmentedRaftLogWorker.java:close(237)) - a3a98b8b-adcd-408e-bef5-31175bc97024@group-8073AA0E838E-SegmentedRaftLogWorker close()
2021-08-03 13:03:51,122 [Listener at 127.0.0.1/42051] INFO  server.GrpcService (GrpcService.java:closeImpl(262)) - a3a98b8b-adcd-408e-bef5-31175bc97024: shutdown server with port 39883 now
2021-08-03 13:03:51,130 [ForkJoinPool.commonPool-worker-1] INFO  utils.BackgroundService (BackgroundService.java:shutdown(132)) - Shutting down service BlockDeletingService
2021-08-03 13:03:51,131 [Listener at 127.0.0.1/42051] INFO  server.GrpcService (GrpcService.java:closeImpl(271)) - a3a98b8b-adcd-408e-bef5-31175bc97024: shutdown server with port 39883 successfully
2021-08-03 13:03:51,131 [org.apache.ratis.util.JvmPauseMonitor$$Lambda$526/271495216@cc0f35a] INFO  util.JvmPauseMonitor (JvmPauseMonitor.java:run(109)) - JvmPauseMonitor-a3a98b8b-adcd-408e-bef5-31175bc97024: Stopped
2021-08-03 13:03:51,132 [ForkJoinPool.commonPool-worker-1] INFO  statemachine.DatanodeStateMachine (DatanodeStateMachine.java:stopDaemon(514)) - Ozone container server stopped.
2021-08-03 13:03:51,135 [Listener at 127.0.0.1/42051] INFO  utils.BackgroundService (BackgroundService.java:shutdown(132)) - Shutting down service BlockDeletingService
2021-08-03 13:03:51,136 [ForkJoinPool.commonPool-worker-1] INFO  handler.ContextHandler (ContextHandler.java:doStop(1154)) - Stopped o.e.j.w.WebAppContext@2cb49216{hddsDatanode,/,null,STOPPED}{jar:file:/home/runner/.m2/repository/org/apache/ozone/hdds-container-service/1.2.0-SNAPSHOT/hdds-container-service-1.2.0-SNAPSHOT.jar!/webapps/hddsDatanode}
2021-08-03 13:03:51,139 [Listener at 127.0.0.1/42051] INFO  statemachine.DatanodeStateMachine (DatanodeStateMachine.java:stopDaemon(514)) - Ozone container server stopped.
2021-08-03 13:03:51,140 [Listener at 127.0.0.1/42051] INFO  handler.ContextHandler (ContextHandler.java:doStop(1154)) - Stopped o.e.j.w.WebAppContext@6680244{hddsDatanode,/,null,STOPPED}{jar:file:/home/runner/.m2/repository/org/apache/ozone/hdds-container-service/1.2.0-SNAPSHOT/hdds-container-service-1.2.0-SNAPSHOT.jar!/webapps/hddsDatanode}
2021-08-03 13:03:51,140 [ForkJoinPool.commonPool-worker-1] INFO  server.AbstractConnector (AbstractConnector.java:doStop(381)) - Stopped ServerConnector@486bab7d{HTTP/1.1, (http/1.1)}{0.0.0.0:0}
2021-08-03 13:03:51,140 [ForkJoinPool.commonPool-worker-1] INFO  server.session (HouseKeeper.java:stopScavenging(149)) - node0 Stopped scavenging
2021-08-03 13:03:51,142 [ForkJoinPool.commonPool-worker-1] INFO  handler.ContextHandler (ContextHandler.java:doStop(1154)) - Stopped o.e.j.s.ServletContextHandler@26506933{static,/static,jar:file:/home/runner/.m2/repository/org/apache/ozone/hdds-container-service/1.2.0-SNAPSHOT/hdds-container-service-1.2.0-SNAPSHOT.jar!/webapps/static,STOPPED}
2021-08-03 13:03:51,143 [ForkJoinPool.commonPool-worker-1] INFO  handler.ContextHandler (ContextHandler.java:doStop(1154)) - Stopped o.e.j.s.ServletContextHandler@69ce1afd{logs,/logs,file:///home/runner/work/ozone/ozone/mnt/ozone/hadoop-ozone/integration-test/target/log,STOPPED}
2021-08-03 13:03:51,143 [Listener at 127.0.0.1/42051] INFO  server.AbstractConnector (AbstractConnector.java:doStop(381)) - Stopped ServerConnector@6c47cf2a{HTTP/1.1, (http/1.1)}{0.0.0.0:0}
2021-08-03 13:03:51,144 [Listener at 127.0.0.1/42051] INFO  server.session (HouseKeeper.java:stopScavenging(149)) - node0 Stopped scavenging
2021-08-03 13:03:51,144 [Listener at 127.0.0.1/42051] INFO  handler.ContextHandler (ContextHandler.java:doStop(1154)) - Stopped o.e.j.s.ServletContextHandler@19b64cde{static,/static,jar:file:/home/runner/.m2/repository/org/apache/ozone/hdds-container-service/1.2.0-SNAPSHOT/hdds-container-service-1.2.0-SNAPSHOT.jar!/webapps/static,STOPPED}
2021-08-03 13:03:51,144 [Listener at 127.0.0.1/42051] INFO  handler.ContextHandler (ContextHandler.java:doStop(1154)) - Stopped o.e.j.s.ServletContextHandler@456879a1{logs,/logs,file:///home/runner/work/ozone/ozone/mnt/ozone/hadoop-ozone/integration-test/target/log,STOPPED}
2021-08-03 13:03:51,855 [Datanode State Machine Thread - 0] INFO  statemachine.DatanodeStateMachine (DatanodeStateMachine.java:lambda$startDaemon$0(456)) - Ozone container server started.
2021-08-03 13:03:55,058 [02f62297-3457-4779-b0f5-2d066303236a@group-7706F0716F6A-FollowerState] INFO  impl.FollowerState (FollowerState.java:run(134)) - 02f62297-3457-4779-b0f5-2d066303236a@group-7706F0716F6A-FollowerState: change to CANDIDATE, lastRpcElapsedTime:5035169993ns, electionTimeout:5030ms
2021-08-03 13:03:55,059 [02f62297-3457-4779-b0f5-2d066303236a@group-7706F0716F6A-FollowerState] INFO  impl.RoleInfo (RoleInfo.java:shutdownFollowerState(108)) - 02f62297-3457-4779-b0f5-2d066303236a: shutdown 02f62297-3457-4779-b0f5-2d066303236a@group-7706F0716F6A-FollowerState
2021-08-03 13:03:55,059 [02f62297-3457-4779-b0f5-2d066303236a@group-7706F0716F6A-FollowerState] INFO  server.RaftServer$Division (RaftServerImpl.java:setRole(285)) - 02f62297-3457-4779-b0f5-2d066303236a@group-7706F0716F6A: changes role from  FOLLOWER to CANDIDATE at term 4 for changeToCandidate
2021-08-03 13:03:55,059 [02f62297-3457-4779-b0f5-2d066303236a@group-7706F0716F6A-FollowerState] INFO  server.RaftServerConfigKeys (ConfUtils.java:logGet(44)) - raft.server.leaderelection.pre-vote = false (custom)
2021-08-03 13:03:55,059 [02f62297-3457-4779-b0f5-2d066303236a@group-7706F0716F6A-FollowerState] INFO  impl.RoleInfo (RoleInfo.java:updateAndGet(130)) - 02f62297-3457-4779-b0f5-2d066303236a: start 02f62297-3457-4779-b0f5-2d066303236a@group-7706F0716F6A-LeaderElection43
2021-08-03 13:03:55,066 [02f62297-3457-4779-b0f5-2d066303236a@group-7706F0716F6A-LeaderElection43] INFO  impl.LeaderElection (LeaderElection.java:askForVotes(306)) - 02f62297-3457-4779-b0f5-2d066303236a@group-7706F0716F6A-LeaderElection43 ELECTION round 0: submit vote requests at term 5 for -1: [02f62297-3457-4779-b0f5-2d066303236a|rpc:10.1.0.54:45971|dataStream:|priority:0, 1a688da3-84f6-4ddd-a5bc-f601c4f0f554|rpc:10.1.0.54:37247|dataStream:|priority:1, a3a98b8b-adcd-408e-bef5-31175bc97024|rpc:10.1.0.54:39883|dataStream:|priority:0], old=null
2021-08-03 13:03:55,072 [02f62297-3457-4779-b0f5-2d066303236a@group-7706F0716F6A-LeaderElection43] INFO  impl.LeaderElection (LogUtils.java:infoOrTrace(137)) - 02f62297-3457-4779-b0f5-2d066303236a@group-7706F0716F6A-LeaderElection43 got exception when requesting votes: java.util.concurrent.ExecutionException: org.apache.ratis.thirdparty.io.grpc.StatusRuntimeException: UNAVAILABLE: io exception
2021-08-03 13:03:55,073 [02f62297-3457-4779-b0f5-2d066303236a@group-7706F0716F6A-LeaderElection43] INFO  impl.LeaderElection (LogUtils.java:infoOrTrace(137)) - 02f62297-3457-4779-b0f5-2d066303236a@group-7706F0716F6A-LeaderElection43 got exception when requesting votes: java.util.concurrent.ExecutionException: org.apache.ratis.thirdparty.io.grpc.StatusRuntimeException: UNAVAILABLE: io exception
2021-08-03 13:03:55,073 [02f62297-3457-4779-b0f5-2d066303236a@group-7706F0716F6A-LeaderElection43] INFO  impl.LeaderElection (LeaderElection.java:logAndReturn(89)) - 02f62297-3457-4779-b0f5-2d066303236a@group-7706F0716F6A-LeaderElection43: ELECTION REJECTED received 0 response(s) and 2 exception(s):
2021-08-03 13:03:55,073 [02f62297-3457-4779-b0f5-2d066303236a@group-7706F0716F6A-LeaderElection43] INFO  impl.LeaderElection (LogUtils.java:infoOrTrace(137)) -   Exception 0: java.util.concurrent.ExecutionException: org.apache.ratis.thirdparty.io.grpc.StatusRuntimeException: UNAVAILABLE: io exception
2021-08-03 13:03:55,073 [02f62297-3457-4779-b0f5-2d066303236a@group-7706F0716F6A-LeaderElection43] INFO  impl.LeaderElection (LogUtils.java:infoOrTrace(137)) -   Exception 1: java.util.concurrent.ExecutionException: org.apache.ratis.thirdparty.io.grpc.StatusRuntimeException: UNAVAILABLE: io exception
2021-08-03 13:03:55,073 [02f62297-3457-4779-b0f5-2d066303236a@group-7706F0716F6A-LeaderElection43] INFO  impl.LeaderElection (LeaderElection.java:askForVotes(308)) - 02f62297-3457-4779-b0f5-2d066303236a@group-7706F0716F6A-LeaderElection43 ELECTION round 0: result REJECTED
2021-08-03 13:03:55,073 [02f62297-3457-4779-b0f5-2d066303236a@group-7706F0716F6A-LeaderElection43] INFO  server.RaftServer$Division (RaftServerImpl.java:setRole(285)) - 02f62297-3457-4779-b0f5-2d066303236a@group-7706F0716F6A: changes role from CANDIDATE to FOLLOWER at term 5 for REJECTED
2021-08-03 13:03:55,074 [02f62297-3457-4779-b0f5-2d066303236a@group-7706F0716F6A-LeaderElection43] INFO  impl.RoleInfo (RoleInfo.java:shutdownLeaderElection(121)) - 02f62297-3457-4779-b0f5-2d066303236a: shutdown 02f62297-3457-4779-b0f5-2d066303236a@group-7706F0716F6A-LeaderElection43
2021-08-03 13:03:55,074 [02f62297-3457-4779-b0f5-2d066303236a@group-7706F0716F6A-LeaderElection43] INFO  impl.RoleInfo (RoleInfo.java:updateAndGet(130)) - 02f62297-3457-4779-b0f5-2d066303236a: start 02f62297-3457-4779-b0f5-2d066303236a@group-7706F0716F6A-FollowerState
2021-08-03 13:03:56,147 [ForkJoinPool.commonPool-worker-1] INFO  ozoneimpl.OzoneContainer (OzoneContainer.java:stop(326)) - Attempting to stop container services.
2021-08-03 13:03:56,149 [ForkJoinPool.commonPool-worker-1] INFO  server.RaftServer (RaftServerProxy.java:lambda$close$6(391)) - 02f62297-3457-4779-b0f5-2d066303236a: close
2021-08-03 13:03:56,149 [ForkJoinPool.commonPool-worker-1] INFO  server.RaftServer$Division (RaftServerImpl.java:lambda$close$4(407)) - 02f62297-3457-4779-b0f5-2d066303236a@group-7706F0716F6A: shutdown
2021-08-03 13:03:56,149 [ForkJoinPool.commonPool-worker-1] INFO  util.JmxRegister (JmxRegister.java:unregister(73)) - Successfully un-registered JMX Bean with object name Ratis:service=RaftServer,group=group-7706F0716F6A,id=02f62297-3457-4779-b0f5-2d066303236a
2021-08-03 13:03:56,149 [ForkJoinPool.commonPool-worker-1] INFO  impl.RoleInfo (RoleInfo.java:shutdownFollowerState(108)) - 02f62297-3457-4779-b0f5-2d066303236a: shutdown 02f62297-3457-4779-b0f5-2d066303236a@group-7706F0716F6A-FollowerState
2021-08-03 13:03:56,149 [ForkJoinPool.commonPool-worker-1] INFO  impl.StateMachineUpdater (StateMachineUpdater.java:stopAndJoin(149)) - 02f62297-3457-4779-b0f5-2d066303236a@group-7706F0716F6A-StateMachineUpdater: set stopIndex = -1
2021-08-03 13:03:56,149 [02f62297-3457-4779-b0f5-2d066303236a@group-7706F0716F6A-FollowerState] INFO  impl.FollowerState (FollowerState.java:run(143)) - 02f62297-3457-4779-b0f5-2d066303236a@group-7706F0716F6A-FollowerState was interrupted: {}
java.lang.InterruptedException: sleep interrupted
	at java.lang.Thread.sleep(Native Method)
	at java.lang.Thread.sleep(Thread.java:340)
	at java.util.concurrent.TimeUnit.sleep(TimeUnit.java:386)
	at org.apache.ratis.util.TimeDuration.sleep(TimeDuration.java:324)
	at org.apache.ratis.util.TimeDuration.sleep(TimeDuration.java:309)
	at org.apache.ratis.server.impl.FollowerState.run(FollowerState.java:118)
2021-08-03 13:03:56,150 [ForkJoinPool.commonPool-worker-1] INFO  server.RaftServer$Division (ServerState.java:close(419)) - 02f62297-3457-4779-b0f5-2d066303236a@group-7706F0716F6A: closes. applyIndex: -1
2021-08-03 13:03:56,151 [02f62297-3457-4779-b0f5-2d066303236a@group-7706F0716F6A-SegmentedRaftLogWorker] INFO  segmented.SegmentedRaftLogWorker (SegmentedRaftLogWorker.java:run(327)) - 02f62297-3457-4779-b0f5-2d066303236a@group-7706F0716F6A-SegmentedRaftLogWorker was interrupted, exiting. There are 0 tasks remaining in the queue.
2021-08-03 13:03:56,151 [ForkJoinPool.commonPool-worker-1] INFO  segmented.SegmentedRaftLogWorker (SegmentedRaftLogWorker.java:close(237)) - 02f62297-3457-4779-b0f5-2d066303236a@group-7706F0716F6A-SegmentedRaftLogWorker close()
2021-08-03 13:03:56,152 [ForkJoinPool.commonPool-worker-1] INFO  server.RaftServer$Division (RaftServerImpl.java:lambda$close$4(407)) - 02f62297-3457-4779-b0f5-2d066303236a@group-C82065336D4E: shutdown
2021-08-03 13:03:56,154 [ForkJoinPool.commonPool-worker-1] INFO  util.JmxRegister (JmxRegister.java:unregister(73)) - Successfully un-registered JMX Bean with object name Ratis:service=RaftServer,group=group-C82065336D4E,id=02f62297-3457-4779-b0f5-2d066303236a
2021-08-03 13:03:56,154 [ForkJoinPool.commonPool-worker-1] INFO  impl.RoleInfo (RoleInfo.java:shutdownLeaderState(91)) - 02f62297-3457-4779-b0f5-2d066303236a: shutdown 02f62297-3457-4779-b0f5-2d066303236a@group-C82065336D4E-LeaderStateImpl
2021-08-03 13:03:56,154 [ForkJoinPool.commonPool-worker-1] INFO  impl.PendingRequests (PendingRequests.java:sendNotLeaderResponses(249)) - 02f62297-3457-4779-b0f5-2d066303236a@group-C82065336D4E-PendingRequests: sendNotLeaderResponses
2021-08-03 13:03:56,157 [02f62297-3457-4779-b0f5-2d066303236a@group-C82065336D4E-StateMachineUpdater] INFO  ratis.ContainerStateMachine (ContainerStateMachine.java:takeSnapshot(291)) - group-C82065336D4E: Taking a snapshot at:(t:1, i:0) file /home/runner/work/ozone/ozone/mnt/ozone/hadoop-ozone/integration-test/target/test-dir/MiniOzoneClusterImpl-f5709174-8c02-4eb0-9f51-9d4c6c69deaa/datanode-2/data/ratis/f3ce2ca7-3ab8-48af-ae6e-c82065336d4e/sm/snapshot.1_0
2021-08-03 13:03:56,157 [ForkJoinPool.commonPool-worker-1] INFO  impl.StateMachineUpdater (StateMachineUpdater.java:stopAndJoin(149)) - 02f62297-3457-4779-b0f5-2d066303236a@group-C82065336D4E-StateMachineUpdater: set stopIndex = 0
2021-08-03 13:03:56,158 [02f62297-3457-4779-b0f5-2d066303236a@group-C82065336D4E-StateMachineUpdater] INFO  ratis.ContainerStateMachine (ContainerStateMachine.java:takeSnapshot(302)) - group-C82065336D4E: Finished taking a snapshot at:(t:1, i:0) file:/home/runner/work/ozone/ozone/mnt/ozone/hadoop-ozone/integration-test/target/test-dir/MiniOzoneClusterImpl-f5709174-8c02-4eb0-9f51-9d4c6c69deaa/datanode-2/data/ratis/f3ce2ca7-3ab8-48af-ae6e-c82065336d4e/sm/snapshot.1_0 took: 0 ms
2021-08-03 13:03:56,158 [02f62297-3457-4779-b0f5-2d066303236a@group-C82065336D4E-StateMachineUpdater] INFO  impl.StateMachineUpdater (StateMachineUpdater.java:takeSnapshot(281)) - 02f62297-3457-4779-b0f5-2d066303236a@group-C82065336D4E-StateMachineUpdater: Took a snapshot at index 0
2021-08-03 13:03:56,158 [02f62297-3457-4779-b0f5-2d066303236a@group-C82065336D4E-StateMachineUpdater] INFO  impl.StateMachineUpdater (StateMachineUpdater.java:lambda$new$0(89)) - 02f62297-3457-4779-b0f5-2d066303236a@group-C82065336D4E-StateMachineUpdater: snapshotIndex: updateIncreasingly -1 -> 0
2021-08-03 13:03:56,159 [ForkJoinPool.commonPool-worker-1] INFO  server.RaftServer$Division (ServerState.java:close(419)) - 02f62297-3457-4779-b0f5-2d066303236a@group-C82065336D4E: closes. applyIndex: 0
2021-08-03 13:03:56,159 [02f62297-3457-4779-b0f5-2d066303236a@group-C82065336D4E-SegmentedRaftLogWorker] INFO  segmented.SegmentedRaftLogWorker (SegmentedRaftLogWorker.java:run(327)) - 02f62297-3457-4779-b0f5-2d066303236a@group-C82065336D4E-SegmentedRaftLogWorker was interrupted, exiting. There are 0 tasks remaining in the queue.
2021-08-03 13:03:56,159 [ForkJoinPool.commonPool-worker-1] INFO  segmented.SegmentedRaftLogWorker (SegmentedRaftLogWorker.java:close(237)) - 02f62297-3457-4779-b0f5-2d066303236a@group-C82065336D4E-SegmentedRaftLogWorker close()
2021-08-03 13:03:56,160 [ForkJoinPool.commonPool-worker-1] INFO  server.GrpcService (GrpcService.java:closeImpl(262)) - 02f62297-3457-4779-b0f5-2d066303236a: shutdown server with port 45971 now
2021-08-03 13:03:56,164 [ForkJoinPool.commonPool-worker-1] INFO  server.GrpcService (GrpcService.java:closeImpl(271)) - 02f62297-3457-4779-b0f5-2d066303236a: shutdown server with port 45971 successfully
2021-08-03 13:03:56,164 [org.apache.ratis.util.JvmPauseMonitor$$Lambda$526/271495216@5297905a] INFO  util.JvmPauseMonitor (JvmPauseMonitor.java:run(109)) - JvmPauseMonitor-02f62297-3457-4779-b0f5-2d066303236a: Stopped
2021-08-03 13:03:56,167 [ForkJoinPool.commonPool-worker-1] INFO  utils.BackgroundService (BackgroundService.java:shutdown(132)) - Shutting down service BlockDeletingService
2021-08-03 13:03:56,169 [ForkJoinPool.commonPool-worker-1] INFO  statemachine.DatanodeStateMachine (DatanodeStateMachine.java:stopDaemon(514)) - Ozone container server stopped.
2021-08-03 13:03:56,170 [ForkJoinPool.commonPool-worker-1] INFO  handler.ContextHandler (ContextHandler.java:doStop(1154)) - Stopped o.e.j.w.WebAppContext@2df39283{hddsDatanode,/,null,STOPPED}{jar:file:/home/runner/.m2/repository/org/apache/ozone/hdds-container-service/1.2.0-SNAPSHOT/hdds-container-service-1.2.0-SNAPSHOT.jar!/webapps/hddsDatanode}
2021-08-03 13:03:56,172 [ForkJoinPool.commonPool-worker-1] INFO  server.AbstractConnector (AbstractConnector.java:doStop(381)) - Stopped ServerConnector@28b0161{HTTP/1.1, (http/1.1)}{0.0.0.0:0}
2021-08-03 13:03:56,172 [ForkJoinPool.commonPool-worker-1] INFO  server.session (HouseKeeper.java:stopScavenging(149)) - node0 Stopped scavenging
2021-08-03 13:03:56,174 [ForkJoinPool.commonPool-worker-1] INFO  handler.ContextHandler (ContextHandler.java:doStop(1154)) - Stopped o.e.j.s.ServletContextHandler@6b53c846{static,/static,jar:file:/home/runner/.m2/repository/org/apache/ozone/hdds-container-service/1.2.0-SNAPSHOT/hdds-container-service-1.2.0-SNAPSHOT.jar!/webapps/static,STOPPED}
2021-08-03 13:03:56,174 [ForkJoinPool.commonPool-worker-1] INFO  handler.ContextHandler (ContextHandler.java:doStop(1154)) - Stopped o.e.j.s.ServletContextHandler@7f920b5f{logs,/logs,file:///home/runner/work/ozone/ozone/mnt/ozone/hadoop-ozone/integration-test/target/log,STOPPED}
2021-08-03 13:03:56,178 [Listener at 127.0.0.1/42051] INFO  ozone.MiniOzoneClusterImpl (MiniOzoneClusterImpl.java:stopSCM(542)) - Stopping the StorageContainerManager
2021-08-03 13:03:56,178 [Listener at 127.0.0.1/42051] INFO  server.StorageContainerManager (StorageContainerManager.java:stop(1337)) - Stopping Replication Manager Service.
2021-08-03 13:03:56,178 [Listener at 127.0.0.1/42051] INFO  container.ReplicationManager (ReplicationManager.java:stop(317)) - Stopping Replication Monitor Thread.
2021-08-03 13:03:56,178 [Listener at 127.0.0.1/42051] INFO  server.StorageContainerManager (StorageContainerManager.java:stop(1344)) - Stopping the Datanode Admin Monitor.
2021-08-03 13:03:56,178 [Listener at 127.0.0.1/42051] INFO  server.StorageContainerManager (StorageContainerManager.java:stop(1351)) - Stopping Lease Manager of the command watchers
2021-08-03 13:03:56,178 [Listener at 127.0.0.1/42051] INFO  server.StorageContainerManager (StorageContainerManager.java:stop(1358)) - Stopping datanode service RPC server
2021-08-03 13:03:56,178 [Listener at 127.0.0.1/42051] INFO  server.SCMDatanodeProtocolServer (SCMDatanodeProtocolServer.java:stop(389)) - Stopping the RPC server for DataNodes
2021-08-03 13:03:56,178 [Listener at 127.0.0.1/42051] INFO  ipc.Server (Server.java:stop(3414)) - Stopping server on 44505
2021-08-03 13:03:56,182 [IPC Server Responder] INFO  ipc.Server (Server.java:run(1512)) - Stopping IPC Server Responder
2021-08-03 13:03:56,182 [IPC Server listener on 0] INFO  ipc.Server (Server.java:run(1376)) - Stopping IPC Server listener on 0
2021-08-03 13:03:56,223 [SCM Heartbeat Processing Thread - 0] WARN  node.NodeStateManager (NodeStateManager.java:scheduleNextHealthCheck(799)) - Current Thread is interrupted, shutting down HB processing thread for Node Manager.
2021-08-03 13:03:56,223 [Listener at 127.0.0.1/42051] INFO  server.StorageContainerManager (StorageContainerManager.java:stop(1366)) - Stopping block service RPC server
2021-08-03 13:03:56,223 [Listener at 127.0.0.1/42051] INFO  server.SCMBlockProtocolServer (SCMBlockProtocolServer.java:stop(160)) - Stopping the RPC server for Block Protocol
2021-08-03 13:03:56,223 [Listener at 127.0.0.1/42051] INFO  ipc.Server (Server.java:stop(3414)) - Stopping server on 41671
2021-08-03 13:03:56,225 [IPC Server Responder] INFO  ipc.Server (Server.java:run(1512)) - Stopping IPC Server Responder
2021-08-03 13:03:56,225 [IPC Server listener on 0] INFO  ipc.Server (Server.java:run(1376)) - Stopping IPC Server listener on 0
2021-08-03 13:03:56,226 [Listener at 127.0.0.1/42051] INFO  server.StorageContainerManager (StorageContainerManager.java:stop(1373)) - Stopping the StorageContainerLocationProtocol RPC server
2021-08-03 13:03:56,226 [Listener at 127.0.0.1/42051] INFO  server.SCMClientProtocolServer (SCMClientProtocolServer.java:stop(174)) - Stopping the RPC server for Client Protocol
2021-08-03 13:03:56,226 [Listener at 127.0.0.1/42051] INFO  ipc.Server (Server.java:stop(3414)) - Stopping server on 34857
2021-08-03 13:03:56,228 [Listener at 127.0.0.1/42051] INFO  server.StorageContainerManager (StorageContainerManager.java:stop(1380)) - Stopping Storage Container Manager HTTP server.
2021-08-03 13:03:56,228 [Listener at 127.0.0.1/42051] INFO  handler.ContextHandler (ContextHandler.java:doStop(1154)) - Stopped o.e.j.w.WebAppContext@29d004d9{scm,/,null,STOPPED}{file:/home/runner/work/ozone/ozone/mnt/ozone/hadoop-ozone/integration-test/target/test-classes/webapps/scm}
2021-08-03 13:03:56,228 [IPC Server listener on 0] INFO  ipc.Server (Server.java:run(1376)) - Stopping IPC Server listener on 0
2021-08-03 13:03:56,228 [IPC Server Responder] INFO  ipc.Server (Server.java:run(1512)) - Stopping IPC Server Responder
2021-08-03 13:03:56,230 [Listener at 127.0.0.1/42051] INFO  server.AbstractConnector (AbstractConnector.java:doStop(381)) - Stopped ServerConnector@7fb29bb5{HTTP/1.1, (http/1.1)}{0.0.0.0:0}
2021-08-03 13:03:56,230 [Listener at 127.0.0.1/42051] INFO  server.session (HouseKeeper.java:stopScavenging(149)) - node0 Stopped scavenging
2021-08-03 13:03:56,230 [Listener at 127.0.0.1/42051] INFO  handler.ContextHandler (ContextHandler.java:doStop(1154)) - Stopped o.e.j.s.ServletContextHandler@189f43b7{static,/static,file:///home/runner/work/ozone/ozone/mnt/ozone/hadoop-ozone/integration-test/target/test-classes/webapps/static,STOPPED}
2021-08-03 13:03:56,230 [Listener at 127.0.0.1/42051] INFO  handler.ContextHandler (ContextHandler.java:doStop(1154)) - Stopped o.e.j.s.ServletContextHandler@2791031d{logs,/logs,file:///home/runner/work/ozone/ozone/mnt/ozone/hadoop-ozone/integration-test/target/log,STOPPED}
2021-08-03 13:03:56,231 [Listener at 127.0.0.1/42051] INFO  server.StorageContainerManager (StorageContainerManager.java:stop(1391)) - Stopping Block Manager Service.
2021-08-03 13:03:56,231 [Listener at 127.0.0.1/42051] INFO  utils.BackgroundService (BackgroundService.java:shutdown(132)) - Shutting down service SCMBlockDeletingService
2021-08-03 13:03:56,232 [Listener at 127.0.0.1/42051] INFO  utils.BackgroundService (BackgroundService.java:shutdown(132)) - Shutting down service SCMBlockDeletingService
2021-08-03 13:03:56,232 [Listener at 127.0.0.1/42051] INFO  server.StorageContainerManager (StorageContainerManager.java:stop(1418)) - Stopping SCM Event Queue.
2021-08-03 13:03:56,234 [Listener at 127.0.0.1/42051] INFO  server.StorageContainerManager (StorageContainerManager.java:stop(1429)) - Stopping SCM HA services.
2021-08-03 13:03:56,234 [Listener at 127.0.0.1/42051] INFO  pipeline.BackgroundPipelineCreator (BackgroundPipelineCreatorV2.java:stop(158)) - Stopping RatisPipelineUtilsThread.
2021-08-03 13:03:56,235 [Listener at 127.0.0.1/42051] INFO  server.StorageContainerManager (StorageContainerManager.java:stop(1439)) - Stopping SCM MetadataStore.
2021-08-03 13:03:56,236 [Listener at 127.0.0.1/42051] INFO  impl.MetricsSystemImpl (MetricsSystemImpl.java:stop(210)) - Stopping HddsDatanode metrics system...
2021-08-03 13:03:56,247 [prometheus] INFO  impl.MetricsSinkAdapter (MetricsSinkAdapter.java:publishMetricsFromQueue(141)) - prometheus thread interrupted.
2021-08-03 13:03:56,247 [Listener at 127.0.0.1/42051] INFO  impl.MetricsSystemImpl (MetricsSystemImpl.java:stop(216)) - HddsDatanode metrics system stopped.
]]></system-out>
  </testcase>
</testsuite>