<?xml version="1.0" encoding="UTF-8"?>
<testsuite xmlns:xsi="http://www.w3.org/2001/XMLSchema-instance" xsi:noNamespaceSchemaLocation="https://maven.apache.org/surefire/maven-surefire-plugin/xsd/surefire-test-report-3.0.xsd" version="3.0" name="org.apache.hadoop.ozone.om.TestAddRemoveOzoneManager" time="233.244" tests="3" errors="1" skipped="0" failures="0">
  <properties>
    <property name="awt.toolkit" value="sun.awt.X11.XToolkit"/>
    <property name="file.encoding.pkg" value="sun.io"/>
    <property name="java.specification.version" value="1.8"/>
    <property name="sun.cpu.isalist" value=""/>
    <property name="sun.jnu.encoding" value="UTF-8"/>
    <property name="java.class.path" value="/home/runner/work/ozone/ozone/hadoop-ozone/integration-test/target/test-classes:/home/runner/work/ozone/ozone/hadoop-ozone/integration-test/target/classes:/home/runner/.m2/repository/org/apache/ozone/ozone-common/1.3.0-SNAPSHOT/ozone-common-1.3.0-SNAPSHOT.jar:/home/runner/.m2/repository/io/grpc/grpc-netty/1.48.1/grpc-netty-1.48.1.jar:/home/runner/.m2/repository/io/grpc/grpc-core/1.48.1/grpc-core-1.48.1.jar:/home/runner/.m2/repository/com/google/android/annotations/4.1.1.4/annotations-4.1.1.4.jar:/home/runner/.m2/repository/org/codehaus/mojo/animal-sniffer-annotations/1.21/animal-sniffer-annotations-1.21.jar:/home/runner/.m2/repository/com/google/errorprone/error_prone_annotations/2.2.0/error_prone_annotations-2.2.0.jar:/home/runner/.m2/repository/io/perfmark/perfmark-api/0.25.0/perfmark-api-0.25.0.jar:/home/runner/.m2/repository/io/netty/netty-codec-http2/4.1.79.Final/netty-codec-http2-4.1.79.Final.jar:/home/runner/.m2/repository/io/netty/netty-common/4.1.79.Final/netty-common-4.1.79.Final.jar:/home/runner/.m2/repository/io/netty/netty-buffer/4.1.79.Final/netty-buffer-4.1.79.Final.jar:/home/runner/.m2/repository/io/netty/netty-codec-http/4.1.79.Final/netty-codec-http-4.1.79.Final.jar:/home/runner/.m2/repository/io/netty/netty-handler-proxy/4.1.79.Final/netty-handler-proxy-4.1.79.Final.jar:/home/runner/.m2/repository/io/netty/netty-codec-socks/4.1.79.Final/netty-codec-socks-4.1.79.Final.jar:/home/runner/.m2/repository/io/netty/netty-tcnative-boringssl-static/2.0.53.Final/netty-tcnative-boringssl-static-2.0.53.Final.jar:/home/runner/.m2/repository/io/netty/netty-tcnative-classes/2.0.53.Final/netty-tcnative-classes-2.0.53.Final.jar:/home/runner/.m2/repository/io/netty/netty-tcnative-boringssl-static/2.0.53.Final/netty-tcnative-boringssl-static-2.0.53.Final-linux-x86_64.jar:/home/runner/.m2/repository/io/netty/netty-tcnative-boringssl-static/2.0.53.Final/netty-tcnative-boringssl-static-2.0.53.Final-linux-aarch_64.jar:/home/runner/.m2/repository/io/netty/netty-tcnative-boringssl-static/2.0.53.Final/netty-tcnative-boringssl-static-2.0.53.Final-osx-x86_64.jar:/home/runner/.m2/repository/io/netty/netty-tcnative-boringssl-static/2.0.53.Final/netty-tcnative-boringssl-static-2.0.53.Final-osx-aarch_64.jar:/home/runner/.m2/repository/io/netty/netty-tcnative-boringssl-static/2.0.53.Final/netty-tcnative-boringssl-static-2.0.53.Final-windows-x86_64.jar:/home/runner/.m2/repository/org/apache/commons/commons-compress/1.21/commons-compress-1.21.jar:/home/runner/.m2/repository/org/apache/ozone/hdds-common/1.3.0-SNAPSHOT/hdds-common-1.3.0-SNAPSHOT.jar:/home/runner/.m2/repository/org/apache/ozone/hdds-client/1.3.0-SNAPSHOT/hdds-client-1.3.0-SNAPSHOT.jar:/home/runner/.m2/repository/org/apache/ozone/ozone-interface-client/1.3.0-SNAPSHOT/ozone-interface-client-1.3.0-SNAPSHOT.jar:/home/runner/.m2/repository/org/apache/ozone/hdds-test-utils/1.3.0-SNAPSHOT/hdds-test-utils-1.3.0-SNAPSHOT.jar:/home/runner/.m2/repository/com/google/guava/guava/31.1-jre/guava-31.1-jre.jar:/home/runner/.m2/repository/com/google/guava/failureaccess/1.0.1/failureaccess-1.0.1.jar:/home/runner/.m2/repository/com/google/guava/listenablefuture/9999.0-empty-to-avoid-conflict-with-guava/listenablefuture-9999.0-empty-to-avoid-conflict-with-guava.jar:/home/runner/.m2/repository/com/google/code/findbugs/jsr305/3.0.0/jsr305-3.0.0.jar:/home/runner/.m2/repository/org/checkerframework/checker-qual/3.12.0/checker-qual-3.12.0.jar:/home/runner/.m2/repository/com/google/j2objc/j2objc-annotations/1.3/j2objc-annotations-1.3.jar:/home/runner/.m2/repository/commons-io/commons-io/2.11.0/commons-io-2.11.0.jar:/home/runner/.m2/repository/commons-logging/commons-logging/1.2/commons-logging-1.2.jar:/home/runner/.m2/repository/log4j/log4j/1.2.17/log4j-1.2.17.jar:/home/runner/.m2/repository/org/slf4j/slf4j-api/1.7.30/slf4j-api-1.7.30.jar:/home/runner/.m2/repository/org/apache/ozone/hdds-server-scm/1.3.0-SNAPSHOT/hdds-server-scm-1.3.0-SNAPSHOT.jar:/home/runner/.m2/repository/org/apache/ozone/hdds-container-service/1.3.0-SNAPSHOT/hdds-container-service-1.3.0-SNAPSHOT.jar:/home/runner/.m2/repository/org/apache/ozone/hdds-hadoop-dependency-server/1.3.0-SNAPSHOT/hdds-hadoop-dependency-server-1.3.0-SNAPSHOT.jar:/home/runner/.m2/repository/org/apache/hadoop/hadoop-hdfs/3.3.1/hadoop-hdfs-3.3.1.jar:/home/runner/.m2/repository/org/apache/ozone/hdds-server-framework/1.3.0-SNAPSHOT/hdds-server-framework-1.3.0-SNAPSHOT.jar:/home/runner/.m2/repository/org/apache/ozone/hdds-interface-server/1.3.0-SNAPSHOT/hdds-interface-server-1.3.0-SNAPSHOT.jar:/home/runner/.m2/repository/org/apache/logging/log4j/log4j-core/2.17.1/log4j-core-2.17.1.jar:/home/runner/.m2/repository/com/lmax/disruptor/3.4.2/disruptor-3.4.2.jar:/home/runner/.m2/repository/org/eclipse/jetty/jetty-servlet/9.4.43.v20210629/jetty-servlet-9.4.43.v20210629.jar:/home/runner/.m2/repository/org/eclipse/jetty/jetty-security/9.4.43.v20210629/jetty-security-9.4.43.v20210629.jar:/home/runner/.m2/repository/org/rocksdb/rocksdbjni/7.4.5/rocksdbjni-7.4.5.jar:/home/runner/.m2/repository/io/prometheus/simpleclient_dropwizard/0.7.0/simpleclient_dropwizard-0.7.0.jar:/home/runner/.m2/repository/io/prometheus/simpleclient/0.7.0/simpleclient-0.7.0.jar:/home/runner/.m2/repository/io/prometheus/simpleclient_common/0.7.0/simpleclient_common-0.7.0.jar:/home/runner/.m2/repository/io/dropwizard/metrics/metrics-core/3.2.4/metrics-core-3.2.4.jar:/home/runner/.m2/repository/org/apache/hadoop/hadoop-hdfs-client/3.3.1/hadoop-hdfs-client-3.3.1.jar:/home/runner/.m2/repository/org/bouncycastle/bcprov-jdk15on/1.67/bcprov-jdk15on-1.67.jar:/home/runner/.m2/repository/com/google/protobuf/protobuf-java/2.5.0/protobuf-java-2.5.0.jar:/home/runner/.m2/repository/org/apache/ozone/ozone-manager/1.3.0-SNAPSHOT/ozone-manager-1.3.0-SNAPSHOT.jar:/home/runner/.m2/repository/org/aspectj/aspectjrt/1.9.7/aspectjrt-1.9.7.jar:/home/runner/.m2/repository/org/aspectj/aspectjweaver/1.9.7/aspectjweaver-1.9.7.jar:/home/runner/.m2/repository/org/apache/ozone/hdds-interface-client/1.3.0-SNAPSHOT/hdds-interface-client-1.3.0-SNAPSHOT.jar:/home/runner/.m2/repository/org/apache/hadoop/thirdparty/hadoop-shaded-protobuf_3_7/1.1.1/hadoop-shaded-protobuf_3_7-1.1.1.jar:/home/runner/.m2/repository/org/apache/ozone/ozone-interface-storage/1.3.0-SNAPSHOT/ozone-interface-storage-1.3.0-SNAPSHOT.jar:/home/runner/.m2/repository/org/reflections/reflections/0.9.11/reflections-0.9.11.jar:/home/runner/.m2/repository/com/sun/jersey/jersey-client/1.19/jersey-client-1.19.jar:/home/runner/.m2/repository/org/apache/ranger/ranger-intg/2.3.0/ranger-intg-2.3.0.jar:/home/runner/.m2/repository/org/apache/ranger/ranger-plugins-common/2.3.0/ranger-plugins-common-2.3.0.jar:/home/runner/.m2/repository/commons-lang/commons-lang/2.6/commons-lang-2.6.jar:/home/runner/.m2/repository/org/codehaus/jackson/jackson-jaxrs/1.9.13/jackson-jaxrs-1.9.13.jar:/home/runner/.m2/repository/org/apache/ranger/ranger-plugins-cred/2.3.0/ranger-plugins-cred-2.3.0.jar:/home/runner/.m2/repository/org/apache/ranger/ranger-plugins-audit/2.3.0/ranger-plugins-audit-2.3.0.jar:/home/runner/.m2/repository/org/eclipse/jetty/jetty-client/9.4.31.v20200723/jetty-client-9.4.31.v20200723.jar:/home/runner/.m2/repository/org/apache/httpcomponents/httpmime/4.5.6/httpmime-4.5.6.jar:/home/runner/.m2/repository/org/apache/httpcomponents/httpcore-nio/4.4.6/httpcore-nio-4.4.6.jar:/home/runner/.m2/repository/org/apache/httpcomponents/httpasyncclient/4.1.3/httpasyncclient-4.1.3.jar:/home/runner/.m2/repository/com/carrotsearch/hppc/0.8.0/hppc-0.8.0.jar:/home/runner/.m2/repository/org/apache/orc/orc-core/1.5.8/orc-core-1.5.8.jar:/home/runner/.m2/repository/net/java/dev/jna/jna/5.2.0/jna-5.2.0.jar:/home/runner/.m2/repository/net/java/dev/jna/jna-platform/5.2.0/jna-platform-5.2.0.jar:/home/runner/.m2/repository/com/kstruct/gethostname4j/0.0.2/gethostname4j-0.0.2.jar:/home/runner/.m2/repository/org/apache/ranger/ranger-plugin-classloader/2.3.0/ranger-plugin-classloader-2.3.0.jar:/home/runner/.m2/repository/org/apache/hadoop/hadoop-minikdc/3.3.1/hadoop-minikdc-3.3.1.jar:/home/runner/.m2/repository/org/apache/kerby/kerb-simplekdc/1.0.1/kerb-simplekdc-1.0.1.jar:/home/runner/.m2/repository/org/apache/kerby/kerb-client/1.0.1/kerb-client-1.0.1.jar:/home/runner/.m2/repository/org/apache/kerby/kerby-config/1.0.1/kerby-config-1.0.1.jar:/home/runner/.m2/repository/org/apache/kerby/kerb-common/1.0.1/kerb-common-1.0.1.jar:/home/runner/.m2/repository/org/apache/kerby/kerb-crypto/1.0.1/kerb-crypto-1.0.1.jar:/home/runner/.m2/repository/org/apache/kerby/kerb-util/1.0.1/kerb-util-1.0.1.jar:/home/runner/.m2/repository/org/apache/kerby/token-provider/1.0.1/token-provider-1.0.1.jar:/home/runner/.m2/repository/org/apache/kerby/kerb-admin/1.0.1/kerb-admin-1.0.1.jar:/home/runner/.m2/repository/org/apache/kerby/kerb-server/1.0.1/kerb-server-1.0.1.jar:/home/runner/.m2/repository/org/apache/kerby/kerb-identity/1.0.1/kerb-identity-1.0.1.jar:/home/runner/.m2/repository/org/apache/kerby/kerby-xdr/1.0.1/kerby-xdr-1.0.1.jar:/home/runner/.m2/repository/org/slf4j/slf4j-log4j12/1.7.30/slf4j-log4j12-1.7.30.jar:/home/runner/.m2/repository/org/apache/ozone/ozone-s3gateway/1.3.0-SNAPSHOT/ozone-s3gateway-1.3.0-SNAPSHOT.jar:/home/runner/.m2/repository/org/javassist/javassist/3.21.0-GA/javassist-3.21.0-GA.jar:/home/runner/.m2/repository/org/jboss/weld/servlet/weld-servlet/2.4.7.Final/weld-servlet-2.4.7.Final.jar:/home/runner/.m2/repository/org/glassfish/jersey/containers/jersey-container-servlet-core/2.33/jersey-container-servlet-core-2.33.jar:/home/runner/.m2/repository/org/glassfish/hk2/external/jakarta.inject/2.6.1/jakarta.inject-2.6.1.jar:/home/runner/.m2/repository/org/glassfish/jersey/core/jersey-common/2.33/jersey-common-2.33.jar:/home/runner/.m2/repository/jakarta/ws/rs/jakarta.ws.rs-api/2.1.6/jakarta.ws.rs-api-2.1.6.jar:/home/runner/.m2/repository/org/glassfish/jersey/ext/cdi/jersey-cdi1x/2.33/jersey-cdi1x-2.33.jar:/home/runner/.m2/repository/org/glassfish/jersey/inject/jersey-hk2/2.33/jersey-hk2-2.33.jar:/home/runner/.m2/repository/org/glassfish/hk2/hk2-locator/2.6.1/hk2-locator-2.6.1.jar:/home/runner/.m2/repository/org/glassfish/jersey/media/jersey-media-jaxb/2.33/jersey-media-jaxb-2.33.jar:/home/runner/.m2/repository/org/glassfish/hk2/osgi-resource-locator/1.0.3/osgi-resource-locator-1.0.3.jar:/home/runner/.m2/repository/org/glassfish/hk2/hk2-api/2.5.0/hk2-api-2.5.0.jar:/home/runner/.m2/repository/org/glassfish/hk2/hk2-utils/2.5.0/hk2-utils-2.5.0.jar:/home/runner/.m2/repository/org/glassfish/hk2/external/aopalliance-repackaged/2.5.0/aopalliance-repackaged-2.5.0.jar:/home/runner/.m2/repository/com/fasterxml/jackson/dataformat/jackson-dataformat-xml/2.13.2/jackson-dataformat-xml-2.13.2.jar:/home/runner/.m2/repository/com/fasterxml/jackson/core/jackson-core/2.13.2/jackson-core-2.13.2.jar:/home/runner/.m2/repository/org/codehaus/woodstox/stax2-api/3.1.4/stax2-api-3.1.4.jar:/home/runner/.m2/repository/com/fasterxml/woodstox/woodstox-core/5.0.3/woodstox-core-5.0.3.jar:/home/runner/.m2/repository/com/fasterxml/jackson/module/jackson-module-jaxb-annotations/2.13.2/jackson-module-jaxb-annotations-2.13.2.jar:/home/runner/.m2/repository/jakarta/xml/bind/jakarta.xml.bind-api/2.3.3/jakarta.xml.bind-api-2.3.3.jar:/home/runner/.m2/repository/jakarta/activation/jakarta.activation-api/1.2.1/jakarta.activation-api-1.2.1.jar:/home/runner/.m2/repository/javax/enterprise/cdi-api/1.2/cdi-api-1.2.jar:/home/runner/.m2/repository/javax/el/javax.el-api/3.0.0/javax.el-api-3.0.0.jar:/home/runner/.m2/repository/javax/interceptor/javax.interceptor-api/1.2/javax.interceptor-api-1.2.jar:/home/runner/.m2/repository/javax/inject/javax.inject/1/javax.inject-1.jar:/home/runner/.m2/repository/javax/xml/bind/jaxb-api/2.3.0/jaxb-api-2.3.0.jar:/home/runner/.m2/repository/org/glassfish/jaxb/jaxb-runtime/2.3.0.1/jaxb-runtime-2.3.0.1.jar:/home/runner/.m2/repository/org/glassfish/jaxb/jaxb-core/2.3.0.1/jaxb-core-2.3.0.1.jar:/home/runner/.m2/repository/org/glassfish/jaxb/txw2/2.3.0.1/txw2-2.3.0.1.jar:/home/runner/.m2/repository/com/sun/istack/istack-commons-runtime/3.0.5/istack-commons-runtime-3.0.5.jar:/home/runner/.m2/repository/org/jvnet/staxex/stax-ex/1.7.8/stax-ex-1.7.8.jar:/home/runner/.m2/repository/com/sun/xml/fastinfoset/FastInfoset/1.2.13/FastInfoset-1.2.13.jar:/home/runner/.m2/repository/javax/activation/activation/1.1.1/activation-1.1.1.jar:/home/runner/.m2/repository/io/grpc/grpc-protobuf/1.48.1/grpc-protobuf-1.48.1.jar:/home/runner/.m2/repository/io/grpc/grpc-api/1.48.1/grpc-api-1.48.1.jar:/home/runner/.m2/repository/io/grpc/grpc-context/1.48.1/grpc-context-1.48.1.jar:/home/runner/.m2/repository/com/google/api/grpc/proto-google-common-protos/2.9.0/proto-google-common-protos-2.9.0.jar:/home/runner/.m2/repository/io/grpc/grpc-protobuf-lite/1.48.1/grpc-protobuf-lite-1.48.1.jar:/home/runner/.m2/repository/io/grpc/grpc-stub/1.48.1/grpc-stub-1.48.1.jar:/home/runner/.m2/repository/io/netty/netty-transport/4.1.79.Final/netty-transport-4.1.79.Final.jar:/home/runner/.m2/repository/io/netty/netty-resolver/4.1.79.Final/netty-resolver-4.1.79.Final.jar:/home/runner/.m2/repository/org/apache/ozone/ozone-csi/1.3.0-SNAPSHOT/ozone-csi-1.3.0-SNAPSHOT.jar:/home/runner/.m2/repository/com/google/protobuf/protobuf-java-util/3.19.2/protobuf-java-util-3.19.2.jar:/home/runner/.m2/repository/com/google/code/gson/gson/2.9.0/gson-2.9.0.jar:/home/runner/.m2/repository/org/apache/ozone/hdds-config/1.3.0-SNAPSHOT/hdds-config-1.3.0-SNAPSHOT.jar:/home/runner/.m2/repository/io/netty/netty-transport-native-epoll/4.1.79.Final/netty-transport-native-epoll-4.1.79.Final-linux-x86_64.jar:/home/runner/.m2/repository/io/netty/netty-transport-classes-epoll/4.1.79.Final/netty-transport-classes-epoll-4.1.79.Final.jar:/home/runner/.m2/repository/io/netty/netty-transport-native-unix-common/4.1.79.Final/netty-transport-native-unix-common-4.1.79.Final.jar:/home/runner/.m2/repository/org/apache/ozone/ozone-recon/1.3.0-SNAPSHOT/ozone-recon-1.3.0-SNAPSHOT.jar:/home/runner/.m2/repository/org/apache/ozone/ozone-reconcodegen/1.3.0-SNAPSHOT/ozone-reconcodegen-1.3.0-SNAPSHOT.jar:/home/runner/.m2/repository/com/google/inject/extensions/guice-multibindings/4.0/guice-multibindings-4.0.jar:/home/runner/.m2/repository/com/google/inject/guice/4.0/guice-4.0.jar:/home/runner/.m2/repository/aopalliance/aopalliance/1.0/aopalliance-1.0.jar:/home/runner/.m2/repository/com/google/inject/extensions/guice-assistedinject/4.0/guice-assistedinject-4.0.jar:/home/runner/.m2/repository/com/google/inject/extensions/guice-servlet/4.0/guice-servlet-4.0.jar:/home/runner/.m2/repository/org/glassfish/jersey/containers/jersey-container-servlet/2.33/jersey-container-servlet-2.33.jar:/home/runner/.m2/repository/org/glassfish/hk2/guice-bridge/2.5.0/guice-bridge-2.5.0.jar:/home/runner/.m2/repository/org/glassfish/jersey/core/jersey-server/2.33/jersey-server-2.33.jar:/home/runner/.m2/repository/org/glassfish/jersey/core/jersey-client/2.33/jersey-client-2.33.jar:/home/runner/.m2/repository/jakarta/annotation/jakarta.annotation-api/1.3.5/jakarta.annotation-api-1.3.5.jar:/home/runner/.m2/repository/jakarta/validation/jakarta.validation-api/2.0.2/jakarta.validation-api-2.0.2.jar:/home/runner/.m2/repository/org/glassfish/jersey/media/jersey-media-json-jackson/2.33/jersey-media-json-jackson-2.33.jar:/home/runner/.m2/repository/org/glassfish/jersey/ext/jersey-entity-filtering/2.33/jersey-entity-filtering-2.33.jar:/home/runner/.m2/repository/org/jooq/jooq/3.11.10/jooq-3.11.10.jar:/home/runner/.m2/repository/org/jooq/jooq-meta/3.11.10/jooq-meta-3.11.10.jar:/home/runner/.m2/repository/org/jooq/jooq-codegen/3.11.10/jooq-codegen-3.11.10.jar:/home/runner/.m2/repository/com/jolbox/bonecp/0.8.0.RELEASE/bonecp-0.8.0.RELEASE.jar:/home/runner/.m2/repository/org/apache/derby/derby/10.14.2.0/derby-10.14.2.0.jar:/home/runner/.m2/repository/org/xerial/sqlite-jdbc/3.25.2/sqlite-jdbc-3.25.2.jar:/home/runner/.m2/repository/org/springframework/spring-jdbc/5.2.20.RELEASE/spring-jdbc-5.2.20.RELEASE.jar:/home/runner/.m2/repository/org/springframework/spring-beans/5.2.20.RELEASE/spring-beans-5.2.20.RELEASE.jar:/home/runner/.m2/repository/org/springframework/spring-core/5.2.20.RELEASE/spring-core-5.2.20.RELEASE.jar:/home/runner/.m2/repository/org/springframework/spring-jcl/5.2.20.RELEASE/spring-jcl-5.2.20.RELEASE.jar:/home/runner/.m2/repository/org/springframework/spring-tx/5.2.20.RELEASE/spring-tx-5.2.20.RELEASE.jar:/home/runner/.m2/repository/org/apache/ozone/ozone-client/1.3.0-SNAPSHOT/ozone-client-1.3.0-SNAPSHOT.jar:/home/runner/.m2/repository/org/apache/ozone/hdds-erasurecode/1.3.0-SNAPSHOT/hdds-erasurecode-1.3.0-SNAPSHOT.jar:/home/runner/.m2/repository/com/github/spotbugs/spotbugs-annotations/3.1.12/spotbugs-annotations-3.1.12.jar:/home/runner/.m2/repository/org/apache/ozone/ozone-filesystem/1.3.0-SNAPSHOT/ozone-filesystem-1.3.0-SNAPSHOT.jar:/home/runner/.m2/repository/org/apache/ozone/ozone-filesystem-common/1.3.0-SNAPSHOT/ozone-filesystem-common-1.3.0-SNAPSHOT.jar:/home/runner/.m2/repository/org/apache/ozone/ozone-tools/1.3.0-SNAPSHOT/ozone-tools-1.3.0-SNAPSHOT.jar:/home/runner/.m2/repository/org/apache/ratis/ratis-tools/2.3.0/ratis-tools-2.3.0.jar:/home/runner/.m2/repository/com/amazonaws/aws-java-sdk-core/1.12.261/aws-java-sdk-core-1.12.261.jar:/home/runner/.m2/repository/org/apache/httpcomponents/httpclient/4.5.13/httpclient-4.5.13.jar:/home/runner/.m2/repository/org/apache/httpcomponents/httpcore/4.4.13/httpcore-4.4.13.jar:/home/runner/.m2/repository/software/amazon/ion/ion-java/1.0.2/ion-java-1.0.2.jar:/home/runner/.m2/repository/com/fasterxml/jackson/dataformat/jackson-dataformat-cbor/2.13.2/jackson-dataformat-cbor-2.13.2.jar:/home/runner/.m2/repository/joda-time/joda-time/2.8.1/joda-time-2.8.1.jar:/home/runner/.m2/repository/com/amazonaws/aws-java-sdk-s3/1.12.261/aws-java-sdk-s3-1.12.261.jar:/home/runner/.m2/repository/com/amazonaws/aws-java-sdk-kms/1.12.261/aws-java-sdk-kms-1.12.261.jar:/home/runner/.m2/repository/com/amazonaws/jmespath-java/1.12.261/jmespath-java-1.12.261.jar:/home/runner/.m2/repository/org/kohsuke/metainf-services/metainf-services/1.8/metainf-services-1.8.jar:/home/runner/.m2/repository/org/apache/ozone/hdds-tools/1.3.0-SNAPSHOT/hdds-tools-1.3.0-SNAPSHOT.jar:/home/runner/.m2/repository/commons-cli/commons-cli/1.2/commons-cli-1.2.jar:/home/runner/.m2/repository/org/apache/commons/commons-lang3/3.7/commons-lang3-3.7.jar:/home/runner/.m2/repository/org/apache/ozone/ozone-manager/1.3.0-SNAPSHOT/ozone-manager-1.3.0-SNAPSHOT-tests.jar:/home/runner/.m2/repository/org/apache/ozone/hdds-common/1.3.0-SNAPSHOT/hdds-common-1.3.0-SNAPSHOT-tests.jar:/home/runner/.m2/repository/org/apache/ozone/hdds-hadoop-dependency-client/1.3.0-SNAPSHOT/hdds-hadoop-dependency-client-1.3.0-SNAPSHOT.jar:/home/runner/.m2/repository/info/picocli/picocli/4.6.1/picocli-4.6.1.jar:/home/runner/.m2/repository/com/fasterxml/jackson/core/jackson-annotations/2.13.2/jackson-annotations-2.13.2.jar:/home/runner/.m2/repository/com/fasterxml/jackson/datatype/jackson-datatype-jsr310/2.13.2/jackson-datatype-jsr310-2.13.2.jar:/home/runner/.m2/repository/org/apache/ozone/hdds-annotation-processing/1.3.0-SNAPSHOT/hdds-annotation-processing-1.3.0-SNAPSHOT.jar:/home/runner/.m2/repository/javax/annotation/javax.annotation-api/1.2/javax.annotation-api-1.2.jar:/home/runner/.m2/repository/org/apache/ratis/ratis-server/2.3.0/ratis-server-2.3.0.jar:/home/runner/.m2/repository/org/apache/ratis/ratis-client/2.3.0/ratis-client-2.3.0.jar:/home/runner/.m2/repository/org/apache/ratis/ratis-server-api/2.3.0/ratis-server-api-2.3.0.jar:/home/runner/.m2/repository/org/apache/ratis/ratis-metrics/2.3.0/ratis-metrics-2.3.0.jar:/home/runner/.m2/repository/org/apache/ratis/ratis-netty/2.3.0/ratis-netty-2.3.0.jar:/home/runner/.m2/repository/org/apache/ratis/ratis-grpc/2.3.0/ratis-grpc-2.3.0.jar:/home/runner/.m2/repository/org/apache/logging/log4j/log4j-api/2.17.1/log4j-api-2.17.1.jar:/home/runner/.m2/repository/org/apache/commons/commons-pool2/2.6.0/commons-pool2-2.6.0.jar:/home/runner/.m2/repository/org/bouncycastle/bcpkix-jdk15on/1.67/bcpkix-jdk15on-1.67.jar:/home/runner/.m2/repository/commons-validator/commons-validator/1.6/commons-validator-1.6.jar:/home/runner/.m2/repository/commons-beanutils/commons-beanutils/1.9.4/commons-beanutils-1.9.4.jar:/home/runner/.m2/repository/commons-digester/commons-digester/1.8.1/commons-digester-1.8.1.jar:/home/runner/.m2/repository/commons-collections/commons-collections/3.2.2/commons-collections-3.2.2.jar:/home/runner/.m2/repository/io/jaegertracing/jaeger-client/1.6.0/jaeger-client-1.6.0.jar:/home/runner/.m2/repository/io/jaegertracing/jaeger-thrift/1.6.0/jaeger-thrift-1.6.0.jar:/home/runner/.m2/repository/org/apache/thrift/libthrift/0.14.1/libthrift-0.14.1.jar:/home/runner/.m2/repository/com/squareup/okhttp3/okhttp/4.9.0/okhttp-4.9.0.jar:/home/runner/.m2/repository/com/squareup/okio/okio/2.8.0/okio-2.8.0.jar:/home/runner/.m2/repository/io/jaegertracing/jaeger-core/1.6.0/jaeger-core-1.6.0.jar:/home/runner/.m2/repository/io/jaegertracing/jaeger-tracerresolver/1.6.0/jaeger-tracerresolver-1.6.0.jar:/home/runner/.m2/repository/io/opentracing/contrib/opentracing-tracerresolver/0.1.8/opentracing-tracerresolver-0.1.8.jar:/home/runner/.m2/repository/org/jetbrains/kotlin/kotlin-stdlib/1.6.21/kotlin-stdlib-1.6.21.jar:/home/runner/.m2/repository/org/jetbrains/kotlin/kotlin-stdlib-common/1.6.21/kotlin-stdlib-common-1.6.21.jar:/home/runner/.m2/repository/org/jetbrains/annotations/13.0/annotations-13.0.jar:/home/runner/.m2/repository/io/opentracing/opentracing-util/0.33.0/opentracing-util-0.33.0.jar:/home/runner/.m2/repository/io/opentracing/opentracing-api/0.33.0/opentracing-api-0.33.0.jar:/home/runner/.m2/repository/io/opentracing/opentracing-noop/0.33.0/opentracing-noop-0.33.0.jar:/home/runner/.m2/repository/org/yaml/snakeyaml/1.26/snakeyaml-1.26.jar:/home/runner/.m2/repository/org/apache/ozone/hdds-interface-admin/1.3.0-SNAPSHOT/hdds-interface-admin-1.3.0-SNAPSHOT.jar:/home/runner/.m2/repository/junit/junit/4.13.1/junit-4.13.1.jar:/home/runner/.m2/repository/org/hamcrest/hamcrest-core/1.3/hamcrest-core-1.3.jar:/home/runner/.m2/repository/org/junit/jupiter/junit-jupiter-api/5.8.2/junit-jupiter-api-5.8.2.jar:/home/runner/.m2/repository/org/opentest4j/opentest4j/1.2.0/opentest4j-1.2.0.jar:/home/runner/.m2/repository/org/junit/platform/junit-platform-commons/1.8.2/junit-platform-commons-1.8.2.jar:/home/runner/.m2/repository/org/apiguardian/apiguardian-api/1.1.2/apiguardian-api-1.1.2.jar:/home/runner/.m2/repository/org/junit/jupiter/junit-jupiter-params/5.8.2/junit-jupiter-params-5.8.2.jar:/home/runner/.m2/repository/org/junit/jupiter/junit-jupiter-migrationsupport/5.8.2/junit-jupiter-migrationsupport-5.8.2.jar:/home/runner/.m2/repository/org/junit/jupiter/junit-jupiter-engine/5.8.2/junit-jupiter-engine-5.8.2.jar:/home/runner/.m2/repository/org/junit/platform/junit-platform-engine/1.8.2/junit-platform-engine-1.8.2.jar:/home/runner/.m2/repository/org/junit/vintage/junit-vintage-engine/5.8.2/junit-vintage-engine-5.8.2.jar:/home/runner/.m2/repository/org/junit/platform/junit-platform-launcher/1.8.2/junit-platform-launcher-1.8.2.jar:/home/runner/.m2/repository/org/mockito/mockito-core/2.28.2/mockito-core-2.28.2.jar:/home/runner/.m2/repository/net/bytebuddy/byte-buddy/1.9.10/byte-buddy-1.9.10.jar:/home/runner/.m2/repository/net/bytebuddy/byte-buddy-agent/1.9.10/byte-buddy-agent-1.9.10.jar:/home/runner/.m2/repository/org/objenesis/objenesis/1.0/objenesis-1.0.jar:/home/runner/.m2/repository/org/apache/hadoop/hadoop-kms/3.3.1/hadoop-kms-3.3.1.jar:/home/runner/.m2/repository/org/apache/hadoop/hadoop-auth/3.3.1/hadoop-auth-3.3.1.jar:/home/runner/.m2/repository/com/nimbusds/nimbus-jose-jwt/7.9/nimbus-jose-jwt-7.9.jar:/home/runner/.m2/repository/com/github/stephenc/jcip/jcip-annotations/1.0-1/jcip-annotations-1.0-1.jar:/home/runner/.m2/repository/net/minidev/json-smart/2.4.7/json-smart-2.4.7.jar:/home/runner/.m2/repository/net/minidev/accessors-smart/2.4.7/accessors-smart-2.4.7.jar:/home/runner/.m2/repository/org/ow2/asm/asm/5.0.4/asm-5.0.4.jar:/home/runner/.m2/repository/org/apache/zookeeper/zookeeper/3.5.6/zookeeper-3.5.6.jar:/home/runner/.m2/repository/org/apache/zookeeper/zookeeper-jute/3.5.6/zookeeper-jute-3.5.6.jar:/home/runner/.m2/repository/org/apache/yetus/audience-annotations/0.5.0/audience-annotations-0.5.0.jar:/home/runner/.m2/repository/org/apache/curator/curator-framework/4.2.0/curator-framework-4.2.0.jar:/home/runner/.m2/repository/org/apache/hadoop/thirdparty/hadoop-shaded-guava/1.1.1/hadoop-shaded-guava-1.1.1.jar:/home/runner/.m2/repository/com/sun/jersey/jersey-core/1.19/jersey-core-1.19.jar:/home/runner/.m2/repository/javax/ws/rs/jsr311-api/1.1.1/jsr311-api-1.1.1.jar:/home/runner/.m2/repository/com/sun/jersey/jersey-server/1.19/jersey-server-1.19.jar:/home/runner/.m2/repository/javax/servlet/javax.servlet-api/3.1.0/javax.servlet-api-3.1.0.jar:/home/runner/.m2/repository/org/eclipse/jetty/jetty-server/9.4.43.v20210629/jetty-server-9.4.43.v20210629.jar:/home/runner/.m2/repository/org/eclipse/jetty/jetty-http/9.4.43.v20210629/jetty-http-9.4.43.v20210629.jar:/home/runner/.m2/repository/org/eclipse/jetty/jetty-io/9.4.43.v20210629/jetty-io-9.4.43.v20210629.jar:/home/runner/.m2/repository/org/eclipse/jetty/jetty-webapp/9.4.43.v20210629/jetty-webapp-9.4.43.v20210629.jar:/home/runner/.m2/repository/org/eclipse/jetty/jetty-xml/9.4.43.v20210629/jetty-xml-9.4.43.v20210629.jar:/home/runner/.m2/repository/org/apache/hadoop/hadoop-common/3.3.1/hadoop-common-3.3.1.jar:/home/runner/.m2/repository/org/apache/commons/commons-math3/3.1.1/commons-math3-3.1.1.jar:/home/runner/.m2/repository/commons-net/commons-net/3.6/commons-net-3.6.jar:/home/runner/.m2/repository/com/sun/jersey/jersey-servlet/1.19/jersey-servlet-1.19.jar:/home/runner/.m2/repository/com/sun/jersey/jersey-json/1.19/jersey-json-1.19.jar:/home/runner/.m2/repository/org/codehaus/jettison/jettison/1.1/jettison-1.1.jar:/home/runner/.m2/repository/com/sun/xml/bind/jaxb-impl/2.2.3-1/jaxb-impl-2.2.3-1.jar:/home/runner/.m2/repository/org/codehaus/jackson/jackson-xc/1.9.2/jackson-xc-1.9.2.jar:/home/runner/.m2/repository/org/apache/commons/commons-configuration2/2.1.1/commons-configuration2-2.1.1.jar:/home/runner/.m2/repository/org/apache/commons/commons-text/1.4/commons-text-1.4.jar:/home/runner/.m2/repository/com/google/re2j/re2j/1.1/re2j-1.1.jar:/home/runner/.m2/repository/com/jcraft/jsch/0.1.54/jsch-0.1.54.jar:/home/runner/.m2/repository/org/apache/curator/curator-client/4.2.0/curator-client-4.2.0.jar:/home/runner/.m2/repository/org/apache/curator/curator-recipes/4.2.0/curator-recipes-4.2.0.jar:/home/runner/.m2/repository/org/apache/kerby/kerb-core/1.0.1/kerb-core-1.0.1.jar:/home/runner/.m2/repository/org/apache/kerby/kerby-pkix/1.0.1/kerby-pkix-1.0.1.jar:/home/runner/.m2/repository/org/apache/kerby/kerby-asn1/1.0.1/kerby-asn1-1.0.1.jar:/home/runner/.m2/repository/org/apache/kerby/kerby-util/1.0.1/kerby-util-1.0.1.jar:/home/runner/.m2/repository/dnsjava/dnsjava/2.1.7/dnsjava-2.1.7.jar:/home/runner/.m2/repository/org/xerial/snappy/snappy-java/1.1.8.2/snappy-java-1.1.8.2.jar:/home/runner/.m2/repository/org/slf4j/jul-to-slf4j/1.7.30/jul-to-slf4j-1.7.30.jar:/home/runner/.m2/repository/org/eclipse/jetty/jetty-util/9.4.43.v20210629/jetty-util-9.4.43.v20210629.jar:/home/runner/.m2/repository/com/fasterxml/jackson/core/jackson-databind/2.13.2.2/jackson-databind-2.13.2.2.jar:/home/runner/.m2/repository/org/apache/hadoop/hadoop-kms/3.3.1/hadoop-kms-3.3.1-tests.jar:/home/runner/.m2/repository/org/apache/ozone/hdds-server-scm/1.3.0-SNAPSHOT/hdds-server-scm-1.3.0-SNAPSHOT-tests.jar:/home/runner/.m2/repository/org/apache/ozone/hdds-container-service/1.3.0-SNAPSHOT/hdds-container-service-1.3.0-SNAPSHOT-tests.jar:/home/runner/.m2/repository/commons-codec/commons-codec/1.11/commons-codec-1.11.jar:/home/runner/.m2/repository/io/netty/netty-codec/4.1.79.Final/netty-codec-4.1.79.Final.jar:/home/runner/.m2/repository/io/netty/netty-handler/4.1.79.Final/netty-handler-4.1.79.Final.jar:/home/runner/.m2/repository/org/apache/ozone/hdds-hadoop-dependency-test/1.3.0-SNAPSHOT/hdds-hadoop-dependency-test-1.3.0-SNAPSHOT.jar:/home/runner/.m2/repository/org/apache/hadoop/hadoop-common/3.3.1/hadoop-common-3.3.1-tests.jar:/home/runner/.m2/repository/org/assertj/assertj-core/3.12.2/assertj-core-3.12.2.jar:/home/runner/.m2/repository/org/apache/hadoop/hadoop-hdfs/3.3.1/hadoop-hdfs-3.3.1-tests.jar:/home/runner/.m2/repository/org/eclipse/jetty/jetty-util-ajax/9.4.43.v20210629/jetty-util-ajax-9.4.43.v20210629.jar:/home/runner/.m2/repository/commons-daemon/commons-daemon/1.0.13/commons-daemon-1.0.13.jar:/home/runner/.m2/repository/io/netty/netty/3.10.6.Final/netty-3.10.6.Final.jar:/home/runner/.m2/repository/io/netty/netty-all/4.1.79.Final/netty-all-4.1.79.Final.jar:/home/runner/.m2/repository/io/netty/netty-codec-dns/4.1.79.Final/netty-codec-dns-4.1.79.Final.jar:/home/runner/.m2/repository/io/netty/netty-codec-haproxy/4.1.79.Final/netty-codec-haproxy-4.1.79.Final.jar:/home/runner/.m2/repository/io/netty/netty-codec-memcache/4.1.79.Final/netty-codec-memcache-4.1.79.Final.jar:/home/runner/.m2/repository/io/netty/netty-codec-mqtt/4.1.79.Final/netty-codec-mqtt-4.1.79.Final.jar:/home/runner/.m2/repository/io/netty/netty-codec-redis/4.1.79.Final/netty-codec-redis-4.1.79.Final.jar:/home/runner/.m2/repository/io/netty/netty-codec-smtp/4.1.79.Final/netty-codec-smtp-4.1.79.Final.jar:/home/runner/.m2/repository/io/netty/netty-codec-stomp/4.1.79.Final/netty-codec-stomp-4.1.79.Final.jar:/home/runner/.m2/repository/io/netty/netty-codec-xml/4.1.79.Final/netty-codec-xml-4.1.79.Final.jar:/home/runner/.m2/repository/io/netty/netty-resolver-dns/4.1.79.Final/netty-resolver-dns-4.1.79.Final.jar:/home/runner/.m2/repository/io/netty/netty-transport-rxtx/4.1.79.Final/netty-transport-rxtx-4.1.79.Final.jar:/home/runner/.m2/repository/io/netty/netty-transport-sctp/4.1.79.Final/netty-transport-sctp-4.1.79.Final.jar:/home/runner/.m2/repository/io/netty/netty-transport-udt/4.1.79.Final/netty-transport-udt-4.1.79.Final.jar:/home/runner/.m2/repository/io/netty/netty-transport-classes-kqueue/4.1.79.Final/netty-transport-classes-kqueue-4.1.79.Final.jar:/home/runner/.m2/repository/io/netty/netty-resolver-dns-classes-macos/4.1.79.Final/netty-resolver-dns-classes-macos-4.1.79.Final.jar:/home/runner/.m2/repository/io/netty/netty-transport-native-epoll/4.1.79.Final/netty-transport-native-epoll-4.1.79.Final-linux-aarch_64.jar:/home/runner/.m2/repository/io/netty/netty-transport-native-kqueue/4.1.79.Final/netty-transport-native-kqueue-4.1.79.Final-osx-x86_64.jar:/home/runner/.m2/repository/io/netty/netty-transport-native-kqueue/4.1.79.Final/netty-transport-native-kqueue-4.1.79.Final-osx-aarch_64.jar:/home/runner/.m2/repository/io/netty/netty-resolver-dns-native-macos/4.1.79.Final/netty-resolver-dns-native-macos-4.1.79.Final-osx-x86_64.jar:/home/runner/.m2/repository/io/netty/netty-resolver-dns-native-macos/4.1.79.Final/netty-resolver-dns-native-macos-4.1.79.Final-osx-aarch_64.jar:/home/runner/.m2/repository/org/apache/htrace/htrace-core4/4.1.0-incubating/htrace-core4-4.1.0-incubating.jar:/home/runner/.m2/repository/org/fusesource/leveldbjni/leveldbjni-all/1.8/leveldbjni-all-1.8.jar:/home/runner/.m2/repository/org/apache/hadoop/hadoop-distcp/3.3.1/hadoop-distcp-3.3.1.jar:/home/runner/.m2/repository/org/apache/hadoop/hadoop-mapreduce-client-jobclient/3.3.1/hadoop-mapreduce-client-jobclient-3.3.1.jar:/home/runner/.m2/repository/org/apache/hadoop/hadoop-mapreduce-client-common/3.3.1/hadoop-mapreduce-client-common-3.3.1.jar:/home/runner/.m2/repository/org/apache/hadoop/hadoop-yarn-common/3.3.1/hadoop-yarn-common-3.3.1.jar:/home/runner/.m2/repository/org/apache/hadoop/hadoop-yarn-api/3.3.1/hadoop-yarn-api-3.3.1.jar:/home/runner/.m2/repository/com/sun/jersey/contribs/jersey-guice/1.19/jersey-guice-1.19.jar:/home/runner/.m2/repository/com/fasterxml/jackson/jaxrs/jackson-jaxrs-json-provider/2.13.2/jackson-jaxrs-json-provider-2.13.2.jar:/home/runner/.m2/repository/com/fasterxml/jackson/jaxrs/jackson-jaxrs-base/2.13.2/jackson-jaxrs-base-2.13.2.jar:/home/runner/.m2/repository/org/apache/hadoop/hadoop-yarn-client/3.3.1/hadoop-yarn-client-3.3.1.jar:/home/runner/.m2/repository/org/eclipse/jetty/websocket/websocket-client/9.4.40.v20210413/websocket-client-9.4.40.v20210413.jar:/home/runner/.m2/repository/org/eclipse/jetty/websocket/websocket-common/9.4.40.v20210413/websocket-common-9.4.40.v20210413.jar:/home/runner/.m2/repository/org/eclipse/jetty/websocket/websocket-api/9.4.40.v20210413/websocket-api-9.4.40.v20210413.jar:/home/runner/.m2/repository/org/jline/jline/3.9.0/jline-3.9.0.jar:/home/runner/.m2/repository/org/apache/hadoop/hadoop-mapreduce-client-core/3.3.1/hadoop-mapreduce-client-core-3.3.1.jar:/home/runner/.m2/repository/org/apache/avro/avro/1.7.7/avro-1.7.7.jar:/home/runner/.m2/repository/org/codehaus/jackson/jackson-core-asl/1.9.13/jackson-core-asl-1.9.13.jar:/home/runner/.m2/repository/org/codehaus/jackson/jackson-mapper-asl/1.9.13/jackson-mapper-asl-1.9.13.jar:/home/runner/.m2/repository/com/thoughtworks/paranamer/paranamer/2.3/paranamer-2.3.jar:/home/runner/.m2/repository/org/apache/hadoop/hadoop-annotations/3.3.1/hadoop-annotations-3.3.1.jar:/opt/hostedtoolcache/jdk/8.0.345/x64/jre/../lib/tools.jar:/home/runner/.m2/repository/org/apache/hadoop/hadoop-distcp/3.3.1/hadoop-distcp-3.3.1-tests.jar:/home/runner/.m2/repository/org/apache/ratis/ratis-common/2.3.0/ratis-common-2.3.0.jar:/home/runner/.m2/repository/org/apache/ratis/ratis-thirdparty-misc/1.0.0/ratis-thirdparty-misc-1.0.0.jar:/home/runner/.m2/repository/org/apache/ratis/ratis-proto/2.3.0/ratis-proto-2.3.0.jar:"/>
    <property name="java.vm.vendor" value="Azul Systems, Inc."/>
    <property name="sun.arch.data.model" value="64"/>
    <property name="test.build.dir" value="/home/runner/work/ozone/ozone/hadoop-ozone/integration-test/target/test-dir"/>
    <property name="test.cache.data" value=""/>
    <property name="java.vendor.url" value="http://www.azul.com/"/>
    <property name="user.timezone" value="Etc/UTC"/>
    <property name="java.vm.specification.version" value="1.8"/>
    <property name="os.name" value="Linux"/>
    <property name="test.build.data" value="/home/runner/work/ozone/ozone/hadoop-ozone/integration-test/target/test-dir"/>
    <property name="sun.java.launcher" value="SUN_STANDARD"/>
    <property name="sun.boot.library.path" value="/opt/hostedtoolcache/jdk/8.0.345/x64/jre/lib/amd64"/>
    <property name="sun.java.command" value="/home/runner/work/ozone/ozone/hadoop-ozone/integration-test/target/surefire/surefirebooter5559007250282547990.jar /home/runner/work/ozone/ozone/hadoop-ozone/integration-test/target/surefire 2022-09-12T00-56-00_488-jvmRun1 surefire8550871885807294059tmp surefire_3095077446707409134tmp"/>
    <property name="surefire.test.class.path" value="/home/runner/work/ozone/ozone/hadoop-ozone/integration-test/target/test-classes:/home/runner/work/ozone/ozone/hadoop-ozone/integration-test/target/classes:/home/runner/.m2/repository/org/apache/ozone/ozone-common/1.3.0-SNAPSHOT/ozone-common-1.3.0-SNAPSHOT.jar:/home/runner/.m2/repository/io/grpc/grpc-netty/1.48.1/grpc-netty-1.48.1.jar:/home/runner/.m2/repository/io/grpc/grpc-core/1.48.1/grpc-core-1.48.1.jar:/home/runner/.m2/repository/com/google/android/annotations/4.1.1.4/annotations-4.1.1.4.jar:/home/runner/.m2/repository/org/codehaus/mojo/animal-sniffer-annotations/1.21/animal-sniffer-annotations-1.21.jar:/home/runner/.m2/repository/com/google/errorprone/error_prone_annotations/2.2.0/error_prone_annotations-2.2.0.jar:/home/runner/.m2/repository/io/perfmark/perfmark-api/0.25.0/perfmark-api-0.25.0.jar:/home/runner/.m2/repository/io/netty/netty-codec-http2/4.1.79.Final/netty-codec-http2-4.1.79.Final.jar:/home/runner/.m2/repository/io/netty/netty-common/4.1.79.Final/netty-common-4.1.79.Final.jar:/home/runner/.m2/repository/io/netty/netty-buffer/4.1.79.Final/netty-buffer-4.1.79.Final.jar:/home/runner/.m2/repository/io/netty/netty-codec-http/4.1.79.Final/netty-codec-http-4.1.79.Final.jar:/home/runner/.m2/repository/io/netty/netty-handler-proxy/4.1.79.Final/netty-handler-proxy-4.1.79.Final.jar:/home/runner/.m2/repository/io/netty/netty-codec-socks/4.1.79.Final/netty-codec-socks-4.1.79.Final.jar:/home/runner/.m2/repository/io/netty/netty-tcnative-boringssl-static/2.0.53.Final/netty-tcnative-boringssl-static-2.0.53.Final.jar:/home/runner/.m2/repository/io/netty/netty-tcnative-classes/2.0.53.Final/netty-tcnative-classes-2.0.53.Final.jar:/home/runner/.m2/repository/io/netty/netty-tcnative-boringssl-static/2.0.53.Final/netty-tcnative-boringssl-static-2.0.53.Final-linux-x86_64.jar:/home/runner/.m2/repository/io/netty/netty-tcnative-boringssl-static/2.0.53.Final/netty-tcnative-boringssl-static-2.0.53.Final-linux-aarch_64.jar:/home/runner/.m2/repository/io/netty/netty-tcnative-boringssl-static/2.0.53.Final/netty-tcnative-boringssl-static-2.0.53.Final-osx-x86_64.jar:/home/runner/.m2/repository/io/netty/netty-tcnative-boringssl-static/2.0.53.Final/netty-tcnative-boringssl-static-2.0.53.Final-osx-aarch_64.jar:/home/runner/.m2/repository/io/netty/netty-tcnative-boringssl-static/2.0.53.Final/netty-tcnative-boringssl-static-2.0.53.Final-windows-x86_64.jar:/home/runner/.m2/repository/org/apache/commons/commons-compress/1.21/commons-compress-1.21.jar:/home/runner/.m2/repository/org/apache/ozone/hdds-common/1.3.0-SNAPSHOT/hdds-common-1.3.0-SNAPSHOT.jar:/home/runner/.m2/repository/org/apache/ozone/hdds-client/1.3.0-SNAPSHOT/hdds-client-1.3.0-SNAPSHOT.jar:/home/runner/.m2/repository/org/apache/ozone/ozone-interface-client/1.3.0-SNAPSHOT/ozone-interface-client-1.3.0-SNAPSHOT.jar:/home/runner/.m2/repository/org/apache/ozone/hdds-test-utils/1.3.0-SNAPSHOT/hdds-test-utils-1.3.0-SNAPSHOT.jar:/home/runner/.m2/repository/com/google/guava/guava/31.1-jre/guava-31.1-jre.jar:/home/runner/.m2/repository/com/google/guava/failureaccess/1.0.1/failureaccess-1.0.1.jar:/home/runner/.m2/repository/com/google/guava/listenablefuture/9999.0-empty-to-avoid-conflict-with-guava/listenablefuture-9999.0-empty-to-avoid-conflict-with-guava.jar:/home/runner/.m2/repository/com/google/code/findbugs/jsr305/3.0.0/jsr305-3.0.0.jar:/home/runner/.m2/repository/org/checkerframework/checker-qual/3.12.0/checker-qual-3.12.0.jar:/home/runner/.m2/repository/com/google/j2objc/j2objc-annotations/1.3/j2objc-annotations-1.3.jar:/home/runner/.m2/repository/commons-io/commons-io/2.11.0/commons-io-2.11.0.jar:/home/runner/.m2/repository/commons-logging/commons-logging/1.2/commons-logging-1.2.jar:/home/runner/.m2/repository/log4j/log4j/1.2.17/log4j-1.2.17.jar:/home/runner/.m2/repository/org/slf4j/slf4j-api/1.7.30/slf4j-api-1.7.30.jar:/home/runner/.m2/repository/org/apache/ozone/hdds-server-scm/1.3.0-SNAPSHOT/hdds-server-scm-1.3.0-SNAPSHOT.jar:/home/runner/.m2/repository/org/apache/ozone/hdds-container-service/1.3.0-SNAPSHOT/hdds-container-service-1.3.0-SNAPSHOT.jar:/home/runner/.m2/repository/org/apache/ozone/hdds-hadoop-dependency-server/1.3.0-SNAPSHOT/hdds-hadoop-dependency-server-1.3.0-SNAPSHOT.jar:/home/runner/.m2/repository/org/apache/hadoop/hadoop-hdfs/3.3.1/hadoop-hdfs-3.3.1.jar:/home/runner/.m2/repository/org/apache/ozone/hdds-server-framework/1.3.0-SNAPSHOT/hdds-server-framework-1.3.0-SNAPSHOT.jar:/home/runner/.m2/repository/org/apache/ozone/hdds-interface-server/1.3.0-SNAPSHOT/hdds-interface-server-1.3.0-SNAPSHOT.jar:/home/runner/.m2/repository/org/apache/logging/log4j/log4j-core/2.17.1/log4j-core-2.17.1.jar:/home/runner/.m2/repository/com/lmax/disruptor/3.4.2/disruptor-3.4.2.jar:/home/runner/.m2/repository/org/eclipse/jetty/jetty-servlet/9.4.43.v20210629/jetty-servlet-9.4.43.v20210629.jar:/home/runner/.m2/repository/org/eclipse/jetty/jetty-security/9.4.43.v20210629/jetty-security-9.4.43.v20210629.jar:/home/runner/.m2/repository/org/rocksdb/rocksdbjni/7.4.5/rocksdbjni-7.4.5.jar:/home/runner/.m2/repository/io/prometheus/simpleclient_dropwizard/0.7.0/simpleclient_dropwizard-0.7.0.jar:/home/runner/.m2/repository/io/prometheus/simpleclient/0.7.0/simpleclient-0.7.0.jar:/home/runner/.m2/repository/io/prometheus/simpleclient_common/0.7.0/simpleclient_common-0.7.0.jar:/home/runner/.m2/repository/io/dropwizard/metrics/metrics-core/3.2.4/metrics-core-3.2.4.jar:/home/runner/.m2/repository/org/apache/hadoop/hadoop-hdfs-client/3.3.1/hadoop-hdfs-client-3.3.1.jar:/home/runner/.m2/repository/org/bouncycastle/bcprov-jdk15on/1.67/bcprov-jdk15on-1.67.jar:/home/runner/.m2/repository/com/google/protobuf/protobuf-java/2.5.0/protobuf-java-2.5.0.jar:/home/runner/.m2/repository/org/apache/ozone/ozone-manager/1.3.0-SNAPSHOT/ozone-manager-1.3.0-SNAPSHOT.jar:/home/runner/.m2/repository/org/aspectj/aspectjrt/1.9.7/aspectjrt-1.9.7.jar:/home/runner/.m2/repository/org/aspectj/aspectjweaver/1.9.7/aspectjweaver-1.9.7.jar:/home/runner/.m2/repository/org/apache/ozone/hdds-interface-client/1.3.0-SNAPSHOT/hdds-interface-client-1.3.0-SNAPSHOT.jar:/home/runner/.m2/repository/org/apache/hadoop/thirdparty/hadoop-shaded-protobuf_3_7/1.1.1/hadoop-shaded-protobuf_3_7-1.1.1.jar:/home/runner/.m2/repository/org/apache/ozone/ozone-interface-storage/1.3.0-SNAPSHOT/ozone-interface-storage-1.3.0-SNAPSHOT.jar:/home/runner/.m2/repository/org/reflections/reflections/0.9.11/reflections-0.9.11.jar:/home/runner/.m2/repository/com/sun/jersey/jersey-client/1.19/jersey-client-1.19.jar:/home/runner/.m2/repository/org/apache/ranger/ranger-intg/2.3.0/ranger-intg-2.3.0.jar:/home/runner/.m2/repository/org/apache/ranger/ranger-plugins-common/2.3.0/ranger-plugins-common-2.3.0.jar:/home/runner/.m2/repository/commons-lang/commons-lang/2.6/commons-lang-2.6.jar:/home/runner/.m2/repository/org/codehaus/jackson/jackson-jaxrs/1.9.13/jackson-jaxrs-1.9.13.jar:/home/runner/.m2/repository/org/apache/ranger/ranger-plugins-cred/2.3.0/ranger-plugins-cred-2.3.0.jar:/home/runner/.m2/repository/org/apache/ranger/ranger-plugins-audit/2.3.0/ranger-plugins-audit-2.3.0.jar:/home/runner/.m2/repository/org/eclipse/jetty/jetty-client/9.4.31.v20200723/jetty-client-9.4.31.v20200723.jar:/home/runner/.m2/repository/org/apache/httpcomponents/httpmime/4.5.6/httpmime-4.5.6.jar:/home/runner/.m2/repository/org/apache/httpcomponents/httpcore-nio/4.4.6/httpcore-nio-4.4.6.jar:/home/runner/.m2/repository/org/apache/httpcomponents/httpasyncclient/4.1.3/httpasyncclient-4.1.3.jar:/home/runner/.m2/repository/com/carrotsearch/hppc/0.8.0/hppc-0.8.0.jar:/home/runner/.m2/repository/org/apache/orc/orc-core/1.5.8/orc-core-1.5.8.jar:/home/runner/.m2/repository/net/java/dev/jna/jna/5.2.0/jna-5.2.0.jar:/home/runner/.m2/repository/net/java/dev/jna/jna-platform/5.2.0/jna-platform-5.2.0.jar:/home/runner/.m2/repository/com/kstruct/gethostname4j/0.0.2/gethostname4j-0.0.2.jar:/home/runner/.m2/repository/org/apache/ranger/ranger-plugin-classloader/2.3.0/ranger-plugin-classloader-2.3.0.jar:/home/runner/.m2/repository/org/apache/hadoop/hadoop-minikdc/3.3.1/hadoop-minikdc-3.3.1.jar:/home/runner/.m2/repository/org/apache/kerby/kerb-simplekdc/1.0.1/kerb-simplekdc-1.0.1.jar:/home/runner/.m2/repository/org/apache/kerby/kerb-client/1.0.1/kerb-client-1.0.1.jar:/home/runner/.m2/repository/org/apache/kerby/kerby-config/1.0.1/kerby-config-1.0.1.jar:/home/runner/.m2/repository/org/apache/kerby/kerb-common/1.0.1/kerb-common-1.0.1.jar:/home/runner/.m2/repository/org/apache/kerby/kerb-crypto/1.0.1/kerb-crypto-1.0.1.jar:/home/runner/.m2/repository/org/apache/kerby/kerb-util/1.0.1/kerb-util-1.0.1.jar:/home/runner/.m2/repository/org/apache/kerby/token-provider/1.0.1/token-provider-1.0.1.jar:/home/runner/.m2/repository/org/apache/kerby/kerb-admin/1.0.1/kerb-admin-1.0.1.jar:/home/runner/.m2/repository/org/apache/kerby/kerb-server/1.0.1/kerb-server-1.0.1.jar:/home/runner/.m2/repository/org/apache/kerby/kerb-identity/1.0.1/kerb-identity-1.0.1.jar:/home/runner/.m2/repository/org/apache/kerby/kerby-xdr/1.0.1/kerby-xdr-1.0.1.jar:/home/runner/.m2/repository/org/slf4j/slf4j-log4j12/1.7.30/slf4j-log4j12-1.7.30.jar:/home/runner/.m2/repository/org/apache/ozone/ozone-s3gateway/1.3.0-SNAPSHOT/ozone-s3gateway-1.3.0-SNAPSHOT.jar:/home/runner/.m2/repository/org/javassist/javassist/3.21.0-GA/javassist-3.21.0-GA.jar:/home/runner/.m2/repository/org/jboss/weld/servlet/weld-servlet/2.4.7.Final/weld-servlet-2.4.7.Final.jar:/home/runner/.m2/repository/org/glassfish/jersey/containers/jersey-container-servlet-core/2.33/jersey-container-servlet-core-2.33.jar:/home/runner/.m2/repository/org/glassfish/hk2/external/jakarta.inject/2.6.1/jakarta.inject-2.6.1.jar:/home/runner/.m2/repository/org/glassfish/jersey/core/jersey-common/2.33/jersey-common-2.33.jar:/home/runner/.m2/repository/jakarta/ws/rs/jakarta.ws.rs-api/2.1.6/jakarta.ws.rs-api-2.1.6.jar:/home/runner/.m2/repository/org/glassfish/jersey/ext/cdi/jersey-cdi1x/2.33/jersey-cdi1x-2.33.jar:/home/runner/.m2/repository/org/glassfish/jersey/inject/jersey-hk2/2.33/jersey-hk2-2.33.jar:/home/runner/.m2/repository/org/glassfish/hk2/hk2-locator/2.6.1/hk2-locator-2.6.1.jar:/home/runner/.m2/repository/org/glassfish/jersey/media/jersey-media-jaxb/2.33/jersey-media-jaxb-2.33.jar:/home/runner/.m2/repository/org/glassfish/hk2/osgi-resource-locator/1.0.3/osgi-resource-locator-1.0.3.jar:/home/runner/.m2/repository/org/glassfish/hk2/hk2-api/2.5.0/hk2-api-2.5.0.jar:/home/runner/.m2/repository/org/glassfish/hk2/hk2-utils/2.5.0/hk2-utils-2.5.0.jar:/home/runner/.m2/repository/org/glassfish/hk2/external/aopalliance-repackaged/2.5.0/aopalliance-repackaged-2.5.0.jar:/home/runner/.m2/repository/com/fasterxml/jackson/dataformat/jackson-dataformat-xml/2.13.2/jackson-dataformat-xml-2.13.2.jar:/home/runner/.m2/repository/com/fasterxml/jackson/core/jackson-core/2.13.2/jackson-core-2.13.2.jar:/home/runner/.m2/repository/org/codehaus/woodstox/stax2-api/3.1.4/stax2-api-3.1.4.jar:/home/runner/.m2/repository/com/fasterxml/woodstox/woodstox-core/5.0.3/woodstox-core-5.0.3.jar:/home/runner/.m2/repository/com/fasterxml/jackson/module/jackson-module-jaxb-annotations/2.13.2/jackson-module-jaxb-annotations-2.13.2.jar:/home/runner/.m2/repository/jakarta/xml/bind/jakarta.xml.bind-api/2.3.3/jakarta.xml.bind-api-2.3.3.jar:/home/runner/.m2/repository/jakarta/activation/jakarta.activation-api/1.2.1/jakarta.activation-api-1.2.1.jar:/home/runner/.m2/repository/javax/enterprise/cdi-api/1.2/cdi-api-1.2.jar:/home/runner/.m2/repository/javax/el/javax.el-api/3.0.0/javax.el-api-3.0.0.jar:/home/runner/.m2/repository/javax/interceptor/javax.interceptor-api/1.2/javax.interceptor-api-1.2.jar:/home/runner/.m2/repository/javax/inject/javax.inject/1/javax.inject-1.jar:/home/runner/.m2/repository/javax/xml/bind/jaxb-api/2.3.0/jaxb-api-2.3.0.jar:/home/runner/.m2/repository/org/glassfish/jaxb/jaxb-runtime/2.3.0.1/jaxb-runtime-2.3.0.1.jar:/home/runner/.m2/repository/org/glassfish/jaxb/jaxb-core/2.3.0.1/jaxb-core-2.3.0.1.jar:/home/runner/.m2/repository/org/glassfish/jaxb/txw2/2.3.0.1/txw2-2.3.0.1.jar:/home/runner/.m2/repository/com/sun/istack/istack-commons-runtime/3.0.5/istack-commons-runtime-3.0.5.jar:/home/runner/.m2/repository/org/jvnet/staxex/stax-ex/1.7.8/stax-ex-1.7.8.jar:/home/runner/.m2/repository/com/sun/xml/fastinfoset/FastInfoset/1.2.13/FastInfoset-1.2.13.jar:/home/runner/.m2/repository/javax/activation/activation/1.1.1/activation-1.1.1.jar:/home/runner/.m2/repository/io/grpc/grpc-protobuf/1.48.1/grpc-protobuf-1.48.1.jar:/home/runner/.m2/repository/io/grpc/grpc-api/1.48.1/grpc-api-1.48.1.jar:/home/runner/.m2/repository/io/grpc/grpc-context/1.48.1/grpc-context-1.48.1.jar:/home/runner/.m2/repository/com/google/api/grpc/proto-google-common-protos/2.9.0/proto-google-common-protos-2.9.0.jar:/home/runner/.m2/repository/io/grpc/grpc-protobuf-lite/1.48.1/grpc-protobuf-lite-1.48.1.jar:/home/runner/.m2/repository/io/grpc/grpc-stub/1.48.1/grpc-stub-1.48.1.jar:/home/runner/.m2/repository/io/netty/netty-transport/4.1.79.Final/netty-transport-4.1.79.Final.jar:/home/runner/.m2/repository/io/netty/netty-resolver/4.1.79.Final/netty-resolver-4.1.79.Final.jar:/home/runner/.m2/repository/org/apache/ozone/ozone-csi/1.3.0-SNAPSHOT/ozone-csi-1.3.0-SNAPSHOT.jar:/home/runner/.m2/repository/com/google/protobuf/protobuf-java-util/3.19.2/protobuf-java-util-3.19.2.jar:/home/runner/.m2/repository/com/google/code/gson/gson/2.9.0/gson-2.9.0.jar:/home/runner/.m2/repository/org/apache/ozone/hdds-config/1.3.0-SNAPSHOT/hdds-config-1.3.0-SNAPSHOT.jar:/home/runner/.m2/repository/io/netty/netty-transport-native-epoll/4.1.79.Final/netty-transport-native-epoll-4.1.79.Final-linux-x86_64.jar:/home/runner/.m2/repository/io/netty/netty-transport-classes-epoll/4.1.79.Final/netty-transport-classes-epoll-4.1.79.Final.jar:/home/runner/.m2/repository/io/netty/netty-transport-native-unix-common/4.1.79.Final/netty-transport-native-unix-common-4.1.79.Final.jar:/home/runner/.m2/repository/org/apache/ozone/ozone-recon/1.3.0-SNAPSHOT/ozone-recon-1.3.0-SNAPSHOT.jar:/home/runner/.m2/repository/org/apache/ozone/ozone-reconcodegen/1.3.0-SNAPSHOT/ozone-reconcodegen-1.3.0-SNAPSHOT.jar:/home/runner/.m2/repository/com/google/inject/extensions/guice-multibindings/4.0/guice-multibindings-4.0.jar:/home/runner/.m2/repository/com/google/inject/guice/4.0/guice-4.0.jar:/home/runner/.m2/repository/aopalliance/aopalliance/1.0/aopalliance-1.0.jar:/home/runner/.m2/repository/com/google/inject/extensions/guice-assistedinject/4.0/guice-assistedinject-4.0.jar:/home/runner/.m2/repository/com/google/inject/extensions/guice-servlet/4.0/guice-servlet-4.0.jar:/home/runner/.m2/repository/org/glassfish/jersey/containers/jersey-container-servlet/2.33/jersey-container-servlet-2.33.jar:/home/runner/.m2/repository/org/glassfish/hk2/guice-bridge/2.5.0/guice-bridge-2.5.0.jar:/home/runner/.m2/repository/org/glassfish/jersey/core/jersey-server/2.33/jersey-server-2.33.jar:/home/runner/.m2/repository/org/glassfish/jersey/core/jersey-client/2.33/jersey-client-2.33.jar:/home/runner/.m2/repository/jakarta/annotation/jakarta.annotation-api/1.3.5/jakarta.annotation-api-1.3.5.jar:/home/runner/.m2/repository/jakarta/validation/jakarta.validation-api/2.0.2/jakarta.validation-api-2.0.2.jar:/home/runner/.m2/repository/org/glassfish/jersey/media/jersey-media-json-jackson/2.33/jersey-media-json-jackson-2.33.jar:/home/runner/.m2/repository/org/glassfish/jersey/ext/jersey-entity-filtering/2.33/jersey-entity-filtering-2.33.jar:/home/runner/.m2/repository/org/jooq/jooq/3.11.10/jooq-3.11.10.jar:/home/runner/.m2/repository/org/jooq/jooq-meta/3.11.10/jooq-meta-3.11.10.jar:/home/runner/.m2/repository/org/jooq/jooq-codegen/3.11.10/jooq-codegen-3.11.10.jar:/home/runner/.m2/repository/com/jolbox/bonecp/0.8.0.RELEASE/bonecp-0.8.0.RELEASE.jar:/home/runner/.m2/repository/org/apache/derby/derby/10.14.2.0/derby-10.14.2.0.jar:/home/runner/.m2/repository/org/xerial/sqlite-jdbc/3.25.2/sqlite-jdbc-3.25.2.jar:/home/runner/.m2/repository/org/springframework/spring-jdbc/5.2.20.RELEASE/spring-jdbc-5.2.20.RELEASE.jar:/home/runner/.m2/repository/org/springframework/spring-beans/5.2.20.RELEASE/spring-beans-5.2.20.RELEASE.jar:/home/runner/.m2/repository/org/springframework/spring-core/5.2.20.RELEASE/spring-core-5.2.20.RELEASE.jar:/home/runner/.m2/repository/org/springframework/spring-jcl/5.2.20.RELEASE/spring-jcl-5.2.20.RELEASE.jar:/home/runner/.m2/repository/org/springframework/spring-tx/5.2.20.RELEASE/spring-tx-5.2.20.RELEASE.jar:/home/runner/.m2/repository/org/apache/ozone/ozone-client/1.3.0-SNAPSHOT/ozone-client-1.3.0-SNAPSHOT.jar:/home/runner/.m2/repository/org/apache/ozone/hdds-erasurecode/1.3.0-SNAPSHOT/hdds-erasurecode-1.3.0-SNAPSHOT.jar:/home/runner/.m2/repository/com/github/spotbugs/spotbugs-annotations/3.1.12/spotbugs-annotations-3.1.12.jar:/home/runner/.m2/repository/org/apache/ozone/ozone-filesystem/1.3.0-SNAPSHOT/ozone-filesystem-1.3.0-SNAPSHOT.jar:/home/runner/.m2/repository/org/apache/ozone/ozone-filesystem-common/1.3.0-SNAPSHOT/ozone-filesystem-common-1.3.0-SNAPSHOT.jar:/home/runner/.m2/repository/org/apache/ozone/ozone-tools/1.3.0-SNAPSHOT/ozone-tools-1.3.0-SNAPSHOT.jar:/home/runner/.m2/repository/org/apache/ratis/ratis-tools/2.3.0/ratis-tools-2.3.0.jar:/home/runner/.m2/repository/com/amazonaws/aws-java-sdk-core/1.12.261/aws-java-sdk-core-1.12.261.jar:/home/runner/.m2/repository/org/apache/httpcomponents/httpclient/4.5.13/httpclient-4.5.13.jar:/home/runner/.m2/repository/org/apache/httpcomponents/httpcore/4.4.13/httpcore-4.4.13.jar:/home/runner/.m2/repository/software/amazon/ion/ion-java/1.0.2/ion-java-1.0.2.jar:/home/runner/.m2/repository/com/fasterxml/jackson/dataformat/jackson-dataformat-cbor/2.13.2/jackson-dataformat-cbor-2.13.2.jar:/home/runner/.m2/repository/joda-time/joda-time/2.8.1/joda-time-2.8.1.jar:/home/runner/.m2/repository/com/amazonaws/aws-java-sdk-s3/1.12.261/aws-java-sdk-s3-1.12.261.jar:/home/runner/.m2/repository/com/amazonaws/aws-java-sdk-kms/1.12.261/aws-java-sdk-kms-1.12.261.jar:/home/runner/.m2/repository/com/amazonaws/jmespath-java/1.12.261/jmespath-java-1.12.261.jar:/home/runner/.m2/repository/org/kohsuke/metainf-services/metainf-services/1.8/metainf-services-1.8.jar:/home/runner/.m2/repository/org/apache/ozone/hdds-tools/1.3.0-SNAPSHOT/hdds-tools-1.3.0-SNAPSHOT.jar:/home/runner/.m2/repository/commons-cli/commons-cli/1.2/commons-cli-1.2.jar:/home/runner/.m2/repository/org/apache/commons/commons-lang3/3.7/commons-lang3-3.7.jar:/home/runner/.m2/repository/org/apache/ozone/ozone-manager/1.3.0-SNAPSHOT/ozone-manager-1.3.0-SNAPSHOT-tests.jar:/home/runner/.m2/repository/org/apache/ozone/hdds-common/1.3.0-SNAPSHOT/hdds-common-1.3.0-SNAPSHOT-tests.jar:/home/runner/.m2/repository/org/apache/ozone/hdds-hadoop-dependency-client/1.3.0-SNAPSHOT/hdds-hadoop-dependency-client-1.3.0-SNAPSHOT.jar:/home/runner/.m2/repository/info/picocli/picocli/4.6.1/picocli-4.6.1.jar:/home/runner/.m2/repository/com/fasterxml/jackson/core/jackson-annotations/2.13.2/jackson-annotations-2.13.2.jar:/home/runner/.m2/repository/com/fasterxml/jackson/datatype/jackson-datatype-jsr310/2.13.2/jackson-datatype-jsr310-2.13.2.jar:/home/runner/.m2/repository/org/apache/ozone/hdds-annotation-processing/1.3.0-SNAPSHOT/hdds-annotation-processing-1.3.0-SNAPSHOT.jar:/home/runner/.m2/repository/javax/annotation/javax.annotation-api/1.2/javax.annotation-api-1.2.jar:/home/runner/.m2/repository/org/apache/ratis/ratis-server/2.3.0/ratis-server-2.3.0.jar:/home/runner/.m2/repository/org/apache/ratis/ratis-client/2.3.0/ratis-client-2.3.0.jar:/home/runner/.m2/repository/org/apache/ratis/ratis-server-api/2.3.0/ratis-server-api-2.3.0.jar:/home/runner/.m2/repository/org/apache/ratis/ratis-metrics/2.3.0/ratis-metrics-2.3.0.jar:/home/runner/.m2/repository/org/apache/ratis/ratis-netty/2.3.0/ratis-netty-2.3.0.jar:/home/runner/.m2/repository/org/apache/ratis/ratis-grpc/2.3.0/ratis-grpc-2.3.0.jar:/home/runner/.m2/repository/org/apache/logging/log4j/log4j-api/2.17.1/log4j-api-2.17.1.jar:/home/runner/.m2/repository/org/apache/commons/commons-pool2/2.6.0/commons-pool2-2.6.0.jar:/home/runner/.m2/repository/org/bouncycastle/bcpkix-jdk15on/1.67/bcpkix-jdk15on-1.67.jar:/home/runner/.m2/repository/commons-validator/commons-validator/1.6/commons-validator-1.6.jar:/home/runner/.m2/repository/commons-beanutils/commons-beanutils/1.9.4/commons-beanutils-1.9.4.jar:/home/runner/.m2/repository/commons-digester/commons-digester/1.8.1/commons-digester-1.8.1.jar:/home/runner/.m2/repository/commons-collections/commons-collections/3.2.2/commons-collections-3.2.2.jar:/home/runner/.m2/repository/io/jaegertracing/jaeger-client/1.6.0/jaeger-client-1.6.0.jar:/home/runner/.m2/repository/io/jaegertracing/jaeger-thrift/1.6.0/jaeger-thrift-1.6.0.jar:/home/runner/.m2/repository/org/apache/thrift/libthrift/0.14.1/libthrift-0.14.1.jar:/home/runner/.m2/repository/com/squareup/okhttp3/okhttp/4.9.0/okhttp-4.9.0.jar:/home/runner/.m2/repository/com/squareup/okio/okio/2.8.0/okio-2.8.0.jar:/home/runner/.m2/repository/io/jaegertracing/jaeger-core/1.6.0/jaeger-core-1.6.0.jar:/home/runner/.m2/repository/io/jaegertracing/jaeger-tracerresolver/1.6.0/jaeger-tracerresolver-1.6.0.jar:/home/runner/.m2/repository/io/opentracing/contrib/opentracing-tracerresolver/0.1.8/opentracing-tracerresolver-0.1.8.jar:/home/runner/.m2/repository/org/jetbrains/kotlin/kotlin-stdlib/1.6.21/kotlin-stdlib-1.6.21.jar:/home/runner/.m2/repository/org/jetbrains/kotlin/kotlin-stdlib-common/1.6.21/kotlin-stdlib-common-1.6.21.jar:/home/runner/.m2/repository/org/jetbrains/annotations/13.0/annotations-13.0.jar:/home/runner/.m2/repository/io/opentracing/opentracing-util/0.33.0/opentracing-util-0.33.0.jar:/home/runner/.m2/repository/io/opentracing/opentracing-api/0.33.0/opentracing-api-0.33.0.jar:/home/runner/.m2/repository/io/opentracing/opentracing-noop/0.33.0/opentracing-noop-0.33.0.jar:/home/runner/.m2/repository/org/yaml/snakeyaml/1.26/snakeyaml-1.26.jar:/home/runner/.m2/repository/org/apache/ozone/hdds-interface-admin/1.3.0-SNAPSHOT/hdds-interface-admin-1.3.0-SNAPSHOT.jar:/home/runner/.m2/repository/junit/junit/4.13.1/junit-4.13.1.jar:/home/runner/.m2/repository/org/hamcrest/hamcrest-core/1.3/hamcrest-core-1.3.jar:/home/runner/.m2/repository/org/junit/jupiter/junit-jupiter-api/5.8.2/junit-jupiter-api-5.8.2.jar:/home/runner/.m2/repository/org/opentest4j/opentest4j/1.2.0/opentest4j-1.2.0.jar:/home/runner/.m2/repository/org/junit/platform/junit-platform-commons/1.8.2/junit-platform-commons-1.8.2.jar:/home/runner/.m2/repository/org/apiguardian/apiguardian-api/1.1.2/apiguardian-api-1.1.2.jar:/home/runner/.m2/repository/org/junit/jupiter/junit-jupiter-params/5.8.2/junit-jupiter-params-5.8.2.jar:/home/runner/.m2/repository/org/junit/jupiter/junit-jupiter-migrationsupport/5.8.2/junit-jupiter-migrationsupport-5.8.2.jar:/home/runner/.m2/repository/org/junit/jupiter/junit-jupiter-engine/5.8.2/junit-jupiter-engine-5.8.2.jar:/home/runner/.m2/repository/org/junit/platform/junit-platform-engine/1.8.2/junit-platform-engine-1.8.2.jar:/home/runner/.m2/repository/org/junit/vintage/junit-vintage-engine/5.8.2/junit-vintage-engine-5.8.2.jar:/home/runner/.m2/repository/org/junit/platform/junit-platform-launcher/1.8.2/junit-platform-launcher-1.8.2.jar:/home/runner/.m2/repository/org/mockito/mockito-core/2.28.2/mockito-core-2.28.2.jar:/home/runner/.m2/repository/net/bytebuddy/byte-buddy/1.9.10/byte-buddy-1.9.10.jar:/home/runner/.m2/repository/net/bytebuddy/byte-buddy-agent/1.9.10/byte-buddy-agent-1.9.10.jar:/home/runner/.m2/repository/org/objenesis/objenesis/1.0/objenesis-1.0.jar:/home/runner/.m2/repository/org/apache/hadoop/hadoop-kms/3.3.1/hadoop-kms-3.3.1.jar:/home/runner/.m2/repository/org/apache/hadoop/hadoop-auth/3.3.1/hadoop-auth-3.3.1.jar:/home/runner/.m2/repository/com/nimbusds/nimbus-jose-jwt/7.9/nimbus-jose-jwt-7.9.jar:/home/runner/.m2/repository/com/github/stephenc/jcip/jcip-annotations/1.0-1/jcip-annotations-1.0-1.jar:/home/runner/.m2/repository/net/minidev/json-smart/2.4.7/json-smart-2.4.7.jar:/home/runner/.m2/repository/net/minidev/accessors-smart/2.4.7/accessors-smart-2.4.7.jar:/home/runner/.m2/repository/org/ow2/asm/asm/5.0.4/asm-5.0.4.jar:/home/runner/.m2/repository/org/apache/zookeeper/zookeeper/3.5.6/zookeeper-3.5.6.jar:/home/runner/.m2/repository/org/apache/zookeeper/zookeeper-jute/3.5.6/zookeeper-jute-3.5.6.jar:/home/runner/.m2/repository/org/apache/yetus/audience-annotations/0.5.0/audience-annotations-0.5.0.jar:/home/runner/.m2/repository/org/apache/curator/curator-framework/4.2.0/curator-framework-4.2.0.jar:/home/runner/.m2/repository/org/apache/hadoop/thirdparty/hadoop-shaded-guava/1.1.1/hadoop-shaded-guava-1.1.1.jar:/home/runner/.m2/repository/com/sun/jersey/jersey-core/1.19/jersey-core-1.19.jar:/home/runner/.m2/repository/javax/ws/rs/jsr311-api/1.1.1/jsr311-api-1.1.1.jar:/home/runner/.m2/repository/com/sun/jersey/jersey-server/1.19/jersey-server-1.19.jar:/home/runner/.m2/repository/javax/servlet/javax.servlet-api/3.1.0/javax.servlet-api-3.1.0.jar:/home/runner/.m2/repository/org/eclipse/jetty/jetty-server/9.4.43.v20210629/jetty-server-9.4.43.v20210629.jar:/home/runner/.m2/repository/org/eclipse/jetty/jetty-http/9.4.43.v20210629/jetty-http-9.4.43.v20210629.jar:/home/runner/.m2/repository/org/eclipse/jetty/jetty-io/9.4.43.v20210629/jetty-io-9.4.43.v20210629.jar:/home/runner/.m2/repository/org/eclipse/jetty/jetty-webapp/9.4.43.v20210629/jetty-webapp-9.4.43.v20210629.jar:/home/runner/.m2/repository/org/eclipse/jetty/jetty-xml/9.4.43.v20210629/jetty-xml-9.4.43.v20210629.jar:/home/runner/.m2/repository/org/apache/hadoop/hadoop-common/3.3.1/hadoop-common-3.3.1.jar:/home/runner/.m2/repository/org/apache/commons/commons-math3/3.1.1/commons-math3-3.1.1.jar:/home/runner/.m2/repository/commons-net/commons-net/3.6/commons-net-3.6.jar:/home/runner/.m2/repository/com/sun/jersey/jersey-servlet/1.19/jersey-servlet-1.19.jar:/home/runner/.m2/repository/com/sun/jersey/jersey-json/1.19/jersey-json-1.19.jar:/home/runner/.m2/repository/org/codehaus/jettison/jettison/1.1/jettison-1.1.jar:/home/runner/.m2/repository/com/sun/xml/bind/jaxb-impl/2.2.3-1/jaxb-impl-2.2.3-1.jar:/home/runner/.m2/repository/org/codehaus/jackson/jackson-xc/1.9.2/jackson-xc-1.9.2.jar:/home/runner/.m2/repository/org/apache/commons/commons-configuration2/2.1.1/commons-configuration2-2.1.1.jar:/home/runner/.m2/repository/org/apache/commons/commons-text/1.4/commons-text-1.4.jar:/home/runner/.m2/repository/com/google/re2j/re2j/1.1/re2j-1.1.jar:/home/runner/.m2/repository/com/jcraft/jsch/0.1.54/jsch-0.1.54.jar:/home/runner/.m2/repository/org/apache/curator/curator-client/4.2.0/curator-client-4.2.0.jar:/home/runner/.m2/repository/org/apache/curator/curator-recipes/4.2.0/curator-recipes-4.2.0.jar:/home/runner/.m2/repository/org/apache/kerby/kerb-core/1.0.1/kerb-core-1.0.1.jar:/home/runner/.m2/repository/org/apache/kerby/kerby-pkix/1.0.1/kerby-pkix-1.0.1.jar:/home/runner/.m2/repository/org/apache/kerby/kerby-asn1/1.0.1/kerby-asn1-1.0.1.jar:/home/runner/.m2/repository/org/apache/kerby/kerby-util/1.0.1/kerby-util-1.0.1.jar:/home/runner/.m2/repository/dnsjava/dnsjava/2.1.7/dnsjava-2.1.7.jar:/home/runner/.m2/repository/org/xerial/snappy/snappy-java/1.1.8.2/snappy-java-1.1.8.2.jar:/home/runner/.m2/repository/org/slf4j/jul-to-slf4j/1.7.30/jul-to-slf4j-1.7.30.jar:/home/runner/.m2/repository/org/eclipse/jetty/jetty-util/9.4.43.v20210629/jetty-util-9.4.43.v20210629.jar:/home/runner/.m2/repository/com/fasterxml/jackson/core/jackson-databind/2.13.2.2/jackson-databind-2.13.2.2.jar:/home/runner/.m2/repository/org/apache/hadoop/hadoop-kms/3.3.1/hadoop-kms-3.3.1-tests.jar:/home/runner/.m2/repository/org/apache/ozone/hdds-server-scm/1.3.0-SNAPSHOT/hdds-server-scm-1.3.0-SNAPSHOT-tests.jar:/home/runner/.m2/repository/org/apache/ozone/hdds-container-service/1.3.0-SNAPSHOT/hdds-container-service-1.3.0-SNAPSHOT-tests.jar:/home/runner/.m2/repository/commons-codec/commons-codec/1.11/commons-codec-1.11.jar:/home/runner/.m2/repository/io/netty/netty-codec/4.1.79.Final/netty-codec-4.1.79.Final.jar:/home/runner/.m2/repository/io/netty/netty-handler/4.1.79.Final/netty-handler-4.1.79.Final.jar:/home/runner/.m2/repository/org/apache/ozone/hdds-hadoop-dependency-test/1.3.0-SNAPSHOT/hdds-hadoop-dependency-test-1.3.0-SNAPSHOT.jar:/home/runner/.m2/repository/org/apache/hadoop/hadoop-common/3.3.1/hadoop-common-3.3.1-tests.jar:/home/runner/.m2/repository/org/assertj/assertj-core/3.12.2/assertj-core-3.12.2.jar:/home/runner/.m2/repository/org/apache/hadoop/hadoop-hdfs/3.3.1/hadoop-hdfs-3.3.1-tests.jar:/home/runner/.m2/repository/org/eclipse/jetty/jetty-util-ajax/9.4.43.v20210629/jetty-util-ajax-9.4.43.v20210629.jar:/home/runner/.m2/repository/commons-daemon/commons-daemon/1.0.13/commons-daemon-1.0.13.jar:/home/runner/.m2/repository/io/netty/netty/3.10.6.Final/netty-3.10.6.Final.jar:/home/runner/.m2/repository/io/netty/netty-all/4.1.79.Final/netty-all-4.1.79.Final.jar:/home/runner/.m2/repository/io/netty/netty-codec-dns/4.1.79.Final/netty-codec-dns-4.1.79.Final.jar:/home/runner/.m2/repository/io/netty/netty-codec-haproxy/4.1.79.Final/netty-codec-haproxy-4.1.79.Final.jar:/home/runner/.m2/repository/io/netty/netty-codec-memcache/4.1.79.Final/netty-codec-memcache-4.1.79.Final.jar:/home/runner/.m2/repository/io/netty/netty-codec-mqtt/4.1.79.Final/netty-codec-mqtt-4.1.79.Final.jar:/home/runner/.m2/repository/io/netty/netty-codec-redis/4.1.79.Final/netty-codec-redis-4.1.79.Final.jar:/home/runner/.m2/repository/io/netty/netty-codec-smtp/4.1.79.Final/netty-codec-smtp-4.1.79.Final.jar:/home/runner/.m2/repository/io/netty/netty-codec-stomp/4.1.79.Final/netty-codec-stomp-4.1.79.Final.jar:/home/runner/.m2/repository/io/netty/netty-codec-xml/4.1.79.Final/netty-codec-xml-4.1.79.Final.jar:/home/runner/.m2/repository/io/netty/netty-resolver-dns/4.1.79.Final/netty-resolver-dns-4.1.79.Final.jar:/home/runner/.m2/repository/io/netty/netty-transport-rxtx/4.1.79.Final/netty-transport-rxtx-4.1.79.Final.jar:/home/runner/.m2/repository/io/netty/netty-transport-sctp/4.1.79.Final/netty-transport-sctp-4.1.79.Final.jar:/home/runner/.m2/repository/io/netty/netty-transport-udt/4.1.79.Final/netty-transport-udt-4.1.79.Final.jar:/home/runner/.m2/repository/io/netty/netty-transport-classes-kqueue/4.1.79.Final/netty-transport-classes-kqueue-4.1.79.Final.jar:/home/runner/.m2/repository/io/netty/netty-resolver-dns-classes-macos/4.1.79.Final/netty-resolver-dns-classes-macos-4.1.79.Final.jar:/home/runner/.m2/repository/io/netty/netty-transport-native-epoll/4.1.79.Final/netty-transport-native-epoll-4.1.79.Final-linux-aarch_64.jar:/home/runner/.m2/repository/io/netty/netty-transport-native-kqueue/4.1.79.Final/netty-transport-native-kqueue-4.1.79.Final-osx-x86_64.jar:/home/runner/.m2/repository/io/netty/netty-transport-native-kqueue/4.1.79.Final/netty-transport-native-kqueue-4.1.79.Final-osx-aarch_64.jar:/home/runner/.m2/repository/io/netty/netty-resolver-dns-native-macos/4.1.79.Final/netty-resolver-dns-native-macos-4.1.79.Final-osx-x86_64.jar:/home/runner/.m2/repository/io/netty/netty-resolver-dns-native-macos/4.1.79.Final/netty-resolver-dns-native-macos-4.1.79.Final-osx-aarch_64.jar:/home/runner/.m2/repository/org/apache/htrace/htrace-core4/4.1.0-incubating/htrace-core4-4.1.0-incubating.jar:/home/runner/.m2/repository/org/fusesource/leveldbjni/leveldbjni-all/1.8/leveldbjni-all-1.8.jar:/home/runner/.m2/repository/org/apache/hadoop/hadoop-distcp/3.3.1/hadoop-distcp-3.3.1.jar:/home/runner/.m2/repository/org/apache/hadoop/hadoop-mapreduce-client-jobclient/3.3.1/hadoop-mapreduce-client-jobclient-3.3.1.jar:/home/runner/.m2/repository/org/apache/hadoop/hadoop-mapreduce-client-common/3.3.1/hadoop-mapreduce-client-common-3.3.1.jar:/home/runner/.m2/repository/org/apache/hadoop/hadoop-yarn-common/3.3.1/hadoop-yarn-common-3.3.1.jar:/home/runner/.m2/repository/org/apache/hadoop/hadoop-yarn-api/3.3.1/hadoop-yarn-api-3.3.1.jar:/home/runner/.m2/repository/com/sun/jersey/contribs/jersey-guice/1.19/jersey-guice-1.19.jar:/home/runner/.m2/repository/com/fasterxml/jackson/jaxrs/jackson-jaxrs-json-provider/2.13.2/jackson-jaxrs-json-provider-2.13.2.jar:/home/runner/.m2/repository/com/fasterxml/jackson/jaxrs/jackson-jaxrs-base/2.13.2/jackson-jaxrs-base-2.13.2.jar:/home/runner/.m2/repository/org/apache/hadoop/hadoop-yarn-client/3.3.1/hadoop-yarn-client-3.3.1.jar:/home/runner/.m2/repository/org/eclipse/jetty/websocket/websocket-client/9.4.40.v20210413/websocket-client-9.4.40.v20210413.jar:/home/runner/.m2/repository/org/eclipse/jetty/websocket/websocket-common/9.4.40.v20210413/websocket-common-9.4.40.v20210413.jar:/home/runner/.m2/repository/org/eclipse/jetty/websocket/websocket-api/9.4.40.v20210413/websocket-api-9.4.40.v20210413.jar:/home/runner/.m2/repository/org/jline/jline/3.9.0/jline-3.9.0.jar:/home/runner/.m2/repository/org/apache/hadoop/hadoop-mapreduce-client-core/3.3.1/hadoop-mapreduce-client-core-3.3.1.jar:/home/runner/.m2/repository/org/apache/avro/avro/1.7.7/avro-1.7.7.jar:/home/runner/.m2/repository/org/codehaus/jackson/jackson-core-asl/1.9.13/jackson-core-asl-1.9.13.jar:/home/runner/.m2/repository/org/codehaus/jackson/jackson-mapper-asl/1.9.13/jackson-mapper-asl-1.9.13.jar:/home/runner/.m2/repository/com/thoughtworks/paranamer/paranamer/2.3/paranamer-2.3.jar:/home/runner/.m2/repository/org/apache/hadoop/hadoop-annotations/3.3.1/hadoop-annotations-3.3.1.jar:/opt/hostedtoolcache/jdk/8.0.345/x64/jre/../lib/tools.jar:/home/runner/.m2/repository/org/apache/hadoop/hadoop-distcp/3.3.1/hadoop-distcp-3.3.1-tests.jar:/home/runner/.m2/repository/org/apache/ratis/ratis-common/2.3.0/ratis-common-2.3.0.jar:/home/runner/.m2/repository/org/apache/ratis/ratis-thirdparty-misc/1.0.0/ratis-thirdparty-misc-1.0.0.jar:/home/runner/.m2/repository/org/apache/ratis/ratis-proto/2.3.0/ratis-proto-2.3.0.jar:"/>
    <property name="sun.cpu.endian" value="little"/>
    <property name="user.home" value="/home/runner"/>
    <property name="user.language" value="en"/>
    <property name="java.specification.vendor" value="Oracle Corporation"/>
    <property name="java.home" value="/opt/hostedtoolcache/jdk/8.0.345/x64/jre"/>
    <property name="java.security.krb5.conf" value="/home/runner/work/ozone/ozone/hadoop-ozone/integration-test/target/test-classes/krb5.conf"/>
    <property name="basedir" value="/home/runner/work/ozone/ozone/hadoop-ozone/integration-test"/>
    <property name="file.separator" value="/"/>
    <property name="line.separator" value="&#10;"/>
    <property name="jdk.vendor.version" value="Zulu 8.64.0.19-CA-linux64"/>
    <property name="java.vm.specification.vendor" value="Oracle Corporation"/>
    <property name="java.specification.name" value="Java Platform API Specification"/>
    <property name="java.awt.graphicsenv" value="sun.awt.X11GraphicsEnvironment"/>
    <property name="skip.installnpx" value="true"/>
    <property name="surefire.real.class.path" value="/home/runner/work/ozone/ozone/hadoop-ozone/integration-test/target/surefire/surefirebooter5559007250282547990.jar:/home/runner/.m2/repository/org/jacoco/org.jacoco.agent/0.8.5/org.jacoco.agent-0.8.5-runtime.jar"/>
    <property name="hadoop.log.dir" value="/home/runner/work/ozone/ozone/hadoop-ozone/integration-test/target/log"/>
    <property name="sun.boot.class.path" value="/opt/hostedtoolcache/jdk/8.0.345/x64/jre/lib/resources.jar:/opt/hostedtoolcache/jdk/8.0.345/x64/jre/lib/rt.jar:/opt/hostedtoolcache/jdk/8.0.345/x64/jre/lib/sunrsasign.jar:/opt/hostedtoolcache/jdk/8.0.345/x64/jre/lib/jsse.jar:/opt/hostedtoolcache/jdk/8.0.345/x64/jre/lib/jce.jar:/opt/hostedtoolcache/jdk/8.0.345/x64/jre/lib/charsets.jar:/opt/hostedtoolcache/jdk/8.0.345/x64/jre/lib/jfr.jar:/opt/hostedtoolcache/jdk/8.0.345/x64/jre/lib/cat.jar:/opt/hostedtoolcache/jdk/8.0.345/x64/jre/classes"/>
    <property name="sun.management.compiler" value="HotSpot 64-Bit Tiered Compilers"/>
    <property name="skip.npx" value="true"/>
    <property name="java.runtime.version" value="1.8.0_345-b01"/>
    <property name="java.net.preferIPv4Stack" value="true"/>
    <property name="user.name" value="runner"/>
    <property name="path.separator" value=":"/>
    <property name="java.security.egd" value="file:///dev/urandom"/>
    <property name="os.version" value="5.15.0-1019-azure"/>
    <property name="java.endorsed.dirs" value="/opt/hostedtoolcache/jdk/8.0.345/x64/jre/lib/endorsed"/>
    <property name="java.runtime.name" value="OpenJDK Runtime Environment"/>
    <property name="file.encoding" value="UTF-8"/>
    <property name="java.vm.name" value="OpenJDK 64-Bit Server VM"/>
    <property name="test.build.webapps" value=""/>
    <property name="localRepository" value="/home/runner/.m2/repository"/>
    <property name="jetty.git.hash" value="526006ecfa3af7f1a27ef3a288e2bef7ea9dd7e8"/>
    <property name="java.vendor.url.bug" value="http://www.azul.com/support/"/>
    <property name="java.io.tmpdir" value="/tmp"/>
    <property name="require.test.libhadoop" value=""/>
    <property name="java.version" value="1.8.0_345"/>
    <property name="user.dir" value="/home/runner/work/ozone/ozone/hadoop-ozone/integration-test"/>
    <property name="os.arch" value="amd64"/>
    <property name="java.vm.specification.name" value="Java Virtual Machine Specification"/>
    <property name="test.build.classes" value="/home/runner/work/ozone/ozone/hadoop-ozone/integration-test/target/test-classes"/>
    <property name="java.awt.printerjob" value="sun.print.PSPrinterJob"/>
    <property name="sun.os.patch.level" value="unknown"/>
    <property name="hadoop.tmp.dir" value="/home/runner/work/ozone/ozone/hadoop-ozone/integration-test/target/tmp"/>
    <property name="java.library.path" value="/usr/java/packages/lib/amd64:/usr/lib64:/lib64:/lib:/usr/lib"/>
    <property name="java.vm.info" value="mixed mode"/>
    <property name="java.vendor" value="Azul Systems, Inc."/>
    <property name="java.vm.version" value="25.345-b01"/>
    <property name="java.ext.dirs" value="/opt/hostedtoolcache/jdk/8.0.345/x64/jre/lib/ext:/usr/java/packages/lib/ext"/>
    <property name="sun.io.unicode.encoding" value="UnicodeLittle"/>
    <property name="java.class.version" value="52.0"/>
  </properties>
  <testcase name="testForceBootstrap" classname="org.apache.hadoop.ozone.om.TestAddRemoveOzoneManager" time="76.921">
    <system-out><![CDATA[2022-09-12 01:23:00,801 [main] WARN  server.ServerUtils (ServerUtils.java:getScmDbDir(148)) - ozone.scm.db.dirs is not configured. We recommend adding this setting. Falling back to ozone.metadata.dirs instead.
2022-09-12 01:23:00,829 [main] INFO  ha.SCMHANodeDetails (SCMHANodeDetails.java:loadSCMHAConfig(209)) - ServiceID for StorageContainerManager is scmServiceId
2022-09-12 01:23:00,839 [main] INFO  ha.SCMHANodeDetails (SCMHANodeDetails.java:loadSCMHAConfig(220)) - ServiceID for StorageContainerManager is scmServiceId
2022-09-12 01:23:00,890 [main] INFO  ha.SCMHANodeDetails (SCMHANodeDetails.java:loadSCMHAConfig(307)) - Found matching SCM address with SCMServiceId: scmServiceId, SCMNodeId: scmNode-1, RPC Address: localhost:37003 and Ratis port: 37003
2022-09-12 01:23:00,890 [main] INFO  ha.SCMHANodeDetails (ConfUtils.java:setNodeSpecificConfigs(97)) - Setting configuration key ozone.scm.datanode.address with value of key ozone.scm.datanode.address.scmServiceId.scmNode-1: 127.0.0.1:40693
2022-09-12 01:23:00,891 [main] INFO  ha.SCMHANodeDetails (ConfUtils.java:setNodeSpecificConfigs(97)) - Setting configuration key ozone.scm.block.client.address with value of key ozone.scm.block.client.address.scmServiceId.scmNode-1: 127.0.0.1:35481
2022-09-12 01:23:00,891 [main] INFO  ha.SCMHANodeDetails (ConfUtils.java:setNodeSpecificConfigs(97)) - Setting configuration key ozone.scm.client.address with value of key ozone.scm.client.address.scmServiceId.scmNode-1: 127.0.0.1:42673
2022-09-12 01:23:00,892 [main] INFO  ha.SCMHANodeDetails (ConfUtils.java:setNodeSpecificConfigs(97)) - Setting configuration key ozone.scm.ratis.port with value of key ozone.scm.ratis.port.scmServiceId.scmNode-1: 37003
2022-09-12 01:23:00,892 [main] INFO  ha.SCMHANodeDetails (ConfUtils.java:setNodeSpecificConfigs(97)) - Setting configuration key ozone.scm.grpc.port with value of key ozone.scm.grpc.port.scmServiceId.scmNode-1: 36161
2022-09-12 01:23:00,892 [main] INFO  ha.SCMHANodeDetails (ConfUtils.java:setNodeSpecificConfigs(97)) - Setting configuration key ozone.scm.http-address with value of key ozone.scm.http-address.scmServiceId.scmNode-1: 127.0.0.1:37215
2022-09-12 01:23:00,893 [main] INFO  ha.SCMHANodeDetails (ConfUtils.java:setNodeSpecificConfigs(97)) - Setting configuration key ozone.scm.https-address with value of key ozone.scm.https-address.scmServiceId.scmNode-1: 127.0.0.1:34567
2022-09-12 01:23:00,893 [main] INFO  ha.SCMHANodeDetails (ConfUtils.java:setNodeSpecificConfigs(97)) - Setting configuration key ozone.scm.address with value of key ozone.scm.address.scmServiceId.scmNode-1: 127.0.0.1
2022-09-12 01:23:00,920 [main] WARN  scm.ScmUtils (ScmUtils.java:logWarn(179)) - ConfigKey ozone.scm.block.client.address is deprecated, For configuring different ports for each SCM use PortConfigKey ozone.scm.block.client.port appended with serviceId and nodeId. If want to configure same port configure ozone.scm.block.client.port
2022-09-12 01:23:00,921 [main] WARN  scm.ScmUtils (ScmUtils.java:logWarn(179)) - ConfigKey ozone.scm.client.address is deprecated, For configuring different ports for each SCM use PortConfigKey ozone.scm.client.port appended with serviceId and nodeId. If want to configure same port configure ozone.scm.client.port
2022-09-12 01:23:00,922 [main] WARN  scm.ScmUtils (ScmUtils.java:logWarn(179)) - ConfigKey ozone.scm.datanode.address is deprecated, For configuring different ports for each SCM use PortConfigKey ozone.scm.datanode.port appended with serviceId and nodeId. If want to configure same port configure ozone.scm.datanode.port
2022-09-12 01:23:01,006 [main] INFO  server.RaftServer (ConfUtils.java:logGet(46)) - raft.rpc.type = GRPC (default)
2022-09-12 01:23:01,091 [main] INFO  grpc.GrpcFactory (GrpcFactory.java:checkPooledByteBufAllocatorUseCacheForAllThreads(48)) - PERFORMANCE WARNING: useCacheForAllThreads is true that may cause Netty to create a lot garbage objects and, as a result, trigger GC.
	It is recommended to disable useCacheForAllThreads by setting -Dorg.apache.ratis.thirdparty.io.netty.allocator.useCacheForAllThreads=false in command line.
2022-09-12 01:23:01,095 [main] INFO  grpc.GrpcConfigKeys (ConfUtils.java:logGet(46)) - raft.grpc.admin.port = -1 (default)
2022-09-12 01:23:01,095 [main] INFO  grpc.GrpcConfigKeys (ConfUtils.java:logGet(46)) - raft.grpc.server.port = 37003 (custom)
2022-09-12 01:23:01,096 [main] INFO  grpc.GrpcConfigKeys (ConfUtils.java:logGet(46)) - raft.grpc.client.port = -1 (default)
2022-09-12 01:23:01,096 [main] INFO  grpc.GrpcConfigKeys (ConfUtils.java:logGet(46)) - raft.grpc.server.port = 37003 (custom)
2022-09-12 01:23:01,096 [main] INFO  grpc.GrpcConfigKeys (ConfUtils.java:logGet(46)) - raft.grpc.server.port = 37003 (custom)
2022-09-12 01:23:01,097 [main] INFO  server.GrpcService (ConfUtils.java:logGet(46)) - raft.grpc.message.size.max = 32m (=33554432) (custom)
2022-09-12 01:23:01,098 [main] INFO  server.RaftServerConfigKeys (ConfUtils.java:logGet(46)) - raft.server.log.appender.buffer.byte-limit = 33554432 (custom)
2022-09-12 01:23:01,098 [main] INFO  server.GrpcService (ConfUtils.java:logGet(46)) - raft.grpc.flow.control.window = 1MB (=1048576) (default)
2022-09-12 01:23:01,099 [main] INFO  server.RaftServerConfigKeys (ConfUtils.java:logGet(46)) - raft.server.rpc.request.timeout = 30000ms (custom)
2022-09-12 01:23:01,158 [main] INFO  grpc.GrpcConfigKeys (ConfUtils.java:logGet(46)) - raft.grpc.server.async.request.thread.pool.cached = true (default)
2022-09-12 01:23:01,158 [main] INFO  grpc.GrpcConfigKeys (ConfUtils.java:logGet(46)) - raft.grpc.server.async.request.thread.pool.size = 32 (default)
2022-09-12 01:23:01,437 [main] INFO  impl.DataStreamServerImpl (ConfUtils.java:logGet(46)) - raft.datastream.type = DISABLED (default)
2022-09-12 01:23:01,440 [main] INFO  server.RaftServerConfigKeys (ConfUtils.java:logGet(46)) - raft.server.threadpool.proxy.cached = true (default)
2022-09-12 01:23:01,440 [main] INFO  server.RaftServerConfigKeys (ConfUtils.java:logGet(46)) - raft.server.threadpool.proxy.size = 0 (default)
2022-09-12 01:23:01,441 [main] INFO  server.RaftServerConfigKeys (ConfUtils.java:logGet(46)) - raft.server.rpc.slowness.timeout = 120000ms (custom)
2022-09-12 01:23:01,441 [main] INFO  server.RaftServerConfigKeys (ConfUtils.java:logGet(46)) - raft.server.leaderelection.leader.step-down.wait-time = 10s (default)
2022-09-12 01:23:01,444 [main] INFO  server.RaftServerConfigKeys (ConfUtils.java:logGet(46)) - raft.server.storage.dir = [/home/runner/work/ozone/ozone/hadoop-ozone/integration-test/target/test-dir/MiniOzoneClusterImpl-3d4a976f-5e4d-41d2-99e8-392de73f1c7a/scmNode-1/scm-ha] (custom)
2022-09-12 01:23:01,452 [main] INFO  server.RaftServer (RaftServerProxy.java:addNew(96)) - 2b79d285-0efa-4274-b3fd-87c8ffd2a623: addNew group-392DE73F1C7A:[2b79d285-0efa-4274-b3fd-87c8ffd2a623|rpc:localhost:37003|priority:0] returns group-392DE73F1C7A:java.util.concurrent.CompletableFuture@3ed7821[Not completed]
2022-09-12 01:23:01,468 [pool-2-thread-1] INFO  server.RaftServer$Division (RaftServerImpl.java:<init>(190)) - 2b79d285-0efa-4274-b3fd-87c8ffd2a623: new RaftServerImpl for group-392DE73F1C7A:[2b79d285-0efa-4274-b3fd-87c8ffd2a623|rpc:localhost:37003|priority:0] with SCMStateMachine:uninitialized
2022-09-12 01:23:01,469 [pool-2-thread-1] INFO  server.RaftServerConfigKeys (ConfUtils.java:logGet(46)) - raft.server.rpc.timeout.min = 5000ms (custom)
2022-09-12 01:23:01,469 [pool-2-thread-1] INFO  server.RaftServerConfigKeys (ConfUtils.java:logGet(46)) - raft.server.rpc.timeout.max = 5200ms (custom)
2022-09-12 01:23:01,470 [pool-2-thread-1] INFO  server.RaftServerConfigKeys (ConfUtils.java:logGet(46)) - raft.server.rpc.sleep.time = 25ms (default)
2022-09-12 01:23:01,470 [pool-2-thread-1] INFO  server.RaftServerConfigKeys (ConfUtils.java:logGet(46)) - raft.server.rpc.slowness.timeout = 120000ms (custom)
2022-09-12 01:23:01,470 [pool-2-thread-1] INFO  server.RaftServerConfigKeys (ConfUtils.java:logGet(46)) - raft.server.leaderelection.leader.step-down.wait-time = 10s (default)
2022-09-12 01:23:01,470 [pool-2-thread-1] INFO  server.RaftServerConfigKeys (ConfUtils.java:logGet(46)) - raft.server.sleep.deviation.threshold = 300ms (default)
2022-09-12 01:23:01,476 [pool-2-thread-1] INFO  server.RaftServer$Division (ServerState.java:<init>(107)) - 2b79d285-0efa-4274-b3fd-87c8ffd2a623@group-392DE73F1C7A: ConfigurationManager, init=-1: [2b79d285-0efa-4274-b3fd-87c8ffd2a623|rpc:localhost:37003|priority:0], old=null, confs=<EMPTY_MAP>
2022-09-12 01:23:01,476 [pool-2-thread-1] INFO  server.RaftServerConfigKeys (ConfUtils.java:logGet(46)) - raft.server.storage.dir = [/home/runner/work/ozone/ozone/hadoop-ozone/integration-test/target/test-dir/MiniOzoneClusterImpl-3d4a976f-5e4d-41d2-99e8-392de73f1c7a/scmNode-1/scm-ha] (custom)
2022-09-12 01:23:01,479 [pool-2-thread-1] INFO  server.RaftServerConfigKeys (ConfUtils.java:logGet(46)) - raft.server.log.corruption.policy = EXCEPTION (default)
2022-09-12 01:23:01,479 [pool-2-thread-1] INFO  server.RaftServerConfigKeys (ConfUtils.java:logGet(46)) - raft.server.storage.free-space.min = 0MB (=0) (default)
2022-09-12 01:23:01,481 [pool-2-thread-1] INFO  storage.RaftStorageDirectory (RaftStorageDirectoryImpl.java:analyzeStorage(135)) - The storage directory /home/runner/work/ozone/ozone/hadoop-ozone/integration-test/target/test-dir/MiniOzoneClusterImpl-3d4a976f-5e4d-41d2-99e8-392de73f1c7a/scmNode-1/scm-ha/3d4a976f-5e4d-41d2-99e8-392de73f1c7a does not exist. Creating ...
2022-09-12 01:23:01,484 [pool-2-thread-1] INFO  storage.RaftStorageDirectory (RaftStorageDirectoryImpl.java:tryLock(230)) - Lock on /home/runner/work/ozone/ozone/hadoop-ozone/integration-test/target/test-dir/MiniOzoneClusterImpl-3d4a976f-5e4d-41d2-99e8-392de73f1c7a/scmNode-1/scm-ha/3d4a976f-5e4d-41d2-99e8-392de73f1c7a/in_use.lock acquired by nodename 51693@fv-az167-317
2022-09-12 01:23:01,489 [pool-2-thread-1] INFO  storage.RaftStorage (RaftStorageImpl.java:format(89)) - Storage directory /home/runner/work/ozone/ozone/hadoop-ozone/integration-test/target/test-dir/MiniOzoneClusterImpl-3d4a976f-5e4d-41d2-99e8-392de73f1c7a/scmNode-1/scm-ha/3d4a976f-5e4d-41d2-99e8-392de73f1c7a has been successfully formatted.
2022-09-12 01:23:01,492 [pool-2-thread-1] INFO  server.RaftServerConfigKeys (ConfUtils.java:logGet(46)) - raft.server.notification.no-leader.timeout = 60s (default)
2022-09-12 01:23:01,493 [pool-2-thread-1] INFO  server.RaftServerConfigKeys (ConfUtils.java:logGet(46)) - raft.server.log.use.memory = false (default)
2022-09-12 01:23:01,500 [pool-2-thread-1] INFO  server.RaftServerConfigKeys (ConfUtils.java:logGet(46)) - raft.server.log.purge.gap = 1000000 (custom)
2022-09-12 01:23:01,500 [pool-2-thread-1] INFO  server.RaftServerConfigKeys (ConfUtils.java:logGet(46)) - raft.server.log.appender.buffer.byte-limit = 33554432 (custom)
2022-09-12 01:23:01,501 [pool-2-thread-1] INFO  server.RaftServerConfigKeys (ConfUtils.java:logGet(46)) - raft.server.log.statemachine.data.read.timeout = 1000ms (default)
2022-09-12 01:23:01,507 [pool-2-thread-1] INFO  metrics.MetricRegistries (MetricRegistriesLoader.java:load(64)) - Loaded MetricRegistries class org.apache.ratis.metrics.impl.MetricRegistriesImpl
2022-09-12 01:23:01,552 [pool-2-thread-1] INFO  server.RaftServerConfigKeys (ConfUtils.java:logGet(46)) - raft.server.log.segment.size.max = 4194304 (custom)
2022-09-12 01:23:01,558 [pool-2-thread-1] INFO  server.RaftServerConfigKeys (ConfUtils.java:logGet(46)) - raft.server.log.segment.cache.num.max = 2 (custom)
2022-09-12 01:23:01,558 [pool-2-thread-1] INFO  server.RaftServerConfigKeys (ConfUtils.java:logGet(46)) - raft.server.log.segment.cache.size.max = 200MB (=209715200) (default)
2022-09-12 01:23:01,563 [pool-2-thread-1] INFO  segmented.SegmentedRaftLogWorker (SegmentedRaftLogWorker.java:<init>(187)) - new 2b79d285-0efa-4274-b3fd-87c8ffd2a623@group-392DE73F1C7A-SegmentedRaftLogWorker for RaftStorageImpl:Storage Directory /home/runner/work/ozone/ozone/hadoop-ozone/integration-test/target/test-dir/MiniOzoneClusterImpl-3d4a976f-5e4d-41d2-99e8-392de73f1c7a/scmNode-1/scm-ha/3d4a976f-5e4d-41d2-99e8-392de73f1c7a
2022-09-12 01:23:01,564 [pool-2-thread-1] INFO  server.RaftServerConfigKeys (ConfUtils.java:logGet(46)) - raft.server.log.queue.byte-limit = 64MB (=67108864) (default)
2022-09-12 01:23:01,564 [pool-2-thread-1] INFO  server.RaftServerConfigKeys (ConfUtils.java:logGet(46)) - raft.server.log.queue.element-limit = 4096 (default)
2022-09-12 01:23:01,565 [pool-2-thread-1] INFO  server.RaftServerConfigKeys (ConfUtils.java:logGet(46)) - raft.server.log.segment.size.max = 4194304 (custom)
2022-09-12 01:23:01,565 [pool-2-thread-1] INFO  server.RaftServerConfigKeys (ConfUtils.java:logGet(46)) - raft.server.log.preallocated.size = 4194304 (custom)
2022-09-12 01:23:01,566 [pool-2-thread-1] INFO  server.RaftServerConfigKeys (ConfUtils.java:logGet(46)) - raft.server.log.force.sync.num = 128 (default)
2022-09-12 01:23:01,566 [pool-2-thread-1] INFO  server.RaftServerConfigKeys (ConfUtils.java:logGet(46)) - raft.server.log.statemachine.data.sync = true (default)
2022-09-12 01:23:01,567 [pool-2-thread-1] INFO  server.RaftServerConfigKeys (ConfUtils.java:logGet(46)) - raft.server.log.statemachine.data.sync.timeout = 10s (default)
2022-09-12 01:23:01,567 [pool-2-thread-1] INFO  server.RaftServerConfigKeys (ConfUtils.java:logGet(46)) - raft.server.log.statemachine.data.sync.timeout.retry = -1 (default)
2022-09-12 01:23:01,573 [pool-2-thread-1] INFO  server.RaftServerConfigKeys (ConfUtils.java:logGet(46)) - raft.server.log.write.buffer.size = 64KB (=65536) (default)
2022-09-12 01:23:01,574 [pool-2-thread-1] INFO  server.RaftServerConfigKeys (ConfUtils.java:logGet(46)) - raft.server.log.unsafe-flush.enabled = false (default)
2022-09-12 01:23:01,574 [pool-2-thread-1] INFO  server.RaftServerConfigKeys (ConfUtils.java:logGet(46)) - raft.server.log.statemachine.data.caching.enabled = false (default)
2022-09-12 01:23:01,579 [pool-2-thread-1] INFO  segmented.SegmentedRaftLogWorker (SegmentedRaftLogWorker.java:lambda$new$0(135)) - 2b79d285-0efa-4274-b3fd-87c8ffd2a623@group-392DE73F1C7A-SegmentedRaftLogWorker: flushIndex: setUnconditionally 0 -> -1
2022-09-12 01:23:01,579 [pool-2-thread-1] INFO  segmented.SegmentedRaftLogWorker (SegmentedRaftLogWorker.java:lambda$new$0(135)) - 2b79d285-0efa-4274-b3fd-87c8ffd2a623@group-392DE73F1C7A-SegmentedRaftLogWorker: safeCacheEvictIndex: setUnconditionally 0 -> -1
2022-09-12 01:23:01,582 [pool-2-thread-1] INFO  server.RaftServerConfigKeys (ConfUtils.java:logGet(46)) - raft.server.snapshot.auto.trigger.enabled = true (custom)
2022-09-12 01:23:01,583 [pool-2-thread-1] INFO  server.RaftServerConfigKeys (ConfUtils.java:logGet(46)) - raft.server.snapshot.auto.trigger.threshold = 1000 (custom)
2022-09-12 01:23:01,583 [pool-2-thread-1] INFO  server.RaftServerConfigKeys (ConfUtils.java:logGet(46)) - raft.server.snapshot.retention.file.num = -1 (default)
2022-09-12 01:23:01,584 [pool-2-thread-1] INFO  server.RaftServerConfigKeys (ConfUtils.java:logGet(46)) - raft.server.log.purge.upto.snapshot.index = false (default)
2022-09-12 01:23:01,585 [pool-2-thread-1] INFO  server.RaftServerConfigKeys (ConfUtils.java:logGet(46)) - raft.server.retrycache.expirytime = 60000ms (default)
2022-09-12 01:23:01,585 [pool-2-thread-1] INFO  server.RaftServerConfigKeys (ConfUtils.java:logGet(46)) - raft.server.retrycache.statistics.expirytime = 100μs (default)
2022-09-12 01:23:01,623 [pool-2-thread-1] INFO  server.RaftServerConfigKeys (ConfUtils.java:logGet(46)) - raft.server.log.appender.install.snapshot.enabled = false (custom)
2022-09-12 01:23:01,624 [pool-2-thread-1] INFO  server.RaftServerConfigKeys (ConfUtils.java:logGet(46)) - raft.server.threadpool.server.cached = true (default)
2022-09-12 01:23:01,624 [pool-2-thread-1] INFO  server.RaftServerConfigKeys (ConfUtils.java:logGet(46)) - raft.server.threadpool.server.size = 0 (default)
2022-09-12 01:23:01,624 [pool-2-thread-1] INFO  server.RaftServerConfigKeys (ConfUtils.java:logGet(46)) - raft.server.threadpool.client.cached = true (default)
2022-09-12 01:23:01,625 [pool-2-thread-1] INFO  server.RaftServerConfigKeys (ConfUtils.java:logGet(46)) - raft.server.threadpool.client.size = 0 (default)
2022-09-12 01:23:01,627 [2b79d285-0efa-4274-b3fd-87c8ffd2a623-impl-thread1] INFO  server.RaftServer$Division (RaftServerImpl.java:start(310)) - 2b79d285-0efa-4274-b3fd-87c8ffd2a623@group-392DE73F1C7A: start as a follower, conf=-1: [2b79d285-0efa-4274-b3fd-87c8ffd2a623|rpc:localhost:37003|priority:0], old=null
2022-09-12 01:23:01,627 [2b79d285-0efa-4274-b3fd-87c8ffd2a623-impl-thread1] INFO  server.RaftServer$Division (RaftServerImpl.java:setRole(299)) - 2b79d285-0efa-4274-b3fd-87c8ffd2a623@group-392DE73F1C7A: changes role from      null to FOLLOWER at term 0 for startAsFollower
2022-09-12 01:23:01,628 [2b79d285-0efa-4274-b3fd-87c8ffd2a623-impl-thread1] INFO  impl.RoleInfo (RoleInfo.java:updateAndGet(139)) - 2b79d285-0efa-4274-b3fd-87c8ffd2a623: start 2b79d285-0efa-4274-b3fd-87c8ffd2a623@group-392DE73F1C7A-FollowerState
2022-09-12 01:23:01,629 [2b79d285-0efa-4274-b3fd-87c8ffd2a623-impl-thread1] INFO  util.JmxRegister (JmxRegister.java:tryRegister(44)) - Successfully registered JMX Bean with object name Ratis:service=RaftServer,group=group-392DE73F1C7A,id=2b79d285-0efa-4274-b3fd-87c8ffd2a623
2022-09-12 01:23:01,632 [main] INFO  server.RaftServer (RaftServerProxy.java:lambda$start$6(382)) - 2b79d285-0efa-4274-b3fd-87c8ffd2a623: start RPC server
2022-09-12 01:23:01,683 [main] INFO  server.GrpcService (GrpcService.java:startImpl(260)) - 2b79d285-0efa-4274-b3fd-87c8ffd2a623: GrpcService started, listening on 37003
2022-09-12 01:23:01,684 [org.apache.ratis.util.JvmPauseMonitor$$Lambda$605/1445225850@36681447] INFO  util.JvmPauseMonitor (JvmPauseMonitor.java:run(103)) - JvmPauseMonitor-2b79d285-0efa-4274-b3fd-87c8ffd2a623: Started
2022-09-12 01:23:06,741 [2b79d285-0efa-4274-b3fd-87c8ffd2a623@group-392DE73F1C7A-FollowerState] INFO  impl.FollowerState (FollowerState.java:run(143)) - 2b79d285-0efa-4274-b3fd-87c8ffd2a623@group-392DE73F1C7A-FollowerState: change to CANDIDATE, lastRpcElapsedTime:5113567341ns, electionTimeout:5111ms
2022-09-12 01:23:06,742 [2b79d285-0efa-4274-b3fd-87c8ffd2a623@group-392DE73F1C7A-FollowerState] INFO  impl.RoleInfo (RoleInfo.java:shutdownFollowerState(110)) - 2b79d285-0efa-4274-b3fd-87c8ffd2a623: shutdown 2b79d285-0efa-4274-b3fd-87c8ffd2a623@group-392DE73F1C7A-FollowerState
2022-09-12 01:23:06,742 [2b79d285-0efa-4274-b3fd-87c8ffd2a623@group-392DE73F1C7A-FollowerState] INFO  server.RaftServer$Division (RaftServerImpl.java:setRole(299)) - 2b79d285-0efa-4274-b3fd-87c8ffd2a623@group-392DE73F1C7A: changes role from  FOLLOWER to CANDIDATE at term 0 for changeToCandidate
2022-09-12 01:23:06,745 [2b79d285-0efa-4274-b3fd-87c8ffd2a623@group-392DE73F1C7A-FollowerState] INFO  server.RaftServerConfigKeys (ConfUtils.java:logGet(46)) - raft.server.leaderelection.pre-vote = false (custom)
2022-09-12 01:23:06,745 [2b79d285-0efa-4274-b3fd-87c8ffd2a623@group-392DE73F1C7A-FollowerState] INFO  impl.RoleInfo (RoleInfo.java:updateAndGet(139)) - 2b79d285-0efa-4274-b3fd-87c8ffd2a623: start 2b79d285-0efa-4274-b3fd-87c8ffd2a623@group-392DE73F1C7A-LeaderElection1
2022-09-12 01:23:06,748 [2b79d285-0efa-4274-b3fd-87c8ffd2a623@group-392DE73F1C7A-LeaderElection1] INFO  impl.LeaderElection (LeaderElection.java:askForVotes(310)) - 2b79d285-0efa-4274-b3fd-87c8ffd2a623@group-392DE73F1C7A-LeaderElection1 ELECTION round 0: submit vote requests at term 1 for -1: [2b79d285-0efa-4274-b3fd-87c8ffd2a623|rpc:localhost:37003|priority:0], old=null
2022-09-12 01:23:06,749 [2b79d285-0efa-4274-b3fd-87c8ffd2a623@group-392DE73F1C7A-LeaderElection1] INFO  impl.LeaderElection (LeaderElection.java:askForVotes(312)) - 2b79d285-0efa-4274-b3fd-87c8ffd2a623@group-392DE73F1C7A-LeaderElection1 ELECTION round 0: result PASSED (term=1)
2022-09-12 01:23:06,749 [2b79d285-0efa-4274-b3fd-87c8ffd2a623@group-392DE73F1C7A-LeaderElection1] INFO  impl.RoleInfo (RoleInfo.java:shutdownLeaderElection(130)) - 2b79d285-0efa-4274-b3fd-87c8ffd2a623: shutdown 2b79d285-0efa-4274-b3fd-87c8ffd2a623@group-392DE73F1C7A-LeaderElection1
2022-09-12 01:23:06,749 [2b79d285-0efa-4274-b3fd-87c8ffd2a623@group-392DE73F1C7A-LeaderElection1] INFO  server.RaftServer$Division (RaftServerImpl.java:setRole(299)) - 2b79d285-0efa-4274-b3fd-87c8ffd2a623@group-392DE73F1C7A: changes role from CANDIDATE to LEADER at term 1 for changeToLeader
2022-09-12 01:23:06,750 [2b79d285-0efa-4274-b3fd-87c8ffd2a623@group-392DE73F1C7A-LeaderElection1] INFO  server.RaftServer$Division (ServerState.java:setLeader(287)) - 2b79d285-0efa-4274-b3fd-87c8ffd2a623@group-392DE73F1C7A: change Leader from null to 2b79d285-0efa-4274-b3fd-87c8ffd2a623 at term 1 for becomeLeader, leader elected after 5258ms
2022-09-12 01:23:06,754 [2b79d285-0efa-4274-b3fd-87c8ffd2a623@group-392DE73F1C7A-LeaderElection1] INFO  server.RaftServerConfigKeys (ConfUtils.java:logGet(46)) - raft.server.staging.catchup.gap = 1000 (default)
2022-09-12 01:23:06,759 [2b79d285-0efa-4274-b3fd-87c8ffd2a623@group-392DE73F1C7A-LeaderElection1] INFO  server.RaftServerConfigKeys (ConfUtils.java:logGet(46)) - raft.server.write.element-limit = 4096 (default)
2022-09-12 01:23:06,759 [2b79d285-0efa-4274-b3fd-87c8ffd2a623@group-392DE73F1C7A-LeaderElection1] INFO  server.RaftServerConfigKeys (ConfUtils.java:logGet(46)) - raft.server.write.byte-limit = 64MB (=67108864) (default)
2022-09-12 01:23:06,765 [2b79d285-0efa-4274-b3fd-87c8ffd2a623@group-392DE73F1C7A-LeaderElection1] INFO  server.RaftServerConfigKeys (ConfUtils.java:logGet(46)) - raft.server.watch.timeout = 10s (default)
2022-09-12 01:23:06,765 [2b79d285-0efa-4274-b3fd-87c8ffd2a623@group-392DE73F1C7A-LeaderElection1] INFO  server.RaftServerConfigKeys (ConfUtils.java:logGet(46)) - raft.server.watch.timeout.denomination = 1s (default)
2022-09-12 01:23:06,765 [2b79d285-0efa-4274-b3fd-87c8ffd2a623@group-392DE73F1C7A-LeaderElection1] INFO  server.RaftServerConfigKeys (ConfUtils.java:logGet(46)) - raft.server.watch.element-limit = 65536 (default)
2022-09-12 01:23:06,769 [2b79d285-0efa-4274-b3fd-87c8ffd2a623@group-392DE73F1C7A-LeaderElection1] INFO  server.RaftServerConfigKeys (ConfUtils.java:logGet(46)) - raft.server.write.element-limit = 4096 (default)
2022-09-12 01:23:06,770 [2b79d285-0efa-4274-b3fd-87c8ffd2a623@group-392DE73F1C7A-LeaderElection1] INFO  server.RaftServerConfigKeys (ConfUtils.java:logGet(46)) - raft.server.write.follower.gap.ratio.max = -1.0 (default)
2022-09-12 01:23:06,773 [2b79d285-0efa-4274-b3fd-87c8ffd2a623@group-392DE73F1C7A-LeaderElection1] INFO  impl.RoleInfo (RoleInfo.java:updateAndGet(139)) - 2b79d285-0efa-4274-b3fd-87c8ffd2a623: start 2b79d285-0efa-4274-b3fd-87c8ffd2a623@group-392DE73F1C7A-LeaderStateImpl
2022-09-12 01:23:06,798 [2b79d285-0efa-4274-b3fd-87c8ffd2a623@group-392DE73F1C7A-LeaderElection1] INFO  segmented.SegmentedRaftLogWorker (SegmentedRaftLogWorker.java:startLogSegment(425)) - 2b79d285-0efa-4274-b3fd-87c8ffd2a623@group-392DE73F1C7A-SegmentedRaftLogWorker: Starting segment from index:0
2022-09-12 01:23:06,858 [2b79d285-0efa-4274-b3fd-87c8ffd2a623@group-392DE73F1C7A-LeaderElection1] INFO  server.RaftServer$Division (ServerState.java:setRaftConf(393)) - 2b79d285-0efa-4274-b3fd-87c8ffd2a623@group-392DE73F1C7A: set configuration 0: [2b79d285-0efa-4274-b3fd-87c8ffd2a623|rpc:localhost:37003|admin:|client:|dataStream:|priority:0], old=null
2022-09-12 01:23:06,894 [2b79d285-0efa-4274-b3fd-87c8ffd2a623@group-392DE73F1C7A-SegmentedRaftLogWorker] INFO  segmented.SegmentedRaftLogWorker (SegmentedRaftLogWorker.java:execute(629)) - 2b79d285-0efa-4274-b3fd-87c8ffd2a623@group-392DE73F1C7A-SegmentedRaftLogWorker: created new log segment /home/runner/work/ozone/ozone/hadoop-ozone/integration-test/target/test-dir/MiniOzoneClusterImpl-3d4a976f-5e4d-41d2-99e8-392de73f1c7a/scmNode-1/scm-ha/3d4a976f-5e4d-41d2-99e8-392de73f1c7a/current/log_inprogress_0
2022-09-12 01:23:07,686 [main] INFO  server.RaftServer (RaftServerProxy.java:lambda$close$7(398)) - 2b79d285-0efa-4274-b3fd-87c8ffd2a623: close
2022-09-12 01:23:07,688 [main] INFO  server.RaftServer$Division (RaftServerImpl.java:lambda$close$4(434)) - 2b79d285-0efa-4274-b3fd-87c8ffd2a623@group-392DE73F1C7A: shutdown
2022-09-12 01:23:07,688 [main] INFO  util.JmxRegister (JmxRegister.java:unregister(73)) - Successfully un-registered JMX Bean with object name Ratis:service=RaftServer,group=group-392DE73F1C7A,id=2b79d285-0efa-4274-b3fd-87c8ffd2a623
2022-09-12 01:23:07,688 [main] INFO  impl.RoleInfo (RoleInfo.java:shutdownLeaderState(93)) - 2b79d285-0efa-4274-b3fd-87c8ffd2a623: shutdown 2b79d285-0efa-4274-b3fd-87c8ffd2a623@group-392DE73F1C7A-LeaderStateImpl
2022-09-12 01:23:07,694 [main] INFO  impl.PendingRequests (PendingRequests.java:sendNotLeaderResponses(282)) - 2b79d285-0efa-4274-b3fd-87c8ffd2a623@group-392DE73F1C7A-PendingRequests: sendNotLeaderResponses
2022-09-12 01:23:07,695 [main] INFO  impl.StateMachineUpdater (StateMachineUpdater.java:stopAndJoin(153)) - 2b79d285-0efa-4274-b3fd-87c8ffd2a623@group-392DE73F1C7A-StateMachineUpdater: set stopIndex = 0
2022-09-12 01:23:07,696 [2b79d285-0efa-4274-b3fd-87c8ffd2a623@group-392DE73F1C7A-StateMachineUpdater] INFO  impl.StateMachineUpdater (StateMachineUpdater.java:takeSnapshot(287)) - 2b79d285-0efa-4274-b3fd-87c8ffd2a623@group-392DE73F1C7A-StateMachineUpdater: Took a snapshot at index 0
2022-09-12 01:23:07,696 [2b79d285-0efa-4274-b3fd-87c8ffd2a623@group-392DE73F1C7A-StateMachineUpdater] INFO  impl.StateMachineUpdater (StateMachineUpdater.java:lambda$new$0(92)) - 2b79d285-0efa-4274-b3fd-87c8ffd2a623@group-392DE73F1C7A-StateMachineUpdater: snapshotIndex: updateIncreasingly -1 -> 0
2022-09-12 01:23:07,698 [main] INFO  server.RaftServer$Division (ServerState.java:close(429)) - 2b79d285-0efa-4274-b3fd-87c8ffd2a623@group-392DE73F1C7A: closes. applyIndex: 0
2022-09-12 01:23:07,699 [2b79d285-0efa-4274-b3fd-87c8ffd2a623@group-392DE73F1C7A-SegmentedRaftLogWorker] INFO  segmented.SegmentedRaftLogWorker (SegmentedRaftLogWorker.java:run(336)) - 2b79d285-0efa-4274-b3fd-87c8ffd2a623@group-392DE73F1C7A-SegmentedRaftLogWorker was interrupted, exiting. There are 0 tasks remaining in the queue.
2022-09-12 01:23:07,701 [main] INFO  segmented.SegmentedRaftLogWorker (SegmentedRaftLogWorker.java:close(246)) - 2b79d285-0efa-4274-b3fd-87c8ffd2a623@group-392DE73F1C7A-SegmentedRaftLogWorker close()
2022-09-12 01:23:07,704 [main] INFO  server.GrpcService (GrpcService.java:closeImpl(269)) - 2b79d285-0efa-4274-b3fd-87c8ffd2a623: shutdown server with port 37003 now
2022-09-12 01:23:07,713 [main] INFO  server.GrpcService (GrpcService.java:closeImpl(278)) - 2b79d285-0efa-4274-b3fd-87c8ffd2a623: shutdown server with port 37003 successfully
2022-09-12 01:23:07,713 [org.apache.ratis.util.JvmPauseMonitor$$Lambda$605/1445225850@36681447] INFO  util.JvmPauseMonitor (JvmPauseMonitor.java:run(109)) - JvmPauseMonitor-2b79d285-0efa-4274-b3fd-87c8ffd2a623: Stopped
2022-09-12 01:23:07,713 [main] WARN  server.ServerUtils (ServerUtils.java:getScmDbDir(148)) - ozone.scm.db.dirs is not configured. We recommend adding this setting. Falling back to ozone.metadata.dirs instead.
2022-09-12 01:23:07,715 [main] INFO  server.StorageContainerManager (StorageContainerManager.java:scmInit(1216)) - SCM initialization succeeded. Current cluster id for sd=/home/runner/work/ozone/ozone/hadoop-ozone/integration-test/target/test-dir/MiniOzoneClusterImpl-3d4a976f-5e4d-41d2-99e8-392de73f1c7a/scmNode-1/scm; cid=3d4a976f-5e4d-41d2-99e8-392de73f1c7a; layoutVersion=4; scmId=2b79d285-0efa-4274-b3fd-87c8ffd2a623
2022-09-12 01:23:07,723 [main] WARN  server.ServerUtils (ServerUtils.java:getScmDbDir(148)) - ozone.scm.db.dirs is not configured. We recommend adding this setting. Falling back to ozone.metadata.dirs instead.
2022-09-12 01:23:07,724 [main] INFO  ha.SCMHANodeDetails (SCMHANodeDetails.java:loadSCMHAConfig(209)) - ServiceID for StorageContainerManager is scmServiceId
2022-09-12 01:23:07,724 [main] INFO  ha.SCMHANodeDetails (SCMHANodeDetails.java:loadSCMHAConfig(220)) - ServiceID for StorageContainerManager is scmServiceId
2022-09-12 01:23:07,724 [main] INFO  ha.SCMHANodeDetails (SCMHANodeDetails.java:loadSCMHAConfig(307)) - Found matching SCM address with SCMServiceId: scmServiceId, SCMNodeId: scmNode-1, RPC Address: localhost:37003 and Ratis port: 37003
2022-09-12 01:23:07,724 [main] INFO  ha.SCMHANodeDetails (ConfUtils.java:setNodeSpecificConfigs(97)) - Setting configuration key ozone.scm.datanode.address with value of key ozone.scm.datanode.address.scmServiceId.scmNode-1: 127.0.0.1:40693
2022-09-12 01:23:07,725 [main] INFO  ha.SCMHANodeDetails (ConfUtils.java:setNodeSpecificConfigs(97)) - Setting configuration key ozone.scm.block.client.address with value of key ozone.scm.block.client.address.scmServiceId.scmNode-1: 127.0.0.1:35481
2022-09-12 01:23:07,725 [main] INFO  ha.SCMHANodeDetails (ConfUtils.java:setNodeSpecificConfigs(97)) - Setting configuration key ozone.scm.client.address with value of key ozone.scm.client.address.scmServiceId.scmNode-1: 127.0.0.1:42673
2022-09-12 01:23:07,725 [main] INFO  ha.SCMHANodeDetails (ConfUtils.java:setNodeSpecificConfigs(97)) - Setting configuration key ozone.scm.ratis.port with value of key ozone.scm.ratis.port.scmServiceId.scmNode-1: 37003
2022-09-12 01:23:07,725 [main] INFO  ha.SCMHANodeDetails (ConfUtils.java:setNodeSpecificConfigs(97)) - Setting configuration key ozone.scm.grpc.port with value of key ozone.scm.grpc.port.scmServiceId.scmNode-1: 36161
2022-09-12 01:23:07,725 [main] INFO  ha.SCMHANodeDetails (ConfUtils.java:setNodeSpecificConfigs(97)) - Setting configuration key ozone.scm.http-address with value of key ozone.scm.http-address.scmServiceId.scmNode-1: 127.0.0.1:37215
2022-09-12 01:23:07,725 [main] INFO  ha.SCMHANodeDetails (ConfUtils.java:setNodeSpecificConfigs(97)) - Setting configuration key ozone.scm.https-address with value of key ozone.scm.https-address.scmServiceId.scmNode-1: 127.0.0.1:34567
2022-09-12 01:23:07,725 [main] INFO  ha.SCMHANodeDetails (ConfUtils.java:setNodeSpecificConfigs(97)) - Setting configuration key ozone.scm.address with value of key ozone.scm.address.scmServiceId.scmNode-1: 127.0.0.1
2022-09-12 01:23:07,726 [main] WARN  scm.ScmUtils (ScmUtils.java:logWarn(179)) - ConfigKey ozone.scm.block.client.address is deprecated, For configuring different ports for each SCM use PortConfigKey ozone.scm.block.client.port appended with serviceId and nodeId. If want to configure same port configure ozone.scm.block.client.port
2022-09-12 01:23:07,726 [main] WARN  scm.ScmUtils (ScmUtils.java:logWarn(179)) - ConfigKey ozone.scm.client.address is deprecated, For configuring different ports for each SCM use PortConfigKey ozone.scm.client.port appended with serviceId and nodeId. If want to configure same port configure ozone.scm.client.port
2022-09-12 01:23:07,726 [main] WARN  scm.ScmUtils (ScmUtils.java:logWarn(179)) - ConfigKey ozone.scm.datanode.address is deprecated, For configuring different ports for each SCM use PortConfigKey ozone.scm.datanode.port appended with serviceId and nodeId. If want to configure same port configure ozone.scm.datanode.port
2022-09-12 01:23:08,082 [main] WARN  utils.HAUtils (HAUtils.java:getMetaDir(342)) - ozone.scm.db.dirs is not configured. We recommend adding this setting. Falling back to ozone.metadata.dirs instead.
2022-09-12 01:23:08,208 [main] WARN  db.DBStoreBuilder (DBStoreBuilder.java:applyDBDefinition(144)) - ozone.scm.db.dirs is not configured. We recommend adding this setting. Falling back to ozone.metadata.dirs instead.
2022-09-12 01:23:08,404 [main] INFO  net.NodeSchemaLoader (NodeSchemaLoader.java:loadSchemaFromFile(129)) - Loading schema from [jar:file:/home/runner/.m2/repository/org/apache/ozone/hdds-common/1.3.0-SNAPSHOT/hdds-common-1.3.0-SNAPSHOT.jar!/network-topology-default.xml]
2022-09-12 01:23:08,407 [main] INFO  net.NodeSchemaLoader (NodeSchemaLoader.java:loadSchema(176)) - Loading network topology layer schema file
2022-09-12 01:23:08,544 [main] INFO  ha.SCMRatisServerImpl (SCMRatisServerImpl.java:<init>(87)) - starting Raft server for scm:2b79d285-0efa-4274-b3fd-87c8ffd2a623
2022-09-12 01:23:08,548 [main] INFO  server.RaftServer (ConfUtils.java:logGet(46)) - raft.rpc.type = GRPC (default)
2022-09-12 01:23:08,549 [main] INFO  grpc.GrpcFactory (GrpcFactory.java:checkPooledByteBufAllocatorUseCacheForAllThreads(48)) - PERFORMANCE WARNING: useCacheForAllThreads is true that may cause Netty to create a lot garbage objects and, as a result, trigger GC.
	It is recommended to disable useCacheForAllThreads by setting -Dorg.apache.ratis.thirdparty.io.netty.allocator.useCacheForAllThreads=false in command line.
2022-09-12 01:23:08,549 [main] INFO  grpc.GrpcConfigKeys (ConfUtils.java:logGet(46)) - raft.grpc.admin.port = -1 (default)
2022-09-12 01:23:08,549 [main] INFO  grpc.GrpcConfigKeys (ConfUtils.java:logGet(46)) - raft.grpc.server.port = 37003 (custom)
2022-09-12 01:23:08,552 [main] INFO  grpc.GrpcConfigKeys (ConfUtils.java:logGet(46)) - raft.grpc.client.port = -1 (default)
2022-09-12 01:23:08,553 [main] INFO  grpc.GrpcConfigKeys (ConfUtils.java:logGet(46)) - raft.grpc.server.port = 37003 (custom)
2022-09-12 01:23:08,553 [main] INFO  grpc.GrpcConfigKeys (ConfUtils.java:logGet(46)) - raft.grpc.server.port = 37003 (custom)
2022-09-12 01:23:08,553 [main] INFO  server.GrpcService (ConfUtils.java:logGet(46)) - raft.grpc.message.size.max = 32m (=33554432) (custom)
2022-09-12 01:23:08,553 [main] INFO  server.RaftServerConfigKeys (ConfUtils.java:logGet(46)) - raft.server.log.appender.buffer.byte-limit = 33554432 (custom)
2022-09-12 01:23:08,553 [main] INFO  server.GrpcService (ConfUtils.java:logGet(46)) - raft.grpc.flow.control.window = 1MB (=1048576) (default)
2022-09-12 01:23:08,553 [main] INFO  server.RaftServerConfigKeys (ConfUtils.java:logGet(46)) - raft.server.rpc.request.timeout = 30000ms (custom)
2022-09-12 01:23:08,554 [main] INFO  grpc.GrpcConfigKeys (ConfUtils.java:logGet(46)) - raft.grpc.server.async.request.thread.pool.cached = true (default)
2022-09-12 01:23:08,554 [main] INFO  grpc.GrpcConfigKeys (ConfUtils.java:logGet(46)) - raft.grpc.server.async.request.thread.pool.size = 32 (default)
2022-09-12 01:23:08,557 [main] INFO  impl.DataStreamServerImpl (ConfUtils.java:logGet(46)) - raft.datastream.type = DISABLED (default)
2022-09-12 01:23:08,558 [main] INFO  server.RaftServerConfigKeys (ConfUtils.java:logGet(46)) - raft.server.threadpool.proxy.cached = true (default)
2022-09-12 01:23:08,559 [main] INFO  server.RaftServerConfigKeys (ConfUtils.java:logGet(46)) - raft.server.threadpool.proxy.size = 0 (default)
2022-09-12 01:23:08,559 [main] INFO  server.RaftServerConfigKeys (ConfUtils.java:logGet(46)) - raft.server.rpc.slowness.timeout = 120000ms (custom)
2022-09-12 01:23:08,560 [main] INFO  server.RaftServerConfigKeys (ConfUtils.java:logGet(46)) - raft.server.leaderelection.leader.step-down.wait-time = 10s (default)
2022-09-12 01:23:08,560 [main] INFO  server.RaftServerConfigKeys (ConfUtils.java:logGet(46)) - raft.server.storage.dir = [/home/runner/work/ozone/ozone/hadoop-ozone/integration-test/target/test-dir/MiniOzoneClusterImpl-3d4a976f-5e4d-41d2-99e8-392de73f1c7a/scmNode-1/scm-ha] (custom)
2022-09-12 01:23:08,561 [2b79d285-0efa-4274-b3fd-87c8ffd2a623-impl-thread1] INFO  server.RaftServer (RaftServerProxy.java:initGroupDir(247)) - 2b79d285-0efa-4274-b3fd-87c8ffd2a623: found a subdirectory /home/runner/work/ozone/ozone/hadoop-ozone/integration-test/target/test-dir/MiniOzoneClusterImpl-3d4a976f-5e4d-41d2-99e8-392de73f1c7a/scmNode-1/scm-ha/3d4a976f-5e4d-41d2-99e8-392de73f1c7a
2022-09-12 01:23:08,562 [main] INFO  server.RaftServer (RaftServerProxy.java:addNew(96)) - 2b79d285-0efa-4274-b3fd-87c8ffd2a623: addNew group-392DE73F1C7A:[] returns group-392DE73F1C7A:java.util.concurrent.CompletableFuture@89caf47[Not completed]
2022-09-12 01:23:08,565 [pool-19-thread-1] INFO  server.RaftServer$Division (RaftServerImpl.java:<init>(190)) - 2b79d285-0efa-4274-b3fd-87c8ffd2a623: new RaftServerImpl for group-392DE73F1C7A:[] with SCMStateMachine:uninitialized
2022-09-12 01:23:08,565 [pool-19-thread-1] INFO  server.RaftServerConfigKeys (ConfUtils.java:logGet(46)) - raft.server.rpc.timeout.min = 5000ms (custom)
2022-09-12 01:23:08,568 [pool-19-thread-1] INFO  server.RaftServerConfigKeys (ConfUtils.java:logGet(46)) - raft.server.rpc.timeout.max = 5200ms (custom)
2022-09-12 01:23:08,568 [pool-19-thread-1] INFO  server.RaftServerConfigKeys (ConfUtils.java:logGet(46)) - raft.server.rpc.sleep.time = 25ms (default)
2022-09-12 01:23:08,568 [pool-19-thread-1] INFO  server.RaftServerConfigKeys (ConfUtils.java:logGet(46)) - raft.server.rpc.slowness.timeout = 120000ms (custom)
2022-09-12 01:23:08,568 [pool-19-thread-1] INFO  server.RaftServerConfigKeys (ConfUtils.java:logGet(46)) - raft.server.leaderelection.leader.step-down.wait-time = 10s (default)
2022-09-12 01:23:08,568 [pool-19-thread-1] INFO  server.RaftServerConfigKeys (ConfUtils.java:logGet(46)) - raft.server.sleep.deviation.threshold = 300ms (default)
2022-09-12 01:23:08,568 [pool-19-thread-1] INFO  server.RaftServer$Division (ServerState.java:<init>(107)) - 2b79d285-0efa-4274-b3fd-87c8ffd2a623@group-392DE73F1C7A: ConfigurationManager, init=-1: [], old=null, confs=<EMPTY_MAP>
2022-09-12 01:23:08,569 [pool-19-thread-1] INFO  server.RaftServerConfigKeys (ConfUtils.java:logGet(46)) - raft.server.storage.dir = [/home/runner/work/ozone/ozone/hadoop-ozone/integration-test/target/test-dir/MiniOzoneClusterImpl-3d4a976f-5e4d-41d2-99e8-392de73f1c7a/scmNode-1/scm-ha] (custom)
2022-09-12 01:23:08,569 [pool-19-thread-1] INFO  server.RaftServerConfigKeys (ConfUtils.java:logGet(46)) - raft.server.log.corruption.policy = EXCEPTION (default)
2022-09-12 01:23:08,569 [pool-19-thread-1] INFO  server.RaftServerConfigKeys (ConfUtils.java:logGet(46)) - raft.server.storage.free-space.min = 0MB (=0) (default)
2022-09-12 01:23:08,570 [pool-19-thread-1] INFO  storage.RaftStorageDirectory (RaftStorageDirectoryImpl.java:tryLock(230)) - Lock on /home/runner/work/ozone/ozone/hadoop-ozone/integration-test/target/test-dir/MiniOzoneClusterImpl-3d4a976f-5e4d-41d2-99e8-392de73f1c7a/scmNode-1/scm-ha/3d4a976f-5e4d-41d2-99e8-392de73f1c7a/in_use.lock acquired by nodename 51693@fv-az167-317
2022-09-12 01:23:08,571 [pool-19-thread-1] INFO  storage.RaftStorage (RaftStorageImpl.java:analyzeAndRecoverStorage(110)) - Read RaftStorageMetadata{term=1, votedFor=2b79d285-0efa-4274-b3fd-87c8ffd2a623} from /home/runner/work/ozone/ozone/hadoop-ozone/integration-test/target/test-dir/MiniOzoneClusterImpl-3d4a976f-5e4d-41d2-99e8-392de73f1c7a/scmNode-1/scm-ha/3d4a976f-5e4d-41d2-99e8-392de73f1c7a/current/raft-meta
2022-09-12 01:23:08,577 [pool-19-thread-1] INFO  server.RaftServer$Division (ServerState.java:setRaftConf(393)) - 2b79d285-0efa-4274-b3fd-87c8ffd2a623@group-392DE73F1C7A: set configuration 0: [2b79d285-0efa-4274-b3fd-87c8ffd2a623|rpc:localhost:37003|admin:|client:|dataStream:|priority:0], old=null
2022-09-12 01:23:08,578 [pool-19-thread-1] INFO  server.RaftServerConfigKeys (ConfUtils.java:logGet(46)) - raft.server.notification.no-leader.timeout = 60s (default)
2022-09-12 01:23:08,578 [pool-19-thread-1] INFO  server.RaftServerConfigKeys (ConfUtils.java:logGet(46)) - raft.server.log.use.memory = false (default)
2022-09-12 01:23:08,578 [pool-19-thread-1] INFO  server.RaftServerConfigKeys (ConfUtils.java:logGet(46)) - raft.server.log.purge.gap = 1000000 (custom)
2022-09-12 01:23:08,578 [pool-19-thread-1] INFO  server.RaftServerConfigKeys (ConfUtils.java:logGet(46)) - raft.server.log.appender.buffer.byte-limit = 33554432 (custom)
2022-09-12 01:23:08,578 [pool-19-thread-1] INFO  server.RaftServerConfigKeys (ConfUtils.java:logGet(46)) - raft.server.log.statemachine.data.read.timeout = 1000ms (default)
2022-09-12 01:23:08,581 [pool-19-thread-1] INFO  server.RaftServerConfigKeys (ConfUtils.java:logGet(46)) - raft.server.log.segment.size.max = 4194304 (custom)
2022-09-12 01:23:08,584 [pool-19-thread-1] INFO  server.RaftServerConfigKeys (ConfUtils.java:logGet(46)) - raft.server.log.segment.cache.num.max = 2 (custom)
2022-09-12 01:23:08,584 [pool-19-thread-1] INFO  server.RaftServerConfigKeys (ConfUtils.java:logGet(46)) - raft.server.log.segment.cache.size.max = 200MB (=209715200) (default)
2022-09-12 01:23:08,584 [pool-19-thread-1] INFO  segmented.SegmentedRaftLogWorker (SegmentedRaftLogWorker.java:<init>(187)) - new 2b79d285-0efa-4274-b3fd-87c8ffd2a623@group-392DE73F1C7A-SegmentedRaftLogWorker for RaftStorageImpl:Storage Directory /home/runner/work/ozone/ozone/hadoop-ozone/integration-test/target/test-dir/MiniOzoneClusterImpl-3d4a976f-5e4d-41d2-99e8-392de73f1c7a/scmNode-1/scm-ha/3d4a976f-5e4d-41d2-99e8-392de73f1c7a
2022-09-12 01:23:08,584 [pool-19-thread-1] INFO  server.RaftServerConfigKeys (ConfUtils.java:logGet(46)) - raft.server.log.queue.byte-limit = 64MB (=67108864) (default)
2022-09-12 01:23:08,586 [pool-19-thread-1] INFO  server.RaftServerConfigKeys (ConfUtils.java:logGet(46)) - raft.server.log.queue.element-limit = 4096 (default)
2022-09-12 01:23:08,586 [pool-19-thread-1] INFO  server.RaftServerConfigKeys (ConfUtils.java:logGet(46)) - raft.server.log.segment.size.max = 4194304 (custom)
2022-09-12 01:23:08,586 [pool-19-thread-1] INFO  server.RaftServerConfigKeys (ConfUtils.java:logGet(46)) - raft.server.log.preallocated.size = 4194304 (custom)
2022-09-12 01:23:08,586 [pool-19-thread-1] INFO  server.RaftServerConfigKeys (ConfUtils.java:logGet(46)) - raft.server.log.force.sync.num = 128 (default)
2022-09-12 01:23:08,586 [pool-19-thread-1] INFO  server.RaftServerConfigKeys (ConfUtils.java:logGet(46)) - raft.server.log.statemachine.data.sync = true (default)
2022-09-12 01:23:08,586 [pool-19-thread-1] INFO  server.RaftServerConfigKeys (ConfUtils.java:logGet(46)) - raft.server.log.statemachine.data.sync.timeout = 10s (default)
2022-09-12 01:23:08,586 [pool-19-thread-1] INFO  server.RaftServerConfigKeys (ConfUtils.java:logGet(46)) - raft.server.log.statemachine.data.sync.timeout.retry = -1 (default)
2022-09-12 01:23:08,588 [pool-19-thread-1] INFO  server.RaftServerConfigKeys (ConfUtils.java:logGet(46)) - raft.server.log.write.buffer.size = 64KB (=65536) (default)
2022-09-12 01:23:08,589 [pool-19-thread-1] INFO  server.RaftServerConfigKeys (ConfUtils.java:logGet(46)) - raft.server.log.unsafe-flush.enabled = false (default)
2022-09-12 01:23:08,589 [pool-19-thread-1] INFO  server.RaftServerConfigKeys (ConfUtils.java:logGet(46)) - raft.server.log.statemachine.data.caching.enabled = false (default)
2022-09-12 01:23:08,598 [pool-19-thread-1] INFO  server.RaftServer$Division (ServerState.java:setRaftConf(393)) - 2b79d285-0efa-4274-b3fd-87c8ffd2a623@group-392DE73F1C7A: set configuration 0: [2b79d285-0efa-4274-b3fd-87c8ffd2a623|rpc:localhost:37003|admin:|client:|dataStream:|priority:0], old=null
2022-09-12 01:23:08,599 [pool-19-thread-1] INFO  segmented.LogSegment (LogSegment.java:loadSegment(173)) - Successfully read 1 entries from segment file /home/runner/work/ozone/ozone/hadoop-ozone/integration-test/target/test-dir/MiniOzoneClusterImpl-3d4a976f-5e4d-41d2-99e8-392de73f1c7a/scmNode-1/scm-ha/3d4a976f-5e4d-41d2-99e8-392de73f1c7a/current/log_inprogress_0
2022-09-12 01:23:08,599 [pool-19-thread-1] INFO  segmented.SegmentedRaftLogWorker (SegmentedRaftLogWorker.java:lambda$new$0(135)) - 2b79d285-0efa-4274-b3fd-87c8ffd2a623@group-392DE73F1C7A-SegmentedRaftLogWorker: flushIndex: setUnconditionally 0 -> 0
2022-09-12 01:23:08,599 [pool-19-thread-1] INFO  segmented.SegmentedRaftLogWorker (SegmentedRaftLogWorker.java:lambda$new$0(135)) - 2b79d285-0efa-4274-b3fd-87c8ffd2a623@group-392DE73F1C7A-SegmentedRaftLogWorker: safeCacheEvictIndex: setUnconditionally 0 -> -1
2022-09-12 01:23:08,600 [pool-19-thread-1] INFO  server.RaftServerConfigKeys (ConfUtils.java:logGet(46)) - raft.server.snapshot.auto.trigger.enabled = true (custom)
2022-09-12 01:23:08,600 [pool-19-thread-1] INFO  server.RaftServerConfigKeys (ConfUtils.java:logGet(46)) - raft.server.snapshot.auto.trigger.threshold = 1000 (custom)
2022-09-12 01:23:08,601 [pool-19-thread-1] INFO  server.RaftServerConfigKeys (ConfUtils.java:logGet(46)) - raft.server.snapshot.retention.file.num = -1 (default)
2022-09-12 01:23:08,601 [pool-19-thread-1] INFO  server.RaftServerConfigKeys (ConfUtils.java:logGet(46)) - raft.server.log.purge.upto.snapshot.index = false (default)
2022-09-12 01:23:08,601 [pool-19-thread-1] INFO  server.RaftServerConfigKeys (ConfUtils.java:logGet(46)) - raft.server.retrycache.expirytime = 60000ms (default)
2022-09-12 01:23:08,601 [pool-19-thread-1] INFO  server.RaftServerConfigKeys (ConfUtils.java:logGet(46)) - raft.server.retrycache.statistics.expirytime = 100μs (default)
2022-09-12 01:23:08,602 [pool-19-thread-1] INFO  server.RaftServerConfigKeys (ConfUtils.java:logGet(46)) - raft.server.log.appender.install.snapshot.enabled = false (custom)
2022-09-12 01:23:08,602 [pool-19-thread-1] INFO  server.RaftServerConfigKeys (ConfUtils.java:logGet(46)) - raft.server.threadpool.server.cached = true (default)
2022-09-12 01:23:08,602 [pool-19-thread-1] INFO  server.RaftServerConfigKeys (ConfUtils.java:logGet(46)) - raft.server.threadpool.server.size = 0 (default)
2022-09-12 01:23:08,602 [pool-19-thread-1] INFO  server.RaftServerConfigKeys (ConfUtils.java:logGet(46)) - raft.server.threadpool.client.cached = true (default)
2022-09-12 01:23:08,602 [pool-19-thread-1] INFO  server.RaftServerConfigKeys (ConfUtils.java:logGet(46)) - raft.server.threadpool.client.size = 0 (default)
2022-09-12 01:23:08,605 [main] INFO  ha.SCMSnapshotProvider (SCMSnapshotProvider.java:<init>(66)) - Initializing SCM Snapshot Provider
2022-09-12 01:23:08,605 [main] WARN  server.ServerUtils (ServerUtils.java:getDefaultRatisDirectory(237)) - Storage directory for Ratis is not configured. It is a good idea to map this to an SSD disk. Falling back to ozone.metadata.dirs
2022-09-12 01:23:08,606 [main] WARN  ha.SCMHAUtils (SCMHAUtils.java:getSCMRatisSnapshotDirectory(153)) - SCM snapshot dir is not configured. Falling back to ozone.metadata.dirs config
2022-09-12 01:23:08,638 [main] INFO  upgrade.AbstractLayoutVersionManager (AbstractLayoutVersionManager.java:init(83)) - Initializing Layout version manager with metadata layout = DATANODE_SCHEMA_V3 (version = 4), software layout = DATANODE_SCHEMA_V3 (version = 4)
2022-09-12 01:23:08,808 [main] INFO  reflections.Reflections (Reflections.java:scan(232)) - Reflections took 141 ms to scan 7 urls, producing 135 keys and 327 values 
2022-09-12 01:23:08,902 [main] INFO  ha.SequenceIdGenerator (SequenceIdGenerator.java:upgradeToSequenceId(349)) - upgrade localId to 109611004723200000
2022-09-12 01:23:08,902 [main] INFO  ha.SequenceIdGenerator (SequenceIdGenerator.java:upgradeToSequenceId(359)) - upgrade delTxnId to 0
2022-09-12 01:23:08,910 [main] INFO  ha.SequenceIdGenerator (SequenceIdGenerator.java:upgradeToSequenceId(376)) - upgrade containerId to 0
2022-09-12 01:23:08,912 [main] INFO  ha.SequenceIdGenerator (SequenceIdGenerator.java:<init>(220)) - Init the HA SequenceIdGenerator.
2022-09-12 01:23:08,959 [main] INFO  node.SCMNodeManager (SCMNodeManager.java:<init>(149)) - Entering startup safe mode.
2022-09-12 01:23:09,025 [main] INFO  algorithms.ContainerPlacementPolicyFactory (ContainerPlacementPolicyFactory.java:getPolicyInternal(86)) - Create container placement policy of type org.apache.hadoop.hdds.scm.container.placement.algorithms.SCMContainerPlacementRandom
2022-09-12 01:23:09,026 [main] INFO  algorithms.ContainerPlacementPolicyFactory (ContainerPlacementPolicyFactory.java:getPolicyInternal(86)) - Create container placement policy of type org.apache.hadoop.hdds.scm.container.placement.algorithms.SCMContainerPlacementRackScatter
2022-09-12 01:23:09,036 [main] INFO  pipeline.PipelineStateManagerImpl (PipelineStateManagerImpl.java:initialize(78)) - No pipeline exists in current db
2022-09-12 01:23:09,070 [main] INFO  algorithms.LeaderChoosePolicyFactory (LeaderChoosePolicyFactory.java:getPolicy(57)) - Create leader choose policy of type org.apache.hadoop.hdds.scm.pipeline.leader.choose.algorithms.MinLeaderCountChoosePolicy
2022-09-12 01:23:09,070 [main] INFO  algorithms.ContainerPlacementPolicyFactory (ContainerPlacementPolicyFactory.java:getPolicyInternal(86)) - Create container placement policy of type org.apache.hadoop.hdds.scm.container.placement.algorithms.SCMContainerPlacementRackScatter
2022-09-12 01:23:09,076 [main] INFO  ha.SCMServiceManager (SCMServiceManager.java:register(42)) - Registering service BackgroundPipelineCreator.
2022-09-12 01:23:09,076 [main] INFO  pipeline.BackgroundPipelineCreator (BackgroundPipelineCreator.java:start(124)) - Starting RatisPipelineUtilsThread.
2022-09-12 01:23:09,078 [main] INFO  BackgroundPipelineScrubber (BackgroundSCMService.java:start(68)) - Starting BackgroundPipelineScrubber Service.
2022-09-12 01:23:09,079 [main] INFO  ha.SCMServiceManager (SCMServiceManager.java:register(42)) - Registering service BackgroundPipelineScrubber.
2022-09-12 01:23:09,084 [main] INFO  ExpiredContainerReplicaOpScrubber (BackgroundSCMService.java:start(68)) - Starting ExpiredContainerReplicaOpScrubber Service.
2022-09-12 01:23:09,085 [main] INFO  ha.SCMServiceManager (SCMServiceManager.java:register(42)) - Registering service ExpiredContainerReplicaOpScrubber.
2022-09-12 01:23:09,110 [main] INFO  algorithms.PipelineChoosePolicyFactory (PipelineChoosePolicyFactory.java:createPipelineChoosePolicyFromClass(73)) - Create pipeline choose policy of type org.apache.hadoop.hdds.scm.pipeline.choose.algorithms.RandomPipelineChoosePolicy
2022-09-12 01:23:09,126 [main] INFO  ha.SCMServiceManager (SCMServiceManager.java:register(42)) - Registering service SCMBlockDeletingService.
2022-09-12 01:23:09,164 [main] INFO  replication.ReplicationManager (ReplicationManager.java:start(218)) - Starting Replication Monitor Thread.
2022-09-12 01:23:09,170 [main] INFO  ha.SCMServiceManager (SCMServiceManager.java:register(42)) - Registering service ReplicationManager.
2022-09-12 01:23:09,180 [ReplicationMonitor] INFO  replication.ReplicationManager (ReplicationManager.java:processAll(286)) - Replication Manager is not ready to run until 300000ms after safemode exit
2022-09-12 01:23:09,182 [main] INFO  safemode.ContainerSafeModeRule (ContainerSafeModeRule.java:<init>(89)) - containers with one replica threshold count 0
2022-09-12 01:23:09,185 [main] INFO  safemode.HealthyPipelineSafeModeRule (HealthyPipelineSafeModeRule.java:initializeRule(169)) - Total pipeline count is 0, healthy pipeline threshold count is 1
2022-09-12 01:23:09,187 [main] INFO  safemode.OneReplicaPipelineSafeModeRule (OneReplicaPipelineSafeModeRule.java:initializeRule(180)) - Total pipeline count is 0, pipeline's with at least one datanode reported threshold count is 0
2022-09-12 01:23:09,461 [main] INFO  audit.AuditLogger (AuditLogger.java:refreshDebugCmdSet(126)) - Refresh DebugCmdSet for SCMAudit to [].
2022-09-12 01:23:09,489 [main] INFO  ipc.CallQueueManager (CallQueueManager.java:<init>(90)) - Using callQueue: class java.util.concurrent.LinkedBlockingQueue, queueCapacity: 10000, scheduler: class org.apache.hadoop.ipc.DefaultRpcScheduler, ipcBackoff: false.
2022-09-12 01:23:09,522 [Socket Reader #1 for port 40693] INFO  ipc.Server (Server.java:run(1265)) - Starting Socket Reader #1 for port 40693
2022-09-12 01:23:09,574 [Listener at 0.0.0.0/40693] INFO  audit.AuditLogger (AuditLogger.java:refreshDebugCmdSet(126)) - Refresh DebugCmdSet for SCMAudit to [].
2022-09-12 01:23:09,579 [Listener at 0.0.0.0/40693] INFO  ipc.CallQueueManager (CallQueueManager.java:<init>(90)) - Using callQueue: class java.util.concurrent.LinkedBlockingQueue, queueCapacity: 10000, scheduler: class org.apache.hadoop.ipc.DefaultRpcScheduler, ipcBackoff: false.
2022-09-12 01:23:09,580 [Socket Reader #1 for port 35481] INFO  ipc.Server (Server.java:run(1265)) - Starting Socket Reader #1 for port 35481
2022-09-12 01:23:09,648 [Listener at 0.0.0.0/35481] INFO  audit.AuditLogger (AuditLogger.java:refreshDebugCmdSet(126)) - Refresh DebugCmdSet for SCMAudit to [].
2022-09-12 01:23:09,661 [Listener at 0.0.0.0/35481] INFO  ipc.CallQueueManager (CallQueueManager.java:<init>(90)) - Using callQueue: class java.util.concurrent.LinkedBlockingQueue, queueCapacity: 10000, scheduler: class org.apache.hadoop.ipc.DefaultRpcScheduler, ipcBackoff: false.
2022-09-12 01:23:09,662 [Socket Reader #1 for port 42673] INFO  ipc.Server (Server.java:run(1265)) - Starting Socket Reader #1 for port 42673
2022-09-12 01:23:09,736 [Listener at 0.0.0.0/42673] INFO  ha.SCMServiceManager (SCMServiceManager.java:register(42)) - Registering service ContainerBalancer.
2022-09-12 01:23:09,738 [Listener at 0.0.0.0/42673] INFO  server.StorageContainerManager (StorageContainerManager.java:<init>(410)) - 
Container Balancer status:
Key                            Value
Running                        false
Container Balancer Configuration values:
Key                                                Value
Threshold                                          10
Max Datanodes to Involve per Iteration(percent)    20
Max Size to Move per Iteration                     500GB
Max Size Entering Target per Iteration             26GB
Max Size Leaving Source per Iteration              26GB

2022-09-12 01:23:09,740 [Listener at 0.0.0.0/42673] WARN  events.EventQueue (EventQueue.java:fireEvent(216)) - No event handler registered for event TypedEvent{payloadType=SafeModeStatus, name='Safe mode status'}
2022-09-12 01:23:09,740 [Listener at 0.0.0.0/42673] INFO  ha.SCMContext (SCMContext.java:updateSafeModeStatus(228)) - Update SafeModeStatus from SafeModeStatus{safeModeStatus=true, preCheckPassed=false} to SafeModeStatus{safeModeStatus=true, preCheckPassed=false}.
2022-09-12 01:23:09,745 [Listener at 0.0.0.0/42673] INFO  server.StorageContainerManager (StorageContainerManager.java:start(1436)) - StorageContainerLocationProtocol RPC server is listening at /0.0.0.0:42673
2022-09-12 01:23:09,746 [Listener at 0.0.0.0/42673] INFO  ha.SCMRatisServerImpl (SCMRatisServerImpl.java:start(178)) - starting ratis server 0.0.0.0:37003
2022-09-12 01:23:09,746 [2b79d285-0efa-4274-b3fd-87c8ffd2a623-impl-thread1] INFO  server.RaftServer$Division (RaftServerImpl.java:start(310)) - 2b79d285-0efa-4274-b3fd-87c8ffd2a623@group-392DE73F1C7A: start as a follower, conf=0: [2b79d285-0efa-4274-b3fd-87c8ffd2a623|rpc:localhost:37003|admin:|client:|dataStream:|priority:0], old=null
2022-09-12 01:23:09,746 [2b79d285-0efa-4274-b3fd-87c8ffd2a623-impl-thread1] INFO  server.RaftServer$Division (RaftServerImpl.java:setRole(299)) - 2b79d285-0efa-4274-b3fd-87c8ffd2a623@group-392DE73F1C7A: changes role from      null to FOLLOWER at term 1 for startAsFollower
2022-09-12 01:23:09,747 [2b79d285-0efa-4274-b3fd-87c8ffd2a623-impl-thread1] INFO  impl.RoleInfo (RoleInfo.java:updateAndGet(139)) - 2b79d285-0efa-4274-b3fd-87c8ffd2a623: start 2b79d285-0efa-4274-b3fd-87c8ffd2a623@group-392DE73F1C7A-FollowerState
2022-09-12 01:23:09,747 [2b79d285-0efa-4274-b3fd-87c8ffd2a623-impl-thread1] INFO  util.JmxRegister (JmxRegister.java:tryRegister(44)) - Successfully registered JMX Bean with object name Ratis:service=RaftServer,group=group-392DE73F1C7A,id=2b79d285-0efa-4274-b3fd-87c8ffd2a623
2022-09-12 01:23:09,748 [Listener at 0.0.0.0/42673] INFO  server.RaftServer (RaftServerProxy.java:lambda$start$6(382)) - 2b79d285-0efa-4274-b3fd-87c8ffd2a623: start RPC server
2022-09-12 01:23:09,752 [Listener at 0.0.0.0/42673] INFO  server.GrpcService (GrpcService.java:startImpl(260)) - 2b79d285-0efa-4274-b3fd-87c8ffd2a623: GrpcService started, listening on 37003
2022-09-12 01:23:09,753 [Listener at 0.0.0.0/42673] INFO  ha.SCMHAManagerImpl (SCMHAManagerImpl.java:start(121)) -  scm role is FOLLOWER peers [2b79d285-0efa-4274-b3fd-87c8ffd2a623|rpc:localhost:37003|admin:|client:|dataStream:|priority:0]
2022-09-12 01:23:09,753 [Listener at 0.0.0.0/42673] INFO  ha.InterSCMGrpcService (InterSCMGrpcProtocolService.java:start(94)) - Starting SCM Grpc Service at port 36161
2022-09-12 01:23:09,768 [org.apache.ratis.util.JvmPauseMonitor$$Lambda$605/1445225850@155767a7] INFO  util.JvmPauseMonitor (JvmPauseMonitor.java:run(103)) - JvmPauseMonitor-2b79d285-0efa-4274-b3fd-87c8ffd2a623: Started
2022-09-12 01:23:09,816 [Listener at 0.0.0.0/42673] WARN  impl.MetricsConfig (MetricsConfig.java:loadFirst(136)) - Cannot locate configuration: tried hadoop-metrics2-storagecontainermanager.properties,hadoop-metrics2.properties
2022-09-12 01:23:09,828 [Listener at 0.0.0.0/42673] INFO  impl.MetricsSystemImpl (MetricsSystemImpl.java:startTimer(378)) - Scheduled Metric snapshot period at 10 second(s).
2022-09-12 01:23:09,829 [Listener at 0.0.0.0/42673] INFO  impl.MetricsSystemImpl (MetricsSystemImpl.java:start(191)) - StorageContainerManager metrics system started
2022-09-12 01:23:10,047 [Listener at 0.0.0.0/42673] INFO  server.SCMClientProtocolServer (SCMClientProtocolServer.java:start(170)) - RPC server for Client  is listening at /0.0.0.0:42673
2022-09-12 01:23:10,048 [IPC Server Responder] INFO  ipc.Server (Server.java:run(1507)) - IPC Server Responder: starting
2022-09-12 01:23:10,053 [IPC Server listener on 42673] INFO  ipc.Server (Server.java:run(1344)) - IPC Server listener on 42673: starting
2022-09-12 01:23:10,064 [Listener at 0.0.0.0/42673] INFO  server.StorageContainerManager (StorageContainerManager.java:start(1451)) - ScmBlockLocationProtocol RPC server is listening at /0.0.0.0:35481
2022-09-12 01:23:10,065 [Listener at 0.0.0.0/42673] INFO  server.SCMBlockProtocolServer (SCMBlockProtocolServer.java:start(152)) - RPC server for Block Protocol is listening at /0.0.0.0:35481
2022-09-12 01:23:10,065 [IPC Server Responder] INFO  ipc.Server (Server.java:run(1507)) - IPC Server Responder: starting
2022-09-12 01:23:10,066 [IPC Server listener on 35481] INFO  ipc.Server (Server.java:run(1344)) - IPC Server listener on 35481: starting
2022-09-12 01:23:10,112 [org.apache.hadoop.util.JvmPauseMonitor$Monitor@3bf306d3] INFO  util.JvmPauseMonitor (JvmPauseMonitor.java:run(188)) - Starting JVM pause monitor
2022-09-12 01:23:10,124 [Listener at 0.0.0.0/42673] INFO  http.BaseHttpServer (BaseHttpServer.java:newHttpServer2BuilderForOzone(213)) - Starting Web-server for scm at: http://0.0.0.0:37215
2022-09-12 01:23:10,124 [Listener at 0.0.0.0/42673] INFO  http.BaseHttpServer (BaseHttpServer.java:<init>(108)) - Hadoop Security Enabled: false Ozone Security Enabled: false Ozone HTTP Security Enabled: false 
2022-09-12 01:23:10,149 [Listener at 0.0.0.0/42673] INFO  util.log (Log.java:initialized(170)) - Logging initialized @10859ms to org.eclipse.jetty.util.log.Slf4jLog
2022-09-12 01:23:10,236 [Listener at 0.0.0.0/42673] INFO  server.AuthenticationFilter (AuthenticationFilter.java:constructSecretProvider(240)) - Unable to initialize FileSignerSecretProvider, falling back to use random secrets.
2022-09-12 01:23:10,241 [Listener at 0.0.0.0/42673] WARN  http.HttpRequestLog (HttpRequestLog.java:getRequestLog(103)) - Jetty request log can only be enabled using Log4j
2022-09-12 01:23:10,247 [Listener at 0.0.0.0/42673] INFO  http.HttpServer2 (HttpServer2.java:addGlobalFilter(1029)) - Added global filter 'safety' (class=org.apache.hadoop.hdds.server.http.HttpServer2$QuotingInputFilter)
2022-09-12 01:23:10,249 [Listener at 0.0.0.0/42673] INFO  http.HttpServer2 (HttpServer2.java:addFilter(1005)) - Added filter static_user_filter (class=org.apache.hadoop.http.lib.StaticUserWebFilter$StaticUserFilter) to context scm
2022-09-12 01:23:10,249 [Listener at 0.0.0.0/42673] INFO  http.HttpServer2 (HttpServer2.java:addFilter(1013)) - Added filter static_user_filter (class=org.apache.hadoop.http.lib.StaticUserWebFilter$StaticUserFilter) to context logs
2022-09-12 01:23:10,250 [Listener at 0.0.0.0/42673] INFO  http.HttpServer2 (HttpServer2.java:addFilter(1013)) - Added filter static_user_filter (class=org.apache.hadoop.http.lib.StaticUserWebFilter$StaticUserFilter) to context static
2022-09-12 01:23:10,286 [Listener at 0.0.0.0/42673] INFO  http.HttpServer2 (HttpServer2.java:bindListener(1248)) - Jetty bound to port 37215
2022-09-12 01:23:10,288 [Listener at 0.0.0.0/42673] INFO  server.Server (Server.java:doStart(375)) - jetty-9.4.43.v20210629; built: 2021-06-30T11:07:22.254Z; git: 526006ecfa3af7f1a27ef3a288e2bef7ea9dd7e8; jvm 1.8.0_345-b01
2022-09-12 01:23:10,318 [Listener at 0.0.0.0/42673] INFO  server.session (DefaultSessionIdManager.java:doStart(334)) - DefaultSessionIdManager workerName=node0
2022-09-12 01:23:10,318 [Listener at 0.0.0.0/42673] INFO  server.session (DefaultSessionIdManager.java:doStart(339)) - No SessionScavenger set, using defaults
2022-09-12 01:23:10,320 [Listener at 0.0.0.0/42673] INFO  server.session (HouseKeeper.java:startScavenging(132)) - node0 Scavenging every 600000ms
2022-09-12 01:23:10,333 [Listener at 0.0.0.0/42673] INFO  handler.ContextHandler (ContextHandler.java:doStart(915)) - Started o.e.j.s.ServletContextHandler@77350382{logs,/logs,file:///home/runner/work/ozone/ozone/hadoop-ozone/integration-test/target/log,AVAILABLE}
2022-09-12 01:23:10,333 [Listener at 0.0.0.0/42673] INFO  handler.ContextHandler (ContextHandler.java:doStart(915)) - Started o.e.j.s.ServletContextHandler@6bf2ecbb{static,/static,file:///home/runner/work/ozone/ozone/hadoop-ozone/integration-test/target/test-classes/webapps/static,AVAILABLE}
2022-09-12 01:23:10,369 [Listener at 0.0.0.0/42673] INFO  handler.ContextHandler (ContextHandler.java:doStart(915)) - Started o.e.j.w.WebAppContext@3d00c2ae{scm,/,file:///home/runner/work/ozone/ozone/hadoop-ozone/integration-test/target/test-classes/webapps/scm/,AVAILABLE}{file:/home/runner/work/ozone/ozone/hadoop-ozone/integration-test/target/test-classes/webapps/scm}
2022-09-12 01:23:10,377 [Listener at 0.0.0.0/42673] INFO  server.AbstractConnector (AbstractConnector.java:doStart(331)) - Started ServerConnector@571b4bf6{HTTP/1.1, (http/1.1)}{0.0.0.0:37215}
2022-09-12 01:23:10,377 [Listener at 0.0.0.0/42673] INFO  server.Server (Server.java:doStart(415)) - Started @11087ms
2022-09-12 01:23:10,379 [Listener at 0.0.0.0/42673] INFO  impl.MetricsSinkAdapter (MetricsSinkAdapter.java:start(204)) - Sink prometheus started
2022-09-12 01:23:10,379 [Listener at 0.0.0.0/42673] INFO  impl.MetricsSystemImpl (MetricsSystemImpl.java:registerSink(305)) - Registered sink prometheus
2022-09-12 01:23:10,380 [Listener at 0.0.0.0/42673] INFO  http.BaseHttpServer (BaseHttpServer.java:updateConnectorAddress(333)) - HTTP server of scm listening at http://0.0.0.0:37215
2022-09-12 01:23:10,380 [Listener at 0.0.0.0/42673] INFO  ozone.MiniOzoneHAClusterImpl (MiniOzoneHAClusterImpl.java:createSCMService(606)) - Started SCM RPC server at /0.0.0.0:42673
2022-09-12 01:23:10,429 [Listener at 0.0.0.0/42673] INFO  audit.AuditLogger (AuditLogger.java:refreshDebugCmdSet(126)) - Refresh DebugCmdSet for OMAudit to [].
2022-09-12 01:23:10,494 [Listener at 0.0.0.0/42673] INFO  ha.OMHANodeDetails (OMHANodeDetails.java:loadOMHAConfig(121)) - ServiceID for OzoneManager is om-add-remove
2022-09-12 01:23:10,499 [Listener at 0.0.0.0/42673] INFO  ha.OMHANodeDetails (OMHANodeDetails.java:loadOMHAConfig(201)) - Found matching OM address with OMServiceId: om-add-remove, OMNodeId: omNode-1, RPC Address: localhost:42721 and Ratis port: 36869
2022-09-12 01:23:10,499 [Listener at 0.0.0.0/42673] INFO  ha.OMHANodeDetails (ConfUtils.java:setNodeSpecificConfigs(97)) - Setting configuration key ozone.om.http-address with value of key ozone.om.http-address.om-add-remove.omNode-1: 127.0.0.1:39163
2022-09-12 01:23:10,499 [Listener at 0.0.0.0/42673] INFO  ha.OMHANodeDetails (ConfUtils.java:setNodeSpecificConfigs(97)) - Setting configuration key ozone.om.https-address with value of key ozone.om.https-address.om-add-remove.omNode-1: 127.0.0.1:45845
2022-09-12 01:23:10,500 [Listener at 0.0.0.0/42673] INFO  ha.OMHANodeDetails (ConfUtils.java:setNodeSpecificConfigs(97)) - Setting configuration key ozone.om.address with value of key ozone.om.address.om-add-remove.omNode-1: 127.0.0.1:42721
2022-09-12 01:23:10,500 [Listener at 0.0.0.0/42673] WARN  server.ServerUtils (ServerUtils.java:getDBPath(225)) - ozone.om.db.dirs is not configured. We recommend adding this setting. Falling back to ozone.metadata.dirs instead.
2022-09-12 01:23:10,509 [Listener at 0.0.0.0/42673] INFO  ha.SCMNodeInfo (SCMNodeInfo.java:getPort(197)) - ConfigKey ozone.scm.client.address is deprecated, For configuring different ports for each SCM use PortConfigKey ozone.scm.client.port appended with serviceId and nodeId
2022-09-12 01:23:10,509 [Listener at 0.0.0.0/42673] INFO  ha.SCMNodeInfo (SCMNodeInfo.java:getPort(197)) - ConfigKey ozone.scm.block.client.address is deprecated, For configuring different ports for each SCM use PortConfigKey ozone.scm.block.client.port appended with serviceId and nodeId
2022-09-12 01:23:10,509 [Listener at 0.0.0.0/42673] INFO  ha.SCMNodeInfo (SCMNodeInfo.java:getPort(197)) - ConfigKey ozone.scm.datanode.address is deprecated, For configuring different ports for each SCM use PortConfigKey ozone.scm.datanode.port appended with serviceId and nodeId
2022-09-12 01:23:10,510 [Listener at 0.0.0.0/42673] INFO  proxy.SCMBlockLocationFailoverProxyProvider (SCMBlockLocationFailoverProxyProvider.java:<init>(114)) - Created block location fail-over proxy with 1 nodes: [nodeId=scmNode-1,nodeAddress=/127.0.0.1:35481]
2022-09-12 01:23:12,745 [Listener at 0.0.0.0/42673] INFO  retry.RetryInvocationHandler (RetryInvocationHandler.java:log(411)) - com.google.protobuf.ServiceException: org.apache.hadoop.ipc.RemoteException(org.apache.hadoop.hdds.ratis.ServerNotLeaderException): Server:2b79d285-0efa-4274-b3fd-87c8ffd2a623 is not the leader. Could not determine the leader node.
	at org.apache.hadoop.hdds.ratis.ServerNotLeaderException.convertToNotLeaderException(ServerNotLeaderException.java:109)
	at org.apache.hadoop.hdds.scm.ha.RatisUtil.checkRatisException(RatisUtil.java:246)
	at org.apache.hadoop.hdds.scm.protocol.ScmBlockLocationProtocolServerSideTranslatorPB.send(ScmBlockLocationProtocolServerSideTranslatorPB.java:109)
	at org.apache.hadoop.hdds.protocol.proto.ScmBlockLocationProtocolProtos$ScmBlockLocationProtocolService$2.callBlockingMethod(ScmBlockLocationProtocolProtos.java:14202)
	at org.apache.hadoop.ipc.ProtobufRpcEngine$Server.processCall(ProtobufRpcEngine.java:466)
	at org.apache.hadoop.ipc.ProtobufRpcEngine2$Server$ProtoBufRpcInvoker.call(ProtobufRpcEngine2.java:574)
	at org.apache.hadoop.ipc.ProtobufRpcEngine2$Server$ProtoBufRpcInvoker.call(ProtobufRpcEngine2.java:552)
	at org.apache.hadoop.ipc.RPC$Server.call(RPC.java:1093)
	at org.apache.hadoop.ipc.Server$RpcCall.run(Server.java:1035)
	at org.apache.hadoop.ipc.Server$RpcCall.run(Server.java:963)
	at java.security.AccessController.doPrivileged(Native Method)
	at javax.security.auth.Subject.doAs(Subject.java:422)
	at org.apache.hadoop.security.UserGroupInformation.doAs(UserGroupInformation.java:1878)
	at org.apache.hadoop.ipc.Server$Handler.run(Server.java:2966)
, while invoking $Proxy44.send over nodeId=scmNode-1,nodeAddress=/127.0.0.1:35481 after 1 failover attempts. Trying to failover after sleeping for 2000ms.
2022-09-12 01:23:14,748 [Listener at 0.0.0.0/42673] INFO  retry.RetryInvocationHandler (RetryInvocationHandler.java:log(411)) - com.google.protobuf.ServiceException: org.apache.hadoop.ipc.RemoteException(org.apache.hadoop.hdds.ratis.ServerNotLeaderException): Server:2b79d285-0efa-4274-b3fd-87c8ffd2a623 is not the leader. Could not determine the leader node.
	at org.apache.hadoop.hdds.ratis.ServerNotLeaderException.convertToNotLeaderException(ServerNotLeaderException.java:109)
	at org.apache.hadoop.hdds.scm.ha.RatisUtil.checkRatisException(RatisUtil.java:246)
	at org.apache.hadoop.hdds.scm.protocol.ScmBlockLocationProtocolServerSideTranslatorPB.send(ScmBlockLocationProtocolServerSideTranslatorPB.java:109)
	at org.apache.hadoop.hdds.protocol.proto.ScmBlockLocationProtocolProtos$ScmBlockLocationProtocolService$2.callBlockingMethod(ScmBlockLocationProtocolProtos.java:14202)
	at org.apache.hadoop.ipc.ProtobufRpcEngine$Server.processCall(ProtobufRpcEngine.java:466)
	at org.apache.hadoop.ipc.ProtobufRpcEngine2$Server$ProtoBufRpcInvoker.call(ProtobufRpcEngine2.java:574)
	at org.apache.hadoop.ipc.ProtobufRpcEngine2$Server$ProtoBufRpcInvoker.call(ProtobufRpcEngine2.java:552)
	at org.apache.hadoop.ipc.RPC$Server.call(RPC.java:1093)
	at org.apache.hadoop.ipc.Server$RpcCall.run(Server.java:1035)
	at org.apache.hadoop.ipc.Server$RpcCall.run(Server.java:963)
	at java.security.AccessController.doPrivileged(Native Method)
	at javax.security.auth.Subject.doAs(Subject.java:422)
	at org.apache.hadoop.security.UserGroupInformation.doAs(UserGroupInformation.java:1878)
	at org.apache.hadoop.ipc.Server$Handler.run(Server.java:2966)
, while invoking $Proxy44.send over nodeId=scmNode-1,nodeAddress=/127.0.0.1:35481 after 2 failover attempts. Trying to failover after sleeping for 2000ms.
2022-09-12 01:23:14,895 [2b79d285-0efa-4274-b3fd-87c8ffd2a623@group-392DE73F1C7A-FollowerState] INFO  impl.FollowerState (FollowerState.java:run(143)) - 2b79d285-0efa-4274-b3fd-87c8ffd2a623@group-392DE73F1C7A-FollowerState: change to CANDIDATE, lastRpcElapsedTime:5148850432ns, electionTimeout:5147ms
2022-09-12 01:23:14,896 [2b79d285-0efa-4274-b3fd-87c8ffd2a623@group-392DE73F1C7A-FollowerState] INFO  impl.RoleInfo (RoleInfo.java:shutdownFollowerState(110)) - 2b79d285-0efa-4274-b3fd-87c8ffd2a623: shutdown 2b79d285-0efa-4274-b3fd-87c8ffd2a623@group-392DE73F1C7A-FollowerState
2022-09-12 01:23:14,897 [2b79d285-0efa-4274-b3fd-87c8ffd2a623@group-392DE73F1C7A-FollowerState] INFO  server.RaftServer$Division (RaftServerImpl.java:setRole(299)) - 2b79d285-0efa-4274-b3fd-87c8ffd2a623@group-392DE73F1C7A: changes role from  FOLLOWER to CANDIDATE at term 1 for changeToCandidate
2022-09-12 01:23:14,897 [2b79d285-0efa-4274-b3fd-87c8ffd2a623@group-392DE73F1C7A-FollowerState] INFO  server.RaftServerConfigKeys (ConfUtils.java:logGet(46)) - raft.server.leaderelection.pre-vote = false (custom)
2022-09-12 01:23:14,897 [2b79d285-0efa-4274-b3fd-87c8ffd2a623@group-392DE73F1C7A-FollowerState] INFO  impl.RoleInfo (RoleInfo.java:updateAndGet(139)) - 2b79d285-0efa-4274-b3fd-87c8ffd2a623: start 2b79d285-0efa-4274-b3fd-87c8ffd2a623@group-392DE73F1C7A-LeaderElection2
2022-09-12 01:23:14,899 [2b79d285-0efa-4274-b3fd-87c8ffd2a623@group-392DE73F1C7A-LeaderElection2] INFO  impl.LeaderElection (LeaderElection.java:askForVotes(310)) - 2b79d285-0efa-4274-b3fd-87c8ffd2a623@group-392DE73F1C7A-LeaderElection2 ELECTION round 0: submit vote requests at term 2 for 0: [2b79d285-0efa-4274-b3fd-87c8ffd2a623|rpc:localhost:37003|admin:|client:|dataStream:|priority:0], old=null
2022-09-12 01:23:14,899 [2b79d285-0efa-4274-b3fd-87c8ffd2a623@group-392DE73F1C7A-LeaderElection2] INFO  impl.LeaderElection (LeaderElection.java:askForVotes(312)) - 2b79d285-0efa-4274-b3fd-87c8ffd2a623@group-392DE73F1C7A-LeaderElection2 ELECTION round 0: result PASSED (term=2)
2022-09-12 01:23:14,899 [2b79d285-0efa-4274-b3fd-87c8ffd2a623@group-392DE73F1C7A-LeaderElection2] INFO  impl.RoleInfo (RoleInfo.java:shutdownLeaderElection(130)) - 2b79d285-0efa-4274-b3fd-87c8ffd2a623: shutdown 2b79d285-0efa-4274-b3fd-87c8ffd2a623@group-392DE73F1C7A-LeaderElection2
2022-09-12 01:23:14,899 [2b79d285-0efa-4274-b3fd-87c8ffd2a623@group-392DE73F1C7A-LeaderElection2] INFO  server.RaftServer$Division (RaftServerImpl.java:setRole(299)) - 2b79d285-0efa-4274-b3fd-87c8ffd2a623@group-392DE73F1C7A: changes role from CANDIDATE to LEADER at term 2 for changeToLeader
2022-09-12 01:23:14,899 [2b79d285-0efa-4274-b3fd-87c8ffd2a623@group-392DE73F1C7A-LeaderElection2] INFO  ha.SCMStateMachine (SCMStateMachine.java:notifyLeaderChanged(259)) - current SCM becomes leader of term 2.
2022-09-12 01:23:14,899 [2b79d285-0efa-4274-b3fd-87c8ffd2a623@group-392DE73F1C7A-LeaderElection2] INFO  ha.SCMContext (SCMContext.java:updateLeaderAndTerm(99)) - update <isLeader,term> from <false,0> to <true,2>
2022-09-12 01:23:14,901 [2b79d285-0efa-4274-b3fd-87c8ffd2a623@group-392DE73F1C7A-LeaderElection2] INFO  server.RaftServer$Division (ServerState.java:setLeader(287)) - 2b79d285-0efa-4274-b3fd-87c8ffd2a623@group-392DE73F1C7A: change Leader from null to 2b79d285-0efa-4274-b3fd-87c8ffd2a623 at term 2 for becomeLeader, leader elected after 6321ms
2022-09-12 01:23:14,901 [2b79d285-0efa-4274-b3fd-87c8ffd2a623@group-392DE73F1C7A-LeaderElection2] INFO  server.RaftServerConfigKeys (ConfUtils.java:logGet(46)) - raft.server.staging.catchup.gap = 1000 (default)
2022-09-12 01:23:14,901 [2b79d285-0efa-4274-b3fd-87c8ffd2a623@group-392DE73F1C7A-LeaderElection2] INFO  server.RaftServerConfigKeys (ConfUtils.java:logGet(46)) - raft.server.write.element-limit = 4096 (default)
2022-09-12 01:23:14,902 [2b79d285-0efa-4274-b3fd-87c8ffd2a623@group-392DE73F1C7A-LeaderElection2] INFO  server.RaftServerConfigKeys (ConfUtils.java:logGet(46)) - raft.server.write.byte-limit = 64MB (=67108864) (default)
2022-09-12 01:23:14,902 [2b79d285-0efa-4274-b3fd-87c8ffd2a623@group-392DE73F1C7A-LeaderElection2] INFO  server.RaftServerConfigKeys (ConfUtils.java:logGet(46)) - raft.server.watch.timeout = 10s (default)
2022-09-12 01:23:14,902 [2b79d285-0efa-4274-b3fd-87c8ffd2a623@group-392DE73F1C7A-LeaderElection2] INFO  server.RaftServerConfigKeys (ConfUtils.java:logGet(46)) - raft.server.watch.timeout.denomination = 1s (default)
2022-09-12 01:23:14,902 [2b79d285-0efa-4274-b3fd-87c8ffd2a623@group-392DE73F1C7A-LeaderElection2] INFO  server.RaftServerConfigKeys (ConfUtils.java:logGet(46)) - raft.server.watch.element-limit = 65536 (default)
2022-09-12 01:23:14,902 [2b79d285-0efa-4274-b3fd-87c8ffd2a623@group-392DE73F1C7A-LeaderElection2] INFO  server.RaftServerConfigKeys (ConfUtils.java:logGet(46)) - raft.server.write.element-limit = 4096 (default)
2022-09-12 01:23:14,902 [2b79d285-0efa-4274-b3fd-87c8ffd2a623@group-392DE73F1C7A-LeaderElection2] INFO  server.RaftServerConfigKeys (ConfUtils.java:logGet(46)) - raft.server.write.follower.gap.ratio.max = -1.0 (default)
2022-09-12 01:23:14,902 [2b79d285-0efa-4274-b3fd-87c8ffd2a623@group-392DE73F1C7A-LeaderElection2] INFO  impl.RoleInfo (RoleInfo.java:updateAndGet(139)) - 2b79d285-0efa-4274-b3fd-87c8ffd2a623: start 2b79d285-0efa-4274-b3fd-87c8ffd2a623@group-392DE73F1C7A-LeaderStateImpl
2022-09-12 01:23:14,903 [2b79d285-0efa-4274-b3fd-87c8ffd2a623@group-392DE73F1C7A-LeaderElection2] INFO  segmented.SegmentedRaftLogWorker (SegmentedRaftLogWorker.java:rollLogSegment(430)) - 2b79d285-0efa-4274-b3fd-87c8ffd2a623@group-392DE73F1C7A-SegmentedRaftLogWorker: Rolling segment log-0_0 to index:0
2022-09-12 01:23:14,905 [2b79d285-0efa-4274-b3fd-87c8ffd2a623@group-392DE73F1C7A-SegmentedRaftLogWorker] INFO  segmented.SegmentedRaftLogWorker (SegmentedRaftLogWorker.java:execute(586)) - 2b79d285-0efa-4274-b3fd-87c8ffd2a623@group-392DE73F1C7A-SegmentedRaftLogWorker: Rolled log segment from /home/runner/work/ozone/ozone/hadoop-ozone/integration-test/target/test-dir/MiniOzoneClusterImpl-3d4a976f-5e4d-41d2-99e8-392de73f1c7a/scmNode-1/scm-ha/3d4a976f-5e4d-41d2-99e8-392de73f1c7a/current/log_inprogress_0 to /home/runner/work/ozone/ozone/hadoop-ozone/integration-test/target/test-dir/MiniOzoneClusterImpl-3d4a976f-5e4d-41d2-99e8-392de73f1c7a/scmNode-1/scm-ha/3d4a976f-5e4d-41d2-99e8-392de73f1c7a/current/log_0-0
2022-09-12 01:23:14,906 [2b79d285-0efa-4274-b3fd-87c8ffd2a623@group-392DE73F1C7A-LeaderElection2] INFO  server.RaftServer$Division (ServerState.java:setRaftConf(393)) - 2b79d285-0efa-4274-b3fd-87c8ffd2a623@group-392DE73F1C7A: set configuration 1: [2b79d285-0efa-4274-b3fd-87c8ffd2a623|rpc:localhost:37003|admin:|client:|dataStream:|priority:0], old=null
2022-09-12 01:23:14,915 [2b79d285-0efa-4274-b3fd-87c8ffd2a623@group-392DE73F1C7A-SegmentedRaftLogWorker] INFO  segmented.SegmentedRaftLogWorker (SegmentedRaftLogWorker.java:execute(629)) - 2b79d285-0efa-4274-b3fd-87c8ffd2a623@group-392DE73F1C7A-SegmentedRaftLogWorker: created new log segment /home/runner/work/ozone/ozone/hadoop-ozone/integration-test/target/test-dir/MiniOzoneClusterImpl-3d4a976f-5e4d-41d2-99e8-392de73f1c7a/scmNode-1/scm-ha/3d4a976f-5e4d-41d2-99e8-392de73f1c7a/current/log_inprogress_1
2022-09-12 01:23:14,917 [2b79d285-0efa-4274-b3fd-87c8ffd2a623@group-392DE73F1C7A-StateMachineUpdater] INFO  ha.SCMContext (SCMContext.java:setLeaderReady(126)) - update <isLeaderReady> from <false> to <true>
2022-09-12 01:23:14,917 [2b79d285-0efa-4274-b3fd-87c8ffd2a623@group-392DE73F1C7A-StateMachineUpdater] INFO  pipeline.BackgroundPipelineCreator (BackgroundPipelineCreator.java:notifyStatusChanged(254)) - Service BackgroundPipelineCreator transitions to RUNNING.
2022-09-12 01:23:14,920 [2b79d285-0efa-4274-b3fd-87c8ffd2a623@group-392DE73F1C7A-StateMachineUpdater] INFO  safemode.HealthyPipelineSafeModeRule (HealthyPipelineSafeModeRule.java:initializeRule(165)) - Refreshed total pipeline count is 0, healthy pipeline threshold count is 1
2022-09-12 01:23:14,921 [2b79d285-0efa-4274-b3fd-87c8ffd2a623@group-392DE73F1C7A-StateMachineUpdater] INFO  safemode.ContainerSafeModeRule (ContainerSafeModeRule.java:reInitializeRule(177)) - Refreshed one replica container threshold 0, currentThreshold 0
2022-09-12 01:23:14,921 [2b79d285-0efa-4274-b3fd-87c8ffd2a623@group-392DE73F1C7A-StateMachineUpdater] INFO  safemode.OneReplicaPipelineSafeModeRule (OneReplicaPipelineSafeModeRule.java:initializeRule(176)) - Refreshed Total pipeline count is 0, pipeline's with at least one datanode reported threshold count is 0
2022-09-12 01:23:14,922 [2b79d285-0efa-4274-b3fd-87c8ffd2a623@group-392DE73F1C7A-StateMachineUpdater] INFO  server.SCMDatanodeProtocolServer (SCMDatanodeProtocolServer.java:start(186)) - ScmDatanodeProtocol RPC server for DataNodes is listening at /0.0.0.0:40693
2022-09-12 01:23:14,925 [IPC Server Responder] INFO  ipc.Server (Server.java:run(1507)) - IPC Server Responder: starting
2022-09-12 01:23:14,925 [IPC Server listener on 40693] INFO  ipc.Server (Server.java:run(1344)) - IPC Server listener on 40693: starting
OM initialization succeeded.Current cluster id for sd=/home/runner/work/ozone/ozone/hadoop-ozone/integration-test/target/test-dir/MiniOzoneClusterImpl-3d4a976f-5e4d-41d2-99e8-392de73f1c7a/omNode-1/om;cid=3d4a976f-5e4d-41d2-99e8-392de73f1c7a;layoutVersion=3
2022-09-12 01:23:16,779 [Listener at 0.0.0.0/42673] INFO  ha.OMHANodeDetails (OMHANodeDetails.java:loadOMHAConfig(121)) - ServiceID for OzoneManager is om-add-remove
2022-09-12 01:23:16,779 [Listener at 0.0.0.0/42673] INFO  ha.OMHANodeDetails (OMHANodeDetails.java:loadOMHAConfig(201)) - Found matching OM address with OMServiceId: om-add-remove, OMNodeId: omNode-1, RPC Address: localhost:42721 and Ratis port: 36869
2022-09-12 01:23:16,780 [Listener at 0.0.0.0/42673] INFO  ha.OMHANodeDetails (ConfUtils.java:setNodeSpecificConfigs(97)) - Setting configuration key ozone.om.http-address with value of key ozone.om.http-address.om-add-remove.omNode-1: 127.0.0.1:39163
2022-09-12 01:23:16,780 [Listener at 0.0.0.0/42673] INFO  ha.OMHANodeDetails (ConfUtils.java:setNodeSpecificConfigs(97)) - Setting configuration key ozone.om.https-address with value of key ozone.om.https-address.om-add-remove.omNode-1: 127.0.0.1:45845
2022-09-12 01:23:16,780 [Listener at 0.0.0.0/42673] INFO  ha.OMHANodeDetails (ConfUtils.java:setNodeSpecificConfigs(97)) - Setting configuration key ozone.om.address with value of key ozone.om.address.om-add-remove.omNode-1: 127.0.0.1:42721
2022-09-12 01:23:16,780 [Listener at 0.0.0.0/42673] WARN  server.ServerUtils (ServerUtils.java:getDBPath(225)) - ozone.om.db.dirs is not configured. We recommend adding this setting. Falling back to ozone.metadata.dirs instead.
2022-09-12 01:23:16,782 [Listener at 0.0.0.0/42673] INFO  upgrade.AbstractLayoutVersionManager (AbstractLayoutVersionManager.java:init(83)) - Initializing Layout version manager with metadata layout = MULTITENANCY_SCHEMA (version = 3), software layout = MULTITENANCY_SCHEMA (version = 3)
2022-09-12 01:23:16,860 [Listener at 0.0.0.0/42673] INFO  reflections.Reflections (Reflections.java:scan(232)) - Reflections took 74 ms to scan 2 urls, producing 153 keys and 427 values [using 2 cores]
2022-09-12 01:23:16,865 [Listener at 0.0.0.0/42673] INFO  upgrade.OMLayoutVersionManager (OMLayoutVersionManager.java:lambda$0(115)) - Skipping Upgrade Action MockOmUpgradeAction since it has been finalized.
2022-09-12 01:23:16,866 [Listener at 0.0.0.0/42673] WARN  server.ServerUtils (ServerUtils.java:getDBPath(225)) - ozone.om.db.dirs is not configured. We recommend adding this setting. Falling back to ozone.metadata.dirs instead.
2022-09-12 01:23:16,873 [Listener at 0.0.0.0/42673] INFO  ha.SCMNodeInfo (SCMNodeInfo.java:getPort(197)) - ConfigKey ozone.scm.client.address is deprecated, For configuring different ports for each SCM use PortConfigKey ozone.scm.client.port appended with serviceId and nodeId
2022-09-12 01:23:16,873 [Listener at 0.0.0.0/42673] INFO  ha.SCMNodeInfo (SCMNodeInfo.java:getPort(197)) - ConfigKey ozone.scm.block.client.address is deprecated, For configuring different ports for each SCM use PortConfigKey ozone.scm.block.client.port appended with serviceId and nodeId
2022-09-12 01:23:16,874 [Listener at 0.0.0.0/42673] INFO  ha.SCMNodeInfo (SCMNodeInfo.java:getPort(197)) - ConfigKey ozone.scm.datanode.address is deprecated, For configuring different ports for each SCM use PortConfigKey ozone.scm.datanode.port appended with serviceId and nodeId
2022-09-12 01:23:17,114 [Listener at 0.0.0.0/42673] INFO  ha.SCMNodeInfo (SCMNodeInfo.java:getPort(197)) - ConfigKey ozone.scm.client.address is deprecated, For configuring different ports for each SCM use PortConfigKey ozone.scm.client.port appended with serviceId and nodeId
2022-09-12 01:23:17,114 [Listener at 0.0.0.0/42673] INFO  ha.SCMNodeInfo (SCMNodeInfo.java:getPort(197)) - ConfigKey ozone.scm.block.client.address is deprecated, For configuring different ports for each SCM use PortConfigKey ozone.scm.block.client.port appended with serviceId and nodeId
2022-09-12 01:23:17,115 [Listener at 0.0.0.0/42673] INFO  ha.SCMNodeInfo (SCMNodeInfo.java:getPort(197)) - ConfigKey ozone.scm.datanode.address is deprecated, For configuring different ports for each SCM use PortConfigKey ozone.scm.datanode.port appended with serviceId and nodeId
2022-09-12 01:23:17,115 [Listener at 0.0.0.0/42673] INFO  proxy.SCMBlockLocationFailoverProxyProvider (SCMBlockLocationFailoverProxyProvider.java:<init>(114)) - Created block location fail-over proxy with 1 nodes: [nodeId=scmNode-1,nodeAddress=/127.0.0.1:35481]
2022-09-12 01:23:17,120 [Listener at 0.0.0.0/42673] INFO  ha.SCMNodeInfo (SCMNodeInfo.java:getPort(197)) - ConfigKey ozone.scm.client.address is deprecated, For configuring different ports for each SCM use PortConfigKey ozone.scm.client.port appended with serviceId and nodeId
2022-09-12 01:23:17,120 [Listener at 0.0.0.0/42673] INFO  ha.SCMNodeInfo (SCMNodeInfo.java:getPort(197)) - ConfigKey ozone.scm.block.client.address is deprecated, For configuring different ports for each SCM use PortConfigKey ozone.scm.block.client.port appended with serviceId and nodeId
2022-09-12 01:23:17,123 [Listener at 0.0.0.0/42673] INFO  ha.SCMNodeInfo (SCMNodeInfo.java:getPort(197)) - ConfigKey ozone.scm.datanode.address is deprecated, For configuring different ports for each SCM use PortConfigKey ozone.scm.datanode.port appended with serviceId and nodeId
2022-09-12 01:23:17,123 [Listener at 0.0.0.0/42673] INFO  proxy.SCMBlockLocationFailoverProxyProvider (SCMBlockLocationFailoverProxyProvider.java:<init>(114)) - Created block location fail-over proxy with 1 nodes: [nodeId=scmNode-1,nodeAddress=/127.0.0.1:35481]
2022-09-12 01:23:17,159 [Listener at 0.0.0.0/42673] WARN  server.ServerUtils (ServerUtils.java:getDBPath(225)) - ozone.om.db.dirs is not configured. We recommend adding this setting. Falling back to ozone.metadata.dirs instead.
2022-09-12 01:23:17,166 [Listener at 0.0.0.0/42673] INFO  codec.OmKeyInfoCodec (OmKeyInfoCodec.java:<init>(49)) - OmKeyInfoCodec ignorePipeline = true
2022-09-12 01:23:17,167 [Listener at 0.0.0.0/42673] INFO  codec.RepeatedOmKeyInfoCodec (RepeatedOmKeyInfoCodec.java:<init>(41)) - RepeatedOmKeyInfoCodec ignorePipeline = true
2022-09-12 01:23:17,304 [Listener at 0.0.0.0/42673] INFO  om.OzoneManager (OzoneManager.java:instantiateServices(707)) - S3 Multi-Tenancy is disabled
2022-09-12 01:23:17,378 [Listener at 0.0.0.0/42673] INFO  om.OzoneManager (OzoneManager.java:addS3GVolumeToDB(4298)) - Created Volume s3v With Owner runner required for S3Gateway operations.
2022-09-12 01:23:17,434 [Listener at 0.0.0.0/42673] WARN  server.ServerUtils (ServerUtils.java:getDefaultRatisDirectory(237)) - Storage directory for Ratis is not configured. It is a good idea to map this to an SSD disk. Falling back to ozone.metadata.dirs
2022-09-12 01:23:17,435 [Listener at 0.0.0.0/42673] WARN  utils.OzoneManagerRatisUtils (OzoneManagerRatisUtils.java:getOMRatisSnapshotDirectory(434)) - ozone.om.ratis.snapshot.dir is not configured. Falling back to ozone.metadata.dirs config
2022-09-12 01:23:17,440 [Listener at 0.0.0.0/42673] INFO  snapshot.OzoneManagerSnapshotProvider (OzoneManagerSnapshotProvider.java:<init>(76)) - Initializing OM Snapshot Provider
2022-09-12 01:23:17,536 [Listener at 0.0.0.0/42673] WARN  impl.MetricRegistriesImpl (MetricRegistriesImpl.java:addReporterRegistration(111)) - New reporters are added after registries were created. Some metrics will be missing from the reporter. Please add reporter before adding any new registry.
2022-09-12 01:23:17,536 [Listener at 0.0.0.0/42673] WARN  impl.MetricRegistriesImpl (MetricRegistriesImpl.java:addReporterRegistration(111)) - New reporters are added after registries were created. Some metrics will be missing from the reporter. Please add reporter before adding any new registry.
2022-09-12 01:23:17,537 [Listener at 0.0.0.0/42673] WARN  server.ServerUtils (ServerUtils.java:getDefaultRatisDirectory(237)) - Storage directory for Ratis is not configured. It is a good idea to map this to an SSD disk. Falling back to ozone.metadata.dirs
2022-09-12 01:23:17,539 [Listener at 0.0.0.0/42673] INFO  ratis.OzoneManagerRatisServer (OzoneManagerRatisServer.java:<init>(159)) - Instantiating OM Ratis server with groupID: om-add-remove and peers: localhost:36869, localhost:43293, localhost:45055
2022-09-12 01:23:17,543 [Listener at 0.0.0.0/42673] INFO  ratis.OzoneManagerStateMachine (OzoneManagerStateMachine.java:loadSnapshotInfoFromDB(632)) - LastAppliedIndex is set from TransactionInfo from OM DB as (t:0, i:~)
2022-09-12 01:23:17,569 [Listener at 0.0.0.0/42673] INFO  server.RaftServer (ConfUtils.java:logGet(46)) - raft.rpc.type = GRPC (default)
2022-09-12 01:23:17,570 [Listener at 0.0.0.0/42673] INFO  grpc.GrpcFactory (GrpcFactory.java:checkPooledByteBufAllocatorUseCacheForAllThreads(48)) - PERFORMANCE WARNING: useCacheForAllThreads is true that may cause Netty to create a lot garbage objects and, as a result, trigger GC.
	It is recommended to disable useCacheForAllThreads by setting -Dorg.apache.ratis.thirdparty.io.netty.allocator.useCacheForAllThreads=false in command line.
2022-09-12 01:23:17,570 [Listener at 0.0.0.0/42673] INFO  grpc.GrpcConfigKeys (ConfUtils.java:logGet(46)) - raft.grpc.admin.port = -1 (default)
2022-09-12 01:23:17,570 [Listener at 0.0.0.0/42673] INFO  grpc.GrpcConfigKeys (ConfUtils.java:logGet(46)) - raft.grpc.server.port = 36869 (custom)
2022-09-12 01:23:17,570 [Listener at 0.0.0.0/42673] INFO  grpc.GrpcConfigKeys (ConfUtils.java:logGet(46)) - raft.grpc.client.port = -1 (default)
2022-09-12 01:23:17,570 [Listener at 0.0.0.0/42673] INFO  grpc.GrpcConfigKeys (ConfUtils.java:logGet(46)) - raft.grpc.server.port = 36869 (custom)
2022-09-12 01:23:17,570 [Listener at 0.0.0.0/42673] INFO  grpc.GrpcConfigKeys (ConfUtils.java:logGet(46)) - raft.grpc.server.port = 36869 (custom)
2022-09-12 01:23:17,571 [Listener at 0.0.0.0/42673] INFO  server.GrpcService (ConfUtils.java:logGet(46)) - raft.grpc.message.size.max = 33554432 (custom)
2022-09-12 01:23:17,571 [Listener at 0.0.0.0/42673] INFO  server.RaftServerConfigKeys (ConfUtils.java:logGet(46)) - raft.server.log.appender.buffer.byte-limit = 33554432 (custom)
2022-09-12 01:23:17,571 [Listener at 0.0.0.0/42673] INFO  server.GrpcService (ConfUtils.java:logGet(46)) - raft.grpc.flow.control.window = 1MB (=1048576) (default)
2022-09-12 01:23:17,571 [Listener at 0.0.0.0/42673] INFO  server.RaftServerConfigKeys (ConfUtils.java:logGet(46)) - raft.server.rpc.request.timeout = 3000ms (default)
2022-09-12 01:23:17,571 [Listener at 0.0.0.0/42673] INFO  grpc.GrpcConfigKeys (ConfUtils.java:logGet(46)) - raft.grpc.server.async.request.thread.pool.cached = true (default)
2022-09-12 01:23:17,571 [Listener at 0.0.0.0/42673] INFO  grpc.GrpcConfigKeys (ConfUtils.java:logGet(46)) - raft.grpc.server.async.request.thread.pool.size = 32 (default)
2022-09-12 01:23:17,572 [Listener at 0.0.0.0/42673] INFO  impl.DataStreamServerImpl (ConfUtils.java:logGet(46)) - raft.datastream.type = DISABLED (default)
2022-09-12 01:23:17,572 [Listener at 0.0.0.0/42673] INFO  server.RaftServerConfigKeys (ConfUtils.java:logGet(46)) - raft.server.threadpool.proxy.cached = true (default)
2022-09-12 01:23:17,572 [Listener at 0.0.0.0/42673] INFO  server.RaftServerConfigKeys (ConfUtils.java:logGet(46)) - raft.server.threadpool.proxy.size = 0 (default)
2022-09-12 01:23:17,573 [Listener at 0.0.0.0/42673] INFO  server.RaftServerConfigKeys (ConfUtils.java:logGet(46)) - raft.server.rpc.slowness.timeout = 2s (custom)
2022-09-12 01:23:17,573 [Listener at 0.0.0.0/42673] INFO  server.RaftServerConfigKeys (ConfUtils.java:logGet(46)) - raft.server.leaderelection.leader.step-down.wait-time = 10s (default)
2022-09-12 01:23:17,573 [Listener at 0.0.0.0/42673] INFO  server.RaftServerConfigKeys (ConfUtils.java:logGet(46)) - raft.server.storage.dir = [/home/runner/work/ozone/ozone/hadoop-ozone/integration-test/target/test-dir/MiniOzoneClusterImpl-3d4a976f-5e4d-41d2-99e8-392de73f1c7a/omNode-1/ratis] (custom)
2022-09-12 01:23:17,576 [Listener at 0.0.0.0/42673] INFO  server.RaftServer (RaftServerProxy.java:addNew(96)) - omNode-1: addNew group-0AAC5367B30E:[omNode-3|rpc:localhost:43293|priority:0, omNode-1|rpc:localhost:36869|priority:0, omNode-2|rpc:localhost:45055|priority:0] returns group-0AAC5367B30E:java.util.concurrent.CompletableFuture@6b7d363c[Not completed]
2022-09-12 01:23:17,576 [Listener at 0.0.0.0/42673] INFO  om.OzoneManager (OzoneManager.java:initializeRatisServer(1973)) - OzoneManager Ratis server initialized at port 36869
2022-09-12 01:23:17,584 [pool-62-thread-1] INFO  server.RaftServer$Division (RaftServerImpl.java:<init>(190)) - omNode-1: new RaftServerImpl for group-0AAC5367B30E:[omNode-3|rpc:localhost:43293|priority:0, omNode-1|rpc:localhost:36869|priority:0, omNode-2|rpc:localhost:45055|priority:0] with OzoneManagerStateMachine:uninitialized
2022-09-12 01:23:17,585 [pool-62-thread-1] INFO  server.RaftServerConfigKeys (ConfUtils.java:logGet(46)) - raft.server.rpc.timeout.min = 1s (custom)
2022-09-12 01:23:17,586 [pool-62-thread-1] INFO  server.RaftServerConfigKeys (ConfUtils.java:logGet(46)) - raft.server.rpc.timeout.max = 1200ms (custom)
2022-09-12 01:23:17,586 [pool-62-thread-1] INFO  server.RaftServerConfigKeys (ConfUtils.java:logGet(46)) - raft.server.rpc.sleep.time = 25ms (default)
2022-09-12 01:23:17,586 [pool-62-thread-1] INFO  server.RaftServerConfigKeys (ConfUtils.java:logGet(46)) - raft.server.rpc.slowness.timeout = 2s (custom)
2022-09-12 01:23:17,586 [pool-62-thread-1] INFO  server.RaftServerConfigKeys (ConfUtils.java:logGet(46)) - raft.server.leaderelection.leader.step-down.wait-time = 10s (default)
2022-09-12 01:23:17,586 [pool-62-thread-1] INFO  server.RaftServerConfigKeys (ConfUtils.java:logGet(46)) - raft.server.sleep.deviation.threshold = 300ms (default)
2022-09-12 01:23:17,586 [pool-62-thread-1] INFO  server.RaftServer$Division (ServerState.java:<init>(107)) - omNode-1@group-0AAC5367B30E: ConfigurationManager, init=-1: [omNode-3|rpc:localhost:43293|priority:0, omNode-1|rpc:localhost:36869|priority:0, omNode-2|rpc:localhost:45055|priority:0], old=null, confs=<EMPTY_MAP>
2022-09-12 01:23:17,586 [pool-62-thread-1] INFO  server.RaftServerConfigKeys (ConfUtils.java:logGet(46)) - raft.server.storage.dir = [/home/runner/work/ozone/ozone/hadoop-ozone/integration-test/target/test-dir/MiniOzoneClusterImpl-3d4a976f-5e4d-41d2-99e8-392de73f1c7a/omNode-1/ratis] (custom)
2022-09-12 01:23:17,586 [pool-62-thread-1] INFO  server.RaftServerConfigKeys (ConfUtils.java:logGet(46)) - raft.server.log.corruption.policy = EXCEPTION (default)
2022-09-12 01:23:17,586 [pool-62-thread-1] INFO  server.RaftServerConfigKeys (ConfUtils.java:logGet(46)) - raft.server.storage.free-space.min = 0MB (=0) (default)
2022-09-12 01:23:17,586 [pool-62-thread-1] INFO  storage.RaftStorageDirectory (RaftStorageDirectoryImpl.java:analyzeStorage(135)) - The storage directory /home/runner/work/ozone/ozone/hadoop-ozone/integration-test/target/test-dir/MiniOzoneClusterImpl-3d4a976f-5e4d-41d2-99e8-392de73f1c7a/omNode-1/ratis/0718e334-ffa1-36bc-8e9a-0aac5367b30e does not exist. Creating ...
2022-09-12 01:23:17,585 [Listener at 0.0.0.0/42673] INFO  om.OzoneManager (OzoneManager.java:getRpcServer(1096)) - Creating RPC Server
2022-09-12 01:23:17,593 [pool-62-thread-1] INFO  storage.RaftStorageDirectory (RaftStorageDirectoryImpl.java:tryLock(230)) - Lock on /home/runner/work/ozone/ozone/hadoop-ozone/integration-test/target/test-dir/MiniOzoneClusterImpl-3d4a976f-5e4d-41d2-99e8-392de73f1c7a/omNode-1/ratis/0718e334-ffa1-36bc-8e9a-0aac5367b30e/in_use.lock acquired by nodename 51693@fv-az167-317
2022-09-12 01:23:17,594 [pool-62-thread-1] INFO  storage.RaftStorage (RaftStorageImpl.java:format(89)) - Storage directory /home/runner/work/ozone/ozone/hadoop-ozone/integration-test/target/test-dir/MiniOzoneClusterImpl-3d4a976f-5e4d-41d2-99e8-392de73f1c7a/omNode-1/ratis/0718e334-ffa1-36bc-8e9a-0aac5367b30e has been successfully formatted.
2022-09-12 01:23:17,594 [pool-62-thread-1] INFO  server.RaftServerConfigKeys (ConfUtils.java:logGet(46)) - raft.server.notification.no-leader.timeout = 2s (custom)
2022-09-12 01:23:17,594 [pool-62-thread-1] INFO  server.RaftServerConfigKeys (ConfUtils.java:logGet(46)) - raft.server.log.use.memory = false (default)
2022-09-12 01:23:17,594 [pool-62-thread-1] INFO  server.RaftServerConfigKeys (ConfUtils.java:logGet(46)) - raft.server.log.purge.gap = 1000000 (custom)
2022-09-12 01:23:17,594 [pool-62-thread-1] INFO  server.RaftServerConfigKeys (ConfUtils.java:logGet(46)) - raft.server.log.appender.buffer.byte-limit = 33554432 (custom)
2022-09-12 01:23:17,595 [pool-62-thread-1] INFO  server.RaftServerConfigKeys (ConfUtils.java:logGet(46)) - raft.server.log.statemachine.data.read.timeout = 1000ms (default)
2022-09-12 01:23:17,595 [pool-62-thread-1] INFO  server.RaftServerConfigKeys (ConfUtils.java:logGet(46)) - raft.server.log.segment.size.max = 4194304 (custom)
2022-09-12 01:23:17,595 [pool-62-thread-1] INFO  server.RaftServerConfigKeys (ConfUtils.java:logGet(46)) - raft.server.log.segment.cache.num.max = 2 (custom)
2022-09-12 01:23:17,595 [pool-62-thread-1] INFO  server.RaftServerConfigKeys (ConfUtils.java:logGet(46)) - raft.server.log.segment.cache.size.max = 200MB (=209715200) (default)
2022-09-12 01:23:17,595 [pool-62-thread-1] INFO  segmented.SegmentedRaftLogWorker (SegmentedRaftLogWorker.java:<init>(187)) - new omNode-1@group-0AAC5367B30E-SegmentedRaftLogWorker for RaftStorageImpl:Storage Directory /home/runner/work/ozone/ozone/hadoop-ozone/integration-test/target/test-dir/MiniOzoneClusterImpl-3d4a976f-5e4d-41d2-99e8-392de73f1c7a/omNode-1/ratis/0718e334-ffa1-36bc-8e9a-0aac5367b30e
2022-09-12 01:23:17,595 [pool-62-thread-1] INFO  server.RaftServerConfigKeys (ConfUtils.java:logGet(46)) - raft.server.log.queue.byte-limit = 64MB (=67108864) (default)
2022-09-12 01:23:17,595 [pool-62-thread-1] INFO  server.RaftServerConfigKeys (ConfUtils.java:logGet(46)) - raft.server.log.queue.element-limit = 4096 (default)
2022-09-12 01:23:17,595 [pool-62-thread-1] INFO  server.RaftServerConfigKeys (ConfUtils.java:logGet(46)) - raft.server.log.segment.size.max = 4194304 (custom)
2022-09-12 01:23:17,595 [pool-62-thread-1] INFO  server.RaftServerConfigKeys (ConfUtils.java:logGet(46)) - raft.server.log.preallocated.size = 4194304 (custom)
2022-09-12 01:23:17,596 [pool-62-thread-1] INFO  server.RaftServerConfigKeys (ConfUtils.java:logGet(46)) - raft.server.log.force.sync.num = 128 (default)
2022-09-12 01:23:17,596 [pool-62-thread-1] INFO  server.RaftServerConfigKeys (ConfUtils.java:logGet(46)) - raft.server.log.statemachine.data.sync = true (default)
2022-09-12 01:23:17,596 [pool-62-thread-1] INFO  server.RaftServerConfigKeys (ConfUtils.java:logGet(46)) - raft.server.log.statemachine.data.sync.timeout = 10s (default)
2022-09-12 01:23:17,596 [pool-62-thread-1] INFO  server.RaftServerConfigKeys (ConfUtils.java:logGet(46)) - raft.server.log.statemachine.data.sync.timeout.retry = -1 (default)
2022-09-12 01:23:17,597 [pool-62-thread-1] INFO  server.RaftServerConfigKeys (ConfUtils.java:logGet(46)) - raft.server.log.write.buffer.size = 64KB (=65536) (default)
2022-09-12 01:23:17,597 [pool-62-thread-1] INFO  server.RaftServerConfigKeys (ConfUtils.java:logGet(46)) - raft.server.log.unsafe-flush.enabled = false (default)
2022-09-12 01:23:17,597 [pool-62-thread-1] INFO  server.RaftServerConfigKeys (ConfUtils.java:logGet(46)) - raft.server.log.statemachine.data.caching.enabled = false (default)
2022-09-12 01:23:17,597 [pool-62-thread-1] INFO  segmented.SegmentedRaftLogWorker (SegmentedRaftLogWorker.java:lambda$new$0(135)) - omNode-1@group-0AAC5367B30E-SegmentedRaftLogWorker: flushIndex: setUnconditionally 0 -> -1
2022-09-12 01:23:17,597 [pool-62-thread-1] INFO  segmented.SegmentedRaftLogWorker (SegmentedRaftLogWorker.java:lambda$new$0(135)) - omNode-1@group-0AAC5367B30E-SegmentedRaftLogWorker: safeCacheEvictIndex: setUnconditionally 0 -> -1
2022-09-12 01:23:17,604 [pool-62-thread-1] INFO  server.RaftServerConfigKeys (ConfUtils.java:logGet(46)) - raft.server.snapshot.auto.trigger.enabled = true (custom)
2022-09-12 01:23:17,604 [pool-62-thread-1] INFO  server.RaftServerConfigKeys (ConfUtils.java:logGet(46)) - raft.server.snapshot.auto.trigger.threshold = 400000 (default)
2022-09-12 01:23:17,605 [pool-62-thread-1] INFO  server.RaftServerConfigKeys (ConfUtils.java:logGet(46)) - raft.server.snapshot.retention.file.num = -1 (default)
2022-09-12 01:23:17,605 [pool-62-thread-1] INFO  server.RaftServerConfigKeys (ConfUtils.java:logGet(46)) - raft.server.log.purge.upto.snapshot.index = true (custom)
2022-09-12 01:23:17,605 [pool-62-thread-1] INFO  server.RaftServerConfigKeys (ConfUtils.java:logGet(46)) - raft.server.retrycache.expirytime = 300s (custom)
2022-09-12 01:23:17,605 [pool-62-thread-1] INFO  server.RaftServerConfigKeys (ConfUtils.java:logGet(46)) - raft.server.retrycache.statistics.expirytime = 100μs (default)
2022-09-12 01:23:17,606 [pool-62-thread-1] INFO  server.RaftServerConfigKeys (ConfUtils.java:logGet(46)) - raft.server.log.appender.install.snapshot.enabled = false (custom)
2022-09-12 01:23:17,606 [pool-62-thread-1] INFO  server.RaftServerConfigKeys (ConfUtils.java:logGet(46)) - raft.server.threadpool.server.cached = true (default)
2022-09-12 01:23:17,606 [pool-62-thread-1] INFO  server.RaftServerConfigKeys (ConfUtils.java:logGet(46)) - raft.server.threadpool.server.size = 0 (default)
2022-09-12 01:23:17,606 [pool-62-thread-1] INFO  server.RaftServerConfigKeys (ConfUtils.java:logGet(46)) - raft.server.threadpool.client.cached = true (default)
2022-09-12 01:23:17,606 [pool-62-thread-1] INFO  server.RaftServerConfigKeys (ConfUtils.java:logGet(46)) - raft.server.threadpool.client.size = 0 (default)
2022-09-12 01:23:18,164 [Listener at 0.0.0.0/42673] INFO  reflections.Reflections (Reflections.java:scan(232)) - Reflections took 533 ms to scan 19 urls, producing 67 keys and 4171 values [using 2 cores]
2022-09-12 01:23:18,339 [Listener at 0.0.0.0/42673] INFO  ipc.CallQueueManager (CallQueueManager.java:<init>(90)) - Using callQueue: class java.util.concurrent.LinkedBlockingQueue, queueCapacity: 2000, scheduler: class org.apache.hadoop.ipc.DefaultRpcScheduler, ipcBackoff: false.
2022-09-12 01:23:18,340 [Socket Reader #1 for port 42721] INFO  ipc.Server (Server.java:run(1265)) - Starting Socket Reader #1 for port 42721
2022-09-12 01:23:18,376 [Listener at 127.0.0.1/42721] INFO  impl.MetricsSystemImpl (MetricsSystemImpl.java:init(158)) - OzoneManager metrics system started (again)
2022-09-12 01:23:18,386 [Listener at 127.0.0.1/42721] INFO  om.OzoneManager (OzoneManager.java:start(1480)) - OzoneManager RPC server is listening at localhost/127.0.0.1:42721
2022-09-12 01:23:18,387 [Listener at 127.0.0.1/42721] INFO  ratis.OzoneManagerRatisServer (OzoneManagerRatisServer.java:start(554)) - Starting OzoneManagerRatisServer omNode-1 at port 36869
2022-09-12 01:23:18,387 [omNode-1-impl-thread1] INFO  server.RaftServer$Division (RaftServerImpl.java:start(310)) - omNode-1@group-0AAC5367B30E: start as a follower, conf=-1: [omNode-3|rpc:localhost:43293|priority:0, omNode-1|rpc:localhost:36869|priority:0, omNode-2|rpc:localhost:45055|priority:0], old=null
2022-09-12 01:23:18,387 [omNode-1-impl-thread1] INFO  server.RaftServer$Division (RaftServerImpl.java:setRole(299)) - omNode-1@group-0AAC5367B30E: changes role from      null to FOLLOWER at term 0 for startAsFollower
2022-09-12 01:23:18,387 [omNode-1-impl-thread1] INFO  impl.RoleInfo (RoleInfo.java:updateAndGet(139)) - omNode-1: start omNode-1@group-0AAC5367B30E-FollowerState
2022-09-12 01:23:18,387 [omNode-1-impl-thread1] INFO  util.JmxRegister (JmxRegister.java:tryRegister(44)) - Successfully registered JMX Bean with object name Ratis:service=RaftServer,group=group-0AAC5367B30E,id=omNode-1
2022-09-12 01:23:18,396 [Listener at 127.0.0.1/42721] INFO  server.RaftServer (RaftServerProxy.java:lambda$start$6(382)) - omNode-1: start RPC server
2022-09-12 01:23:18,404 [Listener at 127.0.0.1/42721] INFO  server.GrpcService (GrpcService.java:startImpl(260)) - omNode-1: GrpcService started, listening on 36869
2022-09-12 01:23:18,405 [Listener at 127.0.0.1/42721] INFO  om.OzoneManager (OzoneManager.java:start(1496)) - Version File has different layout version (3) than OM DB (null). That is expected if this OM has never been finalized to a newer layout version.
2022-09-12 01:23:18,407 [org.apache.ratis.util.JvmPauseMonitor$$Lambda$605/1445225850@6f451af5] INFO  util.JvmPauseMonitor (JvmPauseMonitor.java:run(103)) - JvmPauseMonitor-omNode-1: Started
2022-09-12 01:23:18,421 [Listener at 127.0.0.1/42721] INFO  http.BaseHttpServer (BaseHttpServer.java:newHttpServer2BuilderForOzone(213)) - Starting Web-server for ozoneManager at: http://0.0.0.0:39163
2022-09-12 01:23:18,421 [Listener at 127.0.0.1/42721] INFO  http.BaseHttpServer (BaseHttpServer.java:<init>(108)) - Hadoop Security Enabled: false Ozone Security Enabled: false Ozone HTTP Security Enabled: false 
2022-09-12 01:23:18,423 [Listener at 127.0.0.1/42721] INFO  server.AuthenticationFilter (AuthenticationFilter.java:constructSecretProvider(240)) - Unable to initialize FileSignerSecretProvider, falling back to use random secrets.
2022-09-12 01:23:18,423 [Listener at 127.0.0.1/42721] WARN  http.HttpRequestLog (HttpRequestLog.java:getRequestLog(103)) - Jetty request log can only be enabled using Log4j
2022-09-12 01:23:18,425 [Listener at 127.0.0.1/42721] INFO  http.HttpServer2 (HttpServer2.java:addGlobalFilter(1029)) - Added global filter 'safety' (class=org.apache.hadoop.hdds.server.http.HttpServer2$QuotingInputFilter)
2022-09-12 01:23:18,426 [Listener at 127.0.0.1/42721] INFO  http.HttpServer2 (HttpServer2.java:addFilter(1005)) - Added filter static_user_filter (class=org.apache.hadoop.http.lib.StaticUserWebFilter$StaticUserFilter) to context ozoneManager
2022-09-12 01:23:18,426 [Listener at 127.0.0.1/42721] INFO  http.HttpServer2 (HttpServer2.java:addFilter(1013)) - Added filter static_user_filter (class=org.apache.hadoop.http.lib.StaticUserWebFilter$StaticUserFilter) to context logs
2022-09-12 01:23:18,426 [Listener at 127.0.0.1/42721] INFO  http.HttpServer2 (HttpServer2.java:addFilter(1013)) - Added filter static_user_filter (class=org.apache.hadoop.http.lib.StaticUserWebFilter$StaticUserFilter) to context static
2022-09-12 01:23:18,428 [Listener at 127.0.0.1/42721] INFO  http.HttpServer2 (HttpServer2.java:bindListener(1248)) - Jetty bound to port 39163
2022-09-12 01:23:18,428 [Listener at 127.0.0.1/42721] INFO  server.Server (Server.java:doStart(375)) - jetty-9.4.43.v20210629; built: 2021-06-30T11:07:22.254Z; git: 526006ecfa3af7f1a27ef3a288e2bef7ea9dd7e8; jvm 1.8.0_345-b01
2022-09-12 01:23:18,430 [Listener at 127.0.0.1/42721] INFO  server.session (DefaultSessionIdManager.java:doStart(334)) - DefaultSessionIdManager workerName=node0
2022-09-12 01:23:18,430 [Listener at 127.0.0.1/42721] INFO  server.session (DefaultSessionIdManager.java:doStart(339)) - No SessionScavenger set, using defaults
2022-09-12 01:23:18,431 [Listener at 127.0.0.1/42721] INFO  server.session (HouseKeeper.java:startScavenging(132)) - node0 Scavenging every 600000ms
2022-09-12 01:23:18,431 [Listener at 127.0.0.1/42721] INFO  handler.ContextHandler (ContextHandler.java:doStart(915)) - Started o.e.j.s.ServletContextHandler@169ea60a{logs,/logs,file:///home/runner/work/ozone/ozone/hadoop-ozone/integration-test/target/log,AVAILABLE}
2022-09-12 01:23:18,432 [Listener at 127.0.0.1/42721] INFO  handler.ContextHandler (ContextHandler.java:doStart(915)) - Started o.e.j.s.ServletContextHandler@28356892{static,/static,file:///home/runner/work/ozone/ozone/hadoop-ozone/integration-test/target/test-classes/webapps/static,AVAILABLE}
2022-09-12 01:23:18,435 [Listener at 127.0.0.1/42721] INFO  handler.ContextHandler (ContextHandler.java:doStart(915)) - Started o.e.j.w.WebAppContext@993dab8{ozoneManager,/,file:///home/runner/work/ozone/ozone/hadoop-ozone/integration-test/target/test-classes/webapps/ozoneManager/,AVAILABLE}{file:/home/runner/work/ozone/ozone/hadoop-ozone/integration-test/target/test-classes/webapps/ozoneManager}
2022-09-12 01:23:18,436 [Listener at 127.0.0.1/42721] INFO  server.AbstractConnector (AbstractConnector.java:doStart(331)) - Started ServerConnector@42fccd6a{HTTP/1.1, (http/1.1)}{0.0.0.0:39163}
2022-09-12 01:23:18,436 [Listener at 127.0.0.1/42721] INFO  server.Server (Server.java:doStart(415)) - Started @19146ms
2022-09-12 01:23:18,436 [Listener at 127.0.0.1/42721] WARN  impl.MetricsSystemImpl (MetricsSystemImpl.java:register(279)) - Sink prometheus already exists!
2022-09-12 01:23:18,437 [Listener at 127.0.0.1/42721] INFO  http.BaseHttpServer (BaseHttpServer.java:updateConnectorAddress(333)) - HTTP server of ozoneManager listening at http://0.0.0.0:39163
2022-09-12 01:23:18,437 [IPC Server Responder] INFO  ipc.Server (Server.java:run(1507)) - IPC Server Responder: starting
2022-09-12 01:23:18,437 [IPC Server listener on 42721] INFO  ipc.Server (Server.java:run(1344)) - IPC Server listener on 42721: starting
2022-09-12 01:23:18,439 [Listener at 127.0.0.1/42721] INFO  om.OzoneManager (OzoneManager.java:startTrashEmptier(1917)) - Trash Interval set to 0. Files deleted won't move to trash
2022-09-12 01:23:18,439 [Listener at 127.0.0.1/42721] INFO  ozone.MiniOzoneHAClusterImpl (MiniOzoneHAClusterImpl.java:createOMService(527)) - Started OzoneManager omNode-1 RPC server at localhost/127.0.0.1:42721
2022-09-12 01:23:18,440 [Listener at 127.0.0.1/42721] INFO  ha.OMHANodeDetails (OMHANodeDetails.java:loadOMHAConfig(121)) - ServiceID for OzoneManager is om-add-remove
2022-09-12 01:23:18,441 [Listener at 127.0.0.1/42721] INFO  ha.OMHANodeDetails (OMHANodeDetails.java:loadOMHAConfig(201)) - Found matching OM address with OMServiceId: om-add-remove, OMNodeId: omNode-2, RPC Address: localhost:45777 and Ratis port: 45055
2022-09-12 01:23:18,442 [Listener at 127.0.0.1/42721] INFO  ha.OMHANodeDetails (ConfUtils.java:setNodeSpecificConfigs(97)) - Setting configuration key ozone.om.http-address with value of key ozone.om.http-address.om-add-remove.omNode-2: 127.0.0.1:46493
2022-09-12 01:23:18,442 [Listener at 127.0.0.1/42721] INFO  ha.OMHANodeDetails (ConfUtils.java:setNodeSpecificConfigs(97)) - Setting configuration key ozone.om.https-address with value of key ozone.om.https-address.om-add-remove.omNode-2: 127.0.0.1:39885
2022-09-12 01:23:18,442 [Listener at 127.0.0.1/42721] INFO  ha.OMHANodeDetails (ConfUtils.java:setNodeSpecificConfigs(97)) - Setting configuration key ozone.om.address with value of key ozone.om.address.om-add-remove.omNode-2: 127.0.0.1:45777
2022-09-12 01:23:18,442 [Listener at 127.0.0.1/42721] WARN  server.ServerUtils (ServerUtils.java:getDBPath(225)) - ozone.om.db.dirs is not configured. We recommend adding this setting. Falling back to ozone.metadata.dirs instead.
2022-09-12 01:23:18,443 [Listener at 127.0.0.1/42721] INFO  ha.SCMNodeInfo (SCMNodeInfo.java:getPort(197)) - ConfigKey ozone.scm.client.address is deprecated, For configuring different ports for each SCM use PortConfigKey ozone.scm.client.port appended with serviceId and nodeId
2022-09-12 01:23:18,443 [Listener at 127.0.0.1/42721] INFO  ha.SCMNodeInfo (SCMNodeInfo.java:getPort(197)) - ConfigKey ozone.scm.block.client.address is deprecated, For configuring different ports for each SCM use PortConfigKey ozone.scm.block.client.port appended with serviceId and nodeId
2022-09-12 01:23:18,443 [Listener at 127.0.0.1/42721] INFO  ha.SCMNodeInfo (SCMNodeInfo.java:getPort(197)) - ConfigKey ozone.scm.datanode.address is deprecated, For configuring different ports for each SCM use PortConfigKey ozone.scm.datanode.port appended with serviceId and nodeId
2022-09-12 01:23:18,443 [Listener at 127.0.0.1/42721] INFO  proxy.SCMBlockLocationFailoverProxyProvider (SCMBlockLocationFailoverProxyProvider.java:<init>(114)) - Created block location fail-over proxy with 1 nodes: [nodeId=scmNode-1,nodeAddress=/127.0.0.1:35481]
2022-09-12 01:23:18,447 [org.apache.hadoop.util.JvmPauseMonitor$Monitor@5976d578] INFO  util.JvmPauseMonitor (JvmPauseMonitor.java:run(188)) - Starting JVM pause monitor
OM initialization succeeded.Current cluster id for sd=/home/runner/work/ozone/ozone/hadoop-ozone/integration-test/target/test-dir/MiniOzoneClusterImpl-3d4a976f-5e4d-41d2-99e8-392de73f1c7a/omNode-2/om;cid=3d4a976f-5e4d-41d2-99e8-392de73f1c7a;layoutVersion=3
2022-09-12 01:23:18,450 [Listener at 127.0.0.1/42721] INFO  ha.OMHANodeDetails (OMHANodeDetails.java:loadOMHAConfig(121)) - ServiceID for OzoneManager is om-add-remove
2022-09-12 01:23:18,451 [Listener at 127.0.0.1/42721] INFO  ha.OMHANodeDetails (OMHANodeDetails.java:loadOMHAConfig(201)) - Found matching OM address with OMServiceId: om-add-remove, OMNodeId: omNode-2, RPC Address: localhost:45777 and Ratis port: 45055
2022-09-12 01:23:18,451 [Listener at 127.0.0.1/42721] INFO  ha.OMHANodeDetails (ConfUtils.java:setNodeSpecificConfigs(97)) - Setting configuration key ozone.om.http-address with value of key ozone.om.http-address.om-add-remove.omNode-2: 127.0.0.1:46493
2022-09-12 01:23:18,451 [Listener at 127.0.0.1/42721] INFO  ha.OMHANodeDetails (ConfUtils.java:setNodeSpecificConfigs(97)) - Setting configuration key ozone.om.https-address with value of key ozone.om.https-address.om-add-remove.omNode-2: 127.0.0.1:39885
2022-09-12 01:23:18,451 [Listener at 127.0.0.1/42721] INFO  ha.OMHANodeDetails (ConfUtils.java:setNodeSpecificConfigs(97)) - Setting configuration key ozone.om.address with value of key ozone.om.address.om-add-remove.omNode-2: 127.0.0.1:45777
2022-09-12 01:23:18,451 [Listener at 127.0.0.1/42721] WARN  server.ServerUtils (ServerUtils.java:getDBPath(225)) - ozone.om.db.dirs is not configured. We recommend adding this setting. Falling back to ozone.metadata.dirs instead.
2022-09-12 01:23:18,451 [Listener at 127.0.0.1/42721] INFO  upgrade.AbstractLayoutVersionManager (AbstractLayoutVersionManager.java:init(83)) - Initializing Layout version manager with metadata layout = MULTITENANCY_SCHEMA (version = 3), software layout = MULTITENANCY_SCHEMA (version = 3)
2022-09-12 01:23:18,518 [Listener at 127.0.0.1/42721] INFO  reflections.Reflections (Reflections.java:scan(232)) - Reflections took 66 ms to scan 2 urls, producing 153 keys and 427 values [using 2 cores]
2022-09-12 01:23:18,519 [Listener at 127.0.0.1/42721] INFO  upgrade.OMLayoutVersionManager (OMLayoutVersionManager.java:lambda$0(115)) - Skipping Upgrade Action MockOmUpgradeAction since it has been finalized.
2022-09-12 01:23:18,519 [Listener at 127.0.0.1/42721] WARN  server.ServerUtils (ServerUtils.java:getDBPath(225)) - ozone.om.db.dirs is not configured. We recommend adding this setting. Falling back to ozone.metadata.dirs instead.
2022-09-12 01:23:18,519 [Listener at 127.0.0.1/42721] INFO  ha.SCMNodeInfo (SCMNodeInfo.java:getPort(197)) - ConfigKey ozone.scm.client.address is deprecated, For configuring different ports for each SCM use PortConfigKey ozone.scm.client.port appended with serviceId and nodeId
2022-09-12 01:23:18,519 [Listener at 127.0.0.1/42721] INFO  ha.SCMNodeInfo (SCMNodeInfo.java:getPort(197)) - ConfigKey ozone.scm.block.client.address is deprecated, For configuring different ports for each SCM use PortConfigKey ozone.scm.block.client.port appended with serviceId and nodeId
2022-09-12 01:23:18,519 [Listener at 127.0.0.1/42721] INFO  ha.SCMNodeInfo (SCMNodeInfo.java:getPort(197)) - ConfigKey ozone.scm.datanode.address is deprecated, For configuring different ports for each SCM use PortConfigKey ozone.scm.datanode.port appended with serviceId and nodeId
2022-09-12 01:23:18,520 [Listener at 127.0.0.1/42721] INFO  ha.SCMNodeInfo (SCMNodeInfo.java:getPort(197)) - ConfigKey ozone.scm.client.address is deprecated, For configuring different ports for each SCM use PortConfigKey ozone.scm.client.port appended with serviceId and nodeId
2022-09-12 01:23:18,520 [Listener at 127.0.0.1/42721] INFO  ha.SCMNodeInfo (SCMNodeInfo.java:getPort(197)) - ConfigKey ozone.scm.block.client.address is deprecated, For configuring different ports for each SCM use PortConfigKey ozone.scm.block.client.port appended with serviceId and nodeId
2022-09-12 01:23:18,520 [Listener at 127.0.0.1/42721] INFO  ha.SCMNodeInfo (SCMNodeInfo.java:getPort(197)) - ConfigKey ozone.scm.datanode.address is deprecated, For configuring different ports for each SCM use PortConfigKey ozone.scm.datanode.port appended with serviceId and nodeId
2022-09-12 01:23:18,521 [Listener at 127.0.0.1/42721] INFO  proxy.SCMBlockLocationFailoverProxyProvider (SCMBlockLocationFailoverProxyProvider.java:<init>(114)) - Created block location fail-over proxy with 1 nodes: [nodeId=scmNode-1,nodeAddress=/127.0.0.1:35481]
2022-09-12 01:23:18,522 [Listener at 127.0.0.1/42721] INFO  ha.SCMNodeInfo (SCMNodeInfo.java:getPort(197)) - ConfigKey ozone.scm.client.address is deprecated, For configuring different ports for each SCM use PortConfigKey ozone.scm.client.port appended with serviceId and nodeId
2022-09-12 01:23:18,523 [Listener at 127.0.0.1/42721] INFO  ha.SCMNodeInfo (SCMNodeInfo.java:getPort(197)) - ConfigKey ozone.scm.block.client.address is deprecated, For configuring different ports for each SCM use PortConfigKey ozone.scm.block.client.port appended with serviceId and nodeId
2022-09-12 01:23:18,523 [Listener at 127.0.0.1/42721] INFO  ha.SCMNodeInfo (SCMNodeInfo.java:getPort(197)) - ConfigKey ozone.scm.datanode.address is deprecated, For configuring different ports for each SCM use PortConfigKey ozone.scm.datanode.port appended with serviceId and nodeId
2022-09-12 01:23:18,523 [Listener at 127.0.0.1/42721] INFO  proxy.SCMBlockLocationFailoverProxyProvider (SCMBlockLocationFailoverProxyProvider.java:<init>(114)) - Created block location fail-over proxy with 1 nodes: [nodeId=scmNode-1,nodeAddress=/127.0.0.1:35481]
2022-09-12 01:23:18,529 [Listener at 127.0.0.1/42721] WARN  server.ServerUtils (ServerUtils.java:getDBPath(225)) - ozone.om.db.dirs is not configured. We recommend adding this setting. Falling back to ozone.metadata.dirs instead.
2022-09-12 01:23:18,530 [Listener at 127.0.0.1/42721] INFO  codec.OmKeyInfoCodec (OmKeyInfoCodec.java:<init>(49)) - OmKeyInfoCodec ignorePipeline = true
2022-09-12 01:23:18,530 [Listener at 127.0.0.1/42721] INFO  codec.RepeatedOmKeyInfoCodec (RepeatedOmKeyInfoCodec.java:<init>(41)) - RepeatedOmKeyInfoCodec ignorePipeline = true
2022-09-12 01:23:18,665 [Listener at 127.0.0.1/42721] INFO  om.OzoneManager (OzoneManager.java:instantiateServices(707)) - S3 Multi-Tenancy is disabled
2022-09-12 01:23:18,667 [Listener at 127.0.0.1/42721] INFO  om.OzoneManager (OzoneManager.java:addS3GVolumeToDB(4298)) - Created Volume s3v With Owner runner required for S3Gateway operations.
2022-09-12 01:23:18,668 [Listener at 127.0.0.1/42721] WARN  server.ServerUtils (ServerUtils.java:getDefaultRatisDirectory(237)) - Storage directory for Ratis is not configured. It is a good idea to map this to an SSD disk. Falling back to ozone.metadata.dirs
2022-09-12 01:23:18,668 [Listener at 127.0.0.1/42721] WARN  utils.OzoneManagerRatisUtils (OzoneManagerRatisUtils.java:getOMRatisSnapshotDirectory(434)) - ozone.om.ratis.snapshot.dir is not configured. Falling back to ozone.metadata.dirs config
2022-09-12 01:23:18,668 [Listener at 127.0.0.1/42721] INFO  snapshot.OzoneManagerSnapshotProvider (OzoneManagerSnapshotProvider.java:<init>(76)) - Initializing OM Snapshot Provider
2022-09-12 01:23:18,669 [Listener at 127.0.0.1/42721] WARN  impl.MetricRegistriesImpl (MetricRegistriesImpl.java:addReporterRegistration(111)) - New reporters are added after registries were created. Some metrics will be missing from the reporter. Please add reporter before adding any new registry.
2022-09-12 01:23:18,670 [Listener at 127.0.0.1/42721] WARN  impl.MetricRegistriesImpl (MetricRegistriesImpl.java:addReporterRegistration(111)) - New reporters are added after registries were created. Some metrics will be missing from the reporter. Please add reporter before adding any new registry.
2022-09-12 01:23:18,670 [Listener at 127.0.0.1/42721] WARN  server.ServerUtils (ServerUtils.java:getDefaultRatisDirectory(237)) - Storage directory for Ratis is not configured. It is a good idea to map this to an SSD disk. Falling back to ozone.metadata.dirs
2022-09-12 01:23:18,671 [Listener at 127.0.0.1/42721] INFO  ratis.OzoneManagerRatisServer (OzoneManagerRatisServer.java:<init>(159)) - Instantiating OM Ratis server with groupID: om-add-remove and peers: localhost:45055, localhost:43293, localhost:36869
2022-09-12 01:23:18,671 [Listener at 127.0.0.1/42721] INFO  ratis.OzoneManagerStateMachine (OzoneManagerStateMachine.java:loadSnapshotInfoFromDB(632)) - LastAppliedIndex is set from TransactionInfo from OM DB as (t:0, i:~)
2022-09-12 01:23:18,672 [Listener at 127.0.0.1/42721] INFO  server.RaftServer (ConfUtils.java:logGet(46)) - raft.rpc.type = GRPC (default)
2022-09-12 01:23:18,673 [Listener at 127.0.0.1/42721] INFO  grpc.GrpcFactory (GrpcFactory.java:checkPooledByteBufAllocatorUseCacheForAllThreads(48)) - PERFORMANCE WARNING: useCacheForAllThreads is true that may cause Netty to create a lot garbage objects and, as a result, trigger GC.
	It is recommended to disable useCacheForAllThreads by setting -Dorg.apache.ratis.thirdparty.io.netty.allocator.useCacheForAllThreads=false in command line.
2022-09-12 01:23:18,673 [Listener at 127.0.0.1/42721] INFO  grpc.GrpcConfigKeys (ConfUtils.java:logGet(46)) - raft.grpc.admin.port = -1 (default)
2022-09-12 01:23:18,673 [Listener at 127.0.0.1/42721] INFO  grpc.GrpcConfigKeys (ConfUtils.java:logGet(46)) - raft.grpc.server.port = 45055 (custom)
2022-09-12 01:23:18,673 [Listener at 127.0.0.1/42721] INFO  grpc.GrpcConfigKeys (ConfUtils.java:logGet(46)) - raft.grpc.client.port = -1 (default)
2022-09-12 01:23:18,673 [Listener at 127.0.0.1/42721] INFO  grpc.GrpcConfigKeys (ConfUtils.java:logGet(46)) - raft.grpc.server.port = 45055 (custom)
2022-09-12 01:23:18,673 [Listener at 127.0.0.1/42721] INFO  grpc.GrpcConfigKeys (ConfUtils.java:logGet(46)) - raft.grpc.server.port = 45055 (custom)
2022-09-12 01:23:18,673 [Listener at 127.0.0.1/42721] INFO  server.GrpcService (ConfUtils.java:logGet(46)) - raft.grpc.message.size.max = 33554432 (custom)
2022-09-12 01:23:18,673 [Listener at 127.0.0.1/42721] INFO  server.RaftServerConfigKeys (ConfUtils.java:logGet(46)) - raft.server.log.appender.buffer.byte-limit = 33554432 (custom)
2022-09-12 01:23:18,674 [Listener at 127.0.0.1/42721] INFO  server.GrpcService (ConfUtils.java:logGet(46)) - raft.grpc.flow.control.window = 1MB (=1048576) (default)
2022-09-12 01:23:18,674 [Listener at 127.0.0.1/42721] INFO  server.RaftServerConfigKeys (ConfUtils.java:logGet(46)) - raft.server.rpc.request.timeout = 3000ms (default)
2022-09-12 01:23:18,674 [Listener at 127.0.0.1/42721] INFO  grpc.GrpcConfigKeys (ConfUtils.java:logGet(46)) - raft.grpc.server.async.request.thread.pool.cached = true (default)
2022-09-12 01:23:18,674 [Listener at 127.0.0.1/42721] INFO  grpc.GrpcConfigKeys (ConfUtils.java:logGet(46)) - raft.grpc.server.async.request.thread.pool.size = 32 (default)
2022-09-12 01:23:18,675 [Listener at 127.0.0.1/42721] INFO  impl.DataStreamServerImpl (ConfUtils.java:logGet(46)) - raft.datastream.type = DISABLED (default)
2022-09-12 01:23:18,675 [Listener at 127.0.0.1/42721] INFO  server.RaftServerConfigKeys (ConfUtils.java:logGet(46)) - raft.server.threadpool.proxy.cached = true (default)
2022-09-12 01:23:18,675 [Listener at 127.0.0.1/42721] INFO  server.RaftServerConfigKeys (ConfUtils.java:logGet(46)) - raft.server.threadpool.proxy.size = 0 (default)
2022-09-12 01:23:18,675 [Listener at 127.0.0.1/42721] INFO  server.RaftServerConfigKeys (ConfUtils.java:logGet(46)) - raft.server.rpc.slowness.timeout = 2s (custom)
2022-09-12 01:23:18,675 [Listener at 127.0.0.1/42721] INFO  server.RaftServerConfigKeys (ConfUtils.java:logGet(46)) - raft.server.leaderelection.leader.step-down.wait-time = 10s (default)
2022-09-12 01:23:18,676 [Listener at 127.0.0.1/42721] INFO  server.RaftServerConfigKeys (ConfUtils.java:logGet(46)) - raft.server.storage.dir = [/home/runner/work/ozone/ozone/hadoop-ozone/integration-test/target/test-dir/MiniOzoneClusterImpl-3d4a976f-5e4d-41d2-99e8-392de73f1c7a/omNode-2/ratis] (custom)
2022-09-12 01:23:18,685 [Listener at 127.0.0.1/42721] INFO  server.RaftServer (RaftServerProxy.java:addNew(96)) - omNode-2: addNew group-0AAC5367B30E:[omNode-3|rpc:localhost:43293|priority:0, omNode-1|rpc:localhost:36869|priority:0, omNode-2|rpc:localhost:45055|priority:0] returns group-0AAC5367B30E:java.util.concurrent.CompletableFuture@4a73cc75[Not completed]
2022-09-12 01:23:18,685 [Listener at 127.0.0.1/42721] INFO  om.OzoneManager (OzoneManager.java:initializeRatisServer(1973)) - OzoneManager Ratis server initialized at port 45055
2022-09-12 01:23:18,686 [Listener at 127.0.0.1/42721] INFO  om.OzoneManager (OzoneManager.java:getRpcServer(1096)) - Creating RPC Server
2022-09-12 01:23:18,697 [pool-88-thread-1] INFO  server.RaftServer$Division (RaftServerImpl.java:<init>(190)) - omNode-2: new RaftServerImpl for group-0AAC5367B30E:[omNode-3|rpc:localhost:43293|priority:0, omNode-1|rpc:localhost:36869|priority:0, omNode-2|rpc:localhost:45055|priority:0] with OzoneManagerStateMachine:uninitialized
2022-09-12 01:23:18,703 [pool-88-thread-1] INFO  server.RaftServerConfigKeys (ConfUtils.java:logGet(46)) - raft.server.rpc.timeout.min = 1s (custom)
2022-09-12 01:23:18,703 [pool-88-thread-1] INFO  server.RaftServerConfigKeys (ConfUtils.java:logGet(46)) - raft.server.rpc.timeout.max = 1200ms (custom)
2022-09-12 01:23:18,703 [pool-88-thread-1] INFO  server.RaftServerConfigKeys (ConfUtils.java:logGet(46)) - raft.server.rpc.sleep.time = 25ms (default)
2022-09-12 01:23:18,703 [pool-88-thread-1] INFO  server.RaftServerConfigKeys (ConfUtils.java:logGet(46)) - raft.server.rpc.slowness.timeout = 2s (custom)
2022-09-12 01:23:18,703 [pool-88-thread-1] INFO  server.RaftServerConfigKeys (ConfUtils.java:logGet(46)) - raft.server.leaderelection.leader.step-down.wait-time = 10s (default)
2022-09-12 01:23:18,703 [pool-88-thread-1] INFO  server.RaftServerConfigKeys (ConfUtils.java:logGet(46)) - raft.server.sleep.deviation.threshold = 300ms (default)
2022-09-12 01:23:18,703 [pool-88-thread-1] INFO  server.RaftServer$Division (ServerState.java:<init>(107)) - omNode-2@group-0AAC5367B30E: ConfigurationManager, init=-1: [omNode-3|rpc:localhost:43293|priority:0, omNode-1|rpc:localhost:36869|priority:0, omNode-2|rpc:localhost:45055|priority:0], old=null, confs=<EMPTY_MAP>
2022-09-12 01:23:18,703 [pool-88-thread-1] INFO  server.RaftServerConfigKeys (ConfUtils.java:logGet(46)) - raft.server.storage.dir = [/home/runner/work/ozone/ozone/hadoop-ozone/integration-test/target/test-dir/MiniOzoneClusterImpl-3d4a976f-5e4d-41d2-99e8-392de73f1c7a/omNode-2/ratis] (custom)
2022-09-12 01:23:18,703 [pool-88-thread-1] INFO  server.RaftServerConfigKeys (ConfUtils.java:logGet(46)) - raft.server.log.corruption.policy = EXCEPTION (default)
2022-09-12 01:23:18,704 [pool-88-thread-1] INFO  server.RaftServerConfigKeys (ConfUtils.java:logGet(46)) - raft.server.storage.free-space.min = 0MB (=0) (default)
2022-09-12 01:23:18,704 [pool-88-thread-1] INFO  storage.RaftStorageDirectory (RaftStorageDirectoryImpl.java:analyzeStorage(135)) - The storage directory /home/runner/work/ozone/ozone/hadoop-ozone/integration-test/target/test-dir/MiniOzoneClusterImpl-3d4a976f-5e4d-41d2-99e8-392de73f1c7a/omNode-2/ratis/0718e334-ffa1-36bc-8e9a-0aac5367b30e does not exist. Creating ...
2022-09-12 01:23:18,704 [pool-88-thread-1] INFO  storage.RaftStorageDirectory (RaftStorageDirectoryImpl.java:tryLock(230)) - Lock on /home/runner/work/ozone/ozone/hadoop-ozone/integration-test/target/test-dir/MiniOzoneClusterImpl-3d4a976f-5e4d-41d2-99e8-392de73f1c7a/omNode-2/ratis/0718e334-ffa1-36bc-8e9a-0aac5367b30e/in_use.lock acquired by nodename 51693@fv-az167-317
2022-09-12 01:23:18,705 [pool-88-thread-1] INFO  storage.RaftStorage (RaftStorageImpl.java:format(89)) - Storage directory /home/runner/work/ozone/ozone/hadoop-ozone/integration-test/target/test-dir/MiniOzoneClusterImpl-3d4a976f-5e4d-41d2-99e8-392de73f1c7a/omNode-2/ratis/0718e334-ffa1-36bc-8e9a-0aac5367b30e has been successfully formatted.
2022-09-12 01:23:18,706 [pool-88-thread-1] INFO  server.RaftServerConfigKeys (ConfUtils.java:logGet(46)) - raft.server.notification.no-leader.timeout = 2s (custom)
2022-09-12 01:23:18,706 [pool-88-thread-1] INFO  server.RaftServerConfigKeys (ConfUtils.java:logGet(46)) - raft.server.log.use.memory = false (default)
2022-09-12 01:23:18,706 [pool-88-thread-1] INFO  server.RaftServerConfigKeys (ConfUtils.java:logGet(46)) - raft.server.log.purge.gap = 1000000 (custom)
2022-09-12 01:23:18,706 [pool-88-thread-1] INFO  server.RaftServerConfigKeys (ConfUtils.java:logGet(46)) - raft.server.log.appender.buffer.byte-limit = 33554432 (custom)
2022-09-12 01:23:18,706 [pool-88-thread-1] INFO  server.RaftServerConfigKeys (ConfUtils.java:logGet(46)) - raft.server.log.statemachine.data.read.timeout = 1000ms (default)
2022-09-12 01:23:18,706 [pool-88-thread-1] INFO  server.RaftServerConfigKeys (ConfUtils.java:logGet(46)) - raft.server.log.segment.size.max = 4194304 (custom)
2022-09-12 01:23:18,706 [pool-88-thread-1] INFO  server.RaftServerConfigKeys (ConfUtils.java:logGet(46)) - raft.server.log.segment.cache.num.max = 2 (custom)
2022-09-12 01:23:18,707 [pool-88-thread-1] INFO  server.RaftServerConfigKeys (ConfUtils.java:logGet(46)) - raft.server.log.segment.cache.size.max = 200MB (=209715200) (default)
2022-09-12 01:23:18,707 [pool-88-thread-1] INFO  segmented.SegmentedRaftLogWorker (SegmentedRaftLogWorker.java:<init>(187)) - new omNode-2@group-0AAC5367B30E-SegmentedRaftLogWorker for RaftStorageImpl:Storage Directory /home/runner/work/ozone/ozone/hadoop-ozone/integration-test/target/test-dir/MiniOzoneClusterImpl-3d4a976f-5e4d-41d2-99e8-392de73f1c7a/omNode-2/ratis/0718e334-ffa1-36bc-8e9a-0aac5367b30e
2022-09-12 01:23:18,707 [pool-88-thread-1] INFO  server.RaftServerConfigKeys (ConfUtils.java:logGet(46)) - raft.server.log.queue.byte-limit = 64MB (=67108864) (default)
2022-09-12 01:23:18,707 [pool-88-thread-1] INFO  server.RaftServerConfigKeys (ConfUtils.java:logGet(46)) - raft.server.log.queue.element-limit = 4096 (default)
2022-09-12 01:23:18,707 [pool-88-thread-1] INFO  server.RaftServerConfigKeys (ConfUtils.java:logGet(46)) - raft.server.log.segment.size.max = 4194304 (custom)
2022-09-12 01:23:18,707 [pool-88-thread-1] INFO  server.RaftServerConfigKeys (ConfUtils.java:logGet(46)) - raft.server.log.preallocated.size = 4194304 (custom)
2022-09-12 01:23:18,707 [pool-88-thread-1] INFO  server.RaftServerConfigKeys (ConfUtils.java:logGet(46)) - raft.server.log.force.sync.num = 128 (default)
2022-09-12 01:23:18,707 [pool-88-thread-1] INFO  server.RaftServerConfigKeys (ConfUtils.java:logGet(46)) - raft.server.log.statemachine.data.sync = true (default)
2022-09-12 01:23:18,707 [pool-88-thread-1] INFO  server.RaftServerConfigKeys (ConfUtils.java:logGet(46)) - raft.server.log.statemachine.data.sync.timeout = 10s (default)
2022-09-12 01:23:18,707 [pool-88-thread-1] INFO  server.RaftServerConfigKeys (ConfUtils.java:logGet(46)) - raft.server.log.statemachine.data.sync.timeout.retry = -1 (default)
2022-09-12 01:23:18,708 [pool-88-thread-1] INFO  server.RaftServerConfigKeys (ConfUtils.java:logGet(46)) - raft.server.log.write.buffer.size = 64KB (=65536) (default)
2022-09-12 01:23:18,708 [pool-88-thread-1] INFO  server.RaftServerConfigKeys (ConfUtils.java:logGet(46)) - raft.server.log.unsafe-flush.enabled = false (default)
2022-09-12 01:23:18,708 [pool-88-thread-1] INFO  server.RaftServerConfigKeys (ConfUtils.java:logGet(46)) - raft.server.log.statemachine.data.caching.enabled = false (default)
2022-09-12 01:23:18,708 [pool-88-thread-1] INFO  segmented.SegmentedRaftLogWorker (SegmentedRaftLogWorker.java:lambda$new$0(135)) - omNode-2@group-0AAC5367B30E-SegmentedRaftLogWorker: flushIndex: setUnconditionally 0 -> -1
2022-09-12 01:23:18,708 [pool-88-thread-1] INFO  segmented.SegmentedRaftLogWorker (SegmentedRaftLogWorker.java:lambda$new$0(135)) - omNode-2@group-0AAC5367B30E-SegmentedRaftLogWorker: safeCacheEvictIndex: setUnconditionally 0 -> -1
2022-09-12 01:23:18,716 [pool-88-thread-1] INFO  server.RaftServerConfigKeys (ConfUtils.java:logGet(46)) - raft.server.snapshot.auto.trigger.enabled = true (custom)
2022-09-12 01:23:18,716 [pool-88-thread-1] INFO  server.RaftServerConfigKeys (ConfUtils.java:logGet(46)) - raft.server.snapshot.auto.trigger.threshold = 400000 (default)
2022-09-12 01:23:18,716 [pool-88-thread-1] INFO  server.RaftServerConfigKeys (ConfUtils.java:logGet(46)) - raft.server.snapshot.retention.file.num = -1 (default)
2022-09-12 01:23:18,717 [pool-88-thread-1] INFO  server.RaftServerConfigKeys (ConfUtils.java:logGet(46)) - raft.server.log.purge.upto.snapshot.index = true (custom)
2022-09-12 01:23:18,717 [pool-88-thread-1] INFO  server.RaftServerConfigKeys (ConfUtils.java:logGet(46)) - raft.server.retrycache.expirytime = 300s (custom)
2022-09-12 01:23:18,717 [pool-88-thread-1] INFO  server.RaftServerConfigKeys (ConfUtils.java:logGet(46)) - raft.server.retrycache.statistics.expirytime = 100μs (default)
2022-09-12 01:23:18,718 [pool-88-thread-1] INFO  server.RaftServerConfigKeys (ConfUtils.java:logGet(46)) - raft.server.log.appender.install.snapshot.enabled = false (custom)
2022-09-12 01:23:18,718 [pool-88-thread-1] INFO  server.RaftServerConfigKeys (ConfUtils.java:logGet(46)) - raft.server.threadpool.server.cached = true (default)
2022-09-12 01:23:18,718 [pool-88-thread-1] INFO  server.RaftServerConfigKeys (ConfUtils.java:logGet(46)) - raft.server.threadpool.server.size = 0 (default)
2022-09-12 01:23:18,718 [pool-88-thread-1] INFO  server.RaftServerConfigKeys (ConfUtils.java:logGet(46)) - raft.server.threadpool.client.cached = true (default)
2022-09-12 01:23:18,718 [pool-88-thread-1] INFO  server.RaftServerConfigKeys (ConfUtils.java:logGet(46)) - raft.server.threadpool.client.size = 0 (default)
2022-09-12 01:23:19,214 [Listener at 127.0.0.1/42721] INFO  reflections.Reflections (Reflections.java:scan(232)) - Reflections took 527 ms to scan 19 urls, producing 67 keys and 4171 values [using 2 cores]
2022-09-12 01:23:19,216 [Listener at 127.0.0.1/42721] INFO  ipc.CallQueueManager (CallQueueManager.java:<init>(90)) - Using callQueue: class java.util.concurrent.LinkedBlockingQueue, queueCapacity: 2000, scheduler: class org.apache.hadoop.ipc.DefaultRpcScheduler, ipcBackoff: false.
2022-09-12 01:23:19,217 [Socket Reader #1 for port 45777] INFO  ipc.Server (Server.java:run(1265)) - Starting Socket Reader #1 for port 45777
2022-09-12 01:23:19,243 [Listener at 127.0.0.1/45777] INFO  impl.MetricsSystemImpl (MetricsSystemImpl.java:init(158)) - OzoneManager metrics system started (again)
2022-09-12 01:23:19,253 [Listener at 127.0.0.1/45777] INFO  om.OzoneManager (OzoneManager.java:start(1480)) - OzoneManager RPC server is listening at localhost/127.0.0.1:45777
2022-09-12 01:23:19,253 [Listener at 127.0.0.1/45777] INFO  ratis.OzoneManagerRatisServer (OzoneManagerRatisServer.java:start(554)) - Starting OzoneManagerRatisServer omNode-2 at port 45055
2022-09-12 01:23:19,255 [omNode-2-impl-thread1] INFO  server.RaftServer$Division (RaftServerImpl.java:start(310)) - omNode-2@group-0AAC5367B30E: start as a follower, conf=-1: [omNode-3|rpc:localhost:43293|priority:0, omNode-1|rpc:localhost:36869|priority:0, omNode-2|rpc:localhost:45055|priority:0], old=null
2022-09-12 01:23:19,255 [omNode-2-impl-thread1] INFO  server.RaftServer$Division (RaftServerImpl.java:setRole(299)) - omNode-2@group-0AAC5367B30E: changes role from      null to FOLLOWER at term 0 for startAsFollower
2022-09-12 01:23:19,255 [omNode-2-impl-thread1] INFO  impl.RoleInfo (RoleInfo.java:updateAndGet(139)) - omNode-2: start omNode-2@group-0AAC5367B30E-FollowerState
2022-09-12 01:23:19,255 [omNode-2-impl-thread1] INFO  util.JmxRegister (JmxRegister.java:tryRegister(44)) - Successfully registered JMX Bean with object name Ratis:service=RaftServer,group=group-0AAC5367B30E,id=omNode-2
2022-09-12 01:23:19,258 [Listener at 127.0.0.1/45777] INFO  server.RaftServer (RaftServerProxy.java:lambda$start$6(382)) - omNode-2: start RPC server
2022-09-12 01:23:19,266 [Listener at 127.0.0.1/45777] INFO  server.GrpcService (GrpcService.java:startImpl(260)) - omNode-2: GrpcService started, listening on 45055
2022-09-12 01:23:19,266 [Listener at 127.0.0.1/45777] INFO  om.OzoneManager (OzoneManager.java:start(1496)) - Version File has different layout version (3) than OM DB (null). That is expected if this OM has never been finalized to a newer layout version.
2022-09-12 01:23:19,266 [org.apache.ratis.util.JvmPauseMonitor$$Lambda$605/1445225850@56cdf69b] INFO  util.JvmPauseMonitor (JvmPauseMonitor.java:run(103)) - JvmPauseMonitor-omNode-2: Started
2022-09-12 01:23:19,272 [Listener at 127.0.0.1/45777] INFO  http.BaseHttpServer (BaseHttpServer.java:newHttpServer2BuilderForOzone(213)) - Starting Web-server for ozoneManager at: http://0.0.0.0:46493
2022-09-12 01:23:19,272 [Listener at 127.0.0.1/45777] INFO  http.BaseHttpServer (BaseHttpServer.java:<init>(108)) - Hadoop Security Enabled: false Ozone Security Enabled: false Ozone HTTP Security Enabled: false 
2022-09-12 01:23:19,273 [Listener at 127.0.0.1/45777] INFO  server.AuthenticationFilter (AuthenticationFilter.java:constructSecretProvider(240)) - Unable to initialize FileSignerSecretProvider, falling back to use random secrets.
2022-09-12 01:23:19,274 [Listener at 127.0.0.1/45777] WARN  http.HttpRequestLog (HttpRequestLog.java:getRequestLog(103)) - Jetty request log can only be enabled using Log4j
2022-09-12 01:23:19,275 [Listener at 127.0.0.1/45777] INFO  http.HttpServer2 (HttpServer2.java:addGlobalFilter(1029)) - Added global filter 'safety' (class=org.apache.hadoop.hdds.server.http.HttpServer2$QuotingInputFilter)
2022-09-12 01:23:19,276 [Listener at 127.0.0.1/45777] INFO  http.HttpServer2 (HttpServer2.java:addFilter(1005)) - Added filter static_user_filter (class=org.apache.hadoop.http.lib.StaticUserWebFilter$StaticUserFilter) to context ozoneManager
2022-09-12 01:23:19,276 [Listener at 127.0.0.1/45777] INFO  http.HttpServer2 (HttpServer2.java:addFilter(1013)) - Added filter static_user_filter (class=org.apache.hadoop.http.lib.StaticUserWebFilter$StaticUserFilter) to context logs
2022-09-12 01:23:19,276 [Listener at 127.0.0.1/45777] INFO  http.HttpServer2 (HttpServer2.java:addFilter(1013)) - Added filter static_user_filter (class=org.apache.hadoop.http.lib.StaticUserWebFilter$StaticUserFilter) to context static
2022-09-12 01:23:19,277 [Listener at 127.0.0.1/45777] INFO  http.HttpServer2 (HttpServer2.java:bindListener(1248)) - Jetty bound to port 46493
2022-09-12 01:23:19,277 [Listener at 127.0.0.1/45777] INFO  server.Server (Server.java:doStart(375)) - jetty-9.4.43.v20210629; built: 2021-06-30T11:07:22.254Z; git: 526006ecfa3af7f1a27ef3a288e2bef7ea9dd7e8; jvm 1.8.0_345-b01
2022-09-12 01:23:19,278 [Listener at 127.0.0.1/45777] INFO  server.session (DefaultSessionIdManager.java:doStart(334)) - DefaultSessionIdManager workerName=node0
2022-09-12 01:23:19,279 [Listener at 127.0.0.1/45777] INFO  server.session (DefaultSessionIdManager.java:doStart(339)) - No SessionScavenger set, using defaults
2022-09-12 01:23:19,279 [Listener at 127.0.0.1/45777] INFO  server.session (HouseKeeper.java:startScavenging(132)) - node0 Scavenging every 600000ms
2022-09-12 01:23:19,279 [Listener at 127.0.0.1/45777] INFO  handler.ContextHandler (ContextHandler.java:doStart(915)) - Started o.e.j.s.ServletContextHandler@3825eb27{logs,/logs,file:///home/runner/work/ozone/ozone/hadoop-ozone/integration-test/target/log,AVAILABLE}
2022-09-12 01:23:19,280 [Listener at 127.0.0.1/45777] INFO  handler.ContextHandler (ContextHandler.java:doStart(915)) - Started o.e.j.s.ServletContextHandler@1a27077c{static,/static,file:///home/runner/work/ozone/ozone/hadoop-ozone/integration-test/target/test-classes/webapps/static,AVAILABLE}
2022-09-12 01:23:19,283 [Listener at 127.0.0.1/45777] INFO  handler.ContextHandler (ContextHandler.java:doStart(915)) - Started o.e.j.w.WebAppContext@380191d7{ozoneManager,/,file:///home/runner/work/ozone/ozone/hadoop-ozone/integration-test/target/test-classes/webapps/ozoneManager/,AVAILABLE}{file:/home/runner/work/ozone/ozone/hadoop-ozone/integration-test/target/test-classes/webapps/ozoneManager}
2022-09-12 01:23:19,284 [Listener at 127.0.0.1/45777] INFO  server.AbstractConnector (AbstractConnector.java:doStart(331)) - Started ServerConnector@62bab0a4{HTTP/1.1, (http/1.1)}{0.0.0.0:46493}
2022-09-12 01:23:19,284 [Listener at 127.0.0.1/45777] INFO  server.Server (Server.java:doStart(415)) - Started @19994ms
2022-09-12 01:23:19,284 [Listener at 127.0.0.1/45777] WARN  impl.MetricsSystemImpl (MetricsSystemImpl.java:register(279)) - Sink prometheus already exists!
2022-09-12 01:23:19,285 [Listener at 127.0.0.1/45777] INFO  http.BaseHttpServer (BaseHttpServer.java:updateConnectorAddress(333)) - HTTP server of ozoneManager listening at http://0.0.0.0:46493
2022-09-12 01:23:19,286 [IPC Server Responder] INFO  ipc.Server (Server.java:run(1507)) - IPC Server Responder: starting
2022-09-12 01:23:19,286 [IPC Server listener on 45777] INFO  ipc.Server (Server.java:run(1344)) - IPC Server listener on 45777: starting
2022-09-12 01:23:19,293 [Listener at 127.0.0.1/45777] INFO  om.OzoneManager (OzoneManager.java:startTrashEmptier(1917)) - Trash Interval set to 0. Files deleted won't move to trash
2022-09-12 01:23:19,294 [Listener at 127.0.0.1/45777] INFO  ozone.MiniOzoneHAClusterImpl (MiniOzoneHAClusterImpl.java:createOMService(527)) - Started OzoneManager omNode-2 RPC server at localhost/127.0.0.1:45777
2022-09-12 01:23:19,294 [Listener at 127.0.0.1/45777] INFO  ha.OMHANodeDetails (OMHANodeDetails.java:loadOMHAConfig(121)) - ServiceID for OzoneManager is om-add-remove
2022-09-12 01:23:19,295 [Listener at 127.0.0.1/45777] INFO  ha.OMHANodeDetails (OMHANodeDetails.java:loadOMHAConfig(201)) - Found matching OM address with OMServiceId: om-add-remove, OMNodeId: omNode-3, RPC Address: localhost:34999 and Ratis port: 43293
2022-09-12 01:23:19,295 [Listener at 127.0.0.1/45777] INFO  ha.OMHANodeDetails (ConfUtils.java:setNodeSpecificConfigs(97)) - Setting configuration key ozone.om.http-address with value of key ozone.om.http-address.om-add-remove.omNode-3: 127.0.0.1:44331
2022-09-12 01:23:19,295 [Listener at 127.0.0.1/45777] INFO  ha.OMHANodeDetails (ConfUtils.java:setNodeSpecificConfigs(97)) - Setting configuration key ozone.om.https-address with value of key ozone.om.https-address.om-add-remove.omNode-3: 127.0.0.1:45607
2022-09-12 01:23:19,295 [Listener at 127.0.0.1/45777] INFO  ha.OMHANodeDetails (ConfUtils.java:setNodeSpecificConfigs(97)) - Setting configuration key ozone.om.address with value of key ozone.om.address.om-add-remove.omNode-3: 127.0.0.1:34999
2022-09-12 01:23:19,295 [Listener at 127.0.0.1/45777] WARN  server.ServerUtils (ServerUtils.java:getDBPath(225)) - ozone.om.db.dirs is not configured. We recommend adding this setting. Falling back to ozone.metadata.dirs instead.
2022-09-12 01:23:19,297 [Listener at 127.0.0.1/45777] INFO  ha.SCMNodeInfo (SCMNodeInfo.java:getPort(197)) - ConfigKey ozone.scm.client.address is deprecated, For configuring different ports for each SCM use PortConfigKey ozone.scm.client.port appended with serviceId and nodeId
2022-09-12 01:23:19,297 [Listener at 127.0.0.1/45777] INFO  ha.SCMNodeInfo (SCMNodeInfo.java:getPort(197)) - ConfigKey ozone.scm.block.client.address is deprecated, For configuring different ports for each SCM use PortConfigKey ozone.scm.block.client.port appended with serviceId and nodeId
2022-09-12 01:23:19,297 [Listener at 127.0.0.1/45777] INFO  ha.SCMNodeInfo (SCMNodeInfo.java:getPort(197)) - ConfigKey ozone.scm.datanode.address is deprecated, For configuring different ports for each SCM use PortConfigKey ozone.scm.datanode.port appended with serviceId and nodeId
2022-09-12 01:23:19,297 [Listener at 127.0.0.1/45777] INFO  proxy.SCMBlockLocationFailoverProxyProvider (SCMBlockLocationFailoverProxyProvider.java:<init>(114)) - Created block location fail-over proxy with 1 nodes: [nodeId=scmNode-1,nodeAddress=/127.0.0.1:35481]
2022-09-12 01:23:19,308 [org.apache.hadoop.util.JvmPauseMonitor$Monitor@786332de] INFO  util.JvmPauseMonitor (JvmPauseMonitor.java:run(188)) - Starting JVM pause monitor
OM initialization succeeded.Current cluster id for sd=/home/runner/work/ozone/ozone/hadoop-ozone/integration-test/target/test-dir/MiniOzoneClusterImpl-3d4a976f-5e4d-41d2-99e8-392de73f1c7a/omNode-3/om;cid=3d4a976f-5e4d-41d2-99e8-392de73f1c7a;layoutVersion=3
2022-09-12 01:23:19,310 [Listener at 127.0.0.1/45777] INFO  ha.OMHANodeDetails (OMHANodeDetails.java:loadOMHAConfig(121)) - ServiceID for OzoneManager is om-add-remove
2022-09-12 01:23:19,311 [Listener at 127.0.0.1/45777] INFO  ha.OMHANodeDetails (OMHANodeDetails.java:loadOMHAConfig(201)) - Found matching OM address with OMServiceId: om-add-remove, OMNodeId: omNode-3, RPC Address: localhost:34999 and Ratis port: 43293
2022-09-12 01:23:19,311 [Listener at 127.0.0.1/45777] INFO  ha.OMHANodeDetails (ConfUtils.java:setNodeSpecificConfigs(97)) - Setting configuration key ozone.om.http-address with value of key ozone.om.http-address.om-add-remove.omNode-3: 127.0.0.1:44331
2022-09-12 01:23:19,311 [Listener at 127.0.0.1/45777] INFO  ha.OMHANodeDetails (ConfUtils.java:setNodeSpecificConfigs(97)) - Setting configuration key ozone.om.https-address with value of key ozone.om.https-address.om-add-remove.omNode-3: 127.0.0.1:45607
2022-09-12 01:23:19,311 [Listener at 127.0.0.1/45777] INFO  ha.OMHANodeDetails (ConfUtils.java:setNodeSpecificConfigs(97)) - Setting configuration key ozone.om.address with value of key ozone.om.address.om-add-remove.omNode-3: 127.0.0.1:34999
2022-09-12 01:23:19,311 [Listener at 127.0.0.1/45777] WARN  server.ServerUtils (ServerUtils.java:getDBPath(225)) - ozone.om.db.dirs is not configured. We recommend adding this setting. Falling back to ozone.metadata.dirs instead.
2022-09-12 01:23:19,312 [Listener at 127.0.0.1/45777] INFO  upgrade.AbstractLayoutVersionManager (AbstractLayoutVersionManager.java:init(83)) - Initializing Layout version manager with metadata layout = MULTITENANCY_SCHEMA (version = 3), software layout = MULTITENANCY_SCHEMA (version = 3)
2022-09-12 01:23:19,373 [Listener at 127.0.0.1/45777] INFO  reflections.Reflections (Reflections.java:scan(232)) - Reflections took 61 ms to scan 2 urls, producing 153 keys and 427 values [using 2 cores]
2022-09-12 01:23:19,373 [Listener at 127.0.0.1/45777] INFO  upgrade.OMLayoutVersionManager (OMLayoutVersionManager.java:lambda$0(115)) - Skipping Upgrade Action MockOmUpgradeAction since it has been finalized.
2022-09-12 01:23:19,373 [Listener at 127.0.0.1/45777] WARN  server.ServerUtils (ServerUtils.java:getDBPath(225)) - ozone.om.db.dirs is not configured. We recommend adding this setting. Falling back to ozone.metadata.dirs instead.
2022-09-12 01:23:19,374 [Listener at 127.0.0.1/45777] INFO  ha.SCMNodeInfo (SCMNodeInfo.java:getPort(197)) - ConfigKey ozone.scm.client.address is deprecated, For configuring different ports for each SCM use PortConfigKey ozone.scm.client.port appended with serviceId and nodeId
2022-09-12 01:23:19,374 [Listener at 127.0.0.1/45777] INFO  ha.SCMNodeInfo (SCMNodeInfo.java:getPort(197)) - ConfigKey ozone.scm.block.client.address is deprecated, For configuring different ports for each SCM use PortConfigKey ozone.scm.block.client.port appended with serviceId and nodeId
2022-09-12 01:23:19,374 [Listener at 127.0.0.1/45777] INFO  ha.SCMNodeInfo (SCMNodeInfo.java:getPort(197)) - ConfigKey ozone.scm.datanode.address is deprecated, For configuring different ports for each SCM use PortConfigKey ozone.scm.datanode.port appended with serviceId and nodeId
2022-09-12 01:23:19,375 [Listener at 127.0.0.1/45777] INFO  ha.SCMNodeInfo (SCMNodeInfo.java:getPort(197)) - ConfigKey ozone.scm.client.address is deprecated, For configuring different ports for each SCM use PortConfigKey ozone.scm.client.port appended with serviceId and nodeId
2022-09-12 01:23:19,375 [Listener at 127.0.0.1/45777] INFO  ha.SCMNodeInfo (SCMNodeInfo.java:getPort(197)) - ConfigKey ozone.scm.block.client.address is deprecated, For configuring different ports for each SCM use PortConfigKey ozone.scm.block.client.port appended with serviceId and nodeId
2022-09-12 01:23:19,375 [Listener at 127.0.0.1/45777] INFO  ha.SCMNodeInfo (SCMNodeInfo.java:getPort(197)) - ConfigKey ozone.scm.datanode.address is deprecated, For configuring different ports for each SCM use PortConfigKey ozone.scm.datanode.port appended with serviceId and nodeId
2022-09-12 01:23:19,375 [Listener at 127.0.0.1/45777] INFO  proxy.SCMBlockLocationFailoverProxyProvider (SCMBlockLocationFailoverProxyProvider.java:<init>(114)) - Created block location fail-over proxy with 1 nodes: [nodeId=scmNode-1,nodeAddress=/127.0.0.1:35481]
2022-09-12 01:23:19,377 [Listener at 127.0.0.1/45777] INFO  ha.SCMNodeInfo (SCMNodeInfo.java:getPort(197)) - ConfigKey ozone.scm.client.address is deprecated, For configuring different ports for each SCM use PortConfigKey ozone.scm.client.port appended with serviceId and nodeId
2022-09-12 01:23:19,377 [Listener at 127.0.0.1/45777] INFO  ha.SCMNodeInfo (SCMNodeInfo.java:getPort(197)) - ConfigKey ozone.scm.block.client.address is deprecated, For configuring different ports for each SCM use PortConfigKey ozone.scm.block.client.port appended with serviceId and nodeId
2022-09-12 01:23:19,377 [Listener at 127.0.0.1/45777] INFO  ha.SCMNodeInfo (SCMNodeInfo.java:getPort(197)) - ConfigKey ozone.scm.datanode.address is deprecated, For configuring different ports for each SCM use PortConfigKey ozone.scm.datanode.port appended with serviceId and nodeId
2022-09-12 01:23:19,377 [Listener at 127.0.0.1/45777] INFO  proxy.SCMBlockLocationFailoverProxyProvider (SCMBlockLocationFailoverProxyProvider.java:<init>(114)) - Created block location fail-over proxy with 1 nodes: [nodeId=scmNode-1,nodeAddress=/127.0.0.1:35481]
2022-09-12 01:23:19,392 [Listener at 127.0.0.1/45777] WARN  server.ServerUtils (ServerUtils.java:getDBPath(225)) - ozone.om.db.dirs is not configured. We recommend adding this setting. Falling back to ozone.metadata.dirs instead.
2022-09-12 01:23:19,393 [Listener at 127.0.0.1/45777] INFO  codec.OmKeyInfoCodec (OmKeyInfoCodec.java:<init>(49)) - OmKeyInfoCodec ignorePipeline = true
2022-09-12 01:23:19,393 [Listener at 127.0.0.1/45777] INFO  codec.RepeatedOmKeyInfoCodec (RepeatedOmKeyInfoCodec.java:<init>(41)) - RepeatedOmKeyInfoCodec ignorePipeline = true
2022-09-12 01:23:19,506 [Listener at 127.0.0.1/45777] INFO  om.OzoneManager (OzoneManager.java:instantiateServices(707)) - S3 Multi-Tenancy is disabled
2022-09-12 01:23:19,507 [Listener at 127.0.0.1/45777] INFO  om.OzoneManager (OzoneManager.java:addS3GVolumeToDB(4298)) - Created Volume s3v With Owner runner required for S3Gateway operations.
2022-09-12 01:23:19,507 [Listener at 127.0.0.1/45777] WARN  server.ServerUtils (ServerUtils.java:getDefaultRatisDirectory(237)) - Storage directory for Ratis is not configured. It is a good idea to map this to an SSD disk. Falling back to ozone.metadata.dirs
2022-09-12 01:23:19,507 [Listener at 127.0.0.1/45777] WARN  utils.OzoneManagerRatisUtils (OzoneManagerRatisUtils.java:getOMRatisSnapshotDirectory(434)) - ozone.om.ratis.snapshot.dir is not configured. Falling back to ozone.metadata.dirs config
2022-09-12 01:23:19,508 [Listener at 127.0.0.1/45777] INFO  snapshot.OzoneManagerSnapshotProvider (OzoneManagerSnapshotProvider.java:<init>(76)) - Initializing OM Snapshot Provider
2022-09-12 01:23:19,509 [Listener at 127.0.0.1/45777] WARN  impl.MetricRegistriesImpl (MetricRegistriesImpl.java:addReporterRegistration(111)) - New reporters are added after registries were created. Some metrics will be missing from the reporter. Please add reporter before adding any new registry.
2022-09-12 01:23:19,509 [Listener at 127.0.0.1/45777] WARN  impl.MetricRegistriesImpl (MetricRegistriesImpl.java:addReporterRegistration(111)) - New reporters are added after registries were created. Some metrics will be missing from the reporter. Please add reporter before adding any new registry.
2022-09-12 01:23:19,509 [Listener at 127.0.0.1/45777] WARN  server.ServerUtils (ServerUtils.java:getDefaultRatisDirectory(237)) - Storage directory for Ratis is not configured. It is a good idea to map this to an SSD disk. Falling back to ozone.metadata.dirs
2022-09-12 01:23:19,510 [Listener at 127.0.0.1/45777] INFO  ratis.OzoneManagerRatisServer (OzoneManagerRatisServer.java:<init>(159)) - Instantiating OM Ratis server with groupID: om-add-remove and peers: localhost:43293, localhost:36869, localhost:45055
2022-09-12 01:23:19,511 [Listener at 127.0.0.1/45777] INFO  ratis.OzoneManagerStateMachine (OzoneManagerStateMachine.java:loadSnapshotInfoFromDB(632)) - LastAppliedIndex is set from TransactionInfo from OM DB as (t:0, i:~)
2022-09-12 01:23:19,512 [Listener at 127.0.0.1/45777] INFO  server.RaftServer (ConfUtils.java:logGet(46)) - raft.rpc.type = GRPC (default)
2022-09-12 01:23:19,513 [Listener at 127.0.0.1/45777] INFO  grpc.GrpcFactory (GrpcFactory.java:checkPooledByteBufAllocatorUseCacheForAllThreads(48)) - PERFORMANCE WARNING: useCacheForAllThreads is true that may cause Netty to create a lot garbage objects and, as a result, trigger GC.
	It is recommended to disable useCacheForAllThreads by setting -Dorg.apache.ratis.thirdparty.io.netty.allocator.useCacheForAllThreads=false in command line.
2022-09-12 01:23:19,513 [Listener at 127.0.0.1/45777] INFO  grpc.GrpcConfigKeys (ConfUtils.java:logGet(46)) - raft.grpc.admin.port = -1 (default)
2022-09-12 01:23:19,513 [Listener at 127.0.0.1/45777] INFO  grpc.GrpcConfigKeys (ConfUtils.java:logGet(46)) - raft.grpc.server.port = 43293 (custom)
2022-09-12 01:23:19,513 [Listener at 127.0.0.1/45777] INFO  grpc.GrpcConfigKeys (ConfUtils.java:logGet(46)) - raft.grpc.client.port = -1 (default)
2022-09-12 01:23:19,513 [Listener at 127.0.0.1/45777] INFO  grpc.GrpcConfigKeys (ConfUtils.java:logGet(46)) - raft.grpc.server.port = 43293 (custom)
2022-09-12 01:23:19,513 [Listener at 127.0.0.1/45777] INFO  grpc.GrpcConfigKeys (ConfUtils.java:logGet(46)) - raft.grpc.server.port = 43293 (custom)
2022-09-12 01:23:19,513 [Listener at 127.0.0.1/45777] INFO  server.GrpcService (ConfUtils.java:logGet(46)) - raft.grpc.message.size.max = 33554432 (custom)
2022-09-12 01:23:19,513 [Listener at 127.0.0.1/45777] INFO  server.RaftServerConfigKeys (ConfUtils.java:logGet(46)) - raft.server.log.appender.buffer.byte-limit = 33554432 (custom)
2022-09-12 01:23:19,514 [Listener at 127.0.0.1/45777] INFO  server.GrpcService (ConfUtils.java:logGet(46)) - raft.grpc.flow.control.window = 1MB (=1048576) (default)
2022-09-12 01:23:19,514 [Listener at 127.0.0.1/45777] INFO  server.RaftServerConfigKeys (ConfUtils.java:logGet(46)) - raft.server.rpc.request.timeout = 3000ms (default)
2022-09-12 01:23:19,514 [Listener at 127.0.0.1/45777] INFO  grpc.GrpcConfigKeys (ConfUtils.java:logGet(46)) - raft.grpc.server.async.request.thread.pool.cached = true (default)
2022-09-12 01:23:19,514 [Listener at 127.0.0.1/45777] INFO  grpc.GrpcConfigKeys (ConfUtils.java:logGet(46)) - raft.grpc.server.async.request.thread.pool.size = 32 (default)
2022-09-12 01:23:19,515 [Listener at 127.0.0.1/45777] INFO  impl.DataStreamServerImpl (ConfUtils.java:logGet(46)) - raft.datastream.type = DISABLED (default)
2022-09-12 01:23:19,515 [Listener at 127.0.0.1/45777] INFO  server.RaftServerConfigKeys (ConfUtils.java:logGet(46)) - raft.server.threadpool.proxy.cached = true (default)
2022-09-12 01:23:19,516 [Listener at 127.0.0.1/45777] INFO  server.RaftServerConfigKeys (ConfUtils.java:logGet(46)) - raft.server.threadpool.proxy.size = 0 (default)
2022-09-12 01:23:19,516 [Listener at 127.0.0.1/45777] INFO  server.RaftServerConfigKeys (ConfUtils.java:logGet(46)) - raft.server.rpc.slowness.timeout = 2s (custom)
2022-09-12 01:23:19,516 [Listener at 127.0.0.1/45777] INFO  server.RaftServerConfigKeys (ConfUtils.java:logGet(46)) - raft.server.leaderelection.leader.step-down.wait-time = 10s (default)
2022-09-12 01:23:19,516 [omNode-1@group-0AAC5367B30E-FollowerState] INFO  impl.FollowerState (FollowerState.java:run(143)) - omNode-1@group-0AAC5367B30E-FollowerState: change to CANDIDATE, lastRpcElapsedTime:1128986778ns, electionTimeout:1120ms
2022-09-12 01:23:19,516 [omNode-1@group-0AAC5367B30E-FollowerState] INFO  impl.RoleInfo (RoleInfo.java:shutdownFollowerState(110)) - omNode-1: shutdown omNode-1@group-0AAC5367B30E-FollowerState
2022-09-12 01:23:19,516 [omNode-1@group-0AAC5367B30E-FollowerState] INFO  server.RaftServer$Division (RaftServerImpl.java:setRole(299)) - omNode-1@group-0AAC5367B30E: changes role from  FOLLOWER to CANDIDATE at term 0 for changeToCandidate
2022-09-12 01:23:19,516 [omNode-1@group-0AAC5367B30E-FollowerState] INFO  server.RaftServerConfigKeys (ConfUtils.java:logGet(46)) - raft.server.leaderelection.pre-vote = false (custom)
2022-09-12 01:23:19,516 [omNode-1@group-0AAC5367B30E-FollowerState] INFO  impl.RoleInfo (RoleInfo.java:updateAndGet(139)) - omNode-1: start omNode-1@group-0AAC5367B30E-LeaderElection3
2022-09-12 01:23:19,516 [Listener at 127.0.0.1/45777] INFO  server.RaftServerConfigKeys (ConfUtils.java:logGet(46)) - raft.server.storage.dir = [/home/runner/work/ozone/ozone/hadoop-ozone/integration-test/target/test-dir/MiniOzoneClusterImpl-3d4a976f-5e4d-41d2-99e8-392de73f1c7a/omNode-3/ratis] (custom)
2022-09-12 01:23:19,526 [Listener at 127.0.0.1/45777] INFO  server.RaftServer (RaftServerProxy.java:addNew(96)) - omNode-3: addNew group-0AAC5367B30E:[omNode-3|rpc:localhost:43293|priority:0, omNode-1|rpc:localhost:36869|priority:0, omNode-2|rpc:localhost:45055|priority:0] returns group-0AAC5367B30E:java.util.concurrent.CompletableFuture@207b41f5[Not completed]
2022-09-12 01:23:19,526 [Listener at 127.0.0.1/45777] INFO  om.OzoneManager (OzoneManager.java:initializeRatisServer(1973)) - OzoneManager Ratis server initialized at port 43293
2022-09-12 01:23:19,527 [omNode-1@group-0AAC5367B30E-LeaderElection3] INFO  impl.LeaderElection (LeaderElection.java:askForVotes(310)) - omNode-1@group-0AAC5367B30E-LeaderElection3 ELECTION round 0: submit vote requests at term 1 for -1: [omNode-3|rpc:localhost:43293|priority:0, omNode-1|rpc:localhost:36869|priority:0, omNode-2|rpc:localhost:45055|priority:0], old=null
2022-09-12 01:23:19,528 [Listener at 127.0.0.1/45777] INFO  om.OzoneManager (OzoneManager.java:getRpcServer(1096)) - Creating RPC Server
2022-09-12 01:23:19,540 [pool-113-thread-1] INFO  server.RaftServer$Division (RaftServerImpl.java:<init>(190)) - omNode-3: new RaftServerImpl for group-0AAC5367B30E:[omNode-3|rpc:localhost:43293|priority:0, omNode-1|rpc:localhost:36869|priority:0, omNode-2|rpc:localhost:45055|priority:0] with OzoneManagerStateMachine:uninitialized
2022-09-12 01:23:19,541 [pool-113-thread-1] INFO  server.RaftServerConfigKeys (ConfUtils.java:logGet(46)) - raft.server.rpc.timeout.min = 1s (custom)
2022-09-12 01:23:19,541 [pool-113-thread-1] INFO  server.RaftServerConfigKeys (ConfUtils.java:logGet(46)) - raft.server.rpc.timeout.max = 1200ms (custom)
2022-09-12 01:23:19,541 [pool-113-thread-1] INFO  server.RaftServerConfigKeys (ConfUtils.java:logGet(46)) - raft.server.rpc.sleep.time = 25ms (default)
2022-09-12 01:23:19,541 [pool-113-thread-1] INFO  server.RaftServerConfigKeys (ConfUtils.java:logGet(46)) - raft.server.rpc.slowness.timeout = 2s (custom)
2022-09-12 01:23:19,541 [pool-113-thread-1] INFO  server.RaftServerConfigKeys (ConfUtils.java:logGet(46)) - raft.server.leaderelection.leader.step-down.wait-time = 10s (default)
2022-09-12 01:23:19,541 [pool-113-thread-1] INFO  server.RaftServerConfigKeys (ConfUtils.java:logGet(46)) - raft.server.sleep.deviation.threshold = 300ms (default)
2022-09-12 01:23:19,541 [pool-113-thread-1] INFO  server.RaftServer$Division (ServerState.java:<init>(107)) - omNode-3@group-0AAC5367B30E: ConfigurationManager, init=-1: [omNode-3|rpc:localhost:43293|priority:0, omNode-1|rpc:localhost:36869|priority:0, omNode-2|rpc:localhost:45055|priority:0], old=null, confs=<EMPTY_MAP>
2022-09-12 01:23:19,541 [pool-113-thread-1] INFO  server.RaftServerConfigKeys (ConfUtils.java:logGet(46)) - raft.server.storage.dir = [/home/runner/work/ozone/ozone/hadoop-ozone/integration-test/target/test-dir/MiniOzoneClusterImpl-3d4a976f-5e4d-41d2-99e8-392de73f1c7a/omNode-3/ratis] (custom)
2022-09-12 01:23:19,541 [pool-113-thread-1] INFO  server.RaftServerConfigKeys (ConfUtils.java:logGet(46)) - raft.server.log.corruption.policy = EXCEPTION (default)
2022-09-12 01:23:19,541 [pool-113-thread-1] INFO  server.RaftServerConfigKeys (ConfUtils.java:logGet(46)) - raft.server.storage.free-space.min = 0MB (=0) (default)
2022-09-12 01:23:19,541 [pool-113-thread-1] INFO  storage.RaftStorageDirectory (RaftStorageDirectoryImpl.java:analyzeStorage(135)) - The storage directory /home/runner/work/ozone/ozone/hadoop-ozone/integration-test/target/test-dir/MiniOzoneClusterImpl-3d4a976f-5e4d-41d2-99e8-392de73f1c7a/omNode-3/ratis/0718e334-ffa1-36bc-8e9a-0aac5367b30e does not exist. Creating ...
2022-09-12 01:23:19,542 [pool-113-thread-1] INFO  storage.RaftStorageDirectory (RaftStorageDirectoryImpl.java:tryLock(230)) - Lock on /home/runner/work/ozone/ozone/hadoop-ozone/integration-test/target/test-dir/MiniOzoneClusterImpl-3d4a976f-5e4d-41d2-99e8-392de73f1c7a/omNode-3/ratis/0718e334-ffa1-36bc-8e9a-0aac5367b30e/in_use.lock acquired by nodename 51693@fv-az167-317
2022-09-12 01:23:19,543 [pool-113-thread-1] INFO  storage.RaftStorage (RaftStorageImpl.java:format(89)) - Storage directory /home/runner/work/ozone/ozone/hadoop-ozone/integration-test/target/test-dir/MiniOzoneClusterImpl-3d4a976f-5e4d-41d2-99e8-392de73f1c7a/omNode-3/ratis/0718e334-ffa1-36bc-8e9a-0aac5367b30e has been successfully formatted.
2022-09-12 01:23:19,543 [pool-113-thread-1] INFO  server.RaftServerConfigKeys (ConfUtils.java:logGet(46)) - raft.server.notification.no-leader.timeout = 2s (custom)
2022-09-12 01:23:19,543 [pool-113-thread-1] INFO  server.RaftServerConfigKeys (ConfUtils.java:logGet(46)) - raft.server.log.use.memory = false (default)
2022-09-12 01:23:19,543 [pool-113-thread-1] INFO  server.RaftServerConfigKeys (ConfUtils.java:logGet(46)) - raft.server.log.purge.gap = 1000000 (custom)
2022-09-12 01:23:19,544 [pool-113-thread-1] INFO  server.RaftServerConfigKeys (ConfUtils.java:logGet(46)) - raft.server.log.appender.buffer.byte-limit = 33554432 (custom)
2022-09-12 01:23:19,544 [pool-113-thread-1] INFO  server.RaftServerConfigKeys (ConfUtils.java:logGet(46)) - raft.server.log.statemachine.data.read.timeout = 1000ms (default)
2022-09-12 01:23:19,544 [pool-113-thread-1] INFO  server.RaftServerConfigKeys (ConfUtils.java:logGet(46)) - raft.server.log.segment.size.max = 4194304 (custom)
2022-09-12 01:23:19,544 [pool-113-thread-1] INFO  server.RaftServerConfigKeys (ConfUtils.java:logGet(46)) - raft.server.log.segment.cache.num.max = 2 (custom)
2022-09-12 01:23:19,544 [pool-113-thread-1] INFO  server.RaftServerConfigKeys (ConfUtils.java:logGet(46)) - raft.server.log.segment.cache.size.max = 200MB (=209715200) (default)
2022-09-12 01:23:19,544 [pool-113-thread-1] INFO  segmented.SegmentedRaftLogWorker (SegmentedRaftLogWorker.java:<init>(187)) - new omNode-3@group-0AAC5367B30E-SegmentedRaftLogWorker for RaftStorageImpl:Storage Directory /home/runner/work/ozone/ozone/hadoop-ozone/integration-test/target/test-dir/MiniOzoneClusterImpl-3d4a976f-5e4d-41d2-99e8-392de73f1c7a/omNode-3/ratis/0718e334-ffa1-36bc-8e9a-0aac5367b30e
2022-09-12 01:23:19,544 [pool-113-thread-1] INFO  server.RaftServerConfigKeys (ConfUtils.java:logGet(46)) - raft.server.log.queue.byte-limit = 64MB (=67108864) (default)
2022-09-12 01:23:19,544 [pool-113-thread-1] INFO  server.RaftServerConfigKeys (ConfUtils.java:logGet(46)) - raft.server.log.queue.element-limit = 4096 (default)
2022-09-12 01:23:19,545 [pool-113-thread-1] INFO  server.RaftServerConfigKeys (ConfUtils.java:logGet(46)) - raft.server.log.segment.size.max = 4194304 (custom)
2022-09-12 01:23:19,545 [pool-113-thread-1] INFO  server.RaftServerConfigKeys (ConfUtils.java:logGet(46)) - raft.server.log.preallocated.size = 4194304 (custom)
2022-09-12 01:23:19,545 [pool-113-thread-1] INFO  server.RaftServerConfigKeys (ConfUtils.java:logGet(46)) - raft.server.log.force.sync.num = 128 (default)
2022-09-12 01:23:19,545 [pool-113-thread-1] INFO  server.RaftServerConfigKeys (ConfUtils.java:logGet(46)) - raft.server.log.statemachine.data.sync = true (default)
2022-09-12 01:23:19,545 [pool-113-thread-1] INFO  server.RaftServerConfigKeys (ConfUtils.java:logGet(46)) - raft.server.log.statemachine.data.sync.timeout = 10s (default)
2022-09-12 01:23:19,545 [pool-113-thread-1] INFO  server.RaftServerConfigKeys (ConfUtils.java:logGet(46)) - raft.server.log.statemachine.data.sync.timeout.retry = -1 (default)
2022-09-12 01:23:19,546 [pool-113-thread-1] INFO  server.RaftServerConfigKeys (ConfUtils.java:logGet(46)) - raft.server.log.write.buffer.size = 64KB (=65536) (default)
2022-09-12 01:23:19,546 [pool-113-thread-1] INFO  server.RaftServerConfigKeys (ConfUtils.java:logGet(46)) - raft.server.log.unsafe-flush.enabled = false (default)
2022-09-12 01:23:19,546 [pool-113-thread-1] INFO  server.RaftServerConfigKeys (ConfUtils.java:logGet(46)) - raft.server.log.statemachine.data.caching.enabled = false (default)
2022-09-12 01:23:19,546 [pool-113-thread-1] INFO  segmented.SegmentedRaftLogWorker (SegmentedRaftLogWorker.java:lambda$new$0(135)) - omNode-3@group-0AAC5367B30E-SegmentedRaftLogWorker: flushIndex: setUnconditionally 0 -> -1
2022-09-12 01:23:19,546 [pool-113-thread-1] INFO  segmented.SegmentedRaftLogWorker (SegmentedRaftLogWorker.java:lambda$new$0(135)) - omNode-3@group-0AAC5367B30E-SegmentedRaftLogWorker: safeCacheEvictIndex: setUnconditionally 0 -> -1
2022-09-12 01:23:19,565 [pool-113-thread-1] INFO  server.RaftServerConfigKeys (ConfUtils.java:logGet(46)) - raft.server.snapshot.auto.trigger.enabled = true (custom)
2022-09-12 01:23:19,565 [pool-113-thread-1] INFO  server.RaftServerConfigKeys (ConfUtils.java:logGet(46)) - raft.server.snapshot.auto.trigger.threshold = 400000 (default)
2022-09-12 01:23:19,565 [pool-113-thread-1] INFO  server.RaftServerConfigKeys (ConfUtils.java:logGet(46)) - raft.server.snapshot.retention.file.num = -1 (default)
2022-09-12 01:23:19,565 [pool-113-thread-1] INFO  server.RaftServerConfigKeys (ConfUtils.java:logGet(46)) - raft.server.log.purge.upto.snapshot.index = true (custom)
2022-09-12 01:23:19,565 [pool-113-thread-1] INFO  server.RaftServerConfigKeys (ConfUtils.java:logGet(46)) - raft.server.retrycache.expirytime = 300s (custom)
2022-09-12 01:23:19,566 [pool-113-thread-1] INFO  server.RaftServerConfigKeys (ConfUtils.java:logGet(46)) - raft.server.retrycache.statistics.expirytime = 100μs (default)
2022-09-12 01:23:19,567 [pool-113-thread-1] INFO  server.RaftServerConfigKeys (ConfUtils.java:logGet(46)) - raft.server.log.appender.install.snapshot.enabled = false (custom)
2022-09-12 01:23:19,567 [pool-113-thread-1] INFO  server.RaftServerConfigKeys (ConfUtils.java:logGet(46)) - raft.server.threadpool.server.cached = true (default)
2022-09-12 01:23:19,567 [pool-113-thread-1] INFO  server.RaftServerConfigKeys (ConfUtils.java:logGet(46)) - raft.server.threadpool.server.size = 0 (default)
2022-09-12 01:23:19,567 [pool-113-thread-1] INFO  server.RaftServerConfigKeys (ConfUtils.java:logGet(46)) - raft.server.threadpool.client.cached = true (default)
2022-09-12 01:23:19,567 [pool-113-thread-1] INFO  server.RaftServerConfigKeys (ConfUtils.java:logGet(46)) - raft.server.threadpool.client.size = 0 (default)
2022-09-12 01:23:20,194 [omNode-1@group-0AAC5367B30E-LeaderElection3] INFO  impl.LeaderElection (LogUtils.java:infoOrTrace(137)) - omNode-1@group-0AAC5367B30E-LeaderElection3 got exception when requesting votes: java.util.concurrent.ExecutionException: org.apache.ratis.thirdparty.io.grpc.StatusRuntimeException: UNAVAILABLE: io exception
2022-09-12 01:23:20,237 [Listener at 127.0.0.1/45777] INFO  reflections.Reflections (Reflections.java:scan(232)) - Reflections took 707 ms to scan 19 urls, producing 67 keys and 4171 values [using 2 cores]
2022-09-12 01:23:20,239 [Listener at 127.0.0.1/45777] INFO  ipc.CallQueueManager (CallQueueManager.java:<init>(90)) - Using callQueue: class java.util.concurrent.LinkedBlockingQueue, queueCapacity: 2000, scheduler: class org.apache.hadoop.ipc.DefaultRpcScheduler, ipcBackoff: false.
2022-09-12 01:23:20,240 [Socket Reader #1 for port 34999] INFO  ipc.Server (Server.java:run(1265)) - Starting Socket Reader #1 for port 34999
2022-09-12 01:23:20,291 [Listener at 127.0.0.1/34999] INFO  impl.MetricsSystemImpl (MetricsSystemImpl.java:init(158)) - OzoneManager metrics system started (again)
2022-09-12 01:23:20,312 [Listener at 127.0.0.1/34999] INFO  om.OzoneManager (OzoneManager.java:start(1480)) - OzoneManager RPC server is listening at localhost/127.0.0.1:34999
2022-09-12 01:23:20,312 [Listener at 127.0.0.1/34999] INFO  ratis.OzoneManagerRatisServer (OzoneManagerRatisServer.java:start(554)) - Starting OzoneManagerRatisServer omNode-3 at port 43293
2022-09-12 01:23:20,312 [omNode-3-impl-thread1] INFO  server.RaftServer$Division (RaftServerImpl.java:start(310)) - omNode-3@group-0AAC5367B30E: start as a follower, conf=-1: [omNode-3|rpc:localhost:43293|priority:0, omNode-1|rpc:localhost:36869|priority:0, omNode-2|rpc:localhost:45055|priority:0], old=null
2022-09-12 01:23:20,312 [omNode-3-impl-thread1] INFO  server.RaftServer$Division (RaftServerImpl.java:setRole(299)) - omNode-3@group-0AAC5367B30E: changes role from      null to FOLLOWER at term 0 for startAsFollower
2022-09-12 01:23:20,312 [omNode-3-impl-thread1] INFO  impl.RoleInfo (RoleInfo.java:updateAndGet(139)) - omNode-3: start omNode-3@group-0AAC5367B30E-FollowerState
2022-09-12 01:23:20,318 [omNode-3-impl-thread1] INFO  util.JmxRegister (JmxRegister.java:tryRegister(44)) - Successfully registered JMX Bean with object name Ratis:service=RaftServer,group=group-0AAC5367B30E,id=omNode-3
2022-09-12 01:23:20,319 [Listener at 127.0.0.1/34999] INFO  server.RaftServer (RaftServerProxy.java:lambda$start$6(382)) - omNode-3: start RPC server
2022-09-12 01:23:20,324 [Listener at 127.0.0.1/34999] INFO  server.GrpcService (GrpcService.java:startImpl(260)) - omNode-3: GrpcService started, listening on 43293
2022-09-12 01:23:20,325 [Listener at 127.0.0.1/34999] INFO  om.OzoneManager (OzoneManager.java:start(1496)) - Version File has different layout version (3) than OM DB (null). That is expected if this OM has never been finalized to a newer layout version.
2022-09-12 01:23:20,325 [org.apache.ratis.util.JvmPauseMonitor$$Lambda$605/1445225850@4f0aa08b] INFO  util.JvmPauseMonitor (JvmPauseMonitor.java:run(103)) - JvmPauseMonitor-omNode-3: Started
2022-09-12 01:23:20,327 [Listener at 127.0.0.1/34999] INFO  http.BaseHttpServer (BaseHttpServer.java:newHttpServer2BuilderForOzone(213)) - Starting Web-server for ozoneManager at: http://0.0.0.0:44331
2022-09-12 01:23:20,327 [Listener at 127.0.0.1/34999] INFO  http.BaseHttpServer (BaseHttpServer.java:<init>(108)) - Hadoop Security Enabled: false Ozone Security Enabled: false Ozone HTTP Security Enabled: false 
2022-09-12 01:23:20,327 [grpc-default-executor-0] INFO  server.RaftServer$Division (RaftServerImpl.java:requestVote(1152)) - omNode-2@group-0AAC5367B30E: receive requestVote(ELECTION, omNode-1, group-0AAC5367B30E, 1, (t:0, i:~))
2022-09-12 01:23:20,329 [Listener at 127.0.0.1/34999] INFO  server.AuthenticationFilter (AuthenticationFilter.java:constructSecretProvider(240)) - Unable to initialize FileSignerSecretProvider, falling back to use random secrets.
2022-09-12 01:23:20,329 [grpc-default-executor-0] INFO  impl.VoteContext (VoteContext.java:log(48)) - omNode-2@group-0AAC5367B30E-FOLLOWER: accept ELECTION from omNode-1: our priority 0 <= candidate's priority 0
2022-09-12 01:23:20,329 [grpc-default-executor-0] INFO  server.RaftServer$Division (RaftServerImpl.java:setRole(299)) - omNode-2@group-0AAC5367B30E: changes role from  FOLLOWER to FOLLOWER at term 1 for candidate:omNode-1
2022-09-12 01:23:20,329 [grpc-default-executor-0] INFO  impl.RoleInfo (RoleInfo.java:shutdownFollowerState(110)) - omNode-2: shutdown omNode-2@group-0AAC5367B30E-FollowerState
2022-09-12 01:23:20,330 [grpc-default-executor-0] INFO  impl.RoleInfo (RoleInfo.java:updateAndGet(139)) - omNode-2: start omNode-2@group-0AAC5367B30E-FollowerState
2022-09-12 01:23:20,330 [omNode-2@group-0AAC5367B30E-FollowerState] INFO  impl.FollowerState (FollowerState.java:run(152)) - omNode-2@group-0AAC5367B30E-FollowerState was interrupted
2022-09-12 01:23:20,330 [Listener at 127.0.0.1/34999] WARN  http.HttpRequestLog (HttpRequestLog.java:getRequestLog(103)) - Jetty request log can only be enabled using Log4j
2022-09-12 01:23:20,331 [Listener at 127.0.0.1/34999] INFO  http.HttpServer2 (HttpServer2.java:addGlobalFilter(1029)) - Added global filter 'safety' (class=org.apache.hadoop.hdds.server.http.HttpServer2$QuotingInputFilter)
2022-09-12 01:23:20,332 [Listener at 127.0.0.1/34999] INFO  http.HttpServer2 (HttpServer2.java:addFilter(1005)) - Added filter static_user_filter (class=org.apache.hadoop.http.lib.StaticUserWebFilter$StaticUserFilter) to context ozoneManager
2022-09-12 01:23:20,332 [Listener at 127.0.0.1/34999] INFO  http.HttpServer2 (HttpServer2.java:addFilter(1013)) - Added filter static_user_filter (class=org.apache.hadoop.http.lib.StaticUserWebFilter$StaticUserFilter) to context static
2022-09-12 01:23:20,332 [Listener at 127.0.0.1/34999] INFO  http.HttpServer2 (HttpServer2.java:addFilter(1013)) - Added filter static_user_filter (class=org.apache.hadoop.http.lib.StaticUserWebFilter$StaticUserFilter) to context logs
2022-09-12 01:23:20,333 [Listener at 127.0.0.1/34999] INFO  http.HttpServer2 (HttpServer2.java:bindListener(1248)) - Jetty bound to port 44331
2022-09-12 01:23:20,333 [Listener at 127.0.0.1/34999] INFO  server.Server (Server.java:doStart(375)) - jetty-9.4.43.v20210629; built: 2021-06-30T11:07:22.254Z; git: 526006ecfa3af7f1a27ef3a288e2bef7ea9dd7e8; jvm 1.8.0_345-b01
2022-09-12 01:23:20,347 [Listener at 127.0.0.1/34999] INFO  server.session (DefaultSessionIdManager.java:doStart(334)) - DefaultSessionIdManager workerName=node0
2022-09-12 01:23:20,347 [Listener at 127.0.0.1/34999] INFO  server.session (DefaultSessionIdManager.java:doStart(339)) - No SessionScavenger set, using defaults
2022-09-12 01:23:20,347 [Listener at 127.0.0.1/34999] INFO  server.session (HouseKeeper.java:startScavenging(132)) - node0 Scavenging every 600000ms
2022-09-12 01:23:20,348 [Listener at 127.0.0.1/34999] INFO  handler.ContextHandler (ContextHandler.java:doStart(915)) - Started o.e.j.s.ServletContextHandler@61022ddb{logs,/logs,file:///home/runner/work/ozone/ozone/hadoop-ozone/integration-test/target/log,AVAILABLE}
2022-09-12 01:23:20,348 [Listener at 127.0.0.1/34999] INFO  handler.ContextHandler (ContextHandler.java:doStart(915)) - Started o.e.j.s.ServletContextHandler@40020127{static,/static,file:///home/runner/work/ozone/ozone/hadoop-ozone/integration-test/target/test-classes/webapps/static,AVAILABLE}
2022-09-12 01:23:20,352 [Listener at 127.0.0.1/34999] INFO  handler.ContextHandler (ContextHandler.java:doStart(915)) - Started o.e.j.w.WebAppContext@8ab9629{ozoneManager,/,file:///home/runner/work/ozone/ozone/hadoop-ozone/integration-test/target/test-classes/webapps/ozoneManager/,AVAILABLE}{file:/home/runner/work/ozone/ozone/hadoop-ozone/integration-test/target/test-classes/webapps/ozoneManager}
2022-09-12 01:23:20,355 [grpc-default-executor-0] INFO  server.RaftServer$Division (RaftServerImpl.java:requestVote(1184)) - omNode-2@group-0AAC5367B30E replies to ELECTION vote request: omNode-1<-omNode-2#0:OK-t1. Peer's state: omNode-2@group-0AAC5367B30E:t1, leader=null, voted=omNode-1, raftlog=omNode-2@group-0AAC5367B30E-SegmentedRaftLog:OPENED:c-1, conf=-1: [omNode-3|rpc:localhost:43293|priority:0, omNode-1|rpc:localhost:36869|priority:0, omNode-2|rpc:localhost:45055|priority:0], old=null
2022-09-12 01:23:20,365 [Listener at 127.0.0.1/34999] INFO  server.AbstractConnector (AbstractConnector.java:doStart(331)) - Started ServerConnector@28964cb5{HTTP/1.1, (http/1.1)}{0.0.0.0:44331}
2022-09-12 01:23:20,366 [Listener at 127.0.0.1/34999] INFO  server.Server (Server.java:doStart(415)) - Started @21075ms
2022-09-12 01:23:20,366 [Listener at 127.0.0.1/34999] WARN  impl.MetricsSystemImpl (MetricsSystemImpl.java:register(279)) - Sink prometheus already exists!
2022-09-12 01:23:20,366 [Listener at 127.0.0.1/34999] INFO  http.BaseHttpServer (BaseHttpServer.java:updateConnectorAddress(333)) - HTTP server of ozoneManager listening at http://0.0.0.0:44331
2022-09-12 01:23:20,372 [IPC Server Responder] INFO  ipc.Server (Server.java:run(1507)) - IPC Server Responder: starting
2022-09-12 01:23:20,373 [IPC Server listener on 34999] INFO  ipc.Server (Server.java:run(1344)) - IPC Server listener on 34999: starting
2022-09-12 01:23:20,374 [Listener at 127.0.0.1/34999] INFO  om.OzoneManager (OzoneManager.java:startTrashEmptier(1917)) - Trash Interval set to 0. Files deleted won't move to trash
2022-09-12 01:23:20,374 [Listener at 127.0.0.1/34999] INFO  ozone.MiniOzoneHAClusterImpl (MiniOzoneHAClusterImpl.java:createOMService(527)) - Started OzoneManager omNode-3 RPC server at localhost/127.0.0.1:34999
2022-09-12 01:23:20,396 [org.apache.hadoop.util.JvmPauseMonitor$Monitor@7751cdf5] INFO  util.JvmPauseMonitor (JvmPauseMonitor.java:run(188)) - Starting JVM pause monitor
2022-09-12 01:23:20,401 [omNode-1@group-0AAC5367B30E-LeaderElection3] INFO  impl.LeaderElection (LeaderElection.java:logAndReturn(90)) - omNode-1@group-0AAC5367B30E-LeaderElection3: ELECTION PASSED received 1 response(s) and 1 exception(s):
2022-09-12 01:23:20,401 [omNode-1@group-0AAC5367B30E-LeaderElection3] INFO  impl.LeaderElection (LeaderElection.java:logAndReturn(94)) -   Response 0: omNode-1<-omNode-2#0:OK-t1
2022-09-12 01:23:20,401 [omNode-1@group-0AAC5367B30E-LeaderElection3] INFO  impl.LeaderElection (LogUtils.java:infoOrTrace(137)) -   Exception 1: java.util.concurrent.ExecutionException: org.apache.ratis.thirdparty.io.grpc.StatusRuntimeException: UNAVAILABLE: io exception
2022-09-12 01:23:20,401 [omNode-1@group-0AAC5367B30E-LeaderElection3] INFO  impl.LeaderElection (LeaderElection.java:askForVotes(312)) - omNode-1@group-0AAC5367B30E-LeaderElection3 ELECTION round 0: result PASSED
2022-09-12 01:23:20,401 [omNode-1@group-0AAC5367B30E-LeaderElection3] INFO  impl.RoleInfo (RoleInfo.java:shutdownLeaderElection(130)) - omNode-1: shutdown omNode-1@group-0AAC5367B30E-LeaderElection3
2022-09-12 01:23:20,401 [omNode-1@group-0AAC5367B30E-LeaderElection3] INFO  server.RaftServer$Division (RaftServerImpl.java:setRole(299)) - omNode-1@group-0AAC5367B30E: changes role from CANDIDATE to LEADER at term 1 for changeToLeader
2022-09-12 01:23:20,401 [omNode-1@group-0AAC5367B30E-LeaderElection3] INFO  server.RaftServer$Division (ServerState.java:setLeader(287)) - omNode-1@group-0AAC5367B30E: change Leader from null to omNode-1 at term 1 for becomeLeader, leader elected after 2807ms
2022-09-12 01:23:20,402 [omNode-1@group-0AAC5367B30E-LeaderElection3] INFO  server.RaftServerConfigKeys (ConfUtils.java:logGet(46)) - raft.server.staging.catchup.gap = 1000 (default)
2022-09-12 01:23:20,402 [omNode-1@group-0AAC5367B30E-LeaderElection3] INFO  server.RaftServerConfigKeys (ConfUtils.java:logGet(46)) - raft.server.write.element-limit = 4096 (default)
2022-09-12 01:23:20,402 [omNode-1@group-0AAC5367B30E-LeaderElection3] INFO  server.RaftServerConfigKeys (ConfUtils.java:logGet(46)) - raft.server.write.byte-limit = 64MB (=67108864) (default)
2022-09-12 01:23:20,402 [omNode-1@group-0AAC5367B30E-LeaderElection3] INFO  server.RaftServerConfigKeys (ConfUtils.java:logGet(46)) - raft.server.watch.timeout = 10s (default)
2022-09-12 01:23:20,402 [omNode-1@group-0AAC5367B30E-LeaderElection3] INFO  server.RaftServerConfigKeys (ConfUtils.java:logGet(46)) - raft.server.watch.timeout.denomination = 1s (default)
2022-09-12 01:23:20,402 [omNode-1@group-0AAC5367B30E-LeaderElection3] INFO  server.RaftServerConfigKeys (ConfUtils.java:logGet(46)) - raft.server.watch.element-limit = 65536 (default)
2022-09-12 01:23:20,402 [omNode-1@group-0AAC5367B30E-LeaderElection3] INFO  server.RaftServerConfigKeys (ConfUtils.java:logGet(46)) - raft.server.write.element-limit = 4096 (default)
2022-09-12 01:23:20,402 [omNode-1@group-0AAC5367B30E-LeaderElection3] INFO  server.RaftServerConfigKeys (ConfUtils.java:logGet(46)) - raft.server.write.follower.gap.ratio.max = -1.0 (default)
2022-09-12 01:23:20,406 [omNode-1@group-0AAC5367B30E-LeaderElection3] INFO  server.RaftServerConfigKeys (ConfUtils.java:logGet(46)) - raft.server.log.appender.snapshot.chunk.size.max = 16MB (=16777216) (default)
2022-09-12 01:23:20,406 [omNode-1@group-0AAC5367B30E-LeaderElection3] INFO  server.RaftServerConfigKeys (ConfUtils.java:logGet(46)) - raft.server.log.appender.buffer.byte-limit = 33554432 (custom)
2022-09-12 01:23:20,406 [omNode-1@group-0AAC5367B30E-LeaderElection3] INFO  server.RaftServerConfigKeys (ConfUtils.java:logGet(46)) - raft.server.log.appender.buffer.element-limit = 1024 (custom)
2022-09-12 01:23:20,421 [omNode-1@group-0AAC5367B30E-LeaderElection3] INFO  grpc.GrpcConfigKeys (ConfUtils.java:logGet(46)) - raft.grpc.server.leader.outstanding.appends.max = 128 (default)
2022-09-12 01:23:20,421 [omNode-1@group-0AAC5367B30E-LeaderElection3] INFO  server.RaftServerConfigKeys (ConfUtils.java:logGet(46)) - raft.server.rpc.request.timeout = 3000ms (default)
2022-09-12 01:23:20,421 [omNode-1@group-0AAC5367B30E-LeaderElection3] INFO  server.RaftServerConfigKeys (ConfUtils.java:logGet(46)) - raft.server.log.appender.install.snapshot.enabled = false (custom)
2022-09-12 01:23:20,422 [omNode-1@group-0AAC5367B30E-LeaderElection3] INFO  server.RaftServerConfigKeys (ConfUtils.java:logGet(46)) - raft.server.log.appender.snapshot.chunk.size.max = 16MB (=16777216) (default)
2022-09-12 01:23:20,423 [omNode-1@group-0AAC5367B30E-LeaderElection3] INFO  server.RaftServerConfigKeys (ConfUtils.java:logGet(46)) - raft.server.log.appender.buffer.byte-limit = 33554432 (custom)
2022-09-12 01:23:20,423 [omNode-1@group-0AAC5367B30E-LeaderElection3] INFO  server.RaftServerConfigKeys (ConfUtils.java:logGet(46)) - raft.server.log.appender.buffer.element-limit = 1024 (custom)
2022-09-12 01:23:20,423 [omNode-1@group-0AAC5367B30E-LeaderElection3] INFO  grpc.GrpcConfigKeys (ConfUtils.java:logGet(46)) - raft.grpc.server.leader.outstanding.appends.max = 128 (default)
2022-09-12 01:23:20,423 [omNode-1@group-0AAC5367B30E-LeaderElection3] INFO  server.RaftServerConfigKeys (ConfUtils.java:logGet(46)) - raft.server.rpc.request.timeout = 3000ms (default)
2022-09-12 01:23:20,423 [omNode-1@group-0AAC5367B30E-LeaderElection3] INFO  server.RaftServerConfigKeys (ConfUtils.java:logGet(46)) - raft.server.log.appender.install.snapshot.enabled = false (custom)
2022-09-12 01:23:20,424 [omNode-1@group-0AAC5367B30E-LeaderElection3] INFO  impl.RoleInfo (RoleInfo.java:updateAndGet(139)) - omNode-1: start omNode-1@group-0AAC5367B30E-LeaderStateImpl
2022-09-12 01:23:20,424 [omNode-1@group-0AAC5367B30E-LeaderElection3] INFO  segmented.SegmentedRaftLogWorker (SegmentedRaftLogWorker.java:startLogSegment(425)) - omNode-1@group-0AAC5367B30E-SegmentedRaftLogWorker: Starting segment from index:0
2022-09-12 01:23:20,433 [omNode-1@group-0AAC5367B30E-SegmentedRaftLogWorker] INFO  segmented.SegmentedRaftLogWorker (SegmentedRaftLogWorker.java:execute(629)) - omNode-1@group-0AAC5367B30E-SegmentedRaftLogWorker: created new log segment /home/runner/work/ozone/ozone/hadoop-ozone/integration-test/target/test-dir/MiniOzoneClusterImpl-3d4a976f-5e4d-41d2-99e8-392de73f1c7a/omNode-1/ratis/0718e334-ffa1-36bc-8e9a-0aac5367b30e/current/log_inprogress_0
2022-09-12 01:23:20,453 [omNode-1@group-0AAC5367B30E-LeaderElection3] INFO  server.RaftServer$Division (ServerState.java:setRaftConf(393)) - omNode-1@group-0AAC5367B30E: set configuration 0: [omNode-3|rpc:localhost:43293|admin:|client:|dataStream:|priority:0, omNode-1|rpc:localhost:36869|admin:|client:|dataStream:|priority:0, omNode-2|rpc:localhost:45055|admin:|client:|dataStream:|priority:0], old=null
2022-09-12 01:23:20,517 [omNode-2-server-thread1] INFO  server.RaftServer$Division (ServerState.java:setLeader(287)) - omNode-2@group-0AAC5367B30E: change Leader from null to omNode-1 at term 1 for appendEntries, leader elected after 1811ms
2022-09-12 01:23:20,567 [omNode-2-server-thread1] INFO  server.RaftServer$Division (ServerState.java:setRaftConf(393)) - omNode-2@group-0AAC5367B30E: set configuration 0: [omNode-3|rpc:localhost:43293|admin:|client:|dataStream:|priority:0, omNode-1|rpc:localhost:36869|admin:|client:|dataStream:|priority:0, omNode-2|rpc:localhost:45055|admin:|client:|dataStream:|priority:0], old=null
2022-09-12 01:23:20,567 [omNode-2-server-thread1] INFO  segmented.SegmentedRaftLogWorker (SegmentedRaftLogWorker.java:startLogSegment(425)) - omNode-2@group-0AAC5367B30E-SegmentedRaftLogWorker: Starting segment from index:0
2022-09-12 01:23:20,575 [omNode-2@group-0AAC5367B30E-SegmentedRaftLogWorker] INFO  segmented.SegmentedRaftLogWorker (SegmentedRaftLogWorker.java:execute(629)) - omNode-2@group-0AAC5367B30E-SegmentedRaftLogWorker: created new log segment /home/runner/work/ozone/ozone/hadoop-ozone/integration-test/target/test-dir/MiniOzoneClusterImpl-3d4a976f-5e4d-41d2-99e8-392de73f1c7a/omNode-2/ratis/0718e334-ffa1-36bc-8e9a-0aac5367b30e/current/log_inprogress_0
2022-09-12 01:23:20,702 [Listener at 127.0.0.1/34999] WARN  impl.MetricRegistriesImpl (MetricRegistriesImpl.java:addReporterRegistration(111)) - New reporters are added after registries were created. Some metrics will be missing from the reporter. Please add reporter before adding any new registry.
2022-09-12 01:23:20,706 [Listener at 127.0.0.1/34999] WARN  impl.MetricRegistriesImpl (MetricRegistriesImpl.java:addReporterRegistration(111)) - New reporters are added after registries were created. Some metrics will be missing from the reporter. Please add reporter before adding any new registry.
2022-09-12 01:23:20,707 [Listener at 127.0.0.1/34999] INFO  impl.MetricsSystemImpl (MetricsSystemImpl.java:init(158)) - HddsDatanode metrics system started (again)
2022-09-12 01:23:20,734 [omNode-1@group-0AAC5367B30E-StateMachineUpdater] INFO  ratis.OzoneManagerStateMachine (OzoneManagerStateMachine.java:notifyConfigurationChanged(192)) - Received Configuration change notification from Ratis. New Peer list:
[id: "omNode-3"
address: "localhost:43293"
, id: "omNode-1"
address: "localhost:36869"
, id: "omNode-2"
address: "localhost:45055"
]
2022-09-12 01:23:20,722 [omNode-2@group-0AAC5367B30E-StateMachineUpdater] INFO  ratis.OzoneManagerStateMachine (OzoneManagerStateMachine.java:notifyConfigurationChanged(192)) - Received Configuration change notification from Ratis. New Peer list:
[id: "omNode-3"
address: "localhost:43293"
, id: "omNode-1"
address: "localhost:36869"
, id: "omNode-2"
address: "localhost:45055"
]
2022-09-12 01:23:20,738 [Listener at 127.0.0.1/34999] INFO  ozone.HddsDatanodeService (HddsDatanodeService.java:start(236)) - HddsDatanodeService host:fv-az167-317.21ktoceh2wee5fewwtpg1zd01g.bx.internal.cloudapp.net ip:10.1.0.12
2022-09-12 01:23:20,744 [omNode-3-server-thread1] INFO  server.RaftServer$Division (ServerState.java:setLeader(287)) - omNode-3@group-0AAC5367B30E: change Leader from null to omNode-1 at term 1 for appendEntries, leader elected after 1201ms
2022-09-12 01:23:20,745 [omNode-3-server-thread1] INFO  server.RaftServer$Division (RaftServerImpl.java:checkInconsistentAppendEntries(1424)) - omNode-3@group-0AAC5367B30E: Failed appendEntries as previous log entry ((t:1, i:0)) is not found
2022-09-12 01:23:20,745 [omNode-3-server-thread1] INFO  server.RaftServer$Division (RaftServerImpl.java:checkInconsistentAppendEntries(1394)) - omNode-3@group-0AAC5367B30E: inconsistency entries. Reply:omNode-1<-omNode-3#31177:FAIL-t0,INCONSISTENCY,nextIndex=0,followerCommit=-1
2022-09-12 01:23:20,756 [omNode-3-server-thread2] INFO  server.RaftServer$Division (ServerState.java:setRaftConf(393)) - omNode-3@group-0AAC5367B30E: set configuration 0: [omNode-3|rpc:localhost:43293|admin:|client:|dataStream:|priority:0, omNode-1|rpc:localhost:36869|admin:|client:|dataStream:|priority:0, omNode-2|rpc:localhost:45055|admin:|client:|dataStream:|priority:0], old=null
2022-09-12 01:23:20,756 [omNode-3-server-thread2] INFO  segmented.SegmentedRaftLogWorker (SegmentedRaftLogWorker.java:startLogSegment(425)) - omNode-3@group-0AAC5367B30E-SegmentedRaftLogWorker: Starting segment from index:0
2022-09-12 01:23:20,764 [omNode-3@group-0AAC5367B30E-SegmentedRaftLogWorker] INFO  segmented.SegmentedRaftLogWorker (SegmentedRaftLogWorker.java:execute(629)) - omNode-3@group-0AAC5367B30E-SegmentedRaftLogWorker: created new log segment /home/runner/work/ozone/ozone/hadoop-ozone/integration-test/target/test-dir/MiniOzoneClusterImpl-3d4a976f-5e4d-41d2-99e8-392de73f1c7a/omNode-3/ratis/0718e334-ffa1-36bc-8e9a-0aac5367b30e/current/log_inprogress_0
2022-09-12 01:23:20,774 [omNode-3@group-0AAC5367B30E-StateMachineUpdater] INFO  ratis.OzoneManagerStateMachine (OzoneManagerStateMachine.java:notifyConfigurationChanged(192)) - Received Configuration change notification from Ratis. New Peer list:
[id: "omNode-3"
address: "localhost:43293"
, id: "omNode-1"
address: "localhost:36869"
, id: "omNode-2"
address: "localhost:45055"
]
2022-09-12 01:23:20,780 [Listener at 127.0.0.1/34999] INFO  upgrade.AbstractLayoutVersionManager (AbstractLayoutVersionManager.java:init(83)) - Initializing Layout version manager with metadata layout = DATANODE_SCHEMA_V3 (version = 4), software layout = DATANODE_SCHEMA_V3 (version = 4)
2022-09-12 01:23:20,824 [Listener at 127.0.0.1/34999] INFO  reflections.Reflections (Reflections.java:scan(232)) - Reflections took 43 ms to scan 7 urls, producing 135 keys and 327 values 
2022-09-12 01:23:20,829 [Listener at 127.0.0.1/34999] INFO  ha.SCMNodeInfo (SCMNodeInfo.java:getPort(197)) - ConfigKey ozone.scm.client.address is deprecated, For configuring different ports for each SCM use PortConfigKey ozone.scm.client.port appended with serviceId and nodeId
2022-09-12 01:23:20,829 [Listener at 127.0.0.1/34999] INFO  ha.SCMNodeInfo (SCMNodeInfo.java:getPort(197)) - ConfigKey ozone.scm.block.client.address is deprecated, For configuring different ports for each SCM use PortConfigKey ozone.scm.block.client.port appended with serviceId and nodeId
2022-09-12 01:23:20,829 [Listener at 127.0.0.1/34999] INFO  ha.SCMNodeInfo (SCMNodeInfo.java:getPort(197)) - ConfigKey ozone.scm.datanode.address is deprecated, For configuring different ports for each SCM use PortConfigKey ozone.scm.datanode.port appended with serviceId and nodeId
2022-09-12 01:23:20,830 [Listener at 127.0.0.1/34999] INFO  statemachine.DatanodeStateMachine (DatanodeStateMachine.java:getEndPointTaskThreadPoolSize(237)) - Datanode State Machine Task Thread Pool size 2
2022-09-12 01:23:20,890 [Listener at 127.0.0.1/34999] INFO  volume.HddsVolume (HddsVolume.java:<init>(117)) - Creating HddsVolume: /home/runner/work/ozone/ozone/hadoop-ozone/integration-test/target/test-dir/MiniOzoneClusterImpl-3d4a976f-5e4d-41d2-99e8-392de73f1c7a/datanode-0/data-0/containers/hdds of storage type : DISK capacity : 9223372036854775807
2022-09-12 01:23:20,892 [Listener at 127.0.0.1/34999] INFO  volume.MutableVolumeSet (MutableVolumeSet.java:initializeVolumeSet(174)) - Added Volume : /home/runner/work/ozone/ozone/hadoop-ozone/integration-test/target/test-dir/MiniOzoneClusterImpl-3d4a976f-5e4d-41d2-99e8-392de73f1c7a/datanode-0/data-0/containers/hdds to VolumeSet
2022-09-12 01:23:20,893 [Listener at 127.0.0.1/34999] INFO  volume.ThrottledAsyncChecker (ThrottledAsyncChecker.java:schedule(141)) - Scheduling a check for /home/runner/work/ozone/ozone/hadoop-ozone/integration-test/target/test-dir/MiniOzoneClusterImpl-3d4a976f-5e4d-41d2-99e8-392de73f1c7a/datanode-0/data-0/containers/hdds
2022-09-12 01:23:20,905 [Listener at 127.0.0.1/34999] INFO  volume.StorageVolumeChecker (StorageVolumeChecker.java:checkAllVolumes(202)) - Scheduled health check for volume /home/runner/work/ozone/ozone/hadoop-ozone/integration-test/target/test-dir/MiniOzoneClusterImpl-3d4a976f-5e4d-41d2-99e8-392de73f1c7a/datanode-0/data-0/containers/hdds
2022-09-12 01:23:20,926 [Listener at 127.0.0.1/34999] INFO  volume.MutableVolumeSet (MutableVolumeSet.java:initializeVolumeSet(174)) - Added Volume : /home/runner/work/ozone/ozone/hadoop-ozone/integration-test/target/test-dir/MiniOzoneClusterImpl-3d4a976f-5e4d-41d2-99e8-392de73f1c7a/datanode-0/data/ratis to VolumeSet
2022-09-12 01:23:20,926 [Listener at 127.0.0.1/34999] INFO  volume.ThrottledAsyncChecker (ThrottledAsyncChecker.java:schedule(141)) - Scheduling a check for /home/runner/work/ozone/ozone/hadoop-ozone/integration-test/target/test-dir/MiniOzoneClusterImpl-3d4a976f-5e4d-41d2-99e8-392de73f1c7a/datanode-0/data/ratis
2022-09-12 01:23:20,927 [Listener at 127.0.0.1/34999] INFO  volume.StorageVolumeChecker (StorageVolumeChecker.java:checkAllVolumes(202)) - Scheduled health check for volume /home/runner/work/ozone/ozone/hadoop-ozone/integration-test/target/test-dir/MiniOzoneClusterImpl-3d4a976f-5e4d-41d2-99e8-392de73f1c7a/datanode-0/data/ratis
2022-09-12 01:23:20,946 [Thread-492] INFO  ozoneimpl.ContainerReader (ContainerReader.java:readVolume(175)) - Finish verifying containers on volume /home/runner/work/ozone/ozone/hadoop-ozone/integration-test/target/test-dir/MiniOzoneClusterImpl-3d4a976f-5e4d-41d2-99e8-392de73f1c7a/datanode-0/data-0/containers/hdds
2022-09-12 01:23:20,946 [Listener at 127.0.0.1/34999] INFO  ozoneimpl.OzoneContainer (OzoneContainer.java:buildContainerSet(300)) - Build ContainerSet costs 0s
2022-09-12 01:23:20,989 [Listener at 127.0.0.1/34999] INFO  audit.AuditLogger (AuditLogger.java:refreshDebugCmdSet(126)) - Refresh DebugCmdSet for DNAudit to [].
2022-09-12 01:23:21,014 [Listener at 127.0.0.1/34999] INFO  server.RaftServer (ConfUtils.java:logGet(46)) - raft.rpc.type = GRPC (default)
2022-09-12 01:23:21,015 [Listener at 127.0.0.1/34999] INFO  grpc.GrpcFactory (GrpcFactory.java:checkPooledByteBufAllocatorUseCacheForAllThreads(48)) - PERFORMANCE WARNING: useCacheForAllThreads is true that may cause Netty to create a lot garbage objects and, as a result, trigger GC.
	It is recommended to disable useCacheForAllThreads by setting -Dorg.apache.ratis.thirdparty.io.netty.allocator.useCacheForAllThreads=false in command line.
2022-09-12 01:23:21,015 [Listener at 127.0.0.1/34999] INFO  grpc.GrpcConfigKeys (ConfUtils.java:logGet(46)) - raft.grpc.admin.port = 0 (custom)
2022-09-12 01:23:21,015 [Listener at 127.0.0.1/34999] INFO  grpc.GrpcConfigKeys (ConfUtils.java:logGet(46)) - raft.grpc.client.port = 0 (custom)
2022-09-12 01:23:21,015 [Listener at 127.0.0.1/34999] INFO  grpc.GrpcConfigKeys (ConfUtils.java:logGet(46)) - raft.grpc.server.port = 0 (default)
2022-09-12 01:23:21,015 [Listener at 127.0.0.1/34999] INFO  server.GrpcService (ConfUtils.java:logGet(46)) - raft.grpc.message.size.max = 32MB (=33554432) (custom)
2022-09-12 01:23:21,015 [Listener at 127.0.0.1/34999] INFO  server.RaftServerConfigKeys (ConfUtils.java:logGet(46)) - raft.server.log.appender.buffer.byte-limit = 33554432 (custom)
2022-09-12 01:23:21,015 [Listener at 127.0.0.1/34999] INFO  server.GrpcService (ConfUtils.java:logGet(46)) - raft.grpc.flow.control.window = 5MB (=5242880) (custom)
2022-09-12 01:23:21,016 [Listener at 127.0.0.1/34999] INFO  server.RaftServerConfigKeys (ConfUtils.java:logGet(46)) - raft.server.rpc.request.timeout = 60s (custom)
2022-09-12 01:23:21,016 [Listener at 127.0.0.1/34999] INFO  grpc.GrpcConfigKeys (ConfUtils.java:logGet(46)) - raft.grpc.server.async.request.thread.pool.cached = true (default)
2022-09-12 01:23:21,016 [Listener at 127.0.0.1/34999] INFO  grpc.GrpcConfigKeys (ConfUtils.java:logGet(46)) - raft.grpc.server.async.request.thread.pool.size = 32 (default)
2022-09-12 01:23:21,017 [Listener at 127.0.0.1/34999] INFO  impl.DataStreamServerImpl (ConfUtils.java:logGet(46)) - raft.datastream.type = DISABLED (default)
2022-09-12 01:23:21,017 [Listener at 127.0.0.1/34999] INFO  server.RaftServerConfigKeys (ConfUtils.java:logGet(46)) - raft.server.threadpool.proxy.cached = true (default)
2022-09-12 01:23:21,017 [Listener at 127.0.0.1/34999] INFO  server.RaftServerConfigKeys (ConfUtils.java:logGet(46)) - raft.server.threadpool.proxy.size = 0 (default)
2022-09-12 01:23:21,017 [Listener at 127.0.0.1/34999] INFO  server.RaftServerConfigKeys (ConfUtils.java:logGet(46)) - raft.server.rpc.slowness.timeout = 300s (custom)
2022-09-12 01:23:21,017 [Listener at 127.0.0.1/34999] INFO  server.RaftServerConfigKeys (ConfUtils.java:logGet(46)) - raft.server.leaderelection.leader.step-down.wait-time = 10s (default)
2022-09-12 01:23:21,017 [Listener at 127.0.0.1/34999] INFO  server.RaftServerConfigKeys (ConfUtils.java:logGet(46)) - raft.server.storage.dir = [/home/runner/work/ozone/ozone/hadoop-ozone/integration-test/target/test-dir/MiniOzoneClusterImpl-3d4a976f-5e4d-41d2-99e8-392de73f1c7a/datanode-0/data/ratis] (custom)
2022-09-12 01:23:21,033 [Listener at 127.0.0.1/34999] INFO  server.XceiverServerGrpc (XceiverServerGrpc.java:<init>(132)) - GrpcServer channel type EpollServerSocketChannel
2022-09-12 01:23:21,094 [Listener at 127.0.0.1/34999] INFO  http.BaseHttpServer (BaseHttpServer.java:newHttpServer2BuilderForOzone(213)) - Starting Web-server for hddsDatanode at: http://0.0.0.0:0
2022-09-12 01:23:21,094 [Listener at 127.0.0.1/34999] INFO  http.BaseHttpServer (BaseHttpServer.java:<init>(108)) - Hadoop Security Enabled: false Ozone Security Enabled: false Ozone HTTP Security Enabled: false 
2022-09-12 01:23:21,101 [Listener at 127.0.0.1/34999] INFO  server.AuthenticationFilter (AuthenticationFilter.java:constructSecretProvider(240)) - Unable to initialize FileSignerSecretProvider, falling back to use random secrets.
2022-09-12 01:23:21,104 [Listener at 127.0.0.1/34999] WARN  http.HttpRequestLog (HttpRequestLog.java:getRequestLog(103)) - Jetty request log can only be enabled using Log4j
2022-09-12 01:23:21,109 [Listener at 127.0.0.1/34999] INFO  http.HttpServer2 (HttpServer2.java:addGlobalFilter(1029)) - Added global filter 'safety' (class=org.apache.hadoop.hdds.server.http.HttpServer2$QuotingInputFilter)
2022-09-12 01:23:21,110 [Listener at 127.0.0.1/34999] INFO  http.HttpServer2 (HttpServer2.java:addFilter(1005)) - Added filter static_user_filter (class=org.apache.hadoop.http.lib.StaticUserWebFilter$StaticUserFilter) to context hddsDatanode
2022-09-12 01:23:21,111 [Listener at 127.0.0.1/34999] INFO  http.HttpServer2 (HttpServer2.java:addFilter(1013)) - Added filter static_user_filter (class=org.apache.hadoop.http.lib.StaticUserWebFilter$StaticUserFilter) to context static
2022-09-12 01:23:21,111 [Listener at 127.0.0.1/34999] INFO  http.HttpServer2 (HttpServer2.java:addFilter(1013)) - Added filter static_user_filter (class=org.apache.hadoop.http.lib.StaticUserWebFilter$StaticUserFilter) to context logs
2022-09-12 01:23:21,111 [Listener at 127.0.0.1/34999] INFO  http.HttpServer2 (HttpServer2.java:bindListener(1248)) - Jetty bound to port 36085
2022-09-12 01:23:21,111 [Listener at 127.0.0.1/34999] INFO  server.Server (Server.java:doStart(375)) - jetty-9.4.43.v20210629; built: 2021-06-30T11:07:22.254Z; git: 526006ecfa3af7f1a27ef3a288e2bef7ea9dd7e8; jvm 1.8.0_345-b01
2022-09-12 01:23:21,113 [Listener at 127.0.0.1/34999] INFO  server.session (DefaultSessionIdManager.java:doStart(334)) - DefaultSessionIdManager workerName=node0
2022-09-12 01:23:21,113 [Listener at 127.0.0.1/34999] INFO  server.session (DefaultSessionIdManager.java:doStart(339)) - No SessionScavenger set, using defaults
2022-09-12 01:23:21,113 [Listener at 127.0.0.1/34999] INFO  server.session (HouseKeeper.java:startScavenging(132)) - node0 Scavenging every 600000ms
2022-09-12 01:23:21,117 [Listener at 127.0.0.1/34999] INFO  handler.ContextHandler (ContextHandler.java:doStart(915)) - Started o.e.j.s.ServletContextHandler@668a1fa5{logs,/logs,file:///home/runner/work/ozone/ozone/hadoop-ozone/integration-test/target/log,AVAILABLE}
2022-09-12 01:23:21,117 [Listener at 127.0.0.1/34999] INFO  handler.ContextHandler (ContextHandler.java:doStart(915)) - Started o.e.j.s.ServletContextHandler@25ae5f6b{static,/static,jar:file:/home/runner/.m2/repository/org/apache/ozone/hdds-container-service/1.3.0-SNAPSHOT/hdds-container-service-1.3.0-SNAPSHOT.jar!/webapps/static,AVAILABLE}
2022-09-12 01:23:21,300 [Listener at 127.0.0.1/34999] INFO  handler.ContextHandler (ContextHandler.java:doStart(915)) - Started o.e.j.w.WebAppContext@3caef656{hddsDatanode,/,file:///tmp/jetty-0_0_0_0-36085-hdds-container-service-1_3_0-SNAPSHOT_jar-_-any-392461870140390690/webapp/,AVAILABLE}{jar:file:/home/runner/.m2/repository/org/apache/ozone/hdds-container-service/1.3.0-SNAPSHOT/hdds-container-service-1.3.0-SNAPSHOT.jar!/webapps/hddsDatanode}
2022-09-12 01:23:21,302 [Listener at 127.0.0.1/34999] INFO  server.AbstractConnector (AbstractConnector.java:doStart(331)) - Started ServerConnector@576bedd9{HTTP/1.1, (http/1.1)}{0.0.0.0:36085}
2022-09-12 01:23:21,302 [Listener at 127.0.0.1/34999] INFO  server.Server (Server.java:doStart(415)) - Started @22012ms
2022-09-12 01:23:21,302 [Listener at 127.0.0.1/34999] WARN  impl.MetricsSystemImpl (MetricsSystemImpl.java:register(279)) - Sink prometheus already exists!
2022-09-12 01:23:21,303 [Listener at 127.0.0.1/34999] INFO  http.BaseHttpServer (BaseHttpServer.java:updateConnectorAddress(333)) - HTTP server of hddsDatanode listening at http://0.0.0.0:36085
2022-09-12 01:23:21,307 [Datanode State Machine Daemon Thread] INFO  statemachine.DatanodeStateMachine (DatanodeStateMachine.java:lambda$startDaemon$0(492)) - Ozone container server started.
2022-09-12 01:23:21,308 [Listener at 127.0.0.1/34999] WARN  impl.MetricRegistriesImpl (MetricRegistriesImpl.java:addReporterRegistration(111)) - New reporters are added after registries were created. Some metrics will be missing from the reporter. Please add reporter before adding any new registry.
2022-09-12 01:23:21,309 [Listener at 127.0.0.1/34999] WARN  impl.MetricRegistriesImpl (MetricRegistriesImpl.java:addReporterRegistration(111)) - New reporters are added after registries were created. Some metrics will be missing from the reporter. Please add reporter before adding any new registry.
2022-09-12 01:23:21,309 [Listener at 127.0.0.1/34999] INFO  impl.MetricsSystemImpl (MetricsSystemImpl.java:init(158)) - HddsDatanode metrics system started (again)
2022-09-12 01:23:21,326 [org.apache.hadoop.util.JvmPauseMonitor$Monitor@5bc9d33a] INFO  util.JvmPauseMonitor (JvmPauseMonitor.java:run(188)) - Starting JVM pause monitor
2022-09-12 01:23:21,331 [Datanode State Machine Task Thread - 0] INFO  ha.SCMNodeInfo (SCMNodeInfo.java:getPort(197)) - ConfigKey ozone.scm.client.address is deprecated, For configuring different ports for each SCM use PortConfigKey ozone.scm.client.port appended with serviceId and nodeId
2022-09-12 01:23:21,333 [Datanode State Machine Task Thread - 0] INFO  ha.SCMNodeInfo (SCMNodeInfo.java:getPort(197)) - ConfigKey ozone.scm.block.client.address is deprecated, For configuring different ports for each SCM use PortConfigKey ozone.scm.block.client.port appended with serviceId and nodeId
2022-09-12 01:23:21,333 [Datanode State Machine Task Thread - 0] INFO  ha.SCMNodeInfo (SCMNodeInfo.java:getPort(197)) - ConfigKey ozone.scm.datanode.address is deprecated, For configuring different ports for each SCM use PortConfigKey ozone.scm.datanode.port appended with serviceId and nodeId
2022-09-12 01:23:21,339 [Listener at 127.0.0.1/34999] INFO  ozone.HddsDatanodeService (HddsDatanodeService.java:start(236)) - HddsDatanodeService host:fv-az167-317.21ktoceh2wee5fewwtpg1zd01g.bx.internal.cloudapp.net ip:10.1.0.12
2022-09-12 01:23:21,366 [Listener at 127.0.0.1/34999] INFO  upgrade.AbstractLayoutVersionManager (AbstractLayoutVersionManager.java:init(83)) - Initializing Layout version manager with metadata layout = DATANODE_SCHEMA_V3 (version = 4), software layout = DATANODE_SCHEMA_V3 (version = 4)
2022-09-12 01:23:21,421 [Datanode State Machine Task Thread - 0] INFO  datanode.InitDatanodeState (InitDatanodeState.java:persistContainerDatanodeDetails(138)) - DatanodeDetails is persisted to /home/runner/work/ozone/ozone/hadoop-ozone/integration-test/target/test-dir/MiniOzoneClusterImpl-3d4a976f-5e4d-41d2-99e8-392de73f1c7a/datanode-0/meta/datanode.id
2022-09-12 01:23:21,444 [Listener at 127.0.0.1/34999] INFO  reflections.Reflections (Reflections.java:scan(232)) - Reflections took 74 ms to scan 7 urls, producing 135 keys and 327 values 
2022-09-12 01:23:21,447 [Listener at 127.0.0.1/34999] INFO  ha.SCMNodeInfo (SCMNodeInfo.java:getPort(197)) - ConfigKey ozone.scm.client.address is deprecated, For configuring different ports for each SCM use PortConfigKey ozone.scm.client.port appended with serviceId and nodeId
2022-09-12 01:23:21,447 [Listener at 127.0.0.1/34999] INFO  ha.SCMNodeInfo (SCMNodeInfo.java:getPort(197)) - ConfigKey ozone.scm.block.client.address is deprecated, For configuring different ports for each SCM use PortConfigKey ozone.scm.block.client.port appended with serviceId and nodeId
2022-09-12 01:23:21,447 [Listener at 127.0.0.1/34999] INFO  ha.SCMNodeInfo (SCMNodeInfo.java:getPort(197)) - ConfigKey ozone.scm.datanode.address is deprecated, For configuring different ports for each SCM use PortConfigKey ozone.scm.datanode.port appended with serviceId and nodeId
2022-09-12 01:23:21,447 [Listener at 127.0.0.1/34999] INFO  statemachine.DatanodeStateMachine (DatanodeStateMachine.java:getEndPointTaskThreadPoolSize(237)) - Datanode State Machine Task Thread Pool size 2
2022-09-12 01:23:21,449 [Listener at 127.0.0.1/34999] INFO  volume.HddsVolume (HddsVolume.java:<init>(117)) - Creating HddsVolume: /home/runner/work/ozone/ozone/hadoop-ozone/integration-test/target/test-dir/MiniOzoneClusterImpl-3d4a976f-5e4d-41d2-99e8-392de73f1c7a/datanode-1/data-0/containers/hdds of storage type : DISK capacity : 9223372036854775807
2022-09-12 01:23:21,450 [Listener at 127.0.0.1/34999] INFO  volume.MutableVolumeSet (MutableVolumeSet.java:initializeVolumeSet(174)) - Added Volume : /home/runner/work/ozone/ozone/hadoop-ozone/integration-test/target/test-dir/MiniOzoneClusterImpl-3d4a976f-5e4d-41d2-99e8-392de73f1c7a/datanode-1/data-0/containers/hdds to VolumeSet
2022-09-12 01:23:21,450 [Listener at 127.0.0.1/34999] INFO  volume.ThrottledAsyncChecker (ThrottledAsyncChecker.java:schedule(141)) - Scheduling a check for /home/runner/work/ozone/ozone/hadoop-ozone/integration-test/target/test-dir/MiniOzoneClusterImpl-3d4a976f-5e4d-41d2-99e8-392de73f1c7a/datanode-1/data-0/containers/hdds
2022-09-12 01:23:21,456 [Listener at 127.0.0.1/34999] INFO  volume.StorageVolumeChecker (StorageVolumeChecker.java:checkAllVolumes(202)) - Scheduled health check for volume /home/runner/work/ozone/ozone/hadoop-ozone/integration-test/target/test-dir/MiniOzoneClusterImpl-3d4a976f-5e4d-41d2-99e8-392de73f1c7a/datanode-1/data-0/containers/hdds
2022-09-12 01:23:21,469 [Listener at 127.0.0.1/34999] INFO  volume.MutableVolumeSet (MutableVolumeSet.java:initializeVolumeSet(174)) - Added Volume : /home/runner/work/ozone/ozone/hadoop-ozone/integration-test/target/test-dir/MiniOzoneClusterImpl-3d4a976f-5e4d-41d2-99e8-392de73f1c7a/datanode-1/data/ratis to VolumeSet
2022-09-12 01:23:21,469 [Listener at 127.0.0.1/34999] INFO  volume.ThrottledAsyncChecker (ThrottledAsyncChecker.java:schedule(141)) - Scheduling a check for /home/runner/work/ozone/ozone/hadoop-ozone/integration-test/target/test-dir/MiniOzoneClusterImpl-3d4a976f-5e4d-41d2-99e8-392de73f1c7a/datanode-1/data/ratis
2022-09-12 01:23:21,469 [Listener at 127.0.0.1/34999] INFO  volume.StorageVolumeChecker (StorageVolumeChecker.java:checkAllVolumes(202)) - Scheduled health check for volume /home/runner/work/ozone/ozone/hadoop-ozone/integration-test/target/test-dir/MiniOzoneClusterImpl-3d4a976f-5e4d-41d2-99e8-392de73f1c7a/datanode-1/data/ratis
2022-09-12 01:23:21,479 [Thread-507] INFO  ozoneimpl.ContainerReader (ContainerReader.java:readVolume(175)) - Finish verifying containers on volume /home/runner/work/ozone/ozone/hadoop-ozone/integration-test/target/test-dir/MiniOzoneClusterImpl-3d4a976f-5e4d-41d2-99e8-392de73f1c7a/datanode-1/data-0/containers/hdds
2022-09-12 01:23:21,480 [Listener at 127.0.0.1/34999] INFO  ozoneimpl.OzoneContainer (OzoneContainer.java:buildContainerSet(300)) - Build ContainerSet costs 0s
2022-09-12 01:23:21,483 [Listener at 127.0.0.1/34999] INFO  server.RaftServer (ConfUtils.java:logGet(46)) - raft.rpc.type = GRPC (default)
2022-09-12 01:23:21,483 [Listener at 127.0.0.1/34999] INFO  grpc.GrpcFactory (GrpcFactory.java:checkPooledByteBufAllocatorUseCacheForAllThreads(48)) - PERFORMANCE WARNING: useCacheForAllThreads is true that may cause Netty to create a lot garbage objects and, as a result, trigger GC.
	It is recommended to disable useCacheForAllThreads by setting -Dorg.apache.ratis.thirdparty.io.netty.allocator.useCacheForAllThreads=false in command line.
2022-09-12 01:23:21,483 [Listener at 127.0.0.1/34999] INFO  grpc.GrpcConfigKeys (ConfUtils.java:logGet(46)) - raft.grpc.admin.port = 0 (custom)
2022-09-12 01:23:21,483 [Listener at 127.0.0.1/34999] INFO  grpc.GrpcConfigKeys (ConfUtils.java:logGet(46)) - raft.grpc.client.port = 0 (custom)
2022-09-12 01:23:21,484 [Listener at 127.0.0.1/34999] INFO  grpc.GrpcConfigKeys (ConfUtils.java:logGet(46)) - raft.grpc.server.port = 0 (default)
2022-09-12 01:23:21,484 [Listener at 127.0.0.1/34999] INFO  server.GrpcService (ConfUtils.java:logGet(46)) - raft.grpc.message.size.max = 32MB (=33554432) (custom)
2022-09-12 01:23:21,484 [Listener at 127.0.0.1/34999] INFO  server.RaftServerConfigKeys (ConfUtils.java:logGet(46)) - raft.server.log.appender.buffer.byte-limit = 33554432 (custom)
2022-09-12 01:23:21,484 [Listener at 127.0.0.1/34999] INFO  server.GrpcService (ConfUtils.java:logGet(46)) - raft.grpc.flow.control.window = 5MB (=5242880) (custom)
2022-09-12 01:23:21,484 [Listener at 127.0.0.1/34999] INFO  server.RaftServerConfigKeys (ConfUtils.java:logGet(46)) - raft.server.rpc.request.timeout = 60s (custom)
2022-09-12 01:23:21,485 [Listener at 127.0.0.1/34999] INFO  grpc.GrpcConfigKeys (ConfUtils.java:logGet(46)) - raft.grpc.server.async.request.thread.pool.cached = true (default)
2022-09-12 01:23:21,485 [Listener at 127.0.0.1/34999] INFO  grpc.GrpcConfigKeys (ConfUtils.java:logGet(46)) - raft.grpc.server.async.request.thread.pool.size = 32 (default)
2022-09-12 01:23:21,486 [Listener at 127.0.0.1/34999] INFO  impl.DataStreamServerImpl (ConfUtils.java:logGet(46)) - raft.datastream.type = DISABLED (default)
2022-09-12 01:23:21,486 [Listener at 127.0.0.1/34999] INFO  server.RaftServerConfigKeys (ConfUtils.java:logGet(46)) - raft.server.threadpool.proxy.cached = true (default)
2022-09-12 01:23:21,486 [Listener at 127.0.0.1/34999] INFO  server.RaftServerConfigKeys (ConfUtils.java:logGet(46)) - raft.server.threadpool.proxy.size = 0 (default)
2022-09-12 01:23:21,487 [Listener at 127.0.0.1/34999] INFO  server.RaftServerConfigKeys (ConfUtils.java:logGet(46)) - raft.server.rpc.slowness.timeout = 300s (custom)
2022-09-12 01:23:21,487 [Listener at 127.0.0.1/34999] INFO  server.RaftServerConfigKeys (ConfUtils.java:logGet(46)) - raft.server.leaderelection.leader.step-down.wait-time = 10s (default)
2022-09-12 01:23:21,487 [Listener at 127.0.0.1/34999] INFO  server.RaftServerConfigKeys (ConfUtils.java:logGet(46)) - raft.server.storage.dir = [/home/runner/work/ozone/ozone/hadoop-ozone/integration-test/target/test-dir/MiniOzoneClusterImpl-3d4a976f-5e4d-41d2-99e8-392de73f1c7a/datanode-1/data/ratis] (custom)
2022-09-12 01:23:21,493 [Listener at 127.0.0.1/34999] INFO  server.XceiverServerGrpc (XceiverServerGrpc.java:<init>(132)) - GrpcServer channel type EpollServerSocketChannel
2022-09-12 01:23:21,501 [Listener at 127.0.0.1/34999] INFO  http.BaseHttpServer (BaseHttpServer.java:newHttpServer2BuilderForOzone(213)) - Starting Web-server for hddsDatanode at: http://0.0.0.0:0
2022-09-12 01:23:21,501 [Listener at 127.0.0.1/34999] INFO  http.BaseHttpServer (BaseHttpServer.java:<init>(108)) - Hadoop Security Enabled: false Ozone Security Enabled: false Ozone HTTP Security Enabled: false 
2022-09-12 01:23:21,502 [Listener at 127.0.0.1/34999] INFO  server.AuthenticationFilter (AuthenticationFilter.java:constructSecretProvider(240)) - Unable to initialize FileSignerSecretProvider, falling back to use random secrets.
2022-09-12 01:23:21,503 [Listener at 127.0.0.1/34999] WARN  http.HttpRequestLog (HttpRequestLog.java:getRequestLog(103)) - Jetty request log can only be enabled using Log4j
2022-09-12 01:23:21,507 [Listener at 127.0.0.1/34999] INFO  http.HttpServer2 (HttpServer2.java:addGlobalFilter(1029)) - Added global filter 'safety' (class=org.apache.hadoop.hdds.server.http.HttpServer2$QuotingInputFilter)
2022-09-12 01:23:21,508 [Listener at 127.0.0.1/34999] INFO  http.HttpServer2 (HttpServer2.java:addFilter(1005)) - Added filter static_user_filter (class=org.apache.hadoop.http.lib.StaticUserWebFilter$StaticUserFilter) to context hddsDatanode
2022-09-12 01:23:21,508 [Listener at 127.0.0.1/34999] INFO  http.HttpServer2 (HttpServer2.java:addFilter(1013)) - Added filter static_user_filter (class=org.apache.hadoop.http.lib.StaticUserWebFilter$StaticUserFilter) to context logs
2022-09-12 01:23:21,508 [Listener at 127.0.0.1/34999] INFO  http.HttpServer2 (HttpServer2.java:addFilter(1013)) - Added filter static_user_filter (class=org.apache.hadoop.http.lib.StaticUserWebFilter$StaticUserFilter) to context static
2022-09-12 01:23:21,509 [Listener at 127.0.0.1/34999] INFO  http.HttpServer2 (HttpServer2.java:bindListener(1248)) - Jetty bound to port 38529
2022-09-12 01:23:21,509 [Listener at 127.0.0.1/34999] INFO  server.Server (Server.java:doStart(375)) - jetty-9.4.43.v20210629; built: 2021-06-30T11:07:22.254Z; git: 526006ecfa3af7f1a27ef3a288e2bef7ea9dd7e8; jvm 1.8.0_345-b01
2022-09-12 01:23:21,510 [Listener at 127.0.0.1/34999] INFO  server.session (DefaultSessionIdManager.java:doStart(334)) - DefaultSessionIdManager workerName=node0
2022-09-12 01:23:21,510 [Listener at 127.0.0.1/34999] INFO  server.session (DefaultSessionIdManager.java:doStart(339)) - No SessionScavenger set, using defaults
2022-09-12 01:23:21,510 [Listener at 127.0.0.1/34999] INFO  server.session (HouseKeeper.java:startScavenging(132)) - node0 Scavenging every 660000ms
2022-09-12 01:23:21,511 [Listener at 127.0.0.1/34999] INFO  handler.ContextHandler (ContextHandler.java:doStart(915)) - Started o.e.j.s.ServletContextHandler@3bf6dc0e{logs,/logs,file:///home/runner/work/ozone/ozone/hadoop-ozone/integration-test/target/log,AVAILABLE}
2022-09-12 01:23:21,511 [Listener at 127.0.0.1/34999] INFO  handler.ContextHandler (ContextHandler.java:doStart(915)) - Started o.e.j.s.ServletContextHandler@56c856c0{static,/static,jar:file:/home/runner/.m2/repository/org/apache/ozone/hdds-container-service/1.3.0-SNAPSHOT/hdds-container-service-1.3.0-SNAPSHOT.jar!/webapps/static,AVAILABLE}
2022-09-12 01:23:21,687 [Listener at 127.0.0.1/34999] INFO  handler.ContextHandler (ContextHandler.java:doStart(915)) - Started o.e.j.w.WebAppContext@424a6d8c{hddsDatanode,/,file:///tmp/jetty-0_0_0_0-38529-hdds-container-service-1_3_0-SNAPSHOT_jar-_-any-9006243586904843212/webapp/,AVAILABLE}{jar:file:/home/runner/.m2/repository/org/apache/ozone/hdds-container-service/1.3.0-SNAPSHOT/hdds-container-service-1.3.0-SNAPSHOT.jar!/webapps/hddsDatanode}
2022-09-12 01:23:21,688 [Listener at 127.0.0.1/34999] INFO  server.AbstractConnector (AbstractConnector.java:doStart(331)) - Started ServerConnector@54b70c50{HTTP/1.1, (http/1.1)}{0.0.0.0:38529}
2022-09-12 01:23:21,689 [Listener at 127.0.0.1/34999] INFO  server.Server (Server.java:doStart(415)) - Started @22398ms
2022-09-12 01:23:21,689 [Listener at 127.0.0.1/34999] WARN  impl.MetricsSystemImpl (MetricsSystemImpl.java:register(279)) - Sink prometheus already exists!
2022-09-12 01:23:21,689 [Listener at 127.0.0.1/34999] INFO  http.BaseHttpServer (BaseHttpServer.java:updateConnectorAddress(333)) - HTTP server of hddsDatanode listening at http://0.0.0.0:38529
2022-09-12 01:23:21,690 [Datanode State Machine Daemon Thread] INFO  statemachine.DatanodeStateMachine (DatanodeStateMachine.java:lambda$startDaemon$0(492)) - Ozone container server started.
2022-09-12 01:23:21,693 [Listener at 127.0.0.1/34999] WARN  impl.MetricRegistriesImpl (MetricRegistriesImpl.java:addReporterRegistration(111)) - New reporters are added after registries were created. Some metrics will be missing from the reporter. Please add reporter before adding any new registry.
2022-09-12 01:23:21,693 [Listener at 127.0.0.1/34999] WARN  impl.MetricRegistriesImpl (MetricRegistriesImpl.java:addReporterRegistration(111)) - New reporters are added after registries were created. Some metrics will be missing from the reporter. Please add reporter before adding any new registry.
2022-09-12 01:23:21,694 [Listener at 127.0.0.1/34999] INFO  impl.MetricsSystemImpl (MetricsSystemImpl.java:init(158)) - HddsDatanode metrics system started (again)
2022-09-12 01:23:21,707 [Listener at 127.0.0.1/34999] INFO  ozone.HddsDatanodeService (HddsDatanodeService.java:start(236)) - HddsDatanodeService host:fv-az167-317.21ktoceh2wee5fewwtpg1zd01g.bx.internal.cloudapp.net ip:10.1.0.12
2022-09-12 01:23:21,708 [org.apache.hadoop.util.JvmPauseMonitor$Monitor@3a93b842] INFO  util.JvmPauseMonitor (JvmPauseMonitor.java:run(188)) - Starting JVM pause monitor
2022-09-12 01:23:21,710 [Datanode State Machine Task Thread - 0] INFO  ha.SCMNodeInfo (SCMNodeInfo.java:getPort(197)) - ConfigKey ozone.scm.client.address is deprecated, For configuring different ports for each SCM use PortConfigKey ozone.scm.client.port appended with serviceId and nodeId
2022-09-12 01:23:21,710 [Datanode State Machine Task Thread - 0] INFO  ha.SCMNodeInfo (SCMNodeInfo.java:getPort(197)) - ConfigKey ozone.scm.block.client.address is deprecated, For configuring different ports for each SCM use PortConfigKey ozone.scm.block.client.port appended with serviceId and nodeId
2022-09-12 01:23:21,710 [Datanode State Machine Task Thread - 0] INFO  ha.SCMNodeInfo (SCMNodeInfo.java:getPort(197)) - ConfigKey ozone.scm.datanode.address is deprecated, For configuring different ports for each SCM use PortConfigKey ozone.scm.datanode.port appended with serviceId and nodeId
2022-09-12 01:23:21,718 [Datanode State Machine Task Thread - 0] INFO  datanode.InitDatanodeState (InitDatanodeState.java:persistContainerDatanodeDetails(138)) - DatanodeDetails is persisted to /home/runner/work/ozone/ozone/hadoop-ozone/integration-test/target/test-dir/MiniOzoneClusterImpl-3d4a976f-5e4d-41d2-99e8-392de73f1c7a/datanode-1/meta/datanode.id
2022-09-12 01:23:21,722 [Listener at 127.0.0.1/34999] INFO  upgrade.AbstractLayoutVersionManager (AbstractLayoutVersionManager.java:init(83)) - Initializing Layout version manager with metadata layout = DATANODE_SCHEMA_V3 (version = 4), software layout = DATANODE_SCHEMA_V3 (version = 4)
2022-09-12 01:23:21,773 [Listener at 127.0.0.1/34999] INFO  reflections.Reflections (Reflections.java:scan(232)) - Reflections took 50 ms to scan 7 urls, producing 135 keys and 327 values 
2022-09-12 01:23:21,774 [Listener at 127.0.0.1/34999] INFO  ha.SCMNodeInfo (SCMNodeInfo.java:getPort(197)) - ConfigKey ozone.scm.client.address is deprecated, For configuring different ports for each SCM use PortConfigKey ozone.scm.client.port appended with serviceId and nodeId
2022-09-12 01:23:21,774 [Listener at 127.0.0.1/34999] INFO  ha.SCMNodeInfo (SCMNodeInfo.java:getPort(197)) - ConfigKey ozone.scm.block.client.address is deprecated, For configuring different ports for each SCM use PortConfigKey ozone.scm.block.client.port appended with serviceId and nodeId
2022-09-12 01:23:21,775 [Listener at 127.0.0.1/34999] INFO  ha.SCMNodeInfo (SCMNodeInfo.java:getPort(197)) - ConfigKey ozone.scm.datanode.address is deprecated, For configuring different ports for each SCM use PortConfigKey ozone.scm.datanode.port appended with serviceId and nodeId
2022-09-12 01:23:21,775 [Listener at 127.0.0.1/34999] INFO  statemachine.DatanodeStateMachine (DatanodeStateMachine.java:getEndPointTaskThreadPoolSize(237)) - Datanode State Machine Task Thread Pool size 2
2022-09-12 01:23:21,776 [Listener at 127.0.0.1/34999] INFO  volume.HddsVolume (HddsVolume.java:<init>(117)) - Creating HddsVolume: /home/runner/work/ozone/ozone/hadoop-ozone/integration-test/target/test-dir/MiniOzoneClusterImpl-3d4a976f-5e4d-41d2-99e8-392de73f1c7a/datanode-2/data-0/containers/hdds of storage type : DISK capacity : 9223372036854775807
2022-09-12 01:23:21,777 [Listener at 127.0.0.1/34999] INFO  volume.MutableVolumeSet (MutableVolumeSet.java:initializeVolumeSet(174)) - Added Volume : /home/runner/work/ozone/ozone/hadoop-ozone/integration-test/target/test-dir/MiniOzoneClusterImpl-3d4a976f-5e4d-41d2-99e8-392de73f1c7a/datanode-2/data-0/containers/hdds to VolumeSet
2022-09-12 01:23:21,777 [Listener at 127.0.0.1/34999] INFO  volume.ThrottledAsyncChecker (ThrottledAsyncChecker.java:schedule(141)) - Scheduling a check for /home/runner/work/ozone/ozone/hadoop-ozone/integration-test/target/test-dir/MiniOzoneClusterImpl-3d4a976f-5e4d-41d2-99e8-392de73f1c7a/datanode-2/data-0/containers/hdds
2022-09-12 01:23:21,777 [Listener at 127.0.0.1/34999] INFO  volume.StorageVolumeChecker (StorageVolumeChecker.java:checkAllVolumes(202)) - Scheduled health check for volume /home/runner/work/ozone/ozone/hadoop-ozone/integration-test/target/test-dir/MiniOzoneClusterImpl-3d4a976f-5e4d-41d2-99e8-392de73f1c7a/datanode-2/data-0/containers/hdds
2022-09-12 01:23:21,791 [Listener at 127.0.0.1/34999] INFO  volume.MutableVolumeSet (MutableVolumeSet.java:initializeVolumeSet(174)) - Added Volume : /home/runner/work/ozone/ozone/hadoop-ozone/integration-test/target/test-dir/MiniOzoneClusterImpl-3d4a976f-5e4d-41d2-99e8-392de73f1c7a/datanode-2/data/ratis to VolumeSet
2022-09-12 01:23:21,791 [Listener at 127.0.0.1/34999] INFO  volume.ThrottledAsyncChecker (ThrottledAsyncChecker.java:schedule(141)) - Scheduling a check for /home/runner/work/ozone/ozone/hadoop-ozone/integration-test/target/test-dir/MiniOzoneClusterImpl-3d4a976f-5e4d-41d2-99e8-392de73f1c7a/datanode-2/data/ratis
2022-09-12 01:23:21,792 [Listener at 127.0.0.1/34999] INFO  volume.StorageVolumeChecker (StorageVolumeChecker.java:checkAllVolumes(202)) - Scheduled health check for volume /home/runner/work/ozone/ozone/hadoop-ozone/integration-test/target/test-dir/MiniOzoneClusterImpl-3d4a976f-5e4d-41d2-99e8-392de73f1c7a/datanode-2/data/ratis
2022-09-12 01:23:21,803 [Thread-522] INFO  ozoneimpl.ContainerReader (ContainerReader.java:readVolume(175)) - Finish verifying containers on volume /home/runner/work/ozone/ozone/hadoop-ozone/integration-test/target/test-dir/MiniOzoneClusterImpl-3d4a976f-5e4d-41d2-99e8-392de73f1c7a/datanode-2/data-0/containers/hdds
2022-09-12 01:23:21,803 [Listener at 127.0.0.1/34999] INFO  ozoneimpl.OzoneContainer (OzoneContainer.java:buildContainerSet(300)) - Build ContainerSet costs 0s
2022-09-12 01:23:21,806 [Listener at 127.0.0.1/34999] INFO  server.RaftServer (ConfUtils.java:logGet(46)) - raft.rpc.type = GRPC (default)
2022-09-12 01:23:21,806 [Listener at 127.0.0.1/34999] INFO  grpc.GrpcFactory (GrpcFactory.java:checkPooledByteBufAllocatorUseCacheForAllThreads(48)) - PERFORMANCE WARNING: useCacheForAllThreads is true that may cause Netty to create a lot garbage objects and, as a result, trigger GC.
	It is recommended to disable useCacheForAllThreads by setting -Dorg.apache.ratis.thirdparty.io.netty.allocator.useCacheForAllThreads=false in command line.
2022-09-12 01:23:21,806 [Listener at 127.0.0.1/34999] INFO  grpc.GrpcConfigKeys (ConfUtils.java:logGet(46)) - raft.grpc.admin.port = 0 (custom)
2022-09-12 01:23:21,806 [Listener at 127.0.0.1/34999] INFO  grpc.GrpcConfigKeys (ConfUtils.java:logGet(46)) - raft.grpc.client.port = 0 (custom)
2022-09-12 01:23:21,806 [Listener at 127.0.0.1/34999] INFO  grpc.GrpcConfigKeys (ConfUtils.java:logGet(46)) - raft.grpc.server.port = 0 (default)
2022-09-12 01:23:21,806 [Listener at 127.0.0.1/34999] INFO  server.GrpcService (ConfUtils.java:logGet(46)) - raft.grpc.message.size.max = 32MB (=33554432) (custom)
2022-09-12 01:23:21,806 [Listener at 127.0.0.1/34999] INFO  server.RaftServerConfigKeys (ConfUtils.java:logGet(46)) - raft.server.log.appender.buffer.byte-limit = 33554432 (custom)
2022-09-12 01:23:21,807 [Listener at 127.0.0.1/34999] INFO  server.GrpcService (ConfUtils.java:logGet(46)) - raft.grpc.flow.control.window = 5MB (=5242880) (custom)
2022-09-12 01:23:21,807 [Listener at 127.0.0.1/34999] INFO  server.RaftServerConfigKeys (ConfUtils.java:logGet(46)) - raft.server.rpc.request.timeout = 60s (custom)
2022-09-12 01:23:21,807 [Listener at 127.0.0.1/34999] INFO  grpc.GrpcConfigKeys (ConfUtils.java:logGet(46)) - raft.grpc.server.async.request.thread.pool.cached = true (default)
2022-09-12 01:23:21,807 [Listener at 127.0.0.1/34999] INFO  grpc.GrpcConfigKeys (ConfUtils.java:logGet(46)) - raft.grpc.server.async.request.thread.pool.size = 32 (default)
2022-09-12 01:23:21,808 [Listener at 127.0.0.1/34999] INFO  impl.DataStreamServerImpl (ConfUtils.java:logGet(46)) - raft.datastream.type = DISABLED (default)
2022-09-12 01:23:21,808 [Listener at 127.0.0.1/34999] INFO  server.RaftServerConfigKeys (ConfUtils.java:logGet(46)) - raft.server.threadpool.proxy.cached = true (default)
2022-09-12 01:23:21,808 [Listener at 127.0.0.1/34999] INFO  server.RaftServerConfigKeys (ConfUtils.java:logGet(46)) - raft.server.threadpool.proxy.size = 0 (default)
2022-09-12 01:23:21,808 [Listener at 127.0.0.1/34999] INFO  server.RaftServerConfigKeys (ConfUtils.java:logGet(46)) - raft.server.rpc.slowness.timeout = 300s (custom)
2022-09-12 01:23:21,808 [Listener at 127.0.0.1/34999] INFO  server.RaftServerConfigKeys (ConfUtils.java:logGet(46)) - raft.server.leaderelection.leader.step-down.wait-time = 10s (default)
2022-09-12 01:23:21,809 [Listener at 127.0.0.1/34999] INFO  server.RaftServerConfigKeys (ConfUtils.java:logGet(46)) - raft.server.storage.dir = [/home/runner/work/ozone/ozone/hadoop-ozone/integration-test/target/test-dir/MiniOzoneClusterImpl-3d4a976f-5e4d-41d2-99e8-392de73f1c7a/datanode-2/data/ratis] (custom)
2022-09-12 01:23:21,810 [Listener at 127.0.0.1/34999] INFO  server.XceiverServerGrpc (XceiverServerGrpc.java:<init>(132)) - GrpcServer channel type EpollServerSocketChannel
2022-09-12 01:23:21,813 [Listener at 127.0.0.1/34999] INFO  http.BaseHttpServer (BaseHttpServer.java:newHttpServer2BuilderForOzone(213)) - Starting Web-server for hddsDatanode at: http://0.0.0.0:0
2022-09-12 01:23:21,813 [Listener at 127.0.0.1/34999] INFO  http.BaseHttpServer (BaseHttpServer.java:<init>(108)) - Hadoop Security Enabled: false Ozone Security Enabled: false Ozone HTTP Security Enabled: false 
2022-09-12 01:23:21,814 [Listener at 127.0.0.1/34999] INFO  server.AuthenticationFilter (AuthenticationFilter.java:constructSecretProvider(240)) - Unable to initialize FileSignerSecretProvider, falling back to use random secrets.
2022-09-12 01:23:21,814 [Listener at 127.0.0.1/34999] WARN  http.HttpRequestLog (HttpRequestLog.java:getRequestLog(103)) - Jetty request log can only be enabled using Log4j
2022-09-12 01:23:21,816 [Listener at 127.0.0.1/34999] INFO  http.HttpServer2 (HttpServer2.java:addGlobalFilter(1029)) - Added global filter 'safety' (class=org.apache.hadoop.hdds.server.http.HttpServer2$QuotingInputFilter)
2022-09-12 01:23:21,816 [Listener at 127.0.0.1/34999] INFO  http.HttpServer2 (HttpServer2.java:addFilter(1005)) - Added filter static_user_filter (class=org.apache.hadoop.http.lib.StaticUserWebFilter$StaticUserFilter) to context hddsDatanode
2022-09-12 01:23:21,817 [Listener at 127.0.0.1/34999] INFO  http.HttpServer2 (HttpServer2.java:addFilter(1013)) - Added filter static_user_filter (class=org.apache.hadoop.http.lib.StaticUserWebFilter$StaticUserFilter) to context static
2022-09-12 01:23:21,817 [Listener at 127.0.0.1/34999] INFO  http.HttpServer2 (HttpServer2.java:addFilter(1013)) - Added filter static_user_filter (class=org.apache.hadoop.http.lib.StaticUserWebFilter$StaticUserFilter) to context logs
2022-09-12 01:23:21,817 [Listener at 127.0.0.1/34999] INFO  http.HttpServer2 (HttpServer2.java:bindListener(1248)) - Jetty bound to port 42489
2022-09-12 01:23:21,817 [Listener at 127.0.0.1/34999] INFO  server.Server (Server.java:doStart(375)) - jetty-9.4.43.v20210629; built: 2021-06-30T11:07:22.254Z; git: 526006ecfa3af7f1a27ef3a288e2bef7ea9dd7e8; jvm 1.8.0_345-b01
2022-09-12 01:23:21,819 [Listener at 127.0.0.1/34999] INFO  server.session (DefaultSessionIdManager.java:doStart(334)) - DefaultSessionIdManager workerName=node0
2022-09-12 01:23:21,819 [Listener at 127.0.0.1/34999] INFO  server.session (DefaultSessionIdManager.java:doStart(339)) - No SessionScavenger set, using defaults
2022-09-12 01:23:21,819 [Listener at 127.0.0.1/34999] INFO  server.session (HouseKeeper.java:startScavenging(132)) - node0 Scavenging every 600000ms
2022-09-12 01:23:21,820 [Listener at 127.0.0.1/34999] INFO  handler.ContextHandler (ContextHandler.java:doStart(915)) - Started o.e.j.s.ServletContextHandler@7a6a4327{logs,/logs,file:///home/runner/work/ozone/ozone/hadoop-ozone/integration-test/target/log,AVAILABLE}
2022-09-12 01:23:21,821 [Listener at 127.0.0.1/34999] INFO  handler.ContextHandler (ContextHandler.java:doStart(915)) - Started o.e.j.s.ServletContextHandler@1238c363{static,/static,jar:file:/home/runner/.m2/repository/org/apache/ozone/hdds-container-service/1.3.0-SNAPSHOT/hdds-container-service-1.3.0-SNAPSHOT.jar!/webapps/static,AVAILABLE}
2022-09-12 01:23:21,994 [Listener at 127.0.0.1/34999] INFO  handler.ContextHandler (ContextHandler.java:doStart(915)) - Started o.e.j.w.WebAppContext@5ab0260{hddsDatanode,/,file:///tmp/jetty-0_0_0_0-42489-hdds-container-service-1_3_0-SNAPSHOT_jar-_-any-1200748633442347386/webapp/,AVAILABLE}{jar:file:/home/runner/.m2/repository/org/apache/ozone/hdds-container-service/1.3.0-SNAPSHOT/hdds-container-service-1.3.0-SNAPSHOT.jar!/webapps/hddsDatanode}
2022-09-12 01:23:21,995 [Listener at 127.0.0.1/34999] INFO  server.AbstractConnector (AbstractConnector.java:doStart(331)) - Started ServerConnector@41e8e7d4{HTTP/1.1, (http/1.1)}{0.0.0.0:42489}
2022-09-12 01:23:21,996 [Listener at 127.0.0.1/34999] INFO  server.Server (Server.java:doStart(415)) - Started @22705ms
2022-09-12 01:23:21,996 [Listener at 127.0.0.1/34999] WARN  impl.MetricsSystemImpl (MetricsSystemImpl.java:register(279)) - Sink prometheus already exists!
2022-09-12 01:23:21,996 [Listener at 127.0.0.1/34999] INFO  http.BaseHttpServer (BaseHttpServer.java:updateConnectorAddress(333)) - HTTP server of hddsDatanode listening at http://0.0.0.0:42489
2022-09-12 01:23:21,997 [Datanode State Machine Daemon Thread] INFO  statemachine.DatanodeStateMachine (DatanodeStateMachine.java:lambda$startDaemon$0(492)) - Ozone container server started.
2022-09-12 01:23:22,001 [Listener at 127.0.0.1/34999] INFO  ozone.MiniOzoneClusterImpl (MiniOzoneClusterImpl.java:lambda$waitForClusterToBeReady$0(216)) - Waiting for nodes to be ready. Got 0 of 3 DN Heartbeats.
2022-09-12 01:23:22,001 [Listener at 127.0.0.1/34999] INFO  ozone.MiniOzoneClusterImpl (MiniOzoneClusterImpl.java:lambda$waitForClusterToBeReady$0(219)) - Waiting for cluster to exit safe mode
2022-09-12 01:23:22,001 [Listener at 127.0.0.1/34999] INFO  ozone.MiniOzoneClusterImpl (MiniOzoneClusterImpl.java:lambda$waitForClusterToBeReady$0(221)) - SCM became leader
2022-09-12 01:23:22,002 [org.apache.hadoop.util.JvmPauseMonitor$Monitor@67fbbe8b] INFO  util.JvmPauseMonitor (JvmPauseMonitor.java:run(188)) - Starting JVM pause monitor
2022-09-12 01:23:22,002 [Datanode State Machine Task Thread - 0] INFO  ha.SCMNodeInfo (SCMNodeInfo.java:getPort(197)) - ConfigKey ozone.scm.client.address is deprecated, For configuring different ports for each SCM use PortConfigKey ozone.scm.client.port appended with serviceId and nodeId
2022-09-12 01:23:22,002 [Datanode State Machine Task Thread - 0] INFO  ha.SCMNodeInfo (SCMNodeInfo.java:getPort(197)) - ConfigKey ozone.scm.block.client.address is deprecated, For configuring different ports for each SCM use PortConfigKey ozone.scm.block.client.port appended with serviceId and nodeId
2022-09-12 01:23:22,002 [Datanode State Machine Task Thread - 0] INFO  ha.SCMNodeInfo (SCMNodeInfo.java:getPort(197)) - ConfigKey ozone.scm.datanode.address is deprecated, For configuring different ports for each SCM use PortConfigKey ozone.scm.datanode.port appended with serviceId and nodeId
2022-09-12 01:23:22,004 [Datanode State Machine Task Thread - 0] INFO  datanode.InitDatanodeState (InitDatanodeState.java:persistContainerDatanodeDetails(138)) - DatanodeDetails is persisted to /home/runner/work/ozone/ozone/hadoop-ozone/integration-test/target/test-dir/MiniOzoneClusterImpl-3d4a976f-5e4d-41d2-99e8-392de73f1c7a/datanode-2/meta/datanode.id
2022-09-12 01:23:23,002 [Listener at 127.0.0.1/34999] INFO  ozone.MiniOzoneClusterImpl (MiniOzoneClusterImpl.java:lambda$waitForClusterToBeReady$0(216)) - Waiting for nodes to be ready. Got 0 of 3 DN Heartbeats.
2022-09-12 01:23:23,002 [Listener at 127.0.0.1/34999] INFO  ozone.MiniOzoneClusterImpl (MiniOzoneClusterImpl.java:lambda$waitForClusterToBeReady$0(219)) - Waiting for cluster to exit safe mode
2022-09-12 01:23:23,003 [Listener at 127.0.0.1/34999] INFO  ozone.MiniOzoneClusterImpl (MiniOzoneClusterImpl.java:lambda$waitForClusterToBeReady$0(221)) - SCM became leader
2022-09-12 01:23:23,411 [EndpointStateMachine task thread for /127.0.0.1:40693 - 0 ] INFO  volume.HddsVolume (HddsVolume.java:createDbStore(307)) - SchemaV3 db is created and loaded at /home/runner/work/ozone/ozone/hadoop-ozone/integration-test/target/test-dir/MiniOzoneClusterImpl-3d4a976f-5e4d-41d2-99e8-392de73f1c7a/datanode-0/data-0/containers/hdds/3d4a976f-5e4d-41d2-99e8-392de73f1c7a/DS-f568d0f8-7e5c-429d-926b-66bf3e86891e/container.db for volume DS-f568d0f8-7e5c-429d-926b-66bf3e86891e
2022-09-12 01:23:23,416 [EndpointStateMachine task thread for /127.0.0.1:40693 - 0 ] INFO  volume.HddsVolume (HddsVolume.java:closeDbStore(338)) - SchemaV3 db is stopped at /home/runner/work/ozone/ozone/hadoop-ozone/integration-test/target/test-dir/MiniOzoneClusterImpl-3d4a976f-5e4d-41d2-99e8-392de73f1c7a/datanode-0/data-0/containers/hdds/3d4a976f-5e4d-41d2-99e8-392de73f1c7a/DS-f568d0f8-7e5c-429d-926b-66bf3e86891e/container.db for volume DS-f568d0f8-7e5c-429d-926b-66bf3e86891e
2022-09-12 01:23:23,416 [EndpointStateMachine task thread for /127.0.0.1:40693 - 0 ] INFO  ozoneimpl.OzoneContainer (OzoneContainer.java:start(378)) - Attempting to start container services.
2022-09-12 01:23:23,418 [EndpointStateMachine task thread for /127.0.0.1:40693 - 0 ] INFO  ozoneimpl.OzoneContainer (OzoneContainer.java:startContainerScrub(313)) - Background container scanner has been disabled.
2022-09-12 01:23:23,420 [EndpointStateMachine task thread for /127.0.0.1:40693 - 0 ] INFO  replication.ReplicationServer (ReplicationServer.java:start(111)) - ReplicationServer is started using port 35123
2022-09-12 01:23:23,423 [EndpointStateMachine task thread for /127.0.0.1:40693 - 0 ] INFO  ratis.XceiverServerRatis (XceiverServerRatis.java:start(481)) - Starting XceiverServerRatis 03103273-3843-43f1-ae6a-2bbd7b09cada
2022-09-12 01:23:23,428 [EndpointStateMachine task thread for /127.0.0.1:40693 - 0 ] INFO  server.RaftServer (RaftServerProxy.java:lambda$start$6(382)) - 03103273-3843-43f1-ae6a-2bbd7b09cada: start RPC server
2022-09-12 01:23:23,430 [EndpointStateMachine task thread for /127.0.0.1:40693 - 0 ] INFO  server.GrpcService (GrpcService.java:startImpl(260)) - 03103273-3843-43f1-ae6a-2bbd7b09cada: GrpcService started, listening on 44103
2022-09-12 01:23:23,433 [EndpointStateMachine task thread for /127.0.0.1:40693 - 0 ] INFO  ratis.XceiverServerRatis (XceiverServerRatis.java:getRealPort(502)) - XceiverServerRatis 03103273-3843-43f1-ae6a-2bbd7b09cada is started using port 44103 for RATIS
2022-09-12 01:23:23,433 [EndpointStateMachine task thread for /127.0.0.1:40693 - 0 ] INFO  ratis.XceiverServerRatis (XceiverServerRatis.java:getRealPort(502)) - XceiverServerRatis 03103273-3843-43f1-ae6a-2bbd7b09cada is started using port 44103 for RATIS_ADMIN
2022-09-12 01:23:23,433 [EndpointStateMachine task thread for /127.0.0.1:40693 - 0 ] INFO  ratis.XceiverServerRatis (XceiverServerRatis.java:getRealPort(502)) - XceiverServerRatis 03103273-3843-43f1-ae6a-2bbd7b09cada is started using port 44103 for RATIS_SERVER
2022-09-12 01:23:23,434 [org.apache.ratis.util.JvmPauseMonitor$$Lambda$605/1445225850@7efdb9e6] INFO  util.JvmPauseMonitor (JvmPauseMonitor.java:run(103)) - JvmPauseMonitor-03103273-3843-43f1-ae6a-2bbd7b09cada: Started
2022-09-12 01:23:23,438 [EndpointStateMachine task thread for /127.0.0.1:40693 - 0 ] INFO  server.XceiverServerGrpc (XceiverServerGrpc.java:start(180)) - XceiverServerGrpc 03103273-3843-43f1-ae6a-2bbd7b09cada is started using port 39289
2022-09-12 01:23:23,733 [EndpointStateMachine task thread for /127.0.0.1:40693 - 0 ] INFO  volume.HddsVolume (HddsVolume.java:createDbStore(307)) - SchemaV3 db is created and loaded at /home/runner/work/ozone/ozone/hadoop-ozone/integration-test/target/test-dir/MiniOzoneClusterImpl-3d4a976f-5e4d-41d2-99e8-392de73f1c7a/datanode-1/data-0/containers/hdds/3d4a976f-5e4d-41d2-99e8-392de73f1c7a/DS-d7e0361f-4ba3-42f2-9008-6e0918925902/container.db for volume DS-d7e0361f-4ba3-42f2-9008-6e0918925902
2022-09-12 01:23:23,733 [EndpointStateMachine task thread for /127.0.0.1:40693 - 0 ] INFO  volume.HddsVolume (HddsVolume.java:closeDbStore(338)) - SchemaV3 db is stopped at /home/runner/work/ozone/ozone/hadoop-ozone/integration-test/target/test-dir/MiniOzoneClusterImpl-3d4a976f-5e4d-41d2-99e8-392de73f1c7a/datanode-1/data-0/containers/hdds/3d4a976f-5e4d-41d2-99e8-392de73f1c7a/DS-d7e0361f-4ba3-42f2-9008-6e0918925902/container.db for volume DS-d7e0361f-4ba3-42f2-9008-6e0918925902
2022-09-12 01:23:23,733 [EndpointStateMachine task thread for /127.0.0.1:40693 - 0 ] INFO  ozoneimpl.OzoneContainer (OzoneContainer.java:start(378)) - Attempting to start container services.
2022-09-12 01:23:23,734 [EndpointStateMachine task thread for /127.0.0.1:40693 - 0 ] INFO  ozoneimpl.OzoneContainer (OzoneContainer.java:startContainerScrub(313)) - Background container scanner has been disabled.
2022-09-12 01:23:23,735 [EndpointStateMachine task thread for /127.0.0.1:40693 - 0 ] INFO  replication.ReplicationServer (ReplicationServer.java:start(111)) - ReplicationServer is started using port 33515
2022-09-12 01:23:23,736 [EndpointStateMachine task thread for /127.0.0.1:40693 - 0 ] INFO  ratis.XceiverServerRatis (XceiverServerRatis.java:start(481)) - Starting XceiverServerRatis 5a99e102-8acb-41a7-8340-e4a0eed09641
2022-09-12 01:23:23,737 [EndpointStateMachine task thread for /127.0.0.1:40693 - 0 ] INFO  server.RaftServer (RaftServerProxy.java:lambda$start$6(382)) - 5a99e102-8acb-41a7-8340-e4a0eed09641: start RPC server
2022-09-12 01:23:23,743 [EndpointStateMachine task thread for /127.0.0.1:40693 - 0 ] INFO  server.GrpcService (GrpcService.java:startImpl(260)) - 5a99e102-8acb-41a7-8340-e4a0eed09641: GrpcService started, listening on 35331
2022-09-12 01:23:23,743 [EndpointStateMachine task thread for /127.0.0.1:40693 - 0 ] INFO  ratis.XceiverServerRatis (XceiverServerRatis.java:getRealPort(502)) - XceiverServerRatis 5a99e102-8acb-41a7-8340-e4a0eed09641 is started using port 35331 for RATIS
2022-09-12 01:23:23,743 [EndpointStateMachine task thread for /127.0.0.1:40693 - 0 ] INFO  ratis.XceiverServerRatis (XceiverServerRatis.java:getRealPort(502)) - XceiverServerRatis 5a99e102-8acb-41a7-8340-e4a0eed09641 is started using port 35331 for RATIS_ADMIN
2022-09-12 01:23:23,743 [org.apache.ratis.util.JvmPauseMonitor$$Lambda$605/1445225850@5cd28dcc] INFO  util.JvmPauseMonitor (JvmPauseMonitor.java:run(103)) - JvmPauseMonitor-5a99e102-8acb-41a7-8340-e4a0eed09641: Started
2022-09-12 01:23:23,743 [EndpointStateMachine task thread for /127.0.0.1:40693 - 0 ] INFO  ratis.XceiverServerRatis (XceiverServerRatis.java:getRealPort(502)) - XceiverServerRatis 5a99e102-8acb-41a7-8340-e4a0eed09641 is started using port 35331 for RATIS_SERVER
2022-09-12 01:23:23,747 [EndpointStateMachine task thread for /127.0.0.1:40693 - 0 ] INFO  server.XceiverServerGrpc (XceiverServerGrpc.java:start(180)) - XceiverServerGrpc 5a99e102-8acb-41a7-8340-e4a0eed09641 is started using port 46379
2022-09-12 01:23:24,003 [Listener at 127.0.0.1/34999] INFO  ozone.MiniOzoneClusterImpl (MiniOzoneClusterImpl.java:lambda$waitForClusterToBeReady$0(216)) - Waiting for nodes to be ready. Got 0 of 3 DN Heartbeats.
2022-09-12 01:23:24,003 [Listener at 127.0.0.1/34999] INFO  ozone.MiniOzoneClusterImpl (MiniOzoneClusterImpl.java:lambda$waitForClusterToBeReady$0(219)) - Waiting for cluster to exit safe mode
2022-09-12 01:23:24,003 [Listener at 127.0.0.1/34999] INFO  ozone.MiniOzoneClusterImpl (MiniOzoneClusterImpl.java:lambda$waitForClusterToBeReady$0(221)) - SCM became leader
2022-09-12 01:23:24,027 [EndpointStateMachine task thread for /127.0.0.1:40693 - 0 ] INFO  volume.HddsVolume (HddsVolume.java:createDbStore(307)) - SchemaV3 db is created and loaded at /home/runner/work/ozone/ozone/hadoop-ozone/integration-test/target/test-dir/MiniOzoneClusterImpl-3d4a976f-5e4d-41d2-99e8-392de73f1c7a/datanode-2/data-0/containers/hdds/3d4a976f-5e4d-41d2-99e8-392de73f1c7a/DS-d5b149df-48eb-4bec-985d-97c2f1662aa7/container.db for volume DS-d5b149df-48eb-4bec-985d-97c2f1662aa7
2022-09-12 01:23:24,027 [EndpointStateMachine task thread for /127.0.0.1:40693 - 0 ] INFO  volume.HddsVolume (HddsVolume.java:closeDbStore(338)) - SchemaV3 db is stopped at /home/runner/work/ozone/ozone/hadoop-ozone/integration-test/target/test-dir/MiniOzoneClusterImpl-3d4a976f-5e4d-41d2-99e8-392de73f1c7a/datanode-2/data-0/containers/hdds/3d4a976f-5e4d-41d2-99e8-392de73f1c7a/DS-d5b149df-48eb-4bec-985d-97c2f1662aa7/container.db for volume DS-d5b149df-48eb-4bec-985d-97c2f1662aa7
2022-09-12 01:23:24,027 [EndpointStateMachine task thread for /127.0.0.1:40693 - 0 ] INFO  ozoneimpl.OzoneContainer (OzoneContainer.java:start(378)) - Attempting to start container services.
2022-09-12 01:23:24,028 [EndpointStateMachine task thread for /127.0.0.1:40693 - 0 ] INFO  ozoneimpl.OzoneContainer (OzoneContainer.java:startContainerScrub(313)) - Background container scanner has been disabled.
2022-09-12 01:23:24,031 [EndpointStateMachine task thread for /127.0.0.1:40693 - 0 ] INFO  replication.ReplicationServer (ReplicationServer.java:start(111)) - ReplicationServer is started using port 35191
2022-09-12 01:23:24,031 [EndpointStateMachine task thread for /127.0.0.1:40693 - 0 ] INFO  ratis.XceiverServerRatis (XceiverServerRatis.java:start(481)) - Starting XceiverServerRatis 59d5d0ad-089c-47a8-af70-50686448c5a7
2022-09-12 01:23:24,032 [EndpointStateMachine task thread for /127.0.0.1:40693 - 0 ] INFO  server.RaftServer (RaftServerProxy.java:lambda$start$6(382)) - 59d5d0ad-089c-47a8-af70-50686448c5a7: start RPC server
2022-09-12 01:23:24,034 [EndpointStateMachine task thread for /127.0.0.1:40693 - 0 ] INFO  server.GrpcService (GrpcService.java:startImpl(260)) - 59d5d0ad-089c-47a8-af70-50686448c5a7: GrpcService started, listening on 46841
2022-09-12 01:23:24,034 [EndpointStateMachine task thread for /127.0.0.1:40693 - 0 ] INFO  ratis.XceiverServerRatis (XceiverServerRatis.java:getRealPort(502)) - XceiverServerRatis 59d5d0ad-089c-47a8-af70-50686448c5a7 is started using port 46841 for RATIS
2022-09-12 01:23:24,034 [EndpointStateMachine task thread for /127.0.0.1:40693 - 0 ] INFO  ratis.XceiverServerRatis (XceiverServerRatis.java:getRealPort(502)) - XceiverServerRatis 59d5d0ad-089c-47a8-af70-50686448c5a7 is started using port 46841 for RATIS_ADMIN
2022-09-12 01:23:24,034 [EndpointStateMachine task thread for /127.0.0.1:40693 - 0 ] INFO  ratis.XceiverServerRatis (XceiverServerRatis.java:getRealPort(502)) - XceiverServerRatis 59d5d0ad-089c-47a8-af70-50686448c5a7 is started using port 46841 for RATIS_SERVER
2022-09-12 01:23:24,034 [org.apache.ratis.util.JvmPauseMonitor$$Lambda$605/1445225850@23b9d8f5] INFO  util.JvmPauseMonitor (JvmPauseMonitor.java:run(103)) - JvmPauseMonitor-59d5d0ad-089c-47a8-af70-50686448c5a7: Started
2022-09-12 01:23:24,036 [EndpointStateMachine task thread for /127.0.0.1:40693 - 0 ] INFO  server.XceiverServerGrpc (XceiverServerGrpc.java:start(180)) - XceiverServerGrpc 59d5d0ad-089c-47a8-af70-50686448c5a7 is started using port 33247
2022-09-12 01:23:25,005 [Listener at 127.0.0.1/34999] INFO  ozone.MiniOzoneClusterImpl (MiniOzoneClusterImpl.java:lambda$waitForClusterToBeReady$0(216)) - Waiting for nodes to be ready. Got 0 of 3 DN Heartbeats.
2022-09-12 01:23:25,005 [Listener at 127.0.0.1/34999] INFO  ozone.MiniOzoneClusterImpl (MiniOzoneClusterImpl.java:lambda$waitForClusterToBeReady$0(219)) - Waiting for cluster to exit safe mode
2022-09-12 01:23:25,005 [Listener at 127.0.0.1/34999] INFO  ozone.MiniOzoneClusterImpl (MiniOzoneClusterImpl.java:lambda$waitForClusterToBeReady$0(221)) - SCM became leader
2022-09-12 01:23:25,381 [IPC Server handler 2 on default port 40693] INFO  net.NetworkTopologyImpl (NetworkTopologyImpl.java:add(112)) - Added a new node: /default-rack/03103273-3843-43f1-ae6a-2bbd7b09cada
2022-09-12 01:23:25,384 [IPC Server handler 2 on default port 40693] INFO  node.SCMNodeManager (SCMNodeManager.java:register(397)) - Registered Data node : 03103273-3843-43f1-ae6a-2bbd7b09cada{ip: 127.0.0.1, host: localhost, ports: [REPLICATION=35123, RATIS=44103, RATIS_ADMIN=44103, RATIS_SERVER=44103, STANDALONE=39289], networkLocation: /default-rack, certSerialId: null, persistedOpState: null, persistedOpStateExpiryEpochSec: 0}
2022-09-12 01:23:25,393 [EventQueue-NewNodeForNewNodeHandler] INFO  pipeline.BackgroundPipelineCreator (BackgroundPipelineCreator.java:notifyEventTriggered(276)) - trigger a one-shot run on RatisPipelineUtilsThread.
2022-09-12 01:23:25,399 [RatisPipelineUtilsThread - 0] INFO  pipeline.RatisPipelineProvider (RatisPipelineProvider.java:lambda$create$0(195)) - Sending CreatePipelineCommand for pipeline:PipelineID=43d97049-3253-4fda-a1a3-44697fc21621 to datanode:03103273-3843-43f1-ae6a-2bbd7b09cada
2022-09-12 01:23:25,399 [EventQueue-NodeRegistrationContainerReportForContainerSafeModeRule] INFO  safemode.SCMSafeModeManager (SCMSafeModeManager.java:validateSafeModeExitRules(204)) - ContainerSafeModeRule rule is successfully validated
2022-09-12 01:23:25,403 [EventQueue-PipelineReportForOneReplicaPipelineSafeModeRule] INFO  safemode.SCMSafeModeManager (SCMSafeModeManager.java:validateSafeModeExitRules(204)) - AtleastOneDatanodeReportedRule rule is successfully validated
2022-09-12 01:23:25,405 [EventQueue-NodeRegistrationContainerReportForDataNodeSafeModeRule] INFO  safemode.SCMSafeModeManager (DataNodeSafeModeRule.java:process(71)) - SCM in safe mode. 1 DataNodes registered, 3 required.
2022-09-12 01:23:25,474 [2b79d285-0efa-4274-b3fd-87c8ffd2a623@group-392DE73F1C7A-StateMachineUpdater] INFO  pipeline.PipelineStateManagerImpl (PipelineStateManagerImpl.java:addPipeline(103)) - Created pipeline Pipeline[ Id: 43d97049-3253-4fda-a1a3-44697fc21621, Nodes: 03103273-3843-43f1-ae6a-2bbd7b09cada{ip: 127.0.0.1, host: localhost, ports: [REPLICATION=35123, RATIS=44103, RATIS_ADMIN=44103, RATIS_SERVER=44103, STANDALONE=39289], networkLocation: /default-rack, certSerialId: null, persistedOpState: IN_SERVICE, persistedOpStateExpiryEpochSec: 0}, ReplicationConfig: RATIS/ONE, State:ALLOCATED, leaderId:, CreationTimestamp2022-09-12T01:23:25.398Z[Etc/UTC]].
2022-09-12 01:23:25,475 [2b79d285-0efa-4274-b3fd-87c8ffd2a623@group-392DE73F1C7A-StateMachineUpdater] INFO  safemode.HealthyPipelineSafeModeRule (HealthyPipelineSafeModeRule.java:initializeRule(165)) - Refreshed total pipeline count is 0, healthy pipeline threshold count is 1
2022-09-12 01:23:25,710 [IPC Server handler 3 on default port 40693] INFO  net.NetworkTopologyImpl (NetworkTopologyImpl.java:add(112)) - Added a new node: /default-rack/5a99e102-8acb-41a7-8340-e4a0eed09641
2022-09-12 01:23:25,711 [IPC Server handler 3 on default port 40693] INFO  node.SCMNodeManager (SCMNodeManager.java:register(397)) - Registered Data node : 5a99e102-8acb-41a7-8340-e4a0eed09641{ip: 127.0.0.1, host: localhost, ports: [REPLICATION=33515, RATIS=35331, RATIS_ADMIN=35331, RATIS_SERVER=35331, STANDALONE=46379], networkLocation: /default-rack, certSerialId: null, persistedOpState: null, persistedOpStateExpiryEpochSec: 0}
2022-09-12 01:23:25,712 [EventQueue-NewNodeForNewNodeHandler] INFO  pipeline.BackgroundPipelineCreator (BackgroundPipelineCreator.java:notifyEventTriggered(276)) - trigger a one-shot run on RatisPipelineUtilsThread.
2022-09-12 01:23:25,714 [EventQueue-NodeRegistrationContainerReportForDataNodeSafeModeRule] INFO  safemode.SCMSafeModeManager (DataNodeSafeModeRule.java:process(71)) - SCM in safe mode. 2 DataNodes registered, 3 required.
2022-09-12 01:23:25,715 [RatisPipelineUtilsThread - 0] INFO  pipeline.RatisPipelineProvider (RatisPipelineProvider.java:lambda$create$0(195)) - Sending CreatePipelineCommand for pipeline:PipelineID=759f337b-a9bc-45de-8068-04d68df0d129 to datanode:5a99e102-8acb-41a7-8340-e4a0eed09641
2022-09-12 01:23:25,718 [2b79d285-0efa-4274-b3fd-87c8ffd2a623@group-392DE73F1C7A-StateMachineUpdater] INFO  pipeline.PipelineStateManagerImpl (PipelineStateManagerImpl.java:addPipeline(103)) - Created pipeline Pipeline[ Id: 759f337b-a9bc-45de-8068-04d68df0d129, Nodes: 5a99e102-8acb-41a7-8340-e4a0eed09641{ip: 127.0.0.1, host: localhost, ports: [REPLICATION=33515, RATIS=35331, RATIS_ADMIN=35331, RATIS_SERVER=35331, STANDALONE=46379], networkLocation: /default-rack, certSerialId: null, persistedOpState: IN_SERVICE, persistedOpStateExpiryEpochSec: 0}, ReplicationConfig: RATIS/ONE, State:ALLOCATED, leaderId:, CreationTimestamp2022-09-12T01:23:25.715Z[Etc/UTC]].
2022-09-12 01:23:25,719 [2b79d285-0efa-4274-b3fd-87c8ffd2a623@group-392DE73F1C7A-StateMachineUpdater] INFO  safemode.HealthyPipelineSafeModeRule (HealthyPipelineSafeModeRule.java:initializeRule(165)) - Refreshed total pipeline count is 0, healthy pipeline threshold count is 1
2022-09-12 01:23:26,004 [IPC Server handler 55 on default port 40693] INFO  net.NetworkTopologyImpl (NetworkTopologyImpl.java:add(112)) - Added a new node: /default-rack/59d5d0ad-089c-47a8-af70-50686448c5a7
2022-09-12 01:23:26,005 [Listener at 127.0.0.1/34999] INFO  ozone.MiniOzoneClusterImpl (MiniOzoneClusterImpl.java:lambda$waitForClusterToBeReady$0(216)) - Waiting for nodes to be ready. Got 2 of 3 DN Heartbeats.
2022-09-12 01:23:26,005 [Listener at 127.0.0.1/34999] INFO  ozone.MiniOzoneClusterImpl (MiniOzoneClusterImpl.java:lambda$waitForClusterToBeReady$0(219)) - Waiting for cluster to exit safe mode
2022-09-12 01:23:26,005 [Listener at 127.0.0.1/34999] INFO  ozone.MiniOzoneClusterImpl (MiniOzoneClusterImpl.java:lambda$waitForClusterToBeReady$0(221)) - SCM became leader
2022-09-12 01:23:26,005 [IPC Server handler 55 on default port 40693] INFO  node.SCMNodeManager (SCMNodeManager.java:register(397)) - Registered Data node : 59d5d0ad-089c-47a8-af70-50686448c5a7{ip: 127.0.0.1, host: localhost, ports: [REPLICATION=35191, RATIS=46841, RATIS_ADMIN=46841, RATIS_SERVER=46841, STANDALONE=33247], networkLocation: /default-rack, certSerialId: null, persistedOpState: null, persistedOpStateExpiryEpochSec: 0}
2022-09-12 01:23:26,006 [EventQueue-NewNodeForNewNodeHandler] INFO  pipeline.BackgroundPipelineCreator (BackgroundPipelineCreator.java:notifyEventTriggered(276)) - trigger a one-shot run on RatisPipelineUtilsThread.
2022-09-12 01:23:26,006 [RatisPipelineUtilsThread - 0] INFO  pipeline.RatisPipelineProvider (RatisPipelineProvider.java:lambda$create$0(195)) - Sending CreatePipelineCommand for pipeline:PipelineID=57114f90-0974-4ee0-9f80-374aac182be3 to datanode:59d5d0ad-089c-47a8-af70-50686448c5a7
2022-09-12 01:23:26,006 [EventQueue-NodeRegistrationContainerReportForDataNodeSafeModeRule] INFO  safemode.SCMSafeModeManager (DataNodeSafeModeRule.java:process(71)) - SCM in safe mode. 3 DataNodes registered, 3 required.
2022-09-12 01:23:26,006 [EventQueue-NodeRegistrationContainerReportForDataNodeSafeModeRule] INFO  safemode.SCMSafeModeManager (SCMSafeModeManager.java:validateSafeModeExitRules(204)) - DataNodeSafeModeRule rule is successfully validated
2022-09-12 01:23:26,007 [EventQueue-NodeRegistrationContainerReportForDataNodeSafeModeRule] INFO  safemode.SCMSafeModeManager (SCMSafeModeManager.java:completePreCheck(233)) - All SCM safe mode pre check rules have passed
2022-09-12 01:23:26,007 [EventQueue-NodeRegistrationContainerReportForDataNodeSafeModeRule] WARN  events.EventQueue (EventQueue.java:fireEvent(216)) - No event handler registered for event TypedEvent{payloadType=SafeModeStatus, name='Safe mode status'}
2022-09-12 01:23:26,007 [EventQueue-NodeRegistrationContainerReportForDataNodeSafeModeRule] INFO  ha.SCMContext (SCMContext.java:updateSafeModeStatus(228)) - Update SafeModeStatus from SafeModeStatus{safeModeStatus=true, preCheckPassed=false} to SafeModeStatus{safeModeStatus=true, preCheckPassed=true}.
2022-09-12 01:23:26,007 [EventQueue-NodeRegistrationContainerReportForDataNodeSafeModeRule] INFO  pipeline.BackgroundPipelineCreator (BackgroundPipelineCreator.java:notifyEventTriggered(276)) - trigger a one-shot run on RatisPipelineUtilsThread.
2022-09-12 01:23:26,008 [2b79d285-0efa-4274-b3fd-87c8ffd2a623@group-392DE73F1C7A-StateMachineUpdater] INFO  pipeline.PipelineStateManagerImpl (PipelineStateManagerImpl.java:addPipeline(103)) - Created pipeline Pipeline[ Id: 57114f90-0974-4ee0-9f80-374aac182be3, Nodes: 59d5d0ad-089c-47a8-af70-50686448c5a7{ip: 127.0.0.1, host: localhost, ports: [REPLICATION=35191, RATIS=46841, RATIS_ADMIN=46841, RATIS_SERVER=46841, STANDALONE=33247], networkLocation: /default-rack, certSerialId: null, persistedOpState: IN_SERVICE, persistedOpStateExpiryEpochSec: 0}, ReplicationConfig: RATIS/ONE, State:ALLOCATED, leaderId:, CreationTimestamp2022-09-12T01:23:26.006Z[Etc/UTC]].
2022-09-12 01:23:26,008 [2b79d285-0efa-4274-b3fd-87c8ffd2a623@group-392DE73F1C7A-StateMachineUpdater] INFO  safemode.HealthyPipelineSafeModeRule (HealthyPipelineSafeModeRule.java:initializeRule(165)) - Refreshed total pipeline count is 0, healthy pipeline threshold count is 1
2022-09-12 01:23:26,011 [RatisPipelineUtilsThread - 0] INFO  pipeline.RatisPipelineProvider (RatisPipelineProvider.java:lambda$create$0(195)) - Sending CreatePipelineCommand for pipeline:PipelineID=066a907a-b323-4ddf-b488-7c8174fdac4c to datanode:5a99e102-8acb-41a7-8340-e4a0eed09641
2022-09-12 01:23:26,012 [RatisPipelineUtilsThread - 0] INFO  pipeline.RatisPipelineProvider (RatisPipelineProvider.java:lambda$create$0(195)) - Sending CreatePipelineCommand for pipeline:PipelineID=066a907a-b323-4ddf-b488-7c8174fdac4c to datanode:59d5d0ad-089c-47a8-af70-50686448c5a7
2022-09-12 01:23:26,012 [RatisPipelineUtilsThread - 0] INFO  pipeline.RatisPipelineProvider (RatisPipelineProvider.java:lambda$create$0(195)) - Sending CreatePipelineCommand for pipeline:PipelineID=066a907a-b323-4ddf-b488-7c8174fdac4c to datanode:03103273-3843-43f1-ae6a-2bbd7b09cada
2022-09-12 01:23:26,014 [2b79d285-0efa-4274-b3fd-87c8ffd2a623@group-392DE73F1C7A-StateMachineUpdater] INFO  pipeline.PipelineStateManagerImpl (PipelineStateManagerImpl.java:addPipeline(103)) - Created pipeline Pipeline[ Id: 066a907a-b323-4ddf-b488-7c8174fdac4c, Nodes: 5a99e102-8acb-41a7-8340-e4a0eed09641{ip: 127.0.0.1, host: localhost, ports: [REPLICATION=33515, RATIS=35331, RATIS_ADMIN=35331, RATIS_SERVER=35331, STANDALONE=46379], networkLocation: /default-rack, certSerialId: null, persistedOpState: IN_SERVICE, persistedOpStateExpiryEpochSec: 0}59d5d0ad-089c-47a8-af70-50686448c5a7{ip: 127.0.0.1, host: localhost, ports: [REPLICATION=35191, RATIS=46841, RATIS_ADMIN=46841, RATIS_SERVER=46841, STANDALONE=33247], networkLocation: /default-rack, certSerialId: null, persistedOpState: IN_SERVICE, persistedOpStateExpiryEpochSec: 0}03103273-3843-43f1-ae6a-2bbd7b09cada{ip: 127.0.0.1, host: localhost, ports: [REPLICATION=35123, RATIS=44103, RATIS_ADMIN=44103, RATIS_SERVER=44103, STANDALONE=39289], networkLocation: /default-rack, certSerialId: null, persistedOpState: IN_SERVICE, persistedOpStateExpiryEpochSec: 0}, ReplicationConfig: RATIS/THREE, State:ALLOCATED, leaderId:, CreationTimestamp2022-09-12T01:23:26.011Z[Etc/UTC]].
2022-09-12 01:23:26,014 [2b79d285-0efa-4274-b3fd-87c8ffd2a623@group-392DE73F1C7A-StateMachineUpdater] INFO  safemode.HealthyPipelineSafeModeRule (HealthyPipelineSafeModeRule.java:initializeRule(165)) - Refreshed total pipeline count is 0, healthy pipeline threshold count is 1
2022-09-12 01:23:26,015 [RatisPipelineUtilsThread - 0] INFO  pipeline.RatisPipelineProvider (RatisPipelineProvider.java:lambda$create$0(195)) - Sending CreatePipelineCommand for pipeline:PipelineID=5075f0a3-a7b7-46c6-a38e-4471245e049c to datanode:5a99e102-8acb-41a7-8340-e4a0eed09641
2022-09-12 01:23:26,018 [RatisPipelineUtilsThread - 0] INFO  pipeline.RatisPipelineProvider (RatisPipelineProvider.java:lambda$create$0(195)) - Sending CreatePipelineCommand for pipeline:PipelineID=5075f0a3-a7b7-46c6-a38e-4471245e049c to datanode:59d5d0ad-089c-47a8-af70-50686448c5a7
2022-09-12 01:23:26,018 [RatisPipelineUtilsThread - 0] INFO  pipeline.RatisPipelineProvider (RatisPipelineProvider.java:lambda$create$0(195)) - Sending CreatePipelineCommand for pipeline:PipelineID=5075f0a3-a7b7-46c6-a38e-4471245e049c to datanode:03103273-3843-43f1-ae6a-2bbd7b09cada
2022-09-12 01:23:26,019 [2b79d285-0efa-4274-b3fd-87c8ffd2a623@group-392DE73F1C7A-StateMachineUpdater] INFO  pipeline.PipelineStateManagerImpl (PipelineStateManagerImpl.java:addPipeline(103)) - Created pipeline Pipeline[ Id: 5075f0a3-a7b7-46c6-a38e-4471245e049c, Nodes: 5a99e102-8acb-41a7-8340-e4a0eed09641{ip: 127.0.0.1, host: localhost, ports: [REPLICATION=33515, RATIS=35331, RATIS_ADMIN=35331, RATIS_SERVER=35331, STANDALONE=46379], networkLocation: /default-rack, certSerialId: null, persistedOpState: IN_SERVICE, persistedOpStateExpiryEpochSec: 0}59d5d0ad-089c-47a8-af70-50686448c5a7{ip: 127.0.0.1, host: localhost, ports: [REPLICATION=35191, RATIS=46841, RATIS_ADMIN=46841, RATIS_SERVER=46841, STANDALONE=33247], networkLocation: /default-rack, certSerialId: null, persistedOpState: IN_SERVICE, persistedOpStateExpiryEpochSec: 0}03103273-3843-43f1-ae6a-2bbd7b09cada{ip: 127.0.0.1, host: localhost, ports: [REPLICATION=35123, RATIS=44103, RATIS_ADMIN=44103, RATIS_SERVER=44103, STANDALONE=39289], networkLocation: /default-rack, certSerialId: null, persistedOpState: IN_SERVICE, persistedOpStateExpiryEpochSec: 0}, ReplicationConfig: RATIS/THREE, State:ALLOCATED, leaderId:, CreationTimestamp2022-09-12T01:23:26.015Z[Etc/UTC]].
2022-09-12 01:23:26,020 [2b79d285-0efa-4274-b3fd-87c8ffd2a623@group-392DE73F1C7A-StateMachineUpdater] INFO  safemode.HealthyPipelineSafeModeRule (HealthyPipelineSafeModeRule.java:initializeRule(165)) - Refreshed total pipeline count is 0, healthy pipeline threshold count is 1
2022-09-12 01:23:26,020 [RatisPipelineUtilsThread - 0] INFO  pipeline.PipelineManagerImpl (PipelineManagerImpl.java:recordMetricsForPipeline(796)) - Pipeline: PipelineID=5075f0a3-a7b7-46c6-a38e-4471245e049c contains same datanodes as previous pipelines: PipelineID=066a907a-b323-4ddf-b488-7c8174fdac4c nodeIds: 5a99e102-8acb-41a7-8340-e4a0eed09641, 59d5d0ad-089c-47a8-af70-50686448c5a7, 03103273-3843-43f1-ae6a-2bbd7b09cada
2022-09-12 01:23:27,006 [Listener at 127.0.0.1/34999] INFO  ozone.MiniOzoneClusterImpl (MiniOzoneClusterImpl.java:lambda$waitForClusterToBeReady$0(216)) - Nodes are ready. Got 3 of 3 DN Heartbeats.
2022-09-12 01:23:27,006 [Listener at 127.0.0.1/34999] INFO  ozone.MiniOzoneClusterImpl (MiniOzoneClusterImpl.java:lambda$waitForClusterToBeReady$0(219)) - Waiting for cluster to exit safe mode
2022-09-12 01:23:27,006 [Listener at 127.0.0.1/34999] INFO  ozone.MiniOzoneClusterImpl (MiniOzoneClusterImpl.java:lambda$waitForClusterToBeReady$0(221)) - SCM became leader
2022-09-12 01:23:28,006 [Listener at 127.0.0.1/34999] INFO  ozone.MiniOzoneClusterImpl (MiniOzoneClusterImpl.java:lambda$waitForClusterToBeReady$0(216)) - Nodes are ready. Got 3 of 3 DN Heartbeats.
2022-09-12 01:23:28,007 [Listener at 127.0.0.1/34999] INFO  ozone.MiniOzoneClusterImpl (MiniOzoneClusterImpl.java:lambda$waitForClusterToBeReady$0(219)) - Waiting for cluster to exit safe mode
2022-09-12 01:23:28,007 [Listener at 127.0.0.1/34999] INFO  ozone.MiniOzoneClusterImpl (MiniOzoneClusterImpl.java:lambda$waitForClusterToBeReady$0(221)) - SCM became leader
2022-09-12 01:23:28,338 [Command processor thread] INFO  server.RaftServer (RaftServerProxy.java:addNew(96)) - 03103273-3843-43f1-ae6a-2bbd7b09cada: addNew group-44697FC21621:[03103273-3843-43f1-ae6a-2bbd7b09cada|rpc:127.0.0.1:44103|priority:1] returns group-44697FC21621:java.util.concurrent.CompletableFuture@dddf94d[Not completed]
2022-09-12 01:23:28,348 [pool-128-thread-1] INFO  server.RaftServer$Division (RaftServerImpl.java:<init>(190)) - 03103273-3843-43f1-ae6a-2bbd7b09cada: new RaftServerImpl for group-44697FC21621:[03103273-3843-43f1-ae6a-2bbd7b09cada|rpc:127.0.0.1:44103|priority:1] with ContainerStateMachine:uninitialized
2022-09-12 01:23:28,348 [pool-128-thread-1] INFO  server.RaftServerConfigKeys (ConfUtils.java:logGet(46)) - raft.server.rpc.timeout.min = 5s (custom)
2022-09-12 01:23:28,348 [pool-128-thread-1] INFO  server.RaftServerConfigKeys (ConfUtils.java:logGet(46)) - raft.server.rpc.timeout.max = 5200ms (custom)
2022-09-12 01:23:28,348 [pool-128-thread-1] INFO  server.RaftServerConfigKeys (ConfUtils.java:logGet(46)) - raft.server.rpc.sleep.time = 25ms (default)
2022-09-12 01:23:28,348 [pool-128-thread-1] INFO  server.RaftServerConfigKeys (ConfUtils.java:logGet(46)) - raft.server.rpc.slowness.timeout = 300s (custom)
2022-09-12 01:23:28,348 [pool-128-thread-1] INFO  server.RaftServerConfigKeys (ConfUtils.java:logGet(46)) - raft.server.leaderelection.leader.step-down.wait-time = 10s (default)
2022-09-12 01:23:28,348 [pool-128-thread-1] INFO  server.RaftServerConfigKeys (ConfUtils.java:logGet(46)) - raft.server.sleep.deviation.threshold = 300ms (default)
2022-09-12 01:23:28,348 [pool-128-thread-1] INFO  server.RaftServer$Division (ServerState.java:<init>(107)) - 03103273-3843-43f1-ae6a-2bbd7b09cada@group-44697FC21621: ConfigurationManager, init=-1: [03103273-3843-43f1-ae6a-2bbd7b09cada|rpc:127.0.0.1:44103|priority:1], old=null, confs=<EMPTY_MAP>
2022-09-12 01:23:28,348 [pool-128-thread-1] INFO  server.RaftServerConfigKeys (ConfUtils.java:logGet(46)) - raft.server.storage.dir = [/home/runner/work/ozone/ozone/hadoop-ozone/integration-test/target/test-dir/MiniOzoneClusterImpl-3d4a976f-5e4d-41d2-99e8-392de73f1c7a/datanode-0/data/ratis] (custom)
2022-09-12 01:23:28,349 [pool-128-thread-1] INFO  server.RaftServerConfigKeys (ConfUtils.java:logGet(46)) - raft.server.log.corruption.policy = EXCEPTION (default)
2022-09-12 01:23:28,349 [pool-128-thread-1] INFO  server.RaftServerConfigKeys (ConfUtils.java:logGet(46)) - raft.server.storage.free-space.min = 0MB (=0) (default)
2022-09-12 01:23:28,349 [pool-128-thread-1] INFO  storage.RaftStorageDirectory (RaftStorageDirectoryImpl.java:analyzeStorage(135)) - The storage directory /home/runner/work/ozone/ozone/hadoop-ozone/integration-test/target/test-dir/MiniOzoneClusterImpl-3d4a976f-5e4d-41d2-99e8-392de73f1c7a/datanode-0/data/ratis/43d97049-3253-4fda-a1a3-44697fc21621 does not exist. Creating ...
2022-09-12 01:23:28,350 [pool-128-thread-1] INFO  storage.RaftStorageDirectory (RaftStorageDirectoryImpl.java:tryLock(230)) - Lock on /home/runner/work/ozone/ozone/hadoop-ozone/integration-test/target/test-dir/MiniOzoneClusterImpl-3d4a976f-5e4d-41d2-99e8-392de73f1c7a/datanode-0/data/ratis/43d97049-3253-4fda-a1a3-44697fc21621/in_use.lock acquired by nodename 51693@fv-az167-317
2022-09-12 01:23:28,351 [pool-128-thread-1] INFO  storage.RaftStorage (RaftStorageImpl.java:format(89)) - Storage directory /home/runner/work/ozone/ozone/hadoop-ozone/integration-test/target/test-dir/MiniOzoneClusterImpl-3d4a976f-5e4d-41d2-99e8-392de73f1c7a/datanode-0/data/ratis/43d97049-3253-4fda-a1a3-44697fc21621 has been successfully formatted.
2022-09-12 01:23:28,357 [pool-128-thread-1] INFO  ratis.ContainerStateMachine (ContainerStateMachine.java:loadSnapshot(236)) - group-44697FC21621: The snapshot info is null. Setting the last applied indexto:(t:0, i:~)
2022-09-12 01:23:28,357 [pool-128-thread-1] INFO  server.RaftServerConfigKeys (ConfUtils.java:logGet(46)) - raft.server.notification.no-leader.timeout = 300s (custom)
2022-09-12 01:23:28,357 [pool-128-thread-1] INFO  server.RaftServerConfigKeys (ConfUtils.java:logGet(46)) - raft.server.log.use.memory = false (default)
2022-09-12 01:23:28,357 [pool-128-thread-1] INFO  server.RaftServerConfigKeys (ConfUtils.java:logGet(46)) - raft.server.log.purge.gap = 1000000 (custom)
2022-09-12 01:23:28,357 [pool-128-thread-1] INFO  server.RaftServerConfigKeys (ConfUtils.java:logGet(46)) - raft.server.log.appender.buffer.byte-limit = 33554432 (custom)
2022-09-12 01:23:28,357 [pool-128-thread-1] INFO  server.RaftServerConfigKeys (ConfUtils.java:logGet(46)) - raft.server.log.statemachine.data.read.timeout = 1000ms (default)
2022-09-12 01:23:28,358 [pool-128-thread-1] INFO  server.RaftServerConfigKeys (ConfUtils.java:logGet(46)) - raft.server.log.segment.size.max = 1048576 (custom)
2022-09-12 01:23:28,358 [pool-128-thread-1] INFO  server.RaftServerConfigKeys (ConfUtils.java:logGet(46)) - raft.server.log.segment.cache.num.max = 2 (custom)
2022-09-12 01:23:28,358 [pool-128-thread-1] INFO  server.RaftServerConfigKeys (ConfUtils.java:logGet(46)) - raft.server.log.segment.cache.size.max = 200MB (=209715200) (default)
2022-09-12 01:23:28,358 [pool-128-thread-1] INFO  segmented.SegmentedRaftLogWorker (SegmentedRaftLogWorker.java:<init>(187)) - new 03103273-3843-43f1-ae6a-2bbd7b09cada@group-44697FC21621-SegmentedRaftLogWorker for RaftStorageImpl:Storage Directory /home/runner/work/ozone/ozone/hadoop-ozone/integration-test/target/test-dir/MiniOzoneClusterImpl-3d4a976f-5e4d-41d2-99e8-392de73f1c7a/datanode-0/data/ratis/43d97049-3253-4fda-a1a3-44697fc21621
2022-09-12 01:23:28,358 [pool-128-thread-1] INFO  server.RaftServerConfigKeys (ConfUtils.java:logGet(46)) - raft.server.log.queue.byte-limit = 4294967296 (custom)
2022-09-12 01:23:28,358 [pool-128-thread-1] INFO  server.RaftServerConfigKeys (ConfUtils.java:logGet(46)) - raft.server.log.queue.element-limit = 1024 (custom)
2022-09-12 01:23:28,358 [pool-128-thread-1] INFO  server.RaftServerConfigKeys (ConfUtils.java:logGet(46)) - raft.server.log.segment.size.max = 1048576 (custom)
2022-09-12 01:23:28,358 [pool-128-thread-1] INFO  server.RaftServerConfigKeys (ConfUtils.java:logGet(46)) - raft.server.log.preallocated.size = 16384 (custom)
2022-09-12 01:23:28,358 [pool-128-thread-1] INFO  server.RaftServerConfigKeys (ConfUtils.java:logGet(46)) - raft.server.log.force.sync.num = 128 (default)
2022-09-12 01:23:28,358 [pool-128-thread-1] INFO  server.RaftServerConfigKeys (ConfUtils.java:logGet(46)) - raft.server.log.statemachine.data.sync = true (default)
2022-09-12 01:23:28,358 [pool-128-thread-1] INFO  server.RaftServerConfigKeys (ConfUtils.java:logGet(46)) - raft.server.log.statemachine.data.sync.timeout = 10s (default)
2022-09-12 01:23:28,358 [pool-128-thread-1] INFO  server.RaftServerConfigKeys (ConfUtils.java:logGet(46)) - raft.server.log.statemachine.data.sync.timeout.retry = -1 (default)
2022-09-12 01:23:28,359 [pool-128-thread-1] INFO  server.RaftServerConfigKeys (ConfUtils.java:logGet(46)) - raft.server.log.write.buffer.size = 1048576 (custom)
2022-09-12 01:23:28,359 [pool-128-thread-1] INFO  server.RaftServerConfigKeys (ConfUtils.java:logGet(46)) - raft.server.log.unsafe-flush.enabled = false (default)
2022-09-12 01:23:28,359 [pool-128-thread-1] INFO  server.RaftServerConfigKeys (ConfUtils.java:logGet(46)) - raft.server.log.statemachine.data.caching.enabled = true (custom)
2022-09-12 01:23:28,360 [pool-128-thread-1] INFO  segmented.SegmentedRaftLogWorker (SegmentedRaftLogWorker.java:lambda$new$0(135)) - 03103273-3843-43f1-ae6a-2bbd7b09cada@group-44697FC21621-SegmentedRaftLogWorker: flushIndex: setUnconditionally 0 -> -1
2022-09-12 01:23:28,360 [pool-128-thread-1] INFO  segmented.SegmentedRaftLogWorker (SegmentedRaftLogWorker.java:lambda$new$0(135)) - 03103273-3843-43f1-ae6a-2bbd7b09cada@group-44697FC21621-SegmentedRaftLogWorker: safeCacheEvictIndex: setUnconditionally 0 -> -1
2022-09-12 01:23:28,364 [pool-128-thread-1] INFO  server.RaftServerConfigKeys (ConfUtils.java:logGet(46)) - raft.server.snapshot.auto.trigger.enabled = true (custom)
2022-09-12 01:23:28,370 [pool-128-thread-1] INFO  server.RaftServerConfigKeys (ConfUtils.java:logGet(46)) - raft.server.snapshot.auto.trigger.threshold = 10000 (custom)
2022-09-12 01:23:28,370 [pool-128-thread-1] INFO  server.RaftServerConfigKeys (ConfUtils.java:logGet(46)) - raft.server.snapshot.retention.file.num = 5 (custom)
2022-09-12 01:23:28,372 [pool-128-thread-1] INFO  server.RaftServerConfigKeys (ConfUtils.java:logGet(46)) - raft.server.log.purge.upto.snapshot.index = false (default)
2022-09-12 01:23:28,372 [pool-128-thread-1] INFO  server.RaftServerConfigKeys (ConfUtils.java:logGet(46)) - raft.server.retrycache.expirytime = 600000ms (custom)
2022-09-12 01:23:28,372 [pool-128-thread-1] INFO  server.RaftServerConfigKeys (ConfUtils.java:logGet(46)) - raft.server.retrycache.statistics.expirytime = 100μs (default)
2022-09-12 01:23:28,373 [EventQueue-PipelineReportForPipelineReportHandler] INFO  pipeline.PipelineManagerImpl (PipelineManagerImpl.java:openPipeline(367)) - Pipeline Pipeline[ Id: 43d97049-3253-4fda-a1a3-44697fc21621, Nodes: 03103273-3843-43f1-ae6a-2bbd7b09cada{ip: 127.0.0.1, host: localhost, ports: [REPLICATION=35123, RATIS=44103, RATIS_ADMIN=44103, RATIS_SERVER=44103, STANDALONE=39289], networkLocation: /default-rack, certSerialId: null, persistedOpState: IN_SERVICE, persistedOpStateExpiryEpochSec: 0}, ReplicationConfig: RATIS/ONE, State:ALLOCATED, leaderId:03103273-3843-43f1-ae6a-2bbd7b09cada, CreationTimestamp2022-09-12T01:23:25.398Z[Etc/UTC]] moved to OPEN state
2022-09-12 01:23:28,376 [pool-128-thread-1] INFO  server.RaftServerConfigKeys (ConfUtils.java:logGet(46)) - raft.server.log.appender.install.snapshot.enabled = false (custom)
2022-09-12 01:23:28,377 [pool-128-thread-1] INFO  server.RaftServerConfigKeys (ConfUtils.java:logGet(46)) - raft.server.threadpool.server.cached = true (default)
2022-09-12 01:23:28,377 [pool-128-thread-1] INFO  server.RaftServerConfigKeys (ConfUtils.java:logGet(46)) - raft.server.threadpool.server.size = 0 (default)
2022-09-12 01:23:28,377 [pool-128-thread-1] INFO  server.RaftServerConfigKeys (ConfUtils.java:logGet(46)) - raft.server.threadpool.client.cached = true (default)
2022-09-12 01:23:28,377 [pool-128-thread-1] INFO  server.RaftServerConfigKeys (ConfUtils.java:logGet(46)) - raft.server.threadpool.client.size = 0 (default)
2022-09-12 01:23:28,378 [2b79d285-0efa-4274-b3fd-87c8ffd2a623@group-392DE73F1C7A-StateMachineUpdater] INFO  safemode.HealthyPipelineSafeModeRule (HealthyPipelineSafeModeRule.java:initializeRule(165)) - Refreshed total pipeline count is 0, healthy pipeline threshold count is 1
2022-09-12 01:23:28,378 [pool-128-thread-1] INFO  server.RaftServer$Division (RaftServerImpl.java:start(310)) - 03103273-3843-43f1-ae6a-2bbd7b09cada@group-44697FC21621: start as a follower, conf=-1: [03103273-3843-43f1-ae6a-2bbd7b09cada|rpc:127.0.0.1:44103|priority:1], old=null
2022-09-12 01:23:28,380 [pool-128-thread-1] INFO  server.RaftServer$Division (RaftServerImpl.java:setRole(299)) - 03103273-3843-43f1-ae6a-2bbd7b09cada@group-44697FC21621: changes role from      null to FOLLOWER at term 0 for startAsFollower
2022-09-12 01:23:28,380 [pool-128-thread-1] INFO  impl.RoleInfo (RoleInfo.java:updateAndGet(139)) - 03103273-3843-43f1-ae6a-2bbd7b09cada: start 03103273-3843-43f1-ae6a-2bbd7b09cada@group-44697FC21621-FollowerState
2022-09-12 01:23:28,380 [EventQueue-OpenPipelineForHealthyPipelineSafeModeRule] INFO  safemode.SCMSafeModeManager (HealthyPipelineSafeModeRule.java:process(137)) - SCM in safe mode. Healthy pipelines reported count is 0, required healthy pipeline reported count is 1
2022-09-12 01:23:28,380 [pool-128-thread-1] INFO  util.JmxRegister (JmxRegister.java:tryRegister(44)) - Successfully registered JMX Bean with object name Ratis:service=RaftServer,group=group-44697FC21621,id=03103273-3843-43f1-ae6a-2bbd7b09cada
2022-09-12 01:23:28,384 [Command processor thread] INFO  ratis.XceiverServerRatis (XceiverServerRatis.java:addGroup(765)) - Created group PipelineID=43d97049-3253-4fda-a1a3-44697fc21621
2022-09-12 01:23:28,385 [Command processor thread] INFO  commandhandler.CreatePipelineCommandHandler (CreatePipelineCommandHandler.java:handle(113)) - Created Pipeline RATIS ONE PipelineID=43d97049-3253-4fda-a1a3-44697fc21621.
2022-09-12 01:23:28,385 [Command processor thread] INFO  server.RaftServer (RaftServerProxy.java:addNew(96)) - 03103273-3843-43f1-ae6a-2bbd7b09cada: addNew group-7C8174FDAC4C:[03103273-3843-43f1-ae6a-2bbd7b09cada|rpc:127.0.0.1:44103|priority:1, 5a99e102-8acb-41a7-8340-e4a0eed09641|rpc:127.0.0.1:35331|priority:0, 59d5d0ad-089c-47a8-af70-50686448c5a7|rpc:127.0.0.1:46841|priority:0] returns group-7C8174FDAC4C:java.util.concurrent.CompletableFuture@44b8e4c5[Not completed]
2022-09-12 01:23:28,386 [pool-128-thread-1] INFO  server.RaftServer$Division (RaftServerImpl.java:<init>(190)) - 03103273-3843-43f1-ae6a-2bbd7b09cada: new RaftServerImpl for group-7C8174FDAC4C:[03103273-3843-43f1-ae6a-2bbd7b09cada|rpc:127.0.0.1:44103|priority:1, 5a99e102-8acb-41a7-8340-e4a0eed09641|rpc:127.0.0.1:35331|priority:0, 59d5d0ad-089c-47a8-af70-50686448c5a7|rpc:127.0.0.1:46841|priority:0] with ContainerStateMachine:uninitialized
2022-09-12 01:23:28,386 [pool-128-thread-1] INFO  server.RaftServerConfigKeys (ConfUtils.java:logGet(46)) - raft.server.rpc.timeout.min = 5s (custom)
2022-09-12 01:23:28,386 [pool-128-thread-1] INFO  server.RaftServerConfigKeys (ConfUtils.java:logGet(46)) - raft.server.rpc.timeout.max = 5200ms (custom)
2022-09-12 01:23:28,386 [pool-128-thread-1] INFO  server.RaftServerConfigKeys (ConfUtils.java:logGet(46)) - raft.server.rpc.sleep.time = 25ms (default)
2022-09-12 01:23:28,386 [pool-128-thread-1] INFO  server.RaftServerConfigKeys (ConfUtils.java:logGet(46)) - raft.server.rpc.slowness.timeout = 300s (custom)
2022-09-12 01:23:28,386 [pool-128-thread-1] INFO  server.RaftServerConfigKeys (ConfUtils.java:logGet(46)) - raft.server.leaderelection.leader.step-down.wait-time = 10s (default)
2022-09-12 01:23:28,387 [pool-128-thread-1] INFO  server.RaftServerConfigKeys (ConfUtils.java:logGet(46)) - raft.server.sleep.deviation.threshold = 300ms (default)
2022-09-12 01:23:28,387 [pool-128-thread-1] INFO  server.RaftServer$Division (ServerState.java:<init>(107)) - 03103273-3843-43f1-ae6a-2bbd7b09cada@group-7C8174FDAC4C: ConfigurationManager, init=-1: [03103273-3843-43f1-ae6a-2bbd7b09cada|rpc:127.0.0.1:44103|priority:1, 5a99e102-8acb-41a7-8340-e4a0eed09641|rpc:127.0.0.1:35331|priority:0, 59d5d0ad-089c-47a8-af70-50686448c5a7|rpc:127.0.0.1:46841|priority:0], old=null, confs=<EMPTY_MAP>
2022-09-12 01:23:28,387 [pool-128-thread-1] INFO  server.RaftServerConfigKeys (ConfUtils.java:logGet(46)) - raft.server.storage.dir = [/home/runner/work/ozone/ozone/hadoop-ozone/integration-test/target/test-dir/MiniOzoneClusterImpl-3d4a976f-5e4d-41d2-99e8-392de73f1c7a/datanode-0/data/ratis] (custom)
2022-09-12 01:23:28,387 [pool-128-thread-1] INFO  server.RaftServerConfigKeys (ConfUtils.java:logGet(46)) - raft.server.log.corruption.policy = EXCEPTION (default)
2022-09-12 01:23:28,387 [pool-128-thread-1] INFO  server.RaftServerConfigKeys (ConfUtils.java:logGet(46)) - raft.server.storage.free-space.min = 0MB (=0) (default)
2022-09-12 01:23:28,387 [pool-128-thread-1] INFO  storage.RaftStorageDirectory (RaftStorageDirectoryImpl.java:analyzeStorage(135)) - The storage directory /home/runner/work/ozone/ozone/hadoop-ozone/integration-test/target/test-dir/MiniOzoneClusterImpl-3d4a976f-5e4d-41d2-99e8-392de73f1c7a/datanode-0/data/ratis/066a907a-b323-4ddf-b488-7c8174fdac4c does not exist. Creating ...
2022-09-12 01:23:28,388 [pool-128-thread-1] INFO  storage.RaftStorageDirectory (RaftStorageDirectoryImpl.java:tryLock(230)) - Lock on /home/runner/work/ozone/ozone/hadoop-ozone/integration-test/target/test-dir/MiniOzoneClusterImpl-3d4a976f-5e4d-41d2-99e8-392de73f1c7a/datanode-0/data/ratis/066a907a-b323-4ddf-b488-7c8174fdac4c/in_use.lock acquired by nodename 51693@fv-az167-317
2022-09-12 01:23:28,389 [pool-128-thread-1] INFO  storage.RaftStorage (RaftStorageImpl.java:format(89)) - Storage directory /home/runner/work/ozone/ozone/hadoop-ozone/integration-test/target/test-dir/MiniOzoneClusterImpl-3d4a976f-5e4d-41d2-99e8-392de73f1c7a/datanode-0/data/ratis/066a907a-b323-4ddf-b488-7c8174fdac4c has been successfully formatted.
2022-09-12 01:23:28,389 [pool-128-thread-1] INFO  ratis.ContainerStateMachine (ContainerStateMachine.java:loadSnapshot(236)) - group-7C8174FDAC4C: The snapshot info is null. Setting the last applied indexto:(t:0, i:~)
2022-09-12 01:23:28,389 [pool-128-thread-1] INFO  server.RaftServerConfigKeys (ConfUtils.java:logGet(46)) - raft.server.notification.no-leader.timeout = 300s (custom)
2022-09-12 01:23:28,389 [pool-128-thread-1] INFO  server.RaftServerConfigKeys (ConfUtils.java:logGet(46)) - raft.server.log.use.memory = false (default)
2022-09-12 01:23:28,389 [pool-128-thread-1] INFO  server.RaftServerConfigKeys (ConfUtils.java:logGet(46)) - raft.server.log.purge.gap = 1000000 (custom)
2022-09-12 01:23:28,389 [pool-128-thread-1] INFO  server.RaftServerConfigKeys (ConfUtils.java:logGet(46)) - raft.server.log.appender.buffer.byte-limit = 33554432 (custom)
2022-09-12 01:23:28,389 [pool-128-thread-1] INFO  server.RaftServerConfigKeys (ConfUtils.java:logGet(46)) - raft.server.log.statemachine.data.read.timeout = 1000ms (default)
2022-09-12 01:23:28,390 [pool-128-thread-1] INFO  server.RaftServerConfigKeys (ConfUtils.java:logGet(46)) - raft.server.log.segment.size.max = 1048576 (custom)
2022-09-12 01:23:28,390 [pool-128-thread-1] INFO  server.RaftServerConfigKeys (ConfUtils.java:logGet(46)) - raft.server.log.segment.cache.num.max = 2 (custom)
2022-09-12 01:23:28,390 [pool-128-thread-1] INFO  server.RaftServerConfigKeys (ConfUtils.java:logGet(46)) - raft.server.log.segment.cache.size.max = 200MB (=209715200) (default)
2022-09-12 01:23:28,390 [pool-128-thread-1] INFO  segmented.SegmentedRaftLogWorker (SegmentedRaftLogWorker.java:<init>(187)) - new 03103273-3843-43f1-ae6a-2bbd7b09cada@group-7C8174FDAC4C-SegmentedRaftLogWorker for RaftStorageImpl:Storage Directory /home/runner/work/ozone/ozone/hadoop-ozone/integration-test/target/test-dir/MiniOzoneClusterImpl-3d4a976f-5e4d-41d2-99e8-392de73f1c7a/datanode-0/data/ratis/066a907a-b323-4ddf-b488-7c8174fdac4c
2022-09-12 01:23:28,390 [pool-128-thread-1] INFO  server.RaftServerConfigKeys (ConfUtils.java:logGet(46)) - raft.server.log.queue.byte-limit = 4294967296 (custom)
2022-09-12 01:23:28,390 [pool-128-thread-1] INFO  server.RaftServerConfigKeys (ConfUtils.java:logGet(46)) - raft.server.log.queue.element-limit = 1024 (custom)
2022-09-12 01:23:28,390 [pool-128-thread-1] INFO  server.RaftServerConfigKeys (ConfUtils.java:logGet(46)) - raft.server.log.segment.size.max = 1048576 (custom)
2022-09-12 01:23:28,390 [pool-128-thread-1] INFO  server.RaftServerConfigKeys (ConfUtils.java:logGet(46)) - raft.server.log.preallocated.size = 16384 (custom)
2022-09-12 01:23:28,390 [pool-128-thread-1] INFO  server.RaftServerConfigKeys (ConfUtils.java:logGet(46)) - raft.server.log.force.sync.num = 128 (default)
2022-09-12 01:23:28,390 [pool-128-thread-1] INFO  server.RaftServerConfigKeys (ConfUtils.java:logGet(46)) - raft.server.log.statemachine.data.sync = true (default)
2022-09-12 01:23:28,390 [pool-128-thread-1] INFO  server.RaftServerConfigKeys (ConfUtils.java:logGet(46)) - raft.server.log.statemachine.data.sync.timeout = 10s (default)
2022-09-12 01:23:28,390 [pool-128-thread-1] INFO  server.RaftServerConfigKeys (ConfUtils.java:logGet(46)) - raft.server.log.statemachine.data.sync.timeout.retry = -1 (default)
2022-09-12 01:23:28,391 [pool-128-thread-1] INFO  server.RaftServerConfigKeys (ConfUtils.java:logGet(46)) - raft.server.log.write.buffer.size = 1048576 (custom)
2022-09-12 01:23:28,391 [pool-128-thread-1] INFO  server.RaftServerConfigKeys (ConfUtils.java:logGet(46)) - raft.server.log.unsafe-flush.enabled = false (default)
2022-09-12 01:23:28,391 [pool-128-thread-1] INFO  server.RaftServerConfigKeys (ConfUtils.java:logGet(46)) - raft.server.log.statemachine.data.caching.enabled = true (custom)
2022-09-12 01:23:28,392 [pool-128-thread-1] INFO  segmented.SegmentedRaftLogWorker (SegmentedRaftLogWorker.java:lambda$new$0(135)) - 03103273-3843-43f1-ae6a-2bbd7b09cada@group-7C8174FDAC4C-SegmentedRaftLogWorker: flushIndex: setUnconditionally 0 -> -1
2022-09-12 01:23:28,392 [pool-128-thread-1] INFO  segmented.SegmentedRaftLogWorker (SegmentedRaftLogWorker.java:lambda$new$0(135)) - 03103273-3843-43f1-ae6a-2bbd7b09cada@group-7C8174FDAC4C-SegmentedRaftLogWorker: safeCacheEvictIndex: setUnconditionally 0 -> -1
2022-09-12 01:23:28,392 [pool-128-thread-1] INFO  server.RaftServerConfigKeys (ConfUtils.java:logGet(46)) - raft.server.snapshot.auto.trigger.enabled = true (custom)
2022-09-12 01:23:28,392 [pool-128-thread-1] INFO  server.RaftServerConfigKeys (ConfUtils.java:logGet(46)) - raft.server.snapshot.auto.trigger.threshold = 10000 (custom)
2022-09-12 01:23:28,392 [pool-128-thread-1] INFO  server.RaftServerConfigKeys (ConfUtils.java:logGet(46)) - raft.server.snapshot.retention.file.num = 5 (custom)
2022-09-12 01:23:28,392 [pool-128-thread-1] INFO  server.RaftServerConfigKeys (ConfUtils.java:logGet(46)) - raft.server.log.purge.upto.snapshot.index = false (default)
2022-09-12 01:23:28,392 [pool-128-thread-1] INFO  server.RaftServerConfigKeys (ConfUtils.java:logGet(46)) - raft.server.retrycache.expirytime = 600000ms (custom)
2022-09-12 01:23:28,392 [pool-128-thread-1] INFO  server.RaftServerConfigKeys (ConfUtils.java:logGet(46)) - raft.server.retrycache.statistics.expirytime = 100μs (default)
2022-09-12 01:23:28,393 [pool-128-thread-1] INFO  server.RaftServerConfigKeys (ConfUtils.java:logGet(46)) - raft.server.log.appender.install.snapshot.enabled = false (custom)
2022-09-12 01:23:28,393 [pool-128-thread-1] INFO  server.RaftServerConfigKeys (ConfUtils.java:logGet(46)) - raft.server.threadpool.server.cached = true (default)
2022-09-12 01:23:28,393 [pool-128-thread-1] INFO  server.RaftServerConfigKeys (ConfUtils.java:logGet(46)) - raft.server.threadpool.server.size = 0 (default)
2022-09-12 01:23:28,393 [pool-128-thread-1] INFO  server.RaftServerConfigKeys (ConfUtils.java:logGet(46)) - raft.server.threadpool.client.cached = true (default)
2022-09-12 01:23:28,393 [pool-128-thread-1] INFO  server.RaftServerConfigKeys (ConfUtils.java:logGet(46)) - raft.server.threadpool.client.size = 0 (default)
2022-09-12 01:23:28,393 [pool-128-thread-1] INFO  server.RaftServer$Division (RaftServerImpl.java:start(310)) - 03103273-3843-43f1-ae6a-2bbd7b09cada@group-7C8174FDAC4C: start as a follower, conf=-1: [03103273-3843-43f1-ae6a-2bbd7b09cada|rpc:127.0.0.1:44103|priority:1, 5a99e102-8acb-41a7-8340-e4a0eed09641|rpc:127.0.0.1:35331|priority:0, 59d5d0ad-089c-47a8-af70-50686448c5a7|rpc:127.0.0.1:46841|priority:0], old=null
2022-09-12 01:23:28,393 [pool-128-thread-1] INFO  server.RaftServer$Division (RaftServerImpl.java:setRole(299)) - 03103273-3843-43f1-ae6a-2bbd7b09cada@group-7C8174FDAC4C: changes role from      null to FOLLOWER at term 0 for startAsFollower
2022-09-12 01:23:28,393 [pool-128-thread-1] INFO  impl.RoleInfo (RoleInfo.java:updateAndGet(139)) - 03103273-3843-43f1-ae6a-2bbd7b09cada: start 03103273-3843-43f1-ae6a-2bbd7b09cada@group-7C8174FDAC4C-FollowerState
2022-09-12 01:23:28,394 [pool-128-thread-1] INFO  util.JmxRegister (JmxRegister.java:tryRegister(44)) - Successfully registered JMX Bean with object name Ratis:service=RaftServer,group=group-7C8174FDAC4C,id=03103273-3843-43f1-ae6a-2bbd7b09cada
2022-09-12 01:23:28,398 [EventQueue-OpenPipelineForHealthyPipelineSafeModeRule] INFO  safemode.SCMSafeModeManager (HealthyPipelineSafeModeRule.java:process(137)) - SCM in safe mode. Healthy pipelines reported count is 0, required healthy pipeline reported count is 1
2022-09-12 01:23:28,398 [Command processor thread] INFO  ratis.XceiverServerRatis (XceiverServerRatis.java:addGroup(765)) - Created group PipelineID=066a907a-b323-4ddf-b488-7c8174fdac4c
2022-09-12 01:23:28,450 [grpc-default-executor-0] INFO  server.RaftServer (RaftServerProxy.java:addNew(96)) - 5a99e102-8acb-41a7-8340-e4a0eed09641: addNew group-7C8174FDAC4C:[03103273-3843-43f1-ae6a-2bbd7b09cada|rpc:127.0.0.1:44103|dataStream:|priority:1, 5a99e102-8acb-41a7-8340-e4a0eed09641|rpc:127.0.0.1:35331|dataStream:|priority:0, 59d5d0ad-089c-47a8-af70-50686448c5a7|rpc:127.0.0.1:46841|dataStream:|priority:0] returns group-7C8174FDAC4C:java.util.concurrent.CompletableFuture@46ef2217[Not completed]
2022-09-12 01:23:28,451 [pool-151-thread-1] INFO  server.RaftServer$Division (RaftServerImpl.java:<init>(190)) - 5a99e102-8acb-41a7-8340-e4a0eed09641: new RaftServerImpl for group-7C8174FDAC4C:[03103273-3843-43f1-ae6a-2bbd7b09cada|rpc:127.0.0.1:44103|dataStream:|priority:1, 5a99e102-8acb-41a7-8340-e4a0eed09641|rpc:127.0.0.1:35331|dataStream:|priority:0, 59d5d0ad-089c-47a8-af70-50686448c5a7|rpc:127.0.0.1:46841|dataStream:|priority:0] with ContainerStateMachine:uninitialized
2022-09-12 01:23:28,451 [pool-151-thread-1] INFO  server.RaftServerConfigKeys (ConfUtils.java:logGet(46)) - raft.server.rpc.timeout.min = 5s (custom)
2022-09-12 01:23:28,451 [pool-151-thread-1] INFO  server.RaftServerConfigKeys (ConfUtils.java:logGet(46)) - raft.server.rpc.timeout.max = 5200ms (custom)
2022-09-12 01:23:28,451 [pool-151-thread-1] INFO  server.RaftServerConfigKeys (ConfUtils.java:logGet(46)) - raft.server.rpc.sleep.time = 25ms (default)
2022-09-12 01:23:28,451 [pool-151-thread-1] INFO  server.RaftServerConfigKeys (ConfUtils.java:logGet(46)) - raft.server.rpc.slowness.timeout = 300s (custom)
2022-09-12 01:23:28,451 [pool-151-thread-1] INFO  server.RaftServerConfigKeys (ConfUtils.java:logGet(46)) - raft.server.leaderelection.leader.step-down.wait-time = 10s (default)
2022-09-12 01:23:28,451 [pool-151-thread-1] INFO  server.RaftServerConfigKeys (ConfUtils.java:logGet(46)) - raft.server.sleep.deviation.threshold = 300ms (default)
2022-09-12 01:23:28,451 [pool-151-thread-1] INFO  server.RaftServer$Division (ServerState.java:<init>(107)) - 5a99e102-8acb-41a7-8340-e4a0eed09641@group-7C8174FDAC4C: ConfigurationManager, init=-1: [03103273-3843-43f1-ae6a-2bbd7b09cada|rpc:127.0.0.1:44103|dataStream:|priority:1, 5a99e102-8acb-41a7-8340-e4a0eed09641|rpc:127.0.0.1:35331|dataStream:|priority:0, 59d5d0ad-089c-47a8-af70-50686448c5a7|rpc:127.0.0.1:46841|dataStream:|priority:0], old=null, confs=<EMPTY_MAP>
2022-09-12 01:23:28,451 [pool-151-thread-1] INFO  server.RaftServerConfigKeys (ConfUtils.java:logGet(46)) - raft.server.storage.dir = [/home/runner/work/ozone/ozone/hadoop-ozone/integration-test/target/test-dir/MiniOzoneClusterImpl-3d4a976f-5e4d-41d2-99e8-392de73f1c7a/datanode-1/data/ratis] (custom)
2022-09-12 01:23:28,452 [pool-151-thread-1] INFO  server.RaftServerConfigKeys (ConfUtils.java:logGet(46)) - raft.server.log.corruption.policy = EXCEPTION (default)
2022-09-12 01:23:28,452 [pool-151-thread-1] INFO  server.RaftServerConfigKeys (ConfUtils.java:logGet(46)) - raft.server.storage.free-space.min = 0MB (=0) (default)
2022-09-12 01:23:28,452 [pool-151-thread-1] INFO  storage.RaftStorageDirectory (RaftStorageDirectoryImpl.java:analyzeStorage(135)) - The storage directory /home/runner/work/ozone/ozone/hadoop-ozone/integration-test/target/test-dir/MiniOzoneClusterImpl-3d4a976f-5e4d-41d2-99e8-392de73f1c7a/datanode-1/data/ratis/066a907a-b323-4ddf-b488-7c8174fdac4c does not exist. Creating ...
2022-09-12 01:23:28,452 [pool-151-thread-1] INFO  storage.RaftStorageDirectory (RaftStorageDirectoryImpl.java:tryLock(230)) - Lock on /home/runner/work/ozone/ozone/hadoop-ozone/integration-test/target/test-dir/MiniOzoneClusterImpl-3d4a976f-5e4d-41d2-99e8-392de73f1c7a/datanode-1/data/ratis/066a907a-b323-4ddf-b488-7c8174fdac4c/in_use.lock acquired by nodename 51693@fv-az167-317
2022-09-12 01:23:28,453 [pool-151-thread-1] INFO  storage.RaftStorage (RaftStorageImpl.java:format(89)) - Storage directory /home/runner/work/ozone/ozone/hadoop-ozone/integration-test/target/test-dir/MiniOzoneClusterImpl-3d4a976f-5e4d-41d2-99e8-392de73f1c7a/datanode-1/data/ratis/066a907a-b323-4ddf-b488-7c8174fdac4c has been successfully formatted.
2022-09-12 01:23:28,454 [pool-151-thread-1] INFO  ratis.ContainerStateMachine (ContainerStateMachine.java:loadSnapshot(236)) - group-7C8174FDAC4C: The snapshot info is null. Setting the last applied indexto:(t:0, i:~)
2022-09-12 01:23:28,455 [pool-151-thread-1] INFO  server.RaftServerConfigKeys (ConfUtils.java:logGet(46)) - raft.server.notification.no-leader.timeout = 300s (custom)
2022-09-12 01:23:28,457 [pool-151-thread-1] INFO  server.RaftServerConfigKeys (ConfUtils.java:logGet(46)) - raft.server.log.use.memory = false (default)
2022-09-12 01:23:28,457 [pool-151-thread-1] INFO  server.RaftServerConfigKeys (ConfUtils.java:logGet(46)) - raft.server.log.purge.gap = 1000000 (custom)
2022-09-12 01:23:28,457 [pool-151-thread-1] INFO  server.RaftServerConfigKeys (ConfUtils.java:logGet(46)) - raft.server.log.appender.buffer.byte-limit = 33554432 (custom)
2022-09-12 01:23:28,457 [pool-151-thread-1] INFO  server.RaftServerConfigKeys (ConfUtils.java:logGet(46)) - raft.server.log.statemachine.data.read.timeout = 1000ms (default)
2022-09-12 01:23:28,459 [pool-151-thread-1] INFO  server.RaftServerConfigKeys (ConfUtils.java:logGet(46)) - raft.server.log.segment.size.max = 1048576 (custom)
2022-09-12 01:23:28,459 [pool-151-thread-1] INFO  server.RaftServerConfigKeys (ConfUtils.java:logGet(46)) - raft.server.log.segment.cache.num.max = 2 (custom)
2022-09-12 01:23:28,459 [pool-151-thread-1] INFO  server.RaftServerConfigKeys (ConfUtils.java:logGet(46)) - raft.server.log.segment.cache.size.max = 200MB (=209715200) (default)
2022-09-12 01:23:28,459 [pool-151-thread-1] INFO  segmented.SegmentedRaftLogWorker (SegmentedRaftLogWorker.java:<init>(187)) - new 5a99e102-8acb-41a7-8340-e4a0eed09641@group-7C8174FDAC4C-SegmentedRaftLogWorker for RaftStorageImpl:Storage Directory /home/runner/work/ozone/ozone/hadoop-ozone/integration-test/target/test-dir/MiniOzoneClusterImpl-3d4a976f-5e4d-41d2-99e8-392de73f1c7a/datanode-1/data/ratis/066a907a-b323-4ddf-b488-7c8174fdac4c
2022-09-12 01:23:28,460 [pool-151-thread-1] INFO  server.RaftServerConfigKeys (ConfUtils.java:logGet(46)) - raft.server.log.queue.byte-limit = 4294967296 (custom)
2022-09-12 01:23:28,460 [pool-151-thread-1] INFO  server.RaftServerConfigKeys (ConfUtils.java:logGet(46)) - raft.server.log.queue.element-limit = 1024 (custom)
2022-09-12 01:23:28,460 [pool-151-thread-1] INFO  server.RaftServerConfigKeys (ConfUtils.java:logGet(46)) - raft.server.log.segment.size.max = 1048576 (custom)
2022-09-12 01:23:28,460 [pool-151-thread-1] INFO  server.RaftServerConfigKeys (ConfUtils.java:logGet(46)) - raft.server.log.preallocated.size = 16384 (custom)
2022-09-12 01:23:28,460 [pool-151-thread-1] INFO  server.RaftServerConfigKeys (ConfUtils.java:logGet(46)) - raft.server.log.force.sync.num = 128 (default)
2022-09-12 01:23:28,460 [pool-151-thread-1] INFO  server.RaftServerConfigKeys (ConfUtils.java:logGet(46)) - raft.server.log.statemachine.data.sync = true (default)
2022-09-12 01:23:28,460 [pool-151-thread-1] INFO  server.RaftServerConfigKeys (ConfUtils.java:logGet(46)) - raft.server.log.statemachine.data.sync.timeout = 10s (default)
2022-09-12 01:23:28,460 [pool-151-thread-1] INFO  server.RaftServerConfigKeys (ConfUtils.java:logGet(46)) - raft.server.log.statemachine.data.sync.timeout.retry = -1 (default)
2022-09-12 01:23:28,460 [pool-151-thread-1] INFO  server.RaftServerConfigKeys (ConfUtils.java:logGet(46)) - raft.server.log.write.buffer.size = 1048576 (custom)
2022-09-12 01:23:28,461 [pool-151-thread-1] INFO  server.RaftServerConfigKeys (ConfUtils.java:logGet(46)) - raft.server.log.unsafe-flush.enabled = false (default)
2022-09-12 01:23:28,461 [pool-151-thread-1] INFO  server.RaftServerConfigKeys (ConfUtils.java:logGet(46)) - raft.server.log.statemachine.data.caching.enabled = true (custom)
2022-09-12 01:23:28,461 [pool-151-thread-1] INFO  segmented.SegmentedRaftLogWorker (SegmentedRaftLogWorker.java:lambda$new$0(135)) - 5a99e102-8acb-41a7-8340-e4a0eed09641@group-7C8174FDAC4C-SegmentedRaftLogWorker: flushIndex: setUnconditionally 0 -> -1
2022-09-12 01:23:28,461 [pool-151-thread-1] INFO  segmented.SegmentedRaftLogWorker (SegmentedRaftLogWorker.java:lambda$new$0(135)) - 5a99e102-8acb-41a7-8340-e4a0eed09641@group-7C8174FDAC4C-SegmentedRaftLogWorker: safeCacheEvictIndex: setUnconditionally 0 -> -1
2022-09-12 01:23:28,464 [pool-151-thread-1] INFO  server.RaftServerConfigKeys (ConfUtils.java:logGet(46)) - raft.server.snapshot.auto.trigger.enabled = true (custom)
2022-09-12 01:23:28,464 [pool-151-thread-1] INFO  server.RaftServerConfigKeys (ConfUtils.java:logGet(46)) - raft.server.snapshot.auto.trigger.threshold = 10000 (custom)
2022-09-12 01:23:28,464 [pool-151-thread-1] INFO  server.RaftServerConfigKeys (ConfUtils.java:logGet(46)) - raft.server.snapshot.retention.file.num = 5 (custom)
2022-09-12 01:23:28,464 [pool-151-thread-1] INFO  server.RaftServerConfigKeys (ConfUtils.java:logGet(46)) - raft.server.log.purge.upto.snapshot.index = false (default)
2022-09-12 01:23:28,465 [pool-151-thread-1] INFO  server.RaftServerConfigKeys (ConfUtils.java:logGet(46)) - raft.server.retrycache.expirytime = 600000ms (custom)
2022-09-12 01:23:28,465 [pool-151-thread-1] INFO  server.RaftServerConfigKeys (ConfUtils.java:logGet(46)) - raft.server.retrycache.statistics.expirytime = 100μs (default)
2022-09-12 01:23:28,465 [pool-151-thread-1] INFO  server.RaftServerConfigKeys (ConfUtils.java:logGet(46)) - raft.server.log.appender.install.snapshot.enabled = false (custom)
2022-09-12 01:23:28,466 [pool-151-thread-1] INFO  server.RaftServerConfigKeys (ConfUtils.java:logGet(46)) - raft.server.threadpool.server.cached = true (default)
2022-09-12 01:23:28,466 [pool-151-thread-1] INFO  server.RaftServerConfigKeys (ConfUtils.java:logGet(46)) - raft.server.threadpool.server.size = 0 (default)
2022-09-12 01:23:28,466 [pool-151-thread-1] INFO  server.RaftServerConfigKeys (ConfUtils.java:logGet(46)) - raft.server.threadpool.client.cached = true (default)
2022-09-12 01:23:28,466 [pool-151-thread-1] INFO  server.RaftServerConfigKeys (ConfUtils.java:logGet(46)) - raft.server.threadpool.client.size = 0 (default)
2022-09-12 01:23:28,466 [pool-151-thread-1] INFO  server.RaftServer$Division (RaftServerImpl.java:start(310)) - 5a99e102-8acb-41a7-8340-e4a0eed09641@group-7C8174FDAC4C: start as a follower, conf=-1: [03103273-3843-43f1-ae6a-2bbd7b09cada|rpc:127.0.0.1:44103|dataStream:|priority:1, 5a99e102-8acb-41a7-8340-e4a0eed09641|rpc:127.0.0.1:35331|dataStream:|priority:0, 59d5d0ad-089c-47a8-af70-50686448c5a7|rpc:127.0.0.1:46841|dataStream:|priority:0], old=null
2022-09-12 01:23:28,466 [pool-151-thread-1] INFO  server.RaftServer$Division (RaftServerImpl.java:setRole(299)) - 5a99e102-8acb-41a7-8340-e4a0eed09641@group-7C8174FDAC4C: changes role from      null to FOLLOWER at term 0 for startAsFollower
2022-09-12 01:23:28,466 [pool-151-thread-1] INFO  impl.RoleInfo (RoleInfo.java:updateAndGet(139)) - 5a99e102-8acb-41a7-8340-e4a0eed09641: start 5a99e102-8acb-41a7-8340-e4a0eed09641@group-7C8174FDAC4C-FollowerState
2022-09-12 01:23:28,468 [pool-151-thread-1] INFO  util.JmxRegister (JmxRegister.java:tryRegister(44)) - Successfully registered JMX Bean with object name Ratis:service=RaftServer,group=group-7C8174FDAC4C,id=5a99e102-8acb-41a7-8340-e4a0eed09641
2022-09-12 01:23:28,508 [grpc-default-executor-0] INFO  server.RaftServer (RaftServerProxy.java:addNew(96)) - 59d5d0ad-089c-47a8-af70-50686448c5a7: addNew group-7C8174FDAC4C:[03103273-3843-43f1-ae6a-2bbd7b09cada|rpc:127.0.0.1:44103|dataStream:|priority:1, 5a99e102-8acb-41a7-8340-e4a0eed09641|rpc:127.0.0.1:35331|dataStream:|priority:0, 59d5d0ad-089c-47a8-af70-50686448c5a7|rpc:127.0.0.1:46841|dataStream:|priority:0] returns group-7C8174FDAC4C:java.util.concurrent.CompletableFuture@55939b7a[Not completed]
2022-09-12 01:23:28,512 [pool-174-thread-1] INFO  server.RaftServer$Division (RaftServerImpl.java:<init>(190)) - 59d5d0ad-089c-47a8-af70-50686448c5a7: new RaftServerImpl for group-7C8174FDAC4C:[03103273-3843-43f1-ae6a-2bbd7b09cada|rpc:127.0.0.1:44103|dataStream:|priority:1, 5a99e102-8acb-41a7-8340-e4a0eed09641|rpc:127.0.0.1:35331|dataStream:|priority:0, 59d5d0ad-089c-47a8-af70-50686448c5a7|rpc:127.0.0.1:46841|dataStream:|priority:0] with ContainerStateMachine:uninitialized
2022-09-12 01:23:28,512 [pool-174-thread-1] INFO  server.RaftServerConfigKeys (ConfUtils.java:logGet(46)) - raft.server.rpc.timeout.min = 5s (custom)
2022-09-12 01:23:28,512 [pool-174-thread-1] INFO  server.RaftServerConfigKeys (ConfUtils.java:logGet(46)) - raft.server.rpc.timeout.max = 5200ms (custom)
2022-09-12 01:23:28,513 [pool-174-thread-1] INFO  server.RaftServerConfigKeys (ConfUtils.java:logGet(46)) - raft.server.rpc.sleep.time = 25ms (default)
2022-09-12 01:23:28,513 [pool-174-thread-1] INFO  server.RaftServerConfigKeys (ConfUtils.java:logGet(46)) - raft.server.rpc.slowness.timeout = 300s (custom)
2022-09-12 01:23:28,513 [pool-174-thread-1] INFO  server.RaftServerConfigKeys (ConfUtils.java:logGet(46)) - raft.server.leaderelection.leader.step-down.wait-time = 10s (default)
2022-09-12 01:23:28,513 [pool-174-thread-1] INFO  server.RaftServerConfigKeys (ConfUtils.java:logGet(46)) - raft.server.sleep.deviation.threshold = 300ms (default)
2022-09-12 01:23:28,513 [pool-174-thread-1] INFO  server.RaftServer$Division (ServerState.java:<init>(107)) - 59d5d0ad-089c-47a8-af70-50686448c5a7@group-7C8174FDAC4C: ConfigurationManager, init=-1: [03103273-3843-43f1-ae6a-2bbd7b09cada|rpc:127.0.0.1:44103|dataStream:|priority:1, 5a99e102-8acb-41a7-8340-e4a0eed09641|rpc:127.0.0.1:35331|dataStream:|priority:0, 59d5d0ad-089c-47a8-af70-50686448c5a7|rpc:127.0.0.1:46841|dataStream:|priority:0], old=null, confs=<EMPTY_MAP>
2022-09-12 01:23:28,513 [pool-174-thread-1] INFO  server.RaftServerConfigKeys (ConfUtils.java:logGet(46)) - raft.server.storage.dir = [/home/runner/work/ozone/ozone/hadoop-ozone/integration-test/target/test-dir/MiniOzoneClusterImpl-3d4a976f-5e4d-41d2-99e8-392de73f1c7a/datanode-2/data/ratis] (custom)
2022-09-12 01:23:28,513 [pool-174-thread-1] INFO  server.RaftServerConfigKeys (ConfUtils.java:logGet(46)) - raft.server.log.corruption.policy = EXCEPTION (default)
2022-09-12 01:23:28,513 [pool-174-thread-1] INFO  server.RaftServerConfigKeys (ConfUtils.java:logGet(46)) - raft.server.storage.free-space.min = 0MB (=0) (default)
2022-09-12 01:23:28,513 [pool-174-thread-1] INFO  storage.RaftStorageDirectory (RaftStorageDirectoryImpl.java:analyzeStorage(135)) - The storage directory /home/runner/work/ozone/ozone/hadoop-ozone/integration-test/target/test-dir/MiniOzoneClusterImpl-3d4a976f-5e4d-41d2-99e8-392de73f1c7a/datanode-2/data/ratis/066a907a-b323-4ddf-b488-7c8174fdac4c does not exist. Creating ...
2022-09-12 01:23:28,514 [pool-174-thread-1] INFO  storage.RaftStorageDirectory (RaftStorageDirectoryImpl.java:tryLock(230)) - Lock on /home/runner/work/ozone/ozone/hadoop-ozone/integration-test/target/test-dir/MiniOzoneClusterImpl-3d4a976f-5e4d-41d2-99e8-392de73f1c7a/datanode-2/data/ratis/066a907a-b323-4ddf-b488-7c8174fdac4c/in_use.lock acquired by nodename 51693@fv-az167-317
2022-09-12 01:23:28,515 [pool-174-thread-1] INFO  storage.RaftStorage (RaftStorageImpl.java:format(89)) - Storage directory /home/runner/work/ozone/ozone/hadoop-ozone/integration-test/target/test-dir/MiniOzoneClusterImpl-3d4a976f-5e4d-41d2-99e8-392de73f1c7a/datanode-2/data/ratis/066a907a-b323-4ddf-b488-7c8174fdac4c has been successfully formatted.
2022-09-12 01:23:28,523 [pool-174-thread-1] INFO  ratis.ContainerStateMachine (ContainerStateMachine.java:loadSnapshot(236)) - group-7C8174FDAC4C: The snapshot info is null. Setting the last applied indexto:(t:0, i:~)
2022-09-12 01:23:28,523 [pool-174-thread-1] INFO  server.RaftServerConfigKeys (ConfUtils.java:logGet(46)) - raft.server.notification.no-leader.timeout = 300s (custom)
2022-09-12 01:23:28,523 [pool-174-thread-1] INFO  server.RaftServerConfigKeys (ConfUtils.java:logGet(46)) - raft.server.log.use.memory = false (default)
2022-09-12 01:23:28,523 [pool-174-thread-1] INFO  server.RaftServerConfigKeys (ConfUtils.java:logGet(46)) - raft.server.log.purge.gap = 1000000 (custom)
2022-09-12 01:23:28,523 [pool-174-thread-1] INFO  server.RaftServerConfigKeys (ConfUtils.java:logGet(46)) - raft.server.log.appender.buffer.byte-limit = 33554432 (custom)
2022-09-12 01:23:28,524 [pool-174-thread-1] INFO  server.RaftServerConfigKeys (ConfUtils.java:logGet(46)) - raft.server.log.statemachine.data.read.timeout = 1000ms (default)
2022-09-12 01:23:28,524 [pool-174-thread-1] INFO  server.RaftServerConfigKeys (ConfUtils.java:logGet(46)) - raft.server.log.segment.size.max = 1048576 (custom)
2022-09-12 01:23:28,524 [pool-174-thread-1] INFO  server.RaftServerConfigKeys (ConfUtils.java:logGet(46)) - raft.server.log.segment.cache.num.max = 2 (custom)
2022-09-12 01:23:28,524 [pool-174-thread-1] INFO  server.RaftServerConfigKeys (ConfUtils.java:logGet(46)) - raft.server.log.segment.cache.size.max = 200MB (=209715200) (default)
2022-09-12 01:23:28,525 [pool-174-thread-1] INFO  segmented.SegmentedRaftLogWorker (SegmentedRaftLogWorker.java:<init>(187)) - new 59d5d0ad-089c-47a8-af70-50686448c5a7@group-7C8174FDAC4C-SegmentedRaftLogWorker for RaftStorageImpl:Storage Directory /home/runner/work/ozone/ozone/hadoop-ozone/integration-test/target/test-dir/MiniOzoneClusterImpl-3d4a976f-5e4d-41d2-99e8-392de73f1c7a/datanode-2/data/ratis/066a907a-b323-4ddf-b488-7c8174fdac4c
2022-09-12 01:23:28,525 [pool-174-thread-1] INFO  server.RaftServerConfigKeys (ConfUtils.java:logGet(46)) - raft.server.log.queue.byte-limit = 4294967296 (custom)
2022-09-12 01:23:28,525 [pool-174-thread-1] INFO  server.RaftServerConfigKeys (ConfUtils.java:logGet(46)) - raft.server.log.queue.element-limit = 1024 (custom)
2022-09-12 01:23:28,525 [pool-174-thread-1] INFO  server.RaftServerConfigKeys (ConfUtils.java:logGet(46)) - raft.server.log.segment.size.max = 1048576 (custom)
2022-09-12 01:23:28,525 [pool-174-thread-1] INFO  server.RaftServerConfigKeys (ConfUtils.java:logGet(46)) - raft.server.log.preallocated.size = 16384 (custom)
2022-09-12 01:23:28,525 [pool-174-thread-1] INFO  server.RaftServerConfigKeys (ConfUtils.java:logGet(46)) - raft.server.log.force.sync.num = 128 (default)
2022-09-12 01:23:28,525 [pool-174-thread-1] INFO  server.RaftServerConfigKeys (ConfUtils.java:logGet(46)) - raft.server.log.statemachine.data.sync = true (default)
2022-09-12 01:23:28,525 [pool-174-thread-1] INFO  server.RaftServerConfigKeys (ConfUtils.java:logGet(46)) - raft.server.log.statemachine.data.sync.timeout = 10s (default)
2022-09-12 01:23:28,525 [pool-174-thread-1] INFO  server.RaftServerConfigKeys (ConfUtils.java:logGet(46)) - raft.server.log.statemachine.data.sync.timeout.retry = -1 (default)
2022-09-12 01:23:28,527 [pool-174-thread-1] INFO  server.RaftServerConfigKeys (ConfUtils.java:logGet(46)) - raft.server.log.write.buffer.size = 1048576 (custom)
2022-09-12 01:23:28,527 [pool-174-thread-1] INFO  server.RaftServerConfigKeys (ConfUtils.java:logGet(46)) - raft.server.log.unsafe-flush.enabled = false (default)
2022-09-12 01:23:28,527 [pool-174-thread-1] INFO  server.RaftServerConfigKeys (ConfUtils.java:logGet(46)) - raft.server.log.statemachine.data.caching.enabled = true (custom)
2022-09-12 01:23:28,528 [pool-174-thread-1] INFO  segmented.SegmentedRaftLogWorker (SegmentedRaftLogWorker.java:lambda$new$0(135)) - 59d5d0ad-089c-47a8-af70-50686448c5a7@group-7C8174FDAC4C-SegmentedRaftLogWorker: flushIndex: setUnconditionally 0 -> -1
2022-09-12 01:23:28,528 [pool-174-thread-1] INFO  segmented.SegmentedRaftLogWorker (SegmentedRaftLogWorker.java:lambda$new$0(135)) - 59d5d0ad-089c-47a8-af70-50686448c5a7@group-7C8174FDAC4C-SegmentedRaftLogWorker: safeCacheEvictIndex: setUnconditionally 0 -> -1
2022-09-12 01:23:28,528 [pool-174-thread-1] INFO  server.RaftServerConfigKeys (ConfUtils.java:logGet(46)) - raft.server.snapshot.auto.trigger.enabled = true (custom)
2022-09-12 01:23:28,528 [pool-174-thread-1] INFO  server.RaftServerConfigKeys (ConfUtils.java:logGet(46)) - raft.server.snapshot.auto.trigger.threshold = 10000 (custom)
2022-09-12 01:23:28,528 [pool-174-thread-1] INFO  server.RaftServerConfigKeys (ConfUtils.java:logGet(46)) - raft.server.snapshot.retention.file.num = 5 (custom)
2022-09-12 01:23:28,528 [pool-174-thread-1] INFO  server.RaftServerConfigKeys (ConfUtils.java:logGet(46)) - raft.server.log.purge.upto.snapshot.index = false (default)
2022-09-12 01:23:28,528 [pool-174-thread-1] INFO  server.RaftServerConfigKeys (ConfUtils.java:logGet(46)) - raft.server.retrycache.expirytime = 600000ms (custom)
2022-09-12 01:23:28,528 [pool-174-thread-1] INFO  server.RaftServerConfigKeys (ConfUtils.java:logGet(46)) - raft.server.retrycache.statistics.expirytime = 100μs (default)
2022-09-12 01:23:28,529 [pool-174-thread-1] INFO  server.RaftServerConfigKeys (ConfUtils.java:logGet(46)) - raft.server.log.appender.install.snapshot.enabled = false (custom)
2022-09-12 01:23:28,529 [pool-174-thread-1] INFO  server.RaftServerConfigKeys (ConfUtils.java:logGet(46)) - raft.server.threadpool.server.cached = true (default)
2022-09-12 01:23:28,529 [pool-174-thread-1] INFO  server.RaftServerConfigKeys (ConfUtils.java:logGet(46)) - raft.server.threadpool.server.size = 0 (default)
2022-09-12 01:23:28,529 [pool-174-thread-1] INFO  server.RaftServerConfigKeys (ConfUtils.java:logGet(46)) - raft.server.threadpool.client.cached = true (default)
2022-09-12 01:23:28,529 [pool-174-thread-1] INFO  server.RaftServerConfigKeys (ConfUtils.java:logGet(46)) - raft.server.threadpool.client.size = 0 (default)
2022-09-12 01:23:28,529 [pool-174-thread-1] INFO  server.RaftServer$Division (RaftServerImpl.java:start(310)) - 59d5d0ad-089c-47a8-af70-50686448c5a7@group-7C8174FDAC4C: start as a follower, conf=-1: [03103273-3843-43f1-ae6a-2bbd7b09cada|rpc:127.0.0.1:44103|dataStream:|priority:1, 5a99e102-8acb-41a7-8340-e4a0eed09641|rpc:127.0.0.1:35331|dataStream:|priority:0, 59d5d0ad-089c-47a8-af70-50686448c5a7|rpc:127.0.0.1:46841|dataStream:|priority:0], old=null
2022-09-12 01:23:28,530 [pool-174-thread-1] INFO  server.RaftServer$Division (RaftServerImpl.java:setRole(299)) - 59d5d0ad-089c-47a8-af70-50686448c5a7@group-7C8174FDAC4C: changes role from      null to FOLLOWER at term 0 for startAsFollower
2022-09-12 01:23:28,530 [pool-174-thread-1] INFO  impl.RoleInfo (RoleInfo.java:updateAndGet(139)) - 59d5d0ad-089c-47a8-af70-50686448c5a7: start 59d5d0ad-089c-47a8-af70-50686448c5a7@group-7C8174FDAC4C-FollowerState
2022-09-12 01:23:28,532 [pool-174-thread-1] INFO  util.JmxRegister (JmxRegister.java:tryRegister(44)) - Successfully registered JMX Bean with object name Ratis:service=RaftServer,group=group-7C8174FDAC4C,id=59d5d0ad-089c-47a8-af70-50686448c5a7
2022-09-12 01:23:28,539 [Command processor thread] INFO  commandhandler.CreatePipelineCommandHandler (CreatePipelineCommandHandler.java:handle(113)) - Created Pipeline RATIS THREE PipelineID=066a907a-b323-4ddf-b488-7c8174fdac4c.
2022-09-12 01:23:28,539 [Command processor thread] INFO  server.RaftServer (RaftServerProxy.java:addNew(96)) - 03103273-3843-43f1-ae6a-2bbd7b09cada: addNew group-4471245E049C:[03103273-3843-43f1-ae6a-2bbd7b09cada|rpc:127.0.0.1:44103|priority:0, 5a99e102-8acb-41a7-8340-e4a0eed09641|rpc:127.0.0.1:35331|priority:1, 59d5d0ad-089c-47a8-af70-50686448c5a7|rpc:127.0.0.1:46841|priority:0] returns group-4471245E049C:java.util.concurrent.CompletableFuture@340ca05d[Not completed]
2022-09-12 01:23:28,540 [pool-128-thread-1] INFO  server.RaftServer$Division (RaftServerImpl.java:<init>(190)) - 03103273-3843-43f1-ae6a-2bbd7b09cada: new RaftServerImpl for group-4471245E049C:[03103273-3843-43f1-ae6a-2bbd7b09cada|rpc:127.0.0.1:44103|priority:0, 5a99e102-8acb-41a7-8340-e4a0eed09641|rpc:127.0.0.1:35331|priority:1, 59d5d0ad-089c-47a8-af70-50686448c5a7|rpc:127.0.0.1:46841|priority:0] with ContainerStateMachine:uninitialized
2022-09-12 01:23:28,540 [pool-128-thread-1] INFO  server.RaftServerConfigKeys (ConfUtils.java:logGet(46)) - raft.server.rpc.timeout.min = 5s (custom)
2022-09-12 01:23:28,540 [pool-128-thread-1] INFO  server.RaftServerConfigKeys (ConfUtils.java:logGet(46)) - raft.server.rpc.timeout.max = 5200ms (custom)
2022-09-12 01:23:28,540 [pool-128-thread-1] INFO  server.RaftServerConfigKeys (ConfUtils.java:logGet(46)) - raft.server.rpc.sleep.time = 25ms (default)
2022-09-12 01:23:28,540 [pool-128-thread-1] INFO  server.RaftServerConfigKeys (ConfUtils.java:logGet(46)) - raft.server.rpc.slowness.timeout = 300s (custom)
2022-09-12 01:23:28,541 [pool-128-thread-1] INFO  server.RaftServerConfigKeys (ConfUtils.java:logGet(46)) - raft.server.leaderelection.leader.step-down.wait-time = 10s (default)
2022-09-12 01:23:28,541 [pool-128-thread-1] INFO  server.RaftServerConfigKeys (ConfUtils.java:logGet(46)) - raft.server.sleep.deviation.threshold = 300ms (default)
2022-09-12 01:23:28,541 [pool-128-thread-1] INFO  server.RaftServer$Division (ServerState.java:<init>(107)) - 03103273-3843-43f1-ae6a-2bbd7b09cada@group-4471245E049C: ConfigurationManager, init=-1: [03103273-3843-43f1-ae6a-2bbd7b09cada|rpc:127.0.0.1:44103|priority:0, 5a99e102-8acb-41a7-8340-e4a0eed09641|rpc:127.0.0.1:35331|priority:1, 59d5d0ad-089c-47a8-af70-50686448c5a7|rpc:127.0.0.1:46841|priority:0], old=null, confs=<EMPTY_MAP>
2022-09-12 01:23:28,541 [pool-128-thread-1] INFO  server.RaftServerConfigKeys (ConfUtils.java:logGet(46)) - raft.server.storage.dir = [/home/runner/work/ozone/ozone/hadoop-ozone/integration-test/target/test-dir/MiniOzoneClusterImpl-3d4a976f-5e4d-41d2-99e8-392de73f1c7a/datanode-0/data/ratis] (custom)
2022-09-12 01:23:28,541 [pool-128-thread-1] INFO  server.RaftServerConfigKeys (ConfUtils.java:logGet(46)) - raft.server.log.corruption.policy = EXCEPTION (default)
2022-09-12 01:23:28,541 [pool-128-thread-1] INFO  server.RaftServerConfigKeys (ConfUtils.java:logGet(46)) - raft.server.storage.free-space.min = 0MB (=0) (default)
2022-09-12 01:23:28,541 [pool-128-thread-1] INFO  storage.RaftStorageDirectory (RaftStorageDirectoryImpl.java:analyzeStorage(135)) - The storage directory /home/runner/work/ozone/ozone/hadoop-ozone/integration-test/target/test-dir/MiniOzoneClusterImpl-3d4a976f-5e4d-41d2-99e8-392de73f1c7a/datanode-0/data/ratis/5075f0a3-a7b7-46c6-a38e-4471245e049c does not exist. Creating ...
2022-09-12 01:23:28,541 [pool-128-thread-1] INFO  storage.RaftStorageDirectory (RaftStorageDirectoryImpl.java:tryLock(230)) - Lock on /home/runner/work/ozone/ozone/hadoop-ozone/integration-test/target/test-dir/MiniOzoneClusterImpl-3d4a976f-5e4d-41d2-99e8-392de73f1c7a/datanode-0/data/ratis/5075f0a3-a7b7-46c6-a38e-4471245e049c/in_use.lock acquired by nodename 51693@fv-az167-317
2022-09-12 01:23:28,542 [pool-128-thread-1] INFO  storage.RaftStorage (RaftStorageImpl.java:format(89)) - Storage directory /home/runner/work/ozone/ozone/hadoop-ozone/integration-test/target/test-dir/MiniOzoneClusterImpl-3d4a976f-5e4d-41d2-99e8-392de73f1c7a/datanode-0/data/ratis/5075f0a3-a7b7-46c6-a38e-4471245e049c has been successfully formatted.
2022-09-12 01:23:28,544 [pool-128-thread-1] INFO  ratis.ContainerStateMachine (ContainerStateMachine.java:loadSnapshot(236)) - group-4471245E049C: The snapshot info is null. Setting the last applied indexto:(t:0, i:~)
2022-09-12 01:23:28,544 [pool-128-thread-1] INFO  server.RaftServerConfigKeys (ConfUtils.java:logGet(46)) - raft.server.notification.no-leader.timeout = 300s (custom)
2022-09-12 01:23:28,544 [pool-128-thread-1] INFO  server.RaftServerConfigKeys (ConfUtils.java:logGet(46)) - raft.server.log.use.memory = false (default)
2022-09-12 01:23:28,544 [pool-128-thread-1] INFO  server.RaftServerConfigKeys (ConfUtils.java:logGet(46)) - raft.server.log.purge.gap = 1000000 (custom)
2022-09-12 01:23:28,544 [pool-128-thread-1] INFO  server.RaftServerConfigKeys (ConfUtils.java:logGet(46)) - raft.server.log.appender.buffer.byte-limit = 33554432 (custom)
2022-09-12 01:23:28,544 [EventQueue-OpenPipelineForHealthyPipelineSafeModeRule] INFO  safemode.SCMSafeModeManager (HealthyPipelineSafeModeRule.java:process(137)) - SCM in safe mode. Healthy pipelines reported count is 0, required healthy pipeline reported count is 1
2022-09-12 01:23:28,544 [pool-128-thread-1] INFO  server.RaftServerConfigKeys (ConfUtils.java:logGet(46)) - raft.server.log.statemachine.data.read.timeout = 1000ms (default)
2022-09-12 01:23:28,544 [pool-128-thread-1] INFO  server.RaftServerConfigKeys (ConfUtils.java:logGet(46)) - raft.server.log.segment.size.max = 1048576 (custom)
2022-09-12 01:23:28,545 [pool-128-thread-1] INFO  server.RaftServerConfigKeys (ConfUtils.java:logGet(46)) - raft.server.log.segment.cache.num.max = 2 (custom)
2022-09-12 01:23:28,545 [pool-128-thread-1] INFO  server.RaftServerConfigKeys (ConfUtils.java:logGet(46)) - raft.server.log.segment.cache.size.max = 200MB (=209715200) (default)
2022-09-12 01:23:28,545 [pool-128-thread-1] INFO  segmented.SegmentedRaftLogWorker (SegmentedRaftLogWorker.java:<init>(187)) - new 03103273-3843-43f1-ae6a-2bbd7b09cada@group-4471245E049C-SegmentedRaftLogWorker for RaftStorageImpl:Storage Directory /home/runner/work/ozone/ozone/hadoop-ozone/integration-test/target/test-dir/MiniOzoneClusterImpl-3d4a976f-5e4d-41d2-99e8-392de73f1c7a/datanode-0/data/ratis/5075f0a3-a7b7-46c6-a38e-4471245e049c
2022-09-12 01:23:28,545 [pool-128-thread-1] INFO  server.RaftServerConfigKeys (ConfUtils.java:logGet(46)) - raft.server.log.queue.byte-limit = 4294967296 (custom)
2022-09-12 01:23:28,545 [pool-128-thread-1] INFO  server.RaftServerConfigKeys (ConfUtils.java:logGet(46)) - raft.server.log.queue.element-limit = 1024 (custom)
2022-09-12 01:23:28,545 [pool-128-thread-1] INFO  server.RaftServerConfigKeys (ConfUtils.java:logGet(46)) - raft.server.log.segment.size.max = 1048576 (custom)
2022-09-12 01:23:28,545 [pool-128-thread-1] INFO  server.RaftServerConfigKeys (ConfUtils.java:logGet(46)) - raft.server.log.preallocated.size = 16384 (custom)
2022-09-12 01:23:28,545 [pool-128-thread-1] INFO  server.RaftServerConfigKeys (ConfUtils.java:logGet(46)) - raft.server.log.force.sync.num = 128 (default)
2022-09-12 01:23:28,545 [pool-128-thread-1] INFO  server.RaftServerConfigKeys (ConfUtils.java:logGet(46)) - raft.server.log.statemachine.data.sync = true (default)
2022-09-12 01:23:28,545 [pool-128-thread-1] INFO  server.RaftServerConfigKeys (ConfUtils.java:logGet(46)) - raft.server.log.statemachine.data.sync.timeout = 10s (default)
2022-09-12 01:23:28,545 [pool-128-thread-1] INFO  server.RaftServerConfigKeys (ConfUtils.java:logGet(46)) - raft.server.log.statemachine.data.sync.timeout.retry = -1 (default)
2022-09-12 01:23:28,546 [pool-128-thread-1] INFO  server.RaftServerConfigKeys (ConfUtils.java:logGet(46)) - raft.server.log.write.buffer.size = 1048576 (custom)
2022-09-12 01:23:28,546 [pool-128-thread-1] INFO  server.RaftServerConfigKeys (ConfUtils.java:logGet(46)) - raft.server.log.unsafe-flush.enabled = false (default)
2022-09-12 01:23:28,546 [pool-128-thread-1] INFO  server.RaftServerConfigKeys (ConfUtils.java:logGet(46)) - raft.server.log.statemachine.data.caching.enabled = true (custom)
2022-09-12 01:23:28,547 [pool-128-thread-1] INFO  segmented.SegmentedRaftLogWorker (SegmentedRaftLogWorker.java:lambda$new$0(135)) - 03103273-3843-43f1-ae6a-2bbd7b09cada@group-4471245E049C-SegmentedRaftLogWorker: flushIndex: setUnconditionally 0 -> -1
2022-09-12 01:23:28,547 [pool-128-thread-1] INFO  segmented.SegmentedRaftLogWorker (SegmentedRaftLogWorker.java:lambda$new$0(135)) - 03103273-3843-43f1-ae6a-2bbd7b09cada@group-4471245E049C-SegmentedRaftLogWorker: safeCacheEvictIndex: setUnconditionally 0 -> -1
2022-09-12 01:23:28,547 [pool-128-thread-1] INFO  server.RaftServerConfigKeys (ConfUtils.java:logGet(46)) - raft.server.snapshot.auto.trigger.enabled = true (custom)
2022-09-12 01:23:28,547 [pool-128-thread-1] INFO  server.RaftServerConfigKeys (ConfUtils.java:logGet(46)) - raft.server.snapshot.auto.trigger.threshold = 10000 (custom)
2022-09-12 01:23:28,547 [pool-128-thread-1] INFO  server.RaftServerConfigKeys (ConfUtils.java:logGet(46)) - raft.server.snapshot.retention.file.num = 5 (custom)
2022-09-12 01:23:28,547 [pool-128-thread-1] INFO  server.RaftServerConfigKeys (ConfUtils.java:logGet(46)) - raft.server.log.purge.upto.snapshot.index = false (default)
2022-09-12 01:23:28,548 [pool-128-thread-1] INFO  server.RaftServerConfigKeys (ConfUtils.java:logGet(46)) - raft.server.retrycache.expirytime = 600000ms (custom)
2022-09-12 01:23:28,549 [pool-128-thread-1] INFO  server.RaftServerConfigKeys (ConfUtils.java:logGet(46)) - raft.server.retrycache.statistics.expirytime = 100μs (default)
2022-09-12 01:23:28,550 [pool-128-thread-1] INFO  server.RaftServerConfigKeys (ConfUtils.java:logGet(46)) - raft.server.log.appender.install.snapshot.enabled = false (custom)
2022-09-12 01:23:28,550 [pool-128-thread-1] INFO  server.RaftServerConfigKeys (ConfUtils.java:logGet(46)) - raft.server.threadpool.server.cached = true (default)
2022-09-12 01:23:28,550 [pool-128-thread-1] INFO  server.RaftServerConfigKeys (ConfUtils.java:logGet(46)) - raft.server.threadpool.server.size = 0 (default)
2022-09-12 01:23:28,550 [pool-128-thread-1] INFO  server.RaftServerConfigKeys (ConfUtils.java:logGet(46)) - raft.server.threadpool.client.cached = true (default)
2022-09-12 01:23:28,550 [pool-128-thread-1] INFO  server.RaftServerConfigKeys (ConfUtils.java:logGet(46)) - raft.server.threadpool.client.size = 0 (default)
2022-09-12 01:23:28,550 [pool-128-thread-1] INFO  server.RaftServer$Division (RaftServerImpl.java:start(310)) - 03103273-3843-43f1-ae6a-2bbd7b09cada@group-4471245E049C: start as a follower, conf=-1: [03103273-3843-43f1-ae6a-2bbd7b09cada|rpc:127.0.0.1:44103|priority:0, 5a99e102-8acb-41a7-8340-e4a0eed09641|rpc:127.0.0.1:35331|priority:1, 59d5d0ad-089c-47a8-af70-50686448c5a7|rpc:127.0.0.1:46841|priority:0], old=null
2022-09-12 01:23:28,550 [pool-128-thread-1] INFO  server.RaftServer$Division (RaftServerImpl.java:setRole(299)) - 03103273-3843-43f1-ae6a-2bbd7b09cada@group-4471245E049C: changes role from      null to FOLLOWER at term 0 for startAsFollower
2022-09-12 01:23:28,550 [pool-128-thread-1] INFO  impl.RoleInfo (RoleInfo.java:updateAndGet(139)) - 03103273-3843-43f1-ae6a-2bbd7b09cada: start 03103273-3843-43f1-ae6a-2bbd7b09cada@group-4471245E049C-FollowerState
2022-09-12 01:23:28,550 [pool-128-thread-1] INFO  util.JmxRegister (JmxRegister.java:tryRegister(44)) - Successfully registered JMX Bean with object name Ratis:service=RaftServer,group=group-4471245E049C,id=03103273-3843-43f1-ae6a-2bbd7b09cada
2022-09-12 01:23:28,551 [Command processor thread] INFO  ratis.XceiverServerRatis (XceiverServerRatis.java:addGroup(765)) - Created group PipelineID=5075f0a3-a7b7-46c6-a38e-4471245e049c
2022-09-12 01:23:28,560 [grpc-default-executor-0] INFO  server.RaftServer (RaftServerProxy.java:addNew(96)) - 5a99e102-8acb-41a7-8340-e4a0eed09641: addNew group-4471245E049C:[03103273-3843-43f1-ae6a-2bbd7b09cada|rpc:127.0.0.1:44103|dataStream:|priority:0, 5a99e102-8acb-41a7-8340-e4a0eed09641|rpc:127.0.0.1:35331|dataStream:|priority:1, 59d5d0ad-089c-47a8-af70-50686448c5a7|rpc:127.0.0.1:46841|dataStream:|priority:0] returns group-4471245E049C:java.util.concurrent.CompletableFuture@1e664fbe[Not completed]
2022-09-12 01:23:28,561 [pool-151-thread-1] INFO  server.RaftServer$Division (RaftServerImpl.java:<init>(190)) - 5a99e102-8acb-41a7-8340-e4a0eed09641: new RaftServerImpl for group-4471245E049C:[03103273-3843-43f1-ae6a-2bbd7b09cada|rpc:127.0.0.1:44103|dataStream:|priority:0, 5a99e102-8acb-41a7-8340-e4a0eed09641|rpc:127.0.0.1:35331|dataStream:|priority:1, 59d5d0ad-089c-47a8-af70-50686448c5a7|rpc:127.0.0.1:46841|dataStream:|priority:0] with ContainerStateMachine:uninitialized
2022-09-12 01:23:28,562 [pool-151-thread-1] INFO  server.RaftServerConfigKeys (ConfUtils.java:logGet(46)) - raft.server.rpc.timeout.min = 5s (custom)
2022-09-12 01:23:28,562 [pool-151-thread-1] INFO  server.RaftServerConfigKeys (ConfUtils.java:logGet(46)) - raft.server.rpc.timeout.max = 5200ms (custom)
2022-09-12 01:23:28,562 [pool-151-thread-1] INFO  server.RaftServerConfigKeys (ConfUtils.java:logGet(46)) - raft.server.rpc.sleep.time = 25ms (default)
2022-09-12 01:23:28,562 [pool-151-thread-1] INFO  server.RaftServerConfigKeys (ConfUtils.java:logGet(46)) - raft.server.rpc.slowness.timeout = 300s (custom)
2022-09-12 01:23:28,562 [pool-151-thread-1] INFO  server.RaftServerConfigKeys (ConfUtils.java:logGet(46)) - raft.server.leaderelection.leader.step-down.wait-time = 10s (default)
2022-09-12 01:23:28,562 [pool-151-thread-1] INFO  server.RaftServerConfigKeys (ConfUtils.java:logGet(46)) - raft.server.sleep.deviation.threshold = 300ms (default)
2022-09-12 01:23:28,562 [pool-151-thread-1] INFO  server.RaftServer$Division (ServerState.java:<init>(107)) - 5a99e102-8acb-41a7-8340-e4a0eed09641@group-4471245E049C: ConfigurationManager, init=-1: [03103273-3843-43f1-ae6a-2bbd7b09cada|rpc:127.0.0.1:44103|dataStream:|priority:0, 5a99e102-8acb-41a7-8340-e4a0eed09641|rpc:127.0.0.1:35331|dataStream:|priority:1, 59d5d0ad-089c-47a8-af70-50686448c5a7|rpc:127.0.0.1:46841|dataStream:|priority:0], old=null, confs=<EMPTY_MAP>
2022-09-12 01:23:28,562 [pool-151-thread-1] INFO  server.RaftServerConfigKeys (ConfUtils.java:logGet(46)) - raft.server.storage.dir = [/home/runner/work/ozone/ozone/hadoop-ozone/integration-test/target/test-dir/MiniOzoneClusterImpl-3d4a976f-5e4d-41d2-99e8-392de73f1c7a/datanode-1/data/ratis] (custom)
2022-09-12 01:23:28,562 [pool-151-thread-1] INFO  server.RaftServerConfigKeys (ConfUtils.java:logGet(46)) - raft.server.log.corruption.policy = EXCEPTION (default)
2022-09-12 01:23:28,562 [pool-151-thread-1] INFO  server.RaftServerConfigKeys (ConfUtils.java:logGet(46)) - raft.server.storage.free-space.min = 0MB (=0) (default)
2022-09-12 01:23:28,562 [pool-151-thread-1] INFO  storage.RaftStorageDirectory (RaftStorageDirectoryImpl.java:analyzeStorage(135)) - The storage directory /home/runner/work/ozone/ozone/hadoop-ozone/integration-test/target/test-dir/MiniOzoneClusterImpl-3d4a976f-5e4d-41d2-99e8-392de73f1c7a/datanode-1/data/ratis/5075f0a3-a7b7-46c6-a38e-4471245e049c does not exist. Creating ...
2022-09-12 01:23:28,563 [pool-151-thread-1] INFO  storage.RaftStorageDirectory (RaftStorageDirectoryImpl.java:tryLock(230)) - Lock on /home/runner/work/ozone/ozone/hadoop-ozone/integration-test/target/test-dir/MiniOzoneClusterImpl-3d4a976f-5e4d-41d2-99e8-392de73f1c7a/datanode-1/data/ratis/5075f0a3-a7b7-46c6-a38e-4471245e049c/in_use.lock acquired by nodename 51693@fv-az167-317
2022-09-12 01:23:28,564 [pool-151-thread-1] INFO  storage.RaftStorage (RaftStorageImpl.java:format(89)) - Storage directory /home/runner/work/ozone/ozone/hadoop-ozone/integration-test/target/test-dir/MiniOzoneClusterImpl-3d4a976f-5e4d-41d2-99e8-392de73f1c7a/datanode-1/data/ratis/5075f0a3-a7b7-46c6-a38e-4471245e049c has been successfully formatted.
2022-09-12 01:23:28,565 [pool-151-thread-1] INFO  ratis.ContainerStateMachine (ContainerStateMachine.java:loadSnapshot(236)) - group-4471245E049C: The snapshot info is null. Setting the last applied indexto:(t:0, i:~)
2022-09-12 01:23:28,565 [pool-151-thread-1] INFO  server.RaftServerConfigKeys (ConfUtils.java:logGet(46)) - raft.server.notification.no-leader.timeout = 300s (custom)
2022-09-12 01:23:28,565 [pool-151-thread-1] INFO  server.RaftServerConfigKeys (ConfUtils.java:logGet(46)) - raft.server.log.use.memory = false (default)
2022-09-12 01:23:28,565 [pool-151-thread-1] INFO  server.RaftServerConfigKeys (ConfUtils.java:logGet(46)) - raft.server.log.purge.gap = 1000000 (custom)
2022-09-12 01:23:28,565 [pool-151-thread-1] INFO  server.RaftServerConfigKeys (ConfUtils.java:logGet(46)) - raft.server.log.appender.buffer.byte-limit = 33554432 (custom)
2022-09-12 01:23:28,565 [pool-151-thread-1] INFO  server.RaftServerConfigKeys (ConfUtils.java:logGet(46)) - raft.server.log.statemachine.data.read.timeout = 1000ms (default)
2022-09-12 01:23:28,565 [pool-151-thread-1] INFO  server.RaftServerConfigKeys (ConfUtils.java:logGet(46)) - raft.server.log.segment.size.max = 1048576 (custom)
2022-09-12 01:23:28,565 [pool-151-thread-1] INFO  server.RaftServerConfigKeys (ConfUtils.java:logGet(46)) - raft.server.log.segment.cache.num.max = 2 (custom)
2022-09-12 01:23:28,565 [pool-151-thread-1] INFO  server.RaftServerConfigKeys (ConfUtils.java:logGet(46)) - raft.server.log.segment.cache.size.max = 200MB (=209715200) (default)
2022-09-12 01:23:28,565 [pool-151-thread-1] INFO  segmented.SegmentedRaftLogWorker (SegmentedRaftLogWorker.java:<init>(187)) - new 5a99e102-8acb-41a7-8340-e4a0eed09641@group-4471245E049C-SegmentedRaftLogWorker for RaftStorageImpl:Storage Directory /home/runner/work/ozone/ozone/hadoop-ozone/integration-test/target/test-dir/MiniOzoneClusterImpl-3d4a976f-5e4d-41d2-99e8-392de73f1c7a/datanode-1/data/ratis/5075f0a3-a7b7-46c6-a38e-4471245e049c
2022-09-12 01:23:28,566 [pool-151-thread-1] INFO  server.RaftServerConfigKeys (ConfUtils.java:logGet(46)) - raft.server.log.queue.byte-limit = 4294967296 (custom)
2022-09-12 01:23:28,566 [pool-151-thread-1] INFO  server.RaftServerConfigKeys (ConfUtils.java:logGet(46)) - raft.server.log.queue.element-limit = 1024 (custom)
2022-09-12 01:23:28,566 [pool-151-thread-1] INFO  server.RaftServerConfigKeys (ConfUtils.java:logGet(46)) - raft.server.log.segment.size.max = 1048576 (custom)
2022-09-12 01:23:28,566 [pool-151-thread-1] INFO  server.RaftServerConfigKeys (ConfUtils.java:logGet(46)) - raft.server.log.preallocated.size = 16384 (custom)
2022-09-12 01:23:28,566 [pool-151-thread-1] INFO  server.RaftServerConfigKeys (ConfUtils.java:logGet(46)) - raft.server.log.force.sync.num = 128 (default)
2022-09-12 01:23:28,566 [pool-151-thread-1] INFO  server.RaftServerConfigKeys (ConfUtils.java:logGet(46)) - raft.server.log.statemachine.data.sync = true (default)
2022-09-12 01:23:28,566 [pool-151-thread-1] INFO  server.RaftServerConfigKeys (ConfUtils.java:logGet(46)) - raft.server.log.statemachine.data.sync.timeout = 10s (default)
2022-09-12 01:23:28,566 [pool-151-thread-1] INFO  server.RaftServerConfigKeys (ConfUtils.java:logGet(46)) - raft.server.log.statemachine.data.sync.timeout.retry = -1 (default)
2022-09-12 01:23:28,566 [pool-151-thread-1] INFO  server.RaftServerConfigKeys (ConfUtils.java:logGet(46)) - raft.server.log.write.buffer.size = 1048576 (custom)
2022-09-12 01:23:28,567 [pool-151-thread-1] INFO  server.RaftServerConfigKeys (ConfUtils.java:logGet(46)) - raft.server.log.unsafe-flush.enabled = false (default)
2022-09-12 01:23:28,567 [pool-151-thread-1] INFO  server.RaftServerConfigKeys (ConfUtils.java:logGet(46)) - raft.server.log.statemachine.data.caching.enabled = true (custom)
2022-09-12 01:23:28,567 [pool-151-thread-1] INFO  segmented.SegmentedRaftLogWorker (SegmentedRaftLogWorker.java:lambda$new$0(135)) - 5a99e102-8acb-41a7-8340-e4a0eed09641@group-4471245E049C-SegmentedRaftLogWorker: flushIndex: setUnconditionally 0 -> -1
2022-09-12 01:23:28,567 [pool-151-thread-1] INFO  segmented.SegmentedRaftLogWorker (SegmentedRaftLogWorker.java:lambda$new$0(135)) - 5a99e102-8acb-41a7-8340-e4a0eed09641@group-4471245E049C-SegmentedRaftLogWorker: safeCacheEvictIndex: setUnconditionally 0 -> -1
2022-09-12 01:23:28,567 [pool-151-thread-1] INFO  server.RaftServerConfigKeys (ConfUtils.java:logGet(46)) - raft.server.snapshot.auto.trigger.enabled = true (custom)
2022-09-12 01:23:28,567 [pool-151-thread-1] INFO  server.RaftServerConfigKeys (ConfUtils.java:logGet(46)) - raft.server.snapshot.auto.trigger.threshold = 10000 (custom)
2022-09-12 01:23:28,567 [pool-151-thread-1] INFO  server.RaftServerConfigKeys (ConfUtils.java:logGet(46)) - raft.server.snapshot.retention.file.num = 5 (custom)
2022-09-12 01:23:28,567 [pool-151-thread-1] INFO  server.RaftServerConfigKeys (ConfUtils.java:logGet(46)) - raft.server.log.purge.upto.snapshot.index = false (default)
2022-09-12 01:23:28,568 [pool-151-thread-1] INFO  server.RaftServerConfigKeys (ConfUtils.java:logGet(46)) - raft.server.retrycache.expirytime = 600000ms (custom)
2022-09-12 01:23:28,568 [pool-151-thread-1] INFO  server.RaftServerConfigKeys (ConfUtils.java:logGet(46)) - raft.server.retrycache.statistics.expirytime = 100μs (default)
2022-09-12 01:23:28,568 [pool-151-thread-1] INFO  server.RaftServerConfigKeys (ConfUtils.java:logGet(46)) - raft.server.log.appender.install.snapshot.enabled = false (custom)
2022-09-12 01:23:28,568 [pool-151-thread-1] INFO  server.RaftServerConfigKeys (ConfUtils.java:logGet(46)) - raft.server.threadpool.server.cached = true (default)
2022-09-12 01:23:28,568 [pool-151-thread-1] INFO  server.RaftServerConfigKeys (ConfUtils.java:logGet(46)) - raft.server.threadpool.server.size = 0 (default)
2022-09-12 01:23:28,568 [pool-151-thread-1] INFO  server.RaftServerConfigKeys (ConfUtils.java:logGet(46)) - raft.server.threadpool.client.cached = true (default)
2022-09-12 01:23:28,569 [pool-151-thread-1] INFO  server.RaftServerConfigKeys (ConfUtils.java:logGet(46)) - raft.server.threadpool.client.size = 0 (default)
2022-09-12 01:23:28,569 [pool-151-thread-1] INFO  server.RaftServer$Division (RaftServerImpl.java:start(310)) - 5a99e102-8acb-41a7-8340-e4a0eed09641@group-4471245E049C: start as a follower, conf=-1: [03103273-3843-43f1-ae6a-2bbd7b09cada|rpc:127.0.0.1:44103|dataStream:|priority:0, 5a99e102-8acb-41a7-8340-e4a0eed09641|rpc:127.0.0.1:35331|dataStream:|priority:1, 59d5d0ad-089c-47a8-af70-50686448c5a7|rpc:127.0.0.1:46841|dataStream:|priority:0], old=null
2022-09-12 01:23:28,569 [pool-151-thread-1] INFO  server.RaftServer$Division (RaftServerImpl.java:setRole(299)) - 5a99e102-8acb-41a7-8340-e4a0eed09641@group-4471245E049C: changes role from      null to FOLLOWER at term 0 for startAsFollower
2022-09-12 01:23:28,569 [pool-151-thread-1] INFO  impl.RoleInfo (RoleInfo.java:updateAndGet(139)) - 5a99e102-8acb-41a7-8340-e4a0eed09641: start 5a99e102-8acb-41a7-8340-e4a0eed09641@group-4471245E049C-FollowerState
2022-09-12 01:23:28,573 [pool-151-thread-1] INFO  util.JmxRegister (JmxRegister.java:tryRegister(44)) - Successfully registered JMX Bean with object name Ratis:service=RaftServer,group=group-4471245E049C,id=5a99e102-8acb-41a7-8340-e4a0eed09641
2022-09-12 01:23:28,586 [grpc-default-executor-0] INFO  server.RaftServer (RaftServerProxy.java:addNew(96)) - 59d5d0ad-089c-47a8-af70-50686448c5a7: addNew group-4471245E049C:[03103273-3843-43f1-ae6a-2bbd7b09cada|rpc:127.0.0.1:44103|dataStream:|priority:0, 5a99e102-8acb-41a7-8340-e4a0eed09641|rpc:127.0.0.1:35331|dataStream:|priority:1, 59d5d0ad-089c-47a8-af70-50686448c5a7|rpc:127.0.0.1:46841|dataStream:|priority:0] returns group-4471245E049C:java.util.concurrent.CompletableFuture@57e75f43[Not completed]
2022-09-12 01:23:28,587 [pool-174-thread-1] INFO  server.RaftServer$Division (RaftServerImpl.java:<init>(190)) - 59d5d0ad-089c-47a8-af70-50686448c5a7: new RaftServerImpl for group-4471245E049C:[03103273-3843-43f1-ae6a-2bbd7b09cada|rpc:127.0.0.1:44103|dataStream:|priority:0, 5a99e102-8acb-41a7-8340-e4a0eed09641|rpc:127.0.0.1:35331|dataStream:|priority:1, 59d5d0ad-089c-47a8-af70-50686448c5a7|rpc:127.0.0.1:46841|dataStream:|priority:0] with ContainerStateMachine:uninitialized
2022-09-12 01:23:28,587 [pool-174-thread-1] INFO  server.RaftServerConfigKeys (ConfUtils.java:logGet(46)) - raft.server.rpc.timeout.min = 5s (custom)
2022-09-12 01:23:28,588 [pool-174-thread-1] INFO  server.RaftServerConfigKeys (ConfUtils.java:logGet(46)) - raft.server.rpc.timeout.max = 5200ms (custom)
2022-09-12 01:23:28,588 [pool-174-thread-1] INFO  server.RaftServerConfigKeys (ConfUtils.java:logGet(46)) - raft.server.rpc.sleep.time = 25ms (default)
2022-09-12 01:23:28,588 [pool-174-thread-1] INFO  server.RaftServerConfigKeys (ConfUtils.java:logGet(46)) - raft.server.rpc.slowness.timeout = 300s (custom)
2022-09-12 01:23:28,588 [pool-174-thread-1] INFO  server.RaftServerConfigKeys (ConfUtils.java:logGet(46)) - raft.server.leaderelection.leader.step-down.wait-time = 10s (default)
2022-09-12 01:23:28,588 [pool-174-thread-1] INFO  server.RaftServerConfigKeys (ConfUtils.java:logGet(46)) - raft.server.sleep.deviation.threshold = 300ms (default)
2022-09-12 01:23:28,588 [pool-174-thread-1] INFO  server.RaftServer$Division (ServerState.java:<init>(107)) - 59d5d0ad-089c-47a8-af70-50686448c5a7@group-4471245E049C: ConfigurationManager, init=-1: [03103273-3843-43f1-ae6a-2bbd7b09cada|rpc:127.0.0.1:44103|dataStream:|priority:0, 5a99e102-8acb-41a7-8340-e4a0eed09641|rpc:127.0.0.1:35331|dataStream:|priority:1, 59d5d0ad-089c-47a8-af70-50686448c5a7|rpc:127.0.0.1:46841|dataStream:|priority:0], old=null, confs=<EMPTY_MAP>
2022-09-12 01:23:28,588 [pool-174-thread-1] INFO  server.RaftServerConfigKeys (ConfUtils.java:logGet(46)) - raft.server.storage.dir = [/home/runner/work/ozone/ozone/hadoop-ozone/integration-test/target/test-dir/MiniOzoneClusterImpl-3d4a976f-5e4d-41d2-99e8-392de73f1c7a/datanode-2/data/ratis] (custom)
2022-09-12 01:23:28,588 [pool-174-thread-1] INFO  server.RaftServerConfigKeys (ConfUtils.java:logGet(46)) - raft.server.log.corruption.policy = EXCEPTION (default)
2022-09-12 01:23:28,588 [pool-174-thread-1] INFO  server.RaftServerConfigKeys (ConfUtils.java:logGet(46)) - raft.server.storage.free-space.min = 0MB (=0) (default)
2022-09-12 01:23:28,588 [pool-174-thread-1] INFO  storage.RaftStorageDirectory (RaftStorageDirectoryImpl.java:analyzeStorage(135)) - The storage directory /home/runner/work/ozone/ozone/hadoop-ozone/integration-test/target/test-dir/MiniOzoneClusterImpl-3d4a976f-5e4d-41d2-99e8-392de73f1c7a/datanode-2/data/ratis/5075f0a3-a7b7-46c6-a38e-4471245e049c does not exist. Creating ...
2022-09-12 01:23:28,589 [pool-174-thread-1] INFO  storage.RaftStorageDirectory (RaftStorageDirectoryImpl.java:tryLock(230)) - Lock on /home/runner/work/ozone/ozone/hadoop-ozone/integration-test/target/test-dir/MiniOzoneClusterImpl-3d4a976f-5e4d-41d2-99e8-392de73f1c7a/datanode-2/data/ratis/5075f0a3-a7b7-46c6-a38e-4471245e049c/in_use.lock acquired by nodename 51693@fv-az167-317
2022-09-12 01:23:28,590 [pool-174-thread-1] INFO  storage.RaftStorage (RaftStorageImpl.java:format(89)) - Storage directory /home/runner/work/ozone/ozone/hadoop-ozone/integration-test/target/test-dir/MiniOzoneClusterImpl-3d4a976f-5e4d-41d2-99e8-392de73f1c7a/datanode-2/data/ratis/5075f0a3-a7b7-46c6-a38e-4471245e049c has been successfully formatted.
2022-09-12 01:23:28,592 [pool-174-thread-1] INFO  ratis.ContainerStateMachine (ContainerStateMachine.java:loadSnapshot(236)) - group-4471245E049C: The snapshot info is null. Setting the last applied indexto:(t:0, i:~)
2022-09-12 01:23:28,592 [pool-174-thread-1] INFO  server.RaftServerConfigKeys (ConfUtils.java:logGet(46)) - raft.server.notification.no-leader.timeout = 300s (custom)
2022-09-12 01:23:28,592 [pool-174-thread-1] INFO  server.RaftServerConfigKeys (ConfUtils.java:logGet(46)) - raft.server.log.use.memory = false (default)
2022-09-12 01:23:28,593 [pool-174-thread-1] INFO  server.RaftServerConfigKeys (ConfUtils.java:logGet(46)) - raft.server.log.purge.gap = 1000000 (custom)
2022-09-12 01:23:28,593 [pool-174-thread-1] INFO  server.RaftServerConfigKeys (ConfUtils.java:logGet(46)) - raft.server.log.appender.buffer.byte-limit = 33554432 (custom)
2022-09-12 01:23:28,593 [pool-174-thread-1] INFO  server.RaftServerConfigKeys (ConfUtils.java:logGet(46)) - raft.server.log.statemachine.data.read.timeout = 1000ms (default)
2022-09-12 01:23:28,593 [pool-174-thread-1] INFO  server.RaftServerConfigKeys (ConfUtils.java:logGet(46)) - raft.server.log.segment.size.max = 1048576 (custom)
2022-09-12 01:23:28,593 [pool-174-thread-1] INFO  server.RaftServerConfigKeys (ConfUtils.java:logGet(46)) - raft.server.log.segment.cache.num.max = 2 (custom)
2022-09-12 01:23:28,593 [pool-174-thread-1] INFO  server.RaftServerConfigKeys (ConfUtils.java:logGet(46)) - raft.server.log.segment.cache.size.max = 200MB (=209715200) (default)
2022-09-12 01:23:28,593 [pool-174-thread-1] INFO  segmented.SegmentedRaftLogWorker (SegmentedRaftLogWorker.java:<init>(187)) - new 59d5d0ad-089c-47a8-af70-50686448c5a7@group-4471245E049C-SegmentedRaftLogWorker for RaftStorageImpl:Storage Directory /home/runner/work/ozone/ozone/hadoop-ozone/integration-test/target/test-dir/MiniOzoneClusterImpl-3d4a976f-5e4d-41d2-99e8-392de73f1c7a/datanode-2/data/ratis/5075f0a3-a7b7-46c6-a38e-4471245e049c
2022-09-12 01:23:28,593 [pool-174-thread-1] INFO  server.RaftServerConfigKeys (ConfUtils.java:logGet(46)) - raft.server.log.queue.byte-limit = 4294967296 (custom)
2022-09-12 01:23:28,593 [pool-174-thread-1] INFO  server.RaftServerConfigKeys (ConfUtils.java:logGet(46)) - raft.server.log.queue.element-limit = 1024 (custom)
2022-09-12 01:23:28,593 [pool-174-thread-1] INFO  server.RaftServerConfigKeys (ConfUtils.java:logGet(46)) - raft.server.log.segment.size.max = 1048576 (custom)
2022-09-12 01:23:28,593 [pool-174-thread-1] INFO  server.RaftServerConfigKeys (ConfUtils.java:logGet(46)) - raft.server.log.preallocated.size = 16384 (custom)
2022-09-12 01:23:28,593 [pool-174-thread-1] INFO  server.RaftServerConfigKeys (ConfUtils.java:logGet(46)) - raft.server.log.force.sync.num = 128 (default)
2022-09-12 01:23:28,593 [pool-174-thread-1] INFO  server.RaftServerConfigKeys (ConfUtils.java:logGet(46)) - raft.server.log.statemachine.data.sync = true (default)
2022-09-12 01:23:28,593 [pool-174-thread-1] INFO  server.RaftServerConfigKeys (ConfUtils.java:logGet(46)) - raft.server.log.statemachine.data.sync.timeout = 10s (default)
2022-09-12 01:23:28,593 [pool-174-thread-1] INFO  server.RaftServerConfigKeys (ConfUtils.java:logGet(46)) - raft.server.log.statemachine.data.sync.timeout.retry = -1 (default)
2022-09-12 01:23:28,594 [pool-174-thread-1] INFO  server.RaftServerConfigKeys (ConfUtils.java:logGet(46)) - raft.server.log.write.buffer.size = 1048576 (custom)
2022-09-12 01:23:28,595 [pool-174-thread-1] INFO  server.RaftServerConfigKeys (ConfUtils.java:logGet(46)) - raft.server.log.unsafe-flush.enabled = false (default)
2022-09-12 01:23:28,595 [pool-174-thread-1] INFO  server.RaftServerConfigKeys (ConfUtils.java:logGet(46)) - raft.server.log.statemachine.data.caching.enabled = true (custom)
2022-09-12 01:23:28,595 [pool-174-thread-1] INFO  segmented.SegmentedRaftLogWorker (SegmentedRaftLogWorker.java:lambda$new$0(135)) - 59d5d0ad-089c-47a8-af70-50686448c5a7@group-4471245E049C-SegmentedRaftLogWorker: flushIndex: setUnconditionally 0 -> -1
2022-09-12 01:23:28,595 [pool-174-thread-1] INFO  segmented.SegmentedRaftLogWorker (SegmentedRaftLogWorker.java:lambda$new$0(135)) - 59d5d0ad-089c-47a8-af70-50686448c5a7@group-4471245E049C-SegmentedRaftLogWorker: safeCacheEvictIndex: setUnconditionally 0 -> -1
2022-09-12 01:23:28,595 [pool-174-thread-1] INFO  server.RaftServerConfigKeys (ConfUtils.java:logGet(46)) - raft.server.snapshot.auto.trigger.enabled = true (custom)
2022-09-12 01:23:28,595 [pool-174-thread-1] INFO  server.RaftServerConfigKeys (ConfUtils.java:logGet(46)) - raft.server.snapshot.auto.trigger.threshold = 10000 (custom)
2022-09-12 01:23:28,595 [pool-174-thread-1] INFO  server.RaftServerConfigKeys (ConfUtils.java:logGet(46)) - raft.server.snapshot.retention.file.num = 5 (custom)
2022-09-12 01:23:28,595 [pool-174-thread-1] INFO  server.RaftServerConfigKeys (ConfUtils.java:logGet(46)) - raft.server.log.purge.upto.snapshot.index = false (default)
2022-09-12 01:23:28,595 [pool-174-thread-1] INFO  server.RaftServerConfigKeys (ConfUtils.java:logGet(46)) - raft.server.retrycache.expirytime = 600000ms (custom)
2022-09-12 01:23:28,595 [pool-174-thread-1] INFO  server.RaftServerConfigKeys (ConfUtils.java:logGet(46)) - raft.server.retrycache.statistics.expirytime = 100μs (default)
2022-09-12 01:23:28,596 [pool-174-thread-1] INFO  server.RaftServerConfigKeys (ConfUtils.java:logGet(46)) - raft.server.log.appender.install.snapshot.enabled = false (custom)
2022-09-12 01:23:28,596 [pool-174-thread-1] INFO  server.RaftServerConfigKeys (ConfUtils.java:logGet(46)) - raft.server.threadpool.server.cached = true (default)
2022-09-12 01:23:28,596 [pool-174-thread-1] INFO  server.RaftServerConfigKeys (ConfUtils.java:logGet(46)) - raft.server.threadpool.server.size = 0 (default)
2022-09-12 01:23:28,596 [pool-174-thread-1] INFO  server.RaftServerConfigKeys (ConfUtils.java:logGet(46)) - raft.server.threadpool.client.cached = true (default)
2022-09-12 01:23:28,596 [pool-174-thread-1] INFO  server.RaftServerConfigKeys (ConfUtils.java:logGet(46)) - raft.server.threadpool.client.size = 0 (default)
2022-09-12 01:23:28,596 [pool-174-thread-1] INFO  server.RaftServer$Division (RaftServerImpl.java:start(310)) - 59d5d0ad-089c-47a8-af70-50686448c5a7@group-4471245E049C: start as a follower, conf=-1: [03103273-3843-43f1-ae6a-2bbd7b09cada|rpc:127.0.0.1:44103|dataStream:|priority:0, 5a99e102-8acb-41a7-8340-e4a0eed09641|rpc:127.0.0.1:35331|dataStream:|priority:1, 59d5d0ad-089c-47a8-af70-50686448c5a7|rpc:127.0.0.1:46841|dataStream:|priority:0], old=null
2022-09-12 01:23:28,596 [pool-174-thread-1] INFO  server.RaftServer$Division (RaftServerImpl.java:setRole(299)) - 59d5d0ad-089c-47a8-af70-50686448c5a7@group-4471245E049C: changes role from      null to FOLLOWER at term 0 for startAsFollower
2022-09-12 01:23:28,596 [pool-174-thread-1] INFO  impl.RoleInfo (RoleInfo.java:updateAndGet(139)) - 59d5d0ad-089c-47a8-af70-50686448c5a7: start 59d5d0ad-089c-47a8-af70-50686448c5a7@group-4471245E049C-FollowerState
2022-09-12 01:23:28,597 [pool-174-thread-1] INFO  util.JmxRegister (JmxRegister.java:tryRegister(44)) - Successfully registered JMX Bean with object name Ratis:service=RaftServer,group=group-4471245E049C,id=59d5d0ad-089c-47a8-af70-50686448c5a7
2022-09-12 01:23:28,602 [Command processor thread] INFO  commandhandler.CreatePipelineCommandHandler (CreatePipelineCommandHandler.java:handle(113)) - Created Pipeline RATIS THREE PipelineID=5075f0a3-a7b7-46c6-a38e-4471245e049c.
2022-09-12 01:23:28,710 [Command processor thread] INFO  server.RaftServer (RaftServerProxy.java:addNew(96)) - 5a99e102-8acb-41a7-8340-e4a0eed09641: addNew group-04D68DF0D129:[5a99e102-8acb-41a7-8340-e4a0eed09641|rpc:127.0.0.1:35331|priority:1] returns group-04D68DF0D129:java.util.concurrent.CompletableFuture@4696a379[Not completed]
2022-09-12 01:23:28,711 [pool-151-thread-1] INFO  server.RaftServer$Division (RaftServerImpl.java:<init>(190)) - 5a99e102-8acb-41a7-8340-e4a0eed09641: new RaftServerImpl for group-04D68DF0D129:[5a99e102-8acb-41a7-8340-e4a0eed09641|rpc:127.0.0.1:35331|priority:1] with ContainerStateMachine:uninitialized
2022-09-12 01:23:28,711 [pool-151-thread-1] INFO  server.RaftServerConfigKeys (ConfUtils.java:logGet(46)) - raft.server.rpc.timeout.min = 5s (custom)
2022-09-12 01:23:28,711 [pool-151-thread-1] INFO  server.RaftServerConfigKeys (ConfUtils.java:logGet(46)) - raft.server.rpc.timeout.max = 5200ms (custom)
2022-09-12 01:23:28,711 [pool-151-thread-1] INFO  server.RaftServerConfigKeys (ConfUtils.java:logGet(46)) - raft.server.rpc.sleep.time = 25ms (default)
2022-09-12 01:23:28,711 [pool-151-thread-1] INFO  server.RaftServerConfigKeys (ConfUtils.java:logGet(46)) - raft.server.rpc.slowness.timeout = 300s (custom)
2022-09-12 01:23:28,711 [pool-151-thread-1] INFO  server.RaftServerConfigKeys (ConfUtils.java:logGet(46)) - raft.server.leaderelection.leader.step-down.wait-time = 10s (default)
2022-09-12 01:23:28,711 [pool-151-thread-1] INFO  server.RaftServerConfigKeys (ConfUtils.java:logGet(46)) - raft.server.sleep.deviation.threshold = 300ms (default)
2022-09-12 01:23:28,711 [pool-151-thread-1] INFO  server.RaftServer$Division (ServerState.java:<init>(107)) - 5a99e102-8acb-41a7-8340-e4a0eed09641@group-04D68DF0D129: ConfigurationManager, init=-1: [5a99e102-8acb-41a7-8340-e4a0eed09641|rpc:127.0.0.1:35331|priority:1], old=null, confs=<EMPTY_MAP>
2022-09-12 01:23:28,711 [pool-151-thread-1] INFO  server.RaftServerConfigKeys (ConfUtils.java:logGet(46)) - raft.server.storage.dir = [/home/runner/work/ozone/ozone/hadoop-ozone/integration-test/target/test-dir/MiniOzoneClusterImpl-3d4a976f-5e4d-41d2-99e8-392de73f1c7a/datanode-1/data/ratis] (custom)
2022-09-12 01:23:28,711 [pool-151-thread-1] INFO  server.RaftServerConfigKeys (ConfUtils.java:logGet(46)) - raft.server.log.corruption.policy = EXCEPTION (default)
2022-09-12 01:23:28,711 [pool-151-thread-1] INFO  server.RaftServerConfigKeys (ConfUtils.java:logGet(46)) - raft.server.storage.free-space.min = 0MB (=0) (default)
2022-09-12 01:23:28,712 [pool-151-thread-1] INFO  storage.RaftStorageDirectory (RaftStorageDirectoryImpl.java:analyzeStorage(135)) - The storage directory /home/runner/work/ozone/ozone/hadoop-ozone/integration-test/target/test-dir/MiniOzoneClusterImpl-3d4a976f-5e4d-41d2-99e8-392de73f1c7a/datanode-1/data/ratis/759f337b-a9bc-45de-8068-04d68df0d129 does not exist. Creating ...
2022-09-12 01:23:28,713 [pool-151-thread-1] INFO  storage.RaftStorageDirectory (RaftStorageDirectoryImpl.java:tryLock(230)) - Lock on /home/runner/work/ozone/ozone/hadoop-ozone/integration-test/target/test-dir/MiniOzoneClusterImpl-3d4a976f-5e4d-41d2-99e8-392de73f1c7a/datanode-1/data/ratis/759f337b-a9bc-45de-8068-04d68df0d129/in_use.lock acquired by nodename 51693@fv-az167-317
2022-09-12 01:23:28,714 [pool-151-thread-1] INFO  storage.RaftStorage (RaftStorageImpl.java:format(89)) - Storage directory /home/runner/work/ozone/ozone/hadoop-ozone/integration-test/target/test-dir/MiniOzoneClusterImpl-3d4a976f-5e4d-41d2-99e8-392de73f1c7a/datanode-1/data/ratis/759f337b-a9bc-45de-8068-04d68df0d129 has been successfully formatted.
2022-09-12 01:23:28,715 [pool-151-thread-1] INFO  ratis.ContainerStateMachine (ContainerStateMachine.java:loadSnapshot(236)) - group-04D68DF0D129: The snapshot info is null. Setting the last applied indexto:(t:0, i:~)
2022-09-12 01:23:28,715 [pool-151-thread-1] INFO  server.RaftServerConfigKeys (ConfUtils.java:logGet(46)) - raft.server.notification.no-leader.timeout = 300s (custom)
2022-09-12 01:23:28,715 [pool-151-thread-1] INFO  server.RaftServerConfigKeys (ConfUtils.java:logGet(46)) - raft.server.log.use.memory = false (default)
2022-09-12 01:23:28,715 [pool-151-thread-1] INFO  server.RaftServerConfigKeys (ConfUtils.java:logGet(46)) - raft.server.log.purge.gap = 1000000 (custom)
2022-09-12 01:23:28,715 [pool-151-thread-1] INFO  server.RaftServerConfigKeys (ConfUtils.java:logGet(46)) - raft.server.log.appender.buffer.byte-limit = 33554432 (custom)
2022-09-12 01:23:28,715 [pool-151-thread-1] INFO  server.RaftServerConfigKeys (ConfUtils.java:logGet(46)) - raft.server.log.statemachine.data.read.timeout = 1000ms (default)
2022-09-12 01:23:28,715 [pool-151-thread-1] INFO  server.RaftServerConfigKeys (ConfUtils.java:logGet(46)) - raft.server.log.segment.size.max = 1048576 (custom)
2022-09-12 01:23:28,715 [pool-151-thread-1] INFO  server.RaftServerConfigKeys (ConfUtils.java:logGet(46)) - raft.server.log.segment.cache.num.max = 2 (custom)
2022-09-12 01:23:28,715 [pool-151-thread-1] INFO  server.RaftServerConfigKeys (ConfUtils.java:logGet(46)) - raft.server.log.segment.cache.size.max = 200MB (=209715200) (default)
2022-09-12 01:23:28,715 [pool-151-thread-1] INFO  segmented.SegmentedRaftLogWorker (SegmentedRaftLogWorker.java:<init>(187)) - new 5a99e102-8acb-41a7-8340-e4a0eed09641@group-04D68DF0D129-SegmentedRaftLogWorker for RaftStorageImpl:Storage Directory /home/runner/work/ozone/ozone/hadoop-ozone/integration-test/target/test-dir/MiniOzoneClusterImpl-3d4a976f-5e4d-41d2-99e8-392de73f1c7a/datanode-1/data/ratis/759f337b-a9bc-45de-8068-04d68df0d129
2022-09-12 01:23:28,715 [pool-151-thread-1] INFO  server.RaftServerConfigKeys (ConfUtils.java:logGet(46)) - raft.server.log.queue.byte-limit = 4294967296 (custom)
2022-09-12 01:23:28,715 [pool-151-thread-1] INFO  server.RaftServerConfigKeys (ConfUtils.java:logGet(46)) - raft.server.log.queue.element-limit = 1024 (custom)
2022-09-12 01:23:28,716 [pool-151-thread-1] INFO  server.RaftServerConfigKeys (ConfUtils.java:logGet(46)) - raft.server.log.segment.size.max = 1048576 (custom)
2022-09-12 01:23:28,716 [pool-151-thread-1] INFO  server.RaftServerConfigKeys (ConfUtils.java:logGet(46)) - raft.server.log.preallocated.size = 16384 (custom)
2022-09-12 01:23:28,716 [pool-151-thread-1] INFO  server.RaftServerConfigKeys (ConfUtils.java:logGet(46)) - raft.server.log.force.sync.num = 128 (default)
2022-09-12 01:23:28,716 [pool-151-thread-1] INFO  server.RaftServerConfigKeys (ConfUtils.java:logGet(46)) - raft.server.log.statemachine.data.sync = true (default)
2022-09-12 01:23:28,716 [pool-151-thread-1] INFO  server.RaftServerConfigKeys (ConfUtils.java:logGet(46)) - raft.server.log.statemachine.data.sync.timeout = 10s (default)
2022-09-12 01:23:28,716 [pool-151-thread-1] INFO  server.RaftServerConfigKeys (ConfUtils.java:logGet(46)) - raft.server.log.statemachine.data.sync.timeout.retry = -1 (default)
2022-09-12 01:23:28,716 [pool-151-thread-1] INFO  server.RaftServerConfigKeys (ConfUtils.java:logGet(46)) - raft.server.log.write.buffer.size = 1048576 (custom)
2022-09-12 01:23:28,717 [pool-151-thread-1] INFO  server.RaftServerConfigKeys (ConfUtils.java:logGet(46)) - raft.server.log.unsafe-flush.enabled = false (default)
2022-09-12 01:23:28,717 [pool-151-thread-1] INFO  server.RaftServerConfigKeys (ConfUtils.java:logGet(46)) - raft.server.log.statemachine.data.caching.enabled = true (custom)
2022-09-12 01:23:28,717 [pool-151-thread-1] INFO  segmented.SegmentedRaftLogWorker (SegmentedRaftLogWorker.java:lambda$new$0(135)) - 5a99e102-8acb-41a7-8340-e4a0eed09641@group-04D68DF0D129-SegmentedRaftLogWorker: flushIndex: setUnconditionally 0 -> -1
2022-09-12 01:23:28,717 [pool-151-thread-1] INFO  segmented.SegmentedRaftLogWorker (SegmentedRaftLogWorker.java:lambda$new$0(135)) - 5a99e102-8acb-41a7-8340-e4a0eed09641@group-04D68DF0D129-SegmentedRaftLogWorker: safeCacheEvictIndex: setUnconditionally 0 -> -1
2022-09-12 01:23:28,717 [pool-151-thread-1] INFO  server.RaftServerConfigKeys (ConfUtils.java:logGet(46)) - raft.server.snapshot.auto.trigger.enabled = true (custom)
2022-09-12 01:23:28,717 [pool-151-thread-1] INFO  server.RaftServerConfigKeys (ConfUtils.java:logGet(46)) - raft.server.snapshot.auto.trigger.threshold = 10000 (custom)
2022-09-12 01:23:28,717 [pool-151-thread-1] INFO  server.RaftServerConfigKeys (ConfUtils.java:logGet(46)) - raft.server.snapshot.retention.file.num = 5 (custom)
2022-09-12 01:23:28,717 [pool-151-thread-1] INFO  server.RaftServerConfigKeys (ConfUtils.java:logGet(46)) - raft.server.log.purge.upto.snapshot.index = false (default)
2022-09-12 01:23:28,717 [pool-151-thread-1] INFO  server.RaftServerConfigKeys (ConfUtils.java:logGet(46)) - raft.server.retrycache.expirytime = 600000ms (custom)
2022-09-12 01:23:28,718 [pool-151-thread-1] INFO  server.RaftServerConfigKeys (ConfUtils.java:logGet(46)) - raft.server.retrycache.statistics.expirytime = 100μs (default)
2022-09-12 01:23:28,720 [EventQueue-PipelineReportForPipelineReportHandler] INFO  pipeline.PipelineManagerImpl (PipelineManagerImpl.java:openPipeline(367)) - Pipeline Pipeline[ Id: 759f337b-a9bc-45de-8068-04d68df0d129, Nodes: 5a99e102-8acb-41a7-8340-e4a0eed09641{ip: 127.0.0.1, host: localhost, ports: [REPLICATION=33515, RATIS=35331, RATIS_ADMIN=35331, RATIS_SERVER=35331, STANDALONE=46379], networkLocation: /default-rack, certSerialId: null, persistedOpState: IN_SERVICE, persistedOpStateExpiryEpochSec: 0}, ReplicationConfig: RATIS/ONE, State:ALLOCATED, leaderId:5a99e102-8acb-41a7-8340-e4a0eed09641, CreationTimestamp2022-09-12T01:23:25.715Z[Etc/UTC]] moved to OPEN state
2022-09-12 01:23:28,721 [pool-151-thread-1] INFO  server.RaftServerConfigKeys (ConfUtils.java:logGet(46)) - raft.server.log.appender.install.snapshot.enabled = false (custom)
2022-09-12 01:23:28,721 [pool-151-thread-1] INFO  server.RaftServerConfigKeys (ConfUtils.java:logGet(46)) - raft.server.threadpool.server.cached = true (default)
2022-09-12 01:23:28,721 [pool-151-thread-1] INFO  server.RaftServerConfigKeys (ConfUtils.java:logGet(46)) - raft.server.threadpool.server.size = 0 (default)
2022-09-12 01:23:28,721 [2b79d285-0efa-4274-b3fd-87c8ffd2a623@group-392DE73F1C7A-StateMachineUpdater] INFO  safemode.HealthyPipelineSafeModeRule (HealthyPipelineSafeModeRule.java:initializeRule(165)) - Refreshed total pipeline count is 0, healthy pipeline threshold count is 1
2022-09-12 01:23:28,721 [pool-151-thread-1] INFO  server.RaftServerConfigKeys (ConfUtils.java:logGet(46)) - raft.server.threadpool.client.cached = true (default)
2022-09-12 01:23:28,722 [EventQueue-OpenPipelineForHealthyPipelineSafeModeRule] INFO  safemode.SCMSafeModeManager (HealthyPipelineSafeModeRule.java:process(137)) - SCM in safe mode. Healthy pipelines reported count is 0, required healthy pipeline reported count is 1
2022-09-12 01:23:28,722 [pool-151-thread-1] INFO  server.RaftServerConfigKeys (ConfUtils.java:logGet(46)) - raft.server.threadpool.client.size = 0 (default)
2022-09-12 01:23:28,722 [pool-151-thread-1] INFO  server.RaftServer$Division (RaftServerImpl.java:start(310)) - 5a99e102-8acb-41a7-8340-e4a0eed09641@group-04D68DF0D129: start as a follower, conf=-1: [5a99e102-8acb-41a7-8340-e4a0eed09641|rpc:127.0.0.1:35331|priority:1], old=null
2022-09-12 01:23:28,723 [pool-151-thread-1] INFO  server.RaftServer$Division (RaftServerImpl.java:setRole(299)) - 5a99e102-8acb-41a7-8340-e4a0eed09641@group-04D68DF0D129: changes role from      null to FOLLOWER at term 0 for startAsFollower
2022-09-12 01:23:28,723 [pool-151-thread-1] INFO  impl.RoleInfo (RoleInfo.java:updateAndGet(139)) - 5a99e102-8acb-41a7-8340-e4a0eed09641: start 5a99e102-8acb-41a7-8340-e4a0eed09641@group-04D68DF0D129-FollowerState
2022-09-12 01:23:28,723 [pool-151-thread-1] INFO  util.JmxRegister (JmxRegister.java:tryRegister(44)) - Successfully registered JMX Bean with object name Ratis:service=RaftServer,group=group-04D68DF0D129,id=5a99e102-8acb-41a7-8340-e4a0eed09641
2022-09-12 01:23:28,723 [Command processor thread] INFO  ratis.XceiverServerRatis (XceiverServerRatis.java:addGroup(765)) - Created group PipelineID=759f337b-a9bc-45de-8068-04d68df0d129
2022-09-12 01:23:28,723 [Command processor thread] INFO  commandhandler.CreatePipelineCommandHandler (CreatePipelineCommandHandler.java:handle(113)) - Created Pipeline RATIS ONE PipelineID=759f337b-a9bc-45de-8068-04d68df0d129.
2022-09-12 01:23:29,003 [Command processor thread] INFO  server.RaftServer (RaftServerProxy.java:addNew(96)) - 59d5d0ad-089c-47a8-af70-50686448c5a7: addNew group-374AAC182BE3:[59d5d0ad-089c-47a8-af70-50686448c5a7|rpc:127.0.0.1:46841|priority:1] returns group-374AAC182BE3:java.util.concurrent.CompletableFuture@3aff63ca[Not completed]
2022-09-12 01:23:29,004 [pool-174-thread-1] INFO  server.RaftServer$Division (RaftServerImpl.java:<init>(190)) - 59d5d0ad-089c-47a8-af70-50686448c5a7: new RaftServerImpl for group-374AAC182BE3:[59d5d0ad-089c-47a8-af70-50686448c5a7|rpc:127.0.0.1:46841|priority:1] with ContainerStateMachine:uninitialized
2022-09-12 01:23:29,004 [pool-174-thread-1] INFO  server.RaftServerConfigKeys (ConfUtils.java:logGet(46)) - raft.server.rpc.timeout.min = 5s (custom)
2022-09-12 01:23:29,004 [pool-174-thread-1] INFO  server.RaftServerConfigKeys (ConfUtils.java:logGet(46)) - raft.server.rpc.timeout.max = 5200ms (custom)
2022-09-12 01:23:29,004 [pool-174-thread-1] INFO  server.RaftServerConfigKeys (ConfUtils.java:logGet(46)) - raft.server.rpc.sleep.time = 25ms (default)
2022-09-12 01:23:29,004 [pool-174-thread-1] INFO  server.RaftServerConfigKeys (ConfUtils.java:logGet(46)) - raft.server.rpc.slowness.timeout = 300s (custom)
2022-09-12 01:23:29,004 [pool-174-thread-1] INFO  server.RaftServerConfigKeys (ConfUtils.java:logGet(46)) - raft.server.leaderelection.leader.step-down.wait-time = 10s (default)
2022-09-12 01:23:29,004 [pool-174-thread-1] INFO  server.RaftServerConfigKeys (ConfUtils.java:logGet(46)) - raft.server.sleep.deviation.threshold = 300ms (default)
2022-09-12 01:23:29,004 [pool-174-thread-1] INFO  server.RaftServer$Division (ServerState.java:<init>(107)) - 59d5d0ad-089c-47a8-af70-50686448c5a7@group-374AAC182BE3: ConfigurationManager, init=-1: [59d5d0ad-089c-47a8-af70-50686448c5a7|rpc:127.0.0.1:46841|priority:1], old=null, confs=<EMPTY_MAP>
2022-09-12 01:23:29,004 [pool-174-thread-1] INFO  server.RaftServerConfigKeys (ConfUtils.java:logGet(46)) - raft.server.storage.dir = [/home/runner/work/ozone/ozone/hadoop-ozone/integration-test/target/test-dir/MiniOzoneClusterImpl-3d4a976f-5e4d-41d2-99e8-392de73f1c7a/datanode-2/data/ratis] (custom)
2022-09-12 01:23:29,005 [pool-174-thread-1] INFO  server.RaftServerConfigKeys (ConfUtils.java:logGet(46)) - raft.server.log.corruption.policy = EXCEPTION (default)
2022-09-12 01:23:29,005 [pool-174-thread-1] INFO  server.RaftServerConfigKeys (ConfUtils.java:logGet(46)) - raft.server.storage.free-space.min = 0MB (=0) (default)
2022-09-12 01:23:29,005 [pool-174-thread-1] INFO  storage.RaftStorageDirectory (RaftStorageDirectoryImpl.java:analyzeStorage(135)) - The storage directory /home/runner/work/ozone/ozone/hadoop-ozone/integration-test/target/test-dir/MiniOzoneClusterImpl-3d4a976f-5e4d-41d2-99e8-392de73f1c7a/datanode-2/data/ratis/57114f90-0974-4ee0-9f80-374aac182be3 does not exist. Creating ...
2022-09-12 01:23:29,006 [pool-174-thread-1] INFO  storage.RaftStorageDirectory (RaftStorageDirectoryImpl.java:tryLock(230)) - Lock on /home/runner/work/ozone/ozone/hadoop-ozone/integration-test/target/test-dir/MiniOzoneClusterImpl-3d4a976f-5e4d-41d2-99e8-392de73f1c7a/datanode-2/data/ratis/57114f90-0974-4ee0-9f80-374aac182be3/in_use.lock acquired by nodename 51693@fv-az167-317
2022-09-12 01:23:29,006 [pool-174-thread-1] INFO  storage.RaftStorage (RaftStorageImpl.java:format(89)) - Storage directory /home/runner/work/ozone/ozone/hadoop-ozone/integration-test/target/test-dir/MiniOzoneClusterImpl-3d4a976f-5e4d-41d2-99e8-392de73f1c7a/datanode-2/data/ratis/57114f90-0974-4ee0-9f80-374aac182be3 has been successfully formatted.
2022-09-12 01:23:29,007 [Listener at 127.0.0.1/34999] INFO  ozone.MiniOzoneClusterImpl (MiniOzoneClusterImpl.java:lambda$waitForClusterToBeReady$0(216)) - Nodes are ready. Got 3 of 3 DN Heartbeats.
2022-09-12 01:23:29,007 [Listener at 127.0.0.1/34999] INFO  ozone.MiniOzoneClusterImpl (MiniOzoneClusterImpl.java:lambda$waitForClusterToBeReady$0(219)) - Waiting for cluster to exit safe mode
2022-09-12 01:23:29,007 [Listener at 127.0.0.1/34999] INFO  ozone.MiniOzoneClusterImpl (MiniOzoneClusterImpl.java:lambda$waitForClusterToBeReady$0(221)) - SCM became leader
2022-09-12 01:23:29,008 [pool-174-thread-1] INFO  ratis.ContainerStateMachine (ContainerStateMachine.java:loadSnapshot(236)) - group-374AAC182BE3: The snapshot info is null. Setting the last applied indexto:(t:0, i:~)
2022-09-12 01:23:29,008 [pool-174-thread-1] INFO  server.RaftServerConfigKeys (ConfUtils.java:logGet(46)) - raft.server.notification.no-leader.timeout = 300s (custom)
2022-09-12 01:23:29,012 [pool-174-thread-1] INFO  server.RaftServerConfigKeys (ConfUtils.java:logGet(46)) - raft.server.log.use.memory = false (default)
2022-09-12 01:23:29,012 [pool-174-thread-1] INFO  server.RaftServerConfigKeys (ConfUtils.java:logGet(46)) - raft.server.log.purge.gap = 1000000 (custom)
2022-09-12 01:23:29,012 [pool-174-thread-1] INFO  server.RaftServerConfigKeys (ConfUtils.java:logGet(46)) - raft.server.log.appender.buffer.byte-limit = 33554432 (custom)
2022-09-12 01:23:29,012 [pool-174-thread-1] INFO  server.RaftServerConfigKeys (ConfUtils.java:logGet(46)) - raft.server.log.statemachine.data.read.timeout = 1000ms (default)
2022-09-12 01:23:29,013 [EventQueue-PipelineReportForPipelineReportHandler] INFO  pipeline.PipelineManagerImpl (PipelineManagerImpl.java:openPipeline(367)) - Pipeline Pipeline[ Id: 57114f90-0974-4ee0-9f80-374aac182be3, Nodes: 59d5d0ad-089c-47a8-af70-50686448c5a7{ip: 127.0.0.1, host: localhost, ports: [REPLICATION=35191, RATIS=46841, RATIS_ADMIN=46841, RATIS_SERVER=46841, STANDALONE=33247], networkLocation: /default-rack, certSerialId: null, persistedOpState: IN_SERVICE, persistedOpStateExpiryEpochSec: 0}, ReplicationConfig: RATIS/ONE, State:ALLOCATED, leaderId:59d5d0ad-089c-47a8-af70-50686448c5a7, CreationTimestamp2022-09-12T01:23:26.006Z[Etc/UTC]] moved to OPEN state
2022-09-12 01:23:29,014 [2b79d285-0efa-4274-b3fd-87c8ffd2a623@group-392DE73F1C7A-StateMachineUpdater] INFO  safemode.HealthyPipelineSafeModeRule (HealthyPipelineSafeModeRule.java:initializeRule(165)) - Refreshed total pipeline count is 0, healthy pipeline threshold count is 1
2022-09-12 01:23:29,015 [EventQueue-OpenPipelineForHealthyPipelineSafeModeRule] INFO  safemode.SCMSafeModeManager (HealthyPipelineSafeModeRule.java:process(137)) - SCM in safe mode. Healthy pipelines reported count is 0, required healthy pipeline reported count is 1
2022-09-12 01:23:29,016 [pool-174-thread-1] INFO  server.RaftServerConfigKeys (ConfUtils.java:logGet(46)) - raft.server.log.segment.size.max = 1048576 (custom)
2022-09-12 01:23:29,017 [pool-174-thread-1] INFO  server.RaftServerConfigKeys (ConfUtils.java:logGet(46)) - raft.server.log.segment.cache.num.max = 2 (custom)
2022-09-12 01:23:29,017 [pool-174-thread-1] INFO  server.RaftServerConfigKeys (ConfUtils.java:logGet(46)) - raft.server.log.segment.cache.size.max = 200MB (=209715200) (default)
2022-09-12 01:23:29,017 [pool-174-thread-1] INFO  segmented.SegmentedRaftLogWorker (SegmentedRaftLogWorker.java:<init>(187)) - new 59d5d0ad-089c-47a8-af70-50686448c5a7@group-374AAC182BE3-SegmentedRaftLogWorker for RaftStorageImpl:Storage Directory /home/runner/work/ozone/ozone/hadoop-ozone/integration-test/target/test-dir/MiniOzoneClusterImpl-3d4a976f-5e4d-41d2-99e8-392de73f1c7a/datanode-2/data/ratis/57114f90-0974-4ee0-9f80-374aac182be3
2022-09-12 01:23:29,017 [pool-174-thread-1] INFO  server.RaftServerConfigKeys (ConfUtils.java:logGet(46)) - raft.server.log.queue.byte-limit = 4294967296 (custom)
2022-09-12 01:23:29,017 [pool-174-thread-1] INFO  server.RaftServerConfigKeys (ConfUtils.java:logGet(46)) - raft.server.log.queue.element-limit = 1024 (custom)
2022-09-12 01:23:29,017 [pool-174-thread-1] INFO  server.RaftServerConfigKeys (ConfUtils.java:logGet(46)) - raft.server.log.segment.size.max = 1048576 (custom)
2022-09-12 01:23:29,017 [pool-174-thread-1] INFO  server.RaftServerConfigKeys (ConfUtils.java:logGet(46)) - raft.server.log.preallocated.size = 16384 (custom)
2022-09-12 01:23:29,017 [pool-174-thread-1] INFO  server.RaftServerConfigKeys (ConfUtils.java:logGet(46)) - raft.server.log.force.sync.num = 128 (default)
2022-09-12 01:23:29,017 [pool-174-thread-1] INFO  server.RaftServerConfigKeys (ConfUtils.java:logGet(46)) - raft.server.log.statemachine.data.sync = true (default)
2022-09-12 01:23:29,017 [pool-174-thread-1] INFO  server.RaftServerConfigKeys (ConfUtils.java:logGet(46)) - raft.server.log.statemachine.data.sync.timeout = 10s (default)
2022-09-12 01:23:29,017 [pool-174-thread-1] INFO  server.RaftServerConfigKeys (ConfUtils.java:logGet(46)) - raft.server.log.statemachine.data.sync.timeout.retry = -1 (default)
2022-09-12 01:23:29,018 [pool-174-thread-1] INFO  server.RaftServerConfigKeys (ConfUtils.java:logGet(46)) - raft.server.log.write.buffer.size = 1048576 (custom)
2022-09-12 01:23:29,018 [pool-174-thread-1] INFO  server.RaftServerConfigKeys (ConfUtils.java:logGet(46)) - raft.server.log.unsafe-flush.enabled = false (default)
2022-09-12 01:23:29,018 [pool-174-thread-1] INFO  server.RaftServerConfigKeys (ConfUtils.java:logGet(46)) - raft.server.log.statemachine.data.caching.enabled = true (custom)
2022-09-12 01:23:29,018 [pool-174-thread-1] INFO  segmented.SegmentedRaftLogWorker (SegmentedRaftLogWorker.java:lambda$new$0(135)) - 59d5d0ad-089c-47a8-af70-50686448c5a7@group-374AAC182BE3-SegmentedRaftLogWorker: flushIndex: setUnconditionally 0 -> -1
2022-09-12 01:23:29,018 [pool-174-thread-1] INFO  segmented.SegmentedRaftLogWorker (SegmentedRaftLogWorker.java:lambda$new$0(135)) - 59d5d0ad-089c-47a8-af70-50686448c5a7@group-374AAC182BE3-SegmentedRaftLogWorker: safeCacheEvictIndex: setUnconditionally 0 -> -1
2022-09-12 01:23:29,018 [pool-174-thread-1] INFO  server.RaftServerConfigKeys (ConfUtils.java:logGet(46)) - raft.server.snapshot.auto.trigger.enabled = true (custom)
2022-09-12 01:23:29,019 [pool-174-thread-1] INFO  server.RaftServerConfigKeys (ConfUtils.java:logGet(46)) - raft.server.snapshot.auto.trigger.threshold = 10000 (custom)
2022-09-12 01:23:29,019 [pool-174-thread-1] INFO  server.RaftServerConfigKeys (ConfUtils.java:logGet(46)) - raft.server.snapshot.retention.file.num = 5 (custom)
2022-09-12 01:23:29,019 [pool-174-thread-1] INFO  server.RaftServerConfigKeys (ConfUtils.java:logGet(46)) - raft.server.log.purge.upto.snapshot.index = false (default)
2022-09-12 01:23:29,019 [pool-174-thread-1] INFO  server.RaftServerConfigKeys (ConfUtils.java:logGet(46)) - raft.server.retrycache.expirytime = 600000ms (custom)
2022-09-12 01:23:29,019 [pool-174-thread-1] INFO  server.RaftServerConfigKeys (ConfUtils.java:logGet(46)) - raft.server.retrycache.statistics.expirytime = 100μs (default)
2022-09-12 01:23:29,020 [pool-174-thread-1] INFO  server.RaftServerConfigKeys (ConfUtils.java:logGet(46)) - raft.server.log.appender.install.snapshot.enabled = false (custom)
2022-09-12 01:23:29,020 [pool-174-thread-1] INFO  server.RaftServerConfigKeys (ConfUtils.java:logGet(46)) - raft.server.threadpool.server.cached = true (default)
2022-09-12 01:23:29,020 [pool-174-thread-1] INFO  server.RaftServerConfigKeys (ConfUtils.java:logGet(46)) - raft.server.threadpool.server.size = 0 (default)
2022-09-12 01:23:29,020 [pool-174-thread-1] INFO  server.RaftServerConfigKeys (ConfUtils.java:logGet(46)) - raft.server.threadpool.client.cached = true (default)
2022-09-12 01:23:29,020 [pool-174-thread-1] INFO  server.RaftServerConfigKeys (ConfUtils.java:logGet(46)) - raft.server.threadpool.client.size = 0 (default)
2022-09-12 01:23:29,020 [pool-174-thread-1] INFO  server.RaftServer$Division (RaftServerImpl.java:start(310)) - 59d5d0ad-089c-47a8-af70-50686448c5a7@group-374AAC182BE3: start as a follower, conf=-1: [59d5d0ad-089c-47a8-af70-50686448c5a7|rpc:127.0.0.1:46841|priority:1], old=null
2022-09-12 01:23:29,020 [pool-174-thread-1] INFO  server.RaftServer$Division (RaftServerImpl.java:setRole(299)) - 59d5d0ad-089c-47a8-af70-50686448c5a7@group-374AAC182BE3: changes role from      null to FOLLOWER at term 0 for startAsFollower
2022-09-12 01:23:29,020 [pool-174-thread-1] INFO  impl.RoleInfo (RoleInfo.java:updateAndGet(139)) - 59d5d0ad-089c-47a8-af70-50686448c5a7: start 59d5d0ad-089c-47a8-af70-50686448c5a7@group-374AAC182BE3-FollowerState
2022-09-12 01:23:29,020 [pool-174-thread-1] INFO  util.JmxRegister (JmxRegister.java:tryRegister(44)) - Successfully registered JMX Bean with object name Ratis:service=RaftServer,group=group-374AAC182BE3,id=59d5d0ad-089c-47a8-af70-50686448c5a7
2022-09-12 01:23:29,021 [Command processor thread] INFO  ratis.XceiverServerRatis (XceiverServerRatis.java:addGroup(765)) - Created group PipelineID=57114f90-0974-4ee0-9f80-374aac182be3
2022-09-12 01:23:29,021 [Command processor thread] INFO  commandhandler.CreatePipelineCommandHandler (CreatePipelineCommandHandler.java:handle(113)) - Created Pipeline RATIS ONE PipelineID=57114f90-0974-4ee0-9f80-374aac182be3.
2022-09-12 01:23:30,008 [Listener at 127.0.0.1/34999] INFO  ozone.MiniOzoneClusterImpl (MiniOzoneClusterImpl.java:lambda$waitForClusterToBeReady$0(216)) - Nodes are ready. Got 3 of 3 DN Heartbeats.
2022-09-12 01:23:30,008 [Listener at 127.0.0.1/34999] INFO  ozone.MiniOzoneClusterImpl (MiniOzoneClusterImpl.java:lambda$waitForClusterToBeReady$0(219)) - Waiting for cluster to exit safe mode
2022-09-12 01:23:30,008 [Listener at 127.0.0.1/34999] INFO  ozone.MiniOzoneClusterImpl (MiniOzoneClusterImpl.java:lambda$waitForClusterToBeReady$0(221)) - SCM became leader
2022-09-12 01:23:31,009 [Listener at 127.0.0.1/34999] INFO  ozone.MiniOzoneClusterImpl (MiniOzoneClusterImpl.java:lambda$waitForClusterToBeReady$0(216)) - Nodes are ready. Got 3 of 3 DN Heartbeats.
2022-09-12 01:23:31,009 [Listener at 127.0.0.1/34999] INFO  ozone.MiniOzoneClusterImpl (MiniOzoneClusterImpl.java:lambda$waitForClusterToBeReady$0(219)) - Waiting for cluster to exit safe mode
2022-09-12 01:23:31,009 [Listener at 127.0.0.1/34999] INFO  ozone.MiniOzoneClusterImpl (MiniOzoneClusterImpl.java:lambda$waitForClusterToBeReady$0(221)) - SCM became leader
2022-09-12 01:23:32,010 [Listener at 127.0.0.1/34999] INFO  ozone.MiniOzoneClusterImpl (MiniOzoneClusterImpl.java:lambda$waitForClusterToBeReady$0(216)) - Nodes are ready. Got 3 of 3 DN Heartbeats.
2022-09-12 01:23:32,010 [Listener at 127.0.0.1/34999] INFO  ozone.MiniOzoneClusterImpl (MiniOzoneClusterImpl.java:lambda$waitForClusterToBeReady$0(219)) - Waiting for cluster to exit safe mode
2022-09-12 01:23:32,010 [Listener at 127.0.0.1/34999] INFO  ozone.MiniOzoneClusterImpl (MiniOzoneClusterImpl.java:lambda$waitForClusterToBeReady$0(221)) - SCM became leader
2022-09-12 01:23:33,010 [Listener at 127.0.0.1/34999] INFO  ozone.MiniOzoneClusterImpl (MiniOzoneClusterImpl.java:lambda$waitForClusterToBeReady$0(216)) - Nodes are ready. Got 3 of 3 DN Heartbeats.
2022-09-12 01:23:33,011 [Listener at 127.0.0.1/34999] INFO  ozone.MiniOzoneClusterImpl (MiniOzoneClusterImpl.java:lambda$waitForClusterToBeReady$0(219)) - Waiting for cluster to exit safe mode
2022-09-12 01:23:33,011 [Listener at 127.0.0.1/34999] INFO  ozone.MiniOzoneClusterImpl (MiniOzoneClusterImpl.java:lambda$waitForClusterToBeReady$0(221)) - SCM became leader
2022-09-12 01:23:33,442 [03103273-3843-43f1-ae6a-2bbd7b09cada@group-44697FC21621-FollowerState] INFO  impl.FollowerState (FollowerState.java:run(143)) - 03103273-3843-43f1-ae6a-2bbd7b09cada@group-44697FC21621-FollowerState: change to CANDIDATE, lastRpcElapsedTime:5062037391ns, electionTimeout:5061ms
2022-09-12 01:23:33,442 [03103273-3843-43f1-ae6a-2bbd7b09cada@group-44697FC21621-FollowerState] INFO  impl.RoleInfo (RoleInfo.java:shutdownFollowerState(110)) - 03103273-3843-43f1-ae6a-2bbd7b09cada: shutdown 03103273-3843-43f1-ae6a-2bbd7b09cada@group-44697FC21621-FollowerState
2022-09-12 01:23:33,442 [03103273-3843-43f1-ae6a-2bbd7b09cada@group-44697FC21621-FollowerState] INFO  server.RaftServer$Division (RaftServerImpl.java:setRole(299)) - 03103273-3843-43f1-ae6a-2bbd7b09cada@group-44697FC21621: changes role from  FOLLOWER to CANDIDATE at term 0 for changeToCandidate
2022-09-12 01:23:33,442 [03103273-3843-43f1-ae6a-2bbd7b09cada@group-44697FC21621-FollowerState] INFO  server.RaftServerConfigKeys (ConfUtils.java:logGet(46)) - raft.server.leaderelection.pre-vote = false (custom)
2022-09-12 01:23:33,442 [03103273-3843-43f1-ae6a-2bbd7b09cada@group-44697FC21621-FollowerState] INFO  impl.RoleInfo (RoleInfo.java:updateAndGet(139)) - 03103273-3843-43f1-ae6a-2bbd7b09cada: start 03103273-3843-43f1-ae6a-2bbd7b09cada@group-44697FC21621-LeaderElection4
2022-09-12 01:23:33,445 [03103273-3843-43f1-ae6a-2bbd7b09cada@group-44697FC21621-LeaderElection4] INFO  impl.LeaderElection (LeaderElection.java:askForVotes(310)) - 03103273-3843-43f1-ae6a-2bbd7b09cada@group-44697FC21621-LeaderElection4 ELECTION round 0: submit vote requests at term 1 for -1: [03103273-3843-43f1-ae6a-2bbd7b09cada|rpc:127.0.0.1:44103|priority:1], old=null
2022-09-12 01:23:33,445 [03103273-3843-43f1-ae6a-2bbd7b09cada@group-44697FC21621-LeaderElection4] INFO  impl.LeaderElection (LeaderElection.java:askForVotes(312)) - 03103273-3843-43f1-ae6a-2bbd7b09cada@group-44697FC21621-LeaderElection4 ELECTION round 0: result PASSED (term=1)
2022-09-12 01:23:33,445 [03103273-3843-43f1-ae6a-2bbd7b09cada@group-44697FC21621-LeaderElection4] INFO  impl.RoleInfo (RoleInfo.java:shutdownLeaderElection(130)) - 03103273-3843-43f1-ae6a-2bbd7b09cada: shutdown 03103273-3843-43f1-ae6a-2bbd7b09cada@group-44697FC21621-LeaderElection4
2022-09-12 01:23:33,445 [03103273-3843-43f1-ae6a-2bbd7b09cada@group-44697FC21621-LeaderElection4] INFO  server.RaftServer$Division (RaftServerImpl.java:setRole(299)) - 03103273-3843-43f1-ae6a-2bbd7b09cada@group-44697FC21621: changes role from CANDIDATE to LEADER at term 1 for changeToLeader
2022-09-12 01:23:33,445 [03103273-3843-43f1-ae6a-2bbd7b09cada@group-44697FC21621-LeaderElection4] INFO  ratis.XceiverServerRatis (XceiverServerRatis.java:handleLeaderChangedNotification(863)) - Leader change notification received for group: group-44697FC21621 with new leaderId: 03103273-3843-43f1-ae6a-2bbd7b09cada
2022-09-12 01:23:33,445 [03103273-3843-43f1-ae6a-2bbd7b09cada@group-44697FC21621-LeaderElection4] INFO  server.RaftServer$Division (ServerState.java:setLeader(287)) - 03103273-3843-43f1-ae6a-2bbd7b09cada@group-44697FC21621: change Leader from null to 03103273-3843-43f1-ae6a-2bbd7b09cada at term 1 for becomeLeader, leader elected after 5087ms
2022-09-12 01:23:33,445 [03103273-3843-43f1-ae6a-2bbd7b09cada@group-44697FC21621-LeaderElection4] INFO  server.RaftServerConfigKeys (ConfUtils.java:logGet(46)) - raft.server.staging.catchup.gap = 1000 (default)
2022-09-12 01:23:33,446 [03103273-3843-43f1-ae6a-2bbd7b09cada@group-44697FC21621-LeaderElection4] INFO  server.RaftServerConfigKeys (ConfUtils.java:logGet(46)) - raft.server.write.element-limit = 1024 (custom)
2022-09-12 01:23:33,446 [03103273-3843-43f1-ae6a-2bbd7b09cada@group-44697FC21621-LeaderElection4] INFO  server.RaftServerConfigKeys (ConfUtils.java:logGet(46)) - raft.server.write.byte-limit = 1024 M (=1073741824) (custom)
2022-09-12 01:23:33,446 [03103273-3843-43f1-ae6a-2bbd7b09cada@group-44697FC21621-LeaderElection4] INFO  server.RaftServerConfigKeys (ConfUtils.java:logGet(46)) - raft.server.watch.timeout = 180s (custom)
2022-09-12 01:23:33,446 [03103273-3843-43f1-ae6a-2bbd7b09cada@group-44697FC21621-LeaderElection4] INFO  server.RaftServerConfigKeys (ConfUtils.java:logGet(46)) - raft.server.watch.timeout.denomination = 1s (default)
2022-09-12 01:23:33,446 [03103273-3843-43f1-ae6a-2bbd7b09cada@group-44697FC21621-LeaderElection4] INFO  server.RaftServerConfigKeys (ConfUtils.java:logGet(46)) - raft.server.watch.element-limit = 65536 (default)
2022-09-12 01:23:33,446 [03103273-3843-43f1-ae6a-2bbd7b09cada@group-44697FC21621-LeaderElection4] INFO  server.RaftServerConfigKeys (ConfUtils.java:logGet(46)) - raft.server.write.element-limit = 1024 (custom)
2022-09-12 01:23:33,446 [03103273-3843-43f1-ae6a-2bbd7b09cada@group-44697FC21621-LeaderElection4] INFO  server.RaftServerConfigKeys (ConfUtils.java:logGet(46)) - raft.server.write.follower.gap.ratio.max = -1.0 (default)
2022-09-12 01:23:33,447 [03103273-3843-43f1-ae6a-2bbd7b09cada@group-44697FC21621-LeaderElection4] INFO  impl.RoleInfo (RoleInfo.java:updateAndGet(139)) - 03103273-3843-43f1-ae6a-2bbd7b09cada: start 03103273-3843-43f1-ae6a-2bbd7b09cada@group-44697FC21621-LeaderStateImpl
2022-09-12 01:23:33,447 [03103273-3843-43f1-ae6a-2bbd7b09cada@group-44697FC21621-LeaderElection4] INFO  segmented.SegmentedRaftLogWorker (SegmentedRaftLogWorker.java:startLogSegment(425)) - 03103273-3843-43f1-ae6a-2bbd7b09cada@group-44697FC21621-SegmentedRaftLogWorker: Starting segment from index:0
2022-09-12 01:23:33,447 [EventQueue-OpenPipelineForHealthyPipelineSafeModeRule] INFO  safemode.SCMSafeModeManager (HealthyPipelineSafeModeRule.java:process(137)) - SCM in safe mode. Healthy pipelines reported count is 0, required healthy pipeline reported count is 1
2022-09-12 01:23:33,448 [03103273-3843-43f1-ae6a-2bbd7b09cada@group-44697FC21621-SegmentedRaftLogWorker] INFO  segmented.SegmentedRaftLogWorker (SegmentedRaftLogWorker.java:execute(629)) - 03103273-3843-43f1-ae6a-2bbd7b09cada@group-44697FC21621-SegmentedRaftLogWorker: created new log segment /home/runner/work/ozone/ozone/hadoop-ozone/integration-test/target/test-dir/MiniOzoneClusterImpl-3d4a976f-5e4d-41d2-99e8-392de73f1c7a/datanode-0/data/ratis/43d97049-3253-4fda-a1a3-44697fc21621/current/log_inprogress_0
2022-09-12 01:23:33,451 [03103273-3843-43f1-ae6a-2bbd7b09cada@group-44697FC21621-LeaderElection4] INFO  server.RaftServer$Division (ServerState.java:setRaftConf(393)) - 03103273-3843-43f1-ae6a-2bbd7b09cada@group-44697FC21621: set configuration 0: [03103273-3843-43f1-ae6a-2bbd7b09cada|rpc:127.0.0.1:44103|dataStream:|priority:1], old=null
2022-09-12 01:23:33,507 [5a99e102-8acb-41a7-8340-e4a0eed09641@group-7C8174FDAC4C-FollowerState] INFO  impl.FollowerState (FollowerState.java:run(143)) - 5a99e102-8acb-41a7-8340-e4a0eed09641@group-7C8174FDAC4C-FollowerState: change to CANDIDATE, lastRpcElapsedTime:5041148852ns, electionTimeout:5038ms
2022-09-12 01:23:33,508 [5a99e102-8acb-41a7-8340-e4a0eed09641@group-7C8174FDAC4C-FollowerState] INFO  impl.RoleInfo (RoleInfo.java:shutdownFollowerState(110)) - 5a99e102-8acb-41a7-8340-e4a0eed09641: shutdown 5a99e102-8acb-41a7-8340-e4a0eed09641@group-7C8174FDAC4C-FollowerState
2022-09-12 01:23:33,508 [5a99e102-8acb-41a7-8340-e4a0eed09641@group-7C8174FDAC4C-FollowerState] INFO  server.RaftServer$Division (RaftServerImpl.java:setRole(299)) - 5a99e102-8acb-41a7-8340-e4a0eed09641@group-7C8174FDAC4C: changes role from  FOLLOWER to CANDIDATE at term 0 for changeToCandidate
2022-09-12 01:23:33,508 [5a99e102-8acb-41a7-8340-e4a0eed09641@group-7C8174FDAC4C-FollowerState] INFO  server.RaftServerConfigKeys (ConfUtils.java:logGet(46)) - raft.server.leaderelection.pre-vote = false (custom)
2022-09-12 01:23:33,508 [5a99e102-8acb-41a7-8340-e4a0eed09641@group-7C8174FDAC4C-FollowerState] INFO  impl.RoleInfo (RoleInfo.java:updateAndGet(139)) - 5a99e102-8acb-41a7-8340-e4a0eed09641: start 5a99e102-8acb-41a7-8340-e4a0eed09641@group-7C8174FDAC4C-LeaderElection5
2022-09-12 01:23:33,510 [5a99e102-8acb-41a7-8340-e4a0eed09641@group-7C8174FDAC4C-LeaderElection5] INFO  impl.LeaderElection (LeaderElection.java:askForVotes(310)) - 5a99e102-8acb-41a7-8340-e4a0eed09641@group-7C8174FDAC4C-LeaderElection5 ELECTION round 0: submit vote requests at term 1 for -1: [03103273-3843-43f1-ae6a-2bbd7b09cada|rpc:127.0.0.1:44103|dataStream:|priority:1, 5a99e102-8acb-41a7-8340-e4a0eed09641|rpc:127.0.0.1:35331|dataStream:|priority:0, 59d5d0ad-089c-47a8-af70-50686448c5a7|rpc:127.0.0.1:46841|dataStream:|priority:0], old=null
2022-09-12 01:23:33,524 [grpc-default-executor-0] INFO  server.RaftServer$Division (RaftServerImpl.java:requestVote(1152)) - 59d5d0ad-089c-47a8-af70-50686448c5a7@group-7C8174FDAC4C: receive requestVote(ELECTION, 5a99e102-8acb-41a7-8340-e4a0eed09641, group-7C8174FDAC4C, 1, (t:0, i:0))
2022-09-12 01:23:33,525 [grpc-default-executor-0] INFO  impl.VoteContext (VoteContext.java:log(48)) - 59d5d0ad-089c-47a8-af70-50686448c5a7@group-7C8174FDAC4C-FOLLOWER: accept ELECTION from 5a99e102-8acb-41a7-8340-e4a0eed09641: our priority 0 <= candidate's priority 0
2022-09-12 01:23:33,525 [grpc-default-executor-0] INFO  server.RaftServer$Division (RaftServerImpl.java:setRole(299)) - 59d5d0ad-089c-47a8-af70-50686448c5a7@group-7C8174FDAC4C: changes role from  FOLLOWER to FOLLOWER at term 1 for candidate:5a99e102-8acb-41a7-8340-e4a0eed09641
2022-09-12 01:23:33,525 [grpc-default-executor-0] INFO  impl.RoleInfo (RoleInfo.java:shutdownFollowerState(110)) - 59d5d0ad-089c-47a8-af70-50686448c5a7: shutdown 59d5d0ad-089c-47a8-af70-50686448c5a7@group-7C8174FDAC4C-FollowerState
2022-09-12 01:23:33,525 [grpc-default-executor-0] INFO  impl.RoleInfo (RoleInfo.java:updateAndGet(139)) - 59d5d0ad-089c-47a8-af70-50686448c5a7: start 59d5d0ad-089c-47a8-af70-50686448c5a7@group-7C8174FDAC4C-FollowerState
2022-09-12 01:23:33,525 [59d5d0ad-089c-47a8-af70-50686448c5a7@group-7C8174FDAC4C-FollowerState] INFO  impl.FollowerState (FollowerState.java:run(152)) - 59d5d0ad-089c-47a8-af70-50686448c5a7@group-7C8174FDAC4C-FollowerState was interrupted
2022-09-12 01:23:33,528 [grpc-default-executor-0] INFO  server.RaftServer$Division (RaftServerImpl.java:requestVote(1184)) - 59d5d0ad-089c-47a8-af70-50686448c5a7@group-7C8174FDAC4C replies to ELECTION vote request: 5a99e102-8acb-41a7-8340-e4a0eed09641<-59d5d0ad-089c-47a8-af70-50686448c5a7#0:OK-t1. Peer's state: 59d5d0ad-089c-47a8-af70-50686448c5a7@group-7C8174FDAC4C:t1, leader=null, voted=5a99e102-8acb-41a7-8340-e4a0eed09641, raftlog=59d5d0ad-089c-47a8-af70-50686448c5a7@group-7C8174FDAC4C-SegmentedRaftLog:OPENED:c-1, conf=-1: [03103273-3843-43f1-ae6a-2bbd7b09cada|rpc:127.0.0.1:44103|dataStream:|priority:1, 5a99e102-8acb-41a7-8340-e4a0eed09641|rpc:127.0.0.1:35331|dataStream:|priority:0, 59d5d0ad-089c-47a8-af70-50686448c5a7|rpc:127.0.0.1:46841|dataStream:|priority:0], old=null
2022-09-12 01:23:33,529 [grpc-default-executor-0] INFO  server.RaftServer$Division (RaftServerImpl.java:requestVote(1152)) - 03103273-3843-43f1-ae6a-2bbd7b09cada@group-7C8174FDAC4C: receive requestVote(ELECTION, 5a99e102-8acb-41a7-8340-e4a0eed09641, group-7C8174FDAC4C, 1, (t:0, i:0))
2022-09-12 01:23:33,529 [grpc-default-executor-0] INFO  impl.VoteContext (VoteContext.java:log(48)) - 03103273-3843-43f1-ae6a-2bbd7b09cada@group-7C8174FDAC4C-FOLLOWER: reject ELECTION from 5a99e102-8acb-41a7-8340-e4a0eed09641: our priority 1 > candidate's priority 0
2022-09-12 01:23:33,530 [grpc-default-executor-0] INFO  server.RaftServer$Division (RaftServerImpl.java:setRole(299)) - 03103273-3843-43f1-ae6a-2bbd7b09cada@group-7C8174FDAC4C: changes role from  FOLLOWER to FOLLOWER at term 1 for candidate:5a99e102-8acb-41a7-8340-e4a0eed09641
2022-09-12 01:23:33,530 [grpc-default-executor-0] INFO  impl.RoleInfo (RoleInfo.java:shutdownFollowerState(110)) - 03103273-3843-43f1-ae6a-2bbd7b09cada: shutdown 03103273-3843-43f1-ae6a-2bbd7b09cada@group-7C8174FDAC4C-FollowerState
2022-09-12 01:23:33,530 [grpc-default-executor-0] INFO  impl.RoleInfo (RoleInfo.java:updateAndGet(139)) - 03103273-3843-43f1-ae6a-2bbd7b09cada: start 03103273-3843-43f1-ae6a-2bbd7b09cada@group-7C8174FDAC4C-FollowerState
2022-09-12 01:23:33,530 [03103273-3843-43f1-ae6a-2bbd7b09cada@group-7C8174FDAC4C-FollowerState] INFO  impl.FollowerState (FollowerState.java:run(152)) - 03103273-3843-43f1-ae6a-2bbd7b09cada@group-7C8174FDAC4C-FollowerState was interrupted
2022-09-12 01:23:33,532 [grpc-default-executor-0] INFO  server.RaftServer$Division (RaftServerImpl.java:requestVote(1184)) - 03103273-3843-43f1-ae6a-2bbd7b09cada@group-7C8174FDAC4C replies to ELECTION vote request: 5a99e102-8acb-41a7-8340-e4a0eed09641<-03103273-3843-43f1-ae6a-2bbd7b09cada#0:FAIL-t1. Peer's state: 03103273-3843-43f1-ae6a-2bbd7b09cada@group-7C8174FDAC4C:t1, leader=null, voted=null, raftlog=03103273-3843-43f1-ae6a-2bbd7b09cada@group-7C8174FDAC4C-SegmentedRaftLog:OPENED:c-1, conf=-1: [03103273-3843-43f1-ae6a-2bbd7b09cada|rpc:127.0.0.1:44103|priority:1, 5a99e102-8acb-41a7-8340-e4a0eed09641|rpc:127.0.0.1:35331|priority:0, 59d5d0ad-089c-47a8-af70-50686448c5a7|rpc:127.0.0.1:46841|priority:0], old=null
2022-09-12 01:23:33,533 [5a99e102-8acb-41a7-8340-e4a0eed09641@group-7C8174FDAC4C-LeaderElection5] INFO  impl.LeaderElection (LeaderElection.java:logAndReturn(90)) - 5a99e102-8acb-41a7-8340-e4a0eed09641@group-7C8174FDAC4C-LeaderElection5: ELECTION REJECTED received 2 response(s) and 0 exception(s):
2022-09-12 01:23:33,533 [5a99e102-8acb-41a7-8340-e4a0eed09641@group-7C8174FDAC4C-LeaderElection5] INFO  impl.LeaderElection (LeaderElection.java:logAndReturn(94)) -   Response 0: 5a99e102-8acb-41a7-8340-e4a0eed09641<-03103273-3843-43f1-ae6a-2bbd7b09cada#0:FAIL-t1
2022-09-12 01:23:33,533 [5a99e102-8acb-41a7-8340-e4a0eed09641@group-7C8174FDAC4C-LeaderElection5] INFO  impl.LeaderElection (LeaderElection.java:logAndReturn(94)) -   Response 1: 5a99e102-8acb-41a7-8340-e4a0eed09641<-59d5d0ad-089c-47a8-af70-50686448c5a7#0:OK-t1
2022-09-12 01:23:33,533 [5a99e102-8acb-41a7-8340-e4a0eed09641@group-7C8174FDAC4C-LeaderElection5] INFO  impl.LeaderElection (LeaderElection.java:askForVotes(312)) - 5a99e102-8acb-41a7-8340-e4a0eed09641@group-7C8174FDAC4C-LeaderElection5 ELECTION round 0: result REJECTED
2022-09-12 01:23:33,533 [5a99e102-8acb-41a7-8340-e4a0eed09641@group-7C8174FDAC4C-LeaderElection5] INFO  server.RaftServer$Division (RaftServerImpl.java:setRole(299)) - 5a99e102-8acb-41a7-8340-e4a0eed09641@group-7C8174FDAC4C: changes role from CANDIDATE to FOLLOWER at term 1 for REJECTED
2022-09-12 01:23:33,534 [5a99e102-8acb-41a7-8340-e4a0eed09641@group-7C8174FDAC4C-LeaderElection5] INFO  impl.RoleInfo (RoleInfo.java:shutdownLeaderElection(130)) - 5a99e102-8acb-41a7-8340-e4a0eed09641: shutdown 5a99e102-8acb-41a7-8340-e4a0eed09641@group-7C8174FDAC4C-LeaderElection5
2022-09-12 01:23:33,534 [5a99e102-8acb-41a7-8340-e4a0eed09641@group-7C8174FDAC4C-LeaderElection5] INFO  impl.RoleInfo (RoleInfo.java:updateAndGet(139)) - 5a99e102-8acb-41a7-8340-e4a0eed09641: start 5a99e102-8acb-41a7-8340-e4a0eed09641@group-7C8174FDAC4C-FollowerState
2022-09-12 01:23:33,645 [03103273-3843-43f1-ae6a-2bbd7b09cada@group-4471245E049C-FollowerState] INFO  impl.FollowerState (FollowerState.java:run(143)) - 03103273-3843-43f1-ae6a-2bbd7b09cada@group-4471245E049C-FollowerState: change to CANDIDATE, lastRpcElapsedTime:5095315332ns, electionTimeout:5095ms
2022-09-12 01:23:33,646 [03103273-3843-43f1-ae6a-2bbd7b09cada@group-4471245E049C-FollowerState] INFO  impl.RoleInfo (RoleInfo.java:shutdownFollowerState(110)) - 03103273-3843-43f1-ae6a-2bbd7b09cada: shutdown 03103273-3843-43f1-ae6a-2bbd7b09cada@group-4471245E049C-FollowerState
2022-09-12 01:23:33,646 [03103273-3843-43f1-ae6a-2bbd7b09cada@group-4471245E049C-FollowerState] INFO  server.RaftServer$Division (RaftServerImpl.java:setRole(299)) - 03103273-3843-43f1-ae6a-2bbd7b09cada@group-4471245E049C: changes role from  FOLLOWER to CANDIDATE at term 0 for changeToCandidate
2022-09-12 01:23:33,646 [03103273-3843-43f1-ae6a-2bbd7b09cada@group-4471245E049C-FollowerState] INFO  server.RaftServerConfigKeys (ConfUtils.java:logGet(46)) - raft.server.leaderelection.pre-vote = false (custom)
2022-09-12 01:23:33,647 [03103273-3843-43f1-ae6a-2bbd7b09cada@group-4471245E049C-FollowerState] INFO  impl.RoleInfo (RoleInfo.java:updateAndGet(139)) - 03103273-3843-43f1-ae6a-2bbd7b09cada: start 03103273-3843-43f1-ae6a-2bbd7b09cada@group-4471245E049C-LeaderElection6
2022-09-12 01:23:33,649 [03103273-3843-43f1-ae6a-2bbd7b09cada@group-4471245E049C-LeaderElection6] INFO  impl.LeaderElection (LeaderElection.java:askForVotes(310)) - 03103273-3843-43f1-ae6a-2bbd7b09cada@group-4471245E049C-LeaderElection6 ELECTION round 0: submit vote requests at term 1 for -1: [03103273-3843-43f1-ae6a-2bbd7b09cada|rpc:127.0.0.1:44103|priority:0, 5a99e102-8acb-41a7-8340-e4a0eed09641|rpc:127.0.0.1:35331|priority:1, 59d5d0ad-089c-47a8-af70-50686448c5a7|rpc:127.0.0.1:46841|priority:0], old=null
2022-09-12 01:23:33,660 [grpc-default-executor-0] INFO  server.RaftServer$Division (RaftServerImpl.java:requestVote(1152)) - 59d5d0ad-089c-47a8-af70-50686448c5a7@group-4471245E049C: receive requestVote(ELECTION, 03103273-3843-43f1-ae6a-2bbd7b09cada, group-4471245E049C, 1, (t:0, i:0))
2022-09-12 01:23:33,660 [grpc-default-executor-0] INFO  impl.VoteContext (VoteContext.java:log(48)) - 59d5d0ad-089c-47a8-af70-50686448c5a7@group-4471245E049C-FOLLOWER: accept ELECTION from 03103273-3843-43f1-ae6a-2bbd7b09cada: our priority 0 <= candidate's priority 0
2022-09-12 01:23:33,660 [grpc-default-executor-0] INFO  server.RaftServer$Division (RaftServerImpl.java:setRole(299)) - 59d5d0ad-089c-47a8-af70-50686448c5a7@group-4471245E049C: changes role from  FOLLOWER to FOLLOWER at term 1 for candidate:03103273-3843-43f1-ae6a-2bbd7b09cada
2022-09-12 01:23:33,660 [grpc-default-executor-0] INFO  impl.RoleInfo (RoleInfo.java:shutdownFollowerState(110)) - 59d5d0ad-089c-47a8-af70-50686448c5a7: shutdown 59d5d0ad-089c-47a8-af70-50686448c5a7@group-4471245E049C-FollowerState
2022-09-12 01:23:33,660 [grpc-default-executor-0] INFO  impl.RoleInfo (RoleInfo.java:updateAndGet(139)) - 59d5d0ad-089c-47a8-af70-50686448c5a7: start 59d5d0ad-089c-47a8-af70-50686448c5a7@group-4471245E049C-FollowerState
2022-09-12 01:23:33,660 [59d5d0ad-089c-47a8-af70-50686448c5a7@group-4471245E049C-FollowerState] INFO  impl.FollowerState (FollowerState.java:run(152)) - 59d5d0ad-089c-47a8-af70-50686448c5a7@group-4471245E049C-FollowerState was interrupted
2022-09-12 01:23:33,663 [grpc-default-executor-0] INFO  server.RaftServer$Division (RaftServerImpl.java:requestVote(1184)) - 59d5d0ad-089c-47a8-af70-50686448c5a7@group-4471245E049C replies to ELECTION vote request: 03103273-3843-43f1-ae6a-2bbd7b09cada<-59d5d0ad-089c-47a8-af70-50686448c5a7#0:OK-t1. Peer's state: 59d5d0ad-089c-47a8-af70-50686448c5a7@group-4471245E049C:t1, leader=null, voted=03103273-3843-43f1-ae6a-2bbd7b09cada, raftlog=59d5d0ad-089c-47a8-af70-50686448c5a7@group-4471245E049C-SegmentedRaftLog:OPENED:c-1, conf=-1: [03103273-3843-43f1-ae6a-2bbd7b09cada|rpc:127.0.0.1:44103|dataStream:|priority:0, 5a99e102-8acb-41a7-8340-e4a0eed09641|rpc:127.0.0.1:35331|dataStream:|priority:1, 59d5d0ad-089c-47a8-af70-50686448c5a7|rpc:127.0.0.1:46841|dataStream:|priority:0], old=null
2022-09-12 01:23:33,665 [grpc-default-executor-1] INFO  server.RaftServer$Division (RaftServerImpl.java:requestVote(1152)) - 5a99e102-8acb-41a7-8340-e4a0eed09641@group-4471245E049C: receive requestVote(ELECTION, 03103273-3843-43f1-ae6a-2bbd7b09cada, group-4471245E049C, 1, (t:0, i:0))
2022-09-12 01:23:33,666 [grpc-default-executor-1] INFO  impl.VoteContext (VoteContext.java:log(48)) - 5a99e102-8acb-41a7-8340-e4a0eed09641@group-4471245E049C-FOLLOWER: reject ELECTION from 03103273-3843-43f1-ae6a-2bbd7b09cada: our priority 1 > candidate's priority 0
2022-09-12 01:23:33,666 [grpc-default-executor-1] INFO  server.RaftServer$Division (RaftServerImpl.java:setRole(299)) - 5a99e102-8acb-41a7-8340-e4a0eed09641@group-4471245E049C: changes role from  FOLLOWER to FOLLOWER at term 1 for candidate:03103273-3843-43f1-ae6a-2bbd7b09cada
2022-09-12 01:23:33,666 [grpc-default-executor-1] INFO  impl.RoleInfo (RoleInfo.java:shutdownFollowerState(110)) - 5a99e102-8acb-41a7-8340-e4a0eed09641: shutdown 5a99e102-8acb-41a7-8340-e4a0eed09641@group-4471245E049C-FollowerState
2022-09-12 01:23:33,666 [grpc-default-executor-1] INFO  impl.RoleInfo (RoleInfo.java:updateAndGet(139)) - 5a99e102-8acb-41a7-8340-e4a0eed09641: start 5a99e102-8acb-41a7-8340-e4a0eed09641@group-4471245E049C-FollowerState
2022-09-12 01:23:33,666 [5a99e102-8acb-41a7-8340-e4a0eed09641@group-4471245E049C-FollowerState] INFO  impl.FollowerState (FollowerState.java:run(152)) - 5a99e102-8acb-41a7-8340-e4a0eed09641@group-4471245E049C-FollowerState was interrupted
2022-09-12 01:23:33,673 [grpc-default-executor-1] INFO  server.RaftServer$Division (RaftServerImpl.java:requestVote(1184)) - 5a99e102-8acb-41a7-8340-e4a0eed09641@group-4471245E049C replies to ELECTION vote request: 03103273-3843-43f1-ae6a-2bbd7b09cada<-5a99e102-8acb-41a7-8340-e4a0eed09641#0:FAIL-t1. Peer's state: 5a99e102-8acb-41a7-8340-e4a0eed09641@group-4471245E049C:t1, leader=null, voted=null, raftlog=5a99e102-8acb-41a7-8340-e4a0eed09641@group-4471245E049C-SegmentedRaftLog:OPENED:c-1, conf=-1: [03103273-3843-43f1-ae6a-2bbd7b09cada|rpc:127.0.0.1:44103|dataStream:|priority:0, 5a99e102-8acb-41a7-8340-e4a0eed09641|rpc:127.0.0.1:35331|dataStream:|priority:1, 59d5d0ad-089c-47a8-af70-50686448c5a7|rpc:127.0.0.1:46841|dataStream:|priority:0], old=null
2022-09-12 01:23:33,675 [03103273-3843-43f1-ae6a-2bbd7b09cada@group-4471245E049C-LeaderElection6] INFO  impl.LeaderElection (LeaderElection.java:logAndReturn(90)) - 03103273-3843-43f1-ae6a-2bbd7b09cada@group-4471245E049C-LeaderElection6: ELECTION REJECTED received 2 response(s) and 0 exception(s):
2022-09-12 01:23:33,675 [03103273-3843-43f1-ae6a-2bbd7b09cada@group-4471245E049C-LeaderElection6] INFO  impl.LeaderElection (LeaderElection.java:logAndReturn(94)) -   Response 0: 03103273-3843-43f1-ae6a-2bbd7b09cada<-5a99e102-8acb-41a7-8340-e4a0eed09641#0:FAIL-t1
2022-09-12 01:23:33,675 [03103273-3843-43f1-ae6a-2bbd7b09cada@group-4471245E049C-LeaderElection6] INFO  impl.LeaderElection (LeaderElection.java:logAndReturn(94)) -   Response 1: 03103273-3843-43f1-ae6a-2bbd7b09cada<-59d5d0ad-089c-47a8-af70-50686448c5a7#0:OK-t1
2022-09-12 01:23:33,675 [03103273-3843-43f1-ae6a-2bbd7b09cada@group-4471245E049C-LeaderElection6] INFO  impl.LeaderElection (LeaderElection.java:askForVotes(312)) - 03103273-3843-43f1-ae6a-2bbd7b09cada@group-4471245E049C-LeaderElection6 ELECTION round 0: result REJECTED
2022-09-12 01:23:33,675 [03103273-3843-43f1-ae6a-2bbd7b09cada@group-4471245E049C-LeaderElection6] INFO  server.RaftServer$Division (RaftServerImpl.java:setRole(299)) - 03103273-3843-43f1-ae6a-2bbd7b09cada@group-4471245E049C: changes role from CANDIDATE to FOLLOWER at term 1 for REJECTED
2022-09-12 01:23:33,676 [03103273-3843-43f1-ae6a-2bbd7b09cada@group-4471245E049C-LeaderElection6] INFO  impl.RoleInfo (RoleInfo.java:shutdownLeaderElection(130)) - 03103273-3843-43f1-ae6a-2bbd7b09cada: shutdown 03103273-3843-43f1-ae6a-2bbd7b09cada@group-4471245E049C-LeaderElection6
2022-09-12 01:23:33,676 [03103273-3843-43f1-ae6a-2bbd7b09cada@group-4471245E049C-LeaderElection6] INFO  impl.RoleInfo (RoleInfo.java:updateAndGet(139)) - 03103273-3843-43f1-ae6a-2bbd7b09cada: start 03103273-3843-43f1-ae6a-2bbd7b09cada@group-4471245E049C-FollowerState
2022-09-12 01:23:33,871 [5a99e102-8acb-41a7-8340-e4a0eed09641@group-04D68DF0D129-FollowerState] INFO  impl.FollowerState (FollowerState.java:run(143)) - 5a99e102-8acb-41a7-8340-e4a0eed09641@group-04D68DF0D129-FollowerState: change to CANDIDATE, lastRpcElapsedTime:5148664218ns, electionTimeout:5148ms
2022-09-12 01:23:33,872 [5a99e102-8acb-41a7-8340-e4a0eed09641@group-04D68DF0D129-FollowerState] INFO  impl.RoleInfo (RoleInfo.java:shutdownFollowerState(110)) - 5a99e102-8acb-41a7-8340-e4a0eed09641: shutdown 5a99e102-8acb-41a7-8340-e4a0eed09641@group-04D68DF0D129-FollowerState
2022-09-12 01:23:33,872 [5a99e102-8acb-41a7-8340-e4a0eed09641@group-04D68DF0D129-FollowerState] INFO  server.RaftServer$Division (RaftServerImpl.java:setRole(299)) - 5a99e102-8acb-41a7-8340-e4a0eed09641@group-04D68DF0D129: changes role from  FOLLOWER to CANDIDATE at term 0 for changeToCandidate
2022-09-12 01:23:33,872 [5a99e102-8acb-41a7-8340-e4a0eed09641@group-04D68DF0D129-FollowerState] INFO  server.RaftServerConfigKeys (ConfUtils.java:logGet(46)) - raft.server.leaderelection.pre-vote = false (custom)
2022-09-12 01:23:33,873 [5a99e102-8acb-41a7-8340-e4a0eed09641@group-04D68DF0D129-FollowerState] INFO  impl.RoleInfo (RoleInfo.java:updateAndGet(139)) - 5a99e102-8acb-41a7-8340-e4a0eed09641: start 5a99e102-8acb-41a7-8340-e4a0eed09641@group-04D68DF0D129-LeaderElection7
2022-09-12 01:23:33,876 [5a99e102-8acb-41a7-8340-e4a0eed09641@group-04D68DF0D129-LeaderElection7] INFO  impl.LeaderElection (LeaderElection.java:askForVotes(310)) - 5a99e102-8acb-41a7-8340-e4a0eed09641@group-04D68DF0D129-LeaderElection7 ELECTION round 0: submit vote requests at term 1 for -1: [5a99e102-8acb-41a7-8340-e4a0eed09641|rpc:127.0.0.1:35331|priority:1], old=null
2022-09-12 01:23:33,876 [5a99e102-8acb-41a7-8340-e4a0eed09641@group-04D68DF0D129-LeaderElection7] INFO  impl.LeaderElection (LeaderElection.java:askForVotes(312)) - 5a99e102-8acb-41a7-8340-e4a0eed09641@group-04D68DF0D129-LeaderElection7 ELECTION round 0: result PASSED (term=1)
2022-09-12 01:23:33,876 [5a99e102-8acb-41a7-8340-e4a0eed09641@group-04D68DF0D129-LeaderElection7] INFO  impl.RoleInfo (RoleInfo.java:shutdownLeaderElection(130)) - 5a99e102-8acb-41a7-8340-e4a0eed09641: shutdown 5a99e102-8acb-41a7-8340-e4a0eed09641@group-04D68DF0D129-LeaderElection7
2022-09-12 01:23:33,876 [5a99e102-8acb-41a7-8340-e4a0eed09641@group-04D68DF0D129-LeaderElection7] INFO  server.RaftServer$Division (RaftServerImpl.java:setRole(299)) - 5a99e102-8acb-41a7-8340-e4a0eed09641@group-04D68DF0D129: changes role from CANDIDATE to LEADER at term 1 for changeToLeader
2022-09-12 01:23:33,876 [5a99e102-8acb-41a7-8340-e4a0eed09641@group-04D68DF0D129-LeaderElection7] INFO  ratis.XceiverServerRatis (XceiverServerRatis.java:handleLeaderChangedNotification(863)) - Leader change notification received for group: group-04D68DF0D129 with new leaderId: 5a99e102-8acb-41a7-8340-e4a0eed09641
2022-09-12 01:23:33,876 [5a99e102-8acb-41a7-8340-e4a0eed09641@group-04D68DF0D129-LeaderElection7] INFO  server.RaftServer$Division (ServerState.java:setLeader(287)) - 5a99e102-8acb-41a7-8340-e4a0eed09641@group-04D68DF0D129: change Leader from null to 5a99e102-8acb-41a7-8340-e4a0eed09641 at term 1 for becomeLeader, leader elected after 5161ms
2022-09-12 01:23:33,876 [5a99e102-8acb-41a7-8340-e4a0eed09641@group-04D68DF0D129-LeaderElection7] INFO  server.RaftServerConfigKeys (ConfUtils.java:logGet(46)) - raft.server.staging.catchup.gap = 1000 (default)
2022-09-12 01:23:33,876 [5a99e102-8acb-41a7-8340-e4a0eed09641@group-04D68DF0D129-LeaderElection7] INFO  server.RaftServerConfigKeys (ConfUtils.java:logGet(46)) - raft.server.write.element-limit = 1024 (custom)
2022-09-12 01:23:33,876 [5a99e102-8acb-41a7-8340-e4a0eed09641@group-04D68DF0D129-LeaderElection7] INFO  server.RaftServerConfigKeys (ConfUtils.java:logGet(46)) - raft.server.write.byte-limit = 1024 M (=1073741824) (custom)
2022-09-12 01:23:33,877 [5a99e102-8acb-41a7-8340-e4a0eed09641@group-04D68DF0D129-LeaderElection7] INFO  server.RaftServerConfigKeys (ConfUtils.java:logGet(46)) - raft.server.watch.timeout = 180s (custom)
2022-09-12 01:23:33,877 [5a99e102-8acb-41a7-8340-e4a0eed09641@group-04D68DF0D129-LeaderElection7] INFO  server.RaftServerConfigKeys (ConfUtils.java:logGet(46)) - raft.server.watch.timeout.denomination = 1s (default)
2022-09-12 01:23:33,877 [5a99e102-8acb-41a7-8340-e4a0eed09641@group-04D68DF0D129-LeaderElection7] INFO  server.RaftServerConfigKeys (ConfUtils.java:logGet(46)) - raft.server.watch.element-limit = 65536 (default)
2022-09-12 01:23:33,877 [5a99e102-8acb-41a7-8340-e4a0eed09641@group-04D68DF0D129-LeaderElection7] INFO  server.RaftServerConfigKeys (ConfUtils.java:logGet(46)) - raft.server.write.element-limit = 1024 (custom)
2022-09-12 01:23:33,877 [5a99e102-8acb-41a7-8340-e4a0eed09641@group-04D68DF0D129-LeaderElection7] INFO  server.RaftServerConfigKeys (ConfUtils.java:logGet(46)) - raft.server.write.follower.gap.ratio.max = -1.0 (default)
2022-09-12 01:23:33,877 [EventQueue-OpenPipelineForHealthyPipelineSafeModeRule] INFO  safemode.SCMSafeModeManager (HealthyPipelineSafeModeRule.java:process(137)) - SCM in safe mode. Healthy pipelines reported count is 0, required healthy pipeline reported count is 1
2022-09-12 01:23:33,878 [5a99e102-8acb-41a7-8340-e4a0eed09641@group-04D68DF0D129-LeaderElection7] INFO  impl.RoleInfo (RoleInfo.java:updateAndGet(139)) - 5a99e102-8acb-41a7-8340-e4a0eed09641: start 5a99e102-8acb-41a7-8340-e4a0eed09641@group-04D68DF0D129-LeaderStateImpl
2022-09-12 01:23:33,878 [5a99e102-8acb-41a7-8340-e4a0eed09641@group-04D68DF0D129-LeaderElection7] INFO  segmented.SegmentedRaftLogWorker (SegmentedRaftLogWorker.java:startLogSegment(425)) - 5a99e102-8acb-41a7-8340-e4a0eed09641@group-04D68DF0D129-SegmentedRaftLogWorker: Starting segment from index:0
2022-09-12 01:23:33,879 [5a99e102-8acb-41a7-8340-e4a0eed09641@group-04D68DF0D129-SegmentedRaftLogWorker] INFO  segmented.SegmentedRaftLogWorker (SegmentedRaftLogWorker.java:execute(629)) - 5a99e102-8acb-41a7-8340-e4a0eed09641@group-04D68DF0D129-SegmentedRaftLogWorker: created new log segment /home/runner/work/ozone/ozone/hadoop-ozone/integration-test/target/test-dir/MiniOzoneClusterImpl-3d4a976f-5e4d-41d2-99e8-392de73f1c7a/datanode-1/data/ratis/759f337b-a9bc-45de-8068-04d68df0d129/current/log_inprogress_0
2022-09-12 01:23:33,881 [5a99e102-8acb-41a7-8340-e4a0eed09641@group-04D68DF0D129-LeaderElection7] INFO  server.RaftServer$Division (ServerState.java:setRaftConf(393)) - 5a99e102-8acb-41a7-8340-e4a0eed09641@group-04D68DF0D129: set configuration 0: [5a99e102-8acb-41a7-8340-e4a0eed09641|rpc:127.0.0.1:35331|dataStream:|priority:1], old=null
2022-09-12 01:23:34,011 [Listener at 127.0.0.1/34999] INFO  ozone.MiniOzoneClusterImpl (MiniOzoneClusterImpl.java:lambda$waitForClusterToBeReady$0(216)) - Nodes are ready. Got 3 of 3 DN Heartbeats.
2022-09-12 01:23:34,011 [Listener at 127.0.0.1/34999] INFO  ozone.MiniOzoneClusterImpl (MiniOzoneClusterImpl.java:lambda$waitForClusterToBeReady$0(219)) - Waiting for cluster to exit safe mode
2022-09-12 01:23:34,011 [Listener at 127.0.0.1/34999] INFO  ozone.MiniOzoneClusterImpl (MiniOzoneClusterImpl.java:lambda$waitForClusterToBeReady$0(221)) - SCM became leader
2022-09-12 01:23:34,089 [59d5d0ad-089c-47a8-af70-50686448c5a7@group-374AAC182BE3-FollowerState] INFO  impl.FollowerState (FollowerState.java:run(143)) - 59d5d0ad-089c-47a8-af70-50686448c5a7@group-374AAC182BE3-FollowerState: change to CANDIDATE, lastRpcElapsedTime:5068779233ns, electionTimeout:5068ms
2022-09-12 01:23:34,089 [59d5d0ad-089c-47a8-af70-50686448c5a7@group-374AAC182BE3-FollowerState] INFO  impl.RoleInfo (RoleInfo.java:shutdownFollowerState(110)) - 59d5d0ad-089c-47a8-af70-50686448c5a7: shutdown 59d5d0ad-089c-47a8-af70-50686448c5a7@group-374AAC182BE3-FollowerState
2022-09-12 01:23:34,089 [59d5d0ad-089c-47a8-af70-50686448c5a7@group-374AAC182BE3-FollowerState] INFO  server.RaftServer$Division (RaftServerImpl.java:setRole(299)) - 59d5d0ad-089c-47a8-af70-50686448c5a7@group-374AAC182BE3: changes role from  FOLLOWER to CANDIDATE at term 0 for changeToCandidate
2022-09-12 01:23:34,089 [59d5d0ad-089c-47a8-af70-50686448c5a7@group-374AAC182BE3-FollowerState] INFO  server.RaftServerConfigKeys (ConfUtils.java:logGet(46)) - raft.server.leaderelection.pre-vote = false (custom)
2022-09-12 01:23:34,089 [59d5d0ad-089c-47a8-af70-50686448c5a7@group-374AAC182BE3-FollowerState] INFO  impl.RoleInfo (RoleInfo.java:updateAndGet(139)) - 59d5d0ad-089c-47a8-af70-50686448c5a7: start 59d5d0ad-089c-47a8-af70-50686448c5a7@group-374AAC182BE3-LeaderElection8
2022-09-12 01:23:34,099 [59d5d0ad-089c-47a8-af70-50686448c5a7@group-374AAC182BE3-LeaderElection8] INFO  impl.LeaderElection (LeaderElection.java:askForVotes(310)) - 59d5d0ad-089c-47a8-af70-50686448c5a7@group-374AAC182BE3-LeaderElection8 ELECTION round 0: submit vote requests at term 1 for -1: [59d5d0ad-089c-47a8-af70-50686448c5a7|rpc:127.0.0.1:46841|priority:1], old=null
2022-09-12 01:23:34,099 [59d5d0ad-089c-47a8-af70-50686448c5a7@group-374AAC182BE3-LeaderElection8] INFO  impl.LeaderElection (LeaderElection.java:askForVotes(312)) - 59d5d0ad-089c-47a8-af70-50686448c5a7@group-374AAC182BE3-LeaderElection8 ELECTION round 0: result PASSED (term=1)
2022-09-12 01:23:34,099 [59d5d0ad-089c-47a8-af70-50686448c5a7@group-374AAC182BE3-LeaderElection8] INFO  impl.RoleInfo (RoleInfo.java:shutdownLeaderElection(130)) - 59d5d0ad-089c-47a8-af70-50686448c5a7: shutdown 59d5d0ad-089c-47a8-af70-50686448c5a7@group-374AAC182BE3-LeaderElection8
2022-09-12 01:23:34,099 [59d5d0ad-089c-47a8-af70-50686448c5a7@group-374AAC182BE3-LeaderElection8] INFO  server.RaftServer$Division (RaftServerImpl.java:setRole(299)) - 59d5d0ad-089c-47a8-af70-50686448c5a7@group-374AAC182BE3: changes role from CANDIDATE to LEADER at term 1 for changeToLeader
2022-09-12 01:23:34,099 [59d5d0ad-089c-47a8-af70-50686448c5a7@group-374AAC182BE3-LeaderElection8] INFO  ratis.XceiverServerRatis (XceiverServerRatis.java:handleLeaderChangedNotification(863)) - Leader change notification received for group: group-374AAC182BE3 with new leaderId: 59d5d0ad-089c-47a8-af70-50686448c5a7
2022-09-12 01:23:34,100 [59d5d0ad-089c-47a8-af70-50686448c5a7@group-374AAC182BE3-LeaderElection8] INFO  server.RaftServer$Division (ServerState.java:setLeader(287)) - 59d5d0ad-089c-47a8-af70-50686448c5a7@group-374AAC182BE3: change Leader from null to 59d5d0ad-089c-47a8-af70-50686448c5a7 at term 1 for becomeLeader, leader elected after 5091ms
2022-09-12 01:23:34,100 [59d5d0ad-089c-47a8-af70-50686448c5a7@group-374AAC182BE3-LeaderElection8] INFO  server.RaftServerConfigKeys (ConfUtils.java:logGet(46)) - raft.server.staging.catchup.gap = 1000 (default)
2022-09-12 01:23:34,100 [59d5d0ad-089c-47a8-af70-50686448c5a7@group-374AAC182BE3-LeaderElection8] INFO  server.RaftServerConfigKeys (ConfUtils.java:logGet(46)) - raft.server.write.element-limit = 1024 (custom)
2022-09-12 01:23:34,102 [EventQueue-OpenPipelineForHealthyPipelineSafeModeRule] INFO  safemode.SCMSafeModeManager (HealthyPipelineSafeModeRule.java:process(137)) - SCM in safe mode. Healthy pipelines reported count is 0, required healthy pipeline reported count is 1
2022-09-12 01:23:34,102 [59d5d0ad-089c-47a8-af70-50686448c5a7@group-374AAC182BE3-LeaderElection8] INFO  server.RaftServerConfigKeys (ConfUtils.java:logGet(46)) - raft.server.write.byte-limit = 1024 M (=1073741824) (custom)
2022-09-12 01:23:34,103 [59d5d0ad-089c-47a8-af70-50686448c5a7@group-374AAC182BE3-LeaderElection8] INFO  server.RaftServerConfigKeys (ConfUtils.java:logGet(46)) - raft.server.watch.timeout = 180s (custom)
2022-09-12 01:23:34,103 [59d5d0ad-089c-47a8-af70-50686448c5a7@group-374AAC182BE3-LeaderElection8] INFO  server.RaftServerConfigKeys (ConfUtils.java:logGet(46)) - raft.server.watch.timeout.denomination = 1s (default)
2022-09-12 01:23:34,103 [59d5d0ad-089c-47a8-af70-50686448c5a7@group-374AAC182BE3-LeaderElection8] INFO  server.RaftServerConfigKeys (ConfUtils.java:logGet(46)) - raft.server.watch.element-limit = 65536 (default)
2022-09-12 01:23:34,103 [59d5d0ad-089c-47a8-af70-50686448c5a7@group-374AAC182BE3-LeaderElection8] INFO  server.RaftServerConfigKeys (ConfUtils.java:logGet(46)) - raft.server.write.element-limit = 1024 (custom)
2022-09-12 01:23:34,103 [59d5d0ad-089c-47a8-af70-50686448c5a7@group-374AAC182BE3-LeaderElection8] INFO  server.RaftServerConfigKeys (ConfUtils.java:logGet(46)) - raft.server.write.follower.gap.ratio.max = -1.0 (default)
2022-09-12 01:23:34,103 [59d5d0ad-089c-47a8-af70-50686448c5a7@group-374AAC182BE3-LeaderElection8] INFO  impl.RoleInfo (RoleInfo.java:updateAndGet(139)) - 59d5d0ad-089c-47a8-af70-50686448c5a7: start 59d5d0ad-089c-47a8-af70-50686448c5a7@group-374AAC182BE3-LeaderStateImpl
2022-09-12 01:23:34,104 [59d5d0ad-089c-47a8-af70-50686448c5a7@group-374AAC182BE3-LeaderElection8] INFO  segmented.SegmentedRaftLogWorker (SegmentedRaftLogWorker.java:startLogSegment(425)) - 59d5d0ad-089c-47a8-af70-50686448c5a7@group-374AAC182BE3-SegmentedRaftLogWorker: Starting segment from index:0
2022-09-12 01:23:34,106 [59d5d0ad-089c-47a8-af70-50686448c5a7@group-374AAC182BE3-LeaderElection8] INFO  server.RaftServer$Division (ServerState.java:setRaftConf(393)) - 59d5d0ad-089c-47a8-af70-50686448c5a7@group-374AAC182BE3: set configuration 0: [59d5d0ad-089c-47a8-af70-50686448c5a7|rpc:127.0.0.1:46841|dataStream:|priority:1], old=null
2022-09-12 01:23:34,109 [59d5d0ad-089c-47a8-af70-50686448c5a7@group-374AAC182BE3-SegmentedRaftLogWorker] INFO  segmented.SegmentedRaftLogWorker (SegmentedRaftLogWorker.java:execute(629)) - 59d5d0ad-089c-47a8-af70-50686448c5a7@group-374AAC182BE3-SegmentedRaftLogWorker: created new log segment /home/runner/work/ozone/ozone/hadoop-ozone/integration-test/target/test-dir/MiniOzoneClusterImpl-3d4a976f-5e4d-41d2-99e8-392de73f1c7a/datanode-2/data/ratis/57114f90-0974-4ee0-9f80-374aac182be3/current/log_inprogress_0
2022-09-12 01:23:35,011 [Listener at 127.0.0.1/34999] INFO  ozone.MiniOzoneClusterImpl (MiniOzoneClusterImpl.java:lambda$waitForClusterToBeReady$0(216)) - Nodes are ready. Got 3 of 3 DN Heartbeats.
2022-09-12 01:23:35,012 [Listener at 127.0.0.1/34999] INFO  ozone.MiniOzoneClusterImpl (MiniOzoneClusterImpl.java:lambda$waitForClusterToBeReady$0(219)) - Waiting for cluster to exit safe mode
2022-09-12 01:23:35,012 [Listener at 127.0.0.1/34999] INFO  ozone.MiniOzoneClusterImpl (MiniOzoneClusterImpl.java:lambda$waitForClusterToBeReady$0(221)) - SCM became leader
2022-09-12 01:23:36,012 [Listener at 127.0.0.1/34999] INFO  ozone.MiniOzoneClusterImpl (MiniOzoneClusterImpl.java:lambda$waitForClusterToBeReady$0(216)) - Nodes are ready. Got 3 of 3 DN Heartbeats.
2022-09-12 01:23:36,012 [Listener at 127.0.0.1/34999] INFO  ozone.MiniOzoneClusterImpl (MiniOzoneClusterImpl.java:lambda$waitForClusterToBeReady$0(219)) - Waiting for cluster to exit safe mode
2022-09-12 01:23:36,012 [Listener at 127.0.0.1/34999] INFO  ozone.MiniOzoneClusterImpl (MiniOzoneClusterImpl.java:lambda$waitForClusterToBeReady$0(221)) - SCM became leader
2022-09-12 01:23:37,013 [Listener at 127.0.0.1/34999] INFO  ozone.MiniOzoneClusterImpl (MiniOzoneClusterImpl.java:lambda$waitForClusterToBeReady$0(216)) - Nodes are ready. Got 3 of 3 DN Heartbeats.
2022-09-12 01:23:37,013 [Listener at 127.0.0.1/34999] INFO  ozone.MiniOzoneClusterImpl (MiniOzoneClusterImpl.java:lambda$waitForClusterToBeReady$0(219)) - Waiting for cluster to exit safe mode
2022-09-12 01:23:37,013 [Listener at 127.0.0.1/34999] INFO  ozone.MiniOzoneClusterImpl (MiniOzoneClusterImpl.java:lambda$waitForClusterToBeReady$0(221)) - SCM became leader
2022-09-12 01:23:38,014 [Listener at 127.0.0.1/34999] INFO  ozone.MiniOzoneClusterImpl (MiniOzoneClusterImpl.java:lambda$waitForClusterToBeReady$0(216)) - Nodes are ready. Got 3 of 3 DN Heartbeats.
2022-09-12 01:23:38,014 [Listener at 127.0.0.1/34999] INFO  ozone.MiniOzoneClusterImpl (MiniOzoneClusterImpl.java:lambda$waitForClusterToBeReady$0(219)) - Waiting for cluster to exit safe mode
2022-09-12 01:23:38,015 [Listener at 127.0.0.1/34999] INFO  ozone.MiniOzoneClusterImpl (MiniOzoneClusterImpl.java:lambda$waitForClusterToBeReady$0(221)) - SCM became leader
2022-09-12 01:23:38,548 [03103273-3843-43f1-ae6a-2bbd7b09cada@group-7C8174FDAC4C-FollowerState] INFO  impl.FollowerState (FollowerState.java:run(143)) - 03103273-3843-43f1-ae6a-2bbd7b09cada@group-7C8174FDAC4C-FollowerState: change to CANDIDATE, lastRpcElapsedTime:5018208597ns, electionTimeout:5016ms
2022-09-12 01:23:38,548 [03103273-3843-43f1-ae6a-2bbd7b09cada@group-7C8174FDAC4C-FollowerState] INFO  impl.RoleInfo (RoleInfo.java:shutdownFollowerState(110)) - 03103273-3843-43f1-ae6a-2bbd7b09cada: shutdown 03103273-3843-43f1-ae6a-2bbd7b09cada@group-7C8174FDAC4C-FollowerState
2022-09-12 01:23:38,548 [03103273-3843-43f1-ae6a-2bbd7b09cada@group-7C8174FDAC4C-FollowerState] INFO  server.RaftServer$Division (RaftServerImpl.java:setRole(299)) - 03103273-3843-43f1-ae6a-2bbd7b09cada@group-7C8174FDAC4C: changes role from  FOLLOWER to CANDIDATE at term 1 for changeToCandidate
2022-09-12 01:23:38,548 [03103273-3843-43f1-ae6a-2bbd7b09cada@group-7C8174FDAC4C-FollowerState] INFO  server.RaftServerConfigKeys (ConfUtils.java:logGet(46)) - raft.server.leaderelection.pre-vote = false (custom)
2022-09-12 01:23:38,548 [03103273-3843-43f1-ae6a-2bbd7b09cada@group-7C8174FDAC4C-FollowerState] INFO  impl.RoleInfo (RoleInfo.java:updateAndGet(139)) - 03103273-3843-43f1-ae6a-2bbd7b09cada: start 03103273-3843-43f1-ae6a-2bbd7b09cada@group-7C8174FDAC4C-LeaderElection9
2022-09-12 01:23:38,550 [03103273-3843-43f1-ae6a-2bbd7b09cada@group-7C8174FDAC4C-LeaderElection9] INFO  impl.LeaderElection (LeaderElection.java:askForVotes(310)) - 03103273-3843-43f1-ae6a-2bbd7b09cada@group-7C8174FDAC4C-LeaderElection9 ELECTION round 0: submit vote requests at term 2 for -1: [03103273-3843-43f1-ae6a-2bbd7b09cada|rpc:127.0.0.1:44103|priority:1, 5a99e102-8acb-41a7-8340-e4a0eed09641|rpc:127.0.0.1:35331|priority:0, 59d5d0ad-089c-47a8-af70-50686448c5a7|rpc:127.0.0.1:46841|priority:0], old=null
2022-09-12 01:23:38,554 [grpc-default-executor-1] INFO  server.RaftServer$Division (RaftServerImpl.java:requestVote(1152)) - 5a99e102-8acb-41a7-8340-e4a0eed09641@group-7C8174FDAC4C: receive requestVote(ELECTION, 03103273-3843-43f1-ae6a-2bbd7b09cada, group-7C8174FDAC4C, 2, (t:0, i:0))
2022-09-12 01:23:38,554 [grpc-default-executor-1] INFO  impl.VoteContext (VoteContext.java:log(48)) - 5a99e102-8acb-41a7-8340-e4a0eed09641@group-7C8174FDAC4C-FOLLOWER: accept ELECTION from 03103273-3843-43f1-ae6a-2bbd7b09cada: our priority 0 <= candidate's priority 1
2022-09-12 01:23:38,554 [grpc-default-executor-1] INFO  server.RaftServer$Division (RaftServerImpl.java:setRole(299)) - 5a99e102-8acb-41a7-8340-e4a0eed09641@group-7C8174FDAC4C: changes role from  FOLLOWER to FOLLOWER at term 2 for candidate:03103273-3843-43f1-ae6a-2bbd7b09cada
2022-09-12 01:23:38,554 [grpc-default-executor-1] INFO  impl.RoleInfo (RoleInfo.java:shutdownFollowerState(110)) - 5a99e102-8acb-41a7-8340-e4a0eed09641: shutdown 5a99e102-8acb-41a7-8340-e4a0eed09641@group-7C8174FDAC4C-FollowerState
2022-09-12 01:23:38,554 [grpc-default-executor-1] INFO  impl.RoleInfo (RoleInfo.java:updateAndGet(139)) - 5a99e102-8acb-41a7-8340-e4a0eed09641: start 5a99e102-8acb-41a7-8340-e4a0eed09641@group-7C8174FDAC4C-FollowerState
2022-09-12 01:23:38,554 [5a99e102-8acb-41a7-8340-e4a0eed09641@group-7C8174FDAC4C-FollowerState] INFO  impl.FollowerState (FollowerState.java:run(152)) - 5a99e102-8acb-41a7-8340-e4a0eed09641@group-7C8174FDAC4C-FollowerState was interrupted
2022-09-12 01:23:38,561 [grpc-default-executor-0] INFO  server.RaftServer$Division (RaftServerImpl.java:requestVote(1152)) - 59d5d0ad-089c-47a8-af70-50686448c5a7@group-7C8174FDAC4C: receive requestVote(ELECTION, 03103273-3843-43f1-ae6a-2bbd7b09cada, group-7C8174FDAC4C, 2, (t:0, i:0))
2022-09-12 01:23:38,561 [grpc-default-executor-0] INFO  impl.VoteContext (VoteContext.java:log(48)) - 59d5d0ad-089c-47a8-af70-50686448c5a7@group-7C8174FDAC4C-FOLLOWER: accept ELECTION from 03103273-3843-43f1-ae6a-2bbd7b09cada: our priority 0 <= candidate's priority 1
2022-09-12 01:23:38,561 [grpc-default-executor-0] INFO  server.RaftServer$Division (RaftServerImpl.java:setRole(299)) - 59d5d0ad-089c-47a8-af70-50686448c5a7@group-7C8174FDAC4C: changes role from  FOLLOWER to FOLLOWER at term 2 for candidate:03103273-3843-43f1-ae6a-2bbd7b09cada
2022-09-12 01:23:38,561 [grpc-default-executor-0] INFO  impl.RoleInfo (RoleInfo.java:shutdownFollowerState(110)) - 59d5d0ad-089c-47a8-af70-50686448c5a7: shutdown 59d5d0ad-089c-47a8-af70-50686448c5a7@group-7C8174FDAC4C-FollowerState
2022-09-12 01:23:38,561 [grpc-default-executor-0] INFO  impl.RoleInfo (RoleInfo.java:updateAndGet(139)) - 59d5d0ad-089c-47a8-af70-50686448c5a7: start 59d5d0ad-089c-47a8-af70-50686448c5a7@group-7C8174FDAC4C-FollowerState
2022-09-12 01:23:38,561 [59d5d0ad-089c-47a8-af70-50686448c5a7@group-7C8174FDAC4C-FollowerState] INFO  impl.FollowerState (FollowerState.java:run(152)) - 59d5d0ad-089c-47a8-af70-50686448c5a7@group-7C8174FDAC4C-FollowerState was interrupted
2022-09-12 01:23:38,561 [grpc-default-executor-1] INFO  server.RaftServer$Division (RaftServerImpl.java:requestVote(1184)) - 5a99e102-8acb-41a7-8340-e4a0eed09641@group-7C8174FDAC4C replies to ELECTION vote request: 03103273-3843-43f1-ae6a-2bbd7b09cada<-5a99e102-8acb-41a7-8340-e4a0eed09641#0:OK-t2. Peer's state: 5a99e102-8acb-41a7-8340-e4a0eed09641@group-7C8174FDAC4C:t2, leader=null, voted=03103273-3843-43f1-ae6a-2bbd7b09cada, raftlog=5a99e102-8acb-41a7-8340-e4a0eed09641@group-7C8174FDAC4C-SegmentedRaftLog:OPENED:c-1, conf=-1: [03103273-3843-43f1-ae6a-2bbd7b09cada|rpc:127.0.0.1:44103|dataStream:|priority:1, 5a99e102-8acb-41a7-8340-e4a0eed09641|rpc:127.0.0.1:35331|dataStream:|priority:0, 59d5d0ad-089c-47a8-af70-50686448c5a7|rpc:127.0.0.1:46841|dataStream:|priority:0], old=null
2022-09-12 01:23:38,564 [03103273-3843-43f1-ae6a-2bbd7b09cada@group-7C8174FDAC4C-LeaderElection9] INFO  impl.LeaderElection (LeaderElection.java:logAndReturn(90)) - 03103273-3843-43f1-ae6a-2bbd7b09cada@group-7C8174FDAC4C-LeaderElection9: ELECTION PASSED received 1 response(s) and 0 exception(s):
2022-09-12 01:23:38,564 [03103273-3843-43f1-ae6a-2bbd7b09cada@group-7C8174FDAC4C-LeaderElection9] INFO  impl.LeaderElection (LeaderElection.java:logAndReturn(94)) -   Response 0: 03103273-3843-43f1-ae6a-2bbd7b09cada<-5a99e102-8acb-41a7-8340-e4a0eed09641#0:OK-t2
2022-09-12 01:23:38,564 [03103273-3843-43f1-ae6a-2bbd7b09cada@group-7C8174FDAC4C-LeaderElection9] INFO  impl.LeaderElection (LeaderElection.java:askForVotes(312)) - 03103273-3843-43f1-ae6a-2bbd7b09cada@group-7C8174FDAC4C-LeaderElection9 ELECTION round 0: result PASSED
2022-09-12 01:23:38,564 [grpc-default-executor-0] INFO  server.RaftServer$Division (RaftServerImpl.java:requestVote(1184)) - 59d5d0ad-089c-47a8-af70-50686448c5a7@group-7C8174FDAC4C replies to ELECTION vote request: 03103273-3843-43f1-ae6a-2bbd7b09cada<-59d5d0ad-089c-47a8-af70-50686448c5a7#0:OK-t2. Peer's state: 59d5d0ad-089c-47a8-af70-50686448c5a7@group-7C8174FDAC4C:t2, leader=null, voted=03103273-3843-43f1-ae6a-2bbd7b09cada, raftlog=59d5d0ad-089c-47a8-af70-50686448c5a7@group-7C8174FDAC4C-SegmentedRaftLog:OPENED:c-1, conf=-1: [03103273-3843-43f1-ae6a-2bbd7b09cada|rpc:127.0.0.1:44103|dataStream:|priority:1, 5a99e102-8acb-41a7-8340-e4a0eed09641|rpc:127.0.0.1:35331|dataStream:|priority:0, 59d5d0ad-089c-47a8-af70-50686448c5a7|rpc:127.0.0.1:46841|dataStream:|priority:0], old=null
2022-09-12 01:23:38,564 [03103273-3843-43f1-ae6a-2bbd7b09cada@group-7C8174FDAC4C-LeaderElection9] INFO  impl.RoleInfo (RoleInfo.java:shutdownLeaderElection(130)) - 03103273-3843-43f1-ae6a-2bbd7b09cada: shutdown 03103273-3843-43f1-ae6a-2bbd7b09cada@group-7C8174FDAC4C-LeaderElection9
2022-09-12 01:23:38,570 [03103273-3843-43f1-ae6a-2bbd7b09cada@group-7C8174FDAC4C-LeaderElection9] INFO  server.RaftServer$Division (RaftServerImpl.java:setRole(299)) - 03103273-3843-43f1-ae6a-2bbd7b09cada@group-7C8174FDAC4C: changes role from CANDIDATE to LEADER at term 2 for changeToLeader
2022-09-12 01:23:38,570 [03103273-3843-43f1-ae6a-2bbd7b09cada@group-7C8174FDAC4C-LeaderElection9] INFO  ratis.XceiverServerRatis (XceiverServerRatis.java:handleLeaderChangedNotification(863)) - Leader change notification received for group: group-7C8174FDAC4C with new leaderId: 03103273-3843-43f1-ae6a-2bbd7b09cada
2022-09-12 01:23:38,570 [03103273-3843-43f1-ae6a-2bbd7b09cada@group-7C8174FDAC4C-LeaderElection9] INFO  server.RaftServer$Division (ServerState.java:setLeader(287)) - 03103273-3843-43f1-ae6a-2bbd7b09cada@group-7C8174FDAC4C: change Leader from null to 03103273-3843-43f1-ae6a-2bbd7b09cada at term 2 for becomeLeader, leader elected after 10181ms
2022-09-12 01:23:38,571 [03103273-3843-43f1-ae6a-2bbd7b09cada@group-7C8174FDAC4C-LeaderElection9] INFO  server.RaftServerConfigKeys (ConfUtils.java:logGet(46)) - raft.server.staging.catchup.gap = 1000 (default)
2022-09-12 01:23:38,571 [03103273-3843-43f1-ae6a-2bbd7b09cada@group-7C8174FDAC4C-LeaderElection9] INFO  server.RaftServerConfigKeys (ConfUtils.java:logGet(46)) - raft.server.write.element-limit = 1024 (custom)
2022-09-12 01:23:38,571 [03103273-3843-43f1-ae6a-2bbd7b09cada@group-7C8174FDAC4C-LeaderElection9] INFO  server.RaftServerConfigKeys (ConfUtils.java:logGet(46)) - raft.server.write.byte-limit = 1024 M (=1073741824) (custom)
2022-09-12 01:23:38,571 [03103273-3843-43f1-ae6a-2bbd7b09cada@group-7C8174FDAC4C-LeaderElection9] INFO  server.RaftServerConfigKeys (ConfUtils.java:logGet(46)) - raft.server.watch.timeout = 180s (custom)
2022-09-12 01:23:38,571 [03103273-3843-43f1-ae6a-2bbd7b09cada@group-7C8174FDAC4C-LeaderElection9] INFO  server.RaftServerConfigKeys (ConfUtils.java:logGet(46)) - raft.server.watch.timeout.denomination = 1s (default)
2022-09-12 01:23:38,571 [03103273-3843-43f1-ae6a-2bbd7b09cada@group-7C8174FDAC4C-LeaderElection9] INFO  server.RaftServerConfigKeys (ConfUtils.java:logGet(46)) - raft.server.watch.element-limit = 65536 (default)
2022-09-12 01:23:38,571 [03103273-3843-43f1-ae6a-2bbd7b09cada@group-7C8174FDAC4C-LeaderElection9] INFO  server.RaftServerConfigKeys (ConfUtils.java:logGet(46)) - raft.server.write.element-limit = 1024 (custom)
2022-09-12 01:23:38,571 [03103273-3843-43f1-ae6a-2bbd7b09cada@group-7C8174FDAC4C-LeaderElection9] INFO  server.RaftServerConfigKeys (ConfUtils.java:logGet(46)) - raft.server.write.follower.gap.ratio.max = -1.0 (default)
2022-09-12 01:23:38,572 [03103273-3843-43f1-ae6a-2bbd7b09cada@group-7C8174FDAC4C-LeaderElection9] INFO  server.RaftServerConfigKeys (ConfUtils.java:logGet(46)) - raft.server.log.appender.snapshot.chunk.size.max = 16MB (=16777216) (default)
2022-09-12 01:23:38,572 [03103273-3843-43f1-ae6a-2bbd7b09cada@group-7C8174FDAC4C-LeaderElection9] INFO  server.RaftServerConfigKeys (ConfUtils.java:logGet(46)) - raft.server.log.appender.buffer.byte-limit = 33554432 (custom)
2022-09-12 01:23:38,572 [03103273-3843-43f1-ae6a-2bbd7b09cada@group-7C8174FDAC4C-LeaderElection9] INFO  server.RaftServerConfigKeys (ConfUtils.java:logGet(46)) - raft.server.log.appender.buffer.element-limit = 1 (custom)
2022-09-12 01:23:38,572 [03103273-3843-43f1-ae6a-2bbd7b09cada@group-7C8174FDAC4C-LeaderElection9] INFO  grpc.GrpcConfigKeys (ConfUtils.java:logGet(46)) - raft.grpc.server.leader.outstanding.appends.max = 128 (default)
2022-09-12 01:23:38,572 [03103273-3843-43f1-ae6a-2bbd7b09cada@group-7C8174FDAC4C-LeaderElection9] INFO  server.RaftServerConfigKeys (ConfUtils.java:logGet(46)) - raft.server.rpc.request.timeout = 60s (custom)
2022-09-12 01:23:38,572 [03103273-3843-43f1-ae6a-2bbd7b09cada@group-7C8174FDAC4C-LeaderElection9] INFO  server.RaftServerConfigKeys (ConfUtils.java:logGet(46)) - raft.server.log.appender.install.snapshot.enabled = false (custom)
2022-09-12 01:23:38,574 [03103273-3843-43f1-ae6a-2bbd7b09cada@group-7C8174FDAC4C-LeaderElection9] INFO  server.RaftServerConfigKeys (ConfUtils.java:logGet(46)) - raft.server.log.appender.snapshot.chunk.size.max = 16MB (=16777216) (default)
2022-09-12 01:23:38,574 [03103273-3843-43f1-ae6a-2bbd7b09cada@group-7C8174FDAC4C-LeaderElection9] INFO  server.RaftServerConfigKeys (ConfUtils.java:logGet(46)) - raft.server.log.appender.buffer.byte-limit = 33554432 (custom)
2022-09-12 01:23:38,574 [03103273-3843-43f1-ae6a-2bbd7b09cada@group-7C8174FDAC4C-LeaderElection9] INFO  server.RaftServerConfigKeys (ConfUtils.java:logGet(46)) - raft.server.log.appender.buffer.element-limit = 1 (custom)
2022-09-12 01:23:38,574 [03103273-3843-43f1-ae6a-2bbd7b09cada@group-7C8174FDAC4C-LeaderElection9] INFO  grpc.GrpcConfigKeys (ConfUtils.java:logGet(46)) - raft.grpc.server.leader.outstanding.appends.max = 128 (default)
2022-09-12 01:23:38,574 [03103273-3843-43f1-ae6a-2bbd7b09cada@group-7C8174FDAC4C-LeaderElection9] INFO  server.RaftServerConfigKeys (ConfUtils.java:logGet(46)) - raft.server.rpc.request.timeout = 60s (custom)
2022-09-12 01:23:38,574 [03103273-3843-43f1-ae6a-2bbd7b09cada@group-7C8174FDAC4C-LeaderElection9] INFO  server.RaftServerConfigKeys (ConfUtils.java:logGet(46)) - raft.server.log.appender.install.snapshot.enabled = false (custom)
2022-09-12 01:23:38,574 [03103273-3843-43f1-ae6a-2bbd7b09cada@group-7C8174FDAC4C-LeaderElection9] INFO  impl.RoleInfo (RoleInfo.java:updateAndGet(139)) - 03103273-3843-43f1-ae6a-2bbd7b09cada: start 03103273-3843-43f1-ae6a-2bbd7b09cada@group-7C8174FDAC4C-LeaderStateImpl
2022-09-12 01:23:38,574 [03103273-3843-43f1-ae6a-2bbd7b09cada@group-7C8174FDAC4C-LeaderElection9] INFO  segmented.SegmentedRaftLogWorker (SegmentedRaftLogWorker.java:startLogSegment(425)) - 03103273-3843-43f1-ae6a-2bbd7b09cada@group-7C8174FDAC4C-SegmentedRaftLogWorker: Starting segment from index:0
2022-09-12 01:23:38,575 [EventQueue-OpenPipelineForHealthyPipelineSafeModeRule] INFO  safemode.SCMSafeModeManager (HealthyPipelineSafeModeRule.java:process(137)) - SCM in safe mode. Healthy pipelines reported count is 0, required healthy pipeline reported count is 1
2022-09-12 01:23:38,589 [03103273-3843-43f1-ae6a-2bbd7b09cada@group-7C8174FDAC4C-LeaderElection9] INFO  server.RaftServer$Division (ServerState.java:setRaftConf(393)) - 03103273-3843-43f1-ae6a-2bbd7b09cada@group-7C8174FDAC4C: set configuration 0: [03103273-3843-43f1-ae6a-2bbd7b09cada|rpc:127.0.0.1:44103|dataStream:|priority:1, 5a99e102-8acb-41a7-8340-e4a0eed09641|rpc:127.0.0.1:35331|dataStream:|priority:0, 59d5d0ad-089c-47a8-af70-50686448c5a7|rpc:127.0.0.1:46841|dataStream:|priority:0], old=null
2022-09-12 01:23:38,576 [03103273-3843-43f1-ae6a-2bbd7b09cada@group-7C8174FDAC4C-SegmentedRaftLogWorker] INFO  segmented.SegmentedRaftLogWorker (SegmentedRaftLogWorker.java:execute(629)) - 03103273-3843-43f1-ae6a-2bbd7b09cada@group-7C8174FDAC4C-SegmentedRaftLogWorker: created new log segment /home/runner/work/ozone/ozone/hadoop-ozone/integration-test/target/test-dir/MiniOzoneClusterImpl-3d4a976f-5e4d-41d2-99e8-392de73f1c7a/datanode-0/data/ratis/066a907a-b323-4ddf-b488-7c8174fdac4c/current/log_inprogress_0
2022-09-12 01:23:38,575 [EventQueue-PipelineReportForPipelineReportHandler] INFO  pipeline.PipelineManagerImpl (PipelineManagerImpl.java:openPipeline(367)) - Pipeline Pipeline[ Id: 066a907a-b323-4ddf-b488-7c8174fdac4c, Nodes: 5a99e102-8acb-41a7-8340-e4a0eed09641{ip: 127.0.0.1, host: localhost, ports: [REPLICATION=33515, RATIS=35331, RATIS_ADMIN=35331, RATIS_SERVER=35331, STANDALONE=46379], networkLocation: /default-rack, certSerialId: null, persistedOpState: IN_SERVICE, persistedOpStateExpiryEpochSec: 0}59d5d0ad-089c-47a8-af70-50686448c5a7{ip: 127.0.0.1, host: localhost, ports: [REPLICATION=35191, RATIS=46841, RATIS_ADMIN=46841, RATIS_SERVER=46841, STANDALONE=33247], networkLocation: /default-rack, certSerialId: null, persistedOpState: IN_SERVICE, persistedOpStateExpiryEpochSec: 0}03103273-3843-43f1-ae6a-2bbd7b09cada{ip: 127.0.0.1, host: localhost, ports: [REPLICATION=35123, RATIS=44103, RATIS_ADMIN=44103, RATIS_SERVER=44103, STANDALONE=39289], networkLocation: /default-rack, certSerialId: null, persistedOpState: IN_SERVICE, persistedOpStateExpiryEpochSec: 0}, ReplicationConfig: RATIS/THREE, State:ALLOCATED, leaderId:03103273-3843-43f1-ae6a-2bbd7b09cada, CreationTimestamp2022-09-12T01:23:26.011Z[Etc/UTC]] moved to OPEN state
2022-09-12 01:23:38,592 [2b79d285-0efa-4274-b3fd-87c8ffd2a623@group-392DE73F1C7A-StateMachineUpdater] INFO  safemode.HealthyPipelineSafeModeRule (HealthyPipelineSafeModeRule.java:initializeRule(165)) - Refreshed total pipeline count is 1, healthy pipeline threshold count is 1
2022-09-12 01:23:38,592 [EventQueue-OpenPipelineForHealthyPipelineSafeModeRule] INFO  safemode.SCMSafeModeManager (HealthyPipelineSafeModeRule.java:process(137)) - SCM in safe mode. Healthy pipelines reported count is 1, required healthy pipeline reported count is 1
2022-09-12 01:23:38,595 [EventQueue-OpenPipelineForHealthyPipelineSafeModeRule] INFO  safemode.SCMSafeModeManager (SCMSafeModeManager.java:validateSafeModeExitRules(204)) - HealthyPipelineSafeModeRule rule is successfully validated
2022-09-12 01:23:38,595 [EventQueue-OpenPipelineForHealthyPipelineSafeModeRule] INFO  safemode.SCMSafeModeManager (SCMSafeModeManager.java:validateSafeModeExitRules(219)) - ScmSafeModeManager, all rules are successfully validated
2022-09-12 01:23:38,595 [EventQueue-OpenPipelineForHealthyPipelineSafeModeRule] INFO  safemode.SCMSafeModeManager (SCMSafeModeManager.java:exitSafeMode(248)) - SCM exiting safe mode.
2022-09-12 01:23:38,595 [5a99e102-8acb-41a7-8340-e4a0eed09641-server-thread1] INFO  ratis.XceiverServerRatis (XceiverServerRatis.java:handleLeaderChangedNotification(863)) - Leader change notification received for group: group-7C8174FDAC4C with new leaderId: 03103273-3843-43f1-ae6a-2bbd7b09cada
2022-09-12 01:23:38,597 [5a99e102-8acb-41a7-8340-e4a0eed09641-server-thread1] INFO  server.RaftServer$Division (ServerState.java:setLeader(287)) - 5a99e102-8acb-41a7-8340-e4a0eed09641@group-7C8174FDAC4C: change Leader from null to 03103273-3843-43f1-ae6a-2bbd7b09cada at term 2 for appendEntries, leader elected after 10140ms
2022-09-12 01:23:38,595 [EventQueue-OpenPipelineForHealthyPipelineSafeModeRule] WARN  events.EventQueue (EventQueue.java:fireEvent(216)) - No event handler registered for event TypedEvent{payloadType=SafeModeStatus, name='Safe mode status'}
2022-09-12 01:23:38,597 [EventQueue-OpenPipelineForHealthyPipelineSafeModeRule] INFO  ha.SCMContext (SCMContext.java:updateSafeModeStatus(228)) - Update SafeModeStatus from SafeModeStatus{safeModeStatus=true, preCheckPassed=true} to SafeModeStatus{safeModeStatus=false, preCheckPassed=true}.
2022-09-12 01:23:38,597 [EventQueue-OpenPipelineForHealthyPipelineSafeModeRule] INFO  BackgroundPipelineScrubber (BackgroundSCMService.java:notifyStatusChanged(82)) - Service BackgroundPipelineScrubber transitions to RUNNING.
2022-09-12 01:23:38,597 [EventQueue-OpenPipelineForHealthyPipelineSafeModeRule] INFO  ExpiredContainerReplicaOpScrubber (BackgroundSCMService.java:notifyStatusChanged(82)) - Service ExpiredContainerReplicaOpScrubber transitions to RUNNING.
2022-09-12 01:23:38,597 [EventQueue-OpenPipelineForHealthyPipelineSafeModeRule] INFO  replication.ReplicationManager (ReplicationManager.java:notifyStatusChanged(793)) - Service ReplicationManager transitions to RUNNING.
2022-09-12 01:23:38,603 [5a99e102-8acb-41a7-8340-e4a0eed09641-server-thread1] INFO  server.RaftServer$Division (ServerState.java:setRaftConf(393)) - 5a99e102-8acb-41a7-8340-e4a0eed09641@group-7C8174FDAC4C: set configuration 0: [03103273-3843-43f1-ae6a-2bbd7b09cada|rpc:127.0.0.1:44103|dataStream:|priority:1, 5a99e102-8acb-41a7-8340-e4a0eed09641|rpc:127.0.0.1:35331|dataStream:|priority:0, 59d5d0ad-089c-47a8-af70-50686448c5a7|rpc:127.0.0.1:46841|dataStream:|priority:0], old=null
2022-09-12 01:23:38,603 [EventQueue-OpenPipelineForHealthyPipelineSafeModeRule] WARN  balancer.ContainerBalancer (ContainerBalancer.java:shouldRun(925)) - Could not find persisted configuration for ContainerBalancer when checking if ContainerBalancer should run. ContainerBalancer should not run now.
2022-09-12 01:23:38,603 [5a99e102-8acb-41a7-8340-e4a0eed09641-server-thread1] INFO  segmented.SegmentedRaftLogWorker (SegmentedRaftLogWorker.java:startLogSegment(425)) - 5a99e102-8acb-41a7-8340-e4a0eed09641@group-7C8174FDAC4C-SegmentedRaftLogWorker: Starting segment from index:0
2022-09-12 01:23:38,606 [5a99e102-8acb-41a7-8340-e4a0eed09641@group-7C8174FDAC4C-SegmentedRaftLogWorker] INFO  segmented.SegmentedRaftLogWorker (SegmentedRaftLogWorker.java:execute(629)) - 5a99e102-8acb-41a7-8340-e4a0eed09641@group-7C8174FDAC4C-SegmentedRaftLogWorker: created new log segment /home/runner/work/ozone/ozone/hadoop-ozone/integration-test/target/test-dir/MiniOzoneClusterImpl-3d4a976f-5e4d-41d2-99e8-392de73f1c7a/datanode-1/data/ratis/066a907a-b323-4ddf-b488-7c8174fdac4c/current/log_inprogress_0
2022-09-12 01:23:38,614 [59d5d0ad-089c-47a8-af70-50686448c5a7-server-thread1] INFO  ratis.XceiverServerRatis (XceiverServerRatis.java:handleLeaderChangedNotification(863)) - Leader change notification received for group: group-7C8174FDAC4C with new leaderId: 03103273-3843-43f1-ae6a-2bbd7b09cada
2022-09-12 01:23:38,614 [59d5d0ad-089c-47a8-af70-50686448c5a7-server-thread1] INFO  server.RaftServer$Division (ServerState.java:setLeader(287)) - 59d5d0ad-089c-47a8-af70-50686448c5a7@group-7C8174FDAC4C: change Leader from null to 03103273-3843-43f1-ae6a-2bbd7b09cada at term 2 for appendEntries, leader elected after 10090ms
2022-09-12 01:23:38,616 [59d5d0ad-089c-47a8-af70-50686448c5a7-server-thread1] INFO  server.RaftServer$Division (ServerState.java:setRaftConf(393)) - 59d5d0ad-089c-47a8-af70-50686448c5a7@group-7C8174FDAC4C: set configuration 0: [03103273-3843-43f1-ae6a-2bbd7b09cada|rpc:127.0.0.1:44103|dataStream:|priority:1, 5a99e102-8acb-41a7-8340-e4a0eed09641|rpc:127.0.0.1:35331|dataStream:|priority:0, 59d5d0ad-089c-47a8-af70-50686448c5a7|rpc:127.0.0.1:46841|dataStream:|priority:0], old=null
2022-09-12 01:23:38,616 [59d5d0ad-089c-47a8-af70-50686448c5a7-server-thread1] INFO  segmented.SegmentedRaftLogWorker (SegmentedRaftLogWorker.java:startLogSegment(425)) - 59d5d0ad-089c-47a8-af70-50686448c5a7@group-7C8174FDAC4C-SegmentedRaftLogWorker: Starting segment from index:0
2022-09-12 01:23:38,617 [59d5d0ad-089c-47a8-af70-50686448c5a7@group-7C8174FDAC4C-SegmentedRaftLogWorker] INFO  segmented.SegmentedRaftLogWorker (SegmentedRaftLogWorker.java:execute(629)) - 59d5d0ad-089c-47a8-af70-50686448c5a7@group-7C8174FDAC4C-SegmentedRaftLogWorker: created new log segment /home/runner/work/ozone/ozone/hadoop-ozone/integration-test/target/test-dir/MiniOzoneClusterImpl-3d4a976f-5e4d-41d2-99e8-392de73f1c7a/datanode-2/data/ratis/066a907a-b323-4ddf-b488-7c8174fdac4c/current/log_inprogress_0
2022-09-12 01:23:38,683 [5a99e102-8acb-41a7-8340-e4a0eed09641@group-4471245E049C-FollowerState] INFO  impl.FollowerState (FollowerState.java:run(143)) - 5a99e102-8acb-41a7-8340-e4a0eed09641@group-4471245E049C-FollowerState: change to CANDIDATE, lastRpcElapsedTime:5016621310ns, electionTimeout:5010ms
2022-09-12 01:23:38,683 [5a99e102-8acb-41a7-8340-e4a0eed09641@group-4471245E049C-FollowerState] INFO  impl.RoleInfo (RoleInfo.java:shutdownFollowerState(110)) - 5a99e102-8acb-41a7-8340-e4a0eed09641: shutdown 5a99e102-8acb-41a7-8340-e4a0eed09641@group-4471245E049C-FollowerState
2022-09-12 01:23:38,683 [5a99e102-8acb-41a7-8340-e4a0eed09641@group-4471245E049C-FollowerState] INFO  server.RaftServer$Division (RaftServerImpl.java:setRole(299)) - 5a99e102-8acb-41a7-8340-e4a0eed09641@group-4471245E049C: changes role from  FOLLOWER to CANDIDATE at term 1 for changeToCandidate
2022-09-12 01:23:38,683 [5a99e102-8acb-41a7-8340-e4a0eed09641@group-4471245E049C-FollowerState] INFO  server.RaftServerConfigKeys (ConfUtils.java:logGet(46)) - raft.server.leaderelection.pre-vote = false (custom)
2022-09-12 01:23:38,683 [5a99e102-8acb-41a7-8340-e4a0eed09641@group-4471245E049C-FollowerState] INFO  impl.RoleInfo (RoleInfo.java:updateAndGet(139)) - 5a99e102-8acb-41a7-8340-e4a0eed09641: start 5a99e102-8acb-41a7-8340-e4a0eed09641@group-4471245E049C-LeaderElection10
2022-09-12 01:23:38,685 [5a99e102-8acb-41a7-8340-e4a0eed09641@group-4471245E049C-LeaderElection10] INFO  impl.LeaderElection (LeaderElection.java:askForVotes(310)) - 5a99e102-8acb-41a7-8340-e4a0eed09641@group-4471245E049C-LeaderElection10 ELECTION round 0: submit vote requests at term 2 for -1: [03103273-3843-43f1-ae6a-2bbd7b09cada|rpc:127.0.0.1:44103|dataStream:|priority:0, 5a99e102-8acb-41a7-8340-e4a0eed09641|rpc:127.0.0.1:35331|dataStream:|priority:1, 59d5d0ad-089c-47a8-af70-50686448c5a7|rpc:127.0.0.1:46841|dataStream:|priority:0], old=null
2022-09-12 01:23:38,688 [grpc-default-executor-0] INFO  server.RaftServer$Division (RaftServerImpl.java:requestVote(1152)) - 03103273-3843-43f1-ae6a-2bbd7b09cada@group-4471245E049C: receive requestVote(ELECTION, 5a99e102-8acb-41a7-8340-e4a0eed09641, group-4471245E049C, 2, (t:0, i:0))
2022-09-12 01:23:38,688 [grpc-default-executor-0] INFO  impl.VoteContext (VoteContext.java:log(48)) - 03103273-3843-43f1-ae6a-2bbd7b09cada@group-4471245E049C-FOLLOWER: accept ELECTION from 5a99e102-8acb-41a7-8340-e4a0eed09641: our priority 0 <= candidate's priority 1
2022-09-12 01:23:38,688 [grpc-default-executor-0] INFO  server.RaftServer$Division (RaftServerImpl.java:setRole(299)) - 03103273-3843-43f1-ae6a-2bbd7b09cada@group-4471245E049C: changes role from  FOLLOWER to FOLLOWER at term 2 for candidate:5a99e102-8acb-41a7-8340-e4a0eed09641
2022-09-12 01:23:38,688 [grpc-default-executor-0] INFO  impl.RoleInfo (RoleInfo.java:shutdownFollowerState(110)) - 03103273-3843-43f1-ae6a-2bbd7b09cada: shutdown 03103273-3843-43f1-ae6a-2bbd7b09cada@group-4471245E049C-FollowerState
2022-09-12 01:23:38,688 [grpc-default-executor-0] INFO  impl.RoleInfo (RoleInfo.java:updateAndGet(139)) - 03103273-3843-43f1-ae6a-2bbd7b09cada: start 03103273-3843-43f1-ae6a-2bbd7b09cada@group-4471245E049C-FollowerState
2022-09-12 01:23:38,688 [03103273-3843-43f1-ae6a-2bbd7b09cada@group-4471245E049C-FollowerState] INFO  impl.FollowerState (FollowerState.java:run(152)) - 03103273-3843-43f1-ae6a-2bbd7b09cada@group-4471245E049C-FollowerState was interrupted
2022-09-12 01:23:38,692 [grpc-default-executor-0] INFO  server.RaftServer$Division (RaftServerImpl.java:requestVote(1184)) - 03103273-3843-43f1-ae6a-2bbd7b09cada@group-4471245E049C replies to ELECTION vote request: 5a99e102-8acb-41a7-8340-e4a0eed09641<-03103273-3843-43f1-ae6a-2bbd7b09cada#0:OK-t2. Peer's state: 03103273-3843-43f1-ae6a-2bbd7b09cada@group-4471245E049C:t2, leader=null, voted=5a99e102-8acb-41a7-8340-e4a0eed09641, raftlog=03103273-3843-43f1-ae6a-2bbd7b09cada@group-4471245E049C-SegmentedRaftLog:OPENED:c-1, conf=-1: [03103273-3843-43f1-ae6a-2bbd7b09cada|rpc:127.0.0.1:44103|priority:0, 5a99e102-8acb-41a7-8340-e4a0eed09641|rpc:127.0.0.1:35331|priority:1, 59d5d0ad-089c-47a8-af70-50686448c5a7|rpc:127.0.0.1:46841|priority:0], old=null
2022-09-12 01:23:38,693 [5a99e102-8acb-41a7-8340-e4a0eed09641@group-4471245E049C-LeaderElection10] INFO  impl.LeaderElection (LeaderElection.java:logAndReturn(90)) - 5a99e102-8acb-41a7-8340-e4a0eed09641@group-4471245E049C-LeaderElection10: ELECTION PASSED received 1 response(s) and 0 exception(s):
2022-09-12 01:23:38,693 [5a99e102-8acb-41a7-8340-e4a0eed09641@group-4471245E049C-LeaderElection10] INFO  impl.LeaderElection (LeaderElection.java:logAndReturn(94)) -   Response 0: 5a99e102-8acb-41a7-8340-e4a0eed09641<-03103273-3843-43f1-ae6a-2bbd7b09cada#0:OK-t2
2022-09-12 01:23:38,693 [5a99e102-8acb-41a7-8340-e4a0eed09641@group-4471245E049C-LeaderElection10] INFO  impl.LeaderElection (LeaderElection.java:askForVotes(312)) - 5a99e102-8acb-41a7-8340-e4a0eed09641@group-4471245E049C-LeaderElection10 ELECTION round 0: result PASSED
2022-09-12 01:23:38,693 [5a99e102-8acb-41a7-8340-e4a0eed09641@group-4471245E049C-LeaderElection10] INFO  impl.RoleInfo (RoleInfo.java:shutdownLeaderElection(130)) - 5a99e102-8acb-41a7-8340-e4a0eed09641: shutdown 5a99e102-8acb-41a7-8340-e4a0eed09641@group-4471245E049C-LeaderElection10
2022-09-12 01:23:38,693 [5a99e102-8acb-41a7-8340-e4a0eed09641@group-4471245E049C-LeaderElection10] INFO  server.RaftServer$Division (RaftServerImpl.java:setRole(299)) - 5a99e102-8acb-41a7-8340-e4a0eed09641@group-4471245E049C: changes role from CANDIDATE to LEADER at term 2 for changeToLeader
2022-09-12 01:23:38,693 [5a99e102-8acb-41a7-8340-e4a0eed09641@group-4471245E049C-LeaderElection10] INFO  ratis.XceiverServerRatis (XceiverServerRatis.java:handleLeaderChangedNotification(863)) - Leader change notification received for group: group-4471245E049C with new leaderId: 5a99e102-8acb-41a7-8340-e4a0eed09641
2022-09-12 01:23:38,694 [5a99e102-8acb-41a7-8340-e4a0eed09641@group-4471245E049C-LeaderElection10] INFO  server.RaftServer$Division (ServerState.java:setLeader(287)) - 5a99e102-8acb-41a7-8340-e4a0eed09641@group-4471245E049C: change Leader from null to 5a99e102-8acb-41a7-8340-e4a0eed09641 at term 2 for becomeLeader, leader elected after 10128ms
2022-09-12 01:23:38,694 [5a99e102-8acb-41a7-8340-e4a0eed09641@group-4471245E049C-LeaderElection10] INFO  server.RaftServerConfigKeys (ConfUtils.java:logGet(46)) - raft.server.staging.catchup.gap = 1000 (default)
2022-09-12 01:23:38,694 [5a99e102-8acb-41a7-8340-e4a0eed09641@group-4471245E049C-LeaderElection10] INFO  server.RaftServerConfigKeys (ConfUtils.java:logGet(46)) - raft.server.write.element-limit = 1024 (custom)
2022-09-12 01:23:38,694 [5a99e102-8acb-41a7-8340-e4a0eed09641@group-4471245E049C-LeaderElection10] INFO  server.RaftServerConfigKeys (ConfUtils.java:logGet(46)) - raft.server.write.byte-limit = 1024 M (=1073741824) (custom)
2022-09-12 01:23:38,694 [5a99e102-8acb-41a7-8340-e4a0eed09641@group-4471245E049C-LeaderElection10] INFO  server.RaftServerConfigKeys (ConfUtils.java:logGet(46)) - raft.server.watch.timeout = 180s (custom)
2022-09-12 01:23:38,694 [5a99e102-8acb-41a7-8340-e4a0eed09641@group-4471245E049C-LeaderElection10] INFO  server.RaftServerConfigKeys (ConfUtils.java:logGet(46)) - raft.server.watch.timeout.denomination = 1s (default)
2022-09-12 01:23:38,694 [5a99e102-8acb-41a7-8340-e4a0eed09641@group-4471245E049C-LeaderElection10] INFO  server.RaftServerConfigKeys (ConfUtils.java:logGet(46)) - raft.server.watch.element-limit = 65536 (default)
2022-09-12 01:23:38,695 [5a99e102-8acb-41a7-8340-e4a0eed09641@group-4471245E049C-LeaderElection10] INFO  server.RaftServerConfigKeys (ConfUtils.java:logGet(46)) - raft.server.write.element-limit = 1024 (custom)
2022-09-12 01:23:38,695 [grpc-default-executor-0] INFO  server.RaftServer$Division (RaftServerImpl.java:requestVote(1152)) - 59d5d0ad-089c-47a8-af70-50686448c5a7@group-4471245E049C: receive requestVote(ELECTION, 5a99e102-8acb-41a7-8340-e4a0eed09641, group-4471245E049C, 2, (t:0, i:0))
2022-09-12 01:23:38,697 [grpc-default-executor-0] INFO  impl.VoteContext (VoteContext.java:log(48)) - 59d5d0ad-089c-47a8-af70-50686448c5a7@group-4471245E049C-FOLLOWER: accept ELECTION from 5a99e102-8acb-41a7-8340-e4a0eed09641: our priority 0 <= candidate's priority 1
2022-09-12 01:23:38,697 [grpc-default-executor-0] INFO  server.RaftServer$Division (RaftServerImpl.java:setRole(299)) - 59d5d0ad-089c-47a8-af70-50686448c5a7@group-4471245E049C: changes role from  FOLLOWER to FOLLOWER at term 2 for candidate:5a99e102-8acb-41a7-8340-e4a0eed09641
2022-09-12 01:23:38,697 [grpc-default-executor-0] INFO  impl.RoleInfo (RoleInfo.java:shutdownFollowerState(110)) - 59d5d0ad-089c-47a8-af70-50686448c5a7: shutdown 59d5d0ad-089c-47a8-af70-50686448c5a7@group-4471245E049C-FollowerState
2022-09-12 01:23:38,697 [grpc-default-executor-0] INFO  impl.RoleInfo (RoleInfo.java:updateAndGet(139)) - 59d5d0ad-089c-47a8-af70-50686448c5a7: start 59d5d0ad-089c-47a8-af70-50686448c5a7@group-4471245E049C-FollowerState
2022-09-12 01:23:38,697 [59d5d0ad-089c-47a8-af70-50686448c5a7@group-4471245E049C-FollowerState] INFO  impl.FollowerState (FollowerState.java:run(152)) - 59d5d0ad-089c-47a8-af70-50686448c5a7@group-4471245E049C-FollowerState was interrupted
2022-09-12 01:23:38,696 [EventQueue-PipelineReportForPipelineReportHandler] INFO  pipeline.PipelineManagerImpl (PipelineManagerImpl.java:openPipeline(367)) - Pipeline Pipeline[ Id: 5075f0a3-a7b7-46c6-a38e-4471245e049c, Nodes: 5a99e102-8acb-41a7-8340-e4a0eed09641{ip: 127.0.0.1, host: localhost, ports: [REPLICATION=33515, RATIS=35331, RATIS_ADMIN=35331, RATIS_SERVER=35331, STANDALONE=46379], networkLocation: /default-rack, certSerialId: null, persistedOpState: IN_SERVICE, persistedOpStateExpiryEpochSec: 0}59d5d0ad-089c-47a8-af70-50686448c5a7{ip: 127.0.0.1, host: localhost, ports: [REPLICATION=35191, RATIS=46841, RATIS_ADMIN=46841, RATIS_SERVER=46841, STANDALONE=33247], networkLocation: /default-rack, certSerialId: null, persistedOpState: IN_SERVICE, persistedOpStateExpiryEpochSec: 0}03103273-3843-43f1-ae6a-2bbd7b09cada{ip: 127.0.0.1, host: localhost, ports: [REPLICATION=35123, RATIS=44103, RATIS_ADMIN=44103, RATIS_SERVER=44103, STANDALONE=39289], networkLocation: /default-rack, certSerialId: null, persistedOpState: IN_SERVICE, persistedOpStateExpiryEpochSec: 0}, ReplicationConfig: RATIS/THREE, State:ALLOCATED, leaderId:5a99e102-8acb-41a7-8340-e4a0eed09641, CreationTimestamp2022-09-12T01:23:26.015Z[Etc/UTC]] moved to OPEN state
2022-09-12 01:23:38,695 [5a99e102-8acb-41a7-8340-e4a0eed09641@group-4471245E049C-LeaderElection10] INFO  server.RaftServerConfigKeys (ConfUtils.java:logGet(46)) - raft.server.write.follower.gap.ratio.max = -1.0 (default)
2022-09-12 01:23:38,701 [5a99e102-8acb-41a7-8340-e4a0eed09641@group-4471245E049C-LeaderElection10] INFO  server.RaftServerConfigKeys (ConfUtils.java:logGet(46)) - raft.server.log.appender.snapshot.chunk.size.max = 16MB (=16777216) (default)
2022-09-12 01:23:38,701 [5a99e102-8acb-41a7-8340-e4a0eed09641@group-4471245E049C-LeaderElection10] INFO  server.RaftServerConfigKeys (ConfUtils.java:logGet(46)) - raft.server.log.appender.buffer.byte-limit = 33554432 (custom)
2022-09-12 01:23:38,701 [5a99e102-8acb-41a7-8340-e4a0eed09641@group-4471245E049C-LeaderElection10] INFO  server.RaftServerConfigKeys (ConfUtils.java:logGet(46)) - raft.server.log.appender.buffer.element-limit = 1 (custom)
2022-09-12 01:23:38,701 [5a99e102-8acb-41a7-8340-e4a0eed09641@group-4471245E049C-LeaderElection10] INFO  grpc.GrpcConfigKeys (ConfUtils.java:logGet(46)) - raft.grpc.server.leader.outstanding.appends.max = 128 (default)
2022-09-12 01:23:38,701 [5a99e102-8acb-41a7-8340-e4a0eed09641@group-4471245E049C-LeaderElection10] INFO  server.RaftServerConfigKeys (ConfUtils.java:logGet(46)) - raft.server.rpc.request.timeout = 60s (custom)
2022-09-12 01:23:38,701 [5a99e102-8acb-41a7-8340-e4a0eed09641@group-4471245E049C-LeaderElection10] INFO  server.RaftServerConfigKeys (ConfUtils.java:logGet(46)) - raft.server.log.appender.install.snapshot.enabled = false (custom)
2022-09-12 01:23:38,702 [5a99e102-8acb-41a7-8340-e4a0eed09641@group-4471245E049C-LeaderElection10] INFO  server.RaftServerConfigKeys (ConfUtils.java:logGet(46)) - raft.server.log.appender.snapshot.chunk.size.max = 16MB (=16777216) (default)
2022-09-12 01:23:38,702 [5a99e102-8acb-41a7-8340-e4a0eed09641@group-4471245E049C-LeaderElection10] INFO  server.RaftServerConfigKeys (ConfUtils.java:logGet(46)) - raft.server.log.appender.buffer.byte-limit = 33554432 (custom)
2022-09-12 01:23:38,702 [5a99e102-8acb-41a7-8340-e4a0eed09641@group-4471245E049C-LeaderElection10] INFO  server.RaftServerConfigKeys (ConfUtils.java:logGet(46)) - raft.server.log.appender.buffer.element-limit = 1 (custom)
2022-09-12 01:23:38,702 [5a99e102-8acb-41a7-8340-e4a0eed09641@group-4471245E049C-LeaderElection10] INFO  grpc.GrpcConfigKeys (ConfUtils.java:logGet(46)) - raft.grpc.server.leader.outstanding.appends.max = 128 (default)
2022-09-12 01:23:38,702 [5a99e102-8acb-41a7-8340-e4a0eed09641@group-4471245E049C-LeaderElection10] INFO  server.RaftServerConfigKeys (ConfUtils.java:logGet(46)) - raft.server.rpc.request.timeout = 60s (custom)
2022-09-12 01:23:38,702 [5a99e102-8acb-41a7-8340-e4a0eed09641@group-4471245E049C-LeaderElection10] INFO  server.RaftServerConfigKeys (ConfUtils.java:logGet(46)) - raft.server.log.appender.install.snapshot.enabled = false (custom)
2022-09-12 01:23:38,702 [5a99e102-8acb-41a7-8340-e4a0eed09641@group-4471245E049C-LeaderElection10] INFO  impl.RoleInfo (RoleInfo.java:updateAndGet(139)) - 5a99e102-8acb-41a7-8340-e4a0eed09641: start 5a99e102-8acb-41a7-8340-e4a0eed09641@group-4471245E049C-LeaderStateImpl
2022-09-12 01:23:38,703 [5a99e102-8acb-41a7-8340-e4a0eed09641@group-4471245E049C-LeaderElection10] INFO  segmented.SegmentedRaftLogWorker (SegmentedRaftLogWorker.java:startLogSegment(425)) - 5a99e102-8acb-41a7-8340-e4a0eed09641@group-4471245E049C-SegmentedRaftLogWorker: Starting segment from index:0
2022-09-12 01:23:38,704 [5a99e102-8acb-41a7-8340-e4a0eed09641@group-4471245E049C-SegmentedRaftLogWorker] INFO  segmented.SegmentedRaftLogWorker (SegmentedRaftLogWorker.java:execute(629)) - 5a99e102-8acb-41a7-8340-e4a0eed09641@group-4471245E049C-SegmentedRaftLogWorker: created new log segment /home/runner/work/ozone/ozone/hadoop-ozone/integration-test/target/test-dir/MiniOzoneClusterImpl-3d4a976f-5e4d-41d2-99e8-392de73f1c7a/datanode-1/data/ratis/5075f0a3-a7b7-46c6-a38e-4471245e049c/current/log_inprogress_0
2022-09-12 01:23:38,705 [grpc-default-executor-0] INFO  server.RaftServer$Division (RaftServerImpl.java:requestVote(1184)) - 59d5d0ad-089c-47a8-af70-50686448c5a7@group-4471245E049C replies to ELECTION vote request: 5a99e102-8acb-41a7-8340-e4a0eed09641<-59d5d0ad-089c-47a8-af70-50686448c5a7#0:OK-t2. Peer's state: 59d5d0ad-089c-47a8-af70-50686448c5a7@group-4471245E049C:t2, leader=null, voted=5a99e102-8acb-41a7-8340-e4a0eed09641, raftlog=59d5d0ad-089c-47a8-af70-50686448c5a7@group-4471245E049C-SegmentedRaftLog:OPENED:c-1, conf=-1: [03103273-3843-43f1-ae6a-2bbd7b09cada|rpc:127.0.0.1:44103|dataStream:|priority:0, 5a99e102-8acb-41a7-8340-e4a0eed09641|rpc:127.0.0.1:35331|dataStream:|priority:1, 59d5d0ad-089c-47a8-af70-50686448c5a7|rpc:127.0.0.1:46841|dataStream:|priority:0], old=null
2022-09-12 01:23:38,715 [5a99e102-8acb-41a7-8340-e4a0eed09641@group-4471245E049C-LeaderElection10] INFO  server.RaftServer$Division (ServerState.java:setRaftConf(393)) - 5a99e102-8acb-41a7-8340-e4a0eed09641@group-4471245E049C: set configuration 0: [03103273-3843-43f1-ae6a-2bbd7b09cada|rpc:127.0.0.1:44103|dataStream:|priority:0, 5a99e102-8acb-41a7-8340-e4a0eed09641|rpc:127.0.0.1:35331|dataStream:|priority:1, 59d5d0ad-089c-47a8-af70-50686448c5a7|rpc:127.0.0.1:46841|dataStream:|priority:0], old=null
2022-09-12 01:23:38,720 [03103273-3843-43f1-ae6a-2bbd7b09cada-server-thread1] INFO  ratis.XceiverServerRatis (XceiverServerRatis.java:handleLeaderChangedNotification(863)) - Leader change notification received for group: group-4471245E049C with new leaderId: 5a99e102-8acb-41a7-8340-e4a0eed09641
2022-09-12 01:23:38,725 [03103273-3843-43f1-ae6a-2bbd7b09cada-server-thread1] INFO  server.RaftServer$Division (ServerState.java:setLeader(287)) - 03103273-3843-43f1-ae6a-2bbd7b09cada@group-4471245E049C: change Leader from null to 5a99e102-8acb-41a7-8340-e4a0eed09641 at term 2 for appendEntries, leader elected after 10176ms
2022-09-12 01:23:38,733 [03103273-3843-43f1-ae6a-2bbd7b09cada-server-thread1] INFO  server.RaftServer$Division (ServerState.java:setRaftConf(393)) - 03103273-3843-43f1-ae6a-2bbd7b09cada@group-4471245E049C: set configuration 0: [03103273-3843-43f1-ae6a-2bbd7b09cada|rpc:127.0.0.1:44103|dataStream:|priority:0, 5a99e102-8acb-41a7-8340-e4a0eed09641|rpc:127.0.0.1:35331|dataStream:|priority:1, 59d5d0ad-089c-47a8-af70-50686448c5a7|rpc:127.0.0.1:46841|dataStream:|priority:0], old=null
2022-09-12 01:23:38,733 [03103273-3843-43f1-ae6a-2bbd7b09cada-server-thread1] INFO  segmented.SegmentedRaftLogWorker (SegmentedRaftLogWorker.java:startLogSegment(425)) - 03103273-3843-43f1-ae6a-2bbd7b09cada@group-4471245E049C-SegmentedRaftLogWorker: Starting segment from index:0
2022-09-12 01:23:38,734 [59d5d0ad-089c-47a8-af70-50686448c5a7-server-thread1] INFO  ratis.XceiverServerRatis (XceiverServerRatis.java:handleLeaderChangedNotification(863)) - Leader change notification received for group: group-4471245E049C with new leaderId: 5a99e102-8acb-41a7-8340-e4a0eed09641
2022-09-12 01:23:38,734 [03103273-3843-43f1-ae6a-2bbd7b09cada@group-4471245E049C-SegmentedRaftLogWorker] INFO  segmented.SegmentedRaftLogWorker (SegmentedRaftLogWorker.java:execute(629)) - 03103273-3843-43f1-ae6a-2bbd7b09cada@group-4471245E049C-SegmentedRaftLogWorker: created new log segment /home/runner/work/ozone/ozone/hadoop-ozone/integration-test/target/test-dir/MiniOzoneClusterImpl-3d4a976f-5e4d-41d2-99e8-392de73f1c7a/datanode-0/data/ratis/5075f0a3-a7b7-46c6-a38e-4471245e049c/current/log_inprogress_0
2022-09-12 01:23:38,734 [59d5d0ad-089c-47a8-af70-50686448c5a7-server-thread1] INFO  server.RaftServer$Division (ServerState.java:setLeader(287)) - 59d5d0ad-089c-47a8-af70-50686448c5a7@group-4471245E049C: change Leader from null to 5a99e102-8acb-41a7-8340-e4a0eed09641 at term 2 for appendEntries, leader elected after 10141ms
2022-09-12 01:23:38,736 [59d5d0ad-089c-47a8-af70-50686448c5a7-server-thread1] INFO  server.RaftServer$Division (ServerState.java:setRaftConf(393)) - 59d5d0ad-089c-47a8-af70-50686448c5a7@group-4471245E049C: set configuration 0: [03103273-3843-43f1-ae6a-2bbd7b09cada|rpc:127.0.0.1:44103|dataStream:|priority:0, 5a99e102-8acb-41a7-8340-e4a0eed09641|rpc:127.0.0.1:35331|dataStream:|priority:1, 59d5d0ad-089c-47a8-af70-50686448c5a7|rpc:127.0.0.1:46841|dataStream:|priority:0], old=null
2022-09-12 01:23:38,736 [59d5d0ad-089c-47a8-af70-50686448c5a7-server-thread1] INFO  segmented.SegmentedRaftLogWorker (SegmentedRaftLogWorker.java:startLogSegment(425)) - 59d5d0ad-089c-47a8-af70-50686448c5a7@group-4471245E049C-SegmentedRaftLogWorker: Starting segment from index:0
2022-09-12 01:23:38,738 [59d5d0ad-089c-47a8-af70-50686448c5a7@group-4471245E049C-SegmentedRaftLogWorker] INFO  segmented.SegmentedRaftLogWorker (SegmentedRaftLogWorker.java:execute(629)) - 59d5d0ad-089c-47a8-af70-50686448c5a7@group-4471245E049C-SegmentedRaftLogWorker: created new log segment /home/runner/work/ozone/ozone/hadoop-ozone/integration-test/target/test-dir/MiniOzoneClusterImpl-3d4a976f-5e4d-41d2-99e8-392de73f1c7a/datanode-2/data/ratis/5075f0a3-a7b7-46c6-a38e-4471245e049c/current/log_inprogress_0
2022-09-12 01:23:39,015 [Listener at 127.0.0.1/34999] INFO  ozone.MiniOzoneClusterImpl (MiniOzoneClusterImpl.java:lambda$waitForClusterToBeReady$0(216)) - Nodes are ready. Got 3 of 3 DN Heartbeats.
2022-09-12 01:23:39,015 [Listener at 127.0.0.1/34999] INFO  ozone.MiniOzoneClusterImpl (MiniOzoneClusterImpl.java:lambda$waitForClusterToBeReady$0(219)) - Cluster exits safe mode
2022-09-12 01:23:39,015 [Listener at 127.0.0.1/34999] INFO  ozone.MiniOzoneClusterImpl (MiniOzoneClusterImpl.java:lambda$waitForClusterToBeReady$0(221)) - SCM became leader
2022-09-12 01:23:39,435 [IPC Server handler 1 on default port 42721] INFO  ha.SCMNodeInfo (SCMNodeInfo.java:getPort(197)) - ConfigKey ozone.scm.client.address is deprecated, For configuring different ports for each SCM use PortConfigKey ozone.scm.client.port appended with serviceId and nodeId
2022-09-12 01:23:39,435 [IPC Server handler 1 on default port 42721] INFO  ha.SCMNodeInfo (SCMNodeInfo.java:getPort(197)) - ConfigKey ozone.scm.block.client.address is deprecated, For configuring different ports for each SCM use PortConfigKey ozone.scm.block.client.port appended with serviceId and nodeId
2022-09-12 01:23:39,435 [IPC Server handler 1 on default port 42721] INFO  ha.SCMNodeInfo (SCMNodeInfo.java:getPort(197)) - ConfigKey ozone.scm.datanode.address is deprecated, For configuring different ports for each SCM use PortConfigKey ozone.scm.datanode.port appended with serviceId and nodeId
2022-09-12 01:23:39,447 [Listener at 127.0.0.1/34999] INFO  rpc.RpcClient (RpcClient.java:createVolume(471)) - Creating Volume: volume14023, with runner as owner and space quota set to -1 bytes, counts quota set to -1
2022-09-12 01:23:39,499 [OM StateMachine ApplyTransaction Thread - 0] INFO  volume.OMVolumeCreateRequest (OMVolumeCreateRequest.java:validateAndUpdateCache(195)) - created volume:volume14023 for user:runner
2022-09-12 01:23:39,499 [OM StateMachine ApplyTransaction Thread - 0] INFO  volume.OMVolumeCreateRequest (OMVolumeCreateRequest.java:validateAndUpdateCache(195)) - created volume:volume14023 for user:runner
2022-09-12 01:23:39,504 [OM StateMachine ApplyTransaction Thread - 0] INFO  volume.OMVolumeCreateRequest (OMVolumeCreateRequest.java:validateAndUpdateCache(195)) - created volume:volume14023 for user:runner
2022-09-12 01:23:39,535 [Listener at 127.0.0.1/34999] INFO  rpc.RpcClient (RpcClient.java:createBucket(674)) - Creating Bucket: volume14023/bucket34978, with server-side default bucket layout, runner as owner, Versioning false, Storage Type set to DISK and Encryption set to false 
2022-09-12 01:23:39,566 [OM StateMachine ApplyTransaction Thread - 0] INFO  bucket.OMBucketCreateRequest (OMBucketCreateRequest.java:validateAndUpdateCache(260)) - created bucket: bucket34978 of layout LEGACY in volume: volume14023
2022-09-12 01:23:39,586 [OM StateMachine ApplyTransaction Thread - 0] INFO  bucket.OMBucketCreateRequest (OMBucketCreateRequest.java:validateAndUpdateCache(260)) - created bucket: bucket34978 of layout LEGACY in volume: volume14023
2022-09-12 01:23:39,586 [OM StateMachine ApplyTransaction Thread - 0] INFO  bucket.OMBucketCreateRequest (OMBucketCreateRequest.java:validateAndUpdateCache(260)) - created bucket: bucket34978 of layout LEGACY in volume: volume14023
2022-09-12 01:23:39,648 [IPC Server handler 81 on default port 35481] INFO  ha.SequenceIdGenerator (SequenceIdGenerator.java:getNextId(128)) - Allocate a batch for containerId, change lastId from 0 to 1000.
2022-09-12 01:23:39,659 [2b79d285-0efa-4274-b3fd-87c8ffd2a623@group-392DE73F1C7A-StateMachineUpdater] WARN  ha.SequenceIdGenerator (SequenceIdGenerator.java:allocateBatch(237)) - Failed to allocate a batch for localId, expected lastId is 0, actual lastId is 109611004723200000.
2022-09-12 01:23:39,662 [IPC Server handler 81 on default port 35481] INFO  ha.SequenceIdGenerator (SequenceIdGenerator.java:getNextId(128)) - Allocate a batch for localId, change lastId from 109611004723200000 to 109611004723201000.
2022-09-12 01:23:39,789 [Listener at 127.0.0.1/34999] INFO  impl.MetricsSystemImpl (MetricsSystemImpl.java:init(158)) - XceiverClientMetrics metrics system started (again)
2022-09-12 01:23:40,128 [Listener at 127.0.0.1/34999] INFO  om.OzoneManager (OzoneManager.java:stop(2032)) - omNode-2[localhost:45777]: Stopping Ozone Manager
2022-09-12 01:23:40,128 [Listener at 127.0.0.1/34999] INFO  ipc.Server (Server.java:stop(3414)) - Stopping server on 45777
2022-09-12 01:23:40,150 [IPC Server Responder] INFO  ipc.Server (Server.java:run(1512)) - Stopping IPC Server Responder
2022-09-12 01:23:40,150 [IPC Server listener on 45777] INFO  ipc.Server (Server.java:run(1376)) - Stopping IPC Server listener on 45777
2022-09-12 01:23:40,151 [Listener at 127.0.0.1/34999] INFO  server.RaftServer (RaftServerProxy.java:lambda$close$7(398)) - omNode-2: close
2022-09-12 01:23:40,151 [Listener at 127.0.0.1/34999] INFO  server.RaftServer$Division (RaftServerImpl.java:lambda$close$4(434)) - omNode-2@group-0AAC5367B30E: shutdown
2022-09-12 01:23:40,151 [Listener at 127.0.0.1/34999] INFO  util.JmxRegister (JmxRegister.java:unregister(73)) - Successfully un-registered JMX Bean with object name Ratis:service=RaftServer,group=group-0AAC5367B30E,id=omNode-2
2022-09-12 01:23:40,151 [Listener at 127.0.0.1/34999] INFO  impl.RoleInfo (RoleInfo.java:shutdownFollowerState(110)) - omNode-2: shutdown omNode-2@group-0AAC5367B30E-FollowerState
2022-09-12 01:23:40,152 [Listener at 127.0.0.1/34999] INFO  impl.StateMachineUpdater (StateMachineUpdater.java:stopAndJoin(153)) - omNode-2@group-0AAC5367B30E-StateMachineUpdater: set stopIndex = 7
2022-09-12 01:23:40,152 [omNode-2@group-0AAC5367B30E-FollowerState] INFO  impl.FollowerState (FollowerState.java:run(152)) - omNode-2@group-0AAC5367B30E-FollowerState was interrupted
2022-09-12 01:23:40,152 [omNode-2@group-0AAC5367B30E-StateMachineUpdater] INFO  ratis.OzoneManagerStateMachine (OzoneManagerStateMachine.java:takeSnapshot(441)) - Current Snapshot Index (t:1, i:6)
2022-09-12 01:23:40,154 [omNode-2@group-0AAC5367B30E-StateMachineUpdater] INFO  impl.StateMachineUpdater (StateMachineUpdater.java:takeSnapshot(287)) - omNode-2@group-0AAC5367B30E-StateMachineUpdater: Took a snapshot at index 6
2022-09-12 01:23:40,155 [omNode-2@group-0AAC5367B30E-StateMachineUpdater] INFO  impl.StateMachineUpdater (StateMachineUpdater.java:lambda$new$0(92)) - omNode-2@group-0AAC5367B30E-StateMachineUpdater: snapshotIndex: updateIncreasingly -1 -> 6
2022-09-12 01:23:40,155 [omNode-2@group-0AAC5367B30E-StateMachineUpdater] INFO  ratis.OzoneManagerStateMachine (OzoneManagerStateMachine.java:takeSnapshot(441)) - Current Snapshot Index (t:1, i:7)
2022-09-12 01:23:40,155 [omNode-2@group-0AAC5367B30E-StateMachineUpdater] INFO  impl.StateMachineUpdater (StateMachineUpdater.java:takeSnapshot(287)) - omNode-2@group-0AAC5367B30E-StateMachineUpdater: Took a snapshot at index 7
2022-09-12 01:23:40,155 [omNode-2@group-0AAC5367B30E-StateMachineUpdater] INFO  impl.StateMachineUpdater (StateMachineUpdater.java:lambda$new$0(92)) - omNode-2@group-0AAC5367B30E-StateMachineUpdater: snapshotIndex: updateIncreasingly 6 -> 7
2022-09-12 01:23:40,155 [omNode-2@group-0AAC5367B30E-StateMachineUpdater] INFO  ratis.OzoneManagerStateMachine (OzoneManagerStateMachine.java:close(495)) - StateMachine has shutdown. Shutdown OzoneManager if not already shutdown.
2022-09-12 01:23:40,155 [omNode-2@group-0AAC5367B30E-StateMachineUpdater] INFO  ratis.OzoneManagerDoubleBuffer (OzoneManagerDoubleBuffer.java:stop(466)) - Stopping OMDoubleBuffer flush thread
2022-09-12 01:23:40,156 [OMDoubleBufferFlushThread] INFO  ratis.OzoneManagerDoubleBuffer (OzoneManagerDoubleBuffer.java:flushTransactions(385)) - OMDoubleBuffer flush thread OMDoubleBufferFlushThread is interrupted and will exit.
2022-09-12 01:23:40,158 [Listener at 127.0.0.1/34999] INFO  server.RaftServer$Division (ServerState.java:close(429)) - omNode-2@group-0AAC5367B30E: closes. applyIndex: 7
2022-09-12 01:23:40,158 [omNode-2@group-0AAC5367B30E-SegmentedRaftLogWorker] INFO  segmented.SegmentedRaftLogWorker (SegmentedRaftLogWorker.java:run(336)) - omNode-2@group-0AAC5367B30E-SegmentedRaftLogWorker was interrupted, exiting. There are 0 tasks remaining in the queue.
2022-09-12 01:23:40,161 [Listener at 127.0.0.1/34999] INFO  segmented.SegmentedRaftLogWorker (SegmentedRaftLogWorker.java:close(246)) - omNode-2@group-0AAC5367B30E-SegmentedRaftLogWorker close()
2022-09-12 01:23:40,162 [Listener at 127.0.0.1/34999] INFO  server.GrpcService (GrpcService.java:closeImpl(269)) - omNode-2: shutdown server with port 45055 now
2022-09-12 01:23:40,168 [grpc-default-executor-0] WARN  server.GrpcServerProtocolService (LogUtils.java:warn(122)) - omNode-2: installSnapshot onError, lastRequest: omNode-1->omNode-2#112-t1,previous=(t:1, i:7),leaderCommit=7,initializing? true,entries: size=1, first=(t:1, i:8), METADATAENTRY(c:7): org.apache.ratis.thirdparty.io.grpc.StatusRuntimeException: CANCELLED: client cancelled
2022-09-12 01:23:40,170 [Listener at 127.0.0.1/34999] INFO  server.GrpcService (GrpcService.java:closeImpl(278)) - omNode-2: shutdown server with port 45055 successfully
2022-09-12 01:23:40,171 [org.apache.ratis.util.JvmPauseMonitor$$Lambda$605/1445225850@56cdf69b] INFO  util.JvmPauseMonitor (JvmPauseMonitor.java:run(109)) - JvmPauseMonitor-omNode-2: Stopped
2022-09-12 01:23:40,171 [Listener at 127.0.0.1/34999] INFO  ratis.OzoneManagerStateMachine (OzoneManagerStateMachine.java:close(495)) - StateMachine has shutdown. Shutdown OzoneManager if not already shutdown.
2022-09-12 01:23:40,171 [Listener at 127.0.0.1/34999] INFO  ratis.OzoneManagerDoubleBuffer (OzoneManagerDoubleBuffer.java:stop(478)) - OMDoubleBuffer flush thread is not running.
2022-09-12 01:23:40,171 [Listener at 127.0.0.1/34999] INFO  utils.BackgroundService (BackgroundService.java:shutdown(141)) - Shutting down service KeyDeletingService
2022-09-12 01:23:40,171 [Listener at 127.0.0.1/34999] INFO  utils.BackgroundService (BackgroundService.java:shutdown(141)) - Shutting down service DirectoryDeletingService
2022-09-12 01:23:40,172 [Listener at 127.0.0.1/34999] INFO  utils.BackgroundService (BackgroundService.java:shutdown(141)) - Shutting down service OpenKeyCleanupService
2022-09-12 01:23:40,173 [Listener at 127.0.0.1/34999] INFO  handler.ContextHandler (ContextHandler.java:doStop(1153)) - Stopped o.e.j.w.WebAppContext@380191d7{ozoneManager,/,null,STOPPED}{file:/home/runner/work/ozone/ozone/hadoop-ozone/integration-test/target/test-classes/webapps/ozoneManager}
2022-09-12 01:23:40,177 [Listener at 127.0.0.1/34999] INFO  server.AbstractConnector (AbstractConnector.java:doStop(381)) - Stopped ServerConnector@62bab0a4{HTTP/1.1, (http/1.1)}{0.0.0.0:46493}
2022-09-12 01:23:40,177 [Listener at 127.0.0.1/34999] INFO  server.session (HouseKeeper.java:stopScavenging(149)) - node0 Stopped scavenging
2022-09-12 01:23:40,178 [Listener at 127.0.0.1/34999] INFO  handler.ContextHandler (ContextHandler.java:doStop(1153)) - Stopped o.e.j.s.ServletContextHandler@1a27077c{static,/static,file:///home/runner/work/ozone/ozone/hadoop-ozone/integration-test/target/test-classes/webapps/static,STOPPED}
2022-09-12 01:23:40,178 [Listener at 127.0.0.1/34999] INFO  handler.ContextHandler (ContextHandler.java:doStop(1153)) - Stopped o.e.j.s.ServletContextHandler@3825eb27{logs,/logs,file:///home/runner/work/ozone/ozone/hadoop-ozone/integration-test/target/log,STOPPED}
2022-09-12 01:23:40,190 [Listener at 127.0.0.1/34999] INFO  ha.OMHANodeDetails (OMHANodeDetails.java:loadOMHAConfig(121)) - ServiceID for OzoneManager is om-add-remove
2022-09-12 01:23:40,190 [Listener at 127.0.0.1/34999] INFO  ha.OMHANodeDetails (OMHANodeDetails.java:loadOMHAConfig(201)) - Found matching OM address with OMServiceId: om-add-remove, OMNodeId: omNode-bootstrap-1, RPC Address: localhost:42599 and Ratis port: 44677
2022-09-12 01:23:40,190 [Listener at 127.0.0.1/34999] INFO  ha.OMHANodeDetails (ConfUtils.java:setNodeSpecificConfigs(97)) - Setting configuration key ozone.om.http-address with value of key ozone.om.http-address.om-add-remove.omNode-bootstrap-1: 127.0.0.1:36039
2022-09-12 01:23:40,190 [Listener at 127.0.0.1/34999] INFO  ha.OMHANodeDetails (ConfUtils.java:setNodeSpecificConfigs(97)) - Setting configuration key ozone.om.https-address with value of key ozone.om.https-address.om-add-remove.omNode-bootstrap-1: 127.0.0.1:38235
2022-09-12 01:23:40,190 [Listener at 127.0.0.1/34999] INFO  ha.OMHANodeDetails (ConfUtils.java:setNodeSpecificConfigs(97)) - Setting configuration key ozone.om.address with value of key ozone.om.address.om-add-remove.omNode-bootstrap-1: 127.0.0.1:42599
2022-09-12 01:23:40,191 [Listener at 127.0.0.1/34999] WARN  server.ServerUtils (ServerUtils.java:getDBPath(225)) - ozone.om.db.dirs is not configured. We recommend adding this setting. Falling back to ozone.metadata.dirs instead.
2022-09-12 01:23:40,191 [Listener at 127.0.0.1/34999] INFO  ha.SCMNodeInfo (SCMNodeInfo.java:getPort(197)) - ConfigKey ozone.scm.client.address is deprecated, For configuring different ports for each SCM use PortConfigKey ozone.scm.client.port appended with serviceId and nodeId
2022-09-12 01:23:40,192 [Listener at 127.0.0.1/34999] INFO  ha.SCMNodeInfo (SCMNodeInfo.java:getPort(197)) - ConfigKey ozone.scm.block.client.address is deprecated, For configuring different ports for each SCM use PortConfigKey ozone.scm.block.client.port appended with serviceId and nodeId
2022-09-12 01:23:40,192 [Listener at 127.0.0.1/34999] INFO  ha.SCMNodeInfo (SCMNodeInfo.java:getPort(197)) - ConfigKey ozone.scm.datanode.address is deprecated, For configuring different ports for each SCM use PortConfigKey ozone.scm.datanode.port appended with serviceId and nodeId
2022-09-12 01:23:40,192 [Listener at 127.0.0.1/34999] INFO  proxy.SCMBlockLocationFailoverProxyProvider (SCMBlockLocationFailoverProxyProvider.java:<init>(114)) - Created block location fail-over proxy with 1 nodes: [nodeId=scmNode-1,nodeAddress=/127.0.0.1:35481]
OM initialization succeeded.Current cluster id for sd=/home/runner/work/ozone/ozone/hadoop-ozone/integration-test/target/test-dir/MiniOzoneClusterImpl-3d4a976f-5e4d-41d2-99e8-392de73f1c7a/omNode-bootstrap-1/om;cid=3d4a976f-5e4d-41d2-99e8-392de73f1c7a;layoutVersion=3
2022-09-12 01:23:40,202 [Listener at 127.0.0.1/34999] INFO  ha.OMHANodeDetails (OMHANodeDetails.java:loadOMHAConfig(121)) - ServiceID for OzoneManager is om-add-remove
2022-09-12 01:23:40,202 [Listener at 127.0.0.1/34999] INFO  ha.OMHANodeDetails (OMHANodeDetails.java:loadOMHAConfig(201)) - Found matching OM address with OMServiceId: om-add-remove, OMNodeId: omNode-bootstrap-1, RPC Address: localhost:42599 and Ratis port: 44677
2022-09-12 01:23:40,202 [Listener at 127.0.0.1/34999] INFO  ha.OMHANodeDetails (ConfUtils.java:setNodeSpecificConfigs(97)) - Setting configuration key ozone.om.http-address with value of key ozone.om.http-address.om-add-remove.omNode-bootstrap-1: 127.0.0.1:36039
2022-09-12 01:23:40,202 [Listener at 127.0.0.1/34999] INFO  ha.OMHANodeDetails (ConfUtils.java:setNodeSpecificConfigs(97)) - Setting configuration key ozone.om.https-address with value of key ozone.om.https-address.om-add-remove.omNode-bootstrap-1: 127.0.0.1:38235
2022-09-12 01:23:40,202 [Listener at 127.0.0.1/34999] INFO  ha.OMHANodeDetails (ConfUtils.java:setNodeSpecificConfigs(97)) - Setting configuration key ozone.om.address with value of key ozone.om.address.om-add-remove.omNode-bootstrap-1: 127.0.0.1:42599
2022-09-12 01:23:40,203 [Listener at 127.0.0.1/34999] WARN  server.ServerUtils (ServerUtils.java:getDBPath(225)) - ozone.om.db.dirs is not configured. We recommend adding this setting. Falling back to ozone.metadata.dirs instead.
2022-09-12 01:23:40,203 [Listener at 127.0.0.1/34999] INFO  upgrade.AbstractLayoutVersionManager (AbstractLayoutVersionManager.java:init(83)) - Initializing Layout version manager with metadata layout = MULTITENANCY_SCHEMA (version = 3), software layout = MULTITENANCY_SCHEMA (version = 3)
2022-09-12 01:23:40,262 [Listener at 127.0.0.1/34999] INFO  reflections.Reflections (Reflections.java:scan(232)) - Reflections took 58 ms to scan 2 urls, producing 153 keys and 427 values [using 2 cores]
2022-09-12 01:23:40,263 [Listener at 127.0.0.1/34999] INFO  upgrade.OMLayoutVersionManager (OMLayoutVersionManager.java:lambda$0(115)) - Skipping Upgrade Action MockOmUpgradeAction since it has been finalized.
2022-09-12 01:23:40,263 [Listener at 127.0.0.1/34999] WARN  server.ServerUtils (ServerUtils.java:getDBPath(225)) - ozone.om.db.dirs is not configured. We recommend adding this setting. Falling back to ozone.metadata.dirs instead.
2022-09-12 01:23:40,263 [Listener at 127.0.0.1/34999] INFO  ha.SCMNodeInfo (SCMNodeInfo.java:getPort(197)) - ConfigKey ozone.scm.client.address is deprecated, For configuring different ports for each SCM use PortConfigKey ozone.scm.client.port appended with serviceId and nodeId
2022-09-12 01:23:40,264 [Listener at 127.0.0.1/34999] INFO  ha.SCMNodeInfo (SCMNodeInfo.java:getPort(197)) - ConfigKey ozone.scm.block.client.address is deprecated, For configuring different ports for each SCM use PortConfigKey ozone.scm.block.client.port appended with serviceId and nodeId
2022-09-12 01:23:40,264 [Listener at 127.0.0.1/34999] INFO  ha.SCMNodeInfo (SCMNodeInfo.java:getPort(197)) - ConfigKey ozone.scm.datanode.address is deprecated, For configuring different ports for each SCM use PortConfigKey ozone.scm.datanode.port appended with serviceId and nodeId
2022-09-12 01:23:40,264 [Listener at 127.0.0.1/34999] INFO  ha.SCMNodeInfo (SCMNodeInfo.java:getPort(197)) - ConfigKey ozone.scm.client.address is deprecated, For configuring different ports for each SCM use PortConfigKey ozone.scm.client.port appended with serviceId and nodeId
2022-09-12 01:23:40,264 [Listener at 127.0.0.1/34999] INFO  ha.SCMNodeInfo (SCMNodeInfo.java:getPort(197)) - ConfigKey ozone.scm.block.client.address is deprecated, For configuring different ports for each SCM use PortConfigKey ozone.scm.block.client.port appended with serviceId and nodeId
2022-09-12 01:23:40,264 [Listener at 127.0.0.1/34999] INFO  ha.SCMNodeInfo (SCMNodeInfo.java:getPort(197)) - ConfigKey ozone.scm.datanode.address is deprecated, For configuring different ports for each SCM use PortConfigKey ozone.scm.datanode.port appended with serviceId and nodeId
2022-09-12 01:23:40,264 [Listener at 127.0.0.1/34999] INFO  proxy.SCMBlockLocationFailoverProxyProvider (SCMBlockLocationFailoverProxyProvider.java:<init>(114)) - Created block location fail-over proxy with 1 nodes: [nodeId=scmNode-1,nodeAddress=/127.0.0.1:35481]
2022-09-12 01:23:40,265 [Listener at 127.0.0.1/34999] INFO  ha.SCMNodeInfo (SCMNodeInfo.java:getPort(197)) - ConfigKey ozone.scm.client.address is deprecated, For configuring different ports for each SCM use PortConfigKey ozone.scm.client.port appended with serviceId and nodeId
2022-09-12 01:23:40,265 [Listener at 127.0.0.1/34999] INFO  ha.SCMNodeInfo (SCMNodeInfo.java:getPort(197)) - ConfigKey ozone.scm.block.client.address is deprecated, For configuring different ports for each SCM use PortConfigKey ozone.scm.block.client.port appended with serviceId and nodeId
2022-09-12 01:23:40,265 [Listener at 127.0.0.1/34999] INFO  ha.SCMNodeInfo (SCMNodeInfo.java:getPort(197)) - ConfigKey ozone.scm.datanode.address is deprecated, For configuring different ports for each SCM use PortConfigKey ozone.scm.datanode.port appended with serviceId and nodeId
2022-09-12 01:23:40,266 [Listener at 127.0.0.1/34999] INFO  proxy.SCMBlockLocationFailoverProxyProvider (SCMBlockLocationFailoverProxyProvider.java:<init>(114)) - Created block location fail-over proxy with 1 nodes: [nodeId=scmNode-1,nodeAddress=/127.0.0.1:35481]
2022-09-12 01:23:40,272 [Listener at 127.0.0.1/34999] WARN  server.ServerUtils (ServerUtils.java:getDBPath(225)) - ozone.om.db.dirs is not configured. We recommend adding this setting. Falling back to ozone.metadata.dirs instead.
2022-09-12 01:23:40,273 [Listener at 127.0.0.1/34999] INFO  codec.OmKeyInfoCodec (OmKeyInfoCodec.java:<init>(49)) - OmKeyInfoCodec ignorePipeline = true
2022-09-12 01:23:40,273 [Listener at 127.0.0.1/34999] INFO  codec.RepeatedOmKeyInfoCodec (RepeatedOmKeyInfoCodec.java:<init>(41)) - RepeatedOmKeyInfoCodec ignorePipeline = true
2022-09-12 01:23:40,387 [Listener at 127.0.0.1/34999] INFO  om.OzoneManager (OzoneManager.java:instantiateServices(707)) - S3 Multi-Tenancy is disabled
2022-09-12 01:23:40,388 [Listener at 127.0.0.1/34999] INFO  om.OzoneManager (OzoneManager.java:addS3GVolumeToDB(4298)) - Created Volume s3v With Owner runner required for S3Gateway operations.
2022-09-12 01:23:40,388 [Listener at 127.0.0.1/34999] WARN  server.ServerUtils (ServerUtils.java:getDefaultRatisDirectory(237)) - Storage directory for Ratis is not configured. It is a good idea to map this to an SSD disk. Falling back to ozone.metadata.dirs
2022-09-12 01:23:40,389 [Listener at 127.0.0.1/34999] WARN  utils.OzoneManagerRatisUtils (OzoneManagerRatisUtils.java:getOMRatisSnapshotDirectory(434)) - ozone.om.ratis.snapshot.dir is not configured. Falling back to ozone.metadata.dirs config
2022-09-12 01:23:40,389 [Listener at 127.0.0.1/34999] INFO  snapshot.OzoneManagerSnapshotProvider (OzoneManagerSnapshotProvider.java:<init>(76)) - Initializing OM Snapshot Provider
2022-09-12 01:23:40,390 [Listener at 127.0.0.1/34999] WARN  impl.MetricRegistriesImpl (MetricRegistriesImpl.java:addReporterRegistration(111)) - New reporters are added after registries were created. Some metrics will be missing from the reporter. Please add reporter before adding any new registry.
2022-09-12 01:23:40,390 [Listener at 127.0.0.1/34999] WARN  impl.MetricRegistriesImpl (MetricRegistriesImpl.java:addReporterRegistration(111)) - New reporters are added after registries were created. Some metrics will be missing from the reporter. Please add reporter before adding any new registry.
2022-09-12 01:23:40,390 [Listener at 127.0.0.1/34999] WARN  server.ServerUtils (ServerUtils.java:getDefaultRatisDirectory(237)) - Storage directory for Ratis is not configured. It is a good idea to map this to an SSD disk. Falling back to ozone.metadata.dirs
2022-09-12 01:23:40,391 [Listener at 127.0.0.1/34999] INFO  ratis.OzoneManagerRatisServer (OzoneManagerRatisServer.java:<init>(152)) - OM started in Bootstrap mode. Instantiating OM Ratis server with groupID: om-add-remove
2022-09-12 01:23:40,392 [Listener at 127.0.0.1/34999] INFO  ratis.OzoneManagerStateMachine (OzoneManagerStateMachine.java:loadSnapshotInfoFromDB(632)) - LastAppliedIndex is set from TransactionInfo from OM DB as (t:0, i:~)
2022-09-12 01:23:40,392 [Listener at 127.0.0.1/34999] INFO  server.RaftServer (ConfUtils.java:logGet(46)) - raft.rpc.type = GRPC (default)
2022-09-12 01:23:40,393 [Listener at 127.0.0.1/34999] INFO  grpc.GrpcFactory (GrpcFactory.java:checkPooledByteBufAllocatorUseCacheForAllThreads(48)) - PERFORMANCE WARNING: useCacheForAllThreads is true that may cause Netty to create a lot garbage objects and, as a result, trigger GC.
	It is recommended to disable useCacheForAllThreads by setting -Dorg.apache.ratis.thirdparty.io.netty.allocator.useCacheForAllThreads=false in command line.
2022-09-12 01:23:40,393 [Listener at 127.0.0.1/34999] INFO  grpc.GrpcConfigKeys (ConfUtils.java:logGet(46)) - raft.grpc.admin.port = -1 (default)
2022-09-12 01:23:40,393 [Listener at 127.0.0.1/34999] INFO  grpc.GrpcConfigKeys (ConfUtils.java:logGet(46)) - raft.grpc.server.port = 44677 (custom)
2022-09-12 01:23:40,393 [Listener at 127.0.0.1/34999] INFO  grpc.GrpcConfigKeys (ConfUtils.java:logGet(46)) - raft.grpc.client.port = -1 (default)
2022-09-12 01:23:40,393 [Listener at 127.0.0.1/34999] INFO  grpc.GrpcConfigKeys (ConfUtils.java:logGet(46)) - raft.grpc.server.port = 44677 (custom)
2022-09-12 01:23:40,393 [Listener at 127.0.0.1/34999] INFO  grpc.GrpcConfigKeys (ConfUtils.java:logGet(46)) - raft.grpc.server.port = 44677 (custom)
2022-09-12 01:23:40,393 [Listener at 127.0.0.1/34999] INFO  server.GrpcService (ConfUtils.java:logGet(46)) - raft.grpc.message.size.max = 33554432 (custom)
2022-09-12 01:23:40,393 [Listener at 127.0.0.1/34999] INFO  server.RaftServerConfigKeys (ConfUtils.java:logGet(46)) - raft.server.log.appender.buffer.byte-limit = 33554432 (custom)
2022-09-12 01:23:40,393 [Listener at 127.0.0.1/34999] INFO  server.GrpcService (ConfUtils.java:logGet(46)) - raft.grpc.flow.control.window = 1MB (=1048576) (default)
2022-09-12 01:23:40,394 [Listener at 127.0.0.1/34999] INFO  server.RaftServerConfigKeys (ConfUtils.java:logGet(46)) - raft.server.rpc.request.timeout = 3000ms (default)
2022-09-12 01:23:40,394 [Listener at 127.0.0.1/34999] INFO  grpc.GrpcConfigKeys (ConfUtils.java:logGet(46)) - raft.grpc.server.async.request.thread.pool.cached = true (default)
2022-09-12 01:23:40,394 [Listener at 127.0.0.1/34999] INFO  grpc.GrpcConfigKeys (ConfUtils.java:logGet(46)) - raft.grpc.server.async.request.thread.pool.size = 32 (default)
2022-09-12 01:23:40,395 [Listener at 127.0.0.1/34999] INFO  impl.DataStreamServerImpl (ConfUtils.java:logGet(46)) - raft.datastream.type = DISABLED (default)
2022-09-12 01:23:40,395 [Listener at 127.0.0.1/34999] INFO  server.RaftServerConfigKeys (ConfUtils.java:logGet(46)) - raft.server.threadpool.proxy.cached = true (default)
2022-09-12 01:23:40,395 [Listener at 127.0.0.1/34999] INFO  server.RaftServerConfigKeys (ConfUtils.java:logGet(46)) - raft.server.threadpool.proxy.size = 0 (default)
2022-09-12 01:23:40,395 [Listener at 127.0.0.1/34999] INFO  server.RaftServerConfigKeys (ConfUtils.java:logGet(46)) - raft.server.rpc.slowness.timeout = 2s (custom)
2022-09-12 01:23:40,396 [Listener at 127.0.0.1/34999] INFO  server.RaftServerConfigKeys (ConfUtils.java:logGet(46)) - raft.server.leaderelection.leader.step-down.wait-time = 10s (default)
2022-09-12 01:23:40,396 [Listener at 127.0.0.1/34999] INFO  server.RaftServerConfigKeys (ConfUtils.java:logGet(46)) - raft.server.storage.dir = [/home/runner/work/ozone/ozone/hadoop-ozone/integration-test/target/test-dir/MiniOzoneClusterImpl-3d4a976f-5e4d-41d2-99e8-392de73f1c7a/omNode-bootstrap-1/ratis] (custom)
2022-09-12 01:23:40,400 [Listener at 127.0.0.1/34999] INFO  server.RaftServer (RaftServerProxy.java:addNew(96)) - omNode-bootstrap-1: addNew group-0AAC5367B30E:[] returns group-0AAC5367B30E:java.util.concurrent.CompletableFuture@4e6b2bb6[Not completed]
2022-09-12 01:23:40,400 [Listener at 127.0.0.1/34999] INFO  om.OzoneManager (OzoneManager.java:initializeRatisServer(1973)) - OzoneManager Ratis server initialized at port 44677
2022-09-12 01:23:40,401 [Listener at 127.0.0.1/34999] INFO  om.OzoneManager (OzoneManager.java:getRpcServer(1096)) - Creating RPC Server
2022-09-12 01:23:40,403 [pool-234-thread-1] INFO  server.RaftServer$Division (RaftServerImpl.java:<init>(190)) - omNode-bootstrap-1: new RaftServerImpl for group-0AAC5367B30E:[] with OzoneManagerStateMachine:uninitialized
2022-09-12 01:23:40,403 [pool-234-thread-1] INFO  server.RaftServerConfigKeys (ConfUtils.java:logGet(46)) - raft.server.rpc.timeout.min = 1s (custom)
2022-09-12 01:23:40,403 [pool-234-thread-1] INFO  server.RaftServerConfigKeys (ConfUtils.java:logGet(46)) - raft.server.rpc.timeout.max = 1200ms (custom)
2022-09-12 01:23:40,403 [pool-234-thread-1] INFO  server.RaftServerConfigKeys (ConfUtils.java:logGet(46)) - raft.server.rpc.sleep.time = 25ms (default)
2022-09-12 01:23:40,403 [pool-234-thread-1] INFO  server.RaftServerConfigKeys (ConfUtils.java:logGet(46)) - raft.server.rpc.slowness.timeout = 2s (custom)
2022-09-12 01:23:40,403 [pool-234-thread-1] INFO  server.RaftServerConfigKeys (ConfUtils.java:logGet(46)) - raft.server.leaderelection.leader.step-down.wait-time = 10s (default)
2022-09-12 01:23:40,403 [pool-234-thread-1] INFO  server.RaftServerConfigKeys (ConfUtils.java:logGet(46)) - raft.server.sleep.deviation.threshold = 300ms (default)
2022-09-12 01:23:40,403 [pool-234-thread-1] INFO  server.RaftServer$Division (ServerState.java:<init>(107)) - omNode-bootstrap-1@group-0AAC5367B30E: ConfigurationManager, init=-1: [], old=null, confs=<EMPTY_MAP>
2022-09-12 01:23:40,403 [pool-234-thread-1] INFO  server.RaftServerConfigKeys (ConfUtils.java:logGet(46)) - raft.server.storage.dir = [/home/runner/work/ozone/ozone/hadoop-ozone/integration-test/target/test-dir/MiniOzoneClusterImpl-3d4a976f-5e4d-41d2-99e8-392de73f1c7a/omNode-bootstrap-1/ratis] (custom)
2022-09-12 01:23:40,403 [pool-234-thread-1] INFO  server.RaftServerConfigKeys (ConfUtils.java:logGet(46)) - raft.server.log.corruption.policy = EXCEPTION (default)
2022-09-12 01:23:40,403 [pool-234-thread-1] INFO  server.RaftServerConfigKeys (ConfUtils.java:logGet(46)) - raft.server.storage.free-space.min = 0MB (=0) (default)
2022-09-12 01:23:40,403 [pool-234-thread-1] INFO  storage.RaftStorageDirectory (RaftStorageDirectoryImpl.java:analyzeStorage(135)) - The storage directory /home/runner/work/ozone/ozone/hadoop-ozone/integration-test/target/test-dir/MiniOzoneClusterImpl-3d4a976f-5e4d-41d2-99e8-392de73f1c7a/omNode-bootstrap-1/ratis/0718e334-ffa1-36bc-8e9a-0aac5367b30e does not exist. Creating ...
2022-09-12 01:23:40,404 [pool-234-thread-1] INFO  storage.RaftStorageDirectory (RaftStorageDirectoryImpl.java:tryLock(230)) - Lock on /home/runner/work/ozone/ozone/hadoop-ozone/integration-test/target/test-dir/MiniOzoneClusterImpl-3d4a976f-5e4d-41d2-99e8-392de73f1c7a/omNode-bootstrap-1/ratis/0718e334-ffa1-36bc-8e9a-0aac5367b30e/in_use.lock acquired by nodename 51693@fv-az167-317
2022-09-12 01:23:40,412 [pool-234-thread-1] INFO  storage.RaftStorage (RaftStorageImpl.java:format(89)) - Storage directory /home/runner/work/ozone/ozone/hadoop-ozone/integration-test/target/test-dir/MiniOzoneClusterImpl-3d4a976f-5e4d-41d2-99e8-392de73f1c7a/omNode-bootstrap-1/ratis/0718e334-ffa1-36bc-8e9a-0aac5367b30e has been successfully formatted.
2022-09-12 01:23:40,413 [pool-234-thread-1] INFO  server.RaftServerConfigKeys (ConfUtils.java:logGet(46)) - raft.server.notification.no-leader.timeout = 2s (custom)
2022-09-12 01:23:40,413 [pool-234-thread-1] INFO  server.RaftServerConfigKeys (ConfUtils.java:logGet(46)) - raft.server.log.use.memory = false (default)
2022-09-12 01:23:40,413 [pool-234-thread-1] INFO  server.RaftServerConfigKeys (ConfUtils.java:logGet(46)) - raft.server.log.purge.gap = 1000000 (custom)
2022-09-12 01:23:40,413 [pool-234-thread-1] INFO  server.RaftServerConfigKeys (ConfUtils.java:logGet(46)) - raft.server.log.appender.buffer.byte-limit = 33554432 (custom)
2022-09-12 01:23:40,413 [pool-234-thread-1] INFO  server.RaftServerConfigKeys (ConfUtils.java:logGet(46)) - raft.server.log.statemachine.data.read.timeout = 1000ms (default)
2022-09-12 01:23:40,413 [pool-234-thread-1] INFO  server.RaftServerConfigKeys (ConfUtils.java:logGet(46)) - raft.server.log.segment.size.max = 4194304 (custom)
2022-09-12 01:23:40,413 [pool-234-thread-1] INFO  server.RaftServerConfigKeys (ConfUtils.java:logGet(46)) - raft.server.log.segment.cache.num.max = 2 (custom)
2022-09-12 01:23:40,413 [pool-234-thread-1] INFO  server.RaftServerConfigKeys (ConfUtils.java:logGet(46)) - raft.server.log.segment.cache.size.max = 200MB (=209715200) (default)
2022-09-12 01:23:40,413 [pool-234-thread-1] INFO  segmented.SegmentedRaftLogWorker (SegmentedRaftLogWorker.java:<init>(187)) - new omNode-bootstrap-1@group-0AAC5367B30E-SegmentedRaftLogWorker for RaftStorageImpl:Storage Directory /home/runner/work/ozone/ozone/hadoop-ozone/integration-test/target/test-dir/MiniOzoneClusterImpl-3d4a976f-5e4d-41d2-99e8-392de73f1c7a/omNode-bootstrap-1/ratis/0718e334-ffa1-36bc-8e9a-0aac5367b30e
2022-09-12 01:23:40,413 [pool-234-thread-1] INFO  server.RaftServerConfigKeys (ConfUtils.java:logGet(46)) - raft.server.log.queue.byte-limit = 64MB (=67108864) (default)
2022-09-12 01:23:40,413 [pool-234-thread-1] INFO  server.RaftServerConfigKeys (ConfUtils.java:logGet(46)) - raft.server.log.queue.element-limit = 4096 (default)
2022-09-12 01:23:40,413 [pool-234-thread-1] INFO  server.RaftServerConfigKeys (ConfUtils.java:logGet(46)) - raft.server.log.segment.size.max = 4194304 (custom)
2022-09-12 01:23:40,416 [pool-234-thread-1] INFO  server.RaftServerConfigKeys (ConfUtils.java:logGet(46)) - raft.server.log.preallocated.size = 4194304 (custom)
2022-09-12 01:23:40,416 [pool-234-thread-1] INFO  server.RaftServerConfigKeys (ConfUtils.java:logGet(46)) - raft.server.log.force.sync.num = 128 (default)
2022-09-12 01:23:40,416 [pool-234-thread-1] INFO  server.RaftServerConfigKeys (ConfUtils.java:logGet(46)) - raft.server.log.statemachine.data.sync = true (default)
2022-09-12 01:23:40,416 [pool-234-thread-1] INFO  server.RaftServerConfigKeys (ConfUtils.java:logGet(46)) - raft.server.log.statemachine.data.sync.timeout = 10s (default)
2022-09-12 01:23:40,416 [pool-234-thread-1] INFO  server.RaftServerConfigKeys (ConfUtils.java:logGet(46)) - raft.server.log.statemachine.data.sync.timeout.retry = -1 (default)
2022-09-12 01:23:40,417 [pool-234-thread-1] INFO  server.RaftServerConfigKeys (ConfUtils.java:logGet(46)) - raft.server.log.write.buffer.size = 64KB (=65536) (default)
2022-09-12 01:23:40,417 [pool-234-thread-1] INFO  server.RaftServerConfigKeys (ConfUtils.java:logGet(46)) - raft.server.log.unsafe-flush.enabled = false (default)
2022-09-12 01:23:40,417 [pool-234-thread-1] INFO  server.RaftServerConfigKeys (ConfUtils.java:logGet(46)) - raft.server.log.statemachine.data.caching.enabled = false (default)
2022-09-12 01:23:40,417 [pool-234-thread-1] INFO  segmented.SegmentedRaftLogWorker (SegmentedRaftLogWorker.java:lambda$new$0(135)) - omNode-bootstrap-1@group-0AAC5367B30E-SegmentedRaftLogWorker: flushIndex: setUnconditionally 0 -> -1
2022-09-12 01:23:40,417 [pool-234-thread-1] INFO  segmented.SegmentedRaftLogWorker (SegmentedRaftLogWorker.java:lambda$new$0(135)) - omNode-bootstrap-1@group-0AAC5367B30E-SegmentedRaftLogWorker: safeCacheEvictIndex: setUnconditionally 0 -> -1
2022-09-12 01:23:40,422 [pool-234-thread-1] INFO  server.RaftServerConfigKeys (ConfUtils.java:logGet(46)) - raft.server.snapshot.auto.trigger.enabled = true (custom)
2022-09-12 01:23:40,422 [pool-234-thread-1] INFO  server.RaftServerConfigKeys (ConfUtils.java:logGet(46)) - raft.server.snapshot.auto.trigger.threshold = 400000 (default)
2022-09-12 01:23:40,422 [pool-234-thread-1] INFO  server.RaftServerConfigKeys (ConfUtils.java:logGet(46)) - raft.server.snapshot.retention.file.num = -1 (default)
2022-09-12 01:23:40,422 [pool-234-thread-1] INFO  server.RaftServerConfigKeys (ConfUtils.java:logGet(46)) - raft.server.log.purge.upto.snapshot.index = true (custom)
2022-09-12 01:23:40,422 [pool-234-thread-1] INFO  server.RaftServerConfigKeys (ConfUtils.java:logGet(46)) - raft.server.retrycache.expirytime = 300s (custom)
2022-09-12 01:23:40,423 [pool-234-thread-1] INFO  server.RaftServerConfigKeys (ConfUtils.java:logGet(46)) - raft.server.retrycache.statistics.expirytime = 100μs (default)
2022-09-12 01:23:40,423 [pool-234-thread-1] INFO  server.RaftServerConfigKeys (ConfUtils.java:logGet(46)) - raft.server.log.appender.install.snapshot.enabled = false (custom)
2022-09-12 01:23:40,423 [pool-234-thread-1] INFO  server.RaftServerConfigKeys (ConfUtils.java:logGet(46)) - raft.server.threadpool.server.cached = true (default)
2022-09-12 01:23:40,423 [pool-234-thread-1] INFO  server.RaftServerConfigKeys (ConfUtils.java:logGet(46)) - raft.server.threadpool.server.size = 0 (default)
2022-09-12 01:23:40,424 [pool-234-thread-1] INFO  server.RaftServerConfigKeys (ConfUtils.java:logGet(46)) - raft.server.threadpool.client.cached = true (default)
2022-09-12 01:23:40,424 [pool-234-thread-1] INFO  server.RaftServerConfigKeys (ConfUtils.java:logGet(46)) - raft.server.threadpool.client.size = 0 (default)
2022-09-12 01:23:40,778 [Listener at 127.0.0.1/34999] INFO  reflections.Reflections (Reflections.java:scan(232)) - Reflections took 376 ms to scan 19 urls, producing 67 keys and 4171 values [using 2 cores]
2022-09-12 01:23:40,779 [Listener at 127.0.0.1/34999] INFO  ipc.CallQueueManager (CallQueueManager.java:<init>(90)) - Using callQueue: class java.util.concurrent.LinkedBlockingQueue, queueCapacity: 2000, scheduler: class org.apache.hadoop.ipc.DefaultRpcScheduler, ipcBackoff: false.
2022-09-12 01:23:40,780 [Socket Reader #1 for port 42599] INFO  ipc.Server (Server.java:run(1265)) - Starting Socket Reader #1 for port 42599
2022-09-12 01:23:40,934 [Listener at 127.0.0.1/42599] INFO  ipc.Client (Client.java:handleConnectionFailure(977)) - Retrying connect to server: localhost/127.0.0.1:45777. Already tried 0 time(s); retry policy is RetryUpToMaximumCountWithFixedSleep(maxRetries=2, sleepTime=100 MILLISECONDS)
2022-09-12 01:23:41,035 [Listener at 127.0.0.1/42599] INFO  ipc.Client (Client.java:handleConnectionFailure(977)) - Retrying connect to server: localhost/127.0.0.1:45777. Already tried 1 time(s); retry policy is RetryUpToMaximumCountWithFixedSleep(maxRetries=2, sleepTime=100 MILLISECONDS)
2022-09-12 01:23:42,137 [Listener at 127.0.0.1/42599] INFO  ipc.Client (Client.java:handleConnectionFailure(977)) - Retrying connect to server: localhost/127.0.0.1:45777. Already tried 0 time(s); retry policy is RetryUpToMaximumCountWithFixedSleep(maxRetries=2, sleepTime=100 MILLISECONDS)
2022-09-12 01:23:42,237 [Listener at 127.0.0.1/42599] INFO  ipc.Client (Client.java:handleConnectionFailure(977)) - Retrying connect to server: localhost/127.0.0.1:45777. Already tried 1 time(s); retry policy is RetryUpToMaximumCountWithFixedSleep(maxRetries=2, sleepTime=100 MILLISECONDS)
2022-09-12 01:23:43,339 [Listener at 127.0.0.1/42599] INFO  ipc.Client (Client.java:handleConnectionFailure(977)) - Retrying connect to server: localhost/127.0.0.1:45777. Already tried 0 time(s); retry policy is RetryUpToMaximumCountWithFixedSleep(maxRetries=2, sleepTime=100 MILLISECONDS)
2022-09-12 01:23:43,440 [Listener at 127.0.0.1/42599] INFO  ipc.Client (Client.java:handleConnectionFailure(977)) - Retrying connect to server: localhost/127.0.0.1:45777. Already tried 1 time(s); retry policy is RetryUpToMaximumCountWithFixedSleep(maxRetries=2, sleepTime=100 MILLISECONDS)
2022-09-12 01:23:44,541 [Listener at 127.0.0.1/42599] INFO  ipc.Client (Client.java:handleConnectionFailure(977)) - Retrying connect to server: localhost/127.0.0.1:45777. Already tried 0 time(s); retry policy is RetryUpToMaximumCountWithFixedSleep(maxRetries=2, sleepTime=100 MILLISECONDS)
2022-09-12 01:23:44,642 [Listener at 127.0.0.1/42599] INFO  ipc.Client (Client.java:handleConnectionFailure(977)) - Retrying connect to server: localhost/127.0.0.1:45777. Already tried 1 time(s); retry policy is RetryUpToMaximumCountWithFixedSleep(maxRetries=2, sleepTime=100 MILLISECONDS)
2022-09-12 01:23:45,743 [Listener at 127.0.0.1/42599] INFO  ipc.Client (Client.java:handleConnectionFailure(977)) - Retrying connect to server: localhost/127.0.0.1:45777. Already tried 0 time(s); retry policy is RetryUpToMaximumCountWithFixedSleep(maxRetries=2, sleepTime=100 MILLISECONDS)
2022-09-12 01:23:45,844 [Listener at 127.0.0.1/42599] INFO  ipc.Client (Client.java:handleConnectionFailure(977)) - Retrying connect to server: localhost/127.0.0.1:45777. Already tried 1 time(s); retry policy is RetryUpToMaximumCountWithFixedSleep(maxRetries=2, sleepTime=100 MILLISECONDS)
2022-09-12 01:23:46,946 [Listener at 127.0.0.1/42599] INFO  ipc.Client (Client.java:handleConnectionFailure(977)) - Retrying connect to server: localhost/127.0.0.1:45777. Already tried 0 time(s); retry policy is RetryUpToMaximumCountWithFixedSleep(maxRetries=2, sleepTime=100 MILLISECONDS)
2022-09-12 01:23:47,046 [Listener at 127.0.0.1/42599] INFO  ipc.Client (Client.java:handleConnectionFailure(977)) - Retrying connect to server: localhost/127.0.0.1:45777. Already tried 1 time(s); retry policy is RetryUpToMaximumCountWithFixedSleep(maxRetries=2, sleepTime=100 MILLISECONDS)
2022-09-12 01:23:48,151 [Listener at 127.0.0.1/42599] INFO  ipc.Client (Client.java:handleConnectionFailure(977)) - Retrying connect to server: localhost/127.0.0.1:45777. Already tried 0 time(s); retry policy is RetryUpToMaximumCountWithFixedSleep(maxRetries=2, sleepTime=100 MILLISECONDS)
2022-09-12 01:23:48,251 [Listener at 127.0.0.1/42599] INFO  ipc.Client (Client.java:handleConnectionFailure(977)) - Retrying connect to server: localhost/127.0.0.1:45777. Already tried 1 time(s); retry policy is RetryUpToMaximumCountWithFixedSleep(maxRetries=2, sleepTime=100 MILLISECONDS)
2022-09-12 01:23:49,353 [Listener at 127.0.0.1/42599] INFO  ipc.Client (Client.java:handleConnectionFailure(977)) - Retrying connect to server: localhost/127.0.0.1:45777. Already tried 0 time(s); retry policy is RetryUpToMaximumCountWithFixedSleep(maxRetries=2, sleepTime=100 MILLISECONDS)
2022-09-12 01:23:49,453 [Listener at 127.0.0.1/42599] INFO  ipc.Client (Client.java:handleConnectionFailure(977)) - Retrying connect to server: localhost/127.0.0.1:45777. Already tried 1 time(s); retry policy is RetryUpToMaximumCountWithFixedSleep(maxRetries=2, sleepTime=100 MILLISECONDS)
2022-09-12 01:23:50,555 [Listener at 127.0.0.1/42599] INFO  ipc.Client (Client.java:handleConnectionFailure(977)) - Retrying connect to server: localhost/127.0.0.1:45777. Already tried 0 time(s); retry policy is RetryUpToMaximumCountWithFixedSleep(maxRetries=2, sleepTime=100 MILLISECONDS)
2022-09-12 01:23:50,656 [Listener at 127.0.0.1/42599] INFO  ipc.Client (Client.java:handleConnectionFailure(977)) - Retrying connect to server: localhost/127.0.0.1:45777. Already tried 1 time(s); retry policy is RetryUpToMaximumCountWithFixedSleep(maxRetries=2, sleepTime=100 MILLISECONDS)
2022-09-12 01:23:51,757 [Listener at 127.0.0.1/42599] INFO  ipc.Client (Client.java:handleConnectionFailure(977)) - Retrying connect to server: localhost/127.0.0.1:45777. Already tried 0 time(s); retry policy is RetryUpToMaximumCountWithFixedSleep(maxRetries=2, sleepTime=100 MILLISECONDS)
2022-09-12 01:23:51,858 [Listener at 127.0.0.1/42599] INFO  ipc.Client (Client.java:handleConnectionFailure(977)) - Retrying connect to server: localhost/127.0.0.1:45777. Already tried 1 time(s); retry policy is RetryUpToMaximumCountWithFixedSleep(maxRetries=2, sleepTime=100 MILLISECONDS)
2022-09-12 01:23:52,959 [Listener at 127.0.0.1/42599] INFO  ipc.Client (Client.java:handleConnectionFailure(977)) - Retrying connect to server: localhost/127.0.0.1:45777. Already tried 0 time(s); retry policy is RetryUpToMaximumCountWithFixedSleep(maxRetries=2, sleepTime=100 MILLISECONDS)
2022-09-12 01:23:53,060 [Listener at 127.0.0.1/42599] INFO  ipc.Client (Client.java:handleConnectionFailure(977)) - Retrying connect to server: localhost/127.0.0.1:45777. Already tried 1 time(s); retry policy is RetryUpToMaximumCountWithFixedSleep(maxRetries=2, sleepTime=100 MILLISECONDS)
2022-09-12 01:23:53,061 [Listener at 127.0.0.1/42599] ERROR protocolPB.OMAdminProtocolClientSideImpl (OMAdminProtocolClientSideImpl.java:getOMConfiguration(178)) - Failed to retrieve configuration of OM omNode-2[localhost:45777]
com.google.protobuf.ServiceException: java.net.ConnectException: Call From fv-az167-317/10.1.0.12 to localhost:45777 failed on connection exception: java.net.ConnectException: Connection refused; For more details see:  http://wiki.apache.org/hadoop/ConnectionRefused
	at org.apache.hadoop.ipc.ProtobufRpcEngine$Invoker.invoke(ProtobufRpcEngine.java:250)
	at org.apache.hadoop.ipc.ProtobufRpcEngine$Invoker.invoke(ProtobufRpcEngine.java:123)
	at com.sun.proxy.$Proxy56.getOMConfiguration(Unknown Source)
	at sun.reflect.NativeMethodAccessorImpl.invoke0(Native Method)
	at sun.reflect.NativeMethodAccessorImpl.invoke(NativeMethodAccessorImpl.java:62)
	at sun.reflect.DelegatingMethodAccessorImpl.invoke(DelegatingMethodAccessorImpl.java:43)
	at java.lang.reflect.Method.invoke(Method.java:498)
	at org.apache.hadoop.io.retry.RetryInvocationHandler.invokeMethod(RetryInvocationHandler.java:422)
	at org.apache.hadoop.io.retry.RetryInvocationHandler$Call.invokeMethod(RetryInvocationHandler.java:165)
	at org.apache.hadoop.io.retry.RetryInvocationHandler$Call.invoke(RetryInvocationHandler.java:157)
	at org.apache.hadoop.io.retry.RetryInvocationHandler$Call.invokeOnce(RetryInvocationHandler.java:95)
	at org.apache.hadoop.io.retry.RetryInvocationHandler.invoke(RetryInvocationHandler.java:359)
	at com.sun.proxy.$Proxy56.getOMConfiguration(Unknown Source)
	at org.apache.hadoop.ozone.om.protocolPB.OMAdminProtocolClientSideImpl.getOMConfiguration(OMAdminProtocolClientSideImpl.java:156)
	at org.apache.hadoop.ozone.om.OzoneManager.checkConfigBeforeBootstrap(OzoneManager.java:1643)
	at org.apache.hadoop.ozone.om.OzoneManager.start(OzoneManager.java:1470)
	at org.apache.hadoop.ozone.MiniOzoneHAClusterImpl$MiniOzoneHAService.startInactiveService(MiniOzoneHAClusterImpl.java:1036)
	at org.apache.hadoop.ozone.MiniOzoneHAClusterImpl.startInactiveOM(MiniOzoneHAClusterImpl.java:214)
	at org.apache.hadoop.ozone.MiniOzoneHAClusterImpl.bootstrapNewOM(MiniOzoneHAClusterImpl.java:870)
	at org.apache.hadoop.ozone.MiniOzoneHAClusterImpl.bootstrapOzoneManager(MiniOzoneHAClusterImpl.java:780)
	at org.apache.hadoop.ozone.om.TestAddRemoveOzoneManager.testForceBootstrap(TestAddRemoveOzoneManager.java:307)
	at sun.reflect.NativeMethodAccessorImpl.invoke0(Native Method)
	at sun.reflect.NativeMethodAccessorImpl.invoke(NativeMethodAccessorImpl.java:62)
	at sun.reflect.DelegatingMethodAccessorImpl.invoke(DelegatingMethodAccessorImpl.java:43)
	at java.lang.reflect.Method.invoke(Method.java:498)
	at org.junit.platform.commons.util.ReflectionUtils.invokeMethod(ReflectionUtils.java:725)
	at org.junit.jupiter.engine.execution.MethodInvocation.proceed(MethodInvocation.java:60)
	at org.junit.jupiter.engine.execution.InvocationInterceptorChain$ValidatingInvocation.proceed(InvocationInterceptorChain.java:131)
	at org.junit.jupiter.engine.extension.TimeoutInvocation.proceed(TimeoutInvocation.java:46)
	at org.junit.jupiter.engine.extension.TimeoutExtension.intercept(TimeoutExtension.java:149)
	at org.junit.jupiter.engine.extension.TimeoutExtension.interceptTestableMethod(TimeoutExtension.java:140)
	at org.junit.jupiter.engine.extension.TimeoutExtension.interceptTestMethod(TimeoutExtension.java:84)
	at org.junit.jupiter.engine.execution.ExecutableInvoker$ReflectiveInterceptorCall.lambda$ofVoidMethod$0(ExecutableInvoker.java:115)
	at org.junit.jupiter.engine.execution.ExecutableInvoker.lambda$invoke$0(ExecutableInvoker.java:105)
	at org.junit.jupiter.engine.execution.InvocationInterceptorChain$InterceptedInvocation.proceed(InvocationInterceptorChain.java:106)
	at org.junit.jupiter.engine.execution.InvocationInterceptorChain.proceed(InvocationInterceptorChain.java:64)
	at org.junit.jupiter.engine.execution.InvocationInterceptorChain.chainAndInvoke(InvocationInterceptorChain.java:45)
	at org.junit.jupiter.engine.execution.InvocationInterceptorChain.invoke(InvocationInterceptorChain.java:37)
	at org.junit.jupiter.engine.execution.ExecutableInvoker.invoke(ExecutableInvoker.java:104)
	at org.junit.jupiter.engine.execution.ExecutableInvoker.invoke(ExecutableInvoker.java:98)
	at org.junit.jupiter.engine.descriptor.TestMethodTestDescriptor.lambda$invokeTestMethod$7(TestMethodTestDescriptor.java:214)
	at org.junit.platform.engine.support.hierarchical.ThrowableCollector.execute(ThrowableCollector.java:73)
	at org.junit.jupiter.engine.descriptor.TestMethodTestDescriptor.invokeTestMethod(TestMethodTestDescriptor.java:210)
	at org.junit.jupiter.engine.descriptor.TestMethodTestDescriptor.execute(TestMethodTestDescriptor.java:135)
	at org.junit.jupiter.engine.descriptor.TestMethodTestDescriptor.execute(TestMethodTestDescriptor.java:66)
	at org.junit.platform.engine.support.hierarchical.NodeTestTask.lambda$executeRecursively$6(NodeTestTask.java:151)
	at org.junit.platform.engine.support.hierarchical.ThrowableCollector.execute(ThrowableCollector.java:73)
	at org.junit.platform.engine.support.hierarchical.NodeTestTask.lambda$executeRecursively$8(NodeTestTask.java:141)
	at org.junit.platform.engine.support.hierarchical.Node.around(Node.java:137)
	at org.junit.platform.engine.support.hierarchical.NodeTestTask.lambda$executeRecursively$9(NodeTestTask.java:139)
	at org.junit.platform.engine.support.hierarchical.ThrowableCollector.execute(ThrowableCollector.java:73)
	at org.junit.platform.engine.support.hierarchical.NodeTestTask.executeRecursively(NodeTestTask.java:138)
	at org.junit.platform.engine.support.hierarchical.NodeTestTask.execute(NodeTestTask.java:95)
	at java.util.ArrayList.forEach(ArrayList.java:1259)
	at org.junit.platform.engine.support.hierarchical.SameThreadHierarchicalTestExecutorService.invokeAll(SameThreadHierarchicalTestExecutorService.java:41)
	at org.junit.platform.engine.support.hierarchical.NodeTestTask.lambda$executeRecursively$6(NodeTestTask.java:155)
	at org.junit.platform.engine.support.hierarchical.ThrowableCollector.execute(ThrowableCollector.java:73)
	at org.junit.platform.engine.support.hierarchical.NodeTestTask.lambda$executeRecursively$8(NodeTestTask.java:141)
	at org.junit.platform.engine.support.hierarchical.Node.around(Node.java:137)
	at org.junit.platform.engine.support.hierarchical.NodeTestTask.lambda$executeRecursively$9(NodeTestTask.java:139)
	at org.junit.platform.engine.support.hierarchical.ThrowableCollector.execute(ThrowableCollector.java:73)
	at org.junit.platform.engine.support.hierarchical.NodeTestTask.executeRecursively(NodeTestTask.java:138)
	at org.junit.platform.engine.support.hierarchical.NodeTestTask.execute(NodeTestTask.java:95)
	at java.util.ArrayList.forEach(ArrayList.java:1259)
	at org.junit.platform.engine.support.hierarchical.SameThreadHierarchicalTestExecutorService.invokeAll(SameThreadHierarchicalTestExecutorService.java:41)
	at org.junit.platform.engine.support.hierarchical.NodeTestTask.lambda$executeRecursively$6(NodeTestTask.java:155)
	at org.junit.platform.engine.support.hierarchical.ThrowableCollector.execute(ThrowableCollector.java:73)
	at org.junit.platform.engine.support.hierarchical.NodeTestTask.lambda$executeRecursively$8(NodeTestTask.java:141)
	at org.junit.platform.engine.support.hierarchical.Node.around(Node.java:137)
	at org.junit.platform.engine.support.hierarchical.NodeTestTask.lambda$executeRecursively$9(NodeTestTask.java:139)
	at org.junit.platform.engine.support.hierarchical.ThrowableCollector.execute(ThrowableCollector.java:73)
	at org.junit.platform.engine.support.hierarchical.NodeTestTask.executeRecursively(NodeTestTask.java:138)
	at org.junit.platform.engine.support.hierarchical.NodeTestTask.execute(NodeTestTask.java:95)
	at org.junit.platform.engine.support.hierarchical.SameThreadHierarchicalTestExecutorService.submit(SameThreadHierarchicalTestExecutorService.java:35)
	at org.junit.platform.engine.support.hierarchical.HierarchicalTestExecutor.execute(HierarchicalTestExecutor.java:57)
	at org.junit.platform.engine.support.hierarchical.HierarchicalTestEngine.execute(HierarchicalTestEngine.java:54)
	at org.junit.platform.launcher.core.EngineExecutionOrchestrator.execute(EngineExecutionOrchestrator.java:107)
	at org.junit.platform.launcher.core.EngineExecutionOrchestrator.execute(EngineExecutionOrchestrator.java:88)
	at org.junit.platform.launcher.core.EngineExecutionOrchestrator.lambda$execute$0(EngineExecutionOrchestrator.java:54)
	at org.junit.platform.launcher.core.EngineExecutionOrchestrator.withInterceptedStreams(EngineExecutionOrchestrator.java:67)
	at org.junit.platform.launcher.core.EngineExecutionOrchestrator.execute(EngineExecutionOrchestrator.java:52)
	at org.junit.platform.launcher.core.DefaultLauncher.execute(DefaultLauncher.java:114)
	at org.junit.platform.launcher.core.DefaultLauncher.execute(DefaultLauncher.java:86)
	at org.junit.platform.launcher.core.DefaultLauncherSession$DelegatingLauncher.execute(DefaultLauncherSession.java:86)
	at org.junit.platform.launcher.core.SessionPerRequestLauncher.execute(SessionPerRequestLauncher.java:53)
	at org.apache.maven.surefire.junitplatform.JUnitPlatformProvider.execute(JUnitPlatformProvider.java:188)
	at org.apache.maven.surefire.junitplatform.JUnitPlatformProvider.invokeAllTests(JUnitPlatformProvider.java:154)
	at org.apache.maven.surefire.junitplatform.JUnitPlatformProvider.invoke(JUnitPlatformProvider.java:124)
	at org.apache.maven.surefire.booter.ForkedBooter.runSuitesInProcess(ForkedBooter.java:428)
	at org.apache.maven.surefire.booter.ForkedBooter.execute(ForkedBooter.java:162)
	at org.apache.maven.surefire.booter.ForkedBooter.run(ForkedBooter.java:562)
	at org.apache.maven.surefire.booter.ForkedBooter.main(ForkedBooter.java:548)
Caused by: java.net.ConnectException: Call From fv-az167-317/10.1.0.12 to localhost:45777 failed on connection exception: java.net.ConnectException: Connection refused; For more details see:  http://wiki.apache.org/hadoop/ConnectionRefused
	at sun.reflect.NativeConstructorAccessorImpl.newInstance0(Native Method)
	at sun.reflect.NativeConstructorAccessorImpl.newInstance(NativeConstructorAccessorImpl.java:62)
	at sun.reflect.DelegatingConstructorAccessorImpl.newInstance(DelegatingConstructorAccessorImpl.java:45)
	at java.lang.reflect.Constructor.newInstance(Constructor.java:423)
	at org.apache.hadoop.net.NetUtils.wrapWithMessage(NetUtils.java:913)
	at org.apache.hadoop.net.NetUtils.wrapException(NetUtils.java:828)
	at org.apache.hadoop.ipc.Client.getRpcResponse(Client.java:1577)
	at org.apache.hadoop.ipc.Client.call(Client.java:1519)
	at org.apache.hadoop.ipc.Client.call(Client.java:1416)
	at org.apache.hadoop.ipc.ProtobufRpcEngine$Invoker.invoke(ProtobufRpcEngine.java:236)
	... 91 more
Caused by: java.net.ConnectException: Connection refused
	at sun.nio.ch.SocketChannelImpl.checkConnect(Native Method)
	at sun.nio.ch.SocketChannelImpl.finishConnect(SocketChannelImpl.java:716)
	at org.apache.hadoop.net.SocketIOWithTimeout.connect(SocketIOWithTimeout.java:206)
	at org.apache.hadoop.net.NetUtils.connect(NetUtils.java:586)
	at org.apache.hadoop.ipc.Client$Connection.setupConnection(Client.java:701)
	at org.apache.hadoop.ipc.Client$Connection.setupIOstreams(Client.java:822)
	at org.apache.hadoop.ipc.Client$Connection.access$3800(Client.java:414)
	at org.apache.hadoop.ipc.Client.getConnection(Client.java:1647)
	at org.apache.hadoop.ipc.Client.call(Client.java:1463)
	... 93 more
2022-09-12 01:23:53,065 [Listener at 127.0.0.1/42599] ERROR om.OzoneManager (OzoneManager.java:checkConfigBeforeBootstrap(1646)) - Remote OM config check failed on OM omNode-2
java.io.IOException: Remote OM omNode-2 configuration returned null
	at org.apache.hadoop.ozone.om.OzoneManager.checkRemoteOMConfig(OzoneManager.java:1665)
	at org.apache.hadoop.ozone.om.OzoneManager.checkConfigBeforeBootstrap(OzoneManager.java:1644)
	at org.apache.hadoop.ozone.om.OzoneManager.start(OzoneManager.java:1470)
	at org.apache.hadoop.ozone.MiniOzoneHAClusterImpl$MiniOzoneHAService.startInactiveService(MiniOzoneHAClusterImpl.java:1036)
	at org.apache.hadoop.ozone.MiniOzoneHAClusterImpl.startInactiveOM(MiniOzoneHAClusterImpl.java:214)
	at org.apache.hadoop.ozone.MiniOzoneHAClusterImpl.bootstrapNewOM(MiniOzoneHAClusterImpl.java:870)
	at org.apache.hadoop.ozone.MiniOzoneHAClusterImpl.bootstrapOzoneManager(MiniOzoneHAClusterImpl.java:780)
	at org.apache.hadoop.ozone.om.TestAddRemoveOzoneManager.testForceBootstrap(TestAddRemoveOzoneManager.java:307)
	at sun.reflect.NativeMethodAccessorImpl.invoke0(Native Method)
	at sun.reflect.NativeMethodAccessorImpl.invoke(NativeMethodAccessorImpl.java:62)
	at sun.reflect.DelegatingMethodAccessorImpl.invoke(DelegatingMethodAccessorImpl.java:43)
	at java.lang.reflect.Method.invoke(Method.java:498)
	at org.junit.platform.commons.util.ReflectionUtils.invokeMethod(ReflectionUtils.java:725)
	at org.junit.jupiter.engine.execution.MethodInvocation.proceed(MethodInvocation.java:60)
	at org.junit.jupiter.engine.execution.InvocationInterceptorChain$ValidatingInvocation.proceed(InvocationInterceptorChain.java:131)
	at org.junit.jupiter.engine.extension.TimeoutInvocation.proceed(TimeoutInvocation.java:46)
	at org.junit.jupiter.engine.extension.TimeoutExtension.intercept(TimeoutExtension.java:149)
	at org.junit.jupiter.engine.extension.TimeoutExtension.interceptTestableMethod(TimeoutExtension.java:140)
	at org.junit.jupiter.engine.extension.TimeoutExtension.interceptTestMethod(TimeoutExtension.java:84)
	at org.junit.jupiter.engine.execution.ExecutableInvoker$ReflectiveInterceptorCall.lambda$ofVoidMethod$0(ExecutableInvoker.java:115)
	at org.junit.jupiter.engine.execution.ExecutableInvoker.lambda$invoke$0(ExecutableInvoker.java:105)
	at org.junit.jupiter.engine.execution.InvocationInterceptorChain$InterceptedInvocation.proceed(InvocationInterceptorChain.java:106)
	at org.junit.jupiter.engine.execution.InvocationInterceptorChain.proceed(InvocationInterceptorChain.java:64)
	at org.junit.jupiter.engine.execution.InvocationInterceptorChain.chainAndInvoke(InvocationInterceptorChain.java:45)
	at org.junit.jupiter.engine.execution.InvocationInterceptorChain.invoke(InvocationInterceptorChain.java:37)
	at org.junit.jupiter.engine.execution.ExecutableInvoker.invoke(ExecutableInvoker.java:104)
	at org.junit.jupiter.engine.execution.ExecutableInvoker.invoke(ExecutableInvoker.java:98)
	at org.junit.jupiter.engine.descriptor.TestMethodTestDescriptor.lambda$invokeTestMethod$7(TestMethodTestDescriptor.java:214)
	at org.junit.platform.engine.support.hierarchical.ThrowableCollector.execute(ThrowableCollector.java:73)
	at org.junit.jupiter.engine.descriptor.TestMethodTestDescriptor.invokeTestMethod(TestMethodTestDescriptor.java:210)
	at org.junit.jupiter.engine.descriptor.TestMethodTestDescriptor.execute(TestMethodTestDescriptor.java:135)
	at org.junit.jupiter.engine.descriptor.TestMethodTestDescriptor.execute(TestMethodTestDescriptor.java:66)
	at org.junit.platform.engine.support.hierarchical.NodeTestTask.lambda$executeRecursively$6(NodeTestTask.java:151)
	at org.junit.platform.engine.support.hierarchical.ThrowableCollector.execute(ThrowableCollector.java:73)
	at org.junit.platform.engine.support.hierarchical.NodeTestTask.lambda$executeRecursively$8(NodeTestTask.java:141)
	at org.junit.platform.engine.support.hierarchical.Node.around(Node.java:137)
	at org.junit.platform.engine.support.hierarchical.NodeTestTask.lambda$executeRecursively$9(NodeTestTask.java:139)
	at org.junit.platform.engine.support.hierarchical.ThrowableCollector.execute(ThrowableCollector.java:73)
	at org.junit.platform.engine.support.hierarchical.NodeTestTask.executeRecursively(NodeTestTask.java:138)
	at org.junit.platform.engine.support.hierarchical.NodeTestTask.execute(NodeTestTask.java:95)
	at java.util.ArrayList.forEach(ArrayList.java:1259)
	at org.junit.platform.engine.support.hierarchical.SameThreadHierarchicalTestExecutorService.invokeAll(SameThreadHierarchicalTestExecutorService.java:41)
	at org.junit.platform.engine.support.hierarchical.NodeTestTask.lambda$executeRecursively$6(NodeTestTask.java:155)
	at org.junit.platform.engine.support.hierarchical.ThrowableCollector.execute(ThrowableCollector.java:73)
	at org.junit.platform.engine.support.hierarchical.NodeTestTask.lambda$executeRecursively$8(NodeTestTask.java:141)
	at org.junit.platform.engine.support.hierarchical.Node.around(Node.java:137)
	at org.junit.platform.engine.support.hierarchical.NodeTestTask.lambda$executeRecursively$9(NodeTestTask.java:139)
	at org.junit.platform.engine.support.hierarchical.ThrowableCollector.execute(ThrowableCollector.java:73)
	at org.junit.platform.engine.support.hierarchical.NodeTestTask.executeRecursively(NodeTestTask.java:138)
	at org.junit.platform.engine.support.hierarchical.NodeTestTask.execute(NodeTestTask.java:95)
	at java.util.ArrayList.forEach(ArrayList.java:1259)
	at org.junit.platform.engine.support.hierarchical.SameThreadHierarchicalTestExecutorService.invokeAll(SameThreadHierarchicalTestExecutorService.java:41)
	at org.junit.platform.engine.support.hierarchical.NodeTestTask.lambda$executeRecursively$6(NodeTestTask.java:155)
	at org.junit.platform.engine.support.hierarchical.ThrowableCollector.execute(ThrowableCollector.java:73)
	at org.junit.platform.engine.support.hierarchical.NodeTestTask.lambda$executeRecursively$8(NodeTestTask.java:141)
	at org.junit.platform.engine.support.hierarchical.Node.around(Node.java:137)
	at org.junit.platform.engine.support.hierarchical.NodeTestTask.lambda$executeRecursively$9(NodeTestTask.java:139)
	at org.junit.platform.engine.support.hierarchical.ThrowableCollector.execute(ThrowableCollector.java:73)
	at org.junit.platform.engine.support.hierarchical.NodeTestTask.executeRecursively(NodeTestTask.java:138)
	at org.junit.platform.engine.support.hierarchical.NodeTestTask.execute(NodeTestTask.java:95)
	at org.junit.platform.engine.support.hierarchical.SameThreadHierarchicalTestExecutorService.submit(SameThreadHierarchicalTestExecutorService.java:35)
	at org.junit.platform.engine.support.hierarchical.HierarchicalTestExecutor.execute(HierarchicalTestExecutor.java:57)
	at org.junit.platform.engine.support.hierarchical.HierarchicalTestEngine.execute(HierarchicalTestEngine.java:54)
	at org.junit.platform.launcher.core.EngineExecutionOrchestrator.execute(EngineExecutionOrchestrator.java:107)
	at org.junit.platform.launcher.core.EngineExecutionOrchestrator.execute(EngineExecutionOrchestrator.java:88)
	at org.junit.platform.launcher.core.EngineExecutionOrchestrator.lambda$execute$0(EngineExecutionOrchestrator.java:54)
	at org.junit.platform.launcher.core.EngineExecutionOrchestrator.withInterceptedStreams(EngineExecutionOrchestrator.java:67)
	at org.junit.platform.launcher.core.EngineExecutionOrchestrator.execute(EngineExecutionOrchestrator.java:52)
	at org.junit.platform.launcher.core.DefaultLauncher.execute(DefaultLauncher.java:114)
	at org.junit.platform.launcher.core.DefaultLauncher.execute(DefaultLauncher.java:86)
	at org.junit.platform.launcher.core.DefaultLauncherSession$DelegatingLauncher.execute(DefaultLauncherSession.java:86)
	at org.junit.platform.launcher.core.SessionPerRequestLauncher.execute(SessionPerRequestLauncher.java:53)
	at org.apache.maven.surefire.junitplatform.JUnitPlatformProvider.execute(JUnitPlatformProvider.java:188)
	at org.apache.maven.surefire.junitplatform.JUnitPlatformProvider.invokeAllTests(JUnitPlatformProvider.java:154)
	at org.apache.maven.surefire.junitplatform.JUnitPlatformProvider.invoke(JUnitPlatformProvider.java:124)
	at org.apache.maven.surefire.booter.ForkedBooter.runSuitesInProcess(ForkedBooter.java:428)
	at org.apache.maven.surefire.booter.ForkedBooter.execute(ForkedBooter.java:162)
	at org.apache.maven.surefire.booter.ForkedBooter.run(ForkedBooter.java:562)
	at org.apache.maven.surefire.booter.ForkedBooter.main(ForkedBooter.java:548)
2022-09-12 01:23:53,066 [Listener at 127.0.0.1/42599] ERROR ozone.MiniOzoneHAClusterImpl (MiniOzoneHAClusterImpl.java:exitSystem(1094)) - omNode-bootstrap-1 - System Exit: OM [omNode-2[localhost:45777]] do not have or have incorrect information of the bootstrapping OM. Update their ozone-site.xml before proceeding.
2022-09-12 01:23:53,066 [Listener at 127.0.0.1/42599] INFO  om.OzoneManager (OzoneManager.java:stop(2032)) - omNode-bootstrap-1[localhost:42599]: Stopping Ozone Manager
2022-09-12 01:23:53,066 [Listener at 127.0.0.1/42599] INFO  ipc.Server (Server.java:stop(3414)) - Stopping server on 42599
2022-09-12 01:23:53,068 [Listener at 127.0.0.1/42599] INFO  ratis.OzoneManagerStateMachine (OzoneManagerStateMachine.java:close(495)) - StateMachine has shutdown. Shutdown OzoneManager if not already shutdown.
2022-09-12 01:23:53,068 [Listener at 127.0.0.1/42599] INFO  ratis.OzoneManagerDoubleBuffer (OzoneManagerDoubleBuffer.java:stop(466)) - Stopping OMDoubleBuffer flush thread
2022-09-12 01:23:53,068 [OMDoubleBufferFlushThread] INFO  ratis.OzoneManagerDoubleBuffer (OzoneManagerDoubleBuffer.java:flushTransactions(385)) - OMDoubleBuffer flush thread OMDoubleBufferFlushThread is interrupted and will exit.
2022-09-12 01:23:53,076 [Listener at 127.0.0.1/42599] INFO  ha.OMHANodeDetails (OMHANodeDetails.java:loadOMHAConfig(121)) - ServiceID for OzoneManager is om-add-remove
2022-09-12 01:23:53,077 [Listener at 127.0.0.1/42599] INFO  ha.OMHANodeDetails (OMHANodeDetails.java:loadOMHAConfig(201)) - Found matching OM address with OMServiceId: om-add-remove, OMNodeId: omNode-bootstrap-2, RPC Address: localhost:42815 and Ratis port: 35737
2022-09-12 01:23:53,078 [Listener at 127.0.0.1/42599] INFO  ha.OMHANodeDetails (ConfUtils.java:setNodeSpecificConfigs(97)) - Setting configuration key ozone.om.http-address with value of key ozone.om.http-address.om-add-remove.omNode-bootstrap-2: 127.0.0.1:33205
2022-09-12 01:23:53,078 [Listener at 127.0.0.1/42599] INFO  ha.OMHANodeDetails (ConfUtils.java:setNodeSpecificConfigs(97)) - Setting configuration key ozone.om.https-address with value of key ozone.om.https-address.om-add-remove.omNode-bootstrap-2: 127.0.0.1:45699
2022-09-12 01:23:53,078 [Listener at 127.0.0.1/42599] INFO  ha.OMHANodeDetails (ConfUtils.java:setNodeSpecificConfigs(97)) - Setting configuration key ozone.om.address with value of key ozone.om.address.om-add-remove.omNode-bootstrap-2: 127.0.0.1:42815
2022-09-12 01:23:53,078 [Listener at 127.0.0.1/42599] WARN  server.ServerUtils (ServerUtils.java:getDBPath(225)) - ozone.om.db.dirs is not configured. We recommend adding this setting. Falling back to ozone.metadata.dirs instead.
2022-09-12 01:23:53,079 [Listener at 127.0.0.1/42599] INFO  ha.SCMNodeInfo (SCMNodeInfo.java:getPort(197)) - ConfigKey ozone.scm.client.address is deprecated, For configuring different ports for each SCM use PortConfigKey ozone.scm.client.port appended with serviceId and nodeId
2022-09-12 01:23:53,079 [Listener at 127.0.0.1/42599] INFO  ha.SCMNodeInfo (SCMNodeInfo.java:getPort(197)) - ConfigKey ozone.scm.block.client.address is deprecated, For configuring different ports for each SCM use PortConfigKey ozone.scm.block.client.port appended with serviceId and nodeId
2022-09-12 01:23:53,079 [Listener at 127.0.0.1/42599] INFO  ha.SCMNodeInfo (SCMNodeInfo.java:getPort(197)) - ConfigKey ozone.scm.datanode.address is deprecated, For configuring different ports for each SCM use PortConfigKey ozone.scm.datanode.port appended with serviceId and nodeId
2022-09-12 01:23:53,080 [Listener at 127.0.0.1/42599] INFO  proxy.SCMBlockLocationFailoverProxyProvider (SCMBlockLocationFailoverProxyProvider.java:<init>(114)) - Created block location fail-over proxy with 1 nodes: [nodeId=scmNode-1,nodeAddress=/127.0.0.1:35481]
OM initialization succeeded.Current cluster id for sd=/home/runner/work/ozone/ozone/hadoop-ozone/integration-test/target/test-dir/MiniOzoneClusterImpl-3d4a976f-5e4d-41d2-99e8-392de73f1c7a/omNode-bootstrap-2/om;cid=3d4a976f-5e4d-41d2-99e8-392de73f1c7a;layoutVersion=3
2022-09-12 01:23:53,085 [Listener at 127.0.0.1/42599] INFO  ha.OMHANodeDetails (OMHANodeDetails.java:loadOMHAConfig(121)) - ServiceID for OzoneManager is om-add-remove
2022-09-12 01:23:53,085 [Listener at 127.0.0.1/42599] INFO  ha.OMHANodeDetails (OMHANodeDetails.java:loadOMHAConfig(201)) - Found matching OM address with OMServiceId: om-add-remove, OMNodeId: omNode-bootstrap-2, RPC Address: localhost:42815 and Ratis port: 35737
2022-09-12 01:23:53,085 [Listener at 127.0.0.1/42599] INFO  ha.OMHANodeDetails (ConfUtils.java:setNodeSpecificConfigs(97)) - Setting configuration key ozone.om.http-address with value of key ozone.om.http-address.om-add-remove.omNode-bootstrap-2: 127.0.0.1:33205
2022-09-12 01:23:53,086 [Listener at 127.0.0.1/42599] INFO  ha.OMHANodeDetails (ConfUtils.java:setNodeSpecificConfigs(97)) - Setting configuration key ozone.om.https-address with value of key ozone.om.https-address.om-add-remove.omNode-bootstrap-2: 127.0.0.1:45699
2022-09-12 01:23:53,086 [Listener at 127.0.0.1/42599] INFO  ha.OMHANodeDetails (ConfUtils.java:setNodeSpecificConfigs(97)) - Setting configuration key ozone.om.address with value of key ozone.om.address.om-add-remove.omNode-bootstrap-2: 127.0.0.1:42815
2022-09-12 01:23:53,086 [Listener at 127.0.0.1/42599] WARN  server.ServerUtils (ServerUtils.java:getDBPath(225)) - ozone.om.db.dirs is not configured. We recommend adding this setting. Falling back to ozone.metadata.dirs instead.
2022-09-12 01:23:53,086 [Listener at 127.0.0.1/42599] INFO  upgrade.AbstractLayoutVersionManager (AbstractLayoutVersionManager.java:init(83)) - Initializing Layout version manager with metadata layout = MULTITENANCY_SCHEMA (version = 3), software layout = MULTITENANCY_SCHEMA (version = 3)
2022-09-12 01:23:53,146 [Listener at 127.0.0.1/42599] INFO  reflections.Reflections (Reflections.java:scan(232)) - Reflections took 59 ms to scan 2 urls, producing 153 keys and 427 values [using 2 cores]
2022-09-12 01:23:53,147 [Listener at 127.0.0.1/42599] INFO  upgrade.OMLayoutVersionManager (OMLayoutVersionManager.java:lambda$0(115)) - Skipping Upgrade Action MockOmUpgradeAction since it has been finalized.
2022-09-12 01:23:53,147 [Listener at 127.0.0.1/42599] WARN  server.ServerUtils (ServerUtils.java:getDBPath(225)) - ozone.om.db.dirs is not configured. We recommend adding this setting. Falling back to ozone.metadata.dirs instead.
2022-09-12 01:23:53,147 [Listener at 127.0.0.1/42599] INFO  ha.SCMNodeInfo (SCMNodeInfo.java:getPort(197)) - ConfigKey ozone.scm.client.address is deprecated, For configuring different ports for each SCM use PortConfigKey ozone.scm.client.port appended with serviceId and nodeId
2022-09-12 01:23:53,147 [Listener at 127.0.0.1/42599] INFO  ha.SCMNodeInfo (SCMNodeInfo.java:getPort(197)) - ConfigKey ozone.scm.block.client.address is deprecated, For configuring different ports for each SCM use PortConfigKey ozone.scm.block.client.port appended with serviceId and nodeId
2022-09-12 01:23:53,148 [Listener at 127.0.0.1/42599] INFO  ha.SCMNodeInfo (SCMNodeInfo.java:getPort(197)) - ConfigKey ozone.scm.datanode.address is deprecated, For configuring different ports for each SCM use PortConfigKey ozone.scm.datanode.port appended with serviceId and nodeId
2022-09-12 01:23:53,148 [Listener at 127.0.0.1/42599] INFO  ha.SCMNodeInfo (SCMNodeInfo.java:getPort(197)) - ConfigKey ozone.scm.client.address is deprecated, For configuring different ports for each SCM use PortConfigKey ozone.scm.client.port appended with serviceId and nodeId
2022-09-12 01:23:53,148 [Listener at 127.0.0.1/42599] INFO  ha.SCMNodeInfo (SCMNodeInfo.java:getPort(197)) - ConfigKey ozone.scm.block.client.address is deprecated, For configuring different ports for each SCM use PortConfigKey ozone.scm.block.client.port appended with serviceId and nodeId
2022-09-12 01:23:53,148 [Listener at 127.0.0.1/42599] INFO  ha.SCMNodeInfo (SCMNodeInfo.java:getPort(197)) - ConfigKey ozone.scm.datanode.address is deprecated, For configuring different ports for each SCM use PortConfigKey ozone.scm.datanode.port appended with serviceId and nodeId
2022-09-12 01:23:53,150 [Listener at 127.0.0.1/42599] INFO  proxy.SCMBlockLocationFailoverProxyProvider (SCMBlockLocationFailoverProxyProvider.java:<init>(114)) - Created block location fail-over proxy with 1 nodes: [nodeId=scmNode-1,nodeAddress=/127.0.0.1:35481]
2022-09-12 01:23:53,150 [Listener at 127.0.0.1/42599] INFO  ha.SCMNodeInfo (SCMNodeInfo.java:getPort(197)) - ConfigKey ozone.scm.client.address is deprecated, For configuring different ports for each SCM use PortConfigKey ozone.scm.client.port appended with serviceId and nodeId
2022-09-12 01:23:53,151 [Listener at 127.0.0.1/42599] INFO  ha.SCMNodeInfo (SCMNodeInfo.java:getPort(197)) - ConfigKey ozone.scm.block.client.address is deprecated, For configuring different ports for each SCM use PortConfigKey ozone.scm.block.client.port appended with serviceId and nodeId
2022-09-12 01:23:53,151 [Listener at 127.0.0.1/42599] INFO  ha.SCMNodeInfo (SCMNodeInfo.java:getPort(197)) - ConfigKey ozone.scm.datanode.address is deprecated, For configuring different ports for each SCM use PortConfigKey ozone.scm.datanode.port appended with serviceId and nodeId
2022-09-12 01:23:53,151 [Listener at 127.0.0.1/42599] INFO  proxy.SCMBlockLocationFailoverProxyProvider (SCMBlockLocationFailoverProxyProvider.java:<init>(114)) - Created block location fail-over proxy with 1 nodes: [nodeId=scmNode-1,nodeAddress=/127.0.0.1:35481]
2022-09-12 01:23:53,155 [Listener at 127.0.0.1/42599] WARN  server.ServerUtils (ServerUtils.java:getDBPath(225)) - ozone.om.db.dirs is not configured. We recommend adding this setting. Falling back to ozone.metadata.dirs instead.
2022-09-12 01:23:53,156 [Listener at 127.0.0.1/42599] INFO  codec.OmKeyInfoCodec (OmKeyInfoCodec.java:<init>(49)) - OmKeyInfoCodec ignorePipeline = true
2022-09-12 01:23:53,156 [Listener at 127.0.0.1/42599] INFO  codec.RepeatedOmKeyInfoCodec (RepeatedOmKeyInfoCodec.java:<init>(41)) - RepeatedOmKeyInfoCodec ignorePipeline = true
2022-09-12 01:23:53,275 [Listener at 127.0.0.1/42599] INFO  om.OzoneManager (OzoneManager.java:instantiateServices(707)) - S3 Multi-Tenancy is disabled
2022-09-12 01:23:53,276 [Listener at 127.0.0.1/42599] INFO  om.OzoneManager (OzoneManager.java:addS3GVolumeToDB(4298)) - Created Volume s3v With Owner runner required for S3Gateway operations.
2022-09-12 01:23:53,277 [Listener at 127.0.0.1/42599] WARN  server.ServerUtils (ServerUtils.java:getDefaultRatisDirectory(237)) - Storage directory for Ratis is not configured. It is a good idea to map this to an SSD disk. Falling back to ozone.metadata.dirs
2022-09-12 01:23:53,277 [Listener at 127.0.0.1/42599] WARN  utils.OzoneManagerRatisUtils (OzoneManagerRatisUtils.java:getOMRatisSnapshotDirectory(434)) - ozone.om.ratis.snapshot.dir is not configured. Falling back to ozone.metadata.dirs config
2022-09-12 01:23:53,277 [Listener at 127.0.0.1/42599] INFO  snapshot.OzoneManagerSnapshotProvider (OzoneManagerSnapshotProvider.java:<init>(76)) - Initializing OM Snapshot Provider
2022-09-12 01:23:53,278 [Listener at 127.0.0.1/42599] WARN  impl.MetricRegistriesImpl (MetricRegistriesImpl.java:addReporterRegistration(111)) - New reporters are added after registries were created. Some metrics will be missing from the reporter. Please add reporter before adding any new registry.
2022-09-12 01:23:53,278 [Listener at 127.0.0.1/42599] WARN  impl.MetricRegistriesImpl (MetricRegistriesImpl.java:addReporterRegistration(111)) - New reporters are added after registries were created. Some metrics will be missing from the reporter. Please add reporter before adding any new registry.
2022-09-12 01:23:53,278 [Listener at 127.0.0.1/42599] WARN  server.ServerUtils (ServerUtils.java:getDefaultRatisDirectory(237)) - Storage directory for Ratis is not configured. It is a good idea to map this to an SSD disk. Falling back to ozone.metadata.dirs
2022-09-12 01:23:53,280 [Listener at 127.0.0.1/42599] INFO  ratis.OzoneManagerRatisServer (OzoneManagerRatisServer.java:<init>(152)) - OM started in Bootstrap mode. Instantiating OM Ratis server with groupID: om-add-remove
2022-09-12 01:23:53,280 [Listener at 127.0.0.1/42599] INFO  ratis.OzoneManagerStateMachine (OzoneManagerStateMachine.java:loadSnapshotInfoFromDB(632)) - LastAppliedIndex is set from TransactionInfo from OM DB as (t:0, i:~)
2022-09-12 01:23:53,280 [Listener at 127.0.0.1/42599] INFO  server.RaftServer (ConfUtils.java:logGet(46)) - raft.rpc.type = GRPC (default)
2022-09-12 01:23:53,281 [Listener at 127.0.0.1/42599] INFO  grpc.GrpcFactory (GrpcFactory.java:checkPooledByteBufAllocatorUseCacheForAllThreads(48)) - PERFORMANCE WARNING: useCacheForAllThreads is true that may cause Netty to create a lot garbage objects and, as a result, trigger GC.
	It is recommended to disable useCacheForAllThreads by setting -Dorg.apache.ratis.thirdparty.io.netty.allocator.useCacheForAllThreads=false in command line.
2022-09-12 01:23:53,281 [Listener at 127.0.0.1/42599] INFO  grpc.GrpcConfigKeys (ConfUtils.java:logGet(46)) - raft.grpc.admin.port = -1 (default)
2022-09-12 01:23:53,282 [Listener at 127.0.0.1/42599] INFO  grpc.GrpcConfigKeys (ConfUtils.java:logGet(46)) - raft.grpc.server.port = 35737 (custom)
2022-09-12 01:23:53,282 [Listener at 127.0.0.1/42599] INFO  grpc.GrpcConfigKeys (ConfUtils.java:logGet(46)) - raft.grpc.client.port = -1 (default)
2022-09-12 01:23:53,282 [Listener at 127.0.0.1/42599] INFO  grpc.GrpcConfigKeys (ConfUtils.java:logGet(46)) - raft.grpc.server.port = 35737 (custom)
2022-09-12 01:23:53,282 [Listener at 127.0.0.1/42599] INFO  grpc.GrpcConfigKeys (ConfUtils.java:logGet(46)) - raft.grpc.server.port = 35737 (custom)
2022-09-12 01:23:53,282 [Listener at 127.0.0.1/42599] INFO  server.GrpcService (ConfUtils.java:logGet(46)) - raft.grpc.message.size.max = 33554432 (custom)
2022-09-12 01:23:53,282 [Listener at 127.0.0.1/42599] INFO  server.RaftServerConfigKeys (ConfUtils.java:logGet(46)) - raft.server.log.appender.buffer.byte-limit = 33554432 (custom)
2022-09-12 01:23:53,282 [Listener at 127.0.0.1/42599] INFO  server.GrpcService (ConfUtils.java:logGet(46)) - raft.grpc.flow.control.window = 1MB (=1048576) (default)
2022-09-12 01:23:53,283 [Listener at 127.0.0.1/42599] INFO  server.RaftServerConfigKeys (ConfUtils.java:logGet(46)) - raft.server.rpc.request.timeout = 3000ms (default)
2022-09-12 01:23:53,283 [Listener at 127.0.0.1/42599] INFO  grpc.GrpcConfigKeys (ConfUtils.java:logGet(46)) - raft.grpc.server.async.request.thread.pool.cached = true (default)
2022-09-12 01:23:53,283 [Listener at 127.0.0.1/42599] INFO  grpc.GrpcConfigKeys (ConfUtils.java:logGet(46)) - raft.grpc.server.async.request.thread.pool.size = 32 (default)
2022-09-12 01:23:53,284 [Listener at 127.0.0.1/42599] INFO  impl.DataStreamServerImpl (ConfUtils.java:logGet(46)) - raft.datastream.type = DISABLED (default)
2022-09-12 01:23:53,285 [Listener at 127.0.0.1/42599] INFO  server.RaftServerConfigKeys (ConfUtils.java:logGet(46)) - raft.server.threadpool.proxy.cached = true (default)
2022-09-12 01:23:53,285 [Listener at 127.0.0.1/42599] INFO  server.RaftServerConfigKeys (ConfUtils.java:logGet(46)) - raft.server.threadpool.proxy.size = 0 (default)
2022-09-12 01:23:53,285 [Listener at 127.0.0.1/42599] INFO  server.RaftServerConfigKeys (ConfUtils.java:logGet(46)) - raft.server.rpc.slowness.timeout = 2s (custom)
2022-09-12 01:23:53,285 [Listener at 127.0.0.1/42599] INFO  server.RaftServerConfigKeys (ConfUtils.java:logGet(46)) - raft.server.leaderelection.leader.step-down.wait-time = 10s (default)
2022-09-12 01:23:53,285 [Listener at 127.0.0.1/42599] INFO  server.RaftServerConfigKeys (ConfUtils.java:logGet(46)) - raft.server.storage.dir = [/home/runner/work/ozone/ozone/hadoop-ozone/integration-test/target/test-dir/MiniOzoneClusterImpl-3d4a976f-5e4d-41d2-99e8-392de73f1c7a/omNode-bootstrap-2/ratis] (custom)
2022-09-12 01:23:53,286 [Listener at 127.0.0.1/42599] INFO  server.RaftServer (RaftServerProxy.java:addNew(96)) - omNode-bootstrap-2: addNew group-0AAC5367B30E:[] returns group-0AAC5367B30E:java.util.concurrent.CompletableFuture@7ec0cf4e[Not completed]
2022-09-12 01:23:53,286 [pool-258-thread-1] INFO  server.RaftServer$Division (RaftServerImpl.java:<init>(190)) - omNode-bootstrap-2: new RaftServerImpl for group-0AAC5367B30E:[] with OzoneManagerStateMachine:uninitialized
2022-09-12 01:23:53,286 [Listener at 127.0.0.1/42599] INFO  om.OzoneManager (OzoneManager.java:initializeRatisServer(1973)) - OzoneManager Ratis server initialized at port 35737
2022-09-12 01:23:53,286 [pool-258-thread-1] INFO  server.RaftServerConfigKeys (ConfUtils.java:logGet(46)) - raft.server.rpc.timeout.min = 1s (custom)
2022-09-12 01:23:53,286 [pool-258-thread-1] INFO  server.RaftServerConfigKeys (ConfUtils.java:logGet(46)) - raft.server.rpc.timeout.max = 1200ms (custom)
2022-09-12 01:23:53,286 [pool-258-thread-1] INFO  server.RaftServerConfigKeys (ConfUtils.java:logGet(46)) - raft.server.rpc.sleep.time = 25ms (default)
2022-09-12 01:23:53,286 [pool-258-thread-1] INFO  server.RaftServerConfigKeys (ConfUtils.java:logGet(46)) - raft.server.rpc.slowness.timeout = 2s (custom)
2022-09-12 01:23:53,286 [pool-258-thread-1] INFO  server.RaftServerConfigKeys (ConfUtils.java:logGet(46)) - raft.server.leaderelection.leader.step-down.wait-time = 10s (default)
2022-09-12 01:23:53,286 [pool-258-thread-1] INFO  server.RaftServerConfigKeys (ConfUtils.java:logGet(46)) - raft.server.sleep.deviation.threshold = 300ms (default)
2022-09-12 01:23:53,286 [pool-258-thread-1] INFO  server.RaftServer$Division (ServerState.java:<init>(107)) - omNode-bootstrap-2@group-0AAC5367B30E: ConfigurationManager, init=-1: [], old=null, confs=<EMPTY_MAP>
2022-09-12 01:23:53,286 [pool-258-thread-1] INFO  server.RaftServerConfigKeys (ConfUtils.java:logGet(46)) - raft.server.storage.dir = [/home/runner/work/ozone/ozone/hadoop-ozone/integration-test/target/test-dir/MiniOzoneClusterImpl-3d4a976f-5e4d-41d2-99e8-392de73f1c7a/omNode-bootstrap-2/ratis] (custom)
2022-09-12 01:23:53,286 [pool-258-thread-1] INFO  server.RaftServerConfigKeys (ConfUtils.java:logGet(46)) - raft.server.log.corruption.policy = EXCEPTION (default)
2022-09-12 01:23:53,290 [pool-258-thread-1] INFO  server.RaftServerConfigKeys (ConfUtils.java:logGet(46)) - raft.server.storage.free-space.min = 0MB (=0) (default)
2022-09-12 01:23:53,290 [pool-258-thread-1] INFO  storage.RaftStorageDirectory (RaftStorageDirectoryImpl.java:analyzeStorage(135)) - The storage directory /home/runner/work/ozone/ozone/hadoop-ozone/integration-test/target/test-dir/MiniOzoneClusterImpl-3d4a976f-5e4d-41d2-99e8-392de73f1c7a/omNode-bootstrap-2/ratis/0718e334-ffa1-36bc-8e9a-0aac5367b30e does not exist. Creating ...
2022-09-12 01:23:53,291 [pool-258-thread-1] INFO  storage.RaftStorageDirectory (RaftStorageDirectoryImpl.java:tryLock(230)) - Lock on /home/runner/work/ozone/ozone/hadoop-ozone/integration-test/target/test-dir/MiniOzoneClusterImpl-3d4a976f-5e4d-41d2-99e8-392de73f1c7a/omNode-bootstrap-2/ratis/0718e334-ffa1-36bc-8e9a-0aac5367b30e/in_use.lock acquired by nodename 51693@fv-az167-317
2022-09-12 01:23:53,292 [pool-258-thread-1] INFO  storage.RaftStorage (RaftStorageImpl.java:format(89)) - Storage directory /home/runner/work/ozone/ozone/hadoop-ozone/integration-test/target/test-dir/MiniOzoneClusterImpl-3d4a976f-5e4d-41d2-99e8-392de73f1c7a/omNode-bootstrap-2/ratis/0718e334-ffa1-36bc-8e9a-0aac5367b30e has been successfully formatted.
2022-09-12 01:23:53,292 [Listener at 127.0.0.1/42599] INFO  om.OzoneManager (2022-09-12 01:23:53,292 [pool-258-thread-1] INFO  server.RaftServerConfigKeys (ConfUtils.java:logGet(46)) - raft.server.notification.no-leader.timeout = 2s (custom)
2022-09-12 01:23:53,292 [pool-258-thread-1] INFO  server.RaftServerConfigKeys (ConfUtils.java:logGet(46)) - raft.server.log.use.memory = false (default)
2022-09-12 01:23:53,292 [Listener at 127.0.0.1/42599] INFO  om.OzoneManager (OzoneManager.java:getRpcServer(1096)) - Creating RPC Server
2022-09-12 01:23:53,292 [pool-258-thread-1] INFO  server.RaftServerConfigKeys (ConfUtils.java:logGet(46)) - raft.server.log.purge.gap = 1000000 (custom)
2022-09-12 01:23:53,293 [pool-258-thread-1] INFO  server.RaftServerConfigKeys (ConfUtils.java:logGet(46)) - raft.server.log.appender.buffer.byte-limit = 33554432 (custom)
2022-09-12 01:23:53,293 [pool-258-thread-1] INFO  server.RaftServerConfigKeys (ConfUtils.java:logGet(46)) - raft.server.log.statemachine.data.read.timeout = 1000ms (default)
2022-09-12 01:23:53,293 [pool-258-thread-1] INFO  server.RaftServerConfigKeys (ConfUtils.java:logGet(46)) - raft.server.log.segment.size.max = 4194304 (custom)
2022-09-12 01:23:53,293 [pool-258-thread-1] INFO  server.RaftServerConfigKeys (ConfUtils.java:logGet(46)) - raft.server.log.segment.cache.num.max = 2 (custom)
2022-09-12 01:23:53,293 [pool-258-thread-1] INFO  server.RaftServerConfigKeys (ConfUtils.java:logGet(46)) - raft.server.log.segment.cache.size.max = 200MB (=209715200) (default)
2022-09-12 01:23:53,293 [pool-258-thread-1] INFO  segmented.SegmentedRaftLogWorker (SegmentedRaftLogWorker.java:<init>(187)) - new omNode-bootstrap-2@group-0AAC5367B30E-SegmentedRaftLogWorker for RaftStorageImpl:Storage Directory /home/runner/work/ozone/ozone/hadoop-ozone/integration-test/target/test-dir/MiniOzoneClusterImpl-3d4a976f-5e4d-41d2-99e8-392de73f1c7a/omNode-bootstrap-2/ratis/0718e334-ffa1-36bc-8e9a-0aac5367b30e
2022-09-12 01:23:53,293 [pool-258-thread-1] INFO  server.RaftServerConfigKeys (ConfUtils.java:logGet(46)) - raft.server.log.queue.byte-limit = 64MB (=67108864) (default)
2022-09-12 01:23:53,293 [pool-258-thread-1] INFO  server.RaftServerConfigKeys (ConfUtils.java:logGet(46)) - raft.server.log.queue.element-limit = 4096 (default)
2022-09-12 01:23:53,293 [pool-258-thread-1] INFO  server.RaftServerConfigKeys (ConfUtils.java:logGet(46)) - raft.server.log.segment.size.max = 4194304 (custom)
2022-09-12 01:23:53,293 [pool-258-thread-1] INFO  server.RaftServerConfigKeys (ConfUtils.java:logGet(46)) - raft.server.log.preallocated.size = 4194304 (custom)
2022-09-12 01:23:53,293 [pool-258-thread-1] INFO  server.RaftServerConfigKeys (ConfUtils.java:logGet(46)) - raft.server.log.force.sync.num = 128 (default)
2022-09-12 01:23:53,293 [pool-258-thread-1] INFO  server.RaftServerConfigKeys (ConfUtils.java:logGet(46)) - raft.server.log.statemachine.data.sync = true (default)
2022-09-12 01:23:53,293 [pool-258-thread-1] INFO  server.RaftServerConfigKeys (ConfUtils.java:logGet(46)) - raft.server.log.statemachine.data.sync.timeout = 10s (default)
2022-09-12 01:23:53,294 [pool-258-thread-1] INFO  server.RaftServerConfigKeys (ConfUtils.java:logGet(46)) - raft.server.log.statemachine.data.sync.timeout.retry = -1 (default)
2022-09-12 01:23:53,294 [pool-258-thread-1] INFO  server.RaftServerConfigKeys (ConfUtils.java:logGet(46)) - raft.server.log.write.buffer.size = 64KB (=65536) (default)
2022-09-12 01:23:53,294 [pool-258-thread-1] INFO  server.RaftServerConfigKeys (ConfUtils.java:logGet(46)) - raft.server.log.unsafe-flush.enabled = false (default)
2022-09-12 01:23:53,294 [pool-258-thread-1] INFO  server.RaftServerConfigKeys (ConfUtils.java:logGet(46)) - raft.server.log.statemachine.data.caching.enabled = false (default)
2022-09-12 01:23:53,294 [pool-258-thread-1] INFO  segmented.SegmentedRaftLogWorker (SegmentedRaftLogWorker.java:lambda$new$0(135)) - omNode-bootstrap-2@group-0AAC5367B30E-SegmentedRaftLogWorker: flushIndex: setUnconditionally 0 -> -1
2022-09-12 01:23:53,294 [pool-258-thread-1] INFO  segmented.SegmentedRaftLogWorker (SegmentedRaftLogWorker.java:lambda$new$0(135)) - omNode-bootstrap-2@group-0AAC5367B30E-SegmentedRaftLogWorker: safeCacheEvictIndex: setUnconditionally 0 -> -1
2022-09-12 01:23:53,304 [pool-258-thread-1] INFO  server.RaftServerConfigKeys (ConfUtils.java:logGet(46)) - raft.server.snapshot.auto.trigger.enabled = true (custom)
2022-09-12 01:23:53,304 [pool-258-thread-1] INFO  server.RaftServerConfigKeys (ConfUtils.java:logGet(46)) - raft.server.snapshot.auto.trigger.threshold = 400000 (default)
2022-09-12 01:23:53,304 [pool-258-thread-1] INFO  server.RaftServerConfigKeys (ConfUtils.java:logGet(46)) - raft.server.snapshot.retention.file.num = -1 (default)
2022-09-12 01:23:53,304 [pool-258-thread-1] INFO  server.RaftServerConfigKeys (ConfUtils.java:logGet(46)) - raft.server.log.purge.upto.snapshot.index = true (custom)
2022-09-12 01:23:53,305 [pool-258-thread-1] INFO  server.RaftServerConfigKeys (ConfUtils.java:logGet(46)) - raft.server.retrycache.expirytime = 300s (custom)
2022-09-12 01:23:53,305 [pool-258-thread-1] INFO  server.RaftServerConfigKeys (ConfUtils.java:logGet(46)) - raft.server.retrycache.statistics.expirytime = 100μs (default)
2022-09-12 01:23:53,305 [pool-258-thread-1] INFO  server.RaftServerConfigKeys (ConfUtils.java:logGet(46)) - raft.server.log.appender.install.snapshot.enabled = false (custom)
2022-09-12 01:23:53,306 [pool-258-thread-1] INFO  server.RaftServerConfigKeys (ConfUtils.java:logGet(46)) - raft.server.threadpool.server.cached = true (default)
2022-09-12 01:23:53,306 [pool-258-thread-1] INFO  server.RaftServerConfigKeys (ConfUtils.java:logGet(46)) - raft.server.threadpool.server.size = 0 (default)
2022-09-12 01:23:53,306 [pool-258-thread-1] INFO  server.RaftServerConfigKeys (ConfUtils.java:logGet(46)) - raft.server.threadpool.client.cached = true (default)
2022-09-12 01:23:53,306 [pool-258-thread-1] INFO  server.RaftServerConfigKeys (ConfUtils.java:logGet(46)) - raft.server.threadpool.client.size = 0 (default)
2022-09-12 01:23:53,593 [org.apache.ratis.util.JvmPauseMonitor$$Lambda$605/1445225850@7efdb9e6] WARN  util.JvmPauseMonitor (JvmPauseMonitor.java:detectPause(124)) - JvmPauseMonitor-03103273-3843-43f1-ae6a-2bbd7b09cada: Detected pause in JVM or host machine (eg GC): pause of approximately 152554653ns.
GC pool 'PS MarkSweep' had collection(s): count=1 time=136ms
GC pool 'PS Scavenge' had collection(s): count=1 time=38ms
2022-09-12 01:23:53,594 [org.apache.ratis.util.JvmPauseMonitor$$Lambda$605/1445225850@6f451af5] WARN  util.JvmPauseMonitor (JvmPauseMonitor.java:detectPause(124)) - JvmPauseMonitor-omNode-1: Detected pause in JVM or host machine (eg GC): pause of approximately 176947664ns.
GC pool 'PS MarkSweep' had collection(s): count=1 time=136ms
GC pool 'PS Scavenge' had collection(s): count=1 time=38ms
2022-09-12 01:23:53,787 [Listener at 127.0.0.1/42599] INFO  reflections.Reflections (Reflections.java:scan(232)) - Reflections took 494 ms to scan 19 urls, producing 67 keys and 4171 values [using 2 cores]
2022-09-12 01:23:53,789 [Listener at 127.0.0.1/42599] INFO  ipc.CallQueueManager (CallQueueManager.java:<init>(90)) - Using callQueue: class java.util.concurrent.LinkedBlockingQueue, queueCapacity: 2000, scheduler: class org.apache.hadoop.ipc.DefaultRpcScheduler, ipcBackoff: false.
2022-09-12 01:23:53,789 [Socket Reader #1 for port 42815] INFO  ipc.Server (Server.java:run(1265)) - Starting Socket Reader #1 for port 42815
2022-09-12 01:23:53,809 [Listener at 127.0.0.1/42815] WARN  om.OzoneManager (OzoneManager.java:start(1472)) - Skipped checking whether existing OM configs have been updated with this OM information as force bootstrap is called.
2022-09-12 01:23:53,810 [Listener at 127.0.0.1/42815] INFO  impl.MetricsSystemImpl (MetricsSystemImpl.java:init(158)) - OzoneManager metrics system started (again)
2022-09-12 01:23:53,820 [Listener at 127.0.0.1/42815] INFO  om.OzoneManager (OzoneManager.java:start(1480)) - OzoneManager RPC server is listening at localhost/127.0.0.1:42815
2022-09-12 01:23:53,820 [Listener at 127.0.0.1/42815] INFO  ratis.OzoneManagerRatisServer (OzoneManagerRatisServer.java:start(554)) - Starting OzoneManagerRatisServer omNode-bootstrap-2 at port 35737
2022-09-12 01:23:53,820 [omNode-bootstrap-2-impl-thread1] INFO  server.RaftServer$Division (RaftServerImpl.java:start(316)) - omNode-bootstrap-2@group-0AAC5367B30E: start with initializing state, conf=-1: [], old=null
2022-09-12 01:23:53,820 [omNode-bootstrap-2-impl-thread1] INFO  server.RaftServer$Division (RaftServerImpl.java:setRole(299)) - omNode-bootstrap-2@group-0AAC5367B30E: changes role from      null to FOLLOWER at term 0 for startInitializing
2022-09-12 01:23:53,820 [omNode-bootstrap-2-impl-thread1] INFO  util.JmxRegister (JmxRegister.java:tryRegister(44)) - Successfully registered JMX Bean with object name Ratis:service=RaftServer,group=group-0AAC5367B30E,id=omNode-bootstrap-2
2022-09-12 01:23:53,822 [Listener at 127.0.0.1/42815] INFO  server.RaftServer (RaftServerProxy.java:lambda$start$6(382)) - omNode-bootstrap-2: start RPC server
2022-09-12 01:23:53,824 [Listener at 127.0.0.1/42815] INFO  server.GrpcService (GrpcService.java:startImpl(260)) - omNode-bootstrap-2: GrpcService started, listening on 35737
2022-09-12 01:23:53,824 [Listener at 127.0.0.1/42815] INFO  om.OzoneManager (OzoneManager.java:start(1496)) - Version File has different layout version (3) than OM DB (null). That is expected if this OM has never been finalized to a newer layout version.
2022-09-12 01:23:53,825 [org.apache.ratis.util.JvmPauseMonitor$$Lambda$605/1445225850@40330cb1] INFO  util.JvmPauseMonitor (JvmPauseMonitor.java:run(103)) - JvmPauseMonitor-omNode-bootstrap-2: Started
2022-09-12 01:23:53,827 [Listener at 127.0.0.1/42815] INFO  http.BaseHttpServer (BaseHttpServer.java:newHttpServer2BuilderForOzone(213)) - Starting Web-server for ozoneManager at: http://0.0.0.0:33205
2022-09-12 01:23:53,827 [Listener at 127.0.0.1/42815] INFO  http.BaseHttpServer (BaseHttpServer.java:<init>(108)) - Hadoop Security Enabled: false Ozone Security Enabled: false Ozone HTTP Security Enabled: false 
2022-09-12 01:23:53,828 [Listener at 127.0.0.1/42815] INFO  server.AuthenticationFilter (AuthenticationFilter.java:constructSecretProvider(240)) - Unable to initialize FileSignerSecretProvider, falling back to use random secrets.
2022-09-12 01:23:53,829 [Listener at 127.0.0.1/42815] WARN  http.HttpRequestLog (HttpRequestLog.java:getRequestLog(103)) - Jetty request log can only be enabled using Log4j
2022-09-12 01:23:53,830 [Listener at 127.0.0.1/42815] INFO  http.HttpServer2 (HttpServer2.java:addGlobalFilter(1029)) - Added global filter 'safety' (class=org.apache.hadoop.hdds.server.http.HttpServer2$QuotingInputFilter)
2022-09-12 01:23:53,831 [Listener at 127.0.0.1/42815] INFO  http.HttpServer2 (HttpServer2.java:addFilter(1005)) - Added filter static_user_filter (class=org.apache.hadoop.http.lib.StaticUserWebFilter$StaticUserFilter) to context ozoneManager
2022-09-12 01:23:53,831 [Listener at 127.0.0.1/42815] INFO  http.HttpServer2 (HttpServer2.java:addFilter(1013)) - Added filter static_user_filter (class=org.apache.hadoop.http.lib.StaticUserWebFilter$StaticUserFilter) to context static
2022-09-12 01:23:53,831 [Listener at 127.0.0.1/42815] INFO  http.HttpServer2 (HttpServer2.java:addFilter(1013)) - Added filter static_user_filter (class=org.apache.hadoop.http.lib.StaticUserWebFilter$StaticUserFilter) to context logs
2022-09-12 01:23:53,832 [Listener at 127.0.0.1/42815] INFO  http.HttpServer2 (HttpServer2.java:bindListener(1248)) - Jetty bound to port 33205
2022-09-12 01:23:53,832 [Listener at 127.0.0.1/42815] INFO  server.Server (Server.java:doStart(375)) - jetty-9.4.43.v20210629; built: 2021-06-30T11:07:22.254Z; git: 526006ecfa3af7f1a27ef3a288e2bef7ea9dd7e8; jvm 1.8.0_345-b01
2022-09-12 01:23:53,833 [Listener at 127.0.0.1/42815] INFO  server.session (DefaultSessionIdManager.java:doStart(334)) - DefaultSessionIdManager workerName=node0
2022-09-12 01:23:53,833 [Listener at 127.0.0.1/42815] INFO  server.session (DefaultSessionIdManager.java:doStart(339)) - No SessionScavenger set, using defaults
2022-09-12 01:23:53,833 [Listener at 127.0.0.1/42815] INFO  server.session (HouseKeeper.java:startScavenging(132)) - node0 Scavenging every 600000ms
2022-09-12 01:23:53,834 [Listener at 127.0.0.1/42815] INFO  handler.ContextHandler (ContextHandler.java:doStart(915)) - Started o.e.j.s.ServletContextHandler@3ba1113e{logs,/logs,file:///home/runner/work/ozone/ozone/hadoop-ozone/integration-test/target/log,AVAILABLE}
2022-09-12 01:23:53,834 [Listener at 127.0.0.1/42815] INFO  handler.ContextHandler (ContextHandler.java:doStart(915)) - Started o.e.j.s.ServletContextHandler@2221e3df{static,/static,file:///home/runner/work/ozone/ozone/hadoop-ozone/integration-test/target/test-classes/webapps/static,AVAILABLE}
2022-09-12 01:23:53,838 [Listener at 127.0.0.1/42815] INFO  handler.ContextHandler (ContextHandler.java:doStart(915)) - Started o.e.j.w.WebAppContext@4ebdcc8a{ozoneManager,/,file:///home/runner/work/ozone/ozone/hadoop-ozone/integration-test/target/test-classes/webapps/ozoneManager/,AVAILABLE}{file:/home/runner/work/ozone/ozone/hadoop-ozone/integration-test/target/test-classes/webapps/ozoneManager}
2022-09-12 01:23:53,849 [Listener at 127.0.0.1/42815] INFO  server.AbstractConnector (AbstractConnector.java:doStart(331)) - Started ServerConnector@66c67868{HTTP/1.1, (http/1.1)}{0.0.0.0:33205}
2022-09-12 01:23:53,850 [Listener at 127.0.0.1/42815] INFO  server.Server (Server.java:doStart(415)) - Started @54560ms
2022-09-12 01:23:53,851 [Listener at 127.0.0.1/42815] WARN  impl.MetricsSystemImpl (MetricsSystemImpl.java:register(279)) - Sink prometheus already exists!
2022-09-12 01:23:53,852 [Listener at 127.0.0.1/42815] INFO  http.BaseHttpServer (BaseHttpServer.java:updateConnectorAddress(333)) - HTTP server of ozoneManager listening at http://0.0.0.0:33205
2022-09-12 01:23:53,852 [IPC Server Responder] INFO  ipc.Server (Server.java:run(1507)) - IPC Server Responder: starting
2022-09-12 01:23:53,853 [IPC Server listener on 42815] INFO  ipc.Server (Server.java:run(1344)) - IPC Server listener on 42815: starting
2022-09-12 01:23:53,865 [Listener at 127.0.0.1/42815] INFO  om.OzoneManager (OzoneManager.java:startTrashEmptier(1917)) - Trash Interval set to 0. Files deleted won't move to trash
2022-09-12 01:23:53,868 [org.apache.hadoop.util.JvmPauseMonitor$Monitor@2c684f4e] INFO  util.JvmPauseMonitor (JvmPauseMonitor.java:run(188)) - Starting JVM pause monitor
2022-09-12 01:23:53,882 [IPC Server handler 10 on default port 42721] INFO  ratis.OzoneManagerRatisServer (OzoneManagerRatisServer.java:addOMToRatisRing(309)) - omNode-1: Submitting SetConfiguration request to Ratis server to add new OM peer omNode-bootstrap-2|rpc:localhost:35737|priority:0 to the Ratis group group-0AAC5367B30E:[omNode-3|rpc:localhost:43293|priority:0, omNode-1|rpc:localhost:36869|priority:0, omNode-2|rpc:localhost:45055|priority:0]
2022-09-12 01:23:53,884 [IPC Server handler 10 on default port 42721] INFO  server.RaftServer$Division (RaftServerImpl.java:setConfigurationAsync(1080)) - omNode-1@group-0AAC5367B30E: receive setConfiguration SetConfigurationRequest:client-F6CB661ACBF6->omNode-1@group-0AAC5367B30E, cid=0, seq=0, RW, null, peers:[omNode-3|rpc:localhost:43293|priority:0, omNode-1|rpc:localhost:36869|priority:0, omNode-2|rpc:localhost:45055|priority:0, omNode-bootstrap-2|rpc:localhost:35737|priority:0]
2022-09-12 01:23:53,884 [IPC Server handler 10 on default port 42721] INFO  server.RaftServer$Division (LeaderStateImpl.java:startSetConfiguration(368)) - omNode-1@group-0AAC5367B30E-LeaderStateImpl: startSetConfiguration SetConfigurationRequest:client-F6CB661ACBF6->omNode-1@group-0AAC5367B30E, cid=0, seq=0, RW, null, peers:[omNode-3|rpc:localhost:43293|priority:0, omNode-1|rpc:localhost:36869|priority:0, omNode-2|rpc:localhost:45055|priority:0, omNode-bootstrap-2|rpc:localhost:35737|priority:0]
2022-09-12 01:23:53,885 [IPC Server handler 10 on default port 42721] INFO  server.RaftServerConfigKeys (ConfUtils.java:logGet(46)) - raft.server.log.appender.snapshot.chunk.size.max = 16MB (=16777216) (default)
2022-09-12 01:23:53,886 [IPC Server handler 10 on default port 42721] INFO  server.RaftServerConfigKeys (ConfUtils.java:logGet(46)) - raft.server.log.appender.buffer.byte-limit = 33554432 (custom)
2022-09-12 01:23:53,886 [IPC Server handler 10 on default port 42721] INFO  server.RaftServerConfigKeys (ConfUtils.java:logGet(46)) - raft.server.log.appender.buffer.element-limit = 1024 (custom)
2022-09-12 01:23:53,886 [IPC Server handler 10 on default port 42721] INFO  grpc.GrpcConfigKeys (ConfUtils.java:logGet(46)) - raft.grpc.server.leader.outstanding.appends.max = 128 (default)
2022-09-12 01:23:53,886 [IPC Server handler 10 on default port 42721] INFO  server.RaftServerConfigKeys (ConfUtils.java:logGet(46)) - raft.server.rpc.request.timeout = 3000ms (default)
2022-09-12 01:23:53,886 [IPC Server handler 10 on default port 42721] INFO  server.RaftServerConfigKeys (ConfUtils.java:logGet(46)) - raft.server.log.appender.install.snapshot.enabled = false (custom)
2022-09-12 01:23:53,914 [grpc-default-executor-0] INFO  impl.SnapshotInstallationHandler (SnapshotInstallationHandler.java:installSnapshot(84)) - omNode-bootstrap-2@group-0AAC5367B30E: receive installSnapshot: omNode-1->omNode-bootstrap-2#0-t1,notify:(t:1, i:0)
2022-09-12 01:23:53,915 [grpc-default-executor-0] INFO  server.RaftServer$Division (ServerState.java:setLeader(287)) - omNode-bootstrap-2@group-0AAC5367B30E: change Leader from null to omNode-1 at term 1 for installSnapshot, leader elected after 623ms
2022-09-12 01:23:53,915 [grpc-default-executor-0] INFO  impl.SnapshotInstallationHandler (SnapshotInstallationHandler.java:notifyStateMachineToInstallSnapshot(215)) - omNode-bootstrap-2@group-0AAC5367B30E: Received notification to install snapshot at index 0
2022-09-12 01:23:53,915 [grpc-default-executor-0] INFO  impl.SnapshotInstallationHandler (SnapshotInstallationHandler.java:notifyStateMachineToInstallSnapshot(224)) - omNode-bootstrap-2@group-0AAC5367B30E: InstallSnapshot notification result: ALREADY_INSTALLED, current snapshot index: -1
2022-09-12 01:23:53,921 [grpc-default-executor-0] INFO  impl.SnapshotInstallationHandler (SnapshotInstallationHandler.java:installSnapshotImpl(129)) - omNode-bootstrap-2@group-0AAC5367B30E: set new configuration configurationEntry {
  peers {
    id: "omNode-3"
    address: "localhost:43293"
  }
  peers {
    id: "omNode-1"
    address: "localhost:36869"
  }
  peers {
    id: "omNode-2"
    address: "localhost:45055"
  }
}
 from snapshot
2022-09-12 01:23:53,922 [grpc-default-executor-0] INFO  server.RaftServer$Division (ServerState.java:setRaftConf(393)) - omNode-bootstrap-2@group-0AAC5367B30E: set configuration 0: [omNode-3|rpc:localhost:43293|admin:|client:|dataStream:|priority:0, omNode-1|rpc:localhost:36869|admin:|client:|dataStream:|priority:0, omNode-2|rpc:localhost:45055|admin:|client:|dataStream:|priority:0], old=null
2022-09-12 01:23:53,922 [grpc-default-executor-0] INFO  ratis.OzoneManagerStateMachine (OzoneManagerStateMachine.java:notifyConfigurationChanged(192)) - Received Configuration change notification from Ratis. New Peer list:
[id: "omNode-3"
address: "localhost:43293"
, id: "omNode-1"
address: "localhost:36869"
, id: "omNode-2"
address: "localhost:45055"
]
2022-09-12 01:23:53,924 [grpc-default-executor-0] INFO  ratis.OzoneManagerRatisServer (OzoneManagerRatisServer.java:addRaftPeer(400)) - Added OM omNode-3 to Ratis Peers list.
2022-09-12 01:23:53,924 [grpc-default-executor-0] INFO  om.OzoneManager (OzoneManager.java:addOMNodeToPeers(1836)) - Added OM omNode-3 to the Peer list.
2022-09-12 01:23:53,926 [grpc-default-executor-0] INFO  ratis.OzoneManagerRatisServer (OzoneManagerRatisServer.java:addRaftPeer(400)) - Added OM omNode-1 to Ratis Peers list.
2022-09-12 01:23:53,926 [grpc-default-executor-0] INFO  om.OzoneManager (OzoneManager.java:addOMNodeToPeers(1836)) - Added OM omNode-1 to the Peer list.
2022-09-12 01:23:53,926 [grpc-default-executor-0] INFO  ratis.OzoneManagerRatisServer (OzoneManagerRatisServer.java:addRaftPeer(400)) - Added OM omNode-2 to Ratis Peers list.
2022-09-12 01:23:53,926 [grpc-default-executor-0] INFO  om.OzoneManager (OzoneManager.java:addOMNodeToPeers(1836)) - Added OM omNode-2 to the Peer list.
2022-09-12 01:23:53,926 [grpc-default-executor-0] INFO  impl.SnapshotInstallationHandler (SnapshotInstallationHandler.java:installSnapshot(95)) - omNode-bootstrap-2@group-0AAC5367B30E: reply installSnapshot: omNode-1<-omNode-bootstrap-2#0:FAIL-t0,ALREADY_INSTALLED
2022-09-12 01:23:53,931 [grpc-default-executor-0] INFO  server.GrpcServerProtocolService (GrpcServerProtocolService.java:onCompleted(140)) - omNode-bootstrap-2: Completed INSTALL_SNAPSHOT, lastRequest: omNode-1->omNode-bootstrap-2#0-t1,notify:(t:1, i:0)
2022-09-12 01:23:53,937 [omNode-bootstrap-2-server-thread1] INFO  impl.RoleInfo (RoleInfo.java:updateAndGet(139)) - omNode-bootstrap-2: start omNode-bootstrap-2@group-0AAC5367B30E-FollowerState
2022-09-12 01:23:53,937 [omNode-bootstrap-2-server-thread1] INFO  server.RaftServer$Division (RaftServerImpl.java:checkInconsistentAppendEntries(1424)) - omNode-bootstrap-2@group-0AAC5367B30E: Failed appendEntries as previous log entry ((t:1, i:0)) is not found
2022-09-12 01:23:53,937 [omNode-bootstrap-2-server-thread1] INFO  server.RaftServer$Division (RaftServerImpl.java:checkInconsistentAppendEntries(1394)) - omNode-bootstrap-2@group-0AAC5367B30E: inconsistency entries. Reply:omNode-1<-omNode-bootstrap-2#0:FAIL-t1,INCONSISTENCY,nextIndex=0,followerCommit=-1
2022-09-12 01:23:53,938 [omNode-bootstrap-2-server-thread1] INFO  server.RaftServer$Division (RaftServerImpl.java:checkInconsistentAppendEntries(1424)) - omNode-bootstrap-2@group-0AAC5367B30E: Failed appendEntries as previous log entry ((t:1, i:0)) is not found
2022-09-12 01:23:53,938 [omNode-bootstrap-2-server-thread1] INFO  server.RaftServer$Division (RaftServerImpl.java:checkInconsistentAppendEntries(1394)) - omNode-bootstrap-2@group-0AAC5367B30E: inconsistency entries. Reply:omNode-1<-omNode-bootstrap-2#1:FAIL-t1,INCONSISTENCY,nextIndex=0,followerCommit=-1
2022-09-12 01:23:53,939 [omNode-bootstrap-2-server-thread1] INFO  server.RaftServer$Division (ServerState.java:setRaftConf(393)) - omNode-bootstrap-2@group-0AAC5367B30E: set configuration 0: [omNode-3|rpc:localhost:43293|admin:|client:|dataStream:|priority:0, omNode-1|rpc:localhost:36869|admin:|client:|dataStream:|priority:0, omNode-2|rpc:localhost:45055|admin:|client:|dataStream:|priority:0], old=null
2022-09-12 01:23:53,940 [omNode-bootstrap-2-server-thread1] INFO  segmented.SegmentedRaftLogWorker (SegmentedRaftLogWorker.java:startLogSegment(425)) - omNode-bootstrap-2@group-0AAC5367B30E-SegmentedRaftLogWorker: Starting segment from index:0
2022-09-12 01:23:53,943 [omNode-bootstrap-2-server-thread1] INFO  server.RaftServer$Division (ServerState.java:setRaftConf(393)) - omNode-bootstrap-2@group-0AAC5367B30E: set configuration 0: [omNode-3|rpc:localhost:43293|admin:|client:|dataStream:|priority:0, omNode-1|rpc:localhost:36869|admin:|client:|dataStream:|priority:0, omNode-2|rpc:localhost:45055|admin:|client:|dataStream:|priority:0], old=null
2022-09-12 01:23:53,948 [omNode-bootstrap-2@group-0AAC5367B30E-SegmentedRaftLogWorker] INFO  segmented.SegmentedRaftLogWorker (SegmentedRaftLogWorker.java:execute(629)) - omNode-bootstrap-2@group-0AAC5367B30E-SegmentedRaftLogWorker: created new log segment /home/runner/work/ozone/ozone/hadoop-ozone/integration-test/target/test-dir/MiniOzoneClusterImpl-3d4a976f-5e4d-41d2-99e8-392de73f1c7a/omNode-bootstrap-2/ratis/0718e334-ffa1-36bc-8e9a-0aac5367b30e/current/log_inprogress_0
2022-09-12 01:23:53,950 [omNode-bootstrap-2@group-0AAC5367B30E-StateMachineUpdater] INFO  ratis.OzoneManagerStateMachine (OzoneManagerStateMachine.java:notifyConfigurationChanged(192)) - Received Configuration change notification from Ratis. New Peer list:
[id: "omNode-3"
address: "localhost:43293"
, id: "omNode-1"
address: "localhost:36869"
, id: "omNode-2"
address: "localhost:45055"
]
2022-09-12 01:23:53,957 [OM StateMachine ApplyTransaction Thread - 0] INFO  volume.OMVolumeCreateRequest (OMVolumeCreateRequest.java:validateAndUpdateCache(195)) - created volume:volume14023 for user:runner
2022-09-12 01:23:53,957 [omNode-1@group-0AAC5367B30E-LeaderStateImpl] INFO  server.RaftServer$Division (ServerState.java:setRaftConf(393)) - omNode-1@group-0AAC5367B30E: set configuration 9: [omNode-bootstrap-2|rpc:localhost:35737|priority:0, omNode-3|rpc:localhost:43293|priority:0, omNode-1|rpc:localhost:36869|priority:0, omNode-2|rpc:localhost:45055|priority:0], old=[omNode-3|rpc:localhost:43293|admin:|client:|dataStream:|priority:0, omNode-1|rpc:localhost:36869|admin:|client:|dataStream:|priority:0, omNode-2|rpc:localhost:45055|admin:|client:|dataStream:|priority:0]
2022-09-12 01:23:53,957 [OM StateMachine ApplyTransaction Thread - 0] INFO  bucket.OMBucketCreateRequest (OMBucketCreateRequest.java:validateAndUpdateCache(260)) - created bucket: bucket34978 of layout LEGACY in volume: volume14023
2022-09-12 01:23:53,959 [omNode-bootstrap-2-server-thread1] INFO  server.RaftServer$Division (ServerState.java:setRaftConf(393)) - omNode-bootstrap-2@group-0AAC5367B30E: set configuration 9: [omNode-bootstrap-2|rpc:localhost:35737|admin:|client:|dataStream:|priority:0, omNode-3|rpc:localhost:43293|admin:|client:|dataStream:|priority:0, omNode-1|rpc:localhost:36869|admin:|client:|dataStream:|priority:0, omNode-2|rpc:localhost:45055|admin:|client:|dataStream:|priority:0], old=[omNode-3|rpc:localhost:43293|admin:|client:|dataStream:|priority:0, omNode-1|rpc:localhost:36869|admin:|client:|dataStream:|priority:0, omNode-2|rpc:localhost:45055|admin:|client:|dataStream:|priority:0]
2022-09-12 01:23:53,960 [omNode-3-server-thread2] INFO  server.RaftServer$Division (ServerState.java:setRaftConf(393)) - omNode-3@group-0AAC5367B30E: set configuration 9: [omNode-bootstrap-2|rpc:localhost:35737|admin:|client:|dataStream:|priority:0, omNode-3|rpc:localhost:43293|admin:|client:|dataStream:|priority:0, omNode-1|rpc:localhost:36869|admin:|client:|dataStream:|priority:0, omNode-2|rpc:localhost:45055|admin:|client:|dataStream:|priority:0], old=[omNode-3|rpc:localhost:43293|admin:|client:|dataStream:|priority:0, omNode-1|rpc:localhost:36869|admin:|client:|dataStream:|priority:0, omNode-2|rpc:localhost:45055|admin:|client:|dataStream:|priority:0]
2022-09-12 01:23:53,983 [omNode-1@group-0AAC5367B30E-StateMachineUpdater] INFO  ratis.OzoneManagerStateMachine (OzoneManagerStateMachine.java:notifyConfigurationChanged(192)) - Received Configuration change notification from Ratis. New Peer list:
[id: "omNode-bootstrap-2"
address: "localhost:35737"
, id: "omNode-3"
address: "localhost:43293"
, id: "omNode-1"
address: "localhost:36869"
, id: "omNode-2"
address: "localhost:45055"
]
2022-09-12 01:23:53,983 [omNode-1@group-0AAC5367B30E-LeaderStateImpl] INFO  server.RaftServer$Division (ServerState.java:setRaftConf(393)) - omNode-1@group-0AAC5367B30E: set configuration 11: [omNode-bootstrap-2|rpc:localhost:35737|priority:0, omNode-3|rpc:localhost:43293|priority:0, omNode-1|rpc:localhost:36869|priority:0, omNode-2|rpc:localhost:45055|priority:0], old=null
2022-09-12 01:23:53,987 [omNode-1@group-0AAC5367B30E-StateMachineUpdater] INFO  ratis.OzoneManagerRatisServer (OzoneManagerRatisServer.java:addRaftPeer(400)) - Added OM omNode-bootstrap-2 to Ratis Peers list.
2022-09-12 01:23:53,987 [omNode-1@group-0AAC5367B30E-StateMachineUpdater] INFO  om.OzoneManager (OzoneManager.java:addOMNodeToPeers(1836)) - Added OM omNode-bootstrap-2 to the Peer list.
2022-09-12 01:23:53,988 [omNode-3-server-thread2] INFO  server.RaftServer$Division (ServerState.java:setRaftConf(393)) - omNode-3@group-0AAC5367B30E: set configuration 11: [omNode-bootstrap-2|rpc:localhost:35737|admin:|client:|dataStream:|priority:0, omNode-3|rpc:localhost:43293|admin:|client:|dataStream:|priority:0, omNode-1|rpc:localhost:36869|admin:|client:|dataStream:|priority:0, omNode-2|rpc:localhost:45055|admin:|client:|dataStream:|priority:0], old=null
2022-09-12 01:23:53,988 [omNode-bootstrap-2-server-thread1] INFO  server.RaftServer$Division (ServerState.java:setRaftConf(393)) - omNode-bootstrap-2@group-0AAC5367B30E: set configuration 11: [omNode-bootstrap-2|rpc:localhost:35737|admin:|client:|dataStream:|priority:0, omNode-3|rpc:localhost:43293|admin:|client:|dataStream:|priority:0, omNode-1|rpc:localhost:36869|admin:|client:|dataStream:|priority:0, omNode-2|rpc:localhost:45055|admin:|client:|dataStream:|priority:0], old=null
2022-09-12 01:23:53,991 [omNode-bootstrap-2@group-0AAC5367B30E-StateMachineUpdater] INFO  ratis.OzoneManagerStateMachine (OzoneManagerStateMachine.java:notifyConfigurationChanged(192)) - Received Configuration change notification from Ratis. New Peer list:
[id: "omNode-bootstrap-2"
address: "localhost:35737"
, id: "omNode-3"
address: "localhost:43293"
, id: "omNode-1"
address: "localhost:36869"
, id: "omNode-2"
address: "localhost:45055"
]
2022-09-12 01:23:53,991 [omNode-3@group-0AAC5367B30E-StateMachineUpdater] INFO  ratis.OzoneManagerStateMachine (OzoneManagerStateMachine.java:notifyConfigurationChanged(192)) - Received Configuration change notification from Ratis. New Peer list:
[id: "omNode-bootstrap-2"
address: "localhost:35737"
, id: "omNode-3"
address: "localhost:43293"
, id: "omNode-1"
address: "localhost:36869"
, id: "omNode-2"
address: "localhost:45055"
]
2022-09-12 01:23:53,991 [omNode-bootstrap-2@group-0AAC5367B30E-StateMachineUpdater] INFO  ratis.OzoneManagerRatisServer (OzoneManagerRatisServer.java:addRaftPeer(400)) - Added OM omNode-bootstrap-2 to Ratis Peers list.
2022-09-12 01:23:53,991 [omNode-bootstrap-2@group-0AAC5367B30E-StateMachineUpdater] INFO  ratis.OzoneManagerRatisServer (OzoneManagerRatisServer.java:addRaftPeer(400)) - Added OM omNode-3 to Ratis Peers list.
2022-09-12 01:23:53,991 [omNode-bootstrap-2@group-0AAC5367B30E-StateMachineUpdater] INFO  ratis.OzoneManagerRatisServer (OzoneManagerRatisServer.java:addRaftPeer(400)) - Added OM omNode-1 to Ratis Peers list.
2022-09-12 01:23:53,991 [omNode-bootstrap-2@group-0AAC5367B30E-StateMachineUpdater] INFO  ratis.OzoneManagerRatisServer (OzoneManagerRatisServer.java:addRaftPeer(400)) - Added OM omNode-2 to Ratis Peers list.
2022-09-12 01:23:53,991 [omNode-3@group-0AAC5367B30E-StateMachineUpdater] INFO  ratis.OzoneManagerRatisServer (OzoneManagerRatisServer.java:addRaftPeer(400)) - Added OM omNode-bootstrap-2 to Ratis Peers list.
2022-09-12 01:23:53,991 [omNode-3@group-0AAC5367B30E-StateMachineUpdater] INFO  om.OzoneManager (OzoneManager.java:addOMNodeToPeers(1836)) - Added OM omNode-bootstrap-2 to the Peer list.
2022-09-12 01:23:53,995 [IPC Server handler 10 on default port 42721] INFO  ratis.OzoneManagerRatisServer (OzoneManagerRatisServer.java:addOMToRatisRing(323)) - Added OM omNode-bootstrap-2 to Ratis group group-0AAC5367B30E.
2022-09-12 01:23:54,000 [Listener at 127.0.0.1/42815] INFO  om.OzoneManager (OzoneManager.java:bootstrap(1708)) - Successfully bootstrapped OM omNode-bootstrap-2 and joined the Ratis group group-0AAC5367B30E:[]
2022-09-12 01:23:54,000 [Listener at 127.0.0.1/42815] INFO  ozone.MiniOzoneHAClusterImpl (MiniOzoneHAClusterImpl.java:bootstrapOzoneManager(782)) - Bootstrapped OzoneManager omNode-bootstrap-2 RPC server at localhost/127.0.0.1:42815
2022-09-12 01:23:54,004 [Listener at 127.0.0.1/42815] INFO  ozone.MiniOzoneClusterImpl (MiniOzoneClusterImpl.java:shutdown(448)) - Shutting down the Mini Ozone Cluster
2022-09-12 01:23:54,005 [omNode-1@group-0AAC5367B30E-StateMachineUpdater] INFO  ratis.OzoneManagerStateMachine (OzoneManagerStateMachine.java:notifyConfigurationChanged(192)) - Received Configuration change notification from Ratis. New Peer list:
[id: "omNode-bootstrap-2"
address: "localhost:35737"
, id: "omNode-3"
address: "localhost:43293"
, id: "omNode-1"
address: "localhost:36869"
, id: "omNode-2"
address: "localhost:45055"
]
2022-09-12 01:23:54,008 [Listener at 127.0.0.1/42815] INFO  ozone.MiniOzoneHAClusterImpl (MiniOzoneHAClusterImpl.java:stop(312)) - Stopping the OzoneManager omNode-3
2022-09-12 01:23:54,008 [Listener at 127.0.0.1/42815] INFO  om.OzoneManager (OzoneManager.java:stop(2032)) - omNode-3[localhost:34999]: Stopping Ozone Manager
2022-09-12 01:23:54,008 [Listener at 127.0.0.1/42815] INFO  ipc.Server (Server.java:stop(3414)) - Stopping server on 34999
2022-09-12 01:23:54,010 [omNode-bootstrap-2@group-0AAC5367B30E-StateMachineUpdater] INFO  ratis.OzoneManagerStateMachine (OzoneManagerStateMachine.java:notifyConfigurationChanged(192)) - Received Configuration change notification from Ratis. New Peer list:
[id: "omNode-bootstrap-2"
address: "localhost:35737"
, id: "omNode-3"
address: "localhost:43293"
, id: "omNode-1"
address: "localhost:36869"
, id: "omNode-2"
address: "localhost:45055"
]
2022-09-12 01:23:54,015 [IPC Server Responder] INFO  ipc.Server (Server.java:run(1512)) - Stopping IPC Server Responder
2022-09-12 01:23:54,015 [IPC Server listener on 34999] INFO  ipc.Server (Server.java:run(1376)) - Stopping IPC Server listener on 34999
2022-09-12 01:23:54,016 [Listener at 127.0.0.1/42815] INFO  server.RaftServer (RaftServerProxy.java:lambda$close$7(398)) - omNode-3: close
2022-09-12 01:23:54,016 [Listener at 127.0.0.1/42815] INFO  server.RaftServer$Division (RaftServerImpl.java:lambda$close$4(434)) - omNode-3@group-0AAC5367B30E: shutdown
2022-09-12 01:23:54,016 [Listener at 127.0.0.1/42815] INFO  util.JmxRegister (JmxRegister.java:unregister(73)) - Successfully un-registered JMX Bean with object name Ratis:service=RaftServer,group=group-0AAC5367B30E,id=omNode-3
2022-09-12 01:23:54,016 [Listener at 127.0.0.1/42815] INFO  impl.RoleInfo (RoleInfo.java:shutdownFollowerState(110)) - omNode-3: shutdown omNode-3@group-0AAC5367B30E-FollowerState
2022-09-12 01:23:54,016 [Listener at 127.0.0.1/42815] INFO  impl.StateMachineUpdater (StateMachineUpdater.java:stopAndJoin(153)) - omNode-3@group-0AAC5367B30E-StateMachineUpdater: set stopIndex = 11
2022-09-12 01:23:54,016 [omNode-3@group-0AAC5367B30E-FollowerState] INFO  impl.FollowerState (FollowerState.java:run(152)) - omNode-3@group-0AAC5367B30E-FollowerState was interrupted
2022-09-12 01:23:54,017 [omNode-3@group-0AAC5367B30E-StateMachineUpdater] INFO  ratis.OzoneManagerStateMachine (OzoneManagerStateMachine.java:notifyConfigurationChanged(192)) - Received Configuration change notification from Ratis. New Peer list:
[id: "omNode-bootstrap-2"
address: "localhost:35737"
, id: "omNode-3"
address: "localhost:43293"
, id: "omNode-1"
address: "localhost:36869"
, id: "omNode-2"
address: "localhost:45055"
]
2022-09-12 01:23:54,017 [omNode-3@group-0AAC5367B30E-StateMachineUpdater] INFO  ratis.OzoneManagerStateMachine (OzoneManagerStateMachine.java:takeSnapshot(441)) - Current Snapshot Index (t:1, i:11)
2022-09-12 01:23:54,017 [omNode-3@group-0AAC5367B30E-StateMachineUpdater] INFO  impl.StateMachineUpdater (StateMachineUpdater.java:takeSnapshot(287)) - omNode-3@group-0AAC5367B30E-StateMachineUpdater: Took a snapshot at index 11
2022-09-12 01:23:54,017 [omNode-3@group-0AAC5367B30E-StateMachineUpdater] INFO  impl.StateMachineUpdater (StateMachineUpdater.java:lambda$new$0(92)) - omNode-3@group-0AAC5367B30E-StateMachineUpdater: snapshotIndex: updateIncreasingly -1 -> 11
2022-09-12 01:23:54,017 [omNode-3@group-0AAC5367B30E-StateMachineUpdater] INFO  ratis.OzoneManagerStateMachine (OzoneManagerStateMachine.java:close(495)) - StateMachine has shutdown. Shutdown OzoneManager if not already shutdown.
2022-09-12 01:23:54,017 [omNode-3@group-0AAC5367B30E-StateMachineUpdater] INFO  ratis.OzoneManagerDoubleBuffer (OzoneManagerDoubleBuffer.java:stop(466)) - Stopping OMDoubleBuffer flush thread
2022-09-12 01:23:54,019 [OMDoubleBufferFlushThread] INFO  ratis.OzoneManagerDoubleBuffer (OzoneManagerDoubleBuffer.java:flushTransactions(385)) - OMDoubleBuffer flush thread OMDoubleBufferFlushThread is interrupted and will exit.
2022-09-12 01:23:54,020 [Listener at 127.0.0.1/42815] INFO  server.RaftServer$Division (ServerState.java:close(429)) - omNode-3@group-0AAC5367B30E: closes. applyIndex: 11
2022-09-12 01:23:54,021 [omNode-3@group-0AAC5367B30E-SegmentedRaftLogWorker] INFO  segmented.SegmentedRaftLogWorker (SegmentedRaftLogWorker.java:run(336)) - omNode-3@group-0AAC5367B30E-SegmentedRaftLogWorker was interrupted, exiting. There are 0 tasks remaining in the queue.
2022-09-12 01:23:54,024 [Listener at 127.0.0.1/42815] INFO  segmented.SegmentedRaftLogWorker (SegmentedRaftLogWorker.java:close(246)) - omNode-3@group-0AAC5367B30E-SegmentedRaftLogWorker close()
2022-09-12 01:23:54,027 [Listener at 127.0.0.1/42815] INFO  server.GrpcService (GrpcService.java:closeImpl(269)) - omNode-3: shutdown server with port 43293 now
2022-09-12 01:23:54,033 [grpc-default-executor-0] WARN  server.GrpcServerProtocolService (LogUtils.java:warn(122)) - omNode-3: installSnapshot onError, lastRequest: omNode-1->omNode-3#31369-t1,previous=(t:1, i:11),leaderCommit=11,initializing? true,entries: size=1, first=(t:1, i:12), METADATAENTRY(c:11): org.apache.ratis.thirdparty.io.grpc.StatusRuntimeException: CANCELLED: client cancelled
2022-09-12 01:23:54,033 [Listener at 127.0.0.1/42815] INFO  server.GrpcService (GrpcService.java:closeImpl(278)) - omNode-3: shutdown server with port 43293 successfully
2022-09-12 01:23:54,034 [org.apache.ratis.util.JvmPauseMonitor$$Lambda$605/1445225850@4f0aa08b] INFO  util.JvmPauseMonitor (JvmPauseMonitor.java:run(109)) - JvmPauseMonitor-omNode-3: Stopped
2022-09-12 01:23:54,035 [Listener at 127.0.0.1/42815] INFO  ratis.OzoneManagerStateMachine (OzoneManagerStateMachine.java:close(495)) - StateMachine has shutdown. Shutdown OzoneManager if not already shutdown.
2022-09-12 01:23:54,035 [Listener at 127.0.0.1/42815] INFO  ratis.OzoneManagerDoubleBuffer (OzoneManagerDoubleBuffer.java:stop(478)) - OMDoubleBuffer flush thread is not running.
2022-09-12 01:23:54,035 [Listener at 127.0.0.1/42815] INFO  utils.BackgroundService (BackgroundService.java:shutdown(141)) - Shutting down service KeyDeletingService
2022-09-12 01:23:54,035 [Listener at 127.0.0.1/42815] INFO  utils.BackgroundService (BackgroundService.java:shutdown(141)) - Shutting down service DirectoryDeletingService
2022-09-12 01:23:54,035 [Listener at 127.0.0.1/42815] INFO  utils.BackgroundService (BackgroundService.java:shutdown(141)) - Shutting down service OpenKeyCleanupService
2022-09-12 01:23:54,036 [Listener at 127.0.0.1/42815] INFO  handler.ContextHandler (ContextHandler.java:doStop(1153)) - Stopped o.e.j.w.WebAppContext@8ab9629{ozoneManager,/,null,STOPPED}{file:/home/runner/work/ozone/ozone/hadoop-ozone/integration-test/target/test-classes/webapps/ozoneManager}
2022-09-12 01:23:54,036 [Listener at 127.0.0.1/42815] INFO  server.AbstractConnector (AbstractConnector.java:doStop(381)) - Stopped ServerConnector@28964cb5{HTTP/1.1, (http/1.1)}{0.0.0.0:44331}
2022-09-12 01:23:54,037 [Listener at 127.0.0.1/42815] INFO  server.session (HouseKeeper.java:stopScavenging(149)) - node0 Stopped scavenging
2022-09-12 01:23:54,037 [Listener at 127.0.0.1/42815] INFO  handler.ContextHandler (ContextHandler.java:doStop(1153)) - Stopped o.e.j.s.ServletContextHandler@40020127{static,/static,file:///home/runner/work/ozone/ozone/hadoop-ozone/integration-test/target/test-classes/webapps/static,STOPPED}
2022-09-12 01:23:54,037 [Listener at 127.0.0.1/42815] INFO  handler.ContextHandler (ContextHandler.java:doStop(1153)) - Stopped o.e.j.s.ServletContextHandler@61022ddb{logs,/logs,file:///home/runner/work/ozone/ozone/hadoop-ozone/integration-test/target/log,STOPPED}
2022-09-12 01:23:54,039 [Listener at 127.0.0.1/42815] INFO  ozone.MiniOzoneHAClusterImpl (MiniOzoneHAClusterImpl.java:stop(312)) - Stopping the OzoneManager omNode-1
2022-09-12 01:23:54,039 [Listener at 127.0.0.1/42815] INFO  om.OzoneManager (OzoneManager.java:stop(2032)) - omNode-1[localhost:42721]: Stopping Ozone Manager
2022-09-12 01:23:54,039 [Listener at 127.0.0.1/42815] INFO  ipc.Server (Server.java:stop(3414)) - Stopping server on 42721
2022-09-12 01:23:54,041 [IPC Server listener on 42721] INFO  ipc.Server (Server.java:run(1376)) - Stopping IPC Server listener on 42721
2022-09-12 01:23:54,045 [Listener at 127.0.0.1/42815] INFO  server.RaftServer (RaftServerProxy.java:lambda$close$7(398)) - omNode-1: close
2022-09-12 01:23:54,045 [IPC Server Responder] INFO  ipc.Server (Server.java:run(1512)) - Stopping IPC Server Responder
2022-09-12 01:23:54,045 [Listener at 127.0.0.1/42815] INFO  server.RaftServer$Division (RaftServerImpl.java:lambda$close$4(434)) - omNode-1@group-0AAC5367B30E: shutdown
2022-09-12 01:23:54,046 [Listener at 127.0.0.1/42815] INFO  util.JmxRegister (JmxRegister.java:unregister(73)) - Successfully un-registered JMX Bean with object name Ratis:service=RaftServer,group=group-0AAC5367B30E,id=omNode-1
2022-09-12 01:23:54,046 [Listener at 127.0.0.1/42815] INFO  impl.RoleInfo (RoleInfo.java:shutdownLeaderState(93)) - omNode-1: shutdown omNode-1@group-0AAC5367B30E-LeaderStateImpl
2022-09-12 01:23:54,046 [Listener at 127.0.0.1/42815] INFO  impl.PendingRequests (PendingRequests.java:sendNotLeaderResponses(282)) - omNode-1@group-0AAC5367B30E-PendingRequests: sendNotLeaderResponses
2022-09-12 01:23:54,048 [grpc-default-executor-0] INFO  server.GrpcServerProtocolService (GrpcServerProtocolService.java:onCompleted(140)) - omNode-bootstrap-2: Completed APPEND_ENTRIES, lastRequest: omNode-1->omNode-bootstrap-2#7-t1,previous=(t:1, i:11),leaderCommit=11,initializing? true,entries: size=1, first=(t:1, i:12), METADATAENTRY(c:11)
2022-09-12 01:23:54,051 [Listener at 127.0.0.1/42815] INFO  impl.StateMachineUpdater (StateMachineUpdater.java:stopAndJoin(153)) - omNode-1@group-0AAC5367B30E-StateMachineUpdater: set stopIndex = 12
2022-09-12 01:23:54,051 [omNode-1@group-0AAC5367B30E-StateMachineUpdater] INFO  ratis.OzoneManagerStateMachine (OzoneManagerStateMachine.java:takeSnapshot(441)) - Current Snapshot Index (t:1, i:12)
2022-09-12 01:23:54,052 [omNode-1@group-0AAC5367B30E-StateMachineUpdater] INFO  impl.StateMachineUpdater (StateMachineUpdater.java:takeSnapshot(287)) - omNode-1@group-0AAC5367B30E-StateMachineUpdater: Took a snapshot at index 12
2022-09-12 01:23:54,052 [omNode-1@group-0AAC5367B30E-StateMachineUpdater] INFO  impl.StateMachineUpdater (StateMachineUpdater.java:lambda$new$0(92)) - omNode-1@group-0AAC5367B30E-StateMachineUpdater: snapshotIndex: updateIncreasingly -1 -> 12
2022-09-12 01:23:54,052 [omNode-1@group-0AAC5367B30E-StateMachineUpdater] INFO  ratis.OzoneManagerStateMachine (OzoneManagerStateMachine.java:close(495)) - StateMachine has shutdown. Shutdown OzoneManager if not already shutdown.
2022-09-12 01:23:54,052 [omNode-1@group-0AAC5367B30E-StateMachineUpdater] INFO  ratis.OzoneManagerDoubleBuffer (OzoneManagerDoubleBuffer.java:stop(466)) - Stopping OMDoubleBuffer flush thread
2022-09-12 01:23:54,052 [OMDoubleBufferFlushThread] INFO  ratis.OzoneManagerDoubleBuffer (OzoneManagerDoubleBuffer.java:flushTransactions(385)) - OMDoubleBuffer flush thread OMDoubleBufferFlushThread is interrupted and will exit.
2022-09-12 01:23:54,053 [Listener at 127.0.0.1/42815] INFO  server.RaftServer$Division (ServerState.java:close(429)) - omNode-1@group-0AAC5367B30E: closes. applyIndex: 12
2022-09-12 01:23:54,053 [omNode-1@group-0AAC5367B30E-SegmentedRaftLogWorker] INFO  segmented.SegmentedRaftLogWorker (SegmentedRaftLogWorker.java:run(336)) - omNode-1@group-0AAC5367B30E-SegmentedRaftLogWorker was interrupted, exiting. There are 0 tasks remaining in the queue.
2022-09-12 01:23:54,054 [Listener at 127.0.0.1/42815] INFO  segmented.SegmentedRaftLogWorker (SegmentedRaftLogWorker.java:close(246)) - omNode-1@group-0AAC5367B30E-SegmentedRaftLogWorker close()
2022-09-12 01:23:54,055 [Listener at 127.0.0.1/42815] INFO  server.GrpcService (GrpcService.java:closeImpl(269)) - omNode-1: shutdown server with port 36869 now
2022-09-12 01:23:54,059 [Listener at 127.0.0.1/42815] INFO  server.GrpcService (GrpcService.java:closeImpl(278)) - omNode-1: shutdown server with port 36869 successfully
2022-09-12 01:23:54,059 [org.apache.ratis.util.JvmPauseMonitor$$Lambda$605/1445225850@6f451af5] INFO  util.JvmPauseMonitor (JvmPauseMonitor.java:run(109)) - JvmPauseMonitor-omNode-1: Stopped
2022-09-12 01:23:54,059 [Listener at 127.0.0.1/42815] INFO  ratis.OzoneManagerStateMachine (OzoneManagerStateMachine.java:close(495)) - StateMachine has shutdown. Shutdown OzoneManager if not already shutdown.
2022-09-12 01:23:54,059 [Listener at 127.0.0.1/42815] INFO  ratis.OzoneManagerDoubleBuffer (OzoneManagerDoubleBuffer.java:stop(478)) - OMDoubleBuffer flush thread is not running.
2022-09-12 01:23:54,060 [Listener at 127.0.0.1/42815] INFO  utils.BackgroundService (BackgroundService.java:shutdown(141)) - Shutting down service KeyDeletingService
2022-09-12 01:23:54,060 [Listener at 127.0.0.1/42815] INFO  utils.BackgroundService (BackgroundService.java:shutdown(141)) - Shutting down service DirectoryDeletingService
2022-09-12 01:23:54,060 [Listener at 127.0.0.1/42815] INFO  utils.BackgroundService (BackgroundService.java:shutdown(141)) - Shutting down service OpenKeyCleanupService
2022-09-12 01:23:54,060 [Listener at 127.0.0.1/42815] INFO  handler.ContextHandler (ContextHandler.java:doStop(1153)) - Stopped o.e.j.w.WebAppContext@993dab8{ozoneManager,/,null,STOPPED}{file:/home/runner/work/ozone/ozone/hadoop-ozone/integration-test/target/test-classes/webapps/ozoneManager}
2022-09-12 01:23:54,061 [Listener at 127.0.0.1/42815] INFO  server.AbstractConnector (AbstractConnector.java:doStop(381)) - Stopped ServerConnector@42fccd6a{HTTP/1.1, (http/1.1)}{0.0.0.0:39163}
2022-09-12 01:23:54,061 [Listener at 127.0.0.1/42815] INFO  server.session (HouseKeeper.java:stopScavenging(149)) - node0 Stopped scavenging
2022-09-12 01:23:54,061 [Listener at 127.0.0.1/42815] INFO  handler.ContextHandler (ContextHandler.java:doStop(1153)) - Stopped o.e.j.s.ServletContextHandler@28356892{static,/static,file:///home/runner/work/ozone/ozone/hadoop-ozone/integration-test/target/test-classes/webapps/static,STOPPED}
2022-09-12 01:23:54,061 [Listener at 127.0.0.1/42815] INFO  handler.ContextHandler (ContextHandler.java:doStop(1153)) - Stopped o.e.j.s.ServletContextHandler@169ea60a{logs,/logs,file:///home/runner/work/ozone/ozone/hadoop-ozone/integration-test/target/log,STOPPED}
2022-09-12 01:23:54,064 [Listener at 127.0.0.1/42815] INFO  ozone.MiniOzoneHAClusterImpl (MiniOzoneHAClusterImpl.java:stop(312)) - Stopping the OzoneManager omNode-2
2022-09-12 01:23:54,065 [Listener at 127.0.0.1/42815] INFO  om.OzoneManager (OzoneManager.java:stop(2032)) - omNode-2[localhost:45777]: Stopping Ozone Manager
2022-09-12 01:23:54,065 [Listener at 127.0.0.1/42815] INFO  ozone.MiniOzoneHAClusterImpl (MiniOzoneHAClusterImpl.java:stop(312)) - Stopping the OzoneManager omNode-bootstrap-1
2022-09-12 01:23:54,065 [Listener at 127.0.0.1/42815] INFO  om.OzoneManager (OzoneManager.java:stop(2032)) - omNode-bootstrap-1[localhost:42599]: Stopping Ozone Manager
2022-09-12 01:23:54,065 [Listener at 127.0.0.1/42815] INFO  ozone.MiniOzoneHAClusterImpl (MiniOzoneHAClusterImpl.java:stop(312)) - Stopping the OzoneManager omNode-bootstrap-2
2022-09-12 01:23:54,065 [Listener at 127.0.0.1/42815] INFO  om.OzoneManager (OzoneManager.java:stop(2032)) - omNode-bootstrap-2[localhost:42815]: Stopping Ozone Manager
2022-09-12 01:23:54,065 [Listener at 127.0.0.1/42815] INFO  ipc.Server (Server.java:stop(3414)) - Stopping server on 42815
2022-09-12 01:23:54,065 [IPC Server listener on 42815] INFO  ipc.Server (Server.java:run(1376)) - Stopping IPC Server listener on 42815
2022-09-12 01:23:54,068 [IPC Server Responder] INFO  ipc.Server (Server.java:run(1512)) - Stopping IPC Server Responder
2022-09-12 01:23:54,068 [Listener at 127.0.0.1/42815] INFO  server.RaftServer (RaftServerProxy.java:lambda$close$7(398)) - omNode-bootstrap-2: close
2022-09-12 01:23:54,068 [Listener at 127.0.0.1/42815] INFO  server.RaftServer$Division (RaftServerImpl.java:lambda$close$4(434)) - omNode-bootstrap-2@group-0AAC5367B30E: shutdown
2022-09-12 01:23:54,069 [Listener at 127.0.0.1/42815] INFO  util.JmxRegister (JmxRegister.java:unregister(73)) - Successfully un-registered JMX Bean with object name Ratis:service=RaftServer,group=group-0AAC5367B30E,id=omNode-bootstrap-2
2022-09-12 01:23:54,069 [Listener at 127.0.0.1/42815] INFO  impl.RoleInfo (RoleInfo.java:shutdownFollowerState(110)) - omNode-bootstrap-2: shutdown omNode-bootstrap-2@group-0AAC5367B30E-FollowerState
2022-09-12 01:23:54,069 [omNode-bootstrap-2@group-0AAC5367B30E-FollowerState] INFO  impl.FollowerState (FollowerState.java:run(152)) - omNode-bootstrap-2@group-0AAC5367B30E-FollowerState was interrupted
2022-09-12 01:23:54,069 [omNode-bootstrap-2@group-0AAC5367B30E-StateMachineUpdater] INFO  ratis.OzoneManagerStateMachine (OzoneManagerStateMachine.java:takeSnapshot(441)) - Current Snapshot Index (t:1, i:11)
2022-09-12 01:23:54,069 [omNode-bootstrap-2@group-0AAC5367B30E-StateMachineUpdater] INFO  impl.StateMachineUpdater (StateMachineUpdater.java:takeSnapshot(287)) - omNode-bootstrap-2@group-0AAC5367B30E-StateMachineUpdater: Took a snapshot at index 11
2022-09-12 01:23:54,069 [omNode-bootstrap-2@group-0AAC5367B30E-StateMachineUpdater] INFO  impl.StateMachineUpdater (StateMachineUpdater.java:lambda$new$0(92)) - omNode-bootstrap-2@group-0AAC5367B30E-StateMachineUpdater: snapshotIndex: updateIncreasingly -1 -> 11
2022-09-12 01:23:54,069 [omNode-bootstrap-2@group-0AAC5367B30E-StateMachineUpdater] INFO  ratis.OzoneManagerStateMachine (OzoneManagerStateMachine.java:close(495)) - StateMachine has shutdown. Shutdown OzoneManager if not already shutdown.
2022-09-12 01:23:54,069 [omNode-bootstrap-2@group-0AAC5367B30E-StateMachineUpdater] INFO  ratis.OzoneManagerDoubleBuffer (OzoneManagerDoubleBuffer.java:stop(466)) - Stopping OMDoubleBuffer flush thread
2022-09-12 01:23:54,069 [Listener at 127.0.0.1/42815] INFO  impl.StateMachineUpdater (StateMachineUpdater.java:stopAndJoin(153)) - omNode-bootstrap-2@group-0AAC5367B30E-StateMachineUpdater: set stopIndex = 11
2022-09-12 01:23:54,070 [OMDoubleBufferFlushThread] INFO  ratis.OzoneManagerDoubleBuffer (OzoneManagerDoubleBuffer.java:flushTransactions(385)) - OMDoubleBuffer flush thread OMDoubleBufferFlushThread is interrupted and will exit.
2022-09-12 01:23:54,071 [Listener at 127.0.0.1/42815] INFO  server.RaftServer$Division (ServerState.java:close(429)) - omNode-bootstrap-2@group-0AAC5367B30E: closes. applyIndex: 11
2022-09-12 01:23:54,071 [omNode-bootstrap-2@group-0AAC5367B30E-SegmentedRaftLogWorker] INFO  segmented.SegmentedRaftLogWorker (SegmentedRaftLogWorker.java:run(336)) - omNode-bootstrap-2@group-0AAC5367B30E-SegmentedRaftLogWorker was interrupted, exiting. There are 0 tasks remaining in the queue.
2022-09-12 01:23:54,072 [Listener at 127.0.0.1/42815] INFO  segmented.SegmentedRaftLogWorker (SegmentedRaftLogWorker.java:close(246)) - omNode-bootstrap-2@group-0AAC5367B30E-SegmentedRaftLogWorker close()
2022-09-12 01:23:54,074 [Listener at 127.0.0.1/42815] INFO  server.GrpcService (GrpcService.java:closeImpl(269)) - omNode-bootstrap-2: shutdown server with port 35737 now
2022-09-12 01:23:54,075 [Listener at 127.0.0.1/42815] INFO  server.GrpcService (GrpcService.java:closeImpl(278)) - omNode-bootstrap-2: shutdown server with port 35737 successfully
2022-09-12 01:23:54,075 [org.apache.ratis.util.JvmPauseMonitor$$Lambda$605/1445225850@40330cb1] INFO  util.JvmPauseMonitor (JvmPauseMonitor.java:run(109)) - JvmPauseMonitor-omNode-bootstrap-2: Stopped
2022-09-12 01:23:54,075 [Listener at 127.0.0.1/42815] INFO  ratis.OzoneManagerStateMachine (OzoneManagerStateMachine.java:close(495)) - StateMachine has shutdown. Shutdown OzoneManager if not already shutdown.
2022-09-12 01:23:54,075 [Listener at 127.0.0.1/42815] INFO  ratis.OzoneManagerDoubleBuffer (OzoneManagerDoubleBuffer.java:stop(478)) - OMDoubleBuffer flush thread is not running.
2022-09-12 01:23:54,075 [Listener at 127.0.0.1/42815] INFO  utils.BackgroundService (BackgroundService.java:shutdown(141)) - Shutting down service KeyDeletingService
2022-09-12 01:23:54,075 [Listener at 127.0.0.1/42815] INFO  utils.BackgroundService (BackgroundService.java:shutdown(141)) - Shutting down service DirectoryDeletingService
2022-09-12 01:23:54,076 [Listener at 127.0.0.1/42815] INFO  utils.BackgroundService (BackgroundService.java:shutdown(141)) - Shutting down service OpenKeyCleanupService
2022-09-12 01:23:54,077 [Listener at 127.0.0.1/42815] INFO  handler.ContextHandler (ContextHandler.java:doStop(1153)) - Stopped o.e.j.w.WebAppContext@4ebdcc8a{ozoneManager,/,null,STOPPED}{file:/home/runner/work/ozone/ozone/hadoop-ozone/integration-test/target/test-classes/webapps/ozoneManager}
2022-09-12 01:23:54,077 [Listener at 127.0.0.1/42815] INFO  server.AbstractConnector (AbstractConnector.java:doStop(381)) - Stopped ServerConnector@66c67868{HTTP/1.1, (http/1.1)}{0.0.0.0:33205}
2022-09-12 01:23:54,077 [Listener at 127.0.0.1/42815] INFO  server.session (HouseKeeper.java:stopScavenging(149)) - node0 Stopped scavenging
2022-09-12 01:23:54,078 [Listener at 127.0.0.1/42815] INFO  handler.ContextHandler (ContextHandler.java:doStop(1153)) - Stopped o.e.j.s.ServletContextHandler@2221e3df{static,/static,file:///home/runner/work/ozone/ozone/hadoop-ozone/integration-test/target/test-classes/webapps/static,STOPPED}
2022-09-12 01:23:54,078 [Listener at 127.0.0.1/42815] INFO  handler.ContextHandler (ContextHandler.java:doStop(1153)) - Stopped o.e.j.s.ServletContextHandler@3ba1113e{logs,/logs,file:///home/runner/work/ozone/ozone/hadoop-ozone/integration-test/target/log,STOPPED}
2022-09-12 01:23:54,080 [Listener at 127.0.0.1/42815] INFO  ozone.MiniOzoneHAClusterImpl (MiniOzoneHAClusterImpl.java:stop(320)) - Stopping the StorageContainerManager 2b79d285-0efa-4274-b3fd-87c8ffd2a623
2022-09-12 01:23:54,080 [Listener at 127.0.0.1/42815] INFO  server.StorageContainerManager (StorageContainerManager.java:stop(1528)) - Container Balancer is not running.
2022-09-12 01:23:54,080 [Listener at 127.0.0.1/42815] INFO  server.StorageContainerManager (StorageContainerManager.java:stop(1535)) - Stopping Replication Manager Service.
2022-09-12 01:23:54,080 [Listener at 127.0.0.1/42815] INFO  replication.ReplicationManager (ReplicationManager.java:stop(252)) - Stopping Replication Monitor Thread.
2022-09-12 01:23:54,080 [Listener at 127.0.0.1/42815] INFO  server.StorageContainerManager (StorageContainerManager.java:stop(1542)) - Stopping the Datanode Admin Monitor.
2022-09-12 01:23:54,081 [Over Replicated Processor] WARN  replication.OverReplicatedProcessor (OverReplicatedProcessor.java:run(137)) - Over Replicated Processor interrupted. Exiting...
2022-09-12 01:23:54,081 [Listener at 127.0.0.1/42815] INFO  server.StorageContainerManager (StorageContainerManager.java:stop(1549)) - Stopping Lease Manager of the command watchers
2022-09-12 01:23:54,081 [ReplicationMonitor] INFO  replication.ReplicationManager (ReplicationManager.java:run(574)) - Replication Monitor Thread is stopped
2022-09-12 01:23:54,080 [Under Replicated Processor] WARN  replication.UnderReplicatedProcessor (UnderReplicatedProcessor.java:run(148)) - Under Replicated Processor interrupted. Exiting...
2022-09-12 01:23:54,081 [Listener at 127.0.0.1/42815] INFO  server.StorageContainerManager (StorageContainerManager.java:stop(1556)) - Stopping datanode service RPC server
2022-09-12 01:23:54,081 [Listener at 127.0.0.1/42815] INFO  server.SCMDatanodeProtocolServer (SCMDatanodeProtocolServer.java:stop(414)) - Stopping the RPC server for DataNodes
2022-09-12 01:23:54,081 [Listener at 127.0.0.1/42815] INFO  ipc.Server (Server.java:stop(3414)) - Stopping server on 40693
2022-09-12 01:23:54,084 [IPC Server listener on 40693] INFO  ipc.Server (Server.java:run(1376)) - Stopping IPC Server listener on 40693
2022-09-12 01:23:54,090 [IPC Server Responder] INFO  ipc.Server (Server.java:run(1512)) - Stopping IPC Server Responder
2022-09-12 01:23:54,106 [EndpointStateMachine task thread for /127.0.0.1:40693 - 0 ] WARN  statemachine.EndpointStateMachine (EndpointStateMachine.java:logIfNeeded(241)) - Unable to communicate to SCM server at 127.0.0.1:40693 for past 0 seconds.
java.io.EOFException: End of File Exception between local host is: "fv-az167-317/10.1.0.12"; destination host is: "localhost":40693; : java.io.EOFException; For more details see:  http://wiki.apache.org/hadoop/EOFException
	at sun.reflect.NativeConstructorAccessorImpl.newInstance0(Native Method)
	at sun.reflect.NativeConstructorAccessorImpl.newInstance(NativeConstructorAccessorImpl.java:62)
	at sun.reflect.DelegatingConstructorAccessorImpl.newInstance(DelegatingConstructorAccessorImpl.java:45)
	at java.lang.reflect.Constructor.newInstance(Constructor.java:423)
	at org.apache.hadoop.net.NetUtils.wrapWithMessage(NetUtils.java:913)
	at org.apache.hadoop.net.NetUtils.wrapException(NetUtils.java:862)
	at org.apache.hadoop.ipc.Client.getRpcResponse(Client.java:1577)
	at org.apache.hadoop.ipc.Client.call(Client.java:1519)
	at org.apache.hadoop.ipc.Client.call(Client.java:1416)
	at org.apache.hadoop.ipc.ProtobufRpcEngine$Invoker.invoke(ProtobufRpcEngine.java:236)
	at org.apache.hadoop.ipc.ProtobufRpcEngine$Invoker.invoke(ProtobufRpcEngine.java:123)
	at com.sun.proxy.$Proxy52.submitRequest(Unknown Source)
	at org.apache.hadoop.ozone.protocolPB.StorageContainerDatanodeProtocolClientSideTranslatorPB.submitRequest(StorageContainerDatanodeProtocolClientSideTranslatorPB.java:117)
	at org.apache.hadoop.ozone.protocolPB.StorageContainerDatanodeProtocolClientSideTranslatorPB.sendHeartbeat(StorageContainerDatanodeProtocolClientSideTranslatorPB.java:149)
	at org.apache.hadoop.ozone.container.common.states.endpoint.HeartbeatEndpointTask.call(HeartbeatEndpointTask.java:185)
	at org.apache.hadoop.ozone.container.common.states.endpoint.HeartbeatEndpointTask.call(HeartbeatEndpointTask.java:87)
	at java.util.concurrent.FutureTask.run(FutureTask.java:266)
	at java.util.concurrent.ThreadPoolExecutor.runWorker(ThreadPoolExecutor.java:1149)
	at java.util.concurrent.ThreadPoolExecutor$Worker.run(ThreadPoolExecutor.java:624)
	at java.lang.Thread.run(Thread.java:750)
Caused by: java.io.EOFException
	at java.io.DataInputStream.readInt(DataInputStream.java:392)
	at org.apache.hadoop.ipc.Client$IpcStreams.readResponse(Client.java:1892)
	at org.apache.hadoop.ipc.Client$Connection.receiveRpcResponse(Client.java:1202)
	at org.apache.hadoop.ipc.Client$Connection.run(Client.java:1098)
2022-09-12 01:23:55,696 [EndpointStateMachine task thread for /127.0.0.1:40693 - 0 ] INFO  ipc.Client (Client.java:handleConnectionFailure(977)) - Retrying connect to server: localhost/127.0.0.1:40693. Already tried 0 time(s); retry policy is RetryUpToMaximumCountWithFixedSleep(maxRetries=15, sleepTime=1000 MILLISECONDS)
2022-09-12 01:23:56,698 [EndpointStateMachine task thread for /127.0.0.1:40693 - 0 ] INFO  ipc.Client (Client.java:handleConnectionFailure(977)) - Retrying connect to server: localhost/127.0.0.1:40693. Already tried 1 time(s); retry policy is RetryUpToMaximumCountWithFixedSleep(maxRetries=15, sleepTime=1000 MILLISECONDS)
2022-09-12 01:23:56,962 [SCM Heartbeat Processing Thread - 0] WARN  node.NodeStateManager (NodeStateManager.java:scheduleNextHealthCheck(870)) - Current Thread is interrupted, shutting down HB processing thread for Node Manager.
2022-09-12 01:23:56,963 [Listener at 127.0.0.1/42815] INFO  server.StorageContainerManager (StorageContainerManager.java:stop(1564)) - Stopping block service RPC server
2022-09-12 01:23:56,963 [Listener at 127.0.0.1/42815] INFO  server.SCMBlockProtocolServer (SCMBlockProtocolServer.java:stop(161)) - Stopping the RPC server for Block Protocol
2022-09-12 01:23:56,963 [Listener at 127.0.0.1/42815] INFO  ipc.Server (Server.java:stop(3414)) - Stopping server on 35481
2022-09-12 01:23:56,970 [IPC Server listener on 35481] INFO  ipc.Server (Server.java:run(1376)) - Stopping IPC Server listener on 35481
2022-09-12 01:23:56,971 [IPC Server Responder] INFO  ipc.Server (Server.java:run(1512)) - Stopping IPC Server Responder
2022-09-12 01:23:56,971 [Listener at 127.0.0.1/42815] INFO  server.StorageContainerManager (StorageContainerManager.java:stop(1571)) - Stopping the StorageContainerLocationProtocol RPC server
2022-09-12 01:23:56,972 [Listener at 127.0.0.1/42815] INFO  server.SCMClientProtocolServer (SCMClientProtocolServer.java:stop(179)) - Stopping the RPC server for Client Protocol
2022-09-12 01:23:56,972 [Listener at 127.0.0.1/42815] INFO  ipc.Server (Server.java:stop(3414)) - Stopping server on 42673
2022-09-12 01:23:56,977 [Listener at 127.0.0.1/42815] INFO  server.StorageContainerManager (StorageContainerManager.java:stop(1578)) - Stopping Storage Container Manager HTTP server.
2022-09-12 01:23:56,978 [Listener at 127.0.0.1/42815] INFO  handler.ContextHandler (ContextHandler.java:doStop(1153)) - Stopped o.e.j.w.WebAppContext@3d00c2ae{scm,/,null,STOPPED}{file:/home/runner/work/ozone/ozone/hadoop-ozone/integration-test/target/test-classes/webapps/scm}
2022-09-12 01:23:56,978 [IPC Server Responder] INFO  ipc.Server (Server.java:run(1512)) - Stopping IPC Server Responder
2022-09-12 01:23:56,978 [IPC Server listener on 42673] INFO  ipc.Server (Server.java:run(1376)) - Stopping IPC Server listener on 42673
2022-09-12 01:23:56,979 [Listener at 127.0.0.1/42815] INFO  server.AbstractConnector (AbstractConnector.java:doStop(381)) - Stopped ServerConnector@571b4bf6{HTTP/1.1, (http/1.1)}{0.0.0.0:37215}
2022-09-12 01:23:56,980 [Listener at 127.0.0.1/42815] INFO  server.session (HouseKeeper.java:stopScavenging(149)) - node0 Stopped scavenging
2022-09-12 01:23:56,980 [Listener at 127.0.0.1/42815] INFO  handler.ContextHandler (ContextHandler.java:doStop(1153)) - Stopped o.e.j.s.ServletContextHandler@6bf2ecbb{static,/static,file:///home/runner/work/ozone/ozone/hadoop-ozone/integration-test/target/test-classes/webapps/static,STOPPED}
2022-09-12 01:23:56,980 [Listener at 127.0.0.1/42815] INFO  handler.ContextHandler (ContextHandler.java:doStop(1153)) - Stopped o.e.j.s.ServletContextHandler@77350382{logs,/logs,file:///home/runner/work/ozone/ozone/hadoop-ozone/integration-test/target/log,STOPPED}
2022-09-12 01:23:56,980 [Listener at 127.0.0.1/42815] INFO  server.StorageContainerManager (StorageContainerManager.java:stop(1584)) - Stopping SCM LayoutVersionManager Service.
2022-09-12 01:23:56,981 [Listener at 127.0.0.1/42815] INFO  server.StorageContainerManager (StorageContainerManager.java:stop(1592)) - Stopping Block Manager Service.
2022-09-12 01:23:56,981 [Listener at 127.0.0.1/42815] INFO  utils.BackgroundService (BackgroundService.java:shutdown(141)) - Shutting down service SCMBlockDeletingService
2022-09-12 01:23:56,981 [Listener at 127.0.0.1/42815] INFO  utils.BackgroundService (BackgroundService.java:shutdown(141)) - Shutting down service SCMBlockDeletingService
2022-09-12 01:23:56,981 [Listener at 127.0.0.1/42815] INFO  server.StorageContainerManager (StorageContainerManager.java:stop(1619)) - Stopping SCM Event Queue.
2022-09-12 01:23:56,983 [Listener at 127.0.0.1/42815] INFO  server.StorageContainerManager (StorageContainerManager.java:stop(1630)) - Stopping SCM HA services.
2022-09-12 01:23:56,983 [Listener at 127.0.0.1/42815] INFO  ha.SCMRatisServerImpl (SCMRatisServerImpl.java:stop(237)) - stopping ratis server 0.0.0.0:37003
2022-09-12 01:23:56,983 [Listener at 127.0.0.1/42815] INFO  server.RaftServer (RaftServerProxy.java:lambda$close$7(398)) - 2b79d285-0efa-4274-b3fd-87c8ffd2a623: close
2022-09-12 01:23:56,983 [Listener at 127.0.0.1/42815] INFO  server.RaftServer$Division (RaftServerImpl.java:lambda$close$4(434)) - 2b79d285-0efa-4274-b3fd-87c8ffd2a623@group-392DE73F1C7A: shutdown
2022-09-12 01:23:56,984 [Listener at 127.0.0.1/42815] INFO  util.JmxRegister (JmxRegister.java:unregister(73)) - Successfully un-registered JMX Bean with object name Ratis:service=RaftServer,group=group-392DE73F1C7A,id=2b79d285-0efa-4274-b3fd-87c8ffd2a623
2022-09-12 01:23:56,984 [Listener at 127.0.0.1/42815] INFO  impl.RoleInfo (RoleInfo.java:shutdownLeaderState(93)) - 2b79d285-0efa-4274-b3fd-87c8ffd2a623: shutdown 2b79d285-0efa-4274-b3fd-87c8ffd2a623@group-392DE73F1C7A-LeaderStateImpl
2022-09-12 01:23:56,984 [Listener at 127.0.0.1/42815] INFO  impl.PendingRequests (PendingRequests.java:sendNotLeaderResponses(282)) - 2b79d285-0efa-4274-b3fd-87c8ffd2a623@group-392DE73F1C7A-PendingRequests: sendNotLeaderResponses
2022-09-12 01:23:56,984 [Listener at 127.0.0.1/42815] INFO  ha.SCMStateMachine (SCMStateMachine.java:notifyNotLeader(190)) - current leader SCM steps down.
2022-09-12 01:23:56,984 [Listener at 127.0.0.1/42815] INFO  ha.SCMContext (SCMContext.java:updateLeaderAndTerm(99)) - update <isLeader,term> from <true,2> to <false,0>
2022-09-12 01:23:56,984 [Listener at 127.0.0.1/42815] INFO  ha.SCMContext (SCMContext.java:updateLeaderAndTerm(106)) - update <isLeaderReady> from <false> to <false>
2022-09-12 01:23:56,985 [Listener at 127.0.0.1/42815] INFO  BackgroundPipelineScrubber (BackgroundSCMService.java:notifyStatusChanged(88)) - Service BackgroundPipelineScrubber transitions to PAUSING.
2022-09-12 01:23:56,985 [Listener at 127.0.0.1/42815] INFO  ExpiredContainerReplicaOpScrubber (BackgroundSCMService.java:notifyStatusChanged(88)) - Service ExpiredContainerReplicaOpScrubber transitions to PAUSING.
2022-09-12 01:23:56,987 [2b79d285-0efa-4274-b3fd-87c8ffd2a623@group-392DE73F1C7A-StateMachineUpdater] INFO  ha.SCMStateMachine (SCMStateMachine.java:takeSnapshot(297)) - Current Snapshot Index 30, takeSnapshot took 1 ms
2022-09-12 01:23:56,987 [2b79d285-0efa-4274-b3fd-87c8ffd2a623@group-392DE73F1C7A-StateMachineUpdater] INFO  impl.StateMachineUpdater (StateMachineUpdater.java:takeSnapshot(287)) - 2b79d285-0efa-4274-b3fd-87c8ffd2a623@group-392DE73F1C7A-StateMachineUpdater: Took a snapshot at index 30
2022-09-12 01:23:56,987 [Listener at 127.0.0.1/42815] INFO  impl.StateMachineUpdater (StateMachineUpdater.java:stopAndJoin(153)) - 2b79d285-0efa-4274-b3fd-87c8ffd2a623@group-392DE73F1C7A-StateMachineUpdater: set stopIndex = 30
2022-09-12 01:23:56,987 [2b79d285-0efa-4274-b3fd-87c8ffd2a623@group-392DE73F1C7A-StateMachineUpdater] INFO  impl.StateMachineUpdater (StateMachineUpdater.java:lambda$new$0(92)) - 2b79d285-0efa-4274-b3fd-87c8ffd2a623@group-392DE73F1C7A-StateMachineUpdater: snapshotIndex: updateIncreasingly -1 -> 30
2022-09-12 01:23:56,987 [2b79d285-0efa-4274-b3fd-87c8ffd2a623@group-392DE73F1C7A-StateMachineUpdater] INFO  server.StorageContainerManager (StorageContainerManager.java:stop(1528)) - Container Balancer is not running.
2022-09-12 01:23:56,987 [2b79d285-0efa-4274-b3fd-87c8ffd2a623@group-392DE73F1C7A-StateMachineUpdater] INFO  server.StorageContainerManager (StorageContainerManager.java:stop(1535)) - Stopping Replication Manager Service.
2022-09-12 01:23:56,987 [2b79d285-0efa-4274-b3fd-87c8ffd2a623@group-392DE73F1C7A-StateMachineUpdater] INFO  replication.ReplicationManager (ReplicationManager.java:stop(260)) - Replication Monitor Thread is not running.
2022-09-12 01:23:56,987 [2b79d285-0efa-4274-b3fd-87c8ffd2a623@group-392DE73F1C7A-StateMachineUpdater] INFO  server.StorageContainerManager (StorageContainerManager.java:stop(1542)) - Stopping the Datanode Admin Monitor.
2022-09-12 01:23:56,987 [2b79d285-0efa-4274-b3fd-87c8ffd2a623@group-392DE73F1C7A-StateMachineUpdater] INFO  server.StorageContainerManager (StorageContainerManager.java:stop(1549)) - Stopping Lease Manager of the command watchers
2022-09-12 01:23:56,987 [2b79d285-0efa-4274-b3fd-87c8ffd2a623@group-392DE73F1C7A-StateMachineUpdater] ERROR server.StorageContainerManager (StorageContainerManager.java:stop(1552)) - Lease Manager of the command watchers stop failed
2022-09-12 01:23:56,987 [2b79d285-0efa-4274-b3fd-87c8ffd2a623@group-392DE73F1C7A-StateMachineUpdater] INFO  server.StorageContainerManager (StorageContainerManager.java:stop(1556)) - Stopping datanode service RPC server
2022-09-12 01:23:56,987 [2b79d285-0efa-4274-b3fd-87c8ffd2a623@group-392DE73F1C7A-StateMachineUpdater] INFO  server.SCMDatanodeProtocolServer (SCMDatanodeProtocolServer.java:stop(414)) - Stopping the RPC server for DataNodes
2022-09-12 01:23:56,988 [2b79d285-0efa-4274-b3fd-87c8ffd2a623@group-392DE73F1C7A-StateMachineUpdater] INFO  ipc.Server (Server.java:stop(3414)) - Stopping server on 40693
2022-09-12 01:23:56,988 [2b79d285-0efa-4274-b3fd-87c8ffd2a623@group-392DE73F1C7A-StateMachineUpdater] INFO  server.StorageContainerManager (StorageContainerManager.java:stop(1564)) - Stopping block service RPC server
2022-09-12 01:23:56,989 [2b79d285-0efa-4274-b3fd-87c8ffd2a623@group-392DE73F1C7A-StateMachineUpdater] INFO  server.SCMBlockProtocolServer (SCMBlockProtocolServer.java:stop(161)) - Stopping the RPC server for Block Protocol
2022-09-12 01:23:56,989 [2b79d285-0efa-4274-b3fd-87c8ffd2a623@group-392DE73F1C7A-StateMachineUpdater] INFO  ipc.Server (Server.java:stop(3414)) - Stopping server on 35481
2022-09-12 01:23:56,989 [2b79d285-0efa-4274-b3fd-87c8ffd2a623@group-392DE73F1C7A-StateMachineUpdater] INFO  server.StorageContainerManager (StorageContainerManager.java:stop(1571)) - Stopping the StorageContainerLocationProtocol RPC server
2022-09-12 01:23:56,989 [2b79d285-0efa-4274-b3fd-87c8ffd2a623@group-392DE73F1C7A-StateMachineUpdater] INFO  server.SCMClientProtocolServer (SCMClientProtocolServer.java:stop(179)) - Stopping the RPC server for Client Protocol
2022-09-12 01:23:56,989 [2b79d285-0efa-4274-b3fd-87c8ffd2a623@group-392DE73F1C7A-StateMachineUpdater] INFO  ipc.Server (Server.java:stop(3414)) - Stopping server on 42673
2022-09-12 01:23:56,989 [2b79d285-0efa-4274-b3fd-87c8ffd2a623@group-392DE73F1C7A-StateMachineUpdater] INFO  server.StorageContainerManager (StorageContainerManager.java:stop(1578)) - Stopping Storage Container Manager HTTP server.
2022-09-12 01:23:56,989 [2b79d285-0efa-4274-b3fd-87c8ffd2a623@group-392DE73F1C7A-StateMachineUpdater] INFO  server.StorageContainerManager (StorageContainerManager.java:stop(1584)) - Stopping SCM LayoutVersionManager Service.
2022-09-12 01:23:56,989 [2b79d285-0efa-4274-b3fd-87c8ffd2a623@group-392DE73F1C7A-StateMachineUpdater] INFO  server.StorageContainerManager (StorageContainerManager.java:stop(1592)) - Stopping Block Manager Service.
2022-09-12 01:23:56,989 [2b79d285-0efa-4274-b3fd-87c8ffd2a623@group-392DE73F1C7A-StateMachineUpdater] INFO  utils.BackgroundService (BackgroundService.java:shutdown(141)) - Shutting down service SCMBlockDeletingService
2022-09-12 01:23:56,990 [2b79d285-0efa-4274-b3fd-87c8ffd2a623@group-392DE73F1C7A-StateMachineUpdater] INFO  utils.BackgroundService (BackgroundService.java:shutdown(141)) - Shutting down service SCMBlockDeletingService
2022-09-12 01:23:56,990 [2b79d285-0efa-4274-b3fd-87c8ffd2a623@group-392DE73F1C7A-StateMachineUpdater] INFO  server.StorageContainerManager (StorageContainerManager.java:stop(1619)) - Stopping SCM Event Queue.
2022-09-12 01:23:56,990 [2b79d285-0efa-4274-b3fd-87c8ffd2a623@group-392DE73F1C7A-StateMachineUpdater] INFO  server.StorageContainerManager (StorageContainerManager.java:stop(1630)) - Stopping SCM HA services.
2022-09-12 01:23:56,990 [2b79d285-0efa-4274-b3fd-87c8ffd2a623@group-392DE73F1C7A-StateMachineUpdater] INFO  ha.SCMRatisServerImpl (SCMRatisServerImpl.java:stop(237)) - stopping ratis server 0.0.0.0:37003
2022-09-12 01:23:56,990 [org.apache.ratis.util.JvmPauseMonitor$$Lambda$605/1445225850@155767a7] INFO  util.JvmPauseMonitor (JvmPauseMonitor.java:run(109)) - JvmPauseMonitor-2b79d285-0efa-4274-b3fd-87c8ffd2a623: Stopped
2022-09-12 01:23:56,990 [2b79d285-0efa-4274-b3fd-87c8ffd2a623@group-392DE73F1C7A-StateMachineUpdater] INFO  pipeline.BackgroundPipelineCreator (BackgroundPipelineCreator.java:stop(149)) - Stopping RatisPipelineUtilsThread.
2022-09-12 01:23:56,991 [RatisPipelineUtilsThread - 0] WARN  pipeline.BackgroundPipelineCreator (BackgroundPipelineCreator.java:run(180)) - RatisPipelineUtilsThread is interrupted.
2022-09-12 01:23:56,991 [2b79d285-0efa-4274-b3fd-87c8ffd2a623@group-392DE73F1C7A-StateMachineUpdater] INFO  BackgroundPipelineScrubber (BackgroundSCMService.java:stop(131)) - Stopping BackgroundPipelineScrubber Service.
2022-09-12 01:23:56,991 [BackgroundPipelineScrubberThread] WARN  BackgroundPipelineScrubber (BackgroundSCMService.java:run(115)) - BackgroundPipelineScrubber is interrupted, exit
2022-09-12 01:23:56,992 [2b79d285-0efa-4274-b3fd-87c8ffd2a623@group-392DE73F1C7A-StateMachineUpdater] INFO  server.StorageContainerManager (StorageContainerManager.java:stop(1640)) - Stopping SCM MetadataStore.
2022-09-12 01:23:56,994 [2b79d285-0efa-4274-b3fd-87c8ffd2a623@group-392DE73F1C7A-StateMachineUpdater] INFO  impl.MetricsSystemImpl (MetricsSystemImpl.java:stop(210)) - Stopping OzoneManager metrics system...
2022-09-12 01:23:56,998 [prometheus] INFO  impl.MetricsSinkAdapter (MetricsSinkAdapter.java:publishMetricsFromQueue(141)) - prometheus thread interrupted.
2022-09-12 01:23:56,999 [2b79d285-0efa-4274-b3fd-87c8ffd2a623@group-392DE73F1C7A-StateMachineUpdater] INFO  impl.MetricsSystemImpl (MetricsSystemImpl.java:stop(216)) - OzoneManager metrics system stopped.
2022-09-12 01:23:57,000 [2b79d285-0efa-4274-b3fd-87c8ffd2a623@group-392DE73F1C7A-StateMachineUpdater] ERROR server.StorageContainerManager (ExitUtils.java:terminate(133)) - Terminating with exit status 1: scm statemachine is closed by ratis, terminate SCM
2022-09-12 01:23:57,000 [2b79d285-0efa-4274-b3fd-87c8ffd2a623@group-392DE73F1C7A-StateMachineUpdater] WARN  impl.StateMachineUpdater (StateMachineUpdater.java:stop(137)) - 2b79d285-0efa-4274-b3fd-87c8ffd2a623@group-392DE73F1C7A-StateMachineUpdater: Failed to close SCMStateMachine SCMStateMachine:2b79d285-0efa-4274-b3fd-87c8ffd2a623:group-392DE73F1C7A
org.apache.ratis.util.ExitUtils$ExitException: scm statemachine is closed by ratis, terminate SCM
	at org.apache.ratis.util.ExitUtils.terminate(ExitUtils.java:141)
	at org.apache.ratis.util.ExitUtils.terminate(ExitUtils.java:151)
	at org.apache.ratis.util.ExitUtils.terminate(ExitUtils.java:155)
	at org.apache.hadoop.hdds.scm.server.StorageContainerManager.shutDown(StorageContainerManager.java:1656)
	at org.apache.hadoop.hdds.scm.ha.SCMStateMachine.close(SCMStateMachine.java:403)
	at org.apache.ratis.server.impl.StateMachineUpdater.stop(StateMachineUpdater.java:134)
	at org.apache.ratis.server.impl.StateMachineUpdater.run(StateMachineUpdater.java:187)
	at java.lang.Thread.run(Thread.java:750)
2022-09-12 01:23:57,000 [Listener at 127.0.0.1/42815] INFO  server.RaftServer$Division (ServerState.java:close(429)) - 2b79d285-0efa-4274-b3fd-87c8ffd2a623@group-392DE73F1C7A: closes. applyIndex: 30
2022-09-12 01:23:57,001 [2b79d285-0efa-4274-b3fd-87c8ffd2a623@group-392DE73F1C7A-SegmentedRaftLogWorker] INFO  segmented.SegmentedRaftLogWorker (SegmentedRaftLogWorker.java:run(336)) - 2b79d285-0efa-4274-b3fd-87c8ffd2a623@group-392DE73F1C7A-SegmentedRaftLogWorker was interrupted, exiting. There are 0 tasks remaining in the queue.
2022-09-12 01:23:57,002 [Listener at 127.0.0.1/42815] INFO  segmented.SegmentedRaftLogWorker (SegmentedRaftLogWorker.java:close(246)) - 2b79d285-0efa-4274-b3fd-87c8ffd2a623@group-392DE73F1C7A-SegmentedRaftLogWorker close()
2022-09-12 01:23:57,003 [Listener at 127.0.0.1/42815] INFO  server.GrpcService (GrpcService.java:closeImpl(269)) - 2b79d285-0efa-4274-b3fd-87c8ffd2a623: shutdown server with port 37003 now
2022-09-12 01:23:57,003 [Listener at 127.0.0.1/42815] INFO  server.GrpcService (GrpcService.java:closeImpl(278)) - 2b79d285-0efa-4274-b3fd-87c8ffd2a623: shutdown server with port 37003 successfully
2022-09-12 01:23:57,004 [Listener at 127.0.0.1/42815] WARN  pipeline.BackgroundPipelineCreator (BackgroundPipelineCreator.java:stop(145)) - RatisPipelineUtilsThread is not running, just ignore.
2022-09-12 01:23:57,004 [Listener at 127.0.0.1/42815] INFO  BackgroundPipelineScrubber (BackgroundSCMService.java:stop(126)) - BackgroundPipelineScrubber Service is not running, skip stop.
2022-09-12 01:23:57,004 [Listener at 127.0.0.1/42815] INFO  server.StorageContainerManager (StorageContainerManager.java:stop(1640)) - Stopping SCM MetadataStore.
2022-09-12 01:23:57,004 [Listener at 127.0.0.1/42815] INFO  impl.MetricsSystemImpl (MetricsSystemImpl.java:stop(205)) - OzoneManager metrics system stopped (again)
2022-09-12 01:23:57,004 [Listener at 127.0.0.1/42815] INFO  ozone.MiniOzoneClusterImpl (MiniOzoneClusterImpl.java:stop(463)) - Stopping the Mini Ozone Cluster
2022-09-12 01:23:57,004 [Listener at 127.0.0.1/42815] INFO  ozone.MiniOzoneClusterImpl (MiniOzoneClusterImpl.java:stopDatanodes(522)) - Stopping the HddsDatanodes
2022-09-12 01:23:57,025 [Datanode State Machine Daemon Thread] WARN  statemachine.StateContext (StateContext.java:setState(252)) - Ignore disallowed transition from SHUTDOWN to RUNNING
2022-09-12 01:23:57,696 [Datanode State Machine Daemon Thread] WARN  statemachine.StateContext (StateContext.java:setState(252)) - Ignore disallowed transition from SHUTDOWN to RUNNING
2022-09-12 01:23:57,699 [EndpointStateMachine task thread for /127.0.0.1:40693 - 0 ] INFO  ipc.Client (Client.java:handleConnectionFailure(977)) - Retrying connect to server: localhost/127.0.0.1:40693. Already tried 2 time(s); retry policy is RetryUpToMaximumCountWithFixedSleep(maxRetries=15, sleepTime=1000 MILLISECONDS)
2022-09-12 01:23:58,699 [EndpointStateMachine task thread for /127.0.0.1:40693 - 0 ] INFO  ipc.Client (Client.java:handleConnectionFailure(977)) - Retrying connect to server: localhost/127.0.0.1:40693. Already tried 3 time(s); retry policy is RetryUpToMaximumCountWithFixedSleep(maxRetries=15, sleepTime=1000 MILLISECONDS)
2022-09-12 01:23:59,700 [EndpointStateMachine task thread for /127.0.0.1:40693 - 0 ] INFO  ipc.Client (Client.java:handleConnectionFailure(977)) - Retrying connect to server: localhost/127.0.0.1:40693. Already tried 4 time(s); retry policy is RetryUpToMaximumCountWithFixedSleep(maxRetries=15, sleepTime=1000 MILLISECONDS)
2022-09-12 01:24:00,701 [EndpointStateMachine task thread for /127.0.0.1:40693 - 0 ] INFO  ipc.Client (Client.java:handleConnectionFailure(977)) - Retrying connect to server: localhost/127.0.0.1:40693. Already tried 5 time(s); retry policy is RetryUpToMaximumCountWithFixedSleep(maxRetries=15, sleepTime=1000 MILLISECONDS)
2022-09-12 01:24:01,701 [EndpointStateMachine task thread for /127.0.0.1:40693 - 0 ] INFO  ipc.Client (Client.java:handleConnectionFailure(977)) - Retrying connect to server: localhost/127.0.0.1:40693. Already tried 6 time(s); retry policy is RetryUpToMaximumCountWithFixedSleep(maxRetries=15, sleepTime=1000 MILLISECONDS)
2022-09-12 01:24:02,006 [Listener at 127.0.0.1/42815] INFO  ozoneimpl.OzoneContainer (OzoneContainer.java:stop(400)) - Attempting to stop container services.
2022-09-12 01:24:02,006 [ForkJoinPool.commonPool-worker-1] INFO  ozoneimpl.OzoneContainer (OzoneContainer.java:stop(400)) - Attempting to stop container services.
2022-09-12 01:24:02,006 [ForkJoinPool.commonPool-worker-1] INFO  server.RaftServer (RaftServerProxy.java:lambda$close$7(398)) - 03103273-3843-43f1-ae6a-2bbd7b09cada: close
2022-09-12 01:24:02,006 [ForkJoinPool.commonPool-worker-1] INFO  server.RaftServer$Division (RaftServerImpl.java:lambda$close$4(434)) - 03103273-3843-43f1-ae6a-2bbd7b09cada@group-44697FC21621: shutdown
2022-09-12 01:24:02,006 [Listener at 127.0.0.1/42815] INFO  server.RaftServer (RaftServerProxy.java:lambda$close$7(398)) - 5a99e102-8acb-41a7-8340-e4a0eed09641: close
2022-09-12 01:24:02,006 [ForkJoinPool.commonPool-worker-1] INFO  util.JmxRegister (JmxRegister.java:unregister(73)) - Successfully un-registered JMX Bean with object name Ratis:service=RaftServer,group=group-44697FC21621,id=03103273-3843-43f1-ae6a-2bbd7b09cada
2022-09-12 01:24:02,007 [Listener at 127.0.0.1/42815] INFO  server.RaftServer$Division (RaftServerImpl.java:lambda$close$4(434)) - 5a99e102-8acb-41a7-8340-e4a0eed09641@group-04D68DF0D129: shutdown
2022-09-12 01:24:02,007 [ForkJoinPool.commonPool-worker-1] INFO  impl.RoleInfo (RoleInfo.java:shutdownLeaderState(93)) - 03103273-3843-43f1-ae6a-2bbd7b09cada: shutdown 03103273-3843-43f1-ae6a-2bbd7b09cada@group-44697FC21621-LeaderStateImpl
2022-09-12 01:24:02,007 [Listener at 127.0.0.1/42815] INFO  util.JmxRegister (JmxRegister.java:unregister(73)) - Successfully un-registered JMX Bean with object name Ratis:service=RaftServer,group=group-04D68DF0D129,id=5a99e102-8acb-41a7-8340-e4a0eed09641
2022-09-12 01:24:02,007 [ForkJoinPool.commonPool-worker-1] INFO  impl.PendingRequests (PendingRequests.java:sendNotLeaderResponses(282)) - 03103273-3843-43f1-ae6a-2bbd7b09cada@group-44697FC21621-PendingRequests: sendNotLeaderResponses
2022-09-12 01:24:02,008 [Listener at 127.0.0.1/42815] INFO  impl.RoleInfo (RoleInfo.java:shutdownLeaderState(93)) - 5a99e102-8acb-41a7-8340-e4a0eed09641: shutdown 5a99e102-8acb-41a7-8340-e4a0eed09641@group-04D68DF0D129-LeaderStateImpl
2022-09-12 01:24:02,010 [Listener at 127.0.0.1/42815] INFO  impl.PendingRequests (PendingRequests.java:sendNotLeaderResponses(282)) - 5a99e102-8acb-41a7-8340-e4a0eed09641@group-04D68DF0D129-PendingRequests: sendNotLeaderResponses
2022-09-12 01:24:02,010 [ForkJoinPool.commonPool-worker-1] INFO  impl.StateMachineUpdater (StateMachineUpdater.java:stopAndJoin(153)) - 03103273-3843-43f1-ae6a-2bbd7b09cada@group-44697FC21621-StateMachineUpdater: set stopIndex = 3
2022-09-12 01:24:02,010 [03103273-3843-43f1-ae6a-2bbd7b09cada@group-44697FC21621-StateMachineUpdater] INFO  ratis.ContainerStateMachine (ContainerStateMachine.java:takeSnapshot(304)) - group-44697FC21621: Taking a snapshot at:(t:1, i:3) file /home/runner/work/ozone/ozone/hadoop-ozone/integration-test/target/test-dir/MiniOzoneClusterImpl-3d4a976f-5e4d-41d2-99e8-392de73f1c7a/datanode-0/data/ratis/43d97049-3253-4fda-a1a3-44697fc21621/sm/snapshot.1_3
2022-09-12 01:24:02,011 [5a99e102-8acb-41a7-8340-e4a0eed09641@group-04D68DF0D129-StateMachineUpdater] INFO  ratis.ContainerStateMachine (ContainerStateMachine.java:takeSnapshot(304)) - group-04D68DF0D129: Taking a snapshot at:(t:1, i:0) file /home/runner/work/ozone/ozone/hadoop-ozone/integration-test/target/test-dir/MiniOzoneClusterImpl-3d4a976f-5e4d-41d2-99e8-392de73f1c7a/datanode-1/data/ratis/759f337b-a9bc-45de-8068-04d68df0d129/sm/snapshot.1_0
2022-09-12 01:24:02,011 [Listener at 127.0.0.1/42815] INFO  impl.StateMachineUpdater (StateMachineUpdater.java:stopAndJoin(153)) - 5a99e102-8acb-41a7-8340-e4a0eed09641@group-04D68DF0D129-StateMachineUpdater: set stopIndex = 0
2022-09-12 01:24:02,037 [5a99e102-8acb-41a7-8340-e4a0eed09641@group-04D68DF0D129-StateMachineUpdater] INFO  ratis.ContainerStateMachine (ContainerStateMachine.java:takeSnapshot(315)) - group-04D68DF0D129: Finished taking a snapshot at:(t:1, i:0) file:/home/runner/work/ozone/ozone/hadoop-ozone/integration-test/target/test-dir/MiniOzoneClusterImpl-3d4a976f-5e4d-41d2-99e8-392de73f1c7a/datanode-1/data/ratis/759f337b-a9bc-45de-8068-04d68df0d129/sm/snapshot.1_0 took: 26 ms
2022-09-12 01:24:02,038 [5a99e102-8acb-41a7-8340-e4a0eed09641@group-04D68DF0D129-StateMachineUpdater] INFO  impl.StateMachineUpdater (StateMachineUpdater.java:takeSnapshot(287)) - 5a99e102-8acb-41a7-8340-e4a0eed09641@group-04D68DF0D129-StateMachineUpdater: Took a snapshot at index 0
2022-09-12 01:24:02,038 [5a99e102-8acb-41a7-8340-e4a0eed09641@group-04D68DF0D129-StateMachineUpdater] INFO  impl.StateMachineUpdater (StateMachineUpdater.java:lambda$new$0(92)) - 5a99e102-8acb-41a7-8340-e4a0eed09641@group-04D68DF0D129-StateMachineUpdater: snapshotIndex: updateIncreasingly -1 -> 0
2022-09-12 01:24:02,039 [Listener at 127.0.0.1/42815] INFO  server.RaftServer$Division (ServerState.java:close(429)) - 5a99e102-8acb-41a7-8340-e4a0eed09641@group-04D68DF0D129: closes. applyIndex: 0
2022-09-12 01:24:02,039 [5a99e102-8acb-41a7-8340-e4a0eed09641@group-04D68DF0D129-SegmentedRaftLogWorker] INFO  segmented.SegmentedRaftLogWorker (SegmentedRaftLogWorker.java:run(336)) - 5a99e102-8acb-41a7-8340-e4a0eed09641@group-04D68DF0D129-SegmentedRaftLogWorker was interrupted, exiting. There are 0 tasks remaining in the queue.
2022-09-12 01:24:02,040 [Listener at 127.0.0.1/42815] INFO  segmented.SegmentedRaftLogWorker (SegmentedRaftLogWorker.java:close(246)) - 5a99e102-8acb-41a7-8340-e4a0eed09641@group-04D68DF0D129-SegmentedRaftLogWorker close()
2022-09-12 01:24:02,040 [03103273-3843-43f1-ae6a-2bbd7b09cada@group-44697FC21621-StateMachineUpdater] INFO  ratis.ContainerStateMachine (ContainerStateMachine.java:takeSnapshot(315)) - group-44697FC21621: Finished taking a snapshot at:(t:1, i:3) file:/home/runner/work/ozone/ozone/hadoop-ozone/integration-test/target/test-dir/MiniOzoneClusterImpl-3d4a976f-5e4d-41d2-99e8-392de73f1c7a/datanode-0/data/ratis/43d97049-3253-4fda-a1a3-44697fc21621/sm/snapshot.1_3 took: 30 ms
2022-09-12 01:24:02,040 [Listener at 127.0.0.1/42815] INFO  server.RaftServer$Division (RaftServerImpl.java:lambda$close$4(434)) - 5a99e102-8acb-41a7-8340-e4a0eed09641@group-7C8174FDAC4C: shutdown
2022-09-12 01:24:02,040 [03103273-3843-43f1-ae6a-2bbd7b09cada@group-44697FC21621-StateMachineUpdater] INFO  impl.StateMachineUpdater (StateMachineUpdater.java:takeSnapshot(287)) - 03103273-3843-43f1-ae6a-2bbd7b09cada@group-44697FC21621-StateMachineUpdater: Took a snapshot at index 3
2022-09-12 01:24:02,041 [Listener at 127.0.0.1/42815] INFO  util.JmxRegister (JmxRegister.java:unregister(73)) - Successfully un-registered JMX Bean with object name Ratis:service=RaftServer,group=group-7C8174FDAC4C,id=5a99e102-8acb-41a7-8340-e4a0eed09641
2022-09-12 01:24:02,041 [Listener at 127.0.0.1/42815] INFO  impl.RoleInfo (RoleInfo.java:shutdownFollowerState(110)) - 5a99e102-8acb-41a7-8340-e4a0eed09641: shutdown 5a99e102-8acb-41a7-8340-e4a0eed09641@group-7C8174FDAC4C-FollowerState
2022-09-12 01:24:02,041 [03103273-3843-43f1-ae6a-2bbd7b09cada@group-44697FC21621-StateMachineUpdater] INFO  impl.StateMachineUpdater (StateMachineUpdater.java:lambda$new$0(92)) - 03103273-3843-43f1-ae6a-2bbd7b09cada@group-44697FC21621-StateMachineUpdater: snapshotIndex: updateIncreasingly -1 -> 3
2022-09-12 01:24:02,041 [5a99e102-8acb-41a7-8340-e4a0eed09641@group-7C8174FDAC4C-FollowerState] INFO  impl.FollowerState (FollowerState.java:run(152)) - 5a99e102-8acb-41a7-8340-e4a0eed09641@group-7C8174FDAC4C-FollowerState was interrupted
2022-09-12 01:24:02,042 [5a99e102-8acb-41a7-8340-e4a0eed09641@group-7C8174FDAC4C-StateMachineUpdater] INFO  ratis.ContainerStateMachine (ContainerStateMachine.java:takeSnapshot(304)) - group-7C8174FDAC4C: Taking a snapshot at:(t:2, i:0) file /home/runner/work/ozone/ozone/hadoop-ozone/integration-test/target/test-dir/MiniOzoneClusterImpl-3d4a976f-5e4d-41d2-99e8-392de73f1c7a/datanode-1/data/ratis/066a907a-b323-4ddf-b488-7c8174fdac4c/sm/snapshot.2_0
2022-09-12 01:24:02,042 [ForkJoinPool.commonPool-worker-1] INFO  server.RaftServer$Division (ServerState.java:close(429)) - 03103273-3843-43f1-ae6a-2bbd7b09cada@group-44697FC21621: closes. applyIndex: 3
2022-09-12 01:24:02,042 [03103273-3843-43f1-ae6a-2bbd7b09cada@group-44697FC21621-SegmentedRaftLogWorker] INFO  segmented.SegmentedRaftLogWorker (SegmentedRaftLogWorker.java:run(336)) - 03103273-3843-43f1-ae6a-2bbd7b09cada@group-44697FC21621-SegmentedRaftLogWorker was interrupted, exiting. There are 0 tasks remaining in the queue.
2022-09-12 01:24:02,041 [Listener at 127.0.0.1/42815] INFO  impl.StateMachineUpdater (StateMachineUpdater.java:stopAndJoin(153)) - 5a99e102-8acb-41a7-8340-e4a0eed09641@group-7C8174FDAC4C-StateMachineUpdater: set stopIndex = 0
2022-09-12 01:24:02,043 [ForkJoinPool.commonPool-worker-1] INFO  segmented.SegmentedRaftLogWorker (SegmentedRaftLogWorker.java:close(246)) - 03103273-3843-43f1-ae6a-2bbd7b09cada@group-44697FC21621-SegmentedRaftLogWorker close()
2022-09-12 01:24:02,043 [5a99e102-8acb-41a7-8340-e4a0eed09641@group-7C8174FDAC4C-StateMachineUpdater] INFO  ratis.ContainerStateMachine (ContainerStateMachine.java:takeSnapshot(315)) - group-7C8174FDAC4C: Finished taking a snapshot at:(t:2, i:0) file:/home/runner/work/ozone/ozone/hadoop-ozone/integration-test/target/test-dir/MiniOzoneClusterImpl-3d4a976f-5e4d-41d2-99e8-392de73f1c7a/datanode-1/data/ratis/066a907a-b323-4ddf-b488-7c8174fdac4c/sm/snapshot.2_0 took: 0 ms
2022-09-12 01:24:02,043 [5a99e102-8acb-41a7-8340-e4a0eed09641@group-7C8174FDAC4C-StateMachineUpdater] INFO  impl.StateMachineUpdater (StateMachineUpdater.java:takeSnapshot(287)) - 5a99e102-8acb-41a7-8340-e4a0eed09641@group-7C8174FDAC4C-StateMachineUpdater: Took a snapshot at index 0
2022-09-12 01:24:02,043 [5a99e102-8acb-41a7-8340-e4a0eed09641@group-7C8174FDAC4C-StateMachineUpdater] INFO  impl.StateMachineUpdater (StateMachineUpdater.java:lambda$new$0(92)) - 5a99e102-8acb-41a7-8340-e4a0eed09641@group-7C8174FDAC4C-StateMachineUpdater: snapshotIndex: updateIncreasingly -1 -> 0
2022-09-12 01:24:02,044 [Listener at 127.0.0.1/42815] INFO  server.RaftServer$Division (ServerState.java:close(429)) - 5a99e102-8acb-41a7-8340-e4a0eed09641@group-7C8174FDAC4C: closes. applyIndex: 0
2022-09-12 01:24:02,044 [5a99e102-8acb-41a7-8340-e4a0eed09641@group-7C8174FDAC4C-SegmentedRaftLogWorker] INFO  segmented.SegmentedRaftLogWorker (SegmentedRaftLogWorker.java:run(336)) - 5a99e102-8acb-41a7-8340-e4a0eed09641@group-7C8174FDAC4C-SegmentedRaftLogWorker was interrupted, exiting. There are 0 tasks remaining in the queue.
2022-09-12 01:24:02,045 [Listener at 127.0.0.1/42815] INFO  segmented.SegmentedRaftLogWorker (SegmentedRaftLogWorker.java:close(246)) - 5a99e102-8acb-41a7-8340-e4a0eed09641@group-7C8174FDAC4C-SegmentedRaftLogWorker close()
2022-09-12 01:24:02,046 [Listener at 127.0.0.1/42815] INFO  server.RaftServer$Division (RaftServerImpl.java:lambda$close$4(434)) - 5a99e102-8acb-41a7-8340-e4a0eed09641@group-4471245E049C: shutdown
2022-09-12 01:24:02,046 [Listener at 127.0.0.1/42815] INFO  util.JmxRegister (JmxRegister.java:unregister(73)) - Successfully un-registered JMX Bean with object name Ratis:service=RaftServer,group=group-4471245E049C,id=5a99e102-8acb-41a7-8340-e4a0eed09641
2022-09-12 01:24:02,046 [Listener at 127.0.0.1/42815] INFO  impl.RoleInfo (RoleInfo.java:shutdownLeaderState(93)) - 5a99e102-8acb-41a7-8340-e4a0eed09641: shutdown 5a99e102-8acb-41a7-8340-e4a0eed09641@group-4471245E049C-LeaderStateImpl
2022-09-12 01:24:02,046 [Listener at 127.0.0.1/42815] INFO  impl.PendingRequests (PendingRequests.java:sendNotLeaderResponses(282)) - 5a99e102-8acb-41a7-8340-e4a0eed09641@group-4471245E049C-PendingRequests: sendNotLeaderResponses
2022-09-12 01:24:02,046 [ForkJoinPool.commonPool-worker-1] INFO  server.RaftServer$Division (RaftServerImpl.java:lambda$close$4(434)) - 03103273-3843-43f1-ae6a-2bbd7b09cada@group-7C8174FDAC4C: shutdown
2022-09-12 01:24:02,046 [ForkJoinPool.commonPool-worker-1] INFO  util.JmxRegister (JmxRegister.java:unregister(73)) - Successfully un-registered JMX Bean with object name Ratis:service=RaftServer,group=group-7C8174FDAC4C,id=03103273-3843-43f1-ae6a-2bbd7b09cada
2022-09-12 01:24:02,047 [ForkJoinPool.commonPool-worker-1] INFO  impl.RoleInfo (RoleInfo.java:shutdownLeaderState(93)) - 03103273-3843-43f1-ae6a-2bbd7b09cada: shutdown 03103273-3843-43f1-ae6a-2bbd7b09cada@group-7C8174FDAC4C-LeaderStateImpl
2022-09-12 01:24:02,047 [ForkJoinPool.commonPool-worker-1] INFO  impl.PendingRequests (PendingRequests.java:sendNotLeaderResponses(282)) - 03103273-3843-43f1-ae6a-2bbd7b09cada@group-7C8174FDAC4C-PendingRequests: sendNotLeaderResponses
2022-09-12 01:24:02,047 [ForkJoinPool.commonPool-worker-1] INFO  impl.StateMachineUpdater (StateMachineUpdater.java:stopAndJoin(153)) - 03103273-3843-43f1-ae6a-2bbd7b09cada@group-7C8174FDAC4C-StateMachineUpdater: set stopIndex = 0
2022-09-12 01:24:02,047 [03103273-3843-43f1-ae6a-2bbd7b09cada@group-7C8174FDAC4C-StateMachineUpdater] INFO  ratis.ContainerStateMachine (ContainerStateMachine.java:takeSnapshot(304)) - group-7C8174FDAC4C: Taking a snapshot at:(t:2, i:0) file /home/runner/work/ozone/ozone/hadoop-ozone/integration-test/target/test-dir/MiniOzoneClusterImpl-3d4a976f-5e4d-41d2-99e8-392de73f1c7a/datanode-0/data/ratis/066a907a-b323-4ddf-b488-7c8174fdac4c/sm/snapshot.2_0
2022-09-12 01:24:02,047 [grpc-default-executor-1] INFO  server.GrpcServerProtocolService (GrpcServerProtocolService.java:onCompleted(140)) - 03103273-3843-43f1-ae6a-2bbd7b09cada: Completed APPEND_ENTRIES, lastRequest: 5a99e102-8acb-41a7-8340-e4a0eed09641->03103273-3843-43f1-ae6a-2bbd7b09cada#1-t2,previous=(t:0, i:0),leaderCommit=0,initializing? true,entries: size=1, first=(t:2, i:0), CONFIGURATIONENTRY
2022-09-12 01:24:02,048 [grpc-default-executor-1] INFO  server.GrpcServerProtocolService (GrpcServerProtocolService.java:onCompleted(140)) - 59d5d0ad-089c-47a8-af70-50686448c5a7: Completed APPEND_ENTRIES, lastRequest: 03103273-3843-43f1-ae6a-2bbd7b09cada->59d5d0ad-089c-47a8-af70-50686448c5a7#1-t2,previous=(t:0, i:0),leaderCommit=0,initializing? true,entries: size=1, first=(t:2, i:0), CONFIGURATIONENTRY
2022-09-12 01:24:02,048 [03103273-3843-43f1-ae6a-2bbd7b09cada@group-7C8174FDAC4C-StateMachineUpdater] INFO  ratis.ContainerStateMachine (ContainerStateMachine.java:takeSnapshot(315)) - group-7C8174FDAC4C: Finished taking a snapshot at:(t:2, i:0) file:/home/runner/work/ozone/ozone/hadoop-ozone/integration-test/target/test-dir/MiniOzoneClusterImpl-3d4a976f-5e4d-41d2-99e8-392de73f1c7a/datanode-0/data/ratis/066a907a-b323-4ddf-b488-7c8174fdac4c/sm/snapshot.2_0 took: 1 ms
2022-09-12 01:24:02,048 [03103273-3843-43f1-ae6a-2bbd7b09cada@group-7C8174FDAC4C-StateMachineUpdater] INFO  impl.StateMachineUpdater (StateMachineUpdater.java:takeSnapshot(287)) - 03103273-3843-43f1-ae6a-2bbd7b09cada@group-7C8174FDAC4C-StateMachineUpdater: Took a snapshot at index 0
2022-09-12 01:24:02,048 [03103273-3843-43f1-ae6a-2bbd7b09cada@group-7C8174FDAC4C-StateMachineUpdater] INFO  impl.StateMachineUpdater (StateMachineUpdater.java:lambda$new$0(92)) - 03103273-3843-43f1-ae6a-2bbd7b09cada@group-7C8174FDAC4C-StateMachineUpdater: snapshotIndex: updateIncreasingly -1 -> 0
2022-09-12 01:24:02,048 [ForkJoinPool.commonPool-worker-1] INFO  server.RaftServer$Division (ServerState.java:close(429)) - 03103273-3843-43f1-ae6a-2bbd7b09cada@group-7C8174FDAC4C: closes. applyIndex: 0
2022-09-12 01:24:02,048 [grpc-default-executor-0] INFO  server.GrpcServerProtocolService (GrpcServerProtocolService.java:onCompleted(140)) - 5a99e102-8acb-41a7-8340-e4a0eed09641: Completed APPEND_ENTRIES, lastRequest: 03103273-3843-43f1-ae6a-2bbd7b09cada->5a99e102-8acb-41a7-8340-e4a0eed09641#1-t2,previous=(t:0, i:0),leaderCommit=-1,initializing? true,entries: size=1, first=(t:2, i:0), CONFIGURATIONENTRY
2022-09-12 01:24:02,049 [grpc-default-executor-1] INFO  server.GrpcServerProtocolService (GrpcServerProtocolService.java:onCompleted(140)) - 59d5d0ad-089c-47a8-af70-50686448c5a7: Completed APPEND_ENTRIES, lastRequest: 5a99e102-8acb-41a7-8340-e4a0eed09641->59d5d0ad-089c-47a8-af70-50686448c5a7#1-t2,previous=(t:0, i:0),leaderCommit=0,initializing? true,entries: size=1, first=(t:2, i:0), CONFIGURATIONENTRY
2022-09-12 01:24:02,049 [5a99e102-8acb-41a7-8340-e4a0eed09641@group-4471245E049C-StateMachineUpdater] INFO  ratis.ContainerStateMachine (ContainerStateMachine.java:takeSnapshot(304)) - group-4471245E049C: Taking a snapshot at:(t:2, i:0) file /home/runner/work/ozone/ozone/hadoop-ozone/integration-test/target/test-dir/MiniOzoneClusterImpl-3d4a976f-5e4d-41d2-99e8-392de73f1c7a/datanode-1/data/ratis/5075f0a3-a7b7-46c6-a38e-4471245e049c/sm/snapshot.2_0
2022-09-12 01:24:02,049 [Listener at 127.0.0.1/42815] INFO  impl.StateMachineUpdater (StateMachineUpdater.java:stopAndJoin(153)) - 5a99e102-8acb-41a7-8340-e4a0eed09641@group-4471245E049C-StateMachineUpdater: set stopIndex = 0
2022-09-12 01:24:02,054 [03103273-3843-43f1-ae6a-2bbd7b09cada@group-7C8174FDAC4C-SegmentedRaftLogWorker] INFO  segmented.SegmentedRaftLogWorker (SegmentedRaftLogWorker.java:run(336)) - 03103273-3843-43f1-ae6a-2bbd7b09cada@group-7C8174FDAC4C-SegmentedRaftLogWorker was interrupted, exiting. There are 0 tasks remaining in the queue.
2022-09-12 01:24:02,056 [5a99e102-8acb-41a7-8340-e4a0eed09641@group-4471245E049C-StateMachineUpdater] INFO  ratis.ContainerStateMachine (ContainerStateMachine.java:takeSnapshot(315)) - group-4471245E049C: Finished taking a snapshot at:(t:2, i:0) file:/home/runner/work/ozone/ozone/hadoop-ozone/integration-test/target/test-dir/MiniOzoneClusterImpl-3d4a976f-5e4d-41d2-99e8-392de73f1c7a/datanode-1/data/ratis/5075f0a3-a7b7-46c6-a38e-4471245e049c/sm/snapshot.2_0 took: 7 ms
2022-09-12 01:24:02,056 [5a99e102-8acb-41a7-8340-e4a0eed09641@group-4471245E049C-StateMachineUpdater] INFO  impl.StateMachineUpdater (StateMachineUpdater.java:takeSnapshot(287)) - 5a99e102-8acb-41a7-8340-e4a0eed09641@group-4471245E049C-StateMachineUpdater: Took a snapshot at index 0
2022-09-12 01:24:02,056 [5a99e102-8acb-41a7-8340-e4a0eed09641@group-4471245E049C-StateMachineUpdater] INFO  impl.StateMachineUpdater (StateMachineUpdater.java:lambda$new$0(92)) - 5a99e102-8acb-41a7-8340-e4a0eed09641@group-4471245E049C-StateMachineUpdater: snapshotIndex: updateIncreasingly -1 -> 0
2022-09-12 01:24:02,057 [Listener at 127.0.0.1/42815] INFO  server.RaftServer$Division (ServerState.java:close(429)) - 5a99e102-8acb-41a7-8340-e4a0eed09641@group-4471245E049C: closes. applyIndex: 0
2022-09-12 01:24:02,056 [ForkJoinPool.commonPool-worker-1] INFO  segmented.SegmentedRaftLogWorker (SegmentedRaftLogWorker.java:close(246)) - 03103273-3843-43f1-ae6a-2bbd7b09cada@group-7C8174FDAC4C-SegmentedRaftLogWorker close()
2022-09-12 01:24:02,059 [5a99e102-8acb-41a7-8340-e4a0eed09641@group-4471245E049C-SegmentedRaftLogWorker] INFO  segmented.SegmentedRaftLogWorker (SegmentedRaftLogWorker.java:run(336)) - 5a99e102-8acb-41a7-8340-e4a0eed09641@group-4471245E049C-SegmentedRaftLogWorker was interrupted, exiting. There are 0 tasks remaining in the queue.
2022-09-12 01:24:02,059 [Listener at 127.0.0.1/42815] INFO  segmented.SegmentedRaftLogWorker (SegmentedRaftLogWorker.java:close(246)) - 5a99e102-8acb-41a7-8340-e4a0eed09641@group-4471245E049C-SegmentedRaftLogWorker close()
2022-09-12 01:24:02,059 [ForkJoinPool.commonPool-worker-1] INFO  server.RaftServer$Division (RaftServerImpl.java:lambda$close$4(434)) - 03103273-3843-43f1-ae6a-2bbd7b09cada@group-4471245E049C: shutdown
2022-09-12 01:24:02,060 [ForkJoinPool.commonPool-worker-1] INFO  util.JmxRegister (JmxRegister.java:unregister(73)) - Successfully un-registered JMX Bean with object name Ratis:service=RaftServer,group=group-4471245E049C,id=03103273-3843-43f1-ae6a-2bbd7b09cada
2022-09-12 01:24:02,060 [ForkJoinPool.commonPool-worker-1] INFO  impl.RoleInfo (RoleInfo.java:shutdownFollowerState(110)) - 03103273-3843-43f1-ae6a-2bbd7b09cada: shutdown 03103273-3843-43f1-ae6a-2bbd7b09cada@group-4471245E049C-FollowerState
2022-09-12 01:24:02,060 [ForkJoinPool.commonPool-worker-1] INFO  impl.StateMachineUpdater (StateMachineUpdater.java:stopAndJoin(153)) - 03103273-3843-43f1-ae6a-2bbd7b09cada@group-4471245E049C-StateMachineUpdater: set stopIndex = 0
2022-09-12 01:24:02,060 [03103273-3843-43f1-ae6a-2bbd7b09cada@group-4471245E049C-FollowerState] INFO  impl.FollowerState (FollowerState.java:run(152)) - 03103273-3843-43f1-ae6a-2bbd7b09cada@group-4471245E049C-FollowerState was interrupted
2022-09-12 01:24:02,061 [Listener at 127.0.0.1/42815] INFO  server.GrpcService (GrpcService.java:closeImpl(269)) - 5a99e102-8acb-41a7-8340-e4a0eed09641: shutdown server with port 35331 now
2022-09-12 01:24:02,062 [03103273-3843-43f1-ae6a-2bbd7b09cada@group-4471245E049C-StateMachineUpdater] INFO  ratis.ContainerStateMachine (ContainerStateMachine.java:takeSnapshot(304)) - group-4471245E049C: Taking a snapshot at:(t:2, i:0) file /home/runner/work/ozone/ozone/hadoop-ozone/integration-test/target/test-dir/MiniOzoneClusterImpl-3d4a976f-5e4d-41d2-99e8-392de73f1c7a/datanode-0/data/ratis/5075f0a3-a7b7-46c6-a38e-4471245e049c/sm/snapshot.2_0
2022-09-12 01:24:02,063 [03103273-3843-43f1-ae6a-2bbd7b09cada@group-4471245E049C-StateMachineUpdater] INFO  ratis.ContainerStateMachine (ContainerStateMachine.java:takeSnapshot(315)) - group-4471245E049C: Finished taking a snapshot at:(t:2, i:0) file:/home/runner/work/ozone/ozone/hadoop-ozone/integration-test/target/test-dir/MiniOzoneClusterImpl-3d4a976f-5e4d-41d2-99e8-392de73f1c7a/datanode-0/data/ratis/5075f0a3-a7b7-46c6-a38e-4471245e049c/sm/snapshot.2_0 took: 1 ms
2022-09-12 01:24:02,063 [03103273-3843-43f1-ae6a-2bbd7b09cada@group-4471245E049C-StateMachineUpdater] INFO  impl.StateMachineUpdater (StateMachineUpdater.java:takeSnapshot(287)) - 03103273-3843-43f1-ae6a-2bbd7b09cada@group-4471245E049C-StateMachineUpdater: Took a snapshot at index 0
2022-09-12 01:24:02,063 [03103273-3843-43f1-ae6a-2bbd7b09cada@group-4471245E049C-StateMachineUpdater] INFO  impl.StateMachineUpdater (StateMachineUpdater.java:lambda$new$0(92)) - 03103273-3843-43f1-ae6a-2bbd7b09cada@group-4471245E049C-StateMachineUpdater: snapshotIndex: updateIncreasingly -1 -> 0
2022-09-12 01:24:02,063 [ForkJoinPool.commonPool-worker-1] INFO  server.RaftServer$Division (ServerState.java:close(429)) - 03103273-3843-43f1-ae6a-2bbd7b09cada@group-4471245E049C: closes. applyIndex: 0
2022-09-12 01:24:02,064 [03103273-3843-43f1-ae6a-2bbd7b09cada@group-4471245E049C-SegmentedRaftLogWorker] INFO  segmented.SegmentedRaftLogWorker (SegmentedRaftLogWorker.java:run(336)) - 03103273-3843-43f1-ae6a-2bbd7b09cada@group-4471245E049C-SegmentedRaftLogWorker was interrupted, exiting. There are 0 tasks remaining in the queue.
2022-09-12 01:24:02,064 [ForkJoinPool.commonPool-worker-1] INFO  segmented.SegmentedRaftLogWorker (SegmentedRaftLogWorker.java:close(246)) - 03103273-3843-43f1-ae6a-2bbd7b09cada@group-4471245E049C-SegmentedRaftLogWorker close()
2022-09-12 01:24:02,065 [ForkJoinPool.commonPool-worker-1] INFO  server.GrpcService (GrpcService.java:closeImpl(269)) - 03103273-3843-43f1-ae6a-2bbd7b09cada: shutdown server with port 44103 now
2022-09-12 01:24:02,066 [Listener at 127.0.0.1/42815] INFO  server.GrpcService (GrpcService.java:closeImpl(278)) - 5a99e102-8acb-41a7-8340-e4a0eed09641: shutdown server with port 35331 successfully
2022-09-12 01:24:02,067 [org.apache.ratis.util.JvmPauseMonitor$$Lambda$605/1445225850@5cd28dcc] INFO  util.JvmPauseMonitor (JvmPauseMonitor.java:run(109)) - JvmPauseMonitor-5a99e102-8acb-41a7-8340-e4a0eed09641: Stopped
2022-09-12 01:24:02,072 [ForkJoinPool.commonPool-worker-1] INFO  server.GrpcService (GrpcService.java:closeImpl(278)) - 03103273-3843-43f1-ae6a-2bbd7b09cada: shutdown server with port 44103 successfully
2022-09-12 01:24:02,073 [org.apache.ratis.util.JvmPauseMonitor$$Lambda$605/1445225850@7efdb9e6] INFO  util.JvmPauseMonitor (JvmPauseMonitor.java:run(109)) - JvmPauseMonitor-03103273-3843-43f1-ae6a-2bbd7b09cada: Stopped
2022-09-12 01:24:02,702 [EndpointStateMachine task thread for /127.0.0.1:40693 - 0 ] INFO  ipc.Client (Client.java:handleConnectionFailure(977)) - Retrying connect to server: localhost/127.0.0.1:40693. Already tried 7 time(s); retry policy is RetryUpToMaximumCountWithFixedSleep(maxRetries=15, sleepTime=1000 MILLISECONDS)
2022-09-12 01:24:03,702 [EndpointStateMachine task thread for /127.0.0.1:40693 - 0 ] INFO  ipc.Client (Client.java:handleConnectionFailure(977)) - Retrying connect to server: localhost/127.0.0.1:40693. Already tried 8 time(s); retry policy is RetryUpToMaximumCountWithFixedSleep(maxRetries=15, sleepTime=1000 MILLISECONDS)
2022-09-12 01:24:04,082 [Listener at 127.0.0.1/42815] INFO  utils.BackgroundService (BackgroundService.java:shutdown(141)) - Shutting down service BlockDeletingService
2022-09-12 01:24:04,083 [Listener at 127.0.0.1/42815] INFO  utils.BackgroundService (BackgroundService.java:shutdown(141)) - Shutting down service StaleRecoveringContainerScrubbingService
2022-09-12 01:24:04,084 [ForkJoinPool.commonPool-worker-1] INFO  utils.BackgroundService (BackgroundService.java:shutdown(141)) - Shutting down service BlockDeletingService
2022-09-12 01:24:04,088 [ForkJoinPool.commonPool-worker-1] INFO  utils.BackgroundService (BackgroundService.java:shutdown(141)) - Shutting down service StaleRecoveringContainerScrubbingService
2022-09-12 01:24:04,703 [EndpointStateMachine task thread for /127.0.0.1:40693 - 0 ] INFO  ipc.Client (Client.java:handleConnectionFailure(977)) - Retrying connect to server: localhost/127.0.0.1:40693. Already tried 9 time(s); retry policy is RetryUpToMaximumCountWithFixedSleep(maxRetries=15, sleepTime=1000 MILLISECONDS)
2022-09-12 01:24:05,703 [EndpointStateMachine task thread for /127.0.0.1:40693 - 0 ] INFO  ipc.Client (Client.java:handleConnectionFailure(977)) - Retrying connect to server: localhost/127.0.0.1:40693. Already tried 10 time(s); retry policy is RetryUpToMaximumCountWithFixedSleep(maxRetries=15, sleepTime=1000 MILLISECONDS)
2022-09-12 01:24:06,704 [EndpointStateMachine task thread for /127.0.0.1:40693 - 0 ] INFO  ipc.Client (Client.java:handleConnectionFailure(977)) - Retrying connect to server: localhost/127.0.0.1:40693. Already tried 11 time(s); retry policy is RetryUpToMaximumCountWithFixedSleep(maxRetries=15, sleepTime=1000 MILLISECONDS)
2022-09-12 01:24:07,085 [Listener at 127.0.0.1/42815] INFO  statemachine.DatanodeStateMachine (DatanodeStateMachine.java:stopDaemon(580)) - Ozone container server stopped.
2022-09-12 01:24:07,093 [ForkJoinPool.commonPool-worker-1] INFO  statemachine.DatanodeStateMachine (DatanodeStateMachine.java:stopDaemon(580)) - Ozone container server stopped.
2022-09-12 01:24:07,095 [Listener at 127.0.0.1/42815] INFO  handler.ContextHandler (ContextHandler.java:doStop(1153)) - Stopped o.e.j.w.WebAppContext@424a6d8c{hddsDatanode,/,null,STOPPED}{jar:file:/home/runner/.m2/repository/org/apache/ozone/hdds-container-service/1.3.0-SNAPSHOT/hdds-container-service-1.3.0-SNAPSHOT.jar!/webapps/hddsDatanode}
2022-09-12 01:24:07,095 [Listener at 127.0.0.1/42815] INFO  server.AbstractConnector (AbstractConnector.java:doStop(381)) - Stopped ServerConnector@54b70c50{HTTP/1.1, (http/1.1)}{0.0.0.0:0}
2022-09-12 01:24:07,096 [Listener at 127.0.0.1/42815] INFO  server.session (HouseKeeper.java:stopScavenging(149)) - node0 Stopped scavenging
2022-09-12 01:24:07,096 [Listener at 127.0.0.1/42815] INFO  handler.ContextHandler (ContextHandler.java:doStop(1153)) - Stopped o.e.j.s.ServletContextHandler@56c856c0{static,/static,jar:file:/home/runner/.m2/repository/org/apache/ozone/hdds-container-service/1.3.0-SNAPSHOT/hdds-container-service-1.3.0-SNAPSHOT.jar!/webapps/static,STOPPED}
2022-09-12 01:24:07,096 [Listener at 127.0.0.1/42815] INFO  handler.ContextHandler (ContextHandler.java:doStop(1153)) - Stopped o.e.j.s.ServletContextHandler@3bf6dc0e{logs,/logs,file:///home/runner/work/ozone/ozone/hadoop-ozone/integration-test/target/log,STOPPED}
2022-09-12 01:24:07,107 [Datanode State Machine Daemon Thread] WARN  statemachine.StateContext (StateContext.java:setState(252)) - Ignore disallowed transition from SHUTDOWN to RUNNING
2022-09-12 01:24:07,106 [ForkJoinPool.commonPool-worker-1] INFO  handler.ContextHandler (ContextHandler.java:doStop(1153)) - Stopped o.e.j.w.WebAppContext@3caef656{hddsDatanode,/,null,STOPPED}{jar:file:/home/runner/.m2/repository/org/apache/ozone/hdds-container-service/1.3.0-SNAPSHOT/hdds-container-service-1.3.0-SNAPSHOT.jar!/webapps/hddsDatanode}
2022-09-12 01:24:07,115 [ForkJoinPool.commonPool-worker-1] INFO  server.AbstractConnector (AbstractConnector.java:doStop(381)) - Stopped ServerConnector@576bedd9{HTTP/1.1, (http/1.1)}{0.0.0.0:0}
2022-09-12 01:24:07,116 [ForkJoinPool.commonPool-worker-1] INFO  server.session (HouseKeeper.java:stopScavenging(149)) - node0 Stopped scavenging
2022-09-12 01:24:07,117 [ForkJoinPool.commonPool-worker-1] INFO  handler.ContextHandler (ContextHandler.java:doStop(1153)) - Stopped o.e.j.s.ServletContextHandler@25ae5f6b{static,/static,jar:file:/home/runner/.m2/repository/org/apache/ozone/hdds-container-service/1.3.0-SNAPSHOT/hdds-container-service-1.3.0-SNAPSHOT.jar!/webapps/static,STOPPED}
2022-09-12 01:24:07,128 [ForkJoinPool.commonPool-worker-1] INFO  handler.ContextHandler (ContextHandler.java:doStop(1153)) - Stopped o.e.j.s.ServletContextHandler@668a1fa5{logs,/logs,file:///home/runner/work/ozone/ozone/hadoop-ozone/integration-test/target/log,STOPPED}
2022-09-12 01:24:07,705 [EndpointStateMachine task thread for /127.0.0.1:40693 - 0 ] INFO  ipc.Client (Client.java:handleConnectionFailure(977)) - Retrying connect to server: localhost/127.0.0.1:40693. Already tried 12 time(s); retry policy is RetryUpToMaximumCountWithFixedSleep(maxRetries=15, sleepTime=1000 MILLISECONDS)
2022-09-12 01:24:08,705 [EndpointStateMachine task thread for /127.0.0.1:40693 - 0 ] INFO  ipc.Client (Client.java:handleConnectionFailure(977)) - Retrying connect to server: localhost/127.0.0.1:40693. Already tried 13 time(s); retry policy is RetryUpToMaximumCountWithFixedSleep(maxRetries=15, sleepTime=1000 MILLISECONDS)
2022-09-12 01:24:09,204 [59d5d0ad-089c-47a8-af70-50686448c5a7@group-7C8174FDAC4C-FollowerState] INFO  impl.FollowerState (FollowerState.java:run(143)) - 59d5d0ad-089c-47a8-af70-50686448c5a7@group-7C8174FDAC4C-FollowerState: change to CANDIDATE, lastRpcElapsedTime:8048823150ns, electionTimeout:5109ms
2022-09-12 01:24:09,205 [59d5d0ad-089c-47a8-af70-50686448c5a7@group-7C8174FDAC4C-FollowerState] INFO  impl.RoleInfo (RoleInfo.java:shutdownFollowerState(110)) - 59d5d0ad-089c-47a8-af70-50686448c5a7: shutdown 59d5d0ad-089c-47a8-af70-50686448c5a7@group-7C8174FDAC4C-FollowerState
2022-09-12 01:24:09,205 [59d5d0ad-089c-47a8-af70-50686448c5a7@group-7C8174FDAC4C-FollowerState] INFO  server.RaftServer$Division (RaftServerImpl.java:setRole(299)) - 59d5d0ad-089c-47a8-af70-50686448c5a7@group-7C8174FDAC4C: changes role from  FOLLOWER to CANDIDATE at term 2 for changeToCandidate
2022-09-12 01:24:09,205 [59d5d0ad-089c-47a8-af70-50686448c5a7@group-7C8174FDAC4C-FollowerState] INFO  server.RaftServerConfigKeys (ConfUtils.java:logGet(46)) - raft.server.leaderelection.pre-vote = false (custom)
2022-09-12 01:24:09,205 [59d5d0ad-089c-47a8-af70-50686448c5a7@group-7C8174FDAC4C-FollowerState] INFO  impl.RoleInfo (RoleInfo.java:updateAndGet(139)) - 59d5d0ad-089c-47a8-af70-50686448c5a7: start 59d5d0ad-089c-47a8-af70-50686448c5a7@group-7C8174FDAC4C-LeaderElection11
2022-09-12 01:24:09,216 [59d5d0ad-089c-47a8-af70-50686448c5a7@group-7C8174FDAC4C-LeaderElection11] INFO  server.RaftServer$Division (ServerState.java:setLeader(287)) - 59d5d0ad-089c-47a8-af70-50686448c5a7@group-7C8174FDAC4C: change Leader from 03103273-3843-43f1-ae6a-2bbd7b09cada to null at term 2 for ELECTION
2022-09-12 01:24:09,218 [59d5d0ad-089c-47a8-af70-50686448c5a7@group-7C8174FDAC4C-LeaderElection11] INFO  impl.LeaderElection (LeaderElection.java:askForVotes(310)) - 59d5d0ad-089c-47a8-af70-50686448c5a7@group-7C8174FDAC4C-LeaderElection11 ELECTION round 0: submit vote requests at term 3 for 0: [03103273-3843-43f1-ae6a-2bbd7b09cada|rpc:127.0.0.1:44103|dataStream:|priority:1, 5a99e102-8acb-41a7-8340-e4a0eed09641|rpc:127.0.0.1:35331|dataStream:|priority:0, 59d5d0ad-089c-47a8-af70-50686448c5a7|rpc:127.0.0.1:46841|dataStream:|priority:0], old=null
2022-09-12 01:24:09,235 [59d5d0ad-089c-47a8-af70-50686448c5a7@group-7C8174FDAC4C-LeaderElection11] INFO  impl.LeaderElection (LogUtils.java:infoOrTrace(137)) - 59d5d0ad-089c-47a8-af70-50686448c5a7@group-7C8174FDAC4C-LeaderElection11 got exception when requesting votes: java.util.concurrent.ExecutionException: org.apache.ratis.thirdparty.io.grpc.StatusRuntimeException: UNAVAILABLE: io exception
2022-09-12 01:24:09,237 [59d5d0ad-089c-47a8-af70-50686448c5a7@group-7C8174FDAC4C-LeaderElection11] INFO  impl.LeaderElection (LogUtils.java:infoOrTrace(137)) - 59d5d0ad-089c-47a8-af70-50686448c5a7@group-7C8174FDAC4C-LeaderElection11 got exception when requesting votes: java.util.concurrent.ExecutionException: org.apache.ratis.thirdparty.io.grpc.StatusRuntimeException: UNAVAILABLE: io exception
2022-09-12 01:24:09,237 [59d5d0ad-089c-47a8-af70-50686448c5a7@group-7C8174FDAC4C-LeaderElection11] INFO  impl.LeaderElection (LeaderElection.java:logAndReturn(90)) - 59d5d0ad-089c-47a8-af70-50686448c5a7@group-7C8174FDAC4C-LeaderElection11: ELECTION REJECTED received 0 response(s) and 2 exception(s):
2022-09-12 01:24:09,237 [59d5d0ad-089c-47a8-af70-50686448c5a7@group-7C8174FDAC4C-LeaderElection11] INFO  impl.LeaderElection (LogUtils.java:infoOrTrace(137)) -   Exception 0: java.util.concurrent.ExecutionException: org.apache.ratis.thirdparty.io.grpc.StatusRuntimeException: UNAVAILABLE: io exception
2022-09-12 01:24:09,237 [59d5d0ad-089c-47a8-af70-50686448c5a7@group-7C8174FDAC4C-LeaderElection11] INFO  impl.LeaderElection (LogUtils.java:infoOrTrace(137)) -   Exception 1: java.util.concurrent.ExecutionException: org.apache.ratis.thirdparty.io.grpc.StatusRuntimeException: UNAVAILABLE: io exception
2022-09-12 01:24:09,237 [59d5d0ad-089c-47a8-af70-50686448c5a7@group-7C8174FDAC4C-LeaderElection11] INFO  impl.LeaderElection (LeaderElection.java:askForVotes(312)) - 59d5d0ad-089c-47a8-af70-50686448c5a7@group-7C8174FDAC4C-LeaderElection11 ELECTION round 0: result REJECTED
2022-09-12 01:24:09,237 [59d5d0ad-089c-47a8-af70-50686448c5a7@group-7C8174FDAC4C-LeaderElection11] INFO  server.RaftServer$Division (RaftServerImpl.java:setRole(299)) - 59d5d0ad-089c-47a8-af70-50686448c5a7@group-7C8174FDAC4C: changes role from CANDIDATE to FOLLOWER at term 3 for REJECTED
2022-09-12 01:24:09,238 [59d5d0ad-089c-47a8-af70-50686448c5a7@group-7C8174FDAC4C-LeaderElection11] INFO  impl.RoleInfo (RoleInfo.java:shutdownLeaderElection(130)) - 59d5d0ad-089c-47a8-af70-50686448c5a7: shutdown 59d5d0ad-089c-47a8-af70-50686448c5a7@group-7C8174FDAC4C-LeaderElection11
2022-09-12 01:24:09,238 [59d5d0ad-089c-47a8-af70-50686448c5a7@group-7C8174FDAC4C-LeaderElection11] INFO  impl.RoleInfo (RoleInfo.java:updateAndGet(139)) - 59d5d0ad-089c-47a8-af70-50686448c5a7: start 59d5d0ad-089c-47a8-af70-50686448c5a7@group-7C8174FDAC4C-FollowerState
2022-09-12 01:24:09,505 [59d5d0ad-089c-47a8-af70-50686448c5a7@group-4471245E049C-FollowerState] INFO  impl.FollowerState (FollowerState.java:run(143)) - 59d5d0ad-089c-47a8-af70-50686448c5a7@group-4471245E049C-FollowerState: change to CANDIDATE, lastRpcElapsedTime:8243929442ns, electionTimeout:5095ms
2022-09-12 01:24:09,506 [59d5d0ad-089c-47a8-af70-50686448c5a7@group-4471245E049C-FollowerState] INFO  impl.RoleInfo (RoleInfo.java:shutdownFollowerState(110)) - 59d5d0ad-089c-47a8-af70-50686448c5a7: shutdown 59d5d0ad-089c-47a8-af70-50686448c5a7@group-4471245E049C-FollowerState
2022-09-12 01:24:09,506 [59d5d0ad-089c-47a8-af70-50686448c5a7@group-4471245E049C-FollowerState] INFO  server.RaftServer$Division (RaftServerImpl.java:setRole(299)) - 59d5d0ad-089c-47a8-af70-50686448c5a7@group-4471245E049C: changes role from  FOLLOWER to CANDIDATE at term 2 for changeToCandidate
2022-09-12 01:24:09,506 [59d5d0ad-089c-47a8-af70-50686448c5a7@group-4471245E049C-FollowerState] INFO  server.RaftServerConfigKeys (ConfUtils.java:logGet(46)) - raft.server.leaderelection.pre-vote = false (custom)
2022-09-12 01:24:09,506 [59d5d0ad-089c-47a8-af70-50686448c5a7@group-4471245E049C-FollowerState] INFO  impl.RoleInfo (RoleInfo.java:updateAndGet(139)) - 59d5d0ad-089c-47a8-af70-50686448c5a7: start 59d5d0ad-089c-47a8-af70-50686448c5a7@group-4471245E049C-LeaderElection12
2022-09-12 01:24:09,516 [59d5d0ad-089c-47a8-af70-50686448c5a7@group-4471245E049C-LeaderElection12] INFO  server.RaftServer$Division (ServerState.java:setLeader(287)) - 59d5d0ad-089c-47a8-af70-50686448c5a7@group-4471245E049C: change Leader from 5a99e102-8acb-41a7-8340-e4a0eed09641 to null at term 2 for ELECTION
2022-09-12 01:24:09,518 [59d5d0ad-089c-47a8-af70-50686448c5a7@group-4471245E049C-LeaderElection12] INFO  impl.LeaderElection (LeaderElection.java:askForVotes(310)) - 59d5d0ad-089c-47a8-af70-50686448c5a7@group-4471245E049C-LeaderElection12 ELECTION round 0: submit vote requests at term 3 for 0: [03103273-3843-43f1-ae6a-2bbd7b09cada|rpc:127.0.0.1:44103|dataStream:|priority:0, 5a99e102-8acb-41a7-8340-e4a0eed09641|rpc:127.0.0.1:35331|dataStream:|priority:1, 59d5d0ad-089c-47a8-af70-50686448c5a7|rpc:127.0.0.1:46841|dataStream:|priority:0], old=null
2022-09-12 01:24:09,532 [59d5d0ad-089c-47a8-af70-50686448c5a7@group-4471245E049C-LeaderElection12] INFO  impl.LeaderElection (LogUtils.java:infoOrTrace(137)) - 59d5d0ad-089c-47a8-af70-50686448c5a7@group-4471245E049C-LeaderElection12 got exception when requesting votes: java.util.concurrent.ExecutionException: org.apache.ratis.thirdparty.io.grpc.StatusRuntimeException: UNAVAILABLE: io exception
2022-09-12 01:24:09,533 [59d5d0ad-089c-47a8-af70-50686448c5a7@group-4471245E049C-LeaderElection12] INFO  impl.LeaderElection (LogUtils.java:infoOrTrace(137)) - 59d5d0ad-089c-47a8-af70-50686448c5a7@group-4471245E049C-LeaderElection12 got exception when requesting votes: java.util.concurrent.ExecutionException: org.apache.ratis.thirdparty.io.grpc.StatusRuntimeException: UNAVAILABLE: io exception
2022-09-12 01:24:09,533 [59d5d0ad-089c-47a8-af70-50686448c5a7@group-4471245E049C-LeaderElection12] INFO  impl.LeaderElection (LeaderElection.java:logAndReturn(90)) - 59d5d0ad-089c-47a8-af70-50686448c5a7@group-4471245E049C-LeaderElection12: ELECTION REJECTED received 0 response(s) and 2 exception(s):
2022-09-12 01:24:09,533 [59d5d0ad-089c-47a8-af70-50686448c5a7@group-4471245E049C-LeaderElection12] INFO  impl.LeaderElection (LogUtils.java:infoOrTrace(137)) -   Exception 0: java.util.concurrent.ExecutionException: org.apache.ratis.thirdparty.io.grpc.StatusRuntimeException: UNAVAILABLE: io exception
2022-09-12 01:24:09,533 [59d5d0ad-089c-47a8-af70-50686448c5a7@group-4471245E049C-LeaderElection12] INFO  impl.LeaderElection (LogUtils.java:infoOrTrace(137)) -   Exception 1: java.util.concurrent.ExecutionException: org.apache.ratis.thirdparty.io.grpc.StatusRuntimeException: UNAVAILABLE: io exception
2022-09-12 01:24:09,533 [59d5d0ad-089c-47a8-af70-50686448c5a7@group-4471245E049C-LeaderElection12] INFO  impl.LeaderElection (LeaderElection.java:askForVotes(312)) - 59d5d0ad-089c-47a8-af70-50686448c5a7@group-4471245E049C-LeaderElection12 ELECTION round 0: result REJECTED
2022-09-12 01:24:09,533 [59d5d0ad-089c-47a8-af70-50686448c5a7@group-4471245E049C-LeaderElection12] INFO  server.RaftServer$Division (RaftServerImpl.java:setRole(299)) - 59d5d0ad-089c-47a8-af70-50686448c5a7@group-4471245E049C: changes role from CANDIDATE to FOLLOWER at term 3 for REJECTED
2022-09-12 01:24:09,533 [59d5d0ad-089c-47a8-af70-50686448c5a7@group-4471245E049C-LeaderElection12] INFO  impl.RoleInfo (RoleInfo.java:shutdownLeaderElection(130)) - 59d5d0ad-089c-47a8-af70-50686448c5a7: shutdown 59d5d0ad-089c-47a8-af70-50686448c5a7@group-4471245E049C-LeaderElection12
2022-09-12 01:24:09,533 [59d5d0ad-089c-47a8-af70-50686448c5a7@group-4471245E049C-LeaderElection12] INFO  impl.RoleInfo (RoleInfo.java:updateAndGet(139)) - 59d5d0ad-089c-47a8-af70-50686448c5a7: start 59d5d0ad-089c-47a8-af70-50686448c5a7@group-4471245E049C-FollowerState
2022-09-12 01:24:09,706 [EndpointStateMachine task thread for /127.0.0.1:40693 - 0 ] INFO  ipc.Client (Client.java:handleConnectionFailure(977)) - Retrying connect to server: localhost/127.0.0.1:40693. Already tried 14 time(s); retry policy is RetryUpToMaximumCountWithFixedSleep(maxRetries=15, sleepTime=1000 MILLISECONDS)
2022-09-12 01:24:09,707 [EndpointStateMachine task thread for /127.0.0.1:40693 - 0 ] WARN  statemachine.EndpointStateMachine (EndpointStateMachine.java:logIfNeeded(241)) - Unable to communicate to SCM server at localhost:40693 for past 0 seconds.
java.net.ConnectException: Call From fv-az167-317/10.1.0.12 to localhost:40693 failed on connection exception: java.net.ConnectException: Connection refused; For more details see:  http://wiki.apache.org/hadoop/ConnectionRefused
	at sun.reflect.NativeConstructorAccessorImpl.newInstance0(Native Method)
	at sun.reflect.NativeConstructorAccessorImpl.newInstance(NativeConstructorAccessorImpl.java:62)
	at sun.reflect.DelegatingConstructorAccessorImpl.newInstance(DelegatingConstructorAccessorImpl.java:45)
	at java.lang.reflect.Constructor.newInstance(Constructor.java:423)
	at org.apache.hadoop.net.NetUtils.wrapWithMessage(NetUtils.java:913)
	at org.apache.hadoop.net.NetUtils.wrapException(NetUtils.java:828)
	at org.apache.hadoop.ipc.Client.getRpcResponse(Client.java:1577)
	at org.apache.hadoop.ipc.Client.call(Client.java:1519)
	at org.apache.hadoop.ipc.Client.call(Client.java:1416)
	at org.apache.hadoop.ipc.ProtobufRpcEngine$Invoker.invoke(ProtobufRpcEngine.java:236)
	at org.apache.hadoop.ipc.ProtobufRpcEngine$Invoker.invoke(ProtobufRpcEngine.java:123)
	at com.sun.proxy.$Proxy52.submitRequest(Unknown Source)
	at org.apache.hadoop.ozone.protocolPB.StorageContainerDatanodeProtocolClientSideTranslatorPB.submitRequest(StorageContainerDatanodeProtocolClientSideTranslatorPB.java:117)
	at org.apache.hadoop.ozone.protocolPB.StorageContainerDatanodeProtocolClientSideTranslatorPB.sendHeartbeat(StorageContainerDatanodeProtocolClientSideTranslatorPB.java:149)
	at org.apache.hadoop.ozone.container.common.states.endpoint.HeartbeatEndpointTask.call(HeartbeatEndpointTask.java:185)
	at org.apache.hadoop.ozone.container.common.states.endpoint.HeartbeatEndpointTask.call(HeartbeatEndpointTask.java:87)
	at java.util.concurrent.FutureTask.run(FutureTask.java:266)
	at java.util.concurrent.ThreadPoolExecutor.runWorker(ThreadPoolExecutor.java:1149)
	at java.util.concurrent.ThreadPoolExecutor$Worker.run(ThreadPoolExecutor.java:624)
	at java.lang.Thread.run(Thread.java:750)
Caused by: java.net.ConnectException: Connection refused
	at sun.nio.ch.SocketChannelImpl.checkConnect(Native Method)
	at sun.nio.ch.SocketChannelImpl.finishConnect(SocketChannelImpl.java:716)
	at org.apache.hadoop.net.SocketIOWithTimeout.connect(SocketIOWithTimeout.java:206)
	at org.apache.hadoop.net.NetUtils.connect(NetUtils.java:586)
	at org.apache.hadoop.ipc.Client$Connection.setupConnection(Client.java:701)
	at org.apache.hadoop.ipc.Client$Connection.setupIOstreams(Client.java:822)
	at org.apache.hadoop.ipc.Client$Connection.access$3800(Client.java:414)
	at org.apache.hadoop.ipc.Client.getConnection(Client.java:1647)
	at org.apache.hadoop.ipc.Client.call(Client.java:1463)
	... 12 more
2022-09-12 01:24:10,707 [EndpointStateMachine task thread for /127.0.0.1:40693 - 0 ] INFO  ipc.Client (Client.java:handleConnectionFailure(977)) - Retrying connect to server: localhost/127.0.0.1:40693. Already tried 0 time(s); retry policy is RetryUpToMaximumCountWithFixedSleep(maxRetries=15, sleepTime=1000 MILLISECONDS)
2022-09-12 01:24:11,708 [EndpointStateMachine task thread for /127.0.0.1:40693 - 0 ] INFO  ipc.Client (Client.java:handleConnectionFailure(977)) - Retrying connect to server: localhost/127.0.0.1:40693. Already tried 1 time(s); retry policy is RetryUpToMaximumCountWithFixedSleep(maxRetries=15, sleepTime=1000 MILLISECONDS)
2022-09-12 01:24:12,099 [Listener at 127.0.0.1/42815] INFO  ozoneimpl.OzoneContainer (OzoneContainer.java:stop(400)) - Attempting to stop container services.
2022-09-12 01:24:12,102 [Listener at 127.0.0.1/42815] INFO  server.RaftServer (RaftServerProxy.java:lambda$close$7(398)) - 59d5d0ad-089c-47a8-af70-50686448c5a7: close
2022-09-12 01:24:12,108 [Listener at 127.0.0.1/42815] INFO  server.RaftServer$Division (RaftServerImpl.java:lambda$close$4(434)) - 59d5d0ad-089c-47a8-af70-50686448c5a7@group-7C8174FDAC4C: shutdown
2022-09-12 01:24:12,108 [Listener at 127.0.0.1/42815] INFO  util.JmxRegister (JmxRegister.java:unregister(73)) - Successfully un-registered JMX Bean with object name Ratis:service=RaftServer,group=group-7C8174FDAC4C,id=59d5d0ad-089c-47a8-af70-50686448c5a7
2022-09-12 01:24:12,109 [Listener at 127.0.0.1/42815] INFO  impl.RoleInfo (RoleInfo.java:shutdownFollowerState(110)) - 59d5d0ad-089c-47a8-af70-50686448c5a7: shutdown 59d5d0ad-089c-47a8-af70-50686448c5a7@group-7C8174FDAC4C-FollowerState
2022-09-12 01:24:12,109 [Listener at 127.0.0.1/42815] INFO  impl.StateMachineUpdater (StateMachineUpdater.java:stopAndJoin(153)) - 59d5d0ad-089c-47a8-af70-50686448c5a7@group-7C8174FDAC4C-StateMachineUpdater: set stopIndex = 0
2022-09-12 01:24:12,113 [59d5d0ad-089c-47a8-af70-50686448c5a7@group-7C8174FDAC4C-FollowerState] INFO  impl.FollowerState (FollowerState.java:run(152)) - 59d5d0ad-089c-47a8-af70-50686448c5a7@group-7C8174FDAC4C-FollowerState was interrupted
2022-09-12 01:24:12,116 [59d5d0ad-089c-47a8-af70-50686448c5a7@group-7C8174FDAC4C-StateMachineUpdater] INFO  ratis.ContainerStateMachine (ContainerStateMachine.java:takeSnapshot(304)) - group-7C8174FDAC4C: Taking a snapshot at:(t:2, i:0) file /home/runner/work/ozone/ozone/hadoop-ozone/integration-test/target/test-dir/MiniOzoneClusterImpl-3d4a976f-5e4d-41d2-99e8-392de73f1c7a/datanode-2/data/ratis/066a907a-b323-4ddf-b488-7c8174fdac4c/sm/snapshot.2_0
2022-09-12 01:24:12,117 [ForkJoinPool.commonPool-worker-0] INFO  server.RaftServer$Division (RaftServerImpl.java:lambda$close$4(434)) - 59d5d0ad-089c-47a8-af70-50686448c5a7@group-4471245E049C: shutdown
2022-09-12 01:24:12,117 [ForkJoinPool.commonPool-worker-0] INFO  util.JmxRegister (JmxRegister.java:unregister(73)) - Successfully un-registered JMX Bean with object name Ratis:service=RaftServer,group=group-4471245E049C,id=59d5d0ad-089c-47a8-af70-50686448c5a7
2022-09-12 01:24:12,117 [ForkJoinPool.commonPool-worker-0] INFO  impl.RoleInfo (RoleInfo.java:shutdownFollowerState(110)) - 59d5d0ad-089c-47a8-af70-50686448c5a7: shutdown 59d5d0ad-089c-47a8-af70-50686448c5a7@group-4471245E049C-FollowerState
2022-09-12 01:24:12,117 [59d5d0ad-089c-47a8-af70-50686448c5a7@group-4471245E049C-FollowerState] INFO  impl.FollowerState (FollowerState.java:run(152)) - 59d5d0ad-089c-47a8-af70-50686448c5a7@group-4471245E049C-FollowerState was interrupted
2022-09-12 01:24:12,117 [59d5d0ad-089c-47a8-af70-50686448c5a7@group-7C8174FDAC4C-StateMachineUpdater] INFO  ratis.ContainerStateMachine (ContainerStateMachine.java:takeSnapshot(315)) - group-7C8174FDAC4C: Finished taking a snapshot at:(t:2, i:0) file:/home/runner/work/ozone/ozone/hadoop-ozone/integration-test/target/test-dir/MiniOzoneClusterImpl-3d4a976f-5e4d-41d2-99e8-392de73f1c7a/datanode-2/data/ratis/066a907a-b323-4ddf-b488-7c8174fdac4c/sm/snapshot.2_0 took: 1 ms
2022-09-12 01:24:12,117 [59d5d0ad-089c-47a8-af70-50686448c5a7@group-7C8174FDAC4C-StateMachineUpdater] INFO  impl.StateMachineUpdater (StateMachineUpdater.java:takeSnapshot(287)) - 59d5d0ad-089c-47a8-af70-50686448c5a7@group-7C8174FDAC4C-StateMachineUpdater: Took a snapshot at index 0
2022-09-12 01:24:12,117 [59d5d0ad-089c-47a8-af70-50686448c5a7@group-7C8174FDAC4C-StateMachineUpdater] INFO  impl.StateMachineUpdater (StateMachineUpdater.java:lambda$new$0(92)) - 59d5d0ad-089c-47a8-af70-50686448c5a7@group-7C8174FDAC4C-StateMachineUpdater: snapshotIndex: updateIncreasingly -1 -> 0
2022-09-12 01:24:12,118 [Listener at 127.0.0.1/42815] INFO  server.RaftServer$Division (ServerState.java:close(429)) - 59d5d0ad-089c-47a8-af70-50686448c5a7@group-7C8174FDAC4C: closes. applyIndex: 0
2022-09-12 01:24:12,118 [59d5d0ad-089c-47a8-af70-50686448c5a7@group-7C8174FDAC4C-SegmentedRaftLogWorker] INFO  segmented.SegmentedRaftLogWorker (SegmentedRaftLogWorker.java:run(336)) - 59d5d0ad-089c-47a8-af70-50686448c5a7@group-7C8174FDAC4C-SegmentedRaftLogWorker was interrupted, exiting. There are 0 tasks remaining in the queue.
2022-09-12 01:24:12,118 [59d5d0ad-089c-47a8-af70-50686448c5a7@group-4471245E049C-StateMachineUpdater] INFO  ratis.ContainerStateMachine (ContainerStateMachine.java:takeSnapshot(304)) - group-4471245E049C: Taking a snapshot at:(t:2, i:0) file /home/runner/work/ozone/ozone/hadoop-ozone/integration-test/target/test-dir/MiniOzoneClusterImpl-3d4a976f-5e4d-41d2-99e8-392de73f1c7a/datanode-2/data/ratis/5075f0a3-a7b7-46c6-a38e-4471245e049c/sm/snapshot.2_0
2022-09-12 01:24:12,119 [59d5d0ad-089c-47a8-af70-50686448c5a7@group-4471245E049C-StateMachineUpdater] INFO  ratis.ContainerStateMachine (ContainerStateMachine.java:takeSnapshot(315)) - group-4471245E049C: Finished taking a snapshot at:(t:2, i:0) file:/home/runner/work/ozone/ozone/hadoop-ozone/integration-test/target/test-dir/MiniOzoneClusterImpl-3d4a976f-5e4d-41d2-99e8-392de73f1c7a/datanode-2/data/ratis/5075f0a3-a7b7-46c6-a38e-4471245e049c/sm/snapshot.2_0 took: 1 ms
2022-09-12 01:24:12,119 [59d5d0ad-089c-47a8-af70-50686448c5a7@group-4471245E049C-StateMachineUpdater] INFO  impl.StateMachineUpdater (StateMachineUpdater.java:takeSnapshot(287)) - 59d5d0ad-089c-47a8-af70-50686448c5a7@group-4471245E049C-StateMachineUpdater: Took a snapshot at index 0
2022-09-12 01:24:12,119 [59d5d0ad-089c-47a8-af70-50686448c5a7@group-4471245E049C-StateMachineUpdater] INFO  impl.StateMachineUpdater (StateMachineUpdater.java:lambda$new$0(92)) - 59d5d0ad-089c-47a8-af70-50686448c5a7@group-4471245E049C-StateMachineUpdater: snapshotIndex: updateIncreasingly -1 -> 0
2022-09-12 01:24:12,119 [Listener at 127.0.0.1/42815] INFO  segmented.SegmentedRaftLogWorker (SegmentedRaftLogWorker.java:close(246)) - 59d5d0ad-089c-47a8-af70-50686448c5a7@group-7C8174FDAC4C-SegmentedRaftLogWorker close()
2022-09-12 01:24:12,120 [ForkJoinPool.commonPool-worker-0] INFO  impl.StateMachineUpdater (StateMachineUpdater.java:stopAndJoin(153)) - 59d5d0ad-089c-47a8-af70-50686448c5a7@group-4471245E049C-StateMachineUpdater: set stopIndex = 0
2022-09-12 01:24:12,120 [ForkJoinPool.commonPool-worker-0] INFO  server.RaftServer$Division (ServerState.java:close(429)) - 59d5d0ad-089c-47a8-af70-50686448c5a7@group-4471245E049C: closes. applyIndex: 0
2022-09-12 01:24:12,120 [59d5d0ad-089c-47a8-af70-50686448c5a7@group-4471245E049C-SegmentedRaftLogWorker] INFO  segmented.SegmentedRaftLogWorker (SegmentedRaftLogWorker.java:run(336)) - 59d5d0ad-089c-47a8-af70-50686448c5a7@group-4471245E049C-SegmentedRaftLogWorker was interrupted, exiting. There are 0 tasks remaining in the queue.
2022-09-12 01:24:12,121 [Listener at 127.0.0.1/42815] INFO  server.RaftServer$Division (RaftServerImpl.java:lambda$close$4(434)) - 59d5d0ad-089c-47a8-af70-50686448c5a7@group-374AAC182BE3: shutdown
2022-09-12 01:24:12,122 [Listener at 127.0.0.1/42815] INFO  util.JmxRegister (JmxRegister.java:unregister(73)) - Successfully un-registered JMX Bean with object name Ratis:service=RaftServer,group=group-374AAC182BE3,id=59d5d0ad-089c-47a8-af70-50686448c5a7
2022-09-12 01:24:12,122 [Listener at 127.0.0.1/42815] INFO  impl.RoleInfo (RoleInfo.java:shutdownLeaderState(93)) - 59d5d0ad-089c-47a8-af70-50686448c5a7: shutdown 59d5d0ad-089c-47a8-af70-50686448c5a7@group-374AAC182BE3-LeaderStateImpl
2022-09-12 01:24:12,122 [Listener at 127.0.0.1/42815] INFO  impl.PendingRequests (PendingRequests.java:sendNotLeaderResponses(282)) - 59d5d0ad-089c-47a8-af70-50686448c5a7@group-374AAC182BE3-PendingRequests: sendNotLeaderResponses
2022-09-12 01:24:12,123 [Listener at 127.0.0.1/42815] INFO  impl.StateMachineUpdater (StateMachineUpdater.java:stopAndJoin(153)) - 59d5d0ad-089c-47a8-af70-50686448c5a7@group-374AAC182BE3-StateMachineUpdater: set stopIndex = 0
2022-09-12 01:24:12,123 [59d5d0ad-089c-47a8-af70-50686448c5a7@group-374AAC182BE3-StateMachineUpdater] INFO  ratis.ContainerStateMachine (ContainerStateMachine.java:takeSnapshot(304)) - group-374AAC182BE3: Taking a snapshot at:(t:1, i:0) file /home/runner/work/ozone/ozone/hadoop-ozone/integration-test/target/test-dir/MiniOzoneClusterImpl-3d4a976f-5e4d-41d2-99e8-392de73f1c7a/datanode-2/data/ratis/57114f90-0974-4ee0-9f80-374aac182be3/sm/snapshot.1_0
2022-09-12 01:24:12,123 [59d5d0ad-089c-47a8-af70-50686448c5a7@group-374AAC182BE3-StateMachineUpdater] INFO  ratis.ContainerStateMachine (ContainerStateMachine.java:takeSnapshot(315)) - group-374AAC182BE3: Finished taking a snapshot at:(t:1, i:0) file:/home/runner/work/ozone/ozone/hadoop-ozone/integration-test/target/test-dir/MiniOzoneClusterImpl-3d4a976f-5e4d-41d2-99e8-392de73f1c7a/datanode-2/data/ratis/57114f90-0974-4ee0-9f80-374aac182be3/sm/snapshot.1_0 took: 0 ms
2022-09-12 01:24:12,123 [59d5d0ad-089c-47a8-af70-50686448c5a7@group-374AAC182BE3-StateMachineUpdater] INFO  impl.StateMachineUpdater (StateMachineUpdater.java:takeSnapshot(287)) - 59d5d0ad-089c-47a8-af70-50686448c5a7@group-374AAC182BE3-StateMachineUpdater: Took a snapshot at index 0
2022-09-12 01:24:12,123 [59d5d0ad-089c-47a8-af70-50686448c5a7@group-374AAC182BE3-StateMachineUpdater] INFO  impl.StateMachineUpdater (StateMachineUpdater.java:lambda$new$0(92)) - 59d5d0ad-089c-47a8-af70-50686448c5a7@group-374AAC182BE3-StateMachineUpdater: snapshotIndex: updateIncreasingly -1 -> 0
2022-09-12 01:24:12,124 [Listener at 127.0.0.1/42815] INFO  server.RaftServer$Division (ServerState.java:close(429)) - 59d5d0ad-089c-47a8-af70-50686448c5a7@group-374AAC182BE3: closes. applyIndex: 0
2022-09-12 01:24:12,124 [59d5d0ad-089c-47a8-af70-50686448c5a7@group-374AAC182BE3-SegmentedRaftLogWorker] INFO  segmented.SegmentedRaftLogWorker (SegmentedRaftLogWorker.java:run(336)) - 59d5d0ad-089c-47a8-af70-50686448c5a7@group-374AAC182BE3-SegmentedRaftLogWorker was interrupted, exiting. There are 0 tasks remaining in the queue.
2022-09-12 01:24:12,125 [Listener at 127.0.0.1/42815] INFO  segmented.SegmentedRaftLogWorker (SegmentedRaftLogWorker.java:close(246)) - 59d5d0ad-089c-47a8-af70-50686448c5a7@group-374AAC182BE3-SegmentedRaftLogWorker close()
2022-09-12 01:24:12,128 [ForkJoinPool.commonPool-worker-0] INFO  segmented.SegmentedRaftLogWorker (SegmentedRaftLogWorker.java:close(246)) - 59d5d0ad-089c-47a8-af70-50686448c5a7@group-4471245E049C-SegmentedRaftLogWorker close()
2022-09-12 01:24:12,129 [Listener at 127.0.0.1/42815] INFO  server.GrpcService (GrpcService.java:closeImpl(269)) - 59d5d0ad-089c-47a8-af70-50686448c5a7: shutdown server with port 46841 now
2022-09-12 01:24:12,140 [Listener at 127.0.0.1/42815] INFO  server.GrpcService (GrpcService.java:closeImpl(278)) - 59d5d0ad-089c-47a8-af70-50686448c5a7: shutdown server with port 46841 successfully
2022-09-12 01:24:12,140 [org.apache.ratis.util.JvmPauseMonitor$$Lambda$605/1445225850@23b9d8f5] INFO  util.JvmPauseMonitor (JvmPauseMonitor.java:run(109)) - JvmPauseMonitor-59d5d0ad-089c-47a8-af70-50686448c5a7: Stopped
2022-09-12 01:24:12,708 [EndpointStateMachine task thread for /127.0.0.1:40693 - 0 ] INFO  ipc.Client (Client.java:handleConnectionFailure(977)) - Retrying connect to server: localhost/127.0.0.1:40693. Already tried 2 time(s); retry policy is RetryUpToMaximumCountWithFixedSleep(maxRetries=15, sleepTime=1000 MILLISECONDS)
2022-09-12 01:24:13,709 [EndpointStateMachine task thread for /127.0.0.1:40693 - 0 ] INFO  ipc.Client (Client.java:handleConnectionFailure(977)) - Retrying connect to server: localhost/127.0.0.1:40693. Already tried 3 time(s); retry policy is RetryUpToMaximumCountWithFixedSleep(maxRetries=15, sleepTime=1000 MILLISECONDS)
2022-09-12 01:24:14,157 [Listener at 127.0.0.1/42815] INFO  utils.BackgroundService (BackgroundService.java:shutdown(141)) - Shutting down service BlockDeletingService
2022-09-12 01:24:14,157 [Listener at 127.0.0.1/42815] INFO  utils.BackgroundService (BackgroundService.java:shutdown(141)) - Shutting down service StaleRecoveringContainerScrubbingService
2022-09-12 01:24:14,709 [EndpointStateMachine task thread for /127.0.0.1:40693 - 0 ] INFO  ipc.Client (Client.java:handleConnectionFailure(977)) - Retrying connect to server: localhost/127.0.0.1:40693. Already tried 4 time(s); retry policy is RetryUpToMaximumCountWithFixedSleep(maxRetries=15, sleepTime=1000 MILLISECONDS)
2022-09-12 01:24:15,710 [EndpointStateMachine task thread for /127.0.0.1:40693 - 0 ] INFO  ipc.Client (Client.java:handleConnectionFailure(977)) - Retrying connect to server: localhost/127.0.0.1:40693. Already tried 5 time(s); retry policy is RetryUpToMaximumCountWithFixedSleep(maxRetries=15, sleepTime=1000 MILLISECONDS)
2022-09-12 01:24:16,711 [EndpointStateMachine task thread for /127.0.0.1:40693 - 0 ] INFO  ipc.Client (Client.java:handleConnectionFailure(977)) - Retrying connect to server: localhost/127.0.0.1:40693. Already tried 6 time(s); retry policy is RetryUpToMaximumCountWithFixedSleep(maxRetries=15, sleepTime=1000 MILLISECONDS)
2022-09-12 01:24:17,161 [Listener at 127.0.0.1/42815] INFO  statemachine.DatanodeStateMachine (DatanodeStateMachine.java:stopDaemon(580)) - Ozone container server stopped.
2022-09-12 01:24:17,190 [Listener at 127.0.0.1/42815] INFO  handler.ContextHandler (ContextHandler.java:doStop(1153)) - Stopped o.e.j.w.WebAppContext@5ab0260{hddsDatanode,/,null,STOPPED}{jar:file:/home/runner/.m2/repository/org/apache/ozone/hdds-container-service/1.3.0-SNAPSHOT/hdds-container-service-1.3.0-SNAPSHOT.jar!/webapps/hddsDatanode}
2022-09-12 01:24:17,191 [Listener at 127.0.0.1/42815] INFO  server.AbstractConnector (AbstractConnector.java:doStop(381)) - Stopped ServerConnector@41e8e7d4{HTTP/1.1, (http/1.1)}{0.0.0.0:0}
2022-09-12 01:24:17,192 [Listener at 127.0.0.1/42815] INFO  server.session (HouseKeeper.java:stopScavenging(149)) - node0 Stopped scavenging
2022-09-12 01:24:17,193 [Listener at 127.0.0.1/42815] INFO  handler.ContextHandler (ContextHandler.java:doStop(1153)) - Stopped o.e.j.s.ServletContextHandler@1238c363{static,/static,jar:file:/home/runner/.m2/repository/org/apache/ozone/hdds-container-service/1.3.0-SNAPSHOT/hdds-container-service-1.3.0-SNAPSHOT.jar!/webapps/static,STOPPED}
2022-09-12 01:24:17,193 [Listener at 127.0.0.1/42815] INFO  handler.ContextHandler (ContextHandler.java:doStop(1153)) - Stopped o.e.j.s.ServletContextHandler@7a6a4327{logs,/logs,file:///home/runner/work/ozone/ozone/hadoop-ozone/integration-test/target/log,STOPPED}
]]></system-out>
  </testcase>
  <testcase name="testBootstrap" classname="org.apache.hadoop.ozone.om.TestAddRemoveOzoneManager" time="98.852">
    <error type="java.util.concurrent.TimeoutException"><![CDATA[java.util.concurrent.TimeoutException: 
Timed out waiting for condition. Thread diagnostics:
Timestamp: 2022-09-12 01:25:34,172

"EventQueue-PipelineReportForPipelineReportHandler" daemon prio=5 tid=1586 in Object.wait()
java.lang.Thread.State: WAITING (on object monitor)
        at sun.misc.Unsafe.park(Native Method)
        at java.util.concurrent.locks.LockSupport.park(LockSupport.java:175)
        at java.util.concurrent.locks.AbstractQueuedSynchronizer$ConditionObject.await(AbstractQueuedSynchronizer.java:2044)
        at java.util.concurrent.LinkedBlockingQueue.take(LinkedBlockingQueue.java:442)
        at java.util.concurrent.ThreadPoolExecutor.getTask(ThreadPoolExecutor.java:1074)
        at java.util.concurrent.ThreadPoolExecutor.runWorker(ThreadPoolExecutor.java:1134)
        at java.util.concurrent.ThreadPoolExecutor$Worker.run(ThreadPoolExecutor.java:624)
        at java.lang.Thread.run(Thread.java:750)
"03e900db-606d-4788-a076-61e9663ea76b@group-26218CACBD25-FollowerState" daemon prio=5 tid=1657 timed_waiting
java.lang.Thread.State: TIMED_WAITING
        at java.lang.Thread.sleep(Native Method)
        at java.lang.Thread.sleep(Thread.java:342)
        at java.util.concurrent.TimeUnit.sleep(TimeUnit.java:386)
        at org.apache.ratis.util.TimeDuration.sleep(TimeDuration.java:325)
        at org.apache.ratis.util.TimeDuration.sleep(TimeDuration.java:310)
        at org.apache.ratis.server.impl.FollowerState.run(FollowerState.java:128)
"ChunkWriter-0-0" daemon prio=5 tid=1572 in Object.wait()
java.lang.Thread.State: WAITING (on object monitor)
        at sun.misc.Unsafe.park(Native Method)
        at java.util.concurrent.locks.LockSupport.park(LockSupport.java:175)
        at java.util.concurrent.locks.AbstractQueuedSynchronizer$ConditionObject.await(AbstractQueuedSynchronizer.java:2044)
        at java.util.concurrent.LinkedBlockingDeque.takeFirst(LinkedBlockingDeque.java:492)
        at java.util.concurrent.LinkedBlockingDeque.take(LinkedBlockingDeque.java:680)
        at java.util.concurrent.ThreadPoolExecutor.getTask(ThreadPoolExecutor.java:1074)
        at java.util.concurrent.ThreadPoolExecutor.runWorker(ThreadPoolExecutor.java:1134)
        at java.util.concurrent.ThreadPoolExecutor$Worker.run(ThreadPoolExecutor.java:624)
        at java.lang.Thread.run(Thread.java:750)
"IPC Server handler 44 on default port 46755" daemon prio=5 tid=1358 timed_waiting
java.lang.Thread.State: TIMED_WAITING
        at sun.misc.Unsafe.park(Native Method)
        at java.util.concurrent.locks.LockSupport.parkNanos(LockSupport.java:215)
        at java.util.concurrent.locks.AbstractQueuedSynchronizer$ConditionObject.awaitNanos(AbstractQueuedSynchronizer.java:2083)
        at java.util.concurrent.LinkedBlockingQueue.poll(LinkedBlockingQueue.java:467)
        at org.apache.hadoop.ipc.CallQueueManager.take(CallQueueManager.java:317)
        at org.apache.hadoop.ipc.Server$Handler.run(Server.java:2932)
"IPC Server handler 25 on default port 38039" daemon prio=5 tid=1222 timed_waiting
java.lang.Thread.State: TIMED_WAITING
        at sun.misc.Unsafe.park(Native Method)
        at java.util.concurrent.locks.LockSupport.parkNanos(LockSupport.java:215)
        at java.util.concurrent.locks.AbstractQueuedSynchronizer$ConditionObject.awaitNanos(AbstractQueuedSynchronizer.java:2083)
        at java.util.concurrent.LinkedBlockingQueue.poll(LinkedBlockingQueue.java:467)
        at org.apache.hadoop.ipc.CallQueueManager.take(CallQueueManager.java:317)
        at org.apache.hadoop.ipc.Server$Handler.run(Server.java:2932)
"EndpointStateMachine task thread for /127.0.0.1:40693 - 0 "  prio=5 tid=654 in Object.wait()
java.lang.Thread.State: WAITING (on object monitor)
        at sun.misc.Unsafe.park(Native Method)
        at java.util.concurrent.locks.LockSupport.park(LockSupport.java:175)
        at java.util.concurrent.locks.AbstractQueuedSynchronizer$ConditionObject.await(AbstractQueuedSynchronizer.java:2044)
        at java.util.concurrent.LinkedBlockingQueue.take(LinkedBlockingQueue.java:442)
        at java.util.concurrent.ThreadPoolExecutor.getTask(ThreadPoolExecutor.java:1074)
        at java.util.concurrent.ThreadPoolExecutor.runWorker(ThreadPoolExecutor.java:1134)
        at java.util.concurrent.ThreadPoolExecutor$Worker.run(ThreadPoolExecutor.java:624)
        at java.lang.Thread.run(Thread.java:750)
"grpc-shared-destroyer-0" daemon prio=5 tid=24 in Object.wait()
java.lang.Thread.State: WAITING (on object monitor)
        at sun.misc.Unsafe.park(Native Method)
        at java.util.concurrent.locks.LockSupport.park(LockSupport.java:175)
        at java.util.concurrent.locks.AbstractQueuedSynchronizer$ConditionObject.await(AbstractQueuedSynchronizer.java:2044)
        at java.util.concurrent.ScheduledThreadPoolExecutor$DelayedWorkQueue.take(ScheduledThreadPoolExecutor.java:1081)
        at java.util.concurrent.ScheduledThreadPoolExecutor$DelayedWorkQueue.take(ScheduledThreadPoolExecutor.java:809)
        at java.util.concurrent.ThreadPoolExecutor.getTask(ThreadPoolExecutor.java:1074)
        at java.util.concurrent.ThreadPoolExecutor.runWorker(ThreadPoolExecutor.java:1134)
        at java.util.concurrent.ThreadPoolExecutor$Worker.run(ThreadPoolExecutor.java:624)
        at java.lang.Thread.run(Thread.java:750)
"org.apache.hadoop.ozone.container.common.statemachine.commandhandler.DeleteBlocksCommandHandler$DeleteCmdWorker@45ce4734" daemon prio=5 tid=1525 timed_waiting
java.lang.Thread.State: TIMED_WAITING
        at java.lang.Thread.sleep(Native Method)
        at org.apache.hadoop.ozone.container.common.statemachine.commandhandler.DeleteBlocksCommandHandler$DeleteCmdWorker.run(DeleteBlocksCommandHandler.java:185)
        at java.lang.Thread.run(Thread.java:750)
"org.apache.hadoop.ozone.container.common.statemachine.commandhandler.DeleteBlocksCommandHandler$DeleteCmdWorker@685e8e30" daemon prio=5 tid=613 runnable
java.lang.Thread.State: RUNNABLE
        at java.lang.Thread.sleep(Native Method)
        at org.apache.hadoop.ozone.container.common.statemachine.commandhandler.DeleteBlocksCommandHandler$DeleteCmdWorker.run(DeleteBlocksCommandHandler.java:185)
        at java.lang.Thread.run(Thread.java:750)
"IPC Server handler 10 on default port 41695" daemon prio=5 tid=1811 timed_waiting
java.lang.Thread.State: TIMED_WAITING
        at sun.misc.Unsafe.park(Native Method)
        at java.util.concurrent.locks.LockSupport.parkNanos(LockSupport.java:215)
        at java.util.concurrent.locks.AbstractQueuedSynchronizer$ConditionObject.awaitNanos(AbstractQueuedSynchronizer.java:2083)
        at java.util.concurrent.LinkedBlockingQueue.poll(LinkedBlockingQueue.java:467)
        at org.apache.hadoop.ipc.CallQueueManager.take(CallQueueManager.java:317)
        at org.apache.hadoop.ipc.Server$Handler.run(Server.java:2932)
"ChunkWriter-0-0" daemon prio=5 tid=1560 in Object.wait()
java.lang.Thread.State: WAITING (on object monitor)
        at sun.misc.Unsafe.park(Native Method)
        at java.util.concurrent.locks.LockSupport.park(LockSupport.java:175)
        at java.util.concurrent.locks.AbstractQueuedSynchronizer$ConditionObject.await(AbstractQueuedSynchronizer.java:2044)
        at java.util.concurrent.LinkedBlockingDeque.takeFirst(LinkedBlockingDeque.java:492)
        at java.util.concurrent.LinkedBlockingDeque.take(LinkedBlockingDeque.java:680)
        at java.util.concurrent.ThreadPoolExecutor.getTask(ThreadPoolExecutor.java:1074)
        at java.util.concurrent.ThreadPoolExecutor.runWorker(ThreadPoolExecutor.java:1134)
        at java.util.concurrent.ThreadPoolExecutor$Worker.run(ThreadPoolExecutor.java:624)
        at java.lang.Thread.run(Thread.java:750)
"IPC Server handler 7 on default port 38511" daemon prio=5 tid=1734 timed_waiting
java.lang.Thread.State: TIMED_WAITING
        at sun.misc.Unsafe.park(Native Method)
        at java.util.concurrent.locks.LockSupport.parkNanos(LockSupport.java:215)
        at java.util.concurrent.locks.AbstractQueuedSynchronizer$ConditionObject.awaitNanos(AbstractQueuedSynchronizer.java:2083)
        at java.util.concurrent.LinkedBlockingQueue.poll(LinkedBlockingQueue.java:467)
        at org.apache.hadoop.ipc.CallQueueManager.take(CallQueueManager.java:317)
        at org.apache.hadoop.ipc.Server$Handler.run(Server.java:2932)
"EndpointStateMachine task thread for /127.0.0.1:46755 - 0 "  prio=5 tid=1571 in Object.wait()
java.lang.Thread.State: WAITING (on object monitor)
        at sun.misc.Unsafe.park(Native Method)
        at java.util.concurrent.locks.LockSupport.park(LockSupport.java:175)
        at java.util.concurrent.locks.AbstractQueuedSynchronizer$ConditionObject.await(AbstractQueuedSynchronizer.java:2044)
        at java.util.concurrent.LinkedBlockingQueue.take(LinkedBlockingQueue.java:442)
        at java.util.concurrent.ThreadPoolExecutor.getTask(ThreadPoolExecutor.java:1074)
        at java.util.concurrent.ThreadPoolExecutor.runWorker(ThreadPoolExecutor.java:1134)
        at java.util.concurrent.ThreadPoolExecutor$Worker.run(ThreadPoolExecutor.java:624)
        at java.lang.Thread.run(Thread.java:750)
"IPC Server handler 63 on default port 38039" daemon prio=5 tid=1260 timed_waiting
java.lang.Thread.State: TIMED_WAITING
        at sun.misc.Unsafe.park(Native Method)
        at java.util.concurrent.locks.LockSupport.parkNanos(LockSupport.java:215)
        at java.util.concurrent.locks.AbstractQueuedSynchronizer$ConditionObject.awaitNanos(AbstractQueuedSynchronizer.java:2083)
        at java.util.concurrent.LinkedBlockingQueue.poll(LinkedBlockingQueue.java:467)
        at org.apache.hadoop.ipc.CallQueueManager.take(CallQueueManager.java:317)
        at org.apache.hadoop.ipc.Server$Handler.run(Server.java:2932)
"IPC Server handler 6 on default port 38511" daemon prio=5 tid=1733 timed_waiting
java.lang.Thread.State: TIMED_WAITING
        at sun.misc.Unsafe.park(Native Method)
        at java.util.concurrent.locks.LockSupport.parkNanos(LockSupport.java:215)
        at java.util.concurrent.locks.AbstractQueuedSynchronizer$ConditionObject.awaitNanos(AbstractQueuedSynchronizer.java:2083)
        at java.util.concurrent.LinkedBlockingQueue.poll(LinkedBlockingQueue.java:467)
        at org.apache.hadoop.ipc.CallQueueManager.take(CallQueueManager.java:317)
        at org.apache.hadoop.ipc.Server$Handler.run(Server.java:2932)
"IPC Server handler 16 on default port 41695" daemon prio=5 tid=1817 timed_waiting
java.lang.Thread.State: TIMED_WAITING
        at sun.misc.Unsafe.park(Native Method)
        at java.util.concurrent.locks.LockSupport.parkNanos(LockSupport.java:215)
        at java.util.concurrent.locks.AbstractQueuedSynchronizer$ConditionObject.awaitNanos(AbstractQueuedSynchronizer.java:2083)
        at java.util.concurrent.LinkedBlockingQueue.poll(LinkedBlockingQueue.java:467)
        at org.apache.hadoop.ipc.CallQueueManager.take(CallQueueManager.java:317)
        at org.apache.hadoop.ipc.Server$Handler.run(Server.java:2932)
"Datanode State Machine Task Thread - 0"  prio=5 tid=1518 in Object.wait()
java.lang.Thread.State: WAITING (on object monitor)
        at sun.misc.Unsafe.park(Native Method)
        at java.util.concurrent.locks.LockSupport.park(LockSupport.java:175)
        at java.util.concurrent.locks.AbstractQueuedSynchronizer$ConditionObject.await(AbstractQueuedSynchronizer.java:2044)
        at java.util.concurrent.LinkedBlockingQueue.take(LinkedBlockingQueue.java:442)
        at java.util.concurrent.ThreadPoolExecutor.getTask(ThreadPoolExecutor.java:1074)
        at java.util.concurrent.ThreadPoolExecutor.runWorker(ThreadPoolExecutor.java:1134)
        at java.util.concurrent.ThreadPoolExecutor$Worker.run(ThreadPoolExecutor.java:624)
        at java.lang.Thread.run(Thread.java:750)
"IPC Server handler 31 on default port 39853" daemon prio=5 tid=1128 timed_waiting
java.lang.Thread.State: TIMED_WAITING
        at sun.misc.Unsafe.park(Native Method)
        at java.util.concurrent.locks.LockSupport.parkNanos(LockSupport.java:215)
        at java.util.concurrent.locks.AbstractQueuedSynchronizer$ConditionObject.awaitNanos(AbstractQueuedSynchronizer.java:2083)
        at java.util.concurrent.LinkedBlockingQueue.poll(LinkedBlockingQueue.java:467)
        at org.apache.hadoop.ipc.CallQueueManager.take(CallQueueManager.java:317)
        at org.apache.hadoop.ipc.Server$Handler.run(Server.java:2932)
"DirectoryDeletingService#0" daemon prio=5 tid=1715 timed_waiting
java.lang.Thread.State: TIMED_WAITING
        at sun.misc.Unsafe.park(Native Method)
        at java.util.concurrent.locks.LockSupport.parkNanos(LockSupport.java:215)
        at java.util.concurrent.locks.AbstractQueuedSynchronizer$ConditionObject.awaitNanos(AbstractQueuedSynchronizer.java:2083)
        at java.util.concurrent.ScheduledThreadPoolExecutor$DelayedWorkQueue.take(ScheduledThreadPoolExecutor.java:1093)
        at java.util.concurrent.ScheduledThreadPoolExecutor$DelayedWorkQueue.take(ScheduledThreadPoolExecutor.java:809)
        at java.util.concurrent.ThreadPoolExecutor.getTask(ThreadPoolExecutor.java:1074)
        at java.util.concurrent.ThreadPoolExecutor.runWorker(ThreadPoolExecutor.java:1134)
        at java.util.concurrent.ThreadPoolExecutor$Worker.run(ThreadPoolExecutor.java:624)
        at java.lang.Thread.run(Thread.java:750)
"IPC Server handler 91 on default port 46755" daemon prio=5 tid=1405 timed_waiting
java.lang.Thread.State: TIMED_WAITING
        at sun.misc.Unsafe.park(Native Method)
        at java.util.concurrent.locks.LockSupport.parkNanos(LockSupport.java:215)
        at java.util.concurrent.locks.AbstractQueuedSynchronizer$ConditionObject.awaitNanos(AbstractQueuedSynchronizer.java:2083)
        at java.util.concurrent.LinkedBlockingQueue.poll(LinkedBlockingQueue.java:467)
        at org.apache.hadoop.ipc.CallQueueManager.take(CallQueueManager.java:317)
        at org.apache.hadoop.ipc.Server$Handler.run(Server.java:2932)
"Session-HouseKeeper-26a01fca-1"  prio=5 tid=1507 timed_waiting
java.lang.Thread.State: TIMED_WAITING
        at sun.misc.Unsafe.park(Native Method)
        at java.util.concurrent.locks.LockSupport.parkNanos(LockSupport.java:215)
        at java.util.concurrent.locks.AbstractQueuedSynchronizer$ConditionObject.awaitNanos(AbstractQueuedSynchronizer.java:2083)
        at java.util.concurrent.ScheduledThreadPoolExecutor$DelayedWorkQueue.take(ScheduledThreadPoolExecutor.java:1093)
        at java.util.concurrent.ScheduledThreadPoolExecutor$DelayedWorkQueue.take(ScheduledThreadPoolExecutor.java:809)
        at java.util.concurrent.ThreadPoolExecutor.getTask(ThreadPoolExecutor.java:1074)
        at java.util.concurrent.ThreadPoolExecutor.runWorker(ThreadPoolExecutor.java:1134)
        at java.util.concurrent.ThreadPoolExecutor$Worker.run(ThreadPoolExecutor.java:624)
        at java.lang.Thread.run(Thread.java:750)
"IPC Server handler 11 on default port 46755" daemon prio=5 tid=1325 timed_waiting
java.lang.Thread.State: TIMED_WAITING
        at sun.misc.Unsafe.park(Native Method)
        at java.util.concurrent.locks.LockSupport.parkNanos(LockSupport.java:215)
        at java.util.concurrent.locks.AbstractQueuedSynchronizer$ConditionObject.awaitNanos(AbstractQueuedSynchronizer.java:2083)
        at java.util.concurrent.LinkedBlockingQueue.poll(LinkedBlockingQueue.java:467)
        at org.apache.hadoop.ipc.CallQueueManager.take(CallQueueManager.java:317)
        at org.apache.hadoop.ipc.Server$Handler.run(Server.java:2932)
"ContainerOp-6dc43382-3a53-4f47-bfc3-ac284e633f92-1"  prio=5 tid=1692 in Object.wait()
java.lang.Thread.State: WAITING (on object monitor)
        at sun.misc.Unsafe.park(Native Method)
        at java.util.concurrent.locks.LockSupport.park(LockSupport.java:175)
        at java.util.concurrent.locks.AbstractQueuedSynchronizer$ConditionObject.await(AbstractQueuedSynchronizer.java:2044)
        at java.util.concurrent.LinkedBlockingQueue.take(LinkedBlockingQueue.java:442)
        at java.util.concurrent.ThreadPoolExecutor.getTask(ThreadPoolExecutor.java:1074)
        at java.util.concurrent.ThreadPoolExecutor.runWorker(ThreadPoolExecutor.java:1134)
        at java.util.concurrent.ThreadPoolExecutor$Worker.run(ThreadPoolExecutor.java:624)
        at java.lang.Thread.run(Thread.java:750)
"IPC Server handler 8 on default port 38511" daemon prio=5 tid=1735 timed_waiting
java.lang.Thread.State: TIMED_WAITING
        at sun.misc.Unsafe.park(Native Method)
        at java.util.concurrent.locks.LockSupport.parkNanos(LockSupport.java:215)
        at java.util.concurrent.locks.AbstractQueuedSynchronizer$ConditionObject.awaitNanos(AbstractQueuedSynchronizer.java:2083)
        at java.util.concurrent.LinkedBlockingQueue.poll(LinkedBlockingQueue.java:467)
        at org.apache.hadoop.ipc.CallQueueManager.take(CallQueueManager.java:317)
        at org.apache.hadoop.ipc.Server$Handler.run(Server.java:2932)
"qtp1595633599-1527" daemon prio=5 tid=1527 runnable
java.lang.Thread.State: RUNNABLE
        at sun.nio.ch.EPollArrayWrapper.epollWait(Native Method)
        at sun.nio.ch.EPollArrayWrapper.poll(EPollArrayWrapper.java:269)
        at sun.nio.ch.EPollSelectorImpl.doSelect(EPollSelectorImpl.java:93)
        at sun.nio.ch.SelectorImpl.lockAndDoSelect(SelectorImpl.java:86)
        at sun.nio.ch.SelectorImpl.select(SelectorImpl.java:97)
        at sun.nio.ch.SelectorImpl.select(SelectorImpl.java:101)
        at org.eclipse.jetty.io.ManagedSelector.nioSelect(ManagedSelector.java:183)
        at org.eclipse.jetty.io.ManagedSelector.select(ManagedSelector.java:190)
        at org.eclipse.jetty.io.ManagedSelector$SelectorProducer.select(ManagedSelector.java:606)
        at org.eclipse.jetty.io.ManagedSelector$SelectorProducer.produce(ManagedSelector.java:543)
        at org.eclipse.jetty.util.thread.strategy.EatWhatYouKill.produceTask(EatWhatYouKill.java:362)
        at org.eclipse.jetty.util.thread.strategy.EatWhatYouKill.doProduce(EatWhatYouKill.java:186)
        at org.eclipse.jetty.util.thread.strategy.EatWhatYouKill.tryProduce(EatWhatYouKill.java:173)
        at org.eclipse.jetty.util.thread.strategy.EatWhatYouKill.produce(EatWhatYouKill.java:137)
        at org.eclipse.jetty.io.ManagedSelector$$Lambda$821/156203431.run(Unknown Source)
        at org.eclipse.jetty.util.thread.QueuedThreadPool.runJob(QueuedThreadPool.java:883)
        at org.eclipse.jetty.util.thread.QueuedThreadPool$Runner.run(QueuedThreadPool.java:1034)
        at java.lang.Thread.run(Thread.java:750)
"IPC Server handler 19 on default port 41695" daemon prio=5 tid=1820 timed_waiting
java.lang.Thread.State: TIMED_WAITING
        at sun.misc.Unsafe.park(Native Method)
        at java.util.concurrent.locks.LockSupport.parkNanos(LockSupport.java:215)
        at java.util.concurrent.locks.AbstractQueuedSynchronizer$ConditionObject.awaitNanos(AbstractQueuedSynchronizer.java:2083)
        at java.util.concurrent.LinkedBlockingQueue.poll(LinkedBlockingQueue.java:467)
        at org.apache.hadoop.ipc.CallQueueManager.take(CallQueueManager.java:317)
        at org.apache.hadoop.ipc.Server$Handler.run(Server.java:2932)
"IPC Server handler 34 on default port 38039" daemon prio=5 tid=1231 timed_waiting
java.lang.Thread.State: TIMED_WAITING
        at sun.misc.Unsafe.park(Native Method)
        at java.util.concurrent.locks.LockSupport.parkNanos(LockSupport.java:215)
        at java.util.concurrent.locks.AbstractQueuedSynchronizer$ConditionObject.awaitNanos(AbstractQueuedSynchronizer.java:2083)
        at java.util.concurrent.LinkedBlockingQueue.poll(LinkedBlockingQueue.java:467)
        at org.apache.hadoop.ipc.CallQueueManager.take(CallQueueManager.java:317)
        at org.apache.hadoop.ipc.Server$Handler.run(Server.java:2932)
"IPC Server handler 12 on default port 39853" daemon prio=5 tid=1109 timed_waiting
java.lang.Thread.State: TIMED_WAITING
        at sun.misc.Unsafe.park(Native Method)
        at java.util.concurrent.locks.LockSupport.parkNanos(LockSupport.java:215)
        at java.util.concurrent.locks.AbstractQueuedSynchronizer$ConditionObject.awaitNanos(AbstractQueuedSynchronizer.java:2083)
        at java.util.concurrent.LinkedBlockingQueue.poll(LinkedBlockingQueue.java:467)
        at org.apache.hadoop.ipc.CallQueueManager.take(CallQueueManager.java:317)
        at org.apache.hadoop.ipc.Server$Handler.run(Server.java:2932)
"Timer for 'StorageContainerManager' metrics system" daemon prio=5 tid=1094 timed_waiting
java.lang.Thread.State: TIMED_WAITING
        at java.lang.Object.wait(Native Method)
        at java.util.TimerThread.mainLoop(Timer.java:552)
        at java.util.TimerThread.run(Timer.java:505)
"PartialTableCache Cleanup Thread - 0" daemon prio=5 tid=879 in Object.wait()
java.lang.Thread.State: WAITING (on object monitor)
        at sun.misc.Unsafe.park(Native Method)
        at java.util.concurrent.locks.LockSupport.park(LockSupport.java:175)
        at java.util.concurrent.locks.AbstractQueuedSynchronizer$ConditionObject.await(AbstractQueuedSynchronizer.java:2044)
        at java.util.concurrent.LinkedBlockingQueue.take(LinkedBlockingQueue.java:442)
        at java.util.concurrent.ThreadPoolExecutor.getTask(ThreadPoolExecutor.java:1074)
        at java.util.concurrent.ThreadPoolExecutor.runWorker(ThreadPoolExecutor.java:1134)
        at java.util.concurrent.ThreadPoolExecutor$Worker.run(ThreadPoolExecutor.java:624)
        at java.lang.Thread.run(Thread.java:750)
"IPC Server handler 6 on default port 46755" daemon prio=5 tid=1320 timed_waiting
java.lang.Thread.State: TIMED_WAITING
        at sun.misc.Unsafe.park(Native Method)
        at java.util.concurrent.locks.LockSupport.parkNanos(LockSupport.java:215)
        at java.util.concurrent.locks.AbstractQueuedSynchronizer$ConditionObject.awaitNanos(AbstractQueuedSynchronizer.java:2083)
        at java.util.concurrent.LinkedBlockingQueue.poll(LinkedBlockingQueue.java:467)
        at org.apache.hadoop.ipc.CallQueueManager.take(CallQueueManager.java:317)
        at org.apache.hadoop.ipc.Server$Handler.run(Server.java:2932)
"Datanode ReportManager Thread - 0" daemon prio=5 tid=1511 in Object.wait()
java.lang.Thread.State: WAITING (on object monitor)
        at sun.misc.Unsafe.park(Native Method)
        at java.util.concurrent.locks.LockSupport.park(LockSupport.java:175)
        at java.util.concurrent.locks.AbstractQueuedSynchronizer$ConditionObject.await(AbstractQueuedSynchronizer.java:2044)
        at java.util.concurrent.ScheduledThreadPoolExecutor$DelayedWorkQueue.take(ScheduledThreadPoolExecutor.java:1088)
        at java.util.concurrent.ScheduledThreadPoolExecutor$DelayedWorkQueue.take(ScheduledThreadPoolExecutor.java:809)
        at java.util.concurrent.ThreadPoolExecutor.getTask(ThreadPoolExecutor.java:1074)
        at java.util.concurrent.ThreadPoolExecutor.runWorker(ThreadPoolExecutor.java:1134)
        at java.util.concurrent.ThreadPoolExecutor$Worker.run(ThreadPoolExecutor.java:624)
        at java.lang.Thread.run(Thread.java:750)
"IPC Server handler 83 on default port 46755" daemon prio=5 tid=1397 timed_waiting
java.lang.Thread.State: TIMED_WAITING
        at sun.misc.Unsafe.park(Native Method)
        at java.util.concurrent.locks.LockSupport.parkNanos(LockSupport.java:215)
        at java.util.concurrent.locks.AbstractQueuedSynchronizer$ConditionObject.awaitNanos(AbstractQueuedSynchronizer.java:2083)
        at java.util.concurrent.LinkedBlockingQueue.poll(LinkedBlockingQueue.java:467)
        at org.apache.hadoop.ipc.CallQueueManager.take(CallQueueManager.java:317)
        at org.apache.hadoop.ipc.Server$Handler.run(Server.java:2932)
"IPC Server handler 23 on default port 38039" daemon prio=5 tid=1220 timed_waiting
java.lang.Thread.State: TIMED_WAITING
        at sun.misc.Unsafe.park(Native Method)
        at java.util.concurrent.locks.LockSupport.parkNanos(LockSupport.java:215)
        at java.util.concurrent.locks.AbstractQueuedSynchronizer$ConditionObject.awaitNanos(AbstractQueuedSynchronizer.java:2083)
        at java.util.concurrent.LinkedBlockingQueue.poll(LinkedBlockingQueue.java:467)
        at org.apache.hadoop.ipc.CallQueueManager.take(CallQueueManager.java:317)
        at org.apache.hadoop.ipc.Server$Handler.run(Server.java:2932)
"IPC Server handler 13 on default port 41695" daemon prio=5 tid=1814 timed_waiting
java.lang.Thread.State: TIMED_WAITING
        at sun.misc.Unsafe.park(Native Method)
        at java.util.concurrent.locks.LockSupport.parkNanos(LockSupport.java:215)
        at java.util.concurrent.locks.AbstractQueuedSynchronizer$ConditionObject.awaitNanos(AbstractQueuedSynchronizer.java:2083)
        at java.util.concurrent.LinkedBlockingQueue.poll(LinkedBlockingQueue.java:467)
        at org.apache.hadoop.ipc.CallQueueManager.take(CallQueueManager.java:317)
        at org.apache.hadoop.ipc.Server$Handler.run(Server.java:2932)
"omNode-bootstrap-2-impl-thread1"  prio=5 tid=1772 timed_waiting
java.lang.Thread.State: TIMED_WAITING
        at sun.misc.Unsafe.park(Native Method)
        at java.util.concurrent.locks.LockSupport.parkNanos(LockSupport.java:215)
        at java.util.concurrent.SynchronousQueue$TransferStack.awaitFulfill(SynchronousQueue.java:460)
        at java.util.concurrent.SynchronousQueue$TransferStack.transfer(SynchronousQueue.java:362)
        at java.util.concurrent.SynchronousQueue.poll(SynchronousQueue.java:941)
        at java.util.concurrent.ThreadPoolExecutor.getTask(ThreadPoolExecutor.java:1073)
        at java.util.concurrent.ThreadPoolExecutor.runWorker(ThreadPoolExecutor.java:1134)
        at java.util.concurrent.ThreadPoolExecutor$Worker.run(ThreadPoolExecutor.java:624)
        at java.lang.Thread.run(Thread.java:750)
"IPC Server handler 95 on default port 46755" daemon prio=5 tid=1409 timed_waiting
java.lang.Thread.State: TIMED_WAITING
        at sun.misc.Unsafe.park(Native Method)
        at java.util.concurrent.locks.LockSupport.parkNanos(LockSupport.java:215)
        at java.util.concurrent.locks.AbstractQueuedSynchronizer$ConditionObject.awaitNanos(AbstractQueuedSynchronizer.java:2083)
        at java.util.concurrent.LinkedBlockingQueue.poll(LinkedBlockingQueue.java:467)
        at org.apache.hadoop.ipc.CallQueueManager.take(CallQueueManager.java:317)
        at org.apache.hadoop.ipc.Server$Handler.run(Server.java:2932)
"EventQueue-NodeReportForNodeReportHandler" daemon prio=5 tid=2035 in Object.wait()
java.lang.Thread.State: WAITING (on object monitor)
        at sun.misc.Unsafe.park(Native Method)
        at java.util.concurrent.locks.LockSupport.park(LockSupport.java:175)
        at java.util.concurrent.locks.AbstractQueuedSynchronizer$ConditionObject.await(AbstractQueuedSynchronizer.java:2044)
        at java.util.concurrent.LinkedBlockingQueue.take(LinkedBlockingQueue.java:442)
        at java.util.concurrent.ThreadPoolExecutor.getTask(ThreadPoolExecutor.java:1074)
        at java.util.concurrent.ThreadPoolExecutor.runWorker(ThreadPoolExecutor.java:1134)
        at java.util.concurrent.ThreadPoolExecutor$Worker.run(ThreadPoolExecutor.java:624)
        at java.lang.Thread.run(Thread.java:750)
"IPC Server handler 47 on default port 38039" daemon prio=5 tid=1244 timed_waiting
java.lang.Thread.State: TIMED_WAITING
        at sun.misc.Unsafe.park(Native Method)
        at java.util.concurrent.locks.LockSupport.parkNanos(LockSupport.java:215)
        at java.util.concurrent.locks.AbstractQueuedSynchronizer$ConditionObject.awaitNanos(AbstractQueuedSynchronizer.java:2083)
        at java.util.concurrent.LinkedBlockingQueue.poll(LinkedBlockingQueue.java:467)
        at org.apache.hadoop.ipc.CallQueueManager.take(CallQueueManager.java:317)
        at org.apache.hadoop.ipc.Server$Handler.run(Server.java:2932)
"IPC Server handler 5 on default port 46755" daemon prio=5 tid=1319 timed_waiting
java.lang.Thread.State: TIMED_WAITING
        at sun.misc.Unsafe.park(Native Method)
        at java.util.concurrent.locks.LockSupport.parkNanos(LockSupport.java:215)
        at java.util.concurrent.locks.AbstractQueuedSynchronizer$ConditionObject.awaitNanos(AbstractQueuedSynchronizer.java:2083)
        at java.util.concurrent.LinkedBlockingQueue.poll(LinkedBlockingQueue.java:467)
        at org.apache.hadoop.ipc.CallQueueManager.take(CallQueueManager.java:317)
        at org.apache.hadoop.ipc.Server$Handler.run(Server.java:2932)
"OpenKeyCleanupService#0" daemon prio=5 tid=1716 timed_waiting
java.lang.Thread.State: TIMED_WAITING
        at sun.misc.Unsafe.park(Native Method)
        at java.util.concurrent.locks.LockSupport.parkNanos(LockSupport.java:215)
        at java.util.concurrent.locks.AbstractQueuedSynchronizer$ConditionObject.awaitNanos(AbstractQueuedSynchronizer.java:2083)
        at java.util.concurrent.ScheduledThreadPoolExecutor$DelayedWorkQueue.take(ScheduledThreadPoolExecutor.java:1093)
        at java.util.concurrent.ScheduledThreadPoolExecutor$DelayedWorkQueue.take(ScheduledThreadPoolExecutor.java:809)
        at java.util.concurrent.ThreadPoolExecutor.getTask(ThreadPoolExecutor.java:1074)
        at java.util.concurrent.ThreadPoolExecutor.runWorker(ThreadPoolExecutor.java:1134)
        at java.util.concurrent.ThreadPoolExecutor$Worker.run(ThreadPoolExecutor.java:624)
        at java.lang.Thread.run(Thread.java:750)
"FullTableCache Cleanup Thread - 0" daemon prio=5 tid=855 in Object.wait()
java.lang.Thread.State: WAITING (on object monitor)
        at sun.misc.Unsafe.park(Native Method)
        at java.util.concurrent.locks.LockSupport.park(LockSupport.java:175)
        at java.util.concurrent.locks.AbstractQueuedSynchronizer$ConditionObject.await(AbstractQueuedSynchronizer.java:2044)
        at java.util.concurrent.LinkedBlockingQueue.take(LinkedBlockingQueue.java:442)
        at java.util.concurrent.ThreadPoolExecutor.getTask(ThreadPoolExecutor.java:1074)
        at java.util.concurrent.ThreadPoolExecutor.runWorker(ThreadPoolExecutor.java:1134)
        at java.util.concurrent.ThreadPoolExecutor$Worker.run(ThreadPoolExecutor.java:624)
        at java.lang.Thread.run(Thread.java:750)
"IPC Server handler 79 on default port 46755" daemon prio=5 tid=1393 timed_waiting
java.lang.Thread.State: TIMED_WAITING
        at sun.misc.Unsafe.park(Native Method)
        at java.util.concurrent.locks.LockSupport.parkNanos(LockSupport.java:215)
        at java.util.concurrent.locks.AbstractQueuedSynchronizer$ConditionObject.awaitNanos(AbstractQueuedSynchronizer.java:2083)
        at java.util.concurrent.LinkedBlockingQueue.poll(LinkedBlockingQueue.java:467)
        at org.apache.hadoop.ipc.CallQueueManager.take(CallQueueManager.java:317)
        at org.apache.hadoop.ipc.Server$Handler.run(Server.java:2932)
"junit-jupiter-timeout-watcher"  prio=10 tid=12 timed_waiting
java.lang.Thread.State: TIMED_WAITING
        at sun.misc.Unsafe.park(Native Method)
        at java.util.concurrent.locks.LockSupport.parkNanos(LockSupport.java:215)
        at java.util.concurrent.locks.AbstractQueuedSynchronizer$ConditionObject.awaitNanos(AbstractQueuedSynchronizer.java:2083)
        at java.util.concurrent.ScheduledThreadPoolExecutor$DelayedWorkQueue.take(ScheduledThreadPoolExecutor.java:1093)
        at java.util.concurrent.ScheduledThreadPoolExecutor$DelayedWorkQueue.take(ScheduledThreadPoolExecutor.java:809)
        at java.util.concurrent.ThreadPoolExecutor.getTask(ThreadPoolExecutor.java:1074)
        at java.util.concurrent.ThreadPoolExecutor.runWorker(ThreadPoolExecutor.java:1134)
        at java.util.concurrent.ThreadPoolExecutor$Worker.run(ThreadPoolExecutor.java:624)
        at java.lang.Thread.run(Thread.java:750)
"IPC Server handler 73 on default port 39853" daemon prio=5 tid=1170 timed_waiting
java.lang.Thread.State: TIMED_WAITING
        at sun.misc.Unsafe.park(Native Method)
        at java.util.concurrent.locks.LockSupport.parkNanos(LockSupport.java:215)
        at java.util.concurrent.locks.AbstractQueuedSynchronizer$ConditionObject.awaitNanos(AbstractQueuedSynchronizer.java:2083)
        at java.util.concurrent.LinkedBlockingQueue.poll(LinkedBlockingQueue.java:467)
        at org.apache.hadoop.ipc.CallQueueManager.take(CallQueueManager.java:317)
        at org.apache.hadoop.ipc.Server$Handler.run(Server.java:2932)
"IPC Server handler 22 on default port 39853" daemon prio=5 tid=1119 timed_waiting
java.lang.Thread.State: TIMED_WAITING
        at sun.misc.Unsafe.park(Native Method)
        at java.util.concurrent.locks.LockSupport.parkNanos(LockSupport.java:215)
        at java.util.concurrent.locks.AbstractQueuedSynchronizer$ConditionObject.awaitNanos(AbstractQueuedSynchronizer.java:2083)
        at java.util.concurrent.LinkedBlockingQueue.poll(LinkedBlockingQueue.java:467)
        at org.apache.hadoop.ipc.CallQueueManager.take(CallQueueManager.java:317)
        at org.apache.hadoop.ipc.Server$Handler.run(Server.java:2932)
"Command processor thread" daemon prio=5 tid=1516 timed_waiting
java.lang.Thread.State: TIMED_WAITING
        at java.lang.Thread.sleep(Native Method)
        at org.apache.hadoop.ozone.container.common.statemachine.DatanodeStateMachine.lambda$initCommandHandlerThread$3(DatanodeStateMachine.java:628)
        at org.apache.hadoop.ozone.container.common.statemachine.DatanodeStateMachine$$Lambda$1009/1602742276.run(Unknown Source)
        at java.lang.Thread.run(Thread.java:750)
"IPC Server handler 9 on default port 39853" daemon prio=5 tid=1106 timed_waiting
java.lang.Thread.State: TIMED_WAITING
        at sun.misc.Unsafe.park(Native Method)
        at java.util.concurrent.locks.LockSupport.parkNanos(LockSupport.java:215)
        at java.util.concurrent.locks.AbstractQueuedSynchronizer$ConditionObject.awaitNanos(AbstractQueuedSynchronizer.java:2083)
        at java.util.concurrent.LinkedBlockingQueue.poll(LinkedBlockingQueue.java:467)
        at org.apache.hadoop.ipc.CallQueueManager.take(CallQueueManager.java:317)
        at org.apache.hadoop.ipc.Server$Handler.run(Server.java:2932)
"Datanode ReportManager Thread - 2" daemon prio=5 tid=600 in Object.wait()
java.lang.Thread.State: WAITING (on object monitor)
        at sun.misc.Unsafe.park(Native Method)
        at java.util.concurrent.locks.LockSupport.park(LockSupport.java:175)
        at java.util.concurrent.locks.AbstractQueuedSynchronizer$ConditionObject.await(AbstractQueuedSynchronizer.java:2044)
        at java.util.concurrent.ScheduledThreadPoolExecutor$DelayedWorkQueue.take(ScheduledThreadPoolExecutor.java:1088)
        at java.util.concurrent.ScheduledThreadPoolExecutor$DelayedWorkQueue.take(ScheduledThreadPoolExecutor.java:809)
        at java.util.concurrent.ThreadPoolExecutor.getTask(ThreadPoolExecutor.java:1074)
        at java.util.concurrent.ThreadPoolExecutor.runWorker(ThreadPoolExecutor.java:1134)
        at java.util.concurrent.ThreadPoolExecutor$Worker.run(ThreadPoolExecutor.java:624)
        at java.lang.Thread.run(Thread.java:750)
"qtp1565242025-1505" daemon prio=5 tid=1505 timed_waiting
java.lang.Thread.State: TIMED_WAITING
        at sun.misc.Unsafe.park(Native Method)
        at java.util.concurrent.locks.LockSupport.parkNanos(LockSupport.java:215)
        at java.util.concurrent.locks.AbstractQueuedSynchronizer$ConditionObject.awaitNanos(AbstractQueuedSynchronizer.java:2083)
        at org.eclipse.jetty.util.BlockingArrayQueue.poll(BlockingArrayQueue.java:382)
        at org.eclipse.jetty.util.thread.QueuedThreadPool$Runner.idleJobPoll(QueuedThreadPool.java:974)
        at org.eclipse.jetty.util.thread.QueuedThreadPool$Runner.run(QueuedThreadPool.java:1018)
        at java.lang.Thread.run(Thread.java:750)
"grpc-default-worker-ELG-3-2" daemon prio=5 tid=495 runnable
java.lang.Thread.State: RUNNABLE
        at org.apache.ratis.thirdparty.io.netty.channel.epoll.Native.epollWait0(Native Method)
        at org.apache.ratis.thirdparty.io.netty.channel.epoll.Native.epollWait(Native.java:177)
        at org.apache.ratis.thirdparty.io.netty.channel.epoll.EpollEventLoop.epollWait(EpollEventLoop.java:286)
        at org.apache.ratis.thirdparty.io.netty.channel.epoll.EpollEventLoop.run(EpollEventLoop.java:351)
        at org.apache.ratis.thirdparty.io.netty.util.concurrent.SingleThreadEventExecutor$4.run(SingleThreadEventExecutor.java:986)
        at org.apache.ratis.thirdparty.io.netty.util.internal.ThreadExecutorMap$2.run(ThreadExecutorMap.java:74)
        at org.apache.ratis.thirdparty.io.netty.util.concurrent.FastThreadLocalRunnable.run(FastThreadLocalRunnable.java:30)
        at java.lang.Thread.run(Thread.java:750)
"qtp1429090825-1725" daemon prio=5 tid=1725 timed_waiting
java.lang.Thread.State: TIMED_WAITING
        at sun.misc.Unsafe.park(Native Method)
        at java.util.concurrent.locks.LockSupport.parkNanos(LockSupport.java:215)
        at java.util.concurrent.locks.AbstractQueuedSynchronizer$ConditionObject.awaitNanos(AbstractQueuedSynchronizer.java:2083)
        at org.eclipse.jetty.util.BlockingArrayQueue.poll(BlockingArrayQueue.java:382)
        at org.eclipse.jetty.util.thread.QueuedThreadPool$Runner.idleJobPoll(QueuedThreadPool.java:974)
        at org.eclipse.jetty.util.thread.QueuedThreadPool$Runner.run(QueuedThreadPool.java:1018)
        at java.lang.Thread.run(Thread.java:750)
"IPC Server handler 50 on default port 38039" daemon prio=5 tid=1247 timed_waiting
java.lang.Thread.State: TIMED_WAITING
        at sun.misc.Unsafe.park(Native Method)
        at java.util.concurrent.locks.LockSupport.parkNanos(LockSupport.java:215)
        at java.util.concurrent.locks.AbstractQueuedSynchronizer$ConditionObject.awaitNanos(AbstractQueuedSynchronizer.java:2083)
        at java.util.concurrent.LinkedBlockingQueue.poll(LinkedBlockingQueue.java:467)
        at org.apache.hadoop.ipc.CallQueueManager.take(CallQueueManager.java:317)
        at org.apache.hadoop.ipc.Server$Handler.run(Server.java:2932)
"qtp1711379780-1476" daemon prio=5 tid=1476 timed_waiting
java.lang.Thread.State: TIMED_WAITING
        at sun.misc.Unsafe.park(Native Method)
        at java.util.concurrent.locks.LockSupport.parkNanos(LockSupport.java:215)
        at java.util.concurrent.locks.AbstractQueuedSynchronizer$ConditionObject.awaitNanos(AbstractQueuedSynchronizer.java:2083)
        at org.eclipse.jetty.util.BlockingArrayQueue.poll(BlockingArrayQueue.java:382)
        at org.eclipse.jetty.util.thread.QueuedThreadPool$Runner.idleJobPoll(QueuedThreadPool.java:974)
        at org.eclipse.jetty.util.thread.QueuedThreadPool$Runner.run(QueuedThreadPool.java:1018)
        at java.lang.Thread.run(Thread.java:750)
"qtp1711379780-1474-acceptor-0@78fc4845-ServerConnector@7fdbb0ac{HTTP/1.1, (http/1.1)}{0.0.0.0:32977}" daemon prio=3 tid=1474 runnable
java.lang.Thread.State: RUNNABLE
        at sun.nio.ch.ServerSocketChannelImpl.accept0(Native Method)
        at sun.nio.ch.ServerSocketChannelImpl.accept(ServerSocketChannelImpl.java:421)
        at sun.nio.ch.ServerSocketChannelImpl.accept(ServerSocketChannelImpl.java:249)
        at org.eclipse.jetty.server.ServerConnector.accept(ServerConnector.java:388)
        at org.eclipse.jetty.server.AbstractConnector$Acceptor.run(AbstractConnector.java:702)
        at org.eclipse.jetty.util.thread.QueuedThreadPool.runJob(QueuedThreadPool.java:883)
        at org.eclipse.jetty.util.thread.QueuedThreadPool$Runner.run(QueuedThreadPool.java:1034)
        at java.lang.Thread.run(Thread.java:750)
"IPC Server handler 85 on default port 46755" daemon prio=5 tid=1399 timed_waiting
java.lang.Thread.State: TIMED_WAITING
        at sun.misc.Unsafe.park(Native Method)
        at java.util.concurrent.locks.LockSupport.parkNanos(LockSupport.java:215)
        at java.util.concurrent.locks.AbstractQueuedSynchronizer$ConditionObject.awaitNanos(AbstractQueuedSynchronizer.java:2083)
        at java.util.concurrent.LinkedBlockingQueue.poll(LinkedBlockingQueue.java:467)
        at org.apache.hadoop.ipc.CallQueueManager.take(CallQueueManager.java:317)
        at org.apache.hadoop.ipc.Server$Handler.run(Server.java:2932)
"pool-323-thread-1" daemon prio=5 tid=1468 timed_waiting
java.lang.Thread.State: TIMED_WAITING
        at sun.misc.Unsafe.park(Native Method)
        at java.util.concurrent.locks.LockSupport.parkNanos(LockSupport.java:215)
        at java.util.concurrent.locks.AbstractQueuedSynchronizer$ConditionObject.awaitNanos(AbstractQueuedSynchronizer.java:2083)
        at java.util.concurrent.ScheduledThreadPoolExecutor$DelayedWorkQueue.take(ScheduledThreadPoolExecutor.java:1093)
        at java.util.concurrent.ScheduledThreadPoolExecutor$DelayedWorkQueue.take(ScheduledThreadPoolExecutor.java:809)
        at java.util.concurrent.ThreadPoolExecutor.getTask(ThreadPoolExecutor.java:1074)
        at java.util.concurrent.ThreadPoolExecutor.runWorker(ThreadPoolExecutor.java:1134)
        at java.util.concurrent.ThreadPoolExecutor$Worker.run(ThreadPoolExecutor.java:624)
        at java.lang.Thread.run(Thread.java:750)
"IPC Server handler 82 on default port 38039" daemon prio=5 tid=1279 timed_waiting
java.lang.Thread.State: TIMED_WAITING
        at sun.misc.Unsafe.park(Native Method)
        at java.util.concurrent.locks.LockSupport.parkNanos(LockSupport.java:215)
        at java.util.concurrent.locks.AbstractQueuedSynchronizer$ConditionObject.awaitNanos(AbstractQueuedSynchronizer.java:2083)
        at java.util.concurrent.LinkedBlockingQueue.poll(LinkedBlockingQueue.java:467)
        at org.apache.hadoop.ipc.CallQueueManager.take(CallQueueManager.java:317)
        at org.apache.hadoop.ipc.Server$Handler.run(Server.java:2932)
"org.apache.hadoop.ozone.container.common.statemachine.commandhandler.DeleteBlocksCommandHandler$DeleteCmdWorker@571cb7bc" daemon prio=5 tid=1471 timed_waiting
java.lang.Thread.State: TIMED_WAITING
        at java.lang.Thread.sleep(Native Method)
        at org.apache.hadoop.ozone.container.common.statemachine.commandhandler.DeleteBlocksCommandHandler$DeleteCmdWorker.run(DeleteBlocksCommandHandler.java:185)
        at java.lang.Thread.run(Thread.java:750)
"IPC Server handler 21 on default port 46755" daemon prio=5 tid=1335 timed_waiting
java.lang.Thread.State: TIMED_WAITING
        at sun.misc.Unsafe.park(Native Method)
        at java.util.concurrent.locks.LockSupport.parkNanos(LockSupport.java:215)
        at java.util.concurrent.locks.AbstractQueuedSynchronizer$ConditionObject.awaitNanos(AbstractQueuedSynchronizer.java:2083)
        at java.util.concurrent.LinkedBlockingQueue.poll(LinkedBlockingQueue.java:467)
        at org.apache.hadoop.ipc.CallQueueManager.take(CallQueueManager.java:317)
        at org.apache.hadoop.ipc.Server$Handler.run(Server.java:2932)
"IPC Server handler 79 on default port 38039" daemon prio=5 tid=1276 timed_waiting
java.lang.Thread.State: TIMED_WAITING
        at sun.misc.Unsafe.park(Native Method)
        at java.util.concurrent.locks.LockSupport.parkNanos(LockSupport.java:215)
        at java.util.concurrent.locks.AbstractQueuedSynchronizer$ConditionObject.awaitNanos(AbstractQueuedSynchronizer.java:2083)
        at java.util.concurrent.LinkedBlockingQueue.poll(LinkedBlockingQueue.java:467)
        at org.apache.hadoop.ipc.CallQueueManager.take(CallQueueManager.java:317)
        at org.apache.hadoop.ipc.Server$Handler.run(Server.java:2932)
"SSL Certificates Store Monitor" daemon prio=5 tid=1760 in Object.wait()
java.lang.Thread.State: WAITING (on object monitor)
        at java.lang.Object.wait(Native Method)
        at java.lang.Object.wait(Object.java:502)
        at java.util.TimerThread.mainLoop(Timer.java:526)
        at java.util.TimerThread.run(Timer.java:505)
"qtp2033667885-1306" daemon prio=5 tid=1306 timed_waiting
java.lang.Thread.State: TIMED_WAITING
        at sun.misc.Unsafe.park(Native Method)
        at java.util.concurrent.locks.LockSupport.parkNanos(LockSupport.java:215)
        at java.util.concurrent.locks.AbstractQueuedSynchronizer$ConditionObject.awaitNanos(AbstractQueuedSynchronizer.java:2083)
        at org.eclipse.jetty.util.BlockingArrayQueue.poll(BlockingArrayQueue.java:382)
        at org.eclipse.jetty.util.thread.QueuedThreadPool$Runner.idleJobPoll(QueuedThreadPool.java:974)
        at org.eclipse.jetty.util.thread.QueuedThreadPool$Runner.run(QueuedThreadPool.java:1018)
        at java.lang.Thread.run(Thread.java:750)
"StaleRecoveringContainerScrubbingService#0" daemon prio=5 tid=1567 timed_waiting
java.lang.Thread.State: TIMED_WAITING
        at sun.misc.Unsafe.park(Native Method)
        at java.util.concurrent.locks.LockSupport.parkNanos(LockSupport.java:215)
        at java.util.concurrent.locks.AbstractQueuedSynchronizer$ConditionObject.awaitNanos(AbstractQueuedSynchronizer.java:2083)
        at java.util.concurrent.ScheduledThreadPoolExecutor$DelayedWorkQueue.take(ScheduledThreadPoolExecutor.java:1093)
        at java.util.concurrent.ScheduledThreadPoolExecutor$DelayedWorkQueue.take(ScheduledThreadPoolExecutor.java:809)
        at java.util.concurrent.ThreadPoolExecutor.getTask(ThreadPoolExecutor.java:1074)
        at java.util.concurrent.ThreadPoolExecutor.runWorker(ThreadPoolExecutor.java:1134)
        at java.util.concurrent.ThreadPoolExecutor$Worker.run(ThreadPoolExecutor.java:624)
        at java.lang.Thread.run(Thread.java:750)
"IPC Server handler 34 on default port 39853" daemon prio=5 tid=1131 timed_waiting
java.lang.Thread.State: TIMED_WAITING
        at sun.misc.Unsafe.park(Native Method)
        at java.util.concurrent.locks.LockSupport.parkNanos(LockSupport.java:215)
        at java.util.concurrent.locks.AbstractQueuedSynchronizer$ConditionObject.awaitNanos(AbstractQueuedSynchronizer.java:2083)
        at java.util.concurrent.LinkedBlockingQueue.poll(LinkedBlockingQueue.java:467)
        at org.apache.hadoop.ipc.CallQueueManager.take(CallQueueManager.java:317)
        at org.apache.hadoop.ipc.Server$Handler.run(Server.java:2932)
"IPC Server handler 84 on default port 46755" daemon prio=5 tid=1398 timed_waiting
java.lang.Thread.State: TIMED_WAITING
        at sun.misc.Unsafe.park(Native Method)
        at java.util.concurrent.locks.LockSupport.parkNanos(LockSupport.java:215)
        at java.util.concurrent.locks.AbstractQueuedSynchronizer$ConditionObject.awaitNanos(AbstractQueuedSynchronizer.java:2083)
        at java.util.concurrent.LinkedBlockingQueue.poll(LinkedBlockingQueue.java:467)
        at org.apache.hadoop.ipc.CallQueueManager.take(CallQueueManager.java:317)
        at org.apache.hadoop.ipc.Server$Handler.run(Server.java:2932)
"03e900db-606d-4788-a076-61e9663ea76b@group-26218CACBD25-StateMachineUpdater" daemon prio=5 tid=1609 timed_waiting
java.lang.Thread.State: TIMED_WAITING
        at sun.misc.Unsafe.park(Native Method)
        at java.util.concurrent.locks.LockSupport.parkNanos(LockSupport.java:215)
        at java.util.concurrent.CompletableFuture$Signaller.block(CompletableFuture.java:1709)
        at java.util.concurrent.ForkJoinPool.managedBlock(ForkJoinPool.java:3323)
        at java.util.concurrent.CompletableFuture.timedGet(CompletableFuture.java:1788)
        at java.util.concurrent.CompletableFuture.get(CompletableFuture.java:1928)
        at org.apache.ratis.util.AwaitForSignal.await(AwaitForSignal.java:56)
        at org.apache.ratis.server.impl.StateMachineUpdater.waitForCommit(StateMachineUpdater.java:207)
        at org.apache.ratis.server.impl.StateMachineUpdater.run(StateMachineUpdater.java:176)
        at java.lang.Thread.run(Thread.java:750)
"IPC Server handler 2 on default port 38039" daemon prio=5 tid=1199 timed_waiting
java.lang.Thread.State: TIMED_WAITING
        at sun.misc.Unsafe.park(Native Method)
        at java.util.concurrent.locks.LockSupport.parkNanos(LockSupport.java:215)
        at java.util.concurrent.locks.AbstractQueuedSynchronizer$ConditionObject.awaitNanos(AbstractQueuedSynchronizer.java:2083)
        at java.util.concurrent.LinkedBlockingQueue.poll(LinkedBlockingQueue.java:467)
        at org.apache.hadoop.ipc.CallQueueManager.take(CallQueueManager.java:317)
        at org.apache.hadoop.ipc.Server$Handler.run(Server.java:2932)
"IPC Server handler 45 on default port 39853" daemon prio=5 tid=1142 timed_waiting
java.lang.Thread.State: TIMED_WAITING
        at sun.misc.Unsafe.park(Native Method)
        at java.util.concurrent.locks.LockSupport.parkNanos(LockSupport.java:215)
        at java.util.concurrent.locks.AbstractQueuedSynchronizer$ConditionObject.awaitNanos(AbstractQueuedSynchronizer.java:2083)
        at java.util.concurrent.LinkedBlockingQueue.poll(LinkedBlockingQueue.java:467)
        at org.apache.hadoop.ipc.CallQueueManager.take(CallQueueManager.java:317)
        at org.apache.hadoop.ipc.Server$Handler.run(Server.java:2932)
"DatanodeAdminManager-0" daemon prio=5 tid=1079 timed_waiting
java.lang.Thread.State: TIMED_WAITING
        at sun.misc.Unsafe.park(Native Method)
        at java.util.concurrent.locks.LockSupport.parkNanos(LockSupport.java:215)
        at java.util.concurrent.locks.AbstractQueuedSynchronizer$ConditionObject.awaitNanos(AbstractQueuedSynchronizer.java:2083)
        at java.util.concurrent.ScheduledThreadPoolExecutor$DelayedWorkQueue.take(ScheduledThreadPoolExecutor.java:1093)
        at java.util.concurrent.ScheduledThreadPoolExecutor$DelayedWorkQueue.take(ScheduledThreadPoolExecutor.java:809)
        at java.util.concurrent.ThreadPoolExecutor.getTask(ThreadPoolExecutor.java:1074)
        at java.util.concurrent.ThreadPoolExecutor.runWorker(ThreadPoolExecutor.java:1134)
        at java.util.concurrent.ThreadPoolExecutor$Worker.run(ThreadPoolExecutor.java:624)
        at java.lang.Thread.run(Thread.java:750)
"qtp1429090825-1721" daemon prio=5 tid=1721 timed_waiting
java.lang.Thread.State: TIMED_WAITING
        at sun.misc.Unsafe.park(Native Method)
        at java.util.concurrent.locks.LockSupport.parkNanos(LockSupport.java:215)
        at java.util.concurrent.locks.AbstractQueuedSynchronizer$ConditionObject.awaitNanos(AbstractQueuedSynchronizer.java:2083)
        at org.eclipse.jetty.util.BlockingArrayQueue.poll(BlockingArrayQueue.java:382)
        at org.eclipse.jetty.util.thread.QueuedThreadPool$Runner.idleJobPoll(QueuedThreadPool.java:974)
        at org.eclipse.jetty.util.thread.QueuedThreadPool$Runner.run(QueuedThreadPool.java:1018)
        at java.lang.Thread.run(Thread.java:750)
"IPC Server handler 46 on default port 39853" daemon prio=5 tid=1143 timed_waiting
java.lang.Thread.State: TIMED_WAITING
        at sun.misc.Unsafe.park(Native Method)
        at java.util.concurrent.locks.LockSupport.parkNanos(LockSupport.java:215)
        at java.util.concurrent.locks.AbstractQueuedSynchronizer$ConditionObject.awaitNanos(AbstractQueuedSynchronizer.java:2083)
        at java.util.concurrent.LinkedBlockingQueue.poll(LinkedBlockingQueue.java:467)
        at org.apache.hadoop.ipc.CallQueueManager.take(CallQueueManager.java:317)
        at org.apache.hadoop.ipc.Server$Handler.run(Server.java:2932)
"SCM Heartbeat Processing Thread - 0" daemon prio=5 tid=1072 timed_waiting
java.lang.Thread.State: TIMED_WAITING
        at sun.misc.Unsafe.park(Native Method)
        at java.util.concurrent.locks.LockSupport.parkNanos(LockSupport.java:215)
        at java.util.concurrent.locks.AbstractQueuedSynchronizer$ConditionObject.awaitNanos(AbstractQueuedSynchronizer.java:2083)
        at java.util.concurrent.ScheduledThreadPoolExecutor$DelayedWorkQueue.take(ScheduledThreadPoolExecutor.java:1093)
        at java.util.concurrent.ScheduledThreadPoolExecutor$DelayedWorkQueue.take(ScheduledThreadPoolExecutor.java:809)
        at java.util.concurrent.ThreadPoolExecutor.getTask(ThreadPoolExecutor.java:1074)
        at java.util.concurrent.ThreadPoolExecutor.runWorker(ThreadPoolExecutor.java:1134)
        at java.util.concurrent.ThreadPoolExecutor$Worker.run(ThreadPoolExecutor.java:624)
        at java.lang.Thread.run(Thread.java:750)
"IPC Server handler 43 on default port 38039" daemon prio=5 tid=1240 timed_waiting
java.lang.Thread.State: TIMED_WAITING
        at sun.misc.Unsafe.park(Native Method)
        at java.util.concurrent.locks.LockSupport.parkNanos(LockSupport.java:215)
        at java.util.concurrent.locks.AbstractQueuedSynchronizer$ConditionObject.awaitNanos(AbstractQueuedSynchronizer.java:2083)
        at java.util.concurrent.LinkedBlockingQueue.poll(LinkedBlockingQueue.java:467)
        at org.apache.hadoop.ipc.CallQueueManager.take(CallQueueManager.java:317)
        at org.apache.hadoop.ipc.Server$Handler.run(Server.java:2932)
"omNode-bootstrap-1@group-0AAC5367B30E-SegmentedRaftLogWorker"  prio=5 tid=891 timed_waiting
java.lang.Thread.State: TIMED_WAITING
        at sun.misc.Unsafe.park(Native Method)
        at java.util.concurrent.locks.LockSupport.parkNanos(LockSupport.java:215)
        at java.util.concurrent.locks.AbstractQueuedSynchronizer$ConditionObject.awaitNanos(AbstractQueuedSynchronizer.java:2083)
        at org.apache.ratis.util.DataBlockingQueue.poll(DataBlockingQueue.java:148)
        at org.apache.ratis.server.raftlog.segmented.SegmentedRaftLogWorker.run(SegmentedRaftLogWorker.java:301)
        at org.apache.ratis.server.raftlog.segmented.SegmentedRaftLogWorker$$Lambda$535/466484985.run(Unknown Source)
        at java.lang.Thread.run(Thread.java:750)
"IPC Server handler 44 on default port 38039" daemon prio=5 tid=1241 timed_waiting
java.lang.Thread.State: TIMED_WAITING
        at sun.misc.Unsafe.park(Native Method)
        at java.util.concurrent.locks.LockSupport.parkNanos(LockSupport.java:215)
        at java.util.concurrent.locks.AbstractQueuedSynchronizer$ConditionObject.awaitNanos(AbstractQueuedSynchronizer.java:2083)
        at java.util.concurrent.LinkedBlockingQueue.poll(LinkedBlockingQueue.java:467)
        at org.apache.hadoop.ipc.CallQueueManager.take(CallQueueManager.java:317)
        at org.apache.hadoop.ipc.Server$Handler.run(Server.java:2932)
"BlockDeletingService#1" daemon prio=5 tid=1557 in Object.wait()
java.lang.Thread.State: WAITING (on object monitor)
        at sun.misc.Unsafe.park(Native Method)
        at java.util.concurrent.locks.LockSupport.park(LockSupport.java:175)
        at java.util.concurrent.locks.AbstractQueuedSynchronizer$ConditionObject.await(AbstractQueuedSynchronizer.java:2044)
        at java.util.concurrent.ScheduledThreadPoolExecutor$DelayedWorkQueue.take(ScheduledThreadPoolExecutor.java:1088)
        at java.util.concurrent.ScheduledThreadPoolExecutor$DelayedWorkQueue.take(ScheduledThreadPoolExecutor.java:809)
        at java.util.concurrent.ThreadPoolExecutor.getTask(ThreadPoolExecutor.java:1074)
        at java.util.concurrent.ThreadPoolExecutor.runWorker(ThreadPoolExecutor.java:1134)
        at java.util.concurrent.ThreadPoolExecutor$Worker.run(ThreadPoolExecutor.java:624)
        at java.lang.Thread.run(Thread.java:750)
"IPC Server handler 90 on default port 39853" daemon prio=5 tid=1187 timed_waiting
java.lang.Thread.State: TIMED_WAITING
        at sun.misc.Unsafe.park(Native Method)
        at java.util.concurrent.locks.LockSupport.parkNanos(LockSupport.java:215)
        at java.util.concurrent.locks.AbstractQueuedSynchronizer$ConditionObject.awaitNanos(AbstractQueuedSynchronizer.java:2083)
        at java.util.concurrent.LinkedBlockingQueue.poll(LinkedBlockingQueue.java:467)
        at org.apache.hadoop.ipc.CallQueueManager.take(CallQueueManager.java:317)
        at org.apache.hadoop.ipc.Server$Handler.run(Server.java:2932)
"IPC Server handler 55 on default port 38039" daemon prio=5 tid=1252 timed_waiting
java.lang.Thread.State: TIMED_WAITING
        at sun.misc.Unsafe.park(Native Method)
        at java.util.concurrent.locks.LockSupport.parkNanos(LockSupport.java:215)
        at java.util.concurrent.locks.AbstractQueuedSynchronizer$ConditionObject.awaitNanos(AbstractQueuedSynchronizer.java:2083)
        at java.util.concurrent.LinkedBlockingQueue.poll(LinkedBlockingQueue.java:467)
        at org.apache.hadoop.ipc.CallQueueManager.take(CallQueueManager.java:317)
        at org.apache.hadoop.ipc.Server$Handler.run(Server.java:2932)
"IPC Server handler 4 on default port 46755" daemon prio=5 tid=1318 timed_waiting
java.lang.Thread.State: TIMED_WAITING
        at sun.misc.Unsafe.park(Native Method)
        at java.util.concurrent.locks.LockSupport.parkNanos(LockSupport.java:215)
        at java.util.concurrent.locks.AbstractQueuedSynchronizer$ConditionObject.awaitNanos(AbstractQueuedSynchronizer.java:2083)
        at java.util.concurrent.LinkedBlockingQueue.poll(LinkedBlockingQueue.java:467)
        at org.apache.hadoop.ipc.CallQueueManager.take(CallQueueManager.java:317)
        at org.apache.hadoop.ipc.Server$Handler.run(Server.java:2932)
"74f1d438-0997-4634-9c34-91afcc4dae77@group-C1F5D889A95E-StateMachineUpdater" daemon prio=5 tid=1596 timed_waiting
java.lang.Thread.State: TIMED_WAITING
        at sun.misc.Unsafe.park(Native Method)
        at java.util.concurrent.locks.LockSupport.parkNanos(LockSupport.java:215)
        at java.util.concurrent.CompletableFuture$Signaller.block(CompletableFuture.java:1709)
        at java.util.concurrent.ForkJoinPool.managedBlock(ForkJoinPool.java:3323)
        at java.util.concurrent.CompletableFuture.timedGet(CompletableFuture.java:1788)
        at java.util.concurrent.CompletableFuture.get(CompletableFuture.java:1928)
        at org.apache.ratis.util.AwaitForSignal.await(AwaitForSignal.java:56)
        at org.apache.ratis.server.impl.StateMachineUpdater.waitForCommit(StateMachineUpdater.java:207)
        at org.apache.ratis.server.impl.StateMachineUpdater.run(StateMachineUpdater.java:176)
        at java.lang.Thread.run(Thread.java:750)
"IPC Server handler 52 on default port 39853" daemon prio=5 tid=1149 timed_waiting
java.lang.Thread.State: TIMED_WAITING
        at sun.misc.Unsafe.park(Native Method)
        at java.util.concurrent.locks.LockSupport.parkNanos(LockSupport.java:215)
        at java.util.concurrent.locks.AbstractQueuedSynchronizer$ConditionObject.awaitNanos(AbstractQueuedSynchronizer.java:2083)
        at java.util.concurrent.LinkedBlockingQueue.poll(LinkedBlockingQueue.java:467)
        at org.apache.hadoop.ipc.CallQueueManager.take(CallQueueManager.java:317)
        at org.apache.hadoop.ipc.Server$Handler.run(Server.java:2932)
"74f1d438-0997-4634-9c34-91afcc4dae77@group-20B7CEE0DF6D->c0693ef0-230a-48dd-aa8a-44a8c3878b49-GrpcLogAppender-LogAppenderDaemon" daemon prio=5 tid=1670 timed_waiting
java.lang.Thread.State: TIMED_WAITING
        at sun.misc.Unsafe.park(Native Method)
        at java.util.concurrent.locks.LockSupport.parkNanos(LockSupport.java:215)
        at java.util.concurrent.CompletableFuture$Signaller.block(CompletableFuture.java:1709)
        at java.util.concurrent.ForkJoinPool.managedBlock(ForkJoinPool.java:3323)
        at java.util.concurrent.CompletableFuture.timedGet(CompletableFuture.java:1788)
        at java.util.concurrent.CompletableFuture.get(CompletableFuture.java:1928)
        at org.apache.ratis.util.AwaitForSignal.await(AwaitForSignal.java:56)
        at org.apache.ratis.grpc.server.GrpcLogAppender.mayWait(GrpcLogAppender.java:169)
        at org.apache.ratis.grpc.server.GrpcLogAppender.run(GrpcLogAppender.java:128)
        at org.apache.ratis.server.leader.LogAppenderDaemon.run(LogAppenderDaemon.java:77)
        at org.apache.ratis.server.leader.LogAppenderDaemon$$Lambda$915/50953464.run(Unknown Source)
        at java.lang.Thread.run(Thread.java:750)
"IPC Server handler 41 on default port 38039" daemon prio=5 tid=1238 timed_waiting
java.lang.Thread.State: TIMED_WAITING
        at sun.misc.Unsafe.park(Native Method)
        at java.util.concurrent.locks.LockSupport.parkNanos(LockSupport.java:215)
        at java.util.concurrent.locks.AbstractQueuedSynchronizer$ConditionObject.awaitNanos(AbstractQueuedSynchronizer.java:2083)
        at java.util.concurrent.LinkedBlockingQueue.poll(LinkedBlockingQueue.java:467)
        at org.apache.hadoop.ipc.CallQueueManager.take(CallQueueManager.java:317)
        at org.apache.hadoop.ipc.Server$Handler.run(Server.java:2932)
"CommandWatcher-LeaseManager#LeaseMonitor" daemon prio=5 tid=1096 timed_waiting
java.lang.Thread.State: TIMED_WAITING
        at java.lang.Object.wait(Native Method)
        at org.apache.hadoop.ozone.lease.LeaseManager$LeaseMonitor.run(LeaseManager.java:238)
        at java.lang.Thread.run(Thread.java:750)
"IPC Server handler 12 on default port 38511" daemon prio=5 tid=1739 timed_waiting
java.lang.Thread.State: TIMED_WAITING
        at sun.misc.Unsafe.park(Native Method)
        at java.util.concurrent.locks.LockSupport.parkNanos(LockSupport.java:215)
        at java.util.concurrent.locks.AbstractQueuedSynchronizer$ConditionObject.awaitNanos(AbstractQueuedSynchronizer.java:2083)
        at java.util.concurrent.LinkedBlockingQueue.poll(LinkedBlockingQueue.java:467)
        at org.apache.hadoop.ipc.CallQueueManager.take(CallQueueManager.java:317)
        at org.apache.hadoop.ipc.Server$Handler.run(Server.java:2932)
"IPC Server Responder" daemon prio=5 tid=1087 runnable
java.lang.Thread.State: RUNNABLE
        at sun.nio.ch.EPollArrayWrapper.epollWait(Native Method)
        at sun.nio.ch.EPollArrayWrapper.poll(EPollArrayWrapper.java:269)
        at sun.nio.ch.EPollSelectorImpl.doSelect(EPollSelectorImpl.java:93)
        at sun.nio.ch.SelectorImpl.lockAndDoSelect(SelectorImpl.java:86)
        at sun.nio.ch.SelectorImpl.select(SelectorImpl.java:97)
        at org.apache.hadoop.ipc.Server$Responder.doRunLoop(Server.java:1527)
        at org.apache.hadoop.ipc.Server$Responder.run(Server.java:1510)
"grpc-default-executor-3" daemon prio=5 tid=1046 timed_waiting
java.lang.Thread.State: TIMED_WAITING
        at sun.misc.Unsafe.park(Native Method)
        at java.util.concurrent.locks.LockSupport.parkNanos(LockSupport.java:215)
        at java.util.concurrent.SynchronousQueue$TransferStack.awaitFulfill(SynchronousQueue.java:460)
        at java.util.concurrent.SynchronousQueue$TransferStack.transfer(SynchronousQueue.java:362)
        at java.util.concurrent.SynchronousQueue.poll(SynchronousQueue.java:941)
        at java.util.concurrent.ThreadPoolExecutor.getTask(ThreadPoolExecutor.java:1073)
        at java.util.concurrent.ThreadPoolExecutor.runWorker(ThreadPoolExecutor.java:1134)
        at java.util.concurrent.ThreadPoolExecutor$Worker.run(ThreadPoolExecutor.java:624)
        at java.lang.Thread.run(Thread.java:750)
"omNode-bootstrap-2@group-0AAC5367B30E-SegmentedRaftLogWorker"  prio=5 tid=1777 timed_waiting
java.lang.Thread.State: TIMED_WAITING
        at sun.misc.Unsafe.park(Native Method)
        at java.util.concurrent.locks.LockSupport.parkNanos(LockSupport.java:215)
        at java.util.concurrent.locks.AbstractQueuedSynchronizer$ConditionObject.awaitNanos(AbstractQueuedSynchronizer.java:2083)
        at org.apache.ratis.util.DataBlockingQueue.poll(DataBlockingQueue.java:148)
        at org.apache.ratis.server.raftlog.segmented.SegmentedRaftLogWorker.run(SegmentedRaftLogWorker.java:301)
        at org.apache.ratis.server.raftlog.segmented.SegmentedRaftLogWorker$$Lambda$535/466484985.run(Unknown Source)
        at java.lang.Thread.run(Thread.java:750)
"qtp1565242025-1503" daemon prio=5 tid=1503 timed_waiting
java.lang.Thread.State: TIMED_WAITING
        at sun.misc.Unsafe.park(Native Method)
        at java.util.concurrent.locks.LockSupport.parkNanos(LockSupport.java:215)
        at java.util.concurrent.locks.AbstractQueuedSynchronizer$ConditionObject.awaitNanos(AbstractQueuedSynchronizer.java:2083)
        at org.eclipse.jetty.util.BlockingArrayQueue.poll(BlockingArrayQueue.java:382)
        at org.eclipse.jetty.util.thread.QueuedThreadPool$Runner.idleJobPoll(QueuedThreadPool.java:974)
        at org.eclipse.jetty.util.thread.QueuedThreadPool$Runner.run(QueuedThreadPool.java:1018)
        at java.lang.Thread.run(Thread.java:750)
"IPC Server handler 29 on default port 39853" daemon prio=5 tid=1126 timed_waiting
java.lang.Thread.State: TIMED_WAITING
        at sun.misc.Unsafe.park(Native Method)
        at java.util.concurrent.locks.LockSupport.parkNanos(LockSupport.java:215)
        at java.util.concurrent.locks.AbstractQueuedSynchronizer$ConditionObject.awaitNanos(AbstractQueuedSynchronizer.java:2083)
        at java.util.concurrent.LinkedBlockingQueue.poll(LinkedBlockingQueue.java:467)
        at org.apache.hadoop.ipc.CallQueueManager.take(CallQueueManager.java:317)
        at org.apache.hadoop.ipc.Server$Handler.run(Server.java:2932)
"omNode-bootstrap-1@group-0AAC5367B30E-StateMachineUpdater" daemon prio=5 tid=1706 timed_waiting
java.lang.Thread.State: TIMED_WAITING
        at sun.misc.Unsafe.park(Native Method)
        at java.util.concurrent.locks.LockSupport.parkNanos(LockSupport.java:215)
        at java.util.concurrent.CompletableFuture$Signaller.block(CompletableFuture.java:1709)
        at java.util.concurrent.ForkJoinPool.managedBlock(ForkJoinPool.java:3323)
        at java.util.concurrent.CompletableFuture.timedGet(CompletableFuture.java:1788)
        at java.util.concurrent.CompletableFuture.get(CompletableFuture.java:1928)
        at org.apache.ratis.util.AwaitForSignal.await(AwaitForSignal.java:56)
        at org.apache.ratis.server.impl.StateMachineUpdater.waitForCommit(StateMachineUpdater.java:207)
        at org.apache.ratis.server.impl.StateMachineUpdater.run(StateMachineUpdater.java:176)
        at java.lang.Thread.run(Thread.java:750)
"IPC Server handler 13 on default port 38039" daemon prio=5 tid=1210 timed_waiting
java.lang.Thread.State: TIMED_WAITING
        at sun.misc.Unsafe.park(Native Method)
        at java.util.concurrent.locks.LockSupport.parkNanos(LockSupport.java:215)
        at java.util.concurrent.locks.AbstractQueuedSynchronizer$ConditionObject.awaitNanos(AbstractQueuedSynchronizer.java:2083)
        at java.util.concurrent.LinkedBlockingQueue.poll(LinkedBlockingQueue.java:467)
        at org.apache.hadoop.ipc.CallQueueManager.take(CallQueueManager.java:317)
        at org.apache.hadoop.ipc.Server$Handler.run(Server.java:2932)
"FixedThreadPoolWithAffinityExecutor-8-0" daemon prio=5 tid=1590 in Object.wait()
java.lang.Thread.State: WAITING (on object monitor)
        at sun.misc.Unsafe.park(Native Method)
        at java.util.concurrent.locks.LockSupport.park(LockSupport.java:175)
        at java.util.concurrent.locks.AbstractQueuedSynchronizer$ConditionObject.await(AbstractQueuedSynchronizer.java:2044)
        at java.util.concurrent.LinkedBlockingDeque.takeFirst(LinkedBlockingDeque.java:492)
        at java.util.concurrent.LinkedBlockingDeque.take(LinkedBlockingDeque.java:680)
        at java.util.concurrent.ThreadPoolExecutor.getTask(ThreadPoolExecutor.java:1074)
        at java.util.concurrent.ThreadPoolExecutor.runWorker(ThreadPoolExecutor.java:1134)
        at java.util.concurrent.ThreadPoolExecutor$Worker.run(ThreadPoolExecutor.java:624)
        at java.lang.Thread.run(Thread.java:750)
"Datanode ReportManager Thread - 2" daemon prio=5 tid=627 in Object.wait()
java.lang.Thread.State: WAITING (on object monitor)
        at sun.misc.Unsafe.park(Native Method)
        at java.util.concurrent.locks.LockSupport.park(LockSupport.java:175)
        at java.util.concurrent.locks.AbstractQueuedSynchronizer$ConditionObject.await(AbstractQueuedSynchronizer.java:2044)
        at java.util.concurrent.ScheduledThreadPoolExecutor$DelayedWorkQueue.take(ScheduledThreadPoolExecutor.java:1088)
        at java.util.concurrent.ScheduledThreadPoolExecutor$DelayedWorkQueue.take(ScheduledThreadPoolExecutor.java:809)
        at java.util.concurrent.ThreadPoolExecutor.getTask(ThreadPoolExecutor.java:1074)
        at java.util.concurrent.ThreadPoolExecutor.runWorker(ThreadPoolExecutor.java:1134)
        at java.util.concurrent.ThreadPoolExecutor$Worker.run(ThreadPoolExecutor.java:624)
        at java.lang.Thread.run(Thread.java:750)
"FullTableCache Cleanup Thread - 0" daemon prio=5 tid=1684 in Object.wait()
java.lang.Thread.State: WAITING (on object monitor)
        at sun.misc.Unsafe.park(Native Method)
        at java.util.concurrent.locks.LockSupport.park(LockSupport.java:175)
        at java.util.concurrent.locks.AbstractQueuedSynchronizer$ConditionObject.await(AbstractQueuedSynchronizer.java:2044)
        at java.util.concurrent.LinkedBlockingQueue.take(LinkedBlockingQueue.java:442)
        at java.util.concurrent.ThreadPoolExecutor.getTask(ThreadPoolExecutor.java:1074)
        at java.util.concurrent.ThreadPoolExecutor.runWorker(ThreadPoolExecutor.java:1134)
        at java.util.concurrent.ThreadPoolExecutor$Worker.run(ThreadPoolExecutor.java:624)
        at java.lang.Thread.run(Thread.java:750)
"IPC Server handler 6 on default port 39853" daemon prio=5 tid=1103 timed_waiting
java.lang.Thread.State: TIMED_WAITING
        at sun.misc.Unsafe.park(Native Method)
        at java.util.concurrent.locks.LockSupport.parkNanos(LockSupport.java:215)
        at java.util.concurrent.locks.AbstractQueuedSynchronizer$ConditionObject.awaitNanos(AbstractQueuedSynchronizer.java:2083)
        at java.util.concurrent.LinkedBlockingQueue.poll(LinkedBlockingQueue.java:467)
        at org.apache.hadoop.ipc.CallQueueManager.take(CallQueueManager.java:317)
        at org.apache.hadoop.ipc.Server$Handler.run(Server.java:2932)
"pool-369-thread-1" daemon prio=5 tid=1522 timed_waiting
java.lang.Thread.State: TIMED_WAITING
        at sun.misc.Unsafe.park(Native Method)
        at java.util.concurrent.locks.LockSupport.parkNanos(LockSupport.java:215)
        at java.util.concurrent.locks.AbstractQueuedSynchronizer$ConditionObject.awaitNanos(AbstractQueuedSynchronizer.java:2083)
        at java.util.concurrent.ScheduledThreadPoolExecutor$DelayedWorkQueue.take(ScheduledThreadPoolExecutor.java:1093)
        at java.util.concurrent.ScheduledThreadPoolExecutor$DelayedWorkQueue.take(ScheduledThreadPoolExecutor.java:809)
        at java.util.concurrent.ThreadPoolExecutor.getTask(ThreadPoolExecutor.java:1074)
        at java.util.concurrent.ThreadPoolExecutor.runWorker(ThreadPoolExecutor.java:1134)
        at java.util.concurrent.ThreadPoolExecutor$Worker.run(ThreadPoolExecutor.java:624)
        at java.lang.Thread.run(Thread.java:750)
"IPC Server handler 23 on default port 39853" daemon prio=5 tid=1120 timed_waiting
java.lang.Thread.State: TIMED_WAITING
        at sun.misc.Unsafe.park(Native Method)
        at java.util.concurrent.locks.LockSupport.parkNanos(LockSupport.java:215)
        at java.util.concurrent.locks.AbstractQueuedSynchronizer$ConditionObject.awaitNanos(AbstractQueuedSynchronizer.java:2083)
        at java.util.concurrent.LinkedBlockingQueue.poll(LinkedBlockingQueue.java:467)
        at org.apache.hadoop.ipc.CallQueueManager.take(CallQueueManager.java:317)
        at org.apache.hadoop.ipc.Server$Handler.run(Server.java:2932)
"KeyDeletingService#0" daemon prio=5 tid=1714 timed_waiting
java.lang.Thread.State: TIMED_WAITING
        at sun.misc.Unsafe.park(Native Method)
        at java.util.concurrent.locks.LockSupport.parkNanos(LockSupport.java:215)
        at java.util.concurrent.locks.AbstractQueuedSynchronizer$ConditionObject.awaitNanos(AbstractQueuedSynchronizer.java:2083)
        at java.util.concurrent.ScheduledThreadPoolExecutor$DelayedWorkQueue.take(ScheduledThreadPoolExecutor.java:1093)
        at java.util.concurrent.ScheduledThreadPoolExecutor$DelayedWorkQueue.take(ScheduledThreadPoolExecutor.java:809)
        at java.util.concurrent.ThreadPoolExecutor.getTask(ThreadPoolExecutor.java:1074)
        at java.util.concurrent.ThreadPoolExecutor.runWorker(ThreadPoolExecutor.java:1134)
        at java.util.concurrent.ThreadPoolExecutor$Worker.run(ThreadPoolExecutor.java:624)
        at java.lang.Thread.run(Thread.java:750)
"IPC Server handler 17 on default port 39853" daemon prio=5 tid=1114 timed_waiting
java.lang.Thread.State: TIMED_WAITING
        at sun.misc.Unsafe.park(Native Method)
        at java.util.concurrent.locks.LockSupport.parkNanos(LockSupport.java:215)
        at java.util.concurrent.locks.AbstractQueuedSynchronizer$ConditionObject.awaitNanos(AbstractQueuedSynchronizer.java:2083)
        at java.util.concurrent.LinkedBlockingQueue.poll(LinkedBlockingQueue.java:467)
        at org.apache.hadoop.ipc.CallQueueManager.take(CallQueueManager.java:317)
        at org.apache.hadoop.ipc.Server$Handler.run(Server.java:2932)
"74f1d438-0997-4634-9c34-91afcc4dae77@group-20B7CEE0DF6D-StateMachineUpdater" daemon prio=5 tid=1614 timed_waiting
java.lang.Thread.State: TIMED_WAITING
        at sun.misc.Unsafe.park(Native Method)
        at java.util.concurrent.locks.LockSupport.parkNanos(LockSupport.java:215)
        at java.util.concurrent.CompletableFuture$Signaller.block(CompletableFuture.java:1709)
        at java.util.concurrent.ForkJoinPool.managedBlock(ForkJoinPool.java:3323)
        at java.util.concurrent.CompletableFuture.timedGet(CompletableFuture.java:1788)
        at java.util.concurrent.CompletableFuture.get(CompletableFuture.java:1928)
        at org.apache.ratis.util.AwaitForSignal.await(AwaitForSignal.java:56)
        at org.apache.ratis.server.impl.StateMachineUpdater.waitForCommit(StateMachineUpdater.java:207)
        at org.apache.ratis.server.impl.StateMachineUpdater.run(StateMachineUpdater.java:176)
        at java.lang.Thread.run(Thread.java:750)
"BlockDeletingService#0" daemon prio=5 tid=1566 timed_waiting
java.lang.Thread.State: TIMED_WAITING
        at sun.misc.Unsafe.park(Native Method)
        at java.util.concurrent.locks.LockSupport.parkNanos(LockSupport.java:215)
        at java.util.concurrent.locks.AbstractQueuedSynchronizer$ConditionObject.awaitNanos(AbstractQueuedSynchronizer.java:2083)
        at java.util.concurrent.ScheduledThreadPoolExecutor$DelayedWorkQueue.take(ScheduledThreadPoolExecutor.java:1093)
        at java.util.concurrent.ScheduledThreadPoolExecutor$DelayedWorkQueue.take(ScheduledThreadPoolExecutor.java:809)
        at java.util.concurrent.ThreadPoolExecutor.getTask(ThreadPoolExecutor.java:1074)
        at java.util.concurrent.ThreadPoolExecutor.runWorker(ThreadPoolExecutor.java:1134)
        at java.util.concurrent.ThreadPoolExecutor$Worker.run(ThreadPoolExecutor.java:624)
        at java.lang.Thread.run(Thread.java:750)
"Datanode ReportManager Thread - 1" daemon prio=5 tid=1512 in Object.wait()
java.lang.Thread.State: WAITING (on object monitor)
        at sun.misc.Unsafe.park(Native Method)
        at java.util.concurrent.locks.LockSupport.park(LockSupport.java:175)
        at java.util.concurrent.locks.AbstractQueuedSynchronizer$ConditionObject.await(AbstractQueuedSynchronizer.java:2044)
        at java.util.concurrent.ScheduledThreadPoolExecutor$DelayedWorkQueue.take(ScheduledThreadPoolExecutor.java:1088)
        at java.util.concurrent.ScheduledThreadPoolExecutor$DelayedWorkQueue.take(ScheduledThreadPoolExecutor.java:809)
        at java.util.concurrent.ThreadPoolExecutor.getTask(ThreadPoolExecutor.java:1074)
        at java.util.concurrent.ThreadPoolExecutor.runWorker(ThreadPoolExecutor.java:1134)
        at java.util.concurrent.ThreadPoolExecutor$Worker.run(ThreadPoolExecutor.java:624)
        at java.lang.Thread.run(Thread.java:750)
"IPC Server handler 33 on default port 38039" daemon prio=5 tid=1230 timed_waiting
java.lang.Thread.State: TIMED_WAITING
        at sun.misc.Unsafe.park(Native Method)
        at java.util.concurrent.locks.LockSupport.parkNanos(LockSupport.java:215)
        at java.util.concurrent.locks.AbstractQueuedSynchronizer$ConditionObject.awaitNanos(AbstractQueuedSynchronizer.java:2083)
        at java.util.concurrent.LinkedBlockingQueue.poll(LinkedBlockingQueue.java:467)
        at org.apache.hadoop.ipc.CallQueueManager.take(CallQueueManager.java:317)
        at org.apache.hadoop.ipc.Server$Handler.run(Server.java:2932)
"IPC Server handler 58 on default port 39853" daemon prio=5 tid=1155 timed_waiting
java.lang.Thread.State: TIMED_WAITING
        at sun.misc.Unsafe.park(Native Method)
        at java.util.concurrent.locks.LockSupport.parkNanos(LockSupport.java:215)
        at java.util.concurrent.locks.AbstractQueuedSynchronizer$ConditionObject.awaitNanos(AbstractQueuedSynchronizer.java:2083)
        at java.util.concurrent.LinkedBlockingQueue.poll(LinkedBlockingQueue.java:467)
        at org.apache.hadoop.ipc.CallQueueManager.take(CallQueueManager.java:317)
        at org.apache.hadoop.ipc.Server$Handler.run(Server.java:2932)
"IPC Server handler 1 on default port 38039" daemon prio=5 tid=1198 timed_waiting
java.lang.Thread.State: TIMED_WAITING
        at sun.misc.Unsafe.park(Native Method)
        at java.util.concurrent.locks.LockSupport.parkNanos(LockSupport.java:215)
        at java.util.concurrent.locks.AbstractQueuedSynchronizer$ConditionObject.awaitNanos(AbstractQueuedSynchronizer.java:2083)
        at java.util.concurrent.LinkedBlockingQueue.poll(LinkedBlockingQueue.java:467)
        at org.apache.hadoop.ipc.CallQueueManager.take(CallQueueManager.java:317)
        at org.apache.hadoop.ipc.Server$Handler.run(Server.java:2932)
"IPC Server handler 24 on default port 38039" daemon prio=5 tid=1221 timed_waiting
java.lang.Thread.State: TIMED_WAITING
        at sun.misc.Unsafe.park(Native Method)
        at java.util.concurrent.locks.LockSupport.parkNanos(LockSupport.java:215)
        at java.util.concurrent.locks.AbstractQueuedSynchronizer$ConditionObject.awaitNanos(AbstractQueuedSynchronizer.java:2083)
        at java.util.concurrent.LinkedBlockingQueue.poll(LinkedBlockingQueue.java:467)
        at org.apache.hadoop.ipc.CallQueueManager.take(CallQueueManager.java:317)
        at org.apache.hadoop.ipc.Server$Handler.run(Server.java:2932)
"org.apache.ratis.util.JvmPauseMonitor$$Lambda$605/1445225850@3149e0db" daemon prio=5 tid=1093 timed_waiting
java.lang.Thread.State: TIMED_WAITING
        at java.lang.Thread.sleep(Native Method)
        at java.lang.Thread.sleep(Thread.java:342)
        at java.util.concurrent.TimeUnit.sleep(TimeUnit.java:386)
        at org.apache.ratis.util.TimeDuration.sleep(TimeDuration.java:325)
        at org.apache.ratis.util.TimeDuration.sleep(TimeDuration.java:310)
        at org.apache.ratis.util.JvmPauseMonitor.detectPause(JvmPauseMonitor.java:117)
        at org.apache.ratis.util.JvmPauseMonitor.run(JvmPauseMonitor.java:106)
        at org.apache.ratis.util.JvmPauseMonitor$$Lambda$605/1445225850.run(Unknown Source)
        at java.lang.Thread.run(Thread.java:750)
"IPC Server handler 17 on default port 46755" daemon prio=5 tid=1331 timed_waiting
java.lang.Thread.State: TIMED_WAITING
        at sun.misc.Unsafe.park(Native Method)
        at java.util.concurrent.locks.LockSupport.parkNanos(LockSupport.java:215)
        at java.util.concurrent.locks.AbstractQueuedSynchronizer$ConditionObject.awaitNanos(AbstractQueuedSynchronizer.java:2083)
        at java.util.concurrent.LinkedBlockingQueue.poll(LinkedBlockingQueue.java:467)
        at org.apache.hadoop.ipc.CallQueueManager.take(CallQueueManager.java:317)
        at org.apache.hadoop.ipc.Server$Handler.run(Server.java:2932)
"prometheus" daemon prio=5 tid=1095 in Object.wait()
java.lang.Thread.State: WAITING (on object monitor)
        at java.lang.Object.wait(Native Method)
        at java.lang.Object.wait(Object.java:502)
        at org.apache.hadoop.metrics2.impl.SinkQueue.waitForData(SinkQueue.java:114)
        at org.apache.hadoop.metrics2.impl.SinkQueue.consumeAll(SinkQueue.java:83)
        at org.apache.hadoop.metrics2.impl.MetricsSinkAdapter.publishMetricsFromQueue(MetricsSinkAdapter.java:135)
        at org.apache.hadoop.metrics2.impl.MetricsSinkAdapter$1.run(MetricsSinkAdapter.java:89)
"IPC Server idle connection scanner for port 41695" daemon prio=5 tid=1782 timed_waiting
java.lang.Thread.State: TIMED_WAITING
        at java.lang.Object.wait(Native Method)
        at java.util.TimerThread.mainLoop(Timer.java:552)
        at java.util.TimerThread.run(Timer.java:505)
"IPC Server handler 8 on default port 38039" daemon prio=5 tid=1205 timed_waiting
java.lang.Thread.State: TIMED_WAITING
        at sun.misc.Unsafe.park(Native Method)
        at java.util.concurrent.locks.LockSupport.parkNanos(LockSupport.java:215)
        at java.util.concurrent.locks.AbstractQueuedSynchronizer$ConditionObject.awaitNanos(AbstractQueuedSynchronizer.java:2083)
        at java.util.concurrent.LinkedBlockingQueue.poll(LinkedBlockingQueue.java:467)
        at org.apache.hadoop.ipc.CallQueueManager.take(CallQueueManager.java:317)
        at org.apache.hadoop.ipc.Server$Handler.run(Server.java:2932)
"03e900db-606d-4788-a076-61e9663ea76b@group-20B7CEE0DF6D-StateMachineUpdater" daemon prio=5 tid=1617 timed_waiting
java.lang.Thread.State: TIMED_WAITING
        at sun.misc.Unsafe.park(Native Method)
        at java.util.concurrent.locks.LockSupport.parkNanos(LockSupport.java:215)
        at java.util.concurrent.CompletableFuture$Signaller.block(CompletableFuture.java:1709)
        at java.util.concurrent.ForkJoinPool.managedBlock(ForkJoinPool.java:3323)
        at java.util.concurrent.CompletableFuture.timedGet(CompletableFuture.java:1788)
        at java.util.concurrent.CompletableFuture.get(CompletableFuture.java:1928)
        at org.apache.ratis.util.AwaitForSignal.await(AwaitForSignal.java:56)
        at org.apache.ratis.server.impl.StateMachineUpdater.waitForCommit(StateMachineUpdater.java:207)
        at org.apache.ratis.server.impl.StateMachineUpdater.run(StateMachineUpdater.java:176)
        at java.lang.Thread.run(Thread.java:750)
"c0693ef0-230a-48dd-aa8a-44a8c3878b49@group-26218CACBD25-LeaderStateImpl" daemon prio=5 tid=1653 timed_waiting
java.lang.Thread.State: TIMED_WAITING
        at sun.misc.Unsafe.park(Native Method)
        at java.util.concurrent.locks.LockSupport.parkNanos(LockSupport.java:215)
        at java.util.concurrent.locks.AbstractQueuedSynchronizer$ConditionObject.awaitNanos(AbstractQueuedSynchronizer.java:2083)
        at java.util.concurrent.ArrayBlockingQueue.poll(ArrayBlockingQueue.java:418)
        at org.apache.ratis.server.impl.LeaderStateImpl$EventQueue.poll(LeaderStateImpl.java:159)
        at org.apache.ratis.server.impl.LeaderStateImpl$EventProcessor.run(LeaderStateImpl.java:630)
"EventQueue-NewNodeForNewNodeHandler" daemon prio=5 tid=1582 in Object.wait()
java.lang.Thread.State: WAITING (on object monitor)
        at sun.misc.Unsafe.park(Native Method)
        at java.util.concurrent.locks.LockSupport.park(LockSupport.java:175)
        at java.util.concurrent.locks.AbstractQueuedSynchronizer$ConditionObject.await(AbstractQueuedSynchronizer.java:2044)
        at java.util.concurrent.LinkedBlockingQueue.take(LinkedBlockingQueue.java:442)
        at java.util.concurrent.ThreadPoolExecutor.getTask(ThreadPoolExecutor.java:1074)
        at java.util.concurrent.ThreadPoolExecutor.runWorker(ThreadPoolExecutor.java:1134)
        at java.util.concurrent.ThreadPoolExecutor$Worker.run(ThreadPoolExecutor.java:624)
        at java.lang.Thread.run(Thread.java:750)
"Datanode ReportManager Thread - 1" daemon prio=5 tid=626 timed_waiting
java.lang.Thread.State: TIMED_WAITING
        at sun.misc.Unsafe.park(Native Method)
        at java.util.concurrent.locks.LockSupport.parkNanos(LockSupport.java:215)
        at java.util.concurrent.locks.AbstractQueuedSynchronizer$ConditionObject.awaitNanos(AbstractQueuedSynchronizer.java:2083)
        at java.util.concurrent.ScheduledThreadPoolExecutor$DelayedWorkQueue.take(ScheduledThreadPoolExecutor.java:1093)
        at java.util.concurrent.ScheduledThreadPoolExecutor$DelayedWorkQueue.take(ScheduledThreadPoolExecutor.java:809)
        at java.util.concurrent.ThreadPoolExecutor.getTask(ThreadPoolExecutor.java:1074)
        at java.util.concurrent.ThreadPoolExecutor.runWorker(ThreadPoolExecutor.java:1134)
        at java.util.concurrent.ThreadPoolExecutor$Worker.run(ThreadPoolExecutor.java:624)
        at java.lang.Thread.run(Thread.java:750)
"java.util.concurrent.ThreadPoolExecutor$Worker@12aa66d1[State = -1, empty queue]" daemon prio=5 tid=738 timed_waiting
java.lang.Thread.State: TIMED_WAITING
        at sun.misc.Unsafe.park(Native Method)
        at java.util.concurrent.locks.LockSupport.parkNanos(LockSupport.java:215)
        at java.util.concurrent.locks.AbstractQueuedSynchronizer$ConditionObject.awaitNanos(AbstractQueuedSynchronizer.java:2083)
        at java.util.concurrent.ScheduledThreadPoolExecutor$DelayedWorkQueue.take(ScheduledThreadPoolExecutor.java:1093)
        at java.util.concurrent.ScheduledThreadPoolExecutor$DelayedWorkQueue.take(ScheduledThreadPoolExecutor.java:809)
        at java.util.concurrent.ThreadPoolExecutor.getTask(ThreadPoolExecutor.java:1074)
        at java.util.concurrent.ThreadPoolExecutor.runWorker(ThreadPoolExecutor.java:1134)
        at java.util.concurrent.ThreadPoolExecutor$Worker.run(ThreadPoolExecutor.java:624)
        at java.lang.Thread.run(Thread.java:750)
"IPC Server listener on 46755" daemon prio=5 tid=1080 runnable
java.lang.Thread.State: RUNNABLE
        at sun.nio.ch.EPollArrayWrapper.epollWait(Native Method)
        at sun.nio.ch.EPollArrayWrapper.poll(EPollArrayWrapper.java:269)
        at sun.nio.ch.EPollSelectorImpl.doSelect(EPollSelectorImpl.java:93)
        at sun.nio.ch.SelectorImpl.lockAndDoSelect(SelectorImpl.java:86)
        at sun.nio.ch.SelectorImpl.select(SelectorImpl.java:97)
        at sun.nio.ch.SelectorImpl.select(SelectorImpl.java:101)
        at org.apache.hadoop.ipc.Server$Listener.run(Server.java:1350)
"IPC Server handler 7 on default port 41695" daemon prio=5 tid=1808 timed_waiting
java.lang.Thread.State: TIMED_WAITING
        at sun.misc.Unsafe.park(Native Method)
        at java.util.concurrent.locks.LockSupport.parkNanos(LockSupport.java:215)
        at java.util.concurrent.locks.AbstractQueuedSynchronizer$ConditionObject.awaitNanos(AbstractQueuedSynchronizer.java:2083)
        at java.util.concurrent.LinkedBlockingQueue.poll(LinkedBlockingQueue.java:467)
        at org.apache.hadoop.ipc.CallQueueManager.take(CallQueueManager.java:317)
        at org.apache.hadoop.ipc.Server$Handler.run(Server.java:2932)
"IPC Server handler 54 on default port 46755" daemon prio=5 tid=1368 timed_waiting
java.lang.Thread.State: TIMED_WAITING
        at sun.misc.Unsafe.park(Native Method)
        at java.util.concurrent.locks.LockSupport.parkNanos(LockSupport.java:215)
        at java.util.concurrent.locks.AbstractQueuedSynchronizer$ConditionObject.awaitNanos(AbstractQueuedSynchronizer.java:2083)
        at java.util.concurrent.LinkedBlockingQueue.poll(LinkedBlockingQueue.java:467)
        at org.apache.hadoop.ipc.CallQueueManager.take(CallQueueManager.java:317)
        at org.apache.hadoop.ipc.Server$Handler.run(Server.java:2932)
"pool-438-thread-1"  prio=5 tid=1717 timed_waiting
java.lang.Thread.State: TIMED_WAITING
        at sun.misc.Unsafe.park(Native Method)
        at java.util.concurrent.locks.LockSupport.parkNanos(LockSupport.java:215)
        at java.util.concurrent.locks.AbstractQueuedSynchronizer$ConditionObject.awaitNanos(AbstractQueuedSynchronizer.java:2083)
        at java.util.concurrent.ScheduledThreadPoolExecutor$DelayedWorkQueue.take(ScheduledThreadPoolExecutor.java:1093)
        at java.util.concurrent.ScheduledThreadPoolExecutor$DelayedWorkQueue.take(ScheduledThreadPoolExecutor.java:809)
        at java.util.concurrent.ThreadPoolExecutor.getTask(ThreadPoolExecutor.java:1074)
        at java.util.concurrent.ThreadPoolExecutor.runWorker(ThreadPoolExecutor.java:1134)
        at java.util.concurrent.ThreadPoolExecutor$Worker.run(ThreadPoolExecutor.java:624)
        at java.lang.Thread.run(Thread.java:750)
"IPC Server handler 2 on default port 46755" daemon prio=5 tid=1316 timed_waiting
java.lang.Thread.State: TIMED_WAITING
        at sun.misc.Unsafe.park(Native Method)
        at java.util.concurrent.locks.LockSupport.parkNanos(LockSupport.java:215)
        at java.util.concurrent.locks.AbstractQueuedSynchronizer$ConditionObject.awaitNanos(AbstractQueuedSynchronizer.java:2083)
        at java.util.concurrent.LinkedBlockingQueue.poll(LinkedBlockingQueue.java:467)
        at org.apache.hadoop.ipc.CallQueueManager.take(CallQueueManager.java:317)
        at org.apache.hadoop.ipc.Server$Handler.run(Server.java:2932)
"IPC Server handler 92 on default port 38039" daemon prio=5 tid=1289 timed_waiting
java.lang.Thread.State: TIMED_WAITING
        at sun.misc.Unsafe.park(Native Method)
        at java.util.concurrent.locks.LockSupport.parkNanos(LockSupport.java:215)
        at java.util.concurrent.locks.AbstractQueuedSynchronizer$ConditionObject.awaitNanos(AbstractQueuedSynchronizer.java:2083)
        at java.util.concurrent.LinkedBlockingQueue.poll(LinkedBlockingQueue.java:467)
        at org.apache.hadoop.ipc.CallQueueManager.take(CallQueueManager.java:317)
        at org.apache.hadoop.ipc.Server$Handler.run(Server.java:2932)
"SSL Certificates Store Monitor" daemon prio=5 tid=1770 in Object.wait()
java.lang.Thread.State: WAITING (on object monitor)
        at java.lang.Object.wait(Native Method)
        at java.lang.Object.wait(Object.java:502)
        at java.util.TimerThread.mainLoop(Timer.java:526)
        at java.util.TimerThread.run(Timer.java:505)
"IPC Server handler 1 on default port 39853" daemon prio=5 tid=1098 timed_waiting
java.lang.Thread.State: TIMED_WAITING
        at sun.misc.Unsafe.park(Native Method)
        at java.util.concurrent.locks.LockSupport.parkNanos(LockSupport.java:215)
        at java.util.concurrent.locks.AbstractQueuedSynchronizer$ConditionObject.awaitNanos(AbstractQueuedSynchronizer.java:2083)
        at java.util.concurrent.LinkedBlockingQueue.poll(LinkedBlockingQueue.java:467)
        at org.apache.hadoop.ipc.CallQueueManager.take(CallQueueManager.java:317)
        at org.apache.hadoop.ipc.Server$Handler.run(Server.java:2932)
"OMDoubleBufferFlushThread" daemon prio=5 tid=1700 timed_waiting
java.lang.Thread.State: TIMED_WAITING
        at java.lang.Object.wait(Native Method)
        at org.apache.hadoop.ozone.om.ratis.OzoneManagerDoubleBuffer.canFlush(OzoneManagerDoubleBuffer.java:538)
        at org.apache.hadoop.ozone.om.ratis.OzoneManagerDoubleBuffer.flushTransactions(OzoneManagerDoubleBuffer.java:268)
        at org.apache.hadoop.ozone.om.ratis.OzoneManagerDoubleBuffer$$Lambda$860/856569778.run(Unknown Source)
        at java.lang.Thread.run(Thread.java:750)
"IPC Server handler 30 on default port 46755" daemon prio=5 tid=1344 timed_waiting
java.lang.Thread.State: TIMED_WAITING
        at sun.misc.Unsafe.park(Native Method)
        at java.util.concurrent.locks.LockSupport.parkNanos(LockSupport.java:215)
        at java.util.concurrent.locks.AbstractQueuedSynchronizer$ConditionObject.awaitNanos(AbstractQueuedSynchronizer.java:2083)
        at java.util.concurrent.LinkedBlockingQueue.poll(LinkedBlockingQueue.java:467)
        at org.apache.hadoop.ipc.CallQueueManager.take(CallQueueManager.java:317)
        at org.apache.hadoop.ipc.Server$Handler.run(Server.java:2932)
"qtp1565242025-1504" daemon prio=5 tid=1504 timed_waiting
java.lang.Thread.State: TIMED_WAITING
        at sun.misc.Unsafe.park(Native Method)
        at java.util.concurrent.locks.LockSupport.parkNanos(LockSupport.java:215)
        at java.util.concurrent.locks.AbstractQueuedSynchronizer$ConditionObject.awaitNanos(AbstractQueuedSynchronizer.java:2083)
        at org.eclipse.jetty.util.BlockingArrayQueue.poll(BlockingArrayQueue.java:382)
        at org.eclipse.jetty.util.thread.QueuedThreadPool$Runner.idleJobPoll(QueuedThreadPool.java:974)
        at org.eclipse.jetty.util.thread.QueuedThreadPool$Runner.run(QueuedThreadPool.java:1018)
        at java.lang.Thread.run(Thread.java:750)
"74f1d438-0997-4634-9c34-91afcc4dae77@group-26218CACBD25-StateMachineUpdater" daemon prio=5 tid=1600 timed_waiting
java.lang.Thread.State: TIMED_WAITING
        at sun.misc.Unsafe.park(Native Method)
        at java.util.concurrent.locks.LockSupport.parkNanos(LockSupport.java:215)
        at java.util.concurrent.CompletableFuture$Signaller.block(CompletableFuture.java:1709)
        at java.util.concurrent.ForkJoinPool.managedBlock(ForkJoinPool.java:3323)
        at java.util.concurrent.CompletableFuture.timedGet(CompletableFuture.java:1788)
        at java.util.concurrent.CompletableFuture.get(CompletableFuture.java:1928)
        at org.apache.ratis.util.AwaitForSignal.await(AwaitForSignal.java:56)
        at org.apache.ratis.server.impl.StateMachineUpdater.waitForCommit(StateMachineUpdater.java:207)
        at org.apache.ratis.server.impl.StateMachineUpdater.run(StateMachineUpdater.java:176)
        at java.lang.Thread.run(Thread.java:750)
"IPC Server handler 37 on default port 38039" daemon prio=5 tid=1234 timed_waiting
java.lang.Thread.State: TIMED_WAITING
        at sun.misc.Unsafe.park(Native Method)
        at java.util.concurrent.locks.LockSupport.parkNanos(LockSupport.java:215)
        at java.util.concurrent.locks.AbstractQueuedSynchronizer$ConditionObject.awaitNanos(AbstractQueuedSynchronizer.java:2083)
        at java.util.concurrent.LinkedBlockingQueue.poll(LinkedBlockingQueue.java:467)
        at org.apache.hadoop.ipc.CallQueueManager.take(CallQueueManager.java:317)
        at org.apache.hadoop.ipc.Server$Handler.run(Server.java:2932)
"IPC Server idle connection scanner for port 46755" daemon prio=5 tid=1082 timed_waiting
java.lang.Thread.State: TIMED_WAITING
        at java.lang.Object.wait(Native Method)
        at java.util.TimerThread.mainLoop(Timer.java:552)
        at java.util.TimerThread.run(Timer.java:505)
"IPC Server handler 38 on default port 38039" daemon prio=5 tid=1235 timed_waiting
java.lang.Thread.State: TIMED_WAITING
        at sun.misc.Unsafe.park(Native Method)
        at java.util.concurrent.locks.LockSupport.parkNanos(LockSupport.java:215)
        at java.util.concurrent.locks.AbstractQueuedSynchronizer$ConditionObject.awaitNanos(AbstractQueuedSynchronizer.java:2083)
        at java.util.concurrent.LinkedBlockingQueue.poll(LinkedBlockingQueue.java:467)
        at org.apache.hadoop.ipc.CallQueueManager.take(CallQueueManager.java:317)
        at org.apache.hadoop.ipc.Server$Handler.run(Server.java:2932)
"IPC Server handler 18 on default port 39853" daemon prio=5 tid=1115 timed_waiting
java.lang.Thread.State: TIMED_WAITING
        at sun.misc.Unsafe.park(Native Method)
        at java.util.concurrent.locks.LockSupport.parkNanos(LockSupport.java:215)
        at java.util.concurrent.locks.AbstractQueuedSynchronizer$ConditionObject.awaitNanos(AbstractQueuedSynchronizer.java:2083)
        at java.util.concurrent.LinkedBlockingQueue.poll(LinkedBlockingQueue.java:467)
        at org.apache.hadoop.ipc.CallQueueManager.take(CallQueueManager.java:317)
        at org.apache.hadoop.ipc.Server$Handler.run(Server.java:2932)
"surefire-forkedjvm-command-thread" daemon prio=5 tid=10 runnable
java.lang.Thread.State: RUNNABLE
        at java.io.FileInputStream.readBytes(Native Method)
        at java.io.FileInputStream.read(FileInputStream.java:255)
        at java.io.BufferedInputStream.read1(BufferedInputStream.java:284)
        at java.io.BufferedInputStream.read(BufferedInputStream.java:345)
        at java.io.BufferedInputStream.fill(BufferedInputStream.java:246)
        at java.io.BufferedInputStream.read1(BufferedInputStream.java:286)
        at java.io.BufferedInputStream.read(BufferedInputStream.java:345)
        at org.apache.maven.surefire.api.util.internal.Channels$3.readImpl(Channels.java:214)
        at org.apache.maven.surefire.api.util.internal.AbstractNoninterruptibleReadableChannel.read(AbstractNoninterruptibleReadableChannel.java:54)
        at org.apache.maven.surefire.booter.spi.LegacyMasterProcessChannelDecoder.decode(LegacyMasterProcessChannelDecoder.java:80)
        at org.apache.maven.surefire.booter.CommandReader$CommandRunnable.run(CommandReader.java:343)
        at java.lang.Thread.run(Thread.java:750)
"qtp1565242025-1501" daemon prio=5 tid=1501 timed_waiting
java.lang.Thread.State: TIMED_WAITING
        at sun.misc.Unsafe.park(Native Method)
        at java.util.concurrent.locks.LockSupport.parkNanos(LockSupport.java:215)
        at java.util.concurrent.locks.AbstractQueuedSynchronizer$ConditionObject.awaitNanos(AbstractQueuedSynchronizer.java:2083)
        at org.eclipse.jetty.util.BlockingArrayQueue.poll(BlockingArrayQueue.java:382)
        at org.eclipse.jetty.util.thread.QueuedThreadPool$Runner.idleJobPoll(QueuedThreadPool.java:974)
        at org.eclipse.jetty.util.thread.QueuedThreadPool$Runner.run(QueuedThreadPool.java:1018)
        at java.lang.Thread.run(Thread.java:750)
"IPC Server handler 13 on default port 39853" daemon prio=5 tid=1110 timed_waiting
java.lang.Thread.State: TIMED_WAITING
        at sun.misc.Unsafe.park(Native Method)
        at java.util.concurrent.locks.LockSupport.parkNanos(LockSupport.java:215)
        at java.util.concurrent.locks.AbstractQueuedSynchronizer$ConditionObject.awaitNanos(AbstractQueuedSynchronizer.java:2083)
        at java.util.concurrent.LinkedBlockingQueue.poll(LinkedBlockingQueue.java:467)
        at org.apache.hadoop.ipc.CallQueueManager.take(CallQueueManager.java:317)
        at org.apache.hadoop.ipc.Server$Handler.run(Server.java:2932)
"Periodic HDDS volume checker" daemon prio=5 tid=1466 timed_waiting
java.lang.Thread.State: TIMED_WAITING
        at sun.misc.Unsafe.park(Native Method)
        at java.util.concurrent.locks.LockSupport.parkNanos(LockSupport.java:215)
        at java.util.concurrent.locks.AbstractQueuedSynchronizer$ConditionObject.awaitNanos(AbstractQueuedSynchronizer.java:2083)
        at java.util.concurrent.ScheduledThreadPoolExecutor$DelayedWorkQueue.take(ScheduledThreadPoolExecutor.java:1093)
        at java.util.concurrent.ScheduledThreadPoolExecutor$DelayedWorkQueue.take(ScheduledThreadPoolExecutor.java:809)
        at java.util.concurrent.ThreadPoolExecutor.getTask(ThreadPoolExecutor.java:1074)
        at java.util.concurrent.ThreadPoolExecutor.runWorker(ThreadPoolExecutor.java:1134)
        at java.util.concurrent.ThreadPoolExecutor$Worker.run(ThreadPoolExecutor.java:624)
        at java.lang.Thread.run(Thread.java:750)
"IPC Server handler 92 on default port 39853" daemon prio=5 tid=1189 timed_waiting
java.lang.Thread.State: TIMED_WAITING
        at sun.misc.Unsafe.park(Native Method)
        at java.util.concurrent.locks.LockSupport.parkNanos(LockSupport.java:215)
        at java.util.concurrent.locks.AbstractQueuedSynchronizer$ConditionObject.awaitNanos(AbstractQueuedSynchronizer.java:2083)
        at java.util.concurrent.LinkedBlockingQueue.poll(LinkedBlockingQueue.java:467)
        at org.apache.hadoop.ipc.CallQueueManager.take(CallQueueManager.java:317)
        at org.apache.hadoop.ipc.Server$Handler.run(Server.java:2932)
"IPC Server handler 59 on default port 46755" daemon prio=5 tid=1373 timed_waiting
java.lang.Thread.State: TIMED_WAITING
        at sun.misc.Unsafe.park(Native Method)
        at java.util.concurrent.locks.LockSupport.parkNanos(LockSupport.java:215)
        at java.util.concurrent.locks.AbstractQueuedSynchronizer$ConditionObject.awaitNanos(AbstractQueuedSynchronizer.java:2083)
        at java.util.concurrent.LinkedBlockingQueue.poll(LinkedBlockingQueue.java:467)
        at org.apache.hadoop.ipc.CallQueueManager.take(CallQueueManager.java:317)
        at org.apache.hadoop.ipc.Server$Handler.run(Server.java:2932)
"IPC Server handler 44 on default port 39853" daemon prio=5 tid=1141 timed_waiting
java.lang.Thread.State: TIMED_WAITING
        at sun.misc.Unsafe.park(Native Method)
        at java.util.concurrent.locks.LockSupport.parkNanos(LockSupport.java:215)
        at java.util.concurrent.locks.AbstractQueuedSynchronizer$ConditionObject.awaitNanos(AbstractQueuedSynchronizer.java:2083)
        at java.util.concurrent.LinkedBlockingQueue.poll(LinkedBlockingQueue.java:467)
        at org.apache.hadoop.ipc.CallQueueManager.take(CallQueueManager.java:317)
        at org.apache.hadoop.ipc.Server$Handler.run(Server.java:2932)
"03e900db-606d-4788-a076-61e9663ea76b@group-26218CACBD25-SegmentedRaftLogWorker"  prio=5 tid=1608 timed_waiting
java.lang.Thread.State: TIMED_WAITING
        at sun.misc.Unsafe.park(Native Method)
        at java.util.concurrent.locks.LockSupport.parkNanos(LockSupport.java:215)
        at java.util.concurrent.locks.AbstractQueuedSynchronizer$ConditionObject.awaitNanos(AbstractQueuedSynchronizer.java:2083)
        at org.apache.ratis.util.DataBlockingQueue.poll(DataBlockingQueue.java:148)
        at org.apache.ratis.server.raftlog.segmented.SegmentedRaftLogWorker.run(SegmentedRaftLogWorker.java:301)
        at org.apache.ratis.server.raftlog.segmented.SegmentedRaftLogWorker$$Lambda$535/466484985.run(Unknown Source)
        at java.lang.Thread.run(Thread.java:750)
"PartialTableCache Cleanup Thread - 0" daemon prio=5 tid=878 in Object.wait()
java.lang.Thread.State: WAITING (on object monitor)
        at sun.misc.Unsafe.park(Native Method)
        at java.util.concurrent.locks.LockSupport.park(LockSupport.java:175)
        at java.util.concurrent.locks.AbstractQueuedSynchronizer$ConditionObject.await(AbstractQueuedSynchronizer.java:2044)
        at java.util.concurrent.LinkedBlockingQueue.take(LinkedBlockingQueue.java:442)
        at java.util.concurrent.ThreadPoolExecutor.getTask(ThreadPoolExecutor.java:1074)
        at java.util.concurrent.ThreadPoolExecutor.runWorker(ThreadPoolExecutor.java:1134)
        at java.util.concurrent.ThreadPoolExecutor$Worker.run(ThreadPoolExecutor.java:624)
        at java.lang.Thread.run(Thread.java:750)
"DirectoryDeletingService#0" daemon prio=5 tid=1789 timed_waiting
java.lang.Thread.State: TIMED_WAITING
        at sun.misc.Unsafe.park(Native Method)
        at java.util.concurrent.locks.LockSupport.parkNanos(LockSupport.java:215)
        at java.util.concurrent.locks.AbstractQueuedSynchronizer$ConditionObject.awaitNanos(AbstractQueuedSynchronizer.java:2083)
        at java.util.concurrent.ScheduledThreadPoolExecutor$DelayedWorkQueue.take(ScheduledThreadPoolExecutor.java:1093)
        at java.util.concurrent.ScheduledThreadPoolExecutor$DelayedWorkQueue.take(ScheduledThreadPoolExecutor.java:809)
        at java.util.concurrent.ThreadPoolExecutor.getTask(ThreadPoolExecutor.java:1074)
        at java.util.concurrent.ThreadPoolExecutor.runWorker(ThreadPoolExecutor.java:1134)
        at java.util.concurrent.ThreadPoolExecutor$Worker.run(ThreadPoolExecutor.java:624)
        at java.lang.Thread.run(Thread.java:750)
"BackgroundPipelineScrubberThread" daemon prio=5 tid=1074 timed_waiting
java.lang.Thread.State: TIMED_WAITING
        at java.lang.Object.wait(Native Method)
        at org.apache.hadoop.hdds.scm.ha.BackgroundSCMService.run(BackgroundSCMService.java:110)
        at org.apache.hadoop.hdds.scm.ha.BackgroundSCMService$$Lambda$756/700973385.run(Unknown Source)
        at java.lang.Thread.run(Thread.java:750)
"Datanode State Machine Task Thread - 1"  prio=5 tid=1558 in Object.wait()
java.lang.Thread.State: WAITING (on object monitor)
        at sun.misc.Unsafe.park(Native Method)
        at java.util.concurrent.locks.LockSupport.park(LockSupport.java:175)
        at java.util.concurrent.locks.AbstractQueuedSynchronizer$ConditionObject.await(AbstractQueuedSynchronizer.java:2044)
        at java.util.concurrent.LinkedBlockingQueue.take(LinkedBlockingQueue.java:442)
        at java.util.concurrent.ThreadPoolExecutor.getTask(ThreadPoolExecutor.java:1074)
        at java.util.concurrent.ThreadPoolExecutor.runWorker(ThreadPoolExecutor.java:1134)
        at java.util.concurrent.ThreadPoolExecutor$Worker.run(ThreadPoolExecutor.java:624)
        at java.lang.Thread.run(Thread.java:750)
"Datanode ReportManager Thread - 0" daemon prio=5 tid=571 in Object.wait()
java.lang.Thread.State: WAITING (on object monitor)
        at sun.misc.Unsafe.park(Native Method)
        at java.util.concurrent.locks.LockSupport.park(LockSupport.java:175)
        at java.util.concurrent.locks.AbstractQueuedSynchronizer$ConditionObject.await(AbstractQueuedSynchronizer.java:2044)
        at java.util.concurrent.ScheduledThreadPoolExecutor$DelayedWorkQueue.take(ScheduledThreadPoolExecutor.java:1088)
        at java.util.concurrent.ScheduledThreadPoolExecutor$DelayedWorkQueue.take(ScheduledThreadPoolExecutor.java:809)
        at java.util.concurrent.ThreadPoolExecutor.getTask(ThreadPoolExecutor.java:1074)
        at java.util.concurrent.ThreadPoolExecutor.runWorker(ThreadPoolExecutor.java:1134)
        at java.util.concurrent.ThreadPoolExecutor$Worker.run(ThreadPoolExecutor.java:624)
        at java.lang.Thread.run(Thread.java:750)
"IPC Server handler 27 on default port 46755" daemon prio=5 tid=1341 timed_waiting
java.lang.Thread.State: TIMED_WAITING
        at sun.misc.Unsafe.park(Native Method)
        at java.util.concurrent.locks.LockSupport.parkNanos(LockSupport.java:215)
        at java.util.concurrent.locks.AbstractQueuedSynchronizer$ConditionObject.awaitNanos(AbstractQueuedSynchronizer.java:2083)
        at java.util.concurrent.LinkedBlockingQueue.poll(LinkedBlockingQueue.java:467)
        at org.apache.hadoop.ipc.CallQueueManager.take(CallQueueManager.java:317)
        at org.apache.hadoop.ipc.Server$Handler.run(Server.java:2932)
"IPC Server handler 15 on default port 39853" daemon prio=5 tid=1112 timed_waiting
java.lang.Thread.State: TIMED_WAITING
        at sun.misc.Unsafe.park(Native Method)
        at java.util.concurrent.locks.LockSupport.parkNanos(LockSupport.java:215)
        at java.util.concurrent.locks.AbstractQueuedSynchronizer$ConditionObject.awaitNanos(AbstractQueuedSynchronizer.java:2083)
        at java.util.concurrent.LinkedBlockingQueue.poll(LinkedBlockingQueue.java:467)
        at org.apache.hadoop.ipc.CallQueueManager.take(CallQueueManager.java:317)
        at org.apache.hadoop.ipc.Server$Handler.run(Server.java:2932)
"Finalizer" daemon prio=8 tid=3 in Object.wait()
java.lang.Thread.State: WAITING (on object monitor)
        at java.lang.Object.wait(Native Method)
        at java.lang.ref.ReferenceQueue.remove(ReferenceQueue.java:144)
        at java.lang.ref.ReferenceQueue.remove(ReferenceQueue.java:165)
        at java.lang.ref.Finalizer$FinalizerThread.run(Finalizer.java:216)
"Datanode ReportManager Thread - 0" daemon prio=5 tid=1483 in Object.wait()
java.lang.Thread.State: WAITING (on object monitor)
        at sun.misc.Unsafe.park(Native Method)
        at java.util.concurrent.locks.LockSupport.park(LockSupport.java:175)
        at java.util.concurrent.locks.AbstractQueuedSynchronizer$ConditionObject.await(AbstractQueuedSynchronizer.java:2044)
        at java.util.concurrent.ScheduledThreadPoolExecutor$DelayedWorkQueue.take(ScheduledThreadPoolExecutor.java:1088)
        at java.util.concurrent.ScheduledThreadPoolExecutor$DelayedWorkQueue.take(ScheduledThreadPoolExecutor.java:809)
        at java.util.concurrent.ThreadPoolExecutor.getTask(ThreadPoolExecutor.java:1074)
        at java.util.concurrent.ThreadPoolExecutor.runWorker(ThreadPoolExecutor.java:1134)
        at java.util.concurrent.ThreadPoolExecutor$Worker.run(ThreadPoolExecutor.java:624)
        at java.lang.Thread.run(Thread.java:750)
"IPC Server handler 27 on default port 38039" daemon prio=5 tid=1224 timed_waiting
java.lang.Thread.State: TIMED_WAITING
        at sun.misc.Unsafe.park(Native Method)
        at java.util.concurrent.locks.LockSupport.parkNanos(LockSupport.java:215)
        at java.util.concurrent.locks.AbstractQueuedSynchronizer$ConditionObject.awaitNanos(AbstractQueuedSynchronizer.java:2083)
        at java.util.concurrent.LinkedBlockingQueue.poll(LinkedBlockingQueue.java:467)
        at org.apache.hadoop.ipc.CallQueueManager.take(CallQueueManager.java:317)
        at org.apache.hadoop.ipc.Server$Handler.run(Server.java:2932)
"java.util.concurrent.ThreadPoolExecutor$Worker@370cda71[State = -1, empty queue]" daemon prio=5 tid=1658 timed_waiting
java.lang.Thread.State: TIMED_WAITING
        at sun.misc.Unsafe.park(Native Method)
        at java.util.concurrent.locks.LockSupport.parkNanos(LockSupport.java:215)
        at java.util.concurrent.locks.AbstractQueuedSynchronizer$ConditionObject.awaitNanos(AbstractQueuedSynchronizer.java:2083)
        at java.util.concurrent.ScheduledThreadPoolExecutor$DelayedWorkQueue.take(ScheduledThreadPoolExecutor.java:1093)
        at java.util.concurrent.ScheduledThreadPoolExecutor$DelayedWorkQueue.take(ScheduledThreadPoolExecutor.java:809)
        at java.util.concurrent.ThreadPoolExecutor.getTask(ThreadPoolExecutor.java:1074)
        at java.util.concurrent.ThreadPoolExecutor.runWorker(ThreadPoolExecutor.java:1134)
        at java.util.concurrent.ThreadPoolExecutor$Worker.run(ThreadPoolExecutor.java:624)
        at java.lang.Thread.run(Thread.java:750)
"IPC Server handler 57 on default port 39853" daemon prio=5 tid=1154 timed_waiting
java.lang.Thread.State: TIMED_WAITING
        at sun.misc.Unsafe.park(Native Method)
        at java.util.concurrent.locks.LockSupport.parkNanos(LockSupport.java:215)
        at java.util.concurrent.locks.AbstractQueuedSynchronizer$ConditionObject.awaitNanos(AbstractQueuedSynchronizer.java:2083)
        at java.util.concurrent.LinkedBlockingQueue.poll(LinkedBlockingQueue.java:467)
        at org.apache.hadoop.ipc.CallQueueManager.take(CallQueueManager.java:317)
        at org.apache.hadoop.ipc.Server$Handler.run(Server.java:2932)
"pool-339-thread-1"  prio=5 tid=1472 timed_waiting
java.lang.Thread.State: TIMED_WAITING
        at sun.misc.Unsafe.park(Native Method)
        at java.util.concurrent.locks.LockSupport.parkNanos(LockSupport.java:215)
        at java.util.concurrent.locks.AbstractQueuedSynchronizer$ConditionObject.awaitNanos(AbstractQueuedSynchronizer.java:2083)
        at java.util.concurrent.ScheduledThreadPoolExecutor$DelayedWorkQueue.take(ScheduledThreadPoolExecutor.java:1093)
        at java.util.concurrent.ScheduledThreadPoolExecutor$DelayedWorkQueue.take(ScheduledThreadPoolExecutor.java:809)
        at java.util.concurrent.ThreadPoolExecutor.getTask(ThreadPoolExecutor.java:1074)
        at java.util.concurrent.ThreadPoolExecutor.runWorker(ThreadPoolExecutor.java:1134)
        at java.util.concurrent.ThreadPoolExecutor$Worker.run(ThreadPoolExecutor.java:624)
        at java.lang.Thread.run(Thread.java:750)
"IPC Server handler 71 on default port 38039" daemon prio=5 tid=1268 timed_waiting
java.lang.Thread.State: TIMED_WAITING
        at sun.misc.Unsafe.park(Native Method)
        at java.util.concurrent.locks.LockSupport.parkNanos(LockSupport.java:215)
        at java.util.concurrent.locks.AbstractQueuedSynchronizer$ConditionObject.awaitNanos(AbstractQueuedSynchronizer.java:2083)
        at java.util.concurrent.LinkedBlockingQueue.poll(LinkedBlockingQueue.java:467)
        at org.apache.hadoop.ipc.CallQueueManager.take(CallQueueManager.java:317)
        at org.apache.hadoop.ipc.Server$Handler.run(Server.java:2932)
"IPC Server handler 8 on default port 41695" daemon prio=5 tid=1809 timed_waiting
java.lang.Thread.State: TIMED_WAITING
        at sun.misc.Unsafe.park(Native Method)
        at java.util.concurrent.locks.LockSupport.parkNanos(LockSupport.java:215)
        at java.util.concurrent.locks.AbstractQueuedSynchronizer$ConditionObject.awaitNanos(AbstractQueuedSynchronizer.java:2083)
        at java.util.concurrent.LinkedBlockingQueue.poll(LinkedBlockingQueue.java:467)
        at org.apache.hadoop.ipc.CallQueueManager.take(CallQueueManager.java:317)
        at org.apache.hadoop.ipc.Server$Handler.run(Server.java:2932)
"IPC Server handler 12 on default port 38039" daemon prio=5 tid=1209 timed_waiting
java.lang.Thread.State: TIMED_WAITING
        at sun.misc.Unsafe.park(Native Method)
        at java.util.concurrent.locks.LockSupport.parkNanos(LockSupport.java:215)
        at java.util.concurrent.locks.AbstractQueuedSynchronizer$ConditionObject.awaitNanos(AbstractQueuedSynchronizer.java:2083)
        at java.util.concurrent.LinkedBlockingQueue.poll(LinkedBlockingQueue.java:467)
        at org.apache.hadoop.ipc.CallQueueManager.take(CallQueueManager.java:317)
        at org.apache.hadoop.ipc.Server$Handler.run(Server.java:2932)
"IPC Server handler 4 on default port 41695" daemon prio=5 tid=1805 timed_waiting
java.lang.Thread.State: TIMED_WAITING
        at sun.misc.Unsafe.park(Native Method)
        at java.util.concurrent.locks.LockSupport.parkNanos(LockSupport.java:215)
        at java.util.concurrent.locks.AbstractQueuedSynchronizer$ConditionObject.awaitNanos(AbstractQueuedSynchronizer.java:2083)
        at java.util.concurrent.LinkedBlockingQueue.poll(LinkedBlockingQueue.java:467)
        at org.apache.hadoop.ipc.CallQueueManager.take(CallQueueManager.java:317)
        at org.apache.hadoop.ipc.Server$Handler.run(Server.java:2932)
"c0693ef0-230a-48dd-aa8a-44a8c3878b49@group-20B7CEE0DF6D-StateMachineUpdater" daemon prio=5 tid=1621 timed_waiting
java.lang.Thread.State: TIMED_WAITING
        at sun.misc.Unsafe.park(Native Method)
        at java.util.concurrent.locks.LockSupport.parkNanos(LockSupport.java:215)
        at java.util.concurrent.CompletableFuture$Signaller.block(CompletableFuture.java:1709)
        at java.util.concurrent.ForkJoinPool.managedBlock(ForkJoinPool.java:3323)
        at java.util.concurrent.CompletableFuture.timedGet(CompletableFuture.java:1788)
        at java.util.concurrent.CompletableFuture.get(CompletableFuture.java:1928)
        at org.apache.ratis.util.AwaitForSignal.await(AwaitForSignal.java:56)
        at org.apache.ratis.server.impl.StateMachineUpdater.waitForCommit(StateMachineUpdater.java:207)
        at org.apache.ratis.server.impl.StateMachineUpdater.run(StateMachineUpdater.java:176)
        at java.lang.Thread.run(Thread.java:750)
"BlockDeletingService#1" daemon prio=5 tid=1569 in Object.wait()
java.lang.Thread.State: WAITING (on object monitor)
        at sun.misc.Unsafe.park(Native Method)
        at java.util.concurrent.locks.LockSupport.park(LockSupport.java:175)
        at java.util.concurrent.locks.AbstractQueuedSynchronizer$ConditionObject.await(AbstractQueuedSynchronizer.java:2044)
        at java.util.concurrent.ScheduledThreadPoolExecutor$DelayedWorkQueue.take(ScheduledThreadPoolExecutor.java:1088)
        at java.util.concurrent.ScheduledThreadPoolExecutor$DelayedWorkQueue.take(ScheduledThreadPoolExecutor.java:809)
        at java.util.concurrent.ThreadPoolExecutor.getTask(ThreadPoolExecutor.java:1074)
        at java.util.concurrent.ThreadPoolExecutor.runWorker(ThreadPoolExecutor.java:1134)
        at java.util.concurrent.ThreadPoolExecutor$Worker.run(ThreadPoolExecutor.java:624)
        at java.lang.Thread.run(Thread.java:750)
"SSL Certificates Store Monitor" daemon prio=5 tid=483 in Object.wait()
java.lang.Thread.State: WAITING (on object monitor)
        at java.lang.Object.wait(Native Method)
        at java.lang.Object.wait(Object.java:502)
        at java.util.TimerThread.mainLoop(Timer.java:526)
        at java.util.TimerThread.run(Timer.java:505)
"IPC Server handler 48 on default port 38039" daemon prio=5 tid=1245 timed_waiting
java.lang.Thread.State: TIMED_WAITING
        at sun.misc.Unsafe.park(Native Method)
        at java.util.concurrent.locks.LockSupport.parkNanos(LockSupport.java:215)
        at java.util.concurrent.locks.AbstractQueuedSynchronizer$ConditionObject.awaitNanos(AbstractQueuedSynchronizer.java:2083)
        at java.util.concurrent.LinkedBlockingQueue.poll(LinkedBlockingQueue.java:467)
        at org.apache.hadoop.ipc.CallQueueManager.take(CallQueueManager.java:317)
        at org.apache.hadoop.ipc.Server$Handler.run(Server.java:2932)
"IPC Server handler 71 on default port 46755" daemon prio=5 tid=1385 timed_waiting
java.lang.Thread.State: TIMED_WAITING
        at sun.misc.Unsafe.park(Native Method)
        at java.util.concurrent.locks.LockSupport.parkNanos(LockSupport.java:215)
        at java.util.concurrent.locks.AbstractQueuedSynchronizer$ConditionObject.awaitNanos(AbstractQueuedSynchronizer.java:2083)
        at java.util.concurrent.LinkedBlockingQueue.poll(LinkedBlockingQueue.java:467)
        at org.apache.hadoop.ipc.CallQueueManager.take(CallQueueManager.java:317)
        at org.apache.hadoop.ipc.Server$Handler.run(Server.java:2932)
"omNode-bootstrap-1-server-thread1" daemon prio=5 tid=1754 timed_waiting
java.lang.Thread.State: TIMED_WAITING
        at sun.misc.Unsafe.park(Native Method)
        at java.util.concurrent.locks.LockSupport.parkNanos(LockSupport.java:215)
        at java.util.concurrent.SynchronousQueue$TransferStack.awaitFulfill(SynchronousQueue.java:460)
        at java.util.concurrent.SynchronousQueue$TransferStack.transfer(SynchronousQueue.java:362)
        at java.util.concurrent.SynchronousQueue.poll(SynchronousQueue.java:941)
        at java.util.concurrent.ThreadPoolExecutor.getTask(ThreadPoolExecutor.java:1073)
        at java.util.concurrent.ThreadPoolExecutor.runWorker(ThreadPoolExecutor.java:1134)
        at java.util.concurrent.ThreadPoolExecutor$Worker.run(ThreadPoolExecutor.java:624)
        at java.lang.Thread.run(Thread.java:750)
"ChunkReader-ELG-0" daemon prio=5 tid=1577 runnable
java.lang.Thread.State: RUNNABLE
        at org.apache.ratis.thirdparty.io.netty.channel.epoll.Native.epollWait(Native Method)
        at org.apache.ratis.thirdparty.io.netty.channel.epoll.Native.epollWait(Native.java:193)
        at org.apache.ratis.thirdparty.io.netty.channel.epoll.Native.epollWait(Native.java:186)
        at org.apache.ratis.thirdparty.io.netty.channel.epoll.EpollEventLoop.epollWaitNoTimerChange(EpollEventLoop.java:290)
        at org.apache.ratis.thirdparty.io.netty.channel.epoll.EpollEventLoop.run(EpollEventLoop.java:347)
        at org.apache.ratis.thirdparty.io.netty.util.concurrent.SingleThreadEventExecutor$4.run(SingleThreadEventExecutor.java:986)
        at org.apache.ratis.thirdparty.io.netty.util.internal.ThreadExecutorMap$2.run(ThreadExecutorMap.java:74)
        at java.lang.Thread.run(Thread.java:750)
"Datanode ReportManager Thread - 3" daemon prio=5 tid=1540 timed_waiting
java.lang.Thread.State: TIMED_WAITING
        at sun.misc.Unsafe.park(Native Method)
        at java.util.concurrent.locks.LockSupport.parkNanos(LockSupport.java:215)
        at java.util.concurrent.locks.AbstractQueuedSynchronizer$ConditionObject.awaitNanos(AbstractQueuedSynchronizer.java:2083)
        at java.util.concurrent.ScheduledThreadPoolExecutor$DelayedWorkQueue.take(ScheduledThreadPoolExecutor.java:1093)
        at java.util.concurrent.ScheduledThreadPoolExecutor$DelayedWorkQueue.take(ScheduledThreadPoolExecutor.java:809)
        at java.util.concurrent.ThreadPoolExecutor.getTask(ThreadPoolExecutor.java:1074)
        at java.util.concurrent.ThreadPoolExecutor.runWorker(ThreadPoolExecutor.java:1134)
        at java.util.concurrent.ThreadPoolExecutor$Worker.run(ThreadPoolExecutor.java:624)
        at java.lang.Thread.run(Thread.java:750)
"IPC Server handler 54 on default port 38039" daemon prio=5 tid=1251 timed_waiting
java.lang.Thread.State: TIMED_WAITING
        at sun.misc.Unsafe.park(Native Method)
        at java.util.concurrent.locks.LockSupport.parkNanos(LockSupport.java:215)
        at java.util.concurrent.locks.AbstractQueuedSynchronizer$ConditionObject.awaitNanos(AbstractQueuedSynchronizer.java:2083)
        at java.util.concurrent.LinkedBlockingQueue.poll(LinkedBlockingQueue.java:467)
        at org.apache.hadoop.ipc.CallQueueManager.take(CallQueueManager.java:317)
        at org.apache.hadoop.ipc.Server$Handler.run(Server.java:2932)
"IPC Server handler 41 on default port 39853" daemon prio=5 tid=1138 timed_waiting
java.lang.Thread.State: TIMED_WAITING
        at sun.misc.Unsafe.park(Native Method)
        at java.util.concurrent.locks.LockSupport.parkNanos(LockSupport.java:215)
        at java.util.concurrent.locks.AbstractQueuedSynchronizer$ConditionObject.awaitNanos(AbstractQueuedSynchronizer.java:2083)
        at java.util.concurrent.LinkedBlockingQueue.poll(LinkedBlockingQueue.java:467)
        at org.apache.hadoop.ipc.CallQueueManager.take(CallQueueManager.java:317)
        at org.apache.hadoop.ipc.Server$Handler.run(Server.java:2932)
"OM StateMachine ApplyTransaction Thread - 0" daemon prio=5 tid=1830 in Object.wait()
java.lang.Thread.State: WAITING (on object monitor)
        at sun.misc.Unsafe.park(Native Method)
        at java.util.concurrent.locks.LockSupport.park(LockSupport.java:175)
        at java.util.concurrent.locks.AbstractQueuedSynchronizer$ConditionObject.await(AbstractQueuedSynchronizer.java:2044)
        at java.util.concurrent.LinkedBlockingQueue.take(LinkedBlockingQueue.java:442)
        at java.util.concurrent.ThreadPoolExecutor.getTask(ThreadPoolExecutor.java:1074)
        at java.util.concurrent.ThreadPoolExecutor.runWorker(ThreadPoolExecutor.java:1134)
        at java.util.concurrent.ThreadPoolExecutor$Worker.run(ThreadPoolExecutor.java:624)
        at java.lang.Thread.run(Thread.java:750)
"IPC Server handler 85 on default port 39853" daemon prio=5 tid=1182 timed_waiting
java.lang.Thread.State: TIMED_WAITING
        at sun.misc.Unsafe.park(Native Method)
        at java.util.concurrent.locks.LockSupport.parkNanos(LockSupport.java:215)
        at java.util.concurrent.locks.AbstractQueuedSynchronizer$ConditionObject.awaitNanos(AbstractQueuedSynchronizer.java:2083)
        at java.util.concurrent.LinkedBlockingQueue.poll(LinkedBlockingQueue.java:467)
        at org.apache.hadoop.ipc.CallQueueManager.take(CallQueueManager.java:317)
        at org.apache.hadoop.ipc.Server$Handler.run(Server.java:2932)
"ChunkReader-ELG-0" daemon prio=5 tid=1565 runnable
java.lang.Thread.State: RUNNABLE
        at org.apache.ratis.thirdparty.io.netty.channel.epoll.Native.epollWait(Native Method)
        at org.apache.ratis.thirdparty.io.netty.channel.epoll.Native.epollWait(Native.java:193)
        at org.apache.ratis.thirdparty.io.netty.channel.epoll.Native.epollWait(Native.java:186)
        at org.apache.ratis.thirdparty.io.netty.channel.epoll.EpollEventLoop.epollWaitNoTimerChange(EpollEventLoop.java:290)
        at org.apache.ratis.thirdparty.io.netty.channel.epoll.EpollEventLoop.run(EpollEventLoop.java:347)
        at org.apache.ratis.thirdparty.io.netty.util.concurrent.SingleThreadEventExecutor$4.run(SingleThreadEventExecutor.java:986)
        at org.apache.ratis.thirdparty.io.netty.util.internal.ThreadExecutorMap$2.run(ThreadExecutorMap.java:74)
        at java.lang.Thread.run(Thread.java:750)
"Datanode ReportManager Thread - 0" daemon prio=5 tid=1537 in Object.wait()
java.lang.Thread.State: WAITING (on object monitor)
        at sun.misc.Unsafe.park(Native Method)
        at java.util.concurrent.locks.LockSupport.park(LockSupport.java:175)
        at java.util.concurrent.locks.AbstractQueuedSynchronizer$ConditionObject.await(AbstractQueuedSynchronizer.java:2044)
        at java.util.concurrent.ScheduledThreadPoolExecutor$DelayedWorkQueue.take(ScheduledThreadPoolExecutor.java:1088)
        at java.util.concurrent.ScheduledThreadPoolExecutor$DelayedWorkQueue.take(ScheduledThreadPoolExecutor.java:809)
        at java.util.concurrent.ThreadPoolExecutor.getTask(ThreadPoolExecutor.java:1074)
        at java.util.concurrent.ThreadPoolExecutor.runWorker(ThreadPoolExecutor.java:1134)
        at java.util.concurrent.ThreadPoolExecutor$Worker.run(ThreadPoolExecutor.java:624)
        at java.lang.Thread.run(Thread.java:750)
"EventQueue-NodeRegistrationContainerReportForContainerSafeModeRule" daemon prio=5 tid=1584 in Object.wait()
java.lang.Thread.State: WAITING (on object monitor)
        at sun.misc.Unsafe.park(Native Method)
        at java.util.concurrent.locks.LockSupport.park(LockSupport.java:175)
        at java.util.concurrent.locks.AbstractQueuedSynchronizer$ConditionObject.await(AbstractQueuedSynchronizer.java:2044)
        at java.util.concurrent.LinkedBlockingQueue.take(LinkedBlockingQueue.java:442)
        at java.util.concurrent.ThreadPoolExecutor.getTask(ThreadPoolExecutor.java:1074)
        at java.util.concurrent.ThreadPoolExecutor.runWorker(ThreadPoolExecutor.java:1134)
        at java.util.concurrent.ThreadPoolExecutor$Worker.run(ThreadPoolExecutor.java:624)
        at java.lang.Thread.run(Thread.java:750)
"IPC Server handler 24 on default port 46755" daemon prio=5 tid=1338 timed_waiting
java.lang.Thread.State: TIMED_WAITING
        at sun.misc.Unsafe.park(Native Method)
        at java.util.concurrent.locks.LockSupport.parkNanos(LockSupport.java:215)
        at java.util.concurrent.locks.AbstractQueuedSynchronizer$ConditionObject.awaitNanos(AbstractQueuedSynchronizer.java:2083)
        at java.util.concurrent.LinkedBlockingQueue.poll(LinkedBlockingQueue.java:467)
        at org.apache.hadoop.ipc.CallQueueManager.take(CallQueueManager.java:317)
        at org.apache.hadoop.ipc.Server$Handler.run(Server.java:2932)
"pool-362-thread-1"  prio=5 tid=1498 timed_waiting
java.lang.Thread.State: TIMED_WAITING
        at sun.misc.Unsafe.park(Native Method)
        at java.util.concurrent.locks.LockSupport.parkNanos(LockSupport.java:215)
        at java.util.concurrent.locks.AbstractQueuedSynchronizer$ConditionObject.awaitNanos(AbstractQueuedSynchronizer.java:2083)
        at java.util.concurrent.ScheduledThreadPoolExecutor$DelayedWorkQueue.take(ScheduledThreadPoolExecutor.java:1093)
        at java.util.concurrent.ScheduledThreadPoolExecutor$DelayedWorkQueue.take(ScheduledThreadPoolExecutor.java:809)
        at java.util.concurrent.ThreadPoolExecutor.getTask(ThreadPoolExecutor.java:1074)
        at java.util.concurrent.ThreadPoolExecutor.runWorker(ThreadPoolExecutor.java:1134)
        at java.util.concurrent.ThreadPoolExecutor$Worker.run(ThreadPoolExecutor.java:624)
        at java.lang.Thread.run(Thread.java:750)
"IPC Server handler 8 on default port 46755" daemon prio=5 tid=1322 timed_waiting
java.lang.Thread.State: TIMED_WAITING
        at sun.misc.Unsafe.park(Native Method)
        at java.util.concurrent.locks.LockSupport.parkNanos(LockSupport.java:215)
        at java.util.concurrent.locks.AbstractQueuedSynchronizer$ConditionObject.awaitNanos(AbstractQueuedSynchronizer.java:2083)
        at java.util.concurrent.LinkedBlockingQueue.poll(LinkedBlockingQueue.java:467)
        at org.apache.hadoop.ipc.CallQueueManager.take(CallQueueManager.java:317)
        at org.apache.hadoop.ipc.Server$Handler.run(Server.java:2932)
"IPC Server handler 88 on default port 38039" daemon prio=5 tid=1285 timed_waiting
java.lang.Thread.State: TIMED_WAITING
        at sun.misc.Unsafe.park(Native Method)
        at java.util.concurrent.locks.LockSupport.parkNanos(LockSupport.java:215)
        at java.util.concurrent.locks.AbstractQueuedSynchronizer$ConditionObject.awaitNanos(AbstractQueuedSynchronizer.java:2083)
        at java.util.concurrent.LinkedBlockingQueue.poll(LinkedBlockingQueue.java:467)
        at org.apache.hadoop.ipc.CallQueueManager.take(CallQueueManager.java:317)
        at org.apache.hadoop.ipc.Server$Handler.run(Server.java:2932)
"Socket Reader #1 for port 41695"  prio=5 tid=1781 runnable
java.lang.Thread.State: RUNNABLE
        at sun.nio.ch.EPollArrayWrapper.epollWait(Native Method)
        at sun.nio.ch.EPollArrayWrapper.poll(EPollArrayWrapper.java:269)
        at sun.nio.ch.EPollSelectorImpl.doSelect(EPollSelectorImpl.java:93)
        at sun.nio.ch.SelectorImpl.lockAndDoSelect(SelectorImpl.java:86)
        at sun.nio.ch.SelectorImpl.select(SelectorImpl.java:97)
        at sun.nio.ch.SelectorImpl.select(SelectorImpl.java:101)
        at org.apache.hadoop.ipc.Server$Listener$Reader.doRunLoop(Server.java:1288)
        at org.apache.hadoop.ipc.Server$Listener$Reader.run(Server.java:1267)
"pool-461-thread-1"  prio=5 tid=1773 in Object.wait()
java.lang.Thread.State: WAITING (on object monitor)
        at sun.misc.Unsafe.park(Native Method)
        at java.util.concurrent.locks.LockSupport.park(LockSupport.java:175)
        at java.util.concurrent.locks.AbstractQueuedSynchronizer$ConditionObject.await(AbstractQueuedSynchronizer.java:2044)
        at java.util.concurrent.LinkedBlockingQueue.take(LinkedBlockingQueue.java:442)
        at java.util.concurrent.ThreadPoolExecutor.getTask(ThreadPoolExecutor.java:1074)
        at java.util.concurrent.ThreadPoolExecutor.runWorker(ThreadPoolExecutor.java:1134)
        at java.util.concurrent.ThreadPoolExecutor$Worker.run(ThreadPoolExecutor.java:624)
        at java.lang.Thread.run(Thread.java:750)
"IPC Server handler 15 on default port 41695" daemon prio=5 tid=1816 timed_waiting
java.lang.Thread.State: TIMED_WAITING
        at sun.misc.Unsafe.park(Native Method)
        at java.util.concurrent.locks.LockSupport.parkNanos(LockSupport.java:215)
        at java.util.concurrent.locks.AbstractQueuedSynchronizer$ConditionObject.awaitNanos(AbstractQueuedSynchronizer.java:2083)
        at java.util.concurrent.LinkedBlockingQueue.poll(LinkedBlockingQueue.java:467)
        at org.apache.hadoop.ipc.CallQueueManager.take(CallQueueManager.java:317)
        at org.apache.hadoop.ipc.Server$Handler.run(Server.java:2932)
"qtp1565242025-1502" daemon prio=5 tid=1502 timed_waiting
java.lang.Thread.State: TIMED_WAITING
        at sun.misc.Unsafe.park(Native Method)
        at java.util.concurrent.locks.LockSupport.parkNanos(LockSupport.java:215)
        at java.util.concurrent.locks.AbstractQueuedSynchronizer$ConditionObject.awaitNanos(AbstractQueuedSynchronizer.java:2083)
        at org.eclipse.jetty.util.BlockingArrayQueue.poll(BlockingArrayQueue.java:382)
        at org.eclipse.jetty.util.thread.QueuedThreadPool$Runner.idleJobPoll(QueuedThreadPool.java:974)
        at org.eclipse.jetty.util.thread.QueuedThreadPool$Runner.run(QueuedThreadPool.java:1018)
        at java.lang.Thread.run(Thread.java:750)
"IPC Server handler 95 on default port 38039" daemon prio=5 tid=1292 timed_waiting
java.lang.Thread.State: TIMED_WAITING
        at sun.misc.Unsafe.park(Native Method)
        at java.util.concurrent.locks.LockSupport.parkNanos(LockSupport.java:215)
        at java.util.concurrent.locks.AbstractQueuedSynchronizer$ConditionObject.awaitNanos(AbstractQueuedSynchronizer.java:2083)
        at java.util.concurrent.LinkedBlockingQueue.poll(LinkedBlockingQueue.java:467)
        at org.apache.hadoop.ipc.CallQueueManager.take(CallQueueManager.java:317)
        at org.apache.hadoop.ipc.Server$Handler.run(Server.java:2932)
"8e599114-682f-40f9-8544-01c79a4548da@group-C2BFE535B5E8-StateMachineUpdater" daemon prio=5 tid=1071 timed_waiting
java.lang.Thread.State: TIMED_WAITING
        at sun.misc.Unsafe.park(Native Method)
        at java.util.concurrent.locks.LockSupport.parkNanos(LockSupport.java:215)
        at java.util.concurrent.CompletableFuture$Signaller.block(CompletableFuture.java:1709)
        at java.util.concurrent.ForkJoinPool.managedBlock(ForkJoinPool.java:3323)
        at java.util.concurrent.CompletableFuture.timedGet(CompletableFuture.java:1788)
        at java.util.concurrent.CompletableFuture.get(CompletableFuture.java:1928)
        at org.apache.ratis.util.AwaitForSignal.await(AwaitForSignal.java:56)
        at org.apache.ratis.server.impl.StateMachineUpdater.waitForCommit(StateMachineUpdater.java:207)
        at org.apache.ratis.server.impl.StateMachineUpdater.run(StateMachineUpdater.java:176)
        at java.lang.Thread.run(Thread.java:750)
"IPC Server handler 1 on default port 41695" daemon prio=5 tid=1802 timed_waiting
java.lang.Thread.State: TIMED_WAITING
        at sun.misc.Unsafe.park(Native Method)
        at java.util.concurrent.locks.LockSupport.parkNanos(LockSupport.java:215)
        at java.util.concurrent.locks.AbstractQueuedSynchronizer$ConditionObject.awaitNanos(AbstractQueuedSynchronizer.java:2083)
        at java.util.concurrent.LinkedBlockingQueue.poll(LinkedBlockingQueue.java:467)
        at org.apache.hadoop.ipc.CallQueueManager.take(CallQueueManager.java:317)
        at org.apache.hadoop.ipc.Server$Handler.run(Server.java:2932)
"IPC Server handler 73 on default port 46755" daemon prio=5 tid=1387 timed_waiting
java.lang.Thread.State: TIMED_WAITING
        at sun.misc.Unsafe.park(Native Method)
        at java.util.concurrent.locks.LockSupport.parkNanos(LockSupport.java:215)
        at java.util.concurrent.locks.AbstractQueuedSynchronizer$ConditionObject.awaitNanos(AbstractQueuedSynchronizer.java:2083)
        at java.util.concurrent.LinkedBlockingQueue.poll(LinkedBlockingQueue.java:467)
        at org.apache.hadoop.ipc.CallQueueManager.take(CallQueueManager.java:317)
        at org.apache.hadoop.ipc.Server$Handler.run(Server.java:2932)
"omNode-bootstrap-2-server-thread1" daemon prio=5 tid=1826 timed_waiting
java.lang.Thread.State: TIMED_WAITING
        at sun.misc.Unsafe.park(Native Method)
        at java.util.concurrent.locks.LockSupport.parkNanos(LockSupport.java:215)
        at java.util.concurrent.SynchronousQueue$TransferStack.awaitFulfill(SynchronousQueue.java:460)
        at java.util.concurrent.SynchronousQueue$TransferStack.transfer(SynchronousQueue.java:362)
        at java.util.concurrent.SynchronousQueue.poll(SynchronousQueue.java:941)
        at java.util.concurrent.ThreadPoolExecutor.getTask(ThreadPoolExecutor.java:1073)
        at java.util.concurrent.ThreadPoolExecutor.runWorker(ThreadPoolExecutor.java:1134)
        at java.util.concurrent.ThreadPoolExecutor$Worker.run(ThreadPoolExecutor.java:624)
        at java.lang.Thread.run(Thread.java:750)
"PartialTableCache Cleanup Thread - 0" daemon prio=5 tid=1762 in Object.wait()
java.lang.Thread.State: WAITING (on object monitor)
        at sun.misc.Unsafe.park(Native Method)
        at java.util.concurrent.locks.LockSupport.park(LockSupport.java:175)
        at java.util.concurrent.locks.AbstractQueuedSynchronizer$ConditionObject.await(AbstractQueuedSynchronizer.java:2044)
        at java.util.concurrent.LinkedBlockingQueue.take(LinkedBlockingQueue.java:442)
        at java.util.concurrent.ThreadPoolExecutor.getTask(ThreadPoolExecutor.java:1074)
        at java.util.concurrent.ThreadPoolExecutor.runWorker(ThreadPoolExecutor.java:1134)
        at java.util.concurrent.ThreadPoolExecutor$Worker.run(ThreadPoolExecutor.java:624)
        at java.lang.Thread.run(Thread.java:750)
"IPC Server handler 86 on default port 38039" daemon prio=5 tid=1283 timed_waiting
java.lang.Thread.State: TIMED_WAITING
        at sun.misc.Unsafe.park(Native Method)
        at java.util.concurrent.locks.LockSupport.parkNanos(LockSupport.java:215)
        at java.util.concurrent.locks.AbstractQueuedSynchronizer$ConditionObject.awaitNanos(AbstractQueuedSynchronizer.java:2083)
        at java.util.concurrent.LinkedBlockingQueue.poll(LinkedBlockingQueue.java:467)
        at org.apache.hadoop.ipc.CallQueueManager.take(CallQueueManager.java:317)
        at org.apache.hadoop.ipc.Server$Handler.run(Server.java:2932)
"IPC Server handler 14 on default port 39853" daemon prio=5 tid=1111 timed_waiting
java.lang.Thread.State: TIMED_WAITING
        at sun.misc.Unsafe.park(Native Method)
        at java.util.concurrent.locks.LockSupport.parkNanos(LockSupport.java:215)
        at java.util.concurrent.locks.AbstractQueuedSynchronizer$ConditionObject.awaitNanos(AbstractQueuedSynchronizer.java:2083)
        at java.util.concurrent.LinkedBlockingQueue.poll(LinkedBlockingQueue.java:467)
        at org.apache.hadoop.ipc.CallQueueManager.take(CallQueueManager.java:317)
        at org.apache.hadoop.ipc.Server$Handler.run(Server.java:2932)
"IPC Server handler 72 on default port 38039" daemon prio=5 tid=1269 timed_waiting
java.lang.Thread.State: TIMED_WAITING
        at sun.misc.Unsafe.park(Native Method)
        at java.util.concurrent.locks.LockSupport.parkNanos(LockSupport.java:215)
        at java.util.concurrent.locks.AbstractQueuedSynchronizer$ConditionObject.awaitNanos(AbstractQueuedSynchronizer.java:2083)
        at java.util.concurrent.LinkedBlockingQueue.poll(LinkedBlockingQueue.java:467)
        at org.apache.hadoop.ipc.CallQueueManager.take(CallQueueManager.java:317)
        at org.apache.hadoop.ipc.Server$Handler.run(Server.java:2932)
"Session-HouseKeeper-61a456ce-1"  prio=5 tid=1800 timed_waiting
java.lang.Thread.State: TIMED_WAITING
        at sun.misc.Unsafe.park(Native Method)
        at java.util.concurrent.locks.LockSupport.parkNanos(LockSupport.java:215)
        at java.util.concurrent.locks.AbstractQueuedSynchronizer$ConditionObject.awaitNanos(AbstractQueuedSynchronizer.java:2083)
        at java.util.concurrent.ScheduledThreadPoolExecutor$DelayedWorkQueue.take(ScheduledThreadPoolExecutor.java:1093)
        at java.util.concurrent.ScheduledThreadPoolExecutor$DelayedWorkQueue.take(ScheduledThreadPoolExecutor.java:809)
        at java.util.concurrent.ThreadPoolExecutor.getTask(ThreadPoolExecutor.java:1074)
        at java.util.concurrent.ThreadPoolExecutor.runWorker(ThreadPoolExecutor.java:1134)
        at java.util.concurrent.ThreadPoolExecutor$Worker.run(ThreadPoolExecutor.java:624)
        at java.lang.Thread.run(Thread.java:750)
"Datanode State Machine Task Thread - 0"  prio=5 tid=1490 in Object.wait()
java.lang.Thread.State: WAITING (on object monitor)
        at sun.misc.Unsafe.park(Native Method)
        at java.util.concurrent.locks.LockSupport.park(LockSupport.java:175)
        at java.util.concurrent.locks.AbstractQueuedSynchronizer$ConditionObject.await(AbstractQueuedSynchronizer.java:2044)
        at java.util.concurrent.LinkedBlockingQueue.take(LinkedBlockingQueue.java:442)
        at java.util.concurrent.ThreadPoolExecutor.getTask(ThreadPoolExecutor.java:1074)
        at java.util.concurrent.ThreadPoolExecutor.runWorker(ThreadPoolExecutor.java:1134)
        at java.util.concurrent.ThreadPoolExecutor$Worker.run(ThreadPoolExecutor.java:624)
        at java.lang.Thread.run(Thread.java:750)
"Datanode ReportManager Thread - 3" daemon prio=5 tid=1514 timed_waiting
java.lang.Thread.State: TIMED_WAITING
        at sun.misc.Unsafe.park(Native Method)
        at java.util.concurrent.locks.LockSupport.parkNanos(LockSupport.java:215)
        at java.util.concurrent.locks.AbstractQueuedSynchronizer$ConditionObject.awaitNanos(AbstractQueuedSynchronizer.java:2083)
        at java.util.concurrent.ScheduledThreadPoolExecutor$DelayedWorkQueue.take(ScheduledThreadPoolExecutor.java:1093)
        at java.util.concurrent.ScheduledThreadPoolExecutor$DelayedWorkQueue.take(ScheduledThreadPoolExecutor.java:809)
        at java.util.concurrent.ThreadPoolExecutor.getTask(ThreadPoolExecutor.java:1074)
        at java.util.concurrent.ThreadPoolExecutor.runWorker(ThreadPoolExecutor.java:1134)
        at java.util.concurrent.ThreadPoolExecutor$Worker.run(ThreadPoolExecutor.java:624)
        at java.lang.Thread.run(Thread.java:750)
"IPC Server handler 32 on default port 38039" daemon prio=5 tid=1229 timed_waiting
java.lang.Thread.State: TIMED_WAITING
        at sun.misc.Unsafe.park(Native Method)
        at java.util.concurrent.locks.LockSupport.parkNanos(LockSupport.java:215)
        at java.util.concurrent.locks.AbstractQueuedSynchronizer$ConditionObject.awaitNanos(AbstractQueuedSynchronizer.java:2083)
        at java.util.concurrent.LinkedBlockingQueue.poll(LinkedBlockingQueue.java:467)
        at org.apache.hadoop.ipc.CallQueueManager.take(CallQueueManager.java:317)
        at org.apache.hadoop.ipc.Server$Handler.run(Server.java:2932)
"IPC Server handler 37 on default port 46755" daemon prio=5 tid=1351 timed_waiting
java.lang.Thread.State: TIMED_WAITING
        at sun.misc.Unsafe.park(Native Method)
        at java.util.concurrent.locks.LockSupport.parkNanos(LockSupport.java:215)
        at java.util.concurrent.locks.AbstractQueuedSynchronizer$ConditionObject.awaitNanos(AbstractQueuedSynchronizer.java:2083)
        at java.util.concurrent.LinkedBlockingQueue.poll(LinkedBlockingQueue.java:467)
        at org.apache.hadoop.ipc.CallQueueManager.take(CallQueueManager.java:317)
        at org.apache.hadoop.ipc.Server$Handler.run(Server.java:2932)
"ChunkWriter-3-0" daemon prio=5 tid=1575 in Object.wait()
java.lang.Thread.State: WAITING (on object monitor)
        at sun.misc.Unsafe.park(Native Method)
        at java.util.concurrent.locks.LockSupport.park(LockSupport.java:175)
        at java.util.concurrent.locks.AbstractQueuedSynchronizer$ConditionObject.await(AbstractQueuedSynchronizer.java:2044)
        at java.util.concurrent.LinkedBlockingDeque.takeFirst(LinkedBlockingDeque.java:492)
        at java.util.concurrent.LinkedBlockingDeque.take(LinkedBlockingDeque.java:680)
        at java.util.concurrent.ThreadPoolExecutor.getTask(ThreadPoolExecutor.java:1074)
        at java.util.concurrent.ThreadPoolExecutor.runWorker(ThreadPoolExecutor.java:1134)
        at java.util.concurrent.ThreadPoolExecutor$Worker.run(ThreadPoolExecutor.java:624)
        at java.lang.Thread.run(Thread.java:750)
"SCMBlockDeletingService#0" daemon prio=5 tid=1297 timed_waiting
java.lang.Thread.State: TIMED_WAITING
        at sun.misc.Unsafe.park(Native Method)
        at java.util.concurrent.locks.LockSupport.parkNanos(LockSupport.java:215)
        at java.util.concurrent.locks.AbstractQueuedSynchronizer$ConditionObject.awaitNanos(AbstractQueuedSynchronizer.java:2083)
        at java.util.concurrent.ScheduledThreadPoolExecutor$DelayedWorkQueue.take(ScheduledThreadPoolExecutor.java:1093)
        at java.util.concurrent.ScheduledThreadPoolExecutor$DelayedWorkQueue.take(ScheduledThreadPoolExecutor.java:809)
        at java.util.concurrent.ThreadPoolExecutor.getTask(ThreadPoolExecutor.java:1074)
        at java.util.concurrent.ThreadPoolExecutor.runWorker(ThreadPoolExecutor.java:1134)
        at java.util.concurrent.ThreadPoolExecutor$Worker.run(ThreadPoolExecutor.java:624)
        at java.lang.Thread.run(Thread.java:750)
"IPC Server handler 87 on default port 39853" daemon prio=5 tid=1184 timed_waiting
java.lang.Thread.State: TIMED_WAITING
        at sun.misc.Unsafe.park(Native Method)
        at java.util.concurrent.locks.LockSupport.parkNanos(LockSupport.java:215)
        at java.util.concurrent.locks.AbstractQueuedSynchronizer$ConditionObject.awaitNanos(AbstractQueuedSynchronizer.java:2083)
        at java.util.concurrent.LinkedBlockingQueue.poll(LinkedBlockingQueue.java:467)
        at org.apache.hadoop.ipc.CallQueueManager.take(CallQueueManager.java:317)
        at org.apache.hadoop.ipc.Server$Handler.run(Server.java:2932)
"03e900db-606d-4788-a076-61e9663ea76b@group-20B7CEE0DF6D-SegmentedRaftLogWorker"  prio=5 tid=1616 timed_waiting
java.lang.Thread.State: TIMED_WAITING
        at sun.misc.Unsafe.park(Native Method)
        at java.util.concurrent.locks.LockSupport.parkNanos(LockSupport.java:215)
        at java.util.concurrent.locks.AbstractQueuedSynchronizer$ConditionObject.awaitNanos(AbstractQueuedSynchronizer.java:2083)
        at org.apache.ratis.util.DataBlockingQueue.poll(DataBlockingQueue.java:148)
        at org.apache.ratis.server.raftlog.segmented.SegmentedRaftLogWorker.run(SegmentedRaftLogWorker.java:301)
        at org.apache.ratis.server.raftlog.segmented.SegmentedRaftLogWorker$$Lambda$535/466484985.run(Unknown Source)
        at java.lang.Thread.run(Thread.java:750)
"IPC Server handler 9 on default port 41695" daemon prio=5 tid=1810 timed_waiting
java.lang.Thread.State: TIMED_WAITING
        at sun.misc.Unsafe.park(Native Method)
        at java.util.concurrent.locks.LockSupport.parkNanos(LockSupport.java:215)
        at java.util.concurrent.locks.AbstractQueuedSynchronizer$ConditionObject.awaitNanos(AbstractQueuedSynchronizer.java:2083)
        at java.util.concurrent.LinkedBlockingQueue.poll(LinkedBlockingQueue.java:467)
        at org.apache.hadoop.ipc.CallQueueManager.take(CallQueueManager.java:317)
        at org.apache.hadoop.ipc.Server$Handler.run(Server.java:2932)
"IPC Server handler 4 on default port 38039" daemon prio=5 tid=1201 timed_waiting
java.lang.Thread.State: TIMED_WAITING
        at sun.misc.Unsafe.park(Native Method)
        at java.util.concurrent.locks.LockSupport.parkNanos(LockSupport.java:215)
        at java.util.concurrent.locks.AbstractQueuedSynchronizer$ConditionObject.awaitNanos(AbstractQueuedSynchronizer.java:2083)
        at java.util.concurrent.LinkedBlockingQueue.poll(LinkedBlockingQueue.java:467)
        at org.apache.hadoop.ipc.CallQueueManager.take(CallQueueManager.java:317)
        at org.apache.hadoop.ipc.Server$Handler.run(Server.java:2932)
"org.apache.hadoop.util.JvmPauseMonitor$Monitor@4afed09b" daemon prio=5 tid=1489 timed_waiting
java.lang.Thread.State: TIMED_WAITING
        at java.lang.Thread.sleep(Native Method)
        at org.apache.hadoop.util.JvmPauseMonitor$Monitor.run(JvmPauseMonitor.java:192)
        at java.lang.Thread.run(Thread.java:750)
"IPC Server handler 72 on default port 39853" daemon prio=5 tid=1169 timed_waiting
java.lang.Thread.State: TIMED_WAITING
        at sun.misc.Unsafe.park(Native Method)
        at java.util.concurrent.locks.LockSupport.parkNanos(LockSupport.java:215)
        at java.util.concurrent.locks.AbstractQueuedSynchronizer$ConditionObject.awaitNanos(AbstractQueuedSynchronizer.java:2083)
        at java.util.concurrent.LinkedBlockingQueue.poll(LinkedBlockingQueue.java:467)
        at org.apache.hadoop.ipc.CallQueueManager.take(CallQueueManager.java:317)
        at org.apache.hadoop.ipc.Server$Handler.run(Server.java:2932)
"IPC Server handler 46 on default port 46755" daemon prio=5 tid=1360 timed_waiting
java.lang.Thread.State: TIMED_WAITING
        at sun.misc.Unsafe.park(Native Method)
        at java.util.concurrent.locks.LockSupport.parkNanos(LockSupport.java:215)
        at java.util.concurrent.locks.AbstractQueuedSynchronizer$ConditionObject.awaitNanos(AbstractQueuedSynchronizer.java:2083)
        at java.util.concurrent.LinkedBlockingQueue.poll(LinkedBlockingQueue.java:467)
        at org.apache.hadoop.ipc.CallQueueManager.take(CallQueueManager.java:317)
        at org.apache.hadoop.ipc.Server$Handler.run(Server.java:2932)
"IPC Server handler 39 on default port 39853" daemon prio=5 tid=1136 timed_waiting
java.lang.Thread.State: TIMED_WAITING
        at sun.misc.Unsafe.park(Native Method)
        at java.util.concurrent.locks.LockSupport.parkNanos(LockSupport.java:215)
        at java.util.concurrent.locks.AbstractQueuedSynchronizer$ConditionObject.awaitNanos(AbstractQueuedSynchronizer.java:2083)
        at java.util.concurrent.LinkedBlockingQueue.poll(LinkedBlockingQueue.java:467)
        at org.apache.hadoop.ipc.CallQueueManager.take(CallQueueManager.java:317)
        at org.apache.hadoop.ipc.Server$Handler.run(Server.java:2932)
"IPC Server handler 35 on default port 39853" daemon prio=5 tid=1132 timed_waiting
java.lang.Thread.State: TIMED_WAITING
        at sun.misc.Unsafe.park(Native Method)
        at java.util.concurrent.locks.LockSupport.parkNanos(LockSupport.java:215)
        at java.util.concurrent.locks.AbstractQueuedSynchronizer$ConditionObject.awaitNanos(AbstractQueuedSynchronizer.java:2083)
        at java.util.concurrent.LinkedBlockingQueue.poll(LinkedBlockingQueue.java:467)
        at org.apache.hadoop.ipc.CallQueueManager.take(CallQueueManager.java:317)
        at org.apache.hadoop.ipc.Server$Handler.run(Server.java:2932)
"org.apache.hadoop.util.JvmPauseMonitor$Monitor@72370f51" daemon prio=5 tid=1543 timed_waiting
java.lang.Thread.State: TIMED_WAITING
        at java.lang.Thread.sleep(Native Method)
        at org.apache.hadoop.util.JvmPauseMonitor$Monitor.run(JvmPauseMonitor.java:192)
        at java.lang.Thread.run(Thread.java:750)
"IPC Server handler 10 on default port 38511" daemon prio=5 tid=1737 timed_waiting
java.lang.Thread.State: TIMED_WAITING
        at sun.misc.Unsafe.park(Native Method)
        at java.util.concurrent.locks.LockSupport.parkNanos(LockSupport.java:215)
        at java.util.concurrent.locks.AbstractQueuedSynchronizer$ConditionObject.awaitNanos(AbstractQueuedSynchronizer.java:2083)
        at java.util.concurrent.LinkedBlockingQueue.poll(LinkedBlockingQueue.java:467)
        at org.apache.hadoop.ipc.CallQueueManager.take(CallQueueManager.java:317)
        at org.apache.hadoop.ipc.Server$Handler.run(Server.java:2932)
"PartialTableCache Cleanup Thread - 0" daemon prio=5 tid=1024 in Object.wait()
java.lang.Thread.State: WAITING (on object monitor)
        at sun.misc.Unsafe.park(Native Method)
        at java.util.concurrent.locks.LockSupport.park(LockSupport.java:175)
        at java.util.concurrent.locks.AbstractQueuedSynchronizer$ConditionObject.await(AbstractQueuedSynchronizer.java:2044)
        at java.util.concurrent.LinkedBlockingQueue.take(LinkedBlockingQueue.java:442)
        at java.util.concurrent.ThreadPoolExecutor.getTask(ThreadPoolExecutor.java:1074)
        at java.util.concurrent.ThreadPoolExecutor.runWorker(ThreadPoolExecutor.java:1134)
        at java.util.concurrent.ThreadPoolExecutor$Worker.run(ThreadPoolExecutor.java:624)
        at java.lang.Thread.run(Thread.java:750)
"Datanode ReportManager Thread - 0" daemon prio=5 tid=598 in Object.wait()
java.lang.Thread.State: WAITING (on object monitor)
        at sun.misc.Unsafe.park(Native Method)
        at java.util.concurrent.locks.LockSupport.park(LockSupport.java:175)
        at java.util.concurrent.locks.AbstractQueuedSynchronizer$ConditionObject.await(AbstractQueuedSynchronizer.java:2044)
        at java.util.concurrent.ScheduledThreadPoolExecutor$DelayedWorkQueue.take(ScheduledThreadPoolExecutor.java:1088)
        at java.util.concurrent.ScheduledThreadPoolExecutor$DelayedWorkQueue.take(ScheduledThreadPoolExecutor.java:809)
        at java.util.concurrent.ThreadPoolExecutor.getTask(ThreadPoolExecutor.java:1074)
        at java.util.concurrent.ThreadPoolExecutor.runWorker(ThreadPoolExecutor.java:1134)
        at java.util.concurrent.ThreadPoolExecutor$Worker.run(ThreadPoolExecutor.java:624)
        at java.lang.Thread.run(Thread.java:750)
"grpc-default-executor-4" daemon prio=5 tid=1047 timed_waiting
java.lang.Thread.State: TIMED_WAITING
        at sun.misc.Unsafe.park(Native Method)
        at java.util.concurrent.locks.LockSupport.parkNanos(LockSupport.java:215)
        at java.util.concurrent.SynchronousQueue$TransferStack.awaitFulfill(SynchronousQueue.java:460)
        at java.util.concurrent.SynchronousQueue$TransferStack.transfer(SynchronousQueue.java:362)
        at java.util.concurrent.SynchronousQueue.poll(SynchronousQueue.java:941)
        at java.util.concurrent.ThreadPoolExecutor.getTask(ThreadPoolExecutor.java:1073)
        at java.util.concurrent.ThreadPoolExecutor.runWorker(ThreadPoolExecutor.java:1134)
        at java.util.concurrent.ThreadPoolExecutor$Worker.run(ThreadPoolExecutor.java:624)
        at java.lang.Thread.run(Thread.java:750)
"org.apache.ratis.util.JvmPauseMonitor$$Lambda$605/1445225850@1eea864f" daemon prio=5 tid=1576 timed_waiting
java.lang.Thread.State: TIMED_WAITING
        at java.lang.Thread.sleep(Native Method)
        at java.lang.Thread.sleep(Thread.java:342)
        at java.util.concurrent.TimeUnit.sleep(TimeUnit.java:386)
        at org.apache.ratis.util.TimeDuration.sleep(TimeDuration.java:325)
        at org.apache.ratis.util.TimeDuration.sleep(TimeDuration.java:310)
        at org.apache.ratis.util.JvmPauseMonitor.detectPause(JvmPauseMonitor.java:117)
        at org.apache.ratis.util.JvmPauseMonitor.run(JvmPauseMonitor.java:106)
        at org.apache.ratis.util.JvmPauseMonitor$$Lambda$605/1445225850.run(Unknown Source)
        at java.lang.Thread.run(Thread.java:750)
"IPC Server handler 86 on default port 39853" daemon prio=5 tid=1183 timed_waiting
java.lang.Thread.State: TIMED_WAITING
        at sun.misc.Unsafe.park(Native Method)
        at java.util.concurrent.locks.LockSupport.parkNanos(LockSupport.java:215)
        at java.util.concurrent.locks.AbstractQueuedSynchronizer$ConditionObject.awaitNanos(AbstractQueuedSynchronizer.java:2083)
        at java.util.concurrent.LinkedBlockingQueue.poll(LinkedBlockingQueue.java:467)
        at org.apache.hadoop.ipc.CallQueueManager.take(CallQueueManager.java:317)
        at org.apache.hadoop.ipc.Server$Handler.run(Server.java:2932)
"IPC Server handler 68 on default port 39853" daemon prio=5 tid=1165 timed_waiting
java.lang.Thread.State: TIMED_WAITING
        at sun.misc.Unsafe.park(Native Method)
        at java.util.concurrent.locks.LockSupport.parkNanos(LockSupport.java:215)
        at java.util.concurrent.locks.AbstractQueuedSynchronizer$ConditionObject.awaitNanos(AbstractQueuedSynchronizer.java:2083)
        at java.util.concurrent.LinkedBlockingQueue.poll(LinkedBlockingQueue.java:467)
        at org.apache.hadoop.ipc.CallQueueManager.take(CallQueueManager.java:317)
        at org.apache.hadoop.ipc.Server$Handler.run(Server.java:2932)
"qtp2033667885-1304" daemon prio=5 tid=1304 timed_waiting
java.lang.Thread.State: TIMED_WAITING
        at sun.misc.Unsafe.park(Native Method)
        at java.util.concurrent.locks.LockSupport.parkNanos(LockSupport.java:215)
        at java.util.concurrent.locks.AbstractQueuedSynchronizer$ConditionObject.awaitNanos(AbstractQueuedSynchronizer.java:2083)
        at org.eclipse.jetty.util.BlockingArrayQueue.poll(BlockingArrayQueue.java:382)
        at org.eclipse.jetty.util.thread.QueuedThreadPool$Runner.idleJobPoll(QueuedThreadPool.java:974)
        at org.eclipse.jetty.util.thread.QueuedThreadPool$Runner.run(QueuedThreadPool.java:1018)
        at java.lang.Thread.run(Thread.java:750)
"omNode-bootstrap-2@group-0AAC5367B30E-StateMachineUpdater" daemon prio=5 tid=1778 timed_waiting
java.lang.Thread.State: TIMED_WAITING
        at sun.misc.Unsafe.park(Native Method)
        at java.util.concurrent.locks.LockSupport.parkNanos(LockSupport.java:215)
        at java.util.concurrent.CompletableFuture$Signaller.block(CompletableFuture.java:1709)
        at java.util.concurrent.ForkJoinPool.managedBlock(ForkJoinPool.java:3323)
        at java.util.concurrent.CompletableFuture.timedGet(CompletableFuture.java:1788)
        at java.util.concurrent.CompletableFuture.get(CompletableFuture.java:1928)
        at org.apache.ratis.util.AwaitForSignal.await(AwaitForSignal.java:56)
        at org.apache.ratis.server.impl.StateMachineUpdater.waitForCommit(StateMachineUpdater.java:207)
        at org.apache.ratis.server.impl.StateMachineUpdater.run(StateMachineUpdater.java:176)
        at java.lang.Thread.run(Thread.java:750)
"org.apache.hadoop.ozone.container.common.statemachine.commandhandler.DeleteBlocksCommandHandler$DeleteCmdWorker@cb26deb" daemon prio=5 tid=1497 timed_waiting
java.lang.Thread.State: TIMED_WAITING
        at java.lang.Thread.sleep(Native Method)
        at org.apache.hadoop.ozone.container.common.statemachine.commandhandler.DeleteBlocksCommandHandler$DeleteCmdWorker.run(DeleteBlocksCommandHandler.java:185)
        at java.lang.Thread.run(Thread.java:750)
"pool-292-thread-1"  prio=5 tid=1299 timed_waiting
java.lang.Thread.State: TIMED_WAITING
        at sun.misc.Unsafe.park(Native Method)
        at java.util.concurrent.locks.LockSupport.parkNanos(LockSupport.java:215)
        at java.util.concurrent.locks.AbstractQueuedSynchronizer$ConditionObject.awaitNanos(AbstractQueuedSynchronizer.java:2083)
        at java.util.concurrent.ScheduledThreadPoolExecutor$DelayedWorkQueue.take(ScheduledThreadPoolExecutor.java:1093)
        at java.util.concurrent.ScheduledThreadPoolExecutor$DelayedWorkQueue.take(ScheduledThreadPoolExecutor.java:809)
        at java.util.concurrent.ThreadPoolExecutor.getTask(ThreadPoolExecutor.java:1074)
        at java.util.concurrent.ThreadPoolExecutor.runWorker(ThreadPoolExecutor.java:1134)
        at java.util.concurrent.ThreadPoolExecutor$Worker.run(ThreadPoolExecutor.java:624)
        at java.lang.Thread.run(Thread.java:750)
"IPC Server handler 75 on default port 38039" daemon prio=5 tid=1272 timed_waiting
java.lang.Thread.State: TIMED_WAITING
        at sun.misc.Unsafe.park(Native Method)
        at java.util.concurrent.locks.LockSupport.parkNanos(LockSupport.java:215)
        at java.util.concurrent.locks.AbstractQueuedSynchronizer$ConditionObject.awaitNanos(AbstractQueuedSynchronizer.java:2083)
        at java.util.concurrent.LinkedBlockingQueue.poll(LinkedBlockingQueue.java:467)
        at org.apache.hadoop.ipc.CallQueueManager.take(CallQueueManager.java:317)
        at org.apache.hadoop.ipc.Server$Handler.run(Server.java:2932)
"IPC Server handler 39 on default port 38039" daemon prio=5 tid=1236 timed_waiting
java.lang.Thread.State: TIMED_WAITING
        at sun.misc.Unsafe.park(Native Method)
        at java.util.concurrent.locks.LockSupport.parkNanos(LockSupport.java:215)
        at java.util.concurrent.locks.AbstractQueuedSynchronizer$ConditionObject.awaitNanos(AbstractQueuedSynchronizer.java:2083)
        at java.util.concurrent.LinkedBlockingQueue.poll(LinkedBlockingQueue.java:467)
        at org.apache.hadoop.ipc.CallQueueManager.take(CallQueueManager.java:317)
        at org.apache.hadoop.ipc.Server$Handler.run(Server.java:2932)
"IPC Server handler 88 on default port 39853" daemon prio=5 tid=1185 timed_waiting
java.lang.Thread.State: TIMED_WAITING
        at sun.misc.Unsafe.park(Native Method)
        at java.util.concurrent.locks.LockSupport.parkNanos(LockSupport.java:215)
        at java.util.concurrent.locks.AbstractQueuedSynchronizer$ConditionObject.awaitNanos(AbstractQueuedSynchronizer.java:2083)
        at java.util.concurrent.LinkedBlockingQueue.poll(LinkedBlockingQueue.java:467)
        at org.apache.hadoop.ipc.CallQueueManager.take(CallQueueManager.java:317)
        at org.apache.hadoop.ipc.Server$Handler.run(Server.java:2932)
"IPC Server handler 19 on default port 46755" daemon prio=5 tid=1333 timed_waiting
java.lang.Thread.State: TIMED_WAITING
        at sun.misc.Unsafe.park(Native Method)
        at java.util.concurrent.locks.LockSupport.parkNanos(LockSupport.java:215)
        at java.util.concurrent.locks.AbstractQueuedSynchronizer$ConditionObject.awaitNanos(AbstractQueuedSynchronizer.java:2083)
        at java.util.concurrent.LinkedBlockingQueue.poll(LinkedBlockingQueue.java:467)
        at org.apache.hadoop.ipc.CallQueueManager.take(CallQueueManager.java:317)
        at org.apache.hadoop.ipc.Server$Handler.run(Server.java:2932)
"c0693ef0-230a-48dd-aa8a-44a8c3878b49@group-20B7CEE0DF6D-SegmentedRaftLogWorker"  prio=5 tid=1620 timed_waiting
java.lang.Thread.State: TIMED_WAITING
        at sun.misc.Unsafe.park(Native Method)
        at java.util.concurrent.locks.LockSupport.parkNanos(LockSupport.java:215)
        at java.util.concurrent.locks.AbstractQueuedSynchronizer$ConditionObject.awaitNanos(AbstractQueuedSynchronizer.java:2083)
        at org.apache.ratis.util.DataBlockingQueue.poll(DataBlockingQueue.java:148)
        at org.apache.ratis.server.raftlog.segmented.SegmentedRaftLogWorker.run(SegmentedRaftLogWorker.java:301)
        at org.apache.ratis.server.raftlog.segmented.SegmentedRaftLogWorker$$Lambda$535/466484985.run(Unknown Source)
        at java.lang.Thread.run(Thread.java:750)
"IPC Server handler 56 on default port 38039" daemon prio=5 tid=1253 timed_waiting
java.lang.Thread.State: TIMED_WAITING
        at sun.misc.Unsafe.park(Native Method)
        at java.util.concurrent.locks.LockSupport.parkNanos(LockSupport.java:215)
        at java.util.concurrent.locks.AbstractQueuedSynchronizer$ConditionObject.awaitNanos(AbstractQueuedSynchronizer.java:2083)
        at java.util.concurrent.LinkedBlockingQueue.poll(LinkedBlockingQueue.java:467)
        at org.apache.hadoop.ipc.CallQueueManager.take(CallQueueManager.java:317)
        at org.apache.hadoop.ipc.Server$Handler.run(Server.java:2932)
"IPC Server handler 70 on default port 46755" daemon prio=5 tid=1384 timed_waiting
java.lang.Thread.State: TIMED_WAITING
        at sun.misc.Unsafe.park(Native Method)
        at java.util.concurrent.locks.LockSupport.parkNanos(LockSupport.java:215)
        at java.util.concurrent.locks.AbstractQueuedSynchronizer$ConditionObject.awaitNanos(AbstractQueuedSynchronizer.java:2083)
        at java.util.concurrent.LinkedBlockingQueue.poll(LinkedBlockingQueue.java:467)
        at org.apache.hadoop.ipc.CallQueueManager.take(CallQueueManager.java:317)
        at org.apache.hadoop.ipc.Server$Handler.run(Server.java:2932)
"IPC Server handler 99 on default port 39853" daemon prio=5 tid=1196 timed_waiting
java.lang.Thread.State: TIMED_WAITING
        at sun.misc.Unsafe.park(Native Method)
        at java.util.concurrent.locks.LockSupport.parkNanos(LockSupport.java:215)
        at java.util.concurrent.locks.AbstractQueuedSynchronizer$ConditionObject.awaitNanos(AbstractQueuedSynchronizer.java:2083)
        at java.util.concurrent.LinkedBlockingQueue.poll(LinkedBlockingQueue.java:467)
        at org.apache.hadoop.ipc.CallQueueManager.take(CallQueueManager.java:317)
        at org.apache.hadoop.ipc.Server$Handler.run(Server.java:2932)
"grpc-default-executor-2" daemon prio=5 tid=816 timed_waiting
java.lang.Thread.State: TIMED_WAITING
        at sun.misc.Unsafe.park(Native Method)
        at java.util.concurrent.locks.LockSupport.parkNanos(LockSupport.java:215)
        at java.util.concurrent.SynchronousQueue$TransferStack.awaitFulfill(SynchronousQueue.java:460)
        at java.util.concurrent.SynchronousQueue$TransferStack.transfer(SynchronousQueue.java:362)
        at java.util.concurrent.SynchronousQueue.poll(SynchronousQueue.java:941)
        at java.util.concurrent.ThreadPoolExecutor.getTask(ThreadPoolExecutor.java:1073)
        at java.util.concurrent.ThreadPoolExecutor.runWorker(ThreadPoolExecutor.java:1134)
        at java.util.concurrent.ThreadPoolExecutor$Worker.run(ThreadPoolExecutor.java:624)
        at java.lang.Thread.run(Thread.java:750)
"IPC Server handler 89 on default port 46755" daemon prio=5 tid=1403 timed_waiting
java.lang.Thread.State: TIMED_WAITING
        at sun.misc.Unsafe.park(Native Method)
        at java.util.concurrent.locks.LockSupport.parkNanos(LockSupport.java:215)
        at java.util.concurrent.locks.AbstractQueuedSynchronizer$ConditionObject.awaitNanos(AbstractQueuedSynchronizer.java:2083)
        at java.util.concurrent.LinkedBlockingQueue.poll(LinkedBlockingQueue.java:467)
        at org.apache.hadoop.ipc.CallQueueManager.take(CallQueueManager.java:317)
        at org.apache.hadoop.ipc.Server$Handler.run(Server.java:2932)
"IPC Server handler 7 on default port 46755" daemon prio=5 tid=1321 timed_waiting
java.lang.Thread.State: TIMED_WAITING
        at sun.misc.Unsafe.park(Native Method)
        at java.util.concurrent.locks.LockSupport.parkNanos(LockSupport.java:215)
        at java.util.concurrent.locks.AbstractQueuedSynchronizer$ConditionObject.awaitNanos(AbstractQueuedSynchronizer.java:2083)
        at java.util.concurrent.LinkedBlockingQueue.poll(LinkedBlockingQueue.java:467)
        at org.apache.hadoop.ipc.CallQueueManager.take(CallQueueManager.java:317)
        at org.apache.hadoop.ipc.Server$Handler.run(Server.java:2932)
"PartialTableCache Cleanup Thread - 0" daemon prio=5 tid=1025 in Object.wait()
java.lang.Thread.State: WAITING (on object monitor)
        at sun.misc.Unsafe.park(Native Method)
        at java.util.concurrent.locks.LockSupport.park(LockSupport.java:175)
        at java.util.concurrent.locks.AbstractQueuedSynchronizer$ConditionObject.await(AbstractQueuedSynchronizer.java:2044)
        at java.util.concurrent.LinkedBlockingQueue.take(LinkedBlockingQueue.java:442)
        at java.util.concurrent.ThreadPoolExecutor.getTask(ThreadPoolExecutor.java:1074)
        at java.util.concurrent.ThreadPoolExecutor.runWorker(ThreadPoolExecutor.java:1134)
        at java.util.concurrent.ThreadPoolExecutor$Worker.run(ThreadPoolExecutor.java:624)
        at java.lang.Thread.run(Thread.java:750)
"Datanode ReportManager Thread - 1" daemon prio=5 tid=599 in Object.wait()
java.lang.Thread.State: WAITING (on object monitor)
        at sun.misc.Unsafe.park(Native Method)
        at java.util.concurrent.locks.LockSupport.park(LockSupport.java:175)
        at java.util.concurrent.locks.AbstractQueuedSynchronizer$ConditionObject.await(AbstractQueuedSynchronizer.java:2044)
        at java.util.concurrent.ScheduledThreadPoolExecutor$DelayedWorkQueue.take(ScheduledThreadPoolExecutor.java:1088)
        at java.util.concurrent.ScheduledThreadPoolExecutor$DelayedWorkQueue.take(ScheduledThreadPoolExecutor.java:809)
        at java.util.concurrent.ThreadPoolExecutor.getTask(ThreadPoolExecutor.java:1074)
        at java.util.concurrent.ThreadPoolExecutor.runWorker(ThreadPoolExecutor.java:1134)
        at java.util.concurrent.ThreadPoolExecutor$Worker.run(ThreadPoolExecutor.java:624)
        at java.lang.Thread.run(Thread.java:750)
"ChunkWriter-2-0" daemon prio=5 tid=1550 in Object.wait()
java.lang.Thread.State: WAITING (on object monitor)
        at sun.misc.Unsafe.park(Native Method)
        at java.util.concurrent.locks.LockSupport.park(LockSupport.java:175)
        at java.util.concurrent.locks.AbstractQueuedSynchronizer$ConditionObject.await(AbstractQueuedSynchronizer.java:2044)
        at java.util.concurrent.LinkedBlockingDeque.takeFirst(LinkedBlockingDeque.java:492)
        at java.util.concurrent.LinkedBlockingDeque.take(LinkedBlockingDeque.java:680)
        at java.util.concurrent.ThreadPoolExecutor.getTask(ThreadPoolExecutor.java:1074)
        at java.util.concurrent.ThreadPoolExecutor.runWorker(ThreadPoolExecutor.java:1134)
        at java.util.concurrent.ThreadPoolExecutor$Worker.run(ThreadPoolExecutor.java:624)
        at java.lang.Thread.run(Thread.java:750)
"qtp1565242025-1499" daemon prio=5 tid=1499 runnable
java.lang.Thread.State: RUNNABLE
        at sun.nio.ch.EPollArrayWrapper.epollWait(Native Method)
        at sun.nio.ch.EPollArrayWrapper.poll(EPollArrayWrapper.java:269)
        at sun.nio.ch.EPollSelectorImpl.doSelect(EPollSelectorImpl.java:93)
        at sun.nio.ch.SelectorImpl.lockAndDoSelect(SelectorImpl.java:86)
        at sun.nio.ch.SelectorImpl.select(SelectorImpl.java:97)
        at sun.nio.ch.SelectorImpl.select(SelectorImpl.java:101)
        at org.eclipse.jetty.io.ManagedSelector.nioSelect(ManagedSelector.java:183)
        at org.eclipse.jetty.io.ManagedSelector.select(ManagedSelector.java:190)
        at org.eclipse.jetty.io.ManagedSelector$SelectorProducer.select(ManagedSelector.java:606)
        at org.eclipse.jetty.io.ManagedSelector$SelectorProducer.produce(ManagedSelector.java:543)
        at org.eclipse.jetty.util.thread.strategy.EatWhatYouKill.produceTask(EatWhatYouKill.java:362)
        at org.eclipse.jetty.util.thread.strategy.EatWhatYouKill.doProduce(EatWhatYouKill.java:186)
        at org.eclipse.jetty.util.thread.strategy.EatWhatYouKill.tryProduce(EatWhatYouKill.java:173)
        at org.eclipse.jetty.util.thread.strategy.EatWhatYouKill.produce(EatWhatYouKill.java:137)
        at org.eclipse.jetty.io.ManagedSelector$$Lambda$821/156203431.run(Unknown Source)
        at org.eclipse.jetty.util.thread.QueuedThreadPool.runJob(QueuedThreadPool.java:883)
        at org.eclipse.jetty.util.thread.QueuedThreadPool$Runner.run(QueuedThreadPool.java:1034)
        at java.lang.Thread.run(Thread.java:750)
"74f1d438-0997-4634-9c34-91afcc4dae77@group-C1F5D889A95E-SegmentedRaftLogWorker"  prio=5 tid=1595 timed_waiting
java.lang.Thread.State: TIMED_WAITING
        at sun.misc.Unsafe.park(Native Method)
        at java.util.concurrent.locks.LockSupport.parkNanos(LockSupport.java:215)
        at java.util.concurrent.locks.AbstractQueuedSynchronizer$ConditionObject.awaitNanos(AbstractQueuedSynchronizer.java:2083)
        at org.apache.ratis.util.DataBlockingQueue.poll(DataBlockingQueue.java:148)
        at org.apache.ratis.server.raftlog.segmented.SegmentedRaftLogWorker.run(SegmentedRaftLogWorker.java:301)
        at org.apache.ratis.server.raftlog.segmented.SegmentedRaftLogWorker$$Lambda$535/466484985.run(Unknown Source)
        at java.lang.Thread.run(Thread.java:750)
"IPC Server handler 76 on default port 38039" daemon prio=5 tid=1273 timed_waiting
java.lang.Thread.State: TIMED_WAITING
        at sun.misc.Unsafe.park(Native Method)
        at java.util.concurrent.locks.LockSupport.parkNanos(LockSupport.java:215)
        at java.util.concurrent.locks.AbstractQueuedSynchronizer$ConditionObject.awaitNanos(AbstractQueuedSynchronizer.java:2083)
        at java.util.concurrent.LinkedBlockingQueue.poll(LinkedBlockingQueue.java:467)
        at org.apache.hadoop.ipc.CallQueueManager.take(CallQueueManager.java:317)
        at org.apache.hadoop.ipc.Server$Handler.run(Server.java:2932)
"IPC Server handler 16 on default port 38039" daemon prio=5 tid=1213 timed_waiting
java.lang.Thread.State: TIMED_WAITING
        at sun.misc.Unsafe.park(Native Method)
        at java.util.concurrent.locks.LockSupport.parkNanos(LockSupport.java:215)
        at java.util.concurrent.locks.AbstractQueuedSynchronizer$ConditionObject.awaitNanos(AbstractQueuedSynchronizer.java:2083)
        at java.util.concurrent.LinkedBlockingQueue.poll(LinkedBlockingQueue.java:467)
        at org.apache.hadoop.ipc.CallQueueManager.take(CallQueueManager.java:317)
        at org.apache.hadoop.ipc.Server$Handler.run(Server.java:2932)
"IPC Server idle connection scanner for port 38039" daemon prio=5 tid=1086 timed_waiting
java.lang.Thread.State: TIMED_WAITING
        at java.lang.Object.wait(Native Method)
        at java.util.TimerThread.mainLoop(Timer.java:552)
        at java.util.TimerThread.run(Timer.java:505)
"IPC Server handler 13 on default port 46755" daemon prio=5 tid=1327 timed_waiting
java.lang.Thread.State: TIMED_WAITING
        at sun.misc.Unsafe.park(Native Method)
        at java.util.concurrent.locks.LockSupport.parkNanos(LockSupport.java:215)
        at java.util.concurrent.locks.AbstractQueuedSynchronizer$ConditionObject.awaitNanos(AbstractQueuedSynchronizer.java:2083)
        at java.util.concurrent.LinkedBlockingQueue.poll(LinkedBlockingQueue.java:467)
        at org.apache.hadoop.ipc.CallQueueManager.take(CallQueueManager.java:317)
        at org.apache.hadoop.ipc.Server$Handler.run(Server.java:2932)
"IPC Server handler 77 on default port 39853" daemon prio=5 tid=1174 timed_waiting
java.lang.Thread.State: TIMED_WAITING
        at sun.misc.Unsafe.park(Native Method)
        at java.util.concurrent.locks.LockSupport.parkNanos(LockSupport.java:215)
        at java.util.concurrent.locks.AbstractQueuedSynchronizer$ConditionObject.awaitNanos(AbstractQueuedSynchronizer.java:2083)
        at java.util.concurrent.LinkedBlockingQueue.poll(LinkedBlockingQueue.java:467)
        at org.apache.hadoop.ipc.CallQueueManager.take(CallQueueManager.java:317)
        at org.apache.hadoop.ipc.Server$Handler.run(Server.java:2932)
"IPC Server handler 2 on default port 41695" daemon prio=5 tid=1803 timed_waiting
java.lang.Thread.State: TIMED_WAITING
        at sun.misc.Unsafe.park(Native Method)
        at java.util.concurrent.locks.LockSupport.parkNanos(LockSupport.java:215)
        at java.util.concurrent.locks.AbstractQueuedSynchronizer$ConditionObject.awaitNanos(AbstractQueuedSynchronizer.java:2083)
        at java.util.concurrent.LinkedBlockingQueue.poll(LinkedBlockingQueue.java:467)
        at org.apache.hadoop.ipc.CallQueueManager.take(CallQueueManager.java:317)
        at org.apache.hadoop.ipc.Server$Handler.run(Server.java:2932)
"IPC Server handler 9 on default port 38511" daemon prio=5 tid=1736 timed_waiting
java.lang.Thread.State: TIMED_WAITING
        at sun.misc.Unsafe.park(Native Method)
        at java.util.concurrent.locks.LockSupport.parkNanos(LockSupport.java:215)
        at java.util.concurrent.locks.AbstractQueuedSynchronizer$ConditionObject.awaitNanos(AbstractQueuedSynchronizer.java:2083)
        at java.util.concurrent.LinkedBlockingQueue.poll(LinkedBlockingQueue.java:467)
        at org.apache.hadoop.ipc.CallQueueManager.take(CallQueueManager.java:317)
        at org.apache.hadoop.ipc.Server$Handler.run(Server.java:2932)
"qtp1711379780-1477" daemon prio=5 tid=1477 timed_waiting
java.lang.Thread.State: TIMED_WAITING
        at sun.misc.Unsafe.park(Native Method)
        at java.util.concurrent.locks.LockSupport.parkNanos(LockSupport.java:215)
        at java.util.concurrent.locks.AbstractQueuedSynchronizer$ConditionObject.awaitNanos(AbstractQueuedSynchronizer.java:2083)
        at org.eclipse.jetty.util.BlockingArrayQueue.poll(BlockingArrayQueue.java:382)
        at org.eclipse.jetty.util.thread.QueuedThreadPool$Runner.idleJobPoll(QueuedThreadPool.java:974)
        at org.eclipse.jetty.util.thread.QueuedThreadPool$Runner.run(QueuedThreadPool.java:1018)
        at java.lang.Thread.run(Thread.java:750)
"IPC Server handler 42 on default port 39853" daemon prio=5 tid=1139 timed_waiting
java.lang.Thread.State: TIMED_WAITING
        at sun.misc.Unsafe.park(Native Method)
        at java.util.concurrent.locks.LockSupport.parkNanos(LockSupport.java:215)
        at java.util.concurrent.locks.AbstractQueuedSynchronizer$ConditionObject.awaitNanos(AbstractQueuedSynchronizer.java:2083)
        at java.util.concurrent.LinkedBlockingQueue.poll(LinkedBlockingQueue.java:467)
        at org.apache.hadoop.ipc.CallQueueManager.take(CallQueueManager.java:317)
        at org.apache.hadoop.ipc.Server$Handler.run(Server.java:2932)
"Datanode ReportManager Thread - 2" daemon prio=5 tid=1539 in Object.wait()
java.lang.Thread.State: WAITING (on object monitor)
        at sun.misc.Unsafe.park(Native Method)
        at java.util.concurrent.locks.LockSupport.park(LockSupport.java:175)
        at java.util.concurrent.locks.AbstractQueuedSynchronizer$ConditionObject.await(AbstractQueuedSynchronizer.java:2044)
        at java.util.concurrent.ScheduledThreadPoolExecutor$DelayedWorkQueue.take(ScheduledThreadPoolExecutor.java:1088)
        at java.util.concurrent.ScheduledThreadPoolExecutor$DelayedWorkQueue.take(ScheduledThreadPoolExecutor.java:809)
        at java.util.concurrent.ThreadPoolExecutor.getTask(ThreadPoolExecutor.java:1074)
        at java.util.concurrent.ThreadPoolExecutor.runWorker(ThreadPoolExecutor.java:1134)
        at java.util.concurrent.ThreadPoolExecutor$Worker.run(ThreadPoolExecutor.java:624)
        at java.lang.Thread.run(Thread.java:750)
"IPC Server handler 10 on default port 46755" daemon prio=5 tid=1324 timed_waiting
java.lang.Thread.State: TIMED_WAITING
        at sun.misc.Unsafe.park(Native Method)
        at java.util.concurrent.locks.LockSupport.parkNanos(LockSupport.java:215)
        at java.util.concurrent.locks.AbstractQueuedSynchronizer$ConditionObject.awaitNanos(AbstractQueuedSynchronizer.java:2083)
        at java.util.concurrent.LinkedBlockingQueue.poll(LinkedBlockingQueue.java:467)
        at org.apache.hadoop.ipc.CallQueueManager.take(CallQueueManager.java:317)
        at org.apache.hadoop.ipc.Server$Handler.run(Server.java:2932)
"IPC Server handler 63 on default port 39853" daemon prio=5 tid=1160 timed_waiting
java.lang.Thread.State: TIMED_WAITING
        at sun.misc.Unsafe.park(Native Method)
        at java.util.concurrent.locks.LockSupport.parkNanos(LockSupport.java:215)
        at java.util.concurrent.locks.AbstractQueuedSynchronizer$ConditionObject.awaitNanos(AbstractQueuedSynchronizer.java:2083)
        at java.util.concurrent.LinkedBlockingQueue.poll(LinkedBlockingQueue.java:467)
        at org.apache.hadoop.ipc.CallQueueManager.take(CallQueueManager.java:317)
        at org.apache.hadoop.ipc.Server$Handler.run(Server.java:2932)
"IPC Server handler 30 on default port 39853" daemon prio=5 tid=1127 timed_waiting
java.lang.Thread.State: TIMED_WAITING
        at sun.misc.Unsafe.park(Native Method)
        at java.util.concurrent.locks.LockSupport.parkNanos(LockSupport.java:215)
        at java.util.concurrent.locks.AbstractQueuedSynchronizer$ConditionObject.awaitNanos(AbstractQueuedSynchronizer.java:2083)
        at java.util.concurrent.LinkedBlockingQueue.poll(LinkedBlockingQueue.java:467)
        at org.apache.hadoop.ipc.CallQueueManager.take(CallQueueManager.java:317)
        at org.apache.hadoop.ipc.Server$Handler.run(Server.java:2932)
"03e900db-606d-4788-a076-61e9663ea76b@group-20B7CEE0DF6D-FollowerState" daemon prio=5 tid=1672 timed_waiting
java.lang.Thread.State: TIMED_WAITING
        at java.lang.Thread.sleep(Native Method)
        at java.lang.Thread.sleep(Thread.java:342)
        at java.util.concurrent.TimeUnit.sleep(TimeUnit.java:386)
        at org.apache.ratis.util.TimeDuration.sleep(TimeDuration.java:325)
        at org.apache.ratis.util.TimeDuration.sleep(TimeDuration.java:310)
        at org.apache.ratis.server.impl.FollowerState.run(FollowerState.java:128)
"03e900db-606d-4788-a076-61e9663ea76b@group-AC284E633F92-LeaderStateImpl" daemon prio=5 tid=1648 timed_waiting
java.lang.Thread.State: TIMED_WAITING
        at sun.misc.Unsafe.park(Native Method)
        at java.util.concurrent.locks.LockSupport.parkNanos(LockSupport.java:215)
        at java.util.concurrent.locks.AbstractQueuedSynchronizer$ConditionObject.awaitNanos(AbstractQueuedSynchronizer.java:2083)
        at java.util.concurrent.ArrayBlockingQueue.poll(ArrayBlockingQueue.java:418)
        at org.apache.ratis.server.impl.LeaderStateImpl$EventQueue.poll(LeaderStateImpl.java:159)
        at org.apache.ratis.server.impl.LeaderStateImpl$EventProcessor.run(LeaderStateImpl.java:630)
"IPC Server handler 36 on default port 38039" daemon prio=5 tid=1233 timed_waiting
java.lang.Thread.State: TIMED_WAITING
        at sun.misc.Unsafe.park(Native Method)
        at java.util.concurrent.locks.LockSupport.parkNanos(LockSupport.java:215)
        at java.util.concurrent.locks.AbstractQueuedSynchronizer$ConditionObject.awaitNanos(AbstractQueuedSynchronizer.java:2083)
        at java.util.concurrent.LinkedBlockingQueue.poll(LinkedBlockingQueue.java:467)
        at org.apache.hadoop.ipc.CallQueueManager.take(CallQueueManager.java:317)
        at org.apache.hadoop.ipc.Server$Handler.run(Server.java:2932)
"qtp1228228474-1798" daemon prio=5 tid=1798 timed_waiting
java.lang.Thread.State: TIMED_WAITING
        at sun.misc.Unsafe.park(Native Method)
        at java.util.concurrent.locks.LockSupport.parkNanos(LockSupport.java:215)
        at java.util.concurrent.locks.AbstractQueuedSynchronizer$ConditionObject.awaitNanos(AbstractQueuedSynchronizer.java:2083)
        at org.eclipse.jetty.util.BlockingArrayQueue.poll(BlockingArrayQueue.java:382)
        at org.eclipse.jetty.util.thread.QueuedThreadPool$Runner.idleJobPoll(QueuedThreadPool.java:974)
        at org.eclipse.jetty.util.thread.QueuedThreadPool$Runner.run(QueuedThreadPool.java:1018)
        at java.lang.Thread.run(Thread.java:750)
"FullTableCache Cleanup Thread - 0" daemon prio=5 tid=847 in Object.wait()
java.lang.Thread.State: WAITING (on object monitor)
        at sun.misc.Unsafe.park(Native Method)
        at java.util.concurrent.locks.LockSupport.park(LockSupport.java:175)
        at java.util.concurrent.locks.AbstractQueuedSynchronizer$ConditionObject.await(AbstractQueuedSynchronizer.java:2044)
        at java.util.concurrent.LinkedBlockingQueue.take(LinkedBlockingQueue.java:442)
        at java.util.concurrent.ThreadPoolExecutor.getTask(ThreadPoolExecutor.java:1074)
        at java.util.concurrent.ThreadPoolExecutor.runWorker(ThreadPoolExecutor.java:1134)
        at java.util.concurrent.ThreadPoolExecutor$Worker.run(ThreadPoolExecutor.java:624)
        at java.lang.Thread.run(Thread.java:750)
"EventQueue-DatanodeCommandForSCMNodeManager"  prio=5 tid=1588 in Object.wait()
java.lang.Thread.State: WAITING (on object monitor)
        at sun.misc.Unsafe.park(Native Method)
        at java.util.concurrent.locks.LockSupport.park(LockSupport.java:175)
        at java.util.concurrent.locks.AbstractQueuedSynchronizer$ConditionObject.await(AbstractQueuedSynchronizer.java:2044)
        at java.util.concurrent.LinkedBlockingQueue.take(LinkedBlockingQueue.java:442)
        at java.util.concurrent.ThreadPoolExecutor.getTask(ThreadPoolExecutor.java:1074)
        at java.util.concurrent.ThreadPoolExecutor.runWorker(ThreadPoolExecutor.java:1134)
        at java.util.concurrent.ThreadPoolExecutor$Worker.run(ThreadPoolExecutor.java:624)
        at java.lang.Thread.run(Thread.java:750)
"IPC Server handler 83 on default port 39853" daemon prio=5 tid=1180 timed_waiting
java.lang.Thread.State: TIMED_WAITING
        at sun.misc.Unsafe.park(Native Method)
        at java.util.concurrent.locks.LockSupport.parkNanos(LockSupport.java:215)
        at java.util.concurrent.locks.AbstractQueuedSynchronizer$ConditionObject.awaitNanos(AbstractQueuedSynchronizer.java:2083)
        at java.util.concurrent.LinkedBlockingQueue.poll(LinkedBlockingQueue.java:467)
        at org.apache.hadoop.ipc.CallQueueManager.take(CallQueueManager.java:317)
        at org.apache.hadoop.ipc.Server$Handler.run(Server.java:2932)
"Datanode ReportManager Thread - 4" daemon prio=5 tid=575 in Object.wait()
java.lang.Thread.State: WAITING (on object monitor)
        at sun.misc.Unsafe.park(Native Method)
        at java.util.concurrent.locks.LockSupport.park(LockSupport.java:175)
        at java.util.concurrent.locks.AbstractQueuedSynchronizer$ConditionObject.await(AbstractQueuedSynchronizer.java:2044)
        at java.util.concurrent.ScheduledThreadPoolExecutor$DelayedWorkQueue.take(ScheduledThreadPoolExecutor.java:1088)
        at java.util.concurrent.ScheduledThreadPoolExecutor$DelayedWorkQueue.take(ScheduledThreadPoolExecutor.java:809)
        at java.util.concurrent.ThreadPoolExecutor.getTask(ThreadPoolExecutor.java:1074)
        at java.util.concurrent.ThreadPoolExecutor.runWorker(ThreadPoolExecutor.java:1134)
        at java.util.concurrent.ThreadPoolExecutor$Worker.run(ThreadPoolExecutor.java:624)
        at java.lang.Thread.run(Thread.java:750)
"IPC Server handler 82 on default port 39853" daemon prio=5 tid=1179 timed_waiting
java.lang.Thread.State: TIMED_WAITING
        at sun.misc.Unsafe.park(Native Method)
        at java.util.concurrent.locks.LockSupport.parkNanos(LockSupport.java:215)
        at java.util.concurrent.locks.AbstractQueuedSynchronizer$ConditionObject.awaitNanos(AbstractQueuedSynchronizer.java:2083)
        at java.util.concurrent.LinkedBlockingQueue.poll(LinkedBlockingQueue.java:467)
        at org.apache.hadoop.ipc.CallQueueManager.take(CallQueueManager.java:317)
        at org.apache.hadoop.ipc.Server$Handler.run(Server.java:2932)
"IPC Server handler 78 on default port 39853" daemon prio=5 tid=1175 timed_waiting
java.lang.Thread.State: TIMED_WAITING
        at sun.misc.Unsafe.park(Native Method)
        at java.util.concurrent.locks.LockSupport.parkNanos(LockSupport.java:215)
        at java.util.concurrent.locks.AbstractQueuedSynchronizer$ConditionObject.awaitNanos(AbstractQueuedSynchronizer.java:2083)
        at java.util.concurrent.LinkedBlockingQueue.poll(LinkedBlockingQueue.java:467)
        at org.apache.hadoop.ipc.CallQueueManager.take(CallQueueManager.java:317)
        at org.apache.hadoop.ipc.Server$Handler.run(Server.java:2932)
"qtp1595633599-1529" daemon prio=5 tid=1529 timed_waiting
java.lang.Thread.State: TIMED_WAITING
        at sun.misc.Unsafe.park(Native Method)
        at java.util.concurrent.locks.LockSupport.parkNanos(LockSupport.java:215)
        at java.util.concurrent.locks.AbstractQueuedSynchronizer$ConditionObject.awaitNanos(AbstractQueuedSynchronizer.java:2083)
        at org.eclipse.jetty.util.BlockingArrayQueue.poll(BlockingArrayQueue.java:382)
        at org.eclipse.jetty.util.thread.QueuedThreadPool$Runner.idleJobPoll(QueuedThreadPool.java:974)
        at org.eclipse.jetty.util.thread.QueuedThreadPool$Runner.run(QueuedThreadPool.java:1018)
        at java.lang.Thread.run(Thread.java:750)
"IPC Server handler 64 on default port 39853" daemon prio=5 tid=1161 timed_waiting
java.lang.Thread.State: TIMED_WAITING
        at sun.misc.Unsafe.park(Native Method)
        at java.util.concurrent.locks.LockSupport.parkNanos(LockSupport.java:215)
        at java.util.concurrent.locks.AbstractQueuedSynchronizer$ConditionObject.awaitNanos(AbstractQueuedSynchronizer.java:2083)
        at java.util.concurrent.LinkedBlockingQueue.poll(LinkedBlockingQueue.java:467)
        at org.apache.hadoop.ipc.CallQueueManager.take(CallQueueManager.java:317)
        at org.apache.hadoop.ipc.Server$Handler.run(Server.java:2932)
"Datanode ReportManager Thread - 4" daemon prio=5 tid=1487 timed_waiting
java.lang.Thread.State: TIMED_WAITING
        at sun.misc.Unsafe.park(Native Method)
        at java.util.concurrent.locks.LockSupport.parkNanos(LockSupport.java:215)
        at java.util.concurrent.locks.AbstractQueuedSynchronizer$ConditionObject.awaitNanos(AbstractQueuedSynchronizer.java:2083)
        at java.util.concurrent.ScheduledThreadPoolExecutor$DelayedWorkQueue.take(ScheduledThreadPoolExecutor.java:1093)
        at java.util.concurrent.ScheduledThreadPoolExecutor$DelayedWorkQueue.take(ScheduledThreadPoolExecutor.java:809)
        at java.util.concurrent.ThreadPoolExecutor.getTask(ThreadPoolExecutor.java:1074)
        at java.util.concurrent.ThreadPoolExecutor.runWorker(ThreadPoolExecutor.java:1134)
        at java.util.concurrent.ThreadPoolExecutor$Worker.run(ThreadPoolExecutor.java:624)
        at java.lang.Thread.run(Thread.java:750)
"SSL Certificates Store Monitor" daemon prio=5 tid=885 in Object.wait()
java.lang.Thread.State: WAITING (on object monitor)
        at java.lang.Object.wait(Native Method)
        at java.lang.Object.wait(Object.java:502)
        at java.util.TimerThread.mainLoop(Timer.java:526)
        at java.util.TimerThread.run(Timer.java:505)
"EndpointStateMachine task thread for /127.0.0.1:40693 - 0 "  prio=5 tid=667 blocked
java.lang.Thread.State: BLOCKED
        at org.apache.hadoop.ipc.Client$Connection.addCall(Client.java:522)
        at org.apache.hadoop.ipc.Client$Connection.access$3700(Client.java:414)
        at org.apache.hadoop.ipc.Client.getConnection(Client.java:1634)
        at org.apache.hadoop.ipc.Client.call(Client.java:1463)
        at org.apache.hadoop.ipc.Client.call(Client.java:1416)
        at org.apache.hadoop.ipc.ProtobufRpcEngine$Invoker.invoke(ProtobufRpcEngine.java:236)
        at org.apache.hadoop.ipc.ProtobufRpcEngine$Invoker.invoke(ProtobufRpcEngine.java:123)
        at com.sun.proxy.$Proxy52.submitRequest(Unknown Source)
        at org.apache.hadoop.ozone.protocolPB.StorageContainerDatanodeProtocolClientSideTranslatorPB.submitRequest(StorageContainerDatanodeProtocolClientSideTranslatorPB.java:117)
        at org.apache.hadoop.ozone.protocolPB.StorageContainerDatanodeProtocolClientSideTranslatorPB.sendHeartbeat(StorageContainerDatanodeProtocolClientSideTranslatorPB.java:149)
        at org.apache.hadoop.ozone.container.common.states.endpoint.HeartbeatEndpointTask.call(HeartbeatEndpointTask.java:185)
        at org.apache.hadoop.ozone.container.common.states.endpoint.HeartbeatEndpointTask.call(HeartbeatEndpointTask.java:87)
        at java.util.concurrent.FutureTask.run(FutureTask.java:266)
        at java.util.concurrent.ThreadPoolExecutor.runWorker(ThreadPoolExecutor.java:1149)
        at java.util.concurrent.ThreadPoolExecutor$Worker.run(ThreadPoolExecutor.java:624)
        at java.lang.Thread.run(Thread.java:750)
"qtp2033667885-1300" daemon prio=5 tid=1300 runnable
java.lang.Thread.State: RUNNABLE
        at sun.nio.ch.EPollArrayWrapper.epollWait(Native Method)
        at sun.nio.ch.EPollArrayWrapper.poll(EPollArrayWrapper.java:269)
        at sun.nio.ch.EPollSelectorImpl.doSelect(EPollSelectorImpl.java:93)
        at sun.nio.ch.SelectorImpl.lockAndDoSelect(SelectorImpl.java:86)
        at sun.nio.ch.SelectorImpl.select(SelectorImpl.java:97)
        at sun.nio.ch.SelectorImpl.select(SelectorImpl.java:101)
        at org.eclipse.jetty.io.ManagedSelector.nioSelect(ManagedSelector.java:183)
        at org.eclipse.jetty.io.ManagedSelector.select(ManagedSelector.java:190)
        at org.eclipse.jetty.io.ManagedSelector$SelectorProducer.select(ManagedSelector.java:606)
        at org.eclipse.jetty.io.ManagedSelector$SelectorProducer.produce(ManagedSelector.java:543)
        at org.eclipse.jetty.util.thread.strategy.EatWhatYouKill.produceTask(EatWhatYouKill.java:362)
        at org.eclipse.jetty.util.thread.strategy.EatWhatYouKill.doProduce(EatWhatYouKill.java:186)
        at org.eclipse.jetty.util.thread.strategy.EatWhatYouKill.tryProduce(EatWhatYouKill.java:173)
        at org.eclipse.jetty.util.thread.strategy.EatWhatYouKill.produce(EatWhatYouKill.java:137)
        at org.eclipse.jetty.io.ManagedSelector$$Lambda$821/156203431.run(Unknown Source)
        at org.eclipse.jetty.util.thread.QueuedThreadPool.runJob(QueuedThreadPool.java:883)
        at org.eclipse.jetty.util.thread.QueuedThreadPool$Runner.run(QueuedThreadPool.java:1034)
        at java.lang.Thread.run(Thread.java:750)
"IPC Server handler 9 on default port 46755" daemon prio=5 tid=1323 timed_waiting
java.lang.Thread.State: TIMED_WAITING
        at sun.misc.Unsafe.park(Native Method)
        at java.util.concurrent.locks.LockSupport.parkNanos(LockSupport.java:215)
        at java.util.concurrent.locks.AbstractQueuedSynchronizer$ConditionObject.awaitNanos(AbstractQueuedSynchronizer.java:2083)
        at java.util.concurrent.LinkedBlockingQueue.poll(LinkedBlockingQueue.java:467)
        at org.apache.hadoop.ipc.CallQueueManager.take(CallQueueManager.java:317)
        at org.apache.hadoop.ipc.Server$Handler.run(Server.java:2932)
"EndpointStateMachine task thread for /127.0.0.1:46755 - 0 "  prio=5 tid=1559 in Object.wait()
java.lang.Thread.State: WAITING (on object monitor)
        at sun.misc.Unsafe.park(Native Method)
        at java.util.concurrent.locks.LockSupport.park(LockSupport.java:175)
        at java.util.concurrent.locks.AbstractQueuedSynchronizer$ConditionObject.await(AbstractQueuedSynchronizer.java:2044)
        at java.util.concurrent.LinkedBlockingQueue.take(LinkedBlockingQueue.java:442)
        at java.util.concurrent.ThreadPoolExecutor.getTask(ThreadPoolExecutor.java:1074)
        at java.util.concurrent.ThreadPoolExecutor.runWorker(ThreadPoolExecutor.java:1134)
        at java.util.concurrent.ThreadPoolExecutor$Worker.run(ThreadPoolExecutor.java:624)
        at java.lang.Thread.run(Thread.java:750)
"SSL Certificates Store Monitor" daemon prio=5 tid=960 in Object.wait()
java.lang.Thread.State: WAITING (on object monitor)
        at java.lang.Object.wait(Native Method)
        at java.lang.Object.wait(Object.java:502)
        at java.util.TimerThread.mainLoop(Timer.java:526)
        at java.util.TimerThread.run(Timer.java:505)
"IPC Server handler 52 on default port 46755" daemon prio=5 tid=1366 timed_waiting
java.lang.Thread.State: TIMED_WAITING
        at sun.misc.Unsafe.park(Native Method)
        at java.util.concurrent.locks.LockSupport.parkNanos(LockSupport.java:215)
        at java.util.concurrent.locks.AbstractQueuedSynchronizer$ConditionObject.awaitNanos(AbstractQueuedSynchronizer.java:2083)
        at java.util.concurrent.LinkedBlockingQueue.poll(LinkedBlockingQueue.java:467)
        at org.apache.hadoop.ipc.CallQueueManager.take(CallQueueManager.java:317)
        at org.apache.hadoop.ipc.Server$Handler.run(Server.java:2932)
"IPC Server handler 53 on default port 46755" daemon prio=5 tid=1367 timed_waiting
java.lang.Thread.State: TIMED_WAITING
        at sun.misc.Unsafe.park(Native Method)
        at java.util.concurrent.locks.LockSupport.parkNanos(LockSupport.java:215)
        at java.util.concurrent.locks.AbstractQueuedSynchronizer$ConditionObject.awaitNanos(AbstractQueuedSynchronizer.java:2083)
        at java.util.concurrent.LinkedBlockingQueue.poll(LinkedBlockingQueue.java:467)
        at org.apache.hadoop.ipc.CallQueueManager.take(CallQueueManager.java:317)
        at org.apache.hadoop.ipc.Server$Handler.run(Server.java:2932)
"IPC Server handler 9 on default port 38039" daemon prio=5 tid=1206 timed_waiting
java.lang.Thread.State: TIMED_WAITING
        at sun.misc.Unsafe.park(Native Method)
        at java.util.concurrent.locks.LockSupport.parkNanos(LockSupport.java:215)
        at java.util.concurrent.locks.AbstractQueuedSynchronizer$ConditionObject.awaitNanos(AbstractQueuedSynchronizer.java:2083)
        at java.util.concurrent.LinkedBlockingQueue.poll(LinkedBlockingQueue.java:467)
        at org.apache.hadoop.ipc.CallQueueManager.take(CallQueueManager.java:317)
        at org.apache.hadoop.ipc.Server$Handler.run(Server.java:2932)
"grpc-default-worker-ELG-3-1" daemon prio=5 tid=494 runnable
java.lang.Thread.State: RUNNABLE
        at org.apache.ratis.thirdparty.io.netty.channel.epoll.Native.epollWait(Native Method)
        at org.apache.ratis.thirdparty.io.netty.channel.epoll.Native.epollWait(Native.java:193)
        at org.apache.ratis.thirdparty.io.netty.channel.epoll.Native.epollWait(Native.java:186)
        at org.apache.ratis.thirdparty.io.netty.channel.epoll.EpollEventLoop.epollWaitNoTimerChange(EpollEventLoop.java:290)
        at org.apache.ratis.thirdparty.io.netty.channel.epoll.EpollEventLoop.run(EpollEventLoop.java:347)
        at org.apache.ratis.thirdparty.io.netty.util.concurrent.SingleThreadEventExecutor$4.run(SingleThreadEventExecutor.java:986)
        at org.apache.ratis.thirdparty.io.netty.util.internal.ThreadExecutorMap$2.run(ThreadExecutorMap.java:74)
        at org.apache.ratis.thirdparty.io.netty.util.concurrent.FastThreadLocalRunnable.run(FastThreadLocalRunnable.java:30)
        at java.lang.Thread.run(Thread.java:750)
"c0693ef0-230a-48dd-aa8a-44a8c3878b49@group-26218CACBD25->74f1d438-0997-4634-9c34-91afcc4dae77-GrpcLogAppender-LogAppenderDaemon" daemon prio=5 tid=1654 timed_waiting
java.lang.Thread.State: TIMED_WAITING
        at sun.misc.Unsafe.park(Native Method)
        at java.util.concurrent.locks.LockSupport.parkNanos(LockSupport.java:215)
        at java.util.concurrent.CompletableFuture$Signaller.block(CompletableFuture.java:1709)
        at java.util.concurrent.ForkJoinPool.managedBlock(ForkJoinPool.java:3323)
        at java.util.concurrent.CompletableFuture.timedGet(CompletableFuture.java:1788)
        at java.util.concurrent.CompletableFuture.get(CompletableFuture.java:1928)
        at org.apache.ratis.util.AwaitForSignal.await(AwaitForSignal.java:56)
        at org.apache.ratis.grpc.server.GrpcLogAppender.mayWait(GrpcLogAppender.java:169)
        at org.apache.ratis.grpc.server.GrpcLogAppender.run(GrpcLogAppender.java:128)
        at org.apache.ratis.server.leader.LogAppenderDaemon.run(LogAppenderDaemon.java:77)
        at org.apache.ratis.server.leader.LogAppenderDaemon$$Lambda$915/50953464.run(Unknown Source)
        at java.lang.Thread.run(Thread.java:750)
"FullTableCache Cleanup Thread - 0" daemon prio=5 tid=854 in Object.wait()
java.lang.Thread.State: WAITING (on object monitor)
        at sun.misc.Unsafe.park(Native Method)
        at java.util.concurrent.locks.LockSupport.park(LockSupport.java:175)
        at java.util.concurrent.locks.AbstractQueuedSynchronizer$ConditionObject.await(AbstractQueuedSynchronizer.java:2044)
        at java.util.concurrent.LinkedBlockingQueue.take(LinkedBlockingQueue.java:442)
        at java.util.concurrent.ThreadPoolExecutor.getTask(ThreadPoolExecutor.java:1074)
        at java.util.concurrent.ThreadPoolExecutor.runWorker(ThreadPoolExecutor.java:1134)
        at java.util.concurrent.ThreadPoolExecutor$Worker.run(ThreadPoolExecutor.java:624)
        at java.lang.Thread.run(Thread.java:750)
"pool-376-thread-1"  prio=5 tid=1607 in Object.wait()
java.lang.Thread.State: WAITING (on object monitor)
        at sun.misc.Unsafe.park(Native Method)
        at java.util.concurrent.locks.LockSupport.park(LockSupport.java:175)
        at java.util.concurrent.locks.AbstractQueuedSynchronizer$ConditionObject.await(AbstractQueuedSynchronizer.java:2044)
        at java.util.concurrent.LinkedBlockingQueue.take(LinkedBlockingQueue.java:442)
        at java.util.concurrent.ThreadPoolExecutor.getTask(ThreadPoolExecutor.java:1074)
        at java.util.concurrent.ThreadPoolExecutor.runWorker(ThreadPoolExecutor.java:1134)
        at java.util.concurrent.ThreadPoolExecutor$Worker.run(ThreadPoolExecutor.java:624)
        at java.lang.Thread.run(Thread.java:750)
"IPC Server handler 0 on default port 41695" daemon prio=5 tid=1801 timed_waiting
java.lang.Thread.State: TIMED_WAITING
        at sun.misc.Unsafe.park(Native Method)
        at java.util.concurrent.locks.LockSupport.parkNanos(LockSupport.java:215)
        at java.util.concurrent.locks.AbstractQueuedSynchronizer$ConditionObject.awaitNanos(AbstractQueuedSynchronizer.java:2083)
        at java.util.concurrent.LinkedBlockingQueue.poll(LinkedBlockingQueue.java:467)
        at org.apache.hadoop.ipc.CallQueueManager.take(CallQueueManager.java:317)
        at org.apache.hadoop.ipc.Server$Handler.run(Server.java:2932)
"IPC Server handler 17 on default port 38511" daemon prio=5 tid=1744 timed_waiting
java.lang.Thread.State: TIMED_WAITING
        at sun.misc.Unsafe.park(Native Method)
        at java.util.concurrent.locks.LockSupport.parkNanos(LockSupport.java:215)
        at java.util.concurrent.locks.AbstractQueuedSynchronizer$ConditionObject.awaitNanos(AbstractQueuedSynchronizer.java:2083)
        at java.util.concurrent.LinkedBlockingQueue.poll(LinkedBlockingQueue.java:467)
        at org.apache.hadoop.ipc.CallQueueManager.take(CallQueueManager.java:317)
        at org.apache.hadoop.ipc.Server$Handler.run(Server.java:2932)
"Socket Reader #1 for port 46755"  prio=5 tid=1081 runnable
java.lang.Thread.State: RUNNABLE
        at sun.nio.ch.EPollArrayWrapper.epollWait(Native Method)
        at sun.nio.ch.EPollArrayWrapper.poll(EPollArrayWrapper.java:269)
        at sun.nio.ch.EPollSelectorImpl.doSelect(EPollSelectorImpl.java:93)
        at sun.nio.ch.SelectorImpl.lockAndDoSelect(SelectorImpl.java:86)
        at sun.nio.ch.SelectorImpl.select(SelectorImpl.java:97)
        at sun.nio.ch.SelectorImpl.select(SelectorImpl.java:101)
        at org.apache.hadoop.ipc.Server$Listener$Reader.doRunLoop(Server.java:1288)
        at org.apache.hadoop.ipc.Server$Listener$Reader.run(Server.java:1267)
"Socket Reader #1 for port 38511"  prio=5 tid=1708 runnable
java.lang.Thread.State: RUNNABLE
        at sun.nio.ch.EPollArrayWrapper.epollWait(Native Method)
        at sun.nio.ch.EPollArrayWrapper.poll(EPollArrayWrapper.java:269)
        at sun.nio.ch.EPollSelectorImpl.doSelect(EPollSelectorImpl.java:93)
        at sun.nio.ch.SelectorImpl.lockAndDoSelect(SelectorImpl.java:86)
        at sun.nio.ch.SelectorImpl.select(SelectorImpl.java:97)
        at sun.nio.ch.SelectorImpl.select(SelectorImpl.java:101)
        at org.apache.hadoop.ipc.Server$Listener$Reader.doRunLoop(Server.java:1288)
        at org.apache.hadoop.ipc.Server$Listener$Reader.run(Server.java:1267)
"BlockDeletingService#1" daemon prio=5 tid=1580 in Object.wait()
java.lang.Thread.State: WAITING (on object monitor)
        at sun.misc.Unsafe.park(Native Method)
        at java.util.concurrent.locks.LockSupport.park(LockSupport.java:175)
        at java.util.concurrent.locks.AbstractQueuedSynchronizer$ConditionObject.await(AbstractQueuedSynchronizer.java:2044)
        at java.util.concurrent.ScheduledThreadPoolExecutor$DelayedWorkQueue.take(ScheduledThreadPoolExecutor.java:1088)
        at java.util.concurrent.ScheduledThreadPoolExecutor$DelayedWorkQueue.take(ScheduledThreadPoolExecutor.java:809)
        at java.util.concurrent.ThreadPoolExecutor.getTask(ThreadPoolExecutor.java:1074)
        at java.util.concurrent.ThreadPoolExecutor.runWorker(ThreadPoolExecutor.java:1134)
        at java.util.concurrent.ThreadPoolExecutor$Worker.run(ThreadPoolExecutor.java:624)
        at java.lang.Thread.run(Thread.java:750)
"Periodic HDDS volume checker" daemon prio=5 tid=1520 timed_waiting
java.lang.Thread.State: TIMED_WAITING
        at sun.misc.Unsafe.park(Native Method)
        at java.util.concurrent.locks.LockSupport.parkNanos(LockSupport.java:215)
        at java.util.concurrent.locks.AbstractQueuedSynchronizer$ConditionObject.awaitNanos(AbstractQueuedSynchronizer.java:2083)
        at java.util.concurrent.ScheduledThreadPoolExecutor$DelayedWorkQueue.take(ScheduledThreadPoolExecutor.java:1093)
        at java.util.concurrent.ScheduledThreadPoolExecutor$DelayedWorkQueue.take(ScheduledThreadPoolExecutor.java:809)
        at java.util.concurrent.ThreadPoolExecutor.getTask(ThreadPoolExecutor.java:1074)
        at java.util.concurrent.ThreadPoolExecutor.runWorker(ThreadPoolExecutor.java:1134)
        at java.util.concurrent.ThreadPoolExecutor$Worker.run(ThreadPoolExecutor.java:624)
        at java.lang.Thread.run(Thread.java:750)
"IPC Server handler 78 on default port 38039" daemon prio=5 tid=1275 timed_waiting
java.lang.Thread.State: TIMED_WAITING
        at sun.misc.Unsafe.park(Native Method)
        at java.util.concurrent.locks.LockSupport.parkNanos(LockSupport.java:215)
        at java.util.concurrent.locks.AbstractQueuedSynchronizer$ConditionObject.awaitNanos(AbstractQueuedSynchronizer.java:2083)
        at java.util.concurrent.LinkedBlockingQueue.poll(LinkedBlockingQueue.java:467)
        at org.apache.hadoop.ipc.CallQueueManager.take(CallQueueManager.java:317)
        at org.apache.hadoop.ipc.Server$Handler.run(Server.java:2932)
"74f1d438-0997-4634-9c34-91afcc4dae77@group-C1F5D889A95E-LeaderStateImpl" daemon prio=5 tid=1632 timed_waiting
java.lang.Thread.State: TIMED_WAITING
        at sun.misc.Unsafe.park(Native Method)
        at java.util.concurrent.locks.LockSupport.parkNanos(LockSupport.java:215)
        at java.util.concurrent.locks.AbstractQueuedSynchronizer$ConditionObject.awaitNanos(AbstractQueuedSynchronizer.java:2083)
        at java.util.concurrent.ArrayBlockingQueue.poll(ArrayBlockingQueue.java:418)
        at org.apache.ratis.server.impl.LeaderStateImpl$EventQueue.poll(LeaderStateImpl.java:159)
        at org.apache.ratis.server.impl.LeaderStateImpl$EventProcessor.run(LeaderStateImpl.java:630)
"IPC Server handler 32 on default port 46755" daemon prio=5 tid=1346 timed_waiting
java.lang.Thread.State: TIMED_WAITING
        at sun.misc.Unsafe.park(Native Method)
        at java.util.concurrent.locks.LockSupport.parkNanos(LockSupport.java:215)
        at java.util.concurrent.locks.AbstractQueuedSynchronizer$ConditionObject.awaitNanos(AbstractQueuedSynchronizer.java:2083)
        at java.util.concurrent.LinkedBlockingQueue.poll(LinkedBlockingQueue.java:467)
        at org.apache.hadoop.ipc.CallQueueManager.take(CallQueueManager.java:317)
        at org.apache.hadoop.ipc.Server$Handler.run(Server.java:2932)
"pool-385-thread-1"  prio=5 tid=1526 timed_waiting
java.lang.Thread.State: TIMED_WAITING
        at sun.misc.Unsafe.park(Native Method)
        at java.util.concurrent.locks.LockSupport.parkNanos(LockSupport.java:215)
        at java.util.concurrent.locks.AbstractQueuedSynchronizer$ConditionObject.awaitNanos(AbstractQueuedSynchronizer.java:2083)
        at java.util.concurrent.ScheduledThreadPoolExecutor$DelayedWorkQueue.take(ScheduledThreadPoolExecutor.java:1093)
        at java.util.concurrent.ScheduledThreadPoolExecutor$DelayedWorkQueue.take(ScheduledThreadPoolExecutor.java:809)
        at java.util.concurrent.ThreadPoolExecutor.getTask(ThreadPoolExecutor.java:1074)
        at java.util.concurrent.ThreadPoolExecutor.runWorker(ThreadPoolExecutor.java:1134)
        at java.util.concurrent.ThreadPoolExecutor$Worker.run(ThreadPoolExecutor.java:624)
        at java.lang.Thread.run(Thread.java:750)
"Session-HouseKeeper-480363d9-1"  prio=5 tid=1481 timed_waiting
java.lang.Thread.State: TIMED_WAITING
        at sun.misc.Unsafe.park(Native Method)
        at java.util.concurrent.locks.LockSupport.parkNanos(LockSupport.java:215)
        at java.util.concurrent.locks.AbstractQueuedSynchronizer$ConditionObject.awaitNanos(AbstractQueuedSynchronizer.java:2083)
        at java.util.concurrent.ScheduledThreadPoolExecutor$DelayedWorkQueue.take(ScheduledThreadPoolExecutor.java:1093)
        at java.util.concurrent.ScheduledThreadPoolExecutor$DelayedWorkQueue.take(ScheduledThreadPoolExecutor.java:809)
        at java.util.concurrent.ThreadPoolExecutor.getTask(ThreadPoolExecutor.java:1074)
        at java.util.concurrent.ThreadPoolExecutor.runWorker(ThreadPoolExecutor.java:1134)
        at java.util.concurrent.ThreadPoolExecutor$Worker.run(ThreadPoolExecutor.java:624)
        at java.lang.Thread.run(Thread.java:750)
"IPC Server handler 11 on default port 38039" daemon prio=5 tid=1208 timed_waiting
java.lang.Thread.State: TIMED_WAITING
        at sun.misc.Unsafe.park(Native Method)
        at java.util.concurrent.locks.LockSupport.parkNanos(LockSupport.java:215)
        at java.util.concurrent.locks.AbstractQueuedSynchronizer$ConditionObject.awaitNanos(AbstractQueuedSynchronizer.java:2083)
        at java.util.concurrent.LinkedBlockingQueue.poll(LinkedBlockingQueue.java:467)
        at org.apache.hadoop.ipc.CallQueueManager.take(CallQueueManager.java:317)
        at org.apache.hadoop.ipc.Server$Handler.run(Server.java:2932)
"IPC Server handler 72 on default port 46755" daemon prio=5 tid=1386 timed_waiting
java.lang.Thread.State: TIMED_WAITING
        at sun.misc.Unsafe.park(Native Method)
        at java.util.concurrent.locks.LockSupport.parkNanos(LockSupport.java:215)
        at java.util.concurrent.locks.AbstractQueuedSynchronizer$ConditionObject.awaitNanos(AbstractQueuedSynchronizer.java:2083)
        at java.util.concurrent.LinkedBlockingQueue.poll(LinkedBlockingQueue.java:467)
        at org.apache.hadoop.ipc.CallQueueManager.take(CallQueueManager.java:317)
        at org.apache.hadoop.ipc.Server$Handler.run(Server.java:2932)
"IPC Server handler 58 on default port 46755" daemon prio=5 tid=1372 timed_waiting
java.lang.Thread.State: TIMED_WAITING
        at sun.misc.Unsafe.park(Native Method)
        at java.util.concurrent.locks.LockSupport.parkNanos(LockSupport.java:215)
        at java.util.concurrent.locks.AbstractQueuedSynchronizer$ConditionObject.awaitNanos(AbstractQueuedSynchronizer.java:2083)
        at java.util.concurrent.LinkedBlockingQueue.poll(LinkedBlockingQueue.java:467)
        at org.apache.hadoop.ipc.CallQueueManager.take(CallQueueManager.java:317)
        at org.apache.hadoop.ipc.Server$Handler.run(Server.java:2932)
"grpc-default-executor-0" daemon prio=5 tid=496 timed_waiting
java.lang.Thread.State: TIMED_WAITING
        at sun.misc.Unsafe.park(Native Method)
        at java.util.concurrent.locks.LockSupport.parkNanos(LockSupport.java:215)
        at java.util.concurrent.SynchronousQueue$TransferStack.awaitFulfill(SynchronousQueue.java:460)
        at java.util.concurrent.SynchronousQueue$TransferStack.transfer(SynchronousQueue.java:362)
        at java.util.concurrent.SynchronousQueue.poll(SynchronousQueue.java:941)
        at java.util.concurrent.ThreadPoolExecutor.getTask(ThreadPoolExecutor.java:1073)
        at java.util.concurrent.ThreadPoolExecutor.runWorker(ThreadPoolExecutor.java:1134)
        at java.util.concurrent.ThreadPoolExecutor$Worker.run(ThreadPoolExecutor.java:624)
        at java.lang.Thread.run(Thread.java:750)
"IPC Server handler 51 on default port 46755" daemon prio=5 tid=1365 timed_waiting
java.lang.Thread.State: TIMED_WAITING
        at sun.misc.Unsafe.park(Native Method)
        at java.util.concurrent.locks.LockSupport.parkNanos(LockSupport.java:215)
        at java.util.concurrent.locks.AbstractQueuedSynchronizer$ConditionObject.awaitNanos(AbstractQueuedSynchronizer.java:2083)
        at java.util.concurrent.LinkedBlockingQueue.poll(LinkedBlockingQueue.java:467)
        at org.apache.hadoop.ipc.CallQueueManager.take(CallQueueManager.java:317)
        at org.apache.hadoop.ipc.Server$Handler.run(Server.java:2932)
"IPC Server handler 93 on default port 39853" daemon prio=5 tid=1190 timed_waiting
java.lang.Thread.State: TIMED_WAITING
        at sun.misc.Unsafe.park(Native Method)
        at java.util.concurrent.locks.LockSupport.parkNanos(LockSupport.java:215)
        at java.util.concurrent.locks.AbstractQueuedSynchronizer$ConditionObject.awaitNanos(AbstractQueuedSynchronizer.java:2083)
        at java.util.concurrent.LinkedBlockingQueue.poll(LinkedBlockingQueue.java:467)
        at org.apache.hadoop.ipc.CallQueueManager.take(CallQueueManager.java:317)
        at org.apache.hadoop.ipc.Server$Handler.run(Server.java:2932)
"IPC Server handler 46 on default port 38039" daemon prio=5 tid=1243 timed_waiting
java.lang.Thread.State: TIMED_WAITING
        at sun.misc.Unsafe.park(Native Method)
        at java.util.concurrent.locks.LockSupport.parkNanos(LockSupport.java:215)
        at java.util.concurrent.locks.AbstractQueuedSynchronizer$ConditionObject.awaitNanos(AbstractQueuedSynchronizer.java:2083)
        at java.util.concurrent.LinkedBlockingQueue.poll(LinkedBlockingQueue.java:467)
        at org.apache.hadoop.ipc.CallQueueManager.take(CallQueueManager.java:317)
        at org.apache.hadoop.ipc.Server$Handler.run(Server.java:2932)
"IPC Server idle connection scanner for port 42599" daemon prio=5 tid=896 in Object.wait()
java.lang.Thread.State: WAITING (on object monitor)
        at java.lang.Object.wait(Native Method)
        at java.lang.Object.wait(Object.java:502)
        at java.util.TimerThread.mainLoop(Timer.java:526)
        at java.util.TimerThread.run(Timer.java:505)
"FullTableCache Cleanup Thread - 0" daemon prio=5 tid=1021 in Object.wait()
java.lang.Thread.State: WAITING (on object monitor)
        at sun.misc.Unsafe.park(Native Method)
        at java.util.concurrent.locks.LockSupport.park(LockSupport.java:175)
        at java.util.concurrent.locks.AbstractQueuedSynchronizer$ConditionObject.await(AbstractQueuedSynchronizer.java:2044)
        at java.util.concurrent.LinkedBlockingQueue.take(LinkedBlockingQueue.java:442)
        at java.util.concurrent.ThreadPoolExecutor.getTask(ThreadPoolExecutor.java:1074)
        at java.util.concurrent.ThreadPoolExecutor.runWorker(ThreadPoolExecutor.java:1134)
        at java.util.concurrent.ThreadPoolExecutor$Worker.run(ThreadPoolExecutor.java:624)
        at java.lang.Thread.run(Thread.java:750)
"ChunkWriter-1-0" daemon prio=5 tid=1549 in Object.wait()
java.lang.Thread.State: WAITING (on object monitor)
        at sun.misc.Unsafe.park(Native Method)
        at java.util.concurrent.locks.LockSupport.park(LockSupport.java:175)
        at java.util.concurrent.locks.AbstractQueuedSynchronizer$ConditionObject.await(AbstractQueuedSynchronizer.java:2044)
        at java.util.concurrent.LinkedBlockingDeque.takeFirst(LinkedBlockingDeque.java:492)
        at java.util.concurrent.LinkedBlockingDeque.take(LinkedBlockingDeque.java:680)
        at java.util.concurrent.ThreadPoolExecutor.getTask(ThreadPoolExecutor.java:1074)
        at java.util.concurrent.ThreadPoolExecutor.runWorker(ThreadPoolExecutor.java:1134)
        at java.util.concurrent.ThreadPoolExecutor$Worker.run(ThreadPoolExecutor.java:624)
        at java.lang.Thread.run(Thread.java:750)
"IPC Server handler 82 on default port 46755" daemon prio=5 tid=1396 timed_waiting
java.lang.Thread.State: TIMED_WAITING
        at sun.misc.Unsafe.park(Native Method)
        at java.util.concurrent.locks.LockSupport.parkNanos(LockSupport.java:215)
        at java.util.concurrent.locks.AbstractQueuedSynchronizer$ConditionObject.awaitNanos(AbstractQueuedSynchronizer.java:2083)
        at java.util.concurrent.LinkedBlockingQueue.poll(LinkedBlockingQueue.java:467)
        at org.apache.hadoop.ipc.CallQueueManager.take(CallQueueManager.java:317)
        at org.apache.hadoop.ipc.Server$Handler.run(Server.java:2932)
"PartialTableCache Cleanup Thread - 0" daemon prio=5 tid=1834 in Object.wait()
java.lang.Thread.State: WAITING (on object monitor)
        at sun.misc.Unsafe.park(Native Method)
        at java.util.concurrent.locks.LockSupport.park(LockSupport.java:175)
        at java.util.concurrent.locks.AbstractQueuedSynchronizer$ConditionObject.await(AbstractQueuedSynchronizer.java:2044)
        at java.util.concurrent.LinkedBlockingQueue.take(LinkedBlockingQueue.java:442)
        at java.util.concurrent.ThreadPoolExecutor.getTask(ThreadPoolExecutor.java:1074)
        at java.util.concurrent.ThreadPoolExecutor.runWorker(ThreadPoolExecutor.java:1134)
        at java.util.concurrent.ThreadPoolExecutor$Worker.run(ThreadPoolExecutor.java:624)
        at java.lang.Thread.run(Thread.java:750)
"IPC Server handler 83 on default port 38039" daemon prio=5 tid=1280 timed_waiting
java.lang.Thread.State: TIMED_WAITING
        at sun.misc.Unsafe.park(Native Method)
        at java.util.concurrent.locks.LockSupport.parkNanos(LockSupport.java:215)
        at java.util.concurrent.locks.AbstractQueuedSynchronizer$ConditionObject.awaitNanos(AbstractQueuedSynchronizer.java:2083)
        at java.util.concurrent.LinkedBlockingQueue.poll(LinkedBlockingQueue.java:467)
        at org.apache.hadoop.ipc.CallQueueManager.take(CallQueueManager.java:317)
        at org.apache.hadoop.ipc.Server$Handler.run(Server.java:2932)
"OpenKeyCleanupService#0" daemon prio=5 tid=1790 timed_waiting
java.lang.Thread.State: TIMED_WAITING
        at sun.misc.Unsafe.park(Native Method)
        at java.util.concurrent.locks.LockSupport.parkNanos(LockSupport.java:215)
        at java.util.concurrent.locks.AbstractQueuedSynchronizer$ConditionObject.awaitNanos(AbstractQueuedSynchronizer.java:2083)
        at java.util.concurrent.ScheduledThreadPoolExecutor$DelayedWorkQueue.take(ScheduledThreadPoolExecutor.java:1093)
        at java.util.concurrent.ScheduledThreadPoolExecutor$DelayedWorkQueue.take(ScheduledThreadPoolExecutor.java:809)
        at java.util.concurrent.ThreadPoolExecutor.getTask(ThreadPoolExecutor.java:1074)
        at java.util.concurrent.ThreadPoolExecutor.runWorker(ThreadPoolExecutor.java:1134)
        at java.util.concurrent.ThreadPoolExecutor$Worker.run(ThreadPoolExecutor.java:624)
        at java.lang.Thread.run(Thread.java:750)
"org.apache.ratis.util.JvmPauseMonitor$$Lambda$605/1445225850@18a8ea52" daemon prio=5 tid=1552 timed_waiting
java.lang.Thread.State: TIMED_WAITING
        at java.lang.Thread.sleep(Native Method)
        at java.lang.Thread.sleep(Thread.java:342)
        at java.util.concurrent.TimeUnit.sleep(TimeUnit.java:386)
        at org.apache.ratis.util.TimeDuration.sleep(TimeDuration.java:325)
        at org.apache.ratis.util.TimeDuration.sleep(TimeDuration.java:310)
        at org.apache.ratis.util.JvmPauseMonitor.detectPause(JvmPauseMonitor.java:117)
        at org.apache.ratis.util.JvmPauseMonitor.run(JvmPauseMonitor.java:106)
        at org.apache.ratis.util.JvmPauseMonitor$$Lambda$605/1445225850.run(Unknown Source)
        at java.lang.Thread.run(Thread.java:750)
"IPC Server handler 96 on default port 39853" daemon prio=5 tid=1193 timed_waiting
java.lang.Thread.State: TIMED_WAITING
        at sun.misc.Unsafe.park(Native Method)
        at java.util.concurrent.locks.LockSupport.parkNanos(LockSupport.java:215)
        at java.util.concurrent.locks.AbstractQueuedSynchronizer$ConditionObject.awaitNanos(AbstractQueuedSynchronizer.java:2083)
        at java.util.concurrent.LinkedBlockingQueue.poll(LinkedBlockingQueue.java:467)
        at org.apache.hadoop.ipc.CallQueueManager.take(CallQueueManager.java:317)
        at org.apache.hadoop.ipc.Server$Handler.run(Server.java:2932)
"IPC Server handler 85 on default port 38039" daemon prio=5 tid=1282 timed_waiting
java.lang.Thread.State: TIMED_WAITING
        at sun.misc.Unsafe.park(Native Method)
        at java.util.concurrent.locks.LockSupport.parkNanos(LockSupport.java:215)
        at java.util.concurrent.locks.AbstractQueuedSynchronizer$ConditionObject.awaitNanos(AbstractQueuedSynchronizer.java:2083)
        at java.util.concurrent.LinkedBlockingQueue.poll(LinkedBlockingQueue.java:467)
        at org.apache.hadoop.ipc.CallQueueManager.take(CallQueueManager.java:317)
        at org.apache.hadoop.ipc.Server$Handler.run(Server.java:2932)
"IPC Server handler 65 on default port 39853" daemon prio=5 tid=1162 timed_waiting
java.lang.Thread.State: TIMED_WAITING
        at sun.misc.Unsafe.park(Native Method)
        at java.util.concurrent.locks.LockSupport.parkNanos(LockSupport.java:215)
        at java.util.concurrent.locks.AbstractQueuedSynchronizer$ConditionObject.awaitNanos(AbstractQueuedSynchronizer.java:2083)
        at java.util.concurrent.LinkedBlockingQueue.poll(LinkedBlockingQueue.java:467)
        at org.apache.hadoop.ipc.CallQueueManager.take(CallQueueManager.java:317)
        at org.apache.hadoop.ipc.Server$Handler.run(Server.java:2932)
"IPC Server handler 97 on default port 38039" daemon prio=5 tid=1294 timed_waiting
java.lang.Thread.State: TIMED_WAITING
        at sun.misc.Unsafe.park(Native Method)
        at java.util.concurrent.locks.LockSupport.parkNanos(LockSupport.java:215)
        at java.util.concurrent.locks.AbstractQueuedSynchronizer$ConditionObject.awaitNanos(AbstractQueuedSynchronizer.java:2083)
        at java.util.concurrent.LinkedBlockingQueue.poll(LinkedBlockingQueue.java:467)
        at org.apache.hadoop.ipc.CallQueueManager.take(CallQueueManager.java:317)
        at org.apache.hadoop.ipc.Server$Handler.run(Server.java:2932)
"PartialTableCache Cleanup Thread - 0" daemon prio=5 tid=874 in Object.wait()
java.lang.Thread.State: WAITING (on object monitor)
        at sun.misc.Unsafe.park(Native Method)
        at java.util.concurrent.locks.LockSupport.park(LockSupport.java:175)
        at java.util.concurrent.locks.AbstractQueuedSynchronizer$ConditionObject.await(AbstractQueuedSynchronizer.java:2044)
        at java.util.concurrent.LinkedBlockingQueue.take(LinkedBlockingQueue.java:442)
        at java.util.concurrent.ThreadPoolExecutor.getTask(ThreadPoolExecutor.java:1074)
        at java.util.concurrent.ThreadPoolExecutor.runWorker(ThreadPoolExecutor.java:1134)
        at java.util.concurrent.ThreadPoolExecutor$Worker.run(ThreadPoolExecutor.java:624)
        at java.lang.Thread.run(Thread.java:750)
"IPC Server handler 6 on default port 41695" daemon prio=5 tid=1807 timed_waiting
java.lang.Thread.State: TIMED_WAITING
        at sun.misc.Unsafe.park(Native Method)
        at java.util.concurrent.locks.LockSupport.parkNanos(LockSupport.java:215)
        at java.util.concurrent.locks.AbstractQueuedSynchronizer$ConditionObject.awaitNanos(AbstractQueuedSynchronizer.java:2083)
        at java.util.concurrent.LinkedBlockingQueue.poll(LinkedBlockingQueue.java:467)
        at org.apache.hadoop.ipc.CallQueueManager.take(CallQueueManager.java:317)
        at org.apache.hadoop.ipc.Server$Handler.run(Server.java:2932)
"IPC Server handler 14 on default port 46755" daemon prio=5 tid=1328 timed_waiting
java.lang.Thread.State: TIMED_WAITING
        at sun.misc.Unsafe.park(Native Method)
        at java.util.concurrent.locks.LockSupport.parkNanos(LockSupport.java:215)
        at java.util.concurrent.locks.AbstractQueuedSynchronizer$ConditionObject.awaitNanos(AbstractQueuedSynchronizer.java:2083)
        at java.util.concurrent.LinkedBlockingQueue.poll(LinkedBlockingQueue.java:467)
        at org.apache.hadoop.ipc.CallQueueManager.take(CallQueueManager.java:317)
        at org.apache.hadoop.ipc.Server$Handler.run(Server.java:2932)
"IPC Server handler 15 on default port 38511" daemon prio=5 tid=1742 timed_waiting
java.lang.Thread.State: TIMED_WAITING
        at sun.misc.Unsafe.park(Native Method)
        at java.util.concurrent.locks.LockSupport.parkNanos(LockSupport.java:215)
        at java.util.concurrent.locks.AbstractQueuedSynchronizer$ConditionObject.awaitNanos(AbstractQueuedSynchronizer.java:2083)
        at java.util.concurrent.LinkedBlockingQueue.poll(LinkedBlockingQueue.java:467)
        at org.apache.hadoop.ipc.CallQueueManager.take(CallQueueManager.java:317)
        at org.apache.hadoop.ipc.Server$Handler.run(Server.java:2932)
"Command processor thread" daemon prio=5 tid=1488 timed_waiting
java.lang.Thread.State: TIMED_WAITING
        at java.lang.Thread.sleep(Native Method)
        at org.apache.hadoop.ozone.container.common.statemachine.DatanodeStateMachine.lambda$initCommandHandlerThread$3(DatanodeStateMachine.java:628)
        at org.apache.hadoop.ozone.container.common.statemachine.DatanodeStateMachine$$Lambda$1009/1602742276.run(Unknown Source)
        at java.lang.Thread.run(Thread.java:750)
"qtp1228228474-1793-acceptor-0@23f0aa03-ServerConnector@4453299e{HTTP/1.1, (http/1.1)}{0.0.0.0:37537}" daemon prio=3 tid=1793 runnable
java.lang.Thread.State: RUNNABLE
        at sun.nio.ch.ServerSocketChannelImpl.accept0(Native Method)
        at sun.nio.ch.ServerSocketChannelImpl.accept(ServerSocketChannelImpl.java:421)
        at sun.nio.ch.ServerSocketChannelImpl.accept(ServerSocketChannelImpl.java:249)
        at org.eclipse.jetty.server.ServerConnector.accept(ServerConnector.java:388)
        at org.eclipse.jetty.server.AbstractConnector$Acceptor.run(AbstractConnector.java:702)
        at org.eclipse.jetty.util.thread.QueuedThreadPool.runJob(QueuedThreadPool.java:883)
        at org.eclipse.jetty.util.thread.QueuedThreadPool$Runner.run(QueuedThreadPool.java:1034)
        at java.lang.Thread.run(Thread.java:750)
"74f1d438-0997-4634-9c34-91afcc4dae77@group-20B7CEE0DF6D-LeaderStateImpl" daemon prio=5 tid=1669 timed_waiting
java.lang.Thread.State: TIMED_WAITING
        at sun.misc.Unsafe.park(Native Method)
        at java.util.concurrent.locks.LockSupport.parkNanos(LockSupport.java:215)
        at java.util.concurrent.locks.AbstractQueuedSynchronizer$ConditionObject.awaitNanos(AbstractQueuedSynchronizer.java:2083)
        at java.util.concurrent.ArrayBlockingQueue.poll(ArrayBlockingQueue.java:418)
        at org.apache.ratis.server.impl.LeaderStateImpl$EventQueue.poll(LeaderStateImpl.java:159)
        at org.apache.ratis.server.impl.LeaderStateImpl$EventProcessor.run(LeaderStateImpl.java:630)
"IPC Server handler 5 on default port 38039" daemon prio=5 tid=1202 timed_waiting
java.lang.Thread.State: TIMED_WAITING
        at sun.misc.Unsafe.park(Native Method)
        at java.util.concurrent.locks.LockSupport.parkNanos(LockSupport.java:215)
        at java.util.concurrent.locks.AbstractQueuedSynchronizer$ConditionObject.awaitNanos(AbstractQueuedSynchronizer.java:2083)
        at java.util.concurrent.LinkedBlockingQueue.poll(LinkedBlockingQueue.java:467)
        at org.apache.hadoop.ipc.CallQueueManager.take(CallQueueManager.java:317)
        at org.apache.hadoop.ipc.Server$Handler.run(Server.java:2932)
"IPC Server handler 28 on default port 46755" daemon prio=5 tid=1342 timed_waiting
java.lang.Thread.State: TIMED_WAITING
        at sun.misc.Unsafe.park(Native Method)
        at java.util.concurrent.locks.LockSupport.parkNanos(LockSupport.java:215)
        at java.util.concurrent.locks.AbstractQueuedSynchronizer$ConditionObject.awaitNanos(AbstractQueuedSynchronizer.java:2083)
        at java.util.concurrent.LinkedBlockingQueue.poll(LinkedBlockingQueue.java:467)
        at org.apache.hadoop.ipc.CallQueueManager.take(CallQueueManager.java:317)
        at org.apache.hadoop.ipc.Server$Handler.run(Server.java:2932)
"IPC Server idle connection scanner for port 39853" daemon prio=5 tid=1090 timed_waiting
java.lang.Thread.State: TIMED_WAITING
        at java.lang.Object.wait(Native Method)
        at java.util.TimerThread.mainLoop(Timer.java:552)
        at java.util.TimerThread.run(Timer.java:505)
"IPC Server handler 62 on default port 38039" daemon prio=5 tid=1259 timed_waiting
java.lang.Thread.State: TIMED_WAITING
        at sun.misc.Unsafe.park(Native Method)
        at java.util.concurrent.locks.LockSupport.parkNanos(LockSupport.java:215)
        at java.util.concurrent.locks.AbstractQueuedSynchronizer$ConditionObject.awaitNanos(AbstractQueuedSynchronizer.java:2083)
        at java.util.concurrent.LinkedBlockingQueue.poll(LinkedBlockingQueue.java:467)
        at org.apache.hadoop.ipc.CallQueueManager.take(CallQueueManager.java:317)
        at org.apache.hadoop.ipc.Server$Handler.run(Server.java:2932)
"IPC Server handler 16 on default port 39853" daemon prio=5 tid=1113 timed_waiting
java.lang.Thread.State: TIMED_WAITING
        at sun.misc.Unsafe.park(Native Method)
        at java.util.concurrent.locks.LockSupport.parkNanos(LockSupport.java:215)
        at java.util.concurrent.locks.AbstractQueuedSynchronizer$ConditionObject.awaitNanos(AbstractQueuedSynchronizer.java:2083)
        at java.util.concurrent.LinkedBlockingQueue.poll(LinkedBlockingQueue.java:467)
        at org.apache.hadoop.ipc.CallQueueManager.take(CallQueueManager.java:317)
        at org.apache.hadoop.ipc.Server$Handler.run(Server.java:2932)
"IPC Server handler 84 on default port 38039" daemon prio=5 tid=1281 timed_waiting
java.lang.Thread.State: TIMED_WAITING
        at sun.misc.Unsafe.park(Native Method)
        at java.util.concurrent.locks.LockSupport.parkNanos(LockSupport.java:215)
        at java.util.concurrent.locks.AbstractQueuedSynchronizer$ConditionObject.awaitNanos(AbstractQueuedSynchronizer.java:2083)
        at java.util.concurrent.LinkedBlockingQueue.poll(LinkedBlockingQueue.java:467)
        at org.apache.hadoop.ipc.CallQueueManager.take(CallQueueManager.java:317)
        at org.apache.hadoop.ipc.Server$Handler.run(Server.java:2932)
"PartialTableCache Cleanup Thread - 0" daemon prio=5 tid=1688 in Object.wait()
java.lang.Thread.State: WAITING (on object monitor)
        at sun.misc.Unsafe.park(Native Method)
        at java.util.concurrent.locks.LockSupport.park(LockSupport.java:175)
        at java.util.concurrent.locks.AbstractQueuedSynchronizer$ConditionObject.await(AbstractQueuedSynchronizer.java:2044)
        at java.util.concurrent.LinkedBlockingQueue.take(LinkedBlockingQueue.java:442)
        at java.util.concurrent.ThreadPoolExecutor.getTask(ThreadPoolExecutor.java:1074)
        at java.util.concurrent.ThreadPoolExecutor.runWorker(ThreadPoolExecutor.java:1134)
        at java.util.concurrent.ThreadPoolExecutor$Worker.run(ThreadPoolExecutor.java:624)
        at java.lang.Thread.run(Thread.java:750)
"IPC Server handler 48 on default port 46755" daemon prio=5 tid=1362 timed_waiting
java.lang.Thread.State: TIMED_WAITING
        at sun.misc.Unsafe.park(Native Method)
        at java.util.concurrent.locks.LockSupport.parkNanos(LockSupport.java:215)
        at java.util.concurrent.locks.AbstractQueuedSynchronizer$ConditionObject.awaitNanos(AbstractQueuedSynchronizer.java:2083)
        at java.util.concurrent.LinkedBlockingQueue.poll(LinkedBlockingQueue.java:467)
        at org.apache.hadoop.ipc.CallQueueManager.take(CallQueueManager.java:317)
        at org.apache.hadoop.ipc.Server$Handler.run(Server.java:2932)
"IPC Server handler 18 on default port 46755" daemon prio=5 tid=1332 timed_waiting
java.lang.Thread.State: TIMED_WAITING
        at sun.misc.Unsafe.park(Native Method)
        at java.util.concurrent.locks.LockSupport.parkNanos(LockSupport.java:215)
        at java.util.concurrent.locks.AbstractQueuedSynchronizer$ConditionObject.awaitNanos(AbstractQueuedSynchronizer.java:2083)
        at java.util.concurrent.LinkedBlockingQueue.poll(LinkedBlockingQueue.java:467)
        at org.apache.hadoop.ipc.CallQueueManager.take(CallQueueManager.java:317)
        at org.apache.hadoop.ipc.Server$Handler.run(Server.java:2932)
"IPC Server handler 75 on default port 39853" daemon prio=5 tid=1172 timed_waiting
java.lang.Thread.State: TIMED_WAITING
        at sun.misc.Unsafe.park(Native Method)
        at java.util.concurrent.locks.LockSupport.parkNanos(LockSupport.java:215)
        at java.util.concurrent.locks.AbstractQueuedSynchronizer$ConditionObject.awaitNanos(AbstractQueuedSynchronizer.java:2083)
        at java.util.concurrent.LinkedBlockingQueue.poll(LinkedBlockingQueue.java:467)
        at org.apache.hadoop.ipc.CallQueueManager.take(CallQueueManager.java:317)
        at org.apache.hadoop.ipc.Server$Handler.run(Server.java:2932)
"Session-HouseKeeper-14239522-1"  prio=5 tid=1726 timed_waiting
java.lang.Thread.State: TIMED_WAITING
        at sun.misc.Unsafe.park(Native Method)
        at java.util.concurrent.locks.LockSupport.parkNanos(LockSupport.java:215)
        at java.util.concurrent.locks.AbstractQueuedSynchronizer$ConditionObject.awaitNanos(AbstractQueuedSynchronizer.java:2083)
        at java.util.concurrent.ScheduledThreadPoolExecutor$DelayedWorkQueue.take(ScheduledThreadPoolExecutor.java:1093)
        at java.util.concurrent.ScheduledThreadPoolExecutor$DelayedWorkQueue.take(ScheduledThreadPoolExecutor.java:809)
        at java.util.concurrent.ThreadPoolExecutor.getTask(ThreadPoolExecutor.java:1074)
        at java.util.concurrent.ThreadPoolExecutor.runWorker(ThreadPoolExecutor.java:1134)
        at java.util.concurrent.ThreadPoolExecutor$Worker.run(ThreadPoolExecutor.java:624)
        at java.lang.Thread.run(Thread.java:750)
"IPC Server handler 20 on default port 46755" daemon prio=5 tid=1334 timed_waiting
java.lang.Thread.State: TIMED_WAITING
        at sun.misc.Unsafe.park(Native Method)
        at java.util.concurrent.locks.LockSupport.parkNanos(LockSupport.java:215)
        at java.util.concurrent.locks.AbstractQueuedSynchronizer$ConditionObject.awaitNanos(AbstractQueuedSynchronizer.java:2083)
        at java.util.concurrent.LinkedBlockingQueue.poll(LinkedBlockingQueue.java:467)
        at org.apache.hadoop.ipc.CallQueueManager.take(CallQueueManager.java:317)
        at org.apache.hadoop.ipc.Server$Handler.run(Server.java:2932)
"IPC Server handler 66 on default port 46755" daemon prio=5 tid=1380 timed_waiting
java.lang.Thread.State: TIMED_WAITING
        at sun.misc.Unsafe.park(Native Method)
        at java.util.concurrent.locks.LockSupport.parkNanos(LockSupport.java:215)
        at java.util.concurrent.locks.AbstractQueuedSynchronizer$ConditionObject.awaitNanos(AbstractQueuedSynchronizer.java:2083)
        at java.util.concurrent.LinkedBlockingQueue.poll(LinkedBlockingQueue.java:467)
        at org.apache.hadoop.ipc.CallQueueManager.take(CallQueueManager.java:317)
        at org.apache.hadoop.ipc.Server$Handler.run(Server.java:2932)
"IPC Server handler 80 on default port 46755" daemon prio=5 tid=1394 timed_waiting
java.lang.Thread.State: TIMED_WAITING
        at sun.misc.Unsafe.park(Native Method)
        at java.util.concurrent.locks.LockSupport.parkNanos(LockSupport.java:215)
        at java.util.concurrent.locks.AbstractQueuedSynchronizer$ConditionObject.awaitNanos(AbstractQueuedSynchronizer.java:2083)
        at java.util.concurrent.LinkedBlockingQueue.poll(LinkedBlockingQueue.java:467)
        at org.apache.hadoop.ipc.CallQueueManager.take(CallQueueManager.java:317)
        at org.apache.hadoop.ipc.Server$Handler.run(Server.java:2932)
"IPC Server handler 78 on default port 46755" daemon prio=5 tid=1392 timed_waiting
java.lang.Thread.State: TIMED_WAITING
        at sun.misc.Unsafe.park(Native Method)
        at java.util.concurrent.locks.LockSupport.parkNanos(LockSupport.java:215)
        at java.util.concurrent.locks.AbstractQueuedSynchronizer$ConditionObject.awaitNanos(AbstractQueuedSynchronizer.java:2083)
        at java.util.concurrent.LinkedBlockingQueue.poll(LinkedBlockingQueue.java:467)
        at org.apache.hadoop.ipc.CallQueueManager.take(CallQueueManager.java:317)
        at org.apache.hadoop.ipc.Server$Handler.run(Server.java:2932)
"PartialTableCache Cleanup Thread - 0" daemon prio=5 tid=1832 in Object.wait()
java.lang.Thread.State: WAITING (on object monitor)
        at sun.misc.Unsafe.park(Native Method)
        at java.util.concurrent.locks.LockSupport.park(LockSupport.java:175)
        at java.util.concurrent.locks.AbstractQueuedSynchronizer$ConditionObject.await(AbstractQueuedSynchronizer.java:2044)
        at java.util.concurrent.LinkedBlockingQueue.take(LinkedBlockingQueue.java:442)
        at java.util.concurrent.ThreadPoolExecutor.getTask(ThreadPoolExecutor.java:1074)
        at java.util.concurrent.ThreadPoolExecutor.runWorker(ThreadPoolExecutor.java:1134)
        at java.util.concurrent.ThreadPoolExecutor$Worker.run(ThreadPoolExecutor.java:624)
        at java.lang.Thread.run(Thread.java:750)
"EventQueue-CommandQueueReportForCommandQueueReportHandler" daemon prio=5 tid=1593 in Object.wait()
java.lang.Thread.State: WAITING (on object monitor)
        at sun.misc.Unsafe.park(Native Method)
        at java.util.concurrent.locks.LockSupport.park(LockSupport.java:175)
        at java.util.concurrent.locks.AbstractQueuedSynchronizer$ConditionObject.await(AbstractQueuedSynchronizer.java:2044)
        at java.util.concurrent.LinkedBlockingQueue.take(LinkedBlockingQueue.java:442)
        at java.util.concurrent.ThreadPoolExecutor.getTask(ThreadPoolExecutor.java:1074)
        at java.util.concurrent.ThreadPoolExecutor.runWorker(ThreadPoolExecutor.java:1134)
        at java.util.concurrent.ThreadPoolExecutor$Worker.run(ThreadPoolExecutor.java:624)
        at java.lang.Thread.run(Thread.java:750)
"Datanode ReportManager Thread - 3" daemon prio=5 tid=601 timed_waiting
java.lang.Thread.State: TIMED_WAITING
        at sun.misc.Unsafe.park(Native Method)
        at java.util.concurrent.locks.LockSupport.parkNanos(LockSupport.java:215)
        at java.util.concurrent.locks.AbstractQueuedSynchronizer$ConditionObject.awaitNanos(AbstractQueuedSynchronizer.java:2083)
        at java.util.concurrent.ScheduledThreadPoolExecutor$DelayedWorkQueue.take(ScheduledThreadPoolExecutor.java:1093)
        at java.util.concurrent.ScheduledThreadPoolExecutor$DelayedWorkQueue.take(ScheduledThreadPoolExecutor.java:809)
        at java.util.concurrent.ThreadPoolExecutor.getTask(ThreadPoolExecutor.java:1074)
        at java.util.concurrent.ThreadPoolExecutor.runWorker(ThreadPoolExecutor.java:1134)
        at java.util.concurrent.ThreadPoolExecutor$Worker.run(ThreadPoolExecutor.java:624)
        at java.lang.Thread.run(Thread.java:750)
"IPC Server handler 81 on default port 38039" daemon prio=5 tid=1278 timed_waiting
java.lang.Thread.State: TIMED_WAITING
        at sun.misc.Unsafe.park(Native Method)
        at java.util.concurrent.locks.LockSupport.parkNanos(LockSupport.java:215)
        at java.util.concurrent.locks.AbstractQueuedSynchronizer$ConditionObject.awaitNanos(AbstractQueuedSynchronizer.java:2083)
        at java.util.concurrent.LinkedBlockingQueue.poll(LinkedBlockingQueue.java:467)
        at org.apache.hadoop.ipc.CallQueueManager.take(CallQueueManager.java:317)
        at org.apache.hadoop.ipc.Server$Handler.run(Server.java:2932)
"PartialTableCache Cleanup Thread - 0" daemon prio=5 tid=1026 in Object.wait()
java.lang.Thread.State: WAITING (on object monitor)
        at sun.misc.Unsafe.park(Native Method)
        at java.util.concurrent.locks.LockSupport.park(LockSupport.java:175)
        at java.util.concurrent.locks.AbstractQueuedSynchronizer$ConditionObject.await(AbstractQueuedSynchronizer.java:2044)
        at java.util.concurrent.LinkedBlockingQueue.take(LinkedBlockingQueue.java:442)
        at java.util.concurrent.ThreadPoolExecutor.getTask(ThreadPoolExecutor.java:1074)
        at java.util.concurrent.ThreadPoolExecutor.runWorker(ThreadPoolExecutor.java:1134)
        at java.util.concurrent.ThreadPoolExecutor$Worker.run(ThreadPoolExecutor.java:624)
        at java.lang.Thread.run(Thread.java:750)
"IPC Server handler 70 on default port 38039" daemon prio=5 tid=1267 timed_waiting
java.lang.Thread.State: TIMED_WAITING
        at sun.misc.Unsafe.park(Native Method)
        at java.util.concurrent.locks.LockSupport.parkNanos(LockSupport.java:215)
        at java.util.concurrent.locks.AbstractQueuedSynchronizer$ConditionObject.awaitNanos(AbstractQueuedSynchronizer.java:2083)
        at java.util.concurrent.LinkedBlockingQueue.poll(LinkedBlockingQueue.java:467)
        at org.apache.hadoop.ipc.CallQueueManager.take(CallQueueManager.java:317)
        at org.apache.hadoop.ipc.Server$Handler.run(Server.java:2932)
"IPC Server handler 14 on default port 41695" daemon prio=5 tid=1815 timed_waiting
java.lang.Thread.State: TIMED_WAITING
        at sun.misc.Unsafe.park(Native Method)
        at java.util.concurrent.locks.LockSupport.parkNanos(LockSupport.java:215)
        at java.util.concurrent.locks.AbstractQueuedSynchronizer$ConditionObject.awaitNanos(AbstractQueuedSynchronizer.java:2083)
        at java.util.concurrent.LinkedBlockingQueue.poll(LinkedBlockingQueue.java:467)
        at org.apache.hadoop.ipc.CallQueueManager.take(CallQueueManager.java:317)
        at org.apache.hadoop.ipc.Server$Handler.run(Server.java:2932)
"IPC Server handler 61 on default port 46755" daemon prio=5 tid=1375 timed_waiting
java.lang.Thread.State: TIMED_WAITING
        at sun.misc.Unsafe.park(Native Method)
        at java.util.concurrent.locks.LockSupport.parkNanos(LockSupport.java:215)
        at java.util.concurrent.locks.AbstractQueuedSynchronizer$ConditionObject.awaitNanos(AbstractQueuedSynchronizer.java:2083)
        at java.util.concurrent.LinkedBlockingQueue.poll(LinkedBlockingQueue.java:467)
        at org.apache.hadoop.ipc.CallQueueManager.take(CallQueueManager.java:317)
        at org.apache.hadoop.ipc.Server$Handler.run(Server.java:2932)
"IPC Server handler 94 on default port 39853" daemon prio=5 tid=1191 timed_waiting
java.lang.Thread.State: TIMED_WAITING
        at sun.misc.Unsafe.park(Native Method)
        at java.util.concurrent.locks.LockSupport.parkNanos(LockSupport.java:215)
        at java.util.concurrent.locks.AbstractQueuedSynchronizer$ConditionObject.awaitNanos(AbstractQueuedSynchronizer.java:2083)
        at java.util.concurrent.LinkedBlockingQueue.poll(LinkedBlockingQueue.java:467)
        at org.apache.hadoop.ipc.CallQueueManager.take(CallQueueManager.java:317)
        at org.apache.hadoop.ipc.Server$Handler.run(Server.java:2932)
"IPC Server handler 99 on default port 46755" daemon prio=5 tid=1413 timed_waiting
java.lang.Thread.State: TIMED_WAITING
        at sun.misc.Unsafe.park(Native Method)
        at java.util.concurrent.locks.LockSupport.parkNanos(LockSupport.java:215)
        at java.util.concurrent.locks.AbstractQueuedSynchronizer$ConditionObject.awaitNanos(AbstractQueuedSynchronizer.java:2083)
        at java.util.concurrent.LinkedBlockingQueue.poll(LinkedBlockingQueue.java:467)
        at org.apache.hadoop.ipc.CallQueueManager.take(CallQueueManager.java:317)
        at org.apache.hadoop.ipc.Server$Handler.run(Server.java:2932)
"IPC Server handler 8 on default port 39853" daemon prio=5 tid=1105 timed_waiting
java.lang.Thread.State: TIMED_WAITING
        at sun.misc.Unsafe.park(Native Method)
        at java.util.concurrent.locks.LockSupport.parkNanos(LockSupport.java:215)
        at java.util.concurrent.locks.AbstractQueuedSynchronizer$ConditionObject.awaitNanos(AbstractQueuedSynchronizer.java:2083)
        at java.util.concurrent.LinkedBlockingQueue.poll(LinkedBlockingQueue.java:467)
        at org.apache.hadoop.ipc.CallQueueManager.take(CallQueueManager.java:317)
        at org.apache.hadoop.ipc.Server$Handler.run(Server.java:2932)
"org.apache.ratis.util.JvmPauseMonitor$$Lambda$605/1445225850@4e49f028" daemon prio=5 tid=1786 timed_waiting
java.lang.Thread.State: TIMED_WAITING
        at java.lang.Thread.sleep(Native Method)
        at java.lang.Thread.sleep(Thread.java:342)
        at java.util.concurrent.TimeUnit.sleep(TimeUnit.java:386)
        at org.apache.ratis.util.TimeDuration.sleep(TimeDuration.java:325)
        at org.apache.ratis.util.TimeDuration.sleep(TimeDuration.java:310)
        at org.apache.ratis.util.JvmPauseMonitor.detectPause(JvmPauseMonitor.java:117)
        at org.apache.ratis.util.JvmPauseMonitor.run(JvmPauseMonitor.java:106)
        at org.apache.ratis.util.JvmPauseMonitor$$Lambda$605/1445225850.run(Unknown Source)
        at java.lang.Thread.run(Thread.java:750)
"qtp1228228474-1792" daemon prio=5 tid=1792 runnable
java.lang.Thread.State: RUNNABLE
        at sun.nio.ch.EPollArrayWrapper.epollWait(Native Method)
        at sun.nio.ch.EPollArrayWrapper.poll(EPollArrayWrapper.java:269)
        at sun.nio.ch.EPollSelectorImpl.doSelect(EPollSelectorImpl.java:93)
        at sun.nio.ch.SelectorImpl.lockAndDoSelect(SelectorImpl.java:86)
        at sun.nio.ch.SelectorImpl.select(SelectorImpl.java:97)
        at sun.nio.ch.SelectorImpl.select(SelectorImpl.java:101)
        at org.eclipse.jetty.io.ManagedSelector.nioSelect(ManagedSelector.java:183)
        at org.eclipse.jetty.io.ManagedSelector.select(ManagedSelector.java:190)
        at org.eclipse.jetty.io.ManagedSelector$SelectorProducer.select(ManagedSelector.java:606)
        at org.eclipse.jetty.io.ManagedSelector$SelectorProducer.produce(ManagedSelector.java:543)
        at org.eclipse.jetty.util.thread.strategy.EatWhatYouKill.produceTask(EatWhatYouKill.java:362)
        at org.eclipse.jetty.util.thread.strategy.EatWhatYouKill.doProduce(EatWhatYouKill.java:186)
        at org.eclipse.jetty.util.thread.strategy.EatWhatYouKill.tryProduce(EatWhatYouKill.java:173)
        at org.eclipse.jetty.util.thread.strategy.EatWhatYouKill.produce(EatWhatYouKill.java:137)
        at org.eclipse.jetty.io.ManagedSelector$$Lambda$821/156203431.run(Unknown Source)
        at org.eclipse.jetty.util.thread.QueuedThreadPool.runJob(QueuedThreadPool.java:883)
        at org.eclipse.jetty.util.thread.QueuedThreadPool$Runner.run(QueuedThreadPool.java:1034)
        at java.lang.Thread.run(Thread.java:750)
"IPC Server handler 94 on default port 46755" daemon prio=5 tid=1408 timed_waiting
java.lang.Thread.State: TIMED_WAITING
        at sun.misc.Unsafe.park(Native Method)
        at java.util.concurrent.locks.LockSupport.parkNanos(LockSupport.java:215)
        at java.util.concurrent.locks.AbstractQueuedSynchronizer$ConditionObject.awaitNanos(AbstractQueuedSynchronizer.java:2083)
        at java.util.concurrent.LinkedBlockingQueue.poll(LinkedBlockingQueue.java:467)
        at org.apache.hadoop.ipc.CallQueueManager.take(CallQueueManager.java:317)
        at org.apache.hadoop.ipc.Server$Handler.run(Server.java:2932)
"IPC Server handler 62 on default port 46755" daemon prio=5 tid=1376 timed_waiting
java.lang.Thread.State: TIMED_WAITING
        at sun.misc.Unsafe.park(Native Method)
        at java.util.concurrent.locks.LockSupport.parkNanos(LockSupport.java:215)
        at java.util.concurrent.locks.AbstractQueuedSynchronizer$ConditionObject.awaitNanos(AbstractQueuedSynchronizer.java:2083)
        at java.util.concurrent.LinkedBlockingQueue.poll(LinkedBlockingQueue.java:467)
        at org.apache.hadoop.ipc.CallQueueManager.take(CallQueueManager.java:317)
        at org.apache.hadoop.ipc.Server$Handler.run(Server.java:2932)
"qtp1429090825-1720" daemon prio=5 tid=1720 timed_waiting
java.lang.Thread.State: TIMED_WAITING
        at sun.misc.Unsafe.park(Native Method)
        at java.util.concurrent.locks.LockSupport.parkNanos(LockSupport.java:215)
        at java.util.concurrent.locks.AbstractQueuedSynchronizer$ConditionObject.awaitNanos(AbstractQueuedSynchronizer.java:2083)
        at org.eclipse.jetty.util.BlockingArrayQueue.poll(BlockingArrayQueue.java:382)
        at org.eclipse.jetty.util.thread.QueuedThreadPool$Runner.idleJobPoll(QueuedThreadPool.java:974)
        at org.eclipse.jetty.util.thread.QueuedThreadPool$Runner.run(QueuedThreadPool.java:1018)
        at java.lang.Thread.run(Thread.java:750)
"IPC Client (21116901) connection to /127.0.0.1:46755 from runner" daemon prio=5 tid=1547 timed_waiting
java.lang.Thread.State: TIMED_WAITING
        at java.lang.Object.wait(Native Method)
        at org.apache.hadoop.ipc.Client$Connection.waitForWork(Client.java:1053)
        at org.apache.hadoop.ipc.Client$Connection.run(Client.java:1097)
"omNode-bootstrap-2@group-0AAC5367B30E-FollowerState" daemon prio=5 tid=2039 timed_waiting
java.lang.Thread.State: TIMED_WAITING
        at java.lang.Thread.sleep(Native Method)
        at java.lang.Thread.sleep(Thread.java:342)
        at java.util.concurrent.TimeUnit.sleep(TimeUnit.java:386)
        at org.apache.ratis.util.TimeDuration.sleep(TimeDuration.java:325)
        at org.apache.ratis.util.TimeDuration.sleep(TimeDuration.java:310)
        at org.apache.ratis.server.impl.FollowerState.run(FollowerState.java:128)
"IPC Server handler 67 on default port 46755" daemon prio=5 tid=1381 timed_waiting
java.lang.Thread.State: TIMED_WAITING
        at sun.misc.Unsafe.park(Native Method)
        at java.util.concurrent.locks.LockSupport.parkNanos(LockSupport.java:215)
        at java.util.concurrent.locks.AbstractQueuedSynchronizer$ConditionObject.awaitNanos(AbstractQueuedSynchronizer.java:2083)
        at java.util.concurrent.LinkedBlockingQueue.poll(LinkedBlockingQueue.java:467)
        at org.apache.hadoop.ipc.CallQueueManager.take(CallQueueManager.java:317)
        at org.apache.hadoop.ipc.Server$Handler.run(Server.java:2932)
"FullTableCache Cleanup Thread - 0" daemon prio=5 tid=1833 in Object.wait()
java.lang.Thread.State: WAITING (on object monitor)
        at sun.misc.Unsafe.park(Native Method)
        at java.util.concurrent.locks.LockSupport.park(LockSupport.java:175)
        at java.util.concurrent.locks.AbstractQueuedSynchronizer$ConditionObject.await(AbstractQueuedSynchronizer.java:2044)
        at java.util.concurrent.LinkedBlockingQueue.take(LinkedBlockingQueue.java:442)
        at java.util.concurrent.ThreadPoolExecutor.getTask(ThreadPoolExecutor.java:1074)
        at java.util.concurrent.ThreadPoolExecutor.runWorker(ThreadPoolExecutor.java:1134)
        at java.util.concurrent.ThreadPoolExecutor$Worker.run(ThreadPoolExecutor.java:624)
        at java.lang.Thread.run(Thread.java:750)
"74f1d438-0997-4634-9c34-91afcc4dae77@group-26218CACBD25-SegmentedRaftLogWorker"  prio=5 tid=1599 timed_waiting
java.lang.Thread.State: TIMED_WAITING
        at sun.misc.Unsafe.park(Native Method)
        at java.util.concurrent.locks.LockSupport.parkNanos(LockSupport.java:215)
        at java.util.concurrent.locks.AbstractQueuedSynchronizer$ConditionObject.awaitNanos(AbstractQueuedSynchronizer.java:2083)
        at org.apache.ratis.util.DataBlockingQueue.poll(DataBlockingQueue.java:148)
        at org.apache.ratis.server.raftlog.segmented.SegmentedRaftLogWorker.run(SegmentedRaftLogWorker.java:301)
        at org.apache.ratis.server.raftlog.segmented.SegmentedRaftLogWorker$$Lambda$535/466484985.run(Unknown Source)
        at java.lang.Thread.run(Thread.java:750)
"IPC Server handler 26 on default port 46755" daemon prio=5 tid=1340 timed_waiting
java.lang.Thread.State: TIMED_WAITING
        at sun.misc.Unsafe.park(Native Method)
        at java.util.concurrent.locks.LockSupport.parkNanos(LockSupport.java:215)
        at java.util.concurrent.locks.AbstractQueuedSynchronizer$ConditionObject.awaitNanos(AbstractQueuedSynchronizer.java:2083)
        at java.util.concurrent.LinkedBlockingQueue.poll(LinkedBlockingQueue.java:467)
        at org.apache.hadoop.ipc.CallQueueManager.take(CallQueueManager.java:317)
        at org.apache.hadoop.ipc.Server$Handler.run(Server.java:2932)
"ExpiredContainerReplicaOpScrubberThread" daemon prio=5 tid=1075 timed_waiting
java.lang.Thread.State: TIMED_WAITING
        at java.lang.Object.wait(Native Method)
        at org.apache.hadoop.hdds.scm.ha.BackgroundSCMService.run(BackgroundSCMService.java:110)
        at org.apache.hadoop.hdds.scm.ha.BackgroundSCMService$$Lambda$756/700973385.run(Unknown Source)
        at java.lang.Thread.run(Thread.java:750)
"ChunkWriter-3-0" daemon prio=5 tid=1563 in Object.wait()
java.lang.Thread.State: WAITING (on object monitor)
        at sun.misc.Unsafe.park(Native Method)
        at java.util.concurrent.locks.LockSupport.park(LockSupport.java:175)
        at java.util.concurrent.locks.AbstractQueuedSynchronizer$ConditionObject.await(AbstractQueuedSynchronizer.java:2044)
        at java.util.concurrent.LinkedBlockingDeque.takeFirst(LinkedBlockingDeque.java:492)
        at java.util.concurrent.LinkedBlockingDeque.take(LinkedBlockingDeque.java:680)
        at java.util.concurrent.ThreadPoolExecutor.getTask(ThreadPoolExecutor.java:1074)
        at java.util.concurrent.ThreadPoolExecutor.runWorker(ThreadPoolExecutor.java:1134)
        at java.util.concurrent.ThreadPoolExecutor$Worker.run(ThreadPoolExecutor.java:624)
        at java.lang.Thread.run(Thread.java:750)
"IPC Server handler 76 on default port 39853" daemon prio=5 tid=1173 timed_waiting
java.lang.Thread.State: TIMED_WAITING
        at sun.misc.Unsafe.park(Native Method)
        at java.util.concurrent.locks.LockSupport.parkNanos(LockSupport.java:215)
        at java.util.concurrent.locks.AbstractQueuedSynchronizer$ConditionObject.awaitNanos(AbstractQueuedSynchronizer.java:2083)
        at java.util.concurrent.LinkedBlockingQueue.poll(LinkedBlockingQueue.java:467)
        at org.apache.hadoop.ipc.CallQueueManager.take(CallQueueManager.java:317)
        at org.apache.hadoop.ipc.Server$Handler.run(Server.java:2932)
"Datanode ReportManager Thread - 4" daemon prio=5 tid=602 in Object.wait()
java.lang.Thread.State: WAITING (on object monitor)
        at sun.misc.Unsafe.park(Native Method)
        at java.util.concurrent.locks.LockSupport.park(LockSupport.java:175)
        at java.util.concurrent.locks.AbstractQueuedSynchronizer$ConditionObject.await(AbstractQueuedSynchronizer.java:2044)
        at java.util.concurrent.ScheduledThreadPoolExecutor$DelayedWorkQueue.take(ScheduledThreadPoolExecutor.java:1088)
        at java.util.concurrent.ScheduledThreadPoolExecutor$DelayedWorkQueue.take(ScheduledThreadPoolExecutor.java:809)
        at java.util.concurrent.ThreadPoolExecutor.getTask(ThreadPoolExecutor.java:1074)
        at java.util.concurrent.ThreadPoolExecutor.runWorker(ThreadPoolExecutor.java:1134)
        at java.util.concurrent.ThreadPoolExecutor$Worker.run(ThreadPoolExecutor.java:624)
        at java.lang.Thread.run(Thread.java:750)
"IPC Server handler 11 on default port 38511" daemon prio=5 tid=1738 timed_waiting
java.lang.Thread.State: TIMED_WAITING
        at sun.misc.Unsafe.park(Native Method)
        at java.util.concurrent.locks.LockSupport.parkNanos(LockSupport.java:215)
        at java.util.concurrent.locks.AbstractQueuedSynchronizer$ConditionObject.awaitNanos(AbstractQueuedSynchronizer.java:2083)
        at java.util.concurrent.LinkedBlockingQueue.poll(LinkedBlockingQueue.java:467)
        at org.apache.hadoop.ipc.CallQueueManager.take(CallQueueManager.java:317)
        at org.apache.hadoop.ipc.Server$Handler.run(Server.java:2932)
"Datanode State Machine Task Thread - 0"  prio=5 tid=1544 in Object.wait()
java.lang.Thread.State: WAITING (on object monitor)
        at sun.misc.Unsafe.park(Native Method)
        at java.util.concurrent.locks.LockSupport.park(LockSupport.java:175)
        at java.util.concurrent.locks.AbstractQueuedSynchronizer$ConditionObject.await(AbstractQueuedSynchronizer.java:2044)
        at java.util.concurrent.LinkedBlockingQueue.take(LinkedBlockingQueue.java:442)
        at java.util.concurrent.ThreadPoolExecutor.getTask(ThreadPoolExecutor.java:1074)
        at java.util.concurrent.ThreadPoolExecutor.runWorker(ThreadPoolExecutor.java:1134)
        at java.util.concurrent.ThreadPoolExecutor$Worker.run(ThreadPoolExecutor.java:624)
        at java.lang.Thread.run(Thread.java:750)
"IPC Server handler 65 on default port 38039" daemon prio=5 tid=1262 timed_waiting
java.lang.Thread.State: TIMED_WAITING
        at sun.misc.Unsafe.park(Native Method)
        at java.util.concurrent.locks.LockSupport.parkNanos(LockSupport.java:215)
        at java.util.concurrent.locks.AbstractQueuedSynchronizer$ConditionObject.awaitNanos(AbstractQueuedSynchronizer.java:2083)
        at java.util.concurrent.LinkedBlockingQueue.poll(LinkedBlockingQueue.java:467)
        at org.apache.hadoop.ipc.CallQueueManager.take(CallQueueManager.java:317)
        at org.apache.hadoop.ipc.Server$Handler.run(Server.java:2932)
"PartialTableCache Cleanup Thread - 0" daemon prio=5 tid=865 in Object.wait()
java.lang.Thread.State: WAITING (on object monitor)
        at sun.misc.Unsafe.park(Native Method)
        at java.util.concurrent.locks.LockSupport.park(LockSupport.java:175)
        at java.util.concurrent.locks.AbstractQueuedSynchronizer$ConditionObject.await(AbstractQueuedSynchronizer.java:2044)
        at java.util.concurrent.LinkedBlockingQueue.take(LinkedBlockingQueue.java:442)
        at java.util.concurrent.ThreadPoolExecutor.getTask(ThreadPoolExecutor.java:1074)
        at java.util.concurrent.ThreadPoolExecutor.runWorker(ThreadPoolExecutor.java:1134)
        at java.util.concurrent.ThreadPoolExecutor$Worker.run(ThreadPoolExecutor.java:624)
        at java.lang.Thread.run(Thread.java:750)
"BlockDeletingService#0" daemon prio=5 tid=1578 timed_waiting
java.lang.Thread.State: TIMED_WAITING
        at sun.misc.Unsafe.park(Native Method)
        at java.util.concurrent.locks.LockSupport.parkNanos(LockSupport.java:215)
        at java.util.concurrent.locks.AbstractQueuedSynchronizer$ConditionObject.awaitNanos(AbstractQueuedSynchronizer.java:2083)
        at java.util.concurrent.ScheduledThreadPoolExecutor$DelayedWorkQueue.take(ScheduledThreadPoolExecutor.java:1093)
        at java.util.concurrent.ScheduledThreadPoolExecutor$DelayedWorkQueue.take(ScheduledThreadPoolExecutor.java:809)
        at java.util.concurrent.ThreadPoolExecutor.getTask(ThreadPoolExecutor.java:1074)
        at java.util.concurrent.ThreadPoolExecutor.runWorker(ThreadPoolExecutor.java:1134)
        at java.util.concurrent.ThreadPoolExecutor$Worker.run(ThreadPoolExecutor.java:624)
        at java.lang.Thread.run(Thread.java:750)
"IPC Server handler 69 on default port 38039" daemon prio=5 tid=1266 timed_waiting
java.lang.Thread.State: TIMED_WAITING
        at sun.misc.Unsafe.park(Native Method)
        at java.util.concurrent.locks.LockSupport.parkNanos(LockSupport.java:215)
        at java.util.concurrent.locks.AbstractQueuedSynchronizer$ConditionObject.awaitNanos(AbstractQueuedSynchronizer.java:2083)
        at java.util.concurrent.LinkedBlockingQueue.poll(LinkedBlockingQueue.java:467)
        at org.apache.hadoop.ipc.CallQueueManager.take(CallQueueManager.java:317)
        at org.apache.hadoop.ipc.Server$Handler.run(Server.java:2932)
"IPC Server handler 87 on default port 46755" daemon prio=5 tid=1401 timed_waiting
java.lang.Thread.State: TIMED_WAITING
        at sun.misc.Unsafe.park(Native Method)
        at java.util.concurrent.locks.LockSupport.parkNanos(LockSupport.java:215)
        at java.util.concurrent.locks.AbstractQueuedSynchronizer$ConditionObject.awaitNanos(AbstractQueuedSynchronizer.java:2083)
        at java.util.concurrent.LinkedBlockingQueue.poll(LinkedBlockingQueue.java:467)
        at org.apache.hadoop.ipc.CallQueueManager.take(CallQueueManager.java:317)
        at org.apache.hadoop.ipc.Server$Handler.run(Server.java:2932)
"IPC Server handler 62 on default port 39853" daemon prio=5 tid=1159 timed_waiting
java.lang.Thread.State: TIMED_WAITING
        at sun.misc.Unsafe.park(Native Method)
        at java.util.concurrent.locks.LockSupport.parkNanos(LockSupport.java:215)
        at java.util.concurrent.locks.AbstractQueuedSynchronizer$ConditionObject.awaitNanos(AbstractQueuedSynchronizer.java:2083)
        at java.util.concurrent.LinkedBlockingQueue.poll(LinkedBlockingQueue.java:467)
        at org.apache.hadoop.ipc.CallQueueManager.take(CallQueueManager.java:317)
        at org.apache.hadoop.ipc.Server$Handler.run(Server.java:2932)
"IPC Server handler 60 on default port 39853" daemon prio=5 tid=1157 timed_waiting
java.lang.Thread.State: TIMED_WAITING
        at sun.misc.Unsafe.park(Native Method)
        at java.util.concurrent.locks.LockSupport.parkNanos(LockSupport.java:215)
        at java.util.concurrent.locks.AbstractQueuedSynchronizer$ConditionObject.awaitNanos(AbstractQueuedSynchronizer.java:2083)
        at java.util.concurrent.LinkedBlockingQueue.poll(LinkedBlockingQueue.java:467)
        at org.apache.hadoop.ipc.CallQueueManager.take(CallQueueManager.java:317)
        at org.apache.hadoop.ipc.Server$Handler.run(Server.java:2932)
"c0693ef0-230a-48dd-aa8a-44a8c3878b49@group-F47393CAD38E-StateMachineUpdater" daemon prio=5 tid=1625 timed_waiting
java.lang.Thread.State: TIMED_WAITING
        at sun.misc.Unsafe.park(Native Method)
        at java.util.concurrent.locks.LockSupport.parkNanos(LockSupport.java:215)
        at java.util.concurrent.CompletableFuture$Signaller.block(CompletableFuture.java:1709)
        at java.util.concurrent.ForkJoinPool.managedBlock(ForkJoinPool.java:3323)
        at java.util.concurrent.CompletableFuture.timedGet(CompletableFuture.java:1788)
        at java.util.concurrent.CompletableFuture.get(CompletableFuture.java:1928)
        at org.apache.ratis.util.AwaitForSignal.await(AwaitForSignal.java:56)
        at org.apache.ratis.server.impl.StateMachineUpdater.waitForCommit(StateMachineUpdater.java:207)
        at org.apache.ratis.server.impl.StateMachineUpdater.run(StateMachineUpdater.java:176)
        at java.lang.Thread.run(Thread.java:750)
"Datanode ReportManager Thread - 3" daemon prio=5 tid=574 timed_waiting
java.lang.Thread.State: TIMED_WAITING
        at sun.misc.Unsafe.park(Native Method)
        at java.util.concurrent.locks.LockSupport.parkNanos(LockSupport.java:215)
        at java.util.concurrent.locks.AbstractQueuedSynchronizer$ConditionObject.awaitNanos(AbstractQueuedSynchronizer.java:2083)
        at java.util.concurrent.ScheduledThreadPoolExecutor$DelayedWorkQueue.take(ScheduledThreadPoolExecutor.java:1093)
        at java.util.concurrent.ScheduledThreadPoolExecutor$DelayedWorkQueue.take(ScheduledThreadPoolExecutor.java:809)
        at java.util.concurrent.ThreadPoolExecutor.getTask(ThreadPoolExecutor.java:1074)
        at java.util.concurrent.ThreadPoolExecutor.runWorker(ThreadPoolExecutor.java:1134)
        at java.util.concurrent.ThreadPoolExecutor$Worker.run(ThreadPoolExecutor.java:624)
        at java.lang.Thread.run(Thread.java:750)
"qtp1711379780-1479" daemon prio=5 tid=1479 timed_waiting
java.lang.Thread.State: TIMED_WAITING
        at sun.misc.Unsafe.park(Native Method)
        at java.util.concurrent.locks.LockSupport.parkNanos(LockSupport.java:215)
        at java.util.concurrent.locks.AbstractQueuedSynchronizer$ConditionObject.awaitNanos(AbstractQueuedSynchronizer.java:2083)
        at org.eclipse.jetty.util.BlockingArrayQueue.poll(BlockingArrayQueue.java:382)
        at org.eclipse.jetty.util.thread.QueuedThreadPool$Runner.idleJobPoll(QueuedThreadPool.java:974)
        at org.eclipse.jetty.util.thread.QueuedThreadPool$Runner.run(QueuedThreadPool.java:1018)
        at java.lang.Thread.run(Thread.java:750)
"IPC Server handler 30 on default port 38039" daemon prio=5 tid=1227 timed_waiting
java.lang.Thread.State: TIMED_WAITING
        at sun.misc.Unsafe.park(Native Method)
        at java.util.concurrent.locks.LockSupport.parkNanos(LockSupport.java:215)
        at java.util.concurrent.locks.AbstractQueuedSynchronizer$ConditionObject.awaitNanos(AbstractQueuedSynchronizer.java:2083)
        at java.util.concurrent.LinkedBlockingQueue.poll(LinkedBlockingQueue.java:467)
        at org.apache.hadoop.ipc.CallQueueManager.take(CallQueueManager.java:317)
        at org.apache.hadoop.ipc.Server$Handler.run(Server.java:2932)
"FullTableCache Cleanup Thread - 0" daemon prio=5 tid=1685 in Object.wait()
java.lang.Thread.State: WAITING (on object monitor)
        at sun.misc.Unsafe.park(Native Method)
        at java.util.concurrent.locks.LockSupport.park(LockSupport.java:175)
        at java.util.concurrent.locks.AbstractQueuedSynchronizer$ConditionObject.await(AbstractQueuedSynchronizer.java:2044)
        at java.util.concurrent.LinkedBlockingQueue.take(LinkedBlockingQueue.java:442)
        at java.util.concurrent.ThreadPoolExecutor.getTask(ThreadPoolExecutor.java:1074)
        at java.util.concurrent.ThreadPoolExecutor.runWorker(ThreadPoolExecutor.java:1134)
        at java.util.concurrent.ThreadPoolExecutor$Worker.run(ThreadPoolExecutor.java:624)
        at java.lang.Thread.run(Thread.java:750)
"IPC Server handler 1 on default port 46755" daemon prio=5 tid=1315 timed_waiting
java.lang.Thread.State: TIMED_WAITING
        at sun.misc.Unsafe.park(Native Method)
        at java.util.concurrent.locks.LockSupport.parkNanos(LockSupport.java:215)
        at java.util.concurrent.locks.AbstractQueuedSynchronizer$ConditionObject.awaitNanos(AbstractQueuedSynchronizer.java:2083)
        at java.util.concurrent.LinkedBlockingQueue.poll(LinkedBlockingQueue.java:467)
        at org.apache.hadoop.ipc.CallQueueManager.take(CallQueueManager.java:317)
        at org.apache.hadoop.ipc.Server$Handler.run(Server.java:2932)
"IPC Server handler 16 on default port 38511" daemon prio=5 tid=1743 timed_waiting
java.lang.Thread.State: TIMED_WAITING
        at sun.misc.Unsafe.park(Native Method)
        at java.util.concurrent.locks.LockSupport.parkNanos(LockSupport.java:215)
        at java.util.concurrent.locks.AbstractQueuedSynchronizer$ConditionObject.awaitNanos(AbstractQueuedSynchronizer.java:2083)
        at java.util.concurrent.LinkedBlockingQueue.poll(LinkedBlockingQueue.java:467)
        at org.apache.hadoop.ipc.CallQueueManager.take(CallQueueManager.java:317)
        at org.apache.hadoop.ipc.Server$Handler.run(Server.java:2932)
"IPC Server handler 40 on default port 38039" daemon prio=5 tid=1237 timed_waiting
java.lang.Thread.State: TIMED_WAITING
        at sun.misc.Unsafe.park(Native Method)
        at java.util.concurrent.locks.LockSupport.parkNanos(LockSupport.java:215)
        at java.util.concurrent.locks.AbstractQueuedSynchronizer$ConditionObject.awaitNanos(AbstractQueuedSynchronizer.java:2083)
        at java.util.concurrent.LinkedBlockingQueue.poll(LinkedBlockingQueue.java:467)
        at org.apache.hadoop.ipc.CallQueueManager.take(CallQueueManager.java:317)
        at org.apache.hadoop.ipc.Server$Handler.run(Server.java:2932)
"IPC Server handler 34 on default port 46755" daemon prio=5 tid=1348 timed_waiting
java.lang.Thread.State: TIMED_WAITING
        at sun.misc.Unsafe.park(Native Method)
        at java.util.concurrent.locks.LockSupport.parkNanos(LockSupport.java:215)
        at java.util.concurrent.locks.AbstractQueuedSynchronizer$ConditionObject.awaitNanos(AbstractQueuedSynchronizer.java:2083)
        at java.util.concurrent.LinkedBlockingQueue.poll(LinkedBlockingQueue.java:467)
        at org.apache.hadoop.ipc.CallQueueManager.take(CallQueueManager.java:317)
        at org.apache.hadoop.ipc.Server$Handler.run(Server.java:2932)
"qtp1429090825-1724" daemon prio=5 tid=1724 timed_waiting
java.lang.Thread.State: TIMED_WAITING
        at sun.misc.Unsafe.park(Native Method)
        at java.util.concurrent.locks.LockSupport.parkNanos(LockSupport.java:215)
        at java.util.concurrent.locks.AbstractQueuedSynchronizer$ConditionObject.awaitNanos(AbstractQueuedSynchronizer.java:2083)
        at org.eclipse.jetty.util.BlockingArrayQueue.poll(BlockingArrayQueue.java:382)
        at org.eclipse.jetty.util.thread.QueuedThreadPool$Runner.idleJobPoll(QueuedThreadPool.java:974)
        at org.eclipse.jetty.util.thread.QueuedThreadPool$Runner.run(QueuedThreadPool.java:1018)
        at java.lang.Thread.run(Thread.java:750)
"omNode-bootstrap-1-impl-thread1"  prio=5 tid=1701 timed_waiting
java.lang.Thread.State: TIMED_WAITING
        at sun.misc.Unsafe.park(Native Method)
        at java.util.concurrent.locks.LockSupport.parkNanos(LockSupport.java:215)
        at java.util.concurrent.SynchronousQueue$TransferStack.awaitFulfill(SynchronousQueue.java:460)
        at java.util.concurrent.SynchronousQueue$TransferStack.transfer(SynchronousQueue.java:362)
        at java.util.concurrent.SynchronousQueue.poll(SynchronousQueue.java:941)
        at java.util.concurrent.ThreadPoolExecutor.getTask(ThreadPoolExecutor.java:1073)
        at java.util.concurrent.ThreadPoolExecutor.runWorker(ThreadPoolExecutor.java:1134)
        at java.util.concurrent.ThreadPoolExecutor$Worker.run(ThreadPoolExecutor.java:624)
        at java.lang.Thread.run(Thread.java:750)
"IPC Server handler 91 on default port 38039" daemon prio=5 tid=1288 timed_waiting
java.lang.Thread.State: TIMED_WAITING
        at sun.misc.Unsafe.park(Native Method)
        at java.util.concurrent.locks.LockSupport.parkNanos(LockSupport.java:215)
        at java.util.concurrent.locks.AbstractQueuedSynchronizer$ConditionObject.awaitNanos(AbstractQueuedSynchronizer.java:2083)
        at java.util.concurrent.LinkedBlockingQueue.poll(LinkedBlockingQueue.java:467)
        at org.apache.hadoop.ipc.CallQueueManager.take(CallQueueManager.java:317)
        at org.apache.hadoop.ipc.Server$Handler.run(Server.java:2932)
"PartialTableCache Cleanup Thread - 0" daemon prio=5 tid=1835 in Object.wait()
java.lang.Thread.State: WAITING (on object monitor)
        at sun.misc.Unsafe.park(Native Method)
        at java.util.concurrent.locks.LockSupport.park(LockSupport.java:175)
        at java.util.concurrent.locks.AbstractQueuedSynchronizer$ConditionObject.await(AbstractQueuedSynchronizer.java:2044)
        at java.util.concurrent.LinkedBlockingQueue.take(LinkedBlockingQueue.java:442)
        at java.util.concurrent.ThreadPoolExecutor.getTask(ThreadPoolExecutor.java:1074)
        at java.util.concurrent.ThreadPoolExecutor.runWorker(ThreadPoolExecutor.java:1134)
        at java.util.concurrent.ThreadPoolExecutor$Worker.run(ThreadPoolExecutor.java:624)
        at java.lang.Thread.run(Thread.java:750)
"c0693ef0-230a-48dd-aa8a-44a8c3878b49@group-F47393CAD38E-SegmentedRaftLogWorker"  prio=5 tid=1624 timed_waiting
java.lang.Thread.State: TIMED_WAITING
        at sun.misc.Unsafe.park(Native Method)
        at java.util.concurrent.locks.LockSupport.parkNanos(LockSupport.java:215)
        at java.util.concurrent.locks.AbstractQueuedSynchronizer$ConditionObject.awaitNanos(AbstractQueuedSynchronizer.java:2083)
        at org.apache.ratis.util.DataBlockingQueue.poll(DataBlockingQueue.java:148)
        at org.apache.ratis.server.raftlog.segmented.SegmentedRaftLogWorker.run(SegmentedRaftLogWorker.java:301)
        at org.apache.ratis.server.raftlog.segmented.SegmentedRaftLogWorker$$Lambda$535/466484985.run(Unknown Source)
        at java.lang.Thread.run(Thread.java:750)
"IPC Server handler 42 on default port 46755" daemon prio=5 tid=1356 timed_waiting
java.lang.Thread.State: TIMED_WAITING
        at sun.misc.Unsafe.park(Native Method)
        at java.util.concurrent.locks.LockSupport.parkNanos(LockSupport.java:215)
        at java.util.concurrent.locks.AbstractQueuedSynchronizer$ConditionObject.awaitNanos(AbstractQueuedSynchronizer.java:2083)
        at java.util.concurrent.LinkedBlockingQueue.poll(LinkedBlockingQueue.java:467)
        at org.apache.hadoop.ipc.CallQueueManager.take(CallQueueManager.java:317)
        at org.apache.hadoop.ipc.Server$Handler.run(Server.java:2932)
"Datanode State Machine Task Thread - 1"  prio=5 tid=1545 in Object.wait()
java.lang.Thread.State: WAITING (on object monitor)
        at sun.misc.Unsafe.park(Native Method)
        at java.util.concurrent.locks.LockSupport.park(LockSupport.java:175)
        at java.util.concurrent.locks.AbstractQueuedSynchronizer$ConditionObject.await(AbstractQueuedSynchronizer.java:2044)
        at java.util.concurrent.LinkedBlockingQueue.take(LinkedBlockingQueue.java:442)
        at java.util.concurrent.ThreadPoolExecutor.getTask(ThreadPoolExecutor.java:1074)
        at java.util.concurrent.ThreadPoolExecutor.runWorker(ThreadPoolExecutor.java:1134)
        at java.util.concurrent.ThreadPoolExecutor$Worker.run(ThreadPoolExecutor.java:624)
        at java.lang.Thread.run(Thread.java:750)
"03e900db-606d-4788-a076-61e9663ea76b-client-thread1" daemon prio=5 tid=1689 timed_waiting
java.lang.Thread.State: TIMED_WAITING
        at sun.misc.Unsafe.park(Native Method)
        at java.util.concurrent.locks.LockSupport.parkNanos(LockSupport.java:215)
        at java.util.concurrent.SynchronousQueue$TransferStack.awaitFulfill(SynchronousQueue.java:460)
        at java.util.concurrent.SynchronousQueue$TransferStack.transfer(SynchronousQueue.java:362)
        at java.util.concurrent.SynchronousQueue.poll(SynchronousQueue.java:941)
        at java.util.concurrent.ThreadPoolExecutor.getTask(ThreadPoolExecutor.java:1073)
        at java.util.concurrent.ThreadPoolExecutor.runWorker(ThreadPoolExecutor.java:1134)
        at java.util.concurrent.ThreadPoolExecutor$Worker.run(ThreadPoolExecutor.java:624)
        at java.lang.Thread.run(Thread.java:750)
"IPC Server handler 68 on default port 46755" daemon prio=5 tid=1382 timed_waiting
java.lang.Thread.State: TIMED_WAITING
        at sun.misc.Unsafe.park(Native Method)
        at java.util.concurrent.locks.LockSupport.parkNanos(LockSupport.java:215)
        at java.util.concurrent.locks.AbstractQueuedSynchronizer$ConditionObject.awaitNanos(AbstractQueuedSynchronizer.java:2083)
        at java.util.concurrent.LinkedBlockingQueue.poll(LinkedBlockingQueue.java:467)
        at org.apache.hadoop.ipc.CallQueueManager.take(CallQueueManager.java:317)
        at org.apache.hadoop.ipc.Server$Handler.run(Server.java:2932)
"IPC Server handler 49 on default port 39853" daemon prio=5 tid=1146 timed_waiting
java.lang.Thread.State: TIMED_WAITING
        at sun.misc.Unsafe.park(Native Method)
        at java.util.concurrent.locks.LockSupport.parkNanos(LockSupport.java:215)
        at java.util.concurrent.locks.AbstractQueuedSynchronizer$ConditionObject.awaitNanos(AbstractQueuedSynchronizer.java:2083)
        at java.util.concurrent.LinkedBlockingQueue.poll(LinkedBlockingQueue.java:467)
        at org.apache.hadoop.ipc.CallQueueManager.take(CallQueueManager.java:317)
        at org.apache.hadoop.ipc.Server$Handler.run(Server.java:2932)
"IPC Server handler 51 on default port 39853" daemon prio=5 tid=1148 timed_waiting
java.lang.Thread.State: TIMED_WAITING
        at sun.misc.Unsafe.park(Native Method)
        at java.util.concurrent.locks.LockSupport.parkNanos(LockSupport.java:215)
        at java.util.concurrent.locks.AbstractQueuedSynchronizer$ConditionObject.awaitNanos(AbstractQueuedSynchronizer.java:2083)
        at java.util.concurrent.LinkedBlockingQueue.poll(LinkedBlockingQueue.java:467)
        at org.apache.hadoop.ipc.CallQueueManager.take(CallQueueManager.java:317)
        at org.apache.hadoop.ipc.Server$Handler.run(Server.java:2932)
"StaleRecoveringContainerScrubbingService#1" daemon prio=5 tid=1568 in Object.wait()
java.lang.Thread.State: WAITING (on object monitor)
        at sun.misc.Unsafe.park(Native Method)
        at java.util.concurrent.locks.LockSupport.park(LockSupport.java:175)
        at java.util.concurrent.locks.AbstractQueuedSynchronizer$ConditionObject.await(AbstractQueuedSynchronizer.java:2044)
        at java.util.concurrent.ScheduledThreadPoolExecutor$DelayedWorkQueue.take(ScheduledThreadPoolExecutor.java:1088)
        at java.util.concurrent.ScheduledThreadPoolExecutor$DelayedWorkQueue.take(ScheduledThreadPoolExecutor.java:809)
        at java.util.concurrent.ThreadPoolExecutor.getTask(ThreadPoolExecutor.java:1074)
        at java.util.concurrent.ThreadPoolExecutor.runWorker(ThreadPoolExecutor.java:1134)
        at java.util.concurrent.ThreadPoolExecutor$Worker.run(ThreadPoolExecutor.java:624)
        at java.lang.Thread.run(Thread.java:750)
"Datanode ReportManager Thread - 0" daemon prio=5 tid=625 in Object.wait()
java.lang.Thread.State: WAITING (on object monitor)
        at sun.misc.Unsafe.park(Native Method)
        at java.util.concurrent.locks.LockSupport.park(LockSupport.java:175)
        at java.util.concurrent.locks.AbstractQueuedSynchronizer$ConditionObject.await(AbstractQueuedSynchronizer.java:2044)
        at java.util.concurrent.ScheduledThreadPoolExecutor$DelayedWorkQueue.take(ScheduledThreadPoolExecutor.java:1088)
        at java.util.concurrent.ScheduledThreadPoolExecutor$DelayedWorkQueue.take(ScheduledThreadPoolExecutor.java:809)
        at java.util.concurrent.ThreadPoolExecutor.getTask(ThreadPoolExecutor.java:1074)
        at java.util.concurrent.ThreadPoolExecutor.runWorker(ThreadPoolExecutor.java:1134)
        at java.util.concurrent.ThreadPoolExecutor$Worker.run(ThreadPoolExecutor.java:624)
        at java.lang.Thread.run(Thread.java:750)
"IPC Server handler 69 on default port 46755" daemon prio=5 tid=1383 timed_waiting
java.lang.Thread.State: TIMED_WAITING
        at sun.misc.Unsafe.park(Native Method)
        at java.util.concurrent.locks.LockSupport.parkNanos(LockSupport.java:215)
        at java.util.concurrent.locks.AbstractQueuedSynchronizer$ConditionObject.awaitNanos(AbstractQueuedSynchronizer.java:2083)
        at java.util.concurrent.LinkedBlockingQueue.poll(LinkedBlockingQueue.java:467)
        at org.apache.hadoop.ipc.CallQueueManager.take(CallQueueManager.java:317)
        at org.apache.hadoop.ipc.Server$Handler.run(Server.java:2932)
"IPC Server handler 53 on default port 38039" daemon prio=5 tid=1250 timed_waiting
java.lang.Thread.State: TIMED_WAITING
        at sun.misc.Unsafe.park(Native Method)
        at java.util.concurrent.locks.LockSupport.parkNanos(LockSupport.java:215)
        at java.util.concurrent.locks.AbstractQueuedSynchronizer$ConditionObject.awaitNanos(AbstractQueuedSynchronizer.java:2083)
        at java.util.concurrent.LinkedBlockingQueue.poll(LinkedBlockingQueue.java:467)
        at org.apache.hadoop.ipc.CallQueueManager.take(CallQueueManager.java:317)
        at org.apache.hadoop.ipc.Server$Handler.run(Server.java:2932)
"74f1d438-0997-4634-9c34-91afcc4dae77@group-20B7CEE0DF6D->03e900db-606d-4788-a076-61e9663ea76b-GrpcLogAppender-LogAppenderDaemon" daemon prio=5 tid=1671 timed_waiting
java.lang.Thread.State: TIMED_WAITING
        at sun.misc.Unsafe.park(Native Method)
        at java.util.concurrent.locks.LockSupport.parkNanos(LockSupport.java:215)
        at java.util.concurrent.CompletableFuture$Signaller.block(CompletableFuture.java:1709)
        at java.util.concurrent.ForkJoinPool.managedBlock(ForkJoinPool.java:3323)
        at java.util.concurrent.CompletableFuture.timedGet(CompletableFuture.java:1788)
        at java.util.concurrent.CompletableFuture.get(CompletableFuture.java:1928)
        at org.apache.ratis.util.AwaitForSignal.await(AwaitForSignal.java:56)
        at org.apache.ratis.grpc.server.GrpcLogAppender.mayWait(GrpcLogAppender.java:169)
        at org.apache.ratis.grpc.server.GrpcLogAppender.run(GrpcLogAppender.java:128)
        at org.apache.ratis.server.leader.LogAppenderDaemon.run(LogAppenderDaemon.java:77)
        at org.apache.ratis.server.leader.LogAppenderDaemon$$Lambda$915/50953464.run(Unknown Source)
        at java.lang.Thread.run(Thread.java:750)
"IPC Server handler 0 on default port 46755" daemon prio=5 tid=1314 timed_waiting
java.lang.Thread.State: TIMED_WAITING
        at sun.misc.Unsafe.park(Native Method)
        at java.util.concurrent.locks.LockSupport.parkNanos(LockSupport.java:215)
        at java.util.concurrent.locks.AbstractQueuedSynchronizer$ConditionObject.awaitNanos(AbstractQueuedSynchronizer.java:2083)
        at java.util.concurrent.LinkedBlockingQueue.poll(LinkedBlockingQueue.java:467)
        at org.apache.hadoop.ipc.CallQueueManager.take(CallQueueManager.java:317)
        at org.apache.hadoop.ipc.Server$Handler.run(Server.java:2932)
"Datanode ReportManager Thread - 1" daemon prio=5 tid=572 in Object.wait()
java.lang.Thread.State: WAITING (on object monitor)
        at sun.misc.Unsafe.park(Native Method)
        at java.util.concurrent.locks.LockSupport.park(LockSupport.java:175)
        at java.util.concurrent.locks.AbstractQueuedSynchronizer$ConditionObject.await(AbstractQueuedSynchronizer.java:2044)
        at java.util.concurrent.ScheduledThreadPoolExecutor$DelayedWorkQueue.take(ScheduledThreadPoolExecutor.java:1088)
        at java.util.concurrent.ScheduledThreadPoolExecutor$DelayedWorkQueue.take(ScheduledThreadPoolExecutor.java:809)
        at java.util.concurrent.ThreadPoolExecutor.getTask(ThreadPoolExecutor.java:1074)
        at java.util.concurrent.ThreadPoolExecutor.runWorker(ThreadPoolExecutor.java:1134)
        at java.util.concurrent.ThreadPoolExecutor$Worker.run(ThreadPoolExecutor.java:624)
        at java.lang.Thread.run(Thread.java:750)
"IPC Server handler 12 on default port 46755" daemon prio=5 tid=1326 timed_waiting
java.lang.Thread.State: TIMED_WAITING
        at sun.misc.Unsafe.park(Native Method)
        at java.util.concurrent.locks.LockSupport.parkNanos(LockSupport.java:215)
        at java.util.concurrent.locks.AbstractQueuedSynchronizer$ConditionObject.awaitNanos(AbstractQueuedSynchronizer.java:2083)
        at java.util.concurrent.LinkedBlockingQueue.poll(LinkedBlockingQueue.java:467)
        at org.apache.hadoop.ipc.CallQueueManager.take(CallQueueManager.java:317)
        at org.apache.hadoop.ipc.Server$Handler.run(Server.java:2932)
"8e599114-682f-40f9-8544-01c79a4548da@group-C2BFE535B5E8-LeaderStateImpl" daemon prio=5 tid=1312 timed_waiting
java.lang.Thread.State: TIMED_WAITING
        at sun.misc.Unsafe.park(Native Method)
        at java.util.concurrent.locks.LockSupport.parkNanos(LockSupport.java:215)
        at java.util.concurrent.locks.AbstractQueuedSynchronizer$ConditionObject.awaitNanos(AbstractQueuedSynchronizer.java:2083)
        at java.util.concurrent.ArrayBlockingQueue.poll(ArrayBlockingQueue.java:418)
        at org.apache.ratis.server.impl.LeaderStateImpl$EventQueue.poll(LeaderStateImpl.java:159)
        at org.apache.ratis.server.impl.LeaderStateImpl$EventProcessor.run(LeaderStateImpl.java:630)
"Under Replicated Processor" daemon prio=5 tid=1077 timed_waiting
java.lang.Thread.State: TIMED_WAITING
        at java.lang.Object.wait(Native Method)
        at org.apache.hadoop.hdds.scm.container.replication.UnderReplicatedProcessor.run(UnderReplicatedProcessor.java:142)
        at java.lang.Thread.run(Thread.java:750)
"qtp1565242025-1506" daemon prio=5 tid=1506 timed_waiting
java.lang.Thread.State: TIMED_WAITING
        at sun.misc.Unsafe.park(Native Method)
        at java.util.concurrent.locks.LockSupport.parkNanos(LockSupport.java:215)
        at java.util.concurrent.locks.AbstractQueuedSynchronizer$ConditionObject.awaitNanos(AbstractQueuedSynchronizer.java:2083)
        at org.eclipse.jetty.util.BlockingArrayQueue.poll(BlockingArrayQueue.java:382)
        at org.eclipse.jetty.util.thread.QueuedThreadPool$Runner.idleJobPoll(QueuedThreadPool.java:974)
        at org.eclipse.jetty.util.thread.QueuedThreadPool$Runner.run(QueuedThreadPool.java:1018)
        at java.lang.Thread.run(Thread.java:750)
"qtp1565242025-1500-acceptor-0@414d62f3-ServerConnector@2dacbd55{HTTP/1.1, (http/1.1)}{0.0.0.0:36257}" daemon prio=3 tid=1500 runnable
java.lang.Thread.State: RUNNABLE
        at sun.nio.ch.ServerSocketChannelImpl.accept0(Native Method)
        at sun.nio.ch.ServerSocketChannelImpl.accept(ServerSocketChannelImpl.java:421)
        at sun.nio.ch.ServerSocketChannelImpl.accept(ServerSocketChannelImpl.java:249)
        at org.eclipse.jetty.server.ServerConnector.accept(ServerConnector.java:388)
        at org.eclipse.jetty.server.AbstractConnector$Acceptor.run(AbstractConnector.java:702)
        at org.eclipse.jetty.util.thread.QueuedThreadPool.runJob(QueuedThreadPool.java:883)
        at org.eclipse.jetty.util.thread.QueuedThreadPool$Runner.run(QueuedThreadPool.java:1034)
        at java.lang.Thread.run(Thread.java:750)
"IPC Server handler 76 on default port 46755" daemon prio=5 tid=1390 timed_waiting
java.lang.Thread.State: TIMED_WAITING
        at sun.misc.Unsafe.park(Native Method)
        at java.util.concurrent.locks.LockSupport.parkNanos(LockSupport.java:215)
        at java.util.concurrent.locks.AbstractQueuedSynchronizer$ConditionObject.awaitNanos(AbstractQueuedSynchronizer.java:2083)
        at java.util.concurrent.LinkedBlockingQueue.poll(LinkedBlockingQueue.java:467)
        at org.apache.hadoop.ipc.CallQueueManager.take(CallQueueManager.java:317)
        at org.apache.hadoop.ipc.Server$Handler.run(Server.java:2932)
"IPC Server handler 39 on default port 46755" daemon prio=5 tid=1353 timed_waiting
java.lang.Thread.State: TIMED_WAITING
        at sun.misc.Unsafe.park(Native Method)
        at java.util.concurrent.locks.LockSupport.parkNanos(LockSupport.java:215)
        at java.util.concurrent.locks.AbstractQueuedSynchronizer$ConditionObject.awaitNanos(AbstractQueuedSynchronizer.java:2083)
        at java.util.concurrent.LinkedBlockingQueue.poll(LinkedBlockingQueue.java:467)
        at org.apache.hadoop.ipc.CallQueueManager.take(CallQueueManager.java:317)
        at org.apache.hadoop.ipc.Server$Handler.run(Server.java:2932)
"IPC Server handler 41 on default port 46755" daemon prio=5 tid=1355 timed_waiting
java.lang.Thread.State: TIMED_WAITING
        at sun.misc.Unsafe.park(Native Method)
        at java.util.concurrent.locks.LockSupport.parkNanos(LockSupport.java:215)
        at java.util.concurrent.locks.AbstractQueuedSynchronizer$ConditionObject.awaitNanos(AbstractQueuedSynchronizer.java:2083)
        at java.util.concurrent.LinkedBlockingQueue.poll(LinkedBlockingQueue.java:467)
        at org.apache.hadoop.ipc.CallQueueManager.take(CallQueueManager.java:317)
        at org.apache.hadoop.ipc.Server$Handler.run(Server.java:2932)
"IPC Server handler 40 on default port 39853" daemon prio=5 tid=1137 timed_waiting
java.lang.Thread.State: TIMED_WAITING
        at sun.misc.Unsafe.park(Native Method)
        at java.util.concurrent.locks.LockSupport.parkNanos(LockSupport.java:215)
        at java.util.concurrent.locks.AbstractQueuedSynchronizer$ConditionObject.awaitNanos(AbstractQueuedSynchronizer.java:2083)
        at java.util.concurrent.LinkedBlockingQueue.poll(LinkedBlockingQueue.java:467)
        at org.apache.hadoop.ipc.CallQueueManager.take(CallQueueManager.java:317)
        at org.apache.hadoop.ipc.Server$Handler.run(Server.java:2932)
"StaleRecoveringContainerScrubbingService#0" daemon prio=5 tid=1579 timed_waiting
java.lang.Thread.State: TIMED_WAITING
        at sun.misc.Unsafe.park(Native Method)
        at java.util.concurrent.locks.LockSupport.parkNanos(LockSupport.java:215)
        at java.util.concurrent.locks.AbstractQueuedSynchronizer$ConditionObject.awaitNanos(AbstractQueuedSynchronizer.java:2083)
        at java.util.concurrent.ScheduledThreadPoolExecutor$DelayedWorkQueue.take(ScheduledThreadPoolExecutor.java:1093)
        at java.util.concurrent.ScheduledThreadPoolExecutor$DelayedWorkQueue.take(ScheduledThreadPoolExecutor.java:809)
        at java.util.concurrent.ThreadPoolExecutor.getTask(ThreadPoolExecutor.java:1074)
        at java.util.concurrent.ThreadPoolExecutor.runWorker(ThreadPoolExecutor.java:1134)
        at java.util.concurrent.ThreadPoolExecutor$Worker.run(ThreadPoolExecutor.java:624)
        at java.lang.Thread.run(Thread.java:750)
"org.apache.hadoop.util.JvmPauseMonitor$Monitor@1d0bca2f" daemon prio=5 tid=1298 timed_waiting
java.lang.Thread.State: TIMED_WAITING
        at java.lang.Thread.sleep(Native Method)
        at org.apache.hadoop.util.JvmPauseMonitor$Monitor.run(JvmPauseMonitor.java:192)
        at java.lang.Thread.run(Thread.java:750)
"StaleRecoveringContainerScrubbingService#1" daemon prio=5 tid=1581 in Object.wait()
java.lang.Thread.State: WAITING (on object monitor)
        at sun.misc.Unsafe.park(Native Method)
        at java.util.concurrent.locks.LockSupport.park(LockSupport.java:175)
        at java.util.concurrent.locks.AbstractQueuedSynchronizer$ConditionObject.await(AbstractQueuedSynchronizer.java:2044)
        at java.util.concurrent.ScheduledThreadPoolExecutor$DelayedWorkQueue.take(ScheduledThreadPoolExecutor.java:1088)
        at java.util.concurrent.ScheduledThreadPoolExecutor$DelayedWorkQueue.take(ScheduledThreadPoolExecutor.java:809)
        at java.util.concurrent.ThreadPoolExecutor.getTask(ThreadPoolExecutor.java:1074)
        at java.util.concurrent.ThreadPoolExecutor.runWorker(ThreadPoolExecutor.java:1134)
        at java.util.concurrent.ThreadPoolExecutor$Worker.run(ThreadPoolExecutor.java:624)
        at java.lang.Thread.run(Thread.java:750)
"SSL Certificates Store Monitor" daemon prio=5 tid=430 in Object.wait()
java.lang.Thread.State: WAITING (on object monitor)
        at java.lang.Object.wait(Native Method)
        at java.lang.Object.wait(Object.java:502)
        at java.util.TimerThread.mainLoop(Timer.java:526)
        at java.util.TimerThread.run(Timer.java:505)
"org.apache.ratis.util.JvmPauseMonitor$$Lambda$605/1445225850@668f26a1" daemon prio=5 tid=1712 timed_waiting
java.lang.Thread.State: TIMED_WAITING
        at java.lang.Thread.sleep(Native Method)
        at java.lang.Thread.sleep(Thread.java:342)
        at java.util.concurrent.TimeUnit.sleep(TimeUnit.java:386)
        at org.apache.ratis.util.TimeDuration.sleep(TimeDuration.java:325)
        at org.apache.ratis.util.TimeDuration.sleep(TimeDuration.java:310)
        at org.apache.ratis.util.JvmPauseMonitor.detectPause(JvmPauseMonitor.java:117)
        at org.apache.ratis.util.JvmPauseMonitor.run(JvmPauseMonitor.java:106)
        at org.apache.ratis.util.JvmPauseMonitor$$Lambda$605/1445225850.run(Unknown Source)
        at java.lang.Thread.run(Thread.java:750)
"IPC Server handler 0 on default port 38039" daemon prio=5 tid=1197 timed_waiting
java.lang.Thread.State: TIMED_WAITING
        at sun.misc.Unsafe.park(Native Method)
        at java.util.concurrent.locks.LockSupport.parkNanos(LockSupport.java:215)
        at java.util.concurrent.locks.AbstractQueuedSynchronizer$ConditionObject.awaitNanos(AbstractQueuedSynchronizer.java:2083)
        at java.util.concurrent.LinkedBlockingQueue.poll(LinkedBlockingQueue.java:467)
        at org.apache.hadoop.ipc.CallQueueManager.take(CallQueueManager.java:317)
        at org.apache.hadoop.ipc.Server$Handler.run(Server.java:2932)
"Socket Reader #1 for port 38039"  prio=5 tid=1085 runnable
java.lang.Thread.State: RUNNABLE
        at sun.nio.ch.EPollArrayWrapper.epollWait(Native Method)
        at sun.nio.ch.EPollArrayWrapper.poll(EPollArrayWrapper.java:269)
        at sun.nio.ch.EPollSelectorImpl.doSelect(EPollSelectorImpl.java:93)
        at sun.nio.ch.SelectorImpl.lockAndDoSelect(SelectorImpl.java:86)
        at sun.nio.ch.SelectorImpl.select(SelectorImpl.java:97)
        at sun.nio.ch.SelectorImpl.select(SelectorImpl.java:101)
        at org.apache.hadoop.ipc.Server$Listener$Reader.doRunLoop(Server.java:1288)
        at org.apache.hadoop.ipc.Server$Listener$Reader.run(Server.java:1267)
"StaleRecoveringContainerScrubbingService#1" daemon prio=5 tid=1556 in Object.wait()
java.lang.Thread.State: WAITING (on object monitor)
        at sun.misc.Unsafe.park(Native Method)
        at java.util.concurrent.locks.LockSupport.park(LockSupport.java:175)
        at java.util.concurrent.locks.AbstractQueuedSynchronizer$ConditionObject.await(AbstractQueuedSynchronizer.java:2044)
        at java.util.concurrent.ScheduledThreadPoolExecutor$DelayedWorkQueue.take(ScheduledThreadPoolExecutor.java:1088)
        at java.util.concurrent.ScheduledThreadPoolExecutor$DelayedWorkQueue.take(ScheduledThreadPoolExecutor.java:809)
        at java.util.concurrent.ThreadPoolExecutor.getTask(ThreadPoolExecutor.java:1074)
        at java.util.concurrent.ThreadPoolExecutor.runWorker(ThreadPoolExecutor.java:1134)
        at java.util.concurrent.ThreadPoolExecutor$Worker.run(ThreadPoolExecutor.java:624)
        at java.lang.Thread.run(Thread.java:750)
"IPC Server handler 47 on default port 46755" daemon prio=5 tid=1361 timed_waiting
java.lang.Thread.State: TIMED_WAITING
        at sun.misc.Unsafe.park(Native Method)
        at java.util.concurrent.locks.LockSupport.parkNanos(LockSupport.java:215)
        at java.util.concurrent.locks.AbstractQueuedSynchronizer$ConditionObject.awaitNanos(AbstractQueuedSynchronizer.java:2083)
        at java.util.concurrent.LinkedBlockingQueue.poll(LinkedBlockingQueue.java:467)
        at org.apache.hadoop.ipc.CallQueueManager.take(CallQueueManager.java:317)
        at org.apache.hadoop.ipc.Server$Handler.run(Server.java:2932)
"IPC Server handler 13 on default port 38511" daemon prio=5 tid=1740 timed_waiting
java.lang.Thread.State: TIMED_WAITING
        at sun.misc.Unsafe.park(Native Method)
        at java.util.concurrent.locks.LockSupport.parkNanos(LockSupport.java:215)
        at java.util.concurrent.locks.AbstractQueuedSynchronizer$ConditionObject.awaitNanos(AbstractQueuedSynchronizer.java:2083)
        at java.util.concurrent.LinkedBlockingQueue.poll(LinkedBlockingQueue.java:467)
        at org.apache.hadoop.ipc.CallQueueManager.take(CallQueueManager.java:317)
        at org.apache.hadoop.ipc.Server$Handler.run(Server.java:2932)
"IPC Server handler 98 on default port 38039" daemon prio=5 tid=1295 timed_waiting
java.lang.Thread.State: TIMED_WAITING
        at sun.misc.Unsafe.park(Native Method)
        at java.util.concurrent.locks.LockSupport.parkNanos(LockSupport.java:215)
        at java.util.concurrent.locks.AbstractQueuedSynchronizer$ConditionObject.awaitNanos(AbstractQueuedSynchronizer.java:2083)
        at java.util.concurrent.LinkedBlockingQueue.poll(LinkedBlockingQueue.java:467)
        at org.apache.hadoop.ipc.CallQueueManager.take(CallQueueManager.java:317)
        at org.apache.hadoop.ipc.Server$Handler.run(Server.java:2932)
"PartialTableCache Cleanup Thread - 0" daemon prio=5 tid=866 in Object.wait()
java.lang.Thread.State: WAITING (on object monitor)
        at sun.misc.Unsafe.park(Native Method)
        at java.util.concurrent.locks.LockSupport.park(LockSupport.java:175)
        at java.util.concurrent.locks.AbstractQueuedSynchronizer$ConditionObject.await(AbstractQueuedSynchronizer.java:2044)
        at java.util.concurrent.LinkedBlockingQueue.take(LinkedBlockingQueue.java:442)
        at java.util.concurrent.ThreadPoolExecutor.getTask(ThreadPoolExecutor.java:1074)
        at java.util.concurrent.ThreadPoolExecutor.runWorker(ThreadPoolExecutor.java:1134)
        at java.util.concurrent.ThreadPoolExecutor$Worker.run(ThreadPoolExecutor.java:624)
        at java.lang.Thread.run(Thread.java:750)
"Datanode State Machine Task Thread - 1"  prio=5 tid=1570 in Object.wait()
java.lang.Thread.State: WAITING (on object monitor)
        at sun.misc.Unsafe.park(Native Method)
        at java.util.concurrent.locks.LockSupport.park(LockSupport.java:175)
        at java.util.concurrent.locks.AbstractQueuedSynchronizer$ConditionObject.await(AbstractQueuedSynchronizer.java:2044)
        at java.util.concurrent.LinkedBlockingQueue.take(LinkedBlockingQueue.java:442)
        at java.util.concurrent.ThreadPoolExecutor.getTask(ThreadPoolExecutor.java:1074)
        at java.util.concurrent.ThreadPoolExecutor.runWorker(ThreadPoolExecutor.java:1134)
        at java.util.concurrent.ThreadPoolExecutor$Worker.run(ThreadPoolExecutor.java:624)
        at java.lang.Thread.run(Thread.java:750)
"EndpointStateMachine task thread for /127.0.0.1:40693 - 0 "  prio=5 tid=640 timed_waiting
java.lang.Thread.State: TIMED_WAITING
        at java.lang.Thread.sleep(Native Method)
        at org.apache.hadoop.ipc.Client$Connection.handleConnectionFailure(Client.java:972)
        at org.apache.hadoop.ipc.Client$Connection.setupConnection(Client.java:724)
        at org.apache.hadoop.ipc.Client$Connection.setupIOstreams(Client.java:822)
        at org.apache.hadoop.ipc.Client$Connection.access$3800(Client.java:414)
        at org.apache.hadoop.ipc.Client.getConnection(Client.java:1647)
        at org.apache.hadoop.ipc.Client.call(Client.java:1463)
        at org.apache.hadoop.ipc.Client.call(Client.java:1416)
        at org.apache.hadoop.ipc.ProtobufRpcEngine$Invoker.invoke(ProtobufRpcEngine.java:236)
        at org.apache.hadoop.ipc.ProtobufRpcEngine$Invoker.invoke(ProtobufRpcEngine.java:123)
        at com.sun.proxy.$Proxy52.submitRequest(Unknown Source)
        at org.apache.hadoop.ozone.protocolPB.StorageContainerDatanodeProtocolClientSideTranslatorPB.submitRequest(StorageContainerDatanodeProtocolClientSideTranslatorPB.java:117)
        at org.apache.hadoop.ozone.protocolPB.StorageContainerDatanodeProtocolClientSideTranslatorPB.sendHeartbeat(StorageContainerDatanodeProtocolClientSideTranslatorPB.java:149)
        at org.apache.hadoop.ozone.container.common.states.endpoint.HeartbeatEndpointTask.call(HeartbeatEndpointTask.java:185)
        at org.apache.hadoop.ozone.container.common.states.endpoint.HeartbeatEndpointTask.call(HeartbeatEndpointTask.java:87)
        at java.util.concurrent.FutureTask.run(FutureTask.java:266)
        at java.util.concurrent.ThreadPoolExecutor.runWorker(ThreadPoolExecutor.java:1149)
        at java.util.concurrent.ThreadPoolExecutor$Worker.run(ThreadPoolExecutor.java:624)
        at java.lang.Thread.run(Thread.java:750)
"IPC Server handler 59 on default port 38039" daemon prio=5 tid=1256 timed_waiting
java.lang.Thread.State: TIMED_WAITING
        at sun.misc.Unsafe.park(Native Method)
        at java.util.concurrent.locks.LockSupport.parkNanos(LockSupport.java:215)
        at java.util.concurrent.locks.AbstractQueuedSynchronizer$ConditionObject.awaitNanos(AbstractQueuedSynchronizer.java:2083)
        at java.util.concurrent.LinkedBlockingQueue.poll(LinkedBlockingQueue.java:467)
        at org.apache.hadoop.ipc.CallQueueManager.take(CallQueueManager.java:317)
        at org.apache.hadoop.ipc.Server$Handler.run(Server.java:2932)
"Datanode ReportManager Thread - 2" daemon prio=5 tid=1485 in Object.wait()
java.lang.Thread.State: WAITING (on object monitor)
        at sun.misc.Unsafe.park(Native Method)
        at java.util.concurrent.locks.LockSupport.park(LockSupport.java:175)
        at java.util.concurrent.locks.AbstractQueuedSynchronizer$ConditionObject.await(AbstractQueuedSynchronizer.java:2044)
        at java.util.concurrent.ScheduledThreadPoolExecutor$DelayedWorkQueue.take(ScheduledThreadPoolExecutor.java:1088)
        at java.util.concurrent.ScheduledThreadPoolExecutor$DelayedWorkQueue.take(ScheduledThreadPoolExecutor.java:809)
        at java.util.concurrent.ThreadPoolExecutor.getTask(ThreadPoolExecutor.java:1074)
        at java.util.concurrent.ThreadPoolExecutor.runWorker(ThreadPoolExecutor.java:1134)
        at java.util.concurrent.ThreadPoolExecutor$Worker.run(ThreadPoolExecutor.java:624)
        at java.lang.Thread.run(Thread.java:750)
"IPC Server handler 98 on default port 39853" daemon prio=5 tid=1195 timed_waiting
java.lang.Thread.State: TIMED_WAITING
        at sun.misc.Unsafe.park(Native Method)
        at java.util.concurrent.locks.LockSupport.parkNanos(LockSupport.java:215)
        at java.util.concurrent.locks.AbstractQueuedSynchronizer$ConditionObject.awaitNanos(AbstractQueuedSynchronizer.java:2083)
        at java.util.concurrent.LinkedBlockingQueue.poll(LinkedBlockingQueue.java:467)
        at org.apache.hadoop.ipc.CallQueueManager.take(CallQueueManager.java:317)
        at org.apache.hadoop.ipc.Server$Handler.run(Server.java:2932)
"PartialTableCache Cleanup Thread - 0" daemon prio=5 tid=862 in Object.wait()
java.lang.Thread.State: WAITING (on object monitor)
        at sun.misc.Unsafe.park(Native Method)
        at java.util.concurrent.locks.LockSupport.park(LockSupport.java:175)
        at java.util.concurrent.locks.AbstractQueuedSynchronizer$ConditionObject.await(AbstractQueuedSynchronizer.java:2044)
        at java.util.concurrent.LinkedBlockingQueue.take(LinkedBlockingQueue.java:442)
        at java.util.concurrent.ThreadPoolExecutor.getTask(ThreadPoolExecutor.java:1074)
        at java.util.concurrent.ThreadPoolExecutor.runWorker(ThreadPoolExecutor.java:1134)
        at java.util.concurrent.ThreadPoolExecutor$Worker.run(ThreadPoolExecutor.java:624)
        at java.lang.Thread.run(Thread.java:750)
"IPC Server handler 7 on default port 38039" daemon prio=5 tid=1204 timed_waiting
java.lang.Thread.State: TIMED_WAITING
        at sun.misc.Unsafe.park(Native Method)
        at java.util.concurrent.locks.LockSupport.parkNanos(LockSupport.java:215)
        at java.util.concurrent.locks.AbstractQueuedSynchronizer$ConditionObject.awaitNanos(AbstractQueuedSynchronizer.java:2083)
        at java.util.concurrent.LinkedBlockingQueue.poll(LinkedBlockingQueue.java:467)
        at org.apache.hadoop.ipc.CallQueueManager.take(CallQueueManager.java:317)
        at org.apache.hadoop.ipc.Server$Handler.run(Server.java:2932)
"Timer-5"  prio=5 tid=1713 timed_waiting
java.lang.Thread.State: TIMED_WAITING
        at java.lang.Object.wait(Native Method)
        at java.util.TimerThread.mainLoop(Timer.java:552)
        at java.util.TimerThread.run(Timer.java:505)
"omNode-bootstrap-1@group-0AAC5367B30E-SegmentedRaftLogWorker"  prio=5 tid=1705 timed_waiting
java.lang.Thread.State: TIMED_WAITING
        at sun.misc.Unsafe.park(Native Method)
        at java.util.concurrent.locks.LockSupport.parkNanos(LockSupport.java:215)
        at java.util.concurrent.locks.AbstractQueuedSynchronizer$ConditionObject.awaitNanos(AbstractQueuedSynchronizer.java:2083)
        at org.apache.ratis.util.DataBlockingQueue.poll(DataBlockingQueue.java:148)
        at org.apache.ratis.server.raftlog.segmented.SegmentedRaftLogWorker.run(SegmentedRaftLogWorker.java:301)
        at org.apache.ratis.server.raftlog.segmented.SegmentedRaftLogWorker$$Lambda$535/466484985.run(Unknown Source)
        at java.lang.Thread.run(Thread.java:750)
"FullTableCache Cleanup Thread - 0" daemon prio=5 tid=1759 in Object.wait()
java.lang.Thread.State: WAITING (on object monitor)
        at sun.misc.Unsafe.park(Native Method)
        at java.util.concurrent.locks.LockSupport.park(LockSupport.java:175)
        at java.util.concurrent.locks.AbstractQueuedSynchronizer$ConditionObject.await(AbstractQueuedSynchronizer.java:2044)
        at java.util.concurrent.LinkedBlockingQueue.take(LinkedBlockingQueue.java:442)
        at java.util.concurrent.ThreadPoolExecutor.getTask(ThreadPoolExecutor.java:1074)
        at java.util.concurrent.ThreadPoolExecutor.runWorker(ThreadPoolExecutor.java:1134)
        at java.util.concurrent.ThreadPoolExecutor$Worker.run(ThreadPoolExecutor.java:624)
        at java.lang.Thread.run(Thread.java:750)
"IPC Server handler 25 on default port 39853" daemon prio=5 tid=1122 timed_waiting
java.lang.Thread.State: TIMED_WAITING
        at sun.misc.Unsafe.park(Native Method)
        at java.util.concurrent.locks.LockSupport.parkNanos(LockSupport.java:215)
        at java.util.concurrent.locks.AbstractQueuedSynchronizer$ConditionObject.awaitNanos(AbstractQueuedSynchronizer.java:2083)
        at java.util.concurrent.LinkedBlockingQueue.poll(LinkedBlockingQueue.java:467)
        at org.apache.hadoop.ipc.CallQueueManager.take(CallQueueManager.java:317)
        at org.apache.hadoop.ipc.Server$Handler.run(Server.java:2932)
"IPC Server handler 79 on default port 39853" daemon prio=5 tid=1176 timed_waiting
java.lang.Thread.State: TIMED_WAITING
        at sun.misc.Unsafe.park(Native Method)
        at java.util.concurrent.locks.LockSupport.parkNanos(LockSupport.java:215)
        at java.util.concurrent.locks.AbstractQueuedSynchronizer$ConditionObject.awaitNanos(AbstractQueuedSynchronizer.java:2083)
        at java.util.concurrent.LinkedBlockingQueue.poll(LinkedBlockingQueue.java:467)
        at org.apache.hadoop.ipc.CallQueueManager.take(CallQueueManager.java:317)
        at org.apache.hadoop.ipc.Server$Handler.run(Server.java:2932)
"FullTableCache Cleanup Thread - 0" daemon prio=5 tid=1758 in Object.wait()
java.lang.Thread.State: WAITING (on object monitor)
        at sun.misc.Unsafe.park(Native Method)
        at java.util.concurrent.locks.LockSupport.park(LockSupport.java:175)
        at java.util.concurrent.locks.AbstractQueuedSynchronizer$ConditionObject.await(AbstractQueuedSynchronizer.java:2044)
        at java.util.concurrent.LinkedBlockingQueue.take(LinkedBlockingQueue.java:442)
        at java.util.concurrent.ThreadPoolExecutor.getTask(ThreadPoolExecutor.java:1074)
        at java.util.concurrent.ThreadPoolExecutor.runWorker(ThreadPoolExecutor.java:1134)
        at java.util.concurrent.ThreadPoolExecutor$Worker.run(ThreadPoolExecutor.java:624)
        at java.lang.Thread.run(Thread.java:750)
"IPC Server handler 3 on default port 38039" daemon prio=5 tid=1200 timed_waiting
java.lang.Thread.State: TIMED_WAITING
        at sun.misc.Unsafe.park(Native Method)
        at java.util.concurrent.locks.LockSupport.parkNanos(LockSupport.java:215)
        at java.util.concurrent.locks.AbstractQueuedSynchronizer$ConditionObject.awaitNanos(AbstractQueuedSynchronizer.java:2083)
        at java.util.concurrent.LinkedBlockingQueue.poll(LinkedBlockingQueue.java:467)
        at org.apache.hadoop.ipc.CallQueueManager.take(CallQueueManager.java:317)
        at org.apache.hadoop.ipc.Server$Handler.run(Server.java:2932)
"qtp1228228474-1795" daemon prio=5 tid=1795 timed_waiting
java.lang.Thread.State: TIMED_WAITING
        at sun.misc.Unsafe.park(Native Method)
        at java.util.concurrent.locks.LockSupport.parkNanos(LockSupport.java:215)
        at java.util.concurrent.locks.AbstractQueuedSynchronizer$ConditionObject.awaitNanos(AbstractQueuedSynchronizer.java:2083)
        at org.eclipse.jetty.util.BlockingArrayQueue.poll(BlockingArrayQueue.java:382)
        at org.eclipse.jetty.util.thread.QueuedThreadPool$Runner.idleJobPoll(QueuedThreadPool.java:974)
        at org.eclipse.jetty.util.thread.QueuedThreadPool$Runner.run(QueuedThreadPool.java:1018)
        at java.lang.Thread.run(Thread.java:750)
"IPC Server handler 36 on default port 39853" daemon prio=5 tid=1133 timed_waiting
java.lang.Thread.State: TIMED_WAITING
        at sun.misc.Unsafe.park(Native Method)
        at java.util.concurrent.locks.LockSupport.parkNanos(LockSupport.java:215)
        at java.util.concurrent.locks.AbstractQueuedSynchronizer$ConditionObject.awaitNanos(AbstractQueuedSynchronizer.java:2083)
        at java.util.concurrent.LinkedBlockingQueue.poll(LinkedBlockingQueue.java:467)
        at org.apache.hadoop.ipc.CallQueueManager.take(CallQueueManager.java:317)
        at org.apache.hadoop.ipc.Server$Handler.run(Server.java:2932)
"qtp1595633599-1528-acceptor-0@692bea1f-ServerConnector@145fe5ce{HTTP/1.1, (http/1.1)}{0.0.0.0:36309}" daemon prio=3 tid=1528 runnable
java.lang.Thread.State: RUNNABLE
        at sun.nio.ch.ServerSocketChannelImpl.accept0(Native Method)
        at sun.nio.ch.ServerSocketChannelImpl.accept(ServerSocketChannelImpl.java:421)
        at sun.nio.ch.ServerSocketChannelImpl.accept(ServerSocketChannelImpl.java:249)
        at org.eclipse.jetty.server.ServerConnector.accept(ServerConnector.java:388)
        at org.eclipse.jetty.server.AbstractConnector$Acceptor.run(AbstractConnector.java:702)
        at org.eclipse.jetty.util.thread.QueuedThreadPool.runJob(QueuedThreadPool.java:883)
        at org.eclipse.jetty.util.thread.QueuedThreadPool$Runner.run(QueuedThreadPool.java:1034)
        at java.lang.Thread.run(Thread.java:750)
"IPC Server handler 77 on default port 46755" daemon prio=5 tid=1391 timed_waiting
java.lang.Thread.State: TIMED_WAITING
        at sun.misc.Unsafe.park(Native Method)
        at java.util.concurrent.locks.LockSupport.parkNanos(LockSupport.java:215)
        at java.util.concurrent.locks.AbstractQueuedSynchronizer$ConditionObject.awaitNanos(AbstractQueuedSynchronizer.java:2083)
        at java.util.concurrent.LinkedBlockingQueue.poll(LinkedBlockingQueue.java:467)
        at org.apache.hadoop.ipc.CallQueueManager.take(CallQueueManager.java:317)
        at org.apache.hadoop.ipc.Server$Handler.run(Server.java:2932)
"IPC Server handler 2 on default port 39853" daemon prio=5 tid=1099 timed_waiting
java.lang.Thread.State: TIMED_WAITING
        at sun.misc.Unsafe.park(Native Method)
        at java.util.concurrent.locks.LockSupport.parkNanos(LockSupport.java:215)
        at java.util.concurrent.locks.AbstractQueuedSynchronizer$ConditionObject.awaitNanos(AbstractQueuedSynchronizer.java:2083)
        at java.util.concurrent.LinkedBlockingQueue.poll(LinkedBlockingQueue.java:467)
        at org.apache.hadoop.ipc.CallQueueManager.take(CallQueueManager.java:317)
        at org.apache.hadoop.ipc.Server$Handler.run(Server.java:2932)
"qtp1228228474-1796" daemon prio=5 tid=1796 timed_waiting
java.lang.Thread.State: TIMED_WAITING
        at sun.misc.Unsafe.park(Native Method)
        at java.util.concurrent.locks.LockSupport.parkNanos(LockSupport.java:215)
        at java.util.concurrent.locks.AbstractQueuedSynchronizer$ConditionObject.awaitNanos(AbstractQueuedSynchronizer.java:2083)
        at org.eclipse.jetty.util.BlockingArrayQueue.poll(BlockingArrayQueue.java:382)
        at org.eclipse.jetty.util.thread.QueuedThreadPool$Runner.idleJobPoll(QueuedThreadPool.java:974)
        at org.eclipse.jetty.util.thread.QueuedThreadPool$Runner.run(QueuedThreadPool.java:1018)
        at java.lang.Thread.run(Thread.java:750)
"IPC Server handler 7 on default port 39853" daemon prio=5 tid=1104 timed_waiting
java.lang.Thread.State: TIMED_WAITING
        at sun.misc.Unsafe.park(Native Method)
        at java.util.concurrent.locks.LockSupport.parkNanos(LockSupport.java:215)
        at java.util.concurrent.locks.AbstractQueuedSynchronizer$ConditionObject.awaitNanos(AbstractQueuedSynchronizer.java:2083)
        at java.util.concurrent.LinkedBlockingQueue.poll(LinkedBlockingQueue.java:467)
        at org.apache.hadoop.ipc.CallQueueManager.take(CallQueueManager.java:317)
        at org.apache.hadoop.ipc.Server$Handler.run(Server.java:2932)
"IPC Server handler 6 on default port 38039" daemon prio=5 tid=1203 timed_waiting
java.lang.Thread.State: TIMED_WAITING
        at sun.misc.Unsafe.park(Native Method)
        at java.util.concurrent.locks.LockSupport.parkNanos(LockSupport.java:215)
        at java.util.concurrent.locks.AbstractQueuedSynchronizer$ConditionObject.awaitNanos(AbstractQueuedSynchronizer.java:2083)
        at java.util.concurrent.LinkedBlockingQueue.poll(LinkedBlockingQueue.java:467)
        at org.apache.hadoop.ipc.CallQueueManager.take(CallQueueManager.java:317)
        at org.apache.hadoop.ipc.Server$Handler.run(Server.java:2932)
"IPC Server handler 52 on default port 38039" daemon prio=5 tid=1249 timed_waiting
java.lang.Thread.State: TIMED_WAITING
        at sun.misc.Unsafe.park(Native Method)
        at java.util.concurrent.locks.LockSupport.parkNanos(LockSupport.java:215)
        at java.util.concurrent.locks.AbstractQueuedSynchronizer$ConditionObject.awaitNanos(AbstractQueuedSynchronizer.java:2083)
        at java.util.concurrent.LinkedBlockingQueue.poll(LinkedBlockingQueue.java:467)
        at org.apache.hadoop.ipc.CallQueueManager.take(CallQueueManager.java:317)
        at org.apache.hadoop.ipc.Server$Handler.run(Server.java:2932)
"IPC Server handler 50 on default port 46755" daemon prio=5 tid=1364 timed_waiting
java.lang.Thread.State: TIMED_WAITING
        at sun.misc.Unsafe.park(Native Method)
        at java.util.concurrent.locks.LockSupport.parkNanos(LockSupport.java:215)
        at java.util.concurrent.locks.AbstractQueuedSynchronizer$ConditionObject.awaitNanos(AbstractQueuedSynchronizer.java:2083)
        at java.util.concurrent.LinkedBlockingQueue.poll(LinkedBlockingQueue.java:467)
        at org.apache.hadoop.ipc.CallQueueManager.take(CallQueueManager.java:317)
        at org.apache.hadoop.ipc.Server$Handler.run(Server.java:2932)
"IPC Server handler 2 on default port 38511" daemon prio=5 tid=1729 timed_waiting
java.lang.Thread.State: TIMED_WAITING
        at sun.misc.Unsafe.park(Native Method)
        at java.util.concurrent.locks.LockSupport.parkNanos(LockSupport.java:215)
        at java.util.concurrent.locks.AbstractQueuedSynchronizer$ConditionObject.awaitNanos(AbstractQueuedSynchronizer.java:2083)
        at java.util.concurrent.LinkedBlockingQueue.poll(LinkedBlockingQueue.java:467)
        at org.apache.hadoop.ipc.CallQueueManager.take(CallQueueManager.java:317)
        at org.apache.hadoop.ipc.Server$Handler.run(Server.java:2932)
"qtp1429090825-1723" daemon prio=5 tid=1723 timed_waiting
java.lang.Thread.State: TIMED_WAITING
        at sun.misc.Unsafe.park(Native Method)
        at java.util.concurrent.locks.LockSupport.parkNanos(LockSupport.java:215)
        at java.util.concurrent.locks.AbstractQueuedSynchronizer$ConditionObject.awaitNanos(AbstractQueuedSynchronizer.java:2083)
        at org.eclipse.jetty.util.BlockingArrayQueue.poll(BlockingArrayQueue.java:382)
        at org.eclipse.jetty.util.thread.QueuedThreadPool$Runner.idleJobPoll(QueuedThreadPool.java:974)
        at org.eclipse.jetty.util.thread.QueuedThreadPool$Runner.run(QueuedThreadPool.java:1018)
        at java.lang.Thread.run(Thread.java:750)
"pool-463-thread-1"  prio=5 tid=1791 timed_waiting
java.lang.Thread.State: TIMED_WAITING
        at sun.misc.Unsafe.park(Native Method)
        at java.util.concurrent.locks.LockSupport.parkNanos(LockSupport.java:215)
        at java.util.concurrent.locks.AbstractQueuedSynchronizer$ConditionObject.awaitNanos(AbstractQueuedSynchronizer.java:2083)
        at java.util.concurrent.ScheduledThreadPoolExecutor$DelayedWorkQueue.take(ScheduledThreadPoolExecutor.java:1093)
        at java.util.concurrent.ScheduledThreadPoolExecutor$DelayedWorkQueue.take(ScheduledThreadPoolExecutor.java:809)
        at java.util.concurrent.ThreadPoolExecutor.getTask(ThreadPoolExecutor.java:1074)
        at java.util.concurrent.ThreadPoolExecutor.runWorker(ThreadPoolExecutor.java:1134)
        at java.util.concurrent.ThreadPoolExecutor$Worker.run(ThreadPoolExecutor.java:624)
        at java.lang.Thread.run(Thread.java:750)
"Datanode ReportManager Thread - 4" daemon prio=5 tid=629 in Object.wait()
java.lang.Thread.State: WAITING (on object monitor)
        at sun.misc.Unsafe.park(Native Method)
        at java.util.concurrent.locks.LockSupport.park(LockSupport.java:175)
        at java.util.concurrent.locks.AbstractQueuedSynchronizer$ConditionObject.await(AbstractQueuedSynchronizer.java:2044)
        at java.util.concurrent.ScheduledThreadPoolExecutor$DelayedWorkQueue.take(ScheduledThreadPoolExecutor.java:1088)
        at java.util.concurrent.ScheduledThreadPoolExecutor$DelayedWorkQueue.take(ScheduledThreadPoolExecutor.java:809)
        at java.util.concurrent.ThreadPoolExecutor.getTask(ThreadPoolExecutor.java:1074)
        at java.util.concurrent.ThreadPoolExecutor.runWorker(ThreadPoolExecutor.java:1134)
        at java.util.concurrent.ThreadPoolExecutor$Worker.run(ThreadPoolExecutor.java:624)
        at java.lang.Thread.run(Thread.java:750)
"FullTableCache Cleanup Thread - 0" daemon prio=5 tid=848 in Object.wait()
java.lang.Thread.State: WAITING (on object monitor)
        at sun.misc.Unsafe.park(Native Method)
        at java.util.concurrent.locks.LockSupport.park(LockSupport.java:175)
        at java.util.concurrent.locks.AbstractQueuedSynchronizer$ConditionObject.await(AbstractQueuedSynchronizer.java:2044)
        at java.util.concurrent.LinkedBlockingQueue.take(LinkedBlockingQueue.java:442)
        at java.util.concurrent.ThreadPoolExecutor.getTask(ThreadPoolExecutor.java:1074)
        at java.util.concurrent.ThreadPoolExecutor.runWorker(ThreadPoolExecutor.java:1134)
        at java.util.concurrent.ThreadPoolExecutor$Worker.run(ThreadPoolExecutor.java:624)
        at java.lang.Thread.run(Thread.java:750)
"IPC Server handler 57 on default port 38039" daemon prio=5 tid=1254 timed_waiting
java.lang.Thread.State: TIMED_WAITING
        at sun.misc.Unsafe.park(Native Method)
        at java.util.concurrent.locks.LockSupport.parkNanos(LockSupport.java:215)
        at java.util.concurrent.locks.AbstractQueuedSynchronizer$ConditionObject.awaitNanos(AbstractQueuedSynchronizer.java:2083)
        at java.util.concurrent.LinkedBlockingQueue.poll(LinkedBlockingQueue.java:467)
        at org.apache.hadoop.ipc.CallQueueManager.take(CallQueueManager.java:317)
        at org.apache.hadoop.ipc.Server$Handler.run(Server.java:2932)
"FixedThreadPoolWithAffinityExecutor-1-0" daemon prio=5 tid=1592 in Object.wait()
java.lang.Thread.State: WAITING (on object monitor)
        at sun.misc.Unsafe.park(Native Method)
        at java.util.concurrent.locks.LockSupport.park(LockSupport.java:175)
        at java.util.concurrent.locks.AbstractQueuedSynchronizer$ConditionObject.await(AbstractQueuedSynchronizer.java:2044)
        at java.util.concurrent.LinkedBlockingDeque.takeFirst(LinkedBlockingDeque.java:492)
        at java.util.concurrent.LinkedBlockingDeque.take(LinkedBlockingDeque.java:680)
        at java.util.concurrent.ThreadPoolExecutor.getTask(ThreadPoolExecutor.java:1074)
        at java.util.concurrent.ThreadPoolExecutor.runWorker(ThreadPoolExecutor.java:1134)
        at java.util.concurrent.ThreadPoolExecutor$Worker.run(ThreadPoolExecutor.java:624)
        at java.lang.Thread.run(Thread.java:750)
"EventQueue-NodeRegistrationContainerReportForDataNodeSafeModeRule" daemon prio=5 tid=1585 in Object.wait()
java.lang.Thread.State: WAITING (on object monitor)
        at sun.misc.Unsafe.park(Native Method)
        at java.util.concurrent.locks.LockSupport.park(LockSupport.java:175)
        at java.util.concurrent.locks.AbstractQueuedSynchronizer$ConditionObject.await(AbstractQueuedSynchronizer.java:2044)
        at java.util.concurrent.LinkedBlockingQueue.take(LinkedBlockingQueue.java:442)
        at java.util.concurrent.ThreadPoolExecutor.getTask(ThreadPoolExecutor.java:1074)
        at java.util.concurrent.ThreadPoolExecutor.runWorker(ThreadPoolExecutor.java:1134)
        at java.util.concurrent.ThreadPoolExecutor$Worker.run(ThreadPoolExecutor.java:624)
        at java.lang.Thread.run(Thread.java:750)
"IPC Server handler 64 on default port 46755" daemon prio=5 tid=1378 timed_waiting
java.lang.Thread.State: TIMED_WAITING
        at sun.misc.Unsafe.park(Native Method)
        at java.util.concurrent.locks.LockSupport.parkNanos(LockSupport.java:215)
        at java.util.concurrent.locks.AbstractQueuedSynchronizer$ConditionObject.awaitNanos(AbstractQueuedSynchronizer.java:2083)
        at java.util.concurrent.LinkedBlockingQueue.poll(LinkedBlockingQueue.java:467)
        at org.apache.hadoop.ipc.CallQueueManager.take(CallQueueManager.java:317)
        at org.apache.hadoop.ipc.Server$Handler.run(Server.java:2932)
"IPC Server handler 89 on default port 38039" daemon prio=5 tid=1286 timed_waiting
java.lang.Thread.State: TIMED_WAITING
        at sun.misc.Unsafe.park(Native Method)
        at java.util.concurrent.locks.LockSupport.parkNanos(LockSupport.java:215)
        at java.util.concurrent.locks.AbstractQueuedSynchronizer$ConditionObject.awaitNanos(AbstractQueuedSynchronizer.java:2083)
        at java.util.concurrent.LinkedBlockingQueue.poll(LinkedBlockingQueue.java:467)
        at org.apache.hadoop.ipc.CallQueueManager.take(CallQueueManager.java:317)
        at org.apache.hadoop.ipc.Server$Handler.run(Server.java:2932)
"IPC Server handler 91 on default port 39853" daemon prio=5 tid=1188 timed_waiting
java.lang.Thread.State: TIMED_WAITING
        at sun.misc.Unsafe.park(Native Method)
        at java.util.concurrent.locks.LockSupport.parkNanos(LockSupport.java:215)
        at java.util.concurrent.locks.AbstractQueuedSynchronizer$ConditionObject.awaitNanos(AbstractQueuedSynchronizer.java:2083)
        at java.util.concurrent.LinkedBlockingQueue.poll(LinkedBlockingQueue.java:467)
        at org.apache.hadoop.ipc.CallQueueManager.take(CallQueueManager.java:317)
        at org.apache.hadoop.ipc.Server$Handler.run(Server.java:2932)
"IPC Server handler 17 on default port 41695" daemon prio=5 tid=1818 timed_waiting
java.lang.Thread.State: TIMED_WAITING
        at sun.misc.Unsafe.park(Native Method)
        at java.util.concurrent.locks.LockSupport.parkNanos(LockSupport.java:215)
        at java.util.concurrent.locks.AbstractQueuedSynchronizer$ConditionObject.awaitNanos(AbstractQueuedSynchronizer.java:2083)
        at java.util.concurrent.LinkedBlockingQueue.poll(LinkedBlockingQueue.java:467)
        at org.apache.hadoop.ipc.CallQueueManager.take(CallQueueManager.java:317)
        at org.apache.hadoop.ipc.Server$Handler.run(Server.java:2932)
"FullTableCache Cleanup Thread - 0" daemon prio=5 tid=849 in Object.wait()
java.lang.Thread.State: WAITING (on object monitor)
        at sun.misc.Unsafe.park(Native Method)
        at java.util.concurrent.locks.LockSupport.park(LockSupport.java:175)
        at java.util.concurrent.locks.AbstractQueuedSynchronizer$ConditionObject.await(AbstractQueuedSynchronizer.java:2044)
        at java.util.concurrent.LinkedBlockingQueue.take(LinkedBlockingQueue.java:442)
        at java.util.concurrent.ThreadPoolExecutor.getTask(ThreadPoolExecutor.java:1074)
        at java.util.concurrent.ThreadPoolExecutor.runWorker(ThreadPoolExecutor.java:1134)
        at java.util.concurrent.ThreadPoolExecutor$Worker.run(ThreadPoolExecutor.java:624)
        at java.lang.Thread.run(Thread.java:750)
"IPC Server handler 15 on default port 38039" daemon prio=5 tid=1212 timed_waiting
java.lang.Thread.State: TIMED_WAITING
        at sun.misc.Unsafe.park(Native Method)
        at java.util.concurrent.locks.LockSupport.parkNanos(LockSupport.java:215)
        at java.util.concurrent.locks.AbstractQueuedSynchronizer$ConditionObject.awaitNanos(AbstractQueuedSynchronizer.java:2083)
        at java.util.concurrent.LinkedBlockingQueue.poll(LinkedBlockingQueue.java:467)
        at org.apache.hadoop.ipc.CallQueueManager.take(CallQueueManager.java:317)
        at org.apache.hadoop.ipc.Server$Handler.run(Server.java:2932)
"Datanode ReportManager Thread - 2" daemon prio=5 tid=573 in Object.wait()
java.lang.Thread.State: WAITING (on object monitor)
        at sun.misc.Unsafe.park(Native Method)
        at java.util.concurrent.locks.LockSupport.park(LockSupport.java:175)
        at java.util.concurrent.locks.AbstractQueuedSynchronizer$ConditionObject.await(AbstractQueuedSynchronizer.java:2044)
        at java.util.concurrent.ScheduledThreadPoolExecutor$DelayedWorkQueue.take(ScheduledThreadPoolExecutor.java:1088)
        at java.util.concurrent.ScheduledThreadPoolExecutor$DelayedWorkQueue.take(ScheduledThreadPoolExecutor.java:809)
        at java.util.concurrent.ThreadPoolExecutor.getTask(ThreadPoolExecutor.java:1074)
        at java.util.concurrent.ThreadPoolExecutor.runWorker(ThreadPoolExecutor.java:1134)
        at java.util.concurrent.ThreadPoolExecutor$Worker.run(ThreadPoolExecutor.java:624)
        at java.lang.Thread.run(Thread.java:750)
"KeyDeletingService#0" daemon prio=5 tid=1788 timed_waiting
java.lang.Thread.State: TIMED_WAITING
        at sun.misc.Unsafe.park(Native Method)
        at java.util.concurrent.locks.LockSupport.parkNanos(LockSupport.java:215)
        at java.util.concurrent.locks.AbstractQueuedSynchronizer$ConditionObject.awaitNanos(AbstractQueuedSynchronizer.java:2083)
        at java.util.concurrent.ScheduledThreadPoolExecutor$DelayedWorkQueue.take(ScheduledThreadPoolExecutor.java:1093)
        at java.util.concurrent.ScheduledThreadPoolExecutor$DelayedWorkQueue.take(ScheduledThreadPoolExecutor.java:809)
        at java.util.concurrent.ThreadPoolExecutor.getTask(ThreadPoolExecutor.java:1074)
        at java.util.concurrent.ThreadPoolExecutor.runWorker(ThreadPoolExecutor.java:1134)
        at java.util.concurrent.ThreadPoolExecutor$Worker.run(ThreadPoolExecutor.java:624)
        at java.lang.Thread.run(Thread.java:750)
"IPC Server Responder" daemon prio=5 tid=1710 runnable
java.lang.Thread.State: RUNNABLE
        at sun.nio.ch.EPollArrayWrapper.epollWait(Native Method)
        at sun.nio.ch.EPollArrayWrapper.poll(EPollArrayWrapper.java:269)
        at sun.nio.ch.EPollSelectorImpl.doSelect(EPollSelectorImpl.java:93)
        at sun.nio.ch.SelectorImpl.lockAndDoSelect(SelectorImpl.java:86)
        at sun.nio.ch.SelectorImpl.select(SelectorImpl.java:97)
        at org.apache.hadoop.ipc.Server$Responder.doRunLoop(Server.java:1527)
        at org.apache.hadoop.ipc.Server$Responder.run(Server.java:1510)
"IPC Server handler 64 on default port 38039" daemon prio=5 tid=1261 timed_waiting
java.lang.Thread.State: TIMED_WAITING
        at sun.misc.Unsafe.park(Native Method)
        at java.util.concurrent.locks.LockSupport.parkNanos(LockSupport.java:215)
        at java.util.concurrent.locks.AbstractQueuedSynchronizer$ConditionObject.awaitNanos(AbstractQueuedSynchronizer.java:2083)
        at java.util.concurrent.LinkedBlockingQueue.poll(LinkedBlockingQueue.java:467)
        at org.apache.hadoop.ipc.CallQueueManager.take(CallQueueManager.java:317)
        at org.apache.hadoop.ipc.Server$Handler.run(Server.java:2932)
"74f1d438-0997-4634-9c34-91afcc4dae77-server-thread1" daemon prio=5 tid=1659 timed_waiting
java.lang.Thread.State: TIMED_WAITING
        at sun.misc.Unsafe.park(Native Method)
        at java.util.concurrent.locks.LockSupport.parkNanos(LockSupport.java:215)
        at java.util.concurrent.SynchronousQueue$TransferStack.awaitFulfill(SynchronousQueue.java:460)
        at java.util.concurrent.SynchronousQueue$TransferStack.transfer(SynchronousQueue.java:362)
        at java.util.concurrent.SynchronousQueue.poll(SynchronousQueue.java:941)
        at java.util.concurrent.ThreadPoolExecutor.getTask(ThreadPoolExecutor.java:1073)
        at java.util.concurrent.ThreadPoolExecutor.runWorker(ThreadPoolExecutor.java:1134)
        at java.util.concurrent.ThreadPoolExecutor$Worker.run(ThreadPoolExecutor.java:624)
        at java.lang.Thread.run(Thread.java:750)
"IPC Server handler 12 on default port 41695" daemon prio=5 tid=1813 timed_waiting
java.lang.Thread.State: TIMED_WAITING
        at sun.misc.Unsafe.park(Native Method)
        at java.util.concurrent.locks.LockSupport.parkNanos(LockSupport.java:215)
        at java.util.concurrent.locks.AbstractQueuedSynchronizer$ConditionObject.awaitNanos(AbstractQueuedSynchronizer.java:2083)
        at java.util.concurrent.LinkedBlockingQueue.poll(LinkedBlockingQueue.java:467)
        at org.apache.hadoop.ipc.CallQueueManager.take(CallQueueManager.java:317)
        at org.apache.hadoop.ipc.Server$Handler.run(Server.java:2932)
"EventQueue-OpenPipelineForHealthyPipelineSafeModeRule" daemon prio=5 tid=1597 in Object.wait()
java.lang.Thread.State: WAITING (on object monitor)
        at sun.misc.Unsafe.park(Native Method)
        at java.util.concurrent.locks.LockSupport.park(LockSupport.java:175)
        at java.util.concurrent.locks.AbstractQueuedSynchronizer$ConditionObject.await(AbstractQueuedSynchronizer.java:2044)
        at java.util.concurrent.LinkedBlockingQueue.take(LinkedBlockingQueue.java:442)
        at java.util.concurrent.ThreadPoolExecutor.getTask(ThreadPoolExecutor.java:1074)
        at java.util.concurrent.ThreadPoolExecutor.runWorker(ThreadPoolExecutor.java:1134)
        at java.util.concurrent.ThreadPoolExecutor$Worker.run(ThreadPoolExecutor.java:624)
        at java.lang.Thread.run(Thread.java:750)
"Datanode ReportManager Thread - 3" daemon prio=5 tid=628 in Object.wait()
java.lang.Thread.State: WAITING (on object monitor)
        at sun.misc.Unsafe.park(Native Method)
        at java.util.concurrent.locks.LockSupport.park(LockSupport.java:175)
        at java.util.concurrent.locks.AbstractQueuedSynchronizer$ConditionObject.await(AbstractQueuedSynchronizer.java:2044)
        at java.util.concurrent.ScheduledThreadPoolExecutor$DelayedWorkQueue.take(ScheduledThreadPoolExecutor.java:1088)
        at java.util.concurrent.ScheduledThreadPoolExecutor$DelayedWorkQueue.take(ScheduledThreadPoolExecutor.java:809)
        at java.util.concurrent.ThreadPoolExecutor.getTask(ThreadPoolExecutor.java:1074)
        at java.util.concurrent.ThreadPoolExecutor.runWorker(ThreadPoolExecutor.java:1134)
        at java.util.concurrent.ThreadPoolExecutor$Worker.run(ThreadPoolExecutor.java:624)
        at java.lang.Thread.run(Thread.java:750)
"Datanode ReportManager Thread - 1" daemon prio=5 tid=1484 in Object.wait()
java.lang.Thread.State: WAITING (on object monitor)
        at sun.misc.Unsafe.park(Native Method)
        at java.util.concurrent.locks.LockSupport.park(LockSupport.java:175)
        at java.util.concurrent.locks.AbstractQueuedSynchronizer$ConditionObject.await(AbstractQueuedSynchronizer.java:2044)
        at java.util.concurrent.ScheduledThreadPoolExecutor$DelayedWorkQueue.take(ScheduledThreadPoolExecutor.java:1088)
        at java.util.concurrent.ScheduledThreadPoolExecutor$DelayedWorkQueue.take(ScheduledThreadPoolExecutor.java:809)
        at java.util.concurrent.ThreadPoolExecutor.getTask(ThreadPoolExecutor.java:1074)
        at java.util.concurrent.ThreadPoolExecutor.runWorker(ThreadPoolExecutor.java:1134)
        at java.util.concurrent.ThreadPoolExecutor$Worker.run(ThreadPoolExecutor.java:624)
        at java.lang.Thread.run(Thread.java:750)
"IPC Server handler 0 on default port 39853" daemon prio=5 tid=1097 timed_waiting
java.lang.Thread.State: TIMED_WAITING
        at sun.misc.Unsafe.park(Native Method)
        at java.util.concurrent.locks.LockSupport.parkNanos(LockSupport.java:215)
        at java.util.concurrent.locks.AbstractQueuedSynchronizer$ConditionObject.awaitNanos(AbstractQueuedSynchronizer.java:2083)
        at java.util.concurrent.LinkedBlockingQueue.poll(LinkedBlockingQueue.java:467)
        at org.apache.hadoop.ipc.CallQueueManager.take(CallQueueManager.java:317)
        at org.apache.hadoop.ipc.Server$Handler.run(Server.java:2932)
"IPC Server handler 38 on default port 46755" daemon prio=5 tid=1352 timed_waiting
java.lang.Thread.State: TIMED_WAITING
        at sun.misc.Unsafe.park(Native Method)
        at java.util.concurrent.locks.LockSupport.parkNanos(LockSupport.java:215)
        at java.util.concurrent.locks.AbstractQueuedSynchronizer$ConditionObject.awaitNanos(AbstractQueuedSynchronizer.java:2083)
        at java.util.concurrent.LinkedBlockingQueue.poll(LinkedBlockingQueue.java:467)
        at org.apache.hadoop.ipc.CallQueueManager.take(CallQueueManager.java:317)
        at org.apache.hadoop.ipc.Server$Handler.run(Server.java:2932)
"qtp1228228474-1794" daemon prio=5 tid=1794 timed_waiting
java.lang.Thread.State: TIMED_WAITING
        at sun.misc.Unsafe.park(Native Method)
        at java.util.concurrent.locks.LockSupport.parkNanos(LockSupport.java:215)
        at java.util.concurrent.locks.AbstractQueuedSynchronizer$ConditionObject.awaitNanos(AbstractQueuedSynchronizer.java:2083)
        at org.eclipse.jetty.util.BlockingArrayQueue.poll(BlockingArrayQueue.java:382)
        at org.eclipse.jetty.util.thread.QueuedThreadPool$Runner.idleJobPoll(QueuedThreadPool.java:974)
        at org.eclipse.jetty.util.thread.QueuedThreadPool$Runner.run(QueuedThreadPool.java:1018)
        at java.lang.Thread.run(Thread.java:750)
"Datanode ReportManager Thread - 4" daemon prio=5 tid=1515 in Object.wait()
java.lang.Thread.State: WAITING (on object monitor)
        at sun.misc.Unsafe.park(Native Method)
        at java.util.concurrent.locks.LockSupport.park(LockSupport.java:175)
        at java.util.concurrent.locks.AbstractQueuedSynchronizer$ConditionObject.await(AbstractQueuedSynchronizer.java:2044)
        at java.util.concurrent.ScheduledThreadPoolExecutor$DelayedWorkQueue.take(ScheduledThreadPoolExecutor.java:1088)
        at java.util.concurrent.ScheduledThreadPoolExecutor$DelayedWorkQueue.take(ScheduledThreadPoolExecutor.java:809)
        at java.util.concurrent.ThreadPoolExecutor.getTask(ThreadPoolExecutor.java:1074)
        at java.util.concurrent.ThreadPoolExecutor.runWorker(ThreadPoolExecutor.java:1134)
        at java.util.concurrent.ThreadPoolExecutor$Worker.run(ThreadPoolExecutor.java:624)
        at java.lang.Thread.run(Thread.java:750)
"IPC Server handler 66 on default port 39853" daemon prio=5 tid=1163 timed_waiting
java.lang.Thread.State: TIMED_WAITING
        at sun.misc.Unsafe.park(Native Method)
        at java.util.concurrent.locks.LockSupport.parkNanos(LockSupport.java:215)
        at java.util.concurrent.locks.AbstractQueuedSynchronizer$ConditionObject.awaitNanos(AbstractQueuedSynchronizer.java:2083)
        at java.util.concurrent.LinkedBlockingQueue.poll(LinkedBlockingQueue.java:467)
        at org.apache.hadoop.ipc.CallQueueManager.take(CallQueueManager.java:317)
        at org.apache.hadoop.ipc.Server$Handler.run(Server.java:2932)
"IPC Server handler 56 on default port 39853" daemon prio=5 tid=1153 timed_waiting
java.lang.Thread.State: TIMED_WAITING
        at sun.misc.Unsafe.park(Native Method)
        at java.util.concurrent.locks.LockSupport.parkNanos(LockSupport.java:215)
        at java.util.concurrent.locks.AbstractQueuedSynchronizer$ConditionObject.awaitNanos(AbstractQueuedSynchronizer.java:2083)
        at java.util.concurrent.LinkedBlockingQueue.poll(LinkedBlockingQueue.java:467)
        at org.apache.hadoop.ipc.CallQueueManager.take(CallQueueManager.java:317)
        at org.apache.hadoop.ipc.Server$Handler.run(Server.java:2932)
"IPC Server handler 26 on default port 38039" daemon prio=5 tid=1223 timed_waiting
java.lang.Thread.State: TIMED_WAITING
        at sun.misc.Unsafe.park(Native Method)
        at java.util.concurrent.locks.LockSupport.parkNanos(LockSupport.java:215)
        at java.util.concurrent.locks.AbstractQueuedSynchronizer$ConditionObject.awaitNanos(AbstractQueuedSynchronizer.java:2083)
        at java.util.concurrent.LinkedBlockingQueue.poll(LinkedBlockingQueue.java:467)
        at org.apache.hadoop.ipc.CallQueueManager.take(CallQueueManager.java:317)
        at org.apache.hadoop.ipc.Server$Handler.run(Server.java:2932)
"IPC Server handler 45 on default port 38039" daemon prio=5 tid=1242 timed_waiting
java.lang.Thread.State: TIMED_WAITING
        at sun.misc.Unsafe.park(Native Method)
        at java.util.concurrent.locks.LockSupport.parkNanos(LockSupport.java:215)
        at java.util.concurrent.locks.AbstractQueuedSynchronizer$ConditionObject.awaitNanos(AbstractQueuedSynchronizer.java:2083)
        at java.util.concurrent.LinkedBlockingQueue.poll(LinkedBlockingQueue.java:467)
        at org.apache.hadoop.ipc.CallQueueManager.take(CallQueueManager.java:317)
        at org.apache.hadoop.ipc.Server$Handler.run(Server.java:2932)
"null-request--thread1" daemon prio=5 tid=1690 timed_waiting
java.lang.Thread.State: TIMED_WAITING
        at sun.misc.Unsafe.park(Native Method)
        at java.util.concurrent.locks.LockSupport.parkNanos(LockSupport.java:215)
        at java.util.concurrent.locks.AbstractQueuedSynchronizer$ConditionObject.awaitNanos(AbstractQueuedSynchronizer.java:2083)
        at java.util.concurrent.LinkedBlockingQueue.poll(LinkedBlockingQueue.java:467)
        at java.util.concurrent.ThreadPoolExecutor.getTask(ThreadPoolExecutor.java:1073)
        at java.util.concurrent.ThreadPoolExecutor.runWorker(ThreadPoolExecutor.java:1134)
        at java.util.concurrent.ThreadPoolExecutor$Worker.run(ThreadPoolExecutor.java:624)
        at java.lang.Thread.run(Thread.java:750)
"c0693ef0-230a-48dd-aa8a-44a8c3878b49@group-26218CACBD25-StateMachineUpdater" daemon prio=5 tid=1604 timed_waiting
java.lang.Thread.State: TIMED_WAITING
        at sun.misc.Unsafe.park(Native Method)
        at java.util.concurrent.locks.LockSupport.parkNanos(LockSupport.java:215)
        at java.util.concurrent.CompletableFuture$Signaller.block(CompletableFuture.java:1709)
        at java.util.concurrent.ForkJoinPool.managedBlock(ForkJoinPool.java:3323)
        at java.util.concurrent.CompletableFuture.timedGet(CompletableFuture.java:1788)
        at java.util.concurrent.CompletableFuture.get(CompletableFuture.java:1928)
        at org.apache.ratis.util.AwaitForSignal.await(AwaitForSignal.java:56)
        at org.apache.ratis.server.impl.StateMachineUpdater.waitForCommit(StateMachineUpdater.java:207)
        at org.apache.ratis.server.impl.StateMachineUpdater.run(StateMachineUpdater.java:176)
        at java.lang.Thread.run(Thread.java:750)
"IPC Server handler 43 on default port 39853" daemon prio=5 tid=1140 timed_waiting
java.lang.Thread.State: TIMED_WAITING
        at sun.misc.Unsafe.park(Native Method)
        at java.util.concurrent.locks.LockSupport.parkNanos(LockSupport.java:215)
        at java.util.concurrent.locks.AbstractQueuedSynchronizer$ConditionObject.awaitNanos(AbstractQueuedSynchronizer.java:2083)
        at java.util.concurrent.LinkedBlockingQueue.poll(LinkedBlockingQueue.java:467)
        at org.apache.hadoop.ipc.CallQueueManager.take(CallQueueManager.java:317)
        at org.apache.hadoop.ipc.Server$Handler.run(Server.java:2932)
"IPC Server handler 67 on default port 38039" daemon prio=5 tid=1264 timed_waiting
java.lang.Thread.State: TIMED_WAITING
        at sun.misc.Unsafe.park(Native Method)
        at java.util.concurrent.locks.LockSupport.parkNanos(LockSupport.java:215)
        at java.util.concurrent.locks.AbstractQueuedSynchronizer$ConditionObject.awaitNanos(AbstractQueuedSynchronizer.java:2083)
        at java.util.concurrent.LinkedBlockingQueue.poll(LinkedBlockingQueue.java:467)
        at org.apache.hadoop.ipc.CallQueueManager.take(CallQueueManager.java:317)
        at org.apache.hadoop.ipc.Server$Handler.run(Server.java:2932)
"EventQueue-PipelineReportForOneReplicaPipelineSafeModeRule" daemon prio=5 tid=1587 in Object.wait()
java.lang.Thread.State: WAITING (on object monitor)
        at sun.misc.Unsafe.park(Native Method)
        at java.util.concurrent.locks.LockSupport.park(LockSupport.java:175)
        at java.util.concurrent.locks.AbstractQueuedSynchronizer$ConditionObject.await(AbstractQueuedSynchronizer.java:2044)
        at java.util.concurrent.LinkedBlockingQueue.take(LinkedBlockingQueue.java:442)
        at java.util.concurrent.ThreadPoolExecutor.getTask(ThreadPoolExecutor.java:1074)
        at java.util.concurrent.ThreadPoolExecutor.runWorker(ThreadPoolExecutor.java:1134)
        at java.util.concurrent.ThreadPoolExecutor$Worker.run(ThreadPoolExecutor.java:624)
        at java.lang.Thread.run(Thread.java:750)
"StaleRecoveringContainerScrubbingService#0" daemon prio=5 tid=1555 timed_waiting
java.lang.Thread.State: TIMED_WAITING
        at sun.misc.Unsafe.park(Native Method)
        at java.util.concurrent.locks.LockSupport.parkNanos(LockSupport.java:215)
        at java.util.concurrent.locks.AbstractQueuedSynchronizer$ConditionObject.awaitNanos(AbstractQueuedSynchronizer.java:2083)
        at java.util.concurrent.ScheduledThreadPoolExecutor$DelayedWorkQueue.take(ScheduledThreadPoolExecutor.java:1093)
        at java.util.concurrent.ScheduledThreadPoolExecutor$DelayedWorkQueue.take(ScheduledThreadPoolExecutor.java:809)
        at java.util.concurrent.ThreadPoolExecutor.getTask(ThreadPoolExecutor.java:1074)
        at java.util.concurrent.ThreadPoolExecutor.runWorker(ThreadPoolExecutor.java:1134)
        at java.util.concurrent.ThreadPoolExecutor$Worker.run(ThreadPoolExecutor.java:624)
        at java.lang.Thread.run(Thread.java:750)
"qtp1429090825-1722" daemon prio=5 tid=1722 timed_waiting
java.lang.Thread.State: TIMED_WAITING
        at sun.misc.Unsafe.park(Native Method)
        at java.util.concurrent.locks.LockSupport.parkNanos(LockSupport.java:215)
        at java.util.concurrent.locks.AbstractQueuedSynchronizer$ConditionObject.awaitNanos(AbstractQueuedSynchronizer.java:2083)
        at org.eclipse.jetty.util.BlockingArrayQueue.poll(BlockingArrayQueue.java:382)
        at org.eclipse.jetty.util.thread.QueuedThreadPool$Runner.idleJobPoll(QueuedThreadPool.java:974)
        at org.eclipse.jetty.util.thread.QueuedThreadPool$Runner.run(QueuedThreadPool.java:1018)
        at java.lang.Thread.run(Thread.java:750)
"IPC Server handler 57 on default port 46755" daemon prio=5 tid=1371 timed_waiting
java.lang.Thread.State: TIMED_WAITING
        at sun.misc.Unsafe.park(Native Method)
        at java.util.concurrent.locks.LockSupport.parkNanos(LockSupport.java:215)
        at java.util.concurrent.locks.AbstractQueuedSynchronizer$ConditionObject.awaitNanos(AbstractQueuedSynchronizer.java:2083)
        at java.util.concurrent.LinkedBlockingQueue.poll(LinkedBlockingQueue.java:467)
        at org.apache.hadoop.ipc.CallQueueManager.take(CallQueueManager.java:317)
        at org.apache.hadoop.ipc.Server$Handler.run(Server.java:2932)
"IPC Server handler 21 on default port 38039" daemon prio=5 tid=1218 timed_waiting
java.lang.Thread.State: TIMED_WAITING
        at sun.misc.Unsafe.park(Native Method)
        at java.util.concurrent.locks.LockSupport.parkNanos(LockSupport.java:215)
        at java.util.concurrent.locks.AbstractQueuedSynchronizer$ConditionObject.awaitNanos(AbstractQueuedSynchronizer.java:2083)
        at java.util.concurrent.LinkedBlockingQueue.poll(LinkedBlockingQueue.java:467)
        at org.apache.hadoop.ipc.CallQueueManager.take(CallQueueManager.java:317)
        at org.apache.hadoop.ipc.Server$Handler.run(Server.java:2932)
"org.apache.hadoop.ozone.container.common.statemachine.commandhandler.DeleteBlocksCommandHandler$DeleteCmdWorker@5a761dc9" daemon prio=5 tid=585 runnable
java.lang.Thread.State: RUNNABLE
        at java.lang.Thread.sleep(Native Method)
        at org.apache.hadoop.ozone.container.common.statemachine.commandhandler.DeleteBlocksCommandHandler$DeleteCmdWorker.run(DeleteBlocksCommandHandler.java:185)
        at java.lang.Thread.run(Thread.java:750)
"c0693ef0-230a-48dd-aa8a-44a8c3878b49@group-F47393CAD38E-LeaderStateImpl" daemon prio=5 tid=1646 timed_waiting
java.lang.Thread.State: TIMED_WAITING
        at sun.misc.Unsafe.park(Native Method)
        at java.util.concurrent.locks.LockSupport.parkNanos(LockSupport.java:215)
        at java.util.concurrent.locks.AbstractQueuedSynchronizer$ConditionObject.awaitNanos(AbstractQueuedSynchronizer.java:2083)
        at java.util.concurrent.ArrayBlockingQueue.poll(ArrayBlockingQueue.java:418)
        at org.apache.ratis.server.impl.LeaderStateImpl$EventQueue.poll(LeaderStateImpl.java:159)
        at org.apache.ratis.server.impl.LeaderStateImpl$EventProcessor.run(LeaderStateImpl.java:630)
"PartialTableCache Cleanup Thread - 0" daemon prio=5 tid=1764 in Object.wait()
java.lang.Thread.State: WAITING (on object monitor)
        at sun.misc.Unsafe.park(Native Method)
        at java.util.concurrent.locks.LockSupport.park(LockSupport.java:175)
        at java.util.concurrent.locks.AbstractQueuedSynchronizer$ConditionObject.await(AbstractQueuedSynchronizer.java:2044)
        at java.util.concurrent.LinkedBlockingQueue.take(LinkedBlockingQueue.java:442)
        at java.util.concurrent.ThreadPoolExecutor.getTask(ThreadPoolExecutor.java:1074)
        at java.util.concurrent.ThreadPoolExecutor.runWorker(ThreadPoolExecutor.java:1134)
        at java.util.concurrent.ThreadPoolExecutor$Worker.run(ThreadPoolExecutor.java:624)
        at java.lang.Thread.run(Thread.java:750)
"qtp1595633599-1534" daemon prio=5 tid=1534 timed_waiting
java.lang.Thread.State: TIMED_WAITING
        at sun.misc.Unsafe.park(Native Method)
        at java.util.concurrent.locks.LockSupport.parkNanos(LockSupport.java:215)
        at java.util.concurrent.locks.AbstractQueuedSynchronizer$ConditionObject.awaitNanos(AbstractQueuedSynchronizer.java:2083)
        at org.eclipse.jetty.util.BlockingArrayQueue.poll(BlockingArrayQueue.java:382)
        at org.eclipse.jetty.util.thread.QueuedThreadPool$Runner.idleJobPoll(QueuedThreadPool.java:974)
        at org.eclipse.jetty.util.thread.QueuedThreadPool$Runner.run(QueuedThreadPool.java:1018)
        at java.lang.Thread.run(Thread.java:750)
"Timer-6"  prio=5 tid=1787 timed_waiting
java.lang.Thread.State: TIMED_WAITING
        at java.lang.Object.wait(Native Method)
        at java.util.TimerThread.mainLoop(Timer.java:552)
        at java.util.TimerThread.run(Timer.java:505)
"IPC Server Responder" daemon prio=5 tid=1083 runnable
java.lang.Thread.State: RUNNABLE
        at sun.nio.ch.EPollArrayWrapper.epollWait(Native Method)
        at sun.nio.ch.EPollArrayWrapper.poll(EPollArrayWrapper.java:269)
        at sun.nio.ch.EPollSelectorImpl.doSelect(EPollSelectorImpl.java:93)
        at sun.nio.ch.SelectorImpl.lockAndDoSelect(SelectorImpl.java:86)
        at sun.nio.ch.SelectorImpl.select(SelectorImpl.java:97)
        at org.apache.hadoop.ipc.Server$Responder.doRunLoop(Server.java:1527)
        at org.apache.hadoop.ipc.Server$Responder.run(Server.java:1510)
"qtp1711379780-1473" daemon prio=5 tid=1473 runnable
java.lang.Thread.State: RUNNABLE
        at sun.nio.ch.EPollArrayWrapper.epollWait(Native Method)
        at sun.nio.ch.EPollArrayWrapper.poll(EPollArrayWrapper.java:269)
        at sun.nio.ch.EPollSelectorImpl.doSelect(EPollSelectorImpl.java:93)
        at sun.nio.ch.SelectorImpl.lockAndDoSelect(SelectorImpl.java:86)
        at sun.nio.ch.SelectorImpl.select(SelectorImpl.java:97)
        at sun.nio.ch.SelectorImpl.select(SelectorImpl.java:101)
        at org.eclipse.jetty.io.ManagedSelector.nioSelect(ManagedSelector.java:183)
        at org.eclipse.jetty.io.ManagedSelector.select(ManagedSelector.java:190)
        at org.eclipse.jetty.io.ManagedSelector$SelectorProducer.select(ManagedSelector.java:606)
        at org.eclipse.jetty.io.ManagedSelector$SelectorProducer.produce(ManagedSelector.java:543)
        at org.eclipse.jetty.util.thread.strategy.EatWhatYouKill.produceTask(EatWhatYouKill.java:362)
        at org.eclipse.jetty.util.thread.strategy.EatWhatYouKill.doProduce(EatWhatYouKill.java:186)
        at org.eclipse.jetty.util.thread.strategy.EatWhatYouKill.tryProduce(EatWhatYouKill.java:173)
        at org.eclipse.jetty.util.thread.strategy.EatWhatYouKill.produce(EatWhatYouKill.java:137)
        at org.eclipse.jetty.io.ManagedSelector$$Lambda$821/156203431.run(Unknown Source)
        at org.eclipse.jetty.util.thread.QueuedThreadPool.runJob(QueuedThreadPool.java:883)
        at org.eclipse.jetty.util.thread.QueuedThreadPool$Runner.run(QueuedThreadPool.java:1034)
        at java.lang.Thread.run(Thread.java:750)
"8e599114-682f-40f9-8544-01c79a4548da-client-thread1"  prio=5 tid=1589 timed_waiting
java.lang.Thread.State: TIMED_WAITING
        at sun.misc.Unsafe.park(Native Method)
        at java.util.concurrent.locks.LockSupport.parkNanos(LockSupport.java:215)
        at java.util.concurrent.SynchronousQueue$TransferStack.awaitFulfill(SynchronousQueue.java:460)
        at java.util.concurrent.SynchronousQueue$TransferStack.transfer(SynchronousQueue.java:362)
        at java.util.concurrent.SynchronousQueue.poll(SynchronousQueue.java:941)
        at java.util.concurrent.ThreadPoolExecutor.getTask(ThreadPoolExecutor.java:1073)
        at java.util.concurrent.ThreadPoolExecutor.runWorker(ThreadPoolExecutor.java:1134)
        at java.util.concurrent.ThreadPoolExecutor$Worker.run(ThreadPoolExecutor.java:624)
        at java.lang.Thread.run(Thread.java:750)
"IPC Server handler 23 on default port 46755" daemon prio=5 tid=1337 timed_waiting
java.lang.Thread.State: TIMED_WAITING
        at sun.misc.Unsafe.park(Native Method)
        at java.util.concurrent.locks.LockSupport.parkNanos(LockSupport.java:215)
        at java.util.concurrent.locks.AbstractQueuedSynchronizer$ConditionObject.awaitNanos(AbstractQueuedSynchronizer.java:2083)
        at java.util.concurrent.LinkedBlockingQueue.poll(LinkedBlockingQueue.java:467)
        at org.apache.hadoop.ipc.CallQueueManager.take(CallQueueManager.java:317)
        at org.apache.hadoop.ipc.Server$Handler.run(Server.java:2932)
"IPC Server handler 94 on default port 38039" daemon prio=5 tid=1291 timed_waiting
java.lang.Thread.State: TIMED_WAITING
        at sun.misc.Unsafe.park(Native Method)
        at java.util.concurrent.locks.LockSupport.parkNanos(LockSupport.java:215)
        at java.util.concurrent.locks.AbstractQueuedSynchronizer$ConditionObject.awaitNanos(AbstractQueuedSynchronizer.java:2083)
        at java.util.concurrent.LinkedBlockingQueue.poll(LinkedBlockingQueue.java:467)
        at org.apache.hadoop.ipc.CallQueueManager.take(CallQueueManager.java:317)
        at org.apache.hadoop.ipc.Server$Handler.run(Server.java:2932)
"IPC Server handler 60 on default port 38039" daemon prio=5 tid=1257 timed_waiting
java.lang.Thread.State: TIMED_WAITING
        at sun.misc.Unsafe.park(Native Method)
        at java.util.concurrent.locks.LockSupport.parkNanos(LockSupport.java:215)
        at java.util.concurrent.locks.AbstractQueuedSynchronizer$ConditionObject.awaitNanos(AbstractQueuedSynchronizer.java:2083)
        at java.util.concurrent.LinkedBlockingQueue.poll(LinkedBlockingQueue.java:467)
        at org.apache.hadoop.ipc.CallQueueManager.take(CallQueueManager.java:317)
        at org.apache.hadoop.ipc.Server$Handler.run(Server.java:2932)
"IPC Server listener on 41695" daemon prio=5 tid=1780 runnable
java.lang.Thread.State: RUNNABLE
        at sun.nio.ch.EPollArrayWrapper.epollWait(Native Method)
        at sun.nio.ch.EPollArrayWrapper.poll(EPollArrayWrapper.java:269)
        at sun.nio.ch.EPollSelectorImpl.doSelect(EPollSelectorImpl.java:93)
        at sun.nio.ch.SelectorImpl.lockAndDoSelect(SelectorImpl.java:86)
        at sun.nio.ch.SelectorImpl.select(SelectorImpl.java:97)
        at sun.nio.ch.SelectorImpl.select(SelectorImpl.java:101)
        at org.apache.hadoop.ipc.Server$Listener.run(Server.java:1350)
"03e900db-606d-4788-a076-61e9663ea76b@group-AC284E633F92-StateMachineUpdater" daemon prio=5 tid=1628 timed_waiting
java.lang.Thread.State: TIMED_WAITING
        at sun.misc.Unsafe.park(Native Method)
        at java.util.concurrent.locks.LockSupport.parkNanos(LockSupport.java:215)
        at java.util.concurrent.CompletableFuture$Signaller.block(CompletableFuture.java:1709)
        at java.util.concurrent.ForkJoinPool.managedBlock(ForkJoinPool.java:3323)
        at java.util.concurrent.CompletableFuture.timedGet(CompletableFuture.java:1788)
        at java.util.concurrent.CompletableFuture.get(CompletableFuture.java:1928)
        at org.apache.ratis.util.AwaitForSignal.await(AwaitForSignal.java:56)
        at org.apache.ratis.server.impl.StateMachineUpdater.waitForCommit(StateMachineUpdater.java:207)
        at org.apache.ratis.server.impl.StateMachineUpdater.run(StateMachineUpdater.java:176)
        at java.lang.Thread.run(Thread.java:750)
"PartialTableCache Cleanup Thread - 0" daemon prio=5 tid=1687 in Object.wait()
java.lang.Thread.State: WAITING (on object monitor)
        at sun.misc.Unsafe.park(Native Method)
        at java.util.concurrent.locks.LockSupport.park(LockSupport.java:175)
        at java.util.concurrent.locks.AbstractQueuedSynchronizer$ConditionObject.await(AbstractQueuedSynchronizer.java:2044)
        at java.util.concurrent.LinkedBlockingQueue.take(LinkedBlockingQueue.java:442)
        at java.util.concurrent.ThreadPoolExecutor.getTask(ThreadPoolExecutor.java:1074)
        at java.util.concurrent.ThreadPoolExecutor.runWorker(ThreadPoolExecutor.java:1134)
        at java.util.concurrent.ThreadPoolExecutor$Worker.run(ThreadPoolExecutor.java:624)
        at java.lang.Thread.run(Thread.java:750)
"IPC Server handler 28 on default port 38039" daemon prio=5 tid=1225 timed_waiting
java.lang.Thread.State: TIMED_WAITING
        at sun.misc.Unsafe.park(Native Method)
        at java.util.concurrent.locks.LockSupport.parkNanos(LockSupport.java:215)
        at java.util.concurrent.locks.AbstractQueuedSynchronizer$ConditionObject.awaitNanos(AbstractQueuedSynchronizer.java:2083)
        at java.util.concurrent.LinkedBlockingQueue.poll(LinkedBlockingQueue.java:467)
        at org.apache.hadoop.ipc.CallQueueManager.take(CallQueueManager.java:317)
        at org.apache.hadoop.ipc.Server$Handler.run(Server.java:2932)
"IPC Server Responder" daemon prio=5 tid=1091 runnable
java.lang.Thread.State: RUNNABLE
        at sun.nio.ch.EPollArrayWrapper.epollWait(Native Method)
        at sun.nio.ch.EPollArrayWrapper.poll(EPollArrayWrapper.java:269)
        at sun.nio.ch.EPollSelectorImpl.doSelect(EPollSelectorImpl.java:93)
        at sun.nio.ch.SelectorImpl.lockAndDoSelect(SelectorImpl.java:86)
        at sun.nio.ch.SelectorImpl.select(SelectorImpl.java:97)
        at org.apache.hadoop.ipc.Server$Responder.doRunLoop(Server.java:1527)
        at org.apache.hadoop.ipc.Server$Responder.run(Server.java:1510)
"pool-436-thread-1"  prio=5 tid=1702 in Object.wait()
java.lang.Thread.State: WAITING (on object monitor)
        at sun.misc.Unsafe.park(Native Method)
        at java.util.concurrent.locks.LockSupport.park(LockSupport.java:175)
        at java.util.concurrent.locks.AbstractQueuedSynchronizer$ConditionObject.await(AbstractQueuedSynchronizer.java:2044)
        at java.util.concurrent.LinkedBlockingQueue.take(LinkedBlockingQueue.java:442)
        at java.util.concurrent.ThreadPoolExecutor.getTask(ThreadPoolExecutor.java:1074)
        at java.util.concurrent.ThreadPoolExecutor.runWorker(ThreadPoolExecutor.java:1134)
        at java.util.concurrent.ThreadPoolExecutor$Worker.run(ThreadPoolExecutor.java:624)
        at java.lang.Thread.run(Thread.java:750)
"IPC Server handler 93 on default port 38039" daemon prio=5 tid=1290 timed_waiting
java.lang.Thread.State: TIMED_WAITING
        at sun.misc.Unsafe.park(Native Method)
        at java.util.concurrent.locks.LockSupport.parkNanos(LockSupport.java:215)
        at java.util.concurrent.locks.AbstractQueuedSynchronizer$ConditionObject.awaitNanos(AbstractQueuedSynchronizer.java:2083)
        at java.util.concurrent.LinkedBlockingQueue.poll(LinkedBlockingQueue.java:467)
        at org.apache.hadoop.ipc.CallQueueManager.take(CallQueueManager.java:317)
        at org.apache.hadoop.ipc.Server$Handler.run(Server.java:2932)
"c0693ef0-230a-48dd-aa8a-44a8c3878b49@group-20B7CEE0DF6D-FollowerState" daemon prio=5 tid=1668 timed_waiting
java.lang.Thread.State: TIMED_WAITING
        at java.lang.Thread.sleep(Native Method)
        at java.lang.Thread.sleep(Thread.java:342)
        at java.util.concurrent.TimeUnit.sleep(TimeUnit.java:386)
        at org.apache.ratis.util.TimeDuration.sleep(TimeDuration.java:325)
        at org.apache.ratis.util.TimeDuration.sleep(TimeDuration.java:310)
        at org.apache.ratis.server.impl.FollowerState.run(FollowerState.java:128)
"IPC Server handler 29 on default port 46755" daemon prio=5 tid=1343 timed_waiting
java.lang.Thread.State: TIMED_WAITING
        at sun.misc.Unsafe.park(Native Method)
        at java.util.concurrent.locks.LockSupport.parkNanos(LockSupport.java:215)
        at java.util.concurrent.locks.AbstractQueuedSynchronizer$ConditionObject.awaitNanos(AbstractQueuedSynchronizer.java:2083)
        at java.util.concurrent.LinkedBlockingQueue.poll(LinkedBlockingQueue.java:467)
        at org.apache.hadoop.ipc.CallQueueManager.take(CallQueueManager.java:317)
        at org.apache.hadoop.ipc.Server$Handler.run(Server.java:2932)
"Over Replicated Processor" daemon prio=5 tid=1078 timed_waiting
java.lang.Thread.State: TIMED_WAITING
        at java.lang.Object.wait(Native Method)
        at org.apache.hadoop.hdds.scm.container.replication.OverReplicatedProcessor.run(OverReplicatedProcessor.java:131)
        at java.lang.Thread.run(Thread.java:750)
"qtp1595633599-1530" daemon prio=5 tid=1530 timed_waiting
java.lang.Thread.State: TIMED_WAITING
        at sun.misc.Unsafe.park(Native Method)
        at java.util.concurrent.locks.LockSupport.parkNanos(LockSupport.java:215)
        at java.util.concurrent.locks.AbstractQueuedSynchronizer$ConditionObject.awaitNanos(AbstractQueuedSynchronizer.java:2083)
        at org.eclipse.jetty.util.BlockingArrayQueue.poll(BlockingArrayQueue.java:382)
        at org.eclipse.jetty.util.thread.QueuedThreadPool$Runner.idleJobPoll(QueuedThreadPool.java:974)
        at org.eclipse.jetty.util.thread.QueuedThreadPool$Runner.run(QueuedThreadPool.java:1018)
        at java.lang.Thread.run(Thread.java:750)
"IPC Server handler 74 on default port 38039" daemon prio=5 tid=1271 timed_waiting
java.lang.Thread.State: TIMED_WAITING
        at sun.misc.Unsafe.park(Native Method)
        at java.util.concurrent.locks.LockSupport.parkNanos(LockSupport.java:215)
        at java.util.concurrent.locks.AbstractQueuedSynchronizer$ConditionObject.awaitNanos(AbstractQueuedSynchronizer.java:2083)
        at java.util.concurrent.LinkedBlockingQueue.poll(LinkedBlockingQueue.java:467)
        at org.apache.hadoop.ipc.CallQueueManager.take(CallQueueManager.java:317)
        at org.apache.hadoop.ipc.Server$Handler.run(Server.java:2932)
"IPC Server handler 69 on default port 39853" daemon prio=5 tid=1166 timed_waiting
java.lang.Thread.State: TIMED_WAITING
        at sun.misc.Unsafe.park(Native Method)
        at java.util.concurrent.locks.LockSupport.parkNanos(LockSupport.java:215)
        at java.util.concurrent.locks.AbstractQueuedSynchronizer$ConditionObject.awaitNanos(AbstractQueuedSynchronizer.java:2083)
        at java.util.concurrent.LinkedBlockingQueue.poll(LinkedBlockingQueue.java:467)
        at org.apache.hadoop.ipc.CallQueueManager.take(CallQueueManager.java:317)
        at org.apache.hadoop.ipc.Server$Handler.run(Server.java:2932)
"IPC Server handler 14 on default port 38039" daemon prio=5 tid=1211 timed_waiting
java.lang.Thread.State: TIMED_WAITING
        at sun.misc.Unsafe.park(Native Method)
        at java.util.concurrent.locks.LockSupport.parkNanos(LockSupport.java:215)
        at java.util.concurrent.locks.AbstractQueuedSynchronizer$ConditionObject.awaitNanos(AbstractQueuedSynchronizer.java:2083)
        at java.util.concurrent.LinkedBlockingQueue.poll(LinkedBlockingQueue.java:467)
        at org.apache.hadoop.ipc.CallQueueManager.take(CallQueueManager.java:317)
        at org.apache.hadoop.ipc.Server$Handler.run(Server.java:2932)
"03e900db-606d-4788-a076-61e9663ea76b-server-thread1" daemon prio=5 tid=1656 timed_waiting
java.lang.Thread.State: TIMED_WAITING
        at sun.misc.Unsafe.park(Native Method)
        at java.util.concurrent.locks.LockSupport.parkNanos(LockSupport.java:215)
        at java.util.concurrent.SynchronousQueue$TransferStack.awaitFulfill(SynchronousQueue.java:460)
        at java.util.concurrent.SynchronousQueue$TransferStack.transfer(SynchronousQueue.java:362)
        at java.util.concurrent.SynchronousQueue.poll(SynchronousQueue.java:941)
        at java.util.concurrent.ThreadPoolExecutor.getTask(ThreadPoolExecutor.java:1073)
        at java.util.concurrent.ThreadPoolExecutor.runWorker(ThreadPoolExecutor.java:1134)
        at java.util.concurrent.ThreadPoolExecutor$Worker.run(ThreadPoolExecutor.java:624)
        at java.lang.Thread.run(Thread.java:750)
"c0693ef0-230a-48dd-aa8a-44a8c3878b49@group-26218CACBD25-SegmentedRaftLogWorker"  prio=5 tid=1603 timed_waiting
java.lang.Thread.State: TIMED_WAITING
        at sun.misc.Unsafe.park(Native Method)
        at java.util.concurrent.locks.LockSupport.parkNanos(LockSupport.java:215)
        at java.util.concurrent.locks.AbstractQueuedSynchronizer$ConditionObject.awaitNanos(AbstractQueuedSynchronizer.java:2083)
        at org.apache.ratis.util.DataBlockingQueue.poll(DataBlockingQueue.java:148)
        at org.apache.ratis.server.raftlog.segmented.SegmentedRaftLogWorker.run(SegmentedRaftLogWorker.java:301)
        at org.apache.ratis.server.raftlog.segmented.SegmentedRaftLogWorker$$Lambda$535/466484985.run(Unknown Source)
        at java.lang.Thread.run(Thread.java:750)
"pool-276-thread-1"  prio=5 tid=1069 in Object.wait()
java.lang.Thread.State: WAITING (on object monitor)
        at sun.misc.Unsafe.park(Native Method)
        at java.util.concurrent.locks.LockSupport.park(LockSupport.java:175)
        at java.util.concurrent.locks.AbstractQueuedSynchronizer$ConditionObject.await(AbstractQueuedSynchronizer.java:2044)
        at java.util.concurrent.LinkedBlockingQueue.take(LinkedBlockingQueue.java:442)
        at java.util.concurrent.ThreadPoolExecutor.getTask(ThreadPoolExecutor.java:1074)
        at java.util.concurrent.ThreadPoolExecutor.runWorker(ThreadPoolExecutor.java:1134)
        at java.util.concurrent.ThreadPoolExecutor$Worker.run(ThreadPoolExecutor.java:624)
        at java.lang.Thread.run(Thread.java:750)
"c0693ef0-230a-48dd-aa8a-44a8c3878b49-server-thread2" daemon prio=5 tid=1676 timed_waiting
java.lang.Thread.State: TIMED_WAITING
        at sun.misc.Unsafe.park(Native Method)
        at java.util.concurrent.locks.LockSupport.parkNanos(LockSupport.java:215)
        at java.util.concurrent.SynchronousQueue$TransferStack.awaitFulfill(SynchronousQueue.java:460)
        at java.util.concurrent.SynchronousQueue$TransferStack.transfer(SynchronousQueue.java:362)
        at java.util.concurrent.SynchronousQueue.poll(SynchronousQueue.java:941)
        at java.util.concurrent.ThreadPoolExecutor.getTask(ThreadPoolExecutor.java:1073)
        at java.util.concurrent.ThreadPoolExecutor.runWorker(ThreadPoolExecutor.java:1134)
        at java.util.concurrent.ThreadPoolExecutor$Worker.run(ThreadPoolExecutor.java:624)
        at java.lang.Thread.run(Thread.java:750)
"IPC Server idle connection scanner for port 38511" daemon prio=5 tid=1709 timed_waiting
java.lang.Thread.State: TIMED_WAITING
        at java.lang.Object.wait(Native Method)
        at java.util.TimerThread.mainLoop(Timer.java:552)
        at java.util.TimerThread.run(Timer.java:505)
"74f1d438-0997-4634-9c34-91afcc4dae77@group-26218CACBD25-FollowerState" daemon prio=5 tid=1652 timed_waiting
java.lang.Thread.State: TIMED_WAITING
        at java.lang.Thread.sleep(Native Method)
        at java.lang.Thread.sleep(Thread.java:342)
        at java.util.concurrent.TimeUnit.sleep(TimeUnit.java:386)
        at org.apache.ratis.util.TimeDuration.sleep(TimeDuration.java:325)
        at org.apache.ratis.util.TimeDuration.sleep(TimeDuration.java:310)
        at org.apache.ratis.server.impl.FollowerState.run(FollowerState.java:128)
"IPC Server handler 99 on default port 38039" daemon prio=5 tid=1296 timed_waiting
java.lang.Thread.State: TIMED_WAITING
        at sun.misc.Unsafe.park(Native Method)
        at java.util.concurrent.locks.LockSupport.parkNanos(LockSupport.java:215)
        at java.util.concurrent.locks.AbstractQueuedSynchronizer$ConditionObject.awaitNanos(AbstractQueuedSynchronizer.java:2083)
        at java.util.concurrent.LinkedBlockingQueue.poll(LinkedBlockingQueue.java:467)
        at org.apache.hadoop.ipc.CallQueueManager.take(CallQueueManager.java:317)
        at org.apache.hadoop.ipc.Server$Handler.run(Server.java:2932)
"IPC Server handler 68 on default port 38039" daemon prio=5 tid=1265 timed_waiting
java.lang.Thread.State: TIMED_WAITING
        at sun.misc.Unsafe.park(Native Method)
        at java.util.concurrent.locks.LockSupport.parkNanos(LockSupport.java:215)
        at java.util.concurrent.locks.AbstractQueuedSynchronizer$ConditionObject.awaitNanos(AbstractQueuedSynchronizer.java:2083)
        at java.util.concurrent.LinkedBlockingQueue.poll(LinkedBlockingQueue.java:467)
        at org.apache.hadoop.ipc.CallQueueManager.take(CallQueueManager.java:317)
        at org.apache.hadoop.ipc.Server$Handler.run(Server.java:2932)
"PartialTableCache Cleanup Thread - 0" daemon prio=5 tid=1694 in Object.wait()
java.lang.Thread.State: WAITING (on object monitor)
        at sun.misc.Unsafe.park(Native Method)
        at java.util.concurrent.locks.LockSupport.park(LockSupport.java:175)
        at java.util.concurrent.locks.AbstractQueuedSynchronizer$ConditionObject.await(AbstractQueuedSynchronizer.java:2044)
        at java.util.concurrent.LinkedBlockingQueue.take(LinkedBlockingQueue.java:442)
        at java.util.concurrent.ThreadPoolExecutor.getTask(ThreadPoolExecutor.java:1074)
        at java.util.concurrent.ThreadPoolExecutor.runWorker(ThreadPoolExecutor.java:1134)
        at java.util.concurrent.ThreadPoolExecutor$Worker.run(ThreadPoolExecutor.java:624)
        at java.lang.Thread.run(Thread.java:750)
"IPC Server handler 61 on default port 38039" daemon prio=5 tid=1258 timed_waiting
java.lang.Thread.State: TIMED_WAITING
        at sun.misc.Unsafe.park(Native Method)
        at java.util.concurrent.locks.LockSupport.parkNanos(LockSupport.java:215)
        at java.util.concurrent.locks.AbstractQueuedSynchronizer$ConditionObject.awaitNanos(AbstractQueuedSynchronizer.java:2083)
        at java.util.concurrent.LinkedBlockingQueue.poll(LinkedBlockingQueue.java:467)
        at org.apache.hadoop.ipc.CallQueueManager.take(CallQueueManager.java:317)
        at org.apache.hadoop.ipc.Server$Handler.run(Server.java:2932)
"IPC Server handler 14 on default port 38511" daemon prio=5 tid=1741 timed_waiting
java.lang.Thread.State: TIMED_WAITING
        at sun.misc.Unsafe.park(Native Method)
        at java.util.concurrent.locks.LockSupport.parkNanos(LockSupport.java:215)
        at java.util.concurrent.locks.AbstractQueuedSynchronizer$ConditionObject.awaitNanos(AbstractQueuedSynchronizer.java:2083)
        at java.util.concurrent.LinkedBlockingQueue.poll(LinkedBlockingQueue.java:467)
        at org.apache.hadoop.ipc.CallQueueManager.take(CallQueueManager.java:317)
        at org.apache.hadoop.ipc.Server$Handler.run(Server.java:2932)
"EndpointStateMachine task thread for /127.0.0.1:46755 - 0 "  prio=5 tid=1546 in Object.wait()
java.lang.Thread.State: WAITING (on object monitor)
        at sun.misc.Unsafe.park(Native Method)
        at java.util.concurrent.locks.LockSupport.park(LockSupport.java:175)
        at java.util.concurrent.locks.AbstractQueuedSynchronizer$ConditionObject.await(AbstractQueuedSynchronizer.java:2044)
        at java.util.concurrent.LinkedBlockingQueue.take(LinkedBlockingQueue.java:442)
        at java.util.concurrent.ThreadPoolExecutor.getTask(ThreadPoolExecutor.java:1074)
        at java.util.concurrent.ThreadPoolExecutor.runWorker(ThreadPoolExecutor.java:1134)
        at java.util.concurrent.ThreadPoolExecutor$Worker.run(ThreadPoolExecutor.java:624)
        at java.lang.Thread.run(Thread.java:750)
"IPC Server handler 42 on default port 38039" daemon prio=5 tid=1239 timed_waiting
java.lang.Thread.State: TIMED_WAITING
        at sun.misc.Unsafe.park(Native Method)
        at java.util.concurrent.locks.LockSupport.parkNanos(LockSupport.java:215)
        at java.util.concurrent.locks.AbstractQueuedSynchronizer$ConditionObject.awaitNanos(AbstractQueuedSynchronizer.java:2083)
        at java.util.concurrent.LinkedBlockingQueue.poll(LinkedBlockingQueue.java:467)
        at org.apache.hadoop.ipc.CallQueueManager.take(CallQueueManager.java:317)
        at org.apache.hadoop.ipc.Server$Handler.run(Server.java:2932)
"ChunkWriter-2-0" daemon prio=5 tid=1562 in Object.wait()
java.lang.Thread.State: WAITING (on object monitor)
        at sun.misc.Unsafe.park(Native Method)
        at java.util.concurrent.locks.LockSupport.park(LockSupport.java:175)
        at java.util.concurrent.locks.AbstractQueuedSynchronizer$ConditionObject.await(AbstractQueuedSynchronizer.java:2044)
        at java.util.concurrent.LinkedBlockingDeque.takeFirst(LinkedBlockingDeque.java:492)
        at java.util.concurrent.LinkedBlockingDeque.take(LinkedBlockingDeque.java:680)
        at java.util.concurrent.ThreadPoolExecutor.getTask(ThreadPoolExecutor.java:1074)
        at java.util.concurrent.ThreadPoolExecutor.runWorker(ThreadPoolExecutor.java:1134)
        at java.util.concurrent.ThreadPoolExecutor$Worker.run(ThreadPoolExecutor.java:624)
        at java.lang.Thread.run(Thread.java:750)
"IPC Server handler 5 on default port 41695" daemon prio=5 tid=1806 timed_waiting
java.lang.Thread.State: TIMED_WAITING
        at sun.misc.Unsafe.park(Native Method)
        at java.util.concurrent.locks.LockSupport.parkNanos(LockSupport.java:215)
        at java.util.concurrent.locks.AbstractQueuedSynchronizer$ConditionObject.awaitNanos(AbstractQueuedSynchronizer.java:2083)
        at java.util.concurrent.LinkedBlockingQueue.poll(LinkedBlockingQueue.java:467)
        at org.apache.hadoop.ipc.CallQueueManager.take(CallQueueManager.java:317)
        at org.apache.hadoop.ipc.Server$Handler.run(Server.java:2932)
"IPC Server handler 74 on default port 39853" daemon prio=5 tid=1171 timed_waiting
java.lang.Thread.State: TIMED_WAITING
        at sun.misc.Unsafe.park(Native Method)
        at java.util.concurrent.locks.LockSupport.parkNanos(LockSupport.java:215)
        at java.util.concurrent.locks.AbstractQueuedSynchronizer$ConditionObject.awaitNanos(AbstractQueuedSynchronizer.java:2083)
        at java.util.concurrent.LinkedBlockingQueue.poll(LinkedBlockingQueue.java:467)
        at org.apache.hadoop.ipc.CallQueueManager.take(CallQueueManager.java:317)
        at org.apache.hadoop.ipc.Server$Handler.run(Server.java:2932)
"IPC Server handler 58 on default port 38039" daemon prio=5 tid=1255 timed_waiting
java.lang.Thread.State: TIMED_WAITING
        at sun.misc.Unsafe.park(Native Method)
        at java.util.concurrent.locks.LockSupport.parkNanos(LockSupport.java:215)
        at java.util.concurrent.locks.AbstractQueuedSynchronizer$ConditionObject.awaitNanos(AbstractQueuedSynchronizer.java:2083)
        at java.util.concurrent.LinkedBlockingQueue.poll(LinkedBlockingQueue.java:467)
        at org.apache.hadoop.ipc.CallQueueManager.take(CallQueueManager.java:317)
        at org.apache.hadoop.ipc.Server$Handler.run(Server.java:2932)
"ChunkWriter-1-0" daemon prio=5 tid=1561 in Object.wait()
java.lang.Thread.State: WAITING (on object monitor)
        at sun.misc.Unsafe.park(Native Method)
        at java.util.concurrent.locks.LockSupport.park(LockSupport.java:175)
        at java.util.concurrent.locks.AbstractQueuedSynchronizer$ConditionObject.await(AbstractQueuedSynchronizer.java:2044)
        at java.util.concurrent.LinkedBlockingDeque.takeFirst(LinkedBlockingDeque.java:492)
        at java.util.concurrent.LinkedBlockingDeque.take(LinkedBlockingDeque.java:680)
        at java.util.concurrent.ThreadPoolExecutor.getTask(ThreadPoolExecutor.java:1074)
        at java.util.concurrent.ThreadPoolExecutor.runWorker(ThreadPoolExecutor.java:1134)
        at java.util.concurrent.ThreadPoolExecutor$Worker.run(ThreadPoolExecutor.java:624)
        at java.lang.Thread.run(Thread.java:750)
"IPC Server handler 19 on default port 38511" daemon prio=5 tid=1746 timed_waiting
java.lang.Thread.State: TIMED_WAITING
        at sun.misc.Unsafe.park(Native Method)
        at java.util.concurrent.locks.LockSupport.parkNanos(LockSupport.java:215)
        at java.util.concurrent.locks.AbstractQueuedSynchronizer$ConditionObject.awaitNanos(AbstractQueuedSynchronizer.java:2083)
        at java.util.concurrent.LinkedBlockingQueue.poll(LinkedBlockingQueue.java:467)
        at org.apache.hadoop.ipc.CallQueueManager.take(CallQueueManager.java:317)
        at org.apache.hadoop.ipc.Server$Handler.run(Server.java:2932)
"Socket Reader #1 for port 39853"  prio=5 tid=1089 runnable
java.lang.Thread.State: RUNNABLE
        at sun.nio.ch.EPollArrayWrapper.epollWait(Native Method)
        at sun.nio.ch.EPollArrayWrapper.poll(EPollArrayWrapper.java:269)
        at sun.nio.ch.EPollSelectorImpl.doSelect(EPollSelectorImpl.java:93)
        at sun.nio.ch.SelectorImpl.lockAndDoSelect(SelectorImpl.java:86)
        at sun.nio.ch.SelectorImpl.select(SelectorImpl.java:97)
        at sun.nio.ch.SelectorImpl.select(SelectorImpl.java:101)
        at org.apache.hadoop.ipc.Server$Listener$Reader.doRunLoop(Server.java:1288)
        at org.apache.hadoop.ipc.Server$Listener$Reader.run(Server.java:1267)
"IPC Server handler 32 on default port 39853" daemon prio=5 tid=1129 timed_waiting
java.lang.Thread.State: TIMED_WAITING
        at sun.misc.Unsafe.park(Native Method)
        at java.util.concurrent.locks.LockSupport.parkNanos(LockSupport.java:215)
        at java.util.concurrent.locks.AbstractQueuedSynchronizer$ConditionObject.awaitNanos(AbstractQueuedSynchronizer.java:2083)
        at java.util.concurrent.LinkedBlockingQueue.poll(LinkedBlockingQueue.java:467)
        at org.apache.hadoop.ipc.CallQueueManager.take(CallQueueManager.java:317)
        at org.apache.hadoop.ipc.Server$Handler.run(Server.java:2932)
"IPC Server handler 3 on default port 39853" daemon prio=5 tid=1100 timed_waiting
java.lang.Thread.State: TIMED_WAITING
        at sun.misc.Unsafe.park(Native Method)
        at java.util.concurrent.locks.LockSupport.parkNanos(LockSupport.java:215)
        at java.util.concurrent.locks.AbstractQueuedSynchronizer$ConditionObject.awaitNanos(AbstractQueuedSynchronizer.java:2083)
        at java.util.concurrent.LinkedBlockingQueue.poll(LinkedBlockingQueue.java:467)
        at org.apache.hadoop.ipc.CallQueueManager.take(CallQueueManager.java:317)
        at org.apache.hadoop.ipc.Server$Handler.run(Server.java:2932)
"Command processor thread" daemon prio=5 tid=1542 timed_waiting
java.lang.Thread.State: TIMED_WAITING
        at java.lang.Thread.sleep(Native Method)
        at org.apache.hadoop.ozone.container.common.statemachine.DatanodeStateMachine.lambda$initCommandHandlerThread$3(DatanodeStateMachine.java:628)
        at org.apache.hadoop.ozone.container.common.statemachine.DatanodeStateMachine$$Lambda$1009/1602742276.run(Unknown Source)
        at java.lang.Thread.run(Thread.java:750)
"IPC Server handler 10 on default port 39853" daemon prio=5 tid=1107 timed_waiting
java.lang.Thread.State: TIMED_WAITING
        at sun.misc.Unsafe.park(Native Method)
        at java.util.concurrent.locks.LockSupport.parkNanos(LockSupport.java:215)
        at java.util.concurrent.locks.AbstractQueuedSynchronizer$ConditionObject.awaitNanos(AbstractQueuedSynchronizer.java:2083)
        at java.util.concurrent.LinkedBlockingQueue.poll(LinkedBlockingQueue.java:467)
        at org.apache.hadoop.ipc.CallQueueManager.take(CallQueueManager.java:317)
        at org.apache.hadoop.ipc.Server$Handler.run(Server.java:2932)
"IPC Server handler 65 on default port 46755" daemon prio=5 tid=1379 timed_waiting
java.lang.Thread.State: TIMED_WAITING
        at sun.misc.Unsafe.park(Native Method)
        at java.util.concurrent.locks.LockSupport.parkNanos(LockSupport.java:215)
        at java.util.concurrent.locks.AbstractQueuedSynchronizer$ConditionObject.awaitNanos(AbstractQueuedSynchronizer.java:2083)
        at java.util.concurrent.LinkedBlockingQueue.poll(LinkedBlockingQueue.java:467)
        at org.apache.hadoop.ipc.CallQueueManager.take(CallQueueManager.java:317)
        at org.apache.hadoop.ipc.Server$Handler.run(Server.java:2932)
"org.apache.hadoop.util.JvmPauseMonitor$Monitor@3d5841c7" daemon prio=5 tid=1747 timed_waiting
java.lang.Thread.State: TIMED_WAITING
        at java.lang.Thread.sleep(Native Method)
        at org.apache.hadoop.util.JvmPauseMonitor$Monitor.run(JvmPauseMonitor.java:192)
        at java.lang.Thread.run(Thread.java:750)
"IPC Server handler 84 on default port 39853" daemon prio=5 tid=1181 timed_waiting
java.lang.Thread.State: TIMED_WAITING
        at sun.misc.Unsafe.park(Native Method)
        at java.util.concurrent.locks.LockSupport.parkNanos(LockSupport.java:215)
        at java.util.concurrent.locks.AbstractQueuedSynchronizer$ConditionObject.awaitNanos(AbstractQueuedSynchronizer.java:2083)
        at java.util.concurrent.LinkedBlockingQueue.poll(LinkedBlockingQueue.java:467)
        at org.apache.hadoop.ipc.CallQueueManager.take(CallQueueManager.java:317)
        at org.apache.hadoop.ipc.Server$Handler.run(Server.java:2932)
"qtp1429090825-1719-acceptor-0@38e9f1cb-ServerConnector@69208ca6{HTTP/1.1, (http/1.1)}{0.0.0.0:39617}" daemon prio=3 tid=1719 runnable
java.lang.Thread.State: RUNNABLE
        at sun.nio.ch.ServerSocketChannelImpl.accept0(Native Method)
        at sun.nio.ch.ServerSocketChannelImpl.accept(ServerSocketChannelImpl.java:421)
        at sun.nio.ch.ServerSocketChannelImpl.accept(ServerSocketChannelImpl.java:249)
        at org.eclipse.jetty.server.ServerConnector.accept(ServerConnector.java:388)
        at org.eclipse.jetty.server.AbstractConnector$Acceptor.run(AbstractConnector.java:702)
        at org.eclipse.jetty.util.thread.QueuedThreadPool.runJob(QueuedThreadPool.java:883)
        at org.eclipse.jetty.util.thread.QueuedThreadPool$Runner.run(QueuedThreadPool.java:1034)
        at java.lang.Thread.run(Thread.java:750)
"SSL Certificates Store Monitor" daemon prio=5 tid=376 in Object.wait()
java.lang.Thread.State: WAITING (on object monitor)
        at java.lang.Object.wait(Native Method)
        at java.lang.Object.wait(Object.java:502)
        at java.util.TimerThread.mainLoop(Timer.java:526)
        at java.util.TimerThread.run(Timer.java:505)
"ChunkWriter-1-0" daemon prio=5 tid=1573 in Object.wait()
java.lang.Thread.State: WAITING (on object monitor)
        at sun.misc.Unsafe.park(Native Method)
        at java.util.concurrent.locks.LockSupport.park(LockSupport.java:175)
        at java.util.concurrent.locks.AbstractQueuedSynchronizer$ConditionObject.await(AbstractQueuedSynchronizer.java:2044)
        at java.util.concurrent.LinkedBlockingDeque.takeFirst(LinkedBlockingDeque.java:492)
        at java.util.concurrent.LinkedBlockingDeque.take(LinkedBlockingDeque.java:680)
        at java.util.concurrent.ThreadPoolExecutor.getTask(ThreadPoolExecutor.java:1074)
        at java.util.concurrent.ThreadPoolExecutor.runWorker(ThreadPoolExecutor.java:1134)
        at java.util.concurrent.ThreadPoolExecutor$Worker.run(ThreadPoolExecutor.java:624)
        at java.lang.Thread.run(Thread.java:750)
"IPC Server handler 77 on default port 38039" daemon prio=5 tid=1274 timed_waiting
java.lang.Thread.State: TIMED_WAITING
        at sun.misc.Unsafe.park(Native Method)
        at java.util.concurrent.locks.LockSupport.parkNanos(LockSupport.java:215)
        at java.util.concurrent.locks.AbstractQueuedSynchronizer$ConditionObject.awaitNanos(AbstractQueuedSynchronizer.java:2083)
        at java.util.concurrent.LinkedBlockingQueue.poll(LinkedBlockingQueue.java:467)
        at org.apache.hadoop.ipc.CallQueueManager.take(CallQueueManager.java:317)
        at org.apache.hadoop.ipc.Server$Handler.run(Server.java:2932)
"IPC Server handler 53 on default port 39853" daemon prio=5 tid=1150 timed_waiting
java.lang.Thread.State: TIMED_WAITING
        at sun.misc.Unsafe.park(Native Method)
        at java.util.concurrent.locks.LockSupport.parkNanos(LockSupport.java:215)
        at java.util.concurrent.locks.AbstractQueuedSynchronizer$ConditionObject.awaitNanos(AbstractQueuedSynchronizer.java:2083)
        at java.util.concurrent.LinkedBlockingQueue.poll(LinkedBlockingQueue.java:467)
        at org.apache.hadoop.ipc.CallQueueManager.take(CallQueueManager.java:317)
        at org.apache.hadoop.ipc.Server$Handler.run(Server.java:2932)
"qtp1228228474-1799" daemon prio=5 tid=1799 timed_waiting
java.lang.Thread.State: TIMED_WAITING
        at sun.misc.Unsafe.park(Native Method)
        at java.util.concurrent.locks.LockSupport.parkNanos(LockSupport.java:215)
        at java.util.concurrent.locks.AbstractQueuedSynchronizer$ConditionObject.awaitNanos(AbstractQueuedSynchronizer.java:2083)
        at org.eclipse.jetty.util.BlockingArrayQueue.poll(BlockingArrayQueue.java:382)
        at org.eclipse.jetty.util.thread.QueuedThreadPool$Runner.idleJobPoll(QueuedThreadPool.java:974)
        at org.eclipse.jetty.util.thread.QueuedThreadPool$Runner.run(QueuedThreadPool.java:1018)
        at java.lang.Thread.run(Thread.java:750)
"74f1d438-0997-4634-9c34-91afcc4dae77@group-20B7CEE0DF6D-SegmentedRaftLogWorker"  prio=5 tid=1613 timed_waiting
java.lang.Thread.State: TIMED_WAITING
        at sun.misc.Unsafe.park(Native Method)
        at java.util.concurrent.locks.LockSupport.parkNanos(LockSupport.java:215)
        at java.util.concurrent.locks.AbstractQueuedSynchronizer$ConditionObject.awaitNanos(AbstractQueuedSynchronizer.java:2083)
        at org.apache.ratis.util.DataBlockingQueue.poll(DataBlockingQueue.java:148)
        at org.apache.ratis.server.raftlog.segmented.SegmentedRaftLogWorker.run(SegmentedRaftLogWorker.java:301)
        at org.apache.ratis.server.raftlog.segmented.SegmentedRaftLogWorker$$Lambda$535/466484985.run(Unknown Source)
        at java.lang.Thread.run(Thread.java:750)
"IPC Server handler 20 on default port 39853" daemon prio=5 tid=1117 timed_waiting
java.lang.Thread.State: TIMED_WAITING
        at sun.misc.Unsafe.park(Native Method)
        at java.util.concurrent.locks.LockSupport.parkNanos(LockSupport.java:215)
        at java.util.concurrent.locks.AbstractQueuedSynchronizer$ConditionObject.awaitNanos(AbstractQueuedSynchronizer.java:2083)
        at java.util.concurrent.LinkedBlockingQueue.poll(LinkedBlockingQueue.java:467)
        at org.apache.hadoop.ipc.CallQueueManager.take(CallQueueManager.java:317)
        at org.apache.hadoop.ipc.Server$Handler.run(Server.java:2932)
"IPC Server handler 49 on default port 46755" daemon prio=5 tid=1363 timed_waiting
java.lang.Thread.State: TIMED_WAITING
        at sun.misc.Unsafe.park(Native Method)
        at java.util.concurrent.locks.LockSupport.parkNanos(LockSupport.java:215)
        at java.util.concurrent.locks.AbstractQueuedSynchronizer$ConditionObject.awaitNanos(AbstractQueuedSynchronizer.java:2083)
        at java.util.concurrent.LinkedBlockingQueue.poll(LinkedBlockingQueue.java:467)
        at org.apache.hadoop.ipc.CallQueueManager.take(CallQueueManager.java:317)
        at org.apache.hadoop.ipc.Server$Handler.run(Server.java:2932)
"qtp1595633599-1531" daemon prio=5 tid=1531 timed_waiting
java.lang.Thread.State: TIMED_WAITING
        at sun.misc.Unsafe.park(Native Method)
        at java.util.concurrent.locks.LockSupport.parkNanos(LockSupport.java:215)
        at java.util.concurrent.locks.AbstractQueuedSynchronizer$ConditionObject.awaitNanos(AbstractQueuedSynchronizer.java:2083)
        at org.eclipse.jetty.util.BlockingArrayQueue.poll(BlockingArrayQueue.java:382)
        at org.eclipse.jetty.util.thread.QueuedThreadPool$Runner.idleJobPoll(QueuedThreadPool.java:974)
        at org.eclipse.jetty.util.thread.QueuedThreadPool$Runner.run(QueuedThreadPool.java:1018)
        at java.lang.Thread.run(Thread.java:750)
"IPC Server handler 51 on default port 38039" daemon prio=5 tid=1248 timed_waiting
java.lang.Thread.State: TIMED_WAITING
        at sun.misc.Unsafe.park(Native Method)
        at java.util.concurrent.locks.LockSupport.parkNanos(LockSupport.java:215)
        at java.util.concurrent.locks.AbstractQueuedSynchronizer$ConditionObject.awaitNanos(AbstractQueuedSynchronizer.java:2083)
        at java.util.concurrent.LinkedBlockingQueue.poll(LinkedBlockingQueue.java:467)
        at org.apache.hadoop.ipc.CallQueueManager.take(CallQueueManager.java:317)
        at org.apache.hadoop.ipc.Server$Handler.run(Server.java:2932)
"SSL Certificates Store Monitor" daemon prio=5 tid=1699 in Object.wait()
java.lang.Thread.State: WAITING (on object monitor)
        at java.lang.Object.wait(Native Method)
        at java.lang.Object.wait(Object.java:502)
        at java.util.TimerThread.mainLoop(Timer.java:526)
        at java.util.TimerThread.run(Timer.java:505)
"IPC Server handler 35 on default port 38039" daemon prio=5 tid=1232 timed_waiting
java.lang.Thread.State: TIMED_WAITING
        at sun.misc.Unsafe.park(Native Method)
        at java.util.concurrent.locks.LockSupport.parkNanos(LockSupport.java:215)
        at java.util.concurrent.locks.AbstractQueuedSynchronizer$ConditionObject.awaitNanos(AbstractQueuedSynchronizer.java:2083)
        at java.util.concurrent.LinkedBlockingQueue.poll(LinkedBlockingQueue.java:467)
        at org.apache.hadoop.ipc.CallQueueManager.take(CallQueueManager.java:317)
        at org.apache.hadoop.ipc.Server$Handler.run(Server.java:2932)
"PartialTableCache Cleanup Thread - 0" daemon prio=5 tid=867 in Object.wait()
java.lang.Thread.State: WAITING (on object monitor)
        at sun.misc.Unsafe.park(Native Method)
        at java.util.concurrent.locks.LockSupport.park(LockSupport.java:175)
        at java.util.concurrent.locks.AbstractQueuedSynchronizer$ConditionObject.await(AbstractQueuedSynchronizer.java:2044)
        at java.util.concurrent.LinkedBlockingQueue.take(LinkedBlockingQueue.java:442)
        at java.util.concurrent.ThreadPoolExecutor.getTask(ThreadPoolExecutor.java:1074)
        at java.util.concurrent.ThreadPoolExecutor.runWorker(ThreadPoolExecutor.java:1134)
        at java.util.concurrent.ThreadPoolExecutor$Worker.run(ThreadPoolExecutor.java:624)
        at java.lang.Thread.run(Thread.java:750)
"IPC Server handler 95 on default port 39853" daemon prio=5 tid=1192 timed_waiting
java.lang.Thread.State: TIMED_WAITING
        at sun.misc.Unsafe.park(Native Method)
        at java.util.concurrent.locks.LockSupport.parkNanos(LockSupport.java:215)
        at java.util.concurrent.locks.AbstractQueuedSynchronizer$ConditionObject.awaitNanos(AbstractQueuedSynchronizer.java:2083)
        at java.util.concurrent.LinkedBlockingQueue.poll(LinkedBlockingQueue.java:467)
        at org.apache.hadoop.ipc.CallQueueManager.take(CallQueueManager.java:317)
        at org.apache.hadoop.ipc.Server$Handler.run(Server.java:2932)
"IPC Server handler 33 on default port 39853" daemon prio=5 tid=1130 timed_waiting
java.lang.Thread.State: TIMED_WAITING
        at sun.misc.Unsafe.park(Native Method)
        at java.util.concurrent.locks.LockSupport.parkNanos(LockSupport.java:215)
        at java.util.concurrent.locks.AbstractQueuedSynchronizer$ConditionObject.awaitNanos(AbstractQueuedSynchronizer.java:2083)
        at java.util.concurrent.LinkedBlockingQueue.poll(LinkedBlockingQueue.java:467)
        at org.apache.hadoop.ipc.CallQueueManager.take(CallQueueManager.java:317)
        at org.apache.hadoop.ipc.Server$Handler.run(Server.java:2932)
"pool-353-thread-1"  prio=5 tid=1602 in Object.wait()
java.lang.Thread.State: WAITING (on object monitor)
        at sun.misc.Unsafe.park(Native Method)
        at java.util.concurrent.locks.LockSupport.park(LockSupport.java:175)
        at java.util.concurrent.locks.AbstractQueuedSynchronizer$ConditionObject.await(AbstractQueuedSynchronizer.java:2044)
        at java.util.concurrent.LinkedBlockingQueue.take(LinkedBlockingQueue.java:442)
        at java.util.concurrent.ThreadPoolExecutor.getTask(ThreadPoolExecutor.java:1074)
        at java.util.concurrent.ThreadPoolExecutor.runWorker(ThreadPoolExecutor.java:1134)
        at java.util.concurrent.ThreadPoolExecutor$Worker.run(ThreadPoolExecutor.java:624)
        at java.lang.Thread.run(Thread.java:750)
"IPC Server handler 28 on default port 39853" daemon prio=5 tid=1125 timed_waiting
java.lang.Thread.State: TIMED_WAITING
        at sun.misc.Unsafe.park(Native Method)
        at java.util.concurrent.locks.LockSupport.parkNanos(LockSupport.java:215)
        at java.util.concurrent.locks.AbstractQueuedSynchronizer$ConditionObject.awaitNanos(AbstractQueuedSynchronizer.java:2083)
        at java.util.concurrent.LinkedBlockingQueue.poll(LinkedBlockingQueue.java:467)
        at org.apache.hadoop.ipc.CallQueueManager.take(CallQueueManager.java:317)
        at org.apache.hadoop.ipc.Server$Handler.run(Server.java:2932)
"IPC Server handler 37 on default port 39853" daemon prio=5 tid=1134 timed_waiting
java.lang.Thread.State: TIMED_WAITING
        at sun.misc.Unsafe.park(Native Method)
        at java.util.concurrent.locks.LockSupport.parkNanos(LockSupport.java:215)
        at java.util.concurrent.locks.AbstractQueuedSynchronizer$ConditionObject.awaitNanos(AbstractQueuedSynchronizer.java:2083)
        at java.util.concurrent.LinkedBlockingQueue.poll(LinkedBlockingQueue.java:467)
        at org.apache.hadoop.ipc.CallQueueManager.take(CallQueueManager.java:317)
        at org.apache.hadoop.ipc.Server$Handler.run(Server.java:2932)
"IPC Server handler 43 on default port 46755" daemon prio=5 tid=1357 timed_waiting
java.lang.Thread.State: TIMED_WAITING
        at sun.misc.Unsafe.park(Native Method)
        at java.util.concurrent.locks.LockSupport.parkNanos(LockSupport.java:215)
        at java.util.concurrent.locks.AbstractQueuedSynchronizer$ConditionObject.awaitNanos(AbstractQueuedSynchronizer.java:2083)
        at java.util.concurrent.LinkedBlockingQueue.poll(LinkedBlockingQueue.java:467)
        at org.apache.hadoop.ipc.CallQueueManager.take(CallQueueManager.java:317)
        at org.apache.hadoop.ipc.Server$Handler.run(Server.java:2932)
"8e599114-682f-40f9-8544-01c79a4548da@group-C2BFE535B5E8-SegmentedRaftLogWorker"  prio=5 tid=1070 timed_waiting
java.lang.Thread.State: TIMED_WAITING
        at sun.misc.Unsafe.park(Native Method)
        at java.util.concurrent.locks.LockSupport.parkNanos(LockSupport.java:215)
        at java.util.concurrent.locks.AbstractQueuedSynchronizer$ConditionObject.awaitNanos(AbstractQueuedSynchronizer.java:2083)
        at org.apache.ratis.util.DataBlockingQueue.poll(DataBlockingQueue.java:148)
        at org.apache.ratis.server.raftlog.segmented.SegmentedRaftLogWorker.run(SegmentedRaftLogWorker.java:301)
        at org.apache.ratis.server.raftlog.segmented.SegmentedRaftLogWorker$$Lambda$535/466484985.run(Unknown Source)
        at java.lang.Thread.run(Thread.java:750)
"qtp1711379780-1478" daemon prio=5 tid=1478 timed_waiting
java.lang.Thread.State: TIMED_WAITING
        at sun.misc.Unsafe.park(Native Method)
        at java.util.concurrent.locks.LockSupport.parkNanos(LockSupport.java:215)
        at java.util.concurrent.locks.AbstractQueuedSynchronizer$ConditionObject.awaitNanos(AbstractQueuedSynchronizer.java:2083)
        at org.eclipse.jetty.util.BlockingArrayQueue.poll(BlockingArrayQueue.java:382)
        at org.eclipse.jetty.util.thread.QueuedThreadPool$Runner.idleJobPoll(QueuedThreadPool.java:974)
        at org.eclipse.jetty.util.thread.QueuedThreadPool$Runner.run(QueuedThreadPool.java:1018)
        at java.lang.Thread.run(Thread.java:750)
"IPC Server handler 93 on default port 46755" daemon prio=5 tid=1407 timed_waiting
java.lang.Thread.State: TIMED_WAITING
        at sun.misc.Unsafe.park(Native Method)
        at java.util.concurrent.locks.LockSupport.parkNanos(LockSupport.java:215)
        at java.util.concurrent.locks.AbstractQueuedSynchronizer$ConditionObject.awaitNanos(AbstractQueuedSynchronizer.java:2083)
        at java.util.concurrent.LinkedBlockingQueue.poll(LinkedBlockingQueue.java:467)
        at org.apache.hadoop.ipc.CallQueueManager.take(CallQueueManager.java:317)
        at org.apache.hadoop.ipc.Server$Handler.run(Server.java:2932)
"IPC Server handler 81 on default port 46755" daemon prio=5 tid=1395 timed_waiting
java.lang.Thread.State: TIMED_WAITING
        at sun.misc.Unsafe.park(Native Method)
        at java.util.concurrent.locks.LockSupport.parkNanos(LockSupport.java:215)
        at java.util.concurrent.locks.AbstractQueuedSynchronizer$ConditionObject.awaitNanos(AbstractQueuedSynchronizer.java:2083)
        at java.util.concurrent.LinkedBlockingQueue.poll(LinkedBlockingQueue.java:467)
        at org.apache.hadoop.ipc.CallQueueManager.take(CallQueueManager.java:317)
        at org.apache.hadoop.ipc.Server$Handler.run(Server.java:2932)
"IPC Server handler 11 on default port 39853" daemon prio=5 tid=1108 timed_waiting
java.lang.Thread.State: TIMED_WAITING
        at sun.misc.Unsafe.park(Native Method)
        at java.util.concurrent.locks.LockSupport.parkNanos(LockSupport.java:215)
        at java.util.concurrent.locks.AbstractQueuedSynchronizer$ConditionObject.awaitNanos(AbstractQueuedSynchronizer.java:2083)
        at java.util.concurrent.LinkedBlockingQueue.poll(LinkedBlockingQueue.java:467)
        at org.apache.hadoop.ipc.CallQueueManager.take(CallQueueManager.java:317)
        at org.apache.hadoop.ipc.Server$Handler.run(Server.java:2932)
"Reference Handler" daemon prio=10 tid=2 in Object.wait()
java.lang.Thread.State: WAITING (on object monitor)
        at java.lang.Object.wait(Native Method)
        at java.lang.Object.wait(Object.java:502)
        at java.lang.ref.Reference.tryHandlePending(Reference.java:191)
        at java.lang.ref.Reference$ReferenceHandler.run(Reference.java:153)
"IPC Server handler 89 on default port 39853" daemon prio=5 tid=1186 timed_waiting
java.lang.Thread.State: TIMED_WAITING
        at sun.misc.Unsafe.park(Native Method)
        at java.util.concurrent.locks.LockSupport.parkNanos(LockSupport.java:215)
        at java.util.concurrent.locks.AbstractQueuedSynchronizer$ConditionObject.awaitNanos(AbstractQueuedSynchronizer.java:2083)
        at java.util.concurrent.LinkedBlockingQueue.poll(LinkedBlockingQueue.java:467)
        at org.apache.hadoop.ipc.CallQueueManager.take(CallQueueManager.java:317)
        at org.apache.hadoop.ipc.Server$Handler.run(Server.java:2932)
"IPC Server handler 24 on default port 39853" daemon prio=5 tid=1121 timed_waiting
java.lang.Thread.State: TIMED_WAITING
        at sun.misc.Unsafe.park(Native Method)
        at java.util.concurrent.locks.LockSupport.parkNanos(LockSupport.java:215)
        at java.util.concurrent.locks.AbstractQueuedSynchronizer$ConditionObject.awaitNanos(AbstractQueuedSynchronizer.java:2083)
        at java.util.concurrent.LinkedBlockingQueue.poll(LinkedBlockingQueue.java:467)
        at org.apache.hadoop.ipc.CallQueueManager.take(CallQueueManager.java:317)
        at org.apache.hadoop.ipc.Server$Handler.run(Server.java:2932)
"org.apache.hadoop.ozone.container.common.statemachine.commandhandler.DeleteBlocksCommandHandler$DeleteCmdWorker@198b9a23" daemon prio=5 tid=557 runnable
java.lang.Thread.State: RUNNABLE
        at org.apache.hadoop.ozone.container.common.statemachine.commandhandler.DeleteBlocksCommandHandler$DeleteCmdWorker.run(DeleteBlocksCommandHandler.java:185)
        at java.lang.Thread.run(Thread.java:750)
"PartialTableCache Cleanup Thread - 0" daemon prio=5 tid=864 in Object.wait()
java.lang.Thread.State: WAITING (on object monitor)
        at sun.misc.Unsafe.park(Native Method)
        at java.util.concurrent.locks.LockSupport.park(LockSupport.java:175)
        at java.util.concurrent.locks.AbstractQueuedSynchronizer$ConditionObject.await(AbstractQueuedSynchronizer.java:2044)
        at java.util.concurrent.LinkedBlockingQueue.take(LinkedBlockingQueue.java:442)
        at java.util.concurrent.ThreadPoolExecutor.getTask(ThreadPoolExecutor.java:1074)
        at java.util.concurrent.ThreadPoolExecutor.runWorker(ThreadPoolExecutor.java:1134)
        at java.util.concurrent.ThreadPoolExecutor$Worker.run(ThreadPoolExecutor.java:624)
        at java.lang.Thread.run(Thread.java:750)
"IPC Server handler 54 on default port 39853" daemon prio=5 tid=1151 timed_waiting
java.lang.Thread.State: TIMED_WAITING
        at sun.misc.Unsafe.park(Native Method)
        at java.util.concurrent.locks.LockSupport.parkNanos(LockSupport.java:215)
        at java.util.concurrent.locks.AbstractQueuedSynchronizer$ConditionObject.awaitNanos(AbstractQueuedSynchronizer.java:2083)
        at java.util.concurrent.LinkedBlockingQueue.poll(LinkedBlockingQueue.java:467)
        at org.apache.hadoop.ipc.CallQueueManager.take(CallQueueManager.java:317)
        at org.apache.hadoop.ipc.Server$Handler.run(Server.java:2932)
"IPC Server handler 80 on default port 39853" daemon prio=5 tid=1177 timed_waiting
java.lang.Thread.State: TIMED_WAITING
        at sun.misc.Unsafe.park(Native Method)
        at java.util.concurrent.locks.LockSupport.parkNanos(LockSupport.java:215)
        at java.util.concurrent.locks.AbstractQueuedSynchronizer$ConditionObject.awaitNanos(AbstractQueuedSynchronizer.java:2083)
        at java.util.concurrent.LinkedBlockingQueue.poll(LinkedBlockingQueue.java:467)
        at org.apache.hadoop.ipc.CallQueueManager.take(CallQueueManager.java:317)
        at org.apache.hadoop.ipc.Server$Handler.run(Server.java:2932)
"IPC Server handler 18 on default port 41695" daemon prio=5 tid=1819 timed_waiting
java.lang.Thread.State: TIMED_WAITING
        at sun.misc.Unsafe.park(Native Method)
        at java.util.concurrent.locks.LockSupport.parkNanos(LockSupport.java:215)
        at java.util.concurrent.locks.AbstractQueuedSynchronizer$ConditionObject.awaitNanos(AbstractQueuedSynchronizer.java:2083)
        at java.util.concurrent.LinkedBlockingQueue.poll(LinkedBlockingQueue.java:467)
        at org.apache.hadoop.ipc.CallQueueManager.take(CallQueueManager.java:317)
        at org.apache.hadoop.ipc.Server$Handler.run(Server.java:2932)
"PartialTableCache Cleanup Thread - 0" daemon prio=5 tid=1763 in Object.wait()
java.lang.Thread.State: WAITING (on object monitor)
        at sun.misc.Unsafe.park(Native Method)
        at java.util.concurrent.locks.LockSupport.park(LockSupport.java:175)
        at java.util.concurrent.locks.AbstractQueuedSynchronizer$ConditionObject.await(AbstractQueuedSynchronizer.java:2044)
        at java.util.concurrent.LinkedBlockingQueue.take(LinkedBlockingQueue.java:442)
        at java.util.concurrent.ThreadPoolExecutor.getTask(ThreadPoolExecutor.java:1074)
        at java.util.concurrent.ThreadPoolExecutor.runWorker(ThreadPoolExecutor.java:1134)
        at java.util.concurrent.ThreadPoolExecutor$Worker.run(ThreadPoolExecutor.java:624)
        at java.lang.Thread.run(Thread.java:750)
"IPC Server handler 4 on default port 38511" daemon prio=5 tid=1731 timed_waiting
java.lang.Thread.State: TIMED_WAITING
        at sun.misc.Unsafe.park(Native Method)
        at java.util.concurrent.locks.LockSupport.parkNanos(LockSupport.java:215)
        at java.util.concurrent.locks.AbstractQueuedSynchronizer$ConditionObject.awaitNanos(AbstractQueuedSynchronizer.java:2083)
        at java.util.concurrent.LinkedBlockingQueue.poll(LinkedBlockingQueue.java:467)
        at org.apache.hadoop.ipc.CallQueueManager.take(CallQueueManager.java:317)
        at org.apache.hadoop.ipc.Server$Handler.run(Server.java:2932)
"IPC Server handler 92 on default port 46755" daemon prio=5 tid=1406 timed_waiting
java.lang.Thread.State: TIMED_WAITING
        at sun.misc.Unsafe.park(Native Method)
        at java.util.concurrent.locks.LockSupport.parkNanos(LockSupport.java:215)
        at java.util.concurrent.locks.AbstractQueuedSynchronizer$ConditionObject.awaitNanos(AbstractQueuedSynchronizer.java:2083)
        at java.util.concurrent.LinkedBlockingQueue.poll(LinkedBlockingQueue.java:467)
        at org.apache.hadoop.ipc.CallQueueManager.take(CallQueueManager.java:317)
        at org.apache.hadoop.ipc.Server$Handler.run(Server.java:2932)
"qtp1595633599-1533" daemon prio=5 tid=1533 timed_waiting
java.lang.Thread.State: TIMED_WAITING
        at sun.misc.Unsafe.park(Native Method)
        at java.util.concurrent.locks.LockSupport.parkNanos(LockSupport.java:215)
        at java.util.concurrent.locks.AbstractQueuedSynchronizer$ConditionObject.awaitNanos(AbstractQueuedSynchronizer.java:2083)
        at org.eclipse.jetty.util.BlockingArrayQueue.poll(BlockingArrayQueue.java:382)
        at org.eclipse.jetty.util.thread.QueuedThreadPool$Runner.idleJobPoll(QueuedThreadPool.java:974)
        at org.eclipse.jetty.util.thread.QueuedThreadPool$Runner.run(QueuedThreadPool.java:1018)
        at java.lang.Thread.run(Thread.java:750)
"FullTableCache Cleanup Thread - 0" daemon prio=5 tid=856 in Object.wait()
java.lang.Thread.State: WAITING (on object monitor)
        at sun.misc.Unsafe.park(Native Method)
        at java.util.concurrent.locks.LockSupport.park(LockSupport.java:175)
        at java.util.concurrent.locks.AbstractQueuedSynchronizer$ConditionObject.await(AbstractQueuedSynchronizer.java:2044)
        at java.util.concurrent.LinkedBlockingQueue.take(LinkedBlockingQueue.java:442)
        at java.util.concurrent.ThreadPoolExecutor.getTask(ThreadPoolExecutor.java:1074)
        at java.util.concurrent.ThreadPoolExecutor.runWorker(ThreadPoolExecutor.java:1134)
        at java.util.concurrent.ThreadPoolExecutor$Worker.run(ThreadPoolExecutor.java:624)
        at java.lang.Thread.run(Thread.java:750)
"Datanode State Machine Daemon Thread" daemon prio=5 tid=1510 timed_waiting
java.lang.Thread.State: TIMED_WAITING
        at java.lang.Thread.sleep(Native Method)
        at org.apache.hadoop.ozone.container.common.statemachine.DatanodeStateMachine.startStateMachineThread(DatanodeStateMachine.java:313)
        at org.apache.hadoop.ozone.container.common.statemachine.DatanodeStateMachine.lambda$startDaemon$0(DatanodeStateMachine.java:493)
        at org.apache.hadoop.ozone.container.common.statemachine.DatanodeStateMachine$$Lambda$1007/1690873790.run(Unknown Source)
        at java.lang.Thread.run(Thread.java:750)
"pool-346-thread-1" daemon prio=5 tid=1494 timed_waiting
java.lang.Thread.State: TIMED_WAITING
        at sun.misc.Unsafe.park(Native Method)
        at java.util.concurrent.locks.LockSupport.parkNanos(LockSupport.java:215)
        at java.util.concurrent.locks.AbstractQueuedSynchronizer$ConditionObject.awaitNanos(AbstractQueuedSynchronizer.java:2083)
        at java.util.concurrent.ScheduledThreadPoolExecutor$DelayedWorkQueue.take(ScheduledThreadPoolExecutor.java:1093)
        at java.util.concurrent.ScheduledThreadPoolExecutor$DelayedWorkQueue.take(ScheduledThreadPoolExecutor.java:809)
        at java.util.concurrent.ThreadPoolExecutor.getTask(ThreadPoolExecutor.java:1074)
        at java.util.concurrent.ThreadPoolExecutor.runWorker(ThreadPoolExecutor.java:1134)
        at java.util.concurrent.ThreadPoolExecutor$Worker.run(ThreadPoolExecutor.java:624)
        at java.lang.Thread.run(Thread.java:750)
"IPC Server handler 90 on default port 38039" daemon prio=5 tid=1287 timed_waiting
java.lang.Thread.State: TIMED_WAITING
        at sun.misc.Unsafe.park(Native Method)
        at java.util.concurrent.locks.LockSupport.parkNanos(LockSupport.java:215)
        at java.util.concurrent.locks.AbstractQueuedSynchronizer$ConditionObject.awaitNanos(AbstractQueuedSynchronizer.java:2083)
        at java.util.concurrent.LinkedBlockingQueue.poll(LinkedBlockingQueue.java:467)
        at org.apache.hadoop.ipc.CallQueueManager.take(CallQueueManager.java:317)
        at org.apache.hadoop.ipc.Server$Handler.run(Server.java:2932)
"IPC Server handler 26 on default port 39853" daemon prio=5 tid=1123 timed_waiting
java.lang.Thread.State: TIMED_WAITING
        at sun.misc.Unsafe.park(Native Method)
        at java.util.concurrent.locks.LockSupport.parkNanos(LockSupport.java:215)
        at java.util.concurrent.locks.AbstractQueuedSynchronizer$ConditionObject.awaitNanos(AbstractQueuedSynchronizer.java:2083)
        at java.util.concurrent.LinkedBlockingQueue.poll(LinkedBlockingQueue.java:467)
        at org.apache.hadoop.ipc.CallQueueManager.take(CallQueueManager.java:317)
        at org.apache.hadoop.ipc.Server$Handler.run(Server.java:2932)
"FullTableCache Cleanup Thread - 0" daemon prio=5 tid=1831 in Object.wait()
java.lang.Thread.State: WAITING (on object monitor)
        at sun.misc.Unsafe.park(Native Method)
        at java.util.concurrent.locks.LockSupport.park(LockSupport.java:175)
        at java.util.concurrent.locks.AbstractQueuedSynchronizer$ConditionObject.await(AbstractQueuedSynchronizer.java:2044)
        at java.util.concurrent.LinkedBlockingQueue.take(LinkedBlockingQueue.java:442)
        at java.util.concurrent.ThreadPoolExecutor.getTask(ThreadPoolExecutor.java:1074)
        at java.util.concurrent.ThreadPoolExecutor.runWorker(ThreadPoolExecutor.java:1134)
        at java.util.concurrent.ThreadPoolExecutor$Worker.run(ThreadPoolExecutor.java:624)
        at java.lang.Thread.run(Thread.java:750)
"IPC Server handler 36 on default port 46755" daemon prio=5 tid=1350 timed_waiting
java.lang.Thread.State: TIMED_WAITING
        at sun.misc.Unsafe.park(Native Method)
        at java.util.concurrent.locks.LockSupport.parkNanos(LockSupport.java:215)
        at java.util.concurrent.locks.AbstractQueuedSynchronizer$ConditionObject.awaitNanos(AbstractQueuedSynchronizer.java:2083)
        at java.util.concurrent.LinkedBlockingQueue.poll(LinkedBlockingQueue.java:467)
        at org.apache.hadoop.ipc.CallQueueManager.take(CallQueueManager.java:317)
        at org.apache.hadoop.ipc.Server$Handler.run(Server.java:2932)
"Datanode ReportManager Thread - 2" daemon prio=5 tid=1513 in Object.wait()
java.lang.Thread.State: WAITING (on object monitor)
        at sun.misc.Unsafe.park(Native Method)
        at java.util.concurrent.locks.LockSupport.park(LockSupport.java:175)
        at java.util.concurrent.locks.AbstractQueuedSynchronizer$ConditionObject.await(AbstractQueuedSynchronizer.java:2044)
        at java.util.concurrent.ScheduledThreadPoolExecutor$DelayedWorkQueue.take(ScheduledThreadPoolExecutor.java:1088)
        at java.util.concurrent.ScheduledThreadPoolExecutor$DelayedWorkQueue.take(ScheduledThreadPoolExecutor.java:809)
        at java.util.concurrent.ThreadPoolExecutor.getTask(ThreadPoolExecutor.java:1074)
        at java.util.concurrent.ThreadPoolExecutor.runWorker(ThreadPoolExecutor.java:1134)
        at java.util.concurrent.ThreadPoolExecutor$Worker.run(ThreadPoolExecutor.java:624)
        at java.lang.Thread.run(Thread.java:750)
"IPC Server handler 86 on default port 46755" daemon prio=5 tid=1400 timed_waiting
java.lang.Thread.State: TIMED_WAITING
        at sun.misc.Unsafe.park(Native Method)
        at java.util.concurrent.locks.LockSupport.parkNanos(LockSupport.java:215)
        at java.util.concurrent.locks.AbstractQueuedSynchronizer$ConditionObject.awaitNanos(AbstractQueuedSynchronizer.java:2083)
        at java.util.concurrent.LinkedBlockingQueue.poll(LinkedBlockingQueue.java:467)
        at org.apache.hadoop.ipc.CallQueueManager.take(CallQueueManager.java:317)
        at org.apache.hadoop.ipc.Server$Handler.run(Server.java:2932)
"IPC Server handler 1 on default port 38511" daemon prio=5 tid=1728 timed_waiting
java.lang.Thread.State: TIMED_WAITING
        at sun.misc.Unsafe.park(Native Method)
        at java.util.concurrent.locks.LockSupport.parkNanos(LockSupport.java:215)
        at java.util.concurrent.locks.AbstractQueuedSynchronizer$ConditionObject.awaitNanos(AbstractQueuedSynchronizer.java:2083)
        at java.util.concurrent.LinkedBlockingQueue.poll(LinkedBlockingQueue.java:467)
        at org.apache.hadoop.ipc.CallQueueManager.take(CallQueueManager.java:317)
        at org.apache.hadoop.ipc.Server$Handler.run(Server.java:2932)
"qtp1595633599-1532" daemon prio=5 tid=1532 timed_waiting
java.lang.Thread.State: TIMED_WAITING
        at sun.misc.Unsafe.park(Native Method)
        at java.util.concurrent.locks.LockSupport.parkNanos(LockSupport.java:215)
        at java.util.concurrent.locks.AbstractQueuedSynchronizer$ConditionObject.awaitNanos(AbstractQueuedSynchronizer.java:2083)
        at org.eclipse.jetty.util.BlockingArrayQueue.poll(BlockingArrayQueue.java:382)
        at org.eclipse.jetty.util.thread.QueuedThreadPool$Runner.idleJobPoll(QueuedThreadPool.java:974)
        at org.eclipse.jetty.util.thread.QueuedThreadPool$Runner.run(QueuedThreadPool.java:1018)
        at java.lang.Thread.run(Thread.java:750)
"IPC Server handler 63 on default port 46755" daemon prio=5 tid=1377 timed_waiting
java.lang.Thread.State: TIMED_WAITING
        at sun.misc.Unsafe.park(Native Method)
        at java.util.concurrent.locks.LockSupport.parkNanos(LockSupport.java:215)
        at java.util.concurrent.locks.AbstractQueuedSynchronizer$ConditionObject.awaitNanos(AbstractQueuedSynchronizer.java:2083)
        at java.util.concurrent.LinkedBlockingQueue.poll(LinkedBlockingQueue.java:467)
        at org.apache.hadoop.ipc.CallQueueManager.take(CallQueueManager.java:317)
        at org.apache.hadoop.ipc.Server$Handler.run(Server.java:2932)
"IPC Server handler 31 on default port 46755" daemon prio=5 tid=1345 timed_waiting
java.lang.Thread.State: TIMED_WAITING
        at sun.misc.Unsafe.park(Native Method)
        at java.util.concurrent.locks.LockSupport.parkNanos(LockSupport.java:215)
        at java.util.concurrent.locks.AbstractQueuedSynchronizer$ConditionObject.awaitNanos(AbstractQueuedSynchronizer.java:2083)
        at java.util.concurrent.LinkedBlockingQueue.poll(LinkedBlockingQueue.java:467)
        at org.apache.hadoop.ipc.CallQueueManager.take(CallQueueManager.java:317)
        at org.apache.hadoop.ipc.Server$Handler.run(Server.java:2932)
"IPC Server handler 22 on default port 46755" daemon prio=5 tid=1336 timed_waiting
java.lang.Thread.State: TIMED_WAITING
        at sun.misc.Unsafe.park(Native Method)
        at java.util.concurrent.locks.LockSupport.parkNanos(LockSupport.java:215)
        at java.util.concurrent.locks.AbstractQueuedSynchronizer$ConditionObject.awaitNanos(AbstractQueuedSynchronizer.java:2083)
        at java.util.concurrent.LinkedBlockingQueue.poll(LinkedBlockingQueue.java:467)
        at org.apache.hadoop.ipc.CallQueueManager.take(CallQueueManager.java:317)
        at org.apache.hadoop.ipc.Server$Handler.run(Server.java:2932)
"ReplicationMonitor" daemon prio=5 tid=1076 timed_waiting
java.lang.Thread.State: TIMED_WAITING
        at java.lang.Object.wait(Native Method)
        at org.apache.hadoop.hdds.scm.container.replication.ReplicationManager.run(ReplicationManager.java:570)
        at org.apache.hadoop.hdds.scm.container.replication.ReplicationManager$$Lambda$763/1827910615.run(Unknown Source)
        at java.lang.Thread.run(Thread.java:750)
"03e900db-606d-4788-a076-61e9663ea76b@group-AC284E633F92-SegmentedRaftLogWorker"  prio=5 tid=1627 timed_waiting
java.lang.Thread.State: TIMED_WAITING
        at sun.misc.Unsafe.park(Native Method)
        at java.util.concurrent.locks.LockSupport.parkNanos(LockSupport.java:215)
        at java.util.concurrent.locks.AbstractQueuedSynchronizer$ConditionObject.awaitNanos(AbstractQueuedSynchronizer.java:2083)
        at org.apache.ratis.util.DataBlockingQueue.poll(DataBlockingQueue.java:148)
        at org.apache.ratis.server.raftlog.segmented.SegmentedRaftLogWorker.run(SegmentedRaftLogWorker.java:301)
        at org.apache.ratis.server.raftlog.segmented.SegmentedRaftLogWorker$$Lambda$535/466484985.run(Unknown Source)
        at java.lang.Thread.run(Thread.java:750)
"IPC Server handler 40 on default port 46755" daemon prio=5 tid=1354 timed_waiting
java.lang.Thread.State: TIMED_WAITING
        at sun.misc.Unsafe.park(Native Method)
        at java.util.concurrent.locks.LockSupport.parkNanos(LockSupport.java:215)
        at java.util.concurrent.locks.AbstractQueuedSynchronizer$ConditionObject.awaitNanos(AbstractQueuedSynchronizer.java:2083)
        at java.util.concurrent.LinkedBlockingQueue.poll(LinkedBlockingQueue.java:467)
        at org.apache.hadoop.ipc.CallQueueManager.take(CallQueueManager.java:317)
        at org.apache.hadoop.ipc.Server$Handler.run(Server.java:2932)
"IPC Server handler 25 on default port 46755" daemon prio=5 tid=1339 timed_waiting
java.lang.Thread.State: TIMED_WAITING
        at sun.misc.Unsafe.park(Native Method)
        at java.util.concurrent.locks.LockSupport.parkNanos(LockSupport.java:215)
        at java.util.concurrent.locks.AbstractQueuedSynchronizer$ConditionObject.awaitNanos(AbstractQueuedSynchronizer.java:2083)
        at java.util.concurrent.LinkedBlockingQueue.poll(LinkedBlockingQueue.java:467)
        at org.apache.hadoop.ipc.CallQueueManager.take(CallQueueManager.java:317)
        at org.apache.hadoop.ipc.Server$Handler.run(Server.java:2932)
"IPC Server handler 81 on default port 39853" daemon prio=5 tid=1178 timed_waiting
java.lang.Thread.State: TIMED_WAITING
        at sun.misc.Unsafe.park(Native Method)
        at java.util.concurrent.locks.LockSupport.parkNanos(LockSupport.java:215)
        at java.util.concurrent.locks.AbstractQueuedSynchronizer$ConditionObject.awaitNanos(AbstractQueuedSynchronizer.java:2083)
        at java.util.concurrent.LinkedBlockingQueue.poll(LinkedBlockingQueue.java:467)
        at org.apache.hadoop.ipc.CallQueueManager.take(CallQueueManager.java:317)
        at org.apache.hadoop.ipc.Server$Handler.run(Server.java:2932)
"IPC Server handler 17 on default port 38039" daemon prio=5 tid=1214 timed_waiting
java.lang.Thread.State: TIMED_WAITING
        at sun.misc.Unsafe.park(Native Method)
        at java.util.concurrent.locks.LockSupport.parkNanos(LockSupport.java:215)
        at java.util.concurrent.locks.AbstractQueuedSynchronizer$ConditionObject.awaitNanos(AbstractQueuedSynchronizer.java:2083)
        at java.util.concurrent.LinkedBlockingQueue.poll(LinkedBlockingQueue.java:467)
        at org.apache.hadoop.ipc.CallQueueManager.take(CallQueueManager.java:317)
        at org.apache.hadoop.ipc.Server$Handler.run(Server.java:2932)
"OM StateMachine ApplyTransaction Thread - 0" daemon prio=5 tid=1756 in Object.wait()
java.lang.Thread.State: WAITING (on object monitor)
        at sun.misc.Unsafe.park(Native Method)
        at java.util.concurrent.locks.LockSupport.park(LockSupport.java:175)
        at java.util.concurrent.locks.AbstractQueuedSynchronizer$ConditionObject.await(AbstractQueuedSynchronizer.java:2044)
        at java.util.concurrent.LinkedBlockingQueue.take(LinkedBlockingQueue.java:442)
        at java.util.concurrent.ThreadPoolExecutor.getTask(ThreadPoolExecutor.java:1074)
        at java.util.concurrent.ThreadPoolExecutor.runWorker(ThreadPoolExecutor.java:1134)
        at java.util.concurrent.ThreadPoolExecutor$Worker.run(ThreadPoolExecutor.java:624)
        at java.lang.Thread.run(Thread.java:750)
"IPC Server handler 59 on default port 39853" daemon prio=5 tid=1156 timed_waiting
java.lang.Thread.State: TIMED_WAITING
        at sun.misc.Unsafe.park(Native Method)
        at java.util.concurrent.locks.LockSupport.parkNanos(LockSupport.java:215)
        at java.util.concurrent.locks.AbstractQueuedSynchronizer$ConditionObject.awaitNanos(AbstractQueuedSynchronizer.java:2083)
        at java.util.concurrent.LinkedBlockingQueue.poll(LinkedBlockingQueue.java:467)
        at org.apache.hadoop.ipc.CallQueueManager.take(CallQueueManager.java:317)
        at org.apache.hadoop.ipc.Server$Handler.run(Server.java:2932)
"IPC Server handler 3 on default port 46755" daemon prio=5 tid=1317 timed_waiting
java.lang.Thread.State: TIMED_WAITING
        at sun.misc.Unsafe.park(Native Method)
        at java.util.concurrent.locks.LockSupport.parkNanos(LockSupport.java:215)
        at java.util.concurrent.locks.AbstractQueuedSynchronizer$ConditionObject.awaitNanos(AbstractQueuedSynchronizer.java:2083)
        at java.util.concurrent.LinkedBlockingQueue.poll(LinkedBlockingQueue.java:467)
        at org.apache.hadoop.ipc.CallQueueManager.take(CallQueueManager.java:317)
        at org.apache.hadoop.ipc.Server$Handler.run(Server.java:2932)
"Signal Dispatcher" daemon prio=9 tid=4 runnable
java.lang.Thread.State: RUNNABLE
"IPC Server handler 55 on default port 46755" daemon prio=5 tid=1369 timed_waiting
java.lang.Thread.State: TIMED_WAITING
        at sun.misc.Unsafe.park(Native Method)
        at java.util.concurrent.locks.LockSupport.parkNanos(LockSupport.java:215)
        at java.util.concurrent.locks.AbstractQueuedSynchronizer$ConditionObject.awaitNanos(AbstractQueuedSynchronizer.java:2083)
        at java.util.concurrent.LinkedBlockingQueue.poll(LinkedBlockingQueue.java:467)
        at org.apache.hadoop.ipc.CallQueueManager.take(CallQueueManager.java:317)
        at org.apache.hadoop.ipc.Server$Handler.run(Server.java:2932)
"OMDoubleBufferFlushThread" daemon prio=5 tid=1771 timed_waiting
java.lang.Thread.State: TIMED_WAITING
        at java.lang.Object.wait(Native Method)
        at org.apache.hadoop.ozone.om.ratis.OzoneManagerDoubleBuffer.canFlush(OzoneManagerDoubleBuffer.java:538)
        at org.apache.hadoop.ozone.om.ratis.OzoneManagerDoubleBuffer.flushTransactions(OzoneManagerDoubleBuffer.java:268)
        at org.apache.hadoop.ozone.om.ratis.OzoneManagerDoubleBuffer$$Lambda$860/856569778.run(Unknown Source)
        at java.lang.Thread.run(Thread.java:750)
"FixedThreadPoolWithAffinityExecutor-0-0" daemon prio=5 tid=1583 in Object.wait()
java.lang.Thread.State: WAITING (on object monitor)
        at sun.misc.Unsafe.park(Native Method)
        at java.util.concurrent.locks.LockSupport.park(LockSupport.java:175)
        at java.util.concurrent.locks.AbstractQueuedSynchronizer$ConditionObject.await(AbstractQueuedSynchronizer.java:2044)
        at java.util.concurrent.LinkedBlockingDeque.takeFirst(LinkedBlockingDeque.java:492)
        at java.util.concurrent.LinkedBlockingDeque.take(LinkedBlockingDeque.java:680)
        at java.util.concurrent.ThreadPoolExecutor.getTask(ThreadPoolExecutor.java:1074)
        at java.util.concurrent.ThreadPoolExecutor.runWorker(ThreadPoolExecutor.java:1134)
        at java.util.concurrent.ThreadPoolExecutor$Worker.run(ThreadPoolExecutor.java:624)
        at java.lang.Thread.run(Thread.java:750)
"IPC Server handler 15 on default port 46755" daemon prio=5 tid=1329 timed_waiting
java.lang.Thread.State: TIMED_WAITING
        at sun.misc.Unsafe.park(Native Method)
        at java.util.concurrent.locks.LockSupport.parkNanos(LockSupport.java:215)
        at java.util.concurrent.locks.AbstractQueuedSynchronizer$ConditionObject.awaitNanos(AbstractQueuedSynchronizer.java:2083)
        at java.util.concurrent.LinkedBlockingQueue.poll(LinkedBlockingQueue.java:467)
        at org.apache.hadoop.ipc.CallQueueManager.take(CallQueueManager.java:317)
        at org.apache.hadoop.ipc.Server$Handler.run(Server.java:2932)
"IPC Server handler 50 on default port 39853" daemon prio=5 tid=1147 timed_waiting
java.lang.Thread.State: TIMED_WAITING
        at sun.misc.Unsafe.park(Native Method)
        at java.util.concurrent.locks.LockSupport.parkNanos(LockSupport.java:215)
        at java.util.concurrent.locks.AbstractQueuedSynchronizer$ConditionObject.awaitNanos(AbstractQueuedSynchronizer.java:2083)
        at java.util.concurrent.LinkedBlockingQueue.poll(LinkedBlockingQueue.java:467)
        at org.apache.hadoop.ipc.CallQueueManager.take(CallQueueManager.java:317)
        at org.apache.hadoop.ipc.Server$Handler.run(Server.java:2932)
"IPC Server handler 97 on default port 39853" daemon prio=5 tid=1194 timed_waiting
java.lang.Thread.State: TIMED_WAITING
        at sun.misc.Unsafe.park(Native Method)
        at java.util.concurrent.locks.LockSupport.parkNanos(LockSupport.java:215)
        at java.util.concurrent.locks.AbstractQueuedSynchronizer$ConditionObject.awaitNanos(AbstractQueuedSynchronizer.java:2083)
        at java.util.concurrent.LinkedBlockingQueue.poll(LinkedBlockingQueue.java:467)
        at org.apache.hadoop.ipc.CallQueueManager.take(CallQueueManager.java:317)
        at org.apache.hadoop.ipc.Server$Handler.run(Server.java:2932)
"IPC Server handler 90 on default port 46755" daemon prio=5 tid=1404 timed_waiting
java.lang.Thread.State: TIMED_WAITING
        at sun.misc.Unsafe.park(Native Method)
        at java.util.concurrent.locks.LockSupport.parkNanos(LockSupport.java:215)
        at java.util.concurrent.locks.AbstractQueuedSynchronizer$ConditionObject.awaitNanos(AbstractQueuedSynchronizer.java:2083)
        at java.util.concurrent.LinkedBlockingQueue.poll(LinkedBlockingQueue.java:467)
        at org.apache.hadoop.ipc.CallQueueManager.take(CallQueueManager.java:317)
        at org.apache.hadoop.ipc.Server$Handler.run(Server.java:2932)
"IPC Server handler 10 on default port 38039" daemon prio=5 tid=1207 timed_waiting
java.lang.Thread.State: TIMED_WAITING
        at sun.misc.Unsafe.park(Native Method)
        at java.util.concurrent.locks.LockSupport.parkNanos(LockSupport.java:215)
        at java.util.concurrent.locks.AbstractQueuedSynchronizer$ConditionObject.awaitNanos(AbstractQueuedSynchronizer.java:2083)
        at java.util.concurrent.LinkedBlockingQueue.poll(LinkedBlockingQueue.java:467)
        at org.apache.hadoop.ipc.CallQueueManager.take(CallQueueManager.java:317)
        at org.apache.hadoop.ipc.Server$Handler.run(Server.java:2932)
"IPC Server handler 27 on default port 39853" daemon prio=5 tid=1124 timed_waiting
java.lang.Thread.State: TIMED_WAITING
        at sun.misc.Unsafe.park(Native Method)
        at java.util.concurrent.locks.LockSupport.parkNanos(LockSupport.java:215)
        at java.util.concurrent.locks.AbstractQueuedSynchronizer$ConditionObject.awaitNanos(AbstractQueuedSynchronizer.java:2083)
        at java.util.concurrent.LinkedBlockingQueue.poll(LinkedBlockingQueue.java:467)
        at org.apache.hadoop.ipc.CallQueueManager.take(CallQueueManager.java:317)
        at org.apache.hadoop.ipc.Server$Handler.run(Server.java:2932)
"IPC Server handler 60 on default port 46755" daemon prio=5 tid=1374 timed_waiting
java.lang.Thread.State: TIMED_WAITING
        at sun.misc.Unsafe.park(Native Method)
        at java.util.concurrent.locks.LockSupport.parkNanos(LockSupport.java:215)
        at java.util.concurrent.locks.AbstractQueuedSynchronizer$ConditionObject.awaitNanos(AbstractQueuedSynchronizer.java:2083)
        at java.util.concurrent.LinkedBlockingQueue.poll(LinkedBlockingQueue.java:467)
        at org.apache.hadoop.ipc.CallQueueManager.take(CallQueueManager.java:317)
        at org.apache.hadoop.ipc.Server$Handler.run(Server.java:2932)
"qtp1228228474-1797" daemon prio=5 tid=1797 timed_waiting
java.lang.Thread.State: TIMED_WAITING
        at sun.misc.Unsafe.park(Native Method)
        at java.util.concurrent.locks.LockSupport.parkNanos(LockSupport.java:215)
        at java.util.concurrent.locks.AbstractQueuedSynchronizer$ConditionObject.awaitNanos(AbstractQueuedSynchronizer.java:2083)
        at org.eclipse.jetty.util.BlockingArrayQueue.poll(BlockingArrayQueue.java:382)
        at org.eclipse.jetty.util.thread.QueuedThreadPool$Runner.idleJobPoll(QueuedThreadPool.java:974)
        at org.eclipse.jetty.util.thread.QueuedThreadPool$Runner.run(QueuedThreadPool.java:1018)
        at java.lang.Thread.run(Thread.java:750)
"IPC Server handler 97 on default port 46755" daemon prio=5 tid=1411 timed_waiting
java.lang.Thread.State: TIMED_WAITING
        at sun.misc.Unsafe.park(Native Method)
        at java.util.concurrent.locks.LockSupport.parkNanos(LockSupport.java:215)
        at java.util.concurrent.locks.AbstractQueuedSynchronizer$ConditionObject.awaitNanos(AbstractQueuedSynchronizer.java:2083)
        at java.util.concurrent.LinkedBlockingQueue.poll(LinkedBlockingQueue.java:467)
        at org.apache.hadoop.ipc.CallQueueManager.take(CallQueueManager.java:317)
        at org.apache.hadoop.ipc.Server$Handler.run(Server.java:2932)
"ChunkWriter-0-0" daemon prio=5 tid=1548 in Object.wait()
java.lang.Thread.State: WAITING (on object monitor)
        at sun.misc.Unsafe.park(Native Method)
        at java.util.concurrent.locks.LockSupport.park(LockSupport.java:175)
        at java.util.concurrent.locks.AbstractQueuedSynchronizer$ConditionObject.await(AbstractQueuedSynchronizer.java:2044)
        at java.util.concurrent.LinkedBlockingDeque.takeFirst(LinkedBlockingDeque.java:492)
        at java.util.concurrent.LinkedBlockingDeque.take(LinkedBlockingDeque.java:680)
        at java.util.concurrent.ThreadPoolExecutor.getTask(ThreadPoolExecutor.java:1074)
        at java.util.concurrent.ThreadPoolExecutor.runWorker(ThreadPoolExecutor.java:1134)
        at java.util.concurrent.ThreadPoolExecutor$Worker.run(ThreadPoolExecutor.java:624)
        at java.lang.Thread.run(Thread.java:750)
"qtp2033667885-1305" daemon prio=5 tid=1305 timed_waiting
java.lang.Thread.State: TIMED_WAITING
        at sun.misc.Unsafe.park(Native Method)
        at java.util.concurrent.locks.LockSupport.parkNanos(LockSupport.java:215)
        at java.util.concurrent.locks.AbstractQueuedSynchronizer$ConditionObject.awaitNanos(AbstractQueuedSynchronizer.java:2083)
        at org.eclipse.jetty.util.BlockingArrayQueue.poll(BlockingArrayQueue.java:382)
        at org.eclipse.jetty.util.thread.QueuedThreadPool$Runner.idleJobPoll(QueuedThreadPool.java:974)
        at org.eclipse.jetty.util.thread.QueuedThreadPool$Runner.run(QueuedThreadPool.java:1018)
        at java.lang.Thread.run(Thread.java:750)
"org.apache.ratis.util.JvmPauseMonitor$$Lambda$605/1445225850@6e0cac24" daemon prio=5 tid=1564 timed_waiting
java.lang.Thread.State: TIMED_WAITING
        at java.lang.Thread.sleep(Native Method)
        at java.lang.Thread.sleep(Thread.java:342)
        at java.util.concurrent.TimeUnit.sleep(TimeUnit.java:386)
        at org.apache.ratis.util.TimeDuration.sleep(TimeDuration.java:325)
        at org.apache.ratis.util.TimeDuration.sleep(TimeDuration.java:310)
        at org.apache.ratis.util.JvmPauseMonitor.detectPause(JvmPauseMonitor.java:117)
        at org.apache.ratis.util.JvmPauseMonitor.run(JvmPauseMonitor.java:106)
        at org.apache.ratis.util.JvmPauseMonitor$$Lambda$605/1445225850.run(Unknown Source)
        at java.lang.Thread.run(Thread.java:750)
"IPC Server handler 55 on default port 39853" daemon prio=5 tid=1152 timed_waiting
java.lang.Thread.State: TIMED_WAITING
        at sun.misc.Unsafe.park(Native Method)
        at java.util.concurrent.locks.LockSupport.parkNanos(LockSupport.java:215)
        at java.util.concurrent.locks.AbstractQueuedSynchronizer$ConditionObject.awaitNanos(AbstractQueuedSynchronizer.java:2083)
        at java.util.concurrent.LinkedBlockingQueue.poll(LinkedBlockingQueue.java:467)
        at org.apache.hadoop.ipc.CallQueueManager.take(CallQueueManager.java:317)
        at org.apache.hadoop.ipc.Server$Handler.run(Server.java:2932)
"IPC Server handler 16 on default port 46755" daemon prio=5 tid=1330 timed_waiting
java.lang.Thread.State: TIMED_WAITING
        at sun.misc.Unsafe.park(Native Method)
        at java.util.concurrent.locks.LockSupport.parkNanos(LockSupport.java:215)
        at java.util.concurrent.locks.AbstractQueuedSynchronizer$ConditionObject.awaitNanos(AbstractQueuedSynchronizer.java:2083)
        at java.util.concurrent.LinkedBlockingQueue.poll(LinkedBlockingQueue.java:467)
        at org.apache.hadoop.ipc.CallQueueManager.take(CallQueueManager.java:317)
        at org.apache.hadoop.ipc.Server$Handler.run(Server.java:2932)
"IPC Server handler 22 on default port 38039" daemon prio=5 tid=1219 timed_waiting
java.lang.Thread.State: TIMED_WAITING
        at sun.misc.Unsafe.park(Native Method)
        at java.util.concurrent.locks.LockSupport.parkNanos(LockSupport.java:215)
        at java.util.concurrent.locks.AbstractQueuedSynchronizer$ConditionObject.awaitNanos(AbstractQueuedSynchronizer.java:2083)
        at java.util.concurrent.LinkedBlockingQueue.poll(LinkedBlockingQueue.java:467)
        at org.apache.hadoop.ipc.CallQueueManager.take(CallQueueManager.java:317)
        at org.apache.hadoop.ipc.Server$Handler.run(Server.java:2932)
"Datanode ReportManager Thread - 1" daemon prio=5 tid=1538 in Object.wait()
java.lang.Thread.State: WAITING (on object monitor)
        at sun.misc.Unsafe.park(Native Method)
        at java.util.concurrent.locks.LockSupport.park(LockSupport.java:175)
        at java.util.concurrent.locks.AbstractQueuedSynchronizer$ConditionObject.await(AbstractQueuedSynchronizer.java:2044)
        at java.util.concurrent.ScheduledThreadPoolExecutor$DelayedWorkQueue.take(ScheduledThreadPoolExecutor.java:1088)
        at java.util.concurrent.ScheduledThreadPoolExecutor$DelayedWorkQueue.take(ScheduledThreadPoolExecutor.java:809)
        at java.util.concurrent.ThreadPoolExecutor.getTask(ThreadPoolExecutor.java:1074)
        at java.util.concurrent.ThreadPoolExecutor.runWorker(ThreadPoolExecutor.java:1134)
        at java.util.concurrent.ThreadPoolExecutor$Worker.run(ThreadPoolExecutor.java:624)
        at java.lang.Thread.run(Thread.java:750)
"RatisPipelineUtilsThread - 0"  prio=5 tid=1073 timed_waiting
java.lang.Thread.State: TIMED_WAITING
        at java.lang.Object.wait(Native Method)
        at org.apache.hadoop.hdds.scm.pipeline.BackgroundPipelineCreator.run(BackgroundPipelineCreator.java:176)
        at org.apache.hadoop.hdds.scm.pipeline.BackgroundPipelineCreator$$Lambda$754/384766304.run(Unknown Source)
        at java.lang.Thread.run(Thread.java:750)
"Datanode ReportManager Thread - 3" daemon prio=5 tid=1486 in Object.wait()
java.lang.Thread.State: WAITING (on object monitor)
        at sun.misc.Unsafe.park(Native Method)
        at java.util.concurrent.locks.LockSupport.park(LockSupport.java:175)
        at java.util.concurrent.locks.AbstractQueuedSynchronizer$ConditionObject.await(AbstractQueuedSynchronizer.java:2044)
        at java.util.concurrent.ScheduledThreadPoolExecutor$DelayedWorkQueue.take(ScheduledThreadPoolExecutor.java:1088)
        at java.util.concurrent.ScheduledThreadPoolExecutor$DelayedWorkQueue.take(ScheduledThreadPoolExecutor.java:809)
        at java.util.concurrent.ThreadPoolExecutor.getTask(ThreadPoolExecutor.java:1074)
        at java.util.concurrent.ThreadPoolExecutor.runWorker(ThreadPoolExecutor.java:1134)
        at java.util.concurrent.ThreadPoolExecutor$Worker.run(ThreadPoolExecutor.java:624)
        at java.lang.Thread.run(Thread.java:750)
"IPC Server listener on 38511" daemon prio=5 tid=1707 runnable
java.lang.Thread.State: RUNNABLE
        at sun.nio.ch.EPollArrayWrapper.epollWait(Native Method)
        at sun.nio.ch.EPollArrayWrapper.poll(EPollArrayWrapper.java:269)
        at sun.nio.ch.EPollSelectorImpl.doSelect(EPollSelectorImpl.java:93)
        at sun.nio.ch.SelectorImpl.lockAndDoSelect(SelectorImpl.java:86)
        at sun.nio.ch.SelectorImpl.select(SelectorImpl.java:97)
        at sun.nio.ch.SelectorImpl.select(SelectorImpl.java:101)
        at org.apache.hadoop.ipc.Server$Listener.run(Server.java:1350)
"IPC Server handler 3 on default port 38511" daemon prio=5 tid=1730 timed_waiting
java.lang.Thread.State: TIMED_WAITING
        at sun.misc.Unsafe.park(Native Method)
        at java.util.concurrent.locks.LockSupport.parkNanos(LockSupport.java:215)
        at java.util.concurrent.locks.AbstractQueuedSynchronizer$ConditionObject.awaitNanos(AbstractQueuedSynchronizer.java:2083)
        at java.util.concurrent.LinkedBlockingQueue.poll(LinkedBlockingQueue.java:467)
        at org.apache.hadoop.ipc.CallQueueManager.take(CallQueueManager.java:317)
        at org.apache.hadoop.ipc.Server$Handler.run(Server.java:2932)
"IPC Server handler 5 on default port 39853" daemon prio=5 tid=1102 timed_waiting
java.lang.Thread.State: TIMED_WAITING
        at sun.misc.Unsafe.park(Native Method)
        at java.util.concurrent.locks.LockSupport.parkNanos(LockSupport.java:215)
        at java.util.concurrent.locks.AbstractQueuedSynchronizer$ConditionObject.awaitNanos(AbstractQueuedSynchronizer.java:2083)
        at java.util.concurrent.LinkedBlockingQueue.poll(LinkedBlockingQueue.java:467)
        at org.apache.hadoop.ipc.CallQueueManager.take(CallQueueManager.java:317)
        at org.apache.hadoop.ipc.Server$Handler.run(Server.java:2932)
"IPC Server handler 61 on default port 39853" daemon prio=5 tid=1158 timed_waiting
java.lang.Thread.State: TIMED_WAITING
        at sun.misc.Unsafe.park(Native Method)
        at java.util.concurrent.locks.LockSupport.parkNanos(LockSupport.java:215)
        at java.util.concurrent.locks.AbstractQueuedSynchronizer$ConditionObject.awaitNanos(AbstractQueuedSynchronizer.java:2083)
        at java.util.concurrent.LinkedBlockingQueue.poll(LinkedBlockingQueue.java:467)
        at org.apache.hadoop.ipc.CallQueueManager.take(CallQueueManager.java:317)
        at org.apache.hadoop.ipc.Server$Handler.run(Server.java:2932)
"FullTableCache Cleanup Thread - 0" daemon prio=5 tid=1020 in Object.wait()
java.lang.Thread.State: WAITING (on object monitor)
        at sun.misc.Unsafe.park(Native Method)
        at java.util.concurrent.locks.LockSupport.park(LockSupport.java:175)
        at java.util.concurrent.locks.AbstractQueuedSynchronizer$ConditionObject.await(AbstractQueuedSynchronizer.java:2044)
        at java.util.concurrent.LinkedBlockingQueue.take(LinkedBlockingQueue.java:442)
        at java.util.concurrent.ThreadPoolExecutor.getTask(ThreadPoolExecutor.java:1074)
        at java.util.concurrent.ThreadPoolExecutor.runWorker(ThreadPoolExecutor.java:1134)
        at java.util.concurrent.ThreadPoolExecutor$Worker.run(ThreadPoolExecutor.java:624)
        at java.lang.Thread.run(Thread.java:750)
"IPC Server handler 87 on default port 38039" daemon prio=5 tid=1284 timed_waiting
java.lang.Thread.State: TIMED_WAITING
        at sun.misc.Unsafe.park(Native Method)
        at java.util.concurrent.locks.LockSupport.parkNanos(LockSupport.java:215)
        at java.util.concurrent.locks.AbstractQueuedSynchronizer$ConditionObject.awaitNanos(AbstractQueuedSynchronizer.java:2083)
        at java.util.concurrent.LinkedBlockingQueue.poll(LinkedBlockingQueue.java:467)
        at org.apache.hadoop.ipc.CallQueueManager.take(CallQueueManager.java:317)
        at org.apache.hadoop.ipc.Server$Handler.run(Server.java:2932)
"IPC Server listener on 38039" daemon prio=5 tid=1084 runnable
java.lang.Thread.State: RUNNABLE
        at sun.nio.ch.EPollArrayWrapper.epollWait(Native Method)
        at sun.nio.ch.EPollArrayWrapper.poll(EPollArrayWrapper.java:269)
        at sun.nio.ch.EPollSelectorImpl.doSelect(EPollSelectorImpl.java:93)
        at sun.nio.ch.SelectorImpl.lockAndDoSelect(SelectorImpl.java:86)
        at sun.nio.ch.SelectorImpl.select(SelectorImpl.java:97)
        at sun.nio.ch.SelectorImpl.select(SelectorImpl.java:101)
        at org.apache.hadoop.ipc.Server$Listener.run(Server.java:1350)
"qtp1711379780-1480" daemon prio=5 tid=1480 timed_waiting
java.lang.Thread.State: TIMED_WAITING
        at sun.misc.Unsafe.park(Native Method)
        at java.util.concurrent.locks.LockSupport.parkNanos(LockSupport.java:215)
        at java.util.concurrent.locks.AbstractQueuedSynchronizer$ConditionObject.awaitNanos(AbstractQueuedSynchronizer.java:2083)
        at org.eclipse.jetty.util.BlockingArrayQueue.poll(BlockingArrayQueue.java:382)
        at org.eclipse.jetty.util.thread.QueuedThreadPool$Runner.idleJobPoll(QueuedThreadPool.java:974)
        at org.eclipse.jetty.util.thread.QueuedThreadPool$Runner.run(QueuedThreadPool.java:1018)
        at java.lang.Thread.run(Thread.java:750)
"qtp2033667885-1302" daemon prio=5 tid=1302 timed_waiting
java.lang.Thread.State: TIMED_WAITING
        at sun.misc.Unsafe.park(Native Method)
        at java.util.concurrent.locks.LockSupport.parkNanos(LockSupport.java:215)
        at java.util.concurrent.locks.AbstractQueuedSynchronizer$ConditionObject.awaitNanos(AbstractQueuedSynchronizer.java:2083)
        at org.eclipse.jetty.util.BlockingArrayQueue.poll(BlockingArrayQueue.java:382)
        at org.eclipse.jetty.util.thread.QueuedThreadPool$Runner.idleJobPoll(QueuedThreadPool.java:974)
        at org.eclipse.jetty.util.thread.QueuedThreadPool$Runner.run(QueuedThreadPool.java:1018)
        at java.lang.Thread.run(Thread.java:750)
"ContainerOp-6dc43382-3a53-4f47-bfc3-ac284e633f92-0"  prio=5 tid=1691 in Object.wait()
java.lang.Thread.State: WAITING (on object monitor)
        at sun.misc.Unsafe.park(Native Method)
        at java.util.concurrent.locks.LockSupport.park(LockSupport.java:175)
        at java.util.concurrent.locks.AbstractQueuedSynchronizer$ConditionObject.await(AbstractQueuedSynchronizer.java:2044)
        at java.util.concurrent.LinkedBlockingQueue.take(LinkedBlockingQueue.java:442)
        at java.util.concurrent.ThreadPoolExecutor.getTask(ThreadPoolExecutor.java:1074)
        at java.util.concurrent.ThreadPoolExecutor.runWorker(ThreadPoolExecutor.java:1134)
        at java.util.concurrent.ThreadPoolExecutor$Worker.run(ThreadPoolExecutor.java:624)
        at java.lang.Thread.run(Thread.java:750)
"IPC Server handler 49 on default port 38039" daemon prio=5 tid=1246 timed_waiting
java.lang.Thread.State: TIMED_WAITING
        at sun.misc.Unsafe.park(Native Method)
        at java.util.concurrent.locks.LockSupport.parkNanos(LockSupport.java:215)
        at java.util.concurrent.locks.AbstractQueuedSynchronizer$ConditionObject.awaitNanos(AbstractQueuedSynchronizer.java:2083)
        at java.util.concurrent.LinkedBlockingQueue.poll(LinkedBlockingQueue.java:467)
        at org.apache.hadoop.ipc.CallQueueManager.take(CallQueueManager.java:317)
        at org.apache.hadoop.ipc.Server$Handler.run(Server.java:2932)
"Periodic HDDS volume checker" daemon prio=5 tid=1492 timed_waiting
java.lang.Thread.State: TIMED_WAITING
        at sun.misc.Unsafe.park(Native Method)
        at java.util.concurrent.locks.LockSupport.parkNanos(LockSupport.java:215)
        at java.util.concurrent.locks.AbstractQueuedSynchronizer$ConditionObject.awaitNanos(AbstractQueuedSynchronizer.java:2083)
        at java.util.concurrent.ScheduledThreadPoolExecutor$DelayedWorkQueue.take(ScheduledThreadPoolExecutor.java:1093)
        at java.util.concurrent.ScheduledThreadPoolExecutor$DelayedWorkQueue.take(ScheduledThreadPoolExecutor.java:809)
        at java.util.concurrent.ThreadPoolExecutor.getTask(ThreadPoolExecutor.java:1074)
        at java.util.concurrent.ThreadPoolExecutor.runWorker(ThreadPoolExecutor.java:1134)
        at java.util.concurrent.ThreadPoolExecutor$Worker.run(ThreadPoolExecutor.java:624)
        at java.lang.Thread.run(Thread.java:750)
"IPC Server handler 31 on default port 38039" daemon prio=5 tid=1228 timed_waiting
java.lang.Thread.State: TIMED_WAITING
        at sun.misc.Unsafe.park(Native Method)
        at java.util.concurrent.locks.LockSupport.parkNanos(LockSupport.java:215)
        at java.util.concurrent.locks.AbstractQueuedSynchronizer$ConditionObject.awaitNanos(AbstractQueuedSynchronizer.java:2083)
        at java.util.concurrent.LinkedBlockingQueue.poll(LinkedBlockingQueue.java:467)
        at org.apache.hadoop.ipc.CallQueueManager.take(CallQueueManager.java:317)
        at org.apache.hadoop.ipc.Server$Handler.run(Server.java:2932)
"BlockDeletingService#0" daemon prio=5 tid=1554 timed_waiting
java.lang.Thread.State: TIMED_WAITING
        at sun.misc.Unsafe.park(Native Method)
        at java.util.concurrent.locks.LockSupport.parkNanos(LockSupport.java:215)
        at java.util.concurrent.locks.AbstractQueuedSynchronizer$ConditionObject.awaitNanos(AbstractQueuedSynchronizer.java:2083)
        at java.util.concurrent.ScheduledThreadPoolExecutor$DelayedWorkQueue.take(ScheduledThreadPoolExecutor.java:1093)
        at java.util.concurrent.ScheduledThreadPoolExecutor$DelayedWorkQueue.take(ScheduledThreadPoolExecutor.java:809)
        at java.util.concurrent.ThreadPoolExecutor.getTask(ThreadPoolExecutor.java:1074)
        at java.util.concurrent.ThreadPoolExecutor.runWorker(ThreadPoolExecutor.java:1134)
        at java.util.concurrent.ThreadPoolExecutor$Worker.run(ThreadPoolExecutor.java:624)
        at java.lang.Thread.run(Thread.java:750)
"IPC Server handler 73 on default port 38039" daemon prio=5 tid=1270 timed_waiting
java.lang.Thread.State: TIMED_WAITING
        at sun.misc.Unsafe.park(Native Method)
        at java.util.concurrent.locks.LockSupport.parkNanos(LockSupport.java:215)
        at java.util.concurrent.locks.AbstractQueuedSynchronizer$ConditionObject.awaitNanos(AbstractQueuedSynchronizer.java:2083)
        at java.util.concurrent.LinkedBlockingQueue.poll(LinkedBlockingQueue.java:467)
        at org.apache.hadoop.ipc.CallQueueManager.take(CallQueueManager.java:317)
        at org.apache.hadoop.ipc.Server$Handler.run(Server.java:2932)
"IPC Server handler 5 on default port 38511" daemon prio=5 tid=1732 timed_waiting
java.lang.Thread.State: TIMED_WAITING
        at sun.misc.Unsafe.park(Native Method)
        at java.util.concurrent.locks.LockSupport.parkNanos(LockSupport.java:215)
        at java.util.concurrent.locks.AbstractQueuedSynchronizer$ConditionObject.awaitNanos(AbstractQueuedSynchronizer.java:2083)
        at java.util.concurrent.LinkedBlockingQueue.poll(LinkedBlockingQueue.java:467)
        at org.apache.hadoop.ipc.CallQueueManager.take(CallQueueManager.java:317)
        at org.apache.hadoop.ipc.Server$Handler.run(Server.java:2932)
"IPC Server handler 19 on default port 39853" daemon prio=5 tid=1116 timed_waiting
java.lang.Thread.State: TIMED_WAITING
        at sun.misc.Unsafe.park(Native Method)
        at java.util.concurrent.locks.LockSupport.parkNanos(LockSupport.java:215)
        at java.util.concurrent.locks.AbstractQueuedSynchronizer$ConditionObject.awaitNanos(AbstractQueuedSynchronizer.java:2083)
        at java.util.concurrent.LinkedBlockingQueue.poll(LinkedBlockingQueue.java:467)
        at org.apache.hadoop.ipc.CallQueueManager.take(CallQueueManager.java:317)
        at org.apache.hadoop.ipc.Server$Handler.run(Server.java:2932)
"qtp2033667885-1303" daemon prio=5 tid=1303 timed_waiting
java.lang.Thread.State: TIMED_WAITING
        at sun.misc.Unsafe.park(Native Method)
        at java.util.concurrent.locks.LockSupport.parkNanos(LockSupport.java:215)
        at java.util.concurrent.locks.AbstractQueuedSynchronizer$ConditionObject.awaitNanos(AbstractQueuedSynchronizer.java:2083)
        at org.eclipse.jetty.util.BlockingArrayQueue.poll(BlockingArrayQueue.java:382)
        at org.eclipse.jetty.util.thread.QueuedThreadPool$Runner.idleJobPoll(QueuedThreadPool.java:974)
        at org.eclipse.jetty.util.thread.QueuedThreadPool$Runner.run(QueuedThreadPool.java:1018)
        at java.lang.Thread.run(Thread.java:750)
"IPC Server handler 29 on default port 38039" daemon prio=5 tid=1226 timed_waiting
java.lang.Thread.State: TIMED_WAITING
        at sun.misc.Unsafe.park(Native Method)
        at java.util.concurrent.locks.LockSupport.parkNanos(LockSupport.java:215)
        at java.util.concurrent.locks.AbstractQueuedSynchronizer$ConditionObject.awaitNanos(AbstractQueuedSynchronizer.java:2083)
        at java.util.concurrent.LinkedBlockingQueue.poll(LinkedBlockingQueue.java:467)
        at org.apache.hadoop.ipc.CallQueueManager.take(CallQueueManager.java:317)
        at org.apache.hadoop.ipc.Server$Handler.run(Server.java:2932)
"IPC Server handler 96 on default port 38039" daemon prio=5 tid=1293 timed_waiting
java.lang.Thread.State: TIMED_WAITING
        at sun.misc.Unsafe.park(Native Method)
        at java.util.concurrent.locks.LockSupport.parkNanos(LockSupport.java:215)
        at java.util.concurrent.locks.AbstractQueuedSynchronizer$ConditionObject.awaitNanos(AbstractQueuedSynchronizer.java:2083)
        at java.util.concurrent.LinkedBlockingQueue.poll(LinkedBlockingQueue.java:467)
        at org.apache.hadoop.ipc.CallQueueManager.take(CallQueueManager.java:317)
        at org.apache.hadoop.ipc.Server$Handler.run(Server.java:2932)
"grpc-default-boss-ELG-1-1" daemon prio=5 tid=20 runnable
java.lang.Thread.State: RUNNABLE
        at org.apache.ratis.thirdparty.io.netty.channel.epoll.Native.epollWait(Native Method)
        at org.apache.ratis.thirdparty.io.netty.channel.epoll.Native.epollWait(Native.java:193)
        at org.apache.ratis.thirdparty.io.netty.channel.epoll.Native.epollWait(Native.java:186)
        at org.apache.ratis.thirdparty.io.netty.channel.epoll.EpollEventLoop.epollWaitNoTimerChange(EpollEventLoop.java:290)
        at org.apache.ratis.thirdparty.io.netty.channel.epoll.EpollEventLoop.run(EpollEventLoop.java:347)
        at org.apache.ratis.thirdparty.io.netty.util.concurrent.SingleThreadEventExecutor$4.run(SingleThreadEventExecutor.java:986)
        at org.apache.ratis.thirdparty.io.netty.util.internal.ThreadExecutorMap$2.run(ThreadExecutorMap.java:74)
        at org.apache.ratis.thirdparty.io.netty.util.concurrent.FastThreadLocalRunnable.run(FastThreadLocalRunnable.java:30)
        at java.lang.Thread.run(Thread.java:750)
"IPC Server handler 20 on default port 38039" daemon prio=5 tid=1217 timed_waiting
java.lang.Thread.State: TIMED_WAITING
        at sun.misc.Unsafe.park(Native Method)
        at java.util.concurrent.locks.LockSupport.parkNanos(LockSupport.java:215)
        at java.util.concurrent.locks.AbstractQueuedSynchronizer$ConditionObject.awaitNanos(AbstractQueuedSynchronizer.java:2083)
        at java.util.concurrent.LinkedBlockingQueue.poll(LinkedBlockingQueue.java:467)
        at org.apache.hadoop.ipc.CallQueueManager.take(CallQueueManager.java:317)
        at org.apache.hadoop.ipc.Server$Handler.run(Server.java:2932)
"qtp2033667885-1307" daemon prio=5 tid=1307 timed_waiting
java.lang.Thread.State: TIMED_WAITING
        at sun.misc.Unsafe.park(Native Method)
        at java.util.concurrent.locks.LockSupport.parkNanos(LockSupport.java:215)
        at java.util.concurrent.locks.AbstractQueuedSynchronizer$ConditionObject.awaitNanos(AbstractQueuedSynchronizer.java:2083)
        at org.eclipse.jetty.util.BlockingArrayQueue.poll(BlockingArrayQueue.java:382)
        at org.eclipse.jetty.util.thread.QueuedThreadPool$Runner.idleJobPoll(QueuedThreadPool.java:974)
        at org.eclipse.jetty.util.thread.QueuedThreadPool$Runner.run(QueuedThreadPool.java:1018)
        at java.lang.Thread.run(Thread.java:750)
"Datanode State Machine Daemon Thread" daemon prio=5 tid=1482 timed_waiting
java.lang.Thread.State: TIMED_WAITING
        at java.lang.Thread.sleep(Native Method)
        at org.apache.hadoop.ozone.container.common.statemachine.DatanodeStateMachine.startStateMachineThread(DatanodeStateMachine.java:313)
        at org.apache.hadoop.ozone.container.common.statemachine.DatanodeStateMachine.lambda$startDaemon$0(DatanodeStateMachine.java:493)
        at org.apache.hadoop.ozone.container.common.statemachine.DatanodeStateMachine$$Lambda$1007/1690873790.run(Unknown Source)
        at java.lang.Thread.run(Thread.java:750)
"PartialTableCache Cleanup Thread - 0" daemon prio=5 tid=863 in Object.wait()
java.lang.Thread.State: WAITING (on object monitor)
        at sun.misc.Unsafe.park(Native Method)
        at java.util.concurrent.locks.LockSupport.park(LockSupport.java:175)
        at java.util.concurrent.locks.AbstractQueuedSynchronizer$ConditionObject.await(AbstractQueuedSynchronizer.java:2044)
        at java.util.concurrent.LinkedBlockingQueue.take(LinkedBlockingQueue.java:442)
        at java.util.concurrent.ThreadPoolExecutor.getTask(ThreadPoolExecutor.java:1074)
        at java.util.concurrent.ThreadPoolExecutor.runWorker(ThreadPoolExecutor.java:1134)
        at java.util.concurrent.ThreadPoolExecutor$Worker.run(ThreadPoolExecutor.java:624)
        at java.lang.Thread.run(Thread.java:750)
"qtp1429090825-1718" daemon prio=5 tid=1718 runnable
java.lang.Thread.State: RUNNABLE
        at sun.nio.ch.EPollArrayWrapper.epollWait(Native Method)
        at sun.nio.ch.EPollArrayWrapper.poll(EPollArrayWrapper.java:269)
        at sun.nio.ch.EPollSelectorImpl.doSelect(EPollSelectorImpl.java:93)
        at sun.nio.ch.SelectorImpl.lockAndDoSelect(SelectorImpl.java:86)
        at sun.nio.ch.SelectorImpl.select(SelectorImpl.java:97)
        at sun.nio.ch.SelectorImpl.select(SelectorImpl.java:101)
        at org.eclipse.jetty.io.ManagedSelector.nioSelect(ManagedSelector.java:183)
        at org.eclipse.jetty.io.ManagedSelector.select(ManagedSelector.java:190)
        at org.eclipse.jetty.io.ManagedSelector$SelectorProducer.select(ManagedSelector.java:606)
        at org.eclipse.jetty.io.ManagedSelector$SelectorProducer.produce(ManagedSelector.java:543)
        at org.eclipse.jetty.util.thread.strategy.EatWhatYouKill.produceTask(EatWhatYouKill.java:362)
        at org.eclipse.jetty.util.thread.strategy.EatWhatYouKill.doProduce(EatWhatYouKill.java:186)
        at org.eclipse.jetty.util.thread.strategy.EatWhatYouKill.tryProduce(EatWhatYouKill.java:173)
        at org.eclipse.jetty.util.thread.strategy.EatWhatYouKill.produce(EatWhatYouKill.java:137)
        at org.eclipse.jetty.io.ManagedSelector$$Lambda$821/156203431.run(Unknown Source)
        at org.eclipse.jetty.util.thread.QueuedThreadPool.runJob(QueuedThreadPool.java:883)
        at org.eclipse.jetty.util.thread.QueuedThreadPool$Runner.run(QueuedThreadPool.java:1034)
        at java.lang.Thread.run(Thread.java:750)
"ChunkReader-ELG-0" daemon prio=5 tid=1553 runnable
java.lang.Thread.State: RUNNABLE
        at org.apache.ratis.thirdparty.io.netty.channel.epoll.Native.epollWait(Native Method)
        at org.apache.ratis.thirdparty.io.netty.channel.epoll.Native.epollWait(Native.java:193)
        at org.apache.ratis.thirdparty.io.netty.channel.epoll.Native.epollWait(Native.java:186)
        at org.apache.ratis.thirdparty.io.netty.channel.epoll.EpollEventLoop.epollWaitNoTimerChange(EpollEventLoop.java:290)
        at org.apache.ratis.thirdparty.io.netty.channel.epoll.EpollEventLoop.run(EpollEventLoop.java:347)
        at org.apache.ratis.thirdparty.io.netty.util.concurrent.SingleThreadEventExecutor$4.run(SingleThreadEventExecutor.java:986)
        at org.apache.ratis.thirdparty.io.netty.util.internal.ThreadExecutorMap$2.run(ThreadExecutorMap.java:74)
        at java.lang.Thread.run(Thread.java:750)
"ChunkWriter-3-0" daemon prio=5 tid=1551 in Object.wait()
java.lang.Thread.State: WAITING (on object monitor)
        at sun.misc.Unsafe.park(Native Method)
        at java.util.concurrent.locks.LockSupport.park(LockSupport.java:175)
        at java.util.concurrent.locks.AbstractQueuedSynchronizer$ConditionObject.await(AbstractQueuedSynchronizer.java:2044)
        at java.util.concurrent.LinkedBlockingDeque.takeFirst(LinkedBlockingDeque.java:492)
        at java.util.concurrent.LinkedBlockingDeque.take(LinkedBlockingDeque.java:680)
        at java.util.concurrent.ThreadPoolExecutor.getTask(ThreadPoolExecutor.java:1074)
        at java.util.concurrent.ThreadPoolExecutor.runWorker(ThreadPoolExecutor.java:1134)
        at java.util.concurrent.ThreadPoolExecutor$Worker.run(ThreadPoolExecutor.java:624)
        at java.lang.Thread.run(Thread.java:750)
"IPC Server Responder" daemon prio=5 tid=1783 runnable
java.lang.Thread.State: RUNNABLE
        at sun.nio.ch.EPollArrayWrapper.epollWait(Native Method)
        at sun.nio.ch.EPollArrayWrapper.poll(EPollArrayWrapper.java:269)
        at sun.nio.ch.EPollSelectorImpl.doSelect(EPollSelectorImpl.java:93)
        at sun.nio.ch.SelectorImpl.lockAndDoSelect(SelectorImpl.java:86)
        at sun.nio.ch.SelectorImpl.select(SelectorImpl.java:97)
        at org.apache.hadoop.ipc.Server$Responder.doRunLoop(Server.java:1527)
        at org.apache.hadoop.ipc.Server$Responder.run(Server.java:1510)
"IPC Server handler 96 on default port 46755" daemon prio=5 tid=1410 timed_waiting
java.lang.Thread.State: TIMED_WAITING
        at sun.misc.Unsafe.park(Native Method)
        at java.util.concurrent.locks.LockSupport.parkNanos(LockSupport.java:215)
        at java.util.concurrent.locks.AbstractQueuedSynchronizer$ConditionObject.awaitNanos(AbstractQueuedSynchronizer.java:2083)
        at java.util.concurrent.LinkedBlockingQueue.poll(LinkedBlockingQueue.java:467)
        at org.apache.hadoop.ipc.CallQueueManager.take(CallQueueManager.java:317)
        at org.apache.hadoop.ipc.Server$Handler.run(Server.java:2932)
"Datanode State Machine Daemon Thread" daemon prio=5 tid=1536 timed_waiting
java.lang.Thread.State: TIMED_WAITING
        at java.lang.Thread.sleep(Native Method)
        at org.apache.hadoop.ozone.container.common.statemachine.DatanodeStateMachine.startStateMachineThread(DatanodeStateMachine.java:313)
        at org.apache.hadoop.ozone.container.common.statemachine.DatanodeStateMachine.lambda$startDaemon$0(DatanodeStateMachine.java:493)
        at org.apache.hadoop.ozone.container.common.statemachine.DatanodeStateMachine$$Lambda$1007/1690873790.run(Unknown Source)
        at java.lang.Thread.run(Thread.java:750)
"IPC Server handler 21 on default port 39853" daemon prio=5 tid=1118 timed_waiting
java.lang.Thread.State: TIMED_WAITING
        at sun.misc.Unsafe.park(Native Method)
        at java.util.concurrent.locks.LockSupport.parkNanos(LockSupport.java:215)
        at java.util.concurrent.locks.AbstractQueuedSynchronizer$ConditionObject.awaitNanos(AbstractQueuedSynchronizer.java:2083)
        at java.util.concurrent.LinkedBlockingQueue.poll(LinkedBlockingQueue.java:467)
        at org.apache.hadoop.ipc.CallQueueManager.take(CallQueueManager.java:317)
        at org.apache.hadoop.ipc.Server$Handler.run(Server.java:2932)
"IPC Parameter Sending Thread #0" daemon prio=5 tid=268 timed_waiting
java.lang.Thread.State: TIMED_WAITING
        at sun.misc.Unsafe.park(Native Method)
        at java.util.concurrent.locks.LockSupport.parkNanos(LockSupport.java:215)
        at java.util.concurrent.SynchronousQueue$TransferStack.awaitFulfill(SynchronousQueue.java:460)
        at java.util.concurrent.SynchronousQueue$TransferStack.transfer(SynchronousQueue.java:362)
        at java.util.concurrent.SynchronousQueue.poll(SynchronousQueue.java:941)
        at java.util.concurrent.ThreadPoolExecutor.getTask(ThreadPoolExecutor.java:1073)
        at java.util.concurrent.ThreadPoolExecutor.runWorker(ThreadPoolExecutor.java:1134)
        at java.util.concurrent.ThreadPoolExecutor$Worker.run(ThreadPoolExecutor.java:624)
        at java.lang.Thread.run(Thread.java:750)
"IPC Server handler 18 on default port 38511" daemon prio=5 tid=1745 timed_waiting
java.lang.Thread.State: TIMED_WAITING
        at sun.misc.Unsafe.park(Native Method)
        at java.util.concurrent.locks.LockSupport.parkNanos(LockSupport.java:215)
        at java.util.concurrent.locks.AbstractQueuedSynchronizer$ConditionObject.awaitNanos(AbstractQueuedSynchronizer.java:2083)
        at java.util.concurrent.LinkedBlockingQueue.poll(LinkedBlockingQueue.java:467)
        at org.apache.hadoop.ipc.CallQueueManager.take(CallQueueManager.java:317)
        at org.apache.hadoop.ipc.Server$Handler.run(Server.java:2932)
"IPC Server handler 56 on default port 46755" daemon prio=5 tid=1370 timed_waiting
java.lang.Thread.State: TIMED_WAITING
        at sun.misc.Unsafe.park(Native Method)
        at java.util.concurrent.locks.LockSupport.parkNanos(LockSupport.java:215)
        at java.util.concurrent.locks.AbstractQueuedSynchronizer$ConditionObject.awaitNanos(AbstractQueuedSynchronizer.java:2083)
        at java.util.concurrent.LinkedBlockingQueue.poll(LinkedBlockingQueue.java:467)
        at org.apache.hadoop.ipc.CallQueueManager.take(CallQueueManager.java:317)
        at org.apache.hadoop.ipc.Server$Handler.run(Server.java:2932)
"IPC Server handler 88 on default port 46755" daemon prio=5 tid=1402 timed_waiting
java.lang.Thread.State: TIMED_WAITING
        at sun.misc.Unsafe.park(Native Method)
        at java.util.concurrent.locks.LockSupport.parkNanos(LockSupport.java:215)
        at java.util.concurrent.locks.AbstractQueuedSynchronizer$ConditionObject.awaitNanos(AbstractQueuedSynchronizer.java:2083)
        at java.util.concurrent.LinkedBlockingQueue.poll(LinkedBlockingQueue.java:467)
        at org.apache.hadoop.ipc.CallQueueManager.take(CallQueueManager.java:317)
        at org.apache.hadoop.ipc.Server$Handler.run(Server.java:2932)
"c0693ef0-230a-48dd-aa8a-44a8c3878b49-server-thread1" daemon prio=5 tid=1673 timed_waiting
java.lang.Thread.State: TIMED_WAITING
        at sun.misc.Unsafe.park(Native Method)
        at java.util.concurrent.locks.LockSupport.parkNanos(LockSupport.java:215)
        at java.util.concurrent.SynchronousQueue$TransferStack.awaitFulfill(SynchronousQueue.java:460)
        at java.util.concurrent.SynchronousQueue$TransferStack.transfer(SynchronousQueue.java:362)
        at java.util.concurrent.SynchronousQueue.poll(SynchronousQueue.java:941)
        at java.util.concurrent.ThreadPoolExecutor.getTask(ThreadPoolExecutor.java:1073)
        at java.util.concurrent.ThreadPoolExecutor.runWorker(ThreadPoolExecutor.java:1134)
        at java.util.concurrent.ThreadPoolExecutor$Worker.run(ThreadPoolExecutor.java:624)
        at java.lang.Thread.run(Thread.java:750)
"org.apache.hadoop.util.JvmPauseMonitor$Monitor@7ecc910f" daemon prio=5 tid=1517 timed_waiting
java.lang.Thread.State: TIMED_WAITING
        at java.lang.Thread.sleep(Native Method)
        at org.apache.hadoop.util.JvmPauseMonitor$Monitor.run(JvmPauseMonitor.java:192)
        at java.lang.Thread.run(Thread.java:750)
"IPC Server handler 98 on default port 46755" daemon prio=5 tid=1412 timed_waiting
java.lang.Thread.State: TIMED_WAITING
        at sun.misc.Unsafe.park(Native Method)
        at java.util.concurrent.locks.LockSupport.parkNanos(LockSupport.java:215)
        at java.util.concurrent.locks.AbstractQueuedSynchronizer$ConditionObject.awaitNanos(AbstractQueuedSynchronizer.java:2083)
        at java.util.concurrent.LinkedBlockingQueue.poll(LinkedBlockingQueue.java:467)
        at org.apache.hadoop.ipc.CallQueueManager.take(CallQueueManager.java:317)
        at org.apache.hadoop.ipc.Server$Handler.run(Server.java:2932)
"qtp2033667885-1301-acceptor-0@661631f7-ServerConnector@79202f8f{HTTP/1.1, (http/1.1)}{0.0.0.0:38077}" daemon prio=3 tid=1301 runnable
java.lang.Thread.State: RUNNABLE
        at sun.nio.ch.ServerSocketChannelImpl.accept0(Native Method)
        at sun.nio.ch.ServerSocketChannelImpl.accept(ServerSocketChannelImpl.java:421)
        at sun.nio.ch.ServerSocketChannelImpl.accept(ServerSocketChannelImpl.java:249)
        at org.eclipse.jetty.server.ServerConnector.accept(ServerConnector.java:388)
        at org.eclipse.jetty.server.AbstractConnector$Acceptor.run(AbstractConnector.java:702)
        at org.eclipse.jetty.util.thread.QueuedThreadPool.runJob(QueuedThreadPool.java:883)
        at org.eclipse.jetty.util.thread.QueuedThreadPool$Runner.run(QueuedThreadPool.java:1034)
        at java.lang.Thread.run(Thread.java:750)
"IPC Server handler 70 on default port 39853" daemon prio=5 tid=1167 timed_waiting
java.lang.Thread.State: TIMED_WAITING
        at sun.misc.Unsafe.park(Native Method)
        at java.util.concurrent.locks.LockSupport.parkNanos(LockSupport.java:215)
        at java.util.concurrent.locks.AbstractQueuedSynchronizer$ConditionObject.awaitNanos(AbstractQueuedSynchronizer.java:2083)
        at java.util.concurrent.LinkedBlockingQueue.poll(LinkedBlockingQueue.java:467)
        at org.apache.hadoop.ipc.CallQueueManager.take(CallQueueManager.java:317)
        at org.apache.hadoop.ipc.Server$Handler.run(Server.java:2932)
"c0693ef0-230a-48dd-aa8a-44a8c3878b49@group-26218CACBD25->03e900db-606d-4788-a076-61e9663ea76b-GrpcLogAppender-LogAppenderDaemon" daemon prio=5 tid=1655 timed_waiting
java.lang.Thread.State: TIMED_WAITING
        at sun.misc.Unsafe.park(Native Method)
        at java.util.concurrent.locks.LockSupport.parkNanos(LockSupport.java:215)
        at java.util.concurrent.CompletableFuture$Signaller.block(CompletableFuture.java:1709)
        at java.util.concurrent.ForkJoinPool.managedBlock(ForkJoinPool.java:3323)
        at java.util.concurrent.CompletableFuture.timedGet(CompletableFuture.java:1788)
        at java.util.concurrent.CompletableFuture.get(CompletableFuture.java:1928)
        at org.apache.ratis.util.AwaitForSignal.await(AwaitForSignal.java:56)
        at org.apache.ratis.grpc.server.GrpcLogAppender.mayWait(GrpcLogAppender.java:169)
        at org.apache.ratis.grpc.server.GrpcLogAppender.run(GrpcLogAppender.java:128)
        at org.apache.ratis.server.leader.LogAppenderDaemon.run(LogAppenderDaemon.java:77)
        at org.apache.ratis.server.leader.LogAppenderDaemon$$Lambda$915/50953464.run(Unknown Source)
        at java.lang.Thread.run(Thread.java:750)
"ChunkWriter-2-0" daemon prio=5 tid=1574 in Object.wait()
java.lang.Thread.State: WAITING (on object monitor)
        at sun.misc.Unsafe.park(Native Method)
        at java.util.concurrent.locks.LockSupport.park(LockSupport.java:175)
        at java.util.concurrent.locks.AbstractQueuedSynchronizer$ConditionObject.await(AbstractQueuedSynchronizer.java:2044)
        at java.util.concurrent.LinkedBlockingDeque.takeFirst(LinkedBlockingDeque.java:492)
        at java.util.concurrent.LinkedBlockingDeque.take(LinkedBlockingDeque.java:680)
        at java.util.concurrent.ThreadPoolExecutor.getTask(ThreadPoolExecutor.java:1074)
        at java.util.concurrent.ThreadPoolExecutor.runWorker(ThreadPoolExecutor.java:1134)
        at java.util.concurrent.ThreadPoolExecutor$Worker.run(ThreadPoolExecutor.java:624)
        at java.lang.Thread.run(Thread.java:750)
"Session-HouseKeeper-61f9394e-1"  prio=5 tid=1308 timed_waiting
java.lang.Thread.State: TIMED_WAITING
        at sun.misc.Unsafe.park(Native Method)
        at java.util.concurrent.locks.LockSupport.parkNanos(LockSupport.java:215)
        at java.util.concurrent.locks.AbstractQueuedSynchronizer$ConditionObject.awaitNanos(AbstractQueuedSynchronizer.java:2083)
        at java.util.concurrent.ScheduledThreadPoolExecutor$DelayedWorkQueue.take(ScheduledThreadPoolExecutor.java:1093)
        at java.util.concurrent.ScheduledThreadPoolExecutor$DelayedWorkQueue.take(ScheduledThreadPoolExecutor.java:809)
        at java.util.concurrent.ThreadPoolExecutor.getTask(ThreadPoolExecutor.java:1074)
        at java.util.concurrent.ThreadPoolExecutor.runWorker(ThreadPoolExecutor.java:1134)
        at java.util.concurrent.ThreadPoolExecutor$Worker.run(ThreadPoolExecutor.java:624)
        at java.lang.Thread.run(Thread.java:750)
"IPC Server handler 80 on default port 38039" daemon prio=5 tid=1277 timed_waiting
java.lang.Thread.State: TIMED_WAITING
        at sun.misc.Unsafe.park(Native Method)
        at java.util.concurrent.locks.LockSupport.parkNanos(LockSupport.java:215)
        at java.util.concurrent.locks.AbstractQueuedSynchronizer$ConditionObject.awaitNanos(AbstractQueuedSynchronizer.java:2083)
        at java.util.concurrent.LinkedBlockingQueue.poll(LinkedBlockingQueue.java:467)
        at org.apache.hadoop.ipc.CallQueueManager.take(CallQueueManager.java:317)
        at org.apache.hadoop.ipc.Server$Handler.run(Server.java:2932)
"IPC Server handler 75 on default port 46755" daemon prio=5 tid=1389 timed_waiting
java.lang.Thread.State: TIMED_WAITING
        at sun.misc.Unsafe.park(Native Method)
        at java.util.concurrent.locks.LockSupport.parkNanos(LockSupport.java:215)
        at java.util.concurrent.locks.AbstractQueuedSynchronizer$ConditionObject.awaitNanos(AbstractQueuedSynchronizer.java:2083)
        at java.util.concurrent.LinkedBlockingQueue.poll(LinkedBlockingQueue.java:467)
        at org.apache.hadoop.ipc.CallQueueManager.take(CallQueueManager.java:317)
        at org.apache.hadoop.ipc.Server$Handler.run(Server.java:2932)
"IPC Server handler 67 on default port 39853" daemon prio=5 tid=1164 timed_waiting
java.lang.Thread.State: TIMED_WAITING
        at sun.misc.Unsafe.park(Native Method)
        at java.util.concurrent.locks.LockSupport.parkNanos(LockSupport.java:215)
        at java.util.concurrent.locks.AbstractQueuedSynchronizer$ConditionObject.awaitNanos(AbstractQueuedSynchronizer.java:2083)
        at java.util.concurrent.LinkedBlockingQueue.poll(LinkedBlockingQueue.java:467)
        at org.apache.hadoop.ipc.CallQueueManager.take(CallQueueManager.java:317)
        at org.apache.hadoop.ipc.Server$Handler.run(Server.java:2932)
"03e900db-606d-4788-a076-61e9663ea76b-server-thread1" daemon prio=5 tid=1674 timed_waiting
java.lang.Thread.State: TIMED_WAITING
        at sun.misc.Unsafe.park(Native Method)
        at java.util.concurrent.locks.LockSupport.parkNanos(LockSupport.java:215)
        at java.util.concurrent.SynchronousQueue$TransferStack.awaitFulfill(SynchronousQueue.java:460)
        at java.util.concurrent.SynchronousQueue$TransferStack.transfer(SynchronousQueue.java:362)
        at java.util.concurrent.SynchronousQueue.poll(SynchronousQueue.java:941)
        at java.util.concurrent.ThreadPoolExecutor.getTask(ThreadPoolExecutor.java:1073)
        at java.util.concurrent.ThreadPoolExecutor.runWorker(ThreadPoolExecutor.java:1134)
        at java.util.concurrent.ThreadPoolExecutor$Worker.run(ThreadPoolExecutor.java:624)
        at java.lang.Thread.run(Thread.java:750)
"IPC Server handler 3 on default port 41695" daemon prio=5 tid=1804 timed_waiting
java.lang.Thread.State: TIMED_WAITING
        at sun.misc.Unsafe.park(Native Method)
        at java.util.concurrent.locks.LockSupport.parkNanos(LockSupport.java:215)
        at java.util.concurrent.locks.AbstractQueuedSynchronizer$ConditionObject.awaitNanos(AbstractQueuedSynchronizer.java:2083)
        at java.util.concurrent.LinkedBlockingQueue.poll(LinkedBlockingQueue.java:467)
        at org.apache.hadoop.ipc.CallQueueManager.take(CallQueueManager.java:317)
        at org.apache.hadoop.ipc.Server$Handler.run(Server.java:2932)
"pool-330-thread-1"  prio=5 tid=1594 in Object.wait()
java.lang.Thread.State: WAITING (on object monitor)
        at sun.misc.Unsafe.park(Native Method)
        at java.util.concurrent.locks.LockSupport.park(LockSupport.java:175)
        at java.util.concurrent.locks.AbstractQueuedSynchronizer$ConditionObject.await(AbstractQueuedSynchronizer.java:2044)
        at java.util.concurrent.LinkedBlockingQueue.take(LinkedBlockingQueue.java:442)
        at java.util.concurrent.ThreadPoolExecutor.getTask(ThreadPoolExecutor.java:1074)
        at java.util.concurrent.ThreadPoolExecutor.runWorker(ThreadPoolExecutor.java:1134)
        at java.util.concurrent.ThreadPoolExecutor$Worker.run(ThreadPoolExecutor.java:624)
        at java.lang.Thread.run(Thread.java:750)
"IPC Server handler 71 on default port 39853" daemon prio=5 tid=1168 timed_waiting
java.lang.Thread.State: TIMED_WAITING
        at sun.misc.Unsafe.park(Native Method)
        at java.util.concurrent.locks.LockSupport.parkNanos(LockSupport.java:215)
        at java.util.concurrent.locks.AbstractQueuedSynchronizer$ConditionObject.awaitNanos(AbstractQueuedSynchronizer.java:2083)
        at java.util.concurrent.LinkedBlockingQueue.poll(LinkedBlockingQueue.java:467)
        at org.apache.hadoop.ipc.CallQueueManager.take(CallQueueManager.java:317)
        at org.apache.hadoop.ipc.Server$Handler.run(Server.java:2932)
"IPC Server handler 47 on default port 39853" daemon prio=5 tid=1144 timed_waiting
java.lang.Thread.State: TIMED_WAITING
        at sun.misc.Unsafe.park(Native Method)
        at java.util.concurrent.locks.LockSupport.parkNanos(LockSupport.java:215)
        at java.util.concurrent.locks.AbstractQueuedSynchronizer$ConditionObject.awaitNanos(AbstractQueuedSynchronizer.java:2083)
        at java.util.concurrent.LinkedBlockingQueue.poll(LinkedBlockingQueue.java:467)
        at org.apache.hadoop.ipc.CallQueueManager.take(CallQueueManager.java:317)
        at org.apache.hadoop.ipc.Server$Handler.run(Server.java:2932)
"ExpiredContainerReplicaOpScrubberThread" daemon prio=5 tid=32 timed_waiting
java.lang.Thread.State: TIMED_WAITING
        at java.lang.Object.wait(Native Method)
        at org.apache.hadoop.hdds.scm.ha.BackgroundSCMService.run(BackgroundSCMService.java:110)
        at org.apache.hadoop.hdds.scm.ha.BackgroundSCMService$$Lambda$756/700973385.run(Unknown Source)
        at java.lang.Thread.run(Thread.java:750)
"Session-HouseKeeper-12924b88-1"  prio=5 tid=1535 timed_waiting
java.lang.Thread.State: TIMED_WAITING
        at sun.misc.Unsafe.park(Native Method)
        at java.util.concurrent.locks.LockSupport.parkNanos(LockSupport.java:215)
        at java.util.concurrent.locks.AbstractQueuedSynchronizer$ConditionObject.awaitNanos(AbstractQueuedSynchronizer.java:2083)
        at java.util.concurrent.ScheduledThreadPoolExecutor$DelayedWorkQueue.take(ScheduledThreadPoolExecutor.java:1093)
        at java.util.concurrent.ScheduledThreadPoolExecutor$DelayedWorkQueue.take(ScheduledThreadPoolExecutor.java:809)
        at java.util.concurrent.ThreadPoolExecutor.getTask(ThreadPoolExecutor.java:1074)
        at java.util.concurrent.ThreadPoolExecutor.runWorker(ThreadPoolExecutor.java:1134)
        at java.util.concurrent.ThreadPoolExecutor$Worker.run(ThreadPoolExecutor.java:624)
        at java.lang.Thread.run(Thread.java:750)
"IPC Server handler 18 on default port 38039" daemon prio=5 tid=1215 timed_waiting
java.lang.Thread.State: TIMED_WAITING
        at sun.misc.Unsafe.park(Native Method)
        at java.util.concurrent.locks.LockSupport.parkNanos(LockSupport.java:215)
        at java.util.concurrent.locks.AbstractQueuedSynchronizer$ConditionObject.awaitNanos(AbstractQueuedSynchronizer.java:2083)
        at java.util.concurrent.LinkedBlockingQueue.poll(LinkedBlockingQueue.java:467)
        at org.apache.hadoop.ipc.CallQueueManager.take(CallQueueManager.java:317)
        at org.apache.hadoop.ipc.Server$Handler.run(Server.java:2932)
"IPC Server handler 11 on default port 41695" daemon prio=5 tid=1812 timed_waiting
java.lang.Thread.State: TIMED_WAITING
        at sun.misc.Unsafe.park(Native Method)
        at java.util.concurrent.locks.LockSupport.parkNanos(LockSupport.java:215)
        at java.util.concurrent.locks.AbstractQueuedSynchronizer$ConditionObject.awaitNanos(AbstractQueuedSynchronizer.java:2083)
        at java.util.concurrent.LinkedBlockingQueue.poll(LinkedBlockingQueue.java:467)
        at org.apache.hadoop.ipc.CallQueueManager.take(CallQueueManager.java:317)
        at org.apache.hadoop.ipc.Server$Handler.run(Server.java:2932)
"Datanode ReportManager Thread - 4" daemon prio=5 tid=1541 in Object.wait()
java.lang.Thread.State: WAITING (on object monitor)
        at sun.misc.Unsafe.park(Native Method)
        at java.util.concurrent.locks.LockSupport.park(LockSupport.java:175)
        at java.util.concurrent.locks.AbstractQueuedSynchronizer$ConditionObject.await(AbstractQueuedSynchronizer.java:2044)
        at java.util.concurrent.ScheduledThreadPoolExecutor$DelayedWorkQueue.take(ScheduledThreadPoolExecutor.java:1088)
        at java.util.concurrent.ScheduledThreadPoolExecutor$DelayedWorkQueue.take(ScheduledThreadPoolExecutor.java:809)
        at java.util.concurrent.ThreadPoolExecutor.getTask(ThreadPoolExecutor.java:1074)
        at java.util.concurrent.ThreadPoolExecutor.runWorker(ThreadPoolExecutor.java:1134)
        at java.util.concurrent.ThreadPoolExecutor$Worker.run(ThreadPoolExecutor.java:624)
        at java.lang.Thread.run(Thread.java:750)
"IPC Server handler 66 on default port 38039" daemon prio=5 tid=1263 timed_waiting
java.lang.Thread.State: TIMED_WAITING
        at sun.misc.Unsafe.park(Native Method)
        at java.util.concurrent.locks.LockSupport.parkNanos(LockSupport.java:215)
        at java.util.concurrent.locks.AbstractQueuedSynchronizer$ConditionObject.awaitNanos(AbstractQueuedSynchronizer.java:2083)
        at java.util.concurrent.LinkedBlockingQueue.poll(LinkedBlockingQueue.java:467)
        at org.apache.hadoop.ipc.CallQueueManager.take(CallQueueManager.java:317)
        at org.apache.hadoop.ipc.Server$Handler.run(Server.java:2932)
"Listener at 127.0.0.1/41695"  prio=5 tid=1 runnable
java.lang.Thread.State: RUNNABLE
        at java.lang.Thread.dumpThreads(Native Method)
        at java.lang.Thread.getAllStackTraces(Thread.java:1615)
        at org.apache.ozone.test.TimedOutTestsListener.buildThreadDump(TimedOutTestsListener.java:93)
        at org.apache.ozone.test.TimedOutTestsListener.buildThreadDiagnosticString(TimedOutTestsListener.java:79)
        at org.apache.ozone.test.GenericTestUtils.waitFor(GenericTestUtils.java:224)
        at org.apache.hadoop.ozone.om.TestAddRemoveOzoneManager.testBootstrap(TestAddRemoveOzoneManager.java:188)
        at sun.reflect.NativeMethodAccessorImpl.invoke0(Native Method)
        at sun.reflect.NativeMethodAccessorImpl.invoke(NativeMethodAccessorImpl.java:62)
        at sun.reflect.DelegatingMethodAccessorImpl.invoke(DelegatingMethodAccessorImpl.java:43)
        at java.lang.reflect.Method.invoke(Method.java:498)
        at org.junit.platform.commons.util.ReflectionUtils.invokeMethod(ReflectionUtils.java:725)
        at org.junit.jupiter.engine.execution.MethodInvocation.proceed(MethodInvocation.java:60)
        at org.junit.jupiter.engine.execution.InvocationInterceptorChain$ValidatingInvocation.proceed(InvocationInterceptorChain.java:131)
        at org.junit.jupiter.engine.extension.TimeoutInvocation.proceed(TimeoutInvocation.java:46)
        at org.junit.jupiter.engine.extension.TimeoutExtension.intercept(TimeoutExtension.java:149)
        at org.junit.jupiter.engine.extension.TimeoutExtension.interceptTestableMethod(TimeoutExtension.java:140)
        at org.junit.jupiter.engine.extension.TimeoutExtension.interceptTestMethod(TimeoutExtension.java:84)
        at org.junit.jupiter.engine.descriptor.TestMethodTestDescriptor$$Lambda$161/2129821055.apply(Unknown Source)
        at org.junit.jupiter.engine.execution.ExecutableInvoker$ReflectiveInterceptorCall.lambda$ofVoidMethod$0(ExecutableInvoker.java:115)
        at org.junit.jupiter.engine.execution.ExecutableInvoker$ReflectiveInterceptorCall$$Lambda$162/491273700.apply(Unknown Source)
        at org.junit.jupiter.engine.execution.ExecutableInvoker.lambda$invoke$0(ExecutableInvoker.java:105)
        at org.junit.jupiter.engine.execution.ExecutableInvoker$$Lambda$328/426019904.apply(Unknown Source)
        at org.junit.jupiter.engine.execution.InvocationInterceptorChain$InterceptedInvocation.proceed(InvocationInterceptorChain.java:106)
        at org.junit.jupiter.engine.execution.InvocationInterceptorChain.proceed(InvocationInterceptorChain.java:64)
        at org.junit.jupiter.engine.execution.InvocationInterceptorChain.chainAndInvoke(InvocationInterceptorChain.java:45)
        at org.junit.jupiter.engine.execution.InvocationInterceptorChain.invoke(InvocationInterceptorChain.java:37)
        at org.junit.jupiter.engine.execution.ExecutableInvoker.invoke(ExecutableInvoker.java:104)
        at org.junit.jupiter.engine.execution.ExecutableInvoker.invoke(ExecutableInvoker.java:98)
        at org.junit.jupiter.engine.descriptor.TestMethodTestDescriptor.lambda$invokeTestMethod$7(TestMethodTestDescriptor.java:214)
        at org.junit.jupiter.engine.descriptor.TestMethodTestDescriptor$$Lambda$345/1640899500.execute(Unknown Source)
        at org.junit.platform.engine.support.hierarchical.ThrowableCollector.execute(ThrowableCollector.java:73)
        at org.junit.jupiter.engine.descriptor.TestMethodTestDescriptor.invokeTestMethod(TestMethodTestDescriptor.java:210)
        at org.junit.jupiter.engine.descriptor.TestMethodTestDescriptor.execute(TestMethodTestDescriptor.java:135)
        at org.junit.jupiter.engine.descriptor.TestMethodTestDescriptor.execute(TestMethodTestDescriptor.java:66)
        at org.junit.platform.engine.support.hierarchical.NodeTestTask.lambda$executeRecursively$6(NodeTestTask.java:151)
        at org.junit.platform.engine.support.hierarchical.NodeTestTask$$Lambda$267/1143390193.execute(Unknown Source)
        at org.junit.platform.engine.support.hierarchical.ThrowableCollector.execute(ThrowableCollector.java:73)
        at org.junit.platform.engine.support.hierarchical.NodeTestTask.lambda$executeRecursively$8(NodeTestTask.java:141)
        at org.junit.platform.engine.support.hierarchical.NodeTestTask$$Lambda$266/1477637771.invoke(Unknown Source)
        at org.junit.platform.engine.support.hierarchical.Node.around(Node.java:137)
        at org.junit.platform.engine.support.hierarchical.NodeTestTask.lambda$executeRecursively$9(NodeTestTask.java:139)
        at org.junit.platform.engine.support.hierarchical.NodeTestTask$$Lambda$265/89448984.execute(Unknown Source)
        at org.junit.platform.engine.support.hierarchical.ThrowableCollector.execute(ThrowableCollector.java:73)
        at org.junit.platform.engine.support.hierarchical.NodeTestTask.executeRecursively(NodeTestTask.java:138)
        at org.junit.platform.engine.support.hierarchical.NodeTestTask.execute(NodeTestTask.java:95)
        at org.junit.platform.engine.support.hierarchical.SameThreadHierarchicalTestExecutorService$$Lambda$271/873827336.accept(Unknown Source)
        at java.util.ArrayList.forEach(ArrayList.java:1259)
        at org.junit.platform.engine.support.hierarchical.SameThreadHierarchicalTestExecutorService.invokeAll(SameThreadHierarchicalTestExecutorService.java:41)
        at org.junit.platform.engine.support.hierarchical.NodeTestTask.lambda$executeRecursively$6(NodeTestTask.java:155)
        at org.junit.platform.engine.support.hierarchical.NodeTestTask$$Lambda$267/1143390193.execute(Unknown Source)
        at org.junit.platform.engine.support.hierarchical.ThrowableCollector.execute(ThrowableCollector.java:73)
        at org.junit.platform.engine.support.hierarchical.NodeTestTask.lambda$executeRecursively$8(NodeTestTask.java:141)
        at org.junit.platform.engine.support.hierarchical.NodeTestTask$$Lambda$266/1477637771.invoke(Unknown Source)
        at org.junit.platform.engine.support.hierarchical.Node.around(Node.java:137)
        at org.junit.platform.engine.support.hierarchical.NodeTestTask.lambda$executeRecursively$9(NodeTestTask.java:139)
        at org.junit.platform.engine.support.hierarchical.NodeTestTask$$Lambda$265/89448984.execute(Unknown Source)
        at org.junit.platform.engine.support.hierarchical.ThrowableCollector.execute(ThrowableCollector.java:73)
        at org.junit.platform.engine.support.hierarchical.NodeTestTask.executeRecursively(NodeTestTask.java:138)
        at org.junit.platform.engine.support.hierarchical.NodeTestTask.execute(NodeTestTask.java:95)
        at org.junit.platform.engine.support.hierarchical.SameThreadHierarchicalTestExecutorService$$Lambda$271/873827336.accept(Unknown Source)
        at java.util.ArrayList.forEach(ArrayList.java:1259)
        at org.junit.platform.engine.support.hierarchical.SameThreadHierarchicalTestExecutorService.invokeAll(SameThreadHierarchicalTestExecutorService.java:41)
        at org.junit.platform.engine.support.hierarchical.NodeTestTask.lambda$executeRecursively$6(NodeTestTask.java:155)
        at org.junit.platform.engine.support.hierarchical.NodeTestTask$$Lambda$267/1143390193.execute(Unknown Source)
        at org.junit.platform.engine.support.hierarchical.ThrowableCollector.execute(ThrowableCollector.java:73)
        at org.junit.platform.engine.support.hierarchical.NodeTestTask.lambda$executeRecursively$8(NodeTestTask.java:141)
        at org.junit.platform.engine.support.hierarchical.NodeTestTask$$Lambda$266/1477637771.invoke(Unknown Source)
        at org.junit.platform.engine.support.hierarchical.Node.around(Node.java:137)
        at org.junit.platform.engine.support.hierarchical.NodeTestTask.lambda$executeRecursively$9(NodeTestTask.java:139)
        at org.junit.platform.engine.support.hierarchical.NodeTestTask$$Lambda$265/89448984.execute(Unknown Source)
        at org.junit.platform.engine.support.hierarchical.ThrowableCollector.execute(ThrowableCollector.java:73)
        at org.junit.platform.engine.support.hierarchical.NodeTestTask.executeRecursively(NodeTestTask.java:138)
        at org.junit.platform.engine.support.hierarchical.NodeTestTask.execute(NodeTestTask.java:95)
        at org.junit.platform.engine.support.hierarchical.SameThreadHierarchicalTestExecutorService.submit(SameThreadHierarchicalTestExecutorService.java:35)
        at org.junit.platform.engine.support.hierarchical.HierarchicalTestExecutor.execute(HierarchicalTestExecutor.java:57)
        at org.junit.platform.engine.support.hierarchical.HierarchicalTestEngine.execute(HierarchicalTestEngine.java:54)
        at org.junit.platform.launcher.core.EngineExecutionOrchestrator.execute(EngineExecutionOrchestrator.java:107)
        at org.junit.platform.launcher.core.EngineExecutionOrchestrator.execute(EngineExecutionOrchestrator.java:88)
        at org.junit.platform.launcher.core.EngineExecutionOrchestrator.lambda$execute$0(EngineExecutionOrchestrator.java:54)
        at org.junit.platform.launcher.core.EngineExecutionOrchestrator$$Lambda$223/1830190936.accept(Unknown Source)
        at org.junit.platform.launcher.core.EngineExecutionOrchestrator.withInterceptedStreams(EngineExecutionOrchestrator.java:67)
        at org.junit.platform.launcher.core.EngineExecutionOrchestrator.execute(EngineExecutionOrchestrator.java:52)
        at org.junit.platform.launcher.core.DefaultLauncher.execute(DefaultLauncher.java:114)
        at org.junit.platform.launcher.core.DefaultLauncher.execute(DefaultLauncher.java:86)
        at org.junit.platform.launcher.core.DefaultLauncherSession$DelegatingLauncher.execute(DefaultLauncherSession.java:86)
        at org.junit.platform.launcher.core.SessionPerRequestLauncher.execute(SessionPerRequestLauncher.java:53)
        at org.apache.maven.surefire.junitplatform.JUnitPlatformProvider.execute(JUnitPlatformProvider.java:188)
        at org.apache.maven.surefire.junitplatform.JUnitPlatformProvider.invokeAllTests(JUnitPlatformProvider.java:154)
        at org.apache.maven.surefire.junitplatform.JUnitPlatformProvider.invoke(JUnitPlatformProvider.java:124)
        at org.apache.maven.surefire.booter.ForkedBooter.runSuitesInProcess(ForkedBooter.java:428)
        at org.apache.maven.surefire.booter.ForkedBooter.execute(ForkedBooter.java:162)
        at org.apache.maven.surefire.booter.ForkedBooter.run(ForkedBooter.java:562)
        at org.apache.maven.surefire.booter.ForkedBooter.main(ForkedBooter.java:548)
"org.apache.hadoop.util.JvmPauseMonitor$Monitor@359a6a1" daemon prio=5 tid=1821 timed_waiting
java.lang.Thread.State: TIMED_WAITING
        at java.lang.Thread.sleep(Native Method)
        at org.apache.hadoop.util.JvmPauseMonitor$Monitor.run(JvmPauseMonitor.java:192)
        at java.lang.Thread.run(Thread.java:750)
"IPC Server handler 0 on default port 38511" daemon prio=5 tid=1727 timed_waiting
java.lang.Thread.State: TIMED_WAITING
        at sun.misc.Unsafe.park(Native Method)
        at java.util.concurrent.locks.LockSupport.parkNanos(LockSupport.java:215)
        at java.util.concurrent.locks.AbstractQueuedSynchronizer$ConditionObject.awaitNanos(AbstractQueuedSynchronizer.java:2083)
        at java.util.concurrent.LinkedBlockingQueue.poll(LinkedBlockingQueue.java:467)
        at org.apache.hadoop.ipc.CallQueueManager.take(CallQueueManager.java:317)
        at org.apache.hadoop.ipc.Server$Handler.run(Server.java:2932)
"IPC Server handler 45 on default port 46755" daemon prio=5 tid=1359 timed_waiting
java.lang.Thread.State: TIMED_WAITING
        at sun.misc.Unsafe.park(Native Method)
        at java.util.concurrent.locks.LockSupport.parkNanos(LockSupport.java:215)
        at java.util.concurrent.locks.AbstractQueuedSynchronizer$ConditionObject.awaitNanos(AbstractQueuedSynchronizer.java:2083)
        at java.util.concurrent.LinkedBlockingQueue.poll(LinkedBlockingQueue.java:467)
        at org.apache.hadoop.ipc.CallQueueManager.take(CallQueueManager.java:317)
        at org.apache.hadoop.ipc.Server$Handler.run(Server.java:2932)
"IPC Server handler 38 on default port 39853" daemon prio=5 tid=1135 timed_waiting
java.lang.Thread.State: TIMED_WAITING
        at sun.misc.Unsafe.park(Native Method)
        at java.util.concurrent.locks.LockSupport.parkNanos(LockSupport.java:215)
        at java.util.concurrent.locks.AbstractQueuedSynchronizer$ConditionObject.awaitNanos(AbstractQueuedSynchronizer.java:2083)
        at java.util.concurrent.LinkedBlockingQueue.poll(LinkedBlockingQueue.java:467)
        at org.apache.hadoop.ipc.CallQueueManager.take(CallQueueManager.java:317)
        at org.apache.hadoop.ipc.Server$Handler.run(Server.java:2932)
"IPC Server handler 48 on default port 39853" daemon prio=5 tid=1145 timed_waiting
java.lang.Thread.State: TIMED_WAITING
        at sun.misc.Unsafe.park(Native Method)
        at java.util.concurrent.locks.LockSupport.parkNanos(LockSupport.java:215)
        at java.util.concurrent.locks.AbstractQueuedSynchronizer$ConditionObject.awaitNanos(AbstractQueuedSynchronizer.java:2083)
        at java.util.concurrent.LinkedBlockingQueue.poll(LinkedBlockingQueue.java:467)
        at org.apache.hadoop.ipc.CallQueueManager.take(CallQueueManager.java:317)
        at org.apache.hadoop.ipc.Server$Handler.run(Server.java:2932)
"IPC Server listener on 39853" daemon prio=5 tid=1088 runnable
java.lang.Thread.State: RUNNABLE
        at sun.nio.ch.EPollArrayWrapper.epollWait(Native Method)
        at sun.nio.ch.EPollArrayWrapper.poll(EPollArrayWrapper.java:269)
        at sun.nio.ch.EPollSelectorImpl.doSelect(EPollSelectorImpl.java:93)
        at sun.nio.ch.SelectorImpl.lockAndDoSelect(SelectorImpl.java:86)
        at sun.nio.ch.SelectorImpl.select(SelectorImpl.java:97)
        at sun.nio.ch.SelectorImpl.select(SelectorImpl.java:101)
        at org.apache.hadoop.ipc.Server$Listener.run(Server.java:1350)
"IPC Server handler 74 on default port 46755" daemon prio=5 tid=1388 timed_waiting
java.lang.Thread.State: TIMED_WAITING
        at sun.misc.Unsafe.park(Native Method)
        at java.util.concurrent.locks.LockSupport.parkNanos(LockSupport.java:215)
        at java.util.concurrent.locks.AbstractQueuedSynchronizer$ConditionObject.awaitNanos(AbstractQueuedSynchronizer.java:2083)
        at java.util.concurrent.LinkedBlockingQueue.poll(LinkedBlockingQueue.java:467)
        at org.apache.hadoop.ipc.CallQueueManager.take(CallQueueManager.java:317)
        at org.apache.hadoop.ipc.Server$Handler.run(Server.java:2932)
"IPC Server handler 35 on default port 46755" daemon prio=5 tid=1349 timed_waiting
java.lang.Thread.State: TIMED_WAITING
        at sun.misc.Unsafe.park(Native Method)
        at java.util.concurrent.locks.LockSupport.parkNanos(LockSupport.java:215)
        at java.util.concurrent.locks.AbstractQueuedSynchronizer$ConditionObject.awaitNanos(AbstractQueuedSynchronizer.java:2083)
        at java.util.concurrent.LinkedBlockingQueue.poll(LinkedBlockingQueue.java:467)
        at org.apache.hadoop.ipc.CallQueueManager.take(CallQueueManager.java:317)
        at org.apache.hadoop.ipc.Server$Handler.run(Server.java:2932)
"IPC Server handler 19 on default port 38039" daemon prio=5 tid=1216 timed_waiting
java.lang.Thread.State: TIMED_WAITING
        at sun.misc.Unsafe.park(Native Method)
        at java.util.concurrent.locks.LockSupport.parkNanos(LockSupport.java:215)
        at java.util.concurrent.locks.AbstractQueuedSynchronizer$ConditionObject.awaitNanos(AbstractQueuedSynchronizer.java:2083)
        at java.util.concurrent.LinkedBlockingQueue.poll(LinkedBlockingQueue.java:467)
        at org.apache.hadoop.ipc.CallQueueManager.take(CallQueueManager.java:317)
        at org.apache.hadoop.ipc.Server$Handler.run(Server.java:2932)
"qtp1711379780-1475" daemon prio=5 tid=1475 timed_waiting
java.lang.Thread.State: TIMED_WAITING
        at sun.misc.Unsafe.park(Native Method)
        at java.util.concurrent.locks.LockSupport.parkNanos(LockSupport.java:215)
        at java.util.concurrent.locks.AbstractQueuedSynchronizer$ConditionObject.awaitNanos(AbstractQueuedSynchronizer.java:2083)
        at org.eclipse.jetty.util.BlockingArrayQueue.poll(BlockingArrayQueue.java:382)
        at org.eclipse.jetty.util.thread.QueuedThreadPool$Runner.idleJobPoll(QueuedThreadPool.java:974)
        at org.eclipse.jetty.util.thread.QueuedThreadPool$Runner.run(QueuedThreadPool.java:1018)
        at java.lang.Thread.run(Thread.java:750)
"IPC Server handler 4 on default port 39853" daemon prio=5 tid=1101 timed_waiting
java.lang.Thread.State: TIMED_WAITING
        at sun.misc.Unsafe.park(Native Method)
        at java.util.concurrent.locks.LockSupport.parkNanos(LockSupport.java:215)
        at java.util.concurrent.locks.AbstractQueuedSynchronizer$ConditionObject.awaitNanos(AbstractQueuedSynchronizer.java:2083)
        at java.util.concurrent.LinkedBlockingQueue.poll(LinkedBlockingQueue.java:467)
        at org.apache.hadoop.ipc.CallQueueManager.take(CallQueueManager.java:317)
        at org.apache.hadoop.ipc.Server$Handler.run(Server.java:2932)
"IPC Server handler 33 on default port 46755" daemon prio=5 tid=1347 timed_waiting
java.lang.Thread.State: TIMED_WAITING
        at sun.misc.Unsafe.park(Native Method)
        at java.util.concurrent.locks.LockSupport.parkNanos(LockSupport.java:215)
        at java.util.concurrent.locks.AbstractQueuedSynchronizer$ConditionObject.awaitNanos(AbstractQueuedSynchronizer.java:2083)
        at java.util.concurrent.LinkedBlockingQueue.poll(LinkedBlockingQueue.java:467)
        at org.apache.hadoop.ipc.CallQueueManager.take(CallQueueManager.java:317)
        at org.apache.hadoop.ipc.Server$Handler.run(Server.java:2932)


	at org.apache.ozone.test.GenericTestUtils.waitFor(GenericTestUtils.java:224)
	at org.apache.hadoop.ozone.om.TestAddRemoveOzoneManager.testBootstrap(TestAddRemoveOzoneManager.java:188)
	at sun.reflect.NativeMethodAccessorImpl.invoke0(Native Method)
	at sun.reflect.NativeMethodAccessorImpl.invoke(NativeMethodAccessorImpl.java:62)
	at sun.reflect.DelegatingMethodAccessorImpl.invoke(DelegatingMethodAccessorImpl.java:43)
	at java.lang.reflect.Method.invoke(Method.java:498)
	at org.junit.platform.commons.util.ReflectionUtils.invokeMethod(ReflectionUtils.java:725)
	at org.junit.jupiter.engine.execution.MethodInvocation.proceed(MethodInvocation.java:60)
	at org.junit.jupiter.engine.execution.InvocationInterceptorChain$ValidatingInvocation.proceed(InvocationInterceptorChain.java:131)
	at org.junit.jupiter.engine.extension.TimeoutInvocation.proceed(TimeoutInvocation.java:46)
	at org.junit.jupiter.engine.extension.TimeoutExtension.intercept(TimeoutExtension.java:149)
	at org.junit.jupiter.engine.extension.TimeoutExtension.interceptTestableMethod(TimeoutExtension.java:140)
	at org.junit.jupiter.engine.extension.TimeoutExtension.interceptTestMethod(TimeoutExtension.java:84)
	at org.junit.jupiter.engine.execution.ExecutableInvoker$ReflectiveInterceptorCall.lambda$ofVoidMethod$0(ExecutableInvoker.java:115)
	at org.junit.jupiter.engine.execution.ExecutableInvoker.lambda$invoke$0(ExecutableInvoker.java:105)
	at org.junit.jupiter.engine.execution.InvocationInterceptorChain$InterceptedInvocation.proceed(InvocationInterceptorChain.java:106)
	at org.junit.jupiter.engine.execution.InvocationInterceptorChain.proceed(InvocationInterceptorChain.java:64)
	at org.junit.jupiter.engine.execution.InvocationInterceptorChain.chainAndInvoke(InvocationInterceptorChain.java:45)
	at org.junit.jupiter.engine.execution.InvocationInterceptorChain.invoke(InvocationInterceptorChain.java:37)
	at org.junit.jupiter.engine.execution.ExecutableInvoker.invoke(ExecutableInvoker.java:104)
	at org.junit.jupiter.engine.execution.ExecutableInvoker.invoke(ExecutableInvoker.java:98)
	at org.junit.jupiter.engine.descriptor.TestMethodTestDescriptor.lambda$invokeTestMethod$7(TestMethodTestDescriptor.java:214)
	at org.junit.platform.engine.support.hierarchical.ThrowableCollector.execute(ThrowableCollector.java:73)
	at org.junit.jupiter.engine.descriptor.TestMethodTestDescriptor.invokeTestMethod(TestMethodTestDescriptor.java:210)
	at org.junit.jupiter.engine.descriptor.TestMethodTestDescriptor.execute(TestMethodTestDescriptor.java:135)
	at org.junit.jupiter.engine.descriptor.TestMethodTestDescriptor.execute(TestMethodTestDescriptor.java:66)
	at org.junit.platform.engine.support.hierarchical.NodeTestTask.lambda$executeRecursively$6(NodeTestTask.java:151)
	at org.junit.platform.engine.support.hierarchical.ThrowableCollector.execute(ThrowableCollector.java:73)
	at org.junit.platform.engine.support.hierarchical.NodeTestTask.lambda$executeRecursively$8(NodeTestTask.java:141)
	at org.junit.platform.engine.support.hierarchical.Node.around(Node.java:137)
	at org.junit.platform.engine.support.hierarchical.NodeTestTask.lambda$executeRecursively$9(NodeTestTask.java:139)
	at org.junit.platform.engine.support.hierarchical.ThrowableCollector.execute(ThrowableCollector.java:73)
	at org.junit.platform.engine.support.hierarchical.NodeTestTask.executeRecursively(NodeTestTask.java:138)
	at org.junit.platform.engine.support.hierarchical.NodeTestTask.execute(NodeTestTask.java:95)
	at java.util.ArrayList.forEach(ArrayList.java:1259)
	at org.junit.platform.engine.support.hierarchical.SameThreadHierarchicalTestExecutorService.invokeAll(SameThreadHierarchicalTestExecutorService.java:41)
	at org.junit.platform.engine.support.hierarchical.NodeTestTask.lambda$executeRecursively$6(NodeTestTask.java:155)
	at org.junit.platform.engine.support.hierarchical.ThrowableCollector.execute(ThrowableCollector.java:73)
	at org.junit.platform.engine.support.hierarchical.NodeTestTask.lambda$executeRecursively$8(NodeTestTask.java:141)
	at org.junit.platform.engine.support.hierarchical.Node.around(Node.java:137)
	at org.junit.platform.engine.support.hierarchical.NodeTestTask.lambda$executeRecursively$9(NodeTestTask.java:139)
	at org.junit.platform.engine.support.hierarchical.ThrowableCollector.execute(ThrowableCollector.java:73)
	at org.junit.platform.engine.support.hierarchical.NodeTestTask.executeRecursively(NodeTestTask.java:138)
	at org.junit.platform.engine.support.hierarchical.NodeTestTask.execute(NodeTestTask.java:95)
	at java.util.ArrayList.forEach(ArrayList.java:1259)
	at org.junit.platform.engine.support.hierarchical.SameThreadHierarchicalTestExecutorService.invokeAll(SameThreadHierarchicalTestExecutorService.java:41)
	at org.junit.platform.engine.support.hierarchical.NodeTestTask.lambda$executeRecursively$6(NodeTestTask.java:155)
	at org.junit.platform.engine.support.hierarchical.ThrowableCollector.execute(ThrowableCollector.java:73)
	at org.junit.platform.engine.support.hierarchical.NodeTestTask.lambda$executeRecursively$8(NodeTestTask.java:141)
	at org.junit.platform.engine.support.hierarchical.Node.around(Node.java:137)
	at org.junit.platform.engine.support.hierarchical.NodeTestTask.lambda$executeRecursively$9(NodeTestTask.java:139)
	at org.junit.platform.engine.support.hierarchical.ThrowableCollector.execute(ThrowableCollector.java:73)
	at org.junit.platform.engine.support.hierarchical.NodeTestTask.executeRecursively(NodeTestTask.java:138)
	at org.junit.platform.engine.support.hierarchical.NodeTestTask.execute(NodeTestTask.java:95)
	at org.junit.platform.engine.support.hierarchical.SameThreadHierarchicalTestExecutorService.submit(SameThreadHierarchicalTestExecutorService.java:35)
	at org.junit.platform.engine.support.hierarchical.HierarchicalTestExecutor.execute(HierarchicalTestExecutor.java:57)
	at org.junit.platform.engine.support.hierarchical.HierarchicalTestEngine.execute(HierarchicalTestEngine.java:54)
	at org.junit.platform.launcher.core.EngineExecutionOrchestrator.execute(EngineExecutionOrchestrator.java:107)
	at org.junit.platform.launcher.core.EngineExecutionOrchestrator.execute(EngineExecutionOrchestrator.java:88)
	at org.junit.platform.launcher.core.EngineExecutionOrchestrator.lambda$execute$0(EngineExecutionOrchestrator.java:54)
	at org.junit.platform.launcher.core.EngineExecutionOrchestrator.withInterceptedStreams(EngineExecutionOrchestrator.java:67)
	at org.junit.platform.launcher.core.EngineExecutionOrchestrator.execute(EngineExecutionOrchestrator.java:52)
	at org.junit.platform.launcher.core.DefaultLauncher.execute(DefaultLauncher.java:114)
	at org.junit.platform.launcher.core.DefaultLauncher.execute(DefaultLauncher.java:86)
	at org.junit.platform.launcher.core.DefaultLauncherSession$DelegatingLauncher.execute(DefaultLauncherSession.java:86)
	at org.junit.platform.launcher.core.SessionPerRequestLauncher.execute(SessionPerRequestLauncher.java:53)
	at org.apache.maven.surefire.junitplatform.JUnitPlatformProvider.execute(JUnitPlatformProvider.java:188)
	at org.apache.maven.surefire.junitplatform.JUnitPlatformProvider.invokeAllTests(JUnitPlatformProvider.java:154)
	at org.apache.maven.surefire.junitplatform.JUnitPlatformProvider.invoke(JUnitPlatformProvider.java:124)
	at org.apache.maven.surefire.booter.ForkedBooter.runSuitesInProcess(ForkedBooter.java:428)
	at org.apache.maven.surefire.booter.ForkedBooter.execute(ForkedBooter.java:162)
	at org.apache.maven.surefire.booter.ForkedBooter.run(ForkedBooter.java:562)
	at org.apache.maven.surefire.booter.ForkedBooter.main(ForkedBooter.java:548)
]]></error>
    <system-out><![CDATA[2022-09-12 01:24:17,369 [Listener at 127.0.0.1/42815] WARN  server.ServerUtils (ServerUtils.java:getScmDbDir(148)) - ozone.scm.db.dirs is not configured. We recommend adding this setting. Falling back to ozone.metadata.dirs instead.
2022-09-12 01:24:17,369 [Listener at 127.0.0.1/42815] INFO  ha.SCMHANodeDetails (SCMHANodeDetails.java:loadSCMHAConfig(209)) - ServiceID for StorageContainerManager is scmServiceId
2022-09-12 01:24:17,369 [Listener at 127.0.0.1/42815] INFO  ha.SCMHANodeDetails (SCMHANodeDetails.java:loadSCMHAConfig(220)) - ServiceID for StorageContainerManager is scmServiceId
2022-09-12 01:24:17,370 [Listener at 127.0.0.1/42815] INFO  ha.SCMHANodeDetails (SCMHANodeDetails.java:loadSCMHAConfig(307)) - Found matching SCM address with SCMServiceId: scmServiceId, SCMNodeId: scmNode-1, RPC Address: localhost:39073 and Ratis port: 39073
2022-09-12 01:24:17,370 [Listener at 127.0.0.1/42815] INFO  ha.SCMHANodeDetails (ConfUtils.java:setNodeSpecificConfigs(97)) - Setting configuration key ozone.scm.datanode.address with value of key ozone.scm.datanode.address.scmServiceId.scmNode-1: 127.0.0.1:46755
2022-09-12 01:24:17,370 [Listener at 127.0.0.1/42815] INFO  ha.SCMHANodeDetails (ConfUtils.java:setNodeSpecificConfigs(97)) - Setting configuration key ozone.scm.block.client.address with value of key ozone.scm.block.client.address.scmServiceId.scmNode-1: 127.0.0.1:38039
2022-09-12 01:24:17,370 [Listener at 127.0.0.1/42815] INFO  ha.SCMHANodeDetails (ConfUtils.java:setNodeSpecificConfigs(97)) - Setting configuration key ozone.scm.client.address with value of key ozone.scm.client.address.scmServiceId.scmNode-1: 127.0.0.1:39853
2022-09-12 01:24:17,370 [Listener at 127.0.0.1/42815] INFO  ha.SCMHANodeDetails (ConfUtils.java:setNodeSpecificConfigs(97)) - Setting configuration key ozone.scm.ratis.port with value of key ozone.scm.ratis.port.scmServiceId.scmNode-1: 39073
2022-09-12 01:24:17,370 [Listener at 127.0.0.1/42815] INFO  ha.SCMHANodeDetails (ConfUtils.java:setNodeSpecificConfigs(97)) - Setting configuration key ozone.scm.grpc.port with value of key ozone.scm.grpc.port.scmServiceId.scmNode-1: 45323
2022-09-12 01:24:17,370 [Listener at 127.0.0.1/42815] INFO  ha.SCMHANodeDetails (ConfUtils.java:setNodeSpecificConfigs(97)) - Setting configuration key ozone.scm.http-address with value of key ozone.scm.http-address.scmServiceId.scmNode-1: 127.0.0.1:38077
2022-09-12 01:24:17,370 [Listener at 127.0.0.1/42815] INFO  ha.SCMHANodeDetails (ConfUtils.java:setNodeSpecificConfigs(97)) - Setting configuration key ozone.scm.https-address with value of key ozone.scm.https-address.scmServiceId.scmNode-1: 127.0.0.1:33147
2022-09-12 01:24:17,370 [Listener at 127.0.0.1/42815] INFO  ha.SCMHANodeDetails (ConfUtils.java:setNodeSpecificConfigs(97)) - Setting configuration key ozone.scm.address with value of key ozone.scm.address.scmServiceId.scmNode-1: 127.0.0.1
2022-09-12 01:24:17,371 [Listener at 127.0.0.1/42815] WARN  scm.ScmUtils (ScmUtils.java:logWarn(179)) - ConfigKey ozone.scm.block.client.address is deprecated, For configuring different ports for each SCM use PortConfigKey ozone.scm.block.client.port appended with serviceId and nodeId. If want to configure same port configure ozone.scm.block.client.port
2022-09-12 01:24:17,371 [Listener at 127.0.0.1/42815] WARN  scm.ScmUtils (ScmUtils.java:logWarn(179)) - ConfigKey ozone.scm.client.address is deprecated, For configuring different ports for each SCM use PortConfigKey ozone.scm.client.port appended with serviceId and nodeId. If want to configure same port configure ozone.scm.client.port
2022-09-12 01:24:17,371 [Listener at 127.0.0.1/42815] WARN  scm.ScmUtils (ScmUtils.java:logWarn(179)) - ConfigKey ozone.scm.datanode.address is deprecated, For configuring different ports for each SCM use PortConfigKey ozone.scm.datanode.port appended with serviceId and nodeId. If want to configure same port configure ozone.scm.datanode.port
2022-09-12 01:24:17,377 [Listener at 127.0.0.1/42815] INFO  server.RaftServer (ConfUtils.java:logGet(46)) - raft.rpc.type = GRPC (default)
2022-09-12 01:24:17,377 [Listener at 127.0.0.1/42815] INFO  grpc.GrpcFactory (GrpcFactory.java:checkPooledByteBufAllocatorUseCacheForAllThreads(48)) - PERFORMANCE WARNING: useCacheForAllThreads is true that may cause Netty to create a lot garbage objects and, as a result, trigger GC.
	It is recommended to disable useCacheForAllThreads by setting -Dorg.apache.ratis.thirdparty.io.netty.allocator.useCacheForAllThreads=false in command line.
2022-09-12 01:24:17,377 [Listener at 127.0.0.1/42815] INFO  grpc.GrpcConfigKeys (ConfUtils.java:logGet(46)) - raft.grpc.admin.port = -1 (default)
2022-09-12 01:24:17,377 [Listener at 127.0.0.1/42815] INFO  grpc.GrpcConfigKeys (ConfUtils.java:logGet(46)) - raft.grpc.server.port = 39073 (custom)
2022-09-12 01:24:17,378 [Listener at 127.0.0.1/42815] INFO  grpc.GrpcConfigKeys (ConfUtils.java:logGet(46)) - raft.grpc.client.port = -1 (default)
2022-09-12 01:24:17,378 [Listener at 127.0.0.1/42815] INFO  grpc.GrpcConfigKeys (ConfUtils.java:logGet(46)) - raft.grpc.server.port = 39073 (custom)
2022-09-12 01:24:17,378 [Listener at 127.0.0.1/42815] INFO  grpc.GrpcConfigKeys (ConfUtils.java:logGet(46)) - raft.grpc.server.port = 39073 (custom)
2022-09-12 01:24:17,378 [Listener at 127.0.0.1/42815] INFO  server.GrpcService (ConfUtils.java:logGet(46)) - raft.grpc.message.size.max = 32m (=33554432) (custom)
2022-09-12 01:24:17,378 [Listener at 127.0.0.1/42815] INFO  server.RaftServerConfigKeys (ConfUtils.java:logGet(46)) - raft.server.log.appender.buffer.byte-limit = 33554432 (custom)
2022-09-12 01:24:17,378 [Listener at 127.0.0.1/42815] INFO  server.GrpcService (ConfUtils.java:logGet(46)) - raft.grpc.flow.control.window = 1MB (=1048576) (default)
2022-09-12 01:24:17,378 [Listener at 127.0.0.1/42815] INFO  server.RaftServerConfigKeys (ConfUtils.java:logGet(46)) - raft.server.rpc.request.timeout = 30000ms (custom)
2022-09-12 01:24:17,378 [Listener at 127.0.0.1/42815] INFO  grpc.GrpcConfigKeys (ConfUtils.java:logGet(46)) - raft.grpc.server.async.request.thread.pool.cached = true (default)
2022-09-12 01:24:17,378 [Listener at 127.0.0.1/42815] INFO  grpc.GrpcConfigKeys (ConfUtils.java:logGet(46)) - raft.grpc.server.async.request.thread.pool.size = 32 (default)
2022-09-12 01:24:17,379 [Listener at 127.0.0.1/42815] INFO  impl.DataStreamServerImpl (ConfUtils.java:logGet(46)) - raft.datastream.type = DISABLED (default)
2022-09-12 01:24:17,379 [Listener at 127.0.0.1/42815] INFO  server.RaftServerConfigKeys (ConfUtils.java:logGet(46)) - raft.server.threadpool.proxy.cached = true (default)
2022-09-12 01:24:17,380 [Listener at 127.0.0.1/42815] INFO  server.RaftServerConfigKeys (ConfUtils.java:logGet(46)) - raft.server.threadpool.proxy.size = 0 (default)
2022-09-12 01:24:17,380 [Listener at 127.0.0.1/42815] INFO  server.RaftServerConfigKeys (ConfUtils.java:logGet(46)) - raft.server.rpc.slowness.timeout = 120000ms (custom)
2022-09-12 01:24:17,380 [Listener at 127.0.0.1/42815] INFO  server.RaftServerConfigKeys (ConfUtils.java:logGet(46)) - raft.server.leaderelection.leader.step-down.wait-time = 10s (default)
2022-09-12 01:24:17,380 [Listener at 127.0.0.1/42815] INFO  server.RaftServerConfigKeys (ConfUtils.java:logGet(46)) - raft.server.storage.dir = [/home/runner/work/ozone/ozone/hadoop-ozone/integration-test/target/test-dir/MiniOzoneClusterImpl-cb4dd006-d395-492a-b682-c2bfe535b5e8/scmNode-1/scm-ha] (custom)
2022-09-12 01:24:17,386 [Listener at 127.0.0.1/42815] INFO  server.RaftServer (RaftServerProxy.java:addNew(96)) - 8e599114-682f-40f9-8544-01c79a4548da: addNew group-C2BFE535B5E8:[8e599114-682f-40f9-8544-01c79a4548da|rpc:localhost:39073|priority:0] returns group-C2BFE535B5E8:java.util.concurrent.CompletableFuture@789999b5[Not completed]
2022-09-12 01:24:17,386 [pool-261-thread-1] INFO  server.RaftServer$Division (RaftServerImpl.java:<init>(190)) - 8e599114-682f-40f9-8544-01c79a4548da: new RaftServerImpl for group-C2BFE535B5E8:[8e599114-682f-40f9-8544-01c79a4548da|rpc:localhost:39073|priority:0] with SCMStateMachine:uninitialized
2022-09-12 01:24:17,386 [pool-261-thread-1] INFO  server.RaftServerConfigKeys (ConfUtils.java:logGet(46)) - raft.server.rpc.timeout.min = 5000ms (custom)
2022-09-12 01:24:17,386 [pool-261-thread-1] INFO  server.RaftServerConfigKeys (ConfUtils.java:logGet(46)) - raft.server.rpc.timeout.max = 5200ms (custom)
2022-09-12 01:24:17,386 [pool-261-thread-1] INFO  server.RaftServerConfigKeys (ConfUtils.java:logGet(46)) - raft.server.rpc.sleep.time = 25ms (default)
2022-09-12 01:24:17,386 [pool-261-thread-1] INFO  server.RaftServerConfigKeys (ConfUtils.java:logGet(46)) - raft.server.rpc.slowness.timeout = 120000ms (custom)
2022-09-12 01:24:17,386 [pool-261-thread-1] INFO  server.RaftServerConfigKeys (ConfUtils.java:logGet(46)) - raft.server.leaderelection.leader.step-down.wait-time = 10s (default)
2022-09-12 01:24:17,386 [pool-261-thread-1] INFO  server.RaftServerConfigKeys (ConfUtils.java:logGet(46)) - raft.server.sleep.deviation.threshold = 300ms (default)
2022-09-12 01:24:17,386 [pool-261-thread-1] INFO  server.RaftServer$Division (ServerState.java:<init>(107)) - 8e599114-682f-40f9-8544-01c79a4548da@group-C2BFE535B5E8: ConfigurationManager, init=-1: [8e599114-682f-40f9-8544-01c79a4548da|rpc:localhost:39073|priority:0], old=null, confs=<EMPTY_MAP>
2022-09-12 01:24:17,386 [pool-261-thread-1] INFO  server.RaftServerConfigKeys (ConfUtils.java:logGet(46)) - raft.server.storage.dir = [/home/runner/work/ozone/ozone/hadoop-ozone/integration-test/target/test-dir/MiniOzoneClusterImpl-cb4dd006-d395-492a-b682-c2bfe535b5e8/scmNode-1/scm-ha] (custom)
2022-09-12 01:24:17,386 [pool-261-thread-1] INFO  server.RaftServerConfigKeys (ConfUtils.java:logGet(46)) - raft.server.log.corruption.policy = EXCEPTION (default)
2022-09-12 01:24:17,386 [pool-261-thread-1] INFO  server.RaftServerConfigKeys (ConfUtils.java:logGet(46)) - raft.server.storage.free-space.min = 0MB (=0) (default)
2022-09-12 01:24:17,386 [pool-261-thread-1] INFO  storage.RaftStorageDirectory (RaftStorageDirectoryImpl.java:analyzeStorage(135)) - The storage directory /home/runner/work/ozone/ozone/hadoop-ozone/integration-test/target/test-dir/MiniOzoneClusterImpl-cb4dd006-d395-492a-b682-c2bfe535b5e8/scmNode-1/scm-ha/cb4dd006-d395-492a-b682-c2bfe535b5e8 does not exist. Creating ...
2022-09-12 01:24:17,404 [pool-261-thread-1] INFO  storage.RaftStorageDirectory (RaftStorageDirectoryImpl.java:tryLock(230)) - Lock on /home/runner/work/ozone/ozone/hadoop-ozone/integration-test/target/test-dir/MiniOzoneClusterImpl-cb4dd006-d395-492a-b682-c2bfe535b5e8/scmNode-1/scm-ha/cb4dd006-d395-492a-b682-c2bfe535b5e8/in_use.lock acquired by nodename 51693@fv-az167-317
2022-09-12 01:24:17,406 [pool-261-thread-1] INFO  storage.RaftStorage (RaftStorageImpl.java:format(89)) - Storage directory /home/runner/work/ozone/ozone/hadoop-ozone/integration-test/target/test-dir/MiniOzoneClusterImpl-cb4dd006-d395-492a-b682-c2bfe535b5e8/scmNode-1/scm-ha/cb4dd006-d395-492a-b682-c2bfe535b5e8 has been successfully formatted.
2022-09-12 01:24:17,406 [pool-261-thread-1] INFO  server.RaftServerConfigKeys (ConfUtils.java:logGet(46)) - raft.server.notification.no-leader.timeout = 60s (default)
2022-09-12 01:24:17,406 [pool-261-thread-1] INFO  server.RaftServerConfigKeys (ConfUtils.java:logGet(46)) - raft.server.log.use.memory = false (default)
2022-09-12 01:24:17,406 [pool-261-thread-1] INFO  server.RaftServerConfigKeys (ConfUtils.java:logGet(46)) - raft.server.log.purge.gap = 1000000 (custom)
2022-09-12 01:24:17,406 [pool-261-thread-1] INFO  server.RaftServerConfigKeys (ConfUtils.java:logGet(46)) - raft.server.log.appender.buffer.byte-limit = 33554432 (custom)
2022-09-12 01:24:17,406 [pool-261-thread-1] INFO  server.RaftServerConfigKeys (ConfUtils.java:logGet(46)) - raft.server.log.statemachine.data.read.timeout = 1000ms (default)
2022-09-12 01:24:17,406 [pool-261-thread-1] INFO  server.RaftServerConfigKeys (ConfUtils.java:logGet(46)) - raft.server.log.segment.size.max = 4194304 (custom)
2022-09-12 01:24:17,407 [pool-261-thread-1] INFO  server.RaftServerConfigKeys (ConfUtils.java:logGet(46)) - raft.server.log.segment.cache.num.max = 2 (custom)
2022-09-12 01:24:17,407 [pool-261-thread-1] INFO  server.RaftServerConfigKeys (ConfUtils.java:logGet(46)) - raft.server.log.segment.cache.size.max = 200MB (=209715200) (default)
2022-09-12 01:24:17,407 [pool-261-thread-1] INFO  segmented.SegmentedRaftLogWorker (SegmentedRaftLogWorker.java:<init>(187)) - new 8e599114-682f-40f9-8544-01c79a4548da@group-C2BFE535B5E8-SegmentedRaftLogWorker for RaftStorageImpl:Storage Directory /home/runner/work/ozone/ozone/hadoop-ozone/integration-test/target/test-dir/MiniOzoneClusterImpl-cb4dd006-d395-492a-b682-c2bfe535b5e8/scmNode-1/scm-ha/cb4dd006-d395-492a-b682-c2bfe535b5e8
2022-09-12 01:24:17,407 [pool-261-thread-1] INFO  server.RaftServerConfigKeys (ConfUtils.java:logGet(46)) - raft.server.log.queue.byte-limit = 64MB (=67108864) (default)
2022-09-12 01:24:17,407 [pool-261-thread-1] INFO  server.RaftServerConfigKeys (ConfUtils.java:logGet(46)) - raft.server.log.queue.element-limit = 4096 (default)
2022-09-12 01:24:17,407 [pool-261-thread-1] INFO  server.RaftServerConfigKeys (ConfUtils.java:logGet(46)) - raft.server.log.segment.size.max = 4194304 (custom)
2022-09-12 01:24:17,407 [pool-261-thread-1] INFO  server.RaftServerConfigKeys (ConfUtils.java:logGet(46)) - raft.server.log.preallocated.size = 4194304 (custom)
2022-09-12 01:24:17,407 [pool-261-thread-1] INFO  server.RaftServerConfigKeys (ConfUtils.java:logGet(46)) - raft.server.log.force.sync.num = 128 (default)
2022-09-12 01:24:17,407 [pool-261-thread-1] INFO  server.RaftServerConfigKeys (ConfUtils.java:logGet(46)) - raft.server.log.statemachine.data.sync = true (default)
2022-09-12 01:24:17,407 [pool-261-thread-1] INFO  server.RaftServerConfigKeys (ConfUtils.java:logGet(46)) - raft.server.log.statemachine.data.sync.timeout = 10s (default)
2022-09-12 01:24:17,407 [pool-261-thread-1] INFO  server.RaftServerConfigKeys (ConfUtils.java:logGet(46)) - raft.server.log.statemachine.data.sync.timeout.retry = -1 (default)
2022-09-12 01:24:17,408 [pool-261-thread-1] INFO  server.RaftServerConfigKeys (ConfUtils.java:logGet(46)) - raft.server.log.write.buffer.size = 64KB (=65536) (default)
2022-09-12 01:24:17,408 [pool-261-thread-1] INFO  server.RaftServerConfigKeys (ConfUtils.java:logGet(46)) - raft.server.log.unsafe-flush.enabled = false (default)
2022-09-12 01:24:17,408 [pool-261-thread-1] INFO  server.RaftServerConfigKeys (ConfUtils.java:logGet(46)) - raft.server.log.statemachine.data.caching.enabled = false (default)
2022-09-12 01:24:17,408 [pool-261-thread-1] INFO  segmented.SegmentedRaftLogWorker (SegmentedRaftLogWorker.java:lambda$new$0(135)) - 8e599114-682f-40f9-8544-01c79a4548da@group-C2BFE535B5E8-SegmentedRaftLogWorker: flushIndex: setUnconditionally 0 -> -1
2022-09-12 01:24:17,408 [pool-261-thread-1] INFO  segmented.SegmentedRaftLogWorker (SegmentedRaftLogWorker.java:lambda$new$0(135)) - 8e599114-682f-40f9-8544-01c79a4548da@group-C2BFE535B5E8-SegmentedRaftLogWorker: safeCacheEvictIndex: setUnconditionally 0 -> -1
2022-09-12 01:24:17,412 [pool-261-thread-1] INFO  server.RaftServerConfigKeys (ConfUtils.java:logGet(46)) - raft.server.snapshot.auto.trigger.enabled = true (custom)
2022-09-12 01:24:17,412 [pool-261-thread-1] INFO  server.RaftServerConfigKeys (ConfUtils.java:logGet(46)) - raft.server.snapshot.auto.trigger.threshold = 1000 (custom)
2022-09-12 01:24:17,412 [pool-261-thread-1] INFO  server.RaftServerConfigKeys (ConfUtils.java:logGet(46)) - raft.server.snapshot.retention.file.num = -1 (default)
2022-09-12 01:24:17,412 [pool-261-thread-1] INFO  server.RaftServerConfigKeys (ConfUtils.java:logGet(46)) - raft.server.log.purge.upto.snapshot.index = false (default)
2022-09-12 01:24:17,413 [pool-261-thread-1] INFO  server.RaftServerConfigKeys (ConfUtils.java:logGet(46)) - raft.server.retrycache.expirytime = 60000ms (default)
2022-09-12 01:24:17,413 [pool-261-thread-1] INFO  server.RaftServerConfigKeys (ConfUtils.java:logGet(46)) - raft.server.retrycache.statistics.expirytime = 100μs (default)
2022-09-12 01:24:17,413 [pool-261-thread-1] INFO  server.RaftServerConfigKeys (ConfUtils.java:logGet(46)) - raft.server.log.appender.install.snapshot.enabled = false (custom)
2022-09-12 01:24:17,413 [pool-261-thread-1] INFO  server.RaftServerConfigKeys (ConfUtils.java:logGet(46)) - raft.server.threadpool.server.cached = true (default)
2022-09-12 01:24:17,413 [pool-261-thread-1] INFO  server.RaftServerConfigKeys (ConfUtils.java:logGet(46)) - raft.server.threadpool.server.size = 0 (default)
2022-09-12 01:24:17,414 [pool-261-thread-1] INFO  server.RaftServerConfigKeys (ConfUtils.java:logGet(46)) - raft.server.threadpool.client.cached = true (default)
2022-09-12 01:24:17,414 [pool-261-thread-1] INFO  server.RaftServerConfigKeys (ConfUtils.java:logGet(46)) - raft.server.threadpool.client.size = 0 (default)
2022-09-12 01:24:17,414 [8e599114-682f-40f9-8544-01c79a4548da-impl-thread1] INFO  server.RaftServer$Division (RaftServerImpl.java:start(310)) - 8e599114-682f-40f9-8544-01c79a4548da@group-C2BFE535B5E8: start as a follower, conf=-1: [8e599114-682f-40f9-8544-01c79a4548da|rpc:localhost:39073|priority:0], old=null
2022-09-12 01:24:17,414 [8e599114-682f-40f9-8544-01c79a4548da-impl-thread1] INFO  server.RaftServer$Division (RaftServerImpl.java:setRole(299)) - 8e599114-682f-40f9-8544-01c79a4548da@group-C2BFE535B5E8: changes role from      null to FOLLOWER at term 0 for startAsFollower
2022-09-12 01:24:17,414 [8e599114-682f-40f9-8544-01c79a4548da-impl-thread1] INFO  impl.RoleInfo (RoleInfo.java:updateAndGet(139)) - 8e599114-682f-40f9-8544-01c79a4548da: start 8e599114-682f-40f9-8544-01c79a4548da@group-C2BFE535B5E8-FollowerState
2022-09-12 01:24:17,428 [8e599114-682f-40f9-8544-01c79a4548da-impl-thread1] INFO  util.JmxRegister (JmxRegister.java:tryRegister(44)) - Successfully registered JMX Bean with object name Ratis:service=RaftServer,group=group-C2BFE535B5E8,id=8e599114-682f-40f9-8544-01c79a4548da
2022-09-12 01:24:17,440 [Listener at 127.0.0.1/42815] INFO  server.RaftServer (RaftServerProxy.java:lambda$start$6(382)) - 8e599114-682f-40f9-8544-01c79a4548da: start RPC server
2022-09-12 01:24:17,442 [Listener at 127.0.0.1/42815] INFO  server.GrpcService (GrpcService.java:startImpl(260)) - 8e599114-682f-40f9-8544-01c79a4548da: GrpcService started, listening on 39073
2022-09-12 01:24:17,455 [org.apache.ratis.util.JvmPauseMonitor$$Lambda$605/1445225850@32d44570] INFO  util.JvmPauseMonitor (JvmPauseMonitor.java:run(103)) - JvmPauseMonitor-8e599114-682f-40f9-8544-01c79a4548da: Started
2022-09-12 01:24:17,711 [EndpointStateMachine task thread for /127.0.0.1:40693 - 0 ] INFO  ipc.Client (Client.java:handleConnectionFailure(977)) - Retrying connect to server: localhost/127.0.0.1:40693. Already tried 7 time(s); retry policy is RetryUpToMaximumCountWithFixedSleep(maxRetries=15, sleepTime=1000 MILLISECONDS)
2022-09-12 01:24:18,712 [EndpointStateMachine task thread for /127.0.0.1:40693 - 0 ] INFO  ipc.Client (Client.java:handleConnectionFailure(977)) - Retrying connect to server: localhost/127.0.0.1:40693. Already tried 8 time(s); retry policy is RetryUpToMaximumCountWithFixedSleep(maxRetries=15, sleepTime=1000 MILLISECONDS)
2022-09-12 01:24:19,712 [EndpointStateMachine task thread for /127.0.0.1:40693 - 0 ] INFO  ipc.Client (Client.java:handleConnectionFailure(977)) - Retrying connect to server: localhost/127.0.0.1:40693. Already tried 9 time(s); retry policy is RetryUpToMaximumCountWithFixedSleep(maxRetries=15, sleepTime=1000 MILLISECONDS)
2022-09-12 01:24:20,713 [EndpointStateMachine task thread for /127.0.0.1:40693 - 0 ] INFO  ipc.Client (Client.java:handleConnectionFailure(977)) - Retrying connect to server: localhost/127.0.0.1:40693. Already tried 10 time(s); retry policy is RetryUpToMaximumCountWithFixedSleep(maxRetries=15, sleepTime=1000 MILLISECONDS)
2022-09-12 01:24:21,713 [EndpointStateMachine task thread for /127.0.0.1:40693 - 0 ] INFO  ipc.Client (Client.java:handleConnectionFailure(977)) - Retrying connect to server: localhost/127.0.0.1:40693. Already tried 11 time(s); retry policy is RetryUpToMaximumCountWithFixedSleep(maxRetries=15, sleepTime=1000 MILLISECONDS)
2022-09-12 01:24:22,443 [8e599114-682f-40f9-8544-01c79a4548da@group-C2BFE535B5E8-FollowerState] INFO  impl.FollowerState (FollowerState.java:run(143)) - 8e599114-682f-40f9-8544-01c79a4548da@group-C2BFE535B5E8-FollowerState: change to CANDIDATE, lastRpcElapsedTime:5029127225ns, electionTimeout:5014ms
2022-09-12 01:24:22,443 [8e599114-682f-40f9-8544-01c79a4548da@group-C2BFE535B5E8-FollowerState] INFO  impl.RoleInfo (RoleInfo.java:shutdownFollowerState(110)) - 8e599114-682f-40f9-8544-01c79a4548da: shutdown 8e599114-682f-40f9-8544-01c79a4548da@group-C2BFE535B5E8-FollowerState
2022-09-12 01:24:22,443 [8e599114-682f-40f9-8544-01c79a4548da@group-C2BFE535B5E8-FollowerState] INFO  server.RaftServer$Division (RaftServerImpl.java:setRole(299)) - 8e599114-682f-40f9-8544-01c79a4548da@group-C2BFE535B5E8: changes role from  FOLLOWER to CANDIDATE at term 0 for changeToCandidate
2022-09-12 01:24:22,443 [8e599114-682f-40f9-8544-01c79a4548da@group-C2BFE535B5E8-FollowerState] INFO  server.RaftServerConfigKeys (ConfUtils.java:logGet(46)) - raft.server.leaderelection.pre-vote = false (custom)
2022-09-12 01:24:22,443 [8e599114-682f-40f9-8544-01c79a4548da@group-C2BFE535B5E8-FollowerState] INFO  impl.RoleInfo (RoleInfo.java:updateAndGet(139)) - 8e599114-682f-40f9-8544-01c79a4548da: start 8e599114-682f-40f9-8544-01c79a4548da@group-C2BFE535B5E8-LeaderElection13
2022-09-12 01:24:22,474 [8e599114-682f-40f9-8544-01c79a4548da@group-C2BFE535B5E8-LeaderElection13] INFO  impl.LeaderElection (LeaderElection.java:askForVotes(310)) - 8e599114-682f-40f9-8544-01c79a4548da@group-C2BFE535B5E8-LeaderElection13 ELECTION round 0: submit vote requests at term 1 for -1: [8e599114-682f-40f9-8544-01c79a4548da|rpc:localhost:39073|priority:0], old=null
2022-09-12 01:24:22,474 [8e599114-682f-40f9-8544-01c79a4548da@group-C2BFE535B5E8-LeaderElection13] INFO  impl.LeaderElection (LeaderElection.java:askForVotes(312)) - 8e599114-682f-40f9-8544-01c79a4548da@group-C2BFE535B5E8-LeaderElection13 ELECTION round 0: result PASSED (term=1)
2022-09-12 01:24:22,474 [8e599114-682f-40f9-8544-01c79a4548da@group-C2BFE535B5E8-LeaderElection13] INFO  impl.RoleInfo (RoleInfo.java:shutdownLeaderElection(130)) - 8e599114-682f-40f9-8544-01c79a4548da: shutdown 8e599114-682f-40f9-8544-01c79a4548da@group-C2BFE535B5E8-LeaderElection13
2022-09-12 01:24:22,474 [8e599114-682f-40f9-8544-01c79a4548da@group-C2BFE535B5E8-LeaderElection13] INFO  server.RaftServer$Division (RaftServerImpl.java:setRole(299)) - 8e599114-682f-40f9-8544-01c79a4548da@group-C2BFE535B5E8: changes role from CANDIDATE to LEADER at term 1 for changeToLeader
2022-09-12 01:24:22,474 [8e599114-682f-40f9-8544-01c79a4548da@group-C2BFE535B5E8-LeaderElection13] INFO  server.RaftServer$Division (ServerState.java:setLeader(287)) - 8e599114-682f-40f9-8544-01c79a4548da@group-C2BFE535B5E8: change Leader from null to 8e599114-682f-40f9-8544-01c79a4548da at term 1 for becomeLeader, leader elected after 5068ms
2022-09-12 01:24:22,474 [8e599114-682f-40f9-8544-01c79a4548da@group-C2BFE535B5E8-LeaderElection13] INFO  server.RaftServerConfigKeys (ConfUtils.java:logGet(46)) - raft.server.staging.catchup.gap = 1000 (default)
2022-09-12 01:24:22,474 [8e599114-682f-40f9-8544-01c79a4548da@group-C2BFE535B5E8-LeaderElection13] INFO  server.RaftServerConfigKeys (ConfUtils.java:logGet(46)) - raft.server.write.element-limit = 4096 (default)
2022-09-12 01:24:22,474 [8e599114-682f-40f9-8544-01c79a4548da@group-C2BFE535B5E8-LeaderElection13] INFO  server.RaftServerConfigKeys (ConfUtils.java:logGet(46)) - raft.server.write.byte-limit = 64MB (=67108864) (default)
2022-09-12 01:24:22,475 [8e599114-682f-40f9-8544-01c79a4548da@group-C2BFE535B5E8-LeaderElection13] INFO  server.RaftServerConfigKeys (ConfUtils.java:logGet(46)) - raft.server.watch.timeout = 10s (default)
2022-09-12 01:24:22,475 [8e599114-682f-40f9-8544-01c79a4548da@group-C2BFE535B5E8-LeaderElection13] INFO  server.RaftServerConfigKeys (ConfUtils.java:logGet(46)) - raft.server.watch.timeout.denomination = 1s (default)
2022-09-12 01:24:22,475 [8e599114-682f-40f9-8544-01c79a4548da@group-C2BFE535B5E8-LeaderElection13] INFO  server.RaftServerConfigKeys (ConfUtils.java:logGet(46)) - raft.server.watch.element-limit = 65536 (default)
2022-09-12 01:24:22,475 [8e599114-682f-40f9-8544-01c79a4548da@group-C2BFE535B5E8-LeaderElection13] INFO  server.RaftServerConfigKeys (ConfUtils.java:logGet(46)) - raft.server.write.element-limit = 4096 (default)
2022-09-12 01:24:22,475 [8e599114-682f-40f9-8544-01c79a4548da@group-C2BFE535B5E8-LeaderElection13] INFO  server.RaftServerConfigKeys (ConfUtils.java:logGet(46)) - raft.server.write.follower.gap.ratio.max = -1.0 (default)
2022-09-12 01:24:22,475 [8e599114-682f-40f9-8544-01c79a4548da@group-C2BFE535B5E8-LeaderElection13] INFO  impl.RoleInfo (RoleInfo.java:updateAndGet(139)) - 8e599114-682f-40f9-8544-01c79a4548da: start 8e599114-682f-40f9-8544-01c79a4548da@group-C2BFE535B5E8-LeaderStateImpl
2022-09-12 01:24:22,475 [8e599114-682f-40f9-8544-01c79a4548da@group-C2BFE535B5E8-LeaderElection13] INFO  segmented.SegmentedRaftLogWorker (SegmentedRaftLogWorker.java:startLogSegment(425)) - 8e599114-682f-40f9-8544-01c79a4548da@group-C2BFE535B5E8-SegmentedRaftLogWorker: Starting segment from index:0
2022-09-12 01:24:22,482 [8e599114-682f-40f9-8544-01c79a4548da@group-C2BFE535B5E8-SegmentedRaftLogWorker] INFO  segmented.SegmentedRaftLogWorker (SegmentedRaftLogWorker.java:execute(629)) - 8e599114-682f-40f9-8544-01c79a4548da@group-C2BFE535B5E8-SegmentedRaftLogWorker: created new log segment /home/runner/work/ozone/ozone/hadoop-ozone/integration-test/target/test-dir/MiniOzoneClusterImpl-cb4dd006-d395-492a-b682-c2bfe535b5e8/scmNode-1/scm-ha/cb4dd006-d395-492a-b682-c2bfe535b5e8/current/log_inprogress_0
2022-09-12 01:24:22,489 [8e599114-682f-40f9-8544-01c79a4548da@group-C2BFE535B5E8-LeaderElection13] INFO  server.RaftServer$Division (ServerState.java:setRaftConf(393)) - 8e599114-682f-40f9-8544-01c79a4548da@group-C2BFE535B5E8: set configuration 0: [8e599114-682f-40f9-8544-01c79a4548da|rpc:localhost:39073|admin:|client:|dataStream:|priority:0], old=null
2022-09-12 01:24:22,714 [EndpointStateMachine task thread for /127.0.0.1:40693 - 0 ] INFO  ipc.Client (Client.java:handleConnectionFailure(977)) - Retrying connect to server: localhost/127.0.0.1:40693. Already tried 12 time(s); retry policy is RetryUpToMaximumCountWithFixedSleep(maxRetries=15, sleepTime=1000 MILLISECONDS)
2022-09-12 01:24:23,442 [Listener at 127.0.0.1/42815] INFO  server.RaftServer (RaftServerProxy.java:lambda$close$7(398)) - 8e599114-682f-40f9-8544-01c79a4548da: close
2022-09-12 01:24:23,443 [Listener at 127.0.0.1/42815] INFO  server.RaftServer$Division (RaftServerImpl.java:lambda$close$4(434)) - 8e599114-682f-40f9-8544-01c79a4548da@group-C2BFE535B5E8: shutdown
2022-09-12 01:24:23,443 [Listener at 127.0.0.1/42815] INFO  util.JmxRegister (JmxRegister.java:unregister(73)) - Successfully un-registered JMX Bean with object name Ratis:service=RaftServer,group=group-C2BFE535B5E8,id=8e599114-682f-40f9-8544-01c79a4548da
2022-09-12 01:24:23,443 [Listener at 127.0.0.1/42815] INFO  impl.RoleInfo (RoleInfo.java:shutdownLeaderState(93)) - 8e599114-682f-40f9-8544-01c79a4548da: shutdown 8e599114-682f-40f9-8544-01c79a4548da@group-C2BFE535B5E8-LeaderStateImpl
2022-09-12 01:24:23,443 [Listener at 127.0.0.1/42815] INFO  impl.PendingRequests (PendingRequests.java:sendNotLeaderResponses(282)) - 8e599114-682f-40f9-8544-01c79a4548da@group-C2BFE535B5E8-PendingRequests: sendNotLeaderResponses
2022-09-12 01:24:23,444 [Listener at 127.0.0.1/42815] INFO  impl.StateMachineUpdater (StateMachineUpdater.java:stopAndJoin(153)) - 8e599114-682f-40f9-8544-01c79a4548da@group-C2BFE535B5E8-StateMachineUpdater: set stopIndex = 0
2022-09-12 01:24:23,444 [8e599114-682f-40f9-8544-01c79a4548da@group-C2BFE535B5E8-StateMachineUpdater] INFO  impl.StateMachineUpdater (StateMachineUpdater.java:takeSnapshot(287)) - 8e599114-682f-40f9-8544-01c79a4548da@group-C2BFE535B5E8-StateMachineUpdater: Took a snapshot at index 0
2022-09-12 01:24:23,444 [8e599114-682f-40f9-8544-01c79a4548da@group-C2BFE535B5E8-StateMachineUpdater] INFO  impl.StateMachineUpdater (StateMachineUpdater.java:lambda$new$0(92)) - 8e599114-682f-40f9-8544-01c79a4548da@group-C2BFE535B5E8-StateMachineUpdater: snapshotIndex: updateIncreasingly -1 -> 0
2022-09-12 01:24:23,444 [Listener at 127.0.0.1/42815] INFO  server.RaftServer$Division (ServerState.java:close(429)) - 8e599114-682f-40f9-8544-01c79a4548da@group-C2BFE535B5E8: closes. applyIndex: 0
2022-09-12 01:24:23,444 [8e599114-682f-40f9-8544-01c79a4548da@group-C2BFE535B5E8-SegmentedRaftLogWorker] INFO  segmented.SegmentedRaftLogWorker (SegmentedRaftLogWorker.java:run(336)) - 8e599114-682f-40f9-8544-01c79a4548da@group-C2BFE535B5E8-SegmentedRaftLogWorker was interrupted, exiting. There are 0 tasks remaining in the queue.
2022-09-12 01:24:23,446 [Listener at 127.0.0.1/42815] INFO  segmented.SegmentedRaftLogWorker (SegmentedRaftLogWorker.java:close(246)) - 8e599114-682f-40f9-8544-01c79a4548da@group-C2BFE535B5E8-SegmentedRaftLogWorker close()
2022-09-12 01:24:23,468 [Listener at 127.0.0.1/42815] INFO  server.GrpcService (GrpcService.java:closeImpl(269)) - 8e599114-682f-40f9-8544-01c79a4548da: shutdown server with port 39073 now
2022-09-12 01:24:23,468 [Listener at 127.0.0.1/42815] INFO  server.GrpcService (GrpcService.java:closeImpl(278)) - 8e599114-682f-40f9-8544-01c79a4548da: shutdown server with port 39073 successfully
2022-09-12 01:24:23,468 [org.apache.ratis.util.JvmPauseMonitor$$Lambda$605/1445225850@32d44570] INFO  util.JvmPauseMonitor (JvmPauseMonitor.java:run(109)) - JvmPauseMonitor-8e599114-682f-40f9-8544-01c79a4548da: Stopped
2022-09-12 01:24:23,469 [Listener at 127.0.0.1/42815] WARN  server.ServerUtils (ServerUtils.java:getScmDbDir(148)) - ozone.scm.db.dirs is not configured. We recommend adding this setting. Falling back to ozone.metadata.dirs instead.
2022-09-12 01:24:23,470 [Listener at 127.0.0.1/42815] INFO  server.StorageContainerManager (StorageContainerManager.java:scmInit(1216)) - SCM initialization succeeded. Current cluster id for sd=/home/runner/work/ozone/ozone/hadoop-ozone/integration-test/target/test-dir/MiniOzoneClusterImpl-cb4dd006-d395-492a-b682-c2bfe535b5e8/scmNode-1/scm; cid=cb4dd006-d395-492a-b682-c2bfe535b5e8; layoutVersion=4; scmId=8e599114-682f-40f9-8544-01c79a4548da
2022-09-12 01:24:23,470 [Listener at 127.0.0.1/42815] WARN  server.ServerUtils (ServerUtils.java:getScmDbDir(148)) - ozone.scm.db.dirs is not configured. We recommend adding this setting. Falling back to ozone.metadata.dirs instead.
2022-09-12 01:24:23,470 [Listener at 127.0.0.1/42815] INFO  ha.SCMHANodeDetails (SCMHANodeDetails.java:loadSCMHAConfig(209)) - ServiceID for StorageContainerManager is scmServiceId
2022-09-12 01:24:23,470 [Listener at 127.0.0.1/42815] INFO  ha.SCMHANodeDetails (SCMHANodeDetails.java:loadSCMHAConfig(220)) - ServiceID for StorageContainerManager is scmServiceId
2022-09-12 01:24:23,470 [Listener at 127.0.0.1/42815] INFO  ha.SCMHANodeDetails (SCMHANodeDetails.java:loadSCMHAConfig(307)) - Found matching SCM address with SCMServiceId: scmServiceId, SCMNodeId: scmNode-1, RPC Address: localhost:39073 and Ratis port: 39073
2022-09-12 01:24:23,470 [Listener at 127.0.0.1/42815] INFO  ha.SCMHANodeDetails (ConfUtils.java:setNodeSpecificConfigs(97)) - Setting configuration key ozone.scm.datanode.address with value of key ozone.scm.datanode.address.scmServiceId.scmNode-1: 127.0.0.1:46755
2022-09-12 01:24:23,471 [Listener at 127.0.0.1/42815] INFO  ha.SCMHANodeDetails (ConfUtils.java:setNodeSpecificConfigs(97)) - Setting configuration key ozone.scm.block.client.address with value of key ozone.scm.block.client.address.scmServiceId.scmNode-1: 127.0.0.1:38039
2022-09-12 01:24:23,471 [Listener at 127.0.0.1/42815] INFO  ha.SCMHANodeDetails (ConfUtils.java:setNodeSpecificConfigs(97)) - Setting configuration key ozone.scm.client.address with value of key ozone.scm.client.address.scmServiceId.scmNode-1: 127.0.0.1:39853
2022-09-12 01:24:23,471 [Listener at 127.0.0.1/42815] INFO  ha.SCMHANodeDetails (ConfUtils.java:setNodeSpecificConfigs(97)) - Setting configuration key ozone.scm.ratis.port with value of key ozone.scm.ratis.port.scmServiceId.scmNode-1: 39073
2022-09-12 01:24:23,471 [Listener at 127.0.0.1/42815] INFO  ha.SCMHANodeDetails (ConfUtils.java:setNodeSpecificConfigs(97)) - Setting configuration key ozone.scm.grpc.port with value of key ozone.scm.grpc.port.scmServiceId.scmNode-1: 45323
2022-09-12 01:24:23,471 [Listener at 127.0.0.1/42815] INFO  ha.SCMHANodeDetails (ConfUtils.java:setNodeSpecificConfigs(97)) - Setting configuration key ozone.scm.http-address with value of key ozone.scm.http-address.scmServiceId.scmNode-1: 127.0.0.1:38077
2022-09-12 01:24:23,471 [Listener at 127.0.0.1/42815] INFO  ha.SCMHANodeDetails (ConfUtils.java:setNodeSpecificConfigs(97)) - Setting configuration key ozone.scm.https-address with value of key ozone.scm.https-address.scmServiceId.scmNode-1: 127.0.0.1:33147
2022-09-12 01:24:23,471 [Listener at 127.0.0.1/42815] INFO  ha.SCMHANodeDetails (ConfUtils.java:setNodeSpecificConfigs(97)) - Setting configuration key ozone.scm.address with value of key ozone.scm.address.scmServiceId.scmNode-1: 127.0.0.1
2022-09-12 01:24:23,471 [Listener at 127.0.0.1/42815] WARN  scm.ScmUtils (ScmUtils.java:logWarn(179)) - ConfigKey ozone.scm.block.client.address is deprecated, For configuring different ports for each SCM use PortConfigKey ozone.scm.block.client.port appended with serviceId and nodeId. If want to configure same port configure ozone.scm.block.client.port
2022-09-12 01:24:23,471 [Listener at 127.0.0.1/42815] WARN  scm.ScmUtils (ScmUtils.java:logWarn(179)) - ConfigKey ozone.scm.client.address is deprecated, For configuring different ports for each SCM use PortConfigKey ozone.scm.client.port appended with serviceId and nodeId. If want to configure same port configure ozone.scm.client.port
2022-09-12 01:24:23,471 [Listener at 127.0.0.1/42815] WARN  scm.ScmUtils (ScmUtils.java:logWarn(179)) - ConfigKey ozone.scm.datanode.address is deprecated, For configuring different ports for each SCM use PortConfigKey ozone.scm.datanode.port appended with serviceId and nodeId. If want to configure same port configure ozone.scm.datanode.port
2022-09-12 01:24:23,472 [Listener at 127.0.0.1/42815] WARN  utils.HAUtils (HAUtils.java:getMetaDir(342)) - ozone.scm.db.dirs is not configured. We recommend adding this setting. Falling back to ozone.metadata.dirs instead.
2022-09-12 01:24:23,472 [Listener at 127.0.0.1/42815] WARN  db.DBStoreBuilder (DBStoreBuilder.java:applyDBDefinition(144)) - ozone.scm.db.dirs is not configured. We recommend adding this setting. Falling back to ozone.metadata.dirs instead.
2022-09-12 01:24:23,624 [Listener at 127.0.0.1/42815] INFO  net.NodeSchemaLoader (NodeSchemaLoader.java:loadSchemaFromFile(129)) - Loading schema from [jar:file:/home/runner/.m2/repository/org/apache/ozone/hdds-common/1.3.0-SNAPSHOT/hdds-common-1.3.0-SNAPSHOT.jar!/network-topology-default.xml]
2022-09-12 01:24:23,625 [Listener at 127.0.0.1/42815] INFO  net.NodeSchemaLoader (NodeSchemaLoader.java:loadSchema(176)) - Loading network topology layer schema file
2022-09-12 01:24:23,637 [Listener at 127.0.0.1/42815] WARN  impl.MetricRegistriesImpl (MetricRegistriesImpl.java:addReporterRegistration(111)) - New reporters are added after registries were created. Some metrics will be missing from the reporter. Please add reporter before adding any new registry.
2022-09-12 01:24:23,637 [Listener at 127.0.0.1/42815] WARN  impl.MetricRegistriesImpl (MetricRegistriesImpl.java:addReporterRegistration(111)) - New reporters are added after registries were created. Some metrics will be missing from the reporter. Please add reporter before adding any new registry.
2022-09-12 01:24:23,640 [Listener at 127.0.0.1/42815] INFO  ha.SCMRatisServerImpl (SCMRatisServerImpl.java:<init>(87)) - starting Raft server for scm:8e599114-682f-40f9-8544-01c79a4548da
2022-09-12 01:24:23,641 [Listener at 127.0.0.1/42815] INFO  server.RaftServer (ConfUtils.java:logGet(46)) - raft.rpc.type = GRPC (default)
2022-09-12 01:24:23,641 [Listener at 127.0.0.1/42815] INFO  grpc.GrpcFactory (GrpcFactory.java:checkPooledByteBufAllocatorUseCacheForAllThreads(48)) - PERFORMANCE WARNING: useCacheForAllThreads is true that may cause Netty to create a lot garbage objects and, as a result, trigger GC.
	It is recommended to disable useCacheForAllThreads by setting -Dorg.apache.ratis.thirdparty.io.netty.allocator.useCacheForAllThreads=false in command line.
2022-09-12 01:24:23,641 [Listener at 127.0.0.1/42815] INFO  grpc.GrpcConfigKeys (ConfUtils.java:logGet(46)) - raft.grpc.admin.port = -1 (default)
2022-09-12 01:24:23,641 [Listener at 127.0.0.1/42815] INFO  grpc.GrpcConfigKeys (ConfUtils.java:logGet(46)) - raft.grpc.server.port = 39073 (custom)
2022-09-12 01:24:23,642 [Listener at 127.0.0.1/42815] INFO  grpc.GrpcConfigKeys (ConfUtils.java:logGet(46)) - raft.grpc.client.port = -1 (default)
2022-09-12 01:24:23,642 [Listener at 127.0.0.1/42815] INFO  grpc.GrpcConfigKeys (ConfUtils.java:logGet(46)) - raft.grpc.server.port = 39073 (custom)
2022-09-12 01:24:23,642 [Listener at 127.0.0.1/42815] INFO  grpc.GrpcConfigKeys (ConfUtils.java:logGet(46)) - raft.grpc.server.port = 39073 (custom)
2022-09-12 01:24:23,642 [Listener at 127.0.0.1/42815] INFO  server.GrpcService (ConfUtils.java:logGet(46)) - raft.grpc.message.size.max = 32m (=33554432) (custom)
2022-09-12 01:24:23,642 [Listener at 127.0.0.1/42815] INFO  server.RaftServerConfigKeys (ConfUtils.java:logGet(46)) - raft.server.log.appender.buffer.byte-limit = 33554432 (custom)
2022-09-12 01:24:23,642 [Listener at 127.0.0.1/42815] INFO  server.GrpcService (ConfUtils.java:logGet(46)) - raft.grpc.flow.control.window = 1MB (=1048576) (default)
2022-09-12 01:24:23,643 [Listener at 127.0.0.1/42815] INFO  server.RaftServerConfigKeys (ConfUtils.java:logGet(46)) - raft.server.rpc.request.timeout = 30000ms (custom)
2022-09-12 01:24:23,643 [Listener at 127.0.0.1/42815] INFO  grpc.GrpcConfigKeys (ConfUtils.java:logGet(46)) - raft.grpc.server.async.request.thread.pool.cached = true (default)
2022-09-12 01:24:23,643 [Listener at 127.0.0.1/42815] INFO  grpc.GrpcConfigKeys (ConfUtils.java:logGet(46)) - raft.grpc.server.async.request.thread.pool.size = 32 (default)
2022-09-12 01:24:23,644 [Listener at 127.0.0.1/42815] INFO  impl.DataStreamServerImpl (ConfUtils.java:logGet(46)) - raft.datastream.type = DISABLED (default)
2022-09-12 01:24:23,645 [Listener at 127.0.0.1/42815] INFO  server.RaftServerConfigKeys (ConfUtils.java:logGet(46)) - raft.server.threadpool.proxy.cached = true (default)
2022-09-12 01:24:23,645 [Listener at 127.0.0.1/42815] INFO  server.RaftServerConfigKeys (ConfUtils.java:logGet(46)) - raft.server.threadpool.proxy.size = 0 (default)
2022-09-12 01:24:23,645 [Listener at 127.0.0.1/42815] INFO  server.RaftServerConfigKeys (ConfUtils.java:logGet(46)) - raft.server.rpc.slowness.timeout = 120000ms (custom)
2022-09-12 01:24:23,645 [Listener at 127.0.0.1/42815] INFO  server.RaftServerConfigKeys (ConfUtils.java:logGet(46)) - raft.server.leaderelection.leader.step-down.wait-time = 10s (default)
2022-09-12 01:24:23,645 [Listener at 127.0.0.1/42815] INFO  server.RaftServerConfigKeys (ConfUtils.java:logGet(46)) - raft.server.storage.dir = [/home/runner/work/ozone/ozone/hadoop-ozone/integration-test/target/test-dir/MiniOzoneClusterImpl-cb4dd006-d395-492a-b682-c2bfe535b5e8/scmNode-1/scm-ha] (custom)
2022-09-12 01:24:23,654 [8e599114-682f-40f9-8544-01c79a4548da-impl-thread1] INFO  server.RaftServer (RaftServerProxy.java:initGroupDir(247)) - 8e599114-682f-40f9-8544-01c79a4548da: found a subdirectory /home/runner/work/ozone/ozone/hadoop-ozone/integration-test/target/test-dir/MiniOzoneClusterImpl-cb4dd006-d395-492a-b682-c2bfe535b5e8/scmNode-1/scm-ha/cb4dd006-d395-492a-b682-c2bfe535b5e8
2022-09-12 01:24:23,668 [Listener at 127.0.0.1/42815] INFO  server.RaftServer (RaftServerProxy.java:addNew(96)) - 8e599114-682f-40f9-8544-01c79a4548da: addNew group-C2BFE535B5E8:[] returns group-C2BFE535B5E8:java.util.concurrent.CompletableFuture@6cd61804[Not completed]
2022-09-12 01:24:23,672 [pool-276-thread-1] INFO  server.RaftServer$Division (RaftServerImpl.java:<init>(190)) - 8e599114-682f-40f9-8544-01c79a4548da: new RaftServerImpl for group-C2BFE535B5E8:[] with SCMStateMachine:uninitialized
2022-09-12 01:24:23,672 [pool-276-thread-1] INFO  server.RaftServerConfigKeys (ConfUtils.java:logGet(46)) - raft.server.rpc.timeout.min = 5000ms (custom)
2022-09-12 01:24:23,672 [pool-276-thread-1] INFO  server.RaftServerConfigKeys (ConfUtils.java:logGet(46)) - raft.server.rpc.timeout.max = 5200ms (custom)
2022-09-12 01:24:23,672 [pool-276-thread-1] INFO  server.RaftServerConfigKeys (ConfUtils.java:logGet(46)) - raft.server.rpc.sleep.time = 25ms (default)
2022-09-12 01:24:23,672 [pool-276-thread-1] INFO  server.RaftServerConfigKeys (ConfUtils.java:logGet(46)) - raft.server.rpc.slowness.timeout = 120000ms (custom)
2022-09-12 01:24:23,673 [pool-276-thread-1] INFO  server.RaftServerConfigKeys (ConfUtils.java:logGet(46)) - raft.server.leaderelection.leader.step-down.wait-time = 10s (default)
2022-09-12 01:24:23,674 [pool-276-thread-1] INFO  server.RaftServerConfigKeys (ConfUtils.java:logGet(46)) - raft.server.sleep.deviation.threshold = 300ms (default)
2022-09-12 01:24:23,674 [pool-276-thread-1] INFO  server.RaftServer$Division (ServerState.java:<init>(107)) - 8e599114-682f-40f9-8544-01c79a4548da@group-C2BFE535B5E8: ConfigurationManager, init=-1: [], old=null, confs=<EMPTY_MAP>
2022-09-12 01:24:23,674 [pool-276-thread-1] INFO  server.RaftServerConfigKeys (ConfUtils.java:logGet(46)) - raft.server.storage.dir = [/home/runner/work/ozone/ozone/hadoop-ozone/integration-test/target/test-dir/MiniOzoneClusterImpl-cb4dd006-d395-492a-b682-c2bfe535b5e8/scmNode-1/scm-ha] (custom)
2022-09-12 01:24:23,674 [pool-276-thread-1] INFO  server.RaftServerConfigKeys (ConfUtils.java:logGet(46)) - raft.server.log.corruption.policy = EXCEPTION (default)
2022-09-12 01:24:23,674 [pool-276-thread-1] INFO  server.RaftServerConfigKeys (ConfUtils.java:logGet(46)) - raft.server.storage.free-space.min = 0MB (=0) (default)
2022-09-12 01:24:23,681 [pool-276-thread-1] INFO  storage.RaftStorageDirectory (RaftStorageDirectoryImpl.java:tryLock(230)) - Lock on /home/runner/work/ozone/ozone/hadoop-ozone/integration-test/target/test-dir/MiniOzoneClusterImpl-cb4dd006-d395-492a-b682-c2bfe535b5e8/scmNode-1/scm-ha/cb4dd006-d395-492a-b682-c2bfe535b5e8/in_use.lock acquired by nodename 51693@fv-az167-317
2022-09-12 01:24:23,681 [pool-276-thread-1] INFO  storage.RaftStorage (RaftStorageImpl.java:analyzeAndRecoverStorage(110)) - Read RaftStorageMetadata{term=1, votedFor=8e599114-682f-40f9-8544-01c79a4548da} from /home/runner/work/ozone/ozone/hadoop-ozone/integration-test/target/test-dir/MiniOzoneClusterImpl-cb4dd006-d395-492a-b682-c2bfe535b5e8/scmNode-1/scm-ha/cb4dd006-d395-492a-b682-c2bfe535b5e8/current/raft-meta
2022-09-12 01:24:23,681 [pool-276-thread-1] INFO  server.RaftServer$Division (ServerState.java:setRaftConf(393)) - 8e599114-682f-40f9-8544-01c79a4548da@group-C2BFE535B5E8: set configuration 0: [8e599114-682f-40f9-8544-01c79a4548da|rpc:localhost:39073|admin:|client:|dataStream:|priority:0], old=null
2022-09-12 01:24:23,681 [pool-276-thread-1] INFO  server.RaftServerConfigKeys (ConfUtils.java:logGet(46)) - raft.server.notification.no-leader.timeout = 60s (default)
2022-09-12 01:24:23,681 [pool-276-thread-1] INFO  server.RaftServerConfigKeys (ConfUtils.java:logGet(46)) - raft.server.log.use.memory = false (default)
2022-09-12 01:24:23,682 [pool-276-thread-1] INFO  server.RaftServerConfigKeys (ConfUtils.java:logGet(46)) - raft.server.log.purge.gap = 1000000 (custom)
2022-09-12 01:24:23,682 [pool-276-thread-1] INFO  server.RaftServerConfigKeys (ConfUtils.java:logGet(46)) - raft.server.log.appender.buffer.byte-limit = 33554432 (custom)
2022-09-12 01:24:23,682 [pool-276-thread-1] INFO  server.RaftServerConfigKeys (ConfUtils.java:logGet(46)) - raft.server.log.statemachine.data.read.timeout = 1000ms (default)
2022-09-12 01:24:23,682 [pool-276-thread-1] INFO  server.RaftServerConfigKeys (ConfUtils.java:logGet(46)) - raft.server.log.segment.size.max = 4194304 (custom)
2022-09-12 01:24:23,682 [pool-276-thread-1] INFO  server.RaftServerConfigKeys (ConfUtils.java:logGet(46)) - raft.server.log.segment.cache.num.max = 2 (custom)
2022-09-12 01:24:23,682 [pool-276-thread-1] INFO  server.RaftServerConfigKeys (ConfUtils.java:logGet(46)) - raft.server.log.segment.cache.size.max = 200MB (=209715200) (default)
2022-09-12 01:24:23,682 [pool-276-thread-1] INFO  segmented.SegmentedRaftLogWorker (SegmentedRaftLogWorker.java:<init>(187)) - new 8e599114-682f-40f9-8544-01c79a4548da@group-C2BFE535B5E8-SegmentedRaftLogWorker for RaftStorageImpl:Storage Directory /home/runner/work/ozone/ozone/hadoop-ozone/integration-test/target/test-dir/MiniOzoneClusterImpl-cb4dd006-d395-492a-b682-c2bfe535b5e8/scmNode-1/scm-ha/cb4dd006-d395-492a-b682-c2bfe535b5e8
2022-09-12 01:24:23,682 [pool-276-thread-1] INFO  server.RaftServerConfigKeys (ConfUtils.java:logGet(46)) - raft.server.log.queue.byte-limit = 64MB (=67108864) (default)
2022-09-12 01:24:23,682 [pool-276-thread-1] INFO  server.RaftServerConfigKeys (ConfUtils.java:logGet(46)) - raft.server.log.queue.element-limit = 4096 (default)
2022-09-12 01:24:23,682 [pool-276-thread-1] INFO  server.RaftServerConfigKeys (ConfUtils.java:logGet(46)) - raft.server.log.segment.size.max = 4194304 (custom)
2022-09-12 01:24:23,682 [pool-276-thread-1] INFO  server.RaftServerConfigKeys (ConfUtils.java:logGet(46)) - raft.server.log.preallocated.size = 4194304 (custom)
2022-09-12 01:24:23,682 [pool-276-thread-1] INFO  server.RaftServerConfigKeys (ConfUtils.java:logGet(46)) - raft.server.log.force.sync.num = 128 (default)
2022-09-12 01:24:23,682 [pool-276-thread-1] INFO  server.RaftServerConfigKeys (ConfUtils.java:logGet(46)) - raft.server.log.statemachine.data.sync = true (default)
2022-09-12 01:24:23,683 [pool-276-thread-1] INFO  server.RaftServerConfigKeys (ConfUtils.java:logGet(46)) - raft.server.log.statemachine.data.sync.timeout = 10s (default)
2022-09-12 01:24:23,683 [pool-276-thread-1] INFO  server.RaftServerConfigKeys (ConfUtils.java:logGet(46)) - raft.server.log.statemachine.data.sync.timeout.retry = -1 (default)
2022-09-12 01:24:23,683 [pool-276-thread-1] INFO  server.RaftServerConfigKeys (ConfUtils.java:logGet(46)) - raft.server.log.write.buffer.size = 64KB (=65536) (default)
2022-09-12 01:24:23,683 [pool-276-thread-1] INFO  server.RaftServerConfigKeys (ConfUtils.java:logGet(46)) - raft.server.log.unsafe-flush.enabled = false (default)
2022-09-12 01:24:23,683 [pool-276-thread-1] INFO  server.RaftServerConfigKeys (ConfUtils.java:logGet(46)) - raft.server.log.statemachine.data.caching.enabled = false (default)
2022-09-12 01:24:23,684 [pool-276-thread-1] INFO  server.RaftServer$Division (ServerState.java:setRaftConf(393)) - 8e599114-682f-40f9-8544-01c79a4548da@group-C2BFE535B5E8: set configuration 0: [8e599114-682f-40f9-8544-01c79a4548da|rpc:localhost:39073|admin:|client:|dataStream:|priority:0], old=null
2022-09-12 01:24:23,684 [pool-276-thread-1] INFO  segmented.LogSegment (LogSegment.java:loadSegment(173)) - Successfully read 1 entries from segment file /home/runner/work/ozone/ozone/hadoop-ozone/integration-test/target/test-dir/MiniOzoneClusterImpl-cb4dd006-d395-492a-b682-c2bfe535b5e8/scmNode-1/scm-ha/cb4dd006-d395-492a-b682-c2bfe535b5e8/current/log_inprogress_0
2022-09-12 01:24:23,684 [pool-276-thread-1] INFO  segmented.SegmentedRaftLogWorker (SegmentedRaftLogWorker.java:lambda$new$0(135)) - 8e599114-682f-40f9-8544-01c79a4548da@group-C2BFE535B5E8-SegmentedRaftLogWorker: flushIndex: setUnconditionally 0 -> 0
2022-09-12 01:24:23,684 [pool-276-thread-1] INFO  segmented.SegmentedRaftLogWorker (SegmentedRaftLogWorker.java:lambda$new$0(135)) - 8e599114-682f-40f9-8544-01c79a4548da@group-C2BFE535B5E8-SegmentedRaftLogWorker: safeCacheEvictIndex: setUnconditionally 0 -> -1
2022-09-12 01:24:23,692 [pool-276-thread-1] INFO  server.RaftServerConfigKeys (ConfUtils.java:logGet(46)) - raft.server.snapshot.auto.trigger.enabled = true (custom)
2022-09-12 01:24:23,692 [pool-276-thread-1] INFO  server.RaftServerConfigKeys (ConfUtils.java:logGet(46)) - raft.server.snapshot.auto.trigger.threshold = 1000 (custom)
2022-09-12 01:24:23,692 [pool-276-thread-1] INFO  server.RaftServerConfigKeys (ConfUtils.java:logGet(46)) - raft.server.snapshot.retention.file.num = -1 (default)
2022-09-12 01:24:23,692 [pool-276-thread-1] INFO  server.RaftServerConfigKeys (ConfUtils.java:logGet(46)) - raft.server.log.purge.upto.snapshot.index = false (default)
2022-09-12 01:24:23,692 [pool-276-thread-1] INFO  server.RaftServerConfigKeys (ConfUtils.java:logGet(46)) - raft.server.retrycache.expirytime = 60000ms (default)
2022-09-12 01:24:23,693 [pool-276-thread-1] INFO  server.RaftServerConfigKeys (ConfUtils.java:logGet(46)) - raft.server.retrycache.statistics.expirytime = 100μs (default)
2022-09-12 01:24:23,693 [pool-276-thread-1] INFO  server.RaftServerConfigKeys (ConfUtils.java:logGet(46)) - raft.server.log.appender.install.snapshot.enabled = false (custom)
2022-09-12 01:24:23,693 [pool-276-thread-1] INFO  server.RaftServerConfigKeys (ConfUtils.java:logGet(46)) - raft.server.threadpool.server.cached = true (default)
2022-09-12 01:24:23,693 [pool-276-thread-1] INFO  server.RaftServerConfigKeys (ConfUtils.java:logGet(46)) - raft.server.threadpool.server.size = 0 (default)
2022-09-12 01:24:23,694 [pool-276-thread-1] INFO  server.RaftServerConfigKeys (ConfUtils.java:logGet(46)) - raft.server.threadpool.client.cached = true (default)
2022-09-12 01:24:23,694 [pool-276-thread-1] INFO  server.RaftServerConfigKeys (ConfUtils.java:logGet(46)) - raft.server.threadpool.client.size = 0 (default)
2022-09-12 01:24:23,694 [Listener at 127.0.0.1/42815] INFO  ha.SCMSnapshotProvider (SCMSnapshotProvider.java:<init>(66)) - Initializing SCM Snapshot Provider
2022-09-12 01:24:23,694 [Listener at 127.0.0.1/42815] WARN  server.ServerUtils (ServerUtils.java:getDefaultRatisDirectory(237)) - Storage directory for Ratis is not configured. It is a good idea to map this to an SSD disk. Falling back to ozone.metadata.dirs
2022-09-12 01:24:23,694 [Listener at 127.0.0.1/42815] WARN  ha.SCMHAUtils (SCMHAUtils.java:getSCMRatisSnapshotDirectory(153)) - SCM snapshot dir is not configured. Falling back to ozone.metadata.dirs config
2022-09-12 01:24:23,695 [Listener at 127.0.0.1/42815] INFO  upgrade.AbstractLayoutVersionManager (AbstractLayoutVersionManager.java:init(83)) - Initializing Layout version manager with metadata layout = DATANODE_SCHEMA_V3 (version = 4), software layout = DATANODE_SCHEMA_V3 (version = 4)
2022-09-12 01:24:23,714 [EndpointStateMachine task thread for /127.0.0.1:40693 - 0 ] INFO  ipc.Client (Client.java:handleConnectionFailure(977)) - Retrying connect to server: localhost/127.0.0.1:40693. Already tried 13 time(s); retry policy is RetryUpToMaximumCountWithFixedSleep(maxRetries=15, sleepTime=1000 MILLISECONDS)
2022-09-12 01:24:23,772 [Listener at 127.0.0.1/42815] INFO  reflections.Reflections (Reflections.java:scan(232)) - Reflections took 76 ms to scan 7 urls, producing 135 keys and 327 values 
2022-09-12 01:24:23,775 [Listener at 127.0.0.1/42815] INFO  ha.SequenceIdGenerator (SequenceIdGenerator.java:upgradeToSequenceId(349)) - upgrade localId to 109611004723200000
2022-09-12 01:24:23,775 [Listener at 127.0.0.1/42815] INFO  ha.SequenceIdGenerator (SequenceIdGenerator.java:upgradeToSequenceId(359)) - upgrade delTxnId to 0
2022-09-12 01:24:23,775 [Listener at 127.0.0.1/42815] INFO  ha.SequenceIdGenerator (SequenceIdGenerator.java:upgradeToSequenceId(376)) - upgrade containerId to 0
2022-09-12 01:24:23,775 [Listener at 127.0.0.1/42815] INFO  ha.SequenceIdGenerator (SequenceIdGenerator.java:<init>(220)) - Init the HA SequenceIdGenerator.
2022-09-12 01:24:23,776 [Listener at 127.0.0.1/42815] INFO  node.SCMNodeManager (SCMNodeManager.java:<init>(149)) - Entering startup safe mode.
2022-09-12 01:24:23,776 [Listener at 127.0.0.1/42815] INFO  algorithms.ContainerPlacementPolicyFactory (ContainerPlacementPolicyFactory.java:getPolicyInternal(86)) - Create container placement policy of type org.apache.hadoop.hdds.scm.container.placement.algorithms.SCMContainerPlacementRandom
2022-09-12 01:24:23,776 [Listener at 127.0.0.1/42815] INFO  algorithms.ContainerPlacementPolicyFactory (ContainerPlacementPolicyFactory.java:getPolicyInternal(86)) - Create container placement policy of type org.apache.hadoop.hdds.scm.container.placement.algorithms.SCMContainerPlacementRackScatter
2022-09-12 01:24:23,776 [Listener at 127.0.0.1/42815] INFO  pipeline.PipelineStateManagerImpl (PipelineStateManagerImpl.java:initialize(78)) - No pipeline exists in current db
2022-09-12 01:24:23,777 [Listener at 127.0.0.1/42815] INFO  algorithms.LeaderChoosePolicyFactory (LeaderChoosePolicyFactory.java:getPolicy(57)) - Create leader choose policy of type org.apache.hadoop.hdds.scm.pipeline.leader.choose.algorithms.MinLeaderCountChoosePolicy
2022-09-12 01:24:23,777 [Listener at 127.0.0.1/42815] INFO  algorithms.ContainerPlacementPolicyFactory (ContainerPlacementPolicyFactory.java:getPolicyInternal(86)) - Create container placement policy of type org.apache.hadoop.hdds.scm.container.placement.algorithms.SCMContainerPlacementRackScatter
2022-09-12 01:24:23,778 [Listener at 127.0.0.1/42815] INFO  ha.SCMServiceManager (SCMServiceManager.java:register(42)) - Registering service BackgroundPipelineCreator.
2022-09-12 01:24:23,778 [Listener at 127.0.0.1/42815] INFO  pipeline.BackgroundPipelineCreator (BackgroundPipelineCreator.java:start(124)) - Starting RatisPipelineUtilsThread.
2022-09-12 01:24:23,778 [Listener at 127.0.0.1/42815] INFO  BackgroundPipelineScrubber (BackgroundSCMService.java:start(68)) - Starting BackgroundPipelineScrubber Service.
2022-09-12 01:24:23,784 [Listener at 127.0.0.1/42815] INFO  ha.SCMServiceManager (SCMServiceManager.java:register(42)) - Registering service BackgroundPipelineScrubber.
2022-09-12 01:24:23,784 [Listener at 127.0.0.1/42815] INFO  ExpiredContainerReplicaOpScrubber (BackgroundSCMService.java:start(68)) - Starting ExpiredContainerReplicaOpScrubber Service.
2022-09-12 01:24:23,785 [Listener at 127.0.0.1/42815] INFO  ha.SCMServiceManager (SCMServiceManager.java:register(42)) - Registering service ExpiredContainerReplicaOpScrubber.
2022-09-12 01:24:23,785 [Listener at 127.0.0.1/42815] INFO  algorithms.PipelineChoosePolicyFactory (PipelineChoosePolicyFactory.java:createPipelineChoosePolicyFromClass(73)) - Create pipeline choose policy of type org.apache.hadoop.hdds.scm.pipeline.choose.algorithms.RandomPipelineChoosePolicy
2022-09-12 01:24:23,786 [Listener at 127.0.0.1/42815] INFO  ha.SCMServiceManager (SCMServiceManager.java:register(42)) - Registering service SCMBlockDeletingService.
2022-09-12 01:24:23,786 [Listener at 127.0.0.1/42815] INFO  replication.ReplicationManager (ReplicationManager.java:start(218)) - Starting Replication Monitor Thread.
2022-09-12 01:24:23,808 [Listener at 127.0.0.1/42815] INFO  ha.SCMServiceManager (SCMServiceManager.java:register(42)) - Registering service ReplicationManager.
2022-09-12 01:24:23,808 [Listener at 127.0.0.1/42815] INFO  safemode.ContainerSafeModeRule (ContainerSafeModeRule.java:<init>(89)) - containers with one replica threshold count 0
2022-09-12 01:24:23,809 [Listener at 127.0.0.1/42815] INFO  safemode.HealthyPipelineSafeModeRule (HealthyPipelineSafeModeRule.java:initializeRule(169)) - Total pipeline count is 0, healthy pipeline threshold count is 1
2022-09-12 01:24:23,809 [Listener at 127.0.0.1/42815] INFO  safemode.OneReplicaPipelineSafeModeRule (OneReplicaPipelineSafeModeRule.java:initializeRule(180)) - Total pipeline count is 0, pipeline's with at least one datanode reported threshold count is 0
2022-09-12 01:24:23,816 [Listener at 127.0.0.1/42815] INFO  ipc.CallQueueManager (CallQueueManager.java:<init>(90)) - Using callQueue: class java.util.concurrent.LinkedBlockingQueue, queueCapacity: 10000, scheduler: class org.apache.hadoop.ipc.DefaultRpcScheduler, ipcBackoff: false.
2022-09-12 01:24:23,817 [Socket Reader #1 for port 46755] INFO  ipc.Server (Server.java:run(1265)) - Starting Socket Reader #1 for port 46755
2022-09-12 01:24:23,821 [Listener at 0.0.0.0/46755] INFO  ipc.CallQueueManager (CallQueueManager.java:<init>(90)) - Using callQueue: class java.util.concurrent.LinkedBlockingQueue, queueCapacity: 10000, scheduler: class org.apache.hadoop.ipc.DefaultRpcScheduler, ipcBackoff: false.
2022-09-12 01:24:23,821 [Socket Reader #1 for port 38039] INFO  ipc.Server (Server.java:run(1265)) - Starting Socket Reader #1 for port 38039
2022-09-12 01:24:23,822 [Listener at 0.0.0.0/38039] INFO  ipc.CallQueueManager (CallQueueManager.java:<init>(90)) - Using callQueue: class java.util.concurrent.LinkedBlockingQueue, queueCapacity: 10000, scheduler: class org.apache.hadoop.ipc.DefaultRpcScheduler, ipcBackoff: false.
2022-09-12 01:24:23,822 [Socket Reader #1 for port 39853] INFO  ipc.Server (Server.java:run(1265)) - Starting Socket Reader #1 for port 39853
2022-09-12 01:24:23,833 [ReplicationMonitor] INFO  replication.ReplicationManager (ReplicationManager.java:processAll(286)) - Replication Manager is not ready to run until 300000ms after safemode exit
2022-09-12 01:24:23,844 [Listener at 0.0.0.0/39853] INFO  ha.SCMServiceManager (SCMServiceManager.java:register(42)) - Registering service ContainerBalancer.
2022-09-12 01:24:23,844 [Listener at 0.0.0.0/39853] INFO  server.StorageContainerManager (StorageContainerManager.java:<init>(410)) - 
Container Balancer status:
Key                            Value
Running                        false
Container Balancer Configuration values:
Key                                                Value
Threshold                                          10
Max Datanodes to Involve per Iteration(percent)    20
Max Size to Move per Iteration                     500GB
Max Size Entering Target per Iteration             26GB
Max Size Leaving Source per Iteration              26GB

2022-09-12 01:24:23,845 [Listener at 0.0.0.0/39853] WARN  events.EventQueue (EventQueue.java:fireEvent(216)) - No event handler registered for event TypedEvent{payloadType=SafeModeStatus, name='Safe mode status'}
2022-09-12 01:24:23,845 [Listener at 0.0.0.0/39853] INFO  ha.SCMContext (SCMContext.java:updateSafeModeStatus(228)) - Update SafeModeStatus from SafeModeStatus{safeModeStatus=true, preCheckPassed=false} to SafeModeStatus{safeModeStatus=true, preCheckPassed=false}.
2022-09-12 01:24:23,845 [Listener at 0.0.0.0/39853] INFO  server.StorageContainerManager (StorageContainerManager.java:start(1436)) - StorageContainerLocationProtocol RPC server is listening at /0.0.0.0:39853
2022-09-12 01:24:23,845 [Listener at 0.0.0.0/39853] INFO  ha.SCMRatisServerImpl (SCMRatisServerImpl.java:start(178)) - starting ratis server 0.0.0.0:39073
2022-09-12 01:24:23,845 [8e599114-682f-40f9-8544-01c79a4548da-impl-thread1] INFO  server.RaftServer$Division (RaftServerImpl.java:start(310)) - 8e599114-682f-40f9-8544-01c79a4548da@group-C2BFE535B5E8: start as a follower, conf=0: [8e599114-682f-40f9-8544-01c79a4548da|rpc:localhost:39073|admin:|client:|dataStream:|priority:0], old=null
2022-09-12 01:24:23,846 [8e599114-682f-40f9-8544-01c79a4548da-impl-thread1] INFO  server.RaftServer$Division (RaftServerImpl.java:setRole(299)) - 8e599114-682f-40f9-8544-01c79a4548da@group-C2BFE535B5E8: changes role from      null to FOLLOWER at term 1 for startAsFollower
2022-09-12 01:24:23,846 [8e599114-682f-40f9-8544-01c79a4548da-impl-thread1] INFO  impl.RoleInfo (RoleInfo.java:updateAndGet(139)) - 8e599114-682f-40f9-8544-01c79a4548da: start 8e599114-682f-40f9-8544-01c79a4548da@group-C2BFE535B5E8-FollowerState
2022-09-12 01:24:23,846 [8e599114-682f-40f9-8544-01c79a4548da-impl-thread1] INFO  util.JmxRegister (JmxRegister.java:tryRegister(44)) - Successfully registered JMX Bean with object name Ratis:service=RaftServer,group=group-C2BFE535B5E8,id=8e599114-682f-40f9-8544-01c79a4548da
2022-09-12 01:24:23,848 [Listener at 0.0.0.0/39853] INFO  server.RaftServer (RaftServerProxy.java:lambda$start$6(382)) - 8e599114-682f-40f9-8544-01c79a4548da: start RPC server
2022-09-12 01:24:23,865 [Listener at 0.0.0.0/39853] INFO  server.GrpcService (GrpcService.java:startImpl(260)) - 8e599114-682f-40f9-8544-01c79a4548da: GrpcService started, listening on 39073
2022-09-12 01:24:23,865 [Listener at 0.0.0.0/39853] INFO  ha.SCMHAManagerImpl (SCMHAManagerImpl.java:start(121)) -  scm role is FOLLOWER peers [8e599114-682f-40f9-8544-01c79a4548da|rpc:localhost:39073|admin:|client:|dataStream:|priority:0]
2022-09-12 01:24:23,865 [Listener at 0.0.0.0/39853] INFO  ha.InterSCMGrpcService (InterSCMGrpcProtocolService.java:start(94)) - Starting SCM Grpc Service at port 45323
2022-09-12 01:24:23,871 [Listener at 0.0.0.0/39853] WARN  impl.MetricsConfig (MetricsConfig.java:loadFirst(136)) - Cannot locate configuration: tried hadoop-metrics2-storagecontainermanager.properties,hadoop-metrics2.properties
2022-09-12 01:24:23,872 [Listener at 0.0.0.0/39853] INFO  impl.MetricsSystemImpl (MetricsSystemImpl.java:startTimer(378)) - Scheduled Metric snapshot period at 10 second(s).
2022-09-12 01:24:23,872 [Listener at 0.0.0.0/39853] INFO  impl.MetricsSystemImpl (MetricsSystemImpl.java:start(191)) - StorageContainerManager metrics system started
2022-09-12 01:24:23,884 [org.apache.ratis.util.JvmPauseMonitor$$Lambda$605/1445225850@3149e0db] INFO  util.JvmPauseMonitor (JvmPauseMonitor.java:run(103)) - JvmPauseMonitor-8e599114-682f-40f9-8544-01c79a4548da: Started
2022-09-12 01:24:23,889 [Listener at 0.0.0.0/39853] INFO  impl.MetricsSinkAdapter (MetricsSinkAdapter.java:start(204)) - Sink prometheus started
2022-09-12 01:24:23,892 [Listener at 0.0.0.0/39853] INFO  impl.MetricsSystemImpl (MetricsSystemImpl.java:registerSink(305)) - Registered sink prometheus
2022-09-12 01:24:23,937 [Listener at 0.0.0.0/39853] INFO  server.SCMClientProtocolServer (SCMClientProtocolServer.java:start(170)) - RPC server for Client  is listening at /0.0.0.0:39853
2022-09-12 01:24:23,944 [IPC Server Responder] INFO  ipc.Server (Server.java:run(1507)) - IPC Server Responder: starting
2022-09-12 01:24:23,952 [IPC Server listener on 39853] INFO  ipc.Server (Server.java:run(1344)) - IPC Server listener on 39853: starting
2022-09-12 01:24:24,193 [Listener at 0.0.0.0/39853] INFO  server.StorageContainerManager (StorageContainerManager.java:start(1451)) - ScmBlockLocationProtocol RPC server is listening at /0.0.0.0:38039
2022-09-12 01:24:24,193 [Listener at 0.0.0.0/39853] INFO  server.SCMBlockProtocolServer (SCMBlockProtocolServer.java:start(152)) - RPC server for Block Protocol is listening at /0.0.0.0:38039
2022-09-12 01:24:24,194 [IPC Server Responder] INFO  ipc.Server (Server.java:run(1507)) - IPC Server Responder: starting
2022-09-12 01:24:24,194 [IPC Server listener on 38039] INFO  ipc.Server (Server.java:run(1344)) - IPC Server listener on 38039: starting
2022-09-12 01:24:24,433 [Listener at 0.0.0.0/39853] INFO  http.BaseHttpServer (BaseHttpServer.java:newHttpServer2BuilderForOzone(213)) - Starting Web-server for scm at: http://0.0.0.0:38077
2022-09-12 01:24:24,433 [Listener at 0.0.0.0/39853] INFO  http.BaseHttpServer (BaseHttpServer.java:<init>(108)) - Hadoop Security Enabled: false Ozone Security Enabled: false Ozone HTTP Security Enabled: false 
2022-09-12 01:24:24,435 [Listener at 0.0.0.0/39853] INFO  server.AuthenticationFilter (AuthenticationFilter.java:constructSecretProvider(240)) - Unable to initialize FileSignerSecretProvider, falling back to use random secrets.
2022-09-12 01:24:24,444 [Listener at 0.0.0.0/39853] WARN  http.HttpRequestLog (HttpRequestLog.java:getRequestLog(103)) - Jetty request log can only be enabled using Log4j
2022-09-12 01:24:24,446 [Listener at 0.0.0.0/39853] INFO  http.HttpServer2 (HttpServer2.java:addGlobalFilter(1029)) - Added global filter 'safety' (class=org.apache.hadoop.hdds.server.http.HttpServer2$QuotingInputFilter)
2022-09-12 01:24:24,446 [Listener at 0.0.0.0/39853] INFO  http.HttpServer2 (HttpServer2.java:addFilter(1005)) - Added filter static_user_filter (class=org.apache.hadoop.http.lib.StaticUserWebFilter$StaticUserFilter) to context scm
2022-09-12 01:24:24,447 [Listener at 0.0.0.0/39853] INFO  http.HttpServer2 (HttpServer2.java:addFilter(1013)) - Added filter static_user_filter (class=org.apache.hadoop.http.lib.StaticUserWebFilter$StaticUserFilter) to context logs
2022-09-12 01:24:24,447 [Listener at 0.0.0.0/39853] INFO  http.HttpServer2 (HttpServer2.java:addFilter(1013)) - Added filter static_user_filter (class=org.apache.hadoop.http.lib.StaticUserWebFilter$StaticUserFilter) to context static
2022-09-12 01:24:24,447 [Listener at 0.0.0.0/39853] INFO  http.HttpServer2 (HttpServer2.java:bindListener(1248)) - Jetty bound to port 38077
2022-09-12 01:24:24,447 [Listener at 0.0.0.0/39853] INFO  server.Server (Server.java:doStart(375)) - jetty-9.4.43.v20210629; built: 2021-06-30T11:07:22.254Z; git: 526006ecfa3af7f1a27ef3a288e2bef7ea9dd7e8; jvm 1.8.0_345-b01
2022-09-12 01:24:24,448 [org.apache.hadoop.util.JvmPauseMonitor$Monitor@1d0bca2f] INFO  util.JvmPauseMonitor (JvmPauseMonitor.java:run(188)) - Starting JVM pause monitor
2022-09-12 01:24:24,472 [Listener at 0.0.0.0/39853] INFO  server.session (DefaultSessionIdManager.java:doStart(334)) - DefaultSessionIdManager workerName=node0
2022-09-12 01:24:24,473 [Listener at 0.0.0.0/39853] INFO  server.session (DefaultSessionIdManager.java:doStart(339)) - No SessionScavenger set, using defaults
2022-09-12 01:24:24,473 [Listener at 0.0.0.0/39853] INFO  server.session (HouseKeeper.java:startScavenging(132)) - node0 Scavenging every 600000ms
2022-09-12 01:24:24,473 [Listener at 0.0.0.0/39853] INFO  handler.ContextHandler (ContextHandler.java:doStart(915)) - Started o.e.j.s.ServletContextHandler@514acd17{logs,/logs,file:///home/runner/work/ozone/ozone/hadoop-ozone/integration-test/target/log,AVAILABLE}
2022-09-12 01:24:24,474 [Listener at 0.0.0.0/39853] INFO  handler.ContextHandler (ContextHandler.java:doStart(915)) - Started o.e.j.s.ServletContextHandler@dddf530{static,/static,file:///home/runner/work/ozone/ozone/hadoop-ozone/integration-test/target/test-classes/webapps/static,AVAILABLE}
2022-09-12 01:24:24,482 [Listener at 0.0.0.0/39853] INFO  handler.ContextHandler (ContextHandler.java:doStart(915)) - Started o.e.j.w.WebAppContext@45a63a4f{scm,/,file:///home/runner/work/ozone/ozone/hadoop-ozone/integration-test/target/test-classes/webapps/scm/,AVAILABLE}{file:/home/runner/work/ozone/ozone/hadoop-ozone/integration-test/target/test-classes/webapps/scm}
2022-09-12 01:24:24,492 [Listener at 0.0.0.0/39853] INFO  server.AbstractConnector (AbstractConnector.java:doStart(331)) - Started ServerConnector@79202f8f{HTTP/1.1, (http/1.1)}{0.0.0.0:38077}
2022-09-12 01:24:24,493 [Listener at 0.0.0.0/39853] INFO  server.Server (Server.java:doStart(415)) - Started @85202ms
2022-09-12 01:24:24,493 [Listener at 0.0.0.0/39853] WARN  impl.MetricsSystemImpl (MetricsSystemImpl.java:register(279)) - Sink prometheus already exists!
2022-09-12 01:24:24,493 [Listener at 0.0.0.0/39853] INFO  http.BaseHttpServer (BaseHttpServer.java:updateConnectorAddress(333)) - HTTP server of scm listening at http://0.0.0.0:38077
2022-09-12 01:24:24,493 [Listener at 0.0.0.0/39853] INFO  ozone.MiniOzoneHAClusterImpl (MiniOzoneHAClusterImpl.java:createSCMService(606)) - Started SCM RPC server at /0.0.0.0:39853
2022-09-12 01:24:24,494 [Listener at 0.0.0.0/39853] INFO  ha.OMHANodeDetails (OMHANodeDetails.java:loadOMHAConfig(121)) - ServiceID for OzoneManager is om-add-remove
2022-09-12 01:24:24,494 [Listener at 0.0.0.0/39853] INFO  ha.OMHANodeDetails (OMHANodeDetails.java:loadOMHAConfig(201)) - Found matching OM address with OMServiceId: om-add-remove, OMNodeId: omNode-1, RPC Address: localhost:35417 and Ratis port: 45363
2022-09-12 01:24:24,494 [Listener at 0.0.0.0/39853] INFO  ha.OMHANodeDetails (ConfUtils.java:setNodeSpecificConfigs(97)) - Setting configuration key ozone.om.http-address with value of key ozone.om.http-address.om-add-remove.omNode-1: 127.0.0.1:33889
2022-09-12 01:24:24,494 [Listener at 0.0.0.0/39853] INFO  ha.OMHANodeDetails (ConfUtils.java:setNodeSpecificConfigs(97)) - Setting configuration key ozone.om.https-address with value of key ozone.om.https-address.om-add-remove.omNode-1: 127.0.0.1:35093
2022-09-12 01:24:24,495 [Listener at 0.0.0.0/39853] INFO  ha.OMHANodeDetails (ConfUtils.java:setNodeSpecificConfigs(97)) - Setting configuration key ozone.om.address with value of key ozone.om.address.om-add-remove.omNode-1: 127.0.0.1:35417
2022-09-12 01:24:24,495 [Listener at 0.0.0.0/39853] WARN  server.ServerUtils (ServerUtils.java:getDBPath(225)) - ozone.om.db.dirs is not configured. We recommend adding this setting. Falling back to ozone.metadata.dirs instead.
2022-09-12 01:24:24,501 [Listener at 0.0.0.0/39853] INFO  ha.SCMNodeInfo (SCMNodeInfo.java:getPort(197)) - ConfigKey ozone.scm.client.address is deprecated, For configuring different ports for each SCM use PortConfigKey ozone.scm.client.port appended with serviceId and nodeId
2022-09-12 01:24:24,501 [Listener at 0.0.0.0/39853] INFO  ha.SCMNodeInfo (SCMNodeInfo.java:getPort(197)) - ConfigKey ozone.scm.block.client.address is deprecated, For configuring different ports for each SCM use PortConfigKey ozone.scm.block.client.port appended with serviceId and nodeId
2022-09-12 01:24:24,501 [Listener at 0.0.0.0/39853] INFO  ha.SCMNodeInfo (SCMNodeInfo.java:getPort(197)) - ConfigKey ozone.scm.datanode.address is deprecated, For configuring different ports for each SCM use PortConfigKey ozone.scm.datanode.port appended with serviceId and nodeId
2022-09-12 01:24:24,501 [Listener at 0.0.0.0/39853] INFO  proxy.SCMBlockLocationFailoverProxyProvider (SCMBlockLocationFailoverProxyProvider.java:<init>(114)) - Created block location fail-over proxy with 1 nodes: [nodeId=scmNode-1,nodeAddress=/127.0.0.1:38039]
2022-09-12 01:24:24,715 [EndpointStateMachine task thread for /127.0.0.1:40693 - 0 ] INFO  ipc.Client (Client.java:handleConnectionFailure(977)) - Retrying connect to server: localhost/127.0.0.1:40693. Already tried 14 time(s); retry policy is RetryUpToMaximumCountWithFixedSleep(maxRetries=15, sleepTime=1000 MILLISECONDS)
2022-09-12 01:24:25,716 [EndpointStateMachine task thread for /127.0.0.1:40693 - 0 ] INFO  ipc.Client (Client.java:handleConnectionFailure(977)) - Retrying connect to server: localhost/127.0.0.1:40693. Already tried 0 time(s); retry policy is RetryUpToMaximumCountWithFixedSleep(maxRetries=15, sleepTime=1000 MILLISECONDS)
2022-09-12 01:24:26,526 [Listener at 0.0.0.0/39853] INFO  retry.RetryInvocationHandler (RetryInvocationHandler.java:log(411)) - com.google.protobuf.ServiceException: org.apache.hadoop.ipc.RemoteException(org.apache.hadoop.hdds.ratis.ServerNotLeaderException): Server:8e599114-682f-40f9-8544-01c79a4548da is not the leader. Could not determine the leader node.
	at org.apache.hadoop.hdds.ratis.ServerNotLeaderException.convertToNotLeaderException(ServerNotLeaderException.java:109)
	at org.apache.hadoop.hdds.scm.ha.RatisUtil.checkRatisException(RatisUtil.java:246)
	at org.apache.hadoop.hdds.scm.protocol.ScmBlockLocationProtocolServerSideTranslatorPB.send(ScmBlockLocationProtocolServerSideTranslatorPB.java:109)
	at org.apache.hadoop.hdds.protocol.proto.ScmBlockLocationProtocolProtos$ScmBlockLocationProtocolService$2.callBlockingMethod(ScmBlockLocationProtocolProtos.java:14202)
	at org.apache.hadoop.ipc.ProtobufRpcEngine$Server.processCall(ProtobufRpcEngine.java:466)
	at org.apache.hadoop.ipc.ProtobufRpcEngine2$Server$ProtoBufRpcInvoker.call(ProtobufRpcEngine2.java:574)
	at org.apache.hadoop.ipc.ProtobufRpcEngine2$Server$ProtoBufRpcInvoker.call(ProtobufRpcEngine2.java:552)
	at org.apache.hadoop.ipc.RPC$Server.call(RPC.java:1093)
	at org.apache.hadoop.ipc.Server$RpcCall.run(Server.java:1035)
	at org.apache.hadoop.ipc.Server$RpcCall.run(Server.java:963)
	at java.security.AccessController.doPrivileged(Native Method)
	at javax.security.auth.Subject.doAs(Subject.java:422)
	at org.apache.hadoop.security.UserGroupInformation.doAs(UserGroupInformation.java:1878)
	at org.apache.hadoop.ipc.Server$Handler.run(Server.java:2966)
, while invoking $Proxy44.send over nodeId=scmNode-1,nodeAddress=/127.0.0.1:38039 after 1 failover attempts. Trying to failover after sleeping for 2000ms.
2022-09-12 01:24:26,716 [EndpointStateMachine task thread for /127.0.0.1:40693 - 0 ] INFO  ipc.Client (Client.java:handleConnectionFailure(977)) - Retrying connect to server: localhost/127.0.0.1:40693. Already tried 1 time(s); retry policy is RetryUpToMaximumCountWithFixedSleep(maxRetries=15, sleepTime=1000 MILLISECONDS)
2022-09-12 01:24:27,717 [EndpointStateMachine task thread for /127.0.0.1:40693 - 0 ] INFO  ipc.Client (Client.java:handleConnectionFailure(977)) - Retrying connect to server: localhost/127.0.0.1:40693. Already tried 2 time(s); retry policy is RetryUpToMaximumCountWithFixedSleep(maxRetries=15, sleepTime=1000 MILLISECONDS)
2022-09-12 01:24:28,533 [Listener at 0.0.0.0/39853] INFO  retry.RetryInvocationHandler (RetryInvocationHandler.java:log(411)) - com.google.protobuf.ServiceException: org.apache.hadoop.ipc.RemoteException(org.apache.hadoop.hdds.ratis.ServerNotLeaderException): Server:8e599114-682f-40f9-8544-01c79a4548da is not the leader. Could not determine the leader node.
	at org.apache.hadoop.hdds.ratis.ServerNotLeaderException.convertToNotLeaderException(ServerNotLeaderException.java:109)
	at org.apache.hadoop.hdds.scm.ha.RatisUtil.checkRatisException(RatisUtil.java:246)
	at org.apache.hadoop.hdds.scm.protocol.ScmBlockLocationProtocolServerSideTranslatorPB.send(ScmBlockLocationProtocolServerSideTranslatorPB.java:109)
	at org.apache.hadoop.hdds.protocol.proto.ScmBlockLocationProtocolProtos$ScmBlockLocationProtocolService$2.callBlockingMethod(ScmBlockLocationProtocolProtos.java:14202)
	at org.apache.hadoop.ipc.ProtobufRpcEngine$Server.processCall(ProtobufRpcEngine.java:466)
	at org.apache.hadoop.ipc.ProtobufRpcEngine2$Server$ProtoBufRpcInvoker.call(ProtobufRpcEngine2.java:574)
	at org.apache.hadoop.ipc.ProtobufRpcEngine2$Server$ProtoBufRpcInvoker.call(ProtobufRpcEngine2.java:552)
	at org.apache.hadoop.ipc.RPC$Server.call(RPC.java:1093)
	at org.apache.hadoop.ipc.Server$RpcCall.run(Server.java:1035)
	at org.apache.hadoop.ipc.Server$RpcCall.run(Server.java:963)
	at java.security.AccessController.doPrivileged(Native Method)
	at javax.security.auth.Subject.doAs(Subject.java:422)
	at org.apache.hadoop.security.UserGroupInformation.doAs(UserGroupInformation.java:1878)
	at org.apache.hadoop.ipc.Server$Handler.run(Server.java:2966)
, while invoking $Proxy44.send over nodeId=scmNode-1,nodeAddress=/127.0.0.1:38039 after 2 failover attempts. Trying to failover after sleeping for 2000ms.
2022-09-12 01:24:28,717 [EndpointStateMachine task thread for /127.0.0.1:40693 - 0 ] INFO  ipc.Client (Client.java:handleConnectionFailure(977)) - Retrying connect to server: localhost/127.0.0.1:40693. Already tried 3 time(s); retry policy is RetryUpToMaximumCountWithFixedSleep(maxRetries=15, sleepTime=1000 MILLISECONDS)
2022-09-12 01:24:29,036 [8e599114-682f-40f9-8544-01c79a4548da@group-C2BFE535B5E8-FollowerState] INFO  impl.FollowerState (FollowerState.java:run(143)) - 8e599114-682f-40f9-8544-01c79a4548da@group-C2BFE535B5E8-FollowerState: change to CANDIDATE, lastRpcElapsedTime:5190202520ns, electionTimeout:5189ms
2022-09-12 01:24:29,037 [8e599114-682f-40f9-8544-01c79a4548da@group-C2BFE535B5E8-FollowerState] INFO  impl.RoleInfo (RoleInfo.java:shutdownFollowerState(110)) - 8e599114-682f-40f9-8544-01c79a4548da: shutdown 8e599114-682f-40f9-8544-01c79a4548da@group-C2BFE535B5E8-FollowerState
2022-09-12 01:24:29,037 [8e599114-682f-40f9-8544-01c79a4548da@group-C2BFE535B5E8-FollowerState] INFO  server.RaftServer$Division (RaftServerImpl.java:setRole(299)) - 8e599114-682f-40f9-8544-01c79a4548da@group-C2BFE535B5E8: changes role from  FOLLOWER to CANDIDATE at term 1 for changeToCandidate
2022-09-12 01:24:29,037 [8e599114-682f-40f9-8544-01c79a4548da@group-C2BFE535B5E8-FollowerState] INFO  server.RaftServerConfigKeys (ConfUtils.java:logGet(46)) - raft.server.leaderelection.pre-vote = false (custom)
2022-09-12 01:24:29,037 [8e599114-682f-40f9-8544-01c79a4548da@group-C2BFE535B5E8-FollowerState] INFO  impl.RoleInfo (RoleInfo.java:updateAndGet(139)) - 8e599114-682f-40f9-8544-01c79a4548da: start 8e599114-682f-40f9-8544-01c79a4548da@group-C2BFE535B5E8-LeaderElection14
2022-09-12 01:24:29,051 [8e599114-682f-40f9-8544-01c79a4548da@group-C2BFE535B5E8-LeaderElection14] INFO  impl.LeaderElection (LeaderElection.java:askForVotes(310)) - 8e599114-682f-40f9-8544-01c79a4548da@group-C2BFE535B5E8-LeaderElection14 ELECTION round 0: submit vote requests at term 2 for 0: [8e599114-682f-40f9-8544-01c79a4548da|rpc:localhost:39073|admin:|client:|dataStream:|priority:0], old=null
2022-09-12 01:24:29,051 [8e599114-682f-40f9-8544-01c79a4548da@group-C2BFE535B5E8-LeaderElection14] INFO  impl.LeaderElection (LeaderElection.java:askForVotes(312)) - 8e599114-682f-40f9-8544-01c79a4548da@group-C2BFE535B5E8-LeaderElection14 ELECTION round 0: result PASSED (term=2)
2022-09-12 01:24:29,051 [8e599114-682f-40f9-8544-01c79a4548da@group-C2BFE535B5E8-LeaderElection14] INFO  impl.RoleInfo (RoleInfo.java:shutdownLeaderElection(130)) - 8e599114-682f-40f9-8544-01c79a4548da: shutdown 8e599114-682f-40f9-8544-01c79a4548da@group-C2BFE535B5E8-LeaderElection14
2022-09-12 01:24:29,051 [8e599114-682f-40f9-8544-01c79a4548da@group-C2BFE535B5E8-LeaderElection14] INFO  server.RaftServer$Division (RaftServerImpl.java:setRole(299)) - 8e599114-682f-40f9-8544-01c79a4548da@group-C2BFE535B5E8: changes role from CANDIDATE to LEADER at term 2 for changeToLeader
2022-09-12 01:24:29,051 [8e599114-682f-40f9-8544-01c79a4548da@group-C2BFE535B5E8-LeaderElection14] INFO  ha.SCMStateMachine (SCMStateMachine.java:notifyLeaderChanged(259)) - current SCM becomes leader of term 2.
2022-09-12 01:24:29,051 [8e599114-682f-40f9-8544-01c79a4548da@group-C2BFE535B5E8-LeaderElection14] INFO  ha.SCMContext (SCMContext.java:updateLeaderAndTerm(99)) - update <isLeader,term> from <false,0> to <true,2>
2022-09-12 01:24:29,052 [8e599114-682f-40f9-8544-01c79a4548da@group-C2BFE535B5E8-LeaderElection14] INFO  server.RaftServer$Division (ServerState.java:setLeader(287)) - 8e599114-682f-40f9-8544-01c79a4548da@group-C2BFE535B5E8: change Leader from null to 8e599114-682f-40f9-8544-01c79a4548da at term 2 for becomeLeader, leader elected after 5369ms
2022-09-12 01:24:29,052 [8e599114-682f-40f9-8544-01c79a4548da@group-C2BFE535B5E8-LeaderElection14] INFO  server.RaftServerConfigKeys (ConfUtils.java:logGet(46)) - raft.server.staging.catchup.gap = 1000 (default)
2022-09-12 01:24:29,052 [8e599114-682f-40f9-8544-01c79a4548da@group-C2BFE535B5E8-LeaderElection14] INFO  server.RaftServerConfigKeys (ConfUtils.java:logGet(46)) - raft.server.write.element-limit = 4096 (default)
2022-09-12 01:24:29,052 [8e599114-682f-40f9-8544-01c79a4548da@group-C2BFE535B5E8-LeaderElection14] INFO  server.RaftServerConfigKeys (ConfUtils.java:logGet(46)) - raft.server.write.byte-limit = 64MB (=67108864) (default)
2022-09-12 01:24:29,052 [8e599114-682f-40f9-8544-01c79a4548da@group-C2BFE535B5E8-LeaderElection14] INFO  server.RaftServerConfigKeys (ConfUtils.java:logGet(46)) - raft.server.watch.timeout = 10s (default)
2022-09-12 01:24:29,052 [8e599114-682f-40f9-8544-01c79a4548da@group-C2BFE535B5E8-LeaderElection14] INFO  server.RaftServerConfigKeys (ConfUtils.java:logGet(46)) - raft.server.watch.timeout.denomination = 1s (default)
2022-09-12 01:24:29,052 [8e599114-682f-40f9-8544-01c79a4548da@group-C2BFE535B5E8-LeaderElection14] INFO  server.RaftServerConfigKeys (ConfUtils.java:logGet(46)) - raft.server.watch.element-limit = 65536 (default)
2022-09-12 01:24:29,052 [8e599114-682f-40f9-8544-01c79a4548da@group-C2BFE535B5E8-LeaderElection14] INFO  server.RaftServerConfigKeys (ConfUtils.java:logGet(46)) - raft.server.write.element-limit = 4096 (default)
2022-09-12 01:24:29,052 [8e599114-682f-40f9-8544-01c79a4548da@group-C2BFE535B5E8-LeaderElection14] INFO  server.RaftServerConfigKeys (ConfUtils.java:logGet(46)) - raft.server.write.follower.gap.ratio.max = -1.0 (default)
2022-09-12 01:24:29,052 [8e599114-682f-40f9-8544-01c79a4548da@group-C2BFE535B5E8-LeaderElection14] INFO  impl.RoleInfo (RoleInfo.java:updateAndGet(139)) - 8e599114-682f-40f9-8544-01c79a4548da: start 8e599114-682f-40f9-8544-01c79a4548da@group-C2BFE535B5E8-LeaderStateImpl
2022-09-12 01:24:29,053 [8e599114-682f-40f9-8544-01c79a4548da@group-C2BFE535B5E8-LeaderElection14] INFO  segmented.SegmentedRaftLogWorker (SegmentedRaftLogWorker.java:rollLogSegment(430)) - 8e599114-682f-40f9-8544-01c79a4548da@group-C2BFE535B5E8-SegmentedRaftLogWorker: Rolling segment log-0_0 to index:0
2022-09-12 01:24:29,054 [8e599114-682f-40f9-8544-01c79a4548da@group-C2BFE535B5E8-SegmentedRaftLogWorker] INFO  segmented.SegmentedRaftLogWorker (SegmentedRaftLogWorker.java:execute(586)) - 8e599114-682f-40f9-8544-01c79a4548da@group-C2BFE535B5E8-SegmentedRaftLogWorker: Rolled log segment from /home/runner/work/ozone/ozone/hadoop-ozone/integration-test/target/test-dir/MiniOzoneClusterImpl-cb4dd006-d395-492a-b682-c2bfe535b5e8/scmNode-1/scm-ha/cb4dd006-d395-492a-b682-c2bfe535b5e8/current/log_inprogress_0 to /home/runner/work/ozone/ozone/hadoop-ozone/integration-test/target/test-dir/MiniOzoneClusterImpl-cb4dd006-d395-492a-b682-c2bfe535b5e8/scmNode-1/scm-ha/cb4dd006-d395-492a-b682-c2bfe535b5e8/current/log_0-0
2022-09-12 01:24:29,062 [8e599114-682f-40f9-8544-01c79a4548da@group-C2BFE535B5E8-SegmentedRaftLogWorker] INFO  segmented.SegmentedRaftLogWorker (SegmentedRaftLogWorker.java:execute(629)) - 8e599114-682f-40f9-8544-01c79a4548da@group-C2BFE535B5E8-SegmentedRaftLogWorker: created new log segment /home/runner/work/ozone/ozone/hadoop-ozone/integration-test/target/test-dir/MiniOzoneClusterImpl-cb4dd006-d395-492a-b682-c2bfe535b5e8/scmNode-1/scm-ha/cb4dd006-d395-492a-b682-c2bfe535b5e8/current/log_inprogress_1
2022-09-12 01:24:29,087 [8e599114-682f-40f9-8544-01c79a4548da@group-C2BFE535B5E8-LeaderElection14] INFO  server.RaftServer$Division (ServerState.java:setRaftConf(393)) - 8e599114-682f-40f9-8544-01c79a4548da@group-C2BFE535B5E8: set configuration 1: [8e599114-682f-40f9-8544-01c79a4548da|rpc:localhost:39073|admin:|client:|dataStream:|priority:0], old=null
2022-09-12 01:24:29,095 [8e599114-682f-40f9-8544-01c79a4548da@group-C2BFE535B5E8-StateMachineUpdater] INFO  ha.SCMContext (SCMContext.java:setLeaderReady(126)) - update <isLeaderReady> from <false> to <true>
2022-09-12 01:24:29,096 [8e599114-682f-40f9-8544-01c79a4548da@group-C2BFE535B5E8-StateMachineUpdater] INFO  pipeline.BackgroundPipelineCreator (BackgroundPipelineCreator.java:notifyStatusChanged(254)) - Service BackgroundPipelineCreator transitions to RUNNING.
2022-09-12 01:24:29,105 [8e599114-682f-40f9-8544-01c79a4548da@group-C2BFE535B5E8-StateMachineUpdater] INFO  safemode.HealthyPipelineSafeModeRule (HealthyPipelineSafeModeRule.java:initializeRule(165)) - Refreshed total pipeline count is 0, healthy pipeline threshold count is 1
2022-09-12 01:24:29,105 [8e599114-682f-40f9-8544-01c79a4548da@group-C2BFE535B5E8-StateMachineUpdater] INFO  safemode.ContainerSafeModeRule (ContainerSafeModeRule.java:reInitializeRule(177)) - Refreshed one replica container threshold 0, currentThreshold 0
2022-09-12 01:24:29,105 [8e599114-682f-40f9-8544-01c79a4548da@group-C2BFE535B5E8-StateMachineUpdater] INFO  safemode.OneReplicaPipelineSafeModeRule (OneReplicaPipelineSafeModeRule.java:initializeRule(176)) - Refreshed Total pipeline count is 0, pipeline's with at least one datanode reported threshold count is 0
2022-09-12 01:24:29,105 [8e599114-682f-40f9-8544-01c79a4548da@group-C2BFE535B5E8-StateMachineUpdater] INFO  server.SCMDatanodeProtocolServer (SCMDatanodeProtocolServer.java:start(186)) - ScmDatanodeProtocol RPC server for DataNodes is listening at /0.0.0.0:46755
2022-09-12 01:24:29,109 [IPC Server listener on 46755] INFO  ipc.Server (Server.java:run(1344)) - IPC Server listener on 46755: starting
2022-09-12 01:24:29,118 [IPC Server Responder] INFO  ipc.Server (Server.java:run(1507)) - IPC Server Responder: starting
2022-09-12 01:24:29,718 [EndpointStateMachine task thread for /127.0.0.1:40693 - 0 ] INFO  ipc.Client (Client.java:handleConnectionFailure(977)) - Retrying connect to server: localhost/127.0.0.1:40693. Already tried 4 time(s); retry policy is RetryUpToMaximumCountWithFixedSleep(maxRetries=15, sleepTime=1000 MILLISECONDS)
OM initialization succeeded.Current cluster id for sd=/home/runner/work/ozone/ozone/hadoop-ozone/integration-test/target/test-dir/MiniOzoneClusterImpl-cb4dd006-d395-492a-b682-c2bfe535b5e8/omNode-1/om;cid=cb4dd006-d395-492a-b682-c2bfe535b5e8;layoutVersion=3
2022-09-12 01:24:30,536 [Listener at 0.0.0.0/39853] INFO  ha.OMHANodeDetails (OMHANodeDetails.java:loadOMHAConfig(121)) - ServiceID for OzoneManager is om-add-remove
2022-09-12 01:24:30,536 [Listener at 0.0.0.0/39853] INFO  ha.OMHANodeDetails (OMHANodeDetails.java:loadOMHAConfig(201)) - Found matching OM address with OMServiceId: om-add-remove, OMNodeId: omNode-1, RPC Address: localhost:35417 and Ratis port: 45363
2022-09-12 01:24:30,537 [Listener at 0.0.0.0/39853] INFO  ha.OMHANodeDetails (ConfUtils.java:setNodeSpecificConfigs(97)) - Setting configuration key ozone.om.http-address with value of key ozone.om.http-address.om-add-remove.omNode-1: 127.0.0.1:33889
2022-09-12 01:24:30,537 [Listener at 0.0.0.0/39853] INFO  ha.OMHANodeDetails (ConfUtils.java:setNodeSpecificConfigs(97)) - Setting configuration key ozone.om.https-address with value of key ozone.om.https-address.om-add-remove.omNode-1: 127.0.0.1:35093
2022-09-12 01:24:30,537 [Listener at 0.0.0.0/39853] INFO  ha.OMHANodeDetails (ConfUtils.java:setNodeSpecificConfigs(97)) - Setting configuration key ozone.om.address with value of key ozone.om.address.om-add-remove.omNode-1: 127.0.0.1:35417
2022-09-12 01:24:30,537 [Listener at 0.0.0.0/39853] WARN  server.ServerUtils (ServerUtils.java:getDBPath(225)) - ozone.om.db.dirs is not configured. We recommend adding this setting. Falling back to ozone.metadata.dirs instead.
2022-09-12 01:24:30,537 [Listener at 0.0.0.0/39853] INFO  upgrade.AbstractLayoutVersionManager (AbstractLayoutVersionManager.java:init(83)) - Initializing Layout version manager with metadata layout = MULTITENANCY_SCHEMA (version = 3), software layout = MULTITENANCY_SCHEMA (version = 3)
2022-09-12 01:24:30,658 [Listener at 0.0.0.0/39853] INFO  reflections.Reflections (Reflections.java:scan(232)) - Reflections took 120 ms to scan 2 urls, producing 153 keys and 427 values [using 2 cores]
2022-09-12 01:24:30,658 [Listener at 0.0.0.0/39853] INFO  upgrade.OMLayoutVersionManager (OMLayoutVersionManager.java:lambda$0(115)) - Skipping Upgrade Action MockOmUpgradeAction since it has been finalized.
2022-09-12 01:24:30,658 [Listener at 0.0.0.0/39853] WARN  server.ServerUtils (ServerUtils.java:getDBPath(225)) - ozone.om.db.dirs is not configured. We recommend adding this setting. Falling back to ozone.metadata.dirs instead.
2022-09-12 01:24:30,659 [Listener at 0.0.0.0/39853] INFO  ha.SCMNodeInfo (SCMNodeInfo.java:getPort(197)) - ConfigKey ozone.scm.client.address is deprecated, For configuring different ports for each SCM use PortConfigKey ozone.scm.client.port appended with serviceId and nodeId
2022-09-12 01:24:30,659 [Listener at 0.0.0.0/39853] INFO  ha.SCMNodeInfo (SCMNodeInfo.java:getPort(197)) - ConfigKey ozone.scm.block.client.address is deprecated, For configuring different ports for each SCM use PortConfigKey ozone.scm.block.client.port appended with serviceId and nodeId
2022-09-12 01:24:30,659 [Listener at 0.0.0.0/39853] INFO  ha.SCMNodeInfo (SCMNodeInfo.java:getPort(197)) - ConfigKey ozone.scm.datanode.address is deprecated, For configuring different ports for each SCM use PortConfigKey ozone.scm.datanode.port appended with serviceId and nodeId
2022-09-12 01:24:30,659 [Listener at 0.0.0.0/39853] INFO  ha.SCMNodeInfo (SCMNodeInfo.java:getPort(197)) - ConfigKey ozone.scm.client.address is deprecated, For configuring different ports for each SCM use PortConfigKey ozone.scm.client.port appended with serviceId and nodeId
2022-09-12 01:24:30,659 [Listener at 0.0.0.0/39853] INFO  ha.SCMNodeInfo (SCMNodeInfo.java:getPort(197)) - ConfigKey ozone.scm.block.client.address is deprecated, For configuring different ports for each SCM use PortConfigKey ozone.scm.block.client.port appended with serviceId and nodeId
2022-09-12 01:24:30,660 [Listener at 0.0.0.0/39853] INFO  ha.SCMNodeInfo (SCMNodeInfo.java:getPort(197)) - ConfigKey ozone.scm.datanode.address is deprecated, For configuring different ports for each SCM use PortConfigKey ozone.scm.datanode.port appended with serviceId and nodeId
2022-09-12 01:24:30,660 [Listener at 0.0.0.0/39853] INFO  proxy.SCMBlockLocationFailoverProxyProvider (SCMBlockLocationFailoverProxyProvider.java:<init>(114)) - Created block location fail-over proxy with 1 nodes: [nodeId=scmNode-1,nodeAddress=/127.0.0.1:38039]
2022-09-12 01:24:30,662 [Listener at 0.0.0.0/39853] INFO  ha.SCMNodeInfo (SCMNodeInfo.java:getPort(197)) - ConfigKey ozone.scm.client.address is deprecated, For configuring different ports for each SCM use PortConfigKey ozone.scm.client.port appended with serviceId and nodeId
2022-09-12 01:24:30,662 [Listener at 0.0.0.0/39853] INFO  ha.SCMNodeInfo (SCMNodeInfo.java:getPort(197)) - ConfigKey ozone.scm.block.client.address is deprecated, For configuring different ports for each SCM use PortConfigKey ozone.scm.block.client.port appended with serviceId and nodeId
2022-09-12 01:24:30,663 [Listener at 0.0.0.0/39853] INFO  ha.SCMNodeInfo (SCMNodeInfo.java:getPort(197)) - ConfigKey ozone.scm.datanode.address is deprecated, For configuring different ports for each SCM use PortConfigKey ozone.scm.datanode.port appended with serviceId and nodeId
2022-09-12 01:24:30,663 [Listener at 0.0.0.0/39853] INFO  proxy.SCMBlockLocationFailoverProxyProvider (SCMBlockLocationFailoverProxyProvider.java:<init>(114)) - Created block location fail-over proxy with 1 nodes: [nodeId=scmNode-1,nodeAddress=/127.0.0.1:38039]
2022-09-12 01:24:30,686 [Listener at 0.0.0.0/39853] WARN  server.ServerUtils (ServerUtils.java:getDBPath(225)) - ozone.om.db.dirs is not configured. We recommend adding this setting. Falling back to ozone.metadata.dirs instead.
2022-09-12 01:24:30,687 [Listener at 0.0.0.0/39853] INFO  codec.OmKeyInfoCodec (OmKeyInfoCodec.java:<init>(49)) - OmKeyInfoCodec ignorePipeline = true
2022-09-12 01:24:30,687 [Listener at 0.0.0.0/39853] INFO  codec.RepeatedOmKeyInfoCodec (RepeatedOmKeyInfoCodec.java:<init>(41)) - RepeatedOmKeyInfoCodec ignorePipeline = true
2022-09-12 01:24:30,719 [EndpointStateMachine task thread for /127.0.0.1:40693 - 0 ] INFO  ipc.Client (Client.java:handleConnectionFailure(977)) - Retrying connect to server: localhost/127.0.0.1:40693. Already tried 5 time(s); retry policy is RetryUpToMaximumCountWithFixedSleep(maxRetries=15, sleepTime=1000 MILLISECONDS)
2022-09-12 01:24:30,887 [Listener at 0.0.0.0/39853] INFO  om.OzoneManager (OzoneManager.java:instantiateServices(707)) - S3 Multi-Tenancy is disabled
2022-09-12 01:24:30,888 [Listener at 0.0.0.0/39853] INFO  om.OzoneManager (OzoneManager.java:addS3GVolumeToDB(4298)) - Created Volume s3v With Owner runner required for S3Gateway operations.
2022-09-12 01:24:30,888 [Listener at 0.0.0.0/39853] WARN  server.ServerUtils (ServerUtils.java:getDefaultRatisDirectory(237)) - Storage directory for Ratis is not configured. It is a good idea to map this to an SSD disk. Falling back to ozone.metadata.dirs
2022-09-12 01:24:30,896 [Listener at 0.0.0.0/39853] WARN  utils.OzoneManagerRatisUtils (OzoneManagerRatisUtils.java:getOMRatisSnapshotDirectory(434)) - ozone.om.ratis.snapshot.dir is not configured. Falling back to ozone.metadata.dirs config
2022-09-12 01:24:30,897 [Listener at 0.0.0.0/39853] WARN  impl.MetricRegistriesImpl (MetricRegistriesImpl.java:addReporterRegistration(111)) - New reporters are added after registries were created. Some metrics will be missing from the reporter. Please add reporter before adding any new registry.
2022-09-12 01:24:30,897 [Listener at 0.0.0.0/39853] WARN  impl.MetricRegistriesImpl (MetricRegistriesImpl.java:addReporterRegistration(111)) - New reporters are added after registries were created. Some metrics will be missing from the reporter. Please add reporter before adding any new registry.
2022-09-12 01:24:30,897 [Listener at 0.0.0.0/39853] WARN  server.ServerUtils (ServerUtils.java:getDefaultRatisDirectory(237)) - Storage directory for Ratis is not configured. It is a good idea to map this to an SSD disk. Falling back to ozone.metadata.dirs
2022-09-12 01:24:30,898 [Listener at 0.0.0.0/39853] INFO  ratis.OzoneManagerRatisServer (OzoneManagerRatisServer.java:<init>(159)) - Instantiating OM Ratis server with groupID: om-add-remove and peers: localhost:45363
2022-09-12 01:24:30,899 [Listener at 0.0.0.0/39853] INFO  ratis.OzoneManagerStateMachine (OzoneManagerStateMachine.java:loadSnapshotInfoFromDB(632)) - LastAppliedIndex is set from TransactionInfo from OM DB as (t:0, i:~)
2022-09-12 01:24:30,908 [Listener at 0.0.0.0/39853] INFO  server.RaftServer (ConfUtils.java:logGet(46)) - raft.rpc.type = GRPC (default)
2022-09-12 01:24:30,909 [Listener at 0.0.0.0/39853] INFO  grpc.GrpcFactory (GrpcFactory.java:checkPooledByteBufAllocatorUseCacheForAllThreads(48)) - PERFORMANCE WARNING: useCacheForAllThreads is true that may cause Netty to create a lot garbage objects and, as a result, trigger GC.
	It is recommended to disable useCacheForAllThreads by setting -Dorg.apache.ratis.thirdparty.io.netty.allocator.useCacheForAllThreads=false in command line.
2022-09-12 01:24:30,909 [Listener at 0.0.0.0/39853] INFO  grpc.GrpcConfigKeys (ConfUtils.java:logGet(46)) - raft.grpc.admin.port = -1 (default)
2022-09-12 01:24:30,909 [Listener at 0.0.0.0/39853] INFO  grpc.GrpcConfigKeys (ConfUtils.java:logGet(46)) - raft.grpc.server.port = 45363 (custom)
2022-09-12 01:24:30,909 [Listener at 0.0.0.0/39853] INFO  grpc.GrpcConfigKeys (ConfUtils.java:logGet(46)) - raft.grpc.client.port = -1 (default)
2022-09-12 01:24:30,909 [Listener at 0.0.0.0/39853] INFO  grpc.GrpcConfigKeys (ConfUtils.java:logGet(46)) - raft.grpc.server.port = 45363 (custom)
2022-09-12 01:24:30,909 [Listener at 0.0.0.0/39853] INFO  grpc.GrpcConfigKeys (ConfUtils.java:logGet(46)) - raft.grpc.server.port = 45363 (custom)
2022-09-12 01:24:30,909 [Listener at 0.0.0.0/39853] INFO  server.GrpcService (ConfUtils.java:logGet(46)) - raft.grpc.message.size.max = 33554432 (custom)
2022-09-12 01:24:30,909 [Listener at 0.0.0.0/39853] INFO  server.RaftServerConfigKeys (ConfUtils.java:logGet(46)) - raft.server.log.appender.buffer.byte-limit = 33554432 (custom)
2022-09-12 01:24:30,909 [Listener at 0.0.0.0/39853] INFO  server.GrpcService (ConfUtils.java:logGet(46)) - raft.grpc.flow.control.window = 1MB (=1048576) (default)
2022-09-12 01:24:30,910 [Listener at 0.0.0.0/39853] INFO  server.RaftServerConfigKeys (ConfUtils.java:logGet(46)) - raft.server.rpc.request.timeout = 3000ms (default)
2022-09-12 01:24:30,910 [Listener at 0.0.0.0/39853] INFO  grpc.GrpcConfigKeys (ConfUtils.java:logGet(46)) - raft.grpc.server.async.request.thread.pool.cached = true (default)
2022-09-12 01:24:30,910 [Listener at 0.0.0.0/39853] INFO  grpc.GrpcConfigKeys (ConfUtils.java:logGet(46)) - raft.grpc.server.async.request.thread.pool.size = 32 (default)
2022-09-12 01:24:30,911 [Listener at 0.0.0.0/39853] INFO  impl.DataStreamServerImpl (ConfUtils.java:logGet(46)) - raft.datastream.type = DISABLED (default)
2022-09-12 01:24:30,911 [Listener at 0.0.0.0/39853] INFO  server.RaftServerConfigKeys (ConfUtils.java:logGet(46)) - raft.server.threadpool.proxy.cached = true (default)
2022-09-12 01:24:30,911 [Listener at 0.0.0.0/39853] INFO  server.RaftServerConfigKeys (ConfUtils.java:logGet(46)) - raft.server.threadpool.proxy.size = 0 (default)
2022-09-12 01:24:30,911 [Listener at 0.0.0.0/39853] INFO  server.RaftServerConfigKeys (ConfUtils.java:logGet(46)) - raft.server.rpc.slowness.timeout = 2s (custom)
2022-09-12 01:24:30,911 [Listener at 0.0.0.0/39853] INFO  server.RaftServerConfigKeys (ConfUtils.java:logGet(46)) - raft.server.leaderelection.leader.step-down.wait-time = 10s (default)
2022-09-12 01:24:30,911 [Listener at 0.0.0.0/39853] INFO  server.RaftServerConfigKeys (ConfUtils.java:logGet(46)) - raft.server.storage.dir = [/home/runner/work/ozone/ozone/hadoop-ozone/integration-test/target/test-dir/MiniOzoneClusterImpl-cb4dd006-d395-492a-b682-c2bfe535b5e8/omNode-1/ratis] (custom)
2022-09-12 01:24:30,932 [Listener at 0.0.0.0/39853] INFO  server.RaftServer (RaftServerProxy.java:addNew(96)) - omNode-1: addNew group-0AAC5367B30E:[omNode-1|rpc:localhost:45363|priority:0] returns group-0AAC5367B30E:java.util.concurrent.CompletableFuture@200aa52f[Not completed]
2022-09-12 01:24:30,932 [Listener at 0.0.0.0/39853] INFO  om.OzoneManager (OzoneManager.java:initializeRatisServer(1973)) - OzoneManager Ratis server initialized at port 45363
2022-09-12 01:24:30,933 [Listener at 0.0.0.0/39853] INFO  om.OzoneManager (OzoneManager.java:getRpcServer(1096)) - Creating RPC Server
2022-09-12 01:24:30,934 [pool-316-thread-1] INFO  server.RaftServer$Division (RaftServerImpl.java:<init>(190)) - omNode-1: new RaftServerImpl for group-0AAC5367B30E:[omNode-1|rpc:localhost:45363|priority:0] with OzoneManagerStateMachine:uninitialized
2022-09-12 01:24:30,934 [pool-316-thread-1] INFO  server.RaftServerConfigKeys (ConfUtils.java:logGet(46)) - raft.server.rpc.timeout.min = 1s (custom)
2022-09-12 01:24:30,934 [pool-316-thread-1] INFO  server.RaftServerConfigKeys (ConfUtils.java:logGet(46)) - raft.server.rpc.timeout.max = 1200ms (custom)
2022-09-12 01:24:30,934 [pool-316-thread-1] INFO  server.RaftServerConfigKeys (ConfUtils.java:logGet(46)) - raft.server.rpc.sleep.time = 25ms (default)
2022-09-12 01:24:30,935 [pool-316-thread-1] INFO  server.RaftServerConfigKeys (ConfUtils.java:logGet(46)) - raft.server.rpc.slowness.timeout = 2s (custom)
2022-09-12 01:24:30,935 [pool-316-thread-1] INFO  server.RaftServerConfigKeys (ConfUtils.java:logGet(46)) - raft.server.leaderelection.leader.step-down.wait-time = 10s (default)
2022-09-12 01:24:30,935 [pool-316-thread-1] INFO  server.RaftServerConfigKeys (ConfUtils.java:logGet(46)) - raft.server.sleep.deviation.threshold = 300ms (default)
2022-09-12 01:24:30,935 [pool-316-thread-1] INFO  server.RaftServer$Division (ServerState.java:<init>(107)) - omNode-1@group-0AAC5367B30E: ConfigurationManager, init=-1: [omNode-1|rpc:localhost:45363|priority:0], old=null, confs=<EMPTY_MAP>
2022-09-12 01:24:30,935 [pool-316-thread-1] INFO  server.RaftServerConfigKeys (ConfUtils.java:logGet(46)) - raft.server.storage.dir = [/home/runner/work/ozone/ozone/hadoop-ozone/integration-test/target/test-dir/MiniOzoneClusterImpl-cb4dd006-d395-492a-b682-c2bfe535b5e8/omNode-1/ratis] (custom)
2022-09-12 01:24:30,935 [pool-316-thread-1] INFO  server.RaftServerConfigKeys (ConfUtils.java:logGet(46)) - raft.server.log.corruption.policy = EXCEPTION (default)
2022-09-12 01:24:30,935 [pool-316-thread-1] INFO  server.RaftServerConfigKeys (ConfUtils.java:logGet(46)) - raft.server.storage.free-space.min = 0MB (=0) (default)
2022-09-12 01:24:30,935 [pool-316-thread-1] INFO  storage.RaftStorageDirectory (RaftStorageDirectoryImpl.java:analyzeStorage(135)) - The storage directory /home/runner/work/ozone/ozone/hadoop-ozone/integration-test/target/test-dir/MiniOzoneClusterImpl-cb4dd006-d395-492a-b682-c2bfe535b5e8/omNode-1/ratis/0718e334-ffa1-36bc-8e9a-0aac5367b30e does not exist. Creating ...
2022-09-12 01:24:30,936 [pool-316-thread-1] INFO  storage.RaftStorageDirectory (RaftStorageDirectoryImpl.java:tryLock(230)) - Lock on /home/runner/work/ozone/ozone/hadoop-ozone/integration-test/target/test-dir/MiniOzoneClusterImpl-cb4dd006-d395-492a-b682-c2bfe535b5e8/omNode-1/ratis/0718e334-ffa1-36bc-8e9a-0aac5367b30e/in_use.lock acquired by nodename 51693@fv-az167-317
2022-09-12 01:24:30,937 [pool-316-thread-1] INFO  storage.RaftStorage (RaftStorageImpl.java:format(89)) - Storage directory /home/runner/work/ozone/ozone/hadoop-ozone/integration-test/target/test-dir/MiniOzoneClusterImpl-cb4dd006-d395-492a-b682-c2bfe535b5e8/omNode-1/ratis/0718e334-ffa1-36bc-8e9a-0aac5367b30e has been successfully formatted.
2022-09-12 01:24:30,937 [pool-316-thread-1] INFO  server.RaftServerConfigKeys (ConfUtils.java:logGet(46)) - raft.server.notification.no-leader.timeout = 2s (custom)
2022-09-12 01:24:30,937 [pool-316-thread-1] INFO  server.RaftServerConfigKeys (ConfUtils.java:logGet(46)) - raft.server.log.use.memory = false (default)
2022-09-12 01:24:30,937 [pool-316-thread-1] INFO  server.RaftServerConfigKeys (ConfUtils.java:logGet(46)) - raft.server.log.purge.gap = 1000000 (custom)
2022-09-12 01:24:30,937 [pool-316-thread-1] INFO  server.RaftServerConfigKeys (ConfUtils.java:logGet(46)) - raft.server.log.appender.buffer.byte-limit = 33554432 (custom)
2022-09-12 01:24:30,937 [pool-316-thread-1] INFO  server.RaftServerConfigKeys (ConfUtils.java:logGet(46)) - raft.server.log.statemachine.data.read.timeout = 1000ms (default)
2022-09-12 01:24:30,937 [pool-316-thread-1] INFO  server.RaftServerConfigKeys (ConfUtils.java:logGet(46)) - raft.server.log.segment.size.max = 4194304 (custom)
2022-09-12 01:24:30,938 [pool-316-thread-1] INFO  server.RaftServerConfigKeys (ConfUtils.java:logGet(46)) - raft.server.log.segment.cache.num.max = 2 (custom)
2022-09-12 01:24:30,938 [pool-316-thread-1] INFO  server.RaftServerConfigKeys (ConfUtils.java:logGet(46)) - raft.server.log.segment.cache.size.max = 200MB (=209715200) (default)
2022-09-12 01:24:30,938 [pool-316-thread-1] INFO  segmented.SegmentedRaftLogWorker (SegmentedRaftLogWorker.java:<init>(187)) - new omNode-1@group-0AAC5367B30E-SegmentedRaftLogWorker for RaftStorageImpl:Storage Directory /home/runner/work/ozone/ozone/hadoop-ozone/integration-test/target/test-dir/MiniOzoneClusterImpl-cb4dd006-d395-492a-b682-c2bfe535b5e8/omNode-1/ratis/0718e334-ffa1-36bc-8e9a-0aac5367b30e
2022-09-12 01:24:30,938 [pool-316-thread-1] INFO  server.RaftServerConfigKeys (ConfUtils.java:logGet(46)) - raft.server.log.queue.byte-limit = 64MB (=67108864) (default)
2022-09-12 01:24:30,938 [pool-316-thread-1] INFO  server.RaftServerConfigKeys (ConfUtils.java:logGet(46)) - raft.server.log.queue.element-limit = 4096 (default)
2022-09-12 01:24:30,938 [pool-316-thread-1] INFO  server.RaftServerConfigKeys (ConfUtils.java:logGet(46)) - raft.server.log.segment.size.max = 4194304 (custom)
2022-09-12 01:24:30,938 [pool-316-thread-1] INFO  server.RaftServerConfigKeys (ConfUtils.java:logGet(46)) - raft.server.log.preallocated.size = 4194304 (custom)
2022-09-12 01:24:30,938 [pool-316-thread-1] INFO  server.RaftServerConfigKeys (ConfUtils.java:logGet(46)) - raft.server.log.force.sync.num = 128 (default)
2022-09-12 01:24:30,938 [pool-316-thread-1] INFO  server.RaftServerConfigKeys (ConfUtils.java:logGet(46)) - raft.server.log.statemachine.data.sync = true (default)
2022-09-12 01:24:30,938 [pool-316-thread-1] INFO  server.RaftServerConfigKeys (ConfUtils.java:logGet(46)) - raft.server.log.statemachine.data.sync.timeout = 10s (default)
2022-09-12 01:24:30,938 [pool-316-thread-1] INFO  server.RaftServerConfigKeys (ConfUtils.java:logGet(46)) - raft.server.log.statemachine.data.sync.timeout.retry = -1 (default)
2022-09-12 01:24:30,945 [pool-316-thread-1] INFO  server.RaftServerConfigKeys (ConfUtils.java:logGet(46)) - raft.server.log.write.buffer.size = 64KB (=65536) (default)
2022-09-12 01:24:30,945 [pool-316-thread-1] INFO  server.RaftServerConfigKeys (ConfUtils.java:logGet(46)) - raft.server.log.unsafe-flush.enabled = false (default)
2022-09-12 01:24:30,945 [pool-316-thread-1] INFO  server.RaftServerConfigKeys (ConfUtils.java:logGet(46)) - raft.server.log.statemachine.data.caching.enabled = false (default)
2022-09-12 01:24:30,945 [pool-316-thread-1] INFO  segmented.SegmentedRaftLogWorker (SegmentedRaftLogWorker.java:lambda$new$0(135)) - omNode-1@group-0AAC5367B30E-SegmentedRaftLogWorker: flushIndex: setUnconditionally 0 -> -1
2022-09-12 01:24:30,945 [pool-316-thread-1] INFO  segmented.SegmentedRaftLogWorker (SegmentedRaftLogWorker.java:lambda$new$0(135)) - omNode-1@group-0AAC5367B30E-SegmentedRaftLogWorker: safeCacheEvictIndex: setUnconditionally 0 -> -1
2022-09-12 01:24:30,951 [pool-316-thread-1] INFO  server.RaftServerConfigKeys (ConfUtils.java:logGet(46)) - raft.server.snapshot.auto.trigger.enabled = true (custom)
2022-09-12 01:24:30,952 [pool-316-thread-1] INFO  server.RaftServerConfigKeys (ConfUtils.java:logGet(46)) - raft.server.snapshot.auto.trigger.threshold = 400000 (default)
2022-09-12 01:24:30,952 [pool-316-thread-1] INFO  server.RaftServerConfigKeys (ConfUtils.java:logGet(46)) - raft.server.snapshot.retention.file.num = -1 (default)
2022-09-12 01:24:30,952 [pool-316-thread-1] INFO  server.RaftServerConfigKeys (ConfUtils.java:logGet(46)) - raft.server.log.purge.upto.snapshot.index = true (custom)
2022-09-12 01:24:30,952 [pool-316-thread-1] INFO  server.RaftServerConfigKeys (ConfUtils.java:logGet(46)) - raft.server.retrycache.expirytime = 300s (custom)
2022-09-12 01:24:30,952 [pool-316-thread-1] INFO  server.RaftServerConfigKeys (ConfUtils.java:logGet(46)) - raft.server.retrycache.statistics.expirytime = 100μs (default)
2022-09-12 01:24:30,953 [pool-316-thread-1] INFO  server.RaftServerConfigKeys (ConfUtils.java:logGet(46)) - raft.server.log.appender.install.snapshot.enabled = false (custom)
2022-09-12 01:24:30,953 [pool-316-thread-1] INFO  server.RaftServerConfigKeys (ConfUtils.java:logGet(46)) - raft.server.threadpool.server.cached = true (default)
2022-09-12 01:24:30,953 [pool-316-thread-1] INFO  server.RaftServerConfigKeys (ConfUtils.java:logGet(46)) - raft.server.threadpool.server.size = 0 (default)
2022-09-12 01:24:30,953 [pool-316-thread-1] INFO  server.RaftServerConfigKeys (ConfUtils.java:logGet(46)) - raft.server.threadpool.client.cached = true (default)
2022-09-12 01:24:30,953 [pool-316-thread-1] INFO  server.RaftServerConfigKeys (ConfUtils.java:logGet(46)) - raft.server.threadpool.client.size = 0 (default)
2022-09-12 01:24:31,692 [Listener at 0.0.0.0/39853] INFO  reflections.Reflections (Reflections.java:scan(232)) - Reflections took 758 ms to scan 19 urls, producing 67 keys and 4171 values [using 2 cores]
2022-09-12 01:24:31,694 [Listener at 0.0.0.0/39853] INFO  ipc.CallQueueManager (CallQueueManager.java:<init>(90)) - Using callQueue: class java.util.concurrent.LinkedBlockingQueue, queueCapacity: 2000, scheduler: class org.apache.hadoop.ipc.DefaultRpcScheduler, ipcBackoff: false.
2022-09-12 01:24:31,700 [Socket Reader #1 for port 35417] INFO  ipc.Server (Server.java:run(1265)) - Starting Socket Reader #1 for port 35417
2022-09-12 01:24:31,720 [EndpointStateMachine task thread for /127.0.0.1:40693 - 0 ] INFO  ipc.Client (Client.java:handleConnectionFailure(977)) - Retrying connect to server: localhost/127.0.0.1:40693. Already tried 6 time(s); retry policy is RetryUpToMaximumCountWithFixedSleep(maxRetries=15, sleepTime=1000 MILLISECONDS)
2022-09-12 01:24:31,740 [Listener at 127.0.0.1/35417] INFO  impl.MetricsSystemImpl (MetricsSystemImpl.java:init(158)) - OzoneManager metrics system started (again)
2022-09-12 01:24:31,758 [Listener at 127.0.0.1/35417] INFO  om.OzoneManager (OzoneManager.java:start(1480)) - OzoneManager RPC server is listening at localhost/127.0.0.1:35417
2022-09-12 01:24:31,758 [Listener at 127.0.0.1/35417] INFO  ratis.OzoneManagerRatisServer (OzoneManagerRatisServer.java:start(554)) - Starting OzoneManagerRatisServer omNode-1 at port 45363
2022-09-12 01:24:31,758 [omNode-1-impl-thread1] INFO  server.RaftServer$Division (RaftServerImpl.java:start(310)) - omNode-1@group-0AAC5367B30E: start as a follower, conf=-1: [omNode-1|rpc:localhost:45363|priority:0], old=null
2022-09-12 01:24:31,758 [omNode-1-impl-thread1] INFO  server.RaftServer$Division (RaftServerImpl.java:setRole(299)) - omNode-1@group-0AAC5367B30E: changes role from      null to FOLLOWER at term 0 for startAsFollower
2022-09-12 01:24:31,759 [omNode-1-impl-thread1] INFO  impl.RoleInfo (RoleInfo.java:updateAndGet(139)) - omNode-1: start omNode-1@group-0AAC5367B30E-FollowerState
2022-09-12 01:24:31,768 [omNode-1-impl-thread1] INFO  util.JmxRegister (JmxRegister.java:tryRegister(44)) - Successfully registered JMX Bean with object name Ratis:service=RaftServer,group=group-0AAC5367B30E,id=omNode-1
2022-09-12 01:24:31,769 [Listener at 127.0.0.1/35417] INFO  server.RaftServer (RaftServerProxy.java:lambda$start$6(382)) - omNode-1: start RPC server
2022-09-12 01:24:31,778 [Listener at 127.0.0.1/35417] INFO  server.GrpcService (GrpcService.java:startImpl(260)) - omNode-1: GrpcService started, listening on 45363
2022-09-12 01:24:31,788 [Listener at 127.0.0.1/35417] INFO  om.OzoneManager (OzoneManager.java:start(1496)) - Version File has different layout version (3) than OM DB (null). That is expected if this OM has never been finalized to a newer layout version.
2022-09-12 01:24:31,789 [org.apache.ratis.util.JvmPauseMonitor$$Lambda$605/1445225850@d743428] INFO  util.JvmPauseMonitor (JvmPauseMonitor.java:run(103)) - JvmPauseMonitor-omNode-1: Started
2022-09-12 01:24:31,809 [Listener at 127.0.0.1/35417] INFO  http.BaseHttpServer (BaseHttpServer.java:newHttpServer2BuilderForOzone(213)) - Starting Web-server for ozoneManager at: http://0.0.0.0:33889
2022-09-12 01:24:31,809 [Listener at 127.0.0.1/35417] INFO  http.BaseHttpServer (BaseHttpServer.java:<init>(108)) - Hadoop Security Enabled: false Ozone Security Enabled: false Ozone HTTP Security Enabled: false 
2022-09-12 01:24:31,813 [Listener at 127.0.0.1/35417] INFO  server.AuthenticationFilter (AuthenticationFilter.java:constructSecretProvider(240)) - Unable to initialize FileSignerSecretProvider, falling back to use random secrets.
2022-09-12 01:24:31,813 [Listener at 127.0.0.1/35417] WARN  http.HttpRequestLog (HttpRequestLog.java:getRequestLog(103)) - Jetty request log can only be enabled using Log4j
2022-09-12 01:24:31,815 [Listener at 127.0.0.1/35417] INFO  http.HttpServer2 (HttpServer2.java:addGlobalFilter(1029)) - Added global filter 'safety' (class=org.apache.hadoop.hdds.server.http.HttpServer2$QuotingInputFilter)
2022-09-12 01:24:31,815 [Listener at 127.0.0.1/35417] INFO  http.HttpServer2 (HttpServer2.java:addFilter(1005)) - Added filter static_user_filter (class=org.apache.hadoop.http.lib.StaticUserWebFilter$StaticUserFilter) to context ozoneManager
2022-09-12 01:24:31,815 [Listener at 127.0.0.1/35417] INFO  http.HttpServer2 (HttpServer2.java:addFilter(1013)) - Added filter static_user_filter (class=org.apache.hadoop.http.lib.StaticUserWebFilter$StaticUserFilter) to context static
2022-09-12 01:24:31,816 [Listener at 127.0.0.1/35417] INFO  http.HttpServer2 (HttpServer2.java:addFilter(1013)) - Added filter static_user_filter (class=org.apache.hadoop.http.lib.StaticUserWebFilter$StaticUserFilter) to context logs
2022-09-12 01:24:31,816 [Listener at 127.0.0.1/35417] INFO  http.HttpServer2 (HttpServer2.java:bindListener(1248)) - Jetty bound to port 33889
2022-09-12 01:24:31,816 [Listener at 127.0.0.1/35417] INFO  server.Server (Server.java:doStart(375)) - jetty-9.4.43.v20210629; built: 2021-06-30T11:07:22.254Z; git: 526006ecfa3af7f1a27ef3a288e2bef7ea9dd7e8; jvm 1.8.0_345-b01
2022-09-12 01:24:31,817 [Listener at 127.0.0.1/35417] INFO  server.session (DefaultSessionIdManager.java:doStart(334)) - DefaultSessionIdManager workerName=node0
2022-09-12 01:24:31,818 [Listener at 127.0.0.1/35417] INFO  server.session (DefaultSessionIdManager.java:doStart(339)) - No SessionScavenger set, using defaults
2022-09-12 01:24:31,818 [Listener at 127.0.0.1/35417] INFO  server.session (HouseKeeper.java:startScavenging(132)) - node0 Scavenging every 660000ms
2022-09-12 01:24:31,824 [Listener at 127.0.0.1/35417] INFO  handler.ContextHandler (ContextHandler.java:doStart(915)) - Started o.e.j.s.ServletContextHandler@b8b3874{logs,/logs,file:///home/runner/work/ozone/ozone/hadoop-ozone/integration-test/target/log,AVAILABLE}
2022-09-12 01:24:31,825 [Listener at 127.0.0.1/35417] INFO  handler.ContextHandler (ContextHandler.java:doStart(915)) - Started o.e.j.s.ServletContextHandler@3340f248{static,/static,file:///home/runner/work/ozone/ozone/hadoop-ozone/integration-test/target/test-classes/webapps/static,AVAILABLE}
2022-09-12 01:24:31,828 [Listener at 127.0.0.1/35417] INFO  handler.ContextHandler (ContextHandler.java:doStart(915)) - Started o.e.j.w.WebAppContext@20b9dc53{ozoneManager,/,file:///home/runner/work/ozone/ozone/hadoop-ozone/integration-test/target/test-classes/webapps/ozoneManager/,AVAILABLE}{file:/home/runner/work/ozone/ozone/hadoop-ozone/integration-test/target/test-classes/webapps/ozoneManager}
2022-09-12 01:24:31,844 [Listener at 127.0.0.1/35417] INFO  server.AbstractConnector (AbstractConnector.java:doStart(331)) - Started ServerConnector@52b12236{HTTP/1.1, (http/1.1)}{0.0.0.0:33889}
2022-09-12 01:24:31,845 [Listener at 127.0.0.1/35417] INFO  server.Server (Server.java:doStart(415)) - Started @92554ms
2022-09-12 01:24:31,845 [Listener at 127.0.0.1/35417] WARN  impl.MetricsSystemImpl (MetricsSystemImpl.java:register(279)) - Sink prometheus already exists!
2022-09-12 01:24:31,845 [Listener at 127.0.0.1/35417] INFO  http.BaseHttpServer (BaseHttpServer.java:updateConnectorAddress(333)) - HTTP server of ozoneManager listening at http://0.0.0.0:33889
2022-09-12 01:24:31,848 [IPC Server Responder] INFO  ipc.Server (Server.java:run(1507)) - IPC Server Responder: starting
2022-09-12 01:24:31,852 [IPC Server listener on 35417] INFO  ipc.Server (Server.java:run(1344)) - IPC Server listener on 35417: starting
2022-09-12 01:24:31,855 [Listener at 127.0.0.1/35417] INFO  om.OzoneManager (OzoneManager.java:startTrashEmptier(1917)) - Trash Interval set to 0. Files deleted won't move to trash
2022-09-12 01:24:31,855 [Listener at 127.0.0.1/35417] INFO  ozone.MiniOzoneHAClusterImpl (MiniOzoneHAClusterImpl.java:createOMService(527)) - Started OzoneManager omNode-1 RPC server at localhost/127.0.0.1:35417
2022-09-12 01:24:31,868 [org.apache.hadoop.util.JvmPauseMonitor$Monitor@7b0b55ad] INFO  util.JvmPauseMonitor (JvmPauseMonitor.java:run(188)) - Starting JVM pause monitor
2022-09-12 01:24:31,881 [Listener at 127.0.0.1/35417] WARN  impl.MetricRegistriesImpl (MetricRegistriesImpl.java:addReporterRegistration(111)) - New reporters are added after registries were created. Some metrics will be missing from the reporter. Please add reporter before adding any new registry.
2022-09-12 01:24:31,881 [Listener at 127.0.0.1/35417] WARN  impl.MetricRegistriesImpl (MetricRegistriesImpl.java:addReporterRegistration(111)) - New reporters are added after registries were created. Some metrics will be missing from the reporter. Please add reporter before adding any new registry.
2022-09-12 01:24:31,881 [Listener at 127.0.0.1/35417] INFO  impl.MetricsSystemImpl (MetricsSystemImpl.java:init(158)) - HddsDatanode metrics system started (again)
2022-09-12 01:24:31,915 [Listener at 127.0.0.1/35417] INFO  ozone.HddsDatanodeService (HddsDatanodeService.java:start(236)) - HddsDatanodeService host:fv-az167-317.21ktoceh2wee5fewwtpg1zd01g.bx.internal.cloudapp.net ip:10.1.0.12
2022-09-12 01:24:31,941 [Listener at 127.0.0.1/35417] INFO  upgrade.AbstractLayoutVersionManager (AbstractLayoutVersionManager.java:init(83)) - Initializing Layout version manager with metadata layout = DATANODE_SCHEMA_V3 (version = 4), software layout = DATANODE_SCHEMA_V3 (version = 4)
2022-09-12 01:24:32,013 [Listener at 127.0.0.1/35417] INFO  reflections.Reflections (Reflections.java:scan(232)) - Reflections took 71 ms to scan 7 urls, producing 135 keys and 327 values 
2022-09-12 01:24:32,014 [Listener at 127.0.0.1/35417] INFO  ha.SCMNodeInfo (SCMNodeInfo.java:getPort(197)) - ConfigKey ozone.scm.client.address is deprecated, For configuring different ports for each SCM use PortConfigKey ozone.scm.client.port appended with serviceId and nodeId
2022-09-12 01:24:32,014 [Listener at 127.0.0.1/35417] INFO  ha.SCMNodeInfo (SCMNodeInfo.java:getPort(197)) - ConfigKey ozone.scm.block.client.address is deprecated, For configuring different ports for each SCM use PortConfigKey ozone.scm.block.client.port appended with serviceId and nodeId
2022-09-12 01:24:32,014 [Listener at 127.0.0.1/35417] INFO  ha.SCMNodeInfo (SCMNodeInfo.java:getPort(197)) - ConfigKey ozone.scm.datanode.address is deprecated, For configuring different ports for each SCM use PortConfigKey ozone.scm.datanode.port appended with serviceId and nodeId
2022-09-12 01:24:32,014 [Listener at 127.0.0.1/35417] INFO  statemachine.DatanodeStateMachine (DatanodeStateMachine.java:getEndPointTaskThreadPoolSize(237)) - Datanode State Machine Task Thread Pool size 2
2022-09-12 01:24:32,016 [Listener at 127.0.0.1/35417] INFO  volume.HddsVolume (HddsVolume.java:<init>(117)) - Creating HddsVolume: /home/runner/work/ozone/ozone/hadoop-ozone/integration-test/target/test-dir/MiniOzoneClusterImpl-cb4dd006-d395-492a-b682-c2bfe535b5e8/datanode-0/data-0/containers/hdds of storage type : DISK capacity : 9223372036854775807
2022-09-12 01:24:32,016 [Listener at 127.0.0.1/35417] INFO  volume.MutableVolumeSet (MutableVolumeSet.java:initializeVolumeSet(174)) - Added Volume : /home/runner/work/ozone/ozone/hadoop-ozone/integration-test/target/test-dir/MiniOzoneClusterImpl-cb4dd006-d395-492a-b682-c2bfe535b5e8/datanode-0/data-0/containers/hdds to VolumeSet
2022-09-12 01:24:32,016 [Listener at 127.0.0.1/35417] INFO  volume.ThrottledAsyncChecker (ThrottledAsyncChecker.java:schedule(141)) - Scheduling a check for /home/runner/work/ozone/ozone/hadoop-ozone/integration-test/target/test-dir/MiniOzoneClusterImpl-cb4dd006-d395-492a-b682-c2bfe535b5e8/datanode-0/data-0/containers/hdds
2022-09-12 01:24:32,017 [Listener at 127.0.0.1/35417] INFO  volume.StorageVolumeChecker (StorageVolumeChecker.java:checkAllVolumes(202)) - Scheduled health check for volume /home/runner/work/ozone/ozone/hadoop-ozone/integration-test/target/test-dir/MiniOzoneClusterImpl-cb4dd006-d395-492a-b682-c2bfe535b5e8/datanode-0/data-0/containers/hdds
2022-09-12 01:24:32,027 [Listener at 127.0.0.1/35417] INFO  volume.MutableVolumeSet (MutableVolumeSet.java:initializeVolumeSet(174)) - Added Volume : /home/runner/work/ozone/ozone/hadoop-ozone/integration-test/target/test-dir/MiniOzoneClusterImpl-cb4dd006-d395-492a-b682-c2bfe535b5e8/datanode-0/data/ratis to VolumeSet
2022-09-12 01:24:32,028 [Listener at 127.0.0.1/35417] INFO  volume.ThrottledAsyncChecker (ThrottledAsyncChecker.java:schedule(141)) - Scheduling a check for /home/runner/work/ozone/ozone/hadoop-ozone/integration-test/target/test-dir/MiniOzoneClusterImpl-cb4dd006-d395-492a-b682-c2bfe535b5e8/datanode-0/data/ratis
2022-09-12 01:24:32,028 [Listener at 127.0.0.1/35417] INFO  volume.StorageVolumeChecker (StorageVolumeChecker.java:checkAllVolumes(202)) - Scheduled health check for volume /home/runner/work/ozone/ozone/hadoop-ozone/integration-test/target/test-dir/MiniOzoneClusterImpl-cb4dd006-d395-492a-b682-c2bfe535b5e8/datanode-0/data/ratis
2022-09-12 01:24:32,038 [Thread-1255] INFO  ozoneimpl.ContainerReader (ContainerReader.java:readVolume(175)) - Finish verifying containers on volume /home/runner/work/ozone/ozone/hadoop-ozone/integration-test/target/test-dir/MiniOzoneClusterImpl-cb4dd006-d395-492a-b682-c2bfe535b5e8/datanode-0/data-0/containers/hdds
2022-09-12 01:24:32,038 [Listener at 127.0.0.1/35417] INFO  ozoneimpl.OzoneContainer (OzoneContainer.java:buildContainerSet(300)) - Build ContainerSet costs 0s
2022-09-12 01:24:32,040 [Listener at 127.0.0.1/35417] INFO  server.RaftServer (ConfUtils.java:logGet(46)) - raft.rpc.type = GRPC (default)
2022-09-12 01:24:32,040 [Listener at 127.0.0.1/35417] INFO  grpc.GrpcFactory (GrpcFactory.java:checkPooledByteBufAllocatorUseCacheForAllThreads(48)) - PERFORMANCE WARNING: useCacheForAllThreads is true that may cause Netty to create a lot garbage objects and, as a result, trigger GC.
	It is recommended to disable useCacheForAllThreads by setting -Dorg.apache.ratis.thirdparty.io.netty.allocator.useCacheForAllThreads=false in command line.
2022-09-12 01:24:32,040 [Listener at 127.0.0.1/35417] INFO  grpc.GrpcConfigKeys (ConfUtils.java:logGet(46)) - raft.grpc.admin.port = 0 (custom)
2022-09-12 01:24:32,040 [Listener at 127.0.0.1/35417] INFO  grpc.GrpcConfigKeys (ConfUtils.java:logGet(46)) - raft.grpc.client.port = 0 (custom)
2022-09-12 01:24:32,040 [Listener at 127.0.0.1/35417] INFO  grpc.GrpcConfigKeys (ConfUtils.java:logGet(46)) - raft.grpc.server.port = 0 (default)
2022-09-12 01:24:32,040 [Listener at 127.0.0.1/35417] INFO  server.GrpcService (ConfUtils.java:logGet(46)) - raft.grpc.message.size.max = 32MB (=33554432) (custom)
2022-09-12 01:24:32,040 [Listener at 127.0.0.1/35417] INFO  server.RaftServerConfigKeys (ConfUtils.java:logGet(46)) - raft.server.log.appender.buffer.byte-limit = 33554432 (custom)
2022-09-12 01:24:32,040 [Listener at 127.0.0.1/35417] INFO  server.GrpcService (ConfUtils.java:logGet(46)) - raft.grpc.flow.control.window = 5MB (=5242880) (custom)
2022-09-12 01:24:32,041 [Listener at 127.0.0.1/35417] INFO  server.RaftServerConfigKeys (ConfUtils.java:logGet(46)) - raft.server.rpc.request.timeout = 60s (custom)
2022-09-12 01:24:32,041 [Listener at 127.0.0.1/35417] INFO  grpc.GrpcConfigKeys (ConfUtils.java:logGet(46)) - raft.grpc.server.async.request.thread.pool.cached = true (default)
2022-09-12 01:24:32,041 [Listener at 127.0.0.1/35417] INFO  grpc.GrpcConfigKeys (ConfUtils.java:logGet(46)) - raft.grpc.server.async.request.thread.pool.size = 32 (default)
2022-09-12 01:24:32,042 [Listener at 127.0.0.1/35417] INFO  impl.DataStreamServerImpl (ConfUtils.java:logGet(46)) - raft.datastream.type = DISABLED (default)
2022-09-12 01:24:32,042 [Listener at 127.0.0.1/35417] INFO  server.RaftServerConfigKeys (ConfUtils.java:logGet(46)) - raft.server.threadpool.proxy.cached = true (default)
2022-09-12 01:24:32,042 [Listener at 127.0.0.1/35417] INFO  server.RaftServerConfigKeys (ConfUtils.java:logGet(46)) - raft.server.threadpool.proxy.size = 0 (default)
2022-09-12 01:24:32,042 [Listener at 127.0.0.1/35417] INFO  server.RaftServerConfigKeys (ConfUtils.java:logGet(46)) - raft.server.rpc.slowness.timeout = 300s (custom)
2022-09-12 01:24:32,042 [Listener at 127.0.0.1/35417] INFO  server.RaftServerConfigKeys (ConfUtils.java:logGet(46)) - raft.server.leaderelection.leader.step-down.wait-time = 10s (default)
2022-09-12 01:24:32,042 [Listener at 127.0.0.1/35417] INFO  server.RaftServerConfigKeys (ConfUtils.java:logGet(46)) - raft.server.storage.dir = [/home/runner/work/ozone/ozone/hadoop-ozone/integration-test/target/test-dir/MiniOzoneClusterImpl-cb4dd006-d395-492a-b682-c2bfe535b5e8/datanode-0/data/ratis] (custom)
2022-09-12 01:24:32,044 [Listener at 127.0.0.1/35417] INFO  server.XceiverServerGrpc (XceiverServerGrpc.java:<init>(132)) - GrpcServer channel type EpollServerSocketChannel
2022-09-12 01:24:32,046 [Listener at 127.0.0.1/35417] INFO  http.BaseHttpServer (BaseHttpServer.java:newHttpServer2BuilderForOzone(213)) - Starting Web-server for hddsDatanode at: http://0.0.0.0:0
2022-09-12 01:24:32,046 [Listener at 127.0.0.1/35417] INFO  http.BaseHttpServer (BaseHttpServer.java:<init>(108)) - Hadoop Security Enabled: false Ozone Security Enabled: false Ozone HTTP Security Enabled: false 
2022-09-12 01:24:32,047 [Listener at 127.0.0.1/35417] INFO  server.AuthenticationFilter (AuthenticationFilter.java:constructSecretProvider(240)) - Unable to initialize FileSignerSecretProvider, falling back to use random secrets.
2022-09-12 01:24:32,049 [Listener at 127.0.0.1/35417] WARN  http.HttpRequestLog (HttpRequestLog.java:getRequestLog(103)) - Jetty request log can only be enabled using Log4j
2022-09-12 01:24:32,050 [Listener at 127.0.0.1/35417] INFO  http.HttpServer2 (HttpServer2.java:addGlobalFilter(1029)) - Added global filter 'safety' (class=org.apache.hadoop.hdds.server.http.HttpServer2$QuotingInputFilter)
2022-09-12 01:24:32,051 [Listener at 127.0.0.1/35417] INFO  http.HttpServer2 (HttpServer2.java:addFilter(1005)) - Added filter static_user_filter (class=org.apache.hadoop.http.lib.StaticUserWebFilter$StaticUserFilter) to context hddsDatanode
2022-09-12 01:24:32,051 [Listener at 127.0.0.1/35417] INFO  http.HttpServer2 (HttpServer2.java:addFilter(1013)) - Added filter static_user_filter (class=org.apache.hadoop.http.lib.StaticUserWebFilter$StaticUserFilter) to context static
2022-09-12 01:24:32,051 [Listener at 127.0.0.1/35417] INFO  http.HttpServer2 (HttpServer2.java:addFilter(1013)) - Added filter static_user_filter (class=org.apache.hadoop.http.lib.StaticUserWebFilter$StaticUserFilter) to context logs
2022-09-12 01:24:32,051 [Listener at 127.0.0.1/35417] INFO  http.HttpServer2 (HttpServer2.java:bindListener(1248)) - Jetty bound to port 32977
2022-09-12 01:24:32,051 [Listener at 127.0.0.1/35417] INFO  server.Server (Server.java:doStart(375)) - jetty-9.4.43.v20210629; built: 2021-06-30T11:07:22.254Z; git: 526006ecfa3af7f1a27ef3a288e2bef7ea9dd7e8; jvm 1.8.0_345-b01
2022-09-12 01:24:32,068 [Listener at 127.0.0.1/35417] INFO  server.session (DefaultSessionIdManager.java:doStart(334)) - DefaultSessionIdManager workerName=node0
2022-09-12 01:24:32,069 [Listener at 127.0.0.1/35417] INFO  server.session (DefaultSessionIdManager.java:doStart(339)) - No SessionScavenger set, using defaults
2022-09-12 01:24:32,069 [Listener at 127.0.0.1/35417] INFO  server.session (HouseKeeper.java:startScavenging(132)) - node0 Scavenging every 600000ms
2022-09-12 01:24:32,069 [Listener at 127.0.0.1/35417] INFO  handler.ContextHandler (ContextHandler.java:doStart(915)) - Started o.e.j.s.ServletContextHandler@38e0403f{logs,/logs,file:///home/runner/work/ozone/ozone/hadoop-ozone/integration-test/target/log,AVAILABLE}
2022-09-12 01:24:32,070 [Listener at 127.0.0.1/35417] INFO  handler.ContextHandler (ContextHandler.java:doStart(915)) - Started o.e.j.s.ServletContextHandler@48394ecb{static,/static,jar:file:/home/runner/.m2/repository/org/apache/ozone/hdds-container-service/1.3.0-SNAPSHOT/hdds-container-service-1.3.0-SNAPSHOT.jar!/webapps/static,AVAILABLE}
2022-09-12 01:24:32,376 [Listener at 127.0.0.1/35417] INFO  handler.ContextHandler (ContextHandler.java:doStart(915)) - Started o.e.j.w.WebAppContext@4b186d43{hddsDatanode,/,file:///tmp/jetty-0_0_0_0-32977-hdds-container-service-1_3_0-SNAPSHOT_jar-_-any-3674389328786589872/webapp/,AVAILABLE}{jar:file:/home/runner/.m2/repository/org/apache/ozone/hdds-container-service/1.3.0-SNAPSHOT/hdds-container-service-1.3.0-SNAPSHOT.jar!/webapps/hddsDatanode}
2022-09-12 01:24:32,381 [Listener at 127.0.0.1/35417] INFO  server.AbstractConnector (AbstractConnector.java:doStart(331)) - Started ServerConnector@7fdbb0ac{HTTP/1.1, (http/1.1)}{0.0.0.0:32977}
2022-09-12 01:24:32,381 [Listener at 127.0.0.1/35417] INFO  server.Server (Server.java:doStart(415)) - Started @93091ms
2022-09-12 01:24:32,381 [Listener at 127.0.0.1/35417] WARN  impl.MetricsSystemImpl (MetricsSystemImpl.java:register(279)) - Sink prometheus already exists!
2022-09-12 01:24:32,385 [Listener at 127.0.0.1/35417] INFO  http.BaseHttpServer (BaseHttpServer.java:updateConnectorAddress(333)) - HTTP server of hddsDatanode listening at http://0.0.0.0:32977
2022-09-12 01:24:32,400 [Datanode State Machine Daemon Thread] INFO  statemachine.DatanodeStateMachine (DatanodeStateMachine.java:lambda$startDaemon$0(492)) - Ozone container server started.
2022-09-12 01:24:32,400 [Listener at 127.0.0.1/35417] WARN  impl.MetricRegistriesImpl (MetricRegistriesImpl.java:addReporterRegistration(111)) - New reporters are added after registries were created. Some metrics will be missing from the reporter. Please add reporter before adding any new registry.
2022-09-12 01:24:32,401 [Listener at 127.0.0.1/35417] WARN  impl.MetricRegistriesImpl (MetricRegistriesImpl.java:addReporterRegistration(111)) - New reporters are added after registries were created. Some metrics will be missing from the reporter. Please add reporter before adding any new registry.
2022-09-12 01:24:32,401 [Listener at 127.0.0.1/35417] INFO  impl.MetricsSystemImpl (MetricsSystemImpl.java:init(158)) - HddsDatanode metrics system started (again)
2022-09-12 01:24:32,413 [Listener at 127.0.0.1/35417] INFO  ozone.HddsDatanodeService (HddsDatanodeService.java:start(236)) - HddsDatanodeService host:fv-az167-317.21ktoceh2wee5fewwtpg1zd01g.bx.internal.cloudapp.net ip:10.1.0.12
2022-09-12 01:24:32,416 [org.apache.hadoop.util.JvmPauseMonitor$Monitor@4afed09b] INFO  util.JvmPauseMonitor (JvmPauseMonitor.java:run(188)) - Starting JVM pause monitor
2022-09-12 01:24:32,431 [Datanode State Machine Task Thread - 0] INFO  ha.SCMNodeInfo (SCMNodeInfo.java:getPort(197)) - ConfigKey ozone.scm.client.address is deprecated, For configuring different ports for each SCM use PortConfigKey ozone.scm.client.port appended with serviceId and nodeId
2022-09-12 01:24:32,431 [Datanode State Machine Task Thread - 0] INFO  ha.SCMNodeInfo (SCMNodeInfo.java:getPort(197)) - ConfigKey ozone.scm.block.client.address is deprecated, For configuring different ports for each SCM use PortConfigKey ozone.scm.block.client.port appended with serviceId and nodeId
2022-09-12 01:24:32,431 [Datanode State Machine Task Thread - 0] INFO  ha.SCMNodeInfo (SCMNodeInfo.java:getPort(197)) - ConfigKey ozone.scm.datanode.address is deprecated, For configuring different ports for each SCM use PortConfigKey ozone.scm.datanode.port appended with serviceId and nodeId
2022-09-12 01:24:32,441 [Listener at 127.0.0.1/35417] INFO  upgrade.AbstractLayoutVersionManager (AbstractLayoutVersionManager.java:init(83)) - Initializing Layout version manager with metadata layout = DATANODE_SCHEMA_V3 (version = 4), software layout = DATANODE_SCHEMA_V3 (version = 4)
2022-09-12 01:24:32,454 [Datanode State Machine Task Thread - 0] INFO  datanode.InitDatanodeState (InitDatanodeState.java:persistContainerDatanodeDetails(138)) - DatanodeDetails is persisted to /home/runner/work/ozone/ozone/hadoop-ozone/integration-test/target/test-dir/MiniOzoneClusterImpl-cb4dd006-d395-492a-b682-c2bfe535b5e8/datanode-0/meta/datanode.id
2022-09-12 01:24:32,549 [Listener at 127.0.0.1/35417] INFO  reflections.Reflections (Reflections.java:scan(232)) - Reflections took 106 ms to scan 7 urls, producing 135 keys and 327 values 
2022-09-12 01:24:32,550 [Listener at 127.0.0.1/35417] INFO  ha.SCMNodeInfo (SCMNodeInfo.java:getPort(197)) - ConfigKey ozone.scm.client.address is deprecated, For configuring different ports for each SCM use PortConfigKey ozone.scm.client.port appended with serviceId and nodeId
2022-09-12 01:24:32,550 [Listener at 127.0.0.1/35417] INFO  ha.SCMNodeInfo (SCMNodeInfo.java:getPort(197)) - ConfigKey ozone.scm.block.client.address is deprecated, For configuring different ports for each SCM use PortConfigKey ozone.scm.block.client.port appended with serviceId and nodeId
2022-09-12 01:24:32,550 [Listener at 127.0.0.1/35417] INFO  ha.SCMNodeInfo (SCMNodeInfo.java:getPort(197)) - ConfigKey ozone.scm.datanode.address is deprecated, For configuring different ports for each SCM use PortConfigKey ozone.scm.datanode.port appended with serviceId and nodeId
2022-09-12 01:24:32,550 [Listener at 127.0.0.1/35417] INFO  statemachine.DatanodeStateMachine (DatanodeStateMachine.java:getEndPointTaskThreadPoolSize(237)) - Datanode State Machine Task Thread Pool size 2
2022-09-12 01:24:32,551 [Listener at 127.0.0.1/35417] INFO  volume.HddsVolume (HddsVolume.java:<init>(117)) - Creating HddsVolume: /home/runner/work/ozone/ozone/hadoop-ozone/integration-test/target/test-dir/MiniOzoneClusterImpl-cb4dd006-d395-492a-b682-c2bfe535b5e8/datanode-1/data-0/containers/hdds of storage type : DISK capacity : 9223372036854775807
2022-09-12 01:24:32,552 [Listener at 127.0.0.1/35417] INFO  volume.MutableVolumeSet (MutableVolumeSet.java:initializeVolumeSet(174)) - Added Volume : /home/runner/work/ozone/ozone/hadoop-ozone/integration-test/target/test-dir/MiniOzoneClusterImpl-cb4dd006-d395-492a-b682-c2bfe535b5e8/datanode-1/data-0/containers/hdds to VolumeSet
2022-09-12 01:24:32,552 [Listener at 127.0.0.1/35417] INFO  volume.ThrottledAsyncChecker (ThrottledAsyncChecker.java:schedule(141)) - Scheduling a check for /home/runner/work/ozone/ozone/hadoop-ozone/integration-test/target/test-dir/MiniOzoneClusterImpl-cb4dd006-d395-492a-b682-c2bfe535b5e8/datanode-1/data-0/containers/hdds
2022-09-12 01:24:32,568 [Listener at 127.0.0.1/35417] INFO  volume.StorageVolumeChecker (StorageVolumeChecker.java:checkAllVolumes(202)) - Scheduled health check for volume /home/runner/work/ozone/ozone/hadoop-ozone/integration-test/target/test-dir/MiniOzoneClusterImpl-cb4dd006-d395-492a-b682-c2bfe535b5e8/datanode-1/data-0/containers/hdds
2022-09-12 01:24:32,588 [Listener at 127.0.0.1/35417] INFO  volume.MutableVolumeSet (MutableVolumeSet.java:initializeVolumeSet(174)) - Added Volume : /home/runner/work/ozone/ozone/hadoop-ozone/integration-test/target/test-dir/MiniOzoneClusterImpl-cb4dd006-d395-492a-b682-c2bfe535b5e8/datanode-1/data/ratis to VolumeSet
2022-09-12 01:24:32,589 [Listener at 127.0.0.1/35417] INFO  volume.ThrottledAsyncChecker (ThrottledAsyncChecker.java:schedule(141)) - Scheduling a check for /home/runner/work/ozone/ozone/hadoop-ozone/integration-test/target/test-dir/MiniOzoneClusterImpl-cb4dd006-d395-492a-b682-c2bfe535b5e8/datanode-1/data/ratis
2022-09-12 01:24:32,589 [Listener at 127.0.0.1/35417] INFO  volume.StorageVolumeChecker (StorageVolumeChecker.java:checkAllVolumes(202)) - Scheduled health check for volume /home/runner/work/ozone/ozone/hadoop-ozone/integration-test/target/test-dir/MiniOzoneClusterImpl-cb4dd006-d395-492a-b682-c2bfe535b5e8/datanode-1/data/ratis
2022-09-12 01:24:32,618 [Thread-1268] INFO  ozoneimpl.ContainerReader (ContainerReader.java:readVolume(175)) - Finish verifying containers on volume /home/runner/work/ozone/ozone/hadoop-ozone/integration-test/target/test-dir/MiniOzoneClusterImpl-cb4dd006-d395-492a-b682-c2bfe535b5e8/datanode-1/data-0/containers/hdds
2022-09-12 01:24:32,618 [Listener at 127.0.0.1/35417] INFO  ozoneimpl.OzoneContainer (OzoneContainer.java:buildContainerSet(300)) - Build ContainerSet costs 0s
2022-09-12 01:24:32,622 [Listener at 127.0.0.1/35417] INFO  server.RaftServer (ConfUtils.java:logGet(46)) - raft.rpc.type = GRPC (default)
2022-09-12 01:24:32,622 [Listener at 127.0.0.1/35417] INFO  grpc.GrpcFactory (GrpcFactory.java:checkPooledByteBufAllocatorUseCacheForAllThreads(48)) - PERFORMANCE WARNING: useCacheForAllThreads is true that may cause Netty to create a lot garbage objects and, as a result, trigger GC.
	It is recommended to disable useCacheForAllThreads by setting -Dorg.apache.ratis.thirdparty.io.netty.allocator.useCacheForAllThreads=false in command line.
2022-09-12 01:24:32,622 [Listener at 127.0.0.1/35417] INFO  grpc.GrpcConfigKeys (ConfUtils.java:logGet(46)) - raft.grpc.admin.port = 0 (custom)
2022-09-12 01:24:32,622 [Listener at 127.0.0.1/35417] INFO  grpc.GrpcConfigKeys (ConfUtils.java:logGet(46)) - raft.grpc.client.port = 0 (custom)
2022-09-12 01:24:32,622 [Listener at 127.0.0.1/35417] INFO  grpc.GrpcConfigKeys (ConfUtils.java:logGet(46)) - raft.grpc.server.port = 0 (default)
2022-09-12 01:24:32,622 [Listener at 127.0.0.1/35417] INFO  server.GrpcService (ConfUtils.java:logGet(46)) - raft.grpc.message.size.max = 32MB (=33554432) (custom)
2022-09-12 01:24:32,622 [Listener at 127.0.0.1/35417] INFO  server.RaftServerConfigKeys (ConfUtils.java:logGet(46)) - raft.server.log.appender.buffer.byte-limit = 33554432 (custom)
2022-09-12 01:24:32,622 [Listener at 127.0.0.1/35417] INFO  server.GrpcService (ConfUtils.java:logGet(46)) - raft.grpc.flow.control.window = 5MB (=5242880) (custom)
2022-09-12 01:24:32,623 [Listener at 127.0.0.1/35417] INFO  server.RaftServerConfigKeys (ConfUtils.java:logGet(46)) - raft.server.rpc.request.timeout = 60s (custom)
2022-09-12 01:24:32,623 [Listener at 127.0.0.1/35417] INFO  grpc.GrpcConfigKeys (ConfUtils.java:logGet(46)) - raft.grpc.server.async.request.thread.pool.cached = true (default)
2022-09-12 01:24:32,623 [Listener at 127.0.0.1/35417] INFO  grpc.GrpcConfigKeys (ConfUtils.java:logGet(46)) - raft.grpc.server.async.request.thread.pool.size = 32 (default)
2022-09-12 01:24:32,624 [Listener at 127.0.0.1/35417] INFO  impl.DataStreamServerImpl (ConfUtils.java:logGet(46)) - raft.datastream.type = DISABLED (default)
2022-09-12 01:24:32,624 [Listener at 127.0.0.1/35417] INFO  server.RaftServerConfigKeys (ConfUtils.java:logGet(46)) - raft.server.threadpool.proxy.cached = true (default)
2022-09-12 01:24:32,625 [Listener at 127.0.0.1/35417] INFO  server.RaftServerConfigKeys (ConfUtils.java:logGet(46)) - raft.server.threadpool.proxy.size = 0 (default)
2022-09-12 01:24:32,625 [Listener at 127.0.0.1/35417] INFO  server.RaftServerConfigKeys (ConfUtils.java:logGet(46)) - raft.server.rpc.slowness.timeout = 300s (custom)
2022-09-12 01:24:32,625 [Listener at 127.0.0.1/35417] INFO  server.RaftServerConfigKeys (ConfUtils.java:logGet(46)) - raft.server.leaderelection.leader.step-down.wait-time = 10s (default)
2022-09-12 01:24:32,625 [Listener at 127.0.0.1/35417] INFO  server.RaftServerConfigKeys (ConfUtils.java:logGet(46)) - raft.server.storage.dir = [/home/runner/work/ozone/ozone/hadoop-ozone/integration-test/target/test-dir/MiniOzoneClusterImpl-cb4dd006-d395-492a-b682-c2bfe535b5e8/datanode-1/data/ratis] (custom)
2022-09-12 01:24:32,633 [Listener at 127.0.0.1/35417] INFO  server.XceiverServerGrpc (XceiverServerGrpc.java:<init>(132)) - GrpcServer channel type EpollServerSocketChannel
2022-09-12 01:24:32,653 [Listener at 127.0.0.1/35417] INFO  http.BaseHttpServer (BaseHttpServer.java:newHttpServer2BuilderForOzone(213)) - Starting Web-server for hddsDatanode at: http://0.0.0.0:0
2022-09-12 01:24:32,653 [Listener at 127.0.0.1/35417] INFO  http.BaseHttpServer (BaseHttpServer.java:<init>(108)) - Hadoop Security Enabled: false Ozone Security Enabled: false Ozone HTTP Security Enabled: false 
2022-09-12 01:24:32,654 [Listener at 127.0.0.1/35417] INFO  server.AuthenticationFilter (AuthenticationFilter.java:constructSecretProvider(240)) - Unable to initialize FileSignerSecretProvider, falling back to use random secrets.
2022-09-12 01:24:32,660 [Listener at 127.0.0.1/35417] WARN  http.HttpRequestLog (HttpRequestLog.java:getRequestLog(103)) - Jetty request log can only be enabled using Log4j
2022-09-12 01:24:32,662 [Listener at 127.0.0.1/35417] INFO  http.HttpServer2 (HttpServer2.java:addGlobalFilter(1029)) - Added global filter 'safety' (class=org.apache.hadoop.hdds.server.http.HttpServer2$QuotingInputFilter)
2022-09-12 01:24:32,662 [Listener at 127.0.0.1/35417] INFO  http.HttpServer2 (HttpServer2.java:addFilter(1005)) - Added filter static_user_filter (class=org.apache.hadoop.http.lib.StaticUserWebFilter$StaticUserFilter) to context hddsDatanode
2022-09-12 01:24:32,662 [Listener at 127.0.0.1/35417] INFO  http.HttpServer2 (HttpServer2.java:addFilter(1013)) - Added filter static_user_filter (class=org.apache.hadoop.http.lib.StaticUserWebFilter$StaticUserFilter) to context logs
2022-09-12 01:24:32,662 [Listener at 127.0.0.1/35417] INFO  http.HttpServer2 (HttpServer2.java:addFilter(1013)) - Added filter static_user_filter (class=org.apache.hadoop.http.lib.StaticUserWebFilter$StaticUserFilter) to context static
2022-09-12 01:24:32,663 [Listener at 127.0.0.1/35417] INFO  http.HttpServer2 (HttpServer2.java:bindListener(1248)) - Jetty bound to port 36257
2022-09-12 01:24:32,663 [Listener at 127.0.0.1/35417] INFO  server.Server (Server.java:doStart(375)) - jetty-9.4.43.v20210629; built: 2021-06-30T11:07:22.254Z; git: 526006ecfa3af7f1a27ef3a288e2bef7ea9dd7e8; jvm 1.8.0_345-b01
2022-09-12 01:24:32,720 [Listener at 127.0.0.1/35417] INFO  server.session (DefaultSessionIdManager.java:doStart(334)) - DefaultSessionIdManager workerName=node0
2022-09-12 01:24:32,721 [Listener at 127.0.0.1/35417] INFO  server.session (DefaultSessionIdManager.java:doStart(339)) - No SessionScavenger set, using defaults
2022-09-12 01:24:32,721 [EndpointStateMachine task thread for /127.0.0.1:40693 - 0 ] INFO  ipc.Client (Client.java:handleConnectionFailure(977)) - Retrying connect to server: localhost/127.0.0.1:40693. Already tried 7 time(s); retry policy is RetryUpToMaximumCountWithFixedSleep(maxRetries=15, sleepTime=1000 MILLISECONDS)
2022-09-12 01:24:32,721 [Listener at 127.0.0.1/35417] INFO  server.session (HouseKeeper.java:startScavenging(132)) - node0 Scavenging every 600000ms
2022-09-12 01:24:32,733 [Listener at 127.0.0.1/35417] INFO  handler.ContextHandler (ContextHandler.java:doStart(915)) - Started o.e.j.s.ServletContextHandler@1ab5f7c2{logs,/logs,file:///home/runner/work/ozone/ozone/hadoop-ozone/integration-test/target/log,AVAILABLE}
2022-09-12 01:24:32,733 [Listener at 127.0.0.1/35417] INFO  handler.ContextHandler (ContextHandler.java:doStart(915)) - Started o.e.j.s.ServletContextHandler@7c7e0c55{static,/static,jar:file:/home/runner/.m2/repository/org/apache/ozone/hdds-container-service/1.3.0-SNAPSHOT/hdds-container-service-1.3.0-SNAPSHOT.jar!/webapps/static,AVAILABLE}
2022-09-12 01:24:32,853 [omNode-1@group-0AAC5367B30E-FollowerState] INFO  impl.FollowerState (FollowerState.java:run(143)) - omNode-1@group-0AAC5367B30E-FollowerState: change to CANDIDATE, lastRpcElapsedTime:1094482072ns, electionTimeout:1084ms
2022-09-12 01:24:32,853 [omNode-1@group-0AAC5367B30E-FollowerState] INFO  impl.RoleInfo (RoleInfo.java:shutdownFollowerState(110)) - omNode-1: shutdown omNode-1@group-0AAC5367B30E-FollowerState
2022-09-12 01:24:32,853 [omNode-1@group-0AAC5367B30E-FollowerState] INFO  server.RaftServer$Division (RaftServerImpl.java:setRole(299)) - omNode-1@group-0AAC5367B30E: changes role from  FOLLOWER to CANDIDATE at term 0 for changeToCandidate
2022-09-12 01:24:32,853 [omNode-1@group-0AAC5367B30E-FollowerState] INFO  server.RaftServerConfigKeys (ConfUtils.java:logGet(46)) - raft.server.leaderelection.pre-vote = false (custom)
2022-09-12 01:24:32,853 [omNode-1@group-0AAC5367B30E-FollowerState] INFO  impl.RoleInfo (RoleInfo.java:updateAndGet(139)) - omNode-1: start omNode-1@group-0AAC5367B30E-LeaderElection15
2022-09-12 01:24:32,878 [omNode-1@group-0AAC5367B30E-LeaderElection15] INFO  impl.LeaderElection (LeaderElection.java:askForVotes(310)) - omNode-1@group-0AAC5367B30E-LeaderElection15 ELECTION round 0: submit vote requests at term 1 for -1: [omNode-1|rpc:localhost:45363|priority:0], old=null
2022-09-12 01:24:32,878 [omNode-1@group-0AAC5367B30E-LeaderElection15] INFO  impl.LeaderElection (LeaderElection.java:askForVotes(312)) - omNode-1@group-0AAC5367B30E-LeaderElection15 ELECTION round 0: result PASSED (term=1)
2022-09-12 01:24:32,878 [omNode-1@group-0AAC5367B30E-LeaderElection15] INFO  impl.RoleInfo (RoleInfo.java:shutdownLeaderElection(130)) - omNode-1: shutdown omNode-1@group-0AAC5367B30E-LeaderElection15
2022-09-12 01:24:32,878 [omNode-1@group-0AAC5367B30E-LeaderElection15] INFO  server.RaftServer$Division (RaftServerImpl.java:setRole(299)) - omNode-1@group-0AAC5367B30E: changes role from CANDIDATE to LEADER at term 1 for changeToLeader
2022-09-12 01:24:32,878 [omNode-1@group-0AAC5367B30E-LeaderElection15] INFO  server.RaftServer$Division (ServerState.java:setLeader(287)) - omNode-1@group-0AAC5367B30E: change Leader from null to omNode-1 at term 1 for becomeLeader, leader elected after 1940ms
2022-09-12 01:24:32,878 [omNode-1@group-0AAC5367B30E-LeaderElection15] INFO  server.RaftServerConfigKeys (ConfUtils.java:logGet(46)) - raft.server.staging.catchup.gap = 1000 (default)
2022-09-12 01:24:32,878 [omNode-1@group-0AAC5367B30E-LeaderElection15] INFO  server.RaftServerConfigKeys (ConfUtils.java:logGet(46)) - raft.server.write.element-limit = 4096 (default)
2022-09-12 01:24:32,878 [omNode-1@group-0AAC5367B30E-LeaderElection15] INFO  server.RaftServerConfigKeys (ConfUtils.java:logGet(46)) - raft.server.write.byte-limit = 64MB (=67108864) (default)
2022-09-12 01:24:32,878 [omNode-1@group-0AAC5367B30E-LeaderElection15] INFO  server.RaftServerConfigKeys (ConfUtils.java:logGet(46)) - raft.server.watch.timeout = 10s (default)
2022-09-12 01:24:32,878 [omNode-1@group-0AAC5367B30E-LeaderElection15] INFO  server.RaftServerConfigKeys (ConfUtils.java:logGet(46)) - raft.server.watch.timeout.denomination = 1s (default)
2022-09-12 01:24:32,878 [omNode-1@group-0AAC5367B30E-LeaderElection15] INFO  server.RaftServerConfigKeys (ConfUtils.java:logGet(46)) - raft.server.watch.element-limit = 65536 (default)
2022-09-12 01:24:32,878 [omNode-1@group-0AAC5367B30E-LeaderElection15] INFO  server.RaftServerConfigKeys (ConfUtils.java:logGet(46)) - raft.server.write.element-limit = 4096 (default)
2022-09-12 01:24:32,879 [omNode-1@group-0AAC5367B30E-LeaderElection15] INFO  server.RaftServerConfigKeys (ConfUtils.java:logGet(46)) - raft.server.write.follower.gap.ratio.max = -1.0 (default)
2022-09-12 01:24:32,879 [omNode-1@group-0AAC5367B30E-LeaderElection15] INFO  impl.RoleInfo (RoleInfo.java:updateAndGet(139)) - omNode-1: start omNode-1@group-0AAC5367B30E-LeaderStateImpl
2022-09-12 01:24:32,879 [omNode-1@group-0AAC5367B30E-LeaderElection15] INFO  segmented.SegmentedRaftLogWorker (SegmentedRaftLogWorker.java:startLogSegment(425)) - omNode-1@group-0AAC5367B30E-SegmentedRaftLogWorker: Starting segment from index:0
2022-09-12 01:24:32,889 [omNode-1@group-0AAC5367B30E-LeaderElection15] INFO  server.RaftServer$Division (ServerState.java:setRaftConf(393)) - omNode-1@group-0AAC5367B30E: set configuration 0: [omNode-1|rpc:localhost:45363|admin:|client:|dataStream:|priority:0], old=null
2022-09-12 01:24:32,900 [omNode-1@group-0AAC5367B30E-SegmentedRaftLogWorker] INFO  segmented.SegmentedRaftLogWorker (SegmentedRaftLogWorker.java:execute(629)) - omNode-1@group-0AAC5367B30E-SegmentedRaftLogWorker: created new log segment /home/runner/work/ozone/ozone/hadoop-ozone/integration-test/target/test-dir/MiniOzoneClusterImpl-cb4dd006-d395-492a-b682-c2bfe535b5e8/omNode-1/ratis/0718e334-ffa1-36bc-8e9a-0aac5367b30e/current/log_inprogress_0
2022-09-12 01:24:32,905 [omNode-1@group-0AAC5367B30E-StateMachineUpdater] INFO  ratis.OzoneManagerStateMachine (OzoneManagerStateMachine.java:notifyConfigurationChanged(192)) - Received Configuration change notification from Ratis. New Peer list:
[id: "omNode-1"
address: "localhost:45363"
]
2022-09-12 01:24:33,096 [Listener at 127.0.0.1/35417] INFO  handler.ContextHandler (ContextHandler.java:doStart(915)) - Started o.e.j.w.WebAppContext@680c14ec{hddsDatanode,/,file:///tmp/jetty-0_0_0_0-36257-hdds-container-service-1_3_0-SNAPSHOT_jar-_-any-1018354234406078327/webapp/,AVAILABLE}{jar:file:/home/runner/.m2/repository/org/apache/ozone/hdds-container-service/1.3.0-SNAPSHOT/hdds-container-service-1.3.0-SNAPSHOT.jar!/webapps/hddsDatanode}
2022-09-12 01:24:33,101 [Listener at 127.0.0.1/35417] INFO  server.AbstractConnector (AbstractConnector.java:doStart(331)) - Started ServerConnector@2dacbd55{HTTP/1.1, (http/1.1)}{0.0.0.0:36257}
2022-09-12 01:24:33,101 [Listener at 127.0.0.1/35417] INFO  server.Server (Server.java:doStart(415)) - Started @93811ms
2022-09-12 01:24:33,101 [Listener at 127.0.0.1/35417] WARN  impl.MetricsSystemImpl (MetricsSystemImpl.java:register(279)) - Sink prometheus already exists!
2022-09-12 01:24:33,102 [Listener at 127.0.0.1/35417] INFO  http.BaseHttpServer (BaseHttpServer.java:updateConnectorAddress(333)) - HTTP server of hddsDatanode listening at http://0.0.0.0:36257
2022-09-12 01:24:33,112 [Datanode State Machine Daemon Thread] INFO  statemachine.DatanodeStateMachine (DatanodeStateMachine.java:lambda$startDaemon$0(492)) - Ozone container server started.
2022-09-12 01:24:33,113 [Listener at 127.0.0.1/35417] WARN  impl.MetricRegistriesImpl (MetricRegistriesImpl.java:addReporterRegistration(111)) - New reporters are added after registries were created. Some metrics will be missing from the reporter. Please add reporter before adding any new registry.
2022-09-12 01:24:33,113 [Listener at 127.0.0.1/35417] WARN  impl.MetricRegistriesImpl (MetricRegistriesImpl.java:addReporterRegistration(111)) - New reporters are added after registries were created. Some metrics will be missing from the reporter. Please add reporter before adding any new registry.
2022-09-12 01:24:33,113 [Listener at 127.0.0.1/35417] INFO  impl.MetricsSystemImpl (MetricsSystemImpl.java:init(158)) - HddsDatanode metrics system started (again)
2022-09-12 01:24:33,131 [Listener at 127.0.0.1/35417] INFO  ozone.HddsDatanodeService (HddsDatanodeService.java:start(236)) - HddsDatanodeService host:fv-az167-317.21ktoceh2wee5fewwtpg1zd01g.bx.internal.cloudapp.net ip:10.1.0.12
2022-09-12 01:24:33,132 [org.apache.hadoop.util.JvmPauseMonitor$Monitor@7ecc910f] INFO  util.JvmPauseMonitor (JvmPauseMonitor.java:run(188)) - Starting JVM pause monitor
2022-09-12 01:24:33,136 [Datanode State Machine Task Thread - 0] INFO  ha.SCMNodeInfo (SCMNodeInfo.java:getPort(197)) - ConfigKey ozone.scm.client.address is deprecated, For configuring different ports for each SCM use PortConfigKey ozone.scm.client.port appended with serviceId and nodeId
2022-09-12 01:24:33,137 [Datanode State Machine Task Thread - 0] INFO  ha.SCMNodeInfo (SCMNodeInfo.java:getPort(197)) - ConfigKey ozone.scm.block.client.address is deprecated, For configuring different ports for each SCM use PortConfigKey ozone.scm.block.client.port appended with serviceId and nodeId
2022-09-12 01:24:33,137 [Datanode State Machine Task Thread - 0] INFO  ha.SCMNodeInfo (SCMNodeInfo.java:getPort(197)) - ConfigKey ozone.scm.datanode.address is deprecated, For configuring different ports for each SCM use PortConfigKey ozone.scm.datanode.port appended with serviceId and nodeId
2022-09-12 01:24:33,143 [Datanode State Machine Task Thread - 0] INFO  datanode.InitDatanodeState (InitDatanodeState.java:persistContainerDatanodeDetails(138)) - DatanodeDetails is persisted to /home/runner/work/ozone/ozone/hadoop-ozone/integration-test/target/test-dir/MiniOzoneClusterImpl-cb4dd006-d395-492a-b682-c2bfe535b5e8/datanode-1/meta/datanode.id
2022-09-12 01:24:33,162 [Listener at 127.0.0.1/35417] INFO  upgrade.AbstractLayoutVersionManager (AbstractLayoutVersionManager.java:init(83)) - Initializing Layout version manager with metadata layout = DATANODE_SCHEMA_V3 (version = 4), software layout = DATANODE_SCHEMA_V3 (version = 4)
2022-09-12 01:24:33,266 [Listener at 127.0.0.1/35417] INFO  reflections.Reflections (Reflections.java:scan(232)) - Reflections took 103 ms to scan 7 urls, producing 135 keys and 327 values 
2022-09-12 01:24:33,273 [Listener at 127.0.0.1/35417] INFO  ha.SCMNodeInfo (SCMNodeInfo.java:getPort(197)) - ConfigKey ozone.scm.client.address is deprecated, For configuring different ports for each SCM use PortConfigKey ozone.scm.client.port appended with serviceId and nodeId
2022-09-12 01:24:33,273 [Listener at 127.0.0.1/35417] INFO  ha.SCMNodeInfo (SCMNodeInfo.java:getPort(197)) - ConfigKey ozone.scm.block.client.address is deprecated, For configuring different ports for each SCM use PortConfigKey ozone.scm.block.client.port appended with serviceId and nodeId
2022-09-12 01:24:33,273 [Listener at 127.0.0.1/35417] INFO  ha.SCMNodeInfo (SCMNodeInfo.java:getPort(197)) - ConfigKey ozone.scm.datanode.address is deprecated, For configuring different ports for each SCM use PortConfigKey ozone.scm.datanode.port appended with serviceId and nodeId
2022-09-12 01:24:33,273 [Listener at 127.0.0.1/35417] INFO  statemachine.DatanodeStateMachine (DatanodeStateMachine.java:getEndPointTaskThreadPoolSize(237)) - Datanode State Machine Task Thread Pool size 2
2022-09-12 01:24:33,288 [Listener at 127.0.0.1/35417] INFO  volume.HddsVolume (HddsVolume.java:<init>(117)) - Creating HddsVolume: /home/runner/work/ozone/ozone/hadoop-ozone/integration-test/target/test-dir/MiniOzoneClusterImpl-cb4dd006-d395-492a-b682-c2bfe535b5e8/datanode-2/data-0/containers/hdds of storage type : DISK capacity : 9223372036854775807
2022-09-12 01:24:33,288 [Listener at 127.0.0.1/35417] INFO  volume.MutableVolumeSet (MutableVolumeSet.java:initializeVolumeSet(174)) - Added Volume : /home/runner/work/ozone/ozone/hadoop-ozone/integration-test/target/test-dir/MiniOzoneClusterImpl-cb4dd006-d395-492a-b682-c2bfe535b5e8/datanode-2/data-0/containers/hdds to VolumeSet
2022-09-12 01:24:33,289 [Listener at 127.0.0.1/35417] INFO  volume.ThrottledAsyncChecker (ThrottledAsyncChecker.java:schedule(141)) - Scheduling a check for /home/runner/work/ozone/ozone/hadoop-ozone/integration-test/target/test-dir/MiniOzoneClusterImpl-cb4dd006-d395-492a-b682-c2bfe535b5e8/datanode-2/data-0/containers/hdds
2022-09-12 01:24:33,297 [Listener at 127.0.0.1/35417] INFO  volume.StorageVolumeChecker (StorageVolumeChecker.java:checkAllVolumes(202)) - Scheduled health check for volume /home/runner/work/ozone/ozone/hadoop-ozone/integration-test/target/test-dir/MiniOzoneClusterImpl-cb4dd006-d395-492a-b682-c2bfe535b5e8/datanode-2/data-0/containers/hdds
2022-09-12 01:24:33,308 [Listener at 127.0.0.1/35417] INFO  volume.MutableVolumeSet (MutableVolumeSet.java:initializeVolumeSet(174)) - Added Volume : /home/runner/work/ozone/ozone/hadoop-ozone/integration-test/target/test-dir/MiniOzoneClusterImpl-cb4dd006-d395-492a-b682-c2bfe535b5e8/datanode-2/data/ratis to VolumeSet
2022-09-12 01:24:33,308 [Listener at 127.0.0.1/35417] INFO  volume.ThrottledAsyncChecker (ThrottledAsyncChecker.java:schedule(141)) - Scheduling a check for /home/runner/work/ozone/ozone/hadoop-ozone/integration-test/target/test-dir/MiniOzoneClusterImpl-cb4dd006-d395-492a-b682-c2bfe535b5e8/datanode-2/data/ratis
2022-09-12 01:24:33,308 [Listener at 127.0.0.1/35417] INFO  volume.StorageVolumeChecker (StorageVolumeChecker.java:checkAllVolumes(202)) - Scheduled health check for volume /home/runner/work/ozone/ozone/hadoop-ozone/integration-test/target/test-dir/MiniOzoneClusterImpl-cb4dd006-d395-492a-b682-c2bfe535b5e8/datanode-2/data/ratis
2022-09-12 01:24:33,348 [Thread-1283] INFO  ozoneimpl.ContainerReader (ContainerReader.java:readVolume(175)) - Finish verifying containers on volume /home/runner/work/ozone/ozone/hadoop-ozone/integration-test/target/test-dir/MiniOzoneClusterImpl-cb4dd006-d395-492a-b682-c2bfe535b5e8/datanode-2/data-0/containers/hdds
2022-09-12 01:24:33,348 [Listener at 127.0.0.1/35417] INFO  ozoneimpl.OzoneContainer (OzoneContainer.java:buildContainerSet(300)) - Build ContainerSet costs 0s
2022-09-12 01:24:33,351 [Listener at 127.0.0.1/35417] INFO  server.RaftServer (ConfUtils.java:logGet(46)) - raft.rpc.type = GRPC (default)
2022-09-12 01:24:33,351 [Listener at 127.0.0.1/35417] INFO  grpc.GrpcFactory (GrpcFactory.java:checkPooledByteBufAllocatorUseCacheForAllThreads(48)) - PERFORMANCE WARNING: useCacheForAllThreads is true that may cause Netty to create a lot garbage objects and, as a result, trigger GC.
	It is recommended to disable useCacheForAllThreads by setting -Dorg.apache.ratis.thirdparty.io.netty.allocator.useCacheForAllThreads=false in command line.
2022-09-12 01:24:33,351 [Listener at 127.0.0.1/35417] INFO  grpc.GrpcConfigKeys (ConfUtils.java:logGet(46)) - raft.grpc.admin.port = 0 (custom)
2022-09-12 01:24:33,351 [Listener at 127.0.0.1/35417] INFO  grpc.GrpcConfigKeys (ConfUtils.java:logGet(46)) - raft.grpc.client.port = 0 (custom)
2022-09-12 01:24:33,351 [Listener at 127.0.0.1/35417] INFO  grpc.GrpcConfigKeys (ConfUtils.java:logGet(46)) - raft.grpc.server.port = 0 (default)
2022-09-12 01:24:33,351 [Listener at 127.0.0.1/35417] INFO  server.GrpcService (ConfUtils.java:logGet(46)) - raft.grpc.message.size.max = 32MB (=33554432) (custom)
2022-09-12 01:24:33,351 [Listener at 127.0.0.1/35417] INFO  server.RaftServerConfigKeys (ConfUtils.java:logGet(46)) - raft.server.log.appender.buffer.byte-limit = 33554432 (custom)
2022-09-12 01:24:33,351 [Listener at 127.0.0.1/35417] INFO  server.GrpcService (ConfUtils.java:logGet(46)) - raft.grpc.flow.control.window = 5MB (=5242880) (custom)
2022-09-12 01:24:33,352 [Listener at 127.0.0.1/35417] INFO  server.RaftServerConfigKeys (ConfUtils.java:logGet(46)) - raft.server.rpc.request.timeout = 60s (custom)
2022-09-12 01:24:33,352 [Listener at 127.0.0.1/35417] INFO  grpc.GrpcConfigKeys (ConfUtils.java:logGet(46)) - raft.grpc.server.async.request.thread.pool.cached = true (default)
2022-09-12 01:24:33,352 [Listener at 127.0.0.1/35417] INFO  grpc.GrpcConfigKeys (ConfUtils.java:logGet(46)) - raft.grpc.server.async.request.thread.pool.size = 32 (default)
2022-09-12 01:24:33,353 [Listener at 127.0.0.1/35417] INFO  impl.DataStreamServerImpl (ConfUtils.java:logGet(46)) - raft.datastream.type = DISABLED (default)
2022-09-12 01:24:33,353 [Listener at 127.0.0.1/35417] INFO  server.RaftServerConfigKeys (ConfUtils.java:logGet(46)) - raft.server.threadpool.proxy.cached = true (default)
2022-09-12 01:24:33,353 [Listener at 127.0.0.1/35417] INFO  server.RaftServerConfigKeys (ConfUtils.java:logGet(46)) - raft.server.threadpool.proxy.size = 0 (default)
2022-09-12 01:24:33,353 [Listener at 127.0.0.1/35417] INFO  server.RaftServerConfigKeys (ConfUtils.java:logGet(46)) - raft.server.rpc.slowness.timeout = 300s (custom)
2022-09-12 01:24:33,353 [Listener at 127.0.0.1/35417] INFO  server.RaftServerConfigKeys (ConfUtils.java:logGet(46)) - raft.server.leaderelection.leader.step-down.wait-time = 10s (default)
2022-09-12 01:24:33,354 [Listener at 127.0.0.1/35417] INFO  server.RaftServerConfigKeys (ConfUtils.java:logGet(46)) - raft.server.storage.dir = [/home/runner/work/ozone/ozone/hadoop-ozone/integration-test/target/test-dir/MiniOzoneClusterImpl-cb4dd006-d395-492a-b682-c2bfe535b5e8/datanode-2/data/ratis] (custom)
2022-09-12 01:24:33,361 [Listener at 127.0.0.1/35417] INFO  server.XceiverServerGrpc (XceiverServerGrpc.java:<init>(132)) - GrpcServer channel type EpollServerSocketChannel
2022-09-12 01:24:33,381 [Listener at 127.0.0.1/35417] INFO  http.BaseHttpServer (BaseHttpServer.java:newHttpServer2BuilderForOzone(213)) - Starting Web-server for hddsDatanode at: http://0.0.0.0:0
2022-09-12 01:24:33,381 [Listener at 127.0.0.1/35417] INFO  http.BaseHttpServer (BaseHttpServer.java:<init>(108)) - Hadoop Security Enabled: false Ozone Security Enabled: false Ozone HTTP Security Enabled: false 
2022-09-12 01:24:33,382 [Listener at 127.0.0.1/35417] INFO  server.AuthenticationFilter (AuthenticationFilter.java:constructSecretProvider(240)) - Unable to initialize FileSignerSecretProvider, falling back to use random secrets.
2022-09-12 01:24:33,386 [Listener at 127.0.0.1/35417] WARN  http.HttpRequestLog (HttpRequestLog.java:getRequestLog(103)) - Jetty request log can only be enabled using Log4j
2022-09-12 01:24:33,387 [Listener at 127.0.0.1/35417] INFO  http.HttpServer2 (HttpServer2.java:addGlobalFilter(1029)) - Added global filter 'safety' (class=org.apache.hadoop.hdds.server.http.HttpServer2$QuotingInputFilter)
2022-09-12 01:24:33,388 [Listener at 127.0.0.1/35417] INFO  http.HttpServer2 (HttpServer2.java:addFilter(1005)) - Added filter static_user_filter (class=org.apache.hadoop.http.lib.StaticUserWebFilter$StaticUserFilter) to context hddsDatanode
2022-09-12 01:24:33,388 [Listener at 127.0.0.1/35417] INFO  http.HttpServer2 (HttpServer2.java:addFilter(1013)) - Added filter static_user_filter (class=org.apache.hadoop.http.lib.StaticUserWebFilter$StaticUserFilter) to context static
2022-09-12 01:24:33,388 [Listener at 127.0.0.1/35417] INFO  http.HttpServer2 (HttpServer2.java:addFilter(1013)) - Added filter static_user_filter (class=org.apache.hadoop.http.lib.StaticUserWebFilter$StaticUserFilter) to context logs
2022-09-12 01:24:33,389 [Listener at 127.0.0.1/35417] INFO  http.HttpServer2 (HttpServer2.java:bindListener(1248)) - Jetty bound to port 36309
2022-09-12 01:24:33,389 [Listener at 127.0.0.1/35417] INFO  server.Server (Server.java:doStart(375)) - jetty-9.4.43.v20210629; built: 2021-06-30T11:07:22.254Z; git: 526006ecfa3af7f1a27ef3a288e2bef7ea9dd7e8; jvm 1.8.0_345-b01
2022-09-12 01:24:33,436 [Listener at 127.0.0.1/35417] INFO  server.session (DefaultSessionIdManager.java:doStart(334)) - DefaultSessionIdManager workerName=node0
2022-09-12 01:24:33,436 [Listener at 127.0.0.1/35417] INFO  server.session (DefaultSessionIdManager.java:doStart(339)) - No SessionScavenger set, using defaults
2022-09-12 01:24:33,437 [Listener at 127.0.0.1/35417] INFO  server.session (HouseKeeper.java:startScavenging(132)) - node0 Scavenging every 660000ms
2022-09-12 01:24:33,452 [Listener at 127.0.0.1/35417] INFO  handler.ContextHandler (ContextHandler.java:doStart(915)) - Started o.e.j.s.ServletContextHandler@7908de7f{logs,/logs,file:///home/runner/work/ozone/ozone/hadoop-ozone/integration-test/target/log,AVAILABLE}
2022-09-12 01:24:33,452 [Listener at 127.0.0.1/35417] INFO  handler.ContextHandler (ContextHandler.java:doStart(915)) - Started o.e.j.s.ServletContextHandler@7ba70d9{static,/static,jar:file:/home/runner/.m2/repository/org/apache/ozone/hdds-container-service/1.3.0-SNAPSHOT/hdds-container-service-1.3.0-SNAPSHOT.jar!/webapps/static,AVAILABLE}
2022-09-12 01:24:33,728 [EndpointStateMachine task thread for /127.0.0.1:40693 - 0 ] INFO  ipc.Client (Client.java:handleConnectionFailure(977)) - Retrying connect to server: localhost/127.0.0.1:40693. Already tried 8 time(s); retry policy is RetryUpToMaximumCountWithFixedSleep(maxRetries=15, sleepTime=1000 MILLISECONDS)
2022-09-12 01:24:33,766 [Listener at 127.0.0.1/35417] INFO  handler.ContextHandler (ContextHandler.java:doStart(915)) - Started o.e.j.w.WebAppContext@50953163{hddsDatanode,/,file:///tmp/jetty-0_0_0_0-36309-hdds-container-service-1_3_0-SNAPSHOT_jar-_-any-2128232715121505384/webapp/,AVAILABLE}{jar:file:/home/runner/.m2/repository/org/apache/ozone/hdds-container-service/1.3.0-SNAPSHOT/hdds-container-service-1.3.0-SNAPSHOT.jar!/webapps/hddsDatanode}
2022-09-12 01:24:33,772 [Listener at 127.0.0.1/35417] INFO  server.AbstractConnector (AbstractConnector.java:doStart(331)) - Started ServerConnector@145fe5ce{HTTP/1.1, (http/1.1)}{0.0.0.0:36309}
2022-09-12 01:24:33,773 [Listener at 127.0.0.1/35417] INFO  server.Server (Server.java:doStart(415)) - Started @94482ms
2022-09-12 01:24:33,773 [Listener at 127.0.0.1/35417] WARN  impl.MetricsSystemImpl (MetricsSystemImpl.java:register(279)) - Sink prometheus already exists!
2022-09-12 01:24:33,774 [Listener at 127.0.0.1/35417] INFO  http.BaseHttpServer (BaseHttpServer.java:updateConnectorAddress(333)) - HTTP server of hddsDatanode listening at http://0.0.0.0:36309
2022-09-12 01:24:33,785 [Datanode State Machine Daemon Thread] INFO  statemachine.DatanodeStateMachine (DatanodeStateMachine.java:lambda$startDaemon$0(492)) - Ozone container server started.
2022-09-12 01:24:33,786 [Listener at 127.0.0.1/35417] INFO  ozone.MiniOzoneClusterImpl (MiniOzoneClusterImpl.java:lambda$waitForClusterToBeReady$0(216)) - Waiting for nodes to be ready. Got 0 of 3 DN Heartbeats.
2022-09-12 01:24:33,786 [Listener at 127.0.0.1/35417] INFO  ozone.MiniOzoneClusterImpl (MiniOzoneClusterImpl.java:lambda$waitForClusterToBeReady$0(219)) - Waiting for cluster to exit safe mode
2022-09-12 01:24:33,786 [Listener at 127.0.0.1/35417] INFO  ozone.MiniOzoneClusterImpl (MiniOzoneClusterImpl.java:lambda$waitForClusterToBeReady$0(221)) - SCM became leader
2022-09-12 01:24:33,873 [org.apache.hadoop.util.JvmPauseMonitor$Monitor@72370f51] INFO  util.JvmPauseMonitor (JvmPauseMonitor.java:run(188)) - Starting JVM pause monitor
2022-09-12 01:24:33,888 [Datanode State Machine Task Thread - 0] INFO  ha.SCMNodeInfo (SCMNodeInfo.java:getPort(197)) - ConfigKey ozone.scm.client.address is deprecated, For configuring different ports for each SCM use PortConfigKey ozone.scm.client.port appended with serviceId and nodeId
2022-09-12 01:24:33,888 [Datanode State Machine Task Thread - 0] INFO  ha.SCMNodeInfo (SCMNodeInfo.java:getPort(197)) - ConfigKey ozone.scm.block.client.address is deprecated, For configuring different ports for each SCM use PortConfigKey ozone.scm.block.client.port appended with serviceId and nodeId
2022-09-12 01:24:33,888 [Datanode State Machine Task Thread - 0] INFO  ha.SCMNodeInfo (SCMNodeInfo.java:getPort(197)) - ConfigKey ozone.scm.datanode.address is deprecated, For configuring different ports for each SCM use PortConfigKey ozone.scm.datanode.port appended with serviceId and nodeId
2022-09-12 01:24:33,901 [Datanode State Machine Task Thread - 0] INFO  datanode.InitDatanodeState (InitDatanodeState.java:persistContainerDatanodeDetails(138)) - DatanodeDetails is persisted to /home/runner/work/ozone/ozone/hadoop-ozone/integration-test/target/test-dir/MiniOzoneClusterImpl-cb4dd006-d395-492a-b682-c2bfe535b5e8/datanode-2/meta/datanode.id
2022-09-12 01:24:34,485 [EndpointStateMachine task thread for /127.0.0.1:46755 - 0 ] INFO  volume.HddsVolume (HddsVolume.java:createDbStore(307)) - SchemaV3 db is created and loaded at /home/runner/work/ozone/ozone/hadoop-ozone/integration-test/target/test-dir/MiniOzoneClusterImpl-cb4dd006-d395-492a-b682-c2bfe535b5e8/datanode-0/data-0/containers/hdds/cb4dd006-d395-492a-b682-c2bfe535b5e8/DS-a5a559d6-6834-4a84-8e96-2b11bc4cc5d1/container.db for volume DS-a5a559d6-6834-4a84-8e96-2b11bc4cc5d1
2022-09-12 01:24:34,497 [EndpointStateMachine task thread for /127.0.0.1:46755 - 0 ] INFO  volume.HddsVolume (HddsVolume.java:closeDbStore(338)) - SchemaV3 db is stopped at /home/runner/work/ozone/ozone/hadoop-ozone/integration-test/target/test-dir/MiniOzoneClusterImpl-cb4dd006-d395-492a-b682-c2bfe535b5e8/datanode-0/data-0/containers/hdds/cb4dd006-d395-492a-b682-c2bfe535b5e8/DS-a5a559d6-6834-4a84-8e96-2b11bc4cc5d1/container.db for volume DS-a5a559d6-6834-4a84-8e96-2b11bc4cc5d1
2022-09-12 01:24:34,497 [EndpointStateMachine task thread for /127.0.0.1:46755 - 0 ] INFO  ozoneimpl.OzoneContainer (OzoneContainer.java:start(378)) - Attempting to start container services.
2022-09-12 01:24:34,497 [EndpointStateMachine task thread for /127.0.0.1:46755 - 0 ] INFO  ozoneimpl.OzoneContainer (OzoneContainer.java:startContainerScrub(313)) - Background container scanner has been disabled.
2022-09-12 01:24:34,502 [EndpointStateMachine task thread for /127.0.0.1:46755 - 0 ] INFO  replication.ReplicationServer (ReplicationServer.java:start(111)) - ReplicationServer is started using port 37855
2022-09-12 01:24:34,502 [EndpointStateMachine task thread for /127.0.0.1:46755 - 0 ] INFO  ratis.XceiverServerRatis (XceiverServerRatis.java:start(481)) - Starting XceiverServerRatis 74f1d438-0997-4634-9c34-91afcc4dae77
2022-09-12 01:24:34,503 [EndpointStateMachine task thread for /127.0.0.1:46755 - 0 ] INFO  server.RaftServer (RaftServerProxy.java:lambda$start$6(382)) - 74f1d438-0997-4634-9c34-91afcc4dae77: start RPC server
2022-09-12 01:24:34,517 [EndpointStateMachine task thread for /127.0.0.1:46755 - 0 ] INFO  server.GrpcService (GrpcService.java:startImpl(260)) - 74f1d438-0997-4634-9c34-91afcc4dae77: GrpcService started, listening on 37869
2022-09-12 01:24:34,522 [EndpointStateMachine task thread for /127.0.0.1:46755 - 0 ] INFO  ratis.XceiverServerRatis (XceiverServerRatis.java:getRealPort(502)) - XceiverServerRatis 74f1d438-0997-4634-9c34-91afcc4dae77 is started using port 37869 for RATIS
2022-09-12 01:24:34,522 [EndpointStateMachine task thread for /127.0.0.1:46755 - 0 ] INFO  ratis.XceiverServerRatis (XceiverServerRatis.java:getRealPort(502)) - XceiverServerRatis 74f1d438-0997-4634-9c34-91afcc4dae77 is started using port 37869 for RATIS_ADMIN
2022-09-12 01:24:34,522 [EndpointStateMachine task thread for /127.0.0.1:46755 - 0 ] INFO  ratis.XceiverServerRatis (XceiverServerRatis.java:getRealPort(502)) - XceiverServerRatis 74f1d438-0997-4634-9c34-91afcc4dae77 is started using port 37869 for RATIS_SERVER
2022-09-12 01:24:34,522 [org.apache.ratis.util.JvmPauseMonitor$$Lambda$605/1445225850@18a8ea52] INFO  util.JvmPauseMonitor (JvmPauseMonitor.java:run(103)) - JvmPauseMonitor-74f1d438-0997-4634-9c34-91afcc4dae77: Started
2022-09-12 01:24:34,545 [EndpointStateMachine task thread for /127.0.0.1:46755 - 0 ] INFO  server.XceiverServerGrpc (XceiverServerGrpc.java:start(180)) - XceiverServerGrpc 74f1d438-0997-4634-9c34-91afcc4dae77 is started using port 36375
2022-09-12 01:24:34,729 [EndpointStateMachine task thread for /127.0.0.1:40693 - 0 ] INFO  ipc.Client (Client.java:handleConnectionFailure(977)) - Retrying connect to server: localhost/127.0.0.1:40693. Already tried 9 time(s); retry policy is RetryUpToMaximumCountWithFixedSleep(maxRetries=15, sleepTime=1000 MILLISECONDS)
2022-09-12 01:24:34,786 [Listener at 127.0.0.1/35417] INFO  ozone.MiniOzoneClusterImpl (MiniOzoneClusterImpl.java:lambda$waitForClusterToBeReady$0(216)) - Waiting for nodes to be ready. Got 0 of 3 DN Heartbeats.
2022-09-12 01:24:34,786 [Listener at 127.0.0.1/35417] INFO  ozone.MiniOzoneClusterImpl (MiniOzoneClusterImpl.java:lambda$waitForClusterToBeReady$0(219)) - Waiting for cluster to exit safe mode
2022-09-12 01:24:34,786 [Listener at 127.0.0.1/35417] INFO  ozone.MiniOzoneClusterImpl (MiniOzoneClusterImpl.java:lambda$waitForClusterToBeReady$0(221)) - SCM became leader
2022-09-12 01:24:35,197 [EndpointStateMachine task thread for /127.0.0.1:46755 - 0 ] INFO  volume.HddsVolume (HddsVolume.java:createDbStore(307)) - SchemaV3 db is created and loaded at /home/runner/work/ozone/ozone/hadoop-ozone/integration-test/target/test-dir/MiniOzoneClusterImpl-cb4dd006-d395-492a-b682-c2bfe535b5e8/datanode-1/data-0/containers/hdds/cb4dd006-d395-492a-b682-c2bfe535b5e8/DS-454afe0e-1761-4930-9f6d-d730f0a5ef5e/container.db for volume DS-454afe0e-1761-4930-9f6d-d730f0a5ef5e
2022-09-12 01:24:35,197 [EndpointStateMachine task thread for /127.0.0.1:46755 - 0 ] INFO  volume.HddsVolume (HddsVolume.java:closeDbStore(338)) - SchemaV3 db is stopped at /home/runner/work/ozone/ozone/hadoop-ozone/integration-test/target/test-dir/MiniOzoneClusterImpl-cb4dd006-d395-492a-b682-c2bfe535b5e8/datanode-1/data-0/containers/hdds/cb4dd006-d395-492a-b682-c2bfe535b5e8/DS-454afe0e-1761-4930-9f6d-d730f0a5ef5e/container.db for volume DS-454afe0e-1761-4930-9f6d-d730f0a5ef5e
2022-09-12 01:24:35,197 [EndpointStateMachine task thread for /127.0.0.1:46755 - 0 ] INFO  ozoneimpl.OzoneContainer (OzoneContainer.java:start(378)) - Attempting to start container services.
2022-09-12 01:24:35,197 [EndpointStateMachine task thread for /127.0.0.1:46755 - 0 ] INFO  ozoneimpl.OzoneContainer (OzoneContainer.java:startContainerScrub(313)) - Background container scanner has been disabled.
2022-09-12 01:24:35,204 [EndpointStateMachine task thread for /127.0.0.1:46755 - 0 ] INFO  replication.ReplicationServer (ReplicationServer.java:start(111)) - ReplicationServer is started using port 33309
2022-09-12 01:24:35,212 [EndpointStateMachine task thread for /127.0.0.1:46755 - 0 ] INFO  ratis.XceiverServerRatis (XceiverServerRatis.java:start(481)) - Starting XceiverServerRatis c0693ef0-230a-48dd-aa8a-44a8c3878b49
2022-09-12 01:24:35,237 [EndpointStateMachine task thread for /127.0.0.1:46755 - 0 ] INFO  server.RaftServer (RaftServerProxy.java:lambda$start$6(382)) - c0693ef0-230a-48dd-aa8a-44a8c3878b49: start RPC server
2022-09-12 01:24:35,240 [EndpointStateMachine task thread for /127.0.0.1:46755 - 0 ] INFO  server.GrpcService (GrpcService.java:startImpl(260)) - c0693ef0-230a-48dd-aa8a-44a8c3878b49: GrpcService started, listening on 39373
2022-09-12 01:24:35,240 [EndpointStateMachine task thread for /127.0.0.1:46755 - 0 ] INFO  ratis.XceiverServerRatis (XceiverServerRatis.java:getRealPort(502)) - XceiverServerRatis c0693ef0-230a-48dd-aa8a-44a8c3878b49 is started using port 39373 for RATIS
2022-09-12 01:24:35,240 [EndpointStateMachine task thread for /127.0.0.1:46755 - 0 ] INFO  ratis.XceiverServerRatis (XceiverServerRatis.java:getRealPort(502)) - XceiverServerRatis c0693ef0-230a-48dd-aa8a-44a8c3878b49 is started using port 39373 for RATIS_ADMIN
2022-09-12 01:24:35,240 [EndpointStateMachine task thread for /127.0.0.1:46755 - 0 ] INFO  ratis.XceiverServerRatis (XceiverServerRatis.java:getRealPort(502)) - XceiverServerRatis c0693ef0-230a-48dd-aa8a-44a8c3878b49 is started using port 39373 for RATIS_SERVER
2022-09-12 01:24:35,240 [org.apache.ratis.util.JvmPauseMonitor$$Lambda$605/1445225850@6e0cac24] INFO  util.JvmPauseMonitor (JvmPauseMonitor.java:run(103)) - JvmPauseMonitor-c0693ef0-230a-48dd-aa8a-44a8c3878b49: Started
2022-09-12 01:24:35,264 [EndpointStateMachine task thread for /127.0.0.1:46755 - 0 ] INFO  server.XceiverServerGrpc (XceiverServerGrpc.java:start(180)) - XceiverServerGrpc c0693ef0-230a-48dd-aa8a-44a8c3878b49 is started using port 40657
2022-09-12 01:24:35,729 [EndpointStateMachine task thread for /127.0.0.1:40693 - 0 ] INFO  ipc.Client (Client.java:handleConnectionFailure(977)) - Retrying connect to server: localhost/127.0.0.1:40693. Already tried 10 time(s); retry policy is RetryUpToMaximumCountWithFixedSleep(maxRetries=15, sleepTime=1000 MILLISECONDS)
2022-09-12 01:24:35,787 [Listener at 127.0.0.1/35417] INFO  ozone.MiniOzoneClusterImpl (MiniOzoneClusterImpl.java:lambda$waitForClusterToBeReady$0(216)) - Waiting for nodes to be ready. Got 0 of 3 DN Heartbeats.
2022-09-12 01:24:35,787 [Listener at 127.0.0.1/35417] INFO  ozone.MiniOzoneClusterImpl (MiniOzoneClusterImpl.java:lambda$waitForClusterToBeReady$0(219)) - Waiting for cluster to exit safe mode
2022-09-12 01:24:35,787 [Listener at 127.0.0.1/35417] INFO  ozone.MiniOzoneClusterImpl (MiniOzoneClusterImpl.java:lambda$waitForClusterToBeReady$0(221)) - SCM became leader
2022-09-12 01:24:35,957 [EndpointStateMachine task thread for /127.0.0.1:46755 - 0 ] INFO  volume.HddsVolume (HddsVolume.java:createDbStore(307)) - SchemaV3 db is created and loaded at /home/runner/work/ozone/ozone/hadoop-ozone/integration-test/target/test-dir/MiniOzoneClusterImpl-cb4dd006-d395-492a-b682-c2bfe535b5e8/datanode-2/data-0/containers/hdds/cb4dd006-d395-492a-b682-c2bfe535b5e8/DS-c4788bf6-f251-41a5-961f-b01fc480c323/container.db for volume DS-c4788bf6-f251-41a5-961f-b01fc480c323
2022-09-12 01:24:35,958 [EndpointStateMachine task thread for /127.0.0.1:46755 - 0 ] INFO  volume.HddsVolume (HddsVolume.java:closeDbStore(338)) - SchemaV3 db is stopped at /home/runner/work/ozone/ozone/hadoop-ozone/integration-test/target/test-dir/MiniOzoneClusterImpl-cb4dd006-d395-492a-b682-c2bfe535b5e8/datanode-2/data-0/containers/hdds/cb4dd006-d395-492a-b682-c2bfe535b5e8/DS-c4788bf6-f251-41a5-961f-b01fc480c323/container.db for volume DS-c4788bf6-f251-41a5-961f-b01fc480c323
2022-09-12 01:24:35,958 [EndpointStateMachine task thread for /127.0.0.1:46755 - 0 ] INFO  ozoneimpl.OzoneContainer (OzoneContainer.java:start(378)) - Attempting to start container services.
2022-09-12 01:24:35,958 [EndpointStateMachine task thread for /127.0.0.1:46755 - 0 ] INFO  ozoneimpl.OzoneContainer (OzoneContainer.java:startContainerScrub(313)) - Background container scanner has been disabled.
2022-09-12 01:24:35,962 [EndpointStateMachine task thread for /127.0.0.1:46755 - 0 ] INFO  replication.ReplicationServer (ReplicationServer.java:start(111)) - ReplicationServer is started using port 37273
2022-09-12 01:24:35,964 [EndpointStateMachine task thread for /127.0.0.1:46755 - 0 ] INFO  ratis.XceiverServerRatis (XceiverServerRatis.java:start(481)) - Starting XceiverServerRatis 03e900db-606d-4788-a076-61e9663ea76b
2022-09-12 01:24:35,993 [EndpointStateMachine task thread for /127.0.0.1:46755 - 0 ] INFO  server.RaftServer (RaftServerProxy.java:lambda$start$6(382)) - 03e900db-606d-4788-a076-61e9663ea76b: start RPC server
2022-09-12 01:24:35,998 [EndpointStateMachine task thread for /127.0.0.1:46755 - 0 ] INFO  server.GrpcService (GrpcService.java:startImpl(260)) - 03e900db-606d-4788-a076-61e9663ea76b: GrpcService started, listening on 33425
2022-09-12 01:24:36,008 [EndpointStateMachine task thread for /127.0.0.1:46755 - 0 ] INFO  ratis.XceiverServerRatis (XceiverServerRatis.java:getRealPort(502)) - XceiverServerRatis 03e900db-606d-4788-a076-61e9663ea76b is started using port 33425 for RATIS
2022-09-12 01:24:36,009 [EndpointStateMachine task thread for /127.0.0.1:46755 - 0 ] INFO  ratis.XceiverServerRatis (XceiverServerRatis.java:getRealPort(502)) - XceiverServerRatis 03e900db-606d-4788-a076-61e9663ea76b is started using port 33425 for RATIS_ADMIN
2022-09-12 01:24:36,009 [EndpointStateMachine task thread for /127.0.0.1:46755 - 0 ] INFO  ratis.XceiverServerRatis (XceiverServerRatis.java:getRealPort(502)) - XceiverServerRatis 03e900db-606d-4788-a076-61e9663ea76b is started using port 33425 for RATIS_SERVER
2022-09-12 01:24:36,009 [org.apache.ratis.util.JvmPauseMonitor$$Lambda$605/1445225850@1eea864f] INFO  util.JvmPauseMonitor (JvmPauseMonitor.java:run(103)) - JvmPauseMonitor-03e900db-606d-4788-a076-61e9663ea76b: Started
2022-09-12 01:24:36,024 [EndpointStateMachine task thread for /127.0.0.1:46755 - 0 ] INFO  server.XceiverServerGrpc (XceiverServerGrpc.java:start(180)) - XceiverServerGrpc 03e900db-606d-4788-a076-61e9663ea76b is started using port 42069
2022-09-12 01:24:36,417 [IPC Server handler 31 on default port 46755] INFO  net.NetworkTopologyImpl (NetworkTopologyImpl.java:add(112)) - Added a new node: /default-rack/74f1d438-0997-4634-9c34-91afcc4dae77
2022-09-12 01:24:36,417 [IPC Server handler 31 on default port 46755] INFO  node.SCMNodeManager (SCMNodeManager.java:register(397)) - Registered Data node : 74f1d438-0997-4634-9c34-91afcc4dae77{ip: 127.0.0.1, host: localhost, ports: [REPLICATION=37855, RATIS=37869, RATIS_ADMIN=37869, RATIS_SERVER=37869, STANDALONE=36375], networkLocation: /default-rack, certSerialId: null, persistedOpState: null, persistedOpStateExpiryEpochSec: 0}
2022-09-12 01:24:36,423 [EventQueue-NewNodeForNewNodeHandler] INFO  pipeline.BackgroundPipelineCreator (BackgroundPipelineCreator.java:notifyEventTriggered(276)) - trigger a one-shot run on RatisPipelineUtilsThread.
2022-09-12 01:24:36,424 [EventQueue-NodeRegistrationContainerReportForDataNodeSafeModeRule] INFO  safemode.SCMSafeModeManager (DataNodeSafeModeRule.java:process(71)) - SCM in safe mode. 1 DataNodes registered, 3 required.
2022-09-12 01:24:36,425 [EventQueue-NodeRegistrationContainerReportForContainerSafeModeRule] INFO  safemode.SCMSafeModeManager (SCMSafeModeManager.java:validateSafeModeExitRules(204)) - ContainerSafeModeRule rule is successfully validated
2022-09-12 01:24:36,424 [RatisPipelineUtilsThread - 0] INFO  pipeline.RatisPipelineProvider (RatisPipelineProvider.java:lambda$create$0(195)) - Sending CreatePipelineCommand for pipeline:PipelineID=f9e42178-e7b7-45e5-aba7-c1f5d889a95e to datanode:74f1d438-0997-4634-9c34-91afcc4dae77
2022-09-12 01:24:36,437 [EventQueue-PipelineReportForOneReplicaPipelineSafeModeRule] INFO  safemode.SCMSafeModeManager (SCMSafeModeManager.java:validateSafeModeExitRules(204)) - AtleastOneDatanodeReportedRule rule is successfully validated
2022-09-12 01:24:36,478 [8e599114-682f-40f9-8544-01c79a4548da@group-C2BFE535B5E8-StateMachineUpdater] INFO  pipeline.PipelineStateManagerImpl (PipelineStateManagerImpl.java:addPipeline(103)) - Created pipeline Pipeline[ Id: f9e42178-e7b7-45e5-aba7-c1f5d889a95e, Nodes: 74f1d438-0997-4634-9c34-91afcc4dae77{ip: 127.0.0.1, host: localhost, ports: [REPLICATION=37855, RATIS=37869, RATIS_ADMIN=37869, RATIS_SERVER=37869, STANDALONE=36375], networkLocation: /default-rack, certSerialId: null, persistedOpState: IN_SERVICE, persistedOpStateExpiryEpochSec: 0}, ReplicationConfig: RATIS/ONE, State:ALLOCATED, leaderId:, CreationTimestamp2022-09-12T01:24:36.424Z[Etc/UTC]].
2022-09-12 01:24:36,478 [8e599114-682f-40f9-8544-01c79a4548da@group-C2BFE535B5E8-StateMachineUpdater] INFO  safemode.HealthyPipelineSafeModeRule (HealthyPipelineSafeModeRule.java:initializeRule(165)) - Refreshed total pipeline count is 0, healthy pipeline threshold count is 1
2022-09-12 01:24:36,730 [EndpointStateMachine task thread for /127.0.0.1:40693 - 0 ] INFO  ipc.Client (Client.java:handleConnectionFailure(977)) - Retrying connect to server: localhost/127.0.0.1:40693. Already tried 11 time(s); retry policy is RetryUpToMaximumCountWithFixedSleep(maxRetries=15, sleepTime=1000 MILLISECONDS)
2022-09-12 01:24:36,787 [Listener at 127.0.0.1/35417] INFO  ozone.MiniOzoneClusterImpl (MiniOzoneClusterImpl.java:lambda$waitForClusterToBeReady$0(216)) - Waiting for nodes to be ready. Got 1 of 3 DN Heartbeats.
2022-09-12 01:24:36,787 [Listener at 127.0.0.1/35417] INFO  ozone.MiniOzoneClusterImpl (MiniOzoneClusterImpl.java:lambda$waitForClusterToBeReady$0(219)) - Waiting for cluster to exit safe mode
2022-09-12 01:24:36,788 [Listener at 127.0.0.1/35417] INFO  ozone.MiniOzoneClusterImpl (MiniOzoneClusterImpl.java:lambda$waitForClusterToBeReady$0(221)) - SCM became leader
2022-09-12 01:24:37,133 [IPC Server handler 28 on default port 46755] INFO  net.NetworkTopologyImpl (NetworkTopologyImpl.java:add(112)) - Added a new node: /default-rack/c0693ef0-230a-48dd-aa8a-44a8c3878b49
2022-09-12 01:24:37,133 [IPC Server handler 28 on default port 46755] INFO  node.SCMNodeManager (SCMNodeManager.java:register(397)) - Registered Data node : c0693ef0-230a-48dd-aa8a-44a8c3878b49{ip: 127.0.0.1, host: localhost, ports: [REPLICATION=33309, RATIS=39373, RATIS_ADMIN=39373, RATIS_SERVER=39373, STANDALONE=40657], networkLocation: /default-rack, certSerialId: null, persistedOpState: null, persistedOpStateExpiryEpochSec: 0}
2022-09-12 01:24:37,134 [EventQueue-NewNodeForNewNodeHandler] INFO  pipeline.BackgroundPipelineCreator (BackgroundPipelineCreator.java:notifyEventTriggered(276)) - trigger a one-shot run on RatisPipelineUtilsThread.
2022-09-12 01:24:37,134 [EventQueue-NodeRegistrationContainerReportForDataNodeSafeModeRule] INFO  safemode.SCMSafeModeManager (DataNodeSafeModeRule.java:process(71)) - SCM in safe mode. 2 DataNodes registered, 3 required.
2022-09-12 01:24:37,135 [RatisPipelineUtilsThread - 0] INFO  pipeline.RatisPipelineProvider (RatisPipelineProvider.java:lambda$create$0(195)) - Sending CreatePipelineCommand for pipeline:PipelineID=9391a2d9-2f2c-4b9b-a582-f47393cad38e to datanode:c0693ef0-230a-48dd-aa8a-44a8c3878b49
2022-09-12 01:24:37,137 [8e599114-682f-40f9-8544-01c79a4548da@group-C2BFE535B5E8-StateMachineUpdater] INFO  pipeline.PipelineStateManagerImpl (PipelineStateManagerImpl.java:addPipeline(103)) - Created pipeline Pipeline[ Id: 9391a2d9-2f2c-4b9b-a582-f47393cad38e, Nodes: c0693ef0-230a-48dd-aa8a-44a8c3878b49{ip: 127.0.0.1, host: localhost, ports: [REPLICATION=33309, RATIS=39373, RATIS_ADMIN=39373, RATIS_SERVER=39373, STANDALONE=40657], networkLocation: /default-rack, certSerialId: null, persistedOpState: IN_SERVICE, persistedOpStateExpiryEpochSec: 0}, ReplicationConfig: RATIS/ONE, State:ALLOCATED, leaderId:, CreationTimestamp2022-09-12T01:24:37.135Z[Etc/UTC]].
2022-09-12 01:24:37,137 [8e599114-682f-40f9-8544-01c79a4548da@group-C2BFE535B5E8-StateMachineUpdater] INFO  safemode.HealthyPipelineSafeModeRule (HealthyPipelineSafeModeRule.java:initializeRule(165)) - Refreshed total pipeline count is 0, healthy pipeline threshold count is 1
2022-09-12 01:24:37,734 [EndpointStateMachine task thread for /127.0.0.1:40693 - 0 ] INFO  ipc.Client (Client.java:handleConnectionFailure(977)) - Retrying connect to server: localhost/127.0.0.1:40693. Already tried 12 time(s); retry policy is RetryUpToMaximumCountWithFixedSleep(maxRetries=15, sleepTime=1000 MILLISECONDS)
2022-09-12 01:24:37,788 [Listener at 127.0.0.1/35417] INFO  ozone.MiniOzoneClusterImpl (MiniOzoneClusterImpl.java:lambda$waitForClusterToBeReady$0(216)) - Waiting for nodes to be ready. Got 2 of 3 DN Heartbeats.
2022-09-12 01:24:37,788 [Listener at 127.0.0.1/35417] INFO  ozone.MiniOzoneClusterImpl (MiniOzoneClusterImpl.java:lambda$waitForClusterToBeReady$0(219)) - Waiting for cluster to exit safe mode
2022-09-12 01:24:37,788 [Listener at 127.0.0.1/35417] INFO  ozone.MiniOzoneClusterImpl (MiniOzoneClusterImpl.java:lambda$waitForClusterToBeReady$0(221)) - SCM became leader
2022-09-12 01:24:37,875 [IPC Server handler 46 on default port 46755] INFO  net.NetworkTopologyImpl (NetworkTopologyImpl.java:add(112)) - Added a new node: /default-rack/03e900db-606d-4788-a076-61e9663ea76b
2022-09-12 01:24:37,875 [IPC Server handler 46 on default port 46755] INFO  node.SCMNodeManager (SCMNodeManager.java:register(397)) - Registered Data node : 03e900db-606d-4788-a076-61e9663ea76b{ip: 127.0.0.1, host: localhost, ports: [REPLICATION=37273, RATIS=33425, RATIS_ADMIN=33425, RATIS_SERVER=33425, STANDALONE=42069], networkLocation: /default-rack, certSerialId: null, persistedOpState: null, persistedOpStateExpiryEpochSec: 0}
2022-09-12 01:24:37,875 [EventQueue-NewNodeForNewNodeHandler] INFO  pipeline.BackgroundPipelineCreator (BackgroundPipelineCreator.java:notifyEventTriggered(276)) - trigger a one-shot run on RatisPipelineUtilsThread.
2022-09-12 01:24:37,876 [RatisPipelineUtilsThread - 0] INFO  pipeline.RatisPipelineProvider (RatisPipelineProvider.java:lambda$create$0(195)) - Sending CreatePipelineCommand for pipeline:PipelineID=6dc43382-3a53-4f47-bfc3-ac284e633f92 to datanode:03e900db-606d-4788-a076-61e9663ea76b
2022-09-12 01:24:37,878 [8e599114-682f-40f9-8544-01c79a4548da@group-C2BFE535B5E8-StateMachineUpdater] INFO  pipeline.PipelineStateManagerImpl (PipelineStateManagerImpl.java:addPipeline(103)) - Created pipeline Pipeline[ Id: 6dc43382-3a53-4f47-bfc3-ac284e633f92, Nodes: 03e900db-606d-4788-a076-61e9663ea76b{ip: 127.0.0.1, host: localhost, ports: [REPLICATION=37273, RATIS=33425, RATIS_ADMIN=33425, RATIS_SERVER=33425, STANDALONE=42069], networkLocation: /default-rack, certSerialId: null, persistedOpState: IN_SERVICE, persistedOpStateExpiryEpochSec: 0}, ReplicationConfig: RATIS/ONE, State:ALLOCATED, leaderId:, CreationTimestamp2022-09-12T01:24:37.876Z[Etc/UTC]].
2022-09-12 01:24:37,878 [8e599114-682f-40f9-8544-01c79a4548da@group-C2BFE535B5E8-StateMachineUpdater] INFO  safemode.HealthyPipelineSafeModeRule (HealthyPipelineSafeModeRule.java:initializeRule(165)) - Refreshed total pipeline count is 0, healthy pipeline threshold count is 1
2022-09-12 01:24:37,881 [EventQueue-NodeRegistrationContainerReportForDataNodeSafeModeRule] INFO  safemode.SCMSafeModeManager (DataNodeSafeModeRule.java:process(71)) - SCM in safe mode. 3 DataNodes registered, 3 required.
2022-09-12 01:24:37,888 [EventQueue-NodeRegistrationContainerReportForDataNodeSafeModeRule] INFO  safemode.SCMSafeModeManager (SCMSafeModeManager.java:validateSafeModeExitRules(204)) - DataNodeSafeModeRule rule is successfully validated
2022-09-12 01:24:37,888 [EventQueue-NodeRegistrationContainerReportForDataNodeSafeModeRule] INFO  safemode.SCMSafeModeManager (SCMSafeModeManager.java:completePreCheck(233)) - All SCM safe mode pre check rules have passed
2022-09-12 01:24:37,888 [EventQueue-NodeRegistrationContainerReportForDataNodeSafeModeRule] WARN  events.EventQueue (EventQueue.java:fireEvent(216)) - No event handler registered for event TypedEvent{payloadType=SafeModeStatus, name='Safe mode status'}
2022-09-12 01:24:37,888 [EventQueue-NodeRegistrationContainerReportForDataNodeSafeModeRule] INFO  ha.SCMContext (SCMContext.java:updateSafeModeStatus(228)) - Update SafeModeStatus from SafeModeStatus{safeModeStatus=true, preCheckPassed=false} to SafeModeStatus{safeModeStatus=true, preCheckPassed=true}.
2022-09-12 01:24:37,888 [EventQueue-NodeRegistrationContainerReportForDataNodeSafeModeRule] INFO  pipeline.BackgroundPipelineCreator (BackgroundPipelineCreator.java:notifyEventTriggered(276)) - trigger a one-shot run on RatisPipelineUtilsThread.
2022-09-12 01:24:37,889 [RatisPipelineUtilsThread - 0] INFO  pipeline.RatisPipelineProvider (RatisPipelineProvider.java:lambda$create$0(195)) - Sending CreatePipelineCommand for pipeline:PipelineID=e06de977-4479-41a0-a697-26218cacbd25 to datanode:c0693ef0-230a-48dd-aa8a-44a8c3878b49
2022-09-12 01:24:37,889 [RatisPipelineUtilsThread - 0] INFO  pipeline.RatisPipelineProvider (RatisPipelineProvider.java:lambda$create$0(195)) - Sending CreatePipelineCommand for pipeline:PipelineID=e06de977-4479-41a0-a697-26218cacbd25 to datanode:74f1d438-0997-4634-9c34-91afcc4dae77
2022-09-12 01:24:37,889 [RatisPipelineUtilsThread - 0] INFO  pipeline.RatisPipelineProvider (RatisPipelineProvider.java:lambda$create$0(195)) - Sending CreatePipelineCommand for pipeline:PipelineID=e06de977-4479-41a0-a697-26218cacbd25 to datanode:03e900db-606d-4788-a076-61e9663ea76b
2022-09-12 01:24:37,890 [8e599114-682f-40f9-8544-01c79a4548da@group-C2BFE535B5E8-StateMachineUpdater] INFO  pipeline.PipelineStateManagerImpl (PipelineStateManagerImpl.java:addPipeline(103)) - Created pipeline Pipeline[ Id: e06de977-4479-41a0-a697-26218cacbd25, Nodes: c0693ef0-230a-48dd-aa8a-44a8c3878b49{ip: 127.0.0.1, host: localhost, ports: [REPLICATION=33309, RATIS=39373, RATIS_ADMIN=39373, RATIS_SERVER=39373, STANDALONE=40657], networkLocation: /default-rack, certSerialId: null, persistedOpState: IN_SERVICE, persistedOpStateExpiryEpochSec: 0}74f1d438-0997-4634-9c34-91afcc4dae77{ip: 127.0.0.1, host: localhost, ports: [REPLICATION=37855, RATIS=37869, RATIS_ADMIN=37869, RATIS_SERVER=37869, STANDALONE=36375], networkLocation: /default-rack, certSerialId: null, persistedOpState: IN_SERVICE, persistedOpStateExpiryEpochSec: 0}03e900db-606d-4788-a076-61e9663ea76b{ip: 127.0.0.1, host: localhost, ports: [REPLICATION=37273, RATIS=33425, RATIS_ADMIN=33425, RATIS_SERVER=33425, STANDALONE=42069], networkLocation: /default-rack, certSerialId: null, persistedOpState: IN_SERVICE, persistedOpStateExpiryEpochSec: 0}, ReplicationConfig: RATIS/THREE, State:ALLOCATED, leaderId:, CreationTimestamp2022-09-12T01:24:37.889Z[Etc/UTC]].
2022-09-12 01:24:37,891 [8e599114-682f-40f9-8544-01c79a4548da@group-C2BFE535B5E8-StateMachineUpdater] INFO  safemode.HealthyPipelineSafeModeRule (HealthyPipelineSafeModeRule.java:initializeRule(165)) - Refreshed total pipeline count is 0, healthy pipeline threshold count is 1
2022-09-12 01:24:37,891 [RatisPipelineUtilsThread - 0] INFO  pipeline.RatisPipelineProvider (RatisPipelineProvider.java:lambda$create$0(195)) - Sending CreatePipelineCommand for pipeline:PipelineID=e801544d-53ff-4a18-a75b-20b7cee0df6d to datanode:03e900db-606d-4788-a076-61e9663ea76b
2022-09-12 01:24:37,901 [RatisPipelineUtilsThread - 0] INFO  pipeline.RatisPipelineProvider (RatisPipelineProvider.java:lambda$create$0(195)) - Sending CreatePipelineCommand for pipeline:PipelineID=e801544d-53ff-4a18-a75b-20b7cee0df6d to datanode:74f1d438-0997-4634-9c34-91afcc4dae77
2022-09-12 01:24:37,901 [RatisPipelineUtilsThread - 0] INFO  pipeline.RatisPipelineProvider (RatisPipelineProvider.java:lambda$create$0(195)) - Sending CreatePipelineCommand for pipeline:PipelineID=e801544d-53ff-4a18-a75b-20b7cee0df6d to datanode:c0693ef0-230a-48dd-aa8a-44a8c3878b49
2022-09-12 01:24:37,909 [8e599114-682f-40f9-8544-01c79a4548da@group-C2BFE535B5E8-StateMachineUpdater] INFO  pipeline.PipelineStateManagerImpl (PipelineStateManagerImpl.java:addPipeline(103)) - Created pipeline Pipeline[ Id: e801544d-53ff-4a18-a75b-20b7cee0df6d, Nodes: 03e900db-606d-4788-a076-61e9663ea76b{ip: 127.0.0.1, host: localhost, ports: [REPLICATION=37273, RATIS=33425, RATIS_ADMIN=33425, RATIS_SERVER=33425, STANDALONE=42069], networkLocation: /default-rack, certSerialId: null, persistedOpState: IN_SERVICE, persistedOpStateExpiryEpochSec: 0}74f1d438-0997-4634-9c34-91afcc4dae77{ip: 127.0.0.1, host: localhost, ports: [REPLICATION=37855, RATIS=37869, RATIS_ADMIN=37869, RATIS_SERVER=37869, STANDALONE=36375], networkLocation: /default-rack, certSerialId: null, persistedOpState: IN_SERVICE, persistedOpStateExpiryEpochSec: 0}c0693ef0-230a-48dd-aa8a-44a8c3878b49{ip: 127.0.0.1, host: localhost, ports: [REPLICATION=33309, RATIS=39373, RATIS_ADMIN=39373, RATIS_SERVER=39373, STANDALONE=40657], networkLocation: /default-rack, certSerialId: null, persistedOpState: IN_SERVICE, persistedOpStateExpiryEpochSec: 0}, ReplicationConfig: RATIS/THREE, State:ALLOCATED, leaderId:, CreationTimestamp2022-09-12T01:24:37.891Z[Etc/UTC]].
2022-09-12 01:24:37,909 [8e599114-682f-40f9-8544-01c79a4548da@group-C2BFE535B5E8-StateMachineUpdater] INFO  safemode.HealthyPipelineSafeModeRule (HealthyPipelineSafeModeRule.java:initializeRule(165)) - Refreshed total pipeline count is 0, healthy pipeline threshold count is 1
2022-09-12 01:24:37,909 [RatisPipelineUtilsThread - 0] INFO  pipeline.PipelineManagerImpl (PipelineManagerImpl.java:recordMetricsForPipeline(796)) - Pipeline: PipelineID=e801544d-53ff-4a18-a75b-20b7cee0df6d contains same datanodes as previous pipelines: PipelineID=e06de977-4479-41a0-a697-26218cacbd25 nodeIds: 03e900db-606d-4788-a076-61e9663ea76b, 74f1d438-0997-4634-9c34-91afcc4dae77, c0693ef0-230a-48dd-aa8a-44a8c3878b49
2022-09-12 01:24:38,735 [EndpointStateMachine task thread for /127.0.0.1:40693 - 0 ] INFO  ipc.Client (Client.java:handleConnectionFailure(977)) - Retrying connect to server: localhost/127.0.0.1:40693. Already tried 13 time(s); retry policy is RetryUpToMaximumCountWithFixedSleep(maxRetries=15, sleepTime=1000 MILLISECONDS)
2022-09-12 01:24:38,788 [Listener at 127.0.0.1/35417] INFO  ozone.MiniOzoneClusterImpl (MiniOzoneClusterImpl.java:lambda$waitForClusterToBeReady$0(216)) - Nodes are ready. Got 3 of 3 DN Heartbeats.
2022-09-12 01:24:38,789 [Listener at 127.0.0.1/35417] INFO  ozone.MiniOzoneClusterImpl (MiniOzoneClusterImpl.java:lambda$waitForClusterToBeReady$0(219)) - Waiting for cluster to exit safe mode
2022-09-12 01:24:38,789 [Listener at 127.0.0.1/35417] INFO  ozone.MiniOzoneClusterImpl (MiniOzoneClusterImpl.java:lambda$waitForClusterToBeReady$0(221)) - SCM became leader
2022-09-12 01:24:39,419 [Command processor thread] INFO  server.RaftServer (RaftServerProxy.java:addNew(96)) - 74f1d438-0997-4634-9c34-91afcc4dae77: addNew group-C1F5D889A95E:[74f1d438-0997-4634-9c34-91afcc4dae77|rpc:127.0.0.1:37869|priority:1] returns group-C1F5D889A95E:java.util.concurrent.CompletableFuture@715bd4be[Not completed]
2022-09-12 01:24:39,437 [pool-330-thread-1] INFO  server.RaftServer$Division (RaftServerImpl.java:<init>(190)) - 74f1d438-0997-4634-9c34-91afcc4dae77: new RaftServerImpl for group-C1F5D889A95E:[74f1d438-0997-4634-9c34-91afcc4dae77|rpc:127.0.0.1:37869|priority:1] with ContainerStateMachine:uninitialized
2022-09-12 01:24:39,437 [pool-330-thread-1] INFO  server.RaftServerConfigKeys (ConfUtils.java:logGet(46)) - raft.server.rpc.timeout.min = 5s (custom)
2022-09-12 01:24:39,438 [pool-330-thread-1] INFO  server.RaftServerConfigKeys (ConfUtils.java:logGet(46)) - raft.server.rpc.timeout.max = 5200ms (custom)
2022-09-12 01:24:39,438 [pool-330-thread-1] INFO  server.RaftServerConfigKeys (ConfUtils.java:logGet(46)) - raft.server.rpc.sleep.time = 25ms (default)
2022-09-12 01:24:39,438 [pool-330-thread-1] INFO  server.RaftServerConfigKeys (ConfUtils.java:logGet(46)) - raft.server.rpc.slowness.timeout = 300s (custom)
2022-09-12 01:24:39,438 [pool-330-thread-1] INFO  server.RaftServerConfigKeys (ConfUtils.java:logGet(46)) - raft.server.leaderelection.leader.step-down.wait-time = 10s (default)
2022-09-12 01:24:39,438 [pool-330-thread-1] INFO  server.RaftServerConfigKeys (ConfUtils.java:logGet(46)) - raft.server.sleep.deviation.threshold = 300ms (default)
2022-09-12 01:24:39,438 [pool-330-thread-1] INFO  server.RaftServer$Division (ServerState.java:<init>(107)) - 74f1d438-0997-4634-9c34-91afcc4dae77@group-C1F5D889A95E: ConfigurationManager, init=-1: [74f1d438-0997-4634-9c34-91afcc4dae77|rpc:127.0.0.1:37869|priority:1], old=null, confs=<EMPTY_MAP>
2022-09-12 01:24:39,438 [pool-330-thread-1] INFO  server.RaftServerConfigKeys (ConfUtils.java:logGet(46)) - raft.server.storage.dir = [/home/runner/work/ozone/ozone/hadoop-ozone/integration-test/target/test-dir/MiniOzoneClusterImpl-cb4dd006-d395-492a-b682-c2bfe535b5e8/datanode-0/data/ratis] (custom)
2022-09-12 01:24:39,438 [pool-330-thread-1] INFO  server.RaftServerConfigKeys (ConfUtils.java:logGet(46)) - raft.server.log.corruption.policy = EXCEPTION (default)
2022-09-12 01:24:39,438 [pool-330-thread-1] INFO  server.RaftServerConfigKeys (ConfUtils.java:logGet(46)) - raft.server.storage.free-space.min = 0MB (=0) (default)
2022-09-12 01:24:39,438 [pool-330-thread-1] INFO  storage.RaftStorageDirectory (RaftStorageDirectoryImpl.java:analyzeStorage(135)) - The storage directory /home/runner/work/ozone/ozone/hadoop-ozone/integration-test/target/test-dir/MiniOzoneClusterImpl-cb4dd006-d395-492a-b682-c2bfe535b5e8/datanode-0/data/ratis/f9e42178-e7b7-45e5-aba7-c1f5d889a95e does not exist. Creating ...
2022-09-12 01:24:39,445 [pool-330-thread-1] INFO  storage.RaftStorageDirectory (RaftStorageDirectoryImpl.java:tryLock(230)) - Lock on /home/runner/work/ozone/ozone/hadoop-ozone/integration-test/target/test-dir/MiniOzoneClusterImpl-cb4dd006-d395-492a-b682-c2bfe535b5e8/datanode-0/data/ratis/f9e42178-e7b7-45e5-aba7-c1f5d889a95e/in_use.lock acquired by nodename 51693@fv-az167-317
2022-09-12 01:24:39,446 [pool-330-thread-1] INFO  storage.RaftStorage (RaftStorageImpl.java:format(89)) - Storage directory /home/runner/work/ozone/ozone/hadoop-ozone/integration-test/target/test-dir/MiniOzoneClusterImpl-cb4dd006-d395-492a-b682-c2bfe535b5e8/datanode-0/data/ratis/f9e42178-e7b7-45e5-aba7-c1f5d889a95e has been successfully formatted.
2022-09-12 01:24:39,447 [pool-330-thread-1] INFO  ratis.ContainerStateMachine (ContainerStateMachine.java:loadSnapshot(236)) - group-C1F5D889A95E: The snapshot info is null. Setting the last applied indexto:(t:0, i:~)
2022-09-12 01:24:39,447 [pool-330-thread-1] INFO  server.RaftServerConfigKeys (ConfUtils.java:logGet(46)) - raft.server.notification.no-leader.timeout = 300s (custom)
2022-09-12 01:24:39,447 [pool-330-thread-1] INFO  server.RaftServerConfigKeys (ConfUtils.java:logGet(46)) - raft.server.log.use.memory = false (default)
2022-09-12 01:24:39,447 [pool-330-thread-1] INFO  server.RaftServerConfigKeys (ConfUtils.java:logGet(46)) - raft.server.log.purge.gap = 1000000 (custom)
2022-09-12 01:24:39,448 [EventQueue-PipelineReportForPipelineReportHandler] INFO  pipeline.PipelineManagerImpl (PipelineManagerImpl.java:openPipeline(367)) - Pipeline Pipeline[ Id: f9e42178-e7b7-45e5-aba7-c1f5d889a95e, Nodes: 74f1d438-0997-4634-9c34-91afcc4dae77{ip: 127.0.0.1, host: localhost, ports: [REPLICATION=37855, RATIS=37869, RATIS_ADMIN=37869, RATIS_SERVER=37869, STANDALONE=36375], networkLocation: /default-rack, certSerialId: null, persistedOpState: IN_SERVICE, persistedOpStateExpiryEpochSec: 0}, ReplicationConfig: RATIS/ONE, State:ALLOCATED, leaderId:74f1d438-0997-4634-9c34-91afcc4dae77, CreationTimestamp2022-09-12T01:24:36.424Z[Etc/UTC]] moved to OPEN state
2022-09-12 01:24:39,452 [8e599114-682f-40f9-8544-01c79a4548da@group-C2BFE535B5E8-StateMachineUpdater] INFO  safemode.HealthyPipelineSafeModeRule (HealthyPipelineSafeModeRule.java:initializeRule(165)) - Refreshed total pipeline count is 0, healthy pipeline threshold count is 1
2022-09-12 01:24:39,452 [pool-330-thread-1] INFO  server.RaftServerConfigKeys (ConfUtils.java:logGet(46)) - raft.server.log.appender.buffer.byte-limit = 33554432 (custom)
2022-09-12 01:24:39,453 [pool-330-thread-1] INFO  server.RaftServerConfigKeys (ConfUtils.java:logGet(46)) - raft.server.log.statemachine.data.read.timeout = 1000ms (default)
2022-09-12 01:24:39,453 [pool-330-thread-1] INFO  server.RaftServerConfigKeys (ConfUtils.java:logGet(46)) - raft.server.log.segment.size.max = 1048576 (custom)
2022-09-12 01:24:39,454 [pool-330-thread-1] INFO  server.RaftServerConfigKeys (ConfUtils.java:logGet(46)) - raft.server.log.segment.cache.num.max = 2 (custom)
2022-09-12 01:24:39,454 [pool-330-thread-1] INFO  server.RaftServerConfigKeys (ConfUtils.java:logGet(46)) - raft.server.log.segment.cache.size.max = 200MB (=209715200) (default)
2022-09-12 01:24:39,454 [pool-330-thread-1] INFO  segmented.SegmentedRaftLogWorker (SegmentedRaftLogWorker.java:<init>(187)) - new 74f1d438-0997-4634-9c34-91afcc4dae77@group-C1F5D889A95E-SegmentedRaftLogWorker for RaftStorageImpl:Storage Directory /home/runner/work/ozone/ozone/hadoop-ozone/integration-test/target/test-dir/MiniOzoneClusterImpl-cb4dd006-d395-492a-b682-c2bfe535b5e8/datanode-0/data/ratis/f9e42178-e7b7-45e5-aba7-c1f5d889a95e
2022-09-12 01:24:39,454 [pool-330-thread-1] INFO  server.RaftServerConfigKeys (ConfUtils.java:logGet(46)) - raft.server.log.queue.byte-limit = 4294967296 (custom)
2022-09-12 01:24:39,454 [pool-330-thread-1] INFO  server.RaftServerConfigKeys (ConfUtils.java:logGet(46)) - raft.server.log.queue.element-limit = 1024 (custom)
2022-09-12 01:24:39,454 [pool-330-thread-1] INFO  server.RaftServerConfigKeys (ConfUtils.java:logGet(46)) - raft.server.log.segment.size.max = 1048576 (custom)
2022-09-12 01:24:39,454 [pool-330-thread-1] INFO  server.RaftServerConfigKeys (ConfUtils.java:logGet(46)) - raft.server.log.preallocated.size = 16384 (custom)
2022-09-12 01:24:39,454 [pool-330-thread-1] INFO  server.RaftServerConfigKeys (ConfUtils.java:logGet(46)) - raft.server.log.force.sync.num = 128 (default)
2022-09-12 01:24:39,454 [pool-330-thread-1] INFO  server.RaftServerConfigKeys (ConfUtils.java:logGet(46)) - raft.server.log.statemachine.data.sync = true (default)
2022-09-12 01:24:39,454 [pool-330-thread-1] INFO  server.RaftServerConfigKeys (ConfUtils.java:logGet(46)) - raft.server.log.statemachine.data.sync.timeout = 10s (default)
2022-09-12 01:24:39,454 [pool-330-thread-1] INFO  server.RaftServerConfigKeys (ConfUtils.java:logGet(46)) - raft.server.log.statemachine.data.sync.timeout.retry = -1 (default)
2022-09-12 01:24:39,455 [pool-330-thread-1] INFO  server.RaftServerConfigKeys (ConfUtils.java:logGet(46)) - raft.server.log.write.buffer.size = 1048576 (custom)
2022-09-12 01:24:39,455 [pool-330-thread-1] INFO  server.RaftServerConfigKeys (ConfUtils.java:logGet(46)) - raft.server.log.unsafe-flush.enabled = false (default)
2022-09-12 01:24:39,455 [pool-330-thread-1] INFO  server.RaftServerConfigKeys (ConfUtils.java:logGet(46)) - raft.server.log.statemachine.data.caching.enabled = true (custom)
2022-09-12 01:24:39,456 [pool-330-thread-1] INFO  segmented.SegmentedRaftLogWorker (SegmentedRaftLogWorker.java:lambda$new$0(135)) - 74f1d438-0997-4634-9c34-91afcc4dae77@group-C1F5D889A95E-SegmentedRaftLogWorker: flushIndex: setUnconditionally 0 -> -1
2022-09-12 01:24:39,456 [pool-330-thread-1] INFO  segmented.SegmentedRaftLogWorker (SegmentedRaftLogWorker.java:lambda$new$0(135)) - 74f1d438-0997-4634-9c34-91afcc4dae77@group-C1F5D889A95E-SegmentedRaftLogWorker: safeCacheEvictIndex: setUnconditionally 0 -> -1
2022-09-12 01:24:39,456 [pool-330-thread-1] INFO  server.RaftServerConfigKeys (ConfUtils.java:logGet(46)) - raft.server.snapshot.auto.trigger.enabled = true (custom)
2022-09-12 01:24:39,456 [pool-330-thread-1] INFO  server.RaftServerConfigKeys (ConfUtils.java:logGet(46)) - raft.server.snapshot.auto.trigger.threshold = 10000 (custom)
2022-09-12 01:24:39,456 [pool-330-thread-1] INFO  server.RaftServerConfigKeys (ConfUtils.java:logGet(46)) - raft.server.snapshot.retention.file.num = 5 (custom)
2022-09-12 01:24:39,456 [pool-330-thread-1] INFO  server.RaftServerConfigKeys (ConfUtils.java:logGet(46)) - raft.server.log.purge.upto.snapshot.index = false (default)
2022-09-12 01:24:39,456 [pool-330-thread-1] INFO  server.RaftServerConfigKeys (ConfUtils.java:logGet(46)) - raft.server.retrycache.expirytime = 600000ms (custom)
2022-09-12 01:24:39,457 [pool-330-thread-1] INFO  server.RaftServerConfigKeys (ConfUtils.java:logGet(46)) - raft.server.retrycache.statistics.expirytime = 100μs (default)
2022-09-12 01:24:39,458 [pool-330-thread-1] INFO  server.RaftServerConfigKeys (ConfUtils.java:logGet(46)) - raft.server.log.appender.install.snapshot.enabled = false (custom)
2022-09-12 01:24:39,468 [pool-330-thread-1] INFO  server.RaftServerConfigKeys (ConfUtils.java:logGet(46)) - raft.server.threadpool.server.cached = true (default)
2022-09-12 01:24:39,468 [pool-330-thread-1] INFO  server.RaftServerConfigKeys (ConfUtils.java:logGet(46)) - raft.server.threadpool.server.size = 0 (default)
2022-09-12 01:24:39,469 [pool-330-thread-1] INFO  server.RaftServerConfigKeys (ConfUtils.java:logGet(46)) - raft.server.threadpool.client.cached = true (default)
2022-09-12 01:24:39,469 [pool-330-thread-1] INFO  server.RaftServerConfigKeys (ConfUtils.java:logGet(46)) - raft.server.threadpool.client.size = 0 (default)
2022-09-12 01:24:39,469 [pool-330-thread-1] INFO  server.RaftServer$Division (RaftServerImpl.java:start(310)) - 74f1d438-0997-4634-9c34-91afcc4dae77@group-C1F5D889A95E: start as a follower, conf=-1: [74f1d438-0997-4634-9c34-91afcc4dae77|rpc:127.0.0.1:37869|priority:1], old=null
2022-09-12 01:24:39,469 [pool-330-thread-1] INFO  server.RaftServer$Division (RaftServerImpl.java:setRole(299)) - 74f1d438-0997-4634-9c34-91afcc4dae77@group-C1F5D889A95E: changes role from      null to FOLLOWER at term 0 for startAsFollower
2022-09-12 01:24:39,469 [pool-330-thread-1] INFO  impl.RoleInfo (RoleInfo.java:updateAndGet(139)) - 74f1d438-0997-4634-9c34-91afcc4dae77: start 74f1d438-0997-4634-9c34-91afcc4dae77@group-C1F5D889A95E-FollowerState
2022-09-12 01:24:39,469 [EventQueue-OpenPipelineForHealthyPipelineSafeModeRule] INFO  safemode.SCMSafeModeManager (HealthyPipelineSafeModeRule.java:process(137)) - SCM in safe mode. Healthy pipelines reported count is 0, required healthy pipeline reported count is 1
2022-09-12 01:24:39,476 [pool-330-thread-1] INFO  util.JmxRegister (JmxRegister.java:tryRegister(44)) - Successfully registered JMX Bean with object name Ratis:service=RaftServer,group=group-C1F5D889A95E,id=74f1d438-0997-4634-9c34-91afcc4dae77
2022-09-12 01:24:39,492 [Command processor thread] INFO  ratis.XceiverServerRatis (XceiverServerRatis.java:addGroup(765)) - Created group PipelineID=f9e42178-e7b7-45e5-aba7-c1f5d889a95e
2022-09-12 01:24:39,492 [Command processor thread] INFO  commandhandler.CreatePipelineCommandHandler (CreatePipelineCommandHandler.java:handle(113)) - Created Pipeline RATIS ONE PipelineID=f9e42178-e7b7-45e5-aba7-c1f5d889a95e.
2022-09-12 01:24:39,493 [Command processor thread] INFO  server.RaftServer (RaftServerProxy.java:addNew(96)) - 74f1d438-0997-4634-9c34-91afcc4dae77: addNew group-26218CACBD25:[74f1d438-0997-4634-9c34-91afcc4dae77|rpc:127.0.0.1:37869|priority:0, c0693ef0-230a-48dd-aa8a-44a8c3878b49|rpc:127.0.0.1:39373|priority:1, 03e900db-606d-4788-a076-61e9663ea76b|rpc:127.0.0.1:33425|priority:0] returns group-26218CACBD25:java.util.concurrent.CompletableFuture@75644e4d[Not completed]
2022-09-12 01:24:39,493 [pool-330-thread-1] INFO  server.RaftServer$Division (RaftServerImpl.java:<init>(190)) - 74f1d438-0997-4634-9c34-91afcc4dae77: new RaftServerImpl for group-26218CACBD25:[74f1d438-0997-4634-9c34-91afcc4dae77|rpc:127.0.0.1:37869|priority:0, c0693ef0-230a-48dd-aa8a-44a8c3878b49|rpc:127.0.0.1:39373|priority:1, 03e900db-606d-4788-a076-61e9663ea76b|rpc:127.0.0.1:33425|priority:0] with ContainerStateMachine:uninitialized
2022-09-12 01:24:39,494 [pool-330-thread-1] INFO  server.RaftServerConfigKeys (ConfUtils.java:logGet(46)) - raft.server.rpc.timeout.min = 5s (custom)
2022-09-12 01:24:39,494 [pool-330-thread-1] INFO  server.RaftServerConfigKeys (ConfUtils.java:logGet(46)) - raft.server.rpc.timeout.max = 5200ms (custom)
2022-09-12 01:24:39,494 [pool-330-thread-1] INFO  server.RaftServerConfigKeys (ConfUtils.java:logGet(46)) - raft.server.rpc.sleep.time = 25ms (default)
2022-09-12 01:24:39,494 [pool-330-thread-1] INFO  server.RaftServerConfigKeys (ConfUtils.java:logGet(46)) - raft.server.rpc.slowness.timeout = 300s (custom)
2022-09-12 01:24:39,494 [pool-330-thread-1] INFO  server.RaftServerConfigKeys (ConfUtils.java:logGet(46)) - raft.server.leaderelection.leader.step-down.wait-time = 10s (default)
2022-09-12 01:24:39,494 [pool-330-thread-1] INFO  server.RaftServerConfigKeys (ConfUtils.java:logGet(46)) - raft.server.sleep.deviation.threshold = 300ms (default)
2022-09-12 01:24:39,494 [pool-330-thread-1] INFO  server.RaftServer$Division (ServerState.java:<init>(107)) - 74f1d438-0997-4634-9c34-91afcc4dae77@group-26218CACBD25: ConfigurationManager, init=-1: [74f1d438-0997-4634-9c34-91afcc4dae77|rpc:127.0.0.1:37869|priority:0, c0693ef0-230a-48dd-aa8a-44a8c3878b49|rpc:127.0.0.1:39373|priority:1, 03e900db-606d-4788-a076-61e9663ea76b|rpc:127.0.0.1:33425|priority:0], old=null, confs=<EMPTY_MAP>
2022-09-12 01:24:39,494 [pool-330-thread-1] INFO  server.RaftServerConfigKeys (ConfUtils.java:logGet(46)) - raft.server.storage.dir = [/home/runner/work/ozone/ozone/hadoop-ozone/integration-test/target/test-dir/MiniOzoneClusterImpl-cb4dd006-d395-492a-b682-c2bfe535b5e8/datanode-0/data/ratis] (custom)
2022-09-12 01:24:39,494 [pool-330-thread-1] INFO  server.RaftServerConfigKeys (ConfUtils.java:logGet(46)) - raft.server.log.corruption.policy = EXCEPTION (default)
2022-09-12 01:24:39,494 [pool-330-thread-1] INFO  server.RaftServerConfigKeys (ConfUtils.java:logGet(46)) - raft.server.storage.free-space.min = 0MB (=0) (default)
2022-09-12 01:24:39,494 [pool-330-thread-1] INFO  storage.RaftStorageDirectory (RaftStorageDirectoryImpl.java:analyzeStorage(135)) - The storage directory /home/runner/work/ozone/ozone/hadoop-ozone/integration-test/target/test-dir/MiniOzoneClusterImpl-cb4dd006-d395-492a-b682-c2bfe535b5e8/datanode-0/data/ratis/e06de977-4479-41a0-a697-26218cacbd25 does not exist. Creating ...
2022-09-12 01:24:39,496 [pool-330-thread-1] INFO  storage.RaftStorageDirectory (RaftStorageDirectoryImpl.java:tryLock(230)) - Lock on /home/runner/work/ozone/ozone/hadoop-ozone/integration-test/target/test-dir/MiniOzoneClusterImpl-cb4dd006-d395-492a-b682-c2bfe535b5e8/datanode-0/data/ratis/e06de977-4479-41a0-a697-26218cacbd25/in_use.lock acquired by nodename 51693@fv-az167-317
2022-09-12 01:24:39,497 [pool-330-thread-1] INFO  storage.RaftStorage (RaftStorageImpl.java:format(89)) - Storage directory /home/runner/work/ozone/ozone/hadoop-ozone/integration-test/target/test-dir/MiniOzoneClusterImpl-cb4dd006-d395-492a-b682-c2bfe535b5e8/datanode-0/data/ratis/e06de977-4479-41a0-a697-26218cacbd25 has been successfully formatted.
2022-09-12 01:24:39,497 [pool-330-thread-1] INFO  ratis.ContainerStateMachine (ContainerStateMachine.java:loadSnapshot(236)) - group-26218CACBD25: The snapshot info is null. Setting the last applied indexto:(t:0, i:~)
2022-09-12 01:24:39,497 [pool-330-thread-1] INFO  server.RaftServerConfigKeys (ConfUtils.java:logGet(46)) - raft.server.notification.no-leader.timeout = 300s (custom)
2022-09-12 01:24:39,497 [pool-330-thread-1] INFO  server.RaftServerConfigKeys (ConfUtils.java:logGet(46)) - raft.server.log.use.memory = false (default)
2022-09-12 01:24:39,498 [pool-330-thread-1] INFO  server.RaftServerConfigKeys (ConfUtils.java:logGet(46)) - raft.server.log.purge.gap = 1000000 (custom)
2022-09-12 01:24:39,498 [pool-330-thread-1] INFO  server.RaftServerConfigKeys (ConfUtils.java:logGet(46)) - raft.server.log.appender.buffer.byte-limit = 33554432 (custom)
2022-09-12 01:24:39,498 [pool-330-thread-1] INFO  server.RaftServerConfigKeys (ConfUtils.java:logGet(46)) - raft.server.log.statemachine.data.read.timeout = 1000ms (default)
2022-09-12 01:24:39,498 [pool-330-thread-1] INFO  server.RaftServerConfigKeys (ConfUtils.java:logGet(46)) - raft.server.log.segment.size.max = 1048576 (custom)
2022-09-12 01:24:39,498 [pool-330-thread-1] INFO  server.RaftServerConfigKeys (ConfUtils.java:logGet(46)) - raft.server.log.segment.cache.num.max = 2 (custom)
2022-09-12 01:24:39,498 [pool-330-thread-1] INFO  server.RaftServerConfigKeys (ConfUtils.java:logGet(46)) - raft.server.log.segment.cache.size.max = 200MB (=209715200) (default)
2022-09-12 01:24:39,498 [pool-330-thread-1] INFO  segmented.SegmentedRaftLogWorker (SegmentedRaftLogWorker.java:<init>(187)) - new 74f1d438-0997-4634-9c34-91afcc4dae77@group-26218CACBD25-SegmentedRaftLogWorker for RaftStorageImpl:Storage Directory /home/runner/work/ozone/ozone/hadoop-ozone/integration-test/target/test-dir/MiniOzoneClusterImpl-cb4dd006-d395-492a-b682-c2bfe535b5e8/datanode-0/data/ratis/e06de977-4479-41a0-a697-26218cacbd25
2022-09-12 01:24:39,498 [pool-330-thread-1] INFO  server.RaftServerConfigKeys (ConfUtils.java:logGet(46)) - raft.server.log.queue.byte-limit = 4294967296 (custom)
2022-09-12 01:24:39,498 [pool-330-thread-1] INFO  server.RaftServerConfigKeys (ConfUtils.java:logGet(46)) - raft.server.log.queue.element-limit = 1024 (custom)
2022-09-12 01:24:39,498 [pool-330-thread-1] INFO  server.RaftServerConfigKeys (ConfUtils.java:logGet(46)) - raft.server.log.segment.size.max = 1048576 (custom)
2022-09-12 01:24:39,498 [pool-330-thread-1] INFO  server.RaftServerConfigKeys (ConfUtils.java:logGet(46)) - raft.server.log.preallocated.size = 16384 (custom)
2022-09-12 01:24:39,498 [pool-330-thread-1] INFO  server.RaftServerConfigKeys (ConfUtils.java:logGet(46)) - raft.server.log.force.sync.num = 128 (default)
2022-09-12 01:24:39,498 [pool-330-thread-1] INFO  server.RaftServerConfigKeys (ConfUtils.java:logGet(46)) - raft.server.log.statemachine.data.sync = true (default)
2022-09-12 01:24:39,498 [pool-330-thread-1] INFO  server.RaftServerConfigKeys (ConfUtils.java:logGet(46)) - raft.server.log.statemachine.data.sync.timeout = 10s (default)
2022-09-12 01:24:39,498 [pool-330-thread-1] INFO  server.RaftServerConfigKeys (ConfUtils.java:logGet(46)) - raft.server.log.statemachine.data.sync.timeout.retry = -1 (default)
2022-09-12 01:24:39,499 [EventQueue-OpenPipelineForHealthyPipelineSafeModeRule] INFO  safemode.SCMSafeModeManager (HealthyPipelineSafeModeRule.java:process(137)) - SCM in safe mode. Healthy pipelines reported count is 0, required healthy pipeline reported count is 1
2022-09-12 01:24:39,500 [pool-330-thread-1] INFO  server.RaftServerConfigKeys (ConfUtils.java:logGet(46)) - raft.server.log.write.buffer.size = 1048576 (custom)
2022-09-12 01:24:39,504 [pool-330-thread-1] INFO  server.RaftServerConfigKeys (ConfUtils.java:logGet(46)) - raft.server.log.unsafe-flush.enabled = false (default)
2022-09-12 01:24:39,505 [pool-330-thread-1] INFO  server.RaftServerConfigKeys (ConfUtils.java:logGet(46)) - raft.server.log.statemachine.data.caching.enabled = true (custom)
2022-09-12 01:24:39,505 [pool-330-thread-1] INFO  segmented.SegmentedRaftLogWorker (SegmentedRaftLogWorker.java:lambda$new$0(135)) - 74f1d438-0997-4634-9c34-91afcc4dae77@group-26218CACBD25-SegmentedRaftLogWorker: flushIndex: setUnconditionally 0 -> -1
2022-09-12 01:24:39,505 [pool-330-thread-1] INFO  segmented.SegmentedRaftLogWorker (SegmentedRaftLogWorker.java:lambda$new$0(135)) - 74f1d438-0997-4634-9c34-91afcc4dae77@group-26218CACBD25-SegmentedRaftLogWorker: safeCacheEvictIndex: setUnconditionally 0 -> -1
2022-09-12 01:24:39,508 [pool-330-thread-1] INFO  server.RaftServerConfigKeys (ConfUtils.java:logGet(46)) - raft.server.snapshot.auto.trigger.enabled = true (custom)
2022-09-12 01:24:39,508 [pool-330-thread-1] INFO  server.RaftServerConfigKeys (ConfUtils.java:logGet(46)) - raft.server.snapshot.auto.trigger.threshold = 10000 (custom)
2022-09-12 01:24:39,508 [pool-330-thread-1] INFO  server.RaftServerConfigKeys (ConfUtils.java:logGet(46)) - raft.server.snapshot.retention.file.num = 5 (custom)
2022-09-12 01:24:39,508 [pool-330-thread-1] INFO  server.RaftServerConfigKeys (ConfUtils.java:logGet(46)) - raft.server.log.purge.upto.snapshot.index = false (default)
2022-09-12 01:24:39,508 [pool-330-thread-1] INFO  server.RaftServerConfigKeys (ConfUtils.java:logGet(46)) - raft.server.retrycache.expirytime = 600000ms (custom)
2022-09-12 01:24:39,508 [pool-330-thread-1] INFO  server.RaftServerConfigKeys (ConfUtils.java:logGet(46)) - raft.server.retrycache.statistics.expirytime = 100μs (default)
2022-09-12 01:24:39,510 [pool-330-thread-1] INFO  server.RaftServerConfigKeys (ConfUtils.java:logGet(46)) - raft.server.log.appender.install.snapshot.enabled = false (custom)
2022-09-12 01:24:39,510 [pool-330-thread-1] INFO  server.RaftServerConfigKeys (ConfUtils.java:logGet(46)) - raft.server.threadpool.server.cached = true (default)
2022-09-12 01:24:39,510 [pool-330-thread-1] INFO  server.RaftServerConfigKeys (ConfUtils.java:logGet(46)) - raft.server.threadpool.server.size = 0 (default)
2022-09-12 01:24:39,510 [pool-330-thread-1] INFO  server.RaftServerConfigKeys (ConfUtils.java:logGet(46)) - raft.server.threadpool.client.cached = true (default)
2022-09-12 01:24:39,510 [pool-330-thread-1] INFO  server.RaftServerConfigKeys (ConfUtils.java:logGet(46)) - raft.server.threadpool.client.size = 0 (default)
2022-09-12 01:24:39,510 [pool-330-thread-1] INFO  server.RaftServer$Division (RaftServerImpl.java:start(310)) - 74f1d438-0997-4634-9c34-91afcc4dae77@group-26218CACBD25: start as a follower, conf=-1: [74f1d438-0997-4634-9c34-91afcc4dae77|rpc:127.0.0.1:37869|priority:0, c0693ef0-230a-48dd-aa8a-44a8c3878b49|rpc:127.0.0.1:39373|priority:1, 03e900db-606d-4788-a076-61e9663ea76b|rpc:127.0.0.1:33425|priority:0], old=null
2022-09-12 01:24:39,510 [pool-330-thread-1] INFO  server.RaftServer$Division (RaftServerImpl.java:setRole(299)) - 74f1d438-0997-4634-9c34-91afcc4dae77@group-26218CACBD25: changes role from      null to FOLLOWER at term 0 for startAsFollower
2022-09-12 01:24:39,510 [pool-330-thread-1] INFO  impl.RoleInfo (RoleInfo.java:updateAndGet(139)) - 74f1d438-0997-4634-9c34-91afcc4dae77: start 74f1d438-0997-4634-9c34-91afcc4dae77@group-26218CACBD25-FollowerState
2022-09-12 01:24:39,510 [pool-330-thread-1] INFO  util.JmxRegister (JmxRegister.java:tryRegister(44)) - Successfully registered JMX Bean with object name Ratis:service=RaftServer,group=group-26218CACBD25,id=74f1d438-0997-4634-9c34-91afcc4dae77
2022-09-12 01:24:39,520 [Command processor thread] INFO  ratis.XceiverServerRatis (XceiverServerRatis.java:addGroup(765)) - Created group PipelineID=e06de977-4479-41a0-a697-26218cacbd25
2022-09-12 01:24:39,552 [grpc-default-executor-4] INFO  server.RaftServer (RaftServerProxy.java:addNew(96)) - c0693ef0-230a-48dd-aa8a-44a8c3878b49: addNew group-26218CACBD25:[74f1d438-0997-4634-9c34-91afcc4dae77|rpc:127.0.0.1:37869|dataStream:|priority:0, c0693ef0-230a-48dd-aa8a-44a8c3878b49|rpc:127.0.0.1:39373|dataStream:|priority:1, 03e900db-606d-4788-a076-61e9663ea76b|rpc:127.0.0.1:33425|dataStream:|priority:0] returns group-26218CACBD25:java.util.concurrent.CompletableFuture@4b4849e[Not completed]
2022-09-12 01:24:39,573 [pool-353-thread-1] INFO  server.RaftServer$Division (RaftServerImpl.java:<init>(190)) - c0693ef0-230a-48dd-aa8a-44a8c3878b49: new RaftServerImpl for group-26218CACBD25:[74f1d438-0997-4634-9c34-91afcc4dae77|rpc:127.0.0.1:37869|dataStream:|priority:0, c0693ef0-230a-48dd-aa8a-44a8c3878b49|rpc:127.0.0.1:39373|dataStream:|priority:1, 03e900db-606d-4788-a076-61e9663ea76b|rpc:127.0.0.1:33425|dataStream:|priority:0] with ContainerStateMachine:uninitialized
2022-09-12 01:24:39,573 [pool-353-thread-1] INFO  server.RaftServerConfigKeys (ConfUtils.java:logGet(46)) - raft.server.rpc.timeout.min = 5s (custom)
2022-09-12 01:24:39,573 [pool-353-thread-1] INFO  server.RaftServerConfigKeys (ConfUtils.java:logGet(46)) - raft.server.rpc.timeout.max = 5200ms (custom)
2022-09-12 01:24:39,573 [pool-353-thread-1] INFO  server.RaftServerConfigKeys (ConfUtils.java:logGet(46)) - raft.server.rpc.sleep.time = 25ms (default)
2022-09-12 01:24:39,573 [pool-353-thread-1] INFO  server.RaftServerConfigKeys (ConfUtils.java:logGet(46)) - raft.server.rpc.slowness.timeout = 300s (custom)
2022-09-12 01:24:39,573 [pool-353-thread-1] INFO  server.RaftServerConfigKeys (ConfUtils.java:logGet(46)) - raft.server.leaderelection.leader.step-down.wait-time = 10s (default)
2022-09-12 01:24:39,573 [pool-353-thread-1] INFO  server.RaftServerConfigKeys (ConfUtils.java:logGet(46)) - raft.server.sleep.deviation.threshold = 300ms (default)
2022-09-12 01:24:39,573 [pool-353-thread-1] INFO  server.RaftServer$Division (ServerState.java:<init>(107)) - c0693ef0-230a-48dd-aa8a-44a8c3878b49@group-26218CACBD25: ConfigurationManager, init=-1: [74f1d438-0997-4634-9c34-91afcc4dae77|rpc:127.0.0.1:37869|dataStream:|priority:0, c0693ef0-230a-48dd-aa8a-44a8c3878b49|rpc:127.0.0.1:39373|dataStream:|priority:1, 03e900db-606d-4788-a076-61e9663ea76b|rpc:127.0.0.1:33425|dataStream:|priority:0], old=null, confs=<EMPTY_MAP>
2022-09-12 01:24:39,574 [pool-353-thread-1] INFO  server.RaftServerConfigKeys (ConfUtils.java:logGet(46)) - raft.server.storage.dir = [/home/runner/work/ozone/ozone/hadoop-ozone/integration-test/target/test-dir/MiniOzoneClusterImpl-cb4dd006-d395-492a-b682-c2bfe535b5e8/datanode-1/data/ratis] (custom)
2022-09-12 01:24:39,574 [pool-353-thread-1] INFO  server.RaftServerConfigKeys (ConfUtils.java:logGet(46)) - raft.server.log.corruption.policy = EXCEPTION (default)
2022-09-12 01:24:39,574 [pool-353-thread-1] INFO  server.RaftServerConfigKeys (ConfUtils.java:logGet(46)) - raft.server.storage.free-space.min = 0MB (=0) (default)
2022-09-12 01:24:39,574 [pool-353-thread-1] INFO  storage.RaftStorageDirectory (RaftStorageDirectoryImpl.java:analyzeStorage(135)) - The storage directory /home/runner/work/ozone/ozone/hadoop-ozone/integration-test/target/test-dir/MiniOzoneClusterImpl-cb4dd006-d395-492a-b682-c2bfe535b5e8/datanode-1/data/ratis/e06de977-4479-41a0-a697-26218cacbd25 does not exist. Creating ...
2022-09-12 01:24:39,577 [pool-353-thread-1] INFO  storage.RaftStorageDirectory (RaftStorageDirectoryImpl.java:tryLock(230)) - Lock on /home/runner/work/ozone/ozone/hadoop-ozone/integration-test/target/test-dir/MiniOzoneClusterImpl-cb4dd006-d395-492a-b682-c2bfe535b5e8/datanode-1/data/ratis/e06de977-4479-41a0-a697-26218cacbd25/in_use.lock acquired by nodename 51693@fv-az167-317
2022-09-12 01:24:39,580 [pool-353-thread-1] INFO  storage.RaftStorage (RaftStorageImpl.java:format(89)) - Storage directory /home/runner/work/ozone/ozone/hadoop-ozone/integration-test/target/test-dir/MiniOzoneClusterImpl-cb4dd006-d395-492a-b682-c2bfe535b5e8/datanode-1/data/ratis/e06de977-4479-41a0-a697-26218cacbd25 has been successfully formatted.
2022-09-12 01:24:39,582 [pool-353-thread-1] INFO  ratis.ContainerStateMachine (ContainerStateMachine.java:loadSnapshot(236)) - group-26218CACBD25: The snapshot info is null. Setting the last applied indexto:(t:0, i:~)
2022-09-12 01:24:39,582 [pool-353-thread-1] INFO  server.RaftServerConfigKeys (ConfUtils.java:logGet(46)) - raft.server.notification.no-leader.timeout = 300s (custom)
2022-09-12 01:24:39,582 [pool-353-thread-1] INFO  server.RaftServerConfigKeys (ConfUtils.java:logGet(46)) - raft.server.log.use.memory = false (default)
2022-09-12 01:24:39,582 [pool-353-thread-1] INFO  server.RaftServerConfigKeys (ConfUtils.java:logGet(46)) - raft.server.log.purge.gap = 1000000 (custom)
2022-09-12 01:24:39,582 [pool-353-thread-1] INFO  server.RaftServerConfigKeys (ConfUtils.java:logGet(46)) - raft.server.log.appender.buffer.byte-limit = 33554432 (custom)
2022-09-12 01:24:39,582 [pool-353-thread-1] INFO  server.RaftServerConfigKeys (ConfUtils.java:logGet(46)) - raft.server.log.statemachine.data.read.timeout = 1000ms (default)
2022-09-12 01:24:39,582 [pool-353-thread-1] INFO  server.RaftServerConfigKeys (ConfUtils.java:logGet(46)) - raft.server.log.segment.size.max = 1048576 (custom)
2022-09-12 01:24:39,583 [pool-353-thread-1] INFO  server.RaftServerConfigKeys (ConfUtils.java:logGet(46)) - raft.server.log.segment.cache.num.max = 2 (custom)
2022-09-12 01:24:39,583 [pool-353-thread-1] INFO  server.RaftServerConfigKeys (ConfUtils.java:logGet(46)) - raft.server.log.segment.cache.size.max = 200MB (=209715200) (default)
2022-09-12 01:24:39,583 [pool-353-thread-1] INFO  segmented.SegmentedRaftLogWorker (SegmentedRaftLogWorker.java:<init>(187)) - new c0693ef0-230a-48dd-aa8a-44a8c3878b49@group-26218CACBD25-SegmentedRaftLogWorker for RaftStorageImpl:Storage Directory /home/runner/work/ozone/ozone/hadoop-ozone/integration-test/target/test-dir/MiniOzoneClusterImpl-cb4dd006-d395-492a-b682-c2bfe535b5e8/datanode-1/data/ratis/e06de977-4479-41a0-a697-26218cacbd25
2022-09-12 01:24:39,583 [pool-353-thread-1] INFO  server.RaftServerConfigKeys (ConfUtils.java:logGet(46)) - raft.server.log.queue.byte-limit = 4294967296 (custom)
2022-09-12 01:24:39,583 [pool-353-thread-1] INFO  server.RaftServerConfigKeys (ConfUtils.java:logGet(46)) - raft.server.log.queue.element-limit = 1024 (custom)
2022-09-12 01:24:39,583 [pool-353-thread-1] INFO  server.RaftServerConfigKeys (ConfUtils.java:logGet(46)) - raft.server.log.segment.size.max = 1048576 (custom)
2022-09-12 01:24:39,583 [pool-353-thread-1] INFO  server.RaftServerConfigKeys (ConfUtils.java:logGet(46)) - raft.server.log.preallocated.size = 16384 (custom)
2022-09-12 01:24:39,583 [pool-353-thread-1] INFO  server.RaftServerConfigKeys (ConfUtils.java:logGet(46)) - raft.server.log.force.sync.num = 128 (default)
2022-09-12 01:24:39,583 [pool-353-thread-1] INFO  server.RaftServerConfigKeys (ConfUtils.java:logGet(46)) - raft.server.log.statemachine.data.sync = true (default)
2022-09-12 01:24:39,583 [pool-353-thread-1] INFO  server.RaftServerConfigKeys (ConfUtils.java:logGet(46)) - raft.server.log.statemachine.data.sync.timeout = 10s (default)
2022-09-12 01:24:39,583 [pool-353-thread-1] INFO  server.RaftServerConfigKeys (ConfUtils.java:logGet(46)) - raft.server.log.statemachine.data.sync.timeout.retry = -1 (default)
2022-09-12 01:24:39,584 [pool-353-thread-1] INFO  server.RaftServerConfigKeys (ConfUtils.java:logGet(46)) - raft.server.log.write.buffer.size = 1048576 (custom)
2022-09-12 01:24:39,585 [pool-353-thread-1] INFO  server.RaftServerConfigKeys (ConfUtils.java:logGet(46)) - raft.server.log.unsafe-flush.enabled = false (default)
2022-09-12 01:24:39,585 [pool-353-thread-1] INFO  server.RaftServerConfigKeys (ConfUtils.java:logGet(46)) - raft.server.log.statemachine.data.caching.enabled = true (custom)
2022-09-12 01:24:39,585 [pool-353-thread-1] INFO  segmented.SegmentedRaftLogWorker (SegmentedRaftLogWorker.java:lambda$new$0(135)) - c0693ef0-230a-48dd-aa8a-44a8c3878b49@group-26218CACBD25-SegmentedRaftLogWorker: flushIndex: setUnconditionally 0 -> -1
2022-09-12 01:24:39,585 [pool-353-thread-1] INFO  segmented.SegmentedRaftLogWorker (SegmentedRaftLogWorker.java:lambda$new$0(135)) - c0693ef0-230a-48dd-aa8a-44a8c3878b49@group-26218CACBD25-SegmentedRaftLogWorker: safeCacheEvictIndex: setUnconditionally 0 -> -1
2022-09-12 01:24:39,588 [pool-353-thread-1] INFO  server.RaftServerConfigKeys (ConfUtils.java:logGet(46)) - raft.server.snapshot.auto.trigger.enabled = true (custom)
2022-09-12 01:24:39,588 [pool-353-thread-1] INFO  server.RaftServerConfigKeys (ConfUtils.java:logGet(46)) - raft.server.snapshot.auto.trigger.threshold = 10000 (custom)
2022-09-12 01:24:39,588 [pool-353-thread-1] INFO  server.RaftServerConfigKeys (ConfUtils.java:logGet(46)) - raft.server.snapshot.retention.file.num = 5 (custom)
2022-09-12 01:24:39,588 [pool-353-thread-1] INFO  server.RaftServerConfigKeys (ConfUtils.java:logGet(46)) - raft.server.log.purge.upto.snapshot.index = false (default)
2022-09-12 01:24:39,589 [pool-353-thread-1] INFO  server.RaftServerConfigKeys (ConfUtils.java:logGet(46)) - raft.server.retrycache.expirytime = 600000ms (custom)
2022-09-12 01:24:39,590 [pool-353-thread-1] INFO  server.RaftServerConfigKeys (ConfUtils.java:logGet(46)) - raft.server.retrycache.statistics.expirytime = 100μs (default)
2022-09-12 01:24:39,591 [pool-353-thread-1] INFO  server.RaftServerConfigKeys (ConfUtils.java:logGet(46)) - raft.server.log.appender.install.snapshot.enabled = false (custom)
2022-09-12 01:24:39,591 [pool-353-thread-1] INFO  server.RaftServerConfigKeys (ConfUtils.java:logGet(46)) - raft.server.threadpool.server.cached = true (default)
2022-09-12 01:24:39,591 [pool-353-thread-1] INFO  server.RaftServerConfigKeys (ConfUtils.java:logGet(46)) - raft.server.threadpool.server.size = 0 (default)
2022-09-12 01:24:39,591 [pool-353-thread-1] INFO  server.RaftServerConfigKeys (ConfUtils.java:logGet(46)) - raft.server.threadpool.client.cached = true (default)
2022-09-12 01:24:39,591 [pool-353-thread-1] INFO  server.RaftServerConfigKeys (ConfUtils.java:logGet(46)) - raft.server.threadpool.client.size = 0 (default)
2022-09-12 01:24:39,591 [pool-353-thread-1] INFO  server.RaftServer$Division (RaftServerImpl.java:start(310)) - c0693ef0-230a-48dd-aa8a-44a8c3878b49@group-26218CACBD25: start as a follower, conf=-1: [74f1d438-0997-4634-9c34-91afcc4dae77|rpc:127.0.0.1:37869|dataStream:|priority:0, c0693ef0-230a-48dd-aa8a-44a8c3878b49|rpc:127.0.0.1:39373|dataStream:|priority:1, 03e900db-606d-4788-a076-61e9663ea76b|rpc:127.0.0.1:33425|dataStream:|priority:0], old=null
2022-09-12 01:24:39,591 [pool-353-thread-1] INFO  server.RaftServer$Division (RaftServerImpl.java:setRole(299)) - c0693ef0-230a-48dd-aa8a-44a8c3878b49@group-26218CACBD25: changes role from      null to FOLLOWER at term 0 for startAsFollower
2022-09-12 01:24:39,591 [pool-353-thread-1] INFO  impl.RoleInfo (RoleInfo.java:updateAndGet(139)) - c0693ef0-230a-48dd-aa8a-44a8c3878b49: start c0693ef0-230a-48dd-aa8a-44a8c3878b49@group-26218CACBD25-FollowerState
2022-09-12 01:24:39,620 [pool-353-thread-1] INFO  util.JmxRegister (JmxRegister.java:tryRegister(44)) - Successfully registered JMX Bean with object name Ratis:service=RaftServer,group=group-26218CACBD25,id=c0693ef0-230a-48dd-aa8a-44a8c3878b49
2022-09-12 01:24:39,680 [grpc-default-executor-4] INFO  server.RaftServer (RaftServerProxy.java:addNew(96)) - 03e900db-606d-4788-a076-61e9663ea76b: addNew group-26218CACBD25:[74f1d438-0997-4634-9c34-91afcc4dae77|rpc:127.0.0.1:37869|dataStream:|priority:0, c0693ef0-230a-48dd-aa8a-44a8c3878b49|rpc:127.0.0.1:39373|dataStream:|priority:1, 03e900db-606d-4788-a076-61e9663ea76b|rpc:127.0.0.1:33425|dataStream:|priority:0] returns group-26218CACBD25:java.util.concurrent.CompletableFuture@2298e4b5[Not completed]
2022-09-12 01:24:39,707 [pool-376-thread-1] INFO  server.RaftServer$Division (RaftServerImpl.java:<init>(190)) - 03e900db-606d-4788-a076-61e9663ea76b: new RaftServerImpl for group-26218CACBD25:[74f1d438-0997-4634-9c34-91afcc4dae77|rpc:127.0.0.1:37869|dataStream:|priority:0, c0693ef0-230a-48dd-aa8a-44a8c3878b49|rpc:127.0.0.1:39373|dataStream:|priority:1, 03e900db-606d-4788-a076-61e9663ea76b|rpc:127.0.0.1:33425|dataStream:|priority:0] with ContainerStateMachine:uninitialized
2022-09-12 01:24:39,707 [pool-376-thread-1] INFO  server.RaftServerConfigKeys (ConfUtils.java:logGet(46)) - raft.server.rpc.timeout.min = 5s (custom)
2022-09-12 01:24:39,707 [pool-376-thread-1] INFO  server.RaftServerConfigKeys (ConfUtils.java:logGet(46)) - raft.server.rpc.timeout.max = 5200ms (custom)
2022-09-12 01:24:39,707 [pool-376-thread-1] INFO  server.RaftServerConfigKeys (ConfUtils.java:logGet(46)) - raft.server.rpc.sleep.time = 25ms (default)
2022-09-12 01:24:39,707 [pool-376-thread-1] INFO  server.RaftServerConfigKeys (ConfUtils.java:logGet(46)) - raft.server.rpc.slowness.timeout = 300s (custom)
2022-09-12 01:24:39,707 [pool-376-thread-1] INFO  server.RaftServerConfigKeys (ConfUtils.java:logGet(46)) - raft.server.leaderelection.leader.step-down.wait-time = 10s (default)
2022-09-12 01:24:39,707 [pool-376-thread-1] INFO  server.RaftServerConfigKeys (ConfUtils.java:logGet(46)) - raft.server.sleep.deviation.threshold = 300ms (default)
2022-09-12 01:24:39,707 [pool-376-thread-1] INFO  server.RaftServer$Division (ServerState.java:<init>(107)) - 03e900db-606d-4788-a076-61e9663ea76b@group-26218CACBD25: ConfigurationManager, init=-1: [74f1d438-0997-4634-9c34-91afcc4dae77|rpc:127.0.0.1:37869|dataStream:|priority:0, c0693ef0-230a-48dd-aa8a-44a8c3878b49|rpc:127.0.0.1:39373|dataStream:|priority:1, 03e900db-606d-4788-a076-61e9663ea76b|rpc:127.0.0.1:33425|dataStream:|priority:0], old=null, confs=<EMPTY_MAP>
2022-09-12 01:24:39,707 [pool-376-thread-1] INFO  server.RaftServerConfigKeys (ConfUtils.java:logGet(46)) - raft.server.storage.dir = [/home/runner/work/ozone/ozone/hadoop-ozone/integration-test/target/test-dir/MiniOzoneClusterImpl-cb4dd006-d395-492a-b682-c2bfe535b5e8/datanode-2/data/ratis] (custom)
2022-09-12 01:24:39,707 [pool-376-thread-1] INFO  server.RaftServerConfigKeys (ConfUtils.java:logGet(46)) - raft.server.log.corruption.policy = EXCEPTION (default)
2022-09-12 01:24:39,707 [pool-376-thread-1] INFO  server.RaftServerConfigKeys (ConfUtils.java:logGet(46)) - raft.server.storage.free-space.min = 0MB (=0) (default)
2022-09-12 01:24:39,707 [pool-376-thread-1] INFO  storage.RaftStorageDirectory (RaftStorageDirectoryImpl.java:analyzeStorage(135)) - The storage directory /home/runner/work/ozone/ozone/hadoop-ozone/integration-test/target/test-dir/MiniOzoneClusterImpl-cb4dd006-d395-492a-b682-c2bfe535b5e8/datanode-2/data/ratis/e06de977-4479-41a0-a697-26218cacbd25 does not exist. Creating ...
2022-09-12 01:24:39,708 [pool-376-thread-1] INFO  storage.RaftStorageDirectory (RaftStorageDirectoryImpl.java:tryLock(230)) - Lock on /home/runner/work/ozone/ozone/hadoop-ozone/integration-test/target/test-dir/MiniOzoneClusterImpl-cb4dd006-d395-492a-b682-c2bfe535b5e8/datanode-2/data/ratis/e06de977-4479-41a0-a697-26218cacbd25/in_use.lock acquired by nodename 51693@fv-az167-317
2022-09-12 01:24:39,710 [pool-376-thread-1] INFO  storage.RaftStorage (RaftStorageImpl.java:format(89)) - Storage directory /home/runner/work/ozone/ozone/hadoop-ozone/integration-test/target/test-dir/MiniOzoneClusterImpl-cb4dd006-d395-492a-b682-c2bfe535b5e8/datanode-2/data/ratis/e06de977-4479-41a0-a697-26218cacbd25 has been successfully formatted.
2022-09-12 01:24:39,722 [pool-376-thread-1] INFO  ratis.ContainerStateMachine (ContainerStateMachine.java:loadSnapshot(236)) - group-26218CACBD25: The snapshot info is null. Setting the last applied indexto:(t:0, i:~)
2022-09-12 01:24:39,723 [pool-376-thread-1] INFO  server.RaftServerConfigKeys (ConfUtils.java:logGet(46)) - raft.server.notification.no-leader.timeout = 300s (custom)
2022-09-12 01:24:39,723 [pool-376-thread-1] INFO  server.RaftServerConfigKeys (ConfUtils.java:logGet(46)) - raft.server.log.use.memory = false (default)
2022-09-12 01:24:39,723 [pool-376-thread-1] INFO  server.RaftServerConfigKeys (ConfUtils.java:logGet(46)) - raft.server.log.purge.gap = 1000000 (custom)
2022-09-12 01:24:39,723 [pool-376-thread-1] INFO  server.RaftServerConfigKeys (ConfUtils.java:logGet(46)) - raft.server.log.appender.buffer.byte-limit = 33554432 (custom)
2022-09-12 01:24:39,723 [pool-376-thread-1] INFO  server.RaftServerConfigKeys (ConfUtils.java:logGet(46)) - raft.server.log.statemachine.data.read.timeout = 1000ms (default)
2022-09-12 01:24:39,723 [pool-376-thread-1] INFO  server.RaftServerConfigKeys (ConfUtils.java:logGet(46)) - raft.server.log.segment.size.max = 1048576 (custom)
2022-09-12 01:24:39,723 [pool-376-thread-1] INFO  server.RaftServerConfigKeys (ConfUtils.java:logGet(46)) - raft.server.log.segment.cache.num.max = 2 (custom)
2022-09-12 01:24:39,723 [pool-376-thread-1] INFO  server.RaftServerConfigKeys (ConfUtils.java:logGet(46)) - raft.server.log.segment.cache.size.max = 200MB (=209715200) (default)
2022-09-12 01:24:39,723 [pool-376-thread-1] INFO  segmented.SegmentedRaftLogWorker (SegmentedRaftLogWorker.java:<init>(187)) - new 03e900db-606d-4788-a076-61e9663ea76b@group-26218CACBD25-SegmentedRaftLogWorker for RaftStorageImpl:Storage Directory /home/runner/work/ozone/ozone/hadoop-ozone/integration-test/target/test-dir/MiniOzoneClusterImpl-cb4dd006-d395-492a-b682-c2bfe535b5e8/datanode-2/data/ratis/e06de977-4479-41a0-a697-26218cacbd25
2022-09-12 01:24:39,723 [pool-376-thread-1] INFO  server.RaftServerConfigKeys (ConfUtils.java:logGet(46)) - raft.server.log.queue.byte-limit = 4294967296 (custom)
2022-09-12 01:24:39,723 [pool-376-thread-1] INFO  server.RaftServerConfigKeys (ConfUtils.java:logGet(46)) - raft.server.log.queue.element-limit = 1024 (custom)
2022-09-12 01:24:39,723 [pool-376-thread-1] INFO  server.RaftServerConfigKeys (ConfUtils.java:logGet(46)) - raft.server.log.segment.size.max = 1048576 (custom)
2022-09-12 01:24:39,723 [pool-376-thread-1] INFO  server.RaftServerConfigKeys (ConfUtils.java:logGet(46)) - raft.server.log.preallocated.size = 16384 (custom)
2022-09-12 01:24:39,724 [pool-376-thread-1] INFO  server.RaftServerConfigKeys (ConfUtils.java:logGet(46)) - raft.server.log.force.sync.num = 128 (default)
2022-09-12 01:24:39,724 [pool-376-thread-1] INFO  server.RaftServerConfigKeys (ConfUtils.java:logGet(46)) - raft.server.log.statemachine.data.sync = true (default)
2022-09-12 01:24:39,724 [pool-376-thread-1] INFO  server.RaftServerConfigKeys (ConfUtils.java:logGet(46)) - raft.server.log.statemachine.data.sync.timeout = 10s (default)
2022-09-12 01:24:39,724 [pool-376-thread-1] INFO  server.RaftServerConfigKeys (ConfUtils.java:logGet(46)) - raft.server.log.statemachine.data.sync.timeout.retry = -1 (default)
2022-09-12 01:24:39,724 [pool-376-thread-1] INFO  server.RaftServerConfigKeys (ConfUtils.java:logGet(46)) - raft.server.log.write.buffer.size = 1048576 (custom)
2022-09-12 01:24:39,729 [pool-376-thread-1] INFO  server.RaftServerConfigKeys (ConfUtils.java:logGet(46)) - raft.server.log.unsafe-flush.enabled = false (default)
2022-09-12 01:24:39,729 [pool-376-thread-1] INFO  server.RaftServerConfigKeys (ConfUtils.java:logGet(46)) - raft.server.log.statemachine.data.caching.enabled = true (custom)
2022-09-12 01:24:39,730 [pool-376-thread-1] INFO  segmented.SegmentedRaftLogWorker (SegmentedRaftLogWorker.java:lambda$new$0(135)) - 03e900db-606d-4788-a076-61e9663ea76b@group-26218CACBD25-SegmentedRaftLogWorker: flushIndex: setUnconditionally 0 -> -1
2022-09-12 01:24:39,730 [pool-376-thread-1] INFO  segmented.SegmentedRaftLogWorker (SegmentedRaftLogWorker.java:lambda$new$0(135)) - 03e900db-606d-4788-a076-61e9663ea76b@group-26218CACBD25-SegmentedRaftLogWorker: safeCacheEvictIndex: setUnconditionally 0 -> -1
2022-09-12 01:24:39,732 [pool-376-thread-1] INFO  server.RaftServerConfigKeys (ConfUtils.java:logGet(46)) - raft.server.snapshot.auto.trigger.enabled = true (custom)
2022-09-12 01:24:39,732 [pool-376-thread-1] INFO  server.RaftServerConfigKeys (ConfUtils.java:logGet(46)) - raft.server.snapshot.auto.trigger.threshold = 10000 (custom)
2022-09-12 01:24:39,732 [pool-376-thread-1] INFO  server.RaftServerConfigKeys (ConfUtils.java:logGet(46)) - raft.server.snapshot.retention.file.num = 5 (custom)
2022-09-12 01:24:39,732 [pool-376-thread-1] INFO  server.RaftServerConfigKeys (ConfUtils.java:logGet(46)) - raft.server.log.purge.upto.snapshot.index = false (default)
2022-09-12 01:24:39,732 [pool-376-thread-1] INFO  server.RaftServerConfigKeys (ConfUtils.java:logGet(46)) - raft.server.retrycache.expirytime = 600000ms (custom)
2022-09-12 01:24:39,732 [pool-376-thread-1] INFO  server.RaftServerConfigKeys (ConfUtils.java:logGet(46)) - raft.server.retrycache.statistics.expirytime = 100μs (default)
2022-09-12 01:24:39,734 [pool-376-thread-1] INFO  server.RaftServerConfigKeys (ConfUtils.java:logGet(46)) - raft.server.log.appender.install.snapshot.enabled = false (custom)
2022-09-12 01:24:39,734 [pool-376-thread-1] INFO  server.RaftServerConfigKeys (ConfUtils.java:logGet(46)) - raft.server.threadpool.server.cached = true (default)
2022-09-12 01:24:39,734 [pool-376-thread-1] INFO  server.RaftServerConfigKeys (ConfUtils.java:logGet(46)) - raft.server.threadpool.server.size = 0 (default)
2022-09-12 01:24:39,734 [pool-376-thread-1] INFO  server.RaftServerConfigKeys (ConfUtils.java:logGet(46)) - raft.server.threadpool.client.cached = true (default)
2022-09-12 01:24:39,734 [pool-376-thread-1] INFO  server.RaftServerConfigKeys (ConfUtils.java:logGet(46)) - raft.server.threadpool.client.size = 0 (default)
2022-09-12 01:24:39,734 [pool-376-thread-1] INFO  server.RaftServer$Division (RaftServerImpl.java:start(310)) - 03e900db-606d-4788-a076-61e9663ea76b@group-26218CACBD25: start as a follower, conf=-1: [74f1d438-0997-4634-9c34-91afcc4dae77|rpc:127.0.0.1:37869|dataStream:|priority:0, c0693ef0-230a-48dd-aa8a-44a8c3878b49|rpc:127.0.0.1:39373|dataStream:|priority:1, 03e900db-606d-4788-a076-61e9663ea76b|rpc:127.0.0.1:33425|dataStream:|priority:0], old=null
2022-09-12 01:24:39,734 [pool-376-thread-1] INFO  server.RaftServer$Division (RaftServerImpl.java:setRole(299)) - 03e900db-606d-4788-a076-61e9663ea76b@group-26218CACBD25: changes role from      null to FOLLOWER at term 0 for startAsFollower
2022-09-12 01:24:39,734 [pool-376-thread-1] INFO  impl.RoleInfo (RoleInfo.java:updateAndGet(139)) - 03e900db-606d-4788-a076-61e9663ea76b: start 03e900db-606d-4788-a076-61e9663ea76b@group-26218CACBD25-FollowerState
2022-09-12 01:24:39,736 [EndpointStateMachine task thread for /127.0.0.1:40693 - 0 ] INFO  ipc.Client (Client.java:handleConnectionFailure(977)) - Retrying connect to server: localhost/127.0.0.1:40693. Already tried 14 time(s); retry policy is RetryUpToMaximumCountWithFixedSleep(maxRetries=15, sleepTime=1000 MILLISECONDS)
2022-09-12 01:24:39,750 [pool-376-thread-1] INFO  util.JmxRegister (JmxRegister.java:tryRegister(44)) - Successfully registered JMX Bean with object name Ratis:service=RaftServer,group=group-26218CACBD25,id=03e900db-606d-4788-a076-61e9663ea76b
2022-09-12 01:24:39,789 [Listener at 127.0.0.1/35417] INFO  ozone.MiniOzoneClusterImpl (MiniOzoneClusterImpl.java:lambda$waitForClusterToBeReady$0(216)) - Nodes are ready. Got 3 of 3 DN Heartbeats.
2022-09-12 01:24:39,789 [Listener at 127.0.0.1/35417] INFO  ozone.MiniOzoneClusterImpl (MiniOzoneClusterImpl.java:lambda$waitForClusterToBeReady$0(219)) - Waiting for cluster to exit safe mode
2022-09-12 01:24:39,789 [Listener at 127.0.0.1/35417] INFO  ozone.MiniOzoneClusterImpl (MiniOzoneClusterImpl.java:lambda$waitForClusterToBeReady$0(221)) - SCM became leader
2022-09-12 01:24:39,790 [Command processor thread] INFO  commandhandler.CreatePipelineCommandHandler (CreatePipelineCommandHandler.java:handle(113)) - Created Pipeline RATIS THREE PipelineID=e06de977-4479-41a0-a697-26218cacbd25.
2022-09-12 01:24:39,790 [Command processor thread] INFO  server.RaftServer (RaftServerProxy.java:addNew(96)) - 74f1d438-0997-4634-9c34-91afcc4dae77: addNew group-20B7CEE0DF6D:[74f1d438-0997-4634-9c34-91afcc4dae77|rpc:127.0.0.1:37869|priority:1, c0693ef0-230a-48dd-aa8a-44a8c3878b49|rpc:127.0.0.1:39373|priority:0, 03e900db-606d-4788-a076-61e9663ea76b|rpc:127.0.0.1:33425|priority:0] returns group-20B7CEE0DF6D:java.util.concurrent.CompletableFuture@43cb4a6a[Not completed]
2022-09-12 01:24:39,791 [pool-330-thread-1] INFO  server.RaftServer$Division (RaftServerImpl.java:<init>(190)) - 74f1d438-0997-4634-9c34-91afcc4dae77: new RaftServerImpl for group-20B7CEE0DF6D:[74f1d438-0997-4634-9c34-91afcc4dae77|rpc:127.0.0.1:37869|priority:1, c0693ef0-230a-48dd-aa8a-44a8c3878b49|rpc:127.0.0.1:39373|priority:0, 03e900db-606d-4788-a076-61e9663ea76b|rpc:127.0.0.1:33425|priority:0] with ContainerStateMachine:uninitialized
2022-09-12 01:24:39,791 [pool-330-thread-1] INFO  server.RaftServerConfigKeys (ConfUtils.java:logGet(46)) - raft.server.rpc.timeout.min = 5s (custom)
2022-09-12 01:24:39,791 [pool-330-thread-1] INFO  server.RaftServerConfigKeys (ConfUtils.java:logGet(46)) - raft.server.rpc.timeout.max = 5200ms (custom)
2022-09-12 01:24:39,791 [pool-330-thread-1] INFO  server.RaftServerConfigKeys (ConfUtils.java:logGet(46)) - raft.server.rpc.sleep.time = 25ms (default)
2022-09-12 01:24:39,791 [pool-330-thread-1] INFO  server.RaftServerConfigKeys (ConfUtils.java:logGet(46)) - raft.server.rpc.slowness.timeout = 300s (custom)
2022-09-12 01:24:39,791 [pool-330-thread-1] INFO  server.RaftServerConfigKeys (ConfUtils.java:logGet(46)) - raft.server.leaderelection.leader.step-down.wait-time = 10s (default)
2022-09-12 01:24:39,791 [pool-330-thread-1] INFO  server.RaftServerConfigKeys (ConfUtils.java:logGet(46)) - raft.server.sleep.deviation.threshold = 300ms (default)
2022-09-12 01:24:39,791 [pool-330-thread-1] INFO  server.RaftServer$Division (ServerState.java:<init>(107)) - 74f1d438-0997-4634-9c34-91afcc4dae77@group-20B7CEE0DF6D: ConfigurationManager, init=-1: [74f1d438-0997-4634-9c34-91afcc4dae77|rpc:127.0.0.1:37869|priority:1, c0693ef0-230a-48dd-aa8a-44a8c3878b49|rpc:127.0.0.1:39373|priority:0, 03e900db-606d-4788-a076-61e9663ea76b|rpc:127.0.0.1:33425|priority:0], old=null, confs=<EMPTY_MAP>
2022-09-12 01:24:39,791 [pool-330-thread-1] INFO  server.RaftServerConfigKeys (ConfUtils.java:logGet(46)) - raft.server.storage.dir = [/home/runner/work/ozone/ozone/hadoop-ozone/integration-test/target/test-dir/MiniOzoneClusterImpl-cb4dd006-d395-492a-b682-c2bfe535b5e8/datanode-0/data/ratis] (custom)
2022-09-12 01:24:39,791 [pool-330-thread-1] INFO  server.RaftServerConfigKeys (ConfUtils.java:logGet(46)) - raft.server.log.corruption.policy = EXCEPTION (default)
2022-09-12 01:24:39,791 [pool-330-thread-1] INFO  server.RaftServerConfigKeys (ConfUtils.java:logGet(46)) - raft.server.storage.free-space.min = 0MB (=0) (default)
2022-09-12 01:24:39,791 [pool-330-thread-1] INFO  storage.RaftStorageDirectory (RaftStorageDirectoryImpl.java:analyzeStorage(135)) - The storage directory /home/runner/work/ozone/ozone/hadoop-ozone/integration-test/target/test-dir/MiniOzoneClusterImpl-cb4dd006-d395-492a-b682-c2bfe535b5e8/datanode-0/data/ratis/e801544d-53ff-4a18-a75b-20b7cee0df6d does not exist. Creating ...
2022-09-12 01:24:39,792 [pool-330-thread-1] INFO  storage.RaftStorageDirectory (RaftStorageDirectoryImpl.java:tryLock(230)) - Lock on /home/runner/work/ozone/ozone/hadoop-ozone/integration-test/target/test-dir/MiniOzoneClusterImpl-cb4dd006-d395-492a-b682-c2bfe535b5e8/datanode-0/data/ratis/e801544d-53ff-4a18-a75b-20b7cee0df6d/in_use.lock acquired by nodename 51693@fv-az167-317
2022-09-12 01:24:39,793 [pool-330-thread-1] INFO  storage.RaftStorage (RaftStorageImpl.java:format(89)) - Storage directory /home/runner/work/ozone/ozone/hadoop-ozone/integration-test/target/test-dir/MiniOzoneClusterImpl-cb4dd006-d395-492a-b682-c2bfe535b5e8/datanode-0/data/ratis/e801544d-53ff-4a18-a75b-20b7cee0df6d has been successfully formatted.
2022-09-12 01:24:39,796 [pool-330-thread-1] INFO  ratis.ContainerStateMachine (ContainerStateMachine.java:loadSnapshot(236)) - group-20B7CEE0DF6D: The snapshot info is null. Setting the last applied indexto:(t:0, i:~)
2022-09-12 01:24:39,799 [EventQueue-OpenPipelineForHealthyPipelineSafeModeRule] INFO  safemode.SCMSafeModeManager (HealthyPipelineSafeModeRule.java:process(137)) - SCM in safe mode. Healthy pipelines reported count is 0, required healthy pipeline reported count is 1
2022-09-12 01:24:39,799 [pool-330-thread-1] INFO  server.RaftServerConfigKeys (ConfUtils.java:logGet(46)) - raft.server.notification.no-leader.timeout = 300s (custom)
2022-09-12 01:24:39,799 [pool-330-thread-1] INFO  server.RaftServerConfigKeys (ConfUtils.java:logGet(46)) - raft.server.log.use.memory = false (default)
2022-09-12 01:24:39,799 [pool-330-thread-1] INFO  server.RaftServerConfigKeys (ConfUtils.java:logGet(46)) - raft.server.log.purge.gap = 1000000 (custom)
2022-09-12 01:24:39,799 [pool-330-thread-1] INFO  server.RaftServerConfigKeys (ConfUtils.java:logGet(46)) - raft.server.log.appender.buffer.byte-limit = 33554432 (custom)
2022-09-12 01:24:39,799 [pool-330-thread-1] INFO  server.RaftServerConfigKeys (ConfUtils.java:logGet(46)) - raft.server.log.statemachine.data.read.timeout = 1000ms (default)
2022-09-12 01:24:39,799 [pool-330-thread-1] INFO  server.RaftServerConfigKeys (ConfUtils.java:logGet(46)) - raft.server.log.segment.size.max = 1048576 (custom)
2022-09-12 01:24:39,799 [pool-330-thread-1] INFO  server.RaftServerConfigKeys (ConfUtils.java:logGet(46)) - raft.server.log.segment.cache.num.max = 2 (custom)
2022-09-12 01:24:39,799 [pool-330-thread-1] INFO  server.RaftServerConfigKeys (ConfUtils.java:logGet(46)) - raft.server.log.segment.cache.size.max = 200MB (=209715200) (default)
2022-09-12 01:24:39,800 [pool-330-thread-1] INFO  segmented.SegmentedRaftLogWorker (SegmentedRaftLogWorker.java:<init>(187)) - new 74f1d438-0997-4634-9c34-91afcc4dae77@group-20B7CEE0DF6D-SegmentedRaftLogWorker for RaftStorageImpl:Storage Directory /home/runner/work/ozone/ozone/hadoop-ozone/integration-test/target/test-dir/MiniOzoneClusterImpl-cb4dd006-d395-492a-b682-c2bfe535b5e8/datanode-0/data/ratis/e801544d-53ff-4a18-a75b-20b7cee0df6d
2022-09-12 01:24:39,800 [pool-330-thread-1] INFO  server.RaftServerConfigKeys (ConfUtils.java:logGet(46)) - raft.server.log.queue.byte-limit = 4294967296 (custom)
2022-09-12 01:24:39,800 [pool-330-thread-1] INFO  server.RaftServerConfigKeys (ConfUtils.java:logGet(46)) - raft.server.log.queue.element-limit = 1024 (custom)
2022-09-12 01:24:39,801 [pool-330-thread-1] INFO  server.RaftServerConfigKeys (ConfUtils.java:logGet(46)) - raft.server.log.segment.size.max = 1048576 (custom)
2022-09-12 01:24:39,801 [pool-330-thread-1] INFO  server.RaftServerConfigKeys (ConfUtils.java:logGet(46)) - raft.server.log.preallocated.size = 16384 (custom)
2022-09-12 01:24:39,801 [pool-330-thread-1] INFO  server.RaftServerConfigKeys (ConfUtils.java:logGet(46)) - raft.server.log.force.sync.num = 128 (default)
2022-09-12 01:24:39,801 [pool-330-thread-1] INFO  server.RaftServerConfigKeys (ConfUtils.java:logGet(46)) - raft.server.log.statemachine.data.sync = true (default)
2022-09-12 01:24:39,801 [pool-330-thread-1] INFO  server.RaftServerConfigKeys (ConfUtils.java:logGet(46)) - raft.server.log.statemachine.data.sync.timeout = 10s (default)
2022-09-12 01:24:39,801 [pool-330-thread-1] INFO  server.RaftServerConfigKeys (ConfUtils.java:logGet(46)) - raft.server.log.statemachine.data.sync.timeout.retry = -1 (default)
2022-09-12 01:24:39,802 [pool-330-thread-1] INFO  server.RaftServerConfigKeys (ConfUtils.java:logGet(46)) - raft.server.log.write.buffer.size = 1048576 (custom)
2022-09-12 01:24:39,803 [pool-330-thread-1] INFO  server.RaftServerConfigKeys (ConfUtils.java:logGet(46)) - raft.server.log.unsafe-flush.enabled = false (default)
2022-09-12 01:24:39,803 [pool-330-thread-1] INFO  server.RaftServerConfigKeys (ConfUtils.java:logGet(46)) - raft.server.log.statemachine.data.caching.enabled = true (custom)
2022-09-12 01:24:39,803 [pool-330-thread-1] INFO  segmented.SegmentedRaftLogWorker (SegmentedRaftLogWorker.java:lambda$new$0(135)) - 74f1d438-0997-4634-9c34-91afcc4dae77@group-20B7CEE0DF6D-SegmentedRaftLogWorker: flushIndex: setUnconditionally 0 -> -1
2022-09-12 01:24:39,803 [pool-330-thread-1] INFO  segmented.SegmentedRaftLogWorker (SegmentedRaftLogWorker.java:lambda$new$0(135)) - 74f1d438-0997-4634-9c34-91afcc4dae77@group-20B7CEE0DF6D-SegmentedRaftLogWorker: safeCacheEvictIndex: setUnconditionally 0 -> -1
2022-09-12 01:24:39,813 [pool-330-thread-1] INFO  server.RaftServerConfigKeys (ConfUtils.java:logGet(46)) - raft.server.snapshot.auto.trigger.enabled = true (custom)
2022-09-12 01:24:39,813 [pool-330-thread-1] INFO  server.RaftServerConfigKeys (ConfUtils.java:logGet(46)) - raft.server.snapshot.auto.trigger.threshold = 10000 (custom)
2022-09-12 01:24:39,813 [pool-330-thread-1] INFO  server.RaftServerConfigKeys (ConfUtils.java:logGet(46)) - raft.server.snapshot.retention.file.num = 5 (custom)
2022-09-12 01:24:39,813 [pool-330-thread-1] INFO  server.RaftServerConfigKeys (ConfUtils.java:logGet(46)) - raft.server.log.purge.upto.snapshot.index = false (default)
2022-09-12 01:24:39,813 [pool-330-thread-1] INFO  server.RaftServerConfigKeys (ConfUtils.java:logGet(46)) - raft.server.retrycache.expirytime = 600000ms (custom)
2022-09-12 01:24:39,813 [pool-330-thread-1] INFO  server.RaftServerConfigKeys (ConfUtils.java:logGet(46)) - raft.server.retrycache.statistics.expirytime = 100μs (default)
2022-09-12 01:24:39,814 [pool-330-thread-1] INFO  server.RaftServerConfigKeys (ConfUtils.java:logGet(46)) - raft.server.log.appender.install.snapshot.enabled = false (custom)
2022-09-12 01:24:39,815 [pool-330-thread-1] INFO  server.RaftServerConfigKeys (ConfUtils.java:logGet(46)) - raft.server.threadpool.server.cached = true (default)
2022-09-12 01:24:39,815 [pool-330-thread-1] INFO  server.RaftServerConfigKeys (ConfUtils.java:logGet(46)) - raft.server.threadpool.server.size = 0 (default)
2022-09-12 01:24:39,815 [pool-330-thread-1] INFO  server.RaftServerConfigKeys (ConfUtils.java:logGet(46)) - raft.server.threadpool.client.cached = true (default)
2022-09-12 01:24:39,815 [pool-330-thread-1] INFO  server.RaftServerConfigKeys (ConfUtils.java:logGet(46)) - raft.server.threadpool.client.size = 0 (default)
2022-09-12 01:24:39,815 [pool-330-thread-1] INFO  server.RaftServer$Division (RaftServerImpl.java:start(310)) - 74f1d438-0997-4634-9c34-91afcc4dae77@group-20B7CEE0DF6D: start as a follower, conf=-1: [74f1d438-0997-4634-9c34-91afcc4dae77|rpc:127.0.0.1:37869|priority:1, c0693ef0-230a-48dd-aa8a-44a8c3878b49|rpc:127.0.0.1:39373|priority:0, 03e900db-606d-4788-a076-61e9663ea76b|rpc:127.0.0.1:33425|priority:0], old=null
2022-09-12 01:24:39,815 [pool-330-thread-1] INFO  server.RaftServer$Division (RaftServerImpl.java:setRole(299)) - 74f1d438-0997-4634-9c34-91afcc4dae77@group-20B7CEE0DF6D: changes role from      null to FOLLOWER at term 0 for startAsFollower
2022-09-12 01:24:39,815 [pool-330-thread-1] INFO  impl.RoleInfo (RoleInfo.java:updateAndGet(139)) - 74f1d438-0997-4634-9c34-91afcc4dae77: start 74f1d438-0997-4634-9c34-91afcc4dae77@group-20B7CEE0DF6D-FollowerState
2022-09-12 01:24:39,824 [pool-330-thread-1] INFO  util.JmxRegister (JmxRegister.java:tryRegister(44)) - Successfully registered JMX Bean with object name Ratis:service=RaftServer,group=group-20B7CEE0DF6D,id=74f1d438-0997-4634-9c34-91afcc4dae77
2022-09-12 01:24:39,829 [Command processor thread] INFO  ratis.XceiverServerRatis (XceiverServerRatis.java:addGroup(765)) - Created group PipelineID=e801544d-53ff-4a18-a75b-20b7cee0df6d
2022-09-12 01:24:39,836 [grpc-default-executor-4] INFO  server.RaftServer (RaftServerProxy.java:addNew(96)) - 03e900db-606d-4788-a076-61e9663ea76b: addNew group-20B7CEE0DF6D:[74f1d438-0997-4634-9c34-91afcc4dae77|rpc:127.0.0.1:37869|dataStream:|priority:1, c0693ef0-230a-48dd-aa8a-44a8c3878b49|rpc:127.0.0.1:39373|dataStream:|priority:0, 03e900db-606d-4788-a076-61e9663ea76b|rpc:127.0.0.1:33425|dataStream:|priority:0] returns group-20B7CEE0DF6D:java.util.concurrent.CompletableFuture@3774d627[Not completed]
2022-09-12 01:24:39,836 [pool-376-thread-1] INFO  server.RaftServer$Division (RaftServerImpl.java:<init>(190)) - 03e900db-606d-4788-a076-61e9663ea76b: new RaftServerImpl for group-20B7CEE0DF6D:[74f1d438-0997-4634-9c34-91afcc4dae77|rpc:127.0.0.1:37869|dataStream:|priority:1, c0693ef0-230a-48dd-aa8a-44a8c3878b49|rpc:127.0.0.1:39373|dataStream:|priority:0, 03e900db-606d-4788-a076-61e9663ea76b|rpc:127.0.0.1:33425|dataStream:|priority:0] with ContainerStateMachine:uninitialized
2022-09-12 01:24:39,837 [pool-376-thread-1] INFO  server.RaftServerConfigKeys (ConfUtils.java:logGet(46)) - raft.server.rpc.timeout.min = 5s (custom)
2022-09-12 01:24:39,837 [pool-376-thread-1] INFO  server.RaftServerConfigKeys (ConfUtils.java:logGet(46)) - raft.server.rpc.timeout.max = 5200ms (custom)
2022-09-12 01:24:39,837 [pool-376-thread-1] INFO  server.RaftServerConfigKeys (ConfUtils.java:logGet(46)) - raft.server.rpc.sleep.time = 25ms (default)
2022-09-12 01:24:39,837 [pool-376-thread-1] INFO  server.RaftServerConfigKeys (ConfUtils.java:logGet(46)) - raft.server.rpc.slowness.timeout = 300s (custom)
2022-09-12 01:24:39,837 [pool-376-thread-1] INFO  server.RaftServerConfigKeys (ConfUtils.java:logGet(46)) - raft.server.leaderelection.leader.step-down.wait-time = 10s (default)
2022-09-12 01:24:39,837 [pool-376-thread-1] INFO  server.RaftServerConfigKeys (ConfUtils.java:logGet(46)) - raft.server.sleep.deviation.threshold = 300ms (default)
2022-09-12 01:24:39,837 [pool-376-thread-1] INFO  server.RaftServer$Division (ServerState.java:<init>(107)) - 03e900db-606d-4788-a076-61e9663ea76b@group-20B7CEE0DF6D: ConfigurationManager, init=-1: [74f1d438-0997-4634-9c34-91afcc4dae77|rpc:127.0.0.1:37869|dataStream:|priority:1, c0693ef0-230a-48dd-aa8a-44a8c3878b49|rpc:127.0.0.1:39373|dataStream:|priority:0, 03e900db-606d-4788-a076-61e9663ea76b|rpc:127.0.0.1:33425|dataStream:|priority:0], old=null, confs=<EMPTY_MAP>
2022-09-12 01:24:39,837 [pool-376-thread-1] INFO  server.RaftServerConfigKeys (ConfUtils.java:logGet(46)) - raft.server.storage.dir = [/home/runner/work/ozone/ozone/hadoop-ozone/integration-test/target/test-dir/MiniOzoneClusterImpl-cb4dd006-d395-492a-b682-c2bfe535b5e8/datanode-2/data/ratis] (custom)
2022-09-12 01:24:39,837 [pool-376-thread-1] INFO  server.RaftServerConfigKeys (ConfUtils.java:logGet(46)) - raft.server.log.corruption.policy = EXCEPTION (default)
2022-09-12 01:24:39,837 [pool-376-thread-1] INFO  server.RaftServerConfigKeys (ConfUtils.java:logGet(46)) - raft.server.storage.free-space.min = 0MB (=0) (default)
2022-09-12 01:24:39,837 [pool-376-thread-1] INFO  storage.RaftStorageDirectory (RaftStorageDirectoryImpl.java:analyzeStorage(135)) - The storage directory /home/runner/work/ozone/ozone/hadoop-ozone/integration-test/target/test-dir/MiniOzoneClusterImpl-cb4dd006-d395-492a-b682-c2bfe535b5e8/datanode-2/data/ratis/e801544d-53ff-4a18-a75b-20b7cee0df6d does not exist. Creating ...
2022-09-12 01:24:39,838 [pool-376-thread-1] INFO  storage.RaftStorageDirectory (RaftStorageDirectoryImpl.java:tryLock(230)) - Lock on /home/runner/work/ozone/ozone/hadoop-ozone/integration-test/target/test-dir/MiniOzoneClusterImpl-cb4dd006-d395-492a-b682-c2bfe535b5e8/datanode-2/data/ratis/e801544d-53ff-4a18-a75b-20b7cee0df6d/in_use.lock acquired by nodename 51693@fv-az167-317
2022-09-12 01:24:39,839 [pool-376-thread-1] INFO  storage.RaftStorage (RaftStorageImpl.java:format(89)) - Storage directory /home/runner/work/ozone/ozone/hadoop-ozone/integration-test/target/test-dir/MiniOzoneClusterImpl-cb4dd006-d395-492a-b682-c2bfe535b5e8/datanode-2/data/ratis/e801544d-53ff-4a18-a75b-20b7cee0df6d has been successfully formatted.
2022-09-12 01:24:39,840 [pool-376-thread-1] INFO  ratis.ContainerStateMachine (ContainerStateMachine.java:loadSnapshot(236)) - group-20B7CEE0DF6D: The snapshot info is null. Setting the last applied indexto:(t:0, i:~)
2022-09-12 01:24:39,840 [pool-376-thread-1] INFO  server.RaftServerConfigKeys (ConfUtils.java:logGet(46)) - raft.server.notification.no-leader.timeout = 300s (custom)
2022-09-12 01:24:39,840 [pool-376-thread-1] INFO  server.RaftServerConfigKeys (ConfUtils.java:logGet(46)) - raft.server.log.use.memory = false (default)
2022-09-12 01:24:39,840 [pool-376-thread-1] INFO  server.RaftServerConfigKeys (ConfUtils.java:logGet(46)) - raft.server.log.purge.gap = 1000000 (custom)
2022-09-12 01:24:39,840 [pool-376-thread-1] INFO  server.RaftServerConfigKeys (ConfUtils.java:logGet(46)) - raft.server.log.appender.buffer.byte-limit = 33554432 (custom)
2022-09-12 01:24:39,840 [pool-376-thread-1] INFO  server.RaftServerConfigKeys (ConfUtils.java:logGet(46)) - raft.server.log.statemachine.data.read.timeout = 1000ms (default)
2022-09-12 01:24:39,840 [pool-376-thread-1] INFO  server.RaftServerConfigKeys (ConfUtils.java:logGet(46)) - raft.server.log.segment.size.max = 1048576 (custom)
2022-09-12 01:24:39,842 [pool-376-thread-1] INFO  server.RaftServerConfigKeys (ConfUtils.java:logGet(46)) - raft.server.log.segment.cache.num.max = 2 (custom)
2022-09-12 01:24:39,842 [pool-376-thread-1] INFO  server.RaftServerConfigKeys (ConfUtils.java:logGet(46)) - raft.server.log.segment.cache.size.max = 200MB (=209715200) (default)
2022-09-12 01:24:39,842 [pool-376-thread-1] INFO  segmented.SegmentedRaftLogWorker (SegmentedRaftLogWorker.java:<init>(187)) - new 03e900db-606d-4788-a076-61e9663ea76b@group-20B7CEE0DF6D-SegmentedRaftLogWorker for RaftStorageImpl:Storage Directory /home/runner/work/ozone/ozone/hadoop-ozone/integration-test/target/test-dir/MiniOzoneClusterImpl-cb4dd006-d395-492a-b682-c2bfe535b5e8/datanode-2/data/ratis/e801544d-53ff-4a18-a75b-20b7cee0df6d
2022-09-12 01:24:39,842 [pool-376-thread-1] INFO  server.RaftServerConfigKeys (ConfUtils.java:logGet(46)) - raft.server.log.queue.byte-limit = 4294967296 (custom)
2022-09-12 01:24:39,842 [pool-376-thread-1] INFO  server.RaftServerConfigKeys (ConfUtils.java:logGet(46)) - raft.server.log.queue.element-limit = 1024 (custom)
2022-09-12 01:24:39,842 [pool-376-thread-1] INFO  server.RaftServerConfigKeys (ConfUtils.java:logGet(46)) - raft.server.log.segment.size.max = 1048576 (custom)
2022-09-12 01:24:39,842 [pool-376-thread-1] INFO  server.RaftServerConfigKeys (ConfUtils.java:logGet(46)) - raft.server.log.preallocated.size = 16384 (custom)
2022-09-12 01:24:39,842 [pool-376-thread-1] INFO  server.RaftServerConfigKeys (ConfUtils.java:logGet(46)) - raft.server.log.force.sync.num = 128 (default)
2022-09-12 01:24:39,842 [pool-376-thread-1] INFO  server.RaftServerConfigKeys (ConfUtils.java:logGet(46)) - raft.server.log.statemachine.data.sync = true (default)
2022-09-12 01:24:39,842 [pool-376-thread-1] INFO  server.RaftServerConfigKeys (ConfUtils.java:logGet(46)) - raft.server.log.statemachine.data.sync.timeout = 10s (default)
2022-09-12 01:24:39,842 [pool-376-thread-1] INFO  server.RaftServerConfigKeys (ConfUtils.java:logGet(46)) - raft.server.log.statemachine.data.sync.timeout.retry = -1 (default)
2022-09-12 01:24:39,843 [pool-376-thread-1] INFO  server.RaftServerConfigKeys (ConfUtils.java:logGet(46)) - raft.server.log.write.buffer.size = 1048576 (custom)
2022-09-12 01:24:39,843 [pool-376-thread-1] INFO  server.RaftServerConfigKeys (ConfUtils.java:logGet(46)) - raft.server.log.unsafe-flush.enabled = false (default)
2022-09-12 01:24:39,843 [pool-376-thread-1] INFO  server.RaftServerConfigKeys (ConfUtils.java:logGet(46)) - raft.server.log.statemachine.data.caching.enabled = true (custom)
2022-09-12 01:24:39,843 [pool-376-thread-1] INFO  segmented.SegmentedRaftLogWorker (SegmentedRaftLogWorker.java:lambda$new$0(135)) - 03e900db-606d-4788-a076-61e9663ea76b@group-20B7CEE0DF6D-SegmentedRaftLogWorker: flushIndex: setUnconditionally 0 -> -1
2022-09-12 01:24:39,843 [pool-376-thread-1] INFO  segmented.SegmentedRaftLogWorker (SegmentedRaftLogWorker.java:lambda$new$0(135)) - 03e900db-606d-4788-a076-61e9663ea76b@group-20B7CEE0DF6D-SegmentedRaftLogWorker: safeCacheEvictIndex: setUnconditionally 0 -> -1
2022-09-12 01:24:39,844 [pool-376-thread-1] INFO  server.RaftServerConfigKeys (ConfUtils.java:logGet(46)) - raft.server.snapshot.auto.trigger.enabled = true (custom)
2022-09-12 01:24:39,844 [pool-376-thread-1] INFO  server.RaftServerConfigKeys (ConfUtils.java:logGet(46)) - raft.server.snapshot.auto.trigger.threshold = 10000 (custom)
2022-09-12 01:24:39,844 [pool-376-thread-1] INFO  server.RaftServerConfigKeys (ConfUtils.java:logGet(46)) - raft.server.snapshot.retention.file.num = 5 (custom)
2022-09-12 01:24:39,844 [pool-376-thread-1] INFO  server.RaftServerConfigKeys (ConfUtils.java:logGet(46)) - raft.server.log.purge.upto.snapshot.index = false (default)
2022-09-12 01:24:39,844 [pool-376-thread-1] INFO  server.RaftServerConfigKeys (ConfUtils.java:logGet(46)) - raft.server.retrycache.expirytime = 600000ms (custom)
2022-09-12 01:24:39,845 [pool-376-thread-1] INFO  server.RaftServerConfigKeys (ConfUtils.java:logGet(46)) - raft.server.retrycache.statistics.expirytime = 100μs (default)
2022-09-12 01:24:39,849 [pool-376-thread-1] INFO  server.RaftServerConfigKeys (ConfUtils.java:logGet(46)) - raft.server.log.appender.install.snapshot.enabled = false (custom)
2022-09-12 01:24:39,849 [pool-376-thread-1] INFO  server.RaftServerConfigKeys (ConfUtils.java:logGet(46)) - raft.server.threadpool.server.cached = true (default)
2022-09-12 01:24:39,849 [pool-376-thread-1] INFO  server.RaftServerConfigKeys (ConfUtils.java:logGet(46)) - raft.server.threadpool.server.size = 0 (default)
2022-09-12 01:24:39,849 [pool-376-thread-1] INFO  server.RaftServerConfigKeys (ConfUtils.java:logGet(46)) - raft.server.threadpool.client.cached = true (default)
2022-09-12 01:24:39,849 [pool-376-thread-1] INFO  server.RaftServerConfigKeys (ConfUtils.java:logGet(46)) - raft.server.threadpool.client.size = 0 (default)
2022-09-12 01:24:39,849 [pool-376-thread-1] INFO  server.RaftServer$Division (RaftServerImpl.java:start(310)) - 03e900db-606d-4788-a076-61e9663ea76b@group-20B7CEE0DF6D: start as a follower, conf=-1: [74f1d438-0997-4634-9c34-91afcc4dae77|rpc:127.0.0.1:37869|dataStream:|priority:1, c0693ef0-230a-48dd-aa8a-44a8c3878b49|rpc:127.0.0.1:39373|dataStream:|priority:0, 03e900db-606d-4788-a076-61e9663ea76b|rpc:127.0.0.1:33425|dataStream:|priority:0], old=null
2022-09-12 01:24:39,849 [pool-376-thread-1] INFO  server.RaftServer$Division (RaftServerImpl.java:setRole(299)) - 03e900db-606d-4788-a076-61e9663ea76b@group-20B7CEE0DF6D: changes role from      null to FOLLOWER at term 0 for startAsFollower
2022-09-12 01:24:39,849 [pool-376-thread-1] INFO  impl.RoleInfo (RoleInfo.java:updateAndGet(139)) - 03e900db-606d-4788-a076-61e9663ea76b: start 03e900db-606d-4788-a076-61e9663ea76b@group-20B7CEE0DF6D-FollowerState
2022-09-12 01:24:39,862 [pool-376-thread-1] INFO  util.JmxRegister (JmxRegister.java:tryRegister(44)) - Successfully registered JMX Bean with object name Ratis:service=RaftServer,group=group-20B7CEE0DF6D,id=03e900db-606d-4788-a076-61e9663ea76b
2022-09-12 01:24:39,908 [grpc-default-executor-4] INFO  server.RaftServer (RaftServerProxy.java:addNew(96)) - c0693ef0-230a-48dd-aa8a-44a8c3878b49: addNew group-20B7CEE0DF6D:[74f1d438-0997-4634-9c34-91afcc4dae77|rpc:127.0.0.1:37869|dataStream:|priority:1, c0693ef0-230a-48dd-aa8a-44a8c3878b49|rpc:127.0.0.1:39373|dataStream:|priority:0, 03e900db-606d-4788-a076-61e9663ea76b|rpc:127.0.0.1:33425|dataStream:|priority:0] returns group-20B7CEE0DF6D:java.util.concurrent.CompletableFuture@d2dacdd[Not completed]
2022-09-12 01:24:39,909 [pool-353-thread-1] INFO  server.RaftServer$Division (RaftServerImpl.java:<init>(190)) - c0693ef0-230a-48dd-aa8a-44a8c3878b49: new RaftServerImpl for group-20B7CEE0DF6D:[74f1d438-0997-4634-9c34-91afcc4dae77|rpc:127.0.0.1:37869|dataStream:|priority:1, c0693ef0-230a-48dd-aa8a-44a8c3878b49|rpc:127.0.0.1:39373|dataStream:|priority:0, 03e900db-606d-4788-a076-61e9663ea76b|rpc:127.0.0.1:33425|dataStream:|priority:0] with ContainerStateMachine:uninitialized
2022-09-12 01:24:39,909 [pool-353-thread-1] INFO  server.RaftServerConfigKeys (ConfUtils.java:logGet(46)) - raft.server.rpc.timeout.min = 5s (custom)
2022-09-12 01:24:39,909 [pool-353-thread-1] INFO  server.RaftServerConfigKeys (ConfUtils.java:logGet(46)) - raft.server.rpc.timeout.max = 5200ms (custom)
2022-09-12 01:24:39,909 [pool-353-thread-1] INFO  server.RaftServerConfigKeys (ConfUtils.java:logGet(46)) - raft.server.rpc.sleep.time = 25ms (default)
2022-09-12 01:24:39,909 [pool-353-thread-1] INFO  server.RaftServerConfigKeys (ConfUtils.java:logGet(46)) - raft.server.rpc.slowness.timeout = 300s (custom)
2022-09-12 01:24:39,909 [pool-353-thread-1] INFO  server.RaftServerConfigKeys (ConfUtils.java:logGet(46)) - raft.server.leaderelection.leader.step-down.wait-time = 10s (default)
2022-09-12 01:24:39,909 [pool-353-thread-1] INFO  server.RaftServerConfigKeys (ConfUtils.java:logGet(46)) - raft.server.sleep.deviation.threshold = 300ms (default)
2022-09-12 01:24:39,909 [pool-353-thread-1] INFO  server.RaftServer$Division (ServerState.java:<init>(107)) - c0693ef0-230a-48dd-aa8a-44a8c3878b49@group-20B7CEE0DF6D: ConfigurationManager, init=-1: [74f1d438-0997-4634-9c34-91afcc4dae77|rpc:127.0.0.1:37869|dataStream:|priority:1, c0693ef0-230a-48dd-aa8a-44a8c3878b49|rpc:127.0.0.1:39373|dataStream:|priority:0, 03e900db-606d-4788-a076-61e9663ea76b|rpc:127.0.0.1:33425|dataStream:|priority:0], old=null, confs=<EMPTY_MAP>
2022-09-12 01:24:39,910 [pool-353-thread-1] INFO  server.RaftServerConfigKeys (ConfUtils.java:logGet(46)) - raft.server.storage.dir = [/home/runner/work/ozone/ozone/hadoop-ozone/integration-test/target/test-dir/MiniOzoneClusterImpl-cb4dd006-d395-492a-b682-c2bfe535b5e8/datanode-1/data/ratis] (custom)
2022-09-12 01:24:39,910 [pool-353-thread-1] INFO  server.RaftServerConfigKeys (ConfUtils.java:logGet(46)) - raft.server.log.corruption.policy = EXCEPTION (default)
2022-09-12 01:24:39,910 [pool-353-thread-1] INFO  server.RaftServerConfigKeys (ConfUtils.java:logGet(46)) - raft.server.storage.free-space.min = 0MB (=0) (default)
2022-09-12 01:24:39,910 [pool-353-thread-1] INFO  storage.RaftStorageDirectory (RaftStorageDirectoryImpl.java:analyzeStorage(135)) - The storage directory /home/runner/work/ozone/ozone/hadoop-ozone/integration-test/target/test-dir/MiniOzoneClusterImpl-cb4dd006-d395-492a-b682-c2bfe535b5e8/datanode-1/data/ratis/e801544d-53ff-4a18-a75b-20b7cee0df6d does not exist. Creating ...
2022-09-12 01:24:39,911 [pool-353-thread-1] INFO  storage.RaftStorageDirectory (RaftStorageDirectoryImpl.java:tryLock(230)) - Lock on /home/runner/work/ozone/ozone/hadoop-ozone/integration-test/target/test-dir/MiniOzoneClusterImpl-cb4dd006-d395-492a-b682-c2bfe535b5e8/datanode-1/data/ratis/e801544d-53ff-4a18-a75b-20b7cee0df6d/in_use.lock acquired by nodename 51693@fv-az167-317
2022-09-12 01:24:39,912 [pool-353-thread-1] INFO  storage.RaftStorage (RaftStorageImpl.java:format(89)) - Storage directory /home/runner/work/ozone/ozone/hadoop-ozone/integration-test/target/test-dir/MiniOzoneClusterImpl-cb4dd006-d395-492a-b682-c2bfe535b5e8/datanode-1/data/ratis/e801544d-53ff-4a18-a75b-20b7cee0df6d has been successfully formatted.
2022-09-12 01:24:39,912 [pool-353-thread-1] INFO  ratis.ContainerStateMachine (ContainerStateMachine.java:loadSnapshot(236)) - group-20B7CEE0DF6D: The snapshot info is null. Setting the last applied indexto:(t:0, i:~)
2022-09-12 01:24:39,913 [pool-353-thread-1] INFO  server.RaftServerConfigKeys (ConfUtils.java:logGet(46)) - raft.server.notification.no-leader.timeout = 300s (custom)
2022-09-12 01:24:39,913 [pool-353-thread-1] INFO  server.RaftServerConfigKeys (ConfUtils.java:logGet(46)) - raft.server.log.use.memory = false (default)
2022-09-12 01:24:39,913 [pool-353-thread-1] INFO  server.RaftServerConfigKeys (ConfUtils.java:logGet(46)) - raft.server.log.purge.gap = 1000000 (custom)
2022-09-12 01:24:39,913 [pool-353-thread-1] INFO  server.RaftServerConfigKeys (ConfUtils.java:logGet(46)) - raft.server.log.appender.buffer.byte-limit = 33554432 (custom)
2022-09-12 01:24:39,913 [pool-353-thread-1] INFO  server.RaftServerConfigKeys (ConfUtils.java:logGet(46)) - raft.server.log.statemachine.data.read.timeout = 1000ms (default)
2022-09-12 01:24:39,913 [pool-353-thread-1] INFO  server.RaftServerConfigKeys (ConfUtils.java:logGet(46)) - raft.server.log.segment.size.max = 1048576 (custom)
2022-09-12 01:24:39,913 [pool-353-thread-1] INFO  server.RaftServerConfigKeys (ConfUtils.java:logGet(46)) - raft.server.log.segment.cache.num.max = 2 (custom)
2022-09-12 01:24:39,913 [pool-353-thread-1] INFO  server.RaftServerConfigKeys (ConfUtils.java:logGet(46)) - raft.server.log.segment.cache.size.max = 200MB (=209715200) (default)
2022-09-12 01:24:39,913 [pool-353-thread-1] INFO  segmented.SegmentedRaftLogWorker (SegmentedRaftLogWorker.java:<init>(187)) - new c0693ef0-230a-48dd-aa8a-44a8c3878b49@group-20B7CEE0DF6D-SegmentedRaftLogWorker for RaftStorageImpl:Storage Directory /home/runner/work/ozone/ozone/hadoop-ozone/integration-test/target/test-dir/MiniOzoneClusterImpl-cb4dd006-d395-492a-b682-c2bfe535b5e8/datanode-1/data/ratis/e801544d-53ff-4a18-a75b-20b7cee0df6d
2022-09-12 01:24:39,913 [pool-353-thread-1] INFO  server.RaftServerConfigKeys (ConfUtils.java:logGet(46)) - raft.server.log.queue.byte-limit = 4294967296 (custom)
2022-09-12 01:24:39,913 [pool-353-thread-1] INFO  server.RaftServerConfigKeys (ConfUtils.java:logGet(46)) - raft.server.log.queue.element-limit = 1024 (custom)
2022-09-12 01:24:39,913 [pool-353-thread-1] INFO  server.RaftServerConfigKeys (ConfUtils.java:logGet(46)) - raft.server.log.segment.size.max = 1048576 (custom)
2022-09-12 01:24:39,913 [pool-353-thread-1] INFO  server.RaftServerConfigKeys (ConfUtils.java:logGet(46)) - raft.server.log.preallocated.size = 16384 (custom)
2022-09-12 01:24:39,913 [pool-353-thread-1] INFO  server.RaftServerConfigKeys (ConfUtils.java:logGet(46)) - raft.server.log.force.sync.num = 128 (default)
2022-09-12 01:24:39,913 [pool-353-thread-1] INFO  server.RaftServerConfigKeys (ConfUtils.java:logGet(46)) - raft.server.log.statemachine.data.sync = true (default)
2022-09-12 01:24:39,914 [pool-353-thread-1] INFO  server.RaftServerConfigKeys (ConfUtils.java:logGet(46)) - raft.server.log.statemachine.data.sync.timeout = 10s (default)
2022-09-12 01:24:39,914 [pool-353-thread-1] INFO  server.RaftServerConfigKeys (ConfUtils.java:logGet(46)) - raft.server.log.statemachine.data.sync.timeout.retry = -1 (default)
2022-09-12 01:24:39,914 [pool-353-thread-1] INFO  server.RaftServerConfigKeys (ConfUtils.java:logGet(46)) - raft.server.log.write.buffer.size = 1048576 (custom)
2022-09-12 01:24:39,915 [pool-353-thread-1] INFO  server.RaftServerConfigKeys (ConfUtils.java:logGet(46)) - raft.server.log.unsafe-flush.enabled = false (default)
2022-09-12 01:24:39,915 [pool-353-thread-1] INFO  server.RaftServerConfigKeys (ConfUtils.java:logGet(46)) - raft.server.log.statemachine.data.caching.enabled = true (custom)
2022-09-12 01:24:39,915 [pool-353-thread-1] INFO  segmented.SegmentedRaftLogWorker (SegmentedRaftLogWorker.java:lambda$new$0(135)) - c0693ef0-230a-48dd-aa8a-44a8c3878b49@group-20B7CEE0DF6D-SegmentedRaftLogWorker: flushIndex: setUnconditionally 0 -> -1
2022-09-12 01:24:39,915 [pool-353-thread-1] INFO  segmented.SegmentedRaftLogWorker (SegmentedRaftLogWorker.java:lambda$new$0(135)) - c0693ef0-230a-48dd-aa8a-44a8c3878b49@group-20B7CEE0DF6D-SegmentedRaftLogWorker: safeCacheEvictIndex: setUnconditionally 0 -> -1
2022-09-12 01:24:39,924 [pool-353-thread-1] INFO  server.RaftServerConfigKeys (ConfUtils.java:logGet(46)) - raft.server.snapshot.auto.trigger.enabled = true (custom)
2022-09-12 01:24:39,924 [pool-353-thread-1] INFO  server.RaftServerConfigKeys (ConfUtils.java:logGet(46)) - raft.server.snapshot.auto.trigger.threshold = 10000 (custom)
2022-09-12 01:24:39,924 [pool-353-thread-1] INFO  server.RaftServerConfigKeys (ConfUtils.java:logGet(46)) - raft.server.snapshot.retention.file.num = 5 (custom)
2022-09-12 01:24:39,925 [pool-353-thread-1] INFO  server.RaftServerConfigKeys (ConfUtils.java:logGet(46)) - raft.server.log.purge.upto.snapshot.index = false (default)
2022-09-12 01:24:39,925 [pool-353-thread-1] INFO  server.RaftServerConfigKeys (ConfUtils.java:logGet(46)) - raft.server.retrycache.expirytime = 600000ms (custom)
2022-09-12 01:24:39,925 [pool-353-thread-1] INFO  server.RaftServerConfigKeys (ConfUtils.java:logGet(46)) - raft.server.retrycache.statistics.expirytime = 100μs (default)
2022-09-12 01:24:39,925 [pool-353-thread-1] INFO  server.RaftServerConfigKeys (ConfUtils.java:logGet(46)) - raft.server.log.appender.install.snapshot.enabled = false (custom)
2022-09-12 01:24:39,926 [pool-353-thread-1] INFO  server.RaftServerConfigKeys (ConfUtils.java:logGet(46)) - raft.server.threadpool.server.cached = true (default)
2022-09-12 01:24:39,926 [pool-353-thread-1] INFO  server.RaftServerConfigKeys (ConfUtils.java:logGet(46)) - raft.server.threadpool.server.size = 0 (default)
2022-09-12 01:24:39,926 [pool-353-thread-1] INFO  server.RaftServerConfigKeys (ConfUtils.java:logGet(46)) - raft.server.threadpool.client.cached = true (default)
2022-09-12 01:24:39,926 [pool-353-thread-1] INFO  server.RaftServerConfigKeys (ConfUtils.java:logGet(46)) - raft.server.threadpool.client.size = 0 (default)
2022-09-12 01:24:39,926 [pool-353-thread-1] INFO  server.RaftServer$Division (RaftServerImpl.java:start(310)) - c0693ef0-230a-48dd-aa8a-44a8c3878b49@group-20B7CEE0DF6D: start as a follower, conf=-1: [74f1d438-0997-4634-9c34-91afcc4dae77|rpc:127.0.0.1:37869|dataStream:|priority:1, c0693ef0-230a-48dd-aa8a-44a8c3878b49|rpc:127.0.0.1:39373|dataStream:|priority:0, 03e900db-606d-4788-a076-61e9663ea76b|rpc:127.0.0.1:33425|dataStream:|priority:0], old=null
2022-09-12 01:24:39,926 [pool-353-thread-1] INFO  server.RaftServer$Division (RaftServerImpl.java:setRole(299)) - c0693ef0-230a-48dd-aa8a-44a8c3878b49@group-20B7CEE0DF6D: changes role from      null to FOLLOWER at term 0 for startAsFollower
2022-09-12 01:24:39,926 [pool-353-thread-1] INFO  impl.RoleInfo (RoleInfo.java:updateAndGet(139)) - c0693ef0-230a-48dd-aa8a-44a8c3878b49: start c0693ef0-230a-48dd-aa8a-44a8c3878b49@group-20B7CEE0DF6D-FollowerState
2022-09-12 01:24:39,930 [pool-353-thread-1] INFO  util.JmxRegister (JmxRegister.java:tryRegister(44)) - Successfully registered JMX Bean with object name Ratis:service=RaftServer,group=group-20B7CEE0DF6D,id=c0693ef0-230a-48dd-aa8a-44a8c3878b49
2022-09-12 01:24:39,959 [Command processor thread] INFO  commandhandler.CreatePipelineCommandHandler (CreatePipelineCommandHandler.java:handle(113)) - Created Pipeline RATIS THREE PipelineID=e801544d-53ff-4a18-a75b-20b7cee0df6d.
2022-09-12 01:24:40,132 [Command processor thread] INFO  server.RaftServer (RaftServerProxy.java:addNew(96)) - c0693ef0-230a-48dd-aa8a-44a8c3878b49: addNew group-F47393CAD38E:[c0693ef0-230a-48dd-aa8a-44a8c3878b49|rpc:127.0.0.1:39373|priority:1] returns group-F47393CAD38E:java.util.concurrent.CompletableFuture@d44ba8d[Not completed]
2022-09-12 01:24:40,133 [pool-353-thread-1] INFO  server.RaftServer$Division (RaftServerImpl.java:<init>(190)) - c0693ef0-230a-48dd-aa8a-44a8c3878b49: new RaftServerImpl for group-F47393CAD38E:[c0693ef0-230a-48dd-aa8a-44a8c3878b49|rpc:127.0.0.1:39373|priority:1] with ContainerStateMachine:uninitialized
2022-09-12 01:24:40,133 [pool-353-thread-1] INFO  server.RaftServerConfigKeys (ConfUtils.java:logGet(46)) - raft.server.rpc.timeout.min = 5s (custom)
2022-09-12 01:24:40,133 [pool-353-thread-1] INFO  server.RaftServerConfigKeys (ConfUtils.java:logGet(46)) - raft.server.rpc.timeout.max = 5200ms (custom)
2022-09-12 01:24:40,133 [pool-353-thread-1] INFO  server.RaftServerConfigKeys (ConfUtils.java:logGet(46)) - raft.server.rpc.sleep.time = 25ms (default)
2022-09-12 01:24:40,133 [pool-353-thread-1] INFO  server.RaftServerConfigKeys (ConfUtils.java:logGet(46)) - raft.server.rpc.slowness.timeout = 300s (custom)
2022-09-12 01:24:40,133 [pool-353-thread-1] INFO  server.RaftServerConfigKeys (ConfUtils.java:logGet(46)) - raft.server.leaderelection.leader.step-down.wait-time = 10s (default)
2022-09-12 01:24:40,133 [pool-353-thread-1] INFO  server.RaftServerConfigKeys (ConfUtils.java:logGet(46)) - raft.server.sleep.deviation.threshold = 300ms (default)
2022-09-12 01:24:40,133 [pool-353-thread-1] INFO  server.RaftServer$Division (ServerState.java:<init>(107)) - c0693ef0-230a-48dd-aa8a-44a8c3878b49@group-F47393CAD38E: ConfigurationManager, init=-1: [c0693ef0-230a-48dd-aa8a-44a8c3878b49|rpc:127.0.0.1:39373|priority:1], old=null, confs=<EMPTY_MAP>
2022-09-12 01:24:40,133 [pool-353-thread-1] INFO  server.RaftServerConfigKeys (ConfUtils.java:logGet(46)) - raft.server.storage.dir = [/home/runner/work/ozone/ozone/hadoop-ozone/integration-test/target/test-dir/MiniOzoneClusterImpl-cb4dd006-d395-492a-b682-c2bfe535b5e8/datanode-1/data/ratis] (custom)
2022-09-12 01:24:40,134 [pool-353-thread-1] INFO  server.RaftServerConfigKeys (ConfUtils.java:logGet(46)) - raft.server.log.corruption.policy = EXCEPTION (default)
2022-09-12 01:24:40,134 [pool-353-thread-1] INFO  server.RaftServerConfigKeys (ConfUtils.java:logGet(46)) - raft.server.storage.free-space.min = 0MB (=0) (default)
2022-09-12 01:24:40,134 [pool-353-thread-1] INFO  storage.RaftStorageDirectory (RaftStorageDirectoryImpl.java:analyzeStorage(135)) - The storage directory /home/runner/work/ozone/ozone/hadoop-ozone/integration-test/target/test-dir/MiniOzoneClusterImpl-cb4dd006-d395-492a-b682-c2bfe535b5e8/datanode-1/data/ratis/9391a2d9-2f2c-4b9b-a582-f47393cad38e does not exist. Creating ...
2022-09-12 01:24:40,136 [pool-353-thread-1] INFO  storage.RaftStorageDirectory (RaftStorageDirectoryImpl.java:tryLock(230)) - Lock on /home/runner/work/ozone/ozone/hadoop-ozone/integration-test/target/test-dir/MiniOzoneClusterImpl-cb4dd006-d395-492a-b682-c2bfe535b5e8/datanode-1/data/ratis/9391a2d9-2f2c-4b9b-a582-f47393cad38e/in_use.lock acquired by nodename 51693@fv-az167-317
2022-09-12 01:24:40,138 [pool-353-thread-1] INFO  storage.RaftStorage (RaftStorageImpl.java:format(89)) - Storage directory /home/runner/work/ozone/ozone/hadoop-ozone/integration-test/target/test-dir/MiniOzoneClusterImpl-cb4dd006-d395-492a-b682-c2bfe535b5e8/datanode-1/data/ratis/9391a2d9-2f2c-4b9b-a582-f47393cad38e has been successfully formatted.
2022-09-12 01:24:40,139 [pool-353-thread-1] INFO  ratis.ContainerStateMachine (ContainerStateMachine.java:loadSnapshot(236)) - group-F47393CAD38E: The snapshot info is null. Setting the last applied indexto:(t:0, i:~)
2022-09-12 01:24:40,140 [pool-353-thread-1] INFO  server.RaftServerConfigKeys (ConfUtils.java:logGet(46)) - raft.server.notification.no-leader.timeout = 300s (custom)
2022-09-12 01:24:40,140 [pool-353-thread-1] INFO  server.RaftServerConfigKeys (ConfUtils.java:logGet(46)) - raft.server.log.use.memory = false (default)
2022-09-12 01:24:40,140 [pool-353-thread-1] INFO  server.RaftServerConfigKeys (ConfUtils.java:logGet(46)) - raft.server.log.purge.gap = 1000000 (custom)
2022-09-12 01:24:40,140 [pool-353-thread-1] INFO  server.RaftServerConfigKeys (ConfUtils.java:logGet(46)) - raft.server.log.appender.buffer.byte-limit = 33554432 (custom)
2022-09-12 01:24:40,140 [EventQueue-PipelineReportForPipelineReportHandler] INFO  pipeline.PipelineManagerImpl (PipelineManagerImpl.java:openPipeline(367)) - Pipeline Pipeline[ Id: 9391a2d9-2f2c-4b9b-a582-f47393cad38e, Nodes: c0693ef0-230a-48dd-aa8a-44a8c3878b49{ip: 127.0.0.1, host: localhost, ports: [REPLICATION=33309, RATIS=39373, RATIS_ADMIN=39373, RATIS_SERVER=39373, STANDALONE=40657], networkLocation: /default-rack, certSerialId: null, persistedOpState: IN_SERVICE, persistedOpStateExpiryEpochSec: 0}, ReplicationConfig: RATIS/ONE, State:ALLOCATED, leaderId:c0693ef0-230a-48dd-aa8a-44a8c3878b49, CreationTimestamp2022-09-12T01:24:37.135Z[Etc/UTC]] moved to OPEN state
2022-09-12 01:24:40,141 [8e599114-682f-40f9-8544-01c79a4548da@group-C2BFE535B5E8-StateMachineUpdater] INFO  safemode.HealthyPipelineSafeModeRule (HealthyPipelineSafeModeRule.java:initializeRule(165)) - Refreshed total pipeline count is 0, healthy pipeline threshold count is 1
2022-09-12 01:24:40,142 [EventQueue-OpenPipelineForHealthyPipelineSafeModeRule] INFO  safemode.SCMSafeModeManager (HealthyPipelineSafeModeRule.java:process(137)) - SCM in safe mode. Healthy pipelines reported count is 0, required healthy pipeline reported count is 1
2022-09-12 01:24:40,146 [pool-353-thread-1] INFO  server.RaftServerConfigKeys (ConfUtils.java:logGet(46)) - raft.server.log.statemachine.data.read.timeout = 1000ms (default)
2022-09-12 01:24:40,146 [pool-353-thread-1] INFO  server.RaftServerConfigKeys (ConfUtils.java:logGet(46)) - raft.server.log.segment.size.max = 1048576 (custom)
2022-09-12 01:24:40,146 [pool-353-thread-1] INFO  server.RaftServerConfigKeys (ConfUtils.java:logGet(46)) - raft.server.log.segment.cache.num.max = 2 (custom)
2022-09-12 01:24:40,146 [pool-353-thread-1] INFO  server.RaftServerConfigKeys (ConfUtils.java:logGet(46)) - raft.server.log.segment.cache.size.max = 200MB (=209715200) (default)
2022-09-12 01:24:40,147 [pool-353-thread-1] INFO  segmented.SegmentedRaftLogWorker (SegmentedRaftLogWorker.java:<init>(187)) - new c0693ef0-230a-48dd-aa8a-44a8c3878b49@group-F47393CAD38E-SegmentedRaftLogWorker for RaftStorageImpl:Storage Directory /home/runner/work/ozone/ozone/hadoop-ozone/integration-test/target/test-dir/MiniOzoneClusterImpl-cb4dd006-d395-492a-b682-c2bfe535b5e8/datanode-1/data/ratis/9391a2d9-2f2c-4b9b-a582-f47393cad38e
2022-09-12 01:24:40,147 [pool-353-thread-1] INFO  server.RaftServerConfigKeys (ConfUtils.java:logGet(46)) - raft.server.log.queue.byte-limit = 4294967296 (custom)
2022-09-12 01:24:40,147 [pool-353-thread-1] INFO  server.RaftServerConfigKeys (ConfUtils.java:logGet(46)) - raft.server.log.queue.element-limit = 1024 (custom)
2022-09-12 01:24:40,147 [pool-353-thread-1] INFO  server.RaftServerConfigKeys (ConfUtils.java:logGet(46)) - raft.server.log.segment.size.max = 1048576 (custom)
2022-09-12 01:24:40,147 [pool-353-thread-1] INFO  server.RaftServerConfigKeys (ConfUtils.java:logGet(46)) - raft.server.log.preallocated.size = 16384 (custom)
2022-09-12 01:24:40,147 [pool-353-thread-1] INFO  server.RaftServerConfigKeys (ConfUtils.java:logGet(46)) - raft.server.log.force.sync.num = 128 (default)
2022-09-12 01:24:40,147 [pool-353-thread-1] INFO  server.RaftServerConfigKeys (ConfUtils.java:logGet(46)) - raft.server.log.statemachine.data.sync = true (default)
2022-09-12 01:24:40,147 [pool-353-thread-1] INFO  server.RaftServerConfigKeys (ConfUtils.java:logGet(46)) - raft.server.log.statemachine.data.sync.timeout = 10s (default)
2022-09-12 01:24:40,147 [pool-353-thread-1] INFO  server.RaftServerConfigKeys (ConfUtils.java:logGet(46)) - raft.server.log.statemachine.data.sync.timeout.retry = -1 (default)
2022-09-12 01:24:40,147 [pool-353-thread-1] INFO  server.RaftServerConfigKeys (ConfUtils.java:logGet(46)) - raft.server.log.write.buffer.size = 1048576 (custom)
2022-09-12 01:24:40,148 [pool-353-thread-1] INFO  server.RaftServerConfigKeys (ConfUtils.java:logGet(46)) - raft.server.log.unsafe-flush.enabled = false (default)
2022-09-12 01:24:40,148 [pool-353-thread-1] INFO  server.RaftServerConfigKeys (ConfUtils.java:logGet(46)) - raft.server.log.statemachine.data.caching.enabled = true (custom)
2022-09-12 01:24:40,148 [pool-353-thread-1] INFO  segmented.SegmentedRaftLogWorker (SegmentedRaftLogWorker.java:lambda$new$0(135)) - c0693ef0-230a-48dd-aa8a-44a8c3878b49@group-F47393CAD38E-SegmentedRaftLogWorker: flushIndex: setUnconditionally 0 -> -1
2022-09-12 01:24:40,148 [pool-353-thread-1] INFO  segmented.SegmentedRaftLogWorker (SegmentedRaftLogWorker.java:lambda$new$0(135)) - c0693ef0-230a-48dd-aa8a-44a8c3878b49@group-F47393CAD38E-SegmentedRaftLogWorker: safeCacheEvictIndex: setUnconditionally 0 -> -1
2022-09-12 01:24:40,152 [pool-353-thread-1] INFO  server.RaftServerConfigKeys (ConfUtils.java:logGet(46)) - raft.server.snapshot.auto.trigger.enabled = true (custom)
2022-09-12 01:24:40,152 [pool-353-thread-1] INFO  server.RaftServerConfigKeys (ConfUtils.java:logGet(46)) - raft.server.snapshot.auto.trigger.threshold = 10000 (custom)
2022-09-12 01:24:40,152 [pool-353-thread-1] INFO  server.RaftServerConfigKeys (ConfUtils.java:logGet(46)) - raft.server.snapshot.retention.file.num = 5 (custom)
2022-09-12 01:24:40,152 [pool-353-thread-1] INFO  server.RaftServerConfigKeys (ConfUtils.java:logGet(46)) - raft.server.log.purge.upto.snapshot.index = false (default)
2022-09-12 01:24:40,153 [pool-353-thread-1] INFO  server.RaftServerConfigKeys (ConfUtils.java:logGet(46)) - raft.server.retrycache.expirytime = 600000ms (custom)
2022-09-12 01:24:40,153 [pool-353-thread-1] INFO  server.RaftServerConfigKeys (ConfUtils.java:logGet(46)) - raft.server.retrycache.statistics.expirytime = 100μs (default)
2022-09-12 01:24:40,153 [pool-353-thread-1] INFO  server.RaftServerConfigKeys (ConfUtils.java:logGet(46)) - raft.server.log.appender.install.snapshot.enabled = false (custom)
2022-09-12 01:24:40,154 [pool-353-thread-1] INFO  server.RaftServerConfigKeys (ConfUtils.java:logGet(46)) - raft.server.threadpool.server.cached = true (default)
2022-09-12 01:24:40,154 [pool-353-thread-1] INFO  server.RaftServerConfigKeys (ConfUtils.java:logGet(46)) - raft.server.threadpool.server.size = 0 (default)
2022-09-12 01:24:40,154 [pool-353-thread-1] INFO  server.RaftServerConfigKeys (ConfUtils.java:logGet(46)) - raft.server.threadpool.client.cached = true (default)
2022-09-12 01:24:40,154 [pool-353-thread-1] INFO  server.RaftServerConfigKeys (ConfUtils.java:logGet(46)) - raft.server.threadpool.client.size = 0 (default)
2022-09-12 01:24:40,154 [pool-353-thread-1] INFO  server.RaftServer$Division (RaftServerImpl.java:start(310)) - c0693ef0-230a-48dd-aa8a-44a8c3878b49@group-F47393CAD38E: start as a follower, conf=-1: [c0693ef0-230a-48dd-aa8a-44a8c3878b49|rpc:127.0.0.1:39373|priority:1], old=null
2022-09-12 01:24:40,154 [pool-353-thread-1] INFO  server.RaftServer$Division (RaftServerImpl.java:setRole(299)) - c0693ef0-230a-48dd-aa8a-44a8c3878b49@group-F47393CAD38E: changes role from      null to FOLLOWER at term 0 for startAsFollower
2022-09-12 01:24:40,154 [pool-353-thread-1] INFO  impl.RoleInfo (RoleInfo.java:updateAndGet(139)) - c0693ef0-230a-48dd-aa8a-44a8c3878b49: start c0693ef0-230a-48dd-aa8a-44a8c3878b49@group-F47393CAD38E-FollowerState
2022-09-12 01:24:40,157 [pool-353-thread-1] INFO  util.JmxRegister (JmxRegister.java:tryRegister(44)) - Successfully registered JMX Bean with object name Ratis:service=RaftServer,group=group-F47393CAD38E,id=c0693ef0-230a-48dd-aa8a-44a8c3878b49
2022-09-12 01:24:40,168 [Command processor thread] INFO  ratis.XceiverServerRatis (XceiverServerRatis.java:addGroup(765)) - Created group PipelineID=9391a2d9-2f2c-4b9b-a582-f47393cad38e
2022-09-12 01:24:40,168 [Command processor thread] INFO  commandhandler.CreatePipelineCommandHandler (CreatePipelineCommandHandler.java:handle(113)) - Created Pipeline RATIS ONE PipelineID=9391a2d9-2f2c-4b9b-a582-f47393cad38e.
2022-09-12 01:24:40,772 [EndpointStateMachine task thread for /127.0.0.1:40693 - 0 ] INFO  ipc.Client (Client.java:handleConnectionFailure(977)) - Retrying connect to server: localhost/127.0.0.1:40693. Already tried 0 time(s); retry policy is RetryUpToMaximumCountWithFixedSleep(maxRetries=15, sleepTime=1000 MILLISECONDS)
2022-09-12 01:24:40,790 [Listener at 127.0.0.1/35417] INFO  ozone.MiniOzoneClusterImpl (MiniOzoneClusterImpl.java:lambda$waitForClusterToBeReady$0(216)) - Nodes are ready. Got 3 of 3 DN Heartbeats.
2022-09-12 01:24:40,790 [Listener at 127.0.0.1/35417] INFO  ozone.MiniOzoneClusterImpl (MiniOzoneClusterImpl.java:lambda$waitForClusterToBeReady$0(219)) - Waiting for cluster to exit safe mode
2022-09-12 01:24:40,790 [Listener at 127.0.0.1/35417] INFO  ozone.MiniOzoneClusterImpl (MiniOzoneClusterImpl.java:lambda$waitForClusterToBeReady$0(221)) - SCM became leader
2022-09-12 01:24:40,873 [Command processor thread] INFO  server.RaftServer (RaftServerProxy.java:addNew(96)) - 03e900db-606d-4788-a076-61e9663ea76b: addNew group-AC284E633F92:[03e900db-606d-4788-a076-61e9663ea76b|rpc:127.0.0.1:33425|priority:1] returns group-AC284E633F92:java.util.concurrent.CompletableFuture@38e39290[Not completed]
2022-09-12 01:24:40,874 [pool-376-thread-1] INFO  server.RaftServer$Division (RaftServerImpl.java:<init>(190)) - 03e900db-606d-4788-a076-61e9663ea76b: new RaftServerImpl for group-AC284E633F92:[03e900db-606d-4788-a076-61e9663ea76b|rpc:127.0.0.1:33425|priority:1] with ContainerStateMachine:uninitialized
2022-09-12 01:24:40,874 [pool-376-thread-1] INFO  server.RaftServerConfigKeys (ConfUtils.java:logGet(46)) - raft.server.rpc.timeout.min = 5s (custom)
2022-09-12 01:24:40,874 [pool-376-thread-1] INFO  server.RaftServerConfigKeys (ConfUtils.java:logGet(46)) - raft.server.rpc.timeout.max = 5200ms (custom)
2022-09-12 01:24:40,874 [pool-376-thread-1] INFO  server.RaftServerConfigKeys (ConfUtils.java:logGet(46)) - raft.server.rpc.sleep.time = 25ms (default)
2022-09-12 01:24:40,875 [pool-376-thread-1] INFO  server.RaftServerConfigKeys (ConfUtils.java:logGet(46)) - raft.server.rpc.slowness.timeout = 300s (custom)
2022-09-12 01:24:40,875 [pool-376-thread-1] INFO  server.RaftServerConfigKeys (ConfUtils.java:logGet(46)) - raft.server.leaderelection.leader.step-down.wait-time = 10s (default)
2022-09-12 01:24:40,875 [pool-376-thread-1] INFO  server.RaftServerConfigKeys (ConfUtils.java:logGet(46)) - raft.server.sleep.deviation.threshold = 300ms (default)
2022-09-12 01:24:40,875 [pool-376-thread-1] INFO  server.RaftServer$Division (ServerState.java:<init>(107)) - 03e900db-606d-4788-a076-61e9663ea76b@group-AC284E633F92: ConfigurationManager, init=-1: [03e900db-606d-4788-a076-61e9663ea76b|rpc:127.0.0.1:33425|priority:1], old=null, confs=<EMPTY_MAP>
2022-09-12 01:24:40,875 [pool-376-thread-1] INFO  server.RaftServerConfigKeys (ConfUtils.java:logGet(46)) - raft.server.storage.dir = [/home/runner/work/ozone/ozone/hadoop-ozone/integration-test/target/test-dir/MiniOzoneClusterImpl-cb4dd006-d395-492a-b682-c2bfe535b5e8/datanode-2/data/ratis] (custom)
2022-09-12 01:24:40,875 [pool-376-thread-1] INFO  server.RaftServerConfigKeys (ConfUtils.java:logGet(46)) - raft.server.log.corruption.policy = EXCEPTION (default)
2022-09-12 01:24:40,875 [pool-376-thread-1] INFO  server.RaftServerConfigKeys (ConfUtils.java:logGet(46)) - raft.server.storage.free-space.min = 0MB (=0) (default)
2022-09-12 01:24:40,875 [pool-376-thread-1] INFO  storage.RaftStorageDirectory (RaftStorageDirectoryImpl.java:analyzeStorage(135)) - The storage directory /home/runner/work/ozone/ozone/hadoop-ozone/integration-test/target/test-dir/MiniOzoneClusterImpl-cb4dd006-d395-492a-b682-c2bfe535b5e8/datanode-2/data/ratis/6dc43382-3a53-4f47-bfc3-ac284e633f92 does not exist. Creating ...
2022-09-12 01:24:40,876 [pool-376-thread-1] INFO  storage.RaftStorageDirectory (RaftStorageDirectoryImpl.java:tryLock(230)) - Lock on /home/runner/work/ozone/ozone/hadoop-ozone/integration-test/target/test-dir/MiniOzoneClusterImpl-cb4dd006-d395-492a-b682-c2bfe535b5e8/datanode-2/data/ratis/6dc43382-3a53-4f47-bfc3-ac284e633f92/in_use.lock acquired by nodename 51693@fv-az167-317
2022-09-12 01:24:40,879 [pool-376-thread-1] INFO  storage.RaftStorage (RaftStorageImpl.java:format(89)) - Storage directory /home/runner/work/ozone/ozone/hadoop-ozone/integration-test/target/test-dir/MiniOzoneClusterImpl-cb4dd006-d395-492a-b682-c2bfe535b5e8/datanode-2/data/ratis/6dc43382-3a53-4f47-bfc3-ac284e633f92 has been successfully formatted.
2022-09-12 01:24:40,880 [pool-376-thread-1] INFO  ratis.ContainerStateMachine (ContainerStateMachine.java:loadSnapshot(236)) - group-AC284E633F92: The snapshot info is null. Setting the last applied indexto:(t:0, i:~)
2022-09-12 01:24:40,880 [pool-376-thread-1] INFO  server.RaftServerConfigKeys (ConfUtils.java:logGet(46)) - raft.server.notification.no-leader.timeout = 300s (custom)
2022-09-12 01:24:40,880 [pool-376-thread-1] INFO  server.RaftServerConfigKeys (ConfUtils.java:logGet(46)) - raft.server.log.use.memory = false (default)
2022-09-12 01:24:40,880 [pool-376-thread-1] INFO  server.RaftServerConfigKeys (ConfUtils.java:logGet(46)) - raft.server.log.purge.gap = 1000000 (custom)
2022-09-12 01:24:40,880 [pool-376-thread-1] INFO  server.RaftServerConfigKeys (ConfUtils.java:logGet(46)) - raft.server.log.appender.buffer.byte-limit = 33554432 (custom)
2022-09-12 01:24:40,881 [EventQueue-PipelineReportForPipelineReportHandler] INFO  pipeline.PipelineManagerImpl (PipelineManagerImpl.java:openPipeline(367)) - Pipeline Pipeline[ Id: 6dc43382-3a53-4f47-bfc3-ac284e633f92, Nodes: 03e900db-606d-4788-a076-61e9663ea76b{ip: 127.0.0.1, host: localhost, ports: [REPLICATION=37273, RATIS=33425, RATIS_ADMIN=33425, RATIS_SERVER=33425, STANDALONE=42069], networkLocation: /default-rack, certSerialId: null, persistedOpState: IN_SERVICE, persistedOpStateExpiryEpochSec: 0}, ReplicationConfig: RATIS/ONE, State:ALLOCATED, leaderId:03e900db-606d-4788-a076-61e9663ea76b, CreationTimestamp2022-09-12T01:24:37.876Z[Etc/UTC]] moved to OPEN state
2022-09-12 01:24:40,881 [pool-376-thread-1] INFO  server.RaftServerConfigKeys (ConfUtils.java:logGet(46)) - raft.server.log.statemachine.data.read.timeout = 1000ms (default)
2022-09-12 01:24:40,881 [pool-376-thread-1] INFO  server.RaftServerConfigKeys (ConfUtils.java:logGet(46)) - raft.server.log.segment.size.max = 1048576 (custom)
2022-09-12 01:24:40,881 [pool-376-thread-1] INFO  server.RaftServerConfigKeys (ConfUtils.java:logGet(46)) - raft.server.log.segment.cache.num.max = 2 (custom)
2022-09-12 01:24:40,881 [pool-376-thread-1] INFO  server.RaftServerConfigKeys (ConfUtils.java:logGet(46)) - raft.server.log.segment.cache.size.max = 200MB (=209715200) (default)
2022-09-12 01:24:40,881 [pool-376-thread-1] INFO  segmented.SegmentedRaftLogWorker (SegmentedRaftLogWorker.java:<init>(187)) - new 03e900db-606d-4788-a076-61e9663ea76b@group-AC284E633F92-SegmentedRaftLogWorker for RaftStorageImpl:Storage Directory /home/runner/work/ozone/ozone/hadoop-ozone/integration-test/target/test-dir/MiniOzoneClusterImpl-cb4dd006-d395-492a-b682-c2bfe535b5e8/datanode-2/data/ratis/6dc43382-3a53-4f47-bfc3-ac284e633f92
2022-09-12 01:24:40,881 [pool-376-thread-1] INFO  server.RaftServerConfigKeys (ConfUtils.java:logGet(46)) - raft.server.log.queue.byte-limit = 4294967296 (custom)
2022-09-12 01:24:40,882 [pool-376-thread-1] INFO  server.RaftServerConfigKeys (ConfUtils.java:logGet(46)) - raft.server.log.queue.element-limit = 1024 (custom)
2022-09-12 01:24:40,882 [pool-376-thread-1] INFO  server.RaftServerConfigKeys (ConfUtils.java:logGet(46)) - raft.server.log.segment.size.max = 1048576 (custom)
2022-09-12 01:24:40,882 [pool-376-thread-1] INFO  server.RaftServerConfigKeys (ConfUtils.java:logGet(46)) - raft.server.log.preallocated.size = 16384 (custom)
2022-09-12 01:24:40,882 [pool-376-thread-1] INFO  server.RaftServerConfigKeys (ConfUtils.java:logGet(46)) - raft.server.log.force.sync.num = 128 (default)
2022-09-12 01:24:40,882 [pool-376-thread-1] INFO  server.RaftServerConfigKeys (ConfUtils.java:logGet(46)) - raft.server.log.statemachine.data.sync = true (default)
2022-09-12 01:24:40,882 [pool-376-thread-1] INFO  server.RaftServerConfigKeys (ConfUtils.java:logGet(46)) - raft.server.log.statemachine.data.sync.timeout = 10s (default)
2022-09-12 01:24:40,882 [pool-376-thread-1] INFO  server.RaftServerConfigKeys (ConfUtils.java:logGet(46)) - raft.server.log.statemachine.data.sync.timeout.retry = -1 (default)
2022-09-12 01:24:40,882 [8e599114-682f-40f9-8544-01c79a4548da@group-C2BFE535B5E8-StateMachineUpdater] INFO  safemode.HealthyPipelineSafeModeRule (HealthyPipelineSafeModeRule.java:initializeRule(165)) - Refreshed total pipeline count is 0, healthy pipeline threshold count is 1
2022-09-12 01:24:40,885 [EventQueue-OpenPipelineForHealthyPipelineSafeModeRule] INFO  safemode.SCMSafeModeManager (HealthyPipelineSafeModeRule.java:process(137)) - SCM in safe mode. Healthy pipelines reported count is 0, required healthy pipeline reported count is 1
2022-09-12 01:24:40,890 [pool-376-thread-1] INFO  server.RaftServerConfigKeys (ConfUtils.java:logGet(46)) - raft.server.log.write.buffer.size = 1048576 (custom)
2022-09-12 01:24:40,891 [pool-376-thread-1] INFO  server.RaftServerConfigKeys (ConfUtils.java:logGet(46)) - raft.server.log.unsafe-flush.enabled = false (default)
2022-09-12 01:24:40,891 [pool-376-thread-1] INFO  server.RaftServerConfigKeys (ConfUtils.java:logGet(46)) - raft.server.log.statemachine.data.caching.enabled = true (custom)
2022-09-12 01:24:40,891 [pool-376-thread-1] INFO  segmented.SegmentedRaftLogWorker (SegmentedRaftLogWorker.java:lambda$new$0(135)) - 03e900db-606d-4788-a076-61e9663ea76b@group-AC284E633F92-SegmentedRaftLogWorker: flushIndex: setUnconditionally 0 -> -1
2022-09-12 01:24:40,891 [pool-376-thread-1] INFO  segmented.SegmentedRaftLogWorker (SegmentedRaftLogWorker.java:lambda$new$0(135)) - 03e900db-606d-4788-a076-61e9663ea76b@group-AC284E633F92-SegmentedRaftLogWorker: safeCacheEvictIndex: setUnconditionally 0 -> -1
2022-09-12 01:24:40,904 [pool-376-thread-1] INFO  server.RaftServerConfigKeys (ConfUtils.java:logGet(46)) - raft.server.snapshot.auto.trigger.enabled = true (custom)
2022-09-12 01:24:40,904 [pool-376-thread-1] INFO  server.RaftServerConfigKeys (ConfUtils.java:logGet(46)) - raft.server.snapshot.auto.trigger.threshold = 10000 (custom)
2022-09-12 01:24:40,904 [pool-376-thread-1] INFO  server.RaftServerConfigKeys (ConfUtils.java:logGet(46)) - raft.server.snapshot.retention.file.num = 5 (custom)
2022-09-12 01:24:40,904 [pool-376-thread-1] INFO  server.RaftServerConfigKeys (ConfUtils.java:logGet(46)) - raft.server.log.purge.upto.snapshot.index = false (default)
2022-09-12 01:24:40,905 [pool-376-thread-1] INFO  server.RaftServerConfigKeys (ConfUtils.java:logGet(46)) - raft.server.retrycache.expirytime = 600000ms (custom)
2022-09-12 01:24:40,905 [pool-376-thread-1] INFO  server.RaftServerConfigKeys (ConfUtils.java:logGet(46)) - raft.server.retrycache.statistics.expirytime = 100μs (default)
2022-09-12 01:24:40,905 [pool-376-thread-1] INFO  server.RaftServerConfigKeys (ConfUtils.java:logGet(46)) - raft.server.log.appender.install.snapshot.enabled = false (custom)
2022-09-12 01:24:40,905 [pool-376-thread-1] INFO  server.RaftServerConfigKeys (ConfUtils.java:logGet(46)) - raft.server.threadpool.server.cached = true (default)
2022-09-12 01:24:40,905 [pool-376-thread-1] INFO  server.RaftServerConfigKeys (ConfUtils.java:logGet(46)) - raft.server.threadpool.server.size = 0 (default)
2022-09-12 01:24:40,905 [pool-376-thread-1] INFO  server.RaftServerConfigKeys (ConfUtils.java:logGet(46)) - raft.server.threadpool.client.cached = true (default)
2022-09-12 01:24:40,906 [pool-376-thread-1] INFO  server.RaftServerConfigKeys (ConfUtils.java:logGet(46)) - raft.server.threadpool.client.size = 0 (default)
2022-09-12 01:24:40,906 [pool-376-thread-1] INFO  server.RaftServer$Division (RaftServerImpl.java:start(310)) - 03e900db-606d-4788-a076-61e9663ea76b@group-AC284E633F92: start as a follower, conf=-1: [03e900db-606d-4788-a076-61e9663ea76b|rpc:127.0.0.1:33425|priority:1], old=null
2022-09-12 01:24:40,906 [pool-376-thread-1] INFO  server.RaftServer$Division (RaftServerImpl.java:setRole(299)) - 03e900db-606d-4788-a076-61e9663ea76b@group-AC284E633F92: changes role from      null to FOLLOWER at term 0 for startAsFollower
2022-09-12 01:24:40,906 [pool-376-thread-1] INFO  impl.RoleInfo (RoleInfo.java:updateAndGet(139)) - 03e900db-606d-4788-a076-61e9663ea76b: start 03e900db-606d-4788-a076-61e9663ea76b@group-AC284E633F92-FollowerState
2022-09-12 01:24:40,912 [pool-376-thread-1] INFO  util.JmxRegister (JmxRegister.java:tryRegister(44)) - Successfully registered JMX Bean with object name Ratis:service=RaftServer,group=group-AC284E633F92,id=03e900db-606d-4788-a076-61e9663ea76b
2022-09-12 01:24:40,920 [Command processor thread] INFO  ratis.XceiverServerRatis (XceiverServerRatis.java:addGroup(765)) - Created group PipelineID=6dc43382-3a53-4f47-bfc3-ac284e633f92
2022-09-12 01:24:40,920 [Command processor thread] INFO  commandhandler.CreatePipelineCommandHandler (CreatePipelineCommandHandler.java:handle(113)) - Created Pipeline RATIS ONE PipelineID=6dc43382-3a53-4f47-bfc3-ac284e633f92.
2022-09-12 01:24:41,773 [EndpointStateMachine task thread for /127.0.0.1:40693 - 0 ] INFO  ipc.Client (Client.java:handleConnectionFailure(977)) - Retrying connect to server: localhost/127.0.0.1:40693. Already tried 1 time(s); retry policy is RetryUpToMaximumCountWithFixedSleep(maxRetries=15, sleepTime=1000 MILLISECONDS)
2022-09-12 01:24:41,790 [Listener at 127.0.0.1/35417] INFO  ozone.MiniOzoneClusterImpl (MiniOzoneClusterImpl.java:lambda$waitForClusterToBeReady$0(216)) - Nodes are ready. Got 3 of 3 DN Heartbeats.
2022-09-12 01:24:41,790 [Listener at 127.0.0.1/35417] INFO  ozone.MiniOzoneClusterImpl (MiniOzoneClusterImpl.java:lambda$waitForClusterToBeReady$0(219)) - Waiting for cluster to exit safe mode
2022-09-12 01:24:41,790 [Listener at 127.0.0.1/35417] INFO  ozone.MiniOzoneClusterImpl (MiniOzoneClusterImpl.java:lambda$waitForClusterToBeReady$0(221)) - SCM became leader
2022-09-12 01:24:42,774 [EndpointStateMachine task thread for /127.0.0.1:40693 - 0 ] INFO  ipc.Client (Client.java:handleConnectionFailure(977)) - Retrying connect to server: localhost/127.0.0.1:40693. Already tried 2 time(s); retry policy is RetryUpToMaximumCountWithFixedSleep(maxRetries=15, sleepTime=1000 MILLISECONDS)
2022-09-12 01:24:42,791 [Listener at 127.0.0.1/35417] INFO  ozone.MiniOzoneClusterImpl (MiniOzoneClusterImpl.java:lambda$waitForClusterToBeReady$0(216)) - Nodes are ready. Got 3 of 3 DN Heartbeats.
2022-09-12 01:24:42,791 [Listener at 127.0.0.1/35417] INFO  ozone.MiniOzoneClusterImpl (MiniOzoneClusterImpl.java:lambda$waitForClusterToBeReady$0(219)) - Waiting for cluster to exit safe mode
2022-09-12 01:24:42,791 [Listener at 127.0.0.1/35417] INFO  ozone.MiniOzoneClusterImpl (MiniOzoneClusterImpl.java:lambda$waitForClusterToBeReady$0(221)) - SCM became leader
2022-09-12 01:24:43,774 [EndpointStateMachine task thread for /127.0.0.1:40693 - 0 ] INFO  ipc.Client (Client.java:handleConnectionFailure(977)) - Retrying connect to server: localhost/127.0.0.1:40693. Already tried 3 time(s); retry policy is RetryUpToMaximumCountWithFixedSleep(maxRetries=15, sleepTime=1000 MILLISECONDS)
2022-09-12 01:24:43,791 [Listener at 127.0.0.1/35417] INFO  ozone.MiniOzoneClusterImpl (MiniOzoneClusterImpl.java:lambda$waitForClusterToBeReady$0(216)) - Nodes are ready. Got 3 of 3 DN Heartbeats.
2022-09-12 01:24:43,792 [Listener at 127.0.0.1/35417] INFO  ozone.MiniOzoneClusterImpl (MiniOzoneClusterImpl.java:lambda$waitForClusterToBeReady$0(219)) - Waiting for cluster to exit safe mode
2022-09-12 01:24:43,792 [Listener at 127.0.0.1/35417] INFO  ozone.MiniOzoneClusterImpl (MiniOzoneClusterImpl.java:lambda$waitForClusterToBeReady$0(221)) - SCM became leader
2022-09-12 01:24:44,566 [74f1d438-0997-4634-9c34-91afcc4dae77@group-C1F5D889A95E-FollowerState] INFO  impl.FollowerState (FollowerState.java:run(143)) - 74f1d438-0997-4634-9c34-91afcc4dae77@group-C1F5D889A95E-FollowerState: change to CANDIDATE, lastRpcElapsedTime:5097206389ns, electionTimeout:5089ms
2022-09-12 01:24:44,566 [74f1d438-0997-4634-9c34-91afcc4dae77@group-C1F5D889A95E-FollowerState] INFO  impl.RoleInfo (RoleInfo.java:shutdownFollowerState(110)) - 74f1d438-0997-4634-9c34-91afcc4dae77: shutdown 74f1d438-0997-4634-9c34-91afcc4dae77@group-C1F5D889A95E-FollowerState
2022-09-12 01:24:44,566 [74f1d438-0997-4634-9c34-91afcc4dae77@group-C1F5D889A95E-FollowerState] INFO  server.RaftServer$Division (RaftServerImpl.java:setRole(299)) - 74f1d438-0997-4634-9c34-91afcc4dae77@group-C1F5D889A95E: changes role from  FOLLOWER to CANDIDATE at term 0 for changeToCandidate
2022-09-12 01:24:44,566 [74f1d438-0997-4634-9c34-91afcc4dae77@group-C1F5D889A95E-FollowerState] INFO  server.RaftServerConfigKeys (ConfUtils.java:logGet(46)) - raft.server.leaderelection.pre-vote = false (custom)
2022-09-12 01:24:44,566 [74f1d438-0997-4634-9c34-91afcc4dae77@group-C1F5D889A95E-FollowerState] INFO  impl.RoleInfo (RoleInfo.java:updateAndGet(139)) - 74f1d438-0997-4634-9c34-91afcc4dae77: start 74f1d438-0997-4634-9c34-91afcc4dae77@group-C1F5D889A95E-LeaderElection16
2022-09-12 01:24:44,568 [74f1d438-0997-4634-9c34-91afcc4dae77@group-26218CACBD25-FollowerState] INFO  impl.FollowerState (FollowerState.java:run(143)) - 74f1d438-0997-4634-9c34-91afcc4dae77@group-26218CACBD25-FollowerState: change to CANDIDATE, lastRpcElapsedTime:5057778016ns, electionTimeout:5057ms
2022-09-12 01:24:44,568 [74f1d438-0997-4634-9c34-91afcc4dae77@group-26218CACBD25-FollowerState] INFO  impl.RoleInfo (RoleInfo.java:shutdownFollowerState(110)) - 74f1d438-0997-4634-9c34-91afcc4dae77: shutdown 74f1d438-0997-4634-9c34-91afcc4dae77@group-26218CACBD25-FollowerState
2022-09-12 01:24:44,568 [74f1d438-0997-4634-9c34-91afcc4dae77@group-26218CACBD25-FollowerState] INFO  server.RaftServer$Division (RaftServerImpl.java:setRole(299)) - 74f1d438-0997-4634-9c34-91afcc4dae77@group-26218CACBD25: changes role from  FOLLOWER to CANDIDATE at term 0 for changeToCandidate
2022-09-12 01:24:44,576 [74f1d438-0997-4634-9c34-91afcc4dae77@group-26218CACBD25-FollowerState] INFO  server.RaftServerConfigKeys (ConfUtils.java:logGet(46)) - raft.server.leaderelection.pre-vote = false (custom)
2022-09-12 01:24:44,576 [74f1d438-0997-4634-9c34-91afcc4dae77@group-26218CACBD25-FollowerState] INFO  impl.RoleInfo (RoleInfo.java:updateAndGet(139)) - 74f1d438-0997-4634-9c34-91afcc4dae77: start 74f1d438-0997-4634-9c34-91afcc4dae77@group-26218CACBD25-LeaderElection17
2022-09-12 01:24:44,587 [74f1d438-0997-4634-9c34-91afcc4dae77@group-C1F5D889A95E-LeaderElection16] INFO  impl.LeaderElection (LeaderElection.java:askForVotes(310)) - 74f1d438-0997-4634-9c34-91afcc4dae77@group-C1F5D889A95E-LeaderElection16 ELECTION round 0: submit vote requests at term 1 for -1: [74f1d438-0997-4634-9c34-91afcc4dae77|rpc:127.0.0.1:37869|priority:1], old=null
2022-09-12 01:24:44,587 [74f1d438-0997-4634-9c34-91afcc4dae77@group-C1F5D889A95E-LeaderElection16] INFO  impl.LeaderElection (LeaderElection.java:askForVotes(312)) - 74f1d438-0997-4634-9c34-91afcc4dae77@group-C1F5D889A95E-LeaderElection16 ELECTION round 0: result PASSED (term=1)
2022-09-12 01:24:44,588 [74f1d438-0997-4634-9c34-91afcc4dae77@group-C1F5D889A95E-LeaderElection16] INFO  impl.RoleInfo (RoleInfo.java:shutdownLeaderElection(130)) - 74f1d438-0997-4634-9c34-91afcc4dae77: shutdown 74f1d438-0997-4634-9c34-91afcc4dae77@group-C1F5D889A95E-LeaderElection16
2022-09-12 01:24:44,588 [74f1d438-0997-4634-9c34-91afcc4dae77@group-C1F5D889A95E-LeaderElection16] INFO  server.RaftServer$Division (RaftServerImpl.java:setRole(299)) - 74f1d438-0997-4634-9c34-91afcc4dae77@group-C1F5D889A95E: changes role from CANDIDATE to LEADER at term 1 for changeToLeader
2022-09-12 01:24:44,588 [74f1d438-0997-4634-9c34-91afcc4dae77@group-C1F5D889A95E-LeaderElection16] INFO  ratis.XceiverServerRatis (XceiverServerRatis.java:handleLeaderChangedNotification(863)) - Leader change notification received for group: group-C1F5D889A95E with new leaderId: 74f1d438-0997-4634-9c34-91afcc4dae77
2022-09-12 01:24:44,589 [EventQueue-OpenPipelineForHealthyPipelineSafeModeRule] INFO  safemode.SCMSafeModeManager (HealthyPipelineSafeModeRule.java:process(137)) - SCM in safe mode. Healthy pipelines reported count is 0, required healthy pipeline reported count is 1
2022-09-12 01:24:44,589 [74f1d438-0997-4634-9c34-91afcc4dae77@group-C1F5D889A95E-LeaderElection16] INFO  server.RaftServer$Division (ServerState.java:setLeader(287)) - 74f1d438-0997-4634-9c34-91afcc4dae77@group-C1F5D889A95E: change Leader from null to 74f1d438-0997-4634-9c34-91afcc4dae77 at term 1 for becomeLeader, leader elected after 5141ms
2022-09-12 01:24:44,590 [74f1d438-0997-4634-9c34-91afcc4dae77@group-C1F5D889A95E-LeaderElection16] INFO  server.RaftServerConfigKeys (ConfUtils.java:logGet(46)) - raft.server.staging.catchup.gap = 1000 (default)
2022-09-12 01:24:44,590 [74f1d438-0997-4634-9c34-91afcc4dae77@group-C1F5D889A95E-LeaderElection16] INFO  server.RaftServerConfigKeys (ConfUtils.java:logGet(46)) - raft.server.write.element-limit = 1024 (custom)
2022-09-12 01:24:44,590 [74f1d438-0997-4634-9c34-91afcc4dae77@group-C1F5D889A95E-LeaderElection16] INFO  server.RaftServerConfigKeys (ConfUtils.java:logGet(46)) - raft.server.write.byte-limit = 1024 M (=1073741824) (custom)
2022-09-12 01:24:44,590 [74f1d438-0997-4634-9c34-91afcc4dae77@group-C1F5D889A95E-LeaderElection16] INFO  server.RaftServerConfigKeys (ConfUtils.java:logGet(46)) - raft.server.watch.timeout = 180s (custom)
2022-09-12 01:24:44,590 [74f1d438-0997-4634-9c34-91afcc4dae77@group-C1F5D889A95E-LeaderElection16] INFO  server.RaftServerConfigKeys (ConfUtils.java:logGet(46)) - raft.server.watch.timeout.denomination = 1s (default)
2022-09-12 01:24:44,590 [74f1d438-0997-4634-9c34-91afcc4dae77@group-C1F5D889A95E-LeaderElection16] INFO  server.RaftServerConfigKeys (ConfUtils.java:logGet(46)) - raft.server.watch.element-limit = 65536 (default)
2022-09-12 01:24:44,590 [74f1d438-0997-4634-9c34-91afcc4dae77@group-C1F5D889A95E-LeaderElection16] INFO  server.RaftServerConfigKeys (ConfUtils.java:logGet(46)) - raft.server.write.element-limit = 1024 (custom)
2022-09-12 01:24:44,590 [74f1d438-0997-4634-9c34-91afcc4dae77@group-C1F5D889A95E-LeaderElection16] INFO  server.RaftServerConfigKeys (ConfUtils.java:logGet(46)) - raft.server.write.follower.gap.ratio.max = -1.0 (default)
2022-09-12 01:24:44,590 [74f1d438-0997-4634-9c34-91afcc4dae77@group-C1F5D889A95E-LeaderElection16] INFO  impl.RoleInfo (RoleInfo.java:updateAndGet(139)) - 74f1d438-0997-4634-9c34-91afcc4dae77: start 74f1d438-0997-4634-9c34-91afcc4dae77@group-C1F5D889A95E-LeaderStateImpl
2022-09-12 01:24:44,591 [74f1d438-0997-4634-9c34-91afcc4dae77@group-C1F5D889A95E-LeaderElection16] INFO  segmented.SegmentedRaftLogWorker (SegmentedRaftLogWorker.java:startLogSegment(425)) - 74f1d438-0997-4634-9c34-91afcc4dae77@group-C1F5D889A95E-SegmentedRaftLogWorker: Starting segment from index:0
2022-09-12 01:24:44,591 [74f1d438-0997-4634-9c34-91afcc4dae77@group-C1F5D889A95E-SegmentedRaftLogWorker] INFO  segmented.SegmentedRaftLogWorker (SegmentedRaftLogWorker.java:execute(629)) - 74f1d438-0997-4634-9c34-91afcc4dae77@group-C1F5D889A95E-SegmentedRaftLogWorker: created new log segment /home/runner/work/ozone/ozone/hadoop-ozone/integration-test/target/test-dir/MiniOzoneClusterImpl-cb4dd006-d395-492a-b682-c2bfe535b5e8/datanode-0/data/ratis/f9e42178-e7b7-45e5-aba7-c1f5d889a95e/current/log_inprogress_0
2022-09-12 01:24:44,601 [74f1d438-0997-4634-9c34-91afcc4dae77@group-C1F5D889A95E-LeaderElection16] INFO  server.RaftServer$Division (ServerState.java:setRaftConf(393)) - 74f1d438-0997-4634-9c34-91afcc4dae77@group-C1F5D889A95E: set configuration 0: [74f1d438-0997-4634-9c34-91afcc4dae77|rpc:127.0.0.1:37869|dataStream:|priority:1], old=null
2022-09-12 01:24:44,602 [74f1d438-0997-4634-9c34-91afcc4dae77@group-26218CACBD25-LeaderElection17] INFO  impl.LeaderElection (LeaderElection.java:askForVotes(310)) - 74f1d438-0997-4634-9c34-91afcc4dae77@group-26218CACBD25-LeaderElection17 ELECTION round 0: submit vote requests at term 1 for -1: [74f1d438-0997-4634-9c34-91afcc4dae77|rpc:127.0.0.1:37869|priority:0, c0693ef0-230a-48dd-aa8a-44a8c3878b49|rpc:127.0.0.1:39373|priority:1, 03e900db-606d-4788-a076-61e9663ea76b|rpc:127.0.0.1:33425|priority:0], old=null
2022-09-12 01:24:44,625 [grpc-default-executor-4] INFO  server.RaftServer$Division (RaftServerImpl.java:requestVote(1152)) - c0693ef0-230a-48dd-aa8a-44a8c3878b49@group-26218CACBD25: receive requestVote(ELECTION, 74f1d438-0997-4634-9c34-91afcc4dae77, group-26218CACBD25, 1, (t:0, i:0))
2022-09-12 01:24:44,625 [grpc-default-executor-4] INFO  impl.VoteContext (VoteContext.java:log(48)) - c0693ef0-230a-48dd-aa8a-44a8c3878b49@group-26218CACBD25-FOLLOWER: reject ELECTION from 74f1d438-0997-4634-9c34-91afcc4dae77: our priority 1 > candidate's priority 0
2022-09-12 01:24:44,625 [grpc-default-executor-4] INFO  server.RaftServer$Division (RaftServerImpl.java:setRole(299)) - c0693ef0-230a-48dd-aa8a-44a8c3878b49@group-26218CACBD25: changes role from  FOLLOWER to FOLLOWER at term 1 for candidate:74f1d438-0997-4634-9c34-91afcc4dae77
2022-09-12 01:24:44,625 [grpc-default-executor-4] INFO  impl.RoleInfo (RoleInfo.java:shutdownFollowerState(110)) - c0693ef0-230a-48dd-aa8a-44a8c3878b49: shutdown c0693ef0-230a-48dd-aa8a-44a8c3878b49@group-26218CACBD25-FollowerState
2022-09-12 01:24:44,625 [grpc-default-executor-4] INFO  impl.RoleInfo (RoleInfo.java:updateAndGet(139)) - c0693ef0-230a-48dd-aa8a-44a8c3878b49: start c0693ef0-230a-48dd-aa8a-44a8c3878b49@group-26218CACBD25-FollowerState
2022-09-12 01:24:44,626 [c0693ef0-230a-48dd-aa8a-44a8c3878b49@group-26218CACBD25-FollowerState] INFO  impl.FollowerState (FollowerState.java:run(152)) - c0693ef0-230a-48dd-aa8a-44a8c3878b49@group-26218CACBD25-FollowerState was interrupted
2022-09-12 01:24:44,636 [grpc-default-executor-4] INFO  server.RaftServer$Division (RaftServerImpl.java:requestVote(1184)) - c0693ef0-230a-48dd-aa8a-44a8c3878b49@group-26218CACBD25 replies to ELECTION vote request: 74f1d438-0997-4634-9c34-91afcc4dae77<-c0693ef0-230a-48dd-aa8a-44a8c3878b49#0:FAIL-t1. Peer's state: c0693ef0-230a-48dd-aa8a-44a8c3878b49@group-26218CACBD25:t1, leader=null, voted=null, raftlog=c0693ef0-230a-48dd-aa8a-44a8c3878b49@group-26218CACBD25-SegmentedRaftLog:OPENED:c-1, conf=-1: [74f1d438-0997-4634-9c34-91afcc4dae77|rpc:127.0.0.1:37869|dataStream:|priority:0, c0693ef0-230a-48dd-aa8a-44a8c3878b49|rpc:127.0.0.1:39373|dataStream:|priority:1, 03e900db-606d-4788-a076-61e9663ea76b|rpc:127.0.0.1:33425|dataStream:|priority:0], old=null
2022-09-12 01:24:44,637 [74f1d438-0997-4634-9c34-91afcc4dae77@group-26218CACBD25-LeaderElection17] INFO  impl.LeaderElection (LeaderElection.java:logAndReturn(90)) - 74f1d438-0997-4634-9c34-91afcc4dae77@group-26218CACBD25-LeaderElection17: ELECTION REJECTED received 1 response(s) and 0 exception(s):
2022-09-12 01:24:44,637 [74f1d438-0997-4634-9c34-91afcc4dae77@group-26218CACBD25-LeaderElection17] INFO  impl.LeaderElection (LeaderElection.java:logAndReturn(94)) -   Response 0: 74f1d438-0997-4634-9c34-91afcc4dae77<-c0693ef0-230a-48dd-aa8a-44a8c3878b49#0:FAIL-t1
2022-09-12 01:24:44,637 [74f1d438-0997-4634-9c34-91afcc4dae77@group-26218CACBD25-LeaderElection17] INFO  impl.LeaderElection (LeaderElection.java:askForVotes(312)) - 74f1d438-0997-4634-9c34-91afcc4dae77@group-26218CACBD25-LeaderElection17 ELECTION round 0: result REJECTED
2022-09-12 01:24:44,637 [74f1d438-0997-4634-9c34-91afcc4dae77@group-26218CACBD25-LeaderElection17] INFO  server.RaftServer$Division (RaftServerImpl.java:setRole(299)) - 74f1d438-0997-4634-9c34-91afcc4dae77@group-26218CACBD25: changes role from CANDIDATE to FOLLOWER at term 1 for REJECTED
2022-09-12 01:24:44,648 [74f1d438-0997-4634-9c34-91afcc4dae77@group-26218CACBD25-LeaderElection17] INFO  impl.RoleInfo (RoleInfo.java:shutdownLeaderElection(130)) - 74f1d438-0997-4634-9c34-91afcc4dae77: shutdown 74f1d438-0997-4634-9c34-91afcc4dae77@group-26218CACBD25-LeaderElection17
2022-09-12 01:24:44,648 [74f1d438-0997-4634-9c34-91afcc4dae77@group-26218CACBD25-LeaderElection17] INFO  impl.RoleInfo (RoleInfo.java:updateAndGet(139)) - 74f1d438-0997-4634-9c34-91afcc4dae77: start 74f1d438-0997-4634-9c34-91afcc4dae77@group-26218CACBD25-FollowerState
2022-09-12 01:24:44,650 [grpc-default-executor-4] INFO  server.RaftServer$Division (RaftServerImpl.java:requestVote(1152)) - 03e900db-606d-4788-a076-61e9663ea76b@group-26218CACBD25: receive requestVote(ELECTION, 74f1d438-0997-4634-9c34-91afcc4dae77, group-26218CACBD25, 1, (t:0, i:0))
2022-09-12 01:24:44,673 [grpc-default-executor-4] INFO  impl.VoteContext (VoteContext.java:log(48)) - 03e900db-606d-4788-a076-61e9663ea76b@group-26218CACBD25-FOLLOWER: accept ELECTION from 74f1d438-0997-4634-9c34-91afcc4dae77: our priority 0 <= candidate's priority 0
2022-09-12 01:24:44,673 [grpc-default-executor-4] INFO  server.RaftServer$Division (RaftServerImpl.java:setRole(299)) - 03e900db-606d-4788-a076-61e9663ea76b@group-26218CACBD25: changes role from  FOLLOWER to FOLLOWER at term 1 for candidate:74f1d438-0997-4634-9c34-91afcc4dae77
2022-09-12 01:24:44,673 [grpc-default-executor-4] INFO  impl.RoleInfo (RoleInfo.java:shutdownFollowerState(110)) - 03e900db-606d-4788-a076-61e9663ea76b: shutdown 03e900db-606d-4788-a076-61e9663ea76b@group-26218CACBD25-FollowerState
2022-09-12 01:24:44,673 [03e900db-606d-4788-a076-61e9663ea76b@group-26218CACBD25-FollowerState] INFO  impl.FollowerState (FollowerState.java:run(152)) - 03e900db-606d-4788-a076-61e9663ea76b@group-26218CACBD25-FollowerState was interrupted
2022-09-12 01:24:44,673 [grpc-default-executor-4] INFO  impl.RoleInfo (RoleInfo.java:updateAndGet(139)) - 03e900db-606d-4788-a076-61e9663ea76b: start 03e900db-606d-4788-a076-61e9663ea76b@group-26218CACBD25-FollowerState
2022-09-12 01:24:44,682 [grpc-default-executor-4] INFO  server.RaftServer$Division (RaftServerImpl.java:requestVote(1184)) - 03e900db-606d-4788-a076-61e9663ea76b@group-26218CACBD25 replies to ELECTION vote request: 74f1d438-0997-4634-9c34-91afcc4dae77<-03e900db-606d-4788-a076-61e9663ea76b#0:OK-t1. Peer's state: 03e900db-606d-4788-a076-61e9663ea76b@group-26218CACBD25:t1, leader=null, voted=74f1d438-0997-4634-9c34-91afcc4dae77, raftlog=03e900db-606d-4788-a076-61e9663ea76b@group-26218CACBD25-SegmentedRaftLog:OPENED:c-1, conf=-1: [74f1d438-0997-4634-9c34-91afcc4dae77|rpc:127.0.0.1:37869|dataStream:|priority:0, c0693ef0-230a-48dd-aa8a-44a8c3878b49|rpc:127.0.0.1:39373|dataStream:|priority:1, 03e900db-606d-4788-a076-61e9663ea76b|rpc:127.0.0.1:33425|dataStream:|priority:0], old=null
2022-09-12 01:24:44,775 [EndpointStateMachine task thread for /127.0.0.1:40693 - 0 ] INFO  ipc.Client (Client.java:handleConnectionFailure(977)) - Retrying connect to server: localhost/127.0.0.1:40693. Already tried 4 time(s); retry policy is RetryUpToMaximumCountWithFixedSleep(maxRetries=15, sleepTime=1000 MILLISECONDS)
2022-09-12 01:24:44,792 [Listener at 127.0.0.1/35417] INFO  ozone.MiniOzoneClusterImpl (MiniOzoneClusterImpl.java:lambda$waitForClusterToBeReady$0(216)) - Nodes are ready. Got 3 of 3 DN Heartbeats.
2022-09-12 01:24:44,793 [Listener at 127.0.0.1/35417] INFO  ozone.MiniOzoneClusterImpl (MiniOzoneClusterImpl.java:lambda$waitForClusterToBeReady$0(219)) - Waiting for cluster to exit safe mode
2022-09-12 01:24:44,793 [Listener at 127.0.0.1/35417] INFO  ozone.MiniOzoneClusterImpl (MiniOzoneClusterImpl.java:lambda$waitForClusterToBeReady$0(221)) - SCM became leader
2022-09-12 01:24:44,877 [03e900db-606d-4788-a076-61e9663ea76b@group-20B7CEE0DF6D-FollowerState] INFO  impl.FollowerState (FollowerState.java:run(143)) - 03e900db-606d-4788-a076-61e9663ea76b@group-20B7CEE0DF6D-FollowerState: change to CANDIDATE, lastRpcElapsedTime:5028540593ns, electionTimeout:5015ms
2022-09-12 01:24:44,878 [03e900db-606d-4788-a076-61e9663ea76b@group-20B7CEE0DF6D-FollowerState] INFO  impl.RoleInfo (RoleInfo.java:shutdownFollowerState(110)) - 03e900db-606d-4788-a076-61e9663ea76b: shutdown 03e900db-606d-4788-a076-61e9663ea76b@group-20B7CEE0DF6D-FollowerState
2022-09-12 01:24:44,878 [03e900db-606d-4788-a076-61e9663ea76b@group-20B7CEE0DF6D-FollowerState] INFO  server.RaftServer$Division (RaftServerImpl.java:setRole(299)) - 03e900db-606d-4788-a076-61e9663ea76b@group-20B7CEE0DF6D: changes role from  FOLLOWER to CANDIDATE at term 0 for changeToCandidate
2022-09-12 01:24:44,878 [03e900db-606d-4788-a076-61e9663ea76b@group-20B7CEE0DF6D-FollowerState] INFO  server.RaftServerConfigKeys (ConfUtils.java:logGet(46)) - raft.server.leaderelection.pre-vote = false (custom)
2022-09-12 01:24:44,878 [03e900db-606d-4788-a076-61e9663ea76b@group-20B7CEE0DF6D-FollowerState] INFO  impl.RoleInfo (RoleInfo.java:updateAndGet(139)) - 03e900db-606d-4788-a076-61e9663ea76b: start 03e900db-606d-4788-a076-61e9663ea76b@group-20B7CEE0DF6D-LeaderElection18
2022-09-12 01:24:44,894 [03e900db-606d-4788-a076-61e9663ea76b@group-20B7CEE0DF6D-LeaderElection18] INFO  impl.LeaderElection (LeaderElection.java:askForVotes(310)) - 03e900db-606d-4788-a076-61e9663ea76b@group-20B7CEE0DF6D-LeaderElection18 ELECTION round 0: submit vote requests at term 1 for -1: [74f1d438-0997-4634-9c34-91afcc4dae77|rpc:127.0.0.1:37869|dataStream:|priority:1, c0693ef0-230a-48dd-aa8a-44a8c3878b49|rpc:127.0.0.1:39373|dataStream:|priority:0, 03e900db-606d-4788-a076-61e9663ea76b|rpc:127.0.0.1:33425|dataStream:|priority:0], old=null
2022-09-12 01:24:44,908 [74f1d438-0997-4634-9c34-91afcc4dae77@group-20B7CEE0DF6D-FollowerState] INFO  impl.FollowerState (FollowerState.java:run(143)) - 74f1d438-0997-4634-9c34-91afcc4dae77@group-20B7CEE0DF6D-FollowerState: change to CANDIDATE, lastRpcElapsedTime:5093274468ns, electionTimeout:5083ms
2022-09-12 01:24:44,908 [74f1d438-0997-4634-9c34-91afcc4dae77@group-20B7CEE0DF6D-FollowerState] INFO  impl.RoleInfo (RoleInfo.java:shutdownFollowerState(110)) - 74f1d438-0997-4634-9c34-91afcc4dae77: shutdown 74f1d438-0997-4634-9c34-91afcc4dae77@group-20B7CEE0DF6D-FollowerState
2022-09-12 01:24:44,908 [74f1d438-0997-4634-9c34-91afcc4dae77@group-20B7CEE0DF6D-FollowerState] INFO  server.RaftServer$Division (RaftServerImpl.java:setRole(299)) - 74f1d438-0997-4634-9c34-91afcc4dae77@group-20B7CEE0DF6D: changes role from  FOLLOWER to CANDIDATE at term 0 for changeToCandidate
2022-09-12 01:24:44,908 [74f1d438-0997-4634-9c34-91afcc4dae77@group-20B7CEE0DF6D-FollowerState] INFO  server.RaftServerConfigKeys (ConfUtils.java:logGet(46)) - raft.server.leaderelection.pre-vote = false (custom)
2022-09-12 01:24:44,908 [74f1d438-0997-4634-9c34-91afcc4dae77@group-20B7CEE0DF6D-FollowerState] INFO  impl.RoleInfo (RoleInfo.java:updateAndGet(139)) - 74f1d438-0997-4634-9c34-91afcc4dae77: start 74f1d438-0997-4634-9c34-91afcc4dae77@group-20B7CEE0DF6D-LeaderElection19
2022-09-12 01:24:44,925 [grpc-default-executor-4] INFO  server.RaftServer$Division (RaftServerImpl.java:requestVote(1152)) - 74f1d438-0997-4634-9c34-91afcc4dae77@group-20B7CEE0DF6D: receive requestVote(ELECTION, 03e900db-606d-4788-a076-61e9663ea76b, group-20B7CEE0DF6D, 1, (t:0, i:0))
2022-09-12 01:24:44,938 [grpc-default-executor-4] INFO  impl.VoteContext (VoteContext.java:log(48)) - 74f1d438-0997-4634-9c34-91afcc4dae77@group-20B7CEE0DF6D-CANDIDATE: reject ELECTION from 03e900db-606d-4788-a076-61e9663ea76b: our priority 1 > candidate's priority 0
2022-09-12 01:24:44,938 [grpc-default-executor-4] INFO  server.RaftServer$Division (RaftServerImpl.java:setRole(299)) - 74f1d438-0997-4634-9c34-91afcc4dae77@group-20B7CEE0DF6D: changes role from CANDIDATE to FOLLOWER at term 1 for candidate:03e900db-606d-4788-a076-61e9663ea76b
2022-09-12 01:24:44,938 [grpc-default-executor-4] INFO  impl.RoleInfo (RoleInfo.java:shutdownLeaderElection(130)) - 74f1d438-0997-4634-9c34-91afcc4dae77: shutdown 74f1d438-0997-4634-9c34-91afcc4dae77@group-20B7CEE0DF6D-LeaderElection19
2022-09-12 01:24:44,938 [grpc-default-executor-4] INFO  impl.RoleInfo (RoleInfo.java:updateAndGet(139)) - 74f1d438-0997-4634-9c34-91afcc4dae77: start 74f1d438-0997-4634-9c34-91afcc4dae77@group-20B7CEE0DF6D-FollowerState
2022-09-12 01:24:44,938 [grpc-default-executor-3] INFO  server.RaftServer$Division (RaftServerImpl.java:requestVote(1152)) - c0693ef0-230a-48dd-aa8a-44a8c3878b49@group-20B7CEE0DF6D: receive requestVote(ELECTION, 03e900db-606d-4788-a076-61e9663ea76b, group-20B7CEE0DF6D, 1, (t:0, i:0))
2022-09-12 01:24:44,938 [grpc-default-executor-3] INFO  impl.VoteContext (VoteContext.java:log(48)) - c0693ef0-230a-48dd-aa8a-44a8c3878b49@group-20B7CEE0DF6D-FOLLOWER: accept ELECTION from 03e900db-606d-4788-a076-61e9663ea76b: our priority 0 <= candidate's priority 0
2022-09-12 01:24:44,938 [grpc-default-executor-3] INFO  server.RaftServer$Division (RaftServerImpl.java:setRole(299)) - c0693ef0-230a-48dd-aa8a-44a8c3878b49@group-20B7CEE0DF6D: changes role from  FOLLOWER to FOLLOWER at term 1 for candidate:03e900db-606d-4788-a076-61e9663ea76b
2022-09-12 01:24:44,939 [grpc-default-executor-3] INFO  impl.RoleInfo (RoleInfo.java:shutdownFollowerState(110)) - c0693ef0-230a-48dd-aa8a-44a8c3878b49: shutdown c0693ef0-230a-48dd-aa8a-44a8c3878b49@group-20B7CEE0DF6D-FollowerState
2022-09-12 01:24:44,950 [grpc-default-executor-3] INFO  impl.RoleInfo (RoleInfo.java:updateAndGet(139)) - c0693ef0-230a-48dd-aa8a-44a8c3878b49: start c0693ef0-230a-48dd-aa8a-44a8c3878b49@group-20B7CEE0DF6D-FollowerState
2022-09-12 01:24:44,950 [c0693ef0-230a-48dd-aa8a-44a8c3878b49@group-20B7CEE0DF6D-FollowerState] INFO  impl.FollowerState (FollowerState.java:run(152)) - c0693ef0-230a-48dd-aa8a-44a8c3878b49@group-20B7CEE0DF6D-FollowerState was interrupted
2022-09-12 01:24:44,951 [grpc-default-executor-4] INFO  server.RaftServer$Division (RaftServerImpl.java:requestVote(1184)) - 74f1d438-0997-4634-9c34-91afcc4dae77@group-20B7CEE0DF6D replies to ELECTION vote request: 03e900db-606d-4788-a076-61e9663ea76b<-74f1d438-0997-4634-9c34-91afcc4dae77#0:FAIL-t1. Peer's state: 74f1d438-0997-4634-9c34-91afcc4dae77@group-20B7CEE0DF6D:t1, leader=null, voted=null, raftlog=74f1d438-0997-4634-9c34-91afcc4dae77@group-20B7CEE0DF6D-SegmentedRaftLog:OPENED:c-1, conf=-1: [74f1d438-0997-4634-9c34-91afcc4dae77|rpc:127.0.0.1:37869|priority:1, c0693ef0-230a-48dd-aa8a-44a8c3878b49|rpc:127.0.0.1:39373|priority:0, 03e900db-606d-4788-a076-61e9663ea76b|rpc:127.0.0.1:33425|priority:0], old=null
2022-09-12 01:24:44,964 [03e900db-606d-4788-a076-61e9663ea76b@group-20B7CEE0DF6D-LeaderElection18] INFO  impl.LeaderElection (LeaderElection.java:logAndReturn(90)) - 03e900db-606d-4788-a076-61e9663ea76b@group-20B7CEE0DF6D-LeaderElection18: ELECTION REJECTED received 1 response(s) and 0 exception(s):
2022-09-12 01:24:44,968 [03e900db-606d-4788-a076-61e9663ea76b@group-20B7CEE0DF6D-LeaderElection18] INFO  impl.LeaderElection (LeaderElection.java:logAndReturn(94)) -   Response 0: 03e900db-606d-4788-a076-61e9663ea76b<-74f1d438-0997-4634-9c34-91afcc4dae77#0:FAIL-t1
2022-09-12 01:24:44,968 [03e900db-606d-4788-a076-61e9663ea76b@group-20B7CEE0DF6D-LeaderElection18] INFO  impl.LeaderElection (LeaderElection.java:askForVotes(312)) - 03e900db-606d-4788-a076-61e9663ea76b@group-20B7CEE0DF6D-LeaderElection18 ELECTION round 0: result REJECTED
2022-09-12 01:24:44,968 [03e900db-606d-4788-a076-61e9663ea76b@group-20B7CEE0DF6D-LeaderElection18] INFO  server.RaftServer$Division (RaftServerImpl.java:setRole(299)) - 03e900db-606d-4788-a076-61e9663ea76b@group-20B7CEE0DF6D: changes role from CANDIDATE to FOLLOWER at term 1 for REJECTED
2022-09-12 01:24:44,968 [03e900db-606d-4788-a076-61e9663ea76b@group-20B7CEE0DF6D-LeaderElection18] INFO  impl.RoleInfo (RoleInfo.java:shutdownLeaderElection(130)) - 03e900db-606d-4788-a076-61e9663ea76b: shutdown 03e900db-606d-4788-a076-61e9663ea76b@group-20B7CEE0DF6D-LeaderElection18
2022-09-12 01:24:44,968 [03e900db-606d-4788-a076-61e9663ea76b@group-20B7CEE0DF6D-LeaderElection18] INFO  impl.RoleInfo (RoleInfo.java:updateAndGet(139)) - 03e900db-606d-4788-a076-61e9663ea76b: start 03e900db-606d-4788-a076-61e9663ea76b@group-20B7CEE0DF6D-FollowerState
2022-09-12 01:24:44,965 [grpc-default-executor-3] INFO  server.RaftServer$Division (RaftServerImpl.java:requestVote(1184)) - c0693ef0-230a-48dd-aa8a-44a8c3878b49@group-20B7CEE0DF6D replies to ELECTION vote request: 03e900db-606d-4788-a076-61e9663ea76b<-c0693ef0-230a-48dd-aa8a-44a8c3878b49#0:OK-t1. Peer's state: c0693ef0-230a-48dd-aa8a-44a8c3878b49@group-20B7CEE0DF6D:t1, leader=null, voted=03e900db-606d-4788-a076-61e9663ea76b, raftlog=c0693ef0-230a-48dd-aa8a-44a8c3878b49@group-20B7CEE0DF6D-SegmentedRaftLog:OPENED:c-1, conf=-1: [74f1d438-0997-4634-9c34-91afcc4dae77|rpc:127.0.0.1:37869|dataStream:|priority:1, c0693ef0-230a-48dd-aa8a-44a8c3878b49|rpc:127.0.0.1:39373|dataStream:|priority:0, 03e900db-606d-4788-a076-61e9663ea76b|rpc:127.0.0.1:33425|dataStream:|priority:0], old=null
2022-09-12 01:24:45,258 [c0693ef0-230a-48dd-aa8a-44a8c3878b49@group-F47393CAD38E-FollowerState] INFO  impl.FollowerState (FollowerState.java:run(143)) - c0693ef0-230a-48dd-aa8a-44a8c3878b49@group-F47393CAD38E-FollowerState: change to CANDIDATE, lastRpcElapsedTime:5104139750ns, electionTimeout:5100ms
2022-09-12 01:24:45,258 [c0693ef0-230a-48dd-aa8a-44a8c3878b49@group-F47393CAD38E-FollowerState] INFO  impl.RoleInfo (RoleInfo.java:shutdownFollowerState(110)) - c0693ef0-230a-48dd-aa8a-44a8c3878b49: shutdown c0693ef0-230a-48dd-aa8a-44a8c3878b49@group-F47393CAD38E-FollowerState
2022-09-12 01:24:45,258 [c0693ef0-230a-48dd-aa8a-44a8c3878b49@group-F47393CAD38E-FollowerState] INFO  server.RaftServer$Division (RaftServerImpl.java:setRole(299)) - c0693ef0-230a-48dd-aa8a-44a8c3878b49@group-F47393CAD38E: changes role from  FOLLOWER to CANDIDATE at term 0 for changeToCandidate
2022-09-12 01:24:45,258 [c0693ef0-230a-48dd-aa8a-44a8c3878b49@group-F47393CAD38E-FollowerState] INFO  server.RaftServerConfigKeys (ConfUtils.java:logGet(46)) - raft.server.leaderelection.pre-vote = false (custom)
2022-09-12 01:24:45,258 [c0693ef0-230a-48dd-aa8a-44a8c3878b49@group-F47393CAD38E-FollowerState] INFO  impl.RoleInfo (RoleInfo.java:updateAndGet(139)) - c0693ef0-230a-48dd-aa8a-44a8c3878b49: start c0693ef0-230a-48dd-aa8a-44a8c3878b49@group-F47393CAD38E-LeaderElection20
2022-09-12 01:24:45,270 [c0693ef0-230a-48dd-aa8a-44a8c3878b49@group-F47393CAD38E-LeaderElection20] INFO  impl.LeaderElection (LeaderElection.java:askForVotes(310)) - c0693ef0-230a-48dd-aa8a-44a8c3878b49@group-F47393CAD38E-LeaderElection20 ELECTION round 0: submit vote requests at term 1 for -1: [c0693ef0-230a-48dd-aa8a-44a8c3878b49|rpc:127.0.0.1:39373|priority:1], old=null
2022-09-12 01:24:45,271 [c0693ef0-230a-48dd-aa8a-44a8c3878b49@group-F47393CAD38E-LeaderElection20] INFO  impl.LeaderElection (LeaderElection.java:askForVotes(312)) - c0693ef0-230a-48dd-aa8a-44a8c3878b49@group-F47393CAD38E-LeaderElection20 ELECTION round 0: result PASSED (term=1)
2022-09-12 01:24:45,271 [c0693ef0-230a-48dd-aa8a-44a8c3878b49@group-F47393CAD38E-LeaderElection20] INFO  impl.RoleInfo (RoleInfo.java:shutdownLeaderElection(130)) - c0693ef0-230a-48dd-aa8a-44a8c3878b49: shutdown c0693ef0-230a-48dd-aa8a-44a8c3878b49@group-F47393CAD38E-LeaderElection20
2022-09-12 01:24:45,271 [c0693ef0-230a-48dd-aa8a-44a8c3878b49@group-F47393CAD38E-LeaderElection20] INFO  server.RaftServer$Division (RaftServerImpl.java:setRole(299)) - c0693ef0-230a-48dd-aa8a-44a8c3878b49@group-F47393CAD38E: changes role from CANDIDATE to LEADER at term 1 for changeToLeader
2022-09-12 01:24:45,271 [c0693ef0-230a-48dd-aa8a-44a8c3878b49@group-F47393CAD38E-LeaderElection20] INFO  ratis.XceiverServerRatis (XceiverServerRatis.java:handleLeaderChangedNotification(863)) - Leader change notification received for group: group-F47393CAD38E with new leaderId: c0693ef0-230a-48dd-aa8a-44a8c3878b49
2022-09-12 01:24:45,271 [c0693ef0-230a-48dd-aa8a-44a8c3878b49@group-F47393CAD38E-LeaderElection20] INFO  server.RaftServer$Division (ServerState.java:setLeader(287)) - c0693ef0-230a-48dd-aa8a-44a8c3878b49@group-F47393CAD38E: change Leader from null to c0693ef0-230a-48dd-aa8a-44a8c3878b49 at term 1 for becomeLeader, leader elected after 5131ms
2022-09-12 01:24:45,271 [c0693ef0-230a-48dd-aa8a-44a8c3878b49@group-F47393CAD38E-LeaderElection20] INFO  server.RaftServerConfigKeys (ConfUtils.java:logGet(46)) - raft.server.staging.catchup.gap = 1000 (default)
2022-09-12 01:24:45,271 [c0693ef0-230a-48dd-aa8a-44a8c3878b49@group-F47393CAD38E-LeaderElection20] INFO  server.RaftServerConfigKeys (ConfUtils.java:logGet(46)) - raft.server.write.element-limit = 1024 (custom)
2022-09-12 01:24:45,272 [c0693ef0-230a-48dd-aa8a-44a8c3878b49@group-F47393CAD38E-LeaderElection20] INFO  server.RaftServerConfigKeys (ConfUtils.java:logGet(46)) - raft.server.write.byte-limit = 1024 M (=1073741824) (custom)
2022-09-12 01:24:45,272 [c0693ef0-230a-48dd-aa8a-44a8c3878b49@group-F47393CAD38E-LeaderElection20] INFO  server.RaftServerConfigKeys (ConfUtils.java:logGet(46)) - raft.server.watch.timeout = 180s (custom)
2022-09-12 01:24:45,273 [EventQueue-OpenPipelineForHealthyPipelineSafeModeRule] INFO  safemode.SCMSafeModeManager (HealthyPipelineSafeModeRule.java:process(137)) - SCM in safe mode. Healthy pipelines reported count is 0, required healthy pipeline reported count is 1
2022-09-12 01:24:45,273 [c0693ef0-230a-48dd-aa8a-44a8c3878b49@group-F47393CAD38E-LeaderElection20] INFO  server.RaftServerConfigKeys (ConfUtils.java:logGet(46)) - raft.server.watch.timeout.denomination = 1s (default)
2022-09-12 01:24:45,273 [c0693ef0-230a-48dd-aa8a-44a8c3878b49@group-F47393CAD38E-LeaderElection20] INFO  server.RaftServerConfigKeys (ConfUtils.java:logGet(46)) - raft.server.watch.element-limit = 65536 (default)
2022-09-12 01:24:45,273 [c0693ef0-230a-48dd-aa8a-44a8c3878b49@group-F47393CAD38E-LeaderElection20] INFO  server.RaftServerConfigKeys (ConfUtils.java:logGet(46)) - raft.server.write.element-limit = 1024 (custom)
2022-09-12 01:24:45,273 [c0693ef0-230a-48dd-aa8a-44a8c3878b49@group-F47393CAD38E-LeaderElection20] INFO  server.RaftServerConfigKeys (ConfUtils.java:logGet(46)) - raft.server.write.follower.gap.ratio.max = -1.0 (default)
2022-09-12 01:24:45,275 [c0693ef0-230a-48dd-aa8a-44a8c3878b49@group-F47393CAD38E-LeaderElection20] INFO  impl.RoleInfo (RoleInfo.java:updateAndGet(139)) - c0693ef0-230a-48dd-aa8a-44a8c3878b49: start c0693ef0-230a-48dd-aa8a-44a8c3878b49@group-F47393CAD38E-LeaderStateImpl
2022-09-12 01:24:45,275 [c0693ef0-230a-48dd-aa8a-44a8c3878b49@group-F47393CAD38E-LeaderElection20] INFO  segmented.SegmentedRaftLogWorker (SegmentedRaftLogWorker.java:startLogSegment(425)) - c0693ef0-230a-48dd-aa8a-44a8c3878b49@group-F47393CAD38E-SegmentedRaftLogWorker: Starting segment from index:0
2022-09-12 01:24:45,277 [c0693ef0-230a-48dd-aa8a-44a8c3878b49@group-F47393CAD38E-SegmentedRaftLogWorker] INFO  segmented.SegmentedRaftLogWorker (SegmentedRaftLogWorker.java:execute(629)) - c0693ef0-230a-48dd-aa8a-44a8c3878b49@group-F47393CAD38E-SegmentedRaftLogWorker: created new log segment /home/runner/work/ozone/ozone/hadoop-ozone/integration-test/target/test-dir/MiniOzoneClusterImpl-cb4dd006-d395-492a-b682-c2bfe535b5e8/datanode-1/data/ratis/9391a2d9-2f2c-4b9b-a582-f47393cad38e/current/log_inprogress_0
2022-09-12 01:24:45,288 [c0693ef0-230a-48dd-aa8a-44a8c3878b49@group-F47393CAD38E-LeaderElection20] INFO  server.RaftServer$Division (ServerState.java:setRaftConf(393)) - c0693ef0-230a-48dd-aa8a-44a8c3878b49@group-F47393CAD38E: set configuration 0: [c0693ef0-230a-48dd-aa8a-44a8c3878b49|rpc:127.0.0.1:39373|dataStream:|priority:1], old=null
2022-09-12 01:24:45,775 [EndpointStateMachine task thread for /127.0.0.1:40693 - 0 ] INFO  ipc.Client (Client.java:handleConnectionFailure(977)) - Retrying connect to server: localhost/127.0.0.1:40693. Already tried 5 time(s); retry policy is RetryUpToMaximumCountWithFixedSleep(maxRetries=15, sleepTime=1000 MILLISECONDS)
2022-09-12 01:24:45,793 [Listener at 127.0.0.1/35417] INFO  ozone.MiniOzoneClusterImpl (MiniOzoneClusterImpl.java:lambda$waitForClusterToBeReady$0(216)) - Nodes are ready. Got 3 of 3 DN Heartbeats.
2022-09-12 01:24:45,793 [Listener at 127.0.0.1/35417] INFO  ozone.MiniOzoneClusterImpl (MiniOzoneClusterImpl.java:lambda$waitForClusterToBeReady$0(219)) - Waiting for cluster to exit safe mode
2022-09-12 01:24:45,794 [Listener at 127.0.0.1/35417] INFO  ozone.MiniOzoneClusterImpl (MiniOzoneClusterImpl.java:lambda$waitForClusterToBeReady$0(221)) - SCM became leader
2022-09-12 01:24:45,949 [03e900db-606d-4788-a076-61e9663ea76b@group-AC284E633F92-FollowerState] INFO  impl.FollowerState (FollowerState.java:run(143)) - 03e900db-606d-4788-a076-61e9663ea76b@group-AC284E633F92-FollowerState: change to CANDIDATE, lastRpcElapsedTime:5043762120ns, electionTimeout:5037ms
2022-09-12 01:24:45,950 [03e900db-606d-4788-a076-61e9663ea76b@group-AC284E633F92-FollowerState] INFO  impl.RoleInfo (RoleInfo.java:shutdownFollowerState(110)) - 03e900db-606d-4788-a076-61e9663ea76b: shutdown 03e900db-606d-4788-a076-61e9663ea76b@group-AC284E633F92-FollowerState
2022-09-12 01:24:45,950 [03e900db-606d-4788-a076-61e9663ea76b@group-AC284E633F92-FollowerState] INFO  server.RaftServer$Division (RaftServerImpl.java:setRole(299)) - 03e900db-606d-4788-a076-61e9663ea76b@group-AC284E633F92: changes role from  FOLLOWER to CANDIDATE at term 0 for changeToCandidate
2022-09-12 01:24:45,950 [03e900db-606d-4788-a076-61e9663ea76b@group-AC284E633F92-FollowerState] INFO  server.RaftServerConfigKeys (ConfUtils.java:logGet(46)) - raft.server.leaderelection.pre-vote = false (custom)
2022-09-12 01:24:45,950 [03e900db-606d-4788-a076-61e9663ea76b@group-AC284E633F92-FollowerState] INFO  impl.RoleInfo (RoleInfo.java:updateAndGet(139)) - 03e900db-606d-4788-a076-61e9663ea76b: start 03e900db-606d-4788-a076-61e9663ea76b@group-AC284E633F92-LeaderElection21
2022-09-12 01:24:45,967 [03e900db-606d-4788-a076-61e9663ea76b@group-AC284E633F92-LeaderElection21] INFO  impl.LeaderElection (LeaderElection.java:askForVotes(310)) - 03e900db-606d-4788-a076-61e9663ea76b@group-AC284E633F92-LeaderElection21 ELECTION round 0: submit vote requests at term 1 for -1: [03e900db-606d-4788-a076-61e9663ea76b|rpc:127.0.0.1:33425|priority:1], old=null
2022-09-12 01:24:45,967 [03e900db-606d-4788-a076-61e9663ea76b@group-AC284E633F92-LeaderElection21] INFO  impl.LeaderElection (LeaderElection.java:askForVotes(312)) - 03e900db-606d-4788-a076-61e9663ea76b@group-AC284E633F92-LeaderElection21 ELECTION round 0: result PASSED (term=1)
2022-09-12 01:24:45,967 [03e900db-606d-4788-a076-61e9663ea76b@group-AC284E633F92-LeaderElection21] INFO  impl.RoleInfo (RoleInfo.java:shutdownLeaderElection(130)) - 03e900db-606d-4788-a076-61e9663ea76b: shutdown 03e900db-606d-4788-a076-61e9663ea76b@group-AC284E633F92-LeaderElection21
2022-09-12 01:24:45,967 [03e900db-606d-4788-a076-61e9663ea76b@group-AC284E633F92-LeaderElection21] INFO  server.RaftServer$Division (RaftServerImpl.java:setRole(299)) - 03e900db-606d-4788-a076-61e9663ea76b@group-AC284E633F92: changes role from CANDIDATE to LEADER at term 1 for changeToLeader
2022-09-12 01:24:45,967 [03e900db-606d-4788-a076-61e9663ea76b@group-AC284E633F92-LeaderElection21] INFO  ratis.XceiverServerRatis (XceiverServerRatis.java:handleLeaderChangedNotification(863)) - Leader change notification received for group: group-AC284E633F92 with new leaderId: 03e900db-606d-4788-a076-61e9663ea76b
2022-09-12 01:24:45,967 [03e900db-606d-4788-a076-61e9663ea76b@group-AC284E633F92-LeaderElection21] INFO  server.RaftServer$Division (ServerState.java:setLeader(287)) - 03e900db-606d-4788-a076-61e9663ea76b@group-AC284E633F92: change Leader from null to 03e900db-606d-4788-a076-61e9663ea76b at term 1 for becomeLeader, leader elected after 5086ms
2022-09-12 01:24:45,967 [03e900db-606d-4788-a076-61e9663ea76b@group-AC284E633F92-LeaderElection21] INFO  server.RaftServerConfigKeys (ConfUtils.java:logGet(46)) - raft.server.staging.catchup.gap = 1000 (default)
2022-09-12 01:24:45,968 [03e900db-606d-4788-a076-61e9663ea76b@group-AC284E633F92-LeaderElection21] INFO  server.RaftServerConfigKeys (ConfUtils.java:logGet(46)) - raft.server.write.element-limit = 1024 (custom)
2022-09-12 01:24:45,968 [03e900db-606d-4788-a076-61e9663ea76b@group-AC284E633F92-LeaderElection21] INFO  server.RaftServerConfigKeys (ConfUtils.java:logGet(46)) - raft.server.write.byte-limit = 1024 M (=1073741824) (custom)
2022-09-12 01:24:45,968 [03e900db-606d-4788-a076-61e9663ea76b@group-AC284E633F92-LeaderElection21] INFO  server.RaftServerConfigKeys (ConfUtils.java:logGet(46)) - raft.server.watch.timeout = 180s (custom)
2022-09-12 01:24:45,968 [03e900db-606d-4788-a076-61e9663ea76b@group-AC284E633F92-LeaderElection21] INFO  server.RaftServerConfigKeys (ConfUtils.java:logGet(46)) - raft.server.watch.timeout.denomination = 1s (default)
2022-09-12 01:24:45,968 [03e900db-606d-4788-a076-61e9663ea76b@group-AC284E633F92-LeaderElection21] INFO  server.RaftServerConfigKeys (ConfUtils.java:logGet(46)) - raft.server.watch.element-limit = 65536 (default)
2022-09-12 01:24:45,968 [03e900db-606d-4788-a076-61e9663ea76b@group-AC284E633F92-LeaderElection21] INFO  server.RaftServerConfigKeys (ConfUtils.java:logGet(46)) - raft.server.write.element-limit = 1024 (custom)
2022-09-12 01:24:45,968 [03e900db-606d-4788-a076-61e9663ea76b@group-AC284E633F92-LeaderElection21] INFO  server.RaftServerConfigKeys (ConfUtils.java:logGet(46)) - raft.server.write.follower.gap.ratio.max = -1.0 (default)
2022-09-12 01:24:45,968 [03e900db-606d-4788-a076-61e9663ea76b@group-AC284E633F92-LeaderElection21] INFO  impl.RoleInfo (RoleInfo.java:updateAndGet(139)) - 03e900db-606d-4788-a076-61e9663ea76b: start 03e900db-606d-4788-a076-61e9663ea76b@group-AC284E633F92-LeaderStateImpl
2022-09-12 01:24:45,969 [03e900db-606d-4788-a076-61e9663ea76b@group-AC284E633F92-LeaderElection21] INFO  segmented.SegmentedRaftLogWorker (SegmentedRaftLogWorker.java:startLogSegment(425)) - 03e900db-606d-4788-a076-61e9663ea76b@group-AC284E633F92-SegmentedRaftLogWorker: Starting segment from index:0
2022-09-12 01:24:45,970 [EventQueue-OpenPipelineForHealthyPipelineSafeModeRule] INFO  safemode.SCMSafeModeManager (HealthyPipelineSafeModeRule.java:process(137)) - SCM in safe mode. Healthy pipelines reported count is 0, required healthy pipeline reported count is 1
2022-09-12 01:24:45,973 [03e900db-606d-4788-a076-61e9663ea76b@group-AC284E633F92-SegmentedRaftLogWorker] INFO  segmented.SegmentedRaftLogWorker (SegmentedRaftLogWorker.java:execute(629)) - 03e900db-606d-4788-a076-61e9663ea76b@group-AC284E633F92-SegmentedRaftLogWorker: created new log segment /home/runner/work/ozone/ozone/hadoop-ozone/integration-test/target/test-dir/MiniOzoneClusterImpl-cb4dd006-d395-492a-b682-c2bfe535b5e8/datanode-2/data/ratis/6dc43382-3a53-4f47-bfc3-ac284e633f92/current/log_inprogress_0
2022-09-12 01:24:45,986 [03e900db-606d-4788-a076-61e9663ea76b@group-AC284E633F92-LeaderElection21] INFO  server.RaftServer$Division (ServerState.java:setRaftConf(393)) - 03e900db-606d-4788-a076-61e9663ea76b@group-AC284E633F92: set configuration 0: [03e900db-606d-4788-a076-61e9663ea76b|rpc:127.0.0.1:33425|dataStream:|priority:1], old=null
2022-09-12 01:24:46,776 [EndpointStateMachine task thread for /127.0.0.1:40693 - 0 ] INFO  ipc.Client (Client.java:handleConnectionFailure(977)) - Retrying connect to server: localhost/127.0.0.1:40693. Already tried 6 time(s); retry policy is RetryUpToMaximumCountWithFixedSleep(maxRetries=15, sleepTime=1000 MILLISECONDS)
2022-09-12 01:24:46,794 [Listener at 127.0.0.1/35417] INFO  ozone.MiniOzoneClusterImpl (MiniOzoneClusterImpl.java:lambda$waitForClusterToBeReady$0(216)) - Nodes are ready. Got 3 of 3 DN Heartbeats.
2022-09-12 01:24:46,794 [Listener at 127.0.0.1/35417] INFO  ozone.MiniOzoneClusterImpl (MiniOzoneClusterImpl.java:lambda$waitForClusterToBeReady$0(219)) - Waiting for cluster to exit safe mode
2022-09-12 01:24:46,794 [Listener at 127.0.0.1/35417] INFO  ozone.MiniOzoneClusterImpl (MiniOzoneClusterImpl.java:lambda$waitForClusterToBeReady$0(221)) - SCM became leader
2022-09-12 01:24:47,776 [EndpointStateMachine task thread for /127.0.0.1:40693 - 0 ] INFO  ipc.Client (Client.java:handleConnectionFailure(977)) - Retrying connect to server: localhost/127.0.0.1:40693. Already tried 7 time(s); retry policy is RetryUpToMaximumCountWithFixedSleep(maxRetries=15, sleepTime=1000 MILLISECONDS)
2022-09-12 01:24:47,794 [Listener at 127.0.0.1/35417] INFO  ozone.MiniOzoneClusterImpl (MiniOzoneClusterImpl.java:lambda$waitForClusterToBeReady$0(216)) - Nodes are ready. Got 3 of 3 DN Heartbeats.
2022-09-12 01:24:47,795 [Listener at 127.0.0.1/35417] INFO  ozone.MiniOzoneClusterImpl (MiniOzoneClusterImpl.java:lambda$waitForClusterToBeReady$0(219)) - Waiting for cluster to exit safe mode
2022-09-12 01:24:47,795 [Listener at 127.0.0.1/35417] INFO  ozone.MiniOzoneClusterImpl (MiniOzoneClusterImpl.java:lambda$waitForClusterToBeReady$0(221)) - SCM became leader
2022-09-12 01:24:48,777 [EndpointStateMachine task thread for /127.0.0.1:40693 - 0 ] INFO  ipc.Client (Client.java:handleConnectionFailure(977)) - Retrying connect to server: localhost/127.0.0.1:40693. Already tried 8 time(s); retry policy is RetryUpToMaximumCountWithFixedSleep(maxRetries=15, sleepTime=1000 MILLISECONDS)
2022-09-12 01:24:48,795 [Listener at 127.0.0.1/35417] INFO  ozone.MiniOzoneClusterImpl (MiniOzoneClusterImpl.java:lambda$waitForClusterToBeReady$0(216)) - Nodes are ready. Got 3 of 3 DN Heartbeats.
2022-09-12 01:24:48,795 [Listener at 127.0.0.1/35417] INFO  ozone.MiniOzoneClusterImpl (MiniOzoneClusterImpl.java:lambda$waitForClusterToBeReady$0(219)) - Waiting for cluster to exit safe mode
2022-09-12 01:24:48,795 [Listener at 127.0.0.1/35417] INFO  ozone.MiniOzoneClusterImpl (MiniOzoneClusterImpl.java:lambda$waitForClusterToBeReady$0(221)) - SCM became leader
2022-09-12 01:24:49,773 [c0693ef0-230a-48dd-aa8a-44a8c3878b49@group-26218CACBD25-FollowerState] INFO  impl.FollowerState (FollowerState.java:run(143)) - c0693ef0-230a-48dd-aa8a-44a8c3878b49@group-26218CACBD25-FollowerState: change to CANDIDATE, lastRpcElapsedTime:5147459487ns, electionTimeout:5128ms
2022-09-12 01:24:49,773 [c0693ef0-230a-48dd-aa8a-44a8c3878b49@group-26218CACBD25-FollowerState] INFO  impl.RoleInfo (RoleInfo.java:shutdownFollowerState(110)) - c0693ef0-230a-48dd-aa8a-44a8c3878b49: shutdown c0693ef0-230a-48dd-aa8a-44a8c3878b49@group-26218CACBD25-FollowerState
2022-09-12 01:24:49,773 [c0693ef0-230a-48dd-aa8a-44a8c3878b49@group-26218CACBD25-FollowerState] INFO  server.RaftServer$Division (RaftServerImpl.java:setRole(299)) - c0693ef0-230a-48dd-aa8a-44a8c3878b49@group-26218CACBD25: changes role from  FOLLOWER to CANDIDATE at term 1 for changeToCandidate
2022-09-12 01:24:49,773 [c0693ef0-230a-48dd-aa8a-44a8c3878b49@group-26218CACBD25-FollowerState] INFO  server.RaftServerConfigKeys (ConfUtils.java:logGet(46)) - raft.server.leaderelection.pre-vote = false (custom)
2022-09-12 01:24:49,773 [c0693ef0-230a-48dd-aa8a-44a8c3878b49@group-26218CACBD25-FollowerState] INFO  impl.RoleInfo (RoleInfo.java:updateAndGet(139)) - c0693ef0-230a-48dd-aa8a-44a8c3878b49: start c0693ef0-230a-48dd-aa8a-44a8c3878b49@group-26218CACBD25-LeaderElection22
2022-09-12 01:24:49,777 [EndpointStateMachine task thread for /127.0.0.1:40693 - 0 ] INFO  ipc.Client (Client.java:handleConnectionFailure(977)) - Retrying connect to server: localhost/127.0.0.1:40693. Already tried 9 time(s); retry policy is RetryUpToMaximumCountWithFixedSleep(maxRetries=15, sleepTime=1000 MILLISECONDS)
2022-09-12 01:24:49,783 [c0693ef0-230a-48dd-aa8a-44a8c3878b49@group-26218CACBD25-LeaderElection22] INFO  impl.LeaderElection (LeaderElection.java:askForVotes(310)) - c0693ef0-230a-48dd-aa8a-44a8c3878b49@group-26218CACBD25-LeaderElection22 ELECTION round 0: submit vote requests at term 2 for -1: [74f1d438-0997-4634-9c34-91afcc4dae77|rpc:127.0.0.1:37869|dataStream:|priority:0, c0693ef0-230a-48dd-aa8a-44a8c3878b49|rpc:127.0.0.1:39373|dataStream:|priority:1, 03e900db-606d-4788-a076-61e9663ea76b|rpc:127.0.0.1:33425|dataStream:|priority:0], old=null
2022-09-12 01:24:49,795 [Listener at 127.0.0.1/35417] INFO  ozone.MiniOzoneClusterImpl (MiniOzoneClusterImpl.java:lambda$waitForClusterToBeReady$0(216)) - Nodes are ready. Got 3 of 3 DN Heartbeats.
2022-09-12 01:24:49,796 [Listener at 127.0.0.1/35417] INFO  ozone.MiniOzoneClusterImpl (MiniOzoneClusterImpl.java:lambda$waitForClusterToBeReady$0(219)) - Waiting for cluster to exit safe mode
2022-09-12 01:24:49,796 [Listener at 127.0.0.1/35417] INFO  ozone.MiniOzoneClusterImpl (MiniOzoneClusterImpl.java:lambda$waitForClusterToBeReady$0(221)) - SCM became leader
2022-09-12 01:24:49,799 [grpc-default-executor-3] INFO  server.RaftServer$Division (RaftServerImpl.java:requestVote(1152)) - 74f1d438-0997-4634-9c34-91afcc4dae77@group-26218CACBD25: receive requestVote(ELECTION, c0693ef0-230a-48dd-aa8a-44a8c3878b49, group-26218CACBD25, 2, (t:0, i:0))
2022-09-12 01:24:49,805 [grpc-default-executor-3] INFO  impl.VoteContext (VoteContext.java:log(48)) - 74f1d438-0997-4634-9c34-91afcc4dae77@group-26218CACBD25-FOLLOWER: accept ELECTION from c0693ef0-230a-48dd-aa8a-44a8c3878b49: our priority 0 <= candidate's priority 1
2022-09-12 01:24:49,805 [grpc-default-executor-3] INFO  server.RaftServer$Division (RaftServerImpl.java:setRole(299)) - 74f1d438-0997-4634-9c34-91afcc4dae77@group-26218CACBD25: changes role from  FOLLOWER to FOLLOWER at term 2 for candidate:c0693ef0-230a-48dd-aa8a-44a8c3878b49
2022-09-12 01:24:49,805 [grpc-default-executor-3] INFO  impl.RoleInfo (RoleInfo.java:shutdownFollowerState(110)) - 74f1d438-0997-4634-9c34-91afcc4dae77: shutdown 74f1d438-0997-4634-9c34-91afcc4dae77@group-26218CACBD25-FollowerState
2022-09-12 01:24:49,805 [grpc-default-executor-3] INFO  impl.RoleInfo (RoleInfo.java:updateAndGet(139)) - 74f1d438-0997-4634-9c34-91afcc4dae77: start 74f1d438-0997-4634-9c34-91afcc4dae77@group-26218CACBD25-FollowerState
2022-09-12 01:24:49,805 [74f1d438-0997-4634-9c34-91afcc4dae77@group-26218CACBD25-FollowerState] INFO  impl.FollowerState (FollowerState.java:run(152)) - 74f1d438-0997-4634-9c34-91afcc4dae77@group-26218CACBD25-FollowerState was interrupted
2022-09-12 01:24:49,817 [grpc-default-executor-3] INFO  server.RaftServer$Division (RaftServerImpl.java:requestVote(1184)) - 74f1d438-0997-4634-9c34-91afcc4dae77@group-26218CACBD25 replies to ELECTION vote request: c0693ef0-230a-48dd-aa8a-44a8c3878b49<-74f1d438-0997-4634-9c34-91afcc4dae77#0:OK-t2. Peer's state: 74f1d438-0997-4634-9c34-91afcc4dae77@group-26218CACBD25:t2, leader=null, voted=c0693ef0-230a-48dd-aa8a-44a8c3878b49, raftlog=74f1d438-0997-4634-9c34-91afcc4dae77@group-26218CACBD25-SegmentedRaftLog:OPENED:c-1, conf=-1: [74f1d438-0997-4634-9c34-91afcc4dae77|rpc:127.0.0.1:37869|priority:0, c0693ef0-230a-48dd-aa8a-44a8c3878b49|rpc:127.0.0.1:39373|priority:1, 03e900db-606d-4788-a076-61e9663ea76b|rpc:127.0.0.1:33425|priority:0], old=null
2022-09-12 01:24:49,818 [c0693ef0-230a-48dd-aa8a-44a8c3878b49@group-26218CACBD25-LeaderElection22] INFO  impl.LeaderElection (LeaderElection.java:logAndReturn(90)) - c0693ef0-230a-48dd-aa8a-44a8c3878b49@group-26218CACBD25-LeaderElection22: ELECTION PASSED received 1 response(s) and 0 exception(s):
2022-09-12 01:24:49,818 [c0693ef0-230a-48dd-aa8a-44a8c3878b49@group-26218CACBD25-LeaderElection22] INFO  impl.LeaderElection (LeaderElection.java:logAndReturn(94)) -   Response 0: c0693ef0-230a-48dd-aa8a-44a8c3878b49<-74f1d438-0997-4634-9c34-91afcc4dae77#0:OK-t2
2022-09-12 01:24:49,818 [c0693ef0-230a-48dd-aa8a-44a8c3878b49@group-26218CACBD25-LeaderElection22] INFO  impl.LeaderElection (LeaderElection.java:askForVotes(312)) - c0693ef0-230a-48dd-aa8a-44a8c3878b49@group-26218CACBD25-LeaderElection22 ELECTION round 0: result PASSED
2022-09-12 01:24:49,818 [c0693ef0-230a-48dd-aa8a-44a8c3878b49@group-26218CACBD25-LeaderElection22] INFO  impl.RoleInfo (RoleInfo.java:shutdownLeaderElection(130)) - c0693ef0-230a-48dd-aa8a-44a8c3878b49: shutdown c0693ef0-230a-48dd-aa8a-44a8c3878b49@group-26218CACBD25-LeaderElection22
2022-09-12 01:24:49,819 [c0693ef0-230a-48dd-aa8a-44a8c3878b49@group-26218CACBD25-LeaderElection22] INFO  server.RaftServer$Division (RaftServerImpl.java:setRole(299)) - c0693ef0-230a-48dd-aa8a-44a8c3878b49@group-26218CACBD25: changes role from CANDIDATE to LEADER at term 2 for changeToLeader
2022-09-12 01:24:49,819 [c0693ef0-230a-48dd-aa8a-44a8c3878b49@group-26218CACBD25-LeaderElection22] INFO  ratis.XceiverServerRatis (XceiverServerRatis.java:handleLeaderChangedNotification(863)) - Leader change notification received for group: group-26218CACBD25 with new leaderId: c0693ef0-230a-48dd-aa8a-44a8c3878b49
2022-09-12 01:24:49,819 [c0693ef0-230a-48dd-aa8a-44a8c3878b49@group-26218CACBD25-LeaderElection22] INFO  server.RaftServer$Division (ServerState.java:setLeader(287)) - c0693ef0-230a-48dd-aa8a-44a8c3878b49@group-26218CACBD25: change Leader from null to c0693ef0-230a-48dd-aa8a-44a8c3878b49 at term 2 for becomeLeader, leader elected after 10236ms
2022-09-12 01:24:49,819 [c0693ef0-230a-48dd-aa8a-44a8c3878b49@group-26218CACBD25-LeaderElection22] INFO  server.RaftServerConfigKeys (ConfUtils.java:logGet(46)) - raft.server.staging.catchup.gap = 1000 (default)
2022-09-12 01:24:49,819 [c0693ef0-230a-48dd-aa8a-44a8c3878b49@group-26218CACBD25-LeaderElection22] INFO  server.RaftServerConfigKeys (ConfUtils.java:logGet(46)) - raft.server.write.element-limit = 1024 (custom)
2022-09-12 01:24:49,819 [c0693ef0-230a-48dd-aa8a-44a8c3878b49@group-26218CACBD25-LeaderElection22] INFO  server.RaftServerConfigKeys (ConfUtils.java:logGet(46)) - raft.server.write.byte-limit = 1024 M (=1073741824) (custom)
2022-09-12 01:24:49,819 [c0693ef0-230a-48dd-aa8a-44a8c3878b49@group-26218CACBD25-LeaderElection22] INFO  server.RaftServerConfigKeys (ConfUtils.java:logGet(46)) - raft.server.watch.timeout = 180s (custom)
2022-09-12 01:24:49,819 [c0693ef0-230a-48dd-aa8a-44a8c3878b49@group-26218CACBD25-LeaderElection22] INFO  server.RaftServerConfigKeys (ConfUtils.java:logGet(46)) - raft.server.watch.timeout.denomination = 1s (default)
2022-09-12 01:24:49,819 [c0693ef0-230a-48dd-aa8a-44a8c3878b49@group-26218CACBD25-LeaderElection22] INFO  server.RaftServerConfigKeys (ConfUtils.java:logGet(46)) - raft.server.watch.element-limit = 65536 (default)
2022-09-12 01:24:49,819 [c0693ef0-230a-48dd-aa8a-44a8c3878b49@group-26218CACBD25-LeaderElection22] INFO  server.RaftServerConfigKeys (ConfUtils.java:logGet(46)) - raft.server.write.element-limit = 1024 (custom)
2022-09-12 01:24:49,819 [c0693ef0-230a-48dd-aa8a-44a8c3878b49@group-26218CACBD25-LeaderElection22] INFO  server.RaftServerConfigKeys (ConfUtils.java:logGet(46)) - raft.server.write.follower.gap.ratio.max = -1.0 (default)
2022-09-12 01:24:49,820 [c0693ef0-230a-48dd-aa8a-44a8c3878b49@group-26218CACBD25-LeaderElection22] INFO  server.RaftServerConfigKeys (ConfUtils.java:logGet(46)) - raft.server.log.appender.snapshot.chunk.size.max = 16MB (=16777216) (default)
2022-09-12 01:24:49,820 [c0693ef0-230a-48dd-aa8a-44a8c3878b49@group-26218CACBD25-LeaderElection22] INFO  server.RaftServerConfigKeys (ConfUtils.java:logGet(46)) - raft.server.log.appender.buffer.byte-limit = 33554432 (custom)
2022-09-12 01:24:49,820 [c0693ef0-230a-48dd-aa8a-44a8c3878b49@group-26218CACBD25-LeaderElection22] INFO  server.RaftServerConfigKeys (ConfUtils.java:logGet(46)) - raft.server.log.appender.buffer.element-limit = 1 (custom)
2022-09-12 01:24:49,820 [c0693ef0-230a-48dd-aa8a-44a8c3878b49@group-26218CACBD25-LeaderElection22] INFO  grpc.GrpcConfigKeys (ConfUtils.java:logGet(46)) - raft.grpc.server.leader.outstanding.appends.max = 128 (default)
2022-09-12 01:24:49,820 [c0693ef0-230a-48dd-aa8a-44a8c3878b49@group-26218CACBD25-LeaderElection22] INFO  server.RaftServerConfigKeys (ConfUtils.java:logGet(46)) - raft.server.rpc.request.timeout = 60s (custom)
2022-09-12 01:24:49,820 [c0693ef0-230a-48dd-aa8a-44a8c3878b49@group-26218CACBD25-LeaderElection22] INFO  server.RaftServerConfigKeys (ConfUtils.java:logGet(46)) - raft.server.log.appender.install.snapshot.enabled = false (custom)
2022-09-12 01:24:49,821 [c0693ef0-230a-48dd-aa8a-44a8c3878b49@group-26218CACBD25-LeaderElection22] INFO  server.RaftServerConfigKeys (ConfUtils.java:logGet(46)) - raft.server.log.appender.snapshot.chunk.size.max = 16MB (=16777216) (default)
2022-09-12 01:24:49,821 [c0693ef0-230a-48dd-aa8a-44a8c3878b49@group-26218CACBD25-LeaderElection22] INFO  server.RaftServerConfigKeys (ConfUtils.java:logGet(46)) - raft.server.log.appender.buffer.byte-limit = 33554432 (custom)
2022-09-12 01:24:49,821 [c0693ef0-230a-48dd-aa8a-44a8c3878b49@group-26218CACBD25-LeaderElection22] INFO  server.RaftServerConfigKeys (ConfUtils.java:logGet(46)) - raft.server.log.appender.buffer.element-limit = 1 (custom)
2022-09-12 01:24:49,821 [c0693ef0-230a-48dd-aa8a-44a8c3878b49@group-26218CACBD25-LeaderElection22] INFO  grpc.GrpcConfigKeys (ConfUtils.java:logGet(46)) - raft.grpc.server.leader.outstanding.appends.max = 128 (default)
2022-09-12 01:24:49,821 [c0693ef0-230a-48dd-aa8a-44a8c3878b49@group-26218CACBD25-LeaderElection22] INFO  server.RaftServerConfigKeys (ConfUtils.java:logGet(46)) - raft.server.rpc.request.timeout = 60s (custom)
2022-09-12 01:24:49,821 [c0693ef0-230a-48dd-aa8a-44a8c3878b49@group-26218CACBD25-LeaderElection22] INFO  server.RaftServerConfigKeys (ConfUtils.java:logGet(46)) - raft.server.log.appender.install.snapshot.enabled = false (custom)
2022-09-12 01:24:49,821 [c0693ef0-230a-48dd-aa8a-44a8c3878b49@group-26218CACBD25-LeaderElection22] INFO  impl.RoleInfo (RoleInfo.java:updateAndGet(139)) - c0693ef0-230a-48dd-aa8a-44a8c3878b49: start c0693ef0-230a-48dd-aa8a-44a8c3878b49@group-26218CACBD25-LeaderStateImpl
2022-09-12 01:24:49,821 [c0693ef0-230a-48dd-aa8a-44a8c3878b49@group-26218CACBD25-LeaderElection22] INFO  segmented.SegmentedRaftLogWorker (SegmentedRaftLogWorker.java:startLogSegment(425)) - c0693ef0-230a-48dd-aa8a-44a8c3878b49@group-26218CACBD25-SegmentedRaftLogWorker: Starting segment from index:0
2022-09-12 01:24:49,822 [c0693ef0-230a-48dd-aa8a-44a8c3878b49@group-26218CACBD25-SegmentedRaftLogWorker] INFO  segmented.SegmentedRaftLogWorker (SegmentedRaftLogWorker.java:execute(629)) - c0693ef0-230a-48dd-aa8a-44a8c3878b49@group-26218CACBD25-SegmentedRaftLogWorker: created new log segment /home/runner/work/ozone/ozone/hadoop-ozone/integration-test/target/test-dir/MiniOzoneClusterImpl-cb4dd006-d395-492a-b682-c2bfe535b5e8/datanode-1/data/ratis/e06de977-4479-41a0-a697-26218cacbd25/current/log_inprogress_0
2022-09-12 01:24:49,837 [grpc-default-executor-4] INFO  server.RaftServer$Division (RaftServerImpl.java:requestVote(1152)) - 03e900db-606d-4788-a076-61e9663ea76b@group-26218CACBD25: receive requestVote(ELECTION, c0693ef0-230a-48dd-aa8a-44a8c3878b49, group-26218CACBD25, 2, (t:0, i:0))
2022-09-12 01:24:49,837 [grpc-default-executor-4] INFO  impl.VoteContext (VoteContext.java:log(48)) - 03e900db-606d-4788-a076-61e9663ea76b@group-26218CACBD25-FOLLOWER: accept ELECTION from c0693ef0-230a-48dd-aa8a-44a8c3878b49: our priority 0 <= candidate's priority 1
2022-09-12 01:24:49,838 [grpc-default-executor-4] INFO  server.RaftServer$Division (RaftServerImpl.java:setRole(299)) - 03e900db-606d-4788-a076-61e9663ea76b@group-26218CACBD25: changes role from  FOLLOWER to FOLLOWER at term 2 for candidate:c0693ef0-230a-48dd-aa8a-44a8c3878b49
2022-09-12 01:24:49,838 [grpc-default-executor-4] INFO  impl.RoleInfo (RoleInfo.java:shutdownFollowerState(110)) - 03e900db-606d-4788-a076-61e9663ea76b: shutdown 03e900db-606d-4788-a076-61e9663ea76b@group-26218CACBD25-FollowerState
2022-09-12 01:24:49,838 [grpc-default-executor-4] INFO  impl.RoleInfo (RoleInfo.java:updateAndGet(139)) - 03e900db-606d-4788-a076-61e9663ea76b: start 03e900db-606d-4788-a076-61e9663ea76b@group-26218CACBD25-FollowerState
2022-09-12 01:24:49,838 [03e900db-606d-4788-a076-61e9663ea76b@group-26218CACBD25-FollowerState] INFO  impl.FollowerState (FollowerState.java:run(152)) - 03e900db-606d-4788-a076-61e9663ea76b@group-26218CACBD25-FollowerState was interrupted
2022-09-12 01:24:49,830 [c0693ef0-230a-48dd-aa8a-44a8c3878b49@group-26218CACBD25-LeaderElection22] INFO  server.RaftServer$Division (ServerState.java:setRaftConf(393)) - c0693ef0-230a-48dd-aa8a-44a8c3878b49@group-26218CACBD25: set configuration 0: [74f1d438-0997-4634-9c34-91afcc4dae77|rpc:127.0.0.1:37869|dataStream:|priority:0, c0693ef0-230a-48dd-aa8a-44a8c3878b49|rpc:127.0.0.1:39373|dataStream:|priority:1, 03e900db-606d-4788-a076-61e9663ea76b|rpc:127.0.0.1:33425|dataStream:|priority:0], old=null
2022-09-12 01:24:49,824 [EventQueue-PipelineReportForPipelineReportHandler] INFO  pipeline.PipelineManagerImpl (PipelineManagerImpl.java:openPipeline(367)) - Pipeline Pipeline[ Id: e06de977-4479-41a0-a697-26218cacbd25, Nodes: c0693ef0-230a-48dd-aa8a-44a8c3878b49{ip: 127.0.0.1, host: localhost, ports: [REPLICATION=33309, RATIS=39373, RATIS_ADMIN=39373, RATIS_SERVER=39373, STANDALONE=40657], networkLocation: /default-rack, certSerialId: null, persistedOpState: IN_SERVICE, persistedOpStateExpiryEpochSec: 0}74f1d438-0997-4634-9c34-91afcc4dae77{ip: 127.0.0.1, host: localhost, ports: [REPLICATION=37855, RATIS=37869, RATIS_ADMIN=37869, RATIS_SERVER=37869, STANDALONE=36375], networkLocation: /default-rack, certSerialId: null, persistedOpState: IN_SERVICE, persistedOpStateExpiryEpochSec: 0}03e900db-606d-4788-a076-61e9663ea76b{ip: 127.0.0.1, host: localhost, ports: [REPLICATION=37273, RATIS=33425, RATIS_ADMIN=33425, RATIS_SERVER=33425, STANDALONE=42069], networkLocation: /default-rack, certSerialId: null, persistedOpState: IN_SERVICE, persistedOpStateExpiryEpochSec: 0}, ReplicationConfig: RATIS/THREE, State:ALLOCATED, leaderId:c0693ef0-230a-48dd-aa8a-44a8c3878b49, CreationTimestamp2022-09-12T01:24:37.889Z[Etc/UTC]] moved to OPEN state
2022-09-12 01:24:49,823 [EventQueue-OpenPipelineForHealthyPipelineSafeModeRule] INFO  safemode.SCMSafeModeManager (HealthyPipelineSafeModeRule.java:process(137)) - SCM in safe mode. Healthy pipelines reported count is 0, required healthy pipeline reported count is 1
2022-09-12 01:24:49,842 [8e599114-682f-40f9-8544-01c79a4548da@group-C2BFE535B5E8-StateMachineUpdater] INFO  safemode.HealthyPipelineSafeModeRule (HealthyPipelineSafeModeRule.java:initializeRule(165)) - Refreshed total pipeline count is 1, healthy pipeline threshold count is 1
2022-09-12 01:24:49,849 [grpc-default-executor-4] INFO  server.RaftServer$Division (RaftServerImpl.java:requestVote(1184)) - 03e900db-606d-4788-a076-61e9663ea76b@group-26218CACBD25 replies to ELECTION vote request: c0693ef0-230a-48dd-aa8a-44a8c3878b49<-03e900db-606d-4788-a076-61e9663ea76b#0:OK-t2. Peer's state: 03e900db-606d-4788-a076-61e9663ea76b@group-26218CACBD25:t2, leader=null, voted=c0693ef0-230a-48dd-aa8a-44a8c3878b49, raftlog=03e900db-606d-4788-a076-61e9663ea76b@group-26218CACBD25-SegmentedRaftLog:OPENED:c-1, conf=-1: [74f1d438-0997-4634-9c34-91afcc4dae77|rpc:127.0.0.1:37869|dataStream:|priority:0, c0693ef0-230a-48dd-aa8a-44a8c3878b49|rpc:127.0.0.1:39373|dataStream:|priority:1, 03e900db-606d-4788-a076-61e9663ea76b|rpc:127.0.0.1:33425|dataStream:|priority:0], old=null
2022-09-12 01:24:49,873 [EventQueue-OpenPipelineForHealthyPipelineSafeModeRule] INFO  safemode.SCMSafeModeManager (HealthyPipelineSafeModeRule.java:process(137)) - SCM in safe mode. Healthy pipelines reported count is 1, required healthy pipeline reported count is 1
2022-09-12 01:24:49,873 [EventQueue-OpenPipelineForHealthyPipelineSafeModeRule] INFO  safemode.SCMSafeModeManager (SCMSafeModeManager.java:validateSafeModeExitRules(204)) - HealthyPipelineSafeModeRule rule is successfully validated
2022-09-12 01:24:49,873 [EventQueue-OpenPipelineForHealthyPipelineSafeModeRule] INFO  safemode.SCMSafeModeManager (SCMSafeModeManager.java:validateSafeModeExitRules(219)) - ScmSafeModeManager, all rules are successfully validated
2022-09-12 01:24:49,873 [EventQueue-OpenPipelineForHealthyPipelineSafeModeRule] INFO  safemode.SCMSafeModeManager (SCMSafeModeManager.java:exitSafeMode(248)) - SCM exiting safe mode.
2022-09-12 01:24:49,873 [EventQueue-OpenPipelineForHealthyPipelineSafeModeRule] WARN  events.EventQueue (EventQueue.java:fireEvent(216)) - No event handler registered for event TypedEvent{payloadType=SafeModeStatus, name='Safe mode status'}
2022-09-12 01:24:49,873 [EventQueue-OpenPipelineForHealthyPipelineSafeModeRule] INFO  ha.SCMContext (SCMContext.java:updateSafeModeStatus(228)) - Update SafeModeStatus from SafeModeStatus{safeModeStatus=true, preCheckPassed=true} to SafeModeStatus{safeModeStatus=false, preCheckPassed=true}.
2022-09-12 01:24:49,873 [EventQueue-OpenPipelineForHealthyPipelineSafeModeRule] INFO  BackgroundPipelineScrubber (BackgroundSCMService.java:notifyStatusChanged(82)) - Service BackgroundPipelineScrubber transitions to RUNNING.
2022-09-12 01:24:49,873 [EventQueue-OpenPipelineForHealthyPipelineSafeModeRule] INFO  ExpiredContainerReplicaOpScrubber (BackgroundSCMService.java:notifyStatusChanged(82)) - Service ExpiredContainerReplicaOpScrubber transitions to RUNNING.
2022-09-12 01:24:49,873 [EventQueue-OpenPipelineForHealthyPipelineSafeModeRule] INFO  replication.ReplicationManager (ReplicationManager.java:notifyStatusChanged(793)) - Service ReplicationManager transitions to RUNNING.
2022-09-12 01:24:49,874 [EventQueue-OpenPipelineForHealthyPipelineSafeModeRule] WARN  balancer.ContainerBalancer (ContainerBalancer.java:shouldRun(925)) - Could not find persisted configuration for ContainerBalancer when checking if ContainerBalancer should run. ContainerBalancer should not run now.
2022-09-12 01:24:49,888 [03e900db-606d-4788-a076-61e9663ea76b-server-thread1] INFO  ratis.XceiverServerRatis (XceiverServerRatis.java:handleLeaderChangedNotification(863)) - Leader change notification received for group: group-26218CACBD25 with new leaderId: c0693ef0-230a-48dd-aa8a-44a8c3878b49
2022-09-12 01:24:49,893 [03e900db-606d-4788-a076-61e9663ea76b-server-thread1] INFO  server.RaftServer$Division (ServerState.java:setLeader(287)) - 03e900db-606d-4788-a076-61e9663ea76b@group-26218CACBD25: change Leader from null to c0693ef0-230a-48dd-aa8a-44a8c3878b49 at term 2 for appendEntries, leader elected after 10165ms
2022-09-12 01:24:49,900 [03e900db-606d-4788-a076-61e9663ea76b-server-thread1] INFO  server.RaftServer$Division (ServerState.java:setRaftConf(393)) - 03e900db-606d-4788-a076-61e9663ea76b@group-26218CACBD25: set configuration 0: [74f1d438-0997-4634-9c34-91afcc4dae77|rpc:127.0.0.1:37869|dataStream:|priority:0, c0693ef0-230a-48dd-aa8a-44a8c3878b49|rpc:127.0.0.1:39373|dataStream:|priority:1, 03e900db-606d-4788-a076-61e9663ea76b|rpc:127.0.0.1:33425|dataStream:|priority:0], old=null
2022-09-12 01:24:49,901 [03e900db-606d-4788-a076-61e9663ea76b-server-thread1] INFO  segmented.SegmentedRaftLogWorker (SegmentedRaftLogWorker.java:startLogSegment(425)) - 03e900db-606d-4788-a076-61e9663ea76b@group-26218CACBD25-SegmentedRaftLogWorker: Starting segment from index:0
2022-09-12 01:24:49,902 [03e900db-606d-4788-a076-61e9663ea76b@group-26218CACBD25-SegmentedRaftLogWorker] INFO  segmented.SegmentedRaftLogWorker (SegmentedRaftLogWorker.java:execute(629)) - 03e900db-606d-4788-a076-61e9663ea76b@group-26218CACBD25-SegmentedRaftLogWorker: created new log segment /home/runner/work/ozone/ozone/hadoop-ozone/integration-test/target/test-dir/MiniOzoneClusterImpl-cb4dd006-d395-492a-b682-c2bfe535b5e8/datanode-2/data/ratis/e06de977-4479-41a0-a697-26218cacbd25/current/log_inprogress_0
2022-09-12 01:24:49,908 [74f1d438-0997-4634-9c34-91afcc4dae77-server-thread1] INFO  ratis.XceiverServerRatis (XceiverServerRatis.java:handleLeaderChangedNotification(863)) - Leader change notification received for group: group-26218CACBD25 with new leaderId: c0693ef0-230a-48dd-aa8a-44a8c3878b49
2022-09-12 01:24:49,909 [74f1d438-0997-4634-9c34-91afcc4dae77-server-thread1] INFO  server.RaftServer$Division (ServerState.java:setLeader(287)) - 74f1d438-0997-4634-9c34-91afcc4dae77@group-26218CACBD25: change Leader from null to c0693ef0-230a-48dd-aa8a-44a8c3878b49 at term 2 for appendEntries, leader elected after 10411ms
2022-09-12 01:24:49,929 [74f1d438-0997-4634-9c34-91afcc4dae77-server-thread1] INFO  server.RaftServer$Division (ServerState.java:setRaftConf(393)) - 74f1d438-0997-4634-9c34-91afcc4dae77@group-26218CACBD25: set configuration 0: [74f1d438-0997-4634-9c34-91afcc4dae77|rpc:127.0.0.1:37869|dataStream:|priority:0, c0693ef0-230a-48dd-aa8a-44a8c3878b49|rpc:127.0.0.1:39373|dataStream:|priority:1, 03e900db-606d-4788-a076-61e9663ea76b|rpc:127.0.0.1:33425|dataStream:|priority:0], old=null
2022-09-12 01:24:49,930 [74f1d438-0997-4634-9c34-91afcc4dae77-server-thread1] INFO  segmented.SegmentedRaftLogWorker (SegmentedRaftLogWorker.java:startLogSegment(425)) - 74f1d438-0997-4634-9c34-91afcc4dae77@group-26218CACBD25-SegmentedRaftLogWorker: Starting segment from index:0
2022-09-12 01:24:49,931 [74f1d438-0997-4634-9c34-91afcc4dae77@group-26218CACBD25-SegmentedRaftLogWorker] INFO  segmented.SegmentedRaftLogWorker (SegmentedRaftLogWorker.java:execute(629)) - 74f1d438-0997-4634-9c34-91afcc4dae77@group-26218CACBD25-SegmentedRaftLogWorker: created new log segment /home/runner/work/ozone/ozone/hadoop-ozone/integration-test/target/test-dir/MiniOzoneClusterImpl-cb4dd006-d395-492a-b682-c2bfe535b5e8/datanode-0/data/ratis/e06de977-4479-41a0-a697-26218cacbd25/current/log_inprogress_0
2022-09-12 01:24:50,002 [74f1d438-0997-4634-9c34-91afcc4dae77@group-20B7CEE0DF6D-FollowerState] INFO  impl.FollowerState (FollowerState.java:run(143)) - 74f1d438-0997-4634-9c34-91afcc4dae77@group-20B7CEE0DF6D-FollowerState: change to CANDIDATE, lastRpcElapsedTime:5064256805ns, electionTimeout:5046ms
2022-09-12 01:24:50,002 [74f1d438-0997-4634-9c34-91afcc4dae77@group-20B7CEE0DF6D-FollowerState] INFO  impl.RoleInfo (RoleInfo.java:shutdownFollowerState(110)) - 74f1d438-0997-4634-9c34-91afcc4dae77: shutdown 74f1d438-0997-4634-9c34-91afcc4dae77@group-20B7CEE0DF6D-FollowerState
2022-09-12 01:24:50,003 [74f1d438-0997-4634-9c34-91afcc4dae77@group-20B7CEE0DF6D-FollowerState] INFO  server.RaftServer$Division (RaftServerImpl.java:setRole(299)) - 74f1d438-0997-4634-9c34-91afcc4dae77@group-20B7CEE0DF6D: changes role from  FOLLOWER to CANDIDATE at term 1 for changeToCandidate
2022-09-12 01:24:50,003 [74f1d438-0997-4634-9c34-91afcc4dae77@group-20B7CEE0DF6D-FollowerState] INFO  server.RaftServerConfigKeys (ConfUtils.java:logGet(46)) - raft.server.leaderelection.pre-vote = false (custom)
2022-09-12 01:24:50,003 [74f1d438-0997-4634-9c34-91afcc4dae77@group-20B7CEE0DF6D-FollowerState] INFO  impl.RoleInfo (RoleInfo.java:updateAndGet(139)) - 74f1d438-0997-4634-9c34-91afcc4dae77: start 74f1d438-0997-4634-9c34-91afcc4dae77@group-20B7CEE0DF6D-LeaderElection23
2022-09-12 01:24:50,029 [74f1d438-0997-4634-9c34-91afcc4dae77@group-20B7CEE0DF6D-LeaderElection23] INFO  impl.LeaderElection (LeaderElection.java:askForVotes(310)) - 74f1d438-0997-4634-9c34-91afcc4dae77@group-20B7CEE0DF6D-LeaderElection23 ELECTION round 0: submit vote requests at term 2 for -1: [74f1d438-0997-4634-9c34-91afcc4dae77|rpc:127.0.0.1:37869|priority:1, c0693ef0-230a-48dd-aa8a-44a8c3878b49|rpc:127.0.0.1:39373|priority:0, 03e900db-606d-4788-a076-61e9663ea76b|rpc:127.0.0.1:33425|priority:0], old=null
2022-09-12 01:24:50,038 [grpc-default-executor-0] INFO  server.RaftServer$Division (RaftServerImpl.java:requestVote(1152)) - c0693ef0-230a-48dd-aa8a-44a8c3878b49@group-20B7CEE0DF6D: receive requestVote(ELECTION, 74f1d438-0997-4634-9c34-91afcc4dae77, group-20B7CEE0DF6D, 2, (t:0, i:0))
2022-09-12 01:24:50,039 [grpc-default-executor-0] INFO  impl.VoteContext (VoteContext.java:log(48)) - c0693ef0-230a-48dd-aa8a-44a8c3878b49@group-20B7CEE0DF6D-FOLLOWER: accept ELECTION from 74f1d438-0997-4634-9c34-91afcc4dae77: our priority 0 <= candidate's priority 1
2022-09-12 01:24:50,039 [grpc-default-executor-0] INFO  server.RaftServer$Division (RaftServerImpl.java:setRole(299)) - c0693ef0-230a-48dd-aa8a-44a8c3878b49@group-20B7CEE0DF6D: changes role from  FOLLOWER to FOLLOWER at term 2 for candidate:74f1d438-0997-4634-9c34-91afcc4dae77
2022-09-12 01:24:50,039 [grpc-default-executor-0] INFO  impl.RoleInfo (RoleInfo.java:shutdownFollowerState(110)) - c0693ef0-230a-48dd-aa8a-44a8c3878b49: shutdown c0693ef0-230a-48dd-aa8a-44a8c3878b49@group-20B7CEE0DF6D-FollowerState
2022-09-12 01:24:50,039 [grpc-default-executor-0] INFO  impl.RoleInfo (RoleInfo.java:updateAndGet(139)) - c0693ef0-230a-48dd-aa8a-44a8c3878b49: start c0693ef0-230a-48dd-aa8a-44a8c3878b49@group-20B7CEE0DF6D-FollowerState
2022-09-12 01:24:50,039 [c0693ef0-230a-48dd-aa8a-44a8c3878b49@group-20B7CEE0DF6D-FollowerState] INFO  impl.FollowerState (FollowerState.java:run(152)) - c0693ef0-230a-48dd-aa8a-44a8c3878b49@group-20B7CEE0DF6D-FollowerState was interrupted
2022-09-12 01:24:50,045 [grpc-default-executor-0] INFO  server.RaftServer$Division (RaftServerImpl.java:requestVote(1184)) - c0693ef0-230a-48dd-aa8a-44a8c3878b49@group-20B7CEE0DF6D replies to ELECTION vote request: 74f1d438-0997-4634-9c34-91afcc4dae77<-c0693ef0-230a-48dd-aa8a-44a8c3878b49#0:OK-t2. Peer's state: c0693ef0-230a-48dd-aa8a-44a8c3878b49@group-20B7CEE0DF6D:t2, leader=null, voted=74f1d438-0997-4634-9c34-91afcc4dae77, raftlog=c0693ef0-230a-48dd-aa8a-44a8c3878b49@group-20B7CEE0DF6D-SegmentedRaftLog:OPENED:c-1, conf=-1: [74f1d438-0997-4634-9c34-91afcc4dae77|rpc:127.0.0.1:37869|dataStream:|priority:1, c0693ef0-230a-48dd-aa8a-44a8c3878b49|rpc:127.0.0.1:39373|dataStream:|priority:0, 03e900db-606d-4788-a076-61e9663ea76b|rpc:127.0.0.1:33425|dataStream:|priority:0], old=null
2022-09-12 01:24:50,047 [74f1d438-0997-4634-9c34-91afcc4dae77@group-20B7CEE0DF6D-LeaderElection23] INFO  impl.LeaderElection (LeaderElection.java:logAndReturn(90)) - 74f1d438-0997-4634-9c34-91afcc4dae77@group-20B7CEE0DF6D-LeaderElection23: ELECTION PASSED received 1 response(s) and 0 exception(s):
2022-09-12 01:24:50,047 [74f1d438-0997-4634-9c34-91afcc4dae77@group-20B7CEE0DF6D-LeaderElection23] INFO  impl.LeaderElection (LeaderElection.java:logAndReturn(94)) -   Response 0: 74f1d438-0997-4634-9c34-91afcc4dae77<-c0693ef0-230a-48dd-aa8a-44a8c3878b49#0:OK-t2
2022-09-12 01:24:50,047 [74f1d438-0997-4634-9c34-91afcc4dae77@group-20B7CEE0DF6D-LeaderElection23] INFO  impl.LeaderElection (LeaderElection.java:askForVotes(312)) - 74f1d438-0997-4634-9c34-91afcc4dae77@group-20B7CEE0DF6D-LeaderElection23 ELECTION round 0: result PASSED
2022-09-12 01:24:50,047 [74f1d438-0997-4634-9c34-91afcc4dae77@group-20B7CEE0DF6D-LeaderElection23] INFO  impl.RoleInfo (RoleInfo.java:shutdownLeaderElection(130)) - 74f1d438-0997-4634-9c34-91afcc4dae77: shutdown 74f1d438-0997-4634-9c34-91afcc4dae77@group-20B7CEE0DF6D-LeaderElection23
2022-09-12 01:24:50,047 [74f1d438-0997-4634-9c34-91afcc4dae77@group-20B7CEE0DF6D-LeaderElection23] INFO  server.RaftServer$Division (RaftServerImpl.java:setRole(299)) - 74f1d438-0997-4634-9c34-91afcc4dae77@group-20B7CEE0DF6D: changes role from CANDIDATE to LEADER at term 2 for changeToLeader
2022-09-12 01:24:50,047 [74f1d438-0997-4634-9c34-91afcc4dae77@group-20B7CEE0DF6D-LeaderElection23] INFO  ratis.XceiverServerRatis (XceiverServerRatis.java:handleLeaderChangedNotification(863)) - Leader change notification received for group: group-20B7CEE0DF6D with new leaderId: 74f1d438-0997-4634-9c34-91afcc4dae77
2022-09-12 01:24:50,048 [74f1d438-0997-4634-9c34-91afcc4dae77@group-20B7CEE0DF6D-LeaderElection23] INFO  server.RaftServer$Division (ServerState.java:setLeader(287)) - 74f1d438-0997-4634-9c34-91afcc4dae77@group-20B7CEE0DF6D: change Leader from null to 74f1d438-0997-4634-9c34-91afcc4dae77 at term 2 for becomeLeader, leader elected after 10248ms
2022-09-12 01:24:50,048 [74f1d438-0997-4634-9c34-91afcc4dae77@group-20B7CEE0DF6D-LeaderElection23] INFO  server.RaftServerConfigKeys (ConfUtils.java:logGet(46)) - raft.server.staging.catchup.gap = 1000 (default)
2022-09-12 01:24:50,048 [74f1d438-0997-4634-9c34-91afcc4dae77@group-20B7CEE0DF6D-LeaderElection23] INFO  server.RaftServerConfigKeys (ConfUtils.java:logGet(46)) - raft.server.write.element-limit = 1024 (custom)
2022-09-12 01:24:50,048 [74f1d438-0997-4634-9c34-91afcc4dae77@group-20B7CEE0DF6D-LeaderElection23] INFO  server.RaftServerConfigKeys (ConfUtils.java:logGet(46)) - raft.server.write.byte-limit = 1024 M (=1073741824) (custom)
2022-09-12 01:24:50,048 [74f1d438-0997-4634-9c34-91afcc4dae77@group-20B7CEE0DF6D-LeaderElection23] INFO  server.RaftServerConfigKeys (ConfUtils.java:logGet(46)) - raft.server.watch.timeout = 180s (custom)
2022-09-12 01:24:50,048 [74f1d438-0997-4634-9c34-91afcc4dae77@group-20B7CEE0DF6D-LeaderElection23] INFO  server.RaftServerConfigKeys (ConfUtils.java:logGet(46)) - raft.server.watch.timeout.denomination = 1s (default)
2022-09-12 01:24:50,048 [74f1d438-0997-4634-9c34-91afcc4dae77@group-20B7CEE0DF6D-LeaderElection23] INFO  server.RaftServerConfigKeys (ConfUtils.java:logGet(46)) - raft.server.watch.element-limit = 65536 (default)
2022-09-12 01:24:50,048 [74f1d438-0997-4634-9c34-91afcc4dae77@group-20B7CEE0DF6D-LeaderElection23] INFO  server.RaftServerConfigKeys (ConfUtils.java:logGet(46)) - raft.server.write.element-limit = 1024 (custom)
2022-09-12 01:24:50,048 [74f1d438-0997-4634-9c34-91afcc4dae77@group-20B7CEE0DF6D-LeaderElection23] INFO  server.RaftServerConfigKeys (ConfUtils.java:logGet(46)) - raft.server.write.follower.gap.ratio.max = -1.0 (default)
2022-09-12 01:24:50,049 [74f1d438-0997-4634-9c34-91afcc4dae77@group-20B7CEE0DF6D-LeaderElection23] INFO  server.RaftServerConfigKeys (ConfUtils.java:logGet(46)) - raft.server.log.appender.snapshot.chunk.size.max = 16MB (=16777216) (default)
2022-09-12 01:24:50,049 [74f1d438-0997-4634-9c34-91afcc4dae77@group-20B7CEE0DF6D-LeaderElection23] INFO  server.RaftServerConfigKeys (ConfUtils.java:logGet(46)) - raft.server.log.appender.buffer.byte-limit = 33554432 (custom)
2022-09-12 01:24:50,049 [74f1d438-0997-4634-9c34-91afcc4dae77@group-20B7CEE0DF6D-LeaderElection23] INFO  server.RaftServerConfigKeys (ConfUtils.java:logGet(46)) - raft.server.log.appender.buffer.element-limit = 1 (custom)
2022-09-12 01:24:50,049 [74f1d438-0997-4634-9c34-91afcc4dae77@group-20B7CEE0DF6D-LeaderElection23] INFO  grpc.GrpcConfigKeys (ConfUtils.java:logGet(46)) - raft.grpc.server.leader.outstanding.appends.max = 128 (default)
2022-09-12 01:24:50,049 [74f1d438-0997-4634-9c34-91afcc4dae77@group-20B7CEE0DF6D-LeaderElection23] INFO  server.RaftServerConfigKeys (ConfUtils.java:logGet(46)) - raft.server.rpc.request.timeout = 60s (custom)
2022-09-12 01:24:50,049 [74f1d438-0997-4634-9c34-91afcc4dae77@group-20B7CEE0DF6D-LeaderElection23] INFO  server.RaftServerConfigKeys (ConfUtils.java:logGet(46)) - raft.server.log.appender.install.snapshot.enabled = false (custom)
2022-09-12 01:24:50,050 [74f1d438-0997-4634-9c34-91afcc4dae77@group-20B7CEE0DF6D-LeaderElection23] INFO  server.RaftServerConfigKeys (ConfUtils.java:logGet(46)) - raft.server.log.appender.snapshot.chunk.size.max = 16MB (=16777216) (default)
2022-09-12 01:24:50,050 [74f1d438-0997-4634-9c34-91afcc4dae77@group-20B7CEE0DF6D-LeaderElection23] INFO  server.RaftServerConfigKeys (ConfUtils.java:logGet(46)) - raft.server.log.appender.buffer.byte-limit = 33554432 (custom)
2022-09-12 01:24:50,050 [74f1d438-0997-4634-9c34-91afcc4dae77@group-20B7CEE0DF6D-LeaderElection23] INFO  server.RaftServerConfigKeys (ConfUtils.java:logGet(46)) - raft.server.log.appender.buffer.element-limit = 1 (custom)
2022-09-12 01:24:50,050 [74f1d438-0997-4634-9c34-91afcc4dae77@group-20B7CEE0DF6D-LeaderElection23] INFO  grpc.GrpcConfigKeys (ConfUtils.java:logGet(46)) - raft.grpc.server.leader.outstanding.appends.max = 128 (default)
2022-09-12 01:24:50,050 [74f1d438-0997-4634-9c34-91afcc4dae77@group-20B7CEE0DF6D-LeaderElection23] INFO  server.RaftServerConfigKeys (ConfUtils.java:logGet(46)) - raft.server.rpc.request.timeout = 60s (custom)
2022-09-12 01:24:50,050 [74f1d438-0997-4634-9c34-91afcc4dae77@group-20B7CEE0DF6D-LeaderElection23] INFO  server.RaftServerConfigKeys (ConfUtils.java:logGet(46)) - raft.server.log.appender.install.snapshot.enabled = false (custom)
2022-09-12 01:24:50,050 [74f1d438-0997-4634-9c34-91afcc4dae77@group-20B7CEE0DF6D-LeaderElection23] INFO  impl.RoleInfo (RoleInfo.java:updateAndGet(139)) - 74f1d438-0997-4634-9c34-91afcc4dae77: start 74f1d438-0997-4634-9c34-91afcc4dae77@group-20B7CEE0DF6D-LeaderStateImpl
2022-09-12 01:24:50,050 [74f1d438-0997-4634-9c34-91afcc4dae77@group-20B7CEE0DF6D-LeaderElection23] INFO  segmented.SegmentedRaftLogWorker (SegmentedRaftLogWorker.java:startLogSegment(425)) - 74f1d438-0997-4634-9c34-91afcc4dae77@group-20B7CEE0DF6D-SegmentedRaftLogWorker: Starting segment from index:0
2022-09-12 01:24:50,055 [EventQueue-PipelineReportForPipelineReportHandler] INFO  pipeline.PipelineManagerImpl (PipelineManagerImpl.java:openPipeline(367)) - Pipeline Pipeline[ Id: e801544d-53ff-4a18-a75b-20b7cee0df6d, Nodes: 03e900db-606d-4788-a076-61e9663ea76b{ip: 127.0.0.1, host: localhost, ports: [REPLICATION=37273, RATIS=33425, RATIS_ADMIN=33425, RATIS_SERVER=33425, STANDALONE=42069], networkLocation: /default-rack, certSerialId: null, persistedOpState: IN_SERVICE, persistedOpStateExpiryEpochSec: 0}74f1d438-0997-4634-9c34-91afcc4dae77{ip: 127.0.0.1, host: localhost, ports: [REPLICATION=37855, RATIS=37869, RATIS_ADMIN=37869, RATIS_SERVER=37869, STANDALONE=36375], networkLocation: /default-rack, certSerialId: null, persistedOpState: IN_SERVICE, persistedOpStateExpiryEpochSec: 0}c0693ef0-230a-48dd-aa8a-44a8c3878b49{ip: 127.0.0.1, host: localhost, ports: [REPLICATION=33309, RATIS=39373, RATIS_ADMIN=39373, RATIS_SERVER=39373, STANDALONE=40657], networkLocation: /default-rack, certSerialId: null, persistedOpState: IN_SERVICE, persistedOpStateExpiryEpochSec: 0}, ReplicationConfig: RATIS/THREE, State:ALLOCATED, leaderId:74f1d438-0997-4634-9c34-91afcc4dae77, CreationTimestamp2022-09-12T01:24:37.891Z[Etc/UTC]] moved to OPEN state
2022-09-12 01:24:50,068 [grpc-default-executor-0] INFO  server.RaftServer$Division (RaftServerImpl.java:requestVote(1152)) - 03e900db-606d-4788-a076-61e9663ea76b@group-20B7CEE0DF6D: receive requestVote(ELECTION, 74f1d438-0997-4634-9c34-91afcc4dae77, group-20B7CEE0DF6D, 2, (t:0, i:0))
2022-09-12 01:24:50,058 [74f1d438-0997-4634-9c34-91afcc4dae77@group-20B7CEE0DF6D-SegmentedRaftLogWorker] INFO  segmented.SegmentedRaftLogWorker (SegmentedRaftLogWorker.java:execute(629)) - 74f1d438-0997-4634-9c34-91afcc4dae77@group-20B7CEE0DF6D-SegmentedRaftLogWorker: created new log segment /home/runner/work/ozone/ozone/hadoop-ozone/integration-test/target/test-dir/MiniOzoneClusterImpl-cb4dd006-d395-492a-b682-c2bfe535b5e8/datanode-0/data/ratis/e801544d-53ff-4a18-a75b-20b7cee0df6d/current/log_inprogress_0
2022-09-12 01:24:50,069 [grpc-default-executor-0] INFO  impl.VoteContext (VoteContext.java:log(48)) - 03e900db-606d-4788-a076-61e9663ea76b@group-20B7CEE0DF6D-FOLLOWER: accept ELECTION from 74f1d438-0997-4634-9c34-91afcc4dae77: our priority 0 <= candidate's priority 1
2022-09-12 01:24:50,069 [grpc-default-executor-0] INFO  server.RaftServer$Division (RaftServerImpl.java:setRole(299)) - 03e900db-606d-4788-a076-61e9663ea76b@group-20B7CEE0DF6D: changes role from  FOLLOWER to FOLLOWER at term 2 for candidate:74f1d438-0997-4634-9c34-91afcc4dae77
2022-09-12 01:24:50,069 [grpc-default-executor-0] INFO  impl.RoleInfo (RoleInfo.java:shutdownFollowerState(110)) - 03e900db-606d-4788-a076-61e9663ea76b: shutdown 03e900db-606d-4788-a076-61e9663ea76b@group-20B7CEE0DF6D-FollowerState
2022-09-12 01:24:50,069 [grpc-default-executor-0] INFO  impl.RoleInfo (RoleInfo.java:updateAndGet(139)) - 03e900db-606d-4788-a076-61e9663ea76b: start 03e900db-606d-4788-a076-61e9663ea76b@group-20B7CEE0DF6D-FollowerState
2022-09-12 01:24:50,069 [03e900db-606d-4788-a076-61e9663ea76b@group-20B7CEE0DF6D-FollowerState] INFO  impl.FollowerState (FollowerState.java:run(152)) - 03e900db-606d-4788-a076-61e9663ea76b@group-20B7CEE0DF6D-FollowerState was interrupted
2022-09-12 01:24:50,075 [grpc-default-executor-0] INFO  server.RaftServer$Division (RaftServerImpl.java:requestVote(1184)) - 03e900db-606d-4788-a076-61e9663ea76b@group-20B7CEE0DF6D replies to ELECTION vote request: 74f1d438-0997-4634-9c34-91afcc4dae77<-03e900db-606d-4788-a076-61e9663ea76b#0:OK-t2. Peer's state: 03e900db-606d-4788-a076-61e9663ea76b@group-20B7CEE0DF6D:t2, leader=null, voted=74f1d438-0997-4634-9c34-91afcc4dae77, raftlog=03e900db-606d-4788-a076-61e9663ea76b@group-20B7CEE0DF6D-SegmentedRaftLog:OPENED:c-1, conf=-1: [74f1d438-0997-4634-9c34-91afcc4dae77|rpc:127.0.0.1:37869|dataStream:|priority:1, c0693ef0-230a-48dd-aa8a-44a8c3878b49|rpc:127.0.0.1:39373|dataStream:|priority:0, 03e900db-606d-4788-a076-61e9663ea76b|rpc:127.0.0.1:33425|dataStream:|priority:0], old=null
2022-09-12 01:24:50,077 [74f1d438-0997-4634-9c34-91afcc4dae77@group-20B7CEE0DF6D-LeaderElection23] INFO  server.RaftServer$Division (ServerState.java:setRaftConf(393)) - 74f1d438-0997-4634-9c34-91afcc4dae77@group-20B7CEE0DF6D: set configuration 0: [74f1d438-0997-4634-9c34-91afcc4dae77|rpc:127.0.0.1:37869|dataStream:|priority:1, c0693ef0-230a-48dd-aa8a-44a8c3878b49|rpc:127.0.0.1:39373|dataStream:|priority:0, 03e900db-606d-4788-a076-61e9663ea76b|rpc:127.0.0.1:33425|dataStream:|priority:0], old=null
2022-09-12 01:24:50,082 [c0693ef0-230a-48dd-aa8a-44a8c3878b49-server-thread1] INFO  ratis.XceiverServerRatis (XceiverServerRatis.java:handleLeaderChangedNotification(863)) - Leader change notification received for group: group-20B7CEE0DF6D with new leaderId: 74f1d438-0997-4634-9c34-91afcc4dae77
2022-09-12 01:24:50,082 [c0693ef0-230a-48dd-aa8a-44a8c3878b49-server-thread1] INFO  server.RaftServer$Division (ServerState.java:setLeader(287)) - c0693ef0-230a-48dd-aa8a-44a8c3878b49@group-20B7CEE0DF6D: change Leader from null to 74f1d438-0997-4634-9c34-91afcc4dae77 at term 2 for appendEntries, leader elected after 10169ms
2022-09-12 01:24:50,082 [03e900db-606d-4788-a076-61e9663ea76b-server-thread1] INFO  ratis.XceiverServerRatis (XceiverServerRatis.java:handleLeaderChangedNotification(863)) - Leader change notification received for group: group-20B7CEE0DF6D with new leaderId: 74f1d438-0997-4634-9c34-91afcc4dae77
2022-09-12 01:24:50,086 [03e900db-606d-4788-a076-61e9663ea76b-server-thread1] INFO  server.RaftServer$Division (ServerState.java:setLeader(287)) - 03e900db-606d-4788-a076-61e9663ea76b@group-20B7CEE0DF6D: change Leader from null to 74f1d438-0997-4634-9c34-91afcc4dae77 at term 2 for appendEntries, leader elected after 10242ms
2022-09-12 01:24:50,099 [c0693ef0-230a-48dd-aa8a-44a8c3878b49-server-thread2] INFO  server.RaftServer$Division (ServerState.java:setRaftConf(393)) - c0693ef0-230a-48dd-aa8a-44a8c3878b49@group-20B7CEE0DF6D: set configuration 0: [74f1d438-0997-4634-9c34-91afcc4dae77|rpc:127.0.0.1:37869|dataStream:|priority:1, c0693ef0-230a-48dd-aa8a-44a8c3878b49|rpc:127.0.0.1:39373|dataStream:|priority:0, 03e900db-606d-4788-a076-61e9663ea76b|rpc:127.0.0.1:33425|dataStream:|priority:0], old=null
2022-09-12 01:24:50,100 [c0693ef0-230a-48dd-aa8a-44a8c3878b49-server-thread2] INFO  segmented.SegmentedRaftLogWorker (SegmentedRaftLogWorker.java:startLogSegment(425)) - c0693ef0-230a-48dd-aa8a-44a8c3878b49@group-20B7CEE0DF6D-SegmentedRaftLogWorker: Starting segment from index:0
2022-09-12 01:24:50,100 [03e900db-606d-4788-a076-61e9663ea76b-server-thread1] INFO  server.RaftServer$Division (ServerState.java:setRaftConf(393)) - 03e900db-606d-4788-a076-61e9663ea76b@group-20B7CEE0DF6D: set configuration 0: [74f1d438-0997-4634-9c34-91afcc4dae77|rpc:127.0.0.1:37869|dataStream:|priority:1, c0693ef0-230a-48dd-aa8a-44a8c3878b49|rpc:127.0.0.1:39373|dataStream:|priority:0, 03e900db-606d-4788-a076-61e9663ea76b|rpc:127.0.0.1:33425|dataStream:|priority:0], old=null
2022-09-12 01:24:50,100 [03e900db-606d-4788-a076-61e9663ea76b-server-thread1] INFO  segmented.SegmentedRaftLogWorker (SegmentedRaftLogWorker.java:startLogSegment(425)) - 03e900db-606d-4788-a076-61e9663ea76b@group-20B7CEE0DF6D-SegmentedRaftLogWorker: Starting segment from index:0
2022-09-12 01:24:50,102 [03e900db-606d-4788-a076-61e9663ea76b@group-20B7CEE0DF6D-SegmentedRaftLogWorker] INFO  segmented.SegmentedRaftLogWorker (SegmentedRaftLogWorker.java:execute(629)) - 03e900db-606d-4788-a076-61e9663ea76b@group-20B7CEE0DF6D-SegmentedRaftLogWorker: created new log segment /home/runner/work/ozone/ozone/hadoop-ozone/integration-test/target/test-dir/MiniOzoneClusterImpl-cb4dd006-d395-492a-b682-c2bfe535b5e8/datanode-2/data/ratis/e801544d-53ff-4a18-a75b-20b7cee0df6d/current/log_inprogress_0
2022-09-12 01:24:50,102 [c0693ef0-230a-48dd-aa8a-44a8c3878b49@group-20B7CEE0DF6D-SegmentedRaftLogWorker] INFO  segmented.SegmentedRaftLogWorker (SegmentedRaftLogWorker.java:execute(629)) - c0693ef0-230a-48dd-aa8a-44a8c3878b49@group-20B7CEE0DF6D-SegmentedRaftLogWorker: created new log segment /home/runner/work/ozone/ozone/hadoop-ozone/integration-test/target/test-dir/MiniOzoneClusterImpl-cb4dd006-d395-492a-b682-c2bfe535b5e8/datanode-1/data/ratis/e801544d-53ff-4a18-a75b-20b7cee0df6d/current/log_inprogress_0
2022-09-12 01:24:50,780 [EndpointStateMachine task thread for /127.0.0.1:40693 - 0 ] INFO  ipc.Client (Client.java:handleConnectionFailure(977)) - Retrying connect to server: localhost/127.0.0.1:40693. Already tried 10 time(s); retry policy is RetryUpToMaximumCountWithFixedSleep(maxRetries=15, sleepTime=1000 MILLISECONDS)
2022-09-12 01:24:50,796 [Listener at 127.0.0.1/35417] INFO  ozone.MiniOzoneClusterImpl (MiniOzoneClusterImpl.java:lambda$waitForClusterToBeReady$0(216)) - Nodes are ready. Got 3 of 3 DN Heartbeats.
2022-09-12 01:24:50,796 [Listener at 127.0.0.1/35417] INFO  ozone.MiniOzoneClusterImpl (MiniOzoneClusterImpl.java:lambda$waitForClusterToBeReady$0(219)) - Cluster exits safe mode
2022-09-12 01:24:50,796 [Listener at 127.0.0.1/35417] INFO  ozone.MiniOzoneClusterImpl (MiniOzoneClusterImpl.java:lambda$waitForClusterToBeReady$0(221)) - SCM became leader
2022-09-12 01:24:50,813 [IPC Server handler 0 on default port 35417] INFO  ha.SCMNodeInfo (SCMNodeInfo.java:getPort(197)) - ConfigKey ozone.scm.client.address is deprecated, For configuring different ports for each SCM use PortConfigKey ozone.scm.client.port appended with serviceId and nodeId
2022-09-12 01:24:50,813 [IPC Server handler 0 on default port 35417] INFO  ha.SCMNodeInfo (SCMNodeInfo.java:getPort(197)) - ConfigKey ozone.scm.block.client.address is deprecated, For configuring different ports for each SCM use PortConfigKey ozone.scm.block.client.port appended with serviceId and nodeId
2022-09-12 01:24:50,813 [IPC Server handler 0 on default port 35417] INFO  ha.SCMNodeInfo (SCMNodeInfo.java:getPort(197)) - ConfigKey ozone.scm.datanode.address is deprecated, For configuring different ports for each SCM use PortConfigKey ozone.scm.datanode.port appended with serviceId and nodeId
2022-09-12 01:24:50,815 [Listener at 127.0.0.1/35417] INFO  rpc.RpcClient (RpcClient.java:createVolume(471)) - Creating Volume: volume14023, with runner as owner and space quota set to -1 bytes, counts quota set to -1
2022-09-12 01:24:50,851 [OM StateMachine ApplyTransaction Thread - 0] INFO  volume.OMVolumeCreateRequest (OMVolumeCreateRequest.java:validateAndUpdateCache(195)) - created volume:volume14023 for user:runner
2022-09-12 01:24:50,880 [Listener at 127.0.0.1/35417] INFO  rpc.RpcClient (RpcClient.java:createBucket(674)) - Creating Bucket: volume14023/bucket34978, with server-side default bucket layout, runner as owner, Versioning false, Storage Type set to DISK and Encryption set to false 
2022-09-12 01:24:50,883 [OM StateMachine ApplyTransaction Thread - 0] INFO  bucket.OMBucketCreateRequest (OMBucketCreateRequest.java:validateAndUpdateCache(260)) - created bucket: bucket34978 of layout LEGACY in volume: volume14023
2022-09-12 01:24:50,895 [IPC Server handler 5 on default port 38039] INFO  ha.SequenceIdGenerator (SequenceIdGenerator.java:getNextId(128)) - Allocate a batch for containerId, change lastId from 0 to 1000.
2022-09-12 01:24:50,899 [8e599114-682f-40f9-8544-01c79a4548da@group-C2BFE535B5E8-StateMachineUpdater] WARN  ha.SequenceIdGenerator (SequenceIdGenerator.java:allocateBatch(237)) - Failed to allocate a batch for localId, expected lastId is 0, actual lastId is 109611004723200000.
2022-09-12 01:24:50,900 [IPC Server handler 5 on default port 38039] INFO  ha.SequenceIdGenerator (SequenceIdGenerator.java:getNextId(128)) - Allocate a batch for localId, change lastId from 109611004723200000 to 109611004723201000.
2022-09-12 01:24:51,058 [Listener at 127.0.0.1/35417] INFO  ha.OMHANodeDetails (OMHANodeDetails.java:loadOMHAConfig(121)) - ServiceID for OzoneManager is om-add-remove
2022-09-12 01:24:51,058 [Listener at 127.0.0.1/35417] INFO  ha.OMHANodeDetails (OMHANodeDetails.java:loadOMHAConfig(201)) - Found matching OM address with OMServiceId: om-add-remove, OMNodeId: omNode-bootstrap-1, RPC Address: localhost:38511 and Ratis port: 42185
2022-09-12 01:24:51,059 [Listener at 127.0.0.1/35417] INFO  ha.OMHANodeDetails (ConfUtils.java:setNodeSpecificConfigs(97)) - Setting configuration key ozone.om.http-address with value of key ozone.om.http-address.om-add-remove.omNode-bootstrap-1: 127.0.0.1:39617
2022-09-12 01:24:51,059 [Listener at 127.0.0.1/35417] INFO  ha.OMHANodeDetails (ConfUtils.java:setNodeSpecificConfigs(97)) - Setting configuration key ozone.om.https-address with value of key ozone.om.https-address.om-add-remove.omNode-bootstrap-1: 127.0.0.1:40011
2022-09-12 01:24:51,059 [Listener at 127.0.0.1/35417] INFO  ha.OMHANodeDetails (ConfUtils.java:setNodeSpecificConfigs(97)) - Setting configuration key ozone.om.address with value of key ozone.om.address.om-add-remove.omNode-bootstrap-1: 127.0.0.1:38511
2022-09-12 01:24:51,059 [Listener at 127.0.0.1/35417] WARN  server.ServerUtils (ServerUtils.java:getDBPath(225)) - ozone.om.db.dirs is not configured. We recommend adding this setting. Falling back to ozone.metadata.dirs instead.
2022-09-12 01:24:51,061 [Listener at 127.0.0.1/35417] INFO  ha.SCMNodeInfo (SCMNodeInfo.java:getPort(197)) - ConfigKey ozone.scm.client.address is deprecated, For configuring different ports for each SCM use PortConfigKey ozone.scm.client.port appended with serviceId and nodeId
2022-09-12 01:24:51,061 [Listener at 127.0.0.1/35417] INFO  ha.SCMNodeInfo (SCMNodeInfo.java:getPort(197)) - ConfigKey ozone.scm.block.client.address is deprecated, For configuring different ports for each SCM use PortConfigKey ozone.scm.block.client.port appended with serviceId and nodeId
2022-09-12 01:24:51,061 [Listener at 127.0.0.1/35417] INFO  ha.SCMNodeInfo (SCMNodeInfo.java:getPort(197)) - ConfigKey ozone.scm.datanode.address is deprecated, For configuring different ports for each SCM use PortConfigKey ozone.scm.datanode.port appended with serviceId and nodeId
2022-09-12 01:24:51,061 [Listener at 127.0.0.1/35417] INFO  proxy.SCMBlockLocationFailoverProxyProvider (SCMBlockLocationFailoverProxyProvider.java:<init>(114)) - Created block location fail-over proxy with 1 nodes: [nodeId=scmNode-1,nodeAddress=/127.0.0.1:38039]
OM initialization succeeded.Current cluster id for sd=/home/runner/work/ozone/ozone/hadoop-ozone/integration-test/target/test-dir/MiniOzoneClusterImpl-cb4dd006-d395-492a-b682-c2bfe535b5e8/omNode-bootstrap-1/om;cid=cb4dd006-d395-492a-b682-c2bfe535b5e8;layoutVersion=3
2022-09-12 01:24:51,079 [Listener at 127.0.0.1/35417] INFO  ha.OMHANodeDetails (OMHANodeDetails.java:loadOMHAConfig(121)) - ServiceID for OzoneManager is om-add-remove
2022-09-12 01:24:51,080 [Listener at 127.0.0.1/35417] INFO  ha.OMHANodeDetails (OMHANodeDetails.java:loadOMHAConfig(201)) - Found matching OM address with OMServiceId: om-add-remove, OMNodeId: omNode-bootstrap-1, RPC Address: localhost:38511 and Ratis port: 42185
2022-09-12 01:24:51,080 [Listener at 127.0.0.1/35417] INFO  ha.OMHANodeDetails (ConfUtils.java:setNodeSpecificConfigs(97)) - Setting configuration key ozone.om.http-address with value of key ozone.om.http-address.om-add-remove.omNode-bootstrap-1: 127.0.0.1:39617
2022-09-12 01:24:51,080 [Listener at 127.0.0.1/35417] INFO  ha.OMHANodeDetails (ConfUtils.java:setNodeSpecificConfigs(97)) - Setting configuration key ozone.om.https-address with value of key ozone.om.https-address.om-add-remove.omNode-bootstrap-1: 127.0.0.1:40011
2022-09-12 01:24:51,080 [Listener at 127.0.0.1/35417] INFO  ha.OMHANodeDetails (ConfUtils.java:setNodeSpecificConfigs(97)) - Setting configuration key ozone.om.address with value of key ozone.om.address.om-add-remove.omNode-bootstrap-1: 127.0.0.1:38511
2022-09-12 01:24:51,080 [Listener at 127.0.0.1/35417] WARN  server.ServerUtils (ServerUtils.java:getDBPath(225)) - ozone.om.db.dirs is not configured. We recommend adding this setting. Falling back to ozone.metadata.dirs instead.
2022-09-12 01:24:51,080 [Listener at 127.0.0.1/35417] INFO  upgrade.AbstractLayoutVersionManager (AbstractLayoutVersionManager.java:init(83)) - Initializing Layout version manager with metadata layout = MULTITENANCY_SCHEMA (version = 3), software layout = MULTITENANCY_SCHEMA (version = 3)
2022-09-12 01:24:51,218 [Listener at 127.0.0.1/35417] INFO  reflections.Reflections (Reflections.java:scan(232)) - Reflections took 136 ms to scan 2 urls, producing 153 keys and 427 values [using 2 cores]
2022-09-12 01:24:51,218 [Listener at 127.0.0.1/35417] INFO  upgrade.OMLayoutVersionManager (OMLayoutVersionManager.java:lambda$0(115)) - Skipping Upgrade Action MockOmUpgradeAction since it has been finalized.
2022-09-12 01:24:51,218 [Listener at 127.0.0.1/35417] WARN  server.ServerUtils (ServerUtils.java:getDBPath(225)) - ozone.om.db.dirs is not configured. We recommend adding this setting. Falling back to ozone.metadata.dirs instead.
2022-09-12 01:24:51,218 [Listener at 127.0.0.1/35417] INFO  ha.SCMNodeInfo (SCMNodeInfo.java:getPort(197)) - ConfigKey ozone.scm.client.address is deprecated, For configuring different ports for each SCM use PortConfigKey ozone.scm.client.port appended with serviceId and nodeId
2022-09-12 01:24:51,219 [Listener at 127.0.0.1/35417] INFO  ha.SCMNodeInfo (SCMNodeInfo.java:getPort(197)) - ConfigKey ozone.scm.block.client.address is deprecated, For configuring different ports for each SCM use PortConfigKey ozone.scm.block.client.port appended with serviceId and nodeId
2022-09-12 01:24:51,219 [Listener at 127.0.0.1/35417] INFO  ha.SCMNodeInfo (SCMNodeInfo.java:getPort(197)) - ConfigKey ozone.scm.datanode.address is deprecated, For configuring different ports for each SCM use PortConfigKey ozone.scm.datanode.port appended with serviceId and nodeId
2022-09-12 01:24:51,219 [Listener at 127.0.0.1/35417] INFO  ha.SCMNodeInfo (SCMNodeInfo.java:getPort(197)) - ConfigKey ozone.scm.client.address is deprecated, For configuring different ports for each SCM use PortConfigKey ozone.scm.client.port appended with serviceId and nodeId
2022-09-12 01:24:51,219 [Listener at 127.0.0.1/35417] INFO  ha.SCMNodeInfo (SCMNodeInfo.java:getPort(197)) - ConfigKey ozone.scm.block.client.address is deprecated, For configuring different ports for each SCM use PortConfigKey ozone.scm.block.client.port appended with serviceId and nodeId
2022-09-12 01:24:51,219 [Listener at 127.0.0.1/35417] INFO  ha.SCMNodeInfo (SCMNodeInfo.java:getPort(197)) - ConfigKey ozone.scm.datanode.address is deprecated, For configuring different ports for each SCM use PortConfigKey ozone.scm.datanode.port appended with serviceId and nodeId
2022-09-12 01:24:51,219 [Listener at 127.0.0.1/35417] INFO  proxy.SCMBlockLocationFailoverProxyProvider (SCMBlockLocationFailoverProxyProvider.java:<init>(114)) - Created block location fail-over proxy with 1 nodes: [nodeId=scmNode-1,nodeAddress=/127.0.0.1:38039]
2022-09-12 01:24:51,220 [Listener at 127.0.0.1/35417] INFO  ha.SCMNodeInfo (SCMNodeInfo.java:getPort(197)) - ConfigKey ozone.scm.client.address is deprecated, For configuring different ports for each SCM use PortConfigKey ozone.scm.client.port appended with serviceId and nodeId
2022-09-12 01:24:51,220 [Listener at 127.0.0.1/35417] INFO  ha.SCMNodeInfo (SCMNodeInfo.java:getPort(197)) - ConfigKey ozone.scm.block.client.address is deprecated, For configuring different ports for each SCM use PortConfigKey ozone.scm.block.client.port appended with serviceId and nodeId
2022-09-12 01:24:51,220 [Listener at 127.0.0.1/35417] INFO  ha.SCMNodeInfo (SCMNodeInfo.java:getPort(197)) - ConfigKey ozone.scm.datanode.address is deprecated, For configuring different ports for each SCM use PortConfigKey ozone.scm.datanode.port appended with serviceId and nodeId
2022-09-12 01:24:51,220 [Listener at 127.0.0.1/35417] INFO  proxy.SCMBlockLocationFailoverProxyProvider (SCMBlockLocationFailoverProxyProvider.java:<init>(114)) - Created block location fail-over proxy with 1 nodes: [nodeId=scmNode-1,nodeAddress=/127.0.0.1:38039]
2022-09-12 01:24:51,242 [Listener at 127.0.0.1/35417] WARN  server.ServerUtils (ServerUtils.java:getDBPath(225)) - ozone.om.db.dirs is not configured. We recommend adding this setting. Falling back to ozone.metadata.dirs instead.
2022-09-12 01:24:51,242 [Listener at 127.0.0.1/35417] INFO  codec.OmKeyInfoCodec (OmKeyInfoCodec.java:<init>(49)) - OmKeyInfoCodec ignorePipeline = true
2022-09-12 01:24:51,242 [Listener at 127.0.0.1/35417] INFO  codec.RepeatedOmKeyInfoCodec (RepeatedOmKeyInfoCodec.java:<init>(41)) - RepeatedOmKeyInfoCodec ignorePipeline = true
2022-09-12 01:24:51,480 [Listener at 127.0.0.1/35417] INFO  om.OzoneManager (OzoneManager.java:instantiateServices(707)) - S3 Multi-Tenancy is disabled
2022-09-12 01:24:51,481 [Listener at 127.0.0.1/35417] INFO  om.OzoneManager (OzoneManager.java:addS3GVolumeToDB(4298)) - Created Volume s3v With Owner runner required for S3Gateway operations.
2022-09-12 01:24:51,481 [Listener at 127.0.0.1/35417] WARN  server.ServerUtils (ServerUtils.java:getDefaultRatisDirectory(237)) - Storage directory for Ratis is not configured. It is a good idea to map this to an SSD disk. Falling back to ozone.metadata.dirs
2022-09-12 01:24:51,481 [Listener at 127.0.0.1/35417] WARN  utils.OzoneManagerRatisUtils (OzoneManagerRatisUtils.java:getOMRatisSnapshotDirectory(434)) - ozone.om.ratis.snapshot.dir is not configured. Falling back to ozone.metadata.dirs config
2022-09-12 01:24:51,481 [Listener at 127.0.0.1/35417] INFO  snapshot.OzoneManagerSnapshotProvider (OzoneManagerSnapshotProvider.java:<init>(76)) - Initializing OM Snapshot Provider
2022-09-12 01:24:51,497 [Listener at 127.0.0.1/35417] WARN  impl.MetricRegistriesImpl (MetricRegistriesImpl.java:addReporterRegistration(111)) - New reporters are added after registries were created. Some metrics will be missing from the reporter. Please add reporter before adding any new registry.
2022-09-12 01:24:51,497 [Listener at 127.0.0.1/35417] WARN  impl.MetricRegistriesImpl (MetricRegistriesImpl.java:addReporterRegistration(111)) - New reporters are added after registries were created. Some metrics will be missing from the reporter. Please add reporter before adding any new registry.
2022-09-12 01:24:51,497 [Listener at 127.0.0.1/35417] WARN  server.ServerUtils (ServerUtils.java:getDefaultRatisDirectory(237)) - Storage directory for Ratis is not configured. It is a good idea to map this to an SSD disk. Falling back to ozone.metadata.dirs
2022-09-12 01:24:51,498 [Listener at 127.0.0.1/35417] INFO  ratis.OzoneManagerRatisServer (OzoneManagerRatisServer.java:<init>(152)) - OM started in Bootstrap mode. Instantiating OM Ratis server with groupID: om-add-remove
2022-09-12 01:24:51,498 [Listener at 127.0.0.1/35417] INFO  ratis.OzoneManagerStateMachine (OzoneManagerStateMachine.java:loadSnapshotInfoFromDB(632)) - LastAppliedIndex is set from TransactionInfo from OM DB as (t:0, i:~)
2022-09-12 01:24:51,505 [Listener at 127.0.0.1/35417] INFO  server.RaftServer (ConfUtils.java:logGet(46)) - raft.rpc.type = GRPC (default)
2022-09-12 01:24:51,505 [Listener at 127.0.0.1/35417] INFO  grpc.GrpcFactory (GrpcFactory.java:checkPooledByteBufAllocatorUseCacheForAllThreads(48)) - PERFORMANCE WARNING: useCacheForAllThreads is true that may cause Netty to create a lot garbage objects and, as a result, trigger GC.
	It is recommended to disable useCacheForAllThreads by setting -Dorg.apache.ratis.thirdparty.io.netty.allocator.useCacheForAllThreads=false in command line.
2022-09-12 01:24:51,505 [Listener at 127.0.0.1/35417] INFO  grpc.GrpcConfigKeys (ConfUtils.java:logGet(46)) - raft.grpc.admin.port = -1 (default)
2022-09-12 01:24:51,505 [Listener at 127.0.0.1/35417] INFO  grpc.GrpcConfigKeys (ConfUtils.java:logGet(46)) - raft.grpc.server.port = 42185 (custom)
2022-09-12 01:24:51,505 [Listener at 127.0.0.1/35417] INFO  grpc.GrpcConfigKeys (ConfUtils.java:logGet(46)) - raft.grpc.client.port = -1 (default)
2022-09-12 01:24:51,505 [Listener at 127.0.0.1/35417] INFO  grpc.GrpcConfigKeys (ConfUtils.java:logGet(46)) - raft.grpc.server.port = 42185 (custom)
2022-09-12 01:24:51,505 [Listener at 127.0.0.1/35417] INFO  grpc.GrpcConfigKeys (ConfUtils.java:logGet(46)) - raft.grpc.server.port = 42185 (custom)
2022-09-12 01:24:51,506 [Listener at 127.0.0.1/35417] INFO  server.GrpcService (ConfUtils.java:logGet(46)) - raft.grpc.message.size.max = 33554432 (custom)
2022-09-12 01:24:51,506 [Listener at 127.0.0.1/35417] INFO  server.RaftServerConfigKeys (ConfUtils.java:logGet(46)) - raft.server.log.appender.buffer.byte-limit = 33554432 (custom)
2022-09-12 01:24:51,506 [Listener at 127.0.0.1/35417] INFO  server.GrpcService (ConfUtils.java:logGet(46)) - raft.grpc.flow.control.window = 1MB (=1048576) (default)
2022-09-12 01:24:51,506 [Listener at 127.0.0.1/35417] INFO  server.RaftServerConfigKeys (ConfUtils.java:logGet(46)) - raft.server.rpc.request.timeout = 3000ms (default)
2022-09-12 01:24:51,506 [Listener at 127.0.0.1/35417] INFO  grpc.GrpcConfigKeys (ConfUtils.java:logGet(46)) - raft.grpc.server.async.request.thread.pool.cached = true (default)
2022-09-12 01:24:51,506 [Listener at 127.0.0.1/35417] INFO  grpc.GrpcConfigKeys (ConfUtils.java:logGet(46)) - raft.grpc.server.async.request.thread.pool.size = 32 (default)
2022-09-12 01:24:51,507 [Listener at 127.0.0.1/35417] INFO  impl.DataStreamServerImpl (ConfUtils.java:logGet(46)) - raft.datastream.type = DISABLED (default)
2022-09-12 01:24:51,507 [Listener at 127.0.0.1/35417] INFO  server.RaftServerConfigKeys (ConfUtils.java:logGet(46)) - raft.server.threadpool.proxy.cached = true (default)
2022-09-12 01:24:51,507 [Listener at 127.0.0.1/35417] INFO  server.RaftServerConfigKeys (ConfUtils.java:logGet(46)) - raft.server.threadpool.proxy.size = 0 (default)
2022-09-12 01:24:51,508 [Listener at 127.0.0.1/35417] INFO  server.RaftServerConfigKeys (ConfUtils.java:logGet(46)) - raft.server.rpc.slowness.timeout = 2s (custom)
2022-09-12 01:24:51,508 [Listener at 127.0.0.1/35417] INFO  server.RaftServerConfigKeys (ConfUtils.java:logGet(46)) - raft.server.leaderelection.leader.step-down.wait-time = 10s (default)
2022-09-12 01:24:51,508 [Listener at 127.0.0.1/35417] INFO  server.RaftServerConfigKeys (ConfUtils.java:logGet(46)) - raft.server.storage.dir = [/home/runner/work/ozone/ozone/hadoop-ozone/integration-test/target/test-dir/MiniOzoneClusterImpl-cb4dd006-d395-492a-b682-c2bfe535b5e8/omNode-bootstrap-1/ratis] (custom)
2022-09-12 01:24:51,523 [Listener at 127.0.0.1/35417] INFO  server.RaftServer (RaftServerProxy.java:addNew(96)) - omNode-bootstrap-1: addNew group-0AAC5367B30E:[] returns group-0AAC5367B30E:java.util.concurrent.CompletableFuture@6279f649[Not completed]
2022-09-12 01:24:51,523 [pool-436-thread-1] INFO  server.RaftServer$Division (RaftServerImpl.java:<init>(190)) - omNode-bootstrap-1: new RaftServerImpl for group-0AAC5367B30E:[] with OzoneManagerStateMachine:uninitialized
2022-09-12 01:24:51,523 [Listener at 127.0.0.1/35417] INFO  om.OzoneManager (OzoneManager.java:initializeRatisServer(1973)) - OzoneManager Ratis server initialized at port 42185
2022-09-12 01:24:51,524 [pool-436-thread-1] INFO  server.RaftServerConfigKeys (ConfUtils.java:logGet(46)) - raft.server.rpc.timeout.min = 1s (custom)
2022-09-12 01:24:51,524 [pool-436-thread-1] INFO  server.RaftServerConfigKeys (ConfUtils.java:logGet(46)) - raft.server.rpc.timeout.max = 1200ms (custom)
2022-09-12 01:24:51,524 [pool-436-thread-1] INFO  server.RaftServerConfigKeys (ConfUtils.java:logGet(46)) - raft.server.rpc.sleep.time = 25ms (default)
2022-09-12 01:24:51,524 [pool-436-thread-1] INFO  server.RaftServerConfigKeys (ConfUtils.java:logGet(46)) - raft.server.rpc.slowness.timeout = 2s (custom)
2022-09-12 01:24:51,524 [pool-436-thread-1] INFO  server.RaftServerConfigKeys (ConfUtils.java:logGet(46)) - raft.server.leaderelection.leader.step-down.wait-time = 10s (default)
2022-09-12 01:24:51,524 [pool-436-thread-1] INFO  server.RaftServerConfigKeys (ConfUtils.java:logGet(46)) - raft.server.sleep.deviation.threshold = 300ms (default)
2022-09-12 01:24:51,524 [pool-436-thread-1] INFO  server.RaftServer$Division (ServerState.java:<init>(107)) - omNode-bootstrap-1@group-0AAC5367B30E: ConfigurationManager, init=-1: [], old=null, confs=<EMPTY_MAP>
2022-09-12 01:24:51,524 [pool-436-thread-1] INFO  server.RaftServerConfigKeys (ConfUtils.java:logGet(46)) - raft.server.storage.dir = [/home/runner/work/ozone/ozone/hadoop-ozone/integration-test/target/test-dir/MiniOzoneClusterImpl-cb4dd006-d395-492a-b682-c2bfe535b5e8/omNode-bootstrap-1/ratis] (custom)
2022-09-12 01:24:51,524 [pool-436-thread-1] INFO  server.RaftServerConfigKeys (ConfUtils.java:logGet(46)) - raft.server.log.corruption.policy = EXCEPTION (default)
2022-09-12 01:24:51,524 [pool-436-thread-1] INFO  server.RaftServerConfigKeys (ConfUtils.java:logGet(46)) - raft.server.storage.free-space.min = 0MB (=0) (default)
2022-09-12 01:24:51,524 [pool-436-thread-1] INFO  storage.RaftStorageDirectory (RaftStorageDirectoryImpl.java:analyzeStorage(135)) - The storage directory /home/runner/work/ozone/ozone/hadoop-ozone/integration-test/target/test-dir/MiniOzoneClusterImpl-cb4dd006-d395-492a-b682-c2bfe535b5e8/omNode-bootstrap-1/ratis/0718e334-ffa1-36bc-8e9a-0aac5367b30e does not exist. Creating ...
2022-09-12 01:24:51,525 [pool-436-thread-1] INFO  storage.RaftStorageDirectory (RaftStorageDirectoryImpl.java:tryLock(230)) - Lock on /home/runner/work/ozone/ozone/hadoop-ozone/integration-test/target/test-dir/MiniOzoneClusterImpl-cb4dd006-d395-492a-b682-c2bfe535b5e8/omNode-bootstrap-1/ratis/0718e334-ffa1-36bc-8e9a-0aac5367b30e/in_use.lock acquired by nodename 51693@fv-az167-317
2022-09-12 01:24:51,527 [Listener at 127.0.0.1/35417] INFO  om.OzoneManager (OzoneManager.java:getRpcServer(1096)) - Creating RPC Server
2022-09-12 01:24:51,528 [pool-436-thread-1] INFO  storage.RaftStorage (RaftStorageImpl.java:format(89)) - Storage directory /home/runner/work/ozone/ozone/hadoop-ozone/integration-test/target/test-dir/MiniOzoneClusterImpl-cb4dd006-d395-492a-b682-c2bfe535b5e8/omNode-bootstrap-1/ratis/0718e334-ffa1-36bc-8e9a-0aac5367b30e has been successfully formatted.
2022-09-12 01:24:51,529 [pool-436-thread-1] INFO  server.RaftServerConfigKeys (ConfUtils.java:logGet(46)) - raft.server.notification.no-leader.timeout = 2s (custom)
2022-09-12 01:24:51,529 [pool-436-thread-1] INFO  server.RaftServerConfigKeys (ConfUtils.java:logGet(46)) - raft.server.log.use.memory = false (default)
2022-09-12 01:24:51,529 [pool-436-thread-1] INFO  server.RaftServerConfigKeys (ConfUtils.java:logGet(46)) - raft.server.log.purge.gap = 1000000 (custom)
2022-09-12 01:24:51,529 [pool-436-thread-1] INFO  server.RaftServerConfigKeys (ConfUtils.java:logGet(46)) - raft.server.log.appender.buffer.byte-limit = 33554432 (custom)
2022-09-12 01:24:51,529 [pool-436-thread-1] INFO  server.RaftServerConfigKeys (ConfUtils.java:logGet(46)) - raft.server.log.statemachine.data.read.timeout = 1000ms (default)
2022-09-12 01:24:51,529 [pool-436-thread-1] INFO  server.RaftServerConfigKeys (ConfUtils.java:logGet(46)) - raft.server.log.segment.size.max = 4194304 (custom)
2022-09-12 01:24:51,529 [pool-436-thread-1] INFO  server.RaftServerConfigKeys (ConfUtils.java:logGet(46)) - raft.server.log.segment.cache.num.max = 2 (custom)
2022-09-12 01:24:51,529 [pool-436-thread-1] INFO  server.RaftServerConfigKeys (ConfUtils.java:logGet(46)) - raft.server.log.segment.cache.size.max = 200MB (=209715200) (default)
2022-09-12 01:24:51,529 [pool-436-thread-1] INFO  segmented.SegmentedRaftLogWorker (SegmentedRaftLogWorker.java:<init>(187)) - new omNode-bootstrap-1@group-0AAC5367B30E-SegmentedRaftLogWorker for RaftStorageImpl:Storage Directory /home/runner/work/ozone/ozone/hadoop-ozone/integration-test/target/test-dir/MiniOzoneClusterImpl-cb4dd006-d395-492a-b682-c2bfe535b5e8/omNode-bootstrap-1/ratis/0718e334-ffa1-36bc-8e9a-0aac5367b30e
2022-09-12 01:24:51,529 [pool-436-thread-1] INFO  server.RaftServerConfigKeys (ConfUtils.java:logGet(46)) - raft.server.log.queue.byte-limit = 64MB (=67108864) (default)
2022-09-12 01:24:51,529 [pool-436-thread-1] INFO  server.RaftServerConfigKeys (ConfUtils.java:logGet(46)) - raft.server.log.queue.element-limit = 4096 (default)
2022-09-12 01:24:51,529 [pool-436-thread-1] INFO  server.RaftServerConfigKeys (ConfUtils.java:logGet(46)) - raft.server.log.segment.size.max = 4194304 (custom)
2022-09-12 01:24:51,529 [pool-436-thread-1] INFO  server.RaftServerConfigKeys (ConfUtils.java:logGet(46)) - raft.server.log.preallocated.size = 4194304 (custom)
2022-09-12 01:24:51,529 [pool-436-thread-1] INFO  server.RaftServerConfigKeys (ConfUtils.java:logGet(46)) - raft.server.log.force.sync.num = 128 (default)
2022-09-12 01:24:51,529 [pool-436-thread-1] INFO  server.RaftServerConfigKeys (ConfUtils.java:logGet(46)) - raft.server.log.statemachine.data.sync = true (default)
2022-09-12 01:24:51,529 [pool-436-thread-1] INFO  server.RaftServerConfigKeys (ConfUtils.java:logGet(46)) - raft.server.log.statemachine.data.sync.timeout = 10s (default)
2022-09-12 01:24:51,529 [pool-436-thread-1] INFO  server.RaftServerConfigKeys (ConfUtils.java:logGet(46)) - raft.server.log.statemachine.data.sync.timeout.retry = -1 (default)
2022-09-12 01:24:51,544 [pool-436-thread-1] INFO  server.RaftServerConfigKeys (ConfUtils.java:logGet(46)) - raft.server.log.write.buffer.size = 64KB (=65536) (default)
2022-09-12 01:24:51,544 [pool-436-thread-1] INFO  server.RaftServerConfigKeys (ConfUtils.java:logGet(46)) - raft.server.log.unsafe-flush.enabled = false (default)
2022-09-12 01:24:51,544 [pool-436-thread-1] INFO  server.RaftServerConfigKeys (ConfUtils.java:logGet(46)) - raft.server.log.statemachine.data.caching.enabled = false (default)
2022-09-12 01:24:51,545 [pool-436-thread-1] INFO  segmented.SegmentedRaftLogWorker (SegmentedRaftLogWorker.java:lambda$new$0(135)) - omNode-bootstrap-1@group-0AAC5367B30E-SegmentedRaftLogWorker: flushIndex: setUnconditionally 0 -> -1
2022-09-12 01:24:51,545 [pool-436-thread-1] INFO  segmented.SegmentedRaftLogWorker (SegmentedRaftLogWorker.java:lambda$new$0(135)) - omNode-bootstrap-1@group-0AAC5367B30E-SegmentedRaftLogWorker: safeCacheEvictIndex: setUnconditionally 0 -> -1
2022-09-12 01:24:51,550 [pool-436-thread-1] INFO  server.RaftServerConfigKeys (ConfUtils.java:logGet(46)) - raft.server.snapshot.auto.trigger.enabled = true (custom)
2022-09-12 01:24:51,550 [pool-436-thread-1] INFO  server.RaftServerConfigKeys (ConfUtils.java:logGet(46)) - raft.server.snapshot.auto.trigger.threshold = 400000 (default)
2022-09-12 01:24:51,550 [pool-436-thread-1] INFO  server.RaftServerConfigKeys (ConfUtils.java:logGet(46)) - raft.server.snapshot.retention.file.num = -1 (default)
2022-09-12 01:24:51,551 [pool-436-thread-1] INFO  server.RaftServerConfigKeys (ConfUtils.java:logGet(46)) - raft.server.log.purge.upto.snapshot.index = true (custom)
2022-09-12 01:24:51,551 [pool-436-thread-1] INFO  server.RaftServerConfigKeys (ConfUtils.java:logGet(46)) - raft.server.retrycache.expirytime = 300s (custom)
2022-09-12 01:24:51,551 [pool-436-thread-1] INFO  server.RaftServerConfigKeys (ConfUtils.java:logGet(46)) - raft.server.retrycache.statistics.expirytime = 100μs (default)
2022-09-12 01:24:51,551 [pool-436-thread-1] INFO  server.RaftServerConfigKeys (ConfUtils.java:logGet(46)) - raft.server.log.appender.install.snapshot.enabled = false (custom)
2022-09-12 01:24:51,551 [pool-436-thread-1] INFO  server.RaftServerConfigKeys (ConfUtils.java:logGet(46)) - raft.server.threadpool.server.cached = true (default)
2022-09-12 01:24:51,551 [pool-436-thread-1] INFO  server.RaftServerConfigKeys (ConfUtils.java:logGet(46)) - raft.server.threadpool.server.size = 0 (default)
2022-09-12 01:24:51,551 [pool-436-thread-1] INFO  server.RaftServerConfigKeys (ConfUtils.java:logGet(46)) - raft.server.threadpool.client.cached = true (default)
2022-09-12 01:24:51,551 [pool-436-thread-1] INFO  server.RaftServerConfigKeys (ConfUtils.java:logGet(46)) - raft.server.threadpool.client.size = 0 (default)
2022-09-12 01:24:51,781 [EndpointStateMachine task thread for /127.0.0.1:40693 - 0 ] INFO  ipc.Client (Client.java:handleConnectionFailure(977)) - Retrying connect to server: localhost/127.0.0.1:40693. Already tried 11 time(s); retry policy is RetryUpToMaximumCountWithFixedSleep(maxRetries=15, sleepTime=1000 MILLISECONDS)
2022-09-12 01:24:52,244 [Listener at 127.0.0.1/35417] INFO  reflections.Reflections (Reflections.java:scan(232)) - Reflections took 716 ms to scan 19 urls, producing 67 keys and 4171 values [using 2 cores]
2022-09-12 01:24:52,246 [Listener at 127.0.0.1/35417] INFO  ipc.CallQueueManager (CallQueueManager.java:<init>(90)) - Using callQueue: class java.util.concurrent.LinkedBlockingQueue, queueCapacity: 2000, scheduler: class org.apache.hadoop.ipc.DefaultRpcScheduler, ipcBackoff: false.
2022-09-12 01:24:52,246 [Socket Reader #1 for port 38511] INFO  ipc.Server (Server.java:run(1265)) - Starting Socket Reader #1 for port 38511
2022-09-12 01:24:52,286 [Listener at 127.0.0.1/38511] INFO  impl.MetricsSystemImpl (MetricsSystemImpl.java:init(158)) - OzoneManager metrics system started (again)
2022-09-12 01:24:52,344 [Listener at 127.0.0.1/38511] INFO  om.OzoneManager (OzoneManager.java:start(1480)) - OzoneManager RPC server is listening at localhost/127.0.0.1:38511
2022-09-12 01:24:52,344 [Listener at 127.0.0.1/38511] INFO  ratis.OzoneManagerRatisServer (OzoneManagerRatisServer.java:start(554)) - Starting OzoneManagerRatisServer omNode-bootstrap-1 at port 42185
2022-09-12 01:24:52,344 [omNode-bootstrap-1-impl-thread1] INFO  server.RaftServer$Division (RaftServerImpl.java:start(316)) - omNode-bootstrap-1@group-0AAC5367B30E: start with initializing state, conf=-1: [], old=null
2022-09-12 01:24:52,345 [omNode-bootstrap-1-impl-thread1] INFO  server.RaftServer$Division (RaftServerImpl.java:setRole(299)) - omNode-bootstrap-1@group-0AAC5367B30E: changes role from      null to FOLLOWER at term 0 for startInitializing
2022-09-12 01:24:52,345 [omNode-bootstrap-1-impl-thread1] INFO  util.JmxRegister (JmxRegister.java:tryRegister(44)) - Successfully registered JMX Bean with object name Ratis:service=RaftServer,group=group-0AAC5367B30E,id=omNode-bootstrap-1
2022-09-12 01:24:52,345 [Listener at 127.0.0.1/38511] INFO  server.RaftServer (RaftServerProxy.java:lambda$start$6(382)) - omNode-bootstrap-1: start RPC server
2022-09-12 01:24:52,352 [Listener at 127.0.0.1/38511] INFO  server.GrpcService (GrpcService.java:startImpl(260)) - omNode-bootstrap-1: GrpcService started, listening on 42185
2022-09-12 01:24:52,352 [Listener at 127.0.0.1/38511] INFO  om.OzoneManager (OzoneManager.java:start(1496)) - Version File has different layout version (3) than OM DB (null). That is expected if this OM has never been finalized to a newer layout version.
2022-09-12 01:24:52,354 [Listener at 127.0.0.1/38511] INFO  http.BaseHttpServer (BaseHttpServer.java:newHttpServer2BuilderForOzone(213)) - Starting Web-server for ozoneManager at: http://0.0.0.0:39617
2022-09-12 01:24:52,354 [Listener at 127.0.0.1/38511] INFO  http.BaseHttpServer (BaseHttpServer.java:<init>(108)) - Hadoop Security Enabled: false Ozone Security Enabled: false Ozone HTTP Security Enabled: false 
2022-09-12 01:24:52,355 [Listener at 127.0.0.1/38511] INFO  server.AuthenticationFilter (AuthenticationFilter.java:constructSecretProvider(240)) - Unable to initialize FileSignerSecretProvider, falling back to use random secrets.
2022-09-12 01:24:52,356 [Listener at 127.0.0.1/38511] WARN  http.HttpRequestLog (HttpRequestLog.java:getRequestLog(103)) - Jetty request log can only be enabled using Log4j
2022-09-12 01:24:52,357 [Listener at 127.0.0.1/38511] INFO  http.HttpServer2 (HttpServer2.java:addGlobalFilter(1029)) - Added global filter 'safety' (class=org.apache.hadoop.hdds.server.http.HttpServer2$QuotingInputFilter)
2022-09-12 01:24:52,358 [Listener at 127.0.0.1/38511] INFO  http.HttpServer2 (HttpServer2.java:addFilter(1005)) - Added filter static_user_filter (class=org.apache.hadoop.http.lib.StaticUserWebFilter$StaticUserFilter) to context ozoneManager
2022-09-12 01:24:52,358 [Listener at 127.0.0.1/38511] INFO  http.HttpServer2 (HttpServer2.java:addFilter(1013)) - Added filter static_user_filter (class=org.apache.hadoop.http.lib.StaticUserWebFilter$StaticUserFilter) to context logs
2022-09-12 01:24:52,358 [Listener at 127.0.0.1/38511] INFO  http.HttpServer2 (HttpServer2.java:addFilter(1013)) - Added filter static_user_filter (class=org.apache.hadoop.http.lib.StaticUserWebFilter$StaticUserFilter) to context static
2022-09-12 01:24:52,358 [Listener at 127.0.0.1/38511] INFO  http.HttpServer2 (HttpServer2.java:bindListener(1248)) - Jetty bound to port 39617
2022-09-12 01:24:52,359 [Listener at 127.0.0.1/38511] INFO  server.Server (Server.java:doStart(375)) - jetty-9.4.43.v20210629; built: 2021-06-30T11:07:22.254Z; git: 526006ecfa3af7f1a27ef3a288e2bef7ea9dd7e8; jvm 1.8.0_345-b01
2022-09-12 01:24:52,361 [Listener at 127.0.0.1/38511] INFO  server.session (DefaultSessionIdManager.java:doStart(334)) - DefaultSessionIdManager workerName=node0
2022-09-12 01:24:52,361 [Listener at 127.0.0.1/38511] INFO  server.session (DefaultSessionIdManager.java:doStart(339)) - No SessionScavenger set, using defaults
2022-09-12 01:24:52,362 [Listener at 127.0.0.1/38511] INFO  server.session (HouseKeeper.java:startScavenging(132)) - node0 Scavenging every 660000ms
2022-09-12 01:24:52,368 [org.apache.ratis.util.JvmPauseMonitor$$Lambda$605/1445225850@668f26a1] INFO  util.JvmPauseMonitor (JvmPauseMonitor.java:run(103)) - JvmPauseMonitor-omNode-bootstrap-1: Started
2022-09-12 01:24:52,369 [Listener at 127.0.0.1/38511] INFO  handler.ContextHandler (ContextHandler.java:doStart(915)) - Started o.e.j.s.ServletContextHandler@28a63d05{logs,/logs,file:///home/runner/work/ozone/ozone/hadoop-ozone/integration-test/target/log,AVAILABLE}
2022-09-12 01:24:52,369 [Listener at 127.0.0.1/38511] INFO  handler.ContextHandler (ContextHandler.java:doStart(915)) - Started o.e.j.s.ServletContextHandler@733c2020{static,/static,file:///home/runner/work/ozone/ozone/hadoop-ozone/integration-test/target/test-classes/webapps/static,AVAILABLE}
2022-09-12 01:24:52,378 [Listener at 127.0.0.1/38511] INFO  handler.ContextHandler (ContextHandler.java:doStart(915)) - Started o.e.j.w.WebAppContext@5b5f4a37{ozoneManager,/,file:///home/runner/work/ozone/ozone/hadoop-ozone/integration-test/target/test-classes/webapps/ozoneManager/,AVAILABLE}{file:/home/runner/work/ozone/ozone/hadoop-ozone/integration-test/target/test-classes/webapps/ozoneManager}
2022-09-12 01:24:52,379 [Listener at 127.0.0.1/38511] INFO  server.AbstractConnector (AbstractConnector.java:doStart(331)) - Started ServerConnector@69208ca6{HTTP/1.1, (http/1.1)}{0.0.0.0:39617}
2022-09-12 01:24:52,379 [Listener at 127.0.0.1/38511] INFO  server.Server (Server.java:doStart(415)) - Started @113089ms
2022-09-12 01:24:52,379 [Listener at 127.0.0.1/38511] WARN  impl.MetricsSystemImpl (MetricsSystemImpl.java:register(279)) - Sink prometheus already exists!
2022-09-12 01:24:52,380 [Listener at 127.0.0.1/38511] INFO  http.BaseHttpServer (BaseHttpServer.java:updateConnectorAddress(333)) - HTTP server of ozoneManager listening at http://0.0.0.0:39617
2022-09-12 01:24:52,384 [IPC Server Responder] INFO  ipc.Server (Server.java:run(1507)) - IPC Server Responder: starting
2022-09-12 01:24:52,386 [IPC Server listener on 38511] INFO  ipc.Server (Server.java:run(1344)) - IPC Server listener on 38511: starting
2022-09-12 01:24:52,387 [Listener at 127.0.0.1/38511] INFO  om.OzoneManager (OzoneManager.java:startTrashEmptier(1917)) - Trash Interval set to 0. Files deleted won't move to trash
2022-09-12 01:24:52,388 [org.apache.hadoop.util.JvmPauseMonitor$Monitor@3d5841c7] INFO  util.JvmPauseMonitor (JvmPauseMonitor.java:run(188)) - Starting JVM pause monitor
2022-09-12 01:24:52,398 [IPC Server handler 5 on default port 35417] INFO  ratis.OzoneManagerRatisServer (OzoneManagerRatisServer.java:addOMToRatisRing(309)) - omNode-1: Submitting SetConfiguration request to Ratis server to add new OM peer omNode-bootstrap-1|rpc:localhost:42185|priority:0 to the Ratis group group-0AAC5367B30E:[omNode-1|rpc:localhost:45363|priority:0]
2022-09-12 01:24:52,398 [IPC Server handler 5 on default port 35417] INFO  server.RaftServer$Division (RaftServerImpl.java:setConfigurationAsync(1080)) - omNode-1@group-0AAC5367B30E: receive setConfiguration SetConfigurationRequest:client-53DE0E988BB8->omNode-1@group-0AAC5367B30E, cid=1, seq=0, RW, null, peers:[omNode-1|rpc:localhost:45363|priority:0, omNode-bootstrap-1|rpc:localhost:42185|priority:0]
2022-09-12 01:24:52,398 [IPC Server handler 5 on default port 35417] INFO  server.RaftServer$Division (LeaderStateImpl.java:startSetConfiguration(368)) - omNode-1@group-0AAC5367B30E-LeaderStateImpl: startSetConfiguration SetConfigurationRequest:client-53DE0E988BB8->omNode-1@group-0AAC5367B30E, cid=1, seq=0, RW, null, peers:[omNode-1|rpc:localhost:45363|priority:0, omNode-bootstrap-1|rpc:localhost:42185|priority:0]
2022-09-12 01:24:52,399 [IPC Server handler 5 on default port 35417] INFO  server.RaftServerConfigKeys (ConfUtils.java:logGet(46)) - raft.server.log.appender.snapshot.chunk.size.max = 16MB (=16777216) (default)
2022-09-12 01:24:52,399 [IPC Server handler 5 on default port 35417] INFO  server.RaftServerConfigKeys (ConfUtils.java:logGet(46)) - raft.server.log.appender.buffer.byte-limit = 33554432 (custom)
2022-09-12 01:24:52,399 [IPC Server handler 5 on default port 35417] INFO  server.RaftServerConfigKeys (ConfUtils.java:logGet(46)) - raft.server.log.appender.buffer.element-limit = 1024 (custom)
2022-09-12 01:24:52,400 [IPC Server handler 5 on default port 35417] INFO  grpc.GrpcConfigKeys (ConfUtils.java:logGet(46)) - raft.grpc.server.leader.outstanding.appends.max = 128 (default)
2022-09-12 01:24:52,400 [IPC Server handler 5 on default port 35417] INFO  server.RaftServerConfigKeys (ConfUtils.java:logGet(46)) - raft.server.rpc.request.timeout = 3000ms (default)
2022-09-12 01:24:52,400 [IPC Server handler 5 on default port 35417] INFO  server.RaftServerConfigKeys (ConfUtils.java:logGet(46)) - raft.server.log.appender.install.snapshot.enabled = false (custom)
2022-09-12 01:24:52,427 [grpc-default-executor-4] INFO  impl.SnapshotInstallationHandler (SnapshotInstallationHandler.java:installSnapshot(84)) - omNode-bootstrap-1@group-0AAC5367B30E: receive installSnapshot: omNode-1->omNode-bootstrap-1#0-t1,notify:(t:1, i:0)
2022-09-12 01:24:52,429 [grpc-default-executor-4] INFO  server.RaftServer$Division (ServerState.java:setLeader(287)) - omNode-bootstrap-1@group-0AAC5367B30E: change Leader from null to omNode-1 at term 1 for installSnapshot, leader elected after 900ms
2022-09-12 01:24:52,429 [grpc-default-executor-4] INFO  impl.SnapshotInstallationHandler (SnapshotInstallationHandler.java:notifyStateMachineToInstallSnapshot(215)) - omNode-bootstrap-1@group-0AAC5367B30E: Received notification to install snapshot at index 0
2022-09-12 01:24:52,429 [grpc-default-executor-4] INFO  impl.SnapshotInstallationHandler (SnapshotInstallationHandler.java:notifyStateMachineToInstallSnapshot(224)) - omNode-bootstrap-1@group-0AAC5367B30E: InstallSnapshot notification result: ALREADY_INSTALLED, current snapshot index: -1
2022-09-12 01:24:52,429 [grpc-default-executor-4] INFO  impl.SnapshotInstallationHandler (SnapshotInstallationHandler.java:installSnapshotImpl(129)) - omNode-bootstrap-1@group-0AAC5367B30E: set new configuration configurationEntry {
  peers {
    id: "omNode-1"
    address: "localhost:45363"
  }
}
 from snapshot
2022-09-12 01:24:52,437 [grpc-default-executor-4] INFO  server.RaftServer$Division (ServerState.java:setRaftConf(393)) - omNode-bootstrap-1@group-0AAC5367B30E: set configuration 0: [omNode-1|rpc:localhost:45363|admin:|client:|dataStream:|priority:0], old=null
2022-09-12 01:24:52,437 [grpc-default-executor-4] INFO  ratis.OzoneManagerStateMachine (OzoneManagerStateMachine.java:notifyConfigurationChanged(192)) - Received Configuration change notification from Ratis. New Peer list:
[id: "omNode-1"
address: "localhost:45363"
]
2022-09-12 01:24:52,450 [grpc-default-executor-4] INFO  ratis.OzoneManagerRatisServer (OzoneManagerRatisServer.java:addRaftPeer(400)) - Added OM omNode-1 to Ratis Peers list.
2022-09-12 01:24:52,450 [grpc-default-executor-4] INFO  om.OzoneManager (OzoneManager.java:addOMNodeToPeers(1836)) - Added OM omNode-1 to the Peer list.
2022-09-12 01:24:52,450 [grpc-default-executor-4] INFO  impl.SnapshotInstallationHandler (SnapshotInstallationHandler.java:installSnapshot(95)) - omNode-bootstrap-1@group-0AAC5367B30E: reply installSnapshot: omNode-1<-omNode-bootstrap-1#0:FAIL-t0,ALREADY_INSTALLED
2022-09-12 01:24:52,450 [grpc-default-executor-4] INFO  server.GrpcServerProtocolService (GrpcServerProtocolService.java:onCompleted(140)) - omNode-bootstrap-1: Completed INSTALL_SNAPSHOT, lastRequest: omNode-1->omNode-bootstrap-1#0-t1,notify:(t:1, i:0)
2022-09-12 01:24:52,781 [EndpointStateMachine task thread for /127.0.0.1:40693 - 0 ] INFO  ipc.Client (Client.java:handleConnectionFailure(977)) - Retrying connect to server: localhost/127.0.0.1:40693. Already tried 12 time(s); retry policy is RetryUpToMaximumCountWithFixedSleep(maxRetries=15, sleepTime=1000 MILLISECONDS)
2022-09-12 01:24:53,457 [omNode-1@group-0AAC5367B30E-LeaderStateImpl] INFO  server.RaftServer$Division (ServerState.java:setRaftConf(393)) - omNode-1@group-0AAC5367B30E: set configuration 9: [omNode-bootstrap-1|rpc:localhost:42185|priority:0, omNode-1|rpc:localhost:45363|priority:0], old=[omNode-1|rpc:localhost:45363|admin:|client:|dataStream:|priority:0]
2022-09-12 01:24:53,469 [omNode-bootstrap-1-server-thread1] INFO  server.RaftServer$Division (RaftServerImpl.java:checkInconsistentAppendEntries(1424)) - omNode-bootstrap-1@group-0AAC5367B30E: Failed appendEntries as previous log entry ((t:1, i:0)) is not found
2022-09-12 01:24:53,470 [omNode-bootstrap-1-server-thread1] INFO  server.RaftServer$Division (RaftServerImpl.java:checkInconsistentAppendEntries(1394)) - omNode-bootstrap-1@group-0AAC5367B30E: inconsistency entries. Reply:omNode-1<-omNode-bootstrap-1#0:FAIL-t1,INCONSISTENCY,nextIndex=0,followerCommit=-1
2022-09-12 01:24:53,473 [omNode-bootstrap-1-server-thread1] INFO  server.RaftServer$Division (RaftServerImpl.java:checkInconsistentAppendEntries(1424)) - omNode-bootstrap-1@group-0AAC5367B30E: Failed appendEntries as previous log entry ((t:1, i:0)) is not found
2022-09-12 01:24:53,473 [omNode-bootstrap-1-server-thread1] INFO  server.RaftServer$Division (RaftServerImpl.java:checkInconsistentAppendEntries(1394)) - omNode-bootstrap-1@group-0AAC5367B30E: inconsistency entries. Reply:omNode-1<-omNode-bootstrap-1#1:FAIL-t1,INCONSISTENCY,nextIndex=0,followerCommit=-1
2022-09-12 01:24:53,475 [omNode-bootstrap-1-server-thread1] INFO  server.RaftServer$Division (ServerState.java:setRaftConf(393)) - omNode-bootstrap-1@group-0AAC5367B30E: set configuration 0: [omNode-1|rpc:localhost:45363|admin:|client:|dataStream:|priority:0], old=null
2022-09-12 01:24:53,475 [omNode-bootstrap-1-server-thread1] INFO  server.RaftServer$Division (ServerState.java:setRaftConf(393)) - omNode-bootstrap-1@group-0AAC5367B30E: set configuration 9: [omNode-bootstrap-1|rpc:localhost:42185|admin:|client:|dataStream:|priority:0, omNode-1|rpc:localhost:45363|admin:|client:|dataStream:|priority:0], old=[omNode-1|rpc:localhost:45363|admin:|client:|dataStream:|priority:0]
2022-09-12 01:24:53,475 [omNode-bootstrap-1-server-thread1] INFO  segmented.SegmentedRaftLogWorker (SegmentedRaftLogWorker.java:startLogSegment(425)) - omNode-bootstrap-1@group-0AAC5367B30E-SegmentedRaftLogWorker: Starting segment from index:0
2022-09-12 01:24:53,477 [omNode-bootstrap-1-server-thread1] INFO  server.RaftServer$Division (ServerState.java:setRaftConf(393)) - omNode-bootstrap-1@group-0AAC5367B30E: set configuration 0: [omNode-1|rpc:localhost:45363|admin:|client:|dataStream:|priority:0], old=null
2022-09-12 01:24:53,477 [omNode-bootstrap-1-server-thread1] INFO  server.RaftServer$Division (ServerState.java:setRaftConf(393)) - omNode-bootstrap-1@group-0AAC5367B30E: set configuration 9: [omNode-bootstrap-1|rpc:localhost:42185|admin:|client:|dataStream:|priority:0, omNode-1|rpc:localhost:45363|admin:|client:|dataStream:|priority:0], old=[omNode-1|rpc:localhost:45363|admin:|client:|dataStream:|priority:0]
2022-09-12 01:24:53,482 [omNode-bootstrap-1@group-0AAC5367B30E-SegmentedRaftLogWorker] INFO  segmented.SegmentedRaftLogWorker (SegmentedRaftLogWorker.java:execute(629)) - omNode-bootstrap-1@group-0AAC5367B30E-SegmentedRaftLogWorker: created new log segment /home/runner/work/ozone/ozone/hadoop-ozone/integration-test/target/test-dir/MiniOzoneClusterImpl-cb4dd006-d395-492a-b682-c2bfe535b5e8/omNode-bootstrap-1/ratis/0718e334-ffa1-36bc-8e9a-0aac5367b30e/current/log_inprogress_0
2022-09-12 01:24:53,483 [omNode-bootstrap-1@group-0AAC5367B30E-StateMachineUpdater] INFO  ratis.OzoneManagerStateMachine (OzoneManagerStateMachine.java:notifyConfigurationChanged(192)) - Received Configuration change notification from Ratis. New Peer list:
[id: "omNode-1"
address: "localhost:45363"
]
2022-09-12 01:24:53,518 [OM StateMachine ApplyTransaction Thread - 0] INFO  volume.OMVolumeCreateRequest (OMVolumeCreateRequest.java:validateAndUpdateCache(195)) - created volume:volume14023 for user:runner
2022-09-12 01:24:53,519 [omNode-1@group-0AAC5367B30E-StateMachineUpdater] INFO  ratis.OzoneManagerStateMachine (OzoneManagerStateMachine.java:notifyConfigurationChanged(192)) - Received Configuration change notification from Ratis. New Peer list:
[id: "omNode-bootstrap-1"
address: "localhost:42185"
, id: "omNode-1"
address: "localhost:45363"
]
2022-09-12 01:24:53,534 [omNode-1@group-0AAC5367B30E-LeaderStateImpl] INFO  server.RaftServer$Division (ServerState.java:setRaftConf(393)) - omNode-1@group-0AAC5367B30E: set configuration 11: [omNode-bootstrap-1|rpc:localhost:42185|priority:0, omNode-1|rpc:localhost:45363|priority:0], old=null
2022-09-12 01:24:53,536 [OM StateMachine ApplyTransaction Thread - 0] INFO  bucket.OMBucketCreateRequest (OMBucketCreateRequest.java:validateAndUpdateCache(260)) - created bucket: bucket34978 of layout LEGACY in volume: volume14023
2022-09-12 01:24:53,529 [omNode-1@group-0AAC5367B30E-StateMachineUpdater] INFO  snapshot.OzoneManagerSnapshotProvider (OzoneManagerSnapshotProvider.java:<init>(76)) - Initializing OM Snapshot Provider
2022-09-12 01:24:53,545 [omNode-bootstrap-1-server-thread1] INFO  server.RaftServer$Division (ServerState.java:setRaftConf(393)) - omNode-bootstrap-1@group-0AAC5367B30E: set configuration 11: [omNode-bootstrap-1|rpc:localhost:42185|admin:|client:|dataStream:|priority:0, omNode-1|rpc:localhost:45363|admin:|client:|dataStream:|priority:0], old=null
2022-09-12 01:24:53,547 [omNode-1@group-0AAC5367B30E-StateMachineUpdater] INFO  ratis.OzoneManagerRatisServer (OzoneManagerRatisServer.java:addRaftPeer(400)) - Added OM omNode-bootstrap-1 to Ratis Peers list.
2022-09-12 01:24:53,547 [omNode-1@group-0AAC5367B30E-StateMachineUpdater] INFO  om.OzoneManager (OzoneManager.java:addOMNodeToPeers(1836)) - Added OM omNode-bootstrap-1 to the Peer list.
2022-09-12 01:24:53,554 [omNode-bootstrap-1@group-0AAC5367B30E-StateMachineUpdater] INFO  ratis.OzoneManagerStateMachine (OzoneManagerStateMachine.java:notifyConfigurationChanged(192)) - Received Configuration change notification from Ratis. New Peer list:
[id: "omNode-bootstrap-1"
address: "localhost:42185"
, id: "omNode-1"
address: "localhost:45363"
]
2022-09-12 01:24:53,554 [omNode-bootstrap-1@group-0AAC5367B30E-StateMachineUpdater] INFO  ratis.OzoneManagerRatisServer (OzoneManagerRatisServer.java:addRaftPeer(400)) - Added OM omNode-bootstrap-1 to Ratis Peers list.
2022-09-12 01:24:53,554 [omNode-bootstrap-1@group-0AAC5367B30E-StateMachineUpdater] INFO  ratis.OzoneManagerRatisServer (OzoneManagerRatisServer.java:addRaftPeer(400)) - Added OM omNode-1 to Ratis Peers list.
2022-09-12 01:24:53,559 [omNode-1@group-0AAC5367B30E-StateMachineUpdater] INFO  ratis.OzoneManagerStateMachine (OzoneManagerStateMachine.java:notifyConfigurationChanged(192)) - Received Configuration change notification from Ratis. New Peer list:
[id: "omNode-bootstrap-1"
address: "localhost:42185"
, id: "omNode-1"
address: "localhost:45363"
]
2022-09-12 01:24:53,559 [IPC Server handler 5 on default port 35417] INFO  ratis.OzoneManagerRatisServer (OzoneManagerRatisServer.java:addOMToRatisRing(323)) - Added OM omNode-bootstrap-1 to Ratis group group-0AAC5367B30E.
2022-09-12 01:24:53,560 [Listener at 127.0.0.1/38511] INFO  om.OzoneManager (OzoneManager.java:bootstrap(1708)) - Successfully bootstrapped OM omNode-bootstrap-1 and joined the Ratis group group-0AAC5367B30E:[]
2022-09-12 01:24:53,560 [Listener at 127.0.0.1/38511] INFO  ozone.MiniOzoneHAClusterImpl (MiniOzoneHAClusterImpl.java:bootstrapOzoneManager(782)) - Bootstrapped OzoneManager omNode-bootstrap-1 RPC server at localhost/127.0.0.1:38511
2022-09-12 01:24:53,563 [Listener at 127.0.0.1/38511] INFO  ha.OMHANodeDetails (OMHANodeDetails.java:loadOMHAConfig(121)) - ServiceID for OzoneManager is om-add-remove
2022-09-12 01:24:53,568 [Listener at 127.0.0.1/38511] INFO  ha.OMHANodeDetails (OMHANodeDetails.java:loadOMHAConfig(201)) - Found matching OM address with OMServiceId: om-add-remove, OMNodeId: omNode-bootstrap-2, RPC Address: localhost:41695 and Ratis port: 38739
2022-09-12 01:24:53,569 [Listener at 127.0.0.1/38511] INFO  ha.OMHANodeDetails (ConfUtils.java:setNodeSpecificConfigs(97)) - Setting configuration key ozone.om.http-address with value of key ozone.om.http-address.om-add-remove.omNode-bootstrap-2: 127.0.0.1:37537
2022-09-12 01:24:53,569 [Listener at 127.0.0.1/38511] INFO  ha.OMHANodeDetails (ConfUtils.java:setNodeSpecificConfigs(97)) - Setting configuration key ozone.om.https-address with value of key ozone.om.https-address.om-add-remove.omNode-bootstrap-2: 127.0.0.1:38279
2022-09-12 01:24:53,569 [Listener at 127.0.0.1/38511] INFO  ha.OMHANodeDetails (ConfUtils.java:setNodeSpecificConfigs(97)) - Setting configuration key ozone.om.address with value of key ozone.om.address.om-add-remove.omNode-bootstrap-2: 127.0.0.1:41695
2022-09-12 01:24:53,569 [Listener at 127.0.0.1/38511] WARN  server.ServerUtils (ServerUtils.java:getDBPath(225)) - ozone.om.db.dirs is not configured. We recommend adding this setting. Falling back to ozone.metadata.dirs instead.
2022-09-12 01:24:53,581 [Listener at 127.0.0.1/38511] INFO  ha.SCMNodeInfo (SCMNodeInfo.java:getPort(197)) - ConfigKey ozone.scm.client.address is deprecated, For configuring different ports for each SCM use PortConfigKey ozone.scm.client.port appended with serviceId and nodeId
2022-09-12 01:24:53,581 [Listener at 127.0.0.1/38511] INFO  ha.SCMNodeInfo (SCMNodeInfo.java:getPort(197)) - ConfigKey ozone.scm.block.client.address is deprecated, For configuring different ports for each SCM use PortConfigKey ozone.scm.block.client.port appended with serviceId and nodeId
2022-09-12 01:24:53,581 [Listener at 127.0.0.1/38511] INFO  ha.SCMNodeInfo (SCMNodeInfo.java:getPort(197)) - ConfigKey ozone.scm.datanode.address is deprecated, For configuring different ports for each SCM use PortConfigKey ozone.scm.datanode.port appended with serviceId and nodeId
2022-09-12 01:24:53,582 [Listener at 127.0.0.1/38511] INFO  proxy.SCMBlockLocationFailoverProxyProvider (SCMBlockLocationFailoverProxyProvider.java:<init>(114)) - Created block location fail-over proxy with 1 nodes: [nodeId=scmNode-1,nodeAddress=/127.0.0.1:38039]
2022-09-12 01:24:53,590 [omNode-bootstrap-1@group-0AAC5367B30E-StateMachineUpdater] INFO  ratis.OzoneManagerStateMachine (OzoneManagerStateMachine.java:notifyConfigurationChanged(192)) - Received Configuration change notification from Ratis. New Peer list:
[id: "omNode-bootstrap-1"
address: "localhost:42185"
, id: "omNode-1"
address: "localhost:45363"
]
OM initialization succeeded.Current cluster id for sd=/home/runner/work/ozone/ozone/hadoop-ozone/integration-test/target/test-dir/MiniOzoneClusterImpl-cb4dd006-d395-492a-b682-c2bfe535b5e8/omNode-bootstrap-2/om;cid=cb4dd006-d395-492a-b682-c2bfe535b5e8;layoutVersion=3
2022-09-12 01:24:53,603 [Listener at 127.0.0.1/38511] INFO  ha.OMHANodeDetails (OMHANodeDetails.java:loadOMHAConfig(121)) - ServiceID for OzoneManager is om-add-remove
2022-09-12 01:24:53,603 [Listener at 127.0.0.1/38511] INFO  ha.OMHANodeDetails (OMHANodeDetails.java:loadOMHAConfig(201)) - Found matching OM address with OMServiceId: om-add-remove, OMNodeId: omNode-bootstrap-2, RPC Address: localhost:41695 and Ratis port: 38739
2022-09-12 01:24:53,604 [Listener at 127.0.0.1/38511] INFO  ha.OMHANodeDetails (ConfUtils.java:setNodeSpecificConfigs(97)) - Setting configuration key ozone.om.http-address with value of key ozone.om.http-address.om-add-remove.omNode-bootstrap-2: 127.0.0.1:37537
2022-09-12 01:24:53,604 [Listener at 127.0.0.1/38511] INFO  ha.OMHANodeDetails (ConfUtils.java:setNodeSpecificConfigs(97)) - Setting configuration key ozone.om.https-address with value of key ozone.om.https-address.om-add-remove.omNode-bootstrap-2: 127.0.0.1:38279
2022-09-12 01:24:53,604 [Listener at 127.0.0.1/38511] INFO  ha.OMHANodeDetails (ConfUtils.java:setNodeSpecificConfigs(97)) - Setting configuration key ozone.om.address with value of key ozone.om.address.om-add-remove.omNode-bootstrap-2: 127.0.0.1:41695
2022-09-12 01:24:53,604 [Listener at 127.0.0.1/38511] WARN  server.ServerUtils (ServerUtils.java:getDBPath(225)) - ozone.om.db.dirs is not configured. We recommend adding this setting. Falling back to ozone.metadata.dirs instead.
2022-09-12 01:24:53,604 [Listener at 127.0.0.1/38511] INFO  upgrade.AbstractLayoutVersionManager (AbstractLayoutVersionManager.java:init(83)) - Initializing Layout version manager with metadata layout = MULTITENANCY_SCHEMA (version = 3), software layout = MULTITENANCY_SCHEMA (version = 3)
2022-09-12 01:24:53,750 [Listener at 127.0.0.1/38511] INFO  reflections.Reflections (Reflections.java:scan(232)) - Reflections took 143 ms to scan 2 urls, producing 153 keys and 427 values [using 2 cores]
2022-09-12 01:24:53,751 [Listener at 127.0.0.1/38511] INFO  upgrade.OMLayoutVersionManager (OMLayoutVersionManager.java:lambda$0(115)) - Skipping Upgrade Action MockOmUpgradeAction since it has been finalized.
2022-09-12 01:24:53,751 [Listener at 127.0.0.1/38511] WARN  server.ServerUtils (ServerUtils.java:getDBPath(225)) - ozone.om.db.dirs is not configured. We recommend adding this setting. Falling back to ozone.metadata.dirs instead.
2022-09-12 01:24:53,751 [Listener at 127.0.0.1/38511] INFO  ha.SCMNodeInfo (SCMNodeInfo.java:getPort(197)) - ConfigKey ozone.scm.client.address is deprecated, For configuring different ports for each SCM use PortConfigKey ozone.scm.client.port appended with serviceId and nodeId
2022-09-12 01:24:53,751 [Listener at 127.0.0.1/38511] INFO  ha.SCMNodeInfo (SCMNodeInfo.java:getPort(197)) - ConfigKey ozone.scm.block.client.address is deprecated, For configuring different ports for each SCM use PortConfigKey ozone.scm.block.client.port appended with serviceId and nodeId
2022-09-12 01:24:53,751 [Listener at 127.0.0.1/38511] INFO  ha.SCMNodeInfo (SCMNodeInfo.java:getPort(197)) - ConfigKey ozone.scm.datanode.address is deprecated, For configuring different ports for each SCM use PortConfigKey ozone.scm.datanode.port appended with serviceId and nodeId
2022-09-12 01:24:53,752 [Listener at 127.0.0.1/38511] INFO  ha.SCMNodeInfo (SCMNodeInfo.java:getPort(197)) - ConfigKey ozone.scm.client.address is deprecated, For configuring different ports for each SCM use PortConfigKey ozone.scm.client.port appended with serviceId and nodeId
2022-09-12 01:24:53,752 [Listener at 127.0.0.1/38511] INFO  ha.SCMNodeInfo (SCMNodeInfo.java:getPort(197)) - ConfigKey ozone.scm.block.client.address is deprecated, For configuring different ports for each SCM use PortConfigKey ozone.scm.block.client.port appended with serviceId and nodeId
2022-09-12 01:24:53,752 [Listener at 127.0.0.1/38511] INFO  ha.SCMNodeInfo (SCMNodeInfo.java:getPort(197)) - ConfigKey ozone.scm.datanode.address is deprecated, For configuring different ports for each SCM use PortConfigKey ozone.scm.datanode.port appended with serviceId and nodeId
2022-09-12 01:24:53,752 [Listener at 127.0.0.1/38511] INFO  proxy.SCMBlockLocationFailoverProxyProvider (SCMBlockLocationFailoverProxyProvider.java:<init>(114)) - Created block location fail-over proxy with 1 nodes: [nodeId=scmNode-1,nodeAddress=/127.0.0.1:38039]
2022-09-12 01:24:53,754 [Listener at 127.0.0.1/38511] INFO  ha.SCMNodeInfo (SCMNodeInfo.java:getPort(197)) - ConfigKey ozone.scm.client.address is deprecated, For configuring different ports for each SCM use PortConfigKey ozone.scm.client.port appended with serviceId and nodeId
2022-09-12 01:24:53,755 [Listener at 127.0.0.1/38511] INFO  ha.SCMNodeInfo (SCMNodeInfo.java:getPort(197)) - ConfigKey ozone.scm.block.client.address is deprecated, For configuring different ports for each SCM use PortConfigKey ozone.scm.block.client.port appended with serviceId and nodeId
2022-09-12 01:24:53,755 [Listener at 127.0.0.1/38511] INFO  ha.SCMNodeInfo (SCMNodeInfo.java:getPort(197)) - ConfigKey ozone.scm.datanode.address is deprecated, For configuring different ports for each SCM use PortConfigKey ozone.scm.datanode.port appended with serviceId and nodeId
2022-09-12 01:24:53,755 [Listener at 127.0.0.1/38511] INFO  proxy.SCMBlockLocationFailoverProxyProvider (SCMBlockLocationFailoverProxyProvider.java:<init>(114)) - Created block location fail-over proxy with 1 nodes: [nodeId=scmNode-1,nodeAddress=/127.0.0.1:38039]
2022-09-12 01:24:53,773 [Listener at 127.0.0.1/38511] WARN  server.ServerUtils (ServerUtils.java:getDBPath(225)) - ozone.om.db.dirs is not configured. We recommend adding this setting. Falling back to ozone.metadata.dirs instead.
2022-09-12 01:24:53,774 [Listener at 127.0.0.1/38511] INFO  codec.OmKeyInfoCodec (OmKeyInfoCodec.java:<init>(49)) - OmKeyInfoCodec ignorePipeline = true
2022-09-12 01:24:53,774 [Listener at 127.0.0.1/38511] INFO  codec.RepeatedOmKeyInfoCodec (RepeatedOmKeyInfoCodec.java:<init>(41)) - RepeatedOmKeyInfoCodec ignorePipeline = true
2022-09-12 01:24:53,782 [EndpointStateMachine task thread for /127.0.0.1:40693 - 0 ] INFO  ipc.Client (Client.java:handleConnectionFailure(977)) - Retrying connect to server: localhost/127.0.0.1:40693. Already tried 13 time(s); retry policy is RetryUpToMaximumCountWithFixedSleep(maxRetries=15, sleepTime=1000 MILLISECONDS)
2022-09-12 01:24:54,006 [Listener at 127.0.0.1/38511] INFO  om.OzoneManager (OzoneManager.java:instantiateServices(707)) - S3 Multi-Tenancy is disabled
2022-09-12 01:24:54,029 [Listener at 127.0.0.1/38511] INFO  om.OzoneManager (OzoneManager.java:addS3GVolumeToDB(4298)) - Created Volume s3v With Owner runner required for S3Gateway operations.
2022-09-12 01:24:54,029 [Listener at 127.0.0.1/38511] WARN  server.ServerUtils (ServerUtils.java:getDefaultRatisDirectory(237)) - Storage directory for Ratis is not configured. It is a good idea to map this to an SSD disk. Falling back to ozone.metadata.dirs
2022-09-12 01:24:54,029 [Listener at 127.0.0.1/38511] WARN  utils.OzoneManagerRatisUtils (OzoneManagerRatisUtils.java:getOMRatisSnapshotDirectory(434)) - ozone.om.ratis.snapshot.dir is not configured. Falling back to ozone.metadata.dirs config
2022-09-12 01:24:54,029 [Listener at 127.0.0.1/38511] INFO  snapshot.OzoneManagerSnapshotProvider (OzoneManagerSnapshotProvider.java:<init>(76)) - Initializing OM Snapshot Provider
2022-09-12 01:24:54,040 [Listener at 127.0.0.1/38511] WARN  impl.MetricRegistriesImpl (MetricRegistriesImpl.java:addReporterRegistration(111)) - New reporters are added after registries were created. Some metrics will be missing from the reporter. Please add reporter before adding any new registry.
2022-09-12 01:24:54,040 [Listener at 127.0.0.1/38511] WARN  impl.MetricRegistriesImpl (MetricRegistriesImpl.java:addReporterRegistration(111)) - New reporters are added after registries were created. Some metrics will be missing from the reporter. Please add reporter before adding any new registry.
2022-09-12 01:24:54,040 [Listener at 127.0.0.1/38511] WARN  server.ServerUtils (ServerUtils.java:getDefaultRatisDirectory(237)) - Storage directory for Ratis is not configured. It is a good idea to map this to an SSD disk. Falling back to ozone.metadata.dirs
2022-09-12 01:24:54,041 [Listener at 127.0.0.1/38511] INFO  ratis.OzoneManagerRatisServer (OzoneManagerRatisServer.java:<init>(152)) - OM started in Bootstrap mode. Instantiating OM Ratis server with groupID: om-add-remove
2022-09-12 01:24:54,041 [Listener at 127.0.0.1/38511] INFO  ratis.OzoneManagerStateMachine (OzoneManagerStateMachine.java:loadSnapshotInfoFromDB(632)) - LastAppliedIndex is set from TransactionInfo from OM DB as (t:0, i:~)
2022-09-12 01:24:54,046 [Listener at 127.0.0.1/38511] INFO  server.RaftServer (ConfUtils.java:logGet(46)) - raft.rpc.type = GRPC (default)
2022-09-12 01:24:54,046 [Listener at 127.0.0.1/38511] INFO  grpc.GrpcFactory (GrpcFactory.java:checkPooledByteBufAllocatorUseCacheForAllThreads(48)) - PERFORMANCE WARNING: useCacheForAllThreads is true that may cause Netty to create a lot garbage objects and, as a result, trigger GC.
	It is recommended to disable useCacheForAllThreads by setting -Dorg.apache.ratis.thirdparty.io.netty.allocator.useCacheForAllThreads=false in command line.
2022-09-12 01:24:54,046 [Listener at 127.0.0.1/38511] INFO  grpc.GrpcConfigKeys (ConfUtils.java:logGet(46)) - raft.grpc.admin.port = -1 (default)
2022-09-12 01:24:54,046 [Listener at 127.0.0.1/38511] INFO  grpc.GrpcConfigKeys (ConfUtils.java:logGet(46)) - raft.grpc.server.port = 38739 (custom)
2022-09-12 01:24:54,047 [Listener at 127.0.0.1/38511] INFO  grpc.GrpcConfigKeys (ConfUtils.java:logGet(46)) - raft.grpc.client.port = -1 (default)
2022-09-12 01:24:54,047 [Listener at 127.0.0.1/38511] INFO  grpc.GrpcConfigKeys (ConfUtils.java:logGet(46)) - raft.grpc.server.port = 38739 (custom)
2022-09-12 01:24:54,047 [Listener at 127.0.0.1/38511] INFO  grpc.GrpcConfigKeys (ConfUtils.java:logGet(46)) - raft.grpc.server.port = 38739 (custom)
2022-09-12 01:24:54,047 [Listener at 127.0.0.1/38511] INFO  server.GrpcService (ConfUtils.java:logGet(46)) - raft.grpc.message.size.max = 33554432 (custom)
2022-09-12 01:24:54,047 [Listener at 127.0.0.1/38511] INFO  server.RaftServerConfigKeys (ConfUtils.java:logGet(46)) - raft.server.log.appender.buffer.byte-limit = 33554432 (custom)
2022-09-12 01:24:54,047 [Listener at 127.0.0.1/38511] INFO  server.GrpcService (ConfUtils.java:logGet(46)) - raft.grpc.flow.control.window = 1MB (=1048576) (default)
2022-09-12 01:24:54,047 [Listener at 127.0.0.1/38511] INFO  server.RaftServerConfigKeys (ConfUtils.java:logGet(46)) - raft.server.rpc.request.timeout = 3000ms (default)
2022-09-12 01:24:54,047 [Listener at 127.0.0.1/38511] INFO  grpc.GrpcConfigKeys (ConfUtils.java:logGet(46)) - raft.grpc.server.async.request.thread.pool.cached = true (default)
2022-09-12 01:24:54,047 [Listener at 127.0.0.1/38511] INFO  grpc.GrpcConfigKeys (ConfUtils.java:logGet(46)) - raft.grpc.server.async.request.thread.pool.size = 32 (default)
2022-09-12 01:24:54,048 [Listener at 127.0.0.1/38511] INFO  impl.DataStreamServerImpl (ConfUtils.java:logGet(46)) - raft.datastream.type = DISABLED (default)
2022-09-12 01:24:54,049 [Listener at 127.0.0.1/38511] INFO  server.RaftServerConfigKeys (ConfUtils.java:logGet(46)) - raft.server.threadpool.proxy.cached = true (default)
2022-09-12 01:24:54,049 [Listener at 127.0.0.1/38511] INFO  server.RaftServerConfigKeys (ConfUtils.java:logGet(46)) - raft.server.threadpool.proxy.size = 0 (default)
2022-09-12 01:24:54,049 [Listener at 127.0.0.1/38511] INFO  server.RaftServerConfigKeys (ConfUtils.java:logGet(46)) - raft.server.rpc.slowness.timeout = 2s (custom)
2022-09-12 01:24:54,049 [Listener at 127.0.0.1/38511] INFO  server.RaftServerConfigKeys (ConfUtils.java:logGet(46)) - raft.server.leaderelection.leader.step-down.wait-time = 10s (default)
2022-09-12 01:24:54,049 [Listener at 127.0.0.1/38511] INFO  server.RaftServerConfigKeys (ConfUtils.java:logGet(46)) - raft.server.storage.dir = [/home/runner/work/ozone/ozone/hadoop-ozone/integration-test/target/test-dir/MiniOzoneClusterImpl-cb4dd006-d395-492a-b682-c2bfe535b5e8/omNode-bootstrap-2/ratis] (custom)
2022-09-12 01:24:54,054 [Listener at 127.0.0.1/38511] INFO  server.RaftServer (RaftServerProxy.java:addNew(96)) - omNode-bootstrap-2: addNew group-0AAC5367B30E:[] returns group-0AAC5367B30E:java.util.concurrent.CompletableFuture@7edc8a5f[Not completed]
2022-09-12 01:24:54,054 [Listener at 127.0.0.1/38511] INFO  2022-09-12 01:24:54,054om.OzoneManager ( [pool-461-thread-1] INFO  server.RaftServer$Division (RaftServerImpl.java:<init>(190)) - omNode-bootstrap-2: new RaftServerImpl for group-0AAC5367B30E:[] with OzoneManagerStateMachine:uninitialized
2022-09-12 01:24:54,054 [Listener at 127.0.0.1/38511] INFO  om.OzoneManager (OzoneManager.java:initializeRatisServer(1973)) - OzoneManager Ratis server initialized at port 38739
2022-09-12 01:24:54,054 [pool-461-thread-1] INFO  server.RaftServerConfigKeys (ConfUtils.java:logGet(46)) - raft.server.rpc.timeout.min = 1s (custom)
2022-09-12 01:24:54,054 [pool-461-thread-1] INFO  server.RaftServerConfigKeys (ConfUtils.java:logGet(46)) - raft.server.rpc.timeout.max = 1200ms (custom)
2022-09-12 01:24:54,054 [pool-461-thread-1] INFO  server.RaftServerConfigKeys (ConfUtils.java:logGet(46)) - raft.server.rpc.sleep.time = 25ms (default)
2022-09-12 01:24:54,054 [pool-461-thread-1] INFO  server.RaftServerConfigKeys (ConfUtils.java:logGet(46)) - raft.server.rpc.slowness.timeout = 2s (custom)
2022-09-12 01:24:54,054 [pool-461-thread-1] INFO  server.RaftServerConfigKeys (ConfUtils.java:logGet(46)) - raft.server.leaderelection.leader.step-down.wait-time = 10s (default)
2022-09-12 01:24:54,054 [pool-461-thread-1] INFO  server.RaftServerConfigKeys (ConfUtils.java:logGet(46)) - raft.server.sleep.deviation.threshold = 300ms (default)
2022-09-12 01:24:54,054 [pool-461-thread-1] INFO  server.RaftServer$Division (ServerState.java:<init>(107)) - omNode-bootstrap-2@group-0AAC5367B30E: ConfigurationManager, init=-1: [], old=null, confs=<EMPTY_MAP>
2022-09-12 01:24:54,054 [pool-461-thread-1] INFO  server.RaftServerConfigKeys (ConfUtils.java:logGet(46)) - raft.server.storage.dir = [/home/runner/work/ozone/ozone/hadoop-ozone/integration-test/target/test-dir/MiniOzoneClusterImpl-cb4dd006-d395-492a-b682-c2bfe535b5e8/omNode-bootstrap-2/ratis] (custom)
2022-09-12 01:24:54,055 [pool-461-thread-1] INFO  server.RaftServerConfigKeys (ConfUtils.java:logGet(46)) - raft.server.log.corruption.policy = EXCEPTION (default)
2022-09-12 01:24:54,055 [pool-461-thread-1] INFO  server.RaftServerConfigKeys (ConfUtils.java:logGet(46)) - raft.server.storage.free-space.min = 0MB (=0) (default)
2022-09-12 01:24:54,055 [pool-461-thread-1] INFO  storage.RaftStorageDirectory (RaftStorageDirectoryImpl.java:analyzeStorage(135)) - The storage directory /home/runner/work/ozone/ozone/hadoop-ozone/integration-test/target/test-dir/MiniOzoneClusterImpl-cb4dd006-d395-492a-b682-c2bfe535b5e8/omNode-bootstrap-2/ratis/0718e334-ffa1-36bc-8e9a-0aac5367b30e does not exist. Creating ...
2022-09-12 01:24:54,055 [Listener at 127.0.0.1/38511] INFO  om.OzoneManager (OzoneManager.java:getRpcServer(1096)) - Creating RPC Server
2022-09-12 01:24:54,073 [pool-461-thread-1] INFO  storage.RaftStorageDirectory (RaftStorageDirectoryImpl.java:tryLock(230)) - Lock on /home/runner/work/ozone/ozone/hadoop-ozone/integration-test/target/test-dir/MiniOzoneClusterImpl-cb4dd006-d395-492a-b682-c2bfe535b5e8/omNode-bootstrap-2/ratis/0718e334-ffa1-36bc-8e9a-0aac5367b30e/in_use.lock acquired by nodename 51693@fv-az167-317
2022-09-12 01:24:54,092 [pool-461-thread-1] INFO  storage.RaftStorage (RaftStorageImpl.java:format(89)) - Storage directory /home/runner/work/ozone/ozone/hadoop-ozone/integration-test/target/test-dir/MiniOzoneClusterImpl-cb4dd006-d395-492a-b682-c2bfe535b5e8/omNode-bootstrap-2/ratis/0718e334-ffa1-36bc-8e9a-0aac5367b30e has been successfully formatted.
2022-09-12 01:24:54,092 [pool-461-thread-1] INFO  server.RaftServerConfigKeys (ConfUtils.java:logGet(46)) - raft.server.notification.no-leader.timeout = 2s (custom)
2022-09-12 01:24:54,092 [pool-461-thread-1] INFO  server.RaftServerConfigKeys (ConfUtils.java:logGet(46)) - raft.server.log.use.memory = false (default)
2022-09-12 01:24:54,092 [pool-461-thread-1] INFO  server.RaftServerConfigKeys (ConfUtils.java:logGet(46)) - raft.server.log.purge.gap = 1000000 (custom)
2022-09-12 01:24:54,092 [pool-461-thread-1] INFO  server.RaftServerConfigKeys (ConfUtils.java:logGet(46)) - raft.server.log.appender.buffer.byte-limit = 33554432 (custom)
2022-09-12 01:24:54,092 [pool-461-thread-1] INFO  server.RaftServerConfigKeys (ConfUtils.java:logGet(46)) - raft.server.log.statemachine.data.read.timeout = 1000ms (default)
2022-09-12 01:24:54,092 [pool-461-thread-1] INFO  server.RaftServerConfigKeys (ConfUtils.java:logGet(46)) - raft.server.log.segment.size.max = 4194304 (custom)
2022-09-12 01:24:54,093 [pool-461-thread-1] INFO  server.RaftServerConfigKeys (ConfUtils.java:logGet(46)) - raft.server.log.segment.cache.num.max = 2 (custom)
2022-09-12 01:24:54,093 [pool-461-thread-1] INFO  server.RaftServerConfigKeys (ConfUtils.java:logGet(46)) - raft.server.log.segment.cache.size.max = 200MB (=209715200) (default)
2022-09-12 01:24:54,093 [pool-461-thread-1] INFO  segmented.SegmentedRaftLogWorker (SegmentedRaftLogWorker.java:<init>(187)) - new omNode-bootstrap-2@group-0AAC5367B30E-SegmentedRaftLogWorker for RaftStorageImpl:Storage Directory /home/runner/work/ozone/ozone/hadoop-ozone/integration-test/target/test-dir/MiniOzoneClusterImpl-cb4dd006-d395-492a-b682-c2bfe535b5e8/omNode-bootstrap-2/ratis/0718e334-ffa1-36bc-8e9a-0aac5367b30e
2022-09-12 01:24:54,093 [pool-461-thread-1] INFO  server.RaftServerConfigKeys (ConfUtils.java:logGet(46)) - raft.server.log.queue.byte-limit = 64MB (=67108864) (default)
2022-09-12 01:24:54,093 [pool-461-thread-1] INFO  server.RaftServerConfigKeys (ConfUtils.java:logGet(46)) - raft.server.log.queue.element-limit = 4096 (default)
2022-09-12 01:24:54,093 [pool-461-thread-1] INFO  server.RaftServerConfigKeys (ConfUtils.java:logGet(46)) - raft.server.log.segment.size.max = 4194304 (custom)
2022-09-12 01:24:54,096 [pool-461-thread-1] INFO  server.RaftServerConfigKeys (ConfUtils.java:logGet(46)) - raft.server.log.preallocated.size = 4194304 (custom)
2022-09-12 01:24:54,096 [pool-461-thread-1] INFO  server.RaftServerConfigKeys (ConfUtils.java:logGet(46)) - raft.server.log.force.sync.num = 128 (default)
2022-09-12 01:24:54,097 [pool-461-thread-1] INFO  server.RaftServerConfigKeys (ConfUtils.java:logGet(46)) - raft.server.log.statemachine.data.sync = true (default)
2022-09-12 01:24:54,097 [pool-461-thread-1] INFO  server.RaftServerConfigKeys (ConfUtils.java:logGet(46)) - raft.server.log.statemachine.data.sync.timeout = 10s (default)
2022-09-12 01:24:54,097 [pool-461-thread-1] INFO  server.RaftServerConfigKeys (ConfUtils.java:logGet(46)) - raft.server.log.statemachine.data.sync.timeout.retry = -1 (default)
2022-09-12 01:24:54,105 [pool-461-thread-1] INFO  server.RaftServerConfigKeys (ConfUtils.java:logGet(46)) - raft.server.log.write.buffer.size = 64KB (=65536) (default)
2022-09-12 01:24:54,105 [pool-461-thread-1] INFO  server.RaftServerConfigKeys (ConfUtils.java:logGet(46)) - raft.server.log.unsafe-flush.enabled = false (default)
2022-09-12 01:24:54,105 [pool-461-thread-1] INFO  server.RaftServerConfigKeys (ConfUtils.java:logGet(46)) - raft.server.log.statemachine.data.caching.enabled = false (default)
2022-09-12 01:24:54,105 [pool-461-thread-1] INFO  segmented.SegmentedRaftLogWorker (SegmentedRaftLogWorker.java:lambda$new$0(135)) - omNode-bootstrap-2@group-0AAC5367B30E-SegmentedRaftLogWorker: flushIndex: setUnconditionally 0 -> -1
2022-09-12 01:24:54,105 [pool-461-thread-1] INFO  segmented.SegmentedRaftLogWorker (SegmentedRaftLogWorker.java:lambda$new$0(135)) - omNode-bootstrap-2@group-0AAC5367B30E-SegmentedRaftLogWorker: safeCacheEvictIndex: setUnconditionally 0 -> -1
2022-09-12 01:24:54,113 [pool-461-thread-1] INFO  server.RaftServerConfigKeys (ConfUtils.java:logGet(46)) - raft.server.snapshot.auto.trigger.enabled = true (custom)
2022-09-12 01:24:54,113 [pool-461-thread-1] INFO  server.RaftServerConfigKeys (ConfUtils.java:logGet(46)) - raft.server.snapshot.auto.trigger.threshold = 400000 (default)
2022-09-12 01:24:54,113 [pool-461-thread-1] INFO  server.RaftServerConfigKeys (ConfUtils.java:logGet(46)) - raft.server.snapshot.retention.file.num = -1 (default)
2022-09-12 01:24:54,113 [pool-461-thread-1] INFO  server.RaftServerConfigKeys (ConfUtils.java:logGet(46)) - raft.server.log.purge.upto.snapshot.index = true (custom)
2022-09-12 01:24:54,113 [pool-461-thread-1] INFO  server.RaftServerConfigKeys (ConfUtils.java:logGet(46)) - raft.server.retrycache.expirytime = 300s (custom)
2022-09-12 01:24:54,113 [pool-461-thread-1] INFO  server.RaftServerConfigKeys (ConfUtils.java:logGet(46)) - raft.server.retrycache.statistics.expirytime = 100μs (default)
2022-09-12 01:24:54,114 [pool-461-thread-1] INFO  server.RaftServerConfigKeys (ConfUtils.java:logGet(46)) - raft.server.log.appender.install.snapshot.enabled = false (custom)
2022-09-12 01:24:54,114 [pool-461-thread-1] INFO  server.RaftServerConfigKeys (ConfUtils.java:logGet(46)) - raft.server.threadpool.server.cached = true (default)
2022-09-12 01:24:54,114 [pool-461-thread-1] INFO  server.RaftServerConfigKeys (ConfUtils.java:logGet(46)) - raft.server.threadpool.server.size = 0 (default)
2022-09-12 01:24:54,114 [pool-461-thread-1] INFO  server.RaftServerConfigKeys (ConfUtils.java:logGet(46)) - raft.server.threadpool.client.cached = true (default)
2022-09-12 01:24:54,114 [pool-461-thread-1] INFO  server.RaftServerConfigKeys (ConfUtils.java:logGet(46)) - raft.server.threadpool.client.size = 0 (default)
2022-09-12 01:24:54,728 [Listener at 127.0.0.1/38511] INFO  reflections.Reflections (Reflections.java:scan(232)) - Reflections took 672 ms to scan 19 urls, producing 67 keys and 4171 values [using 2 cores]
2022-09-12 01:24:54,730 [Listener at 127.0.0.1/38511] INFO  ipc.CallQueueManager (CallQueueManager.java:<init>(90)) - Using callQueue: class java.util.concurrent.LinkedBlockingQueue, queueCapacity: 2000, scheduler: class org.apache.hadoop.ipc.DefaultRpcScheduler, ipcBackoff: false.
2022-09-12 01:24:54,738 [Socket Reader #1 for port 41695] INFO  ipc.Server (Server.java:run(1265)) - Starting Socket Reader #1 for port 41695
2022-09-12 01:24:54,782 [EndpointStateMachine task thread for /127.0.0.1:40693 - 0 ] INFO  ipc.Client (Client.java:handleConnectionFailure(977)) - Retrying connect to server: localhost/127.0.0.1:40693. Already tried 14 time(s); retry policy is RetryUpToMaximumCountWithFixedSleep(maxRetries=15, sleepTime=1000 MILLISECONDS)
2022-09-12 01:24:54,816 [Listener at 127.0.0.1/41695] INFO  impl.MetricsSystemImpl (MetricsSystemImpl.java:init(158)) - OzoneManager metrics system started (again)
2022-09-12 01:24:54,829 [Listener at 127.0.0.1/41695] INFO  om.OzoneManager (OzoneManager.java:start(1480)) - OzoneManager RPC server is listening at localhost/127.0.0.1:41695
2022-09-12 01:24:54,829 [Listener at 127.0.0.1/41695] INFO  ratis.OzoneManagerRatisServer (OzoneManagerRatisServer.java:start(554)) - Starting OzoneManagerRatisServer omNode-bootstrap-2 at port 38739
2022-09-12 01:24:54,829 [omNode-bootstrap-2-impl-thread1] INFO  server.RaftServer$Division (RaftServerImpl.java:start(316)) - omNode-bootstrap-2@group-0AAC5367B30E: start with initializing state, conf=-1: [], old=null
2022-09-12 01:24:54,829 [omNode-bootstrap-2-impl-thread1] INFO  server.RaftServer$Division (RaftServerImpl.java:setRole(299)) - omNode-bootstrap-2@group-0AAC5367B30E: changes role from      null to FOLLOWER at term 0 for startInitializing
2022-09-12 01:24:54,829 [omNode-bootstrap-2-impl-thread1] INFO  util.JmxRegister (JmxRegister.java:tryRegister(44)) - Successfully registered JMX Bean with object name Ratis:service=RaftServer,group=group-0AAC5367B30E,id=omNode-bootstrap-2
2022-09-12 01:24:54,830 [Listener at 127.0.0.1/41695] INFO  server.RaftServer (RaftServerProxy.java:lambda$start$6(382)) - omNode-bootstrap-2: start RPC server
2022-09-12 01:24:54,842 [Listener at 127.0.0.1/41695] INFO  server.GrpcService (GrpcService.java:startImpl(260)) - omNode-bootstrap-2: GrpcService started, listening on 38739
2022-09-12 01:24:54,848 [Listener at 127.0.0.1/41695] INFO  om.OzoneManager (OzoneManager.java:start(1496)) - Version File has different layout version (3) than OM DB (null). That is expected if this OM has never been finalized to a newer layout version.
2022-09-12 01:24:54,849 [org.apache.ratis.util.JvmPauseMonitor$$Lambda$605/1445225850@4e49f028] INFO  util.JvmPauseMonitor (JvmPauseMonitor.java:run(103)) - JvmPauseMonitor-omNode-bootstrap-2: Started
2022-09-12 01:24:54,856 [Listener at 127.0.0.1/41695] INFO  http.BaseHttpServer (BaseHttpServer.java:newHttpServer2BuilderForOzone(213)) - Starting Web-server for ozoneManager at: http://0.0.0.0:37537
2022-09-12 01:24:54,857 [Listener at 127.0.0.1/41695] INFO  http.BaseHttpServer (BaseHttpServer.java:<init>(108)) - Hadoop Security Enabled: false Ozone Security Enabled: false Ozone HTTP Security Enabled: false 
2022-09-12 01:24:54,858 [Listener at 127.0.0.1/41695] INFO  server.AuthenticationFilter (AuthenticationFilter.java:constructSecretProvider(240)) - Unable to initialize FileSignerSecretProvider, falling back to use random secrets.
2022-09-12 01:24:54,860 [Listener at 127.0.0.1/41695] WARN  http.HttpRequestLog (HttpRequestLog.java:getRequestLog(103)) - Jetty request log can only be enabled using Log4j
2022-09-12 01:24:54,862 [Listener at 127.0.0.1/41695] INFO  http.HttpServer2 (HttpServer2.java:addGlobalFilter(1029)) - Added global filter 'safety' (class=org.apache.hadoop.hdds.server.http.HttpServer2$QuotingInputFilter)
2022-09-12 01:24:54,862 [Listener at 127.0.0.1/41695] INFO  http.HttpServer2 (HttpServer2.java:addFilter(1005)) - Added filter static_user_filter (class=org.apache.hadoop.http.lib.StaticUserWebFilter$StaticUserFilter) to context ozoneManager
2022-09-12 01:24:54,862 [Listener at 127.0.0.1/41695] INFO  http.HttpServer2 (HttpServer2.java:addFilter(1013)) - Added filter static_user_filter (class=org.apache.hadoop.http.lib.StaticUserWebFilter$StaticUserFilter) to context logs
2022-09-12 01:24:54,862 [Listener at 127.0.0.1/41695] INFO  http.HttpServer2 (HttpServer2.java:addFilter(1013)) - Added filter static_user_filter (class=org.apache.hadoop.http.lib.StaticUserWebFilter$StaticUserFilter) to context static
2022-09-12 01:24:54,863 [Listener at 127.0.0.1/41695] INFO  http.HttpServer2 (HttpServer2.java:bindListener(1248)) - Jetty bound to port 37537
2022-09-12 01:24:54,863 [Listener at 127.0.0.1/41695] INFO  server.Server (Server.java:doStart(375)) - jetty-9.4.43.v20210629; built: 2021-06-30T11:07:22.254Z; git: 526006ecfa3af7f1a27ef3a288e2bef7ea9dd7e8; jvm 1.8.0_345-b01
2022-09-12 01:24:54,883 [Listener at 127.0.0.1/41695] INFO  server.session (DefaultSessionIdManager.java:doStart(334)) - DefaultSessionIdManager workerName=node0
2022-09-12 01:24:54,883 [Listener at 127.0.0.1/41695] INFO  server.session (DefaultSessionIdManager.java:doStart(339)) - No SessionScavenger set, using defaults
2022-09-12 01:24:54,883 [Listener at 127.0.0.1/41695] INFO  server.session (HouseKeeper.java:startScavenging(132)) - node0 Scavenging every 600000ms
2022-09-12 01:24:54,889 [Listener at 127.0.0.1/41695] INFO  handler.ContextHandler (ContextHandler.java:doStart(915)) - Started o.e.j.s.ServletContextHandler@192f1739{logs,/logs,file:///home/runner/work/ozone/ozone/hadoop-ozone/integration-test/target/log,AVAILABLE}
2022-09-12 01:24:54,890 [Listener at 127.0.0.1/41695] INFO  handler.ContextHandler (ContextHandler.java:doStart(915)) - Started o.e.j.s.ServletContextHandler@75498945{static,/static,file:///home/runner/work/ozone/ozone/hadoop-ozone/integration-test/target/test-classes/webapps/static,AVAILABLE}
2022-09-12 01:24:54,892 [Listener at 127.0.0.1/41695] INFO  handler.ContextHandler (ContextHandler.java:doStart(915)) - Started o.e.j.w.WebAppContext@5ee464aa{ozoneManager,/,file:///home/runner/work/ozone/ozone/hadoop-ozone/integration-test/target/test-classes/webapps/ozoneManager/,AVAILABLE}{file:/home/runner/work/ozone/ozone/hadoop-ozone/integration-test/target/test-classes/webapps/ozoneManager}
2022-09-12 01:24:54,898 [Listener at 127.0.0.1/41695] INFO  server.AbstractConnector (AbstractConnector.java:doStart(331)) - Started ServerConnector@4453299e{HTTP/1.1, (http/1.1)}{0.0.0.0:37537}
2022-09-12 01:24:54,899 [Listener at 127.0.0.1/41695] INFO  server.Server (Server.java:doStart(415)) - Started @115609ms
2022-09-12 01:24:54,899 [Listener at 127.0.0.1/41695] WARN  impl.MetricsSystemImpl (MetricsSystemImpl.java:register(279)) - Sink prometheus already exists!
2022-09-12 01:24:54,900 [Listener at 127.0.0.1/41695] INFO  http.BaseHttpServer (BaseHttpServer.java:updateConnectorAddress(333)) - HTTP server of ozoneManager listening at http://0.0.0.0:37537
2022-09-12 01:24:54,914 [IPC Server Responder] INFO  ipc.Server (Server.java:run(1507)) - IPC Server Responder: starting
2022-09-12 01:24:54,920 [IPC Server listener on 41695] INFO  ipc.Server (Server.java:run(1344)) - IPC Server listener on 41695: starting
2022-09-12 01:24:54,930 [Listener at 127.0.0.1/41695] INFO  om.OzoneManager (OzoneManager.java:startTrashEmptier(1917)) - Trash Interval set to 0. Files deleted won't move to trash
2022-09-12 01:24:54,931 [org.apache.hadoop.util.JvmPauseMonitor$Monitor@359a6a1] INFO  util.JvmPauseMonitor (JvmPauseMonitor.java:run(188)) - Starting JVM pause monitor
2022-09-12 01:24:54,944 [IPC Server handler 3 on default port 35417] INFO  ratis.OzoneManagerRatisServer (OzoneManagerRatisServer.java:addOMToRatisRing(309)) - omNode-1: Submitting SetConfiguration request to Ratis server to add new OM peer omNode-bootstrap-2|rpc:localhost:38739|priority:0 to the Ratis group group-0AAC5367B30E:[omNode-1|rpc:localhost:45363|priority:0]
2022-09-12 01:24:54,944 [IPC Server handler 3 on default port 35417] INFO  server.RaftServer$Division (RaftServerImpl.java:setConfigurationAsync(1080)) - omNode-1@group-0AAC5367B30E: receive setConfiguration SetConfigurationRequest:client-53DE0E988BB8->omNode-1@group-0AAC5367B30E, cid=2, seq=0, RW, null, peers:[omNode-bootstrap-1|rpc:localhost:42185|priority:0, omNode-1|rpc:localhost:45363|priority:0, omNode-bootstrap-2|rpc:localhost:38739|priority:0]
2022-09-12 01:24:54,944 [IPC Server handler 3 on default port 35417] INFO  server.RaftServer$Division (LeaderStateImpl.java:startSetConfiguration(368)) - omNode-1@group-0AAC5367B30E-LeaderStateImpl: startSetConfiguration SetConfigurationRequest:client-53DE0E988BB8->omNode-1@group-0AAC5367B30E, cid=2, seq=0, RW, null, peers:[omNode-bootstrap-1|rpc:localhost:42185|priority:0, omNode-1|rpc:localhost:45363|priority:0, omNode-bootstrap-2|rpc:localhost:38739|priority:0]
2022-09-12 01:24:54,945 [IPC Server handler 3 on default port 35417] INFO  server.RaftServerConfigKeys (ConfUtils.java:logGet(46)) - raft.server.log.appender.snapshot.chunk.size.max = 16MB (=16777216) (default)
2022-09-12 01:24:54,945 [IPC Server handler 3 on default port 35417] INFO  server.RaftServerConfigKeys (ConfUtils.java:logGet(46)) - raft.server.log.appender.buffer.byte-limit = 33554432 (custom)
2022-09-12 01:24:54,945 [IPC Server handler 3 on default port 35417] INFO  server.RaftServerConfigKeys (ConfUtils.java:logGet(46)) - raft.server.log.appender.buffer.element-limit = 1024 (custom)
2022-09-12 01:24:54,946 [IPC Server handler 3 on default port 35417] INFO  grpc.GrpcConfigKeys (ConfUtils.java:logGet(46)) - raft.grpc.server.leader.outstanding.appends.max = 128 (default)
2022-09-12 01:24:54,946 [IPC Server handler 3 on default port 35417] INFO  server.RaftServerConfigKeys (ConfUtils.java:logGet(46)) - raft.server.rpc.request.timeout = 3000ms (default)
2022-09-12 01:24:54,946 [IPC Server handler 3 on default port 35417] INFO  server.RaftServerConfigKeys (ConfUtils.java:logGet(46)) - raft.server.log.appender.install.snapshot.enabled = false (custom)
2022-09-12 01:24:54,970 [grpc-default-executor-3] INFO  impl.SnapshotInstallationHandler (SnapshotInstallationHandler.java:installSnapshot(84)) - omNode-bootstrap-2@group-0AAC5367B30E: receive installSnapshot: omNode-1->omNode-bootstrap-2#0-t1,notify:(t:1, i:0)
2022-09-12 01:24:54,971 [grpc-default-executor-3] INFO  server.RaftServer$Division (ServerState.java:setLeader(287)) - omNode-bootstrap-2@group-0AAC5367B30E: change Leader from null to omNode-1 at term 1 for installSnapshot, leader elected after 879ms
2022-09-12 01:24:54,971 [grpc-default-executor-3] INFO  impl.SnapshotInstallationHandler (SnapshotInstallationHandler.java:notifyStateMachineToInstallSnapshot(215)) - omNode-bootstrap-2@group-0AAC5367B30E: Received notification to install snapshot at index 0
2022-09-12 01:24:54,971 [grpc-default-executor-3] INFO  impl.SnapshotInstallationHandler (SnapshotInstallationHandler.java:notifyStateMachineToInstallSnapshot(224)) - omNode-bootstrap-2@group-0AAC5367B30E: InstallSnapshot notification result: ALREADY_INSTALLED, current snapshot index: -1
2022-09-12 01:24:54,972 [grpc-default-executor-3] INFO  impl.SnapshotInstallationHandler (SnapshotInstallationHandler.java:installSnapshotImpl(129)) - omNode-bootstrap-2@group-0AAC5367B30E: set new configuration index: 11
configurationEntry {
  peers {
    id: "omNode-bootstrap-1"
    address: "localhost:42185"
  }
  peers {
    id: "omNode-1"
    address: "localhost:45363"
  }
}
 from snapshot
2022-09-12 01:24:54,989 [grpc-default-executor-3] INFO  server.RaftServer$Division (ServerState.java:setRaftConf(393)) - omNode-bootstrap-2@group-0AAC5367B30E: set configuration 11: [omNode-bootstrap-1|rpc:localhost:42185|admin:|client:|dataStream:|priority:0, omNode-1|rpc:localhost:45363|admin:|client:|dataStream:|priority:0], old=null
2022-09-12 01:24:54,989 [grpc-default-executor-3] INFO  ratis.OzoneManagerStateMachine (OzoneManagerStateMachine.java:notifyConfigurationChanged(192)) - Received Configuration change notification from Ratis. New Peer list:
[id: "omNode-bootstrap-1"
address: "localhost:42185"
, id: "omNode-1"
address: "localhost:45363"
]
2022-09-12 01:24:54,997 [grpc-default-executor-3] INFO  ratis.OzoneManagerRatisServer (OzoneManagerRatisServer.java:addRaftPeer(400)) - Added OM omNode-bootstrap-1 to Ratis Peers list.
2022-09-12 01:24:54,997 [grpc-default-executor-3] INFO  om.OzoneManager (OzoneManager.java:addOMNodeToPeers(1836)) - Added OM omNode-bootstrap-1 to the Peer list.
2022-09-12 01:24:54,997 [grpc-default-executor-3] INFO  ratis.OzoneManagerRatisServer (OzoneManagerRatisServer.java:addRaftPeer(400)) - Added OM omNode-1 to Ratis Peers list.
2022-09-12 01:24:54,997 [grpc-default-executor-3] INFO  om.OzoneManager (OzoneManager.java:addOMNodeToPeers(1836)) - Added OM omNode-1 to the Peer list.
2022-09-12 01:24:54,997 [grpc-default-executor-3] INFO  impl.SnapshotInstallationHandler (SnapshotInstallationHandler.java:installSnapshot(95)) - omNode-bootstrap-2@group-0AAC5367B30E: reply installSnapshot: omNode-1<-omNode-bootstrap-2#0:FAIL-t0,ALREADY_INSTALLED
2022-09-12 01:24:54,998 [grpc-default-executor-3] INFO  server.GrpcServerProtocolService (GrpcServerProtocolService.java:onCompleted(140)) - omNode-bootstrap-2: Completed INSTALL_SNAPSHOT, lastRequest: omNode-1->omNode-bootstrap-2#0-t1,notify:(t:1, i:0)
2022-09-12 01:24:55,013 [omNode-bootstrap-2-server-thread1] INFO  impl.RoleInfo (RoleInfo.java:updateAndGet(139)) - omNode-bootstrap-2: start omNode-bootstrap-2@group-0AAC5367B30E-FollowerState
2022-09-12 01:24:55,023 [omNode-bootstrap-2-server-thread1] INFO  server.RaftServer$Division (RaftServerImpl.java:checkInconsistentAppendEntries(1424)) - omNode-bootstrap-2@group-0AAC5367B30E: Failed appendEntries as previous log entry ((t:1, i:0)) is not found
2022-09-12 01:24:55,023 [omNode-bootstrap-2-server-thread1] INFO  server.RaftServer$Division (RaftServerImpl.java:checkInconsistentAppendEntries(1394)) - omNode-bootstrap-2@group-0AAC5367B30E: inconsistency entries. Reply:omNode-1<-omNode-bootstrap-2#0:FAIL-t1,INCONSISTENCY,nextIndex=0,followerCommit=-1
2022-09-12 01:24:55,026 [omNode-bootstrap-2-server-thread1] INFO  server.RaftServer$Division (RaftServerImpl.java:checkInconsistentAppendEntries(1424)) - omNode-bootstrap-2@group-0AAC5367B30E: Failed appendEntries as previous log entry ((t:1, i:0)) is not found
2022-09-12 01:24:55,026 [omNode-bootstrap-2-server-thread1] INFO  server.RaftServer$Division (RaftServerImpl.java:checkInconsistentAppendEntries(1394)) - omNode-bootstrap-2@group-0AAC5367B30E: inconsistency entries. Reply:omNode-1<-omNode-bootstrap-2#1:FAIL-t1,INCONSISTENCY,nextIndex=0,followerCommit=-1
2022-09-12 01:24:55,027 [omNode-bootstrap-2-server-thread1] INFO  server.RaftServer$Division (ServerState.java:setRaftConf(393)) - omNode-bootstrap-2@group-0AAC5367B30E: set configuration 0: [omNode-1|rpc:localhost:45363|admin:|client:|dataStream:|priority:0], old=null
2022-09-12 01:24:55,027 [omNode-bootstrap-2-server-thread1] INFO  server.RaftServer$Division (ServerState.java:setRaftConf(393)) - omNode-bootstrap-2@group-0AAC5367B30E: set configuration 9: [omNode-bootstrap-1|rpc:localhost:42185|admin:|client:|dataStream:|priority:0, omNode-1|rpc:localhost:45363|admin:|client:|dataStream:|priority:0], old=[omNode-1|rpc:localhost:45363|admin:|client:|dataStream:|priority:0]
2022-09-12 01:24:55,027 [omNode-bootstrap-2-server-thread1] INFO  server.RaftServer$Division (ServerState.java:setRaftConf(393)) - omNode-bootstrap-2@group-0AAC5367B30E: set configuration 11: [omNode-bootstrap-1|rpc:localhost:42185|admin:|client:|dataStream:|priority:0, omNode-1|rpc:localhost:45363|admin:|client:|dataStream:|priority:0], old=null
2022-09-12 01:24:55,027 [omNode-bootstrap-2-server-thread1] INFO  segmented.SegmentedRaftLogWorker (SegmentedRaftLogWorker.java:startLogSegment(425)) - omNode-bootstrap-2@group-0AAC5367B30E-SegmentedRaftLogWorker: Starting segment from index:0
2022-09-12 01:24:55,029 [omNode-bootstrap-2-server-thread1] INFO  server.RaftServer$Division (ServerState.java:setRaftConf(393)) - omNode-bootstrap-2@group-0AAC5367B30E: set configuration 0: [omNode-1|rpc:localhost:45363|admin:|client:|dataStream:|priority:0], old=null
2022-09-12 01:24:55,029 [omNode-bootstrap-2-server-thread1] INFO  server.RaftServer$Division (ServerState.java:setRaftConf(393)) - omNode-bootstrap-2@group-0AAC5367B30E: set configuration 9: [omNode-bootstrap-1|rpc:localhost:42185|admin:|client:|dataStream:|priority:0, omNode-1|rpc:localhost:45363|admin:|client:|dataStream:|priority:0], old=[omNode-1|rpc:localhost:45363|admin:|client:|dataStream:|priority:0]
2022-09-12 01:24:55,030 [omNode-bootstrap-2-server-thread1] INFO  server.RaftServer$Division (ServerState.java:setRaftConf(393)) - omNode-bootstrap-2@group-0AAC5367B30E: set configuration 11: [omNode-bootstrap-1|rpc:localhost:42185|admin:|client:|dataStream:|priority:0, omNode-1|rpc:localhost:45363|admin:|client:|dataStream:|priority:0], old=null
2022-09-12 01:24:55,035 [omNode-bootstrap-2@group-0AAC5367B30E-SegmentedRaftLogWorker] INFO  segmented.SegmentedRaftLogWorker (SegmentedRaftLogWorker.java:execute(629)) - omNode-bootstrap-2@group-0AAC5367B30E-SegmentedRaftLogWorker: created new log segment /home/runner/work/ozone/ozone/hadoop-ozone/integration-test/target/test-dir/MiniOzoneClusterImpl-cb4dd006-d395-492a-b682-c2bfe535b5e8/omNode-bootstrap-2/ratis/0718e334-ffa1-36bc-8e9a-0aac5367b30e/current/log_inprogress_0
2022-09-12 01:24:55,042 [omNode-bootstrap-2@group-0AAC5367B30E-StateMachineUpdater] INFO  ratis.OzoneManagerStateMachine (OzoneManagerStateMachine.java:notifyConfigurationChanged(192)) - Received Configuration change notification from Ratis. New Peer list:
[id: "omNode-1"
address: "localhost:45363"
]
2022-09-12 01:24:55,042 [omNode-bootstrap-2@group-0AAC5367B30E-StateMachineUpdater] INFO  ratis.OzoneManagerRatisServer (OzoneManagerRatisServer.java:removeRaftPeer(409)) - org.apache.hadoop.ozone.om.ratis.OzoneManagerRatisServer@52de90c9: Removed OM omNode-bootstrap-1 from Ratis Peers list.
2022-09-12 01:24:55,042 [omNode-bootstrap-2@group-0AAC5367B30E-StateMachineUpdater] INFO  om.OzoneManager (OzoneManager.java:removeOMNodeFromPeers(1854)) - Removed OM omNode-bootstrap-1 from OM Peer Nodes.
2022-09-12 01:24:55,043 [omNode-bootstrap-2@group-0AAC5367B30E-StateMachineUpdater] INFO  ratis.OzoneManagerStateMachine (OzoneManagerStateMachine.java:notifyConfigurationChanged(192)) - Received Configuration change notification from Ratis. New Peer list:
[id: "omNode-bootstrap-1"
address: "localhost:42185"
, id: "omNode-1"
address: "localhost:45363"
]
2022-09-12 01:24:55,043 [omNode-bootstrap-2@group-0AAC5367B30E-StateMachineUpdater] INFO  ratis.OzoneManagerRatisServer (OzoneManagerRatisServer.java:addRaftPeer(400)) - Added OM omNode-bootstrap-1 to Ratis Peers list.
2022-09-12 01:24:55,043 [omNode-bootstrap-2@group-0AAC5367B30E-StateMachineUpdater] INFO  om.OzoneManager (OzoneManager.java:addOMNodeToPeers(1836)) - Added OM omNode-bootstrap-1 to the Peer list.
2022-09-12 01:24:55,043 [omNode-bootstrap-2@group-0AAC5367B30E-StateMachineUpdater] INFO  ratis.OzoneManagerStateMachine (OzoneManagerStateMachine.java:notifyConfigurationChanged(192)) - Received Configuration change notification from Ratis. New Peer list:
[id: "omNode-bootstrap-1"
address: "localhost:42185"
, id: "omNode-1"
address: "localhost:45363"
]
2022-09-12 01:24:55,048 [OM StateMachine ApplyTransaction Thread - 0] INFO  volume.OMVolumeCreateRequest (OMVolumeCreateRequest.java:validateAndUpdateCache(195)) - created volume:volume14023 for user:runner
2022-09-12 01:24:55,048 [OM StateMachine ApplyTransaction Thread - 0] INFO  bucket.OMBucketCreateRequest (OMBucketCreateRequest.java:validateAndUpdateCache(260)) - created bucket: bucket34978 of layout LEGACY in volume: volume14023
2022-09-12 01:24:55,065 [omNode-1@group-0AAC5367B30E-LeaderStateImpl] INFO  server.RaftServer$Division (ServerState.java:setRaftConf(393)) - omNode-1@group-0AAC5367B30E: set configuration 13: [omNode-bootstrap-2|rpc:localhost:38739|priority:0, omNode-bootstrap-1|rpc:localhost:42185|priority:0, omNode-1|rpc:localhost:45363|priority:0], old=[omNode-bootstrap-1|rpc:localhost:42185|priority:0, omNode-1|rpc:localhost:45363|priority:0]
2022-09-12 01:24:55,067 [omNode-bootstrap-2-server-thread1] INFO  server.RaftServer$Division (ServerState.java:setRaftConf(393)) - omNode-bootstrap-2@group-0AAC5367B30E: set configuration 13: [omNode-bootstrap-2|rpc:localhost:38739|admin:|client:|dataStream:|priority:0, omNode-bootstrap-1|rpc:localhost:42185|admin:|client:|dataStream:|priority:0, omNode-1|rpc:localhost:45363|admin:|client:|dataStream:|priority:0], old=[omNode-bootstrap-1|rpc:localhost:42185|admin:|client:|dataStream:|priority:0, omNode-1|rpc:localhost:45363|admin:|client:|dataStream:|priority:0]
2022-09-12 01:24:55,073 [omNode-bootstrap-1-server-thread1] INFO  server.RaftServer$Division (ServerState.java:setRaftConf(393)) - omNode-bootstrap-1@group-0AAC5367B30E: set configuration 13: [omNode-bootstrap-2|rpc:localhost:38739|admin:|client:|dataStream:|priority:0, omNode-bootstrap-1|rpc:localhost:42185|admin:|client:|dataStream:|priority:0, omNode-1|rpc:localhost:45363|admin:|client:|dataStream:|priority:0], old=[omNode-bootstrap-1|rpc:localhost:42185|admin:|client:|dataStream:|priority:0, omNode-1|rpc:localhost:45363|admin:|client:|dataStream:|priority:0]
2022-09-12 01:24:55,076 [omNode-1@group-0AAC5367B30E-LeaderStateImpl] INFO  server.RaftServer$Division (ServerState.java:setRaftConf(393)) - omNode-1@group-0AAC5367B30E: set configuration 15: [omNode-bootstrap-2|rpc:localhost:38739|priority:0, omNode-bootstrap-1|rpc:localhost:42185|priority:0, omNode-1|rpc:localhost:45363|priority:0], old=null
2022-09-12 01:24:55,077 [omNode-bootstrap-2-server-thread1] INFO  server.RaftServer$Division (ServerState.java:setRaftConf(393)) - omNode-bootstrap-2@group-0AAC5367B30E: set configuration 15: [omNode-bootstrap-2|rpc:localhost:38739|admin:|client:|dataStream:|priority:0, omNode-bootstrap-1|rpc:localhost:42185|admin:|client:|dataStream:|priority:0, omNode-1|rpc:localhost:45363|admin:|client:|dataStream:|priority:0], old=null
2022-09-12 01:24:55,076 [omNode-bootstrap-1-server-thread1] INFO  server.RaftServer$Division (ServerState.java:setRaftConf(393)) - omNode-bootstrap-1@group-0AAC5367B30E: set configuration 15: [omNode-bootstrap-2|rpc:localhost:38739|admin:|client:|dataStream:|priority:0, omNode-bootstrap-1|rpc:localhost:42185|admin:|client:|dataStream:|priority:0, omNode-1|rpc:localhost:45363|admin:|client:|dataStream:|priority:0], old=null
2022-09-12 01:24:55,076 [omNode-1@group-0AAC5367B30E-StateMachineUpdater] INFO  ratis.OzoneManagerStateMachine (OzoneManagerStateMachine.java:notifyConfigurationChanged(192)) - Received Configuration change notification from Ratis. New Peer list:
[id: "omNode-bootstrap-2"
address: "localhost:38739"
, id: "omNode-bootstrap-1"
address: "localhost:42185"
, id: "omNode-1"
address: "localhost:45363"
]
2022-09-12 01:24:55,079 [omNode-bootstrap-2@group-0AAC5367B30E-StateMachineUpdater] INFO  ratis.OzoneManagerStateMachine (OzoneManagerStateMachine.java:notifyConfigurationChanged(192)) - Received Configuration change notification from Ratis. New Peer list:
[id: "omNode-bootstrap-2"
address: "localhost:38739"
, id: "omNode-bootstrap-1"
address: "localhost:42185"
, id: "omNode-1"
address: "localhost:45363"
]
2022-09-12 01:24:55,080 [IPC Server handler 3 on default port 35417] INFO  ratis.OzoneManagerRatisServer (OzoneManagerRatisServer.java:addOMToRatisRing(323)) - Added OM omNode-bootstrap-2 to Ratis group group-0AAC5367B30E.
2022-09-12 01:24:55,081 [omNode-bootstrap-1@group-0AAC5367B30E-StateMachineUpdater] INFO  ratis.OzoneManagerStateMachine (OzoneManagerStateMachine.java:notifyConfigurationChanged(192)) - Received Configuration change notification from Ratis. New Peer list:
[id: "omNode-bootstrap-2"
address: "localhost:38739"
, id: "omNode-bootstrap-1"
address: "localhost:42185"
, id: "omNode-1"
address: "localhost:45363"
]
2022-09-12 01:24:55,087 [omNode-bootstrap-2@group-0AAC5367B30E-StateMachineUpdater] INFO  ratis.OzoneManagerRatisServer (OzoneManagerRatisServer.java:addRaftPeer(400)) - Added OM omNode-bootstrap-2 to Ratis Peers list.
2022-09-12 01:24:55,087 [omNode-bootstrap-2@group-0AAC5367B30E-StateMachineUpdater] INFO  ratis.OzoneManagerRatisServer (OzoneManagerRatisServer.java:addRaftPeer(400)) - Added OM omNode-bootstrap-1 to Ratis Peers list.
2022-09-12 01:24:55,087 [omNode-bootstrap-2@group-0AAC5367B30E-StateMachineUpdater] INFO  ratis.OzoneManagerRatisServer (OzoneManagerRatisServer.java:addRaftPeer(400)) - Added OM omNode-1 to Ratis Peers list.
2022-09-12 01:24:55,087 [omNode-1@group-0AAC5367B30E-StateMachineUpdater] INFO  ratis.OzoneManagerRatisServer (OzoneManagerRatisServer.java:addRaftPeer(400)) - Added OM omNode-bootstrap-2 to Ratis Peers list.
2022-09-12 01:24:55,087 [omNode-1@group-0AAC5367B30E-StateMachineUpdater] INFO  om.OzoneManager (OzoneManager.java:addOMNodeToPeers(1836)) - Added OM omNode-bootstrap-2 to the Peer list.
2022-09-12 01:24:55,087 [omNode-bootstrap-1@group-0AAC5367B30E-StateMachineUpdater] INFO  ratis.OzoneManagerRatisServer (OzoneManagerRatisServer.java:addRaftPeer(400)) - Added OM omNode-bootstrap-2 to Ratis Peers list.
2022-09-12 01:24:55,087 [omNode-bootstrap-1@group-0AAC5367B30E-StateMachineUpdater] INFO  om.OzoneManager (OzoneManager.java:addOMNodeToPeers(1836)) - Added OM omNode-bootstrap-2 to the Peer list.
2022-09-12 01:24:55,087 [omNode-1@group-0AAC5367B30E-StateMachineUpdater] INFO  ratis.OzoneManagerStateMachine (OzoneManagerStateMachine.java:notifyConfigurationChanged(192)) - Received Configuration change notification from Ratis. New Peer list:
[id: "omNode-bootstrap-2"
address: "localhost:38739"
, id: "omNode-bootstrap-1"
address: "localhost:42185"
, id: "omNode-1"
address: "localhost:45363"
]
2022-09-12 01:24:55,087 [omNode-bootstrap-1@group-0AAC5367B30E-StateMachineUpdater] INFO  ratis.OzoneManagerStateMachine (OzoneManagerStateMachine.java:notifyConfigurationChanged(192)) - Received Configuration change notification from Ratis. New Peer list:
[id: "omNode-bootstrap-2"
address: "localhost:38739"
, id: "omNode-bootstrap-1"
address: "localhost:42185"
, id: "omNode-1"
address: "localhost:45363"
]
2022-09-12 01:24:55,087 [Listener at 127.0.0.1/41695] INFO  om.OzoneManager (OzoneManager.java:bootstrap(1708)) - Successfully bootstrapped OM omNode-bootstrap-2 and joined the Ratis group group-0AAC5367B30E:[]
2022-09-12 01:24:55,088 [Listener at 127.0.0.1/41695] INFO  ozone.MiniOzoneHAClusterImpl (MiniOzoneHAClusterImpl.java:bootstrapOzoneManager(782)) - Bootstrapped OzoneManager omNode-bootstrap-2 RPC server at localhost/127.0.0.1:41695
2022-09-12 01:24:55,088 [Listener at 127.0.0.1/41695] INFO  om.OzoneManager (OzoneManager.java:stop(2032)) - omNode-1[localhost:35417]: Stopping Ozone Manager
2022-09-12 01:24:55,088 [Listener at 127.0.0.1/41695] INFO  ipc.Server (Server.java:stop(3414)) - Stopping server on 35417
2022-09-12 01:24:55,094 [IPC Server Responder] INFO  ipc.Server (Server.java:run(1512)) - Stopping IPC Server Responder
2022-09-12 01:24:55,095 [IPC Server listener on 35417] INFO  ipc.Server (Server.java:run(1376)) - Stopping IPC Server listener on 35417
2022-09-12 01:24:55,100 [Listener at 127.0.0.1/41695] INFO  server.RaftServer (RaftServerProxy.java:lambda$close$7(398)) - omNode-1: close
2022-09-12 01:24:55,101 [Listener at 127.0.0.1/41695] INFO  server.RaftServer$Division (RaftServerImpl.java:lambda$close$4(434)) - omNode-1@group-0AAC5367B30E: shutdown
2022-09-12 01:24:55,101 [Listener at 127.0.0.1/41695] INFO  util.JmxRegister (JmxRegister.java:unregister(73)) - Successfully un-registered JMX Bean with object name Ratis:service=RaftServer,group=group-0AAC5367B30E,id=omNode-1
2022-09-12 01:24:55,101 [Listener at 127.0.0.1/41695] INFO  impl.RoleInfo (RoleInfo.java:shutdownLeaderState(93)) - omNode-1: shutdown omNode-1@group-0AAC5367B30E-LeaderStateImpl
2022-09-12 01:24:55,101 [Listener at 127.0.0.1/41695] INFO  impl.PendingRequests (PendingRequests.java:sendNotLeaderResponses(282)) - omNode-1@group-0AAC5367B30E-PendingRequests: sendNotLeaderResponses
2022-09-12 01:24:55,106 [grpc-default-executor-3] INFO  server.GrpcServerProtocolService (GrpcServerProtocolService.java:onCompleted(140)) - omNode-bootstrap-1: Completed APPEND_ENTRIES, lastRequest: omNode-1->omNode-bootstrap-1#67-t1,previous=(t:1, i:15),leaderCommit=15,initializing? true,entries: size=1, first=(t:1, i:16), METADATAENTRY(c:15)
2022-09-12 01:24:55,113 [grpc-default-executor-4] INFO  server.GrpcServerProtocolService (GrpcServerProtocolService.java:onCompleted(140)) - omNode-bootstrap-2: Completed APPEND_ENTRIES, lastRequest: omNode-1->omNode-bootstrap-2#12-t1,previous=(t:1, i:15),leaderCommit=16,initializing? true,entries: size=1, first=(t:1, i:16), METADATAENTRY(c:15)
2022-09-12 01:24:55,114 [omNode-bootstrap-2@group-0AAC5367B30E-StateMachineUpdater] INFO  ratis.OzoneManagerStateMachine (OzoneManagerStateMachine.java:notifyConfigurationChanged(192)) - Received Configuration change notification from Ratis. New Peer list:
[id: "omNode-bootstrap-2"
address: "localhost:38739"
, id: "omNode-bootstrap-1"
address: "localhost:42185"
, id: "omNode-1"
address: "localhost:45363"
]
2022-09-12 01:24:55,117 [Listener at 127.0.0.1/41695] INFO  impl.StateMachineUpdater (StateMachineUpdater.java:stopAndJoin(153)) - omNode-1@group-0AAC5367B30E-StateMachineUpdater: set stopIndex = 16
2022-09-12 01:24:55,117 [omNode-1@group-0AAC5367B30E-StateMachineUpdater] INFO  ratis.OzoneManagerStateMachine (OzoneManagerStateMachine.java:takeSnapshot(441)) - Current Snapshot Index (t:1, i:16)
2022-09-12 01:24:55,117 [omNode-1@group-0AAC5367B30E-StateMachineUpdater] INFO  impl.StateMachineUpdater (StateMachineUpdater.java:takeSnapshot(287)) - omNode-1@group-0AAC5367B30E-StateMachineUpdater: Took a snapshot at index 16
2022-09-12 01:24:55,117 [omNode-1@group-0AAC5367B30E-StateMachineUpdater] INFO  impl.StateMachineUpdater (StateMachineUpdater.java:lambda$new$0(92)) - omNode-1@group-0AAC5367B30E-StateMachineUpdater: snapshotIndex: updateIncreasingly -1 -> 16
2022-09-12 01:24:55,117 [omNode-1@group-0AAC5367B30E-StateMachineUpdater] INFO  ratis.OzoneManagerStateMachine (OzoneManagerStateMachine.java:close(495)) - StateMachine has shutdown. Shutdown OzoneManager if not already shutdown.
2022-09-12 01:24:55,117 [omNode-1@group-0AAC5367B30E-StateMachineUpdater] INFO  ratis.OzoneManagerDoubleBuffer (OzoneManagerDoubleBuffer.java:stop(466)) - Stopping OMDoubleBuffer flush thread
2022-09-12 01:24:55,120 [OMDoubleBufferFlushThread] INFO  ratis.OzoneManagerDoubleBuffer (OzoneManagerDoubleBuffer.java:flushTransactions(385)) - OMDoubleBuffer flush thread OMDoubleBufferFlushThread is interrupted and will exit.
2022-09-12 01:24:55,126 [Listener at 127.0.0.1/41695] INFO  server.RaftServer$Division (ServerState.java:close(429)) - omNode-1@group-0AAC5367B30E: closes. applyIndex: 16
2022-09-12 01:24:55,127 [omNode-1@group-0AAC5367B30E-SegmentedRaftLogWorker] INFO  segmented.SegmentedRaftLogWorker (SegmentedRaftLogWorker.java:run(336)) - omNode-1@group-0AAC5367B30E-SegmentedRaftLogWorker was interrupted, exiting. There are 0 tasks remaining in the queue.
2022-09-12 01:24:55,128 [Listener at 127.0.0.1/41695] INFO  segmented.SegmentedRaftLogWorker (SegmentedRaftLogWorker.java:close(246)) - omNode-1@group-0AAC5367B30E-SegmentedRaftLogWorker close()
2022-09-12 01:24:55,129 [Listener at 127.0.0.1/41695] INFO  server.GrpcService (GrpcService.java:closeImpl(269)) - omNode-1: shutdown server with port 45363 now
2022-09-12 01:24:55,154 [Listener at 127.0.0.1/41695] INFO  server.GrpcService (GrpcService.java:closeImpl(278)) - omNode-1: shutdown server with port 45363 successfully
2022-09-12 01:24:55,154 [org.apache.ratis.util.JvmPauseMonitor$$Lambda$605/1445225850@d743428] INFO  util.JvmPauseMonitor (JvmPauseMonitor.java:run(109)) - JvmPauseMonitor-omNode-1: Stopped
2022-09-12 01:24:55,156 [Listener at 127.0.0.1/41695] INFO  ratis.OzoneManagerStateMachine (OzoneManagerStateMachine.java:close(495)) - StateMachine has shutdown. Shutdown OzoneManager if not already shutdown.
2022-09-12 01:24:55,156 [Listener at 127.0.0.1/41695] INFO  ratis.OzoneManagerDoubleBuffer (OzoneManagerDoubleBuffer.java:stop(478)) - OMDoubleBuffer flush thread is not running.
2022-09-12 01:24:55,157 [Listener at 127.0.0.1/41695] INFO  utils.BackgroundService (BackgroundService.java:shutdown(141)) - Shutting down service KeyDeletingService
2022-09-12 01:24:55,157 [Listener at 127.0.0.1/41695] INFO  utils.BackgroundService (BackgroundService.java:shutdown(141)) - Shutting down service DirectoryDeletingService
2022-09-12 01:24:55,158 [Listener at 127.0.0.1/41695] INFO  utils.BackgroundService (BackgroundService.java:shutdown(141)) - Shutting down service OpenKeyCleanupService
2022-09-12 01:24:55,158 [Listener at 127.0.0.1/41695] INFO  handler.ContextHandler (ContextHandler.java:doStop(1153)) - Stopped o.e.j.w.WebAppContext@20b9dc53{ozoneManager,/,null,STOPPED}{file:/home/runner/work/ozone/ozone/hadoop-ozone/integration-test/target/test-classes/webapps/ozoneManager}
2022-09-12 01:24:55,158 [Listener at 127.0.0.1/41695] INFO  server.AbstractConnector (AbstractConnector.java:doStop(381)) - Stopped ServerConnector@52b12236{HTTP/1.1, (http/1.1)}{0.0.0.0:33889}
2022-09-12 01:24:55,159 [Listener at 127.0.0.1/41695] INFO  server.session (HouseKeeper.java:stopScavenging(149)) - node0 Stopped scavenging
2022-09-12 01:24:55,159 [Listener at 127.0.0.1/41695] INFO  handler.ContextHandler (ContextHandler.java:doStop(1153)) - Stopped o.e.j.s.ServletContextHandler@3340f248{static,/static,file:///home/runner/work/ozone/ozone/hadoop-ozone/integration-test/target/test-classes/webapps/static,STOPPED}
2022-09-12 01:24:55,159 [Listener at 127.0.0.1/41695] INFO  handler.ContextHandler (ContextHandler.java:doStop(1153)) - Stopped o.e.j.s.ServletContextHandler@b8b3874{logs,/logs,file:///home/runner/work/ozone/ozone/hadoop-ozone/integration-test/target/log,STOPPED}
2022-09-12 01:24:55,783 [EndpointStateMachine task thread for /127.0.0.1:40693 - 0 ] INFO  ipc.Client (Client.java:handleConnectionFailure(977)) - Retrying connect to server: localhost/127.0.0.1:40693. Already tried 0 time(s); retry policy is RetryUpToMaximumCountWithFixedSleep(maxRetries=15, sleepTime=1000 MILLISECONDS)
2022-09-12 01:24:56,784 [EndpointStateMachine task thread for /127.0.0.1:40693 - 0 ] INFO  ipc.Client (Client.java:handleConnectionFailure(977)) - Retrying connect to server: localhost/127.0.0.1:40693. Already tried 1 time(s); retry policy is RetryUpToMaximumCountWithFixedSleep(maxRetries=15, sleepTime=1000 MILLISECONDS)
2022-09-12 01:24:57,378 [omNode-bootstrap-2@group-0AAC5367B30E-FollowerState] INFO  impl.FollowerState (FollowerState.java:run(143)) - omNode-bootstrap-2@group-0AAC5367B30E-FollowerState: change to CANDIDATE, lastRpcElapsedTime:2264766960ns, electionTimeout:1148ms
2022-09-12 01:24:57,378 [omNode-bootstrap-2@group-0AAC5367B30E-FollowerState] INFO  impl.RoleInfo (RoleInfo.java:shutdownFollowerState(110)) - omNode-bootstrap-2: shutdown omNode-bootstrap-2@group-0AAC5367B30E-FollowerState
2022-09-12 01:24:57,378 [omNode-bootstrap-2@group-0AAC5367B30E-FollowerState] INFO  server.RaftServer$Division (RaftServerImpl.java:setRole(299)) - omNode-bootstrap-2@group-0AAC5367B30E: changes role from  FOLLOWER to CANDIDATE at term 1 for changeToCandidate
2022-09-12 01:24:57,379 [omNode-bootstrap-2@group-0AAC5367B30E-FollowerState] INFO  server.RaftServerConfigKeys (ConfUtils.java:logGet(46)) - raft.server.leaderelection.pre-vote = false (custom)
2022-09-12 01:24:57,379 [omNode-bootstrap-2@group-0AAC5367B30E-FollowerState] INFO  impl.RoleInfo (RoleInfo.java:updateAndGet(139)) - omNode-bootstrap-2: start omNode-bootstrap-2@group-0AAC5367B30E-LeaderElection24
2022-09-12 01:24:57,387 [omNode-bootstrap-2@group-0AAC5367B30E-LeaderElection24] INFO  server.RaftServer$Division (ServerState.java:setLeader(287)) - omNode-bootstrap-2@group-0AAC5367B30E: change Leader from omNode-1 to null at term 1 for ELECTION
2022-09-12 01:24:57,390 [omNode-bootstrap-2@group-0AAC5367B30E-LeaderElection24] INFO  impl.LeaderElection (LeaderElection.java:askForVotes(310)) - omNode-bootstrap-2@group-0AAC5367B30E-LeaderElection24 ELECTION round 0: submit vote requests at term 2 for 15: [omNode-bootstrap-2|rpc:localhost:38739|admin:|client:|dataStream:|priority:0, omNode-bootstrap-1|rpc:localhost:42185|admin:|client:|dataStream:|priority:0, omNode-1|rpc:localhost:45363|admin:|client:|dataStream:|priority:0], old=null
2022-09-12 01:24:57,416 [grpc-default-executor-4] INFO  server.RaftServer$Division (RaftServerImpl.java:requestVote(1152)) - omNode-bootstrap-1@group-0AAC5367B30E: receive requestVote(ELECTION, omNode-bootstrap-2, group-0AAC5367B30E, 2, (t:1, i:16))
2022-09-12 01:24:57,417 [grpc-default-executor-4] WARN  server.GrpcServerProtocolService (LogUtils.java:warn(122)) - omNode-bootstrap-1: Failed requestVote omNode-bootstrap-2->omNode-bootstrap-1#0: org.apache.ratis.protocol.exceptions.ServerNotReadyException: omNode-bootstrap-1@group-0AAC5367B30E is not in [RUNNING]: current state is STARTING
2022-09-12 01:24:57,422 [omNode-bootstrap-2@group-0AAC5367B30E-LeaderElection24] INFO  impl.LeaderElection (LogUtils.java:infoOrTrace(137)) - omNode-bootstrap-2@group-0AAC5367B30E-LeaderElection24 got exception when requesting votes: java.util.concurrent.ExecutionException: org.apache.ratis.thirdparty.io.grpc.StatusRuntimeException: UNAVAILABLE: io exception
2022-09-12 01:24:57,441 [omNode-bootstrap-2@group-0AAC5367B30E-LeaderElection24] INFO  impl.LeaderElection (LogUtils.java:infoOrTrace(137)) - omNode-bootstrap-2@group-0AAC5367B30E-LeaderElection24 got exception when requesting votes: java.util.concurrent.ExecutionException: org.apache.ratis.thirdparty.io.grpc.StatusRuntimeException: INTERNAL: omNode-bootstrap-1@group-0AAC5367B30E is not in [RUNNING]: current state is STARTING
2022-09-12 01:24:57,441 [omNode-bootstrap-2@group-0AAC5367B30E-LeaderElection24] INFO  impl.LeaderElection (LeaderElection.java:logAndReturn(90)) - omNode-bootstrap-2@group-0AAC5367B30E-LeaderElection24: ELECTION REJECTED received 0 response(s) and 2 exception(s):
2022-09-12 01:24:57,441 [omNode-bootstrap-2@group-0AAC5367B30E-LeaderElection24] INFO  impl.LeaderElection (LogUtils.java:infoOrTrace(137)) -   Exception 0: java.util.concurrent.ExecutionException: org.apache.ratis.thirdparty.io.grpc.StatusRuntimeException: UNAVAILABLE: io exception
2022-09-12 01:24:57,441 [omNode-bootstrap-2@group-0AAC5367B30E-LeaderElection24] INFO  impl.LeaderElection (LogUtils.java:infoOrTrace(137)) -   Exception 1: java.util.concurrent.ExecutionException: org.apache.ratis.thirdparty.io.grpc.StatusRuntimeException: INTERNAL: omNode-bootstrap-1@group-0AAC5367B30E is not in [RUNNING]: current state is STARTING
2022-09-12 01:24:57,441 [omNode-bootstrap-2@group-0AAC5367B30E-LeaderElection24] INFO  impl.LeaderElection (LeaderElection.java:askForVotes(312)) - omNode-bootstrap-2@group-0AAC5367B30E-LeaderElection24 ELECTION round 0: result REJECTED
2022-09-12 01:24:57,441 [omNode-bootstrap-2@group-0AAC5367B30E-LeaderElection24] INFO  server.RaftServer$Division (RaftServerImpl.java:setRole(299)) - omNode-bootstrap-2@group-0AAC5367B30E: changes role from CANDIDATE to FOLLOWER at term 2 for REJECTED
2022-09-12 01:24:57,441 [omNode-bootstrap-2@group-0AAC5367B30E-LeaderElection24] INFO  impl.RoleInfo (RoleInfo.java:shutdownLeaderElection(130)) - omNode-bootstrap-2: shutdown omNode-bootstrap-2@group-0AAC5367B30E-LeaderElection24
2022-09-12 01:24:57,441 [omNode-bootstrap-2@group-0AAC5367B30E-LeaderElection24] INFO  impl.RoleInfo (RoleInfo.java:updateAndGet(139)) - omNode-bootstrap-2: start omNode-bootstrap-2@group-0AAC5367B30E-FollowerState
2022-09-12 01:24:57,784 [EndpointStateMachine task thread for /127.0.0.1:40693 - 0 ] INFO  ipc.Client (Client.java:handleConnectionFailure(977)) - Retrying connect to server: localhost/127.0.0.1:40693. Already tried 2 time(s); retry policy is RetryUpToMaximumCountWithFixedSleep(maxRetries=15, sleepTime=1000 MILLISECONDS)
2022-09-12 01:24:58,522 [omNode-bootstrap-2@group-0AAC5367B30E-FollowerState] INFO  impl.FollowerState (FollowerState.java:run(143)) - omNode-bootstrap-2@group-0AAC5367B30E-FollowerState: change to CANDIDATE, lastRpcElapsedTime:1080390919ns, electionTimeout:1076ms
2022-09-12 01:24:58,522 [omNode-bootstrap-2@group-0AAC5367B30E-FollowerState] INFO  impl.RoleInfo (RoleInfo.java:shutdownFollowerState(110)) - omNode-bootstrap-2: shutdown omNode-bootstrap-2@group-0AAC5367B30E-FollowerState
2022-09-12 01:24:58,522 [omNode-bootstrap-2@group-0AAC5367B30E-FollowerState] INFO  server.RaftServer$Division (RaftServerImpl.java:setRole(299)) - omNode-bootstrap-2@group-0AAC5367B30E: changes role from  FOLLOWER to CANDIDATE at term 2 for changeToCandidate
2022-09-12 01:24:58,522 [omNode-bootstrap-2@group-0AAC5367B30E-FollowerState] INFO  server.RaftServerConfigKeys (ConfUtils.java:logGet(46)) - raft.server.leaderelection.pre-vote = false (custom)
2022-09-12 01:24:58,522 [omNode-bootstrap-2@group-0AAC5367B30E-FollowerState] INFO  impl.RoleInfo (RoleInfo.java:updateAndGet(139)) - omNode-bootstrap-2: start omNode-bootstrap-2@group-0AAC5367B30E-LeaderElection25
2022-09-12 01:24:58,535 [omNode-bootstrap-2@group-0AAC5367B30E-LeaderElection25] INFO  impl.LeaderElection (LeaderElection.java:askForVotes(310)) - omNode-bootstrap-2@group-0AAC5367B30E-LeaderElection25 ELECTION round 0: submit vote requests at term 3 for 15: [omNode-bootstrap-2|rpc:localhost:38739|admin:|client:|dataStream:|priority:0, omNode-bootstrap-1|rpc:localhost:42185|admin:|client:|dataStream:|priority:0, omNode-1|rpc:localhost:45363|admin:|client:|dataStream:|priority:0], old=null
2022-09-12 01:24:58,561 [grpc-default-executor-3] INFO  server.RaftServer$Division (RaftServerImpl.java:requestVote(1152)) - omNode-bootstrap-1@group-0AAC5367B30E: receive requestVote(ELECTION, omNode-bootstrap-2, group-0AAC5367B30E, 3, (t:1, i:16))
2022-09-12 01:24:58,561 [grpc-default-executor-3] WARN  server.GrpcServerProtocolService (LogUtils.java:warn(122)) - omNode-bootstrap-1: Failed requestVote omNode-bootstrap-2->omNode-bootstrap-1#0: org.apache.ratis.protocol.exceptions.ServerNotReadyException: omNode-bootstrap-1@group-0AAC5367B30E is not in [RUNNING]: current state is STARTING
2022-09-12 01:24:58,563 [omNode-bootstrap-2@group-0AAC5367B30E-LeaderElection25] INFO  impl.LeaderElection (LogUtils.java:infoOrTrace(137)) - omNode-bootstrap-2@group-0AAC5367B30E-LeaderElection25 got exception when requesting votes: java.util.concurrent.ExecutionException: org.apache.ratis.thirdparty.io.grpc.StatusRuntimeException: INTERNAL: omNode-bootstrap-1@group-0AAC5367B30E is not in [RUNNING]: current state is STARTING
2022-09-12 01:24:58,572 [omNode-bootstrap-2@group-0AAC5367B30E-LeaderElection25] INFO  impl.LeaderElection (LogUtils.java:infoOrTrace(137)) - omNode-bootstrap-2@group-0AAC5367B30E-LeaderElection25 got exception when requesting votes: java.util.concurrent.ExecutionException: org.apache.ratis.thirdparty.io.grpc.StatusRuntimeException: UNAVAILABLE: io exception
2022-09-12 01:24:58,572 [omNode-bootstrap-2@group-0AAC5367B30E-LeaderElection25] INFO  impl.LeaderElection (LeaderElection.java:logAndReturn(90)) - omNode-bootstrap-2@group-0AAC5367B30E-LeaderElection25: ELECTION REJECTED received 0 response(s) and 2 exception(s):
2022-09-12 01:24:58,572 [omNode-bootstrap-2@group-0AAC5367B30E-LeaderElection25] INFO  impl.LeaderElection (LogUtils.java:infoOrTrace(137)) -   Exception 0: java.util.concurrent.ExecutionException: org.apache.ratis.thirdparty.io.grpc.StatusRuntimeException: INTERNAL: omNode-bootstrap-1@group-0AAC5367B30E is not in [RUNNING]: current state is STARTING
2022-09-12 01:24:58,572 [omNode-bootstrap-2@group-0AAC5367B30E-LeaderElection25] INFO  impl.LeaderElection (LogUtils.java:infoOrTrace(137)) -   Exception 1: java.util.concurrent.ExecutionException: org.apache.ratis.thirdparty.io.grpc.StatusRuntimeException: UNAVAILABLE: io exception
2022-09-12 01:24:58,572 [omNode-bootstrap-2@group-0AAC5367B30E-LeaderElection25] INFO  impl.LeaderElection (LeaderElection.java:askForVotes(312)) - omNode-bootstrap-2@group-0AAC5367B30E-LeaderElection25 ELECTION round 0: result REJECTED
2022-09-12 01:24:58,572 [omNode-bootstrap-2@group-0AAC5367B30E-LeaderElection25] INFO  server.RaftServer$Division (RaftServerImpl.java:setRole(299)) - omNode-bootstrap-2@group-0AAC5367B30E: changes role from CANDIDATE to FOLLOWER at term 3 for REJECTED
2022-09-12 01:24:58,572 [omNode-bootstrap-2@group-0AAC5367B30E-LeaderElection25] INFO  impl.RoleInfo (RoleInfo.java:shutdownLeaderElection(130)) - omNode-bootstrap-2: shutdown omNode-bootstrap-2@group-0AAC5367B30E-LeaderElection25
2022-09-12 01:24:58,572 [omNode-bootstrap-2@group-0AAC5367B30E-LeaderElection25] INFO  impl.RoleInfo (RoleInfo.java:updateAndGet(139)) - omNode-bootstrap-2: start omNode-bootstrap-2@group-0AAC5367B30E-FollowerState
2022-09-12 01:24:58,785 [EndpointStateMachine task thread for /127.0.0.1:40693 - 0 ] INFO  ipc.Client (Client.java:handleConnectionFailure(977)) - Retrying connect to server: localhost/127.0.0.1:40693. Already tried 3 time(s); retry policy is RetryUpToMaximumCountWithFixedSleep(maxRetries=15, sleepTime=1000 MILLISECONDS)
2022-09-12 01:24:59,605 [omNode-bootstrap-2@group-0AAC5367B30E-FollowerState] INFO  impl.FollowerState (FollowerState.java:run(143)) - omNode-bootstrap-2@group-0AAC5367B30E-FollowerState: change to CANDIDATE, lastRpcElapsedTime:1033188972ns, electionTimeout:1019ms
2022-09-12 01:24:59,605 [omNode-bootstrap-2@group-0AAC5367B30E-FollowerState] INFO  impl.RoleInfo (RoleInfo.java:shutdownFollowerState(110)) - omNode-bootstrap-2: shutdown omNode-bootstrap-2@group-0AAC5367B30E-FollowerState
2022-09-12 01:24:59,606 [omNode-bootstrap-2@group-0AAC5367B30E-FollowerState] INFO  server.RaftServer$Division (RaftServerImpl.java:setRole(299)) - omNode-bootstrap-2@group-0AAC5367B30E: changes role from  FOLLOWER to CANDIDATE at term 3 for changeToCandidate
2022-09-12 01:24:59,608 [omNode-bootstrap-2@group-0AAC5367B30E-FollowerState] INFO  server.RaftServerConfigKeys (ConfUtils.java:logGet(46)) - raft.server.leaderelection.pre-vote = false (custom)
2022-09-12 01:24:59,608 [omNode-bootstrap-2@group-0AAC5367B30E-FollowerState] INFO  impl.RoleInfo (RoleInfo.java:updateAndGet(139)) - omNode-bootstrap-2: start omNode-bootstrap-2@group-0AAC5367B30E-LeaderElection26
2022-09-12 01:24:59,624 [omNode-bootstrap-2@group-0AAC5367B30E-LeaderElection26] INFO  impl.LeaderElection (LeaderElection.java:askForVotes(310)) - omNode-bootstrap-2@group-0AAC5367B30E-LeaderElection26 ELECTION round 0: submit vote requests at term 4 for 15: [omNode-bootstrap-2|rpc:localhost:38739|admin:|client:|dataStream:|priority:0, omNode-bootstrap-1|rpc:localhost:42185|admin:|client:|dataStream:|priority:0, omNode-1|rpc:localhost:45363|admin:|client:|dataStream:|priority:0], old=null
2022-09-12 01:24:59,650 [grpc-default-executor-3] INFO  server.RaftServer$Division (RaftServerImpl.java:requestVote(1152)) - omNode-bootstrap-1@group-0AAC5367B30E: receive requestVote(ELECTION, omNode-bootstrap-2, group-0AAC5367B30E, 4, (t:1, i:16))
2022-09-12 01:24:59,650 [grpc-default-executor-3] WARN  server.GrpcServerProtocolService (LogUtils.java:warn(122)) - omNode-bootstrap-1: Failed requestVote omNode-bootstrap-2->omNode-bootstrap-1#0: org.apache.ratis.protocol.exceptions.ServerNotReadyException: omNode-bootstrap-1@group-0AAC5367B30E is not in [RUNNING]: current state is STARTING
2022-09-12 01:24:59,659 [omNode-bootstrap-2@group-0AAC5367B30E-LeaderElection26] INFO  impl.LeaderElection (LogUtils.java:infoOrTrace(137)) - omNode-bootstrap-2@group-0AAC5367B30E-LeaderElection26 got exception when requesting votes: java.util.concurrent.ExecutionException: org.apache.ratis.thirdparty.io.grpc.StatusRuntimeException: INTERNAL: omNode-bootstrap-1@group-0AAC5367B30E is not in [RUNNING]: current state is STARTING
2022-09-12 01:24:59,660 [omNode-bootstrap-2@group-0AAC5367B30E-LeaderElection26] INFO  impl.LeaderElection (LogUtils.java:infoOrTrace(137)) - omNode-bootstrap-2@group-0AAC5367B30E-LeaderElection26 got exception when requesting votes: java.util.concurrent.ExecutionException: org.apache.ratis.thirdparty.io.grpc.StatusRuntimeException: UNAVAILABLE: io exception
2022-09-12 01:24:59,660 [omNode-bootstrap-2@group-0AAC5367B30E-LeaderElection26] INFO  impl.LeaderElection (LeaderElection.java:logAndReturn(90)) - omNode-bootstrap-2@group-0AAC5367B30E-LeaderElection26: ELECTION REJECTED received 0 response(s) and 2 exception(s):
2022-09-12 01:24:59,660 [omNode-bootstrap-2@group-0AAC5367B30E-LeaderElection26] INFO  impl.LeaderElection (LogUtils.java:infoOrTrace(137)) -   Exception 0: java.util.concurrent.ExecutionException: org.apache.ratis.thirdparty.io.grpc.StatusRuntimeException: INTERNAL: omNode-bootstrap-1@group-0AAC5367B30E is not in [RUNNING]: current state is STARTING
2022-09-12 01:24:59,660 [omNode-bootstrap-2@group-0AAC5367B30E-LeaderElection26] INFO  impl.LeaderElection (LogUtils.java:infoOrTrace(137)) -   Exception 1: java.util.concurrent.ExecutionException: org.apache.ratis.thirdparty.io.grpc.StatusRuntimeException: UNAVAILABLE: io exception
2022-09-12 01:24:59,660 [omNode-bootstrap-2@group-0AAC5367B30E-LeaderElection26] INFO  impl.LeaderElection (LeaderElection.java:askForVotes(312)) - omNode-bootstrap-2@group-0AAC5367B30E-LeaderElection26 ELECTION round 0: result REJECTED
2022-09-12 01:24:59,660 [omNode-bootstrap-2@group-0AAC5367B30E-LeaderElection26] INFO  server.RaftServer$Division (RaftServerImpl.java:setRole(299)) - omNode-bootstrap-2@group-0AAC5367B30E: changes role from CANDIDATE to FOLLOWER at term 4 for REJECTED
2022-09-12 01:24:59,660 [omNode-bootstrap-2@group-0AAC5367B30E-LeaderElection26] INFO  impl.RoleInfo (RoleInfo.java:shutdownLeaderElection(130)) - omNode-bootstrap-2: shutdown omNode-bootstrap-2@group-0AAC5367B30E-LeaderElection26
2022-09-12 01:24:59,660 [omNode-bootstrap-2@group-0AAC5367B30E-LeaderElection26] INFO  impl.RoleInfo (RoleInfo.java:updateAndGet(139)) - omNode-bootstrap-2: start omNode-bootstrap-2@group-0AAC5367B30E-FollowerState
2022-09-12 01:24:59,785 [EndpointStateMachine task thread for /127.0.0.1:40693 - 0 ] INFO  ipc.Client (Client.java:handleConnectionFailure(977)) - Retrying connect to server: localhost/127.0.0.1:40693. Already tried 4 time(s); retry policy is RetryUpToMaximumCountWithFixedSleep(maxRetries=15, sleepTime=1000 MILLISECONDS)
2022-09-12 01:25:00,749 [omNode-bootstrap-2@group-0AAC5367B30E-FollowerState] INFO  impl.FollowerState (FollowerState.java:run(143)) - omNode-bootstrap-2@group-0AAC5367B30E-FollowerState: change to CANDIDATE, lastRpcElapsedTime:1088320974ns, electionTimeout:1080ms
2022-09-12 01:25:00,749 [omNode-bootstrap-2@group-0AAC5367B30E-FollowerState] INFO  impl.RoleInfo (RoleInfo.java:shutdownFollowerState(110)) - omNode-bootstrap-2: shutdown omNode-bootstrap-2@group-0AAC5367B30E-FollowerState
2022-09-12 01:25:00,749 [omNode-bootstrap-2@group-0AAC5367B30E-FollowerState] INFO  server.RaftServer$Division (RaftServerImpl.java:setRole(299)) - omNode-bootstrap-2@group-0AAC5367B30E: changes role from  FOLLOWER to CANDIDATE at term 4 for changeToCandidate
2022-09-12 01:25:00,749 [omNode-bootstrap-2@group-0AAC5367B30E-FollowerState] INFO  server.RaftServerConfigKeys (ConfUtils.java:logGet(46)) - raft.server.leaderelection.pre-vote = false (custom)
2022-09-12 01:25:00,749 [omNode-bootstrap-2@group-0AAC5367B30E-FollowerState] INFO  impl.RoleInfo (RoleInfo.java:updateAndGet(139)) - omNode-bootstrap-2: start omNode-bootstrap-2@group-0AAC5367B30E-LeaderElection27
2022-09-12 01:25:00,761 [omNode-bootstrap-2@group-0AAC5367B30E-LeaderElection27] INFO  impl.LeaderElection (LeaderElection.java:askForVotes(310)) - omNode-bootstrap-2@group-0AAC5367B30E-LeaderElection27 ELECTION round 0: submit vote requests at term 5 for 15: [omNode-bootstrap-2|rpc:localhost:38739|admin:|client:|dataStream:|priority:0, omNode-bootstrap-1|rpc:localhost:42185|admin:|client:|dataStream:|priority:0, omNode-1|rpc:localhost:45363|admin:|client:|dataStream:|priority:0], old=null
2022-09-12 01:25:00,774 [grpc-default-executor-3] INFO  server.RaftServer$Division (RaftServerImpl.java:requestVote(1152)) - omNode-bootstrap-1@group-0AAC5367B30E: receive requestVote(ELECTION, omNode-bootstrap-2, group-0AAC5367B30E, 5, (t:1, i:16))
2022-09-12 01:25:00,774 [grpc-default-executor-3] WARN  server.GrpcServerProtocolService (LogUtils.java:warn(122)) - omNode-bootstrap-1: Failed requestVote omNode-bootstrap-2->omNode-bootstrap-1#0: org.apache.ratis.protocol.exceptions.ServerNotReadyException: omNode-bootstrap-1@group-0AAC5367B30E is not in [RUNNING]: current state is STARTING
2022-09-12 01:25:00,776 [omNode-bootstrap-2@group-0AAC5367B30E-LeaderElection27] INFO  impl.LeaderElection (LogUtils.java:infoOrTrace(137)) - omNode-bootstrap-2@group-0AAC5367B30E-LeaderElection27 got exception when requesting votes: java.util.concurrent.ExecutionException: org.apache.ratis.thirdparty.io.grpc.StatusRuntimeException: INTERNAL: omNode-bootstrap-1@group-0AAC5367B30E is not in [RUNNING]: current state is STARTING
2022-09-12 01:25:00,785 [omNode-bootstrap-2@group-0AAC5367B30E-LeaderElection27] INFO  impl.LeaderElection (LogUtils.java:infoOrTrace(137)) - omNode-bootstrap-2@group-0AAC5367B30E-LeaderElection27 got exception when requesting votes: java.util.concurrent.ExecutionException: org.apache.ratis.thirdparty.io.grpc.StatusRuntimeException: UNAVAILABLE: io exception
2022-09-12 01:25:00,785 [omNode-bootstrap-2@group-0AAC5367B30E-LeaderElection27] INFO  impl.LeaderElection (LeaderElection.java:logAndReturn(90)) - omNode-bootstrap-2@group-0AAC5367B30E-LeaderElection27: ELECTION REJECTED received 0 response(s) and 2 exception(s):
2022-09-12 01:25:00,785 [omNode-bootstrap-2@group-0AAC5367B30E-LeaderElection27] INFO  impl.LeaderElection (LogUtils.java:infoOrTrace(137)) -   Exception 0: java.util.concurrent.ExecutionException: org.apache.ratis.thirdparty.io.grpc.StatusRuntimeException: INTERNAL: omNode-bootstrap-1@group-0AAC5367B30E is not in [RUNNING]: current state is STARTING
2022-09-12 01:25:00,785 [omNode-bootstrap-2@group-0AAC5367B30E-LeaderElection27] INFO  impl.LeaderElection (LogUtils.java:infoOrTrace(137)) -   Exception 1: java.util.concurrent.ExecutionException: org.apache.ratis.thirdparty.io.grpc.StatusRuntimeException: UNAVAILABLE: io exception
2022-09-12 01:25:00,785 [omNode-bootstrap-2@group-0AAC5367B30E-LeaderElection27] INFO  impl.LeaderElection (LeaderElection.java:askForVotes(312)) - omNode-bootstrap-2@group-0AAC5367B30E-LeaderElection27 ELECTION round 0: result REJECTED
2022-09-12 01:25:00,785 [omNode-bootstrap-2@group-0AAC5367B30E-LeaderElection27] INFO  server.RaftServer$Division (RaftServerImpl.java:setRole(299)) - omNode-bootstrap-2@group-0AAC5367B30E: changes role from CANDIDATE to FOLLOWER at term 5 for REJECTED
2022-09-12 01:25:00,785 [omNode-bootstrap-2@group-0AAC5367B30E-LeaderElection27] INFO  impl.RoleInfo (RoleInfo.java:shutdownLeaderElection(130)) - omNode-bootstrap-2: shutdown omNode-bootstrap-2@group-0AAC5367B30E-LeaderElection27
2022-09-12 01:25:00,785 [omNode-bootstrap-2@group-0AAC5367B30E-LeaderElection27] INFO  impl.RoleInfo (RoleInfo.java:updateAndGet(139)) - omNode-bootstrap-2: start omNode-bootstrap-2@group-0AAC5367B30E-FollowerState
2022-09-12 01:25:00,786 [EndpointStateMachine task thread for /127.0.0.1:40693 - 0 ] INFO  ipc.Client (Client.java:handleConnectionFailure(977)) - Retrying connect to server: localhost/127.0.0.1:40693. Already tried 5 time(s); retry policy is RetryUpToMaximumCountWithFixedSleep(maxRetries=15, sleepTime=1000 MILLISECONDS)
2022-09-12 01:25:01,786 [EndpointStateMachine task thread for /127.0.0.1:40693 - 0 ] INFO  ipc.Client (Client.java:handleConnectionFailure(977)) - Retrying connect to server: localhost/127.0.0.1:40693. Already tried 6 time(s); retry policy is RetryUpToMaximumCountWithFixedSleep(maxRetries=15, sleepTime=1000 MILLISECONDS)
2022-09-12 01:25:01,895 [omNode-bootstrap-2@group-0AAC5367B30E-FollowerState] INFO  impl.FollowerState (FollowerState.java:run(143)) - omNode-bootstrap-2@group-0AAC5367B30E-FollowerState: change to CANDIDATE, lastRpcElapsedTime:1109864188ns, electionTimeout:1093ms
2022-09-12 01:25:01,895 [omNode-bootstrap-2@group-0AAC5367B30E-FollowerState] INFO  impl.RoleInfo (RoleInfo.java:shutdownFollowerState(110)) - omNode-bootstrap-2: shutdown omNode-bootstrap-2@group-0AAC5367B30E-FollowerState
2022-09-12 01:25:01,895 [omNode-bootstrap-2@group-0AAC5367B30E-FollowerState] INFO  server.RaftServer$Division (RaftServerImpl.java:setRole(299)) - omNode-bootstrap-2@group-0AAC5367B30E: changes role from  FOLLOWER to CANDIDATE at term 5 for changeToCandidate
2022-09-12 01:25:01,895 [omNode-bootstrap-2@group-0AAC5367B30E-FollowerState] INFO  server.RaftServerConfigKeys (ConfUtils.java:logGet(46)) - raft.server.leaderelection.pre-vote = false (custom)
2022-09-12 01:25:01,895 [omNode-bootstrap-2@group-0AAC5367B30E-FollowerState] INFO  impl.RoleInfo (RoleInfo.java:updateAndGet(139)) - omNode-bootstrap-2: start omNode-bootstrap-2@group-0AAC5367B30E-LeaderElection28
2022-09-12 01:25:01,901 [omNode-bootstrap-2@group-0AAC5367B30E-LeaderElection28] INFO  impl.LeaderElection (LeaderElection.java:askForVotes(310)) - omNode-bootstrap-2@group-0AAC5367B30E-LeaderElection28 ELECTION round 0: submit vote requests at term 6 for 15: [omNode-bootstrap-2|rpc:localhost:38739|admin:|client:|dataStream:|priority:0, omNode-bootstrap-1|rpc:localhost:42185|admin:|client:|dataStream:|priority:0, omNode-1|rpc:localhost:45363|admin:|client:|dataStream:|priority:0], old=null
2022-09-12 01:25:01,920 [grpc-default-executor-3] INFO  server.RaftServer$Division (RaftServerImpl.java:requestVote(1152)) - omNode-bootstrap-1@group-0AAC5367B30E: receive requestVote(ELECTION, omNode-bootstrap-2, group-0AAC5367B30E, 6, (t:1, i:16))
2022-09-12 01:25:01,920 [grpc-default-executor-3] WARN  server.GrpcServerProtocolService (LogUtils.java:warn(122)) - omNode-bootstrap-1: Failed requestVote omNode-bootstrap-2->omNode-bootstrap-1#0: org.apache.ratis.protocol.exceptions.ServerNotReadyException: omNode-bootstrap-1@group-0AAC5367B30E is not in [RUNNING]: current state is STARTING
2022-09-12 01:25:01,930 [omNode-bootstrap-2@group-0AAC5367B30E-LeaderElection28] INFO  impl.LeaderElection (LogUtils.java:infoOrTrace(137)) - omNode-bootstrap-2@group-0AAC5367B30E-LeaderElection28 got exception when requesting votes: java.util.concurrent.ExecutionException: org.apache.ratis.thirdparty.io.grpc.StatusRuntimeException: INTERNAL: omNode-bootstrap-1@group-0AAC5367B30E is not in [RUNNING]: current state is STARTING
2022-09-12 01:25:01,933 [omNode-bootstrap-2@group-0AAC5367B30E-LeaderElection28] INFO  impl.LeaderElection (LogUtils.java:infoOrTrace(137)) - omNode-bootstrap-2@group-0AAC5367B30E-LeaderElection28 got exception when requesting votes: java.util.concurrent.ExecutionException: org.apache.ratis.thirdparty.io.grpc.StatusRuntimeException: UNAVAILABLE: io exception
2022-09-12 01:25:01,933 [omNode-bootstrap-2@group-0AAC5367B30E-LeaderElection28] INFO  impl.LeaderElection (LeaderElection.java:logAndReturn(90)) - omNode-bootstrap-2@group-0AAC5367B30E-LeaderElection28: ELECTION REJECTED received 0 response(s) and 2 exception(s):
2022-09-12 01:25:01,933 [omNode-bootstrap-2@group-0AAC5367B30E-LeaderElection28] INFO  impl.LeaderElection (LogUtils.java:infoOrTrace(137)) -   Exception 0: java.util.concurrent.ExecutionException: org.apache.ratis.thirdparty.io.grpc.StatusRuntimeException: INTERNAL: omNode-bootstrap-1@group-0AAC5367B30E is not in [RUNNING]: current state is STARTING
2022-09-12 01:25:01,933 [omNode-bootstrap-2@group-0AAC5367B30E-LeaderElection28] INFO  impl.LeaderElection (LogUtils.java:infoOrTrace(137)) -   Exception 1: java.util.concurrent.ExecutionException: org.apache.ratis.thirdparty.io.grpc.StatusRuntimeException: UNAVAILABLE: io exception
2022-09-12 01:25:01,933 [omNode-bootstrap-2@group-0AAC5367B30E-LeaderElection28] INFO  impl.LeaderElection (LeaderElection.java:askForVotes(312)) - omNode-bootstrap-2@group-0AAC5367B30E-LeaderElection28 ELECTION round 0: result REJECTED
2022-09-12 01:25:01,934 [omNode-bootstrap-2@group-0AAC5367B30E-LeaderElection28] INFO  server.RaftServer$Division (RaftServerImpl.java:setRole(299)) - omNode-bootstrap-2@group-0AAC5367B30E: changes role from CANDIDATE to FOLLOWER at term 6 for REJECTED
2022-09-12 01:25:01,934 [omNode-bootstrap-2@group-0AAC5367B30E-LeaderElection28] INFO  impl.RoleInfo (RoleInfo.java:shutdownLeaderElection(130)) - omNode-bootstrap-2: shutdown omNode-bootstrap-2@group-0AAC5367B30E-LeaderElection28
2022-09-12 01:25:01,934 [omNode-bootstrap-2@group-0AAC5367B30E-LeaderElection28] INFO  impl.RoleInfo (RoleInfo.java:updateAndGet(139)) - omNode-bootstrap-2: start omNode-bootstrap-2@group-0AAC5367B30E-FollowerState
2022-09-12 01:25:02,787 [EndpointStateMachine task thread for /127.0.0.1:40693 - 0 ] INFO  ipc.Client (Client.java:handleConnectionFailure(977)) - Retrying connect to server: localhost/127.0.0.1:40693. Already tried 7 time(s); retry policy is RetryUpToMaximumCountWithFixedSleep(maxRetries=15, sleepTime=1000 MILLISECONDS)
2022-09-12 01:25:03,067 [omNode-bootstrap-2@group-0AAC5367B30E-FollowerState] INFO  impl.FollowerState (FollowerState.java:run(143)) - omNode-bootstrap-2@group-0AAC5367B30E-FollowerState: change to CANDIDATE, lastRpcElapsedTime:1133272824ns, electionTimeout:1129ms
2022-09-12 01:25:03,067 [omNode-bootstrap-2@group-0AAC5367B30E-FollowerState] INFO  impl.RoleInfo (RoleInfo.java:shutdownFollowerState(110)) - omNode-bootstrap-2: shutdown omNode-bootstrap-2@group-0AAC5367B30E-FollowerState
2022-09-12 01:25:03,067 [omNode-bootstrap-2@group-0AAC5367B30E-FollowerState] INFO  server.RaftServer$Division (RaftServerImpl.java:setRole(299)) - omNode-bootstrap-2@group-0AAC5367B30E: changes role from  FOLLOWER to CANDIDATE at term 6 for changeToCandidate
2022-09-12 01:25:03,067 [omNode-bootstrap-2@group-0AAC5367B30E-FollowerState] INFO  server.RaftServerConfigKeys (ConfUtils.java:logGet(46)) - raft.server.leaderelection.pre-vote = false (custom)
2022-09-12 01:25:03,067 [omNode-bootstrap-2@group-0AAC5367B30E-FollowerState] INFO  impl.RoleInfo (RoleInfo.java:updateAndGet(139)) - omNode-bootstrap-2: start omNode-bootstrap-2@group-0AAC5367B30E-LeaderElection29
2022-09-12 01:25:03,084 [omNode-bootstrap-2@group-0AAC5367B30E-LeaderElection29] INFO  impl.LeaderElection (LeaderElection.java:askForVotes(310)) - omNode-bootstrap-2@group-0AAC5367B30E-LeaderElection29 ELECTION round 0: submit vote requests at term 7 for 15: [omNode-bootstrap-2|rpc:localhost:38739|admin:|client:|dataStream:|priority:0, omNode-bootstrap-1|rpc:localhost:42185|admin:|client:|dataStream:|priority:0, omNode-1|rpc:localhost:45363|admin:|client:|dataStream:|priority:0], old=null
2022-09-12 01:25:03,089 [grpc-default-executor-3] INFO  server.RaftServer$Division (RaftServerImpl.java:requestVote(1152)) - omNode-bootstrap-1@group-0AAC5367B30E: receive requestVote(ELECTION, omNode-bootstrap-2, group-0AAC5367B30E, 7, (t:1, i:16))
2022-09-12 01:25:03,089 [grpc-default-executor-3] WARN  server.GrpcServerProtocolService (LogUtils.java:warn(122)) - omNode-bootstrap-1: Failed requestVote omNode-bootstrap-2->omNode-bootstrap-1#0: org.apache.ratis.protocol.exceptions.ServerNotReadyException: omNode-bootstrap-1@group-0AAC5367B30E is not in [RUNNING]: current state is STARTING
2022-09-12 01:25:03,091 [omNode-bootstrap-2@group-0AAC5367B30E-LeaderElection29] INFO  impl.LeaderElection (LogUtils.java:infoOrTrace(137)) - omNode-bootstrap-2@group-0AAC5367B30E-LeaderElection29 got exception when requesting votes: java.util.concurrent.ExecutionException: org.apache.ratis.thirdparty.io.grpc.StatusRuntimeException: UNAVAILABLE: io exception
2022-09-12 01:25:03,091 [omNode-bootstrap-2@group-0AAC5367B30E-LeaderElection29] INFO  impl.LeaderElection (LogUtils.java:infoOrTrace(137)) - omNode-bootstrap-2@group-0AAC5367B30E-LeaderElection29 got exception when requesting votes: java.util.concurrent.ExecutionException: org.apache.ratis.thirdparty.io.grpc.StatusRuntimeException: INTERNAL: omNode-bootstrap-1@group-0AAC5367B30E is not in [RUNNING]: current state is STARTING
2022-09-12 01:25:03,091 [omNode-bootstrap-2@group-0AAC5367B30E-LeaderElection29] INFO  impl.LeaderElection (LeaderElection.java:logAndReturn(90)) - omNode-bootstrap-2@group-0AAC5367B30E-LeaderElection29: ELECTION REJECTED received 0 response(s) and 2 exception(s):
2022-09-12 01:25:03,091 [omNode-bootstrap-2@group-0AAC5367B30E-LeaderElection29] INFO  impl.LeaderElection (LogUtils.java:infoOrTrace(137)) -   Exception 0: java.util.concurrent.ExecutionException: org.apache.ratis.thirdparty.io.grpc.StatusRuntimeException: UNAVAILABLE: io exception
2022-09-12 01:25:03,091 [omNode-bootstrap-2@group-0AAC5367B30E-LeaderElection29] INFO  impl.LeaderElection (LogUtils.java:infoOrTrace(137)) -   Exception 1: java.util.concurrent.ExecutionException: org.apache.ratis.thirdparty.io.grpc.StatusRuntimeException: INTERNAL: omNode-bootstrap-1@group-0AAC5367B30E is not in [RUNNING]: current state is STARTING
2022-09-12 01:25:03,091 [omNode-bootstrap-2@group-0AAC5367B30E-LeaderElection29] INFO  impl.LeaderElection (LeaderElection.java:askForVotes(312)) - omNode-bootstrap-2@group-0AAC5367B30E-LeaderElection29 ELECTION round 0: result REJECTED
2022-09-12 01:25:03,091 [omNode-bootstrap-2@group-0AAC5367B30E-LeaderElection29] INFO  server.RaftServer$Division (RaftServerImpl.java:setRole(299)) - omNode-bootstrap-2@group-0AAC5367B30E: changes role from CANDIDATE to FOLLOWER at term 7 for REJECTED
2022-09-12 01:25:03,091 [omNode-bootstrap-2@group-0AAC5367B30E-LeaderElection29] INFO  impl.RoleInfo (RoleInfo.java:shutdownLeaderElection(130)) - omNode-bootstrap-2: shutdown omNode-bootstrap-2@group-0AAC5367B30E-LeaderElection29
2022-09-12 01:25:03,091 [omNode-bootstrap-2@group-0AAC5367B30E-LeaderElection29] INFO  impl.RoleInfo (RoleInfo.java:updateAndGet(139)) - omNode-bootstrap-2: start omNode-bootstrap-2@group-0AAC5367B30E-FollowerState
2022-09-12 01:25:03,787 [EndpointStateMachine task thread for /127.0.0.1:40693 - 0 ] INFO  ipc.Client (Client.java:handleConnectionFailure(977)) - Retrying connect to server: localhost/127.0.0.1:40693. Already tried 8 time(s); retry policy is RetryUpToMaximumCountWithFixedSleep(maxRetries=15, sleepTime=1000 MILLISECONDS)
2022-09-12 01:25:04,157 [omNode-bootstrap-2@group-0AAC5367B30E-FollowerState] INFO  impl.FollowerState (FollowerState.java:run(143)) - omNode-bootstrap-2@group-0AAC5367B30E-FollowerState: change to CANDIDATE, lastRpcElapsedTime:1066086197ns, electionTimeout:1061ms
2022-09-12 01:25:04,158 [omNode-bootstrap-2@group-0AAC5367B30E-FollowerState] INFO  impl.RoleInfo (RoleInfo.java:shutdownFollowerState(110)) - omNode-bootstrap-2: shutdown omNode-bootstrap-2@group-0AAC5367B30E-FollowerState
2022-09-12 01:25:04,158 [omNode-bootstrap-2@group-0AAC5367B30E-FollowerState] INFO  server.RaftServer$Division (RaftServerImpl.java:setRole(299)) - omNode-bootstrap-2@group-0AAC5367B30E: changes role from  FOLLOWER to CANDIDATE at term 7 for changeToCandidate
2022-09-12 01:25:04,158 [omNode-bootstrap-2@group-0AAC5367B30E-FollowerState] INFO  server.RaftServerConfigKeys (ConfUtils.java:logGet(46)) - raft.server.leaderelection.pre-vote = false (custom)
2022-09-12 01:25:04,158 [omNode-bootstrap-2@group-0AAC5367B30E-FollowerState] INFO  impl.RoleInfo (RoleInfo.java:updateAndGet(139)) - omNode-bootstrap-2: start omNode-bootstrap-2@group-0AAC5367B30E-LeaderElection30
2022-09-12 01:25:04,174 [omNode-bootstrap-2@group-0AAC5367B30E-LeaderElection30] INFO  impl.LeaderElection (LeaderElection.java:askForVotes(310)) - omNode-bootstrap-2@group-0AAC5367B30E-LeaderElection30 ELECTION round 0: submit vote requests at term 8 for 15: [omNode-bootstrap-2|rpc:localhost:38739|admin:|client:|dataStream:|priority:0, omNode-bootstrap-1|rpc:localhost:42185|admin:|client:|dataStream:|priority:0, omNode-1|rpc:localhost:45363|admin:|client:|dataStream:|priority:0], old=null
2022-09-12 01:25:04,184 [omNode-bootstrap-2@group-0AAC5367B30E-LeaderElection30] INFO  impl.LeaderElection (LogUtils.java:infoOrTrace(137)) - omNode-bootstrap-2@group-0AAC5367B30E-LeaderElection30 got exception when requesting votes: java.util.concurrent.ExecutionException: org.apache.ratis.thirdparty.io.grpc.StatusRuntimeException: UNAVAILABLE: io exception
2022-09-12 01:25:04,192 [grpc-default-executor-3] INFO  server.RaftServer$Division (RaftServerImpl.java:requestVote(1152)) - omNode-bootstrap-1@group-0AAC5367B30E: receive requestVote(ELECTION, omNode-bootstrap-2, group-0AAC5367B30E, 8, (t:1, i:16))
2022-09-12 01:25:04,192 [grpc-default-executor-3] WARN  server.GrpcServerProtocolService (LogUtils.java:warn(122)) - omNode-bootstrap-1: Failed requestVote omNode-bootstrap-2->omNode-bootstrap-1#0: org.apache.ratis.protocol.exceptions.ServerNotReadyException: omNode-bootstrap-1@group-0AAC5367B30E is not in [RUNNING]: current state is STARTING
2022-09-12 01:25:04,195 [omNode-bootstrap-2@group-0AAC5367B30E-LeaderElection30] INFO  impl.LeaderElection (LogUtils.java:infoOrTrace(137)) - omNode-bootstrap-2@group-0AAC5367B30E-LeaderElection30 got exception when requesting votes: java.util.concurrent.ExecutionException: org.apache.ratis.thirdparty.io.grpc.StatusRuntimeException: INTERNAL: omNode-bootstrap-1@group-0AAC5367B30E is not in [RUNNING]: current state is STARTING
2022-09-12 01:25:04,195 [omNode-bootstrap-2@group-0AAC5367B30E-LeaderElection30] INFO  impl.LeaderElection (LeaderElection.java:logAndReturn(90)) - omNode-bootstrap-2@group-0AAC5367B30E-LeaderElection30: ELECTION REJECTED received 0 response(s) and 2 exception(s):
2022-09-12 01:25:04,195 [omNode-bootstrap-2@group-0AAC5367B30E-LeaderElection30] INFO  impl.LeaderElection (LogUtils.java:infoOrTrace(137)) -   Exception 0: java.util.concurrent.ExecutionException: org.apache.ratis.thirdparty.io.grpc.StatusRuntimeException: UNAVAILABLE: io exception
2022-09-12 01:25:04,195 [omNode-bootstrap-2@group-0AAC5367B30E-LeaderElection30] INFO  impl.LeaderElection (LogUtils.java:infoOrTrace(137)) -   Exception 1: java.util.concurrent.ExecutionException: org.apache.ratis.thirdparty.io.grpc.StatusRuntimeException: INTERNAL: omNode-bootstrap-1@group-0AAC5367B30E is not in [RUNNING]: current state is STARTING
2022-09-12 01:25:04,195 [omNode-bootstrap-2@group-0AAC5367B30E-LeaderElection30] INFO  impl.LeaderElection (LeaderElection.java:askForVotes(312)) - omNode-bootstrap-2@group-0AAC5367B30E-LeaderElection30 ELECTION round 0: result REJECTED
2022-09-12 01:25:04,196 [omNode-bootstrap-2@group-0AAC5367B30E-LeaderElection30] INFO  server.RaftServer$Division (RaftServerImpl.java:setRole(299)) - omNode-bootstrap-2@group-0AAC5367B30E: changes role from CANDIDATE to FOLLOWER at term 8 for REJECTED
2022-09-12 01:25:04,196 [omNode-bootstrap-2@group-0AAC5367B30E-LeaderElection30] INFO  impl.RoleInfo (RoleInfo.java:shutdownLeaderElection(130)) - omNode-bootstrap-2: shutdown omNode-bootstrap-2@group-0AAC5367B30E-LeaderElection30
2022-09-12 01:25:04,196 [omNode-bootstrap-2@group-0AAC5367B30E-LeaderElection30] INFO  impl.RoleInfo (RoleInfo.java:updateAndGet(139)) - omNode-bootstrap-2: start omNode-bootstrap-2@group-0AAC5367B30E-FollowerState
2022-09-12 01:25:04,788 [EndpointStateMachine task thread for /127.0.0.1:40693 - 0 ] INFO  ipc.Client (Client.java:handleConnectionFailure(977)) - Retrying connect to server: localhost/127.0.0.1:40693. Already tried 9 time(s); retry policy is RetryUpToMaximumCountWithFixedSleep(maxRetries=15, sleepTime=1000 MILLISECONDS)
2022-09-12 01:25:05,202 [omNode-bootstrap-2@group-0AAC5367B30E-FollowerState] INFO  impl.FollowerState (FollowerState.java:run(143)) - omNode-bootstrap-2@group-0AAC5367B30E-FollowerState: change to CANDIDATE, lastRpcElapsedTime:1006094319ns, electionTimeout:1002ms
2022-09-12 01:25:05,202 [omNode-bootstrap-2@group-0AAC5367B30E-FollowerState] INFO  impl.RoleInfo (RoleInfo.java:shutdownFollowerState(110)) - omNode-bootstrap-2: shutdown omNode-bootstrap-2@group-0AAC5367B30E-FollowerState
2022-09-12 01:25:05,202 [omNode-bootstrap-2@group-0AAC5367B30E-FollowerState] INFO  server.RaftServer$Division (RaftServerImpl.java:setRole(299)) - omNode-bootstrap-2@group-0AAC5367B30E: changes role from  FOLLOWER to CANDIDATE at term 8 for changeToCandidate
2022-09-12 01:25:05,205 [omNode-bootstrap-2@group-0AAC5367B30E-FollowerState] INFO  server.RaftServerConfigKeys (ConfUtils.java:logGet(46)) - raft.server.leaderelection.pre-vote = false (custom)
2022-09-12 01:25:05,205 [omNode-bootstrap-2@group-0AAC5367B30E-FollowerState] INFO  impl.RoleInfo (RoleInfo.java:updateAndGet(139)) - omNode-bootstrap-2: start omNode-bootstrap-2@group-0AAC5367B30E-LeaderElection31
2022-09-12 01:25:05,217 [omNode-bootstrap-2@group-0AAC5367B30E-LeaderElection31] INFO  impl.LeaderElection (LeaderElection.java:askForVotes(310)) - omNode-bootstrap-2@group-0AAC5367B30E-LeaderElection31 ELECTION round 0: submit vote requests at term 9 for 15: [omNode-bootstrap-2|rpc:localhost:38739|admin:|client:|dataStream:|priority:0, omNode-bootstrap-1|rpc:localhost:42185|admin:|client:|dataStream:|priority:0, omNode-1|rpc:localhost:45363|admin:|client:|dataStream:|priority:0], old=null
2022-09-12 01:25:05,227 [grpc-default-executor-3] INFO  server.RaftServer$Division (RaftServerImpl.java:requestVote(1152)) - omNode-bootstrap-1@group-0AAC5367B30E: receive requestVote(ELECTION, omNode-bootstrap-2, group-0AAC5367B30E, 9, (t:1, i:16))
2022-09-12 01:25:05,227 [grpc-default-executor-3] WARN  server.GrpcServerProtocolService (LogUtils.java:warn(122)) - omNode-bootstrap-1: Failed requestVote omNode-bootstrap-2->omNode-bootstrap-1#0: org.apache.ratis.protocol.exceptions.ServerNotReadyException: omNode-bootstrap-1@group-0AAC5367B30E is not in [RUNNING]: current state is STARTING
2022-09-12 01:25:05,239 [omNode-bootstrap-2@group-0AAC5367B30E-LeaderElection31] INFO  impl.LeaderElection (LogUtils.java:infoOrTrace(137)) - omNode-bootstrap-2@group-0AAC5367B30E-LeaderElection31 got exception when requesting votes: java.util.concurrent.ExecutionException: org.apache.ratis.thirdparty.io.grpc.StatusRuntimeException: UNAVAILABLE: io exception
2022-09-12 01:25:05,240 [omNode-bootstrap-2@group-0AAC5367B30E-LeaderElection31] INFO  impl.LeaderElection (LogUtils.java:infoOrTrace(137)) - omNode-bootstrap-2@group-0AAC5367B30E-LeaderElection31 got exception when requesting votes: java.util.concurrent.ExecutionException: org.apache.ratis.thirdparty.io.grpc.StatusRuntimeException: INTERNAL: omNode-bootstrap-1@group-0AAC5367B30E is not in [RUNNING]: current state is STARTING
2022-09-12 01:25:05,240 [omNode-bootstrap-2@group-0AAC5367B30E-LeaderElection31] INFO  impl.LeaderElection (LeaderElection.java:logAndReturn(90)) - omNode-bootstrap-2@group-0AAC5367B30E-LeaderElection31: ELECTION REJECTED received 0 response(s) and 2 exception(s):
2022-09-12 01:25:05,240 [omNode-bootstrap-2@group-0AAC5367B30E-LeaderElection31] INFO  impl.LeaderElection (LogUtils.java:infoOrTrace(137)) -   Exception 0: java.util.concurrent.ExecutionException: org.apache.ratis.thirdparty.io.grpc.StatusRuntimeException: UNAVAILABLE: io exception
2022-09-12 01:25:05,240 [omNode-bootstrap-2@group-0AAC5367B30E-LeaderElection31] INFO  impl.LeaderElection (LogUtils.java:infoOrTrace(137)) -   Exception 1: java.util.concurrent.ExecutionException: org.apache.ratis.thirdparty.io.grpc.StatusRuntimeException: INTERNAL: omNode-bootstrap-1@group-0AAC5367B30E is not in [RUNNING]: current state is STARTING
2022-09-12 01:25:05,240 [omNode-bootstrap-2@group-0AAC5367B30E-LeaderElection31] INFO  impl.LeaderElection (LeaderElection.java:askForVotes(312)) - omNode-bootstrap-2@group-0AAC5367B30E-LeaderElection31 ELECTION round 0: result REJECTED
2022-09-12 01:25:05,240 [omNode-bootstrap-2@group-0AAC5367B30E-LeaderElection31] INFO  server.RaftServer$Division (RaftServerImpl.java:setRole(299)) - omNode-bootstrap-2@group-0AAC5367B30E: changes role from CANDIDATE to FOLLOWER at term 9 for REJECTED
2022-09-12 01:25:05,240 [omNode-bootstrap-2@group-0AAC5367B30E-LeaderElection31] INFO  impl.RoleInfo (RoleInfo.java:shutdownLeaderElection(130)) - omNode-bootstrap-2: shutdown omNode-bootstrap-2@group-0AAC5367B30E-LeaderElection31
2022-09-12 01:25:05,240 [omNode-bootstrap-2@group-0AAC5367B30E-LeaderElection31] INFO  impl.RoleInfo (RoleInfo.java:updateAndGet(139)) - omNode-bootstrap-2: start omNode-bootstrap-2@group-0AAC5367B30E-FollowerState
2022-09-12 01:25:05,788 [EndpointStateMachine task thread for /127.0.0.1:40693 - 0 ] INFO  ipc.Client (Client.java:handleConnectionFailure(977)) - Retrying connect to server: localhost/127.0.0.1:40693. Already tried 10 time(s); retry policy is RetryUpToMaximumCountWithFixedSleep(maxRetries=15, sleepTime=1000 MILLISECONDS)
2022-09-12 01:25:06,364 [omNode-bootstrap-2@group-0AAC5367B30E-FollowerState] INFO  impl.FollowerState (FollowerState.java:run(143)) - omNode-bootstrap-2@group-0AAC5367B30E-FollowerState: change to CANDIDATE, lastRpcElapsedTime:1124624184ns, electionTimeout:1116ms
2022-09-12 01:25:06,365 [omNode-bootstrap-2@group-0AAC5367B30E-FollowerState] INFO  impl.RoleInfo (RoleInfo.java:shutdownFollowerState(110)) - omNode-bootstrap-2: shutdown omNode-bootstrap-2@group-0AAC5367B30E-FollowerState
2022-09-12 01:25:06,365 [omNode-bootstrap-2@group-0AAC5367B30E-FollowerState] INFO  server.RaftServer$Division (RaftServerImpl.java:setRole(299)) - omNode-bootstrap-2@group-0AAC5367B30E: changes role from  FOLLOWER to CANDIDATE at term 9 for changeToCandidate
2022-09-12 01:25:06,365 [omNode-bootstrap-2@group-0AAC5367B30E-FollowerState] INFO  server.RaftServerConfigKeys (ConfUtils.java:logGet(46)) - raft.server.leaderelection.pre-vote = false (custom)
2022-09-12 01:25:06,365 [omNode-bootstrap-2@group-0AAC5367B30E-FollowerState] INFO  impl.RoleInfo (RoleInfo.java:updateAndGet(139)) - omNode-bootstrap-2: start omNode-bootstrap-2@group-0AAC5367B30E-LeaderElection32
2022-09-12 01:25:06,385 [omNode-bootstrap-2@group-0AAC5367B30E-LeaderElection32] INFO  impl.LeaderElection (LeaderElection.java:askForVotes(310)) - omNode-bootstrap-2@group-0AAC5367B30E-LeaderElection32 ELECTION round 0: submit vote requests at term 10 for 15: [omNode-bootstrap-2|rpc:localhost:38739|admin:|client:|dataStream:|priority:0, omNode-bootstrap-1|rpc:localhost:42185|admin:|client:|dataStream:|priority:0, omNode-1|rpc:localhost:45363|admin:|client:|dataStream:|priority:0], old=null
2022-09-12 01:25:06,395 [grpc-default-executor-3] INFO  server.RaftServer$Division (RaftServerImpl.java:requestVote(1152)) - omNode-bootstrap-1@group-0AAC5367B30E: receive requestVote(ELECTION, omNode-bootstrap-2, group-0AAC5367B30E, 10, (t:1, i:16))
2022-09-12 01:25:06,395 [grpc-default-executor-3] WARN  server.GrpcServerProtocolService (LogUtils.java:warn(122)) - omNode-bootstrap-1: Failed requestVote omNode-bootstrap-2->omNode-bootstrap-1#0: org.apache.ratis.protocol.exceptions.ServerNotReadyException: omNode-bootstrap-1@group-0AAC5367B30E is not in [RUNNING]: current state is STARTING
2022-09-12 01:25:06,398 [omNode-bootstrap-2@group-0AAC5367B30E-LeaderElection32] INFO  impl.LeaderElection (LogUtils.java:infoOrTrace(137)) - omNode-bootstrap-2@group-0AAC5367B30E-LeaderElection32 got exception when requesting votes: java.util.concurrent.ExecutionException: org.apache.ratis.thirdparty.io.grpc.StatusRuntimeException: UNAVAILABLE: io exception
2022-09-12 01:25:06,400 [omNode-bootstrap-2@group-0AAC5367B30E-LeaderElection32] INFO  impl.LeaderElection (LogUtils.java:infoOrTrace(137)) - omNode-bootstrap-2@group-0AAC5367B30E-LeaderElection32 got exception when requesting votes: java.util.concurrent.ExecutionException: org.apache.ratis.thirdparty.io.grpc.StatusRuntimeException: INTERNAL: omNode-bootstrap-1@group-0AAC5367B30E is not in [RUNNING]: current state is STARTING
2022-09-12 01:25:06,400 [omNode-bootstrap-2@group-0AAC5367B30E-LeaderElection32] INFO  impl.LeaderElection (LeaderElection.java:logAndReturn(90)) - omNode-bootstrap-2@group-0AAC5367B30E-LeaderElection32: ELECTION REJECTED received 0 response(s) and 2 exception(s):
2022-09-12 01:25:06,400 [omNode-bootstrap-2@group-0AAC5367B30E-LeaderElection32] INFO  impl.LeaderElection (LogUtils.java:infoOrTrace(137)) -   Exception 0: java.util.concurrent.ExecutionException: org.apache.ratis.thirdparty.io.grpc.StatusRuntimeException: UNAVAILABLE: io exception
2022-09-12 01:25:06,400 [omNode-bootstrap-2@group-0AAC5367B30E-LeaderElection32] INFO  impl.LeaderElection (LogUtils.java:infoOrTrace(137)) -   Exception 1: java.util.concurrent.ExecutionException: org.apache.ratis.thirdparty.io.grpc.StatusRuntimeException: INTERNAL: omNode-bootstrap-1@group-0AAC5367B30E is not in [RUNNING]: current state is STARTING
2022-09-12 01:25:06,400 [omNode-bootstrap-2@group-0AAC5367B30E-LeaderElection32] INFO  impl.LeaderElection (LeaderElection.java:askForVotes(312)) - omNode-bootstrap-2@group-0AAC5367B30E-LeaderElection32 ELECTION round 0: result REJECTED
2022-09-12 01:25:06,401 [omNode-bootstrap-2@group-0AAC5367B30E-LeaderElection32] INFO  server.RaftServer$Division (RaftServerImpl.java:setRole(299)) - omNode-bootstrap-2@group-0AAC5367B30E: changes role from CANDIDATE to FOLLOWER at term 10 for REJECTED
2022-09-12 01:25:06,401 [omNode-bootstrap-2@group-0AAC5367B30E-LeaderElection32] INFO  impl.RoleInfo (RoleInfo.java:shutdownLeaderElection(130)) - omNode-bootstrap-2: shutdown omNode-bootstrap-2@group-0AAC5367B30E-LeaderElection32
2022-09-12 01:25:06,401 [omNode-bootstrap-2@group-0AAC5367B30E-LeaderElection32] INFO  impl.RoleInfo (RoleInfo.java:updateAndGet(139)) - omNode-bootstrap-2: start omNode-bootstrap-2@group-0AAC5367B30E-FollowerState
2022-09-12 01:25:06,789 [EndpointStateMachine task thread for /127.0.0.1:40693 - 0 ] INFO  ipc.Client (Client.java:handleConnectionFailure(977)) - Retrying connect to server: localhost/127.0.0.1:40693. Already tried 11 time(s); retry policy is RetryUpToMaximumCountWithFixedSleep(maxRetries=15, sleepTime=1000 MILLISECONDS)
2022-09-12 01:25:07,427 [omNode-bootstrap-2@group-0AAC5367B30E-FollowerState] INFO  impl.FollowerState (FollowerState.java:run(143)) - omNode-bootstrap-2@group-0AAC5367B30E-FollowerState: change to CANDIDATE, lastRpcElapsedTime:1026551275ns, electionTimeout:1026ms
2022-09-12 01:25:07,427 [omNode-bootstrap-2@group-0AAC5367B30E-FollowerState] INFO  impl.RoleInfo (RoleInfo.java:shutdownFollowerState(110)) - omNode-bootstrap-2: shutdown omNode-bootstrap-2@group-0AAC5367B30E-FollowerState
2022-09-12 01:25:07,427 [omNode-bootstrap-2@group-0AAC5367B30E-FollowerState] INFO  server.RaftServer$Division (RaftServerImpl.java:setRole(299)) - omNode-bootstrap-2@group-0AAC5367B30E: changes role from  FOLLOWER to CANDIDATE at term 10 for changeToCandidate
2022-09-12 01:25:07,427 [omNode-bootstrap-2@group-0AAC5367B30E-FollowerState] INFO  server.RaftServerConfigKeys (ConfUtils.java:logGet(46)) - raft.server.leaderelection.pre-vote = false (custom)
2022-09-12 01:25:07,428 [omNode-bootstrap-2@group-0AAC5367B30E-FollowerState] INFO  impl.RoleInfo (RoleInfo.java:updateAndGet(139)) - omNode-bootstrap-2: start omNode-bootstrap-2@group-0AAC5367B30E-LeaderElection33
2022-09-12 01:25:07,449 [omNode-bootstrap-2@group-0AAC5367B30E-LeaderElection33] INFO  impl.LeaderElection (LeaderElection.java:askForVotes(310)) - omNode-bootstrap-2@group-0AAC5367B30E-LeaderElection33 ELECTION round 0: submit vote requests at term 11 for 15: [omNode-bootstrap-2|rpc:localhost:38739|admin:|client:|dataStream:|priority:0, omNode-bootstrap-1|rpc:localhost:42185|admin:|client:|dataStream:|priority:0, omNode-1|rpc:localhost:45363|admin:|client:|dataStream:|priority:0], old=null
2022-09-12 01:25:07,461 [grpc-default-executor-3] INFO  server.RaftServer$Division (RaftServerImpl.java:requestVote(1152)) - omNode-bootstrap-1@group-0AAC5367B30E: receive requestVote(ELECTION, omNode-bootstrap-2, group-0AAC5367B30E, 11, (t:1, i:16))
2022-09-12 01:25:07,462 [grpc-default-executor-3] WARN  server.GrpcServerProtocolService (LogUtils.java:warn(122)) - omNode-bootstrap-1: Failed requestVote omNode-bootstrap-2->omNode-bootstrap-1#0: org.apache.ratis.protocol.exceptions.ServerNotReadyException: omNode-bootstrap-1@group-0AAC5367B30E is not in [RUNNING]: current state is STARTING
2022-09-12 01:25:07,468 [omNode-bootstrap-2@group-0AAC5367B30E-LeaderElection33] INFO  impl.LeaderElection (LogUtils.java:infoOrTrace(137)) - omNode-bootstrap-2@group-0AAC5367B30E-LeaderElection33 got exception when requesting votes: java.util.concurrent.ExecutionException: org.apache.ratis.thirdparty.io.grpc.StatusRuntimeException: INTERNAL: omNode-bootstrap-1@group-0AAC5367B30E is not in [RUNNING]: current state is STARTING
2022-09-12 01:25:07,473 [omNode-bootstrap-2@group-0AAC5367B30E-LeaderElection33] INFO  impl.LeaderElection (LogUtils.java:infoOrTrace(137)) - omNode-bootstrap-2@group-0AAC5367B30E-LeaderElection33 got exception when requesting votes: java.util.concurrent.ExecutionException: org.apache.ratis.thirdparty.io.grpc.StatusRuntimeException: UNAVAILABLE: io exception
2022-09-12 01:25:07,473 [omNode-bootstrap-2@group-0AAC5367B30E-LeaderElection33] INFO  impl.LeaderElection (LeaderElection.java:logAndReturn(90)) - omNode-bootstrap-2@group-0AAC5367B30E-LeaderElection33: ELECTION REJECTED received 0 response(s) and 2 exception(s):
2022-09-12 01:25:07,473 [omNode-bootstrap-2@group-0AAC5367B30E-LeaderElection33] INFO  impl.LeaderElection (LogUtils.java:infoOrTrace(137)) -   Exception 0: java.util.concurrent.ExecutionException: org.apache.ratis.thirdparty.io.grpc.StatusRuntimeException: INTERNAL: omNode-bootstrap-1@group-0AAC5367B30E is not in [RUNNING]: current state is STARTING
2022-09-12 01:25:07,473 [omNode-bootstrap-2@group-0AAC5367B30E-LeaderElection33] INFO  impl.LeaderElection (LogUtils.java:infoOrTrace(137)) -   Exception 1: java.util.concurrent.ExecutionException: org.apache.ratis.thirdparty.io.grpc.StatusRuntimeException: UNAVAILABLE: io exception
2022-09-12 01:25:07,473 [omNode-bootstrap-2@group-0AAC5367B30E-LeaderElection33] INFO  impl.LeaderElection (LeaderElection.java:askForVotes(312)) - omNode-bootstrap-2@group-0AAC5367B30E-LeaderElection33 ELECTION round 0: result REJECTED
2022-09-12 01:25:07,473 [omNode-bootstrap-2@group-0AAC5367B30E-LeaderElection33] INFO  server.RaftServer$Division (RaftServerImpl.java:setRole(299)) - omNode-bootstrap-2@group-0AAC5367B30E: changes role from CANDIDATE to FOLLOWER at term 11 for REJECTED
2022-09-12 01:25:07,473 [omNode-bootstrap-2@group-0AAC5367B30E-LeaderElection33] INFO  impl.RoleInfo (RoleInfo.java:shutdownLeaderElection(130)) - omNode-bootstrap-2: shutdown omNode-bootstrap-2@group-0AAC5367B30E-LeaderElection33
2022-09-12 01:25:07,473 [omNode-bootstrap-2@group-0AAC5367B30E-LeaderElection33] INFO  impl.RoleInfo (RoleInfo.java:updateAndGet(139)) - omNode-bootstrap-2: start omNode-bootstrap-2@group-0AAC5367B30E-FollowerState
2022-09-12 01:25:07,789 [EndpointStateMachine task thread for /127.0.0.1:40693 - 0 ] INFO  ipc.Client (Client.java:handleConnectionFailure(977)) - Retrying connect to server: localhost/127.0.0.1:40693. Already tried 12 time(s); retry policy is RetryUpToMaximumCountWithFixedSleep(maxRetries=15, sleepTime=1000 MILLISECONDS)
2022-09-12 01:25:08,608 [omNode-bootstrap-2@group-0AAC5367B30E-FollowerState] INFO  impl.FollowerState (FollowerState.java:run(143)) - omNode-bootstrap-2@group-0AAC5367B30E-FollowerState: change to CANDIDATE, lastRpcElapsedTime:1135597421ns, electionTimeout:1128ms
2022-09-12 01:25:08,609 [omNode-bootstrap-2@group-0AAC5367B30E-FollowerState] INFO  impl.RoleInfo (RoleInfo.java:shutdownFollowerState(110)) - omNode-bootstrap-2: shutdown omNode-bootstrap-2@group-0AAC5367B30E-FollowerState
2022-09-12 01:25:08,609 [omNode-bootstrap-2@group-0AAC5367B30E-FollowerState] INFO  server.RaftServer$Division (RaftServerImpl.java:setRole(299)) - omNode-bootstrap-2@group-0AAC5367B30E: changes role from  FOLLOWER to CANDIDATE at term 11 for changeToCandidate
2022-09-12 01:25:08,609 [omNode-bootstrap-2@group-0AAC5367B30E-FollowerState] INFO  server.RaftServerConfigKeys (ConfUtils.java:logGet(46)) - raft.server.leaderelection.pre-vote = false (custom)
2022-09-12 01:25:08,609 [omNode-bootstrap-2@group-0AAC5367B30E-FollowerState] INFO  impl.RoleInfo (RoleInfo.java:updateAndGet(139)) - omNode-bootstrap-2: start omNode-bootstrap-2@group-0AAC5367B30E-LeaderElection34
2022-09-12 01:25:08,631 [omNode-bootstrap-2@group-0AAC5367B30E-LeaderElection34] INFO  impl.LeaderElection (LeaderElection.java:askForVotes(310)) - omNode-bootstrap-2@group-0AAC5367B30E-LeaderElection34 ELECTION round 0: submit vote requests at term 12 for 15: [omNode-bootstrap-2|rpc:localhost:38739|admin:|client:|dataStream:|priority:0, omNode-bootstrap-1|rpc:localhost:42185|admin:|client:|dataStream:|priority:0, omNode-1|rpc:localhost:45363|admin:|client:|dataStream:|priority:0], old=null
2022-09-12 01:25:08,640 [grpc-default-executor-3] INFO  server.RaftServer$Division (RaftServerImpl.java:requestVote(1152)) - omNode-bootstrap-1@group-0AAC5367B30E: receive requestVote(ELECTION, omNode-bootstrap-2, group-0AAC5367B30E, 12, (t:1, i:16))
2022-09-12 01:25:08,640 [grpc-default-executor-3] WARN  server.GrpcServerProtocolService (LogUtils.java:warn(122)) - omNode-bootstrap-1: Failed requestVote omNode-bootstrap-2->omNode-bootstrap-1#0: org.apache.ratis.protocol.exceptions.ServerNotReadyException: omNode-bootstrap-1@group-0AAC5367B30E is not in [RUNNING]: current state is STARTING
2022-09-12 01:25:08,654 [omNode-bootstrap-2@group-0AAC5367B30E-LeaderElection34] INFO  impl.LeaderElection (LogUtils.java:infoOrTrace(137)) - omNode-bootstrap-2@group-0AAC5367B30E-LeaderElection34 got exception when requesting votes: java.util.concurrent.ExecutionException: org.apache.ratis.thirdparty.io.grpc.StatusRuntimeException: INTERNAL: omNode-bootstrap-1@group-0AAC5367B30E is not in [RUNNING]: current state is STARTING
2022-09-12 01:25:08,654 [omNode-bootstrap-2@group-0AAC5367B30E-LeaderElection34] INFO  impl.LeaderElection (LogUtils.java:infoOrTrace(137)) - omNode-bootstrap-2@group-0AAC5367B30E-LeaderElection34 got exception when requesting votes: java.util.concurrent.ExecutionException: org.apache.ratis.thirdparty.io.grpc.StatusRuntimeException: UNAVAILABLE: io exception
2022-09-12 01:25:08,654 [omNode-bootstrap-2@group-0AAC5367B30E-LeaderElection34] INFO  impl.LeaderElection (LeaderElection.java:logAndReturn(90)) - omNode-bootstrap-2@group-0AAC5367B30E-LeaderElection34: ELECTION REJECTED received 0 response(s) and 2 exception(s):
2022-09-12 01:25:08,654 [omNode-bootstrap-2@group-0AAC5367B30E-LeaderElection34] INFO  impl.LeaderElection (LogUtils.java:infoOrTrace(137)) -   Exception 0: java.util.concurrent.ExecutionException: org.apache.ratis.thirdparty.io.grpc.StatusRuntimeException: INTERNAL: omNode-bootstrap-1@group-0AAC5367B30E is not in [RUNNING]: current state is STARTING
2022-09-12 01:25:08,654 [omNode-bootstrap-2@group-0AAC5367B30E-LeaderElection34] INFO  impl.LeaderElection (LogUtils.java:infoOrTrace(137)) -   Exception 1: java.util.concurrent.ExecutionException: org.apache.ratis.thirdparty.io.grpc.StatusRuntimeException: UNAVAILABLE: io exception
2022-09-12 01:25:08,654 [omNode-bootstrap-2@group-0AAC5367B30E-LeaderElection34] INFO  impl.LeaderElection (LeaderElection.java:askForVotes(312)) - omNode-bootstrap-2@group-0AAC5367B30E-LeaderElection34 ELECTION round 0: result REJECTED
2022-09-12 01:25:08,654 [omNode-bootstrap-2@group-0AAC5367B30E-LeaderElection34] INFO  server.RaftServer$Division (RaftServerImpl.java:setRole(299)) - omNode-bootstrap-2@group-0AAC5367B30E: changes role from CANDIDATE to FOLLOWER at term 12 for REJECTED
2022-09-12 01:25:08,654 [omNode-bootstrap-2@group-0AAC5367B30E-LeaderElection34] INFO  impl.RoleInfo (RoleInfo.java:shutdownLeaderElection(130)) - omNode-bootstrap-2: shutdown omNode-bootstrap-2@group-0AAC5367B30E-LeaderElection34
2022-09-12 01:25:08,655 [omNode-bootstrap-2@group-0AAC5367B30E-LeaderElection34] INFO  impl.RoleInfo (RoleInfo.java:updateAndGet(139)) - omNode-bootstrap-2: start omNode-bootstrap-2@group-0AAC5367B30E-FollowerState
2022-09-12 01:25:08,790 [EndpointStateMachine task thread for /127.0.0.1:40693 - 0 ] INFO  ipc.Client (Client.java:handleConnectionFailure(977)) - Retrying connect to server: localhost/127.0.0.1:40693. Already tried 13 time(s); retry policy is RetryUpToMaximumCountWithFixedSleep(maxRetries=15, sleepTime=1000 MILLISECONDS)
2022-09-12 01:25:09,700 [omNode-bootstrap-2@group-0AAC5367B30E-FollowerState] INFO  impl.FollowerState (FollowerState.java:run(143)) - omNode-bootstrap-2@group-0AAC5367B30E-FollowerState: change to CANDIDATE, lastRpcElapsedTime:1044989877ns, electionTimeout:1036ms
2022-09-12 01:25:09,700 [omNode-bootstrap-2@group-0AAC5367B30E-FollowerState] INFO  impl.RoleInfo (RoleInfo.java:shutdownFollowerState(110)) - omNode-bootstrap-2: shutdown omNode-bootstrap-2@group-0AAC5367B30E-FollowerState
2022-09-12 01:25:09,700 [omNode-bootstrap-2@group-0AAC5367B30E-FollowerState] INFO  server.RaftServer$Division (RaftServerImpl.java:setRole(299)) - omNode-bootstrap-2@group-0AAC5367B30E: changes role from  FOLLOWER to CANDIDATE at term 12 for changeToCandidate
2022-09-12 01:25:09,700 [omNode-bootstrap-2@group-0AAC5367B30E-FollowerState] INFO  server.RaftServerConfigKeys (ConfUtils.java:logGet(46)) - raft.server.leaderelection.pre-vote = false (custom)
2022-09-12 01:25:09,700 [omNode-bootstrap-2@group-0AAC5367B30E-FollowerState] INFO  impl.RoleInfo (RoleInfo.java:updateAndGet(139)) - omNode-bootstrap-2: start omNode-bootstrap-2@group-0AAC5367B30E-LeaderElection35
2022-09-12 01:25:09,734 [omNode-bootstrap-2@group-0AAC5367B30E-LeaderElection35] INFO  impl.LeaderElection (LeaderElection.java:askForVotes(310)) - omNode-bootstrap-2@group-0AAC5367B30E-LeaderElection35 ELECTION round 0: submit vote requests at term 13 for 15: [omNode-bootstrap-2|rpc:localhost:38739|admin:|client:|dataStream:|priority:0, omNode-bootstrap-1|rpc:localhost:42185|admin:|client:|dataStream:|priority:0, omNode-1|rpc:localhost:45363|admin:|client:|dataStream:|priority:0], old=null
2022-09-12 01:25:09,745 [grpc-default-executor-3] INFO  server.RaftServer$Division (RaftServerImpl.java:requestVote(1152)) - omNode-bootstrap-1@group-0AAC5367B30E: receive requestVote(ELECTION, omNode-bootstrap-2, group-0AAC5367B30E, 13, (t:1, i:16))
2022-09-12 01:25:09,745 [grpc-default-executor-3] WARN  server.GrpcServerProtocolService (LogUtils.java:warn(122)) - omNode-bootstrap-1: Failed requestVote omNode-bootstrap-2->omNode-bootstrap-1#0: org.apache.ratis.protocol.exceptions.ServerNotReadyException: omNode-bootstrap-1@group-0AAC5367B30E is not in [RUNNING]: current state is STARTING
2022-09-12 01:25:09,756 [omNode-bootstrap-2@group-0AAC5367B30E-LeaderElection35] INFO  impl.LeaderElection (LogUtils.java:infoOrTrace(137)) - omNode-bootstrap-2@group-0AAC5367B30E-LeaderElection35 got exception when requesting votes: java.util.concurrent.ExecutionException: org.apache.ratis.thirdparty.io.grpc.StatusRuntimeException: INTERNAL: omNode-bootstrap-1@group-0AAC5367B30E is not in [RUNNING]: current state is STARTING
2022-09-12 01:25:09,756 [omNode-bootstrap-2@group-0AAC5367B30E-LeaderElection35] INFO  impl.LeaderElection (LogUtils.java:infoOrTrace(137)) - omNode-bootstrap-2@group-0AAC5367B30E-LeaderElection35 got exception when requesting votes: java.util.concurrent.ExecutionException: org.apache.ratis.thirdparty.io.grpc.StatusRuntimeException: UNAVAILABLE: io exception
2022-09-12 01:25:09,756 [omNode-bootstrap-2@group-0AAC5367B30E-LeaderElection35] INFO  impl.LeaderElection (LeaderElection.java:logAndReturn(90)) - omNode-bootstrap-2@group-0AAC5367B30E-LeaderElection35: ELECTION REJECTED received 0 response(s) and 2 exception(s):
2022-09-12 01:25:09,756 [omNode-bootstrap-2@group-0AAC5367B30E-LeaderElection35] INFO  impl.LeaderElection (LogUtils.java:infoOrTrace(137)) -   Exception 0: java.util.concurrent.ExecutionException: org.apache.ratis.thirdparty.io.grpc.StatusRuntimeException: INTERNAL: omNode-bootstrap-1@group-0AAC5367B30E is not in [RUNNING]: current state is STARTING
2022-09-12 01:25:09,756 [omNode-bootstrap-2@group-0AAC5367B30E-LeaderElection35] INFO  impl.LeaderElection (LogUtils.java:infoOrTrace(137)) -   Exception 1: java.util.concurrent.ExecutionException: org.apache.ratis.thirdparty.io.grpc.StatusRuntimeException: UNAVAILABLE: io exception
2022-09-12 01:25:09,756 [omNode-bootstrap-2@group-0AAC5367B30E-LeaderElection35] INFO  impl.LeaderElection (LeaderElection.java:askForVotes(312)) - omNode-bootstrap-2@group-0AAC5367B30E-LeaderElection35 ELECTION round 0: result REJECTED
2022-09-12 01:25:09,756 [omNode-bootstrap-2@group-0AAC5367B30E-LeaderElection35] INFO  server.RaftServer$Division (RaftServerImpl.java:setRole(299)) - omNode-bootstrap-2@group-0AAC5367B30E: changes role from CANDIDATE to FOLLOWER at term 13 for REJECTED
2022-09-12 01:25:09,756 [omNode-bootstrap-2@group-0AAC5367B30E-LeaderElection35] INFO  impl.RoleInfo (RoleInfo.java:shutdownLeaderElection(130)) - omNode-bootstrap-2: shutdown omNode-bootstrap-2@group-0AAC5367B30E-LeaderElection35
2022-09-12 01:25:09,757 [omNode-bootstrap-2@group-0AAC5367B30E-LeaderElection35] INFO  impl.RoleInfo (RoleInfo.java:updateAndGet(139)) - omNode-bootstrap-2: start omNode-bootstrap-2@group-0AAC5367B30E-FollowerState
2022-09-12 01:25:09,790 [EndpointStateMachine task thread for /127.0.0.1:40693 - 0 ] INFO  ipc.Client (Client.java:handleConnectionFailure(977)) - Retrying connect to server: localhost/127.0.0.1:40693. Already tried 14 time(s); retry policy is RetryUpToMaximumCountWithFixedSleep(maxRetries=15, sleepTime=1000 MILLISECONDS)
2022-09-12 01:25:10,791 [EndpointStateMachine task thread for /127.0.0.1:40693 - 0 ] INFO  ipc.Client (Client.java:handleConnectionFailure(977)) - Retrying connect to server: localhost/127.0.0.1:40693. Already tried 0 time(s); retry policy is RetryUpToMaximumCountWithFixedSleep(maxRetries=15, sleepTime=1000 MILLISECONDS)
2022-09-12 01:25:10,828 [omNode-bootstrap-2@group-0AAC5367B30E-FollowerState] INFO  impl.FollowerState (FollowerState.java:run(143)) - omNode-bootstrap-2@group-0AAC5367B30E-FollowerState: change to CANDIDATE, lastRpcElapsedTime:1071094487ns, electionTimeout:1055ms
2022-09-12 01:25:10,828 [omNode-bootstrap-2@group-0AAC5367B30E-FollowerState] INFO  impl.RoleInfo (RoleInfo.java:shutdownFollowerState(110)) - omNode-bootstrap-2: shutdown omNode-bootstrap-2@group-0AAC5367B30E-FollowerState
2022-09-12 01:25:10,828 [omNode-bootstrap-2@group-0AAC5367B30E-FollowerState] INFO  server.RaftServer$Division (RaftServerImpl.java:setRole(299)) - omNode-bootstrap-2@group-0AAC5367B30E: changes role from  FOLLOWER to CANDIDATE at term 13 for changeToCandidate
2022-09-12 01:25:10,828 [omNode-bootstrap-2@group-0AAC5367B30E-FollowerState] INFO  server.RaftServerConfigKeys (ConfUtils.java:logGet(46)) - raft.server.leaderelection.pre-vote = false (custom)
2022-09-12 01:25:10,828 [omNode-bootstrap-2@group-0AAC5367B30E-FollowerState] INFO  impl.RoleInfo (RoleInfo.java:updateAndGet(139)) - omNode-bootstrap-2: start omNode-bootstrap-2@group-0AAC5367B30E-LeaderElection36
2022-09-12 01:25:10,850 [omNode-bootstrap-2@group-0AAC5367B30E-LeaderElection36] INFO  impl.LeaderElection (LeaderElection.java:askForVotes(310)) - omNode-bootstrap-2@group-0AAC5367B30E-LeaderElection36 ELECTION round 0: submit vote requests at term 14 for 15: [omNode-bootstrap-2|rpc:localhost:38739|admin:|client:|dataStream:|priority:0, omNode-bootstrap-1|rpc:localhost:42185|admin:|client:|dataStream:|priority:0, omNode-1|rpc:localhost:45363|admin:|client:|dataStream:|priority:0], old=null
2022-09-12 01:25:10,858 [grpc-default-executor-3] INFO  server.RaftServer$Division (RaftServerImpl.java:requestVote(1152)) - omNode-bootstrap-1@group-0AAC5367B30E: receive requestVote(ELECTION, omNode-bootstrap-2, group-0AAC5367B30E, 14, (t:1, i:16))
2022-09-12 01:25:10,858 [grpc-default-executor-3] WARN  server.GrpcServerProtocolService (LogUtils.java:warn(122)) - omNode-bootstrap-1: Failed requestVote omNode-bootstrap-2->omNode-bootstrap-1#0: org.apache.ratis.protocol.exceptions.ServerNotReadyException: omNode-bootstrap-1@group-0AAC5367B30E is not in [RUNNING]: current state is STARTING
2022-09-12 01:25:10,860 [omNode-bootstrap-2@group-0AAC5367B30E-LeaderElection36] INFO  impl.LeaderElection (LogUtils.java:infoOrTrace(137)) - omNode-bootstrap-2@group-0AAC5367B30E-LeaderElection36 got exception when requesting votes: java.util.concurrent.ExecutionException: org.apache.ratis.thirdparty.io.grpc.StatusRuntimeException: INTERNAL: omNode-bootstrap-1@group-0AAC5367B30E is not in [RUNNING]: current state is STARTING
2022-09-12 01:25:10,861 [omNode-bootstrap-2@group-0AAC5367B30E-LeaderElection36] INFO  impl.LeaderElection (LogUtils.java:infoOrTrace(137)) - omNode-bootstrap-2@group-0AAC5367B30E-LeaderElection36 got exception when requesting votes: java.util.concurrent.ExecutionException: org.apache.ratis.thirdparty.io.grpc.StatusRuntimeException: UNAVAILABLE: io exception
2022-09-12 01:25:10,861 [omNode-bootstrap-2@group-0AAC5367B30E-LeaderElection36] INFO  impl.LeaderElection (LeaderElection.java:logAndReturn(90)) - omNode-bootstrap-2@group-0AAC5367B30E-LeaderElection36: ELECTION REJECTED received 0 response(s) and 2 exception(s):
2022-09-12 01:25:10,861 [omNode-bootstrap-2@group-0AAC5367B30E-LeaderElection36] INFO  impl.LeaderElection (LogUtils.java:infoOrTrace(137)) -   Exception 0: java.util.concurrent.ExecutionException: org.apache.ratis.thirdparty.io.grpc.StatusRuntimeException: INTERNAL: omNode-bootstrap-1@group-0AAC5367B30E is not in [RUNNING]: current state is STARTING
2022-09-12 01:25:10,861 [omNode-bootstrap-2@group-0AAC5367B30E-LeaderElection36] INFO  impl.LeaderElection (LogUtils.java:infoOrTrace(137)) -   Exception 1: java.util.concurrent.ExecutionException: org.apache.ratis.thirdparty.io.grpc.StatusRuntimeException: UNAVAILABLE: io exception
2022-09-12 01:25:10,861 [omNode-bootstrap-2@group-0AAC5367B30E-LeaderElection36] INFO  impl.LeaderElection (LeaderElection.java:askForVotes(312)) - omNode-bootstrap-2@group-0AAC5367B30E-LeaderElection36 ELECTION round 0: result REJECTED
2022-09-12 01:25:10,861 [omNode-bootstrap-2@group-0AAC5367B30E-LeaderElection36] INFO  server.RaftServer$Division (RaftServerImpl.java:setRole(299)) - omNode-bootstrap-2@group-0AAC5367B30E: changes role from CANDIDATE to FOLLOWER at term 14 for REJECTED
2022-09-12 01:25:10,861 [omNode-bootstrap-2@group-0AAC5367B30E-LeaderElection36] INFO  impl.RoleInfo (RoleInfo.java:shutdownLeaderElection(130)) - omNode-bootstrap-2: shutdown omNode-bootstrap-2@group-0AAC5367B30E-LeaderElection36
2022-09-12 01:25:10,861 [omNode-bootstrap-2@group-0AAC5367B30E-LeaderElection36] INFO  impl.RoleInfo (RoleInfo.java:updateAndGet(139)) - omNode-bootstrap-2: start omNode-bootstrap-2@group-0AAC5367B30E-FollowerState
2022-09-12 01:25:11,792 [EndpointStateMachine task thread for /127.0.0.1:40693 - 0 ] INFO  ipc.Client (Client.java:handleConnectionFailure(977)) - Retrying connect to server: localhost/127.0.0.1:40693. Already tried 1 time(s); retry policy is RetryUpToMaximumCountWithFixedSleep(maxRetries=15, sleepTime=1000 MILLISECONDS)
2022-09-12 01:25:12,047 [omNode-bootstrap-2@group-0AAC5367B30E-FollowerState] INFO  impl.FollowerState (FollowerState.java:run(143)) - omNode-bootstrap-2@group-0AAC5367B30E-FollowerState: change to CANDIDATE, lastRpcElapsedTime:1185624151ns, electionTimeout:1178ms
2022-09-12 01:25:12,047 [omNode-bootstrap-2@group-0AAC5367B30E-FollowerState] INFO  impl.RoleInfo (RoleInfo.java:shutdownFollowerState(110)) - omNode-bootstrap-2: shutdown omNode-bootstrap-2@group-0AAC5367B30E-FollowerState
2022-09-12 01:25:12,047 [omNode-bootstrap-2@group-0AAC5367B30E-FollowerState] INFO  server.RaftServer$Division (RaftServerImpl.java:setRole(299)) - omNode-bootstrap-2@group-0AAC5367B30E: changes role from  FOLLOWER to CANDIDATE at term 14 for changeToCandidate
2022-09-12 01:25:12,047 [omNode-bootstrap-2@group-0AAC5367B30E-FollowerState] INFO  server.RaftServerConfigKeys (ConfUtils.java:logGet(46)) - raft.server.leaderelection.pre-vote = false (custom)
2022-09-12 01:25:12,047 [omNode-bootstrap-2@group-0AAC5367B30E-FollowerState] INFO  impl.RoleInfo (RoleInfo.java:updateAndGet(139)) - omNode-bootstrap-2: start omNode-bootstrap-2@group-0AAC5367B30E-LeaderElection37
2022-09-12 01:25:12,068 [omNode-bootstrap-2@group-0AAC5367B30E-LeaderElection37] INFO  impl.LeaderElection (LeaderElection.java:askForVotes(310)) - omNode-bootstrap-2@group-0AAC5367B30E-LeaderElection37 ELECTION round 0: submit vote requests at term 15 for 15: [omNode-bootstrap-2|rpc:localhost:38739|admin:|client:|dataStream:|priority:0, omNode-bootstrap-1|rpc:localhost:42185|admin:|client:|dataStream:|priority:0, omNode-1|rpc:localhost:45363|admin:|client:|dataStream:|priority:0], old=null
2022-09-12 01:25:12,075 [grpc-default-executor-3] INFO  server.RaftServer$Division (RaftServerImpl.java:requestVote(1152)) - omNode-bootstrap-1@group-0AAC5367B30E: receive requestVote(ELECTION, omNode-bootstrap-2, group-0AAC5367B30E, 15, (t:1, i:16))
2022-09-12 01:25:12,075 [grpc-default-executor-3] WARN  server.GrpcServerProtocolService (LogUtils.java:warn(122)) - omNode-bootstrap-1: Failed requestVote omNode-bootstrap-2->omNode-bootstrap-1#0: org.apache.ratis.protocol.exceptions.ServerNotReadyException: omNode-bootstrap-1@group-0AAC5367B30E is not in [RUNNING]: current state is STARTING
2022-09-12 01:25:12,084 [omNode-bootstrap-2@group-0AAC5367B30E-LeaderElection37] INFO  impl.LeaderElection (LogUtils.java:infoOrTrace(137)) - omNode-bootstrap-2@group-0AAC5367B30E-LeaderElection37 got exception when requesting votes: java.util.concurrent.ExecutionException: org.apache.ratis.thirdparty.io.grpc.StatusRuntimeException: INTERNAL: omNode-bootstrap-1@group-0AAC5367B30E is not in [RUNNING]: current state is STARTING
2022-09-12 01:25:12,085 [omNode-bootstrap-2@group-0AAC5367B30E-LeaderElection37] INFO  impl.LeaderElection (LogUtils.java:infoOrTrace(137)) - omNode-bootstrap-2@group-0AAC5367B30E-LeaderElection37 got exception when requesting votes: java.util.concurrent.ExecutionException: org.apache.ratis.thirdparty.io.grpc.StatusRuntimeException: UNAVAILABLE: io exception
2022-09-12 01:25:12,085 [omNode-bootstrap-2@group-0AAC5367B30E-LeaderElection37] INFO  impl.LeaderElection (LeaderElection.java:logAndReturn(90)) - omNode-bootstrap-2@group-0AAC5367B30E-LeaderElection37: ELECTION REJECTED received 0 response(s) and 2 exception(s):
2022-09-12 01:25:12,085 [omNode-bootstrap-2@group-0AAC5367B30E-LeaderElection37] INFO  impl.LeaderElection (LogUtils.java:infoOrTrace(137)) -   Exception 0: java.util.concurrent.ExecutionException: org.apache.ratis.thirdparty.io.grpc.StatusRuntimeException: INTERNAL: omNode-bootstrap-1@group-0AAC5367B30E is not in [RUNNING]: current state is STARTING
2022-09-12 01:25:12,085 [omNode-bootstrap-2@group-0AAC5367B30E-LeaderElection37] INFO  impl.LeaderElection (LogUtils.java:infoOrTrace(137)) -   Exception 1: java.util.concurrent.ExecutionException: org.apache.ratis.thirdparty.io.grpc.StatusRuntimeException: UNAVAILABLE: io exception
2022-09-12 01:25:12,085 [omNode-bootstrap-2@group-0AAC5367B30E-LeaderElection37] INFO  impl.LeaderElection (LeaderElection.java:askForVotes(312)) - omNode-bootstrap-2@group-0AAC5367B30E-LeaderElection37 ELECTION round 0: result REJECTED
2022-09-12 01:25:12,085 [omNode-bootstrap-2@group-0AAC5367B30E-LeaderElection37] INFO  server.RaftServer$Division (RaftServerImpl.java:setRole(299)) - omNode-bootstrap-2@group-0AAC5367B30E: changes role from CANDIDATE to FOLLOWER at term 15 for REJECTED
2022-09-12 01:25:12,085 [omNode-bootstrap-2@group-0AAC5367B30E-LeaderElection37] INFO  impl.RoleInfo (RoleInfo.java:shutdownLeaderElection(130)) - omNode-bootstrap-2: shutdown omNode-bootstrap-2@group-0AAC5367B30E-LeaderElection37
2022-09-12 01:25:12,085 [omNode-bootstrap-2@group-0AAC5367B30E-LeaderElection37] INFO  impl.RoleInfo (RoleInfo.java:updateAndGet(139)) - omNode-bootstrap-2: start omNode-bootstrap-2@group-0AAC5367B30E-FollowerState
2022-09-12 01:25:12,792 [EndpointStateMachine task thread for /127.0.0.1:40693 - 0 ] INFO  ipc.Client (Client.java:handleConnectionFailure(977)) - Retrying connect to server: localhost/127.0.0.1:40693. Already tried 2 time(s); retry policy is RetryUpToMaximumCountWithFixedSleep(maxRetries=15, sleepTime=1000 MILLISECONDS)
2022-09-12 01:25:13,181 [omNode-bootstrap-2@group-0AAC5367B30E-FollowerState] INFO  impl.FollowerState (FollowerState.java:run(143)) - omNode-bootstrap-2@group-0AAC5367B30E-FollowerState: change to CANDIDATE, lastRpcElapsedTime:1096411102ns, electionTimeout:1096ms
2022-09-12 01:25:13,182 [omNode-bootstrap-2@group-0AAC5367B30E-FollowerState] INFO  impl.RoleInfo (RoleInfo.java:shutdownFollowerState(110)) - omNode-bootstrap-2: shutdown omNode-bootstrap-2@group-0AAC5367B30E-FollowerState
2022-09-12 01:25:13,182 [omNode-bootstrap-2@group-0AAC5367B30E-FollowerState] INFO  server.RaftServer$Division (RaftServerImpl.java:setRole(299)) - omNode-bootstrap-2@group-0AAC5367B30E: changes role from  FOLLOWER to CANDIDATE at term 15 for changeToCandidate
2022-09-12 01:25:13,182 [omNode-bootstrap-2@group-0AAC5367B30E-FollowerState] INFO  server.RaftServerConfigKeys (ConfUtils.java:logGet(46)) - raft.server.leaderelection.pre-vote = false (custom)
2022-09-12 01:25:13,182 [omNode-bootstrap-2@group-0AAC5367B30E-FollowerState] INFO  impl.RoleInfo (RoleInfo.java:updateAndGet(139)) - omNode-bootstrap-2: start omNode-bootstrap-2@group-0AAC5367B30E-LeaderElection38
2022-09-12 01:25:13,194 [omNode-bootstrap-2@group-0AAC5367B30E-LeaderElection38] INFO  impl.LeaderElection (LeaderElection.java:askForVotes(310)) - omNode-bootstrap-2@group-0AAC5367B30E-LeaderElection38 ELECTION round 0: submit vote requests at term 16 for 15: [omNode-bootstrap-2|rpc:localhost:38739|admin:|client:|dataStream:|priority:0, omNode-bootstrap-1|rpc:localhost:42185|admin:|client:|dataStream:|priority:0, omNode-1|rpc:localhost:45363|admin:|client:|dataStream:|priority:0], old=null
2022-09-12 01:25:13,204 [grpc-default-executor-3] INFO  server.RaftServer$Division (RaftServerImpl.java:requestVote(1152)) - omNode-bootstrap-1@group-0AAC5367B30E: receive requestVote(ELECTION, omNode-bootstrap-2, group-0AAC5367B30E, 16, (t:1, i:16))
2022-09-12 01:25:13,204 [grpc-default-executor-3] WARN  server.GrpcServerProtocolService (LogUtils.java:warn(122)) - omNode-bootstrap-1: Failed requestVote omNode-bootstrap-2->omNode-bootstrap-1#0: org.apache.ratis.protocol.exceptions.ServerNotReadyException: omNode-bootstrap-1@group-0AAC5367B30E is not in [RUNNING]: current state is STARTING
2022-09-12 01:25:13,207 [omNode-bootstrap-2@group-0AAC5367B30E-LeaderElection38] INFO  impl.LeaderElection (LogUtils.java:infoOrTrace(137)) - omNode-bootstrap-2@group-0AAC5367B30E-LeaderElection38 got exception when requesting votes: java.util.concurrent.ExecutionException: org.apache.ratis.thirdparty.io.grpc.StatusRuntimeException: INTERNAL: omNode-bootstrap-1@group-0AAC5367B30E is not in [RUNNING]: current state is STARTING
2022-09-12 01:25:13,210 [omNode-bootstrap-2@group-0AAC5367B30E-LeaderElection38] INFO  impl.LeaderElection (LogUtils.java:infoOrTrace(137)) - omNode-bootstrap-2@group-0AAC5367B30E-LeaderElection38 got exception when requesting votes: java.util.concurrent.ExecutionException: org.apache.ratis.thirdparty.io.grpc.StatusRuntimeException: UNAVAILABLE: io exception
2022-09-12 01:25:13,210 [omNode-bootstrap-2@group-0AAC5367B30E-LeaderElection38] INFO  impl.LeaderElection (LeaderElection.java:logAndReturn(90)) - omNode-bootstrap-2@group-0AAC5367B30E-LeaderElection38: ELECTION REJECTED received 0 response(s) and 2 exception(s):
2022-09-12 01:25:13,210 [omNode-bootstrap-2@group-0AAC5367B30E-LeaderElection38] INFO  impl.LeaderElection (LogUtils.java:infoOrTrace(137)) -   Exception 0: java.util.concurrent.ExecutionException: org.apache.ratis.thirdparty.io.grpc.StatusRuntimeException: INTERNAL: omNode-bootstrap-1@group-0AAC5367B30E is not in [RUNNING]: current state is STARTING
2022-09-12 01:25:13,210 [omNode-bootstrap-2@group-0AAC5367B30E-LeaderElection38] INFO  impl.LeaderElection (LogUtils.java:infoOrTrace(137)) -   Exception 1: java.util.concurrent.ExecutionException: org.apache.ratis.thirdparty.io.grpc.StatusRuntimeException: UNAVAILABLE: io exception
2022-09-12 01:25:13,210 [omNode-bootstrap-2@group-0AAC5367B30E-LeaderElection38] INFO  impl.LeaderElection (LeaderElection.java:askForVotes(312)) - omNode-bootstrap-2@group-0AAC5367B30E-LeaderElection38 ELECTION round 0: result REJECTED
2022-09-12 01:25:13,210 [omNode-bootstrap-2@group-0AAC5367B30E-LeaderElection38] INFO  server.RaftServer$Division (RaftServerImpl.java:setRole(299)) - omNode-bootstrap-2@group-0AAC5367B30E: changes role from CANDIDATE to FOLLOWER at term 16 for REJECTED
2022-09-12 01:25:13,210 [omNode-bootstrap-2@group-0AAC5367B30E-LeaderElection38] INFO  impl.RoleInfo (RoleInfo.java:shutdownLeaderElection(130)) - omNode-bootstrap-2: shutdown omNode-bootstrap-2@group-0AAC5367B30E-LeaderElection38
2022-09-12 01:25:13,210 [omNode-bootstrap-2@group-0AAC5367B30E-LeaderElection38] INFO  impl.RoleInfo (RoleInfo.java:updateAndGet(139)) - omNode-bootstrap-2: start omNode-bootstrap-2@group-0AAC5367B30E-FollowerState
2022-09-12 01:25:13,793 [EndpointStateMachine task thread for /127.0.0.1:40693 - 0 ] INFO  ipc.Client (Client.java:handleConnectionFailure(977)) - Retrying connect to server: localhost/127.0.0.1:40693. Already tried 3 time(s); retry policy is RetryUpToMaximumCountWithFixedSleep(maxRetries=15, sleepTime=1000 MILLISECONDS)
2022-09-12 01:25:14,320 [omNode-bootstrap-2@group-0AAC5367B30E-FollowerState] INFO  impl.FollowerState (FollowerState.java:run(143)) - omNode-bootstrap-2@group-0AAC5367B30E-FollowerState: change to CANDIDATE, lastRpcElapsedTime:1109745306ns, electionTimeout:1098ms
2022-09-12 01:25:14,320 [omNode-bootstrap-2@group-0AAC5367B30E-FollowerState] INFO  impl.RoleInfo (RoleInfo.java:shutdownFollowerState(110)) - omNode-bootstrap-2: shutdown omNode-bootstrap-2@group-0AAC5367B30E-FollowerState
2022-09-12 01:25:14,320 [omNode-bootstrap-2@group-0AAC5367B30E-FollowerState] INFO  server.RaftServer$Division (RaftServerImpl.java:setRole(299)) - omNode-bootstrap-2@group-0AAC5367B30E: changes role from  FOLLOWER to CANDIDATE at term 16 for changeToCandidate
2022-09-12 01:25:14,320 [omNode-bootstrap-2@group-0AAC5367B30E-FollowerState] INFO  server.RaftServerConfigKeys (ConfUtils.java:logGet(46)) - raft.server.leaderelection.pre-vote = false (custom)
2022-09-12 01:25:14,320 [omNode-bootstrap-2@group-0AAC5367B30E-FollowerState] INFO  impl.RoleInfo (RoleInfo.java:updateAndGet(139)) - omNode-bootstrap-2: start omNode-bootstrap-2@group-0AAC5367B30E-LeaderElection39
2022-09-12 01:25:14,337 [omNode-bootstrap-2@group-0AAC5367B30E-LeaderElection39] INFO  impl.LeaderElection (LeaderElection.java:askForVotes(310)) - omNode-bootstrap-2@group-0AAC5367B30E-LeaderElection39 ELECTION round 0: submit vote requests at term 17 for 15: [omNode-bootstrap-2|rpc:localhost:38739|admin:|client:|dataStream:|priority:0, omNode-bootstrap-1|rpc:localhost:42185|admin:|client:|dataStream:|priority:0, omNode-1|rpc:localhost:45363|admin:|client:|dataStream:|priority:0], old=null
2022-09-12 01:25:14,345 [grpc-default-executor-3] INFO  server.RaftServer$Division (RaftServerImpl.java:requestVote(1152)) - omNode-bootstrap-1@group-0AAC5367B30E: receive requestVote(ELECTION, omNode-bootstrap-2, group-0AAC5367B30E, 17, (t:1, i:16))
2022-09-12 01:25:14,345 [grpc-default-executor-3] WARN  server.GrpcServerProtocolService (LogUtils.java:warn(122)) - omNode-bootstrap-1: Failed requestVote omNode-bootstrap-2->omNode-bootstrap-1#0: org.apache.ratis.protocol.exceptions.ServerNotReadyException: omNode-bootstrap-1@group-0AAC5367B30E is not in [RUNNING]: current state is STARTING
2022-09-12 01:25:14,347 [omNode-bootstrap-2@group-0AAC5367B30E-LeaderElection39] INFO  impl.LeaderElection (LogUtils.java:infoOrTrace(137)) - omNode-bootstrap-2@group-0AAC5367B30E-LeaderElection39 got exception when requesting votes: java.util.concurrent.ExecutionException: org.apache.ratis.thirdparty.io.grpc.StatusRuntimeException: UNAVAILABLE: io exception
2022-09-12 01:25:14,350 [omNode-bootstrap-2@group-0AAC5367B30E-LeaderElection39] INFO  impl.LeaderElection (LogUtils.java:infoOrTrace(137)) - omNode-bootstrap-2@group-0AAC5367B30E-LeaderElection39 got exception when requesting votes: java.util.concurrent.ExecutionException: org.apache.ratis.thirdparty.io.grpc.StatusRuntimeException: INTERNAL: omNode-bootstrap-1@group-0AAC5367B30E is not in [RUNNING]: current state is STARTING
2022-09-12 01:25:14,350 [omNode-bootstrap-2@group-0AAC5367B30E-LeaderElection39] INFO  impl.LeaderElection (LeaderElection.java:logAndReturn(90)) - omNode-bootstrap-2@group-0AAC5367B30E-LeaderElection39: ELECTION REJECTED received 0 response(s) and 2 exception(s):
2022-09-12 01:25:14,350 [omNode-bootstrap-2@group-0AAC5367B30E-LeaderElection39] INFO  impl.LeaderElection (LogUtils.java:infoOrTrace(137)) -   Exception 0: java.util.concurrent.ExecutionException: org.apache.ratis.thirdparty.io.grpc.StatusRuntimeException: UNAVAILABLE: io exception
2022-09-12 01:25:14,350 [omNode-bootstrap-2@group-0AAC5367B30E-LeaderElection39] INFO  impl.LeaderElection (LogUtils.java:infoOrTrace(137)) -   Exception 1: java.util.concurrent.ExecutionException: org.apache.ratis.thirdparty.io.grpc.StatusRuntimeException: INTERNAL: omNode-bootstrap-1@group-0AAC5367B30E is not in [RUNNING]: current state is STARTING
2022-09-12 01:25:14,351 [omNode-bootstrap-2@group-0AAC5367B30E-LeaderElection39] INFO  impl.LeaderElection (LeaderElection.java:askForVotes(312)) - omNode-bootstrap-2@group-0AAC5367B30E-LeaderElection39 ELECTION round 0: result REJECTED
2022-09-12 01:25:14,351 [omNode-bootstrap-2@group-0AAC5367B30E-LeaderElection39] INFO  server.RaftServer$Division (RaftServerImpl.java:setRole(299)) - omNode-bootstrap-2@group-0AAC5367B30E: changes role from CANDIDATE to FOLLOWER at term 17 for REJECTED
2022-09-12 01:25:14,351 [omNode-bootstrap-2@group-0AAC5367B30E-LeaderElection39] INFO  impl.RoleInfo (RoleInfo.java:shutdownLeaderElection(130)) - omNode-bootstrap-2: shutdown omNode-bootstrap-2@group-0AAC5367B30E-LeaderElection39
2022-09-12 01:25:14,351 [omNode-bootstrap-2@group-0AAC5367B30E-LeaderElection39] INFO  impl.RoleInfo (RoleInfo.java:updateAndGet(139)) - omNode-bootstrap-2: start omNode-bootstrap-2@group-0AAC5367B30E-FollowerState
2022-09-12 01:25:14,793 [EndpointStateMachine task thread for /127.0.0.1:40693 - 0 ] INFO  ipc.Client (Client.java:handleConnectionFailure(977)) - Retrying connect to server: localhost/127.0.0.1:40693. Already tried 4 time(s); retry policy is RetryUpToMaximumCountWithFixedSleep(maxRetries=15, sleepTime=1000 MILLISECONDS)
2022-09-12 01:25:15,519 [omNode-bootstrap-2@group-0AAC5367B30E-FollowerState] INFO  impl.FollowerState (FollowerState.java:run(143)) - omNode-bootstrap-2@group-0AAC5367B30E-FollowerState: change to CANDIDATE, lastRpcElapsedTime:1168122879ns, electionTimeout:1164ms
2022-09-12 01:25:15,519 [omNode-bootstrap-2@group-0AAC5367B30E-FollowerState] INFO  impl.RoleInfo (RoleInfo.java:shutdownFollowerState(110)) - omNode-bootstrap-2: shutdown omNode-bootstrap-2@group-0AAC5367B30E-FollowerState
2022-09-12 01:25:15,519 [omNode-bootstrap-2@group-0AAC5367B30E-FollowerState] INFO  server.RaftServer$Division (RaftServerImpl.java:setRole(299)) - omNode-bootstrap-2@group-0AAC5367B30E: changes role from  FOLLOWER to CANDIDATE at term 17 for changeToCandidate
2022-09-12 01:25:15,519 [omNode-bootstrap-2@group-0AAC5367B30E-FollowerState] INFO  server.RaftServerConfigKeys (ConfUtils.java:logGet(46)) - raft.server.leaderelection.pre-vote = false (custom)
2022-09-12 01:25:15,519 [omNode-bootstrap-2@group-0AAC5367B30E-FollowerState] INFO  impl.RoleInfo (RoleInfo.java:updateAndGet(139)) - omNode-bootstrap-2: start omNode-bootstrap-2@group-0AAC5367B30E-LeaderElection40
2022-09-12 01:25:15,538 [omNode-bootstrap-2@group-0AAC5367B30E-LeaderElection40] INFO  impl.LeaderElection (LeaderElection.java:askForVotes(310)) - omNode-bootstrap-2@group-0AAC5367B30E-LeaderElection40 ELECTION round 0: submit vote requests at term 18 for 15: [omNode-bootstrap-2|rpc:localhost:38739|admin:|client:|dataStream:|priority:0, omNode-bootstrap-1|rpc:localhost:42185|admin:|client:|dataStream:|priority:0, omNode-1|rpc:localhost:45363|admin:|client:|dataStream:|priority:0], old=null
2022-09-12 01:25:15,540 [grpc-default-executor-3] INFO  server.RaftServer$Division (RaftServerImpl.java:requestVote(1152)) - omNode-bootstrap-1@group-0AAC5367B30E: receive requestVote(ELECTION, omNode-bootstrap-2, group-0AAC5367B30E, 18, (t:1, i:16))
2022-09-12 01:25:15,540 [grpc-default-executor-3] WARN  server.GrpcServerProtocolService (LogUtils.java:warn(122)) - omNode-bootstrap-1: Failed requestVote omNode-bootstrap-2->omNode-bootstrap-1#0: org.apache.ratis.protocol.exceptions.ServerNotReadyException: omNode-bootstrap-1@group-0AAC5367B30E is not in [RUNNING]: current state is STARTING
2022-09-12 01:25:15,545 [omNode-bootstrap-2@group-0AAC5367B30E-LeaderElection40] INFO  impl.LeaderElection (LogUtils.java:infoOrTrace(137)) - omNode-bootstrap-2@group-0AAC5367B30E-LeaderElection40 got exception when requesting votes: java.util.concurrent.ExecutionException: org.apache.ratis.thirdparty.io.grpc.StatusRuntimeException: INTERNAL: omNode-bootstrap-1@group-0AAC5367B30E is not in [RUNNING]: current state is STARTING
2022-09-12 01:25:15,548 [omNode-bootstrap-2@group-0AAC5367B30E-LeaderElection40] INFO  impl.LeaderElection (LogUtils.java:infoOrTrace(137)) - omNode-bootstrap-2@group-0AAC5367B30E-LeaderElection40 got exception when requesting votes: java.util.concurrent.ExecutionException: org.apache.ratis.thirdparty.io.grpc.StatusRuntimeException: UNAVAILABLE: io exception
2022-09-12 01:25:15,548 [omNode-bootstrap-2@group-0AAC5367B30E-LeaderElection40] INFO  impl.LeaderElection (LeaderElection.java:logAndReturn(90)) - omNode-bootstrap-2@group-0AAC5367B30E-LeaderElection40: ELECTION REJECTED received 0 response(s) and 2 exception(s):
2022-09-12 01:25:15,548 [omNode-bootstrap-2@group-0AAC5367B30E-LeaderElection40] INFO  impl.LeaderElection (LogUtils.java:infoOrTrace(137)) -   Exception 0: java.util.concurrent.ExecutionException: org.apache.ratis.thirdparty.io.grpc.StatusRuntimeException: INTERNAL: omNode-bootstrap-1@group-0AAC5367B30E is not in [RUNNING]: current state is STARTING
2022-09-12 01:25:15,548 [omNode-bootstrap-2@group-0AAC5367B30E-LeaderElection40] INFO  impl.LeaderElection (LogUtils.java:infoOrTrace(137)) -   Exception 1: java.util.concurrent.ExecutionException: org.apache.ratis.thirdparty.io.grpc.StatusRuntimeException: UNAVAILABLE: io exception
2022-09-12 01:25:15,548 [omNode-bootstrap-2@group-0AAC5367B30E-LeaderElection40] INFO  impl.LeaderElection (LeaderElection.java:askForVotes(312)) - omNode-bootstrap-2@group-0AAC5367B30E-LeaderElection40 ELECTION round 0: result REJECTED
2022-09-12 01:25:15,548 [omNode-bootstrap-2@group-0AAC5367B30E-LeaderElection40] INFO  server.RaftServer$Division (RaftServerImpl.java:setRole(299)) - omNode-bootstrap-2@group-0AAC5367B30E: changes role from CANDIDATE to FOLLOWER at term 18 for REJECTED
2022-09-12 01:25:15,548 [omNode-bootstrap-2@group-0AAC5367B30E-LeaderElection40] INFO  impl.RoleInfo (RoleInfo.java:shutdownLeaderElection(130)) - omNode-bootstrap-2: shutdown omNode-bootstrap-2@group-0AAC5367B30E-LeaderElection40
2022-09-12 01:25:15,548 [omNode-bootstrap-2@group-0AAC5367B30E-LeaderElection40] INFO  impl.RoleInfo (RoleInfo.java:updateAndGet(139)) - omNode-bootstrap-2: start omNode-bootstrap-2@group-0AAC5367B30E-FollowerState
2022-09-12 01:25:15,794 [EndpointStateMachine task thread for /127.0.0.1:40693 - 0 ] INFO  ipc.Client (Client.java:handleConnectionFailure(977)) - Retrying connect to server: localhost/127.0.0.1:40693. Already tried 5 time(s); retry policy is RetryUpToMaximumCountWithFixedSleep(maxRetries=15, sleepTime=1000 MILLISECONDS)
2022-09-12 01:25:16,726 [omNode-bootstrap-2@group-0AAC5367B30E-FollowerState] INFO  impl.FollowerState (FollowerState.java:run(143)) - omNode-bootstrap-2@group-0AAC5367B30E-FollowerState: change to CANDIDATE, lastRpcElapsedTime:1177571804ns, electionTimeout:1175ms
2022-09-12 01:25:16,726 [omNode-bootstrap-2@group-0AAC5367B30E-FollowerState] INFO  impl.RoleInfo (RoleInfo.java:shutdownFollowerState(110)) - omNode-bootstrap-2: shutdown omNode-bootstrap-2@group-0AAC5367B30E-FollowerState
2022-09-12 01:25:16,726 [omNode-bootstrap-2@group-0AAC5367B30E-FollowerState] INFO  server.RaftServer$Division (RaftServerImpl.java:setRole(299)) - omNode-bootstrap-2@group-0AAC5367B30E: changes role from  FOLLOWER to CANDIDATE at term 18 for changeToCandidate
2022-09-12 01:25:16,726 [omNode-bootstrap-2@group-0AAC5367B30E-FollowerState] INFO  server.RaftServerConfigKeys (ConfUtils.java:logGet(46)) - raft.server.leaderelection.pre-vote = false (custom)
2022-09-12 01:25:16,726 [omNode-bootstrap-2@group-0AAC5367B30E-FollowerState] INFO  impl.RoleInfo (RoleInfo.java:updateAndGet(139)) - omNode-bootstrap-2: start omNode-bootstrap-2@group-0AAC5367B30E-LeaderElection41
2022-09-12 01:25:16,750 [omNode-bootstrap-2@group-0AAC5367B30E-LeaderElection41] INFO  impl.LeaderElection (LeaderElection.java:askForVotes(310)) - omNode-bootstrap-2@group-0AAC5367B30E-LeaderElection41 ELECTION round 0: submit vote requests at term 19 for 15: [omNode-bootstrap-2|rpc:localhost:38739|admin:|client:|dataStream:|priority:0, omNode-bootstrap-1|rpc:localhost:42185|admin:|client:|dataStream:|priority:0, omNode-1|rpc:localhost:45363|admin:|client:|dataStream:|priority:0], old=null
2022-09-12 01:25:16,769 [omNode-bootstrap-2@group-0AAC5367B30E-LeaderElection41] INFO  impl.LeaderElection (LogUtils.java:infoOrTrace(137)) - omNode-bootstrap-2@group-0AAC5367B30E-LeaderElection41 got exception when requesting votes: java.util.concurrent.ExecutionException: org.apache.ratis.thirdparty.io.grpc.StatusRuntimeException: UNAVAILABLE: io exception
2022-09-12 01:25:16,769 [grpc-default-executor-3] INFO  server.RaftServer$Division (RaftServerImpl.java:requestVote(1152)) - omNode-bootstrap-1@group-0AAC5367B30E: receive requestVote(ELECTION, omNode-bootstrap-2, group-0AAC5367B30E, 19, (t:1, i:16))
2022-09-12 01:25:16,770 [grpc-default-executor-3] WARN  server.GrpcServerProtocolService (LogUtils.java:warn(122)) - omNode-bootstrap-1: Failed requestVote omNode-bootstrap-2->omNode-bootstrap-1#0: org.apache.ratis.protocol.exceptions.ServerNotReadyException: omNode-bootstrap-1@group-0AAC5367B30E is not in [RUNNING]: current state is STARTING
2022-09-12 01:25:16,774 [omNode-bootstrap-2@group-0AAC5367B30E-LeaderElection41] INFO  impl.LeaderElection (LogUtils.java:infoOrTrace(137)) - omNode-bootstrap-2@group-0AAC5367B30E-LeaderElection41 got exception when requesting votes: java.util.concurrent.ExecutionException: org.apache.ratis.thirdparty.io.grpc.StatusRuntimeException: INTERNAL: omNode-bootstrap-1@group-0AAC5367B30E is not in [RUNNING]: current state is STARTING
2022-09-12 01:25:16,774 [omNode-bootstrap-2@group-0AAC5367B30E-LeaderElection41] INFO  impl.LeaderElection (LeaderElection.java:logAndReturn(90)) - omNode-bootstrap-2@group-0AAC5367B30E-LeaderElection41: ELECTION REJECTED received 0 response(s) and 2 exception(s):
2022-09-12 01:25:16,774 [omNode-bootstrap-2@group-0AAC5367B30E-LeaderElection41] INFO  impl.LeaderElection (LogUtils.java:infoOrTrace(137)) -   Exception 0: java.util.concurrent.ExecutionException: org.apache.ratis.thirdparty.io.grpc.StatusRuntimeException: UNAVAILABLE: io exception
2022-09-12 01:25:16,774 [omNode-bootstrap-2@group-0AAC5367B30E-LeaderElection41] INFO  impl.LeaderElection (LogUtils.java:infoOrTrace(137)) -   Exception 1: java.util.concurrent.ExecutionException: org.apache.ratis.thirdparty.io.grpc.StatusRuntimeException: INTERNAL: omNode-bootstrap-1@group-0AAC5367B30E is not in [RUNNING]: current state is STARTING
2022-09-12 01:25:16,774 [omNode-bootstrap-2@group-0AAC5367B30E-LeaderElection41] INFO  impl.LeaderElection (LeaderElection.java:askForVotes(312)) - omNode-bootstrap-2@group-0AAC5367B30E-LeaderElection41 ELECTION round 0: result REJECTED
2022-09-12 01:25:16,774 [omNode-bootstrap-2@group-0AAC5367B30E-LeaderElection41] INFO  server.RaftServer$Division (RaftServerImpl.java:setRole(299)) - omNode-bootstrap-2@group-0AAC5367B30E: changes role from CANDIDATE to FOLLOWER at term 19 for REJECTED
2022-09-12 01:25:16,774 [omNode-bootstrap-2@group-0AAC5367B30E-LeaderElection41] INFO  impl.RoleInfo (RoleInfo.java:shutdownLeaderElection(130)) - omNode-bootstrap-2: shutdown omNode-bootstrap-2@group-0AAC5367B30E-LeaderElection41
2022-09-12 01:25:16,774 [omNode-bootstrap-2@group-0AAC5367B30E-LeaderElection41] INFO  impl.RoleInfo (RoleInfo.java:updateAndGet(139)) - omNode-bootstrap-2: start omNode-bootstrap-2@group-0AAC5367B30E-FollowerState
2022-09-12 01:25:16,794 [EndpointStateMachine task thread for /127.0.0.1:40693 - 0 ] INFO  ipc.Client (Client.java:handleConnectionFailure(977)) - Retrying connect to server: localhost/127.0.0.1:40693. Already tried 6 time(s); retry policy is RetryUpToMaximumCountWithFixedSleep(maxRetries=15, sleepTime=1000 MILLISECONDS)
2022-09-12 01:25:17,795 [EndpointStateMachine task thread for /127.0.0.1:40693 - 0 ] INFO  ipc.Client (Client.java:handleConnectionFailure(977)) - Retrying connect to server: localhost/127.0.0.1:40693. Already tried 7 time(s); retry policy is RetryUpToMaximumCountWithFixedSleep(maxRetries=15, sleepTime=1000 MILLISECONDS)
2022-09-12 01:25:17,927 [omNode-bootstrap-2@group-0AAC5367B30E-FollowerState] INFO  impl.FollowerState (FollowerState.java:run(143)) - omNode-bootstrap-2@group-0AAC5367B30E-FollowerState: change to CANDIDATE, lastRpcElapsedTime:1152689875ns, electionTimeout:1147ms
2022-09-12 01:25:17,927 [omNode-bootstrap-2@group-0AAC5367B30E-FollowerState] INFO  impl.RoleInfo (RoleInfo.java:shutdownFollowerState(110)) - omNode-bootstrap-2: shutdown omNode-bootstrap-2@group-0AAC5367B30E-FollowerState
2022-09-12 01:25:17,927 [omNode-bootstrap-2@group-0AAC5367B30E-FollowerState] INFO  server.RaftServer$Division (RaftServerImpl.java:setRole(299)) - omNode-bootstrap-2@group-0AAC5367B30E: changes role from  FOLLOWER to CANDIDATE at term 19 for changeToCandidate
2022-09-12 01:25:17,927 [omNode-bootstrap-2@group-0AAC5367B30E-FollowerState] INFO  server.RaftServerConfigKeys (ConfUtils.java:logGet(46)) - raft.server.leaderelection.pre-vote = false (custom)
2022-09-12 01:25:17,927 [omNode-bootstrap-2@group-0AAC5367B30E-FollowerState] INFO  impl.RoleInfo (RoleInfo.java:updateAndGet(139)) - omNode-bootstrap-2: start omNode-bootstrap-2@group-0AAC5367B30E-LeaderElection42
2022-09-12 01:25:17,949 [omNode-bootstrap-2@group-0AAC5367B30E-LeaderElection42] INFO  impl.LeaderElection (LeaderElection.java:askForVotes(310)) - omNode-bootstrap-2@group-0AAC5367B30E-LeaderElection42 ELECTION round 0: submit vote requests at term 20 for 15: [omNode-bootstrap-2|rpc:localhost:38739|admin:|client:|dataStream:|priority:0, omNode-bootstrap-1|rpc:localhost:42185|admin:|client:|dataStream:|priority:0, omNode-1|rpc:localhost:45363|admin:|client:|dataStream:|priority:0], old=null
2022-09-12 01:25:17,957 [grpc-default-executor-3] INFO  server.RaftServer$Division (RaftServerImpl.java:requestVote(1152)) - omNode-bootstrap-1@group-0AAC5367B30E: receive requestVote(ELECTION, omNode-bootstrap-2, group-0AAC5367B30E, 20, (t:1, i:16))
2022-09-12 01:25:17,957 [grpc-default-executor-3] WARN  server.GrpcServerProtocolService (LogUtils.java:warn(122)) - omNode-bootstrap-1: Failed requestVote omNode-bootstrap-2->omNode-bootstrap-1#0: org.apache.ratis.protocol.exceptions.ServerNotReadyException: omNode-bootstrap-1@group-0AAC5367B30E is not in [RUNNING]: current state is STARTING
2022-09-12 01:25:17,959 [omNode-bootstrap-2@group-0AAC5367B30E-LeaderElection42] INFO  impl.LeaderElection (LogUtils.java:infoOrTrace(137)) - omNode-bootstrap-2@group-0AAC5367B30E-LeaderElection42 got exception when requesting votes: java.util.concurrent.ExecutionException: org.apache.ratis.thirdparty.io.grpc.StatusRuntimeException: INTERNAL: omNode-bootstrap-1@group-0AAC5367B30E is not in [RUNNING]: current state is STARTING
2022-09-12 01:25:17,960 [omNode-bootstrap-2@group-0AAC5367B30E-LeaderElection42] INFO  impl.LeaderElection (LogUtils.java:infoOrTrace(137)) - omNode-bootstrap-2@group-0AAC5367B30E-LeaderElection42 got exception when requesting votes: java.util.concurrent.ExecutionException: org.apache.ratis.thirdparty.io.grpc.StatusRuntimeException: UNAVAILABLE: io exception
2022-09-12 01:25:17,960 [omNode-bootstrap-2@group-0AAC5367B30E-LeaderElection42] INFO  impl.LeaderElection (LeaderElection.java:logAndReturn(90)) - omNode-bootstrap-2@group-0AAC5367B30E-LeaderElection42: ELECTION REJECTED received 0 response(s) and 2 exception(s):
2022-09-12 01:25:17,960 [omNode-bootstrap-2@group-0AAC5367B30E-LeaderElection42] INFO  impl.LeaderElection (LogUtils.java:infoOrTrace(137)) -   Exception 0: java.util.concurrent.ExecutionException: org.apache.ratis.thirdparty.io.grpc.StatusRuntimeException: INTERNAL: omNode-bootstrap-1@group-0AAC5367B30E is not in [RUNNING]: current state is STARTING
2022-09-12 01:25:17,960 [omNode-bootstrap-2@group-0AAC5367B30E-LeaderElection42] INFO  impl.LeaderElection (LogUtils.java:infoOrTrace(137)) -   Exception 1: java.util.concurrent.ExecutionException: org.apache.ratis.thirdparty.io.grpc.StatusRuntimeException: UNAVAILABLE: io exception
2022-09-12 01:25:17,960 [omNode-bootstrap-2@group-0AAC5367B30E-LeaderElection42] INFO  impl.LeaderElection (LeaderElection.java:askForVotes(312)) - omNode-bootstrap-2@group-0AAC5367B30E-LeaderElection42 ELECTION round 0: result REJECTED
2022-09-12 01:25:17,960 [omNode-bootstrap-2@group-0AAC5367B30E-LeaderElection42] INFO  server.RaftServer$Division (RaftServerImpl.java:setRole(299)) - omNode-bootstrap-2@group-0AAC5367B30E: changes role from CANDIDATE to FOLLOWER at term 20 for REJECTED
2022-09-12 01:25:17,960 [omNode-bootstrap-2@group-0AAC5367B30E-LeaderElection42] INFO  impl.RoleInfo (RoleInfo.java:shutdownLeaderElection(130)) - omNode-bootstrap-2: shutdown omNode-bootstrap-2@group-0AAC5367B30E-LeaderElection42
2022-09-12 01:25:17,960 [omNode-bootstrap-2@group-0AAC5367B30E-LeaderElection42] INFO  impl.RoleInfo (RoleInfo.java:updateAndGet(139)) - omNode-bootstrap-2: start omNode-bootstrap-2@group-0AAC5367B30E-FollowerState
2022-09-12 01:25:18,803 [EndpointStateMachine task thread for /127.0.0.1:40693 - 0 ] INFO  ipc.Client (Client.java:handleConnectionFailure(977)) - Retrying connect to server: localhost/127.0.0.1:40693. Already tried 8 time(s); retry policy is RetryUpToMaximumCountWithFixedSleep(maxRetries=15, sleepTime=1000 MILLISECONDS)
2022-09-12 01:25:19,151 [omNode-bootstrap-2@group-0AAC5367B30E-FollowerState] INFO  impl.FollowerState (FollowerState.java:run(143)) - omNode-bootstrap-2@group-0AAC5367B30E-FollowerState: change to CANDIDATE, lastRpcElapsedTime:1191606791ns, electionTimeout:1185ms
2022-09-12 01:25:19,152 [omNode-bootstrap-2@group-0AAC5367B30E-FollowerState] INFO  impl.RoleInfo (RoleInfo.java:shutdownFollowerState(110)) - omNode-bootstrap-2: shutdown omNode-bootstrap-2@group-0AAC5367B30E-FollowerState
2022-09-12 01:25:19,152 [omNode-bootstrap-2@group-0AAC5367B30E-FollowerState] INFO  server.RaftServer$Division (RaftServerImpl.java:setRole(299)) - omNode-bootstrap-2@group-0AAC5367B30E: changes role from  FOLLOWER to CANDIDATE at term 20 for changeToCandidate
2022-09-12 01:25:19,152 [omNode-bootstrap-2@group-0AAC5367B30E-FollowerState] INFO  server.RaftServerConfigKeys (ConfUtils.java:logGet(46)) - raft.server.leaderelection.pre-vote = false (custom)
2022-09-12 01:25:19,152 [omNode-bootstrap-2@group-0AAC5367B30E-FollowerState] INFO  impl.RoleInfo (RoleInfo.java:updateAndGet(139)) - omNode-bootstrap-2: start omNode-bootstrap-2@group-0AAC5367B30E-LeaderElection43
2022-09-12 01:25:19,182 [omNode-bootstrap-2@group-0AAC5367B30E-LeaderElection43] INFO  impl.LeaderElection (LeaderElection.java:askForVotes(310)) - omNode-bootstrap-2@group-0AAC5367B30E-LeaderElection43 ELECTION round 0: submit vote requests at term 21 for 15: [omNode-bootstrap-2|rpc:localhost:38739|admin:|client:|dataStream:|priority:0, omNode-bootstrap-1|rpc:localhost:42185|admin:|client:|dataStream:|priority:0, omNode-1|rpc:localhost:45363|admin:|client:|dataStream:|priority:0], old=null
2022-09-12 01:25:19,189 [grpc-default-executor-3] INFO  server.RaftServer$Division (RaftServerImpl.java:requestVote(1152)) - omNode-bootstrap-1@group-0AAC5367B30E: receive requestVote(ELECTION, omNode-bootstrap-2, group-0AAC5367B30E, 21, (t:1, i:16))
2022-09-12 01:25:19,189 [grpc-default-executor-3] WARN  server.GrpcServerProtocolService (LogUtils.java:warn(122)) - omNode-bootstrap-1: Failed requestVote omNode-bootstrap-2->omNode-bootstrap-1#0: org.apache.ratis.protocol.exceptions.ServerNotReadyException: omNode-bootstrap-1@group-0AAC5367B30E is not in [RUNNING]: current state is STARTING
2022-09-12 01:25:19,198 [omNode-bootstrap-2@group-0AAC5367B30E-LeaderElection43] INFO  impl.LeaderElection (LogUtils.java:infoOrTrace(137)) - omNode-bootstrap-2@group-0AAC5367B30E-LeaderElection43 got exception when requesting votes: java.util.concurrent.ExecutionException: org.apache.ratis.thirdparty.io.grpc.StatusRuntimeException: INTERNAL: omNode-bootstrap-1@group-0AAC5367B30E is not in [RUNNING]: current state is STARTING
2022-09-12 01:25:19,201 [omNode-bootstrap-2@group-0AAC5367B30E-LeaderElection43] INFO  impl.LeaderElection (LogUtils.java:infoOrTrace(137)) - omNode-bootstrap-2@group-0AAC5367B30E-LeaderElection43 got exception when requesting votes: java.util.concurrent.ExecutionException: org.apache.ratis.thirdparty.io.grpc.StatusRuntimeException: UNAVAILABLE: io exception
2022-09-12 01:25:19,201 [omNode-bootstrap-2@group-0AAC5367B30E-LeaderElection43] INFO  impl.LeaderElection (LeaderElection.java:logAndReturn(90)) - omNode-bootstrap-2@group-0AAC5367B30E-LeaderElection43: ELECTION REJECTED received 0 response(s) and 2 exception(s):
2022-09-12 01:25:19,201 [omNode-bootstrap-2@group-0AAC5367B30E-LeaderElection43] INFO  impl.LeaderElection (LogUtils.java:infoOrTrace(137)) -   Exception 0: java.util.concurrent.ExecutionException: org.apache.ratis.thirdparty.io.grpc.StatusRuntimeException: INTERNAL: omNode-bootstrap-1@group-0AAC5367B30E is not in [RUNNING]: current state is STARTING
2022-09-12 01:25:19,201 [omNode-bootstrap-2@group-0AAC5367B30E-LeaderElection43] INFO  impl.LeaderElection (LogUtils.java:infoOrTrace(137)) -   Exception 1: java.util.concurrent.ExecutionException: org.apache.ratis.thirdparty.io.grpc.StatusRuntimeException: UNAVAILABLE: io exception
2022-09-12 01:25:19,202 [omNode-bootstrap-2@group-0AAC5367B30E-LeaderElection43] INFO  impl.LeaderElection (LeaderElection.java:askForVotes(312)) - omNode-bootstrap-2@group-0AAC5367B30E-LeaderElection43 ELECTION round 0: result REJECTED
2022-09-12 01:25:19,202 [omNode-bootstrap-2@group-0AAC5367B30E-LeaderElection43] INFO  server.RaftServer$Division (RaftServerImpl.java:setRole(299)) - omNode-bootstrap-2@group-0AAC5367B30E: changes role from CANDIDATE to FOLLOWER at term 21 for REJECTED
2022-09-12 01:25:19,202 [omNode-bootstrap-2@group-0AAC5367B30E-LeaderElection43] INFO  impl.RoleInfo (RoleInfo.java:shutdownLeaderElection(130)) - omNode-bootstrap-2: shutdown omNode-bootstrap-2@group-0AAC5367B30E-LeaderElection43
2022-09-12 01:25:19,202 [omNode-bootstrap-2@group-0AAC5367B30E-LeaderElection43] INFO  impl.RoleInfo (RoleInfo.java:updateAndGet(139)) - omNode-bootstrap-2: start omNode-bootstrap-2@group-0AAC5367B30E-FollowerState
2022-09-12 01:25:19,804 [EndpointStateMachine task thread for /127.0.0.1:40693 - 0 ] INFO  ipc.Client (Client.java:handleConnectionFailure(977)) - Retrying connect to server: localhost/127.0.0.1:40693. Already tried 9 time(s); retry policy is RetryUpToMaximumCountWithFixedSleep(maxRetries=15, sleepTime=1000 MILLISECONDS)
2022-09-12 01:25:20,327 [omNode-bootstrap-2@group-0AAC5367B30E-FollowerState] INFO  impl.FollowerState (FollowerState.java:run(143)) - omNode-bootstrap-2@group-0AAC5367B30E-FollowerState: change to CANDIDATE, lastRpcElapsedTime:1125778372ns, electionTimeout:1123ms
2022-09-12 01:25:20,328 [omNode-bootstrap-2@group-0AAC5367B30E-FollowerState] INFO  impl.RoleInfo (RoleInfo.java:shutdownFollowerState(110)) - omNode-bootstrap-2: shutdown omNode-bootstrap-2@group-0AAC5367B30E-FollowerState
2022-09-12 01:25:20,328 [omNode-bootstrap-2@group-0AAC5367B30E-FollowerState] INFO  server.RaftServer$Division (RaftServerImpl.java:setRole(299)) - omNode-bootstrap-2@group-0AAC5367B30E: changes role from  FOLLOWER to CANDIDATE at term 21 for changeToCandidate
2022-09-12 01:25:20,328 [omNode-bootstrap-2@group-0AAC5367B30E-FollowerState] INFO  server.RaftServerConfigKeys (ConfUtils.java:logGet(46)) - raft.server.leaderelection.pre-vote = false (custom)
2022-09-12 01:25:20,328 [omNode-bootstrap-2@group-0AAC5367B30E-FollowerState] INFO  impl.RoleInfo (RoleInfo.java:updateAndGet(139)) - omNode-bootstrap-2: start omNode-bootstrap-2@group-0AAC5367B30E-LeaderElection44
2022-09-12 01:25:20,337 [omNode-bootstrap-2@group-0AAC5367B30E-LeaderElection44] INFO  impl.LeaderElection (LeaderElection.java:askForVotes(310)) - omNode-bootstrap-2@group-0AAC5367B30E-LeaderElection44 ELECTION round 0: submit vote requests at term 22 for 15: [omNode-bootstrap-2|rpc:localhost:38739|admin:|client:|dataStream:|priority:0, omNode-bootstrap-1|rpc:localhost:42185|admin:|client:|dataStream:|priority:0, omNode-1|rpc:localhost:45363|admin:|client:|dataStream:|priority:0], old=null
2022-09-12 01:25:20,346 [grpc-default-executor-3] INFO  server.RaftServer$Division (RaftServerImpl.java:requestVote(1152)) - omNode-bootstrap-1@group-0AAC5367B30E: receive requestVote(ELECTION, omNode-bootstrap-2, group-0AAC5367B30E, 22, (t:1, i:16))
2022-09-12 01:25:20,346 [grpc-default-executor-3] WARN  server.GrpcServerProtocolService (LogUtils.java:warn(122)) - omNode-bootstrap-1: Failed requestVote omNode-bootstrap-2->omNode-bootstrap-1#0: org.apache.ratis.protocol.exceptions.ServerNotReadyException: omNode-bootstrap-1@group-0AAC5367B30E is not in [RUNNING]: current state is STARTING
2022-09-12 01:25:20,348 [omNode-bootstrap-2@group-0AAC5367B30E-LeaderElection44] INFO  impl.LeaderElection (LogUtils.java:infoOrTrace(137)) - omNode-bootstrap-2@group-0AAC5367B30E-LeaderElection44 got exception when requesting votes: java.util.concurrent.ExecutionException: org.apache.ratis.thirdparty.io.grpc.StatusRuntimeException: UNAVAILABLE: io exception
2022-09-12 01:25:20,348 [omNode-bootstrap-2@group-0AAC5367B30E-LeaderElection44] INFO  impl.LeaderElection (LogUtils.java:infoOrTrace(137)) - omNode-bootstrap-2@group-0AAC5367B30E-LeaderElection44 got exception when requesting votes: java.util.concurrent.ExecutionException: org.apache.ratis.thirdparty.io.grpc.StatusRuntimeException: INTERNAL: omNode-bootstrap-1@group-0AAC5367B30E is not in [RUNNING]: current state is STARTING
2022-09-12 01:25:20,348 [omNode-bootstrap-2@group-0AAC5367B30E-LeaderElection44] INFO  impl.LeaderElection (LeaderElection.java:logAndReturn(90)) - omNode-bootstrap-2@group-0AAC5367B30E-LeaderElection44: ELECTION REJECTED received 0 response(s) and 2 exception(s):
2022-09-12 01:25:20,348 [omNode-bootstrap-2@group-0AAC5367B30E-LeaderElection44] INFO  impl.LeaderElection (LogUtils.java:infoOrTrace(137)) -   Exception 0: java.util.concurrent.ExecutionException: org.apache.ratis.thirdparty.io.grpc.StatusRuntimeException: UNAVAILABLE: io exception
2022-09-12 01:25:20,348 [omNode-bootstrap-2@group-0AAC5367B30E-LeaderElection44] INFO  impl.LeaderElection (LogUtils.java:infoOrTrace(137)) -   Exception 1: java.util.concurrent.ExecutionException: org.apache.ratis.thirdparty.io.grpc.StatusRuntimeException: INTERNAL: omNode-bootstrap-1@group-0AAC5367B30E is not in [RUNNING]: current state is STARTING
2022-09-12 01:25:20,348 [omNode-bootstrap-2@group-0AAC5367B30E-LeaderElection44] INFO  impl.LeaderElection (LeaderElection.java:askForVotes(312)) - omNode-bootstrap-2@group-0AAC5367B30E-LeaderElection44 ELECTION round 0: result REJECTED
2022-09-12 01:25:20,348 [omNode-bootstrap-2@group-0AAC5367B30E-LeaderElection44] INFO  server.RaftServer$Division (RaftServerImpl.java:setRole(299)) - omNode-bootstrap-2@group-0AAC5367B30E: changes role from CANDIDATE to FOLLOWER at term 22 for REJECTED
2022-09-12 01:25:20,348 [omNode-bootstrap-2@group-0AAC5367B30E-LeaderElection44] INFO  impl.RoleInfo (RoleInfo.java:shutdownLeaderElection(130)) - omNode-bootstrap-2: shutdown omNode-bootstrap-2@group-0AAC5367B30E-LeaderElection44
2022-09-12 01:25:20,348 [omNode-bootstrap-2@group-0AAC5367B30E-LeaderElection44] INFO  impl.RoleInfo (RoleInfo.java:updateAndGet(139)) - omNode-bootstrap-2: start omNode-bootstrap-2@group-0AAC5367B30E-FollowerState
2022-09-12 01:25:20,804 [EndpointStateMachine task thread for /127.0.0.1:40693 - 0 ] INFO  ipc.Client (Client.java:handleConnectionFailure(977)) - Retrying connect to server: localhost/127.0.0.1:40693. Already tried 10 time(s); retry policy is RetryUpToMaximumCountWithFixedSleep(maxRetries=15, sleepTime=1000 MILLISECONDS)
2022-09-12 01:25:21,413 [omNode-bootstrap-2@group-0AAC5367B30E-FollowerState] INFO  impl.FollowerState (FollowerState.java:run(143)) - omNode-bootstrap-2@group-0AAC5367B30E-FollowerState: change to CANDIDATE, lastRpcElapsedTime:1064475321ns, electionTimeout:1060ms
2022-09-12 01:25:21,413 [omNode-bootstrap-2@group-0AAC5367B30E-FollowerState] INFO  impl.RoleInfo (RoleInfo.java:shutdownFollowerState(110)) - omNode-bootstrap-2: shutdown omNode-bootstrap-2@group-0AAC5367B30E-FollowerState
2022-09-12 01:25:21,413 [omNode-bootstrap-2@group-0AAC5367B30E-FollowerState] INFO  server.RaftServer$Division (RaftServerImpl.java:setRole(299)) - omNode-bootstrap-2@group-0AAC5367B30E: changes role from  FOLLOWER to CANDIDATE at term 22 for changeToCandidate
2022-09-12 01:25:21,413 [omNode-bootstrap-2@group-0AAC5367B30E-FollowerState] INFO  server.RaftServerConfigKeys (ConfUtils.java:logGet(46)) - raft.server.leaderelection.pre-vote = false (custom)
2022-09-12 01:25:21,413 [omNode-bootstrap-2@group-0AAC5367B30E-FollowerState] INFO  impl.RoleInfo (RoleInfo.java:updateAndGet(139)) - omNode-bootstrap-2: start omNode-bootstrap-2@group-0AAC5367B30E-LeaderElection45
2022-09-12 01:25:21,438 [omNode-bootstrap-2@group-0AAC5367B30E-LeaderElection45] INFO  impl.LeaderElection (LeaderElection.java:askForVotes(310)) - omNode-bootstrap-2@group-0AAC5367B30E-LeaderElection45 ELECTION round 0: submit vote requests at term 23 for 15: [omNode-bootstrap-2|rpc:localhost:38739|admin:|client:|dataStream:|priority:0, omNode-bootstrap-1|rpc:localhost:42185|admin:|client:|dataStream:|priority:0, omNode-1|rpc:localhost:45363|admin:|client:|dataStream:|priority:0], old=null
2022-09-12 01:25:21,446 [grpc-default-executor-3] INFO  server.RaftServer$Division (RaftServerImpl.java:requestVote(1152)) - omNode-bootstrap-1@group-0AAC5367B30E: receive requestVote(ELECTION, omNode-bootstrap-2, group-0AAC5367B30E, 23, (t:1, i:16))
2022-09-12 01:25:21,447 [grpc-default-executor-3] WARN  server.GrpcServerProtocolService (LogUtils.java:warn(122)) - omNode-bootstrap-1: Failed requestVote omNode-bootstrap-2->omNode-bootstrap-1#0: org.apache.ratis.protocol.exceptions.ServerNotReadyException: omNode-bootstrap-1@group-0AAC5367B30E is not in [RUNNING]: current state is STARTING
2022-09-12 01:25:21,451 [omNode-bootstrap-2@group-0AAC5367B30E-LeaderElection45] INFO  impl.LeaderElection (LogUtils.java:infoOrTrace(137)) - omNode-bootstrap-2@group-0AAC5367B30E-LeaderElection45 got exception when requesting votes: java.util.concurrent.ExecutionException: org.apache.ratis.thirdparty.io.grpc.StatusRuntimeException: INTERNAL: omNode-bootstrap-1@group-0AAC5367B30E is not in [RUNNING]: current state is STARTING
2022-09-12 01:25:21,452 [omNode-bootstrap-2@group-0AAC5367B30E-LeaderElection45] INFO  impl.LeaderElection (LogUtils.java:infoOrTrace(137)) - omNode-bootstrap-2@group-0AAC5367B30E-LeaderElection45 got exception when requesting votes: java.util.concurrent.ExecutionException: org.apache.ratis.thirdparty.io.grpc.StatusRuntimeException: UNAVAILABLE: io exception
2022-09-12 01:25:21,452 [omNode-bootstrap-2@group-0AAC5367B30E-LeaderElection45] INFO  impl.LeaderElection (LeaderElection.java:logAndReturn(90)) - omNode-bootstrap-2@group-0AAC5367B30E-LeaderElection45: ELECTION REJECTED received 0 response(s) and 2 exception(s):
2022-09-12 01:25:21,452 [omNode-bootstrap-2@group-0AAC5367B30E-LeaderElection45] INFO  impl.LeaderElection (LogUtils.java:infoOrTrace(137)) -   Exception 0: java.util.concurrent.ExecutionException: org.apache.ratis.thirdparty.io.grpc.StatusRuntimeException: INTERNAL: omNode-bootstrap-1@group-0AAC5367B30E is not in [RUNNING]: current state is STARTING
2022-09-12 01:25:21,452 [omNode-bootstrap-2@group-0AAC5367B30E-LeaderElection45] INFO  impl.LeaderElection (LogUtils.java:infoOrTrace(137)) -   Exception 1: java.util.concurrent.ExecutionException: org.apache.ratis.thirdparty.io.grpc.StatusRuntimeException: UNAVAILABLE: io exception
2022-09-12 01:25:21,452 [omNode-bootstrap-2@group-0AAC5367B30E-LeaderElection45] INFO  impl.LeaderElection (LeaderElection.java:askForVotes(312)) - omNode-bootstrap-2@group-0AAC5367B30E-LeaderElection45 ELECTION round 0: result REJECTED
2022-09-12 01:25:21,452 [omNode-bootstrap-2@group-0AAC5367B30E-LeaderElection45] INFO  server.RaftServer$Division (RaftServerImpl.java:setRole(299)) - omNode-bootstrap-2@group-0AAC5367B30E: changes role from CANDIDATE to FOLLOWER at term 23 for REJECTED
2022-09-12 01:25:21,452 [omNode-bootstrap-2@group-0AAC5367B30E-LeaderElection45] INFO  impl.RoleInfo (RoleInfo.java:shutdownLeaderElection(130)) - omNode-bootstrap-2: shutdown omNode-bootstrap-2@group-0AAC5367B30E-LeaderElection45
2022-09-12 01:25:21,452 [omNode-bootstrap-2@group-0AAC5367B30E-LeaderElection45] INFO  impl.RoleInfo (RoleInfo.java:updateAndGet(139)) - omNode-bootstrap-2: start omNode-bootstrap-2@group-0AAC5367B30E-FollowerState
2022-09-12 01:25:21,805 [EndpointStateMachine task thread for /127.0.0.1:40693 - 0 ] INFO  ipc.Client (Client.java:handleConnectionFailure(977)) - Retrying connect to server: localhost/127.0.0.1:40693. Already tried 11 time(s); retry policy is RetryUpToMaximumCountWithFixedSleep(maxRetries=15, sleepTime=1000 MILLISECONDS)
2022-09-12 01:25:22,496 [omNode-bootstrap-2@group-0AAC5367B30E-FollowerState] INFO  impl.FollowerState (FollowerState.java:run(143)) - omNode-bootstrap-2@group-0AAC5367B30E-FollowerState: change to CANDIDATE, lastRpcElapsedTime:1043481374ns, electionTimeout:1043ms
2022-09-12 01:25:22,496 [omNode-bootstrap-2@group-0AAC5367B30E-FollowerState] INFO  impl.RoleInfo (RoleInfo.java:shutdownFollowerState(110)) - omNode-bootstrap-2: shutdown omNode-bootstrap-2@group-0AAC5367B30E-FollowerState
2022-09-12 01:25:22,496 [omNode-bootstrap-2@group-0AAC5367B30E-FollowerState] INFO  server.RaftServer$Division (RaftServerImpl.java:setRole(299)) - omNode-bootstrap-2@group-0AAC5367B30E: changes role from  FOLLOWER to CANDIDATE at term 23 for changeToCandidate
2022-09-12 01:25:22,496 [omNode-bootstrap-2@group-0AAC5367B30E-FollowerState] INFO  server.RaftServerConfigKeys (ConfUtils.java:logGet(46)) - raft.server.leaderelection.pre-vote = false (custom)
2022-09-12 01:25:22,496 [omNode-bootstrap-2@group-0AAC5367B30E-FollowerState] INFO  impl.RoleInfo (RoleInfo.java:updateAndGet(139)) - omNode-bootstrap-2: start omNode-bootstrap-2@group-0AAC5367B30E-LeaderElection46
2022-09-12 01:25:22,503 [omNode-bootstrap-2@group-0AAC5367B30E-LeaderElection46] INFO  impl.LeaderElection (LeaderElection.java:askForVotes(310)) - omNode-bootstrap-2@group-0AAC5367B30E-LeaderElection46 ELECTION round 0: submit vote requests at term 24 for 15: [omNode-bootstrap-2|rpc:localhost:38739|admin:|client:|dataStream:|priority:0, omNode-bootstrap-1|rpc:localhost:42185|admin:|client:|dataStream:|priority:0, omNode-1|rpc:localhost:45363|admin:|client:|dataStream:|priority:0], old=null
2022-09-12 01:25:22,511 [grpc-default-executor-3] INFO  server.RaftServer$Division (RaftServerImpl.java:requestVote(1152)) - omNode-bootstrap-1@group-0AAC5367B30E: receive requestVote(ELECTION, omNode-bootstrap-2, group-0AAC5367B30E, 24, (t:1, i:16))
2022-09-12 01:25:22,511 [grpc-default-executor-3] WARN  server.GrpcServerProtocolService (LogUtils.java:warn(122)) - omNode-bootstrap-1: Failed requestVote omNode-bootstrap-2->omNode-bootstrap-1#0: org.apache.ratis.protocol.exceptions.ServerNotReadyException: omNode-bootstrap-1@group-0AAC5367B30E is not in [RUNNING]: current state is STARTING
2022-09-12 01:25:22,516 [omNode-bootstrap-2@group-0AAC5367B30E-LeaderElection46] INFO  impl.LeaderElection (LogUtils.java:infoOrTrace(137)) - omNode-bootstrap-2@group-0AAC5367B30E-LeaderElection46 got exception when requesting votes: java.util.concurrent.ExecutionException: org.apache.ratis.thirdparty.io.grpc.StatusRuntimeException: INTERNAL: omNode-bootstrap-1@group-0AAC5367B30E is not in [RUNNING]: current state is STARTING
2022-09-12 01:25:22,522 [omNode-bootstrap-2@group-0AAC5367B30E-LeaderElection46] INFO  impl.LeaderElection (LogUtils.java:infoOrTrace(137)) - omNode-bootstrap-2@group-0AAC5367B30E-LeaderElection46 got exception when requesting votes: java.util.concurrent.ExecutionException: org.apache.ratis.thirdparty.io.grpc.StatusRuntimeException: UNAVAILABLE: io exception
2022-09-12 01:25:22,522 [omNode-bootstrap-2@group-0AAC5367B30E-LeaderElection46] INFO  impl.LeaderElection (LeaderElection.java:logAndReturn(90)) - omNode-bootstrap-2@group-0AAC5367B30E-LeaderElection46: ELECTION REJECTED received 0 response(s) and 2 exception(s):
2022-09-12 01:25:22,522 [omNode-bootstrap-2@group-0AAC5367B30E-LeaderElection46] INFO  impl.LeaderElection (LogUtils.java:infoOrTrace(137)) -   Exception 0: java.util.concurrent.ExecutionException: org.apache.ratis.thirdparty.io.grpc.StatusRuntimeException: INTERNAL: omNode-bootstrap-1@group-0AAC5367B30E is not in [RUNNING]: current state is STARTING
2022-09-12 01:25:22,522 [omNode-bootstrap-2@group-0AAC5367B30E-LeaderElection46] INFO  impl.LeaderElection (LogUtils.java:infoOrTrace(137)) -   Exception 1: java.util.concurrent.ExecutionException: org.apache.ratis.thirdparty.io.grpc.StatusRuntimeException: UNAVAILABLE: io exception
2022-09-12 01:25:22,522 [omNode-bootstrap-2@group-0AAC5367B30E-LeaderElection46] INFO  impl.LeaderElection (LeaderElection.java:askForVotes(312)) - omNode-bootstrap-2@group-0AAC5367B30E-LeaderElection46 ELECTION round 0: result REJECTED
2022-09-12 01:25:22,522 [omNode-bootstrap-2@group-0AAC5367B30E-LeaderElection46] INFO  server.RaftServer$Division (RaftServerImpl.java:setRole(299)) - omNode-bootstrap-2@group-0AAC5367B30E: changes role from CANDIDATE to FOLLOWER at term 24 for REJECTED
2022-09-12 01:25:22,522 [omNode-bootstrap-2@group-0AAC5367B30E-LeaderElection46] INFO  impl.RoleInfo (RoleInfo.java:shutdownLeaderElection(130)) - omNode-bootstrap-2: shutdown omNode-bootstrap-2@group-0AAC5367B30E-LeaderElection46
2022-09-12 01:25:22,522 [omNode-bootstrap-2@group-0AAC5367B30E-LeaderElection46] INFO  impl.RoleInfo (RoleInfo.java:updateAndGet(139)) - omNode-bootstrap-2: start omNode-bootstrap-2@group-0AAC5367B30E-FollowerState
2022-09-12 01:25:22,805 [EndpointStateMachine task thread for /127.0.0.1:40693 - 0 ] INFO  ipc.Client (Client.java:handleConnectionFailure(977)) - Retrying connect to server: localhost/127.0.0.1:40693. Already tried 12 time(s); retry policy is RetryUpToMaximumCountWithFixedSleep(maxRetries=15, sleepTime=1000 MILLISECONDS)
2022-09-12 01:25:23,606 [omNode-bootstrap-2@group-0AAC5367B30E-FollowerState] INFO  impl.FollowerState (FollowerState.java:run(143)) - omNode-bootstrap-2@group-0AAC5367B30E-FollowerState: change to CANDIDATE, lastRpcElapsedTime:1083958578ns, electionTimeout:1079ms
2022-09-12 01:25:23,606 [omNode-bootstrap-2@group-0AAC5367B30E-FollowerState] INFO  impl.RoleInfo (RoleInfo.java:shutdownFollowerState(110)) - omNode-bootstrap-2: shutdown omNode-bootstrap-2@group-0AAC5367B30E-FollowerState
2022-09-12 01:25:23,606 [omNode-bootstrap-2@group-0AAC5367B30E-FollowerState] INFO  server.RaftServer$Division (RaftServerImpl.java:setRole(299)) - omNode-bootstrap-2@group-0AAC5367B30E: changes role from  FOLLOWER to CANDIDATE at term 24 for changeToCandidate
2022-09-12 01:25:23,606 [omNode-bootstrap-2@group-0AAC5367B30E-FollowerState] INFO  server.RaftServerConfigKeys (ConfUtils.java:logGet(46)) - raft.server.leaderelection.pre-vote = false (custom)
2022-09-12 01:25:23,606 [omNode-bootstrap-2@group-0AAC5367B30E-FollowerState] INFO  impl.RoleInfo (RoleInfo.java:updateAndGet(139)) - omNode-bootstrap-2: start omNode-bootstrap-2@group-0AAC5367B30E-LeaderElection47
2022-09-12 01:25:23,625 [omNode-bootstrap-2@group-0AAC5367B30E-LeaderElection47] INFO  impl.LeaderElection (LeaderElection.java:askForVotes(310)) - omNode-bootstrap-2@group-0AAC5367B30E-LeaderElection47 ELECTION round 0: submit vote requests at term 25 for 15: [omNode-bootstrap-2|rpc:localhost:38739|admin:|client:|dataStream:|priority:0, omNode-bootstrap-1|rpc:localhost:42185|admin:|client:|dataStream:|priority:0, omNode-1|rpc:localhost:45363|admin:|client:|dataStream:|priority:0], old=null
2022-09-12 01:25:23,635 [grpc-default-executor-3] INFO  server.RaftServer$Division (RaftServerImpl.java:requestVote(1152)) - omNode-bootstrap-1@group-0AAC5367B30E: receive requestVote(ELECTION, omNode-bootstrap-2, group-0AAC5367B30E, 25, (t:1, i:16))
2022-09-12 01:25:23,635 [grpc-default-executor-3] WARN  server.GrpcServerProtocolService (LogUtils.java:warn(122)) - omNode-bootstrap-1: Failed requestVote omNode-bootstrap-2->omNode-bootstrap-1#0: org.apache.ratis.protocol.exceptions.ServerNotReadyException: omNode-bootstrap-1@group-0AAC5367B30E is not in [RUNNING]: current state is STARTING
2022-09-12 01:25:23,636 [omNode-bootstrap-2@group-0AAC5367B30E-LeaderElection47] INFO  impl.LeaderElection (LogUtils.java:infoOrTrace(137)) - omNode-bootstrap-2@group-0AAC5367B30E-LeaderElection47 got exception when requesting votes: java.util.concurrent.ExecutionException: org.apache.ratis.thirdparty.io.grpc.StatusRuntimeException: UNAVAILABLE: io exception
2022-09-12 01:25:23,637 [omNode-bootstrap-2@group-0AAC5367B30E-LeaderElection47] INFO  impl.LeaderElection (LogUtils.java:infoOrTrace(137)) - omNode-bootstrap-2@group-0AAC5367B30E-LeaderElection47 got exception when requesting votes: java.util.concurrent.ExecutionException: org.apache.ratis.thirdparty.io.grpc.StatusRuntimeException: INTERNAL: omNode-bootstrap-1@group-0AAC5367B30E is not in [RUNNING]: current state is STARTING
2022-09-12 01:25:23,637 [omNode-bootstrap-2@group-0AAC5367B30E-LeaderElection47] INFO  impl.LeaderElection (LeaderElection.java:logAndReturn(90)) - omNode-bootstrap-2@group-0AAC5367B30E-LeaderElection47: ELECTION REJECTED received 0 response(s) and 2 exception(s):
2022-09-12 01:25:23,637 [omNode-bootstrap-2@group-0AAC5367B30E-LeaderElection47] INFO  impl.LeaderElection (LogUtils.java:infoOrTrace(137)) -   Exception 0: java.util.concurrent.ExecutionException: org.apache.ratis.thirdparty.io.grpc.StatusRuntimeException: UNAVAILABLE: io exception
2022-09-12 01:25:23,637 [omNode-bootstrap-2@group-0AAC5367B30E-LeaderElection47] INFO  impl.LeaderElection (LogUtils.java:infoOrTrace(137)) -   Exception 1: java.util.concurrent.ExecutionException: org.apache.ratis.thirdparty.io.grpc.StatusRuntimeException: INTERNAL: omNode-bootstrap-1@group-0AAC5367B30E is not in [RUNNING]: current state is STARTING
2022-09-12 01:25:23,637 [omNode-bootstrap-2@group-0AAC5367B30E-LeaderElection47] INFO  impl.LeaderElection (LeaderElection.java:askForVotes(312)) - omNode-bootstrap-2@group-0AAC5367B30E-LeaderElection47 ELECTION round 0: result REJECTED
2022-09-12 01:25:23,637 [omNode-bootstrap-2@group-0AAC5367B30E-LeaderElection47] INFO  server.RaftServer$Division (RaftServerImpl.java:setRole(299)) - omNode-bootstrap-2@group-0AAC5367B30E: changes role from CANDIDATE to FOLLOWER at term 25 for REJECTED
2022-09-12 01:25:23,637 [omNode-bootstrap-2@group-0AAC5367B30E-LeaderElection47] INFO  impl.RoleInfo (RoleInfo.java:shutdownLeaderElection(130)) - omNode-bootstrap-2: shutdown omNode-bootstrap-2@group-0AAC5367B30E-LeaderElection47
2022-09-12 01:25:23,637 [omNode-bootstrap-2@group-0AAC5367B30E-LeaderElection47] INFO  impl.RoleInfo (RoleInfo.java:updateAndGet(139)) - omNode-bootstrap-2: start omNode-bootstrap-2@group-0AAC5367B30E-FollowerState
2022-09-12 01:25:23,806 [EndpointStateMachine task thread for /127.0.0.1:40693 - 0 ] INFO  ipc.Client (Client.java:handleConnectionFailure(977)) - Retrying connect to server: localhost/127.0.0.1:40693. Already tried 13 time(s); retry policy is RetryUpToMaximumCountWithFixedSleep(maxRetries=15, sleepTime=1000 MILLISECONDS)
2022-09-12 01:25:24,774 [omNode-bootstrap-2@group-0AAC5367B30E-FollowerState] INFO  impl.FollowerState (FollowerState.java:run(143)) - omNode-bootstrap-2@group-0AAC5367B30E-FollowerState: change to CANDIDATE, lastRpcElapsedTime:1137283590ns, electionTimeout:1137ms
2022-09-12 01:25:24,774 [omNode-bootstrap-2@group-0AAC5367B30E-FollowerState] INFO  impl.RoleInfo (RoleInfo.java:shutdownFollowerState(110)) - omNode-bootstrap-2: shutdown omNode-bootstrap-2@group-0AAC5367B30E-FollowerState
2022-09-12 01:25:24,774 [omNode-bootstrap-2@group-0AAC5367B30E-FollowerState] INFO  server.RaftServer$Division (RaftServerImpl.java:setRole(299)) - omNode-bootstrap-2@group-0AAC5367B30E: changes role from  FOLLOWER to CANDIDATE at term 25 for changeToCandidate
2022-09-12 01:25:24,774 [omNode-bootstrap-2@group-0AAC5367B30E-FollowerState] INFO  server.RaftServerConfigKeys (ConfUtils.java:logGet(46)) - raft.server.leaderelection.pre-vote = false (custom)
2022-09-12 01:25:24,774 [omNode-bootstrap-2@group-0AAC5367B30E-FollowerState] INFO  impl.RoleInfo (RoleInfo.java:updateAndGet(139)) - omNode-bootstrap-2: start omNode-bootstrap-2@group-0AAC5367B30E-LeaderElection48
2022-09-12 01:25:24,781 [omNode-bootstrap-2@group-0AAC5367B30E-LeaderElection48] INFO  impl.LeaderElection (LeaderElection.java:askForVotes(310)) - omNode-bootstrap-2@group-0AAC5367B30E-LeaderElection48 ELECTION round 0: submit vote requests at term 26 for 15: [omNode-bootstrap-2|rpc:localhost:38739|admin:|client:|dataStream:|priority:0, omNode-bootstrap-1|rpc:localhost:42185|admin:|client:|dataStream:|priority:0, omNode-1|rpc:localhost:45363|admin:|client:|dataStream:|priority:0], old=null
2022-09-12 01:25:24,791 [grpc-default-executor-3] INFO  server.RaftServer$Division (RaftServerImpl.java:requestVote(1152)) - omNode-bootstrap-1@group-0AAC5367B30E: receive requestVote(ELECTION, omNode-bootstrap-2, group-0AAC5367B30E, 26, (t:1, i:16))
2022-09-12 01:25:24,791 [grpc-default-executor-3] WARN  server.GrpcServerProtocolService (LogUtils.java:warn(122)) - omNode-bootstrap-1: Failed requestVote omNode-bootstrap-2->omNode-bootstrap-1#0: org.apache.ratis.protocol.exceptions.ServerNotReadyException: omNode-bootstrap-1@group-0AAC5367B30E is not in [RUNNING]: current state is STARTING
2022-09-12 01:25:24,804 [omNode-bootstrap-2@group-0AAC5367B30E-LeaderElection48] INFO  impl.LeaderElection (LogUtils.java:infoOrTrace(137)) - omNode-bootstrap-2@group-0AAC5367B30E-LeaderElection48 got exception when requesting votes: java.util.concurrent.ExecutionException: org.apache.ratis.thirdparty.io.grpc.StatusRuntimeException: INTERNAL: omNode-bootstrap-1@group-0AAC5367B30E is not in [RUNNING]: current state is STARTING
2022-09-12 01:25:24,805 [omNode-bootstrap-2@group-0AAC5367B30E-LeaderElection48] INFO  impl.LeaderElection (LogUtils.java:infoOrTrace(137)) - omNode-bootstrap-2@group-0AAC5367B30E-LeaderElection48 got exception when requesting votes: java.util.concurrent.ExecutionException: org.apache.ratis.thirdparty.io.grpc.StatusRuntimeException: UNAVAILABLE: io exception
2022-09-12 01:25:24,805 [omNode-bootstrap-2@group-0AAC5367B30E-LeaderElection48] INFO  impl.LeaderElection (LeaderElection.java:logAndReturn(90)) - omNode-bootstrap-2@group-0AAC5367B30E-LeaderElection48: ELECTION REJECTED received 0 response(s) and 2 exception(s):
2022-09-12 01:25:24,805 [omNode-bootstrap-2@group-0AAC5367B30E-LeaderElection48] INFO  impl.LeaderElection (LogUtils.java:infoOrTrace(137)) -   Exception 0: java.util.concurrent.ExecutionException: org.apache.ratis.thirdparty.io.grpc.StatusRuntimeException: INTERNAL: omNode-bootstrap-1@group-0AAC5367B30E is not in [RUNNING]: current state is STARTING
2022-09-12 01:25:24,805 [omNode-bootstrap-2@group-0AAC5367B30E-LeaderElection48] INFO  impl.LeaderElection (LogUtils.java:infoOrTrace(137)) -   Exception 1: java.util.concurrent.ExecutionException: org.apache.ratis.thirdparty.io.grpc.StatusRuntimeException: UNAVAILABLE: io exception
2022-09-12 01:25:24,805 [omNode-bootstrap-2@group-0AAC5367B30E-LeaderElection48] INFO  impl.LeaderElection (LeaderElection.java:askForVotes(312)) - omNode-bootstrap-2@group-0AAC5367B30E-LeaderElection48 ELECTION round 0: result REJECTED
2022-09-12 01:25:24,805 [omNode-bootstrap-2@group-0AAC5367B30E-LeaderElection48] INFO  server.RaftServer$Division (RaftServerImpl.java:setRole(299)) - omNode-bootstrap-2@group-0AAC5367B30E: changes role from CANDIDATE to FOLLOWER at term 26 for REJECTED
2022-09-12 01:25:24,805 [omNode-bootstrap-2@group-0AAC5367B30E-LeaderElection48] INFO  impl.RoleInfo (RoleInfo.java:shutdownLeaderElection(130)) - omNode-bootstrap-2: shutdown omNode-bootstrap-2@group-0AAC5367B30E-LeaderElection48
2022-09-12 01:25:24,805 [omNode-bootstrap-2@group-0AAC5367B30E-LeaderElection48] INFO  impl.RoleInfo (RoleInfo.java:updateAndGet(139)) - omNode-bootstrap-2: start omNode-bootstrap-2@group-0AAC5367B30E-FollowerState
2022-09-12 01:25:24,806 [EndpointStateMachine task thread for /127.0.0.1:40693 - 0 ] INFO  ipc.Client (Client.java:handleConnectionFailure(977)) - Retrying connect to server: localhost/127.0.0.1:40693. Already tried 14 time(s); retry policy is RetryUpToMaximumCountWithFixedSleep(maxRetries=15, sleepTime=1000 MILLISECONDS)
2022-09-12 01:25:24,807 [EndpointStateMachine task thread for /127.0.0.1:40693 - 0 ] WARN  statemachine.EndpointStateMachine (EndpointStateMachine.java:logIfNeeded(241)) - Unable to communicate to SCM server at localhost:40693 for past 0 seconds.
java.net.ConnectException: Call From fv-az167-317/10.1.0.12 to localhost:40693 failed on connection exception: java.net.ConnectException: Connection refused; For more details see:  http://wiki.apache.org/hadoop/ConnectionRefused
	at sun.reflect.GeneratedConstructorAccessor52.newInstance(Unknown Source)
	at sun.reflect.DelegatingConstructorAccessorImpl.newInstance(DelegatingConstructorAccessorImpl.java:45)
	at java.lang.reflect.Constructor.newInstance(Constructor.java:423)
	at org.apache.hadoop.net.NetUtils.wrapWithMessage(NetUtils.java:913)
	at org.apache.hadoop.net.NetUtils.wrapException(NetUtils.java:828)
	at org.apache.hadoop.ipc.Client.getRpcResponse(Client.java:1577)
	at org.apache.hadoop.ipc.Client.call(Client.java:1519)
	at org.apache.hadoop.ipc.Client.call(Client.java:1416)
	at org.apache.hadoop.ipc.ProtobufRpcEngine$Invoker.invoke(ProtobufRpcEngine.java:236)
	at org.apache.hadoop.ipc.ProtobufRpcEngine$Invoker.invoke(ProtobufRpcEngine.java:123)
	at com.sun.proxy.$Proxy52.submitRequest(Unknown Source)
	at org.apache.hadoop.ozone.protocolPB.StorageContainerDatanodeProtocolClientSideTranslatorPB.submitRequest(StorageContainerDatanodeProtocolClientSideTranslatorPB.java:117)
	at org.apache.hadoop.ozone.protocolPB.StorageContainerDatanodeProtocolClientSideTranslatorPB.sendHeartbeat(StorageContainerDatanodeProtocolClientSideTranslatorPB.java:149)
	at org.apache.hadoop.ozone.container.common.states.endpoint.HeartbeatEndpointTask.call(HeartbeatEndpointTask.java:185)
	at org.apache.hadoop.ozone.container.common.states.endpoint.HeartbeatEndpointTask.call(HeartbeatEndpointTask.java:87)
	at java.util.concurrent.FutureTask.run(FutureTask.java:266)
	at java.util.concurrent.ThreadPoolExecutor.runWorker(ThreadPoolExecutor.java:1149)
	at java.util.concurrent.ThreadPoolExecutor$Worker.run(ThreadPoolExecutor.java:624)
	at java.lang.Thread.run(Thread.java:750)
Caused by: java.net.ConnectException: Connection refused
	at sun.nio.ch.SocketChannelImpl.checkConnect(Native Method)
	at sun.nio.ch.SocketChannelImpl.finishConnect(SocketChannelImpl.java:716)
	at org.apache.hadoop.net.SocketIOWithTimeout.connect(SocketIOWithTimeout.java:206)
	at org.apache.hadoop.net.NetUtils.connect(NetUtils.java:586)
	at org.apache.hadoop.ipc.Client$Connection.setupConnection(Client.java:701)
	at org.apache.hadoop.ipc.Client$Connection.setupIOstreams(Client.java:822)
	at org.apache.hadoop.ipc.Client$Connection.access$3800(Client.java:414)
	at org.apache.hadoop.ipc.Client.getConnection(Client.java:1647)
	at org.apache.hadoop.ipc.Client.call(Client.java:1463)
	... 12 more
2022-09-12 01:25:25,811 [EndpointStateMachine task thread for /127.0.0.1:40693 - 0 ] INFO  ipc.Client (Client.java:handleConnectionFailure(977)) - Retrying connect to server: localhost/127.0.0.1:40693. Already tried 0 time(s); retry policy is RetryUpToMaximumCountWithFixedSleep(maxRetries=15, sleepTime=1000 MILLISECONDS)
2022-09-12 01:25:25,929 [omNode-bootstrap-2@group-0AAC5367B30E-FollowerState] INFO  impl.FollowerState (FollowerState.java:run(143)) - omNode-bootstrap-2@group-0AAC5367B30E-FollowerState: change to CANDIDATE, lastRpcElapsedTime:1123830491ns, electionTimeout:1115ms
2022-09-12 01:25:25,929 [omNode-bootstrap-2@group-0AAC5367B30E-FollowerState] INFO  impl.RoleInfo (RoleInfo.java:shutdownFollowerState(110)) - omNode-bootstrap-2: shutdown omNode-bootstrap-2@group-0AAC5367B30E-FollowerState
2022-09-12 01:25:25,929 [omNode-bootstrap-2@group-0AAC5367B30E-FollowerState] INFO  server.RaftServer$Division (RaftServerImpl.java:setRole(299)) - omNode-bootstrap-2@group-0AAC5367B30E: changes role from  FOLLOWER to CANDIDATE at term 26 for changeToCandidate
2022-09-12 01:25:25,929 [omNode-bootstrap-2@group-0AAC5367B30E-FollowerState] INFO  server.RaftServerConfigKeys (ConfUtils.java:logGet(46)) - raft.server.leaderelection.pre-vote = false (custom)
2022-09-12 01:25:25,929 [omNode-bootstrap-2@group-0AAC5367B30E-FollowerState] INFO  impl.RoleInfo (RoleInfo.java:updateAndGet(139)) - omNode-bootstrap-2: start omNode-bootstrap-2@group-0AAC5367B30E-LeaderElection49
2022-09-12 01:25:25,936 [omNode-bootstrap-2@group-0AAC5367B30E-LeaderElection49] INFO  impl.LeaderElection (LeaderElection.java:askForVotes(310)) - omNode-bootstrap-2@group-0AAC5367B30E-LeaderElection49 ELECTION round 0: submit vote requests at term 27 for 15: [omNode-bootstrap-2|rpc:localhost:38739|admin:|client:|dataStream:|priority:0, omNode-bootstrap-1|rpc:localhost:42185|admin:|client:|dataStream:|priority:0, omNode-1|rpc:localhost:45363|admin:|client:|dataStream:|priority:0], old=null
2022-09-12 01:25:25,943 [grpc-default-executor-3] INFO  server.RaftServer$Division (RaftServerImpl.java:requestVote(1152)) - omNode-bootstrap-1@group-0AAC5367B30E: receive requestVote(ELECTION, omNode-bootstrap-2, group-0AAC5367B30E, 27, (t:1, i:16))
2022-09-12 01:25:25,944 [grpc-default-executor-3] WARN  server.GrpcServerProtocolService (LogUtils.java:warn(122)) - omNode-bootstrap-1: Failed requestVote omNode-bootstrap-2->omNode-bootstrap-1#0: org.apache.ratis.protocol.exceptions.ServerNotReadyException: omNode-bootstrap-1@group-0AAC5367B30E is not in [RUNNING]: current state is STARTING
2022-09-12 01:25:25,948 [omNode-bootstrap-2@group-0AAC5367B30E-LeaderElection49] INFO  impl.LeaderElection (LogUtils.java:infoOrTrace(137)) - omNode-bootstrap-2@group-0AAC5367B30E-LeaderElection49 got exception when requesting votes: java.util.concurrent.ExecutionException: org.apache.ratis.thirdparty.io.grpc.StatusRuntimeException: INTERNAL: omNode-bootstrap-1@group-0AAC5367B30E is not in [RUNNING]: current state is STARTING
2022-09-12 01:25:25,953 [omNode-bootstrap-2@group-0AAC5367B30E-LeaderElection49] INFO  impl.LeaderElection (LogUtils.java:infoOrTrace(137)) - omNode-bootstrap-2@group-0AAC5367B30E-LeaderElection49 got exception when requesting votes: java.util.concurrent.ExecutionException: org.apache.ratis.thirdparty.io.grpc.StatusRuntimeException: UNAVAILABLE: io exception
2022-09-12 01:25:25,953 [omNode-bootstrap-2@group-0AAC5367B30E-LeaderElection49] INFO  impl.LeaderElection (LeaderElection.java:logAndReturn(90)) - omNode-bootstrap-2@group-0AAC5367B30E-LeaderElection49: ELECTION REJECTED received 0 response(s) and 2 exception(s):
2022-09-12 01:25:25,953 [omNode-bootstrap-2@group-0AAC5367B30E-LeaderElection49] INFO  impl.LeaderElection (LogUtils.java:infoOrTrace(137)) -   Exception 0: java.util.concurrent.ExecutionException: org.apache.ratis.thirdparty.io.grpc.StatusRuntimeException: INTERNAL: omNode-bootstrap-1@group-0AAC5367B30E is not in [RUNNING]: current state is STARTING
2022-09-12 01:25:25,953 [omNode-bootstrap-2@group-0AAC5367B30E-LeaderElection49] INFO  impl.LeaderElection (LogUtils.java:infoOrTrace(137)) -   Exception 1: java.util.concurrent.ExecutionException: org.apache.ratis.thirdparty.io.grpc.StatusRuntimeException: UNAVAILABLE: io exception
2022-09-12 01:25:25,953 [omNode-bootstrap-2@group-0AAC5367B30E-LeaderElection49] INFO  impl.LeaderElection (LeaderElection.java:askForVotes(312)) - omNode-bootstrap-2@group-0AAC5367B30E-LeaderElection49 ELECTION round 0: result REJECTED
2022-09-12 01:25:25,953 [omNode-bootstrap-2@group-0AAC5367B30E-LeaderElection49] INFO  server.RaftServer$Division (RaftServerImpl.java:setRole(299)) - omNode-bootstrap-2@group-0AAC5367B30E: changes role from CANDIDATE to FOLLOWER at term 27 for REJECTED
2022-09-12 01:25:25,953 [omNode-bootstrap-2@group-0AAC5367B30E-LeaderElection49] INFO  impl.RoleInfo (RoleInfo.java:shutdownLeaderElection(130)) - omNode-bootstrap-2: shutdown omNode-bootstrap-2@group-0AAC5367B30E-LeaderElection49
2022-09-12 01:25:25,953 [omNode-bootstrap-2@group-0AAC5367B30E-LeaderElection49] INFO  impl.RoleInfo (RoleInfo.java:updateAndGet(139)) - omNode-bootstrap-2: start omNode-bootstrap-2@group-0AAC5367B30E-FollowerState
2022-09-12 01:25:26,812 [EndpointStateMachine task thread for /127.0.0.1:40693 - 0 ] INFO  ipc.Client (Client.java:handleConnectionFailure(977)) - Retrying connect to server: localhost/127.0.0.1:40693. Already tried 1 time(s); retry policy is RetryUpToMaximumCountWithFixedSleep(maxRetries=15, sleepTime=1000 MILLISECONDS)
2022-09-12 01:25:27,075 [omNode-bootstrap-2@group-0AAC5367B30E-FollowerState] INFO  impl.FollowerState (FollowerState.java:run(143)) - omNode-bootstrap-2@group-0AAC5367B30E-FollowerState: change to CANDIDATE, lastRpcElapsedTime:1121524008ns, electionTimeout:1116ms
2022-09-12 01:25:27,075 [omNode-bootstrap-2@group-0AAC5367B30E-FollowerState] INFO  impl.RoleInfo (RoleInfo.java:shutdownFollowerState(110)) - omNode-bootstrap-2: shutdown omNode-bootstrap-2@group-0AAC5367B30E-FollowerState
2022-09-12 01:25:27,075 [omNode-bootstrap-2@group-0AAC5367B30E-FollowerState] INFO  server.RaftServer$Division (RaftServerImpl.java:setRole(299)) - omNode-bootstrap-2@group-0AAC5367B30E: changes role from  FOLLOWER to CANDIDATE at term 27 for changeToCandidate
2022-09-12 01:25:27,075 [omNode-bootstrap-2@group-0AAC5367B30E-FollowerState] INFO  server.RaftServerConfigKeys (ConfUtils.java:logGet(46)) - raft.server.leaderelection.pre-vote = false (custom)
2022-09-12 01:25:27,075 [omNode-bootstrap-2@group-0AAC5367B30E-FollowerState] INFO  impl.RoleInfo (RoleInfo.java:updateAndGet(139)) - omNode-bootstrap-2: start omNode-bootstrap-2@group-0AAC5367B30E-LeaderElection50
2022-09-12 01:25:27,085 [omNode-bootstrap-2@group-0AAC5367B30E-LeaderElection50] INFO  impl.LeaderElection (LeaderElection.java:askForVotes(310)) - omNode-bootstrap-2@group-0AAC5367B30E-LeaderElection50 ELECTION round 0: submit vote requests at term 28 for 15: [omNode-bootstrap-2|rpc:localhost:38739|admin:|client:|dataStream:|priority:0, omNode-bootstrap-1|rpc:localhost:42185|admin:|client:|dataStream:|priority:0, omNode-1|rpc:localhost:45363|admin:|client:|dataStream:|priority:0], old=null
2022-09-12 01:25:27,097 [grpc-default-executor-3] INFO  server.RaftServer$Division (RaftServerImpl.java:requestVote(1152)) - omNode-bootstrap-1@group-0AAC5367B30E: receive requestVote(ELECTION, omNode-bootstrap-2, group-0AAC5367B30E, 28, (t:1, i:16))
2022-09-12 01:25:27,097 [grpc-default-executor-3] WARN  server.GrpcServerProtocolService (LogUtils.java:warn(122)) - omNode-bootstrap-1: Failed requestVote omNode-bootstrap-2->omNode-bootstrap-1#0: org.apache.ratis.protocol.exceptions.ServerNotReadyException: omNode-bootstrap-1@group-0AAC5367B30E is not in [RUNNING]: current state is STARTING
2022-09-12 01:25:27,101 [omNode-bootstrap-2@group-0AAC5367B30E-LeaderElection50] INFO  impl.LeaderElection (LogUtils.java:infoOrTrace(137)) - omNode-bootstrap-2@group-0AAC5367B30E-LeaderElection50 got exception when requesting votes: java.util.concurrent.ExecutionException: org.apache.ratis.thirdparty.io.grpc.StatusRuntimeException: INTERNAL: omNode-bootstrap-1@group-0AAC5367B30E is not in [RUNNING]: current state is STARTING
2022-09-12 01:25:27,102 [omNode-bootstrap-2@group-0AAC5367B30E-LeaderElection50] INFO  impl.LeaderElection (LogUtils.java:infoOrTrace(137)) - omNode-bootstrap-2@group-0AAC5367B30E-LeaderElection50 got exception when requesting votes: java.util.concurrent.ExecutionException: org.apache.ratis.thirdparty.io.grpc.StatusRuntimeException: UNAVAILABLE: io exception
2022-09-12 01:25:27,102 [omNode-bootstrap-2@group-0AAC5367B30E-LeaderElection50] INFO  impl.LeaderElection (LeaderElection.java:logAndReturn(90)) - omNode-bootstrap-2@group-0AAC5367B30E-LeaderElection50: ELECTION REJECTED received 0 response(s) and 2 exception(s):
2022-09-12 01:25:27,102 [omNode-bootstrap-2@group-0AAC5367B30E-LeaderElection50] INFO  impl.LeaderElection (LogUtils.java:infoOrTrace(137)) -   Exception 0: java.util.concurrent.ExecutionException: org.apache.ratis.thirdparty.io.grpc.StatusRuntimeException: INTERNAL: omNode-bootstrap-1@group-0AAC5367B30E is not in [RUNNING]: current state is STARTING
2022-09-12 01:25:27,102 [omNode-bootstrap-2@group-0AAC5367B30E-LeaderElection50] INFO  impl.LeaderElection (LogUtils.java:infoOrTrace(137)) -   Exception 1: java.util.concurrent.ExecutionException: org.apache.ratis.thirdparty.io.grpc.StatusRuntimeException: UNAVAILABLE: io exception
2022-09-12 01:25:27,102 [omNode-bootstrap-2@group-0AAC5367B30E-LeaderElection50] INFO  impl.LeaderElection (LeaderElection.java:askForVotes(312)) - omNode-bootstrap-2@group-0AAC5367B30E-LeaderElection50 ELECTION round 0: result REJECTED
2022-09-12 01:25:27,102 [omNode-bootstrap-2@group-0AAC5367B30E-LeaderElection50] INFO  server.RaftServer$Division (RaftServerImpl.java:setRole(299)) - omNode-bootstrap-2@group-0AAC5367B30E: changes role from CANDIDATE to FOLLOWER at term 28 for REJECTED
2022-09-12 01:25:27,102 [omNode-bootstrap-2@group-0AAC5367B30E-LeaderElection50] INFO  impl.RoleInfo (RoleInfo.java:shutdownLeaderElection(130)) - omNode-bootstrap-2: shutdown omNode-bootstrap-2@group-0AAC5367B30E-LeaderElection50
2022-09-12 01:25:27,102 [omNode-bootstrap-2@group-0AAC5367B30E-LeaderElection50] INFO  impl.RoleInfo (RoleInfo.java:updateAndGet(139)) - omNode-bootstrap-2: start omNode-bootstrap-2@group-0AAC5367B30E-FollowerState
2022-09-12 01:25:27,812 [EndpointStateMachine task thread for /127.0.0.1:40693 - 0 ] INFO  ipc.Client (Client.java:handleConnectionFailure(977)) - Retrying connect to server: localhost/127.0.0.1:40693. Already tried 2 time(s); retry policy is RetryUpToMaximumCountWithFixedSleep(maxRetries=15, sleepTime=1000 MILLISECONDS)
2022-09-12 01:25:28,204 [omNode-bootstrap-2@group-0AAC5367B30E-FollowerState] INFO  impl.FollowerState (FollowerState.java:run(143)) - omNode-bootstrap-2@group-0AAC5367B30E-FollowerState: change to CANDIDATE, lastRpcElapsedTime:1101962351ns, electionTimeout:1089ms
2022-09-12 01:25:28,204 [omNode-bootstrap-2@group-0AAC5367B30E-FollowerState] INFO  impl.RoleInfo (RoleInfo.java:shutdownFollowerState(110)) - omNode-bootstrap-2: shutdown omNode-bootstrap-2@group-0AAC5367B30E-FollowerState
2022-09-12 01:25:28,204 [omNode-bootstrap-2@group-0AAC5367B30E-FollowerState] INFO  server.RaftServer$Division (RaftServerImpl.java:setRole(299)) - omNode-bootstrap-2@group-0AAC5367B30E: changes role from  FOLLOWER to CANDIDATE at term 28 for changeToCandidate
2022-09-12 01:25:28,204 [omNode-bootstrap-2@group-0AAC5367B30E-FollowerState] INFO  server.RaftServerConfigKeys (ConfUtils.java:logGet(46)) - raft.server.leaderelection.pre-vote = false (custom)
2022-09-12 01:25:28,204 [omNode-bootstrap-2@group-0AAC5367B30E-FollowerState] INFO  impl.RoleInfo (RoleInfo.java:updateAndGet(139)) - omNode-bootstrap-2: start omNode-bootstrap-2@group-0AAC5367B30E-LeaderElection51
2022-09-12 01:25:28,212 [omNode-bootstrap-2@group-0AAC5367B30E-LeaderElection51] INFO  impl.LeaderElection (LeaderElection.java:askForVotes(310)) - omNode-bootstrap-2@group-0AAC5367B30E-LeaderElection51 ELECTION round 0: submit vote requests at term 29 for 15: [omNode-bootstrap-2|rpc:localhost:38739|admin:|client:|dataStream:|priority:0, omNode-bootstrap-1|rpc:localhost:42185|admin:|client:|dataStream:|priority:0, omNode-1|rpc:localhost:45363|admin:|client:|dataStream:|priority:0], old=null
2022-09-12 01:25:28,221 [grpc-default-executor-3] INFO  server.RaftServer$Division (RaftServerImpl.java:requestVote(1152)) - omNode-bootstrap-1@group-0AAC5367B30E: receive requestVote(ELECTION, omNode-bootstrap-2, group-0AAC5367B30E, 29, (t:1, i:16))
2022-09-12 01:25:28,221 [grpc-default-executor-3] WARN  server.GrpcServerProtocolService (LogUtils.java:warn(122)) - omNode-bootstrap-1: Failed requestVote omNode-bootstrap-2->omNode-bootstrap-1#0: org.apache.ratis.protocol.exceptions.ServerNotReadyException: omNode-bootstrap-1@group-0AAC5367B30E is not in [RUNNING]: current state is STARTING
2022-09-12 01:25:28,222 [omNode-bootstrap-2@group-0AAC5367B30E-LeaderElection51] INFO  impl.LeaderElection (LogUtils.java:infoOrTrace(137)) - omNode-bootstrap-2@group-0AAC5367B30E-LeaderElection51 got exception when requesting votes: java.util.concurrent.ExecutionException: org.apache.ratis.thirdparty.io.grpc.StatusRuntimeException: INTERNAL: omNode-bootstrap-1@group-0AAC5367B30E is not in [RUNNING]: current state is STARTING
2022-09-12 01:25:28,225 [omNode-bootstrap-2@group-0AAC5367B30E-LeaderElection51] INFO  impl.LeaderElection (LogUtils.java:infoOrTrace(137)) - omNode-bootstrap-2@group-0AAC5367B30E-LeaderElection51 got exception when requesting votes: java.util.concurrent.ExecutionException: org.apache.ratis.thirdparty.io.grpc.StatusRuntimeException: UNAVAILABLE: io exception
2022-09-12 01:25:28,225 [omNode-bootstrap-2@group-0AAC5367B30E-LeaderElection51] INFO  impl.LeaderElection (LeaderElection.java:logAndReturn(90)) - omNode-bootstrap-2@group-0AAC5367B30E-LeaderElection51: ELECTION REJECTED received 0 response(s) and 2 exception(s):
2022-09-12 01:25:28,225 [omNode-bootstrap-2@group-0AAC5367B30E-LeaderElection51] INFO  impl.LeaderElection (LogUtils.java:infoOrTrace(137)) -   Exception 0: java.util.concurrent.ExecutionException: org.apache.ratis.thirdparty.io.grpc.StatusRuntimeException: INTERNAL: omNode-bootstrap-1@group-0AAC5367B30E is not in [RUNNING]: current state is STARTING
2022-09-12 01:25:28,225 [omNode-bootstrap-2@group-0AAC5367B30E-LeaderElection51] INFO  impl.LeaderElection (LogUtils.java:infoOrTrace(137)) -   Exception 1: java.util.concurrent.ExecutionException: org.apache.ratis.thirdparty.io.grpc.StatusRuntimeException: UNAVAILABLE: io exception
2022-09-12 01:25:28,225 [omNode-bootstrap-2@group-0AAC5367B30E-LeaderElection51] INFO  impl.LeaderElection (LeaderElection.java:askForVotes(312)) - omNode-bootstrap-2@group-0AAC5367B30E-LeaderElection51 ELECTION round 0: result REJECTED
2022-09-12 01:25:28,225 [omNode-bootstrap-2@group-0AAC5367B30E-LeaderElection51] INFO  server.RaftServer$Division (RaftServerImpl.java:setRole(299)) - omNode-bootstrap-2@group-0AAC5367B30E: changes role from CANDIDATE to FOLLOWER at term 29 for REJECTED
2022-09-12 01:25:28,225 [omNode-bootstrap-2@group-0AAC5367B30E-LeaderElection51] INFO  impl.RoleInfo (RoleInfo.java:shutdownLeaderElection(130)) - omNode-bootstrap-2: shutdown omNode-bootstrap-2@group-0AAC5367B30E-LeaderElection51
2022-09-12 01:25:28,225 [omNode-bootstrap-2@group-0AAC5367B30E-LeaderElection51] INFO  impl.RoleInfo (RoleInfo.java:updateAndGet(139)) - omNode-bootstrap-2: start omNode-bootstrap-2@group-0AAC5367B30E-FollowerState
2022-09-12 01:25:28,813 [EndpointStateMachine task thread for /127.0.0.1:40693 - 0 ] INFO  ipc.Client (Client.java:handleConnectionFailure(977)) - Retrying connect to server: localhost/127.0.0.1:40693. Already tried 3 time(s); retry policy is RetryUpToMaximumCountWithFixedSleep(maxRetries=15, sleepTime=1000 MILLISECONDS)
2022-09-12 01:25:29,319 [omNode-bootstrap-2@group-0AAC5367B30E-FollowerState] INFO  impl.FollowerState (FollowerState.java:run(143)) - omNode-bootstrap-2@group-0AAC5367B30E-FollowerState: change to CANDIDATE, lastRpcElapsedTime:1093334614ns, electionTimeout:1087ms
2022-09-12 01:25:29,319 [omNode-bootstrap-2@group-0AAC5367B30E-FollowerState] INFO  impl.RoleInfo (RoleInfo.java:shutdownFollowerState(110)) - omNode-bootstrap-2: shutdown omNode-bootstrap-2@group-0AAC5367B30E-FollowerState
2022-09-12 01:25:29,319 [omNode-bootstrap-2@group-0AAC5367B30E-FollowerState] INFO  server.RaftServer$Division (RaftServerImpl.java:setRole(299)) - omNode-bootstrap-2@group-0AAC5367B30E: changes role from  FOLLOWER to CANDIDATE at term 29 for changeToCandidate
2022-09-12 01:25:29,319 [omNode-bootstrap-2@group-0AAC5367B30E-FollowerState] INFO  server.RaftServerConfigKeys (ConfUtils.java:logGet(46)) - raft.server.leaderelection.pre-vote = false (custom)
2022-09-12 01:25:29,319 [omNode-bootstrap-2@group-0AAC5367B30E-FollowerState] INFO  impl.RoleInfo (RoleInfo.java:updateAndGet(139)) - omNode-bootstrap-2: start omNode-bootstrap-2@group-0AAC5367B30E-LeaderElection52
2022-09-12 01:25:29,329 [omNode-bootstrap-2@group-0AAC5367B30E-LeaderElection52] INFO  impl.LeaderElection (LeaderElection.java:askForVotes(310)) - omNode-bootstrap-2@group-0AAC5367B30E-LeaderElection52 ELECTION round 0: submit vote requests at term 30 for 15: [omNode-bootstrap-2|rpc:localhost:38739|admin:|client:|dataStream:|priority:0, omNode-bootstrap-1|rpc:localhost:42185|admin:|client:|dataStream:|priority:0, omNode-1|rpc:localhost:45363|admin:|client:|dataStream:|priority:0], old=null
2022-09-12 01:25:29,339 [grpc-default-executor-3] INFO  server.RaftServer$Division (RaftServerImpl.java:requestVote(1152)) - omNode-bootstrap-1@group-0AAC5367B30E: receive requestVote(ELECTION, omNode-bootstrap-2, group-0AAC5367B30E, 30, (t:1, i:16))
2022-09-12 01:25:29,339 [grpc-default-executor-3] WARN  server.GrpcServerProtocolService (LogUtils.java:warn(122)) - omNode-bootstrap-1: Failed requestVote omNode-bootstrap-2->omNode-bootstrap-1#0: org.apache.ratis.protocol.exceptions.ServerNotReadyException: omNode-bootstrap-1@group-0AAC5367B30E is not in [RUNNING]: current state is STARTING
2022-09-12 01:25:29,345 [omNode-bootstrap-2@group-0AAC5367B30E-LeaderElection52] INFO  impl.LeaderElection (LogUtils.java:infoOrTrace(137)) - omNode-bootstrap-2@group-0AAC5367B30E-LeaderElection52 got exception when requesting votes: java.util.concurrent.ExecutionException: org.apache.ratis.thirdparty.io.grpc.StatusRuntimeException: INTERNAL: omNode-bootstrap-1@group-0AAC5367B30E is not in [RUNNING]: current state is STARTING
2022-09-12 01:25:29,345 [omNode-bootstrap-2@group-0AAC5367B30E-LeaderElection52] INFO  impl.LeaderElection (LogUtils.java:infoOrTrace(137)) - omNode-bootstrap-2@group-0AAC5367B30E-LeaderElection52 got exception when requesting votes: java.util.concurrent.ExecutionException: org.apache.ratis.thirdparty.io.grpc.StatusRuntimeException: UNAVAILABLE: io exception
2022-09-12 01:25:29,345 [omNode-bootstrap-2@group-0AAC5367B30E-LeaderElection52] INFO  impl.LeaderElection (LeaderElection.java:logAndReturn(90)) - omNode-bootstrap-2@group-0AAC5367B30E-LeaderElection52: ELECTION REJECTED received 0 response(s) and 2 exception(s):
2022-09-12 01:25:29,345 [omNode-bootstrap-2@group-0AAC5367B30E-LeaderElection52] INFO  impl.LeaderElection (LogUtils.java:infoOrTrace(137)) -   Exception 0: java.util.concurrent.ExecutionException: org.apache.ratis.thirdparty.io.grpc.StatusRuntimeException: INTERNAL: omNode-bootstrap-1@group-0AAC5367B30E is not in [RUNNING]: current state is STARTING
2022-09-12 01:25:29,345 [omNode-bootstrap-2@group-0AAC5367B30E-LeaderElection52] INFO  impl.LeaderElection (LogUtils.java:infoOrTrace(137)) -   Exception 1: java.util.concurrent.ExecutionException: org.apache.ratis.thirdparty.io.grpc.StatusRuntimeException: UNAVAILABLE: io exception
2022-09-12 01:25:29,345 [omNode-bootstrap-2@group-0AAC5367B30E-LeaderElection52] INFO  impl.LeaderElection (LeaderElection.java:askForVotes(312)) - omNode-bootstrap-2@group-0AAC5367B30E-LeaderElection52 ELECTION round 0: result REJECTED
2022-09-12 01:25:29,345 [omNode-bootstrap-2@group-0AAC5367B30E-LeaderElection52] INFO  server.RaftServer$Division (RaftServerImpl.java:setRole(299)) - omNode-bootstrap-2@group-0AAC5367B30E: changes role from CANDIDATE to FOLLOWER at term 30 for REJECTED
2022-09-12 01:25:29,345 [omNode-bootstrap-2@group-0AAC5367B30E-LeaderElection52] INFO  impl.RoleInfo (RoleInfo.java:shutdownLeaderElection(130)) - omNode-bootstrap-2: shutdown omNode-bootstrap-2@group-0AAC5367B30E-LeaderElection52
2022-09-12 01:25:29,345 [omNode-bootstrap-2@group-0AAC5367B30E-LeaderElection52] INFO  impl.RoleInfo (RoleInfo.java:updateAndGet(139)) - omNode-bootstrap-2: start omNode-bootstrap-2@group-0AAC5367B30E-FollowerState
2022-09-12 01:25:29,813 [EndpointStateMachine task thread for /127.0.0.1:40693 - 0 ] INFO  ipc.Client (Client.java:handleConnectionFailure(977)) - Retrying connect to server: localhost/127.0.0.1:40693. Already tried 4 time(s); retry policy is RetryUpToMaximumCountWithFixedSleep(maxRetries=15, sleepTime=1000 MILLISECONDS)
2022-09-12 01:25:30,531 [omNode-bootstrap-2@group-0AAC5367B30E-FollowerState] INFO  impl.FollowerState (FollowerState.java:run(143)) - omNode-bootstrap-2@group-0AAC5367B30E-FollowerState: change to CANDIDATE, lastRpcElapsedTime:1185809938ns, electionTimeout:1180ms
2022-09-12 01:25:30,531 [omNode-bootstrap-2@group-0AAC5367B30E-FollowerState] INFO  impl.RoleInfo (RoleInfo.java:shutdownFollowerState(110)) - omNode-bootstrap-2: shutdown omNode-bootstrap-2@group-0AAC5367B30E-FollowerState
2022-09-12 01:25:30,531 [omNode-bootstrap-2@group-0AAC5367B30E-FollowerState] INFO  server.RaftServer$Division (RaftServerImpl.java:setRole(299)) - omNode-bootstrap-2@group-0AAC5367B30E: changes role from  FOLLOWER to CANDIDATE at term 30 for changeToCandidate
2022-09-12 01:25:30,532 [omNode-bootstrap-2@group-0AAC5367B30E-FollowerState] INFO  server.RaftServerConfigKeys (ConfUtils.java:logGet(46)) - raft.server.leaderelection.pre-vote = false (custom)
2022-09-12 01:25:30,532 [omNode-bootstrap-2@group-0AAC5367B30E-FollowerState] INFO  impl.RoleInfo (RoleInfo.java:updateAndGet(139)) - omNode-bootstrap-2: start omNode-bootstrap-2@group-0AAC5367B30E-LeaderElection53
2022-09-12 01:25:30,537 [omNode-bootstrap-2@group-0AAC5367B30E-LeaderElection53] INFO  impl.LeaderElection (LeaderElection.java:askForVotes(310)) - omNode-bootstrap-2@group-0AAC5367B30E-LeaderElection53 ELECTION round 0: submit vote requests at term 31 for 15: [omNode-bootstrap-2|rpc:localhost:38739|admin:|client:|dataStream:|priority:0, omNode-bootstrap-1|rpc:localhost:42185|admin:|client:|dataStream:|priority:0, omNode-1|rpc:localhost:45363|admin:|client:|dataStream:|priority:0], old=null
2022-09-12 01:25:30,550 [grpc-default-executor-3] INFO  server.RaftServer$Division (RaftServerImpl.java:requestVote(1152)) - omNode-bootstrap-1@group-0AAC5367B30E: receive requestVote(ELECTION, omNode-bootstrap-2, group-0AAC5367B30E, 31, (t:1, i:16))
2022-09-12 01:25:30,550 [grpc-default-executor-3] WARN  server.GrpcServerProtocolService (LogUtils.java:warn(122)) - omNode-bootstrap-1: Failed requestVote omNode-bootstrap-2->omNode-bootstrap-1#0: org.apache.ratis.protocol.exceptions.ServerNotReadyException: omNode-bootstrap-1@group-0AAC5367B30E is not in [RUNNING]: current state is STARTING
2022-09-12 01:25:30,550 [omNode-bootstrap-2@group-0AAC5367B30E-LeaderElection53] INFO  impl.LeaderElection (LogUtils.java:infoOrTrace(137)) - omNode-bootstrap-2@group-0AAC5367B30E-LeaderElection53 got exception when requesting votes: java.util.concurrent.ExecutionException: org.apache.ratis.thirdparty.io.grpc.StatusRuntimeException: UNAVAILABLE: io exception
2022-09-12 01:25:30,551 [omNode-bootstrap-2@group-0AAC5367B30E-LeaderElection53] INFO  impl.LeaderElection (LogUtils.java:infoOrTrace(137)) - omNode-bootstrap-2@group-0AAC5367B30E-LeaderElection53 got exception when requesting votes: java.util.concurrent.ExecutionException: org.apache.ratis.thirdparty.io.grpc.StatusRuntimeException: INTERNAL: omNode-bootstrap-1@group-0AAC5367B30E is not in [RUNNING]: current state is STARTING
2022-09-12 01:25:30,551 [omNode-bootstrap-2@group-0AAC5367B30E-LeaderElection53] INFO  impl.LeaderElection (LeaderElection.java:logAndReturn(90)) - omNode-bootstrap-2@group-0AAC5367B30E-LeaderElection53: ELECTION REJECTED received 0 response(s) and 2 exception(s):
2022-09-12 01:25:30,551 [omNode-bootstrap-2@group-0AAC5367B30E-LeaderElection53] INFO  impl.LeaderElection (LogUtils.java:infoOrTrace(137)) -   Exception 0: java.util.concurrent.ExecutionException: org.apache.ratis.thirdparty.io.grpc.StatusRuntimeException: UNAVAILABLE: io exception
2022-09-12 01:25:30,551 [omNode-bootstrap-2@group-0AAC5367B30E-LeaderElection53] INFO  impl.LeaderElection (LogUtils.java:infoOrTrace(137)) -   Exception 1: java.util.concurrent.ExecutionException: org.apache.ratis.thirdparty.io.grpc.StatusRuntimeException: INTERNAL: omNode-bootstrap-1@group-0AAC5367B30E is not in [RUNNING]: current state is STARTING
2022-09-12 01:25:30,551 [omNode-bootstrap-2@group-0AAC5367B30E-LeaderElection53] INFO  impl.LeaderElection (LeaderElection.java:askForVotes(312)) - omNode-bootstrap-2@group-0AAC5367B30E-LeaderElection53 ELECTION round 0: result REJECTED
2022-09-12 01:25:30,551 [omNode-bootstrap-2@group-0AAC5367B30E-LeaderElection53] INFO  server.RaftServer$Division (RaftServerImpl.java:setRole(299)) - omNode-bootstrap-2@group-0AAC5367B30E: changes role from CANDIDATE to FOLLOWER at term 31 for REJECTED
2022-09-12 01:25:30,551 [omNode-bootstrap-2@group-0AAC5367B30E-LeaderElection53] INFO  impl.RoleInfo (RoleInfo.java:shutdownLeaderElection(130)) - omNode-bootstrap-2: shutdown omNode-bootstrap-2@group-0AAC5367B30E-LeaderElection53
2022-09-12 01:25:30,551 [omNode-bootstrap-2@group-0AAC5367B30E-LeaderElection53] INFO  impl.RoleInfo (RoleInfo.java:updateAndGet(139)) - omNode-bootstrap-2: start omNode-bootstrap-2@group-0AAC5367B30E-FollowerState
2022-09-12 01:25:30,815 [EndpointStateMachine task thread for /127.0.0.1:40693 - 0 ] INFO  ipc.Client (Client.java:handleConnectionFailure(977)) - Retrying connect to server: localhost/127.0.0.1:40693. Already tried 5 time(s); retry policy is RetryUpToMaximumCountWithFixedSleep(maxRetries=15, sleepTime=1000 MILLISECONDS)
2022-09-12 01:25:31,659 [omNode-bootstrap-2@group-0AAC5367B30E-FollowerState] INFO  impl.FollowerState (FollowerState.java:run(143)) - omNode-bootstrap-2@group-0AAC5367B30E-FollowerState: change to CANDIDATE, lastRpcElapsedTime:1107081014ns, electionTimeout:1100ms
2022-09-12 01:25:31,659 [omNode-bootstrap-2@group-0AAC5367B30E-FollowerState] INFO  impl.RoleInfo (RoleInfo.java:shutdownFollowerState(110)) - omNode-bootstrap-2: shutdown omNode-bootstrap-2@group-0AAC5367B30E-FollowerState
2022-09-12 01:25:31,659 [omNode-bootstrap-2@group-0AAC5367B30E-FollowerState] INFO  server.RaftServer$Division (RaftServerImpl.java:setRole(299)) - omNode-bootstrap-2@group-0AAC5367B30E: changes role from  FOLLOWER to CANDIDATE at term 31 for changeToCandidate
2022-09-12 01:25:31,659 [omNode-bootstrap-2@group-0AAC5367B30E-FollowerState] INFO  server.RaftServerConfigKeys (ConfUtils.java:logGet(46)) - raft.server.leaderelection.pre-vote = false (custom)
2022-09-12 01:25:31,659 [omNode-bootstrap-2@group-0AAC5367B30E-FollowerState] INFO  impl.RoleInfo (RoleInfo.java:updateAndGet(139)) - omNode-bootstrap-2: start omNode-bootstrap-2@group-0AAC5367B30E-LeaderElection54
2022-09-12 01:25:31,666 [omNode-bootstrap-2@group-0AAC5367B30E-LeaderElection54] INFO  impl.LeaderElection (LeaderElection.java:askForVotes(310)) - omNode-bootstrap-2@group-0AAC5367B30E-LeaderElection54 ELECTION round 0: submit vote requests at term 32 for 15: [omNode-bootstrap-2|rpc:localhost:38739|admin:|client:|dataStream:|priority:0, omNode-bootstrap-1|rpc:localhost:42185|admin:|client:|dataStream:|priority:0, omNode-1|rpc:localhost:45363|admin:|client:|dataStream:|priority:0], old=null
2022-09-12 01:25:31,671 [grpc-default-executor-3] INFO  server.RaftServer$Division (RaftServerImpl.java:requestVote(1152)) - omNode-bootstrap-1@group-0AAC5367B30E: receive requestVote(ELECTION, omNode-bootstrap-2, group-0AAC5367B30E, 32, (t:1, i:16))
2022-09-12 01:25:31,671 [grpc-default-executor-3] WARN  server.GrpcServerProtocolService (LogUtils.java:warn(122)) - omNode-bootstrap-1: Failed requestVote omNode-bootstrap-2->omNode-bootstrap-1#0: org.apache.ratis.protocol.exceptions.ServerNotReadyException: omNode-bootstrap-1@group-0AAC5367B30E is not in [RUNNING]: current state is STARTING
2022-09-12 01:25:31,693 [omNode-bootstrap-2@group-0AAC5367B30E-LeaderElection54] INFO  impl.LeaderElection (LogUtils.java:infoOrTrace(137)) - omNode-bootstrap-2@group-0AAC5367B30E-LeaderElection54 got exception when requesting votes: java.util.concurrent.ExecutionException: org.apache.ratis.thirdparty.io.grpc.StatusRuntimeException: INTERNAL: omNode-bootstrap-1@group-0AAC5367B30E is not in [RUNNING]: current state is STARTING
2022-09-12 01:25:31,696 [omNode-bootstrap-2@group-0AAC5367B30E-LeaderElection54] INFO  impl.LeaderElection (LogUtils.java:infoOrTrace(137)) - omNode-bootstrap-2@group-0AAC5367B30E-LeaderElection54 got exception when requesting votes: java.util.concurrent.ExecutionException: org.apache.ratis.thirdparty.io.grpc.StatusRuntimeException: UNAVAILABLE: io exception
2022-09-12 01:25:31,696 [omNode-bootstrap-2@group-0AAC5367B30E-LeaderElection54] INFO  impl.LeaderElection (LeaderElection.java:logAndReturn(90)) - omNode-bootstrap-2@group-0AAC5367B30E-LeaderElection54: ELECTION REJECTED received 0 response(s) and 2 exception(s):
2022-09-12 01:25:31,696 [omNode-bootstrap-2@group-0AAC5367B30E-LeaderElection54] INFO  impl.LeaderElection (LogUtils.java:infoOrTrace(137)) -   Exception 0: java.util.concurrent.ExecutionException: org.apache.ratis.thirdparty.io.grpc.StatusRuntimeException: INTERNAL: omNode-bootstrap-1@group-0AAC5367B30E is not in [RUNNING]: current state is STARTING
2022-09-12 01:25:31,696 [omNode-bootstrap-2@group-0AAC5367B30E-LeaderElection54] INFO  impl.LeaderElection (LogUtils.java:infoOrTrace(137)) -   Exception 1: java.util.concurrent.ExecutionException: org.apache.ratis.thirdparty.io.grpc.StatusRuntimeException: UNAVAILABLE: io exception
2022-09-12 01:25:31,696 [omNode-bootstrap-2@group-0AAC5367B30E-LeaderElection54] INFO  impl.LeaderElection (LeaderElection.java:askForVotes(312)) - omNode-bootstrap-2@group-0AAC5367B30E-LeaderElection54 ELECTION round 0: result REJECTED
2022-09-12 01:25:31,696 [omNode-bootstrap-2@group-0AAC5367B30E-LeaderElection54] INFO  server.RaftServer$Division (RaftServerImpl.java:setRole(299)) - omNode-bootstrap-2@group-0AAC5367B30E: changes role from CANDIDATE to FOLLOWER at term 32 for REJECTED
2022-09-12 01:25:31,696 [omNode-bootstrap-2@group-0AAC5367B30E-LeaderElection54] INFO  impl.RoleInfo (RoleInfo.java:shutdownLeaderElection(130)) - omNode-bootstrap-2: shutdown omNode-bootstrap-2@group-0AAC5367B30E-LeaderElection54
2022-09-12 01:25:31,696 [omNode-bootstrap-2@group-0AAC5367B30E-LeaderElection54] INFO  impl.RoleInfo (RoleInfo.java:updateAndGet(139)) - omNode-bootstrap-2: start omNode-bootstrap-2@group-0AAC5367B30E-FollowerState
2022-09-12 01:25:31,815 [EndpointStateMachine task thread for /127.0.0.1:40693 - 0 ] INFO  ipc.Client (Client.java:handleConnectionFailure(977)) - Retrying connect to server: localhost/127.0.0.1:40693. Already tried 6 time(s); retry policy is RetryUpToMaximumCountWithFixedSleep(maxRetries=15, sleepTime=1000 MILLISECONDS)
2022-09-12 01:25:32,796 [omNode-bootstrap-2@group-0AAC5367B30E-FollowerState] INFO  impl.FollowerState (FollowerState.java:run(143)) - omNode-bootstrap-2@group-0AAC5367B30E-FollowerState: change to CANDIDATE, lastRpcElapsedTime:1099597222ns, electionTimeout:1098ms
2022-09-12 01:25:32,796 [omNode-bootstrap-2@group-0AAC5367B30E-FollowerState] INFO  impl.RoleInfo (RoleInfo.java:shutdownFollowerState(110)) - omNode-bootstrap-2: shutdown omNode-bootstrap-2@group-0AAC5367B30E-FollowerState
2022-09-12 01:25:32,796 [omNode-bootstrap-2@group-0AAC5367B30E-FollowerState] INFO  server.RaftServer$Division (RaftServerImpl.java:setRole(299)) - omNode-bootstrap-2@group-0AAC5367B30E: changes role from  FOLLOWER to CANDIDATE at term 32 for changeToCandidate
2022-09-12 01:25:32,796 [omNode-bootstrap-2@group-0AAC5367B30E-FollowerState] INFO  server.RaftServerConfigKeys (ConfUtils.java:logGet(46)) - raft.server.leaderelection.pre-vote = false (custom)
2022-09-12 01:25:32,796 [omNode-bootstrap-2@group-0AAC5367B30E-FollowerState] INFO  impl.RoleInfo (RoleInfo.java:updateAndGet(139)) - omNode-bootstrap-2: start omNode-bootstrap-2@group-0AAC5367B30E-LeaderElection55
2022-09-12 01:25:32,809 [omNode-bootstrap-2@group-0AAC5367B30E-LeaderElection55] INFO  impl.LeaderElection (LeaderElection.java:askForVotes(310)) - omNode-bootstrap-2@group-0AAC5367B30E-LeaderElection55 ELECTION round 0: submit vote requests at term 33 for 15: [omNode-bootstrap-2|rpc:localhost:38739|admin:|client:|dataStream:|priority:0, omNode-bootstrap-1|rpc:localhost:42185|admin:|client:|dataStream:|priority:0, omNode-1|rpc:localhost:45363|admin:|client:|dataStream:|priority:0], old=null
2022-09-12 01:25:32,814 [grpc-default-executor-3] INFO  server.RaftServer$Division (RaftServerImpl.java:requestVote(1152)) - omNode-bootstrap-1@group-0AAC5367B30E: receive requestVote(ELECTION, omNode-bootstrap-2, group-0AAC5367B30E, 33, (t:1, i:16))
2022-09-12 01:25:32,814 [grpc-default-executor-3] WARN  server.GrpcServerProtocolService (LogUtils.java:warn(122)) - omNode-bootstrap-1: Failed requestVote omNode-bootstrap-2->omNode-bootstrap-1#0: org.apache.ratis.protocol.exceptions.ServerNotReadyException: omNode-bootstrap-1@group-0AAC5367B30E is not in [RUNNING]: current state is STARTING
2022-09-12 01:25:32,816 [EndpointStateMachine task thread for /127.0.0.1:40693 - 0 ] INFO  ipc.Client (Client.java:handleConnectionFailure(977)) - Retrying connect to server: localhost/127.0.0.1:40693. Already tried 7 time(s); retry policy is RetryUpToMaximumCountWithFixedSleep(maxRetries=15, sleepTime=1000 MILLISECONDS)
2022-09-12 01:25:32,825 [omNode-bootstrap-2@group-0AAC5367B30E-LeaderElection55] INFO  impl.LeaderElection (LogUtils.java:infoOrTrace(137)) - omNode-bootstrap-2@group-0AAC5367B30E-LeaderElection55 got exception when requesting votes: java.util.concurrent.ExecutionException: org.apache.ratis.thirdparty.io.grpc.StatusRuntimeException: INTERNAL: omNode-bootstrap-1@group-0AAC5367B30E is not in [RUNNING]: current state is STARTING
2022-09-12 01:25:32,825 [omNode-bootstrap-2@group-0AAC5367B30E-LeaderElection55] INFO  impl.LeaderElection (LogUtils.java:infoOrTrace(137)) - omNode-bootstrap-2@group-0AAC5367B30E-LeaderElection55 got exception when requesting votes: java.util.concurrent.ExecutionException: org.apache.ratis.thirdparty.io.grpc.StatusRuntimeException: UNAVAILABLE: io exception
2022-09-12 01:25:32,825 [omNode-bootstrap-2@group-0AAC5367B30E-LeaderElection55] INFO  impl.LeaderElection (LeaderElection.java:logAndReturn(90)) - omNode-bootstrap-2@group-0AAC5367B30E-LeaderElection55: ELECTION REJECTED received 0 response(s) and 2 exception(s):
2022-09-12 01:25:32,825 [omNode-bootstrap-2@group-0AAC5367B30E-LeaderElection55] INFO  impl.LeaderElection (LogUtils.java:infoOrTrace(137)) -   Exception 0: java.util.concurrent.ExecutionException: org.apache.ratis.thirdparty.io.grpc.StatusRuntimeException: INTERNAL: omNode-bootstrap-1@group-0AAC5367B30E is not in [RUNNING]: current state is STARTING
2022-09-12 01:25:32,825 [omNode-bootstrap-2@group-0AAC5367B30E-LeaderElection55] INFO  impl.LeaderElection (LogUtils.java:infoOrTrace(137)) -   Exception 1: java.util.concurrent.ExecutionException: org.apache.ratis.thirdparty.io.grpc.StatusRuntimeException: UNAVAILABLE: io exception
2022-09-12 01:25:32,826 [omNode-bootstrap-2@group-0AAC5367B30E-LeaderElection55] INFO  impl.LeaderElection (LeaderElection.java:askForVotes(312)) - omNode-bootstrap-2@group-0AAC5367B30E-LeaderElection55 ELECTION round 0: result REJECTED
2022-09-12 01:25:32,826 [omNode-bootstrap-2@group-0AAC5367B30E-LeaderElection55] INFO  server.RaftServer$Division (RaftServerImpl.java:setRole(299)) - omNode-bootstrap-2@group-0AAC5367B30E: changes role from CANDIDATE to FOLLOWER at term 33 for REJECTED
2022-09-12 01:25:32,826 [omNode-bootstrap-2@group-0AAC5367B30E-LeaderElection55] INFO  impl.RoleInfo (RoleInfo.java:shutdownLeaderElection(130)) - omNode-bootstrap-2: shutdown omNode-bootstrap-2@group-0AAC5367B30E-LeaderElection55
2022-09-12 01:25:32,826 [omNode-bootstrap-2@group-0AAC5367B30E-LeaderElection55] INFO  impl.RoleInfo (RoleInfo.java:updateAndGet(139)) - omNode-bootstrap-2: start omNode-bootstrap-2@group-0AAC5367B30E-FollowerState
2022-09-12 01:25:33,816 [EndpointStateMachine task thread for /127.0.0.1:40693 - 0 ] INFO  ipc.Client (Client.java:handleConnectionFailure(977)) - Retrying connect to server: localhost/127.0.0.1:40693. Already tried 8 time(s); retry policy is RetryUpToMaximumCountWithFixedSleep(maxRetries=15, sleepTime=1000 MILLISECONDS)
2022-09-12 01:25:33,834 [omNode-bootstrap-2@group-0AAC5367B30E-FollowerState] INFO  impl.FollowerState (FollowerState.java:run(143)) - omNode-bootstrap-2@group-0AAC5367B30E-FollowerState: change to CANDIDATE, lastRpcElapsedTime:1008747538ns, electionTimeout:1002ms
2022-09-12 01:25:33,834 [omNode-bootstrap-2@group-0AAC5367B30E-FollowerState] INFO  impl.RoleInfo (RoleInfo.java:shutdownFollowerState(110)) - omNode-bootstrap-2: shutdown omNode-bootstrap-2@group-0AAC5367B30E-FollowerState
2022-09-12 01:25:33,835 [omNode-bootstrap-2@group-0AAC5367B30E-FollowerState] INFO  server.RaftServer$Division (RaftServerImpl.java:setRole(299)) - omNode-bootstrap-2@group-0AAC5367B30E: changes role from  FOLLOWER to CANDIDATE at term 33 for changeToCandidate
2022-09-12 01:25:33,835 [omNode-bootstrap-2@group-0AAC5367B30E-FollowerState] INFO  server.RaftServerConfigKeys (ConfUtils.java:logGet(46)) - raft.server.leaderelection.pre-vote = false (custom)
2022-09-12 01:25:33,835 [omNode-bootstrap-2@group-0AAC5367B30E-FollowerState] INFO  impl.RoleInfo (RoleInfo.java:updateAndGet(139)) - omNode-bootstrap-2: start omNode-bootstrap-2@group-0AAC5367B30E-LeaderElection56
2022-09-12 01:25:33,848 [omNode-bootstrap-2@group-0AAC5367B30E-LeaderElection56] INFO  impl.LeaderElection (LeaderElection.java:askForVotes(310)) - omNode-bootstrap-2@group-0AAC5367B30E-LeaderElection56 ELECTION round 0: submit vote requests at term 34 for 15: [omNode-bootstrap-2|rpc:localhost:38739|admin:|client:|dataStream:|priority:0, omNode-bootstrap-1|rpc:localhost:42185|admin:|client:|dataStream:|priority:0, omNode-1|rpc:localhost:45363|admin:|client:|dataStream:|priority:0], old=null
2022-09-12 01:25:33,855 [grpc-default-executor-3] INFO  server.RaftServer$Division (RaftServerImpl.java:requestVote(1152)) - omNode-bootstrap-1@group-0AAC5367B30E: receive requestVote(ELECTION, omNode-bootstrap-2, group-0AAC5367B30E, 34, (t:1, i:16))
2022-09-12 01:25:33,855 [grpc-default-executor-3] WARN  server.GrpcServerProtocolService (LogUtils.java:warn(122)) - omNode-bootstrap-1: Failed requestVote omNode-bootstrap-2->omNode-bootstrap-1#0: org.apache.ratis.protocol.exceptions.ServerNotReadyException: omNode-bootstrap-1@group-0AAC5367B30E is not in [RUNNING]: current state is STARTING
2022-09-12 01:25:33,864 [omNode-bootstrap-2@group-0AAC5367B30E-LeaderElection56] INFO  impl.LeaderElection (LogUtils.java:infoOrTrace(137)) - omNode-bootstrap-2@group-0AAC5367B30E-LeaderElection56 got exception when requesting votes: java.util.concurrent.ExecutionException: org.apache.ratis.thirdparty.io.grpc.StatusRuntimeException: INTERNAL: omNode-bootstrap-1@group-0AAC5367B30E is not in [RUNNING]: current state is STARTING
2022-09-12 01:25:33,864 [omNode-bootstrap-2@group-0AAC5367B30E-LeaderElection56] INFO  impl.LeaderElection (LogUtils.java:infoOrTrace(137)) - omNode-bootstrap-2@group-0AAC5367B30E-LeaderElection56 got exception when requesting votes: java.util.concurrent.ExecutionException: org.apache.ratis.thirdparty.io.grpc.StatusRuntimeException: UNAVAILABLE: io exception
2022-09-12 01:25:33,865 [omNode-bootstrap-2@group-0AAC5367B30E-LeaderElection56] INFO  impl.LeaderElection (LeaderElection.java:logAndReturn(90)) - omNode-bootstrap-2@group-0AAC5367B30E-LeaderElection56: ELECTION REJECTED received 0 response(s) and 2 exception(s):
2022-09-12 01:25:33,865 [omNode-bootstrap-2@group-0AAC5367B30E-LeaderElection56] INFO  impl.LeaderElection (LogUtils.java:infoOrTrace(137)) -   Exception 0: java.util.concurrent.ExecutionException: org.apache.ratis.thirdparty.io.grpc.StatusRuntimeException: INTERNAL: omNode-bootstrap-1@group-0AAC5367B30E is not in [RUNNING]: current state is STARTING
2022-09-12 01:25:33,865 [omNode-bootstrap-2@group-0AAC5367B30E-LeaderElection56] INFO  impl.LeaderElection (LogUtils.java:infoOrTrace(137)) -   Exception 1: java.util.concurrent.ExecutionException: org.apache.ratis.thirdparty.io.grpc.StatusRuntimeException: UNAVAILABLE: io exception
2022-09-12 01:25:33,865 [omNode-bootstrap-2@group-0AAC5367B30E-LeaderElection56] INFO  impl.LeaderElection (LeaderElection.java:askForVotes(312)) - omNode-bootstrap-2@group-0AAC5367B30E-LeaderElection56 ELECTION round 0: result REJECTED
2022-09-12 01:25:33,865 [omNode-bootstrap-2@group-0AAC5367B30E-LeaderElection56] INFO  server.RaftServer$Division (RaftServerImpl.java:setRole(299)) - omNode-bootstrap-2@group-0AAC5367B30E: changes role from CANDIDATE to FOLLOWER at term 34 for REJECTED
2022-09-12 01:25:33,865 [omNode-bootstrap-2@group-0AAC5367B30E-LeaderElection56] INFO  impl.RoleInfo (RoleInfo.java:shutdownLeaderElection(130)) - omNode-bootstrap-2: shutdown omNode-bootstrap-2@group-0AAC5367B30E-LeaderElection56
2022-09-12 01:25:33,865 [omNode-bootstrap-2@group-0AAC5367B30E-LeaderElection56] INFO  impl.RoleInfo (RoleInfo.java:updateAndGet(139)) - omNode-bootstrap-2: start omNode-bootstrap-2@group-0AAC5367B30E-FollowerState
2022-09-12 01:25:34,228 [Listener at 127.0.0.1/41695] INFO  ozone.MiniOzoneClusterImpl (MiniOzoneClusterImpl.java:shutdown(448)) - Shutting down the Mini Ozone Cluster
2022-09-12 01:25:34,230 [Listener at 127.0.0.1/41695] INFO  ozone.MiniOzoneHAClusterImpl (MiniOzoneHAClusterImpl.java:stop(312)) - Stopping the OzoneManager omNode-1
2022-09-12 01:25:34,230 [Listener at 127.0.0.1/41695] INFO  om.OzoneManager (OzoneManager.java:stop(2032)) - omNode-1[localhost:35417]: Stopping Ozone Manager
2022-09-12 01:25:34,230 [Listener at 127.0.0.1/41695] INFO  ozone.MiniOzoneHAClusterImpl (MiniOzoneHAClusterImpl.java:stop(312)) - Stopping the OzoneManager omNode-bootstrap-1
2022-09-12 01:25:34,230 [Listener at 127.0.0.1/41695] INFO  om.OzoneManager (OzoneManager.java:stop(2032)) - omNode-bootstrap-1[localhost:38511]: Stopping Ozone Manager
2022-09-12 01:25:34,230 [Listener at 127.0.0.1/41695] INFO  ipc.Server (Server.java:stop(3414)) - Stopping server on 38511
2022-09-12 01:25:34,232 [IPC Server listener on 38511] INFO  ipc.Server (Server.java:run(1376)) - Stopping IPC Server listener on 38511
2022-09-12 01:25:34,232 [IPC Server Responder] INFO  ipc.Server (Server.java:run(1512)) - Stopping IPC Server Responder
2022-09-12 01:25:34,233 [Listener at 127.0.0.1/41695] INFO  server.RaftServer (RaftServerProxy.java:lambda$close$7(398)) - omNode-bootstrap-1: close
2022-09-12 01:25:34,233 [Listener at 127.0.0.1/41695] INFO  server.RaftServer$Division (RaftServerImpl.java:lambda$close$4(434)) - omNode-bootstrap-1@group-0AAC5367B30E: shutdown
2022-09-12 01:25:34,234 [Listener at 127.0.0.1/41695] INFO  util.JmxRegister (JmxRegister.java:unregister(73)) - Successfully un-registered JMX Bean with object name Ratis:service=RaftServer,group=group-0AAC5367B30E,id=omNode-bootstrap-1
2022-09-12 01:25:34,234 [Listener at 127.0.0.1/41695] INFO  impl.StateMachineUpdater (StateMachineUpdater.java:stopAndJoin(153)) - omNode-bootstrap-1@group-0AAC5367B30E-StateMachineUpdater: set stopIndex = 15
2022-09-12 01:25:34,234 [omNode-bootstrap-1@group-0AAC5367B30E-StateMachineUpdater] INFO  ratis.OzoneManagerStateMachine (OzoneManagerStateMachine.java:takeSnapshot(441)) - Current Snapshot Index (t:1, i:15)
2022-09-12 01:25:34,235 [omNode-bootstrap-1@group-0AAC5367B30E-StateMachineUpdater] INFO  impl.StateMachineUpdater (StateMachineUpdater.java:takeSnapshot(287)) - omNode-bootstrap-1@group-0AAC5367B30E-StateMachineUpdater: Took a snapshot at index 15
2022-09-12 01:25:34,235 [omNode-bootstrap-1@group-0AAC5367B30E-StateMachineUpdater] INFO  impl.StateMachineUpdater (StateMachineUpdater.java:lambda$new$0(92)) - omNode-bootstrap-1@group-0AAC5367B30E-StateMachineUpdater: snapshotIndex: updateIncreasingly -1 -> 15
2022-09-12 01:25:34,235 [omNode-bootstrap-1@group-0AAC5367B30E-StateMachineUpdater] INFO  ratis.OzoneManagerStateMachine (OzoneManagerStateMachine.java:close(495)) - StateMachine has shutdown. Shutdown OzoneManager if not already shutdown.
2022-09-12 01:25:34,235 [omNode-bootstrap-1@group-0AAC5367B30E-StateMachineUpdater] INFO  ratis.OzoneManagerDoubleBuffer (OzoneManagerDoubleBuffer.java:stop(466)) - Stopping OMDoubleBuffer flush thread
2022-09-12 01:25:34,235 [OMDoubleBufferFlushThread] INFO  ratis.OzoneManagerDoubleBuffer (OzoneManagerDoubleBuffer.java:flushTransactions(385)) - OMDoubleBuffer flush thread OMDoubleBufferFlushThread is interrupted and will exit.
2022-09-12 01:25:34,236 [Listener at 127.0.0.1/41695] INFO  server.RaftServer$Division (ServerState.java:close(429)) - omNode-bootstrap-1@group-0AAC5367B30E: closes. applyIndex: 15
2022-09-12 01:25:34,236 [omNode-bootstrap-1@group-0AAC5367B30E-SegmentedRaftLogWorker] INFO  segmented.SegmentedRaftLogWorker (SegmentedRaftLogWorker.java:run(336)) - omNode-bootstrap-1@group-0AAC5367B30E-SegmentedRaftLogWorker was interrupted, exiting. There are 0 tasks remaining in the queue.
2022-09-12 01:25:34,257 [Listener at 127.0.0.1/41695] INFO  segmented.SegmentedRaftLogWorker (SegmentedRaftLogWorker.java:close(246)) - omNode-bootstrap-1@group-0AAC5367B30E-SegmentedRaftLogWorker close()
2022-09-12 01:25:34,260 [Listener at 127.0.0.1/41695] INFO  server.GrpcService (GrpcService.java:closeImpl(269)) - omNode-bootstrap-1: shutdown server with port 42185 now
2022-09-12 01:25:34,267 [Listener at 127.0.0.1/41695] INFO  server.GrpcService (GrpcService.java:closeImpl(278)) - omNode-bootstrap-1: shutdown server with port 42185 successfully
2022-09-12 01:25:34,267 [org.apache.ratis.util.JvmPauseMonitor$$Lambda$605/1445225850@668f26a1] INFO  util.JvmPauseMonitor (JvmPauseMonitor.java:run(109)) - JvmPauseMonitor-omNode-bootstrap-1: Stopped
2022-09-12 01:25:34,276 [Listener at 127.0.0.1/41695] INFO  ratis.OzoneManagerStateMachine (OzoneManagerStateMachine.java:close(495)) - StateMachine has shutdown. Shutdown OzoneManager if not already shutdown.
2022-09-12 01:25:34,276 [Listener at 127.0.0.1/41695] INFO  ratis.OzoneManagerDoubleBuffer (OzoneManagerDoubleBuffer.java:stop(478)) - OMDoubleBuffer flush thread is not running.
2022-09-12 01:25:34,276 [Listener at 127.0.0.1/41695] INFO  utils.BackgroundService (BackgroundService.java:shutdown(141)) - Shutting down service KeyDeletingService
2022-09-12 01:25:34,277 [Listener at 127.0.0.1/41695] INFO  utils.BackgroundService (BackgroundService.java:shutdown(141)) - Shutting down service DirectoryDeletingService
2022-09-12 01:25:34,277 [Listener at 127.0.0.1/41695] INFO  utils.BackgroundService (BackgroundService.java:shutdown(141)) - Shutting down service OpenKeyCleanupService
2022-09-12 01:25:34,277 [Listener at 127.0.0.1/41695] INFO  handler.ContextHandler (ContextHandler.java:doStop(1153)) - Stopped o.e.j.w.WebAppContext@5b5f4a37{ozoneManager,/,null,STOPPED}{file:/home/runner/work/ozone/ozone/hadoop-ozone/integration-test/target/test-classes/webapps/ozoneManager}
2022-09-12 01:25:34,278 [Listener at 127.0.0.1/41695] INFO  server.AbstractConnector (AbstractConnector.java:doStop(381)) - Stopped ServerConnector@69208ca6{HTTP/1.1, (http/1.1)}{0.0.0.0:39617}
2022-09-12 01:25:34,278 [Listener at 127.0.0.1/41695] INFO  server.session (HouseKeeper.java:stopScavenging(149)) - node0 Stopped scavenging
2022-09-12 01:25:34,278 [Listener at 127.0.0.1/41695] INFO  handler.ContextHandler (ContextHandler.java:doStop(1153)) - Stopped o.e.j.s.ServletContextHandler@733c2020{static,/static,file:///home/runner/work/ozone/ozone/hadoop-ozone/integration-test/target/test-classes/webapps/static,STOPPED}
2022-09-12 01:25:34,279 [Listener at 127.0.0.1/41695] INFO  handler.ContextHandler (ContextHandler.java:doStop(1153)) - Stopped o.e.j.s.ServletContextHandler@28a63d05{logs,/logs,file:///home/runner/work/ozone/ozone/hadoop-ozone/integration-test/target/log,STOPPED}
2022-09-12 01:25:34,280 [Listener at 127.0.0.1/41695] INFO  ozone.MiniOzoneHAClusterImpl (MiniOzoneHAClusterImpl.java:stop(312)) - Stopping the OzoneManager omNode-bootstrap-2
2022-09-12 01:25:34,280 [Listener at 127.0.0.1/41695] INFO  om.OzoneManager (OzoneManager.java:stop(2032)) - omNode-bootstrap-2[localhost:41695]: Stopping Ozone Manager
2022-09-12 01:25:34,288 [Listener at 127.0.0.1/41695] INFO  ipc.Server (Server.java:stop(3414)) - Stopping server on 41695
2022-09-12 01:25:34,288 [IPC Server listener on 41695] INFO  ipc.Server (Server.java:run(1376)) - Stopping IPC Server listener on 41695
2022-09-12 01:25:34,289 [IPC Server Responder] INFO  ipc.Server (Server.java:run(1512)) - Stopping IPC Server Responder
2022-09-12 01:25:34,296 [Listener at 127.0.0.1/41695] INFO  server.RaftServer (RaftServerProxy.java:lambda$close$7(398)) - omNode-bootstrap-2: close
2022-09-12 01:25:34,296 [Listener at 127.0.0.1/41695] INFO  server.RaftServer$Division (RaftServerImpl.java:lambda$close$4(434)) - omNode-bootstrap-2@group-0AAC5367B30E: shutdown
2022-09-12 01:25:34,297 [Listener at 127.0.0.1/41695] INFO  util.JmxRegister (JmxRegister.java:unregister(73)) - Successfully un-registered JMX Bean with object name Ratis:service=RaftServer,group=group-0AAC5367B30E,id=omNode-bootstrap-2
2022-09-12 01:25:34,297 [Listener at 127.0.0.1/41695] INFO  impl.RoleInfo (RoleInfo.java:shutdownFollowerState(110)) - omNode-bootstrap-2: shutdown omNode-bootstrap-2@group-0AAC5367B30E-FollowerState
2022-09-12 01:25:34,297 [omNode-bootstrap-2@group-0AAC5367B30E-FollowerState] INFO  impl.FollowerState (FollowerState.java:run(152)) - omNode-bootstrap-2@group-0AAC5367B30E-FollowerState was interrupted
2022-09-12 01:25:34,297 [omNode-bootstrap-2@group-0AAC5367B30E-StateMachineUpdater] INFO  ratis.OzoneManagerStateMachine (OzoneManagerStateMachine.java:takeSnapshot(441)) - Current Snapshot Index (t:1, i:16)
2022-09-12 01:25:34,298 [omNode-bootstrap-2@group-0AAC5367B30E-StateMachineUpdater] INFO  impl.StateMachineUpdater (StateMachineUpdater.java:takeSnapshot(287)) - omNode-bootstrap-2@group-0AAC5367B30E-StateMachineUpdater: Took a snapshot at index 16
2022-09-12 01:25:34,298 [omNode-bootstrap-2@group-0AAC5367B30E-StateMachineUpdater] INFO  impl.StateMachineUpdater (StateMachineUpdater.java:lambda$new$0(92)) - omNode-bootstrap-2@group-0AAC5367B30E-StateMachineUpdater: snapshotIndex: updateIncreasingly -1 -> 16
2022-09-12 01:25:34,298 [omNode-bootstrap-2@group-0AAC5367B30E-StateMachineUpdater] INFO  ratis.OzoneManagerStateMachine (OzoneManagerStateMachine.java:close(495)) - StateMachine has shutdown. Shutdown OzoneManager if not already shutdown.
2022-09-12 01:25:34,298 [omNode-bootstrap-2@group-0AAC5367B30E-StateMachineUpdater] INFO  ratis.OzoneManagerDoubleBuffer (OzoneManagerDoubleBuffer.java:stop(466)) - Stopping OMDoubleBuffer flush thread
2022-09-12 01:25:34,298 [Listener at 127.0.0.1/41695] INFO  impl.StateMachineUpdater (StateMachineUpdater.java:stopAndJoin(153)) - omNode-bootstrap-2@group-0AAC5367B30E-StateMachineUpdater: set stopIndex = 16
2022-09-12 01:25:34,298 [OMDoubleBufferFlushThread] INFO  ratis.OzoneManagerDoubleBuffer (OzoneManagerDoubleBuffer.java:flushTransactions(385)) - OMDoubleBuffer flush thread OMDoubleBufferFlushThread is interrupted and will exit.
2022-09-12 01:25:34,298 [Listener at 127.0.0.1/41695] INFO  server.RaftServer$Division (ServerState.java:close(429)) - omNode-bootstrap-2@group-0AAC5367B30E: closes. applyIndex: 16
2022-09-12 01:25:34,302 [omNode-bootstrap-2@group-0AAC5367B30E-SegmentedRaftLogWorker] INFO  segmented.SegmentedRaftLogWorker (SegmentedRaftLogWorker.java:run(336)) - omNode-bootstrap-2@group-0AAC5367B30E-SegmentedRaftLogWorker was interrupted, exiting. There are 0 tasks remaining in the queue.
2022-09-12 01:25:34,307 [Listener at 127.0.0.1/41695] INFO  segmented.SegmentedRaftLogWorker (SegmentedRaftLogWorker.java:close(246)) - omNode-bootstrap-2@group-0AAC5367B30E-SegmentedRaftLogWorker close()
2022-09-12 01:25:34,310 [Listener at 127.0.0.1/41695] INFO  server.GrpcService (GrpcService.java:closeImpl(269)) - omNode-bootstrap-2: shutdown server with port 38739 now
2022-09-12 01:25:34,313 [Listener at 127.0.0.1/41695] INFO  server.GrpcService (GrpcService.java:closeImpl(278)) - omNode-bootstrap-2: shutdown server with port 38739 successfully
2022-09-12 01:25:34,313 [org.apache.ratis.util.JvmPauseMonitor$$Lambda$605/1445225850@4e49f028] INFO  util.JvmPauseMonitor (JvmPauseMonitor.java:run(109)) - JvmPauseMonitor-omNode-bootstrap-2: Stopped
2022-09-12 01:25:34,313 [Listener at 127.0.0.1/41695] INFO  ratis.OzoneManagerStateMachine (OzoneManagerStateMachine.java:close(495)) - StateMachine has shutdown. Shutdown OzoneManager if not already shutdown.
2022-09-12 01:25:34,313 [Listener at 127.0.0.1/41695] INFO  ratis.OzoneManagerDoubleBuffer (OzoneManagerDoubleBuffer.java:stop(478)) - OMDoubleBuffer flush thread is not running.
2022-09-12 01:25:34,314 [Listener at 127.0.0.1/41695] INFO  utils.BackgroundService (BackgroundService.java:shutdown(141)) - Shutting down service KeyDeletingService
2022-09-12 01:25:34,314 [Listener at 127.0.0.1/41695] INFO  utils.BackgroundService (BackgroundService.java:shutdown(141)) - Shutting down service DirectoryDeletingService
2022-09-12 01:25:34,314 [Listener at 127.0.0.1/41695] INFO  utils.BackgroundService (BackgroundService.java:shutdown(141)) - Shutting down service OpenKeyCleanupService
2022-09-12 01:25:34,315 [Listener at 127.0.0.1/41695] INFO  handler.ContextHandler (ContextHandler.java:doStop(1153)) - Stopped o.e.j.w.WebAppContext@5ee464aa{ozoneManager,/,null,STOPPED}{file:/home/runner/work/ozone/ozone/hadoop-ozone/integration-test/target/test-classes/webapps/ozoneManager}
2022-09-12 01:25:34,315 [Listener at 127.0.0.1/41695] INFO  server.AbstractConnector (AbstractConnector.java:doStop(381)) - Stopped ServerConnector@4453299e{HTTP/1.1, (http/1.1)}{0.0.0.0:37537}
2022-09-12 01:25:34,315 [Listener at 127.0.0.1/41695] INFO  server.session (HouseKeeper.java:stopScavenging(149)) - node0 Stopped scavenging
2022-09-12 01:25:34,316 [Listener at 127.0.0.1/41695] INFO  handler.ContextHandler (ContextHandler.java:doStop(1153)) - Stopped o.e.j.s.ServletContextHandler@75498945{static,/static,file:///home/runner/work/ozone/ozone/hadoop-ozone/integration-test/target/test-classes/webapps/static,STOPPED}
2022-09-12 01:25:34,316 [Listener at 127.0.0.1/41695] INFO  handler.ContextHandler (ContextHandler.java:doStop(1153)) - Stopped o.e.j.s.ServletContextHandler@192f1739{logs,/logs,file:///home/runner/work/ozone/ozone/hadoop-ozone/integration-test/target/log,STOPPED}
2022-09-12 01:25:34,317 [Listener at 127.0.0.1/41695] INFO  ozone.MiniOzoneHAClusterImpl (MiniOzoneHAClusterImpl.java:stop(320)) - Stopping the StorageContainerManager 8e599114-682f-40f9-8544-01c79a4548da
2022-09-12 01:25:34,317 [Listener at 127.0.0.1/41695] INFO  server.StorageContainerManager (StorageContainerManager.java:stop(1528)) - Container Balancer is not running.
2022-09-12 01:25:34,318 [Listener at 127.0.0.1/41695] INFO  server.StorageContainerManager (StorageContainerManager.java:stop(1535)) - Stopping Replication Manager Service.
2022-09-12 01:25:34,318 [Listener at 127.0.0.1/41695] INFO  replication.ReplicationManager (ReplicationManager.java:stop(252)) - Stopping Replication Monitor Thread.
2022-09-12 01:25:34,318 [Under Replicated Processor] WARN  replication.UnderReplicatedProcessor (UnderReplicatedProcessor.java:run(148)) - Under Replicated Processor interrupted. Exiting...
2022-09-12 01:25:34,318 [Over Replicated Processor] WARN  replication.OverReplicatedProcessor (OverReplicatedProcessor.java:run(137)) - Over Replicated Processor interrupted. Exiting...
2022-09-12 01:25:34,318 [ReplicationMonitor] INFO  replication.ReplicationManager (ReplicationManager.java:run(574)) - Replication Monitor Thread is stopped
2022-09-12 01:25:34,318 [Listener at 127.0.0.1/41695] INFO  server.StorageContainerManager (StorageContainerManager.java:stop(1542)) - Stopping the Datanode Admin Monitor.
2022-09-12 01:25:34,319 [Listener at 127.0.0.1/41695] INFO  server.StorageContainerManager (StorageContainerManager.java:stop(1549)) - Stopping Lease Manager of the command watchers
2022-09-12 01:25:34,319 [Listener at 127.0.0.1/41695] INFO  server.StorageContainerManager (StorageContainerManager.java:stop(1556)) - Stopping datanode service RPC server
2022-09-12 01:25:34,319 [Listener at 127.0.0.1/41695] INFO  server.SCMDatanodeProtocolServer (SCMDatanodeProtocolServer.java:stop(414)) - Stopping the RPC server for DataNodes
2022-09-12 01:25:34,319 [Listener at 127.0.0.1/41695] INFO  ipc.Server (Server.java:stop(3414)) - Stopping server on 46755
2022-09-12 01:25:34,329 [IPC Server Responder] INFO  ipc.Server (Server.java:run(1512)) - Stopping IPC Server Responder
2022-09-12 01:25:34,329 [IPC Server listener on 46755] INFO  ipc.Server (Server.java:run(1376)) - Stopping IPC Server listener on 46755
2022-09-12 01:25:34,816 [EndpointStateMachine task thread for /127.0.0.1:40693 - 0 ] INFO  ipc.Client (Client.java:handleConnectionFailure(977)) - Retrying connect to server: localhost/127.0.0.1:40693. Already tried 9 time(s); retry policy is RetryUpToMaximumCountWithFixedSleep(maxRetries=15, sleepTime=1000 MILLISECONDS)
2022-09-12 01:25:34,842 [EndpointStateMachine task thread for /127.0.0.1:46755 - 0 ] WARN  statemachine.EndpointStateMachine (EndpointStateMachine.java:logIfNeeded(241)) - Unable to communicate to SCM server at 127.0.0.1:46755 for past 0 seconds.
java.io.EOFException: End of File Exception between local host is: "fv-az167-317/10.1.0.12"; destination host is: "localhost":46755; : java.io.EOFException; For more details see:  http://wiki.apache.org/hadoop/EOFException
	at sun.reflect.NativeConstructorAccessorImpl.newInstance0(Native Method)
	at sun.reflect.NativeConstructorAccessorImpl.newInstance(NativeConstructorAccessorImpl.java:62)
	at sun.reflect.DelegatingConstructorAccessorImpl.newInstance(DelegatingConstructorAccessorImpl.java:45)
	at java.lang.reflect.Constructor.newInstance(Constructor.java:423)
	at org.apache.hadoop.net.NetUtils.wrapWithMessage(NetUtils.java:913)
	at org.apache.hadoop.net.NetUtils.wrapException(NetUtils.java:862)
	at org.apache.hadoop.ipc.Client.getRpcResponse(Client.java:1577)
	at org.apache.hadoop.ipc.Client.call(Client.java:1519)
	at org.apache.hadoop.ipc.Client.call(Client.java:1416)
	at org.apache.hadoop.ipc.ProtobufRpcEngine$Invoker.invoke(ProtobufRpcEngine.java:236)
	at org.apache.hadoop.ipc.ProtobufRpcEngine$Invoker.invoke(ProtobufRpcEngine.java:123)
	at com.sun.proxy.$Proxy52.submitRequest(Unknown Source)
	at org.apache.hadoop.ozone.protocolPB.StorageContainerDatanodeProtocolClientSideTranslatorPB.submitRequest(StorageContainerDatanodeProtocolClientSideTranslatorPB.java:117)
	at org.apache.hadoop.ozone.protocolPB.StorageContainerDatanodeProtocolClientSideTranslatorPB.sendHeartbeat(StorageContainerDatanodeProtocolClientSideTranslatorPB.java:149)
	at org.apache.hadoop.ozone.container.common.states.endpoint.HeartbeatEndpointTask.call(HeartbeatEndpointTask.java:185)
	at org.apache.hadoop.ozone.container.common.states.endpoint.HeartbeatEndpointTask.call(HeartbeatEndpointTask.java:87)
	at java.util.concurrent.FutureTask.run(FutureTask.java:266)
	at java.util.concurrent.ThreadPoolExecutor.runWorker(ThreadPoolExecutor.java:1149)
	at java.util.concurrent.ThreadPoolExecutor$Worker.run(ThreadPoolExecutor.java:624)
	at java.lang.Thread.run(Thread.java:750)
Caused by: java.io.EOFException
	at java.io.DataInputStream.readInt(DataInputStream.java:392)
	at org.apache.hadoop.ipc.Client$IpcStreams.readResponse(Client.java:1892)
	at org.apache.hadoop.ipc.Client$Connection.receiveRpcResponse(Client.java:1202)
	at org.apache.hadoop.ipc.Client$Connection.run(Client.java:1098)
2022-09-12 01:25:35,779 [SCM Heartbeat Processing Thread - 0] WARN  node.NodeStateManager (NodeStateManager.java:scheduleNextHealthCheck(870)) - Current Thread is interrupted, shutting down HB processing thread for Node Manager.
2022-09-12 01:25:35,780 [Listener at 127.0.0.1/41695] INFO  server.StorageContainerManager (StorageContainerManager.java:stop(1564)) - Stopping block service RPC server
2022-09-12 01:25:35,780 [Listener at 127.0.0.1/41695] INFO  server.SCMBlockProtocolServer (SCMBlockProtocolServer.java:stop(161)) - Stopping the RPC server for Block Protocol
2022-09-12 01:25:35,780 [Listener at 127.0.0.1/41695] INFO  ipc.Server (Server.java:stop(3414)) - Stopping server on 38039
2022-09-12 01:25:35,785 [Listener at 127.0.0.1/41695] INFO  server.StorageContainerManager (StorageContainerManager.java:stop(1571)) - Stopping the StorageContainerLocationProtocol RPC server
2022-09-12 01:25:35,786 [Listener at 127.0.0.1/41695] INFO  server.SCMClientProtocolServer (SCMClientProtocolServer.java:stop(179)) - Stopping the RPC server for Client Protocol
2022-09-12 01:25:35,786 [Listener at 127.0.0.1/41695] INFO  ipc.Server (Server.java:stop(3414)) - Stopping server on 39853
2022-09-12 01:25:35,786 [IPC Server Responder] INFO  ipc.Server (Server.java:run(1512)) - Stopping IPC Server Responder
2022-09-12 01:25:35,788 [IPC Server listener on 38039] INFO  ipc.Server (Server.java:run(1376)) - Stopping IPC Server listener on 38039
2022-09-12 01:25:35,793 [Listener at 127.0.0.1/41695] INFO  server.StorageContainerManager (StorageContainerManager.java:stop(1578)) - Stopping Storage Container Manager HTTP server.
2022-09-12 01:25:35,793 [IPC Server Responder] INFO  ipc.Server (Server.java:run(1512)) - Stopping IPC Server Responder
2022-09-12 01:25:35,794 [IPC Server listener on 39853] INFO  ipc.Server (Server.java:run(1376)) - Stopping IPC Server listener on 39853
2022-09-12 01:25:35,796 [Listener at 127.0.0.1/41695] INFO  handler.ContextHandler (ContextHandler.java:doStop(1153)) - Stopped o.e.j.w.WebAppContext@45a63a4f{scm,/,null,STOPPED}{file:/home/runner/work/ozone/ozone/hadoop-ozone/integration-test/target/test-classes/webapps/scm}
2022-09-12 01:25:35,797 [Listener at 127.0.0.1/41695] INFO  server.AbstractConnector (AbstractConnector.java:doStop(381)) - Stopped ServerConnector@79202f8f{HTTP/1.1, (http/1.1)}{0.0.0.0:38077}
2022-09-12 01:25:35,797 [Listener at 127.0.0.1/41695] INFO  server.session (HouseKeeper.java:stopScavenging(149)) - node0 Stopped scavenging
2022-09-12 01:25:35,798 [Listener at 127.0.0.1/41695] INFO  handler.ContextHandler (ContextHandler.java:doStop(1153)) - Stopped o.e.j.s.ServletContextHandler@dddf530{static,/static,file:///home/runner/work/ozone/ozone/hadoop-ozone/integration-test/target/test-classes/webapps/static,STOPPED}
2022-09-12 01:25:35,798 [Listener at 127.0.0.1/41695] INFO  handler.ContextHandler (ContextHandler.java:doStop(1153)) - Stopped o.e.j.s.ServletContextHandler@514acd17{logs,/logs,file:///home/runner/work/ozone/ozone/hadoop-ozone/integration-test/target/log,STOPPED}
2022-09-12 01:25:35,801 [Listener at 127.0.0.1/41695] INFO  server.StorageContainerManager (StorageContainerManager.java:stop(1584)) - Stopping SCM LayoutVersionManager Service.
2022-09-12 01:25:35,801 [Listener at 127.0.0.1/41695] INFO  server.StorageContainerManager (StorageContainerManager.java:stop(1592)) - Stopping Block Manager Service.
2022-09-12 01:25:35,801 [Listener at 127.0.0.1/41695] INFO  utils.BackgroundService (BackgroundService.java:shutdown(141)) - Shutting down service SCMBlockDeletingService
2022-09-12 01:25:35,802 [Listener at 127.0.0.1/41695] INFO  utils.BackgroundService (BackgroundService.java:shutdown(141)) - Shutting down service SCMBlockDeletingService
2022-09-12 01:25:35,802 [Listener at 127.0.0.1/41695] INFO  server.StorageContainerManager (StorageContainerManager.java:stop(1619)) - Stopping SCM Event Queue.
2022-09-12 01:25:35,804 [Listener at 127.0.0.1/41695] INFO  server.StorageContainerManager (StorageContainerManager.java:stop(1630)) - Stopping SCM HA services.
2022-09-12 01:25:35,805 [Listener at 127.0.0.1/41695] INFO  ha.SCMRatisServerImpl (SCMRatisServerImpl.java:stop(237)) - stopping ratis server 0.0.0.0:39073
2022-09-12 01:25:35,805 [Listener at 127.0.0.1/41695] INFO  server.RaftServer (RaftServerProxy.java:lambda$close$7(398)) - 8e599114-682f-40f9-8544-01c79a4548da: close
2022-09-12 01:25:35,805 [Listener at 127.0.0.1/41695] INFO  server.RaftServer$Division (RaftServerImpl.java:lambda$close$4(434)) - 8e599114-682f-40f9-8544-01c79a4548da@group-C2BFE535B5E8: shutdown
2022-09-12 01:25:35,805 [Listener at 127.0.0.1/41695] INFO  util.JmxRegister (JmxRegister.java:unregister(73)) - Successfully un-registered JMX Bean with object name Ratis:service=RaftServer,group=group-C2BFE535B5E8,id=8e599114-682f-40f9-8544-01c79a4548da
2022-09-12 01:25:35,805 [Listener at 127.0.0.1/41695] INFO  impl.RoleInfo (RoleInfo.java:shutdownLeaderState(93)) - 8e599114-682f-40f9-8544-01c79a4548da: shutdown 8e599114-682f-40f9-8544-01c79a4548da@group-C2BFE535B5E8-LeaderStateImpl
2022-09-12 01:25:35,805 [Listener at 127.0.0.1/41695] INFO  impl.PendingRequests (PendingRequests.java:sendNotLeaderResponses(282)) - 8e599114-682f-40f9-8544-01c79a4548da@group-C2BFE535B5E8-PendingRequests: sendNotLeaderResponses
2022-09-12 01:25:35,806 [Listener at 127.0.0.1/41695] INFO  ha.SCMStateMachine (SCMStateMachine.java:notifyNotLeader(190)) - current leader SCM steps down.
2022-09-12 01:25:35,806 [Listener at 127.0.0.1/41695] INFO  ha.SCMContext (SCMContext.java:updateLeaderAndTerm(99)) - update <isLeader,term> from <true,2> to <false,0>
2022-09-12 01:25:35,806 [Listener at 127.0.0.1/41695] INFO  ha.SCMContext (SCMContext.java:updateLeaderAndTerm(106)) - update <isLeaderReady> from <false> to <false>
2022-09-12 01:25:35,807 [Listener at 127.0.0.1/41695] INFO  BackgroundPipelineScrubber (BackgroundSCMService.java:notifyStatusChanged(88)) - Service BackgroundPipelineScrubber transitions to PAUSING.
2022-09-12 01:25:35,807 [Listener at 127.0.0.1/41695] INFO  ExpiredContainerReplicaOpScrubber (BackgroundSCMService.java:notifyStatusChanged(88)) - Service ExpiredContainerReplicaOpScrubber transitions to PAUSING.
2022-09-12 01:25:35,817 [EndpointStateMachine task thread for /127.0.0.1:40693 - 0 ] INFO  ipc.Client (Client.java:handleConnectionFailure(977)) - Retrying connect to server: localhost/127.0.0.1:40693. Already tried 10 time(s); retry policy is RetryUpToMaximumCountWithFixedSleep(maxRetries=15, sleepTime=1000 MILLISECONDS)
2022-09-12 01:25:35,821 [Listener at 127.0.0.1/41695] INFO  impl.StateMachineUpdater (StateMachineUpdater.java:stopAndJoin(153)) - 8e599114-682f-40f9-8544-01c79a4548da@group-C2BFE535B5E8-StateMachineUpdater: set stopIndex = 30
2022-09-12 01:25:35,822 [8e599114-682f-40f9-8544-01c79a4548da@group-C2BFE535B5E8-StateMachineUpdater] INFO  ha.SCMStateMachine (SCMStateMachine.java:takeSnapshot(297)) - Current Snapshot Index 30, takeSnapshot took 0 ms
2022-09-12 01:25:35,822 [8e599114-682f-40f9-8544-01c79a4548da@group-C2BFE535B5E8-StateMachineUpdater] INFO  impl.StateMachineUpdater (StateMachineUpdater.java:takeSnapshot(287)) - 8e599114-682f-40f9-8544-01c79a4548da@group-C2BFE535B5E8-StateMachineUpdater: Took a snapshot at index 30
2022-09-12 01:25:35,822 [8e599114-682f-40f9-8544-01c79a4548da@group-C2BFE535B5E8-StateMachineUpdater] INFO  impl.StateMachineUpdater (StateMachineUpdater.java:lambda$new$0(92)) - 8e599114-682f-40f9-8544-01c79a4548da@group-C2BFE535B5E8-StateMachineUpdater: snapshotIndex: updateIncreasingly -1 -> 30
2022-09-12 01:25:35,822 [8e599114-682f-40f9-8544-01c79a4548da@group-C2BFE535B5E8-StateMachineUpdater] INFO  server.StorageContainerManager (StorageContainerManager.java:stop(1528)) - Container Balancer is not running.
2022-09-12 01:25:35,822 [8e599114-682f-40f9-8544-01c79a4548da@group-C2BFE535B5E8-StateMachineUpdater] INFO  server.StorageContainerManager (StorageContainerManager.java:stop(1535)) - Stopping Replication Manager Service.
2022-09-12 01:25:35,822 [8e599114-682f-40f9-8544-01c79a4548da@group-C2BFE535B5E8-StateMachineUpdater] INFO  replication.ReplicationManager (ReplicationManager.java:stop(260)) - Replication Monitor Thread is not running.
2022-09-12 01:25:35,822 [8e599114-682f-40f9-8544-01c79a4548da@group-C2BFE535B5E8-StateMachineUpdater] INFO  server.StorageContainerManager (StorageContainerManager.java:stop(1542)) - Stopping the Datanode Admin Monitor.
2022-09-12 01:25:35,822 [8e599114-682f-40f9-8544-01c79a4548da@group-C2BFE535B5E8-StateMachineUpdater] INFO  server.StorageContainerManager (StorageContainerManager.java:stop(1549)) - Stopping Lease Manager of the command watchers
2022-09-12 01:25:35,822 [8e599114-682f-40f9-8544-01c79a4548da@group-C2BFE535B5E8-StateMachineUpdater] ERROR server.StorageContainerManager (StorageContainerManager.java:stop(1552)) - Lease Manager of the command watchers stop failed
2022-09-12 01:25:35,822 [8e599114-682f-40f9-8544-01c79a4548da@group-C2BFE535B5E8-StateMachineUpdater] INFO  server.StorageContainerManager (StorageContainerManager.java:stop(1556)) - Stopping datanode service RPC server
2022-09-12 01:25:35,822 [8e599114-682f-40f9-8544-01c79a4548da@group-C2BFE535B5E8-StateMachineUpdater] INFO  server.SCMDatanodeProtocolServer (SCMDatanodeProtocolServer.java:stop(414)) - Stopping the RPC server for DataNodes
2022-09-12 01:25:35,822 [8e599114-682f-40f9-8544-01c79a4548da@group-C2BFE535B5E8-StateMachineUpdater] INFO  ipc.Server (Server.java:stop(3414)) - Stopping server on 46755
2022-09-12 01:25:35,822 [8e599114-682f-40f9-8544-01c79a4548da@group-C2BFE535B5E8-StateMachineUpdater] INFO  server.StorageContainerManager (StorageContainerManager.java:stop(1564)) - Stopping block service RPC server
2022-09-12 01:25:35,822 [8e599114-682f-40f9-8544-01c79a4548da@group-C2BFE535B5E8-StateMachineUpdater] INFO  server.SCMBlockProtocolServer (SCMBlockProtocolServer.java:stop(161)) - Stopping the RPC server for Block Protocol
2022-09-12 01:25:35,822 [8e599114-682f-40f9-8544-01c79a4548da@group-C2BFE535B5E8-StateMachineUpdater] INFO  ipc.Server (Server.java:stop(3414)) - Stopping server on 38039
2022-09-12 01:25:35,822 [8e599114-682f-40f9-8544-01c79a4548da@group-C2BFE535B5E8-StateMachineUpdater] INFO  server.StorageContainerManager (StorageContainerManager.java:stop(1571)) - Stopping the StorageContainerLocationProtocol RPC server
2022-09-12 01:25:35,822 [8e599114-682f-40f9-8544-01c79a4548da@group-C2BFE535B5E8-StateMachineUpdater] INFO  server.SCMClientProtocolServer (SCMClientProtocolServer.java:stop(179)) - Stopping the RPC server for Client Protocol
2022-09-12 01:25:35,823 [8e599114-682f-40f9-8544-01c79a4548da@group-C2BFE535B5E8-StateMachineUpdater] INFO  ipc.Server (Server.java:stop(3414)) - Stopping server on 39853
2022-09-12 01:25:35,823 [8e599114-682f-40f9-8544-01c79a4548da@group-C2BFE535B5E8-StateMachineUpdater] INFO  server.StorageContainerManager (StorageContainerManager.java:stop(1578)) - Stopping Storage Container Manager HTTP server.
2022-09-12 01:25:35,823 [8e599114-682f-40f9-8544-01c79a4548da@group-C2BFE535B5E8-StateMachineUpdater] INFO  server.StorageContainerManager (StorageContainerManager.java:stop(1584)) - Stopping SCM LayoutVersionManager Service.
2022-09-12 01:25:35,823 [8e599114-682f-40f9-8544-01c79a4548da@group-C2BFE535B5E8-StateMachineUpdater] INFO  server.StorageContainerManager (StorageContainerManager.java:stop(1592)) - Stopping Block Manager Service.
2022-09-12 01:25:35,823 [8e599114-682f-40f9-8544-01c79a4548da@group-C2BFE535B5E8-StateMachineUpdater] INFO  utils.BackgroundService (BackgroundService.java:shutdown(141)) - Shutting down service SCMBlockDeletingService
2022-09-12 01:25:35,823 [8e599114-682f-40f9-8544-01c79a4548da@group-C2BFE535B5E8-StateMachineUpdater] INFO  utils.BackgroundService (BackgroundService.java:shutdown(141)) - Shutting down service SCMBlockDeletingService
2022-09-12 01:25:35,823 [8e599114-682f-40f9-8544-01c79a4548da@group-C2BFE535B5E8-StateMachineUpdater] INFO  server.StorageContainerManager (StorageContainerManager.java:stop(1619)) - Stopping SCM Event Queue.
2022-09-12 01:25:35,823 [8e599114-682f-40f9-8544-01c79a4548da@group-C2BFE535B5E8-StateMachineUpdater] INFO  server.StorageContainerManager (StorageContainerManager.java:stop(1630)) - Stopping SCM HA services.
2022-09-12 01:25:35,823 [8e599114-682f-40f9-8544-01c79a4548da@group-C2BFE535B5E8-StateMachineUpdater] INFO  ha.SCMRatisServerImpl (SCMRatisServerImpl.java:stop(237)) - stopping ratis server 0.0.0.0:39073
2022-09-12 01:25:35,823 [org.apache.ratis.util.JvmPauseMonitor$$Lambda$605/1445225850@3149e0db] INFO  util.JvmPauseMonitor (JvmPauseMonitor.java:run(109)) - JvmPauseMonitor-8e599114-682f-40f9-8544-01c79a4548da: Stopped
2022-09-12 01:25:35,825 [8e599114-682f-40f9-8544-01c79a4548da@group-C2BFE535B5E8-StateMachineUpdater] INFO  pipeline.BackgroundPipelineCreator (BackgroundPipelineCreator.java:stop(149)) - Stopping RatisPipelineUtilsThread.
2022-09-12 01:25:35,825 [RatisPipelineUtilsThread - 0] WARN  pipeline.BackgroundPipelineCreator (BackgroundPipelineCreator.java:run(180)) - RatisPipelineUtilsThread is interrupted.
2022-09-12 01:25:35,825 [8e599114-682f-40f9-8544-01c79a4548da@group-C2BFE535B5E8-StateMachineUpdater] INFO  BackgroundPipelineScrubber (BackgroundSCMService.java:stop(131)) - Stopping BackgroundPipelineScrubber Service.
2022-09-12 01:25:35,825 [BackgroundPipelineScrubberThread] WARN  BackgroundPipelineScrubber (BackgroundSCMService.java:run(115)) - BackgroundPipelineScrubber is interrupted, exit
2022-09-12 01:25:35,826 [8e599114-682f-40f9-8544-01c79a4548da@group-C2BFE535B5E8-StateMachineUpdater] INFO  server.StorageContainerManager (StorageContainerManager.java:stop(1640)) - Stopping SCM MetadataStore.
2022-09-12 01:25:35,827 [8e599114-682f-40f9-8544-01c79a4548da@group-C2BFE535B5E8-StateMachineUpdater] INFO  impl.MetricsSystemImpl (MetricsSystemImpl.java:stop(210)) - Stopping OzoneManager metrics system...
2022-09-12 01:25:35,836 [prometheus] INFO  impl.MetricsSinkAdapter (MetricsSinkAdapter.java:publishMetricsFromQueue(141)) - prometheus thread interrupted.
2022-09-12 01:25:35,836 [8e599114-682f-40f9-8544-01c79a4548da@group-C2BFE535B5E8-StateMachineUpdater] INFO  impl.MetricsSystemImpl (MetricsSystemImpl.java:stop(216)) - OzoneManager metrics system stopped.
2022-09-12 01:25:35,836 [8e599114-682f-40f9-8544-01c79a4548da@group-C2BFE535B5E8-StateMachineUpdater] ERROR server.StorageContainerManager (ExitUtils.java:terminate(133)) - Terminating with exit status 1: scm statemachine is closed by ratis, terminate SCM
2022-09-12 01:25:35,836 [8e599114-682f-40f9-8544-01c79a4548da@group-C2BFE535B5E8-StateMachineUpdater] WARN  impl.StateMachineUpdater (StateMachineUpdater.java:stop(137)) - 8e599114-682f-40f9-8544-01c79a4548da@group-C2BFE535B5E8-StateMachineUpdater: Failed to close SCMStateMachine SCMStateMachine:8e599114-682f-40f9-8544-01c79a4548da:group-C2BFE535B5E8
org.apache.ratis.util.ExitUtils$ExitException: scm statemachine is closed by ratis, terminate SCM
	at org.apache.ratis.util.ExitUtils.terminate(ExitUtils.java:141)
	at org.apache.ratis.util.ExitUtils.terminate(ExitUtils.java:151)
	at org.apache.ratis.util.ExitUtils.terminate(ExitUtils.java:155)
	at org.apache.hadoop.hdds.scm.server.StorageContainerManager.shutDown(StorageContainerManager.java:1656)
	at org.apache.hadoop.hdds.scm.ha.SCMStateMachine.close(SCMStateMachine.java:403)
	at org.apache.ratis.server.impl.StateMachineUpdater.stop(StateMachineUpdater.java:134)
	at org.apache.ratis.server.impl.StateMachineUpdater.run(StateMachineUpdater.java:187)
	at java.lang.Thread.run(Thread.java:750)
2022-09-12 01:25:35,836 [Listener at 127.0.0.1/41695] INFO  server.RaftServer$Division (ServerState.java:close(429)) - 8e599114-682f-40f9-8544-01c79a4548da@group-C2BFE535B5E8: closes. applyIndex: 30
2022-09-12 01:25:35,837 [8e599114-682f-40f9-8544-01c79a4548da@group-C2BFE535B5E8-SegmentedRaftLogWorker] INFO  segmented.SegmentedRaftLogWorker (SegmentedRaftLogWorker.java:run(336)) - 8e599114-682f-40f9-8544-01c79a4548da@group-C2BFE535B5E8-SegmentedRaftLogWorker was interrupted, exiting. There are 0 tasks remaining in the queue.
2022-09-12 01:25:35,847 [Listener at 127.0.0.1/41695] INFO  segmented.SegmentedRaftLogWorker (SegmentedRaftLogWorker.java:close(246)) - 8e599114-682f-40f9-8544-01c79a4548da@group-C2BFE535B5E8-SegmentedRaftLogWorker close()
2022-09-12 01:25:35,849 [Listener at 127.0.0.1/41695] INFO  server.GrpcService (GrpcService.java:closeImpl(269)) - 8e599114-682f-40f9-8544-01c79a4548da: shutdown server with port 39073 now
2022-09-12 01:25:35,849 [Listener at 127.0.0.1/41695] INFO  server.GrpcService (GrpcService.java:closeImpl(278)) - 8e599114-682f-40f9-8544-01c79a4548da: shutdown server with port 39073 successfully
2022-09-12 01:25:35,849 [Listener at 127.0.0.1/41695] WARN  pipeline.BackgroundPipelineCreator (BackgroundPipelineCreator.java:stop(145)) - RatisPipelineUtilsThread is not running, just ignore.
2022-09-12 01:25:35,849 [Listener at 127.0.0.1/41695] INFO  BackgroundPipelineScrubber (BackgroundSCMService.java:stop(126)) - BackgroundPipelineScrubber Service is not running, skip stop.
2022-09-12 01:25:35,849 [Listener at 127.0.0.1/41695] INFO  server.StorageContainerManager (StorageContainerManager.java:stop(1640)) - Stopping SCM MetadataStore.
2022-09-12 01:25:35,850 [Listener at 127.0.0.1/41695] INFO  impl.MetricsSystemImpl (MetricsSystemImpl.java:stop(205)) - OzoneManager metrics system stopped (again)
2022-09-12 01:25:35,850 [Listener at 127.0.0.1/41695] INFO  ozone.MiniOzoneClusterImpl (MiniOzoneClusterImpl.java:stop(463)) - Stopping the Mini Ozone Cluster
2022-09-12 01:25:35,850 [Listener at 127.0.0.1/41695] INFO  ozone.MiniOzoneClusterImpl (MiniOzoneClusterImpl.java:stopDatanodes(522)) - Stopping the HddsDatanodes
2022-09-12 01:25:36,019 [EndpointStateMachine task thread for /127.0.0.1:46755 - 0 ] INFO  ipc.Client (Client.java:handleConnectionFailure(977)) - Retrying connect to server: localhost/127.0.0.1:46755. Already tried 0 time(s); retry policy is RetryUpToMaximumCountWithFixedSleep(maxRetries=15, sleepTime=1000 MILLISECONDS)
2022-09-12 01:25:36,075 [Datanode State Machine Daemon Thread] WARN  statemachine.StateContext (StateContext.java:setState(252)) - Ignore disallowed transition from SHUTDOWN to RUNNING
2022-09-12 01:25:36,818 [EndpointStateMachine task thread for /127.0.0.1:40693 - 0 ] INFO  ipc.Client (Client.java:handleConnectionFailure(977)) - Retrying connect to server: localhost/127.0.0.1:40693. Already tried 11 time(s); retry policy is RetryUpToMaximumCountWithFixedSleep(maxRetries=15, sleepTime=1000 MILLISECONDS)
2022-09-12 01:25:36,842 [Datanode State Machine Daemon Thread] WARN  statemachine.StateContext (StateContext.java:setState(252)) - Ignore disallowed transition from SHUTDOWN to RUNNING
2022-09-12 01:25:37,020 [EndpointStateMachine task thread for /127.0.0.1:46755 - 0 ] INFO  ipc.Client (Client.java:handleConnectionFailure(977)) - Retrying connect to server: localhost/127.0.0.1:46755. Already tried 1 time(s); retry policy is RetryUpToMaximumCountWithFixedSleep(maxRetries=15, sleepTime=1000 MILLISECONDS)
2022-09-12 01:25:37,818 [EndpointStateMachine task thread for /127.0.0.1:40693 - 0 ] INFO  ipc.Client (Client.java:handleConnectionFailure(977)) - Retrying connect to server: localhost/127.0.0.1:40693. Already tried 12 time(s); retry policy is RetryUpToMaximumCountWithFixedSleep(maxRetries=15, sleepTime=1000 MILLISECONDS)
2022-09-12 01:25:38,021 [EndpointStateMachine task thread for /127.0.0.1:46755 - 0 ] INFO  ipc.Client (Client.java:handleConnectionFailure(977)) - Retrying connect to server: localhost/127.0.0.1:46755. Already tried 2 time(s); retry policy is RetryUpToMaximumCountWithFixedSleep(maxRetries=15, sleepTime=1000 MILLISECONDS)
2022-09-12 01:25:38,021 [Datanode State Machine Daemon Thread] ERROR datanode.RunningDatanodeState (RunningDatanodeState.java:computeNextContainerState(207)) - Error in executing end point task.
java.util.concurrent.ExecutionException: java.util.concurrent.TimeoutException
	at java.util.concurrent.FutureTask.report(FutureTask.java:122)
	at java.util.concurrent.FutureTask.get(FutureTask.java:192)
	at org.apache.hadoop.ozone.container.common.states.datanode.RunningDatanodeState.computeNextContainerState(RunningDatanodeState.java:199)
	at org.apache.hadoop.ozone.container.common.states.datanode.RunningDatanodeState.await(RunningDatanodeState.java:239)
	at org.apache.hadoop.ozone.container.common.states.datanode.RunningDatanodeState.await(RunningDatanodeState.java:50)
	at org.apache.hadoop.ozone.container.common.statemachine.StateContext.execute(StateContext.java:660)
	at org.apache.hadoop.ozone.container.common.statemachine.DatanodeStateMachine.startStateMachineThread(DatanodeStateMachine.java:298)
	at org.apache.hadoop.ozone.container.common.statemachine.DatanodeStateMachine.lambda$startDaemon$0(DatanodeStateMachine.java:493)
	at java.lang.Thread.run(Thread.java:750)
Caused by: java.util.concurrent.TimeoutException
	at java.util.concurrent.FutureTask.get(FutureTask.java:205)
	at org.apache.hadoop.ozone.container.common.states.datanode.RunningDatanodeState.lambda$execute$0(RunningDatanodeState.java:157)
	at java.util.concurrent.FutureTask.run(FutureTask.java:266)
	at java.util.concurrent.Executors$RunnableAdapter.call(Executors.java:511)
	at java.util.concurrent.FutureTask.run(FutureTask.java:266)
	at java.util.concurrent.ThreadPoolExecutor.runWorker(ThreadPoolExecutor.java:1149)
	at java.util.concurrent.ThreadPoolExecutor$Worker.run(ThreadPoolExecutor.java:624)
	... 1 more
2022-09-12 01:25:38,819 [EndpointStateMachine task thread for /127.0.0.1:40693 - 0 ] INFO  ipc.Client (Client.java:handleConnectionFailure(977)) - Retrying connect to server: localhost/127.0.0.1:40693. Already tried 13 time(s); retry policy is RetryUpToMaximumCountWithFixedSleep(maxRetries=15, sleepTime=1000 MILLISECONDS)
2022-09-12 01:25:39,021 [EndpointStateMachine task thread for /127.0.0.1:46755 - 0 ] INFO  ipc.Client (Client.java:handleConnectionFailure(977)) - Retrying connect to server: localhost/127.0.0.1:46755. Already tried 3 time(s); retry policy is RetryUpToMaximumCountWithFixedSleep(maxRetries=15, sleepTime=1000 MILLISECONDS)
2022-09-12 01:25:39,819 [EndpointStateMachine task thread for /127.0.0.1:40693 - 0 ] INFO  ipc.Client (Client.java:handleConnectionFailure(977)) - Retrying connect to server: localhost/127.0.0.1:40693. Already tried 14 time(s); retry policy is RetryUpToMaximumCountWithFixedSleep(maxRetries=15, sleepTime=1000 MILLISECONDS)
2022-09-12 01:25:40,022 [EndpointStateMachine task thread for /127.0.0.1:46755 - 0 ] INFO  ipc.Client (Client.java:handleConnectionFailure(977)) - Retrying connect to server: localhost/127.0.0.1:46755. Already tried 4 time(s); retry policy is RetryUpToMaximumCountWithFixedSleep(maxRetries=15, sleepTime=1000 MILLISECONDS)
2022-09-12 01:25:40,822 [EndpointStateMachine task thread for /127.0.0.1:40693 - 0 ] INFO  ipc.Client (Client.java:handleConnectionFailure(977)) - Retrying connect to server: localhost/127.0.0.1:40693. Already tried 0 time(s); retry policy is RetryUpToMaximumCountWithFixedSleep(maxRetries=15, sleepTime=1000 MILLISECONDS)
2022-09-12 01:25:40,851 [Listener at 127.0.0.1/41695] INFO  ozoneimpl.OzoneContainer (OzoneContainer.java:stop(400)) - Attempting to stop container services.
2022-09-12 01:25:40,851 [ForkJoinPool.commonPool-worker-1] INFO  ozoneimpl.OzoneContainer (OzoneContainer.java:stop(400)) - Attempting to stop container services.
2022-09-12 01:25:40,852 [ForkJoinPool.commonPool-worker-1] INFO  server.RaftServer (RaftServerProxy.java:lambda$close$7(398)) - 74f1d438-0997-4634-9c34-91afcc4dae77: close
2022-09-12 01:25:40,852 [ForkJoinPool.commonPool-worker-1] INFO  server.RaftServer$Division (RaftServerImpl.java:lambda$close$4(434)) - 74f1d438-0997-4634-9c34-91afcc4dae77@group-20B7CEE0DF6D: shutdown
2022-09-12 01:25:40,852 [ForkJoinPool.commonPool-worker-1] INFO  util.JmxRegister (JmxRegister.java:unregister(73)) - Successfully un-registered JMX Bean with object name Ratis:service=RaftServer,group=group-20B7CEE0DF6D,id=74f1d438-0997-4634-9c34-91afcc4dae77
2022-09-12 01:25:40,852 [ForkJoinPool.commonPool-worker-1] INFO  impl.RoleInfo (RoleInfo.java:shutdownLeaderState(93)) - 74f1d438-0997-4634-9c34-91afcc4dae77: shutdown 74f1d438-0997-4634-9c34-91afcc4dae77@group-20B7CEE0DF6D-LeaderStateImpl
2022-09-12 01:25:40,852 [ForkJoinPool.commonPool-worker-1] INFO  impl.PendingRequests (PendingRequests.java:sendNotLeaderResponses(282)) - 74f1d438-0997-4634-9c34-91afcc4dae77@group-20B7CEE0DF6D-PendingRequests: sendNotLeaderResponses
2022-09-12 01:25:40,853 [ForkJoinPool.commonPool-worker-1] INFO  impl.StateMachineUpdater (StateMachineUpdater.java:stopAndJoin(153)) - 74f1d438-0997-4634-9c34-91afcc4dae77@group-20B7CEE0DF6D-StateMachineUpdater: set stopIndex = 0
2022-09-12 01:25:40,853 [74f1d438-0997-4634-9c34-91afcc4dae77@group-20B7CEE0DF6D-StateMachineUpdater] INFO  ratis.ContainerStateMachine (ContainerStateMachine.java:takeSnapshot(304)) - group-20B7CEE0DF6D: Taking a snapshot at:(t:2, i:0) file /home/runner/work/ozone/ozone/hadoop-ozone/integration-test/target/test-dir/MiniOzoneClusterImpl-cb4dd006-d395-492a-b682-c2bfe535b5e8/datanode-0/data/ratis/e801544d-53ff-4a18-a75b-20b7cee0df6d/sm/snapshot.2_0
2022-09-12 01:25:40,853 [grpc-default-executor-4] INFO  server.GrpcServerProtocolService (GrpcServerProtocolService.java:onCompleted(140)) - c0693ef0-230a-48dd-aa8a-44a8c3878b49: Completed APPEND_ENTRIES, lastRequest: 74f1d438-0997-4634-9c34-91afcc4dae77->c0693ef0-230a-48dd-aa8a-44a8c3878b49#1-t2,previous=(t:0, i:0),leaderCommit=-1,initializing? true,entries: size=1, first=(t:2, i:0), CONFIGURATIONENTRY
2022-09-12 01:25:40,854 [74f1d438-0997-4634-9c34-91afcc4dae77@group-20B7CEE0DF6D-StateMachineUpdater] INFO  ratis.ContainerStateMachine (ContainerStateMachine.java:takeSnapshot(315)) - group-20B7CEE0DF6D: Finished taking a snapshot at:(t:2, i:0) file:/home/runner/work/ozone/ozone/hadoop-ozone/integration-test/target/test-dir/MiniOzoneClusterImpl-cb4dd006-d395-492a-b682-c2bfe535b5e8/datanode-0/data/ratis/e801544d-53ff-4a18-a75b-20b7cee0df6d/sm/snapshot.2_0 took: 1 ms
2022-09-12 01:25:40,854 [74f1d438-0997-4634-9c34-91afcc4dae77@group-20B7CEE0DF6D-StateMachineUpdater] INFO  impl.StateMachineUpdater (StateMachineUpdater.java:takeSnapshot(287)) - 74f1d438-0997-4634-9c34-91afcc4dae77@group-20B7CEE0DF6D-StateMachineUpdater: Took a snapshot at index 0
2022-09-12 01:25:40,854 [74f1d438-0997-4634-9c34-91afcc4dae77@group-20B7CEE0DF6D-StateMachineUpdater] INFO  impl.StateMachineUpdater (StateMachineUpdater.java:lambda$new$0(92)) - 74f1d438-0997-4634-9c34-91afcc4dae77@group-20B7CEE0DF6D-StateMachineUpdater: snapshotIndex: updateIncreasingly -1 -> 0
2022-09-12 01:25:40,854 [grpc-default-executor-4] INFO  server.GrpcServerProtocolService (GrpcServerProtocolService.java:onCompleted(140)) - 03e900db-606d-4788-a076-61e9663ea76b: Completed APPEND_ENTRIES, lastRequest: 74f1d438-0997-4634-9c34-91afcc4dae77->03e900db-606d-4788-a076-61e9663ea76b#1-t2,previous=(t:0, i:0),leaderCommit=0,initializing? true,entries: size=1, first=(t:2, i:0), CONFIGURATIONENTRY
2022-09-12 01:25:40,858 [ForkJoinPool.commonPool-worker-1] INFO  server.RaftServer$Division (ServerState.java:close(429)) - 74f1d438-0997-4634-9c34-91afcc4dae77@group-20B7CEE0DF6D: closes. applyIndex: 0
2022-09-12 01:25:40,858 [74f1d438-0997-4634-9c34-91afcc4dae77@group-20B7CEE0DF6D-SegmentedRaftLogWorker] INFO  segmented.SegmentedRaftLogWorker (SegmentedRaftLogWorker.java:run(336)) - 74f1d438-0997-4634-9c34-91afcc4dae77@group-20B7CEE0DF6D-SegmentedRaftLogWorker was interrupted, exiting. There are 0 tasks remaining in the queue.
2022-09-12 01:25:40,859 [ForkJoinPool.commonPool-worker-1] INFO  segmented.SegmentedRaftLogWorker (SegmentedRaftLogWorker.java:close(246)) - 74f1d438-0997-4634-9c34-91afcc4dae77@group-20B7CEE0DF6D-SegmentedRaftLogWorker close()
2022-09-12 01:25:40,860 [ForkJoinPool.commonPool-worker-1] INFO  server.RaftServer$Division (RaftServerImpl.java:lambda$close$4(434)) - 74f1d438-0997-4634-9c34-91afcc4dae77@group-C1F5D889A95E: shutdown
2022-09-12 01:25:40,860 [ForkJoinPool.commonPool-worker-1] INFO  util.JmxRegister (JmxRegister.java:unregister(73)) - Successfully un-registered JMX Bean with object name Ratis:service=RaftServer,group=group-C1F5D889A95E,id=74f1d438-0997-4634-9c34-91afcc4dae77
2022-09-12 01:25:40,860 [ForkJoinPool.commonPool-worker-1] INFO  impl.RoleInfo (RoleInfo.java:shutdownLeaderState(93)) - 74f1d438-0997-4634-9c34-91afcc4dae77: shutdown 74f1d438-0997-4634-9c34-91afcc4dae77@group-C1F5D889A95E-LeaderStateImpl
2022-09-12 01:25:40,860 [ForkJoinPool.commonPool-worker-1] INFO  impl.PendingRequests (PendingRequests.java:sendNotLeaderResponses(282)) - 74f1d438-0997-4634-9c34-91afcc4dae77@group-C1F5D889A95E-PendingRequests: sendNotLeaderResponses
2022-09-12 01:25:40,861 [ForkJoinPool.commonPool-worker-1] INFO  impl.StateMachineUpdater (StateMachineUpdater.java:stopAndJoin(153)) - 74f1d438-0997-4634-9c34-91afcc4dae77@group-C1F5D889A95E-StateMachineUpdater: set stopIndex = 0
2022-09-12 01:25:40,861 [74f1d438-0997-4634-9c34-91afcc4dae77@group-C1F5D889A95E-StateMachineUpdater] INFO  ratis.ContainerStateMachine (ContainerStateMachine.java:takeSnapshot(304)) - group-C1F5D889A95E: Taking a snapshot at:(t:1, i:0) file /home/runner/work/ozone/ozone/hadoop-ozone/integration-test/target/test-dir/MiniOzoneClusterImpl-cb4dd006-d395-492a-b682-c2bfe535b5e8/datanode-0/data/ratis/f9e42178-e7b7-45e5-aba7-c1f5d889a95e/sm/snapshot.1_0
2022-09-12 01:25:40,861 [74f1d438-0997-4634-9c34-91afcc4dae77@group-C1F5D889A95E-StateMachineUpdater] INFO  ratis.ContainerStateMachine (ContainerStateMachine.java:takeSnapshot(315)) - group-C1F5D889A95E: Finished taking a snapshot at:(t:1, i:0) file:/home/runner/work/ozone/ozone/hadoop-ozone/integration-test/target/test-dir/MiniOzoneClusterImpl-cb4dd006-d395-492a-b682-c2bfe535b5e8/datanode-0/data/ratis/f9e42178-e7b7-45e5-aba7-c1f5d889a95e/sm/snapshot.1_0 took: 0 ms
2022-09-12 01:25:40,862 [74f1d438-0997-4634-9c34-91afcc4dae77@group-C1F5D889A95E-StateMachineUpdater] INFO  impl.StateMachineUpdater (StateMachineUpdater.java:takeSnapshot(287)) - 74f1d438-0997-4634-9c34-91afcc4dae77@group-C1F5D889A95E-StateMachineUpdater: Took a snapshot at index 0
2022-09-12 01:25:40,862 [74f1d438-0997-4634-9c34-91afcc4dae77@group-C1F5D889A95E-StateMachineUpdater] INFO  impl.StateMachineUpdater (StateMachineUpdater.java:lambda$new$0(92)) - 74f1d438-0997-4634-9c34-91afcc4dae77@group-C1F5D889A95E-StateMachineUpdater: snapshotIndex: updateIncreasingly -1 -> 0
2022-09-12 01:25:40,862 [ForkJoinPool.commonPool-worker-1] INFO  server.RaftServer$Division (ServerState.java:close(429)) - 74f1d438-0997-4634-9c34-91afcc4dae77@group-C1F5D889A95E: closes. applyIndex: 0
2022-09-12 01:25:40,862 [74f1d438-0997-4634-9c34-91afcc4dae77@group-C1F5D889A95E-SegmentedRaftLogWorker] INFO  segmented.SegmentedRaftLogWorker (SegmentedRaftLogWorker.java:run(336)) - 74f1d438-0997-4634-9c34-91afcc4dae77@group-C1F5D889A95E-SegmentedRaftLogWorker was interrupted, exiting. There are 0 tasks remaining in the queue.
2022-09-12 01:25:40,862 [ForkJoinPool.commonPool-worker-1] INFO  segmented.SegmentedRaftLogWorker (SegmentedRaftLogWorker.java:close(246)) - 74f1d438-0997-4634-9c34-91afcc4dae77@group-C1F5D889A95E-SegmentedRaftLogWorker close()
2022-09-12 01:25:40,863 [ForkJoinPool.commonPool-worker-1] INFO  server.RaftServer$Division (RaftServerImpl.java:lambda$close$4(434)) - 74f1d438-0997-4634-9c34-91afcc4dae77@group-26218CACBD25: shutdown
2022-09-12 01:25:40,863 [ForkJoinPool.commonPool-worker-1] INFO  util.JmxRegister (JmxRegister.java:unregister(73)) - Successfully un-registered JMX Bean with object name Ratis:service=RaftServer,group=group-26218CACBD25,id=74f1d438-0997-4634-9c34-91afcc4dae77
2022-09-12 01:25:40,863 [ForkJoinPool.commonPool-worker-1] INFO  impl.RoleInfo (RoleInfo.java:shutdownFollowerState(110)) - 74f1d438-0997-4634-9c34-91afcc4dae77: shutdown 74f1d438-0997-4634-9c34-91afcc4dae77@group-26218CACBD25-FollowerState
2022-09-12 01:25:40,863 [74f1d438-0997-4634-9c34-91afcc4dae77@group-26218CACBD25-FollowerState] INFO  impl.FollowerState (FollowerState.java:run(152)) - 74f1d438-0997-4634-9c34-91afcc4dae77@group-26218CACBD25-FollowerState was interrupted
2022-09-12 01:25:40,863 [ForkJoinPool.commonPool-worker-1] INFO  impl.StateMachineUpdater (StateMachineUpdater.java:stopAndJoin(153)) - 74f1d438-0997-4634-9c34-91afcc4dae77@group-26218CACBD25-StateMachineUpdater: set stopIndex = 0
2022-09-12 01:25:40,863 [74f1d438-0997-4634-9c34-91afcc4dae77@group-26218CACBD25-StateMachineUpdater] INFO  ratis.ContainerStateMachine (ContainerStateMachine.java:takeSnapshot(304)) - group-26218CACBD25: Taking a snapshot at:(t:2, i:0) file /home/runner/work/ozone/ozone/hadoop-ozone/integration-test/target/test-dir/MiniOzoneClusterImpl-cb4dd006-d395-492a-b682-c2bfe535b5e8/datanode-0/data/ratis/e06de977-4479-41a0-a697-26218cacbd25/sm/snapshot.2_0
2022-09-12 01:25:40,863 [74f1d438-0997-4634-9c34-91afcc4dae77@group-26218CACBD25-StateMachineUpdater] INFO  ratis.ContainerStateMachine (ContainerStateMachine.java:takeSnapshot(315)) - group-26218CACBD25: Finished taking a snapshot at:(t:2, i:0) file:/home/runner/work/ozone/ozone/hadoop-ozone/integration-test/target/test-dir/MiniOzoneClusterImpl-cb4dd006-d395-492a-b682-c2bfe535b5e8/datanode-0/data/ratis/e06de977-4479-41a0-a697-26218cacbd25/sm/snapshot.2_0 took: 1 ms
2022-09-12 01:25:40,864 [74f1d438-0997-4634-9c34-91afcc4dae77@group-26218CACBD25-StateMachineUpdater] INFO  impl.StateMachineUpdater (StateMachineUpdater.java:takeSnapshot(287)) - 74f1d438-0997-4634-9c34-91afcc4dae77@group-26218CACBD25-StateMachineUpdater: Took a snapshot at index 0
2022-09-12 01:25:40,864 [74f1d438-0997-4634-9c34-91afcc4dae77@group-26218CACBD25-StateMachineUpdater] INFO  impl.StateMachineUpdater (StateMachineUpdater.java:lambda$new$0(92)) - 74f1d438-0997-4634-9c34-91afcc4dae77@group-26218CACBD25-StateMachineUpdater: snapshotIndex: updateIncreasingly -1 -> 0
2022-09-12 01:25:40,864 [ForkJoinPool.commonPool-worker-1] INFO  server.RaftServer$Division (ServerState.java:close(429)) - 74f1d438-0997-4634-9c34-91afcc4dae77@group-26218CACBD25: closes. applyIndex: 0
2022-09-12 01:25:40,864 [Listener at 127.0.0.1/41695] INFO  server.RaftServer (RaftServerProxy.java:lambda$close$7(398)) - c0693ef0-230a-48dd-aa8a-44a8c3878b49: close
2022-09-12 01:25:40,864 [74f1d438-0997-4634-9c34-91afcc4dae77@group-26218CACBD25-SegmentedRaftLogWorker] INFO  segmented.SegmentedRaftLogWorker (SegmentedRaftLogWorker.java:run(336)) - 74f1d438-0997-4634-9c34-91afcc4dae77@group-26218CACBD25-SegmentedRaftLogWorker was interrupted, exiting. There are 0 tasks remaining in the queue.
2022-09-12 01:25:40,864 [Listener at 127.0.0.1/41695] INFO  server.RaftServer$Division (RaftServerImpl.java:lambda$close$4(434)) - c0693ef0-230a-48dd-aa8a-44a8c3878b49@group-20B7CEE0DF6D: shutdown
2022-09-12 01:25:40,864 [Listener at 127.0.0.1/41695] INFO  util.JmxRegister (JmxRegister.java:unregister(73)) - Successfully un-registered JMX Bean with object name Ratis:service=RaftServer,group=group-20B7CEE0DF6D,id=c0693ef0-230a-48dd-aa8a-44a8c3878b49
2022-09-12 01:25:40,865 [Listener at 127.0.0.1/41695] INFO  impl.RoleInfo (RoleInfo.java:shutdownFollowerState(110)) - c0693ef0-230a-48dd-aa8a-44a8c3878b49: shutdown c0693ef0-230a-48dd-aa8a-44a8c3878b49@group-20B7CEE0DF6D-FollowerState
2022-09-12 01:25:40,865 [Listener at 127.0.0.1/41695] INFO  impl.StateMachineUpdater (StateMachineUpdater.java:stopAndJoin(153)) - c0693ef0-230a-48dd-aa8a-44a8c3878b49@group-20B7CEE0DF6D-StateMachineUpdater: set stopIndex = 0
2022-09-12 01:25:40,865 [c0693ef0-230a-48dd-aa8a-44a8c3878b49@group-20B7CEE0DF6D-FollowerState] INFO  impl.FollowerState (FollowerState.java:run(152)) - c0693ef0-230a-48dd-aa8a-44a8c3878b49@group-20B7CEE0DF6D-FollowerState was interrupted
2022-09-12 01:25:40,871 [c0693ef0-230a-48dd-aa8a-44a8c3878b49@group-20B7CEE0DF6D-StateMachineUpdater] INFO  ratis.ContainerStateMachine (ContainerStateMachine.java:takeSnapshot(304)) - group-20B7CEE0DF6D: Taking a snapshot at:(t:2, i:0) file /home/runner/work/ozone/ozone/hadoop-ozone/integration-test/target/test-dir/MiniOzoneClusterImpl-cb4dd006-d395-492a-b682-c2bfe535b5e8/datanode-1/data/ratis/e801544d-53ff-4a18-a75b-20b7cee0df6d/sm/snapshot.2_0
2022-09-12 01:25:40,872 [c0693ef0-230a-48dd-aa8a-44a8c3878b49@group-20B7CEE0DF6D-StateMachineUpdater] INFO  ratis.ContainerStateMachine (ContainerStateMachine.java:takeSnapshot(315)) - group-20B7CEE0DF6D: Finished taking a snapshot at:(t:2, i:0) file:/home/runner/work/ozone/ozone/hadoop-ozone/integration-test/target/test-dir/MiniOzoneClusterImpl-cb4dd006-d395-492a-b682-c2bfe535b5e8/datanode-1/data/ratis/e801544d-53ff-4a18-a75b-20b7cee0df6d/sm/snapshot.2_0 took: 1 ms
2022-09-12 01:25:40,872 [c0693ef0-230a-48dd-aa8a-44a8c3878b49@group-20B7CEE0DF6D-StateMachineUpdater] INFO  impl.StateMachineUpdater (StateMachineUpdater.java:takeSnapshot(287)) - c0693ef0-230a-48dd-aa8a-44a8c3878b49@group-20B7CEE0DF6D-StateMachineUpdater: Took a snapshot at index 0
2022-09-12 01:25:40,872 [c0693ef0-230a-48dd-aa8a-44a8c3878b49@group-20B7CEE0DF6D-StateMachineUpdater] INFO  impl.StateMachineUpdater (StateMachineUpdater.java:lambda$new$0(92)) - c0693ef0-230a-48dd-aa8a-44a8c3878b49@group-20B7CEE0DF6D-StateMachineUpdater: snapshotIndex: updateIncreasingly -1 -> 0
2022-09-12 01:25:40,872 [Listener at 127.0.0.1/41695] INFO  server.RaftServer$Division (ServerState.java:close(429)) - c0693ef0-230a-48dd-aa8a-44a8c3878b49@group-20B7CEE0DF6D: closes. applyIndex: 0
2022-09-12 01:25:40,873 [c0693ef0-230a-48dd-aa8a-44a8c3878b49@group-20B7CEE0DF6D-SegmentedRaftLogWorker] INFO  segmented.SegmentedRaftLogWorker (SegmentedRaftLogWorker.java:run(336)) - c0693ef0-230a-48dd-aa8a-44a8c3878b49@group-20B7CEE0DF6D-SegmentedRaftLogWorker was interrupted, exiting. There are 0 tasks remaining in the queue.
2022-09-12 01:25:40,865 [ForkJoinPool.commonPool-worker-1] INFO  segmented.SegmentedRaftLogWorker (SegmentedRaftLogWorker.java:close(246)) - 74f1d438-0997-4634-9c34-91afcc4dae77@group-26218CACBD25-SegmentedRaftLogWorker close()
2022-09-12 01:25:40,873 [Listener at 127.0.0.1/41695] INFO  segmented.SegmentedRaftLogWorker (SegmentedRaftLogWorker.java:close(246)) - c0693ef0-230a-48dd-aa8a-44a8c3878b49@group-20B7CEE0DF6D-SegmentedRaftLogWorker close()
2022-09-12 01:25:40,888 [ForkJoinPool.commonPool-worker-1] INFO  server.GrpcService (GrpcService.java:closeImpl(269)) - 74f1d438-0997-4634-9c34-91afcc4dae77: shutdown server with port 37869 now
2022-09-12 01:25:40,889 [Listener at 127.0.0.1/41695] INFO  server.RaftServer$Division (RaftServerImpl.java:lambda$close$4(434)) - c0693ef0-230a-48dd-aa8a-44a8c3878b49@group-F47393CAD38E: shutdown
2022-09-12 01:25:40,889 [Listener at 127.0.0.1/41695] INFO  util.JmxRegister (JmxRegister.java:unregister(73)) - Successfully un-registered JMX Bean with object name Ratis:service=RaftServer,group=group-F47393CAD38E,id=c0693ef0-230a-48dd-aa8a-44a8c3878b49
2022-09-12 01:25:40,889 [Listener at 127.0.0.1/41695] INFO  impl.RoleInfo (RoleInfo.java:shutdownLeaderState(93)) - c0693ef0-230a-48dd-aa8a-44a8c3878b49: shutdown c0693ef0-230a-48dd-aa8a-44a8c3878b49@group-F47393CAD38E-LeaderStateImpl
2022-09-12 01:25:40,889 [Listener at 127.0.0.1/41695] INFO  impl.PendingRequests (PendingRequests.java:sendNotLeaderResponses(282)) - c0693ef0-230a-48dd-aa8a-44a8c3878b49@group-F47393CAD38E-PendingRequests: sendNotLeaderResponses
2022-09-12 01:25:40,890 [Listener at 127.0.0.1/41695] INFO  impl.StateMachineUpdater (StateMachineUpdater.java:stopAndJoin(153)) - c0693ef0-230a-48dd-aa8a-44a8c3878b49@group-F47393CAD38E-StateMachineUpdater: set stopIndex = 0
2022-09-12 01:25:40,892 [c0693ef0-230a-48dd-aa8a-44a8c3878b49@group-F47393CAD38E-StateMachineUpdater] INFO  ratis.ContainerStateMachine (ContainerStateMachine.java:takeSnapshot(304)) - group-F47393CAD38E: Taking a snapshot at:(t:1, i:0) file /home/runner/work/ozone/ozone/hadoop-ozone/integration-test/target/test-dir/MiniOzoneClusterImpl-cb4dd006-d395-492a-b682-c2bfe535b5e8/datanode-1/data/ratis/9391a2d9-2f2c-4b9b-a582-f47393cad38e/sm/snapshot.1_0
2022-09-12 01:25:40,893 [c0693ef0-230a-48dd-aa8a-44a8c3878b49@group-F47393CAD38E-StateMachineUpdater] INFO  ratis.ContainerStateMachine (ContainerStateMachine.java:takeSnapshot(315)) - group-F47393CAD38E: Finished taking a snapshot at:(t:1, i:0) file:/home/runner/work/ozone/ozone/hadoop-ozone/integration-test/target/test-dir/MiniOzoneClusterImpl-cb4dd006-d395-492a-b682-c2bfe535b5e8/datanode-1/data/ratis/9391a2d9-2f2c-4b9b-a582-f47393cad38e/sm/snapshot.1_0 took: 0 ms
2022-09-12 01:25:40,893 [c0693ef0-230a-48dd-aa8a-44a8c3878b49@group-F47393CAD38E-StateMachineUpdater] INFO  impl.StateMachineUpdater (StateMachineUpdater.java:takeSnapshot(287)) - c0693ef0-230a-48dd-aa8a-44a8c3878b49@group-F47393CAD38E-StateMachineUpdater: Took a snapshot at index 0
2022-09-12 01:25:40,893 [c0693ef0-230a-48dd-aa8a-44a8c3878b49@group-F47393CAD38E-StateMachineUpdater] INFO  impl.StateMachineUpdater (StateMachineUpdater.java:lambda$new$0(92)) - c0693ef0-230a-48dd-aa8a-44a8c3878b49@group-F47393CAD38E-StateMachineUpdater: snapshotIndex: updateIncreasingly -1 -> 0
2022-09-12 01:25:40,903 [Listener at 127.0.0.1/41695] INFO  server.RaftServer$Division (ServerState.java:close(429)) - c0693ef0-230a-48dd-aa8a-44a8c3878b49@group-F47393CAD38E: closes. applyIndex: 0
2022-09-12 01:25:40,903 [c0693ef0-230a-48dd-aa8a-44a8c3878b49@group-F47393CAD38E-SegmentedRaftLogWorker] INFO  segmented.SegmentedRaftLogWorker (SegmentedRaftLogWorker.java:run(336)) - c0693ef0-230a-48dd-aa8a-44a8c3878b49@group-F47393CAD38E-SegmentedRaftLogWorker was interrupted, exiting. There are 0 tasks remaining in the queue.
2022-09-12 01:25:40,905 [grpc-default-executor-4] WARN  server.GrpcServerProtocolService (LogUtils.java:warn(122)) - 74f1d438-0997-4634-9c34-91afcc4dae77: installSnapshot onError, lastRequest: c0693ef0-230a-48dd-aa8a-44a8c3878b49->74f1d438-0997-4634-9c34-91afcc4dae77#1-t2,previous=(t:0, i:0),leaderCommit=0,initializing? true,entries: size=1, first=(t:2, i:0), CONFIGURATIONENTRY: org.apache.ratis.thirdparty.io.grpc.StatusRuntimeException: CANCELLED: client cancelled
2022-09-12 01:25:40,909 [Listener at 127.0.0.1/41695] INFO  segmented.SegmentedRaftLogWorker (SegmentedRaftLogWorker.java:close(246)) - c0693ef0-230a-48dd-aa8a-44a8c3878b49@group-F47393CAD38E-SegmentedRaftLogWorker close()
2022-09-12 01:25:40,910 [Listener at 127.0.0.1/41695] INFO  server.RaftServer$Division (RaftServerImpl.java:lambda$close$4(434)) - c0693ef0-230a-48dd-aa8a-44a8c3878b49@group-26218CACBD25: shutdown
2022-09-12 01:25:40,910 [Listener at 127.0.0.1/41695] INFO  util.JmxRegister (JmxRegister.java:unregister(73)) - Successfully un-registered JMX Bean with object name Ratis:service=RaftServer,group=group-26218CACBD25,id=c0693ef0-230a-48dd-aa8a-44a8c3878b49
2022-09-12 01:25:40,910 [Listener at 127.0.0.1/41695] INFO  impl.RoleInfo (RoleInfo.java:shutdownLeaderState(93)) - c0693ef0-230a-48dd-aa8a-44a8c3878b49: shutdown c0693ef0-230a-48dd-aa8a-44a8c3878b49@group-26218CACBD25-LeaderStateImpl
2022-09-12 01:25:40,910 [Listener at 127.0.0.1/41695] INFO  impl.PendingRequests (PendingRequests.java:sendNotLeaderResponses(282)) - c0693ef0-230a-48dd-aa8a-44a8c3878b49@group-26218CACBD25-PendingRequests: sendNotLeaderResponses
2022-09-12 01:25:40,911 [Listener at 127.0.0.1/41695] INFO  impl.StateMachineUpdater (StateMachineUpdater.java:stopAndJoin(153)) - c0693ef0-230a-48dd-aa8a-44a8c3878b49@group-26218CACBD25-StateMachineUpdater: set stopIndex = 0
2022-09-12 01:25:40,911 [c0693ef0-230a-48dd-aa8a-44a8c3878b49@group-26218CACBD25-StateMachineUpdater] INFO  ratis.ContainerStateMachine (ContainerStateMachine.java:takeSnapshot(304)) - group-26218CACBD25: Taking a snapshot at:(t:2, i:0) file /home/runner/work/ozone/ozone/hadoop-ozone/integration-test/target/test-dir/MiniOzoneClusterImpl-cb4dd006-d395-492a-b682-c2bfe535b5e8/datanode-1/data/ratis/e06de977-4479-41a0-a697-26218cacbd25/sm/snapshot.2_0
2022-09-12 01:25:40,912 [c0693ef0-230a-48dd-aa8a-44a8c3878b49@group-26218CACBD25-StateMachineUpdater] INFO  ratis.ContainerStateMachine (ContainerStateMachine.java:takeSnapshot(315)) - group-26218CACBD25: Finished taking a snapshot at:(t:2, i:0) file:/home/runner/work/ozone/ozone/hadoop-ozone/integration-test/target/test-dir/MiniOzoneClusterImpl-cb4dd006-d395-492a-b682-c2bfe535b5e8/datanode-1/data/ratis/e06de977-4479-41a0-a697-26218cacbd25/sm/snapshot.2_0 took: 1 ms
2022-09-12 01:25:40,912 [c0693ef0-230a-48dd-aa8a-44a8c3878b49@group-26218CACBD25-StateMachineUpdater] INFO  impl.StateMachineUpdater (StateMachineUpdater.java:takeSnapshot(287)) - c0693ef0-230a-48dd-aa8a-44a8c3878b49@group-26218CACBD25-StateMachineUpdater: Took a snapshot at index 0
2022-09-12 01:25:40,912 [c0693ef0-230a-48dd-aa8a-44a8c3878b49@group-26218CACBD25-StateMachineUpdater] INFO  impl.StateMachineUpdater (StateMachineUpdater.java:lambda$new$0(92)) - c0693ef0-230a-48dd-aa8a-44a8c3878b49@group-26218CACBD25-StateMachineUpdater: snapshotIndex: updateIncreasingly -1 -> 0
2022-09-12 01:25:40,912 [Listener at 127.0.0.1/41695] INFO  server.RaftServer$Division (ServerState.java:close(429)) - c0693ef0-230a-48dd-aa8a-44a8c3878b49@group-26218CACBD25: closes. applyIndex: 0
2022-09-12 01:25:40,912 [c0693ef0-230a-48dd-aa8a-44a8c3878b49@group-26218CACBD25-SegmentedRaftLogWorker] INFO  segmented.SegmentedRaftLogWorker (SegmentedRaftLogWorker.java:run(336)) - c0693ef0-230a-48dd-aa8a-44a8c3878b49@group-26218CACBD25-SegmentedRaftLogWorker was interrupted, exiting. There are 0 tasks remaining in the queue.
2022-09-12 01:25:40,912 [grpc-default-executor-4] INFO  server.GrpcServerProtocolService (GrpcServerProtocolService.java:onCompleted(140)) - 03e900db-606d-4788-a076-61e9663ea76b: Completed APPEND_ENTRIES, lastRequest: c0693ef0-230a-48dd-aa8a-44a8c3878b49->03e900db-606d-4788-a076-61e9663ea76b#1-t2,previous=(t:0, i:0),leaderCommit=0,initializing? true,entries: size=1, first=(t:2, i:0), CONFIGURATIONENTRY
2022-09-12 01:25:40,913 [ForkJoinPool.commonPool-worker-1] INFO  server.GrpcService (GrpcService.java:closeImpl(278)) - 74f1d438-0997-4634-9c34-91afcc4dae77: shutdown server with port 37869 successfully
2022-09-12 01:25:40,913 [org.apache.ratis.util.JvmPauseMonitor$$Lambda$605/1445225850@18a8ea52] INFO  util.JvmPauseMonitor (JvmPauseMonitor.java:run(109)) - JvmPauseMonitor-74f1d438-0997-4634-9c34-91afcc4dae77: Stopped
2022-09-12 01:25:40,913 [Listener at 127.0.0.1/41695] INFO  segmented.SegmentedRaftLogWorker (SegmentedRaftLogWorker.java:close(246)) - c0693ef0-230a-48dd-aa8a-44a8c3878b49@group-26218CACBD25-SegmentedRaftLogWorker close()
2022-09-12 01:25:40,913 [Listener at 127.0.0.1/41695] INFO  server.GrpcService (GrpcService.java:closeImpl(269)) - c0693ef0-230a-48dd-aa8a-44a8c3878b49: shutdown server with port 39373 now
2022-09-12 01:25:40,920 [Listener at 127.0.0.1/41695] INFO  server.GrpcService (GrpcService.java:closeImpl(278)) - c0693ef0-230a-48dd-aa8a-44a8c3878b49: shutdown server with port 39373 successfully
2022-09-12 01:25:40,921 [org.apache.ratis.util.JvmPauseMonitor$$Lambda$605/1445225850@6e0cac24] INFO  util.JvmPauseMonitor (JvmPauseMonitor.java:run(109)) - JvmPauseMonitor-c0693ef0-230a-48dd-aa8a-44a8c3878b49: Stopped
2022-09-12 01:25:41,022 [EndpointStateMachine task thread for /127.0.0.1:46755 - 0 ] INFO  ipc.Client (Client.java:handleConnectionFailure(977)) - Retrying connect to server: localhost/127.0.0.1:46755. Already tried 5 time(s); retry policy is RetryUpToMaximumCountWithFixedSleep(maxRetries=15, sleepTime=1000 MILLISECONDS)
2022-09-12 01:25:41,822 [EndpointStateMachine task thread for /127.0.0.1:40693 - 0 ] INFO  ipc.Client (Client.java:handleConnectionFailure(977)) - Retrying connect to server: localhost/127.0.0.1:40693. Already tried 1 time(s); retry policy is RetryUpToMaximumCountWithFixedSleep(maxRetries=15, sleepTime=1000 MILLISECONDS)
2022-09-12 01:25:42,023 [EndpointStateMachine task thread for /127.0.0.1:46755 - 0 ] INFO  ipc.Client (Client.java:handleConnectionFailure(977)) - Retrying connect to server: localhost/127.0.0.1:46755. Already tried 6 time(s); retry policy is RetryUpToMaximumCountWithFixedSleep(maxRetries=15, sleepTime=1000 MILLISECONDS)
2022-09-12 01:25:42,823 [EndpointStateMachine task thread for /127.0.0.1:40693 - 0 ] INFO  ipc.Client (Client.java:handleConnectionFailure(977)) - Retrying connect to server: localhost/127.0.0.1:40693. Already tried 2 time(s); retry policy is RetryUpToMaximumCountWithFixedSleep(maxRetries=15, sleepTime=1000 MILLISECONDS)
2022-09-12 01:25:42,929 [Listener at 127.0.0.1/41695] INFO  utils.BackgroundService (BackgroundService.java:shutdown(141)) - Shutting down service BlockDeletingService
2022-09-12 01:25:42,930 [Listener at 127.0.0.1/41695] INFO  utils.BackgroundService (BackgroundService.java:shutdown(141)) - Shutting down service StaleRecoveringContainerScrubbingService
2022-09-12 01:25:42,931 [ForkJoinPool.commonPool-worker-1] INFO  utils.BackgroundService (BackgroundService.java:shutdown(141)) - Shutting down service BlockDeletingService
2022-09-12 01:25:42,935 [ForkJoinPool.commonPool-worker-1] INFO  utils.BackgroundService (BackgroundService.java:shutdown(141)) - Shutting down service StaleRecoveringContainerScrubbingService
2022-09-12 01:25:43,023 [EndpointStateMachine task thread for /127.0.0.1:46755 - 0 ] INFO  ipc.Client (Client.java:handleConnectionFailure(977)) - Retrying connect to server: localhost/127.0.0.1:46755. Already tried 7 time(s); retry policy is RetryUpToMaximumCountWithFixedSleep(maxRetries=15, sleepTime=1000 MILLISECONDS)
2022-09-12 01:25:43,823 [EndpointStateMachine task thread for /127.0.0.1:40693 - 0 ] INFO  ipc.Client (Client.java:handleConnectionFailure(977)) - Retrying connect to server: localhost/127.0.0.1:40693. Already tried 3 time(s); retry policy is RetryUpToMaximumCountWithFixedSleep(maxRetries=15, sleepTime=1000 MILLISECONDS)
2022-09-12 01:25:44,024 [EndpointStateMachine task thread for /127.0.0.1:46755 - 0 ] INFO  ipc.Client (Client.java:handleConnectionFailure(977)) - Retrying connect to server: localhost/127.0.0.1:46755. Already tried 8 time(s); retry policy is RetryUpToMaximumCountWithFixedSleep(maxRetries=15, sleepTime=1000 MILLISECONDS)
2022-09-12 01:25:44,823 [EndpointStateMachine task thread for /127.0.0.1:40693 - 0 ] INFO  ipc.Client (Client.java:handleConnectionFailure(977)) - Retrying connect to server: localhost/127.0.0.1:40693. Already tried 4 time(s); retry policy is RetryUpToMaximumCountWithFixedSleep(maxRetries=15, sleepTime=1000 MILLISECONDS)
2022-09-12 01:25:45,024 [EndpointStateMachine task thread for /127.0.0.1:46755 - 0 ] INFO  ipc.Client (Client.java:handleConnectionFailure(977)) - Retrying connect to server: localhost/127.0.0.1:46755. Already tried 9 time(s); retry policy is RetryUpToMaximumCountWithFixedSleep(maxRetries=15, sleepTime=1000 MILLISECONDS)
2022-09-12 01:25:45,817 [03e900db-606d-4788-a076-61e9663ea76b@group-26218CACBD25-FollowerState] INFO  impl.FollowerState (FollowerState.java:run(143)) - 03e900db-606d-4788-a076-61e9663ea76b@group-26218CACBD25-FollowerState: change to CANDIDATE, lastRpcElapsedTime:5716242822ns, electionTimeout:5106ms
2022-09-12 01:25:45,818 [03e900db-606d-4788-a076-61e9663ea76b@group-26218CACBD25-FollowerState] INFO  impl.RoleInfo (RoleInfo.java:shutdownFollowerState(110)) - 03e900db-606d-4788-a076-61e9663ea76b: shutdown 03e900db-606d-4788-a076-61e9663ea76b@group-26218CACBD25-FollowerState
2022-09-12 01:25:45,818 [03e900db-606d-4788-a076-61e9663ea76b@group-26218CACBD25-FollowerState] INFO  server.RaftServer$Division (RaftServerImpl.java:setRole(299)) - 03e900db-606d-4788-a076-61e9663ea76b@group-26218CACBD25: changes role from  FOLLOWER to CANDIDATE at term 2 for changeToCandidate
2022-09-12 01:25:45,818 [03e900db-606d-4788-a076-61e9663ea76b@group-26218CACBD25-FollowerState] INFO  server.RaftServerConfigKeys (ConfUtils.java:logGet(46)) - raft.server.leaderelection.pre-vote = false (custom)
2022-09-12 01:25:45,818 [03e900db-606d-4788-a076-61e9663ea76b@group-26218CACBD25-FollowerState] INFO  impl.RoleInfo (RoleInfo.java:updateAndGet(139)) - 03e900db-606d-4788-a076-61e9663ea76b: start 03e900db-606d-4788-a076-61e9663ea76b@group-26218CACBD25-LeaderElection57
2022-09-12 01:25:45,824 [EndpointStateMachine task thread for /127.0.0.1:40693 - 0 ] INFO  ipc.Client (Client.java:handleConnectionFailure(977)) - Retrying connect to server: localhost/127.0.0.1:40693. Already tried 5 time(s); retry policy is RetryUpToMaximumCountWithFixedSleep(maxRetries=15, sleepTime=1000 MILLISECONDS)
2022-09-12 01:25:45,828 [03e900db-606d-4788-a076-61e9663ea76b@group-26218CACBD25-LeaderElection57] INFO  server.RaftServer$Division (ServerState.java:setLeader(287)) - 03e900db-606d-4788-a076-61e9663ea76b@group-26218CACBD25: change Leader from c0693ef0-230a-48dd-aa8a-44a8c3878b49 to null at term 2 for ELECTION
2022-09-12 01:25:45,833 [03e900db-606d-4788-a076-61e9663ea76b@group-26218CACBD25-LeaderElection57] INFO  impl.LeaderElection (LeaderElection.java:askForVotes(310)) - 03e900db-606d-4788-a076-61e9663ea76b@group-26218CACBD25-LeaderElection57 ELECTION round 0: submit vote requests at term 3 for 0: [74f1d438-0997-4634-9c34-91afcc4dae77|rpc:127.0.0.1:37869|dataStream:|priority:0, c0693ef0-230a-48dd-aa8a-44a8c3878b49|rpc:127.0.0.1:39373|dataStream:|priority:1, 03e900db-606d-4788-a076-61e9663ea76b|rpc:127.0.0.1:33425|dataStream:|priority:0], old=null
2022-09-12 01:25:45,847 [03e900db-606d-4788-a076-61e9663ea76b@group-26218CACBD25-LeaderElection57] INFO  impl.LeaderElection (LogUtils.java:infoOrTrace(137)) - 03e900db-606d-4788-a076-61e9663ea76b@group-26218CACBD25-LeaderElection57 got exception when requesting votes: java.util.concurrent.ExecutionException: org.apache.ratis.thirdparty.io.grpc.StatusRuntimeException: UNAVAILABLE: io exception
2022-09-12 01:25:45,865 [03e900db-606d-4788-a076-61e9663ea76b@group-26218CACBD25-LeaderElection57] INFO  impl.LeaderElection (LogUtils.java:infoOrTrace(137)) - 03e900db-606d-4788-a076-61e9663ea76b@group-26218CACBD25-LeaderElection57 got exception when requesting votes: java.util.concurrent.ExecutionException: org.apache.ratis.thirdparty.io.grpc.StatusRuntimeException: UNAVAILABLE: io exception
2022-09-12 01:25:45,866 [03e900db-606d-4788-a076-61e9663ea76b@group-26218CACBD25-LeaderElection57] INFO  impl.LeaderElection (LeaderElection.java:logAndReturn(90)) - 03e900db-606d-4788-a076-61e9663ea76b@group-26218CACBD25-LeaderElection57: ELECTION REJECTED received 0 response(s) and 2 exception(s):
2022-09-12 01:25:45,866 [03e900db-606d-4788-a076-61e9663ea76b@group-26218CACBD25-LeaderElection57] INFO  impl.LeaderElection (LogUtils.java:infoOrTrace(137)) -   Exception 0: java.util.concurrent.ExecutionException: org.apache.ratis.thirdparty.io.grpc.StatusRuntimeException: UNAVAILABLE: io exception
2022-09-12 01:25:45,866 [03e900db-606d-4788-a076-61e9663ea76b@group-26218CACBD25-LeaderElection57] INFO  impl.LeaderElection (LogUtils.java:infoOrTrace(137)) -   Exception 1: java.util.concurrent.ExecutionException: org.apache.ratis.thirdparty.io.grpc.StatusRuntimeException: UNAVAILABLE: io exception
2022-09-12 01:25:45,866 [03e900db-606d-4788-a076-61e9663ea76b@group-26218CACBD25-LeaderElection57] INFO  impl.LeaderElection (LeaderElection.java:askForVotes(312)) - 03e900db-606d-4788-a076-61e9663ea76b@group-26218CACBD25-LeaderElection57 ELECTION round 0: result REJECTED
2022-09-12 01:25:45,866 [03e900db-606d-4788-a076-61e9663ea76b@group-26218CACBD25-LeaderElection57] INFO  server.RaftServer$Division (RaftServerImpl.java:setRole(299)) - 03e900db-606d-4788-a076-61e9663ea76b@group-26218CACBD25: changes role from CANDIDATE to FOLLOWER at term 3 for REJECTED
2022-09-12 01:25:45,866 [03e900db-606d-4788-a076-61e9663ea76b@group-26218CACBD25-LeaderElection57] INFO  impl.RoleInfo (RoleInfo.java:shutdownLeaderElection(130)) - 03e900db-606d-4788-a076-61e9663ea76b: shutdown 03e900db-606d-4788-a076-61e9663ea76b@group-26218CACBD25-LeaderElection57
2022-09-12 01:25:45,866 [03e900db-606d-4788-a076-61e9663ea76b@group-26218CACBD25-LeaderElection57] INFO  impl.RoleInfo (RoleInfo.java:updateAndGet(139)) - 03e900db-606d-4788-a076-61e9663ea76b: start 03e900db-606d-4788-a076-61e9663ea76b@group-26218CACBD25-FollowerState
2022-09-12 01:25:45,937 [ForkJoinPool.commonPool-worker-1] INFO  statemachine.DatanodeStateMachine (DatanodeStateMachine.java:stopDaemon(580)) - Ozone container server stopped.
2022-09-12 01:25:45,937 [Listener at 127.0.0.1/41695] INFO  statemachine.DatanodeStateMachine (DatanodeStateMachine.java:stopDaemon(580)) - Ozone container server stopped.
2022-09-12 01:25:45,959 [Listener at 127.0.0.1/41695] INFO  handler.ContextHandler (ContextHandler.java:doStop(1153)) - Stopped o.e.j.w.WebAppContext@680c14ec{hddsDatanode,/,null,STOPPED}{jar:file:/home/runner/.m2/repository/org/apache/ozone/hdds-container-service/1.3.0-SNAPSHOT/hdds-container-service-1.3.0-SNAPSHOT.jar!/webapps/hddsDatanode}
2022-09-12 01:25:45,946 [ForkJoinPool.commonPool-worker-1] INFO  handler.ContextHandler (ContextHandler.java:doStop(1153)) - Stopped o.e.j.w.WebAppContext@4b186d43{hddsDatanode,/,null,STOPPED}{jar:file:/home/runner/.m2/repository/org/apache/ozone/hdds-container-service/1.3.0-SNAPSHOT/hdds-container-service-1.3.0-SNAPSHOT.jar!/webapps/hddsDatanode}
2022-09-12 01:25:45,962 [ForkJoinPool.commonPool-worker-1] INFO  server.AbstractConnector (AbstractConnector.java:doStop(381)) - Stopped ServerConnector@7fdbb0ac{HTTP/1.1, (http/1.1)}{0.0.0.0:0}
2022-09-12 01:25:45,962 [ForkJoinPool.commonPool-worker-1] INFO  server.session (HouseKeeper.java:stopScavenging(149)) - node0 Stopped scavenging
2022-09-12 01:25:45,978 [ForkJoinPool.commonPool-worker-1] INFO  handler.ContextHandler (ContextHandler.java:doStop(1153)) - Stopped o.e.j.s.ServletContextHandler@48394ecb{static,/static,jar:file:/home/runner/.m2/repository/org/apache/ozone/hdds-container-service/1.3.0-SNAPSHOT/hdds-container-service-1.3.0-SNAPSHOT.jar!/webapps/static,STOPPED}
2022-09-12 01:25:45,985 [ForkJoinPool.commonPool-worker-1] INFO  handler.ContextHandler (ContextHandler.java:doStop(1153)) - Stopped o.e.j.s.ServletContextHandler@38e0403f{logs,/logs,file:///home/runner/work/ozone/ozone/hadoop-ozone/integration-test/target/log,STOPPED}
2022-09-12 01:25:45,985 [Listener at 127.0.0.1/41695] INFO  server.AbstractConnector (AbstractConnector.java:doStop(381)) - Stopped ServerConnector@2dacbd55{HTTP/1.1, (http/1.1)}{0.0.0.0:0}
2022-09-12 01:25:45,985 [Listener at 127.0.0.1/41695] INFO  server.session (HouseKeeper.java:stopScavenging(149)) - node0 Stopped scavenging
2022-09-12 01:25:45,985 [Listener at 127.0.0.1/41695] INFO  handler.ContextHandler (ContextHandler.java:doStop(1153)) - Stopped o.e.j.s.ServletContextHandler@7c7e0c55{static,/static,jar:file:/home/runner/.m2/repository/org/apache/ozone/hdds-container-service/1.3.0-SNAPSHOT/hdds-container-service-1.3.0-SNAPSHOT.jar!/webapps/static,STOPPED}
2022-09-12 01:25:45,985 [Listener at 127.0.0.1/41695] INFO  handler.ContextHandler (ContextHandler.java:doStop(1153)) - Stopped o.e.j.s.ServletContextHandler@1ab5f7c2{logs,/logs,file:///home/runner/work/ozone/ozone/hadoop-ozone/integration-test/target/log,STOPPED}
2022-09-12 01:25:46,024 [Datanode State Machine Daemon Thread] WARN  statemachine.StateContext (StateContext.java:setState(252)) - Ignore disallowed transition from SHUTDOWN to RUNNING
2022-09-12 01:25:46,025 [EndpointStateMachine task thread for /127.0.0.1:46755 - 0 ] INFO  ipc.Client (Client.java:handleConnectionFailure(977)) - Retrying connect to server: localhost/127.0.0.1:46755. Already tried 10 time(s); retry policy is RetryUpToMaximumCountWithFixedSleep(maxRetries=15, sleepTime=1000 MILLISECONDS)
2022-09-12 01:25:46,083 [03e900db-606d-4788-a076-61e9663ea76b@group-20B7CEE0DF6D-FollowerState] INFO  impl.FollowerState (FollowerState.java:run(143)) - 03e900db-606d-4788-a076-61e9663ea76b@group-20B7CEE0DF6D-FollowerState: change to CANDIDATE, lastRpcElapsedTime:5761265094ns, electionTimeout:5133ms
2022-09-12 01:25:46,083 [03e900db-606d-4788-a076-61e9663ea76b@group-20B7CEE0DF6D-FollowerState] INFO  impl.RoleInfo (RoleInfo.java:shutdownFollowerState(110)) - 03e900db-606d-4788-a076-61e9663ea76b: shutdown 03e900db-606d-4788-a076-61e9663ea76b@group-20B7CEE0DF6D-FollowerState
2022-09-12 01:25:46,083 [03e900db-606d-4788-a076-61e9663ea76b@group-20B7CEE0DF6D-FollowerState] INFO  server.RaftServer$Division (RaftServerImpl.java:setRole(299)) - 03e900db-606d-4788-a076-61e9663ea76b@group-20B7CEE0DF6D: changes role from  FOLLOWER to CANDIDATE at term 2 for changeToCandidate
2022-09-12 01:25:46,083 [03e900db-606d-4788-a076-61e9663ea76b@group-20B7CEE0DF6D-FollowerState] INFO  server.RaftServerConfigKeys (ConfUtils.java:logGet(46)) - raft.server.leaderelection.pre-vote = false (custom)
2022-09-12 01:25:46,083 [03e900db-606d-4788-a076-61e9663ea76b@group-20B7CEE0DF6D-FollowerState] INFO  impl.RoleInfo (RoleInfo.java:updateAndGet(139)) - 03e900db-606d-4788-a076-61e9663ea76b: start 03e900db-606d-4788-a076-61e9663ea76b@group-20B7CEE0DF6D-LeaderElection58
2022-09-12 01:25:46,100 [03e900db-606d-4788-a076-61e9663ea76b@group-20B7CEE0DF6D-LeaderElection58] INFO  server.RaftServer$Division (ServerState.java:setLeader(287)) - 03e900db-606d-4788-a076-61e9663ea76b@group-20B7CEE0DF6D: change Leader from 74f1d438-0997-4634-9c34-91afcc4dae77 to null at term 2 for ELECTION
2022-09-12 01:25:46,102 [03e900db-606d-4788-a076-61e9663ea76b@group-20B7CEE0DF6D-LeaderElection58] INFO  impl.LeaderElection (LeaderElection.java:askForVotes(310)) - 03e900db-606d-4788-a076-61e9663ea76b@group-20B7CEE0DF6D-LeaderElection58 ELECTION round 0: submit vote requests at term 3 for 0: [74f1d438-0997-4634-9c34-91afcc4dae77|rpc:127.0.0.1:37869|dataStream:|priority:1, c0693ef0-230a-48dd-aa8a-44a8c3878b49|rpc:127.0.0.1:39373|dataStream:|priority:0, 03e900db-606d-4788-a076-61e9663ea76b|rpc:127.0.0.1:33425|dataStream:|priority:0], old=null
2022-09-12 01:25:46,109 [03e900db-606d-4788-a076-61e9663ea76b@group-20B7CEE0DF6D-LeaderElection58] INFO  impl.LeaderElection (LogUtils.java:infoOrTrace(137)) - 03e900db-606d-4788-a076-61e9663ea76b@group-20B7CEE0DF6D-LeaderElection58 got exception when requesting votes: java.util.concurrent.ExecutionException: org.apache.ratis.thirdparty.io.grpc.StatusRuntimeException: UNAVAILABLE: io exception
2022-09-12 01:25:46,112 [03e900db-606d-4788-a076-61e9663ea76b@group-20B7CEE0DF6D-LeaderElection58] INFO  impl.LeaderElection (LogUtils.java:infoOrTrace(137)) - 03e900db-606d-4788-a076-61e9663ea76b@group-20B7CEE0DF6D-LeaderElection58 got exception when requesting votes: java.util.concurrent.ExecutionException: org.apache.ratis.thirdparty.io.grpc.StatusRuntimeException: UNAVAILABLE: io exception
2022-09-12 01:25:46,112 [03e900db-606d-4788-a076-61e9663ea76b@group-20B7CEE0DF6D-LeaderElection58] INFO  impl.LeaderElection (LeaderElection.java:logAndReturn(90)) - 03e900db-606d-4788-a076-61e9663ea76b@group-20B7CEE0DF6D-LeaderElection58: ELECTION REJECTED received 0 response(s) and 2 exception(s):
2022-09-12 01:25:46,112 [03e900db-606d-4788-a076-61e9663ea76b@group-20B7CEE0DF6D-LeaderElection58] INFO  impl.LeaderElection (LogUtils.java:infoOrTrace(137)) -   Exception 0: java.util.concurrent.ExecutionException: org.apache.ratis.thirdparty.io.grpc.StatusRuntimeException: UNAVAILABLE: io exception
2022-09-12 01:25:46,112 [03e900db-606d-4788-a076-61e9663ea76b@group-20B7CEE0DF6D-LeaderElection58] INFO  impl.LeaderElection (LogUtils.java:infoOrTrace(137)) -   Exception 1: java.util.concurrent.ExecutionException: org.apache.ratis.thirdparty.io.grpc.StatusRuntimeException: UNAVAILABLE: io exception
2022-09-12 01:25:46,112 [03e900db-606d-4788-a076-61e9663ea76b@group-20B7CEE0DF6D-LeaderElection58] INFO  impl.LeaderElection (LeaderElection.java:askForVotes(312)) - 03e900db-606d-4788-a076-61e9663ea76b@group-20B7CEE0DF6D-LeaderElection58 ELECTION round 0: result REJECTED
2022-09-12 01:25:46,112 [03e900db-606d-4788-a076-61e9663ea76b@group-20B7CEE0DF6D-LeaderElection58] INFO  server.RaftServer$Division (RaftServerImpl.java:setRole(299)) - 03e900db-606d-4788-a076-61e9663ea76b@group-20B7CEE0DF6D: changes role from CANDIDATE to FOLLOWER at term 3 for REJECTED
2022-09-12 01:25:46,112 [03e900db-606d-4788-a076-61e9663ea76b@group-20B7CEE0DF6D-LeaderElection58] INFO  impl.RoleInfo (RoleInfo.java:shutdownLeaderElection(130)) - 03e900db-606d-4788-a076-61e9663ea76b: shutdown 03e900db-606d-4788-a076-61e9663ea76b@group-20B7CEE0DF6D-LeaderElection58
2022-09-12 01:25:46,113 [03e900db-606d-4788-a076-61e9663ea76b@group-20B7CEE0DF6D-LeaderElection58] INFO  impl.RoleInfo (RoleInfo.java:updateAndGet(139)) - 03e900db-606d-4788-a076-61e9663ea76b: start 03e900db-606d-4788-a076-61e9663ea76b@group-20B7CEE0DF6D-FollowerState
2022-09-12 01:25:46,824 [EndpointStateMachine task thread for /127.0.0.1:40693 - 0 ] INFO  ipc.Client (Client.java:handleConnectionFailure(977)) - Retrying connect to server: localhost/127.0.0.1:40693. Already tried 6 time(s); retry policy is RetryUpToMaximumCountWithFixedSleep(maxRetries=15, sleepTime=1000 MILLISECONDS)
2022-09-12 01:25:47,025 [EndpointStateMachine task thread for /127.0.0.1:46755 - 0 ] INFO  ipc.Client (Client.java:handleConnectionFailure(977)) - Retrying connect to server: localhost/127.0.0.1:46755. Already tried 11 time(s); retry policy is RetryUpToMaximumCountWithFixedSleep(maxRetries=15, sleepTime=1000 MILLISECONDS)
2022-09-12 01:25:47,825 [EndpointStateMachine task thread for /127.0.0.1:40693 - 0 ] INFO  ipc.Client (Client.java:handleConnectionFailure(977)) - Retrying connect to server: localhost/127.0.0.1:40693. Already tried 7 time(s); retry policy is RetryUpToMaximumCountWithFixedSleep(maxRetries=15, sleepTime=1000 MILLISECONDS)
2022-09-12 01:25:48,025 [EndpointStateMachine task thread for /127.0.0.1:46755 - 0 ] INFO  ipc.Client (Client.java:handleConnectionFailure(977)) - Retrying connect to server: localhost/127.0.0.1:46755. Already tried 12 time(s); retry policy is RetryUpToMaximumCountWithFixedSleep(maxRetries=15, sleepTime=1000 MILLISECONDS)
2022-09-12 01:25:48,826 [EndpointStateMachine task thread for /127.0.0.1:40693 - 0 ] INFO  ipc.Client (Client.java:handleConnectionFailure(977)) - Retrying connect to server: localhost/127.0.0.1:40693. Already tried 8 time(s); retry policy is RetryUpToMaximumCountWithFixedSleep(maxRetries=15, sleepTime=1000 MILLISECONDS)
2022-09-12 01:25:49,026 [EndpointStateMachine task thread for /127.0.0.1:46755 - 0 ] INFO  ipc.Client (Client.java:handleConnectionFailure(977)) - Retrying connect to server: localhost/127.0.0.1:46755. Already tried 13 time(s); retry policy is RetryUpToMaximumCountWithFixedSleep(maxRetries=15, sleepTime=1000 MILLISECONDS)
2022-09-12 01:25:49,826 [EndpointStateMachine task thread for /127.0.0.1:40693 - 0 ] INFO  ipc.Client (Client.java:handleConnectionFailure(977)) - Retrying connect to server: localhost/127.0.0.1:40693. Already tried 9 time(s); retry policy is RetryUpToMaximumCountWithFixedSleep(maxRetries=15, sleepTime=1000 MILLISECONDS)
2022-09-12 01:25:50,026 [EndpointStateMachine task thread for /127.0.0.1:46755 - 0 ] INFO  ipc.Client (Client.java:handleConnectionFailure(977)) - Retrying connect to server: localhost/127.0.0.1:46755. Already tried 14 time(s); retry policy is RetryUpToMaximumCountWithFixedSleep(maxRetries=15, sleepTime=1000 MILLISECONDS)
2022-09-12 01:25:50,027 [EndpointStateMachine task thread for /127.0.0.1:46755 - 0 ] WARN  statemachine.EndpointStateMachine (EndpointStateMachine.java:logIfNeeded(241)) - Unable to communicate to SCM server at localhost:46755 for past 0 seconds.
java.net.ConnectException: Call From fv-az167-317/10.1.0.12 to localhost:46755 failed on connection exception: java.net.ConnectException: Connection refused; For more details see:  http://wiki.apache.org/hadoop/ConnectionRefused
	at sun.reflect.GeneratedConstructorAccessor52.newInstance(Unknown Source)
	at sun.reflect.DelegatingConstructorAccessorImpl.newInstance(DelegatingConstructorAccessorImpl.java:45)
	at java.lang.reflect.Constructor.newInstance(Constructor.java:423)
	at org.apache.hadoop.net.NetUtils.wrapWithMessage(NetUtils.java:913)
	at org.apache.hadoop.net.NetUtils.wrapException(NetUtils.java:828)
	at org.apache.hadoop.ipc.Client.getRpcResponse(Client.java:1577)
	at org.apache.hadoop.ipc.Client.call(Client.java:1519)
	at org.apache.hadoop.ipc.Client.call(Client.java:1416)
	at org.apache.hadoop.ipc.ProtobufRpcEngine$Invoker.invoke(ProtobufRpcEngine.java:236)
	at org.apache.hadoop.ipc.ProtobufRpcEngine$Invoker.invoke(ProtobufRpcEngine.java:123)
	at com.sun.proxy.$Proxy52.submitRequest(Unknown Source)
	at org.apache.hadoop.ozone.protocolPB.StorageContainerDatanodeProtocolClientSideTranslatorPB.submitRequest(StorageContainerDatanodeProtocolClientSideTranslatorPB.java:117)
	at org.apache.hadoop.ozone.protocolPB.StorageContainerDatanodeProtocolClientSideTranslatorPB.sendHeartbeat(StorageContainerDatanodeProtocolClientSideTranslatorPB.java:149)
	at org.apache.hadoop.ozone.container.common.states.endpoint.HeartbeatEndpointTask.call(HeartbeatEndpointTask.java:185)
	at org.apache.hadoop.ozone.container.common.states.endpoint.HeartbeatEndpointTask.call(HeartbeatEndpointTask.java:87)
	at java.util.concurrent.FutureTask.run(FutureTask.java:266)
	at java.util.concurrent.ThreadPoolExecutor.runWorker(ThreadPoolExecutor.java:1149)
	at java.util.concurrent.ThreadPoolExecutor$Worker.run(ThreadPoolExecutor.java:624)
	at java.lang.Thread.run(Thread.java:750)
Caused by: java.net.ConnectException: Connection refused
	at sun.nio.ch.SocketChannelImpl.checkConnect(Native Method)
	at sun.nio.ch.SocketChannelImpl.finishConnect(SocketChannelImpl.java:716)
	at org.apache.hadoop.net.SocketIOWithTimeout.connect(SocketIOWithTimeout.java:206)
	at org.apache.hadoop.net.NetUtils.connect(NetUtils.java:586)
	at org.apache.hadoop.ipc.Client$Connection.setupConnection(Client.java:701)
	at org.apache.hadoop.ipc.Client$Connection.setupIOstreams(Client.java:822)
	at org.apache.hadoop.ipc.Client$Connection.access$3800(Client.java:414)
	at org.apache.hadoop.ipc.Client.getConnection(Client.java:1647)
	at org.apache.hadoop.ipc.Client.call(Client.java:1463)
	... 12 more
2022-09-12 01:25:50,827 [EndpointStateMachine task thread for /127.0.0.1:40693 - 0 ] INFO  ipc.Client (Client.java:handleConnectionFailure(977)) - Retrying connect to server: localhost/127.0.0.1:40693. Already tried 10 time(s); retry policy is RetryUpToMaximumCountWithFixedSleep(maxRetries=15, sleepTime=1000 MILLISECONDS)
2022-09-12 01:25:50,956 [03e900db-606d-4788-a076-61e9663ea76b@group-26218CACBD25-FollowerState] INFO  impl.FollowerState (FollowerState.java:run(143)) - 03e900db-606d-4788-a076-61e9663ea76b@group-26218CACBD25-FollowerState: change to CANDIDATE, lastRpcElapsedTime:5090512686ns, electionTimeout:5090ms
2022-09-12 01:25:50,956 [03e900db-606d-4788-a076-61e9663ea76b@group-26218CACBD25-FollowerState] INFO  impl.RoleInfo (RoleInfo.java:shutdownFollowerState(110)) - 03e900db-606d-4788-a076-61e9663ea76b: shutdown 03e900db-606d-4788-a076-61e9663ea76b@group-26218CACBD25-FollowerState
2022-09-12 01:25:50,956 [03e900db-606d-4788-a076-61e9663ea76b@group-26218CACBD25-FollowerState] INFO  server.RaftServer$Division (RaftServerImpl.java:setRole(299)) - 03e900db-606d-4788-a076-61e9663ea76b@group-26218CACBD25: changes role from  FOLLOWER to CANDIDATE at term 3 for changeToCandidate
2022-09-12 01:25:50,956 [03e900db-606d-4788-a076-61e9663ea76b@group-26218CACBD25-FollowerState] INFO  server.RaftServerConfigKeys (ConfUtils.java:logGet(46)) - raft.server.leaderelection.pre-vote = false (custom)
2022-09-12 01:25:50,957 [03e900db-606d-4788-a076-61e9663ea76b@group-26218CACBD25-FollowerState] INFO  impl.RoleInfo (RoleInfo.java:updateAndGet(139)) - 03e900db-606d-4788-a076-61e9663ea76b: start 03e900db-606d-4788-a076-61e9663ea76b@group-26218CACBD25-LeaderElection59
2022-09-12 01:25:50,966 [03e900db-606d-4788-a076-61e9663ea76b@group-26218CACBD25-LeaderElection59] INFO  impl.LeaderElection (LeaderElection.java:askForVotes(310)) - 03e900db-606d-4788-a076-61e9663ea76b@group-26218CACBD25-LeaderElection59 ELECTION round 0: submit vote requests at term 4 for 0: [74f1d438-0997-4634-9c34-91afcc4dae77|rpc:127.0.0.1:37869|dataStream:|priority:0, c0693ef0-230a-48dd-aa8a-44a8c3878b49|rpc:127.0.0.1:39373|dataStream:|priority:1, 03e900db-606d-4788-a076-61e9663ea76b|rpc:127.0.0.1:33425|dataStream:|priority:0], old=null
2022-09-12 01:25:50,986 [03e900db-606d-4788-a076-61e9663ea76b@group-26218CACBD25-LeaderElection59] INFO  impl.LeaderElection (LogUtils.java:infoOrTrace(137)) - 03e900db-606d-4788-a076-61e9663ea76b@group-26218CACBD25-LeaderElection59 got exception when requesting votes: java.util.concurrent.ExecutionException: org.apache.ratis.thirdparty.io.grpc.StatusRuntimeException: UNAVAILABLE: io exception
2022-09-12 01:25:50,987 [ForkJoinPool.commonPool-worker-1] INFO  ozoneimpl.OzoneContainer (OzoneContainer.java:stop(400)) - Attempting to stop container services.
2022-09-12 01:25:50,992 [ForkJoinPool.commonPool-worker-1] INFO  server.RaftServer (RaftServerProxy.java:lambda$close$7(398)) - 03e900db-606d-4788-a076-61e9663ea76b: close
2022-09-12 01:25:50,993 [ForkJoinPool.commonPool-worker-1] INFO  server.RaftServer$Division (RaftServerImpl.java:lambda$close$4(434)) - 03e900db-606d-4788-a076-61e9663ea76b@group-AC284E633F92: shutdown
2022-09-12 01:25:50,993 [ForkJoinPool.commonPool-worker-1] INFO  util.JmxRegister (JmxRegister.java:unregister(73)) - Successfully un-registered JMX Bean with object name Ratis:service=RaftServer,group=group-AC284E633F92,id=03e900db-606d-4788-a076-61e9663ea76b
2022-09-12 01:25:50,993 [ForkJoinPool.commonPool-worker-1] INFO  impl.RoleInfo (RoleInfo.java:shutdownLeaderState(93)) - 03e900db-606d-4788-a076-61e9663ea76b: shutdown 03e900db-606d-4788-a076-61e9663ea76b@group-AC284E633F92-LeaderStateImpl
2022-09-12 01:25:50,993 [ForkJoinPool.commonPool-worker-1] INFO  impl.PendingRequests (PendingRequests.java:sendNotLeaderResponses(282)) - 03e900db-606d-4788-a076-61e9663ea76b@group-AC284E633F92-PendingRequests: sendNotLeaderResponses
2022-09-12 01:25:50,997 [ForkJoinPool.commonPool-worker-1] INFO  impl.StateMachineUpdater (StateMachineUpdater.java:stopAndJoin(153)) - 03e900db-606d-4788-a076-61e9663ea76b@group-AC284E633F92-StateMachineUpdater: set stopIndex = 3
2022-09-12 01:25:50,998 [03e900db-606d-4788-a076-61e9663ea76b@group-AC284E633F92-StateMachineUpdater] INFO  ratis.ContainerStateMachine (ContainerStateMachine.java:takeSnapshot(304)) - group-AC284E633F92: Taking a snapshot at:(t:1, i:3) file /home/runner/work/ozone/ozone/hadoop-ozone/integration-test/target/test-dir/MiniOzoneClusterImpl-cb4dd006-d395-492a-b682-c2bfe535b5e8/datanode-2/data/ratis/6dc43382-3a53-4f47-bfc3-ac284e633f92/sm/snapshot.1_3
2022-09-12 01:25:50,999 [03e900db-606d-4788-a076-61e9663ea76b@group-26218CACBD25-LeaderElection59] INFO  impl.LeaderElection (LogUtils.java:infoOrTrace(137)) - 03e900db-606d-4788-a076-61e9663ea76b@group-26218CACBD25-LeaderElection59 got exception when requesting votes: java.util.concurrent.ExecutionException: org.apache.ratis.thirdparty.io.grpc.StatusRuntimeException: UNAVAILABLE: io exception
2022-09-12 01:25:50,999 [03e900db-606d-4788-a076-61e9663ea76b@group-26218CACBD25-LeaderElection59] INFO  impl.LeaderElection (LeaderElection.java:logAndReturn(90)) - 03e900db-606d-4788-a076-61e9663ea76b@group-26218CACBD25-LeaderElection59: ELECTION REJECTED received 0 response(s) and 2 exception(s):
2022-09-12 01:25:50,999 [03e900db-606d-4788-a076-61e9663ea76b@group-26218CACBD25-LeaderElection59] INFO  impl.LeaderElection (LogUtils.java:infoOrTrace(137)) -   Exception 0: java.util.concurrent.ExecutionException: org.apache.ratis.thirdparty.io.grpc.StatusRuntimeException: UNAVAILABLE: io exception
2022-09-12 01:25:50,999 [03e900db-606d-4788-a076-61e9663ea76b@group-26218CACBD25-LeaderElection59] INFO  impl.LeaderElection (LogUtils.java:infoOrTrace(137)) -   Exception 1: java.util.concurrent.ExecutionException: org.apache.ratis.thirdparty.io.grpc.StatusRuntimeException: UNAVAILABLE: io exception
2022-09-12 01:25:50,999 [03e900db-606d-4788-a076-61e9663ea76b@group-26218CACBD25-LeaderElection59] INFO  impl.LeaderElection (LeaderElection.java:askForVotes(312)) - 03e900db-606d-4788-a076-61e9663ea76b@group-26218CACBD25-LeaderElection59 ELECTION round 0: result REJECTED
2022-09-12 01:25:50,999 [03e900db-606d-4788-a076-61e9663ea76b@group-26218CACBD25-LeaderElection59] INFO  server.RaftServer$Division (RaftServerImpl.java:setRole(299)) - 03e900db-606d-4788-a076-61e9663ea76b@group-26218CACBD25: changes role from CANDIDATE to FOLLOWER at term 4 for REJECTED
2022-09-12 01:25:50,999 [03e900db-606d-4788-a076-61e9663ea76b@group-26218CACBD25-LeaderElection59] INFO  impl.RoleInfo (RoleInfo.java:shutdownLeaderElection(130)) - 03e900db-606d-4788-a076-61e9663ea76b: shutdown 03e900db-606d-4788-a076-61e9663ea76b@group-26218CACBD25-LeaderElection59
2022-09-12 01:25:50,999 [03e900db-606d-4788-a076-61e9663ea76b@group-26218CACBD25-LeaderElection59] INFO  impl.RoleInfo (RoleInfo.java:updateAndGet(139)) - 03e900db-606d-4788-a076-61e9663ea76b: start 03e900db-606d-4788-a076-61e9663ea76b@group-26218CACBD25-FollowerState
2022-09-12 01:25:50,999 [03e900db-606d-4788-a076-61e9663ea76b@group-AC284E633F92-StateMachineUpdater] INFO  ratis.ContainerStateMachine (ContainerStateMachine.java:takeSnapshot(315)) - group-AC284E633F92: Finished taking a snapshot at:(t:1, i:3) file:/home/runner/work/ozone/ozone/hadoop-ozone/integration-test/target/test-dir/MiniOzoneClusterImpl-cb4dd006-d395-492a-b682-c2bfe535b5e8/datanode-2/data/ratis/6dc43382-3a53-4f47-bfc3-ac284e633f92/sm/snapshot.1_3 took: 1 ms
2022-09-12 01:25:50,999 [03e900db-606d-4788-a076-61e9663ea76b@group-AC284E633F92-StateMachineUpdater] INFO  impl.StateMachineUpdater (StateMachineUpdater.java:takeSnapshot(287)) - 03e900db-606d-4788-a076-61e9663ea76b@group-AC284E633F92-StateMachineUpdater: Took a snapshot at index 3
2022-09-12 01:25:50,999 [03e900db-606d-4788-a076-61e9663ea76b@group-AC284E633F92-StateMachineUpdater] INFO  impl.StateMachineUpdater (StateMachineUpdater.java:lambda$new$0(92)) - 03e900db-606d-4788-a076-61e9663ea76b@group-AC284E633F92-StateMachineUpdater: snapshotIndex: updateIncreasingly -1 -> 3
2022-09-12 01:25:51,000 [ForkJoinPool.commonPool-worker-1] INFO  server.RaftServer$Division (ServerState.java:close(429)) - 03e900db-606d-4788-a076-61e9663ea76b@group-AC284E633F92: closes. applyIndex: 3
2022-09-12 01:25:51,000 [03e900db-606d-4788-a076-61e9663ea76b@group-AC284E633F92-SegmentedRaftLogWorker] INFO  segmented.SegmentedRaftLogWorker (SegmentedRaftLogWorker.java:run(336)) - 03e900db-606d-4788-a076-61e9663ea76b@group-AC284E633F92-SegmentedRaftLogWorker was interrupted, exiting. There are 0 tasks remaining in the queue.
2022-09-12 01:25:51,001 [ForkJoinPool.commonPool-worker-1] INFO  segmented.SegmentedRaftLogWorker (SegmentedRaftLogWorker.java:close(246)) - 03e900db-606d-4788-a076-61e9663ea76b@group-AC284E633F92-SegmentedRaftLogWorker close()
2022-09-12 01:25:51,001 [ForkJoinPool.commonPool-worker-1] INFO  server.RaftServer$Division (RaftServerImpl.java:lambda$close$4(434)) - 03e900db-606d-4788-a076-61e9663ea76b@group-20B7CEE0DF6D: shutdown
2022-09-12 01:25:51,001 [ForkJoinPool.commonPool-worker-1] INFO  util.JmxRegister (JmxRegister.java:unregister(73)) - Successfully un-registered JMX Bean with object name Ratis:service=RaftServer,group=group-20B7CEE0DF6D,id=03e900db-606d-4788-a076-61e9663ea76b
2022-09-12 01:25:51,001 [ForkJoinPool.commonPool-worker-1] INFO  impl.RoleInfo (RoleInfo.java:shutdownFollowerState(110)) - 03e900db-606d-4788-a076-61e9663ea76b: shutdown 03e900db-606d-4788-a076-61e9663ea76b@group-20B7CEE0DF6D-FollowerState
2022-09-12 01:25:51,001 [ForkJoinPool.commonPool-worker-1] INFO  impl.StateMachineUpdater (StateMachineUpdater.java:stopAndJoin(153)) - 03e900db-606d-4788-a076-61e9663ea76b@group-20B7CEE0DF6D-StateMachineUpdater: set stopIndex = 0
2022-09-12 01:25:51,001 [03e900db-606d-4788-a076-61e9663ea76b@group-20B7CEE0DF6D-StateMachineUpdater] INFO  ratis.ContainerStateMachine (ContainerStateMachine.java:takeSnapshot(304)) - group-20B7CEE0DF6D: Taking a snapshot at:(t:2, i:0) file /home/runner/work/ozone/ozone/hadoop-ozone/integration-test/target/test-dir/MiniOzoneClusterImpl-cb4dd006-d395-492a-b682-c2bfe535b5e8/datanode-2/data/ratis/e801544d-53ff-4a18-a75b-20b7cee0df6d/sm/snapshot.2_0
2022-09-12 01:25:51,002 [03e900db-606d-4788-a076-61e9663ea76b@group-20B7CEE0DF6D-StateMachineUpdater] INFO  ratis.ContainerStateMachine (ContainerStateMachine.java:takeSnapshot(315)) - group-20B7CEE0DF6D: Finished taking a snapshot at:(t:2, i:0) file:/home/runner/work/ozone/ozone/hadoop-ozone/integration-test/target/test-dir/MiniOzoneClusterImpl-cb4dd006-d395-492a-b682-c2bfe535b5e8/datanode-2/data/ratis/e801544d-53ff-4a18-a75b-20b7cee0df6d/sm/snapshot.2_0 took: 1 ms
2022-09-12 01:25:51,002 [03e900db-606d-4788-a076-61e9663ea76b@group-20B7CEE0DF6D-FollowerState] INFO  impl.FollowerState (FollowerState.java:run(152)) - 03e900db-606d-4788-a076-61e9663ea76b@group-20B7CEE0DF6D-FollowerState was interrupted
2022-09-12 01:25:51,002 [03e900db-606d-4788-a076-61e9663ea76b@group-20B7CEE0DF6D-StateMachineUpdater] INFO  impl.StateMachineUpdater (StateMachineUpdater.java:takeSnapshot(287)) - 03e900db-606d-4788-a076-61e9663ea76b@group-20B7CEE0DF6D-StateMachineUpdater: Took a snapshot at index 0
2022-09-12 01:25:51,002 [03e900db-606d-4788-a076-61e9663ea76b@group-20B7CEE0DF6D-StateMachineUpdater] INFO  impl.StateMachineUpdater (StateMachineUpdater.java:lambda$new$0(92)) - 03e900db-606d-4788-a076-61e9663ea76b@group-20B7CEE0DF6D-StateMachineUpdater: snapshotIndex: updateIncreasingly -1 -> 0
2022-09-12 01:25:51,002 [ForkJoinPool.commonPool-worker-1] INFO  server.RaftServer$Division (ServerState.java:close(429)) - 03e900db-606d-4788-a076-61e9663ea76b@group-20B7CEE0DF6D: closes. applyIndex: 0
2022-09-12 01:25:51,002 [03e900db-606d-4788-a076-61e9663ea76b@group-20B7CEE0DF6D-SegmentedRaftLogWorker] INFO  segmented.SegmentedRaftLogWorker (SegmentedRaftLogWorker.java:run(336)) - 03e900db-606d-4788-a076-61e9663ea76b@group-20B7CEE0DF6D-SegmentedRaftLogWorker was interrupted, exiting. There are 0 tasks remaining in the queue.
2022-09-12 01:25:51,002 [ForkJoinPool.commonPool-worker-1] INFO  segmented.SegmentedRaftLogWorker (SegmentedRaftLogWorker.java:close(246)) - 03e900db-606d-4788-a076-61e9663ea76b@group-20B7CEE0DF6D-SegmentedRaftLogWorker close()
2022-09-12 01:25:51,002 [ForkJoinPool.commonPool-worker-1] INFO  server.RaftServer$Division (RaftServerImpl.java:lambda$close$4(434)) - 03e900db-606d-4788-a076-61e9663ea76b@group-26218CACBD25: shutdown
2022-09-12 01:25:51,003 [ForkJoinPool.commonPool-worker-1] INFO  util.JmxRegister (JmxRegister.java:unregister(73)) - Successfully un-registered JMX Bean with object name Ratis:service=RaftServer,group=group-26218CACBD25,id=03e900db-606d-4788-a076-61e9663ea76b
2022-09-12 01:25:51,003 [ForkJoinPool.commonPool-worker-1] INFO  impl.RoleInfo (RoleInfo.java:shutdownFollowerState(110)) - 03e900db-606d-4788-a076-61e9663ea76b: shutdown 03e900db-606d-4788-a076-61e9663ea76b@group-26218CACBD25-FollowerState
2022-09-12 01:25:51,003 [ForkJoinPool.commonPool-worker-1] INFO  impl.StateMachineUpdater (StateMachineUpdater.java:stopAndJoin(153)) - 03e900db-606d-4788-a076-61e9663ea76b@group-26218CACBD25-StateMachineUpdater: set stopIndex = 0
2022-09-12 01:25:51,003 [03e900db-606d-4788-a076-61e9663ea76b@group-26218CACBD25-StateMachineUpdater] INFO  ratis.ContainerStateMachine (ContainerStateMachine.java:takeSnapshot(304)) - group-26218CACBD25: Taking a snapshot at:(t:2, i:0) file /home/runner/work/ozone/ozone/hadoop-ozone/integration-test/target/test-dir/MiniOzoneClusterImpl-cb4dd006-d395-492a-b682-c2bfe535b5e8/datanode-2/data/ratis/e06de977-4479-41a0-a697-26218cacbd25/sm/snapshot.2_0
2022-09-12 01:25:51,003 [03e900db-606d-4788-a076-61e9663ea76b@group-26218CACBD25-StateMachineUpdater] INFO  ratis.ContainerStateMachine (ContainerStateMachine.java:takeSnapshot(315)) - group-26218CACBD25: Finished taking a snapshot at:(t:2, i:0) file:/home/runner/work/ozone/ozone/hadoop-ozone/integration-test/target/test-dir/MiniOzoneClusterImpl-cb4dd006-d395-492a-b682-c2bfe535b5e8/datanode-2/data/ratis/e06de977-4479-41a0-a697-26218cacbd25/sm/snapshot.2_0 took: 0 ms
2022-09-12 01:25:51,003 [03e900db-606d-4788-a076-61e9663ea76b@group-26218CACBD25-StateMachineUpdater] INFO  impl.StateMachineUpdater (StateMachineUpdater.java:takeSnapshot(287)) - 03e900db-606d-4788-a076-61e9663ea76b@group-26218CACBD25-StateMachineUpdater: Took a snapshot at index 0
2022-09-12 01:25:51,003 [03e900db-606d-4788-a076-61e9663ea76b@group-26218CACBD25-StateMachineUpdater] INFO  impl.StateMachineUpdater (StateMachineUpdater.java:lambda$new$0(92)) - 03e900db-606d-4788-a076-61e9663ea76b@group-26218CACBD25-StateMachineUpdater: snapshotIndex: updateIncreasingly -1 -> 0
2022-09-12 01:25:51,004 [ForkJoinPool.commonPool-worker-1] INFO  server.RaftServer$Division (ServerState.java:close(429)) - 03e900db-606d-4788-a076-61e9663ea76b@group-26218CACBD25: closes. applyIndex: 0
2022-09-12 01:25:51,004 [03e900db-606d-4788-a076-61e9663ea76b@group-26218CACBD25-SegmentedRaftLogWorker] INFO  segmented.SegmentedRaftLogWorker (SegmentedRaftLogWorker.java:run(336)) - 03e900db-606d-4788-a076-61e9663ea76b@group-26218CACBD25-SegmentedRaftLogWorker was interrupted, exiting. There are 0 tasks remaining in the queue.
2022-09-12 01:25:51,004 [ForkJoinPool.commonPool-worker-1] INFO  segmented.SegmentedRaftLogWorker (SegmentedRaftLogWorker.java:close(246)) - 03e900db-606d-4788-a076-61e9663ea76b@group-26218CACBD25-SegmentedRaftLogWorker close()
2022-09-12 01:25:51,005 [ForkJoinPool.commonPool-worker-1] INFO  server.GrpcService (GrpcService.java:closeImpl(269)) - 03e900db-606d-4788-a076-61e9663ea76b: shutdown server with port 33425 now
2022-09-12 01:25:51,008 [03e900db-606d-4788-a076-61e9663ea76b@group-26218CACBD25-FollowerState] INFO  impl.FollowerState (FollowerState.java:shouldRun(117)) - 03e900db-606d-4788-a076-61e9663ea76b@group-26218CACBD25-FollowerState: Stopping now (isRunning? false, role = FOLLOWER)
2022-09-12 01:25:51,009 [ForkJoinPool.commonPool-worker-1] INFO  server.GrpcService (GrpcService.java:closeImpl(278)) - 03e900db-606d-4788-a076-61e9663ea76b: shutdown server with port 33425 successfully
2022-09-12 01:25:51,009 [org.apache.ratis.util.JvmPauseMonitor$$Lambda$605/1445225850@1eea864f] INFO  util.JvmPauseMonitor (JvmPauseMonitor.java:run(109)) - JvmPauseMonitor-03e900db-606d-4788-a076-61e9663ea76b: Stopped
2022-09-12 01:25:51,028 [EndpointStateMachine task thread for /127.0.0.1:46755 - 0 ] INFO  ipc.Client (Client.java:handleConnectionFailure(977)) - Retrying connect to server: localhost/127.0.0.1:46755. Already tried 0 time(s); retry policy is RetryUpToMaximumCountWithFixedSleep(maxRetries=15, sleepTime=1000 MILLISECONDS)
2022-09-12 01:25:51,827 [EndpointStateMachine task thread for /127.0.0.1:40693 - 0 ] INFO  ipc.Client (Client.java:handleConnectionFailure(977)) - Retrying connect to server: localhost/127.0.0.1:40693. Already tried 11 time(s); retry policy is RetryUpToMaximumCountWithFixedSleep(maxRetries=15, sleepTime=1000 MILLISECONDS)
2022-09-12 01:25:52,028 [EndpointStateMachine task thread for /127.0.0.1:46755 - 0 ] INFO  ipc.Client (Client.java:handleConnectionFailure(977)) - Retrying connect to server: localhost/127.0.0.1:46755. Already tried 1 time(s); retry policy is RetryUpToMaximumCountWithFixedSleep(maxRetries=15, sleepTime=1000 MILLISECONDS)
2022-09-12 01:25:52,828 [EndpointStateMachine task thread for /127.0.0.1:40693 - 0 ] INFO  ipc.Client (Client.java:handleConnectionFailure(977)) - Retrying connect to server: localhost/127.0.0.1:40693. Already tried 12 time(s); retry policy is RetryUpToMaximumCountWithFixedSleep(maxRetries=15, sleepTime=1000 MILLISECONDS)
2022-09-12 01:25:53,031 [ForkJoinPool.commonPool-worker-1] INFO  utils.BackgroundService (BackgroundService.java:shutdown(141)) - Shutting down service BlockDeletingService
2022-09-12 01:25:53,032 [EndpointStateMachine task thread for /127.0.0.1:46755 - 0 ] INFO  ipc.Client (Client.java:handleConnectionFailure(977)) - Retrying connect to server: localhost/127.0.0.1:46755. Already tried 2 time(s); retry policy is RetryUpToMaximumCountWithFixedSleep(maxRetries=15, sleepTime=1000 MILLISECONDS)
2022-09-12 01:25:53,033 [ForkJoinPool.commonPool-worker-1] INFO  utils.BackgroundService (BackgroundService.java:shutdown(141)) - Shutting down service StaleRecoveringContainerScrubbingService
2022-09-12 01:25:53,828 [EndpointStateMachine task thread for /127.0.0.1:40693 - 0 ] INFO  ipc.Client (Client.java:handleConnectionFailure(977)) - Retrying connect to server: localhost/127.0.0.1:40693. Already tried 13 time(s); retry policy is RetryUpToMaximumCountWithFixedSleep(maxRetries=15, sleepTime=1000 MILLISECONDS)
2022-09-12 01:25:54,040 [EndpointStateMachine task thread for /127.0.0.1:46755 - 0 ] INFO  ipc.Client (Client.java:handleConnectionFailure(977)) - Retrying connect to server: localhost/127.0.0.1:46755. Already tried 3 time(s); retry policy is RetryUpToMaximumCountWithFixedSleep(maxRetries=15, sleepTime=1000 MILLISECONDS)
2022-09-12 01:25:54,829 [EndpointStateMachine task thread for /127.0.0.1:40693 - 0 ] INFO  ipc.Client (Client.java:handleConnectionFailure(977)) - Retrying connect to server: localhost/127.0.0.1:40693. Already tried 14 time(s); retry policy is RetryUpToMaximumCountWithFixedSleep(maxRetries=15, sleepTime=1000 MILLISECONDS)
2022-09-12 01:25:55,041 [EndpointStateMachine task thread for /127.0.0.1:46755 - 0 ] INFO  ipc.Client (Client.java:handleConnectionFailure(977)) - Retrying connect to server: localhost/127.0.0.1:46755. Already tried 4 time(s); retry policy is RetryUpToMaximumCountWithFixedSleep(maxRetries=15, sleepTime=1000 MILLISECONDS)
2022-09-12 01:25:55,830 [EndpointStateMachine task thread for /127.0.0.1:40693 - 0 ] INFO  ipc.Client (Client.java:handleConnectionFailure(977)) - Retrying connect to server: localhost/127.0.0.1:40693. Already tried 0 time(s); retry policy is RetryUpToMaximumCountWithFixedSleep(maxRetries=15, sleepTime=1000 MILLISECONDS)
2022-09-12 01:25:56,048 [EndpointStateMachine task thread for /127.0.0.1:46755 - 0 ] INFO  ipc.Client (Client.java:handleConnectionFailure(977)) - Retrying connect to server: localhost/127.0.0.1:46755. Already tried 5 time(s); retry policy is RetryUpToMaximumCountWithFixedSleep(maxRetries=15, sleepTime=1000 MILLISECONDS)
2022-09-12 01:25:56,060 [ForkJoinPool.commonPool-worker-1] INFO  statemachine.DatanodeStateMachine (DatanodeStateMachine.java:stopDaemon(580)) - Ozone container server stopped.
2022-09-12 01:25:56,097 [ForkJoinPool.commonPool-worker-1] INFO  handler.ContextHandler (ContextHandler.java:doStop(1153)) - Stopped o.e.j.w.WebAppContext@50953163{hddsDatanode,/,null,STOPPED}{jar:file:/home/runner/.m2/repository/org/apache/ozone/hdds-container-service/1.3.0-SNAPSHOT/hdds-container-service-1.3.0-SNAPSHOT.jar!/webapps/hddsDatanode}
2022-09-12 01:25:56,107 [ForkJoinPool.commonPool-worker-1] INFO  server.AbstractConnector (AbstractConnector.java:doStop(381)) - Stopped ServerConnector@145fe5ce{HTTP/1.1, (http/1.1)}{0.0.0.0:0}
2022-09-12 01:25:56,107 [ForkJoinPool.commonPool-worker-1] INFO  server.session (HouseKeeper.java:stopScavenging(149)) - node0 Stopped scavenging
2022-09-12 01:25:56,111 [ForkJoinPool.commonPool-worker-1] INFO  handler.ContextHandler (ContextHandler.java:doStop(1153)) - Stopped o.e.j.s.ServletContextHandler@7ba70d9{static,/static,jar:file:/home/runner/.m2/repository/org/apache/ozone/hdds-container-service/1.3.0-SNAPSHOT/hdds-container-service-1.3.0-SNAPSHOT.jar!/webapps/static,STOPPED}
2022-09-12 01:25:56,113 [ForkJoinPool.commonPool-worker-1] INFO  handler.ContextHandler (ContextHandler.java:doStop(1153)) - Stopped o.e.j.s.ServletContextHandler@7908de7f{logs,/logs,file:///home/runner/work/ozone/ozone/hadoop-ozone/integration-test/target/log,STOPPED}
]]></system-out>
  </testcase>
  <testcase name="testDecommission" classname="org.apache.hadoop.ozone.om.TestAddRemoveOzoneManager" time="57.264">
    <system-out><![CDATA[2022-09-12 01:25:56,358 [Listener at 127.0.0.1/41695] WARN  server.ServerUtils (ServerUtils.java:getScmDbDir(148)) - ozone.scm.db.dirs is not configured. We recommend adding this setting. Falling back to ozone.metadata.dirs instead.
2022-09-12 01:25:56,359 [Listener at 127.0.0.1/41695] INFO  ha.SCMHANodeDetails (SCMHANodeDetails.java:loadSCMHAConfig(209)) - ServiceID for StorageContainerManager is scmServiceId
2022-09-12 01:25:56,359 [Listener at 127.0.0.1/41695] INFO  ha.SCMHANodeDetails (SCMHANodeDetails.java:loadSCMHAConfig(220)) - ServiceID for StorageContainerManager is scmServiceId
2022-09-12 01:25:56,359 [Listener at 127.0.0.1/41695] INFO  ha.SCMHANodeDetails (SCMHANodeDetails.java:loadSCMHAConfig(307)) - Found matching SCM address with SCMServiceId: scmServiceId, SCMNodeId: scmNode-1, RPC Address: localhost:35981 and Ratis port: 35981
2022-09-12 01:25:56,359 [Listener at 127.0.0.1/41695] INFO  ha.SCMHANodeDetails (ConfUtils.java:setNodeSpecificConfigs(97)) - Setting configuration key ozone.scm.datanode.address with value of key ozone.scm.datanode.address.scmServiceId.scmNode-1: 127.0.0.1:36745
2022-09-12 01:25:56,359 [Listener at 127.0.0.1/41695] INFO  ha.SCMHANodeDetails (ConfUtils.java:setNodeSpecificConfigs(97)) - Setting configuration key ozone.scm.block.client.address with value of key ozone.scm.block.client.address.scmServiceId.scmNode-1: 127.0.0.1:33243
2022-09-12 01:25:56,359 [Listener at 127.0.0.1/41695] INFO  ha.SCMHANodeDetails (ConfUtils.java:setNodeSpecificConfigs(97)) - Setting configuration key ozone.scm.client.address with value of key ozone.scm.client.address.scmServiceId.scmNode-1: 127.0.0.1:36969
2022-09-12 01:25:56,360 [Listener at 127.0.0.1/41695] INFO  ha.SCMHANodeDetails (ConfUtils.java:setNodeSpecificConfigs(97)) - Setting configuration key ozone.scm.ratis.port with value of key ozone.scm.ratis.port.scmServiceId.scmNode-1: 35981
2022-09-12 01:25:56,389 [Listener at 127.0.0.1/41695] INFO  ha.SCMHANodeDetails (ConfUtils.java:setNodeSpecificConfigs(97)) - Setting configuration key ozone.scm.grpc.port with value of key ozone.scm.grpc.port.scmServiceId.scmNode-1: 43207
2022-09-12 01:25:56,390 [Listener at 127.0.0.1/41695] INFO  ha.SCMHANodeDetails (ConfUtils.java:setNodeSpecificConfigs(97)) - Setting configuration key ozone.scm.http-address with value of key ozone.scm.http-address.scmServiceId.scmNode-1: 127.0.0.1:35323
2022-09-12 01:25:56,390 [Listener at 127.0.0.1/41695] INFO  ha.SCMHANodeDetails (ConfUtils.java:setNodeSpecificConfigs(97)) - Setting configuration key ozone.scm.https-address with value of key ozone.scm.https-address.scmServiceId.scmNode-1: 127.0.0.1:38739
2022-09-12 01:25:56,390 [Listener at 127.0.0.1/41695] INFO  ha.SCMHANodeDetails (ConfUtils.java:setNodeSpecificConfigs(97)) - Setting configuration key ozone.scm.address with value of key ozone.scm.address.scmServiceId.scmNode-1: 127.0.0.1
2022-09-12 01:25:56,390 [Listener at 127.0.0.1/41695] WARN  scm.ScmUtils (ScmUtils.java:logWarn(179)) - ConfigKey ozone.scm.block.client.address is deprecated, For configuring different ports for each SCM use PortConfigKey ozone.scm.block.client.port appended with serviceId and nodeId. If want to configure same port configure ozone.scm.block.client.port
2022-09-12 01:25:56,390 [Listener at 127.0.0.1/41695] WARN  scm.ScmUtils (ScmUtils.java:logWarn(179)) - ConfigKey ozone.scm.client.address is deprecated, For configuring different ports for each SCM use PortConfigKey ozone.scm.client.port appended with serviceId and nodeId. If want to configure same port configure ozone.scm.client.port
2022-09-12 01:25:56,390 [Listener at 127.0.0.1/41695] WARN  scm.ScmUtils (ScmUtils.java:logWarn(179)) - ConfigKey ozone.scm.datanode.address is deprecated, For configuring different ports for each SCM use PortConfigKey ozone.scm.datanode.port appended with serviceId and nodeId. If want to configure same port configure ozone.scm.datanode.port
2022-09-12 01:25:56,394 [Listener at 127.0.0.1/41695] INFO  server.RaftServer (ConfUtils.java:logGet(46)) - raft.rpc.type = GRPC (default)
2022-09-12 01:25:56,395 [Listener at 127.0.0.1/41695] INFO  grpc.GrpcFactory (GrpcFactory.java:checkPooledByteBufAllocatorUseCacheForAllThreads(48)) - PERFORMANCE WARNING: useCacheForAllThreads is true that may cause Netty to create a lot garbage objects and, as a result, trigger GC.
	It is recommended to disable useCacheForAllThreads by setting -Dorg.apache.ratis.thirdparty.io.netty.allocator.useCacheForAllThreads=false in command line.
2022-09-12 01:25:56,395 [Listener at 127.0.0.1/41695] INFO  grpc.GrpcConfigKeys (ConfUtils.java:logGet(46)) - raft.grpc.admin.port = -1 (default)
2022-09-12 01:25:56,396 [Listener at 127.0.0.1/41695] INFO  grpc.GrpcConfigKeys (ConfUtils.java:logGet(46)) - raft.grpc.server.port = 35981 (custom)
2022-09-12 01:25:56,396 [Listener at 127.0.0.1/41695] INFO  grpc.GrpcConfigKeys (ConfUtils.java:logGet(46)) - raft.grpc.client.port = -1 (default)
2022-09-12 01:25:56,397 [Listener at 127.0.0.1/41695] INFO  grpc.GrpcConfigKeys (ConfUtils.java:logGet(46)) - raft.grpc.server.port = 35981 (custom)
2022-09-12 01:25:56,397 [Listener at 127.0.0.1/41695] INFO  grpc.GrpcConfigKeys (ConfUtils.java:logGet(46)) - raft.grpc.server.port = 35981 (custom)
2022-09-12 01:25:56,397 [Listener at 127.0.0.1/41695] INFO  server.GrpcService (ConfUtils.java:logGet(46)) - raft.grpc.message.size.max = 32m (=33554432) (custom)
2022-09-12 01:25:56,397 [Listener at 127.0.0.1/41695] INFO  server.RaftServerConfigKeys (ConfUtils.java:logGet(46)) - raft.server.log.appender.buffer.byte-limit = 33554432 (custom)
2022-09-12 01:25:56,397 [Listener at 127.0.0.1/41695] INFO  server.GrpcService (ConfUtils.java:logGet(46)) - raft.grpc.flow.control.window = 1MB (=1048576) (default)
2022-09-12 01:25:56,397 [Listener at 127.0.0.1/41695] INFO  server.RaftServerConfigKeys (ConfUtils.java:logGet(46)) - raft.server.rpc.request.timeout = 30000ms (custom)
2022-09-12 01:25:56,398 [Listener at 127.0.0.1/41695] INFO  grpc.GrpcConfigKeys (ConfUtils.java:logGet(46)) - raft.grpc.server.async.request.thread.pool.cached = true (default)
2022-09-12 01:25:56,398 [Listener at 127.0.0.1/41695] INFO  grpc.GrpcConfigKeys (ConfUtils.java:logGet(46)) - raft.grpc.server.async.request.thread.pool.size = 32 (default)
2022-09-12 01:25:56,403 [Listener at 127.0.0.1/41695] INFO  impl.DataStreamServerImpl (ConfUtils.java:logGet(46)) - raft.datastream.type = DISABLED (default)
2022-09-12 01:25:56,403 [Listener at 127.0.0.1/41695] INFO  server.RaftServerConfigKeys (ConfUtils.java:logGet(46)) - raft.server.threadpool.proxy.cached = true (default)
2022-09-12 01:25:56,403 [Listener at 127.0.0.1/41695] INFO  server.RaftServerConfigKeys (ConfUtils.java:logGet(46)) - raft.server.threadpool.proxy.size = 0 (default)
2022-09-12 01:25:56,403 [Listener at 127.0.0.1/41695] INFO  server.RaftServerConfigKeys (ConfUtils.java:logGet(46)) - raft.server.rpc.slowness.timeout = 120000ms (custom)
2022-09-12 01:25:56,404 [Listener at 127.0.0.1/41695] INFO  server.RaftServerConfigKeys (ConfUtils.java:logGet(46)) - raft.server.leaderelection.leader.step-down.wait-time = 10s (default)
2022-09-12 01:25:56,404 [Listener at 127.0.0.1/41695] INFO  server.RaftServerConfigKeys (ConfUtils.java:logGet(46)) - raft.server.storage.dir = [/home/runner/work/ozone/ozone/hadoop-ozone/integration-test/target/test-dir/MiniOzoneClusterImpl-a920e810-7507-4246-9d07-cfa876092e00/scmNode-1/scm-ha] (custom)
2022-09-12 01:25:56,411 [Listener at 127.0.0.1/41695] INFO  server.RaftServer (RaftServerProxy.java:addNew(96)) - 6f1953f9-25aa-4157-82c9-d49674ab9c3c: addNew group-CFA876092E00:[6f1953f9-25aa-4157-82c9-d49674ab9c3c|rpc:localhost:35981|priority:0] returns group-CFA876092E00:java.util.concurrent.CompletableFuture@4cbef45c[Not completed]
2022-09-12 01:25:56,411 [pool-464-thread-1] INFO  server.RaftServer$Division (RaftServerImpl.java:<init>(190)) - 6f1953f9-25aa-4157-82c9-d49674ab9c3c: new RaftServerImpl for group-CFA876092E00:[6f1953f9-25aa-4157-82c9-d49674ab9c3c|rpc:localhost:35981|priority:0] with SCMStateMachine:uninitialized
2022-09-12 01:25:56,411 [pool-464-thread-1] INFO  server.RaftServerConfigKeys (ConfUtils.java:logGet(46)) - raft.server.rpc.timeout.min = 5000ms (custom)
2022-09-12 01:25:56,411 [pool-464-thread-1] INFO  server.RaftServerConfigKeys (ConfUtils.java:logGet(46)) - raft.server.rpc.timeout.max = 5200ms (custom)
2022-09-12 01:25:56,411 [pool-464-thread-1] INFO  server.RaftServerConfigKeys (ConfUtils.java:logGet(46)) - raft.server.rpc.sleep.time = 25ms (default)
2022-09-12 01:25:56,411 [pool-464-thread-1] INFO  server.RaftServerConfigKeys (ConfUtils.java:logGet(46)) - raft.server.rpc.slowness.timeout = 120000ms (custom)
2022-09-12 01:25:56,411 [pool-464-thread-1] INFO  server.RaftServerConfigKeys (ConfUtils.java:logGet(46)) - raft.server.leaderelection.leader.step-down.wait-time = 10s (default)
2022-09-12 01:25:56,411 [pool-464-thread-1] INFO  server.RaftServerConfigKeys (ConfUtils.java:logGet(46)) - raft.server.sleep.deviation.threshold = 300ms (default)
2022-09-12 01:25:56,412 [pool-464-thread-1] INFO  server.RaftServer$Division (ServerState.java:<init>(107)) - 6f1953f9-25aa-4157-82c9-d49674ab9c3c@group-CFA876092E00: ConfigurationManager, init=-1: [6f1953f9-25aa-4157-82c9-d49674ab9c3c|rpc:localhost:35981|priority:0], old=null, confs=<EMPTY_MAP>
2022-09-12 01:25:56,412 [pool-464-thread-1] INFO  server.RaftServerConfigKeys (ConfUtils.java:logGet(46)) - raft.server.storage.dir = [/home/runner/work/ozone/ozone/hadoop-ozone/integration-test/target/test-dir/MiniOzoneClusterImpl-a920e810-7507-4246-9d07-cfa876092e00/scmNode-1/scm-ha] (custom)
2022-09-12 01:25:56,412 [pool-464-thread-1] INFO  server.RaftServerConfigKeys (ConfUtils.java:logGet(46)) - raft.server.log.corruption.policy = EXCEPTION (default)
2022-09-12 01:25:56,412 [pool-464-thread-1] INFO  server.RaftServerConfigKeys (ConfUtils.java:logGet(46)) - raft.server.storage.free-space.min = 0MB (=0) (default)
2022-09-12 01:25:56,412 [pool-464-thread-1] INFO  storage.RaftStorageDirectory (RaftStorageDirectoryImpl.java:analyzeStorage(135)) - The storage directory /home/runner/work/ozone/ozone/hadoop-ozone/integration-test/target/test-dir/MiniOzoneClusterImpl-a920e810-7507-4246-9d07-cfa876092e00/scmNode-1/scm-ha/a920e810-7507-4246-9d07-cfa876092e00 does not exist. Creating ...
2022-09-12 01:25:56,425 [pool-464-thread-1] INFO  storage.RaftStorageDirectory (RaftStorageDirectoryImpl.java:tryLock(230)) - Lock on /home/runner/work/ozone/ozone/hadoop-ozone/integration-test/target/test-dir/MiniOzoneClusterImpl-a920e810-7507-4246-9d07-cfa876092e00/scmNode-1/scm-ha/a920e810-7507-4246-9d07-cfa876092e00/in_use.lock acquired by nodename 51693@fv-az167-317
2022-09-12 01:25:56,426 [pool-464-thread-1] INFO  storage.RaftStorage (RaftStorageImpl.java:format(89)) - Storage directory /home/runner/work/ozone/ozone/hadoop-ozone/integration-test/target/test-dir/MiniOzoneClusterImpl-a920e810-7507-4246-9d07-cfa876092e00/scmNode-1/scm-ha/a920e810-7507-4246-9d07-cfa876092e00 has been successfully formatted.
2022-09-12 01:25:56,426 [pool-464-thread-1] INFO  server.RaftServerConfigKeys (ConfUtils.java:logGet(46)) - raft.server.notification.no-leader.timeout = 60s (default)
2022-09-12 01:25:56,426 [pool-464-thread-1] INFO  server.RaftServerConfigKeys (ConfUtils.java:logGet(46)) - raft.server.log.use.memory = false (default)
2022-09-12 01:25:56,426 [pool-464-thread-1] INFO  server.RaftServerConfigKeys (ConfUtils.java:logGet(46)) - raft.server.log.purge.gap = 1000000 (custom)
2022-09-12 01:25:56,426 [pool-464-thread-1] INFO  server.RaftServerConfigKeys (ConfUtils.java:logGet(46)) - raft.server.log.appender.buffer.byte-limit = 33554432 (custom)
2022-09-12 01:25:56,426 [pool-464-thread-1] INFO  server.RaftServerConfigKeys (ConfUtils.java:logGet(46)) - raft.server.log.statemachine.data.read.timeout = 1000ms (default)
2022-09-12 01:25:56,427 [pool-464-thread-1] INFO  server.RaftServerConfigKeys (ConfUtils.java:logGet(46)) - raft.server.log.segment.size.max = 4194304 (custom)
2022-09-12 01:25:56,427 [pool-464-thread-1] INFO  server.RaftServerConfigKeys (ConfUtils.java:logGet(46)) - raft.server.log.segment.cache.num.max = 2 (custom)
2022-09-12 01:25:56,427 [pool-464-thread-1] INFO  server.RaftServerConfigKeys (ConfUtils.java:logGet(46)) - raft.server.log.segment.cache.size.max = 200MB (=209715200) (default)
2022-09-12 01:25:56,427 [pool-464-thread-1] INFO  segmented.SegmentedRaftLogWorker (SegmentedRaftLogWorker.java:<init>(187)) - new 6f1953f9-25aa-4157-82c9-d49674ab9c3c@group-CFA876092E00-SegmentedRaftLogWorker for RaftStorageImpl:Storage Directory /home/runner/work/ozone/ozone/hadoop-ozone/integration-test/target/test-dir/MiniOzoneClusterImpl-a920e810-7507-4246-9d07-cfa876092e00/scmNode-1/scm-ha/a920e810-7507-4246-9d07-cfa876092e00
2022-09-12 01:25:56,427 [pool-464-thread-1] INFO  server.RaftServerConfigKeys (ConfUtils.java:logGet(46)) - raft.server.log.queue.byte-limit = 64MB (=67108864) (default)
2022-09-12 01:25:56,427 [pool-464-thread-1] INFO  server.RaftServerConfigKeys (ConfUtils.java:logGet(46)) - raft.server.log.queue.element-limit = 4096 (default)
2022-09-12 01:25:56,427 [pool-464-thread-1] INFO  server.RaftServerConfigKeys (ConfUtils.java:logGet(46)) - raft.server.log.segment.size.max = 4194304 (custom)
2022-09-12 01:25:56,427 [pool-464-thread-1] INFO  server.RaftServerConfigKeys (ConfUtils.java:logGet(46)) - raft.server.log.preallocated.size = 4194304 (custom)
2022-09-12 01:25:56,427 [pool-464-thread-1] INFO  server.RaftServerConfigKeys (ConfUtils.java:logGet(46)) - raft.server.log.force.sync.num = 128 (default)
2022-09-12 01:25:56,427 [pool-464-thread-1] INFO  server.RaftServerConfigKeys (ConfUtils.java:logGet(46)) - raft.server.log.statemachine.data.sync = true (default)
2022-09-12 01:25:56,427 [pool-464-thread-1] INFO  server.RaftServerConfigKeys (ConfUtils.java:logGet(46)) - raft.server.log.statemachine.data.sync.timeout = 10s (default)
2022-09-12 01:25:56,427 [pool-464-thread-1] INFO  server.RaftServerConfigKeys (ConfUtils.java:logGet(46)) - raft.server.log.statemachine.data.sync.timeout.retry = -1 (default)
2022-09-12 01:25:56,428 [pool-464-thread-1] INFO  server.RaftServerConfigKeys (ConfUtils.java:logGet(46)) - raft.server.log.write.buffer.size = 64KB (=65536) (default)
2022-09-12 01:25:56,428 [pool-464-thread-1] INFO  server.RaftServerConfigKeys (ConfUtils.java:logGet(46)) - raft.server.log.unsafe-flush.enabled = false (default)
2022-09-12 01:25:56,428 [pool-464-thread-1] INFO  server.RaftServerConfigKeys (ConfUtils.java:logGet(46)) - raft.server.log.statemachine.data.caching.enabled = false (default)
2022-09-12 01:25:56,428 [pool-464-thread-1] INFO  segmented.SegmentedRaftLogWorker (SegmentedRaftLogWorker.java:lambda$new$0(135)) - 6f1953f9-25aa-4157-82c9-d49674ab9c3c@group-CFA876092E00-SegmentedRaftLogWorker: flushIndex: setUnconditionally 0 -> -1
2022-09-12 01:25:56,428 [pool-464-thread-1] INFO  segmented.SegmentedRaftLogWorker (SegmentedRaftLogWorker.java:lambda$new$0(135)) - 6f1953f9-25aa-4157-82c9-d49674ab9c3c@group-CFA876092E00-SegmentedRaftLogWorker: safeCacheEvictIndex: setUnconditionally 0 -> -1
2022-09-12 01:25:56,451 [pool-464-thread-1] INFO  server.RaftServerConfigKeys (ConfUtils.java:logGet(46)) - raft.server.snapshot.auto.trigger.enabled = true (custom)
2022-09-12 01:25:56,451 [pool-464-thread-1] INFO  server.RaftServerConfigKeys (ConfUtils.java:logGet(46)) - raft.server.snapshot.auto.trigger.threshold = 1000 (custom)
2022-09-12 01:25:56,451 [pool-464-thread-1] INFO  server.RaftServerConfigKeys (ConfUtils.java:logGet(46)) - raft.server.snapshot.retention.file.num = -1 (default)
2022-09-12 01:25:56,451 [pool-464-thread-1] INFO  server.RaftServerConfigKeys (ConfUtils.java:logGet(46)) - raft.server.log.purge.upto.snapshot.index = false (default)
2022-09-12 01:25:56,451 [pool-464-thread-1] INFO  server.RaftServerConfigKeys (ConfUtils.java:logGet(46)) - raft.server.retrycache.expirytime = 60000ms (default)
2022-09-12 01:25:56,451 [pool-464-thread-1] INFO  server.RaftServerConfigKeys (ConfUtils.java:logGet(46)) - raft.server.retrycache.statistics.expirytime = 100μs (default)
2022-09-12 01:25:56,452 [pool-464-thread-1] INFO  server.RaftServerConfigKeys (ConfUtils.java:logGet(46)) - raft.server.log.appender.install.snapshot.enabled = false (custom)
2022-09-12 01:25:56,452 [pool-464-thread-1] INFO  server.RaftServerConfigKeys (ConfUtils.java:logGet(46)) - raft.server.threadpool.server.cached = true (default)
2022-09-12 01:25:56,452 [pool-464-thread-1] INFO  server.RaftServerConfigKeys (ConfUtils.java:logGet(46)) - raft.server.threadpool.server.size = 0 (default)
2022-09-12 01:25:56,453 [pool-464-thread-1] INFO  server.RaftServerConfigKeys (ConfUtils.java:logGet(46)) - raft.server.threadpool.client.cached = true (default)
2022-09-12 01:25:56,453 [pool-464-thread-1] INFO  server.RaftServerConfigKeys (ConfUtils.java:logGet(46)) - raft.server.threadpool.client.size = 0 (default)
2022-09-12 01:25:56,453 [6f1953f9-25aa-4157-82c9-d49674ab9c3c-impl-thread1] INFO  server.RaftServer$Division (RaftServerImpl.java:start(310)) - 6f1953f9-25aa-4157-82c9-d49674ab9c3c@group-CFA876092E00: start as a follower, conf=-1: [6f1953f9-25aa-4157-82c9-d49674ab9c3c|rpc:localhost:35981|priority:0], old=null
2022-09-12 01:25:56,453 [6f1953f9-25aa-4157-82c9-d49674ab9c3c-impl-thread1] INFO  server.RaftServer$Division (RaftServerImpl.java:setRole(299)) - 6f1953f9-25aa-4157-82c9-d49674ab9c3c@group-CFA876092E00: changes role from      null to FOLLOWER at term 0 for startAsFollower
2022-09-12 01:25:56,453 [6f1953f9-25aa-4157-82c9-d49674ab9c3c-impl-thread1] INFO  impl.RoleInfo (RoleInfo.java:updateAndGet(139)) - 6f1953f9-25aa-4157-82c9-d49674ab9c3c: start 6f1953f9-25aa-4157-82c9-d49674ab9c3c@group-CFA876092E00-FollowerState
2022-09-12 01:25:56,468 [6f1953f9-25aa-4157-82c9-d49674ab9c3c-impl-thread1] INFO  util.JmxRegister (JmxRegister.java:tryRegister(44)) - Successfully registered JMX Bean with object name Ratis:service=RaftServer,group=group-CFA876092E00,id=6f1953f9-25aa-4157-82c9-d49674ab9c3c
2022-09-12 01:25:56,472 [Listener at 127.0.0.1/41695] INFO  server.RaftServer (RaftServerProxy.java:lambda$start$6(382)) - 6f1953f9-25aa-4157-82c9-d49674ab9c3c: start RPC server
2022-09-12 01:25:56,474 [Listener at 127.0.0.1/41695] INFO  server.GrpcService (GrpcService.java:startImpl(260)) - 6f1953f9-25aa-4157-82c9-d49674ab9c3c: GrpcService started, listening on 35981
2022-09-12 01:25:56,474 [org.apache.ratis.util.JvmPauseMonitor$$Lambda$605/1445225850@746acdca] INFO  util.JvmPauseMonitor (JvmPauseMonitor.java:run(103)) - JvmPauseMonitor-6f1953f9-25aa-4157-82c9-d49674ab9c3c: Started
2022-09-12 01:25:56,830 [EndpointStateMachine task thread for /127.0.0.1:40693 - 0 ] INFO  ipc.Client (Client.java:handleConnectionFailure(977)) - Retrying connect to server: localhost/127.0.0.1:40693. Already tried 1 time(s); retry policy is RetryUpToMaximumCountWithFixedSleep(maxRetries=15, sleepTime=1000 MILLISECONDS)
2022-09-12 01:25:57,049 [EndpointStateMachine task thread for /127.0.0.1:46755 - 0 ] INFO  ipc.Client (Client.java:handleConnectionFailure(977)) - Retrying connect to server: localhost/127.0.0.1:46755. Already tried 6 time(s); retry policy is RetryUpToMaximumCountWithFixedSleep(maxRetries=15, sleepTime=1000 MILLISECONDS)
2022-09-12 01:25:57,831 [EndpointStateMachine task thread for /127.0.0.1:40693 - 0 ] INFO  ipc.Client (Client.java:handleConnectionFailure(977)) - Retrying connect to server: localhost/127.0.0.1:40693. Already tried 2 time(s); retry policy is RetryUpToMaximumCountWithFixedSleep(maxRetries=15, sleepTime=1000 MILLISECONDS)
2022-09-12 01:25:58,049 [EndpointStateMachine task thread for /127.0.0.1:46755 - 0 ] INFO  ipc.Client (Client.java:handleConnectionFailure(977)) - Retrying connect to server: localhost/127.0.0.1:46755. Already tried 7 time(s); retry policy is RetryUpToMaximumCountWithFixedSleep(maxRetries=15, sleepTime=1000 MILLISECONDS)
2022-09-12 01:25:58,831 [EndpointStateMachine task thread for /127.0.0.1:40693 - 0 ] INFO  ipc.Client (Client.java:handleConnectionFailure(977)) - Retrying connect to server: localhost/127.0.0.1:40693. Already tried 3 time(s); retry policy is RetryUpToMaximumCountWithFixedSleep(maxRetries=15, sleepTime=1000 MILLISECONDS)
2022-09-12 01:25:59,052 [EndpointStateMachine task thread for /127.0.0.1:46755 - 0 ] INFO  ipc.Client (Client.java:handleConnectionFailure(977)) - Retrying connect to server: localhost/127.0.0.1:46755. Already tried 8 time(s); retry policy is RetryUpToMaximumCountWithFixedSleep(maxRetries=15, sleepTime=1000 MILLISECONDS)
2022-09-12 01:25:59,831 [EndpointStateMachine task thread for /127.0.0.1:40693 - 0 ] INFO  ipc.Client (Client.java:handleConnectionFailure(977)) - Retrying connect to server: localhost/127.0.0.1:40693. Already tried 4 time(s); retry policy is RetryUpToMaximumCountWithFixedSleep(maxRetries=15, sleepTime=1000 MILLISECONDS)
2022-09-12 01:26:00,053 [EndpointStateMachine task thread for /127.0.0.1:46755 - 0 ] INFO  ipc.Client (Client.java:handleConnectionFailure(977)) - Retrying connect to server: localhost/127.0.0.1:46755. Already tried 9 time(s); retry policy is RetryUpToMaximumCountWithFixedSleep(maxRetries=15, sleepTime=1000 MILLISECONDS)
2022-09-12 01:26:00,832 [EndpointStateMachine task thread for /127.0.0.1:40693 - 0 ] INFO  ipc.Client (Client.java:handleConnectionFailure(977)) - Retrying connect to server: localhost/127.0.0.1:40693. Already tried 5 time(s); retry policy is RetryUpToMaximumCountWithFixedSleep(maxRetries=15, sleepTime=1000 MILLISECONDS)
2022-09-12 01:26:01,053 [EndpointStateMachine task thread for /127.0.0.1:46755 - 0 ] INFO  ipc.Client (Client.java:handleConnectionFailure(977)) - Retrying connect to server: localhost/127.0.0.1:46755. Already tried 10 time(s); retry policy is RetryUpToMaximumCountWithFixedSleep(maxRetries=15, sleepTime=1000 MILLISECONDS)
2022-09-12 01:26:01,566 [6f1953f9-25aa-4157-82c9-d49674ab9c3c@group-CFA876092E00-FollowerState] INFO  impl.FollowerState (FollowerState.java:run(143)) - 6f1953f9-25aa-4157-82c9-d49674ab9c3c@group-CFA876092E00-FollowerState: change to CANDIDATE, lastRpcElapsedTime:5112824062ns, electionTimeout:5097ms
2022-09-12 01:26:01,566 [6f1953f9-25aa-4157-82c9-d49674ab9c3c@group-CFA876092E00-FollowerState] INFO  impl.RoleInfo (RoleInfo.java:shutdownFollowerState(110)) - 6f1953f9-25aa-4157-82c9-d49674ab9c3c: shutdown 6f1953f9-25aa-4157-82c9-d49674ab9c3c@group-CFA876092E00-FollowerState
2022-09-12 01:26:01,566 [6f1953f9-25aa-4157-82c9-d49674ab9c3c@group-CFA876092E00-FollowerState] INFO  server.RaftServer$Division (RaftServerImpl.java:setRole(299)) - 6f1953f9-25aa-4157-82c9-d49674ab9c3c@group-CFA876092E00: changes role from  FOLLOWER to CANDIDATE at term 0 for changeToCandidate
2022-09-12 01:26:01,566 [6f1953f9-25aa-4157-82c9-d49674ab9c3c@group-CFA876092E00-FollowerState] INFO  server.RaftServerConfigKeys (ConfUtils.java:logGet(46)) - raft.server.leaderelection.pre-vote = false (custom)
2022-09-12 01:26:01,566 [6f1953f9-25aa-4157-82c9-d49674ab9c3c@group-CFA876092E00-FollowerState] INFO  impl.RoleInfo (RoleInfo.java:updateAndGet(139)) - 6f1953f9-25aa-4157-82c9-d49674ab9c3c: start 6f1953f9-25aa-4157-82c9-d49674ab9c3c@group-CFA876092E00-LeaderElection60
2022-09-12 01:26:01,593 [6f1953f9-25aa-4157-82c9-d49674ab9c3c@group-CFA876092E00-LeaderElection60] INFO  impl.LeaderElection (LeaderElection.java:askForVotes(310)) - 6f1953f9-25aa-4157-82c9-d49674ab9c3c@group-CFA876092E00-LeaderElection60 ELECTION round 0: submit vote requests at term 1 for -1: [6f1953f9-25aa-4157-82c9-d49674ab9c3c|rpc:localhost:35981|priority:0], old=null
2022-09-12 01:26:01,593 [6f1953f9-25aa-4157-82c9-d49674ab9c3c@group-CFA876092E00-LeaderElection60] INFO  impl.LeaderElection (LeaderElection.java:askForVotes(312)) - 6f1953f9-25aa-4157-82c9-d49674ab9c3c@group-CFA876092E00-LeaderElection60 ELECTION round 0: result PASSED (term=1)
2022-09-12 01:26:01,593 [6f1953f9-25aa-4157-82c9-d49674ab9c3c@group-CFA876092E00-LeaderElection60] INFO  impl.RoleInfo (RoleInfo.java:shutdownLeaderElection(130)) - 6f1953f9-25aa-4157-82c9-d49674ab9c3c: shutdown 6f1953f9-25aa-4157-82c9-d49674ab9c3c@group-CFA876092E00-LeaderElection60
2022-09-12 01:26:01,593 [6f1953f9-25aa-4157-82c9-d49674ab9c3c@group-CFA876092E00-LeaderElection60] INFO  server.RaftServer$Division (RaftServerImpl.java:setRole(299)) - 6f1953f9-25aa-4157-82c9-d49674ab9c3c@group-CFA876092E00: changes role from CANDIDATE to LEADER at term 1 for changeToLeader
2022-09-12 01:26:01,593 [6f1953f9-25aa-4157-82c9-d49674ab9c3c@group-CFA876092E00-LeaderElection60] INFO  server.RaftServer$Division (ServerState.java:setLeader(287)) - 6f1953f9-25aa-4157-82c9-d49674ab9c3c@group-CFA876092E00: change Leader from null to 6f1953f9-25aa-4157-82c9-d49674ab9c3c at term 1 for becomeLeader, leader elected after 5166ms
2022-09-12 01:26:01,593 [6f1953f9-25aa-4157-82c9-d49674ab9c3c@group-CFA876092E00-LeaderElection60] INFO  server.RaftServerConfigKeys (ConfUtils.java:logGet(46)) - raft.server.staging.catchup.gap = 1000 (default)
2022-09-12 01:26:01,593 [6f1953f9-25aa-4157-82c9-d49674ab9c3c@group-CFA876092E00-LeaderElection60] INFO  server.RaftServerConfigKeys (ConfUtils.java:logGet(46)) - raft.server.write.element-limit = 4096 (default)
2022-09-12 01:26:01,593 [6f1953f9-25aa-4157-82c9-d49674ab9c3c@group-CFA876092E00-LeaderElection60] INFO  server.RaftServerConfigKeys (ConfUtils.java:logGet(46)) - raft.server.write.byte-limit = 64MB (=67108864) (default)
2022-09-12 01:26:01,593 [6f1953f9-25aa-4157-82c9-d49674ab9c3c@group-CFA876092E00-LeaderElection60] INFO  server.RaftServerConfigKeys (ConfUtils.java:logGet(46)) - raft.server.watch.timeout = 10s (default)
2022-09-12 01:26:01,593 [6f1953f9-25aa-4157-82c9-d49674ab9c3c@group-CFA876092E00-LeaderElection60] INFO  server.RaftServerConfigKeys (ConfUtils.java:logGet(46)) - raft.server.watch.timeout.denomination = 1s (default)
2022-09-12 01:26:01,593 [6f1953f9-25aa-4157-82c9-d49674ab9c3c@group-CFA876092E00-LeaderElection60] INFO  server.RaftServerConfigKeys (ConfUtils.java:logGet(46)) - raft.server.watch.element-limit = 65536 (default)
2022-09-12 01:26:01,594 [6f1953f9-25aa-4157-82c9-d49674ab9c3c@group-CFA876092E00-LeaderElection60] INFO  server.RaftServerConfigKeys (ConfUtils.java:logGet(46)) - raft.server.write.element-limit = 4096 (default)
2022-09-12 01:26:01,594 [6f1953f9-25aa-4157-82c9-d49674ab9c3c@group-CFA876092E00-LeaderElection60] INFO  server.RaftServerConfigKeys (ConfUtils.java:logGet(46)) - raft.server.write.follower.gap.ratio.max = -1.0 (default)
2022-09-12 01:26:01,594 [6f1953f9-25aa-4157-82c9-d49674ab9c3c@group-CFA876092E00-LeaderElection60] INFO  impl.RoleInfo (RoleInfo.java:updateAndGet(139)) - 6f1953f9-25aa-4157-82c9-d49674ab9c3c: start 6f1953f9-25aa-4157-82c9-d49674ab9c3c@group-CFA876092E00-LeaderStateImpl
2022-09-12 01:26:01,594 [6f1953f9-25aa-4157-82c9-d49674ab9c3c@group-CFA876092E00-LeaderElection60] INFO  segmented.SegmentedRaftLogWorker (SegmentedRaftLogWorker.java:startLogSegment(425)) - 6f1953f9-25aa-4157-82c9-d49674ab9c3c@group-CFA876092E00-SegmentedRaftLogWorker: Starting segment from index:0
2022-09-12 01:26:01,608 [6f1953f9-25aa-4157-82c9-d49674ab9c3c@group-CFA876092E00-LeaderElection60] INFO  server.RaftServer$Division (ServerState.java:setRaftConf(393)) - 6f1953f9-25aa-4157-82c9-d49674ab9c3c@group-CFA876092E00: set configuration 0: [6f1953f9-25aa-4157-82c9-d49674ab9c3c|rpc:localhost:35981|admin:|client:|dataStream:|priority:0], old=null
2022-09-12 01:26:01,624 [6f1953f9-25aa-4157-82c9-d49674ab9c3c@group-CFA876092E00-SegmentedRaftLogWorker] INFO  segmented.SegmentedRaftLogWorker (SegmentedRaftLogWorker.java:execute(629)) - 6f1953f9-25aa-4157-82c9-d49674ab9c3c@group-CFA876092E00-SegmentedRaftLogWorker: created new log segment /home/runner/work/ozone/ozone/hadoop-ozone/integration-test/target/test-dir/MiniOzoneClusterImpl-a920e810-7507-4246-9d07-cfa876092e00/scmNode-1/scm-ha/a920e810-7507-4246-9d07-cfa876092e00/current/log_inprogress_0
2022-09-12 01:26:01,832 [EndpointStateMachine task thread for /127.0.0.1:40693 - 0 ] INFO  ipc.Client (Client.java:handleConnectionFailure(977)) - Retrying connect to server: localhost/127.0.0.1:40693. Already tried 6 time(s); retry policy is RetryUpToMaximumCountWithFixedSleep(maxRetries=15, sleepTime=1000 MILLISECONDS)
2022-09-12 01:26:02,054 [EndpointStateMachine task thread for /127.0.0.1:46755 - 0 ] INFO  ipc.Client (Client.java:handleConnectionFailure(977)) - Retrying connect to server: localhost/127.0.0.1:46755. Already tried 11 time(s); retry policy is RetryUpToMaximumCountWithFixedSleep(maxRetries=15, sleepTime=1000 MILLISECONDS)
2022-09-12 01:26:02,475 [Listener at 127.0.0.1/41695] INFO  server.RaftServer (RaftServerProxy.java:lambda$close$7(398)) - 6f1953f9-25aa-4157-82c9-d49674ab9c3c: close
2022-09-12 01:26:02,475 [Listener at 127.0.0.1/41695] INFO  server.RaftServer$Division (RaftServerImpl.java:lambda$close$4(434)) - 6f1953f9-25aa-4157-82c9-d49674ab9c3c@group-CFA876092E00: shutdown
2022-09-12 01:26:02,475 [Listener at 127.0.0.1/41695] INFO  util.JmxRegister (JmxRegister.java:unregister(73)) - Successfully un-registered JMX Bean with object name Ratis:service=RaftServer,group=group-CFA876092E00,id=6f1953f9-25aa-4157-82c9-d49674ab9c3c
2022-09-12 01:26:02,475 [Listener at 127.0.0.1/41695] INFO  impl.RoleInfo (RoleInfo.java:shutdownLeaderState(93)) - 6f1953f9-25aa-4157-82c9-d49674ab9c3c: shutdown 6f1953f9-25aa-4157-82c9-d49674ab9c3c@group-CFA876092E00-LeaderStateImpl
2022-09-12 01:26:02,475 [Listener at 127.0.0.1/41695] INFO  impl.PendingRequests (PendingRequests.java:sendNotLeaderResponses(282)) - 6f1953f9-25aa-4157-82c9-d49674ab9c3c@group-CFA876092E00-PendingRequests: sendNotLeaderResponses
2022-09-12 01:26:02,476 [Listener at 127.0.0.1/41695] INFO  impl.StateMachineUpdater (StateMachineUpdater.java:stopAndJoin(153)) - 6f1953f9-25aa-4157-82c9-d49674ab9c3c@group-CFA876092E00-StateMachineUpdater: set stopIndex = 0
2022-09-12 01:26:02,476 [6f1953f9-25aa-4157-82c9-d49674ab9c3c@group-CFA876092E00-StateMachineUpdater] INFO  impl.StateMachineUpdater (StateMachineUpdater.java:takeSnapshot(287)) - 6f1953f9-25aa-4157-82c9-d49674ab9c3c@group-CFA876092E00-StateMachineUpdater: Took a snapshot at index 0
2022-09-12 01:26:02,476 [6f1953f9-25aa-4157-82c9-d49674ab9c3c@group-CFA876092E00-StateMachineUpdater] INFO  impl.StateMachineUpdater (StateMachineUpdater.java:lambda$new$0(92)) - 6f1953f9-25aa-4157-82c9-d49674ab9c3c@group-CFA876092E00-StateMachineUpdater: snapshotIndex: updateIncreasingly -1 -> 0
2022-09-12 01:26:02,478 [Listener at 127.0.0.1/41695] INFO  server.RaftServer$Division (ServerState.java:close(429)) - 6f1953f9-25aa-4157-82c9-d49674ab9c3c@group-CFA876092E00: closes. applyIndex: 0
2022-09-12 01:26:02,478 [6f1953f9-25aa-4157-82c9-d49674ab9c3c@group-CFA876092E00-SegmentedRaftLogWorker] INFO  segmented.SegmentedRaftLogWorker (SegmentedRaftLogWorker.java:run(336)) - 6f1953f9-25aa-4157-82c9-d49674ab9c3c@group-CFA876092E00-SegmentedRaftLogWorker was interrupted, exiting. There are 0 tasks remaining in the queue.
2022-09-12 01:26:02,480 [Listener at 127.0.0.1/41695] INFO  segmented.SegmentedRaftLogWorker (SegmentedRaftLogWorker.java:close(246)) - 6f1953f9-25aa-4157-82c9-d49674ab9c3c@group-CFA876092E00-SegmentedRaftLogWorker close()
2022-09-12 01:26:02,481 [Listener at 127.0.0.1/41695] INFO  server.GrpcService (GrpcService.java:closeImpl(269)) - 6f1953f9-25aa-4157-82c9-d49674ab9c3c: shutdown server with port 35981 now
2022-09-12 01:26:02,481 [Listener at 127.0.0.1/41695] INFO  server.GrpcService (GrpcService.java:closeImpl(278)) - 6f1953f9-25aa-4157-82c9-d49674ab9c3c: shutdown server with port 35981 successfully
2022-09-12 01:26:02,481 [org.apache.ratis.util.JvmPauseMonitor$$Lambda$605/1445225850@746acdca] INFO  util.JvmPauseMonitor (JvmPauseMonitor.java:run(109)) - JvmPauseMonitor-6f1953f9-25aa-4157-82c9-d49674ab9c3c: Stopped
2022-09-12 01:26:02,482 [Listener at 127.0.0.1/41695] WARN  server.ServerUtils (ServerUtils.java:getScmDbDir(148)) - ozone.scm.db.dirs is not configured. We recommend adding this setting. Falling back to ozone.metadata.dirs instead.
2022-09-12 01:26:02,482 [Listener at 127.0.0.1/41695] INFO  server.StorageContainerManager (StorageContainerManager.java:scmInit(1216)) - SCM initialization succeeded. Current cluster id for sd=/home/runner/work/ozone/ozone/hadoop-ozone/integration-test/target/test-dir/MiniOzoneClusterImpl-a920e810-7507-4246-9d07-cfa876092e00/scmNode-1/scm; cid=a920e810-7507-4246-9d07-cfa876092e00; layoutVersion=4; scmId=6f1953f9-25aa-4157-82c9-d49674ab9c3c
2022-09-12 01:26:02,483 [Listener at 127.0.0.1/41695] WARN  server.ServerUtils (ServerUtils.java:getScmDbDir(148)) - ozone.scm.db.dirs is not configured. We recommend adding this setting. Falling back to ozone.metadata.dirs instead.
2022-09-12 01:26:02,483 [Listener at 127.0.0.1/41695] INFO  ha.SCMHANodeDetails (SCMHANodeDetails.java:loadSCMHAConfig(209)) - ServiceID for StorageContainerManager is scmServiceId
2022-09-12 01:26:02,483 [Listener at 127.0.0.1/41695] INFO  ha.SCMHANodeDetails (SCMHANodeDetails.java:loadSCMHAConfig(220)) - ServiceID for StorageContainerManager is scmServiceId
2022-09-12 01:26:02,483 [Listener at 127.0.0.1/41695] INFO  ha.SCMHANodeDetails (SCMHANodeDetails.java:loadSCMHAConfig(307)) - Found matching SCM address with SCMServiceId: scmServiceId, SCMNodeId: scmNode-1, RPC Address: localhost:35981 and Ratis port: 35981
2022-09-12 01:26:02,483 [Listener at 127.0.0.1/41695] INFO  ha.SCMHANodeDetails (ConfUtils.java:setNodeSpecificConfigs(97)) - Setting configuration key ozone.scm.datanode.address with value of key ozone.scm.datanode.address.scmServiceId.scmNode-1: 127.0.0.1:36745
2022-09-12 01:26:02,483 [Listener at 127.0.0.1/41695] INFO  ha.SCMHANodeDetails (ConfUtils.java:setNodeSpecificConfigs(97)) - Setting configuration key ozone.scm.block.client.address with value of key ozone.scm.block.client.address.scmServiceId.scmNode-1: 127.0.0.1:33243
2022-09-12 01:26:02,483 [Listener at 127.0.0.1/41695] INFO  ha.SCMHANodeDetails (ConfUtils.java:setNodeSpecificConfigs(97)) - Setting configuration key ozone.scm.client.address with value of key ozone.scm.client.address.scmServiceId.scmNode-1: 127.0.0.1:36969
2022-09-12 01:26:02,483 [Listener at 127.0.0.1/41695] INFO  ha.SCMHANodeDetails (ConfUtils.java:setNodeSpecificConfigs(97)) - Setting configuration key ozone.scm.ratis.port with value of key ozone.scm.ratis.port.scmServiceId.scmNode-1: 35981
2022-09-12 01:26:02,484 [Listener at 127.0.0.1/41695] INFO  ha.SCMHANodeDetails (ConfUtils.java:setNodeSpecificConfigs(97)) - Setting configuration key ozone.scm.grpc.port with value of key ozone.scm.grpc.port.scmServiceId.scmNode-1: 43207
2022-09-12 01:26:02,484 [Listener at 127.0.0.1/41695] INFO  ha.SCMHANodeDetails (ConfUtils.java:setNodeSpecificConfigs(97)) - Setting configuration key ozone.scm.http-address with value of key ozone.scm.http-address.scmServiceId.scmNode-1: 127.0.0.1:35323
2022-09-12 01:26:02,484 [Listener at 127.0.0.1/41695] INFO  ha.SCMHANodeDetails (ConfUtils.java:setNodeSpecificConfigs(97)) - Setting configuration key ozone.scm.https-address with value of key ozone.scm.https-address.scmServiceId.scmNode-1: 127.0.0.1:38739
2022-09-12 01:26:02,484 [Listener at 127.0.0.1/41695] INFO  ha.SCMHANodeDetails (ConfUtils.java:setNodeSpecificConfigs(97)) - Setting configuration key ozone.scm.address with value of key ozone.scm.address.scmServiceId.scmNode-1: 127.0.0.1
2022-09-12 01:26:02,484 [Listener at 127.0.0.1/41695] WARN  scm.ScmUtils (ScmUtils.java:logWarn(179)) - ConfigKey ozone.scm.block.client.address is deprecated, For configuring different ports for each SCM use PortConfigKey ozone.scm.block.client.port appended with serviceId and nodeId. If want to configure same port configure ozone.scm.block.client.port
2022-09-12 01:26:02,484 [Listener at 127.0.0.1/41695] WARN  scm.ScmUtils (ScmUtils.java:logWarn(179)) - ConfigKey ozone.scm.client.address is deprecated, For configuring different ports for each SCM use PortConfigKey ozone.scm.client.port appended with serviceId and nodeId. If want to configure same port configure ozone.scm.client.port
2022-09-12 01:26:02,485 [Listener at 127.0.0.1/41695] WARN  scm.ScmUtils (ScmUtils.java:logWarn(179)) - ConfigKey ozone.scm.datanode.address is deprecated, For configuring different ports for each SCM use PortConfigKey ozone.scm.datanode.port appended with serviceId and nodeId. If want to configure same port configure ozone.scm.datanode.port
2022-09-12 01:26:02,485 [Listener at 127.0.0.1/41695] WARN  utils.HAUtils (HAUtils.java:getMetaDir(342)) - ozone.scm.db.dirs is not configured. We recommend adding this setting. Falling back to ozone.metadata.dirs instead.
2022-09-12 01:26:02,485 [Listener at 127.0.0.1/41695] WARN  db.DBStoreBuilder (DBStoreBuilder.java:applyDBDefinition(144)) - ozone.scm.db.dirs is not configured. We recommend adding this setting. Falling back to ozone.metadata.dirs instead.
2022-09-12 01:26:02,664 [Listener at 127.0.0.1/41695] INFO  net.NodeSchemaLoader (NodeSchemaLoader.java:loadSchemaFromFile(129)) - Loading schema from [jar:file:/home/runner/.m2/repository/org/apache/ozone/hdds-common/1.3.0-SNAPSHOT/hdds-common-1.3.0-SNAPSHOT.jar!/network-topology-default.xml]
2022-09-12 01:26:02,664 [Listener at 127.0.0.1/41695] INFO  net.NodeSchemaLoader (NodeSchemaLoader.java:loadSchema(176)) - Loading network topology layer schema file
2022-09-12 01:26:02,684 [Listener at 127.0.0.1/41695] WARN  impl.MetricRegistriesImpl (MetricRegistriesImpl.java:addReporterRegistration(111)) - New reporters are added after registries were created. Some metrics will be missing from the reporter. Please add reporter before adding any new registry.
2022-09-12 01:26:02,684 [Listener at 127.0.0.1/41695] WARN  impl.MetricRegistriesImpl (MetricRegistriesImpl.java:addReporterRegistration(111)) - New reporters are added after registries were created. Some metrics will be missing from the reporter. Please add reporter before adding any new registry.
2022-09-12 01:26:02,685 [Listener at 127.0.0.1/41695] INFO  ha.SCMRatisServerImpl (SCMRatisServerImpl.java:<init>(87)) - starting Raft server for scm:6f1953f9-25aa-4157-82c9-d49674ab9c3c
2022-09-12 01:26:02,685 [Listener at 127.0.0.1/41695] INFO  server.RaftServer (ConfUtils.java:logGet(46)) - raft.rpc.type = GRPC (default)
2022-09-12 01:26:02,686 [Listener at 127.0.0.1/41695] INFO  grpc.GrpcFactory (GrpcFactory.java:checkPooledByteBufAllocatorUseCacheForAllThreads(48)) - PERFORMANCE WARNING: useCacheForAllThreads is true that may cause Netty to create a lot garbage objects and, as a result, trigger GC.
	It is recommended to disable useCacheForAllThreads by setting -Dorg.apache.ratis.thirdparty.io.netty.allocator.useCacheForAllThreads=false in command line.
2022-09-12 01:26:02,686 [Listener at 127.0.0.1/41695] INFO  grpc.GrpcConfigKeys (ConfUtils.java:logGet(46)) - raft.grpc.admin.port = -1 (default)
2022-09-12 01:26:02,686 [Listener at 127.0.0.1/41695] INFO  grpc.GrpcConfigKeys (ConfUtils.java:logGet(46)) - raft.grpc.server.port = 35981 (custom)
2022-09-12 01:26:02,686 [Listener at 127.0.0.1/41695] INFO  grpc.GrpcConfigKeys (ConfUtils.java:logGet(46)) - raft.grpc.client.port = -1 (default)
2022-09-12 01:26:02,686 [Listener at 127.0.0.1/41695] INFO  grpc.GrpcConfigKeys (ConfUtils.java:logGet(46)) - raft.grpc.server.port = 35981 (custom)
2022-09-12 01:26:02,686 [Listener at 127.0.0.1/41695] INFO  grpc.GrpcConfigKeys (ConfUtils.java:logGet(46)) - raft.grpc.server.port = 35981 (custom)
2022-09-12 01:26:02,686 [Listener at 127.0.0.1/41695] INFO  server.GrpcService (ConfUtils.java:logGet(46)) - raft.grpc.message.size.max = 32m (=33554432) (custom)
2022-09-12 01:26:02,686 [Listener at 127.0.0.1/41695] INFO  server.RaftServerConfigKeys (ConfUtils.java:logGet(46)) - raft.server.log.appender.buffer.byte-limit = 33554432 (custom)
2022-09-12 01:26:02,686 [Listener at 127.0.0.1/41695] INFO  server.GrpcService (ConfUtils.java:logGet(46)) - raft.grpc.flow.control.window = 1MB (=1048576) (default)
2022-09-12 01:26:02,687 [Listener at 127.0.0.1/41695] INFO  server.RaftServerConfigKeys (ConfUtils.java:logGet(46)) - raft.server.rpc.request.timeout = 30000ms (custom)
2022-09-12 01:26:02,687 [Listener at 127.0.0.1/41695] INFO  grpc.GrpcConfigKeys (ConfUtils.java:logGet(46)) - raft.grpc.server.async.request.thread.pool.cached = true (default)
2022-09-12 01:26:02,687 [Listener at 127.0.0.1/41695] INFO  grpc.GrpcConfigKeys (ConfUtils.java:logGet(46)) - raft.grpc.server.async.request.thread.pool.size = 32 (default)
2022-09-12 01:26:02,688 [Listener at 127.0.0.1/41695] INFO  impl.DataStreamServerImpl (ConfUtils.java:logGet(46)) - raft.datastream.type = DISABLED (default)
2022-09-12 01:26:02,688 [Listener at 127.0.0.1/41695] INFO  server.RaftServerConfigKeys (ConfUtils.java:logGet(46)) - raft.server.threadpool.proxy.cached = true (default)
2022-09-12 01:26:02,688 [Listener at 127.0.0.1/41695] INFO  server.RaftServerConfigKeys (ConfUtils.java:logGet(46)) - raft.server.threadpool.proxy.size = 0 (default)
2022-09-12 01:26:02,688 [Listener at 127.0.0.1/41695] INFO  server.RaftServerConfigKeys (ConfUtils.java:logGet(46)) - raft.server.rpc.slowness.timeout = 120000ms (custom)
2022-09-12 01:26:02,688 [Listener at 127.0.0.1/41695] INFO  server.RaftServerConfigKeys (ConfUtils.java:logGet(46)) - raft.server.leaderelection.leader.step-down.wait-time = 10s (default)
2022-09-12 01:26:02,708 [Listener at 127.0.0.1/41695] INFO  server.RaftServerConfigKeys (ConfUtils.java:logGet(46)) - raft.server.storage.dir = [/home/runner/work/ozone/ozone/hadoop-ozone/integration-test/target/test-dir/MiniOzoneClusterImpl-a920e810-7507-4246-9d07-cfa876092e00/scmNode-1/scm-ha] (custom)
2022-09-12 01:26:02,716 [6f1953f9-25aa-4157-82c9-d49674ab9c3c-impl-thread1] INFO  server.RaftServer (RaftServerProxy.java:initGroupDir(247)) - 6f1953f9-25aa-4157-82c9-d49674ab9c3c: found a subdirectory /home/runner/work/ozone/ozone/hadoop-ozone/integration-test/target/test-dir/MiniOzoneClusterImpl-a920e810-7507-4246-9d07-cfa876092e00/scmNode-1/scm-ha/a920e810-7507-4246-9d07-cfa876092e00
2022-09-12 01:26:02,724 [Listener at 127.0.0.1/41695] INFO  server.RaftServer (RaftServerProxy.java:addNew(96)) - 6f1953f9-25aa-4157-82c9-d49674ab9c3c: addNew group-CFA876092E00:[] returns group-CFA876092E00:java.util.concurrent.CompletableFuture@1e5b38cc[Not completed]
2022-09-12 01:26:02,725 [pool-479-thread-1] INFO  server.RaftServer$Division (RaftServerImpl.java:<init>(190)) - 6f1953f9-25aa-4157-82c9-d49674ab9c3c: new RaftServerImpl for group-CFA876092E00:[] with SCMStateMachine:uninitialized
2022-09-12 01:26:02,725 [pool-479-thread-1] INFO  server.RaftServerConfigKeys (ConfUtils.java:logGet(46)) - raft.server.rpc.timeout.min = 5000ms (custom)
2022-09-12 01:26:02,725 [pool-479-thread-1] INFO  server.RaftServerConfigKeys (ConfUtils.java:logGet(46)) - raft.server.rpc.timeout.max = 5200ms (custom)
2022-09-12 01:26:02,725 [pool-479-thread-1] INFO  server.RaftServerConfigKeys (ConfUtils.java:logGet(46)) - raft.server.rpc.sleep.time = 25ms (default)
2022-09-12 01:26:02,725 [pool-479-thread-1] INFO  server.RaftServerConfigKeys (ConfUtils.java:logGet(46)) - raft.server.rpc.slowness.timeout = 120000ms (custom)
2022-09-12 01:26:02,725 [pool-479-thread-1] INFO  server.RaftServerConfigKeys (ConfUtils.java:logGet(46)) - raft.server.leaderelection.leader.step-down.wait-time = 10s (default)
2022-09-12 01:26:02,725 [pool-479-thread-1] INFO  server.RaftServerConfigKeys (ConfUtils.java:logGet(46)) - raft.server.sleep.deviation.threshold = 300ms (default)
2022-09-12 01:26:02,725 [pool-479-thread-1] INFO  server.RaftServer$Division (ServerState.java:<init>(107)) - 6f1953f9-25aa-4157-82c9-d49674ab9c3c@group-CFA876092E00: ConfigurationManager, init=-1: [], old=null, confs=<EMPTY_MAP>
2022-09-12 01:26:02,725 [pool-479-thread-1] INFO  server.RaftServerConfigKeys (ConfUtils.java:logGet(46)) - raft.server.storage.dir = [/home/runner/work/ozone/ozone/hadoop-ozone/integration-test/target/test-dir/MiniOzoneClusterImpl-a920e810-7507-4246-9d07-cfa876092e00/scmNode-1/scm-ha] (custom)
2022-09-12 01:26:02,725 [pool-479-thread-1] INFO  server.RaftServerConfigKeys (ConfUtils.java:logGet(46)) - raft.server.log.corruption.policy = EXCEPTION (default)
2022-09-12 01:26:02,725 [pool-479-thread-1] INFO  server.RaftServerConfigKeys (ConfUtils.java:logGet(46)) - raft.server.storage.free-space.min = 0MB (=0) (default)
2022-09-12 01:26:02,733 [pool-479-thread-1] INFO  storage.RaftStorageDirectory (RaftStorageDirectoryImpl.java:tryLock(230)) - Lock on /home/runner/work/ozone/ozone/hadoop-ozone/integration-test/target/test-dir/MiniOzoneClusterImpl-a920e810-7507-4246-9d07-cfa876092e00/scmNode-1/scm-ha/a920e810-7507-4246-9d07-cfa876092e00/in_use.lock acquired by nodename 51693@fv-az167-317
2022-09-12 01:26:02,733 [pool-479-thread-1] INFO  storage.RaftStorage (RaftStorageImpl.java:analyzeAndRecoverStorage(110)) - Read RaftStorageMetadata{term=1, votedFor=6f1953f9-25aa-4157-82c9-d49674ab9c3c} from /home/runner/work/ozone/ozone/hadoop-ozone/integration-test/target/test-dir/MiniOzoneClusterImpl-a920e810-7507-4246-9d07-cfa876092e00/scmNode-1/scm-ha/a920e810-7507-4246-9d07-cfa876092e00/current/raft-meta
2022-09-12 01:26:02,733 [pool-479-thread-1] INFO  server.RaftServer$Division (ServerState.java:setRaftConf(393)) - 6f1953f9-25aa-4157-82c9-d49674ab9c3c@group-CFA876092E00: set configuration 0: [6f1953f9-25aa-4157-82c9-d49674ab9c3c|rpc:localhost:35981|admin:|client:|dataStream:|priority:0], old=null
2022-09-12 01:26:02,733 [pool-479-thread-1] INFO  server.RaftServerConfigKeys (ConfUtils.java:logGet(46)) - raft.server.notification.no-leader.timeout = 60s (default)
2022-09-12 01:26:02,733 [pool-479-thread-1] INFO  server.RaftServerConfigKeys (ConfUtils.java:logGet(46)) - raft.server.log.use.memory = false (default)
2022-09-12 01:26:02,733 [pool-479-thread-1] INFO  server.RaftServerConfigKeys (ConfUtils.java:logGet(46)) - raft.server.log.purge.gap = 1000000 (custom)
2022-09-12 01:26:02,733 [pool-479-thread-1] INFO  server.RaftServerConfigKeys (ConfUtils.java:logGet(46)) - raft.server.log.appender.buffer.byte-limit = 33554432 (custom)
2022-09-12 01:26:02,733 [pool-479-thread-1] INFO  server.RaftServerConfigKeys (ConfUtils.java:logGet(46)) - raft.server.log.statemachine.data.read.timeout = 1000ms (default)
2022-09-12 01:26:02,734 [pool-479-thread-1] INFO  server.RaftServerConfigKeys (ConfUtils.java:logGet(46)) - raft.server.log.segment.size.max = 4194304 (custom)
2022-09-12 01:26:02,734 [pool-479-thread-1] INFO  server.RaftServerConfigKeys (ConfUtils.java:logGet(46)) - raft.server.log.segment.cache.num.max = 2 (custom)
2022-09-12 01:26:02,734 [pool-479-thread-1] INFO  server.RaftServerConfigKeys (ConfUtils.java:logGet(46)) - raft.server.log.segment.cache.size.max = 200MB (=209715200) (default)
2022-09-12 01:26:02,734 [pool-479-thread-1] INFO  segmented.SegmentedRaftLogWorker (SegmentedRaftLogWorker.java:<init>(187)) - new 6f1953f9-25aa-4157-82c9-d49674ab9c3c@group-CFA876092E00-SegmentedRaftLogWorker for RaftStorageImpl:Storage Directory /home/runner/work/ozone/ozone/hadoop-ozone/integration-test/target/test-dir/MiniOzoneClusterImpl-a920e810-7507-4246-9d07-cfa876092e00/scmNode-1/scm-ha/a920e810-7507-4246-9d07-cfa876092e00
2022-09-12 01:26:02,734 [pool-479-thread-1] INFO  server.RaftServerConfigKeys (ConfUtils.java:logGet(46)) - raft.server.log.queue.byte-limit = 64MB (=67108864) (default)
2022-09-12 01:26:02,734 [pool-479-thread-1] INFO  server.RaftServerConfigKeys (ConfUtils.java:logGet(46)) - raft.server.log.queue.element-limit = 4096 (default)
2022-09-12 01:26:02,734 [pool-479-thread-1] INFO  server.RaftServerConfigKeys (ConfUtils.java:logGet(46)) - raft.server.log.segment.size.max = 4194304 (custom)
2022-09-12 01:26:02,734 [pool-479-thread-1] INFO  server.RaftServerConfigKeys (ConfUtils.java:logGet(46)) - raft.server.log.preallocated.size = 4194304 (custom)
2022-09-12 01:26:02,734 [pool-479-thread-1] INFO  server.RaftServerConfigKeys (ConfUtils.java:logGet(46)) - raft.server.log.force.sync.num = 128 (default)
2022-09-12 01:26:02,734 [pool-479-thread-1] INFO  server.RaftServerConfigKeys (ConfUtils.java:logGet(46)) - raft.server.log.statemachine.data.sync = true (default)
2022-09-12 01:26:02,734 [pool-479-thread-1] INFO  server.RaftServerConfigKeys (ConfUtils.java:logGet(46)) - raft.server.log.statemachine.data.sync.timeout = 10s (default)
2022-09-12 01:26:02,734 [pool-479-thread-1] INFO  server.RaftServerConfigKeys (ConfUtils.java:logGet(46)) - raft.server.log.statemachine.data.sync.timeout.retry = -1 (default)
2022-09-12 01:26:02,735 [pool-479-thread-1] INFO  server.RaftServerConfigKeys (ConfUtils.java:logGet(46)) - raft.server.log.write.buffer.size = 64KB (=65536) (default)
2022-09-12 01:26:02,735 [pool-479-thread-1] INFO  server.RaftServerConfigKeys (ConfUtils.java:logGet(46)) - raft.server.log.unsafe-flush.enabled = false (default)
2022-09-12 01:26:02,735 [pool-479-thread-1] INFO  server.RaftServerConfigKeys (ConfUtils.java:logGet(46)) - raft.server.log.statemachine.data.caching.enabled = false (default)
2022-09-12 01:26:02,745 [pool-479-thread-1] INFO  server.RaftServer$Division (ServerState.java:setRaftConf(393)) - 6f1953f9-25aa-4157-82c9-d49674ab9c3c@group-CFA876092E00: set configuration 0: [6f1953f9-25aa-4157-82c9-d49674ab9c3c|rpc:localhost:35981|admin:|client:|dataStream:|priority:0], old=null
2022-09-12 01:26:02,745 [pool-479-thread-1] INFO  segmented.LogSegment (LogSegment.java:loadSegment(173)) - Successfully read 1 entries from segment file /home/runner/work/ozone/ozone/hadoop-ozone/integration-test/target/test-dir/MiniOzoneClusterImpl-a920e810-7507-4246-9d07-cfa876092e00/scmNode-1/scm-ha/a920e810-7507-4246-9d07-cfa876092e00/current/log_inprogress_0
2022-09-12 01:26:02,745 [pool-479-thread-1] INFO  segmented.SegmentedRaftLogWorker (SegmentedRaftLogWorker.java:lambda$new$0(135)) - 6f1953f9-25aa-4157-82c9-d49674ab9c3c@group-CFA876092E00-SegmentedRaftLogWorker: flushIndex: setUnconditionally 0 -> 0
2022-09-12 01:26:02,745 [pool-479-thread-1] INFO  segmented.SegmentedRaftLogWorker (SegmentedRaftLogWorker.java:lambda$new$0(135)) - 6f1953f9-25aa-4157-82c9-d49674ab9c3c@group-CFA876092E00-SegmentedRaftLogWorker: safeCacheEvictIndex: setUnconditionally 0 -> -1
2022-09-12 01:26:02,752 [pool-479-thread-1] INFO  server.RaftServerConfigKeys (ConfUtils.java:logGet(46)) - raft.server.snapshot.auto.trigger.enabled = true (custom)
2022-09-12 01:26:02,752 [pool-479-thread-1] INFO  server.RaftServerConfigKeys (ConfUtils.java:logGet(46)) - raft.server.snapshot.auto.trigger.threshold = 1000 (custom)
2022-09-12 01:26:02,752 [pool-479-thread-1] INFO  server.RaftServerConfigKeys (ConfUtils.java:logGet(46)) - raft.server.snapshot.retention.file.num = -1 (default)
2022-09-12 01:26:02,752 [pool-479-thread-1] INFO  server.RaftServerConfigKeys (ConfUtils.java:logGet(46)) - raft.server.log.purge.upto.snapshot.index = false (default)
2022-09-12 01:26:02,753 [pool-479-thread-1] INFO  server.RaftServerConfigKeys (ConfUtils.java:logGet(46)) - raft.server.retrycache.expirytime = 60000ms (default)
2022-09-12 01:26:02,753 [pool-479-thread-1] INFO  server.RaftServerConfigKeys (ConfUtils.java:logGet(46)) - raft.server.retrycache.statistics.expirytime = 100μs (default)
2022-09-12 01:26:02,753 [pool-479-thread-1] INFO  server.RaftServerConfigKeys (ConfUtils.java:logGet(46)) - raft.server.log.appender.install.snapshot.enabled = false (custom)
2022-09-12 01:26:02,753 [pool-479-thread-1] INFO  server.RaftServerConfigKeys (ConfUtils.java:logGet(46)) - raft.server.threadpool.server.cached = true (default)
2022-09-12 01:26:02,754 [pool-479-thread-1] INFO  server.RaftServerConfigKeys (ConfUtils.java:logGet(46)) - raft.server.threadpool.server.size = 0 (default)
2022-09-12 01:26:02,754 [pool-479-thread-1] INFO  server.RaftServerConfigKeys (ConfUtils.java:logGet(46)) - raft.server.threadpool.client.cached = true (default)
2022-09-12 01:26:02,754 [pool-479-thread-1] INFO  server.RaftServerConfigKeys (ConfUtils.java:logGet(46)) - raft.server.threadpool.client.size = 0 (default)
2022-09-12 01:26:02,754 [Listener at 127.0.0.1/41695] INFO  ha.SCMSnapshotProvider (SCMSnapshotProvider.java:<init>(66)) - Initializing SCM Snapshot Provider
2022-09-12 01:26:02,754 [Listener at 127.0.0.1/41695] WARN  server.ServerUtils (ServerUtils.java:getDefaultRatisDirectory(237)) - Storage directory for Ratis is not configured. It is a good idea to map this to an SSD disk. Falling back to ozone.metadata.dirs
2022-09-12 01:26:02,754 [Listener at 127.0.0.1/41695] WARN  ha.SCMHAUtils (SCMHAUtils.java:getSCMRatisSnapshotDirectory(153)) - SCM snapshot dir is not configured. Falling back to ozone.metadata.dirs config
2022-09-12 01:26:02,755 [Listener at 127.0.0.1/41695] INFO  upgrade.AbstractLayoutVersionManager (AbstractLayoutVersionManager.java:init(83)) - Initializing Layout version manager with metadata layout = DATANODE_SCHEMA_V3 (version = 4), software layout = DATANODE_SCHEMA_V3 (version = 4)
2022-09-12 01:26:02,833 [EndpointStateMachine task thread for /127.0.0.1:40693 - 0 ] INFO  ipc.Client (Client.java:handleConnectionFailure(977)) - Retrying connect to server: localhost/127.0.0.1:40693. Already tried 7 time(s); retry policy is RetryUpToMaximumCountWithFixedSleep(maxRetries=15, sleepTime=1000 MILLISECONDS)
2022-09-12 01:26:02,899 [Listener at 127.0.0.1/41695] INFO  reflections.Reflections (Reflections.java:scan(232)) - Reflections took 143 ms to scan 7 urls, producing 135 keys and 327 values 
2022-09-12 01:26:02,915 [Listener at 127.0.0.1/41695] INFO  ha.SequenceIdGenerator (SequenceIdGenerator.java:upgradeToSequenceId(349)) - upgrade localId to 109611004723200000
2022-09-12 01:26:02,915 [Listener at 127.0.0.1/41695] INFO  ha.SequenceIdGenerator (SequenceIdGenerator.java:upgradeToSequenceId(359)) - upgrade delTxnId to 0
2022-09-12 01:26:02,915 [Listener at 127.0.0.1/41695] INFO  ha.SequenceIdGenerator (SequenceIdGenerator.java:upgradeToSequenceId(376)) - upgrade containerId to 0
2022-09-12 01:26:02,915 [Listener at 127.0.0.1/41695] INFO  ha.SequenceIdGenerator (SequenceIdGenerator.java:<init>(220)) - Init the HA SequenceIdGenerator.
2022-09-12 01:26:02,928 [Listener at 127.0.0.1/41695] INFO  node.SCMNodeManager (SCMNodeManager.java:<init>(149)) - Entering startup safe mode.
2022-09-12 01:26:02,929 [Listener at 127.0.0.1/41695] INFO  algorithms.ContainerPlacementPolicyFactory (ContainerPlacementPolicyFactory.java:getPolicyInternal(86)) - Create container placement policy of type org.apache.hadoop.hdds.scm.container.placement.algorithms.SCMContainerPlacementRandom
2022-09-12 01:26:02,929 [Listener at 127.0.0.1/41695] INFO  algorithms.ContainerPlacementPolicyFactory (ContainerPlacementPolicyFactory.java:getPolicyInternal(86)) - Create container placement policy of type org.apache.hadoop.hdds.scm.container.placement.algorithms.SCMContainerPlacementRackScatter
2022-09-12 01:26:02,930 [Listener at 127.0.0.1/41695] INFO  pipeline.PipelineStateManagerImpl (PipelineStateManagerImpl.java:initialize(78)) - No pipeline exists in current db
2022-09-12 01:26:02,930 [Listener at 127.0.0.1/41695] INFO  algorithms.LeaderChoosePolicyFactory (LeaderChoosePolicyFactory.java:getPolicy(57)) - Create leader choose policy of type org.apache.hadoop.hdds.scm.pipeline.leader.choose.algorithms.MinLeaderCountChoosePolicy
2022-09-12 01:26:02,930 [Listener at 127.0.0.1/41695] INFO  algorithms.ContainerPlacementPolicyFactory (ContainerPlacementPolicyFactory.java:getPolicyInternal(86)) - Create container placement policy of type org.apache.hadoop.hdds.scm.container.placement.algorithms.SCMContainerPlacementRackScatter
2022-09-12 01:26:02,930 [Listener at 127.0.0.1/41695] INFO  ha.SCMServiceManager (SCMServiceManager.java:register(42)) - Registering service BackgroundPipelineCreator.
2022-09-12 01:26:02,930 [Listener at 127.0.0.1/41695] INFO  pipeline.BackgroundPipelineCreator (BackgroundPipelineCreator.java:start(124)) - Starting RatisPipelineUtilsThread.
2022-09-12 01:26:02,940 [Listener at 127.0.0.1/41695] INFO  BackgroundPipelineScrubber (BackgroundSCMService.java:start(68)) - Starting BackgroundPipelineScrubber Service.
2022-09-12 01:26:02,956 [Listener at 127.0.0.1/41695] INFO  ha.SCMServiceManager (SCMServiceManager.java:register(42)) - Registering service BackgroundPipelineScrubber.
2022-09-12 01:26:02,956 [Listener at 127.0.0.1/41695] INFO  ExpiredContainerReplicaOpScrubber (BackgroundSCMService.java:start(68)) - Starting ExpiredContainerReplicaOpScrubber Service.
2022-09-12 01:26:02,957 [Listener at 127.0.0.1/41695] INFO  ha.SCMServiceManager (SCMServiceManager.java:register(42)) - Registering service ExpiredContainerReplicaOpScrubber.
2022-09-12 01:26:02,957 [Listener at 127.0.0.1/41695] INFO  algorithms.PipelineChoosePolicyFactory (PipelineChoosePolicyFactory.java:createPipelineChoosePolicyFromClass(73)) - Create pipeline choose policy of type org.apache.hadoop.hdds.scm.pipeline.choose.algorithms.RandomPipelineChoosePolicy
2022-09-12 01:26:02,958 [Listener at 127.0.0.1/41695] INFO  ha.SCMServiceManager (SCMServiceManager.java:register(42)) - Registering service SCMBlockDeletingService.
2022-09-12 01:26:02,958 [Listener at 127.0.0.1/41695] INFO  replication.ReplicationManager (ReplicationManager.java:start(218)) - Starting Replication Monitor Thread.
2022-09-12 01:26:02,971 [ReplicationMonitor] INFO  replication.ReplicationManager (ReplicationManager.java:processAll(286)) - Replication Manager is not ready to run until 300000ms after safemode exit
2022-09-12 01:26:02,988 [Listener at 127.0.0.1/41695] INFO  ha.SCMServiceManager (SCMServiceManager.java:register(42)) - Registering service ReplicationManager.
2022-09-12 01:26:02,989 [Listener at 127.0.0.1/41695] INFO  safemode.ContainerSafeModeRule (ContainerSafeModeRule.java:<init>(89)) - containers with one replica threshold count 0
2022-09-12 01:26:02,989 [Listener at 127.0.0.1/41695] INFO  safemode.HealthyPipelineSafeModeRule (HealthyPipelineSafeModeRule.java:initializeRule(169)) - Total pipeline count is 0, healthy pipeline threshold count is 1
2022-09-12 01:26:02,989 [Listener at 127.0.0.1/41695] INFO  safemode.OneReplicaPipelineSafeModeRule (OneReplicaPipelineSafeModeRule.java:initializeRule(180)) - Total pipeline count is 0, pipeline's with at least one datanode reported threshold count is 0
2022-09-12 01:26:02,989 [Listener at 127.0.0.1/41695] INFO  ipc.CallQueueManager (CallQueueManager.java:<init>(90)) - Using callQueue: class java.util.concurrent.LinkedBlockingQueue, queueCapacity: 10000, scheduler: class org.apache.hadoop.ipc.DefaultRpcScheduler, ipcBackoff: false.
2022-09-12 01:26:02,990 [Socket Reader #1 for port 36745] INFO  ipc.Server (Server.java:run(1265)) - Starting Socket Reader #1 for port 36745
2022-09-12 01:26:02,991 [Listener at 0.0.0.0/36745] INFO  ipc.CallQueueManager (CallQueueManager.java:<init>(90)) - Using callQueue: class java.util.concurrent.LinkedBlockingQueue, queueCapacity: 10000, scheduler: class org.apache.hadoop.ipc.DefaultRpcScheduler, ipcBackoff: false.
2022-09-12 01:26:02,992 [Socket Reader #1 for port 33243] INFO  ipc.Server (Server.java:run(1265)) - Starting Socket Reader #1 for port 33243
2022-09-12 01:26:02,993 [Listener at 0.0.0.0/33243] INFO  ipc.CallQueueManager (CallQueueManager.java:<init>(90)) - Using callQueue: class java.util.concurrent.LinkedBlockingQueue, queueCapacity: 10000, scheduler: class org.apache.hadoop.ipc.DefaultRpcScheduler, ipcBackoff: false.
2022-09-12 01:26:03,004 [Socket Reader #1 for port 36969] INFO  ipc.Server (Server.java:run(1265)) - Starting Socket Reader #1 for port 36969
2022-09-12 01:26:03,055 [EndpointStateMachine task thread for /127.0.0.1:46755 - 0 ] INFO  ipc.Client (Client.java:handleConnectionFailure(977)) - Retrying connect to server: localhost/127.0.0.1:46755. Already tried 12 time(s); retry policy is RetryUpToMaximumCountWithFixedSleep(maxRetries=15, sleepTime=1000 MILLISECONDS)
2022-09-12 01:26:03,056 [Listener at 0.0.0.0/36969] INFO  ha.SCMServiceManager (SCMServiceManager.java:register(42)) - Registering service ContainerBalancer.
2022-09-12 01:26:03,056 [Listener at 0.0.0.0/36969] INFO  server.StorageContainerManager (StorageContainerManager.java:<init>(410)) - 
Container Balancer status:
Key                            Value
Running                        false
Container Balancer Configuration values:
Key                                                Value
Threshold                                          10
Max Datanodes to Involve per Iteration(percent)    20
Max Size to Move per Iteration                     500GB
Max Size Entering Target per Iteration             26GB
Max Size Leaving Source per Iteration              26GB

2022-09-12 01:26:03,056 [Listener at 0.0.0.0/36969] WARN  events.EventQueue (EventQueue.java:fireEvent(216)) - No event handler registered for event TypedEvent{payloadType=SafeModeStatus, name='Safe mode status'}
2022-09-12 01:26:03,056 [Listener at 0.0.0.0/36969] INFO  ha.SCMContext (SCMContext.java:updateSafeModeStatus(228)) - Update SafeModeStatus from SafeModeStatus{safeModeStatus=true, preCheckPassed=false} to SafeModeStatus{safeModeStatus=true, preCheckPassed=false}.
2022-09-12 01:26:03,065 [Listener at 0.0.0.0/36969] INFO  server.StorageContainerManager (StorageContainerManager.java:start(1436)) - StorageContainerLocationProtocol RPC server is listening at /0.0.0.0:36969
2022-09-12 01:26:03,065 [Listener at 0.0.0.0/36969] INFO  ha.SCMRatisServerImpl (SCMRatisServerImpl.java:start(178)) - starting ratis server 0.0.0.0:35981
2022-09-12 01:26:03,065 [6f1953f9-25aa-4157-82c9-d49674ab9c3c-impl-thread1] INFO  server.RaftServer$Division (RaftServerImpl.java:start(310)) - 6f1953f9-25aa-4157-82c9-d49674ab9c3c@group-CFA876092E00: start as a follower, conf=0: [6f1953f9-25aa-4157-82c9-d49674ab9c3c|rpc:localhost:35981|admin:|client:|dataStream:|priority:0], old=null
2022-09-12 01:26:03,065 [6f1953f9-25aa-4157-82c9-d49674ab9c3c-impl-thread1] INFO  server.RaftServer$Division (RaftServerImpl.java:setRole(299)) - 6f1953f9-25aa-4157-82c9-d49674ab9c3c@group-CFA876092E00: changes role from      null to FOLLOWER at term 1 for startAsFollower
2022-09-12 01:26:03,065 [6f1953f9-25aa-4157-82c9-d49674ab9c3c-impl-thread1] INFO  impl.RoleInfo (RoleInfo.java:updateAndGet(139)) - 6f1953f9-25aa-4157-82c9-d49674ab9c3c: start 6f1953f9-25aa-4157-82c9-d49674ab9c3c@group-CFA876092E00-FollowerState
2022-09-12 01:26:03,066 [6f1953f9-25aa-4157-82c9-d49674ab9c3c-impl-thread1] INFO  util.JmxRegister (JmxRegister.java:tryRegister(44)) - Successfully registered JMX Bean with object name Ratis:service=RaftServer,group=group-CFA876092E00,id=6f1953f9-25aa-4157-82c9-d49674ab9c3c
2022-09-12 01:26:03,068 [Listener at 0.0.0.0/36969] INFO  server.RaftServer (RaftServerProxy.java:lambda$start$6(382)) - 6f1953f9-25aa-4157-82c9-d49674ab9c3c: start RPC server
2022-09-12 01:26:03,093 [Listener at 0.0.0.0/36969] INFO  server.GrpcService (GrpcService.java:startImpl(260)) - 6f1953f9-25aa-4157-82c9-d49674ab9c3c: GrpcService started, listening on 35981
2022-09-12 01:26:03,096 [Listener at 0.0.0.0/36969] INFO  ha.SCMHAManagerImpl (SCMHAManagerImpl.java:start(121)) -  scm role is FOLLOWER peers [6f1953f9-25aa-4157-82c9-d49674ab9c3c|rpc:localhost:35981|admin:|client:|dataStream:|priority:0]
2022-09-12 01:26:03,096 [Listener at 0.0.0.0/36969] INFO  ha.InterSCMGrpcService (InterSCMGrpcProtocolService.java:start(94)) - Starting SCM Grpc Service at port 43207
2022-09-12 01:26:03,104 [Listener at 0.0.0.0/36969] WARN  impl.MetricsConfig (MetricsConfig.java:loadFirst(136)) - Cannot locate configuration: tried hadoop-metrics2-storagecontainermanager.properties,hadoop-metrics2.properties
2022-09-12 01:26:03,105 [Listener at 0.0.0.0/36969] INFO  impl.MetricsSystemImpl (MetricsSystemImpl.java:startTimer(378)) - Scheduled Metric snapshot period at 10 second(s).
2022-09-12 01:26:03,105 [Listener at 0.0.0.0/36969] INFO  impl.MetricsSystemImpl (MetricsSystemImpl.java:start(191)) - StorageContainerManager metrics system started
2022-09-12 01:26:03,137 [org.apache.ratis.util.JvmPauseMonitor$$Lambda$605/1445225850@6339a9ff] INFO  util.JvmPauseMonitor (JvmPauseMonitor.java:run(103)) - JvmPauseMonitor-6f1953f9-25aa-4157-82c9-d49674ab9c3c: Started
2022-09-12 01:26:03,146 [Listener at 0.0.0.0/36969] INFO  impl.MetricsSinkAdapter (MetricsSinkAdapter.java:start(204)) - Sink prometheus started
2022-09-12 01:26:03,146 [Listener at 0.0.0.0/36969] INFO  impl.MetricsSystemImpl (MetricsSystemImpl.java:registerSink(305)) - Registered sink prometheus
2022-09-12 01:26:03,181 [Listener at 0.0.0.0/36969] INFO  server.SCMClientProtocolServer (SCMClientProtocolServer.java:start(170)) - RPC server for Client  is listening at /0.0.0.0:36969
2022-09-12 01:26:03,200 [IPC Server Responder] INFO  ipc.Server (Server.java:run(1507)) - IPC Server Responder: starting
2022-09-12 01:26:03,200 [IPC Server listener on 36969] INFO  ipc.Server (Server.java:run(1344)) - IPC Server listener on 36969: starting
2022-09-12 01:26:03,673 [Listener at 0.0.0.0/36969] INFO  server.StorageContainerManager (StorageContainerManager.java:start(1451)) - ScmBlockLocationProtocol RPC server is listening at /0.0.0.0:33243
2022-09-12 01:26:03,674 [Listener at 0.0.0.0/36969] INFO  server.SCMBlockProtocolServer (SCMBlockProtocolServer.java:start(152)) - RPC server for Block Protocol is listening at /0.0.0.0:33243
2022-09-12 01:26:03,678 [IPC Server Responder] INFO  ipc.Server (Server.java:run(1507)) - IPC Server Responder: starting
2022-09-12 01:26:03,708 [IPC Server listener on 33243] INFO  ipc.Server (Server.java:run(1344)) - IPC Server listener on 33243: starting
2022-09-12 01:26:03,833 [EndpointStateMachine task thread for /127.0.0.1:40693 - 0 ] INFO  ipc.Client (Client.java:handleConnectionFailure(977)) - Retrying connect to server: localhost/127.0.0.1:40693. Already tried 8 time(s); retry policy is RetryUpToMaximumCountWithFixedSleep(maxRetries=15, sleepTime=1000 MILLISECONDS)
2022-09-12 01:26:03,968 [Listener at 0.0.0.0/36969] INFO  http.BaseHttpServer (BaseHttpServer.java:newHttpServer2BuilderForOzone(213)) - Starting Web-server for scm at: http://0.0.0.0:35323
2022-09-12 01:26:03,969 [Listener at 0.0.0.0/36969] INFO  http.BaseHttpServer (BaseHttpServer.java:<init>(108)) - Hadoop Security Enabled: false Ozone Security Enabled: false Ozone HTTP Security Enabled: false 
2022-09-12 01:26:03,970 [Listener at 0.0.0.0/36969] INFO  server.AuthenticationFilter (AuthenticationFilter.java:constructSecretProvider(240)) - Unable to initialize FileSignerSecretProvider, falling back to use random secrets.
2022-09-12 01:26:03,972 [org.apache.hadoop.util.JvmPauseMonitor$Monitor@38330aa] INFO  util.JvmPauseMonitor (JvmPauseMonitor.java:run(188)) - Starting JVM pause monitor
2022-09-12 01:26:03,976 [Listener at 0.0.0.0/36969] WARN  http.HttpRequestLog (HttpRequestLog.java:getRequestLog(103)) - Jetty request log can only be enabled using Log4j
2022-09-12 01:26:03,978 [Listener at 0.0.0.0/36969] INFO  http.HttpServer2 (HttpServer2.java:addGlobalFilter(1029)) - Added global filter 'safety' (class=org.apache.hadoop.hdds.server.http.HttpServer2$QuotingInputFilter)
2022-09-12 01:26:03,980 [Listener at 0.0.0.0/36969] INFO  http.HttpServer2 (HttpServer2.java:addFilter(1005)) - Added filter static_user_filter (class=org.apache.hadoop.http.lib.StaticUserWebFilter$StaticUserFilter) to context scm
2022-09-12 01:26:03,980 [Listener at 0.0.0.0/36969] INFO  http.HttpServer2 (HttpServer2.java:addFilter(1013)) - Added filter static_user_filter (class=org.apache.hadoop.http.lib.StaticUserWebFilter$StaticUserFilter) to context logs
2022-09-12 01:26:03,982 [Listener at 0.0.0.0/36969] INFO  http.HttpServer2 (HttpServer2.java:addFilter(1013)) - Added filter static_user_filter (class=org.apache.hadoop.http.lib.StaticUserWebFilter$StaticUserFilter) to context static
2022-09-12 01:26:03,983 [Listener at 0.0.0.0/36969] INFO  http.HttpServer2 (HttpServer2.java:bindListener(1248)) - Jetty bound to port 35323
2022-09-12 01:26:03,983 [Listener at 0.0.0.0/36969] INFO  server.Server (Server.java:doStart(375)) - jetty-9.4.43.v20210629; built: 2021-06-30T11:07:22.254Z; git: 526006ecfa3af7f1a27ef3a288e2bef7ea9dd7e8; jvm 1.8.0_345-b01
2022-09-12 01:26:04,044 [Listener at 0.0.0.0/36969] INFO  server.session (DefaultSessionIdManager.java:doStart(334)) - DefaultSessionIdManager workerName=node0
2022-09-12 01:26:04,045 [Listener at 0.0.0.0/36969] INFO  server.session (DefaultSessionIdManager.java:doStart(339)) - No SessionScavenger set, using defaults
2022-09-12 01:26:04,045 [Listener at 0.0.0.0/36969] INFO  server.session (HouseKeeper.java:startScavenging(132)) - node0 Scavenging every 600000ms
2022-09-12 01:26:04,049 [Listener at 0.0.0.0/36969] INFO  handler.ContextHandler (ContextHandler.java:doStart(915)) - Started o.e.j.s.ServletContextHandler@799af6ee{logs,/logs,file:///home/runner/work/ozone/ozone/hadoop-ozone/integration-test/target/log,AVAILABLE}
2022-09-12 01:26:04,049 [Listener at 0.0.0.0/36969] INFO  handler.ContextHandler (ContextHandler.java:doStart(915)) - Started o.e.j.s.ServletContextHandler@eaccef{static,/static,file:///home/runner/work/ozone/ozone/hadoop-ozone/integration-test/target/test-classes/webapps/static,AVAILABLE}
2022-09-12 01:26:04,054 [Listener at 0.0.0.0/36969] INFO  handler.ContextHandler (ContextHandler.java:doStart(915)) - Started o.e.j.w.WebAppContext@3c67a72d{scm,/,file:///home/runner/work/ozone/ozone/hadoop-ozone/integration-test/target/test-classes/webapps/scm/,AVAILABLE}{file:/home/runner/work/ozone/ozone/hadoop-ozone/integration-test/target/test-classes/webapps/scm}
2022-09-12 01:26:04,055 [EndpointStateMachine task thread for /127.0.0.1:46755 - 0 ] INFO  ipc.Client (Client.java:handleConnectionFailure(977)) - Retrying connect to server: localhost/127.0.0.1:46755. Already tried 13 time(s); retry policy is RetryUpToMaximumCountWithFixedSleep(maxRetries=15, sleepTime=1000 MILLISECONDS)
2022-09-12 01:26:04,076 [Listener at 0.0.0.0/36969] INFO  server.AbstractConnector (AbstractConnector.java:doStart(331)) - Started ServerConnector@3d9c0ab7{HTTP/1.1, (http/1.1)}{0.0.0.0:35323}
2022-09-12 01:26:04,077 [Listener at 0.0.0.0/36969] INFO  server.Server (Server.java:doStart(415)) - Started @184786ms
2022-09-12 01:26:04,077 [Listener at 0.0.0.0/36969] WARN  impl.MetricsSystemImpl (MetricsSystemImpl.java:register(279)) - Sink prometheus already exists!
2022-09-12 01:26:04,077 [Listener at 0.0.0.0/36969] INFO  http.BaseHttpServer (BaseHttpServer.java:updateConnectorAddress(333)) - HTTP server of scm listening at http://0.0.0.0:35323
2022-09-12 01:26:04,077 [Listener at 0.0.0.0/36969] INFO  ozone.MiniOzoneHAClusterImpl (MiniOzoneHAClusterImpl.java:createSCMService(606)) - Started SCM RPC server at /0.0.0.0:36969
2022-09-12 01:26:04,078 [Listener at 0.0.0.0/36969] INFO  ha.OMHANodeDetails (OMHANodeDetails.java:loadOMHAConfig(121)) - ServiceID for OzoneManager is om-add-remove
2022-09-12 01:26:04,078 [Listener at 0.0.0.0/36969] INFO  ha.OMHANodeDetails (OMHANodeDetails.java:loadOMHAConfig(201)) - Found matching OM address with OMServiceId: om-add-remove, OMNodeId: omNode-1, RPC Address: localhost:43917 and Ratis port: 37739
2022-09-12 01:26:04,079 [Listener at 0.0.0.0/36969] INFO  ha.OMHANodeDetails (ConfUtils.java:setNodeSpecificConfigs(97)) - Setting configuration key ozone.om.http-address with value of key ozone.om.http-address.om-add-remove.omNode-1: 127.0.0.1:40673
2022-09-12 01:26:04,079 [Listener at 0.0.0.0/36969] INFO  ha.OMHANodeDetails (ConfUtils.java:setNodeSpecificConfigs(97)) - Setting configuration key ozone.om.https-address with value of key ozone.om.https-address.om-add-remove.omNode-1: 127.0.0.1:42317
2022-09-12 01:26:04,079 [Listener at 0.0.0.0/36969] INFO  ha.OMHANodeDetails (ConfUtils.java:setNodeSpecificConfigs(97)) - Setting configuration key ozone.om.address with value of key ozone.om.address.om-add-remove.omNode-1: 127.0.0.1:43917
2022-09-12 01:26:04,079 [Listener at 0.0.0.0/36969] WARN  server.ServerUtils (ServerUtils.java:getDBPath(225)) - ozone.om.db.dirs is not configured. We recommend adding this setting. Falling back to ozone.metadata.dirs instead.
2022-09-12 01:26:04,080 [Listener at 0.0.0.0/36969] INFO  ha.SCMNodeInfo (SCMNodeInfo.java:getPort(197)) - ConfigKey ozone.scm.client.address is deprecated, For configuring different ports for each SCM use PortConfigKey ozone.scm.client.port appended with serviceId and nodeId
2022-09-12 01:26:04,080 [Listener at 0.0.0.0/36969] INFO  ha.SCMNodeInfo (SCMNodeInfo.java:getPort(197)) - ConfigKey ozone.scm.block.client.address is deprecated, For configuring different ports for each SCM use PortConfigKey ozone.scm.block.client.port appended with serviceId and nodeId
2022-09-12 01:26:04,080 [Listener at 0.0.0.0/36969] INFO  ha.SCMNodeInfo (SCMNodeInfo.java:getPort(197)) - ConfigKey ozone.scm.datanode.address is deprecated, For configuring different ports for each SCM use PortConfigKey ozone.scm.datanode.port appended with serviceId and nodeId
2022-09-12 01:26:04,080 [Listener at 0.0.0.0/36969] INFO  proxy.SCMBlockLocationFailoverProxyProvider (SCMBlockLocationFailoverProxyProvider.java:<init>(114)) - Created block location fail-over proxy with 1 nodes: [nodeId=scmNode-1,nodeAddress=/127.0.0.1:33243]
2022-09-12 01:26:04,834 [EndpointStateMachine task thread for /127.0.0.1:40693 - 0 ] INFO  ipc.Client (Client.java:handleConnectionFailure(977)) - Retrying connect to server: localhost/127.0.0.1:40693. Already tried 9 time(s); retry policy is RetryUpToMaximumCountWithFixedSleep(maxRetries=15, sleepTime=1000 MILLISECONDS)
2022-09-12 01:26:05,055 [EndpointStateMachine task thread for /127.0.0.1:46755 - 0 ] INFO  ipc.Client (Client.java:handleConnectionFailure(977)) - Retrying connect to server: localhost/127.0.0.1:46755. Already tried 14 time(s); retry policy is RetryUpToMaximumCountWithFixedSleep(maxRetries=15, sleepTime=1000 MILLISECONDS)
2022-09-12 01:26:05,834 [EndpointStateMachine task thread for /127.0.0.1:40693 - 0 ] INFO  ipc.Client (Client.java:handleConnectionFailure(977)) - Retrying connect to server: localhost/127.0.0.1:40693. Already tried 10 time(s); retry policy is RetryUpToMaximumCountWithFixedSleep(maxRetries=15, sleepTime=1000 MILLISECONDS)
2022-09-12 01:26:06,064 [EndpointStateMachine task thread for /127.0.0.1:46755 - 0 ] INFO  ipc.Client (Client.java:handleConnectionFailure(977)) - Retrying connect to server: localhost/127.0.0.1:46755. Already tried 0 time(s); retry policy is RetryUpToMaximumCountWithFixedSleep(maxRetries=15, sleepTime=1000 MILLISECONDS)
2022-09-12 01:26:06,165 [Listener at 0.0.0.0/36969] INFO  retry.RetryInvocationHandler (RetryInvocationHandler.java:log(411)) - com.google.protobuf.ServiceException: org.apache.hadoop.ipc.RemoteException(org.apache.hadoop.hdds.ratis.ServerNotLeaderException): Server:6f1953f9-25aa-4157-82c9-d49674ab9c3c is not the leader. Could not determine the leader node.
	at org.apache.hadoop.hdds.ratis.ServerNotLeaderException.convertToNotLeaderException(ServerNotLeaderException.java:109)
	at org.apache.hadoop.hdds.scm.ha.RatisUtil.checkRatisException(RatisUtil.java:246)
	at org.apache.hadoop.hdds.scm.protocol.ScmBlockLocationProtocolServerSideTranslatorPB.send(ScmBlockLocationProtocolServerSideTranslatorPB.java:109)
	at org.apache.hadoop.hdds.protocol.proto.ScmBlockLocationProtocolProtos$ScmBlockLocationProtocolService$2.callBlockingMethod(ScmBlockLocationProtocolProtos.java:14202)
	at org.apache.hadoop.ipc.ProtobufRpcEngine$Server.processCall(ProtobufRpcEngine.java:466)
	at org.apache.hadoop.ipc.ProtobufRpcEngine2$Server$ProtoBufRpcInvoker.call(ProtobufRpcEngine2.java:574)
	at org.apache.hadoop.ipc.ProtobufRpcEngine2$Server$ProtoBufRpcInvoker.call(ProtobufRpcEngine2.java:552)
	at org.apache.hadoop.ipc.RPC$Server.call(RPC.java:1093)
	at org.apache.hadoop.ipc.Server$RpcCall.run(Server.java:1035)
	at org.apache.hadoop.ipc.Server$RpcCall.run(Server.java:963)
	at java.security.AccessController.doPrivileged(Native Method)
	at javax.security.auth.Subject.doAs(Subject.java:422)
	at org.apache.hadoop.security.UserGroupInformation.doAs(UserGroupInformation.java:1878)
	at org.apache.hadoop.ipc.Server$Handler.run(Server.java:2966)
, while invoking $Proxy44.send over nodeId=scmNode-1,nodeAddress=/127.0.0.1:33243 after 1 failover attempts. Trying to failover after sleeping for 2000ms.
2022-09-12 01:26:06,835 [EndpointStateMachine task thread for /127.0.0.1:40693 - 0 ] INFO  ipc.Client (Client.java:handleConnectionFailure(977)) - Retrying connect to server: localhost/127.0.0.1:40693. Already tried 11 time(s); retry policy is RetryUpToMaximumCountWithFixedSleep(maxRetries=15, sleepTime=1000 MILLISECONDS)
2022-09-12 01:26:07,064 [EndpointStateMachine task thread for /127.0.0.1:46755 - 0 ] INFO  ipc.Client (Client.java:handleConnectionFailure(977)) - Retrying connect to server: localhost/127.0.0.1:46755. Already tried 1 time(s); retry policy is RetryUpToMaximumCountWithFixedSleep(maxRetries=15, sleepTime=1000 MILLISECONDS)
2022-09-12 01:26:07,836 [EndpointStateMachine task thread for /127.0.0.1:40693 - 0 ] INFO  ipc.Client (Client.java:handleConnectionFailure(977)) - Retrying connect to server: localhost/127.0.0.1:40693. Already tried 12 time(s); retry policy is RetryUpToMaximumCountWithFixedSleep(maxRetries=15, sleepTime=1000 MILLISECONDS)
2022-09-12 01:26:08,081 [EndpointStateMachine task thread for /127.0.0.1:46755 - 0 ] INFO  ipc.Client (Client.java:handleConnectionFailure(977)) - Retrying connect to server: localhost/127.0.0.1:46755. Already tried 2 time(s); retry policy is RetryUpToMaximumCountWithFixedSleep(maxRetries=15, sleepTime=1000 MILLISECONDS)
2022-09-12 01:26:08,171 [Listener at 0.0.0.0/36969] INFO  retry.RetryInvocationHandler (RetryInvocationHandler.java:log(411)) - com.google.protobuf.ServiceException: org.apache.hadoop.ipc.RemoteException(org.apache.hadoop.hdds.ratis.ServerNotLeaderException): Server:6f1953f9-25aa-4157-82c9-d49674ab9c3c is not the leader. Could not determine the leader node.
	at org.apache.hadoop.hdds.ratis.ServerNotLeaderException.convertToNotLeaderException(ServerNotLeaderException.java:109)
	at org.apache.hadoop.hdds.scm.ha.RatisUtil.checkRatisException(RatisUtil.java:246)
	at org.apache.hadoop.hdds.scm.protocol.ScmBlockLocationProtocolServerSideTranslatorPB.send(ScmBlockLocationProtocolServerSideTranslatorPB.java:109)
	at org.apache.hadoop.hdds.protocol.proto.ScmBlockLocationProtocolProtos$ScmBlockLocationProtocolService$2.callBlockingMethod(ScmBlockLocationProtocolProtos.java:14202)
	at org.apache.hadoop.ipc.ProtobufRpcEngine$Server.processCall(ProtobufRpcEngine.java:466)
	at org.apache.hadoop.ipc.ProtobufRpcEngine2$Server$ProtoBufRpcInvoker.call(ProtobufRpcEngine2.java:574)
	at org.apache.hadoop.ipc.ProtobufRpcEngine2$Server$ProtoBufRpcInvoker.call(ProtobufRpcEngine2.java:552)
	at org.apache.hadoop.ipc.RPC$Server.call(RPC.java:1093)
	at org.apache.hadoop.ipc.Server$RpcCall.run(Server.java:1035)
	at org.apache.hadoop.ipc.Server$RpcCall.run(Server.java:963)
	at java.security.AccessController.doPrivileged(Native Method)
	at javax.security.auth.Subject.doAs(Subject.java:422)
	at org.apache.hadoop.security.UserGroupInformation.doAs(UserGroupInformation.java:1878)
	at org.apache.hadoop.ipc.Server$Handler.run(Server.java:2966)
, while invoking $Proxy44.send over nodeId=scmNode-1,nodeAddress=/127.0.0.1:33243 after 2 failover attempts. Trying to failover after sleeping for 2000ms.
2022-09-12 01:26:08,178 [6f1953f9-25aa-4157-82c9-d49674ab9c3c@group-CFA876092E00-FollowerState] INFO  impl.FollowerState (FollowerState.java:run(143)) - 6f1953f9-25aa-4157-82c9-d49674ab9c3c@group-CFA876092E00-FollowerState: change to CANDIDATE, lastRpcElapsedTime:5113038081ns, electionTimeout:5112ms
2022-09-12 01:26:08,179 [6f1953f9-25aa-4157-82c9-d49674ab9c3c@group-CFA876092E00-FollowerState] INFO  impl.RoleInfo (RoleInfo.java:shutdownFollowerState(110)) - 6f1953f9-25aa-4157-82c9-d49674ab9c3c: shutdown 6f1953f9-25aa-4157-82c9-d49674ab9c3c@group-CFA876092E00-FollowerState
2022-09-12 01:26:08,179 [6f1953f9-25aa-4157-82c9-d49674ab9c3c@group-CFA876092E00-FollowerState] INFO  server.RaftServer$Division (RaftServerImpl.java:setRole(299)) - 6f1953f9-25aa-4157-82c9-d49674ab9c3c@group-CFA876092E00: changes role from  FOLLOWER to CANDIDATE at term 1 for changeToCandidate
2022-09-12 01:26:08,179 [6f1953f9-25aa-4157-82c9-d49674ab9c3c@group-CFA876092E00-FollowerState] INFO  server.RaftServerConfigKeys (ConfUtils.java:logGet(46)) - raft.server.leaderelection.pre-vote = false (custom)
2022-09-12 01:26:08,179 [6f1953f9-25aa-4157-82c9-d49674ab9c3c@group-CFA876092E00-FollowerState] INFO  impl.RoleInfo (RoleInfo.java:updateAndGet(139)) - 6f1953f9-25aa-4157-82c9-d49674ab9c3c: start 6f1953f9-25aa-4157-82c9-d49674ab9c3c@group-CFA876092E00-LeaderElection61
2022-09-12 01:26:08,193 [6f1953f9-25aa-4157-82c9-d49674ab9c3c@group-CFA876092E00-LeaderElection61] INFO  impl.LeaderElection (LeaderElection.java:askForVotes(310)) - 6f1953f9-25aa-4157-82c9-d49674ab9c3c@group-CFA876092E00-LeaderElection61 ELECTION round 0: submit vote requests at term 2 for 0: [6f1953f9-25aa-4157-82c9-d49674ab9c3c|rpc:localhost:35981|admin:|client:|dataStream:|priority:0], old=null
2022-09-12 01:26:08,216 [6f1953f9-25aa-4157-82c9-d49674ab9c3c@group-CFA876092E00-LeaderElection61] INFO  impl.LeaderElection (LeaderElection.java:askForVotes(312)) - 6f1953f9-25aa-4157-82c9-d49674ab9c3c@group-CFA876092E00-LeaderElection61 ELECTION round 0: result PASSED (term=2)
2022-09-12 01:26:08,216 [6f1953f9-25aa-4157-82c9-d49674ab9c3c@group-CFA876092E00-LeaderElection61] INFO  impl.RoleInfo (RoleInfo.java:shutdownLeaderElection(130)) - 6f1953f9-25aa-4157-82c9-d49674ab9c3c: shutdown 6f1953f9-25aa-4157-82c9-d49674ab9c3c@group-CFA876092E00-LeaderElection61
2022-09-12 01:26:08,216 [6f1953f9-25aa-4157-82c9-d49674ab9c3c@group-CFA876092E00-LeaderElection61] INFO  server.RaftServer$Division (RaftServerImpl.java:setRole(299)) - 6f1953f9-25aa-4157-82c9-d49674ab9c3c@group-CFA876092E00: changes role from CANDIDATE to LEADER at term 2 for changeToLeader
2022-09-12 01:26:08,216 [6f1953f9-25aa-4157-82c9-d49674ab9c3c@group-CFA876092E00-LeaderElection61] INFO  ha.SCMStateMachine (SCMStateMachine.java:notifyLeaderChanged(259)) - current SCM becomes leader of term 2.
2022-09-12 01:26:08,216 [6f1953f9-25aa-4157-82c9-d49674ab9c3c@group-CFA876092E00-LeaderElection61] INFO  ha.SCMContext (SCMContext.java:updateLeaderAndTerm(99)) - update <isLeader,term> from <false,0> to <true,2>
2022-09-12 01:26:08,217 [6f1953f9-25aa-4157-82c9-d49674ab9c3c@group-CFA876092E00-LeaderElection61] INFO  server.RaftServer$Division (ServerState.java:setLeader(287)) - 6f1953f9-25aa-4157-82c9-d49674ab9c3c@group-CFA876092E00: change Leader from null to 6f1953f9-25aa-4157-82c9-d49674ab9c3c at term 2 for becomeLeader, leader elected after 5483ms
2022-09-12 01:26:08,217 [6f1953f9-25aa-4157-82c9-d49674ab9c3c@group-CFA876092E00-LeaderElection61] INFO  server.RaftServerConfigKeys (ConfUtils.java:logGet(46)) - raft.server.staging.catchup.gap = 1000 (default)
2022-09-12 01:26:08,217 [6f1953f9-25aa-4157-82c9-d49674ab9c3c@group-CFA876092E00-LeaderElection61] INFO  server.RaftServerConfigKeys (ConfUtils.java:logGet(46)) - raft.server.write.element-limit = 4096 (default)
2022-09-12 01:26:08,217 [6f1953f9-25aa-4157-82c9-d49674ab9c3c@group-CFA876092E00-LeaderElection61] INFO  server.RaftServerConfigKeys (ConfUtils.java:logGet(46)) - raft.server.write.byte-limit = 64MB (=67108864) (default)
2022-09-12 01:26:08,217 [6f1953f9-25aa-4157-82c9-d49674ab9c3c@group-CFA876092E00-LeaderElection61] INFO  server.RaftServerConfigKeys (ConfUtils.java:logGet(46)) - raft.server.watch.timeout = 10s (default)
2022-09-12 01:26:08,217 [6f1953f9-25aa-4157-82c9-d49674ab9c3c@group-CFA876092E00-LeaderElection61] INFO  server.RaftServerConfigKeys (ConfUtils.java:logGet(46)) - raft.server.watch.timeout.denomination = 1s (default)
2022-09-12 01:26:08,217 [6f1953f9-25aa-4157-82c9-d49674ab9c3c@group-CFA876092E00-LeaderElection61] INFO  server.RaftServerConfigKeys (ConfUtils.java:logGet(46)) - raft.server.watch.element-limit = 65536 (default)
2022-09-12 01:26:08,217 [6f1953f9-25aa-4157-82c9-d49674ab9c3c@group-CFA876092E00-LeaderElection61] INFO  server.RaftServerConfigKeys (ConfUtils.java:logGet(46)) - raft.server.write.element-limit = 4096 (default)
2022-09-12 01:26:08,217 [6f1953f9-25aa-4157-82c9-d49674ab9c3c@group-CFA876092E00-LeaderElection61] INFO  server.RaftServerConfigKeys (ConfUtils.java:logGet(46)) - raft.server.write.follower.gap.ratio.max = -1.0 (default)
2022-09-12 01:26:08,217 [6f1953f9-25aa-4157-82c9-d49674ab9c3c@group-CFA876092E00-LeaderElection61] INFO  impl.RoleInfo (RoleInfo.java:updateAndGet(139)) - 6f1953f9-25aa-4157-82c9-d49674ab9c3c: start 6f1953f9-25aa-4157-82c9-d49674ab9c3c@group-CFA876092E00-LeaderStateImpl
2022-09-12 01:26:08,218 [6f1953f9-25aa-4157-82c9-d49674ab9c3c@group-CFA876092E00-LeaderElection61] INFO  segmented.SegmentedRaftLogWorker (SegmentedRaftLogWorker.java:rollLogSegment(430)) - 6f1953f9-25aa-4157-82c9-d49674ab9c3c@group-CFA876092E00-SegmentedRaftLogWorker: Rolling segment log-0_0 to index:0
2022-09-12 01:26:08,239 [6f1953f9-25aa-4157-82c9-d49674ab9c3c@group-CFA876092E00-LeaderElection61] INFO  server.RaftServer$Division (ServerState.java:setRaftConf(393)) - 6f1953f9-25aa-4157-82c9-d49674ab9c3c@group-CFA876092E00: set configuration 1: [6f1953f9-25aa-4157-82c9-d49674ab9c3c|rpc:localhost:35981|admin:|client:|dataStream:|priority:0], old=null
2022-09-12 01:26:08,253 [6f1953f9-25aa-4157-82c9-d49674ab9c3c@group-CFA876092E00-SegmentedRaftLogWorker] INFO  segmented.SegmentedRaftLogWorker (SegmentedRaftLogWorker.java:execute(586)) - 6f1953f9-25aa-4157-82c9-d49674ab9c3c@group-CFA876092E00-SegmentedRaftLogWorker: Rolled log segment from /home/runner/work/ozone/ozone/hadoop-ozone/integration-test/target/test-dir/MiniOzoneClusterImpl-a920e810-7507-4246-9d07-cfa876092e00/scmNode-1/scm-ha/a920e810-7507-4246-9d07-cfa876092e00/current/log_inprogress_0 to /home/runner/work/ozone/ozone/hadoop-ozone/integration-test/target/test-dir/MiniOzoneClusterImpl-a920e810-7507-4246-9d07-cfa876092e00/scmNode-1/scm-ha/a920e810-7507-4246-9d07-cfa876092e00/current/log_0-0
2022-09-12 01:26:08,261 [6f1953f9-25aa-4157-82c9-d49674ab9c3c@group-CFA876092E00-SegmentedRaftLogWorker] INFO  segmented.SegmentedRaftLogWorker (SegmentedRaftLogWorker.java:execute(629)) - 6f1953f9-25aa-4157-82c9-d49674ab9c3c@group-CFA876092E00-SegmentedRaftLogWorker: created new log segment /home/runner/work/ozone/ozone/hadoop-ozone/integration-test/target/test-dir/MiniOzoneClusterImpl-a920e810-7507-4246-9d07-cfa876092e00/scmNode-1/scm-ha/a920e810-7507-4246-9d07-cfa876092e00/current/log_inprogress_1
2022-09-12 01:26:08,262 [6f1953f9-25aa-4157-82c9-d49674ab9c3c@group-CFA876092E00-StateMachineUpdater] INFO  ha.SCMContext (SCMContext.java:setLeaderReady(126)) - update <isLeaderReady> from <false> to <true>
2022-09-12 01:26:08,263 [6f1953f9-25aa-4157-82c9-d49674ab9c3c@group-CFA876092E00-StateMachineUpdater] INFO  pipeline.BackgroundPipelineCreator (BackgroundPipelineCreator.java:notifyStatusChanged(254)) - Service BackgroundPipelineCreator transitions to RUNNING.
2022-09-12 01:26:08,265 [6f1953f9-25aa-4157-82c9-d49674ab9c3c@group-CFA876092E00-StateMachineUpdater] INFO  safemode.HealthyPipelineSafeModeRule (HealthyPipelineSafeModeRule.java:initializeRule(165)) - Refreshed total pipeline count is 0, healthy pipeline threshold count is 1
2022-09-12 01:26:08,265 [6f1953f9-25aa-4157-82c9-d49674ab9c3c@group-CFA876092E00-StateMachineUpdater] INFO  safemode.ContainerSafeModeRule (ContainerSafeModeRule.java:reInitializeRule(177)) - Refreshed one replica container threshold 0, currentThreshold 0
2022-09-12 01:26:08,265 [6f1953f9-25aa-4157-82c9-d49674ab9c3c@group-CFA876092E00-StateMachineUpdater] INFO  safemode.OneReplicaPipelineSafeModeRule (OneReplicaPipelineSafeModeRule.java:initializeRule(176)) - Refreshed Total pipeline count is 0, pipeline's with at least one datanode reported threshold count is 0
2022-09-12 01:26:08,265 [6f1953f9-25aa-4157-82c9-d49674ab9c3c@group-CFA876092E00-StateMachineUpdater] INFO  server.SCMDatanodeProtocolServer (SCMDatanodeProtocolServer.java:start(186)) - ScmDatanodeProtocol RPC server for DataNodes is listening at /0.0.0.0:36745
2022-09-12 01:26:08,273 [IPC Server listener on 36745] INFO  ipc.Server (Server.java:run(1344)) - IPC Server listener on 36745: starting
2022-09-12 01:26:08,289 [IPC Server Responder] INFO  ipc.Server (Server.java:run(1507)) - IPC Server Responder: starting
2022-09-12 01:26:08,837 [EndpointStateMachine task thread for /127.0.0.1:40693 - 0 ] INFO  ipc.Client (Client.java:handleConnectionFailure(977)) - Retrying connect to server: localhost/127.0.0.1:40693. Already tried 13 time(s); retry policy is RetryUpToMaximumCountWithFixedSleep(maxRetries=15, sleepTime=1000 MILLISECONDS)
2022-09-12 01:26:09,081 [EndpointStateMachine task thread for /127.0.0.1:46755 - 0 ] INFO  ipc.Client (Client.java:handleConnectionFailure(977)) - Retrying connect to server: localhost/127.0.0.1:46755. Already tried 3 time(s); retry policy is RetryUpToMaximumCountWithFixedSleep(maxRetries=15, sleepTime=1000 MILLISECONDS)
2022-09-12 01:26:09,837 [EndpointStateMachine task thread for /127.0.0.1:40693 - 0 ] INFO  ipc.Client (Client.java:handleConnectionFailure(977)) - Retrying connect to server: localhost/127.0.0.1:40693. Already tried 14 time(s); retry policy is RetryUpToMaximumCountWithFixedSleep(maxRetries=15, sleepTime=1000 MILLISECONDS)
2022-09-12 01:26:10,082 [EndpointStateMachine task thread for /127.0.0.1:46755 - 0 ] INFO  ipc.Client (Client.java:handleConnectionFailure(977)) - Retrying connect to server: localhost/127.0.0.1:46755. Already tried 4 time(s); retry policy is RetryUpToMaximumCountWithFixedSleep(maxRetries=15, sleepTime=1000 MILLISECONDS)
OM initialization succeeded.Current cluster id for sd=/home/runner/work/ozone/ozone/hadoop-ozone/integration-test/target/test-dir/MiniOzoneClusterImpl-a920e810-7507-4246-9d07-cfa876092e00/omNode-1/om;cid=a920e810-7507-4246-9d07-cfa876092e00;layoutVersion=3
2022-09-12 01:26:10,181 [Listener at 0.0.0.0/36969] INFO  ha.OMHANodeDetails (OMHANodeDetails.java:loadOMHAConfig(121)) - ServiceID for OzoneManager is om-add-remove
2022-09-12 01:26:10,182 [Listener at 0.0.0.0/36969] INFO  ha.OMHANodeDetails (OMHANodeDetails.java:loadOMHAConfig(201)) - Found matching OM address with OMServiceId: om-add-remove, OMNodeId: omNode-1, RPC Address: localhost:43917 and Ratis port: 37739
2022-09-12 01:26:10,182 [Listener at 0.0.0.0/36969] INFO  ha.OMHANodeDetails (ConfUtils.java:setNodeSpecificConfigs(97)) - Setting configuration key ozone.om.http-address with value of key ozone.om.http-address.om-add-remove.omNode-1: 127.0.0.1:40673
2022-09-12 01:26:10,182 [Listener at 0.0.0.0/36969] INFO  ha.OMHANodeDetails (ConfUtils.java:setNodeSpecificConfigs(97)) - Setting configuration key ozone.om.https-address with value of key ozone.om.https-address.om-add-remove.omNode-1: 127.0.0.1:42317
2022-09-12 01:26:10,182 [Listener at 0.0.0.0/36969] INFO  ha.OMHANodeDetails (ConfUtils.java:setNodeSpecificConfigs(97)) - Setting configuration key ozone.om.address with value of key ozone.om.address.om-add-remove.omNode-1: 127.0.0.1:43917
2022-09-12 01:26:10,182 [Listener at 0.0.0.0/36969] WARN  server.ServerUtils (ServerUtils.java:getDBPath(225)) - ozone.om.db.dirs is not configured. We recommend adding this setting. Falling back to ozone.metadata.dirs instead.
2022-09-12 01:26:10,183 [Listener at 0.0.0.0/36969] INFO  upgrade.AbstractLayoutVersionManager (AbstractLayoutVersionManager.java:init(83)) - Initializing Layout version manager with metadata layout = MULTITENANCY_SCHEMA (version = 3), software layout = MULTITENANCY_SCHEMA (version = 3)
2022-09-12 01:26:10,352 [Listener at 0.0.0.0/36969] INFO  reflections.Reflections (Reflections.java:scan(232)) - Reflections took 169 ms to scan 2 urls, producing 153 keys and 427 values [using 2 cores]
2022-09-12 01:26:10,353 [Listener at 0.0.0.0/36969] INFO  upgrade.OMLayoutVersionManager (OMLayoutVersionManager.java:lambda$0(115)) - Skipping Upgrade Action MockOmUpgradeAction since it has been finalized.
2022-09-12 01:26:10,353 [Listener at 0.0.0.0/36969] WARN  server.ServerUtils (ServerUtils.java:getDBPath(225)) - ozone.om.db.dirs is not configured. We recommend adding this setting. Falling back to ozone.metadata.dirs instead.
2022-09-12 01:26:10,353 [Listener at 0.0.0.0/36969] INFO  ha.SCMNodeInfo (SCMNodeInfo.java:getPort(197)) - ConfigKey ozone.scm.client.address is deprecated, For configuring different ports for each SCM use PortConfigKey ozone.scm.client.port appended with serviceId and nodeId
2022-09-12 01:26:10,353 [Listener at 0.0.0.0/36969] INFO  ha.SCMNodeInfo (SCMNodeInfo.java:getPort(197)) - ConfigKey ozone.scm.block.client.address is deprecated, For configuring different ports for each SCM use PortConfigKey ozone.scm.block.client.port appended with serviceId and nodeId
2022-09-12 01:26:10,353 [Listener at 0.0.0.0/36969] INFO  ha.SCMNodeInfo (SCMNodeInfo.java:getPort(197)) - ConfigKey ozone.scm.datanode.address is deprecated, For configuring different ports for each SCM use PortConfigKey ozone.scm.datanode.port appended with serviceId and nodeId
2022-09-12 01:26:10,354 [Listener at 0.0.0.0/36969] INFO  ha.SCMNodeInfo (SCMNodeInfo.java:getPort(197)) - ConfigKey ozone.scm.client.address is deprecated, For configuring different ports for each SCM use PortConfigKey ozone.scm.client.port appended with serviceId and nodeId
2022-09-12 01:26:10,354 [Listener at 0.0.0.0/36969] INFO  ha.SCMNodeInfo (SCMNodeInfo.java:getPort(197)) - ConfigKey ozone.scm.block.client.address is deprecated, For configuring different ports for each SCM use PortConfigKey ozone.scm.block.client.port appended with serviceId and nodeId
2022-09-12 01:26:10,354 [Listener at 0.0.0.0/36969] INFO  ha.SCMNodeInfo (SCMNodeInfo.java:getPort(197)) - ConfigKey ozone.scm.datanode.address is deprecated, For configuring different ports for each SCM use PortConfigKey ozone.scm.datanode.port appended with serviceId and nodeId
2022-09-12 01:26:10,354 [Listener at 0.0.0.0/36969] INFO  proxy.SCMBlockLocationFailoverProxyProvider (SCMBlockLocationFailoverProxyProvider.java:<init>(114)) - Created block location fail-over proxy with 1 nodes: [nodeId=scmNode-1,nodeAddress=/127.0.0.1:33243]
2022-09-12 01:26:10,354 [Listener at 0.0.0.0/36969] INFO  ha.SCMNodeInfo (SCMNodeInfo.java:getPort(197)) - ConfigKey ozone.scm.client.address is deprecated, For configuring different ports for each SCM use PortConfigKey ozone.scm.client.port appended with serviceId and nodeId
2022-09-12 01:26:10,355 [Listener at 0.0.0.0/36969] INFO  ha.SCMNodeInfo (SCMNodeInfo.java:getPort(197)) - ConfigKey ozone.scm.block.client.address is deprecated, For configuring different ports for each SCM use PortConfigKey ozone.scm.block.client.port appended with serviceId and nodeId
2022-09-12 01:26:10,355 [Listener at 0.0.0.0/36969] INFO  ha.SCMNodeInfo (SCMNodeInfo.java:getPort(197)) - ConfigKey ozone.scm.datanode.address is deprecated, For configuring different ports for each SCM use PortConfigKey ozone.scm.datanode.port appended with serviceId and nodeId
2022-09-12 01:26:10,355 [Listener at 0.0.0.0/36969] INFO  proxy.SCMBlockLocationFailoverProxyProvider (SCMBlockLocationFailoverProxyProvider.java:<init>(114)) - Created block location fail-over proxy with 1 nodes: [nodeId=scmNode-1,nodeAddress=/127.0.0.1:33243]
2022-09-12 01:26:10,406 [Listener at 0.0.0.0/36969] WARN  server.ServerUtils (ServerUtils.java:getDBPath(225)) - ozone.om.db.dirs is not configured. We recommend adding this setting. Falling back to ozone.metadata.dirs instead.
2022-09-12 01:26:10,406 [Listener at 0.0.0.0/36969] INFO  codec.OmKeyInfoCodec (OmKeyInfoCodec.java:<init>(49)) - OmKeyInfoCodec ignorePipeline = true
2022-09-12 01:26:10,406 [Listener at 0.0.0.0/36969] INFO  codec.RepeatedOmKeyInfoCodec (RepeatedOmKeyInfoCodec.java:<init>(41)) - RepeatedOmKeyInfoCodec ignorePipeline = true
2022-09-12 01:26:10,741 [Listener at 0.0.0.0/36969] INFO  om.OzoneManager (OzoneManager.java:instantiateServices(707)) - S3 Multi-Tenancy is disabled
2022-09-12 01:26:10,742 [Listener at 0.0.0.0/36969] INFO  om.OzoneManager (OzoneManager.java:addS3GVolumeToDB(4298)) - Created Volume s3v With Owner runner required for S3Gateway operations.
2022-09-12 01:26:10,742 [Listener at 0.0.0.0/36969] WARN  server.ServerUtils (ServerUtils.java:getDefaultRatisDirectory(237)) - Storage directory for Ratis is not configured. It is a good idea to map this to an SSD disk. Falling back to ozone.metadata.dirs
2022-09-12 01:26:10,742 [Listener at 0.0.0.0/36969] WARN  utils.OzoneManagerRatisUtils (OzoneManagerRatisUtils.java:getOMRatisSnapshotDirectory(434)) - ozone.om.ratis.snapshot.dir is not configured. Falling back to ozone.metadata.dirs config
2022-09-12 01:26:10,761 [Listener at 0.0.0.0/36969] INFO  snapshot.OzoneManagerSnapshotProvider (OzoneManagerSnapshotProvider.java:<init>(76)) - Initializing OM Snapshot Provider
2022-09-12 01:26:10,777 [Listener at 0.0.0.0/36969] WARN  impl.MetricRegistriesImpl (MetricRegistriesImpl.java:addReporterRegistration(111)) - New reporters are added after registries were created. Some metrics will be missing from the reporter. Please add reporter before adding any new registry.
2022-09-12 01:26:10,777 [Listener at 0.0.0.0/36969] WARN  impl.MetricRegistriesImpl (MetricRegistriesImpl.java:addReporterRegistration(111)) - New reporters are added after registries were created. Some metrics will be missing from the reporter. Please add reporter before adding any new registry.
2022-09-12 01:26:10,777 [Listener at 0.0.0.0/36969] WARN  server.ServerUtils (ServerUtils.java:getDefaultRatisDirectory(237)) - Storage directory for Ratis is not configured. It is a good idea to map this to an SSD disk. Falling back to ozone.metadata.dirs
2022-09-12 01:26:10,778 [Listener at 0.0.0.0/36969] INFO  ratis.OzoneManagerRatisServer (OzoneManagerRatisServer.java:<init>(159)) - Instantiating OM Ratis server with groupID: om-add-remove and peers: localhost:37739, localhost:45541, localhost:42799
2022-09-12 01:26:10,778 [Listener at 0.0.0.0/36969] INFO  ratis.OzoneManagerStateMachine (OzoneManagerStateMachine.java:loadSnapshotInfoFromDB(632)) - LastAppliedIndex is set from TransactionInfo from OM DB as (t:0, i:~)
2022-09-12 01:26:10,778 [Listener at 0.0.0.0/36969] INFO  server.RaftServer (ConfUtils.java:logGet(46)) - raft.rpc.type = GRPC (default)
2022-09-12 01:26:10,779 [Listener at 0.0.0.0/36969] INFO  grpc.GrpcFactory (GrpcFactory.java:checkPooledByteBufAllocatorUseCacheForAllThreads(48)) - PERFORMANCE WARNING: useCacheForAllThreads is true that may cause Netty to create a lot garbage objects and, as a result, trigger GC.
	It is recommended to disable useCacheForAllThreads by setting -Dorg.apache.ratis.thirdparty.io.netty.allocator.useCacheForAllThreads=false in command line.
2022-09-12 01:26:10,779 [Listener at 0.0.0.0/36969] INFO  grpc.GrpcConfigKeys (ConfUtils.java:logGet(46)) - raft.grpc.admin.port = -1 (default)
2022-09-12 01:26:10,779 [Listener at 0.0.0.0/36969] INFO  grpc.GrpcConfigKeys (ConfUtils.java:logGet(46)) - raft.grpc.server.port = 37739 (custom)
2022-09-12 01:26:10,779 [Listener at 0.0.0.0/36969] INFO  grpc.GrpcConfigKeys (ConfUtils.java:logGet(46)) - raft.grpc.client.port = -1 (default)
2022-09-12 01:26:10,779 [Listener at 0.0.0.0/36969] INFO  grpc.GrpcConfigKeys (ConfUtils.java:logGet(46)) - raft.grpc.server.port = 37739 (custom)
2022-09-12 01:26:10,779 [Listener at 0.0.0.0/36969] INFO  grpc.GrpcConfigKeys (ConfUtils.java:logGet(46)) - raft.grpc.server.port = 37739 (custom)
2022-09-12 01:26:10,779 [Listener at 0.0.0.0/36969] INFO  server.GrpcService (ConfUtils.java:logGet(46)) - raft.grpc.message.size.max = 33554432 (custom)
2022-09-12 01:26:10,779 [Listener at 0.0.0.0/36969] INFO  server.RaftServerConfigKeys (ConfUtils.java:logGet(46)) - raft.server.log.appender.buffer.byte-limit = 33554432 (custom)
2022-09-12 01:26:10,779 [Listener at 0.0.0.0/36969] INFO  server.GrpcService (ConfUtils.java:logGet(46)) - raft.grpc.flow.control.window = 1MB (=1048576) (default)
2022-09-12 01:26:10,780 [Listener at 0.0.0.0/36969] INFO  server.RaftServerConfigKeys (ConfUtils.java:logGet(46)) - raft.server.rpc.request.timeout = 3000ms (default)
2022-09-12 01:26:10,780 [Listener at 0.0.0.0/36969] INFO  grpc.GrpcConfigKeys (ConfUtils.java:logGet(46)) - raft.grpc.server.async.request.thread.pool.cached = true (default)
2022-09-12 01:26:10,780 [Listener at 0.0.0.0/36969] INFO  grpc.GrpcConfigKeys (ConfUtils.java:logGet(46)) - raft.grpc.server.async.request.thread.pool.size = 32 (default)
2022-09-12 01:26:10,781 [Listener at 0.0.0.0/36969] INFO  impl.DataStreamServerImpl (ConfUtils.java:logGet(46)) - raft.datastream.type = DISABLED (default)
2022-09-12 01:26:10,781 [Listener at 0.0.0.0/36969] INFO  server.RaftServerConfigKeys (ConfUtils.java:logGet(46)) - raft.server.threadpool.proxy.cached = true (default)
2022-09-12 01:26:10,781 [Listener at 0.0.0.0/36969] INFO  server.RaftServerConfigKeys (ConfUtils.java:logGet(46)) - raft.server.threadpool.proxy.size = 0 (default)
2022-09-12 01:26:10,781 [Listener at 0.0.0.0/36969] INFO  server.RaftServerConfigKeys (ConfUtils.java:logGet(46)) - raft.server.rpc.slowness.timeout = 2s (custom)
2022-09-12 01:26:10,781 [Listener at 0.0.0.0/36969] INFO  server.RaftServerConfigKeys (ConfUtils.java:logGet(46)) - raft.server.leaderelection.leader.step-down.wait-time = 10s (default)
2022-09-12 01:26:10,781 [Listener at 0.0.0.0/36969] INFO  server.RaftServerConfigKeys (ConfUtils.java:logGet(46)) - raft.server.storage.dir = [/home/runner/work/ozone/ozone/hadoop-ozone/integration-test/target/test-dir/MiniOzoneClusterImpl-a920e810-7507-4246-9d07-cfa876092e00/omNode-1/ratis] (custom)
2022-09-12 01:26:10,792 [Listener at 0.0.0.0/36969] INFO  server.RaftServer (RaftServerProxy.java:addNew(96)) - omNode-1: addNew group-0AAC5367B30E:[omNode-3|rpc:localhost:45541|priority:0, omNode-1|rpc:localhost:37739|priority:0, omNode-2|rpc:localhost:42799|priority:0] returns group-0AAC5367B30E:java.util.concurrent.CompletableFuture@6f4eff69[Not completed]
2022-09-12 01:26:10,792 [Listener at 0.0.0.0/36969] INFO  om.OzoneManager (OzoneManager.java:initializeRatisServer(1973)) - OzoneManager Ratis server initialized at port 37739
2022-09-12 01:26:10,793 [Listener at 0.0.0.0/36969] INFO  om.OzoneManager (OzoneManager.java:getRpcServer(1096)) - Creating RPC Server
2022-09-12 01:26:10,828 [pool-519-thread-1] INFO  server.RaftServer$Division (RaftServerImpl.java:<init>(190)) - omNode-1: new RaftServerImpl for group-0AAC5367B30E:[omNode-3|rpc:localhost:45541|priority:0, omNode-1|rpc:localhost:37739|priority:0, omNode-2|rpc:localhost:42799|priority:0] with OzoneManagerStateMachine:uninitialized
2022-09-12 01:26:10,828 [pool-519-thread-1] INFO  server.RaftServerConfigKeys (ConfUtils.java:logGet(46)) - raft.server.rpc.timeout.min = 1s (custom)
2022-09-12 01:26:10,829 [pool-519-thread-1] INFO  server.RaftServerConfigKeys (ConfUtils.java:logGet(46)) - raft.server.rpc.timeout.max = 1200ms (custom)
2022-09-12 01:26:10,829 [pool-519-thread-1] INFO  server.RaftServerConfigKeys (ConfUtils.java:logGet(46)) - raft.server.rpc.sleep.time = 25ms (default)
2022-09-12 01:26:10,829 [pool-519-thread-1] INFO  server.RaftServerConfigKeys (ConfUtils.java:logGet(46)) - raft.server.rpc.slowness.timeout = 2s (custom)
2022-09-12 01:26:10,829 [pool-519-thread-1] INFO  server.RaftServerConfigKeys (ConfUtils.java:logGet(46)) - raft.server.leaderelection.leader.step-down.wait-time = 10s (default)
2022-09-12 01:26:10,829 [pool-519-thread-1] INFO  server.RaftServerConfigKeys (ConfUtils.java:logGet(46)) - raft.server.sleep.deviation.threshold = 300ms (default)
2022-09-12 01:26:10,829 [pool-519-thread-1] INFO  server.RaftServer$Division (ServerState.java:<init>(107)) - omNode-1@group-0AAC5367B30E: ConfigurationManager, init=-1: [omNode-3|rpc:localhost:45541|priority:0, omNode-1|rpc:localhost:37739|priority:0, omNode-2|rpc:localhost:42799|priority:0], old=null, confs=<EMPTY_MAP>
2022-09-12 01:26:10,829 [pool-519-thread-1] INFO  server.RaftServerConfigKeys (ConfUtils.java:logGet(46)) - raft.server.storage.dir = [/home/runner/work/ozone/ozone/hadoop-ozone/integration-test/target/test-dir/MiniOzoneClusterImpl-a920e810-7507-4246-9d07-cfa876092e00/omNode-1/ratis] (custom)
2022-09-12 01:26:10,829 [pool-519-thread-1] INFO  server.RaftServerConfigKeys (ConfUtils.java:logGet(46)) - raft.server.log.corruption.policy = EXCEPTION (default)
2022-09-12 01:26:10,829 [pool-519-thread-1] INFO  server.RaftServerConfigKeys (ConfUtils.java:logGet(46)) - raft.server.storage.free-space.min = 0MB (=0) (default)
2022-09-12 01:26:10,829 [pool-519-thread-1] INFO  storage.RaftStorageDirectory (RaftStorageDirectoryImpl.java:analyzeStorage(135)) - The storage directory /home/runner/work/ozone/ozone/hadoop-ozone/integration-test/target/test-dir/MiniOzoneClusterImpl-a920e810-7507-4246-9d07-cfa876092e00/omNode-1/ratis/0718e334-ffa1-36bc-8e9a-0aac5367b30e does not exist. Creating ...
2022-09-12 01:26:10,830 [pool-519-thread-1] INFO  storage.RaftStorageDirectory (RaftStorageDirectoryImpl.java:tryLock(230)) - Lock on /home/runner/work/ozone/ozone/hadoop-ozone/integration-test/target/test-dir/MiniOzoneClusterImpl-a920e810-7507-4246-9d07-cfa876092e00/omNode-1/ratis/0718e334-ffa1-36bc-8e9a-0aac5367b30e/in_use.lock acquired by nodename 51693@fv-az167-317
2022-09-12 01:26:10,831 [pool-519-thread-1] INFO  storage.RaftStorage (RaftStorageImpl.java:format(89)) - Storage directory /home/runner/work/ozone/ozone/hadoop-ozone/integration-test/target/test-dir/MiniOzoneClusterImpl-a920e810-7507-4246-9d07-cfa876092e00/omNode-1/ratis/0718e334-ffa1-36bc-8e9a-0aac5367b30e has been successfully formatted.
2022-09-12 01:26:10,831 [pool-519-thread-1] INFO  server.RaftServerConfigKeys (ConfUtils.java:logGet(46)) - raft.server.notification.no-leader.timeout = 2s (custom)
2022-09-12 01:26:10,831 [pool-519-thread-1] INFO  server.RaftServerConfigKeys (ConfUtils.java:logGet(46)) - raft.server.log.use.memory = false (default)
2022-09-12 01:26:10,831 [pool-519-thread-1] INFO  server.RaftServerConfigKeys (ConfUtils.java:logGet(46)) - raft.server.log.purge.gap = 1000000 (custom)
2022-09-12 01:26:10,831 [pool-519-thread-1] INFO  server.RaftServerConfigKeys (ConfUtils.java:logGet(46)) - raft.server.log.appender.buffer.byte-limit = 33554432 (custom)
2022-09-12 01:26:10,831 [pool-519-thread-1] INFO  server.RaftServerConfigKeys (ConfUtils.java:logGet(46)) - raft.server.log.statemachine.data.read.timeout = 1000ms (default)
2022-09-12 01:26:10,831 [pool-519-thread-1] INFO  server.RaftServerConfigKeys (ConfUtils.java:logGet(46)) - raft.server.log.segment.size.max = 4194304 (custom)
2022-09-12 01:26:10,831 [pool-519-thread-1] INFO  server.RaftServerConfigKeys (ConfUtils.java:logGet(46)) - raft.server.log.segment.cache.num.max = 2 (custom)
2022-09-12 01:26:10,831 [pool-519-thread-1] INFO  server.RaftServerConfigKeys (ConfUtils.java:logGet(46)) - raft.server.log.segment.cache.size.max = 200MB (=209715200) (default)
2022-09-12 01:26:10,832 [pool-519-thread-1] INFO  segmented.SegmentedRaftLogWorker (SegmentedRaftLogWorker.java:<init>(187)) - new omNode-1@group-0AAC5367B30E-SegmentedRaftLogWorker for RaftStorageImpl:Storage Directory /home/runner/work/ozone/ozone/hadoop-ozone/integration-test/target/test-dir/MiniOzoneClusterImpl-a920e810-7507-4246-9d07-cfa876092e00/omNode-1/ratis/0718e334-ffa1-36bc-8e9a-0aac5367b30e
2022-09-12 01:26:10,832 [pool-519-thread-1] INFO  server.RaftServerConfigKeys (ConfUtils.java:logGet(46)) - raft.server.log.queue.byte-limit = 64MB (=67108864) (default)
2022-09-12 01:26:10,832 [pool-519-thread-1] INFO  server.RaftServerConfigKeys (ConfUtils.java:logGet(46)) - raft.server.log.queue.element-limit = 4096 (default)
2022-09-12 01:26:10,832 [pool-519-thread-1] INFO  server.RaftServerConfigKeys (ConfUtils.java:logGet(46)) - raft.server.log.segment.size.max = 4194304 (custom)
2022-09-12 01:26:10,832 [pool-519-thread-1] INFO  server.RaftServerConfigKeys (ConfUtils.java:logGet(46)) - raft.server.log.preallocated.size = 4194304 (custom)
2022-09-12 01:26:10,832 [pool-519-thread-1] INFO  server.RaftServerConfigKeys (ConfUtils.java:logGet(46)) - raft.server.log.force.sync.num = 128 (default)
2022-09-12 01:26:10,832 [pool-519-thread-1] INFO  server.RaftServerConfigKeys (ConfUtils.java:logGet(46)) - raft.server.log.statemachine.data.sync = true (default)
2022-09-12 01:26:10,832 [pool-519-thread-1] INFO  server.RaftServerConfigKeys (ConfUtils.java:logGet(46)) - raft.server.log.statemachine.data.sync.timeout = 10s (default)
2022-09-12 01:26:10,832 [pool-519-thread-1] INFO  server.RaftServerConfigKeys (ConfUtils.java:logGet(46)) - raft.server.log.statemachine.data.sync.timeout.retry = -1 (default)
2022-09-12 01:26:10,832 [pool-519-thread-1] INFO  server.RaftServerConfigKeys (ConfUtils.java:logGet(46)) - raft.server.log.write.buffer.size = 64KB (=65536) (default)
2022-09-12 01:26:10,832 [pool-519-thread-1] INFO  server.RaftServerConfigKeys (ConfUtils.java:logGet(46)) - raft.server.log.unsafe-flush.enabled = false (default)
2022-09-12 01:26:10,833 [pool-519-thread-1] INFO  server.RaftServerConfigKeys (ConfUtils.java:logGet(46)) - raft.server.log.statemachine.data.caching.enabled = false (default)
2022-09-12 01:26:10,833 [pool-519-thread-1] INFO  segmented.SegmentedRaftLogWorker (SegmentedRaftLogWorker.java:lambda$new$0(135)) - omNode-1@group-0AAC5367B30E-SegmentedRaftLogWorker: flushIndex: setUnconditionally 0 -> -1
2022-09-12 01:26:10,833 [pool-519-thread-1] INFO  segmented.SegmentedRaftLogWorker (SegmentedRaftLogWorker.java:lambda$new$0(135)) - omNode-1@group-0AAC5367B30E-SegmentedRaftLogWorker: safeCacheEvictIndex: setUnconditionally 0 -> -1
2022-09-12 01:26:10,839 [EndpointStateMachine task thread for /127.0.0.1:40693 - 0 ] INFO  ipc.Client (Client.java:handleConnectionFailure(977)) - Retrying connect to server: localhost/127.0.0.1:40693. Already tried 0 time(s); retry policy is RetryUpToMaximumCountWithFixedSleep(maxRetries=15, sleepTime=1000 MILLISECONDS)
2022-09-12 01:26:10,839 [pool-519-thread-1] INFO  server.RaftServerConfigKeys (ConfUtils.java:logGet(46)) - raft.server.snapshot.auto.trigger.enabled = true (custom)
2022-09-12 01:26:10,839 [pool-519-thread-1] INFO  server.RaftServerConfigKeys (ConfUtils.java:logGet(46)) - raft.server.snapshot.auto.trigger.threshold = 400000 (default)
2022-09-12 01:26:10,839 [pool-519-thread-1] INFO  server.RaftServerConfigKeys (ConfUtils.java:logGet(46)) - raft.server.snapshot.retention.file.num = -1 (default)
2022-09-12 01:26:10,839 [pool-519-thread-1] INFO  server.RaftServerConfigKeys (ConfUtils.java:logGet(46)) - raft.server.log.purge.upto.snapshot.index = true (custom)
2022-09-12 01:26:10,839 [pool-519-thread-1] INFO  server.RaftServerConfigKeys (ConfUtils.java:logGet(46)) - raft.server.retrycache.expirytime = 300s (custom)
2022-09-12 01:26:10,839 [pool-519-thread-1] INFO  server.RaftServerConfigKeys (ConfUtils.java:logGet(46)) - raft.server.retrycache.statistics.expirytime = 100μs (default)
2022-09-12 01:26:10,840 [pool-519-thread-1] INFO  server.RaftServerConfigKeys (ConfUtils.java:logGet(46)) - raft.server.log.appender.install.snapshot.enabled = false (custom)
2022-09-12 01:26:10,840 [pool-519-thread-1] INFO  server.RaftServerConfigKeys (ConfUtils.java:logGet(46)) - raft.server.threadpool.server.cached = true (default)
2022-09-12 01:26:10,840 [pool-519-thread-1] INFO  server.RaftServerConfigKeys (ConfUtils.java:logGet(46)) - raft.server.threadpool.server.size = 0 (default)
2022-09-12 01:26:10,840 [pool-519-thread-1] INFO  server.RaftServerConfigKeys (ConfUtils.java:logGet(46)) - raft.server.threadpool.client.cached = true (default)
2022-09-12 01:26:10,840 [pool-519-thread-1] INFO  server.RaftServerConfigKeys (ConfUtils.java:logGet(46)) - raft.server.threadpool.client.size = 0 (default)
2022-09-12 01:26:11,082 [EndpointStateMachine task thread for /127.0.0.1:46755 - 0 ] INFO  ipc.Client (Client.java:handleConnectionFailure(977)) - Retrying connect to server: localhost/127.0.0.1:46755. Already tried 5 time(s); retry policy is RetryUpToMaximumCountWithFixedSleep(maxRetries=15, sleepTime=1000 MILLISECONDS)
2022-09-12 01:26:11,749 [Listener at 0.0.0.0/36969] INFO  reflections.Reflections (Reflections.java:scan(232)) - Reflections took 955 ms to scan 19 urls, producing 67 keys and 4171 values [using 2 cores]
2022-09-12 01:26:11,750 [Listener at 0.0.0.0/36969] INFO  ipc.CallQueueManager (CallQueueManager.java:<init>(90)) - Using callQueue: class java.util.concurrent.LinkedBlockingQueue, queueCapacity: 2000, scheduler: class org.apache.hadoop.ipc.DefaultRpcScheduler, ipcBackoff: false.
2022-09-12 01:26:11,762 [Socket Reader #1 for port 43917] INFO  ipc.Server (Server.java:run(1265)) - Starting Socket Reader #1 for port 43917
2022-09-12 01:26:11,796 [Listener at 127.0.0.1/43917] INFO  impl.MetricsSystemImpl (MetricsSystemImpl.java:init(158)) - OzoneManager metrics system started (again)
2022-09-12 01:26:11,839 [EndpointStateMachine task thread for /127.0.0.1:40693 - 0 ] INFO  ipc.Client (Client.java:handleConnectionFailure(977)) - Retrying connect to server: localhost/127.0.0.1:40693. Already tried 1 time(s); retry policy is RetryUpToMaximumCountWithFixedSleep(maxRetries=15, sleepTime=1000 MILLISECONDS)
2022-09-12 01:26:11,844 [Listener at 127.0.0.1/43917] INFO  om.OzoneManager (OzoneManager.java:start(1480)) - OzoneManager RPC server is listening at localhost/127.0.0.1:43917
2022-09-12 01:26:11,844 [Listener at 127.0.0.1/43917] INFO  ratis.OzoneManagerRatisServer (OzoneManagerRatisServer.java:start(554)) - Starting OzoneManagerRatisServer omNode-1 at port 37739
2022-09-12 01:26:11,855 [omNode-1-impl-thread1] INFO  server.RaftServer$Division (RaftServerImpl.java:start(310)) - omNode-1@group-0AAC5367B30E: start as a follower, conf=-1: [omNode-3|rpc:localhost:45541|priority:0, omNode-1|rpc:localhost:37739|priority:0, omNode-2|rpc:localhost:42799|priority:0], old=null
2022-09-12 01:26:11,855 [omNode-1-impl-thread1] INFO  server.RaftServer$Division (RaftServerImpl.java:setRole(299)) - omNode-1@group-0AAC5367B30E: changes role from      null to FOLLOWER at term 0 for startAsFollower
2022-09-12 01:26:11,855 [omNode-1-impl-thread1] INFO  impl.RoleInfo (RoleInfo.java:updateAndGet(139)) - omNode-1: start omNode-1@group-0AAC5367B30E-FollowerState
2022-09-12 01:26:11,856 [omNode-1-impl-thread1] INFO  util.JmxRegister (JmxRegister.java:tryRegister(44)) - Successfully registered JMX Bean with object name Ratis:service=RaftServer,group=group-0AAC5367B30E,id=omNode-1
2022-09-12 01:26:11,868 [Listener at 127.0.0.1/43917] INFO  server.RaftServer (RaftServerProxy.java:lambda$start$6(382)) - omNode-1: start RPC server
2022-09-12 01:26:11,871 [Listener at 127.0.0.1/43917] INFO  server.GrpcService (GrpcService.java:startImpl(260)) - omNode-1: GrpcService started, listening on 37739
2022-09-12 01:26:11,873 [Listener at 127.0.0.1/43917] INFO  om.OzoneManager (OzoneManager.java:start(1496)) - Version File has different layout version (3) than OM DB (null). That is expected if this OM has never been finalized to a newer layout version.
2022-09-12 01:26:11,873 [org.apache.ratis.util.JvmPauseMonitor$$Lambda$605/1445225850@3e77c173] INFO  util.JvmPauseMonitor (JvmPauseMonitor.java:run(103)) - JvmPauseMonitor-omNode-1: Started
2022-09-12 01:26:11,884 [Listener at 127.0.0.1/43917] INFO  http.BaseHttpServer (BaseHttpServer.java:newHttpServer2BuilderForOzone(213)) - Starting Web-server for ozoneManager at: http://0.0.0.0:40673
2022-09-12 01:26:11,885 [Listener at 127.0.0.1/43917] INFO  http.BaseHttpServer (BaseHttpServer.java:<init>(108)) - Hadoop Security Enabled: false Ozone Security Enabled: false Ozone HTTP Security Enabled: false 
2022-09-12 01:26:11,896 [Listener at 127.0.0.1/43917] INFO  server.AuthenticationFilter (AuthenticationFilter.java:constructSecretProvider(240)) - Unable to initialize FileSignerSecretProvider, falling back to use random secrets.
2022-09-12 01:26:11,909 [Listener at 127.0.0.1/43917] WARN  http.HttpRequestLog (HttpRequestLog.java:getRequestLog(103)) - Jetty request log can only be enabled using Log4j
2022-09-12 01:26:11,910 [Listener at 127.0.0.1/43917] INFO  http.HttpServer2 (HttpServer2.java:addGlobalFilter(1029)) - Added global filter 'safety' (class=org.apache.hadoop.hdds.server.http.HttpServer2$QuotingInputFilter)
2022-09-12 01:26:11,911 [Listener at 127.0.0.1/43917] INFO  http.HttpServer2 (HttpServer2.java:addFilter(1005)) - Added filter static_user_filter (class=org.apache.hadoop.http.lib.StaticUserWebFilter$StaticUserFilter) to context ozoneManager
2022-09-12 01:26:11,911 [Listener at 127.0.0.1/43917] INFO  http.HttpServer2 (HttpServer2.java:addFilter(1013)) - Added filter static_user_filter (class=org.apache.hadoop.http.lib.StaticUserWebFilter$StaticUserFilter) to context static
2022-09-12 01:26:11,911 [Listener at 127.0.0.1/43917] INFO  http.HttpServer2 (HttpServer2.java:addFilter(1013)) - Added filter static_user_filter (class=org.apache.hadoop.http.lib.StaticUserWebFilter$StaticUserFilter) to context logs
2022-09-12 01:26:11,911 [Listener at 127.0.0.1/43917] INFO  http.HttpServer2 (HttpServer2.java:bindListener(1248)) - Jetty bound to port 40673
2022-09-12 01:26:11,912 [Listener at 127.0.0.1/43917] INFO  server.Server (Server.java:doStart(375)) - jetty-9.4.43.v20210629; built: 2021-06-30T11:07:22.254Z; git: 526006ecfa3af7f1a27ef3a288e2bef7ea9dd7e8; jvm 1.8.0_345-b01
2022-09-12 01:26:11,973 [Listener at 127.0.0.1/43917] INFO  server.session (DefaultSessionIdManager.java:doStart(334)) - DefaultSessionIdManager workerName=node0
2022-09-12 01:26:11,973 [Listener at 127.0.0.1/43917] INFO  server.session (DefaultSessionIdManager.java:doStart(339)) - No SessionScavenger set, using defaults
2022-09-12 01:26:11,973 [Listener at 127.0.0.1/43917] INFO  server.session (HouseKeeper.java:startScavenging(132)) - node0 Scavenging every 600000ms
2022-09-12 01:26:11,977 [Listener at 127.0.0.1/43917] INFO  handler.ContextHandler (ContextHandler.java:doStart(915)) - Started o.e.j.s.ServletContextHandler@3b1e4de1{logs,/logs,file:///home/runner/work/ozone/ozone/hadoop-ozone/integration-test/target/log,AVAILABLE}
2022-09-12 01:26:11,977 [Listener at 127.0.0.1/43917] INFO  handler.ContextHandler (ContextHandler.java:doStart(915)) - Started o.e.j.s.ServletContextHandler@7d52e1f8{static,/static,file:///home/runner/work/ozone/ozone/hadoop-ozone/integration-test/target/test-classes/webapps/static,AVAILABLE}
2022-09-12 01:26:11,980 [Listener at 127.0.0.1/43917] INFO  handler.ContextHandler (ContextHandler.java:doStart(915)) - Started o.e.j.w.WebAppContext@1c577f1c{ozoneManager,/,file:///home/runner/work/ozone/ozone/hadoop-ozone/integration-test/target/test-classes/webapps/ozoneManager/,AVAILABLE}{file:/home/runner/work/ozone/ozone/hadoop-ozone/integration-test/target/test-classes/webapps/ozoneManager}
2022-09-12 01:26:11,992 [Listener at 127.0.0.1/43917] INFO  server.AbstractConnector (AbstractConnector.java:doStart(331)) - Started ServerConnector@1db73a36{HTTP/1.1, (http/1.1)}{0.0.0.0:40673}
2022-09-12 01:26:11,993 [Listener at 127.0.0.1/43917] INFO  server.Server (Server.java:doStart(415)) - Started @192702ms
2022-09-12 01:26:11,993 [Listener at 127.0.0.1/43917] WARN  impl.MetricsSystemImpl (MetricsSystemImpl.java:register(279)) - Sink prometheus already exists!
2022-09-12 01:26:11,993 [Listener at 127.0.0.1/43917] INFO  http.BaseHttpServer (BaseHttpServer.java:updateConnectorAddress(333)) - HTTP server of ozoneManager listening at http://0.0.0.0:40673
2022-09-12 01:26:12,008 [IPC Server Responder] INFO  ipc.Server (Server.java:run(1507)) - IPC Server Responder: starting
2022-09-12 01:26:12,024 [IPC Server listener on 43917] INFO  ipc.Server (Server.java:run(1344)) - IPC Server listener on 43917: starting
2022-09-12 01:26:12,083 [EndpointStateMachine task thread for /127.0.0.1:46755 - 0 ] INFO  ipc.Client (Client.java:handleConnectionFailure(977)) - Retrying connect to server: localhost/127.0.0.1:46755. Already tried 6 time(s); retry policy is RetryUpToMaximumCountWithFixedSleep(maxRetries=15, sleepTime=1000 MILLISECONDS)
2022-09-12 01:26:12,105 [Listener at 127.0.0.1/43917] INFO  om.OzoneManager (OzoneManager.java:startTrashEmptier(1917)) - Trash Interval set to 0. Files deleted won't move to trash
2022-09-12 01:26:12,116 [Listener at 127.0.0.1/43917] INFO  ozone.MiniOzoneHAClusterImpl (MiniOzoneHAClusterImpl.java:createOMService(527)) - Started OzoneManager omNode-1 RPC server at localhost/127.0.0.1:43917
2022-09-12 01:26:12,117 [Listener at 127.0.0.1/43917] INFO  ha.OMHANodeDetails (OMHANodeDetails.java:loadOMHAConfig(121)) - ServiceID for OzoneManager is om-add-remove
2022-09-12 01:26:12,117 [Listener at 127.0.0.1/43917] INFO  ha.OMHANodeDetails (OMHANodeDetails.java:loadOMHAConfig(201)) - Found matching OM address with OMServiceId: om-add-remove, OMNodeId: omNode-2, RPC Address: localhost:44487 and Ratis port: 42799
2022-09-12 01:26:12,117 [Listener at 127.0.0.1/43917] INFO  ha.OMHANodeDetails (ConfUtils.java:setNodeSpecificConfigs(97)) - Setting configuration key ozone.om.http-address with value of key ozone.om.http-address.om-add-remove.omNode-2: 127.0.0.1:39111
2022-09-12 01:26:12,117 [Listener at 127.0.0.1/43917] INFO  ha.OMHANodeDetails (ConfUtils.java:setNodeSpecificConfigs(97)) - Setting configuration key ozone.om.https-address with value of key ozone.om.https-address.om-add-remove.omNode-2: 127.0.0.1:33305
2022-09-12 01:26:12,117 [Listener at 127.0.0.1/43917] INFO  ha.OMHANodeDetails (ConfUtils.java:setNodeSpecificConfigs(97)) - Setting configuration key ozone.om.address with value of key ozone.om.address.om-add-remove.omNode-2: 127.0.0.1:44487
2022-09-12 01:26:12,117 [Listener at 127.0.0.1/43917] WARN  server.ServerUtils (ServerUtils.java:getDBPath(225)) - ozone.om.db.dirs is not configured. We recommend adding this setting. Falling back to ozone.metadata.dirs instead.
2022-09-12 01:26:12,118 [Listener at 127.0.0.1/43917] INFO  ha.SCMNodeInfo (SCMNodeInfo.java:getPort(197)) - ConfigKey ozone.scm.client.address is deprecated, For configuring different ports for each SCM use PortConfigKey ozone.scm.client.port appended with serviceId and nodeId
2022-09-12 01:26:12,118 [Listener at 127.0.0.1/43917] INFO  ha.SCMNodeInfo (SCMNodeInfo.java:getPort(197)) - ConfigKey ozone.scm.block.client.address is deprecated, For configuring different ports for each SCM use PortConfigKey ozone.scm.block.client.port appended with serviceId and nodeId
2022-09-12 01:26:12,118 [Listener at 127.0.0.1/43917] INFO  ha.SCMNodeInfo (SCMNodeInfo.java:getPort(197)) - ConfigKey ozone.scm.datanode.address is deprecated, For configuring different ports for each SCM use PortConfigKey ozone.scm.datanode.port appended with serviceId and nodeId
2022-09-12 01:26:12,119 [Listener at 127.0.0.1/43917] INFO  proxy.SCMBlockLocationFailoverProxyProvider (SCMBlockLocationFailoverProxyProvider.java:<init>(114)) - Created block location fail-over proxy with 1 nodes: [nodeId=scmNode-1,nodeAddress=/127.0.0.1:33243]
2022-09-12 01:26:12,120 [org.apache.hadoop.util.JvmPauseMonitor$Monitor@1927d1c7] INFO  util.JvmPauseMonitor (JvmPauseMonitor.java:run(188)) - Starting JVM pause monitor
OM initialization succeeded.Current cluster id for sd=/home/runner/work/ozone/ozone/hadoop-ozone/integration-test/target/test-dir/MiniOzoneClusterImpl-a920e810-7507-4246-9d07-cfa876092e00/omNode-2/om;cid=a920e810-7507-4246-9d07-cfa876092e00;layoutVersion=3
2022-09-12 01:26:12,146 [Listener at 127.0.0.1/43917] INFO  ha.OMHANodeDetails (OMHANodeDetails.java:loadOMHAConfig(121)) - ServiceID for OzoneManager is om-add-remove
2022-09-12 01:26:12,147 [Listener at 127.0.0.1/43917] INFO  ha.OMHANodeDetails (OMHANodeDetails.java:loadOMHAConfig(201)) - Found matching OM address with OMServiceId: om-add-remove, OMNodeId: omNode-2, RPC Address: localhost:44487 and Ratis port: 42799
2022-09-12 01:26:12,147 [Listener at 127.0.0.1/43917] INFO  ha.OMHANodeDetails (ConfUtils.java:setNodeSpecificConfigs(97)) - Setting configuration key ozone.om.http-address with value of key ozone.om.http-address.om-add-remove.omNode-2: 127.0.0.1:39111
2022-09-12 01:26:12,147 [Listener at 127.0.0.1/43917] INFO  ha.OMHANodeDetails (ConfUtils.java:setNodeSpecificConfigs(97)) - Setting configuration key ozone.om.https-address with value of key ozone.om.https-address.om-add-remove.omNode-2: 127.0.0.1:33305
2022-09-12 01:26:12,147 [Listener at 127.0.0.1/43917] INFO  ha.OMHANodeDetails (ConfUtils.java:setNodeSpecificConfigs(97)) - Setting configuration key ozone.om.address with value of key ozone.om.address.om-add-remove.omNode-2: 127.0.0.1:44487
2022-09-12 01:26:12,147 [Listener at 127.0.0.1/43917] WARN  server.ServerUtils (ServerUtils.java:getDBPath(225)) - ozone.om.db.dirs is not configured. We recommend adding this setting. Falling back to ozone.metadata.dirs instead.
2022-09-12 01:26:12,148 [Listener at 127.0.0.1/43917] INFO  upgrade.AbstractLayoutVersionManager (AbstractLayoutVersionManager.java:init(83)) - Initializing Layout version manager with metadata layout = MULTITENANCY_SCHEMA (version = 3), software layout = MULTITENANCY_SCHEMA (version = 3)
2022-09-12 01:26:12,348 [Listener at 127.0.0.1/43917] INFO  reflections.Reflections (Reflections.java:scan(232)) - Reflections took 188 ms to scan 2 urls, producing 153 keys and 427 values [using 2 cores]
2022-09-12 01:26:12,349 [Listener at 127.0.0.1/43917] INFO  upgrade.OMLayoutVersionManager (OMLayoutVersionManager.java:lambda$0(115)) - Skipping Upgrade Action MockOmUpgradeAction since it has been finalized.
2022-09-12 01:26:12,349 [Listener at 127.0.0.1/43917] WARN  server.ServerUtils (ServerUtils.java:getDBPath(225)) - ozone.om.db.dirs is not configured. We recommend adding this setting. Falling back to ozone.metadata.dirs instead.
2022-09-12 01:26:12,349 [Listener at 127.0.0.1/43917] INFO  ha.SCMNodeInfo (SCMNodeInfo.java:getPort(197)) - ConfigKey ozone.scm.client.address is deprecated, For configuring different ports for each SCM use PortConfigKey ozone.scm.client.port appended with serviceId and nodeId
2022-09-12 01:26:12,349 [Listener at 127.0.0.1/43917] INFO  ha.SCMNodeInfo (SCMNodeInfo.java:getPort(197)) - ConfigKey ozone.scm.block.client.address is deprecated, For configuring different ports for each SCM use PortConfigKey ozone.scm.block.client.port appended with serviceId and nodeId
2022-09-12 01:26:12,349 [Listener at 127.0.0.1/43917] INFO  ha.SCMNodeInfo (SCMNodeInfo.java:getPort(197)) - ConfigKey ozone.scm.datanode.address is deprecated, For configuring different ports for each SCM use PortConfigKey ozone.scm.datanode.port appended with serviceId and nodeId
2022-09-12 01:26:12,350 [Listener at 127.0.0.1/43917] INFO  ha.SCMNodeInfo (SCMNodeInfo.java:getPort(197)) - ConfigKey ozone.scm.client.address is deprecated, For configuring different ports for each SCM use PortConfigKey ozone.scm.client.port appended with serviceId and nodeId
2022-09-12 01:26:12,350 [Listener at 127.0.0.1/43917] INFO  ha.SCMNodeInfo (SCMNodeInfo.java:getPort(197)) - ConfigKey ozone.scm.block.client.address is deprecated, For configuring different ports for each SCM use PortConfigKey ozone.scm.block.client.port appended with serviceId and nodeId
2022-09-12 01:26:12,350 [Listener at 127.0.0.1/43917] INFO  ha.SCMNodeInfo (SCMNodeInfo.java:getPort(197)) - ConfigKey ozone.scm.datanode.address is deprecated, For configuring different ports for each SCM use PortConfigKey ozone.scm.datanode.port appended with serviceId and nodeId
2022-09-12 01:26:12,350 [Listener at 127.0.0.1/43917] INFO  proxy.SCMBlockLocationFailoverProxyProvider (SCMBlockLocationFailoverProxyProvider.java:<init>(114)) - Created block location fail-over proxy with 1 nodes: [nodeId=scmNode-1,nodeAddress=/127.0.0.1:33243]
2022-09-12 01:26:12,351 [Listener at 127.0.0.1/43917] INFO  ha.SCMNodeInfo (SCMNodeInfo.java:getPort(197)) - ConfigKey ozone.scm.client.address is deprecated, For configuring different ports for each SCM use PortConfigKey ozone.scm.client.port appended with serviceId and nodeId
2022-09-12 01:26:12,351 [Listener at 127.0.0.1/43917] INFO  ha.SCMNodeInfo (SCMNodeInfo.java:getPort(197)) - ConfigKey ozone.scm.block.client.address is deprecated, For configuring different ports for each SCM use PortConfigKey ozone.scm.block.client.port appended with serviceId and nodeId
2022-09-12 01:26:12,351 [Listener at 127.0.0.1/43917] INFO  ha.SCMNodeInfo (SCMNodeInfo.java:getPort(197)) - ConfigKey ozone.scm.datanode.address is deprecated, For configuring different ports for each SCM use PortConfigKey ozone.scm.datanode.port appended with serviceId and nodeId
2022-09-12 01:26:12,351 [Listener at 127.0.0.1/43917] INFO  proxy.SCMBlockLocationFailoverProxyProvider (SCMBlockLocationFailoverProxyProvider.java:<init>(114)) - Created block location fail-over proxy with 1 nodes: [nodeId=scmNode-1,nodeAddress=/127.0.0.1:33243]
2022-09-12 01:26:12,373 [Listener at 127.0.0.1/43917] WARN  server.ServerUtils (ServerUtils.java:getDBPath(225)) - ozone.om.db.dirs is not configured. We recommend adding this setting. Falling back to ozone.metadata.dirs instead.
2022-09-12 01:26:12,374 [Listener at 127.0.0.1/43917] INFO  codec.OmKeyInfoCodec (OmKeyInfoCodec.java:<init>(49)) - OmKeyInfoCodec ignorePipeline = true
2022-09-12 01:26:12,374 [Listener at 127.0.0.1/43917] INFO  codec.RepeatedOmKeyInfoCodec (RepeatedOmKeyInfoCodec.java:<init>(41)) - RepeatedOmKeyInfoCodec ignorePipeline = true
2022-09-12 01:26:12,638 [Listener at 127.0.0.1/43917] INFO  om.OzoneManager (OzoneManager.java:instantiateServices(707)) - S3 Multi-Tenancy is disabled
2022-09-12 01:26:12,640 [Listener at 127.0.0.1/43917] INFO  om.OzoneManager (OzoneManager.java:addS3GVolumeToDB(4298)) - Created Volume s3v With Owner runner required for S3Gateway operations.
2022-09-12 01:26:12,640 [Listener at 127.0.0.1/43917] WARN  server.ServerUtils (ServerUtils.java:getDefaultRatisDirectory(237)) - Storage directory for Ratis is not configured. It is a good idea to map this to an SSD disk. Falling back to ozone.metadata.dirs
2022-09-12 01:26:12,641 [Listener at 127.0.0.1/43917] WARN  utils.OzoneManagerRatisUtils (OzoneManagerRatisUtils.java:getOMRatisSnapshotDirectory(434)) - ozone.om.ratis.snapshot.dir is not configured. Falling back to ozone.metadata.dirs config
2022-09-12 01:26:12,641 [Listener at 127.0.0.1/43917] INFO  snapshot.OzoneManagerSnapshotProvider (OzoneManagerSnapshotProvider.java:<init>(76)) - Initializing OM Snapshot Provider
2022-09-12 01:26:12,642 [Listener at 127.0.0.1/43917] WARN  impl.MetricRegistriesImpl (MetricRegistriesImpl.java:addReporterRegistration(111)) - New reporters are added after registries were created. Some metrics will be missing from the reporter. Please add reporter before adding any new registry.
2022-09-12 01:26:12,642 [Listener at 127.0.0.1/43917] WARN  impl.MetricRegistriesImpl (MetricRegistriesImpl.java:addReporterRegistration(111)) - New reporters are added after registries were created. Some metrics will be missing from the reporter. Please add reporter before adding any new registry.
2022-09-12 01:26:12,642 [Listener at 127.0.0.1/43917] WARN  server.ServerUtils (ServerUtils.java:getDefaultRatisDirectory(237)) - Storage directory for Ratis is not configured. It is a good idea to map this to an SSD disk. Falling back to ozone.metadata.dirs
2022-09-12 01:26:12,643 [Listener at 127.0.0.1/43917] INFO  ratis.OzoneManagerRatisServer (OzoneManagerRatisServer.java:<init>(159)) - Instantiating OM Ratis server with groupID: om-add-remove and peers: localhost:42799, localhost:45541, localhost:37739
2022-09-12 01:26:12,643 [Listener at 127.0.0.1/43917] INFO  ratis.OzoneManagerStateMachine (OzoneManagerStateMachine.java:loadSnapshotInfoFromDB(632)) - LastAppliedIndex is set from TransactionInfo from OM DB as (t:0, i:~)
2022-09-12 01:26:12,643 [Listener at 127.0.0.1/43917] INFO  server.RaftServer (ConfUtils.java:logGet(46)) - raft.rpc.type = GRPC (default)
2022-09-12 01:26:12,644 [Listener at 127.0.0.1/43917] INFO  grpc.GrpcFactory (GrpcFactory.java:checkPooledByteBufAllocatorUseCacheForAllThreads(48)) - PERFORMANCE WARNING: useCacheForAllThreads is true that may cause Netty to create a lot garbage objects and, as a result, trigger GC.
	It is recommended to disable useCacheForAllThreads by setting -Dorg.apache.ratis.thirdparty.io.netty.allocator.useCacheForAllThreads=false in command line.
2022-09-12 01:26:12,644 [Listener at 127.0.0.1/43917] INFO  grpc.GrpcConfigKeys (ConfUtils.java:logGet(46)) - raft.grpc.admin.port = -1 (default)
2022-09-12 01:26:12,644 [Listener at 127.0.0.1/43917] INFO  grpc.GrpcConfigKeys (ConfUtils.java:logGet(46)) - raft.grpc.server.port = 42799 (custom)
2022-09-12 01:26:12,644 [Listener at 127.0.0.1/43917] INFO  grpc.GrpcConfigKeys (ConfUtils.java:logGet(46)) - raft.grpc.client.port = -1 (default)
2022-09-12 01:26:12,644 [Listener at 127.0.0.1/43917] INFO  grpc.GrpcConfigKeys (ConfUtils.java:logGet(46)) - raft.grpc.server.port = 42799 (custom)
2022-09-12 01:26:12,644 [Listener at 127.0.0.1/43917] INFO  grpc.GrpcConfigKeys (ConfUtils.java:logGet(46)) - raft.grpc.server.port = 42799 (custom)
2022-09-12 01:26:12,644 [Listener at 127.0.0.1/43917] INFO  server.GrpcService (ConfUtils.java:logGet(46)) - raft.grpc.message.size.max = 33554432 (custom)
2022-09-12 01:26:12,644 [Listener at 127.0.0.1/43917] INFO  server.RaftServerConfigKeys (ConfUtils.java:logGet(46)) - raft.server.log.appender.buffer.byte-limit = 33554432 (custom)
2022-09-12 01:26:12,644 [Listener at 127.0.0.1/43917] INFO  server.GrpcService (ConfUtils.java:logGet(46)) - raft.grpc.flow.control.window = 1MB (=1048576) (default)
2022-09-12 01:26:12,645 [Listener at 127.0.0.1/43917] INFO  server.RaftServerConfigKeys (ConfUtils.java:logGet(46)) - raft.server.rpc.request.timeout = 3000ms (default)
2022-09-12 01:26:12,645 [Listener at 127.0.0.1/43917] INFO  grpc.GrpcConfigKeys (ConfUtils.java:logGet(46)) - raft.grpc.server.async.request.thread.pool.cached = true (default)
2022-09-12 01:26:12,645 [Listener at 127.0.0.1/43917] INFO  grpc.GrpcConfigKeys (ConfUtils.java:logGet(46)) - raft.grpc.server.async.request.thread.pool.size = 32 (default)
2022-09-12 01:26:12,646 [Listener at 127.0.0.1/43917] INFO  impl.DataStreamServerImpl (ConfUtils.java:logGet(46)) - raft.datastream.type = DISABLED (default)
2022-09-12 01:26:12,646 [Listener at 127.0.0.1/43917] INFO  server.RaftServerConfigKeys (ConfUtils.java:logGet(46)) - raft.server.threadpool.proxy.cached = true (default)
2022-09-12 01:26:12,646 [Listener at 127.0.0.1/43917] INFO  server.RaftServerConfigKeys (ConfUtils.java:logGet(46)) - raft.server.threadpool.proxy.size = 0 (default)
2022-09-12 01:26:12,646 [Listener at 127.0.0.1/43917] INFO  server.RaftServerConfigKeys (ConfUtils.java:logGet(46)) - raft.server.rpc.slowness.timeout = 2s (custom)
2022-09-12 01:26:12,646 [Listener at 127.0.0.1/43917] INFO  server.RaftServerConfigKeys (ConfUtils.java:logGet(46)) - raft.server.leaderelection.leader.step-down.wait-time = 10s (default)
2022-09-12 01:26:12,646 [Listener at 127.0.0.1/43917] INFO  server.RaftServerConfigKeys (ConfUtils.java:logGet(46)) - raft.server.storage.dir = [/home/runner/work/ozone/ozone/hadoop-ozone/integration-test/target/test-dir/MiniOzoneClusterImpl-a920e810-7507-4246-9d07-cfa876092e00/omNode-2/ratis] (custom)
2022-09-12 01:26:12,647 [Listener at 127.0.0.1/43917] INFO  server.RaftServer (RaftServerProxy.java:addNew(96)) - omNode-2: addNew group-0AAC5367B30E:[omNode-3|rpc:localhost:45541|priority:0, omNode-1|rpc:localhost:37739|priority:0, omNode-2|rpc:localhost:42799|priority:0] returns group-0AAC5367B30E:java.util.concurrent.CompletableFuture@63a81935[Not completed]
2022-09-12 01:26:12,647 [Listener at 127.0.0.1/43917] INFO  om.OzoneManager (OzoneManager.java:initializeRatisServer(1973)) - OzoneManager Ratis server initialized at port 42799
2022-09-12 01:26:12,648 [Listener at 127.0.0.1/43917] INFO  om.OzoneManager (OzoneManager.java:getRpcServer(1096)) - Creating RPC Server
2022-09-12 01:26:12,655 [pool-544-thread-1] INFO  server.RaftServer$Division (RaftServerImpl.java:<init>(190)) - omNode-2: new RaftServerImpl for group-0AAC5367B30E:[omNode-3|rpc:localhost:45541|priority:0, omNode-1|rpc:localhost:37739|priority:0, omNode-2|rpc:localhost:42799|priority:0] with OzoneManagerStateMachine:uninitialized
2022-09-12 01:26:12,655 [pool-544-thread-1] INFO  server.RaftServerConfigKeys (ConfUtils.java:logGet(46)) - raft.server.rpc.timeout.min = 1s (custom)
2022-09-12 01:26:12,655 [pool-544-thread-1] INFO  server.RaftServerConfigKeys (ConfUtils.java:logGet(46)) - raft.server.rpc.timeout.max = 1200ms (custom)
2022-09-12 01:26:12,655 [pool-544-thread-1] INFO  server.RaftServerConfigKeys (ConfUtils.java:logGet(46)) - raft.server.rpc.sleep.time = 25ms (default)
2022-09-12 01:26:12,655 [pool-544-thread-1] INFO  server.RaftServerConfigKeys (ConfUtils.java:logGet(46)) - raft.server.rpc.slowness.timeout = 2s (custom)
2022-09-12 01:26:12,655 [pool-544-thread-1] INFO  server.RaftServerConfigKeys (ConfUtils.java:logGet(46)) - raft.server.leaderelection.leader.step-down.wait-time = 10s (default)
2022-09-12 01:26:12,655 [pool-544-thread-1] INFO  server.RaftServerConfigKeys (ConfUtils.java:logGet(46)) - raft.server.sleep.deviation.threshold = 300ms (default)
2022-09-12 01:26:12,655 [pool-544-thread-1] INFO  server.RaftServer$Division (ServerState.java:<init>(107)) - omNode-2@group-0AAC5367B30E: ConfigurationManager, init=-1: [omNode-3|rpc:localhost:45541|priority:0, omNode-1|rpc:localhost:37739|priority:0, omNode-2|rpc:localhost:42799|priority:0], old=null, confs=<EMPTY_MAP>
2022-09-12 01:26:12,655 [pool-544-thread-1] INFO  server.RaftServerConfigKeys (ConfUtils.java:logGet(46)) - raft.server.storage.dir = [/home/runner/work/ozone/ozone/hadoop-ozone/integration-test/target/test-dir/MiniOzoneClusterImpl-a920e810-7507-4246-9d07-cfa876092e00/omNode-2/ratis] (custom)
2022-09-12 01:26:12,655 [pool-544-thread-1] INFO  server.RaftServerConfigKeys (ConfUtils.java:logGet(46)) - raft.server.log.corruption.policy = EXCEPTION (default)
2022-09-12 01:26:12,655 [pool-544-thread-1] INFO  server.RaftServerConfigKeys (ConfUtils.java:logGet(46)) - raft.server.storage.free-space.min = 0MB (=0) (default)
2022-09-12 01:26:12,655 [pool-544-thread-1] INFO  storage.RaftStorageDirectory (RaftStorageDirectoryImpl.java:analyzeStorage(135)) - The storage directory /home/runner/work/ozone/ozone/hadoop-ozone/integration-test/target/test-dir/MiniOzoneClusterImpl-a920e810-7507-4246-9d07-cfa876092e00/omNode-2/ratis/0718e334-ffa1-36bc-8e9a-0aac5367b30e does not exist. Creating ...
2022-09-12 01:26:12,656 [pool-544-thread-1] INFO  storage.RaftStorageDirectory (RaftStorageDirectoryImpl.java:tryLock(230)) - Lock on /home/runner/work/ozone/ozone/hadoop-ozone/integration-test/target/test-dir/MiniOzoneClusterImpl-a920e810-7507-4246-9d07-cfa876092e00/omNode-2/ratis/0718e334-ffa1-36bc-8e9a-0aac5367b30e/in_use.lock acquired by nodename 51693@fv-az167-317
2022-09-12 01:26:12,658 [pool-544-thread-1] INFO  storage.RaftStorage (RaftStorageImpl.java:format(89)) - Storage directory /home/runner/work/ozone/ozone/hadoop-ozone/integration-test/target/test-dir/MiniOzoneClusterImpl-a920e810-7507-4246-9d07-cfa876092e00/omNode-2/ratis/0718e334-ffa1-36bc-8e9a-0aac5367b30e has been successfully formatted.
2022-09-12 01:26:12,658 [pool-544-thread-1] INFO  server.RaftServerConfigKeys (ConfUtils.java:logGet(46)) - raft.server.notification.no-leader.timeout = 2s (custom)
2022-09-12 01:26:12,658 [pool-544-thread-1] INFO  server.RaftServerConfigKeys (ConfUtils.java:logGet(46)) - raft.server.log.use.memory = false (default)
2022-09-12 01:26:12,658 [pool-544-thread-1] INFO  server.RaftServerConfigKeys (ConfUtils.java:logGet(46)) - raft.server.log.purge.gap = 1000000 (custom)
2022-09-12 01:26:12,658 [pool-544-thread-1] INFO  server.RaftServerConfigKeys (ConfUtils.java:logGet(46)) - raft.server.log.appender.buffer.byte-limit = 33554432 (custom)
2022-09-12 01:26:12,658 [pool-544-thread-1] INFO  server.RaftServerConfigKeys (ConfUtils.java:logGet(46)) - raft.server.log.statemachine.data.read.timeout = 1000ms (default)
2022-09-12 01:26:12,658 [pool-544-thread-1] INFO  server.RaftServerConfigKeys (ConfUtils.java:logGet(46)) - raft.server.log.segment.size.max = 4194304 (custom)
2022-09-12 01:26:12,659 [pool-544-thread-1] INFO  server.RaftServerConfigKeys (ConfUtils.java:logGet(46)) - raft.server.log.segment.cache.num.max = 2 (custom)
2022-09-12 01:26:12,659 [pool-544-thread-1] INFO  server.RaftServerConfigKeys (ConfUtils.java:logGet(46)) - raft.server.log.segment.cache.size.max = 200MB (=209715200) (default)
2022-09-12 01:26:12,659 [pool-544-thread-1] INFO  segmented.SegmentedRaftLogWorker (SegmentedRaftLogWorker.java:<init>(187)) - new omNode-2@group-0AAC5367B30E-SegmentedRaftLogWorker for RaftStorageImpl:Storage Directory /home/runner/work/ozone/ozone/hadoop-ozone/integration-test/target/test-dir/MiniOzoneClusterImpl-a920e810-7507-4246-9d07-cfa876092e00/omNode-2/ratis/0718e334-ffa1-36bc-8e9a-0aac5367b30e
2022-09-12 01:26:12,659 [pool-544-thread-1] INFO  server.RaftServerConfigKeys (ConfUtils.java:logGet(46)) - raft.server.log.queue.byte-limit = 64MB (=67108864) (default)
2022-09-12 01:26:12,659 [pool-544-thread-1] INFO  server.RaftServerConfigKeys (ConfUtils.java:logGet(46)) - raft.server.log.queue.element-limit = 4096 (default)
2022-09-12 01:26:12,659 [pool-544-thread-1] INFO  server.RaftServerConfigKeys (ConfUtils.java:logGet(46)) - raft.server.log.segment.size.max = 4194304 (custom)
2022-09-12 01:26:12,659 [pool-544-thread-1] INFO  server.RaftServerConfigKeys (ConfUtils.java:logGet(46)) - raft.server.log.preallocated.size = 4194304 (custom)
2022-09-12 01:26:12,659 [pool-544-thread-1] INFO  server.RaftServerConfigKeys (ConfUtils.java:logGet(46)) - raft.server.log.force.sync.num = 128 (default)
2022-09-12 01:26:12,659 [pool-544-thread-1] INFO  server.RaftServerConfigKeys (ConfUtils.java:logGet(46)) - raft.server.log.statemachine.data.sync = true (default)
2022-09-12 01:26:12,659 [pool-544-thread-1] INFO  server.RaftServerConfigKeys (ConfUtils.java:logGet(46)) - raft.server.log.statemachine.data.sync.timeout = 10s (default)
2022-09-12 01:26:12,659 [pool-544-thread-1] INFO  server.RaftServerConfigKeys (ConfUtils.java:logGet(46)) - raft.server.log.statemachine.data.sync.timeout.retry = -1 (default)
2022-09-12 01:26:12,673 [pool-544-thread-1] INFO  server.RaftServerConfigKeys (ConfUtils.java:logGet(46)) - raft.server.log.write.buffer.size = 64KB (=65536) (default)
2022-09-12 01:26:12,673 [pool-544-thread-1] INFO  server.RaftServerConfigKeys (ConfUtils.java:logGet(46)) - raft.server.log.unsafe-flush.enabled = false (default)
2022-09-12 01:26:12,673 [pool-544-thread-1] INFO  server.RaftServerConfigKeys (ConfUtils.java:logGet(46)) - raft.server.log.statemachine.data.caching.enabled = false (default)
2022-09-12 01:26:12,673 [pool-544-thread-1] INFO  segmented.SegmentedRaftLogWorker (SegmentedRaftLogWorker.java:lambda$new$0(135)) - omNode-2@group-0AAC5367B30E-SegmentedRaftLogWorker: flushIndex: setUnconditionally 0 -> -1
2022-09-12 01:26:12,673 [pool-544-thread-1] INFO  segmented.SegmentedRaftLogWorker (SegmentedRaftLogWorker.java:lambda$new$0(135)) - omNode-2@group-0AAC5367B30E-SegmentedRaftLogWorker: safeCacheEvictIndex: setUnconditionally 0 -> -1
2022-09-12 01:26:12,727 [pool-544-thread-1] INFO  server.RaftServerConfigKeys (ConfUtils.java:logGet(46)) - raft.server.snapshot.auto.trigger.enabled = true (custom)
2022-09-12 01:26:12,727 [pool-544-thread-1] INFO  server.RaftServerConfigKeys (ConfUtils.java:logGet(46)) - raft.server.snapshot.auto.trigger.threshold = 400000 (default)
2022-09-12 01:26:12,727 [pool-544-thread-1] INFO  server.RaftServerConfigKeys (ConfUtils.java:logGet(46)) - raft.server.snapshot.retention.file.num = -1 (default)
2022-09-12 01:26:12,727 [pool-544-thread-1] INFO  server.RaftServerConfigKeys (ConfUtils.java:logGet(46)) - raft.server.log.purge.upto.snapshot.index = true (custom)
2022-09-12 01:26:12,728 [pool-544-thread-1] INFO  server.RaftServerConfigKeys (ConfUtils.java:logGet(46)) - raft.server.retrycache.expirytime = 300s (custom)
2022-09-12 01:26:12,728 [pool-544-thread-1] INFO  server.RaftServerConfigKeys (ConfUtils.java:logGet(46)) - raft.server.retrycache.statistics.expirytime = 100μs (default)
2022-09-12 01:26:12,729 [pool-544-thread-1] INFO  server.RaftServerConfigKeys (ConfUtils.java:logGet(46)) - raft.server.log.appender.install.snapshot.enabled = false (custom)
2022-09-12 01:26:12,729 [pool-544-thread-1] INFO  server.RaftServerConfigKeys (ConfUtils.java:logGet(46)) - raft.server.threadpool.server.cached = true (default)
2022-09-12 01:26:12,729 [pool-544-thread-1] INFO  server.RaftServerConfigKeys (ConfUtils.java:logGet(46)) - raft.server.threadpool.server.size = 0 (default)
2022-09-12 01:26:12,729 [pool-544-thread-1] INFO  server.RaftServerConfigKeys (ConfUtils.java:logGet(46)) - raft.server.threadpool.client.cached = true (default)
2022-09-12 01:26:12,729 [pool-544-thread-1] INFO  server.RaftServerConfigKeys (ConfUtils.java:logGet(46)) - raft.server.threadpool.client.size = 0 (default)
2022-09-12 01:26:12,839 [EndpointStateMachine task thread for /127.0.0.1:40693 - 0 ] INFO  ipc.Client (Client.java:handleConnectionFailure(977)) - Retrying connect to server: localhost/127.0.0.1:40693. Already tried 2 time(s); retry policy is RetryUpToMaximumCountWithFixedSleep(maxRetries=15, sleepTime=1000 MILLISECONDS)
2022-09-12 01:26:13,047 [omNode-1@group-0AAC5367B30E-FollowerState] INFO  impl.FollowerState (FollowerState.java:run(143)) - omNode-1@group-0AAC5367B30E-FollowerState: change to CANDIDATE, lastRpcElapsedTime:1192418756ns, electionTimeout:1185ms
2022-09-12 01:26:13,048 [omNode-1@group-0AAC5367B30E-FollowerState] INFO  impl.RoleInfo (RoleInfo.java:shutdownFollowerState(110)) - omNode-1: shutdown omNode-1@group-0AAC5367B30E-FollowerState
2022-09-12 01:26:13,048 [omNode-1@group-0AAC5367B30E-FollowerState] INFO  server.RaftServer$Division (RaftServerImpl.java:setRole(299)) - omNode-1@group-0AAC5367B30E: changes role from  FOLLOWER to CANDIDATE at term 0 for changeToCandidate
2022-09-12 01:26:13,048 [omNode-1@group-0AAC5367B30E-FollowerState] INFO  server.RaftServerConfigKeys (ConfUtils.java:logGet(46)) - raft.server.leaderelection.pre-vote = false (custom)
2022-09-12 01:26:13,048 [omNode-1@group-0AAC5367B30E-FollowerState] INFO  impl.RoleInfo (RoleInfo.java:updateAndGet(139)) - omNode-1: start omNode-1@group-0AAC5367B30E-LeaderElection62
2022-09-12 01:26:13,065 [omNode-1@group-0AAC5367B30E-LeaderElection62] INFO  impl.LeaderElection (LeaderElection.java:askForVotes(310)) - omNode-1@group-0AAC5367B30E-LeaderElection62 ELECTION round 0: submit vote requests at term 1 for -1: [omNode-3|rpc:localhost:45541|priority:0, omNode-1|rpc:localhost:37739|priority:0, omNode-2|rpc:localhost:42799|priority:0], old=null
2022-09-12 01:26:13,083 [EndpointStateMachine task thread for /127.0.0.1:46755 - 0 ] INFO  ipc.Client (Client.java:handleConnectionFailure(977)) - Retrying connect to server: localhost/127.0.0.1:46755. Already tried 7 time(s); retry policy is RetryUpToMaximumCountWithFixedSleep(maxRetries=15, sleepTime=1000 MILLISECONDS)
2022-09-12 01:26:13,105 [omNode-1@group-0AAC5367B30E-LeaderElection62] INFO  impl.LeaderElection (LogUtils.java:infoOrTrace(137)) - omNode-1@group-0AAC5367B30E-LeaderElection62 got exception when requesting votes: java.util.concurrent.ExecutionException: org.apache.ratis.thirdparty.io.grpc.StatusRuntimeException: UNAVAILABLE: io exception
2022-09-12 01:26:13,134 [omNode-1@group-0AAC5367B30E-LeaderElection62] INFO  impl.LeaderElection (LogUtils.java:infoOrTrace(137)) - omNode-1@group-0AAC5367B30E-LeaderElection62 got exception when requesting votes: java.util.concurrent.ExecutionException: org.apache.ratis.thirdparty.io.grpc.StatusRuntimeException: UNAVAILABLE: io exception
2022-09-12 01:26:13,134 [omNode-1@group-0AAC5367B30E-LeaderElection62] INFO  impl.LeaderElection (LeaderElection.java:logAndReturn(90)) - omNode-1@group-0AAC5367B30E-LeaderElection62: ELECTION REJECTED received 0 response(s) and 2 exception(s):
2022-09-12 01:26:13,134 [omNode-1@group-0AAC5367B30E-LeaderElection62] INFO  impl.LeaderElection (LogUtils.java:infoOrTrace(137)) -   Exception 0: java.util.concurrent.ExecutionException: org.apache.ratis.thirdparty.io.grpc.StatusRuntimeException: UNAVAILABLE: io exception
2022-09-12 01:26:13,134 [omNode-1@group-0AAC5367B30E-LeaderElection62] INFO  impl.LeaderElection (LogUtils.java:infoOrTrace(137)) -   Exception 1: java.util.concurrent.ExecutionException: org.apache.ratis.thirdparty.io.grpc.StatusRuntimeException: UNAVAILABLE: io exception
2022-09-12 01:26:13,134 [omNode-1@group-0AAC5367B30E-LeaderElection62] INFO  impl.LeaderElection (LeaderElection.java:askForVotes(312)) - omNode-1@group-0AAC5367B30E-LeaderElection62 ELECTION round 0: result REJECTED
2022-09-12 01:26:13,134 [omNode-1@group-0AAC5367B30E-LeaderElection62] INFO  server.RaftServer$Division (RaftServerImpl.java:setRole(299)) - omNode-1@group-0AAC5367B30E: changes role from CANDIDATE to FOLLOWER at term 1 for REJECTED
2022-09-12 01:26:13,134 [omNode-1@group-0AAC5367B30E-LeaderElection62] INFO  impl.RoleInfo (RoleInfo.java:shutdownLeaderElection(130)) - omNode-1: shutdown omNode-1@group-0AAC5367B30E-LeaderElection62
2022-09-12 01:26:13,134 [omNode-1@group-0AAC5367B30E-LeaderElection62] INFO  impl.RoleInfo (RoleInfo.java:updateAndGet(139)) - omNode-1: start omNode-1@group-0AAC5367B30E-FollowerState
2022-09-12 01:26:13,825 [Listener at 127.0.0.1/43917] INFO  reflections.Reflections (Reflections.java:scan(232)) - Reflections took 1173 ms to scan 19 urls, producing 67 keys and 4171 values [using 2 cores]
2022-09-12 01:26:13,826 [Listener at 127.0.0.1/43917] INFO  ipc.CallQueueManager (CallQueueManager.java:<init>(90)) - Using callQueue: class java.util.concurrent.LinkedBlockingQueue, queueCapacity: 2000, scheduler: class org.apache.hadoop.ipc.DefaultRpcScheduler, ipcBackoff: false.
2022-09-12 01:26:13,827 [Socket Reader #1 for port 44487] INFO  ipc.Server (Server.java:run(1265)) - Starting Socket Reader #1 for port 44487
2022-09-12 01:26:13,840 [EndpointStateMachine task thread for /127.0.0.1:40693 - 0 ] INFO  ipc.Client (Client.java:handleConnectionFailure(977)) - Retrying connect to server: localhost/127.0.0.1:40693. Already tried 3 time(s); retry policy is RetryUpToMaximumCountWithFixedSleep(maxRetries=15, sleepTime=1000 MILLISECONDS)
2022-09-12 01:26:13,877 [Listener at 127.0.0.1/44487] INFO  impl.MetricsSystemImpl (MetricsSystemImpl.java:init(158)) - OzoneManager metrics system started (again)
2022-09-12 01:26:13,917 [Listener at 127.0.0.1/44487] INFO  om.OzoneManager (OzoneManager.java:start(1480)) - OzoneManager RPC server is listening at localhost/127.0.0.1:44487
2022-09-12 01:26:13,918 [Listener at 127.0.0.1/44487] INFO  ratis.OzoneManagerRatisServer (OzoneManagerRatisServer.java:start(554)) - Starting OzoneManagerRatisServer omNode-2 at port 42799
2022-09-12 01:26:13,922 [omNode-2-impl-thread1] INFO  server.RaftServer$Division (RaftServerImpl.java:start(310)) - omNode-2@group-0AAC5367B30E: start as a follower, conf=-1: [omNode-3|rpc:localhost:45541|priority:0, omNode-1|rpc:localhost:37739|priority:0, omNode-2|rpc:localhost:42799|priority:0], old=null
2022-09-12 01:26:13,922 [omNode-2-impl-thread1] INFO  server.RaftServer$Division (RaftServerImpl.java:setRole(299)) - omNode-2@group-0AAC5367B30E: changes role from      null to FOLLOWER at term 0 for startAsFollower
2022-09-12 01:26:13,922 [omNode-2-impl-thread1] INFO  impl.RoleInfo (RoleInfo.java:updateAndGet(139)) - omNode-2: start omNode-2@group-0AAC5367B30E-FollowerState
2022-09-12 01:26:13,928 [omNode-2-impl-thread1] INFO  util.JmxRegister (JmxRegister.java:tryRegister(44)) - Successfully registered JMX Bean with object name Ratis:service=RaftServer,group=group-0AAC5367B30E,id=omNode-2
2022-09-12 01:26:13,936 [Listener at 127.0.0.1/44487] INFO  server.RaftServer (RaftServerProxy.java:lambda$start$6(382)) - omNode-2: start RPC server
2022-09-12 01:26:13,945 [Listener at 127.0.0.1/44487] INFO  server.GrpcService (GrpcService.java:startImpl(260)) - omNode-2: GrpcService started, listening on 42799
2022-09-12 01:26:13,957 [Listener at 127.0.0.1/44487] INFO  om.OzoneManager (OzoneManager.java:start(1496)) - Version File has different layout version (3) than OM DB (null). That is expected if this OM has never been finalized to a newer layout version.
2022-09-12 01:26:13,957 [org.apache.ratis.util.JvmPauseMonitor$$Lambda$605/1445225850@78abcd0] INFO  util.JvmPauseMonitor (JvmPauseMonitor.java:run(103)) - JvmPauseMonitor-omNode-2: Started
2022-09-12 01:26:13,984 [Listener at 127.0.0.1/44487] INFO  http.BaseHttpServer (BaseHttpServer.java:newHttpServer2BuilderForOzone(213)) - Starting Web-server for ozoneManager at: http://0.0.0.0:39111
2022-09-12 01:26:13,985 [Listener at 127.0.0.1/44487] INFO  http.BaseHttpServer (BaseHttpServer.java:<init>(108)) - Hadoop Security Enabled: false Ozone Security Enabled: false Ozone HTTP Security Enabled: false 
2022-09-12 01:26:13,985 [Listener at 127.0.0.1/44487] INFO  server.AuthenticationFilter (AuthenticationFilter.java:constructSecretProvider(240)) - Unable to initialize FileSignerSecretProvider, falling back to use random secrets.
2022-09-12 01:26:14,026 [Listener at 127.0.0.1/44487] WARN  http.HttpRequestLog (HttpRequestLog.java:getRequestLog(103)) - Jetty request log can only be enabled using Log4j
2022-09-12 01:26:14,027 [Listener at 127.0.0.1/44487] INFO  http.HttpServer2 (HttpServer2.java:addGlobalFilter(1029)) - Added global filter 'safety' (class=org.apache.hadoop.hdds.server.http.HttpServer2$QuotingInputFilter)
2022-09-12 01:26:14,027 [Listener at 127.0.0.1/44487] INFO  http.HttpServer2 (HttpServer2.java:addFilter(1005)) - Added filter static_user_filter (class=org.apache.hadoop.http.lib.StaticUserWebFilter$StaticUserFilter) to context ozoneManager
2022-09-12 01:26:14,027 [Listener at 127.0.0.1/44487] INFO  http.HttpServer2 (HttpServer2.java:addFilter(1013)) - Added filter static_user_filter (class=org.apache.hadoop.http.lib.StaticUserWebFilter$StaticUserFilter) to context static
2022-09-12 01:26:14,028 [Listener at 127.0.0.1/44487] INFO  http.HttpServer2 (HttpServer2.java:addFilter(1013)) - Added filter static_user_filter (class=org.apache.hadoop.http.lib.StaticUserWebFilter$StaticUserFilter) to context logs
2022-09-12 01:26:14,028 [Listener at 127.0.0.1/44487] INFO  http.HttpServer2 (HttpServer2.java:bindListener(1248)) - Jetty bound to port 39111
2022-09-12 01:26:14,028 [Listener at 127.0.0.1/44487] INFO  server.Server (Server.java:doStart(375)) - jetty-9.4.43.v20210629; built: 2021-06-30T11:07:22.254Z; git: 526006ecfa3af7f1a27ef3a288e2bef7ea9dd7e8; jvm 1.8.0_345-b01
2022-09-12 01:26:14,072 [Listener at 127.0.0.1/44487] INFO  server.session (DefaultSessionIdManager.java:doStart(334)) - DefaultSessionIdManager workerName=node0
2022-09-12 01:26:14,073 [Listener at 127.0.0.1/44487] INFO  server.session (DefaultSessionIdManager.java:doStart(339)) - No SessionScavenger set, using defaults
2022-09-12 01:26:14,073 [Listener at 127.0.0.1/44487] INFO  server.session (HouseKeeper.java:startScavenging(132)) - node0 Scavenging every 600000ms
2022-09-12 01:26:14,083 [EndpointStateMachine task thread for /127.0.0.1:46755 - 0 ] INFO  ipc.Client (Client.java:handleConnectionFailure(977)) - Retrying connect to server: localhost/127.0.0.1:46755. Already tried 8 time(s); retry policy is RetryUpToMaximumCountWithFixedSleep(maxRetries=15, sleepTime=1000 MILLISECONDS)
2022-09-12 01:26:14,084 [Listener at 127.0.0.1/44487] INFO  handler.ContextHandler (ContextHandler.java:doStart(915)) - Started o.e.j.s.ServletContextHandler@d28a5e3{logs,/logs,file:///home/runner/work/ozone/ozone/hadoop-ozone/integration-test/target/log,AVAILABLE}
2022-09-12 01:26:14,084 [Listener at 127.0.0.1/44487] INFO  handler.ContextHandler (ContextHandler.java:doStart(915)) - Started o.e.j.s.ServletContextHandler@5738a95f{static,/static,file:///home/runner/work/ozone/ozone/hadoop-ozone/integration-test/target/test-classes/webapps/static,AVAILABLE}
2022-09-12 01:26:14,087 [Listener at 127.0.0.1/44487] INFO  handler.ContextHandler (ContextHandler.java:doStart(915)) - Started o.e.j.w.WebAppContext@57800592{ozoneManager,/,file:///home/runner/work/ozone/ozone/hadoop-ozone/integration-test/target/test-classes/webapps/ozoneManager/,AVAILABLE}{file:/home/runner/work/ozone/ozone/hadoop-ozone/integration-test/target/test-classes/webapps/ozoneManager}
2022-09-12 01:26:14,111 [Listener at 127.0.0.1/44487] INFO  server.AbstractConnector (AbstractConnector.java:doStart(331)) - Started ServerConnector@4007799d{HTTP/1.1, (http/1.1)}{0.0.0.0:39111}
2022-09-12 01:26:14,111 [Listener at 127.0.0.1/44487] INFO  server.Server (Server.java:doStart(415)) - Started @194821ms
2022-09-12 01:26:14,111 [Listener at 127.0.0.1/44487] WARN  impl.MetricsSystemImpl (MetricsSystemImpl.java:register(279)) - Sink prometheus already exists!
2022-09-12 01:26:14,113 [Listener at 127.0.0.1/44487] INFO  http.BaseHttpServer (BaseHttpServer.java:updateConnectorAddress(333)) - HTTP server of ozoneManager listening at http://0.0.0.0:39111
2022-09-12 01:26:14,118 [IPC Server Responder] INFO  ipc.Server (Server.java:run(1507)) - IPC Server Responder: starting
2022-09-12 01:26:14,136 [IPC Server listener on 44487] INFO  ipc.Server (Server.java:run(1344)) - IPC Server listener on 44487: starting
2022-09-12 01:26:14,149 [omNode-1@group-0AAC5367B30E-FollowerState] INFO  impl.FollowerState (FollowerState.java:run(143)) - omNode-1@group-0AAC5367B30E-FollowerState: change to CANDIDATE, lastRpcElapsedTime:1014190532ns, electionTimeout:1008ms
2022-09-12 01:26:14,149 [omNode-1@group-0AAC5367B30E-FollowerState] INFO  impl.RoleInfo (RoleInfo.java:shutdownFollowerState(110)) - omNode-1: shutdown omNode-1@group-0AAC5367B30E-FollowerState
2022-09-12 01:26:14,149 [omNode-1@group-0AAC5367B30E-FollowerState] INFO  server.RaftServer$Division (RaftServerImpl.java:setRole(299)) - omNode-1@group-0AAC5367B30E: changes role from  FOLLOWER to CANDIDATE at term 1 for changeToCandidate
2022-09-12 01:26:14,156 [omNode-1@group-0AAC5367B30E-FollowerState] INFO  server.RaftServerConfigKeys (ConfUtils.java:logGet(46)) - raft.server.leaderelection.pre-vote = false (custom)
2022-09-12 01:26:14,156 [omNode-1@group-0AAC5367B30E-FollowerState] INFO  impl.RoleInfo (RoleInfo.java:updateAndGet(139)) - omNode-1: start omNode-1@group-0AAC5367B30E-LeaderElection63
2022-09-12 01:26:14,262 [Listener at 127.0.0.1/44487] INFO  om.OzoneManager (OzoneManager.java:startTrashEmptier(1917)) - Trash Interval set to 0. Files deleted won't move to trash
2022-09-12 01:26:14,262 [Listener at 127.0.0.1/44487] INFO  ozone.MiniOzoneHAClusterImpl (MiniOzoneHAClusterImpl.java:createOMService(527)) - Started OzoneManager omNode-2 RPC server at localhost/127.0.0.1:44487
2022-09-12 01:26:14,263 [Listener at 127.0.0.1/44487] INFO  ha.OMHANodeDetails (OMHANodeDetails.java:loadOMHAConfig(121)) - ServiceID for OzoneManager is om-add-remove
2022-09-12 01:26:14,263 [Listener at 127.0.0.1/44487] INFO  ha.OMHANodeDetails (OMHANodeDetails.java:loadOMHAConfig(201)) - Found matching OM address with OMServiceId: om-add-remove, OMNodeId: omNode-3, RPC Address: localhost:34977 and Ratis port: 45541
2022-09-12 01:26:14,263 [Listener at 127.0.0.1/44487] INFO  ha.OMHANodeDetails (ConfUtils.java:setNodeSpecificConfigs(97)) - Setting configuration key ozone.om.http-address with value of key ozone.om.http-address.om-add-remove.omNode-3: 127.0.0.1:40693
2022-09-12 01:26:14,263 [Listener at 127.0.0.1/44487] INFO  ha.OMHANodeDetails (ConfUtils.java:setNodeSpecificConfigs(97)) - Setting configuration key ozone.om.https-address with value of key ozone.om.https-address.om-add-remove.omNode-3: 127.0.0.1:34363
2022-09-12 01:26:14,263 [Listener at 127.0.0.1/44487] INFO  ha.OMHANodeDetails (ConfUtils.java:setNodeSpecificConfigs(97)) - Setting configuration key ozone.om.address with value of key ozone.om.address.om-add-remove.omNode-3: 127.0.0.1:34977
2022-09-12 01:26:14,263 [Listener at 127.0.0.1/44487] WARN  server.ServerUtils (ServerUtils.java:getDBPath(225)) - ozone.om.db.dirs is not configured. We recommend adding this setting. Falling back to ozone.metadata.dirs instead.
2022-09-12 01:26:14,264 [Listener at 127.0.0.1/44487] INFO  ha.SCMNodeInfo (SCMNodeInfo.java:getPort(197)) - ConfigKey ozone.scm.client.address is deprecated, For configuring different ports for each SCM use PortConfigKey ozone.scm.client.port appended with serviceId and nodeId
2022-09-12 01:26:14,268 [Listener at 127.0.0.1/44487] INFO  ha.SCMNodeInfo (SCMNodeInfo.java:getPort(197)) - ConfigKey ozone.scm.block.client.address is deprecated, For configuring different ports for each SCM use PortConfigKey ozone.scm.block.client.port appended with serviceId and nodeId
2022-09-12 01:26:14,268 [Listener at 127.0.0.1/44487] INFO  ha.SCMNodeInfo (SCMNodeInfo.java:getPort(197)) - ConfigKey ozone.scm.datanode.address is deprecated, For configuring different ports for each SCM use PortConfigKey ozone.scm.datanode.port appended with serviceId and nodeId
2022-09-12 01:26:14,268 [Listener at 127.0.0.1/44487] INFO  proxy.SCMBlockLocationFailoverProxyProvider (SCMBlockLocationFailoverProxyProvider.java:<init>(114)) - Created block location fail-over proxy with 1 nodes: [nodeId=scmNode-1,nodeAddress=/127.0.0.1:33243]
2022-09-12 01:26:14,271 [org.apache.hadoop.util.JvmPauseMonitor$Monitor@51798f82] INFO  util.JvmPauseMonitor (JvmPauseMonitor.java:run(188)) - Starting JVM pause monitor
2022-09-12 01:26:14,284 [omNode-1@group-0AAC5367B30E-LeaderElection63] INFO  impl.LeaderElection (LeaderElection.java:askForVotes(310)) - omNode-1@group-0AAC5367B30E-LeaderElection63 ELECTION round 0: submit vote requests at term 2 for -1: [omNode-3|rpc:localhost:45541|priority:0, omNode-1|rpc:localhost:37739|priority:0, omNode-2|rpc:localhost:42799|priority:0], old=null
2022-09-12 01:26:14,336 [omNode-1@group-0AAC5367B30E-LeaderElection63] INFO  impl.LeaderElection (LogUtils.java:infoOrTrace(137)) - omNode-1@group-0AAC5367B30E-LeaderElection63 got exception when requesting votes: java.util.concurrent.ExecutionException: org.apache.ratis.thirdparty.io.grpc.StatusRuntimeException: UNAVAILABLE: io exception
OM initialization succeeded.Current cluster id for sd=/home/runner/work/ozone/ozone/hadoop-ozone/integration-test/target/test-dir/MiniOzoneClusterImpl-a920e810-7507-4246-9d07-cfa876092e00/omNode-3/om;cid=a920e810-7507-4246-9d07-cfa876092e00;layoutVersion=3
2022-09-12 01:26:14,342 [Listener at 127.0.0.1/44487] INFO  ha.OMHANodeDetails (OMHANodeDetails.java:loadOMHAConfig(121)) - ServiceID for OzoneManager is om-add-remove
2022-09-12 01:26:14,342 [Listener at 127.0.0.1/44487] INFO  ha.OMHANodeDetails (OMHANodeDetails.java:loadOMHAConfig(201)) - Found matching OM address with OMServiceId: om-add-remove, OMNodeId: omNode-3, RPC Address: localhost:34977 and Ratis port: 45541
2022-09-12 01:26:14,343 [Listener at 127.0.0.1/44487] INFO  ha.OMHANodeDetails (ConfUtils.java:setNodeSpecificConfigs(97)) - Setting configuration key ozone.om.http-address with value of key ozone.om.http-address.om-add-remove.omNode-3: 127.0.0.1:40693
2022-09-12 01:26:14,343 [Listener at 127.0.0.1/44487] INFO  ha.OMHANodeDetails (ConfUtils.java:setNodeSpecificConfigs(97)) - Setting configuration key ozone.om.https-address with value of key ozone.om.https-address.om-add-remove.omNode-3: 127.0.0.1:34363
2022-09-12 01:26:14,343 [Listener at 127.0.0.1/44487] INFO  ha.OMHANodeDetails (ConfUtils.java:setNodeSpecificConfigs(97)) - Setting configuration key ozone.om.address with value of key ozone.om.address.om-add-remove.omNode-3: 127.0.0.1:34977
2022-09-12 01:26:14,343 [Listener at 127.0.0.1/44487] WARN  server.ServerUtils (ServerUtils.java:getDBPath(225)) - ozone.om.db.dirs is not configured. We recommend adding this setting. Falling back to ozone.metadata.dirs instead.
2022-09-12 01:26:14,343 [Listener at 127.0.0.1/44487] INFO  upgrade.AbstractLayoutVersionManager (AbstractLayoutVersionManager.java:init(83)) - Initializing Layout version manager with metadata layout = MULTITENANCY_SCHEMA (version = 3), software layout = MULTITENANCY_SCHEMA (version = 3)
2022-09-12 01:26:14,365 [grpc-default-executor-4] INFO  server.RaftServer$Division (RaftServerImpl.java:requestVote(1152)) - omNode-2@group-0AAC5367B30E: receive requestVote(ELECTION, omNode-1, group-0AAC5367B30E, 2, (t:0, i:~))
2022-09-12 01:26:14,365 [grpc-default-executor-4] INFO  impl.VoteContext (VoteContext.java:log(48)) - omNode-2@group-0AAC5367B30E-FOLLOWER: accept ELECTION from omNode-1: our priority 0 <= candidate's priority 0
2022-09-12 01:26:14,365 [grpc-default-executor-4] INFO  server.RaftServer$Division (RaftServerImpl.java:setRole(299)) - omNode-2@group-0AAC5367B30E: changes role from  FOLLOWER to FOLLOWER at term 2 for candidate:omNode-1
2022-09-12 01:26:14,365 [grpc-default-executor-4] INFO  impl.RoleInfo (RoleInfo.java:shutdownFollowerState(110)) - omNode-2: shutdown omNode-2@group-0AAC5367B30E-FollowerState
2022-09-12 01:26:14,365 [grpc-default-executor-4] INFO  impl.RoleInfo (RoleInfo.java:updateAndGet(139)) - omNode-2: start omNode-2@group-0AAC5367B30E-FollowerState
2022-09-12 01:26:14,367 [grpc-default-executor-4] INFO  server.RaftServer$Division (RaftServerImpl.java:requestVote(1184)) - omNode-2@group-0AAC5367B30E replies to ELECTION vote request: omNode-1<-omNode-2#0:OK-t2. Peer's state: omNode-2@group-0AAC5367B30E:t2, leader=null, voted=omNode-1, raftlog=omNode-2@group-0AAC5367B30E-SegmentedRaftLog:OPENED:c-1, conf=-1: [omNode-3|rpc:localhost:45541|priority:0, omNode-1|rpc:localhost:37739|priority:0, omNode-2|rpc:localhost:42799|priority:0], old=null
2022-09-12 01:26:14,369 [omNode-1@group-0AAC5367B30E-LeaderElection63] INFO  impl.LeaderElection (LeaderElection.java:logAndReturn(90)) - omNode-1@group-0AAC5367B30E-LeaderElection63: ELECTION PASSED received 1 response(s) and 1 exception(s):
2022-09-12 01:26:14,369 [omNode-1@group-0AAC5367B30E-LeaderElection63] INFO  impl.LeaderElection (LeaderElection.java:logAndReturn(94)) -   Response 0: omNode-1<-omNode-2#0:OK-t2
2022-09-12 01:26:14,369 [omNode-1@group-0AAC5367B30E-LeaderElection63] INFO  impl.LeaderElection (LogUtils.java:infoOrTrace(137)) -   Exception 1: java.util.concurrent.ExecutionException: org.apache.ratis.thirdparty.io.grpc.StatusRuntimeException: UNAVAILABLE: io exception
2022-09-12 01:26:14,369 [omNode-1@group-0AAC5367B30E-LeaderElection63] INFO  impl.LeaderElection (LeaderElection.java:askForVotes(312)) - omNode-1@group-0AAC5367B30E-LeaderElection63 ELECTION round 0: result PASSED
2022-09-12 01:26:14,369 [omNode-1@group-0AAC5367B30E-LeaderElection63] INFO  impl.RoleInfo (RoleInfo.java:shutdownLeaderElection(130)) - omNode-1: shutdown omNode-1@group-0AAC5367B30E-LeaderElection63
2022-09-12 01:26:14,369 [omNode-1@group-0AAC5367B30E-LeaderElection63] INFO  server.RaftServer$Division (RaftServerImpl.java:setRole(299)) - omNode-1@group-0AAC5367B30E: changes role from CANDIDATE to LEADER at term 2 for changeToLeader
2022-09-12 01:26:14,369 [omNode-1@group-0AAC5367B30E-LeaderElection63] INFO  server.RaftServer$Division (ServerState.java:setLeader(287)) - omNode-1@group-0AAC5367B30E: change Leader from null to omNode-1 at term 2 for becomeLeader, leader elected after 3538ms
2022-09-12 01:26:14,369 [omNode-1@group-0AAC5367B30E-LeaderElection63] INFO  server.RaftServerConfigKeys (ConfUtils.java:logGet(46)) - raft.server.staging.catchup.gap = 1000 (default)
2022-09-12 01:26:14,369 [omNode-1@group-0AAC5367B30E-LeaderElection63] INFO  server.RaftServerConfigKeys (ConfUtils.java:logGet(46)) - raft.server.write.element-limit = 4096 (default)
2022-09-12 01:26:14,369 [omNode-1@group-0AAC5367B30E-LeaderElection63] INFO  server.RaftServerConfigKeys (ConfUtils.java:logGet(46)) - raft.server.write.byte-limit = 64MB (=67108864) (default)
2022-09-12 01:26:14,370 [omNode-1@group-0AAC5367B30E-LeaderElection63] INFO  server.RaftServerConfigKeys (ConfUtils.java:logGet(46)) - raft.server.watch.timeout = 10s (default)
2022-09-12 01:26:14,370 [omNode-1@group-0AAC5367B30E-LeaderElection63] INFO  server.RaftServerConfigKeys (ConfUtils.java:logGet(46)) - raft.server.watch.timeout.denomination = 1s (default)
2022-09-12 01:26:14,370 [omNode-1@group-0AAC5367B30E-LeaderElection63] INFO  server.RaftServerConfigKeys (ConfUtils.java:logGet(46)) - raft.server.watch.element-limit = 65536 (default)
2022-09-12 01:26:14,370 [omNode-1@group-0AAC5367B30E-LeaderElection63] INFO  server.RaftServerConfigKeys (ConfUtils.java:logGet(46)) - raft.server.write.element-limit = 4096 (default)
2022-09-12 01:26:14,370 [omNode-1@group-0AAC5367B30E-LeaderElection63] INFO  server.RaftServerConfigKeys (ConfUtils.java:logGet(46)) - raft.server.write.follower.gap.ratio.max = -1.0 (default)
2022-09-12 01:26:14,375 [omNode-2@group-0AAC5367B30E-FollowerState] INFO  impl.FollowerState (FollowerState.java:run(152)) - omNode-2@group-0AAC5367B30E-FollowerState was interrupted
2022-09-12 01:26:14,389 [omNode-1@group-0AAC5367B30E-LeaderElection63] INFO  server.RaftServerConfigKeys (ConfUtils.java:logGet(46)) - raft.server.log.appender.snapshot.chunk.size.max = 16MB (=16777216) (default)
2022-09-12 01:26:14,389 [omNode-1@group-0AAC5367B30E-LeaderElection63] INFO  server.RaftServerConfigKeys (ConfUtils.java:logGet(46)) - raft.server.log.appender.buffer.byte-limit = 33554432 (custom)
2022-09-12 01:26:14,389 [omNode-1@group-0AAC5367B30E-LeaderElection63] INFO  server.RaftServerConfigKeys (ConfUtils.java:logGet(46)) - raft.server.log.appender.buffer.element-limit = 1024 (custom)
2022-09-12 01:26:14,389 [omNode-1@group-0AAC5367B30E-LeaderElection63] INFO  grpc.GrpcConfigKeys (ConfUtils.java:logGet(46)) - raft.grpc.server.leader.outstanding.appends.max = 128 (default)
2022-09-12 01:26:14,389 [omNode-1@group-0AAC5367B30E-LeaderElection63] INFO  server.RaftServerConfigKeys (ConfUtils.java:logGet(46)) - raft.server.rpc.request.timeout = 3000ms (default)
2022-09-12 01:26:14,389 [omNode-1@group-0AAC5367B30E-LeaderElection63] INFO  server.RaftServerConfigKeys (ConfUtils.java:logGet(46)) - raft.server.log.appender.install.snapshot.enabled = false (custom)
2022-09-12 01:26:14,390 [omNode-1@group-0AAC5367B30E-LeaderElection63] INFO  server.RaftServerConfigKeys (ConfUtils.java:logGet(46)) - raft.server.log.appender.snapshot.chunk.size.max = 16MB (=16777216) (default)
2022-09-12 01:26:14,390 [omNode-1@group-0AAC5367B30E-LeaderElection63] INFO  server.RaftServerConfigKeys (ConfUtils.java:logGet(46)) - raft.server.log.appender.buffer.byte-limit = 33554432 (custom)
2022-09-12 01:26:14,390 [omNode-1@group-0AAC5367B30E-LeaderElection63] INFO  server.RaftServerConfigKeys (ConfUtils.java:logGet(46)) - raft.server.log.appender.buffer.element-limit = 1024 (custom)
2022-09-12 01:26:14,390 [omNode-1@group-0AAC5367B30E-LeaderElection63] INFO  grpc.GrpcConfigKeys (ConfUtils.java:logGet(46)) - raft.grpc.server.leader.outstanding.appends.max = 128 (default)
2022-09-12 01:26:14,390 [omNode-1@group-0AAC5367B30E-LeaderElection63] INFO  server.RaftServerConfigKeys (ConfUtils.java:logGet(46)) - raft.server.rpc.request.timeout = 3000ms (default)
2022-09-12 01:26:14,390 [omNode-1@group-0AAC5367B30E-LeaderElection63] INFO  server.RaftServerConfigKeys (ConfUtils.java:logGet(46)) - raft.server.log.appender.install.snapshot.enabled = false (custom)
2022-09-12 01:26:14,390 [omNode-1@group-0AAC5367B30E-LeaderElection63] INFO  impl.RoleInfo (RoleInfo.java:updateAndGet(139)) - omNode-1: start omNode-1@group-0AAC5367B30E-LeaderStateImpl
2022-09-12 01:26:14,390 [omNode-1@group-0AAC5367B30E-LeaderElection63] INFO  segmented.SegmentedRaftLogWorker (SegmentedRaftLogWorker.java:startLogSegment(425)) - omNode-1@group-0AAC5367B30E-SegmentedRaftLogWorker: Starting segment from index:0
2022-09-12 01:26:14,408 [omNode-1@group-0AAC5367B30E-SegmentedRaftLogWorker] INFO  segmented.SegmentedRaftLogWorker (SegmentedRaftLogWorker.java:execute(629)) - omNode-1@group-0AAC5367B30E-SegmentedRaftLogWorker: created new log segment /home/runner/work/ozone/ozone/hadoop-ozone/integration-test/target/test-dir/MiniOzoneClusterImpl-a920e810-7507-4246-9d07-cfa876092e00/omNode-1/ratis/0718e334-ffa1-36bc-8e9a-0aac5367b30e/current/log_inprogress_0
2022-09-12 01:26:14,460 [omNode-1@group-0AAC5367B30E-LeaderElection63] INFO  server.RaftServer$Division (ServerState.java:setRaftConf(393)) - omNode-1@group-0AAC5367B30E: set configuration 0: [omNode-3|rpc:localhost:45541|admin:|client:|dataStream:|priority:0, omNode-1|rpc:localhost:37739|admin:|client:|dataStream:|priority:0, omNode-2|rpc:localhost:42799|admin:|client:|dataStream:|priority:0], old=null
2022-09-12 01:26:14,476 [omNode-1@group-0AAC5367B30E-StateMachineUpdater] INFO  ratis.OzoneManagerStateMachine (OzoneManagerStateMachine.java:notifyConfigurationChanged(192)) - Received Configuration change notification from Ratis. New Peer list:
[id: "omNode-3"
address: "localhost:45541"
, id: "omNode-1"
address: "localhost:37739"
, id: "omNode-2"
address: "localhost:42799"
]
2022-09-12 01:26:14,509 [omNode-2-server-thread1] INFO  server.RaftServer$Division (ServerState.java:setLeader(287)) - omNode-2@group-0AAC5367B30E: change Leader from null to omNode-1 at term 2 for appendEntries, leader elected after 1851ms
2022-09-12 01:26:14,528 [omNode-2-server-thread1] INFO  server.RaftServer$Division (ServerState.java:setRaftConf(393)) - omNode-2@group-0AAC5367B30E: set configuration 0: [omNode-3|rpc:localhost:45541|admin:|client:|dataStream:|priority:0, omNode-1|rpc:localhost:37739|admin:|client:|dataStream:|priority:0, omNode-2|rpc:localhost:42799|admin:|client:|dataStream:|priority:0], old=null
2022-09-12 01:26:14,529 [omNode-2-server-thread1] INFO  segmented.SegmentedRaftLogWorker (SegmentedRaftLogWorker.java:startLogSegment(425)) - omNode-2@group-0AAC5367B30E-SegmentedRaftLogWorker: Starting segment from index:0
2022-09-12 01:26:14,540 [omNode-2@group-0AAC5367B30E-SegmentedRaftLogWorker] INFO  segmented.SegmentedRaftLogWorker (SegmentedRaftLogWorker.java:execute(629)) - omNode-2@group-0AAC5367B30E-SegmentedRaftLogWorker: created new log segment /home/runner/work/ozone/ozone/hadoop-ozone/integration-test/target/test-dir/MiniOzoneClusterImpl-a920e810-7507-4246-9d07-cfa876092e00/omNode-2/ratis/0718e334-ffa1-36bc-8e9a-0aac5367b30e/current/log_inprogress_0
2022-09-12 01:26:14,549 [omNode-2@group-0AAC5367B30E-StateMachineUpdater] INFO  ratis.OzoneManagerStateMachine (OzoneManagerStateMachine.java:notifyConfigurationChanged(192)) - Received Configuration change notification from Ratis. New Peer list:
[id: "omNode-3"
address: "localhost:45541"
, id: "omNode-1"
address: "localhost:37739"
, id: "omNode-2"
address: "localhost:42799"
]
2022-09-12 01:26:14,650 [Listener at 127.0.0.1/44487] INFO  reflections.Reflections (Reflections.java:scan(232)) - Reflections took 306 ms to scan 2 urls, producing 153 keys and 427 values [using 2 cores]
2022-09-12 01:26:14,650 [Listener at 127.0.0.1/44487] INFO  upgrade.OMLayoutVersionManager (OMLayoutVersionManager.java:lambda$0(115)) - Skipping Upgrade Action MockOmUpgradeAction since it has been finalized.
2022-09-12 01:26:14,651 [Listener at 127.0.0.1/44487] WARN  server.ServerUtils (ServerUtils.java:getDBPath(225)) - ozone.om.db.dirs is not configured. We recommend adding this setting. Falling back to ozone.metadata.dirs instead.
2022-09-12 01:26:14,651 [Listener at 127.0.0.1/44487] INFO  ha.SCMNodeInfo (SCMNodeInfo.java:getPort(197)) - ConfigKey ozone.scm.client.address is deprecated, For configuring different ports for each SCM use PortConfigKey ozone.scm.client.port appended with serviceId and nodeId
2022-09-12 01:26:14,651 [Listener at 127.0.0.1/44487] INFO  ha.SCMNodeInfo (SCMNodeInfo.java:getPort(197)) - ConfigKey ozone.scm.block.client.address is deprecated, For configuring different ports for each SCM use PortConfigKey ozone.scm.block.client.port appended with serviceId and nodeId
2022-09-12 01:26:14,651 [Listener at 127.0.0.1/44487] INFO  ha.SCMNodeInfo (SCMNodeInfo.java:getPort(197)) - ConfigKey ozone.scm.datanode.address is deprecated, For configuring different ports for each SCM use PortConfigKey ozone.scm.datanode.port appended with serviceId and nodeId
2022-09-12 01:26:14,651 [Listener at 127.0.0.1/44487] INFO  ha.SCMNodeInfo (SCMNodeInfo.java:getPort(197)) - ConfigKey ozone.scm.client.address is deprecated, For configuring different ports for each SCM use PortConfigKey ozone.scm.client.port appended with serviceId and nodeId
2022-09-12 01:26:14,651 [Listener at 127.0.0.1/44487] INFO  ha.SCMNodeInfo (SCMNodeInfo.java:getPort(197)) - ConfigKey ozone.scm.block.client.address is deprecated, For configuring different ports for each SCM use PortConfigKey ozone.scm.block.client.port appended with serviceId and nodeId
2022-09-12 01:26:14,652 [Listener at 127.0.0.1/44487] INFO  ha.SCMNodeInfo (SCMNodeInfo.java:getPort(197)) - ConfigKey ozone.scm.datanode.address is deprecated, For configuring different ports for each SCM use PortConfigKey ozone.scm.datanode.port appended with serviceId and nodeId
2022-09-12 01:26:14,652 [Listener at 127.0.0.1/44487] INFO  proxy.SCMBlockLocationFailoverProxyProvider (SCMBlockLocationFailoverProxyProvider.java:<init>(114)) - Created block location fail-over proxy with 1 nodes: [nodeId=scmNode-1,nodeAddress=/127.0.0.1:33243]
2022-09-12 01:26:14,653 [Listener at 127.0.0.1/44487] INFO  ha.SCMNodeInfo (SCMNodeInfo.java:getPort(197)) - ConfigKey ozone.scm.client.address is deprecated, For configuring different ports for each SCM use PortConfigKey ozone.scm.client.port appended with serviceId and nodeId
2022-09-12 01:26:14,653 [Listener at 127.0.0.1/44487] INFO  ha.SCMNodeInfo (SCMNodeInfo.java:getPort(197)) - ConfigKey ozone.scm.block.client.address is deprecated, For configuring different ports for each SCM use PortConfigKey ozone.scm.block.client.port appended with serviceId and nodeId
2022-09-12 01:26:14,653 [Listener at 127.0.0.1/44487] INFO  ha.SCMNodeInfo (SCMNodeInfo.java:getPort(197)) - ConfigKey ozone.scm.datanode.address is deprecated, For configuring different ports for each SCM use PortConfigKey ozone.scm.datanode.port appended with serviceId and nodeId
2022-09-12 01:26:14,653 [Listener at 127.0.0.1/44487] INFO  proxy.SCMBlockLocationFailoverProxyProvider (SCMBlockLocationFailoverProxyProvider.java:<init>(114)) - Created block location fail-over proxy with 1 nodes: [nodeId=scmNode-1,nodeAddress=/127.0.0.1:33243]
2022-09-12 01:26:14,698 [Listener at 127.0.0.1/44487] WARN  server.ServerUtils (ServerUtils.java:getDBPath(225)) - ozone.om.db.dirs is not configured. We recommend adding this setting. Falling back to ozone.metadata.dirs instead.
2022-09-12 01:26:14,699 [Listener at 127.0.0.1/44487] INFO  codec.OmKeyInfoCodec (OmKeyInfoCodec.java:<init>(49)) - OmKeyInfoCodec ignorePipeline = true
2022-09-12 01:26:14,699 [Listener at 127.0.0.1/44487] INFO  codec.RepeatedOmKeyInfoCodec (RepeatedOmKeyInfoCodec.java:<init>(41)) - RepeatedOmKeyInfoCodec ignorePipeline = true
2022-09-12 01:26:14,840 [EndpointStateMachine task thread for /127.0.0.1:40693 - 0 ] INFO  ipc.Client (Client.java:handleConnectionFailure(977)) - Retrying connect to server: localhost/127.0.0.1:40693. Already tried 4 time(s); retry policy is RetryUpToMaximumCountWithFixedSleep(maxRetries=15, sleepTime=1000 MILLISECONDS)
2022-09-12 01:26:15,081 [Listener at 127.0.0.1/44487] INFO  om.OzoneManager (OzoneManager.java:instantiateServices(707)) - S3 Multi-Tenancy is disabled
2022-09-12 01:26:15,082 [Listener at 127.0.0.1/44487] INFO  om.OzoneManager (OzoneManager.java:addS3GVolumeToDB(4298)) - Created Volume s3v With Owner runner required for S3Gateway operations.
2022-09-12 01:26:15,082 [Listener at 127.0.0.1/44487] WARN  server.ServerUtils (ServerUtils.java:getDefaultRatisDirectory(237)) - Storage directory for Ratis is not configured. It is a good idea to map this to an SSD disk. Falling back to ozone.metadata.dirs
2022-09-12 01:26:15,082 [Listener at 127.0.0.1/44487] WARN  utils.OzoneManagerRatisUtils (OzoneManagerRatisUtils.java:getOMRatisSnapshotDirectory(434)) - ozone.om.ratis.snapshot.dir is not configured. Falling back to ozone.metadata.dirs config
2022-09-12 01:26:15,082 [Listener at 127.0.0.1/44487] INFO  snapshot.OzoneManagerSnapshotProvider (OzoneManagerSnapshotProvider.java:<init>(76)) - Initializing OM Snapshot Provider
2022-09-12 01:26:15,084 [EndpointStateMachine task thread for /127.0.0.1:46755 - 0 ] INFO  ipc.Client (Client.java:handleConnectionFailure(977)) - Retrying connect to server: localhost/127.0.0.1:46755. Already tried 9 time(s); retry policy is RetryUpToMaximumCountWithFixedSleep(maxRetries=15, sleepTime=1000 MILLISECONDS)
2022-09-12 01:26:15,097 [Listener at 127.0.0.1/44487] WARN  impl.MetricRegistriesImpl (MetricRegistriesImpl.java:addReporterRegistration(111)) - New reporters are added after registries were created. Some metrics will be missing from the reporter. Please add reporter before adding any new registry.
2022-09-12 01:26:15,097 [Listener at 127.0.0.1/44487] WARN  impl.MetricRegistriesImpl (MetricRegistriesImpl.java:addReporterRegistration(111)) - New reporters are added after registries were created. Some metrics will be missing from the reporter. Please add reporter before adding any new registry.
2022-09-12 01:26:15,097 [Listener at 127.0.0.1/44487] WARN  server.ServerUtils (ServerUtils.java:getDefaultRatisDirectory(237)) - Storage directory for Ratis is not configured. It is a good idea to map this to an SSD disk. Falling back to ozone.metadata.dirs
2022-09-12 01:26:15,098 [Listener at 127.0.0.1/44487] INFO  ratis.OzoneManagerRatisServer (OzoneManagerRatisServer.java:<init>(159)) - Instantiating OM Ratis server with groupID: om-add-remove and peers: localhost:45541, localhost:37739, localhost:42799
2022-09-12 01:26:15,098 [Listener at 127.0.0.1/44487] INFO  ratis.OzoneManagerStateMachine (OzoneManagerStateMachine.java:loadSnapshotInfoFromDB(632)) - LastAppliedIndex is set from TransactionInfo from OM DB as (t:0, i:~)
2022-09-12 01:26:15,108 [Listener at 127.0.0.1/44487] INFO  server.RaftServer (ConfUtils.java:logGet(46)) - raft.rpc.type = GRPC (default)
2022-09-12 01:26:15,108 [Listener at 127.0.0.1/44487] INFO  grpc.GrpcFactory (GrpcFactory.java:checkPooledByteBufAllocatorUseCacheForAllThreads(48)) - PERFORMANCE WARNING: useCacheForAllThreads is true that may cause Netty to create a lot garbage objects and, as a result, trigger GC.
	It is recommended to disable useCacheForAllThreads by setting -Dorg.apache.ratis.thirdparty.io.netty.allocator.useCacheForAllThreads=false in command line.
2022-09-12 01:26:15,109 [Listener at 127.0.0.1/44487] INFO  grpc.GrpcConfigKeys (ConfUtils.java:logGet(46)) - raft.grpc.admin.port = -1 (default)
2022-09-12 01:26:15,109 [Listener at 127.0.0.1/44487] INFO  grpc.GrpcConfigKeys (ConfUtils.java:logGet(46)) - raft.grpc.server.port = 45541 (custom)
2022-09-12 01:26:15,109 [Listener at 127.0.0.1/44487] INFO  grpc.GrpcConfigKeys (ConfUtils.java:logGet(46)) - raft.grpc.client.port = -1 (default)
2022-09-12 01:26:15,109 [Listener at 127.0.0.1/44487] INFO  grpc.GrpcConfigKeys (ConfUtils.java:logGet(46)) - raft.grpc.server.port = 45541 (custom)
2022-09-12 01:26:15,117 [Listener at 127.0.0.1/44487] INFO  grpc.GrpcConfigKeys (ConfUtils.java:logGet(46)) - raft.grpc.server.port = 45541 (custom)
2022-09-12 01:26:15,117 [Listener at 127.0.0.1/44487] INFO  server.GrpcService (ConfUtils.java:logGet(46)) - raft.grpc.message.size.max = 33554432 (custom)
2022-09-12 01:26:15,117 [Listener at 127.0.0.1/44487] INFO  server.RaftServerConfigKeys (ConfUtils.java:logGet(46)) - raft.server.log.appender.buffer.byte-limit = 33554432 (custom)
2022-09-12 01:26:15,117 [Listener at 127.0.0.1/44487] INFO  server.GrpcService (ConfUtils.java:logGet(46)) - raft.grpc.flow.control.window = 1MB (=1048576) (default)
2022-09-12 01:26:15,118 [Listener at 127.0.0.1/44487] INFO  server.RaftServerConfigKeys (ConfUtils.java:logGet(46)) - raft.server.rpc.request.timeout = 3000ms (default)
2022-09-12 01:26:15,118 [Listener at 127.0.0.1/44487] INFO  grpc.GrpcConfigKeys (ConfUtils.java:logGet(46)) - raft.grpc.server.async.request.thread.pool.cached = true (default)
2022-09-12 01:26:15,118 [Listener at 127.0.0.1/44487] INFO  grpc.GrpcConfigKeys (ConfUtils.java:logGet(46)) - raft.grpc.server.async.request.thread.pool.size = 32 (default)
2022-09-12 01:26:15,119 [Listener at 127.0.0.1/44487] INFO  impl.DataStreamServerImpl (ConfUtils.java:logGet(46)) - raft.datastream.type = DISABLED (default)
2022-09-12 01:26:15,119 [Listener at 127.0.0.1/44487] INFO  server.RaftServerConfigKeys (ConfUtils.java:logGet(46)) - raft.server.threadpool.proxy.cached = true (default)
2022-09-12 01:26:15,119 [Listener at 127.0.0.1/44487] INFO  server.RaftServerConfigKeys (ConfUtils.java:logGet(46)) - raft.server.threadpool.proxy.size = 0 (default)
2022-09-12 01:26:15,119 [Listener at 127.0.0.1/44487] INFO  server.RaftServerConfigKeys (ConfUtils.java:logGet(46)) - raft.server.rpc.slowness.timeout = 2s (custom)
2022-09-12 01:26:15,119 [Listener at 127.0.0.1/44487] INFO  server.RaftServerConfigKeys (ConfUtils.java:logGet(46)) - raft.server.leaderelection.leader.step-down.wait-time = 10s (default)
2022-09-12 01:26:15,119 [Listener at 127.0.0.1/44487] INFO  server.RaftServerConfigKeys (ConfUtils.java:logGet(46)) - raft.server.storage.dir = [/home/runner/work/ozone/ozone/hadoop-ozone/integration-test/target/test-dir/MiniOzoneClusterImpl-a920e810-7507-4246-9d07-cfa876092e00/omNode-3/ratis] (custom)
2022-09-12 01:26:15,176 [Listener at 127.0.0.1/44487] INFO  server.RaftServer (RaftServerProxy.java:addNew(96)) - omNode-3: addNew group-0AAC5367B30E:[omNode-3|rpc:localhost:45541|priority:0, omNode-1|rpc:localhost:37739|priority:0, omNode-2|rpc:localhost:42799|priority:0] returns group-0AAC5367B30E:java.util.concurrent.CompletableFuture@70e61ecb[Not completed]
2022-09-12 01:26:15,177 [Listener at 127.0.0.1/44487] INFO  om.OzoneManager (OzoneManager.java:initializeRatisServer(1973)) - OzoneManager Ratis server initialized at port 45541
2022-09-12 01:26:15,177 [Listener at 127.0.0.1/44487] INFO  om.OzoneManager (OzoneManager.java:getRpcServer(1096)) - Creating RPC Server
2022-09-12 01:26:15,179 [pool-569-thread-1] INFO  server.RaftServer$Division (RaftServerImpl.java:<init>(190)) - omNode-3: new RaftServerImpl for group-0AAC5367B30E:[omNode-3|rpc:localhost:45541|priority:0, omNode-1|rpc:localhost:37739|priority:0, omNode-2|rpc:localhost:42799|priority:0] with OzoneManagerStateMachine:uninitialized
2022-09-12 01:26:15,180 [pool-569-thread-1] INFO  server.RaftServerConfigKeys (ConfUtils.java:logGet(46)) - raft.server.rpc.timeout.min = 1s (custom)
2022-09-12 01:26:15,180 [pool-569-thread-1] INFO  server.RaftServerConfigKeys (ConfUtils.java:logGet(46)) - raft.server.rpc.timeout.max = 1200ms (custom)
2022-09-12 01:26:15,180 [pool-569-thread-1] INFO  server.RaftServerConfigKeys (ConfUtils.java:logGet(46)) - raft.server.rpc.sleep.time = 25ms (default)
2022-09-12 01:26:15,180 [pool-569-thread-1] INFO  server.RaftServerConfigKeys (ConfUtils.java:logGet(46)) - raft.server.rpc.slowness.timeout = 2s (custom)
2022-09-12 01:26:15,180 [pool-569-thread-1] INFO  server.RaftServerConfigKeys (ConfUtils.java:logGet(46)) - raft.server.leaderelection.leader.step-down.wait-time = 10s (default)
2022-09-12 01:26:15,180 [pool-569-thread-1] INFO  server.RaftServerConfigKeys (ConfUtils.java:logGet(46)) - raft.server.sleep.deviation.threshold = 300ms (default)
2022-09-12 01:26:15,180 [pool-569-thread-1] INFO  server.RaftServer$Division (ServerState.java:<init>(107)) - omNode-3@group-0AAC5367B30E: ConfigurationManager, init=-1: [omNode-3|rpc:localhost:45541|priority:0, omNode-1|rpc:localhost:37739|priority:0, omNode-2|rpc:localhost:42799|priority:0], old=null, confs=<EMPTY_MAP>
2022-09-12 01:26:15,180 [pool-569-thread-1] INFO  server.RaftServerConfigKeys (ConfUtils.java:logGet(46)) - raft.server.storage.dir = [/home/runner/work/ozone/ozone/hadoop-ozone/integration-test/target/test-dir/MiniOzoneClusterImpl-a920e810-7507-4246-9d07-cfa876092e00/omNode-3/ratis] (custom)
2022-09-12 01:26:15,180 [pool-569-thread-1] INFO  server.RaftServerConfigKeys (ConfUtils.java:logGet(46)) - raft.server.log.corruption.policy = EXCEPTION (default)
2022-09-12 01:26:15,180 [pool-569-thread-1] INFO  server.RaftServerConfigKeys (ConfUtils.java:logGet(46)) - raft.server.storage.free-space.min = 0MB (=0) (default)
2022-09-12 01:26:15,180 [pool-569-thread-1] INFO  storage.RaftStorageDirectory (RaftStorageDirectoryImpl.java:analyzeStorage(135)) - The storage directory /home/runner/work/ozone/ozone/hadoop-ozone/integration-test/target/test-dir/MiniOzoneClusterImpl-a920e810-7507-4246-9d07-cfa876092e00/omNode-3/ratis/0718e334-ffa1-36bc-8e9a-0aac5367b30e does not exist. Creating ...
2022-09-12 01:26:15,188 [pool-569-thread-1] INFO  storage.RaftStorageDirectory (RaftStorageDirectoryImpl.java:tryLock(230)) - Lock on /home/runner/work/ozone/ozone/hadoop-ozone/integration-test/target/test-dir/MiniOzoneClusterImpl-a920e810-7507-4246-9d07-cfa876092e00/omNode-3/ratis/0718e334-ffa1-36bc-8e9a-0aac5367b30e/in_use.lock acquired by nodename 51693@fv-az167-317
2022-09-12 01:26:15,193 [pool-569-thread-1] INFO  storage.RaftStorage (RaftStorageImpl.java:format(89)) - Storage directory /home/runner/work/ozone/ozone/hadoop-ozone/integration-test/target/test-dir/MiniOzoneClusterImpl-a920e810-7507-4246-9d07-cfa876092e00/omNode-3/ratis/0718e334-ffa1-36bc-8e9a-0aac5367b30e has been successfully formatted.
2022-09-12 01:26:15,193 [pool-569-thread-1] INFO  server.RaftServerConfigKeys (ConfUtils.java:logGet(46)) - raft.server.notification.no-leader.timeout = 2s (custom)
2022-09-12 01:26:15,193 [pool-569-thread-1] INFO  server.RaftServerConfigKeys (ConfUtils.java:logGet(46)) - raft.server.log.use.memory = false (default)
2022-09-12 01:26:15,193 [pool-569-thread-1] INFO  server.RaftServerConfigKeys (ConfUtils.java:logGet(46)) - raft.server.log.purge.gap = 1000000 (custom)
2022-09-12 01:26:15,193 [pool-569-thread-1] INFO  server.RaftServerConfigKeys (ConfUtils.java:logGet(46)) - raft.server.log.appender.buffer.byte-limit = 33554432 (custom)
2022-09-12 01:26:15,193 [pool-569-thread-1] INFO  server.RaftServerConfigKeys (ConfUtils.java:logGet(46)) - raft.server.log.statemachine.data.read.timeout = 1000ms (default)
2022-09-12 01:26:15,193 [pool-569-thread-1] INFO  server.RaftServerConfigKeys (ConfUtils.java:logGet(46)) - raft.server.log.segment.size.max = 4194304 (custom)
2022-09-12 01:26:15,194 [pool-569-thread-1] INFO  server.RaftServerConfigKeys (ConfUtils.java:logGet(46)) - raft.server.log.segment.cache.num.max = 2 (custom)
2022-09-12 01:26:15,194 [pool-569-thread-1] INFO  server.RaftServerConfigKeys (ConfUtils.java:logGet(46)) - raft.server.log.segment.cache.size.max = 200MB (=209715200) (default)
2022-09-12 01:26:15,194 [pool-569-thread-1] INFO  segmented.SegmentedRaftLogWorker (SegmentedRaftLogWorker.java:<init>(187)) - new omNode-3@group-0AAC5367B30E-SegmentedRaftLogWorker for RaftStorageImpl:Storage Directory /home/runner/work/ozone/ozone/hadoop-ozone/integration-test/target/test-dir/MiniOzoneClusterImpl-a920e810-7507-4246-9d07-cfa876092e00/omNode-3/ratis/0718e334-ffa1-36bc-8e9a-0aac5367b30e
2022-09-12 01:26:15,194 [pool-569-thread-1] INFO  server.RaftServerConfigKeys (ConfUtils.java:logGet(46)) - raft.server.log.queue.byte-limit = 64MB (=67108864) (default)
2022-09-12 01:26:15,194 [pool-569-thread-1] INFO  server.RaftServerConfigKeys (ConfUtils.java:logGet(46)) - raft.server.log.queue.element-limit = 4096 (default)
2022-09-12 01:26:15,194 [pool-569-thread-1] INFO  server.RaftServerConfigKeys (ConfUtils.java:logGet(46)) - raft.server.log.segment.size.max = 4194304 (custom)
2022-09-12 01:26:15,194 [pool-569-thread-1] INFO  server.RaftServerConfigKeys (ConfUtils.java:logGet(46)) - raft.server.log.preallocated.size = 4194304 (custom)
2022-09-12 01:26:15,194 [pool-569-thread-1] INFO  server.RaftServerConfigKeys (ConfUtils.java:logGet(46)) - raft.server.log.force.sync.num = 128 (default)
2022-09-12 01:26:15,194 [pool-569-thread-1] INFO  server.RaftServerConfigKeys (ConfUtils.java:logGet(46)) - raft.server.log.statemachine.data.sync = true (default)
2022-09-12 01:26:15,194 [pool-569-thread-1] INFO  server.RaftServerConfigKeys (ConfUtils.java:logGet(46)) - raft.server.log.statemachine.data.sync.timeout = 10s (default)
2022-09-12 01:26:15,194 [pool-569-thread-1] INFO  server.RaftServerConfigKeys (ConfUtils.java:logGet(46)) - raft.server.log.statemachine.data.sync.timeout.retry = -1 (default)
2022-09-12 01:26:15,208 [pool-569-thread-1] INFO  server.RaftServerConfigKeys (ConfUtils.java:logGet(46)) - raft.server.log.write.buffer.size = 64KB (=65536) (default)
2022-09-12 01:26:15,208 [pool-569-thread-1] INFO  server.RaftServerConfigKeys (ConfUtils.java:logGet(46)) - raft.server.log.unsafe-flush.enabled = false (default)
2022-09-12 01:26:15,208 [pool-569-thread-1] INFO  server.RaftServerConfigKeys (ConfUtils.java:logGet(46)) - raft.server.log.statemachine.data.caching.enabled = false (default)
2022-09-12 01:26:15,208 [pool-569-thread-1] INFO  segmented.SegmentedRaftLogWorker (SegmentedRaftLogWorker.java:lambda$new$0(135)) - omNode-3@group-0AAC5367B30E-SegmentedRaftLogWorker: flushIndex: setUnconditionally 0 -> -1
2022-09-12 01:26:15,208 [pool-569-thread-1] INFO  segmented.SegmentedRaftLogWorker (SegmentedRaftLogWorker.java:lambda$new$0(135)) - omNode-3@group-0AAC5367B30E-SegmentedRaftLogWorker: safeCacheEvictIndex: setUnconditionally 0 -> -1
2022-09-12 01:26:15,209 [pool-569-thread-1] INFO  server.RaftServerConfigKeys (ConfUtils.java:logGet(46)) - raft.server.snapshot.auto.trigger.enabled = true (custom)
2022-09-12 01:26:15,209 [pool-569-thread-1] INFO  server.RaftServerConfigKeys (ConfUtils.java:logGet(46)) - raft.server.snapshot.auto.trigger.threshold = 400000 (default)
2022-09-12 01:26:15,209 [pool-569-thread-1] INFO  server.RaftServerConfigKeys (ConfUtils.java:logGet(46)) - raft.server.snapshot.retention.file.num = -1 (default)
2022-09-12 01:26:15,209 [pool-569-thread-1] INFO  server.RaftServerConfigKeys (ConfUtils.java:logGet(46)) - raft.server.log.purge.upto.snapshot.index = true (custom)
2022-09-12 01:26:15,209 [pool-569-thread-1] INFO  server.RaftServerConfigKeys (ConfUtils.java:logGet(46)) - raft.server.retrycache.expirytime = 300s (custom)
2022-09-12 01:26:15,209 [pool-569-thread-1] INFO  server.RaftServerConfigKeys (ConfUtils.java:logGet(46)) - raft.server.retrycache.statistics.expirytime = 100μs (default)
2022-09-12 01:26:15,210 [pool-569-thread-1] INFO  server.RaftServerConfigKeys (ConfUtils.java:logGet(46)) - raft.server.log.appender.install.snapshot.enabled = false (custom)
2022-09-12 01:26:15,210 [pool-569-thread-1] INFO  server.RaftServerConfigKeys (ConfUtils.java:logGet(46)) - raft.server.threadpool.server.cached = true (default)
2022-09-12 01:26:15,210 [pool-569-thread-1] INFO  server.RaftServerConfigKeys (ConfUtils.java:logGet(46)) - raft.server.threadpool.server.size = 0 (default)
2022-09-12 01:26:15,210 [pool-569-thread-1] INFO  server.RaftServerConfigKeys (ConfUtils.java:logGet(46)) - raft.server.threadpool.client.cached = true (default)
2022-09-12 01:26:15,210 [pool-569-thread-1] INFO  server.RaftServerConfigKeys (ConfUtils.java:logGet(46)) - raft.server.threadpool.client.size = 0 (default)
2022-09-12 01:26:15,841 [EndpointStateMachine task thread for /127.0.0.1:40693 - 0 ] INFO  ipc.Client (Client.java:handleConnectionFailure(977)) - Retrying connect to server: localhost/127.0.0.1:40693. Already tried 5 time(s); retry policy is RetryUpToMaximumCountWithFixedSleep(maxRetries=15, sleepTime=1000 MILLISECONDS)
2022-09-12 01:26:16,084 [EndpointStateMachine task thread for /127.0.0.1:46755 - 0 ] INFO  ipc.Client (Client.java:handleConnectionFailure(977)) - Retrying connect to server: localhost/127.0.0.1:46755. Already tried 10 time(s); retry policy is RetryUpToMaximumCountWithFixedSleep(maxRetries=15, sleepTime=1000 MILLISECONDS)
2022-09-12 01:26:16,484 [Listener at 127.0.0.1/44487] INFO  reflections.Reflections (Reflections.java:scan(232)) - Reflections took 1306 ms to scan 19 urls, producing 67 keys and 4171 values [using 2 cores]
2022-09-12 01:26:16,485 [Listener at 127.0.0.1/44487] INFO  ipc.CallQueueManager (CallQueueManager.java:<init>(90)) - Using callQueue: class java.util.concurrent.LinkedBlockingQueue, queueCapacity: 2000, scheduler: class org.apache.hadoop.ipc.DefaultRpcScheduler, ipcBackoff: false.
2022-09-12 01:26:16,486 [Socket Reader #1 for port 34977] INFO  ipc.Server (Server.java:run(1265)) - Starting Socket Reader #1 for port 34977
2022-09-12 01:26:16,567 [Listener at 127.0.0.1/34977] INFO  impl.MetricsSystemImpl (MetricsSystemImpl.java:init(158)) - OzoneManager metrics system started (again)
2022-09-12 01:26:16,625 [Listener at 127.0.0.1/34977] INFO  om.OzoneManager (OzoneManager.java:start(1480)) - OzoneManager RPC server is listening at localhost/127.0.0.1:34977
2022-09-12 01:26:16,625 [Listener at 127.0.0.1/34977] INFO  ratis.OzoneManagerRatisServer (OzoneManagerRatisServer.java:start(554)) - Starting OzoneManagerRatisServer omNode-3 at port 45541
2022-09-12 01:26:16,627 [omNode-3-impl-thread1] INFO  server.RaftServer$Division (RaftServerImpl.java:start(310)) - omNode-3@group-0AAC5367B30E: start as a follower, conf=-1: [omNode-3|rpc:localhost:45541|priority:0, omNode-1|rpc:localhost:37739|priority:0, omNode-2|rpc:localhost:42799|priority:0], old=null
2022-09-12 01:26:16,627 [omNode-3-impl-thread1] INFO  server.RaftServer$Division (RaftServerImpl.java:setRole(299)) - omNode-3@group-0AAC5367B30E: changes role from      null to FOLLOWER at term 0 for startAsFollower
2022-09-12 01:26:16,627 [omNode-3-impl-thread1] INFO  impl.RoleInfo (RoleInfo.java:updateAndGet(139)) - omNode-3: start omNode-3@group-0AAC5367B30E-FollowerState
2022-09-12 01:26:16,636 [omNode-3-impl-thread1] INFO  util.JmxRegister (JmxRegister.java:tryRegister(44)) - Successfully registered JMX Bean with object name Ratis:service=RaftServer,group=group-0AAC5367B30E,id=omNode-3
2022-09-12 01:26:16,644 [Listener at 127.0.0.1/34977] INFO  server.RaftServer (RaftServerProxy.java:lambda$start$6(382)) - omNode-3: start RPC server
2022-09-12 01:26:16,652 [Listener at 127.0.0.1/34977] INFO  server.GrpcService (GrpcService.java:startImpl(260)) - omNode-3: GrpcService started, listening on 45541
2022-09-12 01:26:16,652 [Listener at 127.0.0.1/34977] INFO  om.OzoneManager (OzoneManager.java:start(1496)) - Version File has different layout version (3) than OM DB (null). That is expected if this OM has never been finalized to a newer layout version.
2022-09-12 01:26:16,653 [org.apache.ratis.util.JvmPauseMonitor$$Lambda$605/1445225850@1addcf78] INFO  util.JvmPauseMonitor (JvmPauseMonitor.java:run(103)) - JvmPauseMonitor-omNode-3: Started
2022-09-12 01:26:16,661 [Listener at 127.0.0.1/34977] INFO  http.BaseHttpServer (BaseHttpServer.java:newHttpServer2BuilderForOzone(213)) - Starting Web-server for ozoneManager at: http://0.0.0.0:40693
2022-09-12 01:26:16,661 [Listener at 127.0.0.1/34977] INFO  http.BaseHttpServer (BaseHttpServer.java:<init>(108)) - Hadoop Security Enabled: false Ozone Security Enabled: false Ozone HTTP Security Enabled: false 
2022-09-12 01:26:16,662 [Listener at 127.0.0.1/34977] INFO  server.AuthenticationFilter (AuthenticationFilter.java:constructSecretProvider(240)) - Unable to initialize FileSignerSecretProvider, falling back to use random secrets.
2022-09-12 01:26:16,662 [Listener at 127.0.0.1/34977] WARN  http.HttpRequestLog (HttpRequestLog.java:getRequestLog(103)) - Jetty request log can only be enabled using Log4j
2022-09-12 01:26:16,663 [Listener at 127.0.0.1/34977] INFO  http.HttpServer2 (HttpServer2.java:addGlobalFilter(1029)) - Added global filter 'safety' (class=org.apache.hadoop.hdds.server.http.HttpServer2$QuotingInputFilter)
2022-09-12 01:26:16,664 [Listener at 127.0.0.1/34977] INFO  http.HttpServer2 (HttpServer2.java:addFilter(1005)) - Added filter static_user_filter (class=org.apache.hadoop.http.lib.StaticUserWebFilter$StaticUserFilter) to context ozoneManager
2022-09-12 01:26:16,664 [Listener at 127.0.0.1/34977] INFO  http.HttpServer2 (HttpServer2.java:addFilter(1013)) - Added filter static_user_filter (class=org.apache.hadoop.http.lib.StaticUserWebFilter$StaticUserFilter) to context logs
2022-09-12 01:26:16,664 [Listener at 127.0.0.1/34977] INFO  http.HttpServer2 (HttpServer2.java:addFilter(1013)) - Added filter static_user_filter (class=org.apache.hadoop.http.lib.StaticUserWebFilter$StaticUserFilter) to context static
2022-09-12 01:26:16,664 [Listener at 127.0.0.1/34977] INFO  http.HttpServer2 (HttpServer2.java:bindListener(1248)) - Jetty bound to port 40693
2022-09-12 01:26:16,665 [Listener at 127.0.0.1/34977] INFO  server.Server (Server.java:doStart(375)) - jetty-9.4.43.v20210629; built: 2021-06-30T11:07:22.254Z; git: 526006ecfa3af7f1a27ef3a288e2bef7ea9dd7e8; jvm 1.8.0_345-b01
2022-09-12 01:26:16,666 [Listener at 127.0.0.1/34977] INFO  server.session (DefaultSessionIdManager.java:doStart(334)) - DefaultSessionIdManager workerName=node0
2022-09-12 01:26:16,666 [Listener at 127.0.0.1/34977] INFO  server.session (DefaultSessionIdManager.java:doStart(339)) - No SessionScavenger set, using defaults
2022-09-12 01:26:16,666 [Listener at 127.0.0.1/34977] INFO  server.session (HouseKeeper.java:startScavenging(132)) - node0 Scavenging every 660000ms
2022-09-12 01:26:16,667 [Listener at 127.0.0.1/34977] INFO  handler.ContextHandler (ContextHandler.java:doStart(915)) - Started o.e.j.s.ServletContextHandler@2e8fdec5{logs,/logs,file:///home/runner/work/ozone/ozone/hadoop-ozone/integration-test/target/log,AVAILABLE}
2022-09-12 01:26:16,667 [Listener at 127.0.0.1/34977] INFO  handler.ContextHandler (ContextHandler.java:doStart(915)) - Started o.e.j.s.ServletContextHandler@5c12dac9{static,/static,file:///home/runner/work/ozone/ozone/hadoop-ozone/integration-test/target/test-classes/webapps/static,AVAILABLE}
2022-09-12 01:26:16,670 [Listener at 127.0.0.1/34977] INFO  handler.ContextHandler (ContextHandler.java:doStart(915)) - Started o.e.j.w.WebAppContext@30e4bea9{ozoneManager,/,file:///home/runner/work/ozone/ozone/hadoop-ozone/integration-test/target/test-classes/webapps/ozoneManager/,AVAILABLE}{file:/home/runner/work/ozone/ozone/hadoop-ozone/integration-test/target/test-classes/webapps/ozoneManager}
2022-09-12 01:26:16,683 [Listener at 127.0.0.1/34977] INFO  server.AbstractConnector (AbstractConnector.java:doStart(331)) - Started ServerConnector@48d14084{HTTP/1.1, (http/1.1)}{0.0.0.0:40693}
2022-09-12 01:26:16,683 [Listener at 127.0.0.1/34977] INFO  server.Server (Server.java:doStart(415)) - Started @197392ms
2022-09-12 01:26:16,683 [Listener at 127.0.0.1/34977] WARN  impl.MetricsSystemImpl (MetricsSystemImpl.java:register(279)) - Sink prometheus already exists!
2022-09-12 01:26:16,684 [Listener at 127.0.0.1/34977] INFO  http.BaseHttpServer (BaseHttpServer.java:updateConnectorAddress(333)) - HTTP server of ozoneManager listening at http://0.0.0.0:40693
2022-09-12 01:26:16,703 [IPC Server Responder] INFO  ipc.Server (Server.java:run(1507)) - IPC Server Responder: starting
2022-09-12 01:26:16,703 [IPC Server listener on 34977] INFO  ipc.Server (Server.java:run(1344)) - IPC Server listener on 34977: starting
2022-09-12 01:26:16,782 [Listener at 127.0.0.1/34977] INFO  om.OzoneManager (OzoneManager.java:startTrashEmptier(1917)) - Trash Interval set to 0. Files deleted won't move to trash
2022-09-12 01:26:16,800 [Listener at 127.0.0.1/34977] INFO  ozone.MiniOzoneHAClusterImpl (MiniOzoneHAClusterImpl.java:createOMService(527)) - Started OzoneManager omNode-3 RPC server at localhost/127.0.0.1:34977
2022-09-12 01:26:16,848 [EndpointStateMachine task thread for /127.0.0.1:40693 - 0 ] INFO  ipc.Client (Client.java:handleConnectionFailure(977)) - Retrying connect to server: localhost/127.0.0.1:40693. Already tried 6 time(s); retry policy is RetryUpToMaximumCountWithFixedSleep(maxRetries=15, sleepTime=1000 MILLISECONDS)
2022-09-12 01:26:16,849 [org.apache.hadoop.util.JvmPauseMonitor$Monitor@3ad300bc] INFO  util.JvmPauseMonitor (JvmPauseMonitor.java:run(188)) - Starting JVM pause monitor
2022-09-12 01:26:16,861 [Listener at 127.0.0.1/34977] WARN  impl.MetricRegistriesImpl (MetricRegistriesImpl.java:addReporterRegistration(111)) - New reporters are added after registries were created. Some metrics will be missing from the reporter. Please add reporter before adding any new registry.
2022-09-12 01:26:16,861 [Listener at 127.0.0.1/34977] WARN  impl.MetricRegistriesImpl (MetricRegistriesImpl.java:addReporterRegistration(111)) - New reporters are added after registries were created. Some metrics will be missing from the reporter. Please add reporter before adding any new registry.
2022-09-12 01:26:16,861 [Listener at 127.0.0.1/34977] INFO  impl.MetricsSystemImpl (MetricsSystemImpl.java:init(158)) - HddsDatanode metrics system started (again)
2022-09-12 01:26:16,919 [Listener at 127.0.0.1/34977] INFO  ozone.HddsDatanodeService (HddsDatanodeService.java:start(236)) - HddsDatanodeService host:fv-az167-317.21ktoceh2wee5fewwtpg1zd01g.bx.internal.cloudapp.net ip:10.1.0.12
2022-09-12 01:26:16,976 [Listener at 127.0.0.1/34977] INFO  upgrade.AbstractLayoutVersionManager (AbstractLayoutVersionManager.java:init(83)) - Initializing Layout version manager with metadata layout = DATANODE_SCHEMA_V3 (version = 4), software layout = DATANODE_SCHEMA_V3 (version = 4)
2022-09-12 01:26:17,065 [omNode-3-server-thread1] INFO  server.RaftServer$Division (ServerState.java:setLeader(287)) - omNode-3@group-0AAC5367B30E: change Leader from null to omNode-1 at term 2 for appendEntries, leader elected after 1871ms
2022-09-12 01:26:17,065 [omNode-3-server-thread1] INFO  server.RaftServer$Division (RaftServerImpl.java:checkInconsistentAppendEntries(1424)) - omNode-3@group-0AAC5367B30E: Failed appendEntries as previous log entry ((t:2, i:0)) is not found
2022-09-12 01:26:17,065 [omNode-3-server-thread1] INFO  server.RaftServer$Division (RaftServerImpl.java:checkInconsistentAppendEntries(1394)) - omNode-3@group-0AAC5367B30E: inconsistency entries. Reply:omNode-1<-omNode-3#465130:FAIL-t0,INCONSISTENCY,nextIndex=0,followerCommit=-1
2022-09-12 01:26:17,085 [EndpointStateMachine task thread for /127.0.0.1:46755 - 0 ] INFO  ipc.Client (Client.java:handleConnectionFailure(977)) - Retrying connect to server: localhost/127.0.0.1:46755. Already tried 11 time(s); retry policy is RetryUpToMaximumCountWithFixedSleep(maxRetries=15, sleepTime=1000 MILLISECONDS)
2022-09-12 01:26:17,089 [omNode-3-server-thread2] INFO  server.RaftServer$Division (ServerState.java:setRaftConf(393)) - omNode-3@group-0AAC5367B30E: set configuration 0: [omNode-3|rpc:localhost:45541|admin:|client:|dataStream:|priority:0, omNode-1|rpc:localhost:37739|admin:|client:|dataStream:|priority:0, omNode-2|rpc:localhost:42799|admin:|client:|dataStream:|priority:0], old=null
2022-09-12 01:26:17,089 [omNode-3-server-thread2] INFO  segmented.SegmentedRaftLogWorker (SegmentedRaftLogWorker.java:startLogSegment(425)) - omNode-3@group-0AAC5367B30E-SegmentedRaftLogWorker: Starting segment from index:0
2022-09-12 01:26:17,108 [omNode-3@group-0AAC5367B30E-SegmentedRaftLogWorker] INFO  segmented.SegmentedRaftLogWorker (SegmentedRaftLogWorker.java:execute(629)) - omNode-3@group-0AAC5367B30E-SegmentedRaftLogWorker: created new log segment /home/runner/work/ozone/ozone/hadoop-ozone/integration-test/target/test-dir/MiniOzoneClusterImpl-a920e810-7507-4246-9d07-cfa876092e00/omNode-3/ratis/0718e334-ffa1-36bc-8e9a-0aac5367b30e/current/log_inprogress_0
2022-09-12 01:26:17,153 [omNode-3@group-0AAC5367B30E-StateMachineUpdater] INFO  ratis.OzoneManagerStateMachine (OzoneManagerStateMachine.java:notifyConfigurationChanged(192)) - Received Configuration change notification from Ratis. New Peer list:
[id: "omNode-3"
address: "localhost:45541"
, id: "omNode-1"
address: "localhost:37739"
, id: "omNode-2"
address: "localhost:42799"
]
2022-09-12 01:26:17,168 [Listener at 127.0.0.1/34977] INFO  reflections.Reflections (Reflections.java:scan(232)) - Reflections took 175 ms to scan 7 urls, producing 135 keys and 327 values 
2022-09-12 01:26:17,169 [Listener at 127.0.0.1/34977] INFO  ha.SCMNodeInfo (SCMNodeInfo.java:getPort(197)) - ConfigKey ozone.scm.client.address is deprecated, For configuring different ports for each SCM use PortConfigKey ozone.scm.client.port appended with serviceId and nodeId
2022-09-12 01:26:17,169 [Listener at 127.0.0.1/34977] INFO  ha.SCMNodeInfo (SCMNodeInfo.java:getPort(197)) - ConfigKey ozone.scm.block.client.address is deprecated, For configuring different ports for each SCM use PortConfigKey ozone.scm.block.client.port appended with serviceId and nodeId
2022-09-12 01:26:17,170 [Listener at 127.0.0.1/34977] INFO  ha.SCMNodeInfo (SCMNodeInfo.java:getPort(197)) - ConfigKey ozone.scm.datanode.address is deprecated, For configuring different ports for each SCM use PortConfigKey ozone.scm.datanode.port appended with serviceId and nodeId
2022-09-12 01:26:17,170 [Listener at 127.0.0.1/34977] INFO  statemachine.DatanodeStateMachine (DatanodeStateMachine.java:getEndPointTaskThreadPoolSize(237)) - Datanode State Machine Task Thread Pool size 2
2022-09-12 01:26:17,223 [Listener at 127.0.0.1/34977] INFO  volume.HddsVolume (HddsVolume.java:<init>(117)) - Creating HddsVolume: /home/runner/work/ozone/ozone/hadoop-ozone/integration-test/target/test-dir/MiniOzoneClusterImpl-a920e810-7507-4246-9d07-cfa876092e00/datanode-0/data-0/containers/hdds of storage type : DISK capacity : 9223372036854775807
2022-09-12 01:26:17,223 [Listener at 127.0.0.1/34977] INFO  volume.MutableVolumeSet (MutableVolumeSet.java:initializeVolumeSet(174)) - Added Volume : /home/runner/work/ozone/ozone/hadoop-ozone/integration-test/target/test-dir/MiniOzoneClusterImpl-a920e810-7507-4246-9d07-cfa876092e00/datanode-0/data-0/containers/hdds to VolumeSet
2022-09-12 01:26:17,223 [Listener at 127.0.0.1/34977] INFO  volume.ThrottledAsyncChecker (ThrottledAsyncChecker.java:schedule(141)) - Scheduling a check for /home/runner/work/ozone/ozone/hadoop-ozone/integration-test/target/test-dir/MiniOzoneClusterImpl-a920e810-7507-4246-9d07-cfa876092e00/datanode-0/data-0/containers/hdds
2022-09-12 01:26:17,235 [Listener at 127.0.0.1/34977] INFO  volume.StorageVolumeChecker (StorageVolumeChecker.java:checkAllVolumes(202)) - Scheduled health check for volume /home/runner/work/ozone/ozone/hadoop-ozone/integration-test/target/test-dir/MiniOzoneClusterImpl-a920e810-7507-4246-9d07-cfa876092e00/datanode-0/data-0/containers/hdds
2022-09-12 01:26:17,287 [Listener at 127.0.0.1/34977] INFO  volume.MutableVolumeSet (MutableVolumeSet.java:initializeVolumeSet(174)) - Added Volume : /home/runner/work/ozone/ozone/hadoop-ozone/integration-test/target/test-dir/MiniOzoneClusterImpl-a920e810-7507-4246-9d07-cfa876092e00/datanode-0/data/ratis to VolumeSet
2022-09-12 01:26:17,287 [Listener at 127.0.0.1/34977] INFO  volume.ThrottledAsyncChecker (ThrottledAsyncChecker.java:schedule(141)) - Scheduling a check for /home/runner/work/ozone/ozone/hadoop-ozone/integration-test/target/test-dir/MiniOzoneClusterImpl-a920e810-7507-4246-9d07-cfa876092e00/datanode-0/data/ratis
2022-09-12 01:26:17,305 [Listener at 127.0.0.1/34977] INFO  volume.StorageVolumeChecker (StorageVolumeChecker.java:checkAllVolumes(202)) - Scheduled health check for volume /home/runner/work/ozone/ozone/hadoop-ozone/integration-test/target/test-dir/MiniOzoneClusterImpl-a920e810-7507-4246-9d07-cfa876092e00/datanode-0/data/ratis
2022-09-12 01:26:17,385 [Thread-2248] INFO  ozoneimpl.ContainerReader (ContainerReader.java:readVolume(175)) - Finish verifying containers on volume /home/runner/work/ozone/ozone/hadoop-ozone/integration-test/target/test-dir/MiniOzoneClusterImpl-a920e810-7507-4246-9d07-cfa876092e00/datanode-0/data-0/containers/hdds
2022-09-12 01:26:17,385 [Listener at 127.0.0.1/34977] INFO  ozoneimpl.OzoneContainer (OzoneContainer.java:buildContainerSet(300)) - Build ContainerSet costs 0s
2022-09-12 01:26:17,387 [Listener at 127.0.0.1/34977] INFO  server.RaftServer (ConfUtils.java:logGet(46)) - raft.rpc.type = GRPC (default)
2022-09-12 01:26:17,404 [Listener at 127.0.0.1/34977] INFO  grpc.GrpcFactory (GrpcFactory.java:checkPooledByteBufAllocatorUseCacheForAllThreads(48)) - PERFORMANCE WARNING: useCacheForAllThreads is true that may cause Netty to create a lot garbage objects and, as a result, trigger GC.
	It is recommended to disable useCacheForAllThreads by setting -Dorg.apache.ratis.thirdparty.io.netty.allocator.useCacheForAllThreads=false in command line.
2022-09-12 01:26:17,405 [Listener at 127.0.0.1/34977] INFO  grpc.GrpcConfigKeys (ConfUtils.java:logGet(46)) - raft.grpc.admin.port = 0 (custom)
2022-09-12 01:26:17,405 [Listener at 127.0.0.1/34977] INFO  grpc.GrpcConfigKeys (ConfUtils.java:logGet(46)) - raft.grpc.client.port = 0 (custom)
2022-09-12 01:26:17,405 [Listener at 127.0.0.1/34977] INFO  grpc.GrpcConfigKeys (ConfUtils.java:logGet(46)) - raft.grpc.server.port = 0 (default)
2022-09-12 01:26:17,405 [Listener at 127.0.0.1/34977] INFO  server.GrpcService (ConfUtils.java:logGet(46)) - raft.grpc.message.size.max = 32MB (=33554432) (custom)
2022-09-12 01:26:17,405 [Listener at 127.0.0.1/34977] INFO  server.RaftServerConfigKeys (ConfUtils.java:logGet(46)) - raft.server.log.appender.buffer.byte-limit = 33554432 (custom)
2022-09-12 01:26:17,405 [Listener at 127.0.0.1/34977] INFO  server.GrpcService (ConfUtils.java:logGet(46)) - raft.grpc.flow.control.window = 5MB (=5242880) (custom)
2022-09-12 01:26:17,405 [Listener at 127.0.0.1/34977] INFO  server.RaftServerConfigKeys (ConfUtils.java:logGet(46)) - raft.server.rpc.request.timeout = 60s (custom)
2022-09-12 01:26:17,405 [Listener at 127.0.0.1/34977] INFO  grpc.GrpcConfigKeys (ConfUtils.java:logGet(46)) - raft.grpc.server.async.request.thread.pool.cached = true (default)
2022-09-12 01:26:17,405 [Listener at 127.0.0.1/34977] INFO  grpc.GrpcConfigKeys (ConfUtils.java:logGet(46)) - raft.grpc.server.async.request.thread.pool.size = 32 (default)
2022-09-12 01:26:17,407 [EndpointStateMachine task thread for /127.0.0.1:40693 - 0 ] WARN  statemachine.EndpointStateMachine (EndpointStateMachine.java:logIfNeeded(241)) - Unable to communicate to SCM server at localhost:40693 for past 10 seconds.
org.apache.hadoop.ipc.RpcException: RPC response exceeds maximum data length
	at org.apache.hadoop.ipc.Client$IpcStreams.readResponse(Client.java:1906)
	at org.apache.hadoop.ipc.Client$Connection.receiveRpcResponse(Client.java:1202)
	at org.apache.hadoop.ipc.Client$Connection.run(Client.java:1098)
2022-09-12 01:26:17,424 [Listener at 127.0.0.1/34977] INFO  impl.DataStreamServerImpl (ConfUtils.java:logGet(46)) - raft.datastream.type = DISABLED (default)
2022-09-12 01:26:17,425 [Listener at 127.0.0.1/34977] INFO  server.RaftServerConfigKeys (ConfUtils.java:logGet(46)) - raft.server.threadpool.proxy.cached = true (default)
2022-09-12 01:26:17,425 [Listener at 127.0.0.1/34977] INFO  server.RaftServerConfigKeys (ConfUtils.java:logGet(46)) - raft.server.threadpool.proxy.size = 0 (default)
2022-09-12 01:26:17,425 [Listener at 127.0.0.1/34977] INFO  server.RaftServerConfigKeys (ConfUtils.java:logGet(46)) - raft.server.rpc.slowness.timeout = 300s (custom)
2022-09-12 01:26:17,425 [Listener at 127.0.0.1/34977] INFO  server.RaftServerConfigKeys (ConfUtils.java:logGet(46)) - raft.server.leaderelection.leader.step-down.wait-time = 10s (default)
2022-09-12 01:26:17,425 [Listener at 127.0.0.1/34977] INFO  server.RaftServerConfigKeys (ConfUtils.java:logGet(46)) - raft.server.storage.dir = [/home/runner/work/ozone/ozone/hadoop-ozone/integration-test/target/test-dir/MiniOzoneClusterImpl-a920e810-7507-4246-9d07-cfa876092e00/datanode-0/data/ratis] (custom)
2022-09-12 01:26:17,434 [Listener at 127.0.0.1/34977] INFO  server.XceiverServerGrpc (XceiverServerGrpc.java:<init>(132)) - GrpcServer channel type EpollServerSocketChannel
2022-09-12 01:26:17,438 [Listener at 127.0.0.1/34977] INFO  http.BaseHttpServer (BaseHttpServer.java:newHttpServer2BuilderForOzone(213)) - Starting Web-server for hddsDatanode at: http://0.0.0.0:0
2022-09-12 01:26:17,438 [Listener at 127.0.0.1/34977] INFO  http.BaseHttpServer (BaseHttpServer.java:<init>(108)) - Hadoop Security Enabled: false Ozone Security Enabled: false Ozone HTTP Security Enabled: false 
2022-09-12 01:26:17,461 [Listener at 127.0.0.1/34977] INFO  server.AuthenticationFilter (AuthenticationFilter.java:constructSecretProvider(240)) - Unable to initialize FileSignerSecretProvider, falling back to use random secrets.
2022-09-12 01:26:17,472 [Listener at 127.0.0.1/34977] WARN  http.HttpRequestLog (HttpRequestLog.java:getRequestLog(103)) - Jetty request log can only be enabled using Log4j
2022-09-12 01:26:17,474 [Listener at 127.0.0.1/34977] INFO  http.HttpServer2 (HttpServer2.java:addGlobalFilter(1029)) - Added global filter 'safety' (class=org.apache.hadoop.hdds.server.http.HttpServer2$QuotingInputFilter)
2022-09-12 01:26:17,474 [Listener at 127.0.0.1/34977] INFO  http.HttpServer2 (HttpServer2.java:addFilter(1005)) - Added filter static_user_filter (class=org.apache.hadoop.http.lib.StaticUserWebFilter$StaticUserFilter) to context hddsDatanode
2022-09-12 01:26:17,474 [Listener at 127.0.0.1/34977] INFO  http.HttpServer2 (HttpServer2.java:addFilter(1013)) - Added filter static_user_filter (class=org.apache.hadoop.http.lib.StaticUserWebFilter$StaticUserFilter) to context static
2022-09-12 01:26:17,474 [Listener at 127.0.0.1/34977] INFO  http.HttpServer2 (HttpServer2.java:addFilter(1013)) - Added filter static_user_filter (class=org.apache.hadoop.http.lib.StaticUserWebFilter$StaticUserFilter) to context logs
2022-09-12 01:26:17,475 [Listener at 127.0.0.1/34977] INFO  http.HttpServer2 (HttpServer2.java:bindListener(1248)) - Jetty bound to port 43885
2022-09-12 01:26:17,475 [Listener at 127.0.0.1/34977] INFO  server.Server (Server.java:doStart(375)) - jetty-9.4.43.v20210629; built: 2021-06-30T11:07:22.254Z; git: 526006ecfa3af7f1a27ef3a288e2bef7ea9dd7e8; jvm 1.8.0_345-b01
2022-09-12 01:26:17,476 [Listener at 127.0.0.1/34977] INFO  server.session (DefaultSessionIdManager.java:doStart(334)) - DefaultSessionIdManager workerName=node0
2022-09-12 01:26:17,476 [Listener at 127.0.0.1/34977] INFO  server.session (DefaultSessionIdManager.java:doStart(339)) - No SessionScavenger set, using defaults
2022-09-12 01:26:17,484 [Listener at 127.0.0.1/34977] INFO  server.session (HouseKeeper.java:startScavenging(132)) - node0 Scavenging every 660000ms
2022-09-12 01:26:17,495 [Listener at 127.0.0.1/34977] INFO  handler.ContextHandler (ContextHandler.java:doStart(915)) - Started o.e.j.s.ServletContextHandler@51c60fe2{logs,/logs,file:///home/runner/work/ozone/ozone/hadoop-ozone/integration-test/target/log,AVAILABLE}
2022-09-12 01:26:17,496 [Listener at 127.0.0.1/34977] INFO  handler.ContextHandler (ContextHandler.java:doStart(915)) - Started o.e.j.s.ServletContextHandler@6f30a9c0{static,/static,jar:file:/home/runner/.m2/repository/org/apache/ozone/hdds-container-service/1.3.0-SNAPSHOT/hdds-container-service-1.3.0-SNAPSHOT.jar!/webapps/static,AVAILABLE}
2022-09-12 01:26:18,004 [Listener at 127.0.0.1/34977] INFO  handler.ContextHandler (ContextHandler.java:doStart(915)) - Started o.e.j.w.WebAppContext@2207b69c{hddsDatanode,/,file:///tmp/jetty-0_0_0_0-43885-hdds-container-service-1_3_0-SNAPSHOT_jar-_-any-8108592553847190558/webapp/,AVAILABLE}{jar:file:/home/runner/.m2/repository/org/apache/ozone/hdds-container-service/1.3.0-SNAPSHOT/hdds-container-service-1.3.0-SNAPSHOT.jar!/webapps/hddsDatanode}
2022-09-12 01:26:18,042 [Listener at 127.0.0.1/34977] INFO  server.AbstractConnector (AbstractConnector.java:doStart(331)) - Started ServerConnector@7e61ac31{HTTP/1.1, (http/1.1)}{0.0.0.0:43885}
2022-09-12 01:26:18,042 [Listener at 127.0.0.1/34977] INFO  server.Server (Server.java:doStart(415)) - Started @198752ms
2022-09-12 01:26:18,042 [Listener at 127.0.0.1/34977] WARN  impl.MetricsSystemImpl (MetricsSystemImpl.java:register(279)) - Sink prometheus already exists!
2022-09-12 01:26:18,043 [Listener at 127.0.0.1/34977] INFO  http.BaseHttpServer (BaseHttpServer.java:updateConnectorAddress(333)) - HTTP server of hddsDatanode listening at http://0.0.0.0:43885
2022-09-12 01:26:18,052 [Listener at 127.0.0.1/34977] WARN  impl.MetricRegistriesImpl (MetricRegistriesImpl.java:addReporterRegistration(111)) - New reporters are added after registries were created. Some metrics will be missing from the reporter. Please add reporter before adding any new registry.
2022-09-12 01:26:18,053 [Listener at 127.0.0.1/34977] WARN  impl.MetricRegistriesImpl (MetricRegistriesImpl.java:addReporterRegistration(111)) - New reporters are added after registries were created. Some metrics will be missing from the reporter. Please add reporter before adding any new registry.
2022-09-12 01:26:18,053 [Listener at 127.0.0.1/34977] INFO  impl.MetricsSystemImpl (MetricsSystemImpl.java:init(158)) - HddsDatanode metrics system started (again)
2022-09-12 01:26:18,053 [Datanode State Machine Daemon Thread] INFO  statemachine.DatanodeStateMachine (DatanodeStateMachine.java:lambda$startDaemon$0(492)) - Ozone container server started.
2022-09-12 01:26:18,085 [EndpointStateMachine task thread for /127.0.0.1:46755 - 0 ] INFO  ipc.Client (Client.java:handleConnectionFailure(977)) - Retrying connect to server: localhost/127.0.0.1:46755. Already tried 12 time(s); retry policy is RetryUpToMaximumCountWithFixedSleep(maxRetries=15, sleepTime=1000 MILLISECONDS)
2022-09-12 01:26:18,089 [Listener at 127.0.0.1/34977] INFO  ozone.HddsDatanodeService (HddsDatanodeService.java:start(236)) - HddsDatanodeService host:fv-az167-317.21ktoceh2wee5fewwtpg1zd01g.bx.internal.cloudapp.net ip:10.1.0.12
2022-09-12 01:26:18,097 [org.apache.hadoop.util.JvmPauseMonitor$Monitor@6ae6a89a] INFO  util.JvmPauseMonitor (JvmPauseMonitor.java:run(188)) - Starting JVM pause monitor
2022-09-12 01:26:18,097 [Datanode State Machine Task Thread - 0] INFO  ha.SCMNodeInfo (SCMNodeInfo.java:getPort(197)) - ConfigKey ozone.scm.client.address is deprecated, For configuring different ports for each SCM use PortConfigKey ozone.scm.client.port appended with serviceId and nodeId
2022-09-12 01:26:18,097 [Datanode State Machine Task Thread - 0] INFO  ha.SCMNodeInfo (SCMNodeInfo.java:getPort(197)) - ConfigKey ozone.scm.block.client.address is deprecated, For configuring different ports for each SCM use PortConfigKey ozone.scm.block.client.port appended with serviceId and nodeId
2022-09-12 01:26:18,097 [Datanode State Machine Task Thread - 0] INFO  ha.SCMNodeInfo (SCMNodeInfo.java:getPort(197)) - ConfigKey ozone.scm.datanode.address is deprecated, For configuring different ports for each SCM use PortConfigKey ozone.scm.datanode.port appended with serviceId and nodeId
2022-09-12 01:26:18,099 [Datanode State Machine Task Thread - 0] INFO  datanode.InitDatanodeState (InitDatanodeState.java:persistContainerDatanodeDetails(138)) - DatanodeDetails is persisted to /home/runner/work/ozone/ozone/hadoop-ozone/integration-test/target/test-dir/MiniOzoneClusterImpl-a920e810-7507-4246-9d07-cfa876092e00/datanode-0/meta/datanode.id
2022-09-12 01:26:18,106 [Listener at 127.0.0.1/34977] INFO  upgrade.AbstractLayoutVersionManager (AbstractLayoutVersionManager.java:init(83)) - Initializing Layout version manager with metadata layout = DATANODE_SCHEMA_V3 (version = 4), software layout = DATANODE_SCHEMA_V3 (version = 4)
2022-09-12 01:26:18,253 [Listener at 127.0.0.1/34977] INFO  reflections.Reflections (Reflections.java:scan(232)) - Reflections took 146 ms to scan 7 urls, producing 135 keys and 327 values 
2022-09-12 01:26:18,254 [Listener at 127.0.0.1/34977] INFO  ha.SCMNodeInfo (SCMNodeInfo.java:getPort(197)) - ConfigKey ozone.scm.client.address is deprecated, For configuring different ports for each SCM use PortConfigKey ozone.scm.client.port appended with serviceId and nodeId
2022-09-12 01:26:18,254 [Listener at 127.0.0.1/34977] INFO  ha.SCMNodeInfo (SCMNodeInfo.java:getPort(197)) - ConfigKey ozone.scm.block.client.address is deprecated, For configuring different ports for each SCM use PortConfigKey ozone.scm.block.client.port appended with serviceId and nodeId
2022-09-12 01:26:18,254 [Listener at 127.0.0.1/34977] INFO  ha.SCMNodeInfo (SCMNodeInfo.java:getPort(197)) - ConfigKey ozone.scm.datanode.address is deprecated, For configuring different ports for each SCM use PortConfigKey ozone.scm.datanode.port appended with serviceId and nodeId
2022-09-12 01:26:18,254 [Listener at 127.0.0.1/34977] INFO  statemachine.DatanodeStateMachine (DatanodeStateMachine.java:getEndPointTaskThreadPoolSize(237)) - Datanode State Machine Task Thread Pool size 2
2022-09-12 01:26:18,269 [Listener at 127.0.0.1/34977] INFO  volume.HddsVolume (HddsVolume.java:<init>(117)) - Creating HddsVolume: /home/runner/work/ozone/ozone/hadoop-ozone/integration-test/target/test-dir/MiniOzoneClusterImpl-a920e810-7507-4246-9d07-cfa876092e00/datanode-1/data-0/containers/hdds of storage type : DISK capacity : 9223372036854775807
2022-09-12 01:26:18,269 [Listener at 127.0.0.1/34977] INFO  volume.MutableVolumeSet (MutableVolumeSet.java:initializeVolumeSet(174)) - Added Volume : /home/runner/work/ozone/ozone/hadoop-ozone/integration-test/target/test-dir/MiniOzoneClusterImpl-a920e810-7507-4246-9d07-cfa876092e00/datanode-1/data-0/containers/hdds to VolumeSet
2022-09-12 01:26:18,269 [Listener at 127.0.0.1/34977] INFO  volume.ThrottledAsyncChecker (ThrottledAsyncChecker.java:schedule(141)) - Scheduling a check for /home/runner/work/ozone/ozone/hadoop-ozone/integration-test/target/test-dir/MiniOzoneClusterImpl-a920e810-7507-4246-9d07-cfa876092e00/datanode-1/data-0/containers/hdds
2022-09-12 01:26:18,300 [Listener at 127.0.0.1/34977] INFO  volume.StorageVolumeChecker (StorageVolumeChecker.java:checkAllVolumes(202)) - Scheduled health check for volume /home/runner/work/ozone/ozone/hadoop-ozone/integration-test/target/test-dir/MiniOzoneClusterImpl-a920e810-7507-4246-9d07-cfa876092e00/datanode-1/data-0/containers/hdds
2022-09-12 01:26:18,315 [Listener at 127.0.0.1/34977] INFO  volume.MutableVolumeSet (MutableVolumeSet.java:initializeVolumeSet(174)) - Added Volume : /home/runner/work/ozone/ozone/hadoop-ozone/integration-test/target/test-dir/MiniOzoneClusterImpl-a920e810-7507-4246-9d07-cfa876092e00/datanode-1/data/ratis to VolumeSet
2022-09-12 01:26:18,316 [Listener at 127.0.0.1/34977] INFO  volume.ThrottledAsyncChecker (ThrottledAsyncChecker.java:schedule(141)) - Scheduling a check for /home/runner/work/ozone/ozone/hadoop-ozone/integration-test/target/test-dir/MiniOzoneClusterImpl-a920e810-7507-4246-9d07-cfa876092e00/datanode-1/data/ratis
2022-09-12 01:26:18,316 [Listener at 127.0.0.1/34977] INFO  volume.StorageVolumeChecker (StorageVolumeChecker.java:checkAllVolumes(202)) - Scheduled health check for volume /home/runner/work/ozone/ozone/hadoop-ozone/integration-test/target/test-dir/MiniOzoneClusterImpl-a920e810-7507-4246-9d07-cfa876092e00/datanode-1/data/ratis
2022-09-12 01:26:18,380 [Thread-2267] INFO  ozoneimpl.ContainerReader (ContainerReader.java:readVolume(175)) - Finish verifying containers on volume /home/runner/work/ozone/ozone/hadoop-ozone/integration-test/target/test-dir/MiniOzoneClusterImpl-a920e810-7507-4246-9d07-cfa876092e00/datanode-1/data-0/containers/hdds
2022-09-12 01:26:18,384 [Listener at 127.0.0.1/34977] INFO  ozoneimpl.OzoneContainer (OzoneContainer.java:buildContainerSet(300)) - Build ContainerSet costs 0s
2022-09-12 01:26:18,386 [Listener at 127.0.0.1/34977] INFO  server.RaftServer (ConfUtils.java:logGet(46)) - raft.rpc.type = GRPC (default)
2022-09-12 01:26:18,386 [Listener at 127.0.0.1/34977] INFO  grpc.GrpcFactory (GrpcFactory.java:checkPooledByteBufAllocatorUseCacheForAllThreads(48)) - PERFORMANCE WARNING: useCacheForAllThreads is true that may cause Netty to create a lot garbage objects and, as a result, trigger GC.
	It is recommended to disable useCacheForAllThreads by setting -Dorg.apache.ratis.thirdparty.io.netty.allocator.useCacheForAllThreads=false in command line.
2022-09-12 01:26:18,386 [Listener at 127.0.0.1/34977] INFO  grpc.GrpcConfigKeys (ConfUtils.java:logGet(46)) - raft.grpc.admin.port = 0 (custom)
2022-09-12 01:26:18,386 [Listener at 127.0.0.1/34977] INFO  grpc.GrpcConfigKeys (ConfUtils.java:logGet(46)) - raft.grpc.client.port = 0 (custom)
2022-09-12 01:26:18,387 [Listener at 127.0.0.1/34977] INFO  grpc.GrpcConfigKeys (ConfUtils.java:logGet(46)) - raft.grpc.server.port = 0 (default)
2022-09-12 01:26:18,387 [Listener at 127.0.0.1/34977] INFO  server.GrpcService (ConfUtils.java:logGet(46)) - raft.grpc.message.size.max = 32MB (=33554432) (custom)
2022-09-12 01:26:18,387 [Listener at 127.0.0.1/34977] INFO  server.RaftServerConfigKeys (ConfUtils.java:logGet(46)) - raft.server.log.appender.buffer.byte-limit = 33554432 (custom)
2022-09-12 01:26:18,387 [Listener at 127.0.0.1/34977] INFO  server.GrpcService (ConfUtils.java:logGet(46)) - raft.grpc.flow.control.window = 5MB (=5242880) (custom)
2022-09-12 01:26:18,387 [Listener at 127.0.0.1/34977] INFO  server.RaftServerConfigKeys (ConfUtils.java:logGet(46)) - raft.server.rpc.request.timeout = 60s (custom)
2022-09-12 01:26:18,387 [Listener at 127.0.0.1/34977] INFO  grpc.GrpcConfigKeys (ConfUtils.java:logGet(46)) - raft.grpc.server.async.request.thread.pool.cached = true (default)
2022-09-12 01:26:18,387 [Listener at 127.0.0.1/34977] INFO  grpc.GrpcConfigKeys (ConfUtils.java:logGet(46)) - raft.grpc.server.async.request.thread.pool.size = 32 (default)
2022-09-12 01:26:18,388 [Listener at 127.0.0.1/34977] INFO  impl.DataStreamServerImpl (ConfUtils.java:logGet(46)) - raft.datastream.type = DISABLED (default)
2022-09-12 01:26:18,388 [Listener at 127.0.0.1/34977] INFO  server.RaftServerConfigKeys (ConfUtils.java:logGet(46)) - raft.server.threadpool.proxy.cached = true (default)
2022-09-12 01:26:18,388 [Listener at 127.0.0.1/34977] INFO  server.RaftServerConfigKeys (ConfUtils.java:logGet(46)) - raft.server.threadpool.proxy.size = 0 (default)
2022-09-12 01:26:18,389 [Listener at 127.0.0.1/34977] INFO  server.RaftServerConfigKeys (ConfUtils.java:logGet(46)) - raft.server.rpc.slowness.timeout = 300s (custom)
2022-09-12 01:26:18,389 [Listener at 127.0.0.1/34977] INFO  server.RaftServerConfigKeys (ConfUtils.java:logGet(46)) - raft.server.leaderelection.leader.step-down.wait-time = 10s (default)
2022-09-12 01:26:18,389 [Listener at 127.0.0.1/34977] INFO  server.RaftServerConfigKeys (ConfUtils.java:logGet(46)) - raft.server.storage.dir = [/home/runner/work/ozone/ozone/hadoop-ozone/integration-test/target/test-dir/MiniOzoneClusterImpl-a920e810-7507-4246-9d07-cfa876092e00/datanode-1/data/ratis] (custom)
2022-09-12 01:26:18,405 [Listener at 127.0.0.1/34977] INFO  server.XceiverServerGrpc (XceiverServerGrpc.java:<init>(132)) - GrpcServer channel type EpollServerSocketChannel
2022-09-12 01:26:18,413 [Listener at 127.0.0.1/34977] INFO  http.BaseHttpServer (BaseHttpServer.java:newHttpServer2BuilderForOzone(213)) - Starting Web-server for hddsDatanode at: http://0.0.0.0:0
2022-09-12 01:26:18,413 [Listener at 127.0.0.1/34977] INFO  http.BaseHttpServer (BaseHttpServer.java:<init>(108)) - Hadoop Security Enabled: false Ozone Security Enabled: false Ozone HTTP Security Enabled: false 
2022-09-12 01:26:18,414 [Listener at 127.0.0.1/34977] INFO  server.AuthenticationFilter (AuthenticationFilter.java:constructSecretProvider(240)) - Unable to initialize FileSignerSecretProvider, falling back to use random secrets.
2022-09-12 01:26:18,424 [Listener at 127.0.0.1/34977] WARN  http.HttpRequestLog (HttpRequestLog.java:getRequestLog(103)) - Jetty request log can only be enabled using Log4j
2022-09-12 01:26:18,425 [Listener at 127.0.0.1/34977] INFO  http.HttpServer2 (HttpServer2.java:addGlobalFilter(1029)) - Added global filter 'safety' (class=org.apache.hadoop.hdds.server.http.HttpServer2$QuotingInputFilter)
2022-09-12 01:26:18,426 [Listener at 127.0.0.1/34977] INFO  http.HttpServer2 (HttpServer2.java:addFilter(1005)) - Added filter static_user_filter (class=org.apache.hadoop.http.lib.StaticUserWebFilter$StaticUserFilter) to context hddsDatanode
2022-09-12 01:26:18,426 [Listener at 127.0.0.1/34977] INFO  http.HttpServer2 (HttpServer2.java:addFilter(1013)) - Added filter static_user_filter (class=org.apache.hadoop.http.lib.StaticUserWebFilter$StaticUserFilter) to context static
2022-09-12 01:26:18,426 [Listener at 127.0.0.1/34977] INFO  http.HttpServer2 (HttpServer2.java:addFilter(1013)) - Added filter static_user_filter (class=org.apache.hadoop.http.lib.StaticUserWebFilter$StaticUserFilter) to context logs
2022-09-12 01:26:18,426 [Listener at 127.0.0.1/34977] INFO  http.HttpServer2 (HttpServer2.java:bindListener(1248)) - Jetty bound to port 36727
2022-09-12 01:26:18,427 [Listener at 127.0.0.1/34977] INFO  server.Server (Server.java:doStart(375)) - jetty-9.4.43.v20210629; built: 2021-06-30T11:07:22.254Z; git: 526006ecfa3af7f1a27ef3a288e2bef7ea9dd7e8; jvm 1.8.0_345-b01
2022-09-12 01:26:18,485 [Listener at 127.0.0.1/34977] INFO  server.session (DefaultSessionIdManager.java:doStart(334)) - DefaultSessionIdManager workerName=node0
2022-09-12 01:26:18,485 [Listener at 127.0.0.1/34977] INFO  server.session (DefaultSessionIdManager.java:doStart(339)) - No SessionScavenger set, using defaults
2022-09-12 01:26:18,486 [Listener at 127.0.0.1/34977] INFO  server.session (HouseKeeper.java:startScavenging(132)) - node0 Scavenging every 660000ms
2022-09-12 01:26:18,498 [Listener at 127.0.0.1/34977] INFO  handler.ContextHandler (ContextHandler.java:doStart(915)) - Started o.e.j.s.ServletContextHandler@2eecd312{logs,/logs,file:///home/runner/work/ozone/ozone/hadoop-ozone/integration-test/target/log,AVAILABLE}
2022-09-12 01:26:18,498 [Listener at 127.0.0.1/34977] INFO  handler.ContextHandler (ContextHandler.java:doStart(915)) - Started o.e.j.s.ServletContextHandler@3898ee5b{static,/static,jar:file:/home/runner/.m2/repository/org/apache/ozone/hdds-container-service/1.3.0-SNAPSHOT/hdds-container-service-1.3.0-SNAPSHOT.jar!/webapps/static,AVAILABLE}
2022-09-12 01:26:18,934 [Listener at 127.0.0.1/34977] INFO  handler.ContextHandler (ContextHandler.java:doStart(915)) - Started o.e.j.w.WebAppContext@24fe2032{hddsDatanode,/,file:///tmp/jetty-0_0_0_0-36727-hdds-container-service-1_3_0-SNAPSHOT_jar-_-any-8327875203278933062/webapp/,AVAILABLE}{jar:file:/home/runner/.m2/repository/org/apache/ozone/hdds-container-service/1.3.0-SNAPSHOT/hdds-container-service-1.3.0-SNAPSHOT.jar!/webapps/hddsDatanode}
2022-09-12 01:26:18,936 [Listener at 127.0.0.1/34977] INFO  server.AbstractConnector (AbstractConnector.java:doStart(331)) - Started ServerConnector@3eedbc30{HTTP/1.1, (http/1.1)}{0.0.0.0:36727}
2022-09-12 01:26:18,936 [Listener at 127.0.0.1/34977] INFO  server.Server (Server.java:doStart(415)) - Started @199646ms
2022-09-12 01:26:18,936 [Listener at 127.0.0.1/34977] WARN  impl.MetricsSystemImpl (MetricsSystemImpl.java:register(279)) - Sink prometheus already exists!
2022-09-12 01:26:18,940 [Listener at 127.0.0.1/34977] INFO  http.BaseHttpServer (BaseHttpServer.java:updateConnectorAddress(333)) - HTTP server of hddsDatanode listening at http://0.0.0.0:36727
2022-09-12 01:26:18,964 [Listener at 127.0.0.1/34977] WARN  impl.MetricRegistriesImpl (MetricRegistriesImpl.java:addReporterRegistration(111)) - New reporters are added after registries were created. Some metrics will be missing from the reporter. Please add reporter before adding any new registry.
2022-09-12 01:26:18,965 [Listener at 127.0.0.1/34977] WARN  impl.MetricRegistriesImpl (MetricRegistriesImpl.java:addReporterRegistration(111)) - New reporters are added after registries were created. Some metrics will be missing from the reporter. Please add reporter before adding any new registry.
2022-09-12 01:26:18,965 [Listener at 127.0.0.1/34977] INFO  impl.MetricsSystemImpl (MetricsSystemImpl.java:init(158)) - HddsDatanode metrics system started (again)
2022-09-12 01:26:18,972 [Datanode State Machine Daemon Thread] INFO  statemachine.DatanodeStateMachine (DatanodeStateMachine.java:lambda$startDaemon$0(492)) - Ozone container server started.
2022-09-12 01:26:18,985 [Datanode State Machine Task Thread - 0] INFO  ha.SCMNodeInfo (SCMNodeInfo.java:getPort(197)) - ConfigKey ozone.scm.client.address is deprecated, For configuring different ports for each SCM use PortConfigKey ozone.scm.client.port appended with serviceId and nodeId
2022-09-12 01:26:18,985 [Datanode State Machine Task Thread - 0] INFO  ha.SCMNodeInfo (SCMNodeInfo.java:getPort(197)) - ConfigKey ozone.scm.block.client.address is deprecated, For configuring different ports for each SCM use PortConfigKey ozone.scm.block.client.port appended with serviceId and nodeId
2022-09-12 01:26:18,985 [Datanode State Machine Task Thread - 0] INFO  ha.SCMNodeInfo (SCMNodeInfo.java:getPort(197)) - ConfigKey ozone.scm.datanode.address is deprecated, For configuring different ports for each SCM use PortConfigKey ozone.scm.datanode.port appended with serviceId and nodeId
2022-09-12 01:26:18,991 [Datanode State Machine Task Thread - 0] INFO  datanode.InitDatanodeState (InitDatanodeState.java:persistContainerDatanodeDetails(138)) - DatanodeDetails is persisted to /home/runner/work/ozone/ozone/hadoop-ozone/integration-test/target/test-dir/MiniOzoneClusterImpl-a920e810-7507-4246-9d07-cfa876092e00/datanode-1/meta/datanode.id
2022-09-12 01:26:18,992 [org.apache.hadoop.util.JvmPauseMonitor$Monitor@6a7f80d] INFO  util.JvmPauseMonitor (JvmPauseMonitor.java:run(188)) - Starting JVM pause monitor
2022-09-12 01:26:19,028 [Listener at 127.0.0.1/34977] INFO  ozone.HddsDatanodeService (HddsDatanodeService.java:start(236)) - HddsDatanodeService host:fv-az167-317.21ktoceh2wee5fewwtpg1zd01g.bx.internal.cloudapp.net ip:10.1.0.12
2022-09-12 01:26:19,081 [Listener at 127.0.0.1/34977] INFO  upgrade.AbstractLayoutVersionManager (AbstractLayoutVersionManager.java:init(83)) - Initializing Layout version manager with metadata layout = DATANODE_SCHEMA_V3 (version = 4), software layout = DATANODE_SCHEMA_V3 (version = 4)
2022-09-12 01:26:19,086 [EndpointStateMachine task thread for /127.0.0.1:46755 - 0 ] INFO  ipc.Client (Client.java:handleConnectionFailure(977)) - Retrying connect to server: localhost/127.0.0.1:46755. Already tried 13 time(s); retry policy is RetryUpToMaximumCountWithFixedSleep(maxRetries=15, sleepTime=1000 MILLISECONDS)
2022-09-12 01:26:19,195 [Listener at 127.0.0.1/34977] INFO  reflections.Reflections (Reflections.java:scan(232)) - Reflections took 113 ms to scan 7 urls, producing 135 keys and 327 values 
2022-09-12 01:26:19,196 [Listener at 127.0.0.1/34977] INFO  ha.SCMNodeInfo (SCMNodeInfo.java:getPort(197)) - ConfigKey ozone.scm.client.address is deprecated, For configuring different ports for each SCM use PortConfigKey ozone.scm.client.port appended with serviceId and nodeId
2022-09-12 01:26:19,196 [Listener at 127.0.0.1/34977] INFO  ha.SCMNodeInfo (SCMNodeInfo.java:getPort(197)) - ConfigKey ozone.scm.block.client.address is deprecated, For configuring different ports for each SCM use PortConfigKey ozone.scm.block.client.port appended with serviceId and nodeId
2022-09-12 01:26:19,196 [Listener at 127.0.0.1/34977] INFO  ha.SCMNodeInfo (SCMNodeInfo.java:getPort(197)) - ConfigKey ozone.scm.datanode.address is deprecated, For configuring different ports for each SCM use PortConfigKey ozone.scm.datanode.port appended with serviceId and nodeId
2022-09-12 01:26:19,196 [Listener at 127.0.0.1/34977] INFO  statemachine.DatanodeStateMachine (DatanodeStateMachine.java:getEndPointTaskThreadPoolSize(237)) - Datanode State Machine Task Thread Pool size 2
2022-09-12 01:26:19,198 [Listener at 127.0.0.1/34977] INFO  volume.HddsVolume (HddsVolume.java:<init>(117)) - Creating HddsVolume: /home/runner/work/ozone/ozone/hadoop-ozone/integration-test/target/test-dir/MiniOzoneClusterImpl-a920e810-7507-4246-9d07-cfa876092e00/datanode-2/data-0/containers/hdds of storage type : DISK capacity : 9223372036854775807
2022-09-12 01:26:19,198 [Listener at 127.0.0.1/34977] INFO  volume.MutableVolumeSet (MutableVolumeSet.java:initializeVolumeSet(174)) - Added Volume : /home/runner/work/ozone/ozone/hadoop-ozone/integration-test/target/test-dir/MiniOzoneClusterImpl-a920e810-7507-4246-9d07-cfa876092e00/datanode-2/data-0/containers/hdds to VolumeSet
2022-09-12 01:26:19,198 [Listener at 127.0.0.1/34977] INFO  volume.ThrottledAsyncChecker (ThrottledAsyncChecker.java:schedule(141)) - Scheduling a check for /home/runner/work/ozone/ozone/hadoop-ozone/integration-test/target/test-dir/MiniOzoneClusterImpl-a920e810-7507-4246-9d07-cfa876092e00/datanode-2/data-0/containers/hdds
2022-09-12 01:26:19,198 [Listener at 127.0.0.1/34977] INFO  volume.StorageVolumeChecker (StorageVolumeChecker.java:checkAllVolumes(202)) - Scheduled health check for volume /home/runner/work/ozone/ozone/hadoop-ozone/integration-test/target/test-dir/MiniOzoneClusterImpl-a920e810-7507-4246-9d07-cfa876092e00/datanode-2/data-0/containers/hdds
2022-09-12 01:26:19,219 [Listener at 127.0.0.1/34977] INFO  volume.MutableVolumeSet (MutableVolumeSet.java:initializeVolumeSet(174)) - Added Volume : /home/runner/work/ozone/ozone/hadoop-ozone/integration-test/target/test-dir/MiniOzoneClusterImpl-a920e810-7507-4246-9d07-cfa876092e00/datanode-2/data/ratis to VolumeSet
2022-09-12 01:26:19,219 [Listener at 127.0.0.1/34977] INFO  volume.ThrottledAsyncChecker (ThrottledAsyncChecker.java:schedule(141)) - Scheduling a check for /home/runner/work/ozone/ozone/hadoop-ozone/integration-test/target/test-dir/MiniOzoneClusterImpl-a920e810-7507-4246-9d07-cfa876092e00/datanode-2/data/ratis
2022-09-12 01:26:19,242 [Listener at 127.0.0.1/34977] INFO  volume.StorageVolumeChecker (StorageVolumeChecker.java:checkAllVolumes(202)) - Scheduled health check for volume /home/runner/work/ozone/ozone/hadoop-ozone/integration-test/target/test-dir/MiniOzoneClusterImpl-a920e810-7507-4246-9d07-cfa876092e00/datanode-2/data/ratis
2022-09-12 01:26:19,304 [Thread-2284] INFO  ozoneimpl.ContainerReader (ContainerReader.java:readVolume(175)) - Finish verifying containers on volume /home/runner/work/ozone/ozone/hadoop-ozone/integration-test/target/test-dir/MiniOzoneClusterImpl-a920e810-7507-4246-9d07-cfa876092e00/datanode-2/data-0/containers/hdds
2022-09-12 01:26:19,305 [Listener at 127.0.0.1/34977] INFO  ozoneimpl.OzoneContainer (OzoneContainer.java:buildContainerSet(300)) - Build ContainerSet costs 0s
2022-09-12 01:26:19,306 [Listener at 127.0.0.1/34977] INFO  server.RaftServer (ConfUtils.java:logGet(46)) - raft.rpc.type = GRPC (default)
2022-09-12 01:26:19,307 [Listener at 127.0.0.1/34977] INFO  grpc.GrpcFactory (GrpcFactory.java:checkPooledByteBufAllocatorUseCacheForAllThreads(48)) - PERFORMANCE WARNING: useCacheForAllThreads is true that may cause Netty to create a lot garbage objects and, as a result, trigger GC.
	It is recommended to disable useCacheForAllThreads by setting -Dorg.apache.ratis.thirdparty.io.netty.allocator.useCacheForAllThreads=false in command line.
2022-09-12 01:26:19,307 [Listener at 127.0.0.1/34977] INFO  grpc.GrpcConfigKeys (ConfUtils.java:logGet(46)) - raft.grpc.admin.port = 0 (custom)
2022-09-12 01:26:19,307 [Listener at 127.0.0.1/34977] INFO  grpc.GrpcConfigKeys (ConfUtils.java:logGet(46)) - raft.grpc.client.port = 0 (custom)
2022-09-12 01:26:19,307 [Listener at 127.0.0.1/34977] INFO  grpc.GrpcConfigKeys (ConfUtils.java:logGet(46)) - raft.grpc.server.port = 0 (default)
2022-09-12 01:26:19,307 [Listener at 127.0.0.1/34977] INFO  server.GrpcService (ConfUtils.java:logGet(46)) - raft.grpc.message.size.max = 32MB (=33554432) (custom)
2022-09-12 01:26:19,307 [Listener at 127.0.0.1/34977] INFO  server.RaftServerConfigKeys (ConfUtils.java:logGet(46)) - raft.server.log.appender.buffer.byte-limit = 33554432 (custom)
2022-09-12 01:26:19,307 [Listener at 127.0.0.1/34977] INFO  server.GrpcService (ConfUtils.java:logGet(46)) - raft.grpc.flow.control.window = 5MB (=5242880) (custom)
2022-09-12 01:26:19,307 [Listener at 127.0.0.1/34977] INFO  server.RaftServerConfigKeys (ConfUtils.java:logGet(46)) - raft.server.rpc.request.timeout = 60s (custom)
2022-09-12 01:26:19,308 [Listener at 127.0.0.1/34977] INFO  grpc.GrpcConfigKeys (ConfUtils.java:logGet(46)) - raft.grpc.server.async.request.thread.pool.cached = true (default)
2022-09-12 01:26:19,308 [Listener at 127.0.0.1/34977] INFO  grpc.GrpcConfigKeys (ConfUtils.java:logGet(46)) - raft.grpc.server.async.request.thread.pool.size = 32 (default)
2022-09-12 01:26:19,309 [Listener at 127.0.0.1/34977] INFO  impl.DataStreamServerImpl (ConfUtils.java:logGet(46)) - raft.datastream.type = DISABLED (default)
2022-09-12 01:26:19,309 [Listener at 127.0.0.1/34977] INFO  server.RaftServerConfigKeys (ConfUtils.java:logGet(46)) - raft.server.threadpool.proxy.cached = true (default)
2022-09-12 01:26:19,309 [Listener at 127.0.0.1/34977] INFO  server.RaftServerConfigKeys (ConfUtils.java:logGet(46)) - raft.server.threadpool.proxy.size = 0 (default)
2022-09-12 01:26:19,309 [Listener at 127.0.0.1/34977] INFO  server.RaftServerConfigKeys (ConfUtils.java:logGet(46)) - raft.server.rpc.slowness.timeout = 300s (custom)
2022-09-12 01:26:19,309 [Listener at 127.0.0.1/34977] INFO  server.RaftServerConfigKeys (ConfUtils.java:logGet(46)) - raft.server.leaderelection.leader.step-down.wait-time = 10s (default)
2022-09-12 01:26:19,309 [Listener at 127.0.0.1/34977] INFO  server.RaftServerConfigKeys (ConfUtils.java:logGet(46)) - raft.server.storage.dir = [/home/runner/work/ozone/ozone/hadoop-ozone/integration-test/target/test-dir/MiniOzoneClusterImpl-a920e810-7507-4246-9d07-cfa876092e00/datanode-2/data/ratis] (custom)
2022-09-12 01:26:19,329 [Listener at 127.0.0.1/34977] INFO  server.XceiverServerGrpc (XceiverServerGrpc.java:<init>(132)) - GrpcServer channel type EpollServerSocketChannel
2022-09-12 01:26:19,336 [Listener at 127.0.0.1/34977] INFO  http.BaseHttpServer (BaseHttpServer.java:newHttpServer2BuilderForOzone(213)) - Starting Web-server for hddsDatanode at: http://0.0.0.0:0
2022-09-12 01:26:19,336 [Listener at 127.0.0.1/34977] INFO  http.BaseHttpServer (BaseHttpServer.java:<init>(108)) - Hadoop Security Enabled: false Ozone Security Enabled: false Ozone HTTP Security Enabled: false 
2022-09-12 01:26:19,337 [Listener at 127.0.0.1/34977] INFO  server.AuthenticationFilter (AuthenticationFilter.java:constructSecretProvider(240)) - Unable to initialize FileSignerSecretProvider, falling back to use random secrets.
2022-09-12 01:26:19,348 [Listener at 127.0.0.1/34977] WARN  http.HttpRequestLog (HttpRequestLog.java:getRequestLog(103)) - Jetty request log can only be enabled using Log4j
2022-09-12 01:26:19,349 [Listener at 127.0.0.1/34977] INFO  http.HttpServer2 (HttpServer2.java:addGlobalFilter(1029)) - Added global filter 'safety' (class=org.apache.hadoop.hdds.server.http.HttpServer2$QuotingInputFilter)
2022-09-12 01:26:19,350 [Listener at 127.0.0.1/34977] INFO  http.HttpServer2 (HttpServer2.java:addFilter(1005)) - Added filter static_user_filter (class=org.apache.hadoop.http.lib.StaticUserWebFilter$StaticUserFilter) to context hddsDatanode
2022-09-12 01:26:19,350 [Listener at 127.0.0.1/34977] INFO  http.HttpServer2 (HttpServer2.java:addFilter(1013)) - Added filter static_user_filter (class=org.apache.hadoop.http.lib.StaticUserWebFilter$StaticUserFilter) to context logs
2022-09-12 01:26:19,350 [Listener at 127.0.0.1/34977] INFO  http.HttpServer2 (HttpServer2.java:addFilter(1013)) - Added filter static_user_filter (class=org.apache.hadoop.http.lib.StaticUserWebFilter$StaticUserFilter) to context static
2022-09-12 01:26:19,350 [Listener at 127.0.0.1/34977] INFO  http.HttpServer2 (HttpServer2.java:bindListener(1248)) - Jetty bound to port 36365
2022-09-12 01:26:19,352 [Listener at 127.0.0.1/34977] INFO  server.Server (Server.java:doStart(375)) - jetty-9.4.43.v20210629; built: 2021-06-30T11:07:22.254Z; git: 526006ecfa3af7f1a27ef3a288e2bef7ea9dd7e8; jvm 1.8.0_345-b01
2022-09-12 01:26:19,385 [Listener at 127.0.0.1/34977] INFO  server.session (DefaultSessionIdManager.java:doStart(334)) - DefaultSessionIdManager workerName=node0
2022-09-12 01:26:19,385 [Listener at 127.0.0.1/34977] INFO  server.session (DefaultSessionIdManager.java:doStart(339)) - No SessionScavenger set, using defaults
2022-09-12 01:26:19,385 [Listener at 127.0.0.1/34977] INFO  server.session (HouseKeeper.java:startScavenging(132)) - node0 Scavenging every 600000ms
2022-09-12 01:26:19,386 [Listener at 127.0.0.1/34977] INFO  handler.ContextHandler (ContextHandler.java:doStart(915)) - Started o.e.j.s.ServletContextHandler@23fed5d{logs,/logs,file:///home/runner/work/ozone/ozone/hadoop-ozone/integration-test/target/log,AVAILABLE}
2022-09-12 01:26:19,386 [Listener at 127.0.0.1/34977] INFO  handler.ContextHandler (ContextHandler.java:doStart(915)) - Started o.e.j.s.ServletContextHandler@41bc8bf{static,/static,jar:file:/home/runner/.m2/repository/org/apache/ozone/hdds-container-service/1.3.0-SNAPSHOT/hdds-container-service-1.3.0-SNAPSHOT.jar!/webapps/static,AVAILABLE}
2022-09-12 01:26:19,941 [Listener at 127.0.0.1/34977] INFO  handler.ContextHandler (ContextHandler.java:doStart(915)) - Started o.e.j.w.WebAppContext@2049c7fa{hddsDatanode,/,file:///tmp/jetty-0_0_0_0-36365-hdds-container-service-1_3_0-SNAPSHOT_jar-_-any-5177950481218932298/webapp/,AVAILABLE}{jar:file:/home/runner/.m2/repository/org/apache/ozone/hdds-container-service/1.3.0-SNAPSHOT/hdds-container-service-1.3.0-SNAPSHOT.jar!/webapps/hddsDatanode}
2022-09-12 01:26:19,943 [Listener at 127.0.0.1/34977] INFO  server.AbstractConnector (AbstractConnector.java:doStart(331)) - Started ServerConnector@25f5e04d{HTTP/1.1, (http/1.1)}{0.0.0.0:36365}
2022-09-12 01:26:19,943 [Listener at 127.0.0.1/34977] INFO  server.Server (Server.java:doStart(415)) - Started @200653ms
2022-09-12 01:26:19,943 [Listener at 127.0.0.1/34977] WARN  impl.MetricsSystemImpl (MetricsSystemImpl.java:register(279)) - Sink prometheus already exists!
2022-09-12 01:26:19,948 [Listener at 127.0.0.1/34977] INFO  http.BaseHttpServer (BaseHttpServer.java:updateConnectorAddress(333)) - HTTP server of hddsDatanode listening at http://0.0.0.0:36365
2022-09-12 01:26:19,958 [Listener at 127.0.0.1/34977] INFO  ozone.MiniOzoneClusterImpl (MiniOzoneClusterImpl.java:lambda$waitForClusterToBeReady$0(216)) - Waiting for nodes to be ready. Got 0 of 3 DN Heartbeats.
2022-09-12 01:26:19,958 [Listener at 127.0.0.1/34977] INFO  ozone.MiniOzoneClusterImpl (MiniOzoneClusterImpl.java:lambda$waitForClusterToBeReady$0(219)) - Waiting for cluster to exit safe mode
2022-09-12 01:26:19,958 [Listener at 127.0.0.1/34977] INFO  ozone.MiniOzoneClusterImpl (MiniOzoneClusterImpl.java:lambda$waitForClusterToBeReady$0(221)) - SCM became leader
2022-09-12 01:26:19,964 [Datanode State Machine Daemon Thread] INFO  statemachine.DatanodeStateMachine (DatanodeStateMachine.java:lambda$startDaemon$0(492)) - Ozone container server started.
2022-09-12 01:26:19,975 [org.apache.hadoop.util.JvmPauseMonitor$Monitor@7b65f499] INFO  util.JvmPauseMonitor (JvmPauseMonitor.java:run(188)) - Starting JVM pause monitor
2022-09-12 01:26:19,985 [Datanode State Machine Task Thread - 0] INFO  ha.SCMNodeInfo (SCMNodeInfo.java:getPort(197)) - ConfigKey ozone.scm.client.address is deprecated, For configuring different ports for each SCM use PortConfigKey ozone.scm.client.port appended with serviceId and nodeId
2022-09-12 01:26:19,985 [Datanode State Machine Task Thread - 0] INFO  ha.SCMNodeInfo (SCMNodeInfo.java:getPort(197)) - ConfigKey ozone.scm.block.client.address is deprecated, For configuring different ports for each SCM use PortConfigKey ozone.scm.block.client.port appended with serviceId and nodeId
2022-09-12 01:26:19,985 [Datanode State Machine Task Thread - 0] INFO  ha.SCMNodeInfo (SCMNodeInfo.java:getPort(197)) - ConfigKey ozone.scm.datanode.address is deprecated, For configuring different ports for each SCM use PortConfigKey ozone.scm.datanode.port appended with serviceId and nodeId
2022-09-12 01:26:19,986 [Datanode State Machine Task Thread - 0] INFO  datanode.InitDatanodeState (InitDatanodeState.java:persistContainerDatanodeDetails(138)) - DatanodeDetails is persisted to /home/runner/work/ozone/ozone/hadoop-ozone/integration-test/target/test-dir/MiniOzoneClusterImpl-a920e810-7507-4246-9d07-cfa876092e00/datanode-2/meta/datanode.id
2022-09-12 01:26:20,086 [EndpointStateMachine task thread for /127.0.0.1:46755 - 0 ] INFO  ipc.Client (Client.java:handleConnectionFailure(977)) - Retrying connect to server: localhost/127.0.0.1:46755. Already tried 14 time(s); retry policy is RetryUpToMaximumCountWithFixedSleep(maxRetries=15, sleepTime=1000 MILLISECONDS)
2022-09-12 01:26:20,185 [EndpointStateMachine task thread for /127.0.0.1:36745 - 0 ] INFO  volume.HddsVolume (HddsVolume.java:createDbStore(307)) - SchemaV3 db is created and loaded at /home/runner/work/ozone/ozone/hadoop-ozone/integration-test/target/test-dir/MiniOzoneClusterImpl-a920e810-7507-4246-9d07-cfa876092e00/datanode-0/data-0/containers/hdds/a920e810-7507-4246-9d07-cfa876092e00/DS-c67dcbcb-8469-44f7-8301-c18382018b72/container.db for volume DS-c67dcbcb-8469-44f7-8301-c18382018b72
2022-09-12 01:26:20,186 [EndpointStateMachine task thread for /127.0.0.1:36745 - 0 ] INFO  volume.HddsVolume (HddsVolume.java:closeDbStore(338)) - SchemaV3 db is stopped at /home/runner/work/ozone/ozone/hadoop-ozone/integration-test/target/test-dir/MiniOzoneClusterImpl-a920e810-7507-4246-9d07-cfa876092e00/datanode-0/data-0/containers/hdds/a920e810-7507-4246-9d07-cfa876092e00/DS-c67dcbcb-8469-44f7-8301-c18382018b72/container.db for volume DS-c67dcbcb-8469-44f7-8301-c18382018b72
2022-09-12 01:26:20,186 [EndpointStateMachine task thread for /127.0.0.1:36745 - 0 ] INFO  ozoneimpl.OzoneContainer (OzoneContainer.java:start(378)) - Attempting to start container services.
2022-09-12 01:26:20,186 [EndpointStateMachine task thread for /127.0.0.1:36745 - 0 ] INFO  ozoneimpl.OzoneContainer (OzoneContainer.java:startContainerScrub(313)) - Background container scanner has been disabled.
2022-09-12 01:26:20,209 [EndpointStateMachine task thread for /127.0.0.1:36745 - 0 ] INFO  replication.ReplicationServer (ReplicationServer.java:start(111)) - ReplicationServer is started using port 35551
2022-09-12 01:26:20,209 [EndpointStateMachine task thread for /127.0.0.1:36745 - 0 ] INFO  ratis.XceiverServerRatis (XceiverServerRatis.java:start(481)) - Starting XceiverServerRatis b564eb4b-6269-4962-af5b-43ec56d2b182
2022-09-12 01:26:20,212 [EndpointStateMachine task thread for /127.0.0.1:36745 - 0 ] INFO  server.RaftServer (RaftServerProxy.java:lambda$start$6(382)) - b564eb4b-6269-4962-af5b-43ec56d2b182: start RPC server
2022-09-12 01:26:20,222 [EndpointStateMachine task thread for /127.0.0.1:36745 - 0 ] INFO  server.GrpcService (GrpcService.java:startImpl(260)) - b564eb4b-6269-4962-af5b-43ec56d2b182: GrpcService started, listening on 35021
2022-09-12 01:26:20,222 [EndpointStateMachine task thread for /127.0.0.1:36745 - 0 ] INFO  ratis.XceiverServerRatis (XceiverServerRatis.java:getRealPort(502)) - XceiverServerRatis b564eb4b-6269-4962-af5b-43ec56d2b182 is started using port 35021 for RATIS
2022-09-12 01:26:20,222 [EndpointStateMachine task thread for /127.0.0.1:36745 - 0 ] INFO  ratis.XceiverServerRatis (XceiverServerRatis.java:getRealPort(502)) - XceiverServerRatis b564eb4b-6269-4962-af5b-43ec56d2b182 is started using port 35021 for RATIS_ADMIN
2022-09-12 01:26:20,222 [EndpointStateMachine task thread for /127.0.0.1:36745 - 0 ] INFO  ratis.XceiverServerRatis (XceiverServerRatis.java:getRealPort(502)) - XceiverServerRatis b564eb4b-6269-4962-af5b-43ec56d2b182 is started using port 35021 for RATIS_SERVER
2022-09-12 01:26:20,222 [org.apache.ratis.util.JvmPauseMonitor$$Lambda$605/1445225850@4065aa8f] INFO  util.JvmPauseMonitor (JvmPauseMonitor.java:run(103)) - JvmPauseMonitor-b564eb4b-6269-4962-af5b-43ec56d2b182: Started
2022-09-12 01:26:20,257 [EndpointStateMachine task thread for /127.0.0.1:36745 - 0 ] INFO  server.XceiverServerGrpc (XceiverServerGrpc.java:start(180)) - XceiverServerGrpc b564eb4b-6269-4962-af5b-43ec56d2b182 is started using port 35373
2022-09-12 01:26:20,959 [Listener at 127.0.0.1/34977] INFO  ozone.MiniOzoneClusterImpl (MiniOzoneClusterImpl.java:lambda$waitForClusterToBeReady$0(216)) - Waiting for nodes to be ready. Got 0 of 3 DN Heartbeats.
2022-09-12 01:26:20,959 [Listener at 127.0.0.1/34977] INFO  ozone.MiniOzoneClusterImpl (MiniOzoneClusterImpl.java:lambda$waitForClusterToBeReady$0(219)) - Waiting for cluster to exit safe mode
2022-09-12 01:26:20,959 [Listener at 127.0.0.1/34977] INFO  ozone.MiniOzoneClusterImpl (MiniOzoneClusterImpl.java:lambda$waitForClusterToBeReady$0(221)) - SCM became leader
2022-09-12 01:26:21,053 [EndpointStateMachine task thread for /127.0.0.1:36745 - 0 ] INFO  volume.HddsVolume (HddsVolume.java:createDbStore(307)) - SchemaV3 db is created and loaded at /home/runner/work/ozone/ozone/hadoop-ozone/integration-test/target/test-dir/MiniOzoneClusterImpl-a920e810-7507-4246-9d07-cfa876092e00/datanode-1/data-0/containers/hdds/a920e810-7507-4246-9d07-cfa876092e00/DS-ba536df3-409c-48e9-862b-2618453972d8/container.db for volume DS-ba536df3-409c-48e9-862b-2618453972d8
2022-09-12 01:26:21,056 [EndpointStateMachine task thread for /127.0.0.1:36745 - 0 ] INFO  volume.HddsVolume (HddsVolume.java:closeDbStore(338)) - SchemaV3 db is stopped at /home/runner/work/ozone/ozone/hadoop-ozone/integration-test/target/test-dir/MiniOzoneClusterImpl-a920e810-7507-4246-9d07-cfa876092e00/datanode-1/data-0/containers/hdds/a920e810-7507-4246-9d07-cfa876092e00/DS-ba536df3-409c-48e9-862b-2618453972d8/container.db for volume DS-ba536df3-409c-48e9-862b-2618453972d8
2022-09-12 01:26:21,056 [EndpointStateMachine task thread for /127.0.0.1:36745 - 0 ] INFO  ozoneimpl.OzoneContainer (OzoneContainer.java:start(378)) - Attempting to start container services.
2022-09-12 01:26:21,060 [EndpointStateMachine task thread for /127.0.0.1:36745 - 0 ] INFO  ozoneimpl.OzoneContainer (OzoneContainer.java:startContainerScrub(313)) - Background container scanner has been disabled.
2022-09-12 01:26:21,077 [EndpointStateMachine task thread for /127.0.0.1:36745 - 0 ] INFO  replication.ReplicationServer (ReplicationServer.java:start(111)) - ReplicationServer is started using port 39531
2022-09-12 01:26:21,078 [EndpointStateMachine task thread for /127.0.0.1:36745 - 0 ] INFO  ratis.XceiverServerRatis (XceiverServerRatis.java:start(481)) - Starting XceiverServerRatis d5da11d1-5249-48d1-b60b-926c81588dea
2022-09-12 01:26:21,078 [EndpointStateMachine task thread for /127.0.0.1:36745 - 0 ] INFO  server.RaftServer (RaftServerProxy.java:lambda$start$6(382)) - d5da11d1-5249-48d1-b60b-926c81588dea: start RPC server
2022-09-12 01:26:21,087 [EndpointStateMachine task thread for /127.0.0.1:46755 - 0 ] INFO  ipc.Client (Client.java:handleConnectionFailure(977)) - Retrying connect to server: localhost/127.0.0.1:46755. Already tried 0 time(s); retry policy is RetryUpToMaximumCountWithFixedSleep(maxRetries=15, sleepTime=1000 MILLISECONDS)
2022-09-12 01:26:21,093 [EndpointStateMachine task thread for /127.0.0.1:36745 - 0 ] INFO  server.GrpcService (GrpcService.java:startImpl(260)) - d5da11d1-5249-48d1-b60b-926c81588dea: GrpcService started, listening on 42835
2022-09-12 01:26:21,096 [EndpointStateMachine task thread for /127.0.0.1:36745 - 0 ] INFO  ratis.XceiverServerRatis (XceiverServerRatis.java:getRealPort(502)) - XceiverServerRatis d5da11d1-5249-48d1-b60b-926c81588dea is started using port 42835 for RATIS
2022-09-12 01:26:21,096 [EndpointStateMachine task thread for /127.0.0.1:36745 - 0 ] INFO  ratis.XceiverServerRatis (XceiverServerRatis.java:getRealPort(502)) - XceiverServerRatis d5da11d1-5249-48d1-b60b-926c81588dea is started using port 42835 for RATIS_ADMIN
2022-09-12 01:26:21,096 [EndpointStateMachine task thread for /127.0.0.1:36745 - 0 ] INFO  ratis.XceiverServerRatis (XceiverServerRatis.java:getRealPort(502)) - XceiverServerRatis d5da11d1-5249-48d1-b60b-926c81588dea is started using port 42835 for RATIS_SERVER
2022-09-12 01:26:21,096 [org.apache.ratis.util.JvmPauseMonitor$$Lambda$605/1445225850@728ffd3f] INFO  util.JvmPauseMonitor (JvmPauseMonitor.java:run(103)) - JvmPauseMonitor-d5da11d1-5249-48d1-b60b-926c81588dea: Started
2022-09-12 01:26:21,121 [EndpointStateMachine task thread for /127.0.0.1:36745 - 0 ] INFO  server.XceiverServerGrpc (XceiverServerGrpc.java:start(180)) - XceiverServerGrpc d5da11d1-5249-48d1-b60b-926c81588dea is started using port 42207
2022-09-12 01:26:21,959 [Listener at 127.0.0.1/34977] INFO  ozone.MiniOzoneClusterImpl (MiniOzoneClusterImpl.java:lambda$waitForClusterToBeReady$0(216)) - Waiting for nodes to be ready. Got 0 of 3 DN Heartbeats.
2022-09-12 01:26:21,959 [Listener at 127.0.0.1/34977] INFO  ozone.MiniOzoneClusterImpl (MiniOzoneClusterImpl.java:lambda$waitForClusterToBeReady$0(219)) - Waiting for cluster to exit safe mode
2022-09-12 01:26:21,959 [Listener at 127.0.0.1/34977] INFO  ozone.MiniOzoneClusterImpl (MiniOzoneClusterImpl.java:lambda$waitForClusterToBeReady$0(221)) - SCM became leader
2022-09-12 01:26:22,068 [EndpointStateMachine task thread for /127.0.0.1:36745 - 0 ] INFO  volume.HddsVolume (HddsVolume.java:createDbStore(307)) - SchemaV3 db is created and loaded at /home/runner/work/ozone/ozone/hadoop-ozone/integration-test/target/test-dir/MiniOzoneClusterImpl-a920e810-7507-4246-9d07-cfa876092e00/datanode-2/data-0/containers/hdds/a920e810-7507-4246-9d07-cfa876092e00/DS-51099fd5-7f71-4904-b18f-df3a75b5307c/container.db for volume DS-51099fd5-7f71-4904-b18f-df3a75b5307c
2022-09-12 01:26:22,069 [EndpointStateMachine task thread for /127.0.0.1:36745 - 0 ] INFO  volume.HddsVolume (HddsVolume.java:closeDbStore(338)) - SchemaV3 db is stopped at /home/runner/work/ozone/ozone/hadoop-ozone/integration-test/target/test-dir/MiniOzoneClusterImpl-a920e810-7507-4246-9d07-cfa876092e00/datanode-2/data-0/containers/hdds/a920e810-7507-4246-9d07-cfa876092e00/DS-51099fd5-7f71-4904-b18f-df3a75b5307c/container.db for volume DS-51099fd5-7f71-4904-b18f-df3a75b5307c
2022-09-12 01:26:22,069 [EndpointStateMachine task thread for /127.0.0.1:36745 - 0 ] INFO  ozoneimpl.OzoneContainer (OzoneContainer.java:start(378)) - Attempting to start container services.
2022-09-12 01:26:22,077 [EndpointStateMachine task thread for /127.0.0.1:36745 - 0 ] INFO  ozoneimpl.OzoneContainer (OzoneContainer.java:startContainerScrub(313)) - Background container scanner has been disabled.
2022-09-12 01:26:22,087 [EndpointStateMachine task thread for /127.0.0.1:46755 - 0 ] INFO  ipc.Client (Client.java:handleConnectionFailure(977)) - Retrying connect to server: localhost/127.0.0.1:46755. Already tried 1 time(s); retry policy is RetryUpToMaximumCountWithFixedSleep(maxRetries=15, sleepTime=1000 MILLISECONDS)
2022-09-12 01:26:22,096 [EndpointStateMachine task thread for /127.0.0.1:36745 - 0 ] INFO  replication.ReplicationServer (ReplicationServer.java:start(111)) - ReplicationServer is started using port 41847
2022-09-12 01:26:22,097 [IPC Server handler 74 on default port 36745] INFO  net.NetworkTopologyImpl (NetworkTopologyImpl.java:add(112)) - Added a new node: /default-rack/b564eb4b-6269-4962-af5b-43ec56d2b182
2022-09-12 01:26:22,098 [IPC Server handler 74 on default port 36745] INFO  node.SCMNodeManager (SCMNodeManager.java:register(397)) - Registered Data node : b564eb4b-6269-4962-af5b-43ec56d2b182{ip: 127.0.0.1, host: localhost, ports: [REPLICATION=35551, RATIS=35021, RATIS_ADMIN=35021, RATIS_SERVER=35021, STANDALONE=35373], networkLocation: /default-rack, certSerialId: null, persistedOpState: null, persistedOpStateExpiryEpochSec: 0}
2022-09-12 01:26:22,109 [EndpointStateMachine task thread for /127.0.0.1:36745 - 0 ] INFO  ratis.XceiverServerRatis (XceiverServerRatis.java:start(481)) - Starting XceiverServerRatis f7e5ee2c-7b8e-406b-8d8c-d8786c0ad6b9
2022-09-12 01:26:22,109 [EventQueue-NodeRegistrationContainerReportForDataNodeSafeModeRule] INFO  safemode.SCMSafeModeManager (DataNodeSafeModeRule.java:process(71)) - SCM in safe mode. 1 DataNodes registered, 3 required.
2022-09-12 01:26:22,125 [EventQueue-NodeRegistrationContainerReportForContainerSafeModeRule] INFO  safemode.SCMSafeModeManager (SCMSafeModeManager.java:validateSafeModeExitRules(204)) - ContainerSafeModeRule rule is successfully validated
2022-09-12 01:26:22,125 [EndpointStateMachine task thread for /127.0.0.1:36745 - 0 ] INFO  server.RaftServer (RaftServerProxy.java:lambda$start$6(382)) - f7e5ee2c-7b8e-406b-8d8c-d8786c0ad6b9: start RPC server
2022-09-12 01:26:22,137 [EventQueue-PipelineReportForOneReplicaPipelineSafeModeRule] INFO  safemode.SCMSafeModeManager (SCMSafeModeManager.java:validateSafeModeExitRules(204)) - AtleastOneDatanodeReportedRule rule is successfully validated
2022-09-12 01:26:22,148 [EventQueue-NewNodeForNewNodeHandler] INFO  pipeline.BackgroundPipelineCreator (BackgroundPipelineCreator.java:notifyEventTriggered(276)) - trigger a one-shot run on RatisPipelineUtilsThread.
2022-09-12 01:26:22,153 [RatisPipelineUtilsThread - 0] INFO  pipeline.RatisPipelineProvider (RatisPipelineProvider.java:lambda$create$0(195)) - Sending CreatePipelineCommand for pipeline:PipelineID=43d14360-c7f8-47e9-8300-9715620c97d4 to datanode:b564eb4b-6269-4962-af5b-43ec56d2b182
2022-09-12 01:26:22,140 [EndpointStateMachine task thread for /127.0.0.1:36745 - 0 ] INFO  server.GrpcService (GrpcService.java:startImpl(260)) - f7e5ee2c-7b8e-406b-8d8c-d8786c0ad6b9: GrpcService started, listening on 39655
2022-09-12 01:26:22,173 [EndpointStateMachine task thread for /127.0.0.1:36745 - 0 ] INFO  ratis.XceiverServerRatis (XceiverServerRatis.java:getRealPort(502)) - XceiverServerRatis f7e5ee2c-7b8e-406b-8d8c-d8786c0ad6b9 is started using port 39655 for RATIS
2022-09-12 01:26:22,173 [EndpointStateMachine task thread for /127.0.0.1:36745 - 0 ] INFO  ratis.XceiverServerRatis (XceiverServerRatis.java:getRealPort(502)) - XceiverServerRatis f7e5ee2c-7b8e-406b-8d8c-d8786c0ad6b9 is started using port 39655 for RATIS_ADMIN
2022-09-12 01:26:22,173 [EndpointStateMachine task thread for /127.0.0.1:36745 - 0 ] INFO  ratis.XceiverServerRatis (XceiverServerRatis.java:getRealPort(502)) - XceiverServerRatis f7e5ee2c-7b8e-406b-8d8c-d8786c0ad6b9 is started using port 39655 for RATIS_SERVER
2022-09-12 01:26:22,177 [org.apache.ratis.util.JvmPauseMonitor$$Lambda$605/1445225850@656f5c05] INFO  util.JvmPauseMonitor (JvmPauseMonitor.java:run(103)) - JvmPauseMonitor-f7e5ee2c-7b8e-406b-8d8c-d8786c0ad6b9: Started
2022-09-12 01:26:22,209 [EndpointStateMachine task thread for /127.0.0.1:36745 - 0 ] INFO  server.XceiverServerGrpc (XceiverServerGrpc.java:start(180)) - XceiverServerGrpc f7e5ee2c-7b8e-406b-8d8c-d8786c0ad6b9 is started using port 35661
2022-09-12 01:26:22,236 [6f1953f9-25aa-4157-82c9-d49674ab9c3c@group-CFA876092E00-StateMachineUpdater] INFO  pipeline.PipelineStateManagerImpl (PipelineStateManagerImpl.java:addPipeline(103)) - Created pipeline Pipeline[ Id: 43d14360-c7f8-47e9-8300-9715620c97d4, Nodes: b564eb4b-6269-4962-af5b-43ec56d2b182{ip: 127.0.0.1, host: localhost, ports: [REPLICATION=35551, RATIS=35021, RATIS_ADMIN=35021, RATIS_SERVER=35021, STANDALONE=35373], networkLocation: /default-rack, certSerialId: null, persistedOpState: IN_SERVICE, persistedOpStateExpiryEpochSec: 0}, ReplicationConfig: RATIS/ONE, State:ALLOCATED, leaderId:, CreationTimestamp2022-09-12T01:26:22.153Z[Etc/UTC]].
2022-09-12 01:26:22,236 [6f1953f9-25aa-4157-82c9-d49674ab9c3c@group-CFA876092E00-StateMachineUpdater] INFO  safemode.HealthyPipelineSafeModeRule (HealthyPipelineSafeModeRule.java:initializeRule(165)) - Refreshed total pipeline count is 0, healthy pipeline threshold count is 1
2022-09-12 01:26:22,960 [Listener at 127.0.0.1/34977] INFO  ozone.MiniOzoneClusterImpl (MiniOzoneClusterImpl.java:lambda$waitForClusterToBeReady$0(216)) - Waiting for nodes to be ready. Got 1 of 3 DN Heartbeats.
2022-09-12 01:26:22,963 [Listener at 127.0.0.1/34977] INFO  ozone.MiniOzoneClusterImpl (MiniOzoneClusterImpl.java:lambda$waitForClusterToBeReady$0(219)) - Waiting for cluster to exit safe mode
2022-09-12 01:26:22,963 [Listener at 127.0.0.1/34977] INFO  ozone.MiniOzoneClusterImpl (MiniOzoneClusterImpl.java:lambda$waitForClusterToBeReady$0(221)) - SCM became leader
2022-09-12 01:26:22,989 [IPC Server handler 78 on default port 36745] INFO  net.NetworkTopologyImpl (NetworkTopologyImpl.java:add(112)) - Added a new node: /default-rack/d5da11d1-5249-48d1-b60b-926c81588dea
2022-09-12 01:26:22,989 [IPC Server handler 78 on default port 36745] INFO  node.SCMNodeManager (SCMNodeManager.java:register(397)) - Registered Data node : d5da11d1-5249-48d1-b60b-926c81588dea{ip: 127.0.0.1, host: localhost, ports: [REPLICATION=39531, RATIS=42835, RATIS_ADMIN=42835, RATIS_SERVER=42835, STANDALONE=42207], networkLocation: /default-rack, certSerialId: null, persistedOpState: null, persistedOpStateExpiryEpochSec: 0}
2022-09-12 01:26:22,989 [EventQueue-NewNodeForNewNodeHandler] INFO  pipeline.BackgroundPipelineCreator (BackgroundPipelineCreator.java:notifyEventTriggered(276)) - trigger a one-shot run on RatisPipelineUtilsThread.
2022-09-12 01:26:23,000 [EventQueue-NodeRegistrationContainerReportForDataNodeSafeModeRule] INFO  safemode.SCMSafeModeManager (DataNodeSafeModeRule.java:process(71)) - SCM in safe mode. 2 DataNodes registered, 3 required.
2022-09-12 01:26:23,008 [RatisPipelineUtilsThread - 0] INFO  pipeline.RatisPipelineProvider (RatisPipelineProvider.java:lambda$create$0(195)) - Sending CreatePipelineCommand for pipeline:PipelineID=2f775fc7-0393-4e38-b77c-7b365af7eb0c to datanode:d5da11d1-5249-48d1-b60b-926c81588dea
2022-09-12 01:26:23,010 [6f1953f9-25aa-4157-82c9-d49674ab9c3c@group-CFA876092E00-StateMachineUpdater] INFO  pipeline.PipelineStateManagerImpl (PipelineStateManagerImpl.java:addPipeline(103)) - Created pipeline Pipeline[ Id: 2f775fc7-0393-4e38-b77c-7b365af7eb0c, Nodes: d5da11d1-5249-48d1-b60b-926c81588dea{ip: 127.0.0.1, host: localhost, ports: [REPLICATION=39531, RATIS=42835, RATIS_ADMIN=42835, RATIS_SERVER=42835, STANDALONE=42207], networkLocation: /default-rack, certSerialId: null, persistedOpState: IN_SERVICE, persistedOpStateExpiryEpochSec: 0}, ReplicationConfig: RATIS/ONE, State:ALLOCATED, leaderId:, CreationTimestamp2022-09-12T01:26:23.008Z[Etc/UTC]].
2022-09-12 01:26:23,010 [6f1953f9-25aa-4157-82c9-d49674ab9c3c@group-CFA876092E00-StateMachineUpdater] INFO  safemode.HealthyPipelineSafeModeRule (HealthyPipelineSafeModeRule.java:initializeRule(165)) - Refreshed total pipeline count is 0, healthy pipeline threshold count is 1
2022-09-12 01:26:23,088 [EndpointStateMachine task thread for /127.0.0.1:46755 - 0 ] INFO  ipc.Client (Client.java:handleConnectionFailure(977)) - Retrying connect to server: localhost/127.0.0.1:46755. Already tried 2 time(s); retry policy is RetryUpToMaximumCountWithFixedSleep(maxRetries=15, sleepTime=1000 MILLISECONDS)
2022-09-12 01:26:23,963 [Listener at 127.0.0.1/34977] INFO  ozone.MiniOzoneClusterImpl (MiniOzoneClusterImpl.java:lambda$waitForClusterToBeReady$0(216)) - Waiting for nodes to be ready. Got 2 of 3 DN Heartbeats.
2022-09-12 01:26:23,963 [Listener at 127.0.0.1/34977] INFO  ozone.MiniOzoneClusterImpl (MiniOzoneClusterImpl.java:lambda$waitForClusterToBeReady$0(219)) - Waiting for cluster to exit safe mode
2022-09-12 01:26:23,964 [Listener at 127.0.0.1/34977] INFO  ozone.MiniOzoneClusterImpl (MiniOzoneClusterImpl.java:lambda$waitForClusterToBeReady$0(221)) - SCM became leader
2022-09-12 01:26:23,981 [IPC Server handler 78 on default port 36745] INFO  net.NetworkTopologyImpl (NetworkTopologyImpl.java:add(112)) - Added a new node: /default-rack/f7e5ee2c-7b8e-406b-8d8c-d8786c0ad6b9
2022-09-12 01:26:23,981 [IPC Server handler 78 on default port 36745] INFO  node.SCMNodeManager (SCMNodeManager.java:register(397)) - Registered Data node : f7e5ee2c-7b8e-406b-8d8c-d8786c0ad6b9{ip: 127.0.0.1, host: localhost, ports: [REPLICATION=41847, RATIS=39655, RATIS_ADMIN=39655, RATIS_SERVER=39655, STANDALONE=35661], networkLocation: /default-rack, certSerialId: null, persistedOpState: null, persistedOpStateExpiryEpochSec: 0}
2022-09-12 01:26:23,981 [EventQueue-NewNodeForNewNodeHandler] INFO  pipeline.BackgroundPipelineCreator (BackgroundPipelineCreator.java:notifyEventTriggered(276)) - trigger a one-shot run on RatisPipelineUtilsThread.
2022-09-12 01:26:23,981 [EventQueue-NodeRegistrationContainerReportForDataNodeSafeModeRule] INFO  safemode.SCMSafeModeManager (DataNodeSafeModeRule.java:process(71)) - SCM in safe mode. 3 DataNodes registered, 3 required.
2022-09-12 01:26:23,981 [EventQueue-NodeRegistrationContainerReportForDataNodeSafeModeRule] INFO  safemode.SCMSafeModeManager (SCMSafeModeManager.java:validateSafeModeExitRules(204)) - DataNodeSafeModeRule rule is successfully validated
2022-09-12 01:26:23,981 [EventQueue-NodeRegistrationContainerReportForDataNodeSafeModeRule] INFO  safemode.SCMSafeModeManager (SCMSafeModeManager.java:completePreCheck(233)) - All SCM safe mode pre check rules have passed
2022-09-12 01:26:23,981 [EventQueue-NodeRegistrationContainerReportForDataNodeSafeModeRule] WARN  events.EventQueue (EventQueue.java:fireEvent(216)) - No event handler registered for event TypedEvent{payloadType=SafeModeStatus, name='Safe mode status'}
2022-09-12 01:26:23,981 [EventQueue-NodeRegistrationContainerReportForDataNodeSafeModeRule] INFO  ha.SCMContext (SCMContext.java:updateSafeModeStatus(228)) - Update SafeModeStatus from SafeModeStatus{safeModeStatus=true, preCheckPassed=false} to SafeModeStatus{safeModeStatus=true, preCheckPassed=true}.
2022-09-12 01:26:23,982 [EventQueue-NodeRegistrationContainerReportForDataNodeSafeModeRule] INFO  pipeline.BackgroundPipelineCreator (BackgroundPipelineCreator.java:notifyEventTriggered(276)) - trigger a one-shot run on RatisPipelineUtilsThread.
2022-09-12 01:26:23,982 [RatisPipelineUtilsThread - 0] INFO  pipeline.RatisPipelineProvider (RatisPipelineProvider.java:lambda$create$0(195)) - Sending CreatePipelineCommand for pipeline:PipelineID=76a63232-3e89-48b0-a80b-eb2d2a4f7bfd to datanode:f7e5ee2c-7b8e-406b-8d8c-d8786c0ad6b9
2022-09-12 01:26:23,985 [6f1953f9-25aa-4157-82c9-d49674ab9c3c@group-CFA876092E00-StateMachineUpdater] INFO  pipeline.PipelineStateManagerImpl (PipelineStateManagerImpl.java:addPipeline(103)) - Created pipeline Pipeline[ Id: 76a63232-3e89-48b0-a80b-eb2d2a4f7bfd, Nodes: f7e5ee2c-7b8e-406b-8d8c-d8786c0ad6b9{ip: 127.0.0.1, host: localhost, ports: [REPLICATION=41847, RATIS=39655, RATIS_ADMIN=39655, RATIS_SERVER=39655, STANDALONE=35661], networkLocation: /default-rack, certSerialId: null, persistedOpState: IN_SERVICE, persistedOpStateExpiryEpochSec: 0}, ReplicationConfig: RATIS/ONE, State:ALLOCATED, leaderId:, CreationTimestamp2022-09-12T01:26:23.981Z[Etc/UTC]].
2022-09-12 01:26:23,985 [6f1953f9-25aa-4157-82c9-d49674ab9c3c@group-CFA876092E00-StateMachineUpdater] INFO  safemode.HealthyPipelineSafeModeRule (HealthyPipelineSafeModeRule.java:initializeRule(165)) - Refreshed total pipeline count is 0, healthy pipeline threshold count is 1
2022-09-12 01:26:23,985 [RatisPipelineUtilsThread - 0] INFO  pipeline.RatisPipelineProvider (RatisPipelineProvider.java:lambda$create$0(195)) - Sending CreatePipelineCommand for pipeline:PipelineID=8cf02d82-884b-47d8-8990-5c65de8fc2df to datanode:b564eb4b-6269-4962-af5b-43ec56d2b182
2022-09-12 01:26:23,987 [RatisPipelineUtilsThread - 0] INFO  pipeline.RatisPipelineProvider (RatisPipelineProvider.java:lambda$create$0(195)) - Sending CreatePipelineCommand for pipeline:PipelineID=8cf02d82-884b-47d8-8990-5c65de8fc2df to datanode:f7e5ee2c-7b8e-406b-8d8c-d8786c0ad6b9
2022-09-12 01:26:23,987 [RatisPipelineUtilsThread - 0] INFO  pipeline.RatisPipelineProvider (RatisPipelineProvider.java:lambda$create$0(195)) - Sending CreatePipelineCommand for pipeline:PipelineID=8cf02d82-884b-47d8-8990-5c65de8fc2df to datanode:d5da11d1-5249-48d1-b60b-926c81588dea
2022-09-12 01:26:24,009 [6f1953f9-25aa-4157-82c9-d49674ab9c3c@group-CFA876092E00-StateMachineUpdater] INFO  pipeline.PipelineStateManagerImpl (PipelineStateManagerImpl.java:addPipeline(103)) - Created pipeline Pipeline[ Id: 8cf02d82-884b-47d8-8990-5c65de8fc2df, Nodes: b564eb4b-6269-4962-af5b-43ec56d2b182{ip: 127.0.0.1, host: localhost, ports: [REPLICATION=35551, RATIS=35021, RATIS_ADMIN=35021, RATIS_SERVER=35021, STANDALONE=35373], networkLocation: /default-rack, certSerialId: null, persistedOpState: IN_SERVICE, persistedOpStateExpiryEpochSec: 0}f7e5ee2c-7b8e-406b-8d8c-d8786c0ad6b9{ip: 127.0.0.1, host: localhost, ports: [REPLICATION=41847, RATIS=39655, RATIS_ADMIN=39655, RATIS_SERVER=39655, STANDALONE=35661], networkLocation: /default-rack, certSerialId: null, persistedOpState: IN_SERVICE, persistedOpStateExpiryEpochSec: 0}d5da11d1-5249-48d1-b60b-926c81588dea{ip: 127.0.0.1, host: localhost, ports: [REPLICATION=39531, RATIS=42835, RATIS_ADMIN=42835, RATIS_SERVER=42835, STANDALONE=42207], networkLocation: /default-rack, certSerialId: null, persistedOpState: IN_SERVICE, persistedOpStateExpiryEpochSec: 0}, ReplicationConfig: RATIS/THREE, State:ALLOCATED, leaderId:, CreationTimestamp2022-09-12T01:26:23.985Z[Etc/UTC]].
2022-09-12 01:26:24,009 [6f1953f9-25aa-4157-82c9-d49674ab9c3c@group-CFA876092E00-StateMachineUpdater] INFO  safemode.HealthyPipelineSafeModeRule (HealthyPipelineSafeModeRule.java:initializeRule(165)) - Refreshed total pipeline count is 0, healthy pipeline threshold count is 1
2022-09-12 01:26:24,010 [RatisPipelineUtilsThread - 0] INFO  pipeline.RatisPipelineProvider (RatisPipelineProvider.java:lambda$create$0(195)) - Sending CreatePipelineCommand for pipeline:PipelineID=25d5cd58-3305-4f47-80c8-cd192c663ff1 to datanode:f7e5ee2c-7b8e-406b-8d8c-d8786c0ad6b9
2022-09-12 01:26:24,011 [RatisPipelineUtilsThread - 0] INFO  pipeline.RatisPipelineProvider (RatisPipelineProvider.java:lambda$create$0(195)) - Sending CreatePipelineCommand for pipeline:PipelineID=25d5cd58-3305-4f47-80c8-cd192c663ff1 to datanode:b564eb4b-6269-4962-af5b-43ec56d2b182
2022-09-12 01:26:24,011 [RatisPipelineUtilsThread - 0] INFO  pipeline.RatisPipelineProvider (RatisPipelineProvider.java:lambda$create$0(195)) - Sending CreatePipelineCommand for pipeline:PipelineID=25d5cd58-3305-4f47-80c8-cd192c663ff1 to datanode:d5da11d1-5249-48d1-b60b-926c81588dea
2022-09-12 01:26:24,022 [6f1953f9-25aa-4157-82c9-d49674ab9c3c@group-CFA876092E00-StateMachineUpdater] INFO  pipeline.PipelineStateManagerImpl (PipelineStateManagerImpl.java:addPipeline(103)) - Created pipeline Pipeline[ Id: 25d5cd58-3305-4f47-80c8-cd192c663ff1, Nodes: f7e5ee2c-7b8e-406b-8d8c-d8786c0ad6b9{ip: 127.0.0.1, host: localhost, ports: [REPLICATION=41847, RATIS=39655, RATIS_ADMIN=39655, RATIS_SERVER=39655, STANDALONE=35661], networkLocation: /default-rack, certSerialId: null, persistedOpState: IN_SERVICE, persistedOpStateExpiryEpochSec: 0}b564eb4b-6269-4962-af5b-43ec56d2b182{ip: 127.0.0.1, host: localhost, ports: [REPLICATION=35551, RATIS=35021, RATIS_ADMIN=35021, RATIS_SERVER=35021, STANDALONE=35373], networkLocation: /default-rack, certSerialId: null, persistedOpState: IN_SERVICE, persistedOpStateExpiryEpochSec: 0}d5da11d1-5249-48d1-b60b-926c81588dea{ip: 127.0.0.1, host: localhost, ports: [REPLICATION=39531, RATIS=42835, RATIS_ADMIN=42835, RATIS_SERVER=42835, STANDALONE=42207], networkLocation: /default-rack, certSerialId: null, persistedOpState: IN_SERVICE, persistedOpStateExpiryEpochSec: 0}, ReplicationConfig: RATIS/THREE, State:ALLOCATED, leaderId:, CreationTimestamp2022-09-12T01:26:24.010Z[Etc/UTC]].
2022-09-12 01:26:24,022 [6f1953f9-25aa-4157-82c9-d49674ab9c3c@group-CFA876092E00-StateMachineUpdater] INFO  safemode.HealthyPipelineSafeModeRule (HealthyPipelineSafeModeRule.java:initializeRule(165)) - Refreshed total pipeline count is 0, healthy pipeline threshold count is 1
2022-09-12 01:26:24,022 [RatisPipelineUtilsThread - 0] INFO  pipeline.PipelineManagerImpl (PipelineManagerImpl.java:recordMetricsForPipeline(796)) - Pipeline: PipelineID=25d5cd58-3305-4f47-80c8-cd192c663ff1 contains same datanodes as previous pipelines: PipelineID=8cf02d82-884b-47d8-8990-5c65de8fc2df nodeIds: f7e5ee2c-7b8e-406b-8d8c-d8786c0ad6b9, b564eb4b-6269-4962-af5b-43ec56d2b182, d5da11d1-5249-48d1-b60b-926c81588dea
2022-09-12 01:26:24,089 [EndpointStateMachine task thread for /127.0.0.1:46755 - 0 ] INFO  ipc.Client (Client.java:handleConnectionFailure(977)) - Retrying connect to server: localhost/127.0.0.1:46755. Already tried 3 time(s); retry policy is RetryUpToMaximumCountWithFixedSleep(maxRetries=15, sleepTime=1000 MILLISECONDS)
2022-09-12 01:26:24,964 [Listener at 127.0.0.1/34977] INFO  ozone.MiniOzoneClusterImpl (MiniOzoneClusterImpl.java:lambda$waitForClusterToBeReady$0(216)) - Nodes are ready. Got 3 of 3 DN Heartbeats.
2022-09-12 01:26:24,964 [Listener at 127.0.0.1/34977] INFO  ozone.MiniOzoneClusterImpl (MiniOzoneClusterImpl.java:lambda$waitForClusterToBeReady$0(219)) - Waiting for cluster to exit safe mode
2022-09-12 01:26:24,964 [Listener at 127.0.0.1/34977] INFO  ozone.MiniOzoneClusterImpl (MiniOzoneClusterImpl.java:lambda$waitForClusterToBeReady$0(221)) - SCM became leader
2022-09-12 01:26:25,117 [Command processor thread] INFO  server.RaftServer (RaftServerProxy.java:addNew(96)) - b564eb4b-6269-4962-af5b-43ec56d2b182: addNew group-9715620C97D4:[b564eb4b-6269-4962-af5b-43ec56d2b182|rpc:127.0.0.1:35021|priority:1] returns group-9715620C97D4:java.util.concurrent.CompletableFuture@5d2dc21e[Not completed]
2022-09-12 01:26:25,118 [pool-583-thread-1] INFO  server.RaftServer$Division (RaftServerImpl.java:<init>(190)) - b564eb4b-6269-4962-af5b-43ec56d2b182: new RaftServerImpl for group-9715620C97D4:[b564eb4b-6269-4962-af5b-43ec56d2b182|rpc:127.0.0.1:35021|priority:1] with ContainerStateMachine:uninitialized
2022-09-12 01:26:25,118 [pool-583-thread-1] INFO  server.RaftServerConfigKeys (ConfUtils.java:logGet(46)) - raft.server.rpc.timeout.min = 5s (custom)
2022-09-12 01:26:25,118 [pool-583-thread-1] INFO  server.RaftServerConfigKeys (ConfUtils.java:logGet(46)) - raft.server.rpc.timeout.max = 5200ms (custom)
2022-09-12 01:26:25,119 [pool-583-thread-1] INFO  server.RaftServerConfigKeys (ConfUtils.java:logGet(46)) - raft.server.rpc.sleep.time = 25ms (default)
2022-09-12 01:26:25,119 [pool-583-thread-1] INFO  server.RaftServerConfigKeys (ConfUtils.java:logGet(46)) - raft.server.rpc.slowness.timeout = 300s (custom)
2022-09-12 01:26:25,119 [pool-583-thread-1] INFO  server.RaftServerConfigKeys (ConfUtils.java:logGet(46)) - raft.server.leaderelection.leader.step-down.wait-time = 10s (default)
2022-09-12 01:26:25,123 [EndpointStateMachine task thread for /127.0.0.1:46755 - 0 ] INFO  ipc.Client (Client.java:handleConnectionFailure(977)) - Retrying connect to server: localhost/127.0.0.1:46755. Already tried 4 time(s); retry policy is RetryUpToMaximumCountWithFixedSleep(maxRetries=15, sleepTime=1000 MILLISECONDS)
2022-09-12 01:26:25,125 [pool-583-thread-1] INFO  server.RaftServerConfigKeys (ConfUtils.java:logGet(46)) - raft.server.sleep.deviation.threshold = 300ms (default)
2022-09-12 01:26:25,126 [pool-583-thread-1] INFO  server.RaftServer$Division (ServerState.java:<init>(107)) - b564eb4b-6269-4962-af5b-43ec56d2b182@group-9715620C97D4: ConfigurationManager, init=-1: [b564eb4b-6269-4962-af5b-43ec56d2b182|rpc:127.0.0.1:35021|priority:1], old=null, confs=<EMPTY_MAP>
2022-09-12 01:26:25,126 [pool-583-thread-1] INFO  server.RaftServerConfigKeys (ConfUtils.java:logGet(46)) - raft.server.storage.dir = [/home/runner/work/ozone/ozone/hadoop-ozone/integration-test/target/test-dir/MiniOzoneClusterImpl-a920e810-7507-4246-9d07-cfa876092e00/datanode-0/data/ratis] (custom)
2022-09-12 01:26:25,126 [pool-583-thread-1] INFO  server.RaftServerConfigKeys (ConfUtils.java:logGet(46)) - raft.server.log.corruption.policy = EXCEPTION (default)
2022-09-12 01:26:25,126 [pool-583-thread-1] INFO  server.RaftServerConfigKeys (ConfUtils.java:logGet(46)) - raft.server.storage.free-space.min = 0MB (=0) (default)
2022-09-12 01:26:25,126 [pool-583-thread-1] INFO  storage.RaftStorageDirectory (RaftStorageDirectoryImpl.java:analyzeStorage(135)) - The storage directory /home/runner/work/ozone/ozone/hadoop-ozone/integration-test/target/test-dir/MiniOzoneClusterImpl-a920e810-7507-4246-9d07-cfa876092e00/datanode-0/data/ratis/43d14360-c7f8-47e9-8300-9715620c97d4 does not exist. Creating ...
2022-09-12 01:26:25,129 [pool-583-thread-1] INFO  storage.RaftStorageDirectory (RaftStorageDirectoryImpl.java:tryLock(230)) - Lock on /home/runner/work/ozone/ozone/hadoop-ozone/integration-test/target/test-dir/MiniOzoneClusterImpl-a920e810-7507-4246-9d07-cfa876092e00/datanode-0/data/ratis/43d14360-c7f8-47e9-8300-9715620c97d4/in_use.lock acquired by nodename 51693@fv-az167-317
2022-09-12 01:26:25,144 [pool-583-thread-1] INFO  storage.RaftStorage (RaftStorageImpl.java:format(89)) - Storage directory /home/runner/work/ozone/ozone/hadoop-ozone/integration-test/target/test-dir/MiniOzoneClusterImpl-a920e810-7507-4246-9d07-cfa876092e00/datanode-0/data/ratis/43d14360-c7f8-47e9-8300-9715620c97d4 has been successfully formatted.
2022-09-12 01:26:25,156 [EventQueue-PipelineReportForPipelineReportHandler] INFO  pipeline.PipelineManagerImpl (PipelineManagerImpl.java:openPipeline(367)) - Pipeline Pipeline[ Id: 43d14360-c7f8-47e9-8300-9715620c97d4, Nodes: b564eb4b-6269-4962-af5b-43ec56d2b182{ip: 127.0.0.1, host: localhost, ports: [REPLICATION=35551, RATIS=35021, RATIS_ADMIN=35021, RATIS_SERVER=35021, STANDALONE=35373], networkLocation: /default-rack, certSerialId: null, persistedOpState: IN_SERVICE, persistedOpStateExpiryEpochSec: 0}, ReplicationConfig: RATIS/ONE, State:ALLOCATED, leaderId:b564eb4b-6269-4962-af5b-43ec56d2b182, CreationTimestamp2022-09-12T01:26:22.153Z[Etc/UTC]] moved to OPEN state
2022-09-12 01:26:25,156 [pool-583-thread-1] INFO  ratis.ContainerStateMachine (ContainerStateMachine.java:loadSnapshot(236)) - group-9715620C97D4: The snapshot info is null. Setting the last applied indexto:(t:0, i:~)
2022-09-12 01:26:25,156 [pool-583-thread-1] INFO  server.RaftServerConfigKeys (ConfUtils.java:logGet(46)) - raft.server.notification.no-leader.timeout = 300s (custom)
2022-09-12 01:26:25,156 [pool-583-thread-1] INFO  server.RaftServerConfigKeys (ConfUtils.java:logGet(46)) - raft.server.log.use.memory = false (default)
2022-09-12 01:26:25,156 [pool-583-thread-1] INFO  server.RaftServerConfigKeys (ConfUtils.java:logGet(46)) - raft.server.log.purge.gap = 1000000 (custom)
2022-09-12 01:26:25,156 [pool-583-thread-1] INFO  server.RaftServerConfigKeys (ConfUtils.java:logGet(46)) - raft.server.log.appender.buffer.byte-limit = 33554432 (custom)
2022-09-12 01:26:25,156 [pool-583-thread-1] INFO  server.RaftServerConfigKeys (ConfUtils.java:logGet(46)) - raft.server.log.statemachine.data.read.timeout = 1000ms (default)
2022-09-12 01:26:25,158 [pool-583-thread-1] INFO  server.RaftServerConfigKeys (ConfUtils.java:logGet(46)) - raft.server.log.segment.size.max = 1048576 (custom)
2022-09-12 01:26:25,159 [6f1953f9-25aa-4157-82c9-d49674ab9c3c@group-CFA876092E00-StateMachineUpdater] INFO  safemode.HealthyPipelineSafeModeRule (HealthyPipelineSafeModeRule.java:initializeRule(165)) - Refreshed total pipeline count is 0, healthy pipeline threshold count is 1
2022-09-12 01:26:25,172 [EventQueue-OpenPipelineForHealthyPipelineSafeModeRule] INFO  safemode.SCMSafeModeManager (HealthyPipelineSafeModeRule.java:process(137)) - SCM in safe mode. Healthy pipelines reported count is 0, required healthy pipeline reported count is 1
2022-09-12 01:26:25,185 [pool-583-thread-1] INFO  server.RaftServerConfigKeys (ConfUtils.java:logGet(46)) - raft.server.log.segment.cache.num.max = 2 (custom)
2022-09-12 01:26:25,185 [pool-583-thread-1] INFO  server.RaftServerConfigKeys (ConfUtils.java:logGet(46)) - raft.server.log.segment.cache.size.max = 200MB (=209715200) (default)
2022-09-12 01:26:25,185 [pool-583-thread-1] INFO  segmented.SegmentedRaftLogWorker (SegmentedRaftLogWorker.java:<init>(187)) - new b564eb4b-6269-4962-af5b-43ec56d2b182@group-9715620C97D4-SegmentedRaftLogWorker for RaftStorageImpl:Storage Directory /home/runner/work/ozone/ozone/hadoop-ozone/integration-test/target/test-dir/MiniOzoneClusterImpl-a920e810-7507-4246-9d07-cfa876092e00/datanode-0/data/ratis/43d14360-c7f8-47e9-8300-9715620c97d4
2022-09-12 01:26:25,185 [pool-583-thread-1] INFO  server.RaftServerConfigKeys (ConfUtils.java:logGet(46)) - raft.server.log.queue.byte-limit = 4294967296 (custom)
2022-09-12 01:26:25,185 [pool-583-thread-1] INFO  server.RaftServerConfigKeys (ConfUtils.java:logGet(46)) - raft.server.log.queue.element-limit = 1024 (custom)
2022-09-12 01:26:25,185 [pool-583-thread-1] INFO  server.RaftServerConfigKeys (ConfUtils.java:logGet(46)) - raft.server.log.segment.size.max = 1048576 (custom)
2022-09-12 01:26:25,185 [pool-583-thread-1] INFO  server.RaftServerConfigKeys (ConfUtils.java:logGet(46)) - raft.server.log.preallocated.size = 16384 (custom)
2022-09-12 01:26:25,185 [pool-583-thread-1] INFO  server.RaftServerConfigKeys (ConfUtils.java:logGet(46)) - raft.server.log.force.sync.num = 128 (default)
2022-09-12 01:26:25,185 [pool-583-thread-1] INFO  server.RaftServerConfigKeys (ConfUtils.java:logGet(46)) - raft.server.log.statemachine.data.sync = true (default)
2022-09-12 01:26:25,185 [pool-583-thread-1] INFO  server.RaftServerConfigKeys (ConfUtils.java:logGet(46)) - raft.server.log.statemachine.data.sync.timeout = 10s (default)
2022-09-12 01:26:25,185 [pool-583-thread-1] INFO  server.RaftServerConfigKeys (ConfUtils.java:logGet(46)) - raft.server.log.statemachine.data.sync.timeout.retry = -1 (default)
2022-09-12 01:26:25,186 [pool-583-thread-1] INFO  server.RaftServerConfigKeys (ConfUtils.java:logGet(46)) - raft.server.log.write.buffer.size = 1048576 (custom)
2022-09-12 01:26:25,186 [pool-583-thread-1] INFO  server.RaftServerConfigKeys (ConfUtils.java:logGet(46)) - raft.server.log.unsafe-flush.enabled = false (default)
2022-09-12 01:26:25,186 [pool-583-thread-1] INFO  server.RaftServerConfigKeys (ConfUtils.java:logGet(46)) - raft.server.log.statemachine.data.caching.enabled = true (custom)
2022-09-12 01:26:25,188 [pool-583-thread-1] INFO  segmented.SegmentedRaftLogWorker (SegmentedRaftLogWorker.java:lambda$new$0(135)) - b564eb4b-6269-4962-af5b-43ec56d2b182@group-9715620C97D4-SegmentedRaftLogWorker: flushIndex: setUnconditionally 0 -> -1
2022-09-12 01:26:25,188 [pool-583-thread-1] INFO  segmented.SegmentedRaftLogWorker (SegmentedRaftLogWorker.java:lambda$new$0(135)) - b564eb4b-6269-4962-af5b-43ec56d2b182@group-9715620C97D4-SegmentedRaftLogWorker: safeCacheEvictIndex: setUnconditionally 0 -> -1
2022-09-12 01:26:25,212 [pool-583-thread-1] INFO  server.RaftServerConfigKeys (ConfUtils.java:logGet(46)) - raft.server.snapshot.auto.trigger.enabled = true (custom)
2022-09-12 01:26:25,212 [pool-583-thread-1] INFO  server.RaftServerConfigKeys (ConfUtils.java:logGet(46)) - raft.server.snapshot.auto.trigger.threshold = 10000 (custom)
2022-09-12 01:26:25,212 [pool-583-thread-1] INFO  server.RaftServerConfigKeys (ConfUtils.java:logGet(46)) - raft.server.snapshot.retention.file.num = 5 (custom)
2022-09-12 01:26:25,212 [pool-583-thread-1] INFO  server.RaftServerConfigKeys (ConfUtils.java:logGet(46)) - raft.server.log.purge.upto.snapshot.index = false (default)
2022-09-12 01:26:25,213 [pool-583-thread-1] INFO  server.RaftServerConfigKeys (ConfUtils.java:logGet(46)) - raft.server.retrycache.expirytime = 600000ms (custom)
2022-09-12 01:26:25,213 [pool-583-thread-1] INFO  server.RaftServerConfigKeys (ConfUtils.java:logGet(46)) - raft.server.retrycache.statistics.expirytime = 100μs (default)
2022-09-12 01:26:25,214 [pool-583-thread-1] INFO  server.RaftServerConfigKeys (ConfUtils.java:logGet(46)) - raft.server.log.appender.install.snapshot.enabled = false (custom)
2022-09-12 01:26:25,214 [pool-583-thread-1] INFO  server.RaftServerConfigKeys (ConfUtils.java:logGet(46)) - raft.server.threadpool.server.cached = true (default)
2022-09-12 01:26:25,214 [pool-583-thread-1] INFO  server.RaftServerConfigKeys (ConfUtils.java:logGet(46)) - raft.server.threadpool.server.size = 0 (default)
2022-09-12 01:26:25,214 [pool-583-thread-1] INFO  server.RaftServerConfigKeys (ConfUtils.java:logGet(46)) - raft.server.threadpool.client.cached = true (default)
2022-09-12 01:26:25,214 [pool-583-thread-1] INFO  server.RaftServerConfigKeys (ConfUtils.java:logGet(46)) - raft.server.threadpool.client.size = 0 (default)
2022-09-12 01:26:25,214 [pool-583-thread-1] INFO  server.RaftServer$Division (RaftServerImpl.java:start(310)) - b564eb4b-6269-4962-af5b-43ec56d2b182@group-9715620C97D4: start as a follower, conf=-1: [b564eb4b-6269-4962-af5b-43ec56d2b182|rpc:127.0.0.1:35021|priority:1], old=null
2022-09-12 01:26:25,214 [pool-583-thread-1] INFO  server.RaftServer$Division (RaftServerImpl.java:setRole(299)) - b564eb4b-6269-4962-af5b-43ec56d2b182@group-9715620C97D4: changes role from      null to FOLLOWER at term 0 for startAsFollower
2022-09-12 01:26:25,214 [pool-583-thread-1] INFO  impl.RoleInfo (RoleInfo.java:updateAndGet(139)) - b564eb4b-6269-4962-af5b-43ec56d2b182: start b564eb4b-6269-4962-af5b-43ec56d2b182@group-9715620C97D4-FollowerState
2022-09-12 01:26:25,222 [pool-583-thread-1] INFO  util.JmxRegister (JmxRegister.java:tryRegister(44)) - Successfully registered JMX Bean with object name Ratis:service=RaftServer,group=group-9715620C97D4,id=b564eb4b-6269-4962-af5b-43ec56d2b182
2022-09-12 01:26:25,236 [Command processor thread] INFO  ratis.XceiverServerRatis (XceiverServerRatis.java:addGroup(765)) - Created group PipelineID=43d14360-c7f8-47e9-8300-9715620c97d4
2022-09-12 01:26:25,236 [Command processor thread] INFO  commandhandler.CreatePipelineCommandHandler (CreatePipelineCommandHandler.java:handle(113)) - Created Pipeline RATIS ONE PipelineID=43d14360-c7f8-47e9-8300-9715620c97d4.
2022-09-12 01:26:25,237 [Command processor thread] INFO  server.RaftServer (RaftServerProxy.java:addNew(96)) - b564eb4b-6269-4962-af5b-43ec56d2b182: addNew group-5C65DE8FC2DF:[b564eb4b-6269-4962-af5b-43ec56d2b182|rpc:127.0.0.1:35021|priority:1, f7e5ee2c-7b8e-406b-8d8c-d8786c0ad6b9|rpc:127.0.0.1:39655|priority:0, d5da11d1-5249-48d1-b60b-926c81588dea|rpc:127.0.0.1:42835|priority:0] returns group-5C65DE8FC2DF:java.util.concurrent.CompletableFuture@59124d63[Not completed]
2022-09-12 01:26:25,237 [pool-583-thread-1] INFO  server.RaftServer$Division (RaftServerImpl.java:<init>(190)) - b564eb4b-6269-4962-af5b-43ec56d2b182: new RaftServerImpl for group-5C65DE8FC2DF:[b564eb4b-6269-4962-af5b-43ec56d2b182|rpc:127.0.0.1:35021|priority:1, f7e5ee2c-7b8e-406b-8d8c-d8786c0ad6b9|rpc:127.0.0.1:39655|priority:0, d5da11d1-5249-48d1-b60b-926c81588dea|rpc:127.0.0.1:42835|priority:0] with ContainerStateMachine:uninitialized
2022-09-12 01:26:25,237 [pool-583-thread-1] INFO  server.RaftServerConfigKeys (ConfUtils.java:logGet(46)) - raft.server.rpc.timeout.min = 5s (custom)
2022-09-12 01:26:25,238 [pool-583-thread-1] INFO  server.RaftServerConfigKeys (ConfUtils.java:logGet(46)) - raft.server.rpc.timeout.max = 5200ms (custom)
2022-09-12 01:26:25,238 [pool-583-thread-1] INFO  server.RaftServerConfigKeys (ConfUtils.java:logGet(46)) - raft.server.rpc.sleep.time = 25ms (default)
2022-09-12 01:26:25,238 [pool-583-thread-1] INFO  server.RaftServerConfigKeys (ConfUtils.java:logGet(46)) - raft.server.rpc.slowness.timeout = 300s (custom)
2022-09-12 01:26:25,238 [pool-583-thread-1] INFO  server.RaftServerConfigKeys (ConfUtils.java:logGet(46)) - raft.server.leaderelection.leader.step-down.wait-time = 10s (default)
2022-09-12 01:26:25,238 [pool-583-thread-1] INFO  server.RaftServerConfigKeys (ConfUtils.java:logGet(46)) - raft.server.sleep.deviation.threshold = 300ms (default)
2022-09-12 01:26:25,238 [pool-583-thread-1] INFO  server.RaftServer$Division (ServerState.java:<init>(107)) - b564eb4b-6269-4962-af5b-43ec56d2b182@group-5C65DE8FC2DF: ConfigurationManager, init=-1: [b564eb4b-6269-4962-af5b-43ec56d2b182|rpc:127.0.0.1:35021|priority:1, f7e5ee2c-7b8e-406b-8d8c-d8786c0ad6b9|rpc:127.0.0.1:39655|priority:0, d5da11d1-5249-48d1-b60b-926c81588dea|rpc:127.0.0.1:42835|priority:0], old=null, confs=<EMPTY_MAP>
2022-09-12 01:26:25,238 [pool-583-thread-1] INFO  server.RaftServerConfigKeys (ConfUtils.java:logGet(46)) - raft.server.storage.dir = [/home/runner/work/ozone/ozone/hadoop-ozone/integration-test/target/test-dir/MiniOzoneClusterImpl-a920e810-7507-4246-9d07-cfa876092e00/datanode-0/data/ratis] (custom)
2022-09-12 01:26:25,238 [pool-583-thread-1] INFO  server.RaftServerConfigKeys (ConfUtils.java:logGet(46)) - raft.server.log.corruption.policy = EXCEPTION (default)
2022-09-12 01:26:25,238 [pool-583-thread-1] INFO  server.RaftServerConfigKeys (ConfUtils.java:logGet(46)) - raft.server.storage.free-space.min = 0MB (=0) (default)
2022-09-12 01:26:25,238 [pool-583-thread-1] INFO  storage.RaftStorageDirectory (RaftStorageDirectoryImpl.java:analyzeStorage(135)) - The storage directory /home/runner/work/ozone/ozone/hadoop-ozone/integration-test/target/test-dir/MiniOzoneClusterImpl-a920e810-7507-4246-9d07-cfa876092e00/datanode-0/data/ratis/8cf02d82-884b-47d8-8990-5c65de8fc2df does not exist. Creating ...
2022-09-12 01:26:25,250 [pool-583-thread-1] INFO  storage.RaftStorageDirectory (RaftStorageDirectoryImpl.java:tryLock(230)) - Lock on /home/runner/work/ozone/ozone/hadoop-ozone/integration-test/target/test-dir/MiniOzoneClusterImpl-a920e810-7507-4246-9d07-cfa876092e00/datanode-0/data/ratis/8cf02d82-884b-47d8-8990-5c65de8fc2df/in_use.lock acquired by nodename 51693@fv-az167-317
2022-09-12 01:26:25,265 [pool-583-thread-1] INFO  storage.RaftStorage (RaftStorageImpl.java:format(89)) - Storage directory /home/runner/work/ozone/ozone/hadoop-ozone/integration-test/target/test-dir/MiniOzoneClusterImpl-a920e810-7507-4246-9d07-cfa876092e00/datanode-0/data/ratis/8cf02d82-884b-47d8-8990-5c65de8fc2df has been successfully formatted.
2022-09-12 01:26:25,265 [pool-583-thread-1] INFO  ratis.ContainerStateMachine (ContainerStateMachine.java:loadSnapshot(236)) - group-5C65DE8FC2DF: The snapshot info is null. Setting the last applied indexto:(t:0, i:~)
2022-09-12 01:26:25,266 [pool-583-thread-1] INFO  server.RaftServerConfigKeys (ConfUtils.java:logGet(46)) - raft.server.notification.no-leader.timeout = 300s (custom)
2022-09-12 01:26:25,266 [pool-583-thread-1] INFO  server.RaftServerConfigKeys (ConfUtils.java:logGet(46)) - raft.server.log.use.memory = false (default)
2022-09-12 01:26:25,266 [pool-583-thread-1] INFO  server.RaftServerConfigKeys (ConfUtils.java:logGet(46)) - raft.server.log.purge.gap = 1000000 (custom)
2022-09-12 01:26:25,266 [pool-583-thread-1] INFO  server.RaftServerConfigKeys (ConfUtils.java:logGet(46)) - raft.server.log.appender.buffer.byte-limit = 33554432 (custom)
2022-09-12 01:26:25,266 [pool-583-thread-1] INFO  server.RaftServerConfigKeys (ConfUtils.java:logGet(46)) - raft.server.log.statemachine.data.read.timeout = 1000ms (default)
2022-09-12 01:26:25,266 [pool-583-thread-1] INFO  server.RaftServerConfigKeys (ConfUtils.java:logGet(46)) - raft.server.log.segment.size.max = 1048576 (custom)
2022-09-12 01:26:25,266 [pool-583-thread-1] INFO  server.RaftServerConfigKeys (ConfUtils.java:logGet(46)) - raft.server.log.segment.cache.num.max = 2 (custom)
2022-09-12 01:26:25,266 [pool-583-thread-1] INFO  server.RaftServerConfigKeys (ConfUtils.java:logGet(46)) - raft.server.log.segment.cache.size.max = 200MB (=209715200) (default)
2022-09-12 01:26:25,266 [pool-583-thread-1] INFO  segmented.SegmentedRaftLogWorker (SegmentedRaftLogWorker.java:<init>(187)) - new b564eb4b-6269-4962-af5b-43ec56d2b182@group-5C65DE8FC2DF-SegmentedRaftLogWorker for RaftStorageImpl:Storage Directory /home/runner/work/ozone/ozone/hadoop-ozone/integration-test/target/test-dir/MiniOzoneClusterImpl-a920e810-7507-4246-9d07-cfa876092e00/datanode-0/data/ratis/8cf02d82-884b-47d8-8990-5c65de8fc2df
2022-09-12 01:26:25,266 [pool-583-thread-1] INFO  server.RaftServerConfigKeys (ConfUtils.java:logGet(46)) - raft.server.log.queue.byte-limit = 4294967296 (custom)
2022-09-12 01:26:25,267 [pool-583-thread-1] INFO  server.RaftServerConfigKeys (ConfUtils.java:logGet(46)) - raft.server.log.queue.element-limit = 1024 (custom)
2022-09-12 01:26:25,267 [pool-583-thread-1] INFO  server.RaftServerConfigKeys (ConfUtils.java:logGet(46)) - raft.server.log.segment.size.max = 1048576 (custom)
2022-09-12 01:26:25,267 [pool-583-thread-1] INFO  server.RaftServerConfigKeys (ConfUtils.java:logGet(46)) - raft.server.log.preallocated.size = 16384 (custom)
2022-09-12 01:26:25,267 [pool-583-thread-1] INFO  server.RaftServerConfigKeys (ConfUtils.java:logGet(46)) - raft.server.log.force.sync.num = 128 (default)
2022-09-12 01:26:25,267 [pool-583-thread-1] INFO  server.RaftServerConfigKeys (ConfUtils.java:logGet(46)) - raft.server.log.statemachine.data.sync = true (default)
2022-09-12 01:26:25,267 [pool-583-thread-1] INFO  server.RaftServerConfigKeys (ConfUtils.java:logGet(46)) - raft.server.log.statemachine.data.sync.timeout = 10s (default)
2022-09-12 01:26:25,267 [pool-583-thread-1] INFO  server.RaftServerConfigKeys (ConfUtils.java:logGet(46)) - raft.server.log.statemachine.data.sync.timeout.retry = -1 (default)
2022-09-12 01:26:25,267 [EventQueue-OpenPipelineForHealthyPipelineSafeModeRule] INFO  safemode.SCMSafeModeManager (HealthyPipelineSafeModeRule.java:process(137)) - SCM in safe mode. Healthy pipelines reported count is 0, required healthy pipeline reported count is 1
2022-09-12 01:26:25,268 [pool-583-thread-1] INFO  server.RaftServerConfigKeys (ConfUtils.java:logGet(46)) - raft.server.log.write.buffer.size = 1048576 (custom)
2022-09-12 01:26:25,268 [pool-583-thread-1] INFO  server.RaftServerConfigKeys (ConfUtils.java:logGet(46)) - raft.server.log.unsafe-flush.enabled = false (default)
2022-09-12 01:26:25,268 [pool-583-thread-1] INFO  server.RaftServerConfigKeys (ConfUtils.java:logGet(46)) - raft.server.log.statemachine.data.caching.enabled = true (custom)
2022-09-12 01:26:25,268 [pool-583-thread-1] INFO  segmented.SegmentedRaftLogWorker (SegmentedRaftLogWorker.java:lambda$new$0(135)) - b564eb4b-6269-4962-af5b-43ec56d2b182@group-5C65DE8FC2DF-SegmentedRaftLogWorker: flushIndex: setUnconditionally 0 -> -1
2022-09-12 01:26:25,268 [pool-583-thread-1] INFO  segmented.SegmentedRaftLogWorker (SegmentedRaftLogWorker.java:lambda$new$0(135)) - b564eb4b-6269-4962-af5b-43ec56d2b182@group-5C65DE8FC2DF-SegmentedRaftLogWorker: safeCacheEvictIndex: setUnconditionally 0 -> -1
2022-09-12 01:26:25,288 [pool-583-thread-1] INFO  server.RaftServerConfigKeys (ConfUtils.java:logGet(46)) - raft.server.snapshot.auto.trigger.enabled = true (custom)
2022-09-12 01:26:25,288 [pool-583-thread-1] INFO  server.RaftServerConfigKeys (ConfUtils.java:logGet(46)) - raft.server.snapshot.auto.trigger.threshold = 10000 (custom)
2022-09-12 01:26:25,288 [pool-583-thread-1] INFO  server.RaftServerConfigKeys (ConfUtils.java:logGet(46)) - raft.server.snapshot.retention.file.num = 5 (custom)
2022-09-12 01:26:25,288 [pool-583-thread-1] INFO  server.RaftServerConfigKeys (ConfUtils.java:logGet(46)) - raft.server.log.purge.upto.snapshot.index = false (default)
2022-09-12 01:26:25,288 [pool-583-thread-1] INFO  server.RaftServerConfigKeys (ConfUtils.java:logGet(46)) - raft.server.retrycache.expirytime = 600000ms (custom)
2022-09-12 01:26:25,288 [pool-583-thread-1] INFO  server.RaftServerConfigKeys (ConfUtils.java:logGet(46)) - raft.server.retrycache.statistics.expirytime = 100μs (default)
2022-09-12 01:26:25,289 [pool-583-thread-1] INFO  server.RaftServerConfigKeys (ConfUtils.java:logGet(46)) - raft.server.log.appender.install.snapshot.enabled = false (custom)
2022-09-12 01:26:25,289 [pool-583-thread-1] INFO  server.RaftServerConfigKeys (ConfUtils.java:logGet(46)) - raft.server.threadpool.server.cached = true (default)
2022-09-12 01:26:25,289 [pool-583-thread-1] INFO  server.RaftServerConfigKeys (ConfUtils.java:logGet(46)) - raft.server.threadpool.server.size = 0 (default)
2022-09-12 01:26:25,289 [pool-583-thread-1] INFO  server.RaftServerConfigKeys (ConfUtils.java:logGet(46)) - raft.server.threadpool.client.cached = true (default)
2022-09-12 01:26:25,289 [pool-583-thread-1] INFO  server.RaftServerConfigKeys (ConfUtils.java:logGet(46)) - raft.server.threadpool.client.size = 0 (default)
2022-09-12 01:26:25,289 [pool-583-thread-1] INFO  server.RaftServer$Division (RaftServerImpl.java:start(310)) - b564eb4b-6269-4962-af5b-43ec56d2b182@group-5C65DE8FC2DF: start as a follower, conf=-1: [b564eb4b-6269-4962-af5b-43ec56d2b182|rpc:127.0.0.1:35021|priority:1, f7e5ee2c-7b8e-406b-8d8c-d8786c0ad6b9|rpc:127.0.0.1:39655|priority:0, d5da11d1-5249-48d1-b60b-926c81588dea|rpc:127.0.0.1:42835|priority:0], old=null
2022-09-12 01:26:25,289 [pool-583-thread-1] INFO  server.RaftServer$Division (RaftServerImpl.java:setRole(299)) - b564eb4b-6269-4962-af5b-43ec56d2b182@group-5C65DE8FC2DF: changes role from      null to FOLLOWER at term 0 for startAsFollower
2022-09-12 01:26:25,289 [pool-583-thread-1] INFO  impl.RoleInfo (RoleInfo.java:updateAndGet(139)) - b564eb4b-6269-4962-af5b-43ec56d2b182: start b564eb4b-6269-4962-af5b-43ec56d2b182@group-5C65DE8FC2DF-FollowerState
2022-09-12 01:26:25,304 [pool-583-thread-1] INFO  util.JmxRegister (JmxRegister.java:tryRegister(44)) - Successfully registered JMX Bean with object name Ratis:service=RaftServer,group=group-5C65DE8FC2DF,id=b564eb4b-6269-4962-af5b-43ec56d2b182
2022-09-12 01:26:25,316 [Command processor thread] INFO  ratis.XceiverServerRatis (XceiverServerRatis.java:addGroup(765)) - Created group PipelineID=8cf02d82-884b-47d8-8990-5c65de8fc2df
2022-09-12 01:26:25,327 [grpc-default-executor-4] INFO  server.RaftServer (RaftServerProxy.java:addNew(96)) - f7e5ee2c-7b8e-406b-8d8c-d8786c0ad6b9: addNew group-5C65DE8FC2DF:[b564eb4b-6269-4962-af5b-43ec56d2b182|rpc:127.0.0.1:35021|dataStream:|priority:1, f7e5ee2c-7b8e-406b-8d8c-d8786c0ad6b9|rpc:127.0.0.1:39655|dataStream:|priority:0, d5da11d1-5249-48d1-b60b-926c81588dea|rpc:127.0.0.1:42835|dataStream:|priority:0] returns group-5C65DE8FC2DF:java.util.concurrent.CompletableFuture@297c577c[Not completed]
2022-09-12 01:26:25,361 [pool-629-thread-1] INFO  server.RaftServer$Division (RaftServerImpl.java:<init>(190)) - f7e5ee2c-7b8e-406b-8d8c-d8786c0ad6b9: new RaftServerImpl for group-5C65DE8FC2DF:[b564eb4b-6269-4962-af5b-43ec56d2b182|rpc:127.0.0.1:35021|dataStream:|priority:1, f7e5ee2c-7b8e-406b-8d8c-d8786c0ad6b9|rpc:127.0.0.1:39655|dataStream:|priority:0, d5da11d1-5249-48d1-b60b-926c81588dea|rpc:127.0.0.1:42835|dataStream:|priority:0] with ContainerStateMachine:uninitialized
2022-09-12 01:26:25,361 [pool-629-thread-1] INFO  server.RaftServerConfigKeys (ConfUtils.java:logGet(46)) - raft.server.rpc.timeout.min = 5s (custom)
2022-09-12 01:26:25,361 [pool-629-thread-1] INFO  server.RaftServerConfigKeys (ConfUtils.java:logGet(46)) - raft.server.rpc.timeout.max = 5200ms (custom)
2022-09-12 01:26:25,361 [pool-629-thread-1] INFO  server.RaftServerConfigKeys (ConfUtils.java:logGet(46)) - raft.server.rpc.sleep.time = 25ms (default)
2022-09-12 01:26:25,361 [pool-629-thread-1] INFO  server.RaftServerConfigKeys (ConfUtils.java:logGet(46)) - raft.server.rpc.slowness.timeout = 300s (custom)
2022-09-12 01:26:25,361 [pool-629-thread-1] INFO  server.RaftServerConfigKeys (ConfUtils.java:logGet(46)) - raft.server.leaderelection.leader.step-down.wait-time = 10s (default)
2022-09-12 01:26:25,361 [pool-629-thread-1] INFO  server.RaftServerConfigKeys (ConfUtils.java:logGet(46)) - raft.server.sleep.deviation.threshold = 300ms (default)
2022-09-12 01:26:25,361 [pool-629-thread-1] INFO  server.RaftServer$Division (ServerState.java:<init>(107)) - f7e5ee2c-7b8e-406b-8d8c-d8786c0ad6b9@group-5C65DE8FC2DF: ConfigurationManager, init=-1: [b564eb4b-6269-4962-af5b-43ec56d2b182|rpc:127.0.0.1:35021|dataStream:|priority:1, f7e5ee2c-7b8e-406b-8d8c-d8786c0ad6b9|rpc:127.0.0.1:39655|dataStream:|priority:0, d5da11d1-5249-48d1-b60b-926c81588dea|rpc:127.0.0.1:42835|dataStream:|priority:0], old=null, confs=<EMPTY_MAP>
2022-09-12 01:26:25,361 [pool-629-thread-1] INFO  server.RaftServerConfigKeys (ConfUtils.java:logGet(46)) - raft.server.storage.dir = [/home/runner/work/ozone/ozone/hadoop-ozone/integration-test/target/test-dir/MiniOzoneClusterImpl-a920e810-7507-4246-9d07-cfa876092e00/datanode-2/data/ratis] (custom)
2022-09-12 01:26:25,361 [pool-629-thread-1] INFO  server.RaftServerConfigKeys (ConfUtils.java:logGet(46)) - raft.server.log.corruption.policy = EXCEPTION (default)
2022-09-12 01:26:25,361 [pool-629-thread-1] INFO  server.RaftServerConfigKeys (ConfUtils.java:logGet(46)) - raft.server.storage.free-space.min = 0MB (=0) (default)
2022-09-12 01:26:25,361 [pool-629-thread-1] INFO  storage.RaftStorageDirectory (RaftStorageDirectoryImpl.java:analyzeStorage(135)) - The storage directory /home/runner/work/ozone/ozone/hadoop-ozone/integration-test/target/test-dir/MiniOzoneClusterImpl-a920e810-7507-4246-9d07-cfa876092e00/datanode-2/data/ratis/8cf02d82-884b-47d8-8990-5c65de8fc2df does not exist. Creating ...
2022-09-12 01:26:25,362 [pool-629-thread-1] INFO  storage.RaftStorageDirectory (RaftStorageDirectoryImpl.java:tryLock(230)) - Lock on /home/runner/work/ozone/ozone/hadoop-ozone/integration-test/target/test-dir/MiniOzoneClusterImpl-a920e810-7507-4246-9d07-cfa876092e00/datanode-2/data/ratis/8cf02d82-884b-47d8-8990-5c65de8fc2df/in_use.lock acquired by nodename 51693@fv-az167-317
2022-09-12 01:26:25,363 [pool-629-thread-1] INFO  storage.RaftStorage (RaftStorageImpl.java:format(89)) - Storage directory /home/runner/work/ozone/ozone/hadoop-ozone/integration-test/target/test-dir/MiniOzoneClusterImpl-a920e810-7507-4246-9d07-cfa876092e00/datanode-2/data/ratis/8cf02d82-884b-47d8-8990-5c65de8fc2df has been successfully formatted.
2022-09-12 01:26:25,363 [pool-629-thread-1] INFO  ratis.ContainerStateMachine (ContainerStateMachine.java:loadSnapshot(236)) - group-5C65DE8FC2DF: The snapshot info is null. Setting the last applied indexto:(t:0, i:~)
2022-09-12 01:26:25,364 [pool-629-thread-1] INFO  server.RaftServerConfigKeys (ConfUtils.java:logGet(46)) - raft.server.notification.no-leader.timeout = 300s (custom)
2022-09-12 01:26:25,364 [pool-629-thread-1] INFO  server.RaftServerConfigKeys (ConfUtils.java:logGet(46)) - raft.server.log.use.memory = false (default)
2022-09-12 01:26:25,364 [pool-629-thread-1] INFO  server.RaftServerConfigKeys (ConfUtils.java:logGet(46)) - raft.server.log.purge.gap = 1000000 (custom)
2022-09-12 01:26:25,364 [pool-629-thread-1] INFO  server.RaftServerConfigKeys (ConfUtils.java:logGet(46)) - raft.server.log.appender.buffer.byte-limit = 33554432 (custom)
2022-09-12 01:26:25,364 [pool-629-thread-1] INFO  server.RaftServerConfigKeys (ConfUtils.java:logGet(46)) - raft.server.log.statemachine.data.read.timeout = 1000ms (default)
2022-09-12 01:26:25,365 [pool-629-thread-1] INFO  server.RaftServerConfigKeys (ConfUtils.java:logGet(46)) - raft.server.log.segment.size.max = 1048576 (custom)
2022-09-12 01:26:25,365 [pool-629-thread-1] INFO  server.RaftServerConfigKeys (ConfUtils.java:logGet(46)) - raft.server.log.segment.cache.num.max = 2 (custom)
2022-09-12 01:26:25,365 [pool-629-thread-1] INFO  server.RaftServerConfigKeys (ConfUtils.java:logGet(46)) - raft.server.log.segment.cache.size.max = 200MB (=209715200) (default)
2022-09-12 01:26:25,365 [pool-629-thread-1] INFO  segmented.SegmentedRaftLogWorker (SegmentedRaftLogWorker.java:<init>(187)) - new f7e5ee2c-7b8e-406b-8d8c-d8786c0ad6b9@group-5C65DE8FC2DF-SegmentedRaftLogWorker for RaftStorageImpl:Storage Directory /home/runner/work/ozone/ozone/hadoop-ozone/integration-test/target/test-dir/MiniOzoneClusterImpl-a920e810-7507-4246-9d07-cfa876092e00/datanode-2/data/ratis/8cf02d82-884b-47d8-8990-5c65de8fc2df
2022-09-12 01:26:25,365 [pool-629-thread-1] INFO  server.RaftServerConfigKeys (ConfUtils.java:logGet(46)) - raft.server.log.queue.byte-limit = 4294967296 (custom)
2022-09-12 01:26:25,365 [pool-629-thread-1] INFO  server.RaftServerConfigKeys (ConfUtils.java:logGet(46)) - raft.server.log.queue.element-limit = 1024 (custom)
2022-09-12 01:26:25,365 [pool-629-thread-1] INFO  server.RaftServerConfigKeys (ConfUtils.java:logGet(46)) - raft.server.log.segment.size.max = 1048576 (custom)
2022-09-12 01:26:25,365 [pool-629-thread-1] INFO  server.RaftServerConfigKeys (ConfUtils.java:logGet(46)) - raft.server.log.preallocated.size = 16384 (custom)
2022-09-12 01:26:25,365 [pool-629-thread-1] INFO  server.RaftServerConfigKeys (ConfUtils.java:logGet(46)) - raft.server.log.force.sync.num = 128 (default)
2022-09-12 01:26:25,365 [pool-629-thread-1] INFO  server.RaftServerConfigKeys (ConfUtils.java:logGet(46)) - raft.server.log.statemachine.data.sync = true (default)
2022-09-12 01:26:25,365 [pool-629-thread-1] INFO  server.RaftServerConfigKeys (ConfUtils.java:logGet(46)) - raft.server.log.statemachine.data.sync.timeout = 10s (default)
2022-09-12 01:26:25,365 [pool-629-thread-1] INFO  server.RaftServerConfigKeys (ConfUtils.java:logGet(46)) - raft.server.log.statemachine.data.sync.timeout.retry = -1 (default)
2022-09-12 01:26:25,367 [pool-629-thread-1] INFO  server.RaftServerConfigKeys (ConfUtils.java:logGet(46)) - raft.server.log.write.buffer.size = 1048576 (custom)
2022-09-12 01:26:25,368 [pool-629-thread-1] INFO  server.RaftServerConfigKeys (ConfUtils.java:logGet(46)) - raft.server.log.unsafe-flush.enabled = false (default)
2022-09-12 01:26:25,368 [pool-629-thread-1] INFO  server.RaftServerConfigKeys (ConfUtils.java:logGet(46)) - raft.server.log.statemachine.data.caching.enabled = true (custom)
2022-09-12 01:26:25,368 [pool-629-thread-1] INFO  segmented.SegmentedRaftLogWorker (SegmentedRaftLogWorker.java:lambda$new$0(135)) - f7e5ee2c-7b8e-406b-8d8c-d8786c0ad6b9@group-5C65DE8FC2DF-SegmentedRaftLogWorker: flushIndex: setUnconditionally 0 -> -1
2022-09-12 01:26:25,368 [pool-629-thread-1] INFO  segmented.SegmentedRaftLogWorker (SegmentedRaftLogWorker.java:lambda$new$0(135)) - f7e5ee2c-7b8e-406b-8d8c-d8786c0ad6b9@group-5C65DE8FC2DF-SegmentedRaftLogWorker: safeCacheEvictIndex: setUnconditionally 0 -> -1
2022-09-12 01:26:25,409 [pool-629-thread-1] INFO  server.RaftServerConfigKeys (ConfUtils.java:logGet(46)) - raft.server.snapshot.auto.trigger.enabled = true (custom)
2022-09-12 01:26:25,410 [pool-629-thread-1] INFO  server.RaftServerConfigKeys (ConfUtils.java:logGet(46)) - raft.server.snapshot.auto.trigger.threshold = 10000 (custom)
2022-09-12 01:26:25,410 [pool-629-thread-1] INFO  server.RaftServerConfigKeys (ConfUtils.java:logGet(46)) - raft.server.snapshot.retention.file.num = 5 (custom)
2022-09-12 01:26:25,410 [pool-629-thread-1] INFO  server.RaftServerConfigKeys (ConfUtils.java:logGet(46)) - raft.server.log.purge.upto.snapshot.index = false (default)
2022-09-12 01:26:25,410 [pool-629-thread-1] INFO  server.RaftServerConfigKeys (ConfUtils.java:logGet(46)) - raft.server.retrycache.expirytime = 600000ms (custom)
2022-09-12 01:26:25,410 [pool-629-thread-1] INFO  server.RaftServerConfigKeys (ConfUtils.java:logGet(46)) - raft.server.retrycache.statistics.expirytime = 100μs (default)
2022-09-12 01:26:25,411 [pool-629-thread-1] INFO  server.RaftServerConfigKeys (ConfUtils.java:logGet(46)) - raft.server.log.appender.install.snapshot.enabled = false (custom)
2022-09-12 01:26:25,411 [pool-629-thread-1] INFO  server.RaftServerConfigKeys (ConfUtils.java:logGet(46)) - raft.server.threadpool.server.cached = true (default)
2022-09-12 01:26:25,411 [pool-629-thread-1] INFO  server.RaftServerConfigKeys (ConfUtils.java:logGet(46)) - raft.server.threadpool.server.size = 0 (default)
2022-09-12 01:26:25,411 [pool-629-thread-1] INFO  server.RaftServerConfigKeys (ConfUtils.java:logGet(46)) - raft.server.threadpool.client.cached = true (default)
2022-09-12 01:26:25,411 [pool-629-thread-1] INFO  server.RaftServerConfigKeys (ConfUtils.java:logGet(46)) - raft.server.threadpool.client.size = 0 (default)
2022-09-12 01:26:25,411 [pool-629-thread-1] INFO  server.RaftServer$Division (RaftServerImpl.java:start(310)) - f7e5ee2c-7b8e-406b-8d8c-d8786c0ad6b9@group-5C65DE8FC2DF: start as a follower, conf=-1: [b564eb4b-6269-4962-af5b-43ec56d2b182|rpc:127.0.0.1:35021|dataStream:|priority:1, f7e5ee2c-7b8e-406b-8d8c-d8786c0ad6b9|rpc:127.0.0.1:39655|dataStream:|priority:0, d5da11d1-5249-48d1-b60b-926c81588dea|rpc:127.0.0.1:42835|dataStream:|priority:0], old=null
2022-09-12 01:26:25,411 [pool-629-thread-1] INFO  server.RaftServer$Division (RaftServerImpl.java:setRole(299)) - f7e5ee2c-7b8e-406b-8d8c-d8786c0ad6b9@group-5C65DE8FC2DF: changes role from      null to FOLLOWER at term 0 for startAsFollower
2022-09-12 01:26:25,411 [pool-629-thread-1] INFO  impl.RoleInfo (RoleInfo.java:updateAndGet(139)) - f7e5ee2c-7b8e-406b-8d8c-d8786c0ad6b9: start f7e5ee2c-7b8e-406b-8d8c-d8786c0ad6b9@group-5C65DE8FC2DF-FollowerState
2022-09-12 01:26:25,416 [pool-629-thread-1] INFO  util.JmxRegister (JmxRegister.java:tryRegister(44)) - Successfully registered JMX Bean with object name Ratis:service=RaftServer,group=group-5C65DE8FC2DF,id=f7e5ee2c-7b8e-406b-8d8c-d8786c0ad6b9
2022-09-12 01:26:25,468 [grpc-default-executor-2] INFO  server.RaftServer (RaftServerProxy.java:addNew(96)) - d5da11d1-5249-48d1-b60b-926c81588dea: addNew group-5C65DE8FC2DF:[b564eb4b-6269-4962-af5b-43ec56d2b182|rpc:127.0.0.1:35021|dataStream:|priority:1, f7e5ee2c-7b8e-406b-8d8c-d8786c0ad6b9|rpc:127.0.0.1:39655|dataStream:|priority:0, d5da11d1-5249-48d1-b60b-926c81588dea|rpc:127.0.0.1:42835|dataStream:|priority:0] returns group-5C65DE8FC2DF:java.util.concurrent.CompletableFuture@52ec7b7c[Not completed]
2022-09-12 01:26:25,470 [pool-606-thread-1] INFO  server.RaftServer$Division (RaftServerImpl.java:<init>(190)) - d5da11d1-5249-48d1-b60b-926c81588dea: new RaftServerImpl for group-5C65DE8FC2DF:[b564eb4b-6269-4962-af5b-43ec56d2b182|rpc:127.0.0.1:35021|dataStream:|priority:1, f7e5ee2c-7b8e-406b-8d8c-d8786c0ad6b9|rpc:127.0.0.1:39655|dataStream:|priority:0, d5da11d1-5249-48d1-b60b-926c81588dea|rpc:127.0.0.1:42835|dataStream:|priority:0] with ContainerStateMachine:uninitialized
2022-09-12 01:26:25,470 [pool-606-thread-1] INFO  server.RaftServerConfigKeys (ConfUtils.java:logGet(46)) - raft.server.rpc.timeout.min = 5s (custom)
2022-09-12 01:26:25,470 [pool-606-thread-1] INFO  server.RaftServerConfigKeys (ConfUtils.java:logGet(46)) - raft.server.rpc.timeout.max = 5200ms (custom)
2022-09-12 01:26:25,470 [pool-606-thread-1] INFO  server.RaftServerConfigKeys (ConfUtils.java:logGet(46)) - raft.server.rpc.sleep.time = 25ms (default)
2022-09-12 01:26:25,470 [pool-606-thread-1] INFO  server.RaftServerConfigKeys (ConfUtils.java:logGet(46)) - raft.server.rpc.slowness.timeout = 300s (custom)
2022-09-12 01:26:25,470 [pool-606-thread-1] INFO  server.RaftServerConfigKeys (ConfUtils.java:logGet(46)) - raft.server.leaderelection.leader.step-down.wait-time = 10s (default)
2022-09-12 01:26:25,470 [pool-606-thread-1] INFO  server.RaftServerConfigKeys (ConfUtils.java:logGet(46)) - raft.server.sleep.deviation.threshold = 300ms (default)
2022-09-12 01:26:25,471 [pool-606-thread-1] INFO  server.RaftServer$Division (ServerState.java:<init>(107)) - d5da11d1-5249-48d1-b60b-926c81588dea@group-5C65DE8FC2DF: ConfigurationManager, init=-1: [b564eb4b-6269-4962-af5b-43ec56d2b182|rpc:127.0.0.1:35021|dataStream:|priority:1, f7e5ee2c-7b8e-406b-8d8c-d8786c0ad6b9|rpc:127.0.0.1:39655|dataStream:|priority:0, d5da11d1-5249-48d1-b60b-926c81588dea|rpc:127.0.0.1:42835|dataStream:|priority:0], old=null, confs=<EMPTY_MAP>
2022-09-12 01:26:25,471 [pool-606-thread-1] INFO  server.RaftServerConfigKeys (ConfUtils.java:logGet(46)) - raft.server.storage.dir = [/home/runner/work/ozone/ozone/hadoop-ozone/integration-test/target/test-dir/MiniOzoneClusterImpl-a920e810-7507-4246-9d07-cfa876092e00/datanode-1/data/ratis] (custom)
2022-09-12 01:26:25,471 [pool-606-thread-1] INFO  server.RaftServerConfigKeys (ConfUtils.java:logGet(46)) - raft.server.log.corruption.policy = EXCEPTION (default)
2022-09-12 01:26:25,471 [pool-606-thread-1] INFO  server.RaftServerConfigKeys (ConfUtils.java:logGet(46)) - raft.server.storage.free-space.min = 0MB (=0) (default)
2022-09-12 01:26:25,471 [pool-606-thread-1] INFO  storage.RaftStorageDirectory (RaftStorageDirectoryImpl.java:analyzeStorage(135)) - The storage directory /home/runner/work/ozone/ozone/hadoop-ozone/integration-test/target/test-dir/MiniOzoneClusterImpl-a920e810-7507-4246-9d07-cfa876092e00/datanode-1/data/ratis/8cf02d82-884b-47d8-8990-5c65de8fc2df does not exist. Creating ...
2022-09-12 01:26:25,476 [pool-606-thread-1] INFO  storage.RaftStorageDirectory (RaftStorageDirectoryImpl.java:tryLock(230)) - Lock on /home/runner/work/ozone/ozone/hadoop-ozone/integration-test/target/test-dir/MiniOzoneClusterImpl-a920e810-7507-4246-9d07-cfa876092e00/datanode-1/data/ratis/8cf02d82-884b-47d8-8990-5c65de8fc2df/in_use.lock acquired by nodename 51693@fv-az167-317
2022-09-12 01:26:25,477 [pool-606-thread-1] INFO  storage.RaftStorage (RaftStorageImpl.java:format(89)) - Storage directory /home/runner/work/ozone/ozone/hadoop-ozone/integration-test/target/test-dir/MiniOzoneClusterImpl-a920e810-7507-4246-9d07-cfa876092e00/datanode-1/data/ratis/8cf02d82-884b-47d8-8990-5c65de8fc2df has been successfully formatted.
2022-09-12 01:26:25,483 [pool-606-thread-1] INFO  ratis.ContainerStateMachine (ContainerStateMachine.java:loadSnapshot(236)) - group-5C65DE8FC2DF: The snapshot info is null. Setting the last applied indexto:(t:0, i:~)
2022-09-12 01:26:25,484 [pool-606-thread-1] INFO  server.RaftServerConfigKeys (ConfUtils.java:logGet(46)) - raft.server.notification.no-leader.timeout = 300s (custom)
2022-09-12 01:26:25,484 [pool-606-thread-1] INFO  server.RaftServerConfigKeys (ConfUtils.java:logGet(46)) - raft.server.log.use.memory = false (default)
2022-09-12 01:26:25,484 [pool-606-thread-1] INFO  server.RaftServerConfigKeys (ConfUtils.java:logGet(46)) - raft.server.log.purge.gap = 1000000 (custom)
2022-09-12 01:26:25,484 [pool-606-thread-1] INFO  server.RaftServerConfigKeys (ConfUtils.java:logGet(46)) - raft.server.log.appender.buffer.byte-limit = 33554432 (custom)
2022-09-12 01:26:25,484 [pool-606-thread-1] INFO  server.RaftServerConfigKeys (ConfUtils.java:logGet(46)) - raft.server.log.statemachine.data.read.timeout = 1000ms (default)
2022-09-12 01:26:25,484 [pool-606-thread-1] INFO  server.RaftServerConfigKeys (ConfUtils.java:logGet(46)) - raft.server.log.segment.size.max = 1048576 (custom)
2022-09-12 01:26:25,484 [pool-606-thread-1] INFO  server.RaftServerConfigKeys (ConfUtils.java:logGet(46)) - raft.server.log.segment.cache.num.max = 2 (custom)
2022-09-12 01:26:25,485 [pool-606-thread-1] INFO  server.RaftServerConfigKeys (ConfUtils.java:logGet(46)) - raft.server.log.segment.cache.size.max = 200MB (=209715200) (default)
2022-09-12 01:26:25,485 [pool-606-thread-1] INFO  segmented.SegmentedRaftLogWorker (SegmentedRaftLogWorker.java:<init>(187)) - new d5da11d1-5249-48d1-b60b-926c81588dea@group-5C65DE8FC2DF-SegmentedRaftLogWorker for RaftStorageImpl:Storage Directory /home/runner/work/ozone/ozone/hadoop-ozone/integration-test/target/test-dir/MiniOzoneClusterImpl-a920e810-7507-4246-9d07-cfa876092e00/datanode-1/data/ratis/8cf02d82-884b-47d8-8990-5c65de8fc2df
2022-09-12 01:26:25,485 [pool-606-thread-1] INFO  server.RaftServerConfigKeys (ConfUtils.java:logGet(46)) - raft.server.log.queue.byte-limit = 4294967296 (custom)
2022-09-12 01:26:25,485 [pool-606-thread-1] INFO  server.RaftServerConfigKeys (ConfUtils.java:logGet(46)) - raft.server.log.queue.element-limit = 1024 (custom)
2022-09-12 01:26:25,485 [pool-606-thread-1] INFO  server.RaftServerConfigKeys (ConfUtils.java:logGet(46)) - raft.server.log.segment.size.max = 1048576 (custom)
2022-09-12 01:26:25,485 [pool-606-thread-1] INFO  server.RaftServerConfigKeys (ConfUtils.java:logGet(46)) - raft.server.log.preallocated.size = 16384 (custom)
2022-09-12 01:26:25,485 [pool-606-thread-1] INFO  server.RaftServerConfigKeys (ConfUtils.java:logGet(46)) - raft.server.log.force.sync.num = 128 (default)
2022-09-12 01:26:25,485 [pool-606-thread-1] INFO  server.RaftServerConfigKeys (ConfUtils.java:logGet(46)) - raft.server.log.statemachine.data.sync = true (default)
2022-09-12 01:26:25,485 [pool-606-thread-1] INFO  server.RaftServerConfigKeys (ConfUtils.java:logGet(46)) - raft.server.log.statemachine.data.sync.timeout = 10s (default)
2022-09-12 01:26:25,485 [pool-606-thread-1] INFO  server.RaftServerConfigKeys (ConfUtils.java:logGet(46)) - raft.server.log.statemachine.data.sync.timeout.retry = -1 (default)
2022-09-12 01:26:25,486 [pool-606-thread-1] INFO  server.RaftServerConfigKeys (ConfUtils.java:logGet(46)) - raft.server.log.write.buffer.size = 1048576 (custom)
2022-09-12 01:26:25,486 [pool-606-thread-1] INFO  server.RaftServerConfigKeys (ConfUtils.java:logGet(46)) - raft.server.log.unsafe-flush.enabled = false (default)
2022-09-12 01:26:25,486 [pool-606-thread-1] INFO  server.RaftServerConfigKeys (ConfUtils.java:logGet(46)) - raft.server.log.statemachine.data.caching.enabled = true (custom)
2022-09-12 01:26:25,486 [pool-606-thread-1] INFO  segmented.SegmentedRaftLogWorker (SegmentedRaftLogWorker.java:lambda$new$0(135)) - d5da11d1-5249-48d1-b60b-926c81588dea@group-5C65DE8FC2DF-SegmentedRaftLogWorker: flushIndex: setUnconditionally 0 -> -1
2022-09-12 01:26:25,486 [pool-606-thread-1] INFO  segmented.SegmentedRaftLogWorker (SegmentedRaftLogWorker.java:lambda$new$0(135)) - d5da11d1-5249-48d1-b60b-926c81588dea@group-5C65DE8FC2DF-SegmentedRaftLogWorker: safeCacheEvictIndex: setUnconditionally 0 -> -1
2022-09-12 01:26:25,487 [pool-606-thread-1] INFO  server.RaftServerConfigKeys (ConfUtils.java:logGet(46)) - raft.server.snapshot.auto.trigger.enabled = true (custom)
2022-09-12 01:26:25,487 [pool-606-thread-1] INFO  server.RaftServerConfigKeys (ConfUtils.java:logGet(46)) - raft.server.snapshot.auto.trigger.threshold = 10000 (custom)
2022-09-12 01:26:25,487 [pool-606-thread-1] INFO  server.RaftServerConfigKeys (ConfUtils.java:logGet(46)) - raft.server.snapshot.retention.file.num = 5 (custom)
2022-09-12 01:26:25,487 [pool-606-thread-1] INFO  server.RaftServerConfigKeys (ConfUtils.java:logGet(46)) - raft.server.log.purge.upto.snapshot.index = false (default)
2022-09-12 01:26:25,487 [pool-606-thread-1] INFO  server.RaftServerConfigKeys (ConfUtils.java:logGet(46)) - raft.server.retrycache.expirytime = 600000ms (custom)
2022-09-12 01:26:25,487 [pool-606-thread-1] INFO  server.RaftServerConfigKeys (ConfUtils.java:logGet(46)) - raft.server.retrycache.statistics.expirytime = 100μs (default)
2022-09-12 01:26:25,488 [pool-606-thread-1] INFO  server.RaftServerConfigKeys (ConfUtils.java:logGet(46)) - raft.server.log.appender.install.snapshot.enabled = false (custom)
2022-09-12 01:26:25,488 [pool-606-thread-1] INFO  server.RaftServerConfigKeys (ConfUtils.java:logGet(46)) - raft.server.threadpool.server.cached = true (default)
2022-09-12 01:26:25,488 [pool-606-thread-1] INFO  server.RaftServerConfigKeys (ConfUtils.java:logGet(46)) - raft.server.threadpool.server.size = 0 (default)
2022-09-12 01:26:25,488 [pool-606-thread-1] INFO  server.RaftServerConfigKeys (ConfUtils.java:logGet(46)) - raft.server.threadpool.client.cached = true (default)
2022-09-12 01:26:25,488 [pool-606-thread-1] INFO  server.RaftServerConfigKeys (ConfUtils.java:logGet(46)) - raft.server.threadpool.client.size = 0 (default)
2022-09-12 01:26:25,488 [pool-606-thread-1] INFO  server.RaftServer$Division (RaftServerImpl.java:start(310)) - d5da11d1-5249-48d1-b60b-926c81588dea@group-5C65DE8FC2DF: start as a follower, conf=-1: [b564eb4b-6269-4962-af5b-43ec56d2b182|rpc:127.0.0.1:35021|dataStream:|priority:1, f7e5ee2c-7b8e-406b-8d8c-d8786c0ad6b9|rpc:127.0.0.1:39655|dataStream:|priority:0, d5da11d1-5249-48d1-b60b-926c81588dea|rpc:127.0.0.1:42835|dataStream:|priority:0], old=null
2022-09-12 01:26:25,488 [pool-606-thread-1] INFO  server.RaftServer$Division (RaftServerImpl.java:setRole(299)) - d5da11d1-5249-48d1-b60b-926c81588dea@group-5C65DE8FC2DF: changes role from      null to FOLLOWER at term 0 for startAsFollower
2022-09-12 01:26:25,488 [pool-606-thread-1] INFO  impl.RoleInfo (RoleInfo.java:updateAndGet(139)) - d5da11d1-5249-48d1-b60b-926c81588dea: start d5da11d1-5249-48d1-b60b-926c81588dea@group-5C65DE8FC2DF-FollowerState
2022-09-12 01:26:25,492 [pool-606-thread-1] INFO  util.JmxRegister (JmxRegister.java:tryRegister(44)) - Successfully registered JMX Bean with object name Ratis:service=RaftServer,group=group-5C65DE8FC2DF,id=d5da11d1-5249-48d1-b60b-926c81588dea
2022-09-12 01:26:25,501 [Command processor thread] INFO  commandhandler.CreatePipelineCommandHandler (CreatePipelineCommandHandler.java:handle(113)) - Created Pipeline RATIS THREE PipelineID=8cf02d82-884b-47d8-8990-5c65de8fc2df.
2022-09-12 01:26:25,501 [Command processor thread] INFO  server.RaftServer (RaftServerProxy.java:addNew(96)) - b564eb4b-6269-4962-af5b-43ec56d2b182: addNew group-CD192C663FF1:[f7e5ee2c-7b8e-406b-8d8c-d8786c0ad6b9|rpc:127.0.0.1:39655|priority:0, b564eb4b-6269-4962-af5b-43ec56d2b182|rpc:127.0.0.1:35021|priority:0, d5da11d1-5249-48d1-b60b-926c81588dea|rpc:127.0.0.1:42835|priority:1] returns group-CD192C663FF1:java.util.concurrent.CompletableFuture@6f86a726[Not completed]
2022-09-12 01:26:25,502 [pool-583-thread-1] INFO  server.RaftServer$Division (RaftServerImpl.java:<init>(190)) - b564eb4b-6269-4962-af5b-43ec56d2b182: new RaftServerImpl for group-CD192C663FF1:[f7e5ee2c-7b8e-406b-8d8c-d8786c0ad6b9|rpc:127.0.0.1:39655|priority:0, b564eb4b-6269-4962-af5b-43ec56d2b182|rpc:127.0.0.1:35021|priority:0, d5da11d1-5249-48d1-b60b-926c81588dea|rpc:127.0.0.1:42835|priority:1] with ContainerStateMachine:uninitialized
2022-09-12 01:26:25,502 [pool-583-thread-1] INFO  server.RaftServerConfigKeys (ConfUtils.java:logGet(46)) - raft.server.rpc.timeout.min = 5s (custom)
2022-09-12 01:26:25,502 [pool-583-thread-1] INFO  server.RaftServerConfigKeys (ConfUtils.java:logGet(46)) - raft.server.rpc.timeout.max = 5200ms (custom)
2022-09-12 01:26:25,502 [pool-583-thread-1] INFO  server.RaftServerConfigKeys (ConfUtils.java:logGet(46)) - raft.server.rpc.sleep.time = 25ms (default)
2022-09-12 01:26:25,502 [pool-583-thread-1] INFO  server.RaftServerConfigKeys (ConfUtils.java:logGet(46)) - raft.server.rpc.slowness.timeout = 300s (custom)
2022-09-12 01:26:25,502 [pool-583-thread-1] INFO  server.RaftServerConfigKeys (ConfUtils.java:logGet(46)) - raft.server.leaderelection.leader.step-down.wait-time = 10s (default)
2022-09-12 01:26:25,502 [pool-583-thread-1] INFO  server.RaftServerConfigKeys (ConfUtils.java:logGet(46)) - raft.server.sleep.deviation.threshold = 300ms (default)
2022-09-12 01:26:25,502 [pool-583-thread-1] INFO  server.RaftServer$Division (ServerState.java:<init>(107)) - b564eb4b-6269-4962-af5b-43ec56d2b182@group-CD192C663FF1: ConfigurationManager, init=-1: [f7e5ee2c-7b8e-406b-8d8c-d8786c0ad6b9|rpc:127.0.0.1:39655|priority:0, b564eb4b-6269-4962-af5b-43ec56d2b182|rpc:127.0.0.1:35021|priority:0, d5da11d1-5249-48d1-b60b-926c81588dea|rpc:127.0.0.1:42835|priority:1], old=null, confs=<EMPTY_MAP>
2022-09-12 01:26:25,502 [pool-583-thread-1] INFO  server.RaftServerConfigKeys (ConfUtils.java:logGet(46)) - raft.server.storage.dir = [/home/runner/work/ozone/ozone/hadoop-ozone/integration-test/target/test-dir/MiniOzoneClusterImpl-a920e810-7507-4246-9d07-cfa876092e00/datanode-0/data/ratis] (custom)
2022-09-12 01:26:25,503 [pool-583-thread-1] INFO  server.RaftServerConfigKeys (ConfUtils.java:logGet(46)) - raft.server.log.corruption.policy = EXCEPTION (default)
2022-09-12 01:26:25,503 [pool-583-thread-1] INFO  server.RaftServerConfigKeys (ConfUtils.java:logGet(46)) - raft.server.storage.free-space.min = 0MB (=0) (default)
2022-09-12 01:26:25,503 [pool-583-thread-1] INFO  storage.RaftStorageDirectory (RaftStorageDirectoryImpl.java:analyzeStorage(135)) - The storage directory /home/runner/work/ozone/ozone/hadoop-ozone/integration-test/target/test-dir/MiniOzoneClusterImpl-a920e810-7507-4246-9d07-cfa876092e00/datanode-0/data/ratis/25d5cd58-3305-4f47-80c8-cd192c663ff1 does not exist. Creating ...
2022-09-12 01:26:25,503 [pool-583-thread-1] INFO  storage.RaftStorageDirectory (RaftStorageDirectoryImpl.java:tryLock(230)) - Lock on /home/runner/work/ozone/ozone/hadoop-ozone/integration-test/target/test-dir/MiniOzoneClusterImpl-a920e810-7507-4246-9d07-cfa876092e00/datanode-0/data/ratis/25d5cd58-3305-4f47-80c8-cd192c663ff1/in_use.lock acquired by nodename 51693@fv-az167-317
2022-09-12 01:26:25,504 [pool-583-thread-1] INFO  storage.RaftStorage (RaftStorageImpl.java:format(89)) - Storage directory /home/runner/work/ozone/ozone/hadoop-ozone/integration-test/target/test-dir/MiniOzoneClusterImpl-a920e810-7507-4246-9d07-cfa876092e00/datanode-0/data/ratis/25d5cd58-3305-4f47-80c8-cd192c663ff1 has been successfully formatted.
2022-09-12 01:26:25,504 [pool-583-thread-1] INFO  ratis.ContainerStateMachine (ContainerStateMachine.java:loadSnapshot(236)) - group-CD192C663FF1: The snapshot info is null. Setting the last applied indexto:(t:0, i:~)
2022-09-12 01:26:25,504 [pool-583-thread-1] INFO  server.RaftServerConfigKeys (ConfUtils.java:logGet(46)) - raft.server.notification.no-leader.timeout = 300s (custom)
2022-09-12 01:26:25,505 [pool-583-thread-1] INFO  server.RaftServerConfigKeys (ConfUtils.java:logGet(46)) - raft.server.log.use.memory = false (default)
2022-09-12 01:26:25,505 [pool-583-thread-1] INFO  server.RaftServerConfigKeys (ConfUtils.java:logGet(46)) - raft.server.log.purge.gap = 1000000 (custom)
2022-09-12 01:26:25,505 [pool-583-thread-1] INFO  server.RaftServerConfigKeys (ConfUtils.java:logGet(46)) - raft.server.log.appender.buffer.byte-limit = 33554432 (custom)
2022-09-12 01:26:25,505 [pool-583-thread-1] INFO  server.RaftServerConfigKeys (ConfUtils.java:logGet(46)) - raft.server.log.statemachine.data.read.timeout = 1000ms (default)
2022-09-12 01:26:25,505 [pool-583-thread-1] INFO  server.RaftServerConfigKeys (ConfUtils.java:logGet(46)) - raft.server.log.segment.size.max = 1048576 (custom)
2022-09-12 01:26:25,507 [EventQueue-OpenPipelineForHealthyPipelineSafeModeRule] INFO  safemode.SCMSafeModeManager (HealthyPipelineSafeModeRule.java:process(137)) - SCM in safe mode. Healthy pipelines reported count is 0, required healthy pipeline reported count is 1
2022-09-12 01:26:25,507 [pool-583-thread-1] INFO  server.RaftServerConfigKeys (ConfUtils.java:logGet(46)) - raft.server.log.segment.cache.num.max = 2 (custom)
2022-09-12 01:26:25,508 [pool-583-thread-1] INFO  server.RaftServerConfigKeys (ConfUtils.java:logGet(46)) - raft.server.log.segment.cache.size.max = 200MB (=209715200) (default)
2022-09-12 01:26:25,508 [pool-583-thread-1] INFO  segmented.SegmentedRaftLogWorker (SegmentedRaftLogWorker.java:<init>(187)) - new b564eb4b-6269-4962-af5b-43ec56d2b182@group-CD192C663FF1-SegmentedRaftLogWorker for RaftStorageImpl:Storage Directory /home/runner/work/ozone/ozone/hadoop-ozone/integration-test/target/test-dir/MiniOzoneClusterImpl-a920e810-7507-4246-9d07-cfa876092e00/datanode-0/data/ratis/25d5cd58-3305-4f47-80c8-cd192c663ff1
2022-09-12 01:26:25,508 [pool-583-thread-1] INFO  server.RaftServerConfigKeys (ConfUtils.java:logGet(46)) - raft.server.log.queue.byte-limit = 4294967296 (custom)
2022-09-12 01:26:25,508 [pool-583-thread-1] INFO  server.RaftServerConfigKeys (ConfUtils.java:logGet(46)) - raft.server.log.queue.element-limit = 1024 (custom)
2022-09-12 01:26:25,508 [pool-583-thread-1] INFO  server.RaftServerConfigKeys (ConfUtils.java:logGet(46)) - raft.server.log.segment.size.max = 1048576 (custom)
2022-09-12 01:26:25,508 [pool-583-thread-1] INFO  server.RaftServerConfigKeys (ConfUtils.java:logGet(46)) - raft.server.log.preallocated.size = 16384 (custom)
2022-09-12 01:26:25,508 [pool-583-thread-1] INFO  server.RaftServerConfigKeys (ConfUtils.java:logGet(46)) - raft.server.log.force.sync.num = 128 (default)
2022-09-12 01:26:25,508 [pool-583-thread-1] INFO  server.RaftServerConfigKeys (ConfUtils.java:logGet(46)) - raft.server.log.statemachine.data.sync = true (default)
2022-09-12 01:26:25,508 [pool-583-thread-1] INFO  server.RaftServerConfigKeys (ConfUtils.java:logGet(46)) - raft.server.log.statemachine.data.sync.timeout = 10s (default)
2022-09-12 01:26:25,508 [pool-583-thread-1] INFO  server.RaftServerConfigKeys (ConfUtils.java:logGet(46)) - raft.server.log.statemachine.data.sync.timeout.retry = -1 (default)
2022-09-12 01:26:25,509 [pool-583-thread-1] INFO  server.RaftServerConfigKeys (ConfUtils.java:logGet(46)) - raft.server.log.write.buffer.size = 1048576 (custom)
2022-09-12 01:26:25,509 [pool-583-thread-1] INFO  server.RaftServerConfigKeys (ConfUtils.java:logGet(46)) - raft.server.log.unsafe-flush.enabled = false (default)
2022-09-12 01:26:25,509 [pool-583-thread-1] INFO  server.RaftServerConfigKeys (ConfUtils.java:logGet(46)) - raft.server.log.statemachine.data.caching.enabled = true (custom)
2022-09-12 01:26:25,509 [pool-583-thread-1] INFO  segmented.SegmentedRaftLogWorker (SegmentedRaftLogWorker.java:lambda$new$0(135)) - b564eb4b-6269-4962-af5b-43ec56d2b182@group-CD192C663FF1-SegmentedRaftLogWorker: flushIndex: setUnconditionally 0 -> -1
2022-09-12 01:26:25,509 [pool-583-thread-1] INFO  segmented.SegmentedRaftLogWorker (SegmentedRaftLogWorker.java:lambda$new$0(135)) - b564eb4b-6269-4962-af5b-43ec56d2b182@group-CD192C663FF1-SegmentedRaftLogWorker: safeCacheEvictIndex: setUnconditionally 0 -> -1
2022-09-12 01:26:25,510 [pool-583-thread-1] INFO  server.RaftServerConfigKeys (ConfUtils.java:logGet(46)) - raft.server.snapshot.auto.trigger.enabled = true (custom)
2022-09-12 01:26:25,510 [pool-583-thread-1] INFO  server.RaftServerConfigKeys (ConfUtils.java:logGet(46)) - raft.server.snapshot.auto.trigger.threshold = 10000 (custom)
2022-09-12 01:26:25,510 [pool-583-thread-1] INFO  server.RaftServerConfigKeys (ConfUtils.java:logGet(46)) - raft.server.snapshot.retention.file.num = 5 (custom)
2022-09-12 01:26:25,510 [pool-583-thread-1] INFO  server.RaftServerConfigKeys (ConfUtils.java:logGet(46)) - raft.server.log.purge.upto.snapshot.index = false (default)
2022-09-12 01:26:25,510 [pool-583-thread-1] INFO  server.RaftServerConfigKeys (ConfUtils.java:logGet(46)) - raft.server.retrycache.expirytime = 600000ms (custom)
2022-09-12 01:26:25,510 [pool-583-thread-1] INFO  server.RaftServerConfigKeys (ConfUtils.java:logGet(46)) - raft.server.retrycache.statistics.expirytime = 100μs (default)
2022-09-12 01:26:25,511 [pool-583-thread-1] INFO  server.RaftServerConfigKeys (ConfUtils.java:logGet(46)) - raft.server.log.appender.install.snapshot.enabled = false (custom)
2022-09-12 01:26:25,511 [pool-583-thread-1] INFO  server.RaftServerConfigKeys (ConfUtils.java:logGet(46)) - raft.server.threadpool.server.cached = true (default)
2022-09-12 01:26:25,511 [pool-583-thread-1] INFO  server.RaftServerConfigKeys (ConfUtils.java:logGet(46)) - raft.server.threadpool.server.size = 0 (default)
2022-09-12 01:26:25,511 [pool-583-thread-1] INFO  server.RaftServerConfigKeys (ConfUtils.java:logGet(46)) - raft.server.threadpool.client.cached = true (default)
2022-09-12 01:26:25,511 [pool-583-thread-1] INFO  server.RaftServerConfigKeys (ConfUtils.java:logGet(46)) - raft.server.threadpool.client.size = 0 (default)
2022-09-12 01:26:25,511 [pool-583-thread-1] INFO  server.RaftServer$Division (RaftServerImpl.java:start(310)) - b564eb4b-6269-4962-af5b-43ec56d2b182@group-CD192C663FF1: start as a follower, conf=-1: [f7e5ee2c-7b8e-406b-8d8c-d8786c0ad6b9|rpc:127.0.0.1:39655|priority:0, b564eb4b-6269-4962-af5b-43ec56d2b182|rpc:127.0.0.1:35021|priority:0, d5da11d1-5249-48d1-b60b-926c81588dea|rpc:127.0.0.1:42835|priority:1], old=null
2022-09-12 01:26:25,511 [pool-583-thread-1] INFO  server.RaftServer$Division (RaftServerImpl.java:setRole(299)) - b564eb4b-6269-4962-af5b-43ec56d2b182@group-CD192C663FF1: changes role from      null to FOLLOWER at term 0 for startAsFollower
2022-09-12 01:26:25,511 [pool-583-thread-1] INFO  impl.RoleInfo (RoleInfo.java:updateAndGet(139)) - b564eb4b-6269-4962-af5b-43ec56d2b182: start b564eb4b-6269-4962-af5b-43ec56d2b182@group-CD192C663FF1-FollowerState
2022-09-12 01:26:25,518 [pool-583-thread-1] INFO  util.JmxRegister (JmxRegister.java:tryRegister(44)) - Successfully registered JMX Bean with object name Ratis:service=RaftServer,group=group-CD192C663FF1,id=b564eb4b-6269-4962-af5b-43ec56d2b182
2022-09-12 01:26:25,532 [Command processor thread] INFO  ratis.XceiverServerRatis (XceiverServerRatis.java:addGroup(765)) - Created group PipelineID=25d5cd58-3305-4f47-80c8-cd192c663ff1
2022-09-12 01:26:25,540 [grpc-default-executor-2] INFO  server.RaftServer (RaftServerProxy.java:addNew(96)) - f7e5ee2c-7b8e-406b-8d8c-d8786c0ad6b9: addNew group-CD192C663FF1:[f7e5ee2c-7b8e-406b-8d8c-d8786c0ad6b9|rpc:127.0.0.1:39655|dataStream:|priority:0, b564eb4b-6269-4962-af5b-43ec56d2b182|rpc:127.0.0.1:35021|dataStream:|priority:0, d5da11d1-5249-48d1-b60b-926c81588dea|rpc:127.0.0.1:42835|dataStream:|priority:1] returns group-CD192C663FF1:java.util.concurrent.CompletableFuture@652d925b[Not completed]
2022-09-12 01:26:25,542 [pool-629-thread-1] INFO  server.RaftServer$Division (RaftServerImpl.java:<init>(190)) - f7e5ee2c-7b8e-406b-8d8c-d8786c0ad6b9: new RaftServerImpl for group-CD192C663FF1:[f7e5ee2c-7b8e-406b-8d8c-d8786c0ad6b9|rpc:127.0.0.1:39655|dataStream:|priority:0, b564eb4b-6269-4962-af5b-43ec56d2b182|rpc:127.0.0.1:35021|dataStream:|priority:0, d5da11d1-5249-48d1-b60b-926c81588dea|rpc:127.0.0.1:42835|dataStream:|priority:1] with ContainerStateMachine:uninitialized
2022-09-12 01:26:25,542 [pool-629-thread-1] INFO  server.RaftServerConfigKeys (ConfUtils.java:logGet(46)) - raft.server.rpc.timeout.min = 5s (custom)
2022-09-12 01:26:25,542 [pool-629-thread-1] INFO  server.RaftServerConfigKeys (ConfUtils.java:logGet(46)) - raft.server.rpc.timeout.max = 5200ms (custom)
2022-09-12 01:26:25,542 [pool-629-thread-1] INFO  server.RaftServerConfigKeys (ConfUtils.java:logGet(46)) - raft.server.rpc.sleep.time = 25ms (default)
2022-09-12 01:26:25,542 [pool-629-thread-1] INFO  server.RaftServerConfigKeys (ConfUtils.java:logGet(46)) - raft.server.rpc.slowness.timeout = 300s (custom)
2022-09-12 01:26:25,542 [pool-629-thread-1] INFO  server.RaftServerConfigKeys (ConfUtils.java:logGet(46)) - raft.server.leaderelection.leader.step-down.wait-time = 10s (default)
2022-09-12 01:26:25,542 [pool-629-thread-1] INFO  server.RaftServerConfigKeys (ConfUtils.java:logGet(46)) - raft.server.sleep.deviation.threshold = 300ms (default)
2022-09-12 01:26:25,542 [pool-629-thread-1] INFO  server.RaftServer$Division (ServerState.java:<init>(107)) - f7e5ee2c-7b8e-406b-8d8c-d8786c0ad6b9@group-CD192C663FF1: ConfigurationManager, init=-1: [f7e5ee2c-7b8e-406b-8d8c-d8786c0ad6b9|rpc:127.0.0.1:39655|dataStream:|priority:0, b564eb4b-6269-4962-af5b-43ec56d2b182|rpc:127.0.0.1:35021|dataStream:|priority:0, d5da11d1-5249-48d1-b60b-926c81588dea|rpc:127.0.0.1:42835|dataStream:|priority:1], old=null, confs=<EMPTY_MAP>
2022-09-12 01:26:25,542 [pool-629-thread-1] INFO  server.RaftServerConfigKeys (ConfUtils.java:logGet(46)) - raft.server.storage.dir = [/home/runner/work/ozone/ozone/hadoop-ozone/integration-test/target/test-dir/MiniOzoneClusterImpl-a920e810-7507-4246-9d07-cfa876092e00/datanode-2/data/ratis] (custom)
2022-09-12 01:26:25,542 [pool-629-thread-1] INFO  server.RaftServerConfigKeys (ConfUtils.java:logGet(46)) - raft.server.log.corruption.policy = EXCEPTION (default)
2022-09-12 01:26:25,542 [pool-629-thread-1] INFO  server.RaftServerConfigKeys (ConfUtils.java:logGet(46)) - raft.server.storage.free-space.min = 0MB (=0) (default)
2022-09-12 01:26:25,542 [pool-629-thread-1] INFO  storage.RaftStorageDirectory (RaftStorageDirectoryImpl.java:analyzeStorage(135)) - The storage directory /home/runner/work/ozone/ozone/hadoop-ozone/integration-test/target/test-dir/MiniOzoneClusterImpl-a920e810-7507-4246-9d07-cfa876092e00/datanode-2/data/ratis/25d5cd58-3305-4f47-80c8-cd192c663ff1 does not exist. Creating ...
2022-09-12 01:26:25,543 [pool-629-thread-1] INFO  storage.RaftStorageDirectory (RaftStorageDirectoryImpl.java:tryLock(230)) - Lock on /home/runner/work/ozone/ozone/hadoop-ozone/integration-test/target/test-dir/MiniOzoneClusterImpl-a920e810-7507-4246-9d07-cfa876092e00/datanode-2/data/ratis/25d5cd58-3305-4f47-80c8-cd192c663ff1/in_use.lock acquired by nodename 51693@fv-az167-317
2022-09-12 01:26:25,544 [pool-629-thread-1] INFO  storage.RaftStorage (RaftStorageImpl.java:format(89)) - Storage directory /home/runner/work/ozone/ozone/hadoop-ozone/integration-test/target/test-dir/MiniOzoneClusterImpl-a920e810-7507-4246-9d07-cfa876092e00/datanode-2/data/ratis/25d5cd58-3305-4f47-80c8-cd192c663ff1 has been successfully formatted.
2022-09-12 01:26:25,544 [pool-629-thread-1] INFO  ratis.ContainerStateMachine (ContainerStateMachine.java:loadSnapshot(236)) - group-CD192C663FF1: The snapshot info is null. Setting the last applied indexto:(t:0, i:~)
2022-09-12 01:26:25,544 [pool-629-thread-1] INFO  server.RaftServerConfigKeys (ConfUtils.java:logGet(46)) - raft.server.notification.no-leader.timeout = 300s (custom)
2022-09-12 01:26:25,544 [pool-629-thread-1] INFO  server.RaftServerConfigKeys (ConfUtils.java:logGet(46)) - raft.server.log.use.memory = false (default)
2022-09-12 01:26:25,544 [pool-629-thread-1] INFO  server.RaftServerConfigKeys (ConfUtils.java:logGet(46)) - raft.server.log.purge.gap = 1000000 (custom)
2022-09-12 01:26:25,544 [pool-629-thread-1] INFO  server.RaftServerConfigKeys (ConfUtils.java:logGet(46)) - raft.server.log.appender.buffer.byte-limit = 33554432 (custom)
2022-09-12 01:26:25,544 [pool-629-thread-1] INFO  server.RaftServerConfigKeys (ConfUtils.java:logGet(46)) - raft.server.log.statemachine.data.read.timeout = 1000ms (default)
2022-09-12 01:26:25,545 [pool-629-thread-1] INFO  server.RaftServerConfigKeys (ConfUtils.java:logGet(46)) - raft.server.log.segment.size.max = 1048576 (custom)
2022-09-12 01:26:25,545 [pool-629-thread-1] INFO  server.RaftServerConfigKeys (ConfUtils.java:logGet(46)) - raft.server.log.segment.cache.num.max = 2 (custom)
2022-09-12 01:26:25,545 [pool-629-thread-1] INFO  server.RaftServerConfigKeys (ConfUtils.java:logGet(46)) - raft.server.log.segment.cache.size.max = 200MB (=209715200) (default)
2022-09-12 01:26:25,545 [pool-629-thread-1] INFO  segmented.SegmentedRaftLogWorker (SegmentedRaftLogWorker.java:<init>(187)) - new f7e5ee2c-7b8e-406b-8d8c-d8786c0ad6b9@group-CD192C663FF1-SegmentedRaftLogWorker for RaftStorageImpl:Storage Directory /home/runner/work/ozone/ozone/hadoop-ozone/integration-test/target/test-dir/MiniOzoneClusterImpl-a920e810-7507-4246-9d07-cfa876092e00/datanode-2/data/ratis/25d5cd58-3305-4f47-80c8-cd192c663ff1
2022-09-12 01:26:25,545 [pool-629-thread-1] INFO  server.RaftServerConfigKeys (ConfUtils.java:logGet(46)) - raft.server.log.queue.byte-limit = 4294967296 (custom)
2022-09-12 01:26:25,545 [pool-629-thread-1] INFO  server.RaftServerConfigKeys (ConfUtils.java:logGet(46)) - raft.server.log.queue.element-limit = 1024 (custom)
2022-09-12 01:26:25,545 [pool-629-thread-1] INFO  server.RaftServerConfigKeys (ConfUtils.java:logGet(46)) - raft.server.log.segment.size.max = 1048576 (custom)
2022-09-12 01:26:25,545 [pool-629-thread-1] INFO  server.RaftServerConfigKeys (ConfUtils.java:logGet(46)) - raft.server.log.preallocated.size = 16384 (custom)
2022-09-12 01:26:25,545 [pool-629-thread-1] INFO  server.RaftServerConfigKeys (ConfUtils.java:logGet(46)) - raft.server.log.force.sync.num = 128 (default)
2022-09-12 01:26:25,545 [pool-629-thread-1] INFO  server.RaftServerConfigKeys (ConfUtils.java:logGet(46)) - raft.server.log.statemachine.data.sync = true (default)
2022-09-12 01:26:25,545 [pool-629-thread-1] INFO  server.RaftServerConfigKeys (ConfUtils.java:logGet(46)) - raft.server.log.statemachine.data.sync.timeout = 10s (default)
2022-09-12 01:26:25,545 [pool-629-thread-1] INFO  server.RaftServerConfigKeys (ConfUtils.java:logGet(46)) - raft.server.log.statemachine.data.sync.timeout.retry = -1 (default)
2022-09-12 01:26:25,548 [pool-629-thread-1] INFO  server.RaftServerConfigKeys (ConfUtils.java:logGet(46)) - raft.server.log.write.buffer.size = 1048576 (custom)
2022-09-12 01:26:25,548 [pool-629-thread-1] INFO  server.RaftServerConfigKeys (ConfUtils.java:logGet(46)) - raft.server.log.unsafe-flush.enabled = false (default)
2022-09-12 01:26:25,548 [pool-629-thread-1] INFO  server.RaftServerConfigKeys (ConfUtils.java:logGet(46)) - raft.server.log.statemachine.data.caching.enabled = true (custom)
2022-09-12 01:26:25,548 [pool-629-thread-1] INFO  segmented.SegmentedRaftLogWorker (SegmentedRaftLogWorker.java:lambda$new$0(135)) - f7e5ee2c-7b8e-406b-8d8c-d8786c0ad6b9@group-CD192C663FF1-SegmentedRaftLogWorker: flushIndex: setUnconditionally 0 -> -1
2022-09-12 01:26:25,548 [pool-629-thread-1] INFO  segmented.SegmentedRaftLogWorker (SegmentedRaftLogWorker.java:lambda$new$0(135)) - f7e5ee2c-7b8e-406b-8d8c-d8786c0ad6b9@group-CD192C663FF1-SegmentedRaftLogWorker: safeCacheEvictIndex: setUnconditionally 0 -> -1
2022-09-12 01:26:25,556 [pool-629-thread-1] INFO  server.RaftServerConfigKeys (ConfUtils.java:logGet(46)) - raft.server.snapshot.auto.trigger.enabled = true (custom)
2022-09-12 01:26:25,556 [pool-629-thread-1] INFO  server.RaftServerConfigKeys (ConfUtils.java:logGet(46)) - raft.server.snapshot.auto.trigger.threshold = 10000 (custom)
2022-09-12 01:26:25,556 [pool-629-thread-1] INFO  server.RaftServerConfigKeys (ConfUtils.java:logGet(46)) - raft.server.snapshot.retention.file.num = 5 (custom)
2022-09-12 01:26:25,556 [pool-629-thread-1] INFO  server.RaftServerConfigKeys (ConfUtils.java:logGet(46)) - raft.server.log.purge.upto.snapshot.index = false (default)
2022-09-12 01:26:25,556 [pool-629-thread-1] INFO  server.RaftServerConfigKeys (ConfUtils.java:logGet(46)) - raft.server.retrycache.expirytime = 600000ms (custom)
2022-09-12 01:26:25,556 [pool-629-thread-1] INFO  server.RaftServerConfigKeys (ConfUtils.java:logGet(46)) - raft.server.retrycache.statistics.expirytime = 100μs (default)
2022-09-12 01:26:25,558 [pool-629-thread-1] INFO  server.RaftServerConfigKeys (ConfUtils.java:logGet(46)) - raft.server.log.appender.install.snapshot.enabled = false (custom)
2022-09-12 01:26:25,558 [pool-629-thread-1] INFO  server.RaftServerConfigKeys (ConfUtils.java:logGet(46)) - raft.server.threadpool.server.cached = true (default)
2022-09-12 01:26:25,558 [pool-629-thread-1] INFO  server.RaftServerConfigKeys (ConfUtils.java:logGet(46)) - raft.server.threadpool.server.size = 0 (default)
2022-09-12 01:26:25,558 [pool-629-thread-1] INFO  server.RaftServerConfigKeys (ConfUtils.java:logGet(46)) - raft.server.threadpool.client.cached = true (default)
2022-09-12 01:26:25,558 [pool-629-thread-1] INFO  server.RaftServerConfigKeys (ConfUtils.java:logGet(46)) - raft.server.threadpool.client.size = 0 (default)
2022-09-12 01:26:25,558 [pool-629-thread-1] INFO  server.RaftServer$Division (RaftServerImpl.java:start(310)) - f7e5ee2c-7b8e-406b-8d8c-d8786c0ad6b9@group-CD192C663FF1: start as a follower, conf=-1: [f7e5ee2c-7b8e-406b-8d8c-d8786c0ad6b9|rpc:127.0.0.1:39655|dataStream:|priority:0, b564eb4b-6269-4962-af5b-43ec56d2b182|rpc:127.0.0.1:35021|dataStream:|priority:0, d5da11d1-5249-48d1-b60b-926c81588dea|rpc:127.0.0.1:42835|dataStream:|priority:1], old=null
2022-09-12 01:26:25,558 [pool-629-thread-1] INFO  server.RaftServer$Division (RaftServerImpl.java:setRole(299)) - f7e5ee2c-7b8e-406b-8d8c-d8786c0ad6b9@group-CD192C663FF1: changes role from      null to FOLLOWER at term 0 for startAsFollower
2022-09-12 01:26:25,558 [pool-629-thread-1] INFO  impl.RoleInfo (RoleInfo.java:updateAndGet(139)) - f7e5ee2c-7b8e-406b-8d8c-d8786c0ad6b9: start f7e5ee2c-7b8e-406b-8d8c-d8786c0ad6b9@group-CD192C663FF1-FollowerState
2022-09-12 01:26:25,570 [pool-629-thread-1] INFO  util.JmxRegister (JmxRegister.java:tryRegister(44)) - Successfully registered JMX Bean with object name Ratis:service=RaftServer,group=group-CD192C663FF1,id=f7e5ee2c-7b8e-406b-8d8c-d8786c0ad6b9
2022-09-12 01:26:25,613 [grpc-default-executor-2] INFO  server.RaftServer (RaftServerProxy.java:addNew(96)) - d5da11d1-5249-48d1-b60b-926c81588dea: addNew group-CD192C663FF1:[f7e5ee2c-7b8e-406b-8d8c-d8786c0ad6b9|rpc:127.0.0.1:39655|dataStream:|priority:0, b564eb4b-6269-4962-af5b-43ec56d2b182|rpc:127.0.0.1:35021|dataStream:|priority:0, d5da11d1-5249-48d1-b60b-926c81588dea|rpc:127.0.0.1:42835|dataStream:|priority:1] returns group-CD192C663FF1:java.util.concurrent.CompletableFuture@e01d0be[Not completed]
2022-09-12 01:26:25,614 [pool-606-thread-1] INFO  server.RaftServer$Division (RaftServerImpl.java:<init>(190)) - d5da11d1-5249-48d1-b60b-926c81588dea: new RaftServerImpl for group-CD192C663FF1:[f7e5ee2c-7b8e-406b-8d8c-d8786c0ad6b9|rpc:127.0.0.1:39655|dataStream:|priority:0, b564eb4b-6269-4962-af5b-43ec56d2b182|rpc:127.0.0.1:35021|dataStream:|priority:0, d5da11d1-5249-48d1-b60b-926c81588dea|rpc:127.0.0.1:42835|dataStream:|priority:1] with ContainerStateMachine:uninitialized
2022-09-12 01:26:25,614 [pool-606-thread-1] INFO  server.RaftServerConfigKeys (ConfUtils.java:logGet(46)) - raft.server.rpc.timeout.min = 5s (custom)
2022-09-12 01:26:25,614 [pool-606-thread-1] INFO  server.RaftServerConfigKeys (ConfUtils.java:logGet(46)) - raft.server.rpc.timeout.max = 5200ms (custom)
2022-09-12 01:26:25,614 [pool-606-thread-1] INFO  server.RaftServerConfigKeys (ConfUtils.java:logGet(46)) - raft.server.rpc.sleep.time = 25ms (default)
2022-09-12 01:26:25,614 [pool-606-thread-1] INFO  server.RaftServerConfigKeys (ConfUtils.java:logGet(46)) - raft.server.rpc.slowness.timeout = 300s (custom)
2022-09-12 01:26:25,614 [pool-606-thread-1] INFO  server.RaftServerConfigKeys (ConfUtils.java:logGet(46)) - raft.server.leaderelection.leader.step-down.wait-time = 10s (default)
2022-09-12 01:26:25,614 [pool-606-thread-1] INFO  server.RaftServerConfigKeys (ConfUtils.java:logGet(46)) - raft.server.sleep.deviation.threshold = 300ms (default)
2022-09-12 01:26:25,614 [pool-606-thread-1] INFO  server.RaftServer$Division (ServerState.java:<init>(107)) - d5da11d1-5249-48d1-b60b-926c81588dea@group-CD192C663FF1: ConfigurationManager, init=-1: [f7e5ee2c-7b8e-406b-8d8c-d8786c0ad6b9|rpc:127.0.0.1:39655|dataStream:|priority:0, b564eb4b-6269-4962-af5b-43ec56d2b182|rpc:127.0.0.1:35021|dataStream:|priority:0, d5da11d1-5249-48d1-b60b-926c81588dea|rpc:127.0.0.1:42835|dataStream:|priority:1], old=null, confs=<EMPTY_MAP>
2022-09-12 01:26:25,614 [pool-606-thread-1] INFO  server.RaftServerConfigKeys (ConfUtils.java:logGet(46)) - raft.server.storage.dir = [/home/runner/work/ozone/ozone/hadoop-ozone/integration-test/target/test-dir/MiniOzoneClusterImpl-a920e810-7507-4246-9d07-cfa876092e00/datanode-1/data/ratis] (custom)
2022-09-12 01:26:25,614 [pool-606-thread-1] INFO  server.RaftServerConfigKeys (ConfUtils.java:logGet(46)) - raft.server.log.corruption.policy = EXCEPTION (default)
2022-09-12 01:26:25,614 [pool-606-thread-1] INFO  server.RaftServerConfigKeys (ConfUtils.java:logGet(46)) - raft.server.storage.free-space.min = 0MB (=0) (default)
2022-09-12 01:26:25,614 [pool-606-thread-1] INFO  storage.RaftStorageDirectory (RaftStorageDirectoryImpl.java:analyzeStorage(135)) - The storage directory /home/runner/work/ozone/ozone/hadoop-ozone/integration-test/target/test-dir/MiniOzoneClusterImpl-a920e810-7507-4246-9d07-cfa876092e00/datanode-1/data/ratis/25d5cd58-3305-4f47-80c8-cd192c663ff1 does not exist. Creating ...
2022-09-12 01:26:25,615 [pool-606-thread-1] INFO  storage.RaftStorageDirectory (RaftStorageDirectoryImpl.java:tryLock(230)) - Lock on /home/runner/work/ozone/ozone/hadoop-ozone/integration-test/target/test-dir/MiniOzoneClusterImpl-a920e810-7507-4246-9d07-cfa876092e00/datanode-1/data/ratis/25d5cd58-3305-4f47-80c8-cd192c663ff1/in_use.lock acquired by nodename 51693@fv-az167-317
2022-09-12 01:26:25,616 [pool-606-thread-1] INFO  storage.RaftStorage (RaftStorageImpl.java:format(89)) - Storage directory /home/runner/work/ozone/ozone/hadoop-ozone/integration-test/target/test-dir/MiniOzoneClusterImpl-a920e810-7507-4246-9d07-cfa876092e00/datanode-1/data/ratis/25d5cd58-3305-4f47-80c8-cd192c663ff1 has been successfully formatted.
2022-09-12 01:26:25,617 [pool-606-thread-1] INFO  ratis.ContainerStateMachine (ContainerStateMachine.java:loadSnapshot(236)) - group-CD192C663FF1: The snapshot info is null. Setting the last applied indexto:(t:0, i:~)
2022-09-12 01:26:25,617 [pool-606-thread-1] INFO  server.RaftServerConfigKeys (ConfUtils.java:logGet(46)) - raft.server.notification.no-leader.timeout = 300s (custom)
2022-09-12 01:26:25,617 [pool-606-thread-1] INFO  server.RaftServerConfigKeys (ConfUtils.java:logGet(46)) - raft.server.log.use.memory = false (default)
2022-09-12 01:26:25,617 [pool-606-thread-1] INFO  server.RaftServerConfigKeys (ConfUtils.java:logGet(46)) - raft.server.log.purge.gap = 1000000 (custom)
2022-09-12 01:26:25,617 [pool-606-thread-1] INFO  server.RaftServerConfigKeys (ConfUtils.java:logGet(46)) - raft.server.log.appender.buffer.byte-limit = 33554432 (custom)
2022-09-12 01:26:25,617 [pool-606-thread-1] INFO  server.RaftServerConfigKeys (ConfUtils.java:logGet(46)) - raft.server.log.statemachine.data.read.timeout = 1000ms (default)
2022-09-12 01:26:25,617 [pool-606-thread-1] INFO  server.RaftServerConfigKeys (ConfUtils.java:logGet(46)) - raft.server.log.segment.size.max = 1048576 (custom)
2022-09-12 01:26:25,617 [pool-606-thread-1] INFO  server.RaftServerConfigKeys (ConfUtils.java:logGet(46)) - raft.server.log.segment.cache.num.max = 2 (custom)
2022-09-12 01:26:25,617 [pool-606-thread-1] INFO  server.RaftServerConfigKeys (ConfUtils.java:logGet(46)) - raft.server.log.segment.cache.size.max = 200MB (=209715200) (default)
2022-09-12 01:26:25,617 [pool-606-thread-1] INFO  segmented.SegmentedRaftLogWorker (SegmentedRaftLogWorker.java:<init>(187)) - new d5da11d1-5249-48d1-b60b-926c81588dea@group-CD192C663FF1-SegmentedRaftLogWorker for RaftStorageImpl:Storage Directory /home/runner/work/ozone/ozone/hadoop-ozone/integration-test/target/test-dir/MiniOzoneClusterImpl-a920e810-7507-4246-9d07-cfa876092e00/datanode-1/data/ratis/25d5cd58-3305-4f47-80c8-cd192c663ff1
2022-09-12 01:26:25,618 [pool-606-thread-1] INFO  server.RaftServerConfigKeys (ConfUtils.java:logGet(46)) - raft.server.log.queue.byte-limit = 4294967296 (custom)
2022-09-12 01:26:25,618 [pool-606-thread-1] INFO  server.RaftServerConfigKeys (ConfUtils.java:logGet(46)) - raft.server.log.queue.element-limit = 1024 (custom)
2022-09-12 01:26:25,618 [pool-606-thread-1] INFO  server.RaftServerConfigKeys (ConfUtils.java:logGet(46)) - raft.server.log.segment.size.max = 1048576 (custom)
2022-09-12 01:26:25,618 [pool-606-thread-1] INFO  server.RaftServerConfigKeys (ConfUtils.java:logGet(46)) - raft.server.log.preallocated.size = 16384 (custom)
2022-09-12 01:26:25,618 [pool-606-thread-1] INFO  server.RaftServerConfigKeys (ConfUtils.java:logGet(46)) - raft.server.log.force.sync.num = 128 (default)
2022-09-12 01:26:25,618 [pool-606-thread-1] INFO  server.RaftServerConfigKeys (ConfUtils.java:logGet(46)) - raft.server.log.statemachine.data.sync = true (default)
2022-09-12 01:26:25,618 [pool-606-thread-1] INFO  server.RaftServerConfigKeys (ConfUtils.java:logGet(46)) - raft.server.log.statemachine.data.sync.timeout = 10s (default)
2022-09-12 01:26:25,618 [pool-606-thread-1] INFO  server.RaftServerConfigKeys (ConfUtils.java:logGet(46)) - raft.server.log.statemachine.data.sync.timeout.retry = -1 (default)
2022-09-12 01:26:25,619 [pool-606-thread-1] INFO  server.RaftServerConfigKeys (ConfUtils.java:logGet(46)) - raft.server.log.write.buffer.size = 1048576 (custom)
2022-09-12 01:26:25,619 [pool-606-thread-1] INFO  server.RaftServerConfigKeys (ConfUtils.java:logGet(46)) - raft.server.log.unsafe-flush.enabled = false (default)
2022-09-12 01:26:25,619 [pool-606-thread-1] INFO  server.RaftServerConfigKeys (ConfUtils.java:logGet(46)) - raft.server.log.statemachine.data.caching.enabled = true (custom)
2022-09-12 01:26:25,619 [pool-606-thread-1] INFO  segmented.SegmentedRaftLogWorker (SegmentedRaftLogWorker.java:lambda$new$0(135)) - d5da11d1-5249-48d1-b60b-926c81588dea@group-CD192C663FF1-SegmentedRaftLogWorker: flushIndex: setUnconditionally 0 -> -1
2022-09-12 01:26:25,620 [pool-606-thread-1] INFO  segmented.SegmentedRaftLogWorker (SegmentedRaftLogWorker.java:lambda$new$0(135)) - d5da11d1-5249-48d1-b60b-926c81588dea@group-CD192C663FF1-SegmentedRaftLogWorker: safeCacheEvictIndex: setUnconditionally 0 -> -1
2022-09-12 01:26:25,632 [pool-606-thread-1] INFO  server.RaftServerConfigKeys (ConfUtils.java:logGet(46)) - raft.server.snapshot.auto.trigger.enabled = true (custom)
2022-09-12 01:26:25,632 [pool-606-thread-1] INFO  server.RaftServerConfigKeys (ConfUtils.java:logGet(46)) - raft.server.snapshot.auto.trigger.threshold = 10000 (custom)
2022-09-12 01:26:25,632 [pool-606-thread-1] INFO  server.RaftServerConfigKeys (ConfUtils.java:logGet(46)) - raft.server.snapshot.retention.file.num = 5 (custom)
2022-09-12 01:26:25,632 [pool-606-thread-1] INFO  server.RaftServerConfigKeys (ConfUtils.java:logGet(46)) - raft.server.log.purge.upto.snapshot.index = false (default)
2022-09-12 01:26:25,632 [pool-606-thread-1] INFO  server.RaftServerConfigKeys (ConfUtils.java:logGet(46)) - raft.server.retrycache.expirytime = 600000ms (custom)
2022-09-12 01:26:25,632 [pool-606-thread-1] INFO  server.RaftServerConfigKeys (ConfUtils.java:logGet(46)) - raft.server.retrycache.statistics.expirytime = 100μs (default)
2022-09-12 01:26:25,633 [pool-606-thread-1] INFO  server.RaftServerConfigKeys (ConfUtils.java:logGet(46)) - raft.server.log.appender.install.snapshot.enabled = false (custom)
2022-09-12 01:26:25,633 [pool-606-thread-1] INFO  server.RaftServerConfigKeys (ConfUtils.java:logGet(46)) - raft.server.threadpool.server.cached = true (default)
2022-09-12 01:26:25,633 [pool-606-thread-1] INFO  server.RaftServerConfigKeys (ConfUtils.java:logGet(46)) - raft.server.threadpool.server.size = 0 (default)
2022-09-12 01:26:25,633 [pool-606-thread-1] INFO  server.RaftServerConfigKeys (ConfUtils.java:logGet(46)) - raft.server.threadpool.client.cached = true (default)
2022-09-12 01:26:25,633 [pool-606-thread-1] INFO  server.RaftServerConfigKeys (ConfUtils.java:logGet(46)) - raft.server.threadpool.client.size = 0 (default)
2022-09-12 01:26:25,633 [pool-606-thread-1] INFO  server.RaftServer$Division (RaftServerImpl.java:start(310)) - d5da11d1-5249-48d1-b60b-926c81588dea@group-CD192C663FF1: start as a follower, conf=-1: [f7e5ee2c-7b8e-406b-8d8c-d8786c0ad6b9|rpc:127.0.0.1:39655|dataStream:|priority:0, b564eb4b-6269-4962-af5b-43ec56d2b182|rpc:127.0.0.1:35021|dataStream:|priority:0, d5da11d1-5249-48d1-b60b-926c81588dea|rpc:127.0.0.1:42835|dataStream:|priority:1], old=null
2022-09-12 01:26:25,633 [pool-606-thread-1] INFO  server.RaftServer$Division (RaftServerImpl.java:setRole(299)) - d5da11d1-5249-48d1-b60b-926c81588dea@group-CD192C663FF1: changes role from      null to FOLLOWER at term 0 for startAsFollower
2022-09-12 01:26:25,633 [pool-606-thread-1] INFO  impl.RoleInfo (RoleInfo.java:updateAndGet(139)) - d5da11d1-5249-48d1-b60b-926c81588dea: start d5da11d1-5249-48d1-b60b-926c81588dea@group-CD192C663FF1-FollowerState
2022-09-12 01:26:25,648 [pool-606-thread-1] INFO  util.JmxRegister (JmxRegister.java:tryRegister(44)) - Successfully registered JMX Bean with object name Ratis:service=RaftServer,group=group-CD192C663FF1,id=d5da11d1-5249-48d1-b60b-926c81588dea
2022-09-12 01:26:25,693 [Command processor thread] INFO  commandhandler.CreatePipelineCommandHandler (CreatePipelineCommandHandler.java:handle(113)) - Created Pipeline RATIS THREE PipelineID=25d5cd58-3305-4f47-80c8-cd192c663ff1.
2022-09-12 01:26:25,964 [Listener at 127.0.0.1/34977] INFO  ozone.MiniOzoneClusterImpl (MiniOzoneClusterImpl.java:lambda$waitForClusterToBeReady$0(216)) - Nodes are ready. Got 3 of 3 DN Heartbeats.
2022-09-12 01:26:25,965 [Listener at 127.0.0.1/34977] INFO  ozone.MiniOzoneClusterImpl (MiniOzoneClusterImpl.java:lambda$waitForClusterToBeReady$0(219)) - Waiting for cluster to exit safe mode
2022-09-12 01:26:25,965 [Listener at 127.0.0.1/34977] INFO  ozone.MiniOzoneClusterImpl (MiniOzoneClusterImpl.java:lambda$waitForClusterToBeReady$0(221)) - SCM became leader
2022-09-12 01:26:25,985 [Command processor thread] INFO  server.RaftServer (RaftServerProxy.java:addNew(96)) - d5da11d1-5249-48d1-b60b-926c81588dea: addNew group-7B365AF7EB0C:[d5da11d1-5249-48d1-b60b-926c81588dea|rpc:127.0.0.1:42835|priority:1] returns group-7B365AF7EB0C:java.util.concurrent.CompletableFuture@666b1424[Not completed]
2022-09-12 01:26:25,985 [pool-606-thread-1] INFO  server.RaftServer$Division (RaftServerImpl.java:<init>(190)) - d5da11d1-5249-48d1-b60b-926c81588dea: new RaftServerImpl for group-7B365AF7EB0C:[d5da11d1-5249-48d1-b60b-926c81588dea|rpc:127.0.0.1:42835|priority:1] with ContainerStateMachine:uninitialized
2022-09-12 01:26:25,986 [pool-606-thread-1] INFO  server.RaftServerConfigKeys (ConfUtils.java:logGet(46)) - raft.server.rpc.timeout.min = 5s (custom)
2022-09-12 01:26:25,986 [pool-606-thread-1] INFO  server.RaftServerConfigKeys (ConfUtils.java:logGet(46)) - raft.server.rpc.timeout.max = 5200ms (custom)
2022-09-12 01:26:25,986 [pool-606-thread-1] INFO  server.RaftServerConfigKeys (ConfUtils.java:logGet(46)) - raft.server.rpc.sleep.time = 25ms (default)
2022-09-12 01:26:25,986 [pool-606-thread-1] INFO  server.RaftServerConfigKeys (ConfUtils.java:logGet(46)) - raft.server.rpc.slowness.timeout = 300s (custom)
2022-09-12 01:26:25,986 [pool-606-thread-1] INFO  server.RaftServerConfigKeys (ConfUtils.java:logGet(46)) - raft.server.leaderelection.leader.step-down.wait-time = 10s (default)
2022-09-12 01:26:25,986 [pool-606-thread-1] INFO  server.RaftServerConfigKeys (ConfUtils.java:logGet(46)) - raft.server.sleep.deviation.threshold = 300ms (default)
2022-09-12 01:26:25,986 [pool-606-thread-1] INFO  server.RaftServer$Division (ServerState.java:<init>(107)) - d5da11d1-5249-48d1-b60b-926c81588dea@group-7B365AF7EB0C: ConfigurationManager, init=-1: [d5da11d1-5249-48d1-b60b-926c81588dea|rpc:127.0.0.1:42835|priority:1], old=null, confs=<EMPTY_MAP>
2022-09-12 01:26:25,986 [pool-606-thread-1] INFO  server.RaftServerConfigKeys (ConfUtils.java:logGet(46)) - raft.server.storage.dir = [/home/runner/work/ozone/ozone/hadoop-ozone/integration-test/target/test-dir/MiniOzoneClusterImpl-a920e810-7507-4246-9d07-cfa876092e00/datanode-1/data/ratis] (custom)
2022-09-12 01:26:25,986 [pool-606-thread-1] INFO  server.RaftServerConfigKeys (ConfUtils.java:logGet(46)) - raft.server.log.corruption.policy = EXCEPTION (default)
2022-09-12 01:26:25,986 [pool-606-thread-1] INFO  server.RaftServerConfigKeys (ConfUtils.java:logGet(46)) - raft.server.storage.free-space.min = 0MB (=0) (default)
2022-09-12 01:26:25,986 [pool-606-thread-1] INFO  storage.RaftStorageDirectory (RaftStorageDirectoryImpl.java:analyzeStorage(135)) - The storage directory /home/runner/work/ozone/ozone/hadoop-ozone/integration-test/target/test-dir/MiniOzoneClusterImpl-a920e810-7507-4246-9d07-cfa876092e00/datanode-1/data/ratis/2f775fc7-0393-4e38-b77c-7b365af7eb0c does not exist. Creating ...
2022-09-12 01:26:25,987 [pool-606-thread-1] INFO  storage.RaftStorageDirectory (RaftStorageDirectoryImpl.java:tryLock(230)) - Lock on /home/runner/work/ozone/ozone/hadoop-ozone/integration-test/target/test-dir/MiniOzoneClusterImpl-a920e810-7507-4246-9d07-cfa876092e00/datanode-1/data/ratis/2f775fc7-0393-4e38-b77c-7b365af7eb0c/in_use.lock acquired by nodename 51693@fv-az167-317
2022-09-12 01:26:25,989 [pool-606-thread-1] INFO  storage.RaftStorage (RaftStorageImpl.java:format(89)) - Storage directory /home/runner/work/ozone/ozone/hadoop-ozone/integration-test/target/test-dir/MiniOzoneClusterImpl-a920e810-7507-4246-9d07-cfa876092e00/datanode-1/data/ratis/2f775fc7-0393-4e38-b77c-7b365af7eb0c has been successfully formatted.
2022-09-12 01:26:25,989 [pool-606-thread-1] INFO  ratis.ContainerStateMachine (ContainerStateMachine.java:loadSnapshot(236)) - group-7B365AF7EB0C: The snapshot info is null. Setting the last applied indexto:(t:0, i:~)
2022-09-12 01:26:25,989 [pool-606-thread-1] INFO  server.RaftServerConfigKeys (ConfUtils.java:logGet(46)) - raft.server.notification.no-leader.timeout = 300s (custom)
2022-09-12 01:26:25,990 [pool-606-thread-1] INFO  server.RaftServerConfigKeys (ConfUtils.java:logGet(46)) - raft.server.log.use.memory = false (default)
2022-09-12 01:26:25,990 [pool-606-thread-1] INFO  server.RaftServerConfigKeys (ConfUtils.java:logGet(46)) - raft.server.log.purge.gap = 1000000 (custom)
2022-09-12 01:26:25,990 [pool-606-thread-1] INFO  server.RaftServerConfigKeys (ConfUtils.java:logGet(46)) - raft.server.log.appender.buffer.byte-limit = 33554432 (custom)
2022-09-12 01:26:25,990 [pool-606-thread-1] INFO  server.RaftServerConfigKeys (ConfUtils.java:logGet(46)) - raft.server.log.statemachine.data.read.timeout = 1000ms (default)
2022-09-12 01:26:25,990 [pool-606-thread-1] INFO  server.RaftServerConfigKeys (ConfUtils.java:logGet(46)) - raft.server.log.segment.size.max = 1048576 (custom)
2022-09-12 01:26:25,990 [pool-606-thread-1] INFO  server.RaftServerConfigKeys (ConfUtils.java:logGet(46)) - raft.server.log.segment.cache.num.max = 2 (custom)
2022-09-12 01:26:25,990 [pool-606-thread-1] INFO  server.RaftServerConfigKeys (ConfUtils.java:logGet(46)) - raft.server.log.segment.cache.size.max = 200MB (=209715200) (default)
2022-09-12 01:26:25,991 [EventQueue-PipelineReportForPipelineReportHandler] INFO  pipeline.PipelineManagerImpl (PipelineManagerImpl.java:openPipeline(367)) - Pipeline Pipeline[ Id: 2f775fc7-0393-4e38-b77c-7b365af7eb0c, Nodes: d5da11d1-5249-48d1-b60b-926c81588dea{ip: 127.0.0.1, host: localhost, ports: [REPLICATION=39531, RATIS=42835, RATIS_ADMIN=42835, RATIS_SERVER=42835, STANDALONE=42207], networkLocation: /default-rack, certSerialId: null, persistedOpState: IN_SERVICE, persistedOpStateExpiryEpochSec: 0}, ReplicationConfig: RATIS/ONE, State:ALLOCATED, leaderId:d5da11d1-5249-48d1-b60b-926c81588dea, CreationTimestamp2022-09-12T01:26:23.008Z[Etc/UTC]] moved to OPEN state
2022-09-12 01:26:25,992 [pool-606-thread-1] INFO  segmented.SegmentedRaftLogWorker (SegmentedRaftLogWorker.java:<init>(187)) - new d5da11d1-5249-48d1-b60b-926c81588dea@group-7B365AF7EB0C-SegmentedRaftLogWorker for RaftStorageImpl:Storage Directory /home/runner/work/ozone/ozone/hadoop-ozone/integration-test/target/test-dir/MiniOzoneClusterImpl-a920e810-7507-4246-9d07-cfa876092e00/datanode-1/data/ratis/2f775fc7-0393-4e38-b77c-7b365af7eb0c
2022-09-12 01:26:25,993 [pool-606-thread-1] INFO  server.RaftServerConfigKeys (ConfUtils.java:logGet(46)) - raft.server.log.queue.byte-limit = 4294967296 (custom)
2022-09-12 01:26:25,993 [pool-606-thread-1] INFO  server.RaftServerConfigKeys (ConfUtils.java:logGet(46)) - raft.server.log.queue.element-limit = 1024 (custom)
2022-09-12 01:26:25,993 [pool-606-thread-1] INFO  server.RaftServerConfigKeys (ConfUtils.java:logGet(46)) - raft.server.log.segment.size.max = 1048576 (custom)
2022-09-12 01:26:25,993 [pool-606-thread-1] INFO  server.RaftServerConfigKeys (ConfUtils.java:logGet(46)) - raft.server.log.preallocated.size = 16384 (custom)
2022-09-12 01:26:25,993 [pool-606-thread-1] INFO  server.RaftServerConfigKeys (ConfUtils.java:logGet(46)) - raft.server.log.force.sync.num = 128 (default)
2022-09-12 01:26:25,993 [pool-606-thread-1] INFO  server.RaftServerConfigKeys (ConfUtils.java:logGet(46)) - raft.server.log.statemachine.data.sync = true (default)
2022-09-12 01:26:25,993 [pool-606-thread-1] INFO  server.RaftServerConfigKeys (ConfUtils.java:logGet(46)) - raft.server.log.statemachine.data.sync.timeout = 10s (default)
2022-09-12 01:26:25,993 [6f1953f9-25aa-4157-82c9-d49674ab9c3c@group-CFA876092E00-StateMachineUpdater] INFO  safemode.HealthyPipelineSafeModeRule (HealthyPipelineSafeModeRule.java:initializeRule(165)) - Refreshed total pipeline count is 0, healthy pipeline threshold count is 1
2022-09-12 01:26:25,994 [EventQueue-OpenPipelineForHealthyPipelineSafeModeRule] INFO  safemode.SCMSafeModeManager (HealthyPipelineSafeModeRule.java:process(137)) - SCM in safe mode. Healthy pipelines reported count is 0, required healthy pipeline reported count is 1
2022-09-12 01:26:25,993 [pool-606-thread-1] INFO  server.RaftServerConfigKeys (ConfUtils.java:logGet(46)) - raft.server.log.statemachine.data.sync.timeout.retry = -1 (default)
2022-09-12 01:26:26,005 [pool-606-thread-1] INFO  server.RaftServerConfigKeys (ConfUtils.java:logGet(46)) - raft.server.log.write.buffer.size = 1048576 (custom)
2022-09-12 01:26:26,006 [pool-606-thread-1] INFO  server.RaftServerConfigKeys (ConfUtils.java:logGet(46)) - raft.server.log.unsafe-flush.enabled = false (default)
2022-09-12 01:26:26,006 [pool-606-thread-1] INFO  server.RaftServerConfigKeys (ConfUtils.java:logGet(46)) - raft.server.log.statemachine.data.caching.enabled = true (custom)
2022-09-12 01:26:26,006 [pool-606-thread-1] INFO  segmented.SegmentedRaftLogWorker (SegmentedRaftLogWorker.java:lambda$new$0(135)) - d5da11d1-5249-48d1-b60b-926c81588dea@group-7B365AF7EB0C-SegmentedRaftLogWorker: flushIndex: setUnconditionally 0 -> -1
2022-09-12 01:26:26,006 [pool-606-thread-1] INFO  segmented.SegmentedRaftLogWorker (SegmentedRaftLogWorker.java:lambda$new$0(135)) - d5da11d1-5249-48d1-b60b-926c81588dea@group-7B365AF7EB0C-SegmentedRaftLogWorker: safeCacheEvictIndex: setUnconditionally 0 -> -1
2022-09-12 01:26:26,013 [pool-606-thread-1] INFO  server.RaftServerConfigKeys (ConfUtils.java:logGet(46)) - raft.server.snapshot.auto.trigger.enabled = true (custom)
2022-09-12 01:26:26,013 [pool-606-thread-1] INFO  server.RaftServerConfigKeys (ConfUtils.java:logGet(46)) - raft.server.snapshot.auto.trigger.threshold = 10000 (custom)
2022-09-12 01:26:26,013 [pool-606-thread-1] INFO  server.RaftServerConfigKeys (ConfUtils.java:logGet(46)) - raft.server.snapshot.retention.file.num = 5 (custom)
2022-09-12 01:26:26,013 [pool-606-thread-1] INFO  server.RaftServerConfigKeys (ConfUtils.java:logGet(46)) - raft.server.log.purge.upto.snapshot.index = false (default)
2022-09-12 01:26:26,013 [pool-606-thread-1] INFO  server.RaftServerConfigKeys (ConfUtils.java:logGet(46)) - raft.server.retrycache.expirytime = 600000ms (custom)
2022-09-12 01:26:26,013 [pool-606-thread-1] INFO  server.RaftServerConfigKeys (ConfUtils.java:logGet(46)) - raft.server.retrycache.statistics.expirytime = 100μs (default)
2022-09-12 01:26:26,014 [pool-606-thread-1] INFO  server.RaftServerConfigKeys (ConfUtils.java:logGet(46)) - raft.server.log.appender.install.snapshot.enabled = false (custom)
2022-09-12 01:26:26,014 [pool-606-thread-1] INFO  server.RaftServerConfigKeys (ConfUtils.java:logGet(46)) - raft.server.threadpool.server.cached = true (default)
2022-09-12 01:26:26,014 [pool-606-thread-1] INFO  server.RaftServerConfigKeys (ConfUtils.java:logGet(46)) - raft.server.threadpool.server.size = 0 (default)
2022-09-12 01:26:26,014 [pool-606-thread-1] INFO  server.RaftServerConfigKeys (ConfUtils.java:logGet(46)) - raft.server.threadpool.client.cached = true (default)
2022-09-12 01:26:26,014 [pool-606-thread-1] INFO  server.RaftServerConfigKeys (ConfUtils.java:logGet(46)) - raft.server.threadpool.client.size = 0 (default)
2022-09-12 01:26:26,014 [pool-606-thread-1] INFO  server.RaftServer$Division (RaftServerImpl.java:start(310)) - d5da11d1-5249-48d1-b60b-926c81588dea@group-7B365AF7EB0C: start as a follower, conf=-1: [d5da11d1-5249-48d1-b60b-926c81588dea|rpc:127.0.0.1:42835|priority:1], old=null
2022-09-12 01:26:26,014 [pool-606-thread-1] INFO  server.RaftServer$Division (RaftServerImpl.java:setRole(299)) - d5da11d1-5249-48d1-b60b-926c81588dea@group-7B365AF7EB0C: changes role from      null to FOLLOWER at term 0 for startAsFollower
2022-09-12 01:26:26,014 [pool-606-thread-1] INFO  impl.RoleInfo (RoleInfo.java:updateAndGet(139)) - d5da11d1-5249-48d1-b60b-926c81588dea: start d5da11d1-5249-48d1-b60b-926c81588dea@group-7B365AF7EB0C-FollowerState
2022-09-12 01:26:26,014 [pool-606-thread-1] INFO  util.JmxRegister (JmxRegister.java:tryRegister(44)) - Successfully registered JMX Bean with object name Ratis:service=RaftServer,group=group-7B365AF7EB0C,id=d5da11d1-5249-48d1-b60b-926c81588dea
2022-09-12 01:26:26,015 [Command processor thread] INFO  ratis.XceiverServerRatis (XceiverServerRatis.java:addGroup(765)) - Created group PipelineID=2f775fc7-0393-4e38-b77c-7b365af7eb0c
2022-09-12 01:26:26,015 [Command processor thread] INFO  commandhandler.CreatePipelineCommandHandler (CreatePipelineCommandHandler.java:handle(113)) - Created Pipeline RATIS ONE PipelineID=2f775fc7-0393-4e38-b77c-7b365af7eb0c.
2022-09-12 01:26:26,125 [EndpointStateMachine task thread for /127.0.0.1:46755 - 0 ] INFO  ipc.Client (Client.java:handleConnectionFailure(977)) - Retrying connect to server: localhost/127.0.0.1:46755. Already tried 5 time(s); retry policy is RetryUpToMaximumCountWithFixedSleep(maxRetries=15, sleepTime=1000 MILLISECONDS)
2022-09-12 01:26:26,965 [Listener at 127.0.0.1/34977] INFO  ozone.MiniOzoneClusterImpl (MiniOzoneClusterImpl.java:lambda$waitForClusterToBeReady$0(216)) - Nodes are ready. Got 3 of 3 DN Heartbeats.
2022-09-12 01:26:26,965 [Listener at 127.0.0.1/34977] INFO  ozone.MiniOzoneClusterImpl (MiniOzoneClusterImpl.java:lambda$waitForClusterToBeReady$0(219)) - Waiting for cluster to exit safe mode
2022-09-12 01:26:26,965 [Listener at 127.0.0.1/34977] INFO  ozone.MiniOzoneClusterImpl (MiniOzoneClusterImpl.java:lambda$waitForClusterToBeReady$0(221)) - SCM became leader
2022-09-12 01:26:26,975 [Command processor thread] INFO  server.RaftServer (RaftServerProxy.java:addNew(96)) - f7e5ee2c-7b8e-406b-8d8c-d8786c0ad6b9: addNew group-EB2D2A4F7BFD:[f7e5ee2c-7b8e-406b-8d8c-d8786c0ad6b9|rpc:127.0.0.1:39655|priority:1] returns group-EB2D2A4F7BFD:java.util.concurrent.CompletableFuture@6ce9193c[Not completed]
2022-09-12 01:26:26,976 [pool-629-thread-1] INFO  server.RaftServer$Division (RaftServerImpl.java:<init>(190)) - f7e5ee2c-7b8e-406b-8d8c-d8786c0ad6b9: new RaftServerImpl for group-EB2D2A4F7BFD:[f7e5ee2c-7b8e-406b-8d8c-d8786c0ad6b9|rpc:127.0.0.1:39655|priority:1] with ContainerStateMachine:uninitialized
2022-09-12 01:26:26,976 [pool-629-thread-1] INFO  server.RaftServerConfigKeys (ConfUtils.java:logGet(46)) - raft.server.rpc.timeout.min = 5s (custom)
2022-09-12 01:26:26,976 [pool-629-thread-1] INFO  server.RaftServerConfigKeys (ConfUtils.java:logGet(46)) - raft.server.rpc.timeout.max = 5200ms (custom)
2022-09-12 01:26:26,976 [pool-629-thread-1] INFO  server.RaftServerConfigKeys (ConfUtils.java:logGet(46)) - raft.server.rpc.sleep.time = 25ms (default)
2022-09-12 01:26:26,976 [pool-629-thread-1] INFO  server.RaftServerConfigKeys (ConfUtils.java:logGet(46)) - raft.server.rpc.slowness.timeout = 300s (custom)
2022-09-12 01:26:26,976 [pool-629-thread-1] INFO  server.RaftServerConfigKeys (ConfUtils.java:logGet(46)) - raft.server.leaderelection.leader.step-down.wait-time = 10s (default)
2022-09-12 01:26:26,976 [pool-629-thread-1] INFO  server.RaftServerConfigKeys (ConfUtils.java:logGet(46)) - raft.server.sleep.deviation.threshold = 300ms (default)
2022-09-12 01:26:26,976 [pool-629-thread-1] INFO  server.RaftServer$Division (ServerState.java:<init>(107)) - f7e5ee2c-7b8e-406b-8d8c-d8786c0ad6b9@group-EB2D2A4F7BFD: ConfigurationManager, init=-1: [f7e5ee2c-7b8e-406b-8d8c-d8786c0ad6b9|rpc:127.0.0.1:39655|priority:1], old=null, confs=<EMPTY_MAP>
2022-09-12 01:26:26,976 [pool-629-thread-1] INFO  server.RaftServerConfigKeys (ConfUtils.java:logGet(46)) - raft.server.storage.dir = [/home/runner/work/ozone/ozone/hadoop-ozone/integration-test/target/test-dir/MiniOzoneClusterImpl-a920e810-7507-4246-9d07-cfa876092e00/datanode-2/data/ratis] (custom)
2022-09-12 01:26:26,977 [pool-629-thread-1] INFO  server.RaftServerConfigKeys (ConfUtils.java:logGet(46)) - raft.server.log.corruption.policy = EXCEPTION (default)
2022-09-12 01:26:26,977 [pool-629-thread-1] INFO  server.RaftServerConfigKeys (ConfUtils.java:logGet(46)) - raft.server.storage.free-space.min = 0MB (=0) (default)
2022-09-12 01:26:26,977 [pool-629-thread-1] INFO  storage.RaftStorageDirectory (RaftStorageDirectoryImpl.java:analyzeStorage(135)) - The storage directory /home/runner/work/ozone/ozone/hadoop-ozone/integration-test/target/test-dir/MiniOzoneClusterImpl-a920e810-7507-4246-9d07-cfa876092e00/datanode-2/data/ratis/76a63232-3e89-48b0-a80b-eb2d2a4f7bfd does not exist. Creating ...
2022-09-12 01:26:26,978 [pool-629-thread-1] INFO  storage.RaftStorageDirectory (RaftStorageDirectoryImpl.java:tryLock(230)) - Lock on /home/runner/work/ozone/ozone/hadoop-ozone/integration-test/target/test-dir/MiniOzoneClusterImpl-a920e810-7507-4246-9d07-cfa876092e00/datanode-2/data/ratis/76a63232-3e89-48b0-a80b-eb2d2a4f7bfd/in_use.lock acquired by nodename 51693@fv-az167-317
2022-09-12 01:26:26,978 [pool-629-thread-1] INFO  storage.RaftStorage (RaftStorageImpl.java:format(89)) - Storage directory /home/runner/work/ozone/ozone/hadoop-ozone/integration-test/target/test-dir/MiniOzoneClusterImpl-a920e810-7507-4246-9d07-cfa876092e00/datanode-2/data/ratis/76a63232-3e89-48b0-a80b-eb2d2a4f7bfd has been successfully formatted.
2022-09-12 01:26:26,979 [pool-629-thread-1] INFO  ratis.ContainerStateMachine (ContainerStateMachine.java:loadSnapshot(236)) - group-EB2D2A4F7BFD: The snapshot info is null. Setting the last applied indexto:(t:0, i:~)
2022-09-12 01:26:26,979 [pool-629-thread-1] INFO  server.RaftServerConfigKeys (ConfUtils.java:logGet(46)) - raft.server.notification.no-leader.timeout = 300s (custom)
2022-09-12 01:26:26,979 [pool-629-thread-1] INFO  server.RaftServerConfigKeys (ConfUtils.java:logGet(46)) - raft.server.log.use.memory = false (default)
2022-09-12 01:26:26,979 [pool-629-thread-1] INFO  server.RaftServerConfigKeys (ConfUtils.java:logGet(46)) - raft.server.log.purge.gap = 1000000 (custom)
2022-09-12 01:26:26,979 [pool-629-thread-1] INFO  server.RaftServerConfigKeys (ConfUtils.java:logGet(46)) - raft.server.log.appender.buffer.byte-limit = 33554432 (custom)
2022-09-12 01:26:26,979 [pool-629-thread-1] INFO  server.RaftServerConfigKeys (ConfUtils.java:logGet(46)) - raft.server.log.statemachine.data.read.timeout = 1000ms (default)
2022-09-12 01:26:26,980 [pool-629-thread-1] INFO  server.RaftServerConfigKeys (ConfUtils.java:logGet(46)) - raft.server.log.segment.size.max = 1048576 (custom)
2022-09-12 01:26:26,980 [pool-629-thread-1] INFO  server.RaftServerConfigKeys (ConfUtils.java:logGet(46)) - raft.server.log.segment.cache.num.max = 2 (custom)
2022-09-12 01:26:26,980 [pool-629-thread-1] INFO  server.RaftServerConfigKeys (ConfUtils.java:logGet(46)) - raft.server.log.segment.cache.size.max = 200MB (=209715200) (default)
2022-09-12 01:26:26,980 [pool-629-thread-1] INFO  segmented.SegmentedRaftLogWorker (SegmentedRaftLogWorker.java:<init>(187)) - new f7e5ee2c-7b8e-406b-8d8c-d8786c0ad6b9@group-EB2D2A4F7BFD-SegmentedRaftLogWorker for RaftStorageImpl:Storage Directory /home/runner/work/ozone/ozone/hadoop-ozone/integration-test/target/test-dir/MiniOzoneClusterImpl-a920e810-7507-4246-9d07-cfa876092e00/datanode-2/data/ratis/76a63232-3e89-48b0-a80b-eb2d2a4f7bfd
2022-09-12 01:26:26,980 [pool-629-thread-1] INFO  server.RaftServerConfigKeys (ConfUtils.java:logGet(46)) - raft.server.log.queue.byte-limit = 4294967296 (custom)
2022-09-12 01:26:26,980 [pool-629-thread-1] INFO  server.RaftServerConfigKeys (ConfUtils.java:logGet(46)) - raft.server.log.queue.element-limit = 1024 (custom)
2022-09-12 01:26:26,980 [pool-629-thread-1] INFO  server.RaftServerConfigKeys (ConfUtils.java:logGet(46)) - raft.server.log.segment.size.max = 1048576 (custom)
2022-09-12 01:26:26,980 [pool-629-thread-1] INFO  server.RaftServerConfigKeys (ConfUtils.java:logGet(46)) - raft.server.log.preallocated.size = 16384 (custom)
2022-09-12 01:26:26,980 [pool-629-thread-1] INFO  server.RaftServerConfigKeys (ConfUtils.java:logGet(46)) - raft.server.log.force.sync.num = 128 (default)
2022-09-12 01:26:26,980 [pool-629-thread-1] INFO  server.RaftServerConfigKeys (ConfUtils.java:logGet(46)) - raft.server.log.statemachine.data.sync = true (default)
2022-09-12 01:26:26,980 [pool-629-thread-1] INFO  server.RaftServerConfigKeys (ConfUtils.java:logGet(46)) - raft.server.log.statemachine.data.sync.timeout = 10s (default)
2022-09-12 01:26:26,980 [pool-629-thread-1] INFO  server.RaftServerConfigKeys (ConfUtils.java:logGet(46)) - raft.server.log.statemachine.data.sync.timeout.retry = -1 (default)
2022-09-12 01:26:26,980 [EventQueue-PipelineReportForPipelineReportHandler] INFO  pipeline.PipelineManagerImpl (PipelineManagerImpl.java:openPipeline(367)) - Pipeline Pipeline[ Id: 76a63232-3e89-48b0-a80b-eb2d2a4f7bfd, Nodes: f7e5ee2c-7b8e-406b-8d8c-d8786c0ad6b9{ip: 127.0.0.1, host: localhost, ports: [REPLICATION=41847, RATIS=39655, RATIS_ADMIN=39655, RATIS_SERVER=39655, STANDALONE=35661], networkLocation: /default-rack, certSerialId: null, persistedOpState: IN_SERVICE, persistedOpStateExpiryEpochSec: 0}, ReplicationConfig: RATIS/ONE, State:ALLOCATED, leaderId:f7e5ee2c-7b8e-406b-8d8c-d8786c0ad6b9, CreationTimestamp2022-09-12T01:26:23.981Z[Etc/UTC]] moved to OPEN state
2022-09-12 01:26:26,982 [6f1953f9-25aa-4157-82c9-d49674ab9c3c@group-CFA876092E00-StateMachineUpdater] INFO  safemode.HealthyPipelineSafeModeRule (HealthyPipelineSafeModeRule.java:initializeRule(165)) - Refreshed total pipeline count is 0, healthy pipeline threshold count is 1
2022-09-12 01:26:26,982 [pool-629-thread-1] INFO  server.RaftServerConfigKeys (ConfUtils.java:logGet(46)) - raft.server.log.write.buffer.size = 1048576 (custom)
2022-09-12 01:26:26,986 [pool-629-thread-1] INFO  server.RaftServerConfigKeys (ConfUtils.java:logGet(46)) - raft.server.log.unsafe-flush.enabled = false (default)
2022-09-12 01:26:26,986 [pool-629-thread-1] INFO  server.RaftServerConfigKeys (ConfUtils.java:logGet(46)) - raft.server.log.statemachine.data.caching.enabled = true (custom)
2022-09-12 01:26:26,986 [pool-629-thread-1] INFO  segmented.SegmentedRaftLogWorker (SegmentedRaftLogWorker.java:lambda$new$0(135)) - f7e5ee2c-7b8e-406b-8d8c-d8786c0ad6b9@group-EB2D2A4F7BFD-SegmentedRaftLogWorker: flushIndex: setUnconditionally 0 -> -1
2022-09-12 01:26:26,986 [pool-629-thread-1] INFO  segmented.SegmentedRaftLogWorker (SegmentedRaftLogWorker.java:lambda$new$0(135)) - f7e5ee2c-7b8e-406b-8d8c-d8786c0ad6b9@group-EB2D2A4F7BFD-SegmentedRaftLogWorker: safeCacheEvictIndex: setUnconditionally 0 -> -1
2022-09-12 01:26:26,988 [pool-629-thread-1] INFO  server.RaftServerConfigKeys (ConfUtils.java:logGet(46)) - raft.server.snapshot.auto.trigger.enabled = true (custom)
2022-09-12 01:26:26,988 [pool-629-thread-1] INFO  server.RaftServerConfigKeys (ConfUtils.java:logGet(46)) - raft.server.snapshot.auto.trigger.threshold = 10000 (custom)
2022-09-12 01:26:26,988 [pool-629-thread-1] INFO  server.RaftServerConfigKeys (ConfUtils.java:logGet(46)) - raft.server.snapshot.retention.file.num = 5 (custom)
2022-09-12 01:26:26,988 [pool-629-thread-1] INFO  server.RaftServerConfigKeys (ConfUtils.java:logGet(46)) - raft.server.log.purge.upto.snapshot.index = false (default)
2022-09-12 01:26:26,988 [pool-629-thread-1] INFO  server.RaftServerConfigKeys (ConfUtils.java:logGet(46)) - raft.server.retrycache.expirytime = 600000ms (custom)
2022-09-12 01:26:26,988 [pool-629-thread-1] INFO  server.RaftServerConfigKeys (ConfUtils.java:logGet(46)) - raft.server.retrycache.statistics.expirytime = 100μs (default)
2022-09-12 01:26:26,990 [pool-629-thread-1] INFO  server.RaftServerConfigKeys (ConfUtils.java:logGet(46)) - raft.server.log.appender.install.snapshot.enabled = false (custom)
2022-09-12 01:26:26,990 [pool-629-thread-1] INFO  server.RaftServerConfigKeys (ConfUtils.java:logGet(46)) - raft.server.threadpool.server.cached = true (default)
2022-09-12 01:26:26,990 [pool-629-thread-1] INFO  server.RaftServerConfigKeys (ConfUtils.java:logGet(46)) - raft.server.threadpool.server.size = 0 (default)
2022-09-12 01:26:26,990 [pool-629-thread-1] INFO  server.RaftServerConfigKeys (ConfUtils.java:logGet(46)) - raft.server.threadpool.client.cached = true (default)
2022-09-12 01:26:26,990 [pool-629-thread-1] INFO  server.RaftServerConfigKeys (ConfUtils.java:logGet(46)) - raft.server.threadpool.client.size = 0 (default)
2022-09-12 01:26:26,990 [pool-629-thread-1] INFO  server.RaftServer$Division (RaftServerImpl.java:start(310)) - f7e5ee2c-7b8e-406b-8d8c-d8786c0ad6b9@group-EB2D2A4F7BFD: start as a follower, conf=-1: [f7e5ee2c-7b8e-406b-8d8c-d8786c0ad6b9|rpc:127.0.0.1:39655|priority:1], old=null
2022-09-12 01:26:26,990 [pool-629-thread-1] INFO  server.RaftServer$Division (RaftServerImpl.java:setRole(299)) - f7e5ee2c-7b8e-406b-8d8c-d8786c0ad6b9@group-EB2D2A4F7BFD: changes role from      null to FOLLOWER at term 0 for startAsFollower
2022-09-12 01:26:26,990 [pool-629-thread-1] INFO  impl.RoleInfo (RoleInfo.java:updateAndGet(139)) - f7e5ee2c-7b8e-406b-8d8c-d8786c0ad6b9: start f7e5ee2c-7b8e-406b-8d8c-d8786c0ad6b9@group-EB2D2A4F7BFD-FollowerState
2022-09-12 01:26:26,996 [pool-629-thread-1] INFO  util.JmxRegister (JmxRegister.java:tryRegister(44)) - Successfully registered JMX Bean with object name Ratis:service=RaftServer,group=group-EB2D2A4F7BFD,id=f7e5ee2c-7b8e-406b-8d8c-d8786c0ad6b9
2022-09-12 01:26:27,003 [EventQueue-OpenPipelineForHealthyPipelineSafeModeRule] INFO  safemode.SCMSafeModeManager (HealthyPipelineSafeModeRule.java:process(137)) - SCM in safe mode. Healthy pipelines reported count is 0, required healthy pipeline reported count is 1
2022-09-12 01:26:27,004 [Command processor thread] INFO  ratis.XceiverServerRatis (XceiverServerRatis.java:addGroup(765)) - Created group PipelineID=76a63232-3e89-48b0-a80b-eb2d2a4f7bfd
2022-09-12 01:26:27,004 [Command processor thread] INFO  commandhandler.CreatePipelineCommandHandler (CreatePipelineCommandHandler.java:handle(113)) - Created Pipeline RATIS ONE PipelineID=76a63232-3e89-48b0-a80b-eb2d2a4f7bfd.
2022-09-12 01:26:27,126 [EndpointStateMachine task thread for /127.0.0.1:46755 - 0 ] INFO  ipc.Client (Client.java:handleConnectionFailure(977)) - Retrying connect to server: localhost/127.0.0.1:46755. Already tried 6 time(s); retry policy is RetryUpToMaximumCountWithFixedSleep(maxRetries=15, sleepTime=1000 MILLISECONDS)
2022-09-12 01:26:27,968 [Listener at 127.0.0.1/34977] INFO  ozone.MiniOzoneClusterImpl (MiniOzoneClusterImpl.java:lambda$waitForClusterToBeReady$0(216)) - Nodes are ready. Got 3 of 3 DN Heartbeats.
2022-09-12 01:26:27,969 [Listener at 127.0.0.1/34977] INFO  ozone.MiniOzoneClusterImpl (MiniOzoneClusterImpl.java:lambda$waitForClusterToBeReady$0(219)) - Waiting for cluster to exit safe mode
2022-09-12 01:26:27,969 [Listener at 127.0.0.1/34977] INFO  ozone.MiniOzoneClusterImpl (MiniOzoneClusterImpl.java:lambda$waitForClusterToBeReady$0(221)) - SCM became leader
2022-09-12 01:26:28,126 [EndpointStateMachine task thread for /127.0.0.1:46755 - 0 ] INFO  ipc.Client (Client.java:handleConnectionFailure(977)) - Retrying connect to server: localhost/127.0.0.1:46755. Already tried 7 time(s); retry policy is RetryUpToMaximumCountWithFixedSleep(maxRetries=15, sleepTime=1000 MILLISECONDS)
2022-09-12 01:26:28,969 [Listener at 127.0.0.1/34977] INFO  ozone.MiniOzoneClusterImpl (MiniOzoneClusterImpl.java:lambda$waitForClusterToBeReady$0(216)) - Nodes are ready. Got 3 of 3 DN Heartbeats.
2022-09-12 01:26:28,969 [Listener at 127.0.0.1/34977] INFO  ozone.MiniOzoneClusterImpl (MiniOzoneClusterImpl.java:lambda$waitForClusterToBeReady$0(219)) - Waiting for cluster to exit safe mode
2022-09-12 01:26:28,969 [Listener at 127.0.0.1/34977] INFO  ozone.MiniOzoneClusterImpl (MiniOzoneClusterImpl.java:lambda$waitForClusterToBeReady$0(221)) - SCM became leader
2022-09-12 01:26:29,127 [EndpointStateMachine task thread for /127.0.0.1:46755 - 0 ] INFO  ipc.Client (Client.java:handleConnectionFailure(977)) - Retrying connect to server: localhost/127.0.0.1:46755. Already tried 8 time(s); retry policy is RetryUpToMaximumCountWithFixedSleep(maxRetries=15, sleepTime=1000 MILLISECONDS)
2022-09-12 01:26:29,969 [Listener at 127.0.0.1/34977] INFO  ozone.MiniOzoneClusterImpl (MiniOzoneClusterImpl.java:lambda$waitForClusterToBeReady$0(216)) - Nodes are ready. Got 3 of 3 DN Heartbeats.
2022-09-12 01:26:29,970 [Listener at 127.0.0.1/34977] INFO  ozone.MiniOzoneClusterImpl (MiniOzoneClusterImpl.java:lambda$waitForClusterToBeReady$0(219)) - Waiting for cluster to exit safe mode
2022-09-12 01:26:29,970 [Listener at 127.0.0.1/34977] INFO  ozone.MiniOzoneClusterImpl (MiniOzoneClusterImpl.java:lambda$waitForClusterToBeReady$0(221)) - SCM became leader
2022-09-12 01:26:30,127 [EndpointStateMachine task thread for /127.0.0.1:46755 - 0 ] INFO  ipc.Client (Client.java:handleConnectionFailure(977)) - Retrying connect to server: localhost/127.0.0.1:46755. Already tried 9 time(s); retry policy is RetryUpToMaximumCountWithFixedSleep(maxRetries=15, sleepTime=1000 MILLISECONDS)
2022-09-12 01:26:30,283 [b564eb4b-6269-4962-af5b-43ec56d2b182@group-9715620C97D4-FollowerState] INFO  impl.FollowerState (FollowerState.java:run(143)) - b564eb4b-6269-4962-af5b-43ec56d2b182@group-9715620C97D4-FollowerState: change to CANDIDATE, lastRpcElapsedTime:5068795537ns, electionTimeout:5060ms
2022-09-12 01:26:30,283 [b564eb4b-6269-4962-af5b-43ec56d2b182@group-9715620C97D4-FollowerState] INFO  impl.RoleInfo (RoleInfo.java:shutdownFollowerState(110)) - b564eb4b-6269-4962-af5b-43ec56d2b182: shutdown b564eb4b-6269-4962-af5b-43ec56d2b182@group-9715620C97D4-FollowerState
2022-09-12 01:26:30,283 [b564eb4b-6269-4962-af5b-43ec56d2b182@group-9715620C97D4-FollowerState] INFO  server.RaftServer$Division (RaftServerImpl.java:setRole(299)) - b564eb4b-6269-4962-af5b-43ec56d2b182@group-9715620C97D4: changes role from  FOLLOWER to CANDIDATE at term 0 for changeToCandidate
2022-09-12 01:26:30,283 [b564eb4b-6269-4962-af5b-43ec56d2b182@group-9715620C97D4-FollowerState] INFO  server.RaftServerConfigKeys (ConfUtils.java:logGet(46)) - raft.server.leaderelection.pre-vote = false (custom)
2022-09-12 01:26:30,283 [b564eb4b-6269-4962-af5b-43ec56d2b182@group-9715620C97D4-FollowerState] INFO  impl.RoleInfo (RoleInfo.java:updateAndGet(139)) - b564eb4b-6269-4962-af5b-43ec56d2b182: start b564eb4b-6269-4962-af5b-43ec56d2b182@group-9715620C97D4-LeaderElection64
2022-09-12 01:26:30,300 [b564eb4b-6269-4962-af5b-43ec56d2b182@group-9715620C97D4-LeaderElection64] INFO  impl.LeaderElection (LeaderElection.java:askForVotes(310)) - b564eb4b-6269-4962-af5b-43ec56d2b182@group-9715620C97D4-LeaderElection64 ELECTION round 0: submit vote requests at term 1 for -1: [b564eb4b-6269-4962-af5b-43ec56d2b182|rpc:127.0.0.1:35021|priority:1], old=null
2022-09-12 01:26:30,300 [b564eb4b-6269-4962-af5b-43ec56d2b182@group-9715620C97D4-LeaderElection64] INFO  impl.LeaderElection (LeaderElection.java:askForVotes(312)) - b564eb4b-6269-4962-af5b-43ec56d2b182@group-9715620C97D4-LeaderElection64 ELECTION round 0: result PASSED (term=1)
2022-09-12 01:26:30,300 [b564eb4b-6269-4962-af5b-43ec56d2b182@group-9715620C97D4-LeaderElection64] INFO  impl.RoleInfo (RoleInfo.java:shutdownLeaderElection(130)) - b564eb4b-6269-4962-af5b-43ec56d2b182: shutdown b564eb4b-6269-4962-af5b-43ec56d2b182@group-9715620C97D4-LeaderElection64
2022-09-12 01:26:30,300 [b564eb4b-6269-4962-af5b-43ec56d2b182@group-9715620C97D4-LeaderElection64] INFO  server.RaftServer$Division (RaftServerImpl.java:setRole(299)) - b564eb4b-6269-4962-af5b-43ec56d2b182@group-9715620C97D4: changes role from CANDIDATE to LEADER at term 1 for changeToLeader
2022-09-12 01:26:30,300 [b564eb4b-6269-4962-af5b-43ec56d2b182@group-9715620C97D4-LeaderElection64] INFO  ratis.XceiverServerRatis (XceiverServerRatis.java:handleLeaderChangedNotification(863)) - Leader change notification received for group: group-9715620C97D4 with new leaderId: b564eb4b-6269-4962-af5b-43ec56d2b182
2022-09-12 01:26:30,302 [EventQueue-OpenPipelineForHealthyPipelineSafeModeRule] INFO  safemode.SCMSafeModeManager (HealthyPipelineSafeModeRule.java:process(137)) - SCM in safe mode. Healthy pipelines reported count is 0, required healthy pipeline reported count is 1
2022-09-12 01:26:30,304 [b564eb4b-6269-4962-af5b-43ec56d2b182@group-9715620C97D4-LeaderElection64] INFO  server.RaftServer$Division (ServerState.java:setLeader(287)) - b564eb4b-6269-4962-af5b-43ec56d2b182@group-9715620C97D4: change Leader from null to b564eb4b-6269-4962-af5b-43ec56d2b182 at term 1 for becomeLeader, leader elected after 5143ms
2022-09-12 01:26:30,304 [b564eb4b-6269-4962-af5b-43ec56d2b182@group-9715620C97D4-LeaderElection64] INFO  server.RaftServerConfigKeys (ConfUtils.java:logGet(46)) - raft.server.staging.catchup.gap = 1000 (default)
2022-09-12 01:26:30,305 [b564eb4b-6269-4962-af5b-43ec56d2b182@group-9715620C97D4-LeaderElection64] INFO  server.RaftServerConfigKeys (ConfUtils.java:logGet(46)) - raft.server.write.element-limit = 1024 (custom)
2022-09-12 01:26:30,305 [b564eb4b-6269-4962-af5b-43ec56d2b182@group-9715620C97D4-LeaderElection64] INFO  server.RaftServerConfigKeys (ConfUtils.java:logGet(46)) - raft.server.write.byte-limit = 1024 M (=1073741824) (custom)
2022-09-12 01:26:30,305 [b564eb4b-6269-4962-af5b-43ec56d2b182@group-9715620C97D4-LeaderElection64] INFO  server.RaftServerConfigKeys (ConfUtils.java:logGet(46)) - raft.server.watch.timeout = 180s (custom)
2022-09-12 01:26:30,305 [b564eb4b-6269-4962-af5b-43ec56d2b182@group-9715620C97D4-LeaderElection64] INFO  server.RaftServerConfigKeys (ConfUtils.java:logGet(46)) - raft.server.watch.timeout.denomination = 1s (default)
2022-09-12 01:26:30,305 [b564eb4b-6269-4962-af5b-43ec56d2b182@group-9715620C97D4-LeaderElection64] INFO  server.RaftServerConfigKeys (ConfUtils.java:logGet(46)) - raft.server.watch.element-limit = 65536 (default)
2022-09-12 01:26:30,306 [b564eb4b-6269-4962-af5b-43ec56d2b182@group-9715620C97D4-LeaderElection64] INFO  server.RaftServerConfigKeys (ConfUtils.java:logGet(46)) - raft.server.write.element-limit = 1024 (custom)
2022-09-12 01:26:30,306 [b564eb4b-6269-4962-af5b-43ec56d2b182@group-9715620C97D4-LeaderElection64] INFO  server.RaftServerConfigKeys (ConfUtils.java:logGet(46)) - raft.server.write.follower.gap.ratio.max = -1.0 (default)
2022-09-12 01:26:30,306 [b564eb4b-6269-4962-af5b-43ec56d2b182@group-9715620C97D4-LeaderElection64] INFO  impl.RoleInfo (RoleInfo.java:updateAndGet(139)) - b564eb4b-6269-4962-af5b-43ec56d2b182: start b564eb4b-6269-4962-af5b-43ec56d2b182@group-9715620C97D4-LeaderStateImpl
2022-09-12 01:26:30,306 [b564eb4b-6269-4962-af5b-43ec56d2b182@group-9715620C97D4-LeaderElection64] INFO  segmented.SegmentedRaftLogWorker (SegmentedRaftLogWorker.java:startLogSegment(425)) - b564eb4b-6269-4962-af5b-43ec56d2b182@group-9715620C97D4-SegmentedRaftLogWorker: Starting segment from index:0
2022-09-12 01:26:30,307 [b564eb4b-6269-4962-af5b-43ec56d2b182@group-9715620C97D4-SegmentedRaftLogWorker] INFO  segmented.SegmentedRaftLogWorker (SegmentedRaftLogWorker.java:execute(629)) - b564eb4b-6269-4962-af5b-43ec56d2b182@group-9715620C97D4-SegmentedRaftLogWorker: created new log segment /home/runner/work/ozone/ozone/hadoop-ozone/integration-test/target/test-dir/MiniOzoneClusterImpl-a920e810-7507-4246-9d07-cfa876092e00/datanode-0/data/ratis/43d14360-c7f8-47e9-8300-9715620c97d4/current/log_inprogress_0
2022-09-12 01:26:30,316 [b564eb4b-6269-4962-af5b-43ec56d2b182@group-9715620C97D4-LeaderElection64] INFO  server.RaftServer$Division (ServerState.java:setRaftConf(393)) - b564eb4b-6269-4962-af5b-43ec56d2b182@group-9715620C97D4: set configuration 0: [b564eb4b-6269-4962-af5b-43ec56d2b182|rpc:127.0.0.1:35021|dataStream:|priority:1], old=null
2022-09-12 01:26:30,319 [b564eb4b-6269-4962-af5b-43ec56d2b182@group-5C65DE8FC2DF-FollowerState] INFO  impl.FollowerState (FollowerState.java:run(143)) - b564eb4b-6269-4962-af5b-43ec56d2b182@group-5C65DE8FC2DF-FollowerState: change to CANDIDATE, lastRpcElapsedTime:5029459425ns, electionTimeout:5014ms
2022-09-12 01:26:30,319 [b564eb4b-6269-4962-af5b-43ec56d2b182@group-5C65DE8FC2DF-FollowerState] INFO  impl.RoleInfo (RoleInfo.java:shutdownFollowerState(110)) - b564eb4b-6269-4962-af5b-43ec56d2b182: shutdown b564eb4b-6269-4962-af5b-43ec56d2b182@group-5C65DE8FC2DF-FollowerState
2022-09-12 01:26:30,319 [b564eb4b-6269-4962-af5b-43ec56d2b182@group-5C65DE8FC2DF-FollowerState] INFO  server.RaftServer$Division (RaftServerImpl.java:setRole(299)) - b564eb4b-6269-4962-af5b-43ec56d2b182@group-5C65DE8FC2DF: changes role from  FOLLOWER to CANDIDATE at term 0 for changeToCandidate
2022-09-12 01:26:30,319 [b564eb4b-6269-4962-af5b-43ec56d2b182@group-5C65DE8FC2DF-FollowerState] INFO  server.RaftServerConfigKeys (ConfUtils.java:logGet(46)) - raft.server.leaderelection.pre-vote = false (custom)
2022-09-12 01:26:30,319 [b564eb4b-6269-4962-af5b-43ec56d2b182@group-5C65DE8FC2DF-FollowerState] INFO  impl.RoleInfo (RoleInfo.java:updateAndGet(139)) - b564eb4b-6269-4962-af5b-43ec56d2b182: start b564eb4b-6269-4962-af5b-43ec56d2b182@group-5C65DE8FC2DF-LeaderElection65
2022-09-12 01:26:30,333 [b564eb4b-6269-4962-af5b-43ec56d2b182@group-5C65DE8FC2DF-LeaderElection65] INFO  impl.LeaderElection (LeaderElection.java:askForVotes(310)) - b564eb4b-6269-4962-af5b-43ec56d2b182@group-5C65DE8FC2DF-LeaderElection65 ELECTION round 0: submit vote requests at term 1 for -1: [b564eb4b-6269-4962-af5b-43ec56d2b182|rpc:127.0.0.1:35021|priority:1, f7e5ee2c-7b8e-406b-8d8c-d8786c0ad6b9|rpc:127.0.0.1:39655|priority:0, d5da11d1-5249-48d1-b60b-926c81588dea|rpc:127.0.0.1:42835|priority:0], old=null
2022-09-12 01:26:30,349 [grpc-default-executor-4] INFO  server.RaftServer$Division (RaftServerImpl.java:requestVote(1152)) - f7e5ee2c-7b8e-406b-8d8c-d8786c0ad6b9@group-5C65DE8FC2DF: receive requestVote(ELECTION, b564eb4b-6269-4962-af5b-43ec56d2b182, group-5C65DE8FC2DF, 1, (t:0, i:0))
2022-09-12 01:26:30,349 [grpc-default-executor-4] INFO  impl.VoteContext (VoteContext.java:log(48)) - f7e5ee2c-7b8e-406b-8d8c-d8786c0ad6b9@group-5C65DE8FC2DF-FOLLOWER: accept ELECTION from b564eb4b-6269-4962-af5b-43ec56d2b182: our priority 0 <= candidate's priority 1
2022-09-12 01:26:30,349 [grpc-default-executor-4] INFO  server.RaftServer$Division (RaftServerImpl.java:setRole(299)) - f7e5ee2c-7b8e-406b-8d8c-d8786c0ad6b9@group-5C65DE8FC2DF: changes role from  FOLLOWER to FOLLOWER at term 1 for candidate:b564eb4b-6269-4962-af5b-43ec56d2b182
2022-09-12 01:26:30,349 [grpc-default-executor-4] INFO  impl.RoleInfo (RoleInfo.java:shutdownFollowerState(110)) - f7e5ee2c-7b8e-406b-8d8c-d8786c0ad6b9: shutdown f7e5ee2c-7b8e-406b-8d8c-d8786c0ad6b9@group-5C65DE8FC2DF-FollowerState
2022-09-12 01:26:30,349 [grpc-default-executor-4] INFO  impl.RoleInfo (RoleInfo.java:updateAndGet(139)) - f7e5ee2c-7b8e-406b-8d8c-d8786c0ad6b9: start f7e5ee2c-7b8e-406b-8d8c-d8786c0ad6b9@group-5C65DE8FC2DF-FollowerState
2022-09-12 01:26:30,357 [grpc-default-executor-4] INFO  server.RaftServer$Division (RaftServerImpl.java:requestVote(1184)) - f7e5ee2c-7b8e-406b-8d8c-d8786c0ad6b9@group-5C65DE8FC2DF replies to ELECTION vote request: b564eb4b-6269-4962-af5b-43ec56d2b182<-f7e5ee2c-7b8e-406b-8d8c-d8786c0ad6b9#0:OK-t1. Peer's state: f7e5ee2c-7b8e-406b-8d8c-d8786c0ad6b9@group-5C65DE8FC2DF:t1, leader=null, voted=b564eb4b-6269-4962-af5b-43ec56d2b182, raftlog=f7e5ee2c-7b8e-406b-8d8c-d8786c0ad6b9@group-5C65DE8FC2DF-SegmentedRaftLog:OPENED:c-1, conf=-1: [b564eb4b-6269-4962-af5b-43ec56d2b182|rpc:127.0.0.1:35021|dataStream:|priority:1, f7e5ee2c-7b8e-406b-8d8c-d8786c0ad6b9|rpc:127.0.0.1:39655|dataStream:|priority:0, d5da11d1-5249-48d1-b60b-926c81588dea|rpc:127.0.0.1:42835|dataStream:|priority:0], old=null
2022-09-12 01:26:30,358 [b564eb4b-6269-4962-af5b-43ec56d2b182@group-5C65DE8FC2DF-LeaderElection65] INFO  impl.LeaderElection (LeaderElection.java:logAndReturn(90)) - b564eb4b-6269-4962-af5b-43ec56d2b182@group-5C65DE8FC2DF-LeaderElection65: ELECTION PASSED received 1 response(s) and 0 exception(s):
2022-09-12 01:26:30,358 [grpc-default-executor-4] INFO  server.RaftServer$Division (RaftServerImpl.java:requestVote(1152)) - d5da11d1-5249-48d1-b60b-926c81588dea@group-5C65DE8FC2DF: receive requestVote(ELECTION, b564eb4b-6269-4962-af5b-43ec56d2b182, group-5C65DE8FC2DF, 1, (t:0, i:0))
2022-09-12 01:26:30,359 [grpc-default-executor-4] INFO  impl.VoteContext (VoteContext.java:log(48)) - d5da11d1-5249-48d1-b60b-926c81588dea@group-5C65DE8FC2DF-FOLLOWER: accept ELECTION from b564eb4b-6269-4962-af5b-43ec56d2b182: our priority 0 <= candidate's priority 1
2022-09-12 01:26:30,359 [grpc-default-executor-4] INFO  server.RaftServer$Division (RaftServerImpl.java:setRole(299)) - d5da11d1-5249-48d1-b60b-926c81588dea@group-5C65DE8FC2DF: changes role from  FOLLOWER to FOLLOWER at term 1 for candidate:b564eb4b-6269-4962-af5b-43ec56d2b182
2022-09-12 01:26:30,359 [grpc-default-executor-4] INFO  impl.RoleInfo (RoleInfo.java:shutdownFollowerState(110)) - d5da11d1-5249-48d1-b60b-926c81588dea: shutdown d5da11d1-5249-48d1-b60b-926c81588dea@group-5C65DE8FC2DF-FollowerState
2022-09-12 01:26:30,359 [grpc-default-executor-4] INFO  impl.RoleInfo (RoleInfo.java:updateAndGet(139)) - d5da11d1-5249-48d1-b60b-926c81588dea: start d5da11d1-5249-48d1-b60b-926c81588dea@group-5C65DE8FC2DF-FollowerState
2022-09-12 01:26:30,359 [d5da11d1-5249-48d1-b60b-926c81588dea@group-5C65DE8FC2DF-FollowerState] INFO  impl.FollowerState (FollowerState.java:run(152)) - d5da11d1-5249-48d1-b60b-926c81588dea@group-5C65DE8FC2DF-FollowerState was interrupted
2022-09-12 01:26:30,360 [grpc-default-executor-4] INFO  server.RaftServer$Division (RaftServerImpl.java:requestVote(1184)) - d5da11d1-5249-48d1-b60b-926c81588dea@group-5C65DE8FC2DF replies to ELECTION vote request: b564eb4b-6269-4962-af5b-43ec56d2b182<-d5da11d1-5249-48d1-b60b-926c81588dea#0:OK-t1. Peer's state: d5da11d1-5249-48d1-b60b-926c81588dea@group-5C65DE8FC2DF:t1, leader=null, voted=b564eb4b-6269-4962-af5b-43ec56d2b182, raftlog=d5da11d1-5249-48d1-b60b-926c81588dea@group-5C65DE8FC2DF-SegmentedRaftLog:OPENED:c-1, conf=-1: [b564eb4b-6269-4962-af5b-43ec56d2b182|rpc:127.0.0.1:35021|dataStream:|priority:1, f7e5ee2c-7b8e-406b-8d8c-d8786c0ad6b9|rpc:127.0.0.1:39655|dataStream:|priority:0, d5da11d1-5249-48d1-b60b-926c81588dea|rpc:127.0.0.1:42835|dataStream:|priority:0], old=null
2022-09-12 01:26:30,372 [f7e5ee2c-7b8e-406b-8d8c-d8786c0ad6b9@group-5C65DE8FC2DF-FollowerState] INFO  impl.FollowerState (FollowerState.java:run(152)) - f7e5ee2c-7b8e-406b-8d8c-d8786c0ad6b9@group-5C65DE8FC2DF-FollowerState was interrupted
2022-09-12 01:26:30,358 [b564eb4b-6269-4962-af5b-43ec56d2b182@group-5C65DE8FC2DF-LeaderElection65] INFO  impl.LeaderElection (LeaderElection.java:logAndReturn(94)) -   Response 0: b564eb4b-6269-4962-af5b-43ec56d2b182<-f7e5ee2c-7b8e-406b-8d8c-d8786c0ad6b9#0:OK-t1
2022-09-12 01:26:30,373 [b564eb4b-6269-4962-af5b-43ec56d2b182@group-5C65DE8FC2DF-LeaderElection65] INFO  impl.LeaderElection (LeaderElection.java:askForVotes(312)) - b564eb4b-6269-4962-af5b-43ec56d2b182@group-5C65DE8FC2DF-LeaderElection65 ELECTION round 0: result PASSED
2022-09-12 01:26:30,373 [b564eb4b-6269-4962-af5b-43ec56d2b182@group-5C65DE8FC2DF-LeaderElection65] INFO  impl.RoleInfo (RoleInfo.java:shutdownLeaderElection(130)) - b564eb4b-6269-4962-af5b-43ec56d2b182: shutdown b564eb4b-6269-4962-af5b-43ec56d2b182@group-5C65DE8FC2DF-LeaderElection65
2022-09-12 01:26:30,373 [b564eb4b-6269-4962-af5b-43ec56d2b182@group-5C65DE8FC2DF-LeaderElection65] INFO  server.RaftServer$Division (RaftServerImpl.java:setRole(299)) - b564eb4b-6269-4962-af5b-43ec56d2b182@group-5C65DE8FC2DF: changes role from CANDIDATE to LEADER at term 1 for changeToLeader
2022-09-12 01:26:30,373 [b564eb4b-6269-4962-af5b-43ec56d2b182@group-5C65DE8FC2DF-LeaderElection65] INFO  ratis.XceiverServerRatis (XceiverServerRatis.java:handleLeaderChangedNotification(863)) - Leader change notification received for group: group-5C65DE8FC2DF with new leaderId: b564eb4b-6269-4962-af5b-43ec56d2b182
2022-09-12 01:26:30,373 [b564eb4b-6269-4962-af5b-43ec56d2b182@group-5C65DE8FC2DF-LeaderElection65] INFO  server.RaftServer$Division (ServerState.java:setLeader(287)) - b564eb4b-6269-4962-af5b-43ec56d2b182@group-5C65DE8FC2DF: change Leader from null to b564eb4b-6269-4962-af5b-43ec56d2b182 at term 1 for becomeLeader, leader elected after 5107ms
2022-09-12 01:26:30,373 [b564eb4b-6269-4962-af5b-43ec56d2b182@group-5C65DE8FC2DF-LeaderElection65] INFO  server.RaftServerConfigKeys (ConfUtils.java:logGet(46)) - raft.server.staging.catchup.gap = 1000 (default)
2022-09-12 01:26:30,374 [b564eb4b-6269-4962-af5b-43ec56d2b182@group-5C65DE8FC2DF-LeaderElection65] INFO  server.RaftServerConfigKeys (ConfUtils.java:logGet(46)) - raft.server.write.element-limit = 1024 (custom)
2022-09-12 01:26:30,374 [b564eb4b-6269-4962-af5b-43ec56d2b182@group-5C65DE8FC2DF-LeaderElection65] INFO  server.RaftServerConfigKeys (ConfUtils.java:logGet(46)) - raft.server.write.byte-limit = 1024 M (=1073741824) (custom)
2022-09-12 01:26:30,374 [b564eb4b-6269-4962-af5b-43ec56d2b182@group-5C65DE8FC2DF-LeaderElection65] INFO  server.RaftServerConfigKeys (ConfUtils.java:logGet(46)) - raft.server.watch.timeout = 180s (custom)
2022-09-12 01:26:30,374 [b564eb4b-6269-4962-af5b-43ec56d2b182@group-5C65DE8FC2DF-LeaderElection65] INFO  server.RaftServerConfigKeys (ConfUtils.java:logGet(46)) - raft.server.watch.timeout.denomination = 1s (default)
2022-09-12 01:26:30,374 [b564eb4b-6269-4962-af5b-43ec56d2b182@group-5C65DE8FC2DF-LeaderElection65] INFO  server.RaftServerConfigKeys (ConfUtils.java:logGet(46)) - raft.server.watch.element-limit = 65536 (default)
2022-09-12 01:26:30,374 [b564eb4b-6269-4962-af5b-43ec56d2b182@group-5C65DE8FC2DF-LeaderElection65] INFO  server.RaftServerConfigKeys (ConfUtils.java:logGet(46)) - raft.server.write.element-limit = 1024 (custom)
2022-09-12 01:26:30,374 [b564eb4b-6269-4962-af5b-43ec56d2b182@group-5C65DE8FC2DF-LeaderElection65] INFO  server.RaftServerConfigKeys (ConfUtils.java:logGet(46)) - raft.server.write.follower.gap.ratio.max = -1.0 (default)
2022-09-12 01:26:30,375 [b564eb4b-6269-4962-af5b-43ec56d2b182@group-5C65DE8FC2DF-LeaderElection65] INFO  server.RaftServerConfigKeys (ConfUtils.java:logGet(46)) - raft.server.log.appender.snapshot.chunk.size.max = 16MB (=16777216) (default)
2022-09-12 01:26:30,375 [b564eb4b-6269-4962-af5b-43ec56d2b182@group-5C65DE8FC2DF-LeaderElection65] INFO  server.RaftServerConfigKeys (ConfUtils.java:logGet(46)) - raft.server.log.appender.buffer.byte-limit = 33554432 (custom)
2022-09-12 01:26:30,375 [b564eb4b-6269-4962-af5b-43ec56d2b182@group-5C65DE8FC2DF-LeaderElection65] INFO  server.RaftServerConfigKeys (ConfUtils.java:logGet(46)) - raft.server.log.appender.buffer.element-limit = 1 (custom)
2022-09-12 01:26:30,375 [b564eb4b-6269-4962-af5b-43ec56d2b182@group-5C65DE8FC2DF-LeaderElection65] INFO  grpc.GrpcConfigKeys (ConfUtils.java:logGet(46)) - raft.grpc.server.leader.outstanding.appends.max = 128 (default)
2022-09-12 01:26:30,375 [b564eb4b-6269-4962-af5b-43ec56d2b182@group-5C65DE8FC2DF-LeaderElection65] INFO  server.RaftServerConfigKeys (ConfUtils.java:logGet(46)) - raft.server.rpc.request.timeout = 60s (custom)
2022-09-12 01:26:30,375 [b564eb4b-6269-4962-af5b-43ec56d2b182@group-5C65DE8FC2DF-LeaderElection65] INFO  server.RaftServerConfigKeys (ConfUtils.java:logGet(46)) - raft.server.log.appender.install.snapshot.enabled = false (custom)
2022-09-12 01:26:30,377 [EventQueue-PipelineReportForPipelineReportHandler] INFO  pipeline.PipelineManagerImpl (PipelineManagerImpl.java:openPipeline(367)) - Pipeline Pipeline[ Id: 8cf02d82-884b-47d8-8990-5c65de8fc2df, Nodes: b564eb4b-6269-4962-af5b-43ec56d2b182{ip: 127.0.0.1, host: localhost, ports: [REPLICATION=35551, RATIS=35021, RATIS_ADMIN=35021, RATIS_SERVER=35021, STANDALONE=35373], networkLocation: /default-rack, certSerialId: null, persistedOpState: IN_SERVICE, persistedOpStateExpiryEpochSec: 0}f7e5ee2c-7b8e-406b-8d8c-d8786c0ad6b9{ip: 127.0.0.1, host: localhost, ports: [REPLICATION=41847, RATIS=39655, RATIS_ADMIN=39655, RATIS_SERVER=39655, STANDALONE=35661], networkLocation: /default-rack, certSerialId: null, persistedOpState: IN_SERVICE, persistedOpStateExpiryEpochSec: 0}d5da11d1-5249-48d1-b60b-926c81588dea{ip: 127.0.0.1, host: localhost, ports: [REPLICATION=39531, RATIS=42835, RATIS_ADMIN=42835, RATIS_SERVER=42835, STANDALONE=42207], networkLocation: /default-rack, certSerialId: null, persistedOpState: IN_SERVICE, persistedOpStateExpiryEpochSec: 0}, ReplicationConfig: RATIS/THREE, State:ALLOCATED, leaderId:b564eb4b-6269-4962-af5b-43ec56d2b182, CreationTimestamp2022-09-12T01:26:23.985Z[Etc/UTC]] moved to OPEN state
2022-09-12 01:26:30,378 [6f1953f9-25aa-4157-82c9-d49674ab9c3c@group-CFA876092E00-StateMachineUpdater] INFO  safemode.HealthyPipelineSafeModeRule (HealthyPipelineSafeModeRule.java:initializeRule(165)) - Refreshed total pipeline count is 1, healthy pipeline threshold count is 1
2022-09-12 01:26:30,378 [EventQueue-OpenPipelineForHealthyPipelineSafeModeRule] INFO  safemode.SCMSafeModeManager (HealthyPipelineSafeModeRule.java:process(137)) - SCM in safe mode. Healthy pipelines reported count is 1, required healthy pipeline reported count is 1
2022-09-12 01:26:30,379 [EventQueue-OpenPipelineForHealthyPipelineSafeModeRule] INFO  safemode.SCMSafeModeManager (SCMSafeModeManager.java:validateSafeModeExitRules(204)) - HealthyPipelineSafeModeRule rule is successfully validated
2022-09-12 01:26:30,379 [EventQueue-OpenPipelineForHealthyPipelineSafeModeRule] INFO  safemode.SCMSafeModeManager (SCMSafeModeManager.java:validateSafeModeExitRules(219)) - ScmSafeModeManager, all rules are successfully validated
2022-09-12 01:26:30,379 [EventQueue-OpenPipelineForHealthyPipelineSafeModeRule] INFO  safemode.SCMSafeModeManager (SCMSafeModeManager.java:exitSafeMode(248)) - SCM exiting safe mode.
2022-09-12 01:26:30,379 [EventQueue-OpenPipelineForHealthyPipelineSafeModeRule] WARN  events.EventQueue (EventQueue.java:fireEvent(216)) - No event handler registered for event TypedEvent{payloadType=SafeModeStatus, name='Safe mode status'}
2022-09-12 01:26:30,379 [EventQueue-OpenPipelineForHealthyPipelineSafeModeRule] INFO  ha.SCMContext (SCMContext.java:updateSafeModeStatus(228)) - Update SafeModeStatus from SafeModeStatus{safeModeStatus=true, preCheckPassed=true} to SafeModeStatus{safeModeStatus=false, preCheckPassed=true}.
2022-09-12 01:26:30,379 [EventQueue-OpenPipelineForHealthyPipelineSafeModeRule] INFO  BackgroundPipelineScrubber (BackgroundSCMService.java:notifyStatusChanged(82)) - Service BackgroundPipelineScrubber transitions to RUNNING.
2022-09-12 01:26:30,379 [EventQueue-OpenPipelineForHealthyPipelineSafeModeRule] INFO  ExpiredContainerReplicaOpScrubber (BackgroundSCMService.java:notifyStatusChanged(82)) - Service ExpiredContainerReplicaOpScrubber transitions to RUNNING.
2022-09-12 01:26:30,379 [EventQueue-OpenPipelineForHealthyPipelineSafeModeRule] INFO  replication.ReplicationManager (ReplicationManager.java:notifyStatusChanged(793)) - Service ReplicationManager transitions to RUNNING.
2022-09-12 01:26:30,379 [EventQueue-OpenPipelineForHealthyPipelineSafeModeRule] WARN  balancer.ContainerBalancer (ContainerBalancer.java:shouldRun(925)) - Could not find persisted configuration for ContainerBalancer when checking if ContainerBalancer should run. ContainerBalancer should not run now.
2022-09-12 01:26:30,389 [b564eb4b-6269-4962-af5b-43ec56d2b182@group-5C65DE8FC2DF-LeaderElection65] INFO  server.RaftServerConfigKeys (ConfUtils.java:logGet(46)) - raft.server.log.appender.snapshot.chunk.size.max = 16MB (=16777216) (default)
2022-09-12 01:26:30,389 [b564eb4b-6269-4962-af5b-43ec56d2b182@group-5C65DE8FC2DF-LeaderElection65] INFO  server.RaftServerConfigKeys (ConfUtils.java:logGet(46)) - raft.server.log.appender.buffer.byte-limit = 33554432 (custom)
2022-09-12 01:26:30,389 [b564eb4b-6269-4962-af5b-43ec56d2b182@group-5C65DE8FC2DF-LeaderElection65] INFO  server.RaftServerConfigKeys (ConfUtils.java:logGet(46)) - raft.server.log.appender.buffer.element-limit = 1 (custom)
2022-09-12 01:26:30,389 [b564eb4b-6269-4962-af5b-43ec56d2b182@group-5C65DE8FC2DF-LeaderElection65] INFO  grpc.GrpcConfigKeys (ConfUtils.java:logGet(46)) - raft.grpc.server.leader.outstanding.appends.max = 128 (default)
2022-09-12 01:26:30,389 [b564eb4b-6269-4962-af5b-43ec56d2b182@group-5C65DE8FC2DF-LeaderElection65] INFO  server.RaftServerConfigKeys (ConfUtils.java:logGet(46)) - raft.server.rpc.request.timeout = 60s (custom)
2022-09-12 01:26:30,389 [b564eb4b-6269-4962-af5b-43ec56d2b182@group-5C65DE8FC2DF-LeaderElection65] INFO  server.RaftServerConfigKeys (ConfUtils.java:logGet(46)) - raft.server.log.appender.install.snapshot.enabled = false (custom)
2022-09-12 01:26:30,390 [b564eb4b-6269-4962-af5b-43ec56d2b182@group-5C65DE8FC2DF-LeaderElection65] INFO  impl.RoleInfo (RoleInfo.java:updateAndGet(139)) - b564eb4b-6269-4962-af5b-43ec56d2b182: start b564eb4b-6269-4962-af5b-43ec56d2b182@group-5C65DE8FC2DF-LeaderStateImpl
2022-09-12 01:26:30,390 [b564eb4b-6269-4962-af5b-43ec56d2b182@group-5C65DE8FC2DF-LeaderElection65] INFO  segmented.SegmentedRaftLogWorker (SegmentedRaftLogWorker.java:startLogSegment(425)) - b564eb4b-6269-4962-af5b-43ec56d2b182@group-5C65DE8FC2DF-SegmentedRaftLogWorker: Starting segment from index:0
2022-09-12 01:26:30,393 [b564eb4b-6269-4962-af5b-43ec56d2b182@group-5C65DE8FC2DF-SegmentedRaftLogWorker] INFO  segmented.SegmentedRaftLogWorker (SegmentedRaftLogWorker.java:execute(629)) - b564eb4b-6269-4962-af5b-43ec56d2b182@group-5C65DE8FC2DF-SegmentedRaftLogWorker: created new log segment /home/runner/work/ozone/ozone/hadoop-ozone/integration-test/target/test-dir/MiniOzoneClusterImpl-a920e810-7507-4246-9d07-cfa876092e00/datanode-0/data/ratis/8cf02d82-884b-47d8-8990-5c65de8fc2df/current/log_inprogress_0
2022-09-12 01:26:30,401 [b564eb4b-6269-4962-af5b-43ec56d2b182@group-5C65DE8FC2DF-LeaderElection65] INFO  server.RaftServer$Division (ServerState.java:setRaftConf(393)) - b564eb4b-6269-4962-af5b-43ec56d2b182@group-5C65DE8FC2DF: set configuration 0: [b564eb4b-6269-4962-af5b-43ec56d2b182|rpc:127.0.0.1:35021|dataStream:|priority:1, f7e5ee2c-7b8e-406b-8d8c-d8786c0ad6b9|rpc:127.0.0.1:39655|dataStream:|priority:0, d5da11d1-5249-48d1-b60b-926c81588dea|rpc:127.0.0.1:42835|dataStream:|priority:0], old=null
2022-09-12 01:26:30,434 [f7e5ee2c-7b8e-406b-8d8c-d8786c0ad6b9-server-thread1] INFO  ratis.XceiverServerRatis (XceiverServerRatis.java:handleLeaderChangedNotification(863)) - Leader change notification received for group: group-5C65DE8FC2DF with new leaderId: b564eb4b-6269-4962-af5b-43ec56d2b182
2022-09-12 01:26:30,434 [f7e5ee2c-7b8e-406b-8d8c-d8786c0ad6b9-server-thread1] INFO  server.RaftServer$Division (ServerState.java:setLeader(287)) - f7e5ee2c-7b8e-406b-8d8c-d8786c0ad6b9@group-5C65DE8FC2DF: change Leader from null to b564eb4b-6269-4962-af5b-43ec56d2b182 at term 1 for appendEntries, leader elected after 5069ms
2022-09-12 01:26:30,446 [d5da11d1-5249-48d1-b60b-926c81588dea-server-thread1] INFO  ratis.XceiverServerRatis (XceiverServerRatis.java:handleLeaderChangedNotification(863)) - Leader change notification received for group: group-5C65DE8FC2DF with new leaderId: b564eb4b-6269-4962-af5b-43ec56d2b182
2022-09-12 01:26:30,446 [d5da11d1-5249-48d1-b60b-926c81588dea-server-thread1] INFO  server.RaftServer$Division (ServerState.java:setLeader(287)) - d5da11d1-5249-48d1-b60b-926c81588dea@group-5C65DE8FC2DF: change Leader from null to b564eb4b-6269-4962-af5b-43ec56d2b182 at term 1 for appendEntries, leader elected after 4961ms
2022-09-12 01:26:30,447 [d5da11d1-5249-48d1-b60b-926c81588dea-server-thread1] INFO  server.RaftServer$Division (ServerState.java:setRaftConf(393)) - d5da11d1-5249-48d1-b60b-926c81588dea@group-5C65DE8FC2DF: set configuration 0: [b564eb4b-6269-4962-af5b-43ec56d2b182|rpc:127.0.0.1:35021|dataStream:|priority:1, f7e5ee2c-7b8e-406b-8d8c-d8786c0ad6b9|rpc:127.0.0.1:39655|dataStream:|priority:0, d5da11d1-5249-48d1-b60b-926c81588dea|rpc:127.0.0.1:42835|dataStream:|priority:0], old=null
2022-09-12 01:26:30,447 [d5da11d1-5249-48d1-b60b-926c81588dea-server-thread1] INFO  segmented.SegmentedRaftLogWorker (SegmentedRaftLogWorker.java:startLogSegment(425)) - d5da11d1-5249-48d1-b60b-926c81588dea@group-5C65DE8FC2DF-SegmentedRaftLogWorker: Starting segment from index:0
2022-09-12 01:26:30,448 [d5da11d1-5249-48d1-b60b-926c81588dea@group-5C65DE8FC2DF-SegmentedRaftLogWorker] INFO  segmented.SegmentedRaftLogWorker (SegmentedRaftLogWorker.java:execute(629)) - d5da11d1-5249-48d1-b60b-926c81588dea@group-5C65DE8FC2DF-SegmentedRaftLogWorker: created new log segment /home/runner/work/ozone/ozone/hadoop-ozone/integration-test/target/test-dir/MiniOzoneClusterImpl-a920e810-7507-4246-9d07-cfa876092e00/datanode-1/data/ratis/8cf02d82-884b-47d8-8990-5c65de8fc2df/current/log_inprogress_0
2022-09-12 01:26:30,472 [f7e5ee2c-7b8e-406b-8d8c-d8786c0ad6b9-server-thread1] INFO  server.RaftServer$Division (ServerState.java:setRaftConf(393)) - f7e5ee2c-7b8e-406b-8d8c-d8786c0ad6b9@group-5C65DE8FC2DF: set configuration 0: [b564eb4b-6269-4962-af5b-43ec56d2b182|rpc:127.0.0.1:35021|dataStream:|priority:1, f7e5ee2c-7b8e-406b-8d8c-d8786c0ad6b9|rpc:127.0.0.1:39655|dataStream:|priority:0, d5da11d1-5249-48d1-b60b-926c81588dea|rpc:127.0.0.1:42835|dataStream:|priority:0], old=null
2022-09-12 01:26:30,472 [f7e5ee2c-7b8e-406b-8d8c-d8786c0ad6b9-server-thread1] INFO  segmented.SegmentedRaftLogWorker (SegmentedRaftLogWorker.java:startLogSegment(425)) - f7e5ee2c-7b8e-406b-8d8c-d8786c0ad6b9@group-5C65DE8FC2DF-SegmentedRaftLogWorker: Starting segment from index:0
2022-09-12 01:26:30,478 [f7e5ee2c-7b8e-406b-8d8c-d8786c0ad6b9@group-5C65DE8FC2DF-SegmentedRaftLogWorker] INFO  segmented.SegmentedRaftLogWorker (SegmentedRaftLogWorker.java:execute(629)) - f7e5ee2c-7b8e-406b-8d8c-d8786c0ad6b9@group-5C65DE8FC2DF-SegmentedRaftLogWorker: created new log segment /home/runner/work/ozone/ozone/hadoop-ozone/integration-test/target/test-dir/MiniOzoneClusterImpl-a920e810-7507-4246-9d07-cfa876092e00/datanode-2/data/ratis/8cf02d82-884b-47d8-8990-5c65de8fc2df/current/log_inprogress_0
2022-09-12 01:26:30,627 [b564eb4b-6269-4962-af5b-43ec56d2b182@group-CD192C663FF1-FollowerState] INFO  impl.FollowerState (FollowerState.java:run(143)) - b564eb4b-6269-4962-af5b-43ec56d2b182@group-CD192C663FF1-FollowerState: change to CANDIDATE, lastRpcElapsedTime:5115491269ns, electionTimeout:5108ms
2022-09-12 01:26:30,627 [b564eb4b-6269-4962-af5b-43ec56d2b182@group-CD192C663FF1-FollowerState] INFO  impl.RoleInfo (RoleInfo.java:shutdownFollowerState(110)) - b564eb4b-6269-4962-af5b-43ec56d2b182: shutdown b564eb4b-6269-4962-af5b-43ec56d2b182@group-CD192C663FF1-FollowerState
2022-09-12 01:26:30,627 [b564eb4b-6269-4962-af5b-43ec56d2b182@group-CD192C663FF1-FollowerState] INFO  server.RaftServer$Division (RaftServerImpl.java:setRole(299)) - b564eb4b-6269-4962-af5b-43ec56d2b182@group-CD192C663FF1: changes role from  FOLLOWER to CANDIDATE at term 0 for changeToCandidate
2022-09-12 01:26:30,627 [b564eb4b-6269-4962-af5b-43ec56d2b182@group-CD192C663FF1-FollowerState] INFO  server.RaftServerConfigKeys (ConfUtils.java:logGet(46)) - raft.server.leaderelection.pre-vote = false (custom)
2022-09-12 01:26:30,627 [b564eb4b-6269-4962-af5b-43ec56d2b182@group-CD192C663FF1-FollowerState] INFO  impl.RoleInfo (RoleInfo.java:updateAndGet(139)) - b564eb4b-6269-4962-af5b-43ec56d2b182: start b564eb4b-6269-4962-af5b-43ec56d2b182@group-CD192C663FF1-LeaderElection66
2022-09-12 01:26:30,645 [b564eb4b-6269-4962-af5b-43ec56d2b182@group-CD192C663FF1-LeaderElection66] INFO  impl.LeaderElection (LeaderElection.java:askForVotes(310)) - b564eb4b-6269-4962-af5b-43ec56d2b182@group-CD192C663FF1-LeaderElection66 ELECTION round 0: submit vote requests at term 1 for -1: [f7e5ee2c-7b8e-406b-8d8c-d8786c0ad6b9|rpc:127.0.0.1:39655|priority:0, b564eb4b-6269-4962-af5b-43ec56d2b182|rpc:127.0.0.1:35021|priority:0, d5da11d1-5249-48d1-b60b-926c81588dea|rpc:127.0.0.1:42835|priority:1], old=null
2022-09-12 01:26:30,654 [grpc-default-executor-4] INFO  server.RaftServer$Division (RaftServerImpl.java:requestVote(1152)) - d5da11d1-5249-48d1-b60b-926c81588dea@group-CD192C663FF1: receive requestVote(ELECTION, b564eb4b-6269-4962-af5b-43ec56d2b182, group-CD192C663FF1, 1, (t:0, i:0))
2022-09-12 01:26:30,655 [grpc-default-executor-4] INFO  impl.VoteContext (VoteContext.java:log(48)) - d5da11d1-5249-48d1-b60b-926c81588dea@group-CD192C663FF1-FOLLOWER: reject ELECTION from b564eb4b-6269-4962-af5b-43ec56d2b182: our priority 1 > candidate's priority 0
2022-09-12 01:26:30,655 [grpc-default-executor-4] INFO  server.RaftServer$Division (RaftServerImpl.java:setRole(299)) - d5da11d1-5249-48d1-b60b-926c81588dea@group-CD192C663FF1: changes role from  FOLLOWER to FOLLOWER at term 1 for candidate:b564eb4b-6269-4962-af5b-43ec56d2b182
2022-09-12 01:26:30,655 [grpc-default-executor-4] INFO  impl.RoleInfo (RoleInfo.java:shutdownFollowerState(110)) - d5da11d1-5249-48d1-b60b-926c81588dea: shutdown d5da11d1-5249-48d1-b60b-926c81588dea@group-CD192C663FF1-FollowerState
2022-09-12 01:26:30,655 [grpc-default-executor-4] INFO  impl.RoleInfo (RoleInfo.java:updateAndGet(139)) - d5da11d1-5249-48d1-b60b-926c81588dea: start d5da11d1-5249-48d1-b60b-926c81588dea@group-CD192C663FF1-FollowerState
2022-09-12 01:26:30,655 [d5da11d1-5249-48d1-b60b-926c81588dea@group-CD192C663FF1-FollowerState] INFO  impl.FollowerState (FollowerState.java:run(152)) - d5da11d1-5249-48d1-b60b-926c81588dea@group-CD192C663FF1-FollowerState was interrupted
2022-09-12 01:26:30,656 [grpc-default-executor-4] INFO  server.RaftServer$Division (RaftServerImpl.java:requestVote(1184)) - d5da11d1-5249-48d1-b60b-926c81588dea@group-CD192C663FF1 replies to ELECTION vote request: b564eb4b-6269-4962-af5b-43ec56d2b182<-d5da11d1-5249-48d1-b60b-926c81588dea#0:FAIL-t1. Peer's state: d5da11d1-5249-48d1-b60b-926c81588dea@group-CD192C663FF1:t1, leader=null, voted=null, raftlog=d5da11d1-5249-48d1-b60b-926c81588dea@group-CD192C663FF1-SegmentedRaftLog:OPENED:c-1, conf=-1: [f7e5ee2c-7b8e-406b-8d8c-d8786c0ad6b9|rpc:127.0.0.1:39655|dataStream:|priority:0, b564eb4b-6269-4962-af5b-43ec56d2b182|rpc:127.0.0.1:35021|dataStream:|priority:0, d5da11d1-5249-48d1-b60b-926c81588dea|rpc:127.0.0.1:42835|dataStream:|priority:1], old=null
2022-09-12 01:26:30,668 [b564eb4b-6269-4962-af5b-43ec56d2b182@group-CD192C663FF1-LeaderElection66] INFO  impl.LeaderElection (LeaderElection.java:logAndReturn(90)) - b564eb4b-6269-4962-af5b-43ec56d2b182@group-CD192C663FF1-LeaderElection66: ELECTION REJECTED received 1 response(s) and 0 exception(s):
2022-09-12 01:26:30,668 [b564eb4b-6269-4962-af5b-43ec56d2b182@group-CD192C663FF1-LeaderElection66] INFO  impl.LeaderElection (LeaderElection.java:logAndReturn(94)) -   Response 0: b564eb4b-6269-4962-af5b-43ec56d2b182<-d5da11d1-5249-48d1-b60b-926c81588dea#0:FAIL-t1
2022-09-12 01:26:30,668 [b564eb4b-6269-4962-af5b-43ec56d2b182@group-CD192C663FF1-LeaderElection66] INFO  impl.LeaderElection (LeaderElection.java:askForVotes(312)) - b564eb4b-6269-4962-af5b-43ec56d2b182@group-CD192C663FF1-LeaderElection66 ELECTION round 0: result REJECTED
2022-09-12 01:26:30,668 [b564eb4b-6269-4962-af5b-43ec56d2b182@group-CD192C663FF1-LeaderElection66] INFO  server.RaftServer$Division (RaftServerImpl.java:setRole(299)) - b564eb4b-6269-4962-af5b-43ec56d2b182@group-CD192C663FF1: changes role from CANDIDATE to FOLLOWER at term 1 for REJECTED
2022-09-12 01:26:30,668 [b564eb4b-6269-4962-af5b-43ec56d2b182@group-CD192C663FF1-LeaderElection66] INFO  impl.RoleInfo (RoleInfo.java:shutdownLeaderElection(130)) - b564eb4b-6269-4962-af5b-43ec56d2b182: shutdown b564eb4b-6269-4962-af5b-43ec56d2b182@group-CD192C663FF1-LeaderElection66
2022-09-12 01:26:30,669 [b564eb4b-6269-4962-af5b-43ec56d2b182@group-CD192C663FF1-LeaderElection66] INFO  impl.RoleInfo (RoleInfo.java:updateAndGet(139)) - b564eb4b-6269-4962-af5b-43ec56d2b182: start b564eb4b-6269-4962-af5b-43ec56d2b182@group-CD192C663FF1-FollowerState
2022-09-12 01:26:30,669 [grpc-default-executor-4] INFO  server.RaftServer$Division (RaftServerImpl.java:requestVote(1152)) - f7e5ee2c-7b8e-406b-8d8c-d8786c0ad6b9@group-CD192C663FF1: receive requestVote(ELECTION, b564eb4b-6269-4962-af5b-43ec56d2b182, group-CD192C663FF1, 1, (t:0, i:0))
2022-09-12 01:26:30,679 [grpc-default-executor-4] INFO  impl.VoteContext (VoteContext.java:log(48)) - f7e5ee2c-7b8e-406b-8d8c-d8786c0ad6b9@group-CD192C663FF1-FOLLOWER: accept ELECTION from b564eb4b-6269-4962-af5b-43ec56d2b182: our priority 0 <= candidate's priority 0
2022-09-12 01:26:30,679 [grpc-default-executor-4] INFO  server.RaftServer$Division (RaftServerImpl.java:setRole(299)) - f7e5ee2c-7b8e-406b-8d8c-d8786c0ad6b9@group-CD192C663FF1: changes role from  FOLLOWER to FOLLOWER at term 1 for candidate:b564eb4b-6269-4962-af5b-43ec56d2b182
2022-09-12 01:26:30,679 [grpc-default-executor-4] INFO  impl.RoleInfo (RoleInfo.java:shutdownFollowerState(110)) - f7e5ee2c-7b8e-406b-8d8c-d8786c0ad6b9: shutdown f7e5ee2c-7b8e-406b-8d8c-d8786c0ad6b9@group-CD192C663FF1-FollowerState
2022-09-12 01:26:30,679 [grpc-default-executor-4] INFO  impl.RoleInfo (RoleInfo.java:updateAndGet(139)) - f7e5ee2c-7b8e-406b-8d8c-d8786c0ad6b9: start f7e5ee2c-7b8e-406b-8d8c-d8786c0ad6b9@group-CD192C663FF1-FollowerState
2022-09-12 01:26:30,679 [f7e5ee2c-7b8e-406b-8d8c-d8786c0ad6b9@group-CD192C663FF1-FollowerState] INFO  impl.FollowerState (FollowerState.java:run(152)) - f7e5ee2c-7b8e-406b-8d8c-d8786c0ad6b9@group-CD192C663FF1-FollowerState was interrupted
2022-09-12 01:26:30,685 [grpc-default-executor-4] INFO  server.RaftServer$Division (RaftServerImpl.java:requestVote(1184)) - f7e5ee2c-7b8e-406b-8d8c-d8786c0ad6b9@group-CD192C663FF1 replies to ELECTION vote request: b564eb4b-6269-4962-af5b-43ec56d2b182<-f7e5ee2c-7b8e-406b-8d8c-d8786c0ad6b9#0:OK-t1. Peer's state: f7e5ee2c-7b8e-406b-8d8c-d8786c0ad6b9@group-CD192C663FF1:t1, leader=null, voted=b564eb4b-6269-4962-af5b-43ec56d2b182, raftlog=f7e5ee2c-7b8e-406b-8d8c-d8786c0ad6b9@group-CD192C663FF1-SegmentedRaftLog:OPENED:c-1, conf=-1: [f7e5ee2c-7b8e-406b-8d8c-d8786c0ad6b9|rpc:127.0.0.1:39655|dataStream:|priority:0, b564eb4b-6269-4962-af5b-43ec56d2b182|rpc:127.0.0.1:35021|dataStream:|priority:0, d5da11d1-5249-48d1-b60b-926c81588dea|rpc:127.0.0.1:42835|dataStream:|priority:1], old=null
2022-09-12 01:26:30,970 [Listener at 127.0.0.1/34977] INFO  ozone.MiniOzoneClusterImpl (MiniOzoneClusterImpl.java:lambda$waitForClusterToBeReady$0(216)) - Nodes are ready. Got 3 of 3 DN Heartbeats.
2022-09-12 01:26:30,970 [Listener at 127.0.0.1/34977] INFO  ozone.MiniOzoneClusterImpl (MiniOzoneClusterImpl.java:lambda$waitForClusterToBeReady$0(219)) - Cluster exits safe mode
2022-09-12 01:26:30,970 [Listener at 127.0.0.1/34977] INFO  ozone.MiniOzoneClusterImpl (MiniOzoneClusterImpl.java:lambda$waitForClusterToBeReady$0(221)) - SCM became leader
2022-09-12 01:26:30,994 [IPC Server handler 0 on default port 43917] INFO  ha.SCMNodeInfo (SCMNodeInfo.java:getPort(197)) - ConfigKey ozone.scm.client.address is deprecated, For configuring different ports for each SCM use PortConfigKey ozone.scm.client.port appended with serviceId and nodeId
2022-09-12 01:26:30,996 [IPC Server handler 0 on default port 43917] INFO  ha.SCMNodeInfo (SCMNodeInfo.java:getPort(197)) - ConfigKey ozone.scm.block.client.address is deprecated, For configuring different ports for each SCM use PortConfigKey ozone.scm.block.client.port appended with serviceId and nodeId
2022-09-12 01:26:30,996 [IPC Server handler 0 on default port 43917] INFO  ha.SCMNodeInfo (SCMNodeInfo.java:getPort(197)) - ConfigKey ozone.scm.datanode.address is deprecated, For configuring different ports for each SCM use PortConfigKey ozone.scm.datanode.port appended with serviceId and nodeId
2022-09-12 01:26:31,005 [Listener at 127.0.0.1/34977] INFO  rpc.RpcClient (RpcClient.java:createVolume(471)) - Creating Volume: volume14023, with runner as owner and space quota set to -1 bytes, counts quota set to -1
2022-09-12 01:26:31,089 [OM StateMachine ApplyTransaction Thread - 0] INFO  volume.OMVolumeCreateRequest (OMVolumeCreateRequest.java:validateAndUpdateCache(195)) - created volume:volume14023 for user:runner
2022-09-12 01:26:31,104 [OM StateMachine ApplyTransaction Thread - 0] INFO  volume.OMVolumeCreateRequest (OMVolumeCreateRequest.java:validateAndUpdateCache(195)) - created volume:volume14023 for user:runner
2022-09-12 01:26:31,128 [EndpointStateMachine task thread for /127.0.0.1:46755 - 0 ] INFO  ipc.Client (Client.java:handleConnectionFailure(977)) - Retrying connect to server: localhost/127.0.0.1:46755. Already tried 10 time(s); retry policy is RetryUpToMaximumCountWithFixedSleep(maxRetries=15, sleepTime=1000 MILLISECONDS)
2022-09-12 01:26:31,130 [OM StateMachine ApplyTransaction Thread - 0] INFO  volume.OMVolumeCreateRequest (OMVolumeCreateRequest.java:validateAndUpdateCache(195)) - created volume:volume14023 for user:runner
2022-09-12 01:26:31,150 [Listener at 127.0.0.1/34977] INFO  rpc.RpcClient (RpcClient.java:createBucket(674)) - Creating Bucket: volume14023/bucket34978, with server-side default bucket layout, runner as owner, Versioning false, Storage Type set to DISK and Encryption set to false 
2022-09-12 01:26:31,211 [d5da11d1-5249-48d1-b60b-926c81588dea@group-7B365AF7EB0C-FollowerState] INFO  impl.FollowerState (FollowerState.java:run(143)) - d5da11d1-5249-48d1-b60b-926c81588dea@group-7B365AF7EB0C-FollowerState: change to CANDIDATE, lastRpcElapsedTime:5196806327ns, electionTimeout:5196ms
2022-09-12 01:26:31,211 [d5da11d1-5249-48d1-b60b-926c81588dea@group-7B365AF7EB0C-FollowerState] INFO  impl.RoleInfo (RoleInfo.java:shutdownFollowerState(110)) - d5da11d1-5249-48d1-b60b-926c81588dea: shutdown d5da11d1-5249-48d1-b60b-926c81588dea@group-7B365AF7EB0C-FollowerState
2022-09-12 01:26:31,211 [d5da11d1-5249-48d1-b60b-926c81588dea@group-7B365AF7EB0C-FollowerState] INFO  server.RaftServer$Division (RaftServerImpl.java:setRole(299)) - d5da11d1-5249-48d1-b60b-926c81588dea@group-7B365AF7EB0C: changes role from  FOLLOWER to CANDIDATE at term 0 for changeToCandidate
2022-09-12 01:26:31,212 [d5da11d1-5249-48d1-b60b-926c81588dea@group-7B365AF7EB0C-FollowerState] INFO  server.RaftServerConfigKeys (ConfUtils.java:logGet(46)) - raft.server.leaderelection.pre-vote = false (custom)
2022-09-12 01:26:31,212 [d5da11d1-5249-48d1-b60b-926c81588dea@group-7B365AF7EB0C-FollowerState] INFO  impl.RoleInfo (RoleInfo.java:updateAndGet(139)) - d5da11d1-5249-48d1-b60b-926c81588dea: start d5da11d1-5249-48d1-b60b-926c81588dea@group-7B365AF7EB0C-LeaderElection67
2022-09-12 01:26:31,212 [OM StateMachine ApplyTransaction Thread - 0] INFO  bucket.OMBucketCreateRequest (OMBucketCreateRequest.java:validateAndUpdateCache(260)) - created bucket: bucket34978 of layout LEGACY in volume: volume14023
2022-09-12 01:26:31,227 [OM StateMachine ApplyTransaction Thread - 0] INFO  bucket.OMBucketCreateRequest (OMBucketCreateRequest.java:validateAndUpdateCache(260)) - created bucket: bucket34978 of layout LEGACY in volume: volume14023
2022-09-12 01:26:31,228 [OM StateMachine ApplyTransaction Thread - 0] INFO  bucket.OMBucketCreateRequest (OMBucketCreateRequest.java:validateAndUpdateCache(260)) - created bucket: bucket34978 of layout LEGACY in volume: volume14023
2022-09-12 01:26:31,256 [d5da11d1-5249-48d1-b60b-926c81588dea@group-7B365AF7EB0C-LeaderElection67] INFO  impl.LeaderElection (LeaderElection.java:askForVotes(310)) - d5da11d1-5249-48d1-b60b-926c81588dea@group-7B365AF7EB0C-LeaderElection67 ELECTION round 0: submit vote requests at term 1 for -1: [d5da11d1-5249-48d1-b60b-926c81588dea|rpc:127.0.0.1:42835|priority:1], old=null
2022-09-12 01:26:31,256 [d5da11d1-5249-48d1-b60b-926c81588dea@group-7B365AF7EB0C-LeaderElection67] INFO  impl.LeaderElection (LeaderElection.java:askForVotes(312)) - d5da11d1-5249-48d1-b60b-926c81588dea@group-7B365AF7EB0C-LeaderElection67 ELECTION round 0: result PASSED (term=1)
2022-09-12 01:26:31,256 [d5da11d1-5249-48d1-b60b-926c81588dea@group-7B365AF7EB0C-LeaderElection67] INFO  impl.RoleInfo (RoleInfo.java:shutdownLeaderElection(130)) - d5da11d1-5249-48d1-b60b-926c81588dea: shutdown d5da11d1-5249-48d1-b60b-926c81588dea@group-7B365AF7EB0C-LeaderElection67
2022-09-12 01:26:31,256 [d5da11d1-5249-48d1-b60b-926c81588dea@group-7B365AF7EB0C-LeaderElection67] INFO  server.RaftServer$Division (RaftServerImpl.java:setRole(299)) - d5da11d1-5249-48d1-b60b-926c81588dea@group-7B365AF7EB0C: changes role from CANDIDATE to LEADER at term 1 for changeToLeader
2022-09-12 01:26:31,256 [d5da11d1-5249-48d1-b60b-926c81588dea@group-7B365AF7EB0C-LeaderElection67] INFO  ratis.XceiverServerRatis (XceiverServerRatis.java:handleLeaderChangedNotification(863)) - Leader change notification received for group: group-7B365AF7EB0C with new leaderId: d5da11d1-5249-48d1-b60b-926c81588dea
2022-09-12 01:26:31,256 [d5da11d1-5249-48d1-b60b-926c81588dea@group-7B365AF7EB0C-LeaderElection67] INFO  server.RaftServer$Division (ServerState.java:setLeader(287)) - d5da11d1-5249-48d1-b60b-926c81588dea@group-7B365AF7EB0C: change Leader from null to d5da11d1-5249-48d1-b60b-926c81588dea at term 1 for becomeLeader, leader elected after 5266ms
2022-09-12 01:26:31,256 [d5da11d1-5249-48d1-b60b-926c81588dea@group-7B365AF7EB0C-LeaderElection67] INFO  server.RaftServerConfigKeys (ConfUtils.java:logGet(46)) - raft.server.staging.catchup.gap = 1000 (default)
2022-09-12 01:26:31,256 [d5da11d1-5249-48d1-b60b-926c81588dea@group-7B365AF7EB0C-LeaderElection67] INFO  server.RaftServerConfigKeys (ConfUtils.java:logGet(46)) - raft.server.write.element-limit = 1024 (custom)
2022-09-12 01:26:31,257 [d5da11d1-5249-48d1-b60b-926c81588dea@group-7B365AF7EB0C-LeaderElection67] INFO  server.RaftServerConfigKeys (ConfUtils.java:logGet(46)) - raft.server.write.byte-limit = 1024 M (=1073741824) (custom)
2022-09-12 01:26:31,257 [d5da11d1-5249-48d1-b60b-926c81588dea@group-7B365AF7EB0C-LeaderElection67] INFO  server.RaftServerConfigKeys (ConfUtils.java:logGet(46)) - raft.server.watch.timeout = 180s (custom)
2022-09-12 01:26:31,257 [d5da11d1-5249-48d1-b60b-926c81588dea@group-7B365AF7EB0C-LeaderElection67] INFO  server.RaftServerConfigKeys (ConfUtils.java:logGet(46)) - raft.server.watch.timeout.denomination = 1s (default)
2022-09-12 01:26:31,257 [d5da11d1-5249-48d1-b60b-926c81588dea@group-7B365AF7EB0C-LeaderElection67] INFO  server.RaftServerConfigKeys (ConfUtils.java:logGet(46)) - raft.server.watch.element-limit = 65536 (default)
2022-09-12 01:26:31,257 [d5da11d1-5249-48d1-b60b-926c81588dea@group-7B365AF7EB0C-LeaderElection67] INFO  server.RaftServerConfigKeys (ConfUtils.java:logGet(46)) - raft.server.write.element-limit = 1024 (custom)
2022-09-12 01:26:31,257 [d5da11d1-5249-48d1-b60b-926c81588dea@group-7B365AF7EB0C-LeaderElection67] INFO  server.RaftServerConfigKeys (ConfUtils.java:logGet(46)) - raft.server.write.follower.gap.ratio.max = -1.0 (default)
2022-09-12 01:26:31,257 [d5da11d1-5249-48d1-b60b-926c81588dea@group-7B365AF7EB0C-LeaderElection67] INFO  impl.RoleInfo (RoleInfo.java:updateAndGet(139)) - d5da11d1-5249-48d1-b60b-926c81588dea: start d5da11d1-5249-48d1-b60b-926c81588dea@group-7B365AF7EB0C-LeaderStateImpl
2022-09-12 01:26:31,257 [d5da11d1-5249-48d1-b60b-926c81588dea@group-7B365AF7EB0C-LeaderElection67] INFO  segmented.SegmentedRaftLogWorker (SegmentedRaftLogWorker.java:startLogSegment(425)) - d5da11d1-5249-48d1-b60b-926c81588dea@group-7B365AF7EB0C-SegmentedRaftLogWorker: Starting segment from index:0
2022-09-12 01:26:31,258 [d5da11d1-5249-48d1-b60b-926c81588dea@group-7B365AF7EB0C-SegmentedRaftLogWorker] INFO  segmented.SegmentedRaftLogWorker (SegmentedRaftLogWorker.java:execute(629)) - d5da11d1-5249-48d1-b60b-926c81588dea@group-7B365AF7EB0C-SegmentedRaftLogWorker: created new log segment /home/runner/work/ozone/ozone/hadoop-ozone/integration-test/target/test-dir/MiniOzoneClusterImpl-a920e810-7507-4246-9d07-cfa876092e00/datanode-1/data/ratis/2f775fc7-0393-4e38-b77c-7b365af7eb0c/current/log_inprogress_0
2022-09-12 01:26:31,292 [d5da11d1-5249-48d1-b60b-926c81588dea@group-7B365AF7EB0C-LeaderElection67] INFO  server.RaftServer$Division (ServerState.java:setRaftConf(393)) - d5da11d1-5249-48d1-b60b-926c81588dea@group-7B365AF7EB0C: set configuration 0: [d5da11d1-5249-48d1-b60b-926c81588dea|rpc:127.0.0.1:42835|dataStream:|priority:1], old=null
2022-09-12 01:26:31,301 [IPC Server handler 4 on default port 33243] INFO  ha.SequenceIdGenerator (SequenceIdGenerator.java:getNextId(128)) - Allocate a batch for containerId, change lastId from 0 to 1000.
2022-09-12 01:26:31,305 [6f1953f9-25aa-4157-82c9-d49674ab9c3c@group-CFA876092E00-StateMachineUpdater] WARN  ha.SequenceIdGenerator (SequenceIdGenerator.java:allocateBatch(237)) - Failed to allocate a batch for localId, expected lastId is 0, actual lastId is 109611004723200000.
2022-09-12 01:26:31,306 [IPC Server handler 4 on default port 33243] INFO  ha.SequenceIdGenerator (SequenceIdGenerator.java:getNextId(128)) - Allocate a batch for localId, change lastId from 109611004723200000 to 109611004723201000.
2022-09-12 01:26:31,594 [Listener at 127.0.0.1/34977] INFO  om.OzoneManager (OzoneManager.java:stop(2032)) - omNode-2[localhost:44487]: Stopping Ozone Manager
2022-09-12 01:26:31,594 [Listener at 127.0.0.1/34977] INFO  ipc.Server (Server.java:stop(3414)) - Stopping server on 44487
2022-09-12 01:26:31,667 [IPC Server listener on 44487] INFO  ipc.Server (Server.java:run(1376)) - Stopping IPC Server listener on 44487
2022-09-12 01:26:31,667 [IPC Server Responder] INFO  ipc.Server (Server.java:run(1512)) - Stopping IPC Server Responder
2022-09-12 01:26:31,667 [Listener at 127.0.0.1/34977] INFO  server.RaftServer (RaftServerProxy.java:lambda$close$7(398)) - omNode-2: close
2022-09-12 01:26:31,668 [Listener at 127.0.0.1/34977] INFO  server.RaftServer$Division (RaftServerImpl.java:lambda$close$4(434)) - omNode-2@group-0AAC5367B30E: shutdown
2022-09-12 01:26:31,668 [Listener at 127.0.0.1/34977] INFO  util.JmxRegister (JmxRegister.java:unregister(73)) - Successfully un-registered JMX Bean with object name Ratis:service=RaftServer,group=group-0AAC5367B30E,id=omNode-2
2022-09-12 01:26:31,668 [Listener at 127.0.0.1/34977] INFO  impl.RoleInfo (RoleInfo.java:shutdownFollowerState(110)) - omNode-2: shutdown omNode-2@group-0AAC5367B30E-FollowerState
2022-09-12 01:26:31,668 [Listener at 127.0.0.1/34977] INFO  impl.StateMachineUpdater (StateMachineUpdater.java:stopAndJoin(153)) - omNode-2@group-0AAC5367B30E-StateMachineUpdater: set stopIndex = 7
2022-09-12 01:26:31,668 [omNode-2@group-0AAC5367B30E-FollowerState] INFO  impl.FollowerState (FollowerState.java:run(152)) - omNode-2@group-0AAC5367B30E-FollowerState was interrupted
2022-09-12 01:26:31,668 [omNode-2@group-0AAC5367B30E-StateMachineUpdater] INFO  ratis.OzoneManagerStateMachine (OzoneManagerStateMachine.java:takeSnapshot(441)) - Current Snapshot Index (t:2, i:7)
2022-09-12 01:26:31,688 [omNode-2@group-0AAC5367B30E-StateMachineUpdater] INFO  impl.StateMachineUpdater (StateMachineUpdater.java:takeSnapshot(287)) - omNode-2@group-0AAC5367B30E-StateMachineUpdater: Took a snapshot at index 7
2022-09-12 01:26:31,688 [omNode-2@group-0AAC5367B30E-StateMachineUpdater] INFO  impl.StateMachineUpdater (StateMachineUpdater.java:lambda$new$0(92)) - omNode-2@group-0AAC5367B30E-StateMachineUpdater: snapshotIndex: updateIncreasingly -1 -> 7
2022-09-12 01:26:31,688 [omNode-2@group-0AAC5367B30E-StateMachineUpdater] INFO  ratis.OzoneManagerStateMachine (OzoneManagerStateMachine.java:close(495)) - StateMachine has shutdown. Shutdown OzoneManager if not already shutdown.
2022-09-12 01:26:31,688 [omNode-2@group-0AAC5367B30E-StateMachineUpdater] INFO  ratis.OzoneManagerDoubleBuffer (OzoneManagerDoubleBuffer.java:stop(466)) - Stopping OMDoubleBuffer flush thread
2022-09-12 01:26:31,689 [OMDoubleBufferFlushThread] INFO  ratis.OzoneManagerDoubleBuffer (OzoneManagerDoubleBuffer.java:flushTransactions(385)) - OMDoubleBuffer flush thread OMDoubleBufferFlushThread is interrupted and will exit.
2022-09-12 01:26:31,693 [Listener at 127.0.0.1/34977] INFO  server.RaftServer$Division (ServerState.java:close(429)) - omNode-2@group-0AAC5367B30E: closes. applyIndex: 7
2022-09-12 01:26:31,693 [omNode-2@group-0AAC5367B30E-SegmentedRaftLogWorker] INFO  segmented.SegmentedRaftLogWorker (SegmentedRaftLogWorker.java:run(336)) - omNode-2@group-0AAC5367B30E-SegmentedRaftLogWorker was interrupted, exiting. There are 0 tasks remaining in the queue.
2022-09-12 01:26:31,700 [Listener at 127.0.0.1/34977] INFO  segmented.SegmentedRaftLogWorker (SegmentedRaftLogWorker.java:close(246)) - omNode-2@group-0AAC5367B30E-SegmentedRaftLogWorker close()
2022-09-12 01:26:31,704 [Listener at 127.0.0.1/34977] INFO  server.GrpcService (GrpcService.java:closeImpl(269)) - omNode-2: shutdown server with port 42799 now
2022-09-12 01:26:31,706 [grpc-default-executor-3] WARN  server.GrpcServerProtocolService (LogUtils.java:warn(122)) - omNode-2: installSnapshot onError, lastRequest: omNode-1->omNode-2#87-t2,previous=(t:2, i:7),leaderCommit=7,initializing? true,entries: size=1, first=(t:2, i:8), METADATAENTRY(c:7): org.apache.ratis.thirdparty.io.grpc.StatusRuntimeException: CANCELLED: client cancelled
2022-09-12 01:26:31,728 [Listener at 127.0.0.1/34977] INFO  server.GrpcService (GrpcService.java:closeImpl(278)) - omNode-2: shutdown server with port 42799 successfully
2022-09-12 01:26:31,744 [org.apache.ratis.util.JvmPauseMonitor$$Lambda$605/1445225850@78abcd0] INFO  util.JvmPauseMonitor (JvmPauseMonitor.java:run(109)) - JvmPauseMonitor-omNode-2: Stopped
2022-09-12 01:26:31,744 [Listener at 127.0.0.1/34977] INFO  ratis.OzoneManagerStateMachine (OzoneManagerStateMachine.java:close(495)) - StateMachine has shutdown. Shutdown OzoneManager if not already shutdown.
2022-09-12 01:26:31,744 [Listener at 127.0.0.1/34977] INFO  ratis.OzoneManagerDoubleBuffer (OzoneManagerDoubleBuffer.java:stop(478)) - OMDoubleBuffer flush thread is not running.
2022-09-12 01:26:31,744 [Listener at 127.0.0.1/34977] INFO  utils.BackgroundService (BackgroundService.java:shutdown(141)) - Shutting down service KeyDeletingService
2022-09-12 01:26:31,744 [Listener at 127.0.0.1/34977] INFO  utils.BackgroundService (BackgroundService.java:shutdown(141)) - Shutting down service DirectoryDeletingService
2022-09-12 01:26:31,745 [Listener at 127.0.0.1/34977] INFO  utils.BackgroundService (BackgroundService.java:shutdown(141)) - Shutting down service OpenKeyCleanupService
2022-09-12 01:26:31,745 [Listener at 127.0.0.1/34977] INFO  handler.ContextHandler (ContextHandler.java:doStop(1153)) - Stopped o.e.j.w.WebAppContext@57800592{ozoneManager,/,null,STOPPED}{file:/home/runner/work/ozone/ozone/hadoop-ozone/integration-test/target/test-classes/webapps/ozoneManager}
2022-09-12 01:26:31,746 [Listener at 127.0.0.1/34977] INFO  server.AbstractConnector (AbstractConnector.java:doStop(381)) - Stopped ServerConnector@4007799d{HTTP/1.1, (http/1.1)}{0.0.0.0:39111}
2022-09-12 01:26:31,746 [Listener at 127.0.0.1/34977] INFO  server.session (HouseKeeper.java:stopScavenging(149)) - node0 Stopped scavenging
2022-09-12 01:26:31,746 [Listener at 127.0.0.1/34977] INFO  handler.ContextHandler (ContextHandler.java:doStop(1153)) - Stopped o.e.j.s.ServletContextHandler@5738a95f{static,/static,file:///home/runner/work/ozone/ozone/hadoop-ozone/integration-test/target/test-classes/webapps/static,STOPPED}
2022-09-12 01:26:31,746 [Listener at 127.0.0.1/34977] INFO  handler.ContextHandler (ContextHandler.java:doStop(1153)) - Stopped o.e.j.s.ServletContextHandler@d28a5e3{logs,/logs,file:///home/runner/work/ozone/ozone/hadoop-ozone/integration-test/target/log,STOPPED}
2022-09-12 01:26:31,781 [IPC Server handler 2 on default port 43917] INFO  ratis.OzoneManagerRatisServer (OzoneManagerRatisServer.java:removeOMFromRatisRing(341)) - omNode-1: Submitting SetConfiguration request to Ratis server to remove OM peer omNode-2 from Ratis group group-0AAC5367B30E:[omNode-3|rpc:localhost:45541|priority:0, omNode-1|rpc:localhost:37739|priority:0, omNode-2|rpc:localhost:42799|priority:0]
2022-09-12 01:26:31,781 [IPC Server handler 2 on default port 43917] INFO  server.RaftServer$Division (RaftServerImpl.java:setConfigurationAsync(1080)) - omNode-1@group-0AAC5367B30E: receive setConfiguration SetConfigurationRequest:client-8D6C416D2916->omNode-1@group-0AAC5367B30E, cid=3, seq=0, RW, null, peers:[omNode-3|rpc:localhost:45541|priority:0, omNode-1|rpc:localhost:37739|priority:0]
2022-09-12 01:26:31,781 [IPC Server handler 2 on default port 43917] INFO  server.RaftServer$Division (LeaderStateImpl.java:startSetConfiguration(368)) - omNode-1@group-0AAC5367B30E-LeaderStateImpl: startSetConfiguration SetConfigurationRequest:client-8D6C416D2916->omNode-1@group-0AAC5367B30E, cid=3, seq=0, RW, null, peers:[omNode-3|rpc:localhost:45541|priority:0, omNode-1|rpc:localhost:37739|priority:0]
2022-09-12 01:26:31,781 [IPC Server handler 2 on default port 43917] INFO  server.RaftServer$Division (ServerState.java:setRaftConf(393)) - omNode-1@group-0AAC5367B30E: set configuration 9: [omNode-3|rpc:localhost:45541|priority:0, omNode-1|rpc:localhost:37739|priority:0], old=[omNode-3|rpc:localhost:45541|admin:|client:|dataStream:|priority:0, omNode-1|rpc:localhost:37739|admin:|client:|dataStream:|priority:0, omNode-2|rpc:localhost:42799|admin:|client:|dataStream:|priority:0]
2022-09-12 01:26:31,794 [omNode-3-server-thread2] INFO  server.RaftServer$Division (ServerState.java:setRaftConf(393)) - omNode-3@group-0AAC5367B30E: set configuration 9: [omNode-3|rpc:localhost:45541|admin:|client:|dataStream:|priority:0, omNode-1|rpc:localhost:37739|admin:|client:|dataStream:|priority:0], old=[omNode-3|rpc:localhost:45541|admin:|client:|dataStream:|priority:0, omNode-1|rpc:localhost:37739|admin:|client:|dataStream:|priority:0, omNode-2|rpc:localhost:42799|admin:|client:|dataStream:|priority:0]
2022-09-12 01:26:31,800 [omNode-1@group-0AAC5367B30E-LeaderStateImpl] INFO  server.RaftServer$Division (ServerState.java:setRaftConf(393)) - omNode-1@group-0AAC5367B30E: set configuration 11: [omNode-3|rpc:localhost:45541|priority:0, omNode-1|rpc:localhost:37739|priority:0], old=null
2022-09-12 01:26:31,801 [omNode-1@group-0AAC5367B30E-StateMachineUpdater] INFO  ratis.OzoneManagerStateMachine (OzoneManagerStateMachine.java:notifyConfigurationChanged(192)) - Received Configuration change notification from Ratis. New Peer list:
[id: "omNode-3"
address: "localhost:45541"
, id: "omNode-1"
address: "localhost:37739"
]
2022-09-12 01:26:31,809 [omNode-1@group-0AAC5367B30E-StateMachineUpdater] INFO  ratis.OzoneManagerRatisServer (OzoneManagerRatisServer.java:removeRaftPeer(409)) - org.apache.hadoop.ozone.om.ratis.OzoneManagerRatisServer@6437b7f8: Removed OM omNode-2 from Ratis Peers list.
2022-09-12 01:26:31,809 [omNode-1@group-0AAC5367B30E-StateMachineUpdater] INFO  om.OzoneManager (OzoneManager.java:removeOMNodeFromPeers(1854)) - Removed OM omNode-2 from OM Peer Nodes.
2022-09-12 01:26:31,804 [omNode-3-server-thread2] INFO  server.RaftServer$Division (ServerState.java:setRaftConf(393)) - omNode-3@group-0AAC5367B30E: set configuration 11: [omNode-3|rpc:localhost:45541|admin:|client:|dataStream:|priority:0, omNode-1|rpc:localhost:37739|admin:|client:|dataStream:|priority:0], old=null
2022-09-12 01:26:31,829 [omNode-3@group-0AAC5367B30E-StateMachineUpdater] INFO  ratis.OzoneManagerStateMachine (OzoneManagerStateMachine.java:notifyConfigurationChanged(192)) - Received Configuration change notification from Ratis. New Peer list:
[id: "omNode-3"
address: "localhost:45541"
, id: "omNode-1"
address: "localhost:37739"
]
2022-09-12 01:26:31,829 [omNode-3@group-0AAC5367B30E-StateMachineUpdater] INFO  ratis.OzoneManagerRatisServer (OzoneManagerRatisServer.java:removeRaftPeer(409)) - org.apache.hadoop.ozone.om.ratis.OzoneManagerRatisServer@593df7ea: Removed OM omNode-2 from Ratis Peers list.
2022-09-12 01:26:31,829 [omNode-3@group-0AAC5367B30E-StateMachineUpdater] INFO  om.OzoneManager (OzoneManager.java:removeOMNodeFromPeers(1854)) - Removed OM omNode-2 from OM Peer Nodes.
2022-09-12 01:26:31,833 [IPC Server handler 2 on default port 43917] INFO  ratis.OzoneManagerRatisServer (OzoneManagerRatisServer.java:removeOMFromRatisRing(355)) - Removed OM omNode-2 from Ratis group group-0AAC5367B30E.
2022-09-12 01:26:31,834 [omNode-1@group-0AAC5367B30E-StateMachineUpdater] INFO  ratis.OzoneManagerStateMachine (OzoneManagerStateMachine.java:notifyConfigurationChanged(192)) - Received Configuration change notification from Ratis. New Peer list:
[id: "omNode-3"
address: "localhost:45541"
, id: "omNode-1"
address: "localhost:37739"
]
2022-09-12 01:26:31,857 [omNode-3@group-0AAC5367B30E-StateMachineUpdater] INFO  ratis.OzoneManagerStateMachine (OzoneManagerStateMachine.java:notifyConfigurationChanged(192)) - Received Configuration change notification from Ratis. New Peer list:
[id: "omNode-3"
address: "localhost:45541"
, id: "omNode-1"
address: "localhost:37739"
]
2022-09-12 01:26:31,869 [IPC Server handler 8 on default port 43917] INFO  ratis.OzoneManagerRatisServer (OzoneManagerRatisServer.java:removeOMFromRatisRing(341)) - omNode-1: Submitting SetConfiguration request to Ratis server to remove OM peer omNode-3 from Ratis group group-0AAC5367B30E:[omNode-3|rpc:localhost:45541|priority:0, omNode-1|rpc:localhost:37739|priority:0, omNode-2|rpc:localhost:42799|priority:0]
2022-09-12 01:26:31,869 [IPC Server handler 8 on default port 43917] INFO  server.RaftServer$Division (RaftServerImpl.java:setConfigurationAsync(1080)) - omNode-1@group-0AAC5367B30E: receive setConfiguration SetConfigurationRequest:client-8D6C416D2916->omNode-1@group-0AAC5367B30E, cid=4, seq=0, RW, null, peers:[omNode-1|rpc:localhost:37739|priority:0]
2022-09-12 01:26:31,869 [IPC Server handler 8 on default port 43917] INFO  server.RaftServer$Division (LeaderStateImpl.java:startSetConfiguration(368)) - omNode-1@group-0AAC5367B30E-LeaderStateImpl: startSetConfiguration SetConfigurationRequest:client-8D6C416D2916->omNode-1@group-0AAC5367B30E, cid=4, seq=0, RW, null, peers:[omNode-1|rpc:localhost:37739|priority:0]
2022-09-12 01:26:31,870 [IPC Server handler 8 on default port 43917] INFO  server.RaftServer$Division (ServerState.java:setRaftConf(393)) - omNode-1@group-0AAC5367B30E: set configuration 13: [omNode-1|rpc:localhost:37739|priority:0], old=[omNode-3|rpc:localhost:45541|priority:0, omNode-1|rpc:localhost:37739|priority:0]
2022-09-12 01:26:31,897 [omNode-3-server-thread2] INFO  server.RaftServer$Division (ServerState.java:setRaftConf(393)) - omNode-3@group-0AAC5367B30E: set configuration 13: [omNode-1|rpc:localhost:37739|admin:|client:|dataStream:|priority:0], old=[omNode-3|rpc:localhost:45541|admin:|client:|dataStream:|priority:0, omNode-1|rpc:localhost:37739|admin:|client:|dataStream:|priority:0]
2022-09-12 01:26:31,907 [omNode-1@group-0AAC5367B30E-LeaderStateImpl] INFO  server.RaftServer$Division (ServerState.java:setRaftConf(393)) - omNode-1@group-0AAC5367B30E: set configuration 15: [omNode-1|rpc:localhost:37739|priority:0], old=null
2022-09-12 01:26:31,908 [omNode-1@group-0AAC5367B30E-StateMachineUpdater] INFO  ratis.OzoneManagerStateMachine (OzoneManagerStateMachine.java:notifyConfigurationChanged(192)) - Received Configuration change notification from Ratis. New Peer list:
[id: "omNode-1"
address: "localhost:37739"
]
2022-09-12 01:26:31,908 [omNode-1@group-0AAC5367B30E-StateMachineUpdater] INFO  ratis.OzoneManagerRatisServer (OzoneManagerRatisServer.java:removeRaftPeer(409)) - org.apache.hadoop.ozone.om.ratis.OzoneManagerRatisServer@6437b7f8: Removed OM omNode-3 from Ratis Peers list.
2022-09-12 01:26:31,908 [omNode-1@group-0AAC5367B30E-StateMachineUpdater] INFO  om.OzoneManager (OzoneManager.java:removeOMNodeFromPeers(1854)) - Removed OM omNode-3 from OM Peer Nodes.
2022-09-12 01:26:31,910 [IPC Server handler 8 on default port 43917] INFO  ratis.OzoneManagerRatisServer (OzoneManagerRatisServer.java:removeOMFromRatisRing(355)) - Removed OM omNode-3 from Ratis group group-0AAC5367B30E.
2022-09-12 01:26:31,910 [omNode-1@group-0AAC5367B30E-StateMachineUpdater] INFO  ratis.OzoneManagerStateMachine (OzoneManagerStateMachine.java:notifyConfigurationChanged(192)) - Received Configuration change notification from Ratis. New Peer list:
[id: "omNode-1"
address: "localhost:37739"
]
2022-09-12 01:26:31,910 [grpc-default-executor-4] INFO  server.GrpcServerProtocolService (GrpcServerProtocolService.java:onCompleted(140)) - omNode-3: Completed APPEND_ENTRIES, lastRequest: omNode-1->omNode-3#465250-t2,previous=(t:2, i:12),leaderCommit=12,initializing? true,entries: size=1, first=(t:2, i:13), CONFIGURATIONENTRY
2022-09-12 01:26:31,910 [Listener at 127.0.0.1/34977] INFO  om.OzoneManager (OzoneManager.java:stop(2032)) - omNode-3[localhost:34977]: Stopping Ozone Manager
2022-09-12 01:26:31,910 [Listener at 127.0.0.1/34977] INFO  ipc.Server (Server.java:stop(3414)) - Stopping server on 34977
2022-09-12 01:26:31,915 [IPC Server Responder] INFO  ipc.Server (Server.java:run(1512)) - Stopping IPC Server Responder
2022-09-12 01:26:31,915 [IPC Server listener on 34977] INFO  ipc.Server (Server.java:run(1376)) - Stopping IPC Server listener on 34977
2022-09-12 01:26:31,919 [Listener at 127.0.0.1/34977] INFO  server.RaftServer (RaftServerProxy.java:lambda$close$7(398)) - omNode-3: close
2022-09-12 01:26:31,919 [Listener at 127.0.0.1/34977] INFO  server.RaftServer$Division (RaftServerImpl.java:lambda$close$4(434)) - omNode-3@group-0AAC5367B30E: shutdown
2022-09-12 01:26:31,919 [Listener at 127.0.0.1/34977] INFO  util.JmxRegister (JmxRegister.java:unregister(73)) - Successfully un-registered JMX Bean with object name Ratis:service=RaftServer,group=group-0AAC5367B30E,id=omNode-3
2022-09-12 01:26:31,919 [Listener at 127.0.0.1/34977] INFO  impl.RoleInfo (RoleInfo.java:shutdownFollowerState(110)) - omNode-3: shutdown omNode-3@group-0AAC5367B30E-FollowerState
2022-09-12 01:26:31,919 [Listener at 127.0.0.1/34977] INFO  impl.StateMachineUpdater (StateMachineUpdater.java:stopAndJoin(153)) - omNode-3@group-0AAC5367B30E-StateMachineUpdater: set stopIndex = 12
2022-09-12 01:26:31,919 [omNode-3@group-0AAC5367B30E-FollowerState] INFO  impl.FollowerState (FollowerState.java:run(152)) - omNode-3@group-0AAC5367B30E-FollowerState was interrupted
2022-09-12 01:26:31,919 [omNode-3@group-0AAC5367B30E-StateMachineUpdater] INFO  ratis.OzoneManagerStateMachine (OzoneManagerStateMachine.java:takeSnapshot(441)) - Current Snapshot Index (t:2, i:12)
2022-09-12 01:26:31,920 [omNode-3@group-0AAC5367B30E-StateMachineUpdater] INFO  impl.StateMachineUpdater (StateMachineUpdater.java:takeSnapshot(287)) - omNode-3@group-0AAC5367B30E-StateMachineUpdater: Took a snapshot at index 12
2022-09-12 01:26:31,920 [omNode-3@group-0AAC5367B30E-StateMachineUpdater] INFO  impl.StateMachineUpdater (StateMachineUpdater.java:lambda$new$0(92)) - omNode-3@group-0AAC5367B30E-StateMachineUpdater: snapshotIndex: updateIncreasingly -1 -> 12
2022-09-12 01:26:31,920 [omNode-3@group-0AAC5367B30E-StateMachineUpdater] INFO  ratis.OzoneManagerStateMachine (OzoneManagerStateMachine.java:close(495)) - StateMachine has shutdown. Shutdown OzoneManager if not already shutdown.
2022-09-12 01:26:31,920 [omNode-3@group-0AAC5367B30E-StateMachineUpdater] INFO  ratis.OzoneManagerDoubleBuffer (OzoneManagerDoubleBuffer.java:stop(466)) - Stopping OMDoubleBuffer flush thread
2022-09-12 01:26:31,920 [OMDoubleBufferFlushThread] INFO  ratis.OzoneManagerDoubleBuffer (OzoneManagerDoubleBuffer.java:flushTransactions(385)) - OMDoubleBuffer flush thread OMDoubleBufferFlushThread is interrupted and will exit.
2022-09-12 01:26:31,927 [Listener at 127.0.0.1/34977] INFO  server.RaftServer$Division (ServerState.java:close(429)) - omNode-3@group-0AAC5367B30E: closes. applyIndex: 12
2022-09-12 01:26:31,927 [omNode-3@group-0AAC5367B30E-SegmentedRaftLogWorker] INFO  segmented.SegmentedRaftLogWorker (SegmentedRaftLogWorker.java:run(336)) - omNode-3@group-0AAC5367B30E-SegmentedRaftLogWorker was interrupted, exiting. There are 0 tasks remaining in the queue.
2022-09-12 01:26:31,928 [Listener at 127.0.0.1/34977] INFO  segmented.SegmentedRaftLogWorker (SegmentedRaftLogWorker.java:close(246)) - omNode-3@group-0AAC5367B30E-SegmentedRaftLogWorker close()
2022-09-12 01:26:31,936 [Listener at 127.0.0.1/34977] INFO  server.GrpcService (GrpcService.java:closeImpl(269)) - omNode-3: shutdown server with port 45541 now
2022-09-12 01:26:31,948 [Listener at 127.0.0.1/34977] INFO  server.GrpcService (GrpcService.java:closeImpl(278)) - omNode-3: shutdown server with port 45541 successfully
2022-09-12 01:26:31,948 [org.apache.ratis.util.JvmPauseMonitor$$Lambda$605/1445225850@1addcf78] INFO  util.JvmPauseMonitor (JvmPauseMonitor.java:run(109)) - JvmPauseMonitor-omNode-3: Stopped
2022-09-12 01:26:31,948 [Listener at 127.0.0.1/34977] INFO  ratis.OzoneManagerStateMachine (OzoneManagerStateMachine.java:close(495)) - StateMachine has shutdown. Shutdown OzoneManager if not already shutdown.
2022-09-12 01:26:31,949 [Listener at 127.0.0.1/34977] INFO  ratis.OzoneManagerDoubleBuffer (OzoneManagerDoubleBuffer.java:stop(478)) - OMDoubleBuffer flush thread is not running.
2022-09-12 01:26:31,949 [Listener at 127.0.0.1/34977] INFO  utils.BackgroundService (BackgroundService.java:shutdown(141)) - Shutting down service KeyDeletingService
2022-09-12 01:26:31,950 [Listener at 127.0.0.1/34977] INFO  utils.BackgroundService (BackgroundService.java:shutdown(141)) - Shutting down service DirectoryDeletingService
2022-09-12 01:26:31,950 [Listener at 127.0.0.1/34977] INFO  utils.BackgroundService (BackgroundService.java:shutdown(141)) - Shutting down service OpenKeyCleanupService
2022-09-12 01:26:31,951 [Listener at 127.0.0.1/34977] INFO  handler.ContextHandler (ContextHandler.java:doStop(1153)) - Stopped o.e.j.w.WebAppContext@30e4bea9{ozoneManager,/,null,STOPPED}{file:/home/runner/work/ozone/ozone/hadoop-ozone/integration-test/target/test-classes/webapps/ozoneManager}
2022-09-12 01:26:31,951 [Listener at 127.0.0.1/34977] INFO  server.AbstractConnector (AbstractConnector.java:doStop(381)) - Stopped ServerConnector@48d14084{HTTP/1.1, (http/1.1)}{0.0.0.0:40693}
2022-09-12 01:26:31,951 [Listener at 127.0.0.1/34977] INFO  server.session (HouseKeeper.java:stopScavenging(149)) - node0 Stopped scavenging
2022-09-12 01:26:31,952 [Listener at 127.0.0.1/34977] INFO  handler.ContextHandler (ContextHandler.java:doStop(1153)) - Stopped o.e.j.s.ServletContextHandler@5c12dac9{static,/static,file:///home/runner/work/ozone/ozone/hadoop-ozone/integration-test/target/test-classes/webapps/static,STOPPED}
2022-09-12 01:26:31,952 [Listener at 127.0.0.1/34977] INFO  handler.ContextHandler (ContextHandler.java:doStop(1153)) - Stopped o.e.j.s.ServletContextHandler@2e8fdec5{logs,/logs,file:///home/runner/work/ozone/ozone/hadoop-ozone/integration-test/target/log,STOPPED}
2022-09-12 01:26:32,088 [f7e5ee2c-7b8e-406b-8d8c-d8786c0ad6b9@group-EB2D2A4F7BFD-FollowerState] INFO  impl.FollowerState (FollowerState.java:run(143)) - f7e5ee2c-7b8e-406b-8d8c-d8786c0ad6b9@group-EB2D2A4F7BFD-FollowerState: change to CANDIDATE, lastRpcElapsedTime:5098368894ns, electionTimeout:5073ms
2022-09-12 01:26:32,088 [f7e5ee2c-7b8e-406b-8d8c-d8786c0ad6b9@group-EB2D2A4F7BFD-FollowerState] INFO  impl.RoleInfo (RoleInfo.java:shutdownFollowerState(110)) - f7e5ee2c-7b8e-406b-8d8c-d8786c0ad6b9: shutdown f7e5ee2c-7b8e-406b-8d8c-d8786c0ad6b9@group-EB2D2A4F7BFD-FollowerState
2022-09-12 01:26:32,089 [f7e5ee2c-7b8e-406b-8d8c-d8786c0ad6b9@group-EB2D2A4F7BFD-FollowerState] INFO  server.RaftServer$Division (RaftServerImpl.java:setRole(299)) - f7e5ee2c-7b8e-406b-8d8c-d8786c0ad6b9@group-EB2D2A4F7BFD: changes role from  FOLLOWER to CANDIDATE at term 0 for changeToCandidate
2022-09-12 01:26:32,089 [f7e5ee2c-7b8e-406b-8d8c-d8786c0ad6b9@group-EB2D2A4F7BFD-FollowerState] INFO  server.RaftServerConfigKeys (ConfUtils.java:logGet(46)) - raft.server.leaderelection.pre-vote = false (custom)
2022-09-12 01:26:32,089 [f7e5ee2c-7b8e-406b-8d8c-d8786c0ad6b9@group-EB2D2A4F7BFD-FollowerState] INFO  impl.RoleInfo (RoleInfo.java:updateAndGet(139)) - f7e5ee2c-7b8e-406b-8d8c-d8786c0ad6b9: start f7e5ee2c-7b8e-406b-8d8c-d8786c0ad6b9@group-EB2D2A4F7BFD-LeaderElection68
2022-09-12 01:26:32,128 [EndpointStateMachine task thread for /127.0.0.1:46755 - 0 ] INFO  ipc.Client (Client.java:handleConnectionFailure(977)) - Retrying connect to server: localhost/127.0.0.1:46755. Already tried 11 time(s); retry policy is RetryUpToMaximumCountWithFixedSleep(maxRetries=15, sleepTime=1000 MILLISECONDS)
2022-09-12 01:26:32,148 [f7e5ee2c-7b8e-406b-8d8c-d8786c0ad6b9@group-EB2D2A4F7BFD-LeaderElection68] INFO  impl.LeaderElection (LeaderElection.java:askForVotes(310)) - f7e5ee2c-7b8e-406b-8d8c-d8786c0ad6b9@group-EB2D2A4F7BFD-LeaderElection68 ELECTION round 0: submit vote requests at term 1 for -1: [f7e5ee2c-7b8e-406b-8d8c-d8786c0ad6b9|rpc:127.0.0.1:39655|priority:1], old=null
2022-09-12 01:26:32,148 [f7e5ee2c-7b8e-406b-8d8c-d8786c0ad6b9@group-EB2D2A4F7BFD-LeaderElection68] INFO  impl.LeaderElection (LeaderElection.java:askForVotes(312)) - f7e5ee2c-7b8e-406b-8d8c-d8786c0ad6b9@group-EB2D2A4F7BFD-LeaderElection68 ELECTION round 0: result PASSED (term=1)
2022-09-12 01:26:32,149 [f7e5ee2c-7b8e-406b-8d8c-d8786c0ad6b9@group-EB2D2A4F7BFD-LeaderElection68] INFO  impl.RoleInfo (RoleInfo.java:shutdownLeaderElection(130)) - f7e5ee2c-7b8e-406b-8d8c-d8786c0ad6b9: shutdown f7e5ee2c-7b8e-406b-8d8c-d8786c0ad6b9@group-EB2D2A4F7BFD-LeaderElection68
2022-09-12 01:26:32,149 [f7e5ee2c-7b8e-406b-8d8c-d8786c0ad6b9@group-EB2D2A4F7BFD-LeaderElection68] INFO  server.RaftServer$Division (RaftServerImpl.java:setRole(299)) - f7e5ee2c-7b8e-406b-8d8c-d8786c0ad6b9@group-EB2D2A4F7BFD: changes role from CANDIDATE to LEADER at term 1 for changeToLeader
2022-09-12 01:26:32,149 [f7e5ee2c-7b8e-406b-8d8c-d8786c0ad6b9@group-EB2D2A4F7BFD-LeaderElection68] INFO  ratis.XceiverServerRatis (XceiverServerRatis.java:handleLeaderChangedNotification(863)) - Leader change notification received for group: group-EB2D2A4F7BFD with new leaderId: f7e5ee2c-7b8e-406b-8d8c-d8786c0ad6b9
2022-09-12 01:26:32,149 [f7e5ee2c-7b8e-406b-8d8c-d8786c0ad6b9@group-EB2D2A4F7BFD-LeaderElection68] INFO  server.RaftServer$Division (ServerState.java:setLeader(287)) - f7e5ee2c-7b8e-406b-8d8c-d8786c0ad6b9@group-EB2D2A4F7BFD: change Leader from null to f7e5ee2c-7b8e-406b-8d8c-d8786c0ad6b9 at term 1 for becomeLeader, leader elected after 5169ms
2022-09-12 01:26:32,149 [f7e5ee2c-7b8e-406b-8d8c-d8786c0ad6b9@group-EB2D2A4F7BFD-LeaderElection68] INFO  server.RaftServerConfigKeys (ConfUtils.java:logGet(46)) - raft.server.staging.catchup.gap = 1000 (default)
2022-09-12 01:26:32,149 [f7e5ee2c-7b8e-406b-8d8c-d8786c0ad6b9@group-EB2D2A4F7BFD-LeaderElection68] INFO  server.RaftServerConfigKeys (ConfUtils.java:logGet(46)) - raft.server.write.element-limit = 1024 (custom)
2022-09-12 01:26:32,149 [f7e5ee2c-7b8e-406b-8d8c-d8786c0ad6b9@group-EB2D2A4F7BFD-LeaderElection68] INFO  server.RaftServerConfigKeys (ConfUtils.java:logGet(46)) - raft.server.write.byte-limit = 1024 M (=1073741824) (custom)
2022-09-12 01:26:32,149 [f7e5ee2c-7b8e-406b-8d8c-d8786c0ad6b9@group-EB2D2A4F7BFD-LeaderElection68] INFO  server.RaftServerConfigKeys (ConfUtils.java:logGet(46)) - raft.server.watch.timeout = 180s (custom)
2022-09-12 01:26:32,149 [f7e5ee2c-7b8e-406b-8d8c-d8786c0ad6b9@group-EB2D2A4F7BFD-LeaderElection68] INFO  server.RaftServerConfigKeys (ConfUtils.java:logGet(46)) - raft.server.watch.timeout.denomination = 1s (default)
2022-09-12 01:26:32,149 [f7e5ee2c-7b8e-406b-8d8c-d8786c0ad6b9@group-EB2D2A4F7BFD-LeaderElection68] INFO  server.RaftServerConfigKeys (ConfUtils.java:logGet(46)) - raft.server.watch.element-limit = 65536 (default)
2022-09-12 01:26:32,149 [f7e5ee2c-7b8e-406b-8d8c-d8786c0ad6b9@group-EB2D2A4F7BFD-LeaderElection68] INFO  server.RaftServerConfigKeys (ConfUtils.java:logGet(46)) - raft.server.write.element-limit = 1024 (custom)
2022-09-12 01:26:32,149 [f7e5ee2c-7b8e-406b-8d8c-d8786c0ad6b9@group-EB2D2A4F7BFD-LeaderElection68] INFO  server.RaftServerConfigKeys (ConfUtils.java:logGet(46)) - raft.server.write.follower.gap.ratio.max = -1.0 (default)
2022-09-12 01:26:32,150 [f7e5ee2c-7b8e-406b-8d8c-d8786c0ad6b9@group-EB2D2A4F7BFD-LeaderElection68] INFO  impl.RoleInfo (RoleInfo.java:updateAndGet(139)) - f7e5ee2c-7b8e-406b-8d8c-d8786c0ad6b9: start f7e5ee2c-7b8e-406b-8d8c-d8786c0ad6b9@group-EB2D2A4F7BFD-LeaderStateImpl
2022-09-12 01:26:32,150 [f7e5ee2c-7b8e-406b-8d8c-d8786c0ad6b9@group-EB2D2A4F7BFD-LeaderElection68] INFO  segmented.SegmentedRaftLogWorker (SegmentedRaftLogWorker.java:startLogSegment(425)) - f7e5ee2c-7b8e-406b-8d8c-d8786c0ad6b9@group-EB2D2A4F7BFD-SegmentedRaftLogWorker: Starting segment from index:0
2022-09-12 01:26:32,156 [f7e5ee2c-7b8e-406b-8d8c-d8786c0ad6b9@group-EB2D2A4F7BFD-SegmentedRaftLogWorker] INFO  segmented.SegmentedRaftLogWorker (SegmentedRaftLogWorker.java:execute(629)) - f7e5ee2c-7b8e-406b-8d8c-d8786c0ad6b9@group-EB2D2A4F7BFD-SegmentedRaftLogWorker: created new log segment /home/runner/work/ozone/ozone/hadoop-ozone/integration-test/target/test-dir/MiniOzoneClusterImpl-a920e810-7507-4246-9d07-cfa876092e00/datanode-2/data/ratis/76a63232-3e89-48b0-a80b-eb2d2a4f7bfd/current/log_inprogress_0
2022-09-12 01:26:32,188 [f7e5ee2c-7b8e-406b-8d8c-d8786c0ad6b9@group-EB2D2A4F7BFD-LeaderElection68] INFO  server.RaftServer$Division (ServerState.java:setRaftConf(393)) - f7e5ee2c-7b8e-406b-8d8c-d8786c0ad6b9@group-EB2D2A4F7BFD: set configuration 0: [f7e5ee2c-7b8e-406b-8d8c-d8786c0ad6b9|rpc:127.0.0.1:39655|dataStream:|priority:1], old=null
2022-09-12 01:26:32,552 [Listener at 127.0.0.1/34977] INFO  ozone.MiniOzoneClusterImpl (MiniOzoneClusterImpl.java:shutdown(448)) - Shutting down the Mini Ozone Cluster
2022-09-12 01:26:32,553 [Listener at 127.0.0.1/34977] INFO  ozone.MiniOzoneHAClusterImpl (MiniOzoneHAClusterImpl.java:stop(312)) - Stopping the OzoneManager omNode-3
2022-09-12 01:26:32,553 [Listener at 127.0.0.1/34977] INFO  om.OzoneManager (OzoneManager.java:stop(2032)) - omNode-3[localhost:34977]: Stopping Ozone Manager
2022-09-12 01:26:32,553 [Listener at 127.0.0.1/34977] INFO  ozone.MiniOzoneHAClusterImpl (MiniOzoneHAClusterImpl.java:stop(312)) - Stopping the OzoneManager omNode-1
2022-09-12 01:26:32,553 [Listener at 127.0.0.1/34977] INFO  om.OzoneManager (OzoneManager.java:stop(2032)) - omNode-1[localhost:43917]: Stopping Ozone Manager
2022-09-12 01:26:32,553 [Listener at 127.0.0.1/34977] INFO  ipc.Server (Server.java:stop(3414)) - Stopping server on 43917
2022-09-12 01:26:32,555 [IPC Server listener on 43917] INFO  ipc.Server (Server.java:run(1376)) - Stopping IPC Server listener on 43917
2022-09-12 01:26:32,562 [IPC Server Responder] INFO  ipc.Server (Server.java:run(1512)) - Stopping IPC Server Responder
2022-09-12 01:26:32,562 [Listener at 127.0.0.1/34977] INFO  server.RaftServer (RaftServerProxy.java:lambda$close$7(398)) - omNode-1: close
2022-09-12 01:26:32,562 [Listener at 127.0.0.1/34977] INFO  server.RaftServer$Division (RaftServerImpl.java:lambda$close$4(434)) - omNode-1@group-0AAC5367B30E: shutdown
2022-09-12 01:26:32,562 [Listener at 127.0.0.1/34977] INFO  util.JmxRegister (JmxRegister.java:unregister(73)) - Successfully un-registered JMX Bean with object name Ratis:service=RaftServer,group=group-0AAC5367B30E,id=omNode-1
2022-09-12 01:26:32,562 [Listener at 127.0.0.1/34977] INFO  impl.RoleInfo (RoleInfo.java:shutdownLeaderState(93)) - omNode-1: shutdown omNode-1@group-0AAC5367B30E-LeaderStateImpl
2022-09-12 01:26:32,563 [Listener at 127.0.0.1/34977] INFO  impl.PendingRequests (PendingRequests.java:sendNotLeaderResponses(282)) - omNode-1@group-0AAC5367B30E-PendingRequests: sendNotLeaderResponses
2022-09-12 01:26:32,585 [Listener at 127.0.0.1/34977] INFO  impl.StateMachineUpdater (StateMachineUpdater.java:stopAndJoin(153)) - omNode-1@group-0AAC5367B30E-StateMachineUpdater: set stopIndex = 20
2022-09-12 01:26:32,585 [omNode-1@group-0AAC5367B30E-StateMachineUpdater] INFO  ratis.OzoneManagerStateMachine (OzoneManagerStateMachine.java:takeSnapshot(441)) - Current Snapshot Index (t:2, i:20)
2022-09-12 01:26:32,585 [omNode-1@group-0AAC5367B30E-StateMachineUpdater] INFO  impl.StateMachineUpdater (StateMachineUpdater.java:takeSnapshot(287)) - omNode-1@group-0AAC5367B30E-StateMachineUpdater: Took a snapshot at index 20
2022-09-12 01:26:32,585 [omNode-1@group-0AAC5367B30E-StateMachineUpdater] INFO  impl.StateMachineUpdater (StateMachineUpdater.java:lambda$new$0(92)) - omNode-1@group-0AAC5367B30E-StateMachineUpdater: snapshotIndex: updateIncreasingly -1 -> 20
2022-09-12 01:26:32,585 [omNode-1@group-0AAC5367B30E-StateMachineUpdater] INFO  ratis.OzoneManagerStateMachine (OzoneManagerStateMachine.java:close(495)) - StateMachine has shutdown. Shutdown OzoneManager if not already shutdown.
2022-09-12 01:26:32,585 [omNode-1@group-0AAC5367B30E-StateMachineUpdater] INFO  ratis.OzoneManagerDoubleBuffer (OzoneManagerDoubleBuffer.java:stop(466)) - Stopping OMDoubleBuffer flush thread
2022-09-12 01:26:32,585 [OMDoubleBufferFlushThread] INFO  ratis.OzoneManagerDoubleBuffer (OzoneManagerDoubleBuffer.java:flushTransactions(385)) - OMDoubleBuffer flush thread OMDoubleBufferFlushThread is interrupted and will exit.
2022-09-12 01:26:32,586 [Listener at 127.0.0.1/34977] INFO  server.RaftServer$Division (ServerState.java:close(429)) - omNode-1@group-0AAC5367B30E: closes. applyIndex: 20
2022-09-12 01:26:32,586 [omNode-1@group-0AAC5367B30E-SegmentedRaftLogWorker] INFO  segmented.SegmentedRaftLogWorker (SegmentedRaftLogWorker.java:run(336)) - omNode-1@group-0AAC5367B30E-SegmentedRaftLogWorker was interrupted, exiting. There are 0 tasks remaining in the queue.
2022-09-12 01:26:32,589 [Listener at 127.0.0.1/34977] INFO  segmented.SegmentedRaftLogWorker (SegmentedRaftLogWorker.java:close(246)) - omNode-1@group-0AAC5367B30E-SegmentedRaftLogWorker close()
2022-09-12 01:26:32,604 [Listener at 127.0.0.1/34977] INFO  server.GrpcService (GrpcService.java:closeImpl(269)) - omNode-1: shutdown server with port 37739 now
2022-09-12 01:26:32,611 [Listener at 127.0.0.1/34977] INFO  server.GrpcService (GrpcService.java:closeImpl(278)) - omNode-1: shutdown server with port 37739 successfully
2022-09-12 01:26:32,611 [org.apache.ratis.util.JvmPauseMonitor$$Lambda$605/1445225850@3e77c173] INFO  util.JvmPauseMonitor (JvmPauseMonitor.java:run(109)) - JvmPauseMonitor-omNode-1: Stopped
2022-09-12 01:26:32,629 [Listener at 127.0.0.1/34977] INFO  ratis.OzoneManagerStateMachine (OzoneManagerStateMachine.java:close(495)) - StateMachine has shutdown. Shutdown OzoneManager if not already shutdown.
2022-09-12 01:26:32,629 [Listener at 127.0.0.1/34977] INFO  ratis.OzoneManagerDoubleBuffer (OzoneManagerDoubleBuffer.java:stop(478)) - OMDoubleBuffer flush thread is not running.
2022-09-12 01:26:32,629 [Listener at 127.0.0.1/34977] INFO  utils.BackgroundService (BackgroundService.java:shutdown(141)) - Shutting down service KeyDeletingService
2022-09-12 01:26:32,630 [Listener at 127.0.0.1/34977] INFO  utils.BackgroundService (BackgroundService.java:shutdown(141)) - Shutting down service DirectoryDeletingService
2022-09-12 01:26:32,630 [Listener at 127.0.0.1/34977] INFO  utils.BackgroundService (BackgroundService.java:shutdown(141)) - Shutting down service OpenKeyCleanupService
2022-09-12 01:26:32,630 [Listener at 127.0.0.1/34977] INFO  handler.ContextHandler (ContextHandler.java:doStop(1153)) - Stopped o.e.j.w.WebAppContext@1c577f1c{ozoneManager,/,null,STOPPED}{file:/home/runner/work/ozone/ozone/hadoop-ozone/integration-test/target/test-classes/webapps/ozoneManager}
2022-09-12 01:26:32,631 [Listener at 127.0.0.1/34977] INFO  server.AbstractConnector (AbstractConnector.java:doStop(381)) - Stopped ServerConnector@1db73a36{HTTP/1.1, (http/1.1)}{0.0.0.0:40673}
2022-09-12 01:26:32,631 [Listener at 127.0.0.1/34977] INFO  server.session (HouseKeeper.java:stopScavenging(149)) - node0 Stopped scavenging
2022-09-12 01:26:32,631 [Listener at 127.0.0.1/34977] INFO  handler.ContextHandler (ContextHandler.java:doStop(1153)) - Stopped o.e.j.s.ServletContextHandler@7d52e1f8{static,/static,file:///home/runner/work/ozone/ozone/hadoop-ozone/integration-test/target/test-classes/webapps/static,STOPPED}
2022-09-12 01:26:32,631 [Listener at 127.0.0.1/34977] INFO  handler.ContextHandler (ContextHandler.java:doStop(1153)) - Stopped o.e.j.s.ServletContextHandler@3b1e4de1{logs,/logs,file:///home/runner/work/ozone/ozone/hadoop-ozone/integration-test/target/log,STOPPED}
2022-09-12 01:26:32,642 [Listener at 127.0.0.1/34977] INFO  ozone.MiniOzoneHAClusterImpl (MiniOzoneHAClusterImpl.java:stop(312)) - Stopping the OzoneManager omNode-2
2022-09-12 01:26:32,642 [Listener at 127.0.0.1/34977] INFO  om.OzoneManager (OzoneManager.java:stop(2032)) - omNode-2[localhost:44487]: Stopping Ozone Manager
2022-09-12 01:26:32,642 [Listener at 127.0.0.1/34977] INFO  ozone.MiniOzoneHAClusterImpl (MiniOzoneHAClusterImpl.java:stop(320)) - Stopping the StorageContainerManager 6f1953f9-25aa-4157-82c9-d49674ab9c3c
2022-09-12 01:26:32,642 [Listener at 127.0.0.1/34977] INFO  server.StorageContainerManager (StorageContainerManager.java:stop(1528)) - Container Balancer is not running.
2022-09-12 01:26:32,642 [Listener at 127.0.0.1/34977] INFO  server.StorageContainerManager (StorageContainerManager.java:stop(1535)) - Stopping Replication Manager Service.
2022-09-12 01:26:32,642 [Listener at 127.0.0.1/34977] INFO  replication.ReplicationManager (ReplicationManager.java:stop(252)) - Stopping Replication Monitor Thread.
2022-09-12 01:26:32,642 [Listener at 127.0.0.1/34977] INFO  server.StorageContainerManager (StorageContainerManager.java:stop(1542)) - Stopping the Datanode Admin Monitor.
2022-09-12 01:26:32,642 [Listener at 127.0.0.1/34977] INFO  server.StorageContainerManager (StorageContainerManager.java:stop(1549)) - Stopping Lease Manager of the command watchers
2022-09-12 01:26:32,642 [Listener at 127.0.0.1/34977] INFO  server.StorageContainerManager (StorageContainerManager.java:stop(1556)) - Stopping datanode service RPC server
2022-09-12 01:26:32,643 [Listener at 127.0.0.1/34977] INFO  server.SCMDatanodeProtocolServer (SCMDatanodeProtocolServer.java:stop(414)) - Stopping the RPC server for DataNodes
2022-09-12 01:26:32,643 [Listener at 127.0.0.1/34977] INFO  ipc.Server (Server.java:stop(3414)) - Stopping server on 36745
2022-09-12 01:26:32,643 [ReplicationMonitor] INFO  replication.ReplicationManager (ReplicationManager.java:run(574)) - Replication Monitor Thread is stopped
2022-09-12 01:26:32,643 [Under Replicated Processor] WARN  replication.UnderReplicatedProcessor (UnderReplicatedProcessor.java:run(148)) - Under Replicated Processor interrupted. Exiting...
2022-09-12 01:26:32,643 [Over Replicated Processor] WARN  replication.OverReplicatedProcessor (OverReplicatedProcessor.java:run(137)) - Over Replicated Processor interrupted. Exiting...
2022-09-12 01:26:32,679 [IPC Server listener on 36745] INFO  ipc.Server (Server.java:run(1376)) - Stopping IPC Server listener on 36745
2022-09-12 01:26:32,690 [IPC Server Responder] INFO  ipc.Server (Server.java:run(1512)) - Stopping IPC Server Responder
2022-09-12 01:26:32,925 [SCM Heartbeat Processing Thread - 0] WARN  node.NodeStateManager (NodeStateManager.java:scheduleNextHealthCheck(870)) - Current Thread is interrupted, shutting down HB processing thread for Node Manager.
2022-09-12 01:26:32,927 [Listener at 127.0.0.1/34977] INFO  server.StorageContainerManager (StorageContainerManager.java:stop(1564)) - Stopping block service RPC server
2022-09-12 01:26:32,927 [Listener at 127.0.0.1/34977] INFO  server.SCMBlockProtocolServer (SCMBlockProtocolServer.java:stop(161)) - Stopping the RPC server for Block Protocol
2022-09-12 01:26:32,927 [Listener at 127.0.0.1/34977] INFO  ipc.Server (Server.java:stop(3414)) - Stopping server on 33243
2022-09-12 01:26:32,944 [IPC Server listener on 33243] INFO  ipc.Server (Server.java:run(1376)) - Stopping IPC Server listener on 33243
2022-09-12 01:26:32,952 [Listener at 127.0.0.1/34977] INFO  server.StorageContainerManager (StorageContainerManager.java:stop(1571)) - Stopping the StorageContainerLocationProtocol RPC server
2022-09-12 01:26:32,953 [Listener at 127.0.0.1/34977] INFO  server.SCMClientProtocolServer (SCMClientProtocolServer.java:stop(179)) - Stopping the RPC server for Client Protocol
2022-09-12 01:26:32,953 [Listener at 127.0.0.1/34977] INFO  ipc.Server (Server.java:stop(3414)) - Stopping server on 36969
2022-09-12 01:26:32,953 [IPC Server Responder] INFO  ipc.Server (Server.java:run(1512)) - Stopping IPC Server Responder
2022-09-12 01:26:32,958 [IPC Server Responder] INFO  ipc.Server (Server.java:run(1512)) - Stopping IPC Server Responder
2022-09-12 01:26:32,958 [IPC Server listener on 36969] INFO  ipc.Server (Server.java:run(1376)) - Stopping IPC Server listener on 36969
2022-09-12 01:26:32,970 [Listener at 127.0.0.1/34977] INFO  server.StorageContainerManager (StorageContainerManager.java:stop(1578)) - Stopping Storage Container Manager HTTP server.
2022-09-12 01:26:32,971 [Listener at 127.0.0.1/34977] INFO  handler.ContextHandler (ContextHandler.java:doStop(1153)) - Stopped o.e.j.w.WebAppContext@3c67a72d{scm,/,null,STOPPED}{file:/home/runner/work/ozone/ozone/hadoop-ozone/integration-test/target/test-classes/webapps/scm}
2022-09-12 01:26:32,971 [Listener at 127.0.0.1/34977] INFO  server.AbstractConnector (AbstractConnector.java:doStop(381)) - Stopped ServerConnector@3d9c0ab7{HTTP/1.1, (http/1.1)}{0.0.0.0:35323}
2022-09-12 01:26:32,971 [Listener at 127.0.0.1/34977] INFO  server.session (HouseKeeper.java:stopScavenging(149)) - node0 Stopped scavenging
2022-09-12 01:26:32,971 [Listener at 127.0.0.1/34977] INFO  handler.ContextHandler (ContextHandler.java:doStop(1153)) - Stopped o.e.j.s.ServletContextHandler@eaccef{static,/static,file:///home/runner/work/ozone/ozone/hadoop-ozone/integration-test/target/test-classes/webapps/static,STOPPED}
2022-09-12 01:26:32,972 [Listener at 127.0.0.1/34977] INFO  handler.ContextHandler (ContextHandler.java:doStop(1153)) - Stopped o.e.j.s.ServletContextHandler@799af6ee{logs,/logs,file:///home/runner/work/ozone/ozone/hadoop-ozone/integration-test/target/log,STOPPED}
2022-09-12 01:26:32,979 [Listener at 127.0.0.1/34977] INFO  server.StorageContainerManager (StorageContainerManager.java:stop(1584)) - Stopping SCM LayoutVersionManager Service.
2022-09-12 01:26:32,979 [Listener at 127.0.0.1/34977] INFO  server.StorageContainerManager (StorageContainerManager.java:stop(1592)) - Stopping Block Manager Service.
2022-09-12 01:26:32,979 [Listener at 127.0.0.1/34977] INFO  utils.BackgroundService (BackgroundService.java:shutdown(141)) - Shutting down service SCMBlockDeletingService
2022-09-12 01:26:32,980 [Listener at 127.0.0.1/34977] INFO  utils.BackgroundService (BackgroundService.java:shutdown(141)) - Shutting down service SCMBlockDeletingService
2022-09-12 01:26:32,980 [Listener at 127.0.0.1/34977] INFO  server.StorageContainerManager (StorageContainerManager.java:stop(1619)) - Stopping SCM Event Queue.
2022-09-12 01:26:32,981 [Listener at 127.0.0.1/34977] INFO  server.StorageContainerManager (StorageContainerManager.java:stop(1630)) - Stopping SCM HA services.
2022-09-12 01:26:32,981 [Listener at 127.0.0.1/34977] INFO  ha.SCMRatisServerImpl (SCMRatisServerImpl.java:stop(237)) - stopping ratis server 0.0.0.0:35981
2022-09-12 01:26:32,984 [Listener at 127.0.0.1/34977] INFO  server.RaftServer (RaftServerProxy.java:lambda$close$7(398)) - 6f1953f9-25aa-4157-82c9-d49674ab9c3c: close
2022-09-12 01:26:32,984 [Listener at 127.0.0.1/34977] INFO  server.RaftServer$Division (RaftServerImpl.java:lambda$close$4(434)) - 6f1953f9-25aa-4157-82c9-d49674ab9c3c@group-CFA876092E00: shutdown
2022-09-12 01:26:32,985 [Listener at 127.0.0.1/34977] INFO  util.JmxRegister (JmxRegister.java:unregister(73)) - Successfully un-registered JMX Bean with object name Ratis:service=RaftServer,group=group-CFA876092E00,id=6f1953f9-25aa-4157-82c9-d49674ab9c3c
2022-09-12 01:26:32,985 [Listener at 127.0.0.1/34977] INFO  impl.RoleInfo (RoleInfo.java:shutdownLeaderState(93)) - 6f1953f9-25aa-4157-82c9-d49674ab9c3c: shutdown 6f1953f9-25aa-4157-82c9-d49674ab9c3c@group-CFA876092E00-LeaderStateImpl
2022-09-12 01:26:32,985 [Listener at 127.0.0.1/34977] INFO  impl.PendingRequests (PendingRequests.java:sendNotLeaderResponses(282)) - 6f1953f9-25aa-4157-82c9-d49674ab9c3c@group-CFA876092E00-PendingRequests: sendNotLeaderResponses
2022-09-12 01:26:32,985 [Listener at 127.0.0.1/34977] INFO  ha.SCMStateMachine (SCMStateMachine.java:notifyNotLeader(190)) - current leader SCM steps down.
2022-09-12 01:26:32,985 [Listener at 127.0.0.1/34977] INFO  ha.SCMContext (SCMContext.java:updateLeaderAndTerm(99)) - update <isLeader,term> from <true,2> to <false,0>
2022-09-12 01:26:32,986 [Listener at 127.0.0.1/34977] INFO  ha.SCMContext (SCMContext.java:updateLeaderAndTerm(106)) - update <isLeaderReady> from <false> to <false>
2022-09-12 01:26:32,986 [Listener at 127.0.0.1/34977] INFO  BackgroundPipelineScrubber (BackgroundSCMService.java:notifyStatusChanged(88)) - Service BackgroundPipelineScrubber transitions to PAUSING.
2022-09-12 01:26:32,986 [Listener at 127.0.0.1/34977] INFO  ExpiredContainerReplicaOpScrubber (BackgroundSCMService.java:notifyStatusChanged(88)) - Service ExpiredContainerReplicaOpScrubber transitions to PAUSING.
2022-09-12 01:26:32,988 [6f1953f9-25aa-4157-82c9-d49674ab9c3c@group-CFA876092E00-StateMachineUpdater] INFO  ha.SCMStateMachine (SCMStateMachine.java:takeSnapshot(297)) - Current Snapshot Index 30, takeSnapshot took 0 ms
2022-09-12 01:26:32,988 [6f1953f9-25aa-4157-82c9-d49674ab9c3c@group-CFA876092E00-StateMachineUpdater] INFO  impl.StateMachineUpdater (StateMachineUpdater.java:takeSnapshot(287)) - 6f1953f9-25aa-4157-82c9-d49674ab9c3c@group-CFA876092E00-StateMachineUpdater: Took a snapshot at index 30
2022-09-12 01:26:32,988 [6f1953f9-25aa-4157-82c9-d49674ab9c3c@group-CFA876092E00-StateMachineUpdater] INFO  impl.StateMachineUpdater (StateMachineUpdater.java:lambda$new$0(92)) - 6f1953f9-25aa-4157-82c9-d49674ab9c3c@group-CFA876092E00-StateMachineUpdater: snapshotIndex: updateIncreasingly -1 -> 30
2022-09-12 01:26:32,988 [6f1953f9-25aa-4157-82c9-d49674ab9c3c@group-CFA876092E00-StateMachineUpdater] INFO  server.StorageContainerManager (StorageContainerManager.java:stop(1528)) - Container Balancer is not running.
2022-09-12 01:26:32,988 [6f1953f9-25aa-4157-82c9-d49674ab9c3c@group-CFA876092E00-StateMachineUpdater] INFO  server.StorageContainerManager (StorageContainerManager.java:stop(1535)) - Stopping Replication Manager Service.
2022-09-12 01:26:32,988 [6f1953f9-25aa-4157-82c9-d49674ab9c3c@group-CFA876092E00-StateMachineUpdater] INFO  replication.ReplicationManager (ReplicationManager.java:stop(260)) - Replication Monitor Thread is not running.
2022-09-12 01:26:32,988 [6f1953f9-25aa-4157-82c9-d49674ab9c3c@group-CFA876092E00-StateMachineUpdater] INFO  server.StorageContainerManager (StorageContainerManager.java:stop(1542)) - Stopping the Datanode Admin Monitor.
2022-09-12 01:26:32,988 [6f1953f9-25aa-4157-82c9-d49674ab9c3c@group-CFA876092E00-StateMachineUpdater] INFO  server.StorageContainerManager (StorageContainerManager.java:stop(1549)) - Stopping Lease Manager of the command watchers
2022-09-12 01:26:32,988 [6f1953f9-25aa-4157-82c9-d49674ab9c3c@group-CFA876092E00-StateMachineUpdater] ERROR server.StorageContainerManager (StorageContainerManager.java:stop(1552)) - Lease Manager of the command watchers stop failed
2022-09-12 01:26:32,988 [6f1953f9-25aa-4157-82c9-d49674ab9c3c@group-CFA876092E00-StateMachineUpdater] INFO  server.StorageContainerManager (StorageContainerManager.java:stop(1556)) - Stopping datanode service RPC server
2022-09-12 01:26:32,988 [6f1953f9-25aa-4157-82c9-d49674ab9c3c@group-CFA876092E00-StateMachineUpdater] INFO  server.SCMDatanodeProtocolServer (SCMDatanodeProtocolServer.java:stop(414)) - Stopping the RPC server for DataNodes
2022-09-12 01:26:32,988 [6f1953f9-25aa-4157-82c9-d49674ab9c3c@group-CFA876092E00-StateMachineUpdater] INFO  ipc.Server (Server.java:stop(3414)) - Stopping server on 36745
2022-09-12 01:26:32,988 [6f1953f9-25aa-4157-82c9-d49674ab9c3c@group-CFA876092E00-StateMachineUpdater] INFO  server.StorageContainerManager (StorageContainerManager.java:stop(1564)) - Stopping block service RPC server
2022-09-12 01:26:32,988 [6f1953f9-25aa-4157-82c9-d49674ab9c3c@group-CFA876092E00-StateMachineUpdater] INFO  server.SCMBlockProtocolServer (SCMBlockProtocolServer.java:stop(161)) - Stopping the RPC server for Block Protocol
2022-09-12 01:26:32,988 [6f1953f9-25aa-4157-82c9-d49674ab9c3c@group-CFA876092E00-StateMachineUpdater] INFO  ipc.Server (Server.java:stop(3414)) - Stopping server on 33243
2022-09-12 01:26:32,988 [6f1953f9-25aa-4157-82c9-d49674ab9c3c@group-CFA876092E00-StateMachineUpdater] INFO  server.StorageContainerManager (StorageContainerManager.java:stop(1571)) - Stopping the StorageContainerLocationProtocol RPC server
2022-09-12 01:26:32,988 [6f1953f9-25aa-4157-82c9-d49674ab9c3c@group-CFA876092E00-StateMachineUpdater] INFO  server.SCMClientProtocolServer (SCMClientProtocolServer.java:stop(179)) - Stopping the RPC server for Client Protocol
2022-09-12 01:26:32,989 [6f1953f9-25aa-4157-82c9-d49674ab9c3c@group-CFA876092E00-StateMachineUpdater] INFO  ipc.Server (Server.java:stop(3414)) - Stopping server on 36969
2022-09-12 01:26:32,989 [6f1953f9-25aa-4157-82c9-d49674ab9c3c@group-CFA876092E00-StateMachineUpdater] INFO  server.StorageContainerManager (StorageContainerManager.java:stop(1578)) - Stopping Storage Container Manager HTTP server.
2022-09-12 01:26:32,989 [Listener at 127.0.0.1/34977] INFO  impl.StateMachineUpdater (StateMachineUpdater.java:stopAndJoin(153)) - 6f1953f9-25aa-4157-82c9-d49674ab9c3c@group-CFA876092E00-StateMachineUpdater: set stopIndex = 30
2022-09-12 01:26:32,991 [6f1953f9-25aa-4157-82c9-d49674ab9c3c@group-CFA876092E00-StateMachineUpdater] INFO  server.StorageContainerManager (StorageContainerManager.java:stop(1584)) - Stopping SCM LayoutVersionManager Service.
2022-09-12 01:26:32,991 [6f1953f9-25aa-4157-82c9-d49674ab9c3c@group-CFA876092E00-StateMachineUpdater] INFO  server.StorageContainerManager (StorageContainerManager.java:stop(1592)) - Stopping Block Manager Service.
2022-09-12 01:26:32,991 [6f1953f9-25aa-4157-82c9-d49674ab9c3c@group-CFA876092E00-StateMachineUpdater] INFO  utils.BackgroundService (BackgroundService.java:shutdown(141)) - Shutting down service SCMBlockDeletingService
2022-09-12 01:26:32,991 [6f1953f9-25aa-4157-82c9-d49674ab9c3c@group-CFA876092E00-StateMachineUpdater] INFO  utils.BackgroundService (BackgroundService.java:shutdown(141)) - Shutting down service SCMBlockDeletingService
2022-09-12 01:26:32,991 [6f1953f9-25aa-4157-82c9-d49674ab9c3c@group-CFA876092E00-StateMachineUpdater] INFO  server.StorageContainerManager (StorageContainerManager.java:stop(1619)) - Stopping SCM Event Queue.
2022-09-12 01:26:32,991 [6f1953f9-25aa-4157-82c9-d49674ab9c3c@group-CFA876092E00-StateMachineUpdater] INFO  server.StorageContainerManager (StorageContainerManager.java:stop(1630)) - Stopping SCM HA services.
2022-09-12 01:26:32,991 [6f1953f9-25aa-4157-82c9-d49674ab9c3c@group-CFA876092E00-StateMachineUpdater] INFO  ha.SCMRatisServerImpl (SCMRatisServerImpl.java:stop(237)) - stopping ratis server 0.0.0.0:35981
2022-09-12 01:26:32,991 [org.apache.ratis.util.JvmPauseMonitor$$Lambda$605/1445225850@6339a9ff] INFO  util.JvmPauseMonitor (JvmPauseMonitor.java:run(109)) - JvmPauseMonitor-6f1953f9-25aa-4157-82c9-d49674ab9c3c: Stopped
2022-09-12 01:26:32,992 [6f1953f9-25aa-4157-82c9-d49674ab9c3c@group-CFA876092E00-StateMachineUpdater] INFO  pipeline.BackgroundPipelineCreator (BackgroundPipelineCreator.java:stop(149)) - Stopping RatisPipelineUtilsThread.
2022-09-12 01:26:32,992 [RatisPipelineUtilsThread - 0] WARN  pipeline.BackgroundPipelineCreator (BackgroundPipelineCreator.java:run(180)) - RatisPipelineUtilsThread is interrupted.
2022-09-12 01:26:32,999 [6f1953f9-25aa-4157-82c9-d49674ab9c3c@group-CFA876092E00-StateMachineUpdater] INFO  BackgroundPipelineScrubber (BackgroundSCMService.java:stop(131)) - Stopping BackgroundPipelineScrubber Service.
2022-09-12 01:26:33,006 [BackgroundPipelineScrubberThread] WARN  BackgroundPipelineScrubber (BackgroundSCMService.java:run(115)) - BackgroundPipelineScrubber is interrupted, exit
2022-09-12 01:26:33,008 [6f1953f9-25aa-4157-82c9-d49674ab9c3c@group-CFA876092E00-StateMachineUpdater] INFO  server.StorageContainerManager (StorageContainerManager.java:stop(1640)) - Stopping SCM MetadataStore.
2022-09-12 01:26:33,009 [6f1953f9-25aa-4157-82c9-d49674ab9c3c@group-CFA876092E00-StateMachineUpdater] INFO  impl.MetricsSystemImpl (MetricsSystemImpl.java:stop(210)) - Stopping HddsDatanode metrics system...
2022-09-12 01:26:33,019 [prometheus] INFO  impl.MetricsSinkAdapter (MetricsSinkAdapter.java:publishMetricsFromQueue(141)) - prometheus thread interrupted.
2022-09-12 01:26:33,020 [6f1953f9-25aa-4157-82c9-d49674ab9c3c@group-CFA876092E00-StateMachineUpdater] INFO  impl.MetricsSystemImpl (MetricsSystemImpl.java:stop(216)) - HddsDatanode metrics system stopped.
2022-09-12 01:26:33,020 [6f1953f9-25aa-4157-82c9-d49674ab9c3c@group-CFA876092E00-StateMachineUpdater] ERROR server.StorageContainerManager (ExitUtils.java:terminate(133)) - Terminating with exit status 1: scm statemachine is closed by ratis, terminate SCM
2022-09-12 01:26:33,020 [6f1953f9-25aa-4157-82c9-d49674ab9c3c@group-CFA876092E00-StateMachineUpdater] WARN  impl.StateMachineUpdater (StateMachineUpdater.java:stop(137)) - 6f1953f9-25aa-4157-82c9-d49674ab9c3c@group-CFA876092E00-StateMachineUpdater: Failed to close SCMStateMachine SCMStateMachine:6f1953f9-25aa-4157-82c9-d49674ab9c3c:group-CFA876092E00
org.apache.ratis.util.ExitUtils$ExitException: scm statemachine is closed by ratis, terminate SCM
	at org.apache.ratis.util.ExitUtils.terminate(ExitUtils.java:141)
	at org.apache.ratis.util.ExitUtils.terminate(ExitUtils.java:151)
	at org.apache.ratis.util.ExitUtils.terminate(ExitUtils.java:155)
	at org.apache.hadoop.hdds.scm.server.StorageContainerManager.shutDown(StorageContainerManager.java:1656)
	at org.apache.hadoop.hdds.scm.ha.SCMStateMachine.close(SCMStateMachine.java:403)
	at org.apache.ratis.server.impl.StateMachineUpdater.stop(StateMachineUpdater.java:134)
	at org.apache.ratis.server.impl.StateMachineUpdater.run(StateMachineUpdater.java:187)
	at java.lang.Thread.run(Thread.java:750)
2022-09-12 01:26:33,020 [Listener at 127.0.0.1/34977] INFO  server.RaftServer$Division (ServerState.java:close(429)) - 6f1953f9-25aa-4157-82c9-d49674ab9c3c@group-CFA876092E00: closes. applyIndex: 30
2022-09-12 01:26:33,023 [6f1953f9-25aa-4157-82c9-d49674ab9c3c@group-CFA876092E00-SegmentedRaftLogWorker] INFO  segmented.SegmentedRaftLogWorker (SegmentedRaftLogWorker.java:run(336)) - 6f1953f9-25aa-4157-82c9-d49674ab9c3c@group-CFA876092E00-SegmentedRaftLogWorker was interrupted, exiting. There are 0 tasks remaining in the queue.
2022-09-12 01:26:33,030 [EndpointStateMachine task thread for /127.0.0.1:36745 - 0 ] WARN  statemachine.EndpointStateMachine (EndpointStateMachine.java:logIfNeeded(241)) - Unable to communicate to SCM server at localhost:36745 for past 0 seconds.
java.io.EOFException: End of File Exception between local host is: "fv-az167-317/10.1.0.12"; destination host is: "localhost":36745; : java.io.EOFException; For more details see:  http://wiki.apache.org/hadoop/EOFException
	at sun.reflect.NativeConstructorAccessorImpl.newInstance0(Native Method)
	at sun.reflect.NativeConstructorAccessorImpl.newInstance(NativeConstructorAccessorImpl.java:62)
	at sun.reflect.DelegatingConstructorAccessorImpl.newInstance(DelegatingConstructorAccessorImpl.java:45)
	at java.lang.reflect.Constructor.newInstance(Constructor.java:423)
	at org.apache.hadoop.net.NetUtils.wrapWithMessage(NetUtils.java:913)
	at org.apache.hadoop.net.NetUtils.wrapException(NetUtils.java:862)
	at org.apache.hadoop.ipc.Client.getRpcResponse(Client.java:1577)
	at org.apache.hadoop.ipc.Client.call(Client.java:1519)
	at org.apache.hadoop.ipc.Client.call(Client.java:1416)
	at org.apache.hadoop.ipc.ProtobufRpcEngine$Invoker.invoke(ProtobufRpcEngine.java:236)
	at org.apache.hadoop.ipc.ProtobufRpcEngine$Invoker.invoke(ProtobufRpcEngine.java:123)
	at com.sun.proxy.$Proxy52.submitRequest(Unknown Source)
	at org.apache.hadoop.ozone.protocolPB.StorageContainerDatanodeProtocolClientSideTranslatorPB.submitRequest(StorageContainerDatanodeProtocolClientSideTranslatorPB.java:117)
	at org.apache.hadoop.ozone.protocolPB.StorageContainerDatanodeProtocolClientSideTranslatorPB.sendHeartbeat(StorageContainerDatanodeProtocolClientSideTranslatorPB.java:149)
	at org.apache.hadoop.ozone.container.common.states.endpoint.HeartbeatEndpointTask.call(HeartbeatEndpointTask.java:185)
	at org.apache.hadoop.ozone.container.common.states.endpoint.HeartbeatEndpointTask.call(HeartbeatEndpointTask.java:87)
	at java.util.concurrent.FutureTask.run(FutureTask.java:266)
	at java.util.concurrent.ThreadPoolExecutor.runWorker(ThreadPoolExecutor.java:1149)
	at java.util.concurrent.ThreadPoolExecutor$Worker.run(ThreadPoolExecutor.java:624)
	at java.lang.Thread.run(Thread.java:750)
Caused by: java.io.EOFException
	at java.io.DataInputStream.readInt(DataInputStream.java:392)
	at org.apache.hadoop.ipc.Client$IpcStreams.readResponse(Client.java:1892)
	at org.apache.hadoop.ipc.Client$Connection.receiveRpcResponse(Client.java:1202)
	at org.apache.hadoop.ipc.Client$Connection.run(Client.java:1098)
2022-09-12 01:26:33,040 [Listener at 127.0.0.1/34977] INFO  segmented.SegmentedRaftLogWorker (SegmentedRaftLogWorker.java:close(246)) - 6f1953f9-25aa-4157-82c9-d49674ab9c3c@group-CFA876092E00-SegmentedRaftLogWorker close()
2022-09-12 01:26:33,053 [Listener at 127.0.0.1/34977] INFO  server.GrpcService (GrpcService.java:closeImpl(269)) - 6f1953f9-25aa-4157-82c9-d49674ab9c3c: shutdown server with port 35981 now
2022-09-12 01:26:33,056 [Listener at 127.0.0.1/34977] INFO  server.GrpcService (GrpcService.java:closeImpl(278)) - 6f1953f9-25aa-4157-82c9-d49674ab9c3c: shutdown server with port 35981 successfully
2022-09-12 01:26:33,057 [Listener at 127.0.0.1/34977] WARN  pipeline.BackgroundPipelineCreator (BackgroundPipelineCreator.java:stop(145)) - RatisPipelineUtilsThread is not running, just ignore.
2022-09-12 01:26:33,057 [Listener at 127.0.0.1/34977] INFO  BackgroundPipelineScrubber (BackgroundSCMService.java:stop(126)) - BackgroundPipelineScrubber Service is not running, skip stop.
2022-09-12 01:26:33,057 [Listener at 127.0.0.1/34977] INFO  server.StorageContainerManager (StorageContainerManager.java:stop(1640)) - Stopping SCM MetadataStore.
2022-09-12 01:26:33,057 [Listener at 127.0.0.1/34977] INFO  impl.MetricsSystemImpl (MetricsSystemImpl.java:stop(205)) - HddsDatanode metrics system stopped (again)
2022-09-12 01:26:33,057 [Listener at 127.0.0.1/34977] INFO  ozone.MiniOzoneClusterImpl (MiniOzoneClusterImpl.java:stop(463)) - Stopping the Mini Ozone Cluster
2022-09-12 01:26:33,057 [Listener at 127.0.0.1/34977] INFO  ozone.MiniOzoneClusterImpl (MiniOzoneClusterImpl.java:stopDatanodes(522)) - Stopping the HddsDatanodes
2022-09-12 01:26:33,172 [EndpointStateMachine task thread for /127.0.0.1:46755 - 0 ] INFO  ipc.Client (Client.java:handleConnectionFailure(977)) - Retrying connect to server: localhost/127.0.0.1:46755. Already tried 12 time(s); retry policy is RetryUpToMaximumCountWithFixedSleep(maxRetries=15, sleepTime=1000 MILLISECONDS)
2022-09-12 01:26:34,152 [EndpointStateMachine task thread for /127.0.0.1:36745 - 0 ] INFO  ipc.Client (Client.java:handleConnectionFailure(977)) - Retrying connect to server: localhost/127.0.0.1:36745. Already tried 0 time(s); retry policy is RetryUpToMaximumCountWithFixedSleep(maxRetries=15, sleepTime=1000 MILLISECONDS)
2022-09-12 01:26:34,173 [EndpointStateMachine task thread for /127.0.0.1:46755 - 0 ] INFO  ipc.Client (Client.java:handleConnectionFailure(977)) - Retrying connect to server: localhost/127.0.0.1:46755. Already tried 13 time(s); retry policy is RetryUpToMaximumCountWithFixedSleep(maxRetries=15, sleepTime=1000 MILLISECONDS)
2022-09-12 01:26:35,153 [EndpointStateMachine task thread for /127.0.0.1:36745 - 0 ] INFO  ipc.Client (Client.java:handleConnectionFailure(977)) - Retrying connect to server: localhost/127.0.0.1:36745. Already tried 1 time(s); retry policy is RetryUpToMaximumCountWithFixedSleep(maxRetries=15, sleepTime=1000 MILLISECONDS)
2022-09-12 01:26:35,175 [EndpointStateMachine task thread for /127.0.0.1:46755 - 0 ] INFO  ipc.Client (Client.java:handleConnectionFailure(977)) - Retrying connect to server: localhost/127.0.0.1:46755. Already tried 14 time(s); retry policy is RetryUpToMaximumCountWithFixedSleep(maxRetries=15, sleepTime=1000 MILLISECONDS)
2022-09-12 01:26:35,715 [b564eb4b-6269-4962-af5b-43ec56d2b182@group-CD192C663FF1-FollowerState] INFO  impl.FollowerState (FollowerState.java:run(143)) - b564eb4b-6269-4962-af5b-43ec56d2b182@group-CD192C663FF1-FollowerState: change to CANDIDATE, lastRpcElapsedTime:5046112488ns, electionTimeout:5030ms
2022-09-12 01:26:35,715 [b564eb4b-6269-4962-af5b-43ec56d2b182@group-CD192C663FF1-FollowerState] INFO  impl.RoleInfo (RoleInfo.java:shutdownFollowerState(110)) - b564eb4b-6269-4962-af5b-43ec56d2b182: shutdown b564eb4b-6269-4962-af5b-43ec56d2b182@group-CD192C663FF1-FollowerState
2022-09-12 01:26:35,715 [b564eb4b-6269-4962-af5b-43ec56d2b182@group-CD192C663FF1-FollowerState] INFO  server.RaftServer$Division (RaftServerImpl.java:setRole(299)) - b564eb4b-6269-4962-af5b-43ec56d2b182@group-CD192C663FF1: changes role from  FOLLOWER to CANDIDATE at term 1 for changeToCandidate
2022-09-12 01:26:35,715 [b564eb4b-6269-4962-af5b-43ec56d2b182@group-CD192C663FF1-FollowerState] INFO  server.RaftServerConfigKeys (ConfUtils.java:logGet(46)) - raft.server.leaderelection.pre-vote = false (custom)
2022-09-12 01:26:35,715 [b564eb4b-6269-4962-af5b-43ec56d2b182@group-CD192C663FF1-FollowerState] INFO  impl.RoleInfo (RoleInfo.java:updateAndGet(139)) - b564eb4b-6269-4962-af5b-43ec56d2b182: start b564eb4b-6269-4962-af5b-43ec56d2b182@group-CD192C663FF1-LeaderElection69
2022-09-12 01:26:35,720 [b564eb4b-6269-4962-af5b-43ec56d2b182@group-CD192C663FF1-LeaderElection69] INFO  impl.LeaderElection (LeaderElection.java:askForVotes(310)) - b564eb4b-6269-4962-af5b-43ec56d2b182@group-CD192C663FF1-LeaderElection69 ELECTION round 0: submit vote requests at term 2 for -1: [f7e5ee2c-7b8e-406b-8d8c-d8786c0ad6b9|rpc:127.0.0.1:39655|priority:0, b564eb4b-6269-4962-af5b-43ec56d2b182|rpc:127.0.0.1:35021|priority:0, d5da11d1-5249-48d1-b60b-926c81588dea|rpc:127.0.0.1:42835|priority:1], old=null
2022-09-12 01:26:35,722 [grpc-default-executor-4] INFO  server.RaftServer$Division (RaftServerImpl.java:requestVote(1152)) - f7e5ee2c-7b8e-406b-8d8c-d8786c0ad6b9@group-CD192C663FF1: receive requestVote(ELECTION, b564eb4b-6269-4962-af5b-43ec56d2b182, group-CD192C663FF1, 2, (t:0, i:0))
2022-09-12 01:26:35,722 [grpc-default-executor-4] INFO  impl.VoteContext (VoteContext.java:log(48)) - f7e5ee2c-7b8e-406b-8d8c-d8786c0ad6b9@group-CD192C663FF1-FOLLOWER: accept ELECTION from b564eb4b-6269-4962-af5b-43ec56d2b182: our priority 0 <= candidate's priority 0
2022-09-12 01:26:35,722 [grpc-default-executor-4] INFO  server.RaftServer$Division (RaftServerImpl.java:setRole(299)) - f7e5ee2c-7b8e-406b-8d8c-d8786c0ad6b9@group-CD192C663FF1: changes role from  FOLLOWER to FOLLOWER at term 2 for candidate:b564eb4b-6269-4962-af5b-43ec56d2b182
2022-09-12 01:26:35,722 [grpc-default-executor-4] INFO  impl.RoleInfo (RoleInfo.java:shutdownFollowerState(110)) - f7e5ee2c-7b8e-406b-8d8c-d8786c0ad6b9: shutdown f7e5ee2c-7b8e-406b-8d8c-d8786c0ad6b9@group-CD192C663FF1-FollowerState
2022-09-12 01:26:35,727 [grpc-default-executor-4] INFO  impl.RoleInfo (RoleInfo.java:updateAndGet(139)) - f7e5ee2c-7b8e-406b-8d8c-d8786c0ad6b9: start f7e5ee2c-7b8e-406b-8d8c-d8786c0ad6b9@group-CD192C663FF1-FollowerState
2022-09-12 01:26:35,727 [f7e5ee2c-7b8e-406b-8d8c-d8786c0ad6b9@group-CD192C663FF1-FollowerState] INFO  impl.FollowerState (FollowerState.java:run(152)) - f7e5ee2c-7b8e-406b-8d8c-d8786c0ad6b9@group-CD192C663FF1-FollowerState was interrupted
2022-09-12 01:26:35,759 [d5da11d1-5249-48d1-b60b-926c81588dea@group-CD192C663FF1-FollowerState] INFO  impl.FollowerState (FollowerState.java:run(143)) - d5da11d1-5249-48d1-b60b-926c81588dea@group-CD192C663FF1-FollowerState: change to CANDIDATE, lastRpcElapsedTime:5104782951ns, electionTimeout:5076ms
2022-09-12 01:26:35,760 [d5da11d1-5249-48d1-b60b-926c81588dea@group-CD192C663FF1-FollowerState] INFO  impl.RoleInfo (RoleInfo.java:shutdownFollowerState(110)) - d5da11d1-5249-48d1-b60b-926c81588dea: shutdown d5da11d1-5249-48d1-b60b-926c81588dea@group-CD192C663FF1-FollowerState
2022-09-12 01:26:35,760 [d5da11d1-5249-48d1-b60b-926c81588dea@group-CD192C663FF1-FollowerState] INFO  server.RaftServer$Division (RaftServerImpl.java:setRole(299)) - d5da11d1-5249-48d1-b60b-926c81588dea@group-CD192C663FF1: changes role from  FOLLOWER to CANDIDATE at term 1 for changeToCandidate
2022-09-12 01:26:35,760 [d5da11d1-5249-48d1-b60b-926c81588dea@group-CD192C663FF1-FollowerState] INFO  server.RaftServerConfigKeys (ConfUtils.java:logGet(46)) - raft.server.leaderelection.pre-vote = false (custom)
2022-09-12 01:26:35,760 [d5da11d1-5249-48d1-b60b-926c81588dea@group-CD192C663FF1-FollowerState] INFO  impl.RoleInfo (RoleInfo.java:updateAndGet(139)) - d5da11d1-5249-48d1-b60b-926c81588dea: start d5da11d1-5249-48d1-b60b-926c81588dea@group-CD192C663FF1-LeaderElection70
2022-09-12 01:26:35,761 [d5da11d1-5249-48d1-b60b-926c81588dea@group-CD192C663FF1-LeaderElection70] INFO  impl.LeaderElection (LeaderElection.java:askForVotes(310)) - d5da11d1-5249-48d1-b60b-926c81588dea@group-CD192C663FF1-LeaderElection70 ELECTION round 0: submit vote requests at term 2 for -1: [f7e5ee2c-7b8e-406b-8d8c-d8786c0ad6b9|rpc:127.0.0.1:39655|dataStream:|priority:0, b564eb4b-6269-4962-af5b-43ec56d2b182|rpc:127.0.0.1:35021|dataStream:|priority:0, d5da11d1-5249-48d1-b60b-926c81588dea|rpc:127.0.0.1:42835|dataStream:|priority:1], old=null
2022-09-12 01:26:35,772 [grpc-default-executor-3] INFO  server.RaftServer$Division (RaftServerImpl.java:requestVote(1152)) - d5da11d1-5249-48d1-b60b-926c81588dea@group-CD192C663FF1: receive requestVote(ELECTION, b564eb4b-6269-4962-af5b-43ec56d2b182, group-CD192C663FF1, 2, (t:0, i:0))
2022-09-12 01:26:35,772 [grpc-default-executor-3] INFO  impl.VoteContext (VoteContext.java:log(48)) - d5da11d1-5249-48d1-b60b-926c81588dea@group-CD192C663FF1-CANDIDATE: reject ELECTION from b564eb4b-6269-4962-af5b-43ec56d2b182: already has voted for d5da11d1-5249-48d1-b60b-926c81588dea at current term 2
2022-09-12 01:26:35,773 [grpc-default-executor-3] INFO  server.RaftServer$Division (RaftServerImpl.java:requestVote(1184)) - d5da11d1-5249-48d1-b60b-926c81588dea@group-CD192C663FF1 replies to ELECTION vote request: b564eb4b-6269-4962-af5b-43ec56d2b182<-d5da11d1-5249-48d1-b60b-926c81588dea#0:FAIL-t2. Peer's state: d5da11d1-5249-48d1-b60b-926c81588dea@group-CD192C663FF1:t2, leader=null, voted=d5da11d1-5249-48d1-b60b-926c81588dea, raftlog=d5da11d1-5249-48d1-b60b-926c81588dea@group-CD192C663FF1-SegmentedRaftLog:OPENED:c-1, conf=-1: [f7e5ee2c-7b8e-406b-8d8c-d8786c0ad6b9|rpc:127.0.0.1:39655|dataStream:|priority:0, b564eb4b-6269-4962-af5b-43ec56d2b182|rpc:127.0.0.1:35021|dataStream:|priority:0, d5da11d1-5249-48d1-b60b-926c81588dea|rpc:127.0.0.1:42835|dataStream:|priority:1], old=null
2022-09-12 01:26:35,775 [b564eb4b-6269-4962-af5b-43ec56d2b182@group-CD192C663FF1-LeaderElection69] INFO  impl.LeaderElection (LeaderElection.java:logAndReturn(90)) - b564eb4b-6269-4962-af5b-43ec56d2b182@group-CD192C663FF1-LeaderElection69: ELECTION REJECTED received 1 response(s) and 0 exception(s):
2022-09-12 01:26:35,776 [b564eb4b-6269-4962-af5b-43ec56d2b182@group-CD192C663FF1-LeaderElection69] INFO  impl.LeaderElection (LeaderElection.java:logAndReturn(94)) -   Response 0: b564eb4b-6269-4962-af5b-43ec56d2b182<-d5da11d1-5249-48d1-b60b-926c81588dea#0:FAIL-t2
2022-09-12 01:26:35,776 [b564eb4b-6269-4962-af5b-43ec56d2b182@group-CD192C663FF1-LeaderElection69] INFO  impl.LeaderElection (LeaderElection.java:askForVotes(312)) - b564eb4b-6269-4962-af5b-43ec56d2b182@group-CD192C663FF1-LeaderElection69 ELECTION round 0: result REJECTED
2022-09-12 01:26:35,776 [b564eb4b-6269-4962-af5b-43ec56d2b182@group-CD192C663FF1-LeaderElection69] INFO  server.RaftServer$Division (RaftServerImpl.java:setRole(299)) - b564eb4b-6269-4962-af5b-43ec56d2b182@group-CD192C663FF1: changes role from CANDIDATE to FOLLOWER at term 2 for REJECTED
2022-09-12 01:26:35,776 [b564eb4b-6269-4962-af5b-43ec56d2b182@group-CD192C663FF1-LeaderElection69] INFO  impl.RoleInfo (RoleInfo.java:shutdownLeaderElection(130)) - b564eb4b-6269-4962-af5b-43ec56d2b182: shutdown b564eb4b-6269-4962-af5b-43ec56d2b182@group-CD192C663FF1-LeaderElection69
2022-09-12 01:26:35,776 [b564eb4b-6269-4962-af5b-43ec56d2b182@group-CD192C663FF1-LeaderElection69] INFO  impl.RoleInfo (RoleInfo.java:updateAndGet(139)) - b564eb4b-6269-4962-af5b-43ec56d2b182: start b564eb4b-6269-4962-af5b-43ec56d2b182@group-CD192C663FF1-FollowerState
2022-09-12 01:26:35,784 [grpc-default-executor-4] INFO  server.RaftServer$Division (RaftServerImpl.java:requestVote(1184)) - f7e5ee2c-7b8e-406b-8d8c-d8786c0ad6b9@group-CD192C663FF1 replies to ELECTION vote request: b564eb4b-6269-4962-af5b-43ec56d2b182<-f7e5ee2c-7b8e-406b-8d8c-d8786c0ad6b9#0:OK-t2. Peer's state: f7e5ee2c-7b8e-406b-8d8c-d8786c0ad6b9@group-CD192C663FF1:t2, leader=null, voted=b564eb4b-6269-4962-af5b-43ec56d2b182, raftlog=f7e5ee2c-7b8e-406b-8d8c-d8786c0ad6b9@group-CD192C663FF1-SegmentedRaftLog:OPENED:c-1, conf=-1: [f7e5ee2c-7b8e-406b-8d8c-d8786c0ad6b9|rpc:127.0.0.1:39655|dataStream:|priority:0, b564eb4b-6269-4962-af5b-43ec56d2b182|rpc:127.0.0.1:35021|dataStream:|priority:0, d5da11d1-5249-48d1-b60b-926c81588dea|rpc:127.0.0.1:42835|dataStream:|priority:1], old=null
2022-09-12 01:26:35,797 [grpc-default-executor-4] INFO  server.RaftServer$Division (RaftServerImpl.java:requestVote(1152)) - f7e5ee2c-7b8e-406b-8d8c-d8786c0ad6b9@group-CD192C663FF1: receive requestVote(ELECTION, d5da11d1-5249-48d1-b60b-926c81588dea, group-CD192C663FF1, 2, (t:0, i:0))
2022-09-12 01:26:35,797 [grpc-default-executor-4] INFO  impl.VoteContext (VoteContext.java:log(48)) - f7e5ee2c-7b8e-406b-8d8c-d8786c0ad6b9@group-CD192C663FF1-FOLLOWER: reject ELECTION from d5da11d1-5249-48d1-b60b-926c81588dea: already has voted for b564eb4b-6269-4962-af5b-43ec56d2b182 at current term 2
2022-09-12 01:26:35,797 [grpc-default-executor-4] INFO  server.RaftServer$Division (RaftServerImpl.java:requestVote(1184)) - f7e5ee2c-7b8e-406b-8d8c-d8786c0ad6b9@group-CD192C663FF1 replies to ELECTION vote request: d5da11d1-5249-48d1-b60b-926c81588dea<-f7e5ee2c-7b8e-406b-8d8c-d8786c0ad6b9#0:FAIL-t2. Peer's state: f7e5ee2c-7b8e-406b-8d8c-d8786c0ad6b9@group-CD192C663FF1:t2, leader=null, voted=b564eb4b-6269-4962-af5b-43ec56d2b182, raftlog=f7e5ee2c-7b8e-406b-8d8c-d8786c0ad6b9@group-CD192C663FF1-SegmentedRaftLog:OPENED:c-1, conf=-1: [f7e5ee2c-7b8e-406b-8d8c-d8786c0ad6b9|rpc:127.0.0.1:39655|dataStream:|priority:0, b564eb4b-6269-4962-af5b-43ec56d2b182|rpc:127.0.0.1:35021|dataStream:|priority:0, d5da11d1-5249-48d1-b60b-926c81588dea|rpc:127.0.0.1:42835|dataStream:|priority:1], old=null
2022-09-12 01:26:35,831 [grpc-default-executor-4] INFO  server.RaftServer$Division (RaftServerImpl.java:requestVote(1152)) - b564eb4b-6269-4962-af5b-43ec56d2b182@group-CD192C663FF1: receive requestVote(ELECTION, d5da11d1-5249-48d1-b60b-926c81588dea, group-CD192C663FF1, 2, (t:0, i:0))
2022-09-12 01:26:35,831 [grpc-default-executor-4] INFO  impl.VoteContext (VoteContext.java:log(48)) - b564eb4b-6269-4962-af5b-43ec56d2b182@group-CD192C663FF1-FOLLOWER: reject ELECTION from d5da11d1-5249-48d1-b60b-926c81588dea: already has voted for b564eb4b-6269-4962-af5b-43ec56d2b182 at current term 2
2022-09-12 01:26:35,831 [grpc-default-executor-4] INFO  server.RaftServer$Division (RaftServerImpl.java:requestVote(1184)) - b564eb4b-6269-4962-af5b-43ec56d2b182@group-CD192C663FF1 replies to ELECTION vote request: d5da11d1-5249-48d1-b60b-926c81588dea<-b564eb4b-6269-4962-af5b-43ec56d2b182#0:FAIL-t2. Peer's state: b564eb4b-6269-4962-af5b-43ec56d2b182@group-CD192C663FF1:t2, leader=null, voted=b564eb4b-6269-4962-af5b-43ec56d2b182, raftlog=b564eb4b-6269-4962-af5b-43ec56d2b182@group-CD192C663FF1-SegmentedRaftLog:OPENED:c-1, conf=-1: [f7e5ee2c-7b8e-406b-8d8c-d8786c0ad6b9|rpc:127.0.0.1:39655|priority:0, b564eb4b-6269-4962-af5b-43ec56d2b182|rpc:127.0.0.1:35021|priority:0, d5da11d1-5249-48d1-b60b-926c81588dea|rpc:127.0.0.1:42835|priority:1], old=null
2022-09-12 01:26:35,832 [d5da11d1-5249-48d1-b60b-926c81588dea@group-CD192C663FF1-LeaderElection70] INFO  impl.LeaderElection (LeaderElection.java:logAndReturn(90)) - d5da11d1-5249-48d1-b60b-926c81588dea@group-CD192C663FF1-LeaderElection70: ELECTION REJECTED received 2 response(s) and 0 exception(s):
2022-09-12 01:26:35,840 [d5da11d1-5249-48d1-b60b-926c81588dea@group-CD192C663FF1-LeaderElection70] INFO  impl.LeaderElection (LeaderElection.java:logAndReturn(94)) -   Response 0: d5da11d1-5249-48d1-b60b-926c81588dea<-f7e5ee2c-7b8e-406b-8d8c-d8786c0ad6b9#0:FAIL-t2
2022-09-12 01:26:35,840 [d5da11d1-5249-48d1-b60b-926c81588dea@group-CD192C663FF1-LeaderElection70] INFO  impl.LeaderElection (LeaderElection.java:logAndReturn(94)) -   Response 1: d5da11d1-5249-48d1-b60b-926c81588dea<-b564eb4b-6269-4962-af5b-43ec56d2b182#0:FAIL-t2
2022-09-12 01:26:35,840 [d5da11d1-5249-48d1-b60b-926c81588dea@group-CD192C663FF1-LeaderElection70] INFO  impl.LeaderElection (LeaderElection.java:askForVotes(312)) - d5da11d1-5249-48d1-b60b-926c81588dea@group-CD192C663FF1-LeaderElection70 ELECTION round 0: result REJECTED
2022-09-12 01:26:35,840 [d5da11d1-5249-48d1-b60b-926c81588dea@group-CD192C663FF1-LeaderElection70] INFO  server.RaftServer$Division (RaftServerImpl.java:setRole(299)) - d5da11d1-5249-48d1-b60b-926c81588dea@group-CD192C663FF1: changes role from CANDIDATE to FOLLOWER at term 2 for REJECTED
2022-09-12 01:26:35,840 [d5da11d1-5249-48d1-b60b-926c81588dea@group-CD192C663FF1-LeaderElection70] INFO  impl.RoleInfo (RoleInfo.java:shutdownLeaderElection(130)) - d5da11d1-5249-48d1-b60b-926c81588dea: shutdown d5da11d1-5249-48d1-b60b-926c81588dea@group-CD192C663FF1-LeaderElection70
2022-09-12 01:26:35,840 [d5da11d1-5249-48d1-b60b-926c81588dea@group-CD192C663FF1-LeaderElection70] INFO  impl.RoleInfo (RoleInfo.java:updateAndGet(139)) - d5da11d1-5249-48d1-b60b-926c81588dea: start d5da11d1-5249-48d1-b60b-926c81588dea@group-CD192C663FF1-FollowerState
2022-09-12 01:26:36,153 [EndpointStateMachine task thread for /127.0.0.1:36745 - 0 ] INFO  ipc.Client (Client.java:handleConnectionFailure(977)) - Retrying connect to server: localhost/127.0.0.1:36745. Already tried 2 time(s); retry policy is RetryUpToMaximumCountWithFixedSleep(maxRetries=15, sleepTime=1000 MILLISECONDS)
2022-09-12 01:26:36,164 [Datanode State Machine Daemon Thread] ERROR datanode.RunningDatanodeState (RunningDatanodeState.java:computeNextContainerState(207)) - Error in executing end point task.
java.util.concurrent.ExecutionException: java.util.concurrent.TimeoutException
	at java.util.concurrent.FutureTask.report(FutureTask.java:122)
	at java.util.concurrent.FutureTask.get(FutureTask.java:192)
	at org.apache.hadoop.ozone.container.common.states.datanode.RunningDatanodeState.computeNextContainerState(RunningDatanodeState.java:199)
	at org.apache.hadoop.ozone.container.common.states.datanode.RunningDatanodeState.await(RunningDatanodeState.java:239)
	at org.apache.hadoop.ozone.container.common.states.datanode.RunningDatanodeState.await(RunningDatanodeState.java:50)
	at org.apache.hadoop.ozone.container.common.statemachine.StateContext.execute(StateContext.java:660)
	at org.apache.hadoop.ozone.container.common.statemachine.DatanodeStateMachine.startStateMachineThread(DatanodeStateMachine.java:298)
	at org.apache.hadoop.ozone.container.common.statemachine.DatanodeStateMachine.lambda$startDaemon$0(DatanodeStateMachine.java:493)
	at java.lang.Thread.run(Thread.java:750)
Caused by: java.util.concurrent.TimeoutException
	at java.util.concurrent.FutureTask.get(FutureTask.java:205)
	at org.apache.hadoop.ozone.container.common.states.datanode.RunningDatanodeState.lambda$execute$0(RunningDatanodeState.java:157)
	at java.util.concurrent.FutureTask.run(FutureTask.java:266)
	at java.util.concurrent.Executors$RunnableAdapter.call(Executors.java:511)
	at java.util.concurrent.FutureTask.run(FutureTask.java:266)
	at java.util.concurrent.ThreadPoolExecutor.runWorker(ThreadPoolExecutor.java:1149)
	at java.util.concurrent.ThreadPoolExecutor$Worker.run(ThreadPoolExecutor.java:624)
	... 1 more
2022-09-12 01:26:36,175 [EndpointStateMachine task thread for /127.0.0.1:46755 - 0 ] INFO  ipc.Client (Client.java:handleConnectionFailure(977)) - Retrying connect to server: localhost/127.0.0.1:46755. Already tried 0 time(s); retry policy is RetryUpToMaximumCountWithFixedSleep(maxRetries=15, sleepTime=1000 MILLISECONDS)
2022-09-12 01:26:37,154 [EndpointStateMachine task thread for /127.0.0.1:36745 - 0 ] INFO  ipc.Client (Client.java:handleConnectionFailure(977)) - Retrying connect to server: localhost/127.0.0.1:36745. Already tried 3 time(s); retry policy is RetryUpToMaximumCountWithFixedSleep(maxRetries=15, sleepTime=1000 MILLISECONDS)
2022-09-12 01:26:37,172 [Datanode State Machine Daemon Thread] ERROR datanode.RunningDatanodeState (RunningDatanodeState.java:computeNextContainerState(207)) - Error in executing end point task.
java.util.concurrent.ExecutionException: java.util.concurrent.TimeoutException
	at java.util.concurrent.FutureTask.report(FutureTask.java:122)
	at java.util.concurrent.FutureTask.get(FutureTask.java:192)
	at org.apache.hadoop.ozone.container.common.states.datanode.RunningDatanodeState.computeNextContainerState(RunningDatanodeState.java:199)
	at org.apache.hadoop.ozone.container.common.states.datanode.RunningDatanodeState.await(RunningDatanodeState.java:239)
	at org.apache.hadoop.ozone.container.common.states.datanode.RunningDatanodeState.await(RunningDatanodeState.java:50)
	at org.apache.hadoop.ozone.container.common.statemachine.StateContext.execute(StateContext.java:660)
	at org.apache.hadoop.ozone.container.common.statemachine.DatanodeStateMachine.startStateMachineThread(DatanodeStateMachine.java:298)
	at org.apache.hadoop.ozone.container.common.statemachine.DatanodeStateMachine.lambda$startDaemon$0(DatanodeStateMachine.java:493)
	at java.lang.Thread.run(Thread.java:750)
Caused by: java.util.concurrent.TimeoutException
	at java.util.concurrent.FutureTask.get(FutureTask.java:205)
	at org.apache.hadoop.ozone.container.common.states.datanode.RunningDatanodeState.lambda$execute$0(RunningDatanodeState.java:157)
	at java.util.concurrent.FutureTask.run(FutureTask.java:266)
	at java.util.concurrent.Executors$RunnableAdapter.call(Executors.java:511)
	at java.util.concurrent.FutureTask.run(FutureTask.java:266)
	at java.util.concurrent.ThreadPoolExecutor.runWorker(ThreadPoolExecutor.java:1149)
	at java.util.concurrent.ThreadPoolExecutor$Worker.run(ThreadPoolExecutor.java:624)
	... 1 more
2022-09-12 01:26:37,176 [EndpointStateMachine task thread for /127.0.0.1:46755 - 0 ] INFO  ipc.Client (Client.java:handleConnectionFailure(977)) - Retrying connect to server: localhost/127.0.0.1:46755. Already tried 1 time(s); retry policy is RetryUpToMaximumCountWithFixedSleep(maxRetries=15, sleepTime=1000 MILLISECONDS)
2022-09-12 01:26:38,058 [ForkJoinPool.commonPool-worker-1] INFO  ozoneimpl.OzoneContainer (OzoneContainer.java:stop(400)) - Attempting to stop container services.
2022-09-12 01:26:38,058 [Listener at 127.0.0.1/34977] INFO  ozoneimpl.OzoneContainer (OzoneContainer.java:stop(400)) - Attempting to stop container services.
2022-09-12 01:26:38,089 [ForkJoinPool.commonPool-worker-1] INFO  server.RaftServer (RaftServerProxy.java:lambda$close$7(398)) - b564eb4b-6269-4962-af5b-43ec56d2b182: close
2022-09-12 01:26:38,089 [Listener at 127.0.0.1/34977] INFO  server.RaftServer (RaftServerProxy.java:lambda$close$7(398)) - d5da11d1-5249-48d1-b60b-926c81588dea: close
2022-09-12 01:26:38,089 [ForkJoinPool.commonPool-worker-1] INFO  server.RaftServer$Division (RaftServerImpl.java:lambda$close$4(434)) - b564eb4b-6269-4962-af5b-43ec56d2b182@group-5C65DE8FC2DF: shutdown
2022-09-12 01:26:38,089 [Listener at 127.0.0.1/34977] INFO  server.RaftServer$Division (RaftServerImpl.java:lambda$close$4(434)) - d5da11d1-5249-48d1-b60b-926c81588dea@group-5C65DE8FC2DF: shutdown
2022-09-12 01:26:38,089 [Listener at 127.0.0.1/34977] INFO  util.JmxRegister (JmxRegister.java:unregister(73)) - Successfully un-registered JMX Bean with object name Ratis:service=RaftServer,group=group-5C65DE8FC2DF,id=d5da11d1-5249-48d1-b60b-926c81588dea
2022-09-12 01:26:38,090 [Listener at 127.0.0.1/34977] INFO  impl.RoleInfo (RoleInfo.java:shutdownFollowerState(110)) - d5da11d1-5249-48d1-b60b-926c81588dea: shutdown d5da11d1-5249-48d1-b60b-926c81588dea@group-5C65DE8FC2DF-FollowerState
2022-09-12 01:26:38,089 [ForkJoinPool.commonPool-worker-1] INFO  util.JmxRegister (JmxRegister.java:unregister(73)) - Successfully un-registered JMX Bean with object name Ratis:service=RaftServer,group=group-5C65DE8FC2DF,id=b564eb4b-6269-4962-af5b-43ec56d2b182
2022-09-12 01:26:38,090 [d5da11d1-5249-48d1-b60b-926c81588dea@group-5C65DE8FC2DF-FollowerState] INFO  impl.FollowerState (FollowerState.java:run(152)) - d5da11d1-5249-48d1-b60b-926c81588dea@group-5C65DE8FC2DF-FollowerState was interrupted
2022-09-12 01:26:38,090 [ForkJoinPool.commonPool-worker-1] INFO  impl.RoleInfo (RoleInfo.java:shutdownLeaderState(93)) - b564eb4b-6269-4962-af5b-43ec56d2b182: shutdown b564eb4b-6269-4962-af5b-43ec56d2b182@group-5C65DE8FC2DF-LeaderStateImpl
2022-09-12 01:26:38,090 [d5da11d1-5249-48d1-b60b-926c81588dea@group-5C65DE8FC2DF-StateMachineUpdater] INFO  ratis.ContainerStateMachine (ContainerStateMachine.java:takeSnapshot(304)) - group-5C65DE8FC2DF: Taking a snapshot at:(t:1, i:0) file /home/runner/work/ozone/ozone/hadoop-ozone/integration-test/target/test-dir/MiniOzoneClusterImpl-a920e810-7507-4246-9d07-cfa876092e00/datanode-1/data/ratis/8cf02d82-884b-47d8-8990-5c65de8fc2df/sm/snapshot.1_0
2022-09-12 01:26:38,090 [ForkJoinPool.commonPool-worker-1] INFO  impl.PendingRequests (PendingRequests.java:sendNotLeaderResponses(282)) - b564eb4b-6269-4962-af5b-43ec56d2b182@group-5C65DE8FC2DF-PendingRequests: sendNotLeaderResponses
2022-09-12 01:26:38,090 [Listener at 127.0.0.1/34977] INFO  impl.StateMachineUpdater (StateMachineUpdater.java:stopAndJoin(153)) - d5da11d1-5249-48d1-b60b-926c81588dea@group-5C65DE8FC2DF-StateMachineUpdater: set stopIndex = 0
2022-09-12 01:26:38,091 [ForkJoinPool.commonPool-worker-1] INFO  impl.StateMachineUpdater (StateMachineUpdater.java:stopAndJoin(153)) - b564eb4b-6269-4962-af5b-43ec56d2b182@group-5C65DE8FC2DF-StateMachineUpdater: set stopIndex = 0
2022-09-12 01:26:38,092 [b564eb4b-6269-4962-af5b-43ec56d2b182@group-5C65DE8FC2DF-StateMachineUpdater] INFO  ratis.ContainerStateMachine (ContainerStateMachine.java:takeSnapshot(304)) - group-5C65DE8FC2DF: Taking a snapshot at:(t:1, i:0) file /home/runner/work/ozone/ozone/hadoop-ozone/integration-test/target/test-dir/MiniOzoneClusterImpl-a920e810-7507-4246-9d07-cfa876092e00/datanode-0/data/ratis/8cf02d82-884b-47d8-8990-5c65de8fc2df/sm/snapshot.1_0
2022-09-12 01:26:38,092 [grpc-default-executor-3] INFO  server.GrpcServerProtocolService (GrpcServerProtocolService.java:onCompleted(140)) - d5da11d1-5249-48d1-b60b-926c81588dea: Completed APPEND_ENTRIES, lastRequest: b564eb4b-6269-4962-af5b-43ec56d2b182->d5da11d1-5249-48d1-b60b-926c81588dea#1-t1,previous=(t:0, i:0),leaderCommit=0,initializing? true,entries: size=1, first=(t:1, i:0), CONFIGURATIONENTRY
2022-09-12 01:26:38,093 [grpc-default-executor-3] INFO  server.GrpcServerProtocolService (GrpcServerProtocolService.java:onCompleted(140)) - f7e5ee2c-7b8e-406b-8d8c-d8786c0ad6b9: Completed APPEND_ENTRIES, lastRequest: b564eb4b-6269-4962-af5b-43ec56d2b182->f7e5ee2c-7b8e-406b-8d8c-d8786c0ad6b9#1-t1,previous=(t:0, i:0),leaderCommit=-1,initializing? true,entries: size=1, first=(t:1, i:0), CONFIGURATIONENTRY
2022-09-12 01:26:38,093 [b564eb4b-6269-4962-af5b-43ec56d2b182@group-5C65DE8FC2DF-StateMachineUpdater] INFO  ratis.ContainerStateMachine (ContainerStateMachine.java:takeSnapshot(315)) - group-5C65DE8FC2DF: Finished taking a snapshot at:(t:1, i:0) file:/home/runner/work/ozone/ozone/hadoop-ozone/integration-test/target/test-dir/MiniOzoneClusterImpl-a920e810-7507-4246-9d07-cfa876092e00/datanode-0/data/ratis/8cf02d82-884b-47d8-8990-5c65de8fc2df/sm/snapshot.1_0 took: 1 ms
2022-09-12 01:26:38,093 [b564eb4b-6269-4962-af5b-43ec56d2b182@group-5C65DE8FC2DF-StateMachineUpdater] INFO  impl.StateMachineUpdater (StateMachineUpdater.java:takeSnapshot(287)) - b564eb4b-6269-4962-af5b-43ec56d2b182@group-5C65DE8FC2DF-StateMachineUpdater: Took a snapshot at index 0
2022-09-12 01:26:38,093 [b564eb4b-6269-4962-af5b-43ec56d2b182@group-5C65DE8FC2DF-StateMachineUpdater] INFO  impl.StateMachineUpdater (StateMachineUpdater.java:lambda$new$0(92)) - b564eb4b-6269-4962-af5b-43ec56d2b182@group-5C65DE8FC2DF-StateMachineUpdater: snapshotIndex: updateIncreasingly -1 -> 0
2022-09-12 01:26:38,094 [ForkJoinPool.commonPool-worker-1] INFO  server.RaftServer$Division (ServerState.java:close(429)) - b564eb4b-6269-4962-af5b-43ec56d2b182@group-5C65DE8FC2DF: closes. applyIndex: 0
2022-09-12 01:26:38,094 [d5da11d1-5249-48d1-b60b-926c81588dea@group-5C65DE8FC2DF-StateMachineUpdater] INFO  ratis.ContainerStateMachine (ContainerStateMachine.java:takeSnapshot(315)) - group-5C65DE8FC2DF: Finished taking a snapshot at:(t:1, i:0) file:/home/runner/work/ozone/ozone/hadoop-ozone/integration-test/target/test-dir/MiniOzoneClusterImpl-a920e810-7507-4246-9d07-cfa876092e00/datanode-1/data/ratis/8cf02d82-884b-47d8-8990-5c65de8fc2df/sm/snapshot.1_0 took: 4 ms
2022-09-12 01:26:38,094 [b564eb4b-6269-4962-af5b-43ec56d2b182@group-5C65DE8FC2DF-SegmentedRaftLogWorker] INFO  segmented.SegmentedRaftLogWorker (SegmentedRaftLogWorker.java:run(336)) - b564eb4b-6269-4962-af5b-43ec56d2b182@group-5C65DE8FC2DF-SegmentedRaftLogWorker was interrupted, exiting. There are 0 tasks remaining in the queue.
2022-09-12 01:26:38,094 [d5da11d1-5249-48d1-b60b-926c81588dea@group-5C65DE8FC2DF-StateMachineUpdater] INFO  impl.StateMachineUpdater (StateMachineUpdater.java:takeSnapshot(287)) - d5da11d1-5249-48d1-b60b-926c81588dea@group-5C65DE8FC2DF-StateMachineUpdater: Took a snapshot at index 0
2022-09-12 01:26:38,094 [d5da11d1-5249-48d1-b60b-926c81588dea@group-5C65DE8FC2DF-StateMachineUpdater] INFO  impl.StateMachineUpdater (StateMachineUpdater.java:lambda$new$0(92)) - d5da11d1-5249-48d1-b60b-926c81588dea@group-5C65DE8FC2DF-StateMachineUpdater: snapshotIndex: updateIncreasingly -1 -> 0
2022-09-12 01:26:38,095 [ForkJoinPool.commonPool-worker-1] INFO  segmented.SegmentedRaftLogWorker (SegmentedRaftLogWorker.java:close(246)) - b564eb4b-6269-4962-af5b-43ec56d2b182@group-5C65DE8FC2DF-SegmentedRaftLogWorker close()
2022-09-12 01:26:38,096 [ForkJoinPool.commonPool-worker-1] INFO  server.RaftServer$Division (RaftServerImpl.java:lambda$close$4(434)) - b564eb4b-6269-4962-af5b-43ec56d2b182@group-CD192C663FF1: shutdown
2022-09-12 01:26:38,096 [ForkJoinPool.commonPool-worker-1] INFO  util.JmxRegister (JmxRegister.java:unregister(73)) - Successfully un-registered JMX Bean with object name Ratis:service=RaftServer,group=group-CD192C663FF1,id=b564eb4b-6269-4962-af5b-43ec56d2b182
2022-09-12 01:26:38,096 [ForkJoinPool.commonPool-worker-1] INFO  impl.RoleInfo (RoleInfo.java:shutdownFollowerState(110)) - b564eb4b-6269-4962-af5b-43ec56d2b182: shutdown b564eb4b-6269-4962-af5b-43ec56d2b182@group-CD192C663FF1-FollowerState
2022-09-12 01:26:38,096 [ForkJoinPool.commonPool-worker-1] INFO  impl.StateMachineUpdater (StateMachineUpdater.java:stopAndJoin(153)) - b564eb4b-6269-4962-af5b-43ec56d2b182@group-CD192C663FF1-StateMachineUpdater: set stopIndex = -1
2022-09-12 01:26:38,096 [ForkJoinPool.commonPool-worker-1] INFO  server.RaftServer$Division (ServerState.java:close(429)) - b564eb4b-6269-4962-af5b-43ec56d2b182@group-CD192C663FF1: closes. applyIndex: -1
2022-09-12 01:26:38,096 [Listener at 127.0.0.1/34977] INFO  server.RaftServer$Division (ServerState.java:close(429)) - d5da11d1-5249-48d1-b60b-926c81588dea@group-5C65DE8FC2DF: closes. applyIndex: 0
2022-09-12 01:26:38,096 [b564eb4b-6269-4962-af5b-43ec56d2b182@group-CD192C663FF1-FollowerState] INFO  impl.FollowerState (FollowerState.java:run(152)) - b564eb4b-6269-4962-af5b-43ec56d2b182@group-CD192C663FF1-FollowerState was interrupted
2022-09-12 01:26:38,096 [d5da11d1-5249-48d1-b60b-926c81588dea@group-5C65DE8FC2DF-SegmentedRaftLogWorker] INFO  segmented.SegmentedRaftLogWorker (SegmentedRaftLogWorker.java:run(336)) - d5da11d1-5249-48d1-b60b-926c81588dea@group-5C65DE8FC2DF-SegmentedRaftLogWorker was interrupted, exiting. There are 0 tasks remaining in the queue.
2022-09-12 01:26:38,096 [b564eb4b-6269-4962-af5b-43ec56d2b182@group-CD192C663FF1-SegmentedRaftLogWorker] INFO  segmented.SegmentedRaftLogWorker (SegmentedRaftLogWorker.java:run(336)) - b564eb4b-6269-4962-af5b-43ec56d2b182@group-CD192C663FF1-SegmentedRaftLogWorker was interrupted, exiting. There are 0 tasks remaining in the queue.
2022-09-12 01:26:38,096 [ForkJoinPool.commonPool-worker-1] INFO  segmented.SegmentedRaftLogWorker (SegmentedRaftLogWorker.java:close(246)) - b564eb4b-6269-4962-af5b-43ec56d2b182@group-CD192C663FF1-SegmentedRaftLogWorker close()
2022-09-12 01:26:38,097 [Listener at 127.0.0.1/34977] INFO  segmented.SegmentedRaftLogWorker (SegmentedRaftLogWorker.java:close(246)) - d5da11d1-5249-48d1-b60b-926c81588dea@group-5C65DE8FC2DF-SegmentedRaftLogWorker close()
2022-09-12 01:26:38,097 [ForkJoinPool.commonPool-worker-1] INFO  server.RaftServer$Division (RaftServerImpl.java:lambda$close$4(434)) - b564eb4b-6269-4962-af5b-43ec56d2b182@group-9715620C97D4: shutdown
2022-09-12 01:26:38,098 [ForkJoinPool.commonPool-worker-1] INFO  util.JmxRegister (JmxRegister.java:unregister(73)) - Successfully un-registered JMX Bean with object name Ratis:service=RaftServer,group=group-9715620C97D4,id=b564eb4b-6269-4962-af5b-43ec56d2b182
2022-09-12 01:26:38,098 [ForkJoinPool.commonPool-worker-1] INFO  impl.RoleInfo (RoleInfo.java:shutdownLeaderState(93)) - b564eb4b-6269-4962-af5b-43ec56d2b182: shutdown b564eb4b-6269-4962-af5b-43ec56d2b182@group-9715620C97D4-LeaderStateImpl
2022-09-12 01:26:38,098 [ForkJoinPool.commonPool-worker-1] INFO  impl.PendingRequests (PendingRequests.java:sendNotLeaderResponses(282)) - b564eb4b-6269-4962-af5b-43ec56d2b182@group-9715620C97D4-PendingRequests: sendNotLeaderResponses
2022-09-12 01:26:38,109 [ForkJoinPool.commonPool-worker-1] INFO  impl.StateMachineUpdater (StateMachineUpdater.java:stopAndJoin(153)) - b564eb4b-6269-4962-af5b-43ec56d2b182@group-9715620C97D4-StateMachineUpdater: set stopIndex = 6
2022-09-12 01:26:38,109 [b564eb4b-6269-4962-af5b-43ec56d2b182@group-9715620C97D4-StateMachineUpdater] INFO  ratis.ContainerStateMachine (ContainerStateMachine.java:takeSnapshot(304)) - group-9715620C97D4: Taking a snapshot at:(t:1, i:6) file /home/runner/work/ozone/ozone/hadoop-ozone/integration-test/target/test-dir/MiniOzoneClusterImpl-a920e810-7507-4246-9d07-cfa876092e00/datanode-0/data/ratis/43d14360-c7f8-47e9-8300-9715620c97d4/sm/snapshot.1_6
2022-09-12 01:26:38,110 [Listener at 127.0.0.1/34977] INFO  server.RaftServer$Division (RaftServerImpl.java:lambda$close$4(434)) - d5da11d1-5249-48d1-b60b-926c81588dea@group-CD192C663FF1: shutdown
2022-09-12 01:26:38,111 [Listener at 127.0.0.1/34977] INFO  util.JmxRegister (JmxRegister.java:unregister(73)) - Successfully un-registered JMX Bean with object name Ratis:service=RaftServer,group=group-CD192C663FF1,id=d5da11d1-5249-48d1-b60b-926c81588dea
2022-09-12 01:26:38,111 [Listener at 127.0.0.1/34977] INFO  impl.RoleInfo (RoleInfo.java:shutdownFollowerState(110)) - d5da11d1-5249-48d1-b60b-926c81588dea: shutdown d5da11d1-5249-48d1-b60b-926c81588dea@group-CD192C663FF1-FollowerState
2022-09-12 01:26:38,111 [Listener at 127.0.0.1/34977] INFO  impl.StateMachineUpdater (StateMachineUpdater.java:stopAndJoin(153)) - d5da11d1-5249-48d1-b60b-926c81588dea@group-CD192C663FF1-StateMachineUpdater: set stopIndex = -1
2022-09-12 01:26:38,111 [Listener at 127.0.0.1/34977] INFO  server.RaftServer$Division (ServerState.java:close(429)) - d5da11d1-5249-48d1-b60b-926c81588dea@group-CD192C663FF1: closes. applyIndex: -1
2022-09-12 01:26:38,111 [d5da11d1-5249-48d1-b60b-926c81588dea@group-CD192C663FF1-FollowerState] INFO  impl.FollowerState (FollowerState.java:run(152)) - d5da11d1-5249-48d1-b60b-926c81588dea@group-CD192C663FF1-FollowerState was interrupted
2022-09-12 01:26:38,111 [b564eb4b-6269-4962-af5b-43ec56d2b182@group-9715620C97D4-StateMachineUpdater] INFO  ratis.ContainerStateMachine (ContainerStateMachine.java:takeSnapshot(315)) - group-9715620C97D4: Finished taking a snapshot at:(t:1, i:6) file:/home/runner/work/ozone/ozone/hadoop-ozone/integration-test/target/test-dir/MiniOzoneClusterImpl-a920e810-7507-4246-9d07-cfa876092e00/datanode-0/data/ratis/43d14360-c7f8-47e9-8300-9715620c97d4/sm/snapshot.1_6 took: 1 ms
2022-09-12 01:26:38,111 [d5da11d1-5249-48d1-b60b-926c81588dea@group-CD192C663FF1-SegmentedRaftLogWorker] INFO  segmented.SegmentedRaftLogWorker (SegmentedRaftLogWorker.java:run(336)) - d5da11d1-5249-48d1-b60b-926c81588dea@group-CD192C663FF1-SegmentedRaftLogWorker was interrupted, exiting. There are 0 tasks remaining in the queue.
2022-09-12 01:26:38,111 [b564eb4b-6269-4962-af5b-43ec56d2b182@group-9715620C97D4-StateMachineUpdater] INFO  impl.StateMachineUpdater (StateMachineUpdater.java:takeSnapshot(287)) - b564eb4b-6269-4962-af5b-43ec56d2b182@group-9715620C97D4-StateMachineUpdater: Took a snapshot at index 6
2022-09-12 01:26:38,111 [b564eb4b-6269-4962-af5b-43ec56d2b182@group-9715620C97D4-StateMachineUpdater] INFO  impl.StateMachineUpdater (StateMachineUpdater.java:lambda$new$0(92)) - b564eb4b-6269-4962-af5b-43ec56d2b182@group-9715620C97D4-StateMachineUpdater: snapshotIndex: updateIncreasingly -1 -> 6
2022-09-12 01:26:38,112 [ForkJoinPool.commonPool-worker-1] INFO  server.RaftServer$Division (ServerState.java:close(429)) - b564eb4b-6269-4962-af5b-43ec56d2b182@group-9715620C97D4: closes. applyIndex: 6
2022-09-12 01:26:38,112 [b564eb4b-6269-4962-af5b-43ec56d2b182@group-9715620C97D4-SegmentedRaftLogWorker] INFO  segmented.SegmentedRaftLogWorker (SegmentedRaftLogWorker.java:run(336)) - b564eb4b-6269-4962-af5b-43ec56d2b182@group-9715620C97D4-SegmentedRaftLogWorker was interrupted, exiting. There are 0 tasks remaining in the queue.
2022-09-12 01:26:38,112 [Listener at 127.0.0.1/34977] INFO  segmented.SegmentedRaftLogWorker (SegmentedRaftLogWorker.java:close(246)) - d5da11d1-5249-48d1-b60b-926c81588dea@group-CD192C663FF1-SegmentedRaftLogWorker close()
2022-09-12 01:26:38,117 [ForkJoinPool.commonPool-worker-1] INFO  segmented.SegmentedRaftLogWorker (SegmentedRaftLogWorker.java:close(246)) - b564eb4b-6269-4962-af5b-43ec56d2b182@group-9715620C97D4-SegmentedRaftLogWorker close()
2022-09-12 01:26:38,145 [Listener at 127.0.0.1/34977] INFO  server.RaftServer$Division (RaftServerImpl.java:lambda$close$4(434)) - d5da11d1-5249-48d1-b60b-926c81588dea@group-7B365AF7EB0C: shutdown
2022-09-12 01:26:38,145 [Listener at 127.0.0.1/34977] INFO  util.JmxRegister (JmxRegister.java:unregister(73)) - Successfully un-registered JMX Bean with object name Ratis:service=RaftServer,group=group-7B365AF7EB0C,id=d5da11d1-5249-48d1-b60b-926c81588dea
2022-09-12 01:26:38,145 [Listener at 127.0.0.1/34977] INFO  impl.RoleInfo (RoleInfo.java:shutdownLeaderState(93)) - d5da11d1-5249-48d1-b60b-926c81588dea: shutdown d5da11d1-5249-48d1-b60b-926c81588dea@group-7B365AF7EB0C-LeaderStateImpl
2022-09-12 01:26:38,146 [Listener at 127.0.0.1/34977] INFO  impl.PendingRequests (PendingRequests.java:sendNotLeaderResponses(282)) - d5da11d1-5249-48d1-b60b-926c81588dea@group-7B365AF7EB0C-PendingRequests: sendNotLeaderResponses
2022-09-12 01:26:38,147 [Listener at 127.0.0.1/34977] INFO  impl.StateMachineUpdater (StateMachineUpdater.java:stopAndJoin(153)) - d5da11d1-5249-48d1-b60b-926c81588dea@group-7B365AF7EB0C-StateMachineUpdater: set stopIndex = 0
2022-09-12 01:26:38,147 [d5da11d1-5249-48d1-b60b-926c81588dea@group-7B365AF7EB0C-StateMachineUpdater] INFO  ratis.ContainerStateMachine (ContainerStateMachine.java:takeSnapshot(304)) - group-7B365AF7EB0C: Taking a snapshot at:(t:1, i:0) file /home/runner/work/ozone/ozone/hadoop-ozone/integration-test/target/test-dir/MiniOzoneClusterImpl-a920e810-7507-4246-9d07-cfa876092e00/datanode-1/data/ratis/2f775fc7-0393-4e38-b77c-7b365af7eb0c/sm/snapshot.1_0
2022-09-12 01:26:38,147 [d5da11d1-5249-48d1-b60b-926c81588dea@group-7B365AF7EB0C-StateMachineUpdater] INFO  ratis.ContainerStateMachine (ContainerStateMachine.java:takeSnapshot(315)) - group-7B365AF7EB0C: Finished taking a snapshot at:(t:1, i:0) file:/home/runner/work/ozone/ozone/hadoop-ozone/integration-test/target/test-dir/MiniOzoneClusterImpl-a920e810-7507-4246-9d07-cfa876092e00/datanode-1/data/ratis/2f775fc7-0393-4e38-b77c-7b365af7eb0c/sm/snapshot.1_0 took: 0 ms
2022-09-12 01:26:38,147 [d5da11d1-5249-48d1-b60b-926c81588dea@group-7B365AF7EB0C-StateMachineUpdater] INFO  impl.StateMachineUpdater (StateMachineUpdater.java:takeSnapshot(287)) - d5da11d1-5249-48d1-b60b-926c81588dea@group-7B365AF7EB0C-StateMachineUpdater: Took a snapshot at index 0
2022-09-12 01:26:38,147 [d5da11d1-5249-48d1-b60b-926c81588dea@group-7B365AF7EB0C-StateMachineUpdater] INFO  impl.StateMachineUpdater (StateMachineUpdater.java:lambda$new$0(92)) - d5da11d1-5249-48d1-b60b-926c81588dea@group-7B365AF7EB0C-StateMachineUpdater: snapshotIndex: updateIncreasingly -1 -> 0
2022-09-12 01:26:38,152 [ForkJoinPool.commonPool-worker-1] INFO  server.GrpcService (GrpcService.java:closeImpl(269)) - b564eb4b-6269-4962-af5b-43ec56d2b182: shutdown server with port 35021 now
2022-09-12 01:26:38,156 [EndpointStateMachine task thread for /127.0.0.1:36745 - 0 ] INFO  ipc.Client (Client.java:handleConnectionFailure(977)) - Retrying connect to server: localhost/127.0.0.1:36745. Already tried 4 time(s); retry policy is RetryUpToMaximumCountWithFixedSleep(maxRetries=15, sleepTime=1000 MILLISECONDS)
2022-09-12 01:26:38,157 [Listener at 127.0.0.1/34977] INFO  server.RaftServer$Division (ServerState.java:close(429)) - d5da11d1-5249-48d1-b60b-926c81588dea@group-7B365AF7EB0C: closes. applyIndex: 0
2022-09-12 01:26:38,157 [d5da11d1-5249-48d1-b60b-926c81588dea@group-7B365AF7EB0C-SegmentedRaftLogWorker] INFO  segmented.SegmentedRaftLogWorker (SegmentedRaftLogWorker.java:run(336)) - d5da11d1-5249-48d1-b60b-926c81588dea@group-7B365AF7EB0C-SegmentedRaftLogWorker was interrupted, exiting. There are 0 tasks remaining in the queue.
2022-09-12 01:26:38,172 [Listener at 127.0.0.1/34977] INFO  segmented.SegmentedRaftLogWorker (SegmentedRaftLogWorker.java:close(246)) - d5da11d1-5249-48d1-b60b-926c81588dea@group-7B365AF7EB0C-SegmentedRaftLogWorker close()
2022-09-12 01:26:38,173 [Listener at 127.0.0.1/34977] INFO  server.GrpcService (GrpcService.java:closeImpl(269)) - d5da11d1-5249-48d1-b60b-926c81588dea: shutdown server with port 42835 now
2022-09-12 01:26:38,176 [EndpointStateMachine task thread for /127.0.0.1:46755 - 0 ] INFO  ipc.Client (Client.java:handleConnectionFailure(977)) - Retrying connect to server: localhost/127.0.0.1:46755. Already tried 2 time(s); retry policy is RetryUpToMaximumCountWithFixedSleep(maxRetries=15, sleepTime=1000 MILLISECONDS)
2022-09-12 01:26:38,189 [Listener at 127.0.0.1/34977] INFO  server.GrpcService (GrpcService.java:closeImpl(278)) - d5da11d1-5249-48d1-b60b-926c81588dea: shutdown server with port 42835 successfully
2022-09-12 01:26:38,189 [org.apache.ratis.util.JvmPauseMonitor$$Lambda$605/1445225850@728ffd3f] INFO  util.JvmPauseMonitor (JvmPauseMonitor.java:run(109)) - JvmPauseMonitor-d5da11d1-5249-48d1-b60b-926c81588dea: Stopped
2022-09-12 01:26:38,237 [ForkJoinPool.commonPool-worker-1] INFO  server.GrpcService (GrpcService.java:closeImpl(278)) - b564eb4b-6269-4962-af5b-43ec56d2b182: shutdown server with port 35021 successfully
2022-09-12 01:26:38,240 [org.apache.ratis.util.JvmPauseMonitor$$Lambda$605/1445225850@4065aa8f] INFO  util.JvmPauseMonitor (JvmPauseMonitor.java:run(109)) - JvmPauseMonitor-b564eb4b-6269-4962-af5b-43ec56d2b182: Stopped
2022-09-12 01:26:39,157 [EndpointStateMachine task thread for /127.0.0.1:36745 - 0 ] INFO  ipc.Client (Client.java:handleConnectionFailure(977)) - Retrying connect to server: localhost/127.0.0.1:36745. Already tried 5 time(s); retry policy is RetryUpToMaximumCountWithFixedSleep(maxRetries=15, sleepTime=1000 MILLISECONDS)
2022-09-12 01:26:39,177 [EndpointStateMachine task thread for /127.0.0.1:46755 - 0 ] INFO  ipc.Client (Client.java:handleConnectionFailure(977)) - Retrying connect to server: localhost/127.0.0.1:46755. Already tried 3 time(s); retry policy is RetryUpToMaximumCountWithFixedSleep(maxRetries=15, sleepTime=1000 MILLISECONDS)
2022-09-12 01:26:40,157 [EndpointStateMachine task thread for /127.0.0.1:36745 - 0 ] INFO  ipc.Client (Client.java:handleConnectionFailure(977)) - Retrying connect to server: localhost/127.0.0.1:36745. Already tried 6 time(s); retry policy is RetryUpToMaximumCountWithFixedSleep(maxRetries=15, sleepTime=1000 MILLISECONDS)
2022-09-12 01:26:40,177 [EndpointStateMachine task thread for /127.0.0.1:46755 - 0 ] INFO  ipc.Client (Client.java:handleConnectionFailure(977)) - Retrying connect to server: localhost/127.0.0.1:46755. Already tried 4 time(s); retry policy is RetryUpToMaximumCountWithFixedSleep(maxRetries=15, sleepTime=1000 MILLISECONDS)
2022-09-12 01:26:40,232 [Listener at 127.0.0.1/34977] INFO  utils.BackgroundService (BackgroundService.java:shutdown(141)) - Shutting down service BlockDeletingService
2022-09-12 01:26:40,236 [Listener at 127.0.0.1/34977] INFO  utils.BackgroundService (BackgroundService.java:shutdown(141)) - Shutting down service StaleRecoveringContainerScrubbingService
2022-09-12 01:26:40,277 [ForkJoinPool.commonPool-worker-1] INFO  utils.BackgroundService (BackgroundService.java:shutdown(141)) - Shutting down service BlockDeletingService
2022-09-12 01:26:40,277 [ForkJoinPool.commonPool-worker-1] INFO  utils.BackgroundService (BackgroundService.java:shutdown(141)) - Shutting down service StaleRecoveringContainerScrubbingService
2022-09-12 01:26:41,158 [EndpointStateMachine task thread for /127.0.0.1:36745 - 0 ] INFO  ipc.Client (Client.java:handleConnectionFailure(977)) - Retrying connect to server: localhost/127.0.0.1:36745. Already tried 7 time(s); retry policy is RetryUpToMaximumCountWithFixedSleep(maxRetries=15, sleepTime=1000 MILLISECONDS)
2022-09-12 01:26:41,178 [EndpointStateMachine task thread for /127.0.0.1:46755 - 0 ] INFO  ipc.Client (Client.java:handleConnectionFailure(977)) - Retrying connect to server: localhost/127.0.0.1:46755. Already tried 5 time(s); retry policy is RetryUpToMaximumCountWithFixedSleep(maxRetries=15, sleepTime=1000 MILLISECONDS)
2022-09-12 01:26:42,159 [EndpointStateMachine task thread for /127.0.0.1:36745 - 0 ] INFO  ipc.Client (Client.java:handleConnectionFailure(977)) - Retrying connect to server: localhost/127.0.0.1:36745. Already tried 8 time(s); retry policy is RetryUpToMaximumCountWithFixedSleep(maxRetries=15, sleepTime=1000 MILLISECONDS)
2022-09-12 01:26:42,178 [EndpointStateMachine task thread for /127.0.0.1:46755 - 0 ] INFO  ipc.Client (Client.java:handleConnectionFailure(977)) - Retrying connect to server: localhost/127.0.0.1:46755. Already tried 6 time(s); retry policy is RetryUpToMaximumCountWithFixedSleep(maxRetries=15, sleepTime=1000 MILLISECONDS)
2022-09-12 01:26:43,159 [EndpointStateMachine task thread for /127.0.0.1:36745 - 0 ] INFO  ipc.Client (Client.java:handleConnectionFailure(977)) - Retrying connect to server: localhost/127.0.0.1:36745. Already tried 9 time(s); retry policy is RetryUpToMaximumCountWithFixedSleep(maxRetries=15, sleepTime=1000 MILLISECONDS)
2022-09-12 01:26:43,180 [EndpointStateMachine task thread for /127.0.0.1:46755 - 0 ] INFO  ipc.Client (Client.java:handleConnectionFailure(977)) - Retrying connect to server: localhost/127.0.0.1:46755. Already tried 7 time(s); retry policy is RetryUpToMaximumCountWithFixedSleep(maxRetries=15, sleepTime=1000 MILLISECONDS)
2022-09-12 01:26:43,241 [Listener at 127.0.0.1/34977] INFO  statemachine.DatanodeStateMachine (DatanodeStateMachine.java:stopDaemon(580)) - Ozone container server stopped.
2022-09-12 01:26:43,248 [Listener at 127.0.0.1/34977] INFO  handler.ContextHandler (ContextHandler.java:doStop(1153)) - Stopped o.e.j.w.WebAppContext@24fe2032{hddsDatanode,/,null,STOPPED}{jar:file:/home/runner/.m2/repository/org/apache/ozone/hdds-container-service/1.3.0-SNAPSHOT/hdds-container-service-1.3.0-SNAPSHOT.jar!/webapps/hddsDatanode}
2022-09-12 01:26:43,261 [Listener at 127.0.0.1/34977] INFO  server.AbstractConnector (AbstractConnector.java:doStop(381)) - Stopped ServerConnector@3eedbc30{HTTP/1.1, (http/1.1)}{0.0.0.0:0}
2022-09-12 01:26:43,261 [Listener at 127.0.0.1/34977] INFO  server.session (HouseKeeper.java:stopScavenging(149)) - node0 Stopped scavenging
2022-09-12 01:26:43,261 [Listener at 127.0.0.1/34977] INFO  handler.ContextHandler (ContextHandler.java:doStop(1153)) - Stopped o.e.j.s.ServletContextHandler@3898ee5b{static,/static,jar:file:/home/runner/.m2/repository/org/apache/ozone/hdds-container-service/1.3.0-SNAPSHOT/hdds-container-service-1.3.0-SNAPSHOT.jar!/webapps/static,STOPPED}
2022-09-12 01:26:43,268 [Listener at 127.0.0.1/34977] INFO  handler.ContextHandler (ContextHandler.java:doStop(1153)) - Stopped o.e.j.s.ServletContextHandler@2eecd312{logs,/logs,file:///home/runner/work/ozone/ozone/hadoop-ozone/integration-test/target/log,STOPPED}
2022-09-12 01:26:43,278 [ForkJoinPool.commonPool-worker-1] INFO  statemachine.DatanodeStateMachine (DatanodeStateMachine.java:stopDaemon(580)) - Ozone container server stopped.
2022-09-12 01:26:43,301 [ForkJoinPool.commonPool-worker-1] INFO  handler.ContextHandler (ContextHandler.java:doStop(1153)) - Stopped o.e.j.w.WebAppContext@2207b69c{hddsDatanode,/,null,STOPPED}{jar:file:/home/runner/.m2/repository/org/apache/ozone/hdds-container-service/1.3.0-SNAPSHOT/hdds-container-service-1.3.0-SNAPSHOT.jar!/webapps/hddsDatanode}
2022-09-12 01:26:43,304 [ForkJoinPool.commonPool-worker-1] INFO  server.AbstractConnector (AbstractConnector.java:doStop(381)) - Stopped ServerConnector@7e61ac31{HTTP/1.1, (http/1.1)}{0.0.0.0:0}
2022-09-12 01:26:43,304 [ForkJoinPool.commonPool-worker-1] INFO  server.session (HouseKeeper.java:stopScavenging(149)) - node0 Stopped scavenging
2022-09-12 01:26:43,309 [ForkJoinPool.commonPool-worker-1] INFO  handler.ContextHandler (ContextHandler.java:doStop(1153)) - Stopped o.e.j.s.ServletContextHandler@6f30a9c0{static,/static,jar:file:/home/runner/.m2/repository/org/apache/ozone/hdds-container-service/1.3.0-SNAPSHOT/hdds-container-service-1.3.0-SNAPSHOT.jar!/webapps/static,STOPPED}
2022-09-12 01:26:43,315 [ForkJoinPool.commonPool-worker-1] INFO  handler.ContextHandler (ContextHandler.java:doStop(1153)) - Stopped o.e.j.s.ServletContextHandler@51c60fe2{logs,/logs,file:///home/runner/work/ozone/ozone/hadoop-ozone/integration-test/target/log,STOPPED}
2022-09-12 01:26:44,160 [EndpointStateMachine task thread for /127.0.0.1:36745 - 0 ] INFO  ipc.Client (Client.java:handleConnectionFailure(977)) - Retrying connect to server: localhost/127.0.0.1:36745. Already tried 10 time(s); retry policy is RetryUpToMaximumCountWithFixedSleep(maxRetries=15, sleepTime=1000 MILLISECONDS)
2022-09-12 01:26:44,180 [Datanode State Machine Daemon Thread] WARN  statemachine.StateContext (StateContext.java:setState(252)) - Ignore disallowed transition from SHUTDOWN to RUNNING
2022-09-12 01:26:44,181 [EndpointStateMachine task thread for /127.0.0.1:46755 - 0 ] INFO  ipc.Client (Client.java:handleConnectionFailure(977)) - Retrying connect to server: localhost/127.0.0.1:46755. Already tried 8 time(s); retry policy is RetryUpToMaximumCountWithFixedSleep(maxRetries=15, sleepTime=1000 MILLISECONDS)
2022-09-12 01:26:45,160 [EndpointStateMachine task thread for /127.0.0.1:36745 - 0 ] INFO  ipc.Client (Client.java:handleConnectionFailure(977)) - Retrying connect to server: localhost/127.0.0.1:36745. Already tried 11 time(s); retry policy is RetryUpToMaximumCountWithFixedSleep(maxRetries=15, sleepTime=1000 MILLISECONDS)
2022-09-12 01:26:45,181 [EndpointStateMachine task thread for /127.0.0.1:46755 - 0 ] INFO  ipc.Client (Client.java:handleConnectionFailure(977)) - Retrying connect to server: localhost/127.0.0.1:46755. Already tried 9 time(s); retry policy is RetryUpToMaximumCountWithFixedSleep(maxRetries=15, sleepTime=1000 MILLISECONDS)
2022-09-12 01:26:45,629 [f7e5ee2c-7b8e-406b-8d8c-d8786c0ad6b9@group-5C65DE8FC2DF-FollowerState] INFO  impl.FollowerState (FollowerState.java:run(143)) - f7e5ee2c-7b8e-406b-8d8c-d8786c0ad6b9@group-5C65DE8FC2DF-FollowerState: change to CANDIDATE, lastRpcElapsedTime:7544832291ns, electionTimeout:5156ms
2022-09-12 01:26:45,629 [f7e5ee2c-7b8e-406b-8d8c-d8786c0ad6b9@group-5C65DE8FC2DF-FollowerState] INFO  impl.RoleInfo (RoleInfo.java:shutdownFollowerState(110)) - f7e5ee2c-7b8e-406b-8d8c-d8786c0ad6b9: shutdown f7e5ee2c-7b8e-406b-8d8c-d8786c0ad6b9@group-5C65DE8FC2DF-FollowerState
2022-09-12 01:26:45,629 [f7e5ee2c-7b8e-406b-8d8c-d8786c0ad6b9@group-5C65DE8FC2DF-FollowerState] INFO  server.RaftServer$Division (RaftServerImpl.java:setRole(299)) - f7e5ee2c-7b8e-406b-8d8c-d8786c0ad6b9@group-5C65DE8FC2DF: changes role from  FOLLOWER to CANDIDATE at term 1 for changeToCandidate
2022-09-12 01:26:45,630 [f7e5ee2c-7b8e-406b-8d8c-d8786c0ad6b9@group-5C65DE8FC2DF-FollowerState] INFO  server.RaftServerConfigKeys (ConfUtils.java:logGet(46)) - raft.server.leaderelection.pre-vote = false (custom)
2022-09-12 01:26:45,630 [f7e5ee2c-7b8e-406b-8d8c-d8786c0ad6b9@group-5C65DE8FC2DF-FollowerState] INFO  impl.RoleInfo (RoleInfo.java:updateAndGet(139)) - f7e5ee2c-7b8e-406b-8d8c-d8786c0ad6b9: start f7e5ee2c-7b8e-406b-8d8c-d8786c0ad6b9@group-5C65DE8FC2DF-LeaderElection71
2022-09-12 01:26:45,660 [f7e5ee2c-7b8e-406b-8d8c-d8786c0ad6b9@group-5C65DE8FC2DF-LeaderElection71] INFO  server.RaftServer$Division (ServerState.java:setLeader(287)) - f7e5ee2c-7b8e-406b-8d8c-d8786c0ad6b9@group-5C65DE8FC2DF: change Leader from b564eb4b-6269-4962-af5b-43ec56d2b182 to null at term 1 for ELECTION
2022-09-12 01:26:45,664 [f7e5ee2c-7b8e-406b-8d8c-d8786c0ad6b9@group-5C65DE8FC2DF-LeaderElection71] INFO  impl.LeaderElection (LeaderElection.java:askForVotes(310)) - f7e5ee2c-7b8e-406b-8d8c-d8786c0ad6b9@group-5C65DE8FC2DF-LeaderElection71 ELECTION round 0: submit vote requests at term 2 for 0: [b564eb4b-6269-4962-af5b-43ec56d2b182|rpc:127.0.0.1:35021|dataStream:|priority:1, f7e5ee2c-7b8e-406b-8d8c-d8786c0ad6b9|rpc:127.0.0.1:39655|dataStream:|priority:0, d5da11d1-5249-48d1-b60b-926c81588dea|rpc:127.0.0.1:42835|dataStream:|priority:0], old=null
2022-09-12 01:26:45,673 [f7e5ee2c-7b8e-406b-8d8c-d8786c0ad6b9@group-5C65DE8FC2DF-LeaderElection71] INFO  impl.LeaderElection (LogUtils.java:infoOrTrace(137)) - f7e5ee2c-7b8e-406b-8d8c-d8786c0ad6b9@group-5C65DE8FC2DF-LeaderElection71 got exception when requesting votes: java.util.concurrent.ExecutionException: org.apache.ratis.thirdparty.io.grpc.StatusRuntimeException: UNAVAILABLE: io exception
2022-09-12 01:26:45,677 [f7e5ee2c-7b8e-406b-8d8c-d8786c0ad6b9@group-5C65DE8FC2DF-LeaderElection71] INFO  impl.LeaderElection (LogUtils.java:infoOrTrace(137)) - f7e5ee2c-7b8e-406b-8d8c-d8786c0ad6b9@group-5C65DE8FC2DF-LeaderElection71 got exception when requesting votes: java.util.concurrent.ExecutionException: org.apache.ratis.thirdparty.io.grpc.StatusRuntimeException: UNAVAILABLE: io exception
2022-09-12 01:26:45,677 [f7e5ee2c-7b8e-406b-8d8c-d8786c0ad6b9@group-5C65DE8FC2DF-LeaderElection71] INFO  impl.LeaderElection (LeaderElection.java:logAndReturn(90)) - f7e5ee2c-7b8e-406b-8d8c-d8786c0ad6b9@group-5C65DE8FC2DF-LeaderElection71: ELECTION REJECTED received 0 response(s) and 2 exception(s):
2022-09-12 01:26:45,677 [f7e5ee2c-7b8e-406b-8d8c-d8786c0ad6b9@group-5C65DE8FC2DF-LeaderElection71] INFO  impl.LeaderElection (LogUtils.java:infoOrTrace(137)) -   Exception 0: java.util.concurrent.ExecutionException: org.apache.ratis.thirdparty.io.grpc.StatusRuntimeException: UNAVAILABLE: io exception
2022-09-12 01:26:45,677 [f7e5ee2c-7b8e-406b-8d8c-d8786c0ad6b9@group-5C65DE8FC2DF-LeaderElection71] INFO  impl.LeaderElection (LogUtils.java:infoOrTrace(137)) -   Exception 1: java.util.concurrent.ExecutionException: org.apache.ratis.thirdparty.io.grpc.StatusRuntimeException: UNAVAILABLE: io exception
2022-09-12 01:26:45,677 [f7e5ee2c-7b8e-406b-8d8c-d8786c0ad6b9@group-5C65DE8FC2DF-LeaderElection71] INFO  impl.LeaderElection (LeaderElection.java:askForVotes(312)) - f7e5ee2c-7b8e-406b-8d8c-d8786c0ad6b9@group-5C65DE8FC2DF-LeaderElection71 ELECTION round 0: result REJECTED
2022-09-12 01:26:45,677 [f7e5ee2c-7b8e-406b-8d8c-d8786c0ad6b9@group-5C65DE8FC2DF-LeaderElection71] INFO  server.RaftServer$Division (RaftServerImpl.java:setRole(299)) - f7e5ee2c-7b8e-406b-8d8c-d8786c0ad6b9@group-5C65DE8FC2DF: changes role from CANDIDATE to FOLLOWER at term 2 for REJECTED
2022-09-12 01:26:45,677 [f7e5ee2c-7b8e-406b-8d8c-d8786c0ad6b9@group-5C65DE8FC2DF-LeaderElection71] INFO  impl.RoleInfo (RoleInfo.java:shutdownLeaderElection(130)) - f7e5ee2c-7b8e-406b-8d8c-d8786c0ad6b9: shutdown f7e5ee2c-7b8e-406b-8d8c-d8786c0ad6b9@group-5C65DE8FC2DF-LeaderElection71
2022-09-12 01:26:45,677 [f7e5ee2c-7b8e-406b-8d8c-d8786c0ad6b9@group-5C65DE8FC2DF-LeaderElection71] INFO  impl.RoleInfo (RoleInfo.java:updateAndGet(139)) - f7e5ee2c-7b8e-406b-8d8c-d8786c0ad6b9: start f7e5ee2c-7b8e-406b-8d8c-d8786c0ad6b9@group-5C65DE8FC2DF-FollowerState
2022-09-12 01:26:45,856 [f7e5ee2c-7b8e-406b-8d8c-d8786c0ad6b9@group-CD192C663FF1-FollowerState] INFO  impl.FollowerState (FollowerState.java:run(143)) - f7e5ee2c-7b8e-406b-8d8c-d8786c0ad6b9@group-CD192C663FF1-FollowerState: change to CANDIDATE, lastRpcElapsedTime:10072107937ns, electionTimeout:5001ms
2022-09-12 01:26:45,857 [f7e5ee2c-7b8e-406b-8d8c-d8786c0ad6b9@group-CD192C663FF1-FollowerState] INFO  impl.RoleInfo (RoleInfo.java:shutdownFollowerState(110)) - f7e5ee2c-7b8e-406b-8d8c-d8786c0ad6b9: shutdown f7e5ee2c-7b8e-406b-8d8c-d8786c0ad6b9@group-CD192C663FF1-FollowerState
2022-09-12 01:26:45,857 [f7e5ee2c-7b8e-406b-8d8c-d8786c0ad6b9@group-CD192C663FF1-FollowerState] INFO  server.RaftServer$Division (RaftServerImpl.java:setRole(299)) - f7e5ee2c-7b8e-406b-8d8c-d8786c0ad6b9@group-CD192C663FF1: changes role from  FOLLOWER to CANDIDATE at term 2 for changeToCandidate
2022-09-12 01:26:45,857 [f7e5ee2c-7b8e-406b-8d8c-d8786c0ad6b9@group-CD192C663FF1-FollowerState] INFO  server.RaftServerConfigKeys (ConfUtils.java:logGet(46)) - raft.server.leaderelection.pre-vote = false (custom)
2022-09-12 01:26:45,857 [f7e5ee2c-7b8e-406b-8d8c-d8786c0ad6b9@group-CD192C663FF1-FollowerState] INFO  impl.RoleInfo (RoleInfo.java:updateAndGet(139)) - f7e5ee2c-7b8e-406b-8d8c-d8786c0ad6b9: start f7e5ee2c-7b8e-406b-8d8c-d8786c0ad6b9@group-CD192C663FF1-LeaderElection72
2022-09-12 01:26:45,893 [f7e5ee2c-7b8e-406b-8d8c-d8786c0ad6b9@group-CD192C663FF1-LeaderElection72] INFO  impl.LeaderElection (LeaderElection.java:askForVotes(310)) - f7e5ee2c-7b8e-406b-8d8c-d8786c0ad6b9@group-CD192C663FF1-LeaderElection72 ELECTION round 0: submit vote requests at term 3 for -1: [f7e5ee2c-7b8e-406b-8d8c-d8786c0ad6b9|rpc:127.0.0.1:39655|dataStream:|priority:0, b564eb4b-6269-4962-af5b-43ec56d2b182|rpc:127.0.0.1:35021|dataStream:|priority:0, d5da11d1-5249-48d1-b60b-926c81588dea|rpc:127.0.0.1:42835|dataStream:|priority:1], old=null
2022-09-12 01:26:45,924 [f7e5ee2c-7b8e-406b-8d8c-d8786c0ad6b9@group-CD192C663FF1-LeaderElection72] INFO  impl.LeaderElection (LogUtils.java:infoOrTrace(137)) - f7e5ee2c-7b8e-406b-8d8c-d8786c0ad6b9@group-CD192C663FF1-LeaderElection72 got exception when requesting votes: java.util.concurrent.ExecutionException: org.apache.ratis.thirdparty.io.grpc.StatusRuntimeException: UNAVAILABLE: io exception
2022-09-12 01:26:45,925 [f7e5ee2c-7b8e-406b-8d8c-d8786c0ad6b9@group-CD192C663FF1-LeaderElection72] INFO  impl.LeaderElection (LogUtils.java:infoOrTrace(137)) - f7e5ee2c-7b8e-406b-8d8c-d8786c0ad6b9@group-CD192C663FF1-LeaderElection72 got exception when requesting votes: java.util.concurrent.ExecutionException: org.apache.ratis.thirdparty.io.grpc.StatusRuntimeException: UNAVAILABLE: io exception
2022-09-12 01:26:45,925 [f7e5ee2c-7b8e-406b-8d8c-d8786c0ad6b9@group-CD192C663FF1-LeaderElection72] INFO  impl.LeaderElection (LeaderElection.java:logAndReturn(90)) - f7e5ee2c-7b8e-406b-8d8c-d8786c0ad6b9@group-CD192C663FF1-LeaderElection72: ELECTION REJECTED received 0 response(s) and 2 exception(s):
2022-09-12 01:26:45,925 [f7e5ee2c-7b8e-406b-8d8c-d8786c0ad6b9@group-CD192C663FF1-LeaderElection72] INFO  impl.LeaderElection (LogUtils.java:infoOrTrace(137)) -   Exception 0: java.util.concurrent.ExecutionException: org.apache.ratis.thirdparty.io.grpc.StatusRuntimeException: UNAVAILABLE: io exception
2022-09-12 01:26:45,925 [f7e5ee2c-7b8e-406b-8d8c-d8786c0ad6b9@group-CD192C663FF1-LeaderElection72] INFO  impl.LeaderElection (LogUtils.java:infoOrTrace(137)) -   Exception 1: java.util.concurrent.ExecutionException: org.apache.ratis.thirdparty.io.grpc.StatusRuntimeException: UNAVAILABLE: io exception
2022-09-12 01:26:45,925 [f7e5ee2c-7b8e-406b-8d8c-d8786c0ad6b9@group-CD192C663FF1-LeaderElection72] INFO  impl.LeaderElection (LeaderElection.java:askForVotes(312)) - f7e5ee2c-7b8e-406b-8d8c-d8786c0ad6b9@group-CD192C663FF1-LeaderElection72 ELECTION round 0: result REJECTED
2022-09-12 01:26:45,925 [f7e5ee2c-7b8e-406b-8d8c-d8786c0ad6b9@group-CD192C663FF1-LeaderElection72] INFO  server.RaftServer$Division (RaftServerImpl.java:setRole(299)) - f7e5ee2c-7b8e-406b-8d8c-d8786c0ad6b9@group-CD192C663FF1: changes role from CANDIDATE to FOLLOWER at term 3 for REJECTED
2022-09-12 01:26:45,925 [f7e5ee2c-7b8e-406b-8d8c-d8786c0ad6b9@group-CD192C663FF1-LeaderElection72] INFO  impl.RoleInfo (RoleInfo.java:shutdownLeaderElection(130)) - f7e5ee2c-7b8e-406b-8d8c-d8786c0ad6b9: shutdown f7e5ee2c-7b8e-406b-8d8c-d8786c0ad6b9@group-CD192C663FF1-LeaderElection72
2022-09-12 01:26:45,925 [f7e5ee2c-7b8e-406b-8d8c-d8786c0ad6b9@group-CD192C663FF1-LeaderElection72] INFO  impl.RoleInfo (RoleInfo.java:updateAndGet(139)) - f7e5ee2c-7b8e-406b-8d8c-d8786c0ad6b9: start f7e5ee2c-7b8e-406b-8d8c-d8786c0ad6b9@group-CD192C663FF1-FollowerState
2022-09-12 01:26:46,161 [EndpointStateMachine task thread for /127.0.0.1:36745 - 0 ] INFO  ipc.Client (Client.java:handleConnectionFailure(977)) - Retrying connect to server: localhost/127.0.0.1:36745. Already tried 12 time(s); retry policy is RetryUpToMaximumCountWithFixedSleep(maxRetries=15, sleepTime=1000 MILLISECONDS)
2022-09-12 01:26:46,181 [EndpointStateMachine task thread for /127.0.0.1:46755 - 0 ] INFO  ipc.Client (Client.java:handleConnectionFailure(977)) - Retrying connect to server: localhost/127.0.0.1:46755. Already tried 10 time(s); retry policy is RetryUpToMaximumCountWithFixedSleep(maxRetries=15, sleepTime=1000 MILLISECONDS)
2022-09-12 01:26:47,165 [EndpointStateMachine task thread for /127.0.0.1:36745 - 0 ] INFO  ipc.Client (Client.java:handleConnectionFailure(977)) - Retrying connect to server: localhost/127.0.0.1:36745. Already tried 13 time(s); retry policy is RetryUpToMaximumCountWithFixedSleep(maxRetries=15, sleepTime=1000 MILLISECONDS)
2022-09-12 01:26:47,188 [EndpointStateMachine task thread for /127.0.0.1:46755 - 0 ] INFO  ipc.Client (Client.java:handleConnectionFailure(977)) - Retrying connect to server: localhost/127.0.0.1:46755. Already tried 11 time(s); retry policy is RetryUpToMaximumCountWithFixedSleep(maxRetries=15, sleepTime=1000 MILLISECONDS)
2022-09-12 01:26:48,165 [EndpointStateMachine task thread for /127.0.0.1:36745 - 0 ] INFO  ipc.Client (Client.java:handleConnectionFailure(977)) - Retrying connect to server: localhost/127.0.0.1:36745. Already tried 14 time(s); retry policy is RetryUpToMaximumCountWithFixedSleep(maxRetries=15, sleepTime=1000 MILLISECONDS)
2022-09-12 01:26:48,166 [EndpointStateMachine task thread for /127.0.0.1:36745 - 0 ] WARN  statemachine.EndpointStateMachine (EndpointStateMachine.java:logIfNeeded(241)) - Unable to communicate to SCM server at localhost:36745 for past 0 seconds.
java.net.ConnectException: Call From fv-az167-317/10.1.0.12 to localhost:36745 failed on connection exception: java.net.ConnectException: Connection refused; For more details see:  http://wiki.apache.org/hadoop/ConnectionRefused
	at sun.reflect.GeneratedConstructorAccessor52.newInstance(Unknown Source)
	at sun.reflect.DelegatingConstructorAccessorImpl.newInstance(DelegatingConstructorAccessorImpl.java:45)
	at java.lang.reflect.Constructor.newInstance(Constructor.java:423)
	at org.apache.hadoop.net.NetUtils.wrapWithMessage(NetUtils.java:913)
	at org.apache.hadoop.net.NetUtils.wrapException(NetUtils.java:828)
	at org.apache.hadoop.ipc.Client.getRpcResponse(Client.java:1577)
	at org.apache.hadoop.ipc.Client.call(Client.java:1519)
	at org.apache.hadoop.ipc.Client.call(Client.java:1416)
	at org.apache.hadoop.ipc.ProtobufRpcEngine$Invoker.invoke(ProtobufRpcEngine.java:236)
	at org.apache.hadoop.ipc.ProtobufRpcEngine$Invoker.invoke(ProtobufRpcEngine.java:123)
	at com.sun.proxy.$Proxy52.submitRequest(Unknown Source)
	at org.apache.hadoop.ozone.protocolPB.StorageContainerDatanodeProtocolClientSideTranslatorPB.submitRequest(StorageContainerDatanodeProtocolClientSideTranslatorPB.java:117)
	at org.apache.hadoop.ozone.protocolPB.StorageContainerDatanodeProtocolClientSideTranslatorPB.sendHeartbeat(StorageContainerDatanodeProtocolClientSideTranslatorPB.java:149)
	at org.apache.hadoop.ozone.container.common.states.endpoint.HeartbeatEndpointTask.call(HeartbeatEndpointTask.java:185)
	at org.apache.hadoop.ozone.container.common.states.endpoint.HeartbeatEndpointTask.call(HeartbeatEndpointTask.java:87)
	at java.util.concurrent.FutureTask.run(FutureTask.java:266)
	at java.util.concurrent.ThreadPoolExecutor.runWorker(ThreadPoolExecutor.java:1149)
	at java.util.concurrent.ThreadPoolExecutor$Worker.run(ThreadPoolExecutor.java:624)
	at java.lang.Thread.run(Thread.java:750)
Caused by: java.net.ConnectException: Connection refused
	at sun.nio.ch.SocketChannelImpl.checkConnect(Native Method)
	at sun.nio.ch.SocketChannelImpl.finishConnect(SocketChannelImpl.java:716)
	at org.apache.hadoop.net.SocketIOWithTimeout.connect(SocketIOWithTimeout.java:206)
	at org.apache.hadoop.net.NetUtils.connect(NetUtils.java:586)
	at org.apache.hadoop.ipc.Client$Connection.setupConnection(Client.java:701)
	at org.apache.hadoop.ipc.Client$Connection.setupIOstreams(Client.java:822)
	at org.apache.hadoop.ipc.Client$Connection.access$3800(Client.java:414)
	at org.apache.hadoop.ipc.Client.getConnection(Client.java:1647)
	at org.apache.hadoop.ipc.Client.call(Client.java:1463)
	... 12 more
2022-09-12 01:26:48,189 [EndpointStateMachine task thread for /127.0.0.1:46755 - 0 ] INFO  ipc.Client (Client.java:handleConnectionFailure(977)) - Retrying connect to server: localhost/127.0.0.1:46755. Already tried 12 time(s); retry policy is RetryUpToMaximumCountWithFixedSleep(maxRetries=15, sleepTime=1000 MILLISECONDS)
2022-09-12 01:26:48,277 [Listener at 127.0.0.1/34977] INFO  ozoneimpl.OzoneContainer (OzoneContainer.java:stop(400)) - Attempting to stop container services.
2022-09-12 01:26:48,280 [Listener at 127.0.0.1/34977] INFO  server.RaftServer (RaftServerProxy.java:lambda$close$7(398)) - f7e5ee2c-7b8e-406b-8d8c-d8786c0ad6b9: close
2022-09-12 01:26:48,291 [Listener at 127.0.0.1/34977] INFO  server.RaftServer$Division (RaftServerImpl.java:lambda$close$4(434)) - f7e5ee2c-7b8e-406b-8d8c-d8786c0ad6b9@group-5C65DE8FC2DF: shutdown
2022-09-12 01:26:48,292 [Listener at 127.0.0.1/34977] INFO  util.JmxRegister (JmxRegister.java:unregister(73)) - Successfully un-registered JMX Bean with object name Ratis:service=RaftServer,group=group-5C65DE8FC2DF,id=f7e5ee2c-7b8e-406b-8d8c-d8786c0ad6b9
2022-09-12 01:26:48,292 [Listener at 127.0.0.1/34977] INFO  impl.RoleInfo (RoleInfo.java:shutdownFollowerState(110)) - f7e5ee2c-7b8e-406b-8d8c-d8786c0ad6b9: shutdown f7e5ee2c-7b8e-406b-8d8c-d8786c0ad6b9@group-5C65DE8FC2DF-FollowerState
2022-09-12 01:26:48,292 [Listener at 127.0.0.1/34977] INFO  impl.StateMachineUpdater (StateMachineUpdater.java:stopAndJoin(153)) - f7e5ee2c-7b8e-406b-8d8c-d8786c0ad6b9@group-5C65DE8FC2DF-StateMachineUpdater: set stopIndex = 0
2022-09-12 01:26:48,292 [f7e5ee2c-7b8e-406b-8d8c-d8786c0ad6b9@group-5C65DE8FC2DF-FollowerState] INFO  impl.FollowerState (FollowerState.java:run(152)) - f7e5ee2c-7b8e-406b-8d8c-d8786c0ad6b9@group-5C65DE8FC2DF-FollowerState was interrupted
2022-09-12 01:26:48,292 [f7e5ee2c-7b8e-406b-8d8c-d8786c0ad6b9@group-5C65DE8FC2DF-StateMachineUpdater] INFO  ratis.ContainerStateMachine (ContainerStateMachine.java:takeSnapshot(304)) - group-5C65DE8FC2DF: Taking a snapshot at:(t:1, i:0) file /home/runner/work/ozone/ozone/hadoop-ozone/integration-test/target/test-dir/MiniOzoneClusterImpl-a920e810-7507-4246-9d07-cfa876092e00/datanode-2/data/ratis/8cf02d82-884b-47d8-8990-5c65de8fc2df/sm/snapshot.1_0
2022-09-12 01:26:48,292 [ForkJoinPool.commonPool-worker-0] INFO  server.RaftServer$Division (RaftServerImpl.java:lambda$close$4(434)) - f7e5ee2c-7b8e-406b-8d8c-d8786c0ad6b9@group-CD192C663FF1: shutdown
2022-09-12 01:26:48,293 [ForkJoinPool.commonPool-worker-0] INFO  util.JmxRegister (JmxRegister.java:unregister(73)) - Successfully un-registered JMX Bean with object name Ratis:service=RaftServer,group=group-CD192C663FF1,id=f7e5ee2c-7b8e-406b-8d8c-d8786c0ad6b9
2022-09-12 01:26:48,293 [ForkJoinPool.commonPool-worker-0] INFO  impl.RoleInfo (RoleInfo.java:shutdownFollowerState(110)) - f7e5ee2c-7b8e-406b-8d8c-d8786c0ad6b9: shutdown f7e5ee2c-7b8e-406b-8d8c-d8786c0ad6b9@group-CD192C663FF1-FollowerState
2022-09-12 01:26:48,293 [ForkJoinPool.commonPool-worker-0] INFO  impl.StateMachineUpdater (StateMachineUpdater.java:stopAndJoin(153)) - f7e5ee2c-7b8e-406b-8d8c-d8786c0ad6b9@group-CD192C663FF1-StateMachineUpdater: set stopIndex = -1
2022-09-12 01:26:48,293 [f7e5ee2c-7b8e-406b-8d8c-d8786c0ad6b9@group-CD192C663FF1-FollowerState] INFO  impl.FollowerState (FollowerState.java:run(152)) - f7e5ee2c-7b8e-406b-8d8c-d8786c0ad6b9@group-CD192C663FF1-FollowerState was interrupted
2022-09-12 01:26:48,293 [f7e5ee2c-7b8e-406b-8d8c-d8786c0ad6b9@group-5C65DE8FC2DF-StateMachineUpdater] INFO  ratis.ContainerStateMachine (ContainerStateMachine.java:takeSnapshot(315)) - group-5C65DE8FC2DF: Finished taking a snapshot at:(t:1, i:0) file:/home/runner/work/ozone/ozone/hadoop-ozone/integration-test/target/test-dir/MiniOzoneClusterImpl-a920e810-7507-4246-9d07-cfa876092e00/datanode-2/data/ratis/8cf02d82-884b-47d8-8990-5c65de8fc2df/sm/snapshot.1_0 took: 1 ms
2022-09-12 01:26:48,293 [f7e5ee2c-7b8e-406b-8d8c-d8786c0ad6b9@group-5C65DE8FC2DF-StateMachineUpdater] INFO  impl.StateMachineUpdater (StateMachineUpdater.java:takeSnapshot(287)) - f7e5ee2c-7b8e-406b-8d8c-d8786c0ad6b9@group-5C65DE8FC2DF-StateMachineUpdater: Took a snapshot at index 0
2022-09-12 01:26:48,293 [f7e5ee2c-7b8e-406b-8d8c-d8786c0ad6b9@group-5C65DE8FC2DF-StateMachineUpdater] INFO  impl.StateMachineUpdater (StateMachineUpdater.java:lambda$new$0(92)) - f7e5ee2c-7b8e-406b-8d8c-d8786c0ad6b9@group-5C65DE8FC2DF-StateMachineUpdater: snapshotIndex: updateIncreasingly -1 -> 0
2022-09-12 01:26:48,294 [Listener at 127.0.0.1/34977] INFO  server.RaftServer$Division (ServerState.java:close(429)) - f7e5ee2c-7b8e-406b-8d8c-d8786c0ad6b9@group-5C65DE8FC2DF: closes. applyIndex: 0
2022-09-12 01:26:48,294 [f7e5ee2c-7b8e-406b-8d8c-d8786c0ad6b9@group-5C65DE8FC2DF-SegmentedRaftLogWorker] INFO  segmented.SegmentedRaftLogWorker (SegmentedRaftLogWorker.java:run(336)) - f7e5ee2c-7b8e-406b-8d8c-d8786c0ad6b9@group-5C65DE8FC2DF-SegmentedRaftLogWorker was interrupted, exiting. There are 0 tasks remaining in the queue.
2022-09-12 01:26:48,295 [ForkJoinPool.commonPool-worker-0] INFO  server.RaftServer$Division (ServerState.java:close(429)) - f7e5ee2c-7b8e-406b-8d8c-d8786c0ad6b9@group-CD192C663FF1: closes. applyIndex: -1
2022-09-12 01:26:48,299 [Listener at 127.0.0.1/34977] INFO  segmented.SegmentedRaftLogWorker (SegmentedRaftLogWorker.java:close(246)) - f7e5ee2c-7b8e-406b-8d8c-d8786c0ad6b9@group-5C65DE8FC2DF-SegmentedRaftLogWorker close()
2022-09-12 01:26:48,337 [f7e5ee2c-7b8e-406b-8d8c-d8786c0ad6b9@group-CD192C663FF1-SegmentedRaftLogWorker] INFO  segmented.SegmentedRaftLogWorker (SegmentedRaftLogWorker.java:run(336)) - f7e5ee2c-7b8e-406b-8d8c-d8786c0ad6b9@group-CD192C663FF1-SegmentedRaftLogWorker was interrupted, exiting. There are 0 tasks remaining in the queue.
2022-09-12 01:26:48,337 [ForkJoinPool.commonPool-worker-0] INFO  segmented.SegmentedRaftLogWorker (SegmentedRaftLogWorker.java:close(246)) - f7e5ee2c-7b8e-406b-8d8c-d8786c0ad6b9@group-CD192C663FF1-SegmentedRaftLogWorker close()
2022-09-12 01:26:48,338 [ForkJoinPool.commonPool-worker-0] INFO  server.RaftServer$Division (RaftServerImpl.java:lambda$close$4(434)) - f7e5ee2c-7b8e-406b-8d8c-d8786c0ad6b9@group-EB2D2A4F7BFD: shutdown
2022-09-12 01:26:48,338 [ForkJoinPool.commonPool-worker-0] INFO  util.JmxRegister (JmxRegister.java:unregister(73)) - Successfully un-registered JMX Bean with object name Ratis:service=RaftServer,group=group-EB2D2A4F7BFD,id=f7e5ee2c-7b8e-406b-8d8c-d8786c0ad6b9
2022-09-12 01:26:48,338 [ForkJoinPool.commonPool-worker-0] INFO  impl.RoleInfo (RoleInfo.java:shutdownLeaderState(93)) - f7e5ee2c-7b8e-406b-8d8c-d8786c0ad6b9: shutdown f7e5ee2c-7b8e-406b-8d8c-d8786c0ad6b9@group-EB2D2A4F7BFD-LeaderStateImpl
2022-09-12 01:26:48,338 [ForkJoinPool.commonPool-worker-0] INFO  impl.PendingRequests (PendingRequests.java:sendNotLeaderResponses(282)) - f7e5ee2c-7b8e-406b-8d8c-d8786c0ad6b9@group-EB2D2A4F7BFD-PendingRequests: sendNotLeaderResponses
2022-09-12 01:26:48,338 [ForkJoinPool.commonPool-worker-0] INFO  impl.StateMachineUpdater (StateMachineUpdater.java:stopAndJoin(153)) - f7e5ee2c-7b8e-406b-8d8c-d8786c0ad6b9@group-EB2D2A4F7BFD-StateMachineUpdater: set stopIndex = 0
2022-09-12 01:26:48,338 [f7e5ee2c-7b8e-406b-8d8c-d8786c0ad6b9@group-EB2D2A4F7BFD-StateMachineUpdater] INFO  ratis.ContainerStateMachine (ContainerStateMachine.java:takeSnapshot(304)) - group-EB2D2A4F7BFD: Taking a snapshot at:(t:1, i:0) file /home/runner/work/ozone/ozone/hadoop-ozone/integration-test/target/test-dir/MiniOzoneClusterImpl-a920e810-7507-4246-9d07-cfa876092e00/datanode-2/data/ratis/76a63232-3e89-48b0-a80b-eb2d2a4f7bfd/sm/snapshot.1_0
2022-09-12 01:26:48,339 [f7e5ee2c-7b8e-406b-8d8c-d8786c0ad6b9@group-EB2D2A4F7BFD-StateMachineUpdater] INFO  ratis.ContainerStateMachine (ContainerStateMachine.java:takeSnapshot(315)) - group-EB2D2A4F7BFD: Finished taking a snapshot at:(t:1, i:0) file:/home/runner/work/ozone/ozone/hadoop-ozone/integration-test/target/test-dir/MiniOzoneClusterImpl-a920e810-7507-4246-9d07-cfa876092e00/datanode-2/data/ratis/76a63232-3e89-48b0-a80b-eb2d2a4f7bfd/sm/snapshot.1_0 took: 1 ms
2022-09-12 01:26:48,339 [f7e5ee2c-7b8e-406b-8d8c-d8786c0ad6b9@group-EB2D2A4F7BFD-StateMachineUpdater] INFO  impl.StateMachineUpdater (StateMachineUpdater.java:takeSnapshot(287)) - f7e5ee2c-7b8e-406b-8d8c-d8786c0ad6b9@group-EB2D2A4F7BFD-StateMachineUpdater: Took a snapshot at index 0
2022-09-12 01:26:48,339 [f7e5ee2c-7b8e-406b-8d8c-d8786c0ad6b9@group-EB2D2A4F7BFD-StateMachineUpdater] INFO  impl.StateMachineUpdater (StateMachineUpdater.java:lambda$new$0(92)) - f7e5ee2c-7b8e-406b-8d8c-d8786c0ad6b9@group-EB2D2A4F7BFD-StateMachineUpdater: snapshotIndex: updateIncreasingly -1 -> 0
2022-09-12 01:26:48,367 [ForkJoinPool.commonPool-worker-0] INFO  server.RaftServer$Division (ServerState.java:close(429)) - f7e5ee2c-7b8e-406b-8d8c-d8786c0ad6b9@group-EB2D2A4F7BFD: closes. applyIndex: 0
2022-09-12 01:26:48,367 [f7e5ee2c-7b8e-406b-8d8c-d8786c0ad6b9@group-EB2D2A4F7BFD-SegmentedRaftLogWorker] INFO  segmented.SegmentedRaftLogWorker (SegmentedRaftLogWorker.java:run(336)) - f7e5ee2c-7b8e-406b-8d8c-d8786c0ad6b9@group-EB2D2A4F7BFD-SegmentedRaftLogWorker was interrupted, exiting. There are 0 tasks remaining in the queue.
2022-09-12 01:26:48,368 [ForkJoinPool.commonPool-worker-0] INFO  segmented.SegmentedRaftLogWorker (SegmentedRaftLogWorker.java:close(246)) - f7e5ee2c-7b8e-406b-8d8c-d8786c0ad6b9@group-EB2D2A4F7BFD-SegmentedRaftLogWorker close()
2022-09-12 01:26:48,368 [Listener at 127.0.0.1/34977] INFO  server.GrpcService (GrpcService.java:closeImpl(269)) - f7e5ee2c-7b8e-406b-8d8c-d8786c0ad6b9: shutdown server with port 39655 now
2022-09-12 01:26:48,370 [Listener at 127.0.0.1/34977] INFO  server.GrpcService (GrpcService.java:closeImpl(278)) - f7e5ee2c-7b8e-406b-8d8c-d8786c0ad6b9: shutdown server with port 39655 successfully
2022-09-12 01:26:48,370 [org.apache.ratis.util.JvmPauseMonitor$$Lambda$605/1445225850@656f5c05] INFO  util.JvmPauseMonitor (JvmPauseMonitor.java:run(109)) - JvmPauseMonitor-f7e5ee2c-7b8e-406b-8d8c-d8786c0ad6b9: Stopped
2022-09-12 01:26:49,166 [EndpointStateMachine task thread for /127.0.0.1:36745 - 0 ] INFO  ipc.Client (Client.java:handleConnectionFailure(977)) - Retrying connect to server: localhost/127.0.0.1:36745. Already tried 0 time(s); retry policy is RetryUpToMaximumCountWithFixedSleep(maxRetries=15, sleepTime=1000 MILLISECONDS)
2022-09-12 01:26:49,228 [EndpointStateMachine task thread for /127.0.0.1:46755 - 0 ] INFO  ipc.Client (Client.java:handleConnectionFailure(977)) - Retrying connect to server: localhost/127.0.0.1:46755. Already tried 13 time(s); retry policy is RetryUpToMaximumCountWithFixedSleep(maxRetries=15, sleepTime=1000 MILLISECONDS)
2022-09-12 01:26:50,167 [EndpointStateMachine task thread for /127.0.0.1:36745 - 0 ] INFO  ipc.Client (Client.java:handleConnectionFailure(977)) - Retrying connect to server: localhost/127.0.0.1:36745. Already tried 1 time(s); retry policy is RetryUpToMaximumCountWithFixedSleep(maxRetries=15, sleepTime=1000 MILLISECONDS)
2022-09-12 01:26:50,229 [EndpointStateMachine task thread for /127.0.0.1:46755 - 0 ] INFO  ipc.Client (Client.java:handleConnectionFailure(977)) - Retrying connect to server: localhost/127.0.0.1:46755. Already tried 14 time(s); retry policy is RetryUpToMaximumCountWithFixedSleep(maxRetries=15, sleepTime=1000 MILLISECONDS)
2022-09-12 01:26:50,229 [EndpointStateMachine task thread for /127.0.0.1:46755 - 0 ] WARN  statemachine.EndpointStateMachine (EndpointStateMachine.java:logIfNeeded(241)) - Unable to communicate to SCM server at localhost:46755 for past 0 seconds.
java.net.ConnectException: Call From fv-az167-317/10.1.0.12 to localhost:46755 failed on connection exception: java.net.ConnectException: Connection refused; For more details see:  http://wiki.apache.org/hadoop/ConnectionRefused
	at sun.reflect.GeneratedConstructorAccessor52.newInstance(Unknown Source)
	at sun.reflect.DelegatingConstructorAccessorImpl.newInstance(DelegatingConstructorAccessorImpl.java:45)
	at java.lang.reflect.Constructor.newInstance(Constructor.java:423)
	at org.apache.hadoop.net.NetUtils.wrapWithMessage(NetUtils.java:913)
	at org.apache.hadoop.net.NetUtils.wrapException(NetUtils.java:828)
	at org.apache.hadoop.ipc.Client.getRpcResponse(Client.java:1577)
	at org.apache.hadoop.ipc.Client.call(Client.java:1519)
	at org.apache.hadoop.ipc.Client.call(Client.java:1416)
	at org.apache.hadoop.ipc.ProtobufRpcEngine$Invoker.invoke(ProtobufRpcEngine.java:236)
	at org.apache.hadoop.ipc.ProtobufRpcEngine$Invoker.invoke(ProtobufRpcEngine.java:123)
	at com.sun.proxy.$Proxy52.submitRequest(Unknown Source)
	at org.apache.hadoop.ozone.protocolPB.StorageContainerDatanodeProtocolClientSideTranslatorPB.submitRequest(StorageContainerDatanodeProtocolClientSideTranslatorPB.java:117)
	at org.apache.hadoop.ozone.protocolPB.StorageContainerDatanodeProtocolClientSideTranslatorPB.sendHeartbeat(StorageContainerDatanodeProtocolClientSideTranslatorPB.java:149)
	at org.apache.hadoop.ozone.container.common.states.endpoint.HeartbeatEndpointTask.call(HeartbeatEndpointTask.java:185)
	at org.apache.hadoop.ozone.container.common.states.endpoint.HeartbeatEndpointTask.call(HeartbeatEndpointTask.java:87)
	at java.util.concurrent.FutureTask.run(FutureTask.java:266)
	at java.util.concurrent.ThreadPoolExecutor.runWorker(ThreadPoolExecutor.java:1149)
	at java.util.concurrent.ThreadPoolExecutor$Worker.run(ThreadPoolExecutor.java:624)
	at java.lang.Thread.run(Thread.java:750)
Caused by: java.net.ConnectException: Connection refused
	at sun.nio.ch.SocketChannelImpl.checkConnect(Native Method)
	at sun.nio.ch.SocketChannelImpl.finishConnect(SocketChannelImpl.java:716)
	at org.apache.hadoop.net.SocketIOWithTimeout.connect(SocketIOWithTimeout.java:206)
	at org.apache.hadoop.net.NetUtils.connect(NetUtils.java:586)
	at org.apache.hadoop.ipc.Client$Connection.setupConnection(Client.java:701)
	at org.apache.hadoop.ipc.Client$Connection.setupIOstreams(Client.java:822)
	at org.apache.hadoop.ipc.Client$Connection.access$3800(Client.java:414)
	at org.apache.hadoop.ipc.Client.getConnection(Client.java:1647)
	at org.apache.hadoop.ipc.Client.call(Client.java:1463)
	... 12 more
2022-09-12 01:26:50,405 [Listener at 127.0.0.1/34977] INFO  utils.BackgroundService (BackgroundService.java:shutdown(141)) - Shutting down service BlockDeletingService
2022-09-12 01:26:50,405 [Listener at 127.0.0.1/34977] INFO  utils.BackgroundService (BackgroundService.java:shutdown(141)) - Shutting down service StaleRecoveringContainerScrubbingService
2022-09-12 01:26:51,176 [EndpointStateMachine task thread for /127.0.0.1:36745 - 0 ] INFO  ipc.Client (Client.java:handleConnectionFailure(977)) - Retrying connect to server: localhost/127.0.0.1:36745. Already tried 2 time(s); retry policy is RetryUpToMaximumCountWithFixedSleep(maxRetries=15, sleepTime=1000 MILLISECONDS)
2022-09-12 01:26:51,230 [EndpointStateMachine task thread for /127.0.0.1:46755 - 0 ] INFO  ipc.Client (Client.java:handleConnectionFailure(977)) - Retrying connect to server: localhost/127.0.0.1:46755. Already tried 0 time(s); retry policy is RetryUpToMaximumCountWithFixedSleep(maxRetries=15, sleepTime=1000 MILLISECONDS)
2022-09-12 01:26:52,177 [EndpointStateMachine task thread for /127.0.0.1:36745 - 0 ] INFO  ipc.Client (Client.java:handleConnectionFailure(977)) - Retrying connect to server: localhost/127.0.0.1:36745. Already tried 3 time(s); retry policy is RetryUpToMaximumCountWithFixedSleep(maxRetries=15, sleepTime=1000 MILLISECONDS)
2022-09-12 01:26:52,230 [EndpointStateMachine task thread for /127.0.0.1:46755 - 0 ] INFO  ipc.Client (Client.java:handleConnectionFailure(977)) - Retrying connect to server: localhost/127.0.0.1:46755. Already tried 1 time(s); retry policy is RetryUpToMaximumCountWithFixedSleep(maxRetries=15, sleepTime=1000 MILLISECONDS)
2022-09-12 01:26:53,177 [EndpointStateMachine task thread for /127.0.0.1:36745 - 0 ] INFO  ipc.Client (Client.java:handleConnectionFailure(977)) - Retrying connect to server: localhost/127.0.0.1:36745. Already tried 4 time(s); retry policy is RetryUpToMaximumCountWithFixedSleep(maxRetries=15, sleepTime=1000 MILLISECONDS)
2022-09-12 01:26:53,231 [EndpointStateMachine task thread for /127.0.0.1:46755 - 0 ] INFO  ipc.Client (Client.java:handleConnectionFailure(977)) - Retrying connect to server: localhost/127.0.0.1:46755. Already tried 2 time(s); retry policy is RetryUpToMaximumCountWithFixedSleep(maxRetries=15, sleepTime=1000 MILLISECONDS)
2022-09-12 01:26:53,440 [Listener at 127.0.0.1/34977] INFO  statemachine.DatanodeStateMachine (DatanodeStateMachine.java:stopDaemon(580)) - Ozone container server stopped.
2022-09-12 01:26:53,468 [Listener at 127.0.0.1/34977] INFO  handler.ContextHandler (ContextHandler.java:doStop(1153)) - Stopped o.e.j.w.WebAppContext@2049c7fa{hddsDatanode,/,null,STOPPED}{jar:file:/home/runner/.m2/repository/org/apache/ozone/hdds-container-service/1.3.0-SNAPSHOT/hdds-container-service-1.3.0-SNAPSHOT.jar!/webapps/hddsDatanode}
2022-09-12 01:26:53,497 [Listener at 127.0.0.1/34977] INFO  server.AbstractConnector (AbstractConnector.java:doStop(381)) - Stopped ServerConnector@25f5e04d{HTTP/1.1, (http/1.1)}{0.0.0.0:0}
2022-09-12 01:26:53,497 [Listener at 127.0.0.1/34977] INFO  server.session (HouseKeeper.java:stopScavenging(149)) - node0 Stopped scavenging
2022-09-12 01:26:53,497 [Listener at 127.0.0.1/34977] INFO  handler.ContextHandler (ContextHandler.java:doStop(1153)) - Stopped o.e.j.s.ServletContextHandler@41bc8bf{static,/static,jar:file:/home/runner/.m2/repository/org/apache/ozone/hdds-container-service/1.3.0-SNAPSHOT/hdds-container-service-1.3.0-SNAPSHOT.jar!/webapps/static,STOPPED}
2022-09-12 01:26:53,497 [Listener at 127.0.0.1/34977] INFO  handler.ContextHandler (ContextHandler.java:doStop(1153)) - Stopped o.e.j.s.ServletContextHandler@23fed5d{logs,/logs,file:///home/runner/work/ozone/ozone/hadoop-ozone/integration-test/target/log,STOPPED}
]]></system-out>
  </testcase>
</testsuite>