<?xml version="1.0" encoding="UTF-8"?>
<testsuite xmlns:xsi="http://www.w3.org/2001/XMLSchema-instance" xsi:noNamespaceSchemaLocation="https://maven.apache.org/surefire/maven-surefire-plugin/xsd/surefire-test-report-3.0.xsd" version="3.0" name="org.apache.hadoop.ozone.container.common.TestBlockDeletingService" time="19.322" tests="36" errors="1" skipped="8" failures="0">
  <properties>
    <property name="awt.toolkit" value="sun.awt.X11.XToolkit"/>
    <property name="file.encoding.pkg" value="sun.io"/>
    <property name="java.specification.version" value="1.8"/>
    <property name="sun.cpu.isalist" value=""/>
    <property name="sun.jnu.encoding" value="UTF-8"/>
    <property name="java.class.path" value="/home/runner/work/ozone/ozone/hadoop-hdds/container-service/target/test-classes:/home/runner/work/ozone/ozone/hadoop-hdds/container-service/target/classes:/home/runner/work/ozone/ozone/hadoop-hdds/common/target/classes:/home/runner/work/ozone/ozone/hadoop-hdds/hadoop-dependency-client/target/classes:/home/runner/.m2/repository/org/apache/hadoop/hadoop-annotations/3.3.4/hadoop-annotations-3.3.4.jar:/usr/lib/jvm/temurin-8-jdk-amd64/jre/../lib/tools.jar:/home/runner/.m2/repository/org/apache/hadoop/hadoop-common/3.3.4/hadoop-common-3.3.4.jar:/home/runner/.m2/repository/org/apache/hadoop/thirdparty/hadoop-shaded-guava/1.1.1/hadoop-shaded-guava-1.1.1.jar:/home/runner/.m2/repository/org/apache/httpcomponents/httpclient/4.5.13/httpclient-4.5.13.jar:/home/runner/.m2/repository/org/apache/httpcomponents/httpcore/4.4.13/httpcore-4.4.13.jar:/home/runner/.m2/repository/jakarta/activation/jakarta.activation-api/1.2.1/jakarta.activation-api-1.2.1.jar:/home/runner/.m2/repository/com/google/re2j/re2j/1.1/re2j-1.1.jar:/home/runner/.m2/repository/org/apache/hadoop/hadoop-auth/3.3.4/hadoop-auth-3.3.4.jar:/home/runner/.m2/repository/org/apache/kerby/kerb-core/1.0.1/kerb-core-1.0.1.jar:/home/runner/.m2/repository/org/apache/kerby/kerby-pkix/1.0.1/kerby-pkix-1.0.1.jar:/home/runner/.m2/repository/org/apache/kerby/kerby-asn1/1.0.1/kerby-asn1-1.0.1.jar:/home/runner/.m2/repository/org/apache/kerby/kerby-util/1.0.1/kerby-util-1.0.1.jar:/home/runner/.m2/repository/org/codehaus/woodstox/stax2-api/4.2.1/stax2-api-4.2.1.jar:/home/runner/.m2/repository/com/fasterxml/woodstox/woodstox-core/5.4.0/woodstox-core-5.4.0.jar:/home/runner/.m2/repository/org/xerial/snappy/snappy-java/1.1.8.2/snappy-java-1.1.8.2.jar:/home/runner/.m2/repository/org/apache/hadoop/hadoop-hdfs/3.3.4/hadoop-hdfs-3.3.4.jar:/home/runner/.m2/repository/info/picocli/picocli/4.6.1/picocli-4.6.1.jar:/home/runner/.m2/repository/com/google/protobuf/protobuf-java/2.5.0/protobuf-java-2.5.0.jar:/home/runner/.m2/repository/com/google/guava/guava/31.1-jre/guava-31.1-jre.jar:/home/runner/.m2/repository/com/google/guava/failureaccess/1.0.1/failureaccess-1.0.1.jar:/home/runner/.m2/repository/com/google/guava/listenablefuture/9999.0-empty-to-avoid-conflict-with-guava/listenablefuture-9999.0-empty-to-avoid-conflict-with-guava.jar:/home/runner/.m2/repository/org/checkerframework/checker-qual/3.12.0/checker-qual-3.12.0.jar:/home/runner/.m2/repository/com/google/errorprone/error_prone_annotations/2.2.0/error_prone_annotations-2.2.0.jar:/home/runner/.m2/repository/com/google/j2objc/j2objc-annotations/1.3/j2objc-annotations-1.3.jar:/home/runner/.m2/repository/org/apache/commons/commons-lang3/3.7/commons-lang3-3.7.jar:/home/runner/.m2/repository/commons-io/commons-io/2.11.0/commons-io-2.11.0.jar:/home/runner/.m2/repository/com/fasterxml/jackson/core/jackson-annotations/2.13.4/jackson-annotations-2.13.4.jar:/home/runner/.m2/repository/com/fasterxml/jackson/datatype/jackson-datatype-jsr310/2.13.4/jackson-datatype-jsr310-2.13.4.jar:/home/runner/.m2/repository/com/fasterxml/jackson/core/jackson-core/2.13.4/jackson-core-2.13.4.jar:/home/runner/.m2/repository/com/fasterxml/jackson/core/jackson-databind/2.13.4.2/jackson-databind-2.13.4.2.jar:/home/runner/work/ozone/ozone/hadoop-hdds/annotations/target/classes:/home/runner/work/ozone/ozone/hadoop-hdds/config/target/classes:/home/runner/.m2/repository/javax/annotation/javax.annotation-api/1.2/javax.annotation-api-1.2.jar:/home/runner/.m2/repository/org/apache/ratis/ratis-server/2.4.2-8b8bdda-SNAPSHOT/ratis-server-2.4.2-8b8bdda-SNAPSHOT.jar:/home/runner/.m2/repository/org/apache/ratis/ratis-thirdparty-misc/1.0.3/ratis-thirdparty-misc-1.0.3.jar:/home/runner/.m2/repository/org/apache/ratis/ratis-proto/2.4.2-8b8bdda-SNAPSHOT/ratis-proto-2.4.2-8b8bdda-SNAPSHOT.jar:/home/runner/.m2/repository/org/apache/ratis/ratis-common/2.4.2-8b8bdda-SNAPSHOT/ratis-common-2.4.2-8b8bdda-SNAPSHOT.jar:/home/runner/.m2/repository/org/apache/ratis/ratis-client/2.4.2-8b8bdda-SNAPSHOT/ratis-client-2.4.2-8b8bdda-SNAPSHOT.jar:/home/runner/.m2/repository/org/apache/ratis/ratis-server-api/2.4.2-8b8bdda-SNAPSHOT/ratis-server-api-2.4.2-8b8bdda-SNAPSHOT.jar:/home/runner/.m2/repository/org/apache/ratis/ratis-metrics/2.4.2-8b8bdda-SNAPSHOT/ratis-metrics-2.4.2-8b8bdda-SNAPSHOT.jar:/home/runner/.m2/repository/org/apache/ratis/ratis-netty/2.4.2-8b8bdda-SNAPSHOT/ratis-netty-2.4.2-8b8bdda-SNAPSHOT.jar:/home/runner/.m2/repository/org/apache/ratis/ratis-grpc/2.4.2-8b8bdda-SNAPSHOT/ratis-grpc-2.4.2-8b8bdda-SNAPSHOT.jar:/home/runner/.m2/repository/org/apache/logging/log4j/log4j-api/2.17.1/log4j-api-2.17.1.jar:/home/runner/.m2/repository/org/apache/commons/commons-pool2/2.6.0/commons-pool2-2.6.0.jar:/home/runner/.m2/repository/org/bouncycastle/bcpkix-jdk15on/1.67/bcpkix-jdk15on-1.67.jar:/home/runner/.m2/repository/org/bouncycastle/bcprov-jdk15on/1.67/bcprov-jdk15on-1.67.jar:/home/runner/.m2/repository/commons-validator/commons-validator/1.6/commons-validator-1.6.jar:/home/runner/.m2/repository/commons-beanutils/commons-beanutils/1.9.4/commons-beanutils-1.9.4.jar:/home/runner/.m2/repository/commons-digester/commons-digester/1.8.1/commons-digester-1.8.1.jar:/home/runner/.m2/repository/commons-collections/commons-collections/3.2.2/commons-collections-3.2.2.jar:/home/runner/.m2/repository/io/jaegertracing/jaeger-client/1.6.0/jaeger-client-1.6.0.jar:/home/runner/.m2/repository/io/jaegertracing/jaeger-thrift/1.6.0/jaeger-thrift-1.6.0.jar:/home/runner/.m2/repository/org/apache/thrift/libthrift/0.14.1/libthrift-0.14.1.jar:/home/runner/.m2/repository/io/jaegertracing/jaeger-core/1.6.0/jaeger-core-1.6.0.jar:/home/runner/.m2/repository/com/google/code/gson/gson/2.9.0/gson-2.9.0.jar:/home/runner/.m2/repository/io/jaegertracing/jaeger-tracerresolver/1.6.0/jaeger-tracerresolver-1.6.0.jar:/home/runner/.m2/repository/io/opentracing/contrib/opentracing-tracerresolver/0.1.8/opentracing-tracerresolver-0.1.8.jar:/home/runner/.m2/repository/org/jetbrains/kotlin/kotlin-stdlib/1.6.21/kotlin-stdlib-1.6.21.jar:/home/runner/.m2/repository/org/jetbrains/kotlin/kotlin-stdlib-common/1.6.21/kotlin-stdlib-common-1.6.21.jar:/home/runner/.m2/repository/org/jetbrains/annotations/13.0/annotations-13.0.jar:/home/runner/.m2/repository/io/opentracing/opentracing-util/0.33.0/opentracing-util-0.33.0.jar:/home/runner/.m2/repository/io/opentracing/opentracing-api/0.33.0/opentracing-api-0.33.0.jar:/home/runner/.m2/repository/io/opentracing/opentracing-noop/0.33.0/opentracing-noop-0.33.0.jar:/home/runner/.m2/repository/org/reflections/reflections/0.9.11/reflections-0.9.11.jar:/home/runner/.m2/repository/org/javassist/javassist/3.21.0-GA/javassist-3.21.0-GA.jar:/home/runner/work/ozone/ozone/hadoop-hdds/interface-client/target/classes:/home/runner/.m2/repository/org/apache/hadoop/thirdparty/hadoop-shaded-protobuf_3_7/1.1.1/hadoop-shaded-protobuf_3_7-1.1.1.jar:/home/runner/work/ozone/ozone/hadoop-hdds/interface-admin/target/classes:/home/runner/work/ozone/ozone/hadoop-hdds/test-utils/target/classes:/home/runner/.m2/repository/commons-logging/commons-logging/1.2/commons-logging-1.2.jar:/home/runner/.m2/repository/org/junit/jupiter/junit-jupiter-api/5.8.2/junit-jupiter-api-5.8.2.jar:/home/runner/.m2/repository/org/opentest4j/opentest4j/1.2.0/opentest4j-1.2.0.jar:/home/runner/.m2/repository/org/junit/platform/junit-platform-commons/1.8.2/junit-platform-commons-1.8.2.jar:/home/runner/.m2/repository/org/apiguardian/apiguardian-api/1.1.2/apiguardian-api-1.1.2.jar:/home/runner/.m2/repository/ch/qos/reload4j/reload4j/1.2.22/reload4j-1.2.22.jar:/home/runner/.m2/repository/org/slf4j/slf4j-api/1.7.36/slf4j-api-1.7.36.jar:/home/runner/.m2/repository/org/apache/commons/commons-compress/1.21/commons-compress-1.21.jar:/home/runner/work/ozone/ozone/hadoop-hdds/common/target/test-classes:/home/runner/work/ozone/ozone/hadoop-hdds/framework/target/classes:/home/runner/work/ozone/ozone/hadoop-hdds/interface-server/target/classes:/home/runner/work/ozone/ozone/hadoop-hdds/hadoop-dependency-server/target/classes:/home/runner/.m2/repository/commons-cli/commons-cli/1.2/commons-cli-1.2.jar:/home/runner/.m2/repository/org/apache/commons/commons-configuration2/2.1.1/commons-configuration2-2.1.1.jar:/home/runner/.m2/repository/org/apache/logging/log4j/log4j-core/2.17.1/log4j-core-2.17.1.jar:/home/runner/.m2/repository/com/lmax/disruptor/3.4.2/disruptor-3.4.2.jar:/home/runner/.m2/repository/org/eclipse/jetty/jetty-util/9.4.49.v20220914/jetty-util-9.4.49.v20220914.jar:/home/runner/.m2/repository/org/eclipse/jetty/jetty-server/9.4.49.v20220914/jetty-server-9.4.49.v20220914.jar:/home/runner/.m2/repository/javax/servlet/javax.servlet-api/3.1.0/javax.servlet-api-3.1.0.jar:/home/runner/.m2/repository/org/eclipse/jetty/jetty-http/9.4.49.v20220914/jetty-http-9.4.49.v20220914.jar:/home/runner/.m2/repository/org/eclipse/jetty/jetty-io/9.4.49.v20220914/jetty-io-9.4.49.v20220914.jar:/home/runner/.m2/repository/org/eclipse/jetty/jetty-servlet/9.4.49.v20220914/jetty-servlet-9.4.49.v20220914.jar:/home/runner/.m2/repository/org/eclipse/jetty/jetty-security/9.4.49.v20220914/jetty-security-9.4.49.v20220914.jar:/home/runner/.m2/repository/org/eclipse/jetty/jetty-util-ajax/9.4.49.v20220914/jetty-util-ajax-9.4.49.v20220914.jar:/home/runner/.m2/repository/org/eclipse/jetty/jetty-webapp/9.4.49.v20220914/jetty-webapp-9.4.49.v20220914.jar:/home/runner/.m2/repository/org/eclipse/jetty/jetty-xml/9.4.49.v20220914/jetty-xml-9.4.49.v20220914.jar:/home/runner/.m2/repository/org/rocksdb/rocksdbjni/7.7.3/rocksdbjni-7.7.3.jar:/home/runner/.m2/repository/io/prometheus/simpleclient_dropwizard/0.7.0/simpleclient_dropwizard-0.7.0.jar:/home/runner/.m2/repository/io/prometheus/simpleclient/0.7.0/simpleclient-0.7.0.jar:/home/runner/.m2/repository/io/prometheus/simpleclient_common/0.7.0/simpleclient_common-0.7.0.jar:/home/runner/.m2/repository/org/apache/hadoop/hadoop-hdfs-client/3.3.4/hadoop-hdfs-client-3.3.4.jar:/home/runner/.m2/repository/com/squareup/okhttp3/okhttp/4.9.3/okhttp-4.9.3.jar:/home/runner/.m2/repository/com/squareup/okio/okio/2.8.0/okio-2.8.0.jar:/home/runner/work/ozone/ozone/hadoop-hdds/client/target/classes:/home/runner/work/ozone/ozone/hadoop-hdds/erasurecode/target/classes:/home/runner/.m2/repository/commons-codec/commons-codec/1.15/commons-codec-1.15.jar:/home/runner/.m2/repository/io/dropwizard/metrics/metrics-core/3.2.4/metrics-core-3.2.4.jar:/home/runner/.m2/repository/org/mockito/mockito-core/2.28.2/mockito-core-2.28.2.jar:/home/runner/.m2/repository/net/bytebuddy/byte-buddy/1.9.10/byte-buddy-1.9.10.jar:/home/runner/.m2/repository/net/bytebuddy/byte-buddy-agent/1.9.10/byte-buddy-agent-1.9.10.jar:/home/runner/.m2/repository/org/objenesis/objenesis/1.0/objenesis-1.0.jar:/home/runner/.m2/repository/org/yaml/snakeyaml/1.33/snakeyaml-1.33.jar:/home/runner/work/ozone/ozone/hadoop-hdds/docs/target/classes:/home/runner/.m2/repository/com/github/spotbugs/spotbugs-annotations/3.1.12/spotbugs-annotations-3.1.12.jar:/home/runner/.m2/repository/com/google/code/findbugs/jsr305/3.0.0/jsr305-3.0.0.jar:/home/runner/.m2/repository/org/powermock/powermock-module-junit4/2.0.4/powermock-module-junit4-2.0.4.jar:/home/runner/.m2/repository/org/powermock/powermock-module-junit4-common/2.0.4/powermock-module-junit4-common-2.0.4.jar:/home/runner/.m2/repository/org/powermock/powermock-reflect/2.0.4/powermock-reflect-2.0.4.jar:/home/runner/.m2/repository/org/powermock/powermock-core/2.0.4/powermock-core-2.0.4.jar:/home/runner/.m2/repository/org/hamcrest/hamcrest-core/1.3/hamcrest-core-1.3.jar:/home/runner/.m2/repository/org/powermock/powermock-api-mockito2/2.0.4/powermock-api-mockito2-2.0.4.jar:/home/runner/.m2/repository/org/powermock/powermock-api-support/2.0.4/powermock-api-support-2.0.4.jar:/home/runner/work/ozone/ozone/hadoop-hdds/hadoop-dependency-test/target/classes:/home/runner/.m2/repository/org/apache/hadoop/hadoop-common/3.3.4/hadoop-common-3.3.4-tests.jar:/home/runner/.m2/repository/org/apache/hadoop/hadoop-hdfs/3.3.4/hadoop-hdfs-3.3.4-tests.jar:/home/runner/.m2/repository/org/assertj/assertj-core/3.12.2/assertj-core-3.12.2.jar:/home/runner/.m2/repository/org/slf4j/slf4j-reload4j/1.7.36/slf4j-reload4j-1.7.36.jar:/home/runner/.m2/repository/javax/xml/bind/jaxb-api/2.3.0/jaxb-api-2.3.0.jar:/home/runner/.m2/repository/org/glassfish/jaxb/jaxb-runtime/2.3.0.1/jaxb-runtime-2.3.0.1.jar:/home/runner/.m2/repository/org/glassfish/jaxb/jaxb-core/2.3.0.1/jaxb-core-2.3.0.1.jar:/home/runner/.m2/repository/org/glassfish/jaxb/txw2/2.3.0.1/txw2-2.3.0.1.jar:/home/runner/.m2/repository/com/sun/istack/istack-commons-runtime/3.0.5/istack-commons-runtime-3.0.5.jar:/home/runner/.m2/repository/org/jvnet/staxex/stax-ex/1.7.8/stax-ex-1.7.8.jar:/home/runner/.m2/repository/com/sun/xml/fastinfoset/FastInfoset/1.2.13/FastInfoset-1.2.13.jar:/home/runner/.m2/repository/io/netty/netty-transport/4.1.77.Final/netty-transport-4.1.77.Final.jar:/home/runner/.m2/repository/io/netty/netty-common/4.1.77.Final/netty-common-4.1.77.Final.jar:/home/runner/.m2/repository/io/netty/netty-buffer/4.1.77.Final/netty-buffer-4.1.77.Final.jar:/home/runner/.m2/repository/io/netty/netty-resolver/4.1.77.Final/netty-resolver-4.1.77.Final.jar:/home/runner/.m2/repository/io/netty/netty-codec/4.1.77.Final/netty-codec-4.1.77.Final.jar:/home/runner/.m2/repository/io/netty/netty-handler/4.1.77.Final/netty-handler-4.1.77.Final.jar:/home/runner/.m2/repository/org/apache/commons/commons-text/1.4/commons-text-1.4.jar:/home/runner/.m2/repository/org/mockito/mockito-junit-jupiter/2.28.2/mockito-junit-jupiter-2.28.2.jar:/home/runner/.m2/repository/junit/junit/4.13.1/junit-4.13.1.jar:"/>
    <property name="java.vm.vendor" value="Temurin"/>
    <property name="sun.arch.data.model" value="64"/>
    <property name="test.build.dir" value="/home/runner/work/ozone/ozone/hadoop-hdds/container-service/target/test-dir"/>
    <property name="test.cache.data" value=""/>
    <property name="java.vendor.url" value="https://adoptium.net/"/>
    <property name="user.timezone" value="Etc/UTC"/>
    <property name="java.vm.specification.version" value="1.8"/>
    <property name="os.name" value="Linux"/>
    <property name="test.build.data" value="/home/runner/work/ozone/ozone/hadoop-hdds/container-service/target/test-dir"/>
    <property name="sun.java.launcher" value="SUN_STANDARD"/>
    <property name="sun.boot.library.path" value="/usr/lib/jvm/temurin-8-jdk-amd64/jre/lib/amd64"/>
    <property name="sun.java.command" value="/home/runner/work/ozone/ozone/hadoop-hdds/container-service/target/surefire/surefirebooter6339750009333259066.jar /home/runner/work/ozone/ozone/hadoop-hdds/container-service/target/surefire 2022-12-09T19-59-12_858-jvmRun1 surefire3091789881479889053tmp surefire_1672065721594871119943tmp"/>
    <property name="surefire.test.class.path" value="/home/runner/work/ozone/ozone/hadoop-hdds/container-service/target/test-classes:/home/runner/work/ozone/ozone/hadoop-hdds/container-service/target/classes:/home/runner/work/ozone/ozone/hadoop-hdds/common/target/classes:/home/runner/work/ozone/ozone/hadoop-hdds/hadoop-dependency-client/target/classes:/home/runner/.m2/repository/org/apache/hadoop/hadoop-annotations/3.3.4/hadoop-annotations-3.3.4.jar:/usr/lib/jvm/temurin-8-jdk-amd64/jre/../lib/tools.jar:/home/runner/.m2/repository/org/apache/hadoop/hadoop-common/3.3.4/hadoop-common-3.3.4.jar:/home/runner/.m2/repository/org/apache/hadoop/thirdparty/hadoop-shaded-guava/1.1.1/hadoop-shaded-guava-1.1.1.jar:/home/runner/.m2/repository/org/apache/httpcomponents/httpclient/4.5.13/httpclient-4.5.13.jar:/home/runner/.m2/repository/org/apache/httpcomponents/httpcore/4.4.13/httpcore-4.4.13.jar:/home/runner/.m2/repository/jakarta/activation/jakarta.activation-api/1.2.1/jakarta.activation-api-1.2.1.jar:/home/runner/.m2/repository/com/google/re2j/re2j/1.1/re2j-1.1.jar:/home/runner/.m2/repository/org/apache/hadoop/hadoop-auth/3.3.4/hadoop-auth-3.3.4.jar:/home/runner/.m2/repository/org/apache/kerby/kerb-core/1.0.1/kerb-core-1.0.1.jar:/home/runner/.m2/repository/org/apache/kerby/kerby-pkix/1.0.1/kerby-pkix-1.0.1.jar:/home/runner/.m2/repository/org/apache/kerby/kerby-asn1/1.0.1/kerby-asn1-1.0.1.jar:/home/runner/.m2/repository/org/apache/kerby/kerby-util/1.0.1/kerby-util-1.0.1.jar:/home/runner/.m2/repository/org/codehaus/woodstox/stax2-api/4.2.1/stax2-api-4.2.1.jar:/home/runner/.m2/repository/com/fasterxml/woodstox/woodstox-core/5.4.0/woodstox-core-5.4.0.jar:/home/runner/.m2/repository/org/xerial/snappy/snappy-java/1.1.8.2/snappy-java-1.1.8.2.jar:/home/runner/.m2/repository/org/apache/hadoop/hadoop-hdfs/3.3.4/hadoop-hdfs-3.3.4.jar:/home/runner/.m2/repository/info/picocli/picocli/4.6.1/picocli-4.6.1.jar:/home/runner/.m2/repository/com/google/protobuf/protobuf-java/2.5.0/protobuf-java-2.5.0.jar:/home/runner/.m2/repository/com/google/guava/guava/31.1-jre/guava-31.1-jre.jar:/home/runner/.m2/repository/com/google/guava/failureaccess/1.0.1/failureaccess-1.0.1.jar:/home/runner/.m2/repository/com/google/guava/listenablefuture/9999.0-empty-to-avoid-conflict-with-guava/listenablefuture-9999.0-empty-to-avoid-conflict-with-guava.jar:/home/runner/.m2/repository/org/checkerframework/checker-qual/3.12.0/checker-qual-3.12.0.jar:/home/runner/.m2/repository/com/google/errorprone/error_prone_annotations/2.2.0/error_prone_annotations-2.2.0.jar:/home/runner/.m2/repository/com/google/j2objc/j2objc-annotations/1.3/j2objc-annotations-1.3.jar:/home/runner/.m2/repository/org/apache/commons/commons-lang3/3.7/commons-lang3-3.7.jar:/home/runner/.m2/repository/commons-io/commons-io/2.11.0/commons-io-2.11.0.jar:/home/runner/.m2/repository/com/fasterxml/jackson/core/jackson-annotations/2.13.4/jackson-annotations-2.13.4.jar:/home/runner/.m2/repository/com/fasterxml/jackson/datatype/jackson-datatype-jsr310/2.13.4/jackson-datatype-jsr310-2.13.4.jar:/home/runner/.m2/repository/com/fasterxml/jackson/core/jackson-core/2.13.4/jackson-core-2.13.4.jar:/home/runner/.m2/repository/com/fasterxml/jackson/core/jackson-databind/2.13.4.2/jackson-databind-2.13.4.2.jar:/home/runner/work/ozone/ozone/hadoop-hdds/annotations/target/classes:/home/runner/work/ozone/ozone/hadoop-hdds/config/target/classes:/home/runner/.m2/repository/javax/annotation/javax.annotation-api/1.2/javax.annotation-api-1.2.jar:/home/runner/.m2/repository/org/apache/ratis/ratis-server/2.4.2-8b8bdda-SNAPSHOT/ratis-server-2.4.2-8b8bdda-SNAPSHOT.jar:/home/runner/.m2/repository/org/apache/ratis/ratis-thirdparty-misc/1.0.3/ratis-thirdparty-misc-1.0.3.jar:/home/runner/.m2/repository/org/apache/ratis/ratis-proto/2.4.2-8b8bdda-SNAPSHOT/ratis-proto-2.4.2-8b8bdda-SNAPSHOT.jar:/home/runner/.m2/repository/org/apache/ratis/ratis-common/2.4.2-8b8bdda-SNAPSHOT/ratis-common-2.4.2-8b8bdda-SNAPSHOT.jar:/home/runner/.m2/repository/org/apache/ratis/ratis-client/2.4.2-8b8bdda-SNAPSHOT/ratis-client-2.4.2-8b8bdda-SNAPSHOT.jar:/home/runner/.m2/repository/org/apache/ratis/ratis-server-api/2.4.2-8b8bdda-SNAPSHOT/ratis-server-api-2.4.2-8b8bdda-SNAPSHOT.jar:/home/runner/.m2/repository/org/apache/ratis/ratis-metrics/2.4.2-8b8bdda-SNAPSHOT/ratis-metrics-2.4.2-8b8bdda-SNAPSHOT.jar:/home/runner/.m2/repository/org/apache/ratis/ratis-netty/2.4.2-8b8bdda-SNAPSHOT/ratis-netty-2.4.2-8b8bdda-SNAPSHOT.jar:/home/runner/.m2/repository/org/apache/ratis/ratis-grpc/2.4.2-8b8bdda-SNAPSHOT/ratis-grpc-2.4.2-8b8bdda-SNAPSHOT.jar:/home/runner/.m2/repository/org/apache/logging/log4j/log4j-api/2.17.1/log4j-api-2.17.1.jar:/home/runner/.m2/repository/org/apache/commons/commons-pool2/2.6.0/commons-pool2-2.6.0.jar:/home/runner/.m2/repository/org/bouncycastle/bcpkix-jdk15on/1.67/bcpkix-jdk15on-1.67.jar:/home/runner/.m2/repository/org/bouncycastle/bcprov-jdk15on/1.67/bcprov-jdk15on-1.67.jar:/home/runner/.m2/repository/commons-validator/commons-validator/1.6/commons-validator-1.6.jar:/home/runner/.m2/repository/commons-beanutils/commons-beanutils/1.9.4/commons-beanutils-1.9.4.jar:/home/runner/.m2/repository/commons-digester/commons-digester/1.8.1/commons-digester-1.8.1.jar:/home/runner/.m2/repository/commons-collections/commons-collections/3.2.2/commons-collections-3.2.2.jar:/home/runner/.m2/repository/io/jaegertracing/jaeger-client/1.6.0/jaeger-client-1.6.0.jar:/home/runner/.m2/repository/io/jaegertracing/jaeger-thrift/1.6.0/jaeger-thrift-1.6.0.jar:/home/runner/.m2/repository/org/apache/thrift/libthrift/0.14.1/libthrift-0.14.1.jar:/home/runner/.m2/repository/io/jaegertracing/jaeger-core/1.6.0/jaeger-core-1.6.0.jar:/home/runner/.m2/repository/com/google/code/gson/gson/2.9.0/gson-2.9.0.jar:/home/runner/.m2/repository/io/jaegertracing/jaeger-tracerresolver/1.6.0/jaeger-tracerresolver-1.6.0.jar:/home/runner/.m2/repository/io/opentracing/contrib/opentracing-tracerresolver/0.1.8/opentracing-tracerresolver-0.1.8.jar:/home/runner/.m2/repository/org/jetbrains/kotlin/kotlin-stdlib/1.6.21/kotlin-stdlib-1.6.21.jar:/home/runner/.m2/repository/org/jetbrains/kotlin/kotlin-stdlib-common/1.6.21/kotlin-stdlib-common-1.6.21.jar:/home/runner/.m2/repository/org/jetbrains/annotations/13.0/annotations-13.0.jar:/home/runner/.m2/repository/io/opentracing/opentracing-util/0.33.0/opentracing-util-0.33.0.jar:/home/runner/.m2/repository/io/opentracing/opentracing-api/0.33.0/opentracing-api-0.33.0.jar:/home/runner/.m2/repository/io/opentracing/opentracing-noop/0.33.0/opentracing-noop-0.33.0.jar:/home/runner/.m2/repository/org/reflections/reflections/0.9.11/reflections-0.9.11.jar:/home/runner/.m2/repository/org/javassist/javassist/3.21.0-GA/javassist-3.21.0-GA.jar:/home/runner/work/ozone/ozone/hadoop-hdds/interface-client/target/classes:/home/runner/.m2/repository/org/apache/hadoop/thirdparty/hadoop-shaded-protobuf_3_7/1.1.1/hadoop-shaded-protobuf_3_7-1.1.1.jar:/home/runner/work/ozone/ozone/hadoop-hdds/interface-admin/target/classes:/home/runner/work/ozone/ozone/hadoop-hdds/test-utils/target/classes:/home/runner/.m2/repository/commons-logging/commons-logging/1.2/commons-logging-1.2.jar:/home/runner/.m2/repository/org/junit/jupiter/junit-jupiter-api/5.8.2/junit-jupiter-api-5.8.2.jar:/home/runner/.m2/repository/org/opentest4j/opentest4j/1.2.0/opentest4j-1.2.0.jar:/home/runner/.m2/repository/org/junit/platform/junit-platform-commons/1.8.2/junit-platform-commons-1.8.2.jar:/home/runner/.m2/repository/org/apiguardian/apiguardian-api/1.1.2/apiguardian-api-1.1.2.jar:/home/runner/.m2/repository/ch/qos/reload4j/reload4j/1.2.22/reload4j-1.2.22.jar:/home/runner/.m2/repository/org/slf4j/slf4j-api/1.7.36/slf4j-api-1.7.36.jar:/home/runner/.m2/repository/org/apache/commons/commons-compress/1.21/commons-compress-1.21.jar:/home/runner/work/ozone/ozone/hadoop-hdds/common/target/test-classes:/home/runner/work/ozone/ozone/hadoop-hdds/framework/target/classes:/home/runner/work/ozone/ozone/hadoop-hdds/interface-server/target/classes:/home/runner/work/ozone/ozone/hadoop-hdds/hadoop-dependency-server/target/classes:/home/runner/.m2/repository/commons-cli/commons-cli/1.2/commons-cli-1.2.jar:/home/runner/.m2/repository/org/apache/commons/commons-configuration2/2.1.1/commons-configuration2-2.1.1.jar:/home/runner/.m2/repository/org/apache/logging/log4j/log4j-core/2.17.1/log4j-core-2.17.1.jar:/home/runner/.m2/repository/com/lmax/disruptor/3.4.2/disruptor-3.4.2.jar:/home/runner/.m2/repository/org/eclipse/jetty/jetty-util/9.4.49.v20220914/jetty-util-9.4.49.v20220914.jar:/home/runner/.m2/repository/org/eclipse/jetty/jetty-server/9.4.49.v20220914/jetty-server-9.4.49.v20220914.jar:/home/runner/.m2/repository/javax/servlet/javax.servlet-api/3.1.0/javax.servlet-api-3.1.0.jar:/home/runner/.m2/repository/org/eclipse/jetty/jetty-http/9.4.49.v20220914/jetty-http-9.4.49.v20220914.jar:/home/runner/.m2/repository/org/eclipse/jetty/jetty-io/9.4.49.v20220914/jetty-io-9.4.49.v20220914.jar:/home/runner/.m2/repository/org/eclipse/jetty/jetty-servlet/9.4.49.v20220914/jetty-servlet-9.4.49.v20220914.jar:/home/runner/.m2/repository/org/eclipse/jetty/jetty-security/9.4.49.v20220914/jetty-security-9.4.49.v20220914.jar:/home/runner/.m2/repository/org/eclipse/jetty/jetty-util-ajax/9.4.49.v20220914/jetty-util-ajax-9.4.49.v20220914.jar:/home/runner/.m2/repository/org/eclipse/jetty/jetty-webapp/9.4.49.v20220914/jetty-webapp-9.4.49.v20220914.jar:/home/runner/.m2/repository/org/eclipse/jetty/jetty-xml/9.4.49.v20220914/jetty-xml-9.4.49.v20220914.jar:/home/runner/.m2/repository/org/rocksdb/rocksdbjni/7.7.3/rocksdbjni-7.7.3.jar:/home/runner/.m2/repository/io/prometheus/simpleclient_dropwizard/0.7.0/simpleclient_dropwizard-0.7.0.jar:/home/runner/.m2/repository/io/prometheus/simpleclient/0.7.0/simpleclient-0.7.0.jar:/home/runner/.m2/repository/io/prometheus/simpleclient_common/0.7.0/simpleclient_common-0.7.0.jar:/home/runner/.m2/repository/org/apache/hadoop/hadoop-hdfs-client/3.3.4/hadoop-hdfs-client-3.3.4.jar:/home/runner/.m2/repository/com/squareup/okhttp3/okhttp/4.9.3/okhttp-4.9.3.jar:/home/runner/.m2/repository/com/squareup/okio/okio/2.8.0/okio-2.8.0.jar:/home/runner/work/ozone/ozone/hadoop-hdds/client/target/classes:/home/runner/work/ozone/ozone/hadoop-hdds/erasurecode/target/classes:/home/runner/.m2/repository/commons-codec/commons-codec/1.15/commons-codec-1.15.jar:/home/runner/.m2/repository/io/dropwizard/metrics/metrics-core/3.2.4/metrics-core-3.2.4.jar:/home/runner/.m2/repository/org/mockito/mockito-core/2.28.2/mockito-core-2.28.2.jar:/home/runner/.m2/repository/net/bytebuddy/byte-buddy/1.9.10/byte-buddy-1.9.10.jar:/home/runner/.m2/repository/net/bytebuddy/byte-buddy-agent/1.9.10/byte-buddy-agent-1.9.10.jar:/home/runner/.m2/repository/org/objenesis/objenesis/1.0/objenesis-1.0.jar:/home/runner/.m2/repository/org/yaml/snakeyaml/1.33/snakeyaml-1.33.jar:/home/runner/work/ozone/ozone/hadoop-hdds/docs/target/classes:/home/runner/.m2/repository/com/github/spotbugs/spotbugs-annotations/3.1.12/spotbugs-annotations-3.1.12.jar:/home/runner/.m2/repository/com/google/code/findbugs/jsr305/3.0.0/jsr305-3.0.0.jar:/home/runner/.m2/repository/org/powermock/powermock-module-junit4/2.0.4/powermock-module-junit4-2.0.4.jar:/home/runner/.m2/repository/org/powermock/powermock-module-junit4-common/2.0.4/powermock-module-junit4-common-2.0.4.jar:/home/runner/.m2/repository/org/powermock/powermock-reflect/2.0.4/powermock-reflect-2.0.4.jar:/home/runner/.m2/repository/org/powermock/powermock-core/2.0.4/powermock-core-2.0.4.jar:/home/runner/.m2/repository/org/hamcrest/hamcrest-core/1.3/hamcrest-core-1.3.jar:/home/runner/.m2/repository/org/powermock/powermock-api-mockito2/2.0.4/powermock-api-mockito2-2.0.4.jar:/home/runner/.m2/repository/org/powermock/powermock-api-support/2.0.4/powermock-api-support-2.0.4.jar:/home/runner/work/ozone/ozone/hadoop-hdds/hadoop-dependency-test/target/classes:/home/runner/.m2/repository/org/apache/hadoop/hadoop-common/3.3.4/hadoop-common-3.3.4-tests.jar:/home/runner/.m2/repository/org/apache/hadoop/hadoop-hdfs/3.3.4/hadoop-hdfs-3.3.4-tests.jar:/home/runner/.m2/repository/org/assertj/assertj-core/3.12.2/assertj-core-3.12.2.jar:/home/runner/.m2/repository/org/slf4j/slf4j-reload4j/1.7.36/slf4j-reload4j-1.7.36.jar:/home/runner/.m2/repository/javax/xml/bind/jaxb-api/2.3.0/jaxb-api-2.3.0.jar:/home/runner/.m2/repository/org/glassfish/jaxb/jaxb-runtime/2.3.0.1/jaxb-runtime-2.3.0.1.jar:/home/runner/.m2/repository/org/glassfish/jaxb/jaxb-core/2.3.0.1/jaxb-core-2.3.0.1.jar:/home/runner/.m2/repository/org/glassfish/jaxb/txw2/2.3.0.1/txw2-2.3.0.1.jar:/home/runner/.m2/repository/com/sun/istack/istack-commons-runtime/3.0.5/istack-commons-runtime-3.0.5.jar:/home/runner/.m2/repository/org/jvnet/staxex/stax-ex/1.7.8/stax-ex-1.7.8.jar:/home/runner/.m2/repository/com/sun/xml/fastinfoset/FastInfoset/1.2.13/FastInfoset-1.2.13.jar:/home/runner/.m2/repository/io/netty/netty-transport/4.1.77.Final/netty-transport-4.1.77.Final.jar:/home/runner/.m2/repository/io/netty/netty-common/4.1.77.Final/netty-common-4.1.77.Final.jar:/home/runner/.m2/repository/io/netty/netty-buffer/4.1.77.Final/netty-buffer-4.1.77.Final.jar:/home/runner/.m2/repository/io/netty/netty-resolver/4.1.77.Final/netty-resolver-4.1.77.Final.jar:/home/runner/.m2/repository/io/netty/netty-codec/4.1.77.Final/netty-codec-4.1.77.Final.jar:/home/runner/.m2/repository/io/netty/netty-handler/4.1.77.Final/netty-handler-4.1.77.Final.jar:/home/runner/.m2/repository/org/apache/commons/commons-text/1.4/commons-text-1.4.jar:/home/runner/.m2/repository/org/mockito/mockito-junit-jupiter/2.28.2/mockito-junit-jupiter-2.28.2.jar:/home/runner/.m2/repository/junit/junit/4.13.1/junit-4.13.1.jar:"/>
    <property name="sun.cpu.endian" value="little"/>
    <property name="user.home" value="/home/runner"/>
    <property name="user.language" value="en"/>
    <property name="java.specification.vendor" value="Oracle Corporation"/>
    <property name="java.home" value="/usr/lib/jvm/temurin-8-jdk-amd64/jre"/>
    <property name="java.security.krb5.conf" value="/home/runner/work/ozone/ozone/hadoop-hdds/container-service/target/test-classes/krb5.conf"/>
    <property name="basedir" value="/home/runner/work/ozone/ozone/hadoop-hdds/container-service"/>
    <property name="file.separator" value="/"/>
    <property name="line.separator" value="&#10;"/>
    <property name="java.vm.specification.vendor" value="Oracle Corporation"/>
    <property name="java.specification.name" value="Java Platform API Specification"/>
    <property name="java.awt.graphicsenv" value="sun.awt.X11GraphicsEnvironment"/>
    <property name="skip.installnpx" value="true"/>
    <property name="surefire.real.class.path" value="/home/runner/work/ozone/ozone/hadoop-hdds/container-service/target/surefire/surefirebooter6339750009333259066.jar:/home/runner/.m2/repository/org/jacoco/org.jacoco.agent/0.8.5/org.jacoco.agent-0.8.5-runtime.jar"/>
    <property name="hadoop.log.dir" value="/home/runner/work/ozone/ozone/hadoop-hdds/container-service/target/log"/>
    <property name="sun.boot.class.path" value="/usr/lib/jvm/temurin-8-jdk-amd64/jre/lib/resources.jar:/usr/lib/jvm/temurin-8-jdk-amd64/jre/lib/rt.jar:/usr/lib/jvm/temurin-8-jdk-amd64/jre/lib/sunrsasign.jar:/usr/lib/jvm/temurin-8-jdk-amd64/jre/lib/jsse.jar:/usr/lib/jvm/temurin-8-jdk-amd64/jre/lib/jce.jar:/usr/lib/jvm/temurin-8-jdk-amd64/jre/lib/charsets.jar:/usr/lib/jvm/temurin-8-jdk-amd64/jre/lib/jfr.jar:/usr/lib/jvm/temurin-8-jdk-amd64/jre/classes"/>
    <property name="sun.management.compiler" value="HotSpot 64-Bit Tiered Compilers"/>
    <property name="skip.npx" value="true"/>
    <property name="java.runtime.version" value="1.8.0_352-b08"/>
    <property name="java.net.preferIPv4Stack" value="true"/>
    <property name="user.name" value="runner"/>
    <property name="path.separator" value=":"/>
    <property name="java.security.egd" value="file:///dev/urandom"/>
    <property name="os.version" value="5.15.0-1023-azure"/>
    <property name="java.endorsed.dirs" value="/usr/lib/jvm/temurin-8-jdk-amd64/jre/lib/endorsed"/>
    <property name="java.runtime.name" value="OpenJDK Runtime Environment"/>
    <property name="file.encoding" value="UTF-8"/>
    <property name="java.vm.name" value="OpenJDK 64-Bit Server VM"/>
    <property name="test.build.webapps" value=""/>
    <property name="localRepository" value="/home/runner/.m2/repository"/>
    <property name="java.vendor.url.bug" value="https://github.com/adoptium/adoptium-support/issues"/>
    <property name="java.io.tmpdir" value="/tmp"/>
    <property name="require.test.libhadoop" value=""/>
    <property name="java.version" value="1.8.0_352"/>
    <property name="user.dir" value="/home/runner/work/ozone/ozone/hadoop-hdds/container-service"/>
    <property name="os.arch" value="amd64"/>
    <property name="java.vm.specification.name" value="Java Virtual Machine Specification"/>
    <property name="test.build.classes" value="/home/runner/work/ozone/ozone/hadoop-hdds/container-service/target/test-classes"/>
    <property name="java.awt.printerjob" value="sun.print.PSPrinterJob"/>
    <property name="sun.os.patch.level" value="unknown"/>
    <property name="hadoop.tmp.dir" value="/home/runner/work/ozone/ozone/hadoop-hdds/container-service/target/tmp"/>
    <property name="java.library.path" value="/usr/java/packages/lib/amd64:/usr/lib64:/lib64:/lib:/usr/lib"/>
    <property name="java.vm.info" value="mixed mode"/>
    <property name="java.vendor" value="Temurin"/>
    <property name="java.vm.version" value="25.352-b08"/>
    <property name="java.specification.maintenance.version" value="4"/>
    <property name="java.ext.dirs" value="/usr/lib/jvm/temurin-8-jdk-amd64/jre/lib/ext:/usr/java/packages/lib/ext"/>
    <property name="sun.io.unicode.encoding" value="UnicodeLittle"/>
    <property name="java.class.version" value="52.0"/>
  </properties>
  <testcase name="testContainerThrottle" classname="TestBlockDeletingService" time="0">
    <skipped/>
  </testcase>
  <testcase name="testContainerThrottle" classname="TestBlockDeletingService" time="0">
    <skipped/>
  </testcase>
  <testcase name="testContainerThrottle" classname="TestBlockDeletingService" time="0">
    <skipped/>
  </testcase>
  <testcase name="testContainerThrottle" classname="TestBlockDeletingService" time="0">
    <skipped/>
  </testcase>
  <testcase name="testContainerThrottle" classname="TestBlockDeletingService" time="0">
    <skipped/>
  </testcase>
  <testcase name="testContainerThrottle" classname="TestBlockDeletingService" time="0">
    <skipped/>
  </testcase>
  <testcase name="testWithUnrecordedBlocks" classname="TestBlockDeletingService" time="0">
    <skipped type="org.junit.AssumptionViolatedException"><![CDATA[org.junit.AssumptionViolatedException: got: <true>, expected: is <false>
	at org.junit.Assume.assumeThat(Assume.java:106)
	at org.junit.Assume.assumeFalse(Assume.java:57)
	at org.apache.hadoop.ozone.container.common.TestBlockDeletingService.testWithUnrecordedBlocks(TestBlockDeletingService.java:517)
	at sun.reflect.NativeMethodAccessorImpl.invoke0(Native Method)
	at sun.reflect.NativeMethodAccessorImpl.invoke(NativeMethodAccessorImpl.java:62)
	at sun.reflect.DelegatingMethodAccessorImpl.invoke(DelegatingMethodAccessorImpl.java:43)
	at java.lang.reflect.Method.invoke(Method.java:498)
	at org.junit.runners.model.FrameworkMethod$1.runReflectiveCall(FrameworkMethod.java:59)
	at org.junit.internal.runners.model.ReflectiveCallable.run(ReflectiveCallable.java:12)
	at org.junit.runners.model.FrameworkMethod.invokeExplosively(FrameworkMethod.java:56)
	at org.junit.internal.runners.statements.InvokeMethod.evaluate(InvokeMethod.java:17)
	at org.junit.internal.runners.statements.RunBefores.evaluate(RunBefores.java:26)
	at org.junit.internal.runners.statements.RunAfters.evaluate(RunAfters.java:27)
	at org.junit.runners.ParentRunner$3.evaluate(ParentRunner.java:306)
	at org.junit.runners.BlockJUnit4ClassRunner$1.evaluate(BlockJUnit4ClassRunner.java:100)
	at org.junit.runners.ParentRunner.runLeaf(ParentRunner.java:366)
	at org.junit.runners.BlockJUnit4ClassRunner.runChild(BlockJUnit4ClassRunner.java:103)
	at org.junit.runners.BlockJUnit4ClassRunner.runChild(BlockJUnit4ClassRunner.java:63)
	at org.junit.runners.ParentRunner$4.run(ParentRunner.java:331)
	at org.junit.runners.ParentRunner$1.schedule(ParentRunner.java:79)
	at org.junit.runners.ParentRunner.runChildren(ParentRunner.java:329)
	at org.junit.runners.ParentRunner.access$100(ParentRunner.java:66)
	at org.junit.runners.ParentRunner$2.evaluate(ParentRunner.java:293)
	at org.junit.runners.ParentRunner.run(ParentRunner.java:413)
	at org.junit.runners.Suite.runChild(Suite.java:128)
	at org.junit.runners.Suite.runChild(Suite.java:27)
	at org.junit.runners.ParentRunner$4.run(ParentRunner.java:331)
	at org.junit.runners.ParentRunner$1.schedule(ParentRunner.java:79)
	at org.junit.runners.ParentRunner.runChildren(ParentRunner.java:329)
	at org.junit.runners.ParentRunner.access$100(ParentRunner.java:66)
	at org.junit.runners.ParentRunner$2.evaluate(ParentRunner.java:293)
	at org.junit.runners.ParentRunner$3.evaluate(ParentRunner.java:306)
	at org.junit.runners.ParentRunner.run(ParentRunner.java:413)
	at org.junit.runner.JUnitCore.run(JUnitCore.java:137)
	at org.junit.runner.JUnitCore.run(JUnitCore.java:115)
	at org.junit.vintage.engine.execution.RunnerExecutor.execute(RunnerExecutor.java:42)
	at org.junit.vintage.engine.VintageTestEngine.executeAllChildren(VintageTestEngine.java:80)
	at org.junit.vintage.engine.VintageTestEngine.execute(VintageTestEngine.java:72)
	at org.junit.platform.launcher.core.EngineExecutionOrchestrator.execute(EngineExecutionOrchestrator.java:107)
	at org.junit.platform.launcher.core.EngineExecutionOrchestrator.execute(EngineExecutionOrchestrator.java:88)
	at org.junit.platform.launcher.core.EngineExecutionOrchestrator.lambda$execute$0(EngineExecutionOrchestrator.java:54)
	at org.junit.platform.launcher.core.EngineExecutionOrchestrator.withInterceptedStreams(EngineExecutionOrchestrator.java:67)
	at org.junit.platform.launcher.core.EngineExecutionOrchestrator.execute(EngineExecutionOrchestrator.java:52)
	at org.junit.platform.launcher.core.DefaultLauncher.execute(DefaultLauncher.java:114)
	at org.junit.platform.launcher.core.DefaultLauncher.execute(DefaultLauncher.java:86)
	at org.junit.platform.launcher.core.DefaultLauncherSession$DelegatingLauncher.execute(DefaultLauncherSession.java:86)
	at org.junit.platform.launcher.core.SessionPerRequestLauncher.execute(SessionPerRequestLauncher.java:53)
	at org.apache.maven.surefire.junitplatform.JUnitPlatformProvider.execute(JUnitPlatformProvider.java:188)
	at org.apache.maven.surefire.junitplatform.JUnitPlatformProvider.invokeAllTests(JUnitPlatformProvider.java:154)
	at org.apache.maven.surefire.junitplatform.JUnitPlatformProvider.invoke(JUnitPlatformProvider.java:124)
	at org.apache.maven.surefire.booter.ForkedBooter.runSuitesInProcess(ForkedBooter.java:428)
	at org.apache.maven.surefire.booter.ForkedBooter.execute(ForkedBooter.java:162)
	at org.apache.maven.surefire.booter.ForkedBooter.run(ForkedBooter.java:562)
	at org.apache.maven.surefire.booter.ForkedBooter.main(ForkedBooter.java:548)
]]></skipped>
    <system-out><![CDATA[2022-12-09 20:12:54,183 [main] INFO  volume.HddsVolume (HddsVolume.java:<init>(117)) - Creating HddsVolume: /home/runner/work/ozone/ozone/hadoop-hdds/container-service/target/test-dir/TestBlockDeletingService/hdds of storage type : DISK capacity : 9223372036854775807
2022-12-09 20:12:54,193 [main] INFO  volume.MutableVolumeSet (MutableVolumeSet.java:initializeVolumeSet(174)) - Added Volume : /home/runner/work/ozone/ozone/hadoop-hdds/container-service/target/test-dir/TestBlockDeletingService/hdds to VolumeSet
]]></system-out>
  </testcase>
  <testcase name="testWithUnrecordedBlocks" classname="TestBlockDeletingService" time="0.833">
    <system-out><![CDATA[2022-12-09 20:12:59,689 [main] INFO  volume.HddsVolume (HddsVolume.java:<init>(117)) - Creating HddsVolume: /home/runner/work/ozone/ozone/hadoop-hdds/container-service/target/test-dir/TestBlockDeletingService/hdds of storage type : DISK capacity : 9223372036854775807
2022-12-09 20:12:59,691 [main] INFO  volume.MutableVolumeSet (MutableVolumeSet.java:initializeVolumeSet(174)) - Added Volume : /home/runner/work/ozone/ozone/hadoop-hdds/container-service/target/test-dir/TestBlockDeletingService/hdds to VolumeSet
2022-12-09 20:12:59,999 [BlockDeletingService#0] INFO  impl.FilePerChunkStrategy (FilePerChunkStrategy.java:deleteChunk(322)) - Deleted chunk file /home/runner/work/ozone/ozone/hadoop-hdds/container-service/target/test-dir/TestBlockDeletingService/hdds/ecc80acb-9e57-4487-89d6-29c9530eb8a8/current/containerDir133/1670616779748/chunks/1670616779788_chunk_0_block_0 (size 100) for chunk ChunkInfo{chunkName='1670616779788_chunk_0_block_0, offset=0, len=100}
2022-12-09 20:13:00,000 [BlockDeletingService#0] INFO  impl.FilePerChunkStrategy (FilePerChunkStrategy.java:deleteChunk(322)) - Deleted chunk file /home/runner/work/ozone/ozone/hadoop-hdds/container-service/target/test-dir/TestBlockDeletingService/hdds/ecc80acb-9e57-4487-89d6-29c9530eb8a8/current/containerDir133/1670616779748/chunks/1670616779810_chunk_0_block_1 (size 100) for chunk ChunkInfo{chunkName='1670616779810_chunk_0_block_1, offset=0, len=100}
2022-12-09 20:13:00,001 [BlockDeletingService#0] WARN  utils.BackgroundService (BackgroundService.java:lambda$run$0(130)) - BlockDeletingService Background task execution took 7843492ns > 0ns(timeout)
2022-12-09 20:13:00,093 [BlockDeletingService#0] INFO  impl.FilePerChunkStrategy (FilePerChunkStrategy.java:deleteChunk(322)) - Deleted chunk file /home/runner/work/ozone/ozone/hadoop-hdds/container-service/target/test-dir/TestBlockDeletingService/hdds/ecc80acb-9e57-4487-89d6-29c9530eb8a8/current/containerDir133/1670616779748/chunks/1670616779814_chunk_0_block_2 (size 100) for chunk ChunkInfo{chunkName='1670616779814_chunk_0_block_2, offset=0, len=100}
2022-12-09 20:13:00,098 [BlockDeletingService#0] INFO  keyvalue.KeyValueHandler (KeyValueHandler.java:deleteUnreferenced(1155)) - Deleted unreferenced chunk/block 1503923574329_chunk_0 in container 1670616779748
2022-12-09 20:13:00,099 [BlockDeletingService#0] INFO  keyvalue.KeyValueHandler (KeyValueHandler.java:deleteUnreferenced(1155)) - Deleted unreferenced chunk/block 1503923623031_chunk_0 in container 1670616779748
2022-12-09 20:13:00,099 [BlockDeletingService#0] WARN  keyvalue.KeyValueHandler (KeyValueHandler.java:deleteUnreferenced(1145)) - Missing delete block(Container = 1670616779748, Block = 1503923625832
2022-12-09 20:13:00,099 [BlockDeletingService#0] WARN  keyvalue.KeyValueHandler (KeyValueHandler.java:deleteUnreferenced(1145)) - Missing delete block(Container = 1670616779748, Block = 1503923627433
2022-12-09 20:13:00,100 [BlockDeletingService#0] WARN  utils.BackgroundService (BackgroundService.java:lambda$run$0(130)) - BlockDeletingService Background task execution took 8219697ns > 0ns(timeout)
2022-12-09 20:13:00,194 [BlockDeletingService#1] INFO  impl.FilePerChunkStrategy (FilePerChunkStrategy.java:deleteChunk(322)) - Deleted chunk file /home/runner/work/ozone/ozone/hadoop-hdds/container-service/target/test-dir/TestBlockDeletingService/hdds/ecc80acb-9e57-4487-89d6-29c9530eb8a8/current/containerDir134/1670616779816/chunks/1670616779871_chunk_0_block_0 (size 100) for chunk ChunkInfo{chunkName='1670616779871_chunk_0_block_0, offset=0, len=100}
2022-12-09 20:13:00,194 [BlockDeletingService#1] INFO  impl.FilePerChunkStrategy (FilePerChunkStrategy.java:deleteChunk(322)) - Deleted chunk file /home/runner/work/ozone/ozone/hadoop-hdds/container-service/target/test-dir/TestBlockDeletingService/hdds/ecc80acb-9e57-4487-89d6-29c9530eb8a8/current/containerDir134/1670616779816/chunks/1670616779876_chunk_0_block_1 (size 100) for chunk ChunkInfo{chunkName='1670616779876_chunk_0_block_1, offset=0, len=100}
2022-12-09 20:13:00,195 [BlockDeletingService#1] WARN  utils.BackgroundService (BackgroundService.java:lambda$run$0(130)) - BlockDeletingService Background task execution took 2624831ns > 0ns(timeout)
2022-12-09 20:13:00,293 [BlockDeletingService#0] INFO  impl.FilePerChunkStrategy (FilePerChunkStrategy.java:deleteChunk(322)) - Deleted chunk file /home/runner/work/ozone/ozone/hadoop-hdds/container-service/target/test-dir/TestBlockDeletingService/hdds/ecc80acb-9e57-4487-89d6-29c9530eb8a8/current/containerDir134/1670616779816/chunks/1670616779879_chunk_0_block_2 (size 100) for chunk ChunkInfo{chunkName='1670616779879_chunk_0_block_2, offset=0, len=100}
2022-12-09 20:13:00,293 [BlockDeletingService#0] WARN  utils.BackgroundService (BackgroundService.java:lambda$run$0(130)) - BlockDeletingService Background task execution took 1536718ns > 0ns(timeout)
2022-12-09 20:13:00,492 [main] INFO  utils.BackgroundService (BackgroundService.java:shutdown(141)) - Shutting down service BlockDeletingService
]]></system-out>
  </testcase>
  <testcase name="testWithUnrecordedBlocks" classname="TestBlockDeletingService" time="0.775">
    <system-out><![CDATA[2022-12-09 20:13:02,611 [main] INFO  volume.HddsVolume (HddsVolume.java:<init>(117)) - Creating HddsVolume: /home/runner/work/ozone/ozone/hadoop-hdds/container-service/target/test-dir/TestBlockDeletingService/hdds of storage type : DISK capacity : 9223372036854775807
2022-12-09 20:13:02,613 [main] INFO  volume.MutableVolumeSet (MutableVolumeSet.java:initializeVolumeSet(174)) - Added Volume : /home/runner/work/ozone/ozone/hadoop-hdds/container-service/target/test-dir/TestBlockDeletingService/hdds to VolumeSet
2022-12-09 20:13:02,660 [main] INFO  utils.DatanodeStoreCache (DatanodeStoreCache.java:addDB(58)) - Added db /home/runner/work/ozone/ozone/hadoop-hdds/container-service/target/test-dir/TestBlockDeletingService/hdds/b1274db4-15e4-4872-9864-6626e9e0aae4/DS-b714738c-c2cf-4a65-a922-637e858a210d/container.db to cache
2022-12-09 20:13:02,660 [main] INFO  volume.HddsVolume (HddsVolume.java:createDbStore(307)) - SchemaV3 db is created and loaded at /home/runner/work/ozone/ozone/hadoop-hdds/container-service/target/test-dir/TestBlockDeletingService/hdds/b1274db4-15e4-4872-9864-6626e9e0aae4/DS-b714738c-c2cf-4a65-a922-637e858a210d/container.db for volume DS-b714738c-c2cf-4a65-a922-637e858a210d
2022-12-09 20:13:02,864 [BlockDeletingService#0] INFO  impl.FilePerChunkStrategy (FilePerChunkStrategy.java:deleteChunk(322)) - Deleted chunk file /home/runner/work/ozone/ozone/hadoop-hdds/container-service/target/test-dir/TestBlockDeletingService/hdds/b1274db4-15e4-4872-9864-6626e9e0aae4/current/containerDir139/1670616782712/chunks/1670616782718_chunk_0_block_0 (size 100) for chunk ChunkInfo{chunkName='1670616782718_chunk_0_block_0, offset=0, len=100}
2022-12-09 20:13:02,864 [BlockDeletingService#0] WARN  keyvalue.KeyValueHandler (KeyValueHandler.java:deleteUnreferenced(1145)) - Missing delete block(Container = 1670616782712, Block = 1506795270230
2022-12-09 20:13:02,864 [BlockDeletingService#0] INFO  keyvalue.KeyValueHandler (KeyValueHandler.java:deleteUnreferenced(1155)) - Deleted unreferenced chunk/block 1506795287832_chunk_0 in container 1670616782712
2022-12-09 20:13:02,865 [BlockDeletingService#0] INFO  keyvalue.KeyValueHandler (KeyValueHandler.java:deleteUnreferenced(1155)) - Deleted unreferenced chunk/block 1506795290333_chunk_0 in container 1670616782712
2022-12-09 20:13:02,865 [BlockDeletingService#0] WARN  keyvalue.KeyValueHandler (KeyValueHandler.java:deleteUnreferenced(1145)) - Missing delete block(Container = 1670616782712, Block = 1506795292234
2022-12-09 20:13:02,866 [BlockDeletingService#0] WARN  utils.BackgroundService (BackgroundService.java:lambda$run$0(130)) - BlockDeletingService Background task execution took 4510053ns > 0ns(timeout)
2022-12-09 20:13:02,962 [BlockDeletingService#0] INFO  impl.FilePerChunkStrategy (FilePerChunkStrategy.java:deleteChunk(322)) - Deleted chunk file /home/runner/work/ozone/ozone/hadoop-hdds/container-service/target/test-dir/TestBlockDeletingService/hdds/b1274db4-15e4-4872-9864-6626e9e0aae4/current/containerDir139/1670616782727/chunks/1670616782733_chunk_0_block_0 (size 100) for chunk ChunkInfo{chunkName='1670616782733_chunk_0_block_0, offset=0, len=100}
2022-12-09 20:13:02,963 [BlockDeletingService#0] INFO  impl.FilePerChunkStrategy (FilePerChunkStrategy.java:deleteChunk(322)) - Deleted chunk file /home/runner/work/ozone/ozone/hadoop-hdds/container-service/target/test-dir/TestBlockDeletingService/hdds/b1274db4-15e4-4872-9864-6626e9e0aae4/current/containerDir139/1670616782727/chunks/1670616782743_chunk_0_block_1 (size 100) for chunk ChunkInfo{chunkName='1670616782743_chunk_0_block_1, offset=0, len=100}
2022-12-09 20:13:02,963 [BlockDeletingService#0] WARN  utils.BackgroundService (BackgroundService.java:lambda$run$0(130)) - BlockDeletingService Background task execution took 1881122ns > 0ns(timeout)
2022-12-09 20:13:03,062 [BlockDeletingService#1] INFO  impl.FilePerChunkStrategy (FilePerChunkStrategy.java:deleteChunk(322)) - Deleted chunk file /home/runner/work/ozone/ozone/hadoop-hdds/container-service/target/test-dir/TestBlockDeletingService/hdds/b1274db4-15e4-4872-9864-6626e9e0aae4/current/containerDir139/1670616782712/chunks/1670616782722_chunk_0_block_1 (size 100) for chunk ChunkInfo{chunkName='1670616782722_chunk_0_block_1, offset=0, len=100}
2022-12-09 20:13:03,062 [BlockDeletingService#1] INFO  impl.FilePerChunkStrategy (FilePerChunkStrategy.java:deleteChunk(322)) - Deleted chunk file /home/runner/work/ozone/ozone/hadoop-hdds/container-service/target/test-dir/TestBlockDeletingService/hdds/b1274db4-15e4-4872-9864-6626e9e0aae4/current/containerDir139/1670616782712/chunks/1670616782726_chunk_0_block_2 (size 100) for chunk ChunkInfo{chunkName='1670616782726_chunk_0_block_2, offset=0, len=100}
2022-12-09 20:13:03,063 [BlockDeletingService#1] WARN  utils.BackgroundService (BackgroundService.java:lambda$run$0(130)) - BlockDeletingService Background task execution took 2506730ns > 0ns(timeout)
2022-12-09 20:13:03,162 [BlockDeletingService#0] INFO  impl.FilePerChunkStrategy (FilePerChunkStrategy.java:deleteChunk(322)) - Deleted chunk file /home/runner/work/ozone/ozone/hadoop-hdds/container-service/target/test-dir/TestBlockDeletingService/hdds/b1274db4-15e4-4872-9864-6626e9e0aae4/current/containerDir139/1670616782727/chunks/1670616782747_chunk_0_block_2 (size 100) for chunk ChunkInfo{chunkName='1670616782747_chunk_0_block_2, offset=0, len=100}
2022-12-09 20:13:03,162 [BlockDeletingService#0] WARN  utils.BackgroundService (BackgroundService.java:lambda$run$0(130)) - BlockDeletingService Background task execution took 1306316ns > 0ns(timeout)
2022-12-09 20:13:03,360 [main] INFO  utils.BackgroundService (BackgroundService.java:shutdown(141)) - Shutting down service BlockDeletingService
]]></system-out>
  </testcase>
  <testcase name="testWithUnrecordedBlocks" classname="TestBlockDeletingService" time="0">
    <skipped type="org.junit.AssumptionViolatedException"><![CDATA[org.junit.AssumptionViolatedException: got: <true>, expected: is <false>
	at org.junit.Assume.assumeThat(Assume.java:106)
	at org.junit.Assume.assumeFalse(Assume.java:57)
	at org.apache.hadoop.ozone.container.common.TestBlockDeletingService.testWithUnrecordedBlocks(TestBlockDeletingService.java:517)
	at sun.reflect.NativeMethodAccessorImpl.invoke0(Native Method)
	at sun.reflect.NativeMethodAccessorImpl.invoke(NativeMethodAccessorImpl.java:62)
	at sun.reflect.DelegatingMethodAccessorImpl.invoke(DelegatingMethodAccessorImpl.java:43)
	at java.lang.reflect.Method.invoke(Method.java:498)
	at org.junit.runners.model.FrameworkMethod$1.runReflectiveCall(FrameworkMethod.java:59)
	at org.junit.internal.runners.model.ReflectiveCallable.run(ReflectiveCallable.java:12)
	at org.junit.runners.model.FrameworkMethod.invokeExplosively(FrameworkMethod.java:56)
	at org.junit.internal.runners.statements.InvokeMethod.evaluate(InvokeMethod.java:17)
	at org.junit.internal.runners.statements.RunBefores.evaluate(RunBefores.java:26)
	at org.junit.internal.runners.statements.RunAfters.evaluate(RunAfters.java:27)
	at org.junit.runners.ParentRunner$3.evaluate(ParentRunner.java:306)
	at org.junit.runners.BlockJUnit4ClassRunner$1.evaluate(BlockJUnit4ClassRunner.java:100)
	at org.junit.runners.ParentRunner.runLeaf(ParentRunner.java:366)
	at org.junit.runners.BlockJUnit4ClassRunner.runChild(BlockJUnit4ClassRunner.java:103)
	at org.junit.runners.BlockJUnit4ClassRunner.runChild(BlockJUnit4ClassRunner.java:63)
	at org.junit.runners.ParentRunner$4.run(ParentRunner.java:331)
	at org.junit.runners.ParentRunner$1.schedule(ParentRunner.java:79)
	at org.junit.runners.ParentRunner.runChildren(ParentRunner.java:329)
	at org.junit.runners.ParentRunner.access$100(ParentRunner.java:66)
	at org.junit.runners.ParentRunner$2.evaluate(ParentRunner.java:293)
	at org.junit.runners.ParentRunner.run(ParentRunner.java:413)
	at org.junit.runners.Suite.runChild(Suite.java:128)
	at org.junit.runners.Suite.runChild(Suite.java:27)
	at org.junit.runners.ParentRunner$4.run(ParentRunner.java:331)
	at org.junit.runners.ParentRunner$1.schedule(ParentRunner.java:79)
	at org.junit.runners.ParentRunner.runChildren(ParentRunner.java:329)
	at org.junit.runners.ParentRunner.access$100(ParentRunner.java:66)
	at org.junit.runners.ParentRunner$2.evaluate(ParentRunner.java:293)
	at org.junit.runners.ParentRunner$3.evaluate(ParentRunner.java:306)
	at org.junit.runners.ParentRunner.run(ParentRunner.java:413)
	at org.junit.runner.JUnitCore.run(JUnitCore.java:137)
	at org.junit.runner.JUnitCore.run(JUnitCore.java:115)
	at org.junit.vintage.engine.execution.RunnerExecutor.execute(RunnerExecutor.java:42)
	at org.junit.vintage.engine.VintageTestEngine.executeAllChildren(VintageTestEngine.java:80)
	at org.junit.vintage.engine.VintageTestEngine.execute(VintageTestEngine.java:72)
	at org.junit.platform.launcher.core.EngineExecutionOrchestrator.execute(EngineExecutionOrchestrator.java:107)
	at org.junit.platform.launcher.core.EngineExecutionOrchestrator.execute(EngineExecutionOrchestrator.java:88)
	at org.junit.platform.launcher.core.EngineExecutionOrchestrator.lambda$execute$0(EngineExecutionOrchestrator.java:54)
	at org.junit.platform.launcher.core.EngineExecutionOrchestrator.withInterceptedStreams(EngineExecutionOrchestrator.java:67)
	at org.junit.platform.launcher.core.EngineExecutionOrchestrator.execute(EngineExecutionOrchestrator.java:52)
	at org.junit.platform.launcher.core.DefaultLauncher.execute(DefaultLauncher.java:114)
	at org.junit.platform.launcher.core.DefaultLauncher.execute(DefaultLauncher.java:86)
	at org.junit.platform.launcher.core.DefaultLauncherSession$DelegatingLauncher.execute(DefaultLauncherSession.java:86)
	at org.junit.platform.launcher.core.SessionPerRequestLauncher.execute(SessionPerRequestLauncher.java:53)
	at org.apache.maven.surefire.junitplatform.JUnitPlatformProvider.execute(JUnitPlatformProvider.java:188)
	at org.apache.maven.surefire.junitplatform.JUnitPlatformProvider.invokeAllTests(JUnitPlatformProvider.java:154)
	at org.apache.maven.surefire.junitplatform.JUnitPlatformProvider.invoke(JUnitPlatformProvider.java:124)
	at org.apache.maven.surefire.booter.ForkedBooter.runSuitesInProcess(ForkedBooter.java:428)
	at org.apache.maven.surefire.booter.ForkedBooter.execute(ForkedBooter.java:162)
	at org.apache.maven.surefire.booter.ForkedBooter.run(ForkedBooter.java:562)
	at org.apache.maven.surefire.booter.ForkedBooter.main(ForkedBooter.java:548)
]]></skipped>
    <system-out><![CDATA[2022-12-09 20:13:05,433 [main] INFO  volume.HddsVolume (HddsVolume.java:<init>(117)) - Creating HddsVolume: /home/runner/work/ozone/ozone/hadoop-hdds/container-service/target/test-dir/TestBlockDeletingService/hdds of storage type : DISK capacity : 9223372036854775807
2022-12-09 20:13:05,435 [main] INFO  volume.MutableVolumeSet (MutableVolumeSet.java:initializeVolumeSet(174)) - Added Volume : /home/runner/work/ozone/ozone/hadoop-hdds/container-service/target/test-dir/TestBlockDeletingService/hdds to VolumeSet
]]></system-out>
  </testcase>
  <testcase name="testWithUnrecordedBlocks" classname="TestBlockDeletingService" time="0.771">
    <system-out><![CDATA[2022-12-09 20:13:07,546 [main] INFO  volume.HddsVolume (HddsVolume.java:<init>(117)) - Creating HddsVolume: /home/runner/work/ozone/ozone/hadoop-hdds/container-service/target/test-dir/TestBlockDeletingService/hdds of storage type : DISK capacity : 9223372036854775807
2022-12-09 20:13:07,548 [main] INFO  volume.MutableVolumeSet (MutableVolumeSet.java:initializeVolumeSet(174)) - Added Volume : /home/runner/work/ozone/ozone/hadoop-hdds/container-service/target/test-dir/TestBlockDeletingService/hdds to VolumeSet
2022-12-09 20:13:07,800 [BlockDeletingService#0] INFO  impl.FilePerBlockStrategy (FilePerBlockStrategy.java:deleteChunk(232)) - Deleted block file: /home/runner/work/ozone/ozone/hadoop-hdds/container-service/target/test-dir/TestBlockDeletingService/hdds/0903112c-867a-470f-b424-178f5c01880e/current/containerDir149/1670616787604/chunks/1670616787638.block
2022-12-09 20:13:07,801 [BlockDeletingService#0] INFO  impl.FilePerBlockStrategy (FilePerBlockStrategy.java:deleteChunk(232)) - Deleted block file: /home/runner/work/ozone/ozone/hadoop-hdds/container-service/target/test-dir/TestBlockDeletingService/hdds/0903112c-867a-470f-b424-178f5c01880e/current/containerDir149/1670616787604/chunks/1670616787641.block
2022-12-09 20:13:07,801 [BlockDeletingService#0] WARN  utils.BackgroundService (BackgroundService.java:lambda$run$0(130)) - BlockDeletingService Background task execution took 1330916ns > 0ns(timeout)
2022-12-09 20:13:07,901 [BlockDeletingService#0] INFO  impl.FilePerBlockStrategy (FilePerBlockStrategy.java:deleteChunk(232)) - Deleted block file: /home/runner/work/ozone/ozone/hadoop-hdds/container-service/target/test-dir/TestBlockDeletingService/hdds/0903112c-867a-470f-b424-178f5c01880e/current/containerDir149/1670616787604/chunks/1670616787645.block
2022-12-09 20:13:07,901 [BlockDeletingService#0] WARN  keyvalue.KeyValueHandler (KeyValueHandler.java:deleteUnreferenced(1145)) - Missing delete block(Container = 1670616787604, Block = 1511735398982
2022-12-09 20:13:07,901 [BlockDeletingService#0] WARN  keyvalue.KeyValueHandler (KeyValueHandler.java:deleteUnreferenced(1145)) - Missing delete block(Container = 1670616787604, Block = 1511735422183
2022-12-09 20:13:07,901 [BlockDeletingService#0] INFO  keyvalue.KeyValueHandler (KeyValueHandler.java:deleteUnreferenced(1155)) - Deleted unreferenced chunk/block 1511735423884.block in container 1670616787604
2022-12-09 20:13:07,901 [BlockDeletingService#0] INFO  keyvalue.KeyValueHandler (KeyValueHandler.java:deleteUnreferenced(1155)) - Deleted unreferenced chunk/block 1511735424785.block in container 1670616787604
2022-12-09 20:13:07,902 [BlockDeletingService#0] WARN  utils.BackgroundService (BackgroundService.java:lambda$run$0(130)) - BlockDeletingService Background task execution took 1583119ns > 0ns(timeout)
2022-12-09 20:13:08,003 [BlockDeletingService#1] INFO  impl.FilePerBlockStrategy (FilePerBlockStrategy.java:deleteChunk(232)) - Deleted block file: /home/runner/work/ozone/ozone/hadoop-hdds/container-service/target/test-dir/TestBlockDeletingService/hdds/0903112c-867a-470f-b424-178f5c01880e/current/containerDir149/1670616787646/chunks/1670616787685.block
2022-12-09 20:13:08,004 [BlockDeletingService#1] INFO  impl.FilePerBlockStrategy (FilePerBlockStrategy.java:deleteChunk(232)) - Deleted block file: /home/runner/work/ozone/ozone/hadoop-hdds/container-service/target/test-dir/TestBlockDeletingService/hdds/0903112c-867a-470f-b424-178f5c01880e/current/containerDir149/1670616787646/chunks/1670616787690.block
2022-12-09 20:13:08,004 [BlockDeletingService#1] WARN  utils.BackgroundService (BackgroundService.java:lambda$run$0(130)) - BlockDeletingService Background task execution took 3255738ns > 0ns(timeout)
2022-12-09 20:13:08,100 [BlockDeletingService#0] INFO  impl.FilePerBlockStrategy (FilePerBlockStrategy.java:deleteChunk(232)) - Deleted block file: /home/runner/work/ozone/ozone/hadoop-hdds/container-service/target/test-dir/TestBlockDeletingService/hdds/0903112c-867a-470f-b424-178f5c01880e/current/containerDir149/1670616787646/chunks/1670616787693.block
2022-12-09 20:13:08,101 [BlockDeletingService#0] WARN  utils.BackgroundService (BackgroundService.java:lambda$run$0(130)) - BlockDeletingService Background task execution took 1120913ns > 0ns(timeout)
2022-12-09 20:13:08,299 [main] INFO  utils.BackgroundService (BackgroundService.java:shutdown(141)) - Shutting down service BlockDeletingService
]]></system-out>
  </testcase>
  <testcase name="testWithUnrecordedBlocks" classname="TestBlockDeletingService" time="0.746">
    <system-out><![CDATA[2022-12-09 20:13:10,503 [main] INFO  volume.HddsVolume (HddsVolume.java:<init>(117)) - Creating HddsVolume: /home/runner/work/ozone/ozone/hadoop-hdds/container-service/target/test-dir/TestBlockDeletingService/hdds of storage type : DISK capacity : 9223372036854775807
2022-12-09 20:13:10,505 [main] INFO  volume.MutableVolumeSet (MutableVolumeSet.java:initializeVolumeSet(174)) - Added Volume : /home/runner/work/ozone/ozone/hadoop-hdds/container-service/target/test-dir/TestBlockDeletingService/hdds to VolumeSet
2022-12-09 20:13:10,549 [main] INFO  utils.DatanodeStoreCache (DatanodeStoreCache.java:addDB(58)) - Added db /home/runner/work/ozone/ozone/hadoop-hdds/container-service/target/test-dir/TestBlockDeletingService/hdds/61dd3abc-c33c-46ad-8fd6-75ea857c8b8d/DS-d9f6bf78-acf5-48ba-99ae-b5974004b4e1/container.db to cache
2022-12-09 20:13:10,549 [main] INFO  volume.HddsVolume (HddsVolume.java:createDbStore(307)) - SchemaV3 db is created and loaded at /home/runner/work/ozone/ozone/hadoop-hdds/container-service/target/test-dir/TestBlockDeletingService/hdds/61dd3abc-c33c-46ad-8fd6-75ea857c8b8d/DS-d9f6bf78-acf5-48ba-99ae-b5974004b4e1/container.db for volume DS-d9f6bf78-acf5-48ba-99ae-b5974004b4e1
2022-12-09 20:13:10,735 [BlockDeletingService#0] INFO  impl.FilePerBlockStrategy (FilePerBlockStrategy.java:deleteChunk(232)) - Deleted block file: /home/runner/work/ozone/ozone/hadoop-hdds/container-service/target/test-dir/TestBlockDeletingService/hdds/61dd3abc-c33c-46ad-8fd6-75ea857c8b8d/current/containerDir155/1670616790598/chunks/1670616790608.block
2022-12-09 20:13:10,736 [BlockDeletingService#0] INFO  keyvalue.KeyValueHandler (KeyValueHandler.java:deleteUnreferenced(1155)) - Deleted unreferenced chunk/block 1514669325520.block in container 1670616790598
2022-12-09 20:13:10,736 [BlockDeletingService#0] WARN  keyvalue.KeyValueHandler (KeyValueHandler.java:deleteUnreferenced(1145)) - Missing delete block(Container = 1670616790598, Block = 1514669341121
2022-12-09 20:13:10,736 [BlockDeletingService#0] INFO  keyvalue.KeyValueHandler (KeyValueHandler.java:deleteUnreferenced(1155)) - Deleted unreferenced chunk/block 1514669343522.block in container 1670616790598
2022-12-09 20:13:10,737 [BlockDeletingService#0] WARN  keyvalue.KeyValueHandler (KeyValueHandler.java:deleteUnreferenced(1145)) - Missing delete block(Container = 1670616790598, Block = 1514669345123
2022-12-09 20:13:10,737 [BlockDeletingService#0] WARN  utils.BackgroundService (BackgroundService.java:lambda$run$0(130)) - BlockDeletingService Background task execution took 2359628ns > 0ns(timeout)
2022-12-09 20:13:10,834 [BlockDeletingService#0] INFO  impl.FilePerBlockStrategy (FilePerBlockStrategy.java:deleteChunk(232)) - Deleted block file: /home/runner/work/ozone/ozone/hadoop-hdds/container-service/target/test-dir/TestBlockDeletingService/hdds/61dd3abc-c33c-46ad-8fd6-75ea857c8b8d/current/containerDir155/1670616790616/chunks/1670616790621.block
2022-12-09 20:13:10,835 [BlockDeletingService#0] INFO  impl.FilePerBlockStrategy (FilePerBlockStrategy.java:deleteChunk(232)) - Deleted block file: /home/runner/work/ozone/ozone/hadoop-hdds/container-service/target/test-dir/TestBlockDeletingService/hdds/61dd3abc-c33c-46ad-8fd6-75ea857c8b8d/current/containerDir155/1670616790616/chunks/1670616790624.block
2022-12-09 20:13:10,835 [BlockDeletingService#0] WARN  utils.BackgroundService (BackgroundService.java:lambda$run$0(130)) - BlockDeletingService Background task execution took 1167414ns > 0ns(timeout)
2022-12-09 20:13:10,935 [BlockDeletingService#4] INFO  impl.FilePerBlockStrategy (FilePerBlockStrategy.java:deleteChunk(232)) - Deleted block file: /home/runner/work/ozone/ozone/hadoop-hdds/container-service/target/test-dir/TestBlockDeletingService/hdds/61dd3abc-c33c-46ad-8fd6-75ea857c8b8d/current/containerDir155/1670616790598/chunks/1670616790611.block
2022-12-09 20:13:10,935 [BlockDeletingService#4] INFO  impl.FilePerBlockStrategy (FilePerBlockStrategy.java:deleteChunk(232)) - Deleted block file: /home/runner/work/ozone/ozone/hadoop-hdds/container-service/target/test-dir/TestBlockDeletingService/hdds/61dd3abc-c33c-46ad-8fd6-75ea857c8b8d/current/containerDir155/1670616790598/chunks/1670616790615.block
2022-12-09 20:13:10,935 [BlockDeletingService#4] WARN  utils.BackgroundService (BackgroundService.java:lambda$run$0(130)) - BlockDeletingService Background task execution took 1862222ns > 0ns(timeout)
2022-12-09 20:13:11,037 [BlockDeletingService#2] INFO  impl.FilePerBlockStrategy (FilePerBlockStrategy.java:deleteChunk(232)) - Deleted block file: /home/runner/work/ozone/ozone/hadoop-hdds/container-service/target/test-dir/TestBlockDeletingService/hdds/61dd3abc-c33c-46ad-8fd6-75ea857c8b8d/current/containerDir155/1670616790616/chunks/1670616790628.block
2022-12-09 20:13:11,037 [BlockDeletingService#2] WARN  utils.BackgroundService (BackgroundService.java:lambda$run$0(130)) - BlockDeletingService Background task execution took 4129949ns > 0ns(timeout)
2022-12-09 20:13:11,233 [main] INFO  utils.BackgroundService (BackgroundService.java:shutdown(141)) - Shutting down service BlockDeletingService
]]></system-out>
  </testcase>
  <testcase name="testShutdownService" classname="TestBlockDeletingService" time="2.979">
    <system-out><![CDATA[2022-12-09 20:12:54,303 [main] INFO  volume.HddsVolume (HddsVolume.java:<init>(117)) - Creating HddsVolume: /home/runner/work/ozone/ozone/hadoop-hdds/container-service/target/test-dir/TestBlockDeletingService/hdds of storage type : DISK capacity : 9223372036854775807
2022-12-09 20:12:54,305 [main] INFO  volume.MutableVolumeSet (MutableVolumeSet.java:initializeVolumeSet(174)) - Added Volume : /home/runner/work/ozone/ozone/hadoop-hdds/container-service/target/test-dir/TestBlockDeletingService/hdds to VolumeSet
2022-12-09 20:12:54,829 [main] WARN  util.NativeCodeLoader (NativeCodeLoader.java:<clinit>(60)) - Unable to load native-hadoop library for your platform... using builtin-java classes where applicable
2022-12-09 20:12:57,160 [BlockDeletingService#0] INFO  impl.FilePerChunkStrategy (FilePerChunkStrategy.java:deleteChunk(322)) - Deleted chunk file /home/runner/work/ozone/ozone/hadoop-hdds/container-service/target/test-dir/TestBlockDeletingService/hdds/e569895a-41c2-47de-996c-6fa7bddd7845/current/containerDir123/1670616774461/chunks/1670616774833_chunk_0_block_0 (size 100) for chunk ChunkInfo{chunkName='1670616774833_chunk_0_block_0, offset=0, len=100}
2022-12-09 20:12:57,161 [BlockDeletingService#0] INFO  impl.FilePerChunkStrategy (FilePerChunkStrategy.java:deleteChunk(322)) - Deleted chunk file /home/runner/work/ozone/ozone/hadoop-hdds/container-service/target/test-dir/TestBlockDeletingService/hdds/e569895a-41c2-47de-996c-6fa7bddd7845/current/containerDir123/1670616774461/chunks/1670616774937_chunk_0_block_1 (size 100) for chunk ChunkInfo{chunkName='1670616774937_chunk_0_block_1, offset=0, len=100}
2022-12-09 20:12:57,162 [BlockDeletingService#0] INFO  impl.FilePerChunkStrategy (FilePerChunkStrategy.java:deleteChunk(322)) - Deleted chunk file /home/runner/work/ozone/ozone/hadoop-hdds/container-service/target/test-dir/TestBlockDeletingService/hdds/e569895a-41c2-47de-996c-6fa7bddd7845/current/containerDir123/1670616774461/chunks/1670616774941_chunk_0_block_2 (size 100) for chunk ChunkInfo{chunkName='1670616774941_chunk_0_block_2, offset=0, len=100}
2022-12-09 20:12:57,162 [BlockDeletingService#0] INFO  impl.FilePerChunkStrategy (FilePerChunkStrategy.java:deleteChunk(322)) - Deleted chunk file /home/runner/work/ozone/ozone/hadoop-hdds/container-service/target/test-dir/TestBlockDeletingService/hdds/e569895a-41c2-47de-996c-6fa7bddd7845/current/containerDir123/1670616774461/chunks/1670616774945_chunk_0_block_3 (size 100) for chunk ChunkInfo{chunkName='1670616774945_chunk_0_block_3, offset=0, len=100}
2022-12-09 20:12:57,163 [BlockDeletingService#0] INFO  impl.FilePerChunkStrategy (FilePerChunkStrategy.java:deleteChunk(322)) - Deleted chunk file /home/runner/work/ozone/ozone/hadoop-hdds/container-service/target/test-dir/TestBlockDeletingService/hdds/e569895a-41c2-47de-996c-6fa7bddd7845/current/containerDir123/1670616774461/chunks/1670616774949_chunk_0_block_4 (size 100) for chunk ChunkInfo{chunkName='1670616774949_chunk_0_block_4, offset=0, len=100}
2022-12-09 20:12:57,163 [BlockDeletingService#0] INFO  impl.FilePerChunkStrategy (FilePerChunkStrategy.java:deleteChunk(322)) - Deleted chunk file /home/runner/work/ozone/ozone/hadoop-hdds/container-service/target/test-dir/TestBlockDeletingService/hdds/e569895a-41c2-47de-996c-6fa7bddd7845/current/containerDir123/1670616774461/chunks/1670616774953_chunk_0_block_5 (size 100) for chunk ChunkInfo{chunkName='1670616774953_chunk_0_block_5, offset=0, len=100}
2022-12-09 20:12:57,164 [BlockDeletingService#0] INFO  impl.FilePerChunkStrategy (FilePerChunkStrategy.java:deleteChunk(322)) - Deleted chunk file /home/runner/work/ozone/ozone/hadoop-hdds/container-service/target/test-dir/TestBlockDeletingService/hdds/e569895a-41c2-47de-996c-6fa7bddd7845/current/containerDir123/1670616774461/chunks/1670616774957_chunk_0_block_6 (size 100) for chunk ChunkInfo{chunkName='1670616774957_chunk_0_block_6, offset=0, len=100}
2022-12-09 20:12:57,165 [BlockDeletingService#0] INFO  impl.FilePerChunkStrategy (FilePerChunkStrategy.java:deleteChunk(322)) - Deleted chunk file /home/runner/work/ozone/ozone/hadoop-hdds/container-service/target/test-dir/TestBlockDeletingService/hdds/e569895a-41c2-47de-996c-6fa7bddd7845/current/containerDir123/1670616774461/chunks/1670616774961_chunk_0_block_7 (size 100) for chunk ChunkInfo{chunkName='1670616774961_chunk_0_block_7, offset=0, len=100}
2022-12-09 20:12:57,165 [BlockDeletingService#0] INFO  impl.FilePerChunkStrategy (FilePerChunkStrategy.java:deleteChunk(322)) - Deleted chunk file /home/runner/work/ozone/ozone/hadoop-hdds/container-service/target/test-dir/TestBlockDeletingService/hdds/e569895a-41c2-47de-996c-6fa7bddd7845/current/containerDir123/1670616774461/chunks/1670616774964_chunk_0_block_8 (size 100) for chunk ChunkInfo{chunkName='1670616774964_chunk_0_block_8, offset=0, len=100}
2022-12-09 20:12:57,166 [BlockDeletingService#0] INFO  impl.FilePerChunkStrategy (FilePerChunkStrategy.java:deleteChunk(322)) - Deleted chunk file /home/runner/work/ozone/ozone/hadoop-hdds/container-service/target/test-dir/TestBlockDeletingService/hdds/e569895a-41c2-47de-996c-6fa7bddd7845/current/containerDir123/1670616774461/chunks/1670616774969_chunk_0_block_9 (size 100) for chunk ChunkInfo{chunkName='1670616774969_chunk_0_block_9, offset=0, len=100}
2022-12-09 20:12:57,166 [BlockDeletingService#0] INFO  impl.FilePerChunkStrategy (FilePerChunkStrategy.java:deleteChunk(322)) - Deleted chunk file /home/runner/work/ozone/ozone/hadoop-hdds/container-service/target/test-dir/TestBlockDeletingService/hdds/e569895a-41c2-47de-996c-6fa7bddd7845/current/containerDir123/1670616774461/chunks/1670616774973_chunk_0_block_10 (size 100) for chunk ChunkInfo{chunkName='1670616774973_chunk_0_block_10, offset=0, len=100}
2022-12-09 20:12:57,167 [BlockDeletingService#0] INFO  impl.FilePerChunkStrategy (FilePerChunkStrategy.java:deleteChunk(322)) - Deleted chunk file /home/runner/work/ozone/ozone/hadoop-hdds/container-service/target/test-dir/TestBlockDeletingService/hdds/e569895a-41c2-47de-996c-6fa7bddd7845/current/containerDir123/1670616774461/chunks/1670616774979_chunk_0_block_11 (size 100) for chunk ChunkInfo{chunkName='1670616774979_chunk_0_block_11, offset=0, len=100}
2022-12-09 20:12:57,167 [BlockDeletingService#0] INFO  impl.FilePerChunkStrategy (FilePerChunkStrategy.java:deleteChunk(322)) - Deleted chunk file /home/runner/work/ozone/ozone/hadoop-hdds/container-service/target/test-dir/TestBlockDeletingService/hdds/e569895a-41c2-47de-996c-6fa7bddd7845/current/containerDir123/1670616774461/chunks/1670616774983_chunk_0_block_12 (size 100) for chunk ChunkInfo{chunkName='1670616774983_chunk_0_block_12, offset=0, len=100}
2022-12-09 20:12:57,168 [BlockDeletingService#0] INFO  impl.FilePerChunkStrategy (FilePerChunkStrategy.java:deleteChunk(322)) - Deleted chunk file /home/runner/work/ozone/ozone/hadoop-hdds/container-service/target/test-dir/TestBlockDeletingService/hdds/e569895a-41c2-47de-996c-6fa7bddd7845/current/containerDir123/1670616774461/chunks/1670616774987_chunk_0_block_13 (size 100) for chunk ChunkInfo{chunkName='1670616774987_chunk_0_block_13, offset=0, len=100}
2022-12-09 20:12:57,168 [BlockDeletingService#0] INFO  impl.FilePerChunkStrategy (FilePerChunkStrategy.java:deleteChunk(322)) - Deleted chunk file /home/runner/work/ozone/ozone/hadoop-hdds/container-service/target/test-dir/TestBlockDeletingService/hdds/e569895a-41c2-47de-996c-6fa7bddd7845/current/containerDir123/1670616774461/chunks/1670616774991_chunk_0_block_14 (size 100) for chunk ChunkInfo{chunkName='1670616774991_chunk_0_block_14, offset=0, len=100}
2022-12-09 20:12:57,169 [BlockDeletingService#0] INFO  impl.FilePerChunkStrategy (FilePerChunkStrategy.java:deleteChunk(322)) - Deleted chunk file /home/runner/work/ozone/ozone/hadoop-hdds/container-service/target/test-dir/TestBlockDeletingService/hdds/e569895a-41c2-47de-996c-6fa7bddd7845/current/containerDir123/1670616774461/chunks/1670616774998_chunk_0_block_15 (size 100) for chunk ChunkInfo{chunkName='1670616774998_chunk_0_block_15, offset=0, len=100}
2022-12-09 20:12:57,170 [BlockDeletingService#0] INFO  impl.FilePerChunkStrategy (FilePerChunkStrategy.java:deleteChunk(322)) - Deleted chunk file /home/runner/work/ozone/ozone/hadoop-hdds/container-service/target/test-dir/TestBlockDeletingService/hdds/e569895a-41c2-47de-996c-6fa7bddd7845/current/containerDir123/1670616774461/chunks/1670616775004_chunk_0_block_16 (size 100) for chunk ChunkInfo{chunkName='1670616775004_chunk_0_block_16, offset=0, len=100}
2022-12-09 20:12:57,170 [BlockDeletingService#0] INFO  impl.FilePerChunkStrategy (FilePerChunkStrategy.java:deleteChunk(322)) - Deleted chunk file /home/runner/work/ozone/ozone/hadoop-hdds/container-service/target/test-dir/TestBlockDeletingService/hdds/e569895a-41c2-47de-996c-6fa7bddd7845/current/containerDir123/1670616774461/chunks/1670616775008_chunk_0_block_17 (size 100) for chunk ChunkInfo{chunkName='1670616775008_chunk_0_block_17, offset=0, len=100}
2022-12-09 20:12:57,171 [BlockDeletingService#0] INFO  impl.FilePerChunkStrategy (FilePerChunkStrategy.java:deleteChunk(322)) - Deleted chunk file /home/runner/work/ozone/ozone/hadoop-hdds/container-service/target/test-dir/TestBlockDeletingService/hdds/e569895a-41c2-47de-996c-6fa7bddd7845/current/containerDir123/1670616774461/chunks/1670616775013_chunk_0_block_18 (size 100) for chunk ChunkInfo{chunkName='1670616775013_chunk_0_block_18, offset=0, len=100}
2022-12-09 20:12:57,173 [BlockDeletingService#0] INFO  impl.FilePerChunkStrategy (FilePerChunkStrategy.java:deleteChunk(322)) - Deleted chunk file /home/runner/work/ozone/ozone/hadoop-hdds/container-service/target/test-dir/TestBlockDeletingService/hdds/e569895a-41c2-47de-996c-6fa7bddd7845/current/containerDir123/1670616774461/chunks/1670616775017_chunk_0_block_19 (size 100) for chunk ChunkInfo{chunkName='1670616775017_chunk_0_block_19, offset=0, len=100}
2022-12-09 20:12:57,173 [BlockDeletingService#0] INFO  impl.FilePerChunkStrategy (FilePerChunkStrategy.java:deleteChunk(322)) - Deleted chunk file /home/runner/work/ozone/ozone/hadoop-hdds/container-service/target/test-dir/TestBlockDeletingService/hdds/e569895a-41c2-47de-996c-6fa7bddd7845/current/containerDir123/1670616774461/chunks/1670616775021_chunk_0_block_20 (size 100) for chunk ChunkInfo{chunkName='1670616775021_chunk_0_block_20, offset=0, len=100}
2022-12-09 20:12:57,174 [BlockDeletingService#0] INFO  impl.FilePerChunkStrategy (FilePerChunkStrategy.java:deleteChunk(322)) - Deleted chunk file /home/runner/work/ozone/ozone/hadoop-hdds/container-service/target/test-dir/TestBlockDeletingService/hdds/e569895a-41c2-47de-996c-6fa7bddd7845/current/containerDir123/1670616774461/chunks/1670616775025_chunk_0_block_21 (size 100) for chunk ChunkInfo{chunkName='1670616775025_chunk_0_block_21, offset=0, len=100}
2022-12-09 20:12:57,175 [BlockDeletingService#0] INFO  impl.FilePerChunkStrategy (FilePerChunkStrategy.java:deleteChunk(322)) - Deleted chunk file /home/runner/work/ozone/ozone/hadoop-hdds/container-service/target/test-dir/TestBlockDeletingService/hdds/e569895a-41c2-47de-996c-6fa7bddd7845/current/containerDir123/1670616774461/chunks/1670616775029_chunk_0_block_22 (size 100) for chunk ChunkInfo{chunkName='1670616775029_chunk_0_block_22, offset=0, len=100}
2022-12-09 20:12:57,176 [BlockDeletingService#0] INFO  impl.FilePerChunkStrategy (FilePerChunkStrategy.java:deleteChunk(322)) - Deleted chunk file /home/runner/work/ozone/ozone/hadoop-hdds/container-service/target/test-dir/TestBlockDeletingService/hdds/e569895a-41c2-47de-996c-6fa7bddd7845/current/containerDir123/1670616774461/chunks/1670616775033_chunk_0_block_23 (size 100) for chunk ChunkInfo{chunkName='1670616775033_chunk_0_block_23, offset=0, len=100}
2022-12-09 20:12:57,177 [BlockDeletingService#0] INFO  impl.FilePerChunkStrategy (FilePerChunkStrategy.java:deleteChunk(322)) - Deleted chunk file /home/runner/work/ozone/ozone/hadoop-hdds/container-service/target/test-dir/TestBlockDeletingService/hdds/e569895a-41c2-47de-996c-6fa7bddd7845/current/containerDir123/1670616774461/chunks/1670616775038_chunk_0_block_24 (size 100) for chunk ChunkInfo{chunkName='1670616775038_chunk_0_block_24, offset=0, len=100}
2022-12-09 20:12:57,178 [BlockDeletingService#0] INFO  impl.FilePerChunkStrategy (FilePerChunkStrategy.java:deleteChunk(322)) - Deleted chunk file /home/runner/work/ozone/ozone/hadoop-hdds/container-service/target/test-dir/TestBlockDeletingService/hdds/e569895a-41c2-47de-996c-6fa7bddd7845/current/containerDir123/1670616774461/chunks/1670616775041_chunk_0_block_25 (size 100) for chunk ChunkInfo{chunkName='1670616775041_chunk_0_block_25, offset=0, len=100}
2022-12-09 20:12:57,178 [BlockDeletingService#0] INFO  impl.FilePerChunkStrategy (FilePerChunkStrategy.java:deleteChunk(322)) - Deleted chunk file /home/runner/work/ozone/ozone/hadoop-hdds/container-service/target/test-dir/TestBlockDeletingService/hdds/e569895a-41c2-47de-996c-6fa7bddd7845/current/containerDir123/1670616774461/chunks/1670616775057_chunk_0_block_26 (size 100) for chunk ChunkInfo{chunkName='1670616775057_chunk_0_block_26, offset=0, len=100}
2022-12-09 20:12:57,178 [BlockDeletingService#0] INFO  impl.FilePerChunkStrategy (FilePerChunkStrategy.java:deleteChunk(322)) - Deleted chunk file /home/runner/work/ozone/ozone/hadoop-hdds/container-service/target/test-dir/TestBlockDeletingService/hdds/e569895a-41c2-47de-996c-6fa7bddd7845/current/containerDir123/1670616774461/chunks/1670616775062_chunk_0_block_27 (size 100) for chunk ChunkInfo{chunkName='1670616775062_chunk_0_block_27, offset=0, len=100}
2022-12-09 20:12:57,179 [BlockDeletingService#0] INFO  impl.FilePerChunkStrategy (FilePerChunkStrategy.java:deleteChunk(322)) - Deleted chunk file /home/runner/work/ozone/ozone/hadoop-hdds/container-service/target/test-dir/TestBlockDeletingService/hdds/e569895a-41c2-47de-996c-6fa7bddd7845/current/containerDir123/1670616774461/chunks/1670616775066_chunk_0_block_28 (size 100) for chunk ChunkInfo{chunkName='1670616775066_chunk_0_block_28, offset=0, len=100}
2022-12-09 20:12:57,179 [BlockDeletingService#0] INFO  impl.FilePerChunkStrategy (FilePerChunkStrategy.java:deleteChunk(322)) - Deleted chunk file /home/runner/work/ozone/ozone/hadoop-hdds/container-service/target/test-dir/TestBlockDeletingService/hdds/e569895a-41c2-47de-996c-6fa7bddd7845/current/containerDir123/1670616774461/chunks/1670616775071_chunk_0_block_29 (size 100) for chunk ChunkInfo{chunkName='1670616775071_chunk_0_block_29, offset=0, len=100}
2022-12-09 20:12:57,180 [BlockDeletingService#0] INFO  impl.FilePerChunkStrategy (FilePerChunkStrategy.java:deleteChunk(322)) - Deleted chunk file /home/runner/work/ozone/ozone/hadoop-hdds/container-service/target/test-dir/TestBlockDeletingService/hdds/e569895a-41c2-47de-996c-6fa7bddd7845/current/containerDir123/1670616774461/chunks/1670616775074_chunk_0_block_30 (size 100) for chunk ChunkInfo{chunkName='1670616775074_chunk_0_block_30, offset=0, len=100}
2022-12-09 20:12:57,180 [BlockDeletingService#0] INFO  impl.FilePerChunkStrategy (FilePerChunkStrategy.java:deleteChunk(322)) - Deleted chunk file /home/runner/work/ozone/ozone/hadoop-hdds/container-service/target/test-dir/TestBlockDeletingService/hdds/e569895a-41c2-47de-996c-6fa7bddd7845/current/containerDir123/1670616774461/chunks/1670616775078_chunk_0_block_31 (size 100) for chunk ChunkInfo{chunkName='1670616775078_chunk_0_block_31, offset=0, len=100}
2022-12-09 20:12:57,181 [BlockDeletingService#0] INFO  impl.FilePerChunkStrategy (FilePerChunkStrategy.java:deleteChunk(322)) - Deleted chunk file /home/runner/work/ozone/ozone/hadoop-hdds/container-service/target/test-dir/TestBlockDeletingService/hdds/e569895a-41c2-47de-996c-6fa7bddd7845/current/containerDir123/1670616774461/chunks/1670616775082_chunk_0_block_32 (size 100) for chunk ChunkInfo{chunkName='1670616775082_chunk_0_block_32, offset=0, len=100}
2022-12-09 20:12:57,181 [BlockDeletingService#0] INFO  impl.FilePerChunkStrategy (FilePerChunkStrategy.java:deleteChunk(322)) - Deleted chunk file /home/runner/work/ozone/ozone/hadoop-hdds/container-service/target/test-dir/TestBlockDeletingService/hdds/e569895a-41c2-47de-996c-6fa7bddd7845/current/containerDir123/1670616774461/chunks/1670616775087_chunk_0_block_33 (size 100) for chunk ChunkInfo{chunkName='1670616775087_chunk_0_block_33, offset=0, len=100}
2022-12-09 20:12:57,182 [BlockDeletingService#0] INFO  impl.FilePerChunkStrategy (FilePerChunkStrategy.java:deleteChunk(322)) - Deleted chunk file /home/runner/work/ozone/ozone/hadoop-hdds/container-service/target/test-dir/TestBlockDeletingService/hdds/e569895a-41c2-47de-996c-6fa7bddd7845/current/containerDir123/1670616774461/chunks/1670616775093_chunk_0_block_34 (size 100) for chunk ChunkInfo{chunkName='1670616775093_chunk_0_block_34, offset=0, len=100}
2022-12-09 20:12:57,182 [BlockDeletingService#0] INFO  impl.FilePerChunkStrategy (FilePerChunkStrategy.java:deleteChunk(322)) - Deleted chunk file /home/runner/work/ozone/ozone/hadoop-hdds/container-service/target/test-dir/TestBlockDeletingService/hdds/e569895a-41c2-47de-996c-6fa7bddd7845/current/containerDir123/1670616774461/chunks/1670616775098_chunk_0_block_35 (size 100) for chunk ChunkInfo{chunkName='1670616775098_chunk_0_block_35, offset=0, len=100}
2022-12-09 20:12:57,183 [BlockDeletingService#0] INFO  impl.FilePerChunkStrategy (FilePerChunkStrategy.java:deleteChunk(322)) - Deleted chunk file /home/runner/work/ozone/ozone/hadoop-hdds/container-service/target/test-dir/TestBlockDeletingService/hdds/e569895a-41c2-47de-996c-6fa7bddd7845/current/containerDir123/1670616774461/chunks/1670616775102_chunk_0_block_36 (size 100) for chunk ChunkInfo{chunkName='1670616775102_chunk_0_block_36, offset=0, len=100}
2022-12-09 20:12:57,183 [BlockDeletingService#0] INFO  impl.FilePerChunkStrategy (FilePerChunkStrategy.java:deleteChunk(322)) - Deleted chunk file /home/runner/work/ozone/ozone/hadoop-hdds/container-service/target/test-dir/TestBlockDeletingService/hdds/e569895a-41c2-47de-996c-6fa7bddd7845/current/containerDir123/1670616774461/chunks/1670616775107_chunk_0_block_37 (size 100) for chunk ChunkInfo{chunkName='1670616775107_chunk_0_block_37, offset=0, len=100}
2022-12-09 20:12:57,184 [BlockDeletingService#0] INFO  impl.FilePerChunkStrategy (FilePerChunkStrategy.java:deleteChunk(322)) - Deleted chunk file /home/runner/work/ozone/ozone/hadoop-hdds/container-service/target/test-dir/TestBlockDeletingService/hdds/e569895a-41c2-47de-996c-6fa7bddd7845/current/containerDir123/1670616774461/chunks/1670616775112_chunk_0_block_38 (size 100) for chunk ChunkInfo{chunkName='1670616775112_chunk_0_block_38, offset=0, len=100}
2022-12-09 20:12:57,184 [BlockDeletingService#0] INFO  impl.FilePerChunkStrategy (FilePerChunkStrategy.java:deleteChunk(322)) - Deleted chunk file /home/runner/work/ozone/ozone/hadoop-hdds/container-service/target/test-dir/TestBlockDeletingService/hdds/e569895a-41c2-47de-996c-6fa7bddd7845/current/containerDir123/1670616774461/chunks/1670616775116_chunk_0_block_39 (size 100) for chunk ChunkInfo{chunkName='1670616775116_chunk_0_block_39, offset=0, len=100}
2022-12-09 20:12:57,191 [BlockDeletingService#0] INFO  impl.FilePerChunkStrategy (FilePerChunkStrategy.java:deleteChunk(322)) - Deleted chunk file /home/runner/work/ozone/ozone/hadoop-hdds/container-service/target/test-dir/TestBlockDeletingService/hdds/e569895a-41c2-47de-996c-6fa7bddd7845/current/containerDir123/1670616774461/chunks/1670616775119_chunk_0_block_40 (size 100) for chunk ChunkInfo{chunkName='1670616775119_chunk_0_block_40, offset=0, len=100}
2022-12-09 20:12:57,191 [BlockDeletingService#0] INFO  impl.FilePerChunkStrategy (FilePerChunkStrategy.java:deleteChunk(322)) - Deleted chunk file /home/runner/work/ozone/ozone/hadoop-hdds/container-service/target/test-dir/TestBlockDeletingService/hdds/e569895a-41c2-47de-996c-6fa7bddd7845/current/containerDir123/1670616774461/chunks/1670616775123_chunk_0_block_41 (size 100) for chunk ChunkInfo{chunkName='1670616775123_chunk_0_block_41, offset=0, len=100}
2022-12-09 20:12:57,192 [BlockDeletingService#0] INFO  impl.FilePerChunkStrategy (FilePerChunkStrategy.java:deleteChunk(322)) - Deleted chunk file /home/runner/work/ozone/ozone/hadoop-hdds/container-service/target/test-dir/TestBlockDeletingService/hdds/e569895a-41c2-47de-996c-6fa7bddd7845/current/containerDir123/1670616774461/chunks/1670616775128_chunk_0_block_42 (size 100) for chunk ChunkInfo{chunkName='1670616775128_chunk_0_block_42, offset=0, len=100}
2022-12-09 20:12:57,192 [BlockDeletingService#0] INFO  impl.FilePerChunkStrategy (FilePerChunkStrategy.java:deleteChunk(322)) - Deleted chunk file /home/runner/work/ozone/ozone/hadoop-hdds/container-service/target/test-dir/TestBlockDeletingService/hdds/e569895a-41c2-47de-996c-6fa7bddd7845/current/containerDir123/1670616774461/chunks/1670616775133_chunk_0_block_43 (size 100) for chunk ChunkInfo{chunkName='1670616775133_chunk_0_block_43, offset=0, len=100}
2022-12-09 20:12:57,193 [BlockDeletingService#0] INFO  impl.FilePerChunkStrategy (FilePerChunkStrategy.java:deleteChunk(322)) - Deleted chunk file /home/runner/work/ozone/ozone/hadoop-hdds/container-service/target/test-dir/TestBlockDeletingService/hdds/e569895a-41c2-47de-996c-6fa7bddd7845/current/containerDir123/1670616774461/chunks/1670616775137_chunk_0_block_44 (size 100) for chunk ChunkInfo{chunkName='1670616775137_chunk_0_block_44, offset=0, len=100}
2022-12-09 20:12:57,193 [BlockDeletingService#0] INFO  impl.FilePerChunkStrategy (FilePerChunkStrategy.java:deleteChunk(322)) - Deleted chunk file /home/runner/work/ozone/ozone/hadoop-hdds/container-service/target/test-dir/TestBlockDeletingService/hdds/e569895a-41c2-47de-996c-6fa7bddd7845/current/containerDir123/1670616774461/chunks/1670616775144_chunk_0_block_45 (size 100) for chunk ChunkInfo{chunkName='1670616775144_chunk_0_block_45, offset=0, len=100}
2022-12-09 20:12:57,194 [BlockDeletingService#0] INFO  impl.FilePerChunkStrategy (FilePerChunkStrategy.java:deleteChunk(322)) - Deleted chunk file /home/runner/work/ozone/ozone/hadoop-hdds/container-service/target/test-dir/TestBlockDeletingService/hdds/e569895a-41c2-47de-996c-6fa7bddd7845/current/containerDir123/1670616774461/chunks/1670616775148_chunk_0_block_46 (size 100) for chunk ChunkInfo{chunkName='1670616775148_chunk_0_block_46, offset=0, len=100}
2022-12-09 20:12:57,195 [BlockDeletingService#0] INFO  impl.FilePerChunkStrategy (FilePerChunkStrategy.java:deleteChunk(322)) - Deleted chunk file /home/runner/work/ozone/ozone/hadoop-hdds/container-service/target/test-dir/TestBlockDeletingService/hdds/e569895a-41c2-47de-996c-6fa7bddd7845/current/containerDir123/1670616774461/chunks/1670616775153_chunk_0_block_47 (size 100) for chunk ChunkInfo{chunkName='1670616775153_chunk_0_block_47, offset=0, len=100}
2022-12-09 20:12:57,195 [BlockDeletingService#0] INFO  impl.FilePerChunkStrategy (FilePerChunkStrategy.java:deleteChunk(322)) - Deleted chunk file /home/runner/work/ozone/ozone/hadoop-hdds/container-service/target/test-dir/TestBlockDeletingService/hdds/e569895a-41c2-47de-996c-6fa7bddd7845/current/containerDir123/1670616774461/chunks/1670616775157_chunk_0_block_48 (size 100) for chunk ChunkInfo{chunkName='1670616775157_chunk_0_block_48, offset=0, len=100}
2022-12-09 20:12:57,196 [BlockDeletingService#0] INFO  impl.FilePerChunkStrategy (FilePerChunkStrategy.java:deleteChunk(322)) - Deleted chunk file /home/runner/work/ozone/ozone/hadoop-hdds/container-service/target/test-dir/TestBlockDeletingService/hdds/e569895a-41c2-47de-996c-6fa7bddd7845/current/containerDir123/1670616774461/chunks/1670616775161_chunk_0_block_49 (size 100) for chunk ChunkInfo{chunkName='1670616775161_chunk_0_block_49, offset=0, len=100}
2022-12-09 20:12:57,196 [BlockDeletingService#0] INFO  impl.FilePerChunkStrategy (FilePerChunkStrategy.java:deleteChunk(322)) - Deleted chunk file /home/runner/work/ozone/ozone/hadoop-hdds/container-service/target/test-dir/TestBlockDeletingService/hdds/e569895a-41c2-47de-996c-6fa7bddd7845/current/containerDir123/1670616774461/chunks/1670616775168_chunk_0_block_50 (size 100) for chunk ChunkInfo{chunkName='1670616775168_chunk_0_block_50, offset=0, len=100}
2022-12-09 20:12:57,200 [main] INFO  utils.BackgroundService (BackgroundService.java:shutdown(141)) - Shutting down service BlockDeletingService
2022-12-09 20:12:57,201 [BlockDeletingService#0] INFO  impl.FilePerChunkStrategy (FilePerChunkStrategy.java:deleteChunk(322)) - Deleted chunk file /home/runner/work/ozone/ozone/hadoop-hdds/container-service/target/test-dir/TestBlockDeletingService/hdds/e569895a-41c2-47de-996c-6fa7bddd7845/current/containerDir123/1670616774461/chunks/1670616775186_chunk_0_block_51 (size 100) for chunk ChunkInfo{chunkName='1670616775186_chunk_0_block_51, offset=0, len=100}
2022-12-09 20:12:57,201 [BlockDeletingService#0] INFO  impl.FilePerChunkStrategy (FilePerChunkStrategy.java:deleteChunk(322)) - Deleted chunk file /home/runner/work/ozone/ozone/hadoop-hdds/container-service/target/test-dir/TestBlockDeletingService/hdds/e569895a-41c2-47de-996c-6fa7bddd7845/current/containerDir123/1670616774461/chunks/1670616775190_chunk_0_block_52 (size 100) for chunk ChunkInfo{chunkName='1670616775190_chunk_0_block_52, offset=0, len=100}
2022-12-09 20:12:57,203 [BlockDeletingService#0] INFO  impl.FilePerChunkStrategy (FilePerChunkStrategy.java:deleteChunk(322)) - Deleted chunk file /home/runner/work/ozone/ozone/hadoop-hdds/container-service/target/test-dir/TestBlockDeletingService/hdds/e569895a-41c2-47de-996c-6fa7bddd7845/current/containerDir123/1670616774461/chunks/1670616775194_chunk_0_block_53 (size 100) for chunk ChunkInfo{chunkName='1670616775194_chunk_0_block_53, offset=0, len=100}
2022-12-09 20:12:57,203 [BlockDeletingService#0] INFO  impl.FilePerChunkStrategy (FilePerChunkStrategy.java:deleteChunk(322)) - Deleted chunk file /home/runner/work/ozone/ozone/hadoop-hdds/container-service/target/test-dir/TestBlockDeletingService/hdds/e569895a-41c2-47de-996c-6fa7bddd7845/current/containerDir123/1670616774461/chunks/1670616775197_chunk_0_block_54 (size 100) for chunk ChunkInfo{chunkName='1670616775197_chunk_0_block_54, offset=0, len=100}
2022-12-09 20:12:57,204 [BlockDeletingService#0] INFO  impl.FilePerChunkStrategy (FilePerChunkStrategy.java:deleteChunk(322)) - Deleted chunk file /home/runner/work/ozone/ozone/hadoop-hdds/container-service/target/test-dir/TestBlockDeletingService/hdds/e569895a-41c2-47de-996c-6fa7bddd7845/current/containerDir123/1670616774461/chunks/1670616775201_chunk_0_block_55 (size 100) for chunk ChunkInfo{chunkName='1670616775201_chunk_0_block_55, offset=0, len=100}
2022-12-09 20:12:57,204 [BlockDeletingService#0] INFO  impl.FilePerChunkStrategy (FilePerChunkStrategy.java:deleteChunk(322)) - Deleted chunk file /home/runner/work/ozone/ozone/hadoop-hdds/container-service/target/test-dir/TestBlockDeletingService/hdds/e569895a-41c2-47de-996c-6fa7bddd7845/current/containerDir123/1670616774461/chunks/1670616775204_chunk_0_block_56 (size 100) for chunk ChunkInfo{chunkName='1670616775204_chunk_0_block_56, offset=0, len=100}
2022-12-09 20:12:57,205 [BlockDeletingService#0] INFO  impl.FilePerChunkStrategy (FilePerChunkStrategy.java:deleteChunk(322)) - Deleted chunk file /home/runner/work/ozone/ozone/hadoop-hdds/container-service/target/test-dir/TestBlockDeletingService/hdds/e569895a-41c2-47de-996c-6fa7bddd7845/current/containerDir123/1670616774461/chunks/1670616775208_chunk_0_block_57 (size 100) for chunk ChunkInfo{chunkName='1670616775208_chunk_0_block_57, offset=0, len=100}
2022-12-09 20:12:57,205 [BlockDeletingService#0] INFO  impl.FilePerChunkStrategy (FilePerChunkStrategy.java:deleteChunk(322)) - Deleted chunk file /home/runner/work/ozone/ozone/hadoop-hdds/container-service/target/test-dir/TestBlockDeletingService/hdds/e569895a-41c2-47de-996c-6fa7bddd7845/current/containerDir123/1670616774461/chunks/1670616775211_chunk_0_block_58 (size 100) for chunk ChunkInfo{chunkName='1670616775211_chunk_0_block_58, offset=0, len=100}
2022-12-09 20:12:57,207 [BlockDeletingService#0] INFO  impl.FilePerChunkStrategy (FilePerChunkStrategy.java:deleteChunk(322)) - Deleted chunk file /home/runner/work/ozone/ozone/hadoop-hdds/container-service/target/test-dir/TestBlockDeletingService/hdds/e569895a-41c2-47de-996c-6fa7bddd7845/current/containerDir123/1670616774461/chunks/1670616775215_chunk_0_block_59 (size 100) for chunk ChunkInfo{chunkName='1670616775215_chunk_0_block_59, offset=0, len=100}
2022-12-09 20:12:57,208 [BlockDeletingService#0] INFO  impl.FilePerChunkStrategy (FilePerChunkStrategy.java:deleteChunk(322)) - Deleted chunk file /home/runner/work/ozone/ozone/hadoop-hdds/container-service/target/test-dir/TestBlockDeletingService/hdds/e569895a-41c2-47de-996c-6fa7bddd7845/current/containerDir123/1670616774461/chunks/1670616775218_chunk_0_block_60 (size 100) for chunk ChunkInfo{chunkName='1670616775218_chunk_0_block_60, offset=0, len=100}
2022-12-09 20:12:57,208 [BlockDeletingService#0] INFO  impl.FilePerChunkStrategy (FilePerChunkStrategy.java:deleteChunk(322)) - Deleted chunk file /home/runner/work/ozone/ozone/hadoop-hdds/container-service/target/test-dir/TestBlockDeletingService/hdds/e569895a-41c2-47de-996c-6fa7bddd7845/current/containerDir123/1670616774461/chunks/1670616775221_chunk_0_block_61 (size 100) for chunk ChunkInfo{chunkName='1670616775221_chunk_0_block_61, offset=0, len=100}
2022-12-09 20:12:57,208 [BlockDeletingService#0] INFO  impl.FilePerChunkStrategy (FilePerChunkStrategy.java:deleteChunk(322)) - Deleted chunk file /home/runner/work/ozone/ozone/hadoop-hdds/container-service/target/test-dir/TestBlockDeletingService/hdds/e569895a-41c2-47de-996c-6fa7bddd7845/current/containerDir123/1670616774461/chunks/1670616775225_chunk_0_block_62 (size 100) for chunk ChunkInfo{chunkName='1670616775225_chunk_0_block_62, offset=0, len=100}
2022-12-09 20:12:57,209 [BlockDeletingService#0] INFO  impl.FilePerChunkStrategy (FilePerChunkStrategy.java:deleteChunk(322)) - Deleted chunk file /home/runner/work/ozone/ozone/hadoop-hdds/container-service/target/test-dir/TestBlockDeletingService/hdds/e569895a-41c2-47de-996c-6fa7bddd7845/current/containerDir123/1670616774461/chunks/1670616775228_chunk_0_block_63 (size 100) for chunk ChunkInfo{chunkName='1670616775228_chunk_0_block_63, offset=0, len=100}
2022-12-09 20:12:57,209 [BlockDeletingService#0] INFO  impl.FilePerChunkStrategy (FilePerChunkStrategy.java:deleteChunk(322)) - Deleted chunk file /home/runner/work/ozone/ozone/hadoop-hdds/container-service/target/test-dir/TestBlockDeletingService/hdds/e569895a-41c2-47de-996c-6fa7bddd7845/current/containerDir123/1670616774461/chunks/1670616775231_chunk_0_block_64 (size 100) for chunk ChunkInfo{chunkName='1670616775231_chunk_0_block_64, offset=0, len=100}
2022-12-09 20:12:57,210 [BlockDeletingService#0] INFO  impl.FilePerChunkStrategy (FilePerChunkStrategy.java:deleteChunk(322)) - Deleted chunk file /home/runner/work/ozone/ozone/hadoop-hdds/container-service/target/test-dir/TestBlockDeletingService/hdds/e569895a-41c2-47de-996c-6fa7bddd7845/current/containerDir123/1670616774461/chunks/1670616775235_chunk_0_block_65 (size 100) for chunk ChunkInfo{chunkName='1670616775235_chunk_0_block_65, offset=0, len=100}
2022-12-09 20:12:57,210 [BlockDeletingService#0] INFO  impl.FilePerChunkStrategy (FilePerChunkStrategy.java:deleteChunk(322)) - Deleted chunk file /home/runner/work/ozone/ozone/hadoop-hdds/container-service/target/test-dir/TestBlockDeletingService/hdds/e569895a-41c2-47de-996c-6fa7bddd7845/current/containerDir123/1670616774461/chunks/1670616775239_chunk_0_block_66 (size 100) for chunk ChunkInfo{chunkName='1670616775239_chunk_0_block_66, offset=0, len=100}
2022-12-09 20:12:57,210 [BlockDeletingService#0] INFO  impl.FilePerChunkStrategy (FilePerChunkStrategy.java:deleteChunk(322)) - Deleted chunk file /home/runner/work/ozone/ozone/hadoop-hdds/container-service/target/test-dir/TestBlockDeletingService/hdds/e569895a-41c2-47de-996c-6fa7bddd7845/current/containerDir123/1670616774461/chunks/1670616775242_chunk_0_block_67 (size 100) for chunk ChunkInfo{chunkName='1670616775242_chunk_0_block_67, offset=0, len=100}
2022-12-09 20:12:57,211 [BlockDeletingService#0] INFO  impl.FilePerChunkStrategy (FilePerChunkStrategy.java:deleteChunk(322)) - Deleted chunk file /home/runner/work/ozone/ozone/hadoop-hdds/container-service/target/test-dir/TestBlockDeletingService/hdds/e569895a-41c2-47de-996c-6fa7bddd7845/current/containerDir123/1670616774461/chunks/1670616775245_chunk_0_block_68 (size 100) for chunk ChunkInfo{chunkName='1670616775245_chunk_0_block_68, offset=0, len=100}
2022-12-09 20:12:57,211 [BlockDeletingService#0] INFO  impl.FilePerChunkStrategy (FilePerChunkStrategy.java:deleteChunk(322)) - Deleted chunk file /home/runner/work/ozone/ozone/hadoop-hdds/container-service/target/test-dir/TestBlockDeletingService/hdds/e569895a-41c2-47de-996c-6fa7bddd7845/current/containerDir123/1670616774461/chunks/1670616775248_chunk_0_block_69 (size 100) for chunk ChunkInfo{chunkName='1670616775248_chunk_0_block_69, offset=0, len=100}
2022-12-09 20:12:57,212 [BlockDeletingService#0] INFO  impl.FilePerChunkStrategy (FilePerChunkStrategy.java:deleteChunk(322)) - Deleted chunk file /home/runner/work/ozone/ozone/hadoop-hdds/container-service/target/test-dir/TestBlockDeletingService/hdds/e569895a-41c2-47de-996c-6fa7bddd7845/current/containerDir123/1670616774461/chunks/1670616775252_chunk_0_block_70 (size 100) for chunk ChunkInfo{chunkName='1670616775252_chunk_0_block_70, offset=0, len=100}
2022-12-09 20:12:57,212 [BlockDeletingService#0] INFO  impl.FilePerChunkStrategy (FilePerChunkStrategy.java:deleteChunk(322)) - Deleted chunk file /home/runner/work/ozone/ozone/hadoop-hdds/container-service/target/test-dir/TestBlockDeletingService/hdds/e569895a-41c2-47de-996c-6fa7bddd7845/current/containerDir123/1670616774461/chunks/1670616775255_chunk_0_block_71 (size 100) for chunk ChunkInfo{chunkName='1670616775255_chunk_0_block_71, offset=0, len=100}
2022-12-09 20:12:57,217 [BlockDeletingService#0] INFO  impl.FilePerChunkStrategy (FilePerChunkStrategy.java:deleteChunk(322)) - Deleted chunk file /home/runner/work/ozone/ozone/hadoop-hdds/container-service/target/test-dir/TestBlockDeletingService/hdds/e569895a-41c2-47de-996c-6fa7bddd7845/current/containerDir123/1670616774461/chunks/1670616775259_chunk_0_block_72 (size 100) for chunk ChunkInfo{chunkName='1670616775259_chunk_0_block_72, offset=0, len=100}
2022-12-09 20:12:57,218 [BlockDeletingService#0] INFO  impl.FilePerChunkStrategy (FilePerChunkStrategy.java:deleteChunk(322)) - Deleted chunk file /home/runner/work/ozone/ozone/hadoop-hdds/container-service/target/test-dir/TestBlockDeletingService/hdds/e569895a-41c2-47de-996c-6fa7bddd7845/current/containerDir123/1670616774461/chunks/1670616775262_chunk_0_block_73 (size 100) for chunk ChunkInfo{chunkName='1670616775262_chunk_0_block_73, offset=0, len=100}
2022-12-09 20:12:57,218 [BlockDeletingService#0] INFO  impl.FilePerChunkStrategy (FilePerChunkStrategy.java:deleteChunk(322)) - Deleted chunk file /home/runner/work/ozone/ozone/hadoop-hdds/container-service/target/test-dir/TestBlockDeletingService/hdds/e569895a-41c2-47de-996c-6fa7bddd7845/current/containerDir123/1670616774461/chunks/1670616775267_chunk_0_block_74 (size 100) for chunk ChunkInfo{chunkName='1670616775267_chunk_0_block_74, offset=0, len=100}
2022-12-09 20:12:57,219 [BlockDeletingService#0] INFO  impl.FilePerChunkStrategy (FilePerChunkStrategy.java:deleteChunk(322)) - Deleted chunk file /home/runner/work/ozone/ozone/hadoop-hdds/container-service/target/test-dir/TestBlockDeletingService/hdds/e569895a-41c2-47de-996c-6fa7bddd7845/current/containerDir123/1670616774461/chunks/1670616775270_chunk_0_block_75 (size 100) for chunk ChunkInfo{chunkName='1670616775270_chunk_0_block_75, offset=0, len=100}
2022-12-09 20:12:57,219 [BlockDeletingService#0] INFO  impl.FilePerChunkStrategy (FilePerChunkStrategy.java:deleteChunk(322)) - Deleted chunk file /home/runner/work/ozone/ozone/hadoop-hdds/container-service/target/test-dir/TestBlockDeletingService/hdds/e569895a-41c2-47de-996c-6fa7bddd7845/current/containerDir123/1670616774461/chunks/1670616775274_chunk_0_block_76 (size 100) for chunk ChunkInfo{chunkName='1670616775274_chunk_0_block_76, offset=0, len=100}
2022-12-09 20:12:57,219 [BlockDeletingService#0] INFO  impl.FilePerChunkStrategy (FilePerChunkStrategy.java:deleteChunk(322)) - Deleted chunk file /home/runner/work/ozone/ozone/hadoop-hdds/container-service/target/test-dir/TestBlockDeletingService/hdds/e569895a-41c2-47de-996c-6fa7bddd7845/current/containerDir123/1670616774461/chunks/1670616775277_chunk_0_block_77 (size 100) for chunk ChunkInfo{chunkName='1670616775277_chunk_0_block_77, offset=0, len=100}
2022-12-09 20:12:57,220 [BlockDeletingService#0] INFO  impl.FilePerChunkStrategy (FilePerChunkStrategy.java:deleteChunk(322)) - Deleted chunk file /home/runner/work/ozone/ozone/hadoop-hdds/container-service/target/test-dir/TestBlockDeletingService/hdds/e569895a-41c2-47de-996c-6fa7bddd7845/current/containerDir123/1670616774461/chunks/1670616775281_chunk_0_block_78 (size 100) for chunk ChunkInfo{chunkName='1670616775281_chunk_0_block_78, offset=0, len=100}
2022-12-09 20:12:57,220 [BlockDeletingService#0] INFO  impl.FilePerChunkStrategy (FilePerChunkStrategy.java:deleteChunk(322)) - Deleted chunk file /home/runner/work/ozone/ozone/hadoop-hdds/container-service/target/test-dir/TestBlockDeletingService/hdds/e569895a-41c2-47de-996c-6fa7bddd7845/current/containerDir123/1670616774461/chunks/1670616775284_chunk_0_block_79 (size 100) for chunk ChunkInfo{chunkName='1670616775284_chunk_0_block_79, offset=0, len=100}
2022-12-09 20:12:57,221 [BlockDeletingService#0] INFO  impl.FilePerChunkStrategy (FilePerChunkStrategy.java:deleteChunk(322)) - Deleted chunk file /home/runner/work/ozone/ozone/hadoop-hdds/container-service/target/test-dir/TestBlockDeletingService/hdds/e569895a-41c2-47de-996c-6fa7bddd7845/current/containerDir123/1670616774461/chunks/1670616775287_chunk_0_block_80 (size 100) for chunk ChunkInfo{chunkName='1670616775287_chunk_0_block_80, offset=0, len=100}
2022-12-09 20:12:57,221 [BlockDeletingService#0] INFO  impl.FilePerChunkStrategy (FilePerChunkStrategy.java:deleteChunk(322)) - Deleted chunk file /home/runner/work/ozone/ozone/hadoop-hdds/container-service/target/test-dir/TestBlockDeletingService/hdds/e569895a-41c2-47de-996c-6fa7bddd7845/current/containerDir123/1670616774461/chunks/1670616775291_chunk_0_block_81 (size 100) for chunk ChunkInfo{chunkName='1670616775291_chunk_0_block_81, offset=0, len=100}
2022-12-09 20:12:57,221 [BlockDeletingService#0] INFO  impl.FilePerChunkStrategy (FilePerChunkStrategy.java:deleteChunk(322)) - Deleted chunk file /home/runner/work/ozone/ozone/hadoop-hdds/container-service/target/test-dir/TestBlockDeletingService/hdds/e569895a-41c2-47de-996c-6fa7bddd7845/current/containerDir123/1670616774461/chunks/1670616775294_chunk_0_block_82 (size 100) for chunk ChunkInfo{chunkName='1670616775294_chunk_0_block_82, offset=0, len=100}
2022-12-09 20:12:57,222 [BlockDeletingService#0] INFO  impl.FilePerChunkStrategy (FilePerChunkStrategy.java:deleteChunk(322)) - Deleted chunk file /home/runner/work/ozone/ozone/hadoop-hdds/container-service/target/test-dir/TestBlockDeletingService/hdds/e569895a-41c2-47de-996c-6fa7bddd7845/current/containerDir123/1670616774461/chunks/1670616775298_chunk_0_block_83 (size 100) for chunk ChunkInfo{chunkName='1670616775298_chunk_0_block_83, offset=0, len=100}
2022-12-09 20:12:57,222 [BlockDeletingService#0] INFO  impl.FilePerChunkStrategy (FilePerChunkStrategy.java:deleteChunk(322)) - Deleted chunk file /home/runner/work/ozone/ozone/hadoop-hdds/container-service/target/test-dir/TestBlockDeletingService/hdds/e569895a-41c2-47de-996c-6fa7bddd7845/current/containerDir123/1670616774461/chunks/1670616775302_chunk_0_block_84 (size 100) for chunk ChunkInfo{chunkName='1670616775302_chunk_0_block_84, offset=0, len=100}
2022-12-09 20:12:57,223 [BlockDeletingService#0] INFO  impl.FilePerChunkStrategy (FilePerChunkStrategy.java:deleteChunk(322)) - Deleted chunk file /home/runner/work/ozone/ozone/hadoop-hdds/container-service/target/test-dir/TestBlockDeletingService/hdds/e569895a-41c2-47de-996c-6fa7bddd7845/current/containerDir123/1670616774461/chunks/1670616775305_chunk_0_block_85 (size 100) for chunk ChunkInfo{chunkName='1670616775305_chunk_0_block_85, offset=0, len=100}
2022-12-09 20:12:57,223 [BlockDeletingService#0] INFO  impl.FilePerChunkStrategy (FilePerChunkStrategy.java:deleteChunk(322)) - Deleted chunk file /home/runner/work/ozone/ozone/hadoop-hdds/container-service/target/test-dir/TestBlockDeletingService/hdds/e569895a-41c2-47de-996c-6fa7bddd7845/current/containerDir123/1670616774461/chunks/1670616775309_chunk_0_block_86 (size 100) for chunk ChunkInfo{chunkName='1670616775309_chunk_0_block_86, offset=0, len=100}
2022-12-09 20:12:57,223 [BlockDeletingService#0] INFO  impl.FilePerChunkStrategy (FilePerChunkStrategy.java:deleteChunk(322)) - Deleted chunk file /home/runner/work/ozone/ozone/hadoop-hdds/container-service/target/test-dir/TestBlockDeletingService/hdds/e569895a-41c2-47de-996c-6fa7bddd7845/current/containerDir123/1670616774461/chunks/1670616775313_chunk_0_block_87 (size 100) for chunk ChunkInfo{chunkName='1670616775313_chunk_0_block_87, offset=0, len=100}
2022-12-09 20:12:57,224 [BlockDeletingService#0] INFO  impl.FilePerChunkStrategy (FilePerChunkStrategy.java:deleteChunk(322)) - Deleted chunk file /home/runner/work/ozone/ozone/hadoop-hdds/container-service/target/test-dir/TestBlockDeletingService/hdds/e569895a-41c2-47de-996c-6fa7bddd7845/current/containerDir123/1670616774461/chunks/1670616775316_chunk_0_block_88 (size 100) for chunk ChunkInfo{chunkName='1670616775316_chunk_0_block_88, offset=0, len=100}
2022-12-09 20:12:57,224 [BlockDeletingService#0] INFO  impl.FilePerChunkStrategy (FilePerChunkStrategy.java:deleteChunk(322)) - Deleted chunk file /home/runner/work/ozone/ozone/hadoop-hdds/container-service/target/test-dir/TestBlockDeletingService/hdds/e569895a-41c2-47de-996c-6fa7bddd7845/current/containerDir123/1670616774461/chunks/1670616775320_chunk_0_block_89 (size 100) for chunk ChunkInfo{chunkName='1670616775320_chunk_0_block_89, offset=0, len=100}
2022-12-09 20:12:57,231 [BlockDeletingService#0] INFO  impl.FilePerChunkStrategy (FilePerChunkStrategy.java:deleteChunk(322)) - Deleted chunk file /home/runner/work/ozone/ozone/hadoop-hdds/container-service/target/test-dir/TestBlockDeletingService/hdds/e569895a-41c2-47de-996c-6fa7bddd7845/current/containerDir123/1670616774461/chunks/1670616775327_chunk_0_block_90 (size 100) for chunk ChunkInfo{chunkName='1670616775327_chunk_0_block_90, offset=0, len=100}
2022-12-09 20:12:57,233 [BlockDeletingService#0] INFO  impl.FilePerChunkStrategy (FilePerChunkStrategy.java:deleteChunk(322)) - Deleted chunk file /home/runner/work/ozone/ozone/hadoop-hdds/container-service/target/test-dir/TestBlockDeletingService/hdds/e569895a-41c2-47de-996c-6fa7bddd7845/current/containerDir123/1670616774461/chunks/1670616775330_chunk_0_block_91 (size 100) for chunk ChunkInfo{chunkName='1670616775330_chunk_0_block_91, offset=0, len=100}
2022-12-09 20:12:57,234 [BlockDeletingService#0] INFO  impl.FilePerChunkStrategy (FilePerChunkStrategy.java:deleteChunk(322)) - Deleted chunk file /home/runner/work/ozone/ozone/hadoop-hdds/container-service/target/test-dir/TestBlockDeletingService/hdds/e569895a-41c2-47de-996c-6fa7bddd7845/current/containerDir123/1670616774461/chunks/1670616775333_chunk_0_block_92 (size 100) for chunk ChunkInfo{chunkName='1670616775333_chunk_0_block_92, offset=0, len=100}
2022-12-09 20:12:57,236 [BlockDeletingService#0] INFO  impl.FilePerChunkStrategy (FilePerChunkStrategy.java:deleteChunk(322)) - Deleted chunk file /home/runner/work/ozone/ozone/hadoop-hdds/container-service/target/test-dir/TestBlockDeletingService/hdds/e569895a-41c2-47de-996c-6fa7bddd7845/current/containerDir123/1670616774461/chunks/1670616775337_chunk_0_block_93 (size 100) for chunk ChunkInfo{chunkName='1670616775337_chunk_0_block_93, offset=0, len=100}
2022-12-09 20:12:57,237 [BlockDeletingService#0] INFO  impl.FilePerChunkStrategy (FilePerChunkStrategy.java:deleteChunk(322)) - Deleted chunk file /home/runner/work/ozone/ozone/hadoop-hdds/container-service/target/test-dir/TestBlockDeletingService/hdds/e569895a-41c2-47de-996c-6fa7bddd7845/current/containerDir123/1670616774461/chunks/1670616775340_chunk_0_block_94 (size 100) for chunk ChunkInfo{chunkName='1670616775340_chunk_0_block_94, offset=0, len=100}
2022-12-09 20:12:57,237 [BlockDeletingService#0] INFO  impl.FilePerChunkStrategy (FilePerChunkStrategy.java:deleteChunk(322)) - Deleted chunk file /home/runner/work/ozone/ozone/hadoop-hdds/container-service/target/test-dir/TestBlockDeletingService/hdds/e569895a-41c2-47de-996c-6fa7bddd7845/current/containerDir123/1670616774461/chunks/1670616775344_chunk_0_block_95 (size 100) for chunk ChunkInfo{chunkName='1670616775344_chunk_0_block_95, offset=0, len=100}
2022-12-09 20:12:57,238 [BlockDeletingService#0] INFO  impl.FilePerChunkStrategy (FilePerChunkStrategy.java:deleteChunk(322)) - Deleted chunk file /home/runner/work/ozone/ozone/hadoop-hdds/container-service/target/test-dir/TestBlockDeletingService/hdds/e569895a-41c2-47de-996c-6fa7bddd7845/current/containerDir123/1670616774461/chunks/1670616775347_chunk_0_block_96 (size 100) for chunk ChunkInfo{chunkName='1670616775347_chunk_0_block_96, offset=0, len=100}
2022-12-09 20:12:57,243 [BlockDeletingService#0] INFO  impl.FilePerChunkStrategy (FilePerChunkStrategy.java:deleteChunk(322)) - Deleted chunk file /home/runner/work/ozone/ozone/hadoop-hdds/container-service/target/test-dir/TestBlockDeletingService/hdds/e569895a-41c2-47de-996c-6fa7bddd7845/current/containerDir123/1670616774461/chunks/1670616775350_chunk_0_block_97 (size 100) for chunk ChunkInfo{chunkName='1670616775350_chunk_0_block_97, offset=0, len=100}
2022-12-09 20:12:57,243 [BlockDeletingService#0] INFO  impl.FilePerChunkStrategy (FilePerChunkStrategy.java:deleteChunk(322)) - Deleted chunk file /home/runner/work/ozone/ozone/hadoop-hdds/container-service/target/test-dir/TestBlockDeletingService/hdds/e569895a-41c2-47de-996c-6fa7bddd7845/current/containerDir123/1670616774461/chunks/1670616775353_chunk_0_block_98 (size 100) for chunk ChunkInfo{chunkName='1670616775353_chunk_0_block_98, offset=0, len=100}
2022-12-09 20:12:57,244 [BlockDeletingService#0] INFO  impl.FilePerChunkStrategy (FilePerChunkStrategy.java:deleteChunk(322)) - Deleted chunk file /home/runner/work/ozone/ozone/hadoop-hdds/container-service/target/test-dir/TestBlockDeletingService/hdds/e569895a-41c2-47de-996c-6fa7bddd7845/current/containerDir123/1670616774461/chunks/1670616775357_chunk_0_block_99 (size 100) for chunk ChunkInfo{chunkName='1670616775357_chunk_0_block_99, offset=0, len=100}
2022-12-09 20:12:57,248 [BlockDeletingService#0] WARN  utils.BackgroundService (BackgroundService.java:lambda$run$0(130)) - BlockDeletingService Background task execution took 110526501ns > 0ns(timeout)
]]></system-out>
  </testcase>
  <testcase name="testShutdownService" classname="TestBlockDeletingService" time="0.691">
    <system-out><![CDATA[2022-12-09 20:13:00,517 [main] INFO  volume.HddsVolume (HddsVolume.java:<init>(117)) - Creating HddsVolume: /home/runner/work/ozone/ozone/hadoop-hdds/container-service/target/test-dir/TestBlockDeletingService/hdds of storage type : DISK capacity : 9223372036854775807
2022-12-09 20:13:00,518 [main] INFO  volume.MutableVolumeSet (MutableVolumeSet.java:initializeVolumeSet(174)) - Added Volume : /home/runner/work/ozone/ozone/hadoop-hdds/container-service/target/test-dir/TestBlockDeletingService/hdds to VolumeSet
2022-12-09 20:13:01,095 [BlockDeletingService#0] INFO  impl.FilePerChunkStrategy (FilePerChunkStrategy.java:deleteChunk(322)) - Deleted chunk file /home/runner/work/ozone/ozone/hadoop-hdds/container-service/target/test-dir/TestBlockDeletingService/hdds/4e9e3ef9-2280-411e-a0fb-fd4d730a3e25/current/containerDir135/1670616780575/chunks/1670616780612_chunk_0_block_0 (size 100) for chunk ChunkInfo{chunkName='1670616780612_chunk_0_block_0, offset=0, len=100}
2022-12-09 20:13:01,097 [BlockDeletingService#0] INFO  impl.FilePerChunkStrategy (FilePerChunkStrategy.java:deleteChunk(322)) - Deleted chunk file /home/runner/work/ozone/ozone/hadoop-hdds/container-service/target/test-dir/TestBlockDeletingService/hdds/4e9e3ef9-2280-411e-a0fb-fd4d730a3e25/current/containerDir135/1670616780575/chunks/1670616780616_chunk_0_block_1 (size 100) for chunk ChunkInfo{chunkName='1670616780616_chunk_0_block_1, offset=0, len=100}
2022-12-09 20:13:01,097 [BlockDeletingService#0] INFO  impl.FilePerChunkStrategy (FilePerChunkStrategy.java:deleteChunk(322)) - Deleted chunk file /home/runner/work/ozone/ozone/hadoop-hdds/container-service/target/test-dir/TestBlockDeletingService/hdds/4e9e3ef9-2280-411e-a0fb-fd4d730a3e25/current/containerDir135/1670616780575/chunks/1670616780620_chunk_0_block_2 (size 100) for chunk ChunkInfo{chunkName='1670616780620_chunk_0_block_2, offset=0, len=100}
2022-12-09 20:13:01,098 [BlockDeletingService#0] INFO  impl.FilePerChunkStrategy (FilePerChunkStrategy.java:deleteChunk(322)) - Deleted chunk file /home/runner/work/ozone/ozone/hadoop-hdds/container-service/target/test-dir/TestBlockDeletingService/hdds/4e9e3ef9-2280-411e-a0fb-fd4d730a3e25/current/containerDir135/1670616780575/chunks/1670616780624_chunk_0_block_3 (size 100) for chunk ChunkInfo{chunkName='1670616780624_chunk_0_block_3, offset=0, len=100}
2022-12-09 20:13:01,098 [BlockDeletingService#0] INFO  impl.FilePerChunkStrategy (FilePerChunkStrategy.java:deleteChunk(322)) - Deleted chunk file /home/runner/work/ozone/ozone/hadoop-hdds/container-service/target/test-dir/TestBlockDeletingService/hdds/4e9e3ef9-2280-411e-a0fb-fd4d730a3e25/current/containerDir135/1670616780575/chunks/1670616780627_chunk_0_block_4 (size 100) for chunk ChunkInfo{chunkName='1670616780627_chunk_0_block_4, offset=0, len=100}
2022-12-09 20:13:01,098 [BlockDeletingService#0] INFO  impl.FilePerChunkStrategy (FilePerChunkStrategy.java:deleteChunk(322)) - Deleted chunk file /home/runner/work/ozone/ozone/hadoop-hdds/container-service/target/test-dir/TestBlockDeletingService/hdds/4e9e3ef9-2280-411e-a0fb-fd4d730a3e25/current/containerDir135/1670616780575/chunks/1670616780631_chunk_0_block_5 (size 100) for chunk ChunkInfo{chunkName='1670616780631_chunk_0_block_5, offset=0, len=100}
2022-12-09 20:13:01,099 [BlockDeletingService#0] INFO  impl.FilePerChunkStrategy (FilePerChunkStrategy.java:deleteChunk(322)) - Deleted chunk file /home/runner/work/ozone/ozone/hadoop-hdds/container-service/target/test-dir/TestBlockDeletingService/hdds/4e9e3ef9-2280-411e-a0fb-fd4d730a3e25/current/containerDir135/1670616780575/chunks/1670616780634_chunk_0_block_6 (size 100) for chunk ChunkInfo{chunkName='1670616780634_chunk_0_block_6, offset=0, len=100}
2022-12-09 20:13:01,099 [BlockDeletingService#0] INFO  impl.FilePerChunkStrategy (FilePerChunkStrategy.java:deleteChunk(322)) - Deleted chunk file /home/runner/work/ozone/ozone/hadoop-hdds/container-service/target/test-dir/TestBlockDeletingService/hdds/4e9e3ef9-2280-411e-a0fb-fd4d730a3e25/current/containerDir135/1670616780575/chunks/1670616780638_chunk_0_block_7 (size 100) for chunk ChunkInfo{chunkName='1670616780638_chunk_0_block_7, offset=0, len=100}
2022-12-09 20:13:01,099 [BlockDeletingService#0] INFO  impl.FilePerChunkStrategy (FilePerChunkStrategy.java:deleteChunk(322)) - Deleted chunk file /home/runner/work/ozone/ozone/hadoop-hdds/container-service/target/test-dir/TestBlockDeletingService/hdds/4e9e3ef9-2280-411e-a0fb-fd4d730a3e25/current/containerDir135/1670616780575/chunks/1670616780641_chunk_0_block_8 (size 100) for chunk ChunkInfo{chunkName='1670616780641_chunk_0_block_8, offset=0, len=100}
2022-12-09 20:13:01,099 [BlockDeletingService#0] INFO  impl.FilePerChunkStrategy (FilePerChunkStrategy.java:deleteChunk(322)) - Deleted chunk file /home/runner/work/ozone/ozone/hadoop-hdds/container-service/target/test-dir/TestBlockDeletingService/hdds/4e9e3ef9-2280-411e-a0fb-fd4d730a3e25/current/containerDir135/1670616780575/chunks/1670616780645_chunk_0_block_9 (size 100) for chunk ChunkInfo{chunkName='1670616780645_chunk_0_block_9, offset=0, len=100}
2022-12-09 20:13:01,100 [BlockDeletingService#0] INFO  impl.FilePerChunkStrategy (FilePerChunkStrategy.java:deleteChunk(322)) - Deleted chunk file /home/runner/work/ozone/ozone/hadoop-hdds/container-service/target/test-dir/TestBlockDeletingService/hdds/4e9e3ef9-2280-411e-a0fb-fd4d730a3e25/current/containerDir135/1670616780575/chunks/1670616780648_chunk_0_block_10 (size 100) for chunk ChunkInfo{chunkName='1670616780648_chunk_0_block_10, offset=0, len=100}
2022-12-09 20:13:01,100 [BlockDeletingService#0] INFO  impl.FilePerChunkStrategy (FilePerChunkStrategy.java:deleteChunk(322)) - Deleted chunk file /home/runner/work/ozone/ozone/hadoop-hdds/container-service/target/test-dir/TestBlockDeletingService/hdds/4e9e3ef9-2280-411e-a0fb-fd4d730a3e25/current/containerDir135/1670616780575/chunks/1670616780652_chunk_0_block_11 (size 100) for chunk ChunkInfo{chunkName='1670616780652_chunk_0_block_11, offset=0, len=100}
2022-12-09 20:13:01,100 [BlockDeletingService#0] INFO  impl.FilePerChunkStrategy (FilePerChunkStrategy.java:deleteChunk(322)) - Deleted chunk file /home/runner/work/ozone/ozone/hadoop-hdds/container-service/target/test-dir/TestBlockDeletingService/hdds/4e9e3ef9-2280-411e-a0fb-fd4d730a3e25/current/containerDir135/1670616780575/chunks/1670616780655_chunk_0_block_12 (size 100) for chunk ChunkInfo{chunkName='1670616780655_chunk_0_block_12, offset=0, len=100}
2022-12-09 20:13:01,101 [BlockDeletingService#0] INFO  impl.FilePerChunkStrategy (FilePerChunkStrategy.java:deleteChunk(322)) - Deleted chunk file /home/runner/work/ozone/ozone/hadoop-hdds/container-service/target/test-dir/TestBlockDeletingService/hdds/4e9e3ef9-2280-411e-a0fb-fd4d730a3e25/current/containerDir135/1670616780575/chunks/1670616780659_chunk_0_block_13 (size 100) for chunk ChunkInfo{chunkName='1670616780659_chunk_0_block_13, offset=0, len=100}
2022-12-09 20:13:01,101 [BlockDeletingService#0] INFO  impl.FilePerChunkStrategy (FilePerChunkStrategy.java:deleteChunk(322)) - Deleted chunk file /home/runner/work/ozone/ozone/hadoop-hdds/container-service/target/test-dir/TestBlockDeletingService/hdds/4e9e3ef9-2280-411e-a0fb-fd4d730a3e25/current/containerDir135/1670616780575/chunks/1670616780664_chunk_0_block_14 (size 100) for chunk ChunkInfo{chunkName='1670616780664_chunk_0_block_14, offset=0, len=100}
2022-12-09 20:13:01,101 [BlockDeletingService#0] INFO  impl.FilePerChunkStrategy (FilePerChunkStrategy.java:deleteChunk(322)) - Deleted chunk file /home/runner/work/ozone/ozone/hadoop-hdds/container-service/target/test-dir/TestBlockDeletingService/hdds/4e9e3ef9-2280-411e-a0fb-fd4d730a3e25/current/containerDir135/1670616780575/chunks/1670616780668_chunk_0_block_15 (size 100) for chunk ChunkInfo{chunkName='1670616780668_chunk_0_block_15, offset=0, len=100}
2022-12-09 20:13:01,102 [BlockDeletingService#0] INFO  impl.FilePerChunkStrategy (FilePerChunkStrategy.java:deleteChunk(322)) - Deleted chunk file /home/runner/work/ozone/ozone/hadoop-hdds/container-service/target/test-dir/TestBlockDeletingService/hdds/4e9e3ef9-2280-411e-a0fb-fd4d730a3e25/current/containerDir135/1670616780575/chunks/1670616780671_chunk_0_block_16 (size 100) for chunk ChunkInfo{chunkName='1670616780671_chunk_0_block_16, offset=0, len=100}
2022-12-09 20:13:01,102 [BlockDeletingService#0] INFO  impl.FilePerChunkStrategy (FilePerChunkStrategy.java:deleteChunk(322)) - Deleted chunk file /home/runner/work/ozone/ozone/hadoop-hdds/container-service/target/test-dir/TestBlockDeletingService/hdds/4e9e3ef9-2280-411e-a0fb-fd4d730a3e25/current/containerDir135/1670616780575/chunks/1670616780675_chunk_0_block_17 (size 100) for chunk ChunkInfo{chunkName='1670616780675_chunk_0_block_17, offset=0, len=100}
2022-12-09 20:13:01,102 [BlockDeletingService#0] INFO  impl.FilePerChunkStrategy (FilePerChunkStrategy.java:deleteChunk(322)) - Deleted chunk file /home/runner/work/ozone/ozone/hadoop-hdds/container-service/target/test-dir/TestBlockDeletingService/hdds/4e9e3ef9-2280-411e-a0fb-fd4d730a3e25/current/containerDir135/1670616780575/chunks/1670616780678_chunk_0_block_18 (size 100) for chunk ChunkInfo{chunkName='1670616780678_chunk_0_block_18, offset=0, len=100}
2022-12-09 20:13:01,102 [BlockDeletingService#0] INFO  impl.FilePerChunkStrategy (FilePerChunkStrategy.java:deleteChunk(322)) - Deleted chunk file /home/runner/work/ozone/ozone/hadoop-hdds/container-service/target/test-dir/TestBlockDeletingService/hdds/4e9e3ef9-2280-411e-a0fb-fd4d730a3e25/current/containerDir135/1670616780575/chunks/1670616780682_chunk_0_block_19 (size 100) for chunk ChunkInfo{chunkName='1670616780682_chunk_0_block_19, offset=0, len=100}
2022-12-09 20:13:01,103 [BlockDeletingService#0] INFO  impl.FilePerChunkStrategy (FilePerChunkStrategy.java:deleteChunk(322)) - Deleted chunk file /home/runner/work/ozone/ozone/hadoop-hdds/container-service/target/test-dir/TestBlockDeletingService/hdds/4e9e3ef9-2280-411e-a0fb-fd4d730a3e25/current/containerDir135/1670616780575/chunks/1670616780685_chunk_0_block_20 (size 100) for chunk ChunkInfo{chunkName='1670616780685_chunk_0_block_20, offset=0, len=100}
2022-12-09 20:13:01,103 [BlockDeletingService#0] INFO  impl.FilePerChunkStrategy (FilePerChunkStrategy.java:deleteChunk(322)) - Deleted chunk file /home/runner/work/ozone/ozone/hadoop-hdds/container-service/target/test-dir/TestBlockDeletingService/hdds/4e9e3ef9-2280-411e-a0fb-fd4d730a3e25/current/containerDir135/1670616780575/chunks/1670616780689_chunk_0_block_21 (size 100) for chunk ChunkInfo{chunkName='1670616780689_chunk_0_block_21, offset=0, len=100}
2022-12-09 20:13:01,103 [BlockDeletingService#0] INFO  impl.FilePerChunkStrategy (FilePerChunkStrategy.java:deleteChunk(322)) - Deleted chunk file /home/runner/work/ozone/ozone/hadoop-hdds/container-service/target/test-dir/TestBlockDeletingService/hdds/4e9e3ef9-2280-411e-a0fb-fd4d730a3e25/current/containerDir135/1670616780575/chunks/1670616780693_chunk_0_block_22 (size 100) for chunk ChunkInfo{chunkName='1670616780693_chunk_0_block_22, offset=0, len=100}
2022-12-09 20:13:01,103 [BlockDeletingService#0] INFO  impl.FilePerChunkStrategy (FilePerChunkStrategy.java:deleteChunk(322)) - Deleted chunk file /home/runner/work/ozone/ozone/hadoop-hdds/container-service/target/test-dir/TestBlockDeletingService/hdds/4e9e3ef9-2280-411e-a0fb-fd4d730a3e25/current/containerDir135/1670616780575/chunks/1670616780697_chunk_0_block_23 (size 100) for chunk ChunkInfo{chunkName='1670616780697_chunk_0_block_23, offset=0, len=100}
2022-12-09 20:13:01,104 [BlockDeletingService#0] INFO  impl.FilePerChunkStrategy (FilePerChunkStrategy.java:deleteChunk(322)) - Deleted chunk file /home/runner/work/ozone/ozone/hadoop-hdds/container-service/target/test-dir/TestBlockDeletingService/hdds/4e9e3ef9-2280-411e-a0fb-fd4d730a3e25/current/containerDir135/1670616780575/chunks/1670616780700_chunk_0_block_24 (size 100) for chunk ChunkInfo{chunkName='1670616780700_chunk_0_block_24, offset=0, len=100}
2022-12-09 20:13:01,104 [BlockDeletingService#0] INFO  impl.FilePerChunkStrategy (FilePerChunkStrategy.java:deleteChunk(322)) - Deleted chunk file /home/runner/work/ozone/ozone/hadoop-hdds/container-service/target/test-dir/TestBlockDeletingService/hdds/4e9e3ef9-2280-411e-a0fb-fd4d730a3e25/current/containerDir135/1670616780575/chunks/1670616780704_chunk_0_block_25 (size 100) for chunk ChunkInfo{chunkName='1670616780704_chunk_0_block_25, offset=0, len=100}
2022-12-09 20:13:01,104 [BlockDeletingService#0] INFO  impl.FilePerChunkStrategy (FilePerChunkStrategy.java:deleteChunk(322)) - Deleted chunk file /home/runner/work/ozone/ozone/hadoop-hdds/container-service/target/test-dir/TestBlockDeletingService/hdds/4e9e3ef9-2280-411e-a0fb-fd4d730a3e25/current/containerDir135/1670616780575/chunks/1670616780707_chunk_0_block_26 (size 100) for chunk ChunkInfo{chunkName='1670616780707_chunk_0_block_26, offset=0, len=100}
2022-12-09 20:13:01,105 [BlockDeletingService#0] INFO  impl.FilePerChunkStrategy (FilePerChunkStrategy.java:deleteChunk(322)) - Deleted chunk file /home/runner/work/ozone/ozone/hadoop-hdds/container-service/target/test-dir/TestBlockDeletingService/hdds/4e9e3ef9-2280-411e-a0fb-fd4d730a3e25/current/containerDir135/1670616780575/chunks/1670616780711_chunk_0_block_27 (size 100) for chunk ChunkInfo{chunkName='1670616780711_chunk_0_block_27, offset=0, len=100}
2022-12-09 20:13:01,105 [BlockDeletingService#0] INFO  impl.FilePerChunkStrategy (FilePerChunkStrategy.java:deleteChunk(322)) - Deleted chunk file /home/runner/work/ozone/ozone/hadoop-hdds/container-service/target/test-dir/TestBlockDeletingService/hdds/4e9e3ef9-2280-411e-a0fb-fd4d730a3e25/current/containerDir135/1670616780575/chunks/1670616780714_chunk_0_block_28 (size 100) for chunk ChunkInfo{chunkName='1670616780714_chunk_0_block_28, offset=0, len=100}
2022-12-09 20:13:01,105 [BlockDeletingService#0] INFO  impl.FilePerChunkStrategy (FilePerChunkStrategy.java:deleteChunk(322)) - Deleted chunk file /home/runner/work/ozone/ozone/hadoop-hdds/container-service/target/test-dir/TestBlockDeletingService/hdds/4e9e3ef9-2280-411e-a0fb-fd4d730a3e25/current/containerDir135/1670616780575/chunks/1670616780718_chunk_0_block_29 (size 100) for chunk ChunkInfo{chunkName='1670616780718_chunk_0_block_29, offset=0, len=100}
2022-12-09 20:13:01,105 [BlockDeletingService#0] INFO  impl.FilePerChunkStrategy (FilePerChunkStrategy.java:deleteChunk(322)) - Deleted chunk file /home/runner/work/ozone/ozone/hadoop-hdds/container-service/target/test-dir/TestBlockDeletingService/hdds/4e9e3ef9-2280-411e-a0fb-fd4d730a3e25/current/containerDir135/1670616780575/chunks/1670616780722_chunk_0_block_30 (size 100) for chunk ChunkInfo{chunkName='1670616780722_chunk_0_block_30, offset=0, len=100}
2022-12-09 20:13:01,106 [BlockDeletingService#0] INFO  impl.FilePerChunkStrategy (FilePerChunkStrategy.java:deleteChunk(322)) - Deleted chunk file /home/runner/work/ozone/ozone/hadoop-hdds/container-service/target/test-dir/TestBlockDeletingService/hdds/4e9e3ef9-2280-411e-a0fb-fd4d730a3e25/current/containerDir135/1670616780575/chunks/1670616780725_chunk_0_block_31 (size 100) for chunk ChunkInfo{chunkName='1670616780725_chunk_0_block_31, offset=0, len=100}
2022-12-09 20:13:01,106 [BlockDeletingService#0] INFO  impl.FilePerChunkStrategy (FilePerChunkStrategy.java:deleteChunk(322)) - Deleted chunk file /home/runner/work/ozone/ozone/hadoop-hdds/container-service/target/test-dir/TestBlockDeletingService/hdds/4e9e3ef9-2280-411e-a0fb-fd4d730a3e25/current/containerDir135/1670616780575/chunks/1670616780728_chunk_0_block_32 (size 100) for chunk ChunkInfo{chunkName='1670616780728_chunk_0_block_32, offset=0, len=100}
2022-12-09 20:13:01,106 [BlockDeletingService#0] INFO  impl.FilePerChunkStrategy (FilePerChunkStrategy.java:deleteChunk(322)) - Deleted chunk file /home/runner/work/ozone/ozone/hadoop-hdds/container-service/target/test-dir/TestBlockDeletingService/hdds/4e9e3ef9-2280-411e-a0fb-fd4d730a3e25/current/containerDir135/1670616780575/chunks/1670616780732_chunk_0_block_33 (size 100) for chunk ChunkInfo{chunkName='1670616780732_chunk_0_block_33, offset=0, len=100}
2022-12-09 20:13:01,107 [BlockDeletingService#0] INFO  impl.FilePerChunkStrategy (FilePerChunkStrategy.java:deleteChunk(322)) - Deleted chunk file /home/runner/work/ozone/ozone/hadoop-hdds/container-service/target/test-dir/TestBlockDeletingService/hdds/4e9e3ef9-2280-411e-a0fb-fd4d730a3e25/current/containerDir135/1670616780575/chunks/1670616780735_chunk_0_block_34 (size 100) for chunk ChunkInfo{chunkName='1670616780735_chunk_0_block_34, offset=0, len=100}
2022-12-09 20:13:01,107 [BlockDeletingService#0] INFO  impl.FilePerChunkStrategy (FilePerChunkStrategy.java:deleteChunk(322)) - Deleted chunk file /home/runner/work/ozone/ozone/hadoop-hdds/container-service/target/test-dir/TestBlockDeletingService/hdds/4e9e3ef9-2280-411e-a0fb-fd4d730a3e25/current/containerDir135/1670616780575/chunks/1670616780739_chunk_0_block_35 (size 100) for chunk ChunkInfo{chunkName='1670616780739_chunk_0_block_35, offset=0, len=100}
2022-12-09 20:13:01,107 [BlockDeletingService#0] INFO  impl.FilePerChunkStrategy (FilePerChunkStrategy.java:deleteChunk(322)) - Deleted chunk file /home/runner/work/ozone/ozone/hadoop-hdds/container-service/target/test-dir/TestBlockDeletingService/hdds/4e9e3ef9-2280-411e-a0fb-fd4d730a3e25/current/containerDir135/1670616780575/chunks/1670616780742_chunk_0_block_36 (size 100) for chunk ChunkInfo{chunkName='1670616780742_chunk_0_block_36, offset=0, len=100}
2022-12-09 20:13:01,107 [BlockDeletingService#0] INFO  impl.FilePerChunkStrategy (FilePerChunkStrategy.java:deleteChunk(322)) - Deleted chunk file /home/runner/work/ozone/ozone/hadoop-hdds/container-service/target/test-dir/TestBlockDeletingService/hdds/4e9e3ef9-2280-411e-a0fb-fd4d730a3e25/current/containerDir135/1670616780575/chunks/1670616780746_chunk_0_block_37 (size 100) for chunk ChunkInfo{chunkName='1670616780746_chunk_0_block_37, offset=0, len=100}
2022-12-09 20:13:01,108 [BlockDeletingService#0] INFO  impl.FilePerChunkStrategy (FilePerChunkStrategy.java:deleteChunk(322)) - Deleted chunk file /home/runner/work/ozone/ozone/hadoop-hdds/container-service/target/test-dir/TestBlockDeletingService/hdds/4e9e3ef9-2280-411e-a0fb-fd4d730a3e25/current/containerDir135/1670616780575/chunks/1670616780749_chunk_0_block_38 (size 100) for chunk ChunkInfo{chunkName='1670616780749_chunk_0_block_38, offset=0, len=100}
2022-12-09 20:13:01,108 [BlockDeletingService#0] INFO  impl.FilePerChunkStrategy (FilePerChunkStrategy.java:deleteChunk(322)) - Deleted chunk file /home/runner/work/ozone/ozone/hadoop-hdds/container-service/target/test-dir/TestBlockDeletingService/hdds/4e9e3ef9-2280-411e-a0fb-fd4d730a3e25/current/containerDir135/1670616780575/chunks/1670616780752_chunk_0_block_39 (size 100) for chunk ChunkInfo{chunkName='1670616780752_chunk_0_block_39, offset=0, len=100}
2022-12-09 20:13:01,108 [BlockDeletingService#0] INFO  impl.FilePerChunkStrategy (FilePerChunkStrategy.java:deleteChunk(322)) - Deleted chunk file /home/runner/work/ozone/ozone/hadoop-hdds/container-service/target/test-dir/TestBlockDeletingService/hdds/4e9e3ef9-2280-411e-a0fb-fd4d730a3e25/current/containerDir135/1670616780575/chunks/1670616780758_chunk_0_block_40 (size 100) for chunk ChunkInfo{chunkName='1670616780758_chunk_0_block_40, offset=0, len=100}
2022-12-09 20:13:01,108 [BlockDeletingService#0] INFO  impl.FilePerChunkStrategy (FilePerChunkStrategy.java:deleteChunk(322)) - Deleted chunk file /home/runner/work/ozone/ozone/hadoop-hdds/container-service/target/test-dir/TestBlockDeletingService/hdds/4e9e3ef9-2280-411e-a0fb-fd4d730a3e25/current/containerDir135/1670616780575/chunks/1670616780761_chunk_0_block_41 (size 100) for chunk ChunkInfo{chunkName='1670616780761_chunk_0_block_41, offset=0, len=100}
2022-12-09 20:13:01,109 [BlockDeletingService#0] INFO  impl.FilePerChunkStrategy (FilePerChunkStrategy.java:deleteChunk(322)) - Deleted chunk file /home/runner/work/ozone/ozone/hadoop-hdds/container-service/target/test-dir/TestBlockDeletingService/hdds/4e9e3ef9-2280-411e-a0fb-fd4d730a3e25/current/containerDir135/1670616780575/chunks/1670616780765_chunk_0_block_42 (size 100) for chunk ChunkInfo{chunkName='1670616780765_chunk_0_block_42, offset=0, len=100}
2022-12-09 20:13:01,109 [BlockDeletingService#0] INFO  impl.FilePerChunkStrategy (FilePerChunkStrategy.java:deleteChunk(322)) - Deleted chunk file /home/runner/work/ozone/ozone/hadoop-hdds/container-service/target/test-dir/TestBlockDeletingService/hdds/4e9e3ef9-2280-411e-a0fb-fd4d730a3e25/current/containerDir135/1670616780575/chunks/1670616780768_chunk_0_block_43 (size 100) for chunk ChunkInfo{chunkName='1670616780768_chunk_0_block_43, offset=0, len=100}
2022-12-09 20:13:01,109 [BlockDeletingService#0] INFO  impl.FilePerChunkStrategy (FilePerChunkStrategy.java:deleteChunk(322)) - Deleted chunk file /home/runner/work/ozone/ozone/hadoop-hdds/container-service/target/test-dir/TestBlockDeletingService/hdds/4e9e3ef9-2280-411e-a0fb-fd4d730a3e25/current/containerDir135/1670616780575/chunks/1670616780772_chunk_0_block_44 (size 100) for chunk ChunkInfo{chunkName='1670616780772_chunk_0_block_44, offset=0, len=100}
2022-12-09 20:13:01,110 [BlockDeletingService#0] INFO  impl.FilePerChunkStrategy (FilePerChunkStrategy.java:deleteChunk(322)) - Deleted chunk file /home/runner/work/ozone/ozone/hadoop-hdds/container-service/target/test-dir/TestBlockDeletingService/hdds/4e9e3ef9-2280-411e-a0fb-fd4d730a3e25/current/containerDir135/1670616780575/chunks/1670616780777_chunk_0_block_45 (size 100) for chunk ChunkInfo{chunkName='1670616780777_chunk_0_block_45, offset=0, len=100}
2022-12-09 20:13:01,110 [BlockDeletingService#0] INFO  impl.FilePerChunkStrategy (FilePerChunkStrategy.java:deleteChunk(322)) - Deleted chunk file /home/runner/work/ozone/ozone/hadoop-hdds/container-service/target/test-dir/TestBlockDeletingService/hdds/4e9e3ef9-2280-411e-a0fb-fd4d730a3e25/current/containerDir135/1670616780575/chunks/1670616780791_chunk_0_block_46 (size 100) for chunk ChunkInfo{chunkName='1670616780791_chunk_0_block_46, offset=0, len=100}
2022-12-09 20:13:01,110 [BlockDeletingService#0] INFO  impl.FilePerChunkStrategy (FilePerChunkStrategy.java:deleteChunk(322)) - Deleted chunk file /home/runner/work/ozone/ozone/hadoop-hdds/container-service/target/test-dir/TestBlockDeletingService/hdds/4e9e3ef9-2280-411e-a0fb-fd4d730a3e25/current/containerDir135/1670616780575/chunks/1670616780795_chunk_0_block_47 (size 100) for chunk ChunkInfo{chunkName='1670616780795_chunk_0_block_47, offset=0, len=100}
2022-12-09 20:13:01,111 [BlockDeletingService#0] INFO  impl.FilePerChunkStrategy (FilePerChunkStrategy.java:deleteChunk(322)) - Deleted chunk file /home/runner/work/ozone/ozone/hadoop-hdds/container-service/target/test-dir/TestBlockDeletingService/hdds/4e9e3ef9-2280-411e-a0fb-fd4d730a3e25/current/containerDir135/1670616780575/chunks/1670616780799_chunk_0_block_48 (size 100) for chunk ChunkInfo{chunkName='1670616780799_chunk_0_block_48, offset=0, len=100}
2022-12-09 20:13:01,111 [BlockDeletingService#0] INFO  impl.FilePerChunkStrategy (FilePerChunkStrategy.java:deleteChunk(322)) - Deleted chunk file /home/runner/work/ozone/ozone/hadoop-hdds/container-service/target/test-dir/TestBlockDeletingService/hdds/4e9e3ef9-2280-411e-a0fb-fd4d730a3e25/current/containerDir135/1670616780575/chunks/1670616780803_chunk_0_block_49 (size 100) for chunk ChunkInfo{chunkName='1670616780803_chunk_0_block_49, offset=0, len=100}
2022-12-09 20:13:01,111 [BlockDeletingService#0] INFO  impl.FilePerChunkStrategy (FilePerChunkStrategy.java:deleteChunk(322)) - Deleted chunk file /home/runner/work/ozone/ozone/hadoop-hdds/container-service/target/test-dir/TestBlockDeletingService/hdds/4e9e3ef9-2280-411e-a0fb-fd4d730a3e25/current/containerDir135/1670616780575/chunks/1670616780806_chunk_0_block_50 (size 100) for chunk ChunkInfo{chunkName='1670616780806_chunk_0_block_50, offset=0, len=100}
2022-12-09 20:13:01,111 [BlockDeletingService#0] INFO  impl.FilePerChunkStrategy (FilePerChunkStrategy.java:deleteChunk(322)) - Deleted chunk file /home/runner/work/ozone/ozone/hadoop-hdds/container-service/target/test-dir/TestBlockDeletingService/hdds/4e9e3ef9-2280-411e-a0fb-fd4d730a3e25/current/containerDir135/1670616780575/chunks/1670616780809_chunk_0_block_51 (size 100) for chunk ChunkInfo{chunkName='1670616780809_chunk_0_block_51, offset=0, len=100}
2022-12-09 20:13:01,112 [BlockDeletingService#0] INFO  impl.FilePerChunkStrategy (FilePerChunkStrategy.java:deleteChunk(322)) - Deleted chunk file /home/runner/work/ozone/ozone/hadoop-hdds/container-service/target/test-dir/TestBlockDeletingService/hdds/4e9e3ef9-2280-411e-a0fb-fd4d730a3e25/current/containerDir135/1670616780575/chunks/1670616780813_chunk_0_block_52 (size 100) for chunk ChunkInfo{chunkName='1670616780813_chunk_0_block_52, offset=0, len=100}
2022-12-09 20:13:01,112 [BlockDeletingService#0] INFO  impl.FilePerChunkStrategy (FilePerChunkStrategy.java:deleteChunk(322)) - Deleted chunk file /home/runner/work/ozone/ozone/hadoop-hdds/container-service/target/test-dir/TestBlockDeletingService/hdds/4e9e3ef9-2280-411e-a0fb-fd4d730a3e25/current/containerDir135/1670616780575/chunks/1670616780817_chunk_0_block_53 (size 100) for chunk ChunkInfo{chunkName='1670616780817_chunk_0_block_53, offset=0, len=100}
2022-12-09 20:13:01,112 [BlockDeletingService#0] INFO  impl.FilePerChunkStrategy (FilePerChunkStrategy.java:deleteChunk(322)) - Deleted chunk file /home/runner/work/ozone/ozone/hadoop-hdds/container-service/target/test-dir/TestBlockDeletingService/hdds/4e9e3ef9-2280-411e-a0fb-fd4d730a3e25/current/containerDir135/1670616780575/chunks/1670616780820_chunk_0_block_54 (size 100) for chunk ChunkInfo{chunkName='1670616780820_chunk_0_block_54, offset=0, len=100}
2022-12-09 20:13:01,112 [BlockDeletingService#0] INFO  impl.FilePerChunkStrategy (FilePerChunkStrategy.java:deleteChunk(322)) - Deleted chunk file /home/runner/work/ozone/ozone/hadoop-hdds/container-service/target/test-dir/TestBlockDeletingService/hdds/4e9e3ef9-2280-411e-a0fb-fd4d730a3e25/current/containerDir135/1670616780575/chunks/1670616780823_chunk_0_block_55 (size 100) for chunk ChunkInfo{chunkName='1670616780823_chunk_0_block_55, offset=0, len=100}
2022-12-09 20:13:01,113 [BlockDeletingService#0] INFO  impl.FilePerChunkStrategy (FilePerChunkStrategy.java:deleteChunk(322)) - Deleted chunk file /home/runner/work/ozone/ozone/hadoop-hdds/container-service/target/test-dir/TestBlockDeletingService/hdds/4e9e3ef9-2280-411e-a0fb-fd4d730a3e25/current/containerDir135/1670616780575/chunks/1670616780827_chunk_0_block_56 (size 100) for chunk ChunkInfo{chunkName='1670616780827_chunk_0_block_56, offset=0, len=100}
2022-12-09 20:13:01,113 [BlockDeletingService#0] INFO  impl.FilePerChunkStrategy (FilePerChunkStrategy.java:deleteChunk(322)) - Deleted chunk file /home/runner/work/ozone/ozone/hadoop-hdds/container-service/target/test-dir/TestBlockDeletingService/hdds/4e9e3ef9-2280-411e-a0fb-fd4d730a3e25/current/containerDir135/1670616780575/chunks/1670616780830_chunk_0_block_57 (size 100) for chunk ChunkInfo{chunkName='1670616780830_chunk_0_block_57, offset=0, len=100}
2022-12-09 20:13:01,113 [BlockDeletingService#0] INFO  impl.FilePerChunkStrategy (FilePerChunkStrategy.java:deleteChunk(322)) - Deleted chunk file /home/runner/work/ozone/ozone/hadoop-hdds/container-service/target/test-dir/TestBlockDeletingService/hdds/4e9e3ef9-2280-411e-a0fb-fd4d730a3e25/current/containerDir135/1670616780575/chunks/1670616780834_chunk_0_block_58 (size 100) for chunk ChunkInfo{chunkName='1670616780834_chunk_0_block_58, offset=0, len=100}
2022-12-09 20:13:01,113 [BlockDeletingService#0] INFO  impl.FilePerChunkStrategy (FilePerChunkStrategy.java:deleteChunk(322)) - Deleted chunk file /home/runner/work/ozone/ozone/hadoop-hdds/container-service/target/test-dir/TestBlockDeletingService/hdds/4e9e3ef9-2280-411e-a0fb-fd4d730a3e25/current/containerDir135/1670616780575/chunks/1670616780837_chunk_0_block_59 (size 100) for chunk ChunkInfo{chunkName='1670616780837_chunk_0_block_59, offset=0, len=100}
2022-12-09 20:13:01,114 [BlockDeletingService#0] INFO  impl.FilePerChunkStrategy (FilePerChunkStrategy.java:deleteChunk(322)) - Deleted chunk file /home/runner/work/ozone/ozone/hadoop-hdds/container-service/target/test-dir/TestBlockDeletingService/hdds/4e9e3ef9-2280-411e-a0fb-fd4d730a3e25/current/containerDir135/1670616780575/chunks/1670616780840_chunk_0_block_60 (size 100) for chunk ChunkInfo{chunkName='1670616780840_chunk_0_block_60, offset=0, len=100}
2022-12-09 20:13:01,114 [BlockDeletingService#0] INFO  impl.FilePerChunkStrategy (FilePerChunkStrategy.java:deleteChunk(322)) - Deleted chunk file /home/runner/work/ozone/ozone/hadoop-hdds/container-service/target/test-dir/TestBlockDeletingService/hdds/4e9e3ef9-2280-411e-a0fb-fd4d730a3e25/current/containerDir135/1670616780575/chunks/1670616780844_chunk_0_block_61 (size 100) for chunk ChunkInfo{chunkName='1670616780844_chunk_0_block_61, offset=0, len=100}
2022-12-09 20:13:01,114 [BlockDeletingService#0] INFO  impl.FilePerChunkStrategy (FilePerChunkStrategy.java:deleteChunk(322)) - Deleted chunk file /home/runner/work/ozone/ozone/hadoop-hdds/container-service/target/test-dir/TestBlockDeletingService/hdds/4e9e3ef9-2280-411e-a0fb-fd4d730a3e25/current/containerDir135/1670616780575/chunks/1670616780847_chunk_0_block_62 (size 100) for chunk ChunkInfo{chunkName='1670616780847_chunk_0_block_62, offset=0, len=100}
2022-12-09 20:13:01,114 [BlockDeletingService#0] INFO  impl.FilePerChunkStrategy (FilePerChunkStrategy.java:deleteChunk(322)) - Deleted chunk file /home/runner/work/ozone/ozone/hadoop-hdds/container-service/target/test-dir/TestBlockDeletingService/hdds/4e9e3ef9-2280-411e-a0fb-fd4d730a3e25/current/containerDir135/1670616780575/chunks/1670616780851_chunk_0_block_63 (size 100) for chunk ChunkInfo{chunkName='1670616780851_chunk_0_block_63, offset=0, len=100}
2022-12-09 20:13:01,115 [BlockDeletingService#0] INFO  impl.FilePerChunkStrategy (FilePerChunkStrategy.java:deleteChunk(322)) - Deleted chunk file /home/runner/work/ozone/ozone/hadoop-hdds/container-service/target/test-dir/TestBlockDeletingService/hdds/4e9e3ef9-2280-411e-a0fb-fd4d730a3e25/current/containerDir135/1670616780575/chunks/1670616780854_chunk_0_block_64 (size 100) for chunk ChunkInfo{chunkName='1670616780854_chunk_0_block_64, offset=0, len=100}
2022-12-09 20:13:01,115 [BlockDeletingService#0] INFO  impl.FilePerChunkStrategy (FilePerChunkStrategy.java:deleteChunk(322)) - Deleted chunk file /home/runner/work/ozone/ozone/hadoop-hdds/container-service/target/test-dir/TestBlockDeletingService/hdds/4e9e3ef9-2280-411e-a0fb-fd4d730a3e25/current/containerDir135/1670616780575/chunks/1670616780858_chunk_0_block_65 (size 100) for chunk ChunkInfo{chunkName='1670616780858_chunk_0_block_65, offset=0, len=100}
2022-12-09 20:13:01,115 [BlockDeletingService#0] INFO  impl.FilePerChunkStrategy (FilePerChunkStrategy.java:deleteChunk(322)) - Deleted chunk file /home/runner/work/ozone/ozone/hadoop-hdds/container-service/target/test-dir/TestBlockDeletingService/hdds/4e9e3ef9-2280-411e-a0fb-fd4d730a3e25/current/containerDir135/1670616780575/chunks/1670616780862_chunk_0_block_66 (size 100) for chunk ChunkInfo{chunkName='1670616780862_chunk_0_block_66, offset=0, len=100}
2022-12-09 20:13:01,115 [BlockDeletingService#0] INFO  impl.FilePerChunkStrategy (FilePerChunkStrategy.java:deleteChunk(322)) - Deleted chunk file /home/runner/work/ozone/ozone/hadoop-hdds/container-service/target/test-dir/TestBlockDeletingService/hdds/4e9e3ef9-2280-411e-a0fb-fd4d730a3e25/current/containerDir135/1670616780575/chunks/1670616780865_chunk_0_block_67 (size 100) for chunk ChunkInfo{chunkName='1670616780865_chunk_0_block_67, offset=0, len=100}
2022-12-09 20:13:01,116 [BlockDeletingService#0] INFO  impl.FilePerChunkStrategy (FilePerChunkStrategy.java:deleteChunk(322)) - Deleted chunk file /home/runner/work/ozone/ozone/hadoop-hdds/container-service/target/test-dir/TestBlockDeletingService/hdds/4e9e3ef9-2280-411e-a0fb-fd4d730a3e25/current/containerDir135/1670616780575/chunks/1670616780869_chunk_0_block_68 (size 100) for chunk ChunkInfo{chunkName='1670616780869_chunk_0_block_68, offset=0, len=100}
2022-12-09 20:13:01,116 [BlockDeletingService#0] INFO  impl.FilePerChunkStrategy (FilePerChunkStrategy.java:deleteChunk(322)) - Deleted chunk file /home/runner/work/ozone/ozone/hadoop-hdds/container-service/target/test-dir/TestBlockDeletingService/hdds/4e9e3ef9-2280-411e-a0fb-fd4d730a3e25/current/containerDir135/1670616780575/chunks/1670616780872_chunk_0_block_69 (size 100) for chunk ChunkInfo{chunkName='1670616780872_chunk_0_block_69, offset=0, len=100}
2022-12-09 20:13:01,116 [BlockDeletingService#0] INFO  impl.FilePerChunkStrategy (FilePerChunkStrategy.java:deleteChunk(322)) - Deleted chunk file /home/runner/work/ozone/ozone/hadoop-hdds/container-service/target/test-dir/TestBlockDeletingService/hdds/4e9e3ef9-2280-411e-a0fb-fd4d730a3e25/current/containerDir135/1670616780575/chunks/1670616780875_chunk_0_block_70 (size 100) for chunk ChunkInfo{chunkName='1670616780875_chunk_0_block_70, offset=0, len=100}
2022-12-09 20:13:01,117 [BlockDeletingService#0] INFO  impl.FilePerChunkStrategy (FilePerChunkStrategy.java:deleteChunk(322)) - Deleted chunk file /home/runner/work/ozone/ozone/hadoop-hdds/container-service/target/test-dir/TestBlockDeletingService/hdds/4e9e3ef9-2280-411e-a0fb-fd4d730a3e25/current/containerDir135/1670616780575/chunks/1670616780879_chunk_0_block_71 (size 100) for chunk ChunkInfo{chunkName='1670616780879_chunk_0_block_71, offset=0, len=100}
2022-12-09 20:13:01,117 [BlockDeletingService#0] INFO  impl.FilePerChunkStrategy (FilePerChunkStrategy.java:deleteChunk(322)) - Deleted chunk file /home/runner/work/ozone/ozone/hadoop-hdds/container-service/target/test-dir/TestBlockDeletingService/hdds/4e9e3ef9-2280-411e-a0fb-fd4d730a3e25/current/containerDir135/1670616780575/chunks/1670616780883_chunk_0_block_72 (size 100) for chunk ChunkInfo{chunkName='1670616780883_chunk_0_block_72, offset=0, len=100}
2022-12-09 20:13:01,117 [BlockDeletingService#0] INFO  impl.FilePerChunkStrategy (FilePerChunkStrategy.java:deleteChunk(322)) - Deleted chunk file /home/runner/work/ozone/ozone/hadoop-hdds/container-service/target/test-dir/TestBlockDeletingService/hdds/4e9e3ef9-2280-411e-a0fb-fd4d730a3e25/current/containerDir135/1670616780575/chunks/1670616780886_chunk_0_block_73 (size 100) for chunk ChunkInfo{chunkName='1670616780886_chunk_0_block_73, offset=0, len=100}
2022-12-09 20:13:01,117 [BlockDeletingService#0] INFO  impl.FilePerChunkStrategy (FilePerChunkStrategy.java:deleteChunk(322)) - Deleted chunk file /home/runner/work/ozone/ozone/hadoop-hdds/container-service/target/test-dir/TestBlockDeletingService/hdds/4e9e3ef9-2280-411e-a0fb-fd4d730a3e25/current/containerDir135/1670616780575/chunks/1670616780890_chunk_0_block_74 (size 100) for chunk ChunkInfo{chunkName='1670616780890_chunk_0_block_74, offset=0, len=100}
2022-12-09 20:13:01,118 [BlockDeletingService#0] INFO  impl.FilePerChunkStrategy (FilePerChunkStrategy.java:deleteChunk(322)) - Deleted chunk file /home/runner/work/ozone/ozone/hadoop-hdds/container-service/target/test-dir/TestBlockDeletingService/hdds/4e9e3ef9-2280-411e-a0fb-fd4d730a3e25/current/containerDir135/1670616780575/chunks/1670616780896_chunk_0_block_75 (size 100) for chunk ChunkInfo{chunkName='1670616780896_chunk_0_block_75, offset=0, len=100}
2022-12-09 20:13:01,118 [BlockDeletingService#0] INFO  impl.FilePerChunkStrategy (FilePerChunkStrategy.java:deleteChunk(322)) - Deleted chunk file /home/runner/work/ozone/ozone/hadoop-hdds/container-service/target/test-dir/TestBlockDeletingService/hdds/4e9e3ef9-2280-411e-a0fb-fd4d730a3e25/current/containerDir135/1670616780575/chunks/1670616780899_chunk_0_block_76 (size 100) for chunk ChunkInfo{chunkName='1670616780899_chunk_0_block_76, offset=0, len=100}
2022-12-09 20:13:01,118 [BlockDeletingService#0] INFO  impl.FilePerChunkStrategy (FilePerChunkStrategy.java:deleteChunk(322)) - Deleted chunk file /home/runner/work/ozone/ozone/hadoop-hdds/container-service/target/test-dir/TestBlockDeletingService/hdds/4e9e3ef9-2280-411e-a0fb-fd4d730a3e25/current/containerDir135/1670616780575/chunks/1670616780903_chunk_0_block_77 (size 100) for chunk ChunkInfo{chunkName='1670616780903_chunk_0_block_77, offset=0, len=100}
2022-12-09 20:13:01,118 [BlockDeletingService#0] INFO  impl.FilePerChunkStrategy (FilePerChunkStrategy.java:deleteChunk(322)) - Deleted chunk file /home/runner/work/ozone/ozone/hadoop-hdds/container-service/target/test-dir/TestBlockDeletingService/hdds/4e9e3ef9-2280-411e-a0fb-fd4d730a3e25/current/containerDir135/1670616780575/chunks/1670616780907_chunk_0_block_78 (size 100) for chunk ChunkInfo{chunkName='1670616780907_chunk_0_block_78, offset=0, len=100}
2022-12-09 20:13:01,119 [BlockDeletingService#0] INFO  impl.FilePerChunkStrategy (FilePerChunkStrategy.java:deleteChunk(322)) - Deleted chunk file /home/runner/work/ozone/ozone/hadoop-hdds/container-service/target/test-dir/TestBlockDeletingService/hdds/4e9e3ef9-2280-411e-a0fb-fd4d730a3e25/current/containerDir135/1670616780575/chunks/1670616780910_chunk_0_block_79 (size 100) for chunk ChunkInfo{chunkName='1670616780910_chunk_0_block_79, offset=0, len=100}
2022-12-09 20:13:01,119 [BlockDeletingService#0] INFO  impl.FilePerChunkStrategy (FilePerChunkStrategy.java:deleteChunk(322)) - Deleted chunk file /home/runner/work/ozone/ozone/hadoop-hdds/container-service/target/test-dir/TestBlockDeletingService/hdds/4e9e3ef9-2280-411e-a0fb-fd4d730a3e25/current/containerDir135/1670616780575/chunks/1670616780914_chunk_0_block_80 (size 100) for chunk ChunkInfo{chunkName='1670616780914_chunk_0_block_80, offset=0, len=100}
2022-12-09 20:13:01,119 [BlockDeletingService#0] INFO  impl.FilePerChunkStrategy (FilePerChunkStrategy.java:deleteChunk(322)) - Deleted chunk file /home/runner/work/ozone/ozone/hadoop-hdds/container-service/target/test-dir/TestBlockDeletingService/hdds/4e9e3ef9-2280-411e-a0fb-fd4d730a3e25/current/containerDir135/1670616780575/chunks/1670616780918_chunk_0_block_81 (size 100) for chunk ChunkInfo{chunkName='1670616780918_chunk_0_block_81, offset=0, len=100}
2022-12-09 20:13:01,120 [BlockDeletingService#0] INFO  impl.FilePerChunkStrategy (FilePerChunkStrategy.java:deleteChunk(322)) - Deleted chunk file /home/runner/work/ozone/ozone/hadoop-hdds/container-service/target/test-dir/TestBlockDeletingService/hdds/4e9e3ef9-2280-411e-a0fb-fd4d730a3e25/current/containerDir135/1670616780575/chunks/1670616780922_chunk_0_block_82 (size 100) for chunk ChunkInfo{chunkName='1670616780922_chunk_0_block_82, offset=0, len=100}
2022-12-09 20:13:01,120 [BlockDeletingService#0] INFO  impl.FilePerChunkStrategy (FilePerChunkStrategy.java:deleteChunk(322)) - Deleted chunk file /home/runner/work/ozone/ozone/hadoop-hdds/container-service/target/test-dir/TestBlockDeletingService/hdds/4e9e3ef9-2280-411e-a0fb-fd4d730a3e25/current/containerDir135/1670616780575/chunks/1670616780925_chunk_0_block_83 (size 100) for chunk ChunkInfo{chunkName='1670616780925_chunk_0_block_83, offset=0, len=100}
2022-12-09 20:13:01,120 [BlockDeletingService#0] INFO  impl.FilePerChunkStrategy (FilePerChunkStrategy.java:deleteChunk(322)) - Deleted chunk file /home/runner/work/ozone/ozone/hadoop-hdds/container-service/target/test-dir/TestBlockDeletingService/hdds/4e9e3ef9-2280-411e-a0fb-fd4d730a3e25/current/containerDir135/1670616780575/chunks/1670616780929_chunk_0_block_84 (size 100) for chunk ChunkInfo{chunkName='1670616780929_chunk_0_block_84, offset=0, len=100}
2022-12-09 20:13:01,120 [BlockDeletingService#0] INFO  impl.FilePerChunkStrategy (FilePerChunkStrategy.java:deleteChunk(322)) - Deleted chunk file /home/runner/work/ozone/ozone/hadoop-hdds/container-service/target/test-dir/TestBlockDeletingService/hdds/4e9e3ef9-2280-411e-a0fb-fd4d730a3e25/current/containerDir135/1670616780575/chunks/1670616780933_chunk_0_block_85 (size 100) for chunk ChunkInfo{chunkName='1670616780933_chunk_0_block_85, offset=0, len=100}
2022-12-09 20:13:01,121 [BlockDeletingService#0] INFO  impl.FilePerChunkStrategy (FilePerChunkStrategy.java:deleteChunk(322)) - Deleted chunk file /home/runner/work/ozone/ozone/hadoop-hdds/container-service/target/test-dir/TestBlockDeletingService/hdds/4e9e3ef9-2280-411e-a0fb-fd4d730a3e25/current/containerDir135/1670616780575/chunks/1670616780936_chunk_0_block_86 (size 100) for chunk ChunkInfo{chunkName='1670616780936_chunk_0_block_86, offset=0, len=100}
2022-12-09 20:13:01,121 [BlockDeletingService#0] INFO  impl.FilePerChunkStrategy (FilePerChunkStrategy.java:deleteChunk(322)) - Deleted chunk file /home/runner/work/ozone/ozone/hadoop-hdds/container-service/target/test-dir/TestBlockDeletingService/hdds/4e9e3ef9-2280-411e-a0fb-fd4d730a3e25/current/containerDir135/1670616780575/chunks/1670616780940_chunk_0_block_87 (size 100) for chunk ChunkInfo{chunkName='1670616780940_chunk_0_block_87, offset=0, len=100}
2022-12-09 20:13:01,121 [BlockDeletingService#0] INFO  impl.FilePerChunkStrategy (FilePerChunkStrategy.java:deleteChunk(322)) - Deleted chunk file /home/runner/work/ozone/ozone/hadoop-hdds/container-service/target/test-dir/TestBlockDeletingService/hdds/4e9e3ef9-2280-411e-a0fb-fd4d730a3e25/current/containerDir135/1670616780575/chunks/1670616780944_chunk_0_block_88 (size 100) for chunk ChunkInfo{chunkName='1670616780944_chunk_0_block_88, offset=0, len=100}
2022-12-09 20:13:01,121 [BlockDeletingService#0] INFO  impl.FilePerChunkStrategy (FilePerChunkStrategy.java:deleteChunk(322)) - Deleted chunk file /home/runner/work/ozone/ozone/hadoop-hdds/container-service/target/test-dir/TestBlockDeletingService/hdds/4e9e3ef9-2280-411e-a0fb-fd4d730a3e25/current/containerDir135/1670616780575/chunks/1670616780949_chunk_0_block_89 (size 100) for chunk ChunkInfo{chunkName='1670616780949_chunk_0_block_89, offset=0, len=100}
2022-12-09 20:13:01,122 [BlockDeletingService#0] INFO  impl.FilePerChunkStrategy (FilePerChunkStrategy.java:deleteChunk(322)) - Deleted chunk file /home/runner/work/ozone/ozone/hadoop-hdds/container-service/target/test-dir/TestBlockDeletingService/hdds/4e9e3ef9-2280-411e-a0fb-fd4d730a3e25/current/containerDir135/1670616780575/chunks/1670616780953_chunk_0_block_90 (size 100) for chunk ChunkInfo{chunkName='1670616780953_chunk_0_block_90, offset=0, len=100}
2022-12-09 20:13:01,122 [BlockDeletingService#0] INFO  impl.FilePerChunkStrategy (FilePerChunkStrategy.java:deleteChunk(322)) - Deleted chunk file /home/runner/work/ozone/ozone/hadoop-hdds/container-service/target/test-dir/TestBlockDeletingService/hdds/4e9e3ef9-2280-411e-a0fb-fd4d730a3e25/current/containerDir135/1670616780575/chunks/1670616780956_chunk_0_block_91 (size 100) for chunk ChunkInfo{chunkName='1670616780956_chunk_0_block_91, offset=0, len=100}
2022-12-09 20:13:01,122 [BlockDeletingService#0] INFO  impl.FilePerChunkStrategy (FilePerChunkStrategy.java:deleteChunk(322)) - Deleted chunk file /home/runner/work/ozone/ozone/hadoop-hdds/container-service/target/test-dir/TestBlockDeletingService/hdds/4e9e3ef9-2280-411e-a0fb-fd4d730a3e25/current/containerDir135/1670616780575/chunks/1670616780960_chunk_0_block_92 (size 100) for chunk ChunkInfo{chunkName='1670616780960_chunk_0_block_92, offset=0, len=100}
2022-12-09 20:13:01,123 [BlockDeletingService#0] INFO  impl.FilePerChunkStrategy (FilePerChunkStrategy.java:deleteChunk(322)) - Deleted chunk file /home/runner/work/ozone/ozone/hadoop-hdds/container-service/target/test-dir/TestBlockDeletingService/hdds/4e9e3ef9-2280-411e-a0fb-fd4d730a3e25/current/containerDir135/1670616780575/chunks/1670616780964_chunk_0_block_93 (size 100) for chunk ChunkInfo{chunkName='1670616780964_chunk_0_block_93, offset=0, len=100}
2022-12-09 20:13:01,123 [BlockDeletingService#0] INFO  impl.FilePerChunkStrategy (FilePerChunkStrategy.java:deleteChunk(322)) - Deleted chunk file /home/runner/work/ozone/ozone/hadoop-hdds/container-service/target/test-dir/TestBlockDeletingService/hdds/4e9e3ef9-2280-411e-a0fb-fd4d730a3e25/current/containerDir135/1670616780575/chunks/1670616780967_chunk_0_block_94 (size 100) for chunk ChunkInfo{chunkName='1670616780967_chunk_0_block_94, offset=0, len=100}
2022-12-09 20:13:01,123 [BlockDeletingService#0] INFO  impl.FilePerChunkStrategy (FilePerChunkStrategy.java:deleteChunk(322)) - Deleted chunk file /home/runner/work/ozone/ozone/hadoop-hdds/container-service/target/test-dir/TestBlockDeletingService/hdds/4e9e3ef9-2280-411e-a0fb-fd4d730a3e25/current/containerDir135/1670616780575/chunks/1670616780971_chunk_0_block_95 (size 100) for chunk ChunkInfo{chunkName='1670616780971_chunk_0_block_95, offset=0, len=100}
2022-12-09 20:13:01,123 [BlockDeletingService#0] INFO  impl.FilePerChunkStrategy (FilePerChunkStrategy.java:deleteChunk(322)) - Deleted chunk file /home/runner/work/ozone/ozone/hadoop-hdds/container-service/target/test-dir/TestBlockDeletingService/hdds/4e9e3ef9-2280-411e-a0fb-fd4d730a3e25/current/containerDir135/1670616780575/chunks/1670616780975_chunk_0_block_96 (size 100) for chunk ChunkInfo{chunkName='1670616780975_chunk_0_block_96, offset=0, len=100}
2022-12-09 20:13:01,124 [BlockDeletingService#0] INFO  impl.FilePerChunkStrategy (FilePerChunkStrategy.java:deleteChunk(322)) - Deleted chunk file /home/runner/work/ozone/ozone/hadoop-hdds/container-service/target/test-dir/TestBlockDeletingService/hdds/4e9e3ef9-2280-411e-a0fb-fd4d730a3e25/current/containerDir135/1670616780575/chunks/1670616780978_chunk_0_block_97 (size 100) for chunk ChunkInfo{chunkName='1670616780978_chunk_0_block_97, offset=0, len=100}
2022-12-09 20:13:01,124 [BlockDeletingService#0] INFO  impl.FilePerChunkStrategy (FilePerChunkStrategy.java:deleteChunk(322)) - Deleted chunk file /home/runner/work/ozone/ozone/hadoop-hdds/container-service/target/test-dir/TestBlockDeletingService/hdds/4e9e3ef9-2280-411e-a0fb-fd4d730a3e25/current/containerDir135/1670616780575/chunks/1670616780982_chunk_0_block_98 (size 100) for chunk ChunkInfo{chunkName='1670616780982_chunk_0_block_98, offset=0, len=100}
2022-12-09 20:13:01,124 [BlockDeletingService#0] INFO  impl.FilePerChunkStrategy (FilePerChunkStrategy.java:deleteChunk(322)) - Deleted chunk file /home/runner/work/ozone/ozone/hadoop-hdds/container-service/target/test-dir/TestBlockDeletingService/hdds/4e9e3ef9-2280-411e-a0fb-fd4d730a3e25/current/containerDir135/1670616780575/chunks/1670616780985_chunk_0_block_99 (size 100) for chunk ChunkInfo{chunkName='1670616780985_chunk_0_block_99, offset=0, len=100}
2022-12-09 20:13:01,126 [BlockDeletingService#0] WARN  utils.BackgroundService (BackgroundService.java:lambda$run$0(130)) - BlockDeletingService Background task execution took 34101201ns > 0ns(timeout)
2022-12-09 20:13:01,189 [main] INFO  utils.BackgroundService (BackgroundService.java:shutdown(141)) - Shutting down service BlockDeletingService
]]></system-out>
  </testcase>
  <testcase name="testShutdownService" classname="TestBlockDeletingService" time="0.789">
    <system-out><![CDATA[2022-12-09 20:13:03,390 [main] INFO  volume.HddsVolume (HddsVolume.java:<init>(117)) - Creating HddsVolume: /home/runner/work/ozone/ozone/hadoop-hdds/container-service/target/test-dir/TestBlockDeletingService/hdds of storage type : DISK capacity : 9223372036854775807
2022-12-09 20:13:03,392 [main] INFO  volume.MutableVolumeSet (MutableVolumeSet.java:initializeVolumeSet(174)) - Added Volume : /home/runner/work/ozone/ozone/hadoop-hdds/container-service/target/test-dir/TestBlockDeletingService/hdds to VolumeSet
2022-12-09 20:13:03,436 [main] INFO  utils.DatanodeStoreCache (DatanodeStoreCache.java:addDB(58)) - Added db /home/runner/work/ozone/ozone/hadoop-hdds/container-service/target/test-dir/TestBlockDeletingService/hdds/145f3094-2115-441e-b6a8-2b4b1976d308/DS-a4945882-7485-4b17-a763-c97c9c1beaf3/container.db to cache
2022-12-09 20:13:03,436 [main] INFO  volume.HddsVolume (HddsVolume.java:createDbStore(307)) - SchemaV3 db is created and loaded at /home/runner/work/ozone/ozone/hadoop-hdds/container-service/target/test-dir/TestBlockDeletingService/hdds/145f3094-2115-441e-b6a8-2b4b1976d308/DS-a4945882-7485-4b17-a763-c97c9c1beaf3/container.db for volume DS-a4945882-7485-4b17-a763-c97c9c1beaf3
2022-12-09 20:13:03,963 [BlockDeletingService#0] INFO  impl.FilePerChunkStrategy (FilePerChunkStrategy.java:deleteChunk(322)) - Deleted chunk file /home/runner/work/ozone/ozone/hadoop-hdds/container-service/target/test-dir/TestBlockDeletingService/hdds/145f3094-2115-441e-b6a8-2b4b1976d308/current/containerDir141/1670616783487/chunks/1670616783492_chunk_0_block_0 (size 100) for chunk ChunkInfo{chunkName='1670616783492_chunk_0_block_0, offset=0, len=100}
2022-12-09 20:13:03,964 [BlockDeletingService#0] INFO  impl.FilePerChunkStrategy (FilePerChunkStrategy.java:deleteChunk(322)) - Deleted chunk file /home/runner/work/ozone/ozone/hadoop-hdds/container-service/target/test-dir/TestBlockDeletingService/hdds/145f3094-2115-441e-b6a8-2b4b1976d308/current/containerDir141/1670616783487/chunks/1670616783526_chunk_0_block_9 (size 100) for chunk ChunkInfo{chunkName='1670616783526_chunk_0_block_9, offset=0, len=100}
2022-12-09 20:13:03,965 [BlockDeletingService#0] INFO  impl.FilePerChunkStrategy (FilePerChunkStrategy.java:deleteChunk(322)) - Deleted chunk file /home/runner/work/ozone/ozone/hadoop-hdds/container-service/target/test-dir/TestBlockDeletingService/hdds/145f3094-2115-441e-b6a8-2b4b1976d308/current/containerDir141/1670616783487/chunks/1670616783854_chunk_0_block_99 (size 100) for chunk ChunkInfo{chunkName='1670616783854_chunk_0_block_99, offset=0, len=100}
2022-12-09 20:13:03,965 [BlockDeletingService#0] INFO  impl.FilePerChunkStrategy (FilePerChunkStrategy.java:deleteChunk(322)) - Deleted chunk file /home/runner/work/ozone/ozone/hadoop-hdds/container-service/target/test-dir/TestBlockDeletingService/hdds/145f3094-2115-441e-b6a8-2b4b1976d308/current/containerDir141/1670616783487/chunks/1670616783530_chunk_0_block_10 (size 100) for chunk ChunkInfo{chunkName='1670616783530_chunk_0_block_10, offset=0, len=100}
2022-12-09 20:13:03,966 [BlockDeletingService#0] INFO  impl.FilePerChunkStrategy (FilePerChunkStrategy.java:deleteChunk(322)) - Deleted chunk file /home/runner/work/ozone/ozone/hadoop-hdds/container-service/target/test-dir/TestBlockDeletingService/hdds/145f3094-2115-441e-b6a8-2b4b1976d308/current/containerDir141/1670616783487/chunks/1670616783533_chunk_0_block_11 (size 100) for chunk ChunkInfo{chunkName='1670616783533_chunk_0_block_11, offset=0, len=100}
2022-12-09 20:13:03,966 [BlockDeletingService#0] INFO  impl.FilePerChunkStrategy (FilePerChunkStrategy.java:deleteChunk(322)) - Deleted chunk file /home/runner/work/ozone/ozone/hadoop-hdds/container-service/target/test-dir/TestBlockDeletingService/hdds/145f3094-2115-441e-b6a8-2b4b1976d308/current/containerDir141/1670616783487/chunks/1670616783536_chunk_0_block_12 (size 100) for chunk ChunkInfo{chunkName='1670616783536_chunk_0_block_12, offset=0, len=100}
2022-12-09 20:13:03,967 [BlockDeletingService#0] INFO  impl.FilePerChunkStrategy (FilePerChunkStrategy.java:deleteChunk(322)) - Deleted chunk file /home/runner/work/ozone/ozone/hadoop-hdds/container-service/target/test-dir/TestBlockDeletingService/hdds/145f3094-2115-441e-b6a8-2b4b1976d308/current/containerDir141/1670616783487/chunks/1670616783540_chunk_0_block_13 (size 100) for chunk ChunkInfo{chunkName='1670616783540_chunk_0_block_13, offset=0, len=100}
2022-12-09 20:13:03,967 [BlockDeletingService#0] INFO  impl.FilePerChunkStrategy (FilePerChunkStrategy.java:deleteChunk(322)) - Deleted chunk file /home/runner/work/ozone/ozone/hadoop-hdds/container-service/target/test-dir/TestBlockDeletingService/hdds/145f3094-2115-441e-b6a8-2b4b1976d308/current/containerDir141/1670616783487/chunks/1670616783543_chunk_0_block_14 (size 100) for chunk ChunkInfo{chunkName='1670616783543_chunk_0_block_14, offset=0, len=100}
2022-12-09 20:13:03,968 [BlockDeletingService#0] INFO  impl.FilePerChunkStrategy (FilePerChunkStrategy.java:deleteChunk(322)) - Deleted chunk file /home/runner/work/ozone/ozone/hadoop-hdds/container-service/target/test-dir/TestBlockDeletingService/hdds/145f3094-2115-441e-b6a8-2b4b1976d308/current/containerDir141/1670616783487/chunks/1670616783547_chunk_0_block_15 (size 100) for chunk ChunkInfo{chunkName='1670616783547_chunk_0_block_15, offset=0, len=100}
2022-12-09 20:13:03,968 [BlockDeletingService#0] INFO  impl.FilePerChunkStrategy (FilePerChunkStrategy.java:deleteChunk(322)) - Deleted chunk file /home/runner/work/ozone/ozone/hadoop-hdds/container-service/target/test-dir/TestBlockDeletingService/hdds/145f3094-2115-441e-b6a8-2b4b1976d308/current/containerDir141/1670616783487/chunks/1670616783550_chunk_0_block_16 (size 100) for chunk ChunkInfo{chunkName='1670616783550_chunk_0_block_16, offset=0, len=100}
2022-12-09 20:13:03,968 [BlockDeletingService#0] INFO  impl.FilePerChunkStrategy (FilePerChunkStrategy.java:deleteChunk(322)) - Deleted chunk file /home/runner/work/ozone/ozone/hadoop-hdds/container-service/target/test-dir/TestBlockDeletingService/hdds/145f3094-2115-441e-b6a8-2b4b1976d308/current/containerDir141/1670616783487/chunks/1670616783553_chunk_0_block_17 (size 100) for chunk ChunkInfo{chunkName='1670616783553_chunk_0_block_17, offset=0, len=100}
2022-12-09 20:13:03,969 [BlockDeletingService#0] INFO  impl.FilePerChunkStrategy (FilePerChunkStrategy.java:deleteChunk(322)) - Deleted chunk file /home/runner/work/ozone/ozone/hadoop-hdds/container-service/target/test-dir/TestBlockDeletingService/hdds/145f3094-2115-441e-b6a8-2b4b1976d308/current/containerDir141/1670616783487/chunks/1670616783557_chunk_0_block_18 (size 100) for chunk ChunkInfo{chunkName='1670616783557_chunk_0_block_18, offset=0, len=100}
2022-12-09 20:13:03,969 [BlockDeletingService#0] INFO  impl.FilePerChunkStrategy (FilePerChunkStrategy.java:deleteChunk(322)) - Deleted chunk file /home/runner/work/ozone/ozone/hadoop-hdds/container-service/target/test-dir/TestBlockDeletingService/hdds/145f3094-2115-441e-b6a8-2b4b1976d308/current/containerDir141/1670616783487/chunks/1670616783498_chunk_0_block_1 (size 100) for chunk ChunkInfo{chunkName='1670616783498_chunk_0_block_1, offset=0, len=100}
2022-12-09 20:13:03,970 [BlockDeletingService#0] INFO  impl.FilePerChunkStrategy (FilePerChunkStrategy.java:deleteChunk(322)) - Deleted chunk file /home/runner/work/ozone/ozone/hadoop-hdds/container-service/target/test-dir/TestBlockDeletingService/hdds/145f3094-2115-441e-b6a8-2b4b1976d308/current/containerDir141/1670616783487/chunks/1670616783560_chunk_0_block_19 (size 100) for chunk ChunkInfo{chunkName='1670616783560_chunk_0_block_19, offset=0, len=100}
2022-12-09 20:13:03,970 [BlockDeletingService#0] INFO  impl.FilePerChunkStrategy (FilePerChunkStrategy.java:deleteChunk(322)) - Deleted chunk file /home/runner/work/ozone/ozone/hadoop-hdds/container-service/target/test-dir/TestBlockDeletingService/hdds/145f3094-2115-441e-b6a8-2b4b1976d308/current/containerDir141/1670616783487/chunks/1670616783563_chunk_0_block_20 (size 100) for chunk ChunkInfo{chunkName='1670616783563_chunk_0_block_20, offset=0, len=100}
2022-12-09 20:13:03,970 [BlockDeletingService#0] INFO  impl.FilePerChunkStrategy (FilePerChunkStrategy.java:deleteChunk(322)) - Deleted chunk file /home/runner/work/ozone/ozone/hadoop-hdds/container-service/target/test-dir/TestBlockDeletingService/hdds/145f3094-2115-441e-b6a8-2b4b1976d308/current/containerDir141/1670616783487/chunks/1670616783567_chunk_0_block_21 (size 100) for chunk ChunkInfo{chunkName='1670616783567_chunk_0_block_21, offset=0, len=100}
2022-12-09 20:13:03,970 [BlockDeletingService#0] INFO  impl.FilePerChunkStrategy (FilePerChunkStrategy.java:deleteChunk(322)) - Deleted chunk file /home/runner/work/ozone/ozone/hadoop-hdds/container-service/target/test-dir/TestBlockDeletingService/hdds/145f3094-2115-441e-b6a8-2b4b1976d308/current/containerDir141/1670616783487/chunks/1670616783570_chunk_0_block_22 (size 100) for chunk ChunkInfo{chunkName='1670616783570_chunk_0_block_22, offset=0, len=100}
2022-12-09 20:13:03,971 [BlockDeletingService#0] INFO  impl.FilePerChunkStrategy (FilePerChunkStrategy.java:deleteChunk(322)) - Deleted chunk file /home/runner/work/ozone/ozone/hadoop-hdds/container-service/target/test-dir/TestBlockDeletingService/hdds/145f3094-2115-441e-b6a8-2b4b1976d308/current/containerDir141/1670616783487/chunks/1670616783573_chunk_0_block_23 (size 100) for chunk ChunkInfo{chunkName='1670616783573_chunk_0_block_23, offset=0, len=100}
2022-12-09 20:13:03,971 [BlockDeletingService#0] INFO  impl.FilePerChunkStrategy (FilePerChunkStrategy.java:deleteChunk(322)) - Deleted chunk file /home/runner/work/ozone/ozone/hadoop-hdds/container-service/target/test-dir/TestBlockDeletingService/hdds/145f3094-2115-441e-b6a8-2b4b1976d308/current/containerDir141/1670616783487/chunks/1670616783576_chunk_0_block_24 (size 100) for chunk ChunkInfo{chunkName='1670616783576_chunk_0_block_24, offset=0, len=100}
2022-12-09 20:13:03,971 [BlockDeletingService#0] INFO  impl.FilePerChunkStrategy (FilePerChunkStrategy.java:deleteChunk(322)) - Deleted chunk file /home/runner/work/ozone/ozone/hadoop-hdds/container-service/target/test-dir/TestBlockDeletingService/hdds/145f3094-2115-441e-b6a8-2b4b1976d308/current/containerDir141/1670616783487/chunks/1670616783580_chunk_0_block_25 (size 100) for chunk ChunkInfo{chunkName='1670616783580_chunk_0_block_25, offset=0, len=100}
2022-12-09 20:13:03,971 [BlockDeletingService#0] INFO  impl.FilePerChunkStrategy (FilePerChunkStrategy.java:deleteChunk(322)) - Deleted chunk file /home/runner/work/ozone/ozone/hadoop-hdds/container-service/target/test-dir/TestBlockDeletingService/hdds/145f3094-2115-441e-b6a8-2b4b1976d308/current/containerDir141/1670616783487/chunks/1670616783583_chunk_0_block_26 (size 100) for chunk ChunkInfo{chunkName='1670616783583_chunk_0_block_26, offset=0, len=100}
2022-12-09 20:13:03,972 [BlockDeletingService#0] INFO  impl.FilePerChunkStrategy (FilePerChunkStrategy.java:deleteChunk(322)) - Deleted chunk file /home/runner/work/ozone/ozone/hadoop-hdds/container-service/target/test-dir/TestBlockDeletingService/hdds/145f3094-2115-441e-b6a8-2b4b1976d308/current/containerDir141/1670616783487/chunks/1670616783587_chunk_0_block_27 (size 100) for chunk ChunkInfo{chunkName='1670616783587_chunk_0_block_27, offset=0, len=100}
2022-12-09 20:13:03,972 [BlockDeletingService#0] INFO  impl.FilePerChunkStrategy (FilePerChunkStrategy.java:deleteChunk(322)) - Deleted chunk file /home/runner/work/ozone/ozone/hadoop-hdds/container-service/target/test-dir/TestBlockDeletingService/hdds/145f3094-2115-441e-b6a8-2b4b1976d308/current/containerDir141/1670616783487/chunks/1670616783590_chunk_0_block_28 (size 100) for chunk ChunkInfo{chunkName='1670616783590_chunk_0_block_28, offset=0, len=100}
2022-12-09 20:13:03,972 [BlockDeletingService#0] INFO  impl.FilePerChunkStrategy (FilePerChunkStrategy.java:deleteChunk(322)) - Deleted chunk file /home/runner/work/ozone/ozone/hadoop-hdds/container-service/target/test-dir/TestBlockDeletingService/hdds/145f3094-2115-441e-b6a8-2b4b1976d308/current/containerDir141/1670616783487/chunks/1670616783502_chunk_0_block_2 (size 100) for chunk ChunkInfo{chunkName='1670616783502_chunk_0_block_2, offset=0, len=100}
2022-12-09 20:13:03,972 [BlockDeletingService#0] INFO  impl.FilePerChunkStrategy (FilePerChunkStrategy.java:deleteChunk(322)) - Deleted chunk file /home/runner/work/ozone/ozone/hadoop-hdds/container-service/target/test-dir/TestBlockDeletingService/hdds/145f3094-2115-441e-b6a8-2b4b1976d308/current/containerDir141/1670616783487/chunks/1670616783593_chunk_0_block_29 (size 100) for chunk ChunkInfo{chunkName='1670616783593_chunk_0_block_29, offset=0, len=100}
2022-12-09 20:13:03,973 [BlockDeletingService#0] INFO  impl.FilePerChunkStrategy (FilePerChunkStrategy.java:deleteChunk(322)) - Deleted chunk file /home/runner/work/ozone/ozone/hadoop-hdds/container-service/target/test-dir/TestBlockDeletingService/hdds/145f3094-2115-441e-b6a8-2b4b1976d308/current/containerDir141/1670616783487/chunks/1670616783597_chunk_0_block_30 (size 100) for chunk ChunkInfo{chunkName='1670616783597_chunk_0_block_30, offset=0, len=100}
2022-12-09 20:13:03,973 [BlockDeletingService#0] INFO  impl.FilePerChunkStrategy (FilePerChunkStrategy.java:deleteChunk(322)) - Deleted chunk file /home/runner/work/ozone/ozone/hadoop-hdds/container-service/target/test-dir/TestBlockDeletingService/hdds/145f3094-2115-441e-b6a8-2b4b1976d308/current/containerDir141/1670616783487/chunks/1670616783600_chunk_0_block_31 (size 100) for chunk ChunkInfo{chunkName='1670616783600_chunk_0_block_31, offset=0, len=100}
2022-12-09 20:13:03,973 [BlockDeletingService#0] INFO  impl.FilePerChunkStrategy (FilePerChunkStrategy.java:deleteChunk(322)) - Deleted chunk file /home/runner/work/ozone/ozone/hadoop-hdds/container-service/target/test-dir/TestBlockDeletingService/hdds/145f3094-2115-441e-b6a8-2b4b1976d308/current/containerDir141/1670616783487/chunks/1670616783604_chunk_0_block_32 (size 100) for chunk ChunkInfo{chunkName='1670616783604_chunk_0_block_32, offset=0, len=100}
2022-12-09 20:13:03,973 [BlockDeletingService#0] INFO  impl.FilePerChunkStrategy (FilePerChunkStrategy.java:deleteChunk(322)) - Deleted chunk file /home/runner/work/ozone/ozone/hadoop-hdds/container-service/target/test-dir/TestBlockDeletingService/hdds/145f3094-2115-441e-b6a8-2b4b1976d308/current/containerDir141/1670616783487/chunks/1670616783607_chunk_0_block_33 (size 100) for chunk ChunkInfo{chunkName='1670616783607_chunk_0_block_33, offset=0, len=100}
2022-12-09 20:13:03,976 [BlockDeletingService#0] INFO  impl.FilePerChunkStrategy (FilePerChunkStrategy.java:deleteChunk(322)) - Deleted chunk file /home/runner/work/ozone/ozone/hadoop-hdds/container-service/target/test-dir/TestBlockDeletingService/hdds/145f3094-2115-441e-b6a8-2b4b1976d308/current/containerDir141/1670616783487/chunks/1670616783610_chunk_0_block_34 (size 100) for chunk ChunkInfo{chunkName='1670616783610_chunk_0_block_34, offset=0, len=100}
2022-12-09 20:13:03,977 [BlockDeletingService#0] INFO  impl.FilePerChunkStrategy (FilePerChunkStrategy.java:deleteChunk(322)) - Deleted chunk file /home/runner/work/ozone/ozone/hadoop-hdds/container-service/target/test-dir/TestBlockDeletingService/hdds/145f3094-2115-441e-b6a8-2b4b1976d308/current/containerDir141/1670616783487/chunks/1670616783613_chunk_0_block_35 (size 100) for chunk ChunkInfo{chunkName='1670616783613_chunk_0_block_35, offset=0, len=100}
2022-12-09 20:13:03,977 [BlockDeletingService#0] INFO  impl.FilePerChunkStrategy (FilePerChunkStrategy.java:deleteChunk(322)) - Deleted chunk file /home/runner/work/ozone/ozone/hadoop-hdds/container-service/target/test-dir/TestBlockDeletingService/hdds/145f3094-2115-441e-b6a8-2b4b1976d308/current/containerDir141/1670616783487/chunks/1670616783617_chunk_0_block_36 (size 100) for chunk ChunkInfo{chunkName='1670616783617_chunk_0_block_36, offset=0, len=100}
2022-12-09 20:13:03,977 [BlockDeletingService#0] INFO  impl.FilePerChunkStrategy (FilePerChunkStrategy.java:deleteChunk(322)) - Deleted chunk file /home/runner/work/ozone/ozone/hadoop-hdds/container-service/target/test-dir/TestBlockDeletingService/hdds/145f3094-2115-441e-b6a8-2b4b1976d308/current/containerDir141/1670616783487/chunks/1670616783620_chunk_0_block_37 (size 100) for chunk ChunkInfo{chunkName='1670616783620_chunk_0_block_37, offset=0, len=100}
2022-12-09 20:13:03,977 [BlockDeletingService#0] INFO  impl.FilePerChunkStrategy (FilePerChunkStrategy.java:deleteChunk(322)) - Deleted chunk file /home/runner/work/ozone/ozone/hadoop-hdds/container-service/target/test-dir/TestBlockDeletingService/hdds/145f3094-2115-441e-b6a8-2b4b1976d308/current/containerDir141/1670616783487/chunks/1670616783625_chunk_0_block_38 (size 100) for chunk ChunkInfo{chunkName='1670616783625_chunk_0_block_38, offset=0, len=100}
2022-12-09 20:13:03,978 [BlockDeletingService#0] INFO  impl.FilePerChunkStrategy (FilePerChunkStrategy.java:deleteChunk(322)) - Deleted chunk file /home/runner/work/ozone/ozone/hadoop-hdds/container-service/target/test-dir/TestBlockDeletingService/hdds/145f3094-2115-441e-b6a8-2b4b1976d308/current/containerDir141/1670616783487/chunks/1670616783505_chunk_0_block_3 (size 100) for chunk ChunkInfo{chunkName='1670616783505_chunk_0_block_3, offset=0, len=100}
2022-12-09 20:13:03,978 [BlockDeletingService#0] INFO  impl.FilePerChunkStrategy (FilePerChunkStrategy.java:deleteChunk(322)) - Deleted chunk file /home/runner/work/ozone/ozone/hadoop-hdds/container-service/target/test-dir/TestBlockDeletingService/hdds/145f3094-2115-441e-b6a8-2b4b1976d308/current/containerDir141/1670616783487/chunks/1670616783628_chunk_0_block_39 (size 100) for chunk ChunkInfo{chunkName='1670616783628_chunk_0_block_39, offset=0, len=100}
2022-12-09 20:13:03,978 [BlockDeletingService#0] INFO  impl.FilePerChunkStrategy (FilePerChunkStrategy.java:deleteChunk(322)) - Deleted chunk file /home/runner/work/ozone/ozone/hadoop-hdds/container-service/target/test-dir/TestBlockDeletingService/hdds/145f3094-2115-441e-b6a8-2b4b1976d308/current/containerDir141/1670616783487/chunks/1670616783632_chunk_0_block_40 (size 100) for chunk ChunkInfo{chunkName='1670616783632_chunk_0_block_40, offset=0, len=100}
2022-12-09 20:13:03,978 [BlockDeletingService#0] INFO  impl.FilePerChunkStrategy (FilePerChunkStrategy.java:deleteChunk(322)) - Deleted chunk file /home/runner/work/ozone/ozone/hadoop-hdds/container-service/target/test-dir/TestBlockDeletingService/hdds/145f3094-2115-441e-b6a8-2b4b1976d308/current/containerDir141/1670616783487/chunks/1670616783635_chunk_0_block_41 (size 100) for chunk ChunkInfo{chunkName='1670616783635_chunk_0_block_41, offset=0, len=100}
2022-12-09 20:13:03,978 [BlockDeletingService#0] INFO  impl.FilePerChunkStrategy (FilePerChunkStrategy.java:deleteChunk(322)) - Deleted chunk file /home/runner/work/ozone/ozone/hadoop-hdds/container-service/target/test-dir/TestBlockDeletingService/hdds/145f3094-2115-441e-b6a8-2b4b1976d308/current/containerDir141/1670616783487/chunks/1670616783638_chunk_0_block_42 (size 100) for chunk ChunkInfo{chunkName='1670616783638_chunk_0_block_42, offset=0, len=100}
2022-12-09 20:13:03,979 [BlockDeletingService#0] INFO  impl.FilePerChunkStrategy (FilePerChunkStrategy.java:deleteChunk(322)) - Deleted chunk file /home/runner/work/ozone/ozone/hadoop-hdds/container-service/target/test-dir/TestBlockDeletingService/hdds/145f3094-2115-441e-b6a8-2b4b1976d308/current/containerDir141/1670616783487/chunks/1670616783642_chunk_0_block_43 (size 100) for chunk ChunkInfo{chunkName='1670616783642_chunk_0_block_43, offset=0, len=100}
2022-12-09 20:13:03,979 [BlockDeletingService#0] INFO  impl.FilePerChunkStrategy (FilePerChunkStrategy.java:deleteChunk(322)) - Deleted chunk file /home/runner/work/ozone/ozone/hadoop-hdds/container-service/target/test-dir/TestBlockDeletingService/hdds/145f3094-2115-441e-b6a8-2b4b1976d308/current/containerDir141/1670616783487/chunks/1670616783645_chunk_0_block_44 (size 100) for chunk ChunkInfo{chunkName='1670616783645_chunk_0_block_44, offset=0, len=100}
2022-12-09 20:13:03,980 [BlockDeletingService#0] INFO  impl.FilePerChunkStrategy (FilePerChunkStrategy.java:deleteChunk(322)) - Deleted chunk file /home/runner/work/ozone/ozone/hadoop-hdds/container-service/target/test-dir/TestBlockDeletingService/hdds/145f3094-2115-441e-b6a8-2b4b1976d308/current/containerDir141/1670616783487/chunks/1670616783648_chunk_0_block_45 (size 100) for chunk ChunkInfo{chunkName='1670616783648_chunk_0_block_45, offset=0, len=100}
2022-12-09 20:13:03,980 [BlockDeletingService#0] INFO  impl.FilePerChunkStrategy (FilePerChunkStrategy.java:deleteChunk(322)) - Deleted chunk file /home/runner/work/ozone/ozone/hadoop-hdds/container-service/target/test-dir/TestBlockDeletingService/hdds/145f3094-2115-441e-b6a8-2b4b1976d308/current/containerDir141/1670616783487/chunks/1670616783652_chunk_0_block_46 (size 100) for chunk ChunkInfo{chunkName='1670616783652_chunk_0_block_46, offset=0, len=100}
2022-12-09 20:13:03,980 [BlockDeletingService#0] INFO  impl.FilePerChunkStrategy (FilePerChunkStrategy.java:deleteChunk(322)) - Deleted chunk file /home/runner/work/ozone/ozone/hadoop-hdds/container-service/target/test-dir/TestBlockDeletingService/hdds/145f3094-2115-441e-b6a8-2b4b1976d308/current/containerDir141/1670616783487/chunks/1670616783655_chunk_0_block_47 (size 100) for chunk ChunkInfo{chunkName='1670616783655_chunk_0_block_47, offset=0, len=100}
2022-12-09 20:13:03,980 [BlockDeletingService#0] INFO  impl.FilePerChunkStrategy (FilePerChunkStrategy.java:deleteChunk(322)) - Deleted chunk file /home/runner/work/ozone/ozone/hadoop-hdds/container-service/target/test-dir/TestBlockDeletingService/hdds/145f3094-2115-441e-b6a8-2b4b1976d308/current/containerDir141/1670616783487/chunks/1670616783659_chunk_0_block_48 (size 100) for chunk ChunkInfo{chunkName='1670616783659_chunk_0_block_48, offset=0, len=100}
2022-12-09 20:13:03,981 [BlockDeletingService#0] INFO  impl.FilePerChunkStrategy (FilePerChunkStrategy.java:deleteChunk(322)) - Deleted chunk file /home/runner/work/ozone/ozone/hadoop-hdds/container-service/target/test-dir/TestBlockDeletingService/hdds/145f3094-2115-441e-b6a8-2b4b1976d308/current/containerDir141/1670616783487/chunks/1670616783508_chunk_0_block_4 (size 100) for chunk ChunkInfo{chunkName='1670616783508_chunk_0_block_4, offset=0, len=100}
2022-12-09 20:13:03,981 [BlockDeletingService#0] INFO  impl.FilePerChunkStrategy (FilePerChunkStrategy.java:deleteChunk(322)) - Deleted chunk file /home/runner/work/ozone/ozone/hadoop-hdds/container-service/target/test-dir/TestBlockDeletingService/hdds/145f3094-2115-441e-b6a8-2b4b1976d308/current/containerDir141/1670616783487/chunks/1670616783662_chunk_0_block_49 (size 100) for chunk ChunkInfo{chunkName='1670616783662_chunk_0_block_49, offset=0, len=100}
2022-12-09 20:13:03,981 [BlockDeletingService#0] INFO  impl.FilePerChunkStrategy (FilePerChunkStrategy.java:deleteChunk(322)) - Deleted chunk file /home/runner/work/ozone/ozone/hadoop-hdds/container-service/target/test-dir/TestBlockDeletingService/hdds/145f3094-2115-441e-b6a8-2b4b1976d308/current/containerDir141/1670616783487/chunks/1670616783666_chunk_0_block_50 (size 100) for chunk ChunkInfo{chunkName='1670616783666_chunk_0_block_50, offset=0, len=100}
2022-12-09 20:13:03,981 [BlockDeletingService#0] INFO  impl.FilePerChunkStrategy (FilePerChunkStrategy.java:deleteChunk(322)) - Deleted chunk file /home/runner/work/ozone/ozone/hadoop-hdds/container-service/target/test-dir/TestBlockDeletingService/hdds/145f3094-2115-441e-b6a8-2b4b1976d308/current/containerDir141/1670616783487/chunks/1670616783669_chunk_0_block_51 (size 100) for chunk ChunkInfo{chunkName='1670616783669_chunk_0_block_51, offset=0, len=100}
2022-12-09 20:13:03,982 [BlockDeletingService#0] INFO  impl.FilePerChunkStrategy (FilePerChunkStrategy.java:deleteChunk(322)) - Deleted chunk file /home/runner/work/ozone/ozone/hadoop-hdds/container-service/target/test-dir/TestBlockDeletingService/hdds/145f3094-2115-441e-b6a8-2b4b1976d308/current/containerDir141/1670616783487/chunks/1670616783672_chunk_0_block_52 (size 100) for chunk ChunkInfo{chunkName='1670616783672_chunk_0_block_52, offset=0, len=100}
2022-12-09 20:13:03,982 [BlockDeletingService#0] INFO  impl.FilePerChunkStrategy (FilePerChunkStrategy.java:deleteChunk(322)) - Deleted chunk file /home/runner/work/ozone/ozone/hadoop-hdds/container-service/target/test-dir/TestBlockDeletingService/hdds/145f3094-2115-441e-b6a8-2b4b1976d308/current/containerDir141/1670616783487/chunks/1670616783676_chunk_0_block_53 (size 100) for chunk ChunkInfo{chunkName='1670616783676_chunk_0_block_53, offset=0, len=100}
2022-12-09 20:13:03,982 [BlockDeletingService#0] INFO  impl.FilePerChunkStrategy (FilePerChunkStrategy.java:deleteChunk(322)) - Deleted chunk file /home/runner/work/ozone/ozone/hadoop-hdds/container-service/target/test-dir/TestBlockDeletingService/hdds/145f3094-2115-441e-b6a8-2b4b1976d308/current/containerDir141/1670616783487/chunks/1670616783680_chunk_0_block_54 (size 100) for chunk ChunkInfo{chunkName='1670616783680_chunk_0_block_54, offset=0, len=100}
2022-12-09 20:13:03,982 [BlockDeletingService#0] INFO  impl.FilePerChunkStrategy (FilePerChunkStrategy.java:deleteChunk(322)) - Deleted chunk file /home/runner/work/ozone/ozone/hadoop-hdds/container-service/target/test-dir/TestBlockDeletingService/hdds/145f3094-2115-441e-b6a8-2b4b1976d308/current/containerDir141/1670616783487/chunks/1670616783683_chunk_0_block_55 (size 100) for chunk ChunkInfo{chunkName='1670616783683_chunk_0_block_55, offset=0, len=100}
2022-12-09 20:13:03,983 [BlockDeletingService#0] INFO  impl.FilePerChunkStrategy (FilePerChunkStrategy.java:deleteChunk(322)) - Deleted chunk file /home/runner/work/ozone/ozone/hadoop-hdds/container-service/target/test-dir/TestBlockDeletingService/hdds/145f3094-2115-441e-b6a8-2b4b1976d308/current/containerDir141/1670616783487/chunks/1670616783686_chunk_0_block_56 (size 100) for chunk ChunkInfo{chunkName='1670616783686_chunk_0_block_56, offset=0, len=100}
2022-12-09 20:13:03,983 [BlockDeletingService#0] INFO  impl.FilePerChunkStrategy (FilePerChunkStrategy.java:deleteChunk(322)) - Deleted chunk file /home/runner/work/ozone/ozone/hadoop-hdds/container-service/target/test-dir/TestBlockDeletingService/hdds/145f3094-2115-441e-b6a8-2b4b1976d308/current/containerDir141/1670616783487/chunks/1670616783690_chunk_0_block_57 (size 100) for chunk ChunkInfo{chunkName='1670616783690_chunk_0_block_57, offset=0, len=100}
2022-12-09 20:13:03,983 [BlockDeletingService#0] INFO  impl.FilePerChunkStrategy (FilePerChunkStrategy.java:deleteChunk(322)) - Deleted chunk file /home/runner/work/ozone/ozone/hadoop-hdds/container-service/target/test-dir/TestBlockDeletingService/hdds/145f3094-2115-441e-b6a8-2b4b1976d308/current/containerDir141/1670616783487/chunks/1670616783693_chunk_0_block_58 (size 100) for chunk ChunkInfo{chunkName='1670616783693_chunk_0_block_58, offset=0, len=100}
2022-12-09 20:13:03,983 [BlockDeletingService#0] INFO  impl.FilePerChunkStrategy (FilePerChunkStrategy.java:deleteChunk(322)) - Deleted chunk file /home/runner/work/ozone/ozone/hadoop-hdds/container-service/target/test-dir/TestBlockDeletingService/hdds/145f3094-2115-441e-b6a8-2b4b1976d308/current/containerDir141/1670616783487/chunks/1670616783512_chunk_0_block_5 (size 100) for chunk ChunkInfo{chunkName='1670616783512_chunk_0_block_5, offset=0, len=100}
2022-12-09 20:13:03,984 [BlockDeletingService#0] INFO  impl.FilePerChunkStrategy (FilePerChunkStrategy.java:deleteChunk(322)) - Deleted chunk file /home/runner/work/ozone/ozone/hadoop-hdds/container-service/target/test-dir/TestBlockDeletingService/hdds/145f3094-2115-441e-b6a8-2b4b1976d308/current/containerDir141/1670616783487/chunks/1670616783697_chunk_0_block_59 (size 100) for chunk ChunkInfo{chunkName='1670616783697_chunk_0_block_59, offset=0, len=100}
2022-12-09 20:13:03,984 [BlockDeletingService#0] INFO  impl.FilePerChunkStrategy (FilePerChunkStrategy.java:deleteChunk(322)) - Deleted chunk file /home/runner/work/ozone/ozone/hadoop-hdds/container-service/target/test-dir/TestBlockDeletingService/hdds/145f3094-2115-441e-b6a8-2b4b1976d308/current/containerDir141/1670616783487/chunks/1670616783700_chunk_0_block_60 (size 100) for chunk ChunkInfo{chunkName='1670616783700_chunk_0_block_60, offset=0, len=100}
2022-12-09 20:13:03,985 [BlockDeletingService#0] INFO  impl.FilePerChunkStrategy (FilePerChunkStrategy.java:deleteChunk(322)) - Deleted chunk file /home/runner/work/ozone/ozone/hadoop-hdds/container-service/target/test-dir/TestBlockDeletingService/hdds/145f3094-2115-441e-b6a8-2b4b1976d308/current/containerDir141/1670616783487/chunks/1670616783704_chunk_0_block_61 (size 100) for chunk ChunkInfo{chunkName='1670616783704_chunk_0_block_61, offset=0, len=100}
2022-12-09 20:13:03,985 [BlockDeletingService#0] INFO  impl.FilePerChunkStrategy (FilePerChunkStrategy.java:deleteChunk(322)) - Deleted chunk file /home/runner/work/ozone/ozone/hadoop-hdds/container-service/target/test-dir/TestBlockDeletingService/hdds/145f3094-2115-441e-b6a8-2b4b1976d308/current/containerDir141/1670616783487/chunks/1670616783708_chunk_0_block_62 (size 100) for chunk ChunkInfo{chunkName='1670616783708_chunk_0_block_62, offset=0, len=100}
2022-12-09 20:13:03,985 [BlockDeletingService#0] INFO  impl.FilePerChunkStrategy (FilePerChunkStrategy.java:deleteChunk(322)) - Deleted chunk file /home/runner/work/ozone/ozone/hadoop-hdds/container-service/target/test-dir/TestBlockDeletingService/hdds/145f3094-2115-441e-b6a8-2b4b1976d308/current/containerDir141/1670616783487/chunks/1670616783711_chunk_0_block_63 (size 100) for chunk ChunkInfo{chunkName='1670616783711_chunk_0_block_63, offset=0, len=100}
2022-12-09 20:13:03,985 [BlockDeletingService#0] INFO  impl.FilePerChunkStrategy (FilePerChunkStrategy.java:deleteChunk(322)) - Deleted chunk file /home/runner/work/ozone/ozone/hadoop-hdds/container-service/target/test-dir/TestBlockDeletingService/hdds/145f3094-2115-441e-b6a8-2b4b1976d308/current/containerDir141/1670616783487/chunks/1670616783714_chunk_0_block_64 (size 100) for chunk ChunkInfo{chunkName='1670616783714_chunk_0_block_64, offset=0, len=100}
2022-12-09 20:13:03,985 [BlockDeletingService#0] INFO  impl.FilePerChunkStrategy (FilePerChunkStrategy.java:deleteChunk(322)) - Deleted chunk file /home/runner/work/ozone/ozone/hadoop-hdds/container-service/target/test-dir/TestBlockDeletingService/hdds/145f3094-2115-441e-b6a8-2b4b1976d308/current/containerDir141/1670616783487/chunks/1670616783718_chunk_0_block_65 (size 100) for chunk ChunkInfo{chunkName='1670616783718_chunk_0_block_65, offset=0, len=100}
2022-12-09 20:13:03,986 [BlockDeletingService#0] INFO  impl.FilePerChunkStrategy (FilePerChunkStrategy.java:deleteChunk(322)) - Deleted chunk file /home/runner/work/ozone/ozone/hadoop-hdds/container-service/target/test-dir/TestBlockDeletingService/hdds/145f3094-2115-441e-b6a8-2b4b1976d308/current/containerDir141/1670616783487/chunks/1670616783721_chunk_0_block_66 (size 100) for chunk ChunkInfo{chunkName='1670616783721_chunk_0_block_66, offset=0, len=100}
2022-12-09 20:13:03,986 [BlockDeletingService#0] INFO  impl.FilePerChunkStrategy (FilePerChunkStrategy.java:deleteChunk(322)) - Deleted chunk file /home/runner/work/ozone/ozone/hadoop-hdds/container-service/target/test-dir/TestBlockDeletingService/hdds/145f3094-2115-441e-b6a8-2b4b1976d308/current/containerDir141/1670616783487/chunks/1670616783724_chunk_0_block_67 (size 100) for chunk ChunkInfo{chunkName='1670616783724_chunk_0_block_67, offset=0, len=100}
2022-12-09 20:13:03,986 [BlockDeletingService#0] INFO  impl.FilePerChunkStrategy (FilePerChunkStrategy.java:deleteChunk(322)) - Deleted chunk file /home/runner/work/ozone/ozone/hadoop-hdds/container-service/target/test-dir/TestBlockDeletingService/hdds/145f3094-2115-441e-b6a8-2b4b1976d308/current/containerDir141/1670616783487/chunks/1670616783727_chunk_0_block_68 (size 100) for chunk ChunkInfo{chunkName='1670616783727_chunk_0_block_68, offset=0, len=100}
2022-12-09 20:13:03,986 [BlockDeletingService#0] INFO  impl.FilePerChunkStrategy (FilePerChunkStrategy.java:deleteChunk(322)) - Deleted chunk file /home/runner/work/ozone/ozone/hadoop-hdds/container-service/target/test-dir/TestBlockDeletingService/hdds/145f3094-2115-441e-b6a8-2b4b1976d308/current/containerDir141/1670616783487/chunks/1670616783515_chunk_0_block_6 (size 100) for chunk ChunkInfo{chunkName='1670616783515_chunk_0_block_6, offset=0, len=100}
2022-12-09 20:13:03,987 [BlockDeletingService#0] INFO  impl.FilePerChunkStrategy (FilePerChunkStrategy.java:deleteChunk(322)) - Deleted chunk file /home/runner/work/ozone/ozone/hadoop-hdds/container-service/target/test-dir/TestBlockDeletingService/hdds/145f3094-2115-441e-b6a8-2b4b1976d308/current/containerDir141/1670616783487/chunks/1670616783731_chunk_0_block_69 (size 100) for chunk ChunkInfo{chunkName='1670616783731_chunk_0_block_69, offset=0, len=100}
2022-12-09 20:13:03,987 [BlockDeletingService#0] INFO  impl.FilePerChunkStrategy (FilePerChunkStrategy.java:deleteChunk(322)) - Deleted chunk file /home/runner/work/ozone/ozone/hadoop-hdds/container-service/target/test-dir/TestBlockDeletingService/hdds/145f3094-2115-441e-b6a8-2b4b1976d308/current/containerDir141/1670616783487/chunks/1670616783750_chunk_0_block_70 (size 100) for chunk ChunkInfo{chunkName='1670616783750_chunk_0_block_70, offset=0, len=100}
2022-12-09 20:13:03,987 [BlockDeletingService#0] INFO  impl.FilePerChunkStrategy (FilePerChunkStrategy.java:deleteChunk(322)) - Deleted chunk file /home/runner/work/ozone/ozone/hadoop-hdds/container-service/target/test-dir/TestBlockDeletingService/hdds/145f3094-2115-441e-b6a8-2b4b1976d308/current/containerDir141/1670616783487/chunks/1670616783754_chunk_0_block_71 (size 100) for chunk ChunkInfo{chunkName='1670616783754_chunk_0_block_71, offset=0, len=100}
2022-12-09 20:13:03,987 [BlockDeletingService#0] INFO  impl.FilePerChunkStrategy (FilePerChunkStrategy.java:deleteChunk(322)) - Deleted chunk file /home/runner/work/ozone/ozone/hadoop-hdds/container-service/target/test-dir/TestBlockDeletingService/hdds/145f3094-2115-441e-b6a8-2b4b1976d308/current/containerDir141/1670616783487/chunks/1670616783757_chunk_0_block_72 (size 100) for chunk ChunkInfo{chunkName='1670616783757_chunk_0_block_72, offset=0, len=100}
2022-12-09 20:13:03,988 [BlockDeletingService#0] INFO  impl.FilePerChunkStrategy (FilePerChunkStrategy.java:deleteChunk(322)) - Deleted chunk file /home/runner/work/ozone/ozone/hadoop-hdds/container-service/target/test-dir/TestBlockDeletingService/hdds/145f3094-2115-441e-b6a8-2b4b1976d308/current/containerDir141/1670616783487/chunks/1670616783760_chunk_0_block_73 (size 100) for chunk ChunkInfo{chunkName='1670616783760_chunk_0_block_73, offset=0, len=100}
2022-12-09 20:13:03,988 [BlockDeletingService#0] INFO  impl.FilePerChunkStrategy (FilePerChunkStrategy.java:deleteChunk(322)) - Deleted chunk file /home/runner/work/ozone/ozone/hadoop-hdds/container-service/target/test-dir/TestBlockDeletingService/hdds/145f3094-2115-441e-b6a8-2b4b1976d308/current/containerDir141/1670616783487/chunks/1670616783764_chunk_0_block_74 (size 100) for chunk ChunkInfo{chunkName='1670616783764_chunk_0_block_74, offset=0, len=100}
2022-12-09 20:13:03,988 [BlockDeletingService#0] INFO  impl.FilePerChunkStrategy (FilePerChunkStrategy.java:deleteChunk(322)) - Deleted chunk file /home/runner/work/ozone/ozone/hadoop-hdds/container-service/target/test-dir/TestBlockDeletingService/hdds/145f3094-2115-441e-b6a8-2b4b1976d308/current/containerDir141/1670616783487/chunks/1670616783767_chunk_0_block_75 (size 100) for chunk ChunkInfo{chunkName='1670616783767_chunk_0_block_75, offset=0, len=100}
2022-12-09 20:13:03,988 [BlockDeletingService#0] INFO  impl.FilePerChunkStrategy (FilePerChunkStrategy.java:deleteChunk(322)) - Deleted chunk file /home/runner/work/ozone/ozone/hadoop-hdds/container-service/target/test-dir/TestBlockDeletingService/hdds/145f3094-2115-441e-b6a8-2b4b1976d308/current/containerDir141/1670616783487/chunks/1670616783770_chunk_0_block_76 (size 100) for chunk ChunkInfo{chunkName='1670616783770_chunk_0_block_76, offset=0, len=100}
2022-12-09 20:13:03,989 [BlockDeletingService#0] INFO  impl.FilePerChunkStrategy (FilePerChunkStrategy.java:deleteChunk(322)) - Deleted chunk file /home/runner/work/ozone/ozone/hadoop-hdds/container-service/target/test-dir/TestBlockDeletingService/hdds/145f3094-2115-441e-b6a8-2b4b1976d308/current/containerDir141/1670616783487/chunks/1670616783774_chunk_0_block_77 (size 100) for chunk ChunkInfo{chunkName='1670616783774_chunk_0_block_77, offset=0, len=100}
2022-12-09 20:13:03,989 [BlockDeletingService#0] INFO  impl.FilePerChunkStrategy (FilePerChunkStrategy.java:deleteChunk(322)) - Deleted chunk file /home/runner/work/ozone/ozone/hadoop-hdds/container-service/target/test-dir/TestBlockDeletingService/hdds/145f3094-2115-441e-b6a8-2b4b1976d308/current/containerDir141/1670616783487/chunks/1670616783777_chunk_0_block_78 (size 100) for chunk ChunkInfo{chunkName='1670616783777_chunk_0_block_78, offset=0, len=100}
2022-12-09 20:13:03,989 [BlockDeletingService#0] INFO  impl.FilePerChunkStrategy (FilePerChunkStrategy.java:deleteChunk(322)) - Deleted chunk file /home/runner/work/ozone/ozone/hadoop-hdds/container-service/target/test-dir/TestBlockDeletingService/hdds/145f3094-2115-441e-b6a8-2b4b1976d308/current/containerDir141/1670616783487/chunks/1670616783519_chunk_0_block_7 (size 100) for chunk ChunkInfo{chunkName='1670616783519_chunk_0_block_7, offset=0, len=100}
2022-12-09 20:13:03,989 [BlockDeletingService#0] INFO  impl.FilePerChunkStrategy (FilePerChunkStrategy.java:deleteChunk(322)) - Deleted chunk file /home/runner/work/ozone/ozone/hadoop-hdds/container-service/target/test-dir/TestBlockDeletingService/hdds/145f3094-2115-441e-b6a8-2b4b1976d308/current/containerDir141/1670616783487/chunks/1670616783780_chunk_0_block_79 (size 100) for chunk ChunkInfo{chunkName='1670616783780_chunk_0_block_79, offset=0, len=100}
2022-12-09 20:13:03,989 [BlockDeletingService#0] INFO  impl.FilePerChunkStrategy (FilePerChunkStrategy.java:deleteChunk(322)) - Deleted chunk file /home/runner/work/ozone/ozone/hadoop-hdds/container-service/target/test-dir/TestBlockDeletingService/hdds/145f3094-2115-441e-b6a8-2b4b1976d308/current/containerDir141/1670616783487/chunks/1670616783784_chunk_0_block_80 (size 100) for chunk ChunkInfo{chunkName='1670616783784_chunk_0_block_80, offset=0, len=100}
2022-12-09 20:13:03,990 [BlockDeletingService#0] INFO  impl.FilePerChunkStrategy (FilePerChunkStrategy.java:deleteChunk(322)) - Deleted chunk file /home/runner/work/ozone/ozone/hadoop-hdds/container-service/target/test-dir/TestBlockDeletingService/hdds/145f3094-2115-441e-b6a8-2b4b1976d308/current/containerDir141/1670616783487/chunks/1670616783787_chunk_0_block_81 (size 100) for chunk ChunkInfo{chunkName='1670616783787_chunk_0_block_81, offset=0, len=100}
2022-12-09 20:13:03,990 [BlockDeletingService#0] INFO  impl.FilePerChunkStrategy (FilePerChunkStrategy.java:deleteChunk(322)) - Deleted chunk file /home/runner/work/ozone/ozone/hadoop-hdds/container-service/target/test-dir/TestBlockDeletingService/hdds/145f3094-2115-441e-b6a8-2b4b1976d308/current/containerDir141/1670616783487/chunks/1670616783791_chunk_0_block_82 (size 100) for chunk ChunkInfo{chunkName='1670616783791_chunk_0_block_82, offset=0, len=100}
2022-12-09 20:13:03,990 [BlockDeletingService#0] INFO  impl.FilePerChunkStrategy (FilePerChunkStrategy.java:deleteChunk(322)) - Deleted chunk file /home/runner/work/ozone/ozone/hadoop-hdds/container-service/target/test-dir/TestBlockDeletingService/hdds/145f3094-2115-441e-b6a8-2b4b1976d308/current/containerDir141/1670616783487/chunks/1670616783794_chunk_0_block_83 (size 100) for chunk ChunkInfo{chunkName='1670616783794_chunk_0_block_83, offset=0, len=100}
2022-12-09 20:13:03,990 [BlockDeletingService#0] INFO  impl.FilePerChunkStrategy (FilePerChunkStrategy.java:deleteChunk(322)) - Deleted chunk file /home/runner/work/ozone/ozone/hadoop-hdds/container-service/target/test-dir/TestBlockDeletingService/hdds/145f3094-2115-441e-b6a8-2b4b1976d308/current/containerDir141/1670616783487/chunks/1670616783798_chunk_0_block_84 (size 100) for chunk ChunkInfo{chunkName='1670616783798_chunk_0_block_84, offset=0, len=100}
2022-12-09 20:13:03,990 [BlockDeletingService#0] INFO  impl.FilePerChunkStrategy (FilePerChunkStrategy.java:deleteChunk(322)) - Deleted chunk file /home/runner/work/ozone/ozone/hadoop-hdds/container-service/target/test-dir/TestBlockDeletingService/hdds/145f3094-2115-441e-b6a8-2b4b1976d308/current/containerDir141/1670616783487/chunks/1670616783801_chunk_0_block_85 (size 100) for chunk ChunkInfo{chunkName='1670616783801_chunk_0_block_85, offset=0, len=100}
2022-12-09 20:13:03,991 [BlockDeletingService#0] INFO  impl.FilePerChunkStrategy (FilePerChunkStrategy.java:deleteChunk(322)) - Deleted chunk file /home/runner/work/ozone/ozone/hadoop-hdds/container-service/target/test-dir/TestBlockDeletingService/hdds/145f3094-2115-441e-b6a8-2b4b1976d308/current/containerDir141/1670616783487/chunks/1670616783805_chunk_0_block_86 (size 100) for chunk ChunkInfo{chunkName='1670616783805_chunk_0_block_86, offset=0, len=100}
2022-12-09 20:13:03,991 [BlockDeletingService#0] INFO  impl.FilePerChunkStrategy (FilePerChunkStrategy.java:deleteChunk(322)) - Deleted chunk file /home/runner/work/ozone/ozone/hadoop-hdds/container-service/target/test-dir/TestBlockDeletingService/hdds/145f3094-2115-441e-b6a8-2b4b1976d308/current/containerDir141/1670616783487/chunks/1670616783808_chunk_0_block_87 (size 100) for chunk ChunkInfo{chunkName='1670616783808_chunk_0_block_87, offset=0, len=100}
2022-12-09 20:13:03,991 [BlockDeletingService#0] INFO  impl.FilePerChunkStrategy (FilePerChunkStrategy.java:deleteChunk(322)) - Deleted chunk file /home/runner/work/ozone/ozone/hadoop-hdds/container-service/target/test-dir/TestBlockDeletingService/hdds/145f3094-2115-441e-b6a8-2b4b1976d308/current/containerDir141/1670616783487/chunks/1670616783811_chunk_0_block_88 (size 100) for chunk ChunkInfo{chunkName='1670616783811_chunk_0_block_88, offset=0, len=100}
2022-12-09 20:13:03,991 [BlockDeletingService#0] INFO  impl.FilePerChunkStrategy (FilePerChunkStrategy.java:deleteChunk(322)) - Deleted chunk file /home/runner/work/ozone/ozone/hadoop-hdds/container-service/target/test-dir/TestBlockDeletingService/hdds/145f3094-2115-441e-b6a8-2b4b1976d308/current/containerDir141/1670616783487/chunks/1670616783522_chunk_0_block_8 (size 100) for chunk ChunkInfo{chunkName='1670616783522_chunk_0_block_8, offset=0, len=100}
2022-12-09 20:13:03,992 [BlockDeletingService#0] INFO  impl.FilePerChunkStrategy (FilePerChunkStrategy.java:deleteChunk(322)) - Deleted chunk file /home/runner/work/ozone/ozone/hadoop-hdds/container-service/target/test-dir/TestBlockDeletingService/hdds/145f3094-2115-441e-b6a8-2b4b1976d308/current/containerDir141/1670616783487/chunks/1670616783815_chunk_0_block_89 (size 100) for chunk ChunkInfo{chunkName='1670616783815_chunk_0_block_89, offset=0, len=100}
2022-12-09 20:13:03,992 [BlockDeletingService#0] INFO  impl.FilePerChunkStrategy (FilePerChunkStrategy.java:deleteChunk(322)) - Deleted chunk file /home/runner/work/ozone/ozone/hadoop-hdds/container-service/target/test-dir/TestBlockDeletingService/hdds/145f3094-2115-441e-b6a8-2b4b1976d308/current/containerDir141/1670616783487/chunks/1670616783818_chunk_0_block_90 (size 100) for chunk ChunkInfo{chunkName='1670616783818_chunk_0_block_90, offset=0, len=100}
2022-12-09 20:13:03,992 [BlockDeletingService#0] INFO  impl.FilePerChunkStrategy (FilePerChunkStrategy.java:deleteChunk(322)) - Deleted chunk file /home/runner/work/ozone/ozone/hadoop-hdds/container-service/target/test-dir/TestBlockDeletingService/hdds/145f3094-2115-441e-b6a8-2b4b1976d308/current/containerDir141/1670616783487/chunks/1670616783822_chunk_0_block_91 (size 100) for chunk ChunkInfo{chunkName='1670616783822_chunk_0_block_91, offset=0, len=100}
2022-12-09 20:13:03,992 [BlockDeletingService#0] INFO  impl.FilePerChunkStrategy (FilePerChunkStrategy.java:deleteChunk(322)) - Deleted chunk file /home/runner/work/ozone/ozone/hadoop-hdds/container-service/target/test-dir/TestBlockDeletingService/hdds/145f3094-2115-441e-b6a8-2b4b1976d308/current/containerDir141/1670616783487/chunks/1670616783825_chunk_0_block_92 (size 100) for chunk ChunkInfo{chunkName='1670616783825_chunk_0_block_92, offset=0, len=100}
2022-12-09 20:13:03,993 [BlockDeletingService#0] INFO  impl.FilePerChunkStrategy (FilePerChunkStrategy.java:deleteChunk(322)) - Deleted chunk file /home/runner/work/ozone/ozone/hadoop-hdds/container-service/target/test-dir/TestBlockDeletingService/hdds/145f3094-2115-441e-b6a8-2b4b1976d308/current/containerDir141/1670616783487/chunks/1670616783833_chunk_0_block_93 (size 100) for chunk ChunkInfo{chunkName='1670616783833_chunk_0_block_93, offset=0, len=100}
2022-12-09 20:13:03,993 [BlockDeletingService#0] INFO  impl.FilePerChunkStrategy (FilePerChunkStrategy.java:deleteChunk(322)) - Deleted chunk file /home/runner/work/ozone/ozone/hadoop-hdds/container-service/target/test-dir/TestBlockDeletingService/hdds/145f3094-2115-441e-b6a8-2b4b1976d308/current/containerDir141/1670616783487/chunks/1670616783837_chunk_0_block_94 (size 100) for chunk ChunkInfo{chunkName='1670616783837_chunk_0_block_94, offset=0, len=100}
2022-12-09 20:13:03,995 [BlockDeletingService#0] INFO  impl.FilePerChunkStrategy (FilePerChunkStrategy.java:deleteChunk(322)) - Deleted chunk file /home/runner/work/ozone/ozone/hadoop-hdds/container-service/target/test-dir/TestBlockDeletingService/hdds/145f3094-2115-441e-b6a8-2b4b1976d308/current/containerDir141/1670616783487/chunks/1670616783840_chunk_0_block_95 (size 100) for chunk ChunkInfo{chunkName='1670616783840_chunk_0_block_95, offset=0, len=100}
2022-12-09 20:13:03,995 [BlockDeletingService#0] INFO  impl.FilePerChunkStrategy (FilePerChunkStrategy.java:deleteChunk(322)) - Deleted chunk file /home/runner/work/ozone/ozone/hadoop-hdds/container-service/target/test-dir/TestBlockDeletingService/hdds/145f3094-2115-441e-b6a8-2b4b1976d308/current/containerDir141/1670616783487/chunks/1670616783844_chunk_0_block_96 (size 100) for chunk ChunkInfo{chunkName='1670616783844_chunk_0_block_96, offset=0, len=100}
2022-12-09 20:13:03,995 [BlockDeletingService#0] INFO  impl.FilePerChunkStrategy (FilePerChunkStrategy.java:deleteChunk(322)) - Deleted chunk file /home/runner/work/ozone/ozone/hadoop-hdds/container-service/target/test-dir/TestBlockDeletingService/hdds/145f3094-2115-441e-b6a8-2b4b1976d308/current/containerDir141/1670616783487/chunks/1670616783847_chunk_0_block_97 (size 100) for chunk ChunkInfo{chunkName='1670616783847_chunk_0_block_97, offset=0, len=100}
2022-12-09 20:13:03,997 [BlockDeletingService#0] INFO  impl.FilePerChunkStrategy (FilePerChunkStrategy.java:deleteChunk(322)) - Deleted chunk file /home/runner/work/ozone/ozone/hadoop-hdds/container-service/target/test-dir/TestBlockDeletingService/hdds/145f3094-2115-441e-b6a8-2b4b1976d308/current/containerDir141/1670616783487/chunks/1670616783851_chunk_0_block_98 (size 100) for chunk ChunkInfo{chunkName='1670616783851_chunk_0_block_98, offset=0, len=100}
2022-12-09 20:13:03,998 [BlockDeletingService#0] WARN  utils.BackgroundService (BackgroundService.java:lambda$run$0(130)) - BlockDeletingService Background task execution took 37098837ns > 0ns(timeout)
2022-12-09 20:13:04,058 [main] INFO  utils.BackgroundService (BackgroundService.java:shutdown(141)) - Shutting down service BlockDeletingService
]]></system-out>
  </testcase>
  <testcase name="testShutdownService" classname="TestBlockDeletingService" time="0.709">
    <system-out><![CDATA[2022-12-09 20:13:05,462 [main] INFO  volume.HddsVolume (HddsVolume.java:<init>(117)) - Creating HddsVolume: /home/runner/work/ozone/ozone/hadoop-hdds/container-service/target/test-dir/TestBlockDeletingService/hdds of storage type : DISK capacity : 9223372036854775807
2022-12-09 20:13:05,463 [main] INFO  volume.MutableVolumeSet (MutableVolumeSet.java:initializeVolumeSet(174)) - Added Volume : /home/runner/work/ozone/ozone/hadoop-hdds/container-service/target/test-dir/TestBlockDeletingService/hdds to VolumeSet
2022-12-09 20:13:06,059 [BlockDeletingService#0] INFO  impl.FilePerBlockStrategy (FilePerBlockStrategy.java:deleteChunk(232)) - Deleted block file: /home/runner/work/ozone/ozone/hadoop-hdds/container-service/target/test-dir/TestBlockDeletingService/hdds/ebc026b7-f9a0-4262-9c9a-6488e0a69df6/current/containerDir145/1670616785518/chunks/1670616785555.block
2022-12-09 20:13:06,059 [BlockDeletingService#0] INFO  impl.FilePerBlockStrategy (FilePerBlockStrategy.java:deleteChunk(232)) - Deleted block file: /home/runner/work/ozone/ozone/hadoop-hdds/container-service/target/test-dir/TestBlockDeletingService/hdds/ebc026b7-f9a0-4262-9c9a-6488e0a69df6/current/containerDir145/1670616785518/chunks/1670616785576.block
2022-12-09 20:13:06,060 [BlockDeletingService#0] INFO  impl.FilePerBlockStrategy (FilePerBlockStrategy.java:deleteChunk(232)) - Deleted block file: /home/runner/work/ozone/ozone/hadoop-hdds/container-service/target/test-dir/TestBlockDeletingService/hdds/ebc026b7-f9a0-4262-9c9a-6488e0a69df6/current/containerDir145/1670616785518/chunks/1670616785579.block
2022-12-09 20:13:06,060 [BlockDeletingService#0] INFO  impl.FilePerBlockStrategy (FilePerBlockStrategy.java:deleteChunk(232)) - Deleted block file: /home/runner/work/ozone/ozone/hadoop-hdds/container-service/target/test-dir/TestBlockDeletingService/hdds/ebc026b7-f9a0-4262-9c9a-6488e0a69df6/current/containerDir145/1670616785518/chunks/1670616785583.block
2022-12-09 20:13:06,060 [BlockDeletingService#0] INFO  impl.FilePerBlockStrategy (FilePerBlockStrategy.java:deleteChunk(232)) - Deleted block file: /home/runner/work/ozone/ozone/hadoop-hdds/container-service/target/test-dir/TestBlockDeletingService/hdds/ebc026b7-f9a0-4262-9c9a-6488e0a69df6/current/containerDir145/1670616785518/chunks/1670616785586.block
2022-12-09 20:13:06,060 [BlockDeletingService#0] INFO  impl.FilePerBlockStrategy (FilePerBlockStrategy.java:deleteChunk(232)) - Deleted block file: /home/runner/work/ozone/ozone/hadoop-hdds/container-service/target/test-dir/TestBlockDeletingService/hdds/ebc026b7-f9a0-4262-9c9a-6488e0a69df6/current/containerDir145/1670616785518/chunks/1670616785589.block
2022-12-09 20:13:06,060 [BlockDeletingService#0] INFO  impl.FilePerBlockStrategy (FilePerBlockStrategy.java:deleteChunk(232)) - Deleted block file: /home/runner/work/ozone/ozone/hadoop-hdds/container-service/target/test-dir/TestBlockDeletingService/hdds/ebc026b7-f9a0-4262-9c9a-6488e0a69df6/current/containerDir145/1670616785518/chunks/1670616785593.block
2022-12-09 20:13:06,060 [BlockDeletingService#0] INFO  impl.FilePerBlockStrategy (FilePerBlockStrategy.java:deleteChunk(232)) - Deleted block file: /home/runner/work/ozone/ozone/hadoop-hdds/container-service/target/test-dir/TestBlockDeletingService/hdds/ebc026b7-f9a0-4262-9c9a-6488e0a69df6/current/containerDir145/1670616785518/chunks/1670616785596.block
2022-12-09 20:13:06,061 [BlockDeletingService#0] INFO  impl.FilePerBlockStrategy (FilePerBlockStrategy.java:deleteChunk(232)) - Deleted block file: /home/runner/work/ozone/ozone/hadoop-hdds/container-service/target/test-dir/TestBlockDeletingService/hdds/ebc026b7-f9a0-4262-9c9a-6488e0a69df6/current/containerDir145/1670616785518/chunks/1670616785599.block
2022-12-09 20:13:06,061 [BlockDeletingService#0] INFO  impl.FilePerBlockStrategy (FilePerBlockStrategy.java:deleteChunk(232)) - Deleted block file: /home/runner/work/ozone/ozone/hadoop-hdds/container-service/target/test-dir/TestBlockDeletingService/hdds/ebc026b7-f9a0-4262-9c9a-6488e0a69df6/current/containerDir145/1670616785518/chunks/1670616785602.block
2022-12-09 20:13:06,061 [BlockDeletingService#0] INFO  impl.FilePerBlockStrategy (FilePerBlockStrategy.java:deleteChunk(232)) - Deleted block file: /home/runner/work/ozone/ozone/hadoop-hdds/container-service/target/test-dir/TestBlockDeletingService/hdds/ebc026b7-f9a0-4262-9c9a-6488e0a69df6/current/containerDir145/1670616785518/chunks/1670616785606.block
2022-12-09 20:13:06,061 [BlockDeletingService#0] INFO  impl.FilePerBlockStrategy (FilePerBlockStrategy.java:deleteChunk(232)) - Deleted block file: /home/runner/work/ozone/ozone/hadoop-hdds/container-service/target/test-dir/TestBlockDeletingService/hdds/ebc026b7-f9a0-4262-9c9a-6488e0a69df6/current/containerDir145/1670616785518/chunks/1670616785609.block
2022-12-09 20:13:06,061 [BlockDeletingService#0] INFO  impl.FilePerBlockStrategy (FilePerBlockStrategy.java:deleteChunk(232)) - Deleted block file: /home/runner/work/ozone/ozone/hadoop-hdds/container-service/target/test-dir/TestBlockDeletingService/hdds/ebc026b7-f9a0-4262-9c9a-6488e0a69df6/current/containerDir145/1670616785518/chunks/1670616785613.block
2022-12-09 20:13:06,061 [BlockDeletingService#0] INFO  impl.FilePerBlockStrategy (FilePerBlockStrategy.java:deleteChunk(232)) - Deleted block file: /home/runner/work/ozone/ozone/hadoop-hdds/container-service/target/test-dir/TestBlockDeletingService/hdds/ebc026b7-f9a0-4262-9c9a-6488e0a69df6/current/containerDir145/1670616785518/chunks/1670616785616.block
2022-12-09 20:13:06,062 [BlockDeletingService#0] INFO  impl.FilePerBlockStrategy (FilePerBlockStrategy.java:deleteChunk(232)) - Deleted block file: /home/runner/work/ozone/ozone/hadoop-hdds/container-service/target/test-dir/TestBlockDeletingService/hdds/ebc026b7-f9a0-4262-9c9a-6488e0a69df6/current/containerDir145/1670616785518/chunks/1670616785620.block
2022-12-09 20:13:06,062 [BlockDeletingService#0] INFO  impl.FilePerBlockStrategy (FilePerBlockStrategy.java:deleteChunk(232)) - Deleted block file: /home/runner/work/ozone/ozone/hadoop-hdds/container-service/target/test-dir/TestBlockDeletingService/hdds/ebc026b7-f9a0-4262-9c9a-6488e0a69df6/current/containerDir145/1670616785518/chunks/1670616785623.block
2022-12-09 20:13:06,062 [BlockDeletingService#0] INFO  impl.FilePerBlockStrategy (FilePerBlockStrategy.java:deleteChunk(232)) - Deleted block file: /home/runner/work/ozone/ozone/hadoop-hdds/container-service/target/test-dir/TestBlockDeletingService/hdds/ebc026b7-f9a0-4262-9c9a-6488e0a69df6/current/containerDir145/1670616785518/chunks/1670616785627.block
2022-12-09 20:13:06,062 [BlockDeletingService#0] INFO  impl.FilePerBlockStrategy (FilePerBlockStrategy.java:deleteChunk(232)) - Deleted block file: /home/runner/work/ozone/ozone/hadoop-hdds/container-service/target/test-dir/TestBlockDeletingService/hdds/ebc026b7-f9a0-4262-9c9a-6488e0a69df6/current/containerDir145/1670616785518/chunks/1670616785630.block
2022-12-09 20:13:06,062 [BlockDeletingService#0] INFO  impl.FilePerBlockStrategy (FilePerBlockStrategy.java:deleteChunk(232)) - Deleted block file: /home/runner/work/ozone/ozone/hadoop-hdds/container-service/target/test-dir/TestBlockDeletingService/hdds/ebc026b7-f9a0-4262-9c9a-6488e0a69df6/current/containerDir145/1670616785518/chunks/1670616785633.block
2022-12-09 20:13:06,062 [BlockDeletingService#0] INFO  impl.FilePerBlockStrategy (FilePerBlockStrategy.java:deleteChunk(232)) - Deleted block file: /home/runner/work/ozone/ozone/hadoop-hdds/container-service/target/test-dir/TestBlockDeletingService/hdds/ebc026b7-f9a0-4262-9c9a-6488e0a69df6/current/containerDir145/1670616785518/chunks/1670616785637.block
2022-12-09 20:13:06,063 [BlockDeletingService#0] INFO  impl.FilePerBlockStrategy (FilePerBlockStrategy.java:deleteChunk(232)) - Deleted block file: /home/runner/work/ozone/ozone/hadoop-hdds/container-service/target/test-dir/TestBlockDeletingService/hdds/ebc026b7-f9a0-4262-9c9a-6488e0a69df6/current/containerDir145/1670616785518/chunks/1670616785640.block
2022-12-09 20:13:06,063 [BlockDeletingService#0] INFO  impl.FilePerBlockStrategy (FilePerBlockStrategy.java:deleteChunk(232)) - Deleted block file: /home/runner/work/ozone/ozone/hadoop-hdds/container-service/target/test-dir/TestBlockDeletingService/hdds/ebc026b7-f9a0-4262-9c9a-6488e0a69df6/current/containerDir145/1670616785518/chunks/1670616785643.block
2022-12-09 20:13:06,063 [BlockDeletingService#0] INFO  impl.FilePerBlockStrategy (FilePerBlockStrategy.java:deleteChunk(232)) - Deleted block file: /home/runner/work/ozone/ozone/hadoop-hdds/container-service/target/test-dir/TestBlockDeletingService/hdds/ebc026b7-f9a0-4262-9c9a-6488e0a69df6/current/containerDir145/1670616785518/chunks/1670616785647.block
2022-12-09 20:13:06,063 [BlockDeletingService#0] INFO  impl.FilePerBlockStrategy (FilePerBlockStrategy.java:deleteChunk(232)) - Deleted block file: /home/runner/work/ozone/ozone/hadoop-hdds/container-service/target/test-dir/TestBlockDeletingService/hdds/ebc026b7-f9a0-4262-9c9a-6488e0a69df6/current/containerDir145/1670616785518/chunks/1670616785650.block
2022-12-09 20:13:06,063 [BlockDeletingService#0] INFO  impl.FilePerBlockStrategy (FilePerBlockStrategy.java:deleteChunk(232)) - Deleted block file: /home/runner/work/ozone/ozone/hadoop-hdds/container-service/target/test-dir/TestBlockDeletingService/hdds/ebc026b7-f9a0-4262-9c9a-6488e0a69df6/current/containerDir145/1670616785518/chunks/1670616785655.block
2022-12-09 20:13:06,063 [BlockDeletingService#0] INFO  impl.FilePerBlockStrategy (FilePerBlockStrategy.java:deleteChunk(232)) - Deleted block file: /home/runner/work/ozone/ozone/hadoop-hdds/container-service/target/test-dir/TestBlockDeletingService/hdds/ebc026b7-f9a0-4262-9c9a-6488e0a69df6/current/containerDir145/1670616785518/chunks/1670616785658.block
2022-12-09 20:13:06,064 [BlockDeletingService#0] INFO  impl.FilePerBlockStrategy (FilePerBlockStrategy.java:deleteChunk(232)) - Deleted block file: /home/runner/work/ozone/ozone/hadoop-hdds/container-service/target/test-dir/TestBlockDeletingService/hdds/ebc026b7-f9a0-4262-9c9a-6488e0a69df6/current/containerDir145/1670616785518/chunks/1670616785661.block
2022-12-09 20:13:06,064 [BlockDeletingService#0] INFO  impl.FilePerBlockStrategy (FilePerBlockStrategy.java:deleteChunk(232)) - Deleted block file: /home/runner/work/ozone/ozone/hadoop-hdds/container-service/target/test-dir/TestBlockDeletingService/hdds/ebc026b7-f9a0-4262-9c9a-6488e0a69df6/current/containerDir145/1670616785518/chunks/1670616785665.block
2022-12-09 20:13:06,064 [BlockDeletingService#0] INFO  impl.FilePerBlockStrategy (FilePerBlockStrategy.java:deleteChunk(232)) - Deleted block file: /home/runner/work/ozone/ozone/hadoop-hdds/container-service/target/test-dir/TestBlockDeletingService/hdds/ebc026b7-f9a0-4262-9c9a-6488e0a69df6/current/containerDir145/1670616785518/chunks/1670616785668.block
2022-12-09 20:13:06,064 [BlockDeletingService#0] INFO  impl.FilePerBlockStrategy (FilePerBlockStrategy.java:deleteChunk(232)) - Deleted block file: /home/runner/work/ozone/ozone/hadoop-hdds/container-service/target/test-dir/TestBlockDeletingService/hdds/ebc026b7-f9a0-4262-9c9a-6488e0a69df6/current/containerDir145/1670616785518/chunks/1670616785671.block
2022-12-09 20:13:06,064 [BlockDeletingService#0] INFO  impl.FilePerBlockStrategy (FilePerBlockStrategy.java:deleteChunk(232)) - Deleted block file: /home/runner/work/ozone/ozone/hadoop-hdds/container-service/target/test-dir/TestBlockDeletingService/hdds/ebc026b7-f9a0-4262-9c9a-6488e0a69df6/current/containerDir145/1670616785518/chunks/1670616785675.block
2022-12-09 20:13:06,064 [BlockDeletingService#0] INFO  impl.FilePerBlockStrategy (FilePerBlockStrategy.java:deleteChunk(232)) - Deleted block file: /home/runner/work/ozone/ozone/hadoop-hdds/container-service/target/test-dir/TestBlockDeletingService/hdds/ebc026b7-f9a0-4262-9c9a-6488e0a69df6/current/containerDir145/1670616785518/chunks/1670616785678.block
2022-12-09 20:13:06,064 [BlockDeletingService#0] INFO  impl.FilePerBlockStrategy (FilePerBlockStrategy.java:deleteChunk(232)) - Deleted block file: /home/runner/work/ozone/ozone/hadoop-hdds/container-service/target/test-dir/TestBlockDeletingService/hdds/ebc026b7-f9a0-4262-9c9a-6488e0a69df6/current/containerDir145/1670616785518/chunks/1670616785682.block
2022-12-09 20:13:06,065 [BlockDeletingService#0] INFO  impl.FilePerBlockStrategy (FilePerBlockStrategy.java:deleteChunk(232)) - Deleted block file: /home/runner/work/ozone/ozone/hadoop-hdds/container-service/target/test-dir/TestBlockDeletingService/hdds/ebc026b7-f9a0-4262-9c9a-6488e0a69df6/current/containerDir145/1670616785518/chunks/1670616785685.block
2022-12-09 20:13:06,065 [BlockDeletingService#0] INFO  impl.FilePerBlockStrategy (FilePerBlockStrategy.java:deleteChunk(232)) - Deleted block file: /home/runner/work/ozone/ozone/hadoop-hdds/container-service/target/test-dir/TestBlockDeletingService/hdds/ebc026b7-f9a0-4262-9c9a-6488e0a69df6/current/containerDir145/1670616785518/chunks/1670616785688.block
2022-12-09 20:13:06,065 [BlockDeletingService#0] INFO  impl.FilePerBlockStrategy (FilePerBlockStrategy.java:deleteChunk(232)) - Deleted block file: /home/runner/work/ozone/ozone/hadoop-hdds/container-service/target/test-dir/TestBlockDeletingService/hdds/ebc026b7-f9a0-4262-9c9a-6488e0a69df6/current/containerDir145/1670616785518/chunks/1670616785692.block
2022-12-09 20:13:06,065 [BlockDeletingService#0] INFO  impl.FilePerBlockStrategy (FilePerBlockStrategy.java:deleteChunk(232)) - Deleted block file: /home/runner/work/ozone/ozone/hadoop-hdds/container-service/target/test-dir/TestBlockDeletingService/hdds/ebc026b7-f9a0-4262-9c9a-6488e0a69df6/current/containerDir145/1670616785518/chunks/1670616785695.block
2022-12-09 20:13:06,065 [BlockDeletingService#0] INFO  impl.FilePerBlockStrategy (FilePerBlockStrategy.java:deleteChunk(232)) - Deleted block file: /home/runner/work/ozone/ozone/hadoop-hdds/container-service/target/test-dir/TestBlockDeletingService/hdds/ebc026b7-f9a0-4262-9c9a-6488e0a69df6/current/containerDir145/1670616785518/chunks/1670616785699.block
2022-12-09 20:13:06,065 [BlockDeletingService#0] INFO  impl.FilePerBlockStrategy (FilePerBlockStrategy.java:deleteChunk(232)) - Deleted block file: /home/runner/work/ozone/ozone/hadoop-hdds/container-service/target/test-dir/TestBlockDeletingService/hdds/ebc026b7-f9a0-4262-9c9a-6488e0a69df6/current/containerDir145/1670616785518/chunks/1670616785706.block
2022-12-09 20:13:06,065 [BlockDeletingService#0] INFO  impl.FilePerBlockStrategy (FilePerBlockStrategy.java:deleteChunk(232)) - Deleted block file: /home/runner/work/ozone/ozone/hadoop-hdds/container-service/target/test-dir/TestBlockDeletingService/hdds/ebc026b7-f9a0-4262-9c9a-6488e0a69df6/current/containerDir145/1670616785518/chunks/1670616785709.block
2022-12-09 20:13:06,066 [BlockDeletingService#0] INFO  impl.FilePerBlockStrategy (FilePerBlockStrategy.java:deleteChunk(232)) - Deleted block file: /home/runner/work/ozone/ozone/hadoop-hdds/container-service/target/test-dir/TestBlockDeletingService/hdds/ebc026b7-f9a0-4262-9c9a-6488e0a69df6/current/containerDir145/1670616785518/chunks/1670616785712.block
2022-12-09 20:13:06,066 [BlockDeletingService#0] INFO  impl.FilePerBlockStrategy (FilePerBlockStrategy.java:deleteChunk(232)) - Deleted block file: /home/runner/work/ozone/ozone/hadoop-hdds/container-service/target/test-dir/TestBlockDeletingService/hdds/ebc026b7-f9a0-4262-9c9a-6488e0a69df6/current/containerDir145/1670616785518/chunks/1670616785716.block
2022-12-09 20:13:06,066 [BlockDeletingService#0] INFO  impl.FilePerBlockStrategy (FilePerBlockStrategy.java:deleteChunk(232)) - Deleted block file: /home/runner/work/ozone/ozone/hadoop-hdds/container-service/target/test-dir/TestBlockDeletingService/hdds/ebc026b7-f9a0-4262-9c9a-6488e0a69df6/current/containerDir145/1670616785518/chunks/1670616785719.block
2022-12-09 20:13:06,066 [BlockDeletingService#0] INFO  impl.FilePerBlockStrategy (FilePerBlockStrategy.java:deleteChunk(232)) - Deleted block file: /home/runner/work/ozone/ozone/hadoop-hdds/container-service/target/test-dir/TestBlockDeletingService/hdds/ebc026b7-f9a0-4262-9c9a-6488e0a69df6/current/containerDir145/1670616785518/chunks/1670616785722.block
2022-12-09 20:13:06,066 [BlockDeletingService#0] INFO  impl.FilePerBlockStrategy (FilePerBlockStrategy.java:deleteChunk(232)) - Deleted block file: /home/runner/work/ozone/ozone/hadoop-hdds/container-service/target/test-dir/TestBlockDeletingService/hdds/ebc026b7-f9a0-4262-9c9a-6488e0a69df6/current/containerDir145/1670616785518/chunks/1670616785725.block
2022-12-09 20:13:06,067 [BlockDeletingService#0] INFO  impl.FilePerBlockStrategy (FilePerBlockStrategy.java:deleteChunk(232)) - Deleted block file: /home/runner/work/ozone/ozone/hadoop-hdds/container-service/target/test-dir/TestBlockDeletingService/hdds/ebc026b7-f9a0-4262-9c9a-6488e0a69df6/current/containerDir145/1670616785518/chunks/1670616785729.block
2022-12-09 20:13:06,067 [BlockDeletingService#0] INFO  impl.FilePerBlockStrategy (FilePerBlockStrategy.java:deleteChunk(232)) - Deleted block file: /home/runner/work/ozone/ozone/hadoop-hdds/container-service/target/test-dir/TestBlockDeletingService/hdds/ebc026b7-f9a0-4262-9c9a-6488e0a69df6/current/containerDir145/1670616785518/chunks/1670616785732.block
2022-12-09 20:13:06,067 [BlockDeletingService#0] INFO  impl.FilePerBlockStrategy (FilePerBlockStrategy.java:deleteChunk(232)) - Deleted block file: /home/runner/work/ozone/ozone/hadoop-hdds/container-service/target/test-dir/TestBlockDeletingService/hdds/ebc026b7-f9a0-4262-9c9a-6488e0a69df6/current/containerDir145/1670616785518/chunks/1670616785735.block
2022-12-09 20:13:06,067 [BlockDeletingService#0] INFO  impl.FilePerBlockStrategy (FilePerBlockStrategy.java:deleteChunk(232)) - Deleted block file: /home/runner/work/ozone/ozone/hadoop-hdds/container-service/target/test-dir/TestBlockDeletingService/hdds/ebc026b7-f9a0-4262-9c9a-6488e0a69df6/current/containerDir145/1670616785518/chunks/1670616785738.block
2022-12-09 20:13:06,067 [BlockDeletingService#0] INFO  impl.FilePerBlockStrategy (FilePerBlockStrategy.java:deleteChunk(232)) - Deleted block file: /home/runner/work/ozone/ozone/hadoop-hdds/container-service/target/test-dir/TestBlockDeletingService/hdds/ebc026b7-f9a0-4262-9c9a-6488e0a69df6/current/containerDir145/1670616785518/chunks/1670616785742.block
2022-12-09 20:13:06,067 [BlockDeletingService#0] INFO  impl.FilePerBlockStrategy (FilePerBlockStrategy.java:deleteChunk(232)) - Deleted block file: /home/runner/work/ozone/ozone/hadoop-hdds/container-service/target/test-dir/TestBlockDeletingService/hdds/ebc026b7-f9a0-4262-9c9a-6488e0a69df6/current/containerDir145/1670616785518/chunks/1670616785745.block
2022-12-09 20:13:06,067 [BlockDeletingService#0] INFO  impl.FilePerBlockStrategy (FilePerBlockStrategy.java:deleteChunk(232)) - Deleted block file: /home/runner/work/ozone/ozone/hadoop-hdds/container-service/target/test-dir/TestBlockDeletingService/hdds/ebc026b7-f9a0-4262-9c9a-6488e0a69df6/current/containerDir145/1670616785518/chunks/1670616785748.block
2022-12-09 20:13:06,067 [BlockDeletingService#0] INFO  impl.FilePerBlockStrategy (FilePerBlockStrategy.java:deleteChunk(232)) - Deleted block file: /home/runner/work/ozone/ozone/hadoop-hdds/container-service/target/test-dir/TestBlockDeletingService/hdds/ebc026b7-f9a0-4262-9c9a-6488e0a69df6/current/containerDir145/1670616785518/chunks/1670616785751.block
2022-12-09 20:13:06,068 [BlockDeletingService#0] INFO  impl.FilePerBlockStrategy (FilePerBlockStrategy.java:deleteChunk(232)) - Deleted block file: /home/runner/work/ozone/ozone/hadoop-hdds/container-service/target/test-dir/TestBlockDeletingService/hdds/ebc026b7-f9a0-4262-9c9a-6488e0a69df6/current/containerDir145/1670616785518/chunks/1670616785755.block
2022-12-09 20:13:06,068 [BlockDeletingService#0] INFO  impl.FilePerBlockStrategy (FilePerBlockStrategy.java:deleteChunk(232)) - Deleted block file: /home/runner/work/ozone/ozone/hadoop-hdds/container-service/target/test-dir/TestBlockDeletingService/hdds/ebc026b7-f9a0-4262-9c9a-6488e0a69df6/current/containerDir145/1670616785518/chunks/1670616785761.block
2022-12-09 20:13:06,068 [BlockDeletingService#0] INFO  impl.FilePerBlockStrategy (FilePerBlockStrategy.java:deleteChunk(232)) - Deleted block file: /home/runner/work/ozone/ozone/hadoop-hdds/container-service/target/test-dir/TestBlockDeletingService/hdds/ebc026b7-f9a0-4262-9c9a-6488e0a69df6/current/containerDir145/1670616785518/chunks/1670616785774.block
2022-12-09 20:13:06,068 [BlockDeletingService#0] INFO  impl.FilePerBlockStrategy (FilePerBlockStrategy.java:deleteChunk(232)) - Deleted block file: /home/runner/work/ozone/ozone/hadoop-hdds/container-service/target/test-dir/TestBlockDeletingService/hdds/ebc026b7-f9a0-4262-9c9a-6488e0a69df6/current/containerDir145/1670616785518/chunks/1670616785778.block
2022-12-09 20:13:06,068 [BlockDeletingService#0] INFO  impl.FilePerBlockStrategy (FilePerBlockStrategy.java:deleteChunk(232)) - Deleted block file: /home/runner/work/ozone/ozone/hadoop-hdds/container-service/target/test-dir/TestBlockDeletingService/hdds/ebc026b7-f9a0-4262-9c9a-6488e0a69df6/current/containerDir145/1670616785518/chunks/1670616785781.block
2022-12-09 20:13:06,068 [BlockDeletingService#0] INFO  impl.FilePerBlockStrategy (FilePerBlockStrategy.java:deleteChunk(232)) - Deleted block file: /home/runner/work/ozone/ozone/hadoop-hdds/container-service/target/test-dir/TestBlockDeletingService/hdds/ebc026b7-f9a0-4262-9c9a-6488e0a69df6/current/containerDir145/1670616785518/chunks/1670616785784.block
2022-12-09 20:13:06,069 [BlockDeletingService#0] INFO  impl.FilePerBlockStrategy (FilePerBlockStrategy.java:deleteChunk(232)) - Deleted block file: /home/runner/work/ozone/ozone/hadoop-hdds/container-service/target/test-dir/TestBlockDeletingService/hdds/ebc026b7-f9a0-4262-9c9a-6488e0a69df6/current/containerDir145/1670616785518/chunks/1670616785787.block
2022-12-09 20:13:06,069 [BlockDeletingService#0] INFO  impl.FilePerBlockStrategy (FilePerBlockStrategy.java:deleteChunk(232)) - Deleted block file: /home/runner/work/ozone/ozone/hadoop-hdds/container-service/target/test-dir/TestBlockDeletingService/hdds/ebc026b7-f9a0-4262-9c9a-6488e0a69df6/current/containerDir145/1670616785518/chunks/1670616785790.block
2022-12-09 20:13:06,069 [BlockDeletingService#0] INFO  impl.FilePerBlockStrategy (FilePerBlockStrategy.java:deleteChunk(232)) - Deleted block file: /home/runner/work/ozone/ozone/hadoop-hdds/container-service/target/test-dir/TestBlockDeletingService/hdds/ebc026b7-f9a0-4262-9c9a-6488e0a69df6/current/containerDir145/1670616785518/chunks/1670616785794.block
2022-12-09 20:13:06,069 [BlockDeletingService#0] INFO  impl.FilePerBlockStrategy (FilePerBlockStrategy.java:deleteChunk(232)) - Deleted block file: /home/runner/work/ozone/ozone/hadoop-hdds/container-service/target/test-dir/TestBlockDeletingService/hdds/ebc026b7-f9a0-4262-9c9a-6488e0a69df6/current/containerDir145/1670616785518/chunks/1670616785797.block
2022-12-09 20:13:06,069 [BlockDeletingService#0] INFO  impl.FilePerBlockStrategy (FilePerBlockStrategy.java:deleteChunk(232)) - Deleted block file: /home/runner/work/ozone/ozone/hadoop-hdds/container-service/target/test-dir/TestBlockDeletingService/hdds/ebc026b7-f9a0-4262-9c9a-6488e0a69df6/current/containerDir145/1670616785518/chunks/1670616785800.block
2022-12-09 20:13:06,069 [BlockDeletingService#0] INFO  impl.FilePerBlockStrategy (FilePerBlockStrategy.java:deleteChunk(232)) - Deleted block file: /home/runner/work/ozone/ozone/hadoop-hdds/container-service/target/test-dir/TestBlockDeletingService/hdds/ebc026b7-f9a0-4262-9c9a-6488e0a69df6/current/containerDir145/1670616785518/chunks/1670616785803.block
2022-12-09 20:13:06,069 [BlockDeletingService#0] INFO  impl.FilePerBlockStrategy (FilePerBlockStrategy.java:deleteChunk(232)) - Deleted block file: /home/runner/work/ozone/ozone/hadoop-hdds/container-service/target/test-dir/TestBlockDeletingService/hdds/ebc026b7-f9a0-4262-9c9a-6488e0a69df6/current/containerDir145/1670616785518/chunks/1670616785807.block
2022-12-09 20:13:06,070 [BlockDeletingService#0] INFO  impl.FilePerBlockStrategy (FilePerBlockStrategy.java:deleteChunk(232)) - Deleted block file: /home/runner/work/ozone/ozone/hadoop-hdds/container-service/target/test-dir/TestBlockDeletingService/hdds/ebc026b7-f9a0-4262-9c9a-6488e0a69df6/current/containerDir145/1670616785518/chunks/1670616785810.block
2022-12-09 20:13:06,070 [BlockDeletingService#0] INFO  impl.FilePerBlockStrategy (FilePerBlockStrategy.java:deleteChunk(232)) - Deleted block file: /home/runner/work/ozone/ozone/hadoop-hdds/container-service/target/test-dir/TestBlockDeletingService/hdds/ebc026b7-f9a0-4262-9c9a-6488e0a69df6/current/containerDir145/1670616785518/chunks/1670616785815.block
2022-12-09 20:13:06,070 [BlockDeletingService#0] INFO  impl.FilePerBlockStrategy (FilePerBlockStrategy.java:deleteChunk(232)) - Deleted block file: /home/runner/work/ozone/ozone/hadoop-hdds/container-service/target/test-dir/TestBlockDeletingService/hdds/ebc026b7-f9a0-4262-9c9a-6488e0a69df6/current/containerDir145/1670616785518/chunks/1670616785818.block
2022-12-09 20:13:06,070 [BlockDeletingService#0] INFO  impl.FilePerBlockStrategy (FilePerBlockStrategy.java:deleteChunk(232)) - Deleted block file: /home/runner/work/ozone/ozone/hadoop-hdds/container-service/target/test-dir/TestBlockDeletingService/hdds/ebc026b7-f9a0-4262-9c9a-6488e0a69df6/current/containerDir145/1670616785518/chunks/1670616785821.block
2022-12-09 20:13:06,070 [BlockDeletingService#0] INFO  impl.FilePerBlockStrategy (FilePerBlockStrategy.java:deleteChunk(232)) - Deleted block file: /home/runner/work/ozone/ozone/hadoop-hdds/container-service/target/test-dir/TestBlockDeletingService/hdds/ebc026b7-f9a0-4262-9c9a-6488e0a69df6/current/containerDir145/1670616785518/chunks/1670616785825.block
2022-12-09 20:13:06,070 [BlockDeletingService#0] INFO  impl.FilePerBlockStrategy (FilePerBlockStrategy.java:deleteChunk(232)) - Deleted block file: /home/runner/work/ozone/ozone/hadoop-hdds/container-service/target/test-dir/TestBlockDeletingService/hdds/ebc026b7-f9a0-4262-9c9a-6488e0a69df6/current/containerDir145/1670616785518/chunks/1670616785829.block
2022-12-09 20:13:06,070 [BlockDeletingService#0] INFO  impl.FilePerBlockStrategy (FilePerBlockStrategy.java:deleteChunk(232)) - Deleted block file: /home/runner/work/ozone/ozone/hadoop-hdds/container-service/target/test-dir/TestBlockDeletingService/hdds/ebc026b7-f9a0-4262-9c9a-6488e0a69df6/current/containerDir145/1670616785518/chunks/1670616785832.block
2022-12-09 20:13:06,071 [BlockDeletingService#0] INFO  impl.FilePerBlockStrategy (FilePerBlockStrategy.java:deleteChunk(232)) - Deleted block file: /home/runner/work/ozone/ozone/hadoop-hdds/container-service/target/test-dir/TestBlockDeletingService/hdds/ebc026b7-f9a0-4262-9c9a-6488e0a69df6/current/containerDir145/1670616785518/chunks/1670616785835.block
2022-12-09 20:13:06,071 [BlockDeletingService#0] INFO  impl.FilePerBlockStrategy (FilePerBlockStrategy.java:deleteChunk(232)) - Deleted block file: /home/runner/work/ozone/ozone/hadoop-hdds/container-service/target/test-dir/TestBlockDeletingService/hdds/ebc026b7-f9a0-4262-9c9a-6488e0a69df6/current/containerDir145/1670616785518/chunks/1670616785842.block
2022-12-09 20:13:06,071 [BlockDeletingService#0] INFO  impl.FilePerBlockStrategy (FilePerBlockStrategy.java:deleteChunk(232)) - Deleted block file: /home/runner/work/ozone/ozone/hadoop-hdds/container-service/target/test-dir/TestBlockDeletingService/hdds/ebc026b7-f9a0-4262-9c9a-6488e0a69df6/current/containerDir145/1670616785518/chunks/1670616785846.block
2022-12-09 20:13:06,071 [BlockDeletingService#0] INFO  impl.FilePerBlockStrategy (FilePerBlockStrategy.java:deleteChunk(232)) - Deleted block file: /home/runner/work/ozone/ozone/hadoop-hdds/container-service/target/test-dir/TestBlockDeletingService/hdds/ebc026b7-f9a0-4262-9c9a-6488e0a69df6/current/containerDir145/1670616785518/chunks/1670616785849.block
2022-12-09 20:13:06,071 [BlockDeletingService#0] INFO  impl.FilePerBlockStrategy (FilePerBlockStrategy.java:deleteChunk(232)) - Deleted block file: /home/runner/work/ozone/ozone/hadoop-hdds/container-service/target/test-dir/TestBlockDeletingService/hdds/ebc026b7-f9a0-4262-9c9a-6488e0a69df6/current/containerDir145/1670616785518/chunks/1670616785852.block
2022-12-09 20:13:06,071 [BlockDeletingService#0] INFO  impl.FilePerBlockStrategy (FilePerBlockStrategy.java:deleteChunk(232)) - Deleted block file: /home/runner/work/ozone/ozone/hadoop-hdds/container-service/target/test-dir/TestBlockDeletingService/hdds/ebc026b7-f9a0-4262-9c9a-6488e0a69df6/current/containerDir145/1670616785518/chunks/1670616785855.block
2022-12-09 20:13:06,071 [BlockDeletingService#0] INFO  impl.FilePerBlockStrategy (FilePerBlockStrategy.java:deleteChunk(232)) - Deleted block file: /home/runner/work/ozone/ozone/hadoop-hdds/container-service/target/test-dir/TestBlockDeletingService/hdds/ebc026b7-f9a0-4262-9c9a-6488e0a69df6/current/containerDir145/1670616785518/chunks/1670616785859.block
2022-12-09 20:13:06,072 [BlockDeletingService#0] INFO  impl.FilePerBlockStrategy (FilePerBlockStrategy.java:deleteChunk(232)) - Deleted block file: /home/runner/work/ozone/ozone/hadoop-hdds/container-service/target/test-dir/TestBlockDeletingService/hdds/ebc026b7-f9a0-4262-9c9a-6488e0a69df6/current/containerDir145/1670616785518/chunks/1670616785863.block
2022-12-09 20:13:06,072 [BlockDeletingService#0] INFO  impl.FilePerBlockStrategy (FilePerBlockStrategy.java:deleteChunk(232)) - Deleted block file: /home/runner/work/ozone/ozone/hadoop-hdds/container-service/target/test-dir/TestBlockDeletingService/hdds/ebc026b7-f9a0-4262-9c9a-6488e0a69df6/current/containerDir145/1670616785518/chunks/1670616785866.block
2022-12-09 20:13:06,072 [BlockDeletingService#0] INFO  impl.FilePerBlockStrategy (FilePerBlockStrategy.java:deleteChunk(232)) - Deleted block file: /home/runner/work/ozone/ozone/hadoop-hdds/container-service/target/test-dir/TestBlockDeletingService/hdds/ebc026b7-f9a0-4262-9c9a-6488e0a69df6/current/containerDir145/1670616785518/chunks/1670616785875.block
2022-12-09 20:13:06,072 [BlockDeletingService#0] INFO  impl.FilePerBlockStrategy (FilePerBlockStrategy.java:deleteChunk(232)) - Deleted block file: /home/runner/work/ozone/ozone/hadoop-hdds/container-service/target/test-dir/TestBlockDeletingService/hdds/ebc026b7-f9a0-4262-9c9a-6488e0a69df6/current/containerDir145/1670616785518/chunks/1670616785878.block
2022-12-09 20:13:06,072 [BlockDeletingService#0] INFO  impl.FilePerBlockStrategy (FilePerBlockStrategy.java:deleteChunk(232)) - Deleted block file: /home/runner/work/ozone/ozone/hadoop-hdds/container-service/target/test-dir/TestBlockDeletingService/hdds/ebc026b7-f9a0-4262-9c9a-6488e0a69df6/current/containerDir145/1670616785518/chunks/1670616785882.block
2022-12-09 20:13:06,072 [BlockDeletingService#0] INFO  impl.FilePerBlockStrategy (FilePerBlockStrategy.java:deleteChunk(232)) - Deleted block file: /home/runner/work/ozone/ozone/hadoop-hdds/container-service/target/test-dir/TestBlockDeletingService/hdds/ebc026b7-f9a0-4262-9c9a-6488e0a69df6/current/containerDir145/1670616785518/chunks/1670616785885.block
2022-12-09 20:13:06,072 [BlockDeletingService#0] INFO  impl.FilePerBlockStrategy (FilePerBlockStrategy.java:deleteChunk(232)) - Deleted block file: /home/runner/work/ozone/ozone/hadoop-hdds/container-service/target/test-dir/TestBlockDeletingService/hdds/ebc026b7-f9a0-4262-9c9a-6488e0a69df6/current/containerDir145/1670616785518/chunks/1670616785889.block
2022-12-09 20:13:06,073 [BlockDeletingService#0] INFO  impl.FilePerBlockStrategy (FilePerBlockStrategy.java:deleteChunk(232)) - Deleted block file: /home/runner/work/ozone/ozone/hadoop-hdds/container-service/target/test-dir/TestBlockDeletingService/hdds/ebc026b7-f9a0-4262-9c9a-6488e0a69df6/current/containerDir145/1670616785518/chunks/1670616785908.block
2022-12-09 20:13:06,073 [BlockDeletingService#0] INFO  impl.FilePerBlockStrategy (FilePerBlockStrategy.java:deleteChunk(232)) - Deleted block file: /home/runner/work/ozone/ozone/hadoop-hdds/container-service/target/test-dir/TestBlockDeletingService/hdds/ebc026b7-f9a0-4262-9c9a-6488e0a69df6/current/containerDir145/1670616785518/chunks/1670616785911.block
2022-12-09 20:13:06,073 [BlockDeletingService#0] INFO  impl.FilePerBlockStrategy (FilePerBlockStrategy.java:deleteChunk(232)) - Deleted block file: /home/runner/work/ozone/ozone/hadoop-hdds/container-service/target/test-dir/TestBlockDeletingService/hdds/ebc026b7-f9a0-4262-9c9a-6488e0a69df6/current/containerDir145/1670616785518/chunks/1670616785915.block
2022-12-09 20:13:06,073 [BlockDeletingService#0] INFO  impl.FilePerBlockStrategy (FilePerBlockStrategy.java:deleteChunk(232)) - Deleted block file: /home/runner/work/ozone/ozone/hadoop-hdds/container-service/target/test-dir/TestBlockDeletingService/hdds/ebc026b7-f9a0-4262-9c9a-6488e0a69df6/current/containerDir145/1670616785518/chunks/1670616785918.block
2022-12-09 20:13:06,073 [BlockDeletingService#0] INFO  impl.FilePerBlockStrategy (FilePerBlockStrategy.java:deleteChunk(232)) - Deleted block file: /home/runner/work/ozone/ozone/hadoop-hdds/container-service/target/test-dir/TestBlockDeletingService/hdds/ebc026b7-f9a0-4262-9c9a-6488e0a69df6/current/containerDir145/1670616785518/chunks/1670616785921.block
2022-12-09 20:13:06,073 [BlockDeletingService#0] INFO  impl.FilePerBlockStrategy (FilePerBlockStrategy.java:deleteChunk(232)) - Deleted block file: /home/runner/work/ozone/ozone/hadoop-hdds/container-service/target/test-dir/TestBlockDeletingService/hdds/ebc026b7-f9a0-4262-9c9a-6488e0a69df6/current/containerDir145/1670616785518/chunks/1670616785925.block
2022-12-09 20:13:06,073 [BlockDeletingService#0] INFO  impl.FilePerBlockStrategy (FilePerBlockStrategy.java:deleteChunk(232)) - Deleted block file: /home/runner/work/ozone/ozone/hadoop-hdds/container-service/target/test-dir/TestBlockDeletingService/hdds/ebc026b7-f9a0-4262-9c9a-6488e0a69df6/current/containerDir145/1670616785518/chunks/1670616785928.block
2022-12-09 20:13:06,073 [BlockDeletingService#0] INFO  impl.FilePerBlockStrategy (FilePerBlockStrategy.java:deleteChunk(232)) - Deleted block file: /home/runner/work/ozone/ozone/hadoop-hdds/container-service/target/test-dir/TestBlockDeletingService/hdds/ebc026b7-f9a0-4262-9c9a-6488e0a69df6/current/containerDir145/1670616785518/chunks/1670616785931.block
2022-12-09 20:13:06,074 [BlockDeletingService#0] INFO  impl.FilePerBlockStrategy (FilePerBlockStrategy.java:deleteChunk(232)) - Deleted block file: /home/runner/work/ozone/ozone/hadoop-hdds/container-service/target/test-dir/TestBlockDeletingService/hdds/ebc026b7-f9a0-4262-9c9a-6488e0a69df6/current/containerDir145/1670616785518/chunks/1670616785934.block
2022-12-09 20:13:06,074 [BlockDeletingService#0] INFO  impl.FilePerBlockStrategy (FilePerBlockStrategy.java:deleteChunk(232)) - Deleted block file: /home/runner/work/ozone/ozone/hadoop-hdds/container-service/target/test-dir/TestBlockDeletingService/hdds/ebc026b7-f9a0-4262-9c9a-6488e0a69df6/current/containerDir145/1670616785518/chunks/1670616785938.block
2022-12-09 20:13:06,074 [BlockDeletingService#0] INFO  impl.FilePerBlockStrategy (FilePerBlockStrategy.java:deleteChunk(232)) - Deleted block file: /home/runner/work/ozone/ozone/hadoop-hdds/container-service/target/test-dir/TestBlockDeletingService/hdds/ebc026b7-f9a0-4262-9c9a-6488e0a69df6/current/containerDir145/1670616785518/chunks/1670616785941.block
2022-12-09 20:13:06,074 [BlockDeletingService#0] INFO  impl.FilePerBlockStrategy (FilePerBlockStrategy.java:deleteChunk(232)) - Deleted block file: /home/runner/work/ozone/ozone/hadoop-hdds/container-service/target/test-dir/TestBlockDeletingService/hdds/ebc026b7-f9a0-4262-9c9a-6488e0a69df6/current/containerDir145/1670616785518/chunks/1670616785945.block
2022-12-09 20:13:06,074 [BlockDeletingService#0] INFO  impl.FilePerBlockStrategy (FilePerBlockStrategy.java:deleteChunk(232)) - Deleted block file: /home/runner/work/ozone/ozone/hadoop-hdds/container-service/target/test-dir/TestBlockDeletingService/hdds/ebc026b7-f9a0-4262-9c9a-6488e0a69df6/current/containerDir145/1670616785518/chunks/1670616785950.block
2022-12-09 20:13:06,075 [BlockDeletingService#0] WARN  utils.BackgroundService (BackgroundService.java:lambda$run$0(130)) - BlockDeletingService Background task execution took 18572818ns > 0ns(timeout)
2022-12-09 20:13:06,154 [main] INFO  utils.BackgroundService (BackgroundService.java:shutdown(141)) - Shutting down service BlockDeletingService
]]></system-out>
  </testcase>
  <testcase name="testShutdownService" classname="TestBlockDeletingService" time="0.779">
    <system-out><![CDATA[2022-12-09 20:13:08,317 [main] INFO  volume.HddsVolume (HddsVolume.java:<init>(117)) - Creating HddsVolume: /home/runner/work/ozone/ozone/hadoop-hdds/container-service/target/test-dir/TestBlockDeletingService/hdds of storage type : DISK capacity : 9223372036854775807
2022-12-09 20:13:08,319 [main] INFO  volume.MutableVolumeSet (MutableVolumeSet.java:initializeVolumeSet(174)) - Added Volume : /home/runner/work/ozone/ozone/hadoop-hdds/container-service/target/test-dir/TestBlockDeletingService/hdds to VolumeSet
2022-12-09 20:13:08,884 [BlockDeletingService#0] INFO  impl.FilePerBlockStrategy (FilePerBlockStrategy.java:deleteChunk(232)) - Deleted block file: /home/runner/work/ozone/ozone/hadoop-hdds/container-service/target/test-dir/TestBlockDeletingService/hdds/4f8c7da9-e9ec-4e7f-99c6-93ebe086dedb/current/containerDir150/1670616788375/chunks/1670616788425.block
2022-12-09 20:13:08,884 [BlockDeletingService#0] INFO  impl.FilePerBlockStrategy (FilePerBlockStrategy.java:deleteChunk(232)) - Deleted block file: /home/runner/work/ozone/ozone/hadoop-hdds/container-service/target/test-dir/TestBlockDeletingService/hdds/4f8c7da9-e9ec-4e7f-99c6-93ebe086dedb/current/containerDir150/1670616788375/chunks/1670616788432.block
2022-12-09 20:13:08,884 [BlockDeletingService#0] INFO  impl.FilePerBlockStrategy (FilePerBlockStrategy.java:deleteChunk(232)) - Deleted block file: /home/runner/work/ozone/ozone/hadoop-hdds/container-service/target/test-dir/TestBlockDeletingService/hdds/4f8c7da9-e9ec-4e7f-99c6-93ebe086dedb/current/containerDir150/1670616788375/chunks/1670616788435.block
2022-12-09 20:13:08,885 [BlockDeletingService#0] INFO  impl.FilePerBlockStrategy (FilePerBlockStrategy.java:deleteChunk(232)) - Deleted block file: /home/runner/work/ozone/ozone/hadoop-hdds/container-service/target/test-dir/TestBlockDeletingService/hdds/4f8c7da9-e9ec-4e7f-99c6-93ebe086dedb/current/containerDir150/1670616788375/chunks/1670616788439.block
2022-12-09 20:13:08,885 [BlockDeletingService#0] INFO  impl.FilePerBlockStrategy (FilePerBlockStrategy.java:deleteChunk(232)) - Deleted block file: /home/runner/work/ozone/ozone/hadoop-hdds/container-service/target/test-dir/TestBlockDeletingService/hdds/4f8c7da9-e9ec-4e7f-99c6-93ebe086dedb/current/containerDir150/1670616788375/chunks/1670616788442.block
2022-12-09 20:13:08,885 [BlockDeletingService#0] INFO  impl.FilePerBlockStrategy (FilePerBlockStrategy.java:deleteChunk(232)) - Deleted block file: /home/runner/work/ozone/ozone/hadoop-hdds/container-service/target/test-dir/TestBlockDeletingService/hdds/4f8c7da9-e9ec-4e7f-99c6-93ebe086dedb/current/containerDir150/1670616788375/chunks/1670616788445.block
2022-12-09 20:13:08,885 [BlockDeletingService#0] INFO  impl.FilePerBlockStrategy (FilePerBlockStrategy.java:deleteChunk(232)) - Deleted block file: /home/runner/work/ozone/ozone/hadoop-hdds/container-service/target/test-dir/TestBlockDeletingService/hdds/4f8c7da9-e9ec-4e7f-99c6-93ebe086dedb/current/containerDir150/1670616788375/chunks/1670616788448.block
2022-12-09 20:13:08,885 [BlockDeletingService#0] INFO  impl.FilePerBlockStrategy (FilePerBlockStrategy.java:deleteChunk(232)) - Deleted block file: /home/runner/work/ozone/ozone/hadoop-hdds/container-service/target/test-dir/TestBlockDeletingService/hdds/4f8c7da9-e9ec-4e7f-99c6-93ebe086dedb/current/containerDir150/1670616788375/chunks/1670616788451.block
2022-12-09 20:13:08,886 [BlockDeletingService#0] INFO  impl.FilePerBlockStrategy (FilePerBlockStrategy.java:deleteChunk(232)) - Deleted block file: /home/runner/work/ozone/ozone/hadoop-hdds/container-service/target/test-dir/TestBlockDeletingService/hdds/4f8c7da9-e9ec-4e7f-99c6-93ebe086dedb/current/containerDir150/1670616788375/chunks/1670616788454.block
2022-12-09 20:13:08,886 [BlockDeletingService#0] INFO  impl.FilePerBlockStrategy (FilePerBlockStrategy.java:deleteChunk(232)) - Deleted block file: /home/runner/work/ozone/ozone/hadoop-hdds/container-service/target/test-dir/TestBlockDeletingService/hdds/4f8c7da9-e9ec-4e7f-99c6-93ebe086dedb/current/containerDir150/1670616788375/chunks/1670616788458.block
2022-12-09 20:13:08,886 [BlockDeletingService#0] INFO  impl.FilePerBlockStrategy (FilePerBlockStrategy.java:deleteChunk(232)) - Deleted block file: /home/runner/work/ozone/ozone/hadoop-hdds/container-service/target/test-dir/TestBlockDeletingService/hdds/4f8c7da9-e9ec-4e7f-99c6-93ebe086dedb/current/containerDir150/1670616788375/chunks/1670616788461.block
2022-12-09 20:13:08,886 [BlockDeletingService#0] INFO  impl.FilePerBlockStrategy (FilePerBlockStrategy.java:deleteChunk(232)) - Deleted block file: /home/runner/work/ozone/ozone/hadoop-hdds/container-service/target/test-dir/TestBlockDeletingService/hdds/4f8c7da9-e9ec-4e7f-99c6-93ebe086dedb/current/containerDir150/1670616788375/chunks/1670616788465.block
2022-12-09 20:13:08,886 [BlockDeletingService#0] INFO  impl.FilePerBlockStrategy (FilePerBlockStrategy.java:deleteChunk(232)) - Deleted block file: /home/runner/work/ozone/ozone/hadoop-hdds/container-service/target/test-dir/TestBlockDeletingService/hdds/4f8c7da9-e9ec-4e7f-99c6-93ebe086dedb/current/containerDir150/1670616788375/chunks/1670616788468.block
2022-12-09 20:13:08,886 [BlockDeletingService#0] INFO  impl.FilePerBlockStrategy (FilePerBlockStrategy.java:deleteChunk(232)) - Deleted block file: /home/runner/work/ozone/ozone/hadoop-hdds/container-service/target/test-dir/TestBlockDeletingService/hdds/4f8c7da9-e9ec-4e7f-99c6-93ebe086dedb/current/containerDir150/1670616788375/chunks/1670616788471.block
2022-12-09 20:13:08,886 [BlockDeletingService#0] INFO  impl.FilePerBlockStrategy (FilePerBlockStrategy.java:deleteChunk(232)) - Deleted block file: /home/runner/work/ozone/ozone/hadoop-hdds/container-service/target/test-dir/TestBlockDeletingService/hdds/4f8c7da9-e9ec-4e7f-99c6-93ebe086dedb/current/containerDir150/1670616788375/chunks/1670616788475.block
2022-12-09 20:13:08,887 [BlockDeletingService#0] INFO  impl.FilePerBlockStrategy (FilePerBlockStrategy.java:deleteChunk(232)) - Deleted block file: /home/runner/work/ozone/ozone/hadoop-hdds/container-service/target/test-dir/TestBlockDeletingService/hdds/4f8c7da9-e9ec-4e7f-99c6-93ebe086dedb/current/containerDir150/1670616788375/chunks/1670616788478.block
2022-12-09 20:13:08,887 [BlockDeletingService#0] INFO  impl.FilePerBlockStrategy (FilePerBlockStrategy.java:deleteChunk(232)) - Deleted block file: /home/runner/work/ozone/ozone/hadoop-hdds/container-service/target/test-dir/TestBlockDeletingService/hdds/4f8c7da9-e9ec-4e7f-99c6-93ebe086dedb/current/containerDir150/1670616788375/chunks/1670616788481.block
2022-12-09 20:13:08,887 [BlockDeletingService#0] INFO  impl.FilePerBlockStrategy (FilePerBlockStrategy.java:deleteChunk(232)) - Deleted block file: /home/runner/work/ozone/ozone/hadoop-hdds/container-service/target/test-dir/TestBlockDeletingService/hdds/4f8c7da9-e9ec-4e7f-99c6-93ebe086dedb/current/containerDir150/1670616788375/chunks/1670616788485.block
2022-12-09 20:13:08,887 [BlockDeletingService#0] INFO  impl.FilePerBlockStrategy (FilePerBlockStrategy.java:deleteChunk(232)) - Deleted block file: /home/runner/work/ozone/ozone/hadoop-hdds/container-service/target/test-dir/TestBlockDeletingService/hdds/4f8c7da9-e9ec-4e7f-99c6-93ebe086dedb/current/containerDir150/1670616788375/chunks/1670616788489.block
2022-12-09 20:13:08,887 [BlockDeletingService#0] INFO  impl.FilePerBlockStrategy (FilePerBlockStrategy.java:deleteChunk(232)) - Deleted block file: /home/runner/work/ozone/ozone/hadoop-hdds/container-service/target/test-dir/TestBlockDeletingService/hdds/4f8c7da9-e9ec-4e7f-99c6-93ebe086dedb/current/containerDir150/1670616788375/chunks/1670616788492.block
2022-12-09 20:13:08,887 [BlockDeletingService#0] INFO  impl.FilePerBlockStrategy (FilePerBlockStrategy.java:deleteChunk(232)) - Deleted block file: /home/runner/work/ozone/ozone/hadoop-hdds/container-service/target/test-dir/TestBlockDeletingService/hdds/4f8c7da9-e9ec-4e7f-99c6-93ebe086dedb/current/containerDir150/1670616788375/chunks/1670616788495.block
2022-12-09 20:13:08,887 [BlockDeletingService#0] INFO  impl.FilePerBlockStrategy (FilePerBlockStrategy.java:deleteChunk(232)) - Deleted block file: /home/runner/work/ozone/ozone/hadoop-hdds/container-service/target/test-dir/TestBlockDeletingService/hdds/4f8c7da9-e9ec-4e7f-99c6-93ebe086dedb/current/containerDir150/1670616788375/chunks/1670616788499.block
2022-12-09 20:13:08,887 [BlockDeletingService#0] INFO  impl.FilePerBlockStrategy (FilePerBlockStrategy.java:deleteChunk(232)) - Deleted block file: /home/runner/work/ozone/ozone/hadoop-hdds/container-service/target/test-dir/TestBlockDeletingService/hdds/4f8c7da9-e9ec-4e7f-99c6-93ebe086dedb/current/containerDir150/1670616788375/chunks/1670616788503.block
2022-12-09 20:13:08,888 [BlockDeletingService#0] INFO  impl.FilePerBlockStrategy (FilePerBlockStrategy.java:deleteChunk(232)) - Deleted block file: /home/runner/work/ozone/ozone/hadoop-hdds/container-service/target/test-dir/TestBlockDeletingService/hdds/4f8c7da9-e9ec-4e7f-99c6-93ebe086dedb/current/containerDir150/1670616788375/chunks/1670616788507.block
2022-12-09 20:13:08,888 [BlockDeletingService#0] INFO  impl.FilePerBlockStrategy (FilePerBlockStrategy.java:deleteChunk(232)) - Deleted block file: /home/runner/work/ozone/ozone/hadoop-hdds/container-service/target/test-dir/TestBlockDeletingService/hdds/4f8c7da9-e9ec-4e7f-99c6-93ebe086dedb/current/containerDir150/1670616788375/chunks/1670616788511.block
2022-12-09 20:13:08,888 [BlockDeletingService#0] INFO  impl.FilePerBlockStrategy (FilePerBlockStrategy.java:deleteChunk(232)) - Deleted block file: /home/runner/work/ozone/ozone/hadoop-hdds/container-service/target/test-dir/TestBlockDeletingService/hdds/4f8c7da9-e9ec-4e7f-99c6-93ebe086dedb/current/containerDir150/1670616788375/chunks/1670616788514.block
2022-12-09 20:13:08,888 [BlockDeletingService#0] INFO  impl.FilePerBlockStrategy (FilePerBlockStrategy.java:deleteChunk(232)) - Deleted block file: /home/runner/work/ozone/ozone/hadoop-hdds/container-service/target/test-dir/TestBlockDeletingService/hdds/4f8c7da9-e9ec-4e7f-99c6-93ebe086dedb/current/containerDir150/1670616788375/chunks/1670616788517.block
2022-12-09 20:13:08,888 [BlockDeletingService#0] INFO  impl.FilePerBlockStrategy (FilePerBlockStrategy.java:deleteChunk(232)) - Deleted block file: /home/runner/work/ozone/ozone/hadoop-hdds/container-service/target/test-dir/TestBlockDeletingService/hdds/4f8c7da9-e9ec-4e7f-99c6-93ebe086dedb/current/containerDir150/1670616788375/chunks/1670616788521.block
2022-12-09 20:13:08,888 [BlockDeletingService#0] INFO  impl.FilePerBlockStrategy (FilePerBlockStrategy.java:deleteChunk(232)) - Deleted block file: /home/runner/work/ozone/ozone/hadoop-hdds/container-service/target/test-dir/TestBlockDeletingService/hdds/4f8c7da9-e9ec-4e7f-99c6-93ebe086dedb/current/containerDir150/1670616788375/chunks/1670616788525.block
2022-12-09 20:13:08,888 [BlockDeletingService#0] INFO  impl.FilePerBlockStrategy (FilePerBlockStrategy.java:deleteChunk(232)) - Deleted block file: /home/runner/work/ozone/ozone/hadoop-hdds/container-service/target/test-dir/TestBlockDeletingService/hdds/4f8c7da9-e9ec-4e7f-99c6-93ebe086dedb/current/containerDir150/1670616788375/chunks/1670616788528.block
2022-12-09 20:13:08,888 [BlockDeletingService#0] INFO  impl.FilePerBlockStrategy (FilePerBlockStrategy.java:deleteChunk(232)) - Deleted block file: /home/runner/work/ozone/ozone/hadoop-hdds/container-service/target/test-dir/TestBlockDeletingService/hdds/4f8c7da9-e9ec-4e7f-99c6-93ebe086dedb/current/containerDir150/1670616788375/chunks/1670616788531.block
2022-12-09 20:13:08,889 [BlockDeletingService#0] INFO  impl.FilePerBlockStrategy (FilePerBlockStrategy.java:deleteChunk(232)) - Deleted block file: /home/runner/work/ozone/ozone/hadoop-hdds/container-service/target/test-dir/TestBlockDeletingService/hdds/4f8c7da9-e9ec-4e7f-99c6-93ebe086dedb/current/containerDir150/1670616788375/chunks/1670616788535.block
2022-12-09 20:13:08,889 [BlockDeletingService#0] INFO  impl.FilePerBlockStrategy (FilePerBlockStrategy.java:deleteChunk(232)) - Deleted block file: /home/runner/work/ozone/ozone/hadoop-hdds/container-service/target/test-dir/TestBlockDeletingService/hdds/4f8c7da9-e9ec-4e7f-99c6-93ebe086dedb/current/containerDir150/1670616788375/chunks/1670616788539.block
2022-12-09 20:13:08,889 [BlockDeletingService#0] INFO  impl.FilePerBlockStrategy (FilePerBlockStrategy.java:deleteChunk(232)) - Deleted block file: /home/runner/work/ozone/ozone/hadoop-hdds/container-service/target/test-dir/TestBlockDeletingService/hdds/4f8c7da9-e9ec-4e7f-99c6-93ebe086dedb/current/containerDir150/1670616788375/chunks/1670616788542.block
2022-12-09 20:13:08,889 [BlockDeletingService#0] INFO  impl.FilePerBlockStrategy (FilePerBlockStrategy.java:deleteChunk(232)) - Deleted block file: /home/runner/work/ozone/ozone/hadoop-hdds/container-service/target/test-dir/TestBlockDeletingService/hdds/4f8c7da9-e9ec-4e7f-99c6-93ebe086dedb/current/containerDir150/1670616788375/chunks/1670616788546.block
2022-12-09 20:13:08,889 [BlockDeletingService#0] INFO  impl.FilePerBlockStrategy (FilePerBlockStrategy.java:deleteChunk(232)) - Deleted block file: /home/runner/work/ozone/ozone/hadoop-hdds/container-service/target/test-dir/TestBlockDeletingService/hdds/4f8c7da9-e9ec-4e7f-99c6-93ebe086dedb/current/containerDir150/1670616788375/chunks/1670616788550.block
2022-12-09 20:13:08,889 [BlockDeletingService#0] INFO  impl.FilePerBlockStrategy (FilePerBlockStrategy.java:deleteChunk(232)) - Deleted block file: /home/runner/work/ozone/ozone/hadoop-hdds/container-service/target/test-dir/TestBlockDeletingService/hdds/4f8c7da9-e9ec-4e7f-99c6-93ebe086dedb/current/containerDir150/1670616788375/chunks/1670616788553.block
2022-12-09 20:13:08,889 [BlockDeletingService#0] INFO  impl.FilePerBlockStrategy (FilePerBlockStrategy.java:deleteChunk(232)) - Deleted block file: /home/runner/work/ozone/ozone/hadoop-hdds/container-service/target/test-dir/TestBlockDeletingService/hdds/4f8c7da9-e9ec-4e7f-99c6-93ebe086dedb/current/containerDir150/1670616788375/chunks/1670616788557.block
2022-12-09 20:13:08,889 [BlockDeletingService#0] INFO  impl.FilePerBlockStrategy (FilePerBlockStrategy.java:deleteChunk(232)) - Deleted block file: /home/runner/work/ozone/ozone/hadoop-hdds/container-service/target/test-dir/TestBlockDeletingService/hdds/4f8c7da9-e9ec-4e7f-99c6-93ebe086dedb/current/containerDir150/1670616788375/chunks/1670616788561.block
2022-12-09 20:13:08,889 [BlockDeletingService#0] INFO  impl.FilePerBlockStrategy (FilePerBlockStrategy.java:deleteChunk(232)) - Deleted block file: /home/runner/work/ozone/ozone/hadoop-hdds/container-service/target/test-dir/TestBlockDeletingService/hdds/4f8c7da9-e9ec-4e7f-99c6-93ebe086dedb/current/containerDir150/1670616788375/chunks/1670616788564.block
2022-12-09 20:13:08,890 [BlockDeletingService#0] INFO  impl.FilePerBlockStrategy (FilePerBlockStrategy.java:deleteChunk(232)) - Deleted block file: /home/runner/work/ozone/ozone/hadoop-hdds/container-service/target/test-dir/TestBlockDeletingService/hdds/4f8c7da9-e9ec-4e7f-99c6-93ebe086dedb/current/containerDir150/1670616788375/chunks/1670616788570.block
2022-12-09 20:13:08,890 [BlockDeletingService#0] INFO  impl.FilePerBlockStrategy (FilePerBlockStrategy.java:deleteChunk(232)) - Deleted block file: /home/runner/work/ozone/ozone/hadoop-hdds/container-service/target/test-dir/TestBlockDeletingService/hdds/4f8c7da9-e9ec-4e7f-99c6-93ebe086dedb/current/containerDir150/1670616788375/chunks/1670616788573.block
2022-12-09 20:13:08,890 [BlockDeletingService#0] INFO  impl.FilePerBlockStrategy (FilePerBlockStrategy.java:deleteChunk(232)) - Deleted block file: /home/runner/work/ozone/ozone/hadoop-hdds/container-service/target/test-dir/TestBlockDeletingService/hdds/4f8c7da9-e9ec-4e7f-99c6-93ebe086dedb/current/containerDir150/1670616788375/chunks/1670616788576.block
2022-12-09 20:13:08,890 [BlockDeletingService#0] INFO  impl.FilePerBlockStrategy (FilePerBlockStrategy.java:deleteChunk(232)) - Deleted block file: /home/runner/work/ozone/ozone/hadoop-hdds/container-service/target/test-dir/TestBlockDeletingService/hdds/4f8c7da9-e9ec-4e7f-99c6-93ebe086dedb/current/containerDir150/1670616788375/chunks/1670616788580.block
2022-12-09 20:13:08,890 [BlockDeletingService#0] INFO  impl.FilePerBlockStrategy (FilePerBlockStrategy.java:deleteChunk(232)) - Deleted block file: /home/runner/work/ozone/ozone/hadoop-hdds/container-service/target/test-dir/TestBlockDeletingService/hdds/4f8c7da9-e9ec-4e7f-99c6-93ebe086dedb/current/containerDir150/1670616788375/chunks/1670616788583.block
2022-12-09 20:13:08,890 [BlockDeletingService#0] INFO  impl.FilePerBlockStrategy (FilePerBlockStrategy.java:deleteChunk(232)) - Deleted block file: /home/runner/work/ozone/ozone/hadoop-hdds/container-service/target/test-dir/TestBlockDeletingService/hdds/4f8c7da9-e9ec-4e7f-99c6-93ebe086dedb/current/containerDir150/1670616788375/chunks/1670616788586.block
2022-12-09 20:13:08,890 [BlockDeletingService#0] INFO  impl.FilePerBlockStrategy (FilePerBlockStrategy.java:deleteChunk(232)) - Deleted block file: /home/runner/work/ozone/ozone/hadoop-hdds/container-service/target/test-dir/TestBlockDeletingService/hdds/4f8c7da9-e9ec-4e7f-99c6-93ebe086dedb/current/containerDir150/1670616788375/chunks/1670616788589.block
2022-12-09 20:13:08,891 [BlockDeletingService#0] INFO  impl.FilePerBlockStrategy (FilePerBlockStrategy.java:deleteChunk(232)) - Deleted block file: /home/runner/work/ozone/ozone/hadoop-hdds/container-service/target/test-dir/TestBlockDeletingService/hdds/4f8c7da9-e9ec-4e7f-99c6-93ebe086dedb/current/containerDir150/1670616788375/chunks/1670616788593.block
2022-12-09 20:13:08,891 [BlockDeletingService#0] INFO  impl.FilePerBlockStrategy (FilePerBlockStrategy.java:deleteChunk(232)) - Deleted block file: /home/runner/work/ozone/ozone/hadoop-hdds/container-service/target/test-dir/TestBlockDeletingService/hdds/4f8c7da9-e9ec-4e7f-99c6-93ebe086dedb/current/containerDir150/1670616788375/chunks/1670616788596.block
2022-12-09 20:13:08,891 [BlockDeletingService#0] INFO  impl.FilePerBlockStrategy (FilePerBlockStrategy.java:deleteChunk(232)) - Deleted block file: /home/runner/work/ozone/ozone/hadoop-hdds/container-service/target/test-dir/TestBlockDeletingService/hdds/4f8c7da9-e9ec-4e7f-99c6-93ebe086dedb/current/containerDir150/1670616788375/chunks/1670616788600.block
2022-12-09 20:13:08,891 [BlockDeletingService#0] INFO  impl.FilePerBlockStrategy (FilePerBlockStrategy.java:deleteChunk(232)) - Deleted block file: /home/runner/work/ozone/ozone/hadoop-hdds/container-service/target/test-dir/TestBlockDeletingService/hdds/4f8c7da9-e9ec-4e7f-99c6-93ebe086dedb/current/containerDir150/1670616788375/chunks/1670616788603.block
2022-12-09 20:13:08,891 [BlockDeletingService#0] INFO  impl.FilePerBlockStrategy (FilePerBlockStrategy.java:deleteChunk(232)) - Deleted block file: /home/runner/work/ozone/ozone/hadoop-hdds/container-service/target/test-dir/TestBlockDeletingService/hdds/4f8c7da9-e9ec-4e7f-99c6-93ebe086dedb/current/containerDir150/1670616788375/chunks/1670616788606.block
2022-12-09 20:13:08,891 [BlockDeletingService#0] INFO  impl.FilePerBlockStrategy (FilePerBlockStrategy.java:deleteChunk(232)) - Deleted block file: /home/runner/work/ozone/ozone/hadoop-hdds/container-service/target/test-dir/TestBlockDeletingService/hdds/4f8c7da9-e9ec-4e7f-99c6-93ebe086dedb/current/containerDir150/1670616788375/chunks/1670616788610.block
2022-12-09 20:13:08,891 [BlockDeletingService#0] INFO  impl.FilePerBlockStrategy (FilePerBlockStrategy.java:deleteChunk(232)) - Deleted block file: /home/runner/work/ozone/ozone/hadoop-hdds/container-service/target/test-dir/TestBlockDeletingService/hdds/4f8c7da9-e9ec-4e7f-99c6-93ebe086dedb/current/containerDir150/1670616788375/chunks/1670616788613.block
2022-12-09 20:13:08,891 [BlockDeletingService#0] INFO  impl.FilePerBlockStrategy (FilePerBlockStrategy.java:deleteChunk(232)) - Deleted block file: /home/runner/work/ozone/ozone/hadoop-hdds/container-service/target/test-dir/TestBlockDeletingService/hdds/4f8c7da9-e9ec-4e7f-99c6-93ebe086dedb/current/containerDir150/1670616788375/chunks/1670616788618.block
2022-12-09 20:13:08,891 [BlockDeletingService#0] INFO  impl.FilePerBlockStrategy (FilePerBlockStrategy.java:deleteChunk(232)) - Deleted block file: /home/runner/work/ozone/ozone/hadoop-hdds/container-service/target/test-dir/TestBlockDeletingService/hdds/4f8c7da9-e9ec-4e7f-99c6-93ebe086dedb/current/containerDir150/1670616788375/chunks/1670616788622.block
2022-12-09 20:13:08,891 [BlockDeletingService#0] INFO  impl.FilePerBlockStrategy (FilePerBlockStrategy.java:deleteChunk(232)) - Deleted block file: /home/runner/work/ozone/ozone/hadoop-hdds/container-service/target/test-dir/TestBlockDeletingService/hdds/4f8c7da9-e9ec-4e7f-99c6-93ebe086dedb/current/containerDir150/1670616788375/chunks/1670616788625.block
2022-12-09 20:13:08,892 [BlockDeletingService#0] INFO  impl.FilePerBlockStrategy (FilePerBlockStrategy.java:deleteChunk(232)) - Deleted block file: /home/runner/work/ozone/ozone/hadoop-hdds/container-service/target/test-dir/TestBlockDeletingService/hdds/4f8c7da9-e9ec-4e7f-99c6-93ebe086dedb/current/containerDir150/1670616788375/chunks/1670616788628.block
2022-12-09 20:13:08,892 [BlockDeletingService#0] INFO  impl.FilePerBlockStrategy (FilePerBlockStrategy.java:deleteChunk(232)) - Deleted block file: /home/runner/work/ozone/ozone/hadoop-hdds/container-service/target/test-dir/TestBlockDeletingService/hdds/4f8c7da9-e9ec-4e7f-99c6-93ebe086dedb/current/containerDir150/1670616788375/chunks/1670616788632.block
2022-12-09 20:13:08,892 [BlockDeletingService#0] INFO  impl.FilePerBlockStrategy (FilePerBlockStrategy.java:deleteChunk(232)) - Deleted block file: /home/runner/work/ozone/ozone/hadoop-hdds/container-service/target/test-dir/TestBlockDeletingService/hdds/4f8c7da9-e9ec-4e7f-99c6-93ebe086dedb/current/containerDir150/1670616788375/chunks/1670616788636.block
2022-12-09 20:13:08,892 [BlockDeletingService#0] INFO  impl.FilePerBlockStrategy (FilePerBlockStrategy.java:deleteChunk(232)) - Deleted block file: /home/runner/work/ozone/ozone/hadoop-hdds/container-service/target/test-dir/TestBlockDeletingService/hdds/4f8c7da9-e9ec-4e7f-99c6-93ebe086dedb/current/containerDir150/1670616788375/chunks/1670616788639.block
2022-12-09 20:13:08,892 [BlockDeletingService#0] INFO  impl.FilePerBlockStrategy (FilePerBlockStrategy.java:deleteChunk(232)) - Deleted block file: /home/runner/work/ozone/ozone/hadoop-hdds/container-service/target/test-dir/TestBlockDeletingService/hdds/4f8c7da9-e9ec-4e7f-99c6-93ebe086dedb/current/containerDir150/1670616788375/chunks/1670616788642.block
2022-12-09 20:13:08,892 [BlockDeletingService#0] INFO  impl.FilePerBlockStrategy (FilePerBlockStrategy.java:deleteChunk(232)) - Deleted block file: /home/runner/work/ozone/ozone/hadoop-hdds/container-service/target/test-dir/TestBlockDeletingService/hdds/4f8c7da9-e9ec-4e7f-99c6-93ebe086dedb/current/containerDir150/1670616788375/chunks/1670616788645.block
2022-12-09 20:13:08,892 [BlockDeletingService#0] INFO  impl.FilePerBlockStrategy (FilePerBlockStrategy.java:deleteChunk(232)) - Deleted block file: /home/runner/work/ozone/ozone/hadoop-hdds/container-service/target/test-dir/TestBlockDeletingService/hdds/4f8c7da9-e9ec-4e7f-99c6-93ebe086dedb/current/containerDir150/1670616788375/chunks/1670616788654.block
2022-12-09 20:13:08,892 [BlockDeletingService#0] INFO  impl.FilePerBlockStrategy (FilePerBlockStrategy.java:deleteChunk(232)) - Deleted block file: /home/runner/work/ozone/ozone/hadoop-hdds/container-service/target/test-dir/TestBlockDeletingService/hdds/4f8c7da9-e9ec-4e7f-99c6-93ebe086dedb/current/containerDir150/1670616788375/chunks/1670616788657.block
2022-12-09 20:13:08,893 [BlockDeletingService#0] INFO  impl.FilePerBlockStrategy (FilePerBlockStrategy.java:deleteChunk(232)) - Deleted block file: /home/runner/work/ozone/ozone/hadoop-hdds/container-service/target/test-dir/TestBlockDeletingService/hdds/4f8c7da9-e9ec-4e7f-99c6-93ebe086dedb/current/containerDir150/1670616788375/chunks/1670616788661.block
2022-12-09 20:13:08,893 [BlockDeletingService#0] INFO  impl.FilePerBlockStrategy (FilePerBlockStrategy.java:deleteChunk(232)) - Deleted block file: /home/runner/work/ozone/ozone/hadoop-hdds/container-service/target/test-dir/TestBlockDeletingService/hdds/4f8c7da9-e9ec-4e7f-99c6-93ebe086dedb/current/containerDir150/1670616788375/chunks/1670616788664.block
2022-12-09 20:13:08,893 [BlockDeletingService#0] INFO  impl.FilePerBlockStrategy (FilePerBlockStrategy.java:deleteChunk(232)) - Deleted block file: /home/runner/work/ozone/ozone/hadoop-hdds/container-service/target/test-dir/TestBlockDeletingService/hdds/4f8c7da9-e9ec-4e7f-99c6-93ebe086dedb/current/containerDir150/1670616788375/chunks/1670616788668.block
2022-12-09 20:13:08,893 [BlockDeletingService#0] INFO  impl.FilePerBlockStrategy (FilePerBlockStrategy.java:deleteChunk(232)) - Deleted block file: /home/runner/work/ozone/ozone/hadoop-hdds/container-service/target/test-dir/TestBlockDeletingService/hdds/4f8c7da9-e9ec-4e7f-99c6-93ebe086dedb/current/containerDir150/1670616788375/chunks/1670616788672.block
2022-12-09 20:13:08,893 [BlockDeletingService#0] INFO  impl.FilePerBlockStrategy (FilePerBlockStrategy.java:deleteChunk(232)) - Deleted block file: /home/runner/work/ozone/ozone/hadoop-hdds/container-service/target/test-dir/TestBlockDeletingService/hdds/4f8c7da9-e9ec-4e7f-99c6-93ebe086dedb/current/containerDir150/1670616788375/chunks/1670616788676.block
2022-12-09 20:13:08,893 [BlockDeletingService#0] INFO  impl.FilePerBlockStrategy (FilePerBlockStrategy.java:deleteChunk(232)) - Deleted block file: /home/runner/work/ozone/ozone/hadoop-hdds/container-service/target/test-dir/TestBlockDeletingService/hdds/4f8c7da9-e9ec-4e7f-99c6-93ebe086dedb/current/containerDir150/1670616788375/chunks/1670616788680.block
2022-12-09 20:13:08,893 [BlockDeletingService#0] INFO  impl.FilePerBlockStrategy (FilePerBlockStrategy.java:deleteChunk(232)) - Deleted block file: /home/runner/work/ozone/ozone/hadoop-hdds/container-service/target/test-dir/TestBlockDeletingService/hdds/4f8c7da9-e9ec-4e7f-99c6-93ebe086dedb/current/containerDir150/1670616788375/chunks/1670616788683.block
2022-12-09 20:13:08,893 [BlockDeletingService#0] INFO  impl.FilePerBlockStrategy (FilePerBlockStrategy.java:deleteChunk(232)) - Deleted block file: /home/runner/work/ozone/ozone/hadoop-hdds/container-service/target/test-dir/TestBlockDeletingService/hdds/4f8c7da9-e9ec-4e7f-99c6-93ebe086dedb/current/containerDir150/1670616788375/chunks/1670616788686.block
2022-12-09 20:13:08,893 [BlockDeletingService#0] INFO  impl.FilePerBlockStrategy (FilePerBlockStrategy.java:deleteChunk(232)) - Deleted block file: /home/runner/work/ozone/ozone/hadoop-hdds/container-service/target/test-dir/TestBlockDeletingService/hdds/4f8c7da9-e9ec-4e7f-99c6-93ebe086dedb/current/containerDir150/1670616788375/chunks/1670616788690.block
2022-12-09 20:13:08,894 [BlockDeletingService#0] INFO  impl.FilePerBlockStrategy (FilePerBlockStrategy.java:deleteChunk(232)) - Deleted block file: /home/runner/work/ozone/ozone/hadoop-hdds/container-service/target/test-dir/TestBlockDeletingService/hdds/4f8c7da9-e9ec-4e7f-99c6-93ebe086dedb/current/containerDir150/1670616788375/chunks/1670616788693.block
2022-12-09 20:13:08,894 [BlockDeletingService#0] INFO  impl.FilePerBlockStrategy (FilePerBlockStrategy.java:deleteChunk(232)) - Deleted block file: /home/runner/work/ozone/ozone/hadoop-hdds/container-service/target/test-dir/TestBlockDeletingService/hdds/4f8c7da9-e9ec-4e7f-99c6-93ebe086dedb/current/containerDir150/1670616788375/chunks/1670616788697.block
2022-12-09 20:13:08,894 [BlockDeletingService#0] INFO  impl.FilePerBlockStrategy (FilePerBlockStrategy.java:deleteChunk(232)) - Deleted block file: /home/runner/work/ozone/ozone/hadoop-hdds/container-service/target/test-dir/TestBlockDeletingService/hdds/4f8c7da9-e9ec-4e7f-99c6-93ebe086dedb/current/containerDir150/1670616788375/chunks/1670616788700.block
2022-12-09 20:13:08,894 [BlockDeletingService#0] INFO  impl.FilePerBlockStrategy (FilePerBlockStrategy.java:deleteChunk(232)) - Deleted block file: /home/runner/work/ozone/ozone/hadoop-hdds/container-service/target/test-dir/TestBlockDeletingService/hdds/4f8c7da9-e9ec-4e7f-99c6-93ebe086dedb/current/containerDir150/1670616788375/chunks/1670616788703.block
2022-12-09 20:13:08,894 [BlockDeletingService#0] INFO  impl.FilePerBlockStrategy (FilePerBlockStrategy.java:deleteChunk(232)) - Deleted block file: /home/runner/work/ozone/ozone/hadoop-hdds/container-service/target/test-dir/TestBlockDeletingService/hdds/4f8c7da9-e9ec-4e7f-99c6-93ebe086dedb/current/containerDir150/1670616788375/chunks/1670616788707.block
2022-12-09 20:13:08,894 [BlockDeletingService#0] INFO  impl.FilePerBlockStrategy (FilePerBlockStrategy.java:deleteChunk(232)) - Deleted block file: /home/runner/work/ozone/ozone/hadoop-hdds/container-service/target/test-dir/TestBlockDeletingService/hdds/4f8c7da9-e9ec-4e7f-99c6-93ebe086dedb/current/containerDir150/1670616788375/chunks/1670616788710.block
2022-12-09 20:13:08,894 [BlockDeletingService#0] INFO  impl.FilePerBlockStrategy (FilePerBlockStrategy.java:deleteChunk(232)) - Deleted block file: /home/runner/work/ozone/ozone/hadoop-hdds/container-service/target/test-dir/TestBlockDeletingService/hdds/4f8c7da9-e9ec-4e7f-99c6-93ebe086dedb/current/containerDir150/1670616788375/chunks/1670616788713.block
2022-12-09 20:13:08,894 [BlockDeletingService#0] INFO  impl.FilePerBlockStrategy (FilePerBlockStrategy.java:deleteChunk(232)) - Deleted block file: /home/runner/work/ozone/ozone/hadoop-hdds/container-service/target/test-dir/TestBlockDeletingService/hdds/4f8c7da9-e9ec-4e7f-99c6-93ebe086dedb/current/containerDir150/1670616788375/chunks/1670616788717.block
2022-12-09 20:13:08,895 [BlockDeletingService#0] INFO  impl.FilePerBlockStrategy (FilePerBlockStrategy.java:deleteChunk(232)) - Deleted block file: /home/runner/work/ozone/ozone/hadoop-hdds/container-service/target/test-dir/TestBlockDeletingService/hdds/4f8c7da9-e9ec-4e7f-99c6-93ebe086dedb/current/containerDir150/1670616788375/chunks/1670616788720.block
2022-12-09 20:13:08,895 [BlockDeletingService#0] INFO  impl.FilePerBlockStrategy (FilePerBlockStrategy.java:deleteChunk(232)) - Deleted block file: /home/runner/work/ozone/ozone/hadoop-hdds/container-service/target/test-dir/TestBlockDeletingService/hdds/4f8c7da9-e9ec-4e7f-99c6-93ebe086dedb/current/containerDir150/1670616788375/chunks/1670616788723.block
2022-12-09 20:13:08,895 [BlockDeletingService#0] INFO  impl.FilePerBlockStrategy (FilePerBlockStrategy.java:deleteChunk(232)) - Deleted block file: /home/runner/work/ozone/ozone/hadoop-hdds/container-service/target/test-dir/TestBlockDeletingService/hdds/4f8c7da9-e9ec-4e7f-99c6-93ebe086dedb/current/containerDir150/1670616788375/chunks/1670616788727.block
2022-12-09 20:13:08,895 [BlockDeletingService#0] INFO  impl.FilePerBlockStrategy (FilePerBlockStrategy.java:deleteChunk(232)) - Deleted block file: /home/runner/work/ozone/ozone/hadoop-hdds/container-service/target/test-dir/TestBlockDeletingService/hdds/4f8c7da9-e9ec-4e7f-99c6-93ebe086dedb/current/containerDir150/1670616788375/chunks/1670616788730.block
2022-12-09 20:13:08,895 [BlockDeletingService#0] INFO  impl.FilePerBlockStrategy (FilePerBlockStrategy.java:deleteChunk(232)) - Deleted block file: /home/runner/work/ozone/ozone/hadoop-hdds/container-service/target/test-dir/TestBlockDeletingService/hdds/4f8c7da9-e9ec-4e7f-99c6-93ebe086dedb/current/containerDir150/1670616788375/chunks/1670616788734.block
2022-12-09 20:13:08,895 [BlockDeletingService#0] INFO  impl.FilePerBlockStrategy (FilePerBlockStrategy.java:deleteChunk(232)) - Deleted block file: /home/runner/work/ozone/ozone/hadoop-hdds/container-service/target/test-dir/TestBlockDeletingService/hdds/4f8c7da9-e9ec-4e7f-99c6-93ebe086dedb/current/containerDir150/1670616788375/chunks/1670616788737.block
2022-12-09 20:13:08,895 [BlockDeletingService#0] INFO  impl.FilePerBlockStrategy (FilePerBlockStrategy.java:deleteChunk(232)) - Deleted block file: /home/runner/work/ozone/ozone/hadoop-hdds/container-service/target/test-dir/TestBlockDeletingService/hdds/4f8c7da9-e9ec-4e7f-99c6-93ebe086dedb/current/containerDir150/1670616788375/chunks/1670616788741.block
2022-12-09 20:13:08,895 [BlockDeletingService#0] INFO  impl.FilePerBlockStrategy (FilePerBlockStrategy.java:deleteChunk(232)) - Deleted block file: /home/runner/work/ozone/ozone/hadoop-hdds/container-service/target/test-dir/TestBlockDeletingService/hdds/4f8c7da9-e9ec-4e7f-99c6-93ebe086dedb/current/containerDir150/1670616788375/chunks/1670616788744.block
2022-12-09 20:13:08,895 [BlockDeletingService#0] INFO  impl.FilePerBlockStrategy (FilePerBlockStrategy.java:deleteChunk(232)) - Deleted block file: /home/runner/work/ozone/ozone/hadoop-hdds/container-service/target/test-dir/TestBlockDeletingService/hdds/4f8c7da9-e9ec-4e7f-99c6-93ebe086dedb/current/containerDir150/1670616788375/chunks/1670616788747.block
2022-12-09 20:13:08,895 [BlockDeletingService#0] INFO  impl.FilePerBlockStrategy (FilePerBlockStrategy.java:deleteChunk(232)) - Deleted block file: /home/runner/work/ozone/ozone/hadoop-hdds/container-service/target/test-dir/TestBlockDeletingService/hdds/4f8c7da9-e9ec-4e7f-99c6-93ebe086dedb/current/containerDir150/1670616788375/chunks/1670616788750.block
2022-12-09 20:13:08,896 [BlockDeletingService#0] INFO  impl.FilePerBlockStrategy (FilePerBlockStrategy.java:deleteChunk(232)) - Deleted block file: /home/runner/work/ozone/ozone/hadoop-hdds/container-service/target/test-dir/TestBlockDeletingService/hdds/4f8c7da9-e9ec-4e7f-99c6-93ebe086dedb/current/containerDir150/1670616788375/chunks/1670616788754.block
2022-12-09 20:13:08,896 [BlockDeletingService#0] INFO  impl.FilePerBlockStrategy (FilePerBlockStrategy.java:deleteChunk(232)) - Deleted block file: /home/runner/work/ozone/ozone/hadoop-hdds/container-service/target/test-dir/TestBlockDeletingService/hdds/4f8c7da9-e9ec-4e7f-99c6-93ebe086dedb/current/containerDir150/1670616788375/chunks/1670616788757.block
2022-12-09 20:13:08,896 [BlockDeletingService#0] INFO  impl.FilePerBlockStrategy (FilePerBlockStrategy.java:deleteChunk(232)) - Deleted block file: /home/runner/work/ozone/ozone/hadoop-hdds/container-service/target/test-dir/TestBlockDeletingService/hdds/4f8c7da9-e9ec-4e7f-99c6-93ebe086dedb/current/containerDir150/1670616788375/chunks/1670616788760.block
2022-12-09 20:13:08,896 [BlockDeletingService#0] INFO  impl.FilePerBlockStrategy (FilePerBlockStrategy.java:deleteChunk(232)) - Deleted block file: /home/runner/work/ozone/ozone/hadoop-hdds/container-service/target/test-dir/TestBlockDeletingService/hdds/4f8c7da9-e9ec-4e7f-99c6-93ebe086dedb/current/containerDir150/1670616788375/chunks/1670616788763.block
2022-12-09 20:13:08,896 [BlockDeletingService#0] INFO  impl.FilePerBlockStrategy (FilePerBlockStrategy.java:deleteChunk(232)) - Deleted block file: /home/runner/work/ozone/ozone/hadoop-hdds/container-service/target/test-dir/TestBlockDeletingService/hdds/4f8c7da9-e9ec-4e7f-99c6-93ebe086dedb/current/containerDir150/1670616788375/chunks/1670616788767.block
2022-12-09 20:13:08,896 [BlockDeletingService#0] INFO  impl.FilePerBlockStrategy (FilePerBlockStrategy.java:deleteChunk(232)) - Deleted block file: /home/runner/work/ozone/ozone/hadoop-hdds/container-service/target/test-dir/TestBlockDeletingService/hdds/4f8c7da9-e9ec-4e7f-99c6-93ebe086dedb/current/containerDir150/1670616788375/chunks/1670616788770.block
2022-12-09 20:13:08,896 [BlockDeletingService#0] INFO  impl.FilePerBlockStrategy (FilePerBlockStrategy.java:deleteChunk(232)) - Deleted block file: /home/runner/work/ozone/ozone/hadoop-hdds/container-service/target/test-dir/TestBlockDeletingService/hdds/4f8c7da9-e9ec-4e7f-99c6-93ebe086dedb/current/containerDir150/1670616788375/chunks/1670616788773.block
2022-12-09 20:13:08,896 [BlockDeletingService#0] INFO  impl.FilePerBlockStrategy (FilePerBlockStrategy.java:deleteChunk(232)) - Deleted block file: /home/runner/work/ozone/ozone/hadoop-hdds/container-service/target/test-dir/TestBlockDeletingService/hdds/4f8c7da9-e9ec-4e7f-99c6-93ebe086dedb/current/containerDir150/1670616788375/chunks/1670616788777.block
2022-12-09 20:13:08,897 [BlockDeletingService#0] WARN  utils.BackgroundService (BackgroundService.java:lambda$run$0(130)) - BlockDeletingService Background task execution took 14955776ns > 0ns(timeout)
2022-12-09 20:13:08,981 [main] INFO  utils.BackgroundService (BackgroundService.java:shutdown(141)) - Shutting down service BlockDeletingService
]]></system-out>
  </testcase>
  <testcase name="testShutdownService" classname="TestBlockDeletingService" time="0.712">
    <system-out><![CDATA[2022-12-09 20:13:11,250 [main] INFO  volume.HddsVolume (HddsVolume.java:<init>(117)) - Creating HddsVolume: /home/runner/work/ozone/ozone/hadoop-hdds/container-service/target/test-dir/TestBlockDeletingService/hdds of storage type : DISK capacity : 9223372036854775807
2022-12-09 20:13:11,251 [main] INFO  volume.MutableVolumeSet (MutableVolumeSet.java:initializeVolumeSet(174)) - Added Volume : /home/runner/work/ozone/ozone/hadoop-hdds/container-service/target/test-dir/TestBlockDeletingService/hdds to VolumeSet
2022-12-09 20:13:11,306 [main] INFO  utils.DatanodeStoreCache (DatanodeStoreCache.java:addDB(58)) - Added db /home/runner/work/ozone/ozone/hadoop-hdds/container-service/target/test-dir/TestBlockDeletingService/hdds/fd65497e-2b98-4ba3-9c85-f5a19fcc22e1/DS-869ec22a-f749-49f8-a85e-162aada0cbfe/container.db to cache
2022-12-09 20:13:11,307 [main] INFO  volume.HddsVolume (HddsVolume.java:createDbStore(307)) - SchemaV3 db is created and loaded at /home/runner/work/ozone/ozone/hadoop-hdds/container-service/target/test-dir/TestBlockDeletingService/hdds/fd65497e-2b98-4ba3-9c85-f5a19fcc22e1/DS-869ec22a-f749-49f8-a85e-162aada0cbfe/container.db for volume DS-869ec22a-f749-49f8-a85e-162aada0cbfe
2022-12-09 20:13:11,851 [BlockDeletingService#0] INFO  impl.FilePerBlockStrategy (FilePerBlockStrategy.java:deleteChunk(232)) - Deleted block file: /home/runner/work/ozone/ozone/hadoop-hdds/container-service/target/test-dir/TestBlockDeletingService/hdds/fd65497e-2b98-4ba3-9c85-f5a19fcc22e1/current/containerDir156/1670616791356/chunks/1670616791361.block
2022-12-09 20:13:11,851 [BlockDeletingService#0] INFO  impl.FilePerBlockStrategy (FilePerBlockStrategy.java:deleteChunk(232)) - Deleted block file: /home/runner/work/ozone/ozone/hadoop-hdds/container-service/target/test-dir/TestBlockDeletingService/hdds/fd65497e-2b98-4ba3-9c85-f5a19fcc22e1/current/containerDir156/1670616791356/chunks/1670616791408.block
2022-12-09 20:13:11,851 [BlockDeletingService#0] INFO  impl.FilePerBlockStrategy (FilePerBlockStrategy.java:deleteChunk(232)) - Deleted block file: /home/runner/work/ozone/ozone/hadoop-hdds/container-service/target/test-dir/TestBlockDeletingService/hdds/fd65497e-2b98-4ba3-9c85-f5a19fcc22e1/current/containerDir156/1670616791356/chunks/1670616791738.block
2022-12-09 20:13:11,851 [BlockDeletingService#0] INFO  impl.FilePerBlockStrategy (FilePerBlockStrategy.java:deleteChunk(232)) - Deleted block file: /home/runner/work/ozone/ozone/hadoop-hdds/container-service/target/test-dir/TestBlockDeletingService/hdds/fd65497e-2b98-4ba3-9c85-f5a19fcc22e1/current/containerDir156/1670616791356/chunks/1670616791411.block
2022-12-09 20:13:11,851 [BlockDeletingService#0] INFO  impl.FilePerBlockStrategy (FilePerBlockStrategy.java:deleteChunk(232)) - Deleted block file: /home/runner/work/ozone/ozone/hadoop-hdds/container-service/target/test-dir/TestBlockDeletingService/hdds/fd65497e-2b98-4ba3-9c85-f5a19fcc22e1/current/containerDir156/1670616791356/chunks/1670616791414.block
2022-12-09 20:13:11,852 [BlockDeletingService#0] INFO  impl.FilePerBlockStrategy (FilePerBlockStrategy.java:deleteChunk(232)) - Deleted block file: /home/runner/work/ozone/ozone/hadoop-hdds/container-service/target/test-dir/TestBlockDeletingService/hdds/fd65497e-2b98-4ba3-9c85-f5a19fcc22e1/current/containerDir156/1670616791356/chunks/1670616791418.block
2022-12-09 20:13:11,852 [BlockDeletingService#0] INFO  impl.FilePerBlockStrategy (FilePerBlockStrategy.java:deleteChunk(232)) - Deleted block file: /home/runner/work/ozone/ozone/hadoop-hdds/container-service/target/test-dir/TestBlockDeletingService/hdds/fd65497e-2b98-4ba3-9c85-f5a19fcc22e1/current/containerDir156/1670616791356/chunks/1670616791421.block
2022-12-09 20:13:11,852 [BlockDeletingService#0] INFO  impl.FilePerBlockStrategy (FilePerBlockStrategy.java:deleteChunk(232)) - Deleted block file: /home/runner/work/ozone/ozone/hadoop-hdds/container-service/target/test-dir/TestBlockDeletingService/hdds/fd65497e-2b98-4ba3-9c85-f5a19fcc22e1/current/containerDir156/1670616791356/chunks/1670616791424.block
2022-12-09 20:13:11,852 [BlockDeletingService#0] INFO  impl.FilePerBlockStrategy (FilePerBlockStrategy.java:deleteChunk(232)) - Deleted block file: /home/runner/work/ozone/ozone/hadoop-hdds/container-service/target/test-dir/TestBlockDeletingService/hdds/fd65497e-2b98-4ba3-9c85-f5a19fcc22e1/current/containerDir156/1670616791356/chunks/1670616791428.block
2022-12-09 20:13:11,852 [BlockDeletingService#0] INFO  impl.FilePerBlockStrategy (FilePerBlockStrategy.java:deleteChunk(232)) - Deleted block file: /home/runner/work/ozone/ozone/hadoop-hdds/container-service/target/test-dir/TestBlockDeletingService/hdds/fd65497e-2b98-4ba3-9c85-f5a19fcc22e1/current/containerDir156/1670616791356/chunks/1670616791431.block
2022-12-09 20:13:11,852 [BlockDeletingService#0] INFO  impl.FilePerBlockStrategy (FilePerBlockStrategy.java:deleteChunk(232)) - Deleted block file: /home/runner/work/ozone/ozone/hadoop-hdds/container-service/target/test-dir/TestBlockDeletingService/hdds/fd65497e-2b98-4ba3-9c85-f5a19fcc22e1/current/containerDir156/1670616791356/chunks/1670616791434.block
2022-12-09 20:13:11,852 [BlockDeletingService#0] INFO  impl.FilePerBlockStrategy (FilePerBlockStrategy.java:deleteChunk(232)) - Deleted block file: /home/runner/work/ozone/ozone/hadoop-hdds/container-service/target/test-dir/TestBlockDeletingService/hdds/fd65497e-2b98-4ba3-9c85-f5a19fcc22e1/current/containerDir156/1670616791356/chunks/1670616791438.block
2022-12-09 20:13:11,852 [BlockDeletingService#0] INFO  impl.FilePerBlockStrategy (FilePerBlockStrategy.java:deleteChunk(232)) - Deleted block file: /home/runner/work/ozone/ozone/hadoop-hdds/container-service/target/test-dir/TestBlockDeletingService/hdds/fd65497e-2b98-4ba3-9c85-f5a19fcc22e1/current/containerDir156/1670616791356/chunks/1670616791364.block
2022-12-09 20:13:11,853 [BlockDeletingService#0] INFO  impl.FilePerBlockStrategy (FilePerBlockStrategy.java:deleteChunk(232)) - Deleted block file: /home/runner/work/ozone/ozone/hadoop-hdds/container-service/target/test-dir/TestBlockDeletingService/hdds/fd65497e-2b98-4ba3-9c85-f5a19fcc22e1/current/containerDir156/1670616791356/chunks/1670616791441.block
2022-12-09 20:13:11,853 [BlockDeletingService#0] INFO  impl.FilePerBlockStrategy (FilePerBlockStrategy.java:deleteChunk(232)) - Deleted block file: /home/runner/work/ozone/ozone/hadoop-hdds/container-service/target/test-dir/TestBlockDeletingService/hdds/fd65497e-2b98-4ba3-9c85-f5a19fcc22e1/current/containerDir156/1670616791356/chunks/1670616791444.block
2022-12-09 20:13:11,853 [BlockDeletingService#0] INFO  impl.FilePerBlockStrategy (FilePerBlockStrategy.java:deleteChunk(232)) - Deleted block file: /home/runner/work/ozone/ozone/hadoop-hdds/container-service/target/test-dir/TestBlockDeletingService/hdds/fd65497e-2b98-4ba3-9c85-f5a19fcc22e1/current/containerDir156/1670616791356/chunks/1670616791448.block
2022-12-09 20:13:11,853 [BlockDeletingService#0] INFO  impl.FilePerBlockStrategy (FilePerBlockStrategy.java:deleteChunk(232)) - Deleted block file: /home/runner/work/ozone/ozone/hadoop-hdds/container-service/target/test-dir/TestBlockDeletingService/hdds/fd65497e-2b98-4ba3-9c85-f5a19fcc22e1/current/containerDir156/1670616791356/chunks/1670616791451.block
2022-12-09 20:13:11,853 [BlockDeletingService#0] INFO  impl.FilePerBlockStrategy (FilePerBlockStrategy.java:deleteChunk(232)) - Deleted block file: /home/runner/work/ozone/ozone/hadoop-hdds/container-service/target/test-dir/TestBlockDeletingService/hdds/fd65497e-2b98-4ba3-9c85-f5a19fcc22e1/current/containerDir156/1670616791356/chunks/1670616791455.block
2022-12-09 20:13:11,853 [BlockDeletingService#0] INFO  impl.FilePerBlockStrategy (FilePerBlockStrategy.java:deleteChunk(232)) - Deleted block file: /home/runner/work/ozone/ozone/hadoop-hdds/container-service/target/test-dir/TestBlockDeletingService/hdds/fd65497e-2b98-4ba3-9c85-f5a19fcc22e1/current/containerDir156/1670616791356/chunks/1670616791458.block
2022-12-09 20:13:11,853 [BlockDeletingService#0] INFO  impl.FilePerBlockStrategy (FilePerBlockStrategy.java:deleteChunk(232)) - Deleted block file: /home/runner/work/ozone/ozone/hadoop-hdds/container-service/target/test-dir/TestBlockDeletingService/hdds/fd65497e-2b98-4ba3-9c85-f5a19fcc22e1/current/containerDir156/1670616791356/chunks/1670616791462.block
2022-12-09 20:13:11,853 [BlockDeletingService#0] INFO  impl.FilePerBlockStrategy (FilePerBlockStrategy.java:deleteChunk(232)) - Deleted block file: /home/runner/work/ozone/ozone/hadoop-hdds/container-service/target/test-dir/TestBlockDeletingService/hdds/fd65497e-2b98-4ba3-9c85-f5a19fcc22e1/current/containerDir156/1670616791356/chunks/1670616791465.block
2022-12-09 20:13:11,854 [BlockDeletingService#0] INFO  impl.FilePerBlockStrategy (FilePerBlockStrategy.java:deleteChunk(232)) - Deleted block file: /home/runner/work/ozone/ozone/hadoop-hdds/container-service/target/test-dir/TestBlockDeletingService/hdds/fd65497e-2b98-4ba3-9c85-f5a19fcc22e1/current/containerDir156/1670616791356/chunks/1670616791469.block
2022-12-09 20:13:11,854 [BlockDeletingService#0] INFO  impl.FilePerBlockStrategy (FilePerBlockStrategy.java:deleteChunk(232)) - Deleted block file: /home/runner/work/ozone/ozone/hadoop-hdds/container-service/target/test-dir/TestBlockDeletingService/hdds/fd65497e-2b98-4ba3-9c85-f5a19fcc22e1/current/containerDir156/1670616791356/chunks/1670616791472.block
2022-12-09 20:13:11,855 [BlockDeletingService#0] INFO  impl.FilePerBlockStrategy (FilePerBlockStrategy.java:deleteChunk(232)) - Deleted block file: /home/runner/work/ozone/ozone/hadoop-hdds/container-service/target/test-dir/TestBlockDeletingService/hdds/fd65497e-2b98-4ba3-9c85-f5a19fcc22e1/current/containerDir156/1670616791356/chunks/1670616791368.block
2022-12-09 20:13:11,855 [BlockDeletingService#0] INFO  impl.FilePerBlockStrategy (FilePerBlockStrategy.java:deleteChunk(232)) - Deleted block file: /home/runner/work/ozone/ozone/hadoop-hdds/container-service/target/test-dir/TestBlockDeletingService/hdds/fd65497e-2b98-4ba3-9c85-f5a19fcc22e1/current/containerDir156/1670616791356/chunks/1670616791476.block
2022-12-09 20:13:11,855 [BlockDeletingService#0] INFO  impl.FilePerBlockStrategy (FilePerBlockStrategy.java:deleteChunk(232)) - Deleted block file: /home/runner/work/ozone/ozone/hadoop-hdds/container-service/target/test-dir/TestBlockDeletingService/hdds/fd65497e-2b98-4ba3-9c85-f5a19fcc22e1/current/containerDir156/1670616791356/chunks/1670616791479.block
2022-12-09 20:13:11,855 [BlockDeletingService#0] INFO  impl.FilePerBlockStrategy (FilePerBlockStrategy.java:deleteChunk(232)) - Deleted block file: /home/runner/work/ozone/ozone/hadoop-hdds/container-service/target/test-dir/TestBlockDeletingService/hdds/fd65497e-2b98-4ba3-9c85-f5a19fcc22e1/current/containerDir156/1670616791356/chunks/1670616791482.block
2022-12-09 20:13:11,855 [BlockDeletingService#0] INFO  impl.FilePerBlockStrategy (FilePerBlockStrategy.java:deleteChunk(232)) - Deleted block file: /home/runner/work/ozone/ozone/hadoop-hdds/container-service/target/test-dir/TestBlockDeletingService/hdds/fd65497e-2b98-4ba3-9c85-f5a19fcc22e1/current/containerDir156/1670616791356/chunks/1670616791486.block
2022-12-09 20:13:11,855 [BlockDeletingService#0] INFO  impl.FilePerBlockStrategy (FilePerBlockStrategy.java:deleteChunk(232)) - Deleted block file: /home/runner/work/ozone/ozone/hadoop-hdds/container-service/target/test-dir/TestBlockDeletingService/hdds/fd65497e-2b98-4ba3-9c85-f5a19fcc22e1/current/containerDir156/1670616791356/chunks/1670616791489.block
2022-12-09 20:13:11,855 [BlockDeletingService#0] INFO  impl.FilePerBlockStrategy (FilePerBlockStrategy.java:deleteChunk(232)) - Deleted block file: /home/runner/work/ozone/ozone/hadoop-hdds/container-service/target/test-dir/TestBlockDeletingService/hdds/fd65497e-2b98-4ba3-9c85-f5a19fcc22e1/current/containerDir156/1670616791356/chunks/1670616791492.block
2022-12-09 20:13:11,855 [BlockDeletingService#0] INFO  impl.FilePerBlockStrategy (FilePerBlockStrategy.java:deleteChunk(232)) - Deleted block file: /home/runner/work/ozone/ozone/hadoop-hdds/container-service/target/test-dir/TestBlockDeletingService/hdds/fd65497e-2b98-4ba3-9c85-f5a19fcc22e1/current/containerDir156/1670616791356/chunks/1670616791496.block
2022-12-09 20:13:11,856 [BlockDeletingService#0] INFO  impl.FilePerBlockStrategy (FilePerBlockStrategy.java:deleteChunk(232)) - Deleted block file: /home/runner/work/ozone/ozone/hadoop-hdds/container-service/target/test-dir/TestBlockDeletingService/hdds/fd65497e-2b98-4ba3-9c85-f5a19fcc22e1/current/containerDir156/1670616791356/chunks/1670616791501.block
2022-12-09 20:13:11,856 [BlockDeletingService#0] INFO  impl.FilePerBlockStrategy (FilePerBlockStrategy.java:deleteChunk(232)) - Deleted block file: /home/runner/work/ozone/ozone/hadoop-hdds/container-service/target/test-dir/TestBlockDeletingService/hdds/fd65497e-2b98-4ba3-9c85-f5a19fcc22e1/current/containerDir156/1670616791356/chunks/1670616791504.block
2022-12-09 20:13:11,856 [BlockDeletingService#0] INFO  impl.FilePerBlockStrategy (FilePerBlockStrategy.java:deleteChunk(232)) - Deleted block file: /home/runner/work/ozone/ozone/hadoop-hdds/container-service/target/test-dir/TestBlockDeletingService/hdds/fd65497e-2b98-4ba3-9c85-f5a19fcc22e1/current/containerDir156/1670616791356/chunks/1670616791508.block
2022-12-09 20:13:11,856 [BlockDeletingService#0] INFO  impl.FilePerBlockStrategy (FilePerBlockStrategy.java:deleteChunk(232)) - Deleted block file: /home/runner/work/ozone/ozone/hadoop-hdds/container-service/target/test-dir/TestBlockDeletingService/hdds/fd65497e-2b98-4ba3-9c85-f5a19fcc22e1/current/containerDir156/1670616791356/chunks/1670616791371.block
2022-12-09 20:13:11,856 [BlockDeletingService#0] INFO  impl.FilePerBlockStrategy (FilePerBlockStrategy.java:deleteChunk(232)) - Deleted block file: /home/runner/work/ozone/ozone/hadoop-hdds/container-service/target/test-dir/TestBlockDeletingService/hdds/fd65497e-2b98-4ba3-9c85-f5a19fcc22e1/current/containerDir156/1670616791356/chunks/1670616791511.block
2022-12-09 20:13:11,856 [BlockDeletingService#0] INFO  impl.FilePerBlockStrategy (FilePerBlockStrategy.java:deleteChunk(232)) - Deleted block file: /home/runner/work/ozone/ozone/hadoop-hdds/container-service/target/test-dir/TestBlockDeletingService/hdds/fd65497e-2b98-4ba3-9c85-f5a19fcc22e1/current/containerDir156/1670616791356/chunks/1670616791515.block
2022-12-09 20:13:11,856 [BlockDeletingService#0] INFO  impl.FilePerBlockStrategy (FilePerBlockStrategy.java:deleteChunk(232)) - Deleted block file: /home/runner/work/ozone/ozone/hadoop-hdds/container-service/target/test-dir/TestBlockDeletingService/hdds/fd65497e-2b98-4ba3-9c85-f5a19fcc22e1/current/containerDir156/1670616791356/chunks/1670616791518.block
2022-12-09 20:13:11,856 [BlockDeletingService#0] INFO  impl.FilePerBlockStrategy (FilePerBlockStrategy.java:deleteChunk(232)) - Deleted block file: /home/runner/work/ozone/ozone/hadoop-hdds/container-service/target/test-dir/TestBlockDeletingService/hdds/fd65497e-2b98-4ba3-9c85-f5a19fcc22e1/current/containerDir156/1670616791356/chunks/1670616791521.block
2022-12-09 20:13:11,856 [BlockDeletingService#0] INFO  impl.FilePerBlockStrategy (FilePerBlockStrategy.java:deleteChunk(232)) - Deleted block file: /home/runner/work/ozone/ozone/hadoop-hdds/container-service/target/test-dir/TestBlockDeletingService/hdds/fd65497e-2b98-4ba3-9c85-f5a19fcc22e1/current/containerDir156/1670616791356/chunks/1670616791525.block
2022-12-09 20:13:11,857 [BlockDeletingService#0] INFO  impl.FilePerBlockStrategy (FilePerBlockStrategy.java:deleteChunk(232)) - Deleted block file: /home/runner/work/ozone/ozone/hadoop-hdds/container-service/target/test-dir/TestBlockDeletingService/hdds/fd65497e-2b98-4ba3-9c85-f5a19fcc22e1/current/containerDir156/1670616791356/chunks/1670616791528.block
2022-12-09 20:13:11,857 [BlockDeletingService#0] INFO  impl.FilePerBlockStrategy (FilePerBlockStrategy.java:deleteChunk(232)) - Deleted block file: /home/runner/work/ozone/ozone/hadoop-hdds/container-service/target/test-dir/TestBlockDeletingService/hdds/fd65497e-2b98-4ba3-9c85-f5a19fcc22e1/current/containerDir156/1670616791356/chunks/1670616791531.block
2022-12-09 20:13:11,857 [BlockDeletingService#0] INFO  impl.FilePerBlockStrategy (FilePerBlockStrategy.java:deleteChunk(232)) - Deleted block file: /home/runner/work/ozone/ozone/hadoop-hdds/container-service/target/test-dir/TestBlockDeletingService/hdds/fd65497e-2b98-4ba3-9c85-f5a19fcc22e1/current/containerDir156/1670616791356/chunks/1670616791535.block
2022-12-09 20:13:11,857 [BlockDeletingService#0] INFO  impl.FilePerBlockStrategy (FilePerBlockStrategy.java:deleteChunk(232)) - Deleted block file: /home/runner/work/ozone/ozone/hadoop-hdds/container-service/target/test-dir/TestBlockDeletingService/hdds/fd65497e-2b98-4ba3-9c85-f5a19fcc22e1/current/containerDir156/1670616791356/chunks/1670616791538.block
2022-12-09 20:13:11,857 [BlockDeletingService#0] INFO  impl.FilePerBlockStrategy (FilePerBlockStrategy.java:deleteChunk(232)) - Deleted block file: /home/runner/work/ozone/ozone/hadoop-hdds/container-service/target/test-dir/TestBlockDeletingService/hdds/fd65497e-2b98-4ba3-9c85-f5a19fcc22e1/current/containerDir156/1670616791356/chunks/1670616791541.block
2022-12-09 20:13:11,857 [BlockDeletingService#0] INFO  impl.FilePerBlockStrategy (FilePerBlockStrategy.java:deleteChunk(232)) - Deleted block file: /home/runner/work/ozone/ozone/hadoop-hdds/container-service/target/test-dir/TestBlockDeletingService/hdds/fd65497e-2b98-4ba3-9c85-f5a19fcc22e1/current/containerDir156/1670616791356/chunks/1670616791374.block
2022-12-09 20:13:11,857 [BlockDeletingService#0] INFO  impl.FilePerBlockStrategy (FilePerBlockStrategy.java:deleteChunk(232)) - Deleted block file: /home/runner/work/ozone/ozone/hadoop-hdds/container-service/target/test-dir/TestBlockDeletingService/hdds/fd65497e-2b98-4ba3-9c85-f5a19fcc22e1/current/containerDir156/1670616791356/chunks/1670616791545.block
2022-12-09 20:13:11,857 [BlockDeletingService#0] INFO  impl.FilePerBlockStrategy (FilePerBlockStrategy.java:deleteChunk(232)) - Deleted block file: /home/runner/work/ozone/ozone/hadoop-hdds/container-service/target/test-dir/TestBlockDeletingService/hdds/fd65497e-2b98-4ba3-9c85-f5a19fcc22e1/current/containerDir156/1670616791356/chunks/1670616791548.block
2022-12-09 20:13:11,857 [BlockDeletingService#0] INFO  impl.FilePerBlockStrategy (FilePerBlockStrategy.java:deleteChunk(232)) - Deleted block file: /home/runner/work/ozone/ozone/hadoop-hdds/container-service/target/test-dir/TestBlockDeletingService/hdds/fd65497e-2b98-4ba3-9c85-f5a19fcc22e1/current/containerDir156/1670616791356/chunks/1670616791551.block
2022-12-09 20:13:11,858 [BlockDeletingService#0] INFO  impl.FilePerBlockStrategy (FilePerBlockStrategy.java:deleteChunk(232)) - Deleted block file: /home/runner/work/ozone/ozone/hadoop-hdds/container-service/target/test-dir/TestBlockDeletingService/hdds/fd65497e-2b98-4ba3-9c85-f5a19fcc22e1/current/containerDir156/1670616791356/chunks/1670616791555.block
2022-12-09 20:13:11,858 [BlockDeletingService#0] INFO  impl.FilePerBlockStrategy (FilePerBlockStrategy.java:deleteChunk(232)) - Deleted block file: /home/runner/work/ozone/ozone/hadoop-hdds/container-service/target/test-dir/TestBlockDeletingService/hdds/fd65497e-2b98-4ba3-9c85-f5a19fcc22e1/current/containerDir156/1670616791356/chunks/1670616791558.block
2022-12-09 20:13:11,858 [BlockDeletingService#0] INFO  impl.FilePerBlockStrategy (FilePerBlockStrategy.java:deleteChunk(232)) - Deleted block file: /home/runner/work/ozone/ozone/hadoop-hdds/container-service/target/test-dir/TestBlockDeletingService/hdds/fd65497e-2b98-4ba3-9c85-f5a19fcc22e1/current/containerDir156/1670616791356/chunks/1670616791561.block
2022-12-09 20:13:11,858 [BlockDeletingService#0] INFO  impl.FilePerBlockStrategy (FilePerBlockStrategy.java:deleteChunk(232)) - Deleted block file: /home/runner/work/ozone/ozone/hadoop-hdds/container-service/target/test-dir/TestBlockDeletingService/hdds/fd65497e-2b98-4ba3-9c85-f5a19fcc22e1/current/containerDir156/1670616791356/chunks/1670616791565.block
2022-12-09 20:13:11,858 [BlockDeletingService#0] INFO  impl.FilePerBlockStrategy (FilePerBlockStrategy.java:deleteChunk(232)) - Deleted block file: /home/runner/work/ozone/ozone/hadoop-hdds/container-service/target/test-dir/TestBlockDeletingService/hdds/fd65497e-2b98-4ba3-9c85-f5a19fcc22e1/current/containerDir156/1670616791356/chunks/1670616791568.block
2022-12-09 20:13:11,858 [BlockDeletingService#0] INFO  impl.FilePerBlockStrategy (FilePerBlockStrategy.java:deleteChunk(232)) - Deleted block file: /home/runner/work/ozone/ozone/hadoop-hdds/container-service/target/test-dir/TestBlockDeletingService/hdds/fd65497e-2b98-4ba3-9c85-f5a19fcc22e1/current/containerDir156/1670616791356/chunks/1670616791571.block
2022-12-09 20:13:11,858 [BlockDeletingService#0] INFO  impl.FilePerBlockStrategy (FilePerBlockStrategy.java:deleteChunk(232)) - Deleted block file: /home/runner/work/ozone/ozone/hadoop-hdds/container-service/target/test-dir/TestBlockDeletingService/hdds/fd65497e-2b98-4ba3-9c85-f5a19fcc22e1/current/containerDir156/1670616791356/chunks/1670616791575.block
2022-12-09 20:13:11,858 [BlockDeletingService#0] INFO  impl.FilePerBlockStrategy (FilePerBlockStrategy.java:deleteChunk(232)) - Deleted block file: /home/runner/work/ozone/ozone/hadoop-hdds/container-service/target/test-dir/TestBlockDeletingService/hdds/fd65497e-2b98-4ba3-9c85-f5a19fcc22e1/current/containerDir156/1670616791356/chunks/1670616791394.block
2022-12-09 20:13:11,858 [BlockDeletingService#0] INFO  impl.FilePerBlockStrategy (FilePerBlockStrategy.java:deleteChunk(232)) - Deleted block file: /home/runner/work/ozone/ozone/hadoop-hdds/container-service/target/test-dir/TestBlockDeletingService/hdds/fd65497e-2b98-4ba3-9c85-f5a19fcc22e1/current/containerDir156/1670616791356/chunks/1670616791579.block
2022-12-09 20:13:11,859 [BlockDeletingService#0] INFO  impl.FilePerBlockStrategy (FilePerBlockStrategy.java:deleteChunk(232)) - Deleted block file: /home/runner/work/ozone/ozone/hadoop-hdds/container-service/target/test-dir/TestBlockDeletingService/hdds/fd65497e-2b98-4ba3-9c85-f5a19fcc22e1/current/containerDir156/1670616791356/chunks/1670616791583.block
2022-12-09 20:13:11,859 [BlockDeletingService#0] INFO  impl.FilePerBlockStrategy (FilePerBlockStrategy.java:deleteChunk(232)) - Deleted block file: /home/runner/work/ozone/ozone/hadoop-hdds/container-service/target/test-dir/TestBlockDeletingService/hdds/fd65497e-2b98-4ba3-9c85-f5a19fcc22e1/current/containerDir156/1670616791356/chunks/1670616791587.block
2022-12-09 20:13:11,859 [BlockDeletingService#0] INFO  impl.FilePerBlockStrategy (FilePerBlockStrategy.java:deleteChunk(232)) - Deleted block file: /home/runner/work/ozone/ozone/hadoop-hdds/container-service/target/test-dir/TestBlockDeletingService/hdds/fd65497e-2b98-4ba3-9c85-f5a19fcc22e1/current/containerDir156/1670616791356/chunks/1670616791590.block
2022-12-09 20:13:11,859 [BlockDeletingService#0] INFO  impl.FilePerBlockStrategy (FilePerBlockStrategy.java:deleteChunk(232)) - Deleted block file: /home/runner/work/ozone/ozone/hadoop-hdds/container-service/target/test-dir/TestBlockDeletingService/hdds/fd65497e-2b98-4ba3-9c85-f5a19fcc22e1/current/containerDir156/1670616791356/chunks/1670616791593.block
2022-12-09 20:13:11,859 [BlockDeletingService#0] INFO  impl.FilePerBlockStrategy (FilePerBlockStrategy.java:deleteChunk(232)) - Deleted block file: /home/runner/work/ozone/ozone/hadoop-hdds/container-service/target/test-dir/TestBlockDeletingService/hdds/fd65497e-2b98-4ba3-9c85-f5a19fcc22e1/current/containerDir156/1670616791356/chunks/1670616791599.block
2022-12-09 20:13:11,859 [BlockDeletingService#0] INFO  impl.FilePerBlockStrategy (FilePerBlockStrategy.java:deleteChunk(232)) - Deleted block file: /home/runner/work/ozone/ozone/hadoop-hdds/container-service/target/test-dir/TestBlockDeletingService/hdds/fd65497e-2b98-4ba3-9c85-f5a19fcc22e1/current/containerDir156/1670616791356/chunks/1670616791602.block
2022-12-09 20:13:11,860 [BlockDeletingService#0] INFO  impl.FilePerBlockStrategy (FilePerBlockStrategy.java:deleteChunk(232)) - Deleted block file: /home/runner/work/ozone/ozone/hadoop-hdds/container-service/target/test-dir/TestBlockDeletingService/hdds/fd65497e-2b98-4ba3-9c85-f5a19fcc22e1/current/containerDir156/1670616791356/chunks/1670616791605.block
2022-12-09 20:13:11,860 [BlockDeletingService#0] INFO  impl.FilePerBlockStrategy (FilePerBlockStrategy.java:deleteChunk(232)) - Deleted block file: /home/runner/work/ozone/ozone/hadoop-hdds/container-service/target/test-dir/TestBlockDeletingService/hdds/fd65497e-2b98-4ba3-9c85-f5a19fcc22e1/current/containerDir156/1670616791356/chunks/1670616791608.block
2022-12-09 20:13:11,860 [BlockDeletingService#0] INFO  impl.FilePerBlockStrategy (FilePerBlockStrategy.java:deleteChunk(232)) - Deleted block file: /home/runner/work/ozone/ozone/hadoop-hdds/container-service/target/test-dir/TestBlockDeletingService/hdds/fd65497e-2b98-4ba3-9c85-f5a19fcc22e1/current/containerDir156/1670616791356/chunks/1670616791618.block
2022-12-09 20:13:11,860 [BlockDeletingService#0] INFO  impl.FilePerBlockStrategy (FilePerBlockStrategy.java:deleteChunk(232)) - Deleted block file: /home/runner/work/ozone/ozone/hadoop-hdds/container-service/target/test-dir/TestBlockDeletingService/hdds/fd65497e-2b98-4ba3-9c85-f5a19fcc22e1/current/containerDir156/1670616791356/chunks/1670616791398.block
2022-12-09 20:13:11,860 [BlockDeletingService#0] INFO  impl.FilePerBlockStrategy (FilePerBlockStrategy.java:deleteChunk(232)) - Deleted block file: /home/runner/work/ozone/ozone/hadoop-hdds/container-service/target/test-dir/TestBlockDeletingService/hdds/fd65497e-2b98-4ba3-9c85-f5a19fcc22e1/current/containerDir156/1670616791356/chunks/1670616791621.block
2022-12-09 20:13:11,860 [BlockDeletingService#0] INFO  impl.FilePerBlockStrategy (FilePerBlockStrategy.java:deleteChunk(232)) - Deleted block file: /home/runner/work/ozone/ozone/hadoop-hdds/container-service/target/test-dir/TestBlockDeletingService/hdds/fd65497e-2b98-4ba3-9c85-f5a19fcc22e1/current/containerDir156/1670616791356/chunks/1670616791625.block
2022-12-09 20:13:11,860 [BlockDeletingService#0] INFO  impl.FilePerBlockStrategy (FilePerBlockStrategy.java:deleteChunk(232)) - Deleted block file: /home/runner/work/ozone/ozone/hadoop-hdds/container-service/target/test-dir/TestBlockDeletingService/hdds/fd65497e-2b98-4ba3-9c85-f5a19fcc22e1/current/containerDir156/1670616791356/chunks/1670616791628.block
2022-12-09 20:13:11,860 [BlockDeletingService#0] INFO  impl.FilePerBlockStrategy (FilePerBlockStrategy.java:deleteChunk(232)) - Deleted block file: /home/runner/work/ozone/ozone/hadoop-hdds/container-service/target/test-dir/TestBlockDeletingService/hdds/fd65497e-2b98-4ba3-9c85-f5a19fcc22e1/current/containerDir156/1670616791356/chunks/1670616791632.block
2022-12-09 20:13:11,860 [BlockDeletingService#0] INFO  impl.FilePerBlockStrategy (FilePerBlockStrategy.java:deleteChunk(232)) - Deleted block file: /home/runner/work/ozone/ozone/hadoop-hdds/container-service/target/test-dir/TestBlockDeletingService/hdds/fd65497e-2b98-4ba3-9c85-f5a19fcc22e1/current/containerDir156/1670616791356/chunks/1670616791635.block
2022-12-09 20:13:11,861 [BlockDeletingService#0] INFO  impl.FilePerBlockStrategy (FilePerBlockStrategy.java:deleteChunk(232)) - Deleted block file: /home/runner/work/ozone/ozone/hadoop-hdds/container-service/target/test-dir/TestBlockDeletingService/hdds/fd65497e-2b98-4ba3-9c85-f5a19fcc22e1/current/containerDir156/1670616791356/chunks/1670616791640.block
2022-12-09 20:13:11,861 [BlockDeletingService#0] INFO  impl.FilePerBlockStrategy (FilePerBlockStrategy.java:deleteChunk(232)) - Deleted block file: /home/runner/work/ozone/ozone/hadoop-hdds/container-service/target/test-dir/TestBlockDeletingService/hdds/fd65497e-2b98-4ba3-9c85-f5a19fcc22e1/current/containerDir156/1670616791356/chunks/1670616791644.block
2022-12-09 20:13:11,861 [BlockDeletingService#0] INFO  impl.FilePerBlockStrategy (FilePerBlockStrategy.java:deleteChunk(232)) - Deleted block file: /home/runner/work/ozone/ozone/hadoop-hdds/container-service/target/test-dir/TestBlockDeletingService/hdds/fd65497e-2b98-4ba3-9c85-f5a19fcc22e1/current/containerDir156/1670616791356/chunks/1670616791648.block
2022-12-09 20:13:11,861 [BlockDeletingService#0] INFO  impl.FilePerBlockStrategy (FilePerBlockStrategy.java:deleteChunk(232)) - Deleted block file: /home/runner/work/ozone/ozone/hadoop-hdds/container-service/target/test-dir/TestBlockDeletingService/hdds/fd65497e-2b98-4ba3-9c85-f5a19fcc22e1/current/containerDir156/1670616791356/chunks/1670616791651.block
2022-12-09 20:13:11,861 [BlockDeletingService#0] INFO  impl.FilePerBlockStrategy (FilePerBlockStrategy.java:deleteChunk(232)) - Deleted block file: /home/runner/work/ozone/ozone/hadoop-hdds/container-service/target/test-dir/TestBlockDeletingService/hdds/fd65497e-2b98-4ba3-9c85-f5a19fcc22e1/current/containerDir156/1670616791356/chunks/1670616791654.block
2022-12-09 20:13:11,861 [BlockDeletingService#0] INFO  impl.FilePerBlockStrategy (FilePerBlockStrategy.java:deleteChunk(232)) - Deleted block file: /home/runner/work/ozone/ozone/hadoop-hdds/container-service/target/test-dir/TestBlockDeletingService/hdds/fd65497e-2b98-4ba3-9c85-f5a19fcc22e1/current/containerDir156/1670616791356/chunks/1670616791401.block
2022-12-09 20:13:11,861 [BlockDeletingService#0] INFO  impl.FilePerBlockStrategy (FilePerBlockStrategy.java:deleteChunk(232)) - Deleted block file: /home/runner/work/ozone/ozone/hadoop-hdds/container-service/target/test-dir/TestBlockDeletingService/hdds/fd65497e-2b98-4ba3-9c85-f5a19fcc22e1/current/containerDir156/1670616791356/chunks/1670616791658.block
2022-12-09 20:13:11,862 [BlockDeletingService#0] INFO  impl.FilePerBlockStrategy (FilePerBlockStrategy.java:deleteChunk(232)) - Deleted block file: /home/runner/work/ozone/ozone/hadoop-hdds/container-service/target/test-dir/TestBlockDeletingService/hdds/fd65497e-2b98-4ba3-9c85-f5a19fcc22e1/current/containerDir156/1670616791356/chunks/1670616791661.block
2022-12-09 20:13:11,862 [BlockDeletingService#0] INFO  impl.FilePerBlockStrategy (FilePerBlockStrategy.java:deleteChunk(232)) - Deleted block file: /home/runner/work/ozone/ozone/hadoop-hdds/container-service/target/test-dir/TestBlockDeletingService/hdds/fd65497e-2b98-4ba3-9c85-f5a19fcc22e1/current/containerDir156/1670616791356/chunks/1670616791664.block
2022-12-09 20:13:11,862 [BlockDeletingService#0] INFO  impl.FilePerBlockStrategy (FilePerBlockStrategy.java:deleteChunk(232)) - Deleted block file: /home/runner/work/ozone/ozone/hadoop-hdds/container-service/target/test-dir/TestBlockDeletingService/hdds/fd65497e-2b98-4ba3-9c85-f5a19fcc22e1/current/containerDir156/1670616791356/chunks/1670616791667.block
2022-12-09 20:13:11,862 [BlockDeletingService#0] INFO  impl.FilePerBlockStrategy (FilePerBlockStrategy.java:deleteChunk(232)) - Deleted block file: /home/runner/work/ozone/ozone/hadoop-hdds/container-service/target/test-dir/TestBlockDeletingService/hdds/fd65497e-2b98-4ba3-9c85-f5a19fcc22e1/current/containerDir156/1670616791356/chunks/1670616791684.block
2022-12-09 20:13:11,862 [BlockDeletingService#0] INFO  impl.FilePerBlockStrategy (FilePerBlockStrategy.java:deleteChunk(232)) - Deleted block file: /home/runner/work/ozone/ozone/hadoop-hdds/container-service/target/test-dir/TestBlockDeletingService/hdds/fd65497e-2b98-4ba3-9c85-f5a19fcc22e1/current/containerDir156/1670616791356/chunks/1670616791687.block
2022-12-09 20:13:11,862 [BlockDeletingService#0] INFO  impl.FilePerBlockStrategy (FilePerBlockStrategy.java:deleteChunk(232)) - Deleted block file: /home/runner/work/ozone/ozone/hadoop-hdds/container-service/target/test-dir/TestBlockDeletingService/hdds/fd65497e-2b98-4ba3-9c85-f5a19fcc22e1/current/containerDir156/1670616791356/chunks/1670616791691.block
2022-12-09 20:13:11,862 [BlockDeletingService#0] INFO  impl.FilePerBlockStrategy (FilePerBlockStrategy.java:deleteChunk(232)) - Deleted block file: /home/runner/work/ozone/ozone/hadoop-hdds/container-service/target/test-dir/TestBlockDeletingService/hdds/fd65497e-2b98-4ba3-9c85-f5a19fcc22e1/current/containerDir156/1670616791356/chunks/1670616791695.block
2022-12-09 20:13:11,862 [BlockDeletingService#0] INFO  impl.FilePerBlockStrategy (FilePerBlockStrategy.java:deleteChunk(232)) - Deleted block file: /home/runner/work/ozone/ozone/hadoop-hdds/container-service/target/test-dir/TestBlockDeletingService/hdds/fd65497e-2b98-4ba3-9c85-f5a19fcc22e1/current/containerDir156/1670616791356/chunks/1670616791698.block
2022-12-09 20:13:11,862 [BlockDeletingService#0] INFO  impl.FilePerBlockStrategy (FilePerBlockStrategy.java:deleteChunk(232)) - Deleted block file: /home/runner/work/ozone/ozone/hadoop-hdds/container-service/target/test-dir/TestBlockDeletingService/hdds/fd65497e-2b98-4ba3-9c85-f5a19fcc22e1/current/containerDir156/1670616791356/chunks/1670616791701.block
2022-12-09 20:13:11,863 [BlockDeletingService#0] INFO  impl.FilePerBlockStrategy (FilePerBlockStrategy.java:deleteChunk(232)) - Deleted block file: /home/runner/work/ozone/ozone/hadoop-hdds/container-service/target/test-dir/TestBlockDeletingService/hdds/fd65497e-2b98-4ba3-9c85-f5a19fcc22e1/current/containerDir156/1670616791356/chunks/1670616791404.block
2022-12-09 20:13:11,863 [BlockDeletingService#0] INFO  impl.FilePerBlockStrategy (FilePerBlockStrategy.java:deleteChunk(232)) - Deleted block file: /home/runner/work/ozone/ozone/hadoop-hdds/container-service/target/test-dir/TestBlockDeletingService/hdds/fd65497e-2b98-4ba3-9c85-f5a19fcc22e1/current/containerDir156/1670616791356/chunks/1670616791705.block
2022-12-09 20:13:11,863 [BlockDeletingService#0] INFO  impl.FilePerBlockStrategy (FilePerBlockStrategy.java:deleteChunk(232)) - Deleted block file: /home/runner/work/ozone/ozone/hadoop-hdds/container-service/target/test-dir/TestBlockDeletingService/hdds/fd65497e-2b98-4ba3-9c85-f5a19fcc22e1/current/containerDir156/1670616791356/chunks/1670616791708.block
2022-12-09 20:13:11,863 [BlockDeletingService#0] INFO  impl.FilePerBlockStrategy (FilePerBlockStrategy.java:deleteChunk(232)) - Deleted block file: /home/runner/work/ozone/ozone/hadoop-hdds/container-service/target/test-dir/TestBlockDeletingService/hdds/fd65497e-2b98-4ba3-9c85-f5a19fcc22e1/current/containerDir156/1670616791356/chunks/1670616791711.block
2022-12-09 20:13:11,863 [BlockDeletingService#0] INFO  impl.FilePerBlockStrategy (FilePerBlockStrategy.java:deleteChunk(232)) - Deleted block file: /home/runner/work/ozone/ozone/hadoop-hdds/container-service/target/test-dir/TestBlockDeletingService/hdds/fd65497e-2b98-4ba3-9c85-f5a19fcc22e1/current/containerDir156/1670616791356/chunks/1670616791714.block
2022-12-09 20:13:11,863 [BlockDeletingService#0] INFO  impl.FilePerBlockStrategy (FilePerBlockStrategy.java:deleteChunk(232)) - Deleted block file: /home/runner/work/ozone/ozone/hadoop-hdds/container-service/target/test-dir/TestBlockDeletingService/hdds/fd65497e-2b98-4ba3-9c85-f5a19fcc22e1/current/containerDir156/1670616791356/chunks/1670616791718.block
2022-12-09 20:13:11,863 [BlockDeletingService#0] INFO  impl.FilePerBlockStrategy (FilePerBlockStrategy.java:deleteChunk(232)) - Deleted block file: /home/runner/work/ozone/ozone/hadoop-hdds/container-service/target/test-dir/TestBlockDeletingService/hdds/fd65497e-2b98-4ba3-9c85-f5a19fcc22e1/current/containerDir156/1670616791356/chunks/1670616791721.block
2022-12-09 20:13:11,863 [BlockDeletingService#0] INFO  impl.FilePerBlockStrategy (FilePerBlockStrategy.java:deleteChunk(232)) - Deleted block file: /home/runner/work/ozone/ozone/hadoop-hdds/container-service/target/test-dir/TestBlockDeletingService/hdds/fd65497e-2b98-4ba3-9c85-f5a19fcc22e1/current/containerDir156/1670616791356/chunks/1670616791724.block
2022-12-09 20:13:11,864 [BlockDeletingService#0] INFO  impl.FilePerBlockStrategy (FilePerBlockStrategy.java:deleteChunk(232)) - Deleted block file: /home/runner/work/ozone/ozone/hadoop-hdds/container-service/target/test-dir/TestBlockDeletingService/hdds/fd65497e-2b98-4ba3-9c85-f5a19fcc22e1/current/containerDir156/1670616791356/chunks/1670616791727.block
2022-12-09 20:13:11,864 [BlockDeletingService#0] INFO  impl.FilePerBlockStrategy (FilePerBlockStrategy.java:deleteChunk(232)) - Deleted block file: /home/runner/work/ozone/ozone/hadoop-hdds/container-service/target/test-dir/TestBlockDeletingService/hdds/fd65497e-2b98-4ba3-9c85-f5a19fcc22e1/current/containerDir156/1670616791356/chunks/1670616791731.block
2022-12-09 20:13:11,864 [BlockDeletingService#0] INFO  impl.FilePerBlockStrategy (FilePerBlockStrategy.java:deleteChunk(232)) - Deleted block file: /home/runner/work/ozone/ozone/hadoop-hdds/container-service/target/test-dir/TestBlockDeletingService/hdds/fd65497e-2b98-4ba3-9c85-f5a19fcc22e1/current/containerDir156/1670616791356/chunks/1670616791735.block
2022-12-09 20:13:11,865 [BlockDeletingService#0] WARN  utils.BackgroundService (BackgroundService.java:lambda$run$0(130)) - BlockDeletingService Background task execution took 15238380ns > 0ns(timeout)
2022-12-09 20:13:11,947 [main] INFO  utils.BackgroundService (BackgroundService.java:shutdown(141)) - Shutting down service BlockDeletingService
]]></system-out>
  </testcase>
  <testcase name="testBlockDeletionTimeout" classname="TestBlockDeletingService" time="1.322">
    <error type="java.util.concurrent.TimeoutException"><![CDATA[java.util.concurrent.TimeoutException: 
Timed out waiting for condition. Thread diagnostics:
Timestamp: 2022-12-09 08:12:58,570

"surefire-forkedjvm-command-thread" daemon prio=5 tid=10 runnable
java.lang.Thread.State: RUNNABLE
        at java.io.FileInputStream.readBytes(Native Method)
        at java.io.FileInputStream.read(FileInputStream.java:255)
        at java.io.BufferedInputStream.read1(BufferedInputStream.java:284)
        at java.io.BufferedInputStream.read(BufferedInputStream.java:345)
        at java.io.BufferedInputStream.fill(BufferedInputStream.java:246)
        at java.io.BufferedInputStream.read1(BufferedInputStream.java:286)
        at java.io.BufferedInputStream.read(BufferedInputStream.java:345)
        at org.apache.maven.surefire.api.util.internal.Channels$3.readImpl(Channels.java:214)
        at org.apache.maven.surefire.api.util.internal.AbstractNoninterruptibleReadableChannel.read(AbstractNoninterruptibleReadableChannel.java:54)
        at org.apache.maven.surefire.booter.spi.LegacyMasterProcessChannelDecoder.decode(LegacyMasterProcessChannelDecoder.java:80)
        at org.apache.maven.surefire.booter.CommandReader$CommandRunnable.run(CommandReader.java:343)
        at java.lang.Thread.run(Thread.java:750)
"main"  prio=5 tid=1 runnable
java.lang.Thread.State: RUNNABLE
        at java.lang.Thread.dumpThreads(Native Method)
        at java.lang.Thread.getAllStackTraces(Thread.java:1615)
        at org.apache.ozone.test.TimedOutTestsListener.buildThreadDump(TimedOutTestsListener.java:93)
        at org.apache.ozone.test.TimedOutTestsListener.buildThreadDiagnosticString(TimedOutTestsListener.java:79)
        at org.apache.ozone.test.GenericTestUtils.waitFor(GenericTestUtils.java:231)
        at org.apache.hadoop.ozone.container.common.TestBlockDeletingService.testBlockDeletionTimeout(TestBlockDeletingService.java:681)
        at sun.reflect.NativeMethodAccessorImpl.invoke0(Native Method)
        at sun.reflect.NativeMethodAccessorImpl.invoke(NativeMethodAccessorImpl.java:62)
        at sun.reflect.DelegatingMethodAccessorImpl.invoke(DelegatingMethodAccessorImpl.java:43)
        at java.lang.reflect.Method.invoke(Method.java:498)
        at org.junit.runners.model.FrameworkMethod$1.runReflectiveCall(FrameworkMethod.java:59)
        at org.junit.internal.runners.model.ReflectiveCallable.run(ReflectiveCallable.java:12)
        at org.junit.runners.model.FrameworkMethod.invokeExplosively(FrameworkMethod.java:56)
        at org.junit.internal.runners.statements.InvokeMethod.evaluate(InvokeMethod.java:17)
        at org.junit.internal.runners.statements.RunBefores.evaluate(RunBefores.java:26)
        at org.junit.internal.runners.statements.RunAfters.evaluate(RunAfters.java:27)
        at org.junit.runners.ParentRunner$3.evaluate(ParentRunner.java:306)
        at org.junit.runners.BlockJUnit4ClassRunner$1.evaluate(BlockJUnit4ClassRunner.java:100)
        at org.junit.runners.ParentRunner.runLeaf(ParentRunner.java:366)
        at org.junit.runners.BlockJUnit4ClassRunner.runChild(BlockJUnit4ClassRunner.java:103)
        at org.junit.runners.BlockJUnit4ClassRunner.runChild(BlockJUnit4ClassRunner.java:63)
        at org.junit.runners.ParentRunner$4.run(ParentRunner.java:331)
        at org.junit.runners.ParentRunner$1.schedule(ParentRunner.java:79)
        at org.junit.runners.ParentRunner.runChildren(ParentRunner.java:329)
        at org.junit.runners.ParentRunner.access$100(ParentRunner.java:66)
        at org.junit.runners.ParentRunner$2.evaluate(ParentRunner.java:293)
        at org.junit.runners.ParentRunner.run(ParentRunner.java:413)
        at org.junit.runners.Suite.runChild(Suite.java:128)
        at org.junit.runners.Suite.runChild(Suite.java:27)
        at org.junit.runners.ParentRunner$4.run(ParentRunner.java:331)
        at org.junit.runners.ParentRunner$1.schedule(ParentRunner.java:79)
        at org.junit.runners.ParentRunner.runChildren(ParentRunner.java:329)
        at org.junit.runners.ParentRunner.access$100(ParentRunner.java:66)
        at org.junit.runners.ParentRunner$2.evaluate(ParentRunner.java:293)
        at org.junit.runners.ParentRunner$3.evaluate(ParentRunner.java:306)
        at org.junit.runners.ParentRunner.run(ParentRunner.java:413)
        at org.junit.runner.JUnitCore.run(JUnitCore.java:137)
        at org.junit.runner.JUnitCore.run(JUnitCore.java:115)
        at org.junit.vintage.engine.execution.RunnerExecutor.execute(RunnerExecutor.java:42)
        at org.junit.vintage.engine.VintageTestEngine.executeAllChildren(VintageTestEngine.java:80)
        at org.junit.vintage.engine.VintageTestEngine.execute(VintageTestEngine.java:72)
        at org.junit.platform.launcher.core.EngineExecutionOrchestrator.execute(EngineExecutionOrchestrator.java:107)
        at org.junit.platform.launcher.core.EngineExecutionOrchestrator.execute(EngineExecutionOrchestrator.java:88)
        at org.junit.platform.launcher.core.EngineExecutionOrchestrator.lambda$execute$0(EngineExecutionOrchestrator.java:54)
        at org.junit.platform.launcher.core.EngineExecutionOrchestrator$$Lambda$155/817686795.accept(Unknown Source)
        at org.junit.platform.launcher.core.EngineExecutionOrchestrator.withInterceptedStreams(EngineExecutionOrchestrator.java:67)
        at org.junit.platform.launcher.core.EngineExecutionOrchestrator.execute(EngineExecutionOrchestrator.java:52)
        at org.junit.platform.launcher.core.DefaultLauncher.execute(DefaultLauncher.java:114)
        at org.junit.platform.launcher.core.DefaultLauncher.execute(DefaultLauncher.java:86)
        at org.junit.platform.launcher.core.DefaultLauncherSession$DelegatingLauncher.execute(DefaultLauncherSession.java:86)
        at org.junit.platform.launcher.core.SessionPerRequestLauncher.execute(SessionPerRequestLauncher.java:53)
        at org.apache.maven.surefire.junitplatform.JUnitPlatformProvider.execute(JUnitPlatformProvider.java:188)
        at org.apache.maven.surefire.junitplatform.JUnitPlatformProvider.invokeAllTests(JUnitPlatformProvider.java:154)
        at org.apache.maven.surefire.junitplatform.JUnitPlatformProvider.invoke(JUnitPlatformProvider.java:124)
        at org.apache.maven.surefire.booter.ForkedBooter.runSuitesInProcess(ForkedBooter.java:428)
        at org.apache.maven.surefire.booter.ForkedBooter.execute(ForkedBooter.java:162)
        at org.apache.maven.surefire.booter.ForkedBooter.run(ForkedBooter.java:562)
        at org.apache.maven.surefire.booter.ForkedBooter.main(ForkedBooter.java:548)
"Attach Listener" daemon prio=9 tid=15 runnable
java.lang.Thread.State: RUNNABLE
"Signal Dispatcher" daemon prio=9 tid=4 runnable
java.lang.Thread.State: RUNNABLE
"BlockDeletingService#0" daemon prio=5 tid=19 in Object.wait()
java.lang.Thread.State: WAITING (on object monitor)
        at sun.misc.Unsafe.park(Native Method)
        at java.util.concurrent.locks.LockSupport.park(LockSupport.java:175)
        at java.util.concurrent.locks.AbstractQueuedSynchronizer$ConditionObject.await(AbstractQueuedSynchronizer.java:2039)
        at java.util.concurrent.ScheduledThreadPoolExecutor$DelayedWorkQueue.take(ScheduledThreadPoolExecutor.java:1088)
        at java.util.concurrent.ScheduledThreadPoolExecutor$DelayedWorkQueue.take(ScheduledThreadPoolExecutor.java:809)
        at java.util.concurrent.ThreadPoolExecutor.getTask(ThreadPoolExecutor.java:1074)
        at java.util.concurrent.ThreadPoolExecutor.runWorker(ThreadPoolExecutor.java:1134)
        at java.util.concurrent.ThreadPoolExecutor$Worker.run(ThreadPoolExecutor.java:624)
        at java.lang.Thread.run(Thread.java:750)
"Reference Handler" daemon prio=10 tid=2 in Object.wait()
java.lang.Thread.State: WAITING (on object monitor)
        at java.lang.Object.wait(Native Method)
        at java.lang.Object.wait(Object.java:502)
        at java.lang.ref.Reference.tryHandlePending(Reference.java:191)
        at java.lang.ref.Reference$ReferenceHandler.run(Reference.java:153)
"BlockDeletingService#2" daemon prio=5 tid=21 in Object.wait()
java.lang.Thread.State: WAITING (on object monitor)
        at sun.misc.Unsafe.park(Native Method)
        at java.util.concurrent.locks.LockSupport.park(LockSupport.java:175)
        at java.util.concurrent.locks.AbstractQueuedSynchronizer$ConditionObject.await(AbstractQueuedSynchronizer.java:2039)
        at java.util.concurrent.ScheduledThreadPoolExecutor$DelayedWorkQueue.take(ScheduledThreadPoolExecutor.java:1088)
        at java.util.concurrent.ScheduledThreadPoolExecutor$DelayedWorkQueue.take(ScheduledThreadPoolExecutor.java:809)
        at java.util.concurrent.ThreadPoolExecutor.getTask(ThreadPoolExecutor.java:1074)
        at java.util.concurrent.ThreadPoolExecutor.runWorker(ThreadPoolExecutor.java:1134)
        at java.util.concurrent.ThreadPoolExecutor$Worker.run(ThreadPoolExecutor.java:624)
        at java.lang.Thread.run(Thread.java:750)
"BlockDeletingService#1" daemon prio=5 tid=20 timed_waiting
java.lang.Thread.State: TIMED_WAITING
        at sun.misc.Unsafe.park(Native Method)
        at java.util.concurrent.locks.LockSupport.parkNanos(LockSupport.java:215)
        at java.util.concurrent.locks.AbstractQueuedSynchronizer$ConditionObject.awaitNanos(AbstractQueuedSynchronizer.java:2078)
        at java.util.concurrent.ScheduledThreadPoolExecutor$DelayedWorkQueue.take(ScheduledThreadPoolExecutor.java:1093)
        at java.util.concurrent.ScheduledThreadPoolExecutor$DelayedWorkQueue.take(ScheduledThreadPoolExecutor.java:809)
        at java.util.concurrent.ThreadPoolExecutor.getTask(ThreadPoolExecutor.java:1074)
        at java.util.concurrent.ThreadPoolExecutor.runWorker(ThreadPoolExecutor.java:1134)
        at java.util.concurrent.ThreadPoolExecutor$Worker.run(ThreadPoolExecutor.java:624)
        at java.lang.Thread.run(Thread.java:750)
"process reaper" daemon prio=10 tid=12 timed_waiting
java.lang.Thread.State: TIMED_WAITING
        at sun.misc.Unsafe.park(Native Method)
        at java.util.concurrent.locks.LockSupport.parkNanos(LockSupport.java:215)
        at java.util.concurrent.SynchronousQueue$TransferStack.awaitFulfill(SynchronousQueue.java:460)
        at java.util.concurrent.SynchronousQueue$TransferStack.transfer(SynchronousQueue.java:362)
        at java.util.concurrent.SynchronousQueue.poll(SynchronousQueue.java:941)
        at java.util.concurrent.ThreadPoolExecutor.getTask(ThreadPoolExecutor.java:1073)
        at java.util.concurrent.ThreadPoolExecutor.runWorker(ThreadPoolExecutor.java:1134)
        at java.util.concurrent.ThreadPoolExecutor$Worker.run(ThreadPoolExecutor.java:624)
        at java.lang.Thread.run(Thread.java:750)
"BlockDeletingService#3" daemon prio=5 tid=22 in Object.wait()
java.lang.Thread.State: WAITING (on object monitor)
        at sun.misc.Unsafe.park(Native Method)
        at java.util.concurrent.locks.LockSupport.park(LockSupport.java:175)
        at java.util.concurrent.locks.AbstractQueuedSynchronizer$ConditionObject.await(AbstractQueuedSynchronizer.java:2039)
        at java.util.concurrent.ScheduledThreadPoolExecutor$DelayedWorkQueue.take(ScheduledThreadPoolExecutor.java:1088)
        at java.util.concurrent.ScheduledThreadPoolExecutor$DelayedWorkQueue.take(ScheduledThreadPoolExecutor.java:809)
        at java.util.concurrent.ThreadPoolExecutor.getTask(ThreadPoolExecutor.java:1074)
        at java.util.concurrent.ThreadPoolExecutor.runWorker(ThreadPoolExecutor.java:1134)
        at java.util.concurrent.ThreadPoolExecutor$Worker.run(ThreadPoolExecutor.java:624)
        at java.lang.Thread.run(Thread.java:750)
"Finalizer" daemon prio=8 tid=3 in Object.wait()
java.lang.Thread.State: WAITING (on object monitor)
        at java.lang.Object.wait(Native Method)
        at java.lang.ref.ReferenceQueue.remove(ReferenceQueue.java:144)
        at java.lang.ref.ReferenceQueue.remove(ReferenceQueue.java:165)
        at java.lang.ref.Finalizer$FinalizerThread.run(Finalizer.java:188)


	at org.apache.ozone.test.GenericTestUtils.waitFor(GenericTestUtils.java:231)
	at org.apache.hadoop.ozone.container.common.TestBlockDeletingService.testBlockDeletionTimeout(TestBlockDeletingService.java:681)
	at sun.reflect.NativeMethodAccessorImpl.invoke0(Native Method)
	at sun.reflect.NativeMethodAccessorImpl.invoke(NativeMethodAccessorImpl.java:62)
	at sun.reflect.DelegatingMethodAccessorImpl.invoke(DelegatingMethodAccessorImpl.java:43)
	at java.lang.reflect.Method.invoke(Method.java:498)
	at org.junit.runners.model.FrameworkMethod$1.runReflectiveCall(FrameworkMethod.java:59)
	at org.junit.internal.runners.model.ReflectiveCallable.run(ReflectiveCallable.java:12)
	at org.junit.runners.model.FrameworkMethod.invokeExplosively(FrameworkMethod.java:56)
	at org.junit.internal.runners.statements.InvokeMethod.evaluate(InvokeMethod.java:17)
	at org.junit.internal.runners.statements.RunBefores.evaluate(RunBefores.java:26)
	at org.junit.internal.runners.statements.RunAfters.evaluate(RunAfters.java:27)
	at org.junit.runners.ParentRunner$3.evaluate(ParentRunner.java:306)
	at org.junit.runners.BlockJUnit4ClassRunner$1.evaluate(BlockJUnit4ClassRunner.java:100)
	at org.junit.runners.ParentRunner.runLeaf(ParentRunner.java:366)
	at org.junit.runners.BlockJUnit4ClassRunner.runChild(BlockJUnit4ClassRunner.java:103)
	at org.junit.runners.BlockJUnit4ClassRunner.runChild(BlockJUnit4ClassRunner.java:63)
	at org.junit.runners.ParentRunner$4.run(ParentRunner.java:331)
	at org.junit.runners.ParentRunner$1.schedule(ParentRunner.java:79)
	at org.junit.runners.ParentRunner.runChildren(ParentRunner.java:329)
	at org.junit.runners.ParentRunner.access$100(ParentRunner.java:66)
	at org.junit.runners.ParentRunner$2.evaluate(ParentRunner.java:293)
	at org.junit.runners.ParentRunner.run(ParentRunner.java:413)
	at org.junit.runners.Suite.runChild(Suite.java:128)
	at org.junit.runners.Suite.runChild(Suite.java:27)
	at org.junit.runners.ParentRunner$4.run(ParentRunner.java:331)
	at org.junit.runners.ParentRunner$1.schedule(ParentRunner.java:79)
	at org.junit.runners.ParentRunner.runChildren(ParentRunner.java:329)
	at org.junit.runners.ParentRunner.access$100(ParentRunner.java:66)
	at org.junit.runners.ParentRunner$2.evaluate(ParentRunner.java:293)
	at org.junit.runners.ParentRunner$3.evaluate(ParentRunner.java:306)
	at org.junit.runners.ParentRunner.run(ParentRunner.java:413)
	at org.junit.runner.JUnitCore.run(JUnitCore.java:137)
	at org.junit.runner.JUnitCore.run(JUnitCore.java:115)
	at org.junit.vintage.engine.execution.RunnerExecutor.execute(RunnerExecutor.java:42)
	at org.junit.vintage.engine.VintageTestEngine.executeAllChildren(VintageTestEngine.java:80)
	at org.junit.vintage.engine.VintageTestEngine.execute(VintageTestEngine.java:72)
	at org.junit.platform.launcher.core.EngineExecutionOrchestrator.execute(EngineExecutionOrchestrator.java:107)
	at org.junit.platform.launcher.core.EngineExecutionOrchestrator.execute(EngineExecutionOrchestrator.java:88)
	at org.junit.platform.launcher.core.EngineExecutionOrchestrator.lambda$execute$0(EngineExecutionOrchestrator.java:54)
	at org.junit.platform.launcher.core.EngineExecutionOrchestrator.withInterceptedStreams(EngineExecutionOrchestrator.java:67)
	at org.junit.platform.launcher.core.EngineExecutionOrchestrator.execute(EngineExecutionOrchestrator.java:52)
	at org.junit.platform.launcher.core.DefaultLauncher.execute(DefaultLauncher.java:114)
	at org.junit.platform.launcher.core.DefaultLauncher.execute(DefaultLauncher.java:86)
	at org.junit.platform.launcher.core.DefaultLauncherSession$DelegatingLauncher.execute(DefaultLauncherSession.java:86)
	at org.junit.platform.launcher.core.SessionPerRequestLauncher.execute(SessionPerRequestLauncher.java:53)
	at org.apache.maven.surefire.junitplatform.JUnitPlatformProvider.execute(JUnitPlatformProvider.java:188)
	at org.apache.maven.surefire.junitplatform.JUnitPlatformProvider.invokeAllTests(JUnitPlatformProvider.java:154)
	at org.apache.maven.surefire.junitplatform.JUnitPlatformProvider.invoke(JUnitPlatformProvider.java:124)
	at org.apache.maven.surefire.booter.ForkedBooter.runSuitesInProcess(ForkedBooter.java:428)
	at org.apache.maven.surefire.booter.ForkedBooter.execute(ForkedBooter.java:162)
	at org.apache.maven.surefire.booter.ForkedBooter.run(ForkedBooter.java:562)
	at org.apache.maven.surefire.booter.ForkedBooter.main(ForkedBooter.java:548)
]]></error>
    <system-out><![CDATA[2022-12-09 20:12:57,335 [main] INFO  volume.HddsVolume (HddsVolume.java:<init>(117)) - Creating HddsVolume: /home/runner/work/ozone/ozone/hadoop-hdds/container-service/target/test-dir/TestBlockDeletingService/hdds of storage type : DISK capacity : 9223372036854775807
2022-12-09 20:12:57,336 [main] INFO  volume.MutableVolumeSet (MutableVolumeSet.java:initializeVolumeSet(174)) - Added Volume : /home/runner/work/ozone/ozone/hadoop-hdds/container-service/target/test-dir/TestBlockDeletingService/hdds to VolumeSet
2022-12-09 20:12:57,558 [BlockDeletingService#0] INFO  impl.FilePerChunkStrategy (FilePerChunkStrategy.java:deleteChunk(322)) - Deleted chunk file /home/runner/work/ozone/ozone/hadoop-hdds/container-service/target/test-dir/TestBlockDeletingService/hdds/3033e235-c654-4586-bebc-57f2be5c142f/current/containerDir129/1670616777484/chunks/1670616777531_chunk_0_block_0 (size 100) for chunk ChunkInfo{chunkName='1670616777531_chunk_0_block_0, offset=0, len=100}
2022-12-09 20:12:57,559 [BlockDeletingService#0] INFO  impl.FilePerChunkStrategy (FilePerChunkStrategy.java:deleteChunk(322)) - Deleted chunk file /home/runner/work/ozone/ozone/hadoop-hdds/container-service/target/test-dir/TestBlockDeletingService/hdds/3033e235-c654-4586-bebc-57f2be5c142f/current/containerDir129/1670616777484/chunks/1670616777536_chunk_0_block_1 (size 100) for chunk ChunkInfo{chunkName='1670616777536_chunk_0_block_1, offset=0, len=100}
2022-12-09 20:12:57,559 [BlockDeletingService#0] INFO  impl.FilePerChunkStrategy (FilePerChunkStrategy.java:deleteChunk(322)) - Deleted chunk file /home/runner/work/ozone/ozone/hadoop-hdds/container-service/target/test-dir/TestBlockDeletingService/hdds/3033e235-c654-4586-bebc-57f2be5c142f/current/containerDir129/1670616777484/chunks/1670616777540_chunk_0_block_2 (size 100) for chunk ChunkInfo{chunkName='1670616777540_chunk_0_block_2, offset=0, len=100}
2022-12-09 20:12:57,560 [BlockDeletingService#0] WARN  utils.BackgroundService (BackgroundService.java:lambda$run$0(130)) - BlockDeletingService Background task execution took 3830645ns > 1ns(timeout)
]]></system-out>
  </testcase>
  <testcase name="testBlockDeletionTimeout" classname="TestBlockDeletingService" time="0.352">
    <system-out><![CDATA[2022-12-09 20:13:01,208 [main] INFO  volume.HddsVolume (HddsVolume.java:<init>(117)) - Creating HddsVolume: /home/runner/work/ozone/ozone/hadoop-hdds/container-service/target/test-dir/TestBlockDeletingService/hdds of storage type : DISK capacity : 9223372036854775807
2022-12-09 20:13:01,210 [main] INFO  volume.MutableVolumeSet (MutableVolumeSet.java:initializeVolumeSet(174)) - Added Volume : /home/runner/work/ozone/ozone/hadoop-hdds/container-service/target/test-dir/TestBlockDeletingService/hdds to VolumeSet
2022-12-09 20:13:01,338 [BlockDeletingService#0] INFO  impl.FilePerChunkStrategy (FilePerChunkStrategy.java:deleteChunk(322)) - Deleted chunk file /home/runner/work/ozone/ozone/hadoop-hdds/container-service/target/test-dir/TestBlockDeletingService/hdds/98d77f7e-d761-48c9-96ea-6f28c289fcff/current/containerDir136/1670616781266/chunks/1670616781315_chunk_0_block_0 (size 100) for chunk ChunkInfo{chunkName='1670616781315_chunk_0_block_0, offset=0, len=100}
2022-12-09 20:13:01,338 [BlockDeletingService#0] INFO  impl.FilePerChunkStrategy (FilePerChunkStrategy.java:deleteChunk(322)) - Deleted chunk file /home/runner/work/ozone/ozone/hadoop-hdds/container-service/target/test-dir/TestBlockDeletingService/hdds/98d77f7e-d761-48c9-96ea-6f28c289fcff/current/containerDir136/1670616781266/chunks/1670616781319_chunk_0_block_1 (size 100) for chunk ChunkInfo{chunkName='1670616781319_chunk_0_block_1, offset=0, len=100}
2022-12-09 20:13:01,338 [BlockDeletingService#0] INFO  impl.FilePerChunkStrategy (FilePerChunkStrategy.java:deleteChunk(322)) - Deleted chunk file /home/runner/work/ozone/ozone/hadoop-hdds/container-service/target/test-dir/TestBlockDeletingService/hdds/98d77f7e-d761-48c9-96ea-6f28c289fcff/current/containerDir136/1670616781266/chunks/1670616781325_chunk_0_block_2 (size 100) for chunk ChunkInfo{chunkName='1670616781325_chunk_0_block_2, offset=0, len=100}
2022-12-09 20:13:01,339 [BlockDeletingService#0] WARN  utils.BackgroundService (BackgroundService.java:lambda$run$0(130)) - BlockDeletingService Background task execution took 7869492ns > 1ns(timeout)
2022-12-09 20:13:01,430 [main] INFO  utils.BackgroundService (BackgroundService.java:shutdown(141)) - Shutting down service BlockDeletingService
2022-12-09 20:13:01,535 [main] INFO  utils.BackgroundService (BackgroundService.java:shutdown(141)) - Shutting down service BlockDeletingService
]]></system-out>
  </testcase>
  <testcase name="testBlockDeletionTimeout" classname="TestBlockDeletingService" time="0.333">
    <system-out><![CDATA[2022-12-09 20:13:04,178 [main] INFO  volume.HddsVolume (HddsVolume.java:<init>(117)) - Creating HddsVolume: /home/runner/work/ozone/ozone/hadoop-hdds/container-service/target/test-dir/TestBlockDeletingService/hdds of storage type : DISK capacity : 9223372036854775807
2022-12-09 20:13:04,180 [main] INFO  volume.MutableVolumeSet (MutableVolumeSet.java:initializeVolumeSet(174)) - Added Volume : /home/runner/work/ozone/ozone/hadoop-hdds/container-service/target/test-dir/TestBlockDeletingService/hdds to VolumeSet
2022-12-09 20:13:04,241 [main] INFO  utils.DatanodeStoreCache (DatanodeStoreCache.java:addDB(58)) - Added db /home/runner/work/ozone/ozone/hadoop-hdds/container-service/target/test-dir/TestBlockDeletingService/hdds/50c57488-2aa5-44bb-bf35-b8c6041d5f88/DS-fd0c4bcb-66d9-4bd7-a43b-217027fb1298/container.db to cache
2022-12-09 20:13:04,242 [main] INFO  volume.HddsVolume (HddsVolume.java:createDbStore(307)) - SchemaV3 db is created and loaded at /home/runner/work/ozone/ozone/hadoop-hdds/container-service/target/test-dir/TestBlockDeletingService/hdds/50c57488-2aa5-44bb-bf35-b8c6041d5f88/DS-fd0c4bcb-66d9-4bd7-a43b-217027fb1298/container.db for volume DS-fd0c4bcb-66d9-4bd7-a43b-217027fb1298
2022-12-09 20:13:04,322 [BlockDeletingService#1] INFO  impl.FilePerChunkStrategy (FilePerChunkStrategy.java:deleteChunk(322)) - Deleted chunk file /home/runner/work/ozone/ozone/hadoop-hdds/container-service/target/test-dir/TestBlockDeletingService/hdds/50c57488-2aa5-44bb-bf35-b8c6041d5f88/current/containerDir142/1670616784296/chunks/1670616784302_chunk_0_block_0 (size 100) for chunk ChunkInfo{chunkName='1670616784302_chunk_0_block_0, offset=0, len=100}
2022-12-09 20:13:04,323 [BlockDeletingService#1] INFO  impl.FilePerChunkStrategy (FilePerChunkStrategy.java:deleteChunk(322)) - Deleted chunk file /home/runner/work/ozone/ozone/hadoop-hdds/container-service/target/test-dir/TestBlockDeletingService/hdds/50c57488-2aa5-44bb-bf35-b8c6041d5f88/current/containerDir142/1670616784296/chunks/1670616784306_chunk_0_block_1 (size 100) for chunk ChunkInfo{chunkName='1670616784306_chunk_0_block_1, offset=0, len=100}
2022-12-09 20:13:04,323 [BlockDeletingService#1] INFO  impl.FilePerChunkStrategy (FilePerChunkStrategy.java:deleteChunk(322)) - Deleted chunk file /home/runner/work/ozone/ozone/hadoop-hdds/container-service/target/test-dir/TestBlockDeletingService/hdds/50c57488-2aa5-44bb-bf35-b8c6041d5f88/current/containerDir142/1670616784296/chunks/1670616784310_chunk_0_block_2 (size 100) for chunk ChunkInfo{chunkName='1670616784310_chunk_0_block_2, offset=0, len=100}
2022-12-09 20:13:04,323 [BlockDeletingService#1] WARN  utils.BackgroundService (BackgroundService.java:lambda$run$0(130)) - BlockDeletingService Background task execution took 4475653ns > 1ns(timeout)
2022-12-09 20:13:04,417 [main] INFO  utils.BackgroundService (BackgroundService.java:shutdown(141)) - Shutting down service BlockDeletingService
2022-12-09 20:13:04,476 [Finalizer] WARN  managed.ManagedRocksObjectUtils (ManagedRocksObjectUtils.java:assertClosed(54)) - RocksIterator is not closed properly
2022-12-09 20:13:04,476 [Finalizer] WARN  managed.ManagedRocksObjectUtils (ManagedRocksObjectUtils.java:assertClosed(54)) - RocksIterator is not closed properly
2022-12-09 20:13:04,483 [Finalizer] WARN  managed.ManagedRocksObjectUtils (ManagedRocksObjectUtils.java:assertClosed(54)) - RocksIterator is not closed properly
2022-12-09 20:13:04,484 [Finalizer] WARN  managed.ManagedRocksObjectUtils (ManagedRocksObjectUtils.java:assertClosed(54)) - RocksIterator is not closed properly
2022-12-09 20:13:04,484 [Finalizer] WARN  managed.ManagedRocksObjectUtils (ManagedRocksObjectUtils.java:assertClosed(54)) - RocksIterator is not closed properly
2022-12-09 20:13:04,484 [Finalizer] WARN  managed.ManagedRocksObjectUtils (ManagedRocksObjectUtils.java:assertClosed(54)) - RocksIterator is not closed properly
2022-12-09 20:13:04,484 [Finalizer] WARN  managed.ManagedRocksObjectUtils (ManagedRocksObjectUtils.java:assertClosed(54)) - RocksIterator is not closed properly
2022-12-09 20:13:04,484 [Finalizer] WARN  managed.ManagedRocksObjectUtils (ManagedRocksObjectUtils.java:assertClosed(54)) - RocksIterator is not closed properly
2022-12-09 20:13:04,484 [Finalizer] WARN  managed.ManagedRocksObjectUtils (ManagedRocksObjectUtils.java:assertClosed(54)) - RocksIterator is not closed properly
2022-12-09 20:13:04,484 [Finalizer] WARN  managed.ManagedRocksObjectUtils (ManagedRocksObjectUtils.java:assertClosed(54)) - RocksIterator is not closed properly
2022-12-09 20:13:04,492 [main] INFO  utils.BackgroundService (BackgroundService.java:shutdown(141)) - Shutting down service BlockDeletingService
]]></system-out>
  </testcase>
  <testcase name="testBlockDeletionTimeout" classname="TestBlockDeletingService" time="0.321">
    <system-out><![CDATA[2022-12-09 20:13:06,172 [main] INFO  volume.HddsVolume (HddsVolume.java:<init>(117)) - Creating HddsVolume: /home/runner/work/ozone/ozone/hadoop-hdds/container-service/target/test-dir/TestBlockDeletingService/hdds of storage type : DISK capacity : 9223372036854775807
2022-12-09 20:13:06,175 [main] INFO  volume.MutableVolumeSet (MutableVolumeSet.java:initializeVolumeSet(174)) - Added Volume : /home/runner/work/ozone/ozone/hadoop-hdds/container-service/target/test-dir/TestBlockDeletingService/hdds to VolumeSet
2022-12-09 20:13:06,281 [BlockDeletingService#1] INFO  impl.FilePerBlockStrategy (FilePerBlockStrategy.java:deleteChunk(232)) - Deleted block file: /home/runner/work/ozone/ozone/hadoop-hdds/container-service/target/test-dir/TestBlockDeletingService/hdds/64c6b132-e446-438c-a870-29b4231eca65/current/containerDir146/1670616786232/chunks/1670616786266.block
2022-12-09 20:13:06,282 [BlockDeletingService#1] INFO  impl.FilePerBlockStrategy (FilePerBlockStrategy.java:deleteChunk(232)) - Deleted block file: /home/runner/work/ozone/ozone/hadoop-hdds/container-service/target/test-dir/TestBlockDeletingService/hdds/64c6b132-e446-438c-a870-29b4231eca65/current/containerDir146/1670616786232/chunks/1670616786270.block
2022-12-09 20:13:06,282 [BlockDeletingService#1] INFO  impl.FilePerBlockStrategy (FilePerBlockStrategy.java:deleteChunk(232)) - Deleted block file: /home/runner/work/ozone/ozone/hadoop-hdds/container-service/target/test-dir/TestBlockDeletingService/hdds/64c6b132-e446-438c-a870-29b4231eca65/current/containerDir146/1670616786232/chunks/1670616786273.block
2022-12-09 20:13:06,282 [BlockDeletingService#1] WARN  utils.BackgroundService (BackgroundService.java:lambda$run$0(130)) - BlockDeletingService Background task execution took 4308551ns > 1ns(timeout)
2022-12-09 20:13:06,376 [main] INFO  utils.BackgroundService (BackgroundService.java:shutdown(141)) - Shutting down service BlockDeletingService
2022-12-09 20:13:06,472 [main] INFO  utils.BackgroundService (BackgroundService.java:shutdown(141)) - Shutting down service BlockDeletingService
]]></system-out>
  </testcase>
  <testcase name="testBlockDeletionTimeout" classname="TestBlockDeletingService" time="0.323">
    <system-out><![CDATA[2022-12-09 20:13:09,098 [main] INFO  volume.HddsVolume (HddsVolume.java:<init>(117)) - Creating HddsVolume: /home/runner/work/ozone/ozone/hadoop-hdds/container-service/target/test-dir/TestBlockDeletingService/hdds of storage type : DISK capacity : 9223372036854775807
2022-12-09 20:13:09,100 [main] INFO  volume.MutableVolumeSet (MutableVolumeSet.java:initializeVolumeSet(174)) - Added Volume : /home/runner/work/ozone/ozone/hadoop-hdds/container-service/target/test-dir/TestBlockDeletingService/hdds to VolumeSet
2022-12-09 20:13:09,209 [BlockDeletingService#1] INFO  impl.FilePerBlockStrategy (FilePerBlockStrategy.java:deleteChunk(232)) - Deleted block file: /home/runner/work/ozone/ozone/hadoop-hdds/container-service/target/test-dir/TestBlockDeletingService/hdds/52aeeb1f-ee93-45e9-883a-51cbbfbb1430/current/containerDir152/1670616789156/chunks/1670616789193.block
2022-12-09 20:13:09,209 [BlockDeletingService#1] INFO  impl.FilePerBlockStrategy (FilePerBlockStrategy.java:deleteChunk(232)) - Deleted block file: /home/runner/work/ozone/ozone/hadoop-hdds/container-service/target/test-dir/TestBlockDeletingService/hdds/52aeeb1f-ee93-45e9-883a-51cbbfbb1430/current/containerDir152/1670616789156/chunks/1670616789198.block
2022-12-09 20:13:09,209 [BlockDeletingService#1] INFO  impl.FilePerBlockStrategy (FilePerBlockStrategy.java:deleteChunk(232)) - Deleted block file: /home/runner/work/ozone/ozone/hadoop-hdds/container-service/target/test-dir/TestBlockDeletingService/hdds/52aeeb1f-ee93-45e9-883a-51cbbfbb1430/current/containerDir152/1670616789156/chunks/1670616789201.block
2022-12-09 20:13:09,210 [BlockDeletingService#1] WARN  utils.BackgroundService (BackgroundService.java:lambda$run$0(130)) - BlockDeletingService Background task execution took 3235938ns > 1ns(timeout)
2022-12-09 20:13:09,305 [main] INFO  utils.BackgroundService (BackgroundService.java:shutdown(141)) - Shutting down service BlockDeletingService
2022-12-09 20:13:09,399 [main] INFO  utils.BackgroundService (BackgroundService.java:shutdown(141)) - Shutting down service BlockDeletingService
]]></system-out>
  </testcase>
  <testcase name="testBlockDeletionTimeout" classname="TestBlockDeletingService" time="0.298">
    <system-out><![CDATA[2022-12-09 20:13:11,963 [main] INFO  volume.HddsVolume (HddsVolume.java:<init>(117)) - Creating HddsVolume: /home/runner/work/ozone/ozone/hadoop-hdds/container-service/target/test-dir/TestBlockDeletingService/hdds of storage type : DISK capacity : 9223372036854775807
2022-12-09 20:13:11,964 [main] INFO  volume.MutableVolumeSet (MutableVolumeSet.java:initializeVolumeSet(174)) - Added Volume : /home/runner/work/ozone/ozone/hadoop-hdds/container-service/target/test-dir/TestBlockDeletingService/hdds to VolumeSet
2022-12-09 20:13:12,017 [main] INFO  utils.DatanodeStoreCache (DatanodeStoreCache.java:addDB(58)) - Added db /home/runner/work/ozone/ozone/hadoop-hdds/container-service/target/test-dir/TestBlockDeletingService/hdds/ed1d86ca-6535-41e3-ae76-edfb4ff10cc1/DS-be4df8fc-e1e4-46a6-8eb9-46cee0c19fac/container.db to cache
2022-12-09 20:13:12,017 [main] INFO  volume.HddsVolume (HddsVolume.java:createDbStore(307)) - SchemaV3 db is created and loaded at /home/runner/work/ozone/ozone/hadoop-hdds/container-service/target/test-dir/TestBlockDeletingService/hdds/ed1d86ca-6535-41e3-ae76-edfb4ff10cc1/DS-be4df8fc-e1e4-46a6-8eb9-46cee0c19fac/container.db for volume DS-be4df8fc-e1e4-46a6-8eb9-46cee0c19fac
2022-12-09 20:13:12,086 [BlockDeletingService#1] INFO  impl.FilePerBlockStrategy (FilePerBlockStrategy.java:deleteChunk(232)) - Deleted block file: /home/runner/work/ozone/ozone/hadoop-hdds/container-service/target/test-dir/TestBlockDeletingService/hdds/ed1d86ca-6535-41e3-ae76-edfb4ff10cc1/current/containerDir158/1670616792067/chunks/1670616792073.block
2022-12-09 20:13:12,087 [BlockDeletingService#1] INFO  impl.FilePerBlockStrategy (FilePerBlockStrategy.java:deleteChunk(232)) - Deleted block file: /home/runner/work/ozone/ozone/hadoop-hdds/container-service/target/test-dir/TestBlockDeletingService/hdds/ed1d86ca-6535-41e3-ae76-edfb4ff10cc1/current/containerDir158/1670616792067/chunks/1670616792077.block
2022-12-09 20:13:12,087 [BlockDeletingService#1] INFO  impl.FilePerBlockStrategy (FilePerBlockStrategy.java:deleteChunk(232)) - Deleted block file: /home/runner/work/ozone/ozone/hadoop-hdds/container-service/target/test-dir/TestBlockDeletingService/hdds/ed1d86ca-6535-41e3-ae76-edfb4ff10cc1/current/containerDir158/1670616792067/chunks/1670616792080.block
2022-12-09 20:13:12,087 [BlockDeletingService#1] WARN  utils.BackgroundService (BackgroundService.java:lambda$run$0(130)) - BlockDeletingService Background task execution took 1875622ns > 1ns(timeout)
2022-12-09 20:13:12,183 [main] INFO  utils.BackgroundService (BackgroundService.java:shutdown(141)) - Shutting down service BlockDeletingService
2022-12-09 20:13:12,246 [main] INFO  utils.BackgroundService (BackgroundService.java:shutdown(141)) - Shutting down service BlockDeletingService
]]></system-out>
  </testcase>
  <testcase name="testBlockDeletion" classname="TestBlockDeletingService" time="0.387">
    <system-out><![CDATA[2022-12-09 20:12:58,626 [main] INFO  volume.HddsVolume (HddsVolume.java:<init>(117)) - Creating HddsVolume: /home/runner/work/ozone/ozone/hadoop-hdds/container-service/target/test-dir/TestBlockDeletingService/hdds of storage type : DISK capacity : 9223372036854775807
2022-12-09 20:12:58,633 [main] INFO  volume.MutableVolumeSet (MutableVolumeSet.java:initializeVolumeSet(174)) - Added Volume : /home/runner/work/ozone/ozone/hadoop-hdds/container-service/target/test-dir/TestBlockDeletingService/hdds to VolumeSet
2022-12-09 20:12:58,780 [BlockDeletingService#0] INFO  impl.FilePerChunkStrategy (FilePerChunkStrategy.java:deleteChunk(322)) - Deleted chunk file /home/runner/work/ozone/ozone/hadoop-hdds/container-service/target/test-dir/TestBlockDeletingService/hdds/01cdb778-e3e4-4181-baab-043d3149197f/current/containerDir131/1670616778695/chunks/1670616778740_chunk_0_block_0 (size 100) for chunk ChunkInfo{chunkName='1670616778740_chunk_0_block_0, offset=0, len=100}
2022-12-09 20:12:58,780 [BlockDeletingService#0] INFO  impl.FilePerChunkStrategy (FilePerChunkStrategy.java:deleteChunk(322)) - Deleted chunk file /home/runner/work/ozone/ozone/hadoop-hdds/container-service/target/test-dir/TestBlockDeletingService/hdds/01cdb778-e3e4-4181-baab-043d3149197f/current/containerDir131/1670616778695/chunks/1670616778744_chunk_0_block_1 (size 100) for chunk ChunkInfo{chunkName='1670616778744_chunk_0_block_1, offset=0, len=100}
2022-12-09 20:12:58,781 [BlockDeletingService#0] WARN  utils.BackgroundService (BackgroundService.java:lambda$run$0(130)) - BlockDeletingService Background task execution took 3293439ns > 0ns(timeout)
2022-12-09 20:12:58,885 [BlockDeletingService#0] INFO  impl.FilePerChunkStrategy (FilePerChunkStrategy.java:deleteChunk(322)) - Deleted chunk file /home/runner/work/ozone/ozone/hadoop-hdds/container-service/target/test-dir/TestBlockDeletingService/hdds/01cdb778-e3e4-4181-baab-043d3149197f/current/containerDir131/1670616778695/chunks/1670616778747_chunk_0_block_2 (size 100) for chunk ChunkInfo{chunkName='1670616778747_chunk_0_block_2, offset=0, len=100}
2022-12-09 20:12:58,886 [BlockDeletingService#0] WARN  utils.BackgroundService (BackgroundService.java:lambda$run$0(130)) - BlockDeletingService Background task execution took 4173349ns > 0ns(timeout)
2022-12-09 20:12:58,975 [main] INFO  utils.BackgroundService (BackgroundService.java:shutdown(141)) - Shutting down service BlockDeletingService
]]></system-out>
  </testcase>
  <testcase name="testBlockDeletion" classname="TestBlockDeletingService" time="0.428">
    <system-out><![CDATA[2022-12-09 20:13:01,561 [main] INFO  volume.HddsVolume (HddsVolume.java:<init>(117)) - Creating HddsVolume: /home/runner/work/ozone/ozone/hadoop-hdds/container-service/target/test-dir/TestBlockDeletingService/hdds of storage type : DISK capacity : 9223372036854775807
2022-12-09 20:13:01,563 [main] INFO  volume.MutableVolumeSet (MutableVolumeSet.java:initializeVolumeSet(174)) - Added Volume : /home/runner/work/ozone/ozone/hadoop-hdds/container-service/target/test-dir/TestBlockDeletingService/hdds to VolumeSet
2022-12-09 20:13:01,774 [BlockDeletingService#0] INFO  impl.FilePerChunkStrategy (FilePerChunkStrategy.java:deleteChunk(322)) - Deleted chunk file /home/runner/work/ozone/ozone/hadoop-hdds/container-service/target/test-dir/TestBlockDeletingService/hdds/06ede02d-2be5-4048-831c-e2cf67a6640a/current/containerDir137/1670616781619/chunks/1670616781660_chunk_0_block_0 (size 100) for chunk ChunkInfo{chunkName='1670616781660_chunk_0_block_0, offset=0, len=100}
2022-12-09 20:13:01,775 [BlockDeletingService#0] INFO  impl.FilePerChunkStrategy (FilePerChunkStrategy.java:deleteChunk(322)) - Deleted chunk file /home/runner/work/ozone/ozone/hadoop-hdds/container-service/target/test-dir/TestBlockDeletingService/hdds/06ede02d-2be5-4048-831c-e2cf67a6640a/current/containerDir137/1670616781619/chunks/1670616781663_chunk_0_block_1 (size 100) for chunk ChunkInfo{chunkName='1670616781663_chunk_0_block_1, offset=0, len=100}
2022-12-09 20:13:01,775 [BlockDeletingService#0] WARN  utils.BackgroundService (BackgroundService.java:lambda$run$0(130)) - BlockDeletingService Background task execution took 2024024ns > 0ns(timeout)
2022-12-09 20:13:01,875 [BlockDeletingService#1] INFO  impl.FilePerChunkStrategy (FilePerChunkStrategy.java:deleteChunk(322)) - Deleted chunk file /home/runner/work/ozone/ozone/hadoop-hdds/container-service/target/test-dir/TestBlockDeletingService/hdds/06ede02d-2be5-4048-831c-e2cf67a6640a/current/containerDir137/1670616781619/chunks/1670616781667_chunk_0_block_2 (size 100) for chunk ChunkInfo{chunkName='1670616781667_chunk_0_block_2, offset=0, len=100}
2022-12-09 20:13:01,875 [BlockDeletingService#1] WARN  utils.BackgroundService (BackgroundService.java:lambda$run$0(130)) - BlockDeletingService Background task execution took 2858333ns > 0ns(timeout)
2022-12-09 20:13:01,972 [main] INFO  utils.BackgroundService (BackgroundService.java:shutdown(141)) - Shutting down service BlockDeletingService
]]></system-out>
  </testcase>
  <testcase name="testBlockDeletion" classname="TestBlockDeletingService" time="0.424">
    <system-out><![CDATA[2022-12-09 20:13:04,510 [main] INFO  volume.HddsVolume (HddsVolume.java:<init>(117)) - Creating HddsVolume: /home/runner/work/ozone/ozone/hadoop-hdds/container-service/target/test-dir/TestBlockDeletingService/hdds of storage type : DISK capacity : 9223372036854775807
2022-12-09 20:13:04,512 [main] INFO  volume.MutableVolumeSet (MutableVolumeSet.java:initializeVolumeSet(174)) - Added Volume : /home/runner/work/ozone/ozone/hadoop-hdds/container-service/target/test-dir/TestBlockDeletingService/hdds to VolumeSet
2022-12-09 20:13:04,551 [main] INFO  utils.DatanodeStoreCache (DatanodeStoreCache.java:addDB(58)) - Added db /home/runner/work/ozone/ozone/hadoop-hdds/container-service/target/test-dir/TestBlockDeletingService/hdds/6004a044-f137-4bef-8e54-7ba640a76536/DS-b38030f7-2336-414d-8c33-1aeb9576716e/container.db to cache
2022-12-09 20:13:04,551 [main] INFO  volume.HddsVolume (HddsVolume.java:createDbStore(307)) - SchemaV3 db is created and loaded at /home/runner/work/ozone/ozone/hadoop-hdds/container-service/target/test-dir/TestBlockDeletingService/hdds/6004a044-f137-4bef-8e54-7ba640a76536/DS-b38030f7-2336-414d-8c33-1aeb9576716e/container.db for volume DS-b38030f7-2336-414d-8c33-1aeb9576716e
2022-12-09 20:13:04,719 [BlockDeletingService#0] INFO  impl.FilePerChunkStrategy (FilePerChunkStrategy.java:deleteChunk(322)) - Deleted chunk file /home/runner/work/ozone/ozone/hadoop-hdds/container-service/target/test-dir/TestBlockDeletingService/hdds/6004a044-f137-4bef-8e54-7ba640a76536/current/containerDir143/1670616784600/chunks/1670616784605_chunk_0_block_0 (size 100) for chunk ChunkInfo{chunkName='1670616784605_chunk_0_block_0, offset=0, len=100}
2022-12-09 20:13:04,720 [BlockDeletingService#0] INFO  impl.FilePerChunkStrategy (FilePerChunkStrategy.java:deleteChunk(322)) - Deleted chunk file /home/runner/work/ozone/ozone/hadoop-hdds/container-service/target/test-dir/TestBlockDeletingService/hdds/6004a044-f137-4bef-8e54-7ba640a76536/current/containerDir143/1670616784600/chunks/1670616784609_chunk_0_block_1 (size 100) for chunk ChunkInfo{chunkName='1670616784609_chunk_0_block_1, offset=0, len=100}
2022-12-09 20:13:04,720 [BlockDeletingService#0] WARN  utils.BackgroundService (BackgroundService.java:lambda$run$0(130)) - BlockDeletingService Background task execution took 1571418ns > 0ns(timeout)
2022-12-09 20:13:04,819 [BlockDeletingService#0] INFO  impl.FilePerChunkStrategy (FilePerChunkStrategy.java:deleteChunk(322)) - Deleted chunk file /home/runner/work/ozone/ozone/hadoop-hdds/container-service/target/test-dir/TestBlockDeletingService/hdds/6004a044-f137-4bef-8e54-7ba640a76536/current/containerDir143/1670616784600/chunks/1670616784613_chunk_0_block_2 (size 100) for chunk ChunkInfo{chunkName='1670616784613_chunk_0_block_2, offset=0, len=100}
2022-12-09 20:13:04,820 [BlockDeletingService#0] WARN  utils.BackgroundService (BackgroundService.java:lambda$run$0(130)) - BlockDeletingService Background task execution took 1635419ns > 0ns(timeout)
2022-12-09 20:13:04,918 [main] INFO  utils.BackgroundService (BackgroundService.java:shutdown(141)) - Shutting down service BlockDeletingService
]]></system-out>
  </testcase>
  <testcase name="testBlockDeletion" classname="TestBlockDeletingService" time="0.421">
    <system-out><![CDATA[2022-12-09 20:13:06,492 [main] INFO  volume.HddsVolume (HddsVolume.java:<init>(117)) - Creating HddsVolume: /home/runner/work/ozone/ozone/hadoop-hdds/container-service/target/test-dir/TestBlockDeletingService/hdds of storage type : DISK capacity : 9223372036854775807
2022-12-09 20:13:06,494 [main] INFO  volume.MutableVolumeSet (MutableVolumeSet.java:initializeVolumeSet(174)) - Added Volume : /home/runner/work/ozone/ozone/hadoop-hdds/container-service/target/test-dir/TestBlockDeletingService/hdds to VolumeSet
2022-12-09 20:13:06,699 [BlockDeletingService#0] INFO  impl.FilePerBlockStrategy (FilePerBlockStrategy.java:deleteChunk(232)) - Deleted block file: /home/runner/work/ozone/ozone/hadoop-hdds/container-service/target/test-dir/TestBlockDeletingService/hdds/1df6e913-eef4-4f4a-b1ba-f9457a839e17/current/containerDir147/1670616786549/chunks/1670616786585.block
2022-12-09 20:13:06,699 [BlockDeletingService#0] INFO  impl.FilePerBlockStrategy (FilePerBlockStrategy.java:deleteChunk(232)) - Deleted block file: /home/runner/work/ozone/ozone/hadoop-hdds/container-service/target/test-dir/TestBlockDeletingService/hdds/1df6e913-eef4-4f4a-b1ba-f9457a839e17/current/containerDir147/1670616786549/chunks/1670616786589.block
2022-12-09 20:13:06,699 [BlockDeletingService#0] WARN  utils.BackgroundService (BackgroundService.java:lambda$run$0(130)) - BlockDeletingService Background task execution took 1525118ns > 0ns(timeout)
2022-12-09 20:13:06,803 [BlockDeletingService#1] INFO  impl.FilePerBlockStrategy (FilePerBlockStrategy.java:deleteChunk(232)) - Deleted block file: /home/runner/work/ozone/ozone/hadoop-hdds/container-service/target/test-dir/TestBlockDeletingService/hdds/1df6e913-eef4-4f4a-b1ba-f9457a839e17/current/containerDir147/1670616786549/chunks/1670616786592.block
2022-12-09 20:13:06,803 [BlockDeletingService#1] WARN  utils.BackgroundService (BackgroundService.java:lambda$run$0(130)) - BlockDeletingService Background task execution took 6082372ns > 0ns(timeout)
2022-12-09 20:13:06,897 [main] INFO  utils.BackgroundService (BackgroundService.java:shutdown(141)) - Shutting down service BlockDeletingService
]]></system-out>
  </testcase>
  <testcase name="testBlockDeletion" classname="TestBlockDeletingService" time="0.443">
    <system-out><![CDATA[2022-12-09 20:13:09,422 [main] INFO  volume.HddsVolume (HddsVolume.java:<init>(117)) - Creating HddsVolume: /home/runner/work/ozone/ozone/hadoop-hdds/container-service/target/test-dir/TestBlockDeletingService/hdds of storage type : DISK capacity : 9223372036854775807
2022-12-09 20:13:09,424 [main] INFO  volume.MutableVolumeSet (MutableVolumeSet.java:initializeVolumeSet(174)) - Added Volume : /home/runner/work/ozone/ozone/hadoop-hdds/container-service/target/test-dir/TestBlockDeletingService/hdds to VolumeSet
2022-12-09 20:13:09,491 [Finalizer] WARN  managed.ManagedRocksObjectUtils (ManagedRocksObjectUtils.java:assertClosed(54)) - RocksIterator is not closed properly
2022-12-09 20:13:09,491 [Finalizer] WARN  managed.ManagedRocksObjectUtils (ManagedRocksObjectUtils.java:assertClosed(54)) - RocksIterator is not closed properly
2022-12-09 20:13:09,502 [Finalizer] WARN  managed.ManagedRocksObjectUtils (ManagedRocksObjectUtils.java:assertClosed(54)) - RocksIterator is not closed properly
2022-12-09 20:13:09,502 [Finalizer] WARN  managed.ManagedRocksObjectUtils (ManagedRocksObjectUtils.java:assertClosed(54)) - RocksIterator is not closed properly
2022-12-09 20:13:09,502 [Finalizer] WARN  managed.ManagedRocksObjectUtils (ManagedRocksObjectUtils.java:assertClosed(54)) - RocksIterator is not closed properly
2022-12-09 20:13:09,502 [Finalizer] WARN  managed.ManagedRocksObjectUtils (ManagedRocksObjectUtils.java:assertClosed(54)) - RocksIterator is not closed properly
2022-12-09 20:13:09,502 [Finalizer] WARN  managed.ManagedRocksObjectUtils (ManagedRocksObjectUtils.java:assertClosed(54)) - RocksIterator is not closed properly
2022-12-09 20:13:09,502 [Finalizer] WARN  managed.ManagedRocksObjectUtils (ManagedRocksObjectUtils.java:assertClosed(54)) - RocksIterator is not closed properly
2022-12-09 20:13:09,651 [BlockDeletingService#0] INFO  impl.FilePerBlockStrategy (FilePerBlockStrategy.java:deleteChunk(232)) - Deleted block file: /home/runner/work/ozone/ozone/hadoop-hdds/container-service/target/test-dir/TestBlockDeletingService/hdds/709b62ff-586e-47da-b36a-eaf541e19143/current/containerDir152/1670616789491/chunks/1670616789536.block
2022-12-09 20:13:09,651 [BlockDeletingService#0] INFO  impl.FilePerBlockStrategy (FilePerBlockStrategy.java:deleteChunk(232)) - Deleted block file: /home/runner/work/ozone/ozone/hadoop-hdds/container-service/target/test-dir/TestBlockDeletingService/hdds/709b62ff-586e-47da-b36a-eaf541e19143/current/containerDir152/1670616789491/chunks/1670616789539.block
2022-12-09 20:13:09,652 [BlockDeletingService#0] WARN  utils.BackgroundService (BackgroundService.java:lambda$run$0(130)) - BlockDeletingService Background task execution took 1090413ns > 0ns(timeout)
2022-12-09 20:13:09,755 [BlockDeletingService#0] INFO  impl.FilePerBlockStrategy (FilePerBlockStrategy.java:deleteChunk(232)) - Deleted block file: /home/runner/work/ozone/ozone/hadoop-hdds/container-service/target/test-dir/TestBlockDeletingService/hdds/709b62ff-586e-47da-b36a-eaf541e19143/current/containerDir152/1670616789491/chunks/1670616789542.block
2022-12-09 20:13:09,755 [BlockDeletingService#0] WARN  utils.BackgroundService (BackgroundService.java:lambda$run$0(130)) - BlockDeletingService Background task execution took 1175614ns > 0ns(timeout)
2022-12-09 20:13:09,850 [main] INFO  utils.BackgroundService (BackgroundService.java:shutdown(141)) - Shutting down service BlockDeletingService
]]></system-out>
  </testcase>
  <testcase name="testBlockDeletion" classname="TestBlockDeletingService" time="0.434">
    <system-out><![CDATA[2022-12-09 20:13:12,266 [main] INFO  volume.HddsVolume (HddsVolume.java:<init>(117)) - Creating HddsVolume: /home/runner/work/ozone/ozone/hadoop-hdds/container-service/target/test-dir/TestBlockDeletingService/hdds of storage type : DISK capacity : 9223372036854775807
2022-12-09 20:13:12,268 [main] INFO  volume.MutableVolumeSet (MutableVolumeSet.java:initializeVolumeSet(174)) - Added Volume : /home/runner/work/ozone/ozone/hadoop-hdds/container-service/target/test-dir/TestBlockDeletingService/hdds to VolumeSet
2022-12-09 20:13:12,305 [main] INFO  utils.DatanodeStoreCache (DatanodeStoreCache.java:addDB(58)) - Added db /home/runner/work/ozone/ozone/hadoop-hdds/container-service/target/test-dir/TestBlockDeletingService/hdds/bd9b1589-1eff-4e77-b423-bc7364e755b3/DS-595c437f-48a8-4f1a-ae98-dcc3261ea656/container.db to cache
2022-12-09 20:13:12,306 [main] INFO  volume.HddsVolume (HddsVolume.java:createDbStore(307)) - SchemaV3 db is created and loaded at /home/runner/work/ozone/ozone/hadoop-hdds/container-service/target/test-dir/TestBlockDeletingService/hdds/bd9b1589-1eff-4e77-b423-bc7364e755b3/DS-595c437f-48a8-4f1a-ae98-dcc3261ea656/container.db for volume DS-595c437f-48a8-4f1a-ae98-dcc3261ea656
2022-12-09 20:13:12,482 [BlockDeletingService#0] INFO  impl.FilePerBlockStrategy (FilePerBlockStrategy.java:deleteChunk(232)) - Deleted block file: /home/runner/work/ozone/ozone/hadoop-hdds/container-service/target/test-dir/TestBlockDeletingService/hdds/bd9b1589-1eff-4e77-b423-bc7364e755b3/current/containerDir158/1670616792357/chunks/1670616792362.block
2022-12-09 20:13:12,482 [BlockDeletingService#0] INFO  impl.FilePerBlockStrategy (FilePerBlockStrategy.java:deleteChunk(232)) - Deleted block file: /home/runner/work/ozone/ozone/hadoop-hdds/container-service/target/test-dir/TestBlockDeletingService/hdds/bd9b1589-1eff-4e77-b423-bc7364e755b3/current/containerDir158/1670616792357/chunks/1670616792366.block
2022-12-09 20:13:12,482 [BlockDeletingService#0] WARN  utils.BackgroundService (BackgroundService.java:lambda$run$0(130)) - BlockDeletingService Background task execution took 1035112ns > 0ns(timeout)
2022-12-09 20:13:12,581 [BlockDeletingService#1] INFO  impl.FilePerBlockStrategy (FilePerBlockStrategy.java:deleteChunk(232)) - Deleted block file: /home/runner/work/ozone/ozone/hadoop-hdds/container-service/target/test-dir/TestBlockDeletingService/hdds/bd9b1589-1eff-4e77-b423-bc7364e755b3/current/containerDir158/1670616792357/chunks/1670616792369.block
2022-12-09 20:13:12,582 [BlockDeletingService#1] WARN  utils.BackgroundService (BackgroundService.java:lambda$run$0(130)) - BlockDeletingService Background task execution took 1523818ns > 0ns(timeout)
2022-12-09 20:13:12,680 [main] INFO  utils.BackgroundService (BackgroundService.java:shutdown(141)) - Shutting down service BlockDeletingService
]]></system-out>
  </testcase>
  <testcase name="testBlockThrottle" classname="TestBlockDeletingService" time="0.683">
    <system-out><![CDATA[2022-12-09 20:12:59,003 [main] INFO  volume.HddsVolume (HddsVolume.java:<init>(117)) - Creating HddsVolume: /home/runner/work/ozone/ozone/hadoop-hdds/container-service/target/test-dir/TestBlockDeletingService/hdds of storage type : DISK capacity : 9223372036854775807
2022-12-09 20:12:59,006 [main] INFO  volume.MutableVolumeSet (MutableVolumeSet.java:initializeVolumeSet(174)) - Added Volume : /home/runner/work/ozone/ozone/hadoop-hdds/container-service/target/test-dir/TestBlockDeletingService/hdds to VolumeSet
2022-12-09 20:12:59,477 [Finalizer] WARN  managed.ManagedRocksObjectUtils (ManagedRocksObjectUtils.java:assertClosed(54)) - RocksIterator is not closed properly
2022-12-09 20:12:59,478 [Finalizer] WARN  managed.ManagedRocksObjectUtils (ManagedRocksObjectUtils.java:assertClosed(54)) - RocksIterator is not closed properly
2022-12-09 20:12:59,479 [BlockDeletingService#1] INFO  impl.FilePerChunkStrategy (FilePerChunkStrategy.java:deleteChunk(322)) - Deleted chunk file /home/runner/work/ozone/ozone/hadoop-hdds/container-service/target/test-dir/TestBlockDeletingService/hdds/e396e846-d497-441d-a4ed-a62317046463/current/containerDir132/1670616779153/chunks/1670616779188_chunk_0_block_0 (size 100) for chunk ChunkInfo{chunkName='1670616779188_chunk_0_block_0, offset=0, len=100}
2022-12-09 20:12:59,480 [BlockDeletingService#1] INFO  impl.FilePerChunkStrategy (FilePerChunkStrategy.java:deleteChunk(322)) - Deleted chunk file /home/runner/work/ozone/ozone/hadoop-hdds/container-service/target/test-dir/TestBlockDeletingService/hdds/e396e846-d497-441d-a4ed-a62317046463/current/containerDir132/1670616779153/chunks/1670616779192_chunk_0_block_1 (size 100) for chunk ChunkInfo{chunkName='1670616779192_chunk_0_block_1, offset=0, len=100}
2022-12-09 20:12:59,480 [BlockDeletingService#1] INFO  impl.FilePerChunkStrategy (FilePerChunkStrategy.java:deleteChunk(322)) - Deleted chunk file /home/runner/work/ozone/ozone/hadoop-hdds/container-service/target/test-dir/TestBlockDeletingService/hdds/e396e846-d497-441d-a4ed-a62317046463/current/containerDir132/1670616779153/chunks/1670616779196_chunk_0_block_2 (size 100) for chunk ChunkInfo{chunkName='1670616779196_chunk_0_block_2, offset=0, len=100}
2022-12-09 20:12:59,482 [BlockDeletingService#1] WARN  utils.BackgroundService (BackgroundService.java:lambda$run$0(130)) - BlockDeletingService Background task execution took 19197526ns > 0ns(timeout)
2022-12-09 20:12:59,483 [BlockDeletingService#2] INFO  impl.FilePerChunkStrategy (FilePerChunkStrategy.java:deleteChunk(322)) - Deleted chunk file /home/runner/work/ozone/ozone/hadoop-hdds/container-service/target/test-dir/TestBlockDeletingService/hdds/e396e846-d497-441d-a4ed-a62317046463/current/containerDir133/1670616779294/chunks/1670616779330_chunk_0_block_0 (size 100) for chunk ChunkInfo{chunkName='1670616779330_chunk_0_block_0, offset=0, len=100}
2022-12-09 20:12:59,483 [BlockDeletingService#2] WARN  utils.BackgroundService (BackgroundService.java:lambda$run$0(130)) - BlockDeletingService Background task execution took 18776121ns > 0ns(timeout)
2022-12-09 20:12:59,482 [BlockDeletingService#3] INFO  impl.FilePerChunkStrategy (FilePerChunkStrategy.java:deleteChunk(322)) - Deleted chunk file /home/runner/work/ozone/ozone/hadoop-hdds/container-service/target/test-dir/TestBlockDeletingService/hdds/e396e846-d497-441d-a4ed-a62317046463/current/containerDir132/1670616779197/chunks/1670616779232_chunk_0_block_0 (size 100) for chunk ChunkInfo{chunkName='1670616779232_chunk_0_block_0, offset=0, len=100}
2022-12-09 20:12:59,485 [BlockDeletingService#3] INFO  impl.FilePerChunkStrategy (FilePerChunkStrategy.java:deleteChunk(322)) - Deleted chunk file /home/runner/work/ozone/ozone/hadoop-hdds/container-service/target/test-dir/TestBlockDeletingService/hdds/e396e846-d497-441d-a4ed-a62317046463/current/containerDir132/1670616779197/chunks/1670616779236_chunk_0_block_1 (size 100) for chunk ChunkInfo{chunkName='1670616779236_chunk_0_block_1, offset=0, len=100}
2022-12-09 20:12:59,486 [BlockDeletingService#3] INFO  impl.FilePerChunkStrategy (FilePerChunkStrategy.java:deleteChunk(322)) - Deleted chunk file /home/runner/work/ozone/ozone/hadoop-hdds/container-service/target/test-dir/TestBlockDeletingService/hdds/e396e846-d497-441d-a4ed-a62317046463/current/containerDir132/1670616779197/chunks/1670616779240_chunk_0_block_2 (size 100) for chunk ChunkInfo{chunkName='1670616779240_chunk_0_block_2, offset=0, len=100}
2022-12-09 20:12:59,486 [BlockDeletingService#3] WARN  utils.BackgroundService (BackgroundService.java:lambda$run$0(130)) - BlockDeletingService Background task execution took 21033547ns > 0ns(timeout)
2022-12-09 20:12:59,481 [BlockDeletingService#0] INFO  impl.FilePerChunkStrategy (FilePerChunkStrategy.java:deleteChunk(322)) - Deleted chunk file /home/runner/work/ozone/ozone/hadoop-hdds/container-service/target/test-dir/TestBlockDeletingService/hdds/e396e846-d497-441d-a4ed-a62317046463/current/containerDir132/1670616779242/chunks/1670616779285_chunk_0_block_0 (size 100) for chunk ChunkInfo{chunkName='1670616779285_chunk_0_block_0, offset=0, len=100}
2022-12-09 20:12:59,489 [BlockDeletingService#0] INFO  impl.FilePerChunkStrategy (FilePerChunkStrategy.java:deleteChunk(322)) - Deleted chunk file /home/runner/work/ozone/ozone/hadoop-hdds/container-service/target/test-dir/TestBlockDeletingService/hdds/e396e846-d497-441d-a4ed-a62317046463/current/containerDir132/1670616779242/chunks/1670616779289_chunk_0_block_1 (size 100) for chunk ChunkInfo{chunkName='1670616779289_chunk_0_block_1, offset=0, len=100}
2022-12-09 20:12:59,489 [BlockDeletingService#0] INFO  impl.FilePerChunkStrategy (FilePerChunkStrategy.java:deleteChunk(322)) - Deleted chunk file /home/runner/work/ozone/ozone/hadoop-hdds/container-service/target/test-dir/TestBlockDeletingService/hdds/e396e846-d497-441d-a4ed-a62317046463/current/containerDir132/1670616779242/chunks/1670616779292_chunk_0_block_2 (size 100) for chunk ChunkInfo{chunkName='1670616779292_chunk_0_block_2, offset=0, len=100}
2022-12-09 20:12:59,489 [BlockDeletingService#0] WARN  utils.BackgroundService (BackgroundService.java:lambda$run$0(130)) - BlockDeletingService Background task execution took 23042271ns > 0ns(timeout)
2022-12-09 20:12:59,555 [BlockDeletingService#1] INFO  impl.FilePerChunkStrategy (FilePerChunkStrategy.java:deleteChunk(322)) - Deleted chunk file /home/runner/work/ozone/ozone/hadoop-hdds/container-service/target/test-dir/TestBlockDeletingService/hdds/e396e846-d497-441d-a4ed-a62317046463/current/containerDir132/1670616779086/chunks/1670616779140_chunk_0_block_0 (size 100) for chunk ChunkInfo{chunkName='1670616779140_chunk_0_block_0, offset=0, len=100}
2022-12-09 20:12:59,555 [BlockDeletingService#1] INFO  impl.FilePerChunkStrategy (FilePerChunkStrategy.java:deleteChunk(322)) - Deleted chunk file /home/runner/work/ozone/ozone/hadoop-hdds/container-service/target/test-dir/TestBlockDeletingService/hdds/e396e846-d497-441d-a4ed-a62317046463/current/containerDir132/1670616779086/chunks/1670616779144_chunk_0_block_1 (size 100) for chunk ChunkInfo{chunkName='1670616779144_chunk_0_block_1, offset=0, len=100}
2022-12-09 20:12:59,556 [BlockDeletingService#1] INFO  impl.FilePerChunkStrategy (FilePerChunkStrategy.java:deleteChunk(322)) - Deleted chunk file /home/runner/work/ozone/ozone/hadoop-hdds/container-service/target/test-dir/TestBlockDeletingService/hdds/e396e846-d497-441d-a4ed-a62317046463/current/containerDir132/1670616779086/chunks/1670616779151_chunk_0_block_2 (size 100) for chunk ChunkInfo{chunkName='1670616779151_chunk_0_block_2, offset=0, len=100}
2022-12-09 20:12:59,556 [BlockDeletingService#1] WARN  utils.BackgroundService (BackgroundService.java:lambda$run$0(130)) - BlockDeletingService Background task execution took 3135937ns > 0ns(timeout)
2022-12-09 20:12:59,557 [BlockDeletingService#2] INFO  impl.FilePerChunkStrategy (FilePerChunkStrategy.java:deleteChunk(322)) - Deleted chunk file /home/runner/work/ozone/ozone/hadoop-hdds/container-service/target/test-dir/TestBlockDeletingService/hdds/e396e846-d497-441d-a4ed-a62317046463/current/containerDir133/1670616779294/chunks/1670616779334_chunk_0_block_1 (size 100) for chunk ChunkInfo{chunkName='1670616779334_chunk_0_block_1, offset=0, len=100}
2022-12-09 20:12:59,557 [BlockDeletingService#2] INFO  impl.FilePerChunkStrategy (FilePerChunkStrategy.java:deleteChunk(322)) - Deleted chunk file /home/runner/work/ozone/ozone/hadoop-hdds/container-service/target/test-dir/TestBlockDeletingService/hdds/e396e846-d497-441d-a4ed-a62317046463/current/containerDir133/1670616779294/chunks/1670616779338_chunk_0_block_2 (size 100) for chunk ChunkInfo{chunkName='1670616779338_chunk_0_block_2, offset=0, len=100}
2022-12-09 20:12:59,558 [BlockDeletingService#2] WARN  utils.BackgroundService (BackgroundService.java:lambda$run$0(130)) - BlockDeletingService Background task execution took 4424752ns > 0ns(timeout)
2022-12-09 20:12:59,649 [Time-limited test] INFO  utils.BackgroundService (BackgroundService.java:shutdown(141)) - Shutting down service BlockDeletingService
]]></system-out>
  </testcase>
  <testcase name="testBlockThrottle" classname="TestBlockDeletingService" time="0.62">
    <system-out><![CDATA[2022-12-09 20:13:01,989 [main] INFO  volume.HddsVolume (HddsVolume.java:<init>(117)) - Creating HddsVolume: /home/runner/work/ozone/ozone/hadoop-hdds/container-service/target/test-dir/TestBlockDeletingService/hdds of storage type : DISK capacity : 9223372036854775807
2022-12-09 20:13:01,991 [main] INFO  volume.MutableVolumeSet (MutableVolumeSet.java:initializeVolumeSet(174)) - Added Volume : /home/runner/work/ozone/ozone/hadoop-hdds/container-service/target/test-dir/TestBlockDeletingService/hdds to VolumeSet
2022-12-09 20:13:02,397 [BlockDeletingService#1] INFO  impl.FilePerChunkStrategy (FilePerChunkStrategy.java:deleteChunk(322)) - Deleted chunk file /home/runner/work/ozone/ozone/hadoop-hdds/container-service/target/test-dir/TestBlockDeletingService/hdds/9c45635c-cc4e-404b-8628-40fff2273338/current/containerDir138/1670616782149/chunks/1670616782182_chunk_0_block_0 (size 100) for chunk ChunkInfo{chunkName='1670616782182_chunk_0_block_0, offset=0, len=100}
2022-12-09 20:13:02,398 [BlockDeletingService#1] INFO  impl.FilePerChunkStrategy (FilePerChunkStrategy.java:deleteChunk(322)) - Deleted chunk file /home/runner/work/ozone/ozone/hadoop-hdds/container-service/target/test-dir/TestBlockDeletingService/hdds/9c45635c-cc4e-404b-8628-40fff2273338/current/containerDir138/1670616782149/chunks/1670616782186_chunk_0_block_1 (size 100) for chunk ChunkInfo{chunkName='1670616782186_chunk_0_block_1, offset=0, len=100}
2022-12-09 20:13:02,398 [BlockDeletingService#1] INFO  impl.FilePerChunkStrategy (FilePerChunkStrategy.java:deleteChunk(322)) - Deleted chunk file /home/runner/work/ozone/ozone/hadoop-hdds/container-service/target/test-dir/TestBlockDeletingService/hdds/9c45635c-cc4e-404b-8628-40fff2273338/current/containerDir138/1670616782149/chunks/1670616782189_chunk_0_block_2 (size 100) for chunk ChunkInfo{chunkName='1670616782189_chunk_0_block_2, offset=0, len=100}
2022-12-09 20:13:02,399 [BlockDeletingService#1] WARN  utils.BackgroundService (BackgroundService.java:lambda$run$0(130)) - BlockDeletingService Background task execution took 10246020ns > 0ns(timeout)
2022-12-09 20:13:02,401 [BlockDeletingService#0] INFO  impl.FilePerChunkStrategy (FilePerChunkStrategy.java:deleteChunk(322)) - Deleted chunk file /home/runner/work/ozone/ozone/hadoop-hdds/container-service/target/test-dir/TestBlockDeletingService/hdds/9c45635c-cc4e-404b-8628-40fff2273338/current/containerDir138/1670616782105/chunks/1670616782141_chunk_0_block_0 (size 100) for chunk ChunkInfo{chunkName='1670616782141_chunk_0_block_0, offset=0, len=100}
2022-12-09 20:13:02,401 [BlockDeletingService#3] INFO  impl.FilePerChunkStrategy (FilePerChunkStrategy.java:deleteChunk(322)) - Deleted chunk file /home/runner/work/ozone/ozone/hadoop-hdds/container-service/target/test-dir/TestBlockDeletingService/hdds/9c45635c-cc4e-404b-8628-40fff2273338/current/containerDir138/1670616782056/chunks/1670616782096_chunk_0_block_0 (size 100) for chunk ChunkInfo{chunkName='1670616782096_chunk_0_block_0, offset=0, len=100}
2022-12-09 20:13:02,401 [BlockDeletingService#3] INFO  impl.FilePerChunkStrategy (FilePerChunkStrategy.java:deleteChunk(322)) - Deleted chunk file /home/runner/work/ozone/ozone/hadoop-hdds/container-service/target/test-dir/TestBlockDeletingService/hdds/9c45635c-cc4e-404b-8628-40fff2273338/current/containerDir138/1670616782056/chunks/1670616782100_chunk_0_block_1 (size 100) for chunk ChunkInfo{chunkName='1670616782100_chunk_0_block_1, offset=0, len=100}
2022-12-09 20:13:02,402 [BlockDeletingService#3] INFO  impl.FilePerChunkStrategy (FilePerChunkStrategy.java:deleteChunk(322)) - Deleted chunk file /home/runner/work/ozone/ozone/hadoop-hdds/container-service/target/test-dir/TestBlockDeletingService/hdds/9c45635c-cc4e-404b-8628-40fff2273338/current/containerDir138/1670616782056/chunks/1670616782103_chunk_0_block_2 (size 100) for chunk ChunkInfo{chunkName='1670616782103_chunk_0_block_2, offset=0, len=100}
2022-12-09 20:13:02,402 [BlockDeletingService#3] WARN  utils.BackgroundService (BackgroundService.java:lambda$run$0(130)) - BlockDeletingService Background task execution took 5431464ns > 0ns(timeout)
2022-12-09 20:13:02,401 [BlockDeletingService#0] INFO  impl.FilePerChunkStrategy (FilePerChunkStrategy.java:deleteChunk(322)) - Deleted chunk file /home/runner/work/ozone/ozone/hadoop-hdds/container-service/target/test-dir/TestBlockDeletingService/hdds/9c45635c-cc4e-404b-8628-40fff2273338/current/containerDir138/1670616782105/chunks/1670616782144_chunk_0_block_1 (size 100) for chunk ChunkInfo{chunkName='1670616782144_chunk_0_block_1, offset=0, len=100}
2022-12-09 20:13:02,405 [BlockDeletingService#0] INFO  impl.FilePerChunkStrategy (FilePerChunkStrategy.java:deleteChunk(322)) - Deleted chunk file /home/runner/work/ozone/ozone/hadoop-hdds/container-service/target/test-dir/TestBlockDeletingService/hdds/9c45635c-cc4e-404b-8628-40fff2273338/current/containerDir138/1670616782105/chunks/1670616782148_chunk_0_block_2 (size 100) for chunk ChunkInfo{chunkName='1670616782148_chunk_0_block_2, offset=0, len=100}
2022-12-09 20:13:02,405 [BlockDeletingService#0] WARN  utils.BackgroundService (BackgroundService.java:lambda$run$0(130)) - BlockDeletingService Background task execution took 8508400ns > 0ns(timeout)
2022-12-09 20:13:02,406 [BlockDeletingService#2] INFO  impl.FilePerChunkStrategy (FilePerChunkStrategy.java:deleteChunk(322)) - Deleted chunk file /home/runner/work/ozone/ozone/hadoop-hdds/container-service/target/test-dir/TestBlockDeletingService/hdds/9c45635c-cc4e-404b-8628-40fff2273338/current/containerDir138/1670616782237/chunks/1670616782274_chunk_0_block_0 (size 100) for chunk ChunkInfo{chunkName='1670616782274_chunk_0_block_0, offset=0, len=100}
2022-12-09 20:13:02,407 [BlockDeletingService#2] WARN  utils.BackgroundService (BackgroundService.java:lambda$run$0(130)) - BlockDeletingService Background task execution took 17163802ns > 0ns(timeout)
2022-12-09 20:13:02,493 [BlockDeletingService#3] INFO  impl.FilePerChunkStrategy (FilePerChunkStrategy.java:deleteChunk(322)) - Deleted chunk file /home/runner/work/ozone/ozone/hadoop-hdds/container-service/target/test-dir/TestBlockDeletingService/hdds/9c45635c-cc4e-404b-8628-40fff2273338/current/containerDir138/1670616782237/chunks/1670616782278_chunk_0_block_1 (size 100) for chunk ChunkInfo{chunkName='1670616782278_chunk_0_block_1, offset=0, len=100}
2022-12-09 20:13:02,493 [BlockDeletingService#3] INFO  impl.FilePerChunkStrategy (FilePerChunkStrategy.java:deleteChunk(322)) - Deleted chunk file /home/runner/work/ozone/ozone/hadoop-hdds/container-service/target/test-dir/TestBlockDeletingService/hdds/9c45635c-cc4e-404b-8628-40fff2273338/current/containerDir138/1670616782237/chunks/1670616782281_chunk_0_block_2 (size 100) for chunk ChunkInfo{chunkName='1670616782281_chunk_0_block_2, offset=0, len=100}
2022-12-09 20:13:02,494 [BlockDeletingService#3] WARN  utils.BackgroundService (BackgroundService.java:lambda$run$0(130)) - BlockDeletingService Background task execution took 5943770ns > 0ns(timeout)
2022-12-09 20:13:02,493 [BlockDeletingService#1] INFO  impl.FilePerChunkStrategy (FilePerChunkStrategy.java:deleteChunk(322)) - Deleted chunk file /home/runner/work/ozone/ozone/hadoop-hdds/container-service/target/test-dir/TestBlockDeletingService/hdds/9c45635c-cc4e-404b-8628-40fff2273338/current/containerDir138/1670616782191/chunks/1670616782229_chunk_0_block_0 (size 100) for chunk ChunkInfo{chunkName='1670616782229_chunk_0_block_0, offset=0, len=100}
2022-12-09 20:13:02,494 [BlockDeletingService#1] INFO  impl.FilePerChunkStrategy (FilePerChunkStrategy.java:deleteChunk(322)) - Deleted chunk file /home/runner/work/ozone/ozone/hadoop-hdds/container-service/target/test-dir/TestBlockDeletingService/hdds/9c45635c-cc4e-404b-8628-40fff2273338/current/containerDir138/1670616782191/chunks/1670616782232_chunk_0_block_1 (size 100) for chunk ChunkInfo{chunkName='1670616782232_chunk_0_block_1, offset=0, len=100}
2022-12-09 20:13:02,494 [BlockDeletingService#1] INFO  impl.FilePerChunkStrategy (FilePerChunkStrategy.java:deleteChunk(322)) - Deleted chunk file /home/runner/work/ozone/ozone/hadoop-hdds/container-service/target/test-dir/TestBlockDeletingService/hdds/9c45635c-cc4e-404b-8628-40fff2273338/current/containerDir138/1670616782191/chunks/1670616782236_chunk_0_block_2 (size 100) for chunk ChunkInfo{chunkName='1670616782236_chunk_0_block_2, offset=0, len=100}
2022-12-09 20:13:02,495 [BlockDeletingService#1] WARN  utils.BackgroundService (BackgroundService.java:lambda$run$0(130)) - BlockDeletingService Background task execution took 7377287ns > 0ns(timeout)
2022-12-09 20:13:02,585 [Time-limited test] INFO  utils.BackgroundService (BackgroundService.java:shutdown(141)) - Shutting down service BlockDeletingService
]]></system-out>
  </testcase>
  <testcase name="testBlockThrottle" classname="TestBlockDeletingService" time="0.497">
    <system-out><![CDATA[2022-12-09 20:13:04,937 [main] INFO  volume.HddsVolume (HddsVolume.java:<init>(117)) - Creating HddsVolume: /home/runner/work/ozone/ozone/hadoop-hdds/container-service/target/test-dir/TestBlockDeletingService/hdds of storage type : DISK capacity : 9223372036854775807
2022-12-09 20:13:04,939 [main] INFO  volume.MutableVolumeSet (MutableVolumeSet.java:initializeVolumeSet(174)) - Added Volume : /home/runner/work/ozone/ozone/hadoop-hdds/container-service/target/test-dir/TestBlockDeletingService/hdds to VolumeSet
2022-12-09 20:13:04,983 [main] INFO  utils.DatanodeStoreCache (DatanodeStoreCache.java:addDB(58)) - Added db /home/runner/work/ozone/ozone/hadoop-hdds/container-service/target/test-dir/TestBlockDeletingService/hdds/d3e5a1f0-d157-409b-a165-1a03f35e8ffb/DS-90aedb90-38be-4bd4-a421-c8f5ce55f55b/container.db to cache
2022-12-09 20:13:04,984 [main] INFO  volume.HddsVolume (HddsVolume.java:createDbStore(307)) - SchemaV3 db is created and loaded at /home/runner/work/ozone/ozone/hadoop-hdds/container-service/target/test-dir/TestBlockDeletingService/hdds/d3e5a1f0-d157-409b-a165-1a03f35e8ffb/DS-90aedb90-38be-4bd4-a421-c8f5ce55f55b/container.db for volume DS-90aedb90-38be-4bd4-a421-c8f5ce55f55b
2022-12-09 20:13:05,217 [BlockDeletingService#1] INFO  impl.FilePerChunkStrategy (FilePerChunkStrategy.java:deleteChunk(322)) - Deleted chunk file /home/runner/work/ozone/ozone/hadoop-hdds/container-service/target/test-dir/TestBlockDeletingService/hdds/d3e5a1f0-d157-409b-a165-1a03f35e8ffb/current/containerDir144/1670616785040/chunks/1670616785046_chunk_0_block_0 (size 100) for chunk ChunkInfo{chunkName='1670616785046_chunk_0_block_0, offset=0, len=100}
2022-12-09 20:13:05,218 [BlockDeletingService#1] INFO  impl.FilePerChunkStrategy (FilePerChunkStrategy.java:deleteChunk(322)) - Deleted chunk file /home/runner/work/ozone/ozone/hadoop-hdds/container-service/target/test-dir/TestBlockDeletingService/hdds/d3e5a1f0-d157-409b-a165-1a03f35e8ffb/current/containerDir144/1670616785040/chunks/1670616785050_chunk_0_block_1 (size 100) for chunk ChunkInfo{chunkName='1670616785050_chunk_0_block_1, offset=0, len=100}
2022-12-09 20:13:05,218 [BlockDeletingService#1] INFO  impl.FilePerChunkStrategy (FilePerChunkStrategy.java:deleteChunk(322)) - Deleted chunk file /home/runner/work/ozone/ozone/hadoop-hdds/container-service/target/test-dir/TestBlockDeletingService/hdds/d3e5a1f0-d157-409b-a165-1a03f35e8ffb/current/containerDir144/1670616785040/chunks/1670616785054_chunk_0_block_2 (size 100) for chunk ChunkInfo{chunkName='1670616785054_chunk_0_block_2, offset=0, len=100}
2022-12-09 20:13:05,219 [BlockDeletingService#1] WARN  utils.BackgroundService (BackgroundService.java:lambda$run$0(130)) - BlockDeletingService Background task execution took 5416063ns > 0ns(timeout)
2022-12-09 20:13:05,219 [BlockDeletingService#1] INFO  impl.FilePerChunkStrategy (FilePerChunkStrategy.java:deleteChunk(322)) - Deleted chunk file /home/runner/work/ozone/ozone/hadoop-hdds/container-service/target/test-dir/TestBlockDeletingService/hdds/d3e5a1f0-d157-409b-a165-1a03f35e8ffb/current/containerDir144/1670616785095/chunks/1670616785100_chunk_0_block_0 (size 100) for chunk ChunkInfo{chunkName='1670616785100_chunk_0_block_0, offset=0, len=100}
2022-12-09 20:13:05,220 [BlockDeletingService#1] INFO  impl.FilePerChunkStrategy (FilePerChunkStrategy.java:deleteChunk(322)) - Deleted chunk file /home/runner/work/ozone/ozone/hadoop-hdds/container-service/target/test-dir/TestBlockDeletingService/hdds/d3e5a1f0-d157-409b-a165-1a03f35e8ffb/current/containerDir144/1670616785095/chunks/1670616785104_chunk_0_block_1 (size 100) for chunk ChunkInfo{chunkName='1670616785104_chunk_0_block_1, offset=0, len=100}
2022-12-09 20:13:05,220 [BlockDeletingService#1] INFO  impl.FilePerChunkStrategy (FilePerChunkStrategy.java:deleteChunk(322)) - Deleted chunk file /home/runner/work/ozone/ozone/hadoop-hdds/container-service/target/test-dir/TestBlockDeletingService/hdds/d3e5a1f0-d157-409b-a165-1a03f35e8ffb/current/containerDir144/1670616785095/chunks/1670616785107_chunk_0_block_2 (size 100) for chunk ChunkInfo{chunkName='1670616785107_chunk_0_block_2, offset=0, len=100}
2022-12-09 20:13:05,220 [BlockDeletingService#1] WARN  utils.BackgroundService (BackgroundService.java:lambda$run$0(130)) - BlockDeletingService Background task execution took 1452317ns > 0ns(timeout)
2022-12-09 20:13:05,223 [BlockDeletingService#2] INFO  impl.FilePerChunkStrategy (FilePerChunkStrategy.java:deleteChunk(322)) - Deleted chunk file /home/runner/work/ozone/ozone/hadoop-hdds/container-service/target/test-dir/TestBlockDeletingService/hdds/d3e5a1f0-d157-409b-a165-1a03f35e8ffb/current/containerDir144/1670616785069/chunks/1670616785073_chunk_0_block_0 (size 100) for chunk ChunkInfo{chunkName='1670616785073_chunk_0_block_0, offset=0, len=100}
2022-12-09 20:13:05,223 [BlockDeletingService#2] WARN  utils.BackgroundService (BackgroundService.java:lambda$run$0(130)) - BlockDeletingService Background task execution took 9668413ns > 0ns(timeout)
2022-12-09 20:13:05,224 [BlockDeletingService#3] INFO  impl.FilePerChunkStrategy (FilePerChunkStrategy.java:deleteChunk(322)) - Deleted chunk file /home/runner/work/ozone/ozone/hadoop-hdds/container-service/target/test-dir/TestBlockDeletingService/hdds/d3e5a1f0-d157-409b-a165-1a03f35e8ffb/current/containerDir144/1670616785081/chunks/1670616785087_chunk_0_block_0 (size 100) for chunk ChunkInfo{chunkName='1670616785087_chunk_0_block_0, offset=0, len=100}
2022-12-09 20:13:05,224 [BlockDeletingService#3] INFO  impl.FilePerChunkStrategy (FilePerChunkStrategy.java:deleteChunk(322)) - Deleted chunk file /home/runner/work/ozone/ozone/hadoop-hdds/container-service/target/test-dir/TestBlockDeletingService/hdds/d3e5a1f0-d157-409b-a165-1a03f35e8ffb/current/containerDir144/1670616785081/chunks/1670616785090_chunk_0_block_1 (size 100) for chunk ChunkInfo{chunkName='1670616785090_chunk_0_block_1, offset=0, len=100}
2022-12-09 20:13:05,224 [BlockDeletingService#3] INFO  impl.FilePerChunkStrategy (FilePerChunkStrategy.java:deleteChunk(322)) - Deleted chunk file /home/runner/work/ozone/ozone/hadoop-hdds/container-service/target/test-dir/TestBlockDeletingService/hdds/d3e5a1f0-d157-409b-a165-1a03f35e8ffb/current/containerDir144/1670616785081/chunks/1670616785094_chunk_0_block_2 (size 100) for chunk ChunkInfo{chunkName='1670616785094_chunk_0_block_2, offset=0, len=100}
2022-12-09 20:13:05,224 [BlockDeletingService#3] WARN  utils.BackgroundService (BackgroundService.java:lambda$run$0(130)) - BlockDeletingService Background task execution took 10493224ns > 0ns(timeout)
2022-12-09 20:13:05,315 [BlockDeletingService#0] INFO  impl.FilePerChunkStrategy (FilePerChunkStrategy.java:deleteChunk(322)) - Deleted chunk file /home/runner/work/ozone/ozone/hadoop-hdds/container-service/target/test-dir/TestBlockDeletingService/hdds/d3e5a1f0-d157-409b-a165-1a03f35e8ffb/current/containerDir144/1670616785055/chunks/1670616785060_chunk_0_block_0 (size 100) for chunk ChunkInfo{chunkName='1670616785060_chunk_0_block_0, offset=0, len=100}
2022-12-09 20:13:05,315 [BlockDeletingService#0] INFO  impl.FilePerChunkStrategy (FilePerChunkStrategy.java:deleteChunk(322)) - Deleted chunk file /home/runner/work/ozone/ozone/hadoop-hdds/container-service/target/test-dir/TestBlockDeletingService/hdds/d3e5a1f0-d157-409b-a165-1a03f35e8ffb/current/containerDir144/1670616785055/chunks/1670616785064_chunk_0_block_1 (size 100) for chunk ChunkInfo{chunkName='1670616785064_chunk_0_block_1, offset=0, len=100}
2022-12-09 20:13:05,316 [BlockDeletingService#0] INFO  impl.FilePerChunkStrategy (FilePerChunkStrategy.java:deleteChunk(322)) - Deleted chunk file /home/runner/work/ozone/ozone/hadoop-hdds/container-service/target/test-dir/TestBlockDeletingService/hdds/d3e5a1f0-d157-409b-a165-1a03f35e8ffb/current/containerDir144/1670616785055/chunks/1670616785067_chunk_0_block_2 (size 100) for chunk ChunkInfo{chunkName='1670616785067_chunk_0_block_2, offset=0, len=100}
2022-12-09 20:13:05,316 [BlockDeletingService#0] WARN  utils.BackgroundService (BackgroundService.java:lambda$run$0(130)) - BlockDeletingService Background task execution took 1934923ns > 0ns(timeout)
2022-12-09 20:13:05,316 [BlockDeletingService#4] INFO  impl.FilePerChunkStrategy (FilePerChunkStrategy.java:deleteChunk(322)) - Deleted chunk file /home/runner/work/ozone/ozone/hadoop-hdds/container-service/target/test-dir/TestBlockDeletingService/hdds/d3e5a1f0-d157-409b-a165-1a03f35e8ffb/current/containerDir144/1670616785069/chunks/1670616785077_chunk_0_block_1 (size 100) for chunk ChunkInfo{chunkName='1670616785077_chunk_0_block_1, offset=0, len=100}
2022-12-09 20:13:05,317 [BlockDeletingService#4] INFO  impl.FilePerChunkStrategy (FilePerChunkStrategy.java:deleteChunk(322)) - Deleted chunk file /home/runner/work/ozone/ozone/hadoop-hdds/container-service/target/test-dir/TestBlockDeletingService/hdds/d3e5a1f0-d157-409b-a165-1a03f35e8ffb/current/containerDir144/1670616785069/chunks/1670616785080_chunk_0_block_2 (size 100) for chunk ChunkInfo{chunkName='1670616785080_chunk_0_block_2, offset=0, len=100}
2022-12-09 20:13:05,318 [BlockDeletingService#4] WARN  utils.BackgroundService (BackgroundService.java:lambda$run$0(130)) - BlockDeletingService Background task execution took 2343628ns > 0ns(timeout)
2022-12-09 20:13:05,411 [Time-limited test] INFO  utils.BackgroundService (BackgroundService.java:shutdown(141)) - Shutting down service BlockDeletingService
]]></system-out>
  </testcase>
  <testcase name="testBlockThrottle" classname="TestBlockDeletingService" time="0.632">
    <system-out><![CDATA[2022-12-09 20:13:06,913 [main] INFO  volume.HddsVolume (HddsVolume.java:<init>(117)) - Creating HddsVolume: /home/runner/work/ozone/ozone/hadoop-hdds/container-service/target/test-dir/TestBlockDeletingService/hdds of storage type : DISK capacity : 9223372036854775807
2022-12-09 20:13:06,915 [main] INFO  volume.MutableVolumeSet (MutableVolumeSet.java:initializeVolumeSet(174)) - Added Volume : /home/runner/work/ozone/ozone/hadoop-hdds/container-service/target/test-dir/TestBlockDeletingService/hdds to VolumeSet
2022-12-09 20:13:07,329 [BlockDeletingService#2] INFO  impl.FilePerBlockStrategy (FilePerBlockStrategy.java:deleteChunk(232)) - Deleted block file: /home/runner/work/ozone/ozone/hadoop-hdds/container-service/target/test-dir/TestBlockDeletingService/hdds/cd3de191-f15c-4d8d-8445-eda5fd274727/current/containerDir148/1670616787165/chunks/1670616787213.block
FilePerBlockStrategy.java:deleteChunk(232)) - Deleted block file: /home/runner/work/ozone/ozone/hadoop-hdds/container-service/target/test-dir/TestBlockDeletingService/hdds/cd3de191-f15c-4d8d-8445-eda5fd274727/current/containerDir148/1670616787057/chunks/1670616787115.block
2022-12-09 20:13:07,330 [BlockDeletingService#2] WARN  utils.BackgroundService (BackgroundService.java:lambda$run$0(130)) - BlockDeletingService Background task execution took 3435640ns > 0ns(timeout)
2022-12-09 20:13:07,330 [BlockDeletingService#1] INFO  impl.FilePerBlockStrategy (FilePerBlockStrategy.java:deleteChunk(232)) - Deleted block file: /home/runner/work/ozone/ozone/hadoop-hdds/container-service/target/test-dir/TestBlockDeletingService/hdds/cd3de191-f15c-4d8d-8445-eda5fd274727/current/containerDir148/1670616787057/chunks/1670616787119.block
2022-12-09 20:13:07,330 [BlockDeletingService#0] INFO  impl.FilePerBlockStrategy (FilePerBlockStrategy.java:deleteChunk(232)) - Deleted block file: /home/runner/work/ozone/ozone/hadoop-hdds/container-service/target/test-dir/TestBlockDeletingService/hdds/cd3de191-f15c-4d8d-8445-eda5fd274727/current/containerDir148/1670616787123/chunks/1670616787157.block
2022-12-09 20:13:07,330 [BlockDeletingService#0] INFO  impl.FilePerBlockStrategy (FilePerBlockStrategy.java:deleteChunk(232)) - Deleted block file: /home/runner/work/ozone/ozone/hadoop-hdds/container-service/target/test-dir/TestBlockDeletingService/hdds/cd3de191-f15c-4d8d-8445-eda5fd274727/current/containerDir148/1670616787123/chunks/1670616787160.block
2022-12-09 20:13:07,330 [BlockDeletingService#0] INFO  impl.FilePerBlockStrategy (FilePerBlockStrategy.java:deleteChunk(232)) - Deleted block file: /home/runner/work/ozone/ozone/hadoop-hdds/container-service/target/test-dir/TestBlockDeletingService/hdds/cd3de191-f15c-4d8d-8445-eda5fd274727/current/containerDir148/1670616787123/chunks/1670616787164.block
2022-12-09 20:13:07,331 [BlockDeletingService#0] WARN  utils.BackgroundService (BackgroundService.java:lambda$run$0(130)) - BlockDeletingService Background task execution took 3397840ns > 0ns(timeout)
2022-12-09 20:13:07,331 [BlockDeletingService#3] INFO  impl.FilePerBlockStrategy (FilePerBlockStrategy.java:deleteChunk(232)) - Deleted block file: /home/runner/work/ozone/ozone/hadoop-hdds/container-service/target/test-dir/TestBlockDeletingService/hdds/cd3de191-f15c-4d8d-8445-eda5fd274727/current/containerDir148/1670616787014/chunks/1670616787049.block
2022-12-09 20:13:07,331 [BlockDeletingService#3] INFO  impl.FilePerBlockStrategy (FilePerBlockStrategy.java:deleteChunk(232)) - Deleted block file: /home/runner/work/ozone/ozone/hadoop-hdds/container-service/target/test-dir/TestBlockDeletingService/hdds/cd3de191-f15c-4d8d-8445-eda5fd274727/current/containerDir148/1670616787014/chunks/1670616787052.block
2022-12-09 20:13:07,331 [BlockDeletingService#3] INFO  impl.FilePerBlockStrategy (FilePerBlockStrategy.java:deleteChunk(232)) - Deleted block file: /home/runner/work/ozone/ozone/hadoop-hdds/container-service/target/test-dir/TestBlockDeletingService/hdds/cd3de191-f15c-4d8d-8445-eda5fd274727/current/containerDir148/1670616787014/chunks/1670616787055.block
2022-12-09 20:13:07,332 [BlockDeletingService#3] WARN  utils.BackgroundService (BackgroundService.java:lambda$run$0(130)) - BlockDeletingService Background task execution took 4554954ns > 0ns(timeout)
2022-12-09 20:13:07,333 [BlockDeletingService#1] INFO  impl.FilePerBlockStrategy (FilePerBlockStrategy.java:deleteChunk(232)) - Deleted block file: /home/runner/work/ozone/ozone/hadoop-hdds/container-service/target/test-dir/TestBlockDeletingService/hdds/cd3de191-f15c-4d8d-8445-eda5fd274727/current/containerDir148/1670616787057/chunks/1670616787122.block
2022-12-09 20:13:07,334 [BlockDeletingService#1] WARN  utils.BackgroundService (BackgroundService.java:lambda$run$0(130)) - BlockDeletingService Background task execution took 7945193ns > 0ns(timeout)
2022-12-09 20:13:07,429 [BlockDeletingService#2] INFO  impl.FilePerBlockStrategy (FilePerBlockStrategy.java:deleteChunk(232)) - Deleted block file: /home/runner/work/ozone/ozone/hadoop-hdds/container-service/target/test-dir/TestBlockDeletingService/hdds/cd3de191-f15c-4d8d-8445-eda5fd274727/current/containerDir148/1670616786972/chunks/1670616787006.block
2022-12-09 20:13:07,429 [BlockDeletingService#2] INFO  impl.FilePerBlockStrategy (FilePerBlockStrategy.java:deleteChunk(232)) - Deleted block file: /home/runner/work/ozone/ozone/hadoop-hdds/container-service/target/test-dir/TestBlockDeletingService/hdds/cd3de191-f15c-4d8d-8445-eda5fd274727/current/containerDir148/1670616786972/chunks/1670616787009.block
2022-12-09 20:13:07,429 [BlockDeletingService#2] INFO  impl.FilePerBlockStrategy (FilePerBlockStrategy.java:deleteChunk(232)) - Deleted block file: /home/runner/work/ozone/ozone/hadoop-hdds/container-service/target/test-dir/TestBlockDeletingService/hdds/cd3de191-f15c-4d8d-8445-eda5fd274727/current/containerDir148/1670616786972/chunks/1670616787013.block
2022-12-09 20:13:07,429 [BlockDeletingService#2] WARN  utils.BackgroundService (BackgroundService.java:lambda$run$0(130)) - BlockDeletingService Background task execution took 1693120ns > 0ns(timeout)
2022-12-09 20:13:07,430 [BlockDeletingService#0] INFO  impl.FilePerBlockStrategy (FilePerBlockStrategy.java:deleteChunk(232)) - Deleted block file: /home/runner/work/ozone/ozone/hadoop-hdds/container-service/target/test-dir/TestBlockDeletingService/hdds/cd3de191-f15c-4d8d-8445-eda5fd274727/current/containerDir148/1670616787165/chunks/1670616787217.block
2022-12-09 20:13:07,430 [BlockDeletingService#0] INFO  impl.FilePerBlockStrategy (FilePerBlockStrategy.java:deleteChunk(232)) - Deleted block file: /home/runner/work/ozone/ozone/hadoop-hdds/container-service/target/test-dir/TestBlockDeletingService/hdds/cd3de191-f15c-4d8d-8445-eda5fd274727/current/containerDir148/1670616787165/chunks/1670616787220.block
2022-12-09 20:13:07,431 [BlockDeletingService#0] WARN  utils.BackgroundService (BackgroundService.java:lambda$run$0(130)) - BlockDeletingService Background task execution took 889911ns > 0ns(timeout)
2022-12-09 20:13:07,524 [Time-limited test] INFO  utils.BackgroundService (BackgroundService.java:shutdown(141)) - Shutting down service BlockDeletingService
]]></system-out>
  </testcase>
  <testcase name="testBlockThrottle" classname="TestBlockDeletingService" time="0.637">
    <system-out><![CDATA[2022-12-09 20:13:09,866 [main] INFO  volume.HddsVolume (HddsVolume.java:<init>(117)) - Creating HddsVolume: /home/runner/work/ozone/ozone/hadoop-hdds/container-service/target/test-dir/TestBlockDeletingService/hdds of storage type : DISK capacity : 9223372036854775807
2022-12-09 20:13:09,868 [main] INFO  volume.MutableVolumeSet (MutableVolumeSet.java:initializeVolumeSet(174)) - Added Volume : /home/runner/work/ozone/ozone/hadoop-hdds/container-service/target/test-dir/TestBlockDeletingService/hdds to VolumeSet
2022-12-09 20:13:10,285 [BlockDeletingService#1] INFO  impl.FilePerBlockStrategy (FilePerBlockStrategy.java:deleteChunk(232)) - Deleted block file: /home/runner/work/ozone/ozone/hadoop-hdds/container-service/target/test-dir/TestBlockDeletingService/hdds/118075bd-d6d0-40ad-a7bd-2db271bde2c4/current/containerDir154/1670616790087/chunks/1670616790126.block
2022-12-09 20:13:10,285 [BlockDeletingService#1] INFO  impl.FilePerBlockStrategy (FilePerBlockStrategy.java:deleteChunk(232)) - Deleted block file: /home/runner/work/ozone/ozone/hadoop-hdds/container-service/target/test-dir/TestBlockDeletingService/hdds/118075bd-d6d0-40ad-a7bd-2db271bde2c4/current/containerDir154/1670616790087/chunks/1670616790130.block
2022-12-09 20:13:10,285 [BlockDeletingService#1] INFO  impl.FilePerBlockStrategy (FilePerBlockStrategy.java:deleteChunk(232)) - Deleted block file: /home/runner/work/ozone/ozone/hadoop-hdds/container-service/target/test-dir/TestBlockDeletingService/hdds/118075bd-d6d0-40ad-a7bd-2db271bde2c4/current/containerDir154/1670616790087/chunks/1670616790133.block
2022-12-09 20:13:10,285 [BlockDeletingService#1] WARN  utils.BackgroundService (BackgroundService.java:lambda$run$0(130)) - BlockDeletingService Background task execution took 1911223ns > 0ns(timeout)
2022-12-09 20:13:10,286 [BlockDeletingService#1] INFO  impl.FilePerBlockStrategy (FilePerBlockStrategy.java:deleteChunk(232)) - Deleted block file: /home/runner/work/ozone/ozone/hadoop-hdds/container-service/target/test-dir/TestBlockDeletingService/hdds/118075bd-d6d0-40ad-a7bd-2db271bde2c4/current/containerDir153/1670616789992/chunks/1670616790030.block
2022-12-09 20:13:10,286 [BlockDeletingService#1] WARN  utils.BackgroundService (BackgroundService.java:lambda$run$0(130)) - BlockDeletingService Background task execution took 790809ns > 0ns(timeout)
2022-12-09 20:13:10,287 [BlockDeletingService#1] INFO  impl.FilePerBlockStrategy (FilePerBlockStrategy.java:deleteChunk(232)) - Deleted block file: /home/runner/work/ozone/ozone/hadoop-hdds/container-service/target/test-dir/TestBlockDeletingService/hdds/118075bd-d6d0-40ad-a7bd-2db271bde2c4/current/containerDir154/1670616790134/chunks/1670616790167.block
2022-12-09 20:13:10,287 [BlockDeletingService#1] INFO  impl.FilePerBlockStrategy (FilePerBlockStrategy.java:deleteChunk(232)) - Deleted block file: /home/runner/work/ozone/ozone/hadoop-hdds/container-service/target/test-dir/TestBlockDeletingService/hdds/118075bd-d6d0-40ad-a7bd-2db271bde2c4/current/containerDir154/1670616790134/chunks/1670616790171.block
2022-12-09 20:13:10,287 [BlockDeletingService#1] INFO  impl.FilePerBlockStrategy (FilePerBlockStrategy.java:deleteChunk(232)) - Deleted block file: /home/runner/work/ozone/ozone/hadoop-hdds/container-service/target/test-dir/TestBlockDeletingService/hdds/118075bd-d6d0-40ad-a7bd-2db271bde2c4/current/containerDir154/1670616790134/chunks/1670616790178.block
2022-12-09 20:13:10,288 [BlockDeletingService#1] WARN  utils.BackgroundService (BackgroundService.java:lambda$run$0(130)) - BlockDeletingService Background task execution took 1331016ns > 0ns(timeout)
2022-12-09 20:13:10,290 [BlockDeletingService#2] INFO  impl.FilePerBlockStrategy (FilePerBlockStrategy.java:deleteChunk(232)) - Deleted block file: /home/runner/work/ozone/ozone/hadoop-hdds/container-service/target/test-dir/TestBlockDeletingService/hdds/118075bd-d6d0-40ad-a7bd-2db271bde2c4/current/containerDir154/1670616790039/chunks/1670616790078.block
2022-12-09 20:13:10,290 [BlockDeletingService#2] INFO  impl.FilePerBlockStrategy (FilePerBlockStrategy.java:deleteChunk(232)) - Deleted block file: /home/runner/work/ozone/ozone/hadoop-hdds/container-service/target/test-dir/TestBlockDeletingService/hdds/118075bd-d6d0-40ad-a7bd-2db271bde2c4/current/containerDir154/1670616790039/chunks/1670616790082.block
2022-12-09 20:13:10,290 [BlockDeletingService#2] INFO  impl.FilePerBlockStrategy (FilePerBlockStrategy.java:deleteChunk(232)) - Deleted block file: /home/runner/work/ozone/ozone/hadoop-hdds/container-service/target/test-dir/TestBlockDeletingService/hdds/118075bd-d6d0-40ad-a7bd-2db271bde2c4/current/containerDir154/1670616790039/chunks/1670616790085.block
2022-12-09 20:13:10,291 [BlockDeletingService#2] WARN  utils.BackgroundService (BackgroundService.java:lambda$run$0(130)) - BlockDeletingService Background task execution took 3752644ns > 0ns(timeout)
2022-12-09 20:13:10,385 [BlockDeletingService#0] INFO  impl.FilePerBlockStrategy (FilePerBlockStrategy.java:deleteChunk(232)) - Deleted block file: /home/runner/work/ozone/ozone/hadoop-hdds/container-service/target/test-dir/TestBlockDeletingService/hdds/118075bd-d6d0-40ad-a7bd-2db271bde2c4/current/containerDir153/1670616789933/chunks/1670616789983.block
2022-12-09 20:13:10,385 [BlockDeletingService#0] INFO  impl.FilePerBlockStrategy (FilePerBlockStrategy.java:deleteChunk(232)) - Deleted block file: /home/runner/work/ozone/ozone/hadoop-hdds/container-service/target/test-dir/TestBlockDeletingService/hdds/118075bd-d6d0-40ad-a7bd-2db271bde2c4/current/containerDir153/1670616789933/chunks/1670616789987.block
2022-12-09 20:13:10,385 [BlockDeletingService#0] INFO  impl.FilePerBlockStrategy (FilePerBlockStrategy.java:deleteChunk(232)) - Deleted block file: /home/runner/work/ozone/ozone/hadoop-hdds/container-service/target/test-dir/TestBlockDeletingService/hdds/118075bd-d6d0-40ad-a7bd-2db271bde2c4/current/containerDir153/1670616789933/chunks/1670616789990.block
2022-12-09 20:13:10,386 [BlockDeletingService#0] WARN  utils.BackgroundService (BackgroundService.java:lambda$run$0(130)) - BlockDeletingService Background task execution took 2883633ns > 0ns(timeout)
2022-12-09 20:13:10,386 [BlockDeletingService#4] INFO  impl.FilePerBlockStrategy (FilePerBlockStrategy.java:deleteChunk(232)) - Deleted block file: /home/runner/work/ozone/ozone/hadoop-hdds/container-service/target/test-dir/TestBlockDeletingService/hdds/118075bd-d6d0-40ad-a7bd-2db271bde2c4/current/containerDir153/1670616789992/chunks/1670616790034.block
2022-12-09 20:13:10,386 [BlockDeletingService#4] INFO  impl.FilePerBlockStrategy (FilePerBlockStrategy.java:deleteChunk(232)) - Deleted block file: /home/runner/work/ozone/ozone/hadoop-hdds/container-service/target/test-dir/TestBlockDeletingService/hdds/118075bd-d6d0-40ad-a7bd-2db271bde2c4/current/containerDir153/1670616789992/chunks/1670616790038.block
2022-12-09 20:13:10,387 [BlockDeletingService#4] WARN  utils.BackgroundService (BackgroundService.java:lambda$run$0(130)) - BlockDeletingService Background task execution took 3730644ns > 0ns(timeout)
2022-12-09 20:13:10,482 [Time-limited test] INFO  utils.BackgroundService (BackgroundService.java:shutdown(141)) - Shutting down service BlockDeletingService
]]></system-out>
  </testcase>
  <testcase name="testBlockThrottle" classname="TestBlockDeletingService" time="0.477">
    <system-out><![CDATA[2022-12-09 20:13:12,696 [main] INFO  volume.HddsVolume (HddsVolume.java:<init>(117)) - Creating HddsVolume: /home/runner/work/ozone/ozone/hadoop-hdds/container-service/target/test-dir/TestBlockDeletingService/hdds of storage type : DISK capacity : 9223372036854775807
2022-12-09 20:13:12,697 [main] INFO  volume.MutableVolumeSet (MutableVolumeSet.java:initializeVolumeSet(174)) - Added Volume : /home/runner/work/ozone/ozone/hadoop-hdds/container-service/target/test-dir/TestBlockDeletingService/hdds to VolumeSet
2022-12-09 20:13:12,734 [main] INFO  utils.DatanodeStoreCache (DatanodeStoreCache.java:addDB(58)) - Added db /home/runner/work/ozone/ozone/hadoop-hdds/container-service/target/test-dir/TestBlockDeletingService/hdds/29c90b24-cb25-4b55-9f58-839b74166904/DS-97189f20-1742-4b09-bb09-fd924e2c9fa1/container.db to cache
2022-12-09 20:13:12,734 [main] INFO  volume.HddsVolume (HddsVolume.java:createDbStore(307)) - SchemaV3 db is created and loaded at /home/runner/work/ozone/ozone/hadoop-hdds/container-service/target/test-dir/TestBlockDeletingService/hdds/29c90b24-cb25-4b55-9f58-839b74166904/DS-97189f20-1742-4b09-bb09-fd924e2c9fa1/container.db for volume DS-97189f20-1742-4b09-bb09-fd924e2c9fa1
2022-12-09 20:13:12,959 [BlockDeletingService#2] INFO  impl.FilePerBlockStrategy (FilePerBlockStrategy.java:deleteChunk(232)) - Deleted block file: /home/runner/work/ozone/ozone/hadoop-hdds/container-service/target/test-dir/TestBlockDeletingService/hdds/29c90b24-cb25-4b55-9f58-839b74166904/current/containerDir159/1670616792827/chunks/1670616792833.block
2022-12-09 20:13:12,959 [BlockDeletingService#1] INFO  impl.FilePerBlockStrategy (FilePerBlockStrategy.java:deleteChunk(232)) - Deleted block file: /home/runner/work/ozone/ozone/hadoop-hdds/container-service/target/test-dir/TestBlockDeletingService/hdds/29c90b24-cb25-4b55-9f58-839b74166904/current/containerDir159/1670616792801/chunks/1670616792806.block
2022-12-09 20:13:12,959 [BlockDeletingService#2] WARN  utils.BackgroundService (BackgroundService.java:lambda$run$0(130)) - BlockDeletingService Background task execution took 1343116ns > 0ns(timeout)
2022-12-09 20:13:12,959 [BlockDeletingService#1] INFO  impl.FilePerBlockStrategy (FilePerBlockStrategy.java:deleteChunk(232)) - Deleted block file: /home/runner/work/ozone/ozone/hadoop-hdds/container-service/target/test-dir/TestBlockDeletingService/hdds/29c90b24-cb25-4b55-9f58-839b74166904/current/containerDir159/1670616792801/chunks/1670616792809.block
2022-12-09 20:13:12,959 [BlockDeletingService#1] INFO  impl.FilePerBlockStrategy (FilePerBlockStrategy.java:deleteChunk(232)) - Deleted block file: /home/runner/work/ozone/ozone/hadoop-hdds/container-service/target/test-dir/TestBlockDeletingService/hdds/29c90b24-cb25-4b55-9f58-839b74166904/current/containerDir159/1670616792801/chunks/1670616792813.block
2022-12-09 20:13:12,960 [BlockDeletingService#3] INFO  impl.FilePerBlockStrategy (FilePerBlockStrategy.java:deleteChunk(232)) - Deleted block file: /home/runner/work/ozone/ozone/hadoop-hdds/container-service/target/test-dir/TestBlockDeletingService/hdds/29c90b24-cb25-4b55-9f58-839b74166904/current/containerDir159/1670616792841/chunks/1670616792846.block
)) - Deleted block file: /home/runner/work/ozone/ozone/hadoop-hdds/container-service/target/test-dir/TestBlockDeletingService/hdds/29c90b24-cb25-4b55-9f58-839b74166904/current/containerDir159/1670616792785/chunks/1670616792791.block
2022-12-09 20:13:12,960 [BlockDeletingService#1] WARN  utils.BackgroundService (BackgroundService.java:lambda$run$0(130)) - BlockDeletingService Background task execution took 2991335ns > 0ns(timeout)
2022-12-09 20:13:12,960 [BlockDeletingService#2] INFO  impl.FilePerBlockStrategy (FilePerBlockStrategy.java:deleteChunk(232)) - Deleted block file: /home/runner/work/ozone/ozone/hadoop-hdds/container-service/target/test-dir/TestBlockDeletingService/hdds/29c90b24-cb25-4b55-9f58-839b74166904/current/containerDir159/1670616792785/chunks/1670616792795.block
2022-12-09 20:13:12,961 [BlockDeletingService#2] INFO  impl.FilePerBlockStrategy (FilePerBlockStrategy.java:deleteChunk(232)) - Deleted block file: /home/runner/work/ozone/ozone/hadoop-hdds/container-service/target/test-dir/TestBlockDeletingService/hdds/29c90b24-cb25-4b55-9f58-839b74166904/current/containerDir159/1670616792785/chunks/1670616792799.block
2022-12-09 20:13:12,961 [BlockDeletingService#2] WARN  utils.BackgroundService (BackgroundService.java:lambda$run$0(130)) - BlockDeletingService Background task execution took 1814421ns > 0ns(timeout)
2022-12-09 20:13:12,961 [BlockDeletingService#3] INFO  impl.FilePerBlockStrategy (FilePerBlockStrategy.java:deleteChunk(232)) - Deleted block file: /home/runner/work/ozone/ozone/hadoop-hdds/container-service/target/test-dir/TestBlockDeletingService/hdds/29c90b24-cb25-4b55-9f58-839b74166904/current/containerDir159/1670616792841/chunks/1670616792849.block
2022-12-09 20:13:12,961 [BlockDeletingService#3] INFO  impl.FilePerBlockStrategy (FilePerBlockStrategy.java:deleteChunk(232)) - Deleted block file: /home/runner/work/ozone/ozone/hadoop-hdds/container-service/target/test-dir/TestBlockDeletingService/hdds/29c90b24-cb25-4b55-9f58-839b74166904/current/containerDir159/1670616792841/chunks/1670616792852.block
2022-12-09 20:13:12,964 [BlockDeletingService#3] WARN  utils.BackgroundService (BackgroundService.java:lambda$run$0(130)) - BlockDeletingService Background task execution took 6462476ns > 0ns(timeout)
2022-12-09 20:13:13,057 [BlockDeletingService#1] INFO  impl.FilePerBlockStrategy (FilePerBlockStrategy.java:deleteChunk(232)) - Deleted block file: /home/runner/work/ozone/ozone/hadoop-hdds/container-service/target/test-dir/TestBlockDeletingService/hdds/29c90b24-cb25-4b55-9f58-839b74166904/current/containerDir159/1670616792827/chunks/1670616792836.block
2022-12-09 20:13:13,057 [BlockDeletingService#1] INFO  impl.FilePerBlockStrategy (FilePerBlockStrategy.java:deleteChunk(232)) - Deleted block file: /home/runner/work/ozone/ozone/hadoop-hdds/container-service/target/test-dir/TestBlockDeletingService/hdds/29c90b24-cb25-4b55-9f58-839b74166904/current/containerDir159/1670616792827/chunks/1670616792840.block
2022-12-09 20:13:13,058 [BlockDeletingService#1] WARN  utils.BackgroundService (BackgroundService.java:lambda$run$0(130)) - BlockDeletingService Background task execution took 1340416ns > 0ns(timeout)
2022-12-09 20:13:13,059 [BlockDeletingService#4] INFO  impl.FilePerBlockStrategy (FilePerBlockStrategy.java:deleteChunk(232)) - Deleted block file: /home/runner/work/ozone/ozone/hadoop-hdds/container-service/target/test-dir/TestBlockDeletingService/hdds/29c90b24-cb25-4b55-9f58-839b74166904/current/containerDir159/1670616792814/chunks/1670616792820.block
2022-12-09 20:13:13,059 [BlockDeletingService#4] INFO  impl.FilePerBlockStrategy (FilePerBlockStrategy.java:deleteChunk(232)) - Deleted block file: /home/runner/work/ozone/ozone/hadoop-hdds/container-service/target/test-dir/TestBlockDeletingService/hdds/29c90b24-cb25-4b55-9f58-839b74166904/current/containerDir159/1670616792814/chunks/1670616792823.block
2022-12-09 20:13:13,059 [BlockDeletingService#4] INFO  impl.FilePerBlockStrategy (FilePerBlockStrategy.java:deleteChunk(232)) - Deleted block file: /home/runner/work/ozone/ozone/hadoop-hdds/container-service/target/test-dir/TestBlockDeletingService/hdds/29c90b24-cb25-4b55-9f58-839b74166904/current/containerDir159/1670616792814/chunks/1670616792826.block
2022-12-09 20:13:13,059 [BlockDeletingService#4] WARN  utils.BackgroundService (BackgroundService.java:lambda$run$0(130)) - BlockDeletingService Background task execution took 3224538ns > 0ns(timeout)
2022-12-09 20:13:13,156 [Time-limited test] INFO  utils.BackgroundService (BackgroundService.java:shutdown(141)) - Shutting down service BlockDeletingService
]]></system-out>
  </testcase>
</testsuite>