<?xml version="1.0" encoding="UTF-8"?>
<testsuite xmlns:xsi="http://www.w3.org/2001/XMLSchema-instance" xsi:noNamespaceSchemaLocation="https://maven.apache.org/surefire/maven-surefire-plugin/xsd/surefire-test-report.xsd" name="org.apache.hadoop.ozone.client.rpc.TestDeleteWithSlowFollower" time="28.934" tests="1" errors="0" skipped="0" failures="1">
  <properties>
    <property name="awt.toolkit" value="sun.awt.X11.XToolkit"/>
    <property name="file.encoding.pkg" value="sun.io"/>
    <property name="java.specification.version" value="1.8"/>
    <property name="sun.cpu.isalist" value=""/>
    <property name="sun.jnu.encoding" value="ANSI_X3.4-1968"/>
    <property name="java.class.path" value="/github/workspace/mnt/ozone/hadoop-ozone/integration-test/target/test-classes:/github/workspace/mnt/ozone/hadoop-ozone/integration-test/target/classes:/home/user/.m2/repository/org/apache/hadoop/hadoop-ozone-common/0.6.0-SNAPSHOT/hadoop-ozone-common-0.6.0-SNAPSHOT.jar:/home/user/.m2/repository/org/apache/commons/commons-compress/1.4.1/commons-compress-1.4.1.jar:/home/user/.m2/repository/org/tukaani/xz/1.0/xz-1.0.jar:/home/user/.m2/repository/org/apache/hadoop/hadoop-hdds-common/0.6.0-SNAPSHOT/hadoop-hdds-common-0.6.0-SNAPSHOT.jar:/home/user/.m2/repository/org/apache/hadoop/hadoop-hdds-hadoop-dependency-client/0.6.0-SNAPSHOT/hadoop-hdds-hadoop-dependency-client-0.6.0-SNAPSHOT.jar:/home/user/.m2/repository/info/picocli/picocli/3.9.6/picocli-3.9.6.jar:/home/user/.m2/repository/com/fasterxml/jackson/core/jackson-annotations/2.10.3/jackson-annotations-2.10.3.jar:/home/user/.m2/repository/javax/annotation/javax.annotation-api/1.2/javax.annotation-api-1.2.jar:/home/user/.m2/repository/org/apache/ratis/ratis-server/0.6.0-6ab75ae-SNAPSHOT/ratis-server-0.6.0-6ab75ae-SNAPSHOT.jar:/home/user/.m2/repository/org/apache/ratis/ratis-client/0.6.0-6ab75ae-SNAPSHOT/ratis-client-0.6.0-6ab75ae-SNAPSHOT.jar:/home/user/.m2/repository/org/apache/ratis/ratis-metrics/0.6.0-6ab75ae-SNAPSHOT/ratis-metrics-0.6.0-6ab75ae-SNAPSHOT.jar:/home/user/.m2/repository/org/apache/ratis/ratis-netty/0.6.0-6ab75ae-SNAPSHOT/ratis-netty-0.6.0-6ab75ae-SNAPSHOT.jar:/home/user/.m2/repository/org/apache/ratis/ratis-grpc/0.6.0-6ab75ae-SNAPSHOT/ratis-grpc-0.6.0-6ab75ae-SNAPSHOT.jar:/home/user/.m2/repository/org/apache/logging/log4j/log4j-api/2.11.0/log4j-api-2.11.0.jar:/home/user/.m2/repository/org/apache/logging/log4j/log4j-core/2.11.0/log4j-core-2.11.0.jar:/home/user/.m2/repository/com/lmax/disruptor/3.4.2/disruptor-3.4.2.jar:/home/user/.m2/repository/org/apache/commons/commons-pool2/2.6.0/commons-pool2-2.6.0.jar:/home/user/.m2/repository/org/bouncycastle/bcpkix-jdk15on/1.60/bcpkix-jdk15on-1.60.jar:/home/user/.m2/repository/commons-validator/commons-validator/1.6/commons-validator-1.6.jar:/home/user/.m2/repository/commons-digester/commons-digester/1.8.1/commons-digester-1.8.1.jar:/home/user/.m2/repository/io/jaegertracing/jaeger-client/1.2.0/jaeger-client-1.2.0.jar:/home/user/.m2/repository/io/jaegertracing/jaeger-thrift/1.2.0/jaeger-thrift-1.2.0.jar:/home/user/.m2/repository/org/apache/thrift/libthrift/0.13.0/libthrift-0.13.0.jar:/home/user/.m2/repository/com/squareup/okhttp3/okhttp/4.2.2/okhttp-4.2.2.jar:/home/user/.m2/repository/com/squareup/okio/okio/2.2.2/okio-2.2.2.jar:/home/user/.m2/repository/org/jetbrains/kotlin/kotlin-stdlib/1.3.50/kotlin-stdlib-1.3.50.jar:/home/user/.m2/repository/org/jetbrains/kotlin/kotlin-stdlib-common/1.3.50/kotlin-stdlib-common-1.3.50.jar:/home/user/.m2/repository/org/jetbrains/annotations/13.0/annotations-13.0.jar:/home/user/.m2/repository/io/jaegertracing/jaeger-core/1.2.0/jaeger-core-1.2.0.jar:/home/user/.m2/repository/io/jaegertracing/jaeger-tracerresolver/1.2.0/jaeger-tracerresolver-1.2.0.jar:/home/user/.m2/repository/io/opentracing/contrib/opentracing-tracerresolver/0.1.8/opentracing-tracerresolver-0.1.8.jar:/home/user/.m2/repository/io/opentracing/opentracing-util/0.33.0/opentracing-util-0.33.0.jar:/home/user/.m2/repository/io/opentracing/opentracing-api/0.33.0/opentracing-api-0.33.0.jar:/home/user/.m2/repository/io/opentracing/opentracing-noop/0.33.0/opentracing-noop-0.33.0.jar:/home/user/.m2/repository/org/apache/hadoop/hadoop-hdds-client/0.6.0-SNAPSHOT/hadoop-hdds-client-0.6.0-SNAPSHOT.jar:/home/user/.m2/repository/org/apache/hadoop/hadoop-ozone-interface-client/0.6.0-SNAPSHOT/hadoop-ozone-interface-client-0.6.0-SNAPSHOT.jar:/home/user/.m2/repository/org/apache/hadoop/hadoop-hdds-test-utils/0.6.0-SNAPSHOT/hadoop-hdds-test-utils-0.6.0-SNAPSHOT.jar:/home/user/.m2/repository/com/google/guava/guava/28.2-jre/guava-28.2-jre.jar:/home/user/.m2/repository/com/google/guava/failureaccess/1.0.1/failureaccess-1.0.1.jar:/home/user/.m2/repository/com/google/guava/listenablefuture/9999.0-empty-to-avoid-conflict-with-guava/listenablefuture-9999.0-empty-to-avoid-conflict-with-guava.jar:/home/user/.m2/repository/com/google/code/findbugs/jsr305/3.0.0/jsr305-3.0.0.jar:/home/user/.m2/repository/org/checkerframework/checker-qual/2.10.0/checker-qual-2.10.0.jar:/home/user/.m2/repository/com/google/errorprone/error_prone_annotations/2.2.0/error_prone_annotations-2.2.0.jar:/home/user/.m2/repository/com/google/j2objc/j2objc-annotations/1.3/j2objc-annotations-1.3.jar:/home/user/.m2/repository/commons-io/commons-io/2.5/commons-io-2.5.jar:/home/user/.m2/repository/commons-logging/commons-logging/1.2/commons-logging-1.2.jar:/home/user/.m2/repository/log4j/log4j/1.2.17/log4j-1.2.17.jar:/home/user/.m2/repository/org/slf4j/slf4j-api/1.7.25/slf4j-api-1.7.25.jar:/home/user/.m2/repository/org/apache/hadoop/hadoop-hdds-server-scm/0.6.0-SNAPSHOT/hadoop-hdds-server-scm-0.6.0-SNAPSHOT.jar:/home/user/.m2/repository/org/apache/hadoop/hadoop-hdds-container-service/0.6.0-SNAPSHOT/hadoop-hdds-container-service-0.6.0-SNAPSHOT.jar:/home/user/.m2/repository/org/apache/hadoop/hadoop-hdds-hadoop-dependency-server/0.6.0-SNAPSHOT/hadoop-hdds-hadoop-dependency-server-0.6.0-SNAPSHOT.jar:/home/user/.m2/repository/org/apache/hadoop/hadoop-hdds-server-framework/0.6.0-SNAPSHOT/hadoop-hdds-server-framework-0.6.0-SNAPSHOT.jar:/home/user/.m2/repository/org/apache/hadoop/hadoop-hdds-interface-server/0.6.0-SNAPSHOT/hadoop-hdds-interface-server-0.6.0-SNAPSHOT.jar:/home/user/.m2/repository/org/apache/hadoop/hadoop-hdds-interface-admin/0.6.0-SNAPSHOT/hadoop-hdds-interface-admin-0.6.0-SNAPSHOT.jar:/home/user/.m2/repository/org/rocksdb/rocksdbjni/6.8.1/rocksdbjni-6.8.1.jar:/home/user/.m2/repository/io/prometheus/simpleclient_dropwizard/0.7.0/simpleclient_dropwizard-0.7.0.jar:/home/user/.m2/repository/io/prometheus/simpleclient/0.7.0/simpleclient-0.7.0.jar:/home/user/.m2/repository/io/prometheus/simpleclient_common/0.7.0/simpleclient_common-0.7.0.jar:/home/user/.m2/repository/com/fasterxml/jackson/datatype/jackson-datatype-jsr310/2.10.3/jackson-datatype-jsr310-2.10.3.jar:/home/user/.m2/repository/org/apache/hadoop/hadoop-hdds-docs/0.6.0-SNAPSHOT/hadoop-hdds-docs-0.6.0-SNAPSHOT.jar:/home/user/.m2/repository/io/dropwizard/metrics/metrics-core/3.2.4/metrics-core-3.2.4.jar:/home/user/.m2/repository/org/apache/hadoop/hadoop-hdfs-client/3.2.1/hadoop-hdfs-client-3.2.1.jar:/home/user/.m2/repository/org/bouncycastle/bcprov-jdk15on/1.60/bcprov-jdk15on-1.60.jar:/home/user/.m2/repository/org/apache/hadoop/hadoop-ozone-ozone-manager/0.6.0-SNAPSHOT/hadoop-ozone-ozone-manager-0.6.0-SNAPSHOT.jar:/home/user/.m2/repository/org/apache/hadoop/hadoop-hdds-interface-client/0.6.0-SNAPSHOT/hadoop-hdds-interface-client-0.6.0-SNAPSHOT.jar:/home/user/.m2/repository/org/apache/ratis/ratis-thirdparty-misc/0.4.0/ratis-thirdparty-misc-0.4.0.jar:/home/user/.m2/repository/org/apache/hadoop/hadoop-minikdc/3.2.1/hadoop-minikdc-3.2.1.jar:/home/user/.m2/repository/org/apache/kerby/kerb-simplekdc/1.0.1/kerb-simplekdc-1.0.1.jar:/home/user/.m2/repository/org/apache/kerby/kerb-client/1.0.1/kerb-client-1.0.1.jar:/home/user/.m2/repository/org/apache/kerby/kerby-config/1.0.1/kerby-config-1.0.1.jar:/home/user/.m2/repository/org/apache/kerby/kerb-core/1.0.1/kerb-core-1.0.1.jar:/home/user/.m2/repository/org/apache/kerby/kerby-pkix/1.0.1/kerby-pkix-1.0.1.jar:/home/user/.m2/repository/org/apache/kerby/kerby-asn1/1.0.1/kerby-asn1-1.0.1.jar:/home/user/.m2/repository/org/apache/kerby/kerby-util/1.0.1/kerby-util-1.0.1.jar:/home/user/.m2/repository/org/apache/kerby/kerb-common/1.0.1/kerb-common-1.0.1.jar:/home/user/.m2/repository/org/apache/kerby/kerb-crypto/1.0.1/kerb-crypto-1.0.1.jar:/home/user/.m2/repository/org/apache/kerby/kerb-util/1.0.1/kerb-util-1.0.1.jar:/home/user/.m2/repository/org/apache/kerby/token-provider/1.0.1/token-provider-1.0.1.jar:/home/user/.m2/repository/org/apache/kerby/kerb-admin/1.0.1/kerb-admin-1.0.1.jar:/home/user/.m2/repository/org/apache/kerby/kerb-server/1.0.1/kerb-server-1.0.1.jar:/home/user/.m2/repository/org/apache/kerby/kerb-identity/1.0.1/kerb-identity-1.0.1.jar:/home/user/.m2/repository/org/apache/kerby/kerby-xdr/1.0.1/kerby-xdr-1.0.1.jar:/home/user/.m2/repository/org/slf4j/slf4j-log4j12/1.7.25/slf4j-log4j12-1.7.25.jar:/home/user/.m2/repository/org/apache/hadoop/hadoop-ozone-s3gateway/0.6.0-SNAPSHOT/hadoop-ozone-s3gateway-0.6.0-SNAPSHOT.jar:/home/user/.m2/repository/org/jboss/weld/servlet/weld-servlet/2.4.7.Final/weld-servlet-2.4.7.Final.jar:/home/user/.m2/repository/org/glassfish/jersey/containers/jersey-container-servlet-core/2.27/jersey-container-servlet-core-2.27.jar:/home/user/.m2/repository/org/glassfish/hk2/external/javax.inject/2.5.0-b42/javax.inject-2.5.0-b42.jar:/home/user/.m2/repository/org/glassfish/jersey/core/jersey-common/2.27/jersey-common-2.27.jar:/home/user/.m2/repository/org/glassfish/hk2/osgi-resource-locator/1.0.1/osgi-resource-locator-1.0.1.jar:/home/user/.m2/repository/javax/ws/rs/javax.ws.rs-api/2.1/javax.ws.rs-api-2.1.jar:/home/user/.m2/repository/org/glassfish/jersey/ext/cdi/jersey-cdi1x/2.27/jersey-cdi1x-2.27.jar:/home/user/.m2/repository/org/glassfish/jersey/inject/jersey-hk2/2.27/jersey-hk2-2.27.jar:/home/user/.m2/repository/org/glassfish/hk2/hk2-locator/2.5.0-b42/hk2-locator-2.5.0-b42.jar:/home/user/.m2/repository/org/javassist/javassist/3.22.0-CR2/javassist-3.22.0-CR2.jar:/home/user/.m2/repository/org/glassfish/hk2/hk2-api/2.5.0/hk2-api-2.5.0.jar:/home/user/.m2/repository/org/glassfish/hk2/external/jakarta.inject/2.5.0/jakarta.inject-2.5.0.jar:/home/user/.m2/repository/org/glassfish/hk2/hk2-utils/2.5.0/hk2-utils-2.5.0.jar:/home/user/.m2/repository/jakarta/annotation/jakarta.annotation-api/1.3.4/jakarta.annotation-api-1.3.4.jar:/home/user/.m2/repository/org/glassfish/hk2/external/aopalliance-repackaged/2.5.0/aopalliance-repackaged-2.5.0.jar:/home/user/.m2/repository/com/fasterxml/jackson/dataformat/jackson-dataformat-xml/2.10.3/jackson-dataformat-xml-2.10.3.jar:/home/user/.m2/repository/com/fasterxml/jackson/core/jackson-core/2.10.3/jackson-core-2.10.3.jar:/home/user/.m2/repository/com/fasterxml/jackson/module/jackson-module-jaxb-annotations/2.10.3/jackson-module-jaxb-annotations-2.10.3.jar:/home/user/.m2/repository/jakarta/xml/bind/jakarta.xml.bind-api/2.3.2/jakarta.xml.bind-api-2.3.2.jar:/home/user/.m2/repository/jakarta/activation/jakarta.activation-api/1.2.1/jakarta.activation-api-1.2.1.jar:/home/user/.m2/repository/org/codehaus/woodstox/stax2-api/3.1.4/stax2-api-3.1.4.jar:/home/user/.m2/repository/com/fasterxml/woodstox/woodstox-core/5.0.3/woodstox-core-5.0.3.jar:/home/user/.m2/repository/javax/enterprise/cdi-api/1.2/cdi-api-1.2.jar:/home/user/.m2/repository/javax/el/javax.el-api/3.0.0/javax.el-api-3.0.0.jar:/home/user/.m2/repository/javax/interceptor/javax.interceptor-api/1.2/javax.interceptor-api-1.2.jar:/home/user/.m2/repository/javax/inject/javax.inject/1/javax.inject-1.jar:/home/user/.m2/repository/com/sun/xml/bind/jaxb-impl/2.3.0.1/jaxb-impl-2.3.0.1.jar:/home/user/.m2/repository/com/sun/xml/bind/jaxb-core/2.3.0.1/jaxb-core-2.3.0.1.jar:/home/user/.m2/repository/javax/xml/bind/jaxb-api/2.3.0/jaxb-api-2.3.0.jar:/home/user/.m2/repository/javax/activation/activation/1.1.1/activation-1.1.1.jar:/home/user/.m2/repository/org/apache/hadoop/hadoop-ozone-csi/0.6.0-SNAPSHOT/hadoop-ozone-csi-0.6.0-SNAPSHOT.jar:/home/user/.m2/repository/com/google/protobuf/protobuf-java-util/3.11.0/protobuf-java-util-3.11.0.jar:/home/user/.m2/repository/com/google/code/gson/gson/2.2.4/gson-2.2.4.jar:/home/user/.m2/repository/org/apache/hadoop/hadoop-hdds-config/0.6.0-SNAPSHOT/hadoop-hdds-config-0.6.0-SNAPSHOT.jar:/home/user/.m2/repository/com/google/protobuf/protobuf-java/2.5.0/protobuf-java-2.5.0.jar:/home/user/.m2/repository/io/grpc/grpc-netty/1.29.0/grpc-netty-1.29.0.jar:/home/user/.m2/repository/io/grpc/grpc-core/1.29.0/grpc-core-1.29.0.jar:/home/user/.m2/repository/com/google/android/annotations/4.1.1.4/annotations-4.1.1.4.jar:/home/user/.m2/repository/io/perfmark/perfmark-api/0.19.0/perfmark-api-0.19.0.jar:/home/user/.m2/repository/io/netty/netty-codec-http2/4.1.48.Final/netty-codec-http2-4.1.48.Final.jar:/home/user/.m2/repository/io/netty/netty-codec/4.1.48.Final/netty-codec-4.1.48.Final.jar:/home/user/.m2/repository/io/netty/netty-handler/4.1.48.Final/netty-handler-4.1.48.Final.jar:/home/user/.m2/repository/io/netty/netty-codec-http/4.1.48.Final/netty-codec-http-4.1.48.Final.jar:/home/user/.m2/repository/io/netty/netty-handler-proxy/4.1.48.Final/netty-handler-proxy-4.1.48.Final.jar:/home/user/.m2/repository/io/netty/netty-codec-socks/4.1.48.Final/netty-codec-socks-4.1.48.Final.jar:/home/user/.m2/repository/io/netty/netty-transport-native-epoll/4.1.48.Final/netty-transport-native-epoll-4.1.48.Final.jar:/home/user/.m2/repository/io/netty/netty-common/4.1.48.Final/netty-common-4.1.48.Final.jar:/home/user/.m2/repository/io/netty/netty-buffer/4.1.48.Final/netty-buffer-4.1.48.Final.jar:/home/user/.m2/repository/io/netty/netty-transport/4.1.48.Final/netty-transport-4.1.48.Final.jar:/home/user/.m2/repository/io/netty/netty-resolver/4.1.48.Final/netty-resolver-4.1.48.Final.jar:/home/user/.m2/repository/io/netty/netty-transport-native-unix-common/4.1.48.Final/netty-transport-native-unix-common-4.1.48.Final.jar:/home/user/.m2/repository/io/grpc/grpc-protobuf/1.29.0/grpc-protobuf-1.29.0.jar:/home/user/.m2/repository/io/grpc/grpc-api/1.29.0/grpc-api-1.29.0.jar:/home/user/.m2/repository/io/grpc/grpc-context/1.29.0/grpc-context-1.29.0.jar:/home/user/.m2/repository/org/codehaus/mojo/animal-sniffer-annotations/1.18/animal-sniffer-annotations-1.18.jar:/home/user/.m2/repository/com/google/api/grpc/proto-google-common-protos/1.17.0/proto-google-common-protos-1.17.0.jar:/home/user/.m2/repository/io/grpc/grpc-protobuf-lite/1.29.0/grpc-protobuf-lite-1.29.0.jar:/home/user/.m2/repository/io/grpc/grpc-stub/1.29.0/grpc-stub-1.29.0.jar:/home/user/.m2/repository/org/apache/hadoop/hadoop-ozone-recon/0.6.0-SNAPSHOT/hadoop-ozone-recon-0.6.0-SNAPSHOT.jar:/home/user/.m2/repository/org/apache/hadoop/hadoop-ozone-reconcodegen/0.6.0-SNAPSHOT/hadoop-ozone-reconcodegen-0.6.0-SNAPSHOT.jar:/home/user/.m2/repository/com/google/inject/extensions/guice-multibindings/4.0/guice-multibindings-4.0.jar:/home/user/.m2/repository/com/google/inject/guice/4.0/guice-4.0.jar:/home/user/.m2/repository/aopalliance/aopalliance/1.0/aopalliance-1.0.jar:/home/user/.m2/repository/com/google/inject/extensions/guice-assistedinject/4.0/guice-assistedinject-4.0.jar:/home/user/.m2/repository/com/google/inject/extensions/guice-servlet/4.0/guice-servlet-4.0.jar:/home/user/.m2/repository/org/glassfish/jersey/containers/jersey-container-servlet/2.27/jersey-container-servlet-2.27.jar:/home/user/.m2/repository/org/glassfish/hk2/guice-bridge/2.5.0/guice-bridge-2.5.0.jar:/home/user/.m2/repository/org/glassfish/jersey/core/jersey-server/2.27/jersey-server-2.27.jar:/home/user/.m2/repository/org/glassfish/jersey/core/jersey-client/2.27/jersey-client-2.27.jar:/home/user/.m2/repository/org/glassfish/jersey/media/jersey-media-jaxb/2.27/jersey-media-jaxb-2.27.jar:/home/user/.m2/repository/javax/validation/validation-api/1.1.0.Final/validation-api-1.1.0.Final.jar:/home/user/.m2/repository/org/glassfish/jersey/media/jersey-media-json-jackson/2.27/jersey-media-json-jackson-2.27.jar:/home/user/.m2/repository/org/glassfish/jersey/ext/jersey-entity-filtering/2.27/jersey-entity-filtering-2.27.jar:/home/user/.m2/repository/org/jooq/jooq/3.11.10/jooq-3.11.10.jar:/home/user/.m2/repository/org/jooq/jooq-meta/3.11.10/jooq-meta-3.11.10.jar:/home/user/.m2/repository/org/jooq/jooq-codegen/3.11.10/jooq-codegen-3.11.10.jar:/home/user/.m2/repository/com/jolbox/bonecp/0.8.0.RELEASE/bonecp-0.8.0.RELEASE.jar:/home/user/.m2/repository/org/apache/derby/derby/10.14.2.0/derby-10.14.2.0.jar:/home/user/.m2/repository/org/xerial/sqlite-jdbc/3.25.2/sqlite-jdbc-3.25.2.jar:/home/user/.m2/repository/org/springframework/spring-jdbc/5.2.5.RELEASE/spring-jdbc-5.2.5.RELEASE.jar:/home/user/.m2/repository/org/springframework/spring-beans/5.2.5.RELEASE/spring-beans-5.2.5.RELEASE.jar:/home/user/.m2/repository/org/springframework/spring-core/5.2.5.RELEASE/spring-core-5.2.5.RELEASE.jar:/home/user/.m2/repository/org/springframework/spring-jcl/5.2.5.RELEASE/spring-jcl-5.2.5.RELEASE.jar:/home/user/.m2/repository/org/springframework/spring-tx/5.2.5.RELEASE/spring-tx-5.2.5.RELEASE.jar:/home/user/.m2/repository/org/apache/hadoop/hadoop-ozone-client/0.6.0-SNAPSHOT/hadoop-ozone-client-0.6.0-SNAPSHOT.jar:/home/user/.m2/repository/org/apache/hadoop/hadoop-ozone-filesystem/0.6.0-SNAPSHOT/hadoop-ozone-filesystem-0.6.0-SNAPSHOT.jar:/home/user/.m2/repository/org/apache/hadoop/hadoop-ozone-filesystem-common/0.6.0-SNAPSHOT/hadoop-ozone-filesystem-common-0.6.0-SNAPSHOT.jar:/home/user/.m2/repository/org/apache/hadoop/hadoop-ozone-tools/0.6.0-SNAPSHOT/hadoop-ozone-tools-0.6.0-SNAPSHOT.jar:/home/user/.m2/repository/org/apache/hadoop/hadoop-hdfs/3.2.1/hadoop-hdfs-3.2.1.jar:/home/user/.m2/repository/org/apache/ratis/ratis-tools/0.6.0-6ab75ae-SNAPSHOT/ratis-tools-0.6.0-6ab75ae-SNAPSHOT.jar:/home/user/.m2/repository/org/apache/ratis/ratis-proto/0.6.0-6ab75ae-SNAPSHOT/ratis-proto-0.6.0-6ab75ae-SNAPSHOT.jar:/home/user/.m2/repository/org/apache/ratis/ratis-common/0.6.0-6ab75ae-SNAPSHOT/ratis-common-0.6.0-6ab75ae-SNAPSHOT.jar:/home/user/.m2/repository/com/amazonaws/aws-java-sdk-core/1.11.615/aws-java-sdk-core-1.11.615.jar:/home/user/.m2/repository/org/apache/httpcomponents/httpclient/4.5.2/httpclient-4.5.2.jar:/home/user/.m2/repository/org/apache/httpcomponents/httpcore/4.4.4/httpcore-4.4.4.jar:/home/user/.m2/repository/software/amazon/ion/ion-java/1.0.2/ion-java-1.0.2.jar:/home/user/.m2/repository/com/fasterxml/jackson/dataformat/jackson-dataformat-cbor/2.10.3/jackson-dataformat-cbor-2.10.3.jar:/home/user/.m2/repository/joda-time/joda-time/2.8.1/joda-time-2.8.1.jar:/home/user/.m2/repository/com/amazonaws/aws-java-sdk-s3/1.11.615/aws-java-sdk-s3-1.11.615.jar:/home/user/.m2/repository/com/amazonaws/aws-java-sdk-kms/1.11.615/aws-java-sdk-kms-1.11.615.jar:/home/user/.m2/repository/com/amazonaws/jmespath-java/1.11.615/jmespath-java-1.11.615.jar:/home/user/.m2/repository/org/apache/hadoop/hadoop-hdds-tools/0.6.0-SNAPSHOT/hadoop-hdds-tools-0.6.0-SNAPSHOT.jar:/home/user/.m2/repository/commons-cli/commons-cli/1.2/commons-cli-1.2.jar:/home/user/.m2/repository/org/apache/commons/commons-lang3/3.7/commons-lang3-3.7.jar:/home/user/.m2/repository/org/apache/hadoop/hadoop-ozone-ozone-manager/0.6.0-SNAPSHOT/hadoop-ozone-ozone-manager-0.6.0-SNAPSHOT-tests.jar:/home/user/.m2/repository/junit/junit/4.11/junit-4.11.jar:/home/user/.m2/repository/org/hamcrest/hamcrest-core/1.3/hamcrest-core-1.3.jar:/home/user/.m2/repository/org/openjdk/jmh/jmh-core/1.19/jmh-core-1.19.jar:/home/user/.m2/repository/net/sf/jopt-simple/jopt-simple/4.6/jopt-simple-4.6.jar:/home/user/.m2/repository/org/apache/commons/commons-math3/3.1.1/commons-math3-3.1.1.jar:/home/user/.m2/repository/org/openjdk/jmh/jmh-generator-annprocess/1.19/jmh-generator-annprocess-1.19.jar:/home/user/.m2/repository/org/mockito/mockito-all/1.8.5/mockito-all-1.8.5.jar:/home/user/.m2/repository/org/apache/hadoop/hadoop-kms/3.2.1/hadoop-kms-3.2.1.jar:/home/user/.m2/repository/org/apache/hadoop/hadoop-auth/3.2.1/hadoop-auth-3.2.1.jar:/home/user/.m2/repository/com/nimbusds/nimbus-jose-jwt/7.9/nimbus-jose-jwt-7.9.jar:/home/user/.m2/repository/com/github/stephenc/jcip/jcip-annotations/1.0-1/jcip-annotations-1.0-1.jar:/home/user/.m2/repository/net/minidev/json-smart/2.3/json-smart-2.3.jar:/home/user/.m2/repository/net/minidev/accessors-smart/1.2/accessors-smart-1.2.jar:/home/user/.m2/repository/org/ow2/asm/asm/5.0.4/asm-5.0.4.jar:/home/user/.m2/repository/org/apache/zookeeper/zookeeper/3.4.13/zookeeper-3.4.13.jar:/home/user/.m2/repository/org/apache/yetus/audience-annotations/0.5.0/audience-annotations-0.5.0.jar:/home/user/.m2/repository/org/apache/curator/curator-framework/2.13.0/curator-framework-2.13.0.jar:/home/user/.m2/repository/com/sun/jersey/jersey-core/1.19/jersey-core-1.19.jar:/home/user/.m2/repository/javax/ws/rs/jsr311-api/1.1.1/jsr311-api-1.1.1.jar:/home/user/.m2/repository/com/sun/jersey/jersey-server/1.19/jersey-server-1.19.jar:/home/user/.m2/repository/javax/servlet/javax.servlet-api/3.1.0/javax.servlet-api-3.1.0.jar:/home/user/.m2/repository/org/eclipse/jetty/jetty-server/9.4.26.v20200117/jetty-server-9.4.26.v20200117.jar:/home/user/.m2/repository/org/eclipse/jetty/jetty-http/9.4.26.v20200117/jetty-http-9.4.26.v20200117.jar:/home/user/.m2/repository/org/eclipse/jetty/jetty-io/9.4.26.v20200117/jetty-io-9.4.26.v20200117.jar:/home/user/.m2/repository/org/eclipse/jetty/jetty-webapp/9.4.26.v20200117/jetty-webapp-9.4.26.v20200117.jar:/home/user/.m2/repository/org/eclipse/jetty/jetty-xml/9.4.26.v20200117/jetty-xml-9.4.26.v20200117.jar:/home/user/.m2/repository/org/eclipse/jetty/jetty-servlet/9.4.26.v20200117/jetty-servlet-9.4.26.v20200117.jar:/home/user/.m2/repository/org/eclipse/jetty/jetty-security/9.4.26.v20200117/jetty-security-9.4.26.v20200117.jar:/home/user/.m2/repository/org/apache/hadoop/hadoop-common/3.2.1/hadoop-common-3.2.1.jar:/home/user/.m2/repository/commons-net/commons-net/3.6/commons-net-3.6.jar:/home/user/.m2/repository/commons-collections/commons-collections/3.2.2/commons-collections-3.2.2.jar:/home/user/.m2/repository/com/sun/jersey/jersey-servlet/1.19/jersey-servlet-1.19.jar:/home/user/.m2/repository/com/sun/jersey/jersey-json/1.19/jersey-json-1.19.jar:/home/user/.m2/repository/org/codehaus/jettison/jettison/1.1/jettison-1.1.jar:/home/user/.m2/repository/org/codehaus/jackson/jackson-jaxrs/1.9.2/jackson-jaxrs-1.9.2.jar:/home/user/.m2/repository/org/codehaus/jackson/jackson-xc/1.9.2/jackson-xc-1.9.2.jar:/home/user/.m2/repository/commons-beanutils/commons-beanutils/1.9.4/commons-beanutils-1.9.4.jar:/home/user/.m2/repository/org/apache/commons/commons-configuration2/2.1.1/commons-configuration2-2.1.1.jar:/home/user/.m2/repository/org/apache/commons/commons-text/1.4/commons-text-1.4.jar:/home/user/.m2/repository/com/google/re2j/re2j/1.1/re2j-1.1.jar:/home/user/.m2/repository/com/jcraft/jsch/0.1.54/jsch-0.1.54.jar:/home/user/.m2/repository/org/apache/curator/curator-client/2.13.0/curator-client-2.13.0.jar:/home/user/.m2/repository/org/apache/curator/curator-recipes/2.13.0/curator-recipes-2.13.0.jar:/home/user/.m2/repository/dnsjava/dnsjava/2.1.7/dnsjava-2.1.7.jar:/home/user/.m2/repository/org/slf4j/jul-to-slf4j/1.7.25/jul-to-slf4j-1.7.25.jar:/home/user/.m2/repository/org/eclipse/jetty/jetty-util/9.4.26.v20200117/jetty-util-9.4.26.v20200117.jar:/home/user/.m2/repository/com/fasterxml/jackson/core/jackson-databind/2.10.3/jackson-databind-2.10.3.jar:/home/user/.m2/repository/org/apache/hadoop/hadoop-kms/3.2.1/hadoop-kms-3.2.1-tests.jar:/home/user/.m2/repository/org/apache/hadoop/hadoop-hdds-server-scm/0.6.0-SNAPSHOT/hadoop-hdds-server-scm-0.6.0-SNAPSHOT-tests.jar:/home/user/.m2/repository/org/apache/hadoop/hadoop-hdds-container-service/0.6.0-SNAPSHOT/hadoop-hdds-container-service-0.6.0-SNAPSHOT-tests.jar:/home/user/.m2/repository/org/apache/hadoop/hadoop-hdds-common/0.6.0-SNAPSHOT/hadoop-hdds-common-0.6.0-SNAPSHOT-tests.jar:/home/user/.m2/repository/org/yaml/snakeyaml/1.16/snakeyaml-1.16.jar:/home/user/.m2/repository/org/apache/hadoop/hadoop-hdds-hadoop-dependency-test/0.6.0-SNAPSHOT/hadoop-hdds-hadoop-dependency-test-0.6.0-SNAPSHOT.jar:/home/user/.m2/repository/org/apache/hadoop/hadoop-common/3.2.1/hadoop-common-3.2.1-tests.jar:/home/user/.m2/repository/javax/servlet/jsp/jsp-api/2.1/jsp-api-2.1.jar:/home/user/.m2/repository/org/apache/hadoop/hadoop-hdfs/3.2.1/hadoop-hdfs-3.2.1-tests.jar:/home/user/.m2/repository/org/eclipse/jetty/jetty-util-ajax/9.4.26.v20200117/jetty-util-ajax-9.4.26.v20200117.jar:/home/user/.m2/repository/commons-codec/commons-codec/1.11/commons-codec-1.11.jar:/home/user/.m2/repository/commons-daemon/commons-daemon/1.0.13/commons-daemon-1.0.13.jar:/home/user/.m2/repository/io/netty/netty/3.10.5.Final/netty-3.10.5.Final.jar:/home/user/.m2/repository/io/netty/netty-all/4.1.48.Final/netty-all-4.1.48.Final.jar:/home/user/.m2/repository/org/apache/htrace/htrace-core4/4.1.0-incubating/htrace-core4-4.1.0-incubating.jar:/home/user/.m2/repository/org/fusesource/leveldbjni/leveldbjni-all/1.8/leveldbjni-all-1.8.jar:/home/user/.m2/repository/org/apache/hadoop/hadoop-distcp/3.2.1/hadoop-distcp-3.2.1.jar:/home/user/.m2/repository/org/apache/hadoop/hadoop-mapreduce-client-jobclient/3.2.1/hadoop-mapreduce-client-jobclient-3.2.1.jar:/home/user/.m2/repository/org/apache/hadoop/hadoop-mapreduce-client-common/3.2.1/hadoop-mapreduce-client-common-3.2.1.jar:/home/user/.m2/repository/org/apache/hadoop/hadoop-yarn-common/3.2.1/hadoop-yarn-common-3.2.1.jar:/home/user/.m2/repository/org/apache/hadoop/hadoop-yarn-api/3.2.1/hadoop-yarn-api-3.2.1.jar:/home/user/.m2/repository/com/sun/jersey/jersey-client/1.19/jersey-client-1.19.jar:/home/user/.m2/repository/com/sun/jersey/contribs/jersey-guice/1.19/jersey-guice-1.19.jar:/home/user/.m2/repository/com/fasterxml/jackson/jaxrs/jackson-jaxrs-json-provider/2.10.3/jackson-jaxrs-json-provider-2.10.3.jar:/home/user/.m2/repository/com/fasterxml/jackson/jaxrs/jackson-jaxrs-base/2.10.3/jackson-jaxrs-base-2.10.3.jar:/home/user/.m2/repository/org/apache/hadoop/hadoop-yarn-client/3.2.1/hadoop-yarn-client-3.2.1.jar:/home/user/.m2/repository/org/apache/hadoop/hadoop-mapreduce-client-core/3.2.1/hadoop-mapreduce-client-core-3.2.1.jar:/home/user/.m2/repository/org/apache/avro/avro/1.7.7/avro-1.7.7.jar:/home/user/.m2/repository/org/codehaus/jackson/jackson-core-asl/1.9.13/jackson-core-asl-1.9.13.jar:/home/user/.m2/repository/org/codehaus/jackson/jackson-mapper-asl/1.9.13/jackson-mapper-asl-1.9.13.jar:/home/user/.m2/repository/com/thoughtworks/paranamer/paranamer/2.3/paranamer-2.3.jar:/home/user/.m2/repository/org/xerial/snappy/snappy-java/1.0.5/snappy-java-1.0.5.jar:/home/user/.m2/repository/org/apache/hadoop/hadoop-annotations/3.2.1/hadoop-annotations-3.2.1.jar:/usr/lib/jvm/java-1.8.0-openjdk-1.8.0.232.b09-0.el7_7.x86_64/jre/../lib/tools.jar:/home/user/.m2/repository/org/apache/hadoop/hadoop-distcp/3.2.1/hadoop-distcp-3.2.1-tests.jar:"/>
    <property name="java.vm.vendor" value="Oracle Corporation"/>
    <property name="sun.arch.data.model" value="64"/>
    <property name="test.build.dir" value="/github/workspace/mnt/ozone/hadoop-ozone/integration-test/target/test-dir"/>
    <property name="test.cache.data" value=""/>
    <property name="java.vendor.url" value="http://java.oracle.com/"/>
    <property name="user.timezone" value=""/>
    <property name="java.vm.specification.version" value="1.8"/>
    <property name="os.name" value="Linux"/>
    <property name="test.build.data" value="/github/workspace/mnt/ozone/hadoop-ozone/integration-test/target/test-dir"/>
    <property name="user.country" value="US"/>
    <property name="sun.java.launcher" value="SUN_STANDARD"/>
    <property name="sun.boot.library.path" value="/usr/lib/jvm/java-1.8.0-openjdk-1.8.0.232.b09-0.el7_7.x86_64/jre/lib/amd64"/>
    <property name="sun.java.command" value="/github/workspace/mnt/ozone/hadoop-ozone/integration-test/target/surefire/surefirebooter6893631836641744259.jar /github/workspace/mnt/ozone/hadoop-ozone/integration-test/target/surefire 2020-06-22T06-48-30_847-jvmRun1 surefire4853772469200199624tmp surefire_2393064716522836385tmp"/>
    <property name="surefire.test.class.path" value="/github/workspace/mnt/ozone/hadoop-ozone/integration-test/target/test-classes:/github/workspace/mnt/ozone/hadoop-ozone/integration-test/target/classes:/home/user/.m2/repository/org/apache/hadoop/hadoop-ozone-common/0.6.0-SNAPSHOT/hadoop-ozone-common-0.6.0-SNAPSHOT.jar:/home/user/.m2/repository/org/apache/commons/commons-compress/1.4.1/commons-compress-1.4.1.jar:/home/user/.m2/repository/org/tukaani/xz/1.0/xz-1.0.jar:/home/user/.m2/repository/org/apache/hadoop/hadoop-hdds-common/0.6.0-SNAPSHOT/hadoop-hdds-common-0.6.0-SNAPSHOT.jar:/home/user/.m2/repository/org/apache/hadoop/hadoop-hdds-hadoop-dependency-client/0.6.0-SNAPSHOT/hadoop-hdds-hadoop-dependency-client-0.6.0-SNAPSHOT.jar:/home/user/.m2/repository/info/picocli/picocli/3.9.6/picocli-3.9.6.jar:/home/user/.m2/repository/com/fasterxml/jackson/core/jackson-annotations/2.10.3/jackson-annotations-2.10.3.jar:/home/user/.m2/repository/javax/annotation/javax.annotation-api/1.2/javax.annotation-api-1.2.jar:/home/user/.m2/repository/org/apache/ratis/ratis-server/0.6.0-6ab75ae-SNAPSHOT/ratis-server-0.6.0-6ab75ae-SNAPSHOT.jar:/home/user/.m2/repository/org/apache/ratis/ratis-client/0.6.0-6ab75ae-SNAPSHOT/ratis-client-0.6.0-6ab75ae-SNAPSHOT.jar:/home/user/.m2/repository/org/apache/ratis/ratis-metrics/0.6.0-6ab75ae-SNAPSHOT/ratis-metrics-0.6.0-6ab75ae-SNAPSHOT.jar:/home/user/.m2/repository/org/apache/ratis/ratis-netty/0.6.0-6ab75ae-SNAPSHOT/ratis-netty-0.6.0-6ab75ae-SNAPSHOT.jar:/home/user/.m2/repository/org/apache/ratis/ratis-grpc/0.6.0-6ab75ae-SNAPSHOT/ratis-grpc-0.6.0-6ab75ae-SNAPSHOT.jar:/home/user/.m2/repository/org/apache/logging/log4j/log4j-api/2.11.0/log4j-api-2.11.0.jar:/home/user/.m2/repository/org/apache/logging/log4j/log4j-core/2.11.0/log4j-core-2.11.0.jar:/home/user/.m2/repository/com/lmax/disruptor/3.4.2/disruptor-3.4.2.jar:/home/user/.m2/repository/org/apache/commons/commons-pool2/2.6.0/commons-pool2-2.6.0.jar:/home/user/.m2/repository/org/bouncycastle/bcpkix-jdk15on/1.60/bcpkix-jdk15on-1.60.jar:/home/user/.m2/repository/commons-validator/commons-validator/1.6/commons-validator-1.6.jar:/home/user/.m2/repository/commons-digester/commons-digester/1.8.1/commons-digester-1.8.1.jar:/home/user/.m2/repository/io/jaegertracing/jaeger-client/1.2.0/jaeger-client-1.2.0.jar:/home/user/.m2/repository/io/jaegertracing/jaeger-thrift/1.2.0/jaeger-thrift-1.2.0.jar:/home/user/.m2/repository/org/apache/thrift/libthrift/0.13.0/libthrift-0.13.0.jar:/home/user/.m2/repository/com/squareup/okhttp3/okhttp/4.2.2/okhttp-4.2.2.jar:/home/user/.m2/repository/com/squareup/okio/okio/2.2.2/okio-2.2.2.jar:/home/user/.m2/repository/org/jetbrains/kotlin/kotlin-stdlib/1.3.50/kotlin-stdlib-1.3.50.jar:/home/user/.m2/repository/org/jetbrains/kotlin/kotlin-stdlib-common/1.3.50/kotlin-stdlib-common-1.3.50.jar:/home/user/.m2/repository/org/jetbrains/annotations/13.0/annotations-13.0.jar:/home/user/.m2/repository/io/jaegertracing/jaeger-core/1.2.0/jaeger-core-1.2.0.jar:/home/user/.m2/repository/io/jaegertracing/jaeger-tracerresolver/1.2.0/jaeger-tracerresolver-1.2.0.jar:/home/user/.m2/repository/io/opentracing/contrib/opentracing-tracerresolver/0.1.8/opentracing-tracerresolver-0.1.8.jar:/home/user/.m2/repository/io/opentracing/opentracing-util/0.33.0/opentracing-util-0.33.0.jar:/home/user/.m2/repository/io/opentracing/opentracing-api/0.33.0/opentracing-api-0.33.0.jar:/home/user/.m2/repository/io/opentracing/opentracing-noop/0.33.0/opentracing-noop-0.33.0.jar:/home/user/.m2/repository/org/apache/hadoop/hadoop-hdds-client/0.6.0-SNAPSHOT/hadoop-hdds-client-0.6.0-SNAPSHOT.jar:/home/user/.m2/repository/org/apache/hadoop/hadoop-ozone-interface-client/0.6.0-SNAPSHOT/hadoop-ozone-interface-client-0.6.0-SNAPSHOT.jar:/home/user/.m2/repository/org/apache/hadoop/hadoop-hdds-test-utils/0.6.0-SNAPSHOT/hadoop-hdds-test-utils-0.6.0-SNAPSHOT.jar:/home/user/.m2/repository/com/google/guava/guava/28.2-jre/guava-28.2-jre.jar:/home/user/.m2/repository/com/google/guava/failureaccess/1.0.1/failureaccess-1.0.1.jar:/home/user/.m2/repository/com/google/guava/listenablefuture/9999.0-empty-to-avoid-conflict-with-guava/listenablefuture-9999.0-empty-to-avoid-conflict-with-guava.jar:/home/user/.m2/repository/com/google/code/findbugs/jsr305/3.0.0/jsr305-3.0.0.jar:/home/user/.m2/repository/org/checkerframework/checker-qual/2.10.0/checker-qual-2.10.0.jar:/home/user/.m2/repository/com/google/errorprone/error_prone_annotations/2.2.0/error_prone_annotations-2.2.0.jar:/home/user/.m2/repository/com/google/j2objc/j2objc-annotations/1.3/j2objc-annotations-1.3.jar:/home/user/.m2/repository/commons-io/commons-io/2.5/commons-io-2.5.jar:/home/user/.m2/repository/commons-logging/commons-logging/1.2/commons-logging-1.2.jar:/home/user/.m2/repository/log4j/log4j/1.2.17/log4j-1.2.17.jar:/home/user/.m2/repository/org/slf4j/slf4j-api/1.7.25/slf4j-api-1.7.25.jar:/home/user/.m2/repository/org/apache/hadoop/hadoop-hdds-server-scm/0.6.0-SNAPSHOT/hadoop-hdds-server-scm-0.6.0-SNAPSHOT.jar:/home/user/.m2/repository/org/apache/hadoop/hadoop-hdds-container-service/0.6.0-SNAPSHOT/hadoop-hdds-container-service-0.6.0-SNAPSHOT.jar:/home/user/.m2/repository/org/apache/hadoop/hadoop-hdds-hadoop-dependency-server/0.6.0-SNAPSHOT/hadoop-hdds-hadoop-dependency-server-0.6.0-SNAPSHOT.jar:/home/user/.m2/repository/org/apache/hadoop/hadoop-hdds-server-framework/0.6.0-SNAPSHOT/hadoop-hdds-server-framework-0.6.0-SNAPSHOT.jar:/home/user/.m2/repository/org/apache/hadoop/hadoop-hdds-interface-server/0.6.0-SNAPSHOT/hadoop-hdds-interface-server-0.6.0-SNAPSHOT.jar:/home/user/.m2/repository/org/apache/hadoop/hadoop-hdds-interface-admin/0.6.0-SNAPSHOT/hadoop-hdds-interface-admin-0.6.0-SNAPSHOT.jar:/home/user/.m2/repository/org/rocksdb/rocksdbjni/6.8.1/rocksdbjni-6.8.1.jar:/home/user/.m2/repository/io/prometheus/simpleclient_dropwizard/0.7.0/simpleclient_dropwizard-0.7.0.jar:/home/user/.m2/repository/io/prometheus/simpleclient/0.7.0/simpleclient-0.7.0.jar:/home/user/.m2/repository/io/prometheus/simpleclient_common/0.7.0/simpleclient_common-0.7.0.jar:/home/user/.m2/repository/com/fasterxml/jackson/datatype/jackson-datatype-jsr310/2.10.3/jackson-datatype-jsr310-2.10.3.jar:/home/user/.m2/repository/org/apache/hadoop/hadoop-hdds-docs/0.6.0-SNAPSHOT/hadoop-hdds-docs-0.6.0-SNAPSHOT.jar:/home/user/.m2/repository/io/dropwizard/metrics/metrics-core/3.2.4/metrics-core-3.2.4.jar:/home/user/.m2/repository/org/apache/hadoop/hadoop-hdfs-client/3.2.1/hadoop-hdfs-client-3.2.1.jar:/home/user/.m2/repository/org/bouncycastle/bcprov-jdk15on/1.60/bcprov-jdk15on-1.60.jar:/home/user/.m2/repository/org/apache/hadoop/hadoop-ozone-ozone-manager/0.6.0-SNAPSHOT/hadoop-ozone-ozone-manager-0.6.0-SNAPSHOT.jar:/home/user/.m2/repository/org/apache/hadoop/hadoop-hdds-interface-client/0.6.0-SNAPSHOT/hadoop-hdds-interface-client-0.6.0-SNAPSHOT.jar:/home/user/.m2/repository/org/apache/ratis/ratis-thirdparty-misc/0.4.0/ratis-thirdparty-misc-0.4.0.jar:/home/user/.m2/repository/org/apache/hadoop/hadoop-minikdc/3.2.1/hadoop-minikdc-3.2.1.jar:/home/user/.m2/repository/org/apache/kerby/kerb-simplekdc/1.0.1/kerb-simplekdc-1.0.1.jar:/home/user/.m2/repository/org/apache/kerby/kerb-client/1.0.1/kerb-client-1.0.1.jar:/home/user/.m2/repository/org/apache/kerby/kerby-config/1.0.1/kerby-config-1.0.1.jar:/home/user/.m2/repository/org/apache/kerby/kerb-core/1.0.1/kerb-core-1.0.1.jar:/home/user/.m2/repository/org/apache/kerby/kerby-pkix/1.0.1/kerby-pkix-1.0.1.jar:/home/user/.m2/repository/org/apache/kerby/kerby-asn1/1.0.1/kerby-asn1-1.0.1.jar:/home/user/.m2/repository/org/apache/kerby/kerby-util/1.0.1/kerby-util-1.0.1.jar:/home/user/.m2/repository/org/apache/kerby/kerb-common/1.0.1/kerb-common-1.0.1.jar:/home/user/.m2/repository/org/apache/kerby/kerb-crypto/1.0.1/kerb-crypto-1.0.1.jar:/home/user/.m2/repository/org/apache/kerby/kerb-util/1.0.1/kerb-util-1.0.1.jar:/home/user/.m2/repository/org/apache/kerby/token-provider/1.0.1/token-provider-1.0.1.jar:/home/user/.m2/repository/org/apache/kerby/kerb-admin/1.0.1/kerb-admin-1.0.1.jar:/home/user/.m2/repository/org/apache/kerby/kerb-server/1.0.1/kerb-server-1.0.1.jar:/home/user/.m2/repository/org/apache/kerby/kerb-identity/1.0.1/kerb-identity-1.0.1.jar:/home/user/.m2/repository/org/apache/kerby/kerby-xdr/1.0.1/kerby-xdr-1.0.1.jar:/home/user/.m2/repository/org/slf4j/slf4j-log4j12/1.7.25/slf4j-log4j12-1.7.25.jar:/home/user/.m2/repository/org/apache/hadoop/hadoop-ozone-s3gateway/0.6.0-SNAPSHOT/hadoop-ozone-s3gateway-0.6.0-SNAPSHOT.jar:/home/user/.m2/repository/org/jboss/weld/servlet/weld-servlet/2.4.7.Final/weld-servlet-2.4.7.Final.jar:/home/user/.m2/repository/org/glassfish/jersey/containers/jersey-container-servlet-core/2.27/jersey-container-servlet-core-2.27.jar:/home/user/.m2/repository/org/glassfish/hk2/external/javax.inject/2.5.0-b42/javax.inject-2.5.0-b42.jar:/home/user/.m2/repository/org/glassfish/jersey/core/jersey-common/2.27/jersey-common-2.27.jar:/home/user/.m2/repository/org/glassfish/hk2/osgi-resource-locator/1.0.1/osgi-resource-locator-1.0.1.jar:/home/user/.m2/repository/javax/ws/rs/javax.ws.rs-api/2.1/javax.ws.rs-api-2.1.jar:/home/user/.m2/repository/org/glassfish/jersey/ext/cdi/jersey-cdi1x/2.27/jersey-cdi1x-2.27.jar:/home/user/.m2/repository/org/glassfish/jersey/inject/jersey-hk2/2.27/jersey-hk2-2.27.jar:/home/user/.m2/repository/org/glassfish/hk2/hk2-locator/2.5.0-b42/hk2-locator-2.5.0-b42.jar:/home/user/.m2/repository/org/javassist/javassist/3.22.0-CR2/javassist-3.22.0-CR2.jar:/home/user/.m2/repository/org/glassfish/hk2/hk2-api/2.5.0/hk2-api-2.5.0.jar:/home/user/.m2/repository/org/glassfish/hk2/external/jakarta.inject/2.5.0/jakarta.inject-2.5.0.jar:/home/user/.m2/repository/org/glassfish/hk2/hk2-utils/2.5.0/hk2-utils-2.5.0.jar:/home/user/.m2/repository/jakarta/annotation/jakarta.annotation-api/1.3.4/jakarta.annotation-api-1.3.4.jar:/home/user/.m2/repository/org/glassfish/hk2/external/aopalliance-repackaged/2.5.0/aopalliance-repackaged-2.5.0.jar:/home/user/.m2/repository/com/fasterxml/jackson/dataformat/jackson-dataformat-xml/2.10.3/jackson-dataformat-xml-2.10.3.jar:/home/user/.m2/repository/com/fasterxml/jackson/core/jackson-core/2.10.3/jackson-core-2.10.3.jar:/home/user/.m2/repository/com/fasterxml/jackson/module/jackson-module-jaxb-annotations/2.10.3/jackson-module-jaxb-annotations-2.10.3.jar:/home/user/.m2/repository/jakarta/xml/bind/jakarta.xml.bind-api/2.3.2/jakarta.xml.bind-api-2.3.2.jar:/home/user/.m2/repository/jakarta/activation/jakarta.activation-api/1.2.1/jakarta.activation-api-1.2.1.jar:/home/user/.m2/repository/org/codehaus/woodstox/stax2-api/3.1.4/stax2-api-3.1.4.jar:/home/user/.m2/repository/com/fasterxml/woodstox/woodstox-core/5.0.3/woodstox-core-5.0.3.jar:/home/user/.m2/repository/javax/enterprise/cdi-api/1.2/cdi-api-1.2.jar:/home/user/.m2/repository/javax/el/javax.el-api/3.0.0/javax.el-api-3.0.0.jar:/home/user/.m2/repository/javax/interceptor/javax.interceptor-api/1.2/javax.interceptor-api-1.2.jar:/home/user/.m2/repository/javax/inject/javax.inject/1/javax.inject-1.jar:/home/user/.m2/repository/com/sun/xml/bind/jaxb-impl/2.3.0.1/jaxb-impl-2.3.0.1.jar:/home/user/.m2/repository/com/sun/xml/bind/jaxb-core/2.3.0.1/jaxb-core-2.3.0.1.jar:/home/user/.m2/repository/javax/xml/bind/jaxb-api/2.3.0/jaxb-api-2.3.0.jar:/home/user/.m2/repository/javax/activation/activation/1.1.1/activation-1.1.1.jar:/home/user/.m2/repository/org/apache/hadoop/hadoop-ozone-csi/0.6.0-SNAPSHOT/hadoop-ozone-csi-0.6.0-SNAPSHOT.jar:/home/user/.m2/repository/com/google/protobuf/protobuf-java-util/3.11.0/protobuf-java-util-3.11.0.jar:/home/user/.m2/repository/com/google/code/gson/gson/2.2.4/gson-2.2.4.jar:/home/user/.m2/repository/org/apache/hadoop/hadoop-hdds-config/0.6.0-SNAPSHOT/hadoop-hdds-config-0.6.0-SNAPSHOT.jar:/home/user/.m2/repository/com/google/protobuf/protobuf-java/2.5.0/protobuf-java-2.5.0.jar:/home/user/.m2/repository/io/grpc/grpc-netty/1.29.0/grpc-netty-1.29.0.jar:/home/user/.m2/repository/io/grpc/grpc-core/1.29.0/grpc-core-1.29.0.jar:/home/user/.m2/repository/com/google/android/annotations/4.1.1.4/annotations-4.1.1.4.jar:/home/user/.m2/repository/io/perfmark/perfmark-api/0.19.0/perfmark-api-0.19.0.jar:/home/user/.m2/repository/io/netty/netty-codec-http2/4.1.48.Final/netty-codec-http2-4.1.48.Final.jar:/home/user/.m2/repository/io/netty/netty-codec/4.1.48.Final/netty-codec-4.1.48.Final.jar:/home/user/.m2/repository/io/netty/netty-handler/4.1.48.Final/netty-handler-4.1.48.Final.jar:/home/user/.m2/repository/io/netty/netty-codec-http/4.1.48.Final/netty-codec-http-4.1.48.Final.jar:/home/user/.m2/repository/io/netty/netty-handler-proxy/4.1.48.Final/netty-handler-proxy-4.1.48.Final.jar:/home/user/.m2/repository/io/netty/netty-codec-socks/4.1.48.Final/netty-codec-socks-4.1.48.Final.jar:/home/user/.m2/repository/io/netty/netty-transport-native-epoll/4.1.48.Final/netty-transport-native-epoll-4.1.48.Final.jar:/home/user/.m2/repository/io/netty/netty-common/4.1.48.Final/netty-common-4.1.48.Final.jar:/home/user/.m2/repository/io/netty/netty-buffer/4.1.48.Final/netty-buffer-4.1.48.Final.jar:/home/user/.m2/repository/io/netty/netty-transport/4.1.48.Final/netty-transport-4.1.48.Final.jar:/home/user/.m2/repository/io/netty/netty-resolver/4.1.48.Final/netty-resolver-4.1.48.Final.jar:/home/user/.m2/repository/io/netty/netty-transport-native-unix-common/4.1.48.Final/netty-transport-native-unix-common-4.1.48.Final.jar:/home/user/.m2/repository/io/grpc/grpc-protobuf/1.29.0/grpc-protobuf-1.29.0.jar:/home/user/.m2/repository/io/grpc/grpc-api/1.29.0/grpc-api-1.29.0.jar:/home/user/.m2/repository/io/grpc/grpc-context/1.29.0/grpc-context-1.29.0.jar:/home/user/.m2/repository/org/codehaus/mojo/animal-sniffer-annotations/1.18/animal-sniffer-annotations-1.18.jar:/home/user/.m2/repository/com/google/api/grpc/proto-google-common-protos/1.17.0/proto-google-common-protos-1.17.0.jar:/home/user/.m2/repository/io/grpc/grpc-protobuf-lite/1.29.0/grpc-protobuf-lite-1.29.0.jar:/home/user/.m2/repository/io/grpc/grpc-stub/1.29.0/grpc-stub-1.29.0.jar:/home/user/.m2/repository/org/apache/hadoop/hadoop-ozone-recon/0.6.0-SNAPSHOT/hadoop-ozone-recon-0.6.0-SNAPSHOT.jar:/home/user/.m2/repository/org/apache/hadoop/hadoop-ozone-reconcodegen/0.6.0-SNAPSHOT/hadoop-ozone-reconcodegen-0.6.0-SNAPSHOT.jar:/home/user/.m2/repository/com/google/inject/extensions/guice-multibindings/4.0/guice-multibindings-4.0.jar:/home/user/.m2/repository/com/google/inject/guice/4.0/guice-4.0.jar:/home/user/.m2/repository/aopalliance/aopalliance/1.0/aopalliance-1.0.jar:/home/user/.m2/repository/com/google/inject/extensions/guice-assistedinject/4.0/guice-assistedinject-4.0.jar:/home/user/.m2/repository/com/google/inject/extensions/guice-servlet/4.0/guice-servlet-4.0.jar:/home/user/.m2/repository/org/glassfish/jersey/containers/jersey-container-servlet/2.27/jersey-container-servlet-2.27.jar:/home/user/.m2/repository/org/glassfish/hk2/guice-bridge/2.5.0/guice-bridge-2.5.0.jar:/home/user/.m2/repository/org/glassfish/jersey/core/jersey-server/2.27/jersey-server-2.27.jar:/home/user/.m2/repository/org/glassfish/jersey/core/jersey-client/2.27/jersey-client-2.27.jar:/home/user/.m2/repository/org/glassfish/jersey/media/jersey-media-jaxb/2.27/jersey-media-jaxb-2.27.jar:/home/user/.m2/repository/javax/validation/validation-api/1.1.0.Final/validation-api-1.1.0.Final.jar:/home/user/.m2/repository/org/glassfish/jersey/media/jersey-media-json-jackson/2.27/jersey-media-json-jackson-2.27.jar:/home/user/.m2/repository/org/glassfish/jersey/ext/jersey-entity-filtering/2.27/jersey-entity-filtering-2.27.jar:/home/user/.m2/repository/org/jooq/jooq/3.11.10/jooq-3.11.10.jar:/home/user/.m2/repository/org/jooq/jooq-meta/3.11.10/jooq-meta-3.11.10.jar:/home/user/.m2/repository/org/jooq/jooq-codegen/3.11.10/jooq-codegen-3.11.10.jar:/home/user/.m2/repository/com/jolbox/bonecp/0.8.0.RELEASE/bonecp-0.8.0.RELEASE.jar:/home/user/.m2/repository/org/apache/derby/derby/10.14.2.0/derby-10.14.2.0.jar:/home/user/.m2/repository/org/xerial/sqlite-jdbc/3.25.2/sqlite-jdbc-3.25.2.jar:/home/user/.m2/repository/org/springframework/spring-jdbc/5.2.5.RELEASE/spring-jdbc-5.2.5.RELEASE.jar:/home/user/.m2/repository/org/springframework/spring-beans/5.2.5.RELEASE/spring-beans-5.2.5.RELEASE.jar:/home/user/.m2/repository/org/springframework/spring-core/5.2.5.RELEASE/spring-core-5.2.5.RELEASE.jar:/home/user/.m2/repository/org/springframework/spring-jcl/5.2.5.RELEASE/spring-jcl-5.2.5.RELEASE.jar:/home/user/.m2/repository/org/springframework/spring-tx/5.2.5.RELEASE/spring-tx-5.2.5.RELEASE.jar:/home/user/.m2/repository/org/apache/hadoop/hadoop-ozone-client/0.6.0-SNAPSHOT/hadoop-ozone-client-0.6.0-SNAPSHOT.jar:/home/user/.m2/repository/org/apache/hadoop/hadoop-ozone-filesystem/0.6.0-SNAPSHOT/hadoop-ozone-filesystem-0.6.0-SNAPSHOT.jar:/home/user/.m2/repository/org/apache/hadoop/hadoop-ozone-filesystem-common/0.6.0-SNAPSHOT/hadoop-ozone-filesystem-common-0.6.0-SNAPSHOT.jar:/home/user/.m2/repository/org/apache/hadoop/hadoop-ozone-tools/0.6.0-SNAPSHOT/hadoop-ozone-tools-0.6.0-SNAPSHOT.jar:/home/user/.m2/repository/org/apache/hadoop/hadoop-hdfs/3.2.1/hadoop-hdfs-3.2.1.jar:/home/user/.m2/repository/org/apache/ratis/ratis-tools/0.6.0-6ab75ae-SNAPSHOT/ratis-tools-0.6.0-6ab75ae-SNAPSHOT.jar:/home/user/.m2/repository/org/apache/ratis/ratis-proto/0.6.0-6ab75ae-SNAPSHOT/ratis-proto-0.6.0-6ab75ae-SNAPSHOT.jar:/home/user/.m2/repository/org/apache/ratis/ratis-common/0.6.0-6ab75ae-SNAPSHOT/ratis-common-0.6.0-6ab75ae-SNAPSHOT.jar:/home/user/.m2/repository/com/amazonaws/aws-java-sdk-core/1.11.615/aws-java-sdk-core-1.11.615.jar:/home/user/.m2/repository/org/apache/httpcomponents/httpclient/4.5.2/httpclient-4.5.2.jar:/home/user/.m2/repository/org/apache/httpcomponents/httpcore/4.4.4/httpcore-4.4.4.jar:/home/user/.m2/repository/software/amazon/ion/ion-java/1.0.2/ion-java-1.0.2.jar:/home/user/.m2/repository/com/fasterxml/jackson/dataformat/jackson-dataformat-cbor/2.10.3/jackson-dataformat-cbor-2.10.3.jar:/home/user/.m2/repository/joda-time/joda-time/2.8.1/joda-time-2.8.1.jar:/home/user/.m2/repository/com/amazonaws/aws-java-sdk-s3/1.11.615/aws-java-sdk-s3-1.11.615.jar:/home/user/.m2/repository/com/amazonaws/aws-java-sdk-kms/1.11.615/aws-java-sdk-kms-1.11.615.jar:/home/user/.m2/repository/com/amazonaws/jmespath-java/1.11.615/jmespath-java-1.11.615.jar:/home/user/.m2/repository/org/apache/hadoop/hadoop-hdds-tools/0.6.0-SNAPSHOT/hadoop-hdds-tools-0.6.0-SNAPSHOT.jar:/home/user/.m2/repository/commons-cli/commons-cli/1.2/commons-cli-1.2.jar:/home/user/.m2/repository/org/apache/commons/commons-lang3/3.7/commons-lang3-3.7.jar:/home/user/.m2/repository/org/apache/hadoop/hadoop-ozone-ozone-manager/0.6.0-SNAPSHOT/hadoop-ozone-ozone-manager-0.6.0-SNAPSHOT-tests.jar:/home/user/.m2/repository/junit/junit/4.11/junit-4.11.jar:/home/user/.m2/repository/org/hamcrest/hamcrest-core/1.3/hamcrest-core-1.3.jar:/home/user/.m2/repository/org/openjdk/jmh/jmh-core/1.19/jmh-core-1.19.jar:/home/user/.m2/repository/net/sf/jopt-simple/jopt-simple/4.6/jopt-simple-4.6.jar:/home/user/.m2/repository/org/apache/commons/commons-math3/3.1.1/commons-math3-3.1.1.jar:/home/user/.m2/repository/org/openjdk/jmh/jmh-generator-annprocess/1.19/jmh-generator-annprocess-1.19.jar:/home/user/.m2/repository/org/mockito/mockito-all/1.8.5/mockito-all-1.8.5.jar:/home/user/.m2/repository/org/apache/hadoop/hadoop-kms/3.2.1/hadoop-kms-3.2.1.jar:/home/user/.m2/repository/org/apache/hadoop/hadoop-auth/3.2.1/hadoop-auth-3.2.1.jar:/home/user/.m2/repository/com/nimbusds/nimbus-jose-jwt/7.9/nimbus-jose-jwt-7.9.jar:/home/user/.m2/repository/com/github/stephenc/jcip/jcip-annotations/1.0-1/jcip-annotations-1.0-1.jar:/home/user/.m2/repository/net/minidev/json-smart/2.3/json-smart-2.3.jar:/home/user/.m2/repository/net/minidev/accessors-smart/1.2/accessors-smart-1.2.jar:/home/user/.m2/repository/org/ow2/asm/asm/5.0.4/asm-5.0.4.jar:/home/user/.m2/repository/org/apache/zookeeper/zookeeper/3.4.13/zookeeper-3.4.13.jar:/home/user/.m2/repository/org/apache/yetus/audience-annotations/0.5.0/audience-annotations-0.5.0.jar:/home/user/.m2/repository/org/apache/curator/curator-framework/2.13.0/curator-framework-2.13.0.jar:/home/user/.m2/repository/com/sun/jersey/jersey-core/1.19/jersey-core-1.19.jar:/home/user/.m2/repository/javax/ws/rs/jsr311-api/1.1.1/jsr311-api-1.1.1.jar:/home/user/.m2/repository/com/sun/jersey/jersey-server/1.19/jersey-server-1.19.jar:/home/user/.m2/repository/javax/servlet/javax.servlet-api/3.1.0/javax.servlet-api-3.1.0.jar:/home/user/.m2/repository/org/eclipse/jetty/jetty-server/9.4.26.v20200117/jetty-server-9.4.26.v20200117.jar:/home/user/.m2/repository/org/eclipse/jetty/jetty-http/9.4.26.v20200117/jetty-http-9.4.26.v20200117.jar:/home/user/.m2/repository/org/eclipse/jetty/jetty-io/9.4.26.v20200117/jetty-io-9.4.26.v20200117.jar:/home/user/.m2/repository/org/eclipse/jetty/jetty-webapp/9.4.26.v20200117/jetty-webapp-9.4.26.v20200117.jar:/home/user/.m2/repository/org/eclipse/jetty/jetty-xml/9.4.26.v20200117/jetty-xml-9.4.26.v20200117.jar:/home/user/.m2/repository/org/eclipse/jetty/jetty-servlet/9.4.26.v20200117/jetty-servlet-9.4.26.v20200117.jar:/home/user/.m2/repository/org/eclipse/jetty/jetty-security/9.4.26.v20200117/jetty-security-9.4.26.v20200117.jar:/home/user/.m2/repository/org/apache/hadoop/hadoop-common/3.2.1/hadoop-common-3.2.1.jar:/home/user/.m2/repository/commons-net/commons-net/3.6/commons-net-3.6.jar:/home/user/.m2/repository/commons-collections/commons-collections/3.2.2/commons-collections-3.2.2.jar:/home/user/.m2/repository/com/sun/jersey/jersey-servlet/1.19/jersey-servlet-1.19.jar:/home/user/.m2/repository/com/sun/jersey/jersey-json/1.19/jersey-json-1.19.jar:/home/user/.m2/repository/org/codehaus/jettison/jettison/1.1/jettison-1.1.jar:/home/user/.m2/repository/org/codehaus/jackson/jackson-jaxrs/1.9.2/jackson-jaxrs-1.9.2.jar:/home/user/.m2/repository/org/codehaus/jackson/jackson-xc/1.9.2/jackson-xc-1.9.2.jar:/home/user/.m2/repository/commons-beanutils/commons-beanutils/1.9.4/commons-beanutils-1.9.4.jar:/home/user/.m2/repository/org/apache/commons/commons-configuration2/2.1.1/commons-configuration2-2.1.1.jar:/home/user/.m2/repository/org/apache/commons/commons-text/1.4/commons-text-1.4.jar:/home/user/.m2/repository/com/google/re2j/re2j/1.1/re2j-1.1.jar:/home/user/.m2/repository/com/jcraft/jsch/0.1.54/jsch-0.1.54.jar:/home/user/.m2/repository/org/apache/curator/curator-client/2.13.0/curator-client-2.13.0.jar:/home/user/.m2/repository/org/apache/curator/curator-recipes/2.13.0/curator-recipes-2.13.0.jar:/home/user/.m2/repository/dnsjava/dnsjava/2.1.7/dnsjava-2.1.7.jar:/home/user/.m2/repository/org/slf4j/jul-to-slf4j/1.7.25/jul-to-slf4j-1.7.25.jar:/home/user/.m2/repository/org/eclipse/jetty/jetty-util/9.4.26.v20200117/jetty-util-9.4.26.v20200117.jar:/home/user/.m2/repository/com/fasterxml/jackson/core/jackson-databind/2.10.3/jackson-databind-2.10.3.jar:/home/user/.m2/repository/org/apache/hadoop/hadoop-kms/3.2.1/hadoop-kms-3.2.1-tests.jar:/home/user/.m2/repository/org/apache/hadoop/hadoop-hdds-server-scm/0.6.0-SNAPSHOT/hadoop-hdds-server-scm-0.6.0-SNAPSHOT-tests.jar:/home/user/.m2/repository/org/apache/hadoop/hadoop-hdds-container-service/0.6.0-SNAPSHOT/hadoop-hdds-container-service-0.6.0-SNAPSHOT-tests.jar:/home/user/.m2/repository/org/apache/hadoop/hadoop-hdds-common/0.6.0-SNAPSHOT/hadoop-hdds-common-0.6.0-SNAPSHOT-tests.jar:/home/user/.m2/repository/org/yaml/snakeyaml/1.16/snakeyaml-1.16.jar:/home/user/.m2/repository/org/apache/hadoop/hadoop-hdds-hadoop-dependency-test/0.6.0-SNAPSHOT/hadoop-hdds-hadoop-dependency-test-0.6.0-SNAPSHOT.jar:/home/user/.m2/repository/org/apache/hadoop/hadoop-common/3.2.1/hadoop-common-3.2.1-tests.jar:/home/user/.m2/repository/javax/servlet/jsp/jsp-api/2.1/jsp-api-2.1.jar:/home/user/.m2/repository/org/apache/hadoop/hadoop-hdfs/3.2.1/hadoop-hdfs-3.2.1-tests.jar:/home/user/.m2/repository/org/eclipse/jetty/jetty-util-ajax/9.4.26.v20200117/jetty-util-ajax-9.4.26.v20200117.jar:/home/user/.m2/repository/commons-codec/commons-codec/1.11/commons-codec-1.11.jar:/home/user/.m2/repository/commons-daemon/commons-daemon/1.0.13/commons-daemon-1.0.13.jar:/home/user/.m2/repository/io/netty/netty/3.10.5.Final/netty-3.10.5.Final.jar:/home/user/.m2/repository/io/netty/netty-all/4.1.48.Final/netty-all-4.1.48.Final.jar:/home/user/.m2/repository/org/apache/htrace/htrace-core4/4.1.0-incubating/htrace-core4-4.1.0-incubating.jar:/home/user/.m2/repository/org/fusesource/leveldbjni/leveldbjni-all/1.8/leveldbjni-all-1.8.jar:/home/user/.m2/repository/org/apache/hadoop/hadoop-distcp/3.2.1/hadoop-distcp-3.2.1.jar:/home/user/.m2/repository/org/apache/hadoop/hadoop-mapreduce-client-jobclient/3.2.1/hadoop-mapreduce-client-jobclient-3.2.1.jar:/home/user/.m2/repository/org/apache/hadoop/hadoop-mapreduce-client-common/3.2.1/hadoop-mapreduce-client-common-3.2.1.jar:/home/user/.m2/repository/org/apache/hadoop/hadoop-yarn-common/3.2.1/hadoop-yarn-common-3.2.1.jar:/home/user/.m2/repository/org/apache/hadoop/hadoop-yarn-api/3.2.1/hadoop-yarn-api-3.2.1.jar:/home/user/.m2/repository/com/sun/jersey/jersey-client/1.19/jersey-client-1.19.jar:/home/user/.m2/repository/com/sun/jersey/contribs/jersey-guice/1.19/jersey-guice-1.19.jar:/home/user/.m2/repository/com/fasterxml/jackson/jaxrs/jackson-jaxrs-json-provider/2.10.3/jackson-jaxrs-json-provider-2.10.3.jar:/home/user/.m2/repository/com/fasterxml/jackson/jaxrs/jackson-jaxrs-base/2.10.3/jackson-jaxrs-base-2.10.3.jar:/home/user/.m2/repository/org/apache/hadoop/hadoop-yarn-client/3.2.1/hadoop-yarn-client-3.2.1.jar:/home/user/.m2/repository/org/apache/hadoop/hadoop-mapreduce-client-core/3.2.1/hadoop-mapreduce-client-core-3.2.1.jar:/home/user/.m2/repository/org/apache/avro/avro/1.7.7/avro-1.7.7.jar:/home/user/.m2/repository/org/codehaus/jackson/jackson-core-asl/1.9.13/jackson-core-asl-1.9.13.jar:/home/user/.m2/repository/org/codehaus/jackson/jackson-mapper-asl/1.9.13/jackson-mapper-asl-1.9.13.jar:/home/user/.m2/repository/com/thoughtworks/paranamer/paranamer/2.3/paranamer-2.3.jar:/home/user/.m2/repository/org/xerial/snappy/snappy-java/1.0.5/snappy-java-1.0.5.jar:/home/user/.m2/repository/org/apache/hadoop/hadoop-annotations/3.2.1/hadoop-annotations-3.2.1.jar:/usr/lib/jvm/java-1.8.0-openjdk-1.8.0.232.b09-0.el7_7.x86_64/jre/../lib/tools.jar:/home/user/.m2/repository/org/apache/hadoop/hadoop-distcp/3.2.1/hadoop-distcp-3.2.1-tests.jar:"/>
    <property name="sun.cpu.endian" value="little"/>
    <property name="user.home" value="/home/user"/>
    <property name="user.language" value="en"/>
    <property name="java.specification.vendor" value="Oracle Corporation"/>
    <property name="java.home" value="/usr/lib/jvm/java-1.8.0-openjdk-1.8.0.232.b09-0.el7_7.x86_64/jre"/>
    <property name="java.security.krb5.conf" value="/github/workspace/mnt/ozone/hadoop-ozone/integration-test/target/test-classes/krb5.conf"/>
    <property name="basedir" value="/github/workspace/mnt/ozone/hadoop-ozone/integration-test"/>
    <property name="file.separator" value="/"/>
    <property name="line.separator" value="&#10;"/>
    <property name="java.vm.specification.vendor" value="Oracle Corporation"/>
    <property name="java.specification.name" value="Java Platform API Specification"/>
    <property name="java.awt.graphicsenv" value="sun.awt.X11GraphicsEnvironment"/>
    <property name="skip.installnpx" value="true"/>
    <property name="surefire.real.class.path" value="/github/workspace/mnt/ozone/hadoop-ozone/integration-test/target/surefire/surefirebooter6893631836641744259.jar:/home/user/.m2/repository/org/jacoco/org.jacoco.agent/0.8.5/org.jacoco.agent-0.8.5-runtime.jar"/>
    <property name="hadoop.log.dir" value="/github/workspace/mnt/ozone/hadoop-ozone/integration-test/target/log"/>
    <property name="sun.boot.class.path" value="/usr/lib/jvm/java-1.8.0-openjdk-1.8.0.232.b09-0.el7_7.x86_64/jre/lib/resources.jar:/usr/lib/jvm/java-1.8.0-openjdk-1.8.0.232.b09-0.el7_7.x86_64/jre/lib/rt.jar:/usr/lib/jvm/java-1.8.0-openjdk-1.8.0.232.b09-0.el7_7.x86_64/jre/lib/sunrsasign.jar:/usr/lib/jvm/java-1.8.0-openjdk-1.8.0.232.b09-0.el7_7.x86_64/jre/lib/jsse.jar:/usr/lib/jvm/java-1.8.0-openjdk-1.8.0.232.b09-0.el7_7.x86_64/jre/lib/jce.jar:/usr/lib/jvm/java-1.8.0-openjdk-1.8.0.232.b09-0.el7_7.x86_64/jre/lib/charsets.jar:/usr/lib/jvm/java-1.8.0-openjdk-1.8.0.232.b09-0.el7_7.x86_64/jre/lib/jfr.jar:/usr/lib/jvm/java-1.8.0-openjdk-1.8.0.232.b09-0.el7_7.x86_64/jre/classes"/>
    <property name="sun.management.compiler" value="HotSpot 64-Bit Tiered Compilers"/>
    <property name="skip.npx" value="true"/>
    <property name="java.runtime.version" value="1.8.0_232-b09"/>
    <property name="java.net.preferIPv4Stack" value="true"/>
    <property name="user.name" value="jenkins1001"/>
    <property name="path.separator" value=":"/>
    <property name="java.security.egd" value="file:///dev/urandom"/>
    <property name="os.version" value="5.3.0-1028-azure"/>
    <property name="java.endorsed.dirs" value="/usr/lib/jvm/java-1.8.0-openjdk-1.8.0.232.b09-0.el7_7.x86_64/jre/lib/endorsed"/>
    <property name="java.runtime.name" value="OpenJDK Runtime Environment"/>
    <property name="file.encoding" value="ANSI_X3.4-1968"/>
    <property name="java.vm.name" value="OpenJDK 64-Bit Server VM"/>
    <property name="test.build.webapps" value=""/>
    <property name="localRepository" value="/home/user/.m2/repository"/>
    <property name="java.vendor.url.bug" value="http://bugreport.sun.com/bugreport/"/>
    <property name="java.io.tmpdir" value="/tmp"/>
    <property name="require.test.libhadoop" value=""/>
    <property name="java.version" value="1.8.0_232"/>
    <property name="user.dir" value="/github/workspace/mnt/ozone/hadoop-ozone/integration-test"/>
    <property name="os.arch" value="amd64"/>
    <property name="java.vm.specification.name" value="Java Virtual Machine Specification"/>
    <property name="test.build.classes" value="/github/workspace/mnt/ozone/hadoop-ozone/integration-test/target/test-classes"/>
    <property name="java.awt.printerjob" value="sun.print.PSPrinterJob"/>
    <property name="sun.os.patch.level" value="unknown"/>
    <property name="hadoop.tmp.dir" value="/github/workspace/mnt/ozone/hadoop-ozone/integration-test/target/tmp"/>
    <property name="java.library.path" value="/usr/lib:/usr/java/packages/lib/amd64:/usr/lib64:/lib64:/lib:/usr/lib"/>
    <property name="java.vm.info" value="mixed mode"/>
    <property name="java.vendor" value="Oracle Corporation"/>
    <property name="java.vm.version" value="25.232-b09"/>
    <property name="java.ext.dirs" value="/usr/lib/jvm/java-1.8.0-openjdk-1.8.0.232.b09-0.el7_7.x86_64/jre/lib/ext:/usr/java/packages/lib/ext"/>
    <property name="sun.io.unicode.encoding" value="UnicodeLittle"/>
    <property name="java.class.version" value="52.0"/>
  </properties>
  <testcase name="testDeleteKeyWithSlowFollower" classname="org.apache.hadoop.ozone.client.rpc.TestDeleteWithSlowFollower" time="0.155">
    <failure type="java.lang.AssertionError">java.lang.AssertionError
	at org.junit.Assert.fail(Assert.java:86)
	at org.junit.Assert.assertTrue(Assert.java:41)
	at org.junit.Assert.assertNotNull(Assert.java:621)
	at org.junit.Assert.assertNotNull(Assert.java:631)
	at org.apache.hadoop.ozone.client.rpc.TestDeleteWithSlowFollower.testDeleteKeyWithSlowFollower(TestDeleteWithSlowFollower.java:225)
	at sun.reflect.NativeMethodAccessorImpl.invoke0(Native Method)
	at sun.reflect.NativeMethodAccessorImpl.invoke(NativeMethodAccessorImpl.java:62)
	at sun.reflect.DelegatingMethodAccessorImpl.invoke(DelegatingMethodAccessorImpl.java:43)
	at java.lang.reflect.Method.invoke(Method.java:498)
	at org.junit.runners.model.FrameworkMethod$1.runReflectiveCall(FrameworkMethod.java:47)
	at org.junit.internal.runners.model.ReflectiveCallable.run(ReflectiveCallable.java:12)
	at org.junit.runners.model.FrameworkMethod.invokeExplosively(FrameworkMethod.java:44)
	at org.junit.internal.runners.statements.InvokeMethod.evaluate(InvokeMethod.java:17)
	at org.junit.runners.ParentRunner.runLeaf(ParentRunner.java:271)
	at org.junit.runners.BlockJUnit4ClassRunner.runChild(BlockJUnit4ClassRunner.java:70)
	at org.junit.runners.BlockJUnit4ClassRunner.runChild(BlockJUnit4ClassRunner.java:50)
	at org.junit.runners.ParentRunner$3.run(ParentRunner.java:238)
	at org.junit.runners.ParentRunner$1.schedule(ParentRunner.java:63)
	at org.junit.runners.ParentRunner.runChildren(ParentRunner.java:236)
	at org.junit.runners.ParentRunner.access$000(ParentRunner.java:53)
	at org.junit.runners.ParentRunner$2.evaluate(ParentRunner.java:229)
	at org.junit.internal.runners.statements.RunBefores.evaluate(RunBefores.java:26)
	at org.junit.internal.runners.statements.RunAfters.evaluate(RunAfters.java:27)
	at org.junit.runners.ParentRunner.run(ParentRunner.java:309)
	at org.apache.maven.surefire.junit4.JUnit4Provider.execute(JUnit4Provider.java:365)
	at org.apache.maven.surefire.junit4.JUnit4Provider.executeWithRerun(JUnit4Provider.java:273)
	at org.apache.maven.surefire.junit4.JUnit4Provider.executeTestSet(JUnit4Provider.java:238)
	at org.apache.maven.surefire.junit4.JUnit4Provider.invoke(JUnit4Provider.java:159)
	at org.apache.maven.surefire.booter.ForkedBooter.invokeProviderInSameClassLoader(ForkedBooter.java:384)
	at org.apache.maven.surefire.booter.ForkedBooter.runSuitesInProcess(ForkedBooter.java:345)
	at org.apache.maven.surefire.booter.ForkedBooter.execute(ForkedBooter.java:126)
	at org.apache.maven.surefire.booter.ForkedBooter.main(ForkedBooter.java:418)
</failure>
    <system-out><![CDATA[2020-06-22 07:28:38,180 [main] WARN  server.ServerUtils (ServerUtils.java:getScmDbDir(148)) - ozone.scm.db.dirs is not configured. We recommend adding this setting. Falling back to ozone.metadata.dirs instead.
2020-06-22 07:28:38,253 [main] WARN  server.ServerUtils (ServerUtils.java:getScmDbDir(148)) - ozone.scm.db.dirs is not configured. We recommend adding this setting. Falling back to ozone.metadata.dirs instead.
2020-06-22 07:28:38,410 [main] WARN  db.DBStoreBuilder (DBStoreBuilder.java:createDBStoreBuilder(277)) - ozone.scm.db.dirs is not configured. We recommend adding this setting. Falling back to ozone.metadata.dirs instead.
2020-06-22 07:28:38,548 [main] INFO  net.NodeSchemaLoader (NodeSchemaLoader.java:loadSchemaFromFile(126)) - Loading file from sun.misc.CompoundEnumeration@29a60c27
2020-06-22 07:28:38,550 [main] INFO  net.NodeSchemaLoader (NodeSchemaLoader.java:loadSchema(172)) - Loading network topology layer schema file
2020-06-22 07:28:38,625 [main] WARN  server.ServerUtils (ServerUtils.java:sanitizeUserArgs(73)) - ozone.scm.stale.node.interval value = 1000000 is larger than max = 100000 based on the key value of ozone.scm.heartbeat.thread.interval, reset to the max value 100000.
2020-06-22 07:28:38,625 [main] WARN  server.ServerUtils (ServerUtils.java:sanitizeUserArgs(73)) - ozone.scm.stale.node.interval value = 1000000 is larger than max = 100000 based on the key value of ozone.scm.heartbeat.thread.interval, reset to the max value 100000.
2020-06-22 07:28:38,628 [main] INFO  node.SCMNodeManager (SCMNodeManager.java:<init>(116)) - Entering startup safe mode.
2020-06-22 07:28:38,795 [main] INFO  algorithms.ContainerPlacementPolicyFactory (ContainerPlacementPolicyFactory.java:getPolicy(60)) - Create container placement policy of type org.apache.hadoop.hdds.scm.container.placement.algorithms.SCMContainerPlacementRandom
2020-06-22 07:28:38,843 [main] INFO  pipeline.SCMPipelineManager (SCMPipelineManager.java:initializePipelineState(158)) - No pipeline exists in current db
2020-06-22 07:28:38,948 [main] INFO  safemode.HealthyPipelineSafeModeRule (HealthyPipelineSafeModeRule.java:<init>(89)) - Total pipeline count is 0, healthy pipeline threshold count is 0
2020-06-22 07:28:38,952 [main] INFO  safemode.OneReplicaPipelineSafeModeRule (OneReplicaPipelineSafeModeRule.java:<init>(79)) - Total pipeline count is 0, pipeline's with at least one datanode reported threshold count is 0
2020-06-22 07:28:39,022 [RatisPipelineUtilsThread] ERROR pipeline.SCMPipelineManager (SCMPipelineManager.java:createPipeline(222)) - Failed to create pipeline of type RATIS and factor ONE. Exception: Cannot create pipeline of factor 1 using 0 nodes. Used 0 nodes. Healthy nodes 0
2020-06-22 07:28:39,434 [main] INFO  ipc.CallQueueManager (CallQueueManager.java:<init>(84)) - Using callQueue: class java.util.concurrent.LinkedBlockingQueue, queueCapacity: 2000, scheduler: class org.apache.hadoop.ipc.DefaultRpcScheduler, ipcBackoff: false.
2020-06-22 07:28:39,458 [Socket Reader #1 for port 0] INFO  ipc.Server (Server.java:run(1219)) - Starting Socket Reader #1 for port 0
2020-06-22 07:28:39,484 [Listener at 0.0.0.0/34471] INFO  ipc.CallQueueManager (CallQueueManager.java:<init>(84)) - Using callQueue: class java.util.concurrent.LinkedBlockingQueue, queueCapacity: 2000, scheduler: class org.apache.hadoop.ipc.DefaultRpcScheduler, ipcBackoff: false.
2020-06-22 07:28:39,485 [Socket Reader #1 for port 0] INFO  ipc.Server (Server.java:run(1219)) - Starting Socket Reader #1 for port 0
2020-06-22 07:28:39,497 [Listener at 0.0.0.0/33035] INFO  ipc.CallQueueManager (CallQueueManager.java:<init>(84)) - Using callQueue: class java.util.concurrent.LinkedBlockingQueue, queueCapacity: 2000, scheduler: class org.apache.hadoop.ipc.DefaultRpcScheduler, ipcBackoff: false.
2020-06-22 07:28:39,497 [Socket Reader #1 for port 0] INFO  ipc.Server (Server.java:run(1219)) - Starting Socket Reader #1 for port 0
2020-06-22 07:28:39,516 [Listener at 0.0.0.0/36943] INFO  http.BaseHttpServer (BaseHttpServer.java:newHttpServer2BuilderForOzone(205)) - Starting Web-server for scm at: http://0.0.0.0:0
2020-06-22 07:28:39,516 [Listener at 0.0.0.0/36943] INFO  http.BaseHttpServer (BaseHttpServer.java:<init>(106)) - Hadoop Security Enabled: false Ozone Security Enabled: false Ozone HTTP Security Enabled: false 
2020-06-22 07:28:39,544 [Listener at 0.0.0.0/36943] INFO  util.log (Log.java:initialized(169)) - Logging initialized @2389ms to org.eclipse.jetty.util.log.Slf4jLog
2020-06-22 07:28:39,684 [Listener at 0.0.0.0/36943] INFO  server.AuthenticationFilter (AuthenticationFilter.java:constructSecretProvider(240)) - Unable to initialize FileSignerSecretProvider, falling back to use random secrets.
2020-06-22 07:28:39,699 [Listener at 0.0.0.0/36943] WARN  http.HttpRequestLog (HttpRequestLog.java:getRequestLog(103)) - Jetty request log can only be enabled using Log4j
2020-06-22 07:28:39,704 [Listener at 0.0.0.0/36943] INFO  http.HttpServer2 (HttpServer2.java:addGlobalFilter(993)) - Added global filter 'safety' (class=org.apache.hadoop.hdds.server.http.HttpServer2$QuotingInputFilter)
2020-06-22 07:28:39,707 [Listener at 0.0.0.0/36943] INFO  http.HttpServer2 (HttpServer2.java:addFilter(969)) - Added filter authentication (class=org.apache.hadoop.security.authentication.server.AuthenticationFilter) to context scm
2020-06-22 07:28:39,707 [Listener at 0.0.0.0/36943] INFO  http.HttpServer2 (HttpServer2.java:addFilter(977)) - Added filter authentication (class=org.apache.hadoop.security.authentication.server.AuthenticationFilter) to context logs
2020-06-22 07:28:39,707 [Listener at 0.0.0.0/36943] INFO  http.HttpServer2 (HttpServer2.java:addFilter(977)) - Added filter authentication (class=org.apache.hadoop.security.authentication.server.AuthenticationFilter) to context static
2020-06-22 07:28:39,758 [Listener at 0.0.0.0/36943] INFO  server.StorageContainerManager (StorageContainerManager.java:start(781)) - StorageContainerLocationProtocol RPC server is listening at /0.0.0.0:36943
2020-06-22 07:28:39,811 [Listener at 0.0.0.0/36943] WARN  impl.MetricsConfig (MetricsConfig.java:loadFirst(134)) - Cannot locate configuration: tried hadoop-metrics2-storagecontainermanager.properties,hadoop-metrics2.properties
2020-06-22 07:28:39,826 [Listener at 0.0.0.0/36943] INFO  impl.MetricsSystemImpl (MetricsSystemImpl.java:startTimer(374)) - Scheduled Metric snapshot period at 10 second(s).
2020-06-22 07:28:39,826 [Listener at 0.0.0.0/36943] INFO  impl.MetricsSystemImpl (MetricsSystemImpl.java:start(191)) - StorageContainerManager metrics system started
2020-06-22 07:28:40,074 [Listener at 0.0.0.0/36943] INFO  server.SCMClientProtocolServer (SCMClientProtocolServer.java:start(155)) - RPC server for Client  is listening at /0.0.0.0:36943
2020-06-22 07:28:40,074 [IPC Server Responder] INFO  ipc.Server (Server.java:run(1460)) - IPC Server Responder: starting
2020-06-22 07:28:40,075 [IPC Server listener on 0] INFO  ipc.Server (Server.java:run(1298)) - IPC Server listener on 0: starting
2020-06-22 07:28:40,084 [Listener at 0.0.0.0/36943] INFO  server.StorageContainerManager (StorageContainerManager.java:start(793)) - ScmBlockLocationProtocol RPC server is listening at /0.0.0.0:33035
2020-06-22 07:28:40,084 [Listener at 0.0.0.0/36943] INFO  server.SCMBlockProtocolServer (SCMBlockProtocolServer.java:start(149)) - RPC server for Block Protocol is listening at /0.0.0.0:33035
2020-06-22 07:28:40,085 [IPC Server Responder] INFO  ipc.Server (Server.java:run(1460)) - IPC Server Responder: starting
2020-06-22 07:28:40,085 [IPC Server listener on 0] INFO  ipc.Server (Server.java:run(1298)) - IPC Server listener on 0: starting
2020-06-22 07:28:40,089 [Listener at 0.0.0.0/36943] INFO  server.StorageContainerManager (StorageContainerManager.java:start(799)) - ScmDatanodeProtocl RPC server is listening at /0.0.0.0:34471
2020-06-22 07:28:40,089 [Listener at 0.0.0.0/36943] INFO  server.SCMDatanodeProtocolServer (SCMDatanodeProtocolServer.java:start(172)) - RPC server for DataNodes is listening at /0.0.0.0:34471
2020-06-22 07:28:40,090 [IPC Server Responder] INFO  ipc.Server (Server.java:run(1460)) - IPC Server Responder: starting
2020-06-22 07:28:40,090 [IPC Server listener on 0] INFO  ipc.Server (Server.java:run(1298)) - IPC Server listener on 0: starting
2020-06-22 07:28:40,095 [Listener at 0.0.0.0/36943] INFO  http.HttpServer2 (HttpServer2.java:bindListener(1211)) - Jetty bound to port 42335
2020-06-22 07:28:40,097 [Listener at 0.0.0.0/36943] INFO  server.Server (Server.java:doStart(359)) - jetty-9.4.26.v20200117; built: 2020-01-17T12:35:33.676Z; git: 7b38981d25d14afb4a12ff1f2596756144edf695; jvm 1.8.0_232-b09
2020-06-22 07:28:40,126 [Listener at 0.0.0.0/36943] INFO  server.session (DefaultSessionIdManager.java:doStart(333)) - DefaultSessionIdManager workerName=node0
2020-06-22 07:28:40,126 [Listener at 0.0.0.0/36943] INFO  server.session (DefaultSessionIdManager.java:doStart(338)) - No SessionScavenger set, using defaults
2020-06-22 07:28:40,128 [Listener at 0.0.0.0/36943] INFO  server.session (HouseKeeper.java:startScavenging(140)) - node0 Scavenging every 600000ms
2020-06-22 07:28:40,143 [Listener at 0.0.0.0/36943] INFO  server.AuthenticationFilter (AuthenticationFilter.java:constructSecretProvider(240)) - Unable to initialize FileSignerSecretProvider, falling back to use random secrets.
2020-06-22 07:28:40,151 [Listener at 0.0.0.0/36943] INFO  handler.ContextHandler (ContextHandler.java:doStart(825)) - Started o.e.j.s.ServletContextHandler@115ca7de{logs,/logs,file:///github/workspace/mnt/ozone/hadoop-ozone/integration-test/target/log,AVAILABLE}
2020-06-22 07:28:40,151 [Listener at 0.0.0.0/36943] INFO  handler.ContextHandler (ContextHandler.java:doStart(825)) - Started o.e.j.s.ServletContextHandler@553da911{static,/static,file:///github/workspace/mnt/ozone/hadoop-ozone/integration-test/target/test-classes/webapps/static,AVAILABLE}
2020-06-22 07:28:40,193 [Listener at 0.0.0.0/36943] INFO  handler.ContextHandler (ContextHandler.java:doStart(825)) - Started o.e.j.w.WebAppContext@15214920{scm,/,file:///github/workspace/mnt/ozone/hadoop-ozone/integration-test/target/test-classes/webapps/scm/,AVAILABLE}{file:/github/workspace/mnt/ozone/hadoop-ozone/integration-test/target/test-classes/webapps/scm}
2020-06-22 07:28:40,201 [Listener at 0.0.0.0/36943] INFO  server.AbstractConnector (AbstractConnector.java:doStart(330)) - Started ServerConnector@4cc65c2{HTTP/1.1,[http/1.1]}{0.0.0.0:42335}
2020-06-22 07:28:40,202 [Listener at 0.0.0.0/36943] INFO  server.Server (Server.java:doStart(399)) - Started @3047ms
2020-06-22 07:28:40,204 [Listener at 0.0.0.0/36943] INFO  impl.MetricsSinkAdapter (MetricsSinkAdapter.java:start(204)) - Sink prometheus started
2020-06-22 07:28:40,204 [Listener at 0.0.0.0/36943] INFO  impl.MetricsSystemImpl (MetricsSystemImpl.java:registerSink(301)) - Registered sink prometheus
2020-06-22 07:28:40,208 [Listener at 0.0.0.0/36943] INFO  http.BaseHttpServer (BaseHttpServer.java:updateConnectorAddress(325)) - HTTP server of scm listening at http://0.0.0.0:42335
2020-06-22 07:28:40,214 [Listener at 0.0.0.0/36943] WARN  server.ServerUtils (ServerUtils.java:getDBPath(225)) - ozone.om.db.dirs is not configured. We recommend adding this setting. Falling back to ozone.metadata.dirs instead.
2020-06-22 07:28:40,221 [org.apache.hadoop.util.JvmPauseMonitor$Monitor@1653b84e] INFO  util.JvmPauseMonitor (JvmPauseMonitor.java:run(188)) - Starting JVM pause monitor
2020-06-22 07:28:40,313 [Listener at 0.0.0.0/36943] INFO  ha.OMHANodeDetails (OMHANodeDetails.java:loadOMHAConfig(104)) - ozone.om.internal.service.id is not defined, falling back to ozone.om.service.ids to find serviceID for OzoneManager if it is HA enabled cluster
2020-06-22 07:28:40,315 [Listener at 0.0.0.0/36943] INFO  ha.OMHANodeDetails (OMHANodeDetails.java:loadOMHAConfig(213)) - Configuration either no ozone.om.address set. Falling back to the default OM address /127.0.0.1:0
2020-06-22 07:28:40,316 [Listener at 0.0.0.0/36943] INFO  ha.OMHANodeDetails (OMHANodeDetails.java:getOMNodeDetails(241)) - OM Service ID is not set. Setting it to the default ID: omServiceIdDefault
2020-06-22 07:28:40,318 [Listener at 0.0.0.0/36943] WARN  server.ServerUtils (ServerUtils.java:getDBPath(225)) - ozone.om.db.dirs is not configured. We recommend adding this setting. Falling back to ozone.metadata.dirs instead.
2020-06-22 07:28:40,319 [Listener at 0.0.0.0/36943] WARN  server.ServerUtils (ServerUtils.java:getDBPath(225)) - ozone.om.db.dirs is not configured. We recommend adding this setting. Falling back to ozone.metadata.dirs instead.
2020-06-22 07:28:41,024 [Listener at 0.0.0.0/36943] WARN  server.ServerUtils (ServerUtils.java:getDBPath(225)) - ozone.om.db.dirs is not configured. We recommend adding this setting. Falling back to ozone.metadata.dirs instead.
2020-06-22 07:28:41,148 [Listener at 0.0.0.0/36943] INFO  ipc.CallQueueManager (CallQueueManager.java:<init>(84)) - Using callQueue: class java.util.concurrent.LinkedBlockingQueue, queueCapacity: 2000, scheduler: class org.apache.hadoop.ipc.DefaultRpcScheduler, ipcBackoff: false.
2020-06-22 07:28:41,151 [Socket Reader #1 for port 0] INFO  ipc.Server (Server.java:run(1219)) - Starting Socket Reader #1 for port 0
2020-06-22 07:28:41,185 [Listener at 127.0.0.1/34747] INFO  impl.MetricsSystemImpl (MetricsSystemImpl.java:init(158)) - OzoneManager metrics system started (again)
2020-06-22 07:28:41,187 [Listener at 127.0.0.1/34747] INFO  om.OzoneManager (OzoneManager.java:start(1085)) - OzoneManager RPC server is listening at localhost/127.0.0.1:34747
2020-06-22 07:28:41,215 [IPC Server Responder] INFO  ipc.Server (Server.java:run(1460)) - IPC Server Responder: starting
2020-06-22 07:28:41,219 [IPC Server listener on 0] INFO  ipc.Server (Server.java:run(1298)) - IPC Server listener on 0: starting
2020-06-22 07:28:41,255 [Listener at 127.0.0.1/34747] INFO  http.BaseHttpServer (BaseHttpServer.java:newHttpServer2BuilderForOzone(205)) - Starting Web-server for ozoneManager at: http://0.0.0.0:0
2020-06-22 07:28:41,256 [Listener at 127.0.0.1/34747] INFO  http.BaseHttpServer (BaseHttpServer.java:<init>(106)) - Hadoop Security Enabled: false Ozone Security Enabled: false Ozone HTTP Security Enabled: false 
2020-06-22 07:28:41,257 [Listener at 127.0.0.1/34747] INFO  server.AuthenticationFilter (AuthenticationFilter.java:constructSecretProvider(240)) - Unable to initialize FileSignerSecretProvider, falling back to use random secrets.
2020-06-22 07:28:41,259 [Listener at 127.0.0.1/34747] WARN  http.HttpRequestLog (HttpRequestLog.java:getRequestLog(103)) - Jetty request log can only be enabled using Log4j
2020-06-22 07:28:41,260 [Listener at 127.0.0.1/34747] INFO  http.HttpServer2 (HttpServer2.java:addGlobalFilter(993)) - Added global filter 'safety' (class=org.apache.hadoop.hdds.server.http.HttpServer2$QuotingInputFilter)
2020-06-22 07:28:41,261 [Listener at 127.0.0.1/34747] INFO  http.HttpServer2 (HttpServer2.java:addFilter(969)) - Added filter authentication (class=org.apache.hadoop.security.authentication.server.AuthenticationFilter) to context ozoneManager
2020-06-22 07:28:41,261 [Listener at 127.0.0.1/34747] INFO  http.HttpServer2 (HttpServer2.java:addFilter(977)) - Added filter authentication (class=org.apache.hadoop.security.authentication.server.AuthenticationFilter) to context static
2020-06-22 07:28:41,261 [Listener at 127.0.0.1/34747] INFO  http.HttpServer2 (HttpServer2.java:addFilter(977)) - Added filter authentication (class=org.apache.hadoop.security.authentication.server.AuthenticationFilter) to context logs
2020-06-22 07:28:41,264 [Listener at 127.0.0.1/34747] INFO  http.HttpServer2 (HttpServer2.java:bindListener(1211)) - Jetty bound to port 33379
2020-06-22 07:28:41,264 [Listener at 127.0.0.1/34747] INFO  server.Server (Server.java:doStart(359)) - jetty-9.4.26.v20200117; built: 2020-01-17T12:35:33.676Z; git: 7b38981d25d14afb4a12ff1f2596756144edf695; jvm 1.8.0_232-b09
2020-06-22 07:28:41,272 [Listener at 127.0.0.1/34747] INFO  server.session (DefaultSessionIdManager.java:doStart(333)) - DefaultSessionIdManager workerName=node0
2020-06-22 07:28:41,272 [Listener at 127.0.0.1/34747] INFO  server.session (DefaultSessionIdManager.java:doStart(338)) - No SessionScavenger set, using defaults
2020-06-22 07:28:41,273 [Listener at 127.0.0.1/34747] INFO  server.session (HouseKeeper.java:startScavenging(140)) - node0 Scavenging every 600000ms
2020-06-22 07:28:41,274 [Listener at 127.0.0.1/34747] INFO  server.AuthenticationFilter (AuthenticationFilter.java:constructSecretProvider(240)) - Unable to initialize FileSignerSecretProvider, falling back to use random secrets.
2020-06-22 07:28:41,274 [Listener at 127.0.0.1/34747] INFO  handler.ContextHandler (ContextHandler.java:doStart(825)) - Started o.e.j.s.ServletContextHandler@48d464cf{logs,/logs,file:///github/workspace/mnt/ozone/hadoop-ozone/integration-test/target/log,AVAILABLE}
2020-06-22 07:28:41,275 [Listener at 127.0.0.1/34747] INFO  handler.ContextHandler (ContextHandler.java:doStart(825)) - Started o.e.j.s.ServletContextHandler@68543a35{static,/static,file:///github/workspace/mnt/ozone/hadoop-ozone/integration-test/target/test-classes/webapps/static,AVAILABLE}
2020-06-22 07:28:41,279 [Listener at 127.0.0.1/34747] INFO  handler.ContextHandler (ContextHandler.java:doStart(825)) - Started o.e.j.w.WebAppContext@27d6467{ozoneManager,/,file:///github/workspace/mnt/ozone/hadoop-ozone/integration-test/target/test-classes/webapps/ozoneManager/,AVAILABLE}{file:/github/workspace/mnt/ozone/hadoop-ozone/integration-test/target/test-classes/webapps/ozoneManager}
2020-06-22 07:28:41,280 [Listener at 127.0.0.1/34747] INFO  server.AbstractConnector (AbstractConnector.java:doStart(330)) - Started ServerConnector@21f479cd{HTTP/1.1,[http/1.1]}{0.0.0.0:33379}
2020-06-22 07:28:41,280 [Listener at 127.0.0.1/34747] INFO  server.Server (Server.java:doStart(399)) - Started @4126ms
2020-06-22 07:28:41,280 [Listener at 127.0.0.1/34747] WARN  impl.MetricsSystemImpl (MetricsSystemImpl.java:register(276)) - Sink prometheus already exists!
2020-06-22 07:28:41,284 [Listener at 127.0.0.1/34747] INFO  http.BaseHttpServer (BaseHttpServer.java:updateConnectorAddress(325)) - HTTP server of ozoneManager listening at http://0.0.0.0:33379
2020-06-22 07:28:41,292 [org.apache.hadoop.util.JvmPauseMonitor$Monitor@182fd26b] INFO  util.JvmPauseMonitor (JvmPauseMonitor.java:run(188)) - Starting JVM pause monitor
2020-06-22 07:28:41,396 [Listener at 127.0.0.1/34747] INFO  metrics.MetricRegistries (MetricRegistriesLoader.java:load(64)) - Loaded MetricRegistries class org.apache.ratis.metrics.impl.MetricRegistriesImpl
2020-06-22 07:28:41,398 [Listener at 127.0.0.1/34747] INFO  impl.MetricsSystemImpl (MetricsSystemImpl.java:init(158)) - HddsDatanode metrics system started (again)
2020-06-22 07:28:41,402 [Listener at 127.0.0.1/34747] INFO  ozone.HddsDatanodeService (HddsDatanodeService.java:start(197)) - HddsDatanodeService host:777bc8194f3e ip:172.17.0.2
2020-06-22 07:28:41,474 [Listener at 127.0.0.1/34747] INFO  volume.HddsVolume (HddsVolume.java:<init>(176)) - Creating Volume: /github/workspace/mnt/ozone/hadoop-ozone/integration-test/target/test-dir/MiniOzoneClusterImpl-99a7d3e3-4c3d-4292-8be6-fbb027d3ba95/datanode-0/data-0/containers/hdds of storage type : DISK and capacity : 9223372036854775807
2020-06-22 07:28:41,479 [Listener at 127.0.0.1/34747] INFO  volume.MutableVolumeSet (MutableVolumeSet.java:initializeVolumeSet(181)) - Added Volume : /github/workspace/mnt/ozone/hadoop-ozone/integration-test/target/test-dir/MiniOzoneClusterImpl-99a7d3e3-4c3d-4292-8be6-fbb027d3ba95/datanode-0/data-0/containers/hdds to VolumeSet
2020-06-22 07:28:41,480 [Listener at 127.0.0.1/34747] INFO  volume.ThrottledAsyncChecker (ThrottledAsyncChecker.java:schedule(141)) - Scheduling a check for /github/workspace/mnt/ozone/hadoop-ozone/integration-test/target/test-dir/MiniOzoneClusterImpl-99a7d3e3-4c3d-4292-8be6-fbb027d3ba95/datanode-0/data-0/containers/hdds
2020-06-22 07:28:41,505 [Listener at 127.0.0.1/34747] INFO  volume.HddsVolumeChecker (HddsVolumeChecker.java:checkAllVolumes(200)) - Scheduled health check for volume /github/workspace/mnt/ozone/hadoop-ozone/integration-test/target/test-dir/MiniOzoneClusterImpl-99a7d3e3-4c3d-4292-8be6-fbb027d3ba95/datanode-0/data-0/containers/hdds
2020-06-22 07:28:41,658 [Listener at 127.0.0.1/34747] INFO  impl.RaftServerProxy (ConfUtils.java:logGet(44)) - raft.rpc.type = GRPC (default)
2020-06-22 07:28:41,725 [Listener at 127.0.0.1/34747] INFO  grpc.GrpcFactory (GrpcFactory.java:checkPooledByteBufAllocatorUseCacheForAllThreads(45)) - PERFORMANCE WARNING: useCacheForAllThreads is true that may cause Netty to create a lot garbage objects and, as a result, trigger GC.
	It is recommended to disable useCacheForAllThreads by setting -Dorg.apache.ratis.thirdparty.io.netty.allocator.useCacheForAllThreads=false in command line.
2020-06-22 07:28:41,730 [Listener at 127.0.0.1/34747] INFO  grpc.GrpcConfigKeys (ConfUtils.java:logGet(44)) - raft.grpc.server.port = 0 (default)
2020-06-22 07:28:41,731 [Listener at 127.0.0.1/34747] INFO  server.GrpcService (ConfUtils.java:logGet(44)) - raft.grpc.message.size.max = 32MB (=33554432) (custom)
2020-06-22 07:28:41,732 [Listener at 127.0.0.1/34747] INFO  server.RaftServerConfigKeys (ConfUtils.java:logGet(44)) - raft.server.log.appender.buffer.byte-limit = 33554432 (custom)
2020-06-22 07:28:41,732 [Listener at 127.0.0.1/34747] INFO  server.GrpcService (ConfUtils.java:logGet(44)) - raft.grpc.flow.control.window = 5MB (=5242880) (custom)
2020-06-22 07:28:41,733 [Listener at 127.0.0.1/34747] INFO  server.RaftServerConfigKeys (ConfUtils.java:logGet(44)) - raft.server.rpc.request.timeout = 3s (default)
2020-06-22 07:28:41,950 [Listener at 127.0.0.1/34747] INFO  server.RaftServerConfigKeys (ConfUtils.java:logGet(44)) - raft.server.storage.dir = [/github/workspace/mnt/ozone/hadoop-ozone/integration-test/target/test-dir/MiniOzoneClusterImpl-99a7d3e3-4c3d-4292-8be6-fbb027d3ba95/datanode-0/data/ratis] (custom)
2020-06-22 07:28:42,048 [Listener at 127.0.0.1/34747] INFO  http.BaseHttpServer (BaseHttpServer.java:newHttpServer2BuilderForOzone(205)) - Starting Web-server for hddsDatanode at: http://0.0.0.0:0
2020-06-22 07:28:42,049 [Listener at 127.0.0.1/34747] INFO  http.BaseHttpServer (BaseHttpServer.java:<init>(106)) - Hadoop Security Enabled: false Ozone Security Enabled: false Ozone HTTP Security Enabled: false 
2020-06-22 07:28:42,051 [Listener at 127.0.0.1/34747] INFO  server.AuthenticationFilter (AuthenticationFilter.java:constructSecretProvider(240)) - Unable to initialize FileSignerSecretProvider, falling back to use random secrets.
2020-06-22 07:28:42,063 [Listener at 127.0.0.1/34747] WARN  http.HttpRequestLog (HttpRequestLog.java:getRequestLog(103)) - Jetty request log can only be enabled using Log4j
2020-06-22 07:28:42,065 [Listener at 127.0.0.1/34747] INFO  http.HttpServer2 (HttpServer2.java:addGlobalFilter(993)) - Added global filter 'safety' (class=org.apache.hadoop.hdds.server.http.HttpServer2$QuotingInputFilter)
2020-06-22 07:28:42,066 [Listener at 127.0.0.1/34747] INFO  http.HttpServer2 (HttpServer2.java:addFilter(969)) - Added filter authentication (class=org.apache.hadoop.security.authentication.server.AuthenticationFilter) to context hddsDatanode
2020-06-22 07:28:42,066 [Listener at 127.0.0.1/34747] INFO  http.HttpServer2 (HttpServer2.java:addFilter(977)) - Added filter authentication (class=org.apache.hadoop.security.authentication.server.AuthenticationFilter) to context static
2020-06-22 07:28:42,066 [Listener at 127.0.0.1/34747] INFO  http.HttpServer2 (HttpServer2.java:addFilter(977)) - Added filter authentication (class=org.apache.hadoop.security.authentication.server.AuthenticationFilter) to context logs
2020-06-22 07:28:42,067 [Listener at 127.0.0.1/34747] INFO  http.HttpServer2 (HttpServer2.java:bindListener(1211)) - Jetty bound to port 44685
2020-06-22 07:28:42,067 [Listener at 127.0.0.1/34747] INFO  server.Server (Server.java:doStart(359)) - jetty-9.4.26.v20200117; built: 2020-01-17T12:35:33.676Z; git: 7b38981d25d14afb4a12ff1f2596756144edf695; jvm 1.8.0_232-b09
2020-06-22 07:28:42,069 [Listener at 127.0.0.1/34747] INFO  server.session (DefaultSessionIdManager.java:doStart(333)) - DefaultSessionIdManager workerName=node0
2020-06-22 07:28:42,070 [Listener at 127.0.0.1/34747] INFO  server.session (DefaultSessionIdManager.java:doStart(338)) - No SessionScavenger set, using defaults
2020-06-22 07:28:42,070 [Listener at 127.0.0.1/34747] INFO  server.session (HouseKeeper.java:startScavenging(140)) - node0 Scavenging every 660000ms
2020-06-22 07:28:42,075 [Listener at 127.0.0.1/34747] INFO  server.AuthenticationFilter (AuthenticationFilter.java:constructSecretProvider(240)) - Unable to initialize FileSignerSecretProvider, falling back to use random secrets.
2020-06-22 07:28:42,079 [Listener at 127.0.0.1/34747] INFO  handler.ContextHandler (ContextHandler.java:doStart(825)) - Started o.e.j.s.ServletContextHandler@77f66138{logs,/logs,file:///github/workspace/mnt/ozone/hadoop-ozone/integration-test/target/log,AVAILABLE}
2020-06-22 07:28:42,080 [Listener at 127.0.0.1/34747] INFO  handler.ContextHandler (ContextHandler.java:doStart(825)) - Started o.e.j.s.ServletContextHandler@12ce659{static,/static,jar:file:/home/user/.m2/repository/org/apache/hadoop/hadoop-hdds-container-service/0.6.0-SNAPSHOT/hadoop-hdds-container-service-0.6.0-SNAPSHOT.jar!/webapps/static,AVAILABLE}
2020-06-22 07:28:42,113 [Listener at 127.0.0.1/34747] INFO  handler.ContextHandler (ContextHandler.java:doStart(825)) - Started o.e.j.w.WebAppContext@5276330a{hddsDatanode,/,file:///tmp/jetty-0_0_0_0-44685-hadoop-hdds-container-service-0_6_0-SNAPSHOT_jar-_-any-3656079772821696070.dir/webapp/,AVAILABLE}{jar:file:/home/user/.m2/repository/org/apache/hadoop/hadoop-hdds-container-service/0.6.0-SNAPSHOT/hadoop-hdds-container-service-0.6.0-SNAPSHOT.jar!/webapps/hddsDatanode}
2020-06-22 07:28:42,116 [Listener at 127.0.0.1/34747] INFO  server.AbstractConnector (AbstractConnector.java:doStart(330)) - Started ServerConnector@71979130{HTTP/1.1,[http/1.1]}{0.0.0.0:44685}
2020-06-22 07:28:42,117 [Listener at 127.0.0.1/34747] INFO  server.Server (Server.java:doStart(399)) - Started @4963ms
2020-06-22 07:28:42,118 [Listener at 127.0.0.1/34747] WARN  impl.MetricsSystemImpl (MetricsSystemImpl.java:register(276)) - Sink prometheus already exists!
2020-06-22 07:28:42,124 [Listener at 127.0.0.1/34747] INFO  http.BaseHttpServer (BaseHttpServer.java:updateConnectorAddress(325)) - HTTP server of hddsDatanode listening at http://0.0.0.0:44685
2020-06-22 07:28:42,131 [Listener at 127.0.0.1/34747] INFO  impl.MetricsSystemImpl (MetricsSystemImpl.java:init(158)) - HddsDatanode metrics system started (again)
2020-06-22 07:28:42,135 [Listener at 127.0.0.1/34747] INFO  ozone.HddsDatanodeService (HddsDatanodeService.java:start(197)) - HddsDatanodeService host:777bc8194f3e ip:172.17.0.2
2020-06-22 07:28:42,157 [org.apache.hadoop.util.JvmPauseMonitor$Monitor@2f328538] INFO  util.JvmPauseMonitor (JvmPauseMonitor.java:run(188)) - Starting JVM pause monitor
2020-06-22 07:28:42,164 [Listener at 127.0.0.1/34747] INFO  volume.HddsVolume (HddsVolume.java:<init>(176)) - Creating Volume: /github/workspace/mnt/ozone/hadoop-ozone/integration-test/target/test-dir/MiniOzoneClusterImpl-99a7d3e3-4c3d-4292-8be6-fbb027d3ba95/datanode-1/data-0/containers/hdds of storage type : DISK and capacity : 9223372036854775807
2020-06-22 07:28:42,164 [Listener at 127.0.0.1/34747] INFO  volume.MutableVolumeSet (MutableVolumeSet.java:initializeVolumeSet(181)) - Added Volume : /github/workspace/mnt/ozone/hadoop-ozone/integration-test/target/test-dir/MiniOzoneClusterImpl-99a7d3e3-4c3d-4292-8be6-fbb027d3ba95/datanode-1/data-0/containers/hdds to VolumeSet
2020-06-22 07:28:42,164 [Listener at 127.0.0.1/34747] INFO  volume.ThrottledAsyncChecker (ThrottledAsyncChecker.java:schedule(141)) - Scheduling a check for /github/workspace/mnt/ozone/hadoop-ozone/integration-test/target/test-dir/MiniOzoneClusterImpl-99a7d3e3-4c3d-4292-8be6-fbb027d3ba95/datanode-1/data-0/containers/hdds
2020-06-22 07:28:42,179 [Listener at 127.0.0.1/34747] INFO  volume.HddsVolumeChecker (HddsVolumeChecker.java:checkAllVolumes(200)) - Scheduled health check for volume /github/workspace/mnt/ozone/hadoop-ozone/integration-test/target/test-dir/MiniOzoneClusterImpl-99a7d3e3-4c3d-4292-8be6-fbb027d3ba95/datanode-1/data-0/containers/hdds
2020-06-22 07:28:42,208 [Listener at 127.0.0.1/34747] INFO  impl.RaftServerProxy (ConfUtils.java:logGet(44)) - raft.rpc.type = GRPC (default)
2020-06-22 07:28:42,209 [Listener at 127.0.0.1/34747] INFO  grpc.GrpcFactory (GrpcFactory.java:checkPooledByteBufAllocatorUseCacheForAllThreads(45)) - PERFORMANCE WARNING: useCacheForAllThreads is true that may cause Netty to create a lot garbage objects and, as a result, trigger GC.
	It is recommended to disable useCacheForAllThreads by setting -Dorg.apache.ratis.thirdparty.io.netty.allocator.useCacheForAllThreads=false in command line.
2020-06-22 07:28:42,209 [Listener at 127.0.0.1/34747] INFO  grpc.GrpcConfigKeys (ConfUtils.java:logGet(44)) - raft.grpc.server.port = 0 (default)
2020-06-22 07:28:42,210 [Listener at 127.0.0.1/34747] INFO  server.GrpcService (ConfUtils.java:logGet(44)) - raft.grpc.message.size.max = 32MB (=33554432) (custom)
2020-06-22 07:28:42,210 [Listener at 127.0.0.1/34747] INFO  server.RaftServerConfigKeys (ConfUtils.java:logGet(44)) - raft.server.log.appender.buffer.byte-limit = 33554432 (custom)
2020-06-22 07:28:42,210 [Listener at 127.0.0.1/34747] INFO  server.GrpcService (ConfUtils.java:logGet(44)) - raft.grpc.flow.control.window = 5MB (=5242880) (custom)
2020-06-22 07:28:42,210 [Listener at 127.0.0.1/34747] INFO  server.RaftServerConfigKeys (ConfUtils.java:logGet(44)) - raft.server.rpc.request.timeout = 3s (default)
2020-06-22 07:28:42,211 [Listener at 127.0.0.1/34747] INFO  server.RaftServerConfigKeys (ConfUtils.java:logGet(44)) - raft.server.storage.dir = [/github/workspace/mnt/ozone/hadoop-ozone/integration-test/target/test-dir/MiniOzoneClusterImpl-99a7d3e3-4c3d-4292-8be6-fbb027d3ba95/datanode-1/data/ratis] (custom)
2020-06-22 07:28:42,234 [Listener at 127.0.0.1/34747] INFO  http.BaseHttpServer (BaseHttpServer.java:newHttpServer2BuilderForOzone(205)) - Starting Web-server for hddsDatanode at: http://0.0.0.0:0
2020-06-22 07:28:42,234 [Listener at 127.0.0.1/34747] INFO  http.BaseHttpServer (BaseHttpServer.java:<init>(106)) - Hadoop Security Enabled: false Ozone Security Enabled: false Ozone HTTP Security Enabled: false 
2020-06-22 07:28:42,235 [Listener at 127.0.0.1/34747] INFO  server.AuthenticationFilter (AuthenticationFilter.java:constructSecretProvider(240)) - Unable to initialize FileSignerSecretProvider, falling back to use random secrets.
2020-06-22 07:28:42,239 [Listener at 127.0.0.1/34747] WARN  http.HttpRequestLog (HttpRequestLog.java:getRequestLog(103)) - Jetty request log can only be enabled using Log4j
2020-06-22 07:28:42,241 [Listener at 127.0.0.1/34747] INFO  http.HttpServer2 (HttpServer2.java:addGlobalFilter(993)) - Added global filter 'safety' (class=org.apache.hadoop.hdds.server.http.HttpServer2$QuotingInputFilter)
2020-06-22 07:28:42,241 [Listener at 127.0.0.1/34747] INFO  http.HttpServer2 (HttpServer2.java:addFilter(969)) - Added filter authentication (class=org.apache.hadoop.security.authentication.server.AuthenticationFilter) to context hddsDatanode
2020-06-22 07:28:42,242 [Listener at 127.0.0.1/34747] INFO  http.HttpServer2 (HttpServer2.java:addFilter(977)) - Added filter authentication (class=org.apache.hadoop.security.authentication.server.AuthenticationFilter) to context static
2020-06-22 07:28:42,242 [Listener at 127.0.0.1/34747] INFO  http.HttpServer2 (HttpServer2.java:addFilter(977)) - Added filter authentication (class=org.apache.hadoop.security.authentication.server.AuthenticationFilter) to context logs
2020-06-22 07:28:42,242 [Listener at 127.0.0.1/34747] INFO  http.HttpServer2 (HttpServer2.java:bindListener(1211)) - Jetty bound to port 33611
2020-06-22 07:28:42,243 [Listener at 127.0.0.1/34747] INFO  server.Server (Server.java:doStart(359)) - jetty-9.4.26.v20200117; built: 2020-01-17T12:35:33.676Z; git: 7b38981d25d14afb4a12ff1f2596756144edf695; jvm 1.8.0_232-b09
2020-06-22 07:28:42,280 [Datanode State Machine Thread - 0] INFO  datanode.InitDatanodeState (InitDatanodeState.java:persistContainerDatanodeDetails(145)) - DatanodeDetails is persisted to /github/workspace/mnt/ozone/hadoop-ozone/integration-test/target/test-dir/MiniOzoneClusterImpl-99a7d3e3-4c3d-4292-8be6-fbb027d3ba95/datanode-0/meta/datanode.id
2020-06-22 07:28:42,281 [Listener at 127.0.0.1/34747] INFO  server.session (DefaultSessionIdManager.java:doStart(333)) - DefaultSessionIdManager workerName=node0
2020-06-22 07:28:42,281 [Listener at 127.0.0.1/34747] INFO  server.session (DefaultSessionIdManager.java:doStart(338)) - No SessionScavenger set, using defaults
2020-06-22 07:28:42,281 [Listener at 127.0.0.1/34747] INFO  server.session (HouseKeeper.java:startScavenging(140)) - node0 Scavenging every 600000ms
2020-06-22 07:28:42,282 [Listener at 127.0.0.1/34747] INFO  server.AuthenticationFilter (AuthenticationFilter.java:constructSecretProvider(240)) - Unable to initialize FileSignerSecretProvider, falling back to use random secrets.
2020-06-22 07:28:42,282 [Listener at 127.0.0.1/34747] INFO  handler.ContextHandler (ContextHandler.java:doStart(825)) - Started o.e.j.s.ServletContextHandler@5205b3e2{logs,/logs,file:///github/workspace/mnt/ozone/hadoop-ozone/integration-test/target/log,AVAILABLE}
2020-06-22 07:28:42,283 [Listener at 127.0.0.1/34747] INFO  handler.ContextHandler (ContextHandler.java:doStart(825)) - Started o.e.j.s.ServletContextHandler@6b9f5dcf{static,/static,jar:file:/home/user/.m2/repository/org/apache/hadoop/hadoop-hdds-container-service/0.6.0-SNAPSHOT/hadoop-hdds-container-service-0.6.0-SNAPSHOT.jar!/webapps/static,AVAILABLE}
2020-06-22 07:28:42,303 [Listener at 127.0.0.1/34747] INFO  handler.ContextHandler (ContextHandler.java:doStart(825)) - Started o.e.j.w.WebAppContext@661d49d1{hddsDatanode,/,file:///tmp/jetty-0_0_0_0-33611-hadoop-hdds-container-service-0_6_0-SNAPSHOT_jar-_-any-7917530563631841390.dir/webapp/,AVAILABLE}{jar:file:/home/user/.m2/repository/org/apache/hadoop/hadoop-hdds-container-service/0.6.0-SNAPSHOT/hadoop-hdds-container-service-0.6.0-SNAPSHOT.jar!/webapps/hddsDatanode}
2020-06-22 07:28:42,304 [Listener at 127.0.0.1/34747] INFO  server.AbstractConnector (AbstractConnector.java:doStart(330)) - Started ServerConnector@5c7876e1{HTTP/1.1,[http/1.1]}{0.0.0.0:33611}
2020-06-22 07:28:42,304 [Listener at 127.0.0.1/34747] INFO  server.Server (Server.java:doStart(399)) - Started @5150ms
2020-06-22 07:28:42,305 [Listener at 127.0.0.1/34747] WARN  impl.MetricsSystemImpl (MetricsSystemImpl.java:register(276)) - Sink prometheus already exists!
2020-06-22 07:28:42,310 [Listener at 127.0.0.1/34747] INFO  http.BaseHttpServer (BaseHttpServer.java:updateConnectorAddress(325)) - HTTP server of hddsDatanode listening at http://0.0.0.0:33611
2020-06-22 07:28:42,311 [Listener at 127.0.0.1/34747] INFO  impl.MetricsSystemImpl (MetricsSystemImpl.java:init(158)) - HddsDatanode metrics system started (again)
2020-06-22 07:28:42,312 [Listener at 127.0.0.1/34747] INFO  ozone.HddsDatanodeService (HddsDatanodeService.java:start(197)) - HddsDatanodeService host:777bc8194f3e ip:172.17.0.2
2020-06-22 07:28:42,314 [Listener at 127.0.0.1/34747] INFO  volume.HddsVolume (HddsVolume.java:<init>(176)) - Creating Volume: /github/workspace/mnt/ozone/hadoop-ozone/integration-test/target/test-dir/MiniOzoneClusterImpl-99a7d3e3-4c3d-4292-8be6-fbb027d3ba95/datanode-2/data-0/containers/hdds of storage type : DISK and capacity : 9223372036854775807
2020-06-22 07:28:42,314 [Listener at 127.0.0.1/34747] INFO  volume.MutableVolumeSet (MutableVolumeSet.java:initializeVolumeSet(181)) - Added Volume : /github/workspace/mnt/ozone/hadoop-ozone/integration-test/target/test-dir/MiniOzoneClusterImpl-99a7d3e3-4c3d-4292-8be6-fbb027d3ba95/datanode-2/data-0/containers/hdds to VolumeSet
2020-06-22 07:28:42,314 [Listener at 127.0.0.1/34747] INFO  volume.ThrottledAsyncChecker (ThrottledAsyncChecker.java:schedule(141)) - Scheduling a check for /github/workspace/mnt/ozone/hadoop-ozone/integration-test/target/test-dir/MiniOzoneClusterImpl-99a7d3e3-4c3d-4292-8be6-fbb027d3ba95/datanode-2/data-0/containers/hdds
2020-06-22 07:28:42,318 [Listener at 127.0.0.1/34747] INFO  volume.HddsVolumeChecker (HddsVolumeChecker.java:checkAllVolumes(200)) - Scheduled health check for volume /github/workspace/mnt/ozone/hadoop-ozone/integration-test/target/test-dir/MiniOzoneClusterImpl-99a7d3e3-4c3d-4292-8be6-fbb027d3ba95/datanode-2/data-0/containers/hdds
2020-06-22 07:28:42,336 [org.apache.hadoop.util.JvmPauseMonitor$Monitor@6a0dd9b5] INFO  util.JvmPauseMonitor (JvmPauseMonitor.java:run(188)) - Starting JVM pause monitor
2020-06-22 07:28:42,352 [Listener at 127.0.0.1/34747] INFO  impl.RaftServerProxy (ConfUtils.java:logGet(44)) - raft.rpc.type = GRPC (default)
2020-06-22 07:28:42,353 [Listener at 127.0.0.1/34747] INFO  grpc.GrpcFactory (GrpcFactory.java:checkPooledByteBufAllocatorUseCacheForAllThreads(45)) - PERFORMANCE WARNING: useCacheForAllThreads is true that may cause Netty to create a lot garbage objects and, as a result, trigger GC.
	It is recommended to disable useCacheForAllThreads by setting -Dorg.apache.ratis.thirdparty.io.netty.allocator.useCacheForAllThreads=false in command line.
2020-06-22 07:28:42,353 [Listener at 127.0.0.1/34747] INFO  grpc.GrpcConfigKeys (ConfUtils.java:logGet(44)) - raft.grpc.server.port = 0 (default)
2020-06-22 07:28:42,353 [Listener at 127.0.0.1/34747] INFO  server.GrpcService (ConfUtils.java:logGet(44)) - raft.grpc.message.size.max = 32MB (=33554432) (custom)
2020-06-22 07:28:42,354 [Listener at 127.0.0.1/34747] INFO  server.RaftServerConfigKeys (ConfUtils.java:logGet(44)) - raft.server.log.appender.buffer.byte-limit = 33554432 (custom)
2020-06-22 07:28:42,355 [Listener at 127.0.0.1/34747] INFO  server.GrpcService (ConfUtils.java:logGet(44)) - raft.grpc.flow.control.window = 5MB (=5242880) (custom)
2020-06-22 07:28:42,355 [Listener at 127.0.0.1/34747] INFO  server.RaftServerConfigKeys (ConfUtils.java:logGet(44)) - raft.server.rpc.request.timeout = 3s (default)
2020-06-22 07:28:42,354 [Datanode State Machine Thread - 0] INFO  datanode.InitDatanodeState (InitDatanodeState.java:persistContainerDatanodeDetails(145)) - DatanodeDetails is persisted to /github/workspace/mnt/ozone/hadoop-ozone/integration-test/target/test-dir/MiniOzoneClusterImpl-99a7d3e3-4c3d-4292-8be6-fbb027d3ba95/datanode-1/meta/datanode.id
2020-06-22 07:28:42,357 [Listener at 127.0.0.1/34747] INFO  server.RaftServerConfigKeys (ConfUtils.java:logGet(44)) - raft.server.storage.dir = [/github/workspace/mnt/ozone/hadoop-ozone/integration-test/target/test-dir/MiniOzoneClusterImpl-99a7d3e3-4c3d-4292-8be6-fbb027d3ba95/datanode-2/data/ratis] (custom)
2020-06-22 07:28:42,361 [Listener at 127.0.0.1/34747] INFO  http.BaseHttpServer (BaseHttpServer.java:newHttpServer2BuilderForOzone(205)) - Starting Web-server for hddsDatanode at: http://0.0.0.0:0
2020-06-22 07:28:42,362 [Listener at 127.0.0.1/34747] INFO  http.BaseHttpServer (BaseHttpServer.java:<init>(106)) - Hadoop Security Enabled: false Ozone Security Enabled: false Ozone HTTP Security Enabled: false 
2020-06-22 07:28:42,363 [Listener at 127.0.0.1/34747] INFO  server.AuthenticationFilter (AuthenticationFilter.java:constructSecretProvider(240)) - Unable to initialize FileSignerSecretProvider, falling back to use random secrets.
2020-06-22 07:28:42,364 [Listener at 127.0.0.1/34747] WARN  http.HttpRequestLog (HttpRequestLog.java:getRequestLog(103)) - Jetty request log can only be enabled using Log4j
2020-06-22 07:28:42,364 [Listener at 127.0.0.1/34747] INFO  http.HttpServer2 (HttpServer2.java:addGlobalFilter(993)) - Added global filter 'safety' (class=org.apache.hadoop.hdds.server.http.HttpServer2$QuotingInputFilter)
2020-06-22 07:28:42,365 [Listener at 127.0.0.1/34747] INFO  http.HttpServer2 (HttpServer2.java:addFilter(969)) - Added filter authentication (class=org.apache.hadoop.security.authentication.server.AuthenticationFilter) to context hddsDatanode
2020-06-22 07:28:42,365 [Listener at 127.0.0.1/34747] INFO  http.HttpServer2 (HttpServer2.java:addFilter(977)) - Added filter authentication (class=org.apache.hadoop.security.authentication.server.AuthenticationFilter) to context logs
2020-06-22 07:28:42,365 [Listener at 127.0.0.1/34747] INFO  http.HttpServer2 (HttpServer2.java:addFilter(977)) - Added filter authentication (class=org.apache.hadoop.security.authentication.server.AuthenticationFilter) to context static
2020-06-22 07:28:42,366 [Listener at 127.0.0.1/34747] INFO  http.HttpServer2 (HttpServer2.java:bindListener(1211)) - Jetty bound to port 34715
2020-06-22 07:28:42,366 [Listener at 127.0.0.1/34747] INFO  server.Server (Server.java:doStart(359)) - jetty-9.4.26.v20200117; built: 2020-01-17T12:35:33.676Z; git: 7b38981d25d14afb4a12ff1f2596756144edf695; jvm 1.8.0_232-b09
2020-06-22 07:28:42,368 [Listener at 127.0.0.1/34747] INFO  server.session (DefaultSessionIdManager.java:doStart(333)) - DefaultSessionIdManager workerName=node0
2020-06-22 07:28:42,368 [Listener at 127.0.0.1/34747] INFO  server.session (DefaultSessionIdManager.java:doStart(338)) - No SessionScavenger set, using defaults
2020-06-22 07:28:42,368 [Listener at 127.0.0.1/34747] INFO  server.session (HouseKeeper.java:startScavenging(140)) - node0 Scavenging every 660000ms
2020-06-22 07:28:42,369 [Listener at 127.0.0.1/34747] INFO  server.AuthenticationFilter (AuthenticationFilter.java:constructSecretProvider(240)) - Unable to initialize FileSignerSecretProvider, falling back to use random secrets.
2020-06-22 07:28:42,370 [Listener at 127.0.0.1/34747] INFO  handler.ContextHandler (ContextHandler.java:doStart(825)) - Started o.e.j.s.ServletContextHandler@3f69b166{logs,/logs,file:///github/workspace/mnt/ozone/hadoop-ozone/integration-test/target/log,AVAILABLE}
2020-06-22 07:28:42,370 [Listener at 127.0.0.1/34747] INFO  handler.ContextHandler (ContextHandler.java:doStart(825)) - Started o.e.j.s.ServletContextHandler@4ecc4b43{static,/static,jar:file:/home/user/.m2/repository/org/apache/hadoop/hadoop-hdds-container-service/0.6.0-SNAPSHOT/hadoop-hdds-container-service-0.6.0-SNAPSHOT.jar!/webapps/static,AVAILABLE}
2020-06-22 07:28:42,387 [Listener at 127.0.0.1/34747] INFO  handler.ContextHandler (ContextHandler.java:doStart(825)) - Started o.e.j.w.WebAppContext@6a94bd69{hddsDatanode,/,file:///tmp/jetty-0_0_0_0-34715-hadoop-hdds-container-service-0_6_0-SNAPSHOT_jar-_-any-5387556558244606470.dir/webapp/,AVAILABLE}{jar:file:/home/user/.m2/repository/org/apache/hadoop/hadoop-hdds-container-service/0.6.0-SNAPSHOT/hadoop-hdds-container-service-0.6.0-SNAPSHOT.jar!/webapps/hddsDatanode}
2020-06-22 07:28:42,390 [Listener at 127.0.0.1/34747] INFO  server.AbstractConnector (AbstractConnector.java:doStart(330)) - Started ServerConnector@7d41aefd{HTTP/1.1,[http/1.1]}{0.0.0.0:34715}
2020-06-22 07:28:42,390 [Listener at 127.0.0.1/34747] INFO  server.Server (Server.java:doStart(399)) - Started @5236ms
2020-06-22 07:28:42,390 [Listener at 127.0.0.1/34747] WARN  impl.MetricsSystemImpl (MetricsSystemImpl.java:register(276)) - Sink prometheus already exists!
2020-06-22 07:28:42,394 [Listener at 127.0.0.1/34747] INFO  http.BaseHttpServer (BaseHttpServer.java:updateConnectorAddress(325)) - HTTP server of hddsDatanode listening at http://0.0.0.0:34715
2020-06-22 07:28:42,395 [Listener at 127.0.0.1/34747] INFO  ozone.MiniOzoneClusterImpl (MiniOzoneClusterImpl.java:lambda$waitForClusterToBeReady$0(177)) - Waiting for nodes to be ready. Got 0 of 3 DN Heartbeats.
2020-06-22 07:28:42,395 [Listener at 127.0.0.1/34747] INFO  ozone.MiniOzoneClusterImpl (MiniOzoneClusterImpl.java:lambda$waitForClusterToBeReady$0(180)) - Waiting for cluster to exit safe mode
2020-06-22 07:28:42,416 [org.apache.hadoop.util.JvmPauseMonitor$Monitor@222da73c] INFO  util.JvmPauseMonitor (JvmPauseMonitor.java:run(188)) - Starting JVM pause monitor
2020-06-22 07:28:42,419 [Datanode State Machine Thread - 0] INFO  datanode.InitDatanodeState (InitDatanodeState.java:persistContainerDatanodeDetails(145)) - DatanodeDetails is persisted to /github/workspace/mnt/ozone/hadoop-ozone/integration-test/target/test-dir/MiniOzoneClusterImpl-99a7d3e3-4c3d-4292-8be6-fbb027d3ba95/datanode-2/meta/datanode.id
2020-06-22 07:28:43,396 [Listener at 127.0.0.1/34747] INFO  ozone.MiniOzoneClusterImpl (MiniOzoneClusterImpl.java:lambda$waitForClusterToBeReady$0(177)) - Waiting for nodes to be ready. Got 0 of 3 DN Heartbeats.
2020-06-22 07:28:43,396 [Listener at 127.0.0.1/34747] INFO  ozone.MiniOzoneClusterImpl (MiniOzoneClusterImpl.java:lambda$waitForClusterToBeReady$0(180)) - Waiting for cluster to exit safe mode
2020-06-22 07:28:44,245 [Datanode State Machine Thread - 0] INFO  ozoneimpl.OzoneContainer (OzoneContainer.java:start(232)) - Attempting to start container services.
2020-06-22 07:28:44,246 [Datanode State Machine Thread - 0] INFO  ozoneimpl.OzoneContainer (OzoneContainer.java:startContainerScrub(196)) - Background container scanner has been disabled.
2020-06-22 07:28:44,246 [Datanode State Machine Thread - 0] INFO  ratis.XceiverServerRatis (XceiverServerRatis.java:start(425)) - Starting XceiverServerRatis 234d89f1-45c8-43c8-b2d4-07be68e97bdc at port 0
2020-06-22 07:28:44,263 [Datanode State Machine Thread - 0] INFO  impl.RaftServerProxy (RaftServerProxy.java:lambda$start$3(304)) - 234d89f1-45c8-43c8-b2d4-07be68e97bdc: start RPC server
2020-06-22 07:28:44,322 [Datanode State Machine Thread - 0] INFO  server.GrpcService (GrpcService.java:startImpl(160)) - 234d89f1-45c8-43c8-b2d4-07be68e97bdc: GrpcService started, listening on 0.0.0.0/0.0.0.0:34597
2020-06-22 07:28:44,323 [Datanode State Machine Thread - 0] INFO  ratis.XceiverServerRatis (XceiverServerRatis.java:start(437)) - XceiverServerRatis 234d89f1-45c8-43c8-b2d4-07be68e97bdc is started using port 34597
2020-06-22 07:28:44,328 [Datanode State Machine Thread - 0] INFO  server.XceiverServerGrpc (XceiverServerGrpc.java:start(145)) - XceiverServerGrpc 234d89f1-45c8-43c8-b2d4-07be68e97bdc is started using port 35673
2020-06-22 07:28:44,341 [Datanode State Machine Thread - 0] INFO  ozoneimpl.OzoneContainer (OzoneContainer.java:start(232)) - Attempting to start container services.
2020-06-22 07:28:44,343 [Datanode State Machine Thread - 0] INFO  ozoneimpl.OzoneContainer (OzoneContainer.java:startContainerScrub(196)) - Background container scanner has been disabled.
2020-06-22 07:28:44,343 [Datanode State Machine Thread - 0] INFO  ratis.XceiverServerRatis (XceiverServerRatis.java:start(425)) - Starting XceiverServerRatis 79d7a2ac-2bd1-4dcc-b3d1-df6960632dcc at port 0
2020-06-22 07:28:44,352 [Datanode State Machine Thread - 0] INFO  impl.RaftServerProxy (RaftServerProxy.java:lambda$start$3(304)) - 79d7a2ac-2bd1-4dcc-b3d1-df6960632dcc: start RPC server
2020-06-22 07:28:44,357 [Datanode State Machine Thread - 0] INFO  server.GrpcService (GrpcService.java:startImpl(160)) - 79d7a2ac-2bd1-4dcc-b3d1-df6960632dcc: GrpcService started, listening on 0.0.0.0/0.0.0.0:37391
2020-06-22 07:28:44,358 [Datanode State Machine Thread - 0] INFO  ratis.XceiverServerRatis (XceiverServerRatis.java:start(437)) - XceiverServerRatis 79d7a2ac-2bd1-4dcc-b3d1-df6960632dcc is started using port 37391
2020-06-22 07:28:44,360 [Datanode State Machine Thread - 0] INFO  server.XceiverServerGrpc (XceiverServerGrpc.java:start(145)) - XceiverServerGrpc 79d7a2ac-2bd1-4dcc-b3d1-df6960632dcc is started using port 40299
2020-06-22 07:28:44,397 [Listener at 127.0.0.1/34747] INFO  ozone.MiniOzoneClusterImpl (MiniOzoneClusterImpl.java:lambda$waitForClusterToBeReady$0(177)) - Waiting for nodes to be ready. Got 0 of 3 DN Heartbeats.
2020-06-22 07:28:44,397 [Listener at 127.0.0.1/34747] INFO  ozone.MiniOzoneClusterImpl (MiniOzoneClusterImpl.java:lambda$waitForClusterToBeReady$0(180)) - Waiting for cluster to exit safe mode
2020-06-22 07:28:44,420 [Datanode State Machine Thread - 0] INFO  ozoneimpl.OzoneContainer (OzoneContainer.java:start(232)) - Attempting to start container services.
2020-06-22 07:28:44,420 [Datanode State Machine Thread - 0] INFO  ozoneimpl.OzoneContainer (OzoneContainer.java:startContainerScrub(196)) - Background container scanner has been disabled.
2020-06-22 07:28:44,420 [Datanode State Machine Thread - 0] INFO  ratis.XceiverServerRatis (XceiverServerRatis.java:start(425)) - Starting XceiverServerRatis d7e95017-963d-4829-bf66-d43f2a9bf37c at port 0
2020-06-22 07:28:44,421 [Datanode State Machine Thread - 0] INFO  impl.RaftServerProxy (RaftServerProxy.java:lambda$start$3(304)) - d7e95017-963d-4829-bf66-d43f2a9bf37c: start RPC server
2020-06-22 07:28:44,440 [Datanode State Machine Thread - 0] INFO  server.GrpcService (GrpcService.java:startImpl(160)) - d7e95017-963d-4829-bf66-d43f2a9bf37c: GrpcService started, listening on 0.0.0.0/0.0.0.0:33449
2020-06-22 07:28:44,440 [Datanode State Machine Thread - 0] INFO  ratis.XceiverServerRatis (XceiverServerRatis.java:start(437)) - XceiverServerRatis d7e95017-963d-4829-bf66-d43f2a9bf37c is started using port 33449
2020-06-22 07:28:44,442 [Datanode State Machine Thread - 0] INFO  server.XceiverServerGrpc (XceiverServerGrpc.java:start(145)) - XceiverServerGrpc d7e95017-963d-4829-bf66-d43f2a9bf37c is started using port 34373
2020-06-22 07:28:45,397 [Listener at 127.0.0.1/34747] INFO  ozone.MiniOzoneClusterImpl (MiniOzoneClusterImpl.java:lambda$waitForClusterToBeReady$0(177)) - Waiting for nodes to be ready. Got 0 of 3 DN Heartbeats.
2020-06-22 07:28:45,397 [Listener at 127.0.0.1/34747] INFO  ozone.MiniOzoneClusterImpl (MiniOzoneClusterImpl.java:lambda$waitForClusterToBeReady$0(180)) - Waiting for cluster to exit safe mode
2020-06-22 07:28:46,191 [IPC Server handler 0 on default port 34471] INFO  net.NetworkTopology (NetworkTopologyImpl.java:add(111)) - Added a new node: /default-rack/234d89f1-45c8-43c8-b2d4-07be68e97bdc
2020-06-22 07:28:46,191 [IPC Server handler 0 on default port 34471] INFO  node.SCMNodeManager (SCMNodeManager.java:register(268)) - Registered Data node : 234d89f1-45c8-43c8-b2d4-07be68e97bdc{ip: 172.17.0.2, host: 777bc8194f3e, networkLocation: /default-rack, certSerialId: null}
2020-06-22 07:28:46,197 [EventQueue-NodeRegistrationContainerReportForDataNodeSafeModeRule] INFO  safemode.SCMSafeModeManager (DataNodeSafeModeRule.java:process(71)) - SCM in safe mode. 1 DataNodes registered, 1 required.
2020-06-22 07:28:46,198 [EventQueue-NodeRegistrationContainerReportForDataNodeSafeModeRule] INFO  safemode.SCMSafeModeManager (SCMSafeModeManager.java:validateSafeModeExitRules(213)) - DataNodeSafeModeRule rule is successfully validated
2020-06-22 07:28:46,198 [EventQueue-NodeRegistrationContainerReportForDataNodeSafeModeRule] INFO  safemode.SCMSafeModeManager (SCMSafeModeManager.java:completePreCheck(241)) - All SCM safe mode pre check rules have passed
2020-06-22 07:28:46,210 [EventQueue-NodeRegistrationContainerReportForContainerSafeModeRule] INFO  safemode.SCMSafeModeManager (SCMSafeModeManager.java:validateSafeModeExitRules(213)) - ContainerSafeModeRule rule is successfully validated
2020-06-22 07:28:46,217 [RatisPipelineUtilsThread] INFO  pipeline.RatisPipelineProvider (RatisPipelineProvider.java:lambda$create$0(138)) - Sending CreatePipelineCommand for pipeline:PipelineID=750eaf1b-171d-4cfa-81f2-a37702d73740 to datanode:234d89f1-45c8-43c8-b2d4-07be68e97bdc
2020-06-22 07:28:46,229 [RatisPipelineUtilsThread] INFO  pipeline.PipelineStateManager (PipelineStateManager.java:addPipeline(54)) - Created pipeline Pipeline[ Id: 750eaf1b-171d-4cfa-81f2-a37702d73740, Nodes: 234d89f1-45c8-43c8-b2d4-07be68e97bdc{ip: 172.17.0.2, host: 777bc8194f3e, networkLocation: /default-rack, certSerialId: null}, Type:RATIS, Factor:ONE, State:ALLOCATED, leaderId:, CreationTimestamp2020-06-22T07:28:46.213Z]
2020-06-22 07:28:46,231 [RatisPipelineUtilsThread] ERROR pipeline.SCMPipelineManager (SCMPipelineManager.java:createPipeline(222)) - Failed to create pipeline of type RATIS and factor ONE. Exception: Cannot create pipeline of factor 1 using 0 nodes. Used 1 nodes. Healthy nodes 1
2020-06-22 07:28:46,231 [RatisPipelineUtilsThread] WARN  pipeline.PipelinePlacementPolicy (PipelinePlacementPolicy.java:filterViableNodes(133)) - Pipeline creation failed due to no sufficient healthy datanodes. Required 3. Found 1.
2020-06-22 07:28:46,232 [RatisPipelineUtilsThread] ERROR pipeline.SCMPipelineManager (SCMPipelineManager.java:createPipeline(222)) - Failed to create pipeline of type RATIS and factor THREE. Exception: Pipeline creation failed due to no sufficient healthy datanodes. Required 3. Found 1.
2020-06-22 07:28:46,338 [IPC Server handler 3 on default port 34471] INFO  net.NetworkTopology (NetworkTopologyImpl.java:add(111)) - Added a new node: /default-rack/79d7a2ac-2bd1-4dcc-b3d1-df6960632dcc
2020-06-22 07:28:46,338 [IPC Server handler 3 on default port 34471] INFO  node.SCMNodeManager (SCMNodeManager.java:register(268)) - Registered Data node : 79d7a2ac-2bd1-4dcc-b3d1-df6960632dcc{ip: 172.17.0.2, host: 777bc8194f3e, networkLocation: /default-rack, certSerialId: null}
2020-06-22 07:28:46,338 [EventQueue-NodeRegistrationContainerReportForDataNodeSafeModeRule] INFO  safemode.SCMSafeModeManager (SCMSafeModeManager.java:validateSafeModeExitRules(213)) - DataNodeSafeModeRule rule is successfully validated
2020-06-22 07:28:46,339 [EventQueue-NodeRegistrationContainerReportForContainerSafeModeRule] INFO  safemode.SCMSafeModeManager (SCMSafeModeManager.java:validateSafeModeExitRules(213)) - ContainerSafeModeRule rule is successfully validated
2020-06-22 07:28:46,341 [RatisPipelineUtilsThread] INFO  pipeline.RatisPipelineProvider (RatisPipelineProvider.java:lambda$create$0(138)) - Sending CreatePipelineCommand for pipeline:PipelineID=961a5134-3078-4e80-8af4-d2ea3144297b to datanode:79d7a2ac-2bd1-4dcc-b3d1-df6960632dcc
2020-06-22 07:28:46,341 [RatisPipelineUtilsThread] INFO  pipeline.PipelineStateManager (PipelineStateManager.java:addPipeline(54)) - Created pipeline Pipeline[ Id: 961a5134-3078-4e80-8af4-d2ea3144297b, Nodes: 79d7a2ac-2bd1-4dcc-b3d1-df6960632dcc{ip: 172.17.0.2, host: 777bc8194f3e, networkLocation: /default-rack, certSerialId: null}, Type:RATIS, Factor:ONE, State:ALLOCATED, leaderId:, CreationTimestamp2020-06-22T07:28:46.341Z]
2020-06-22 07:28:46,341 [RatisPipelineUtilsThread] ERROR pipeline.SCMPipelineManager (SCMPipelineManager.java:createPipeline(222)) - Failed to create pipeline of type RATIS and factor ONE. Exception: Cannot create pipeline of factor 1 using 0 nodes. Used 2 nodes. Healthy nodes 2
2020-06-22 07:28:46,342 [RatisPipelineUtilsThread] WARN  pipeline.PipelinePlacementPolicy (PipelinePlacementPolicy.java:filterViableNodes(133)) - Pipeline creation failed due to no sufficient healthy datanodes. Required 3. Found 2.
2020-06-22 07:28:46,342 [RatisPipelineUtilsThread] ERROR pipeline.SCMPipelineManager (SCMPipelineManager.java:createPipeline(222)) - Failed to create pipeline of type RATIS and factor THREE. Exception: Pipeline creation failed due to no sufficient healthy datanodes. Required 3. Found 2.
2020-06-22 07:28:46,397 [Listener at 127.0.0.1/34747] INFO  ozone.MiniOzoneClusterImpl (MiniOzoneClusterImpl.java:lambda$waitForClusterToBeReady$0(177)) - Waiting for nodes to be ready. Got 2 of 3 DN Heartbeats.
2020-06-22 07:28:46,398 [Listener at 127.0.0.1/34747] INFO  ozone.MiniOzoneClusterImpl (MiniOzoneClusterImpl.java:lambda$waitForClusterToBeReady$0(180)) - Waiting for cluster to exit safe mode
2020-06-22 07:28:46,418 [IPC Server handler 5 on default port 34471] INFO  net.NetworkTopology (NetworkTopologyImpl.java:add(111)) - Added a new node: /default-rack/d7e95017-963d-4829-bf66-d43f2a9bf37c
2020-06-22 07:28:46,418 [IPC Server handler 5 on default port 34471] INFO  node.SCMNodeManager (SCMNodeManager.java:register(268)) - Registered Data node : d7e95017-963d-4829-bf66-d43f2a9bf37c{ip: 172.17.0.2, host: 777bc8194f3e, networkLocation: /default-rack, certSerialId: null}
2020-06-22 07:28:46,418 [RatisPipelineUtilsThread] INFO  pipeline.RatisPipelineProvider (RatisPipelineProvider.java:lambda$create$0(138)) - Sending CreatePipelineCommand for pipeline:PipelineID=de1a205b-7c60-4d5b-9b77-28c06e92d654 to datanode:d7e95017-963d-4829-bf66-d43f2a9bf37c
2020-06-22 07:28:46,418 [EventQueue-NodeRegistrationContainerReportForDataNodeSafeModeRule] INFO  safemode.SCMSafeModeManager (SCMSafeModeManager.java:validateSafeModeExitRules(213)) - DataNodeSafeModeRule rule is successfully validated
2020-06-22 07:28:46,418 [EventQueue-NodeRegistrationContainerReportForContainerSafeModeRule] INFO  safemode.SCMSafeModeManager (SCMSafeModeManager.java:validateSafeModeExitRules(213)) - ContainerSafeModeRule rule is successfully validated
2020-06-22 07:28:46,418 [RatisPipelineUtilsThread] INFO  pipeline.PipelineStateManager (PipelineStateManager.java:addPipeline(54)) - Created pipeline Pipeline[ Id: de1a205b-7c60-4d5b-9b77-28c06e92d654, Nodes: d7e95017-963d-4829-bf66-d43f2a9bf37c{ip: 172.17.0.2, host: 777bc8194f3e, networkLocation: /default-rack, certSerialId: null}, Type:RATIS, Factor:ONE, State:ALLOCATED, leaderId:, CreationTimestamp2020-06-22T07:28:46.418Z]
2020-06-22 07:28:46,419 [RatisPipelineUtilsThread] ERROR pipeline.SCMPipelineManager (SCMPipelineManager.java:createPipeline(222)) - Failed to create pipeline of type RATIS and factor ONE. Exception: Cannot create pipeline of factor 1 using 0 nodes. Used 3 nodes. Healthy nodes 3
2020-06-22 07:28:46,423 [RatisPipelineUtilsThread] INFO  pipeline.RatisPipelineProvider (RatisPipelineProvider.java:lambda$create$0(138)) - Sending CreatePipelineCommand for pipeline:PipelineID=40f832a4-8471-4fb6-a8a6-fd22877d1342 to datanode:79d7a2ac-2bd1-4dcc-b3d1-df6960632dcc
2020-06-22 07:28:46,423 [RatisPipelineUtilsThread] INFO  pipeline.RatisPipelineProvider (RatisPipelineProvider.java:lambda$create$0(138)) - Sending CreatePipelineCommand for pipeline:PipelineID=40f832a4-8471-4fb6-a8a6-fd22877d1342 to datanode:234d89f1-45c8-43c8-b2d4-07be68e97bdc
2020-06-22 07:28:46,423 [RatisPipelineUtilsThread] INFO  pipeline.RatisPipelineProvider (RatisPipelineProvider.java:lambda$create$0(138)) - Sending CreatePipelineCommand for pipeline:PipelineID=40f832a4-8471-4fb6-a8a6-fd22877d1342 to datanode:d7e95017-963d-4829-bf66-d43f2a9bf37c
2020-06-22 07:28:46,424 [RatisPipelineUtilsThread] INFO  pipeline.PipelineStateManager (PipelineStateManager.java:addPipeline(54)) - Created pipeline Pipeline[ Id: 40f832a4-8471-4fb6-a8a6-fd22877d1342, Nodes: 79d7a2ac-2bd1-4dcc-b3d1-df6960632dcc{ip: 172.17.0.2, host: 777bc8194f3e, networkLocation: /default-rack, certSerialId: null}234d89f1-45c8-43c8-b2d4-07be68e97bdc{ip: 172.17.0.2, host: 777bc8194f3e, networkLocation: /default-rack, certSerialId: null}d7e95017-963d-4829-bf66-d43f2a9bf37c{ip: 172.17.0.2, host: 777bc8194f3e, networkLocation: /default-rack, certSerialId: null}, Type:RATIS, Factor:THREE, State:ALLOCATED, leaderId:, CreationTimestamp2020-06-22T07:28:46.423Z]
2020-06-22 07:28:46,424 [RatisPipelineUtilsThread] ERROR pipeline.SCMPipelineManager (SCMPipelineManager.java:createPipeline(222)) - Failed to create pipeline of type RATIS and factor THREE. Exception: Pipeline creation failed because nodes are engaged in other pipelines and every node can only be engaged in max 2 pipelines. Required 3. Found 0
2020-06-22 07:28:47,398 [Listener at 127.0.0.1/34747] INFO  ozone.MiniOzoneClusterImpl (MiniOzoneClusterImpl.java:lambda$waitForClusterToBeReady$0(177)) - Nodes are ready. Got 3 of 3 DN Heartbeats.
2020-06-22 07:28:47,399 [Listener at 127.0.0.1/34747] INFO  ozone.MiniOzoneClusterImpl (MiniOzoneClusterImpl.java:lambda$waitForClusterToBeReady$0(180)) - Waiting for cluster to exit safe mode
2020-06-22 07:28:48,399 [Listener at 127.0.0.1/34747] INFO  ozone.MiniOzoneClusterImpl (MiniOzoneClusterImpl.java:lambda$waitForClusterToBeReady$0(177)) - Nodes are ready. Got 3 of 3 DN Heartbeats.
2020-06-22 07:28:48,399 [Listener at 127.0.0.1/34747] INFO  ozone.MiniOzoneClusterImpl (MiniOzoneClusterImpl.java:lambda$waitForClusterToBeReady$0(180)) - Waiting for cluster to exit safe mode
2020-06-22 07:28:49,176 [Command processor thread] INFO  impl.RaftServerProxy (RaftServerProxy.java:addNew(89)) - 234d89f1-45c8-43c8-b2d4-07be68e97bdc: addNew group-A37702D73740:[234d89f1-45c8-43c8-b2d4-07be68e97bdc:172.17.0.2:34597] returns group-A37702D73740:java.util.concurrent.CompletableFuture@70fe87e0[Not completed]
2020-06-22 07:28:49,200 [pool-35-thread-1] INFO  impl.RaftServerImpl (RaftServerImpl.java:<init>(99)) - 234d89f1-45c8-43c8-b2d4-07be68e97bdc: new RaftServerImpl for group-A37702D73740:[234d89f1-45c8-43c8-b2d4-07be68e97bdc:172.17.0.2:34597] with ContainerStateMachine:uninitialized
2020-06-22 07:28:49,202 [pool-35-thread-1] INFO  server.RaftServerConfigKeys (ConfUtils.java:logGet(44)) - raft.server.rpc.timeout.min = 5s (custom)
2020-06-22 07:28:49,203 [pool-35-thread-1] INFO  server.RaftServerConfigKeys (ConfUtils.java:logGet(44)) - raft.server.rpc.timeout.max = 5200ms (custom)
2020-06-22 07:28:49,203 [pool-35-thread-1] INFO  server.RaftServerConfigKeys (ConfUtils.java:logGet(44)) - raft.server.rpcslowness.timeout = 1000s (custom)
2020-06-22 07:28:49,204 [pool-35-thread-1] INFO  server.RaftServerConfigKeys (ConfUtils.java:logGet(44)) - raft.server.sleep.deviation.threshold = 300 (default)
2020-06-22 07:28:49,204 [pool-35-thread-1] INFO  server.RaftServerConfigKeys (ConfUtils.java:logGet(44)) - raft.server.log.appender.install.snapshot.enabled = false (custom)
2020-06-22 07:28:49,210 [pool-35-thread-1] INFO  impl.RaftServerImpl (ServerState.java:<init>(103)) - 234d89f1-45c8-43c8-b2d4-07be68e97bdc@group-A37702D73740: ConfigurationManager, init=-1: [234d89f1-45c8-43c8-b2d4-07be68e97bdc:172.17.0.2:34597], old=null, confs=<EMPTY_MAP>
2020-06-22 07:28:49,210 [pool-35-thread-1] INFO  server.RaftServerConfigKeys (ConfUtils.java:logGet(44)) - raft.server.storage.dir = [/github/workspace/mnt/ozone/hadoop-ozone/integration-test/target/test-dir/MiniOzoneClusterImpl-99a7d3e3-4c3d-4292-8be6-fbb027d3ba95/datanode-0/data/ratis] (custom)
2020-06-22 07:28:49,214 [pool-35-thread-1] INFO  server.RaftServerConfigKeys (ConfUtils.java:logGet(44)) - raft.server.log.corruption.policy = EXCEPTION (default)
2020-06-22 07:28:49,215 [pool-35-thread-1] INFO  storage.RaftStorageDirectory (RaftStorageDirectory.java:analyzeStorage(261)) - The storage directory /github/workspace/mnt/ozone/hadoop-ozone/integration-test/target/test-dir/MiniOzoneClusterImpl-99a7d3e3-4c3d-4292-8be6-fbb027d3ba95/datanode-0/data/ratis/750eaf1b-171d-4cfa-81f2-a37702d73740 does not exist. Creating ...
2020-06-22 07:28:49,220 [pool-35-thread-1] INFO  storage.RaftStorageDirectory (RaftStorageDirectory.java:tryLock(343)) - Lock on /github/workspace/mnt/ozone/hadoop-ozone/integration-test/target/test-dir/MiniOzoneClusterImpl-99a7d3e3-4c3d-4292-8be6-fbb027d3ba95/datanode-0/data/ratis/750eaf1b-171d-4cfa-81f2-a37702d73740/in_use.lock acquired by nodename 43144@777bc8194f3e
2020-06-22 07:28:49,223 [pool-35-thread-1] INFO  storage.RaftStorage (RaftStorage.java:format(84)) - Storage directory /github/workspace/mnt/ozone/hadoop-ozone/integration-test/target/test-dir/MiniOzoneClusterImpl-99a7d3e3-4c3d-4292-8be6-fbb027d3ba95/datanode-0/data/ratis/750eaf1b-171d-4cfa-81f2-a37702d73740 has been successfully formatted.
2020-06-22 07:28:49,229 [EventQueue-PipelineReportForPipelineReportHandler] INFO  pipeline.PipelineStateManager (PipelineStateManager.java:openPipeline(131)) - Pipeline Pipeline[ Id: 750eaf1b-171d-4cfa-81f2-a37702d73740, Nodes: 234d89f1-45c8-43c8-b2d4-07be68e97bdc{ip: 172.17.0.2, host: 777bc8194f3e, networkLocation: /default-rack, certSerialId: null}, Type:RATIS, Factor:ONE, State:ALLOCATED, leaderId:234d89f1-45c8-43c8-b2d4-07be68e97bdc, CreationTimestamp2020-06-22T07:28:46.213Z] moved to OPEN state
2020-06-22 07:28:49,229 [pool-35-thread-1] INFO  ratis.ContainerStateMachine (ContainerStateMachine.java:loadSnapshot(226)) - group-A37702D73740: The snapshot info is null. Setting the last applied indexto:(t:0, i:~)
2020-06-22 07:28:49,230 [pool-35-thread-1] INFO  server.RaftServerConfigKeys (ConfUtils.java:logGet(44)) - raft.server.notification.no-leader.timeout = 60s (default)
2020-06-22 07:28:49,231 [EventQueue-OpenPipelineForOneReplicaPipelineSafeModeRule] INFO  safemode.SCMSafeModeManager (SCMSafeModeManager.java:validateSafeModeExitRules(213)) - AtleastOneDatanodeReportedRule rule is successfully validated
2020-06-22 07:28:49,231 [EventQueue-OpenPipelineForHealthyPipelineSafeModeRule] INFO  safemode.SCMSafeModeManager (HealthyPipelineSafeModeRule.java:process(132)) - SCM in safe mode. Healthy pipelines reported count is 0, required healthy pipeline reported count is 1
2020-06-22 07:28:49,233 [pool-35-thread-1] INFO  server.RaftServerConfigKeys (ConfUtils.java:logGet(44)) - raft.server.log.use.memory = false (default)
2020-06-22 07:28:49,241 [pool-35-thread-1] INFO  server.RaftServerConfigKeys (ConfUtils.java:logGet(44)) - raft.server.log.purge.gap = 1000000 (custom)
2020-06-22 07:28:49,241 [pool-35-thread-1] INFO  server.RaftServerConfigKeys (ConfUtils.java:logGet(44)) - raft.server.log.appender.buffer.byte-limit = 33554432 (custom)
2020-06-22 07:28:49,244 [pool-35-thread-1] INFO  server.RaftServerConfigKeys (ConfUtils.java:logGet(44)) - raft.server.log.segment.size.max = 1048576 (custom)
2020-06-22 07:28:49,246 [pool-35-thread-1] INFO  metrics.RatisMetrics (RatisMetrics.java:lambda$create$0(36)) - Creating Metrics Registry : ratis.log_worker.234d89f1-45c8-43c8-b2d4-07be68e97bdc@group-A37702D73740
2020-06-22 07:28:49,261 [pool-35-thread-1] INFO  server.RaftServerConfigKeys (ConfUtils.java:logGet(44)) - raft.server.log.segment.cache.num.max = 2 (custom)
2020-06-22 07:28:49,269 [pool-35-thread-1] INFO  segmented.SegmentedRaftLogWorker (SegmentedRaftLogWorker.java:<init>(180)) - new 234d89f1-45c8-43c8-b2d4-07be68e97bdc@group-A37702D73740-SegmentedRaftLogWorker for RaftStorage:Storage Directory /github/workspace/mnt/ozone/hadoop-ozone/integration-test/target/test-dir/MiniOzoneClusterImpl-99a7d3e3-4c3d-4292-8be6-fbb027d3ba95/datanode-0/data/ratis/750eaf1b-171d-4cfa-81f2-a37702d73740
2020-06-22 07:28:49,270 [pool-35-thread-1] INFO  server.RaftServerConfigKeys (ConfUtils.java:logGet(44)) - raft.server.log.queue.byte-limit = 2147483647 (custom)
2020-06-22 07:28:49,271 [pool-35-thread-1] INFO  server.RaftServerConfigKeys (ConfUtils.java:logGet(44)) - raft.server.log.queue.element-limit = 1024 (custom)
2020-06-22 07:28:49,271 [pool-35-thread-1] INFO  server.RaftServerConfigKeys (ConfUtils.java:logGet(44)) - raft.server.log.segment.size.max = 1048576 (custom)
2020-06-22 07:28:49,273 [pool-35-thread-1] INFO  server.RaftServerConfigKeys (ConfUtils.java:logGet(44)) - raft.server.log.preallocated.size = 16384 (custom)
2020-06-22 07:28:49,273 [pool-35-thread-1] INFO  server.RaftServerConfigKeys (ConfUtils.java:logGet(44)) - raft.server.log.write.buffer.size = 1048576 (custom)
2020-06-22 07:28:49,276 [pool-35-thread-1] INFO  server.RaftServerConfigKeys (ConfUtils.java:logGet(44)) - raft.server.log.force.sync.num = 128 (default)
2020-06-22 07:28:49,279 [pool-35-thread-1] INFO  server.RaftServerConfigKeys (ConfUtils.java:logGet(44)) - raft.server.log.statemachine.data.sync = true (default)
2020-06-22 07:28:49,279 [pool-35-thread-1] INFO  server.RaftServerConfigKeys (ConfUtils.java:logGet(44)) - raft.server.log.statemachine.data.sync.timeout = 10s (default)
2020-06-22 07:28:49,279 [pool-35-thread-1] INFO  server.RaftServerConfigKeys (ConfUtils.java:logGet(44)) - raft.server.log.statemachine.data.sync.timeout.retry = -1 (default)
2020-06-22 07:28:49,290 [pool-35-thread-1] INFO  server.RaftServerConfigKeys (ConfUtils.java:logGet(44)) - raft.server.log.statemachine.data.caching.enabled = true (custom)
2020-06-22 07:28:49,295 [pool-35-thread-1] INFO  segmented.SegmentedRaftLogWorker (SegmentedRaftLogWorker.java:lambda$new$0(129)) - 234d89f1-45c8-43c8-b2d4-07be68e97bdc@group-A37702D73740-SegmentedRaftLogWorker: flushIndex: setUnconditionally 0 -> -1
2020-06-22 07:28:49,295 [pool-35-thread-1] INFO  segmented.SegmentedRaftLogWorker (SegmentedRaftLogWorker.java:lambda$new$0(129)) - 234d89f1-45c8-43c8-b2d4-07be68e97bdc@group-A37702D73740-SegmentedRaftLogWorker: safeCacheEvictIndex: setUnconditionally 0 -> -1
2020-06-22 07:28:49,300 [pool-35-thread-1] INFO  server.RaftServerConfigKeys (ConfUtils.java:logGet(44)) - raft.server.snapshot.auto.trigger.enabled = true (custom)
2020-06-22 07:28:49,300 [pool-35-thread-1] INFO  server.RaftServerConfigKeys (ConfUtils.java:logGet(44)) - raft.server.snapshot.auto.trigger.threshold = 10000 (custom)
2020-06-22 07:28:49,301 [pool-35-thread-1] INFO  server.RaftServerConfigKeys (ConfUtils.java:logGet(44)) - raft.server.snapshot.retention.file.num = 5 (custom)
2020-06-22 07:28:49,301 [pool-35-thread-1] INFO  server.RaftServerConfigKeys (ConfUtils.java:logGet(44)) - raft.server.log.purge.upto.snapshot.index = false (default)
2020-06-22 07:28:49,302 [pool-35-thread-1] INFO  server.RaftServerConfigKeys (ConfUtils.java:logGet(44)) - raft.server.retrycache.expirytime = 600000ms (custom)
2020-06-22 07:28:49,320 [pool-35-thread-1] INFO  metrics.RatisMetrics (RatisMetrics.java:lambda$create$0(36)) - Creating Metrics Registry : ratis.leader_election.234d89f1-45c8-43c8-b2d4-07be68e97bdc@group-A37702D73740
2020-06-22 07:28:49,323 [pool-35-thread-1] INFO  metrics.RatisMetrics (RatisMetrics.java:lambda$create$0(36)) - Creating Metrics Registry : ratis.server.234d89f1-45c8-43c8-b2d4-07be68e97bdc@group-A37702D73740
2020-06-22 07:28:49,331 [pool-35-thread-1] INFO  impl.RaftServerImpl (RaftServerImpl.java:start(186)) - 234d89f1-45c8-43c8-b2d4-07be68e97bdc@group-A37702D73740: start as a follower, conf=-1: [234d89f1-45c8-43c8-b2d4-07be68e97bdc:172.17.0.2:34597], old=null
2020-06-22 07:28:49,333 [pool-35-thread-1] INFO  impl.RaftServerImpl (RaftServerImpl.java:setRole(175)) - 234d89f1-45c8-43c8-b2d4-07be68e97bdc@group-A37702D73740: changes role from      null to FOLLOWER at term 0 for startAsFollower
2020-06-22 07:28:49,334 [pool-35-thread-1] INFO  impl.RoleInfo (RoleInfo.java:updateAndGet(143)) - 234d89f1-45c8-43c8-b2d4-07be68e97bdc: start FollowerState
2020-06-22 07:28:49,335 [pool-35-thread-1] INFO  util.JmxRegister (JmxRegister.java:tryRegister(44)) - Successfully registered JMX Bean with object name Ratis:service=RaftServer,group=group-A37702D73740,id=234d89f1-45c8-43c8-b2d4-07be68e97bdc
2020-06-22 07:28:49,336 [pool-35-thread-1] INFO  metrics.RatisMetrics (RatisMetrics.java:lambda$create$0(36)) - Creating Metrics Registry : ratis.state_machine.234d89f1-45c8-43c8-b2d4-07be68e97bdc@group-A37702D73740
2020-06-22 07:28:49,339 [Command processor thread] INFO  impl.RaftServerProxy (RaftServerProxy.java:addNew(89)) - 79d7a2ac-2bd1-4dcc-b3d1-df6960632dcc: addNew group-D2EA3144297B:[79d7a2ac-2bd1-4dcc-b3d1-df6960632dcc:172.17.0.2:37391] returns group-D2EA3144297B:java.util.concurrent.CompletableFuture@4169d343[Not completed]
2020-06-22 07:28:49,350 [Command processor thread] INFO  commandhandler.CreatePipelineCommandHandler (CreatePipelineCommandHandler.java:handle(109)) - Created Pipeline RATIS ONE #id: "750eaf1b-171d-4cfa-81f2-a37702d73740"
.
2020-06-22 07:28:49,351 [Command processor thread] INFO  impl.RaftServerProxy (RaftServerProxy.java:addNew(89)) - 234d89f1-45c8-43c8-b2d4-07be68e97bdc: addNew group-FD22877D1342:[79d7a2ac-2bd1-4dcc-b3d1-df6960632dcc:172.17.0.2:37391, d7e95017-963d-4829-bf66-d43f2a9bf37c:172.17.0.2:33449, 234d89f1-45c8-43c8-b2d4-07be68e97bdc:172.17.0.2:34597] returns group-FD22877D1342:java.util.concurrent.CompletableFuture@384db2c6[Not completed]
2020-06-22 07:28:49,356 [pool-35-thread-1] INFO  impl.RaftServerImpl (RaftServerImpl.java:<init>(99)) - 234d89f1-45c8-43c8-b2d4-07be68e97bdc: new RaftServerImpl for group-FD22877D1342:[79d7a2ac-2bd1-4dcc-b3d1-df6960632dcc:172.17.0.2:37391, d7e95017-963d-4829-bf66-d43f2a9bf37c:172.17.0.2:33449, 234d89f1-45c8-43c8-b2d4-07be68e97bdc:172.17.0.2:34597] with ContainerStateMachine:uninitialized
2020-06-22 07:28:49,361 [pool-35-thread-1] INFO  server.RaftServerConfigKeys (ConfUtils.java:logGet(44)) - raft.server.rpc.timeout.min = 5s (custom)
2020-06-22 07:28:49,361 [pool-35-thread-1] INFO  server.RaftServerConfigKeys (ConfUtils.java:logGet(44)) - raft.server.rpc.timeout.max = 5200ms (custom)
2020-06-22 07:28:49,362 [pool-35-thread-1] INFO  server.RaftServerConfigKeys (ConfUtils.java:logGet(44)) - raft.server.rpcslowness.timeout = 1000s (custom)
2020-06-22 07:28:49,362 [pool-35-thread-1] INFO  server.RaftServerConfigKeys (ConfUtils.java:logGet(44)) - raft.server.sleep.deviation.threshold = 300 (default)
2020-06-22 07:28:49,362 [pool-35-thread-1] INFO  server.RaftServerConfigKeys (ConfUtils.java:logGet(44)) - raft.server.log.appender.install.snapshot.enabled = false (custom)
2020-06-22 07:28:49,362 [pool-35-thread-1] INFO  impl.RaftServerImpl (ServerState.java:<init>(103)) - 234d89f1-45c8-43c8-b2d4-07be68e97bdc@group-FD22877D1342: ConfigurationManager, init=-1: [79d7a2ac-2bd1-4dcc-b3d1-df6960632dcc:172.17.0.2:37391, d7e95017-963d-4829-bf66-d43f2a9bf37c:172.17.0.2:33449, 234d89f1-45c8-43c8-b2d4-07be68e97bdc:172.17.0.2:34597], old=null, confs=<EMPTY_MAP>
2020-06-22 07:28:49,362 [pool-35-thread-1] INFO  server.RaftServerConfigKeys (ConfUtils.java:logGet(44)) - raft.server.storage.dir = [/github/workspace/mnt/ozone/hadoop-ozone/integration-test/target/test-dir/MiniOzoneClusterImpl-99a7d3e3-4c3d-4292-8be6-fbb027d3ba95/datanode-0/data/ratis] (custom)
2020-06-22 07:28:49,362 [pool-35-thread-1] INFO  server.RaftServerConfigKeys (ConfUtils.java:logGet(44)) - raft.server.log.corruption.policy = EXCEPTION (default)
2020-06-22 07:28:49,363 [pool-35-thread-1] INFO  storage.RaftStorageDirectory (RaftStorageDirectory.java:analyzeStorage(261)) - The storage directory /github/workspace/mnt/ozone/hadoop-ozone/integration-test/target/test-dir/MiniOzoneClusterImpl-99a7d3e3-4c3d-4292-8be6-fbb027d3ba95/datanode-0/data/ratis/40f832a4-8471-4fb6-a8a6-fd22877d1342 does not exist. Creating ...
2020-06-22 07:28:49,365 [pool-51-thread-1] INFO  impl.RaftServerImpl (RaftServerImpl.java:<init>(99)) - 79d7a2ac-2bd1-4dcc-b3d1-df6960632dcc: new RaftServerImpl for group-D2EA3144297B:[79d7a2ac-2bd1-4dcc-b3d1-df6960632dcc:172.17.0.2:37391] with ContainerStateMachine:uninitialized
2020-06-22 07:28:49,371 [pool-35-thread-1] INFO  storage.RaftStorageDirectory (RaftStorageDirectory.java:tryLock(343)) - Lock on /github/workspace/mnt/ozone/hadoop-ozone/integration-test/target/test-dir/MiniOzoneClusterImpl-99a7d3e3-4c3d-4292-8be6-fbb027d3ba95/datanode-0/data/ratis/40f832a4-8471-4fb6-a8a6-fd22877d1342/in_use.lock acquired by nodename 43144@777bc8194f3e
2020-06-22 07:28:49,371 [pool-51-thread-1] INFO  server.RaftServerConfigKeys (ConfUtils.java:logGet(44)) - raft.server.rpc.timeout.min = 5s (custom)
2020-06-22 07:28:49,372 [pool-51-thread-1] INFO  server.RaftServerConfigKeys (ConfUtils.java:logGet(44)) - raft.server.rpc.timeout.max = 5200ms (custom)
2020-06-22 07:28:49,372 [pool-51-thread-1] INFO  server.RaftServerConfigKeys (ConfUtils.java:logGet(44)) - raft.server.rpcslowness.timeout = 1000s (custom)
2020-06-22 07:28:49,372 [pool-51-thread-1] INFO  server.RaftServerConfigKeys (ConfUtils.java:logGet(44)) - raft.server.sleep.deviation.threshold = 300 (default)
2020-06-22 07:28:49,372 [pool-51-thread-1] INFO  server.RaftServerConfigKeys (ConfUtils.java:logGet(44)) - raft.server.log.appender.install.snapshot.enabled = false (custom)
2020-06-22 07:28:49,372 [pool-51-thread-1] INFO  impl.RaftServerImpl (ServerState.java:<init>(103)) - 79d7a2ac-2bd1-4dcc-b3d1-df6960632dcc@group-D2EA3144297B: ConfigurationManager, init=-1: [79d7a2ac-2bd1-4dcc-b3d1-df6960632dcc:172.17.0.2:37391], old=null, confs=<EMPTY_MAP>
2020-06-22 07:28:49,372 [pool-51-thread-1] INFO  server.RaftServerConfigKeys (ConfUtils.java:logGet(44)) - raft.server.storage.dir = [/github/workspace/mnt/ozone/hadoop-ozone/integration-test/target/test-dir/MiniOzoneClusterImpl-99a7d3e3-4c3d-4292-8be6-fbb027d3ba95/datanode-1/data/ratis] (custom)
2020-06-22 07:28:49,372 [pool-51-thread-1] INFO  server.RaftServerConfigKeys (ConfUtils.java:logGet(44)) - raft.server.log.corruption.policy = EXCEPTION (default)
2020-06-22 07:28:49,373 [pool-35-thread-1] INFO  storage.RaftStorage (RaftStorage.java:format(84)) - Storage directory /github/workspace/mnt/ozone/hadoop-ozone/integration-test/target/test-dir/MiniOzoneClusterImpl-99a7d3e3-4c3d-4292-8be6-fbb027d3ba95/datanode-0/data/ratis/40f832a4-8471-4fb6-a8a6-fd22877d1342 has been successfully formatted.
2020-06-22 07:28:49,373 [pool-35-thread-1] INFO  ratis.ContainerStateMachine (ContainerStateMachine.java:loadSnapshot(226)) - group-FD22877D1342: The snapshot info is null. Setting the last applied indexto:(t:0, i:~)
2020-06-22 07:28:49,373 [pool-35-thread-1] INFO  server.RaftServerConfigKeys (ConfUtils.java:logGet(44)) - raft.server.notification.no-leader.timeout = 60s (default)
2020-06-22 07:28:49,373 [pool-35-thread-1] INFO  server.RaftServerConfigKeys (ConfUtils.java:logGet(44)) - raft.server.log.use.memory = false (default)
2020-06-22 07:28:49,373 [pool-35-thread-1] INFO  server.RaftServerConfigKeys (ConfUtils.java:logGet(44)) - raft.server.log.purge.gap = 1000000 (custom)
2020-06-22 07:28:49,374 [pool-35-thread-1] INFO  server.RaftServerConfigKeys (ConfUtils.java:logGet(44)) - raft.server.log.appender.buffer.byte-limit = 33554432 (custom)
2020-06-22 07:28:49,374 [pool-35-thread-1] INFO  server.RaftServerConfigKeys (ConfUtils.java:logGet(44)) - raft.server.log.segment.size.max = 1048576 (custom)
2020-06-22 07:28:49,374 [pool-35-thread-1] INFO  metrics.RatisMetrics (RatisMetrics.java:lambda$create$0(36)) - Creating Metrics Registry : ratis.log_worker.234d89f1-45c8-43c8-b2d4-07be68e97bdc@group-FD22877D1342
2020-06-22 07:28:49,375 [pool-35-thread-1] INFO  server.RaftServerConfigKeys (ConfUtils.java:logGet(44)) - raft.server.log.segment.cache.num.max = 2 (custom)
2020-06-22 07:28:49,375 [pool-35-thread-1] INFO  segmented.SegmentedRaftLogWorker (SegmentedRaftLogWorker.java:<init>(180)) - new 234d89f1-45c8-43c8-b2d4-07be68e97bdc@group-FD22877D1342-SegmentedRaftLogWorker for RaftStorage:Storage Directory /github/workspace/mnt/ozone/hadoop-ozone/integration-test/target/test-dir/MiniOzoneClusterImpl-99a7d3e3-4c3d-4292-8be6-fbb027d3ba95/datanode-0/data/ratis/40f832a4-8471-4fb6-a8a6-fd22877d1342
2020-06-22 07:28:49,375 [pool-35-thread-1] INFO  server.RaftServerConfigKeys (ConfUtils.java:logGet(44)) - raft.server.log.queue.byte-limit = 2147483647 (custom)
2020-06-22 07:28:49,375 [pool-35-thread-1] INFO  server.RaftServerConfigKeys (ConfUtils.java:logGet(44)) - raft.server.log.queue.element-limit = 1024 (custom)
2020-06-22 07:28:49,375 [pool-35-thread-1] INFO  server.RaftServerConfigKeys (ConfUtils.java:logGet(44)) - raft.server.log.segment.size.max = 1048576 (custom)
2020-06-22 07:28:49,375 [pool-35-thread-1] INFO  server.RaftServerConfigKeys (ConfUtils.java:logGet(44)) - raft.server.log.preallocated.size = 16384 (custom)
2020-06-22 07:28:49,375 [pool-35-thread-1] INFO  server.RaftServerConfigKeys (ConfUtils.java:logGet(44)) - raft.server.log.write.buffer.size = 1048576 (custom)
2020-06-22 07:28:49,375 [pool-35-thread-1] INFO  server.RaftServerConfigKeys (ConfUtils.java:logGet(44)) - raft.server.log.force.sync.num = 128 (default)
2020-06-22 07:28:49,376 [pool-35-thread-1] INFO  server.RaftServerConfigKeys (ConfUtils.java:logGet(44)) - raft.server.log.statemachine.data.sync = true (default)
2020-06-22 07:28:49,376 [pool-35-thread-1] INFO  server.RaftServerConfigKeys (ConfUtils.java:logGet(44)) - raft.server.log.statemachine.data.sync.timeout = 10s (default)
2020-06-22 07:28:49,376 [pool-35-thread-1] INFO  server.RaftServerConfigKeys (ConfUtils.java:logGet(44)) - raft.server.log.statemachine.data.sync.timeout.retry = -1 (default)
2020-06-22 07:28:49,379 [pool-35-thread-1] INFO  server.RaftServerConfigKeys (ConfUtils.java:logGet(44)) - raft.server.log.statemachine.data.caching.enabled = true (custom)
2020-06-22 07:28:49,373 [pool-51-thread-1] INFO  storage.RaftStorageDirectory (RaftStorageDirectory.java:analyzeStorage(261)) - The storage directory /github/workspace/mnt/ozone/hadoop-ozone/integration-test/target/test-dir/MiniOzoneClusterImpl-99a7d3e3-4c3d-4292-8be6-fbb027d3ba95/datanode-1/data/ratis/961a5134-3078-4e80-8af4-d2ea3144297b does not exist. Creating ...
2020-06-22 07:28:49,379 [pool-35-thread-1] INFO  segmented.SegmentedRaftLogWorker (SegmentedRaftLogWorker.java:lambda$new$0(129)) - 234d89f1-45c8-43c8-b2d4-07be68e97bdc@group-FD22877D1342-SegmentedRaftLogWorker: flushIndex: setUnconditionally 0 -> -1
2020-06-22 07:28:49,380 [pool-35-thread-1] INFO  segmented.SegmentedRaftLogWorker (SegmentedRaftLogWorker.java:lambda$new$0(129)) - 234d89f1-45c8-43c8-b2d4-07be68e97bdc@group-FD22877D1342-SegmentedRaftLogWorker: safeCacheEvictIndex: setUnconditionally 0 -> -1
2020-06-22 07:28:49,380 [pool-35-thread-1] INFO  server.RaftServerConfigKeys (ConfUtils.java:logGet(44)) - raft.server.snapshot.auto.trigger.enabled = true (custom)
2020-06-22 07:28:49,380 [pool-35-thread-1] INFO  server.RaftServerConfigKeys (ConfUtils.java:logGet(44)) - raft.server.snapshot.auto.trigger.threshold = 10000 (custom)
2020-06-22 07:28:49,380 [pool-35-thread-1] INFO  server.RaftServerConfigKeys (ConfUtils.java:logGet(44)) - raft.server.snapshot.retention.file.num = 5 (custom)
2020-06-22 07:28:49,380 [pool-35-thread-1] INFO  server.RaftServerConfigKeys (ConfUtils.java:logGet(44)) - raft.server.log.purge.upto.snapshot.index = false (default)
2020-06-22 07:28:49,380 [pool-35-thread-1] INFO  server.RaftServerConfigKeys (ConfUtils.java:logGet(44)) - raft.server.retrycache.expirytime = 600000ms (custom)
2020-06-22 07:28:49,381 [pool-35-thread-1] INFO  metrics.RatisMetrics (RatisMetrics.java:lambda$create$0(36)) - Creating Metrics Registry : ratis.leader_election.234d89f1-45c8-43c8-b2d4-07be68e97bdc@group-FD22877D1342
2020-06-22 07:28:49,381 [pool-35-thread-1] INFO  metrics.RatisMetrics (RatisMetrics.java:lambda$create$0(36)) - Creating Metrics Registry : ratis.server.234d89f1-45c8-43c8-b2d4-07be68e97bdc@group-FD22877D1342
2020-06-22 07:28:49,382 [pool-35-thread-1] INFO  impl.RaftServerImpl (RaftServerImpl.java:start(186)) - 234d89f1-45c8-43c8-b2d4-07be68e97bdc@group-FD22877D1342: start as a follower, conf=-1: [79d7a2ac-2bd1-4dcc-b3d1-df6960632dcc:172.17.0.2:37391, d7e95017-963d-4829-bf66-d43f2a9bf37c:172.17.0.2:33449, 234d89f1-45c8-43c8-b2d4-07be68e97bdc:172.17.0.2:34597], old=null
2020-06-22 07:28:49,382 [pool-35-thread-1] INFO  impl.RaftServerImpl (RaftServerImpl.java:setRole(175)) - 234d89f1-45c8-43c8-b2d4-07be68e97bdc@group-FD22877D1342: changes role from      null to FOLLOWER at term 0 for startAsFollower
2020-06-22 07:28:49,382 [pool-35-thread-1] INFO  impl.RoleInfo (RoleInfo.java:updateAndGet(143)) - 234d89f1-45c8-43c8-b2d4-07be68e97bdc: start FollowerState
2020-06-22 07:28:49,383 [pool-35-thread-1] INFO  util.JmxRegister (JmxRegister.java:tryRegister(44)) - Successfully registered JMX Bean with object name Ratis:service=RaftServer,group=group-FD22877D1342,id=234d89f1-45c8-43c8-b2d4-07be68e97bdc
2020-06-22 07:28:49,383 [pool-35-thread-1] INFO  metrics.RatisMetrics (RatisMetrics.java:lambda$create$0(36)) - Creating Metrics Registry : ratis.state_machine.234d89f1-45c8-43c8-b2d4-07be68e97bdc@group-FD22877D1342
2020-06-22 07:28:49,384 [pool-51-thread-1] INFO  storage.RaftStorageDirectory (RaftStorageDirectory.java:tryLock(343)) - Lock on /github/workspace/mnt/ozone/hadoop-ozone/integration-test/target/test-dir/MiniOzoneClusterImpl-99a7d3e3-4c3d-4292-8be6-fbb027d3ba95/datanode-1/data/ratis/961a5134-3078-4e80-8af4-d2ea3144297b/in_use.lock acquired by nodename 43144@777bc8194f3e
2020-06-22 07:28:49,385 [pool-51-thread-1] INFO  storage.RaftStorage (RaftStorage.java:format(84)) - Storage directory /github/workspace/mnt/ozone/hadoop-ozone/integration-test/target/test-dir/MiniOzoneClusterImpl-99a7d3e3-4c3d-4292-8be6-fbb027d3ba95/datanode-1/data/ratis/961a5134-3078-4e80-8af4-d2ea3144297b has been successfully formatted.
2020-06-22 07:28:49,396 [pool-51-thread-1] INFO  ratis.ContainerStateMachine (ContainerStateMachine.java:loadSnapshot(226)) - group-D2EA3144297B: The snapshot info is null. Setting the last applied indexto:(t:0, i:~)
2020-06-22 07:28:49,401 [pool-51-thread-1] INFO  server.RaftServerConfigKeys (ConfUtils.java:logGet(44)) - raft.server.notification.no-leader.timeout = 60s (default)
2020-06-22 07:28:49,401 [pool-51-thread-1] INFO  server.RaftServerConfigKeys (ConfUtils.java:logGet(44)) - raft.server.log.use.memory = false (default)
2020-06-22 07:28:49,401 [pool-51-thread-1] INFO  server.RaftServerConfigKeys (ConfUtils.java:logGet(44)) - raft.server.log.purge.gap = 1000000 (custom)
2020-06-22 07:28:49,401 [pool-51-thread-1] INFO  server.RaftServerConfigKeys (ConfUtils.java:logGet(44)) - raft.server.log.appender.buffer.byte-limit = 33554432 (custom)
2020-06-22 07:28:49,401 [pool-51-thread-1] INFO  server.RaftServerConfigKeys (ConfUtils.java:logGet(44)) - raft.server.log.segment.size.max = 1048576 (custom)
2020-06-22 07:28:49,401 [EventQueue-PipelineReportForPipelineReportHandler] INFO  pipeline.PipelineStateManager (PipelineStateManager.java:openPipeline(131)) - Pipeline Pipeline[ Id: 961a5134-3078-4e80-8af4-d2ea3144297b, Nodes: 79d7a2ac-2bd1-4dcc-b3d1-df6960632dcc{ip: 172.17.0.2, host: 777bc8194f3e, networkLocation: /default-rack, certSerialId: null}, Type:RATIS, Factor:ONE, State:ALLOCATED, leaderId:79d7a2ac-2bd1-4dcc-b3d1-df6960632dcc, CreationTimestamp2020-06-22T07:28:46.341Z] moved to OPEN state
2020-06-22 07:28:49,399 [Listener at 127.0.0.1/34747] INFO  ozone.MiniOzoneClusterImpl (MiniOzoneClusterImpl.java:lambda$waitForClusterToBeReady$0(177)) - Nodes are ready. Got 3 of 3 DN Heartbeats.
2020-06-22 07:28:49,402 [Listener at 127.0.0.1/34747] INFO  ozone.MiniOzoneClusterImpl (MiniOzoneClusterImpl.java:lambda$waitForClusterToBeReady$0(180)) - Waiting for cluster to exit safe mode
2020-06-22 07:28:49,402 [EventQueue-OpenPipelineForOneReplicaPipelineSafeModeRule] INFO  safemode.SCMSafeModeManager (SCMSafeModeManager.java:validateSafeModeExitRules(213)) - AtleastOneDatanodeReportedRule rule is successfully validated
2020-06-22 07:28:49,402 [EventQueue-OpenPipelineForHealthyPipelineSafeModeRule] INFO  safemode.SCMSafeModeManager (HealthyPipelineSafeModeRule.java:process(132)) - SCM in safe mode. Healthy pipelines reported count is 0, required healthy pipeline reported count is 1
2020-06-22 07:28:49,401 [pool-51-thread-1] INFO  metrics.RatisMetrics (RatisMetrics.java:lambda$create$0(36)) - Creating Metrics Registry : ratis.log_worker.79d7a2ac-2bd1-4dcc-b3d1-df6960632dcc@group-D2EA3144297B
2020-06-22 07:28:49,405 [pool-51-thread-1] INFO  server.RaftServerConfigKeys (ConfUtils.java:logGet(44)) - raft.server.log.segment.cache.num.max = 2 (custom)
2020-06-22 07:28:49,405 [pool-51-thread-1] INFO  segmented.SegmentedRaftLogWorker (SegmentedRaftLogWorker.java:<init>(180)) - new 79d7a2ac-2bd1-4dcc-b3d1-df6960632dcc@group-D2EA3144297B-SegmentedRaftLogWorker for RaftStorage:Storage Directory /github/workspace/mnt/ozone/hadoop-ozone/integration-test/target/test-dir/MiniOzoneClusterImpl-99a7d3e3-4c3d-4292-8be6-fbb027d3ba95/datanode-1/data/ratis/961a5134-3078-4e80-8af4-d2ea3144297b
2020-06-22 07:28:49,406 [pool-51-thread-1] INFO  server.RaftServerConfigKeys (ConfUtils.java:logGet(44)) - raft.server.log.queue.byte-limit = 2147483647 (custom)
2020-06-22 07:28:49,406 [pool-51-thread-1] INFO  server.RaftServerConfigKeys (ConfUtils.java:logGet(44)) - raft.server.log.queue.element-limit = 1024 (custom)
2020-06-22 07:28:49,406 [pool-51-thread-1] INFO  server.RaftServerConfigKeys (ConfUtils.java:logGet(44)) - raft.server.log.segment.size.max = 1048576 (custom)
2020-06-22 07:28:49,406 [pool-51-thread-1] INFO  server.RaftServerConfigKeys (ConfUtils.java:logGet(44)) - raft.server.log.preallocated.size = 16384 (custom)
2020-06-22 07:28:49,406 [pool-51-thread-1] INFO  server.RaftServerConfigKeys (ConfUtils.java:logGet(44)) - raft.server.log.write.buffer.size = 1048576 (custom)
2020-06-22 07:28:49,406 [pool-51-thread-1] INFO  server.RaftServerConfigKeys (ConfUtils.java:logGet(44)) - raft.server.log.force.sync.num = 128 (default)
2020-06-22 07:28:49,406 [pool-51-thread-1] INFO  server.RaftServerConfigKeys (ConfUtils.java:logGet(44)) - raft.server.log.statemachine.data.sync = true (default)
2020-06-22 07:28:49,406 [pool-51-thread-1] INFO  server.RaftServerConfigKeys (ConfUtils.java:logGet(44)) - raft.server.log.statemachine.data.sync.timeout = 10s (default)
2020-06-22 07:28:49,407 [pool-51-thread-1] INFO  server.RaftServerConfigKeys (ConfUtils.java:logGet(44)) - raft.server.log.statemachine.data.sync.timeout.retry = -1 (default)
2020-06-22 07:28:49,408 [pool-51-thread-1] INFO  server.RaftServerConfigKeys (ConfUtils.java:logGet(44)) - raft.server.log.statemachine.data.caching.enabled = true (custom)
2020-06-22 07:28:49,408 [pool-51-thread-1] INFO  segmented.SegmentedRaftLogWorker (SegmentedRaftLogWorker.java:lambda$new$0(129)) - 79d7a2ac-2bd1-4dcc-b3d1-df6960632dcc@group-D2EA3144297B-SegmentedRaftLogWorker: flushIndex: setUnconditionally 0 -> -1
2020-06-22 07:28:49,408 [pool-51-thread-1] INFO  segmented.SegmentedRaftLogWorker (SegmentedRaftLogWorker.java:lambda$new$0(129)) - 79d7a2ac-2bd1-4dcc-b3d1-df6960632dcc@group-D2EA3144297B-SegmentedRaftLogWorker: safeCacheEvictIndex: setUnconditionally 0 -> -1
2020-06-22 07:28:49,415 [pool-51-thread-1] INFO  server.RaftServerConfigKeys (ConfUtils.java:logGet(44)) - raft.server.snapshot.auto.trigger.enabled = true (custom)
2020-06-22 07:28:49,415 [pool-51-thread-1] INFO  server.RaftServerConfigKeys (ConfUtils.java:logGet(44)) - raft.server.snapshot.auto.trigger.threshold = 10000 (custom)
2020-06-22 07:28:49,415 [pool-51-thread-1] INFO  server.RaftServerConfigKeys (ConfUtils.java:logGet(44)) - raft.server.snapshot.retention.file.num = 5 (custom)
2020-06-22 07:28:49,415 [pool-51-thread-1] INFO  server.RaftServerConfigKeys (ConfUtils.java:logGet(44)) - raft.server.log.purge.upto.snapshot.index = false (default)
2020-06-22 07:28:49,415 [pool-51-thread-1] INFO  server.RaftServerConfigKeys (ConfUtils.java:logGet(44)) - raft.server.retrycache.expirytime = 600000ms (custom)
2020-06-22 07:28:49,416 [pool-51-thread-1] INFO  metrics.RatisMetrics (RatisMetrics.java:lambda$create$0(36)) - Creating Metrics Registry : ratis.leader_election.79d7a2ac-2bd1-4dcc-b3d1-df6960632dcc@group-D2EA3144297B
2020-06-22 07:28:49,417 [pool-51-thread-1] INFO  metrics.RatisMetrics (RatisMetrics.java:lambda$create$0(36)) - Creating Metrics Registry : ratis.server.79d7a2ac-2bd1-4dcc-b3d1-df6960632dcc@group-D2EA3144297B
2020-06-22 07:28:49,418 [pool-51-thread-1] INFO  impl.RaftServerImpl (RaftServerImpl.java:start(186)) - 79d7a2ac-2bd1-4dcc-b3d1-df6960632dcc@group-D2EA3144297B: start as a follower, conf=-1: [79d7a2ac-2bd1-4dcc-b3d1-df6960632dcc:172.17.0.2:37391], old=null
2020-06-22 07:28:49,419 [pool-51-thread-1] INFO  impl.RaftServerImpl (RaftServerImpl.java:setRole(175)) - 79d7a2ac-2bd1-4dcc-b3d1-df6960632dcc@group-D2EA3144297B: changes role from      null to FOLLOWER at term 0 for startAsFollower
2020-06-22 07:28:49,419 [pool-51-thread-1] INFO  impl.RoleInfo (RoleInfo.java:updateAndGet(143)) - 79d7a2ac-2bd1-4dcc-b3d1-df6960632dcc: start FollowerState
2020-06-22 07:28:49,425 [pool-51-thread-1] INFO  util.JmxRegister (JmxRegister.java:tryRegister(44)) - Successfully registered JMX Bean with object name Ratis:service=RaftServer,group=group-D2EA3144297B,id=79d7a2ac-2bd1-4dcc-b3d1-df6960632dcc
2020-06-22 07:28:49,427 [pool-51-thread-1] INFO  metrics.RatisMetrics (RatisMetrics.java:lambda$create$0(36)) - Creating Metrics Registry : ratis.state_machine.79d7a2ac-2bd1-4dcc-b3d1-df6960632dcc@group-D2EA3144297B
2020-06-22 07:28:49,428 [Command processor thread] INFO  impl.RaftServerProxy (RaftServerProxy.java:addNew(89)) - d7e95017-963d-4829-bf66-d43f2a9bf37c: addNew group-28C06E92D654:[d7e95017-963d-4829-bf66-d43f2a9bf37c:172.17.0.2:33449] returns group-28C06E92D654:java.util.concurrent.CompletableFuture@3c11d47d[Not completed]
2020-06-22 07:28:49,456 [Command processor thread] INFO  commandhandler.CreatePipelineCommandHandler (CreatePipelineCommandHandler.java:handle(109)) - Created Pipeline RATIS ONE #id: "961a5134-3078-4e80-8af4-d2ea3144297b"
.
2020-06-22 07:28:49,464 [Command processor thread] INFO  impl.RaftServerProxy (RaftServerProxy.java:addNew(89)) - 79d7a2ac-2bd1-4dcc-b3d1-df6960632dcc: addNew group-FD22877D1342:[79d7a2ac-2bd1-4dcc-b3d1-df6960632dcc:172.17.0.2:37391, d7e95017-963d-4829-bf66-d43f2a9bf37c:172.17.0.2:33449, 234d89f1-45c8-43c8-b2d4-07be68e97bdc:172.17.0.2:34597] returns group-FD22877D1342:java.util.concurrent.CompletableFuture@45565fb6[Not completed]
2020-06-22 07:28:49,470 [pool-67-thread-1] INFO  impl.RaftServerImpl (RaftServerImpl.java:<init>(99)) - d7e95017-963d-4829-bf66-d43f2a9bf37c: new RaftServerImpl for group-28C06E92D654:[d7e95017-963d-4829-bf66-d43f2a9bf37c:172.17.0.2:33449] with ContainerStateMachine:uninitialized
2020-06-22 07:28:49,471 [pool-51-thread-1] INFO  impl.RaftServerImpl (RaftServerImpl.java:<init>(99)) - 79d7a2ac-2bd1-4dcc-b3d1-df6960632dcc: new RaftServerImpl for group-FD22877D1342:[79d7a2ac-2bd1-4dcc-b3d1-df6960632dcc:172.17.0.2:37391, d7e95017-963d-4829-bf66-d43f2a9bf37c:172.17.0.2:33449, 234d89f1-45c8-43c8-b2d4-07be68e97bdc:172.17.0.2:34597] with ContainerStateMachine:uninitialized
2020-06-22 07:28:49,471 [pool-51-thread-1] INFO  server.RaftServerConfigKeys (ConfUtils.java:logGet(44)) - raft.server.rpc.timeout.min = 5s (custom)
2020-06-22 07:28:49,471 [pool-51-thread-1] INFO  server.RaftServerConfigKeys (ConfUtils.java:logGet(44)) - raft.server.rpc.timeout.max = 5200ms (custom)
2020-06-22 07:28:49,472 [pool-51-thread-1] INFO  server.RaftServerConfigKeys (ConfUtils.java:logGet(44)) - raft.server.rpcslowness.timeout = 1000s (custom)
2020-06-22 07:28:49,472 [pool-51-thread-1] INFO  server.RaftServerConfigKeys (ConfUtils.java:logGet(44)) - raft.server.sleep.deviation.threshold = 300 (default)
2020-06-22 07:28:49,472 [pool-51-thread-1] INFO  server.RaftServerConfigKeys (ConfUtils.java:logGet(44)) - raft.server.log.appender.install.snapshot.enabled = false (custom)
2020-06-22 07:28:49,472 [pool-51-thread-1] INFO  impl.RaftServerImpl (ServerState.java:<init>(103)) - 79d7a2ac-2bd1-4dcc-b3d1-df6960632dcc@group-FD22877D1342: ConfigurationManager, init=-1: [79d7a2ac-2bd1-4dcc-b3d1-df6960632dcc:172.17.0.2:37391, d7e95017-963d-4829-bf66-d43f2a9bf37c:172.17.0.2:33449, 234d89f1-45c8-43c8-b2d4-07be68e97bdc:172.17.0.2:34597], old=null, confs=<EMPTY_MAP>
2020-06-22 07:28:49,472 [pool-51-thread-1] INFO  server.RaftServerConfigKeys (ConfUtils.java:logGet(44)) - raft.server.storage.dir = [/github/workspace/mnt/ozone/hadoop-ozone/integration-test/target/test-dir/MiniOzoneClusterImpl-99a7d3e3-4c3d-4292-8be6-fbb027d3ba95/datanode-1/data/ratis] (custom)
2020-06-22 07:28:49,472 [pool-51-thread-1] INFO  server.RaftServerConfigKeys (ConfUtils.java:logGet(44)) - raft.server.log.corruption.policy = EXCEPTION (default)
2020-06-22 07:28:49,472 [pool-51-thread-1] INFO  storage.RaftStorageDirectory (RaftStorageDirectory.java:analyzeStorage(261)) - The storage directory /github/workspace/mnt/ozone/hadoop-ozone/integration-test/target/test-dir/MiniOzoneClusterImpl-99a7d3e3-4c3d-4292-8be6-fbb027d3ba95/datanode-1/data/ratis/40f832a4-8471-4fb6-a8a6-fd22877d1342 does not exist. Creating ...
2020-06-22 07:28:49,475 [pool-51-thread-1] INFO  storage.RaftStorageDirectory (RaftStorageDirectory.java:tryLock(343)) - Lock on /github/workspace/mnt/ozone/hadoop-ozone/integration-test/target/test-dir/MiniOzoneClusterImpl-99a7d3e3-4c3d-4292-8be6-fbb027d3ba95/datanode-1/data/ratis/40f832a4-8471-4fb6-a8a6-fd22877d1342/in_use.lock acquired by nodename 43144@777bc8194f3e
2020-06-22 07:28:49,478 [pool-67-thread-1] INFO  server.RaftServerConfigKeys (ConfUtils.java:logGet(44)) - raft.server.rpc.timeout.min = 5s (custom)
2020-06-22 07:28:49,478 [pool-67-thread-1] INFO  server.RaftServerConfigKeys (ConfUtils.java:logGet(44)) - raft.server.rpc.timeout.max = 5200ms (custom)
2020-06-22 07:28:49,478 [pool-67-thread-1] INFO  server.RaftServerConfigKeys (ConfUtils.java:logGet(44)) - raft.server.rpcslowness.timeout = 1000s (custom)
2020-06-22 07:28:49,478 [pool-67-thread-1] INFO  server.RaftServerConfigKeys (ConfUtils.java:logGet(44)) - raft.server.sleep.deviation.threshold = 300 (default)
2020-06-22 07:28:49,478 [pool-67-thread-1] INFO  server.RaftServerConfigKeys (ConfUtils.java:logGet(44)) - raft.server.log.appender.install.snapshot.enabled = false (custom)
2020-06-22 07:28:49,478 [pool-67-thread-1] INFO  impl.RaftServerImpl (ServerState.java:<init>(103)) - d7e95017-963d-4829-bf66-d43f2a9bf37c@group-28C06E92D654: ConfigurationManager, init=-1: [d7e95017-963d-4829-bf66-d43f2a9bf37c:172.17.0.2:33449], old=null, confs=<EMPTY_MAP>
2020-06-22 07:28:49,478 [pool-67-thread-1] INFO  server.RaftServerConfigKeys (ConfUtils.java:logGet(44)) - raft.server.storage.dir = [/github/workspace/mnt/ozone/hadoop-ozone/integration-test/target/test-dir/MiniOzoneClusterImpl-99a7d3e3-4c3d-4292-8be6-fbb027d3ba95/datanode-2/data/ratis] (custom)
2020-06-22 07:28:49,479 [pool-67-thread-1] INFO  server.RaftServerConfigKeys (ConfUtils.java:logGet(44)) - raft.server.log.corruption.policy = EXCEPTION (default)
2020-06-22 07:28:49,479 [pool-67-thread-1] INFO  storage.RaftStorageDirectory (RaftStorageDirectory.java:analyzeStorage(261)) - The storage directory /github/workspace/mnt/ozone/hadoop-ozone/integration-test/target/test-dir/MiniOzoneClusterImpl-99a7d3e3-4c3d-4292-8be6-fbb027d3ba95/datanode-2/data/ratis/de1a205b-7c60-4d5b-9b77-28c06e92d654 does not exist. Creating ...
2020-06-22 07:28:49,479 [pool-51-thread-1] INFO  storage.RaftStorage (RaftStorage.java:format(84)) - Storage directory /github/workspace/mnt/ozone/hadoop-ozone/integration-test/target/test-dir/MiniOzoneClusterImpl-99a7d3e3-4c3d-4292-8be6-fbb027d3ba95/datanode-1/data/ratis/40f832a4-8471-4fb6-a8a6-fd22877d1342 has been successfully formatted.
2020-06-22 07:28:49,479 [pool-51-thread-1] INFO  ratis.ContainerStateMachine (ContainerStateMachine.java:loadSnapshot(226)) - group-FD22877D1342: The snapshot info is null. Setting the last applied indexto:(t:0, i:~)
2020-06-22 07:28:49,480 [pool-51-thread-1] INFO  server.RaftServerConfigKeys (ConfUtils.java:logGet(44)) - raft.server.notification.no-leader.timeout = 60s (default)
2020-06-22 07:28:49,480 [pool-51-thread-1] INFO  server.RaftServerConfigKeys (ConfUtils.java:logGet(44)) - raft.server.log.use.memory = false (default)
2020-06-22 07:28:49,480 [pool-51-thread-1] INFO  server.RaftServerConfigKeys (ConfUtils.java:logGet(44)) - raft.server.log.purge.gap = 1000000 (custom)
2020-06-22 07:28:49,481 [pool-51-thread-1] INFO  server.RaftServerConfigKeys (ConfUtils.java:logGet(44)) - raft.server.log.appender.buffer.byte-limit = 33554432 (custom)
2020-06-22 07:28:49,481 [pool-51-thread-1] INFO  server.RaftServerConfigKeys (ConfUtils.java:logGet(44)) - raft.server.log.segment.size.max = 1048576 (custom)
2020-06-22 07:28:49,481 [pool-51-thread-1] INFO  metrics.RatisMetrics (RatisMetrics.java:lambda$create$0(36)) - Creating Metrics Registry : ratis.log_worker.79d7a2ac-2bd1-4dcc-b3d1-df6960632dcc@group-FD22877D1342
2020-06-22 07:28:49,482 [pool-51-thread-1] INFO  server.RaftServerConfigKeys (ConfUtils.java:logGet(44)) - raft.server.log.segment.cache.num.max = 2 (custom)
2020-06-22 07:28:49,480 [pool-67-thread-1] INFO  storage.RaftStorageDirectory (RaftStorageDirectory.java:tryLock(343)) - Lock on /github/workspace/mnt/ozone/hadoop-ozone/integration-test/target/test-dir/MiniOzoneClusterImpl-99a7d3e3-4c3d-4292-8be6-fbb027d3ba95/datanode-2/data/ratis/de1a205b-7c60-4d5b-9b77-28c06e92d654/in_use.lock acquired by nodename 43144@777bc8194f3e
2020-06-22 07:28:49,482 [pool-51-thread-1] INFO  segmented.SegmentedRaftLogWorker (SegmentedRaftLogWorker.java:<init>(180)) - new 79d7a2ac-2bd1-4dcc-b3d1-df6960632dcc@group-FD22877D1342-SegmentedRaftLogWorker for RaftStorage:Storage Directory /github/workspace/mnt/ozone/hadoop-ozone/integration-test/target/test-dir/MiniOzoneClusterImpl-99a7d3e3-4c3d-4292-8be6-fbb027d3ba95/datanode-1/data/ratis/40f832a4-8471-4fb6-a8a6-fd22877d1342
2020-06-22 07:28:49,482 [pool-51-thread-1] INFO  server.RaftServerConfigKeys (ConfUtils.java:logGet(44)) - raft.server.log.queue.byte-limit = 2147483647 (custom)
2020-06-22 07:28:49,483 [pool-51-thread-1] INFO  server.RaftServerConfigKeys (ConfUtils.java:logGet(44)) - raft.server.log.queue.element-limit = 1024 (custom)
2020-06-22 07:28:49,483 [pool-51-thread-1] INFO  server.RaftServerConfigKeys (ConfUtils.java:logGet(44)) - raft.server.log.segment.size.max = 1048576 (custom)
2020-06-22 07:28:49,483 [pool-51-thread-1] INFO  server.RaftServerConfigKeys (ConfUtils.java:logGet(44)) - raft.server.log.preallocated.size = 16384 (custom)
2020-06-22 07:28:49,483 [pool-67-thread-1] INFO  storage.RaftStorage (RaftStorage.java:format(84)) - Storage directory /github/workspace/mnt/ozone/hadoop-ozone/integration-test/target/test-dir/MiniOzoneClusterImpl-99a7d3e3-4c3d-4292-8be6-fbb027d3ba95/datanode-2/data/ratis/de1a205b-7c60-4d5b-9b77-28c06e92d654 has been successfully formatted.
2020-06-22 07:28:49,483 [pool-67-thread-1] INFO  ratis.ContainerStateMachine (ContainerStateMachine.java:loadSnapshot(226)) - group-28C06E92D654: The snapshot info is null. Setting the last applied indexto:(t:0, i:~)
2020-06-22 07:28:49,484 [pool-67-thread-1] INFO  server.RaftServerConfigKeys (ConfUtils.java:logGet(44)) - raft.server.notification.no-leader.timeout = 60s (default)
2020-06-22 07:28:49,484 [pool-67-thread-1] INFO  server.RaftServerConfigKeys (ConfUtils.java:logGet(44)) - raft.server.log.use.memory = false (default)
2020-06-22 07:28:49,484 [pool-67-thread-1] INFO  server.RaftServerConfigKeys (ConfUtils.java:logGet(44)) - raft.server.log.purge.gap = 1000000 (custom)
2020-06-22 07:28:49,484 [pool-67-thread-1] INFO  server.RaftServerConfigKeys (ConfUtils.java:logGet(44)) - raft.server.log.appender.buffer.byte-limit = 33554432 (custom)
2020-06-22 07:28:49,484 [EventQueue-PipelineReportForPipelineReportHandler] INFO  pipeline.PipelineStateManager (PipelineStateManager.java:openPipeline(131)) - Pipeline Pipeline[ Id: de1a205b-7c60-4d5b-9b77-28c06e92d654, Nodes: d7e95017-963d-4829-bf66-d43f2a9bf37c{ip: 172.17.0.2, host: 777bc8194f3e, networkLocation: /default-rack, certSerialId: null}, Type:RATIS, Factor:ONE, State:ALLOCATED, leaderId:d7e95017-963d-4829-bf66-d43f2a9bf37c, CreationTimestamp2020-06-22T07:28:46.418Z] moved to OPEN state
2020-06-22 07:28:49,484 [pool-67-thread-1] INFO  server.RaftServerConfigKeys (ConfUtils.java:logGet(44)) - raft.server.log.segment.size.max = 1048576 (custom)
2020-06-22 07:28:49,485 [EventQueue-OpenPipelineForHealthyPipelineSafeModeRule] INFO  safemode.SCMSafeModeManager (HealthyPipelineSafeModeRule.java:process(132)) - SCM in safe mode. Healthy pipelines reported count is 0, required healthy pipeline reported count is 1
2020-06-22 07:28:49,485 [EventQueue-OpenPipelineForOneReplicaPipelineSafeModeRule] INFO  safemode.SCMSafeModeManager (SCMSafeModeManager.java:validateSafeModeExitRules(213)) - AtleastOneDatanodeReportedRule rule is successfully validated
2020-06-22 07:28:49,485 [pool-67-thread-1] INFO  metrics.RatisMetrics (RatisMetrics.java:lambda$create$0(36)) - Creating Metrics Registry : ratis.log_worker.d7e95017-963d-4829-bf66-d43f2a9bf37c@group-28C06E92D654
2020-06-22 07:28:49,485 [pool-67-thread-1] INFO  server.RaftServerConfigKeys (ConfUtils.java:logGet(44)) - raft.server.log.segment.cache.num.max = 2 (custom)
2020-06-22 07:28:49,485 [pool-67-thread-1] INFO  segmented.SegmentedRaftLogWorker (SegmentedRaftLogWorker.java:<init>(180)) - new d7e95017-963d-4829-bf66-d43f2a9bf37c@group-28C06E92D654-SegmentedRaftLogWorker for RaftStorage:Storage Directory /github/workspace/mnt/ozone/hadoop-ozone/integration-test/target/test-dir/MiniOzoneClusterImpl-99a7d3e3-4c3d-4292-8be6-fbb027d3ba95/datanode-2/data/ratis/de1a205b-7c60-4d5b-9b77-28c06e92d654
2020-06-22 07:28:49,485 [pool-67-thread-1] INFO  server.RaftServerConfigKeys (ConfUtils.java:logGet(44)) - raft.server.log.queue.byte-limit = 2147483647 (custom)
2020-06-22 07:28:49,485 [pool-67-thread-1] INFO  server.RaftServerConfigKeys (ConfUtils.java:logGet(44)) - raft.server.log.queue.element-limit = 1024 (custom)
2020-06-22 07:28:49,486 [pool-67-thread-1] INFO  server.RaftServerConfigKeys (ConfUtils.java:logGet(44)) - raft.server.log.segment.size.max = 1048576 (custom)
2020-06-22 07:28:49,486 [pool-67-thread-1] INFO  server.RaftServerConfigKeys (ConfUtils.java:logGet(44)) - raft.server.log.preallocated.size = 16384 (custom)
2020-06-22 07:28:49,486 [pool-67-thread-1] INFO  server.RaftServerConfigKeys (ConfUtils.java:logGet(44)) - raft.server.log.write.buffer.size = 1048576 (custom)
2020-06-22 07:28:49,486 [pool-67-thread-1] INFO  server.RaftServerConfigKeys (ConfUtils.java:logGet(44)) - raft.server.log.force.sync.num = 128 (default)
2020-06-22 07:28:49,486 [pool-67-thread-1] INFO  server.RaftServerConfigKeys (ConfUtils.java:logGet(44)) - raft.server.log.statemachine.data.sync = true (default)
2020-06-22 07:28:49,486 [pool-67-thread-1] INFO  server.RaftServerConfigKeys (ConfUtils.java:logGet(44)) - raft.server.log.statemachine.data.sync.timeout = 10s (default)
2020-06-22 07:28:49,487 [pool-67-thread-1] INFO  server.RaftServerConfigKeys (ConfUtils.java:logGet(44)) - raft.server.log.statemachine.data.sync.timeout.retry = -1 (default)
2020-06-22 07:28:49,488 [pool-67-thread-1] INFO  server.RaftServerConfigKeys (ConfUtils.java:logGet(44)) - raft.server.log.statemachine.data.caching.enabled = true (custom)
2020-06-22 07:28:49,489 [pool-67-thread-1] INFO  segmented.SegmentedRaftLogWorker (SegmentedRaftLogWorker.java:lambda$new$0(129)) - d7e95017-963d-4829-bf66-d43f2a9bf37c@group-28C06E92D654-SegmentedRaftLogWorker: flushIndex: setUnconditionally 0 -> -1
2020-06-22 07:28:49,491 [pool-67-thread-1] INFO  segmented.SegmentedRaftLogWorker (SegmentedRaftLogWorker.java:lambda$new$0(129)) - d7e95017-963d-4829-bf66-d43f2a9bf37c@group-28C06E92D654-SegmentedRaftLogWorker: safeCacheEvictIndex: setUnconditionally 0 -> -1
2020-06-22 07:28:49,487 [pool-51-thread-1] INFO  server.RaftServerConfigKeys (ConfUtils.java:logGet(44)) - raft.server.log.write.buffer.size = 1048576 (custom)
2020-06-22 07:28:49,491 [pool-51-thread-1] INFO  server.RaftServerConfigKeys (ConfUtils.java:logGet(44)) - raft.server.log.force.sync.num = 128 (default)
2020-06-22 07:28:49,491 [pool-51-thread-1] INFO  server.RaftServerConfigKeys (ConfUtils.java:logGet(44)) - raft.server.log.statemachine.data.sync = true (default)
2020-06-22 07:28:49,491 [pool-51-thread-1] INFO  server.RaftServerConfigKeys (ConfUtils.java:logGet(44)) - raft.server.log.statemachine.data.sync.timeout = 10s (default)
2020-06-22 07:28:49,492 [pool-51-thread-1] INFO  server.RaftServerConfigKeys (ConfUtils.java:logGet(44)) - raft.server.log.statemachine.data.sync.timeout.retry = -1 (default)
2020-06-22 07:28:49,493 [pool-51-thread-1] INFO  server.RaftServerConfigKeys (ConfUtils.java:logGet(44)) - raft.server.log.statemachine.data.caching.enabled = true (custom)
2020-06-22 07:28:49,493 [pool-51-thread-1] INFO  segmented.SegmentedRaftLogWorker (SegmentedRaftLogWorker.java:lambda$new$0(129)) - 79d7a2ac-2bd1-4dcc-b3d1-df6960632dcc@group-FD22877D1342-SegmentedRaftLogWorker: flushIndex: setUnconditionally 0 -> -1
2020-06-22 07:28:49,493 [pool-51-thread-1] INFO  segmented.SegmentedRaftLogWorker (SegmentedRaftLogWorker.java:lambda$new$0(129)) - 79d7a2ac-2bd1-4dcc-b3d1-df6960632dcc@group-FD22877D1342-SegmentedRaftLogWorker: safeCacheEvictIndex: setUnconditionally 0 -> -1
2020-06-22 07:28:49,495 [pool-51-thread-1] INFO  server.RaftServerConfigKeys (ConfUtils.java:logGet(44)) - raft.server.snapshot.auto.trigger.enabled = true (custom)
2020-06-22 07:28:49,496 [pool-51-thread-1] INFO  server.RaftServerConfigKeys (ConfUtils.java:logGet(44)) - raft.server.snapshot.auto.trigger.threshold = 10000 (custom)
2020-06-22 07:28:49,496 [pool-51-thread-1] INFO  server.RaftServerConfigKeys (ConfUtils.java:logGet(44)) - raft.server.snapshot.retention.file.num = 5 (custom)
2020-06-22 07:28:49,496 [pool-51-thread-1] INFO  server.RaftServerConfigKeys (ConfUtils.java:logGet(44)) - raft.server.log.purge.upto.snapshot.index = false (default)
2020-06-22 07:28:49,497 [pool-67-thread-1] INFO  server.RaftServerConfigKeys (ConfUtils.java:logGet(44)) - raft.server.snapshot.auto.trigger.enabled = true (custom)
2020-06-22 07:28:49,497 [pool-67-thread-1] INFO  server.RaftServerConfigKeys (ConfUtils.java:logGet(44)) - raft.server.snapshot.auto.trigger.threshold = 10000 (custom)
2020-06-22 07:28:49,497 [pool-67-thread-1] INFO  server.RaftServerConfigKeys (ConfUtils.java:logGet(44)) - raft.server.snapshot.retention.file.num = 5 (custom)
2020-06-22 07:28:49,497 [pool-67-thread-1] INFO  server.RaftServerConfigKeys (ConfUtils.java:logGet(44)) - raft.server.log.purge.upto.snapshot.index = false (default)
2020-06-22 07:28:49,497 [pool-67-thread-1] INFO  server.RaftServerConfigKeys (ConfUtils.java:logGet(44)) - raft.server.retrycache.expirytime = 600000ms (custom)
2020-06-22 07:28:49,497 [pool-67-thread-1] INFO  metrics.RatisMetrics (RatisMetrics.java:lambda$create$0(36)) - Creating Metrics Registry : ratis.leader_election.d7e95017-963d-4829-bf66-d43f2a9bf37c@group-28C06E92D654
2020-06-22 07:28:49,498 [pool-67-thread-1] INFO  metrics.RatisMetrics (RatisMetrics.java:lambda$create$0(36)) - Creating Metrics Registry : ratis.server.d7e95017-963d-4829-bf66-d43f2a9bf37c@group-28C06E92D654
2020-06-22 07:28:49,498 [pool-67-thread-1] INFO  impl.RaftServerImpl (RaftServerImpl.java:start(186)) - d7e95017-963d-4829-bf66-d43f2a9bf37c@group-28C06E92D654: start as a follower, conf=-1: [d7e95017-963d-4829-bf66-d43f2a9bf37c:172.17.0.2:33449], old=null
2020-06-22 07:28:49,499 [pool-67-thread-1] INFO  impl.RaftServerImpl (RaftServerImpl.java:setRole(175)) - d7e95017-963d-4829-bf66-d43f2a9bf37c@group-28C06E92D654: changes role from      null to FOLLOWER at term 0 for startAsFollower
2020-06-22 07:28:49,519 [pool-67-thread-1] INFO  impl.RoleInfo (RoleInfo.java:updateAndGet(143)) - d7e95017-963d-4829-bf66-d43f2a9bf37c: start FollowerState
2020-06-22 07:28:49,518 [pool-51-thread-1] INFO  server.RaftServerConfigKeys (ConfUtils.java:logGet(44)) - raft.server.retrycache.expirytime = 600000ms (custom)
2020-06-22 07:28:49,520 [pool-51-thread-1] INFO  metrics.RatisMetrics (RatisMetrics.java:lambda$create$0(36)) - Creating Metrics Registry : ratis.leader_election.79d7a2ac-2bd1-4dcc-b3d1-df6960632dcc@group-FD22877D1342
2020-06-22 07:28:49,521 [pool-51-thread-1] INFO  metrics.RatisMetrics (RatisMetrics.java:lambda$create$0(36)) - Creating Metrics Registry : ratis.server.79d7a2ac-2bd1-4dcc-b3d1-df6960632dcc@group-FD22877D1342
2020-06-22 07:28:49,522 [pool-51-thread-1] INFO  impl.RaftServerImpl (RaftServerImpl.java:start(186)) - 79d7a2ac-2bd1-4dcc-b3d1-df6960632dcc@group-FD22877D1342: start as a follower, conf=-1: [79d7a2ac-2bd1-4dcc-b3d1-df6960632dcc:172.17.0.2:37391, d7e95017-963d-4829-bf66-d43f2a9bf37c:172.17.0.2:33449, 234d89f1-45c8-43c8-b2d4-07be68e97bdc:172.17.0.2:34597], old=null
2020-06-22 07:28:49,522 [pool-51-thread-1] INFO  impl.RaftServerImpl (RaftServerImpl.java:setRole(175)) - 79d7a2ac-2bd1-4dcc-b3d1-df6960632dcc@group-FD22877D1342: changes role from      null to FOLLOWER at term 0 for startAsFollower
2020-06-22 07:28:49,526 [pool-67-thread-1] INFO  util.JmxRegister (JmxRegister.java:tryRegister(44)) - Successfully registered JMX Bean with object name Ratis:service=RaftServer,group=group-28C06E92D654,id=d7e95017-963d-4829-bf66-d43f2a9bf37c
2020-06-22 07:28:49,526 [pool-67-thread-1] INFO  metrics.RatisMetrics (RatisMetrics.java:lambda$create$0(36)) - Creating Metrics Registry : ratis.state_machine.d7e95017-963d-4829-bf66-d43f2a9bf37c@group-28C06E92D654
2020-06-22 07:28:49,536 [pool-51-thread-1] INFO  impl.RoleInfo (RoleInfo.java:updateAndGet(143)) - 79d7a2ac-2bd1-4dcc-b3d1-df6960632dcc: start FollowerState
2020-06-22 07:28:49,536 [Command processor thread] INFO  commandhandler.CreatePipelineCommandHandler (CreatePipelineCommandHandler.java:handle(109)) - Created Pipeline RATIS ONE #id: "de1a205b-7c60-4d5b-9b77-28c06e92d654"
.
2020-06-22 07:28:49,537 [pool-51-thread-1] INFO  util.JmxRegister (JmxRegister.java:tryRegister(44)) - Successfully registered JMX Bean with object name Ratis:service=RaftServer,group=group-FD22877D1342,id=79d7a2ac-2bd1-4dcc-b3d1-df6960632dcc
2020-06-22 07:28:49,537 [pool-51-thread-1] INFO  metrics.RatisMetrics (RatisMetrics.java:lambda$create$0(36)) - Creating Metrics Registry : ratis.state_machine.79d7a2ac-2bd1-4dcc-b3d1-df6960632dcc@group-FD22877D1342
2020-06-22 07:28:49,537 [Command processor thread] INFO  impl.RaftServerProxy (RaftServerProxy.java:addNew(89)) - d7e95017-963d-4829-bf66-d43f2a9bf37c: addNew group-FD22877D1342:[79d7a2ac-2bd1-4dcc-b3d1-df6960632dcc:172.17.0.2:37391, d7e95017-963d-4829-bf66-d43f2a9bf37c:172.17.0.2:33449, 234d89f1-45c8-43c8-b2d4-07be68e97bdc:172.17.0.2:34597] returns group-FD22877D1342:java.util.concurrent.CompletableFuture@382e5727[Not completed]
2020-06-22 07:28:49,538 [pool-67-thread-1] INFO  impl.RaftServerImpl (RaftServerImpl.java:<init>(99)) - d7e95017-963d-4829-bf66-d43f2a9bf37c: new RaftServerImpl for group-FD22877D1342:[79d7a2ac-2bd1-4dcc-b3d1-df6960632dcc:172.17.0.2:37391, d7e95017-963d-4829-bf66-d43f2a9bf37c:172.17.0.2:33449, 234d89f1-45c8-43c8-b2d4-07be68e97bdc:172.17.0.2:34597] with ContainerStateMachine:uninitialized
2020-06-22 07:28:49,538 [pool-67-thread-1] INFO  server.RaftServerConfigKeys (ConfUtils.java:logGet(44)) - raft.server.rpc.timeout.min = 5s (custom)
2020-06-22 07:28:49,539 [pool-67-thread-1] INFO  server.RaftServerConfigKeys (ConfUtils.java:logGet(44)) - raft.server.rpc.timeout.max = 5200ms (custom)
2020-06-22 07:28:49,539 [pool-67-thread-1] INFO  server.RaftServerConfigKeys (ConfUtils.java:logGet(44)) - raft.server.rpcslowness.timeout = 1000s (custom)
2020-06-22 07:28:49,539 [pool-67-thread-1] INFO  server.RaftServerConfigKeys (ConfUtils.java:logGet(44)) - raft.server.sleep.deviation.threshold = 300 (default)
2020-06-22 07:28:49,539 [pool-67-thread-1] INFO  server.RaftServerConfigKeys (ConfUtils.java:logGet(44)) - raft.server.log.appender.install.snapshot.enabled = false (custom)
2020-06-22 07:28:49,539 [pool-67-thread-1] INFO  impl.RaftServerImpl (ServerState.java:<init>(103)) - d7e95017-963d-4829-bf66-d43f2a9bf37c@group-FD22877D1342: ConfigurationManager, init=-1: [79d7a2ac-2bd1-4dcc-b3d1-df6960632dcc:172.17.0.2:37391, d7e95017-963d-4829-bf66-d43f2a9bf37c:172.17.0.2:33449, 234d89f1-45c8-43c8-b2d4-07be68e97bdc:172.17.0.2:34597], old=null, confs=<EMPTY_MAP>
2020-06-22 07:28:49,539 [pool-67-thread-1] INFO  server.RaftServerConfigKeys (ConfUtils.java:logGet(44)) - raft.server.storage.dir = [/github/workspace/mnt/ozone/hadoop-ozone/integration-test/target/test-dir/MiniOzoneClusterImpl-99a7d3e3-4c3d-4292-8be6-fbb027d3ba95/datanode-2/data/ratis] (custom)
2020-06-22 07:28:49,539 [pool-67-thread-1] INFO  server.RaftServerConfigKeys (ConfUtils.java:logGet(44)) - raft.server.log.corruption.policy = EXCEPTION (default)
2020-06-22 07:28:49,539 [pool-67-thread-1] INFO  storage.RaftStorageDirectory (RaftStorageDirectory.java:analyzeStorage(261)) - The storage directory /github/workspace/mnt/ozone/hadoop-ozone/integration-test/target/test-dir/MiniOzoneClusterImpl-99a7d3e3-4c3d-4292-8be6-fbb027d3ba95/datanode-2/data/ratis/40f832a4-8471-4fb6-a8a6-fd22877d1342 does not exist. Creating ...
2020-06-22 07:28:49,543 [pool-67-thread-1] INFO  storage.RaftStorageDirectory (RaftStorageDirectory.java:tryLock(343)) - Lock on /github/workspace/mnt/ozone/hadoop-ozone/integration-test/target/test-dir/MiniOzoneClusterImpl-99a7d3e3-4c3d-4292-8be6-fbb027d3ba95/datanode-2/data/ratis/40f832a4-8471-4fb6-a8a6-fd22877d1342/in_use.lock acquired by nodename 43144@777bc8194f3e
2020-06-22 07:28:49,551 [pool-67-thread-1] INFO  storage.RaftStorage (RaftStorage.java:format(84)) - Storage directory /github/workspace/mnt/ozone/hadoop-ozone/integration-test/target/test-dir/MiniOzoneClusterImpl-99a7d3e3-4c3d-4292-8be6-fbb027d3ba95/datanode-2/data/ratis/40f832a4-8471-4fb6-a8a6-fd22877d1342 has been successfully formatted.
2020-06-22 07:28:49,551 [pool-67-thread-1] INFO  ratis.ContainerStateMachine (ContainerStateMachine.java:loadSnapshot(226)) - group-FD22877D1342: The snapshot info is null. Setting the last applied indexto:(t:0, i:~)
2020-06-22 07:28:49,551 [pool-67-thread-1] INFO  server.RaftServerConfigKeys (ConfUtils.java:logGet(44)) - raft.server.notification.no-leader.timeout = 60s (default)
2020-06-22 07:28:49,552 [pool-67-thread-1] INFO  server.RaftServerConfigKeys (ConfUtils.java:logGet(44)) - raft.server.log.use.memory = false (default)
2020-06-22 07:28:49,552 [pool-67-thread-1] INFO  server.RaftServerConfigKeys (ConfUtils.java:logGet(44)) - raft.server.log.purge.gap = 1000000 (custom)
2020-06-22 07:28:49,552 [pool-67-thread-1] INFO  server.RaftServerConfigKeys (ConfUtils.java:logGet(44)) - raft.server.log.appender.buffer.byte-limit = 33554432 (custom)
2020-06-22 07:28:49,552 [pool-67-thread-1] INFO  server.RaftServerConfigKeys (ConfUtils.java:logGet(44)) - raft.server.log.segment.size.max = 1048576 (custom)
2020-06-22 07:28:49,552 [pool-67-thread-1] INFO  metrics.RatisMetrics (RatisMetrics.java:lambda$create$0(36)) - Creating Metrics Registry : ratis.log_worker.d7e95017-963d-4829-bf66-d43f2a9bf37c@group-FD22877D1342
2020-06-22 07:28:49,552 [pool-67-thread-1] INFO  server.RaftServerConfigKeys (ConfUtils.java:logGet(44)) - raft.server.log.segment.cache.num.max = 2 (custom)
2020-06-22 07:28:49,553 [pool-67-thread-1] INFO  segmented.SegmentedRaftLogWorker (SegmentedRaftLogWorker.java:<init>(180)) - new d7e95017-963d-4829-bf66-d43f2a9bf37c@group-FD22877D1342-SegmentedRaftLogWorker for RaftStorage:Storage Directory /github/workspace/mnt/ozone/hadoop-ozone/integration-test/target/test-dir/MiniOzoneClusterImpl-99a7d3e3-4c3d-4292-8be6-fbb027d3ba95/datanode-2/data/ratis/40f832a4-8471-4fb6-a8a6-fd22877d1342
2020-06-22 07:28:49,553 [pool-67-thread-1] INFO  server.RaftServerConfigKeys (ConfUtils.java:logGet(44)) - raft.server.log.queue.byte-limit = 2147483647 (custom)
2020-06-22 07:28:49,553 [pool-67-thread-1] INFO  server.RaftServerConfigKeys (ConfUtils.java:logGet(44)) - raft.server.log.queue.element-limit = 1024 (custom)
2020-06-22 07:28:49,553 [pool-67-thread-1] INFO  server.RaftServerConfigKeys (ConfUtils.java:logGet(44)) - raft.server.log.segment.size.max = 1048576 (custom)
2020-06-22 07:28:49,553 [pool-67-thread-1] INFO  server.RaftServerConfigKeys (ConfUtils.java:logGet(44)) - raft.server.log.preallocated.size = 16384 (custom)
2020-06-22 07:28:49,553 [pool-67-thread-1] INFO  server.RaftServerConfigKeys (ConfUtils.java:logGet(44)) - raft.server.log.write.buffer.size = 1048576 (custom)
2020-06-22 07:28:49,553 [pool-67-thread-1] INFO  server.RaftServerConfigKeys (ConfUtils.java:logGet(44)) - raft.server.log.force.sync.num = 128 (default)
2020-06-22 07:28:49,553 [pool-67-thread-1] INFO  server.RaftServerConfigKeys (ConfUtils.java:logGet(44)) - raft.server.log.statemachine.data.sync = true (default)
2020-06-22 07:28:49,554 [pool-67-thread-1] INFO  server.RaftServerConfigKeys (ConfUtils.java:logGet(44)) - raft.server.log.statemachine.data.sync.timeout = 10s (default)
2020-06-22 07:28:49,554 [pool-67-thread-1] INFO  server.RaftServerConfigKeys (ConfUtils.java:logGet(44)) - raft.server.log.statemachine.data.sync.timeout.retry = -1 (default)
2020-06-22 07:28:49,555 [pool-67-thread-1] INFO  server.RaftServerConfigKeys (ConfUtils.java:logGet(44)) - raft.server.log.statemachine.data.caching.enabled = true (custom)
2020-06-22 07:28:49,564 [pool-67-thread-1] INFO  segmented.SegmentedRaftLogWorker (SegmentedRaftLogWorker.java:lambda$new$0(129)) - d7e95017-963d-4829-bf66-d43f2a9bf37c@group-FD22877D1342-SegmentedRaftLogWorker: flushIndex: setUnconditionally 0 -> -1
2020-06-22 07:28:49,564 [pool-67-thread-1] INFO  segmented.SegmentedRaftLogWorker (SegmentedRaftLogWorker.java:lambda$new$0(129)) - d7e95017-963d-4829-bf66-d43f2a9bf37c@group-FD22877D1342-SegmentedRaftLogWorker: safeCacheEvictIndex: setUnconditionally 0 -> -1
2020-06-22 07:28:49,576 [pool-67-thread-1] INFO  server.RaftServerConfigKeys (ConfUtils.java:logGet(44)) - raft.server.snapshot.auto.trigger.enabled = true (custom)
2020-06-22 07:28:49,577 [pool-67-thread-1] INFO  server.RaftServerConfigKeys (ConfUtils.java:logGet(44)) - raft.server.snapshot.auto.trigger.threshold = 10000 (custom)
2020-06-22 07:28:49,577 [pool-67-thread-1] INFO  server.RaftServerConfigKeys (ConfUtils.java:logGet(44)) - raft.server.snapshot.retention.file.num = 5 (custom)
2020-06-22 07:28:49,577 [pool-67-thread-1] INFO  server.RaftServerConfigKeys (ConfUtils.java:logGet(44)) - raft.server.log.purge.upto.snapshot.index = false (default)
2020-06-22 07:28:49,577 [pool-67-thread-1] INFO  server.RaftServerConfigKeys (ConfUtils.java:logGet(44)) - raft.server.retrycache.expirytime = 600000ms (custom)
2020-06-22 07:28:49,577 [pool-67-thread-1] INFO  metrics.RatisMetrics (RatisMetrics.java:lambda$create$0(36)) - Creating Metrics Registry : ratis.leader_election.d7e95017-963d-4829-bf66-d43f2a9bf37c@group-FD22877D1342
2020-06-22 07:28:49,578 [pool-67-thread-1] INFO  metrics.RatisMetrics (RatisMetrics.java:lambda$create$0(36)) - Creating Metrics Registry : ratis.server.d7e95017-963d-4829-bf66-d43f2a9bf37c@group-FD22877D1342
2020-06-22 07:28:49,578 [pool-67-thread-1] INFO  impl.RaftServerImpl (RaftServerImpl.java:start(186)) - d7e95017-963d-4829-bf66-d43f2a9bf37c@group-FD22877D1342: start as a follower, conf=-1: [79d7a2ac-2bd1-4dcc-b3d1-df6960632dcc:172.17.0.2:37391, d7e95017-963d-4829-bf66-d43f2a9bf37c:172.17.0.2:33449, 234d89f1-45c8-43c8-b2d4-07be68e97bdc:172.17.0.2:34597], old=null
2020-06-22 07:28:49,579 [pool-67-thread-1] INFO  impl.RaftServerImpl (RaftServerImpl.java:setRole(175)) - d7e95017-963d-4829-bf66-d43f2a9bf37c@group-FD22877D1342: changes role from      null to FOLLOWER at term 0 for startAsFollower
2020-06-22 07:28:49,579 [pool-67-thread-1] INFO  impl.RoleInfo (RoleInfo.java:updateAndGet(143)) - d7e95017-963d-4829-bf66-d43f2a9bf37c: start FollowerState
2020-06-22 07:28:49,584 [pool-67-thread-1] INFO  util.JmxRegister (JmxRegister.java:tryRegister(44)) - Successfully registered JMX Bean with object name Ratis:service=RaftServer,group=group-FD22877D1342,id=d7e95017-963d-4829-bf66-d43f2a9bf37c
2020-06-22 07:28:49,584 [pool-67-thread-1] INFO  metrics.RatisMetrics (RatisMetrics.java:lambda$create$0(36)) - Creating Metrics Registry : ratis.state_machine.d7e95017-963d-4829-bf66-d43f2a9bf37c@group-FD22877D1342
2020-06-22 07:28:50,097 [Command processor thread] INFO  commandhandler.CreatePipelineCommandHandler (CreatePipelineCommandHandler.java:handle(109)) - Created Pipeline RATIS THREE #id: "40f832a4-8471-4fb6-a8a6-fd22877d1342"
.
2020-06-22 07:28:50,102 [Command processor thread] INFO  commandhandler.CreatePipelineCommandHandler (CreatePipelineCommandHandler.java:handle(109)) - Created Pipeline RATIS THREE #id: "40f832a4-8471-4fb6-a8a6-fd22877d1342"
.
2020-06-22 07:28:50,105 [Command processor thread] INFO  commandhandler.CreatePipelineCommandHandler (CreatePipelineCommandHandler.java:handle(109)) - Created Pipeline RATIS THREE #id: "40f832a4-8471-4fb6-a8a6-fd22877d1342"
.
2020-06-22 07:28:50,402 [Listener at 127.0.0.1/34747] INFO  ozone.MiniOzoneClusterImpl (MiniOzoneClusterImpl.java:lambda$waitForClusterToBeReady$0(177)) - Nodes are ready. Got 3 of 3 DN Heartbeats.
2020-06-22 07:28:50,402 [Listener at 127.0.0.1/34747] INFO  ozone.MiniOzoneClusterImpl (MiniOzoneClusterImpl.java:lambda$waitForClusterToBeReady$0(180)) - Waiting for cluster to exit safe mode
2020-06-22 07:28:51,402 [Listener at 127.0.0.1/34747] INFO  ozone.MiniOzoneClusterImpl (MiniOzoneClusterImpl.java:lambda$waitForClusterToBeReady$0(177)) - Nodes are ready. Got 3 of 3 DN Heartbeats.
2020-06-22 07:28:51,403 [Listener at 127.0.0.1/34747] INFO  ozone.MiniOzoneClusterImpl (MiniOzoneClusterImpl.java:lambda$waitForClusterToBeReady$0(180)) - Waiting for cluster to exit safe mode
2020-06-22 07:28:52,403 [Listener at 127.0.0.1/34747] INFO  ozone.MiniOzoneClusterImpl (MiniOzoneClusterImpl.java:lambda$waitForClusterToBeReady$0(177)) - Nodes are ready. Got 3 of 3 DN Heartbeats.
2020-06-22 07:28:52,403 [Listener at 127.0.0.1/34747] INFO  ozone.MiniOzoneClusterImpl (MiniOzoneClusterImpl.java:lambda$waitForClusterToBeReady$0(180)) - Waiting for cluster to exit safe mode
2020-06-22 07:28:53,404 [Listener at 127.0.0.1/34747] INFO  ozone.MiniOzoneClusterImpl (MiniOzoneClusterImpl.java:lambda$waitForClusterToBeReady$0(177)) - Nodes are ready. Got 3 of 3 DN Heartbeats.
2020-06-22 07:28:53,404 [Listener at 127.0.0.1/34747] INFO  ozone.MiniOzoneClusterImpl (MiniOzoneClusterImpl.java:lambda$waitForClusterToBeReady$0(180)) - Waiting for cluster to exit safe mode
2020-06-22 07:28:54,404 [Listener at 127.0.0.1/34747] INFO  ozone.MiniOzoneClusterImpl (MiniOzoneClusterImpl.java:lambda$waitForClusterToBeReady$0(177)) - Nodes are ready. Got 3 of 3 DN Heartbeats.
2020-06-22 07:28:54,404 [Listener at 127.0.0.1/34747] INFO  ozone.MiniOzoneClusterImpl (MiniOzoneClusterImpl.java:lambda$waitForClusterToBeReady$0(180)) - Waiting for cluster to exit safe mode
2020-06-22 07:28:54,494 [Thread-190] INFO  impl.FollowerState (FollowerState.java:run(108)) - 234d89f1-45c8-43c8-b2d4-07be68e97bdc@group-A37702D73740-FollowerState: change to CANDIDATE, lastRpcTime:5159ms, electionTimeout:5158ms
2020-06-22 07:28:54,495 [Thread-190] INFO  impl.RoleInfo (RoleInfo.java:shutdownFollowerState(121)) - 234d89f1-45c8-43c8-b2d4-07be68e97bdc: shutdown FollowerState
2020-06-22 07:28:54,495 [Thread-190] INFO  impl.RaftServerImpl (RaftServerImpl.java:setRole(175)) - 234d89f1-45c8-43c8-b2d4-07be68e97bdc@group-A37702D73740: changes role from  FOLLOWER to CANDIDATE at term 0 for changeToCandidate
2020-06-22 07:28:54,497 [Thread-190] INFO  impl.RoleInfo (RoleInfo.java:updateAndGet(143)) - 234d89f1-45c8-43c8-b2d4-07be68e97bdc: start LeaderElection
2020-06-22 07:28:54,500 [234d89f1-45c8-43c8-b2d4-07be68e97bdc@group-A37702D73740-LeaderElection1] INFO  impl.LeaderElection (LeaderElection.java:askForVotes(206)) - 234d89f1-45c8-43c8-b2d4-07be68e97bdc@group-A37702D73740-LeaderElection1: begin an election at term 1 for -1: [234d89f1-45c8-43c8-b2d4-07be68e97bdc:172.17.0.2:34597], old=null
2020-06-22 07:28:54,501 [234d89f1-45c8-43c8-b2d4-07be68e97bdc@group-A37702D73740-LeaderElection1] INFO  impl.RoleInfo (RoleInfo.java:shutdownLeaderElection(134)) - 234d89f1-45c8-43c8-b2d4-07be68e97bdc: shutdown LeaderElection
2020-06-22 07:28:54,502 [234d89f1-45c8-43c8-b2d4-07be68e97bdc@group-A37702D73740-LeaderElection1] INFO  impl.RaftServerImpl (RaftServerImpl.java:setRole(175)) - 234d89f1-45c8-43c8-b2d4-07be68e97bdc@group-A37702D73740: changes role from CANDIDATE to LEADER at term 1 for changeToLeader
2020-06-22 07:28:54,502 [234d89f1-45c8-43c8-b2d4-07be68e97bdc@group-A37702D73740-LeaderElection1] INFO  ratis.XceiverServerRatis (XceiverServerRatis.java:handleLeaderChangedNotification(762)) - Leader change notification received for group: group-A37702D73740 with new leaderId: 234d89f1-45c8-43c8-b2d4-07be68e97bdc
2020-06-22 07:28:54,502 [234d89f1-45c8-43c8-b2d4-07be68e97bdc@group-A37702D73740-LeaderElection1] INFO  impl.RaftServerImpl (ServerState.java:setLeader(255)) - 234d89f1-45c8-43c8-b2d4-07be68e97bdc@group-A37702D73740: change Leader from null to 234d89f1-45c8-43c8-b2d4-07be68e97bdc at term 1 for becomeLeader, leader elected after 5272ms
2020-06-22 07:28:54,507 [234d89f1-45c8-43c8-b2d4-07be68e97bdc@group-A37702D73740-LeaderElection1] INFO  server.RaftServerConfigKeys (ConfUtils.java:logGet(44)) - raft.server.staging.catchup.gap = 1000 (default)
2020-06-22 07:28:54,507 [234d89f1-45c8-43c8-b2d4-07be68e97bdc@group-A37702D73740-LeaderElection1] INFO  server.RaftServerConfigKeys (ConfUtils.java:logGet(44)) - raft.server.rpc.sleep.time = 25ms (default)
2020-06-22 07:28:54,509 [234d89f1-45c8-43c8-b2d4-07be68e97bdc@group-A37702D73740-LeaderElection1] INFO  metrics.RatisMetrics (RatisMetrics.java:lambda$create$0(36)) - Creating Metrics Registry : ratis.log_appender.234d89f1-45c8-43c8-b2d4-07be68e97bdc@group-A37702D73740
2020-06-22 07:28:54,510 [234d89f1-45c8-43c8-b2d4-07be68e97bdc@group-A37702D73740-LeaderElection1] INFO  server.RaftServerConfigKeys (ConfUtils.java:logGet(44)) - raft.server.write.element-limit = 1024 (custom)
2020-06-22 07:28:54,510 [234d89f1-45c8-43c8-b2d4-07be68e97bdc@group-A37702D73740-LeaderElection1] INFO  server.RaftServerConfigKeys (ConfUtils.java:logGet(44)) - raft.server.write.byte-limit = 1073741824 (custom)
2020-06-22 07:28:54,515 [234d89f1-45c8-43c8-b2d4-07be68e97bdc@group-A37702D73740-LeaderElection1] INFO  server.RaftServerConfigKeys (ConfUtils.java:logGet(44)) - raft.server.watch.timeout = 3s (custom)
2020-06-22 07:28:54,516 [234d89f1-45c8-43c8-b2d4-07be68e97bdc@group-A37702D73740-LeaderElection1] INFO  server.RaftServerConfigKeys (ConfUtils.java:logGet(44)) - raft.server.watch.timeout.denomination = 1s (default)
2020-06-22 07:28:54,516 [234d89f1-45c8-43c8-b2d4-07be68e97bdc@group-A37702D73740-LeaderElection1] INFO  server.RaftServerConfigKeys (ConfUtils.java:logGet(44)) - raft.server.watch.element-limit = 65536 (default)
2020-06-22 07:28:54,523 [234d89f1-45c8-43c8-b2d4-07be68e97bdc@group-A37702D73740-LeaderElection1] INFO  impl.RoleInfo (RoleInfo.java:updateAndGet(143)) - 234d89f1-45c8-43c8-b2d4-07be68e97bdc: start LeaderState
2020-06-22 07:28:54,541 [234d89f1-45c8-43c8-b2d4-07be68e97bdc@group-A37702D73740-LeaderElection1] INFO  segmented.SegmentedRaftLogWorker (SegmentedRaftLogWorker.java:startLogSegment(397)) - 234d89f1-45c8-43c8-b2d4-07be68e97bdc@group-A37702D73740-SegmentedRaftLogWorker: Starting segment from index:0
2020-06-22 07:28:54,558 [Thread-194] INFO  impl.FollowerState (FollowerState.java:run(108)) - 234d89f1-45c8-43c8-b2d4-07be68e97bdc@group-FD22877D1342-FollowerState: change to CANDIDATE, lastRpcTime:5175ms, electionTimeout:5174ms
2020-06-22 07:28:54,565 [Thread-194] INFO  impl.RoleInfo (RoleInfo.java:shutdownFollowerState(121)) - 234d89f1-45c8-43c8-b2d4-07be68e97bdc: shutdown FollowerState
2020-06-22 07:28:54,565 [Thread-194] INFO  impl.RaftServerImpl (RaftServerImpl.java:setRole(175)) - 234d89f1-45c8-43c8-b2d4-07be68e97bdc@group-FD22877D1342: changes role from  FOLLOWER to CANDIDATE at term 0 for changeToCandidate
2020-06-22 07:28:54,565 [Thread-194] INFO  impl.RoleInfo (RoleInfo.java:updateAndGet(143)) - 234d89f1-45c8-43c8-b2d4-07be68e97bdc: start LeaderElection
2020-06-22 07:28:54,572 [234d89f1-45c8-43c8-b2d4-07be68e97bdc@group-A37702D73740-LeaderElection1] INFO  impl.RaftServerImpl (ServerState.java:setRaftConf(356)) - 234d89f1-45c8-43c8-b2d4-07be68e97bdc@group-A37702D73740: set configuration 0: [234d89f1-45c8-43c8-b2d4-07be68e97bdc:172.17.0.2:34597], old=null at 0
2020-06-22 07:28:54,582 [Thread-196] INFO  impl.FollowerState (FollowerState.java:run(108)) - 79d7a2ac-2bd1-4dcc-b3d1-df6960632dcc@group-D2EA3144297B-FollowerState: change to CANDIDATE, lastRpcTime:5163ms, electionTimeout:5141ms
2020-06-22 07:28:54,583 [Thread-196] INFO  impl.RoleInfo (RoleInfo.java:shutdownFollowerState(121)) - 79d7a2ac-2bd1-4dcc-b3d1-df6960632dcc: shutdown FollowerState
2020-06-22 07:28:54,583 [Thread-196] INFO  impl.RaftServerImpl (RaftServerImpl.java:setRole(175)) - 79d7a2ac-2bd1-4dcc-b3d1-df6960632dcc@group-D2EA3144297B: changes role from  FOLLOWER to CANDIDATE at term 0 for changeToCandidate
2020-06-22 07:28:54,583 [Thread-196] INFO  impl.RoleInfo (RoleInfo.java:updateAndGet(143)) - 79d7a2ac-2bd1-4dcc-b3d1-df6960632dcc: start LeaderElection
2020-06-22 07:28:54,591 [234d89f1-45c8-43c8-b2d4-07be68e97bdc@group-FD22877D1342-LeaderElection2] INFO  impl.LeaderElection (LeaderElection.java:askForVotes(206)) - 234d89f1-45c8-43c8-b2d4-07be68e97bdc@group-FD22877D1342-LeaderElection2: begin an election at term 1 for -1: [79d7a2ac-2bd1-4dcc-b3d1-df6960632dcc:172.17.0.2:37391, d7e95017-963d-4829-bf66-d43f2a9bf37c:172.17.0.2:33449, 234d89f1-45c8-43c8-b2d4-07be68e97bdc:172.17.0.2:34597], old=null
2020-06-22 07:28:54,600 [79d7a2ac-2bd1-4dcc-b3d1-df6960632dcc@group-D2EA3144297B-LeaderElection3] INFO  impl.LeaderElection (LeaderElection.java:askForVotes(206)) - 79d7a2ac-2bd1-4dcc-b3d1-df6960632dcc@group-D2EA3144297B-LeaderElection3: begin an election at term 1 for -1: [79d7a2ac-2bd1-4dcc-b3d1-df6960632dcc:172.17.0.2:37391], old=null
2020-06-22 07:28:54,600 [79d7a2ac-2bd1-4dcc-b3d1-df6960632dcc@group-D2EA3144297B-LeaderElection3] INFO  impl.RoleInfo (RoleInfo.java:shutdownLeaderElection(134)) - 79d7a2ac-2bd1-4dcc-b3d1-df6960632dcc: shutdown LeaderElection
2020-06-22 07:28:54,601 [79d7a2ac-2bd1-4dcc-b3d1-df6960632dcc@group-D2EA3144297B-LeaderElection3] INFO  impl.RaftServerImpl (RaftServerImpl.java:setRole(175)) - 79d7a2ac-2bd1-4dcc-b3d1-df6960632dcc@group-D2EA3144297B: changes role from CANDIDATE to LEADER at term 1 for changeToLeader
2020-06-22 07:28:54,601 [79d7a2ac-2bd1-4dcc-b3d1-df6960632dcc@group-D2EA3144297B-LeaderElection3] INFO  ratis.XceiverServerRatis (XceiverServerRatis.java:handleLeaderChangedNotification(762)) - Leader change notification received for group: group-D2EA3144297B with new leaderId: 79d7a2ac-2bd1-4dcc-b3d1-df6960632dcc
2020-06-22 07:28:54,604 [79d7a2ac-2bd1-4dcc-b3d1-df6960632dcc@group-D2EA3144297B-LeaderElection3] INFO  impl.RaftServerImpl (ServerState.java:setLeader(255)) - 79d7a2ac-2bd1-4dcc-b3d1-df6960632dcc@group-D2EA3144297B: change Leader from null to 79d7a2ac-2bd1-4dcc-b3d1-df6960632dcc at term 1 for becomeLeader, leader elected after 5199ms
2020-06-22 07:28:54,605 [79d7a2ac-2bd1-4dcc-b3d1-df6960632dcc@group-D2EA3144297B-LeaderElection3] INFO  server.RaftServerConfigKeys (ConfUtils.java:logGet(44)) - raft.server.staging.catchup.gap = 1000 (default)
2020-06-22 07:28:54,605 [79d7a2ac-2bd1-4dcc-b3d1-df6960632dcc@group-D2EA3144297B-LeaderElection3] INFO  server.RaftServerConfigKeys (ConfUtils.java:logGet(44)) - raft.server.rpc.sleep.time = 25ms (default)
2020-06-22 07:28:54,605 [79d7a2ac-2bd1-4dcc-b3d1-df6960632dcc@group-D2EA3144297B-LeaderElection3] INFO  metrics.RatisMetrics (RatisMetrics.java:lambda$create$0(36)) - Creating Metrics Registry : ratis.log_appender.79d7a2ac-2bd1-4dcc-b3d1-df6960632dcc@group-D2EA3144297B
2020-06-22 07:28:54,605 [79d7a2ac-2bd1-4dcc-b3d1-df6960632dcc@group-D2EA3144297B-LeaderElection3] INFO  server.RaftServerConfigKeys (ConfUtils.java:logGet(44)) - raft.server.write.element-limit = 1024 (custom)
2020-06-22 07:28:54,605 [79d7a2ac-2bd1-4dcc-b3d1-df6960632dcc@group-D2EA3144297B-LeaderElection3] INFO  server.RaftServerConfigKeys (ConfUtils.java:logGet(44)) - raft.server.write.byte-limit = 1073741824 (custom)
2020-06-22 07:28:54,606 [79d7a2ac-2bd1-4dcc-b3d1-df6960632dcc@group-D2EA3144297B-LeaderElection3] INFO  server.RaftServerConfigKeys (ConfUtils.java:logGet(44)) - raft.server.watch.timeout = 3s (custom)
2020-06-22 07:28:54,607 [79d7a2ac-2bd1-4dcc-b3d1-df6960632dcc@group-D2EA3144297B-LeaderElection3] INFO  server.RaftServerConfigKeys (ConfUtils.java:logGet(44)) - raft.server.watch.timeout.denomination = 1s (default)
2020-06-22 07:28:54,607 [79d7a2ac-2bd1-4dcc-b3d1-df6960632dcc@group-D2EA3144297B-LeaderElection3] INFO  server.RaftServerConfigKeys (ConfUtils.java:logGet(44)) - raft.server.watch.element-limit = 65536 (default)
2020-06-22 07:28:54,607 [79d7a2ac-2bd1-4dcc-b3d1-df6960632dcc@group-D2EA3144297B-LeaderElection3] INFO  impl.RoleInfo (RoleInfo.java:updateAndGet(143)) - 79d7a2ac-2bd1-4dcc-b3d1-df6960632dcc: start LeaderState
2020-06-22 07:28:54,607 [79d7a2ac-2bd1-4dcc-b3d1-df6960632dcc@group-D2EA3144297B-LeaderElection3] INFO  segmented.SegmentedRaftLogWorker (SegmentedRaftLogWorker.java:startLogSegment(397)) - 79d7a2ac-2bd1-4dcc-b3d1-df6960632dcc@group-D2EA3144297B-SegmentedRaftLogWorker: Starting segment from index:0
2020-06-22 07:28:54,610 [79d7a2ac-2bd1-4dcc-b3d1-df6960632dcc@group-D2EA3144297B-LeaderElection3] INFO  impl.RaftServerImpl (ServerState.java:setRaftConf(356)) - 79d7a2ac-2bd1-4dcc-b3d1-df6960632dcc@group-D2EA3144297B: set configuration 0: [79d7a2ac-2bd1-4dcc-b3d1-df6960632dcc:172.17.0.2:37391], old=null at 0
2020-06-22 07:28:54,636 [Thread-200] INFO  impl.FollowerState (FollowerState.java:run(108)) - d7e95017-963d-4829-bf66-d43f2a9bf37c@group-28C06E92D654-FollowerState: change to CANDIDATE, lastRpcTime:5116ms, electionTimeout:5108ms
2020-06-22 07:28:54,636 [Thread-200] INFO  impl.RoleInfo (RoleInfo.java:shutdownFollowerState(121)) - d7e95017-963d-4829-bf66-d43f2a9bf37c: shutdown FollowerState
2020-06-22 07:28:54,636 [Thread-200] INFO  impl.RaftServerImpl (RaftServerImpl.java:setRole(175)) - d7e95017-963d-4829-bf66-d43f2a9bf37c@group-28C06E92D654: changes role from  FOLLOWER to CANDIDATE at term 0 for changeToCandidate
2020-06-22 07:28:54,636 [Thread-200] INFO  impl.RoleInfo (RoleInfo.java:updateAndGet(143)) - d7e95017-963d-4829-bf66-d43f2a9bf37c: start LeaderElection
2020-06-22 07:28:54,637 [Thread-201] INFO  impl.FollowerState (FollowerState.java:run(108)) - 79d7a2ac-2bd1-4dcc-b3d1-df6960632dcc@group-FD22877D1342-FollowerState: change to CANDIDATE, lastRpcTime:5101ms, electionTimeout:5099ms
2020-06-22 07:28:54,638 [Thread-201] INFO  impl.RoleInfo (RoleInfo.java:shutdownFollowerState(121)) - 79d7a2ac-2bd1-4dcc-b3d1-df6960632dcc: shutdown FollowerState
2020-06-22 07:28:54,638 [Thread-201] INFO  impl.RaftServerImpl (RaftServerImpl.java:setRole(175)) - 79d7a2ac-2bd1-4dcc-b3d1-df6960632dcc@group-FD22877D1342: changes role from  FOLLOWER to CANDIDATE at term 0 for changeToCandidate
2020-06-22 07:28:54,651 [Thread-201] INFO  impl.RoleInfo (RoleInfo.java:updateAndGet(143)) - 79d7a2ac-2bd1-4dcc-b3d1-df6960632dcc: start LeaderElection
2020-06-22 07:28:54,652 [grpc-default-executor-1] INFO  impl.RaftServerImpl (RaftServerImpl.java:setRole(175)) - d7e95017-963d-4829-bf66-d43f2a9bf37c@group-FD22877D1342: changes role from  FOLLOWER to FOLLOWER at term 1 for recognizeCandidate:234d89f1-45c8-43c8-b2d4-07be68e97bdc
2020-06-22 07:28:54,652 [grpc-default-executor-1] INFO  impl.RoleInfo (RoleInfo.java:shutdownFollowerState(121)) - d7e95017-963d-4829-bf66-d43f2a9bf37c: shutdown FollowerState
2020-06-22 07:28:54,656 [grpc-default-executor-1] INFO  impl.RoleInfo (RoleInfo.java:updateAndGet(143)) - d7e95017-963d-4829-bf66-d43f2a9bf37c: start FollowerState
2020-06-22 07:28:54,656 [Thread-203] INFO  impl.FollowerState (FollowerState.java:run(117)) - d7e95017-963d-4829-bf66-d43f2a9bf37c@group-FD22877D1342-FollowerState was interrupted: java.lang.InterruptedException: sleep interrupted
2020-06-22 07:28:54,657 [grpc-default-executor-0] INFO  impl.RaftServerImpl (RaftServerImpl.java:setRole(175)) - 79d7a2ac-2bd1-4dcc-b3d1-df6960632dcc@group-FD22877D1342: changes role from CANDIDATE to FOLLOWER at term 1 for recognizeCandidate:234d89f1-45c8-43c8-b2d4-07be68e97bdc
2020-06-22 07:28:54,657 [grpc-default-executor-0] INFO  impl.RoleInfo (RoleInfo.java:shutdownLeaderElection(134)) - 79d7a2ac-2bd1-4dcc-b3d1-df6960632dcc: shutdown LeaderElection
2020-06-22 07:28:54,657 [grpc-default-executor-0] INFO  impl.RoleInfo (RoleInfo.java:updateAndGet(143)) - 79d7a2ac-2bd1-4dcc-b3d1-df6960632dcc: start FollowerState
2020-06-22 07:28:54,658 [d7e95017-963d-4829-bf66-d43f2a9bf37c@group-28C06E92D654-LeaderElection4] INFO  impl.LeaderElection (LeaderElection.java:askForVotes(206)) - d7e95017-963d-4829-bf66-d43f2a9bf37c@group-28C06E92D654-LeaderElection4: begin an election at term 1 for -1: [d7e95017-963d-4829-bf66-d43f2a9bf37c:172.17.0.2:33449], old=null
2020-06-22 07:28:54,658 [d7e95017-963d-4829-bf66-d43f2a9bf37c@group-28C06E92D654-LeaderElection4] INFO  impl.RoleInfo (RoleInfo.java:shutdownLeaderElection(134)) - d7e95017-963d-4829-bf66-d43f2a9bf37c: shutdown LeaderElection
2020-06-22 07:28:54,663 [d7e95017-963d-4829-bf66-d43f2a9bf37c@group-28C06E92D654-LeaderElection4] INFO  impl.RaftServerImpl (RaftServerImpl.java:setRole(175)) - d7e95017-963d-4829-bf66-d43f2a9bf37c@group-28C06E92D654: changes role from CANDIDATE to LEADER at term 1 for changeToLeader
2020-06-22 07:28:54,663 [d7e95017-963d-4829-bf66-d43f2a9bf37c@group-28C06E92D654-LeaderElection4] INFO  ratis.XceiverServerRatis (XceiverServerRatis.java:handleLeaderChangedNotification(762)) - Leader change notification received for group: group-28C06E92D654 with new leaderId: d7e95017-963d-4829-bf66-d43f2a9bf37c
2020-06-22 07:28:54,663 [d7e95017-963d-4829-bf66-d43f2a9bf37c@group-28C06E92D654-LeaderElection4] INFO  impl.RaftServerImpl (ServerState.java:setLeader(255)) - d7e95017-963d-4829-bf66-d43f2a9bf37c@group-28C06E92D654: change Leader from null to d7e95017-963d-4829-bf66-d43f2a9bf37c at term 1 for becomeLeader, leader elected after 5179ms
2020-06-22 07:28:54,664 [d7e95017-963d-4829-bf66-d43f2a9bf37c@group-28C06E92D654-LeaderElection4] INFO  server.RaftServerConfigKeys (ConfUtils.java:logGet(44)) - raft.server.staging.catchup.gap = 1000 (default)
2020-06-22 07:28:54,664 [d7e95017-963d-4829-bf66-d43f2a9bf37c@group-28C06E92D654-LeaderElection4] INFO  server.RaftServerConfigKeys (ConfUtils.java:logGet(44)) - raft.server.rpc.sleep.time = 25ms (default)
2020-06-22 07:28:54,664 [d7e95017-963d-4829-bf66-d43f2a9bf37c@group-28C06E92D654-LeaderElection4] INFO  metrics.RatisMetrics (RatisMetrics.java:lambda$create$0(36)) - Creating Metrics Registry : ratis.log_appender.d7e95017-963d-4829-bf66-d43f2a9bf37c@group-28C06E92D654
2020-06-22 07:28:54,664 [d7e95017-963d-4829-bf66-d43f2a9bf37c@group-28C06E92D654-LeaderElection4] INFO  server.RaftServerConfigKeys (ConfUtils.java:logGet(44)) - raft.server.write.element-limit = 1024 (custom)
2020-06-22 07:28:54,664 [d7e95017-963d-4829-bf66-d43f2a9bf37c@group-28C06E92D654-LeaderElection4] INFO  server.RaftServerConfigKeys (ConfUtils.java:logGet(44)) - raft.server.write.byte-limit = 1073741824 (custom)
2020-06-22 07:28:54,665 [d7e95017-963d-4829-bf66-d43f2a9bf37c@group-28C06E92D654-LeaderElection4] INFO  server.RaftServerConfigKeys (ConfUtils.java:logGet(44)) - raft.server.watch.timeout = 3s (custom)
2020-06-22 07:28:54,665 [d7e95017-963d-4829-bf66-d43f2a9bf37c@group-28C06E92D654-LeaderElection4] INFO  server.RaftServerConfigKeys (ConfUtils.java:logGet(44)) - raft.server.watch.timeout.denomination = 1s (default)
2020-06-22 07:28:54,665 [d7e95017-963d-4829-bf66-d43f2a9bf37c@group-28C06E92D654-LeaderElection4] INFO  server.RaftServerConfigKeys (ConfUtils.java:logGet(44)) - raft.server.watch.element-limit = 65536 (default)
2020-06-22 07:28:54,665 [d7e95017-963d-4829-bf66-d43f2a9bf37c@group-28C06E92D654-LeaderElection4] INFO  impl.RoleInfo (RoleInfo.java:updateAndGet(143)) - d7e95017-963d-4829-bf66-d43f2a9bf37c: start LeaderState
2020-06-22 07:28:54,665 [d7e95017-963d-4829-bf66-d43f2a9bf37c@group-28C06E92D654-LeaderElection4] INFO  segmented.SegmentedRaftLogWorker (SegmentedRaftLogWorker.java:startLogSegment(397)) - d7e95017-963d-4829-bf66-d43f2a9bf37c@group-28C06E92D654-SegmentedRaftLogWorker: Starting segment from index:0
2020-06-22 07:28:54,674 [79d7a2ac-2bd1-4dcc-b3d1-df6960632dcc@group-FD22877D1342-LeaderElection5] INFO  impl.LeaderElection (LeaderElection.java:askForVotes(206)) - 79d7a2ac-2bd1-4dcc-b3d1-df6960632dcc@group-FD22877D1342-LeaderElection5: begin an election at term 2 for -1: [79d7a2ac-2bd1-4dcc-b3d1-df6960632dcc:172.17.0.2:37391, d7e95017-963d-4829-bf66-d43f2a9bf37c:172.17.0.2:33449, 234d89f1-45c8-43c8-b2d4-07be68e97bdc:172.17.0.2:34597], old=null
2020-06-22 07:28:54,679 [d7e95017-963d-4829-bf66-d43f2a9bf37c@group-28C06E92D654-LeaderElection4] INFO  impl.RaftServerImpl (ServerState.java:setRaftConf(356)) - d7e95017-963d-4829-bf66-d43f2a9bf37c@group-28C06E92D654: set configuration 0: [d7e95017-963d-4829-bf66-d43f2a9bf37c:172.17.0.2:33449], old=null at 0
2020-06-22 07:28:54,686 [79d7a2ac-2bd1-4dcc-b3d1-df6960632dcc@group-FD22877D1342-LeaderElection5] INFO  impl.LeaderElection (LeaderElection.java:logAndReturn(61)) - 79d7a2ac-2bd1-4dcc-b3d1-df6960632dcc@group-FD22877D1342-LeaderElection5: Election REJECTED; received 0 response(s) [] and 0 exception(s); 79d7a2ac-2bd1-4dcc-b3d1-df6960632dcc@group-FD22877D1342:t2, leader=null, voted=79d7a2ac-2bd1-4dcc-b3d1-df6960632dcc, raftlog=79d7a2ac-2bd1-4dcc-b3d1-df6960632dcc@group-FD22877D1342-SegmentedRaftLog:OPENED:c-1,f-1,i0, conf=-1: [79d7a2ac-2bd1-4dcc-b3d1-df6960632dcc:172.17.0.2:37391, d7e95017-963d-4829-bf66-d43f2a9bf37c:172.17.0.2:33449, 234d89f1-45c8-43c8-b2d4-07be68e97bdc:172.17.0.2:34597], old=null
2020-06-22 07:28:54,690 [234d89f1-45c8-43c8-b2d4-07be68e97bdc@group-FD22877D1342-LeaderElection2] INFO  impl.LeaderElection (LeaderElection.java:logAndReturn(61)) - 234d89f1-45c8-43c8-b2d4-07be68e97bdc@group-FD22877D1342-LeaderElection2: Election PASSED; received 1 response(s) [234d89f1-45c8-43c8-b2d4-07be68e97bdc<-d7e95017-963d-4829-bf66-d43f2a9bf37c#0:OK-t1] and 0 exception(s); 234d89f1-45c8-43c8-b2d4-07be68e97bdc@group-FD22877D1342:t1, leader=null, voted=234d89f1-45c8-43c8-b2d4-07be68e97bdc, raftlog=234d89f1-45c8-43c8-b2d4-07be68e97bdc@group-FD22877D1342-SegmentedRaftLog:OPENED:c-1,f-1,i0, conf=-1: [79d7a2ac-2bd1-4dcc-b3d1-df6960632dcc:172.17.0.2:37391, d7e95017-963d-4829-bf66-d43f2a9bf37c:172.17.0.2:33449, 234d89f1-45c8-43c8-b2d4-07be68e97bdc:172.17.0.2:34597], old=null
2020-06-22 07:28:54,690 [234d89f1-45c8-43c8-b2d4-07be68e97bdc@group-FD22877D1342-LeaderElection2] INFO  impl.RoleInfo (RoleInfo.java:shutdownLeaderElection(134)) - 234d89f1-45c8-43c8-b2d4-07be68e97bdc: shutdown LeaderElection
2020-06-22 07:28:54,691 [234d89f1-45c8-43c8-b2d4-07be68e97bdc@group-FD22877D1342-LeaderElection2] INFO  impl.RaftServerImpl (RaftServerImpl.java:setRole(175)) - 234d89f1-45c8-43c8-b2d4-07be68e97bdc@group-FD22877D1342: changes role from CANDIDATE to LEADER at term 1 for changeToLeader
2020-06-22 07:28:54,691 [234d89f1-45c8-43c8-b2d4-07be68e97bdc@group-FD22877D1342-LeaderElection2] INFO  ratis.XceiverServerRatis (XceiverServerRatis.java:handleLeaderChangedNotification(762)) - Leader change notification received for group: group-FD22877D1342 with new leaderId: 234d89f1-45c8-43c8-b2d4-07be68e97bdc
2020-06-22 07:28:54,691 [234d89f1-45c8-43c8-b2d4-07be68e97bdc@group-FD22877D1342-LeaderElection2] INFO  impl.RaftServerImpl (ServerState.java:setLeader(255)) - 234d89f1-45c8-43c8-b2d4-07be68e97bdc@group-FD22877D1342: change Leader from null to 234d89f1-45c8-43c8-b2d4-07be68e97bdc at term 1 for becomeLeader, leader elected after 5317ms
2020-06-22 07:28:54,691 [234d89f1-45c8-43c8-b2d4-07be68e97bdc@group-FD22877D1342-LeaderElection2] INFO  server.RaftServerConfigKeys (ConfUtils.java:logGet(44)) - raft.server.staging.catchup.gap = 1000 (default)
2020-06-22 07:28:54,691 [234d89f1-45c8-43c8-b2d4-07be68e97bdc@group-FD22877D1342-LeaderElection2] INFO  server.RaftServerConfigKeys (ConfUtils.java:logGet(44)) - raft.server.rpc.sleep.time = 25ms (default)
2020-06-22 07:28:54,691 [234d89f1-45c8-43c8-b2d4-07be68e97bdc@group-FD22877D1342-LeaderElection2] INFO  metrics.RatisMetrics (RatisMetrics.java:lambda$create$0(36)) - Creating Metrics Registry : ratis.log_appender.234d89f1-45c8-43c8-b2d4-07be68e97bdc@group-FD22877D1342
2020-06-22 07:28:54,691 [234d89f1-45c8-43c8-b2d4-07be68e97bdc@group-FD22877D1342-LeaderElection2] INFO  server.RaftServerConfigKeys (ConfUtils.java:logGet(44)) - raft.server.write.element-limit = 1024 (custom)
2020-06-22 07:28:54,691 [234d89f1-45c8-43c8-b2d4-07be68e97bdc@group-FD22877D1342-LeaderElection2] INFO  server.RaftServerConfigKeys (ConfUtils.java:logGet(44)) - raft.server.write.byte-limit = 1073741824 (custom)
2020-06-22 07:28:54,692 [234d89f1-45c8-43c8-b2d4-07be68e97bdc@group-FD22877D1342-LeaderElection2] INFO  server.RaftServerConfigKeys (ConfUtils.java:logGet(44)) - raft.server.watch.timeout = 3s (custom)
2020-06-22 07:28:54,692 [234d89f1-45c8-43c8-b2d4-07be68e97bdc@group-FD22877D1342-LeaderElection2] INFO  server.RaftServerConfigKeys (ConfUtils.java:logGet(44)) - raft.server.watch.timeout.denomination = 1s (default)
2020-06-22 07:28:54,692 [234d89f1-45c8-43c8-b2d4-07be68e97bdc@group-FD22877D1342-LeaderElection2] INFO  server.RaftServerConfigKeys (ConfUtils.java:logGet(44)) - raft.server.watch.element-limit = 65536 (default)
2020-06-22 07:28:54,694 [234d89f1-45c8-43c8-b2d4-07be68e97bdc@group-FD22877D1342-LeaderElection2] INFO  server.RaftServerConfigKeys (ConfUtils.java:logGet(44)) - raft.server.log.appender.snapshot.chunk.size.max = 16MB (=16777216) (default)
2020-06-22 07:28:54,695 [234d89f1-45c8-43c8-b2d4-07be68e97bdc@group-FD22877D1342-LeaderElection2] INFO  server.RaftServerConfigKeys (ConfUtils.java:logGet(44)) - raft.server.log.appender.buffer.byte-limit = 33554432 (custom)
2020-06-22 07:28:54,696 [234d89f1-45c8-43c8-b2d4-07be68e97bdc@group-FD22877D1342-LeaderElection2] INFO  server.RaftServerConfigKeys (ConfUtils.java:logGet(44)) - raft.server.log.appender.buffer.element-limit = 1 (custom)
2020-06-22 07:28:54,696 [EventQueue-PipelineReportForPipelineReportHandler] INFO  pipeline.PipelineStateManager (PipelineStateManager.java:openPipeline(131)) - Pipeline Pipeline[ Id: 40f832a4-8471-4fb6-a8a6-fd22877d1342, Nodes: 79d7a2ac-2bd1-4dcc-b3d1-df6960632dcc{ip: 172.17.0.2, host: 777bc8194f3e, networkLocation: /default-rack, certSerialId: null}234d89f1-45c8-43c8-b2d4-07be68e97bdc{ip: 172.17.0.2, host: 777bc8194f3e, networkLocation: /default-rack, certSerialId: null}d7e95017-963d-4829-bf66-d43f2a9bf37c{ip: 172.17.0.2, host: 777bc8194f3e, networkLocation: /default-rack, certSerialId: null}, Type:RATIS, Factor:THREE, State:ALLOCATED, leaderId:234d89f1-45c8-43c8-b2d4-07be68e97bdc, CreationTimestamp2020-06-22T07:28:46.423Z] moved to OPEN state
2020-06-22 07:28:54,697 [EventQueue-OpenPipelineForOneReplicaPipelineSafeModeRule] INFO  safemode.SCMSafeModeManager (SCMSafeModeManager.java:validateSafeModeExitRules(213)) - AtleastOneDatanodeReportedRule rule is successfully validated
2020-06-22 07:28:54,697 [EventQueue-OpenPipelineForHealthyPipelineSafeModeRule] INFO  safemode.SCMSafeModeManager (HealthyPipelineSafeModeRule.java:process(132)) - SCM in safe mode. Healthy pipelines reported count is 1, required healthy pipeline reported count is 1
2020-06-22 07:28:54,703 [EventQueue-OpenPipelineForHealthyPipelineSafeModeRule] INFO  safemode.SCMSafeModeManager (SCMSafeModeManager.java:validateSafeModeExitRules(213)) - HealthyPipelineSafeModeRule rule is successfully validated
2020-06-22 07:28:54,704 [EventQueue-OpenPipelineForHealthyPipelineSafeModeRule] INFO  safemode.SCMSafeModeManager (SCMSafeModeManager.java:validateSafeModeExitRules(227)) - ScmSafeModeManager, all rules are successfully validated
2020-06-22 07:28:54,704 [EventQueue-OpenPipelineForHealthyPipelineSafeModeRule] INFO  safemode.SCMSafeModeManager (SCMSafeModeManager.java:exitSafeMode(256)) - SCM exiting safe mode.
2020-06-22 07:28:54,712 [234d89f1-45c8-43c8-b2d4-07be68e97bdc@group-FD22877D1342-LeaderElection2] INFO  grpc.GrpcConfigKeys (ConfUtils.java:logGet(44)) - raft.grpc.server.leader.outstanding.appends.max = 128 (default)
2020-06-22 07:28:54,737 [234d89f1-45c8-43c8-b2d4-07be68e97bdc@group-FD22877D1342-LeaderElection2] INFO  server.RaftServerConfigKeys (ConfUtils.java:logGet(44)) - raft.server.rpc.request.timeout = 3s (default)
2020-06-22 07:28:54,737 [234d89f1-45c8-43c8-b2d4-07be68e97bdc@group-FD22877D1342-LeaderElection2] INFO  server.RaftServerConfigKeys (ConfUtils.java:logGet(44)) - raft.server.log.appender.install.snapshot.enabled = false (custom)
2020-06-22 07:28:54,738 [234d89f1-45c8-43c8-b2d4-07be68e97bdc@group-FD22877D1342-LeaderElection2] INFO  metrics.RatisMetrics (RatisMetrics.java:lambda$create$0(36)) - Creating Metrics Registry : ratis_grpc.log_appender.234d89f1-45c8-43c8-b2d4-07be68e97bdc@group-FD22877D1342
2020-06-22 07:28:54,749 [234d89f1-45c8-43c8-b2d4-07be68e97bdc@group-FD22877D1342-LeaderElection2] INFO  server.RaftServerConfigKeys (ConfUtils.java:logGet(44)) - raft.server.log.appender.snapshot.chunk.size.max = 16MB (=16777216) (default)
2020-06-22 07:28:54,749 [234d89f1-45c8-43c8-b2d4-07be68e97bdc@group-FD22877D1342-LeaderElection2] INFO  server.RaftServerConfigKeys (ConfUtils.java:logGet(44)) - raft.server.log.appender.buffer.byte-limit = 33554432 (custom)
2020-06-22 07:28:54,749 [234d89f1-45c8-43c8-b2d4-07be68e97bdc@group-FD22877D1342-LeaderElection2] INFO  server.RaftServerConfigKeys (ConfUtils.java:logGet(44)) - raft.server.log.appender.buffer.element-limit = 1 (custom)
2020-06-22 07:28:54,750 [234d89f1-45c8-43c8-b2d4-07be68e97bdc@group-FD22877D1342-LeaderElection2] INFO  grpc.GrpcConfigKeys (ConfUtils.java:logGet(44)) - raft.grpc.server.leader.outstanding.appends.max = 128 (default)
2020-06-22 07:28:54,750 [234d89f1-45c8-43c8-b2d4-07be68e97bdc@group-FD22877D1342-LeaderElection2] INFO  server.RaftServerConfigKeys (ConfUtils.java:logGet(44)) - raft.server.rpc.request.timeout = 3s (default)
2020-06-22 07:28:54,750 [234d89f1-45c8-43c8-b2d4-07be68e97bdc@group-FD22877D1342-LeaderElection2] INFO  server.RaftServerConfigKeys (ConfUtils.java:logGet(44)) - raft.server.log.appender.install.snapshot.enabled = false (custom)
2020-06-22 07:28:54,752 [234d89f1-45c8-43c8-b2d4-07be68e97bdc@group-FD22877D1342-LeaderElection2] INFO  impl.RoleInfo (RoleInfo.java:updateAndGet(143)) - 234d89f1-45c8-43c8-b2d4-07be68e97bdc: start LeaderState
2020-06-22 07:28:54,752 [234d89f1-45c8-43c8-b2d4-07be68e97bdc@group-FD22877D1342-LeaderElection2] INFO  segmented.SegmentedRaftLogWorker (SegmentedRaftLogWorker.java:startLogSegment(397)) - 234d89f1-45c8-43c8-b2d4-07be68e97bdc@group-FD22877D1342-SegmentedRaftLogWorker: Starting segment from index:0
2020-06-22 07:28:54,762 [grpc-default-executor-1] INFO  impl.RaftServerImpl (RaftServerImpl.java:setRole(175)) - d7e95017-963d-4829-bf66-d43f2a9bf37c@group-FD22877D1342: changes role from  FOLLOWER to FOLLOWER at term 2 for recognizeCandidate:79d7a2ac-2bd1-4dcc-b3d1-df6960632dcc
2020-06-22 07:28:54,762 [grpc-default-executor-1] INFO  impl.RoleInfo (RoleInfo.java:shutdownFollowerState(121)) - d7e95017-963d-4829-bf66-d43f2a9bf37c: shutdown FollowerState
2020-06-22 07:28:54,762 [grpc-default-executor-1] INFO  impl.RoleInfo (RoleInfo.java:updateAndGet(143)) - d7e95017-963d-4829-bf66-d43f2a9bf37c: start FollowerState
2020-06-22 07:28:54,762 [Thread-228] INFO  impl.FollowerState (FollowerState.java:run(117)) - d7e95017-963d-4829-bf66-d43f2a9bf37c@group-FD22877D1342-FollowerState was interrupted: java.lang.InterruptedException: sleep interrupted
2020-06-22 07:28:54,775 [234d89f1-45c8-43c8-b2d4-07be68e97bdc@group-FD22877D1342-LeaderElection2] INFO  impl.RaftServerImpl (ServerState.java:setRaftConf(356)) - 234d89f1-45c8-43c8-b2d4-07be68e97bdc@group-FD22877D1342: set configuration 0: [79d7a2ac-2bd1-4dcc-b3d1-df6960632dcc:172.17.0.2:37391, d7e95017-963d-4829-bf66-d43f2a9bf37c:172.17.0.2:33449, 234d89f1-45c8-43c8-b2d4-07be68e97bdc:172.17.0.2:34597], old=null at 0
2020-06-22 07:28:54,775 [grpc-default-executor-0] INFO  impl.RaftServerImpl (ServerState.java:setLeader(255)) - 234d89f1-45c8-43c8-b2d4-07be68e97bdc@group-FD22877D1342: change Leader from 234d89f1-45c8-43c8-b2d4-07be68e97bdc to null at term 2 for updateCurrentTerm
2020-06-22 07:28:54,775 [grpc-default-executor-0] INFO  impl.RaftServerImpl (RaftServerImpl.java:setRole(175)) - 234d89f1-45c8-43c8-b2d4-07be68e97bdc@group-FD22877D1342: changes role from    LEADER to FOLLOWER at term 2 for recognizeCandidate:79d7a2ac-2bd1-4dcc-b3d1-df6960632dcc
2020-06-22 07:28:54,775 [grpc-default-executor-0] INFO  impl.RoleInfo (RoleInfo.java:shutdownLeaderState(104)) - 234d89f1-45c8-43c8-b2d4-07be68e97bdc: shutdown LeaderState
2020-06-22 07:28:54,776 [grpc-default-executor-0] INFO  metrics.RatisMetrics (RatisMetrics.java:unregister(43)) - Unregistering Metrics Registry : ratis_grpc.log_appender.234d89f1-45c8-43c8-b2d4-07be68e97bdc@group-FD22877D1342
2020-06-22 07:28:54,782 [grpc-default-executor-0] INFO  metrics.RatisMetrics (RatisMetrics.java:unregister(43)) - Unregistering Metrics Registry : ratis_grpc.log_appender.234d89f1-45c8-43c8-b2d4-07be68e97bdc@group-FD22877D1342
2020-06-22 07:28:54,784 [grpc-default-executor-0] INFO  impl.PendingRequests (PendingRequests.java:sendNotLeaderResponses(249)) - 234d89f1-45c8-43c8-b2d4-07be68e97bdc@group-FD22877D1342-PendingRequests: sendNotLeaderResponses
2020-06-22 07:28:54,785 [grpc-default-executor-0] INFO  metrics.RatisMetrics (RatisMetrics.java:unregister(43)) - Unregistering Metrics Registry : ratis.log_appender.234d89f1-45c8-43c8-b2d4-07be68e97bdc@group-FD22877D1342
2020-06-22 07:28:54,785 [grpc-default-executor-0] INFO  metrics.RatisMetrics (RatisMetrics.java:unregister(43)) - Unregistering Metrics Registry : ratis.server.234d89f1-45c8-43c8-b2d4-07be68e97bdc@group-FD22877D1342
2020-06-22 07:28:54,786 [grpc-default-executor-0] INFO  impl.RoleInfo (RoleInfo.java:updateAndGet(143)) - 234d89f1-45c8-43c8-b2d4-07be68e97bdc: start FollowerState
2020-06-22 07:28:54,790 [d7e95017-963d-4829-bf66-d43f2a9bf37c@group-28C06E92D654-SegmentedRaftLogWorker] INFO  segmented.SegmentedRaftLogWorker (SegmentedRaftLogWorker.java:execute(596)) - d7e95017-963d-4829-bf66-d43f2a9bf37c@group-28C06E92D654-SegmentedRaftLogWorker: created new log segment /github/workspace/mnt/ozone/hadoop-ozone/integration-test/target/test-dir/MiniOzoneClusterImpl-99a7d3e3-4c3d-4292-8be6-fbb027d3ba95/datanode-2/data/ratis/de1a205b-7c60-4d5b-9b77-28c06e92d654/current/log_inprogress_0
2020-06-22 07:28:54,790 [234d89f1-45c8-43c8-b2d4-07be68e97bdc@group-FD22877D1342-SegmentedRaftLogWorker] INFO  segmented.SegmentedRaftLogWorker (SegmentedRaftLogWorker.java:execute(596)) - 234d89f1-45c8-43c8-b2d4-07be68e97bdc@group-FD22877D1342-SegmentedRaftLogWorker: created new log segment /github/workspace/mnt/ozone/hadoop-ozone/integration-test/target/test-dir/MiniOzoneClusterImpl-99a7d3e3-4c3d-4292-8be6-fbb027d3ba95/datanode-0/data/ratis/40f832a4-8471-4fb6-a8a6-fd22877d1342/current/log_inprogress_0
2020-06-22 07:28:54,791 [234d89f1-45c8-43c8-b2d4-07be68e97bdc@group-A37702D73740-SegmentedRaftLogWorker] INFO  segmented.SegmentedRaftLogWorker (SegmentedRaftLogWorker.java:execute(596)) - 234d89f1-45c8-43c8-b2d4-07be68e97bdc@group-A37702D73740-SegmentedRaftLogWorker: created new log segment /github/workspace/mnt/ozone/hadoop-ozone/integration-test/target/test-dir/MiniOzoneClusterImpl-99a7d3e3-4c3d-4292-8be6-fbb027d3ba95/datanode-0/data/ratis/750eaf1b-171d-4cfa-81f2-a37702d73740/current/log_inprogress_0
2020-06-22 07:28:54,791 [79d7a2ac-2bd1-4dcc-b3d1-df6960632dcc@group-D2EA3144297B-SegmentedRaftLogWorker] INFO  segmented.SegmentedRaftLogWorker (SegmentedRaftLogWorker.java:execute(596)) - 79d7a2ac-2bd1-4dcc-b3d1-df6960632dcc@group-D2EA3144297B-SegmentedRaftLogWorker: created new log segment /github/workspace/mnt/ozone/hadoop-ozone/integration-test/target/test-dir/MiniOzoneClusterImpl-99a7d3e3-4c3d-4292-8be6-fbb027d3ba95/datanode-1/data/ratis/961a5134-3078-4e80-8af4-d2ea3144297b/current/log_inprogress_0
2020-06-22 07:28:54,806 [grpc-default-executor-0] INFO  server.GrpcServerProtocolService (GrpcServerProtocolService.java:onCompleted(138)) - d7e95017-963d-4829-bf66-d43f2a9bf37c: Completed APPEND_ENTRIES, lastRequest: null
2020-06-22 07:28:54,810 [grpc-default-executor-0] INFO  server.GrpcLogAppender (GrpcLogAppender.java:onCompleted(319)) - 234d89f1-45c8-43c8-b2d4-07be68e97bdc@group-FD22877D1342->d7e95017-963d-4829-bf66-d43f2a9bf37c-AppendLogResponseHandler: follower responses appendEntries COMPLETED
2020-06-22 07:28:54,809 [grpc-default-executor-1] INFO  server.GrpcServerProtocolService (GrpcServerProtocolService.java:onCompleted(138)) - 79d7a2ac-2bd1-4dcc-b3d1-df6960632dcc: Completed APPEND_ENTRIES, lastRequest: null
2020-06-22 07:28:54,811 [grpc-default-executor-1] INFO  server.GrpcLogAppender (GrpcLogAppender.java:onCompleted(319)) - 234d89f1-45c8-43c8-b2d4-07be68e97bdc@group-FD22877D1342->79d7a2ac-2bd1-4dcc-b3d1-df6960632dcc-AppendLogResponseHandler: follower responses appendEntries COMPLETED
2020-06-22 07:28:54,820 [grpc-default-executor-1] INFO  impl.FollowerInfo (FollowerInfo.java:lambda$new$0(51)) - 234d89f1-45c8-43c8-b2d4-07be68e97bdc@group-FD22877D1342->79d7a2ac-2bd1-4dcc-b3d1-df6960632dcc: nextIndex: updateUnconditionally 0 -> 0
2020-06-22 07:28:54,820 [grpc-default-executor-0] INFO  impl.FollowerInfo (FollowerInfo.java:lambda$new$0(51)) - 234d89f1-45c8-43c8-b2d4-07be68e97bdc@group-FD22877D1342->d7e95017-963d-4829-bf66-d43f2a9bf37c: nextIndex: updateUnconditionally 0 -> 0
2020-06-22 07:28:55,404 [Listener at 127.0.0.1/34747] INFO  ozone.MiniOzoneClusterImpl (MiniOzoneClusterImpl.java:lambda$waitForClusterToBeReady$0(177)) - Nodes are ready. Got 3 of 3 DN Heartbeats.
2020-06-22 07:28:55,405 [Listener at 127.0.0.1/34747] INFO  ozone.MiniOzoneClusterImpl (MiniOzoneClusterImpl.java:lambda$waitForClusterToBeReady$0(180)) - Cluster exits safe mode
2020-06-22 07:28:56,152 [Listener at 127.0.0.1/34747] INFO  rpc.RpcClient (RpcClient.java:createVolume(310)) - Creating Volume: testcontainerstatemachinefailures, with jenkins1001 as owner.
2020-06-22 07:28:56,232 [IPC Server handler 1 on default port 34747] INFO  volume.OMVolumeCreateRequest (OMVolumeCreateRequest.java:validateAndUpdateCache(204)) - created volume:testcontainerstatemachinefailures for user:jenkins1001
2020-06-22 07:28:56,284 [Listener at 127.0.0.1/34747] INFO  rpc.RpcClient (RpcClient.java:createBucket(450)) - Creating Bucket: testcontainerstatemachinefailures/testcontainerstatemachinefailures, with Versioning false and Storage Type set to DISK and Encryption set to false 
2020-06-22 07:28:56,432 [Listener at 127.0.0.1/34747] INFO  impl.MetricsSystemImpl (MetricsSystemImpl.java:init(158)) - XceiverClientMetrics metrics system started (again)
]]></system-out>
    <system-err><![CDATA[ERROR StatusLogger No Log4j 2 configuration file found. Using default configuration (logging only errors to the console), or user programmatically provided configurations. Set system property 'log4j2.debug' to show Log4j 2 internal initialization logging. See https://logging.apache.org/log4j/2.x/manual/configuration.html for instructions on how to configure Log4j 2
]]></system-err>
  </testcase>
</testsuite>