<?xml version="1.0" encoding="UTF-8"?>
<testsuite xmlns:xsi="http://www.w3.org/2001/XMLSchema-instance" xsi:noNamespaceSchemaLocation="https://maven.apache.org/surefire/maven-surefire-plugin/xsd/surefire-test-report.xsd" name="org.apache.hadoop.ozone.client.rpc.TestBlockOutputStreamWithFailures" time="635.208" tests="8" errors="0" skipped="0" failures="1">
  <properties>
    <property name="awt.toolkit" value="sun.awt.X11.XToolkit"/>
    <property name="file.encoding.pkg" value="sun.io"/>
    <property name="java.specification.version" value="1.8"/>
    <property name="sun.cpu.isalist" value=""/>
    <property name="sun.jnu.encoding" value="UTF-8"/>
    <property name="java.class.path" value="/home/runner/work/ozone/ozone/hadoop-ozone/integration-test/target/test-classes:/home/runner/work/ozone/ozone/hadoop-ozone/integration-test/target/classes:/home/runner/.m2/repository/org/apache/ozone/ozone-common/1.2.0-SNAPSHOT/ozone-common-1.2.0-SNAPSHOT.jar:/home/runner/.m2/repository/org/apache/commons/commons-compress/1.20/commons-compress-1.20.jar:/home/runner/.m2/repository/org/apache/ozone/hdds-common/1.2.0-SNAPSHOT/hdds-common-1.2.0-SNAPSHOT.jar:/home/runner/.m2/repository/org/apache/ozone/hdds-client/1.2.0-SNAPSHOT/hdds-client-1.2.0-SNAPSHOT.jar:/home/runner/.m2/repository/org/apache/ozone/ozone-interface-client/1.2.0-SNAPSHOT/ozone-interface-client-1.2.0-SNAPSHOT.jar:/home/runner/.m2/repository/org/apache/ozone/hdds-server-framework/1.2.0-SNAPSHOT/hdds-server-framework-1.2.0-SNAPSHOT.jar:/home/runner/.m2/repository/org/apache/ozone/hdds-interface-server/1.2.0-SNAPSHOT/hdds-interface-server-1.2.0-SNAPSHOT.jar:/home/runner/.m2/repository/org/eclipse/jetty/jetty-servlet/9.4.43.v20210629/jetty-servlet-9.4.43.v20210629.jar:/home/runner/.m2/repository/org/eclipse/jetty/jetty-security/9.4.43.v20210629/jetty-security-9.4.43.v20210629.jar:/home/runner/.m2/repository/org/rocksdb/rocksdbjni/6.20.3/rocksdbjni-6.20.3.jar:/home/runner/.m2/repository/io/prometheus/simpleclient_dropwizard/0.7.0/simpleclient_dropwizard-0.7.0.jar:/home/runner/.m2/repository/io/prometheus/simpleclient/0.7.0/simpleclient-0.7.0.jar:/home/runner/.m2/repository/io/prometheus/simpleclient_common/0.7.0/simpleclient_common-0.7.0.jar:/home/runner/.m2/repository/com/fasterxml/jackson/datatype/jackson-datatype-jsr310/2.12.1/jackson-datatype-jsr310-2.12.1.jar:/home/runner/.m2/repository/org/apache/ozone/hdds-test-utils/1.2.0-SNAPSHOT/hdds-test-utils-1.2.0-SNAPSHOT.jar:/home/runner/.m2/repository/com/google/guava/guava/30.1.1-jre/guava-30.1.1-jre.jar:/home/runner/.m2/repository/com/google/guava/failureaccess/1.0.1/failureaccess-1.0.1.jar:/home/runner/.m2/repository/com/google/guava/listenablefuture/9999.0-empty-to-avoid-conflict-with-guava/listenablefuture-9999.0-empty-to-avoid-conflict-with-guava.jar:/home/runner/.m2/repository/com/google/code/findbugs/jsr305/3.0.0/jsr305-3.0.0.jar:/home/runner/.m2/repository/org/checkerframework/checker-qual/3.8.0/checker-qual-3.8.0.jar:/home/runner/.m2/repository/com/google/errorprone/error_prone_annotations/2.2.0/error_prone_annotations-2.2.0.jar:/home/runner/.m2/repository/com/google/j2objc/j2objc-annotations/1.3/j2objc-annotations-1.3.jar:/home/runner/.m2/repository/commons-io/commons-io/2.8.0/commons-io-2.8.0.jar:/home/runner/.m2/repository/commons-logging/commons-logging/1.2/commons-logging-1.2.jar:/home/runner/.m2/repository/log4j/log4j/1.2.17/log4j-1.2.17.jar:/home/runner/.m2/repository/org/slf4j/slf4j-api/1.7.30/slf4j-api-1.7.30.jar:/home/runner/.m2/repository/org/apache/ozone/hdds-server-scm/1.2.0-SNAPSHOT/hdds-server-scm-1.2.0-SNAPSHOT.jar:/home/runner/.m2/repository/org/apache/ozone/hdds-container-service/1.2.0-SNAPSHOT/hdds-container-service-1.2.0-SNAPSHOT.jar:/home/runner/.m2/repository/org/apache/ozone/hdds-hadoop-dependency-server/1.2.0-SNAPSHOT/hdds-hadoop-dependency-server-1.2.0-SNAPSHOT.jar:/home/runner/.m2/repository/org/apache/hadoop/hadoop-hdfs/3.3.1/hadoop-hdfs-3.3.1.jar:/home/runner/.m2/repository/io/dropwizard/metrics/metrics-core/3.2.4/metrics-core-3.2.4.jar:/home/runner/.m2/repository/org/apache/hadoop/hadoop-hdfs-client/3.3.1/hadoop-hdfs-client-3.3.1.jar:/home/runner/.m2/repository/org/bouncycastle/bcprov-jdk15on/1.67/bcprov-jdk15on-1.67.jar:/home/runner/.m2/repository/com/google/protobuf/protobuf-java/2.5.0/protobuf-java-2.5.0.jar:/home/runner/.m2/repository/org/apache/ozone/ozone-manager/1.2.0-SNAPSHOT/ozone-manager-1.2.0-SNAPSHOT.jar:/home/runner/.m2/repository/org/aspectj/aspectjrt/1.8.9/aspectjrt-1.8.9.jar:/home/runner/.m2/repository/org/aspectj/aspectjweaver/1.8.9/aspectjweaver-1.8.9.jar:/home/runner/.m2/repository/org/apache/ozone/hdds-interface-client/1.2.0-SNAPSHOT/hdds-interface-client-1.2.0-SNAPSHOT.jar:/home/runner/.m2/repository/org/apache/hadoop/thirdparty/hadoop-shaded-protobuf_3_7/1.1.1/hadoop-shaded-protobuf_3_7-1.1.1.jar:/home/runner/.m2/repository/org/apache/ozone/ozone-interface-storage/1.2.0-SNAPSHOT/ozone-interface-storage-1.2.0-SNAPSHOT.jar:/home/runner/.m2/repository/org/reflections/reflections/0.9.11/reflections-0.9.11.jar:/home/runner/.m2/repository/org/apache/hadoop/hadoop-minikdc/3.3.1/hadoop-minikdc-3.3.1.jar:/home/runner/.m2/repository/org/apache/kerby/kerb-simplekdc/1.0.1/kerb-simplekdc-1.0.1.jar:/home/runner/.m2/repository/org/apache/kerby/kerb-client/1.0.1/kerb-client-1.0.1.jar:/home/runner/.m2/repository/org/apache/kerby/kerby-config/1.0.1/kerby-config-1.0.1.jar:/home/runner/.m2/repository/org/apache/kerby/kerb-common/1.0.1/kerb-common-1.0.1.jar:/home/runner/.m2/repository/org/apache/kerby/kerb-crypto/1.0.1/kerb-crypto-1.0.1.jar:/home/runner/.m2/repository/org/apache/kerby/kerb-util/1.0.1/kerb-util-1.0.1.jar:/home/runner/.m2/repository/org/apache/kerby/token-provider/1.0.1/token-provider-1.0.1.jar:/home/runner/.m2/repository/org/apache/kerby/kerb-admin/1.0.1/kerb-admin-1.0.1.jar:/home/runner/.m2/repository/org/apache/kerby/kerb-server/1.0.1/kerb-server-1.0.1.jar:/home/runner/.m2/repository/org/apache/kerby/kerb-identity/1.0.1/kerb-identity-1.0.1.jar:/home/runner/.m2/repository/org/apache/kerby/kerby-xdr/1.0.1/kerby-xdr-1.0.1.jar:/home/runner/.m2/repository/org/slf4j/slf4j-log4j12/1.7.30/slf4j-log4j12-1.7.30.jar:/home/runner/.m2/repository/org/apache/ozone/ozone-s3gateway/1.2.0-SNAPSHOT/ozone-s3gateway-1.2.0-SNAPSHOT.jar:/home/runner/.m2/repository/org/javassist/javassist/3.21.0-GA/javassist-3.21.0-GA.jar:/home/runner/.m2/repository/org/jboss/weld/servlet/weld-servlet/2.4.7.Final/weld-servlet-2.4.7.Final.jar:/home/runner/.m2/repository/org/glassfish/jersey/containers/jersey-container-servlet-core/2.33/jersey-container-servlet-core-2.33.jar:/home/runner/.m2/repository/org/glassfish/hk2/external/jakarta.inject/2.6.1/jakarta.inject-2.6.1.jar:/home/runner/.m2/repository/org/glassfish/jersey/core/jersey-common/2.33/jersey-common-2.33.jar:/home/runner/.m2/repository/jakarta/ws/rs/jakarta.ws.rs-api/2.1.6/jakarta.ws.rs-api-2.1.6.jar:/home/runner/.m2/repository/org/glassfish/jersey/ext/cdi/jersey-cdi1x/2.33/jersey-cdi1x-2.33.jar:/home/runner/.m2/repository/org/glassfish/jersey/inject/jersey-hk2/2.33/jersey-hk2-2.33.jar:/home/runner/.m2/repository/org/glassfish/hk2/hk2-locator/2.6.1/hk2-locator-2.6.1.jar:/home/runner/.m2/repository/org/glassfish/jersey/media/jersey-media-jaxb/2.33/jersey-media-jaxb-2.33.jar:/home/runner/.m2/repository/org/glassfish/hk2/osgi-resource-locator/1.0.3/osgi-resource-locator-1.0.3.jar:/home/runner/.m2/repository/org/glassfish/hk2/hk2-api/2.5.0/hk2-api-2.5.0.jar:/home/runner/.m2/repository/org/glassfish/hk2/hk2-utils/2.5.0/hk2-utils-2.5.0.jar:/home/runner/.m2/repository/org/glassfish/hk2/external/aopalliance-repackaged/2.5.0/aopalliance-repackaged-2.5.0.jar:/home/runner/.m2/repository/com/fasterxml/jackson/dataformat/jackson-dataformat-xml/2.12.1/jackson-dataformat-xml-2.12.1.jar:/home/runner/.m2/repository/com/fasterxml/jackson/core/jackson-core/2.12.1/jackson-core-2.12.1.jar:/home/runner/.m2/repository/com/fasterxml/jackson/module/jackson-module-jaxb-annotations/2.12.1/jackson-module-jaxb-annotations-2.12.1.jar:/home/runner/.m2/repository/jakarta/xml/bind/jakarta.xml.bind-api/2.3.2/jakarta.xml.bind-api-2.3.2.jar:/home/runner/.m2/repository/org/codehaus/woodstox/stax2-api/3.1.4/stax2-api-3.1.4.jar:/home/runner/.m2/repository/com/fasterxml/woodstox/woodstox-core/5.0.3/woodstox-core-5.0.3.jar:/home/runner/.m2/repository/javax/enterprise/cdi-api/1.2/cdi-api-1.2.jar:/home/runner/.m2/repository/javax/el/javax.el-api/3.0.0/javax.el-api-3.0.0.jar:/home/runner/.m2/repository/javax/interceptor/javax.interceptor-api/1.2/javax.interceptor-api-1.2.jar:/home/runner/.m2/repository/javax/inject/javax.inject/1/javax.inject-1.jar:/home/runner/.m2/repository/javax/xml/bind/jaxb-api/2.3.0/jaxb-api-2.3.0.jar:/home/runner/.m2/repository/org/glassfish/jaxb/jaxb-runtime/2.3.0.1/jaxb-runtime-2.3.0.1.jar:/home/runner/.m2/repository/org/glassfish/jaxb/jaxb-core/2.3.0.1/jaxb-core-2.3.0.1.jar:/home/runner/.m2/repository/org/glassfish/jaxb/txw2/2.3.0.1/txw2-2.3.0.1.jar:/home/runner/.m2/repository/com/sun/istack/istack-commons-runtime/3.0.5/istack-commons-runtime-3.0.5.jar:/home/runner/.m2/repository/org/jvnet/staxex/stax-ex/1.7.8/stax-ex-1.7.8.jar:/home/runner/.m2/repository/com/sun/xml/fastinfoset/FastInfoset/1.2.13/FastInfoset-1.2.13.jar:/home/runner/.m2/repository/javax/activation/activation/1.1.1/activation-1.1.1.jar:/home/runner/.m2/repository/org/apache/ozone/ozone-csi/1.2.0-SNAPSHOT/ozone-csi-1.2.0-SNAPSHOT.jar:/home/runner/.m2/repository/com/google/protobuf/protobuf-java-util/3.12.0/protobuf-java-util-3.12.0.jar:/home/runner/.m2/repository/com/google/code/gson/gson/2.2.4/gson-2.2.4.jar:/home/runner/.m2/repository/org/apache/ozone/hdds-config/1.2.0-SNAPSHOT/hdds-config-1.2.0-SNAPSHOT.jar:/home/runner/.m2/repository/io/grpc/grpc-netty/1.33.0/grpc-netty-1.33.0.jar:/home/runner/.m2/repository/io/grpc/grpc-core/1.33.0/grpc-core-1.33.0.jar:/home/runner/.m2/repository/com/google/android/annotations/4.1.1.4/annotations-4.1.1.4.jar:/home/runner/.m2/repository/io/netty/netty-codec-http2/4.1.63.Final/netty-codec-http2-4.1.63.Final.jar:/home/runner/.m2/repository/io/netty/netty-codec-http/4.1.63.Final/netty-codec-http-4.1.63.Final.jar:/home/runner/.m2/repository/io/netty/netty-handler-proxy/4.1.63.Final/netty-handler-proxy-4.1.63.Final.jar:/home/runner/.m2/repository/io/netty/netty-codec-socks/4.1.63.Final/netty-codec-socks-4.1.63.Final.jar:/home/runner/.m2/repository/io/perfmark/perfmark-api/0.19.0/perfmark-api-0.19.0.jar:/home/runner/.m2/repository/org/codehaus/mojo/animal-sniffer-annotations/1.18/animal-sniffer-annotations-1.18.jar:/home/runner/.m2/repository/io/netty/netty-transport-native-epoll/4.1.63.Final/netty-transport-native-epoll-4.1.63.Final.jar:/home/runner/.m2/repository/io/netty/netty-common/4.1.63.Final/netty-common-4.1.63.Final.jar:/home/runner/.m2/repository/io/netty/netty-buffer/4.1.63.Final/netty-buffer-4.1.63.Final.jar:/home/runner/.m2/repository/io/netty/netty-transport-native-unix-common/4.1.63.Final/netty-transport-native-unix-common-4.1.63.Final.jar:/home/runner/.m2/repository/io/grpc/grpc-protobuf/1.33.0/grpc-protobuf-1.33.0.jar:/home/runner/.m2/repository/io/grpc/grpc-api/1.33.0/grpc-api-1.33.0.jar:/home/runner/.m2/repository/io/grpc/grpc-context/1.33.0/grpc-context-1.33.0.jar:/home/runner/.m2/repository/com/google/api/grpc/proto-google-common-protos/1.17.0/proto-google-common-protos-1.17.0.jar:/home/runner/.m2/repository/io/grpc/grpc-protobuf-lite/1.33.0/grpc-protobuf-lite-1.33.0.jar:/home/runner/.m2/repository/io/grpc/grpc-stub/1.33.0/grpc-stub-1.33.0.jar:/home/runner/.m2/repository/org/apache/ozone/ozone-recon/1.2.0-SNAPSHOT/ozone-recon-1.2.0-SNAPSHOT.jar:/home/runner/.m2/repository/org/apache/ozone/ozone-reconcodegen/1.2.0-SNAPSHOT/ozone-reconcodegen-1.2.0-SNAPSHOT.jar:/home/runner/.m2/repository/com/google/inject/extensions/guice-multibindings/4.0/guice-multibindings-4.0.jar:/home/runner/.m2/repository/com/google/inject/guice/4.0/guice-4.0.jar:/home/runner/.m2/repository/aopalliance/aopalliance/1.0/aopalliance-1.0.jar:/home/runner/.m2/repository/com/google/inject/extensions/guice-assistedinject/4.0/guice-assistedinject-4.0.jar:/home/runner/.m2/repository/com/google/inject/extensions/guice-servlet/4.0/guice-servlet-4.0.jar:/home/runner/.m2/repository/org/glassfish/jersey/containers/jersey-container-servlet/2.33/jersey-container-servlet-2.33.jar:/home/runner/.m2/repository/org/glassfish/hk2/guice-bridge/2.5.0/guice-bridge-2.5.0.jar:/home/runner/.m2/repository/org/glassfish/jersey/core/jersey-server/2.33/jersey-server-2.33.jar:/home/runner/.m2/repository/org/glassfish/jersey/core/jersey-client/2.33/jersey-client-2.33.jar:/home/runner/.m2/repository/jakarta/annotation/jakarta.annotation-api/1.3.5/jakarta.annotation-api-1.3.5.jar:/home/runner/.m2/repository/jakarta/validation/jakarta.validation-api/2.0.2/jakarta.validation-api-2.0.2.jar:/home/runner/.m2/repository/org/glassfish/jersey/media/jersey-media-json-jackson/2.33/jersey-media-json-jackson-2.33.jar:/home/runner/.m2/repository/org/glassfish/jersey/ext/jersey-entity-filtering/2.33/jersey-entity-filtering-2.33.jar:/home/runner/.m2/repository/org/jooq/jooq/3.11.10/jooq-3.11.10.jar:/home/runner/.m2/repository/org/jooq/jooq-meta/3.11.10/jooq-meta-3.11.10.jar:/home/runner/.m2/repository/org/jooq/jooq-codegen/3.11.10/jooq-codegen-3.11.10.jar:/home/runner/.m2/repository/com/jolbox/bonecp/0.8.0.RELEASE/bonecp-0.8.0.RELEASE.jar:/home/runner/.m2/repository/org/apache/derby/derby/10.14.2.0/derby-10.14.2.0.jar:/home/runner/.m2/repository/org/xerial/sqlite-jdbc/3.25.2/sqlite-jdbc-3.25.2.jar:/home/runner/.m2/repository/org/springframework/spring-jdbc/5.2.11.RELEASE/spring-jdbc-5.2.11.RELEASE.jar:/home/runner/.m2/repository/org/springframework/spring-beans/5.2.11.RELEASE/spring-beans-5.2.11.RELEASE.jar:/home/runner/.m2/repository/org/springframework/spring-core/5.2.11.RELEASE/spring-core-5.2.11.RELEASE.jar:/home/runner/.m2/repository/org/springframework/spring-jcl/5.2.11.RELEASE/spring-jcl-5.2.11.RELEASE.jar:/home/runner/.m2/repository/org/springframework/spring-tx/5.2.11.RELEASE/spring-tx-5.2.11.RELEASE.jar:/home/runner/.m2/repository/org/apache/ozone/ozone-client/1.2.0-SNAPSHOT/ozone-client-1.2.0-SNAPSHOT.jar:/home/runner/.m2/repository/org/apache/ozone/ozone-filesystem/1.2.0-SNAPSHOT/ozone-filesystem-1.2.0-SNAPSHOT.jar:/home/runner/.m2/repository/org/apache/ozone/ozone-filesystem-common/1.2.0-SNAPSHOT/ozone-filesystem-common-1.2.0-SNAPSHOT.jar:/home/runner/.m2/repository/org/apache/ozone/ozone-tools/1.2.0-SNAPSHOT/ozone-tools-1.2.0-SNAPSHOT.jar:/home/runner/.m2/repository/org/apache/ratis/ratis-tools/2.1.0-03f3b68-SNAPSHOT/ratis-tools-2.1.0-03f3b68-SNAPSHOT.jar:/home/runner/.m2/repository/com/amazonaws/aws-java-sdk-core/1.11.901/aws-java-sdk-core-1.11.901.jar:/home/runner/.m2/repository/org/apache/httpcomponents/httpclient/4.5.13/httpclient-4.5.13.jar:/home/runner/.m2/repository/org/apache/httpcomponents/httpcore/4.4.13/httpcore-4.4.13.jar:/home/runner/.m2/repository/software/amazon/ion/ion-java/1.0.2/ion-java-1.0.2.jar:/home/runner/.m2/repository/com/fasterxml/jackson/dataformat/jackson-dataformat-cbor/2.12.1/jackson-dataformat-cbor-2.12.1.jar:/home/runner/.m2/repository/joda-time/joda-time/2.8.1/joda-time-2.8.1.jar:/home/runner/.m2/repository/com/amazonaws/aws-java-sdk-s3/1.11.901/aws-java-sdk-s3-1.11.901.jar:/home/runner/.m2/repository/com/amazonaws/aws-java-sdk-kms/1.11.901/aws-java-sdk-kms-1.11.901.jar:/home/runner/.m2/repository/com/amazonaws/jmespath-java/1.11.901/jmespath-java-1.11.901.jar:/home/runner/.m2/repository/org/kohsuke/metainf-services/metainf-services/1.8/metainf-services-1.8.jar:/home/runner/.m2/repository/org/apache/ozone/hdds-tools/1.2.0-SNAPSHOT/hdds-tools-1.2.0-SNAPSHOT.jar:/home/runner/.m2/repository/commons-cli/commons-cli/1.2/commons-cli-1.2.jar:/home/runner/.m2/repository/org/apache/commons/commons-lang3/3.7/commons-lang3-3.7.jar:/home/runner/.m2/repository/org/apache/ozone/ozone-manager/1.2.0-SNAPSHOT/ozone-manager-1.2.0-SNAPSHOT-tests.jar:/home/runner/.m2/repository/org/apache/ozone/hdds-common/1.2.0-SNAPSHOT/hdds-common-1.2.0-SNAPSHOT-tests.jar:/home/runner/.m2/repository/org/apache/ozone/hdds-hadoop-dependency-client/1.2.0-SNAPSHOT/hdds-hadoop-dependency-client-1.2.0-SNAPSHOT.jar:/home/runner/.m2/repository/info/picocli/picocli/4.6.1/picocli-4.6.1.jar:/home/runner/.m2/repository/com/fasterxml/jackson/core/jackson-annotations/2.12.1/jackson-annotations-2.12.1.jar:/home/runner/.m2/repository/javax/annotation/javax.annotation-api/1.2/javax.annotation-api-1.2.jar:/home/runner/.m2/repository/org/apache/ratis/ratis-server/2.1.0-03f3b68-SNAPSHOT/ratis-server-2.1.0-03f3b68-SNAPSHOT.jar:/home/runner/.m2/repository/org/apache/ratis/ratis-client/2.1.0-03f3b68-SNAPSHOT/ratis-client-2.1.0-03f3b68-SNAPSHOT.jar:/home/runner/.m2/repository/org/apache/ratis/ratis-server-api/2.1.0-03f3b68-SNAPSHOT/ratis-server-api-2.1.0-03f3b68-SNAPSHOT.jar:/home/runner/.m2/repository/org/apache/ratis/ratis-metrics/2.1.0-03f3b68-SNAPSHOT/ratis-metrics-2.1.0-03f3b68-SNAPSHOT.jar:/home/runner/.m2/repository/org/apache/ratis/ratis-netty/2.1.0-03f3b68-SNAPSHOT/ratis-netty-2.1.0-03f3b68-SNAPSHOT.jar:/home/runner/.m2/repository/org/apache/ratis/ratis-grpc/2.1.0-03f3b68-SNAPSHOT/ratis-grpc-2.1.0-03f3b68-SNAPSHOT.jar:/home/runner/.m2/repository/org/apache/logging/log4j/log4j-api/2.13.3/log4j-api-2.13.3.jar:/home/runner/.m2/repository/org/apache/logging/log4j/log4j-core/2.13.3/log4j-core-2.13.3.jar:/home/runner/.m2/repository/com/lmax/disruptor/3.4.2/disruptor-3.4.2.jar:/home/runner/.m2/repository/org/apache/commons/commons-pool2/2.6.0/commons-pool2-2.6.0.jar:/home/runner/.m2/repository/org/bouncycastle/bcpkix-jdk15on/1.67/bcpkix-jdk15on-1.67.jar:/home/runner/.m2/repository/commons-validator/commons-validator/1.6/commons-validator-1.6.jar:/home/runner/.m2/repository/commons-beanutils/commons-beanutils/1.9.4/commons-beanutils-1.9.4.jar:/home/runner/.m2/repository/commons-digester/commons-digester/1.8.1/commons-digester-1.8.1.jar:/home/runner/.m2/repository/commons-collections/commons-collections/3.2.2/commons-collections-3.2.2.jar:/home/runner/.m2/repository/io/jaegertracing/jaeger-client/1.6.0/jaeger-client-1.6.0.jar:/home/runner/.m2/repository/io/jaegertracing/jaeger-thrift/1.6.0/jaeger-thrift-1.6.0.jar:/home/runner/.m2/repository/org/apache/thrift/libthrift/0.14.1/libthrift-0.14.1.jar:/home/runner/.m2/repository/com/squareup/okhttp3/okhttp/4.9.0/okhttp-4.9.0.jar:/home/runner/.m2/repository/com/squareup/okio/okio/2.8.0/okio-2.8.0.jar:/home/runner/.m2/repository/io/jaegertracing/jaeger-core/1.6.0/jaeger-core-1.6.0.jar:/home/runner/.m2/repository/io/jaegertracing/jaeger-tracerresolver/1.6.0/jaeger-tracerresolver-1.6.0.jar:/home/runner/.m2/repository/io/opentracing/contrib/opentracing-tracerresolver/0.1.8/opentracing-tracerresolver-0.1.8.jar:/home/runner/.m2/repository/org/jetbrains/kotlin/kotlin-stdlib/1.4.31/kotlin-stdlib-1.4.31.jar:/home/runner/.m2/repository/org/jetbrains/kotlin/kotlin-stdlib-common/1.4.31/kotlin-stdlib-common-1.4.31.jar:/home/runner/.m2/repository/org/jetbrains/annotations/13.0/annotations-13.0.jar:/home/runner/.m2/repository/io/opentracing/opentracing-util/0.33.0/opentracing-util-0.33.0.jar:/home/runner/.m2/repository/io/opentracing/opentracing-api/0.33.0/opentracing-api-0.33.0.jar:/home/runner/.m2/repository/io/opentracing/opentracing-noop/0.33.0/opentracing-noop-0.33.0.jar:/home/runner/.m2/repository/org/yaml/snakeyaml/1.26/snakeyaml-1.26.jar:/home/runner/.m2/repository/org/apache/ozone/hdds-interface-admin/1.2.0-SNAPSHOT/hdds-interface-admin-1.2.0-SNAPSHOT.jar:/home/runner/.m2/repository/junit/junit/4.13.1/junit-4.13.1.jar:/home/runner/.m2/repository/org/hamcrest/hamcrest-core/1.3/hamcrest-core-1.3.jar:/home/runner/.m2/repository/org/junit/jupiter/junit-jupiter-api/5.7.0/junit-jupiter-api-5.7.0.jar:/home/runner/.m2/repository/org/apiguardian/apiguardian-api/1.1.0/apiguardian-api-1.1.0.jar:/home/runner/.m2/repository/org/opentest4j/opentest4j/1.2.0/opentest4j-1.2.0.jar:/home/runner/.m2/repository/org/junit/platform/junit-platform-commons/1.7.0/junit-platform-commons-1.7.0.jar:/home/runner/.m2/repository/org/junit/jupiter/junit-jupiter-engine/5.7.0/junit-jupiter-engine-5.7.0.jar:/home/runner/.m2/repository/org/junit/platform/junit-platform-engine/1.7.0/junit-platform-engine-1.7.0.jar:/home/runner/.m2/repository/org/junit/vintage/junit-vintage-engine/5.7.0/junit-vintage-engine-5.7.0.jar:/home/runner/.m2/repository/org/junit/platform/junit-platform-launcher/1.7.0/junit-platform-launcher-1.7.0.jar:/home/runner/.m2/repository/org/openjdk/jmh/jmh-core/1.19/jmh-core-1.19.jar:/home/runner/.m2/repository/net/sf/jopt-simple/jopt-simple/4.6/jopt-simple-4.6.jar:/home/runner/.m2/repository/org/apache/commons/commons-math3/3.1.1/commons-math3-3.1.1.jar:/home/runner/.m2/repository/org/openjdk/jmh/jmh-generator-annprocess/1.19/jmh-generator-annprocess-1.19.jar:/home/runner/.m2/repository/org/mockito/mockito-core/2.28.2/mockito-core-2.28.2.jar:/home/runner/.m2/repository/net/bytebuddy/byte-buddy/1.9.10/byte-buddy-1.9.10.jar:/home/runner/.m2/repository/net/bytebuddy/byte-buddy-agent/1.9.10/byte-buddy-agent-1.9.10.jar:/home/runner/.m2/repository/org/objenesis/objenesis/1.0/objenesis-1.0.jar:/home/runner/.m2/repository/org/apache/hadoop/hadoop-kms/3.3.1/hadoop-kms-3.3.1.jar:/home/runner/.m2/repository/org/apache/hadoop/hadoop-auth/3.3.1/hadoop-auth-3.3.1.jar:/home/runner/.m2/repository/com/nimbusds/nimbus-jose-jwt/7.9/nimbus-jose-jwt-7.9.jar:/home/runner/.m2/repository/com/github/stephenc/jcip/jcip-annotations/1.0-1/jcip-annotations-1.0-1.jar:/home/runner/.m2/repository/net/minidev/json-smart/2.3/json-smart-2.3.jar:/home/runner/.m2/repository/net/minidev/accessors-smart/1.2/accessors-smart-1.2.jar:/home/runner/.m2/repository/org/ow2/asm/asm/5.0.4/asm-5.0.4.jar:/home/runner/.m2/repository/org/apache/zookeeper/zookeeper/3.5.6/zookeeper-3.5.6.jar:/home/runner/.m2/repository/org/apache/zookeeper/zookeeper-jute/3.5.6/zookeeper-jute-3.5.6.jar:/home/runner/.m2/repository/org/apache/yetus/audience-annotations/0.5.0/audience-annotations-0.5.0.jar:/home/runner/.m2/repository/org/apache/curator/curator-framework/4.2.0/curator-framework-4.2.0.jar:/home/runner/.m2/repository/org/apache/hadoop/thirdparty/hadoop-shaded-guava/1.1.1/hadoop-shaded-guava-1.1.1.jar:/home/runner/.m2/repository/com/sun/jersey/jersey-core/1.19/jersey-core-1.19.jar:/home/runner/.m2/repository/javax/ws/rs/jsr311-api/1.1.1/jsr311-api-1.1.1.jar:/home/runner/.m2/repository/com/sun/jersey/jersey-server/1.19/jersey-server-1.19.jar:/home/runner/.m2/repository/javax/servlet/javax.servlet-api/3.1.0/javax.servlet-api-3.1.0.jar:/home/runner/.m2/repository/org/eclipse/jetty/jetty-server/9.4.43.v20210629/jetty-server-9.4.43.v20210629.jar:/home/runner/.m2/repository/org/eclipse/jetty/jetty-http/9.4.43.v20210629/jetty-http-9.4.43.v20210629.jar:/home/runner/.m2/repository/org/eclipse/jetty/jetty-io/9.4.43.v20210629/jetty-io-9.4.43.v20210629.jar:/home/runner/.m2/repository/org/eclipse/jetty/jetty-webapp/9.4.43.v20210629/jetty-webapp-9.4.43.v20210629.jar:/home/runner/.m2/repository/org/eclipse/jetty/jetty-xml/9.4.43.v20210629/jetty-xml-9.4.43.v20210629.jar:/home/runner/.m2/repository/org/apache/hadoop/hadoop-common/3.3.1/hadoop-common-3.3.1.jar:/home/runner/.m2/repository/commons-net/commons-net/3.6/commons-net-3.6.jar:/home/runner/.m2/repository/jakarta/activation/jakarta.activation-api/1.2.1/jakarta.activation-api-1.2.1.jar:/home/runner/.m2/repository/com/sun/jersey/jersey-servlet/1.19/jersey-servlet-1.19.jar:/home/runner/.m2/repository/com/sun/jersey/jersey-json/1.19/jersey-json-1.19.jar:/home/runner/.m2/repository/org/codehaus/jettison/jettison/1.1/jettison-1.1.jar:/home/runner/.m2/repository/com/sun/xml/bind/jaxb-impl/2.2.3-1/jaxb-impl-2.2.3-1.jar:/home/runner/.m2/repository/org/codehaus/jackson/jackson-jaxrs/1.9.2/jackson-jaxrs-1.9.2.jar:/home/runner/.m2/repository/org/codehaus/jackson/jackson-xc/1.9.2/jackson-xc-1.9.2.jar:/home/runner/.m2/repository/org/apache/commons/commons-configuration2/2.1.1/commons-configuration2-2.1.1.jar:/home/runner/.m2/repository/org/apache/commons/commons-text/1.4/commons-text-1.4.jar:/home/runner/.m2/repository/com/google/re2j/re2j/1.1/re2j-1.1.jar:/home/runner/.m2/repository/com/jcraft/jsch/0.1.54/jsch-0.1.54.jar:/home/runner/.m2/repository/org/apache/curator/curator-client/4.2.0/curator-client-4.2.0.jar:/home/runner/.m2/repository/org/apache/curator/curator-recipes/4.2.0/curator-recipes-4.2.0.jar:/home/runner/.m2/repository/org/apache/kerby/kerb-core/1.0.1/kerb-core-1.0.1.jar:/home/runner/.m2/repository/org/apache/kerby/kerby-pkix/1.0.1/kerby-pkix-1.0.1.jar:/home/runner/.m2/repository/org/apache/kerby/kerby-asn1/1.0.1/kerby-asn1-1.0.1.jar:/home/runner/.m2/repository/org/apache/kerby/kerby-util/1.0.1/kerby-util-1.0.1.jar:/home/runner/.m2/repository/dnsjava/dnsjava/2.1.7/dnsjava-2.1.7.jar:/home/runner/.m2/repository/org/xerial/snappy/snappy-java/1.1.8.2/snappy-java-1.1.8.2.jar:/home/runner/.m2/repository/org/slf4j/jul-to-slf4j/1.7.30/jul-to-slf4j-1.7.30.jar:/home/runner/.m2/repository/org/eclipse/jetty/jetty-util/9.4.43.v20210629/jetty-util-9.4.43.v20210629.jar:/home/runner/.m2/repository/com/fasterxml/jackson/core/jackson-databind/2.12.1/jackson-databind-2.12.1.jar:/home/runner/.m2/repository/org/apache/hadoop/hadoop-kms/3.3.1/hadoop-kms-3.3.1-tests.jar:/home/runner/.m2/repository/org/apache/ozone/hdds-server-scm/1.2.0-SNAPSHOT/hdds-server-scm-1.2.0-SNAPSHOT-tests.jar:/home/runner/.m2/repository/org/apache/ozone/hdds-container-service/1.2.0-SNAPSHOT/hdds-container-service-1.2.0-SNAPSHOT-tests.jar:/home/runner/.m2/repository/commons-codec/commons-codec/1.11/commons-codec-1.11.jar:/home/runner/.m2/repository/io/netty/netty-transport/4.1.63.Final/netty-transport-4.1.63.Final.jar:/home/runner/.m2/repository/io/netty/netty-resolver/4.1.63.Final/netty-resolver-4.1.63.Final.jar:/home/runner/.m2/repository/io/netty/netty-codec/4.1.63.Final/netty-codec-4.1.63.Final.jar:/home/runner/.m2/repository/io/netty/netty-handler/4.1.63.Final/netty-handler-4.1.63.Final.jar:/home/runner/.m2/repository/org/apache/ozone/hdds-hadoop-dependency-test/1.2.0-SNAPSHOT/hdds-hadoop-dependency-test-1.2.0-SNAPSHOT.jar:/home/runner/.m2/repository/org/apache/hadoop/hadoop-common/3.3.1/hadoop-common-3.3.1-tests.jar:/home/runner/.m2/repository/org/assertj/assertj-core/3.12.2/assertj-core-3.12.2.jar:/home/runner/.m2/repository/org/apache/hadoop/hadoop-hdfs/3.3.1/hadoop-hdfs-3.3.1-tests.jar:/home/runner/.m2/repository/org/eclipse/jetty/jetty-util-ajax/9.4.43.v20210629/jetty-util-ajax-9.4.43.v20210629.jar:/home/runner/.m2/repository/commons-daemon/commons-daemon/1.0.13/commons-daemon-1.0.13.jar:/home/runner/.m2/repository/io/netty/netty/3.10.6.Final/netty-3.10.6.Final.jar:/home/runner/.m2/repository/io/netty/netty-all/4.1.63.Final/netty-all-4.1.63.Final.jar:/home/runner/.m2/repository/org/apache/htrace/htrace-core4/4.1.0-incubating/htrace-core4-4.1.0-incubating.jar:/home/runner/.m2/repository/org/fusesource/leveldbjni/leveldbjni-all/1.8/leveldbjni-all-1.8.jar:/home/runner/.m2/repository/org/apache/hadoop/hadoop-distcp/3.3.1/hadoop-distcp-3.3.1.jar:/home/runner/.m2/repository/org/apache/hadoop/hadoop-mapreduce-client-jobclient/3.3.1/hadoop-mapreduce-client-jobclient-3.3.1.jar:/home/runner/.m2/repository/org/apache/hadoop/hadoop-mapreduce-client-common/3.3.1/hadoop-mapreduce-client-common-3.3.1.jar:/home/runner/.m2/repository/org/apache/hadoop/hadoop-yarn-common/3.3.1/hadoop-yarn-common-3.3.1.jar:/home/runner/.m2/repository/org/apache/hadoop/hadoop-yarn-api/3.3.1/hadoop-yarn-api-3.3.1.jar:/home/runner/.m2/repository/com/sun/jersey/jersey-client/1.19/jersey-client-1.19.jar:/home/runner/.m2/repository/com/sun/jersey/contribs/jersey-guice/1.19/jersey-guice-1.19.jar:/home/runner/.m2/repository/com/fasterxml/jackson/jaxrs/jackson-jaxrs-json-provider/2.12.1/jackson-jaxrs-json-provider-2.12.1.jar:/home/runner/.m2/repository/com/fasterxml/jackson/jaxrs/jackson-jaxrs-base/2.12.1/jackson-jaxrs-base-2.12.1.jar:/home/runner/.m2/repository/org/apache/hadoop/hadoop-yarn-client/3.3.1/hadoop-yarn-client-3.3.1.jar:/home/runner/.m2/repository/org/eclipse/jetty/websocket/websocket-client/9.4.40.v20210413/websocket-client-9.4.40.v20210413.jar:/home/runner/.m2/repository/org/eclipse/jetty/jetty-client/9.4.40.v20210413/jetty-client-9.4.40.v20210413.jar:/home/runner/.m2/repository/org/eclipse/jetty/websocket/websocket-common/9.4.40.v20210413/websocket-common-9.4.40.v20210413.jar:/home/runner/.m2/repository/org/eclipse/jetty/websocket/websocket-api/9.4.40.v20210413/websocket-api-9.4.40.v20210413.jar:/home/runner/.m2/repository/org/jline/jline/3.9.0/jline-3.9.0.jar:/home/runner/.m2/repository/org/apache/hadoop/hadoop-mapreduce-client-core/3.3.1/hadoop-mapreduce-client-core-3.3.1.jar:/home/runner/.m2/repository/org/apache/avro/avro/1.7.7/avro-1.7.7.jar:/home/runner/.m2/repository/org/codehaus/jackson/jackson-core-asl/1.9.13/jackson-core-asl-1.9.13.jar:/home/runner/.m2/repository/org/codehaus/jackson/jackson-mapper-asl/1.9.13/jackson-mapper-asl-1.9.13.jar:/home/runner/.m2/repository/com/thoughtworks/paranamer/paranamer/2.3/paranamer-2.3.jar:/home/runner/.m2/repository/org/apache/hadoop/hadoop-annotations/3.3.1/hadoop-annotations-3.3.1.jar:/usr/lib/jvm/adoptopenjdk-8-hotspot-amd64/jre/../lib/tools.jar:/home/runner/.m2/repository/org/apache/hadoop/hadoop-distcp/3.3.1/hadoop-distcp-3.3.1-tests.jar:/home/runner/.m2/repository/org/apache/ratis/ratis-common/2.1.0-03f3b68-SNAPSHOT/ratis-common-2.1.0-03f3b68-SNAPSHOT.jar:/home/runner/.m2/repository/org/apache/ratis/ratis-thirdparty-misc/0.7.0/ratis-thirdparty-misc-0.7.0.jar:/home/runner/.m2/repository/org/apache/ratis/ratis-proto/2.1.0-03f3b68-SNAPSHOT/ratis-proto-2.1.0-03f3b68-SNAPSHOT.jar:"/>
    <property name="java.vm.vendor" value="AdoptOpenJDK"/>
    <property name="sun.arch.data.model" value="64"/>
    <property name="test.build.dir" value="/home/runner/work/ozone/ozone/hadoop-ozone/integration-test/target/test-dir"/>
    <property name="test.cache.data" value=""/>
    <property name="java.vendor.url" value="https://adoptopenjdk.net/"/>
    <property name="user.timezone" value=""/>
    <property name="java.vm.specification.version" value="1.8"/>
    <property name="os.name" value="Linux"/>
    <property name="test.build.data" value="/home/runner/work/ozone/ozone/hadoop-ozone/integration-test/target/test-dir"/>
    <property name="sun.java.launcher" value="SUN_STANDARD"/>
    <property name="sun.boot.library.path" value="/usr/lib/jvm/adoptopenjdk-8-hotspot-amd64/jre/lib/amd64"/>
    <property name="sun.java.command" value="/home/runner/work/ozone/ozone/hadoop-ozone/integration-test/target/surefire/surefirebooter8492038539466116306.jar /home/runner/work/ozone/ozone/hadoop-ozone/integration-test/target/surefire 2021-09-02T02-02-19_246-jvmRun1 surefire3241716069521693711tmp surefire_59099454016020634442tmp"/>
    <property name="surefire.test.class.path" value="/home/runner/work/ozone/ozone/hadoop-ozone/integration-test/target/test-classes:/home/runner/work/ozone/ozone/hadoop-ozone/integration-test/target/classes:/home/runner/.m2/repository/org/apache/ozone/ozone-common/1.2.0-SNAPSHOT/ozone-common-1.2.0-SNAPSHOT.jar:/home/runner/.m2/repository/org/apache/commons/commons-compress/1.20/commons-compress-1.20.jar:/home/runner/.m2/repository/org/apache/ozone/hdds-common/1.2.0-SNAPSHOT/hdds-common-1.2.0-SNAPSHOT.jar:/home/runner/.m2/repository/org/apache/ozone/hdds-client/1.2.0-SNAPSHOT/hdds-client-1.2.0-SNAPSHOT.jar:/home/runner/.m2/repository/org/apache/ozone/ozone-interface-client/1.2.0-SNAPSHOT/ozone-interface-client-1.2.0-SNAPSHOT.jar:/home/runner/.m2/repository/org/apache/ozone/hdds-server-framework/1.2.0-SNAPSHOT/hdds-server-framework-1.2.0-SNAPSHOT.jar:/home/runner/.m2/repository/org/apache/ozone/hdds-interface-server/1.2.0-SNAPSHOT/hdds-interface-server-1.2.0-SNAPSHOT.jar:/home/runner/.m2/repository/org/eclipse/jetty/jetty-servlet/9.4.43.v20210629/jetty-servlet-9.4.43.v20210629.jar:/home/runner/.m2/repository/org/eclipse/jetty/jetty-security/9.4.43.v20210629/jetty-security-9.4.43.v20210629.jar:/home/runner/.m2/repository/org/rocksdb/rocksdbjni/6.20.3/rocksdbjni-6.20.3.jar:/home/runner/.m2/repository/io/prometheus/simpleclient_dropwizard/0.7.0/simpleclient_dropwizard-0.7.0.jar:/home/runner/.m2/repository/io/prometheus/simpleclient/0.7.0/simpleclient-0.7.0.jar:/home/runner/.m2/repository/io/prometheus/simpleclient_common/0.7.0/simpleclient_common-0.7.0.jar:/home/runner/.m2/repository/com/fasterxml/jackson/datatype/jackson-datatype-jsr310/2.12.1/jackson-datatype-jsr310-2.12.1.jar:/home/runner/.m2/repository/org/apache/ozone/hdds-test-utils/1.2.0-SNAPSHOT/hdds-test-utils-1.2.0-SNAPSHOT.jar:/home/runner/.m2/repository/com/google/guava/guava/30.1.1-jre/guava-30.1.1-jre.jar:/home/runner/.m2/repository/com/google/guava/failureaccess/1.0.1/failureaccess-1.0.1.jar:/home/runner/.m2/repository/com/google/guava/listenablefuture/9999.0-empty-to-avoid-conflict-with-guava/listenablefuture-9999.0-empty-to-avoid-conflict-with-guava.jar:/home/runner/.m2/repository/com/google/code/findbugs/jsr305/3.0.0/jsr305-3.0.0.jar:/home/runner/.m2/repository/org/checkerframework/checker-qual/3.8.0/checker-qual-3.8.0.jar:/home/runner/.m2/repository/com/google/errorprone/error_prone_annotations/2.2.0/error_prone_annotations-2.2.0.jar:/home/runner/.m2/repository/com/google/j2objc/j2objc-annotations/1.3/j2objc-annotations-1.3.jar:/home/runner/.m2/repository/commons-io/commons-io/2.8.0/commons-io-2.8.0.jar:/home/runner/.m2/repository/commons-logging/commons-logging/1.2/commons-logging-1.2.jar:/home/runner/.m2/repository/log4j/log4j/1.2.17/log4j-1.2.17.jar:/home/runner/.m2/repository/org/slf4j/slf4j-api/1.7.30/slf4j-api-1.7.30.jar:/home/runner/.m2/repository/org/apache/ozone/hdds-server-scm/1.2.0-SNAPSHOT/hdds-server-scm-1.2.0-SNAPSHOT.jar:/home/runner/.m2/repository/org/apache/ozone/hdds-container-service/1.2.0-SNAPSHOT/hdds-container-service-1.2.0-SNAPSHOT.jar:/home/runner/.m2/repository/org/apache/ozone/hdds-hadoop-dependency-server/1.2.0-SNAPSHOT/hdds-hadoop-dependency-server-1.2.0-SNAPSHOT.jar:/home/runner/.m2/repository/org/apache/hadoop/hadoop-hdfs/3.3.1/hadoop-hdfs-3.3.1.jar:/home/runner/.m2/repository/io/dropwizard/metrics/metrics-core/3.2.4/metrics-core-3.2.4.jar:/home/runner/.m2/repository/org/apache/hadoop/hadoop-hdfs-client/3.3.1/hadoop-hdfs-client-3.3.1.jar:/home/runner/.m2/repository/org/bouncycastle/bcprov-jdk15on/1.67/bcprov-jdk15on-1.67.jar:/home/runner/.m2/repository/com/google/protobuf/protobuf-java/2.5.0/protobuf-java-2.5.0.jar:/home/runner/.m2/repository/org/apache/ozone/ozone-manager/1.2.0-SNAPSHOT/ozone-manager-1.2.0-SNAPSHOT.jar:/home/runner/.m2/repository/org/aspectj/aspectjrt/1.8.9/aspectjrt-1.8.9.jar:/home/runner/.m2/repository/org/aspectj/aspectjweaver/1.8.9/aspectjweaver-1.8.9.jar:/home/runner/.m2/repository/org/apache/ozone/hdds-interface-client/1.2.0-SNAPSHOT/hdds-interface-client-1.2.0-SNAPSHOT.jar:/home/runner/.m2/repository/org/apache/hadoop/thirdparty/hadoop-shaded-protobuf_3_7/1.1.1/hadoop-shaded-protobuf_3_7-1.1.1.jar:/home/runner/.m2/repository/org/apache/ozone/ozone-interface-storage/1.2.0-SNAPSHOT/ozone-interface-storage-1.2.0-SNAPSHOT.jar:/home/runner/.m2/repository/org/reflections/reflections/0.9.11/reflections-0.9.11.jar:/home/runner/.m2/repository/org/apache/hadoop/hadoop-minikdc/3.3.1/hadoop-minikdc-3.3.1.jar:/home/runner/.m2/repository/org/apache/kerby/kerb-simplekdc/1.0.1/kerb-simplekdc-1.0.1.jar:/home/runner/.m2/repository/org/apache/kerby/kerb-client/1.0.1/kerb-client-1.0.1.jar:/home/runner/.m2/repository/org/apache/kerby/kerby-config/1.0.1/kerby-config-1.0.1.jar:/home/runner/.m2/repository/org/apache/kerby/kerb-common/1.0.1/kerb-common-1.0.1.jar:/home/runner/.m2/repository/org/apache/kerby/kerb-crypto/1.0.1/kerb-crypto-1.0.1.jar:/home/runner/.m2/repository/org/apache/kerby/kerb-util/1.0.1/kerb-util-1.0.1.jar:/home/runner/.m2/repository/org/apache/kerby/token-provider/1.0.1/token-provider-1.0.1.jar:/home/runner/.m2/repository/org/apache/kerby/kerb-admin/1.0.1/kerb-admin-1.0.1.jar:/home/runner/.m2/repository/org/apache/kerby/kerb-server/1.0.1/kerb-server-1.0.1.jar:/home/runner/.m2/repository/org/apache/kerby/kerb-identity/1.0.1/kerb-identity-1.0.1.jar:/home/runner/.m2/repository/org/apache/kerby/kerby-xdr/1.0.1/kerby-xdr-1.0.1.jar:/home/runner/.m2/repository/org/slf4j/slf4j-log4j12/1.7.30/slf4j-log4j12-1.7.30.jar:/home/runner/.m2/repository/org/apache/ozone/ozone-s3gateway/1.2.0-SNAPSHOT/ozone-s3gateway-1.2.0-SNAPSHOT.jar:/home/runner/.m2/repository/org/javassist/javassist/3.21.0-GA/javassist-3.21.0-GA.jar:/home/runner/.m2/repository/org/jboss/weld/servlet/weld-servlet/2.4.7.Final/weld-servlet-2.4.7.Final.jar:/home/runner/.m2/repository/org/glassfish/jersey/containers/jersey-container-servlet-core/2.33/jersey-container-servlet-core-2.33.jar:/home/runner/.m2/repository/org/glassfish/hk2/external/jakarta.inject/2.6.1/jakarta.inject-2.6.1.jar:/home/runner/.m2/repository/org/glassfish/jersey/core/jersey-common/2.33/jersey-common-2.33.jar:/home/runner/.m2/repository/jakarta/ws/rs/jakarta.ws.rs-api/2.1.6/jakarta.ws.rs-api-2.1.6.jar:/home/runner/.m2/repository/org/glassfish/jersey/ext/cdi/jersey-cdi1x/2.33/jersey-cdi1x-2.33.jar:/home/runner/.m2/repository/org/glassfish/jersey/inject/jersey-hk2/2.33/jersey-hk2-2.33.jar:/home/runner/.m2/repository/org/glassfish/hk2/hk2-locator/2.6.1/hk2-locator-2.6.1.jar:/home/runner/.m2/repository/org/glassfish/jersey/media/jersey-media-jaxb/2.33/jersey-media-jaxb-2.33.jar:/home/runner/.m2/repository/org/glassfish/hk2/osgi-resource-locator/1.0.3/osgi-resource-locator-1.0.3.jar:/home/runner/.m2/repository/org/glassfish/hk2/hk2-api/2.5.0/hk2-api-2.5.0.jar:/home/runner/.m2/repository/org/glassfish/hk2/hk2-utils/2.5.0/hk2-utils-2.5.0.jar:/home/runner/.m2/repository/org/glassfish/hk2/external/aopalliance-repackaged/2.5.0/aopalliance-repackaged-2.5.0.jar:/home/runner/.m2/repository/com/fasterxml/jackson/dataformat/jackson-dataformat-xml/2.12.1/jackson-dataformat-xml-2.12.1.jar:/home/runner/.m2/repository/com/fasterxml/jackson/core/jackson-core/2.12.1/jackson-core-2.12.1.jar:/home/runner/.m2/repository/com/fasterxml/jackson/module/jackson-module-jaxb-annotations/2.12.1/jackson-module-jaxb-annotations-2.12.1.jar:/home/runner/.m2/repository/jakarta/xml/bind/jakarta.xml.bind-api/2.3.2/jakarta.xml.bind-api-2.3.2.jar:/home/runner/.m2/repository/org/codehaus/woodstox/stax2-api/3.1.4/stax2-api-3.1.4.jar:/home/runner/.m2/repository/com/fasterxml/woodstox/woodstox-core/5.0.3/woodstox-core-5.0.3.jar:/home/runner/.m2/repository/javax/enterprise/cdi-api/1.2/cdi-api-1.2.jar:/home/runner/.m2/repository/javax/el/javax.el-api/3.0.0/javax.el-api-3.0.0.jar:/home/runner/.m2/repository/javax/interceptor/javax.interceptor-api/1.2/javax.interceptor-api-1.2.jar:/home/runner/.m2/repository/javax/inject/javax.inject/1/javax.inject-1.jar:/home/runner/.m2/repository/javax/xml/bind/jaxb-api/2.3.0/jaxb-api-2.3.0.jar:/home/runner/.m2/repository/org/glassfish/jaxb/jaxb-runtime/2.3.0.1/jaxb-runtime-2.3.0.1.jar:/home/runner/.m2/repository/org/glassfish/jaxb/jaxb-core/2.3.0.1/jaxb-core-2.3.0.1.jar:/home/runner/.m2/repository/org/glassfish/jaxb/txw2/2.3.0.1/txw2-2.3.0.1.jar:/home/runner/.m2/repository/com/sun/istack/istack-commons-runtime/3.0.5/istack-commons-runtime-3.0.5.jar:/home/runner/.m2/repository/org/jvnet/staxex/stax-ex/1.7.8/stax-ex-1.7.8.jar:/home/runner/.m2/repository/com/sun/xml/fastinfoset/FastInfoset/1.2.13/FastInfoset-1.2.13.jar:/home/runner/.m2/repository/javax/activation/activation/1.1.1/activation-1.1.1.jar:/home/runner/.m2/repository/org/apache/ozone/ozone-csi/1.2.0-SNAPSHOT/ozone-csi-1.2.0-SNAPSHOT.jar:/home/runner/.m2/repository/com/google/protobuf/protobuf-java-util/3.12.0/protobuf-java-util-3.12.0.jar:/home/runner/.m2/repository/com/google/code/gson/gson/2.2.4/gson-2.2.4.jar:/home/runner/.m2/repository/org/apache/ozone/hdds-config/1.2.0-SNAPSHOT/hdds-config-1.2.0-SNAPSHOT.jar:/home/runner/.m2/repository/io/grpc/grpc-netty/1.33.0/grpc-netty-1.33.0.jar:/home/runner/.m2/repository/io/grpc/grpc-core/1.33.0/grpc-core-1.33.0.jar:/home/runner/.m2/repository/com/google/android/annotations/4.1.1.4/annotations-4.1.1.4.jar:/home/runner/.m2/repository/io/netty/netty-codec-http2/4.1.63.Final/netty-codec-http2-4.1.63.Final.jar:/home/runner/.m2/repository/io/netty/netty-codec-http/4.1.63.Final/netty-codec-http-4.1.63.Final.jar:/home/runner/.m2/repository/io/netty/netty-handler-proxy/4.1.63.Final/netty-handler-proxy-4.1.63.Final.jar:/home/runner/.m2/repository/io/netty/netty-codec-socks/4.1.63.Final/netty-codec-socks-4.1.63.Final.jar:/home/runner/.m2/repository/io/perfmark/perfmark-api/0.19.0/perfmark-api-0.19.0.jar:/home/runner/.m2/repository/org/codehaus/mojo/animal-sniffer-annotations/1.18/animal-sniffer-annotations-1.18.jar:/home/runner/.m2/repository/io/netty/netty-transport-native-epoll/4.1.63.Final/netty-transport-native-epoll-4.1.63.Final.jar:/home/runner/.m2/repository/io/netty/netty-common/4.1.63.Final/netty-common-4.1.63.Final.jar:/home/runner/.m2/repository/io/netty/netty-buffer/4.1.63.Final/netty-buffer-4.1.63.Final.jar:/home/runner/.m2/repository/io/netty/netty-transport-native-unix-common/4.1.63.Final/netty-transport-native-unix-common-4.1.63.Final.jar:/home/runner/.m2/repository/io/grpc/grpc-protobuf/1.33.0/grpc-protobuf-1.33.0.jar:/home/runner/.m2/repository/io/grpc/grpc-api/1.33.0/grpc-api-1.33.0.jar:/home/runner/.m2/repository/io/grpc/grpc-context/1.33.0/grpc-context-1.33.0.jar:/home/runner/.m2/repository/com/google/api/grpc/proto-google-common-protos/1.17.0/proto-google-common-protos-1.17.0.jar:/home/runner/.m2/repository/io/grpc/grpc-protobuf-lite/1.33.0/grpc-protobuf-lite-1.33.0.jar:/home/runner/.m2/repository/io/grpc/grpc-stub/1.33.0/grpc-stub-1.33.0.jar:/home/runner/.m2/repository/org/apache/ozone/ozone-recon/1.2.0-SNAPSHOT/ozone-recon-1.2.0-SNAPSHOT.jar:/home/runner/.m2/repository/org/apache/ozone/ozone-reconcodegen/1.2.0-SNAPSHOT/ozone-reconcodegen-1.2.0-SNAPSHOT.jar:/home/runner/.m2/repository/com/google/inject/extensions/guice-multibindings/4.0/guice-multibindings-4.0.jar:/home/runner/.m2/repository/com/google/inject/guice/4.0/guice-4.0.jar:/home/runner/.m2/repository/aopalliance/aopalliance/1.0/aopalliance-1.0.jar:/home/runner/.m2/repository/com/google/inject/extensions/guice-assistedinject/4.0/guice-assistedinject-4.0.jar:/home/runner/.m2/repository/com/google/inject/extensions/guice-servlet/4.0/guice-servlet-4.0.jar:/home/runner/.m2/repository/org/glassfish/jersey/containers/jersey-container-servlet/2.33/jersey-container-servlet-2.33.jar:/home/runner/.m2/repository/org/glassfish/hk2/guice-bridge/2.5.0/guice-bridge-2.5.0.jar:/home/runner/.m2/repository/org/glassfish/jersey/core/jersey-server/2.33/jersey-server-2.33.jar:/home/runner/.m2/repository/org/glassfish/jersey/core/jersey-client/2.33/jersey-client-2.33.jar:/home/runner/.m2/repository/jakarta/annotation/jakarta.annotation-api/1.3.5/jakarta.annotation-api-1.3.5.jar:/home/runner/.m2/repository/jakarta/validation/jakarta.validation-api/2.0.2/jakarta.validation-api-2.0.2.jar:/home/runner/.m2/repository/org/glassfish/jersey/media/jersey-media-json-jackson/2.33/jersey-media-json-jackson-2.33.jar:/home/runner/.m2/repository/org/glassfish/jersey/ext/jersey-entity-filtering/2.33/jersey-entity-filtering-2.33.jar:/home/runner/.m2/repository/org/jooq/jooq/3.11.10/jooq-3.11.10.jar:/home/runner/.m2/repository/org/jooq/jooq-meta/3.11.10/jooq-meta-3.11.10.jar:/home/runner/.m2/repository/org/jooq/jooq-codegen/3.11.10/jooq-codegen-3.11.10.jar:/home/runner/.m2/repository/com/jolbox/bonecp/0.8.0.RELEASE/bonecp-0.8.0.RELEASE.jar:/home/runner/.m2/repository/org/apache/derby/derby/10.14.2.0/derby-10.14.2.0.jar:/home/runner/.m2/repository/org/xerial/sqlite-jdbc/3.25.2/sqlite-jdbc-3.25.2.jar:/home/runner/.m2/repository/org/springframework/spring-jdbc/5.2.11.RELEASE/spring-jdbc-5.2.11.RELEASE.jar:/home/runner/.m2/repository/org/springframework/spring-beans/5.2.11.RELEASE/spring-beans-5.2.11.RELEASE.jar:/home/runner/.m2/repository/org/springframework/spring-core/5.2.11.RELEASE/spring-core-5.2.11.RELEASE.jar:/home/runner/.m2/repository/org/springframework/spring-jcl/5.2.11.RELEASE/spring-jcl-5.2.11.RELEASE.jar:/home/runner/.m2/repository/org/springframework/spring-tx/5.2.11.RELEASE/spring-tx-5.2.11.RELEASE.jar:/home/runner/.m2/repository/org/apache/ozone/ozone-client/1.2.0-SNAPSHOT/ozone-client-1.2.0-SNAPSHOT.jar:/home/runner/.m2/repository/org/apache/ozone/ozone-filesystem/1.2.0-SNAPSHOT/ozone-filesystem-1.2.0-SNAPSHOT.jar:/home/runner/.m2/repository/org/apache/ozone/ozone-filesystem-common/1.2.0-SNAPSHOT/ozone-filesystem-common-1.2.0-SNAPSHOT.jar:/home/runner/.m2/repository/org/apache/ozone/ozone-tools/1.2.0-SNAPSHOT/ozone-tools-1.2.0-SNAPSHOT.jar:/home/runner/.m2/repository/org/apache/ratis/ratis-tools/2.1.0-03f3b68-SNAPSHOT/ratis-tools-2.1.0-03f3b68-SNAPSHOT.jar:/home/runner/.m2/repository/com/amazonaws/aws-java-sdk-core/1.11.901/aws-java-sdk-core-1.11.901.jar:/home/runner/.m2/repository/org/apache/httpcomponents/httpclient/4.5.13/httpclient-4.5.13.jar:/home/runner/.m2/repository/org/apache/httpcomponents/httpcore/4.4.13/httpcore-4.4.13.jar:/home/runner/.m2/repository/software/amazon/ion/ion-java/1.0.2/ion-java-1.0.2.jar:/home/runner/.m2/repository/com/fasterxml/jackson/dataformat/jackson-dataformat-cbor/2.12.1/jackson-dataformat-cbor-2.12.1.jar:/home/runner/.m2/repository/joda-time/joda-time/2.8.1/joda-time-2.8.1.jar:/home/runner/.m2/repository/com/amazonaws/aws-java-sdk-s3/1.11.901/aws-java-sdk-s3-1.11.901.jar:/home/runner/.m2/repository/com/amazonaws/aws-java-sdk-kms/1.11.901/aws-java-sdk-kms-1.11.901.jar:/home/runner/.m2/repository/com/amazonaws/jmespath-java/1.11.901/jmespath-java-1.11.901.jar:/home/runner/.m2/repository/org/kohsuke/metainf-services/metainf-services/1.8/metainf-services-1.8.jar:/home/runner/.m2/repository/org/apache/ozone/hdds-tools/1.2.0-SNAPSHOT/hdds-tools-1.2.0-SNAPSHOT.jar:/home/runner/.m2/repository/commons-cli/commons-cli/1.2/commons-cli-1.2.jar:/home/runner/.m2/repository/org/apache/commons/commons-lang3/3.7/commons-lang3-3.7.jar:/home/runner/.m2/repository/org/apache/ozone/ozone-manager/1.2.0-SNAPSHOT/ozone-manager-1.2.0-SNAPSHOT-tests.jar:/home/runner/.m2/repository/org/apache/ozone/hdds-common/1.2.0-SNAPSHOT/hdds-common-1.2.0-SNAPSHOT-tests.jar:/home/runner/.m2/repository/org/apache/ozone/hdds-hadoop-dependency-client/1.2.0-SNAPSHOT/hdds-hadoop-dependency-client-1.2.0-SNAPSHOT.jar:/home/runner/.m2/repository/info/picocli/picocli/4.6.1/picocli-4.6.1.jar:/home/runner/.m2/repository/com/fasterxml/jackson/core/jackson-annotations/2.12.1/jackson-annotations-2.12.1.jar:/home/runner/.m2/repository/javax/annotation/javax.annotation-api/1.2/javax.annotation-api-1.2.jar:/home/runner/.m2/repository/org/apache/ratis/ratis-server/2.1.0-03f3b68-SNAPSHOT/ratis-server-2.1.0-03f3b68-SNAPSHOT.jar:/home/runner/.m2/repository/org/apache/ratis/ratis-client/2.1.0-03f3b68-SNAPSHOT/ratis-client-2.1.0-03f3b68-SNAPSHOT.jar:/home/runner/.m2/repository/org/apache/ratis/ratis-server-api/2.1.0-03f3b68-SNAPSHOT/ratis-server-api-2.1.0-03f3b68-SNAPSHOT.jar:/home/runner/.m2/repository/org/apache/ratis/ratis-metrics/2.1.0-03f3b68-SNAPSHOT/ratis-metrics-2.1.0-03f3b68-SNAPSHOT.jar:/home/runner/.m2/repository/org/apache/ratis/ratis-netty/2.1.0-03f3b68-SNAPSHOT/ratis-netty-2.1.0-03f3b68-SNAPSHOT.jar:/home/runner/.m2/repository/org/apache/ratis/ratis-grpc/2.1.0-03f3b68-SNAPSHOT/ratis-grpc-2.1.0-03f3b68-SNAPSHOT.jar:/home/runner/.m2/repository/org/apache/logging/log4j/log4j-api/2.13.3/log4j-api-2.13.3.jar:/home/runner/.m2/repository/org/apache/logging/log4j/log4j-core/2.13.3/log4j-core-2.13.3.jar:/home/runner/.m2/repository/com/lmax/disruptor/3.4.2/disruptor-3.4.2.jar:/home/runner/.m2/repository/org/apache/commons/commons-pool2/2.6.0/commons-pool2-2.6.0.jar:/home/runner/.m2/repository/org/bouncycastle/bcpkix-jdk15on/1.67/bcpkix-jdk15on-1.67.jar:/home/runner/.m2/repository/commons-validator/commons-validator/1.6/commons-validator-1.6.jar:/home/runner/.m2/repository/commons-beanutils/commons-beanutils/1.9.4/commons-beanutils-1.9.4.jar:/home/runner/.m2/repository/commons-digester/commons-digester/1.8.1/commons-digester-1.8.1.jar:/home/runner/.m2/repository/commons-collections/commons-collections/3.2.2/commons-collections-3.2.2.jar:/home/runner/.m2/repository/io/jaegertracing/jaeger-client/1.6.0/jaeger-client-1.6.0.jar:/home/runner/.m2/repository/io/jaegertracing/jaeger-thrift/1.6.0/jaeger-thrift-1.6.0.jar:/home/runner/.m2/repository/org/apache/thrift/libthrift/0.14.1/libthrift-0.14.1.jar:/home/runner/.m2/repository/com/squareup/okhttp3/okhttp/4.9.0/okhttp-4.9.0.jar:/home/runner/.m2/repository/com/squareup/okio/okio/2.8.0/okio-2.8.0.jar:/home/runner/.m2/repository/io/jaegertracing/jaeger-core/1.6.0/jaeger-core-1.6.0.jar:/home/runner/.m2/repository/io/jaegertracing/jaeger-tracerresolver/1.6.0/jaeger-tracerresolver-1.6.0.jar:/home/runner/.m2/repository/io/opentracing/contrib/opentracing-tracerresolver/0.1.8/opentracing-tracerresolver-0.1.8.jar:/home/runner/.m2/repository/org/jetbrains/kotlin/kotlin-stdlib/1.4.31/kotlin-stdlib-1.4.31.jar:/home/runner/.m2/repository/org/jetbrains/kotlin/kotlin-stdlib-common/1.4.31/kotlin-stdlib-common-1.4.31.jar:/home/runner/.m2/repository/org/jetbrains/annotations/13.0/annotations-13.0.jar:/home/runner/.m2/repository/io/opentracing/opentracing-util/0.33.0/opentracing-util-0.33.0.jar:/home/runner/.m2/repository/io/opentracing/opentracing-api/0.33.0/opentracing-api-0.33.0.jar:/home/runner/.m2/repository/io/opentracing/opentracing-noop/0.33.0/opentracing-noop-0.33.0.jar:/home/runner/.m2/repository/org/yaml/snakeyaml/1.26/snakeyaml-1.26.jar:/home/runner/.m2/repository/org/apache/ozone/hdds-interface-admin/1.2.0-SNAPSHOT/hdds-interface-admin-1.2.0-SNAPSHOT.jar:/home/runner/.m2/repository/junit/junit/4.13.1/junit-4.13.1.jar:/home/runner/.m2/repository/org/hamcrest/hamcrest-core/1.3/hamcrest-core-1.3.jar:/home/runner/.m2/repository/org/junit/jupiter/junit-jupiter-api/5.7.0/junit-jupiter-api-5.7.0.jar:/home/runner/.m2/repository/org/apiguardian/apiguardian-api/1.1.0/apiguardian-api-1.1.0.jar:/home/runner/.m2/repository/org/opentest4j/opentest4j/1.2.0/opentest4j-1.2.0.jar:/home/runner/.m2/repository/org/junit/platform/junit-platform-commons/1.7.0/junit-platform-commons-1.7.0.jar:/home/runner/.m2/repository/org/junit/jupiter/junit-jupiter-engine/5.7.0/junit-jupiter-engine-5.7.0.jar:/home/runner/.m2/repository/org/junit/platform/junit-platform-engine/1.7.0/junit-platform-engine-1.7.0.jar:/home/runner/.m2/repository/org/junit/vintage/junit-vintage-engine/5.7.0/junit-vintage-engine-5.7.0.jar:/home/runner/.m2/repository/org/junit/platform/junit-platform-launcher/1.7.0/junit-platform-launcher-1.7.0.jar:/home/runner/.m2/repository/org/openjdk/jmh/jmh-core/1.19/jmh-core-1.19.jar:/home/runner/.m2/repository/net/sf/jopt-simple/jopt-simple/4.6/jopt-simple-4.6.jar:/home/runner/.m2/repository/org/apache/commons/commons-math3/3.1.1/commons-math3-3.1.1.jar:/home/runner/.m2/repository/org/openjdk/jmh/jmh-generator-annprocess/1.19/jmh-generator-annprocess-1.19.jar:/home/runner/.m2/repository/org/mockito/mockito-core/2.28.2/mockito-core-2.28.2.jar:/home/runner/.m2/repository/net/bytebuddy/byte-buddy/1.9.10/byte-buddy-1.9.10.jar:/home/runner/.m2/repository/net/bytebuddy/byte-buddy-agent/1.9.10/byte-buddy-agent-1.9.10.jar:/home/runner/.m2/repository/org/objenesis/objenesis/1.0/objenesis-1.0.jar:/home/runner/.m2/repository/org/apache/hadoop/hadoop-kms/3.3.1/hadoop-kms-3.3.1.jar:/home/runner/.m2/repository/org/apache/hadoop/hadoop-auth/3.3.1/hadoop-auth-3.3.1.jar:/home/runner/.m2/repository/com/nimbusds/nimbus-jose-jwt/7.9/nimbus-jose-jwt-7.9.jar:/home/runner/.m2/repository/com/github/stephenc/jcip/jcip-annotations/1.0-1/jcip-annotations-1.0-1.jar:/home/runner/.m2/repository/net/minidev/json-smart/2.3/json-smart-2.3.jar:/home/runner/.m2/repository/net/minidev/accessors-smart/1.2/accessors-smart-1.2.jar:/home/runner/.m2/repository/org/ow2/asm/asm/5.0.4/asm-5.0.4.jar:/home/runner/.m2/repository/org/apache/zookeeper/zookeeper/3.5.6/zookeeper-3.5.6.jar:/home/runner/.m2/repository/org/apache/zookeeper/zookeeper-jute/3.5.6/zookeeper-jute-3.5.6.jar:/home/runner/.m2/repository/org/apache/yetus/audience-annotations/0.5.0/audience-annotations-0.5.0.jar:/home/runner/.m2/repository/org/apache/curator/curator-framework/4.2.0/curator-framework-4.2.0.jar:/home/runner/.m2/repository/org/apache/hadoop/thirdparty/hadoop-shaded-guava/1.1.1/hadoop-shaded-guava-1.1.1.jar:/home/runner/.m2/repository/com/sun/jersey/jersey-core/1.19/jersey-core-1.19.jar:/home/runner/.m2/repository/javax/ws/rs/jsr311-api/1.1.1/jsr311-api-1.1.1.jar:/home/runner/.m2/repository/com/sun/jersey/jersey-server/1.19/jersey-server-1.19.jar:/home/runner/.m2/repository/javax/servlet/javax.servlet-api/3.1.0/javax.servlet-api-3.1.0.jar:/home/runner/.m2/repository/org/eclipse/jetty/jetty-server/9.4.43.v20210629/jetty-server-9.4.43.v20210629.jar:/home/runner/.m2/repository/org/eclipse/jetty/jetty-http/9.4.43.v20210629/jetty-http-9.4.43.v20210629.jar:/home/runner/.m2/repository/org/eclipse/jetty/jetty-io/9.4.43.v20210629/jetty-io-9.4.43.v20210629.jar:/home/runner/.m2/repository/org/eclipse/jetty/jetty-webapp/9.4.43.v20210629/jetty-webapp-9.4.43.v20210629.jar:/home/runner/.m2/repository/org/eclipse/jetty/jetty-xml/9.4.43.v20210629/jetty-xml-9.4.43.v20210629.jar:/home/runner/.m2/repository/org/apache/hadoop/hadoop-common/3.3.1/hadoop-common-3.3.1.jar:/home/runner/.m2/repository/commons-net/commons-net/3.6/commons-net-3.6.jar:/home/runner/.m2/repository/jakarta/activation/jakarta.activation-api/1.2.1/jakarta.activation-api-1.2.1.jar:/home/runner/.m2/repository/com/sun/jersey/jersey-servlet/1.19/jersey-servlet-1.19.jar:/home/runner/.m2/repository/com/sun/jersey/jersey-json/1.19/jersey-json-1.19.jar:/home/runner/.m2/repository/org/codehaus/jettison/jettison/1.1/jettison-1.1.jar:/home/runner/.m2/repository/com/sun/xml/bind/jaxb-impl/2.2.3-1/jaxb-impl-2.2.3-1.jar:/home/runner/.m2/repository/org/codehaus/jackson/jackson-jaxrs/1.9.2/jackson-jaxrs-1.9.2.jar:/home/runner/.m2/repository/org/codehaus/jackson/jackson-xc/1.9.2/jackson-xc-1.9.2.jar:/home/runner/.m2/repository/org/apache/commons/commons-configuration2/2.1.1/commons-configuration2-2.1.1.jar:/home/runner/.m2/repository/org/apache/commons/commons-text/1.4/commons-text-1.4.jar:/home/runner/.m2/repository/com/google/re2j/re2j/1.1/re2j-1.1.jar:/home/runner/.m2/repository/com/jcraft/jsch/0.1.54/jsch-0.1.54.jar:/home/runner/.m2/repository/org/apache/curator/curator-client/4.2.0/curator-client-4.2.0.jar:/home/runner/.m2/repository/org/apache/curator/curator-recipes/4.2.0/curator-recipes-4.2.0.jar:/home/runner/.m2/repository/org/apache/kerby/kerb-core/1.0.1/kerb-core-1.0.1.jar:/home/runner/.m2/repository/org/apache/kerby/kerby-pkix/1.0.1/kerby-pkix-1.0.1.jar:/home/runner/.m2/repository/org/apache/kerby/kerby-asn1/1.0.1/kerby-asn1-1.0.1.jar:/home/runner/.m2/repository/org/apache/kerby/kerby-util/1.0.1/kerby-util-1.0.1.jar:/home/runner/.m2/repository/dnsjava/dnsjava/2.1.7/dnsjava-2.1.7.jar:/home/runner/.m2/repository/org/xerial/snappy/snappy-java/1.1.8.2/snappy-java-1.1.8.2.jar:/home/runner/.m2/repository/org/slf4j/jul-to-slf4j/1.7.30/jul-to-slf4j-1.7.30.jar:/home/runner/.m2/repository/org/eclipse/jetty/jetty-util/9.4.43.v20210629/jetty-util-9.4.43.v20210629.jar:/home/runner/.m2/repository/com/fasterxml/jackson/core/jackson-databind/2.12.1/jackson-databind-2.12.1.jar:/home/runner/.m2/repository/org/apache/hadoop/hadoop-kms/3.3.1/hadoop-kms-3.3.1-tests.jar:/home/runner/.m2/repository/org/apache/ozone/hdds-server-scm/1.2.0-SNAPSHOT/hdds-server-scm-1.2.0-SNAPSHOT-tests.jar:/home/runner/.m2/repository/org/apache/ozone/hdds-container-service/1.2.0-SNAPSHOT/hdds-container-service-1.2.0-SNAPSHOT-tests.jar:/home/runner/.m2/repository/commons-codec/commons-codec/1.11/commons-codec-1.11.jar:/home/runner/.m2/repository/io/netty/netty-transport/4.1.63.Final/netty-transport-4.1.63.Final.jar:/home/runner/.m2/repository/io/netty/netty-resolver/4.1.63.Final/netty-resolver-4.1.63.Final.jar:/home/runner/.m2/repository/io/netty/netty-codec/4.1.63.Final/netty-codec-4.1.63.Final.jar:/home/runner/.m2/repository/io/netty/netty-handler/4.1.63.Final/netty-handler-4.1.63.Final.jar:/home/runner/.m2/repository/org/apache/ozone/hdds-hadoop-dependency-test/1.2.0-SNAPSHOT/hdds-hadoop-dependency-test-1.2.0-SNAPSHOT.jar:/home/runner/.m2/repository/org/apache/hadoop/hadoop-common/3.3.1/hadoop-common-3.3.1-tests.jar:/home/runner/.m2/repository/org/assertj/assertj-core/3.12.2/assertj-core-3.12.2.jar:/home/runner/.m2/repository/org/apache/hadoop/hadoop-hdfs/3.3.1/hadoop-hdfs-3.3.1-tests.jar:/home/runner/.m2/repository/org/eclipse/jetty/jetty-util-ajax/9.4.43.v20210629/jetty-util-ajax-9.4.43.v20210629.jar:/home/runner/.m2/repository/commons-daemon/commons-daemon/1.0.13/commons-daemon-1.0.13.jar:/home/runner/.m2/repository/io/netty/netty/3.10.6.Final/netty-3.10.6.Final.jar:/home/runner/.m2/repository/io/netty/netty-all/4.1.63.Final/netty-all-4.1.63.Final.jar:/home/runner/.m2/repository/org/apache/htrace/htrace-core4/4.1.0-incubating/htrace-core4-4.1.0-incubating.jar:/home/runner/.m2/repository/org/fusesource/leveldbjni/leveldbjni-all/1.8/leveldbjni-all-1.8.jar:/home/runner/.m2/repository/org/apache/hadoop/hadoop-distcp/3.3.1/hadoop-distcp-3.3.1.jar:/home/runner/.m2/repository/org/apache/hadoop/hadoop-mapreduce-client-jobclient/3.3.1/hadoop-mapreduce-client-jobclient-3.3.1.jar:/home/runner/.m2/repository/org/apache/hadoop/hadoop-mapreduce-client-common/3.3.1/hadoop-mapreduce-client-common-3.3.1.jar:/home/runner/.m2/repository/org/apache/hadoop/hadoop-yarn-common/3.3.1/hadoop-yarn-common-3.3.1.jar:/home/runner/.m2/repository/org/apache/hadoop/hadoop-yarn-api/3.3.1/hadoop-yarn-api-3.3.1.jar:/home/runner/.m2/repository/com/sun/jersey/jersey-client/1.19/jersey-client-1.19.jar:/home/runner/.m2/repository/com/sun/jersey/contribs/jersey-guice/1.19/jersey-guice-1.19.jar:/home/runner/.m2/repository/com/fasterxml/jackson/jaxrs/jackson-jaxrs-json-provider/2.12.1/jackson-jaxrs-json-provider-2.12.1.jar:/home/runner/.m2/repository/com/fasterxml/jackson/jaxrs/jackson-jaxrs-base/2.12.1/jackson-jaxrs-base-2.12.1.jar:/home/runner/.m2/repository/org/apache/hadoop/hadoop-yarn-client/3.3.1/hadoop-yarn-client-3.3.1.jar:/home/runner/.m2/repository/org/eclipse/jetty/websocket/websocket-client/9.4.40.v20210413/websocket-client-9.4.40.v20210413.jar:/home/runner/.m2/repository/org/eclipse/jetty/jetty-client/9.4.40.v20210413/jetty-client-9.4.40.v20210413.jar:/home/runner/.m2/repository/org/eclipse/jetty/websocket/websocket-common/9.4.40.v20210413/websocket-common-9.4.40.v20210413.jar:/home/runner/.m2/repository/org/eclipse/jetty/websocket/websocket-api/9.4.40.v20210413/websocket-api-9.4.40.v20210413.jar:/home/runner/.m2/repository/org/jline/jline/3.9.0/jline-3.9.0.jar:/home/runner/.m2/repository/org/apache/hadoop/hadoop-mapreduce-client-core/3.3.1/hadoop-mapreduce-client-core-3.3.1.jar:/home/runner/.m2/repository/org/apache/avro/avro/1.7.7/avro-1.7.7.jar:/home/runner/.m2/repository/org/codehaus/jackson/jackson-core-asl/1.9.13/jackson-core-asl-1.9.13.jar:/home/runner/.m2/repository/org/codehaus/jackson/jackson-mapper-asl/1.9.13/jackson-mapper-asl-1.9.13.jar:/home/runner/.m2/repository/com/thoughtworks/paranamer/paranamer/2.3/paranamer-2.3.jar:/home/runner/.m2/repository/org/apache/hadoop/hadoop-annotations/3.3.1/hadoop-annotations-3.3.1.jar:/usr/lib/jvm/adoptopenjdk-8-hotspot-amd64/jre/../lib/tools.jar:/home/runner/.m2/repository/org/apache/hadoop/hadoop-distcp/3.3.1/hadoop-distcp-3.3.1-tests.jar:/home/runner/.m2/repository/org/apache/ratis/ratis-common/2.1.0-03f3b68-SNAPSHOT/ratis-common-2.1.0-03f3b68-SNAPSHOT.jar:/home/runner/.m2/repository/org/apache/ratis/ratis-thirdparty-misc/0.7.0/ratis-thirdparty-misc-0.7.0.jar:/home/runner/.m2/repository/org/apache/ratis/ratis-proto/2.1.0-03f3b68-SNAPSHOT/ratis-proto-2.1.0-03f3b68-SNAPSHOT.jar:"/>
    <property name="sun.cpu.endian" value="little"/>
    <property name="user.home" value="/home/runner"/>
    <property name="user.language" value="en"/>
    <property name="java.specification.vendor" value="Oracle Corporation"/>
    <property name="java.home" value="/usr/lib/jvm/adoptopenjdk-8-hotspot-amd64/jre"/>
    <property name="java.security.krb5.conf" value="/home/runner/work/ozone/ozone/hadoop-ozone/integration-test/target/test-classes/krb5.conf"/>
    <property name="basedir" value="/home/runner/work/ozone/ozone/hadoop-ozone/integration-test"/>
    <property name="file.separator" value="/"/>
    <property name="line.separator" value="&#10;"/>
    <property name="java.vm.specification.vendor" value="Oracle Corporation"/>
    <property name="java.specification.name" value="Java Platform API Specification"/>
    <property name="java.awt.graphicsenv" value="sun.awt.X11GraphicsEnvironment"/>
    <property name="skip.installnpx" value="true"/>
    <property name="surefire.real.class.path" value="/home/runner/work/ozone/ozone/hadoop-ozone/integration-test/target/surefire/surefirebooter8492038539466116306.jar:/home/runner/.m2/repository/org/jacoco/org.jacoco.agent/0.8.5/org.jacoco.agent-0.8.5-runtime.jar"/>
    <property name="hadoop.log.dir" value="/home/runner/work/ozone/ozone/hadoop-ozone/integration-test/target/log"/>
    <property name="sun.boot.class.path" value="/usr/lib/jvm/adoptopenjdk-8-hotspot-amd64/jre/lib/resources.jar:/usr/lib/jvm/adoptopenjdk-8-hotspot-amd64/jre/lib/rt.jar:/usr/lib/jvm/adoptopenjdk-8-hotspot-amd64/jre/lib/sunrsasign.jar:/usr/lib/jvm/adoptopenjdk-8-hotspot-amd64/jre/lib/jsse.jar:/usr/lib/jvm/adoptopenjdk-8-hotspot-amd64/jre/lib/jce.jar:/usr/lib/jvm/adoptopenjdk-8-hotspot-amd64/jre/lib/charsets.jar:/usr/lib/jvm/adoptopenjdk-8-hotspot-amd64/jre/lib/jfr.jar:/usr/lib/jvm/adoptopenjdk-8-hotspot-amd64/jre/classes"/>
    <property name="sun.management.compiler" value="HotSpot 64-Bit Tiered Compilers"/>
    <property name="skip.npx" value="true"/>
    <property name="java.runtime.version" value="1.8.0_292-b10"/>
    <property name="java.net.preferIPv4Stack" value="true"/>
    <property name="user.name" value="runner"/>
    <property name="path.separator" value=":"/>
    <property name="java.security.egd" value="file:///dev/urandom"/>
    <property name="os.version" value="5.4.0-1055-azure"/>
    <property name="java.endorsed.dirs" value="/usr/lib/jvm/adoptopenjdk-8-hotspot-amd64/jre/lib/endorsed"/>
    <property name="java.runtime.name" value="OpenJDK Runtime Environment"/>
    <property name="file.encoding" value="UTF-8"/>
    <property name="java.vm.name" value="OpenJDK 64-Bit Server VM"/>
    <property name="test.build.webapps" value=""/>
    <property name="localRepository" value="/home/runner/.m2/repository"/>
    <property name="java.vendor.url.bug" value="https://github.com/AdoptOpenJDK/openjdk-support/issues"/>
    <property name="java.io.tmpdir" value="/tmp"/>
    <property name="require.test.libhadoop" value=""/>
    <property name="java.version" value="1.8.0_292"/>
    <property name="user.dir" value="/home/runner/work/ozone/ozone/hadoop-ozone/integration-test"/>
    <property name="os.arch" value="amd64"/>
    <property name="java.vm.specification.name" value="Java Virtual Machine Specification"/>
    <property name="test.build.classes" value="/home/runner/work/ozone/ozone/hadoop-ozone/integration-test/target/test-classes"/>
    <property name="java.awt.printerjob" value="sun.print.PSPrinterJob"/>
    <property name="sun.os.patch.level" value="unknown"/>
    <property name="hadoop.tmp.dir" value="/home/runner/work/ozone/ozone/hadoop-ozone/integration-test/target/tmp"/>
    <property name="java.library.path" value="/usr/java/packages/lib/amd64:/usr/lib64:/lib64:/lib:/usr/lib"/>
    <property name="java.vm.info" value="mixed mode"/>
    <property name="java.vendor" value="AdoptOpenJDK"/>
    <property name="java.vm.version" value="25.292-b10"/>
    <property name="java.ext.dirs" value="/usr/lib/jvm/adoptopenjdk-8-hotspot-amd64/jre/lib/ext:/usr/java/packages/lib/ext"/>
    <property name="sun.io.unicode.encoding" value="UnicodeLittle"/>
    <property name="java.class.version" value="52.0"/>
  </properties>
  <testcase name="test2DatanodesFailure" classname="org.apache.hadoop.ozone.client.rpc.TestBlockOutputStreamWithFailures" time="67.854"/>
  <testcase name="testDatanodeFailureWithPreAllocation" classname="org.apache.hadoop.ozone.client.rpc.TestBlockOutputStreamWithFailures" time="110.267"/>
  <testcase name="testDatanodeFailureWithSingleNodeRatis" classname="org.apache.hadoop.ozone.client.rpc.TestBlockOutputStreamWithFailures" time="112.338"/>
  <testcase name="testWatchForCommitWithSingleNodeRatis" classname="org.apache.hadoop.ozone.client.rpc.TestBlockOutputStreamWithFailures" time="66.018"/>
  <testcase name="testWatchForCommitDatanodeFailure" classname="org.apache.hadoop.ozone.client.rpc.TestBlockOutputStreamWithFailures" time="61.676"/>
  <testcase name="testFailureWithPrimeSizedData" classname="org.apache.hadoop.ozone.client.rpc.TestBlockOutputStreamWithFailures" time="96.608">
    <failure type="java.lang.AssertionError">java.lang.AssertionError
	at org.junit.Assert.fail(Assert.java:87)
	at org.junit.Assert.assertTrue(Assert.java:42)
	at org.junit.Assert.assertTrue(Assert.java:53)
	at org.apache.hadoop.ozone.client.rpc.TestBlockOutputStreamWithFailures.testFailureWithPrimeSizedData(TestBlockOutputStreamWithFailures.java:458)
	at sun.reflect.NativeMethodAccessorImpl.invoke0(Native Method)
	at sun.reflect.NativeMethodAccessorImpl.invoke(NativeMethodAccessorImpl.java:62)
	at sun.reflect.DelegatingMethodAccessorImpl.invoke(DelegatingMethodAccessorImpl.java:43)
	at java.lang.reflect.Method.invoke(Method.java:498)
	at org.junit.runners.model.FrameworkMethod$1.runReflectiveCall(FrameworkMethod.java:59)
	at org.junit.internal.runners.model.ReflectiveCallable.run(ReflectiveCallable.java:12)
	at org.junit.runners.model.FrameworkMethod.invokeExplosively(FrameworkMethod.java:56)
	at org.junit.internal.runners.statements.InvokeMethod.evaluate(InvokeMethod.java:17)
	at org.junit.internal.runners.statements.RunBefores.evaluate(RunBefores.java:26)
	at org.junit.internal.runners.statements.RunAfters.evaluate(RunAfters.java:27)
	at org.junit.internal.runners.statements.FailOnTimeout$CallableStatement.call(FailOnTimeout.java:288)
	at org.junit.internal.runners.statements.FailOnTimeout$CallableStatement.call(FailOnTimeout.java:282)
	at java.util.concurrent.FutureTask.run(FutureTask.java:266)
	at java.lang.Thread.run(Thread.java:748)
</failure>
    <system-out><![CDATA[2021-09-02 02:24:08,871 [Time-limited test] WARN  server.ServerUtils (ServerUtils.java:getScmDbDir(148)) - ozone.scm.db.dirs is not configured. We recommend adding this setting. Falling back to ozone.metadata.dirs instead.
2021-09-02 02:24:08,893 [Time-limited test] INFO  ha.SCMHANodeDetails (SCMHANodeDetails.java:loadSCMHAConfig(157)) - ServiceID for StorageContainerManager is null
2021-09-02 02:24:08,893 [Time-limited test] INFO  ha.SCMHANodeDetails (SCMHANodeDetails.java:loadSCMHAConfig(162)) - ozone.scm.default.service.id is not defined, falling back to ozone.scm.service.ids to find serviceID for StorageContainerManager if it is HA enabled cluster
2021-09-02 02:24:08,893 [Time-limited test] WARN  server.ServerUtils (ServerUtils.java:getScmDbDir(148)) - ozone.scm.db.dirs is not configured. We recommend adding this setting. Falling back to ozone.metadata.dirs instead.
2021-09-02 02:24:08,893 [Time-limited test] INFO  upgrade.AbstractLayoutVersionManager (AbstractLayoutVersionManager.java:init(70)) - Initializing Layout version manager with metadata layout = SCM_HA (version = 2), software layout = SCM_HA (version = 2)
2021-09-02 02:24:08,944 [Time-limited test] INFO  reflections.Reflections (Reflections.java:scan(232)) - Reflections took 50 ms to scan 7 urls, producing 120 keys and 275 values 
2021-09-02 02:24:08,970 [Time-limited test] WARN  utils.HAUtils (HAUtils.java:getMetaDir(342)) - ozone.scm.db.dirs is not configured. We recommend adding this setting. Falling back to ozone.metadata.dirs instead.
2021-09-02 02:24:08,974 [Time-limited test] WARN  db.DBStoreBuilder (DBStoreBuilder.java:applyDBDefinition(145)) - ozone.scm.db.dirs is not configured. We recommend adding this setting. Falling back to ozone.metadata.dirs instead.
2021-09-02 02:24:09,243 [Time-limited test] INFO  net.NodeSchemaLoader (NodeSchemaLoader.java:loadSchemaFromFile(129)) - Loading schema from [jar:file:/home/runner/.m2/repository/org/apache/ozone/hdds-common/1.2.0-SNAPSHOT/hdds-common-1.2.0-SNAPSHOT.jar!/network-topology-default.xml]
2021-09-02 02:24:09,244 [Time-limited test] INFO  net.NodeSchemaLoader (NodeSchemaLoader.java:loadSchema(176)) - Loading network topology layer schema file
2021-09-02 02:24:09,256 [Time-limited test] WARN  impl.MetricRegistriesImpl (MetricRegistriesImpl.java:addReporterRegistration(111)) - New reporters are added after registries were created. Some metrics will be missing from the reporter. Please add reporter before adding any new registry.
2021-09-02 02:24:09,257 [Time-limited test] WARN  impl.MetricRegistriesImpl (MetricRegistriesImpl.java:addReporterRegistration(111)) - New reporters are added after registries were created. Some metrics will be missing from the reporter. Please add reporter before adding any new registry.
2021-09-02 02:24:09,257 [Time-limited test] INFO  ha.SequenceIdGenerator (SequenceIdGenerator.java:upgradeToSequenceId(327)) - upgrade localId to 107544261427200000
2021-09-02 02:24:09,257 [Time-limited test] INFO  ha.SequenceIdGenerator (SequenceIdGenerator.java:upgradeToSequenceId(337)) - upgrade delTxnId to 0
2021-09-02 02:24:09,257 [Time-limited test] INFO  ha.SequenceIdGenerator (SequenceIdGenerator.java:upgradeToSequenceId(351)) - upgrade containerId to 0
2021-09-02 02:24:09,257 [Time-limited test] INFO  ha.SequenceIdGenerator (SequenceIdGenerator.java:<init>(217)) - Init the HA SequenceIdGenerator.
2021-09-02 02:24:09,269 [Time-limited test] WARN  server.ServerUtils (ServerUtils.java:sanitizeUserArgs(67)) - ozone.scm.dead.node.interval value = 10000 is smaller than min = 20000 based on the key value of ozone.scm.stale.node.interval, reset to the min value 20000.
2021-09-02 02:24:09,321 [Time-limited test] INFO  node.SCMNodeManager (SCMNodeManager.java:<init>(145)) - Entering startup safe mode.
2021-09-02 02:24:09,325 [Time-limited test] INFO  algorithms.ContainerPlacementPolicyFactory (ContainerPlacementPolicyFactory.java:getPolicy(60)) - Create container placement policy of type org.apache.hadoop.hdds.scm.container.placement.algorithms.SCMContainerPlacementRandom
2021-09-02 02:24:09,325 [Time-limited test] INFO  pipeline.PipelineStateManager (PipelineStateManagerV2Impl.java:initialize(78)) - No pipeline exists in current db
2021-09-02 02:24:09,326 [Time-limited test] INFO  algorithms.LeaderChoosePolicyFactory (LeaderChoosePolicyFactory.java:getPolicy(57)) - Create leader choose policy of type org.apache.hadoop.hdds.scm.pipeline.leader.choose.algorithms.MinLeaderCountChoosePolicy
2021-09-02 02:24:09,326 [Time-limited test] INFO  ha.SCMServiceManager (SCMServiceManager.java:register(43)) - Registering service BackgroundPipelineCreator.
2021-09-02 02:24:09,326 [Time-limited test] INFO  pipeline.BackgroundPipelineCreator (BackgroundPipelineCreatorV2.java:start(130)) - Starting RatisPipelineUtilsThread.
2021-09-02 02:24:09,327 [Time-limited test] INFO  algorithms.PipelineChoosePolicyFactory (PipelineChoosePolicyFactory.java:createPipelineChoosePolicyFromClass(73)) - Create pipeline choose policy of type org.apache.hadoop.hdds.scm.pipeline.choose.algorithms.RandomPipelineChoosePolicy
2021-09-02 02:24:09,327 [Time-limited test] INFO  ha.SCMServiceManager (SCMServiceManager.java:register(43)) - Registering service SCMBlockDeletingService.
2021-09-02 02:24:09,327 [Time-limited test] INFO  ha.SCMServiceManager (SCMServiceManager.java:register(43)) - Registering service ReplicationManager.
2021-09-02 02:24:09,327 [Time-limited test] INFO  container.ReplicationManager (ReplicationManager.java:start(307)) - Starting Replication Monitor Thread.
2021-09-02 02:24:09,328 [Time-limited test] INFO  safemode.ContainerSafeModeRule (ContainerSafeModeRule.java:<init>(89)) - containers with one replica threshold count 0
2021-09-02 02:24:09,328 [Time-limited test] INFO  safemode.HealthyPipelineSafeModeRule (HealthyPipelineSafeModeRule.java:initializeRule(156)) - Total pipeline count is 0, healthy pipeline threshold count is 1
2021-09-02 02:24:09,328 [Time-limited test] INFO  safemode.OneReplicaPipelineSafeModeRule (OneReplicaPipelineSafeModeRule.java:initializeRule(180)) - Total pipeline count is 0, pipeline's with at least one datanode reported threshold count is 0
2021-09-02 02:24:09,328 [Time-limited test] INFO  ipc.CallQueueManager (CallQueueManager.java:<init>(90)) - Using callQueue: class java.util.concurrent.LinkedBlockingQueue, queueCapacity: 2000, scheduler: class org.apache.hadoop.ipc.DefaultRpcScheduler, ipcBackoff: false.
2021-09-02 02:24:09,329 [Socket Reader #1 for port 0] INFO  ipc.Server (Server.java:run(1265)) - Starting Socket Reader #1 for port 0
2021-09-02 02:24:09,329 [Listener at 0.0.0.0/41521] INFO  ipc.CallQueueManager (CallQueueManager.java:<init>(90)) - Using callQueue: class java.util.concurrent.LinkedBlockingQueue, queueCapacity: 2000, scheduler: class org.apache.hadoop.ipc.DefaultRpcScheduler, ipcBackoff: false.
2021-09-02 02:24:09,365 [ReplicationMonitor] INFO  container.ReplicationManager (ReplicationManager.java:processAll(359)) - Replication Monitor Thread took 0 milliseconds for processing 0 containers.
2021-09-02 02:24:09,372 [Listener at 0.0.0.0/35501] INFO  ipc.CallQueueManager (CallQueueManager.java:<init>(90)) - Using callQueue: class java.util.concurrent.LinkedBlockingQueue, queueCapacity: 2000, scheduler: class org.apache.hadoop.ipc.DefaultRpcScheduler, ipcBackoff: false.
2021-09-02 02:24:09,383 [Socket Reader #1 for port 0] INFO  ipc.Server (Server.java:run(1265)) - Starting Socket Reader #1 for port 0
2021-09-02 02:24:09,408 [Socket Reader #1 for port 0] INFO  ipc.Server (Server.java:run(1265)) - Starting Socket Reader #1 for port 0
2021-09-02 02:24:09,529 [Listener at 0.0.0.0/44409] INFO  algorithms.ContainerPlacementPolicyFactory (ContainerPlacementPolicyFactory.java:getPolicy(60)) - Create container placement policy of type org.apache.hadoop.hdds.scm.container.placement.algorithms.SCMContainerPlacementRandom
2021-09-02 02:24:09,529 [Listener at 0.0.0.0/44409] INFO  server.StorageContainerManager (StorageContainerManager.java:<init>(387)) - 
Container Balancer status:
Key                            Value
Running                        false
Container Balancer Configuration values:
Key                                                Value
Threshold                                          0.1
Max Datanodes to Involve per Iteration(ratio)      0.5
Max Size to Move per Iteration                     10737418240B

2021-09-02 02:24:09,530 [Listener at 0.0.0.0/44409] WARN  events.EventQueue (EventQueue.java:fireEvent(194)) - No event handler registered for event TypedEvent{payloadType=SafeModeStatus, name='Safe mode status'}
2021-09-02 02:24:09,530 [Listener at 0.0.0.0/44409] INFO  ha.SCMContext (SCMContext.java:updateSafeModeStatus(205)) - Update SafeModeStatus from SafeModeStatus{safeModeStatus=true, preCheckPassed=false} to SafeModeStatus{safeModeStatus=true, preCheckPassed=false}.
2021-09-02 02:24:09,530 [Listener at 0.0.0.0/44409] INFO  server.StorageContainerManager (StorageContainerManager.java:start(1256)) - StorageContainerLocationProtocol RPC server is listening at /0.0.0.0:44409
2021-09-02 02:24:09,531 [Listener at 0.0.0.0/44409] WARN  impl.MetricsConfig (MetricsConfig.java:loadFirst(136)) - Cannot locate configuration: tried hadoop-metrics2-storagecontainermanager.properties,hadoop-metrics2.properties
2021-09-02 02:24:09,544 [Listener at 0.0.0.0/44409] INFO  impl.MetricsSystemImpl (MetricsSystemImpl.java:startTimer(378)) - Scheduled Metric snapshot period at 10 second(s).
2021-09-02 02:24:09,545 [Listener at 0.0.0.0/44409] INFO  impl.MetricsSystemImpl (MetricsSystemImpl.java:start(191)) - StorageContainerManager metrics system started
2021-09-02 02:24:09,561 [Listener at 0.0.0.0/44409] INFO  impl.MetricsSinkAdapter (MetricsSinkAdapter.java:start(204)) - Sink prometheus started
2021-09-02 02:24:09,561 [Listener at 0.0.0.0/44409] INFO  impl.MetricsSystemImpl (MetricsSystemImpl.java:registerSink(305)) - Registered sink prometheus
2021-09-02 02:24:09,609 [Listener at 0.0.0.0/44409] INFO  server.SCMClientProtocolServer (SCMClientProtocolServer.java:start(164)) - RPC server for Client  is listening at /0.0.0.0:44409
2021-09-02 02:24:09,679 [IPC Server Responder] INFO  ipc.Server (Server.java:run(1507)) - IPC Server Responder: starting
2021-09-02 02:24:09,679 [IPC Server listener on 0] INFO  ipc.Server (Server.java:run(1344)) - IPC Server listener on 0: starting
2021-09-02 02:24:09,681 [Listener at 0.0.0.0/44409] INFO  server.StorageContainerManager (StorageContainerManager.java:start(1271)) - ScmBlockLocationProtocol RPC server is listening at /0.0.0.0:35501
2021-09-02 02:24:09,681 [Listener at 0.0.0.0/44409] INFO  server.SCMBlockProtocolServer (SCMBlockProtocolServer.java:start(151)) - RPC server for Block Protocol is listening at /0.0.0.0:35501
2021-09-02 02:24:09,702 [IPC Server Responder] INFO  ipc.Server (Server.java:run(1507)) - IPC Server Responder: starting
2021-09-02 02:24:09,712 [IPC Server listener on 0] INFO  ipc.Server (Server.java:run(1344)) - IPC Server listener on 0: starting
2021-09-02 02:24:09,934 [Listener at 0.0.0.0/44409] INFO  server.StorageContainerManager (StorageContainerManager.java:start(1277)) - ScmDatanodeProtocl RPC server is listening at /0.0.0.0:41521
2021-09-02 02:24:09,934 [Listener at 0.0.0.0/44409] INFO  server.SCMDatanodeProtocolServer (SCMDatanodeProtocolServer.java:start(181)) - RPC server for DataNodes is listening at /0.0.0.0:41521
2021-09-02 02:24:09,935 [IPC Server Responder] INFO  ipc.Server (Server.java:run(1507)) - IPC Server Responder: starting
2021-09-02 02:24:09,935 [IPC Server listener on 0] INFO  ipc.Server (Server.java:run(1344)) - IPC Server listener on 0: starting
2021-09-02 02:24:09,942 [Listener at 0.0.0.0/44409] INFO  http.BaseHttpServer (BaseHttpServer.java:newHttpServer2BuilderForOzone(209)) - Starting Web-server for scm at: http://0.0.0.0:0
2021-09-02 02:24:09,942 [Listener at 0.0.0.0/44409] INFO  http.BaseHttpServer (BaseHttpServer.java:<init>(107)) - Hadoop Security Enabled: false Ozone Security Enabled: false Ozone HTTP Security Enabled: false 
2021-09-02 02:24:09,968 [Listener at 0.0.0.0/44409] INFO  server.AuthenticationFilter (AuthenticationFilter.java:constructSecretProvider(240)) - Unable to initialize FileSignerSecretProvider, falling back to use random secrets.
2021-09-02 02:24:09,973 [Listener at 0.0.0.0/44409] WARN  http.HttpRequestLog (HttpRequestLog.java:getRequestLog(103)) - Jetty request log can only be enabled using Log4j
2021-09-02 02:24:10,005 [org.apache.hadoop.util.JvmPauseMonitor$Monitor@44480ce] INFO  util.JvmPauseMonitor (JvmPauseMonitor.java:run(188)) - Starting JVM pause monitor
2021-09-02 02:24:10,064 [Listener at 0.0.0.0/44409] INFO  http.HttpServer2 (HttpServer2.java:addGlobalFilter(1030)) - Added global filter 'safety' (class=org.apache.hadoop.hdds.server.http.HttpServer2$QuotingInputFilter)
2021-09-02 02:24:10,064 [Listener at 0.0.0.0/44409] INFO  http.HttpServer2 (HttpServer2.java:addFilter(1006)) - Added filter static_user_filter (class=org.apache.hadoop.http.lib.StaticUserWebFilter$StaticUserFilter) to context scm
2021-09-02 02:24:10,064 [Listener at 0.0.0.0/44409] INFO  http.HttpServer2 (HttpServer2.java:addFilter(1014)) - Added filter static_user_filter (class=org.apache.hadoop.http.lib.StaticUserWebFilter$StaticUserFilter) to context static
2021-09-02 02:24:10,065 [Listener at 0.0.0.0/44409] INFO  http.HttpServer2 (HttpServer2.java:addFilter(1014)) - Added filter static_user_filter (class=org.apache.hadoop.http.lib.StaticUserWebFilter$StaticUserFilter) to context logs
2021-09-02 02:24:10,065 [Listener at 0.0.0.0/44409] INFO  http.HttpServer2 (HttpServer2.java:bindListener(1249)) - Jetty bound to port 36249
2021-09-02 02:24:10,065 [Listener at 0.0.0.0/44409] INFO  server.Server (Server.java:doStart(375)) - jetty-9.4.43.v20210629; built: 2021-06-30T11:07:22.254Z; git: 526006ecfa3af7f1a27ef3a288e2bef7ea9dd7e8; jvm 1.8.0_292-b10
2021-09-02 02:24:10,108 [Listener at 0.0.0.0/44409] INFO  server.session (DefaultSessionIdManager.java:doStart(334)) - DefaultSessionIdManager workerName=node0
2021-09-02 02:24:10,108 [Listener at 0.0.0.0/44409] INFO  server.session (DefaultSessionIdManager.java:doStart(339)) - No SessionScavenger set, using defaults
2021-09-02 02:24:10,114 [Listener at 0.0.0.0/44409] INFO  server.session (HouseKeeper.java:startScavenging(132)) - node0 Scavenging every 660000ms
2021-09-02 02:24:10,114 [Listener at 0.0.0.0/44409] INFO  handler.ContextHandler (ContextHandler.java:doStart(915)) - Started o.e.j.s.ServletContextHandler@30fed348{logs,/logs,file:///home/runner/work/ozone/ozone/hadoop-ozone/integration-test/target/log,AVAILABLE}
2021-09-02 02:24:10,115 [Listener at 0.0.0.0/44409] INFO  handler.ContextHandler (ContextHandler.java:doStart(915)) - Started o.e.j.s.ServletContextHandler@6833b450{static,/static,file:///home/runner/work/ozone/ozone/hadoop-ozone/integration-test/target/test-classes/webapps/static,AVAILABLE}
2021-09-02 02:24:10,117 [Listener at 0.0.0.0/44409] INFO  handler.ContextHandler (ContextHandler.java:doStart(915)) - Started o.e.j.w.WebAppContext@7ef1ffcf{scm,/,file:///home/runner/work/ozone/ozone/hadoop-ozone/integration-test/target/test-classes/webapps/scm/,AVAILABLE}{file:/home/runner/work/ozone/ozone/hadoop-ozone/integration-test/target/test-classes/webapps/scm}
2021-09-02 02:24:10,137 [Listener at 0.0.0.0/44409] INFO  server.AbstractConnector (AbstractConnector.java:doStart(331)) - Started ServerConnector@6728c0e3{HTTP/1.1, (http/1.1)}{0.0.0.0:36249}
2021-09-02 02:24:10,137 [Listener at 0.0.0.0/44409] INFO  server.Server (Server.java:doStart(415)) - Started @420457ms
2021-09-02 02:24:10,137 [Listener at 0.0.0.0/44409] WARN  impl.MetricsSystemImpl (MetricsSystemImpl.java:register(279)) - Sink prometheus already exists!
2021-09-02 02:24:10,142 [Listener at 0.0.0.0/44409] INFO  http.BaseHttpServer (BaseHttpServer.java:updateConnectorAddress(329)) - HTTP server of scm listening at http://0.0.0.0:36249
2021-09-02 02:24:10,142 [Listener at 0.0.0.0/44409] WARN  server.ServerUtils (ServerUtils.java:getDBPath(225)) - ozone.om.db.dirs is not configured. We recommend adding this setting. Falling back to ozone.metadata.dirs instead.
2021-09-02 02:24:10,162 [Listener at 0.0.0.0/44409] INFO  ha.OMHANodeDetails (OMHANodeDetails.java:loadOMHAConfig(112)) - ozone.om.internal.service.id is not defined, falling back to ozone.om.service.ids to find serviceID for OzoneManager if it is HA enabled cluster
2021-09-02 02:24:10,162 [Listener at 0.0.0.0/44409] INFO  ha.OMHANodeDetails (OMHANodeDetails.java:loadOMHAConfig(219)) - Configuration does not have ozone.om.address set. Falling back to the default OM address /127.0.0.1:0
2021-09-02 02:24:10,162 [Listener at 0.0.0.0/44409] INFO  ha.OMHANodeDetails (OMHANodeDetails.java:getOMNodeDetails(247)) - OM Service ID is not set. Setting it to the default ID: omServiceIdDefault
2021-09-02 02:24:10,162 [Listener at 0.0.0.0/44409] INFO  ha.OMHANodeDetails (OMHANodeDetails.java:getOMNodeDetails(254)) - OM Node ID is not set. Setting it to the default ID: om1
2021-09-02 02:24:10,163 [Listener at 0.0.0.0/44409] WARN  server.ServerUtils (ServerUtils.java:getDBPath(225)) - ozone.om.db.dirs is not configured. We recommend adding this setting. Falling back to ozone.metadata.dirs instead.
2021-09-02 02:24:10,163 [Listener at 0.0.0.0/44409] INFO  upgrade.AbstractLayoutVersionManager (AbstractLayoutVersionManager.java:init(70)) - Initializing Layout version manager with metadata layout = INITIAL_VERSION (version = 0), software layout = INITIAL_VERSION (version = 0)
2021-09-02 02:24:10,312 [Listener at 0.0.0.0/44409] INFO  reflections.Reflections (Reflections.java:scan(232)) - Reflections took 148 ms to scan 2 urls, producing 131 keys and 342 values [using 2 cores]
2021-09-02 02:24:10,313 [Listener at 0.0.0.0/44409] INFO  upgrade.OMLayoutVersionManager (OMLayoutVersionManager.java:lambda$0(116)) - Skipping Upgrade Action MockOmUpgradeAction since it has been finalized.
2021-09-02 02:24:10,313 [Listener at 0.0.0.0/44409] WARN  server.ServerUtils (ServerUtils.java:getDBPath(225)) - ozone.om.db.dirs is not configured. We recommend adding this setting. Falling back to ozone.metadata.dirs instead.
2021-09-02 02:24:10,502 [Listener at 0.0.0.0/44409] WARN  server.ServerUtils (ServerUtils.java:getDBPath(225)) - ozone.om.db.dirs is not configured. We recommend adding this setting. Falling back to ozone.metadata.dirs instead.
2021-09-02 02:24:10,502 [Listener at 0.0.0.0/44409] INFO  codec.OmKeyInfoCodec (OmKeyInfoCodec.java:<init>(51)) - OmKeyInfoCodec ignorePipeline = true
2021-09-02 02:24:10,503 [Listener at 0.0.0.0/44409] INFO  codec.RepeatedOmKeyInfoCodec (RepeatedOmKeyInfoCodec.java:<init>(42)) - RepeatedOmKeyInfoCodec ignorePipeline = true
2021-09-02 02:24:10,879 [Listener at 0.0.0.0/44409] INFO  om.OzoneManager (OzoneManager.java:addS3GVolumeToDB(4115)) - Created Volume s3v With Owner runner required for S3Gateway operations.
2021-09-02 02:24:10,879 [Listener at 0.0.0.0/44409] WARN  server.ServerUtils (ServerUtils.java:getDefaultRatisDirectory(237)) - Storage directory for Ratis is not configured. It is a good idea to map this to an SSD disk. Falling back to ozone.metadata.dirs
2021-09-02 02:24:10,879 [Listener at 0.0.0.0/44409] WARN  utils.OzoneManagerRatisUtils (OzoneManagerRatisUtils.java:getOMRatisSnapshotDirectory(391)) - ozone.om.ratis.snapshot.dir is not configured. Falling back to ozone.metadata.dirs config
2021-09-02 02:24:10,879 [Listener at 0.0.0.0/44409] WARN  impl.MetricRegistriesImpl (MetricRegistriesImpl.java:addReporterRegistration(111)) - New reporters are added after registries were created. Some metrics will be missing from the reporter. Please add reporter before adding any new registry.
2021-09-02 02:24:10,879 [Listener at 0.0.0.0/44409] WARN  impl.MetricRegistriesImpl (MetricRegistriesImpl.java:addReporterRegistration(111)) - New reporters are added after registries were created. Some metrics will be missing from the reporter. Please add reporter before adding any new registry.
2021-09-02 02:24:10,880 [Listener at 0.0.0.0/44409] WARN  server.ServerUtils (ServerUtils.java:getDefaultRatisDirectory(237)) - Storage directory for Ratis is not configured. It is a good idea to map this to an SSD disk. Falling back to ozone.metadata.dirs
2021-09-02 02:24:10,880 [Listener at 0.0.0.0/44409] INFO  ratis.OzoneManagerRatisServer (OzoneManagerRatisServer.java:<init>(158)) - Instantiating OM Ratis server with groupID: omServiceIdDefault and peers: localhost:9872
2021-09-02 02:24:10,880 [Listener at 0.0.0.0/44409] INFO  ratis.OzoneManagerStateMachine (OzoneManagerStateMachine.java:loadSnapshotInfoFromDB(605)) - LastAppliedIndex is set from TransactionInfo from OM DB as (t:0, i:~)
2021-09-02 02:24:10,899 [Listener at 0.0.0.0/44409] INFO  server.RaftServer (ConfUtils.java:logGet(44)) - raft.rpc.type = GRPC (default)
2021-09-02 02:24:10,899 [Listener at 0.0.0.0/44409] INFO  grpc.GrpcFactory (GrpcFactory.java:checkPooledByteBufAllocatorUseCacheForAllThreads(48)) - PERFORMANCE WARNING: useCacheForAllThreads is true that may cause Netty to create a lot garbage objects and, as a result, trigger GC.
	It is recommended to disable useCacheForAllThreads by setting -Dorg.apache.ratis.thirdparty.io.netty.allocator.useCacheForAllThreads=false in command line.
2021-09-02 02:24:10,899 [Listener at 0.0.0.0/44409] INFO  grpc.GrpcConfigKeys (ConfUtils.java:logGet(44)) - raft.grpc.admin.port = -1 (default)
2021-09-02 02:24:10,899 [Listener at 0.0.0.0/44409] INFO  grpc.GrpcConfigKeys (ConfUtils.java:logGet(44)) - raft.grpc.server.port = 9872 (custom)
2021-09-02 02:24:10,899 [Listener at 0.0.0.0/44409] INFO  grpc.GrpcConfigKeys (ConfUtils.java:logGet(44)) - raft.grpc.client.port = -1 (default)
2021-09-02 02:24:10,899 [Listener at 0.0.0.0/44409] INFO  grpc.GrpcConfigKeys (ConfUtils.java:logGet(44)) - raft.grpc.server.port = 9872 (custom)
2021-09-02 02:24:10,900 [Listener at 0.0.0.0/44409] INFO  grpc.GrpcConfigKeys (ConfUtils.java:logGet(44)) - raft.grpc.server.port = 9872 (custom)
2021-09-02 02:24:10,900 [Listener at 0.0.0.0/44409] INFO  server.GrpcService (ConfUtils.java:logGet(44)) - raft.grpc.message.size.max = 33554432 (custom)
2021-09-02 02:24:10,900 [Listener at 0.0.0.0/44409] INFO  server.RaftServerConfigKeys (ConfUtils.java:logGet(44)) - raft.server.log.appender.buffer.byte-limit = 33554432 (custom)
2021-09-02 02:24:10,900 [Listener at 0.0.0.0/44409] INFO  server.GrpcService (ConfUtils.java:logGet(44)) - raft.grpc.flow.control.window = 1MB (=1048576) (default)
2021-09-02 02:24:10,900 [Listener at 0.0.0.0/44409] INFO  server.RaftServerConfigKeys (ConfUtils.java:logGet(44)) - raft.server.rpc.request.timeout = 3000ms (default)
2021-09-02 02:24:10,901 [Listener at 0.0.0.0/44409] INFO  impl.DataStreamServerImpl (ConfUtils.java:logGet(44)) - raft.datastream.type = DISABLED (default)
2021-09-02 02:24:10,901 [Listener at 0.0.0.0/44409] INFO  server.RaftServerConfigKeys (ConfUtils.java:logGet(44)) - raft.server.rpc.slowness.timeout = 120s (custom)
2021-09-02 02:24:10,901 [Listener at 0.0.0.0/44409] INFO  server.RaftServerConfigKeys (ConfUtils.java:logGet(44)) - raft.server.leaderelection.leader.step-down.wait-time = 10s (default)
2021-09-02 02:24:10,901 [Listener at 0.0.0.0/44409] INFO  server.RaftServerConfigKeys (ConfUtils.java:logGet(44)) - raft.server.storage.dir = [/home/runner/work/ozone/ozone/hadoop-ozone/integration-test/target/test-dir/MiniOzoneClusterImpl-29bc8a50-871c-4f9e-822f-1a9e32d9d7f8/ozone-meta/ratis] (custom)
2021-09-02 02:24:10,926 [Listener at 0.0.0.0/44409] INFO  server.RaftServer (RaftServerProxy.java:addNew(95)) - om1: addNew group-C5BA1605619E:[om1|rpc:localhost:9872|priority:0] returns group-C5BA1605619E:java.util.concurrent.CompletableFuture@523dc218[Not completed]
2021-09-02 02:24:10,926 [Listener at 0.0.0.0/44409] INFO  om.OzoneManager (OzoneManager.java:initializeRatisServer(1573)) - OzoneManager Ratis server initialized at port 9872
2021-09-02 02:24:10,927 [Listener at 0.0.0.0/44409] INFO  ipc.CallQueueManager (CallQueueManager.java:<init>(90)) - Using callQueue: class java.util.concurrent.LinkedBlockingQueue, queueCapacity: 2000, scheduler: class org.apache.hadoop.ipc.DefaultRpcScheduler, ipcBackoff: false.
2021-09-02 02:24:10,927 [pool-1141-thread-1] INFO  server.RaftServer$Division (RaftServerImpl.java:<init>(181)) - om1: new RaftServerImpl for group-C5BA1605619E:[om1|rpc:localhost:9872|priority:0] with OzoneManagerStateMachine:uninitialized
2021-09-02 02:24:10,931 [Socket Reader #1 for port 0] INFO  ipc.Server (Server.java:run(1265)) - Starting Socket Reader #1 for port 0
2021-09-02 02:24:10,946 [pool-1141-thread-1] INFO  server.RaftServerConfigKeys (ConfUtils.java:logGet(44)) - raft.server.rpc.timeout.min = 1s (custom)
2021-09-02 02:24:10,946 [pool-1141-thread-1] INFO  server.RaftServerConfigKeys (ConfUtils.java:logGet(44)) - raft.server.rpc.timeout.max = 1200ms (custom)
2021-09-02 02:24:10,946 [pool-1141-thread-1] INFO  server.RaftServerConfigKeys (ConfUtils.java:logGet(44)) - raft.server.rpc.sleep.time = 25ms (default)
2021-09-02 02:24:10,946 [pool-1141-thread-1] INFO  server.RaftServerConfigKeys (ConfUtils.java:logGet(44)) - raft.server.rpc.slowness.timeout = 120s (custom)
2021-09-02 02:24:10,946 [pool-1141-thread-1] INFO  server.RaftServerConfigKeys (ConfUtils.java:logGet(44)) - raft.server.leaderelection.leader.step-down.wait-time = 10s (default)
2021-09-02 02:24:10,946 [pool-1141-thread-1] INFO  server.RaftServerConfigKeys (ConfUtils.java:logGet(44)) - raft.server.sleep.deviation.threshold = 300ms (default)
2021-09-02 02:24:10,946 [pool-1141-thread-1] INFO  server.RaftServerConfigKeys (ConfUtils.java:logGet(44)) - raft.server.log.appender.install.snapshot.enabled = false (custom)
2021-09-02 02:24:10,946 [pool-1141-thread-1] INFO  server.RaftServer$Division (ServerState.java:<init>(105)) - om1@group-C5BA1605619E: ConfigurationManager, init=-1: [om1|rpc:localhost:9872|priority:0], old=null, confs=<EMPTY_MAP>
2021-09-02 02:24:10,946 [pool-1141-thread-1] INFO  server.RaftServerConfigKeys (ConfUtils.java:logGet(44)) - raft.server.storage.dir = [/home/runner/work/ozone/ozone/hadoop-ozone/integration-test/target/test-dir/MiniOzoneClusterImpl-29bc8a50-871c-4f9e-822f-1a9e32d9d7f8/ozone-meta/ratis] (custom)
2021-09-02 02:24:10,946 [pool-1141-thread-1] INFO  server.RaftServerConfigKeys (ConfUtils.java:logGet(44)) - raft.server.log.corruption.policy = EXCEPTION (default)
2021-09-02 02:24:10,947 [pool-1141-thread-1] INFO  server.RaftServerConfigKeys (ConfUtils.java:logGet(44)) - raft.server.storage.free-space.min = 0MB (=0) (default)
2021-09-02 02:24:10,947 [pool-1141-thread-1] INFO  storage.RaftStorageDirectory (RaftStorageDirectoryImpl.java:analyzeStorage(135)) - The storage directory /home/runner/work/ozone/ozone/hadoop-ozone/integration-test/target/test-dir/MiniOzoneClusterImpl-29bc8a50-871c-4f9e-822f-1a9e32d9d7f8/ozone-meta/ratis/bf265839-605b-3f16-9796-c5ba1605619e does not exist. Creating ...
2021-09-02 02:24:10,948 [pool-1141-thread-1] INFO  storage.RaftStorageDirectory (RaftStorageDirectoryImpl.java:tryLock(230)) - Lock on /home/runner/work/ozone/ozone/hadoop-ozone/integration-test/target/test-dir/MiniOzoneClusterImpl-29bc8a50-871c-4f9e-822f-1a9e32d9d7f8/ozone-meta/ratis/bf265839-605b-3f16-9796-c5ba1605619e/in_use.lock acquired by nodename 23478@fv-az195-103
2021-09-02 02:24:10,960 [pool-1141-thread-1] INFO  storage.RaftStorage (RaftStorageImpl.java:format(89)) - Storage directory /home/runner/work/ozone/ozone/hadoop-ozone/integration-test/target/test-dir/MiniOzoneClusterImpl-29bc8a50-871c-4f9e-822f-1a9e32d9d7f8/ozone-meta/ratis/bf265839-605b-3f16-9796-c5ba1605619e has been successfully formatted.
2021-09-02 02:24:10,960 [pool-1141-thread-1] INFO  server.RaftServerConfigKeys (ConfUtils.java:logGet(44)) - raft.server.notification.no-leader.timeout = 120s (custom)
2021-09-02 02:24:10,960 [pool-1141-thread-1] INFO  server.RaftServerConfigKeys (ConfUtils.java:logGet(44)) - raft.server.log.use.memory = false (default)
2021-09-02 02:24:10,960 [pool-1141-thread-1] INFO  server.RaftServerConfigKeys (ConfUtils.java:logGet(44)) - raft.server.log.purge.gap = 1000000 (custom)
2021-09-02 02:24:10,960 [pool-1141-thread-1] INFO  server.RaftServerConfigKeys (ConfUtils.java:logGet(44)) - raft.server.log.appender.buffer.byte-limit = 33554432 (custom)
2021-09-02 02:24:10,960 [pool-1141-thread-1] INFO  server.RaftServerConfigKeys (ConfUtils.java:logGet(44)) - raft.server.log.segment.size.max = 4194304 (custom)
2021-09-02 02:24:10,965 [pool-1141-thread-1] INFO  server.RaftServerConfigKeys (ConfUtils.java:logGet(44)) - raft.server.log.segment.cache.num.max = 2 (custom)
2021-09-02 02:24:10,965 [pool-1141-thread-1] INFO  server.RaftServerConfigKeys (ConfUtils.java:logGet(44)) - raft.server.log.segment.cache.size.max = 200MB (=209715200) (default)
2021-09-02 02:24:10,965 [pool-1141-thread-1] INFO  segmented.SegmentedRaftLogWorker (SegmentedRaftLogWorker.java:<init>(182)) - new om1@group-C5BA1605619E-SegmentedRaftLogWorker for RaftStorageImpl:Storage Directory /home/runner/work/ozone/ozone/hadoop-ozone/integration-test/target/test-dir/MiniOzoneClusterImpl-29bc8a50-871c-4f9e-822f-1a9e32d9d7f8/ozone-meta/ratis/bf265839-605b-3f16-9796-c5ba1605619e
2021-09-02 02:24:10,965 [pool-1141-thread-1] INFO  server.RaftServerConfigKeys (ConfUtils.java:logGet(44)) - raft.server.log.queue.byte-limit = 64MB (=67108864) (default)
2021-09-02 02:24:10,976 [pool-1141-thread-1] INFO  server.RaftServerConfigKeys (ConfUtils.java:logGet(44)) - raft.server.log.queue.element-limit = 4096 (default)
2021-09-02 02:24:10,976 [pool-1141-thread-1] INFO  server.RaftServerConfigKeys (ConfUtils.java:logGet(44)) - raft.server.log.segment.size.max = 4194304 (custom)
2021-09-02 02:24:10,977 [pool-1141-thread-1] INFO  server.RaftServerConfigKeys (ConfUtils.java:logGet(44)) - raft.server.log.preallocated.size = 4194304 (custom)
2021-09-02 02:24:10,977 [pool-1141-thread-1] INFO  server.RaftServerConfigKeys (ConfUtils.java:logGet(44)) - raft.server.log.force.sync.num = 128 (default)
2021-09-02 02:24:10,977 [pool-1141-thread-1] INFO  server.RaftServerConfigKeys (ConfUtils.java:logGet(44)) - raft.server.log.statemachine.data.sync = true (default)
2021-09-02 02:24:10,977 [pool-1141-thread-1] INFO  server.RaftServerConfigKeys (ConfUtils.java:logGet(44)) - raft.server.log.statemachine.data.sync.timeout = 10s (default)
2021-09-02 02:24:10,977 [pool-1141-thread-1] INFO  server.RaftServerConfigKeys (ConfUtils.java:logGet(44)) - raft.server.log.statemachine.data.sync.timeout.retry = -1 (default)
2021-09-02 02:24:10,979 [pool-1141-thread-1] INFO  server.RaftServerConfigKeys (ConfUtils.java:logGet(44)) - raft.server.log.write.buffer.size = 64KB (=65536) (default)
2021-09-02 02:24:10,980 [pool-1141-thread-1] INFO  server.RaftServerConfigKeys (ConfUtils.java:logGet(44)) - raft.server.log.statemachine.data.caching.enabled = false (default)
2021-09-02 02:24:10,980 [pool-1141-thread-1] INFO  segmented.SegmentedRaftLogWorker (SegmentedRaftLogWorker.java:lambda$new$0(133)) - om1@group-C5BA1605619E-SegmentedRaftLogWorker: flushIndex: setUnconditionally 0 -> -1
2021-09-02 02:24:10,980 [pool-1141-thread-1] INFO  segmented.SegmentedRaftLogWorker (SegmentedRaftLogWorker.java:lambda$new$0(133)) - om1@group-C5BA1605619E-SegmentedRaftLogWorker: safeCacheEvictIndex: setUnconditionally 0 -> -1
2021-09-02 02:24:10,991 [pool-1141-thread-1] INFO  server.RaftServerConfigKeys (ConfUtils.java:logGet(44)) - raft.server.snapshot.auto.trigger.enabled = true (custom)
2021-09-02 02:24:10,991 [pool-1141-thread-1] INFO  server.RaftServerConfigKeys (ConfUtils.java:logGet(44)) - raft.server.snapshot.auto.trigger.threshold = 400000 (default)
2021-09-02 02:24:10,991 [pool-1141-thread-1] INFO  server.RaftServerConfigKeys (ConfUtils.java:logGet(44)) - raft.server.snapshot.retention.file.num = -1 (default)
2021-09-02 02:24:10,991 [pool-1141-thread-1] INFO  server.RaftServerConfigKeys (ConfUtils.java:logGet(44)) - raft.server.log.purge.upto.snapshot.index = true (custom)
2021-09-02 02:24:10,991 [pool-1141-thread-1] INFO  server.RaftServerConfigKeys (ConfUtils.java:logGet(44)) - raft.server.retrycache.expirytime = 300s (custom)
2021-09-02 02:24:10,991 [pool-1141-thread-1] INFO  server.RaftServerConfigKeys (ConfUtils.java:logGet(44)) - raft.server.retrycache.statistics.expirytime = 100μs (default)
2021-09-02 02:24:11,026 [Listener at 127.0.0.1/45645] INFO  om.OzoneManager (OzoneManager.java:initFSOLayout(4321)) - Configured ozone.om.metadata.layout=SIMPLE and disabled optimized OM FS operations
2021-09-02 02:24:11,026 [Listener at 127.0.0.1/45645] INFO  impl.MetricsSystemImpl (MetricsSystemImpl.java:init(158)) - OzoneManager metrics system started (again)
2021-09-02 02:24:11,048 [Listener at 127.0.0.1/45645] INFO  om.OzoneManager (OzoneManager.java:start(1270)) - OzoneManager RPC server is listening at localhost/127.0.0.1:45645
2021-09-02 02:24:11,048 [Listener at 127.0.0.1/45645] INFO  ratis.OzoneManagerRatisServer (OzoneManagerRatisServer.java:start(516)) - Starting OzoneManagerRatisServer om1 at port 9872
2021-09-02 02:24:11,048 [Listener at 127.0.0.1/45645] INFO  server.RaftServer$Division (RaftServerImpl.java:start(296)) - om1@group-C5BA1605619E: start as a follower, conf=-1: [om1|rpc:localhost:9872|priority:0], old=null
2021-09-02 02:24:11,048 [Listener at 127.0.0.1/45645] INFO  server.RaftServer$Division (RaftServerImpl.java:setRole(285)) - om1@group-C5BA1605619E: changes role from      null to FOLLOWER at term 0 for startAsFollower
2021-09-02 02:24:11,048 [Listener at 127.0.0.1/45645] INFO  impl.RoleInfo (RoleInfo.java:updateAndGet(130)) - om1: start om1@group-C5BA1605619E-FollowerState
2021-09-02 02:24:11,048 [Listener at 127.0.0.1/45645] INFO  util.JmxRegister (JmxRegister.java:tryRegister(44)) - Successfully registered JMX Bean with object name Ratis:service=RaftServer,group=group-C5BA1605619E,id=om1
2021-09-02 02:24:11,050 [Listener at 127.0.0.1/45645] INFO  server.RaftServer (RaftServerProxy.java:lambda$start$5(374)) - om1: start RPC server
2021-09-02 02:24:11,051 [Listener at 127.0.0.1/45645] INFO  server.GrpcService (GrpcService.java:startImpl(253)) - om1: GrpcService started, listening on 9872
2021-09-02 02:24:11,051 [Listener at 127.0.0.1/45645] INFO  om.OzoneManager (OzoneManager.java:start(1288)) - Version File has different layout version (0) than OM DB (null). That is expected if this OM has never been finalized to a newer layout version.
2021-09-02 02:24:11,051 [org.apache.ratis.util.JvmPauseMonitor$$Lambda$531/908743333@3f542962] INFO  util.JvmPauseMonitor (JvmPauseMonitor.java:run(103)) - JvmPauseMonitor-om1: Started
2021-09-02 02:24:11,053 [Listener at 127.0.0.1/45645] INFO  http.BaseHttpServer (BaseHttpServer.java:newHttpServer2BuilderForOzone(209)) - Starting Web-server for ozoneManager at: http://0.0.0.0:0
2021-09-02 02:24:11,053 [Listener at 127.0.0.1/45645] INFO  http.BaseHttpServer (BaseHttpServer.java:<init>(107)) - Hadoop Security Enabled: false Ozone Security Enabled: false Ozone HTTP Security Enabled: false 
2021-09-02 02:24:11,053 [Listener at 127.0.0.1/45645] INFO  server.AuthenticationFilter (AuthenticationFilter.java:constructSecretProvider(240)) - Unable to initialize FileSignerSecretProvider, falling back to use random secrets.
2021-09-02 02:24:11,055 [Listener at 127.0.0.1/45645] WARN  http.HttpRequestLog (HttpRequestLog.java:getRequestLog(103)) - Jetty request log can only be enabled using Log4j
2021-09-02 02:24:11,055 [Listener at 127.0.0.1/45645] INFO  http.HttpServer2 (HttpServer2.java:addGlobalFilter(1030)) - Added global filter 'safety' (class=org.apache.hadoop.hdds.server.http.HttpServer2$QuotingInputFilter)
2021-09-02 02:24:11,056 [Listener at 127.0.0.1/45645] INFO  http.HttpServer2 (HttpServer2.java:addFilter(1006)) - Added filter static_user_filter (class=org.apache.hadoop.http.lib.StaticUserWebFilter$StaticUserFilter) to context ozoneManager
2021-09-02 02:24:11,056 [Listener at 127.0.0.1/45645] INFO  http.HttpServer2 (HttpServer2.java:addFilter(1014)) - Added filter static_user_filter (class=org.apache.hadoop.http.lib.StaticUserWebFilter$StaticUserFilter) to context static
2021-09-02 02:24:11,056 [Listener at 127.0.0.1/45645] INFO  http.HttpServer2 (HttpServer2.java:addFilter(1014)) - Added filter static_user_filter (class=org.apache.hadoop.http.lib.StaticUserWebFilter$StaticUserFilter) to context logs
2021-09-02 02:24:11,056 [Listener at 127.0.0.1/45645] INFO  http.HttpServer2 (HttpServer2.java:bindListener(1249)) - Jetty bound to port 44445
2021-09-02 02:24:11,056 [Listener at 127.0.0.1/45645] INFO  server.Server (Server.java:doStart(375)) - jetty-9.4.43.v20210629; built: 2021-06-30T11:07:22.254Z; git: 526006ecfa3af7f1a27ef3a288e2bef7ea9dd7e8; jvm 1.8.0_292-b10
2021-09-02 02:24:11,097 [Listener at 127.0.0.1/45645] INFO  server.session (DefaultSessionIdManager.java:doStart(334)) - DefaultSessionIdManager workerName=node0
2021-09-02 02:24:11,097 [Listener at 127.0.0.1/45645] INFO  server.session (DefaultSessionIdManager.java:doStart(339)) - No SessionScavenger set, using defaults
2021-09-02 02:24:11,097 [Listener at 127.0.0.1/45645] INFO  server.session (HouseKeeper.java:startScavenging(132)) - node0 Scavenging every 600000ms
2021-09-02 02:24:11,097 [Listener at 127.0.0.1/45645] INFO  handler.ContextHandler (ContextHandler.java:doStart(915)) - Started o.e.j.s.ServletContextHandler@62076729{logs,/logs,file:///home/runner/work/ozone/ozone/hadoop-ozone/integration-test/target/log,AVAILABLE}
2021-09-02 02:24:11,098 [Listener at 127.0.0.1/45645] INFO  handler.ContextHandler (ContextHandler.java:doStart(915)) - Started o.e.j.s.ServletContextHandler@75fbf5ab{static,/static,file:///home/runner/work/ozone/ozone/hadoop-ozone/integration-test/target/test-classes/webapps/static,AVAILABLE}
2021-09-02 02:24:11,101 [Listener at 127.0.0.1/45645] INFO  handler.ContextHandler (ContextHandler.java:doStart(915)) - Started o.e.j.w.WebAppContext@65c3a026{ozoneManager,/,file:///home/runner/work/ozone/ozone/hadoop-ozone/integration-test/target/test-classes/webapps/ozoneManager/,AVAILABLE}{file:/home/runner/work/ozone/ozone/hadoop-ozone/integration-test/target/test-classes/webapps/ozoneManager}
2021-09-02 02:24:11,108 [Listener at 127.0.0.1/45645] INFO  server.AbstractConnector (AbstractConnector.java:doStart(331)) - Started ServerConnector@4b4f58a0{HTTP/1.1, (http/1.1)}{0.0.0.0:44445}
2021-09-02 02:24:11,108 [Listener at 127.0.0.1/45645] INFO  server.Server (Server.java:doStart(415)) - Started @421427ms
2021-09-02 02:24:11,108 [Listener at 127.0.0.1/45645] WARN  impl.MetricsSystemImpl (MetricsSystemImpl.java:register(279)) - Sink prometheus already exists!
2021-09-02 02:24:11,117 [Listener at 127.0.0.1/45645] INFO  http.BaseHttpServer (BaseHttpServer.java:updateConnectorAddress(329)) - HTTP server of ozoneManager listening at http://0.0.0.0:44445
2021-09-02 02:24:11,123 [IPC Server Responder] INFO  ipc.Server (Server.java:run(1507)) - IPC Server Responder: starting
2021-09-02 02:24:11,123 [IPC Server listener on 0] INFO  ipc.Server (Server.java:run(1344)) - IPC Server listener on 0: starting
2021-09-02 02:24:11,124 [Listener at 127.0.0.1/45645] INFO  om.OzoneManager (OzoneManager.java:startTrashEmptier(1531)) - Trash Interval set to 0. Files deleted will not move to trash
2021-09-02 02:24:11,132 [org.apache.hadoop.util.JvmPauseMonitor$Monitor@38a9d8aa] INFO  util.JvmPauseMonitor (JvmPauseMonitor.java:run(188)) - Starting JVM pause monitor
2021-09-02 02:24:11,214 [Listener at 127.0.0.1/45645] WARN  impl.MetricRegistriesImpl (MetricRegistriesImpl.java:addReporterRegistration(111)) - New reporters are added after registries were created. Some metrics will be missing from the reporter. Please add reporter before adding any new registry.
2021-09-02 02:24:11,215 [Listener at 127.0.0.1/45645] WARN  impl.MetricRegistriesImpl (MetricRegistriesImpl.java:addReporterRegistration(111)) - New reporters are added after registries were created. Some metrics will be missing from the reporter. Please add reporter before adding any new registry.
2021-09-02 02:24:11,215 [Listener at 127.0.0.1/45645] INFO  impl.MetricsSystemImpl (MetricsSystemImpl.java:init(158)) - HddsDatanode metrics system started (again)
2021-09-02 02:24:11,294 [Listener at 127.0.0.1/45645] INFO  ozone.HddsDatanodeService (HddsDatanodeService.java:start(234)) - HddsDatanodeService host:fv-az195-103.u3nnjwd0vyge1bu22idnsdeq2e.cx.internal.cloudapp.net ip:10.1.0.11
2021-09-02 02:24:11,385 [Listener at 127.0.0.1/45645] INFO  upgrade.AbstractLayoutVersionManager (AbstractLayoutVersionManager.java:init(70)) - Initializing Layout version manager with metadata layout = SCM_HA (version = 2), software layout = SCM_HA (version = 2)
2021-09-02 02:24:11,492 [Listener at 127.0.0.1/45645] INFO  reflections.Reflections (Reflections.java:scan(232)) - Reflections took 101 ms to scan 7 urls, producing 120 keys and 275 values 
2021-09-02 02:24:11,500 [Listener at 127.0.0.1/45645] INFO  volume.HddsVolume (HddsVolume.java:<init>(120)) - Creating HddsVolume: /home/runner/work/ozone/ozone/hadoop-ozone/integration-test/target/test-dir/MiniOzoneClusterImpl-29bc8a50-871c-4f9e-822f-1a9e32d9d7f8/datanode-0/data-0/containers/hdds of storage type : DISK capacity : 9223372036854775807
2021-09-02 02:24:11,501 [Listener at 127.0.0.1/45645] INFO  volume.MutableVolumeSet (MutableVolumeSet.java:initializeVolumeSet(181)) - Added Volume : /home/runner/work/ozone/ozone/hadoop-ozone/integration-test/target/test-dir/MiniOzoneClusterImpl-29bc8a50-871c-4f9e-822f-1a9e32d9d7f8/datanode-0/data-0/containers/hdds to VolumeSet
2021-09-02 02:24:11,501 [Listener at 127.0.0.1/45645] INFO  volume.ThrottledAsyncChecker (ThrottledAsyncChecker.java:schedule(141)) - Scheduling a check for /home/runner/work/ozone/ozone/hadoop-ozone/integration-test/target/test-dir/MiniOzoneClusterImpl-29bc8a50-871c-4f9e-822f-1a9e32d9d7f8/datanode-0/data-0/containers/hdds
2021-09-02 02:24:11,501 [Listener at 127.0.0.1/45645] INFO  volume.StorageVolumeChecker (StorageVolumeChecker.java:checkAllVolumes(202)) - Scheduled health check for volume /home/runner/work/ozone/ozone/hadoop-ozone/integration-test/target/test-dir/MiniOzoneClusterImpl-29bc8a50-871c-4f9e-822f-1a9e32d9d7f8/datanode-0/data-0/containers/hdds
2021-09-02 02:24:11,585 [Listener at 127.0.0.1/45645] INFO  volume.MutableVolumeSet (MutableVolumeSet.java:initializeVolumeSet(181)) - Added Volume : /home/runner/work/ozone/ozone/hadoop-ozone/integration-test/target/test-dir/MiniOzoneClusterImpl-29bc8a50-871c-4f9e-822f-1a9e32d9d7f8/datanode-0/data/ratis to VolumeSet
2021-09-02 02:24:11,585 [Listener at 127.0.0.1/45645] INFO  volume.ThrottledAsyncChecker (ThrottledAsyncChecker.java:schedule(141)) - Scheduling a check for /home/runner/work/ozone/ozone/hadoop-ozone/integration-test/target/test-dir/MiniOzoneClusterImpl-29bc8a50-871c-4f9e-822f-1a9e32d9d7f8/datanode-0/data/ratis
2021-09-02 02:24:11,585 [Listener at 127.0.0.1/45645] INFO  volume.StorageVolumeChecker (StorageVolumeChecker.java:checkAllVolumes(202)) - Scheduled health check for volume /home/runner/work/ozone/ozone/hadoop-ozone/integration-test/target/test-dir/MiniOzoneClusterImpl-29bc8a50-871c-4f9e-822f-1a9e32d9d7f8/datanode-0/data/ratis
2021-09-02 02:24:11,705 [Listener at 127.0.0.1/45645] INFO  ozoneimpl.ContainerReader (ContainerReader.java:<init>(98)) - Running in upgrade mode:true
2021-09-02 02:24:11,729 [Thread-3136] INFO  ozoneimpl.ContainerReader (ContainerReader.java:readVolume(142)) - Start to verify containers on volume /home/runner/work/ozone/ozone/hadoop-ozone/integration-test/target/test-dir/MiniOzoneClusterImpl-29bc8a50-871c-4f9e-822f-1a9e32d9d7f8/datanode-0/data-0/containers/hdds
2021-09-02 02:24:11,730 [Thread-3136] INFO  ozoneimpl.ContainerReader (ContainerReader.java:readVolume(174)) - Finish verifying containers on volume /home/runner/work/ozone/ozone/hadoop-ozone/integration-test/target/test-dir/MiniOzoneClusterImpl-29bc8a50-871c-4f9e-822f-1a9e32d9d7f8/datanode-0/data-0/containers/hdds
2021-09-02 02:24:11,730 [Listener at 127.0.0.1/45645] INFO  ozoneimpl.OzoneContainer (OzoneContainer.java:buildContainerSet(237)) - Build ContainerSet costs 0s
2021-09-02 02:24:11,732 [Listener at 127.0.0.1/45645] INFO  server.RaftServer (ConfUtils.java:logGet(44)) - raft.rpc.type = GRPC (default)
2021-09-02 02:24:11,733 [Listener at 127.0.0.1/45645] INFO  grpc.GrpcFactory (GrpcFactory.java:checkPooledByteBufAllocatorUseCacheForAllThreads(48)) - PERFORMANCE WARNING: useCacheForAllThreads is true that may cause Netty to create a lot garbage objects and, as a result, trigger GC.
	It is recommended to disable useCacheForAllThreads by setting -Dorg.apache.ratis.thirdparty.io.netty.allocator.useCacheForAllThreads=false in command line.
2021-09-02 02:24:11,733 [Listener at 127.0.0.1/45645] INFO  grpc.GrpcConfigKeys (ConfUtils.java:logGet(44)) - raft.grpc.admin.port = 0 (custom)
2021-09-02 02:24:11,733 [Listener at 127.0.0.1/45645] INFO  grpc.GrpcConfigKeys (ConfUtils.java:logGet(44)) - raft.grpc.client.port = 0 (custom)
2021-09-02 02:24:11,733 [Listener at 127.0.0.1/45645] INFO  grpc.GrpcConfigKeys (ConfUtils.java:logGet(44)) - raft.grpc.server.port = 0 (default)
2021-09-02 02:24:11,733 [Listener at 127.0.0.1/45645] INFO  server.GrpcService (ConfUtils.java:logGet(44)) - raft.grpc.message.size.max = 32MB (=33554432) (custom)
2021-09-02 02:24:11,733 [Listener at 127.0.0.1/45645] INFO  server.RaftServerConfigKeys (ConfUtils.java:logGet(44)) - raft.server.log.appender.buffer.byte-limit = 33554432 (custom)
2021-09-02 02:24:11,733 [Listener at 127.0.0.1/45645] INFO  server.GrpcService (ConfUtils.java:logGet(44)) - raft.grpc.flow.control.window = 5MB (=5242880) (custom)
2021-09-02 02:24:11,733 [Listener at 127.0.0.1/45645] INFO  server.RaftServerConfigKeys (ConfUtils.java:logGet(44)) - raft.server.rpc.request.timeout = 3000ms (default)
2021-09-02 02:24:11,738 [Listener at 127.0.0.1/45645] INFO  impl.DataStreamServerImpl (ConfUtils.java:logGet(44)) - raft.datastream.type = DISABLED (default)
2021-09-02 02:24:11,738 [Listener at 127.0.0.1/45645] INFO  server.RaftServerConfigKeys (ConfUtils.java:logGet(44)) - raft.server.rpc.slowness.timeout = 300000ms (custom)
2021-09-02 02:24:11,738 [Listener at 127.0.0.1/45645] INFO  server.RaftServerConfigKeys (ConfUtils.java:logGet(44)) - raft.server.leaderelection.leader.step-down.wait-time = 10s (default)
2021-09-02 02:24:11,739 [Listener at 127.0.0.1/45645] INFO  server.RaftServerConfigKeys (ConfUtils.java:logGet(44)) - raft.server.storage.dir = [/home/runner/work/ozone/ozone/hadoop-ozone/integration-test/target/test-dir/MiniOzoneClusterImpl-29bc8a50-871c-4f9e-822f-1a9e32d9d7f8/datanode-0/data/ratis] (custom)
2021-09-02 02:24:11,815 [Listener at 127.0.0.1/45645] INFO  http.BaseHttpServer (BaseHttpServer.java:newHttpServer2BuilderForOzone(209)) - Starting Web-server for hddsDatanode at: http://0.0.0.0:0
2021-09-02 02:24:11,815 [Listener at 127.0.0.1/45645] INFO  http.BaseHttpServer (BaseHttpServer.java:<init>(107)) - Hadoop Security Enabled: false Ozone Security Enabled: false Ozone HTTP Security Enabled: false 
2021-09-02 02:24:11,816 [Listener at 127.0.0.1/45645] INFO  server.AuthenticationFilter (AuthenticationFilter.java:constructSecretProvider(240)) - Unable to initialize FileSignerSecretProvider, falling back to use random secrets.
2021-09-02 02:24:11,816 [Listener at 127.0.0.1/45645] WARN  http.HttpRequestLog (HttpRequestLog.java:getRequestLog(103)) - Jetty request log can only be enabled using Log4j
2021-09-02 02:24:11,817 [Listener at 127.0.0.1/45645] INFO  http.HttpServer2 (HttpServer2.java:addGlobalFilter(1030)) - Added global filter 'safety' (class=org.apache.hadoop.hdds.server.http.HttpServer2$QuotingInputFilter)
2021-09-02 02:24:11,817 [Listener at 127.0.0.1/45645] INFO  http.HttpServer2 (HttpServer2.java:addFilter(1006)) - Added filter static_user_filter (class=org.apache.hadoop.http.lib.StaticUserWebFilter$StaticUserFilter) to context hddsDatanode
2021-09-02 02:24:11,817 [Listener at 127.0.0.1/45645] INFO  http.HttpServer2 (HttpServer2.java:addFilter(1014)) - Added filter static_user_filter (class=org.apache.hadoop.http.lib.StaticUserWebFilter$StaticUserFilter) to context logs
2021-09-02 02:24:11,817 [Listener at 127.0.0.1/45645] INFO  http.HttpServer2 (HttpServer2.java:addFilter(1014)) - Added filter static_user_filter (class=org.apache.hadoop.http.lib.StaticUserWebFilter$StaticUserFilter) to context static
2021-09-02 02:24:11,819 [Listener at 127.0.0.1/45645] INFO  http.HttpServer2 (HttpServer2.java:bindListener(1249)) - Jetty bound to port 43635
2021-09-02 02:24:11,819 [Listener at 127.0.0.1/45645] INFO  server.Server (Server.java:doStart(375)) - jetty-9.4.43.v20210629; built: 2021-06-30T11:07:22.254Z; git: 526006ecfa3af7f1a27ef3a288e2bef7ea9dd7e8; jvm 1.8.0_292-b10
2021-09-02 02:24:11,866 [Listener at 127.0.0.1/45645] INFO  server.session (DefaultSessionIdManager.java:doStart(334)) - DefaultSessionIdManager workerName=node0
2021-09-02 02:24:11,867 [Listener at 127.0.0.1/45645] INFO  server.session (DefaultSessionIdManager.java:doStart(339)) - No SessionScavenger set, using defaults
2021-09-02 02:24:11,867 [Listener at 127.0.0.1/45645] INFO  server.session (HouseKeeper.java:startScavenging(132)) - node0 Scavenging every 600000ms
2021-09-02 02:24:11,867 [Listener at 127.0.0.1/45645] INFO  handler.ContextHandler (ContextHandler.java:doStart(915)) - Started o.e.j.s.ServletContextHandler@7db2b157{logs,/logs,file:///home/runner/work/ozone/ozone/hadoop-ozone/integration-test/target/log,AVAILABLE}
2021-09-02 02:24:11,867 [Listener at 127.0.0.1/45645] INFO  handler.ContextHandler (ContextHandler.java:doStart(915)) - Started o.e.j.s.ServletContextHandler@4c39edbf{static,/static,jar:file:/home/runner/.m2/repository/org/apache/ozone/hdds-container-service/1.2.0-SNAPSHOT/hdds-container-service-1.2.0-SNAPSHOT.jar!/webapps/static,AVAILABLE}
2021-09-02 02:24:12,002 [Listener at 127.0.0.1/45645] INFO  handler.ContextHandler (ContextHandler.java:doStart(915)) - Started o.e.j.w.WebAppContext@51c3cd96{hddsDatanode,/,file:///tmp/jetty-0_0_0_0-43635-hdds-container-service-1_2_0-SNAPSHOT_jar-_-any-5318524705093301712/webapp/,AVAILABLE}{jar:file:/home/runner/.m2/repository/org/apache/ozone/hdds-container-service/1.2.0-SNAPSHOT/hdds-container-service-1.2.0-SNAPSHOT.jar!/webapps/hddsDatanode}
2021-09-02 02:24:12,091 [Listener at 127.0.0.1/45645] INFO  server.AbstractConnector (AbstractConnector.java:doStart(331)) - Started ServerConnector@989eb77{HTTP/1.1, (http/1.1)}{0.0.0.0:43635}
2021-09-02 02:24:12,091 [Listener at 127.0.0.1/45645] INFO  server.Server (Server.java:doStart(415)) - Started @422410ms
2021-09-02 02:24:12,091 [Listener at 127.0.0.1/45645] WARN  impl.MetricsSystemImpl (MetricsSystemImpl.java:register(279)) - Sink prometheus already exists!
2021-09-02 02:24:12,098 [Listener at 127.0.0.1/45645] INFO  http.BaseHttpServer (BaseHttpServer.java:updateConnectorAddress(329)) - HTTP server of hddsDatanode listening at http://0.0.0.0:43635
2021-09-02 02:24:12,157 [Listener at 127.0.0.1/45645] WARN  impl.MetricRegistriesImpl (MetricRegistriesImpl.java:addReporterRegistration(111)) - New reporters are added after registries were created. Some metrics will be missing from the reporter. Please add reporter before adding any new registry.
2021-09-02 02:24:12,157 [Listener at 127.0.0.1/45645] WARN  impl.MetricRegistriesImpl (MetricRegistriesImpl.java:addReporterRegistration(111)) - New reporters are added after registries were created. Some metrics will be missing from the reporter. Please add reporter before adding any new registry.
2021-09-02 02:24:12,157 [Listener at 127.0.0.1/45645] INFO  impl.MetricsSystemImpl (MetricsSystemImpl.java:init(158)) - HddsDatanode metrics system started (again)
2021-09-02 02:24:12,185 [org.apache.hadoop.util.JvmPauseMonitor$Monitor@8911f74] INFO  util.JvmPauseMonitor (JvmPauseMonitor.java:run(188)) - Starting JVM pause monitor
2021-09-02 02:24:12,232 [Datanode State Machine Task Thread - 0] INFO  datanode.InitDatanodeState (InitDatanodeState.java:persistContainerDatanodeDetails(145)) - DatanodeDetails is persisted to /home/runner/work/ozone/ozone/hadoop-ozone/integration-test/target/test-dir/MiniOzoneClusterImpl-29bc8a50-871c-4f9e-822f-1a9e32d9d7f8/datanode-0/meta/datanode.id
2021-09-02 02:24:12,239 [Listener at 127.0.0.1/45645] INFO  ozone.HddsDatanodeService (HddsDatanodeService.java:start(234)) - HddsDatanodeService host:fv-az195-103.u3nnjwd0vyge1bu22idnsdeq2e.cx.internal.cloudapp.net ip:10.1.0.11
2021-09-02 02:24:12,242 [om1@group-C5BA1605619E-FollowerState] INFO  impl.FollowerState (FollowerState.java:run(134)) - om1@group-C5BA1605619E-FollowerState: change to CANDIDATE, lastRpcElapsedTime:1193568038ns, electionTimeout:1192ms
2021-09-02 02:24:12,242 [om1@group-C5BA1605619E-FollowerState] INFO  impl.RoleInfo (RoleInfo.java:shutdownFollowerState(108)) - om1: shutdown om1@group-C5BA1605619E-FollowerState
2021-09-02 02:24:12,242 [om1@group-C5BA1605619E-FollowerState] INFO  server.RaftServer$Division (RaftServerImpl.java:setRole(285)) - om1@group-C5BA1605619E: changes role from  FOLLOWER to CANDIDATE at term 0 for changeToCandidate
2021-09-02 02:24:12,242 [om1@group-C5BA1605619E-FollowerState] INFO  server.RaftServerConfigKeys (ConfUtils.java:logGet(44)) - raft.server.leaderelection.pre-vote = false (custom)
2021-09-02 02:24:12,242 [om1@group-C5BA1605619E-FollowerState] INFO  impl.RoleInfo (RoleInfo.java:updateAndGet(130)) - om1: start om1@group-C5BA1605619E-LeaderElection148
2021-09-02 02:24:12,355 [om1@group-C5BA1605619E-LeaderElection148] INFO  impl.LeaderElection (LeaderElection.java:askForVotes(306)) - om1@group-C5BA1605619E-LeaderElection148 ELECTION round 0: submit vote requests at term 1 for -1: [om1|rpc:localhost:9872|priority:0], old=null
2021-09-02 02:24:12,355 [om1@group-C5BA1605619E-LeaderElection148] INFO  impl.LeaderElection (LeaderElection.java:askForVotes(308)) - om1@group-C5BA1605619E-LeaderElection148 ELECTION round 0: result PASSED (term=1)
2021-09-02 02:24:12,355 [om1@group-C5BA1605619E-LeaderElection148] INFO  impl.RoleInfo (RoleInfo.java:shutdownLeaderElection(121)) - om1: shutdown om1@group-C5BA1605619E-LeaderElection148
2021-09-02 02:24:12,355 [om1@group-C5BA1605619E-LeaderElection148] INFO  server.RaftServer$Division (RaftServerImpl.java:setRole(285)) - om1@group-C5BA1605619E: changes role from CANDIDATE to LEADER at term 1 for changeToLeader
2021-09-02 02:24:12,355 [om1@group-C5BA1605619E-LeaderElection148] INFO  server.RaftServer$Division (ServerState.java:setLeader(285)) - om1@group-C5BA1605619E: change Leader from null to om1 at term 1 for becomeLeader, leader elected after 1394ms
2021-09-02 02:24:12,355 [om1@group-C5BA1605619E-LeaderElection148] INFO  server.RaftServerConfigKeys (ConfUtils.java:logGet(44)) - raft.server.staging.catchup.gap = 1000 (default)
2021-09-02 02:24:12,355 [om1@group-C5BA1605619E-LeaderElection148] INFO  server.RaftServerConfigKeys (ConfUtils.java:logGet(44)) - raft.server.write.element-limit = 4096 (default)
2021-09-02 02:24:12,355 [om1@group-C5BA1605619E-LeaderElection148] INFO  server.RaftServerConfigKeys (ConfUtils.java:logGet(44)) - raft.server.write.byte-limit = 64MB (=67108864) (default)
2021-09-02 02:24:12,363 [om1@group-C5BA1605619E-LeaderElection148] INFO  server.RaftServerConfigKeys (ConfUtils.java:logGet(44)) - raft.server.watch.timeout = 10s (default)
2021-09-02 02:24:12,363 [om1@group-C5BA1605619E-LeaderElection148] INFO  server.RaftServerConfigKeys (ConfUtils.java:logGet(44)) - raft.server.watch.timeout.denomination = 1s (default)
2021-09-02 02:24:12,363 [om1@group-C5BA1605619E-LeaderElection148] INFO  server.RaftServerConfigKeys (ConfUtils.java:logGet(44)) - raft.server.watch.element-limit = 65536 (default)
2021-09-02 02:24:12,363 [om1@group-C5BA1605619E-LeaderElection148] INFO  impl.RoleInfo (RoleInfo.java:updateAndGet(130)) - om1: start om1@group-C5BA1605619E-LeaderStateImpl
2021-09-02 02:24:12,364 [om1@group-C5BA1605619E-LeaderElection148] INFO  segmented.SegmentedRaftLogWorker (SegmentedRaftLogWorker.java:startLogSegment(394)) - om1@group-C5BA1605619E-SegmentedRaftLogWorker: Starting segment from index:0
2021-09-02 02:24:12,375 [om1@group-C5BA1605619E-LeaderElection148] INFO  server.RaftServer$Division (ServerState.java:setRaftConf(387)) - om1@group-C5BA1605619E: set configuration 0: [om1|rpc:localhost:9872|admin:|client:|dataStream:|priority:0], old=null
2021-09-02 02:24:12,423 [Listener at 127.0.0.1/45645] INFO  upgrade.AbstractLayoutVersionManager (AbstractLayoutVersionManager.java:init(70)) - Initializing Layout version manager with metadata layout = SCM_HA (version = 2), software layout = SCM_HA (version = 2)
2021-09-02 02:24:12,429 [om1@group-C5BA1605619E-SegmentedRaftLogWorker] INFO  segmented.SegmentedRaftLogWorker (SegmentedRaftLogWorker.java:execute(601)) - om1@group-C5BA1605619E-SegmentedRaftLogWorker: created new log segment /home/runner/work/ozone/ozone/hadoop-ozone/integration-test/target/test-dir/MiniOzoneClusterImpl-29bc8a50-871c-4f9e-822f-1a9e32d9d7f8/ozone-meta/ratis/bf265839-605b-3f16-9796-c5ba1605619e/current/log_inprogress_0
2021-09-02 02:24:12,431 [om1@group-C5BA1605619E-StateMachineUpdater] INFO  ratis.OzoneManagerStateMachine (OzoneManagerStateMachine.java:notifyConfigurationChanged(188)) - Received Configuration change notification from Ratis. New Peer list:
[id: "om1"
address: "localhost:9872"
]
2021-09-02 02:24:12,509 [Listener at 127.0.0.1/45645] INFO  reflections.Reflections (Reflections.java:scan(232)) - Reflections took 85 ms to scan 7 urls, producing 120 keys and 275 values 
2021-09-02 02:24:12,511 [Listener at 127.0.0.1/45645] INFO  volume.HddsVolume (HddsVolume.java:<init>(120)) - Creating HddsVolume: /home/runner/work/ozone/ozone/hadoop-ozone/integration-test/target/test-dir/MiniOzoneClusterImpl-29bc8a50-871c-4f9e-822f-1a9e32d9d7f8/datanode-1/data-0/containers/hdds of storage type : DISK capacity : 9223372036854775807
2021-09-02 02:24:12,511 [Listener at 127.0.0.1/45645] INFO  volume.MutableVolumeSet (MutableVolumeSet.java:initializeVolumeSet(181)) - Added Volume : /home/runner/work/ozone/ozone/hadoop-ozone/integration-test/target/test-dir/MiniOzoneClusterImpl-29bc8a50-871c-4f9e-822f-1a9e32d9d7f8/datanode-1/data-0/containers/hdds to VolumeSet
2021-09-02 02:24:12,512 [Listener at 127.0.0.1/45645] INFO  volume.ThrottledAsyncChecker (ThrottledAsyncChecker.java:schedule(141)) - Scheduling a check for /home/runner/work/ozone/ozone/hadoop-ozone/integration-test/target/test-dir/MiniOzoneClusterImpl-29bc8a50-871c-4f9e-822f-1a9e32d9d7f8/datanode-1/data-0/containers/hdds
2021-09-02 02:24:12,512 [Listener at 127.0.0.1/45645] INFO  volume.StorageVolumeChecker (StorageVolumeChecker.java:checkAllVolumes(202)) - Scheduled health check for volume /home/runner/work/ozone/ozone/hadoop-ozone/integration-test/target/test-dir/MiniOzoneClusterImpl-29bc8a50-871c-4f9e-822f-1a9e32d9d7f8/datanode-1/data-0/containers/hdds
2021-09-02 02:24:12,606 [Listener at 127.0.0.1/45645] INFO  volume.MutableVolumeSet (MutableVolumeSet.java:initializeVolumeSet(181)) - Added Volume : /home/runner/work/ozone/ozone/hadoop-ozone/integration-test/target/test-dir/MiniOzoneClusterImpl-29bc8a50-871c-4f9e-822f-1a9e32d9d7f8/datanode-1/data/ratis to VolumeSet
2021-09-02 02:24:12,606 [Listener at 127.0.0.1/45645] INFO  volume.ThrottledAsyncChecker (ThrottledAsyncChecker.java:schedule(141)) - Scheduling a check for /home/runner/work/ozone/ozone/hadoop-ozone/integration-test/target/test-dir/MiniOzoneClusterImpl-29bc8a50-871c-4f9e-822f-1a9e32d9d7f8/datanode-1/data/ratis
2021-09-02 02:24:12,606 [Listener at 127.0.0.1/45645] INFO  volume.StorageVolumeChecker (StorageVolumeChecker.java:checkAllVolumes(202)) - Scheduled health check for volume /home/runner/work/ozone/ozone/hadoop-ozone/integration-test/target/test-dir/MiniOzoneClusterImpl-29bc8a50-871c-4f9e-822f-1a9e32d9d7f8/datanode-1/data/ratis
2021-09-02 02:24:12,707 [Listener at 127.0.0.1/45645] INFO  ozoneimpl.ContainerReader (ContainerReader.java:<init>(98)) - Running in upgrade mode:true
2021-09-02 02:24:12,738 [Thread-3150] INFO  ozoneimpl.ContainerReader (ContainerReader.java:readVolume(142)) - Start to verify containers on volume /home/runner/work/ozone/ozone/hadoop-ozone/integration-test/target/test-dir/MiniOzoneClusterImpl-29bc8a50-871c-4f9e-822f-1a9e32d9d7f8/datanode-1/data-0/containers/hdds
2021-09-02 02:24:12,738 [Thread-3150] INFO  ozoneimpl.ContainerReader (ContainerReader.java:readVolume(174)) - Finish verifying containers on volume /home/runner/work/ozone/ozone/hadoop-ozone/integration-test/target/test-dir/MiniOzoneClusterImpl-29bc8a50-871c-4f9e-822f-1a9e32d9d7f8/datanode-1/data-0/containers/hdds
2021-09-02 02:24:12,738 [Listener at 127.0.0.1/45645] INFO  ozoneimpl.OzoneContainer (OzoneContainer.java:buildContainerSet(237)) - Build ContainerSet costs 0s
2021-09-02 02:24:12,739 [Listener at 127.0.0.1/45645] INFO  server.RaftServer (ConfUtils.java:logGet(44)) - raft.rpc.type = GRPC (default)
2021-09-02 02:24:12,739 [Listener at 127.0.0.1/45645] INFO  grpc.GrpcFactory (GrpcFactory.java:checkPooledByteBufAllocatorUseCacheForAllThreads(48)) - PERFORMANCE WARNING: useCacheForAllThreads is true that may cause Netty to create a lot garbage objects and, as a result, trigger GC.
	It is recommended to disable useCacheForAllThreads by setting -Dorg.apache.ratis.thirdparty.io.netty.allocator.useCacheForAllThreads=false in command line.
2021-09-02 02:24:12,739 [Listener at 127.0.0.1/45645] INFO  grpc.GrpcConfigKeys (ConfUtils.java:logGet(44)) - raft.grpc.admin.port = 0 (custom)
2021-09-02 02:24:12,739 [Listener at 127.0.0.1/45645] INFO  grpc.GrpcConfigKeys (ConfUtils.java:logGet(44)) - raft.grpc.client.port = 0 (custom)
2021-09-02 02:24:12,739 [Listener at 127.0.0.1/45645] INFO  grpc.GrpcConfigKeys (ConfUtils.java:logGet(44)) - raft.grpc.server.port = 0 (default)
2021-09-02 02:24:12,740 [Listener at 127.0.0.1/45645] INFO  server.GrpcService (ConfUtils.java:logGet(44)) - raft.grpc.message.size.max = 32MB (=33554432) (custom)
2021-09-02 02:24:12,740 [Listener at 127.0.0.1/45645] INFO  server.RaftServerConfigKeys (ConfUtils.java:logGet(44)) - raft.server.log.appender.buffer.byte-limit = 33554432 (custom)
2021-09-02 02:24:12,740 [Listener at 127.0.0.1/45645] INFO  server.GrpcService (ConfUtils.java:logGet(44)) - raft.grpc.flow.control.window = 5MB (=5242880) (custom)
2021-09-02 02:24:12,740 [Listener at 127.0.0.1/45645] INFO  server.RaftServerConfigKeys (ConfUtils.java:logGet(44)) - raft.server.rpc.request.timeout = 3000ms (default)
2021-09-02 02:24:12,741 [Listener at 127.0.0.1/45645] INFO  impl.DataStreamServerImpl (ConfUtils.java:logGet(44)) - raft.datastream.type = DISABLED (default)
2021-09-02 02:24:12,741 [Listener at 127.0.0.1/45645] INFO  server.RaftServerConfigKeys (ConfUtils.java:logGet(44)) - raft.server.rpc.slowness.timeout = 300000ms (custom)
2021-09-02 02:24:12,741 [Listener at 127.0.0.1/45645] INFO  server.RaftServerConfigKeys (ConfUtils.java:logGet(44)) - raft.server.leaderelection.leader.step-down.wait-time = 10s (default)
2021-09-02 02:24:12,741 [Listener at 127.0.0.1/45645] INFO  server.RaftServerConfigKeys (ConfUtils.java:logGet(44)) - raft.server.storage.dir = [/home/runner/work/ozone/ozone/hadoop-ozone/integration-test/target/test-dir/MiniOzoneClusterImpl-29bc8a50-871c-4f9e-822f-1a9e32d9d7f8/datanode-1/data/ratis] (custom)
2021-09-02 02:24:12,753 [Listener at 127.0.0.1/45645] INFO  http.BaseHttpServer (BaseHttpServer.java:newHttpServer2BuilderForOzone(209)) - Starting Web-server for hddsDatanode at: http://0.0.0.0:0
2021-09-02 02:24:12,753 [Listener at 127.0.0.1/45645] INFO  http.BaseHttpServer (BaseHttpServer.java:<init>(107)) - Hadoop Security Enabled: false Ozone Security Enabled: false Ozone HTTP Security Enabled: false 
2021-09-02 02:24:12,754 [Listener at 127.0.0.1/45645] INFO  server.AuthenticationFilter (AuthenticationFilter.java:constructSecretProvider(240)) - Unable to initialize FileSignerSecretProvider, falling back to use random secrets.
2021-09-02 02:24:12,754 [Listener at 127.0.0.1/45645] WARN  http.HttpRequestLog (HttpRequestLog.java:getRequestLog(103)) - Jetty request log can only be enabled using Log4j
2021-09-02 02:24:12,755 [Listener at 127.0.0.1/45645] INFO  http.HttpServer2 (HttpServer2.java:addGlobalFilter(1030)) - Added global filter 'safety' (class=org.apache.hadoop.hdds.server.http.HttpServer2$QuotingInputFilter)
2021-09-02 02:24:12,755 [Listener at 127.0.0.1/45645] INFO  http.HttpServer2 (HttpServer2.java:addFilter(1006)) - Added filter static_user_filter (class=org.apache.hadoop.http.lib.StaticUserWebFilter$StaticUserFilter) to context hddsDatanode
2021-09-02 02:24:12,755 [Listener at 127.0.0.1/45645] INFO  http.HttpServer2 (HttpServer2.java:addFilter(1014)) - Added filter static_user_filter (class=org.apache.hadoop.http.lib.StaticUserWebFilter$StaticUserFilter) to context static
2021-09-02 02:24:12,755 [Listener at 127.0.0.1/45645] INFO  http.HttpServer2 (HttpServer2.java:addFilter(1014)) - Added filter static_user_filter (class=org.apache.hadoop.http.lib.StaticUserWebFilter$StaticUserFilter) to context logs
2021-09-02 02:24:12,756 [Listener at 127.0.0.1/45645] INFO  http.HttpServer2 (HttpServer2.java:bindListener(1249)) - Jetty bound to port 44277
2021-09-02 02:24:12,756 [Listener at 127.0.0.1/45645] INFO  server.Server (Server.java:doStart(375)) - jetty-9.4.43.v20210629; built: 2021-06-30T11:07:22.254Z; git: 526006ecfa3af7f1a27ef3a288e2bef7ea9dd7e8; jvm 1.8.0_292-b10
2021-09-02 02:24:12,757 [Listener at 127.0.0.1/45645] INFO  server.session (DefaultSessionIdManager.java:doStart(334)) - DefaultSessionIdManager workerName=node0
2021-09-02 02:24:12,757 [Listener at 127.0.0.1/45645] INFO  server.session (DefaultSessionIdManager.java:doStart(339)) - No SessionScavenger set, using defaults
2021-09-02 02:24:12,757 [Listener at 127.0.0.1/45645] INFO  server.session (HouseKeeper.java:startScavenging(132)) - node0 Scavenging every 600000ms
2021-09-02 02:24:12,763 [Listener at 127.0.0.1/45645] INFO  handler.ContextHandler (ContextHandler.java:doStart(915)) - Started o.e.j.s.ServletContextHandler@3fa5d2db{logs,/logs,file:///home/runner/work/ozone/ozone/hadoop-ozone/integration-test/target/log,AVAILABLE}
2021-09-02 02:24:12,763 [Listener at 127.0.0.1/45645] INFO  handler.ContextHandler (ContextHandler.java:doStart(915)) - Started o.e.j.s.ServletContextHandler@3b155bce{static,/static,jar:file:/home/runner/.m2/repository/org/apache/ozone/hdds-container-service/1.2.0-SNAPSHOT/hdds-container-service-1.2.0-SNAPSHOT.jar!/webapps/static,AVAILABLE}
2021-09-02 02:24:12,902 [Listener at 127.0.0.1/45645] INFO  handler.ContextHandler (ContextHandler.java:doStart(915)) - Started o.e.j.w.WebAppContext@ff36b3b{hddsDatanode,/,file:///tmp/jetty-0_0_0_0-44277-hdds-container-service-1_2_0-SNAPSHOT_jar-_-any-3364742446881004772/webapp/,AVAILABLE}{jar:file:/home/runner/.m2/repository/org/apache/ozone/hdds-container-service/1.2.0-SNAPSHOT/hdds-container-service-1.2.0-SNAPSHOT.jar!/webapps/hddsDatanode}
2021-09-02 02:24:12,910 [Listener at 127.0.0.1/45645] INFO  server.AbstractConnector (AbstractConnector.java:doStart(331)) - Started ServerConnector@64ecfebd{HTTP/1.1, (http/1.1)}{0.0.0.0:44277}
2021-09-02 02:24:12,911 [Listener at 127.0.0.1/45645] INFO  server.Server (Server.java:doStart(415)) - Started @423230ms
2021-09-02 02:24:12,911 [Listener at 127.0.0.1/45645] WARN  impl.MetricsSystemImpl (MetricsSystemImpl.java:register(279)) - Sink prometheus already exists!
2021-09-02 02:24:12,911 [Listener at 127.0.0.1/45645] INFO  http.BaseHttpServer (BaseHttpServer.java:updateConnectorAddress(329)) - HTTP server of hddsDatanode listening at http://0.0.0.0:44277
2021-09-02 02:24:12,918 [Listener at 127.0.0.1/45645] WARN  impl.MetricRegistriesImpl (MetricRegistriesImpl.java:addReporterRegistration(111)) - New reporters are added after registries were created. Some metrics will be missing from the reporter. Please add reporter before adding any new registry.
2021-09-02 02:24:12,918 [Listener at 127.0.0.1/45645] WARN  impl.MetricRegistriesImpl (MetricRegistriesImpl.java:addReporterRegistration(111)) - New reporters are added after registries were created. Some metrics will be missing from the reporter. Please add reporter before adding any new registry.
2021-09-02 02:24:12,918 [Listener at 127.0.0.1/45645] INFO  impl.MetricsSystemImpl (MetricsSystemImpl.java:init(158)) - HddsDatanode metrics system started (again)
2021-09-02 02:24:12,977 [Listener at 127.0.0.1/45645] INFO  ozone.HddsDatanodeService (HddsDatanodeService.java:start(234)) - HddsDatanodeService host:fv-az195-103.u3nnjwd0vyge1bu22idnsdeq2e.cx.internal.cloudapp.net ip:10.1.0.11
2021-09-02 02:24:13,030 [Listener at 127.0.0.1/45645] INFO  upgrade.AbstractLayoutVersionManager (AbstractLayoutVersionManager.java:init(70)) - Initializing Layout version manager with metadata layout = SCM_HA (version = 2), software layout = SCM_HA (version = 2)
2021-09-02 02:24:13,068 [Listener at 127.0.0.1/45645] INFO  reflections.Reflections (Reflections.java:scan(232)) - Reflections took 37 ms to scan 7 urls, producing 120 keys and 275 values 
2021-09-02 02:24:13,077 [org.apache.hadoop.util.JvmPauseMonitor$Monitor@6b66e460] INFO  util.JvmPauseMonitor (JvmPauseMonitor.java:run(188)) - Starting JVM pause monitor
2021-09-02 02:24:13,146 [Listener at 127.0.0.1/45645] INFO  volume.HddsVolume (HddsVolume.java:<init>(120)) - Creating HddsVolume: /home/runner/work/ozone/ozone/hadoop-ozone/integration-test/target/test-dir/MiniOzoneClusterImpl-29bc8a50-871c-4f9e-822f-1a9e32d9d7f8/datanode-2/data-0/containers/hdds of storage type : DISK capacity : 9223372036854775807
2021-09-02 02:24:13,146 [Listener at 127.0.0.1/45645] INFO  volume.MutableVolumeSet (MutableVolumeSet.java:initializeVolumeSet(181)) - Added Volume : /home/runner/work/ozone/ozone/hadoop-ozone/integration-test/target/test-dir/MiniOzoneClusterImpl-29bc8a50-871c-4f9e-822f-1a9e32d9d7f8/datanode-2/data-0/containers/hdds to VolumeSet
2021-09-02 02:24:13,146 [Listener at 127.0.0.1/45645] INFO  volume.ThrottledAsyncChecker (ThrottledAsyncChecker.java:schedule(141)) - Scheduling a check for /home/runner/work/ozone/ozone/hadoop-ozone/integration-test/target/test-dir/MiniOzoneClusterImpl-29bc8a50-871c-4f9e-822f-1a9e32d9d7f8/datanode-2/data-0/containers/hdds
2021-09-02 02:24:13,165 [Listener at 127.0.0.1/45645] INFO  volume.StorageVolumeChecker (StorageVolumeChecker.java:checkAllVolumes(202)) - Scheduled health check for volume /home/runner/work/ozone/ozone/hadoop-ozone/integration-test/target/test-dir/MiniOzoneClusterImpl-29bc8a50-871c-4f9e-822f-1a9e32d9d7f8/datanode-2/data-0/containers/hdds
2021-09-02 02:24:13,186 [Datanode State Machine Task Thread - 0] INFO  datanode.InitDatanodeState (InitDatanodeState.java:persistContainerDatanodeDetails(145)) - DatanodeDetails is persisted to /home/runner/work/ozone/ozone/hadoop-ozone/integration-test/target/test-dir/MiniOzoneClusterImpl-29bc8a50-871c-4f9e-822f-1a9e32d9d7f8/datanode-1/meta/datanode.id
2021-09-02 02:24:13,272 [Listener at 127.0.0.1/45645] INFO  volume.MutableVolumeSet (MutableVolumeSet.java:initializeVolumeSet(181)) - Added Volume : /home/runner/work/ozone/ozone/hadoop-ozone/integration-test/target/test-dir/MiniOzoneClusterImpl-29bc8a50-871c-4f9e-822f-1a9e32d9d7f8/datanode-2/data/ratis to VolumeSet
2021-09-02 02:24:13,279 [Listener at 127.0.0.1/45645] INFO  volume.ThrottledAsyncChecker (ThrottledAsyncChecker.java:schedule(141)) - Scheduling a check for /home/runner/work/ozone/ozone/hadoop-ozone/integration-test/target/test-dir/MiniOzoneClusterImpl-29bc8a50-871c-4f9e-822f-1a9e32d9d7f8/datanode-2/data/ratis
2021-09-02 02:24:13,280 [Listener at 127.0.0.1/45645] INFO  volume.StorageVolumeChecker (StorageVolumeChecker.java:checkAllVolumes(202)) - Scheduled health check for volume /home/runner/work/ozone/ozone/hadoop-ozone/integration-test/target/test-dir/MiniOzoneClusterImpl-29bc8a50-871c-4f9e-822f-1a9e32d9d7f8/datanode-2/data/ratis
2021-09-02 02:24:13,413 [Listener at 127.0.0.1/45645] INFO  ozoneimpl.ContainerReader (ContainerReader.java:<init>(98)) - Running in upgrade mode:true
2021-09-02 02:24:13,418 [Thread-3162] INFO  ozoneimpl.ContainerReader (ContainerReader.java:readVolume(142)) - Start to verify containers on volume /home/runner/work/ozone/ozone/hadoop-ozone/integration-test/target/test-dir/MiniOzoneClusterImpl-29bc8a50-871c-4f9e-822f-1a9e32d9d7f8/datanode-2/data-0/containers/hdds
2021-09-02 02:24:13,418 [Thread-3162] INFO  ozoneimpl.ContainerReader (ContainerReader.java:readVolume(174)) - Finish verifying containers on volume /home/runner/work/ozone/ozone/hadoop-ozone/integration-test/target/test-dir/MiniOzoneClusterImpl-29bc8a50-871c-4f9e-822f-1a9e32d9d7f8/datanode-2/data-0/containers/hdds
2021-09-02 02:24:13,418 [Listener at 127.0.0.1/45645] INFO  ozoneimpl.OzoneContainer (OzoneContainer.java:buildContainerSet(237)) - Build ContainerSet costs 0s
2021-09-02 02:24:13,420 [Listener at 127.0.0.1/45645] INFO  server.RaftServer (ConfUtils.java:logGet(44)) - raft.rpc.type = GRPC (default)
2021-09-02 02:24:13,420 [Listener at 127.0.0.1/45645] INFO  grpc.GrpcFactory (GrpcFactory.java:checkPooledByteBufAllocatorUseCacheForAllThreads(48)) - PERFORMANCE WARNING: useCacheForAllThreads is true that may cause Netty to create a lot garbage objects and, as a result, trigger GC.
	It is recommended to disable useCacheForAllThreads by setting -Dorg.apache.ratis.thirdparty.io.netty.allocator.useCacheForAllThreads=false in command line.
2021-09-02 02:24:13,420 [Listener at 127.0.0.1/45645] INFO  grpc.GrpcConfigKeys (ConfUtils.java:logGet(44)) - raft.grpc.admin.port = 0 (custom)
2021-09-02 02:24:13,420 [Listener at 127.0.0.1/45645] INFO  grpc.GrpcConfigKeys (ConfUtils.java:logGet(44)) - raft.grpc.client.port = 0 (custom)
2021-09-02 02:24:13,420 [Listener at 127.0.0.1/45645] INFO  grpc.GrpcConfigKeys (ConfUtils.java:logGet(44)) - raft.grpc.server.port = 0 (default)
2021-09-02 02:24:13,420 [Listener at 127.0.0.1/45645] INFO  server.GrpcService (ConfUtils.java:logGet(44)) - raft.grpc.message.size.max = 32MB (=33554432) (custom)
2021-09-02 02:24:13,420 [Listener at 127.0.0.1/45645] INFO  server.RaftServerConfigKeys (ConfUtils.java:logGet(44)) - raft.server.log.appender.buffer.byte-limit = 33554432 (custom)
2021-09-02 02:24:13,420 [Listener at 127.0.0.1/45645] INFO  server.GrpcService (ConfUtils.java:logGet(44)) - raft.grpc.flow.control.window = 5MB (=5242880) (custom)
2021-09-02 02:24:13,421 [Listener at 127.0.0.1/45645] INFO  server.RaftServerConfigKeys (ConfUtils.java:logGet(44)) - raft.server.rpc.request.timeout = 3000ms (default)
2021-09-02 02:24:13,422 [Listener at 127.0.0.1/45645] INFO  impl.DataStreamServerImpl (ConfUtils.java:logGet(44)) - raft.datastream.type = DISABLED (default)
2021-09-02 02:24:13,422 [Listener at 127.0.0.1/45645] INFO  server.RaftServerConfigKeys (ConfUtils.java:logGet(44)) - raft.server.rpc.slowness.timeout = 300000ms (custom)
2021-09-02 02:24:13,422 [Listener at 127.0.0.1/45645] INFO  server.RaftServerConfigKeys (ConfUtils.java:logGet(44)) - raft.server.leaderelection.leader.step-down.wait-time = 10s (default)
2021-09-02 02:24:13,422 [Listener at 127.0.0.1/45645] INFO  server.RaftServerConfigKeys (ConfUtils.java:logGet(44)) - raft.server.storage.dir = [/home/runner/work/ozone/ozone/hadoop-ozone/integration-test/target/test-dir/MiniOzoneClusterImpl-29bc8a50-871c-4f9e-822f-1a9e32d9d7f8/datanode-2/data/ratis] (custom)
2021-09-02 02:24:13,448 [Listener at 127.0.0.1/45645] INFO  http.BaseHttpServer (BaseHttpServer.java:newHttpServer2BuilderForOzone(209)) - Starting Web-server for hddsDatanode at: http://0.0.0.0:0
2021-09-02 02:24:13,448 [Listener at 127.0.0.1/45645] INFO  http.BaseHttpServer (BaseHttpServer.java:<init>(107)) - Hadoop Security Enabled: false Ozone Security Enabled: false Ozone HTTP Security Enabled: false 
2021-09-02 02:24:13,452 [Listener at 127.0.0.1/45645] INFO  server.AuthenticationFilter (AuthenticationFilter.java:constructSecretProvider(240)) - Unable to initialize FileSignerSecretProvider, falling back to use random secrets.
2021-09-02 02:24:13,468 [Listener at 127.0.0.1/45645] WARN  http.HttpRequestLog (HttpRequestLog.java:getRequestLog(103)) - Jetty request log can only be enabled using Log4j
2021-09-02 02:24:13,469 [Listener at 127.0.0.1/45645] INFO  http.HttpServer2 (HttpServer2.java:addGlobalFilter(1030)) - Added global filter 'safety' (class=org.apache.hadoop.hdds.server.http.HttpServer2$QuotingInputFilter)
2021-09-02 02:24:13,470 [Listener at 127.0.0.1/45645] INFO  http.HttpServer2 (HttpServer2.java:addFilter(1006)) - Added filter static_user_filter (class=org.apache.hadoop.http.lib.StaticUserWebFilter$StaticUserFilter) to context hddsDatanode
2021-09-02 02:24:13,470 [Listener at 127.0.0.1/45645] INFO  http.HttpServer2 (HttpServer2.java:addFilter(1014)) - Added filter static_user_filter (class=org.apache.hadoop.http.lib.StaticUserWebFilter$StaticUserFilter) to context static
2021-09-02 02:24:13,470 [Listener at 127.0.0.1/45645] INFO  http.HttpServer2 (HttpServer2.java:addFilter(1014)) - Added filter static_user_filter (class=org.apache.hadoop.http.lib.StaticUserWebFilter$StaticUserFilter) to context logs
2021-09-02 02:24:13,471 [Listener at 127.0.0.1/45645] INFO  http.HttpServer2 (HttpServer2.java:bindListener(1249)) - Jetty bound to port 42367
2021-09-02 02:24:13,471 [Listener at 127.0.0.1/45645] INFO  server.Server (Server.java:doStart(375)) - jetty-9.4.43.v20210629; built: 2021-06-30T11:07:22.254Z; git: 526006ecfa3af7f1a27ef3a288e2bef7ea9dd7e8; jvm 1.8.0_292-b10
2021-09-02 02:24:13,558 [Listener at 127.0.0.1/45645] INFO  server.session (DefaultSessionIdManager.java:doStart(334)) - DefaultSessionIdManager workerName=node0
2021-09-02 02:24:13,558 [Listener at 127.0.0.1/45645] INFO  server.session (DefaultSessionIdManager.java:doStart(339)) - No SessionScavenger set, using defaults
2021-09-02 02:24:13,558 [Listener at 127.0.0.1/45645] INFO  server.session (HouseKeeper.java:startScavenging(132)) - node0 Scavenging every 660000ms
2021-09-02 02:24:13,559 [Listener at 127.0.0.1/45645] INFO  handler.ContextHandler (ContextHandler.java:doStart(915)) - Started o.e.j.s.ServletContextHandler@4cb1b6ef{logs,/logs,file:///home/runner/work/ozone/ozone/hadoop-ozone/integration-test/target/log,AVAILABLE}
2021-09-02 02:24:13,559 [Listener at 127.0.0.1/45645] INFO  handler.ContextHandler (ContextHandler.java:doStart(915)) - Started o.e.j.s.ServletContextHandler@2f5ffaf7{static,/static,jar:file:/home/runner/.m2/repository/org/apache/ozone/hdds-container-service/1.2.0-SNAPSHOT/hdds-container-service-1.2.0-SNAPSHOT.jar!/webapps/static,AVAILABLE}
2021-09-02 02:24:13,687 [Listener at 127.0.0.1/45645] INFO  handler.ContextHandler (ContextHandler.java:doStart(915)) - Started o.e.j.w.WebAppContext@50469b54{hddsDatanode,/,file:///tmp/jetty-0_0_0_0-42367-hdds-container-service-1_2_0-SNAPSHOT_jar-_-any-4896029577778383888/webapp/,AVAILABLE}{jar:file:/home/runner/.m2/repository/org/apache/ozone/hdds-container-service/1.2.0-SNAPSHOT/hdds-container-service-1.2.0-SNAPSHOT.jar!/webapps/hddsDatanode}
2021-09-02 02:24:13,697 [Listener at 127.0.0.1/45645] INFO  server.AbstractConnector (AbstractConnector.java:doStart(331)) - Started ServerConnector@56ee9ef0{HTTP/1.1, (http/1.1)}{0.0.0.0:42367}
2021-09-02 02:24:13,697 [Listener at 127.0.0.1/45645] INFO  server.Server (Server.java:doStart(415)) - Started @424017ms
2021-09-02 02:24:13,697 [Listener at 127.0.0.1/45645] WARN  impl.MetricsSystemImpl (MetricsSystemImpl.java:register(279)) - Sink prometheus already exists!
2021-09-02 02:24:13,698 [Listener at 127.0.0.1/45645] INFO  http.BaseHttpServer (BaseHttpServer.java:updateConnectorAddress(329)) - HTTP server of hddsDatanode listening at http://0.0.0.0:42367
2021-09-02 02:24:13,706 [Listener at 127.0.0.1/45645] WARN  impl.MetricRegistriesImpl (MetricRegistriesImpl.java:addReporterRegistration(111)) - New reporters are added after registries were created. Some metrics will be missing from the reporter. Please add reporter before adding any new registry.
2021-09-02 02:24:13,706 [Listener at 127.0.0.1/45645] WARN  impl.MetricRegistriesImpl (MetricRegistriesImpl.java:addReporterRegistration(111)) - New reporters are added after registries were created. Some metrics will be missing from the reporter. Please add reporter before adding any new registry.
2021-09-02 02:24:13,706 [Listener at 127.0.0.1/45645] INFO  impl.MetricsSystemImpl (MetricsSystemImpl.java:init(158)) - HddsDatanode metrics system started (again)
2021-09-02 02:24:13,878 [org.apache.hadoop.util.JvmPauseMonitor$Monitor@1562eada] INFO  util.JvmPauseMonitor (JvmPauseMonitor.java:run(188)) - Starting JVM pause monitor
2021-09-02 02:24:13,945 [Listener at 127.0.0.1/45645] INFO  ozone.HddsDatanodeService (HddsDatanodeService.java:start(234)) - HddsDatanodeService host:fv-az195-103.u3nnjwd0vyge1bu22idnsdeq2e.cx.internal.cloudapp.net ip:10.1.0.11
2021-09-02 02:24:13,954 [Datanode State Machine Task Thread - 0] INFO  datanode.InitDatanodeState (InitDatanodeState.java:persistContainerDatanodeDetails(145)) - DatanodeDetails is persisted to /home/runner/work/ozone/ozone/hadoop-ozone/integration-test/target/test-dir/MiniOzoneClusterImpl-29bc8a50-871c-4f9e-822f-1a9e32d9d7f8/datanode-2/meta/datanode.id
2021-09-02 02:24:14,031 [Listener at 127.0.0.1/45645] INFO  upgrade.AbstractLayoutVersionManager (AbstractLayoutVersionManager.java:init(70)) - Initializing Layout version manager with metadata layout = SCM_HA (version = 2), software layout = SCM_HA (version = 2)
2021-09-02 02:24:14,116 [Listener at 127.0.0.1/45645] INFO  reflections.Reflections (Reflections.java:scan(232)) - Reflections took 84 ms to scan 7 urls, producing 120 keys and 275 values 
2021-09-02 02:24:14,119 [Listener at 127.0.0.1/45645] INFO  volume.HddsVolume (HddsVolume.java:<init>(120)) - Creating HddsVolume: /home/runner/work/ozone/ozone/hadoop-ozone/integration-test/target/test-dir/MiniOzoneClusterImpl-29bc8a50-871c-4f9e-822f-1a9e32d9d7f8/datanode-3/data-0/containers/hdds of storage type : DISK capacity : 9223372036854775807
2021-09-02 02:24:14,119 [Listener at 127.0.0.1/45645] INFO  volume.MutableVolumeSet (MutableVolumeSet.java:initializeVolumeSet(181)) - Added Volume : /home/runner/work/ozone/ozone/hadoop-ozone/integration-test/target/test-dir/MiniOzoneClusterImpl-29bc8a50-871c-4f9e-822f-1a9e32d9d7f8/datanode-3/data-0/containers/hdds to VolumeSet
2021-09-02 02:24:14,119 [Listener at 127.0.0.1/45645] INFO  volume.ThrottledAsyncChecker (ThrottledAsyncChecker.java:schedule(141)) - Scheduling a check for /home/runner/work/ozone/ozone/hadoop-ozone/integration-test/target/test-dir/MiniOzoneClusterImpl-29bc8a50-871c-4f9e-822f-1a9e32d9d7f8/datanode-3/data-0/containers/hdds
2021-09-02 02:24:14,187 [Listener at 127.0.0.1/45645] INFO  volume.StorageVolumeChecker (StorageVolumeChecker.java:checkAllVolumes(202)) - Scheduled health check for volume /home/runner/work/ozone/ozone/hadoop-ozone/integration-test/target/test-dir/MiniOzoneClusterImpl-29bc8a50-871c-4f9e-822f-1a9e32d9d7f8/datanode-3/data-0/containers/hdds
2021-09-02 02:24:14,204 [Listener at 127.0.0.1/45645] INFO  volume.MutableVolumeSet (MutableVolumeSet.java:initializeVolumeSet(181)) - Added Volume : /home/runner/work/ozone/ozone/hadoop-ozone/integration-test/target/test-dir/MiniOzoneClusterImpl-29bc8a50-871c-4f9e-822f-1a9e32d9d7f8/datanode-3/data/ratis to VolumeSet
2021-09-02 02:24:14,207 [Listener at 127.0.0.1/45645] INFO  volume.ThrottledAsyncChecker (ThrottledAsyncChecker.java:schedule(141)) - Scheduling a check for /home/runner/work/ozone/ozone/hadoop-ozone/integration-test/target/test-dir/MiniOzoneClusterImpl-29bc8a50-871c-4f9e-822f-1a9e32d9d7f8/datanode-3/data/ratis
2021-09-02 02:24:14,235 [Listener at 127.0.0.1/45645] INFO  volume.StorageVolumeChecker (StorageVolumeChecker.java:checkAllVolumes(202)) - Scheduled health check for volume /home/runner/work/ozone/ozone/hadoop-ozone/integration-test/target/test-dir/MiniOzoneClusterImpl-29bc8a50-871c-4f9e-822f-1a9e32d9d7f8/datanode-3/data/ratis
2021-09-02 02:24:14,387 [EndpointStateMachine task thread for /0.0.0.0:41521 - 0 ] INFO  ozoneimpl.OzoneContainer (OzoneContainer.java:start(305)) - Attempting to start container services.
2021-09-02 02:24:14,388 [EndpointStateMachine task thread for /0.0.0.0:41521 - 0 ] INFO  ozoneimpl.OzoneContainer (OzoneContainer.java:startContainerScrub(250)) - Background container scanner has been disabled.
2021-09-02 02:24:14,388 [EndpointStateMachine task thread for /0.0.0.0:41521 - 0 ] INFO  replication.ReplicationServer (ReplicationServer.java:start(107)) - ReplicationServer is started using port 34965
2021-09-02 02:24:14,389 [EndpointStateMachine task thread for /0.0.0.0:41521 - 0 ] INFO  ratis.XceiverServerRatis (XceiverServerRatis.java:start(482)) - Starting XceiverServerRatis 12400696-0678-464b-ad01-faef76468be0
2021-09-02 02:24:14,390 [EndpointStateMachine task thread for /0.0.0.0:41521 - 0 ] INFO  server.RaftServer (RaftServerProxy.java:lambda$start$5(374)) - 12400696-0678-464b-ad01-faef76468be0: start RPC server
2021-09-02 02:24:14,397 [EndpointStateMachine task thread for /0.0.0.0:41521 - 0 ] INFO  server.GrpcService (GrpcService.java:startImpl(253)) - 12400696-0678-464b-ad01-faef76468be0: GrpcService started, listening on 44187
2021-09-02 02:24:14,425 [EndpointStateMachine task thread for /0.0.0.0:41521 - 0 ] INFO  ratis.XceiverServerRatis (XceiverServerRatis.java:getRealPort(503)) - XceiverServerRatis 12400696-0678-464b-ad01-faef76468be0 is started using port 44187 for RATIS
2021-09-02 02:24:14,425 [EndpointStateMachine task thread for /0.0.0.0:41521 - 0 ] INFO  ratis.XceiverServerRatis (XceiverServerRatis.java:getRealPort(503)) - XceiverServerRatis 12400696-0678-464b-ad01-faef76468be0 is started using port 44187 for RATIS_ADMIN
2021-09-02 02:24:14,425 [EndpointStateMachine task thread for /0.0.0.0:41521 - 0 ] INFO  ratis.XceiverServerRatis (XceiverServerRatis.java:getRealPort(503)) - XceiverServerRatis 12400696-0678-464b-ad01-faef76468be0 is started using port 44187 for RATIS_SERVER
2021-09-02 02:24:14,426 [org.apache.ratis.util.JvmPauseMonitor$$Lambda$531/908743333@76e46686] INFO  util.JvmPauseMonitor (JvmPauseMonitor.java:run(103)) - JvmPauseMonitor-12400696-0678-464b-ad01-faef76468be0: Started
2021-09-02 02:24:14,438 [EndpointStateMachine task thread for /0.0.0.0:41521 - 0 ] INFO  server.XceiverServerGrpc (XceiverServerGrpc.java:start(135)) - XceiverServerGrpc 12400696-0678-464b-ad01-faef76468be0 is started using port 33307
2021-09-02 02:24:14,460 [Listener at 127.0.0.1/45645] INFO  ozoneimpl.ContainerReader (ContainerReader.java:<init>(98)) - Running in upgrade mode:true
2021-09-02 02:24:14,520 [Thread-3178] INFO  ozoneimpl.ContainerReader (ContainerReader.java:readVolume(142)) - Start to verify containers on volume /home/runner/work/ozone/ozone/hadoop-ozone/integration-test/target/test-dir/MiniOzoneClusterImpl-29bc8a50-871c-4f9e-822f-1a9e32d9d7f8/datanode-3/data-0/containers/hdds
2021-09-02 02:24:14,520 [Thread-3178] INFO  ozoneimpl.ContainerReader (ContainerReader.java:readVolume(174)) - Finish verifying containers on volume /home/runner/work/ozone/ozone/hadoop-ozone/integration-test/target/test-dir/MiniOzoneClusterImpl-29bc8a50-871c-4f9e-822f-1a9e32d9d7f8/datanode-3/data-0/containers/hdds
2021-09-02 02:24:14,520 [Listener at 127.0.0.1/45645] INFO  ozoneimpl.OzoneContainer (OzoneContainer.java:buildContainerSet(237)) - Build ContainerSet costs 0s
2021-09-02 02:24:14,522 [Listener at 127.0.0.1/45645] INFO  server.RaftServer (ConfUtils.java:logGet(44)) - raft.rpc.type = GRPC (default)
2021-09-02 02:24:14,522 [Listener at 127.0.0.1/45645] INFO  grpc.GrpcFactory (GrpcFactory.java:checkPooledByteBufAllocatorUseCacheForAllThreads(48)) - PERFORMANCE WARNING: useCacheForAllThreads is true that may cause Netty to create a lot garbage objects and, as a result, trigger GC.
	It is recommended to disable useCacheForAllThreads by setting -Dorg.apache.ratis.thirdparty.io.netty.allocator.useCacheForAllThreads=false in command line.
2021-09-02 02:24:14,522 [Listener at 127.0.0.1/45645] INFO  grpc.GrpcConfigKeys (ConfUtils.java:logGet(44)) - raft.grpc.admin.port = 0 (custom)
2021-09-02 02:24:14,522 [Listener at 127.0.0.1/45645] INFO  grpc.GrpcConfigKeys (ConfUtils.java:logGet(44)) - raft.grpc.client.port = 0 (custom)
2021-09-02 02:24:14,522 [Listener at 127.0.0.1/45645] INFO  grpc.GrpcConfigKeys (ConfUtils.java:logGet(44)) - raft.grpc.server.port = 0 (default)
2021-09-02 02:24:14,522 [Listener at 127.0.0.1/45645] INFO  server.GrpcService (ConfUtils.java:logGet(44)) - raft.grpc.message.size.max = 32MB (=33554432) (custom)
2021-09-02 02:24:14,522 [Listener at 127.0.0.1/45645] INFO  server.RaftServerConfigKeys (ConfUtils.java:logGet(44)) - raft.server.log.appender.buffer.byte-limit = 33554432 (custom)
2021-09-02 02:24:14,522 [Listener at 127.0.0.1/45645] INFO  server.GrpcService (ConfUtils.java:logGet(44)) - raft.grpc.flow.control.window = 5MB (=5242880) (custom)
2021-09-02 02:24:14,522 [Listener at 127.0.0.1/45645] INFO  server.RaftServerConfigKeys (ConfUtils.java:logGet(44)) - raft.server.rpc.request.timeout = 3000ms (default)
2021-09-02 02:24:14,523 [Listener at 127.0.0.1/45645] INFO  impl.DataStreamServerImpl (ConfUtils.java:logGet(44)) - raft.datastream.type = DISABLED (default)
2021-09-02 02:24:14,523 [Listener at 127.0.0.1/45645] INFO  server.RaftServerConfigKeys (ConfUtils.java:logGet(44)) - raft.server.rpc.slowness.timeout = 300000ms (custom)
2021-09-02 02:24:14,523 [Listener at 127.0.0.1/45645] INFO  server.RaftServerConfigKeys (ConfUtils.java:logGet(44)) - raft.server.leaderelection.leader.step-down.wait-time = 10s (default)
2021-09-02 02:24:14,523 [Listener at 127.0.0.1/45645] INFO  server.RaftServerConfigKeys (ConfUtils.java:logGet(44)) - raft.server.storage.dir = [/home/runner/work/ozone/ozone/hadoop-ozone/integration-test/target/test-dir/MiniOzoneClusterImpl-29bc8a50-871c-4f9e-822f-1a9e32d9d7f8/datanode-3/data/ratis] (custom)
2021-09-02 02:24:14,530 [Listener at 127.0.0.1/45645] INFO  http.BaseHttpServer (BaseHttpServer.java:newHttpServer2BuilderForOzone(209)) - Starting Web-server for hddsDatanode at: http://0.0.0.0:0
2021-09-02 02:24:14,530 [Listener at 127.0.0.1/45645] INFO  http.BaseHttpServer (BaseHttpServer.java:<init>(107)) - Hadoop Security Enabled: false Ozone Security Enabled: false Ozone HTTP Security Enabled: false 
2021-09-02 02:24:14,531 [Listener at 127.0.0.1/45645] INFO  server.AuthenticationFilter (AuthenticationFilter.java:constructSecretProvider(240)) - Unable to initialize FileSignerSecretProvider, falling back to use random secrets.
2021-09-02 02:24:14,538 [Listener at 127.0.0.1/45645] WARN  http.HttpRequestLog (HttpRequestLog.java:getRequestLog(103)) - Jetty request log can only be enabled using Log4j
2021-09-02 02:24:14,539 [Listener at 127.0.0.1/45645] INFO  http.HttpServer2 (HttpServer2.java:addGlobalFilter(1030)) - Added global filter 'safety' (class=org.apache.hadoop.hdds.server.http.HttpServer2$QuotingInputFilter)
2021-09-02 02:24:14,539 [Listener at 127.0.0.1/45645] INFO  http.HttpServer2 (HttpServer2.java:addFilter(1006)) - Added filter static_user_filter (class=org.apache.hadoop.http.lib.StaticUserWebFilter$StaticUserFilter) to context hddsDatanode
2021-09-02 02:24:14,540 [Listener at 127.0.0.1/45645] INFO  http.HttpServer2 (HttpServer2.java:addFilter(1014)) - Added filter static_user_filter (class=org.apache.hadoop.http.lib.StaticUserWebFilter$StaticUserFilter) to context logs
2021-09-02 02:24:14,540 [Listener at 127.0.0.1/45645] INFO  http.HttpServer2 (HttpServer2.java:addFilter(1014)) - Added filter static_user_filter (class=org.apache.hadoop.http.lib.StaticUserWebFilter$StaticUserFilter) to context static
2021-09-02 02:24:14,540 [Listener at 127.0.0.1/45645] INFO  http.HttpServer2 (HttpServer2.java:bindListener(1249)) - Jetty bound to port 35581
2021-09-02 02:24:14,540 [Listener at 127.0.0.1/45645] INFO  server.Server (Server.java:doStart(375)) - jetty-9.4.43.v20210629; built: 2021-06-30T11:07:22.254Z; git: 526006ecfa3af7f1a27ef3a288e2bef7ea9dd7e8; jvm 1.8.0_292-b10
2021-09-02 02:24:14,560 [Listener at 127.0.0.1/45645] INFO  server.session (DefaultSessionIdManager.java:doStart(334)) - DefaultSessionIdManager workerName=node0
2021-09-02 02:24:14,561 [Listener at 127.0.0.1/45645] INFO  server.session (DefaultSessionIdManager.java:doStart(339)) - No SessionScavenger set, using defaults
2021-09-02 02:24:14,561 [Listener at 127.0.0.1/45645] INFO  server.session (HouseKeeper.java:startScavenging(132)) - node0 Scavenging every 600000ms
2021-09-02 02:24:14,561 [Listener at 127.0.0.1/45645] INFO  handler.ContextHandler (ContextHandler.java:doStart(915)) - Started o.e.j.s.ServletContextHandler@50005d26{logs,/logs,file:///home/runner/work/ozone/ozone/hadoop-ozone/integration-test/target/log,AVAILABLE}
2021-09-02 02:24:14,561 [Listener at 127.0.0.1/45645] INFO  handler.ContextHandler (ContextHandler.java:doStart(915)) - Started o.e.j.s.ServletContextHandler@5bd18246{static,/static,jar:file:/home/runner/.m2/repository/org/apache/ozone/hdds-container-service/1.2.0-SNAPSHOT/hdds-container-service-1.2.0-SNAPSHOT.jar!/webapps/static,AVAILABLE}
2021-09-02 02:24:14,666 [Listener at 127.0.0.1/45645] INFO  handler.ContextHandler (ContextHandler.java:doStart(915)) - Started o.e.j.w.WebAppContext@4715521d{hddsDatanode,/,file:///tmp/jetty-0_0_0_0-35581-hdds-container-service-1_2_0-SNAPSHOT_jar-_-any-1716905118485711594/webapp/,AVAILABLE}{jar:file:/home/runner/.m2/repository/org/apache/ozone/hdds-container-service/1.2.0-SNAPSHOT/hdds-container-service-1.2.0-SNAPSHOT.jar!/webapps/hddsDatanode}
2021-09-02 02:24:14,724 [Listener at 127.0.0.1/45645] INFO  server.AbstractConnector (AbstractConnector.java:doStart(331)) - Started ServerConnector@430709f{HTTP/1.1, (http/1.1)}{0.0.0.0:35581}
2021-09-02 02:24:14,725 [Listener at 127.0.0.1/45645] INFO  server.Server (Server.java:doStart(415)) - Started @425044ms
2021-09-02 02:24:14,725 [Listener at 127.0.0.1/45645] WARN  impl.MetricsSystemImpl (MetricsSystemImpl.java:register(279)) - Sink prometheus already exists!
2021-09-02 02:24:14,725 [Listener at 127.0.0.1/45645] INFO  http.BaseHttpServer (BaseHttpServer.java:updateConnectorAddress(329)) - HTTP server of hddsDatanode listening at http://0.0.0.0:35581
2021-09-02 02:24:14,733 [Listener at 127.0.0.1/45645] WARN  impl.MetricRegistriesImpl (MetricRegistriesImpl.java:addReporterRegistration(111)) - New reporters are added after registries were created. Some metrics will be missing from the reporter. Please add reporter before adding any new registry.
2021-09-02 02:24:14,733 [Listener at 127.0.0.1/45645] WARN  impl.MetricRegistriesImpl (MetricRegistriesImpl.java:addReporterRegistration(111)) - New reporters are added after registries were created. Some metrics will be missing from the reporter. Please add reporter before adding any new registry.
2021-09-02 02:24:14,733 [Listener at 127.0.0.1/45645] INFO  impl.MetricsSystemImpl (MetricsSystemImpl.java:init(158)) - HddsDatanode metrics system started (again)
2021-09-02 02:24:14,829 [org.apache.hadoop.util.JvmPauseMonitor$Monitor@4fc47597] INFO  util.JvmPauseMonitor (JvmPauseMonitor.java:run(188)) - Starting JVM pause monitor
2021-09-02 02:24:14,831 [Datanode State Machine Task Thread - 0] INFO  datanode.InitDatanodeState (InitDatanodeState.java:persistContainerDatanodeDetails(145)) - DatanodeDetails is persisted to /home/runner/work/ozone/ozone/hadoop-ozone/integration-test/target/test-dir/MiniOzoneClusterImpl-29bc8a50-871c-4f9e-822f-1a9e32d9d7f8/datanode-3/meta/datanode.id
2021-09-02 02:24:14,885 [Listener at 127.0.0.1/45645] INFO  ozone.HddsDatanodeService (HddsDatanodeService.java:start(234)) - HddsDatanodeService host:fv-az195-103.u3nnjwd0vyge1bu22idnsdeq2e.cx.internal.cloudapp.net ip:10.1.0.11
2021-09-02 02:24:14,979 [Listener at 127.0.0.1/45645] INFO  upgrade.AbstractLayoutVersionManager (AbstractLayoutVersionManager.java:init(70)) - Initializing Layout version manager with metadata layout = SCM_HA (version = 2), software layout = SCM_HA (version = 2)
2021-09-02 02:24:15,057 [Listener at 127.0.0.1/45645] INFO  reflections.Reflections (Reflections.java:scan(232)) - Reflections took 77 ms to scan 7 urls, producing 120 keys and 275 values 
2021-09-02 02:24:15,059 [Listener at 127.0.0.1/45645] INFO  volume.HddsVolume (HddsVolume.java:<init>(120)) - Creating HddsVolume: /home/runner/work/ozone/ozone/hadoop-ozone/integration-test/target/test-dir/MiniOzoneClusterImpl-29bc8a50-871c-4f9e-822f-1a9e32d9d7f8/datanode-4/data-0/containers/hdds of storage type : DISK capacity : 9223372036854775807
2021-09-02 02:24:15,059 [Listener at 127.0.0.1/45645] INFO  volume.MutableVolumeSet (MutableVolumeSet.java:initializeVolumeSet(181)) - Added Volume : /home/runner/work/ozone/ozone/hadoop-ozone/integration-test/target/test-dir/MiniOzoneClusterImpl-29bc8a50-871c-4f9e-822f-1a9e32d9d7f8/datanode-4/data-0/containers/hdds to VolumeSet
2021-09-02 02:24:15,059 [Listener at 127.0.0.1/45645] INFO  volume.ThrottledAsyncChecker (ThrottledAsyncChecker.java:schedule(141)) - Scheduling a check for /home/runner/work/ozone/ozone/hadoop-ozone/integration-test/target/test-dir/MiniOzoneClusterImpl-29bc8a50-871c-4f9e-822f-1a9e32d9d7f8/datanode-4/data-0/containers/hdds
2021-09-02 02:24:15,060 [Listener at 127.0.0.1/45645] INFO  volume.StorageVolumeChecker (StorageVolumeChecker.java:checkAllVolumes(202)) - Scheduled health check for volume /home/runner/work/ozone/ozone/hadoop-ozone/integration-test/target/test-dir/MiniOzoneClusterImpl-29bc8a50-871c-4f9e-822f-1a9e32d9d7f8/datanode-4/data-0/containers/hdds
2021-09-02 02:24:15,074 [Listener at 127.0.0.1/45645] INFO  volume.MutableVolumeSet (MutableVolumeSet.java:initializeVolumeSet(181)) - Added Volume : /home/runner/work/ozone/ozone/hadoop-ozone/integration-test/target/test-dir/MiniOzoneClusterImpl-29bc8a50-871c-4f9e-822f-1a9e32d9d7f8/datanode-4/data/ratis to VolumeSet
2021-09-02 02:24:15,075 [Listener at 127.0.0.1/45645] INFO  volume.ThrottledAsyncChecker (ThrottledAsyncChecker.java:schedule(141)) - Scheduling a check for /home/runner/work/ozone/ozone/hadoop-ozone/integration-test/target/test-dir/MiniOzoneClusterImpl-29bc8a50-871c-4f9e-822f-1a9e32d9d7f8/datanode-4/data/ratis
2021-09-02 02:24:15,075 [Listener at 127.0.0.1/45645] INFO  volume.StorageVolumeChecker (StorageVolumeChecker.java:checkAllVolumes(202)) - Scheduled health check for volume /home/runner/work/ozone/ozone/hadoop-ozone/integration-test/target/test-dir/MiniOzoneClusterImpl-29bc8a50-871c-4f9e-822f-1a9e32d9d7f8/datanode-4/data/ratis
2021-09-02 02:24:15,087 [Listener at 127.0.0.1/45645] INFO  ozoneimpl.ContainerReader (ContainerReader.java:<init>(98)) - Running in upgrade mode:true
2021-09-02 02:24:15,089 [Thread-3190] INFO  ozoneimpl.ContainerReader (ContainerReader.java:readVolume(142)) - Start to verify containers on volume /home/runner/work/ozone/ozone/hadoop-ozone/integration-test/target/test-dir/MiniOzoneClusterImpl-29bc8a50-871c-4f9e-822f-1a9e32d9d7f8/datanode-4/data-0/containers/hdds
2021-09-02 02:24:15,089 [Thread-3190] INFO  ozoneimpl.ContainerReader (ContainerReader.java:readVolume(174)) - Finish verifying containers on volume /home/runner/work/ozone/ozone/hadoop-ozone/integration-test/target/test-dir/MiniOzoneClusterImpl-29bc8a50-871c-4f9e-822f-1a9e32d9d7f8/datanode-4/data-0/containers/hdds
2021-09-02 02:24:15,089 [Listener at 127.0.0.1/45645] INFO  ozoneimpl.OzoneContainer (OzoneContainer.java:buildContainerSet(237)) - Build ContainerSet costs 0s
2021-09-02 02:24:15,091 [Listener at 127.0.0.1/45645] INFO  server.RaftServer (ConfUtils.java:logGet(44)) - raft.rpc.type = GRPC (default)
2021-09-02 02:24:15,091 [Listener at 127.0.0.1/45645] INFO  grpc.GrpcFactory (GrpcFactory.java:checkPooledByteBufAllocatorUseCacheForAllThreads(48)) - PERFORMANCE WARNING: useCacheForAllThreads is true that may cause Netty to create a lot garbage objects and, as a result, trigger GC.
	It is recommended to disable useCacheForAllThreads by setting -Dorg.apache.ratis.thirdparty.io.netty.allocator.useCacheForAllThreads=false in command line.
2021-09-02 02:24:15,091 [Listener at 127.0.0.1/45645] INFO  grpc.GrpcConfigKeys (ConfUtils.java:logGet(44)) - raft.grpc.admin.port = 0 (custom)
2021-09-02 02:24:15,091 [Listener at 127.0.0.1/45645] INFO  grpc.GrpcConfigKeys (ConfUtils.java:logGet(44)) - raft.grpc.client.port = 0 (custom)
2021-09-02 02:24:15,091 [Listener at 127.0.0.1/45645] INFO  grpc.GrpcConfigKeys (ConfUtils.java:logGet(44)) - raft.grpc.server.port = 0 (default)
2021-09-02 02:24:15,091 [Listener at 127.0.0.1/45645] INFO  server.GrpcService (ConfUtils.java:logGet(44)) - raft.grpc.message.size.max = 32MB (=33554432) (custom)
2021-09-02 02:24:15,091 [Listener at 127.0.0.1/45645] INFO  server.RaftServerConfigKeys (ConfUtils.java:logGet(44)) - raft.server.log.appender.buffer.byte-limit = 33554432 (custom)
2021-09-02 02:24:15,091 [Listener at 127.0.0.1/45645] INFO  server.GrpcService (ConfUtils.java:logGet(44)) - raft.grpc.flow.control.window = 5MB (=5242880) (custom)
2021-09-02 02:24:15,091 [Listener at 127.0.0.1/45645] INFO  server.RaftServerConfigKeys (ConfUtils.java:logGet(44)) - raft.server.rpc.request.timeout = 3000ms (default)
2021-09-02 02:24:15,092 [Listener at 127.0.0.1/45645] INFO  impl.DataStreamServerImpl (ConfUtils.java:logGet(44)) - raft.datastream.type = DISABLED (default)
2021-09-02 02:24:15,092 [Listener at 127.0.0.1/45645] INFO  server.RaftServerConfigKeys (ConfUtils.java:logGet(44)) - raft.server.rpc.slowness.timeout = 300000ms (custom)
2021-09-02 02:24:15,092 [Listener at 127.0.0.1/45645] INFO  server.RaftServerConfigKeys (ConfUtils.java:logGet(44)) - raft.server.leaderelection.leader.step-down.wait-time = 10s (default)
2021-09-02 02:24:15,092 [Listener at 127.0.0.1/45645] INFO  server.RaftServerConfigKeys (ConfUtils.java:logGet(44)) - raft.server.storage.dir = [/home/runner/work/ozone/ozone/hadoop-ozone/integration-test/target/test-dir/MiniOzoneClusterImpl-29bc8a50-871c-4f9e-822f-1a9e32d9d7f8/datanode-4/data/ratis] (custom)
2021-09-02 02:24:15,094 [EndpointStateMachine task thread for /0.0.0.0:41521 - 0 ] INFO  ozoneimpl.OzoneContainer (OzoneContainer.java:start(305)) - Attempting to start container services.
2021-09-02 02:24:15,094 [EndpointStateMachine task thread for /0.0.0.0:41521 - 0 ] INFO  ozoneimpl.OzoneContainer (OzoneContainer.java:startContainerScrub(250)) - Background container scanner has been disabled.
2021-09-02 02:24:15,095 [EndpointStateMachine task thread for /0.0.0.0:41521 - 0 ] INFO  replication.ReplicationServer (ReplicationServer.java:start(107)) - ReplicationServer is started using port 35779
2021-09-02 02:24:15,096 [EndpointStateMachine task thread for /0.0.0.0:41521 - 0 ] INFO  ratis.XceiverServerRatis (XceiverServerRatis.java:start(482)) - Starting XceiverServerRatis a378c862-060f-4c80-8a42-fa0762e0f8c9
2021-09-02 02:24:15,106 [EndpointStateMachine task thread for /0.0.0.0:41521 - 0 ] INFO  server.RaftServer (RaftServerProxy.java:lambda$start$5(374)) - a378c862-060f-4c80-8a42-fa0762e0f8c9: start RPC server
2021-09-02 02:24:15,113 [EndpointStateMachine task thread for /0.0.0.0:41521 - 0 ] INFO  server.GrpcService (GrpcService.java:startImpl(253)) - a378c862-060f-4c80-8a42-fa0762e0f8c9: GrpcService started, listening on 42281
2021-09-02 02:24:15,119 [EndpointStateMachine task thread for /0.0.0.0:41521 - 0 ] INFO  ratis.XceiverServerRatis (XceiverServerRatis.java:getRealPort(503)) - XceiverServerRatis a378c862-060f-4c80-8a42-fa0762e0f8c9 is started using port 42281 for RATIS
2021-09-02 02:24:15,120 [EndpointStateMachine task thread for /0.0.0.0:41521 - 0 ] INFO  ratis.XceiverServerRatis (XceiverServerRatis.java:getRealPort(503)) - XceiverServerRatis a378c862-060f-4c80-8a42-fa0762e0f8c9 is started using port 42281 for RATIS_ADMIN
2021-09-02 02:24:15,120 [EndpointStateMachine task thread for /0.0.0.0:41521 - 0 ] INFO  ratis.XceiverServerRatis (XceiverServerRatis.java:getRealPort(503)) - XceiverServerRatis a378c862-060f-4c80-8a42-fa0762e0f8c9 is started using port 42281 for RATIS_SERVER
2021-09-02 02:24:15,120 [EndpointStateMachine task thread for /0.0.0.0:41521 - 0 ] INFO  server.XceiverServerGrpc (XceiverServerGrpc.java:start(135)) - XceiverServerGrpc a378c862-060f-4c80-8a42-fa0762e0f8c9 is started using port 39649
2021-09-02 02:24:15,188 [Listener at 127.0.0.1/45645] INFO  http.BaseHttpServer (BaseHttpServer.java:newHttpServer2BuilderForOzone(209)) - Starting Web-server for hddsDatanode at: http://0.0.0.0:0
2021-09-02 02:24:15,188 [Listener at 127.0.0.1/45645] INFO  http.BaseHttpServer (BaseHttpServer.java:<init>(107)) - Hadoop Security Enabled: false Ozone Security Enabled: false Ozone HTTP Security Enabled: false 
2021-09-02 02:24:15,189 [Listener at 127.0.0.1/45645] INFO  server.AuthenticationFilter (AuthenticationFilter.java:constructSecretProvider(240)) - Unable to initialize FileSignerSecretProvider, falling back to use random secrets.
2021-09-02 02:24:15,198 [Listener at 127.0.0.1/45645] WARN  http.HttpRequestLog (HttpRequestLog.java:getRequestLog(103)) - Jetty request log can only be enabled using Log4j
2021-09-02 02:24:15,198 [Listener at 127.0.0.1/45645] INFO  http.HttpServer2 (HttpServer2.java:addGlobalFilter(1030)) - Added global filter 'safety' (class=org.apache.hadoop.hdds.server.http.HttpServer2$QuotingInputFilter)
2021-09-02 02:24:15,199 [Listener at 127.0.0.1/45645] INFO  http.HttpServer2 (HttpServer2.java:addFilter(1006)) - Added filter static_user_filter (class=org.apache.hadoop.http.lib.StaticUserWebFilter$StaticUserFilter) to context hddsDatanode
2021-09-02 02:24:15,199 [Listener at 127.0.0.1/45645] INFO  http.HttpServer2 (HttpServer2.java:addFilter(1014)) - Added filter static_user_filter (class=org.apache.hadoop.http.lib.StaticUserWebFilter$StaticUserFilter) to context static
2021-09-02 02:24:15,199 [Listener at 127.0.0.1/45645] INFO  http.HttpServer2 (HttpServer2.java:addFilter(1014)) - Added filter static_user_filter (class=org.apache.hadoop.http.lib.StaticUserWebFilter$StaticUserFilter) to context logs
2021-09-02 02:24:15,199 [Listener at 127.0.0.1/45645] INFO  http.HttpServer2 (HttpServer2.java:bindListener(1249)) - Jetty bound to port 37869
2021-09-02 02:24:15,199 [Listener at 127.0.0.1/45645] INFO  server.Server (Server.java:doStart(375)) - jetty-9.4.43.v20210629; built: 2021-06-30T11:07:22.254Z; git: 526006ecfa3af7f1a27ef3a288e2bef7ea9dd7e8; jvm 1.8.0_292-b10
2021-09-02 02:24:15,210 [Listener at 127.0.0.1/45645] INFO  server.session (DefaultSessionIdManager.java:doStart(334)) - DefaultSessionIdManager workerName=node0
2021-09-02 02:24:15,210 [Listener at 127.0.0.1/45645] INFO  server.session (DefaultSessionIdManager.java:doStart(339)) - No SessionScavenger set, using defaults
2021-09-02 02:24:15,210 [Listener at 127.0.0.1/45645] INFO  server.session (HouseKeeper.java:startScavenging(132)) - node0 Scavenging every 660000ms
2021-09-02 02:24:15,211 [Listener at 127.0.0.1/45645] INFO  handler.ContextHandler (ContextHandler.java:doStart(915)) - Started o.e.j.s.ServletContextHandler@152ac876{logs,/logs,file:///home/runner/work/ozone/ozone/hadoop-ozone/integration-test/target/log,AVAILABLE}
2021-09-02 02:24:15,211 [Listener at 127.0.0.1/45645] INFO  handler.ContextHandler (ContextHandler.java:doStart(915)) - Started o.e.j.s.ServletContextHandler@52973713{static,/static,jar:file:/home/runner/.m2/repository/org/apache/ozone/hdds-container-service/1.2.0-SNAPSHOT/hdds-container-service-1.2.0-SNAPSHOT.jar!/webapps/static,AVAILABLE}
2021-09-02 02:24:15,229 [org.apache.ratis.util.JvmPauseMonitor$$Lambda$531/908743333@4af1b09a] INFO  util.JvmPauseMonitor (JvmPauseMonitor.java:run(103)) - JvmPauseMonitor-a378c862-060f-4c80-8a42-fa0762e0f8c9: Started
2021-09-02 02:24:15,302 [Listener at 127.0.0.1/45645] INFO  handler.ContextHandler (ContextHandler.java:doStart(915)) - Started o.e.j.w.WebAppContext@fcf96a7{hddsDatanode,/,file:///tmp/jetty-0_0_0_0-37869-hdds-container-service-1_2_0-SNAPSHOT_jar-_-any-590126731392266336/webapp/,AVAILABLE}{jar:file:/home/runner/.m2/repository/org/apache/ozone/hdds-container-service/1.2.0-SNAPSHOT/hdds-container-service-1.2.0-SNAPSHOT.jar!/webapps/hddsDatanode}
2021-09-02 02:24:15,353 [Listener at 127.0.0.1/45645] INFO  server.AbstractConnector (AbstractConnector.java:doStart(331)) - Started ServerConnector@2c0773f6{HTTP/1.1, (http/1.1)}{0.0.0.0:37869}
2021-09-02 02:24:15,353 [Listener at 127.0.0.1/45645] INFO  server.Server (Server.java:doStart(415)) - Started @425672ms
2021-09-02 02:24:15,353 [Listener at 127.0.0.1/45645] WARN  impl.MetricsSystemImpl (MetricsSystemImpl.java:register(279)) - Sink prometheus already exists!
2021-09-02 02:24:15,353 [Listener at 127.0.0.1/45645] INFO  http.BaseHttpServer (BaseHttpServer.java:updateConnectorAddress(329)) - HTTP server of hddsDatanode listening at http://0.0.0.0:37869
2021-09-02 02:24:15,377 [Listener at 127.0.0.1/45645] WARN  impl.MetricRegistriesImpl (MetricRegistriesImpl.java:addReporterRegistration(111)) - New reporters are added after registries were created. Some metrics will be missing from the reporter. Please add reporter before adding any new registry.
2021-09-02 02:24:15,377 [Listener at 127.0.0.1/45645] WARN  impl.MetricRegistriesImpl (MetricRegistriesImpl.java:addReporterRegistration(111)) - New reporters are added after registries were created. Some metrics will be missing from the reporter. Please add reporter before adding any new registry.
2021-09-02 02:24:15,377 [Listener at 127.0.0.1/45645] INFO  impl.MetricsSystemImpl (MetricsSystemImpl.java:init(158)) - HddsDatanode metrics system started (again)
2021-09-02 02:24:15,420 [org.apache.hadoop.util.JvmPauseMonitor$Monitor@d3e7a39] INFO  util.JvmPauseMonitor (JvmPauseMonitor.java:run(188)) - Starting JVM pause monitor
2021-09-02 02:24:15,427 [Listener at 127.0.0.1/45645] INFO  ozone.HddsDatanodeService (HddsDatanodeService.java:start(234)) - HddsDatanodeService host:fv-az195-103.u3nnjwd0vyge1bu22idnsdeq2e.cx.internal.cloudapp.net ip:10.1.0.11
2021-09-02 02:24:15,436 [Datanode State Machine Task Thread - 0] INFO  datanode.InitDatanodeState (InitDatanodeState.java:persistContainerDatanodeDetails(145)) - DatanodeDetails is persisted to /home/runner/work/ozone/ozone/hadoop-ozone/integration-test/target/test-dir/MiniOzoneClusterImpl-29bc8a50-871c-4f9e-822f-1a9e32d9d7f8/datanode-4/meta/datanode.id
2021-09-02 02:24:15,485 [Listener at 127.0.0.1/45645] INFO  upgrade.AbstractLayoutVersionManager (AbstractLayoutVersionManager.java:init(70)) - Initializing Layout version manager with metadata layout = SCM_HA (version = 2), software layout = SCM_HA (version = 2)
2021-09-02 02:24:15,577 [Listener at 127.0.0.1/45645] INFO  reflections.Reflections (Reflections.java:scan(232)) - Reflections took 91 ms to scan 7 urls, producing 120 keys and 275 values 
2021-09-02 02:24:15,579 [Listener at 127.0.0.1/45645] INFO  volume.HddsVolume (HddsVolume.java:<init>(120)) - Creating HddsVolume: /home/runner/work/ozone/ozone/hadoop-ozone/integration-test/target/test-dir/MiniOzoneClusterImpl-29bc8a50-871c-4f9e-822f-1a9e32d9d7f8/datanode-5/data-0/containers/hdds of storage type : DISK capacity : 9223372036854775807
2021-09-02 02:24:15,579 [Listener at 127.0.0.1/45645] INFO  volume.MutableVolumeSet (MutableVolumeSet.java:initializeVolumeSet(181)) - Added Volume : /home/runner/work/ozone/ozone/hadoop-ozone/integration-test/target/test-dir/MiniOzoneClusterImpl-29bc8a50-871c-4f9e-822f-1a9e32d9d7f8/datanode-5/data-0/containers/hdds to VolumeSet
2021-09-02 02:24:15,579 [Listener at 127.0.0.1/45645] INFO  volume.ThrottledAsyncChecker (ThrottledAsyncChecker.java:schedule(141)) - Scheduling a check for /home/runner/work/ozone/ozone/hadoop-ozone/integration-test/target/test-dir/MiniOzoneClusterImpl-29bc8a50-871c-4f9e-822f-1a9e32d9d7f8/datanode-5/data-0/containers/hdds
2021-09-02 02:24:15,580 [Listener at 127.0.0.1/45645] INFO  volume.StorageVolumeChecker (StorageVolumeChecker.java:checkAllVolumes(202)) - Scheduled health check for volume /home/runner/work/ozone/ozone/hadoop-ozone/integration-test/target/test-dir/MiniOzoneClusterImpl-29bc8a50-871c-4f9e-822f-1a9e32d9d7f8/datanode-5/data-0/containers/hdds
2021-09-02 02:24:15,618 [Listener at 127.0.0.1/45645] INFO  volume.MutableVolumeSet (MutableVolumeSet.java:initializeVolumeSet(181)) - Added Volume : /home/runner/work/ozone/ozone/hadoop-ozone/integration-test/target/test-dir/MiniOzoneClusterImpl-29bc8a50-871c-4f9e-822f-1a9e32d9d7f8/datanode-5/data/ratis to VolumeSet
2021-09-02 02:24:15,618 [Listener at 127.0.0.1/45645] INFO  volume.ThrottledAsyncChecker (ThrottledAsyncChecker.java:schedule(141)) - Scheduling a check for /home/runner/work/ozone/ozone/hadoop-ozone/integration-test/target/test-dir/MiniOzoneClusterImpl-29bc8a50-871c-4f9e-822f-1a9e32d9d7f8/datanode-5/data/ratis
2021-09-02 02:24:15,618 [Listener at 127.0.0.1/45645] INFO  volume.StorageVolumeChecker (StorageVolumeChecker.java:checkAllVolumes(202)) - Scheduled health check for volume /home/runner/work/ozone/ozone/hadoop-ozone/integration-test/target/test-dir/MiniOzoneClusterImpl-29bc8a50-871c-4f9e-822f-1a9e32d9d7f8/datanode-5/data/ratis
2021-09-02 02:24:15,659 [Listener at 127.0.0.1/45645] INFO  ozoneimpl.ContainerReader (ContainerReader.java:<init>(98)) - Running in upgrade mode:true
2021-09-02 02:24:15,660 [Thread-3205] INFO  ozoneimpl.ContainerReader (ContainerReader.java:readVolume(142)) - Start to verify containers on volume /home/runner/work/ozone/ozone/hadoop-ozone/integration-test/target/test-dir/MiniOzoneClusterImpl-29bc8a50-871c-4f9e-822f-1a9e32d9d7f8/datanode-5/data-0/containers/hdds
2021-09-02 02:24:15,660 [Thread-3205] INFO  ozoneimpl.ContainerReader (ContainerReader.java:readVolume(174)) - Finish verifying containers on volume /home/runner/work/ozone/ozone/hadoop-ozone/integration-test/target/test-dir/MiniOzoneClusterImpl-29bc8a50-871c-4f9e-822f-1a9e32d9d7f8/datanode-5/data-0/containers/hdds
2021-09-02 02:24:15,660 [Listener at 127.0.0.1/45645] INFO  ozoneimpl.OzoneContainer (OzoneContainer.java:buildContainerSet(237)) - Build ContainerSet costs 0s
2021-09-02 02:24:15,661 [Listener at 127.0.0.1/45645] INFO  server.RaftServer (ConfUtils.java:logGet(44)) - raft.rpc.type = GRPC (default)
2021-09-02 02:24:15,662 [Listener at 127.0.0.1/45645] INFO  grpc.GrpcFactory (GrpcFactory.java:checkPooledByteBufAllocatorUseCacheForAllThreads(48)) - PERFORMANCE WARNING: useCacheForAllThreads is true that may cause Netty to create a lot garbage objects and, as a result, trigger GC.
	It is recommended to disable useCacheForAllThreads by setting -Dorg.apache.ratis.thirdparty.io.netty.allocator.useCacheForAllThreads=false in command line.
2021-09-02 02:24:15,662 [Listener at 127.0.0.1/45645] INFO  grpc.GrpcConfigKeys (ConfUtils.java:logGet(44)) - raft.grpc.admin.port = 0 (custom)
2021-09-02 02:24:15,662 [Listener at 127.0.0.1/45645] INFO  grpc.GrpcConfigKeys (ConfUtils.java:logGet(44)) - raft.grpc.client.port = 0 (custom)
2021-09-02 02:24:15,662 [Listener at 127.0.0.1/45645] INFO  grpc.GrpcConfigKeys (ConfUtils.java:logGet(44)) - raft.grpc.server.port = 0 (default)
2021-09-02 02:24:15,662 [Listener at 127.0.0.1/45645] INFO  server.GrpcService (ConfUtils.java:logGet(44)) - raft.grpc.message.size.max = 32MB (=33554432) (custom)
2021-09-02 02:24:15,662 [Listener at 127.0.0.1/45645] INFO  server.RaftServerConfigKeys (ConfUtils.java:logGet(44)) - raft.server.log.appender.buffer.byte-limit = 33554432 (custom)
2021-09-02 02:24:15,662 [Listener at 127.0.0.1/45645] INFO  server.GrpcService (ConfUtils.java:logGet(44)) - raft.grpc.flow.control.window = 5MB (=5242880) (custom)
2021-09-02 02:24:15,662 [Listener at 127.0.0.1/45645] INFO  server.RaftServerConfigKeys (ConfUtils.java:logGet(44)) - raft.server.rpc.request.timeout = 3000ms (default)
2021-09-02 02:24:15,663 [Listener at 127.0.0.1/45645] INFO  impl.DataStreamServerImpl (ConfUtils.java:logGet(44)) - raft.datastream.type = DISABLED (default)
2021-09-02 02:24:15,663 [Listener at 127.0.0.1/45645] INFO  server.RaftServerConfigKeys (ConfUtils.java:logGet(44)) - raft.server.rpc.slowness.timeout = 300000ms (custom)
2021-09-02 02:24:15,663 [Listener at 127.0.0.1/45645] INFO  server.RaftServerConfigKeys (ConfUtils.java:logGet(44)) - raft.server.leaderelection.leader.step-down.wait-time = 10s (default)
2021-09-02 02:24:15,663 [Listener at 127.0.0.1/45645] INFO  server.RaftServerConfigKeys (ConfUtils.java:logGet(44)) - raft.server.storage.dir = [/home/runner/work/ozone/ozone/hadoop-ozone/integration-test/target/test-dir/MiniOzoneClusterImpl-29bc8a50-871c-4f9e-822f-1a9e32d9d7f8/datanode-5/data/ratis] (custom)
2021-09-02 02:24:15,672 [Listener at 127.0.0.1/45645] INFO  http.BaseHttpServer (BaseHttpServer.java:newHttpServer2BuilderForOzone(209)) - Starting Web-server for hddsDatanode at: http://0.0.0.0:0
2021-09-02 02:24:15,672 [Listener at 127.0.0.1/45645] INFO  http.BaseHttpServer (BaseHttpServer.java:<init>(107)) - Hadoop Security Enabled: false Ozone Security Enabled: false Ozone HTTP Security Enabled: false 
2021-09-02 02:24:15,673 [Listener at 127.0.0.1/45645] INFO  server.AuthenticationFilter (AuthenticationFilter.java:constructSecretProvider(240)) - Unable to initialize FileSignerSecretProvider, falling back to use random secrets.
2021-09-02 02:24:15,673 [Listener at 127.0.0.1/45645] WARN  http.HttpRequestLog (HttpRequestLog.java:getRequestLog(103)) - Jetty request log can only be enabled using Log4j
2021-09-02 02:24:15,674 [Listener at 127.0.0.1/45645] INFO  http.HttpServer2 (HttpServer2.java:addGlobalFilter(1030)) - Added global filter 'safety' (class=org.apache.hadoop.hdds.server.http.HttpServer2$QuotingInputFilter)
2021-09-02 02:24:15,674 [Listener at 127.0.0.1/45645] INFO  http.HttpServer2 (HttpServer2.java:addFilter(1006)) - Added filter static_user_filter (class=org.apache.hadoop.http.lib.StaticUserWebFilter$StaticUserFilter) to context hddsDatanode
2021-09-02 02:24:15,674 [Listener at 127.0.0.1/45645] INFO  http.HttpServer2 (HttpServer2.java:addFilter(1014)) - Added filter static_user_filter (class=org.apache.hadoop.http.lib.StaticUserWebFilter$StaticUserFilter) to context static
2021-09-02 02:24:15,674 [Listener at 127.0.0.1/45645] INFO  http.HttpServer2 (HttpServer2.java:addFilter(1014)) - Added filter static_user_filter (class=org.apache.hadoop.http.lib.StaticUserWebFilter$StaticUserFilter) to context logs
2021-09-02 02:24:15,675 [Listener at 127.0.0.1/45645] INFO  http.HttpServer2 (HttpServer2.java:bindListener(1249)) - Jetty bound to port 38459
2021-09-02 02:24:15,675 [Listener at 127.0.0.1/45645] INFO  server.Server (Server.java:doStart(375)) - jetty-9.4.43.v20210629; built: 2021-06-30T11:07:22.254Z; git: 526006ecfa3af7f1a27ef3a288e2bef7ea9dd7e8; jvm 1.8.0_292-b10
2021-09-02 02:24:15,675 [Listener at 127.0.0.1/45645] INFO  server.session (DefaultSessionIdManager.java:doStart(334)) - DefaultSessionIdManager workerName=node0
2021-09-02 02:24:15,676 [Listener at 127.0.0.1/45645] INFO  server.session (DefaultSessionIdManager.java:doStart(339)) - No SessionScavenger set, using defaults
2021-09-02 02:24:15,676 [Listener at 127.0.0.1/45645] INFO  server.session (HouseKeeper.java:startScavenging(132)) - node0 Scavenging every 660000ms
2021-09-02 02:24:15,676 [Listener at 127.0.0.1/45645] INFO  handler.ContextHandler (ContextHandler.java:doStart(915)) - Started o.e.j.s.ServletContextHandler@1e3783a9{logs,/logs,file:///home/runner/work/ozone/ozone/hadoop-ozone/integration-test/target/log,AVAILABLE}
2021-09-02 02:24:15,676 [Listener at 127.0.0.1/45645] INFO  handler.ContextHandler (ContextHandler.java:doStart(915)) - Started o.e.j.s.ServletContextHandler@bda4acf{static,/static,jar:file:/home/runner/.m2/repository/org/apache/ozone/hdds-container-service/1.2.0-SNAPSHOT/hdds-container-service-1.2.0-SNAPSHOT.jar!/webapps/static,AVAILABLE}
2021-09-02 02:24:15,791 [Listener at 127.0.0.1/45645] INFO  handler.ContextHandler (ContextHandler.java:doStart(915)) - Started o.e.j.w.WebAppContext@50698484{hddsDatanode,/,file:///tmp/jetty-0_0_0_0-38459-hdds-container-service-1_2_0-SNAPSHOT_jar-_-any-3535740671777585353/webapp/,AVAILABLE}{jar:file:/home/runner/.m2/repository/org/apache/ozone/hdds-container-service/1.2.0-SNAPSHOT/hdds-container-service-1.2.0-SNAPSHOT.jar!/webapps/hddsDatanode}
2021-09-02 02:24:15,841 [Listener at 127.0.0.1/45645] INFO  server.AbstractConnector (AbstractConnector.java:doStart(331)) - Started ServerConnector@27e51cf2{HTTP/1.1, (http/1.1)}{0.0.0.0:38459}
2021-09-02 02:24:15,841 [Listener at 127.0.0.1/45645] INFO  server.Server (Server.java:doStart(415)) - Started @426160ms
2021-09-02 02:24:15,841 [Listener at 127.0.0.1/45645] WARN  impl.MetricsSystemImpl (MetricsSystemImpl.java:register(279)) - Sink prometheus already exists!
2021-09-02 02:24:15,885 [Listener at 127.0.0.1/45645] INFO  http.BaseHttpServer (BaseHttpServer.java:updateConnectorAddress(329)) - HTTP server of hddsDatanode listening at http://0.0.0.0:38459
2021-09-02 02:24:15,933 [Listener at 127.0.0.1/45645] WARN  impl.MetricRegistriesImpl (MetricRegistriesImpl.java:addReporterRegistration(111)) - New reporters are added after registries were created. Some metrics will be missing from the reporter. Please add reporter before adding any new registry.
2021-09-02 02:24:15,934 [Listener at 127.0.0.1/45645] WARN  impl.MetricRegistriesImpl (MetricRegistriesImpl.java:addReporterRegistration(111)) - New reporters are added after registries were created. Some metrics will be missing from the reporter. Please add reporter before adding any new registry.
2021-09-02 02:24:15,934 [Listener at 127.0.0.1/45645] INFO  impl.MetricsSystemImpl (MetricsSystemImpl.java:init(158)) - HddsDatanode metrics system started (again)
2021-09-02 02:24:15,978 [org.apache.hadoop.util.JvmPauseMonitor$Monitor@46089a61] INFO  util.JvmPauseMonitor (JvmPauseMonitor.java:run(188)) - Starting JVM pause monitor
2021-09-02 02:24:16,014 [Datanode State Machine Task Thread - 0] INFO  datanode.InitDatanodeState (InitDatanodeState.java:persistContainerDatanodeDetails(145)) - DatanodeDetails is persisted to /home/runner/work/ozone/ozone/hadoop-ozone/integration-test/target/test-dir/MiniOzoneClusterImpl-29bc8a50-871c-4f9e-822f-1a9e32d9d7f8/datanode-5/meta/datanode.id
2021-09-02 02:24:16,041 [Listener at 127.0.0.1/45645] INFO  ozone.HddsDatanodeService (HddsDatanodeService.java:start(234)) - HddsDatanodeService host:fv-az195-103.u3nnjwd0vyge1bu22idnsdeq2e.cx.internal.cloudapp.net ip:10.1.0.11
2021-09-02 02:24:16,043 [EndpointStateMachine task thread for /0.0.0.0:41521 - 0 ] INFO  ozoneimpl.OzoneContainer (OzoneContainer.java:start(305)) - Attempting to start container services.
2021-09-02 02:24:16,043 [EndpointStateMachine task thread for /0.0.0.0:41521 - 0 ] INFO  ozoneimpl.OzoneContainer (OzoneContainer.java:startContainerScrub(250)) - Background container scanner has been disabled.
2021-09-02 02:24:16,044 [EndpointStateMachine task thread for /0.0.0.0:41521 - 0 ] INFO  replication.ReplicationServer (ReplicationServer.java:start(107)) - ReplicationServer is started using port 43381
2021-09-02 02:24:16,052 [EndpointStateMachine task thread for /0.0.0.0:41521 - 0 ] INFO  ratis.XceiverServerRatis (XceiverServerRatis.java:start(482)) - Starting XceiverServerRatis 9fd2e81d-61d0-44de-872c-4ae9b66045fe
2021-09-02 02:24:16,058 [EndpointStateMachine task thread for /0.0.0.0:41521 - 0 ] INFO  server.RaftServer (RaftServerProxy.java:lambda$start$5(374)) - 9fd2e81d-61d0-44de-872c-4ae9b66045fe: start RPC server
2021-09-02 02:24:16,082 [EndpointStateMachine task thread for /0.0.0.0:41521 - 0 ] INFO  server.GrpcService (GrpcService.java:startImpl(253)) - 9fd2e81d-61d0-44de-872c-4ae9b66045fe: GrpcService started, listening on 34541
2021-09-02 02:24:16,087 [EndpointStateMachine task thread for /0.0.0.0:41521 - 0 ] INFO  ratis.XceiverServerRatis (XceiverServerRatis.java:getRealPort(503)) - XceiverServerRatis 9fd2e81d-61d0-44de-872c-4ae9b66045fe is started using port 34541 for RATIS
2021-09-02 02:24:16,087 [EndpointStateMachine task thread for /0.0.0.0:41521 - 0 ] INFO  ratis.XceiverServerRatis (XceiverServerRatis.java:getRealPort(503)) - XceiverServerRatis 9fd2e81d-61d0-44de-872c-4ae9b66045fe is started using port 34541 for RATIS_ADMIN
2021-09-02 02:24:16,087 [EndpointStateMachine task thread for /0.0.0.0:41521 - 0 ] INFO  ratis.XceiverServerRatis (XceiverServerRatis.java:getRealPort(503)) - XceiverServerRatis 9fd2e81d-61d0-44de-872c-4ae9b66045fe is started using port 34541 for RATIS_SERVER
2021-09-02 02:24:16,133 [Listener at 127.0.0.1/45645] INFO  upgrade.AbstractLayoutVersionManager (AbstractLayoutVersionManager.java:init(70)) - Initializing Layout version manager with metadata layout = SCM_HA (version = 2), software layout = SCM_HA (version = 2)
2021-09-02 02:24:16,141 [EndpointStateMachine task thread for /0.0.0.0:41521 - 0 ] INFO  server.XceiverServerGrpc (XceiverServerGrpc.java:start(135)) - XceiverServerGrpc 9fd2e81d-61d0-44de-872c-4ae9b66045fe is started using port 35945
2021-09-02 02:24:16,146 [org.apache.ratis.util.JvmPauseMonitor$$Lambda$531/908743333@1ae13cca] INFO  util.JvmPauseMonitor (JvmPauseMonitor.java:run(103)) - JvmPauseMonitor-9fd2e81d-61d0-44de-872c-4ae9b66045fe: Started
2021-09-02 02:24:16,194 [IPC Server handler 9 on default port 41521] INFO  net.NetworkTopologyImpl (NetworkTopologyImpl.java:add(112)) - Added a new node: /default-rack/12400696-0678-464b-ad01-faef76468be0
2021-09-02 02:24:16,194 [IPC Server handler 9 on default port 41521] INFO  node.SCMNodeManager (SCMNodeManager.java:register(390)) - Registered Data node : 12400696-0678-464b-ad01-faef76468be0{ip: 10.1.0.11, host: fv-az195-103.u3nnjwd0vyge1bu22idnsdeq2e.cx.internal.cloudapp.net, ports: [REPLICATION=34965, RATIS=44187, RATIS_ADMIN=44187, RATIS_SERVER=44187, STANDALONE=33307], networkLocation: /default-rack, certSerialId: null, persistedOpState: null, persistedOpStateExpiryEpochSec: 0}
2021-09-02 02:24:16,210 [EventQueue-NodeRegistrationContainerReportForDataNodeSafeModeRule] INFO  safemode.SCMSafeModeManager (DataNodeSafeModeRule.java:process(71)) - SCM in safe mode. 1 DataNodes registered, 3 required.
2021-09-02 02:24:16,210 [EventQueue-NodeRegistrationContainerReportForContainerSafeModeRule] INFO  safemode.SCMSafeModeManager (SCMSafeModeManager.java:validateSafeModeExitRules(204)) - ContainerSafeModeRule rule is successfully validated
2021-09-02 02:24:16,222 [EventQueue-NewNodeForNewNodeHandler] INFO  pipeline.BackgroundPipelineCreator (BackgroundPipelineCreatorV2.java:notifyEventTriggered(285)) - trigger a one-shot run on RatisPipelineUtilsThread.
2021-09-02 02:24:16,222 [RatisPipelineUtilsThread - 0] INFO  pipeline.RatisPipelineProvider (RatisPipelineProvider.java:lambda$create$0(183)) - Sending CreatePipelineCommand for pipeline:PipelineID=f1db44cf-be4b-4349-b6b7-cf13c82a0580 to datanode:12400696-0678-464b-ad01-faef76468be0
2021-09-02 02:24:16,247 [RatisPipelineUtilsThread - 0] INFO  pipeline.PipelineStateManager (PipelineStateManagerV2Impl.java:addPipeline(101)) - Created pipeline Pipeline[ Id: f1db44cf-be4b-4349-b6b7-cf13c82a0580, Nodes: 12400696-0678-464b-ad01-faef76468be0{ip: 10.1.0.11, host: fv-az195-103.u3nnjwd0vyge1bu22idnsdeq2e.cx.internal.cloudapp.net, ports: [REPLICATION=34965, RATIS=44187, RATIS_ADMIN=44187, RATIS_SERVER=44187, STANDALONE=33307], networkLocation: /default-rack, certSerialId: null, persistedOpState: IN_SERVICE, persistedOpStateExpiryEpochSec: 0}, ReplicationConfig: RATIS/ONE, State:ALLOCATED, leaderId:, CreationTimestamp2021-09-02T02:24:16.222Z[Etc/UTC]].
2021-09-02 02:24:16,305 [EventQueue-PipelineReportForOneReplicaPipelineSafeModeRule] INFO  safemode.SCMSafeModeManager (SCMSafeModeManager.java:validateSafeModeExitRules(204)) - AtleastOneDatanodeReportedRule rule is successfully validated
2021-09-02 02:24:16,445 [Listener at 127.0.0.1/45645] INFO  reflections.Reflections (Reflections.java:scan(232)) - Reflections took 265 ms to scan 7 urls, producing 120 keys and 275 values 
2021-09-02 02:24:16,511 [Listener at 127.0.0.1/45645] INFO  volume.HddsVolume (HddsVolume.java:<init>(120)) - Creating HddsVolume: /home/runner/work/ozone/ozone/hadoop-ozone/integration-test/target/test-dir/MiniOzoneClusterImpl-29bc8a50-871c-4f9e-822f-1a9e32d9d7f8/datanode-6/data-0/containers/hdds of storage type : DISK capacity : 9223372036854775807
2021-09-02 02:24:16,511 [Listener at 127.0.0.1/45645] INFO  volume.MutableVolumeSet (MutableVolumeSet.java:initializeVolumeSet(181)) - Added Volume : /home/runner/work/ozone/ozone/hadoop-ozone/integration-test/target/test-dir/MiniOzoneClusterImpl-29bc8a50-871c-4f9e-822f-1a9e32d9d7f8/datanode-6/data-0/containers/hdds to VolumeSet
2021-09-02 02:24:16,511 [Listener at 127.0.0.1/45645] INFO  volume.ThrottledAsyncChecker (ThrottledAsyncChecker.java:schedule(141)) - Scheduling a check for /home/runner/work/ozone/ozone/hadoop-ozone/integration-test/target/test-dir/MiniOzoneClusterImpl-29bc8a50-871c-4f9e-822f-1a9e32d9d7f8/datanode-6/data-0/containers/hdds
2021-09-02 02:24:16,511 [Listener at 127.0.0.1/45645] INFO  volume.StorageVolumeChecker (StorageVolumeChecker.java:checkAllVolumes(202)) - Scheduled health check for volume /home/runner/work/ozone/ozone/hadoop-ozone/integration-test/target/test-dir/MiniOzoneClusterImpl-29bc8a50-871c-4f9e-822f-1a9e32d9d7f8/datanode-6/data-0/containers/hdds
2021-09-02 02:24:16,567 [Listener at 127.0.0.1/45645] INFO  volume.MutableVolumeSet (MutableVolumeSet.java:initializeVolumeSet(181)) - Added Volume : /home/runner/work/ozone/ozone/hadoop-ozone/integration-test/target/test-dir/MiniOzoneClusterImpl-29bc8a50-871c-4f9e-822f-1a9e32d9d7f8/datanode-6/data/ratis to VolumeSet
2021-09-02 02:24:16,567 [Listener at 127.0.0.1/45645] INFO  volume.ThrottledAsyncChecker (ThrottledAsyncChecker.java:schedule(141)) - Scheduling a check for /home/runner/work/ozone/ozone/hadoop-ozone/integration-test/target/test-dir/MiniOzoneClusterImpl-29bc8a50-871c-4f9e-822f-1a9e32d9d7f8/datanode-6/data/ratis
2021-09-02 02:24:16,567 [Listener at 127.0.0.1/45645] INFO  volume.StorageVolumeChecker (StorageVolumeChecker.java:checkAllVolumes(202)) - Scheduled health check for volume /home/runner/work/ozone/ozone/hadoop-ozone/integration-test/target/test-dir/MiniOzoneClusterImpl-29bc8a50-871c-4f9e-822f-1a9e32d9d7f8/datanode-6/data/ratis
2021-09-02 02:24:16,581 [Listener at 127.0.0.1/45645] INFO  ozoneimpl.ContainerReader (ContainerReader.java:<init>(98)) - Running in upgrade mode:true
2021-09-02 02:24:16,582 [Thread-3227] INFO  ozoneimpl.ContainerReader (ContainerReader.java:readVolume(142)) - Start to verify containers on volume /home/runner/work/ozone/ozone/hadoop-ozone/integration-test/target/test-dir/MiniOzoneClusterImpl-29bc8a50-871c-4f9e-822f-1a9e32d9d7f8/datanode-6/data-0/containers/hdds
2021-09-02 02:24:16,582 [Thread-3227] INFO  ozoneimpl.ContainerReader (ContainerReader.java:readVolume(174)) - Finish verifying containers on volume /home/runner/work/ozone/ozone/hadoop-ozone/integration-test/target/test-dir/MiniOzoneClusterImpl-29bc8a50-871c-4f9e-822f-1a9e32d9d7f8/datanode-6/data-0/containers/hdds
2021-09-02 02:24:16,582 [Listener at 127.0.0.1/45645] INFO  ozoneimpl.OzoneContainer (OzoneContainer.java:buildContainerSet(237)) - Build ContainerSet costs 0s
2021-09-02 02:24:16,583 [Listener at 127.0.0.1/45645] INFO  server.RaftServer (ConfUtils.java:logGet(44)) - raft.rpc.type = GRPC (default)
2021-09-02 02:24:16,583 [Listener at 127.0.0.1/45645] INFO  grpc.GrpcFactory (GrpcFactory.java:checkPooledByteBufAllocatorUseCacheForAllThreads(48)) - PERFORMANCE WARNING: useCacheForAllThreads is true that may cause Netty to create a lot garbage objects and, as a result, trigger GC.
	It is recommended to disable useCacheForAllThreads by setting -Dorg.apache.ratis.thirdparty.io.netty.allocator.useCacheForAllThreads=false in command line.
2021-09-02 02:24:16,583 [Listener at 127.0.0.1/45645] INFO  grpc.GrpcConfigKeys (ConfUtils.java:logGet(44)) - raft.grpc.admin.port = 0 (custom)
2021-09-02 02:24:16,584 [Listener at 127.0.0.1/45645] INFO  grpc.GrpcConfigKeys (ConfUtils.java:logGet(44)) - raft.grpc.client.port = 0 (custom)
2021-09-02 02:24:16,584 [Listener at 127.0.0.1/45645] INFO  grpc.GrpcConfigKeys (ConfUtils.java:logGet(44)) - raft.grpc.server.port = 0 (default)
2021-09-02 02:24:16,584 [Listener at 127.0.0.1/45645] INFO  server.GrpcService (ConfUtils.java:logGet(44)) - raft.grpc.message.size.max = 32MB (=33554432) (custom)
2021-09-02 02:24:16,584 [Listener at 127.0.0.1/45645] INFO  server.RaftServerConfigKeys (ConfUtils.java:logGet(44)) - raft.server.log.appender.buffer.byte-limit = 33554432 (custom)
2021-09-02 02:24:16,584 [Listener at 127.0.0.1/45645] INFO  server.GrpcService (ConfUtils.java:logGet(44)) - raft.grpc.flow.control.window = 5MB (=5242880) (custom)
2021-09-02 02:24:16,584 [Listener at 127.0.0.1/45645] INFO  server.RaftServerConfigKeys (ConfUtils.java:logGet(44)) - raft.server.rpc.request.timeout = 3000ms (default)
2021-09-02 02:24:16,585 [Listener at 127.0.0.1/45645] INFO  impl.DataStreamServerImpl (ConfUtils.java:logGet(44)) - raft.datastream.type = DISABLED (default)
2021-09-02 02:24:16,585 [Listener at 127.0.0.1/45645] INFO  server.RaftServerConfigKeys (ConfUtils.java:logGet(44)) - raft.server.rpc.slowness.timeout = 300000ms (custom)
2021-09-02 02:24:16,585 [Listener at 127.0.0.1/45645] INFO  server.RaftServerConfigKeys (ConfUtils.java:logGet(44)) - raft.server.leaderelection.leader.step-down.wait-time = 10s (default)
2021-09-02 02:24:16,585 [Listener at 127.0.0.1/45645] INFO  server.RaftServerConfigKeys (ConfUtils.java:logGet(44)) - raft.server.storage.dir = [/home/runner/work/ozone/ozone/hadoop-ozone/integration-test/target/test-dir/MiniOzoneClusterImpl-29bc8a50-871c-4f9e-822f-1a9e32d9d7f8/datanode-6/data/ratis] (custom)
2021-09-02 02:24:16,587 [Listener at 127.0.0.1/45645] INFO  http.BaseHttpServer (BaseHttpServer.java:newHttpServer2BuilderForOzone(209)) - Starting Web-server for hddsDatanode at: http://0.0.0.0:0
2021-09-02 02:24:16,588 [Listener at 127.0.0.1/45645] INFO  http.BaseHttpServer (BaseHttpServer.java:<init>(107)) - Hadoop Security Enabled: false Ozone Security Enabled: false Ozone HTTP Security Enabled: false 
2021-09-02 02:24:16,588 [Listener at 127.0.0.1/45645] INFO  server.AuthenticationFilter (AuthenticationFilter.java:constructSecretProvider(240)) - Unable to initialize FileSignerSecretProvider, falling back to use random secrets.
2021-09-02 02:24:16,605 [Listener at 127.0.0.1/45645] WARN  http.HttpRequestLog (HttpRequestLog.java:getRequestLog(103)) - Jetty request log can only be enabled using Log4j
2021-09-02 02:24:16,606 [Listener at 127.0.0.1/45645] INFO  http.HttpServer2 (HttpServer2.java:addGlobalFilter(1030)) - Added global filter 'safety' (class=org.apache.hadoop.hdds.server.http.HttpServer2$QuotingInputFilter)
2021-09-02 02:24:16,606 [Listener at 127.0.0.1/45645] INFO  http.HttpServer2 (HttpServer2.java:addFilter(1006)) - Added filter static_user_filter (class=org.apache.hadoop.http.lib.StaticUserWebFilter$StaticUserFilter) to context hddsDatanode
2021-09-02 02:24:16,606 [Listener at 127.0.0.1/45645] INFO  http.HttpServer2 (HttpServer2.java:addFilter(1014)) - Added filter static_user_filter (class=org.apache.hadoop.http.lib.StaticUserWebFilter$StaticUserFilter) to context static
2021-09-02 02:24:16,606 [Listener at 127.0.0.1/45645] INFO  http.HttpServer2 (HttpServer2.java:addFilter(1014)) - Added filter static_user_filter (class=org.apache.hadoop.http.lib.StaticUserWebFilter$StaticUserFilter) to context logs
2021-09-02 02:24:16,607 [Listener at 127.0.0.1/45645] INFO  http.HttpServer2 (HttpServer2.java:bindListener(1249)) - Jetty bound to port 39077
2021-09-02 02:24:16,607 [Listener at 127.0.0.1/45645] INFO  server.Server (Server.java:doStart(375)) - jetty-9.4.43.v20210629; built: 2021-06-30T11:07:22.254Z; git: 526006ecfa3af7f1a27ef3a288e2bef7ea9dd7e8; jvm 1.8.0_292-b10
2021-09-02 02:24:16,633 [Listener at 127.0.0.1/45645] INFO  server.session (DefaultSessionIdManager.java:doStart(334)) - DefaultSessionIdManager workerName=node0
2021-09-02 02:24:16,633 [Listener at 127.0.0.1/45645] INFO  server.session (DefaultSessionIdManager.java:doStart(339)) - No SessionScavenger set, using defaults
2021-09-02 02:24:16,633 [Listener at 127.0.0.1/45645] INFO  server.session (HouseKeeper.java:startScavenging(132)) - node0 Scavenging every 600000ms
2021-09-02 02:24:16,634 [Listener at 127.0.0.1/45645] INFO  handler.ContextHandler (ContextHandler.java:doStart(915)) - Started o.e.j.s.ServletContextHandler@7240f398{logs,/logs,file:///home/runner/work/ozone/ozone/hadoop-ozone/integration-test/target/log,AVAILABLE}
2021-09-02 02:24:16,634 [Listener at 127.0.0.1/45645] INFO  handler.ContextHandler (ContextHandler.java:doStart(915)) - Started o.e.j.s.ServletContextHandler@41aa83d8{static,/static,jar:file:/home/runner/.m2/repository/org/apache/ozone/hdds-container-service/1.2.0-SNAPSHOT/hdds-container-service-1.2.0-SNAPSHOT.jar!/webapps/static,AVAILABLE}
2021-09-02 02:24:16,843 [EndpointStateMachine task thread for /0.0.0.0:41521 - 0 ] INFO  ozoneimpl.OzoneContainer (OzoneContainer.java:start(305)) - Attempting to start container services.
2021-09-02 02:24:16,844 [EndpointStateMachine task thread for /0.0.0.0:41521 - 0 ] INFO  ozoneimpl.OzoneContainer (OzoneContainer.java:startContainerScrub(250)) - Background container scanner has been disabled.
2021-09-02 02:24:16,845 [EndpointStateMachine task thread for /0.0.0.0:41521 - 0 ] INFO  replication.ReplicationServer (ReplicationServer.java:start(107)) - ReplicationServer is started using port 43217
2021-09-02 02:24:16,855 [EndpointStateMachine task thread for /0.0.0.0:41521 - 0 ] INFO  ratis.XceiverServerRatis (XceiverServerRatis.java:start(482)) - Starting XceiverServerRatis af0a5c91-f714-4dc1-a2f1-efe0e47618a1
2021-09-02 02:24:16,858 [EndpointStateMachine task thread for /0.0.0.0:41521 - 0 ] INFO  server.RaftServer (RaftServerProxy.java:lambda$start$5(374)) - af0a5c91-f714-4dc1-a2f1-efe0e47618a1: start RPC server
2021-09-02 02:24:16,885 [EndpointStateMachine task thread for /0.0.0.0:41521 - 0 ] INFO  server.GrpcService (GrpcService.java:startImpl(253)) - af0a5c91-f714-4dc1-a2f1-efe0e47618a1: GrpcService started, listening on 35001
2021-09-02 02:24:16,908 [EndpointStateMachine task thread for /0.0.0.0:41521 - 0 ] INFO  ratis.XceiverServerRatis (XceiverServerRatis.java:getRealPort(503)) - XceiverServerRatis af0a5c91-f714-4dc1-a2f1-efe0e47618a1 is started using port 35001 for RATIS
2021-09-02 02:24:16,908 [EndpointStateMachine task thread for /0.0.0.0:41521 - 0 ] INFO  ratis.XceiverServerRatis (XceiverServerRatis.java:getRealPort(503)) - XceiverServerRatis af0a5c91-f714-4dc1-a2f1-efe0e47618a1 is started using port 35001 for RATIS_ADMIN
2021-09-02 02:24:16,908 [EndpointStateMachine task thread for /0.0.0.0:41521 - 0 ] INFO  ratis.XceiverServerRatis (XceiverServerRatis.java:getRealPort(503)) - XceiverServerRatis af0a5c91-f714-4dc1-a2f1-efe0e47618a1 is started using port 35001 for RATIS_SERVER
2021-09-02 02:24:16,909 [EndpointStateMachine task thread for /0.0.0.0:41521 - 0 ] INFO  server.XceiverServerGrpc (XceiverServerGrpc.java:start(135)) - XceiverServerGrpc af0a5c91-f714-4dc1-a2f1-efe0e47618a1 is started using port 35895
2021-09-02 02:24:16,957 [org.apache.ratis.util.JvmPauseMonitor$$Lambda$531/908743333@10157cfb] INFO  util.JvmPauseMonitor (JvmPauseMonitor.java:run(103)) - JvmPauseMonitor-af0a5c91-f714-4dc1-a2f1-efe0e47618a1: Started
2021-09-02 02:24:16,979 [Listener at 127.0.0.1/45645] INFO  handler.ContextHandler (ContextHandler.java:doStart(915)) - Started o.e.j.w.WebAppContext@6361e9f5{hddsDatanode,/,file:///tmp/jetty-0_0_0_0-39077-hdds-container-service-1_2_0-SNAPSHOT_jar-_-any-8570790496462189685/webapp/,AVAILABLE}{jar:file:/home/runner/.m2/repository/org/apache/ozone/hdds-container-service/1.2.0-SNAPSHOT/hdds-container-service-1.2.0-SNAPSHOT.jar!/webapps/hddsDatanode}
2021-09-02 02:24:16,981 [Listener at 127.0.0.1/45645] INFO  server.AbstractConnector (AbstractConnector.java:doStart(331)) - Started ServerConnector@662e20dc{HTTP/1.1, (http/1.1)}{0.0.0.0:39077}
2021-09-02 02:24:16,981 [Listener at 127.0.0.1/45645] INFO  server.Server (Server.java:doStart(415)) - Started @427300ms
2021-09-02 02:24:16,981 [Listener at 127.0.0.1/45645] WARN  impl.MetricsSystemImpl (MetricsSystemImpl.java:register(279)) - Sink prometheus already exists!
2021-09-02 02:24:16,982 [Listener at 127.0.0.1/45645] INFO  http.BaseHttpServer (BaseHttpServer.java:updateConnectorAddress(329)) - HTTP server of hddsDatanode listening at http://0.0.0.0:39077
2021-09-02 02:24:16,982 [Listener at 127.0.0.1/45645] INFO  ozone.MiniOzoneClusterImpl (MiniOzoneClusterImpl.java:lambda$waitForClusterToBeReady$0(235)) - Waiting for nodes to be ready. Got 1 of 7 DN Heartbeats.
2021-09-02 02:24:16,982 [Listener at 127.0.0.1/45645] INFO  ozone.MiniOzoneClusterImpl (MiniOzoneClusterImpl.java:lambda$waitForClusterToBeReady$0(238)) - Waiting for cluster to exit safe mode
2021-09-02 02:24:16,982 [Listener at 127.0.0.1/45645] INFO  ozone.MiniOzoneClusterImpl (MiniOzoneClusterImpl.java:lambda$waitForClusterToBeReady$0(240)) - SCM became leader
2021-09-02 02:24:17,089 [org.apache.hadoop.util.JvmPauseMonitor$Monitor@1ffdff3d] INFO  util.JvmPauseMonitor (JvmPauseMonitor.java:run(188)) - Starting JVM pause monitor
2021-09-02 02:24:17,098 [Datanode State Machine Task Thread - 0] INFO  datanode.InitDatanodeState (InitDatanodeState.java:persistContainerDatanodeDetails(145)) - DatanodeDetails is persisted to /home/runner/work/ozone/ozone/hadoop-ozone/integration-test/target/test-dir/MiniOzoneClusterImpl-29bc8a50-871c-4f9e-822f-1a9e32d9d7f8/datanode-6/meta/datanode.id
2021-09-02 02:24:17,122 [IPC Server handler 9 on default port 41521] INFO  net.NetworkTopologyImpl (NetworkTopologyImpl.java:add(112)) - Added a new node: /default-rack/a378c862-060f-4c80-8a42-fa0762e0f8c9
2021-09-02 02:24:17,122 [IPC Server handler 9 on default port 41521] INFO  node.SCMNodeManager (SCMNodeManager.java:register(390)) - Registered Data node : a378c862-060f-4c80-8a42-fa0762e0f8c9{ip: 10.1.0.11, host: fv-az195-103.u3nnjwd0vyge1bu22idnsdeq2e.cx.internal.cloudapp.net, ports: [REPLICATION=35779, RATIS=42281, RATIS_ADMIN=42281, RATIS_SERVER=42281, STANDALONE=39649], networkLocation: /default-rack, certSerialId: null, persistedOpState: null, persistedOpStateExpiryEpochSec: 0}
2021-09-02 02:24:17,123 [EventQueue-NewNodeForNewNodeHandler] INFO  pipeline.BackgroundPipelineCreator (BackgroundPipelineCreatorV2.java:notifyEventTriggered(285)) - trigger a one-shot run on RatisPipelineUtilsThread.
2021-09-02 02:24:17,206 [EventQueue-NodeRegistrationContainerReportForDataNodeSafeModeRule] INFO  safemode.SCMSafeModeManager (DataNodeSafeModeRule.java:process(71)) - SCM in safe mode. 2 DataNodes registered, 3 required.
2021-09-02 02:24:17,213 [RatisPipelineUtilsThread - 0] INFO  pipeline.RatisPipelineProvider (RatisPipelineProvider.java:lambda$create$0(183)) - Sending CreatePipelineCommand for pipeline:PipelineID=ba8af5f1-bfbd-4481-86ec-d3cf43f22c22 to datanode:a378c862-060f-4c80-8a42-fa0762e0f8c9
2021-09-02 02:24:17,214 [RatisPipelineUtilsThread - 0] INFO  pipeline.PipelineStateManager (PipelineStateManagerV2Impl.java:addPipeline(101)) - Created pipeline Pipeline[ Id: ba8af5f1-bfbd-4481-86ec-d3cf43f22c22, Nodes: a378c862-060f-4c80-8a42-fa0762e0f8c9{ip: 10.1.0.11, host: fv-az195-103.u3nnjwd0vyge1bu22idnsdeq2e.cx.internal.cloudapp.net, ports: [REPLICATION=35779, RATIS=42281, RATIS_ADMIN=42281, RATIS_SERVER=42281, STANDALONE=39649], networkLocation: /default-rack, certSerialId: null, persistedOpState: IN_SERVICE, persistedOpStateExpiryEpochSec: 0}, ReplicationConfig: RATIS/ONE, State:ALLOCATED, leaderId:, CreationTimestamp2021-09-02T02:24:17.213Z[Etc/UTC]].
2021-09-02 02:24:17,416 [EndpointStateMachine task thread for /0.0.0.0:41521 - 0 ] INFO  ozoneimpl.OzoneContainer (OzoneContainer.java:start(305)) - Attempting to start container services.
2021-09-02 02:24:17,443 [EndpointStateMachine task thread for /0.0.0.0:41521 - 0 ] INFO  ozoneimpl.OzoneContainer (OzoneContainer.java:startContainerScrub(250)) - Background container scanner has been disabled.
2021-09-02 02:24:17,443 [EndpointStateMachine task thread for /0.0.0.0:41521 - 0 ] INFO  replication.ReplicationServer (ReplicationServer.java:start(107)) - ReplicationServer is started using port 45931
2021-09-02 02:24:17,517 [EndpointStateMachine task thread for /0.0.0.0:41521 - 0 ] INFO  ratis.XceiverServerRatis (XceiverServerRatis.java:start(482)) - Starting XceiverServerRatis 187906f6-3436-4d7b-ba29-fc09579eb1c8
2021-09-02 02:24:17,569 [EndpointStateMachine task thread for /0.0.0.0:41521 - 0 ] INFO  server.RaftServer (RaftServerProxy.java:lambda$start$5(374)) - 187906f6-3436-4d7b-ba29-fc09579eb1c8: start RPC server
2021-09-02 02:24:17,575 [EndpointStateMachine task thread for /0.0.0.0:41521 - 0 ] INFO  server.GrpcService (GrpcService.java:startImpl(253)) - 187906f6-3436-4d7b-ba29-fc09579eb1c8: GrpcService started, listening on 41159
2021-09-02 02:24:17,585 [EndpointStateMachine task thread for /0.0.0.0:41521 - 0 ] INFO  ratis.XceiverServerRatis (XceiverServerRatis.java:getRealPort(503)) - XceiverServerRatis 187906f6-3436-4d7b-ba29-fc09579eb1c8 is started using port 41159 for RATIS
2021-09-02 02:24:17,585 [EndpointStateMachine task thread for /0.0.0.0:41521 - 0 ] INFO  ratis.XceiverServerRatis (XceiverServerRatis.java:getRealPort(503)) - XceiverServerRatis 187906f6-3436-4d7b-ba29-fc09579eb1c8 is started using port 41159 for RATIS_ADMIN
2021-09-02 02:24:17,585 [EndpointStateMachine task thread for /0.0.0.0:41521 - 0 ] INFO  ratis.XceiverServerRatis (XceiverServerRatis.java:getRealPort(503)) - XceiverServerRatis 187906f6-3436-4d7b-ba29-fc09579eb1c8 is started using port 41159 for RATIS_SERVER
2021-09-02 02:24:17,586 [org.apache.ratis.util.JvmPauseMonitor$$Lambda$531/908743333@1277fd60] INFO  util.JvmPauseMonitor (JvmPauseMonitor.java:run(103)) - JvmPauseMonitor-187906f6-3436-4d7b-ba29-fc09579eb1c8: Started
2021-09-02 02:24:17,587 [EndpointStateMachine task thread for /0.0.0.0:41521 - 0 ] INFO  server.XceiverServerGrpc (XceiverServerGrpc.java:start(135)) - XceiverServerGrpc 187906f6-3436-4d7b-ba29-fc09579eb1c8 is started using port 44607
2021-09-02 02:24:17,882 [IPC Server handler 4 on default port 41521] INFO  net.NetworkTopologyImpl (NetworkTopologyImpl.java:add(112)) - Added a new node: /default-rack/9fd2e81d-61d0-44de-872c-4ae9b66045fe
2021-09-02 02:24:17,882 [IPC Server handler 4 on default port 41521] INFO  node.SCMNodeManager (SCMNodeManager.java:register(390)) - Registered Data node : 9fd2e81d-61d0-44de-872c-4ae9b66045fe{ip: 10.1.0.11, host: fv-az195-103.u3nnjwd0vyge1bu22idnsdeq2e.cx.internal.cloudapp.net, ports: [REPLICATION=43381, RATIS=34541, RATIS_ADMIN=34541, RATIS_SERVER=34541, STANDALONE=35945], networkLocation: /default-rack, certSerialId: null, persistedOpState: null, persistedOpStateExpiryEpochSec: 0}
2021-09-02 02:24:17,882 [EventQueue-NewNodeForNewNodeHandler] INFO  pipeline.BackgroundPipelineCreator (BackgroundPipelineCreatorV2.java:notifyEventTriggered(285)) - trigger a one-shot run on RatisPipelineUtilsThread.
2021-09-02 02:24:17,886 [EventQueue-NodeRegistrationContainerReportForDataNodeSafeModeRule] INFO  safemode.SCMSafeModeManager (DataNodeSafeModeRule.java:process(71)) - SCM in safe mode. 3 DataNodes registered, 3 required.
2021-09-02 02:24:17,886 [EventQueue-NodeRegistrationContainerReportForDataNodeSafeModeRule] INFO  safemode.SCMSafeModeManager (SCMSafeModeManager.java:validateSafeModeExitRules(204)) - DataNodeSafeModeRule rule is successfully validated
2021-09-02 02:24:17,886 [EventQueue-NodeRegistrationContainerReportForDataNodeSafeModeRule] INFO  safemode.SCMSafeModeManager (SCMSafeModeManager.java:completePreCheck(233)) - All SCM safe mode pre check rules have passed
2021-09-02 02:24:17,886 [EventQueue-NodeRegistrationContainerReportForDataNodeSafeModeRule] WARN  events.EventQueue (EventQueue.java:fireEvent(194)) - No event handler registered for event TypedEvent{payloadType=SafeModeStatus, name='Safe mode status'}
2021-09-02 02:24:17,886 [EventQueue-NodeRegistrationContainerReportForDataNodeSafeModeRule] INFO  ha.SCMContext (SCMContext.java:updateSafeModeStatus(205)) - Update SafeModeStatus from SafeModeStatus{safeModeStatus=true, preCheckPassed=false} to SafeModeStatus{safeModeStatus=true, preCheckPassed=true}.
2021-09-02 02:24:17,886 [EventQueue-NodeRegistrationContainerReportForDataNodeSafeModeRule] INFO  pipeline.BackgroundPipelineCreator (BackgroundPipelineCreatorV2.java:notifyEventTriggered(285)) - trigger a one-shot run on RatisPipelineUtilsThread.
2021-09-02 02:24:17,886 [RatisPipelineUtilsThread - 0] INFO  pipeline.RatisPipelineProvider (RatisPipelineProvider.java:lambda$create$0(183)) - Sending CreatePipelineCommand for pipeline:PipelineID=30084a98-90ef-4f0d-b2eb-9dbdbfe0fe9e to datanode:9fd2e81d-61d0-44de-872c-4ae9b66045fe
2021-09-02 02:24:17,887 [RatisPipelineUtilsThread - 0] INFO  pipeline.PipelineStateManager (PipelineStateManagerV2Impl.java:addPipeline(101)) - Created pipeline Pipeline[ Id: 30084a98-90ef-4f0d-b2eb-9dbdbfe0fe9e, Nodes: 9fd2e81d-61d0-44de-872c-4ae9b66045fe{ip: 10.1.0.11, host: fv-az195-103.u3nnjwd0vyge1bu22idnsdeq2e.cx.internal.cloudapp.net, ports: [REPLICATION=43381, RATIS=34541, RATIS_ADMIN=34541, RATIS_SERVER=34541, STANDALONE=35945], networkLocation: /default-rack, certSerialId: null, persistedOpState: IN_SERVICE, persistedOpStateExpiryEpochSec: 0}, ReplicationConfig: RATIS/ONE, State:ALLOCATED, leaderId:, CreationTimestamp2021-09-02T02:24:17.886Z[Etc/UTC]].
2021-09-02 02:24:17,887 [RatisPipelineUtilsThread - 0] INFO  pipeline.RatisPipelineProvider (RatisPipelineProvider.java:lambda$create$0(183)) - Sending CreatePipelineCommand for pipeline:PipelineID=b210389a-7593-42c4-b1fe-6c0f8f3dff59 to datanode:a378c862-060f-4c80-8a42-fa0762e0f8c9
2021-09-02 02:24:17,887 [RatisPipelineUtilsThread - 0] INFO  pipeline.RatisPipelineProvider (RatisPipelineProvider.java:lambda$create$0(183)) - Sending CreatePipelineCommand for pipeline:PipelineID=b210389a-7593-42c4-b1fe-6c0f8f3dff59 to datanode:9fd2e81d-61d0-44de-872c-4ae9b66045fe
2021-09-02 02:24:17,887 [RatisPipelineUtilsThread - 0] INFO  pipeline.RatisPipelineProvider (RatisPipelineProvider.java:lambda$create$0(183)) - Sending CreatePipelineCommand for pipeline:PipelineID=b210389a-7593-42c4-b1fe-6c0f8f3dff59 to datanode:12400696-0678-464b-ad01-faef76468be0
2021-09-02 02:24:17,887 [RatisPipelineUtilsThread - 0] INFO  pipeline.PipelineStateManager (PipelineStateManagerV2Impl.java:addPipeline(101)) - Created pipeline Pipeline[ Id: b210389a-7593-42c4-b1fe-6c0f8f3dff59, Nodes: a378c862-060f-4c80-8a42-fa0762e0f8c9{ip: 10.1.0.11, host: fv-az195-103.u3nnjwd0vyge1bu22idnsdeq2e.cx.internal.cloudapp.net, ports: [REPLICATION=35779, RATIS=42281, RATIS_ADMIN=42281, RATIS_SERVER=42281, STANDALONE=39649], networkLocation: /default-rack, certSerialId: null, persistedOpState: IN_SERVICE, persistedOpStateExpiryEpochSec: 0}9fd2e81d-61d0-44de-872c-4ae9b66045fe{ip: 10.1.0.11, host: fv-az195-103.u3nnjwd0vyge1bu22idnsdeq2e.cx.internal.cloudapp.net, ports: [REPLICATION=43381, RATIS=34541, RATIS_ADMIN=34541, RATIS_SERVER=34541, STANDALONE=35945], networkLocation: /default-rack, certSerialId: null, persistedOpState: IN_SERVICE, persistedOpStateExpiryEpochSec: 0}12400696-0678-464b-ad01-faef76468be0{ip: 10.1.0.11, host: fv-az195-103.u3nnjwd0vyge1bu22idnsdeq2e.cx.internal.cloudapp.net, ports: [REPLICATION=34965, RATIS=44187, RATIS_ADMIN=44187, RATIS_SERVER=44187, STANDALONE=33307], networkLocation: /default-rack, certSerialId: null, persistedOpState: IN_SERVICE, persistedOpStateExpiryEpochSec: 0}, ReplicationConfig: RATIS/THREE, State:ALLOCATED, leaderId:, CreationTimestamp2021-09-02T02:24:17.887Z[Etc/UTC]].
2021-09-02 02:24:17,888 [RatisPipelineUtilsThread - 0] INFO  pipeline.RatisPipelineProvider (RatisPipelineProvider.java:lambda$create$0(183)) - Sending CreatePipelineCommand for pipeline:PipelineID=2454dacd-6beb-41a7-8ffd-b85448540d00 to datanode:12400696-0678-464b-ad01-faef76468be0
2021-09-02 02:24:17,888 [RatisPipelineUtilsThread - 0] INFO  pipeline.RatisPipelineProvider (RatisPipelineProvider.java:lambda$create$0(183)) - Sending CreatePipelineCommand for pipeline:PipelineID=2454dacd-6beb-41a7-8ffd-b85448540d00 to datanode:9fd2e81d-61d0-44de-872c-4ae9b66045fe
2021-09-02 02:24:17,888 [RatisPipelineUtilsThread - 0] INFO  pipeline.RatisPipelineProvider (RatisPipelineProvider.java:lambda$create$0(183)) - Sending CreatePipelineCommand for pipeline:PipelineID=2454dacd-6beb-41a7-8ffd-b85448540d00 to datanode:a378c862-060f-4c80-8a42-fa0762e0f8c9
2021-09-02 02:24:17,888 [RatisPipelineUtilsThread - 0] INFO  pipeline.PipelineStateManager (PipelineStateManagerV2Impl.java:addPipeline(101)) - Created pipeline Pipeline[ Id: 2454dacd-6beb-41a7-8ffd-b85448540d00, Nodes: 12400696-0678-464b-ad01-faef76468be0{ip: 10.1.0.11, host: fv-az195-103.u3nnjwd0vyge1bu22idnsdeq2e.cx.internal.cloudapp.net, ports: [REPLICATION=34965, RATIS=44187, RATIS_ADMIN=44187, RATIS_SERVER=44187, STANDALONE=33307], networkLocation: /default-rack, certSerialId: null, persistedOpState: IN_SERVICE, persistedOpStateExpiryEpochSec: 0}9fd2e81d-61d0-44de-872c-4ae9b66045fe{ip: 10.1.0.11, host: fv-az195-103.u3nnjwd0vyge1bu22idnsdeq2e.cx.internal.cloudapp.net, ports: [REPLICATION=43381, RATIS=34541, RATIS_ADMIN=34541, RATIS_SERVER=34541, STANDALONE=35945], networkLocation: /default-rack, certSerialId: null, persistedOpState: IN_SERVICE, persistedOpStateExpiryEpochSec: 0}a378c862-060f-4c80-8a42-fa0762e0f8c9{ip: 10.1.0.11, host: fv-az195-103.u3nnjwd0vyge1bu22idnsdeq2e.cx.internal.cloudapp.net, ports: [REPLICATION=35779, RATIS=42281, RATIS_ADMIN=42281, RATIS_SERVER=42281, STANDALONE=39649], networkLocation: /default-rack, certSerialId: null, persistedOpState: IN_SERVICE, persistedOpStateExpiryEpochSec: 0}, ReplicationConfig: RATIS/THREE, State:ALLOCATED, leaderId:, CreationTimestamp2021-09-02T02:24:17.888Z[Etc/UTC]].
2021-09-02 02:24:17,888 [RatisPipelineUtilsThread - 0] INFO  pipeline.PipelineManagerImpl (PipelineManagerImpl.java:recordMetricsForPipeline(613)) - Pipeline: PipelineID=2454dacd-6beb-41a7-8ffd-b85448540d00 contains same datanodes as previous pipelines: PipelineID=b210389a-7593-42c4-b1fe-6c0f8f3dff59 nodeIds: 12400696-0678-464b-ad01-faef76468be0, 9fd2e81d-61d0-44de-872c-4ae9b66045fe, a378c862-060f-4c80-8a42-fa0762e0f8c9
2021-09-02 02:24:17,984 [Listener at 127.0.0.1/45645] INFO  ozone.MiniOzoneClusterImpl (MiniOzoneClusterImpl.java:lambda$waitForClusterToBeReady$0(235)) - Waiting for nodes to be ready. Got 3 of 7 DN Heartbeats.
2021-09-02 02:24:17,984 [Listener at 127.0.0.1/45645] INFO  ozone.MiniOzoneClusterImpl (MiniOzoneClusterImpl.java:lambda$waitForClusterToBeReady$0(238)) - Waiting for cluster to exit safe mode
2021-09-02 02:24:17,984 [Listener at 127.0.0.1/45645] INFO  ozone.MiniOzoneClusterImpl (MiniOzoneClusterImpl.java:lambda$waitForClusterToBeReady$0(240)) - SCM became leader
2021-09-02 02:24:18,018 [EndpointStateMachine task thread for /0.0.0.0:41521 - 0 ] INFO  ozoneimpl.OzoneContainer (OzoneContainer.java:start(305)) - Attempting to start container services.
2021-09-02 02:24:18,018 [EndpointStateMachine task thread for /0.0.0.0:41521 - 0 ] INFO  ozoneimpl.OzoneContainer (OzoneContainer.java:startContainerScrub(250)) - Background container scanner has been disabled.
2021-09-02 02:24:18,021 [EndpointStateMachine task thread for /0.0.0.0:41521 - 0 ] INFO  replication.ReplicationServer (ReplicationServer.java:start(107)) - ReplicationServer is started using port 42663
2021-09-02 02:24:18,025 [EndpointStateMachine task thread for /0.0.0.0:41521 - 0 ] INFO  ratis.XceiverServerRatis (XceiverServerRatis.java:start(482)) - Starting XceiverServerRatis 3c795851-1066-4b85-8bc1-6af36b99c451
2021-09-02 02:24:18,030 [EndpointStateMachine task thread for /0.0.0.0:41521 - 0 ] INFO  server.RaftServer (RaftServerProxy.java:lambda$start$5(374)) - 3c795851-1066-4b85-8bc1-6af36b99c451: start RPC server
2021-09-02 02:24:18,081 [EndpointStateMachine task thread for /0.0.0.0:41521 - 0 ] INFO  server.GrpcService (GrpcService.java:startImpl(253)) - 3c795851-1066-4b85-8bc1-6af36b99c451: GrpcService started, listening on 42401
2021-09-02 02:24:18,096 [EndpointStateMachine task thread for /0.0.0.0:41521 - 0 ] INFO  ratis.XceiverServerRatis (XceiverServerRatis.java:getRealPort(503)) - XceiverServerRatis 3c795851-1066-4b85-8bc1-6af36b99c451 is started using port 42401 for RATIS
2021-09-02 02:24:18,096 [EndpointStateMachine task thread for /0.0.0.0:41521 - 0 ] INFO  ratis.XceiverServerRatis (XceiverServerRatis.java:getRealPort(503)) - XceiverServerRatis 3c795851-1066-4b85-8bc1-6af36b99c451 is started using port 42401 for RATIS_ADMIN
2021-09-02 02:24:18,096 [EndpointStateMachine task thread for /0.0.0.0:41521 - 0 ] INFO  ratis.XceiverServerRatis (XceiverServerRatis.java:getRealPort(503)) - XceiverServerRatis 3c795851-1066-4b85-8bc1-6af36b99c451 is started using port 42401 for RATIS_SERVER
2021-09-02 02:24:18,096 [org.apache.ratis.util.JvmPauseMonitor$$Lambda$531/908743333@6c4110fb] INFO  util.JvmPauseMonitor (JvmPauseMonitor.java:run(103)) - JvmPauseMonitor-3c795851-1066-4b85-8bc1-6af36b99c451: Started
2021-09-02 02:24:18,101 [EndpointStateMachine task thread for /0.0.0.0:41521 - 0 ] INFO  server.XceiverServerGrpc (XceiverServerGrpc.java:start(135)) - XceiverServerGrpc 3c795851-1066-4b85-8bc1-6af36b99c451 is started using port 45997
2021-09-02 02:24:18,846 [IPC Server handler 4 on default port 41521] INFO  net.NetworkTopologyImpl (NetworkTopologyImpl.java:add(112)) - Added a new node: /default-rack/af0a5c91-f714-4dc1-a2f1-efe0e47618a1
2021-09-02 02:24:18,846 [IPC Server handler 4 on default port 41521] INFO  node.SCMNodeManager (SCMNodeManager.java:register(390)) - Registered Data node : af0a5c91-f714-4dc1-a2f1-efe0e47618a1{ip: 10.1.0.11, host: fv-az195-103.u3nnjwd0vyge1bu22idnsdeq2e.cx.internal.cloudapp.net, ports: [REPLICATION=43217, RATIS=35001, RATIS_ADMIN=35001, RATIS_SERVER=35001, STANDALONE=35895], networkLocation: /default-rack, certSerialId: null, persistedOpState: null, persistedOpStateExpiryEpochSec: 0}
2021-09-02 02:24:18,850 [EventQueue-NewNodeForNewNodeHandler] INFO  pipeline.BackgroundPipelineCreator (BackgroundPipelineCreatorV2.java:notifyEventTriggered(285)) - trigger a one-shot run on RatisPipelineUtilsThread.
2021-09-02 02:24:18,850 [RatisPipelineUtilsThread - 0] INFO  pipeline.RatisPipelineProvider (RatisPipelineProvider.java:lambda$create$0(183)) - Sending CreatePipelineCommand for pipeline:PipelineID=5bf3b625-b2d2-4c5c-9ac8-aaafc895a574 to datanode:af0a5c91-f714-4dc1-a2f1-efe0e47618a1
2021-09-02 02:24:18,851 [RatisPipelineUtilsThread - 0] INFO  pipeline.PipelineStateManager (PipelineStateManagerV2Impl.java:addPipeline(101)) - Created pipeline Pipeline[ Id: 5bf3b625-b2d2-4c5c-9ac8-aaafc895a574, Nodes: af0a5c91-f714-4dc1-a2f1-efe0e47618a1{ip: 10.1.0.11, host: fv-az195-103.u3nnjwd0vyge1bu22idnsdeq2e.cx.internal.cloudapp.net, ports: [REPLICATION=43217, RATIS=35001, RATIS_ADMIN=35001, RATIS_SERVER=35001, STANDALONE=35895], networkLocation: /default-rack, certSerialId: null, persistedOpState: IN_SERVICE, persistedOpStateExpiryEpochSec: 0}, ReplicationConfig: RATIS/ONE, State:ALLOCATED, leaderId:, CreationTimestamp2021-09-02T02:24:18.850Z[Etc/UTC]].
2021-09-02 02:24:18,985 [Listener at 127.0.0.1/45645] INFO  ozone.MiniOzoneClusterImpl (MiniOzoneClusterImpl.java:lambda$waitForClusterToBeReady$0(235)) - Waiting for nodes to be ready. Got 4 of 7 DN Heartbeats.
2021-09-02 02:24:18,985 [Listener at 127.0.0.1/45645] INFO  ozone.MiniOzoneClusterImpl (MiniOzoneClusterImpl.java:lambda$waitForClusterToBeReady$0(238)) - Waiting for cluster to exit safe mode
2021-09-02 02:24:18,985 [Listener at 127.0.0.1/45645] INFO  ozone.MiniOzoneClusterImpl (MiniOzoneClusterImpl.java:lambda$waitForClusterToBeReady$0(240)) - SCM became leader
2021-09-02 02:24:19,191 [Command processor thread] INFO  server.RaftServer (RaftServerProxy.java:addNew(95)) - 12400696-0678-464b-ad01-faef76468be0: addNew group-CF13C82A0580:[12400696-0678-464b-ad01-faef76468be0|rpc:10.1.0.11:44187|priority:1] returns group-CF13C82A0580:java.util.concurrent.CompletableFuture@2e4c6c22[Not completed]
2021-09-02 02:24:19,192 [pool-1154-thread-1] INFO  server.RaftServer$Division (RaftServerImpl.java:<init>(181)) - 12400696-0678-464b-ad01-faef76468be0: new RaftServerImpl for group-CF13C82A0580:[12400696-0678-464b-ad01-faef76468be0|rpc:10.1.0.11:44187|priority:1] with ContainerStateMachine:uninitialized
2021-09-02 02:24:19,238 [pool-1154-thread-1] INFO  server.RaftServerConfigKeys (ConfUtils.java:logGet(44)) - raft.server.rpc.timeout.min = 5s (custom)
2021-09-02 02:24:19,238 [pool-1154-thread-1] INFO  server.RaftServerConfigKeys (ConfUtils.java:logGet(44)) - raft.server.rpc.timeout.max = 5200ms (custom)
2021-09-02 02:24:19,238 [pool-1154-thread-1] INFO  server.RaftServerConfigKeys (ConfUtils.java:logGet(44)) - raft.server.rpc.sleep.time = 25ms (default)
2021-09-02 02:24:19,238 [pool-1154-thread-1] INFO  server.RaftServerConfigKeys (ConfUtils.java:logGet(44)) - raft.server.rpc.slowness.timeout = 300000ms (custom)
2021-09-02 02:24:19,238 [pool-1154-thread-1] INFO  server.RaftServerConfigKeys (ConfUtils.java:logGet(44)) - raft.server.leaderelection.leader.step-down.wait-time = 10s (default)
2021-09-02 02:24:19,238 [pool-1154-thread-1] INFO  server.RaftServerConfigKeys (ConfUtils.java:logGet(44)) - raft.server.sleep.deviation.threshold = 300ms (default)
2021-09-02 02:24:19,238 [pool-1154-thread-1] INFO  server.RaftServerConfigKeys (ConfUtils.java:logGet(44)) - raft.server.log.appender.install.snapshot.enabled = false (custom)
2021-09-02 02:24:19,238 [pool-1154-thread-1] INFO  server.RaftServer$Division (ServerState.java:<init>(105)) - 12400696-0678-464b-ad01-faef76468be0@group-CF13C82A0580: ConfigurationManager, init=-1: [12400696-0678-464b-ad01-faef76468be0|rpc:10.1.0.11:44187|priority:1], old=null, confs=<EMPTY_MAP>
2021-09-02 02:24:19,238 [pool-1154-thread-1] INFO  server.RaftServerConfigKeys (ConfUtils.java:logGet(44)) - raft.server.storage.dir = [/home/runner/work/ozone/ozone/hadoop-ozone/integration-test/target/test-dir/MiniOzoneClusterImpl-29bc8a50-871c-4f9e-822f-1a9e32d9d7f8/datanode-0/data/ratis] (custom)
2021-09-02 02:24:19,238 [pool-1154-thread-1] INFO  server.RaftServerConfigKeys (ConfUtils.java:logGet(44)) - raft.server.log.corruption.policy = EXCEPTION (default)
2021-09-02 02:24:19,238 [pool-1154-thread-1] INFO  server.RaftServerConfigKeys (ConfUtils.java:logGet(44)) - raft.server.storage.free-space.min = 0MB (=0) (default)
2021-09-02 02:24:19,238 [pool-1154-thread-1] INFO  storage.RaftStorageDirectory (RaftStorageDirectoryImpl.java:analyzeStorage(135)) - The storage directory /home/runner/work/ozone/ozone/hadoop-ozone/integration-test/target/test-dir/MiniOzoneClusterImpl-29bc8a50-871c-4f9e-822f-1a9e32d9d7f8/datanode-0/data/ratis/f1db44cf-be4b-4349-b6b7-cf13c82a0580 does not exist. Creating ...
2021-09-02 02:24:19,240 [pool-1154-thread-1] INFO  storage.RaftStorageDirectory (RaftStorageDirectoryImpl.java:tryLock(230)) - Lock on /home/runner/work/ozone/ozone/hadoop-ozone/integration-test/target/test-dir/MiniOzoneClusterImpl-29bc8a50-871c-4f9e-822f-1a9e32d9d7f8/datanode-0/data/ratis/f1db44cf-be4b-4349-b6b7-cf13c82a0580/in_use.lock acquired by nodename 23478@fv-az195-103
2021-09-02 02:24:19,276 [pool-1154-thread-1] INFO  storage.RaftStorage (RaftStorageImpl.java:format(89)) - Storage directory /home/runner/work/ozone/ozone/hadoop-ozone/integration-test/target/test-dir/MiniOzoneClusterImpl-29bc8a50-871c-4f9e-822f-1a9e32d9d7f8/datanode-0/data/ratis/f1db44cf-be4b-4349-b6b7-cf13c82a0580 has been successfully formatted.
2021-09-02 02:24:19,278 [EndpointStateMachine task thread for /0.0.0.0:41521 - 0 ] INFO  ozoneimpl.OzoneContainer (OzoneContainer.java:start(305)) - Attempting to start container services.
2021-09-02 02:24:19,294 [EventQueue-PipelineReportForPipelineReportHandler] INFO  pipeline.PipelineManagerImpl (PipelineManagerImpl.java:openPipeline(282)) - Pipeline Pipeline[ Id: f1db44cf-be4b-4349-b6b7-cf13c82a0580, Nodes: 12400696-0678-464b-ad01-faef76468be0{ip: 10.1.0.11, host: fv-az195-103.u3nnjwd0vyge1bu22idnsdeq2e.cx.internal.cloudapp.net, ports: [REPLICATION=34965, RATIS=44187, RATIS_ADMIN=44187, RATIS_SERVER=44187, STANDALONE=33307], networkLocation: /default-rack, certSerialId: null, persistedOpState: IN_SERVICE, persistedOpStateExpiryEpochSec: 0}, ReplicationConfig: RATIS/ONE, State:ALLOCATED, leaderId:12400696-0678-464b-ad01-faef76468be0, CreationTimestamp2021-09-02T02:24:16.222Z[Etc/UTC]] moved to OPEN state
2021-09-02 02:24:19,293 [Datanode State Machine Thread - 0] WARN  statemachine.StateContext (StateContext.java:execute(621)) - No available thread in pool for past 1 seconds.
2021-09-02 02:24:19,283 [pool-1154-thread-1] INFO  ratis.ContainerStateMachine (ContainerStateMachine.java:loadSnapshot(224)) - group-CF13C82A0580: The snapshot info is null. Setting the last applied indexto:(t:0, i:~)
2021-09-02 02:24:19,419 [pool-1154-thread-1] INFO  server.RaftServerConfigKeys (ConfUtils.java:logGet(44)) - raft.server.notification.no-leader.timeout = 300000ms (custom)
2021-09-02 02:24:19,419 [pool-1154-thread-1] INFO  server.RaftServerConfigKeys (ConfUtils.java:logGet(44)) - raft.server.log.use.memory = false (default)
2021-09-02 02:24:19,419 [pool-1154-thread-1] INFO  server.RaftServerConfigKeys (ConfUtils.java:logGet(44)) - raft.server.log.purge.gap = 1000000 (custom)
2021-09-02 02:24:19,419 [pool-1154-thread-1] INFO  server.RaftServerConfigKeys (ConfUtils.java:logGet(44)) - raft.server.log.appender.buffer.byte-limit = 33554432 (custom)
2021-09-02 02:24:19,419 [pool-1154-thread-1] INFO  server.RaftServerConfigKeys (ConfUtils.java:logGet(44)) - raft.server.log.segment.size.max = 1048576 (custom)
2021-09-02 02:24:19,420 [pool-1154-thread-1] INFO  server.RaftServerConfigKeys (ConfUtils.java:logGet(44)) - raft.server.log.segment.cache.num.max = 2 (custom)
2021-09-02 02:24:19,421 [pool-1154-thread-1] INFO  server.RaftServerConfigKeys (ConfUtils.java:logGet(44)) - raft.server.log.segment.cache.size.max = 200MB (=209715200) (default)
2021-09-02 02:24:19,421 [pool-1154-thread-1] INFO  segmented.SegmentedRaftLogWorker (SegmentedRaftLogWorker.java:<init>(182)) - new 12400696-0678-464b-ad01-faef76468be0@group-CF13C82A0580-SegmentedRaftLogWorker for RaftStorageImpl:Storage Directory /home/runner/work/ozone/ozone/hadoop-ozone/integration-test/target/test-dir/MiniOzoneClusterImpl-29bc8a50-871c-4f9e-822f-1a9e32d9d7f8/datanode-0/data/ratis/f1db44cf-be4b-4349-b6b7-cf13c82a0580
2021-09-02 02:24:19,421 [pool-1154-thread-1] INFO  server.RaftServerConfigKeys (ConfUtils.java:logGet(44)) - raft.server.log.queue.byte-limit = 2147483647 (custom)
2021-09-02 02:24:19,421 [pool-1154-thread-1] INFO  server.RaftServerConfigKeys (ConfUtils.java:logGet(44)) - raft.server.log.queue.element-limit = 1024 (custom)
2021-09-02 02:24:19,421 [pool-1154-thread-1] INFO  server.RaftServerConfigKeys (ConfUtils.java:logGet(44)) - raft.server.log.segment.size.max = 1048576 (custom)
2021-09-02 02:24:19,421 [pool-1154-thread-1] INFO  server.RaftServerConfigKeys (ConfUtils.java:logGet(44)) - raft.server.log.preallocated.size = 16384 (custom)
2021-09-02 02:24:19,421 [pool-1154-thread-1] INFO  server.RaftServerConfigKeys (ConfUtils.java:logGet(44)) - raft.server.log.force.sync.num = 128 (default)
2021-09-02 02:24:19,421 [pool-1154-thread-1] INFO  server.RaftServerConfigKeys (ConfUtils.java:logGet(44)) - raft.server.log.statemachine.data.sync = true (default)
2021-09-02 02:24:19,421 [pool-1154-thread-1] INFO  server.RaftServerConfigKeys (ConfUtils.java:logGet(44)) - raft.server.log.statemachine.data.sync.timeout = 10s (default)
2021-09-02 02:24:19,421 [pool-1154-thread-1] INFO  server.RaftServerConfigKeys (ConfUtils.java:logGet(44)) - raft.server.log.statemachine.data.sync.timeout.retry = -1 (default)
2021-09-02 02:24:19,413 [IPC Server handler 12 on default port 41521] INFO  net.NetworkTopologyImpl (NetworkTopologyImpl.java:add(112)) - Added a new node: /default-rack/187906f6-3436-4d7b-ba29-fc09579eb1c8
2021-09-02 02:24:19,421 [IPC Server handler 12 on default port 41521] INFO  node.SCMNodeManager (SCMNodeManager.java:register(390)) - Registered Data node : 187906f6-3436-4d7b-ba29-fc09579eb1c8{ip: 10.1.0.11, host: fv-az195-103.u3nnjwd0vyge1bu22idnsdeq2e.cx.internal.cloudapp.net, ports: [REPLICATION=45931, RATIS=41159, RATIS_ADMIN=41159, RATIS_SERVER=41159, STANDALONE=44607], networkLocation: /default-rack, certSerialId: null, persistedOpState: null, persistedOpStateExpiryEpochSec: 0}
2021-09-02 02:24:19,422 [EventQueue-NewNodeForNewNodeHandler] INFO  pipeline.BackgroundPipelineCreator (BackgroundPipelineCreatorV2.java:notifyEventTriggered(285)) - trigger a one-shot run on RatisPipelineUtilsThread.
2021-09-02 02:24:19,370 [EventQueue-OpenPipelineForHealthyPipelineSafeModeRule] INFO  safemode.SCMSafeModeManager (HealthyPipelineSafeModeRule.java:process(124)) - SCM in safe mode. Healthy pipelines reported count is 0, required healthy pipeline reported count is 1
2021-09-02 02:24:19,422 [RatisPipelineUtilsThread - 0] INFO  pipeline.RatisPipelineProvider (RatisPipelineProvider.java:lambda$create$0(183)) - Sending CreatePipelineCommand for pipeline:PipelineID=b173e2a2-adb1-490c-9fdd-d6c00a4c7428 to datanode:187906f6-3436-4d7b-ba29-fc09579eb1c8
2021-09-02 02:24:19,422 [RatisPipelineUtilsThread - 0] INFO  pipeline.PipelineStateManager (PipelineStateManagerV2Impl.java:addPipeline(101)) - Created pipeline Pipeline[ Id: b173e2a2-adb1-490c-9fdd-d6c00a4c7428, Nodes: 187906f6-3436-4d7b-ba29-fc09579eb1c8{ip: 10.1.0.11, host: fv-az195-103.u3nnjwd0vyge1bu22idnsdeq2e.cx.internal.cloudapp.net, ports: [REPLICATION=45931, RATIS=41159, RATIS_ADMIN=41159, RATIS_SERVER=41159, STANDALONE=44607], networkLocation: /default-rack, certSerialId: null, persistedOpState: IN_SERVICE, persistedOpStateExpiryEpochSec: 0}, ReplicationConfig: RATIS/ONE, State:ALLOCATED, leaderId:, CreationTimestamp2021-09-02T02:24:19.422Z[Etc/UTC]].
2021-09-02 02:24:19,353 [EndpointStateMachine task thread for /0.0.0.0:41521 - 0 ] INFO  ozoneimpl.OzoneContainer (OzoneContainer.java:startContainerScrub(250)) - Background container scanner has been disabled.
2021-09-02 02:24:19,425 [pool-1154-thread-1] INFO  server.RaftServerConfigKeys (ConfUtils.java:logGet(44)) - raft.server.log.write.buffer.size = 1048576 (custom)
2021-09-02 02:24:19,426 [pool-1154-thread-1] INFO  server.RaftServerConfigKeys (ConfUtils.java:logGet(44)) - raft.server.log.statemachine.data.caching.enabled = true (custom)
2021-09-02 02:24:19,426 [pool-1154-thread-1] INFO  segmented.SegmentedRaftLogWorker (SegmentedRaftLogWorker.java:lambda$new$0(133)) - 12400696-0678-464b-ad01-faef76468be0@group-CF13C82A0580-SegmentedRaftLogWorker: flushIndex: setUnconditionally 0 -> -1
2021-09-02 02:24:19,427 [pool-1154-thread-1] INFO  segmented.SegmentedRaftLogWorker (SegmentedRaftLogWorker.java:lambda$new$0(133)) - 12400696-0678-464b-ad01-faef76468be0@group-CF13C82A0580-SegmentedRaftLogWorker: safeCacheEvictIndex: setUnconditionally 0 -> -1
2021-09-02 02:24:19,455 [pool-1154-thread-1] INFO  server.RaftServerConfigKeys (ConfUtils.java:logGet(44)) - raft.server.snapshot.auto.trigger.enabled = true (custom)
2021-09-02 02:24:19,455 [pool-1154-thread-1] INFO  server.RaftServerConfigKeys (ConfUtils.java:logGet(44)) - raft.server.snapshot.auto.trigger.threshold = 10000 (custom)
2021-09-02 02:24:19,455 [pool-1154-thread-1] INFO  server.RaftServerConfigKeys (ConfUtils.java:logGet(44)) - raft.server.snapshot.retention.file.num = 5 (custom)
2021-09-02 02:24:19,455 [pool-1154-thread-1] INFO  server.RaftServerConfigKeys (ConfUtils.java:logGet(44)) - raft.server.log.purge.upto.snapshot.index = false (default)
2021-09-02 02:24:19,455 [pool-1154-thread-1] INFO  server.RaftServerConfigKeys (ConfUtils.java:logGet(44)) - raft.server.retrycache.expirytime = 600000ms (custom)
2021-09-02 02:24:19,455 [pool-1154-thread-1] INFO  server.RaftServerConfigKeys (ConfUtils.java:logGet(44)) - raft.server.retrycache.statistics.expirytime = 100μs (default)
2021-09-02 02:24:19,481 [EndpointStateMachine task thread for /0.0.0.0:41521 - 0 ] INFO  replication.ReplicationServer (ReplicationServer.java:start(107)) - ReplicationServer is started using port 32933
2021-09-02 02:24:19,483 [EndpointStateMachine task thread for /0.0.0.0:41521 - 0 ] INFO  ratis.XceiverServerRatis (XceiverServerRatis.java:start(482)) - Starting XceiverServerRatis b6a9cdf2-c797-4205-b508-8495e2128e9f
2021-09-02 02:24:19,492 [pool-1154-thread-1] INFO  server.RaftServer$Division (RaftServerImpl.java:start(296)) - 12400696-0678-464b-ad01-faef76468be0@group-CF13C82A0580: start as a follower, conf=-1: [12400696-0678-464b-ad01-faef76468be0|rpc:10.1.0.11:44187|priority:1], old=null
2021-09-02 02:24:19,493 [pool-1154-thread-1] INFO  server.RaftServer$Division (RaftServerImpl.java:setRole(285)) - 12400696-0678-464b-ad01-faef76468be0@group-CF13C82A0580: changes role from      null to FOLLOWER at term 0 for startAsFollower
2021-09-02 02:24:19,514 [EndpointStateMachine task thread for /0.0.0.0:41521 - 0 ] INFO  server.RaftServer (RaftServerProxy.java:lambda$start$5(374)) - b6a9cdf2-c797-4205-b508-8495e2128e9f: start RPC server
2021-09-02 02:24:19,516 [pool-1154-thread-1] INFO  impl.RoleInfo (RoleInfo.java:updateAndGet(130)) - 12400696-0678-464b-ad01-faef76468be0: start 12400696-0678-464b-ad01-faef76468be0@group-CF13C82A0580-FollowerState
2021-09-02 02:24:19,558 [pool-1154-thread-1] INFO  util.JmxRegister (JmxRegister.java:tryRegister(44)) - Successfully registered JMX Bean with object name Ratis:service=RaftServer,group=group-CF13C82A0580,id=12400696-0678-464b-ad01-faef76468be0
2021-09-02 02:24:19,562 [EndpointStateMachine task thread for /0.0.0.0:41521 - 0 ] INFO  server.GrpcService (GrpcService.java:startImpl(253)) - b6a9cdf2-c797-4205-b508-8495e2128e9f: GrpcService started, listening on 40267
2021-09-02 02:24:19,569 [Command processor thread] INFO  ratis.XceiverServerRatis (XceiverServerRatis.java:addGroup(763)) - Created group PipelineID=f1db44cf-be4b-4349-b6b7-cf13c82a0580
2021-09-02 02:24:19,569 [Command processor thread] INFO  commandhandler.CreatePipelineCommandHandler (CreatePipelineCommandHandler.java:handle(106)) - Created Pipeline RATIS ONE PipelineID=f1db44cf-be4b-4349-b6b7-cf13c82a0580.
2021-09-02 02:24:19,570 [Command processor thread] INFO  server.RaftServer (RaftServerProxy.java:addNew(95)) - 12400696-0678-464b-ad01-faef76468be0: addNew group-6C0F8F3DFF59:[12400696-0678-464b-ad01-faef76468be0|rpc:10.1.0.11:44187|priority:0, a378c862-060f-4c80-8a42-fa0762e0f8c9|rpc:10.1.0.11:42281|priority:1, 9fd2e81d-61d0-44de-872c-4ae9b66045fe|rpc:10.1.0.11:34541|priority:0] returns group-6C0F8F3DFF59:java.util.concurrent.CompletableFuture@2a73ed33[Not completed]
2021-09-02 02:24:19,572 [EndpointStateMachine task thread for /0.0.0.0:41521 - 0 ] INFO  ratis.XceiverServerRatis (XceiverServerRatis.java:getRealPort(503)) - XceiverServerRatis b6a9cdf2-c797-4205-b508-8495e2128e9f is started using port 40267 for RATIS
2021-09-02 02:24:19,572 [EndpointStateMachine task thread for /0.0.0.0:41521 - 0 ] INFO  ratis.XceiverServerRatis (XceiverServerRatis.java:getRealPort(503)) - XceiverServerRatis b6a9cdf2-c797-4205-b508-8495e2128e9f is started using port 40267 for RATIS_ADMIN
2021-09-02 02:24:19,572 [EndpointStateMachine task thread for /0.0.0.0:41521 - 0 ] INFO  ratis.XceiverServerRatis (XceiverServerRatis.java:getRealPort(503)) - XceiverServerRatis b6a9cdf2-c797-4205-b508-8495e2128e9f is started using port 40267 for RATIS_SERVER
2021-09-02 02:24:19,577 [EndpointStateMachine task thread for /0.0.0.0:41521 - 0 ] INFO  server.XceiverServerGrpc (XceiverServerGrpc.java:start(135)) - XceiverServerGrpc b6a9cdf2-c797-4205-b508-8495e2128e9f is started using port 41401
2021-09-02 02:24:19,577 [org.apache.ratis.util.JvmPauseMonitor$$Lambda$531/908743333@6346dc5b] INFO  util.JvmPauseMonitor (JvmPauseMonitor.java:run(103)) - JvmPauseMonitor-b6a9cdf2-c797-4205-b508-8495e2128e9f: Started
2021-09-02 02:24:19,702 [pool-1154-thread-1] INFO  server.RaftServer$Division (RaftServerImpl.java:<init>(181)) - 12400696-0678-464b-ad01-faef76468be0: new RaftServerImpl for group-6C0F8F3DFF59:[12400696-0678-464b-ad01-faef76468be0|rpc:10.1.0.11:44187|priority:0, a378c862-060f-4c80-8a42-fa0762e0f8c9|rpc:10.1.0.11:42281|priority:1, 9fd2e81d-61d0-44de-872c-4ae9b66045fe|rpc:10.1.0.11:34541|priority:0] with ContainerStateMachine:uninitialized
2021-09-02 02:24:19,702 [pool-1154-thread-1] INFO  server.RaftServerConfigKeys (ConfUtils.java:logGet(44)) - raft.server.rpc.timeout.min = 5s (custom)
2021-09-02 02:24:19,702 [pool-1154-thread-1] INFO  server.RaftServerConfigKeys (ConfUtils.java:logGet(44)) - raft.server.rpc.timeout.max = 5200ms (custom)
2021-09-02 02:24:19,702 [pool-1154-thread-1] INFO  server.RaftServerConfigKeys (ConfUtils.java:logGet(44)) - raft.server.rpc.sleep.time = 25ms (default)
2021-09-02 02:24:19,702 [pool-1154-thread-1] INFO  server.RaftServerConfigKeys (ConfUtils.java:logGet(44)) - raft.server.rpc.slowness.timeout = 300000ms (custom)
2021-09-02 02:24:19,702 [pool-1154-thread-1] INFO  server.RaftServerConfigKeys (ConfUtils.java:logGet(44)) - raft.server.leaderelection.leader.step-down.wait-time = 10s (default)
2021-09-02 02:24:19,702 [pool-1154-thread-1] INFO  server.RaftServerConfigKeys (ConfUtils.java:logGet(44)) - raft.server.sleep.deviation.threshold = 300ms (default)
2021-09-02 02:24:19,702 [pool-1154-thread-1] INFO  server.RaftServerConfigKeys (ConfUtils.java:logGet(44)) - raft.server.log.appender.install.snapshot.enabled = false (custom)
2021-09-02 02:24:19,702 [pool-1154-thread-1] INFO  server.RaftServer$Division (ServerState.java:<init>(105)) - 12400696-0678-464b-ad01-faef76468be0@group-6C0F8F3DFF59: ConfigurationManager, init=-1: [12400696-0678-464b-ad01-faef76468be0|rpc:10.1.0.11:44187|priority:0, a378c862-060f-4c80-8a42-fa0762e0f8c9|rpc:10.1.0.11:42281|priority:1, 9fd2e81d-61d0-44de-872c-4ae9b66045fe|rpc:10.1.0.11:34541|priority:0], old=null, confs=<EMPTY_MAP>
2021-09-02 02:24:19,702 [pool-1154-thread-1] INFO  server.RaftServerConfigKeys (ConfUtils.java:logGet(44)) - raft.server.storage.dir = [/home/runner/work/ozone/ozone/hadoop-ozone/integration-test/target/test-dir/MiniOzoneClusterImpl-29bc8a50-871c-4f9e-822f-1a9e32d9d7f8/datanode-0/data/ratis] (custom)
2021-09-02 02:24:19,702 [pool-1154-thread-1] INFO  server.RaftServerConfigKeys (ConfUtils.java:logGet(44)) - raft.server.log.corruption.policy = EXCEPTION (default)
2021-09-02 02:24:19,702 [pool-1154-thread-1] INFO  server.RaftServerConfigKeys (ConfUtils.java:logGet(44)) - raft.server.storage.free-space.min = 0MB (=0) (default)
2021-09-02 02:24:19,703 [pool-1154-thread-1] INFO  storage.RaftStorageDirectory (RaftStorageDirectoryImpl.java:analyzeStorage(135)) - The storage directory /home/runner/work/ozone/ozone/hadoop-ozone/integration-test/target/test-dir/MiniOzoneClusterImpl-29bc8a50-871c-4f9e-822f-1a9e32d9d7f8/datanode-0/data/ratis/b210389a-7593-42c4-b1fe-6c0f8f3dff59 does not exist. Creating ...
2021-09-02 02:24:19,704 [pool-1154-thread-1] INFO  storage.RaftStorageDirectory (RaftStorageDirectoryImpl.java:tryLock(230)) - Lock on /home/runner/work/ozone/ozone/hadoop-ozone/integration-test/target/test-dir/MiniOzoneClusterImpl-29bc8a50-871c-4f9e-822f-1a9e32d9d7f8/datanode-0/data/ratis/b210389a-7593-42c4-b1fe-6c0f8f3dff59/in_use.lock acquired by nodename 23478@fv-az195-103
2021-09-02 02:24:19,706 [pool-1154-thread-1] INFO  storage.RaftStorage (RaftStorageImpl.java:format(89)) - Storage directory /home/runner/work/ozone/ozone/hadoop-ozone/integration-test/target/test-dir/MiniOzoneClusterImpl-29bc8a50-871c-4f9e-822f-1a9e32d9d7f8/datanode-0/data/ratis/b210389a-7593-42c4-b1fe-6c0f8f3dff59 has been successfully formatted.
2021-09-02 02:24:19,706 [pool-1154-thread-1] INFO  ratis.ContainerStateMachine (ContainerStateMachine.java:loadSnapshot(224)) - group-6C0F8F3DFF59: The snapshot info is null. Setting the last applied indexto:(t:0, i:~)
2021-09-02 02:24:19,706 [pool-1154-thread-1] INFO  server.RaftServerConfigKeys (ConfUtils.java:logGet(44)) - raft.server.notification.no-leader.timeout = 300000ms (custom)
2021-09-02 02:24:19,706 [pool-1154-thread-1] INFO  server.RaftServerConfigKeys (ConfUtils.java:logGet(44)) - raft.server.log.use.memory = false (default)
2021-09-02 02:24:19,706 [pool-1154-thread-1] INFO  server.RaftServerConfigKeys (ConfUtils.java:logGet(44)) - raft.server.log.purge.gap = 1000000 (custom)
2021-09-02 02:24:19,706 [pool-1154-thread-1] INFO  server.RaftServerConfigKeys (ConfUtils.java:logGet(44)) - raft.server.log.appender.buffer.byte-limit = 33554432 (custom)
2021-09-02 02:24:19,707 [pool-1154-thread-1] INFO  server.RaftServerConfigKeys (ConfUtils.java:logGet(44)) - raft.server.log.segment.size.max = 1048576 (custom)
2021-09-02 02:24:19,708 [pool-1154-thread-1] INFO  server.RaftServerConfigKeys (ConfUtils.java:logGet(44)) - raft.server.log.segment.cache.num.max = 2 (custom)
2021-09-02 02:24:19,708 [pool-1154-thread-1] INFO  server.RaftServerConfigKeys (ConfUtils.java:logGet(44)) - raft.server.log.segment.cache.size.max = 200MB (=209715200) (default)
2021-09-02 02:24:19,708 [pool-1154-thread-1] INFO  segmented.SegmentedRaftLogWorker (SegmentedRaftLogWorker.java:<init>(182)) - new 12400696-0678-464b-ad01-faef76468be0@group-6C0F8F3DFF59-SegmentedRaftLogWorker for RaftStorageImpl:Storage Directory /home/runner/work/ozone/ozone/hadoop-ozone/integration-test/target/test-dir/MiniOzoneClusterImpl-29bc8a50-871c-4f9e-822f-1a9e32d9d7f8/datanode-0/data/ratis/b210389a-7593-42c4-b1fe-6c0f8f3dff59
2021-09-02 02:24:19,708 [pool-1154-thread-1] INFO  server.RaftServerConfigKeys (ConfUtils.java:logGet(44)) - raft.server.log.queue.byte-limit = 2147483647 (custom)
2021-09-02 02:24:19,708 [pool-1154-thread-1] INFO  server.RaftServerConfigKeys (ConfUtils.java:logGet(44)) - raft.server.log.queue.element-limit = 1024 (custom)
2021-09-02 02:24:19,708 [pool-1154-thread-1] INFO  server.RaftServerConfigKeys (ConfUtils.java:logGet(44)) - raft.server.log.segment.size.max = 1048576 (custom)
2021-09-02 02:24:19,708 [pool-1154-thread-1] INFO  server.RaftServerConfigKeys (ConfUtils.java:logGet(44)) - raft.server.log.preallocated.size = 16384 (custom)
2021-09-02 02:24:19,708 [pool-1154-thread-1] INFO  server.RaftServerConfigKeys (ConfUtils.java:logGet(44)) - raft.server.log.force.sync.num = 128 (default)
2021-09-02 02:24:19,708 [pool-1154-thread-1] INFO  server.RaftServerConfigKeys (ConfUtils.java:logGet(44)) - raft.server.log.statemachine.data.sync = true (default)
2021-09-02 02:24:19,709 [pool-1154-thread-1] INFO  server.RaftServerConfigKeys (ConfUtils.java:logGet(44)) - raft.server.log.statemachine.data.sync.timeout = 10s (default)
2021-09-02 02:24:19,709 [pool-1154-thread-1] INFO  server.RaftServerConfigKeys (ConfUtils.java:logGet(44)) - raft.server.log.statemachine.data.sync.timeout.retry = -1 (default)
2021-09-02 02:24:19,786 [pool-1154-thread-1] INFO  server.RaftServerConfigKeys (ConfUtils.java:logGet(44)) - raft.server.log.write.buffer.size = 1048576 (custom)
2021-09-02 02:24:19,786 [pool-1154-thread-1] INFO  server.RaftServerConfigKeys (ConfUtils.java:logGet(44)) - raft.server.log.statemachine.data.caching.enabled = true (custom)
2021-09-02 02:24:19,786 [pool-1154-thread-1] INFO  segmented.SegmentedRaftLogWorker (SegmentedRaftLogWorker.java:lambda$new$0(133)) - 12400696-0678-464b-ad01-faef76468be0@group-6C0F8F3DFF59-SegmentedRaftLogWorker: flushIndex: setUnconditionally 0 -> -1
2021-09-02 02:24:19,786 [pool-1154-thread-1] INFO  segmented.SegmentedRaftLogWorker (SegmentedRaftLogWorker.java:lambda$new$0(133)) - 12400696-0678-464b-ad01-faef76468be0@group-6C0F8F3DFF59-SegmentedRaftLogWorker: safeCacheEvictIndex: setUnconditionally 0 -> -1
2021-09-02 02:24:19,787 [pool-1154-thread-1] INFO  server.RaftServerConfigKeys (ConfUtils.java:logGet(44)) - raft.server.snapshot.auto.trigger.enabled = true (custom)
2021-09-02 02:24:19,787 [pool-1154-thread-1] INFO  server.RaftServerConfigKeys (ConfUtils.java:logGet(44)) - raft.server.snapshot.auto.trigger.threshold = 10000 (custom)
2021-09-02 02:24:19,787 [pool-1154-thread-1] INFO  server.RaftServerConfigKeys (ConfUtils.java:logGet(44)) - raft.server.snapshot.retention.file.num = 5 (custom)
2021-09-02 02:24:19,787 [pool-1154-thread-1] INFO  server.RaftServerConfigKeys (ConfUtils.java:logGet(44)) - raft.server.log.purge.upto.snapshot.index = false (default)
2021-09-02 02:24:19,787 [pool-1154-thread-1] INFO  server.RaftServerConfigKeys (ConfUtils.java:logGet(44)) - raft.server.retrycache.expirytime = 600000ms (custom)
2021-09-02 02:24:19,787 [pool-1154-thread-1] INFO  server.RaftServerConfigKeys (ConfUtils.java:logGet(44)) - raft.server.retrycache.statistics.expirytime = 100μs (default)
2021-09-02 02:24:19,790 [pool-1154-thread-1] INFO  server.RaftServer$Division (RaftServerImpl.java:start(296)) - 12400696-0678-464b-ad01-faef76468be0@group-6C0F8F3DFF59: start as a follower, conf=-1: [12400696-0678-464b-ad01-faef76468be0|rpc:10.1.0.11:44187|priority:0, a378c862-060f-4c80-8a42-fa0762e0f8c9|rpc:10.1.0.11:42281|priority:1, 9fd2e81d-61d0-44de-872c-4ae9b66045fe|rpc:10.1.0.11:34541|priority:0], old=null
2021-09-02 02:24:19,790 [pool-1154-thread-1] INFO  server.RaftServer$Division (RaftServerImpl.java:setRole(285)) - 12400696-0678-464b-ad01-faef76468be0@group-6C0F8F3DFF59: changes role from      null to FOLLOWER at term 0 for startAsFollower
2021-09-02 02:24:19,790 [pool-1154-thread-1] INFO  impl.RoleInfo (RoleInfo.java:updateAndGet(130)) - 12400696-0678-464b-ad01-faef76468be0: start 12400696-0678-464b-ad01-faef76468be0@group-6C0F8F3DFF59-FollowerState
2021-09-02 02:24:19,790 [pool-1154-thread-1] INFO  util.JmxRegister (JmxRegister.java:tryRegister(44)) - Successfully registered JMX Bean with object name Ratis:service=RaftServer,group=group-6C0F8F3DFF59,id=12400696-0678-464b-ad01-faef76468be0
2021-09-02 02:24:19,803 [Datanode State Machine Thread - 0] WARN  statemachine.StateContext (StateContext.java:execute(621)) - No available thread in pool for past 1 seconds.
2021-09-02 02:24:19,821 [Command processor thread] INFO  ratis.XceiverServerRatis (XceiverServerRatis.java:addGroup(763)) - Created group PipelineID=b210389a-7593-42c4-b1fe-6c0f8f3dff59
2021-09-02 02:24:19,834 [EventQueue-OpenPipelineForHealthyPipelineSafeModeRule] INFO  safemode.SCMSafeModeManager (HealthyPipelineSafeModeRule.java:process(124)) - SCM in safe mode. Healthy pipelines reported count is 0, required healthy pipeline reported count is 1
2021-09-02 02:24:19,846 [grpc-default-executor-2] INFO  server.RaftServer (RaftServerProxy.java:addNew(95)) - a378c862-060f-4c80-8a42-fa0762e0f8c9: addNew group-6C0F8F3DFF59:[12400696-0678-464b-ad01-faef76468be0|rpc:10.1.0.11:44187|dataStream:|priority:0, a378c862-060f-4c80-8a42-fa0762e0f8c9|rpc:10.1.0.11:42281|dataStream:|priority:1, 9fd2e81d-61d0-44de-872c-4ae9b66045fe|rpc:10.1.0.11:34541|dataStream:|priority:0] returns group-6C0F8F3DFF59:java.util.concurrent.CompletableFuture@27b6934d[Not completed]
2021-09-02 02:24:19,913 [pool-1173-thread-1] INFO  server.RaftServer$Division (RaftServerImpl.java:<init>(181)) - a378c862-060f-4c80-8a42-fa0762e0f8c9: new RaftServerImpl for group-6C0F8F3DFF59:[12400696-0678-464b-ad01-faef76468be0|rpc:10.1.0.11:44187|dataStream:|priority:0, a378c862-060f-4c80-8a42-fa0762e0f8c9|rpc:10.1.0.11:42281|dataStream:|priority:1, 9fd2e81d-61d0-44de-872c-4ae9b66045fe|rpc:10.1.0.11:34541|dataStream:|priority:0] with ContainerStateMachine:uninitialized
2021-09-02 02:24:19,930 [pool-1173-thread-1] INFO  server.RaftServerConfigKeys (ConfUtils.java:logGet(44)) - raft.server.rpc.timeout.min = 5s (custom)
2021-09-02 02:24:19,930 [pool-1173-thread-1] INFO  server.RaftServerConfigKeys (ConfUtils.java:logGet(44)) - raft.server.rpc.timeout.max = 5200ms (custom)
2021-09-02 02:24:19,930 [pool-1173-thread-1] INFO  server.RaftServerConfigKeys (ConfUtils.java:logGet(44)) - raft.server.rpc.sleep.time = 25ms (default)
2021-09-02 02:24:19,930 [pool-1173-thread-1] INFO  server.RaftServerConfigKeys (ConfUtils.java:logGet(44)) - raft.server.rpc.slowness.timeout = 300000ms (custom)
2021-09-02 02:24:19,930 [pool-1173-thread-1] INFO  server.RaftServerConfigKeys (ConfUtils.java:logGet(44)) - raft.server.leaderelection.leader.step-down.wait-time = 10s (default)
2021-09-02 02:24:19,930 [pool-1173-thread-1] INFO  server.RaftServerConfigKeys (ConfUtils.java:logGet(44)) - raft.server.sleep.deviation.threshold = 300ms (default)
2021-09-02 02:24:19,930 [pool-1173-thread-1] INFO  server.RaftServerConfigKeys (ConfUtils.java:logGet(44)) - raft.server.log.appender.install.snapshot.enabled = false (custom)
2021-09-02 02:24:19,930 [pool-1173-thread-1] INFO  server.RaftServer$Division (ServerState.java:<init>(105)) - a378c862-060f-4c80-8a42-fa0762e0f8c9@group-6C0F8F3DFF59: ConfigurationManager, init=-1: [12400696-0678-464b-ad01-faef76468be0|rpc:10.1.0.11:44187|dataStream:|priority:0, a378c862-060f-4c80-8a42-fa0762e0f8c9|rpc:10.1.0.11:42281|dataStream:|priority:1, 9fd2e81d-61d0-44de-872c-4ae9b66045fe|rpc:10.1.0.11:34541|dataStream:|priority:0], old=null, confs=<EMPTY_MAP>
2021-09-02 02:24:19,930 [pool-1173-thread-1] INFO  server.RaftServerConfigKeys (ConfUtils.java:logGet(44)) - raft.server.storage.dir = [/home/runner/work/ozone/ozone/hadoop-ozone/integration-test/target/test-dir/MiniOzoneClusterImpl-29bc8a50-871c-4f9e-822f-1a9e32d9d7f8/datanode-1/data/ratis] (custom)
2021-09-02 02:24:19,930 [pool-1173-thread-1] INFO  server.RaftServerConfigKeys (ConfUtils.java:logGet(44)) - raft.server.log.corruption.policy = EXCEPTION (default)
2021-09-02 02:24:19,930 [pool-1173-thread-1] INFO  server.RaftServerConfigKeys (ConfUtils.java:logGet(44)) - raft.server.storage.free-space.min = 0MB (=0) (default)
2021-09-02 02:24:19,931 [pool-1173-thread-1] INFO  storage.RaftStorageDirectory (RaftStorageDirectoryImpl.java:analyzeStorage(135)) - The storage directory /home/runner/work/ozone/ozone/hadoop-ozone/integration-test/target/test-dir/MiniOzoneClusterImpl-29bc8a50-871c-4f9e-822f-1a9e32d9d7f8/datanode-1/data/ratis/b210389a-7593-42c4-b1fe-6c0f8f3dff59 does not exist. Creating ...
2021-09-02 02:24:19,944 [pool-1173-thread-1] INFO  storage.RaftStorageDirectory (RaftStorageDirectoryImpl.java:tryLock(230)) - Lock on /home/runner/work/ozone/ozone/hadoop-ozone/integration-test/target/test-dir/MiniOzoneClusterImpl-29bc8a50-871c-4f9e-822f-1a9e32d9d7f8/datanode-1/data/ratis/b210389a-7593-42c4-b1fe-6c0f8f3dff59/in_use.lock acquired by nodename 23478@fv-az195-103
2021-09-02 02:24:19,946 [pool-1173-thread-1] INFO  storage.RaftStorage (RaftStorageImpl.java:format(89)) - Storage directory /home/runner/work/ozone/ozone/hadoop-ozone/integration-test/target/test-dir/MiniOzoneClusterImpl-29bc8a50-871c-4f9e-822f-1a9e32d9d7f8/datanode-1/data/ratis/b210389a-7593-42c4-b1fe-6c0f8f3dff59 has been successfully formatted.
2021-09-02 02:24:19,950 [pool-1173-thread-1] INFO  ratis.ContainerStateMachine (ContainerStateMachine.java:loadSnapshot(224)) - group-6C0F8F3DFF59: The snapshot info is null. Setting the last applied indexto:(t:0, i:~)
2021-09-02 02:24:19,950 [pool-1173-thread-1] INFO  server.RaftServerConfigKeys (ConfUtils.java:logGet(44)) - raft.server.notification.no-leader.timeout = 300000ms (custom)
2021-09-02 02:24:19,951 [pool-1173-thread-1] INFO  server.RaftServerConfigKeys (ConfUtils.java:logGet(44)) - raft.server.log.use.memory = false (default)
2021-09-02 02:24:19,951 [pool-1173-thread-1] INFO  server.RaftServerConfigKeys (ConfUtils.java:logGet(44)) - raft.server.log.purge.gap = 1000000 (custom)
2021-09-02 02:24:19,951 [pool-1173-thread-1] INFO  server.RaftServerConfigKeys (ConfUtils.java:logGet(44)) - raft.server.log.appender.buffer.byte-limit = 33554432 (custom)
2021-09-02 02:24:19,951 [pool-1173-thread-1] INFO  server.RaftServerConfigKeys (ConfUtils.java:logGet(44)) - raft.server.log.segment.size.max = 1048576 (custom)
2021-09-02 02:24:19,952 [pool-1173-thread-1] INFO  server.RaftServerConfigKeys (ConfUtils.java:logGet(44)) - raft.server.log.segment.cache.num.max = 2 (custom)
2021-09-02 02:24:19,952 [pool-1173-thread-1] INFO  server.RaftServerConfigKeys (ConfUtils.java:logGet(44)) - raft.server.log.segment.cache.size.max = 200MB (=209715200) (default)
2021-09-02 02:24:19,952 [pool-1173-thread-1] INFO  segmented.SegmentedRaftLogWorker (SegmentedRaftLogWorker.java:<init>(182)) - new a378c862-060f-4c80-8a42-fa0762e0f8c9@group-6C0F8F3DFF59-SegmentedRaftLogWorker for RaftStorageImpl:Storage Directory /home/runner/work/ozone/ozone/hadoop-ozone/integration-test/target/test-dir/MiniOzoneClusterImpl-29bc8a50-871c-4f9e-822f-1a9e32d9d7f8/datanode-1/data/ratis/b210389a-7593-42c4-b1fe-6c0f8f3dff59
2021-09-02 02:24:19,952 [pool-1173-thread-1] INFO  server.RaftServerConfigKeys (ConfUtils.java:logGet(44)) - raft.server.log.queue.byte-limit = 2147483647 (custom)
2021-09-02 02:24:19,952 [pool-1173-thread-1] INFO  server.RaftServerConfigKeys (ConfUtils.java:logGet(44)) - raft.server.log.queue.element-limit = 1024 (custom)
2021-09-02 02:24:19,952 [pool-1173-thread-1] INFO  server.RaftServerConfigKeys (ConfUtils.java:logGet(44)) - raft.server.log.segment.size.max = 1048576 (custom)
2021-09-02 02:24:19,952 [pool-1173-thread-1] INFO  server.RaftServerConfigKeys (ConfUtils.java:logGet(44)) - raft.server.log.preallocated.size = 16384 (custom)
2021-09-02 02:24:19,952 [pool-1173-thread-1] INFO  server.RaftServerConfigKeys (ConfUtils.java:logGet(44)) - raft.server.log.force.sync.num = 128 (default)
2021-09-02 02:24:19,952 [pool-1173-thread-1] INFO  server.RaftServerConfigKeys (ConfUtils.java:logGet(44)) - raft.server.log.statemachine.data.sync = true (default)
2021-09-02 02:24:19,952 [pool-1173-thread-1] INFO  server.RaftServerConfigKeys (ConfUtils.java:logGet(44)) - raft.server.log.statemachine.data.sync.timeout = 10s (default)
2021-09-02 02:24:19,952 [pool-1173-thread-1] INFO  server.RaftServerConfigKeys (ConfUtils.java:logGet(44)) - raft.server.log.statemachine.data.sync.timeout.retry = -1 (default)
2021-09-02 02:24:19,954 [pool-1173-thread-1] INFO  server.RaftServerConfigKeys (ConfUtils.java:logGet(44)) - raft.server.log.write.buffer.size = 1048576 (custom)
2021-09-02 02:24:19,954 [pool-1173-thread-1] INFO  server.RaftServerConfigKeys (ConfUtils.java:logGet(44)) - raft.server.log.statemachine.data.caching.enabled = true (custom)
2021-09-02 02:24:19,954 [pool-1173-thread-1] INFO  segmented.SegmentedRaftLogWorker (SegmentedRaftLogWorker.java:lambda$new$0(133)) - a378c862-060f-4c80-8a42-fa0762e0f8c9@group-6C0F8F3DFF59-SegmentedRaftLogWorker: flushIndex: setUnconditionally 0 -> -1
2021-09-02 02:24:19,954 [pool-1173-thread-1] INFO  segmented.SegmentedRaftLogWorker (SegmentedRaftLogWorker.java:lambda$new$0(133)) - a378c862-060f-4c80-8a42-fa0762e0f8c9@group-6C0F8F3DFF59-SegmentedRaftLogWorker: safeCacheEvictIndex: setUnconditionally 0 -> -1
2021-09-02 02:24:19,961 [pool-1173-thread-1] INFO  server.RaftServerConfigKeys (ConfUtils.java:logGet(44)) - raft.server.snapshot.auto.trigger.enabled = true (custom)
2021-09-02 02:24:19,962 [pool-1173-thread-1] INFO  server.RaftServerConfigKeys (ConfUtils.java:logGet(44)) - raft.server.snapshot.auto.trigger.threshold = 10000 (custom)
2021-09-02 02:24:19,962 [pool-1173-thread-1] INFO  server.RaftServerConfigKeys (ConfUtils.java:logGet(44)) - raft.server.snapshot.retention.file.num = 5 (custom)
2021-09-02 02:24:19,962 [pool-1173-thread-1] INFO  server.RaftServerConfigKeys (ConfUtils.java:logGet(44)) - raft.server.log.purge.upto.snapshot.index = false (default)
2021-09-02 02:24:19,962 [pool-1173-thread-1] INFO  server.RaftServerConfigKeys (ConfUtils.java:logGet(44)) - raft.server.retrycache.expirytime = 600000ms (custom)
2021-09-02 02:24:19,962 [pool-1173-thread-1] INFO  server.RaftServerConfigKeys (ConfUtils.java:logGet(44)) - raft.server.retrycache.statistics.expirytime = 100μs (default)
2021-09-02 02:24:19,964 [pool-1173-thread-1] INFO  server.RaftServer$Division (RaftServerImpl.java:start(296)) - a378c862-060f-4c80-8a42-fa0762e0f8c9@group-6C0F8F3DFF59: start as a follower, conf=-1: [12400696-0678-464b-ad01-faef76468be0|rpc:10.1.0.11:44187|dataStream:|priority:0, a378c862-060f-4c80-8a42-fa0762e0f8c9|rpc:10.1.0.11:42281|dataStream:|priority:1, 9fd2e81d-61d0-44de-872c-4ae9b66045fe|rpc:10.1.0.11:34541|dataStream:|priority:0], old=null
2021-09-02 02:24:19,974 [pool-1173-thread-1] INFO  server.RaftServer$Division (RaftServerImpl.java:setRole(285)) - a378c862-060f-4c80-8a42-fa0762e0f8c9@group-6C0F8F3DFF59: changes role from      null to FOLLOWER at term 0 for startAsFollower
2021-09-02 02:24:19,974 [pool-1173-thread-1] INFO  impl.RoleInfo (RoleInfo.java:updateAndGet(130)) - a378c862-060f-4c80-8a42-fa0762e0f8c9: start a378c862-060f-4c80-8a42-fa0762e0f8c9@group-6C0F8F3DFF59-FollowerState
2021-09-02 02:24:19,975 [pool-1173-thread-1] INFO  util.JmxRegister (JmxRegister.java:tryRegister(44)) - Successfully registered JMX Bean with object name Ratis:service=RaftServer,group=group-6C0F8F3DFF59,id=a378c862-060f-4c80-8a42-fa0762e0f8c9
2021-09-02 02:24:20,005 [grpc-default-executor-2] INFO  server.RaftServer (RaftServerProxy.java:addNew(95)) - 9fd2e81d-61d0-44de-872c-4ae9b66045fe: addNew group-6C0F8F3DFF59:[12400696-0678-464b-ad01-faef76468be0|rpc:10.1.0.11:44187|dataStream:|priority:0, a378c862-060f-4c80-8a42-fa0762e0f8c9|rpc:10.1.0.11:42281|dataStream:|priority:1, 9fd2e81d-61d0-44de-872c-4ae9b66045fe|rpc:10.1.0.11:34541|dataStream:|priority:0] returns group-6C0F8F3DFF59:java.util.concurrent.CompletableFuture@7ba300b8[Not completed]
2021-09-02 02:24:20,023 [Listener at 127.0.0.1/45645] INFO  ozone.MiniOzoneClusterImpl (MiniOzoneClusterImpl.java:lambda$waitForClusterToBeReady$0(235)) - Waiting for nodes to be ready. Got 5 of 7 DN Heartbeats.
2021-09-02 02:24:20,023 [Listener at 127.0.0.1/45645] INFO  ozone.MiniOzoneClusterImpl (MiniOzoneClusterImpl.java:lambda$waitForClusterToBeReady$0(238)) - Waiting for cluster to exit safe mode
2021-09-02 02:24:20,023 [Listener at 127.0.0.1/45645] INFO  ozone.MiniOzoneClusterImpl (MiniOzoneClusterImpl.java:lambda$waitForClusterToBeReady$0(240)) - SCM became leader
2021-09-02 02:24:20,023 [pool-1192-thread-1] INFO  server.RaftServer$Division (RaftServerImpl.java:<init>(181)) - 9fd2e81d-61d0-44de-872c-4ae9b66045fe: new RaftServerImpl for group-6C0F8F3DFF59:[12400696-0678-464b-ad01-faef76468be0|rpc:10.1.0.11:44187|dataStream:|priority:0, a378c862-060f-4c80-8a42-fa0762e0f8c9|rpc:10.1.0.11:42281|dataStream:|priority:1, 9fd2e81d-61d0-44de-872c-4ae9b66045fe|rpc:10.1.0.11:34541|dataStream:|priority:0] with ContainerStateMachine:uninitialized
2021-09-02 02:24:20,023 [pool-1192-thread-1] INFO  server.RaftServerConfigKeys (ConfUtils.java:logGet(44)) - raft.server.rpc.timeout.min = 5s (custom)
2021-09-02 02:24:20,023 [pool-1192-thread-1] INFO  server.RaftServerConfigKeys (ConfUtils.java:logGet(44)) - raft.server.rpc.timeout.max = 5200ms (custom)
2021-09-02 02:24:20,023 [pool-1192-thread-1] INFO  server.RaftServerConfigKeys (ConfUtils.java:logGet(44)) - raft.server.rpc.sleep.time = 25ms (default)
2021-09-02 02:24:20,023 [pool-1192-thread-1] INFO  server.RaftServerConfigKeys (ConfUtils.java:logGet(44)) - raft.server.rpc.slowness.timeout = 300000ms (custom)
2021-09-02 02:24:20,023 [pool-1192-thread-1] INFO  server.RaftServerConfigKeys (ConfUtils.java:logGet(44)) - raft.server.leaderelection.leader.step-down.wait-time = 10s (default)
2021-09-02 02:24:20,023 [pool-1192-thread-1] INFO  server.RaftServerConfigKeys (ConfUtils.java:logGet(44)) - raft.server.sleep.deviation.threshold = 300ms (default)
2021-09-02 02:24:20,023 [pool-1192-thread-1] INFO  server.RaftServerConfigKeys (ConfUtils.java:logGet(44)) - raft.server.log.appender.install.snapshot.enabled = false (custom)
2021-09-02 02:24:20,024 [pool-1192-thread-1] INFO  server.RaftServer$Division (ServerState.java:<init>(105)) - 9fd2e81d-61d0-44de-872c-4ae9b66045fe@group-6C0F8F3DFF59: ConfigurationManager, init=-1: [12400696-0678-464b-ad01-faef76468be0|rpc:10.1.0.11:44187|dataStream:|priority:0, a378c862-060f-4c80-8a42-fa0762e0f8c9|rpc:10.1.0.11:42281|dataStream:|priority:1, 9fd2e81d-61d0-44de-872c-4ae9b66045fe|rpc:10.1.0.11:34541|dataStream:|priority:0], old=null, confs=<EMPTY_MAP>
2021-09-02 02:24:20,024 [pool-1192-thread-1] INFO  server.RaftServerConfigKeys (ConfUtils.java:logGet(44)) - raft.server.storage.dir = [/home/runner/work/ozone/ozone/hadoop-ozone/integration-test/target/test-dir/MiniOzoneClusterImpl-29bc8a50-871c-4f9e-822f-1a9e32d9d7f8/datanode-2/data/ratis] (custom)
2021-09-02 02:24:20,024 [pool-1192-thread-1] INFO  server.RaftServerConfigKeys (ConfUtils.java:logGet(44)) - raft.server.log.corruption.policy = EXCEPTION (default)
2021-09-02 02:24:20,024 [pool-1192-thread-1] INFO  server.RaftServerConfigKeys (ConfUtils.java:logGet(44)) - raft.server.storage.free-space.min = 0MB (=0) (default)
2021-09-02 02:24:20,024 [pool-1192-thread-1] INFO  storage.RaftStorageDirectory (RaftStorageDirectoryImpl.java:analyzeStorage(135)) - The storage directory /home/runner/work/ozone/ozone/hadoop-ozone/integration-test/target/test-dir/MiniOzoneClusterImpl-29bc8a50-871c-4f9e-822f-1a9e32d9d7f8/datanode-2/data/ratis/b210389a-7593-42c4-b1fe-6c0f8f3dff59 does not exist. Creating ...
2021-09-02 02:24:20,025 [pool-1192-thread-1] INFO  storage.RaftStorageDirectory (RaftStorageDirectoryImpl.java:tryLock(230)) - Lock on /home/runner/work/ozone/ozone/hadoop-ozone/integration-test/target/test-dir/MiniOzoneClusterImpl-29bc8a50-871c-4f9e-822f-1a9e32d9d7f8/datanode-2/data/ratis/b210389a-7593-42c4-b1fe-6c0f8f3dff59/in_use.lock acquired by nodename 23478@fv-az195-103
2021-09-02 02:24:20,043 [pool-1192-thread-1] INFO  storage.RaftStorage (RaftStorageImpl.java:format(89)) - Storage directory /home/runner/work/ozone/ozone/hadoop-ozone/integration-test/target/test-dir/MiniOzoneClusterImpl-29bc8a50-871c-4f9e-822f-1a9e32d9d7f8/datanode-2/data/ratis/b210389a-7593-42c4-b1fe-6c0f8f3dff59 has been successfully formatted.
2021-09-02 02:24:20,051 [pool-1192-thread-1] INFO  ratis.ContainerStateMachine (ContainerStateMachine.java:loadSnapshot(224)) - group-6C0F8F3DFF59: The snapshot info is null. Setting the last applied indexto:(t:0, i:~)
2021-09-02 02:24:20,051 [pool-1192-thread-1] INFO  server.RaftServerConfigKeys (ConfUtils.java:logGet(44)) - raft.server.notification.no-leader.timeout = 300000ms (custom)
2021-09-02 02:24:20,051 [pool-1192-thread-1] INFO  server.RaftServerConfigKeys (ConfUtils.java:logGet(44)) - raft.server.log.use.memory = false (default)
2021-09-02 02:24:20,051 [pool-1192-thread-1] INFO  server.RaftServerConfigKeys (ConfUtils.java:logGet(44)) - raft.server.log.purge.gap = 1000000 (custom)
2021-09-02 02:24:20,051 [pool-1192-thread-1] INFO  server.RaftServerConfigKeys (ConfUtils.java:logGet(44)) - raft.server.log.appender.buffer.byte-limit = 33554432 (custom)
2021-09-02 02:24:20,051 [pool-1192-thread-1] INFO  server.RaftServerConfigKeys (ConfUtils.java:logGet(44)) - raft.server.log.segment.size.max = 1048576 (custom)
2021-09-02 02:24:20,052 [pool-1192-thread-1] INFO  server.RaftServerConfigKeys (ConfUtils.java:logGet(44)) - raft.server.log.segment.cache.num.max = 2 (custom)
2021-09-02 02:24:20,052 [pool-1192-thread-1] INFO  server.RaftServerConfigKeys (ConfUtils.java:logGet(44)) - raft.server.log.segment.cache.size.max = 200MB (=209715200) (default)
2021-09-02 02:24:20,052 [pool-1192-thread-1] INFO  segmented.SegmentedRaftLogWorker (SegmentedRaftLogWorker.java:<init>(182)) - new 9fd2e81d-61d0-44de-872c-4ae9b66045fe@group-6C0F8F3DFF59-SegmentedRaftLogWorker for RaftStorageImpl:Storage Directory /home/runner/work/ozone/ozone/hadoop-ozone/integration-test/target/test-dir/MiniOzoneClusterImpl-29bc8a50-871c-4f9e-822f-1a9e32d9d7f8/datanode-2/data/ratis/b210389a-7593-42c4-b1fe-6c0f8f3dff59
2021-09-02 02:24:20,052 [pool-1192-thread-1] INFO  server.RaftServerConfigKeys (ConfUtils.java:logGet(44)) - raft.server.log.queue.byte-limit = 2147483647 (custom)
2021-09-02 02:24:20,052 [pool-1192-thread-1] INFO  server.RaftServerConfigKeys (ConfUtils.java:logGet(44)) - raft.server.log.queue.element-limit = 1024 (custom)
2021-09-02 02:24:20,052 [pool-1192-thread-1] INFO  server.RaftServerConfigKeys (ConfUtils.java:logGet(44)) - raft.server.log.segment.size.max = 1048576 (custom)
2021-09-02 02:24:20,052 [pool-1192-thread-1] INFO  server.RaftServerConfigKeys (ConfUtils.java:logGet(44)) - raft.server.log.preallocated.size = 16384 (custom)
2021-09-02 02:24:20,052 [pool-1192-thread-1] INFO  server.RaftServerConfigKeys (ConfUtils.java:logGet(44)) - raft.server.log.force.sync.num = 128 (default)
2021-09-02 02:24:20,052 [pool-1192-thread-1] INFO  server.RaftServerConfigKeys (ConfUtils.java:logGet(44)) - raft.server.log.statemachine.data.sync = true (default)
2021-09-02 02:24:20,052 [pool-1192-thread-1] INFO  server.RaftServerConfigKeys (ConfUtils.java:logGet(44)) - raft.server.log.statemachine.data.sync.timeout = 10s (default)
2021-09-02 02:24:20,052 [pool-1192-thread-1] INFO  server.RaftServerConfigKeys (ConfUtils.java:logGet(44)) - raft.server.log.statemachine.data.sync.timeout.retry = -1 (default)
2021-09-02 02:24:20,053 [Datanode State Machine Thread - 0] WARN  statemachine.StateContext (StateContext.java:execute(621)) - No available thread in pool for past 1 seconds.
2021-09-02 02:24:20,055 [pool-1192-thread-1] INFO  server.RaftServerConfigKeys (ConfUtils.java:logGet(44)) - raft.server.log.write.buffer.size = 1048576 (custom)
2021-09-02 02:24:20,055 [pool-1192-thread-1] INFO  server.RaftServerConfigKeys (ConfUtils.java:logGet(44)) - raft.server.log.statemachine.data.caching.enabled = true (custom)
2021-09-02 02:24:20,055 [pool-1192-thread-1] INFO  segmented.SegmentedRaftLogWorker (SegmentedRaftLogWorker.java:lambda$new$0(133)) - 9fd2e81d-61d0-44de-872c-4ae9b66045fe@group-6C0F8F3DFF59-SegmentedRaftLogWorker: flushIndex: setUnconditionally 0 -> -1
2021-09-02 02:24:20,055 [pool-1192-thread-1] INFO  segmented.SegmentedRaftLogWorker (SegmentedRaftLogWorker.java:lambda$new$0(133)) - 9fd2e81d-61d0-44de-872c-4ae9b66045fe@group-6C0F8F3DFF59-SegmentedRaftLogWorker: safeCacheEvictIndex: setUnconditionally 0 -> -1
2021-09-02 02:24:20,077 [pool-1192-thread-1] INFO  server.RaftServerConfigKeys (ConfUtils.java:logGet(44)) - raft.server.snapshot.auto.trigger.enabled = true (custom)
2021-09-02 02:24:20,077 [pool-1192-thread-1] INFO  server.RaftServerConfigKeys (ConfUtils.java:logGet(44)) - raft.server.snapshot.auto.trigger.threshold = 10000 (custom)
2021-09-02 02:24:20,077 [pool-1192-thread-1] INFO  server.RaftServerConfigKeys (ConfUtils.java:logGet(44)) - raft.server.snapshot.retention.file.num = 5 (custom)
2021-09-02 02:24:20,077 [pool-1192-thread-1] INFO  server.RaftServerConfigKeys (ConfUtils.java:logGet(44)) - raft.server.log.purge.upto.snapshot.index = false (default)
2021-09-02 02:24:20,078 [pool-1192-thread-1] INFO  server.RaftServerConfigKeys (ConfUtils.java:logGet(44)) - raft.server.retrycache.expirytime = 600000ms (custom)
2021-09-02 02:24:20,078 [pool-1192-thread-1] INFO  server.RaftServerConfigKeys (ConfUtils.java:logGet(44)) - raft.server.retrycache.statistics.expirytime = 100μs (default)
2021-09-02 02:24:20,080 [pool-1192-thread-1] INFO  server.RaftServer$Division (RaftServerImpl.java:start(296)) - 9fd2e81d-61d0-44de-872c-4ae9b66045fe@group-6C0F8F3DFF59: start as a follower, conf=-1: [12400696-0678-464b-ad01-faef76468be0|rpc:10.1.0.11:44187|dataStream:|priority:0, a378c862-060f-4c80-8a42-fa0762e0f8c9|rpc:10.1.0.11:42281|dataStream:|priority:1, 9fd2e81d-61d0-44de-872c-4ae9b66045fe|rpc:10.1.0.11:34541|dataStream:|priority:0], old=null
2021-09-02 02:24:20,080 [pool-1192-thread-1] INFO  server.RaftServer$Division (RaftServerImpl.java:setRole(285)) - 9fd2e81d-61d0-44de-872c-4ae9b66045fe@group-6C0F8F3DFF59: changes role from      null to FOLLOWER at term 0 for startAsFollower
2021-09-02 02:24:20,080 [pool-1192-thread-1] INFO  impl.RoleInfo (RoleInfo.java:updateAndGet(130)) - 9fd2e81d-61d0-44de-872c-4ae9b66045fe: start 9fd2e81d-61d0-44de-872c-4ae9b66045fe@group-6C0F8F3DFF59-FollowerState
2021-09-02 02:24:20,082 [pool-1192-thread-1] INFO  util.JmxRegister (JmxRegister.java:tryRegister(44)) - Successfully registered JMX Bean with object name Ratis:service=RaftServer,group=group-6C0F8F3DFF59,id=9fd2e81d-61d0-44de-872c-4ae9b66045fe
2021-09-02 02:24:20,083 [Command processor thread] INFO  server.RaftServer (RaftServerProxy.java:addNew(95)) - a378c862-060f-4c80-8a42-fa0762e0f8c9: addNew group-D3CF43F22C22:[a378c862-060f-4c80-8a42-fa0762e0f8c9|rpc:10.1.0.11:42281|priority:1] returns group-D3CF43F22C22:java.util.concurrent.CompletableFuture@5dd774d7[Not completed]
2021-09-02 02:24:20,083 [pool-1173-thread-1] INFO  server.RaftServer$Division (RaftServerImpl.java:<init>(181)) - a378c862-060f-4c80-8a42-fa0762e0f8c9: new RaftServerImpl for group-D3CF43F22C22:[a378c862-060f-4c80-8a42-fa0762e0f8c9|rpc:10.1.0.11:42281|priority:1] with ContainerStateMachine:uninitialized
2021-09-02 02:24:20,083 [pool-1173-thread-1] INFO  server.RaftServerConfigKeys (ConfUtils.java:logGet(44)) - raft.server.rpc.timeout.min = 5s (custom)
2021-09-02 02:24:20,083 [pool-1173-thread-1] INFO  server.RaftServerConfigKeys (ConfUtils.java:logGet(44)) - raft.server.rpc.timeout.max = 5200ms (custom)
2021-09-02 02:24:20,083 [pool-1173-thread-1] INFO  server.RaftServerConfigKeys (ConfUtils.java:logGet(44)) - raft.server.rpc.sleep.time = 25ms (default)
2021-09-02 02:24:20,083 [pool-1173-thread-1] INFO  server.RaftServerConfigKeys (ConfUtils.java:logGet(44)) - raft.server.rpc.slowness.timeout = 300000ms (custom)
2021-09-02 02:24:20,083 [pool-1173-thread-1] INFO  server.RaftServerConfigKeys (ConfUtils.java:logGet(44)) - raft.server.leaderelection.leader.step-down.wait-time = 10s (default)
2021-09-02 02:24:20,083 [pool-1173-thread-1] INFO  server.RaftServerConfigKeys (ConfUtils.java:logGet(44)) - raft.server.sleep.deviation.threshold = 300ms (default)
2021-09-02 02:24:20,083 [pool-1173-thread-1] INFO  server.RaftServerConfigKeys (ConfUtils.java:logGet(44)) - raft.server.log.appender.install.snapshot.enabled = false (custom)
2021-09-02 02:24:20,083 [pool-1173-thread-1] INFO  server.RaftServer$Division (ServerState.java:<init>(105)) - a378c862-060f-4c80-8a42-fa0762e0f8c9@group-D3CF43F22C22: ConfigurationManager, init=-1: [a378c862-060f-4c80-8a42-fa0762e0f8c9|rpc:10.1.0.11:42281|priority:1], old=null, confs=<EMPTY_MAP>
2021-09-02 02:24:20,083 [pool-1173-thread-1] INFO  server.RaftServerConfigKeys (ConfUtils.java:logGet(44)) - raft.server.storage.dir = [/home/runner/work/ozone/ozone/hadoop-ozone/integration-test/target/test-dir/MiniOzoneClusterImpl-29bc8a50-871c-4f9e-822f-1a9e32d9d7f8/datanode-1/data/ratis] (custom)
2021-09-02 02:24:20,084 [pool-1173-thread-1] INFO  server.RaftServerConfigKeys (ConfUtils.java:logGet(44)) - raft.server.log.corruption.policy = EXCEPTION (default)
2021-09-02 02:24:20,084 [pool-1173-thread-1] INFO  server.RaftServerConfigKeys (ConfUtils.java:logGet(44)) - raft.server.storage.free-space.min = 0MB (=0) (default)
2021-09-02 02:24:20,084 [pool-1173-thread-1] INFO  storage.RaftStorageDirectory (RaftStorageDirectoryImpl.java:analyzeStorage(135)) - The storage directory /home/runner/work/ozone/ozone/hadoop-ozone/integration-test/target/test-dir/MiniOzoneClusterImpl-29bc8a50-871c-4f9e-822f-1a9e32d9d7f8/datanode-1/data/ratis/ba8af5f1-bfbd-4481-86ec-d3cf43f22c22 does not exist. Creating ...
2021-09-02 02:24:20,085 [pool-1173-thread-1] INFO  storage.RaftStorageDirectory (RaftStorageDirectoryImpl.java:tryLock(230)) - Lock on /home/runner/work/ozone/ozone/hadoop-ozone/integration-test/target/test-dir/MiniOzoneClusterImpl-29bc8a50-871c-4f9e-822f-1a9e32d9d7f8/datanode-1/data/ratis/ba8af5f1-bfbd-4481-86ec-d3cf43f22c22/in_use.lock acquired by nodename 23478@fv-az195-103
2021-09-02 02:24:20,087 [pool-1173-thread-1] INFO  storage.RaftStorage (RaftStorageImpl.java:format(89)) - Storage directory /home/runner/work/ozone/ozone/hadoop-ozone/integration-test/target/test-dir/MiniOzoneClusterImpl-29bc8a50-871c-4f9e-822f-1a9e32d9d7f8/datanode-1/data/ratis/ba8af5f1-bfbd-4481-86ec-d3cf43f22c22 has been successfully formatted.
2021-09-02 02:24:20,115 [Command processor thread] INFO  commandhandler.CreatePipelineCommandHandler (CreatePipelineCommandHandler.java:handle(106)) - Created Pipeline RATIS THREE PipelineID=b210389a-7593-42c4-b1fe-6c0f8f3dff59.
2021-09-02 02:24:20,115 [Command processor thread] INFO  server.RaftServer (RaftServerProxy.java:addNew(95)) - 12400696-0678-464b-ad01-faef76468be0: addNew group-B85448540D00:[12400696-0678-464b-ad01-faef76468be0|rpc:10.1.0.11:44187|priority:0, a378c862-060f-4c80-8a42-fa0762e0f8c9|rpc:10.1.0.11:42281|priority:0, 9fd2e81d-61d0-44de-872c-4ae9b66045fe|rpc:10.1.0.11:34541|priority:1] returns group-B85448540D00:java.util.concurrent.CompletableFuture@3061fb6[Not completed]
2021-09-02 02:24:20,115 [pool-1154-thread-1] INFO  server.RaftServer$Division (RaftServerImpl.java:<init>(181)) - 12400696-0678-464b-ad01-faef76468be0: new RaftServerImpl for group-B85448540D00:[12400696-0678-464b-ad01-faef76468be0|rpc:10.1.0.11:44187|priority:0, a378c862-060f-4c80-8a42-fa0762e0f8c9|rpc:10.1.0.11:42281|priority:0, 9fd2e81d-61d0-44de-872c-4ae9b66045fe|rpc:10.1.0.11:34541|priority:1] with ContainerStateMachine:uninitialized
2021-09-02 02:24:20,115 [pool-1154-thread-1] INFO  server.RaftServerConfigKeys (ConfUtils.java:logGet(44)) - raft.server.rpc.timeout.min = 5s (custom)
2021-09-02 02:24:20,115 [pool-1154-thread-1] INFO  server.RaftServerConfigKeys (ConfUtils.java:logGet(44)) - raft.server.rpc.timeout.max = 5200ms (custom)
2021-09-02 02:24:20,115 [pool-1154-thread-1] INFO  server.RaftServerConfigKeys (ConfUtils.java:logGet(44)) - raft.server.rpc.sleep.time = 25ms (default)
2021-09-02 02:24:20,115 [pool-1154-thread-1] INFO  server.RaftServerConfigKeys (ConfUtils.java:logGet(44)) - raft.server.rpc.slowness.timeout = 300000ms (custom)
2021-09-02 02:24:20,116 [pool-1154-thread-1] INFO  server.RaftServerConfigKeys (ConfUtils.java:logGet(44)) - raft.server.leaderelection.leader.step-down.wait-time = 10s (default)
2021-09-02 02:24:20,116 [pool-1154-thread-1] INFO  server.RaftServerConfigKeys (ConfUtils.java:logGet(44)) - raft.server.sleep.deviation.threshold = 300ms (default)
2021-09-02 02:24:20,116 [IPC Server handler 3 on default port 41521] INFO  net.NetworkTopologyImpl (NetworkTopologyImpl.java:add(112)) - Added a new node: /default-rack/3c795851-1066-4b85-8bc1-6af36b99c451
2021-09-02 02:24:20,116 [pool-1154-thread-1] INFO  server.RaftServerConfigKeys (ConfUtils.java:logGet(44)) - raft.server.log.appender.install.snapshot.enabled = false (custom)
2021-09-02 02:24:20,116 [pool-1154-thread-1] INFO  server.RaftServer$Division (ServerState.java:<init>(105)) - 12400696-0678-464b-ad01-faef76468be0@group-B85448540D00: ConfigurationManager, init=-1: [12400696-0678-464b-ad01-faef76468be0|rpc:10.1.0.11:44187|priority:0, a378c862-060f-4c80-8a42-fa0762e0f8c9|rpc:10.1.0.11:42281|priority:0, 9fd2e81d-61d0-44de-872c-4ae9b66045fe|rpc:10.1.0.11:34541|priority:1], old=null, confs=<EMPTY_MAP>
2021-09-02 02:24:20,116 [pool-1154-thread-1] INFO  server.RaftServerConfigKeys (ConfUtils.java:logGet(44)) - raft.server.storage.dir = [/home/runner/work/ozone/ozone/hadoop-ozone/integration-test/target/test-dir/MiniOzoneClusterImpl-29bc8a50-871c-4f9e-822f-1a9e32d9d7f8/datanode-0/data/ratis] (custom)
2021-09-02 02:24:20,116 [pool-1154-thread-1] INFO  server.RaftServerConfigKeys (ConfUtils.java:logGet(44)) - raft.server.log.corruption.policy = EXCEPTION (default)
2021-09-02 02:24:20,116 [pool-1154-thread-1] INFO  server.RaftServerConfigKeys (ConfUtils.java:logGet(44)) - raft.server.storage.free-space.min = 0MB (=0) (default)
2021-09-02 02:24:20,116 [pool-1154-thread-1] INFO  storage.RaftStorageDirectory (RaftStorageDirectoryImpl.java:analyzeStorage(135)) - The storage directory /home/runner/work/ozone/ozone/hadoop-ozone/integration-test/target/test-dir/MiniOzoneClusterImpl-29bc8a50-871c-4f9e-822f-1a9e32d9d7f8/datanode-0/data/ratis/2454dacd-6beb-41a7-8ffd-b85448540d00 does not exist. Creating ...
2021-09-02 02:24:20,117 [pool-1154-thread-1] INFO  storage.RaftStorageDirectory (RaftStorageDirectoryImpl.java:tryLock(230)) - Lock on /home/runner/work/ozone/ozone/hadoop-ozone/integration-test/target/test-dir/MiniOzoneClusterImpl-29bc8a50-871c-4f9e-822f-1a9e32d9d7f8/datanode-0/data/ratis/2454dacd-6beb-41a7-8ffd-b85448540d00/in_use.lock acquired by nodename 23478@fv-az195-103
2021-09-02 02:24:20,118 [EventQueue-PipelineReportForPipelineReportHandler] INFO  pipeline.PipelineManagerImpl (PipelineManagerImpl.java:openPipeline(282)) - Pipeline Pipeline[ Id: ba8af5f1-bfbd-4481-86ec-d3cf43f22c22, Nodes: a378c862-060f-4c80-8a42-fa0762e0f8c9{ip: 10.1.0.11, host: fv-az195-103.u3nnjwd0vyge1bu22idnsdeq2e.cx.internal.cloudapp.net, ports: [REPLICATION=35779, RATIS=42281, RATIS_ADMIN=42281, RATIS_SERVER=42281, STANDALONE=39649], networkLocation: /default-rack, certSerialId: null, persistedOpState: IN_SERVICE, persistedOpStateExpiryEpochSec: 0}, ReplicationConfig: RATIS/ONE, State:ALLOCATED, leaderId:a378c862-060f-4c80-8a42-fa0762e0f8c9, CreationTimestamp2021-09-02T02:24:17.213Z[Etc/UTC]] moved to OPEN state
2021-09-02 02:24:20,118 [EventQueue-OpenPipelineForHealthyPipelineSafeModeRule] INFO  safemode.SCMSafeModeManager (HealthyPipelineSafeModeRule.java:process(124)) - SCM in safe mode. Healthy pipelines reported count is 0, required healthy pipeline reported count is 1
2021-09-02 02:24:20,116 [IPC Server handler 3 on default port 41521] INFO  node.SCMNodeManager (SCMNodeManager.java:register(390)) - Registered Data node : 3c795851-1066-4b85-8bc1-6af36b99c451{ip: 10.1.0.11, host: fv-az195-103.u3nnjwd0vyge1bu22idnsdeq2e.cx.internal.cloudapp.net, ports: [REPLICATION=42663, RATIS=42401, RATIS_ADMIN=42401, RATIS_SERVER=42401, STANDALONE=45997], networkLocation: /default-rack, certSerialId: null, persistedOpState: null, persistedOpStateExpiryEpochSec: 0}
2021-09-02 02:24:20,126 [EventQueue-NewNodeForNewNodeHandler] INFO  pipeline.BackgroundPipelineCreator (BackgroundPipelineCreatorV2.java:notifyEventTriggered(285)) - trigger a one-shot run on RatisPipelineUtilsThread.
2021-09-02 02:24:20,126 [RatisPipelineUtilsThread - 0] INFO  pipeline.RatisPipelineProvider (RatisPipelineProvider.java:lambda$create$0(183)) - Sending CreatePipelineCommand for pipeline:PipelineID=aea278b0-c48a-401a-b92a-47194f445b8b to datanode:3c795851-1066-4b85-8bc1-6af36b99c451
2021-09-02 02:24:20,126 [RatisPipelineUtilsThread - 0] INFO  pipeline.PipelineStateManager (PipelineStateManagerV2Impl.java:addPipeline(101)) - Created pipeline Pipeline[ Id: aea278b0-c48a-401a-b92a-47194f445b8b, Nodes: 3c795851-1066-4b85-8bc1-6af36b99c451{ip: 10.1.0.11, host: fv-az195-103.u3nnjwd0vyge1bu22idnsdeq2e.cx.internal.cloudapp.net, ports: [REPLICATION=42663, RATIS=42401, RATIS_ADMIN=42401, RATIS_SERVER=42401, STANDALONE=45997], networkLocation: /default-rack, certSerialId: null, persistedOpState: IN_SERVICE, persistedOpStateExpiryEpochSec: 0}, ReplicationConfig: RATIS/ONE, State:ALLOCATED, leaderId:, CreationTimestamp2021-09-02T02:24:20.126Z[Etc/UTC]].
2021-09-02 02:24:20,126 [RatisPipelineUtilsThread - 0] INFO  pipeline.RatisPipelineProvider (RatisPipelineProvider.java:lambda$create$0(183)) - Sending CreatePipelineCommand for pipeline:PipelineID=d6b44281-4388-4f6e-aec4-d22779799422 to datanode:3c795851-1066-4b85-8bc1-6af36b99c451
2021-09-02 02:24:20,126 [RatisPipelineUtilsThread - 0] INFO  pipeline.RatisPipelineProvider (RatisPipelineProvider.java:lambda$create$0(183)) - Sending CreatePipelineCommand for pipeline:PipelineID=d6b44281-4388-4f6e-aec4-d22779799422 to datanode:187906f6-3436-4d7b-ba29-fc09579eb1c8
2021-09-02 02:24:20,126 [RatisPipelineUtilsThread - 0] INFO  pipeline.RatisPipelineProvider (RatisPipelineProvider.java:lambda$create$0(183)) - Sending CreatePipelineCommand for pipeline:PipelineID=d6b44281-4388-4f6e-aec4-d22779799422 to datanode:af0a5c91-f714-4dc1-a2f1-efe0e47618a1
2021-09-02 02:24:20,127 [RatisPipelineUtilsThread - 0] INFO  pipeline.PipelineStateManager (PipelineStateManagerV2Impl.java:addPipeline(101)) - Created pipeline Pipeline[ Id: d6b44281-4388-4f6e-aec4-d22779799422, Nodes: 3c795851-1066-4b85-8bc1-6af36b99c451{ip: 10.1.0.11, host: fv-az195-103.u3nnjwd0vyge1bu22idnsdeq2e.cx.internal.cloudapp.net, ports: [REPLICATION=42663, RATIS=42401, RATIS_ADMIN=42401, RATIS_SERVER=42401, STANDALONE=45997], networkLocation: /default-rack, certSerialId: null, persistedOpState: IN_SERVICE, persistedOpStateExpiryEpochSec: 0}187906f6-3436-4d7b-ba29-fc09579eb1c8{ip: 10.1.0.11, host: fv-az195-103.u3nnjwd0vyge1bu22idnsdeq2e.cx.internal.cloudapp.net, ports: [REPLICATION=45931, RATIS=41159, RATIS_ADMIN=41159, RATIS_SERVER=41159, STANDALONE=44607], networkLocation: /default-rack, certSerialId: null, persistedOpState: IN_SERVICE, persistedOpStateExpiryEpochSec: 0}af0a5c91-f714-4dc1-a2f1-efe0e47618a1{ip: 10.1.0.11, host: fv-az195-103.u3nnjwd0vyge1bu22idnsdeq2e.cx.internal.cloudapp.net, ports: [REPLICATION=43217, RATIS=35001, RATIS_ADMIN=35001, RATIS_SERVER=35001, STANDALONE=35895], networkLocation: /default-rack, certSerialId: null, persistedOpState: IN_SERVICE, persistedOpStateExpiryEpochSec: 0}, ReplicationConfig: RATIS/THREE, State:ALLOCATED, leaderId:, CreationTimestamp2021-09-02T02:24:20.126Z[Etc/UTC]].
2021-09-02 02:24:20,127 [RatisPipelineUtilsThread - 0] INFO  pipeline.RatisPipelineProvider (RatisPipelineProvider.java:lambda$create$0(183)) - Sending CreatePipelineCommand for pipeline:PipelineID=5a36dfcd-72fc-46b3-9ff7-24bba463e12f to datanode:af0a5c91-f714-4dc1-a2f1-efe0e47618a1
2021-09-02 02:24:20,127 [RatisPipelineUtilsThread - 0] INFO  pipeline.RatisPipelineProvider (RatisPipelineProvider.java:lambda$create$0(183)) - Sending CreatePipelineCommand for pipeline:PipelineID=5a36dfcd-72fc-46b3-9ff7-24bba463e12f to datanode:187906f6-3436-4d7b-ba29-fc09579eb1c8
2021-09-02 02:24:20,127 [RatisPipelineUtilsThread - 0] INFO  pipeline.RatisPipelineProvider (RatisPipelineProvider.java:lambda$create$0(183)) - Sending CreatePipelineCommand for pipeline:PipelineID=5a36dfcd-72fc-46b3-9ff7-24bba463e12f to datanode:3c795851-1066-4b85-8bc1-6af36b99c451
2021-09-02 02:24:20,127 [RatisPipelineUtilsThread - 0] INFO  pipeline.PipelineStateManager (PipelineStateManagerV2Impl.java:addPipeline(101)) - Created pipeline Pipeline[ Id: 5a36dfcd-72fc-46b3-9ff7-24bba463e12f, Nodes: af0a5c91-f714-4dc1-a2f1-efe0e47618a1{ip: 10.1.0.11, host: fv-az195-103.u3nnjwd0vyge1bu22idnsdeq2e.cx.internal.cloudapp.net, ports: [REPLICATION=43217, RATIS=35001, RATIS_ADMIN=35001, RATIS_SERVER=35001, STANDALONE=35895], networkLocation: /default-rack, certSerialId: null, persistedOpState: IN_SERVICE, persistedOpStateExpiryEpochSec: 0}187906f6-3436-4d7b-ba29-fc09579eb1c8{ip: 10.1.0.11, host: fv-az195-103.u3nnjwd0vyge1bu22idnsdeq2e.cx.internal.cloudapp.net, ports: [REPLICATION=45931, RATIS=41159, RATIS_ADMIN=41159, RATIS_SERVER=41159, STANDALONE=44607], networkLocation: /default-rack, certSerialId: null, persistedOpState: IN_SERVICE, persistedOpStateExpiryEpochSec: 0}3c795851-1066-4b85-8bc1-6af36b99c451{ip: 10.1.0.11, host: fv-az195-103.u3nnjwd0vyge1bu22idnsdeq2e.cx.internal.cloudapp.net, ports: [REPLICATION=42663, RATIS=42401, RATIS_ADMIN=42401, RATIS_SERVER=42401, STANDALONE=45997], networkLocation: /default-rack, certSerialId: null, persistedOpState: IN_SERVICE, persistedOpStateExpiryEpochSec: 0}, ReplicationConfig: RATIS/THREE, State:ALLOCATED, leaderId:, CreationTimestamp2021-09-02T02:24:20.127Z[Etc/UTC]].
2021-09-02 02:24:20,127 [RatisPipelineUtilsThread - 0] INFO  pipeline.PipelineManagerImpl (PipelineManagerImpl.java:recordMetricsForPipeline(613)) - Pipeline: PipelineID=5a36dfcd-72fc-46b3-9ff7-24bba463e12f contains same datanodes as previous pipelines: PipelineID=d6b44281-4388-4f6e-aec4-d22779799422 nodeIds: af0a5c91-f714-4dc1-a2f1-efe0e47618a1, 187906f6-3436-4d7b-ba29-fc09579eb1c8, 3c795851-1066-4b85-8bc1-6af36b99c451
2021-09-02 02:24:20,131 [pool-1154-thread-1] INFO  storage.RaftStorage (RaftStorageImpl.java:format(89)) - Storage directory /home/runner/work/ozone/ozone/hadoop-ozone/integration-test/target/test-dir/MiniOzoneClusterImpl-29bc8a50-871c-4f9e-822f-1a9e32d9d7f8/datanode-0/data/ratis/2454dacd-6beb-41a7-8ffd-b85448540d00 has been successfully formatted.
2021-09-02 02:24:20,150 [pool-1173-thread-1] INFO  ratis.ContainerStateMachine (ContainerStateMachine.java:loadSnapshot(224)) - group-D3CF43F22C22: The snapshot info is null. Setting the last applied indexto:(t:0, i:~)
2021-09-02 02:24:20,150 [pool-1173-thread-1] INFO  server.RaftServerConfigKeys (ConfUtils.java:logGet(44)) - raft.server.notification.no-leader.timeout = 300000ms (custom)
2021-09-02 02:24:20,150 [pool-1173-thread-1] INFO  server.RaftServerConfigKeys (ConfUtils.java:logGet(44)) - raft.server.log.use.memory = false (default)
2021-09-02 02:24:20,150 [pool-1173-thread-1] INFO  server.RaftServerConfigKeys (ConfUtils.java:logGet(44)) - raft.server.log.purge.gap = 1000000 (custom)
2021-09-02 02:24:20,150 [pool-1173-thread-1] INFO  server.RaftServerConfigKeys (ConfUtils.java:logGet(44)) - raft.server.log.appender.buffer.byte-limit = 33554432 (custom)
2021-09-02 02:24:20,150 [pool-1173-thread-1] INFO  server.RaftServerConfigKeys (ConfUtils.java:logGet(44)) - raft.server.log.segment.size.max = 1048576 (custom)
2021-09-02 02:24:20,151 [pool-1173-thread-1] INFO  server.RaftServerConfigKeys (ConfUtils.java:logGet(44)) - raft.server.log.segment.cache.num.max = 2 (custom)
2021-09-02 02:24:20,151 [pool-1173-thread-1] INFO  server.RaftServerConfigKeys (ConfUtils.java:logGet(44)) - raft.server.log.segment.cache.size.max = 200MB (=209715200) (default)
2021-09-02 02:24:20,151 [pool-1173-thread-1] INFO  segmented.SegmentedRaftLogWorker (SegmentedRaftLogWorker.java:<init>(182)) - new a378c862-060f-4c80-8a42-fa0762e0f8c9@group-D3CF43F22C22-SegmentedRaftLogWorker for RaftStorageImpl:Storage Directory /home/runner/work/ozone/ozone/hadoop-ozone/integration-test/target/test-dir/MiniOzoneClusterImpl-29bc8a50-871c-4f9e-822f-1a9e32d9d7f8/datanode-1/data/ratis/ba8af5f1-bfbd-4481-86ec-d3cf43f22c22
2021-09-02 02:24:20,151 [pool-1173-thread-1] INFO  server.RaftServerConfigKeys (ConfUtils.java:logGet(44)) - raft.server.log.queue.byte-limit = 2147483647 (custom)
2021-09-02 02:24:20,151 [pool-1173-thread-1] INFO  server.RaftServerConfigKeys (ConfUtils.java:logGet(44)) - raft.server.log.queue.element-limit = 1024 (custom)
2021-09-02 02:24:20,151 [pool-1173-thread-1] INFO  server.RaftServerConfigKeys (ConfUtils.java:logGet(44)) - raft.server.log.segment.size.max = 1048576 (custom)
2021-09-02 02:24:20,151 [pool-1173-thread-1] INFO  server.RaftServerConfigKeys (ConfUtils.java:logGet(44)) - raft.server.log.preallocated.size = 16384 (custom)
2021-09-02 02:24:20,151 [pool-1173-thread-1] INFO  server.RaftServerConfigKeys (ConfUtils.java:logGet(44)) - raft.server.log.force.sync.num = 128 (default)
2021-09-02 02:24:20,151 [pool-1173-thread-1] INFO  server.RaftServerConfigKeys (ConfUtils.java:logGet(44)) - raft.server.log.statemachine.data.sync = true (default)
2021-09-02 02:24:20,152 [pool-1173-thread-1] INFO  server.RaftServerConfigKeys (ConfUtils.java:logGet(44)) - raft.server.log.statemachine.data.sync.timeout = 10s (default)
2021-09-02 02:24:20,152 [pool-1173-thread-1] INFO  server.RaftServerConfigKeys (ConfUtils.java:logGet(44)) - raft.server.log.statemachine.data.sync.timeout.retry = -1 (default)
2021-09-02 02:24:20,153 [Datanode State Machine Thread - 0] WARN  statemachine.StateContext (StateContext.java:execute(621)) - No available thread in pool for past 1 seconds.
2021-09-02 02:24:20,180 [pool-1154-thread-1] INFO  ratis.ContainerStateMachine (ContainerStateMachine.java:loadSnapshot(224)) - group-B85448540D00: The snapshot info is null. Setting the last applied indexto:(t:0, i:~)
2021-09-02 02:24:20,180 [pool-1173-thread-1] INFO  server.RaftServerConfigKeys (ConfUtils.java:logGet(44)) - raft.server.log.write.buffer.size = 1048576 (custom)
2021-09-02 02:24:20,180 [pool-1173-thread-1] INFO  server.RaftServerConfigKeys (ConfUtils.java:logGet(44)) - raft.server.log.statemachine.data.caching.enabled = true (custom)
2021-09-02 02:24:20,181 [pool-1173-thread-1] INFO  segmented.SegmentedRaftLogWorker (SegmentedRaftLogWorker.java:lambda$new$0(133)) - a378c862-060f-4c80-8a42-fa0762e0f8c9@group-D3CF43F22C22-SegmentedRaftLogWorker: flushIndex: setUnconditionally 0 -> -1
2021-09-02 02:24:20,181 [pool-1173-thread-1] INFO  segmented.SegmentedRaftLogWorker (SegmentedRaftLogWorker.java:lambda$new$0(133)) - a378c862-060f-4c80-8a42-fa0762e0f8c9@group-D3CF43F22C22-SegmentedRaftLogWorker: safeCacheEvictIndex: setUnconditionally 0 -> -1
2021-09-02 02:24:20,190 [pool-1173-thread-1] INFO  server.RaftServerConfigKeys (ConfUtils.java:logGet(44)) - raft.server.snapshot.auto.trigger.enabled = true (custom)
2021-09-02 02:24:20,190 [pool-1173-thread-1] INFO  server.RaftServerConfigKeys (ConfUtils.java:logGet(44)) - raft.server.snapshot.auto.trigger.threshold = 10000 (custom)
2021-09-02 02:24:20,190 [pool-1173-thread-1] INFO  server.RaftServerConfigKeys (ConfUtils.java:logGet(44)) - raft.server.snapshot.retention.file.num = 5 (custom)
2021-09-02 02:24:20,190 [pool-1173-thread-1] INFO  server.RaftServerConfigKeys (ConfUtils.java:logGet(44)) - raft.server.log.purge.upto.snapshot.index = false (default)
2021-09-02 02:24:20,190 [pool-1173-thread-1] INFO  server.RaftServerConfigKeys (ConfUtils.java:logGet(44)) - raft.server.retrycache.expirytime = 600000ms (custom)
2021-09-02 02:24:20,190 [pool-1173-thread-1] INFO  server.RaftServerConfigKeys (ConfUtils.java:logGet(44)) - raft.server.retrycache.statistics.expirytime = 100μs (default)
2021-09-02 02:24:20,192 [pool-1173-thread-1] INFO  server.RaftServer$Division (RaftServerImpl.java:start(296)) - a378c862-060f-4c80-8a42-fa0762e0f8c9@group-D3CF43F22C22: start as a follower, conf=-1: [a378c862-060f-4c80-8a42-fa0762e0f8c9|rpc:10.1.0.11:42281|priority:1], old=null
2021-09-02 02:24:20,192 [pool-1173-thread-1] INFO  server.RaftServer$Division (RaftServerImpl.java:setRole(285)) - a378c862-060f-4c80-8a42-fa0762e0f8c9@group-D3CF43F22C22: changes role from      null to FOLLOWER at term 0 for startAsFollower
2021-09-02 02:24:20,192 [pool-1173-thread-1] INFO  impl.RoleInfo (RoleInfo.java:updateAndGet(130)) - a378c862-060f-4c80-8a42-fa0762e0f8c9: start a378c862-060f-4c80-8a42-fa0762e0f8c9@group-D3CF43F22C22-FollowerState
2021-09-02 02:24:20,205 [pool-1173-thread-1] INFO  util.JmxRegister (JmxRegister.java:tryRegister(44)) - Successfully registered JMX Bean with object name Ratis:service=RaftServer,group=group-D3CF43F22C22,id=a378c862-060f-4c80-8a42-fa0762e0f8c9
2021-09-02 02:24:20,206 [Command processor thread] INFO  ratis.XceiverServerRatis (XceiverServerRatis.java:addGroup(763)) - Created group PipelineID=ba8af5f1-bfbd-4481-86ec-d3cf43f22c22
2021-09-02 02:24:20,206 [Command processor thread] INFO  commandhandler.CreatePipelineCommandHandler (CreatePipelineCommandHandler.java:handle(106)) - Created Pipeline RATIS ONE PipelineID=ba8af5f1-bfbd-4481-86ec-d3cf43f22c22.
2021-09-02 02:24:20,207 [Command processor thread] INFO  server.RaftServer (RaftServerProxy.java:addNew(95)) - a378c862-060f-4c80-8a42-fa0762e0f8c9: addNew group-B85448540D00:[12400696-0678-464b-ad01-faef76468be0|rpc:10.1.0.11:44187|priority:0, a378c862-060f-4c80-8a42-fa0762e0f8c9|rpc:10.1.0.11:42281|priority:0, 9fd2e81d-61d0-44de-872c-4ae9b66045fe|rpc:10.1.0.11:34541|priority:1] returns group-B85448540D00:java.util.concurrent.CompletableFuture@5310811d[Not completed]
2021-09-02 02:24:20,207 [pool-1173-thread-1] INFO  server.RaftServer$Division (RaftServerImpl.java:<init>(181)) - a378c862-060f-4c80-8a42-fa0762e0f8c9: new RaftServerImpl for group-B85448540D00:[12400696-0678-464b-ad01-faef76468be0|rpc:10.1.0.11:44187|priority:0, a378c862-060f-4c80-8a42-fa0762e0f8c9|rpc:10.1.0.11:42281|priority:0, 9fd2e81d-61d0-44de-872c-4ae9b66045fe|rpc:10.1.0.11:34541|priority:1] with ContainerStateMachine:uninitialized
2021-09-02 02:24:20,207 [pool-1173-thread-1] INFO  server.RaftServerConfigKeys (ConfUtils.java:logGet(44)) - raft.server.rpc.timeout.min = 5s (custom)
2021-09-02 02:24:20,207 [pool-1173-thread-1] INFO  server.RaftServerConfigKeys (ConfUtils.java:logGet(44)) - raft.server.rpc.timeout.max = 5200ms (custom)
2021-09-02 02:24:20,207 [pool-1173-thread-1] INFO  server.RaftServerConfigKeys (ConfUtils.java:logGet(44)) - raft.server.rpc.sleep.time = 25ms (default)
2021-09-02 02:24:20,207 [pool-1173-thread-1] INFO  server.RaftServerConfigKeys (ConfUtils.java:logGet(44)) - raft.server.rpc.slowness.timeout = 300000ms (custom)
2021-09-02 02:24:20,207 [pool-1173-thread-1] INFO  server.RaftServerConfigKeys (ConfUtils.java:logGet(44)) - raft.server.leaderelection.leader.step-down.wait-time = 10s (default)
2021-09-02 02:24:20,207 [pool-1173-thread-1] INFO  server.RaftServerConfigKeys (ConfUtils.java:logGet(44)) - raft.server.sleep.deviation.threshold = 300ms (default)
2021-09-02 02:24:20,208 [pool-1173-thread-1] INFO  server.RaftServerConfigKeys (ConfUtils.java:logGet(44)) - raft.server.log.appender.install.snapshot.enabled = false (custom)
2021-09-02 02:24:20,208 [pool-1173-thread-1] INFO  server.RaftServer$Division (ServerState.java:<init>(105)) - a378c862-060f-4c80-8a42-fa0762e0f8c9@group-B85448540D00: ConfigurationManager, init=-1: [12400696-0678-464b-ad01-faef76468be0|rpc:10.1.0.11:44187|priority:0, a378c862-060f-4c80-8a42-fa0762e0f8c9|rpc:10.1.0.11:42281|priority:0, 9fd2e81d-61d0-44de-872c-4ae9b66045fe|rpc:10.1.0.11:34541|priority:1], old=null, confs=<EMPTY_MAP>
2021-09-02 02:24:20,208 [pool-1173-thread-1] INFO  server.RaftServerConfigKeys (ConfUtils.java:logGet(44)) - raft.server.storage.dir = [/home/runner/work/ozone/ozone/hadoop-ozone/integration-test/target/test-dir/MiniOzoneClusterImpl-29bc8a50-871c-4f9e-822f-1a9e32d9d7f8/datanode-1/data/ratis] (custom)
2021-09-02 02:24:20,208 [pool-1173-thread-1] INFO  server.RaftServerConfigKeys (ConfUtils.java:logGet(44)) - raft.server.log.corruption.policy = EXCEPTION (default)
2021-09-02 02:24:20,208 [pool-1173-thread-1] INFO  server.RaftServerConfigKeys (ConfUtils.java:logGet(44)) - raft.server.storage.free-space.min = 0MB (=0) (default)
2021-09-02 02:24:20,208 [pool-1173-thread-1] INFO  storage.RaftStorageDirectory (RaftStorageDirectoryImpl.java:analyzeStorage(135)) - The storage directory /home/runner/work/ozone/ozone/hadoop-ozone/integration-test/target/test-dir/MiniOzoneClusterImpl-29bc8a50-871c-4f9e-822f-1a9e32d9d7f8/datanode-1/data/ratis/2454dacd-6beb-41a7-8ffd-b85448540d00 does not exist. Creating ...
2021-09-02 02:24:20,229 [pool-1173-thread-1] INFO  storage.RaftStorageDirectory (RaftStorageDirectoryImpl.java:tryLock(230)) - Lock on /home/runner/work/ozone/ozone/hadoop-ozone/integration-test/target/test-dir/MiniOzoneClusterImpl-29bc8a50-871c-4f9e-822f-1a9e32d9d7f8/datanode-1/data/ratis/2454dacd-6beb-41a7-8ffd-b85448540d00/in_use.lock acquired by nodename 23478@fv-az195-103
2021-09-02 02:24:20,245 [pool-1154-thread-1] INFO  server.RaftServerConfigKeys (ConfUtils.java:logGet(44)) - raft.server.notification.no-leader.timeout = 300000ms (custom)
2021-09-02 02:24:20,245 [pool-1154-thread-1] INFO  server.RaftServerConfigKeys (ConfUtils.java:logGet(44)) - raft.server.log.use.memory = false (default)
2021-09-02 02:24:20,245 [pool-1154-thread-1] INFO  server.RaftServerConfigKeys (ConfUtils.java:logGet(44)) - raft.server.log.purge.gap = 1000000 (custom)
2021-09-02 02:24:20,245 [pool-1154-thread-1] INFO  server.RaftServerConfigKeys (ConfUtils.java:logGet(44)) - raft.server.log.appender.buffer.byte-limit = 33554432 (custom)
2021-09-02 02:24:20,246 [pool-1154-thread-1] INFO  server.RaftServerConfigKeys (ConfUtils.java:logGet(44)) - raft.server.log.segment.size.max = 1048576 (custom)
2021-09-02 02:24:20,247 [pool-1154-thread-1] INFO  server.RaftServerConfigKeys (ConfUtils.java:logGet(44)) - raft.server.log.segment.cache.num.max = 2 (custom)
2021-09-02 02:24:20,247 [pool-1154-thread-1] INFO  server.RaftServerConfigKeys (ConfUtils.java:logGet(44)) - raft.server.log.segment.cache.size.max = 200MB (=209715200) (default)
2021-09-02 02:24:20,247 [pool-1154-thread-1] INFO  segmented.SegmentedRaftLogWorker (SegmentedRaftLogWorker.java:<init>(182)) - new 12400696-0678-464b-ad01-faef76468be0@group-B85448540D00-SegmentedRaftLogWorker for RaftStorageImpl:Storage Directory /home/runner/work/ozone/ozone/hadoop-ozone/integration-test/target/test-dir/MiniOzoneClusterImpl-29bc8a50-871c-4f9e-822f-1a9e32d9d7f8/datanode-0/data/ratis/2454dacd-6beb-41a7-8ffd-b85448540d00
2021-09-02 02:24:20,247 [pool-1154-thread-1] INFO  server.RaftServerConfigKeys (ConfUtils.java:logGet(44)) - raft.server.log.queue.byte-limit = 2147483647 (custom)
2021-09-02 02:24:20,247 [pool-1154-thread-1] INFO  server.RaftServerConfigKeys (ConfUtils.java:logGet(44)) - raft.server.log.queue.element-limit = 1024 (custom)
2021-09-02 02:24:20,247 [pool-1154-thread-1] INFO  server.RaftServerConfigKeys (ConfUtils.java:logGet(44)) - raft.server.log.segment.size.max = 1048576 (custom)
2021-09-02 02:24:20,247 [pool-1154-thread-1] INFO  server.RaftServerConfigKeys (ConfUtils.java:logGet(44)) - raft.server.log.preallocated.size = 16384 (custom)
2021-09-02 02:24:20,247 [pool-1154-thread-1] INFO  server.RaftServerConfigKeys (ConfUtils.java:logGet(44)) - raft.server.log.force.sync.num = 128 (default)
2021-09-02 02:24:20,247 [pool-1154-thread-1] INFO  server.RaftServerConfigKeys (ConfUtils.java:logGet(44)) - raft.server.log.statemachine.data.sync = true (default)
2021-09-02 02:24:20,247 [pool-1154-thread-1] INFO  server.RaftServerConfigKeys (ConfUtils.java:logGet(44)) - raft.server.log.statemachine.data.sync.timeout = 10s (default)
2021-09-02 02:24:20,247 [pool-1154-thread-1] INFO  server.RaftServerConfigKeys (ConfUtils.java:logGet(44)) - raft.server.log.statemachine.data.sync.timeout.retry = -1 (default)
2021-09-02 02:24:20,249 [pool-1154-thread-1] INFO  server.RaftServerConfigKeys (ConfUtils.java:logGet(44)) - raft.server.log.write.buffer.size = 1048576 (custom)
2021-09-02 02:24:20,249 [pool-1154-thread-1] INFO  server.RaftServerConfigKeys (ConfUtils.java:logGet(44)) - raft.server.log.statemachine.data.caching.enabled = true (custom)
2021-09-02 02:24:20,249 [pool-1154-thread-1] INFO  segmented.SegmentedRaftLogWorker (SegmentedRaftLogWorker.java:lambda$new$0(133)) - 12400696-0678-464b-ad01-faef76468be0@group-B85448540D00-SegmentedRaftLogWorker: flushIndex: setUnconditionally 0 -> -1
2021-09-02 02:24:20,249 [pool-1154-thread-1] INFO  segmented.SegmentedRaftLogWorker (SegmentedRaftLogWorker.java:lambda$new$0(133)) - 12400696-0678-464b-ad01-faef76468be0@group-B85448540D00-SegmentedRaftLogWorker: safeCacheEvictIndex: setUnconditionally 0 -> -1
2021-09-02 02:24:20,249 [Datanode State Machine Thread - 0] WARN  statemachine.StateContext (StateContext.java:execute(621)) - No available thread in pool for past 1 seconds.
2021-09-02 02:24:20,257 [pool-1154-thread-1] INFO  server.RaftServerConfigKeys (ConfUtils.java:logGet(44)) - raft.server.snapshot.auto.trigger.enabled = true (custom)
2021-09-02 02:24:20,257 [pool-1154-thread-1] INFO  server.RaftServerConfigKeys (ConfUtils.java:logGet(44)) - raft.server.snapshot.auto.trigger.threshold = 10000 (custom)
2021-09-02 02:24:20,257 [pool-1154-thread-1] INFO  server.RaftServerConfigKeys (ConfUtils.java:logGet(44)) - raft.server.snapshot.retention.file.num = 5 (custom)
2021-09-02 02:24:20,257 [pool-1154-thread-1] INFO  server.RaftServerConfigKeys (ConfUtils.java:logGet(44)) - raft.server.log.purge.upto.snapshot.index = false (default)
2021-09-02 02:24:20,257 [pool-1154-thread-1] INFO  server.RaftServerConfigKeys (ConfUtils.java:logGet(44)) - raft.server.retrycache.expirytime = 600000ms (custom)
2021-09-02 02:24:20,257 [pool-1154-thread-1] INFO  server.RaftServerConfigKeys (ConfUtils.java:logGet(44)) - raft.server.retrycache.statistics.expirytime = 100μs (default)
2021-09-02 02:24:20,260 [pool-1154-thread-1] INFO  server.RaftServer$Division (RaftServerImpl.java:start(296)) - 12400696-0678-464b-ad01-faef76468be0@group-B85448540D00: start as a follower, conf=-1: [12400696-0678-464b-ad01-faef76468be0|rpc:10.1.0.11:44187|priority:0, a378c862-060f-4c80-8a42-fa0762e0f8c9|rpc:10.1.0.11:42281|priority:0, 9fd2e81d-61d0-44de-872c-4ae9b66045fe|rpc:10.1.0.11:34541|priority:1], old=null
2021-09-02 02:24:20,260 [pool-1154-thread-1] INFO  server.RaftServer$Division (RaftServerImpl.java:setRole(285)) - 12400696-0678-464b-ad01-faef76468be0@group-B85448540D00: changes role from      null to FOLLOWER at term 0 for startAsFollower
2021-09-02 02:24:20,260 [pool-1154-thread-1] INFO  impl.RoleInfo (RoleInfo.java:updateAndGet(130)) - 12400696-0678-464b-ad01-faef76468be0: start 12400696-0678-464b-ad01-faef76468be0@group-B85448540D00-FollowerState
2021-09-02 02:24:20,260 [pool-1154-thread-1] INFO  util.JmxRegister (JmxRegister.java:tryRegister(44)) - Successfully registered JMX Bean with object name Ratis:service=RaftServer,group=group-B85448540D00,id=12400696-0678-464b-ad01-faef76468be0
2021-09-02 02:24:20,266 [EventQueue-OpenPipelineForHealthyPipelineSafeModeRule] INFO  safemode.SCMSafeModeManager (HealthyPipelineSafeModeRule.java:process(124)) - SCM in safe mode. Healthy pipelines reported count is 0, required healthy pipeline reported count is 1
2021-09-02 02:24:20,268 [Command processor thread] INFO  ratis.XceiverServerRatis (XceiverServerRatis.java:addGroup(763)) - Created group PipelineID=2454dacd-6beb-41a7-8ffd-b85448540d00
2021-09-02 02:24:20,305 [pool-1173-thread-1] INFO  storage.RaftStorage (RaftStorageImpl.java:format(89)) - Storage directory /home/runner/work/ozone/ozone/hadoop-ozone/integration-test/target/test-dir/MiniOzoneClusterImpl-29bc8a50-871c-4f9e-822f-1a9e32d9d7f8/datanode-1/data/ratis/2454dacd-6beb-41a7-8ffd-b85448540d00 has been successfully formatted.
2021-09-02 02:24:20,305 [pool-1173-thread-1] INFO  ratis.ContainerStateMachine (ContainerStateMachine.java:loadSnapshot(224)) - group-B85448540D00: The snapshot info is null. Setting the last applied indexto:(t:0, i:~)
2021-09-02 02:24:20,305 [pool-1173-thread-1] INFO  server.RaftServerConfigKeys (ConfUtils.java:logGet(44)) - raft.server.notification.no-leader.timeout = 300000ms (custom)
2021-09-02 02:24:20,305 [pool-1173-thread-1] INFO  server.RaftServerConfigKeys (ConfUtils.java:logGet(44)) - raft.server.log.use.memory = false (default)
2021-09-02 02:24:20,305 [Datanode State Machine Thread - 0] WARN  statemachine.StateContext (StateContext.java:execute(621)) - No available thread in pool for past 1 seconds.
2021-09-02 02:24:20,306 [EventQueue-OpenPipelineForHealthyPipelineSafeModeRule] INFO  safemode.SCMSafeModeManager (HealthyPipelineSafeModeRule.java:process(124)) - SCM in safe mode. Healthy pipelines reported count is 0, required healthy pipeline reported count is 1
2021-09-02 02:24:20,305 [pool-1173-thread-1] INFO  server.RaftServerConfigKeys (ConfUtils.java:logGet(44)) - raft.server.log.purge.gap = 1000000 (custom)
2021-09-02 02:24:20,306 [pool-1173-thread-1] INFO  server.RaftServerConfigKeys (ConfUtils.java:logGet(44)) - raft.server.log.appender.buffer.byte-limit = 33554432 (custom)
2021-09-02 02:24:20,307 [pool-1173-thread-1] INFO  server.RaftServerConfigKeys (ConfUtils.java:logGet(44)) - raft.server.log.segment.size.max = 1048576 (custom)
2021-09-02 02:24:20,307 [pool-1173-thread-1] INFO  server.RaftServerConfigKeys (ConfUtils.java:logGet(44)) - raft.server.log.segment.cache.num.max = 2 (custom)
2021-09-02 02:24:20,307 [pool-1173-thread-1] INFO  server.RaftServerConfigKeys (ConfUtils.java:logGet(44)) - raft.server.log.segment.cache.size.max = 200MB (=209715200) (default)
2021-09-02 02:24:20,307 [pool-1173-thread-1] INFO  segmented.SegmentedRaftLogWorker (SegmentedRaftLogWorker.java:<init>(182)) - new a378c862-060f-4c80-8a42-fa0762e0f8c9@group-B85448540D00-SegmentedRaftLogWorker for RaftStorageImpl:Storage Directory /home/runner/work/ozone/ozone/hadoop-ozone/integration-test/target/test-dir/MiniOzoneClusterImpl-29bc8a50-871c-4f9e-822f-1a9e32d9d7f8/datanode-1/data/ratis/2454dacd-6beb-41a7-8ffd-b85448540d00
2021-09-02 02:24:20,307 [pool-1173-thread-1] INFO  server.RaftServerConfigKeys (ConfUtils.java:logGet(44)) - raft.server.log.queue.byte-limit = 2147483647 (custom)
2021-09-02 02:24:20,308 [pool-1173-thread-1] INFO  server.RaftServerConfigKeys (ConfUtils.java:logGet(44)) - raft.server.log.queue.element-limit = 1024 (custom)
2021-09-02 02:24:20,308 [pool-1173-thread-1] INFO  server.RaftServerConfigKeys (ConfUtils.java:logGet(44)) - raft.server.log.segment.size.max = 1048576 (custom)
2021-09-02 02:24:20,308 [pool-1173-thread-1] INFO  server.RaftServerConfigKeys (ConfUtils.java:logGet(44)) - raft.server.log.preallocated.size = 16384 (custom)
2021-09-02 02:24:20,308 [pool-1173-thread-1] INFO  server.RaftServerConfigKeys (ConfUtils.java:logGet(44)) - raft.server.log.force.sync.num = 128 (default)
2021-09-02 02:24:20,308 [pool-1173-thread-1] INFO  server.RaftServerConfigKeys (ConfUtils.java:logGet(44)) - raft.server.log.statemachine.data.sync = true (default)
2021-09-02 02:24:20,308 [pool-1173-thread-1] INFO  server.RaftServerConfigKeys (ConfUtils.java:logGet(44)) - raft.server.log.statemachine.data.sync.timeout = 10s (default)
2021-09-02 02:24:20,308 [pool-1173-thread-1] INFO  server.RaftServerConfigKeys (ConfUtils.java:logGet(44)) - raft.server.log.statemachine.data.sync.timeout.retry = -1 (default)
2021-09-02 02:24:20,308 [grpc-default-executor-2] INFO  server.RaftServer (RaftServerProxy.java:addNew(95)) - 9fd2e81d-61d0-44de-872c-4ae9b66045fe: addNew group-B85448540D00:[12400696-0678-464b-ad01-faef76468be0|rpc:10.1.0.11:44187|dataStream:|priority:0, a378c862-060f-4c80-8a42-fa0762e0f8c9|rpc:10.1.0.11:42281|dataStream:|priority:0, 9fd2e81d-61d0-44de-872c-4ae9b66045fe|rpc:10.1.0.11:34541|dataStream:|priority:1] returns group-B85448540D00:java.util.concurrent.CompletableFuture@141697e0[Not completed]
2021-09-02 02:24:20,310 [pool-1173-thread-1] INFO  server.RaftServerConfigKeys (ConfUtils.java:logGet(44)) - raft.server.log.write.buffer.size = 1048576 (custom)
2021-09-02 02:24:20,312 [pool-1173-thread-1] INFO  server.RaftServerConfigKeys (ConfUtils.java:logGet(44)) - raft.server.log.statemachine.data.caching.enabled = true (custom)
2021-09-02 02:24:20,312 [pool-1173-thread-1] INFO  segmented.SegmentedRaftLogWorker (SegmentedRaftLogWorker.java:lambda$new$0(133)) - a378c862-060f-4c80-8a42-fa0762e0f8c9@group-B85448540D00-SegmentedRaftLogWorker: flushIndex: setUnconditionally 0 -> -1
2021-09-02 02:24:20,312 [pool-1173-thread-1] INFO  segmented.SegmentedRaftLogWorker (SegmentedRaftLogWorker.java:lambda$new$0(133)) - a378c862-060f-4c80-8a42-fa0762e0f8c9@group-B85448540D00-SegmentedRaftLogWorker: safeCacheEvictIndex: setUnconditionally 0 -> -1
2021-09-02 02:24:20,308 [pool-1192-thread-1] INFO  server.RaftServer$Division (RaftServerImpl.java:<init>(181)) - 9fd2e81d-61d0-44de-872c-4ae9b66045fe: new RaftServerImpl for group-B85448540D00:[12400696-0678-464b-ad01-faef76468be0|rpc:10.1.0.11:44187|dataStream:|priority:0, a378c862-060f-4c80-8a42-fa0762e0f8c9|rpc:10.1.0.11:42281|dataStream:|priority:0, 9fd2e81d-61d0-44de-872c-4ae9b66045fe|rpc:10.1.0.11:34541|dataStream:|priority:1] with ContainerStateMachine:uninitialized
2021-09-02 02:24:20,312 [pool-1192-thread-1] INFO  server.RaftServerConfigKeys (ConfUtils.java:logGet(44)) - raft.server.rpc.timeout.min = 5s (custom)
2021-09-02 02:24:20,312 [pool-1192-thread-1] INFO  server.RaftServerConfigKeys (ConfUtils.java:logGet(44)) - raft.server.rpc.timeout.max = 5200ms (custom)
2021-09-02 02:24:20,312 [pool-1192-thread-1] INFO  server.RaftServerConfigKeys (ConfUtils.java:logGet(44)) - raft.server.rpc.sleep.time = 25ms (default)
2021-09-02 02:24:20,312 [pool-1192-thread-1] INFO  server.RaftServerConfigKeys (ConfUtils.java:logGet(44)) - raft.server.rpc.slowness.timeout = 300000ms (custom)
2021-09-02 02:24:20,312 [pool-1192-thread-1] INFO  server.RaftServerConfigKeys (ConfUtils.java:logGet(44)) - raft.server.leaderelection.leader.step-down.wait-time = 10s (default)
2021-09-02 02:24:20,312 [pool-1192-thread-1] INFO  server.RaftServerConfigKeys (ConfUtils.java:logGet(44)) - raft.server.sleep.deviation.threshold = 300ms (default)
2021-09-02 02:24:20,312 [pool-1192-thread-1] INFO  server.RaftServerConfigKeys (ConfUtils.java:logGet(44)) - raft.server.log.appender.install.snapshot.enabled = false (custom)
2021-09-02 02:24:20,312 [pool-1192-thread-1] INFO  server.RaftServer$Division (ServerState.java:<init>(105)) - 9fd2e81d-61d0-44de-872c-4ae9b66045fe@group-B85448540D00: ConfigurationManager, init=-1: [12400696-0678-464b-ad01-faef76468be0|rpc:10.1.0.11:44187|dataStream:|priority:0, a378c862-060f-4c80-8a42-fa0762e0f8c9|rpc:10.1.0.11:42281|dataStream:|priority:0, 9fd2e81d-61d0-44de-872c-4ae9b66045fe|rpc:10.1.0.11:34541|dataStream:|priority:1], old=null, confs=<EMPTY_MAP>
2021-09-02 02:24:20,312 [pool-1192-thread-1] INFO  server.RaftServerConfigKeys (ConfUtils.java:logGet(44)) - raft.server.storage.dir = [/home/runner/work/ozone/ozone/hadoop-ozone/integration-test/target/test-dir/MiniOzoneClusterImpl-29bc8a50-871c-4f9e-822f-1a9e32d9d7f8/datanode-2/data/ratis] (custom)
2021-09-02 02:24:20,312 [pool-1192-thread-1] INFO  server.RaftServerConfigKeys (ConfUtils.java:logGet(44)) - raft.server.log.corruption.policy = EXCEPTION (default)
2021-09-02 02:24:20,312 [pool-1192-thread-1] INFO  server.RaftServerConfigKeys (ConfUtils.java:logGet(44)) - raft.server.storage.free-space.min = 0MB (=0) (default)
2021-09-02 02:24:20,312 [pool-1192-thread-1] INFO  storage.RaftStorageDirectory (RaftStorageDirectoryImpl.java:analyzeStorage(135)) - The storage directory /home/runner/work/ozone/ozone/hadoop-ozone/integration-test/target/test-dir/MiniOzoneClusterImpl-29bc8a50-871c-4f9e-822f-1a9e32d9d7f8/datanode-2/data/ratis/2454dacd-6beb-41a7-8ffd-b85448540d00 does not exist. Creating ...
2021-09-02 02:24:20,313 [pool-1192-thread-1] INFO  storage.RaftStorageDirectory (RaftStorageDirectoryImpl.java:tryLock(230)) - Lock on /home/runner/work/ozone/ozone/hadoop-ozone/integration-test/target/test-dir/MiniOzoneClusterImpl-29bc8a50-871c-4f9e-822f-1a9e32d9d7f8/datanode-2/data/ratis/2454dacd-6beb-41a7-8ffd-b85448540d00/in_use.lock acquired by nodename 23478@fv-az195-103
2021-09-02 02:24:20,314 [pool-1192-thread-1] INFO  storage.RaftStorage (RaftStorageImpl.java:format(89)) - Storage directory /home/runner/work/ozone/ozone/hadoop-ozone/integration-test/target/test-dir/MiniOzoneClusterImpl-29bc8a50-871c-4f9e-822f-1a9e32d9d7f8/datanode-2/data/ratis/2454dacd-6beb-41a7-8ffd-b85448540d00 has been successfully formatted.
2021-09-02 02:24:20,331 [pool-1173-thread-1] INFO  server.RaftServerConfigKeys (ConfUtils.java:logGet(44)) - raft.server.snapshot.auto.trigger.enabled = true (custom)
2021-09-02 02:24:20,331 [pool-1173-thread-1] INFO  server.RaftServerConfigKeys (ConfUtils.java:logGet(44)) - raft.server.snapshot.auto.trigger.threshold = 10000 (custom)
2021-09-02 02:24:20,331 [pool-1173-thread-1] INFO  server.RaftServerConfigKeys (ConfUtils.java:logGet(44)) - raft.server.snapshot.retention.file.num = 5 (custom)
2021-09-02 02:24:20,331 [pool-1173-thread-1] INFO  server.RaftServerConfigKeys (ConfUtils.java:logGet(44)) - raft.server.log.purge.upto.snapshot.index = false (default)
2021-09-02 02:24:20,331 [pool-1173-thread-1] INFO  server.RaftServerConfigKeys (ConfUtils.java:logGet(44)) - raft.server.retrycache.expirytime = 600000ms (custom)
2021-09-02 02:24:20,331 [pool-1173-thread-1] INFO  server.RaftServerConfigKeys (ConfUtils.java:logGet(44)) - raft.server.retrycache.statistics.expirytime = 100μs (default)
2021-09-02 02:24:20,340 [pool-1192-thread-1] INFO  ratis.ContainerStateMachine (ContainerStateMachine.java:loadSnapshot(224)) - group-B85448540D00: The snapshot info is null. Setting the last applied indexto:(t:0, i:~)
2021-09-02 02:24:20,340 [pool-1173-thread-1] INFO  server.RaftServer$Division (RaftServerImpl.java:start(296)) - a378c862-060f-4c80-8a42-fa0762e0f8c9@group-B85448540D00: start as a follower, conf=-1: [12400696-0678-464b-ad01-faef76468be0|rpc:10.1.0.11:44187|priority:0, a378c862-060f-4c80-8a42-fa0762e0f8c9|rpc:10.1.0.11:42281|priority:0, 9fd2e81d-61d0-44de-872c-4ae9b66045fe|rpc:10.1.0.11:34541|priority:1], old=null
2021-09-02 02:24:20,340 [pool-1192-thread-1] INFO  server.RaftServerConfigKeys (ConfUtils.java:logGet(44)) - raft.server.notification.no-leader.timeout = 300000ms (custom)
2021-09-02 02:24:20,340 [pool-1192-thread-1] INFO  server.RaftServerConfigKeys (ConfUtils.java:logGet(44)) - raft.server.log.use.memory = false (default)
2021-09-02 02:24:20,340 [pool-1173-thread-1] INFO  server.RaftServer$Division (RaftServerImpl.java:setRole(285)) - a378c862-060f-4c80-8a42-fa0762e0f8c9@group-B85448540D00: changes role from      null to FOLLOWER at term 0 for startAsFollower
2021-09-02 02:24:20,340 [pool-1192-thread-1] INFO  server.RaftServerConfigKeys (ConfUtils.java:logGet(44)) - raft.server.log.purge.gap = 1000000 (custom)
2021-09-02 02:24:20,340 [pool-1192-thread-1] INFO  server.RaftServerConfigKeys (ConfUtils.java:logGet(44)) - raft.server.log.appender.buffer.byte-limit = 33554432 (custom)
2021-09-02 02:24:20,340 [pool-1173-thread-1] INFO  impl.RoleInfo (RoleInfo.java:updateAndGet(130)) - a378c862-060f-4c80-8a42-fa0762e0f8c9: start a378c862-060f-4c80-8a42-fa0762e0f8c9@group-B85448540D00-FollowerState
2021-09-02 02:24:20,340 [pool-1192-thread-1] INFO  server.RaftServerConfigKeys (ConfUtils.java:logGet(44)) - raft.server.log.segment.size.max = 1048576 (custom)
2021-09-02 02:24:20,341 [pool-1192-thread-1] INFO  server.RaftServerConfigKeys (ConfUtils.java:logGet(44)) - raft.server.log.segment.cache.num.max = 2 (custom)
2021-09-02 02:24:20,341 [pool-1192-thread-1] INFO  server.RaftServerConfigKeys (ConfUtils.java:logGet(44)) - raft.server.log.segment.cache.size.max = 200MB (=209715200) (default)
2021-09-02 02:24:20,341 [pool-1192-thread-1] INFO  segmented.SegmentedRaftLogWorker (SegmentedRaftLogWorker.java:<init>(182)) - new 9fd2e81d-61d0-44de-872c-4ae9b66045fe@group-B85448540D00-SegmentedRaftLogWorker for RaftStorageImpl:Storage Directory /home/runner/work/ozone/ozone/hadoop-ozone/integration-test/target/test-dir/MiniOzoneClusterImpl-29bc8a50-871c-4f9e-822f-1a9e32d9d7f8/datanode-2/data/ratis/2454dacd-6beb-41a7-8ffd-b85448540d00
2021-09-02 02:24:20,341 [pool-1192-thread-1] INFO  server.RaftServerConfigKeys (ConfUtils.java:logGet(44)) - raft.server.log.queue.byte-limit = 2147483647 (custom)
2021-09-02 02:24:20,341 [pool-1192-thread-1] INFO  server.RaftServerConfigKeys (ConfUtils.java:logGet(44)) - raft.server.log.queue.element-limit = 1024 (custom)
2021-09-02 02:24:20,342 [pool-1192-thread-1] INFO  server.RaftServerConfigKeys (ConfUtils.java:logGet(44)) - raft.server.log.segment.size.max = 1048576 (custom)
2021-09-02 02:24:20,342 [pool-1192-thread-1] INFO  server.RaftServerConfigKeys (ConfUtils.java:logGet(44)) - raft.server.log.preallocated.size = 16384 (custom)
2021-09-02 02:24:20,342 [pool-1192-thread-1] INFO  server.RaftServerConfigKeys (ConfUtils.java:logGet(44)) - raft.server.log.force.sync.num = 128 (default)
2021-09-02 02:24:20,342 [pool-1192-thread-1] INFO  server.RaftServerConfigKeys (ConfUtils.java:logGet(44)) - raft.server.log.statemachine.data.sync = true (default)
2021-09-02 02:24:20,342 [pool-1192-thread-1] INFO  server.RaftServerConfigKeys (ConfUtils.java:logGet(44)) - raft.server.log.statemachine.data.sync.timeout = 10s (default)
2021-09-02 02:24:20,342 [pool-1192-thread-1] INFO  server.RaftServerConfigKeys (ConfUtils.java:logGet(44)) - raft.server.log.statemachine.data.sync.timeout.retry = -1 (default)
2021-09-02 02:24:20,349 [pool-1173-thread-1] INFO  util.JmxRegister (JmxRegister.java:tryRegister(44)) - Successfully registered JMX Bean with object name Ratis:service=RaftServer,group=group-B85448540D00,id=a378c862-060f-4c80-8a42-fa0762e0f8c9
2021-09-02 02:24:20,351 [pool-1192-thread-1] INFO  server.RaftServerConfigKeys (ConfUtils.java:logGet(44)) - raft.server.log.write.buffer.size = 1048576 (custom)
2021-09-02 02:24:20,352 [pool-1192-thread-1] INFO  server.RaftServerConfigKeys (ConfUtils.java:logGet(44)) - raft.server.log.statemachine.data.caching.enabled = true (custom)
2021-09-02 02:24:20,352 [pool-1192-thread-1] INFO  segmented.SegmentedRaftLogWorker (SegmentedRaftLogWorker.java:lambda$new$0(133)) - 9fd2e81d-61d0-44de-872c-4ae9b66045fe@group-B85448540D00-SegmentedRaftLogWorker: flushIndex: setUnconditionally 0 -> -1
2021-09-02 02:24:20,352 [pool-1192-thread-1] INFO  segmented.SegmentedRaftLogWorker (SegmentedRaftLogWorker.java:lambda$new$0(133)) - 9fd2e81d-61d0-44de-872c-4ae9b66045fe@group-B85448540D00-SegmentedRaftLogWorker: safeCacheEvictIndex: setUnconditionally 0 -> -1
2021-09-02 02:24:20,353 [Datanode State Machine Thread - 0] WARN  statemachine.StateContext (StateContext.java:execute(621)) - No available thread in pool for past 1 seconds.
2021-09-02 02:24:20,372 [pool-1192-thread-1] INFO  server.RaftServerConfigKeys (ConfUtils.java:logGet(44)) - raft.server.snapshot.auto.trigger.enabled = true (custom)
2021-09-02 02:24:20,372 [pool-1192-thread-1] INFO  server.RaftServerConfigKeys (ConfUtils.java:logGet(44)) - raft.server.snapshot.auto.trigger.threshold = 10000 (custom)
2021-09-02 02:24:20,372 [pool-1192-thread-1] INFO  server.RaftServerConfigKeys (ConfUtils.java:logGet(44)) - raft.server.snapshot.retention.file.num = 5 (custom)
2021-09-02 02:24:20,372 [pool-1192-thread-1] INFO  server.RaftServerConfigKeys (ConfUtils.java:logGet(44)) - raft.server.log.purge.upto.snapshot.index = false (default)
2021-09-02 02:24:20,376 [Command processor thread] INFO  ratis.XceiverServerRatis (XceiverServerRatis.java:addGroup(763)) - Created group PipelineID=2454dacd-6beb-41a7-8ffd-b85448540d00
2021-09-02 02:24:20,378 [pool-1192-thread-1] INFO  server.RaftServerConfigKeys (ConfUtils.java:logGet(44)) - raft.server.retrycache.expirytime = 600000ms (custom)
2021-09-02 02:24:20,378 [pool-1192-thread-1] INFO  server.RaftServerConfigKeys (ConfUtils.java:logGet(44)) - raft.server.retrycache.statistics.expirytime = 100μs (default)
2021-09-02 02:24:20,383 [pool-1192-thread-1] INFO  server.RaftServer$Division (RaftServerImpl.java:start(296)) - 9fd2e81d-61d0-44de-872c-4ae9b66045fe@group-B85448540D00: start as a follower, conf=-1: [12400696-0678-464b-ad01-faef76468be0|rpc:10.1.0.11:44187|dataStream:|priority:0, a378c862-060f-4c80-8a42-fa0762e0f8c9|rpc:10.1.0.11:42281|dataStream:|priority:0, 9fd2e81d-61d0-44de-872c-4ae9b66045fe|rpc:10.1.0.11:34541|dataStream:|priority:1], old=null
2021-09-02 02:24:20,385 [pool-1192-thread-1] INFO  server.RaftServer$Division (RaftServerImpl.java:setRole(285)) - 9fd2e81d-61d0-44de-872c-4ae9b66045fe@group-B85448540D00: changes role from      null to FOLLOWER at term 0 for startAsFollower
2021-09-02 02:24:20,389 [pool-1192-thread-1] INFO  impl.RoleInfo (RoleInfo.java:updateAndGet(130)) - 9fd2e81d-61d0-44de-872c-4ae9b66045fe: start 9fd2e81d-61d0-44de-872c-4ae9b66045fe@group-B85448540D00-FollowerState
2021-09-02 02:24:20,394 [pool-1192-thread-1] INFO  util.JmxRegister (JmxRegister.java:tryRegister(44)) - Successfully registered JMX Bean with object name Ratis:service=RaftServer,group=group-B85448540D00,id=9fd2e81d-61d0-44de-872c-4ae9b66045fe
2021-09-02 02:24:20,713 [Command processor thread] INFO  commandhandler.CreatePipelineCommandHandler (CreatePipelineCommandHandler.java:handle(106)) - Created Pipeline RATIS THREE PipelineID=2454dacd-6beb-41a7-8ffd-b85448540d00.
2021-09-02 02:24:20,773 [Command processor thread] INFO  commandhandler.CreatePipelineCommandHandler (CreatePipelineCommandHandler.java:handle(106)) - Created Pipeline RATIS THREE PipelineID=2454dacd-6beb-41a7-8ffd-b85448540d00.
2021-09-02 02:24:20,881 [Command processor thread] INFO  server.RaftServer (RaftServerProxy.java:addNew(95)) - 9fd2e81d-61d0-44de-872c-4ae9b66045fe: addNew group-9DBDBFE0FE9E:[9fd2e81d-61d0-44de-872c-4ae9b66045fe|rpc:10.1.0.11:34541|priority:1] returns group-9DBDBFE0FE9E:java.util.concurrent.CompletableFuture@5a4317c4[Not completed]
2021-09-02 02:24:20,882 [pool-1192-thread-1] INFO  server.RaftServer$Division (RaftServerImpl.java:<init>(181)) - 9fd2e81d-61d0-44de-872c-4ae9b66045fe: new RaftServerImpl for group-9DBDBFE0FE9E:[9fd2e81d-61d0-44de-872c-4ae9b66045fe|rpc:10.1.0.11:34541|priority:1] with ContainerStateMachine:uninitialized
2021-09-02 02:24:20,882 [pool-1192-thread-1] INFO  server.RaftServerConfigKeys (ConfUtils.java:logGet(44)) - raft.server.rpc.timeout.min = 5s (custom)
2021-09-02 02:24:20,882 [pool-1192-thread-1] INFO  server.RaftServerConfigKeys (ConfUtils.java:logGet(44)) - raft.server.rpc.timeout.max = 5200ms (custom)
2021-09-02 02:24:20,882 [pool-1192-thread-1] INFO  server.RaftServerConfigKeys (ConfUtils.java:logGet(44)) - raft.server.rpc.sleep.time = 25ms (default)
2021-09-02 02:24:20,882 [pool-1192-thread-1] INFO  server.RaftServerConfigKeys (ConfUtils.java:logGet(44)) - raft.server.rpc.slowness.timeout = 300000ms (custom)
2021-09-02 02:24:20,882 [pool-1192-thread-1] INFO  server.RaftServerConfigKeys (ConfUtils.java:logGet(44)) - raft.server.leaderelection.leader.step-down.wait-time = 10s (default)
2021-09-02 02:24:20,882 [pool-1192-thread-1] INFO  server.RaftServerConfigKeys (ConfUtils.java:logGet(44)) - raft.server.sleep.deviation.threshold = 300ms (default)
2021-09-02 02:24:20,882 [pool-1192-thread-1] INFO  server.RaftServerConfigKeys (ConfUtils.java:logGet(44)) - raft.server.log.appender.install.snapshot.enabled = false (custom)
2021-09-02 02:24:20,882 [pool-1192-thread-1] INFO  server.RaftServer$Division (ServerState.java:<init>(105)) - 9fd2e81d-61d0-44de-872c-4ae9b66045fe@group-9DBDBFE0FE9E: ConfigurationManager, init=-1: [9fd2e81d-61d0-44de-872c-4ae9b66045fe|rpc:10.1.0.11:34541|priority:1], old=null, confs=<EMPTY_MAP>
2021-09-02 02:24:20,882 [pool-1192-thread-1] INFO  server.RaftServerConfigKeys (ConfUtils.java:logGet(44)) - raft.server.storage.dir = [/home/runner/work/ozone/ozone/hadoop-ozone/integration-test/target/test-dir/MiniOzoneClusterImpl-29bc8a50-871c-4f9e-822f-1a9e32d9d7f8/datanode-2/data/ratis] (custom)
2021-09-02 02:24:20,883 [pool-1192-thread-1] INFO  server.RaftServerConfigKeys (ConfUtils.java:logGet(44)) - raft.server.log.corruption.policy = EXCEPTION (default)
2021-09-02 02:24:20,883 [pool-1192-thread-1] INFO  server.RaftServerConfigKeys (ConfUtils.java:logGet(44)) - raft.server.storage.free-space.min = 0MB (=0) (default)
2021-09-02 02:24:20,883 [pool-1192-thread-1] INFO  storage.RaftStorageDirectory (RaftStorageDirectoryImpl.java:analyzeStorage(135)) - The storage directory /home/runner/work/ozone/ozone/hadoop-ozone/integration-test/target/test-dir/MiniOzoneClusterImpl-29bc8a50-871c-4f9e-822f-1a9e32d9d7f8/datanode-2/data/ratis/30084a98-90ef-4f0d-b2eb-9dbdbfe0fe9e does not exist. Creating ...
2021-09-02 02:24:20,884 [pool-1192-thread-1] INFO  storage.RaftStorageDirectory (RaftStorageDirectoryImpl.java:tryLock(230)) - Lock on /home/runner/work/ozone/ozone/hadoop-ozone/integration-test/target/test-dir/MiniOzoneClusterImpl-29bc8a50-871c-4f9e-822f-1a9e32d9d7f8/datanode-2/data/ratis/30084a98-90ef-4f0d-b2eb-9dbdbfe0fe9e/in_use.lock acquired by nodename 23478@fv-az195-103
2021-09-02 02:24:20,894 [pool-1192-thread-1] INFO  storage.RaftStorage (RaftStorageImpl.java:format(89)) - Storage directory /home/runner/work/ozone/ozone/hadoop-ozone/integration-test/target/test-dir/MiniOzoneClusterImpl-29bc8a50-871c-4f9e-822f-1a9e32d9d7f8/datanode-2/data/ratis/30084a98-90ef-4f0d-b2eb-9dbdbfe0fe9e has been successfully formatted.
2021-09-02 02:24:20,894 [pool-1192-thread-1] INFO  ratis.ContainerStateMachine (ContainerStateMachine.java:loadSnapshot(224)) - group-9DBDBFE0FE9E: The snapshot info is null. Setting the last applied indexto:(t:0, i:~)
2021-09-02 02:24:20,894 [pool-1192-thread-1] INFO  server.RaftServerConfigKeys (ConfUtils.java:logGet(44)) - raft.server.notification.no-leader.timeout = 300000ms (custom)
2021-09-02 02:24:20,894 [pool-1192-thread-1] INFO  server.RaftServerConfigKeys (ConfUtils.java:logGet(44)) - raft.server.log.use.memory = false (default)
2021-09-02 02:24:20,895 [pool-1192-thread-1] INFO  server.RaftServerConfigKeys (ConfUtils.java:logGet(44)) - raft.server.log.purge.gap = 1000000 (custom)
2021-09-02 02:24:20,895 [pool-1192-thread-1] INFO  server.RaftServerConfigKeys (ConfUtils.java:logGet(44)) - raft.server.log.appender.buffer.byte-limit = 33554432 (custom)
2021-09-02 02:24:20,895 [pool-1192-thread-1] INFO  server.RaftServerConfigKeys (ConfUtils.java:logGet(44)) - raft.server.log.segment.size.max = 1048576 (custom)
2021-09-02 02:24:20,895 [EventQueue-PipelineReportForPipelineReportHandler] INFO  pipeline.PipelineManagerImpl (PipelineManagerImpl.java:openPipeline(282)) - Pipeline Pipeline[ Id: 30084a98-90ef-4f0d-b2eb-9dbdbfe0fe9e, Nodes: 9fd2e81d-61d0-44de-872c-4ae9b66045fe{ip: 10.1.0.11, host: fv-az195-103.u3nnjwd0vyge1bu22idnsdeq2e.cx.internal.cloudapp.net, ports: [REPLICATION=43381, RATIS=34541, RATIS_ADMIN=34541, RATIS_SERVER=34541, STANDALONE=35945], networkLocation: /default-rack, certSerialId: null, persistedOpState: IN_SERVICE, persistedOpStateExpiryEpochSec: 0}, ReplicationConfig: RATIS/ONE, State:ALLOCATED, leaderId:9fd2e81d-61d0-44de-872c-4ae9b66045fe, CreationTimestamp2021-09-02T02:24:17.886Z[Etc/UTC]] moved to OPEN state
2021-09-02 02:24:20,895 [EventQueue-OpenPipelineForHealthyPipelineSafeModeRule] INFO  safemode.SCMSafeModeManager (HealthyPipelineSafeModeRule.java:process(124)) - SCM in safe mode. Healthy pipelines reported count is 0, required healthy pipeline reported count is 1
2021-09-02 02:24:20,896 [pool-1192-thread-1] INFO  server.RaftServerConfigKeys (ConfUtils.java:logGet(44)) - raft.server.log.segment.cache.num.max = 2 (custom)
2021-09-02 02:24:20,896 [pool-1192-thread-1] INFO  server.RaftServerConfigKeys (ConfUtils.java:logGet(44)) - raft.server.log.segment.cache.size.max = 200MB (=209715200) (default)
2021-09-02 02:24:20,896 [pool-1192-thread-1] INFO  segmented.SegmentedRaftLogWorker (SegmentedRaftLogWorker.java:<init>(182)) - new 9fd2e81d-61d0-44de-872c-4ae9b66045fe@group-9DBDBFE0FE9E-SegmentedRaftLogWorker for RaftStorageImpl:Storage Directory /home/runner/work/ozone/ozone/hadoop-ozone/integration-test/target/test-dir/MiniOzoneClusterImpl-29bc8a50-871c-4f9e-822f-1a9e32d9d7f8/datanode-2/data/ratis/30084a98-90ef-4f0d-b2eb-9dbdbfe0fe9e
2021-09-02 02:24:20,896 [pool-1192-thread-1] INFO  server.RaftServerConfigKeys (ConfUtils.java:logGet(44)) - raft.server.log.queue.byte-limit = 2147483647 (custom)
2021-09-02 02:24:20,896 [pool-1192-thread-1] INFO  server.RaftServerConfigKeys (ConfUtils.java:logGet(44)) - raft.server.log.queue.element-limit = 1024 (custom)
2021-09-02 02:24:20,896 [pool-1192-thread-1] INFO  server.RaftServerConfigKeys (ConfUtils.java:logGet(44)) - raft.server.log.segment.size.max = 1048576 (custom)
2021-09-02 02:24:20,896 [pool-1192-thread-1] INFO  server.RaftServerConfigKeys (ConfUtils.java:logGet(44)) - raft.server.log.preallocated.size = 16384 (custom)
2021-09-02 02:24:20,896 [pool-1192-thread-1] INFO  server.RaftServerConfigKeys (ConfUtils.java:logGet(44)) - raft.server.log.force.sync.num = 128 (default)
2021-09-02 02:24:20,896 [pool-1192-thread-1] INFO  server.RaftServerConfigKeys (ConfUtils.java:logGet(44)) - raft.server.log.statemachine.data.sync = true (default)
2021-09-02 02:24:20,896 [pool-1192-thread-1] INFO  server.RaftServerConfigKeys (ConfUtils.java:logGet(44)) - raft.server.log.statemachine.data.sync.timeout = 10s (default)
2021-09-02 02:24:20,896 [pool-1192-thread-1] INFO  server.RaftServerConfigKeys (ConfUtils.java:logGet(44)) - raft.server.log.statemachine.data.sync.timeout.retry = -1 (default)
2021-09-02 02:24:20,898 [pool-1192-thread-1] INFO  server.RaftServerConfigKeys (ConfUtils.java:logGet(44)) - raft.server.log.write.buffer.size = 1048576 (custom)
2021-09-02 02:24:20,917 [pool-1192-thread-1] INFO  server.RaftServerConfigKeys (ConfUtils.java:logGet(44)) - raft.server.log.statemachine.data.caching.enabled = true (custom)
2021-09-02 02:24:20,918 [pool-1192-thread-1] INFO  segmented.SegmentedRaftLogWorker (SegmentedRaftLogWorker.java:lambda$new$0(133)) - 9fd2e81d-61d0-44de-872c-4ae9b66045fe@group-9DBDBFE0FE9E-SegmentedRaftLogWorker: flushIndex: setUnconditionally 0 -> -1
2021-09-02 02:24:20,929 [pool-1192-thread-1] INFO  segmented.SegmentedRaftLogWorker (SegmentedRaftLogWorker.java:lambda$new$0(133)) - 9fd2e81d-61d0-44de-872c-4ae9b66045fe@group-9DBDBFE0FE9E-SegmentedRaftLogWorker: safeCacheEvictIndex: setUnconditionally 0 -> -1
2021-09-02 02:24:20,945 [pool-1192-thread-1] INFO  server.RaftServerConfigKeys (ConfUtils.java:logGet(44)) - raft.server.snapshot.auto.trigger.enabled = true (custom)
2021-09-02 02:24:20,945 [pool-1192-thread-1] INFO  server.RaftServerConfigKeys (ConfUtils.java:logGet(44)) - raft.server.snapshot.auto.trigger.threshold = 10000 (custom)
2021-09-02 02:24:20,945 [pool-1192-thread-1] INFO  server.RaftServerConfigKeys (ConfUtils.java:logGet(44)) - raft.server.snapshot.retention.file.num = 5 (custom)
2021-09-02 02:24:20,945 [pool-1192-thread-1] INFO  server.RaftServerConfigKeys (ConfUtils.java:logGet(44)) - raft.server.log.purge.upto.snapshot.index = false (default)
2021-09-02 02:24:20,946 [pool-1192-thread-1] INFO  server.RaftServerConfigKeys (ConfUtils.java:logGet(44)) - raft.server.retrycache.expirytime = 600000ms (custom)
2021-09-02 02:24:20,946 [pool-1192-thread-1] INFO  server.RaftServerConfigKeys (ConfUtils.java:logGet(44)) - raft.server.retrycache.statistics.expirytime = 100μs (default)
2021-09-02 02:24:20,948 [pool-1192-thread-1] INFO  server.RaftServer$Division (RaftServerImpl.java:start(296)) - 9fd2e81d-61d0-44de-872c-4ae9b66045fe@group-9DBDBFE0FE9E: start as a follower, conf=-1: [9fd2e81d-61d0-44de-872c-4ae9b66045fe|rpc:10.1.0.11:34541|priority:1], old=null
2021-09-02 02:24:20,948 [pool-1192-thread-1] INFO  server.RaftServer$Division (RaftServerImpl.java:setRole(285)) - 9fd2e81d-61d0-44de-872c-4ae9b66045fe@group-9DBDBFE0FE9E: changes role from      null to FOLLOWER at term 0 for startAsFollower
2021-09-02 02:24:20,948 [pool-1192-thread-1] INFO  impl.RoleInfo (RoleInfo.java:updateAndGet(130)) - 9fd2e81d-61d0-44de-872c-4ae9b66045fe: start 9fd2e81d-61d0-44de-872c-4ae9b66045fe@group-9DBDBFE0FE9E-FollowerState
2021-09-02 02:24:20,949 [pool-1192-thread-1] INFO  util.JmxRegister (JmxRegister.java:tryRegister(44)) - Successfully registered JMX Bean with object name Ratis:service=RaftServer,group=group-9DBDBFE0FE9E,id=9fd2e81d-61d0-44de-872c-4ae9b66045fe
2021-09-02 02:24:20,957 [Command processor thread] INFO  ratis.XceiverServerRatis (XceiverServerRatis.java:addGroup(763)) - Created group PipelineID=30084a98-90ef-4f0d-b2eb-9dbdbfe0fe9e
2021-09-02 02:24:20,957 [Command processor thread] INFO  commandhandler.CreatePipelineCommandHandler (CreatePipelineCommandHandler.java:handle(106)) - Created Pipeline RATIS ONE PipelineID=30084a98-90ef-4f0d-b2eb-9dbdbfe0fe9e.
2021-09-02 02:24:21,024 [Listener at 127.0.0.1/45645] INFO  ozone.MiniOzoneClusterImpl (MiniOzoneClusterImpl.java:lambda$waitForClusterToBeReady$0(235)) - Waiting for nodes to be ready. Got 6 of 7 DN Heartbeats.
2021-09-02 02:24:21,025 [Listener at 127.0.0.1/45645] INFO  ozone.MiniOzoneClusterImpl (MiniOzoneClusterImpl.java:lambda$waitForClusterToBeReady$0(238)) - Waiting for cluster to exit safe mode
2021-09-02 02:24:21,025 [Listener at 127.0.0.1/45645] INFO  ozone.MiniOzoneClusterImpl (MiniOzoneClusterImpl.java:lambda$waitForClusterToBeReady$0(240)) - SCM became leader
2021-09-02 02:24:21,094 [IPC Server handler 2 on default port 41521] INFO  net.NetworkTopologyImpl (NetworkTopologyImpl.java:add(112)) - Added a new node: /default-rack/b6a9cdf2-c797-4205-b508-8495e2128e9f
2021-09-02 02:24:21,094 [IPC Server handler 2 on default port 41521] INFO  node.SCMNodeManager (SCMNodeManager.java:register(390)) - Registered Data node : b6a9cdf2-c797-4205-b508-8495e2128e9f{ip: 10.1.0.11, host: fv-az195-103.u3nnjwd0vyge1bu22idnsdeq2e.cx.internal.cloudapp.net, ports: [REPLICATION=32933, RATIS=40267, RATIS_ADMIN=40267, RATIS_SERVER=40267, STANDALONE=41401], networkLocation: /default-rack, certSerialId: null, persistedOpState: null, persistedOpStateExpiryEpochSec: 0}
2021-09-02 02:24:21,094 [EventQueue-NewNodeForNewNodeHandler] INFO  pipeline.BackgroundPipelineCreator (BackgroundPipelineCreatorV2.java:notifyEventTriggered(285)) - trigger a one-shot run on RatisPipelineUtilsThread.
2021-09-02 02:24:21,094 [RatisPipelineUtilsThread - 0] INFO  pipeline.RatisPipelineProvider (RatisPipelineProvider.java:lambda$create$0(183)) - Sending CreatePipelineCommand for pipeline:PipelineID=17d60e06-c1dc-4e62-b0be-fd7f40c7dccd to datanode:b6a9cdf2-c797-4205-b508-8495e2128e9f
2021-09-02 02:24:21,095 [RatisPipelineUtilsThread - 0] INFO  pipeline.PipelineStateManager (PipelineStateManagerV2Impl.java:addPipeline(101)) - Created pipeline Pipeline[ Id: 17d60e06-c1dc-4e62-b0be-fd7f40c7dccd, Nodes: b6a9cdf2-c797-4205-b508-8495e2128e9f{ip: 10.1.0.11, host: fv-az195-103.u3nnjwd0vyge1bu22idnsdeq2e.cx.internal.cloudapp.net, ports: [REPLICATION=32933, RATIS=40267, RATIS_ADMIN=40267, RATIS_SERVER=40267, STANDALONE=41401], networkLocation: /default-rack, certSerialId: null, persistedOpState: IN_SERVICE, persistedOpStateExpiryEpochSec: 0}, ReplicationConfig: RATIS/ONE, State:ALLOCATED, leaderId:, CreationTimestamp2021-09-02T02:24:21.094Z[Etc/UTC]].
2021-09-02 02:24:21,859 [Command processor thread] INFO  server.RaftServer (RaftServerProxy.java:addNew(95)) - af0a5c91-f714-4dc1-a2f1-efe0e47618a1: addNew group-AAAFC895A574:[af0a5c91-f714-4dc1-a2f1-efe0e47618a1|rpc:10.1.0.11:35001|priority:1] returns group-AAAFC895A574:java.util.concurrent.CompletableFuture@1e99a431[Not completed]
2021-09-02 02:24:21,860 [pool-1211-thread-1] INFO  server.RaftServer$Division (RaftServerImpl.java:<init>(181)) - af0a5c91-f714-4dc1-a2f1-efe0e47618a1: new RaftServerImpl for group-AAAFC895A574:[af0a5c91-f714-4dc1-a2f1-efe0e47618a1|rpc:10.1.0.11:35001|priority:1] with ContainerStateMachine:uninitialized
2021-09-02 02:24:21,860 [pool-1211-thread-1] INFO  server.RaftServerConfigKeys (ConfUtils.java:logGet(44)) - raft.server.rpc.timeout.min = 5s (custom)
2021-09-02 02:24:21,860 [pool-1211-thread-1] INFO  server.RaftServerConfigKeys (ConfUtils.java:logGet(44)) - raft.server.rpc.timeout.max = 5200ms (custom)
2021-09-02 02:24:21,860 [pool-1211-thread-1] INFO  server.RaftServerConfigKeys (ConfUtils.java:logGet(44)) - raft.server.rpc.sleep.time = 25ms (default)
2021-09-02 02:24:21,860 [pool-1211-thread-1] INFO  server.RaftServerConfigKeys (ConfUtils.java:logGet(44)) - raft.server.rpc.slowness.timeout = 300000ms (custom)
2021-09-02 02:24:21,860 [pool-1211-thread-1] INFO  server.RaftServerConfigKeys (ConfUtils.java:logGet(44)) - raft.server.leaderelection.leader.step-down.wait-time = 10s (default)
2021-09-02 02:24:21,860 [pool-1211-thread-1] INFO  server.RaftServerConfigKeys (ConfUtils.java:logGet(44)) - raft.server.sleep.deviation.threshold = 300ms (default)
2021-09-02 02:24:21,860 [pool-1211-thread-1] INFO  server.RaftServerConfigKeys (ConfUtils.java:logGet(44)) - raft.server.log.appender.install.snapshot.enabled = false (custom)
2021-09-02 02:24:21,860 [pool-1211-thread-1] INFO  server.RaftServer$Division (ServerState.java:<init>(105)) - af0a5c91-f714-4dc1-a2f1-efe0e47618a1@group-AAAFC895A574: ConfigurationManager, init=-1: [af0a5c91-f714-4dc1-a2f1-efe0e47618a1|rpc:10.1.0.11:35001|priority:1], old=null, confs=<EMPTY_MAP>
2021-09-02 02:24:21,861 [pool-1211-thread-1] INFO  server.RaftServerConfigKeys (ConfUtils.java:logGet(44)) - raft.server.storage.dir = [/home/runner/work/ozone/ozone/hadoop-ozone/integration-test/target/test-dir/MiniOzoneClusterImpl-29bc8a50-871c-4f9e-822f-1a9e32d9d7f8/datanode-3/data/ratis] (custom)
2021-09-02 02:24:21,861 [pool-1211-thread-1] INFO  server.RaftServerConfigKeys (ConfUtils.java:logGet(44)) - raft.server.log.corruption.policy = EXCEPTION (default)
2021-09-02 02:24:21,861 [pool-1211-thread-1] INFO  server.RaftServerConfigKeys (ConfUtils.java:logGet(44)) - raft.server.storage.free-space.min = 0MB (=0) (default)
2021-09-02 02:24:21,861 [pool-1211-thread-1] INFO  storage.RaftStorageDirectory (RaftStorageDirectoryImpl.java:analyzeStorage(135)) - The storage directory /home/runner/work/ozone/ozone/hadoop-ozone/integration-test/target/test-dir/MiniOzoneClusterImpl-29bc8a50-871c-4f9e-822f-1a9e32d9d7f8/datanode-3/data/ratis/5bf3b625-b2d2-4c5c-9ac8-aaafc895a574 does not exist. Creating ...
2021-09-02 02:24:21,917 [pool-1211-thread-1] INFO  storage.RaftStorageDirectory (RaftStorageDirectoryImpl.java:tryLock(230)) - Lock on /home/runner/work/ozone/ozone/hadoop-ozone/integration-test/target/test-dir/MiniOzoneClusterImpl-29bc8a50-871c-4f9e-822f-1a9e32d9d7f8/datanode-3/data/ratis/5bf3b625-b2d2-4c5c-9ac8-aaafc895a574/in_use.lock acquired by nodename 23478@fv-az195-103
2021-09-02 02:24:21,928 [pool-1211-thread-1] INFO  storage.RaftStorage (RaftStorageImpl.java:format(89)) - Storage directory /home/runner/work/ozone/ozone/hadoop-ozone/integration-test/target/test-dir/MiniOzoneClusterImpl-29bc8a50-871c-4f9e-822f-1a9e32d9d7f8/datanode-3/data/ratis/5bf3b625-b2d2-4c5c-9ac8-aaafc895a574 has been successfully formatted.
2021-09-02 02:24:22,007 [pool-1211-thread-1] INFO  ratis.ContainerStateMachine (ContainerStateMachine.java:loadSnapshot(224)) - group-AAAFC895A574: The snapshot info is null. Setting the last applied indexto:(t:0, i:~)
2021-09-02 02:24:22,009 [pool-1211-thread-1] INFO  server.RaftServerConfigKeys (ConfUtils.java:logGet(44)) - raft.server.notification.no-leader.timeout = 300000ms (custom)
2021-09-02 02:24:22,009 [Datanode State Machine Thread - 0] WARN  statemachine.StateContext (StateContext.java:execute(621)) - No available thread in pool for past 1 seconds.
2021-09-02 02:24:22,009 [EventQueue-PipelineReportForPipelineReportHandler] INFO  pipeline.PipelineManagerImpl (PipelineManagerImpl.java:openPipeline(282)) - Pipeline Pipeline[ Id: 5bf3b625-b2d2-4c5c-9ac8-aaafc895a574, Nodes: af0a5c91-f714-4dc1-a2f1-efe0e47618a1{ip: 10.1.0.11, host: fv-az195-103.u3nnjwd0vyge1bu22idnsdeq2e.cx.internal.cloudapp.net, ports: [REPLICATION=43217, RATIS=35001, RATIS_ADMIN=35001, RATIS_SERVER=35001, STANDALONE=35895], networkLocation: /default-rack, certSerialId: null, persistedOpState: IN_SERVICE, persistedOpStateExpiryEpochSec: 0}, ReplicationConfig: RATIS/ONE, State:ALLOCATED, leaderId:af0a5c91-f714-4dc1-a2f1-efe0e47618a1, CreationTimestamp2021-09-02T02:24:18.850Z[Etc/UTC]] moved to OPEN state
2021-09-02 02:24:22,010 [EventQueue-OpenPipelineForHealthyPipelineSafeModeRule] INFO  safemode.SCMSafeModeManager (HealthyPipelineSafeModeRule.java:process(124)) - SCM in safe mode. Healthy pipelines reported count is 0, required healthy pipeline reported count is 1
2021-09-02 02:24:22,010 [pool-1211-thread-1] INFO  server.RaftServerConfigKeys (ConfUtils.java:logGet(44)) - raft.server.log.use.memory = false (default)
2021-09-02 02:24:22,010 [pool-1211-thread-1] INFO  server.RaftServerConfigKeys (ConfUtils.java:logGet(44)) - raft.server.log.purge.gap = 1000000 (custom)
2021-09-02 02:24:22,010 [pool-1211-thread-1] INFO  server.RaftServerConfigKeys (ConfUtils.java:logGet(44)) - raft.server.log.appender.buffer.byte-limit = 33554432 (custom)
2021-09-02 02:24:22,010 [pool-1211-thread-1] INFO  server.RaftServerConfigKeys (ConfUtils.java:logGet(44)) - raft.server.log.segment.size.max = 1048576 (custom)
2021-09-02 02:24:22,011 [pool-1211-thread-1] INFO  server.RaftServerConfigKeys (ConfUtils.java:logGet(44)) - raft.server.log.segment.cache.num.max = 2 (custom)
2021-09-02 02:24:22,011 [pool-1211-thread-1] INFO  server.RaftServerConfigKeys (ConfUtils.java:logGet(44)) - raft.server.log.segment.cache.size.max = 200MB (=209715200) (default)
2021-09-02 02:24:22,011 [pool-1211-thread-1] INFO  segmented.SegmentedRaftLogWorker (SegmentedRaftLogWorker.java:<init>(182)) - new af0a5c91-f714-4dc1-a2f1-efe0e47618a1@group-AAAFC895A574-SegmentedRaftLogWorker for RaftStorageImpl:Storage Directory /home/runner/work/ozone/ozone/hadoop-ozone/integration-test/target/test-dir/MiniOzoneClusterImpl-29bc8a50-871c-4f9e-822f-1a9e32d9d7f8/datanode-3/data/ratis/5bf3b625-b2d2-4c5c-9ac8-aaafc895a574
2021-09-02 02:24:22,011 [pool-1211-thread-1] INFO  server.RaftServerConfigKeys (ConfUtils.java:logGet(44)) - raft.server.log.queue.byte-limit = 2147483647 (custom)
2021-09-02 02:24:22,011 [pool-1211-thread-1] INFO  server.RaftServerConfigKeys (ConfUtils.java:logGet(44)) - raft.server.log.queue.element-limit = 1024 (custom)
2021-09-02 02:24:22,011 [pool-1211-thread-1] INFO  server.RaftServerConfigKeys (ConfUtils.java:logGet(44)) - raft.server.log.segment.size.max = 1048576 (custom)
2021-09-02 02:24:22,011 [pool-1211-thread-1] INFO  server.RaftServerConfigKeys (ConfUtils.java:logGet(44)) - raft.server.log.preallocated.size = 16384 (custom)
2021-09-02 02:24:22,011 [pool-1211-thread-1] INFO  server.RaftServerConfigKeys (ConfUtils.java:logGet(44)) - raft.server.log.force.sync.num = 128 (default)
2021-09-02 02:24:22,011 [pool-1211-thread-1] INFO  server.RaftServerConfigKeys (ConfUtils.java:logGet(44)) - raft.server.log.statemachine.data.sync = true (default)
2021-09-02 02:24:22,012 [pool-1211-thread-1] INFO  server.RaftServerConfigKeys (ConfUtils.java:logGet(44)) - raft.server.log.statemachine.data.sync.timeout = 10s (default)
2021-09-02 02:24:22,012 [pool-1211-thread-1] INFO  server.RaftServerConfigKeys (ConfUtils.java:logGet(44)) - raft.server.log.statemachine.data.sync.timeout.retry = -1 (default)
2021-09-02 02:24:22,018 [pool-1211-thread-1] INFO  server.RaftServerConfigKeys (ConfUtils.java:logGet(44)) - raft.server.log.write.buffer.size = 1048576 (custom)
2021-09-02 02:24:22,018 [pool-1211-thread-1] INFO  server.RaftServerConfigKeys (ConfUtils.java:logGet(44)) - raft.server.log.statemachine.data.caching.enabled = true (custom)
2021-09-02 02:24:22,018 [pool-1211-thread-1] INFO  segmented.SegmentedRaftLogWorker (SegmentedRaftLogWorker.java:lambda$new$0(133)) - af0a5c91-f714-4dc1-a2f1-efe0e47618a1@group-AAAFC895A574-SegmentedRaftLogWorker: flushIndex: setUnconditionally 0 -> -1
2021-09-02 02:24:22,018 [pool-1211-thread-1] INFO  segmented.SegmentedRaftLogWorker (SegmentedRaftLogWorker.java:lambda$new$0(133)) - af0a5c91-f714-4dc1-a2f1-efe0e47618a1@group-AAAFC895A574-SegmentedRaftLogWorker: safeCacheEvictIndex: setUnconditionally 0 -> -1
2021-09-02 02:24:22,025 [Listener at 127.0.0.1/45645] INFO  ozone.MiniOzoneClusterImpl (MiniOzoneClusterImpl.java:lambda$waitForClusterToBeReady$0(235)) - Nodes are ready. Got 7 of 7 DN Heartbeats.
2021-09-02 02:24:22,025 [Listener at 127.0.0.1/45645] INFO  ozone.MiniOzoneClusterImpl (MiniOzoneClusterImpl.java:lambda$waitForClusterToBeReady$0(238)) - Waiting for cluster to exit safe mode
2021-09-02 02:24:22,025 [Listener at 127.0.0.1/45645] INFO  ozone.MiniOzoneClusterImpl (MiniOzoneClusterImpl.java:lambda$waitForClusterToBeReady$0(240)) - SCM became leader
2021-09-02 02:24:22,029 [pool-1211-thread-1] INFO  server.RaftServerConfigKeys (ConfUtils.java:logGet(44)) - raft.server.snapshot.auto.trigger.enabled = true (custom)
2021-09-02 02:24:22,029 [pool-1211-thread-1] INFO  server.RaftServerConfigKeys (ConfUtils.java:logGet(44)) - raft.server.snapshot.auto.trigger.threshold = 10000 (custom)
2021-09-02 02:24:22,030 [pool-1211-thread-1] INFO  server.RaftServerConfigKeys (ConfUtils.java:logGet(44)) - raft.server.snapshot.retention.file.num = 5 (custom)
2021-09-02 02:24:22,030 [pool-1211-thread-1] INFO  server.RaftServerConfigKeys (ConfUtils.java:logGet(44)) - raft.server.log.purge.upto.snapshot.index = false (default)
2021-09-02 02:24:22,030 [pool-1211-thread-1] INFO  server.RaftServerConfigKeys (ConfUtils.java:logGet(44)) - raft.server.retrycache.expirytime = 600000ms (custom)
2021-09-02 02:24:22,030 [pool-1211-thread-1] INFO  server.RaftServerConfigKeys (ConfUtils.java:logGet(44)) - raft.server.retrycache.statistics.expirytime = 100μs (default)
2021-09-02 02:24:22,032 [pool-1211-thread-1] INFO  server.RaftServer$Division (RaftServerImpl.java:start(296)) - af0a5c91-f714-4dc1-a2f1-efe0e47618a1@group-AAAFC895A574: start as a follower, conf=-1: [af0a5c91-f714-4dc1-a2f1-efe0e47618a1|rpc:10.1.0.11:35001|priority:1], old=null
2021-09-02 02:24:22,059 [pool-1211-thread-1] INFO  server.RaftServer$Division (RaftServerImpl.java:setRole(285)) - af0a5c91-f714-4dc1-a2f1-efe0e47618a1@group-AAAFC895A574: changes role from      null to FOLLOWER at term 0 for startAsFollower
2021-09-02 02:24:22,059 [pool-1211-thread-1] INFO  impl.RoleInfo (RoleInfo.java:updateAndGet(130)) - af0a5c91-f714-4dc1-a2f1-efe0e47618a1: start af0a5c91-f714-4dc1-a2f1-efe0e47618a1@group-AAAFC895A574-FollowerState
2021-09-02 02:24:22,063 [pool-1211-thread-1] INFO  util.JmxRegister (JmxRegister.java:tryRegister(44)) - Successfully registered JMX Bean with object name Ratis:service=RaftServer,group=group-AAAFC895A574,id=af0a5c91-f714-4dc1-a2f1-efe0e47618a1
2021-09-02 02:24:22,064 [Command processor thread] INFO  ratis.XceiverServerRatis (XceiverServerRatis.java:addGroup(763)) - Created group PipelineID=5bf3b625-b2d2-4c5c-9ac8-aaafc895a574
2021-09-02 02:24:22,064 [Command processor thread] INFO  commandhandler.CreatePipelineCommandHandler (CreatePipelineCommandHandler.java:handle(106)) - Created Pipeline RATIS ONE PipelineID=5bf3b625-b2d2-4c5c-9ac8-aaafc895a574.
2021-09-02 02:24:22,064 [Command processor thread] INFO  server.RaftServer (RaftServerProxy.java:addNew(95)) - af0a5c91-f714-4dc1-a2f1-efe0e47618a1: addNew group-D22779799422:[3c795851-1066-4b85-8bc1-6af36b99c451|rpc:10.1.0.11:42401|priority:1, 187906f6-3436-4d7b-ba29-fc09579eb1c8|rpc:10.1.0.11:41159|priority:0, af0a5c91-f714-4dc1-a2f1-efe0e47618a1|rpc:10.1.0.11:35001|priority:0] returns group-D22779799422:java.util.concurrent.CompletableFuture@1aa6333a[Not completed]
2021-09-02 02:24:22,065 [pool-1211-thread-1] INFO  server.RaftServer$Division (RaftServerImpl.java:<init>(181)) - af0a5c91-f714-4dc1-a2f1-efe0e47618a1: new RaftServerImpl for group-D22779799422:[3c795851-1066-4b85-8bc1-6af36b99c451|rpc:10.1.0.11:42401|priority:1, 187906f6-3436-4d7b-ba29-fc09579eb1c8|rpc:10.1.0.11:41159|priority:0, af0a5c91-f714-4dc1-a2f1-efe0e47618a1|rpc:10.1.0.11:35001|priority:0] with ContainerStateMachine:uninitialized
2021-09-02 02:24:22,065 [pool-1211-thread-1] INFO  server.RaftServerConfigKeys (ConfUtils.java:logGet(44)) - raft.server.rpc.timeout.min = 5s (custom)
2021-09-02 02:24:22,065 [pool-1211-thread-1] INFO  server.RaftServerConfigKeys (ConfUtils.java:logGet(44)) - raft.server.rpc.timeout.max = 5200ms (custom)
2021-09-02 02:24:22,065 [pool-1211-thread-1] INFO  server.RaftServerConfigKeys (ConfUtils.java:logGet(44)) - raft.server.rpc.sleep.time = 25ms (default)
2021-09-02 02:24:22,065 [pool-1211-thread-1] INFO  server.RaftServerConfigKeys (ConfUtils.java:logGet(44)) - raft.server.rpc.slowness.timeout = 300000ms (custom)
2021-09-02 02:24:22,065 [pool-1211-thread-1] INFO  server.RaftServerConfigKeys (ConfUtils.java:logGet(44)) - raft.server.leaderelection.leader.step-down.wait-time = 10s (default)
2021-09-02 02:24:22,065 [pool-1211-thread-1] INFO  server.RaftServerConfigKeys (ConfUtils.java:logGet(44)) - raft.server.sleep.deviation.threshold = 300ms (default)
2021-09-02 02:24:22,065 [pool-1211-thread-1] INFO  server.RaftServerConfigKeys (ConfUtils.java:logGet(44)) - raft.server.log.appender.install.snapshot.enabled = false (custom)
2021-09-02 02:24:22,065 [pool-1211-thread-1] INFO  server.RaftServer$Division (ServerState.java:<init>(105)) - af0a5c91-f714-4dc1-a2f1-efe0e47618a1@group-D22779799422: ConfigurationManager, init=-1: [3c795851-1066-4b85-8bc1-6af36b99c451|rpc:10.1.0.11:42401|priority:1, 187906f6-3436-4d7b-ba29-fc09579eb1c8|rpc:10.1.0.11:41159|priority:0, af0a5c91-f714-4dc1-a2f1-efe0e47618a1|rpc:10.1.0.11:35001|priority:0], old=null, confs=<EMPTY_MAP>
2021-09-02 02:24:22,065 [pool-1211-thread-1] INFO  server.RaftServerConfigKeys (ConfUtils.java:logGet(44)) - raft.server.storage.dir = [/home/runner/work/ozone/ozone/hadoop-ozone/integration-test/target/test-dir/MiniOzoneClusterImpl-29bc8a50-871c-4f9e-822f-1a9e32d9d7f8/datanode-3/data/ratis] (custom)
2021-09-02 02:24:22,065 [pool-1211-thread-1] INFO  server.RaftServerConfigKeys (ConfUtils.java:logGet(44)) - raft.server.log.corruption.policy = EXCEPTION (default)
2021-09-02 02:24:22,065 [pool-1211-thread-1] INFO  server.RaftServerConfigKeys (ConfUtils.java:logGet(44)) - raft.server.storage.free-space.min = 0MB (=0) (default)
2021-09-02 02:24:22,065 [pool-1211-thread-1] INFO  storage.RaftStorageDirectory (RaftStorageDirectoryImpl.java:analyzeStorage(135)) - The storage directory /home/runner/work/ozone/ozone/hadoop-ozone/integration-test/target/test-dir/MiniOzoneClusterImpl-29bc8a50-871c-4f9e-822f-1a9e32d9d7f8/datanode-3/data/ratis/d6b44281-4388-4f6e-aec4-d22779799422 does not exist. Creating ...
2021-09-02 02:24:22,067 [pool-1211-thread-1] INFO  storage.RaftStorageDirectory (RaftStorageDirectoryImpl.java:tryLock(230)) - Lock on /home/runner/work/ozone/ozone/hadoop-ozone/integration-test/target/test-dir/MiniOzoneClusterImpl-29bc8a50-871c-4f9e-822f-1a9e32d9d7f8/datanode-3/data/ratis/d6b44281-4388-4f6e-aec4-d22779799422/in_use.lock acquired by nodename 23478@fv-az195-103
2021-09-02 02:24:22,068 [pool-1211-thread-1] INFO  storage.RaftStorage (RaftStorageImpl.java:format(89)) - Storage directory /home/runner/work/ozone/ozone/hadoop-ozone/integration-test/target/test-dir/MiniOzoneClusterImpl-29bc8a50-871c-4f9e-822f-1a9e32d9d7f8/datanode-3/data/ratis/d6b44281-4388-4f6e-aec4-d22779799422 has been successfully formatted.
2021-09-02 02:24:22,068 [Datanode State Machine Thread - 0] WARN  statemachine.StateContext (StateContext.java:execute(621)) - No available thread in pool for past 1 seconds.
2021-09-02 02:24:22,069 [pool-1211-thread-1] INFO  ratis.ContainerStateMachine (ContainerStateMachine.java:loadSnapshot(224)) - group-D22779799422: The snapshot info is null. Setting the last applied indexto:(t:0, i:~)
2021-09-02 02:24:22,069 [pool-1211-thread-1] INFO  server.RaftServerConfigKeys (ConfUtils.java:logGet(44)) - raft.server.notification.no-leader.timeout = 300000ms (custom)
2021-09-02 02:24:22,069 [pool-1211-thread-1] INFO  server.RaftServerConfigKeys (ConfUtils.java:logGet(44)) - raft.server.log.use.memory = false (default)
2021-09-02 02:24:22,069 [pool-1211-thread-1] INFO  server.RaftServerConfigKeys (ConfUtils.java:logGet(44)) - raft.server.log.purge.gap = 1000000 (custom)
2021-09-02 02:24:22,069 [pool-1211-thread-1] INFO  server.RaftServerConfigKeys (ConfUtils.java:logGet(44)) - raft.server.log.appender.buffer.byte-limit = 33554432 (custom)
2021-09-02 02:24:22,069 [EventQueue-OpenPipelineForHealthyPipelineSafeModeRule] INFO  safemode.SCMSafeModeManager (HealthyPipelineSafeModeRule.java:process(124)) - SCM in safe mode. Healthy pipelines reported count is 0, required healthy pipeline reported count is 1
2021-09-02 02:24:22,077 [pool-1211-thread-1] INFO  server.RaftServerConfigKeys (ConfUtils.java:logGet(44)) - raft.server.log.segment.size.max = 1048576 (custom)
2021-09-02 02:24:22,078 [pool-1211-thread-1] INFO  server.RaftServerConfigKeys (ConfUtils.java:logGet(44)) - raft.server.log.segment.cache.num.max = 2 (custom)
2021-09-02 02:24:22,078 [pool-1211-thread-1] INFO  server.RaftServerConfigKeys (ConfUtils.java:logGet(44)) - raft.server.log.segment.cache.size.max = 200MB (=209715200) (default)
2021-09-02 02:24:22,078 [pool-1211-thread-1] INFO  segmented.SegmentedRaftLogWorker (SegmentedRaftLogWorker.java:<init>(182)) - new af0a5c91-f714-4dc1-a2f1-efe0e47618a1@group-D22779799422-SegmentedRaftLogWorker for RaftStorageImpl:Storage Directory /home/runner/work/ozone/ozone/hadoop-ozone/integration-test/target/test-dir/MiniOzoneClusterImpl-29bc8a50-871c-4f9e-822f-1a9e32d9d7f8/datanode-3/data/ratis/d6b44281-4388-4f6e-aec4-d22779799422
2021-09-02 02:24:22,078 [pool-1211-thread-1] INFO  server.RaftServerConfigKeys (ConfUtils.java:logGet(44)) - raft.server.log.queue.byte-limit = 2147483647 (custom)
2021-09-02 02:24:22,078 [pool-1211-thread-1] INFO  server.RaftServerConfigKeys (ConfUtils.java:logGet(44)) - raft.server.log.queue.element-limit = 1024 (custom)
2021-09-02 02:24:22,078 [pool-1211-thread-1] INFO  server.RaftServerConfigKeys (ConfUtils.java:logGet(44)) - raft.server.log.segment.size.max = 1048576 (custom)
2021-09-02 02:24:22,078 [pool-1211-thread-1] INFO  server.RaftServerConfigKeys (ConfUtils.java:logGet(44)) - raft.server.log.preallocated.size = 16384 (custom)
2021-09-02 02:24:22,078 [pool-1211-thread-1] INFO  server.RaftServerConfigKeys (ConfUtils.java:logGet(44)) - raft.server.log.force.sync.num = 128 (default)
2021-09-02 02:24:22,079 [pool-1211-thread-1] INFO  server.RaftServerConfigKeys (ConfUtils.java:logGet(44)) - raft.server.log.statemachine.data.sync = true (default)
2021-09-02 02:24:22,079 [pool-1211-thread-1] INFO  server.RaftServerConfigKeys (ConfUtils.java:logGet(44)) - raft.server.log.statemachine.data.sync.timeout = 10s (default)
2021-09-02 02:24:22,079 [pool-1211-thread-1] INFO  server.RaftServerConfigKeys (ConfUtils.java:logGet(44)) - raft.server.log.statemachine.data.sync.timeout.retry = -1 (default)
2021-09-02 02:24:22,081 [pool-1211-thread-1] INFO  server.RaftServerConfigKeys (ConfUtils.java:logGet(44)) - raft.server.log.write.buffer.size = 1048576 (custom)
2021-09-02 02:24:22,081 [pool-1211-thread-1] INFO  server.RaftServerConfigKeys (ConfUtils.java:logGet(44)) - raft.server.log.statemachine.data.caching.enabled = true (custom)
2021-09-02 02:24:22,081 [pool-1211-thread-1] INFO  segmented.SegmentedRaftLogWorker (SegmentedRaftLogWorker.java:lambda$new$0(133)) - af0a5c91-f714-4dc1-a2f1-efe0e47618a1@group-D22779799422-SegmentedRaftLogWorker: flushIndex: setUnconditionally 0 -> -1
2021-09-02 02:24:22,081 [pool-1211-thread-1] INFO  segmented.SegmentedRaftLogWorker (SegmentedRaftLogWorker.java:lambda$new$0(133)) - af0a5c91-f714-4dc1-a2f1-efe0e47618a1@group-D22779799422-SegmentedRaftLogWorker: safeCacheEvictIndex: setUnconditionally 0 -> -1
2021-09-02 02:24:22,081 [pool-1211-thread-1] INFO  server.RaftServerConfigKeys (ConfUtils.java:logGet(44)) - raft.server.snapshot.auto.trigger.enabled = true (custom)
2021-09-02 02:24:22,081 [pool-1211-thread-1] INFO  server.RaftServerConfigKeys (ConfUtils.java:logGet(44)) - raft.server.snapshot.auto.trigger.threshold = 10000 (custom)
2021-09-02 02:24:22,081 [pool-1211-thread-1] INFO  server.RaftServerConfigKeys (ConfUtils.java:logGet(44)) - raft.server.snapshot.retention.file.num = 5 (custom)
2021-09-02 02:24:22,081 [pool-1211-thread-1] INFO  server.RaftServerConfigKeys (ConfUtils.java:logGet(44)) - raft.server.log.purge.upto.snapshot.index = false (default)
2021-09-02 02:24:22,082 [pool-1211-thread-1] INFO  server.RaftServerConfigKeys (ConfUtils.java:logGet(44)) - raft.server.retrycache.expirytime = 600000ms (custom)
2021-09-02 02:24:22,082 [pool-1211-thread-1] INFO  server.RaftServerConfigKeys (ConfUtils.java:logGet(44)) - raft.server.retrycache.statistics.expirytime = 100μs (default)
2021-09-02 02:24:22,084 [pool-1211-thread-1] INFO  server.RaftServer$Division (RaftServerImpl.java:start(296)) - af0a5c91-f714-4dc1-a2f1-efe0e47618a1@group-D22779799422: start as a follower, conf=-1: [3c795851-1066-4b85-8bc1-6af36b99c451|rpc:10.1.0.11:42401|priority:1, 187906f6-3436-4d7b-ba29-fc09579eb1c8|rpc:10.1.0.11:41159|priority:0, af0a5c91-f714-4dc1-a2f1-efe0e47618a1|rpc:10.1.0.11:35001|priority:0], old=null
2021-09-02 02:24:22,084 [pool-1211-thread-1] INFO  server.RaftServer$Division (RaftServerImpl.java:setRole(285)) - af0a5c91-f714-4dc1-a2f1-efe0e47618a1@group-D22779799422: changes role from      null to FOLLOWER at term 0 for startAsFollower
2021-09-02 02:24:22,084 [pool-1211-thread-1] INFO  impl.RoleInfo (RoleInfo.java:updateAndGet(130)) - af0a5c91-f714-4dc1-a2f1-efe0e47618a1: start af0a5c91-f714-4dc1-a2f1-efe0e47618a1@group-D22779799422-FollowerState
2021-09-02 02:24:22,084 [pool-1211-thread-1] INFO  util.JmxRegister (JmxRegister.java:tryRegister(44)) - Successfully registered JMX Bean with object name Ratis:service=RaftServer,group=group-D22779799422,id=af0a5c91-f714-4dc1-a2f1-efe0e47618a1
2021-09-02 02:24:22,114 [Command processor thread] INFO  ratis.XceiverServerRatis (XceiverServerRatis.java:addGroup(763)) - Created group PipelineID=d6b44281-4388-4f6e-aec4-d22779799422
2021-09-02 02:24:22,134 [grpc-default-executor-2] INFO  server.RaftServer (RaftServerProxy.java:addNew(95)) - 3c795851-1066-4b85-8bc1-6af36b99c451: addNew group-D22779799422:[3c795851-1066-4b85-8bc1-6af36b99c451|rpc:10.1.0.11:42401|dataStream:|priority:1, 187906f6-3436-4d7b-ba29-fc09579eb1c8|rpc:10.1.0.11:41159|dataStream:|priority:0, af0a5c91-f714-4dc1-a2f1-efe0e47618a1|rpc:10.1.0.11:35001|dataStream:|priority:0] returns group-D22779799422:java.util.concurrent.CompletableFuture@4e6a19cd[Not completed]
2021-09-02 02:24:22,198 [pool-1249-thread-1] INFO  server.RaftServer$Division (RaftServerImpl.java:<init>(181)) - 3c795851-1066-4b85-8bc1-6af36b99c451: new RaftServerImpl for group-D22779799422:[3c795851-1066-4b85-8bc1-6af36b99c451|rpc:10.1.0.11:42401|dataStream:|priority:1, 187906f6-3436-4d7b-ba29-fc09579eb1c8|rpc:10.1.0.11:41159|dataStream:|priority:0, af0a5c91-f714-4dc1-a2f1-efe0e47618a1|rpc:10.1.0.11:35001|dataStream:|priority:0] with ContainerStateMachine:uninitialized
2021-09-02 02:24:22,198 [pool-1249-thread-1] INFO  server.RaftServerConfigKeys (ConfUtils.java:logGet(44)) - raft.server.rpc.timeout.min = 5s (custom)
2021-09-02 02:24:22,198 [pool-1249-thread-1] INFO  server.RaftServerConfigKeys (ConfUtils.java:logGet(44)) - raft.server.rpc.timeout.max = 5200ms (custom)
2021-09-02 02:24:22,198 [pool-1249-thread-1] INFO  server.RaftServerConfigKeys (ConfUtils.java:logGet(44)) - raft.server.rpc.sleep.time = 25ms (default)
2021-09-02 02:24:22,198 [pool-1249-thread-1] INFO  server.RaftServerConfigKeys (ConfUtils.java:logGet(44)) - raft.server.rpc.slowness.timeout = 300000ms (custom)
2021-09-02 02:24:22,198 [pool-1249-thread-1] INFO  server.RaftServerConfigKeys (ConfUtils.java:logGet(44)) - raft.server.leaderelection.leader.step-down.wait-time = 10s (default)
2021-09-02 02:24:22,198 [pool-1249-thread-1] INFO  server.RaftServerConfigKeys (ConfUtils.java:logGet(44)) - raft.server.sleep.deviation.threshold = 300ms (default)
2021-09-02 02:24:22,198 [pool-1249-thread-1] INFO  server.RaftServerConfigKeys (ConfUtils.java:logGet(44)) - raft.server.log.appender.install.snapshot.enabled = false (custom)
2021-09-02 02:24:22,198 [pool-1249-thread-1] INFO  server.RaftServer$Division (ServerState.java:<init>(105)) - 3c795851-1066-4b85-8bc1-6af36b99c451@group-D22779799422: ConfigurationManager, init=-1: [3c795851-1066-4b85-8bc1-6af36b99c451|rpc:10.1.0.11:42401|dataStream:|priority:1, 187906f6-3436-4d7b-ba29-fc09579eb1c8|rpc:10.1.0.11:41159|dataStream:|priority:0, af0a5c91-f714-4dc1-a2f1-efe0e47618a1|rpc:10.1.0.11:35001|dataStream:|priority:0], old=null, confs=<EMPTY_MAP>
2021-09-02 02:24:22,198 [pool-1249-thread-1] INFO  server.RaftServerConfigKeys (ConfUtils.java:logGet(44)) - raft.server.storage.dir = [/home/runner/work/ozone/ozone/hadoop-ozone/integration-test/target/test-dir/MiniOzoneClusterImpl-29bc8a50-871c-4f9e-822f-1a9e32d9d7f8/datanode-5/data/ratis] (custom)
2021-09-02 02:24:22,199 [pool-1249-thread-1] INFO  server.RaftServerConfigKeys (ConfUtils.java:logGet(44)) - raft.server.log.corruption.policy = EXCEPTION (default)
2021-09-02 02:24:22,199 [pool-1249-thread-1] INFO  server.RaftServerConfigKeys (ConfUtils.java:logGet(44)) - raft.server.storage.free-space.min = 0MB (=0) (default)
2021-09-02 02:24:22,200 [pool-1249-thread-1] INFO  storage.RaftStorageDirectory (RaftStorageDirectoryImpl.java:analyzeStorage(135)) - The storage directory /home/runner/work/ozone/ozone/hadoop-ozone/integration-test/target/test-dir/MiniOzoneClusterImpl-29bc8a50-871c-4f9e-822f-1a9e32d9d7f8/datanode-5/data/ratis/d6b44281-4388-4f6e-aec4-d22779799422 does not exist. Creating ...
2021-09-02 02:24:22,202 [pool-1249-thread-1] INFO  storage.RaftStorageDirectory (RaftStorageDirectoryImpl.java:tryLock(230)) - Lock on /home/runner/work/ozone/ozone/hadoop-ozone/integration-test/target/test-dir/MiniOzoneClusterImpl-29bc8a50-871c-4f9e-822f-1a9e32d9d7f8/datanode-5/data/ratis/d6b44281-4388-4f6e-aec4-d22779799422/in_use.lock acquired by nodename 23478@fv-az195-103
2021-09-02 02:24:22,225 [pool-1249-thread-1] INFO  storage.RaftStorage (RaftStorageImpl.java:format(89)) - Storage directory /home/runner/work/ozone/ozone/hadoop-ozone/integration-test/target/test-dir/MiniOzoneClusterImpl-29bc8a50-871c-4f9e-822f-1a9e32d9d7f8/datanode-5/data/ratis/d6b44281-4388-4f6e-aec4-d22779799422 has been successfully formatted.
2021-09-02 02:24:22,230 [pool-1249-thread-1] INFO  ratis.ContainerStateMachine (ContainerStateMachine.java:loadSnapshot(224)) - group-D22779799422: The snapshot info is null. Setting the last applied indexto:(t:0, i:~)
2021-09-02 02:24:22,230 [pool-1249-thread-1] INFO  server.RaftServerConfigKeys (ConfUtils.java:logGet(44)) - raft.server.notification.no-leader.timeout = 300000ms (custom)
2021-09-02 02:24:22,230 [pool-1249-thread-1] INFO  server.RaftServerConfigKeys (ConfUtils.java:logGet(44)) - raft.server.log.use.memory = false (default)
2021-09-02 02:24:22,230 [pool-1249-thread-1] INFO  server.RaftServerConfigKeys (ConfUtils.java:logGet(44)) - raft.server.log.purge.gap = 1000000 (custom)
2021-09-02 02:24:22,230 [pool-1249-thread-1] INFO  server.RaftServerConfigKeys (ConfUtils.java:logGet(44)) - raft.server.log.appender.buffer.byte-limit = 33554432 (custom)
2021-09-02 02:24:22,230 [pool-1249-thread-1] INFO  server.RaftServerConfigKeys (ConfUtils.java:logGet(44)) - raft.server.log.segment.size.max = 1048576 (custom)
2021-09-02 02:24:22,231 [pool-1249-thread-1] INFO  server.RaftServerConfigKeys (ConfUtils.java:logGet(44)) - raft.server.log.segment.cache.num.max = 2 (custom)
2021-09-02 02:24:22,231 [pool-1249-thread-1] INFO  server.RaftServerConfigKeys (ConfUtils.java:logGet(44)) - raft.server.log.segment.cache.size.max = 200MB (=209715200) (default)
2021-09-02 02:24:22,231 [pool-1249-thread-1] INFO  segmented.SegmentedRaftLogWorker (SegmentedRaftLogWorker.java:<init>(182)) - new 3c795851-1066-4b85-8bc1-6af36b99c451@group-D22779799422-SegmentedRaftLogWorker for RaftStorageImpl:Storage Directory /home/runner/work/ozone/ozone/hadoop-ozone/integration-test/target/test-dir/MiniOzoneClusterImpl-29bc8a50-871c-4f9e-822f-1a9e32d9d7f8/datanode-5/data/ratis/d6b44281-4388-4f6e-aec4-d22779799422
2021-09-02 02:24:22,231 [pool-1249-thread-1] INFO  server.RaftServerConfigKeys (ConfUtils.java:logGet(44)) - raft.server.log.queue.byte-limit = 2147483647 (custom)
2021-09-02 02:24:22,231 [pool-1249-thread-1] INFO  server.RaftServerConfigKeys (ConfUtils.java:logGet(44)) - raft.server.log.queue.element-limit = 1024 (custom)
2021-09-02 02:24:22,231 [pool-1249-thread-1] INFO  server.RaftServerConfigKeys (ConfUtils.java:logGet(44)) - raft.server.log.segment.size.max = 1048576 (custom)
2021-09-02 02:24:22,231 [pool-1249-thread-1] INFO  server.RaftServerConfigKeys (ConfUtils.java:logGet(44)) - raft.server.log.preallocated.size = 16384 (custom)
2021-09-02 02:24:22,231 [pool-1249-thread-1] INFO  server.RaftServerConfigKeys (ConfUtils.java:logGet(44)) - raft.server.log.force.sync.num = 128 (default)
2021-09-02 02:24:22,232 [pool-1249-thread-1] INFO  server.RaftServerConfigKeys (ConfUtils.java:logGet(44)) - raft.server.log.statemachine.data.sync = true (default)
2021-09-02 02:24:22,232 [pool-1249-thread-1] INFO  server.RaftServerConfigKeys (ConfUtils.java:logGet(44)) - raft.server.log.statemachine.data.sync.timeout = 10s (default)
2021-09-02 02:24:22,232 [pool-1249-thread-1] INFO  server.RaftServerConfigKeys (ConfUtils.java:logGet(44)) - raft.server.log.statemachine.data.sync.timeout.retry = -1 (default)
2021-09-02 02:24:22,233 [Datanode State Machine Thread - 0] WARN  statemachine.StateContext (StateContext.java:execute(621)) - No available thread in pool for past 1 seconds.
2021-09-02 02:24:22,234 [pool-1249-thread-1] INFO  server.RaftServerConfigKeys (ConfUtils.java:logGet(44)) - raft.server.log.write.buffer.size = 1048576 (custom)
2021-09-02 02:24:22,235 [pool-1249-thread-1] INFO  server.RaftServerConfigKeys (ConfUtils.java:logGet(44)) - raft.server.log.statemachine.data.caching.enabled = true (custom)
2021-09-02 02:24:22,235 [pool-1249-thread-1] INFO  segmented.SegmentedRaftLogWorker (SegmentedRaftLogWorker.java:lambda$new$0(133)) - 3c795851-1066-4b85-8bc1-6af36b99c451@group-D22779799422-SegmentedRaftLogWorker: flushIndex: setUnconditionally 0 -> -1
2021-09-02 02:24:22,235 [pool-1249-thread-1] INFO  segmented.SegmentedRaftLogWorker (SegmentedRaftLogWorker.java:lambda$new$0(133)) - 3c795851-1066-4b85-8bc1-6af36b99c451@group-D22779799422-SegmentedRaftLogWorker: safeCacheEvictIndex: setUnconditionally 0 -> -1
2021-09-02 02:24:22,235 [pool-1249-thread-1] INFO  server.RaftServerConfigKeys (ConfUtils.java:logGet(44)) - raft.server.snapshot.auto.trigger.enabled = true (custom)
2021-09-02 02:24:22,235 [pool-1249-thread-1] INFO  server.RaftServerConfigKeys (ConfUtils.java:logGet(44)) - raft.server.snapshot.auto.trigger.threshold = 10000 (custom)
2021-09-02 02:24:22,235 [pool-1249-thread-1] INFO  server.RaftServerConfigKeys (ConfUtils.java:logGet(44)) - raft.server.snapshot.retention.file.num = 5 (custom)
2021-09-02 02:24:22,235 [pool-1249-thread-1] INFO  server.RaftServerConfigKeys (ConfUtils.java:logGet(44)) - raft.server.log.purge.upto.snapshot.index = false (default)
2021-09-02 02:24:22,235 [pool-1249-thread-1] INFO  server.RaftServerConfigKeys (ConfUtils.java:logGet(44)) - raft.server.retrycache.expirytime = 600000ms (custom)
2021-09-02 02:24:22,235 [pool-1249-thread-1] INFO  server.RaftServerConfigKeys (ConfUtils.java:logGet(44)) - raft.server.retrycache.statistics.expirytime = 100μs (default)
2021-09-02 02:24:22,238 [pool-1249-thread-1] INFO  server.RaftServer$Division (RaftServerImpl.java:start(296)) - 3c795851-1066-4b85-8bc1-6af36b99c451@group-D22779799422: start as a follower, conf=-1: [3c795851-1066-4b85-8bc1-6af36b99c451|rpc:10.1.0.11:42401|dataStream:|priority:1, 187906f6-3436-4d7b-ba29-fc09579eb1c8|rpc:10.1.0.11:41159|dataStream:|priority:0, af0a5c91-f714-4dc1-a2f1-efe0e47618a1|rpc:10.1.0.11:35001|dataStream:|priority:0], old=null
2021-09-02 02:24:22,240 [pool-1249-thread-1] INFO  server.RaftServer$Division (RaftServerImpl.java:setRole(285)) - 3c795851-1066-4b85-8bc1-6af36b99c451@group-D22779799422: changes role from      null to FOLLOWER at term 0 for startAsFollower
2021-09-02 02:24:22,240 [pool-1249-thread-1] INFO  impl.RoleInfo (RoleInfo.java:updateAndGet(130)) - 3c795851-1066-4b85-8bc1-6af36b99c451: start 3c795851-1066-4b85-8bc1-6af36b99c451@group-D22779799422-FollowerState
2021-09-02 02:24:22,273 [pool-1249-thread-1] INFO  util.JmxRegister (JmxRegister.java:tryRegister(44)) - Successfully registered JMX Bean with object name Ratis:service=RaftServer,group=group-D22779799422,id=3c795851-1066-4b85-8bc1-6af36b99c451
2021-09-02 02:24:22,404 [grpc-default-executor-2] INFO  server.RaftServer (RaftServerProxy.java:addNew(95)) - 187906f6-3436-4d7b-ba29-fc09579eb1c8: addNew group-D22779799422:[3c795851-1066-4b85-8bc1-6af36b99c451|rpc:10.1.0.11:42401|dataStream:|priority:1, 187906f6-3436-4d7b-ba29-fc09579eb1c8|rpc:10.1.0.11:41159|dataStream:|priority:0, af0a5c91-f714-4dc1-a2f1-efe0e47618a1|rpc:10.1.0.11:35001|dataStream:|priority:0] returns group-D22779799422:java.util.concurrent.CompletableFuture@5877c775[Not completed]
2021-09-02 02:24:22,410 [Command processor thread] INFO  server.RaftServer (RaftServerProxy.java:addNew(95)) - 187906f6-3436-4d7b-ba29-fc09579eb1c8: addNew group-D6C00A4C7428:[187906f6-3436-4d7b-ba29-fc09579eb1c8|rpc:10.1.0.11:41159|priority:1] returns group-D6C00A4C7428:java.util.concurrent.CompletableFuture@676c340a[Not completed]
2021-09-02 02:24:22,484 [pool-1230-thread-1] INFO  server.RaftServer$Division (RaftServerImpl.java:<init>(181)) - 187906f6-3436-4d7b-ba29-fc09579eb1c8: new RaftServerImpl for group-D22779799422:[3c795851-1066-4b85-8bc1-6af36b99c451|rpc:10.1.0.11:42401|dataStream:|priority:1, 187906f6-3436-4d7b-ba29-fc09579eb1c8|rpc:10.1.0.11:41159|dataStream:|priority:0, af0a5c91-f714-4dc1-a2f1-efe0e47618a1|rpc:10.1.0.11:35001|dataStream:|priority:0] with ContainerStateMachine:uninitialized
2021-09-02 02:24:22,484 [pool-1230-thread-1] INFO  server.RaftServerConfigKeys (ConfUtils.java:logGet(44)) - raft.server.rpc.timeout.min = 5s (custom)
2021-09-02 02:24:22,484 [pool-1230-thread-1] INFO  server.RaftServerConfigKeys (ConfUtils.java:logGet(44)) - raft.server.rpc.timeout.max = 5200ms (custom)
2021-09-02 02:24:22,484 [pool-1230-thread-1] INFO  server.RaftServerConfigKeys (ConfUtils.java:logGet(44)) - raft.server.rpc.sleep.time = 25ms (default)
2021-09-02 02:24:22,484 [pool-1230-thread-1] INFO  server.RaftServerConfigKeys (ConfUtils.java:logGet(44)) - raft.server.rpc.slowness.timeout = 300000ms (custom)
2021-09-02 02:24:22,484 [pool-1230-thread-1] INFO  server.RaftServerConfigKeys (ConfUtils.java:logGet(44)) - raft.server.leaderelection.leader.step-down.wait-time = 10s (default)
2021-09-02 02:24:22,485 [pool-1230-thread-1] INFO  server.RaftServerConfigKeys (ConfUtils.java:logGet(44)) - raft.server.sleep.deviation.threshold = 300ms (default)
2021-09-02 02:24:22,485 [pool-1230-thread-1] INFO  server.RaftServerConfigKeys (ConfUtils.java:logGet(44)) - raft.server.log.appender.install.snapshot.enabled = false (custom)
2021-09-02 02:24:22,485 [pool-1230-thread-1] INFO  server.RaftServer$Division (ServerState.java:<init>(105)) - 187906f6-3436-4d7b-ba29-fc09579eb1c8@group-D22779799422: ConfigurationManager, init=-1: [3c795851-1066-4b85-8bc1-6af36b99c451|rpc:10.1.0.11:42401|dataStream:|priority:1, 187906f6-3436-4d7b-ba29-fc09579eb1c8|rpc:10.1.0.11:41159|dataStream:|priority:0, af0a5c91-f714-4dc1-a2f1-efe0e47618a1|rpc:10.1.0.11:35001|dataStream:|priority:0], old=null, confs=<EMPTY_MAP>
2021-09-02 02:24:22,485 [pool-1230-thread-1] INFO  server.RaftServerConfigKeys (ConfUtils.java:logGet(44)) - raft.server.storage.dir = [/home/runner/work/ozone/ozone/hadoop-ozone/integration-test/target/test-dir/MiniOzoneClusterImpl-29bc8a50-871c-4f9e-822f-1a9e32d9d7f8/datanode-4/data/ratis] (custom)
2021-09-02 02:24:22,485 [pool-1230-thread-1] INFO  server.RaftServerConfigKeys (ConfUtils.java:logGet(44)) - raft.server.log.corruption.policy = EXCEPTION (default)
2021-09-02 02:24:22,485 [pool-1230-thread-1] INFO  server.RaftServerConfigKeys (ConfUtils.java:logGet(44)) - raft.server.storage.free-space.min = 0MB (=0) (default)
2021-09-02 02:24:22,485 [pool-1230-thread-1] INFO  storage.RaftStorageDirectory (RaftStorageDirectoryImpl.java:analyzeStorage(135)) - The storage directory /home/runner/work/ozone/ozone/hadoop-ozone/integration-test/target/test-dir/MiniOzoneClusterImpl-29bc8a50-871c-4f9e-822f-1a9e32d9d7f8/datanode-4/data/ratis/d6b44281-4388-4f6e-aec4-d22779799422 does not exist. Creating ...
2021-09-02 02:24:22,490 [pool-1230-thread-1] INFO  storage.RaftStorageDirectory (RaftStorageDirectoryImpl.java:tryLock(230)) - Lock on /home/runner/work/ozone/ozone/hadoop-ozone/integration-test/target/test-dir/MiniOzoneClusterImpl-29bc8a50-871c-4f9e-822f-1a9e32d9d7f8/datanode-4/data/ratis/d6b44281-4388-4f6e-aec4-d22779799422/in_use.lock acquired by nodename 23478@fv-az195-103
2021-09-02 02:24:22,501 [pool-1230-thread-1] INFO  storage.RaftStorage (RaftStorageImpl.java:format(89)) - Storage directory /home/runner/work/ozone/ozone/hadoop-ozone/integration-test/target/test-dir/MiniOzoneClusterImpl-29bc8a50-871c-4f9e-822f-1a9e32d9d7f8/datanode-4/data/ratis/d6b44281-4388-4f6e-aec4-d22779799422 has been successfully formatted.
2021-09-02 02:24:22,541 [pool-1230-thread-1] INFO  ratis.ContainerStateMachine (ContainerStateMachine.java:loadSnapshot(224)) - group-D22779799422: The snapshot info is null. Setting the last applied indexto:(t:0, i:~)
2021-09-02 02:24:22,541 [pool-1230-thread-1] INFO  server.RaftServerConfigKeys (ConfUtils.java:logGet(44)) - raft.server.notification.no-leader.timeout = 300000ms (custom)
2021-09-02 02:24:22,542 [pool-1230-thread-1] INFO  server.RaftServerConfigKeys (ConfUtils.java:logGet(44)) - raft.server.log.use.memory = false (default)
2021-09-02 02:24:22,542 [pool-1230-thread-1] INFO  server.RaftServerConfigKeys (ConfUtils.java:logGet(44)) - raft.server.log.purge.gap = 1000000 (custom)
2021-09-02 02:24:22,542 [pool-1230-thread-1] INFO  server.RaftServerConfigKeys (ConfUtils.java:logGet(44)) - raft.server.log.appender.buffer.byte-limit = 33554432 (custom)
2021-09-02 02:24:22,542 [pool-1230-thread-1] INFO  server.RaftServerConfigKeys (ConfUtils.java:logGet(44)) - raft.server.log.segment.size.max = 1048576 (custom)
2021-09-02 02:24:22,543 [pool-1230-thread-1] INFO  server.RaftServerConfigKeys (ConfUtils.java:logGet(44)) - raft.server.log.segment.cache.num.max = 2 (custom)
2021-09-02 02:24:22,543 [pool-1230-thread-1] INFO  server.RaftServerConfigKeys (ConfUtils.java:logGet(44)) - raft.server.log.segment.cache.size.max = 200MB (=209715200) (default)
2021-09-02 02:24:22,543 [pool-1230-thread-1] INFO  segmented.SegmentedRaftLogWorker (SegmentedRaftLogWorker.java:<init>(182)) - new 187906f6-3436-4d7b-ba29-fc09579eb1c8@group-D22779799422-SegmentedRaftLogWorker for RaftStorageImpl:Storage Directory /home/runner/work/ozone/ozone/hadoop-ozone/integration-test/target/test-dir/MiniOzoneClusterImpl-29bc8a50-871c-4f9e-822f-1a9e32d9d7f8/datanode-4/data/ratis/d6b44281-4388-4f6e-aec4-d22779799422
2021-09-02 02:24:22,543 [pool-1230-thread-1] INFO  server.RaftServerConfigKeys (ConfUtils.java:logGet(44)) - raft.server.log.queue.byte-limit = 2147483647 (custom)
2021-09-02 02:24:22,543 [pool-1230-thread-1] INFO  server.RaftServerConfigKeys (ConfUtils.java:logGet(44)) - raft.server.log.queue.element-limit = 1024 (custom)
2021-09-02 02:24:22,543 [pool-1230-thread-1] INFO  server.RaftServerConfigKeys (ConfUtils.java:logGet(44)) - raft.server.log.segment.size.max = 1048576 (custom)
2021-09-02 02:24:22,543 [pool-1230-thread-1] INFO  server.RaftServerConfigKeys (ConfUtils.java:logGet(44)) - raft.server.log.preallocated.size = 16384 (custom)
2021-09-02 02:24:22,543 [pool-1230-thread-1] INFO  server.RaftServerConfigKeys (ConfUtils.java:logGet(44)) - raft.server.log.force.sync.num = 128 (default)
2021-09-02 02:24:22,543 [pool-1230-thread-1] INFO  server.RaftServerConfigKeys (ConfUtils.java:logGet(44)) - raft.server.log.statemachine.data.sync = true (default)
2021-09-02 02:24:22,543 [pool-1230-thread-1] INFO  server.RaftServerConfigKeys (ConfUtils.java:logGet(44)) - raft.server.log.statemachine.data.sync.timeout = 10s (default)
2021-09-02 02:24:22,543 [pool-1230-thread-1] INFO  server.RaftServerConfigKeys (ConfUtils.java:logGet(44)) - raft.server.log.statemachine.data.sync.timeout.retry = -1 (default)
2021-09-02 02:24:22,545 [pool-1230-thread-1] INFO  server.RaftServerConfigKeys (ConfUtils.java:logGet(44)) - raft.server.log.write.buffer.size = 1048576 (custom)
2021-09-02 02:24:22,549 [pool-1230-thread-1] INFO  server.RaftServerConfigKeys (ConfUtils.java:logGet(44)) - raft.server.log.statemachine.data.caching.enabled = true (custom)
2021-09-02 02:24:22,581 [EventQueue-PipelineReportForPipelineReportHandler] INFO  pipeline.PipelineManagerImpl (PipelineManagerImpl.java:openPipeline(282)) - Pipeline Pipeline[ Id: b173e2a2-adb1-490c-9fdd-d6c00a4c7428, Nodes: 187906f6-3436-4d7b-ba29-fc09579eb1c8{ip: 10.1.0.11, host: fv-az195-103.u3nnjwd0vyge1bu22idnsdeq2e.cx.internal.cloudapp.net, ports: [REPLICATION=45931, RATIS=41159, RATIS_ADMIN=41159, RATIS_SERVER=41159, STANDALONE=44607], networkLocation: /default-rack, certSerialId: null, persistedOpState: IN_SERVICE, persistedOpStateExpiryEpochSec: 0}, ReplicationConfig: RATIS/ONE, State:ALLOCATED, leaderId:187906f6-3436-4d7b-ba29-fc09579eb1c8, CreationTimestamp2021-09-02T02:24:19.422Z[Etc/UTC]] moved to OPEN state
2021-09-02 02:24:22,603 [EventQueue-OpenPipelineForHealthyPipelineSafeModeRule] INFO  safemode.SCMSafeModeManager (HealthyPipelineSafeModeRule.java:process(124)) - SCM in safe mode. Healthy pipelines reported count is 0, required healthy pipeline reported count is 1
2021-09-02 02:24:22,603 [pool-1230-thread-1] INFO  segmented.SegmentedRaftLogWorker (SegmentedRaftLogWorker.java:lambda$new$0(133)) - 187906f6-3436-4d7b-ba29-fc09579eb1c8@group-D22779799422-SegmentedRaftLogWorker: flushIndex: setUnconditionally 0 -> -1
2021-09-02 02:24:22,603 [pool-1230-thread-1] INFO  segmented.SegmentedRaftLogWorker (SegmentedRaftLogWorker.java:lambda$new$0(133)) - 187906f6-3436-4d7b-ba29-fc09579eb1c8@group-D22779799422-SegmentedRaftLogWorker: safeCacheEvictIndex: setUnconditionally 0 -> -1
2021-09-02 02:24:22,577 [Datanode State Machine Thread - 0] WARN  statemachine.StateContext (StateContext.java:execute(621)) - No available thread in pool for past 1 seconds.
2021-09-02 02:24:22,609 [pool-1230-thread-1] INFO  server.RaftServerConfigKeys (ConfUtils.java:logGet(44)) - raft.server.snapshot.auto.trigger.enabled = true (custom)
2021-09-02 02:24:22,610 [pool-1230-thread-1] INFO  server.RaftServerConfigKeys (ConfUtils.java:logGet(44)) - raft.server.snapshot.auto.trigger.threshold = 10000 (custom)
2021-09-02 02:24:22,610 [pool-1230-thread-1] INFO  server.RaftServerConfigKeys (ConfUtils.java:logGet(44)) - raft.server.snapshot.retention.file.num = 5 (custom)
2021-09-02 02:24:22,610 [pool-1230-thread-1] INFO  server.RaftServerConfigKeys (ConfUtils.java:logGet(44)) - raft.server.log.purge.upto.snapshot.index = false (default)
2021-09-02 02:24:22,610 [pool-1230-thread-1] INFO  server.RaftServerConfigKeys (ConfUtils.java:logGet(44)) - raft.server.retrycache.expirytime = 600000ms (custom)
2021-09-02 02:24:22,610 [pool-1230-thread-1] INFO  server.RaftServerConfigKeys (ConfUtils.java:logGet(44)) - raft.server.retrycache.statistics.expirytime = 100μs (default)
2021-09-02 02:24:22,613 [pool-1230-thread-1] INFO  server.RaftServer$Division (RaftServerImpl.java:<init>(181)) - 187906f6-3436-4d7b-ba29-fc09579eb1c8: new RaftServerImpl for group-D6C00A4C7428:[187906f6-3436-4d7b-ba29-fc09579eb1c8|rpc:10.1.0.11:41159|priority:1] with ContainerStateMachine:uninitialized
2021-09-02 02:24:22,613 [pool-1230-thread-1] INFO  server.RaftServerConfigKeys (ConfUtils.java:logGet(44)) - raft.server.rpc.timeout.min = 5s (custom)
2021-09-02 02:24:22,613 [pool-1230-thread-1] INFO  server.RaftServerConfigKeys (ConfUtils.java:logGet(44)) - raft.server.rpc.timeout.max = 5200ms (custom)
2021-09-02 02:24:22,613 [pool-1230-thread-1] INFO  server.RaftServerConfigKeys (ConfUtils.java:logGet(44)) - raft.server.rpc.sleep.time = 25ms (default)
2021-09-02 02:24:22,613 [pool-1230-thread-1] INFO  server.RaftServerConfigKeys (ConfUtils.java:logGet(44)) - raft.server.rpc.slowness.timeout = 300000ms (custom)
2021-09-02 02:24:22,613 [pool-1230-thread-1] INFO  server.RaftServerConfigKeys (ConfUtils.java:logGet(44)) - raft.server.leaderelection.leader.step-down.wait-time = 10s (default)
2021-09-02 02:24:22,614 [pool-1230-thread-1] INFO  server.RaftServerConfigKeys (ConfUtils.java:logGet(44)) - raft.server.sleep.deviation.threshold = 300ms (default)
2021-09-02 02:24:22,614 [pool-1230-thread-1] INFO  server.RaftServerConfigKeys (ConfUtils.java:logGet(44)) - raft.server.log.appender.install.snapshot.enabled = false (custom)
2021-09-02 02:24:22,614 [pool-1230-thread-1] INFO  server.RaftServer$Division (ServerState.java:<init>(105)) - 187906f6-3436-4d7b-ba29-fc09579eb1c8@group-D6C00A4C7428: ConfigurationManager, init=-1: [187906f6-3436-4d7b-ba29-fc09579eb1c8|rpc:10.1.0.11:41159|priority:1], old=null, confs=<EMPTY_MAP>
2021-09-02 02:24:22,614 [pool-1230-thread-1] INFO  server.RaftServerConfigKeys (ConfUtils.java:logGet(44)) - raft.server.storage.dir = [/home/runner/work/ozone/ozone/hadoop-ozone/integration-test/target/test-dir/MiniOzoneClusterImpl-29bc8a50-871c-4f9e-822f-1a9e32d9d7f8/datanode-4/data/ratis] (custom)
2021-09-02 02:24:22,614 [pool-1230-thread-1] INFO  server.RaftServerConfigKeys (ConfUtils.java:logGet(44)) - raft.server.log.corruption.policy = EXCEPTION (default)
2021-09-02 02:24:22,614 [pool-1230-thread-1] INFO  server.RaftServerConfigKeys (ConfUtils.java:logGet(44)) - raft.server.storage.free-space.min = 0MB (=0) (default)
2021-09-02 02:24:22,614 [pool-1230-thread-1] INFO  storage.RaftStorageDirectory (RaftStorageDirectoryImpl.java:analyzeStorage(135)) - The storage directory /home/runner/work/ozone/ozone/hadoop-ozone/integration-test/target/test-dir/MiniOzoneClusterImpl-29bc8a50-871c-4f9e-822f-1a9e32d9d7f8/datanode-4/data/ratis/b173e2a2-adb1-490c-9fdd-d6c00a4c7428 does not exist. Creating ...
2021-09-02 02:24:22,617 [pool-1230-thread-1] INFO  storage.RaftStorageDirectory (RaftStorageDirectoryImpl.java:tryLock(230)) - Lock on /home/runner/work/ozone/ozone/hadoop-ozone/integration-test/target/test-dir/MiniOzoneClusterImpl-29bc8a50-871c-4f9e-822f-1a9e32d9d7f8/datanode-4/data/ratis/b173e2a2-adb1-490c-9fdd-d6c00a4c7428/in_use.lock acquired by nodename 23478@fv-az195-103
2021-09-02 02:24:22,628 [pool-1230-thread-1] INFO  storage.RaftStorage (RaftStorageImpl.java:format(89)) - Storage directory /home/runner/work/ozone/ozone/hadoop-ozone/integration-test/target/test-dir/MiniOzoneClusterImpl-29bc8a50-871c-4f9e-822f-1a9e32d9d7f8/datanode-4/data/ratis/b173e2a2-adb1-490c-9fdd-d6c00a4c7428 has been successfully formatted.
2021-09-02 02:24:22,628 [pool-1230-thread-1] INFO  ratis.ContainerStateMachine (ContainerStateMachine.java:loadSnapshot(224)) - group-D6C00A4C7428: The snapshot info is null. Setting the last applied indexto:(t:0, i:~)
2021-09-02 02:24:22,628 [pool-1230-thread-1] INFO  server.RaftServerConfigKeys (ConfUtils.java:logGet(44)) - raft.server.notification.no-leader.timeout = 300000ms (custom)
2021-09-02 02:24:22,628 [pool-1230-thread-1] INFO  server.RaftServerConfigKeys (ConfUtils.java:logGet(44)) - raft.server.log.use.memory = false (default)
2021-09-02 02:24:22,628 [pool-1230-thread-1] INFO  server.RaftServerConfigKeys (ConfUtils.java:logGet(44)) - raft.server.log.purge.gap = 1000000 (custom)
2021-09-02 02:24:22,628 [pool-1230-thread-1] INFO  server.RaftServerConfigKeys (ConfUtils.java:logGet(44)) - raft.server.log.appender.buffer.byte-limit = 33554432 (custom)
2021-09-02 02:24:22,629 [pool-1230-thread-1] INFO  server.RaftServerConfigKeys (ConfUtils.java:logGet(44)) - raft.server.log.segment.size.max = 1048576 (custom)
2021-09-02 02:24:22,630 [pool-1230-thread-1] INFO  server.RaftServerConfigKeys (ConfUtils.java:logGet(44)) - raft.server.log.segment.cache.num.max = 2 (custom)
2021-09-02 02:24:22,631 [pool-1230-thread-1] INFO  server.RaftServerConfigKeys (ConfUtils.java:logGet(44)) - raft.server.log.segment.cache.size.max = 200MB (=209715200) (default)
2021-09-02 02:24:22,631 [pool-1230-thread-1] INFO  segmented.SegmentedRaftLogWorker (SegmentedRaftLogWorker.java:<init>(182)) - new 187906f6-3436-4d7b-ba29-fc09579eb1c8@group-D6C00A4C7428-SegmentedRaftLogWorker for RaftStorageImpl:Storage Directory /home/runner/work/ozone/ozone/hadoop-ozone/integration-test/target/test-dir/MiniOzoneClusterImpl-29bc8a50-871c-4f9e-822f-1a9e32d9d7f8/datanode-4/data/ratis/b173e2a2-adb1-490c-9fdd-d6c00a4c7428
2021-09-02 02:24:22,631 [pool-1230-thread-1] INFO  server.RaftServerConfigKeys (ConfUtils.java:logGet(44)) - raft.server.log.queue.byte-limit = 2147483647 (custom)
2021-09-02 02:24:22,631 [pool-1230-thread-1] INFO  server.RaftServerConfigKeys (ConfUtils.java:logGet(44)) - raft.server.log.queue.element-limit = 1024 (custom)
2021-09-02 02:24:22,631 [pool-1230-thread-1] INFO  server.RaftServerConfigKeys (ConfUtils.java:logGet(44)) - raft.server.log.segment.size.max = 1048576 (custom)
2021-09-02 02:24:22,631 [pool-1230-thread-1] INFO  server.RaftServerConfigKeys (ConfUtils.java:logGet(44)) - raft.server.log.preallocated.size = 16384 (custom)
2021-09-02 02:24:22,631 [pool-1230-thread-1] INFO  server.RaftServerConfigKeys (ConfUtils.java:logGet(44)) - raft.server.log.force.sync.num = 128 (default)
2021-09-02 02:24:22,631 [pool-1230-thread-1] INFO  server.RaftServerConfigKeys (ConfUtils.java:logGet(44)) - raft.server.log.statemachine.data.sync = true (default)
2021-09-02 02:24:22,637 [pool-1230-thread-1] INFO  server.RaftServerConfigKeys (ConfUtils.java:logGet(44)) - raft.server.log.statemachine.data.sync.timeout = 10s (default)
2021-09-02 02:24:22,637 [pool-1230-thread-1] INFO  server.RaftServerConfigKeys (ConfUtils.java:logGet(44)) - raft.server.log.statemachine.data.sync.timeout.retry = -1 (default)
2021-09-02 02:24:22,638 [EventQueue-OpenPipelineForHealthyPipelineSafeModeRule] INFO  safemode.SCMSafeModeManager (HealthyPipelineSafeModeRule.java:process(124)) - SCM in safe mode. Healthy pipelines reported count is 0, required healthy pipeline reported count is 1
2021-09-02 02:24:22,631 [Datanode State Machine Thread - 0] WARN  statemachine.StateContext (StateContext.java:execute(621)) - No available thread in pool for past 1 seconds.
2021-09-02 02:24:22,640 [pool-1230-thread-1] INFO  server.RaftServerConfigKeys (ConfUtils.java:logGet(44)) - raft.server.log.write.buffer.size = 1048576 (custom)
2021-09-02 02:24:22,646 [pool-1230-thread-1] INFO  server.RaftServerConfigKeys (ConfUtils.java:logGet(44)) - raft.server.log.statemachine.data.caching.enabled = true (custom)
2021-09-02 02:24:22,646 [pool-1230-thread-1] INFO  segmented.SegmentedRaftLogWorker (SegmentedRaftLogWorker.java:lambda$new$0(133)) - 187906f6-3436-4d7b-ba29-fc09579eb1c8@group-D6C00A4C7428-SegmentedRaftLogWorker: flushIndex: setUnconditionally 0 -> -1
2021-09-02 02:24:22,646 [pool-1230-thread-1] INFO  segmented.SegmentedRaftLogWorker (SegmentedRaftLogWorker.java:lambda$new$0(133)) - 187906f6-3436-4d7b-ba29-fc09579eb1c8@group-D6C00A4C7428-SegmentedRaftLogWorker: safeCacheEvictIndex: setUnconditionally 0 -> -1
2021-09-02 02:24:22,661 [pool-1230-thread-1] INFO  server.RaftServerConfigKeys (ConfUtils.java:logGet(44)) - raft.server.snapshot.auto.trigger.enabled = true (custom)
2021-09-02 02:24:22,661 [pool-1230-thread-1] INFO  server.RaftServerConfigKeys (ConfUtils.java:logGet(44)) - raft.server.snapshot.auto.trigger.threshold = 10000 (custom)
2021-09-02 02:24:22,661 [pool-1230-thread-1] INFO  server.RaftServerConfigKeys (ConfUtils.java:logGet(44)) - raft.server.snapshot.retention.file.num = 5 (custom)
2021-09-02 02:24:22,661 [pool-1230-thread-1] INFO  server.RaftServerConfigKeys (ConfUtils.java:logGet(44)) - raft.server.log.purge.upto.snapshot.index = false (default)
2021-09-02 02:24:22,661 [pool-1230-thread-1] INFO  server.RaftServerConfigKeys (ConfUtils.java:logGet(44)) - raft.server.retrycache.expirytime = 600000ms (custom)
2021-09-02 02:24:22,661 [pool-1230-thread-1] INFO  server.RaftServerConfigKeys (ConfUtils.java:logGet(44)) - raft.server.retrycache.statistics.expirytime = 100μs (default)
2021-09-02 02:24:22,664 [pool-1230-thread-1] INFO  server.RaftServer$Division (RaftServerImpl.java:start(296)) - 187906f6-3436-4d7b-ba29-fc09579eb1c8@group-D22779799422: start as a follower, conf=-1: [3c795851-1066-4b85-8bc1-6af36b99c451|rpc:10.1.0.11:42401|dataStream:|priority:1, 187906f6-3436-4d7b-ba29-fc09579eb1c8|rpc:10.1.0.11:41159|dataStream:|priority:0, af0a5c91-f714-4dc1-a2f1-efe0e47618a1|rpc:10.1.0.11:35001|dataStream:|priority:0], old=null
2021-09-02 02:24:22,664 [pool-1230-thread-1] INFO  server.RaftServer$Division (RaftServerImpl.java:setRole(285)) - 187906f6-3436-4d7b-ba29-fc09579eb1c8@group-D22779799422: changes role from      null to FOLLOWER at term 0 for startAsFollower
2021-09-02 02:24:22,664 [pool-1230-thread-1] INFO  impl.RoleInfo (RoleInfo.java:updateAndGet(130)) - 187906f6-3436-4d7b-ba29-fc09579eb1c8: start 187906f6-3436-4d7b-ba29-fc09579eb1c8@group-D22779799422-FollowerState
2021-09-02 02:24:22,664 [pool-1230-thread-1] INFO  util.JmxRegister (JmxRegister.java:tryRegister(44)) - Successfully registered JMX Bean with object name Ratis:service=RaftServer,group=group-D22779799422,id=187906f6-3436-4d7b-ba29-fc09579eb1c8
2021-09-02 02:24:22,665 [pool-1230-thread-1] INFO  server.RaftServer$Division (RaftServerImpl.java:start(296)) - 187906f6-3436-4d7b-ba29-fc09579eb1c8@group-D6C00A4C7428: start as a follower, conf=-1: [187906f6-3436-4d7b-ba29-fc09579eb1c8|rpc:10.1.0.11:41159|priority:1], old=null
2021-09-02 02:24:22,665 [pool-1230-thread-1] INFO  server.RaftServer$Division (RaftServerImpl.java:setRole(285)) - 187906f6-3436-4d7b-ba29-fc09579eb1c8@group-D6C00A4C7428: changes role from      null to FOLLOWER at term 0 for startAsFollower
2021-09-02 02:24:22,665 [pool-1230-thread-1] INFO  impl.RoleInfo (RoleInfo.java:updateAndGet(130)) - 187906f6-3436-4d7b-ba29-fc09579eb1c8: start 187906f6-3436-4d7b-ba29-fc09579eb1c8@group-D6C00A4C7428-FollowerState
2021-09-02 02:24:22,666 [pool-1230-thread-1] INFO  util.JmxRegister (JmxRegister.java:tryRegister(44)) - Successfully registered JMX Bean with object name Ratis:service=RaftServer,group=group-D6C00A4C7428,id=187906f6-3436-4d7b-ba29-fc09579eb1c8
2021-09-02 02:24:22,667 [Command processor thread] INFO  ratis.XceiverServerRatis (XceiverServerRatis.java:addGroup(763)) - Created group PipelineID=b173e2a2-adb1-490c-9fdd-d6c00a4c7428
2021-09-02 02:24:22,667 [Command processor thread] INFO  commandhandler.CreatePipelineCommandHandler (CreatePipelineCommandHandler.java:handle(106)) - Created Pipeline RATIS ONE PipelineID=b173e2a2-adb1-490c-9fdd-d6c00a4c7428.
2021-09-02 02:24:22,667 [Command processor thread] INFO  server.RaftServer (RaftServerProxy.java:addNew(95)) - 187906f6-3436-4d7b-ba29-fc09579eb1c8: addNew group-24BBA463E12F:[3c795851-1066-4b85-8bc1-6af36b99c451|rpc:10.1.0.11:42401|priority:0, af0a5c91-f714-4dc1-a2f1-efe0e47618a1|rpc:10.1.0.11:35001|priority:0, 187906f6-3436-4d7b-ba29-fc09579eb1c8|rpc:10.1.0.11:41159|priority:1] returns group-24BBA463E12F:java.util.concurrent.CompletableFuture@69abc697[Not completed]
2021-09-02 02:24:22,668 [pool-1230-thread-1] INFO  server.RaftServer$Division (RaftServerImpl.java:<init>(181)) - 187906f6-3436-4d7b-ba29-fc09579eb1c8: new RaftServerImpl for group-24BBA463E12F:[3c795851-1066-4b85-8bc1-6af36b99c451|rpc:10.1.0.11:42401|priority:0, af0a5c91-f714-4dc1-a2f1-efe0e47618a1|rpc:10.1.0.11:35001|priority:0, 187906f6-3436-4d7b-ba29-fc09579eb1c8|rpc:10.1.0.11:41159|priority:1] with ContainerStateMachine:uninitialized
2021-09-02 02:24:22,668 [pool-1230-thread-1] INFO  server.RaftServerConfigKeys (ConfUtils.java:logGet(44)) - raft.server.rpc.timeout.min = 5s (custom)
2021-09-02 02:24:22,668 [pool-1230-thread-1] INFO  server.RaftServerConfigKeys (ConfUtils.java:logGet(44)) - raft.server.rpc.timeout.max = 5200ms (custom)
2021-09-02 02:24:22,668 [pool-1230-thread-1] INFO  server.RaftServerConfigKeys (ConfUtils.java:logGet(44)) - raft.server.rpc.sleep.time = 25ms (default)
2021-09-02 02:24:22,668 [pool-1230-thread-1] INFO  server.RaftServerConfigKeys (ConfUtils.java:logGet(44)) - raft.server.rpc.slowness.timeout = 300000ms (custom)
2021-09-02 02:24:22,668 [pool-1230-thread-1] INFO  server.RaftServerConfigKeys (ConfUtils.java:logGet(44)) - raft.server.leaderelection.leader.step-down.wait-time = 10s (default)
2021-09-02 02:24:22,668 [pool-1230-thread-1] INFO  server.RaftServerConfigKeys (ConfUtils.java:logGet(44)) - raft.server.sleep.deviation.threshold = 300ms (default)
2021-09-02 02:24:22,668 [pool-1230-thread-1] INFO  server.RaftServerConfigKeys (ConfUtils.java:logGet(44)) - raft.server.log.appender.install.snapshot.enabled = false (custom)
2021-09-02 02:24:22,668 [pool-1230-thread-1] INFO  server.RaftServer$Division (ServerState.java:<init>(105)) - 187906f6-3436-4d7b-ba29-fc09579eb1c8@group-24BBA463E12F: ConfigurationManager, init=-1: [3c795851-1066-4b85-8bc1-6af36b99c451|rpc:10.1.0.11:42401|priority:0, af0a5c91-f714-4dc1-a2f1-efe0e47618a1|rpc:10.1.0.11:35001|priority:0, 187906f6-3436-4d7b-ba29-fc09579eb1c8|rpc:10.1.0.11:41159|priority:1], old=null, confs=<EMPTY_MAP>
2021-09-02 02:24:22,668 [pool-1230-thread-1] INFO  server.RaftServerConfigKeys (ConfUtils.java:logGet(44)) - raft.server.storage.dir = [/home/runner/work/ozone/ozone/hadoop-ozone/integration-test/target/test-dir/MiniOzoneClusterImpl-29bc8a50-871c-4f9e-822f-1a9e32d9d7f8/datanode-4/data/ratis] (custom)
2021-09-02 02:24:22,668 [pool-1230-thread-1] INFO  server.RaftServerConfigKeys (ConfUtils.java:logGet(44)) - raft.server.log.corruption.policy = EXCEPTION (default)
2021-09-02 02:24:22,669 [pool-1230-thread-1] INFO  server.RaftServerConfigKeys (ConfUtils.java:logGet(44)) - raft.server.storage.free-space.min = 0MB (=0) (default)
2021-09-02 02:24:22,669 [pool-1230-thread-1] INFO  storage.RaftStorageDirectory (RaftStorageDirectoryImpl.java:analyzeStorage(135)) - The storage directory /home/runner/work/ozone/ozone/hadoop-ozone/integration-test/target/test-dir/MiniOzoneClusterImpl-29bc8a50-871c-4f9e-822f-1a9e32d9d7f8/datanode-4/data/ratis/5a36dfcd-72fc-46b3-9ff7-24bba463e12f does not exist. Creating ...
2021-09-02 02:24:22,673 [pool-1230-thread-1] INFO  storage.RaftStorageDirectory (RaftStorageDirectoryImpl.java:tryLock(230)) - Lock on /home/runner/work/ozone/ozone/hadoop-ozone/integration-test/target/test-dir/MiniOzoneClusterImpl-29bc8a50-871c-4f9e-822f-1a9e32d9d7f8/datanode-4/data/ratis/5a36dfcd-72fc-46b3-9ff7-24bba463e12f/in_use.lock acquired by nodename 23478@fv-az195-103
2021-09-02 02:24:22,676 [Command processor thread] INFO  commandhandler.CreatePipelineCommandHandler (CreatePipelineCommandHandler.java:handle(106)) - Created Pipeline RATIS THREE PipelineID=d6b44281-4388-4f6e-aec4-d22779799422.
2021-09-02 02:24:22,676 [Command processor thread] INFO  server.RaftServer (RaftServerProxy.java:addNew(95)) - af0a5c91-f714-4dc1-a2f1-efe0e47618a1: addNew group-24BBA463E12F:[3c795851-1066-4b85-8bc1-6af36b99c451|rpc:10.1.0.11:42401|priority:0, af0a5c91-f714-4dc1-a2f1-efe0e47618a1|rpc:10.1.0.11:35001|priority:0, 187906f6-3436-4d7b-ba29-fc09579eb1c8|rpc:10.1.0.11:41159|priority:1] returns group-24BBA463E12F:java.util.concurrent.CompletableFuture@6ea12e2c[Not completed]
2021-09-02 02:24:22,676 [pool-1211-thread-1] INFO  server.RaftServer$Division (RaftServerImpl.java:<init>(181)) - af0a5c91-f714-4dc1-a2f1-efe0e47618a1: new RaftServerImpl for group-24BBA463E12F:[3c795851-1066-4b85-8bc1-6af36b99c451|rpc:10.1.0.11:42401|priority:0, af0a5c91-f714-4dc1-a2f1-efe0e47618a1|rpc:10.1.0.11:35001|priority:0, 187906f6-3436-4d7b-ba29-fc09579eb1c8|rpc:10.1.0.11:41159|priority:1] with ContainerStateMachine:uninitialized
2021-09-02 02:24:22,676 [pool-1211-thread-1] INFO  server.RaftServerConfigKeys (ConfUtils.java:logGet(44)) - raft.server.rpc.timeout.min = 5s (custom)
2021-09-02 02:24:22,676 [pool-1211-thread-1] INFO  server.RaftServerConfigKeys (ConfUtils.java:logGet(44)) - raft.server.rpc.timeout.max = 5200ms (custom)
2021-09-02 02:24:22,677 [pool-1211-thread-1] INFO  server.RaftServerConfigKeys (ConfUtils.java:logGet(44)) - raft.server.rpc.sleep.time = 25ms (default)
2021-09-02 02:24:22,677 [pool-1211-thread-1] INFO  server.RaftServerConfigKeys (ConfUtils.java:logGet(44)) - raft.server.rpc.slowness.timeout = 300000ms (custom)
2021-09-02 02:24:22,677 [pool-1211-thread-1] INFO  server.RaftServerConfigKeys (ConfUtils.java:logGet(44)) - raft.server.leaderelection.leader.step-down.wait-time = 10s (default)
2021-09-02 02:24:22,677 [pool-1211-thread-1] INFO  server.RaftServerConfigKeys (ConfUtils.java:logGet(44)) - raft.server.sleep.deviation.threshold = 300ms (default)
2021-09-02 02:24:22,677 [pool-1211-thread-1] INFO  server.RaftServerConfigKeys (ConfUtils.java:logGet(44)) - raft.server.log.appender.install.snapshot.enabled = false (custom)
2021-09-02 02:24:22,677 [pool-1211-thread-1] INFO  server.RaftServer$Division (ServerState.java:<init>(105)) - af0a5c91-f714-4dc1-a2f1-efe0e47618a1@group-24BBA463E12F: ConfigurationManager, init=-1: [3c795851-1066-4b85-8bc1-6af36b99c451|rpc:10.1.0.11:42401|priority:0, af0a5c91-f714-4dc1-a2f1-efe0e47618a1|rpc:10.1.0.11:35001|priority:0, 187906f6-3436-4d7b-ba29-fc09579eb1c8|rpc:10.1.0.11:41159|priority:1], old=null, confs=<EMPTY_MAP>
2021-09-02 02:24:22,677 [pool-1211-thread-1] INFO  server.RaftServerConfigKeys (ConfUtils.java:logGet(44)) - raft.server.storage.dir = [/home/runner/work/ozone/ozone/hadoop-ozone/integration-test/target/test-dir/MiniOzoneClusterImpl-29bc8a50-871c-4f9e-822f-1a9e32d9d7f8/datanode-3/data/ratis] (custom)
2021-09-02 02:24:22,677 [pool-1211-thread-1] INFO  server.RaftServerConfigKeys (ConfUtils.java:logGet(44)) - raft.server.log.corruption.policy = EXCEPTION (default)
2021-09-02 02:24:22,677 [pool-1211-thread-1] INFO  server.RaftServerConfigKeys (ConfUtils.java:logGet(44)) - raft.server.storage.free-space.min = 0MB (=0) (default)
2021-09-02 02:24:22,677 [pool-1211-thread-1] INFO  storage.RaftStorageDirectory (RaftStorageDirectoryImpl.java:analyzeStorage(135)) - The storage directory /home/runner/work/ozone/ozone/hadoop-ozone/integration-test/target/test-dir/MiniOzoneClusterImpl-29bc8a50-871c-4f9e-822f-1a9e32d9d7f8/datanode-3/data/ratis/5a36dfcd-72fc-46b3-9ff7-24bba463e12f does not exist. Creating ...
2021-09-02 02:24:22,681 [pool-1211-thread-1] INFO  storage.RaftStorageDirectory (RaftStorageDirectoryImpl.java:tryLock(230)) - Lock on /home/runner/work/ozone/ozone/hadoop-ozone/integration-test/target/test-dir/MiniOzoneClusterImpl-29bc8a50-871c-4f9e-822f-1a9e32d9d7f8/datanode-3/data/ratis/5a36dfcd-72fc-46b3-9ff7-24bba463e12f/in_use.lock acquired by nodename 23478@fv-az195-103
2021-09-02 02:24:22,684 [pool-1211-thread-1] INFO  storage.RaftStorage (RaftStorageImpl.java:format(89)) - Storage directory /home/runner/work/ozone/ozone/hadoop-ozone/integration-test/target/test-dir/MiniOzoneClusterImpl-29bc8a50-871c-4f9e-822f-1a9e32d9d7f8/datanode-3/data/ratis/5a36dfcd-72fc-46b3-9ff7-24bba463e12f has been successfully formatted.
2021-09-02 02:24:22,684 [pool-1211-thread-1] INFO  ratis.ContainerStateMachine (ContainerStateMachine.java:loadSnapshot(224)) - group-24BBA463E12F: The snapshot info is null. Setting the last applied indexto:(t:0, i:~)
2021-09-02 02:24:22,685 [pool-1211-thread-1] INFO  server.RaftServerConfigKeys (ConfUtils.java:logGet(44)) - raft.server.notification.no-leader.timeout = 300000ms (custom)
2021-09-02 02:24:22,685 [pool-1211-thread-1] INFO  server.RaftServerConfigKeys (ConfUtils.java:logGet(44)) - raft.server.log.use.memory = false (default)
2021-09-02 02:24:22,685 [pool-1211-thread-1] INFO  server.RaftServerConfigKeys (ConfUtils.java:logGet(44)) - raft.server.log.purge.gap = 1000000 (custom)
2021-09-02 02:24:22,685 [pool-1211-thread-1] INFO  server.RaftServerConfigKeys (ConfUtils.java:logGet(44)) - raft.server.log.appender.buffer.byte-limit = 33554432 (custom)
2021-09-02 02:24:22,685 [pool-1211-thread-1] INFO  server.RaftServerConfigKeys (ConfUtils.java:logGet(44)) - raft.server.log.segment.size.max = 1048576 (custom)
2021-09-02 02:24:22,686 [pool-1211-thread-1] INFO  server.RaftServerConfigKeys (ConfUtils.java:logGet(44)) - raft.server.log.segment.cache.num.max = 2 (custom)
2021-09-02 02:24:22,686 [pool-1211-thread-1] INFO  server.RaftServerConfigKeys (ConfUtils.java:logGet(44)) - raft.server.log.segment.cache.size.max = 200MB (=209715200) (default)
2021-09-02 02:24:22,686 [pool-1211-thread-1] INFO  segmented.SegmentedRaftLogWorker (SegmentedRaftLogWorker.java:<init>(182)) - new af0a5c91-f714-4dc1-a2f1-efe0e47618a1@group-24BBA463E12F-SegmentedRaftLogWorker for RaftStorageImpl:Storage Directory /home/runner/work/ozone/ozone/hadoop-ozone/integration-test/target/test-dir/MiniOzoneClusterImpl-29bc8a50-871c-4f9e-822f-1a9e32d9d7f8/datanode-3/data/ratis/5a36dfcd-72fc-46b3-9ff7-24bba463e12f
2021-09-02 02:24:22,686 [pool-1211-thread-1] INFO  server.RaftServerConfigKeys (ConfUtils.java:logGet(44)) - raft.server.log.queue.byte-limit = 2147483647 (custom)
2021-09-02 02:24:22,686 [pool-1211-thread-1] INFO  server.RaftServerConfigKeys (ConfUtils.java:logGet(44)) - raft.server.log.queue.element-limit = 1024 (custom)
2021-09-02 02:24:22,686 [pool-1211-thread-1] INFO  server.RaftServerConfigKeys (ConfUtils.java:logGet(44)) - raft.server.log.segment.size.max = 1048576 (custom)
2021-09-02 02:24:22,686 [pool-1211-thread-1] INFO  server.RaftServerConfigKeys (ConfUtils.java:logGet(44)) - raft.server.log.preallocated.size = 16384 (custom)
2021-09-02 02:24:22,686 [pool-1211-thread-1] INFO  server.RaftServerConfigKeys (ConfUtils.java:logGet(44)) - raft.server.log.force.sync.num = 128 (default)
2021-09-02 02:24:22,686 [pool-1211-thread-1] INFO  server.RaftServerConfigKeys (ConfUtils.java:logGet(44)) - raft.server.log.statemachine.data.sync = true (default)
2021-09-02 02:24:22,686 [pool-1211-thread-1] INFO  server.RaftServerConfigKeys (ConfUtils.java:logGet(44)) - raft.server.log.statemachine.data.sync.timeout = 10s (default)
2021-09-02 02:24:22,686 [pool-1211-thread-1] INFO  server.RaftServerConfigKeys (ConfUtils.java:logGet(44)) - raft.server.log.statemachine.data.sync.timeout.retry = -1 (default)
2021-09-02 02:24:22,696 [pool-1211-thread-1] INFO  server.RaftServerConfigKeys (ConfUtils.java:logGet(44)) - raft.server.log.write.buffer.size = 1048576 (custom)
2021-09-02 02:24:22,696 [pool-1211-thread-1] INFO  server.RaftServerConfigKeys (ConfUtils.java:logGet(44)) - raft.server.log.statemachine.data.caching.enabled = true (custom)
2021-09-02 02:24:22,697 [pool-1211-thread-1] INFO  segmented.SegmentedRaftLogWorker (SegmentedRaftLogWorker.java:lambda$new$0(133)) - af0a5c91-f714-4dc1-a2f1-efe0e47618a1@group-24BBA463E12F-SegmentedRaftLogWorker: flushIndex: setUnconditionally 0 -> -1
2021-09-02 02:24:22,697 [pool-1211-thread-1] INFO  segmented.SegmentedRaftLogWorker (SegmentedRaftLogWorker.java:lambda$new$0(133)) - af0a5c91-f714-4dc1-a2f1-efe0e47618a1@group-24BBA463E12F-SegmentedRaftLogWorker: safeCacheEvictIndex: setUnconditionally 0 -> -1
2021-09-02 02:24:22,709 [pool-1211-thread-1] INFO  server.RaftServerConfigKeys (ConfUtils.java:logGet(44)) - raft.server.snapshot.auto.trigger.enabled = true (custom)
2021-09-02 02:24:22,709 [pool-1211-thread-1] INFO  server.RaftServerConfigKeys (ConfUtils.java:logGet(44)) - raft.server.snapshot.auto.trigger.threshold = 10000 (custom)
2021-09-02 02:24:22,709 [pool-1211-thread-1] INFO  server.RaftServerConfigKeys (ConfUtils.java:logGet(44)) - raft.server.snapshot.retention.file.num = 5 (custom)
2021-09-02 02:24:22,709 [pool-1211-thread-1] INFO  server.RaftServerConfigKeys (ConfUtils.java:logGet(44)) - raft.server.log.purge.upto.snapshot.index = false (default)
2021-09-02 02:24:22,709 [pool-1211-thread-1] INFO  server.RaftServerConfigKeys (ConfUtils.java:logGet(44)) - raft.server.retrycache.expirytime = 600000ms (custom)
2021-09-02 02:24:22,710 [pool-1211-thread-1] INFO  server.RaftServerConfigKeys (ConfUtils.java:logGet(44)) - raft.server.retrycache.statistics.expirytime = 100μs (default)
2021-09-02 02:24:22,711 [pool-1230-thread-1] INFO  storage.RaftStorage (RaftStorageImpl.java:format(89)) - Storage directory /home/runner/work/ozone/ozone/hadoop-ozone/integration-test/target/test-dir/MiniOzoneClusterImpl-29bc8a50-871c-4f9e-822f-1a9e32d9d7f8/datanode-4/data/ratis/5a36dfcd-72fc-46b3-9ff7-24bba463e12f has been successfully formatted.
2021-09-02 02:24:22,711 [pool-1230-thread-1] INFO  ratis.ContainerStateMachine (ContainerStateMachine.java:loadSnapshot(224)) - group-24BBA463E12F: The snapshot info is null. Setting the last applied indexto:(t:0, i:~)
2021-09-02 02:24:22,712 [pool-1211-thread-1] INFO  server.RaftServer$Division (RaftServerImpl.java:start(296)) - af0a5c91-f714-4dc1-a2f1-efe0e47618a1@group-24BBA463E12F: start as a follower, conf=-1: [3c795851-1066-4b85-8bc1-6af36b99c451|rpc:10.1.0.11:42401|priority:0, af0a5c91-f714-4dc1-a2f1-efe0e47618a1|rpc:10.1.0.11:35001|priority:0, 187906f6-3436-4d7b-ba29-fc09579eb1c8|rpc:10.1.0.11:41159|priority:1], old=null
2021-09-02 02:24:22,712 [pool-1211-thread-1] INFO  server.RaftServer$Division (RaftServerImpl.java:setRole(285)) - af0a5c91-f714-4dc1-a2f1-efe0e47618a1@group-24BBA463E12F: changes role from      null to FOLLOWER at term 0 for startAsFollower
2021-09-02 02:24:22,712 [pool-1211-thread-1] INFO  impl.RoleInfo (RoleInfo.java:updateAndGet(130)) - af0a5c91-f714-4dc1-a2f1-efe0e47618a1: start af0a5c91-f714-4dc1-a2f1-efe0e47618a1@group-24BBA463E12F-FollowerState
2021-09-02 02:24:22,713 [Datanode State Machine Thread - 0] WARN  statemachine.StateContext (StateContext.java:execute(621)) - No available thread in pool for past 1 seconds.
2021-09-02 02:24:22,713 [EventQueue-OpenPipelineForHealthyPipelineSafeModeRule] INFO  safemode.SCMSafeModeManager (HealthyPipelineSafeModeRule.java:process(124)) - SCM in safe mode. Healthy pipelines reported count is 0, required healthy pipeline reported count is 1
2021-09-02 02:24:22,722 [pool-1230-thread-1] INFO  server.RaftServerConfigKeys (ConfUtils.java:logGet(44)) - raft.server.notification.no-leader.timeout = 300000ms (custom)
2021-09-02 02:24:22,722 [pool-1230-thread-1] INFO  server.RaftServerConfigKeys (ConfUtils.java:logGet(44)) - raft.server.log.use.memory = false (default)
2021-09-02 02:24:22,722 [pool-1230-thread-1] INFO  server.RaftServerConfigKeys (ConfUtils.java:logGet(44)) - raft.server.log.purge.gap = 1000000 (custom)
2021-09-02 02:24:22,722 [pool-1230-thread-1] INFO  server.RaftServerConfigKeys (ConfUtils.java:logGet(44)) - raft.server.log.appender.buffer.byte-limit = 33554432 (custom)
2021-09-02 02:24:22,722 [pool-1230-thread-1] INFO  server.RaftServerConfigKeys (ConfUtils.java:logGet(44)) - raft.server.log.segment.size.max = 1048576 (custom)
2021-09-02 02:24:22,723 [pool-1230-thread-1] INFO  server.RaftServerConfigKeys (ConfUtils.java:logGet(44)) - raft.server.log.segment.cache.num.max = 2 (custom)
2021-09-02 02:24:22,723 [pool-1230-thread-1] INFO  server.RaftServerConfigKeys (ConfUtils.java:logGet(44)) - raft.server.log.segment.cache.size.max = 200MB (=209715200) (default)
2021-09-02 02:24:22,723 [pool-1230-thread-1] INFO  segmented.SegmentedRaftLogWorker (SegmentedRaftLogWorker.java:<init>(182)) - new 187906f6-3436-4d7b-ba29-fc09579eb1c8@group-24BBA463E12F-SegmentedRaftLogWorker for RaftStorageImpl:Storage Directory /home/runner/work/ozone/ozone/hadoop-ozone/integration-test/target/test-dir/MiniOzoneClusterImpl-29bc8a50-871c-4f9e-822f-1a9e32d9d7f8/datanode-4/data/ratis/5a36dfcd-72fc-46b3-9ff7-24bba463e12f
2021-09-02 02:24:22,723 [pool-1230-thread-1] INFO  server.RaftServerConfigKeys (ConfUtils.java:logGet(44)) - raft.server.log.queue.byte-limit = 2147483647 (custom)
2021-09-02 02:24:22,723 [pool-1230-thread-1] INFO  server.RaftServerConfigKeys (ConfUtils.java:logGet(44)) - raft.server.log.queue.element-limit = 1024 (custom)
2021-09-02 02:24:22,723 [pool-1230-thread-1] INFO  server.RaftServerConfigKeys (ConfUtils.java:logGet(44)) - raft.server.log.segment.size.max = 1048576 (custom)
2021-09-02 02:24:22,723 [pool-1230-thread-1] INFO  server.RaftServerConfigKeys (ConfUtils.java:logGet(44)) - raft.server.log.preallocated.size = 16384 (custom)
2021-09-02 02:24:22,723 [pool-1230-thread-1] INFO  server.RaftServerConfigKeys (ConfUtils.java:logGet(44)) - raft.server.log.force.sync.num = 128 (default)
2021-09-02 02:24:22,724 [pool-1230-thread-1] INFO  server.RaftServerConfigKeys (ConfUtils.java:logGet(44)) - raft.server.log.statemachine.data.sync = true (default)
2021-09-02 02:24:22,724 [pool-1230-thread-1] INFO  server.RaftServerConfigKeys (ConfUtils.java:logGet(44)) - raft.server.log.statemachine.data.sync.timeout = 10s (default)
2021-09-02 02:24:22,724 [pool-1230-thread-1] INFO  server.RaftServerConfigKeys (ConfUtils.java:logGet(44)) - raft.server.log.statemachine.data.sync.timeout.retry = -1 (default)
2021-09-02 02:24:22,768 [pool-1211-thread-1] INFO  util.JmxRegister (JmxRegister.java:tryRegister(44)) - Successfully registered JMX Bean with object name Ratis:service=RaftServer,group=group-24BBA463E12F,id=af0a5c91-f714-4dc1-a2f1-efe0e47618a1
2021-09-02 02:24:22,823 [pool-1230-thread-1] INFO  server.RaftServerConfigKeys (ConfUtils.java:logGet(44)) - raft.server.log.write.buffer.size = 1048576 (custom)
2021-09-02 02:24:22,823 [Command processor thread] INFO  ratis.XceiverServerRatis (XceiverServerRatis.java:addGroup(763)) - Created group PipelineID=5a36dfcd-72fc-46b3-9ff7-24bba463e12f
2021-09-02 02:24:22,824 [pool-1230-thread-1] INFO  server.RaftServerConfigKeys (ConfUtils.java:logGet(44)) - raft.server.log.statemachine.data.caching.enabled = true (custom)
2021-09-02 02:24:22,824 [pool-1230-thread-1] INFO  segmented.SegmentedRaftLogWorker (SegmentedRaftLogWorker.java:lambda$new$0(133)) - 187906f6-3436-4d7b-ba29-fc09579eb1c8@group-24BBA463E12F-SegmentedRaftLogWorker: flushIndex: setUnconditionally 0 -> -1
2021-09-02 02:24:22,824 [pool-1230-thread-1] INFO  segmented.SegmentedRaftLogWorker (SegmentedRaftLogWorker.java:lambda$new$0(133)) - 187906f6-3436-4d7b-ba29-fc09579eb1c8@group-24BBA463E12F-SegmentedRaftLogWorker: safeCacheEvictIndex: setUnconditionally 0 -> -1
2021-09-02 02:24:22,850 [pool-1230-thread-1] INFO  server.RaftServerConfigKeys (ConfUtils.java:logGet(44)) - raft.server.snapshot.auto.trigger.enabled = true (custom)
2021-09-02 02:24:22,850 [pool-1230-thread-1] INFO  server.RaftServerConfigKeys (ConfUtils.java:logGet(44)) - raft.server.snapshot.auto.trigger.threshold = 10000 (custom)
2021-09-02 02:24:22,851 [pool-1230-thread-1] INFO  server.RaftServerConfigKeys (ConfUtils.java:logGet(44)) - raft.server.snapshot.retention.file.num = 5 (custom)
2021-09-02 02:24:22,851 [pool-1230-thread-1] INFO  server.RaftServerConfigKeys (ConfUtils.java:logGet(44)) - raft.server.log.purge.upto.snapshot.index = false (default)
2021-09-02 02:24:22,851 [pool-1230-thread-1] INFO  server.RaftServerConfigKeys (ConfUtils.java:logGet(44)) - raft.server.retrycache.expirytime = 600000ms (custom)
2021-09-02 02:24:22,851 [pool-1230-thread-1] INFO  server.RaftServerConfigKeys (ConfUtils.java:logGet(44)) - raft.server.retrycache.statistics.expirytime = 100μs (default)
2021-09-02 02:24:22,854 [pool-1230-thread-1] INFO  server.RaftServer$Division (RaftServerImpl.java:start(296)) - 187906f6-3436-4d7b-ba29-fc09579eb1c8@group-24BBA463E12F: start as a follower, conf=-1: [3c795851-1066-4b85-8bc1-6af36b99c451|rpc:10.1.0.11:42401|priority:0, af0a5c91-f714-4dc1-a2f1-efe0e47618a1|rpc:10.1.0.11:35001|priority:0, 187906f6-3436-4d7b-ba29-fc09579eb1c8|rpc:10.1.0.11:41159|priority:1], old=null
2021-09-02 02:24:22,854 [pool-1230-thread-1] INFO  server.RaftServer$Division (RaftServerImpl.java:setRole(285)) - 187906f6-3436-4d7b-ba29-fc09579eb1c8@group-24BBA463E12F: changes role from      null to FOLLOWER at term 0 for startAsFollower
2021-09-02 02:24:22,854 [pool-1230-thread-1] INFO  impl.RoleInfo (RoleInfo.java:updateAndGet(130)) - 187906f6-3436-4d7b-ba29-fc09579eb1c8: start 187906f6-3436-4d7b-ba29-fc09579eb1c8@group-24BBA463E12F-FollowerState
2021-09-02 02:24:22,857 [EventQueue-OpenPipelineForHealthyPipelineSafeModeRule] INFO  safemode.SCMSafeModeManager (HealthyPipelineSafeModeRule.java:process(124)) - SCM in safe mode. Healthy pipelines reported count is 0, required healthy pipeline reported count is 1
2021-09-02 02:24:22,858 [pool-1230-thread-1] INFO  util.JmxRegister (JmxRegister.java:tryRegister(44)) - Successfully registered JMX Bean with object name Ratis:service=RaftServer,group=group-24BBA463E12F,id=187906f6-3436-4d7b-ba29-fc09579eb1c8
2021-09-02 02:24:22,962 [Command processor thread] INFO  ratis.XceiverServerRatis (XceiverServerRatis.java:addGroup(763)) - Created group PipelineID=5a36dfcd-72fc-46b3-9ff7-24bba463e12f
2021-09-02 02:24:22,985 [grpc-default-executor-2] INFO  server.RaftServer (RaftServerProxy.java:addNew(95)) - 3c795851-1066-4b85-8bc1-6af36b99c451: addNew group-24BBA463E12F:[3c795851-1066-4b85-8bc1-6af36b99c451|rpc:10.1.0.11:42401|dataStream:|priority:0, af0a5c91-f714-4dc1-a2f1-efe0e47618a1|rpc:10.1.0.11:35001|dataStream:|priority:0, 187906f6-3436-4d7b-ba29-fc09579eb1c8|rpc:10.1.0.11:41159|dataStream:|priority:1] returns group-24BBA463E12F:java.util.concurrent.CompletableFuture@5d78b2e9[Not completed]
2021-09-02 02:24:22,988 [pool-1249-thread-1] INFO  server.RaftServer$Division (RaftServerImpl.java:<init>(181)) - 3c795851-1066-4b85-8bc1-6af36b99c451: new RaftServerImpl for group-24BBA463E12F:[3c795851-1066-4b85-8bc1-6af36b99c451|rpc:10.1.0.11:42401|dataStream:|priority:0, af0a5c91-f714-4dc1-a2f1-efe0e47618a1|rpc:10.1.0.11:35001|dataStream:|priority:0, 187906f6-3436-4d7b-ba29-fc09579eb1c8|rpc:10.1.0.11:41159|dataStream:|priority:1] with ContainerStateMachine:uninitialized
2021-09-02 02:24:22,989 [pool-1249-thread-1] INFO  server.RaftServerConfigKeys (ConfUtils.java:logGet(44)) - raft.server.rpc.timeout.min = 5s (custom)
2021-09-02 02:24:22,989 [pool-1249-thread-1] INFO  server.RaftServerConfigKeys (ConfUtils.java:logGet(44)) - raft.server.rpc.timeout.max = 5200ms (custom)
2021-09-02 02:24:22,989 [pool-1249-thread-1] INFO  server.RaftServerConfigKeys (ConfUtils.java:logGet(44)) - raft.server.rpc.sleep.time = 25ms (default)
2021-09-02 02:24:22,989 [pool-1249-thread-1] INFO  server.RaftServerConfigKeys (ConfUtils.java:logGet(44)) - raft.server.rpc.slowness.timeout = 300000ms (custom)
2021-09-02 02:24:22,989 [pool-1249-thread-1] INFO  server.RaftServerConfigKeys (ConfUtils.java:logGet(44)) - raft.server.leaderelection.leader.step-down.wait-time = 10s (default)
2021-09-02 02:24:22,989 [pool-1249-thread-1] INFO  server.RaftServerConfigKeys (ConfUtils.java:logGet(44)) - raft.server.sleep.deviation.threshold = 300ms (default)
2021-09-02 02:24:22,989 [pool-1249-thread-1] INFO  server.RaftServerConfigKeys (ConfUtils.java:logGet(44)) - raft.server.log.appender.install.snapshot.enabled = false (custom)
2021-09-02 02:24:22,989 [pool-1249-thread-1] INFO  server.RaftServer$Division (ServerState.java:<init>(105)) - 3c795851-1066-4b85-8bc1-6af36b99c451@group-24BBA463E12F: ConfigurationManager, init=-1: [3c795851-1066-4b85-8bc1-6af36b99c451|rpc:10.1.0.11:42401|dataStream:|priority:0, af0a5c91-f714-4dc1-a2f1-efe0e47618a1|rpc:10.1.0.11:35001|dataStream:|priority:0, 187906f6-3436-4d7b-ba29-fc09579eb1c8|rpc:10.1.0.11:41159|dataStream:|priority:1], old=null, confs=<EMPTY_MAP>
2021-09-02 02:24:22,989 [pool-1249-thread-1] INFO  server.RaftServerConfigKeys (ConfUtils.java:logGet(44)) - raft.server.storage.dir = [/home/runner/work/ozone/ozone/hadoop-ozone/integration-test/target/test-dir/MiniOzoneClusterImpl-29bc8a50-871c-4f9e-822f-1a9e32d9d7f8/datanode-5/data/ratis] (custom)
2021-09-02 02:24:22,989 [pool-1249-thread-1] INFO  server.RaftServerConfigKeys (ConfUtils.java:logGet(44)) - raft.server.log.corruption.policy = EXCEPTION (default)
2021-09-02 02:24:22,989 [pool-1249-thread-1] INFO  server.RaftServerConfigKeys (ConfUtils.java:logGet(44)) - raft.server.storage.free-space.min = 0MB (=0) (default)
2021-09-02 02:24:22,989 [pool-1249-thread-1] INFO  storage.RaftStorageDirectory (RaftStorageDirectoryImpl.java:analyzeStorage(135)) - The storage directory /home/runner/work/ozone/ozone/hadoop-ozone/integration-test/target/test-dir/MiniOzoneClusterImpl-29bc8a50-871c-4f9e-822f-1a9e32d9d7f8/datanode-5/data/ratis/5a36dfcd-72fc-46b3-9ff7-24bba463e12f does not exist. Creating ...
2021-09-02 02:24:22,991 [pool-1249-thread-1] INFO  storage.RaftStorageDirectory (RaftStorageDirectoryImpl.java:tryLock(230)) - Lock on /home/runner/work/ozone/ozone/hadoop-ozone/integration-test/target/test-dir/MiniOzoneClusterImpl-29bc8a50-871c-4f9e-822f-1a9e32d9d7f8/datanode-5/data/ratis/5a36dfcd-72fc-46b3-9ff7-24bba463e12f/in_use.lock acquired by nodename 23478@fv-az195-103
2021-09-02 02:24:22,992 [pool-1249-thread-1] INFO  storage.RaftStorage (RaftStorageImpl.java:format(89)) - Storage directory /home/runner/work/ozone/ozone/hadoop-ozone/integration-test/target/test-dir/MiniOzoneClusterImpl-29bc8a50-871c-4f9e-822f-1a9e32d9d7f8/datanode-5/data/ratis/5a36dfcd-72fc-46b3-9ff7-24bba463e12f has been successfully formatted.
2021-09-02 02:24:22,993 [Datanode State Machine Thread - 0] WARN  statemachine.StateContext (StateContext.java:execute(621)) - No available thread in pool for past 1 seconds.
2021-09-02 02:24:22,997 [pool-1249-thread-1] INFO  ratis.ContainerStateMachine (ContainerStateMachine.java:loadSnapshot(224)) - group-24BBA463E12F: The snapshot info is null. Setting the last applied indexto:(t:0, i:~)
2021-09-02 02:24:22,997 [pool-1249-thread-1] INFO  server.RaftServerConfigKeys (ConfUtils.java:logGet(44)) - raft.server.notification.no-leader.timeout = 300000ms (custom)
2021-09-02 02:24:22,998 [pool-1249-thread-1] INFO  server.RaftServerConfigKeys (ConfUtils.java:logGet(44)) - raft.server.log.use.memory = false (default)
2021-09-02 02:24:22,998 [pool-1249-thread-1] INFO  server.RaftServerConfigKeys (ConfUtils.java:logGet(44)) - raft.server.log.purge.gap = 1000000 (custom)
2021-09-02 02:24:22,998 [pool-1249-thread-1] INFO  server.RaftServerConfigKeys (ConfUtils.java:logGet(44)) - raft.server.log.appender.buffer.byte-limit = 33554432 (custom)
2021-09-02 02:24:22,998 [pool-1249-thread-1] INFO  server.RaftServerConfigKeys (ConfUtils.java:logGet(44)) - raft.server.log.segment.size.max = 1048576 (custom)
2021-09-02 02:24:22,999 [pool-1249-thread-1] INFO  server.RaftServerConfigKeys (ConfUtils.java:logGet(44)) - raft.server.log.segment.cache.num.max = 2 (custom)
2021-09-02 02:24:23,002 [pool-1249-thread-1] INFO  server.RaftServerConfigKeys (ConfUtils.java:logGet(44)) - raft.server.log.segment.cache.size.max = 200MB (=209715200) (default)
2021-09-02 02:24:23,002 [pool-1249-thread-1] INFO  segmented.SegmentedRaftLogWorker (SegmentedRaftLogWorker.java:<init>(182)) - new 3c795851-1066-4b85-8bc1-6af36b99c451@group-24BBA463E12F-SegmentedRaftLogWorker for RaftStorageImpl:Storage Directory /home/runner/work/ozone/ozone/hadoop-ozone/integration-test/target/test-dir/MiniOzoneClusterImpl-29bc8a50-871c-4f9e-822f-1a9e32d9d7f8/datanode-5/data/ratis/5a36dfcd-72fc-46b3-9ff7-24bba463e12f
2021-09-02 02:24:23,002 [pool-1249-thread-1] INFO  server.RaftServerConfigKeys (ConfUtils.java:logGet(44)) - raft.server.log.queue.byte-limit = 2147483647 (custom)
2021-09-02 02:24:23,002 [pool-1249-thread-1] INFO  server.RaftServerConfigKeys (ConfUtils.java:logGet(44)) - raft.server.log.queue.element-limit = 1024 (custom)
2021-09-02 02:24:23,002 [pool-1249-thread-1] INFO  server.RaftServerConfigKeys (ConfUtils.java:logGet(44)) - raft.server.log.segment.size.max = 1048576 (custom)
2021-09-02 02:24:23,002 [pool-1249-thread-1] INFO  server.RaftServerConfigKeys (ConfUtils.java:logGet(44)) - raft.server.log.preallocated.size = 16384 (custom)
2021-09-02 02:24:23,002 [pool-1249-thread-1] INFO  server.RaftServerConfigKeys (ConfUtils.java:logGet(44)) - raft.server.log.force.sync.num = 128 (default)
2021-09-02 02:24:23,002 [pool-1249-thread-1] INFO  server.RaftServerConfigKeys (ConfUtils.java:logGet(44)) - raft.server.log.statemachine.data.sync = true (default)
2021-09-02 02:24:23,002 [pool-1249-thread-1] INFO  server.RaftServerConfigKeys (ConfUtils.java:logGet(44)) - raft.server.log.statemachine.data.sync.timeout = 10s (default)
2021-09-02 02:24:23,002 [pool-1249-thread-1] INFO  server.RaftServerConfigKeys (ConfUtils.java:logGet(44)) - raft.server.log.statemachine.data.sync.timeout.retry = -1 (default)
2021-09-02 02:24:23,004 [pool-1249-thread-1] INFO  server.RaftServerConfigKeys (ConfUtils.java:logGet(44)) - raft.server.log.write.buffer.size = 1048576 (custom)
2021-09-02 02:24:23,012 [pool-1249-thread-1] INFO  server.RaftServerConfigKeys (ConfUtils.java:logGet(44)) - raft.server.log.statemachine.data.caching.enabled = true (custom)
2021-09-02 02:24:23,012 [pool-1249-thread-1] INFO  segmented.SegmentedRaftLogWorker (SegmentedRaftLogWorker.java:lambda$new$0(133)) - 3c795851-1066-4b85-8bc1-6af36b99c451@group-24BBA463E12F-SegmentedRaftLogWorker: flushIndex: setUnconditionally 0 -> -1
2021-09-02 02:24:23,084 [pool-1249-thread-1] INFO  segmented.SegmentedRaftLogWorker (SegmentedRaftLogWorker.java:lambda$new$0(133)) - 3c795851-1066-4b85-8bc1-6af36b99c451@group-24BBA463E12F-SegmentedRaftLogWorker: safeCacheEvictIndex: setUnconditionally 0 -> -1
2021-09-02 02:24:23,033 [Command processor thread] INFO  server.RaftServer (RaftServerProxy.java:addNew(95)) - 3c795851-1066-4b85-8bc1-6af36b99c451: addNew group-47194F445B8B:[3c795851-1066-4b85-8bc1-6af36b99c451|rpc:10.1.0.11:42401|priority:1] returns group-47194F445B8B:java.util.concurrent.CompletableFuture@3386d832[Not completed]
2021-09-02 02:24:23,025 [Listener at 127.0.0.1/45645] INFO  ozone.MiniOzoneClusterImpl (MiniOzoneClusterImpl.java:lambda$waitForClusterToBeReady$0(235)) - Nodes are ready. Got 7 of 7 DN Heartbeats.
2021-09-02 02:24:23,085 [Listener at 127.0.0.1/45645] INFO  ozone.MiniOzoneClusterImpl (MiniOzoneClusterImpl.java:lambda$waitForClusterToBeReady$0(238)) - Waiting for cluster to exit safe mode
2021-09-02 02:24:23,085 [Listener at 127.0.0.1/45645] INFO  ozone.MiniOzoneClusterImpl (MiniOzoneClusterImpl.java:lambda$waitForClusterToBeReady$0(240)) - SCM became leader
2021-09-02 02:24:23,129 [pool-1249-thread-1] INFO  server.RaftServerConfigKeys (ConfUtils.java:logGet(44)) - raft.server.snapshot.auto.trigger.enabled = true (custom)
2021-09-02 02:24:23,129 [pool-1249-thread-1] INFO  server.RaftServerConfigKeys (ConfUtils.java:logGet(44)) - raft.server.snapshot.auto.trigger.threshold = 10000 (custom)
2021-09-02 02:24:23,129 [pool-1249-thread-1] INFO  server.RaftServerConfigKeys (ConfUtils.java:logGet(44)) - raft.server.snapshot.retention.file.num = 5 (custom)
2021-09-02 02:24:23,129 [pool-1249-thread-1] INFO  server.RaftServerConfigKeys (ConfUtils.java:logGet(44)) - raft.server.log.purge.upto.snapshot.index = false (default)
2021-09-02 02:24:23,130 [pool-1249-thread-1] INFO  server.RaftServerConfigKeys (ConfUtils.java:logGet(44)) - raft.server.retrycache.expirytime = 600000ms (custom)
2021-09-02 02:24:23,130 [pool-1249-thread-1] INFO  server.RaftServerConfigKeys (ConfUtils.java:logGet(44)) - raft.server.retrycache.statistics.expirytime = 100μs (default)
2021-09-02 02:24:23,133 [pool-1249-thread-1] INFO  server.RaftServer$Division (RaftServerImpl.java:<init>(181)) - 3c795851-1066-4b85-8bc1-6af36b99c451: new RaftServerImpl for group-47194F445B8B:[3c795851-1066-4b85-8bc1-6af36b99c451|rpc:10.1.0.11:42401|priority:1] with ContainerStateMachine:uninitialized
2021-09-02 02:24:23,133 [pool-1249-thread-1] INFO  server.RaftServerConfigKeys (ConfUtils.java:logGet(44)) - raft.server.rpc.timeout.min = 5s (custom)
2021-09-02 02:24:23,133 [pool-1249-thread-1] INFO  server.RaftServerConfigKeys (ConfUtils.java:logGet(44)) - raft.server.rpc.timeout.max = 5200ms (custom)
2021-09-02 02:24:23,133 [pool-1249-thread-1] INFO  server.RaftServerConfigKeys (ConfUtils.java:logGet(44)) - raft.server.rpc.sleep.time = 25ms (default)
2021-09-02 02:24:23,133 [pool-1249-thread-1] INFO  server.RaftServerConfigKeys (ConfUtils.java:logGet(44)) - raft.server.rpc.slowness.timeout = 300000ms (custom)
2021-09-02 02:24:23,133 [pool-1249-thread-1] INFO  server.RaftServerConfigKeys (ConfUtils.java:logGet(44)) - raft.server.leaderelection.leader.step-down.wait-time = 10s (default)
2021-09-02 02:24:23,133 [pool-1249-thread-1] INFO  server.RaftServerConfigKeys (ConfUtils.java:logGet(44)) - raft.server.sleep.deviation.threshold = 300ms (default)
2021-09-02 02:24:23,133 [pool-1249-thread-1] INFO  server.RaftServerConfigKeys (ConfUtils.java:logGet(44)) - raft.server.log.appender.install.snapshot.enabled = false (custom)
2021-09-02 02:24:23,133 [pool-1249-thread-1] INFO  server.RaftServer$Division (ServerState.java:<init>(105)) - 3c795851-1066-4b85-8bc1-6af36b99c451@group-47194F445B8B: ConfigurationManager, init=-1: [3c795851-1066-4b85-8bc1-6af36b99c451|rpc:10.1.0.11:42401|priority:1], old=null, confs=<EMPTY_MAP>
2021-09-02 02:24:23,141 [pool-1249-thread-1] INFO  server.RaftServerConfigKeys (ConfUtils.java:logGet(44)) - raft.server.storage.dir = [/home/runner/work/ozone/ozone/hadoop-ozone/integration-test/target/test-dir/MiniOzoneClusterImpl-29bc8a50-871c-4f9e-822f-1a9e32d9d7f8/datanode-5/data/ratis] (custom)
2021-09-02 02:24:23,141 [pool-1249-thread-1] INFO  server.RaftServerConfigKeys (ConfUtils.java:logGet(44)) - raft.server.log.corruption.policy = EXCEPTION (default)
2021-09-02 02:24:23,141 [pool-1249-thread-1] INFO  server.RaftServerConfigKeys (ConfUtils.java:logGet(44)) - raft.server.storage.free-space.min = 0MB (=0) (default)
2021-09-02 02:24:23,145 [pool-1249-thread-1] INFO  storage.RaftStorageDirectory (RaftStorageDirectoryImpl.java:analyzeStorage(135)) - The storage directory /home/runner/work/ozone/ozone/hadoop-ozone/integration-test/target/test-dir/MiniOzoneClusterImpl-29bc8a50-871c-4f9e-822f-1a9e32d9d7f8/datanode-5/data/ratis/aea278b0-c48a-401a-b92a-47194f445b8b does not exist. Creating ...
2021-09-02 02:24:23,174 [pool-1249-thread-1] INFO  storage.RaftStorageDirectory (RaftStorageDirectoryImpl.java:tryLock(230)) - Lock on /home/runner/work/ozone/ozone/hadoop-ozone/integration-test/target/test-dir/MiniOzoneClusterImpl-29bc8a50-871c-4f9e-822f-1a9e32d9d7f8/datanode-5/data/ratis/aea278b0-c48a-401a-b92a-47194f445b8b/in_use.lock acquired by nodename 23478@fv-az195-103
2021-09-02 02:24:23,180 [pool-1249-thread-1] INFO  storage.RaftStorage (RaftStorageImpl.java:format(89)) - Storage directory /home/runner/work/ozone/ozone/hadoop-ozone/integration-test/target/test-dir/MiniOzoneClusterImpl-29bc8a50-871c-4f9e-822f-1a9e32d9d7f8/datanode-5/data/ratis/aea278b0-c48a-401a-b92a-47194f445b8b has been successfully formatted.
2021-09-02 02:24:23,265 [pool-1249-thread-1] INFO  ratis.ContainerStateMachine (ContainerStateMachine.java:loadSnapshot(224)) - group-47194F445B8B: The snapshot info is null. Setting the last applied indexto:(t:0, i:~)
2021-09-02 02:24:23,265 [pool-1249-thread-1] INFO  server.RaftServerConfigKeys (ConfUtils.java:logGet(44)) - raft.server.notification.no-leader.timeout = 300000ms (custom)
2021-09-02 02:24:23,266 [pool-1249-thread-1] INFO  server.RaftServerConfigKeys (ConfUtils.java:logGet(44)) - raft.server.log.use.memory = false (default)
2021-09-02 02:24:23,266 [pool-1249-thread-1] INFO  server.RaftServerConfigKeys (ConfUtils.java:logGet(44)) - raft.server.log.purge.gap = 1000000 (custom)
2021-09-02 02:24:23,266 [pool-1249-thread-1] INFO  server.RaftServerConfigKeys (ConfUtils.java:logGet(44)) - raft.server.log.appender.buffer.byte-limit = 33554432 (custom)
2021-09-02 02:24:23,266 [pool-1249-thread-1] INFO  server.RaftServerConfigKeys (ConfUtils.java:logGet(44)) - raft.server.log.segment.size.max = 1048576 (custom)
2021-09-02 02:24:23,267 [pool-1249-thread-1] INFO  server.RaftServerConfigKeys (ConfUtils.java:logGet(44)) - raft.server.log.segment.cache.num.max = 2 (custom)
2021-09-02 02:24:23,267 [pool-1249-thread-1] INFO  server.RaftServerConfigKeys (ConfUtils.java:logGet(44)) - raft.server.log.segment.cache.size.max = 200MB (=209715200) (default)
2021-09-02 02:24:23,267 [pool-1249-thread-1] INFO  segmented.SegmentedRaftLogWorker (SegmentedRaftLogWorker.java:<init>(182)) - new 3c795851-1066-4b85-8bc1-6af36b99c451@group-47194F445B8B-SegmentedRaftLogWorker for RaftStorageImpl:Storage Directory /home/runner/work/ozone/ozone/hadoop-ozone/integration-test/target/test-dir/MiniOzoneClusterImpl-29bc8a50-871c-4f9e-822f-1a9e32d9d7f8/datanode-5/data/ratis/aea278b0-c48a-401a-b92a-47194f445b8b
2021-09-02 02:24:23,267 [pool-1249-thread-1] INFO  server.RaftServerConfigKeys (ConfUtils.java:logGet(44)) - raft.server.log.queue.byte-limit = 2147483647 (custom)
2021-09-02 02:24:23,267 [pool-1249-thread-1] INFO  server.RaftServerConfigKeys (ConfUtils.java:logGet(44)) - raft.server.log.queue.element-limit = 1024 (custom)
2021-09-02 02:24:23,267 [pool-1249-thread-1] INFO  server.RaftServerConfigKeys (ConfUtils.java:logGet(44)) - raft.server.log.segment.size.max = 1048576 (custom)
2021-09-02 02:24:23,267 [pool-1249-thread-1] INFO  server.RaftServerConfigKeys (ConfUtils.java:logGet(44)) - raft.server.log.preallocated.size = 16384 (custom)
2021-09-02 02:24:23,267 [pool-1249-thread-1] INFO  server.RaftServerConfigKeys (ConfUtils.java:logGet(44)) - raft.server.log.force.sync.num = 128 (default)
2021-09-02 02:24:23,267 [pool-1249-thread-1] INFO  server.RaftServerConfigKeys (ConfUtils.java:logGet(44)) - raft.server.log.statemachine.data.sync = true (default)
2021-09-02 02:24:23,267 [pool-1249-thread-1] INFO  server.RaftServerConfigKeys (ConfUtils.java:logGet(44)) - raft.server.log.statemachine.data.sync.timeout = 10s (default)
2021-09-02 02:24:23,267 [pool-1249-thread-1] INFO  server.RaftServerConfigKeys (ConfUtils.java:logGet(44)) - raft.server.log.statemachine.data.sync.timeout.retry = -1 (default)
2021-09-02 02:24:23,269 [pool-1249-thread-1] INFO  server.RaftServerConfigKeys (ConfUtils.java:logGet(44)) - raft.server.log.write.buffer.size = 1048576 (custom)
2021-09-02 02:24:23,270 [Datanode State Machine Thread - 0] WARN  statemachine.StateContext (StateContext.java:execute(621)) - No available thread in pool for past 1 seconds.
2021-09-02 02:24:23,270 [Command processor thread] INFO  commandhandler.CreatePipelineCommandHandler (CreatePipelineCommandHandler.java:handle(106)) - Created Pipeline RATIS THREE PipelineID=5a36dfcd-72fc-46b3-9ff7-24bba463e12f.
2021-09-02 02:24:23,297 [EventQueue-PipelineReportForPipelineReportHandler] INFO  pipeline.PipelineManagerImpl (PipelineManagerImpl.java:openPipeline(282)) - Pipeline Pipeline[ Id: aea278b0-c48a-401a-b92a-47194f445b8b, Nodes: 3c795851-1066-4b85-8bc1-6af36b99c451{ip: 10.1.0.11, host: fv-az195-103.u3nnjwd0vyge1bu22idnsdeq2e.cx.internal.cloudapp.net, ports: [REPLICATION=42663, RATIS=42401, RATIS_ADMIN=42401, RATIS_SERVER=42401, STANDALONE=45997], networkLocation: /default-rack, certSerialId: null, persistedOpState: IN_SERVICE, persistedOpStateExpiryEpochSec: 0}, ReplicationConfig: RATIS/ONE, State:ALLOCATED, leaderId:3c795851-1066-4b85-8bc1-6af36b99c451, CreationTimestamp2021-09-02T02:24:20.126Z[Etc/UTC]] moved to OPEN state
2021-09-02 02:24:23,297 [EventQueue-OpenPipelineForHealthyPipelineSafeModeRule] INFO  safemode.SCMSafeModeManager (HealthyPipelineSafeModeRule.java:process(124)) - SCM in safe mode. Healthy pipelines reported count is 0, required healthy pipeline reported count is 1
2021-09-02 02:24:23,324 [pool-1249-thread-1] INFO  server.RaftServerConfigKeys (ConfUtils.java:logGet(44)) - raft.server.log.statemachine.data.caching.enabled = true (custom)
2021-09-02 02:24:23,324 [pool-1249-thread-1] INFO  segmented.SegmentedRaftLogWorker (SegmentedRaftLogWorker.java:lambda$new$0(133)) - 3c795851-1066-4b85-8bc1-6af36b99c451@group-47194F445B8B-SegmentedRaftLogWorker: flushIndex: setUnconditionally 0 -> -1
2021-09-02 02:24:23,324 [pool-1249-thread-1] INFO  segmented.SegmentedRaftLogWorker (SegmentedRaftLogWorker.java:lambda$new$0(133)) - 3c795851-1066-4b85-8bc1-6af36b99c451@group-47194F445B8B-SegmentedRaftLogWorker: safeCacheEvictIndex: setUnconditionally 0 -> -1
2021-09-02 02:24:23,346 [pool-1249-thread-1] INFO  server.RaftServerConfigKeys (ConfUtils.java:logGet(44)) - raft.server.snapshot.auto.trigger.enabled = true (custom)
2021-09-02 02:24:23,346 [pool-1249-thread-1] INFO  server.RaftServerConfigKeys (ConfUtils.java:logGet(44)) - raft.server.snapshot.auto.trigger.threshold = 10000 (custom)
2021-09-02 02:24:23,346 [pool-1249-thread-1] INFO  server.RaftServerConfigKeys (ConfUtils.java:logGet(44)) - raft.server.snapshot.retention.file.num = 5 (custom)
2021-09-02 02:24:23,346 [pool-1249-thread-1] INFO  server.RaftServerConfigKeys (ConfUtils.java:logGet(44)) - raft.server.log.purge.upto.snapshot.index = false (default)
2021-09-02 02:24:23,346 [pool-1249-thread-1] INFO  server.RaftServerConfigKeys (ConfUtils.java:logGet(44)) - raft.server.retrycache.expirytime = 600000ms (custom)
2021-09-02 02:24:23,346 [pool-1249-thread-1] INFO  server.RaftServerConfigKeys (ConfUtils.java:logGet(44)) - raft.server.retrycache.statistics.expirytime = 100μs (default)
2021-09-02 02:24:23,349 [pool-1249-thread-1] INFO  server.RaftServer$Division (RaftServerImpl.java:start(296)) - 3c795851-1066-4b85-8bc1-6af36b99c451@group-24BBA463E12F: start as a follower, conf=-1: [3c795851-1066-4b85-8bc1-6af36b99c451|rpc:10.1.0.11:42401|dataStream:|priority:0, af0a5c91-f714-4dc1-a2f1-efe0e47618a1|rpc:10.1.0.11:35001|dataStream:|priority:0, 187906f6-3436-4d7b-ba29-fc09579eb1c8|rpc:10.1.0.11:41159|dataStream:|priority:1], old=null
2021-09-02 02:24:23,365 [pool-1249-thread-1] INFO  server.RaftServer$Division (RaftServerImpl.java:setRole(285)) - 3c795851-1066-4b85-8bc1-6af36b99c451@group-24BBA463E12F: changes role from      null to FOLLOWER at term 0 for startAsFollower
2021-09-02 02:24:23,365 [pool-1249-thread-1] INFO  impl.RoleInfo (RoleInfo.java:updateAndGet(130)) - 3c795851-1066-4b85-8bc1-6af36b99c451: start 3c795851-1066-4b85-8bc1-6af36b99c451@group-24BBA463E12F-FollowerState
2021-09-02 02:24:23,373 [pool-1249-thread-1] INFO  util.JmxRegister (JmxRegister.java:tryRegister(44)) - Successfully registered JMX Bean with object name Ratis:service=RaftServer,group=group-24BBA463E12F,id=3c795851-1066-4b85-8bc1-6af36b99c451
2021-09-02 02:24:23,421 [pool-1249-thread-1] INFO  server.RaftServer$Division (RaftServerImpl.java:start(296)) - 3c795851-1066-4b85-8bc1-6af36b99c451@group-47194F445B8B: start as a follower, conf=-1: [3c795851-1066-4b85-8bc1-6af36b99c451|rpc:10.1.0.11:42401|priority:1], old=null
2021-09-02 02:24:23,422 [pool-1249-thread-1] INFO  server.RaftServer$Division (RaftServerImpl.java:setRole(285)) - 3c795851-1066-4b85-8bc1-6af36b99c451@group-47194F445B8B: changes role from      null to FOLLOWER at term 0 for startAsFollower
2021-09-02 02:24:23,422 [pool-1249-thread-1] INFO  impl.RoleInfo (RoleInfo.java:updateAndGet(130)) - 3c795851-1066-4b85-8bc1-6af36b99c451: start 3c795851-1066-4b85-8bc1-6af36b99c451@group-47194F445B8B-FollowerState
2021-09-02 02:24:23,428 [pool-1249-thread-1] INFO  util.JmxRegister (JmxRegister.java:tryRegister(44)) - Successfully registered JMX Bean with object name Ratis:service=RaftServer,group=group-47194F445B8B,id=3c795851-1066-4b85-8bc1-6af36b99c451
2021-09-02 02:24:23,429 [Command processor thread] INFO  ratis.XceiverServerRatis (XceiverServerRatis.java:addGroup(763)) - Created group PipelineID=aea278b0-c48a-401a-b92a-47194f445b8b
2021-09-02 02:24:23,429 [Command processor thread] INFO  commandhandler.CreatePipelineCommandHandler (CreatePipelineCommandHandler.java:handle(106)) - Created Pipeline RATIS ONE PipelineID=aea278b0-c48a-401a-b92a-47194f445b8b.
2021-09-02 02:24:23,433 [Command processor thread] INFO  commandhandler.CreatePipelineCommandHandler (CreatePipelineCommandHandler.java:handle(106)) - Created Pipeline RATIS THREE PipelineID=5a36dfcd-72fc-46b3-9ff7-24bba463e12f.
2021-09-02 02:24:24,085 [Listener at 127.0.0.1/45645] INFO  ozone.MiniOzoneClusterImpl (MiniOzoneClusterImpl.java:lambda$waitForClusterToBeReady$0(235)) - Nodes are ready. Got 7 of 7 DN Heartbeats.
2021-09-02 02:24:24,085 [Listener at 127.0.0.1/45645] INFO  ozone.MiniOzoneClusterImpl (MiniOzoneClusterImpl.java:lambda$waitForClusterToBeReady$0(238)) - Waiting for cluster to exit safe mode
2021-09-02 02:24:24,085 [Listener at 127.0.0.1/45645] INFO  ozone.MiniOzoneClusterImpl (MiniOzoneClusterImpl.java:lambda$waitForClusterToBeReady$0(240)) - SCM became leader
2021-09-02 02:24:24,098 [Command processor thread] INFO  server.RaftServer (RaftServerProxy.java:addNew(95)) - b6a9cdf2-c797-4205-b508-8495e2128e9f: addNew group-FD7F40C7DCCD:[b6a9cdf2-c797-4205-b508-8495e2128e9f|rpc:10.1.0.11:40267|priority:1] returns group-FD7F40C7DCCD:java.util.concurrent.CompletableFuture@402c194c[Not completed]
2021-09-02 02:24:24,102 [pool-1268-thread-1] INFO  server.RaftServer$Division (RaftServerImpl.java:<init>(181)) - b6a9cdf2-c797-4205-b508-8495e2128e9f: new RaftServerImpl for group-FD7F40C7DCCD:[b6a9cdf2-c797-4205-b508-8495e2128e9f|rpc:10.1.0.11:40267|priority:1] with ContainerStateMachine:uninitialized
2021-09-02 02:24:24,112 [pool-1268-thread-1] INFO  server.RaftServerConfigKeys (ConfUtils.java:logGet(44)) - raft.server.rpc.timeout.min = 5s (custom)
2021-09-02 02:24:24,112 [pool-1268-thread-1] INFO  server.RaftServerConfigKeys (ConfUtils.java:logGet(44)) - raft.server.rpc.timeout.max = 5200ms (custom)
2021-09-02 02:24:24,112 [pool-1268-thread-1] INFO  server.RaftServerConfigKeys (ConfUtils.java:logGet(44)) - raft.server.rpc.sleep.time = 25ms (default)
2021-09-02 02:24:24,112 [pool-1268-thread-1] INFO  server.RaftServerConfigKeys (ConfUtils.java:logGet(44)) - raft.server.rpc.slowness.timeout = 300000ms (custom)
2021-09-02 02:24:24,112 [pool-1268-thread-1] INFO  server.RaftServerConfigKeys (ConfUtils.java:logGet(44)) - raft.server.leaderelection.leader.step-down.wait-time = 10s (default)
2021-09-02 02:24:24,112 [pool-1268-thread-1] INFO  server.RaftServerConfigKeys (ConfUtils.java:logGet(44)) - raft.server.sleep.deviation.threshold = 300ms (default)
2021-09-02 02:24:24,112 [pool-1268-thread-1] INFO  server.RaftServerConfigKeys (ConfUtils.java:logGet(44)) - raft.server.log.appender.install.snapshot.enabled = false (custom)
2021-09-02 02:24:24,112 [pool-1268-thread-1] INFO  server.RaftServer$Division (ServerState.java:<init>(105)) - b6a9cdf2-c797-4205-b508-8495e2128e9f@group-FD7F40C7DCCD: ConfigurationManager, init=-1: [b6a9cdf2-c797-4205-b508-8495e2128e9f|rpc:10.1.0.11:40267|priority:1], old=null, confs=<EMPTY_MAP>
2021-09-02 02:24:24,112 [pool-1268-thread-1] INFO  server.RaftServerConfigKeys (ConfUtils.java:logGet(44)) - raft.server.storage.dir = [/home/runner/work/ozone/ozone/hadoop-ozone/integration-test/target/test-dir/MiniOzoneClusterImpl-29bc8a50-871c-4f9e-822f-1a9e32d9d7f8/datanode-6/data/ratis] (custom)
2021-09-02 02:24:24,112 [pool-1268-thread-1] INFO  server.RaftServerConfigKeys (ConfUtils.java:logGet(44)) - raft.server.log.corruption.policy = EXCEPTION (default)
2021-09-02 02:24:24,112 [pool-1268-thread-1] INFO  server.RaftServerConfigKeys (ConfUtils.java:logGet(44)) - raft.server.storage.free-space.min = 0MB (=0) (default)
2021-09-02 02:24:24,112 [pool-1268-thread-1] INFO  storage.RaftStorageDirectory (RaftStorageDirectoryImpl.java:analyzeStorage(135)) - The storage directory /home/runner/work/ozone/ozone/hadoop-ozone/integration-test/target/test-dir/MiniOzoneClusterImpl-29bc8a50-871c-4f9e-822f-1a9e32d9d7f8/datanode-6/data/ratis/17d60e06-c1dc-4e62-b0be-fd7f40c7dccd does not exist. Creating ...
2021-09-02 02:24:24,114 [pool-1268-thread-1] INFO  storage.RaftStorageDirectory (RaftStorageDirectoryImpl.java:tryLock(230)) - Lock on /home/runner/work/ozone/ozone/hadoop-ozone/integration-test/target/test-dir/MiniOzoneClusterImpl-29bc8a50-871c-4f9e-822f-1a9e32d9d7f8/datanode-6/data/ratis/17d60e06-c1dc-4e62-b0be-fd7f40c7dccd/in_use.lock acquired by nodename 23478@fv-az195-103
2021-09-02 02:24:24,117 [pool-1268-thread-1] INFO  storage.RaftStorage (RaftStorageImpl.java:format(89)) - Storage directory /home/runner/work/ozone/ozone/hadoop-ozone/integration-test/target/test-dir/MiniOzoneClusterImpl-29bc8a50-871c-4f9e-822f-1a9e32d9d7f8/datanode-6/data/ratis/17d60e06-c1dc-4e62-b0be-fd7f40c7dccd has been successfully formatted.
2021-09-02 02:24:24,122 [pool-1268-thread-1] INFO  ratis.ContainerStateMachine (ContainerStateMachine.java:loadSnapshot(224)) - group-FD7F40C7DCCD: The snapshot info is null. Setting the last applied indexto:(t:0, i:~)
2021-09-02 02:24:24,122 [Datanode State Machine Thread - 0] WARN  statemachine.StateContext (StateContext.java:execute(621)) - No available thread in pool for past 1 seconds.
2021-09-02 02:24:24,123 [pool-1268-thread-1] INFO  server.RaftServerConfigKeys (ConfUtils.java:logGet(44)) - raft.server.notification.no-leader.timeout = 300000ms (custom)
2021-09-02 02:24:24,123 [pool-1268-thread-1] INFO  server.RaftServerConfigKeys (ConfUtils.java:logGet(44)) - raft.server.log.use.memory = false (default)
2021-09-02 02:24:24,123 [pool-1268-thread-1] INFO  server.RaftServerConfigKeys (ConfUtils.java:logGet(44)) - raft.server.log.purge.gap = 1000000 (custom)
2021-09-02 02:24:24,123 [pool-1268-thread-1] INFO  server.RaftServerConfigKeys (ConfUtils.java:logGet(44)) - raft.server.log.appender.buffer.byte-limit = 33554432 (custom)
2021-09-02 02:24:24,123 [pool-1268-thread-1] INFO  server.RaftServerConfigKeys (ConfUtils.java:logGet(44)) - raft.server.log.segment.size.max = 1048576 (custom)
2021-09-02 02:24:24,124 [pool-1268-thread-1] INFO  server.RaftServerConfigKeys (ConfUtils.java:logGet(44)) - raft.server.log.segment.cache.num.max = 2 (custom)
2021-09-02 02:24:24,124 [pool-1268-thread-1] INFO  server.RaftServerConfigKeys (ConfUtils.java:logGet(44)) - raft.server.log.segment.cache.size.max = 200MB (=209715200) (default)
2021-09-02 02:24:24,124 [pool-1268-thread-1] INFO  segmented.SegmentedRaftLogWorker (SegmentedRaftLogWorker.java:<init>(182)) - new b6a9cdf2-c797-4205-b508-8495e2128e9f@group-FD7F40C7DCCD-SegmentedRaftLogWorker for RaftStorageImpl:Storage Directory /home/runner/work/ozone/ozone/hadoop-ozone/integration-test/target/test-dir/MiniOzoneClusterImpl-29bc8a50-871c-4f9e-822f-1a9e32d9d7f8/datanode-6/data/ratis/17d60e06-c1dc-4e62-b0be-fd7f40c7dccd
2021-09-02 02:24:24,124 [pool-1268-thread-1] INFO  server.RaftServerConfigKeys (ConfUtils.java:logGet(44)) - raft.server.log.queue.byte-limit = 2147483647 (custom)
2021-09-02 02:24:24,124 [pool-1268-thread-1] INFO  server.RaftServerConfigKeys (ConfUtils.java:logGet(44)) - raft.server.log.queue.element-limit = 1024 (custom)
2021-09-02 02:24:24,124 [pool-1268-thread-1] INFO  server.RaftServerConfigKeys (ConfUtils.java:logGet(44)) - raft.server.log.segment.size.max = 1048576 (custom)
2021-09-02 02:24:24,124 [pool-1268-thread-1] INFO  server.RaftServerConfigKeys (ConfUtils.java:logGet(44)) - raft.server.log.preallocated.size = 16384 (custom)
2021-09-02 02:24:24,124 [pool-1268-thread-1] INFO  server.RaftServerConfigKeys (ConfUtils.java:logGet(44)) - raft.server.log.force.sync.num = 128 (default)
2021-09-02 02:24:24,124 [pool-1268-thread-1] INFO  server.RaftServerConfigKeys (ConfUtils.java:logGet(44)) - raft.server.log.statemachine.data.sync = true (default)
2021-09-02 02:24:24,124 [pool-1268-thread-1] INFO  server.RaftServerConfigKeys (ConfUtils.java:logGet(44)) - raft.server.log.statemachine.data.sync.timeout = 10s (default)
2021-09-02 02:24:24,124 [pool-1268-thread-1] INFO  server.RaftServerConfigKeys (ConfUtils.java:logGet(44)) - raft.server.log.statemachine.data.sync.timeout.retry = -1 (default)
2021-09-02 02:24:24,126 [EventQueue-PipelineReportForPipelineReportHandler] INFO  pipeline.PipelineManagerImpl (PipelineManagerImpl.java:openPipeline(282)) - Pipeline Pipeline[ Id: 17d60e06-c1dc-4e62-b0be-fd7f40c7dccd, Nodes: b6a9cdf2-c797-4205-b508-8495e2128e9f{ip: 10.1.0.11, host: fv-az195-103.u3nnjwd0vyge1bu22idnsdeq2e.cx.internal.cloudapp.net, ports: [REPLICATION=32933, RATIS=40267, RATIS_ADMIN=40267, RATIS_SERVER=40267, STANDALONE=41401], networkLocation: /default-rack, certSerialId: null, persistedOpState: IN_SERVICE, persistedOpStateExpiryEpochSec: 0}, ReplicationConfig: RATIS/ONE, State:ALLOCATED, leaderId:b6a9cdf2-c797-4205-b508-8495e2128e9f, CreationTimestamp2021-09-02T02:24:21.094Z[Etc/UTC]] moved to OPEN state
2021-09-02 02:24:24,126 [pool-1268-thread-1] INFO  server.RaftServerConfigKeys (ConfUtils.java:logGet(44)) - raft.server.log.write.buffer.size = 1048576 (custom)
2021-09-02 02:24:24,127 [pool-1268-thread-1] INFO  server.RaftServerConfigKeys (ConfUtils.java:logGet(44)) - raft.server.log.statemachine.data.caching.enabled = true (custom)
2021-09-02 02:24:24,127 [pool-1268-thread-1] INFO  segmented.SegmentedRaftLogWorker (SegmentedRaftLogWorker.java:lambda$new$0(133)) - b6a9cdf2-c797-4205-b508-8495e2128e9f@group-FD7F40C7DCCD-SegmentedRaftLogWorker: flushIndex: setUnconditionally 0 -> -1
2021-09-02 02:24:24,127 [pool-1268-thread-1] INFO  segmented.SegmentedRaftLogWorker (SegmentedRaftLogWorker.java:lambda$new$0(133)) - b6a9cdf2-c797-4205-b508-8495e2128e9f@group-FD7F40C7DCCD-SegmentedRaftLogWorker: safeCacheEvictIndex: setUnconditionally 0 -> -1
2021-09-02 02:24:24,127 [pool-1268-thread-1] INFO  server.RaftServerConfigKeys (ConfUtils.java:logGet(44)) - raft.server.snapshot.auto.trigger.enabled = true (custom)
2021-09-02 02:24:24,127 [pool-1268-thread-1] INFO  server.RaftServerConfigKeys (ConfUtils.java:logGet(44)) - raft.server.snapshot.auto.trigger.threshold = 10000 (custom)
2021-09-02 02:24:24,127 [pool-1268-thread-1] INFO  server.RaftServerConfigKeys (ConfUtils.java:logGet(44)) - raft.server.snapshot.retention.file.num = 5 (custom)
2021-09-02 02:24:24,128 [pool-1268-thread-1] INFO  server.RaftServerConfigKeys (ConfUtils.java:logGet(44)) - raft.server.log.purge.upto.snapshot.index = false (default)
2021-09-02 02:24:24,128 [pool-1268-thread-1] INFO  server.RaftServerConfigKeys (ConfUtils.java:logGet(44)) - raft.server.retrycache.expirytime = 600000ms (custom)
2021-09-02 02:24:24,128 [pool-1268-thread-1] INFO  server.RaftServerConfigKeys (ConfUtils.java:logGet(44)) - raft.server.retrycache.statistics.expirytime = 100μs (default)
2021-09-02 02:24:24,128 [EventQueue-OpenPipelineForHealthyPipelineSafeModeRule] INFO  safemode.SCMSafeModeManager (HealthyPipelineSafeModeRule.java:process(124)) - SCM in safe mode. Healthy pipelines reported count is 0, required healthy pipeline reported count is 1
2021-09-02 02:24:24,130 [pool-1268-thread-1] INFO  server.RaftServer$Division (RaftServerImpl.java:start(296)) - b6a9cdf2-c797-4205-b508-8495e2128e9f@group-FD7F40C7DCCD: start as a follower, conf=-1: [b6a9cdf2-c797-4205-b508-8495e2128e9f|rpc:10.1.0.11:40267|priority:1], old=null
2021-09-02 02:24:24,130 [pool-1268-thread-1] INFO  server.RaftServer$Division (RaftServerImpl.java:setRole(285)) - b6a9cdf2-c797-4205-b508-8495e2128e9f@group-FD7F40C7DCCD: changes role from      null to FOLLOWER at term 0 for startAsFollower
2021-09-02 02:24:24,130 [pool-1268-thread-1] INFO  impl.RoleInfo (RoleInfo.java:updateAndGet(130)) - b6a9cdf2-c797-4205-b508-8495e2128e9f: start b6a9cdf2-c797-4205-b508-8495e2128e9f@group-FD7F40C7DCCD-FollowerState
2021-09-02 02:24:24,141 [pool-1268-thread-1] INFO  util.JmxRegister (JmxRegister.java:tryRegister(44)) - Successfully registered JMX Bean with object name Ratis:service=RaftServer,group=group-FD7F40C7DCCD,id=b6a9cdf2-c797-4205-b508-8495e2128e9f
2021-09-02 02:24:24,145 [Command processor thread] INFO  ratis.XceiverServerRatis (XceiverServerRatis.java:addGroup(763)) - Created group PipelineID=17d60e06-c1dc-4e62-b0be-fd7f40c7dccd
2021-09-02 02:24:24,145 [Command processor thread] INFO  commandhandler.CreatePipelineCommandHandler (CreatePipelineCommandHandler.java:handle(106)) - Created Pipeline RATIS ONE PipelineID=17d60e06-c1dc-4e62-b0be-fd7f40c7dccd.
2021-09-02 02:24:24,739 [12400696-0678-464b-ad01-faef76468be0@group-CF13C82A0580-FollowerState] INFO  impl.FollowerState (FollowerState.java:run(134)) - 12400696-0678-464b-ad01-faef76468be0@group-CF13C82A0580-FollowerState: change to CANDIDATE, lastRpcElapsedTime:5223130428ns, electionTimeout:5169ms
2021-09-02 02:24:24,740 [12400696-0678-464b-ad01-faef76468be0@group-CF13C82A0580-FollowerState] INFO  impl.RoleInfo (RoleInfo.java:shutdownFollowerState(108)) - 12400696-0678-464b-ad01-faef76468be0: shutdown 12400696-0678-464b-ad01-faef76468be0@group-CF13C82A0580-FollowerState
2021-09-02 02:24:24,740 [12400696-0678-464b-ad01-faef76468be0@group-CF13C82A0580-FollowerState] INFO  server.RaftServer$Division (RaftServerImpl.java:setRole(285)) - 12400696-0678-464b-ad01-faef76468be0@group-CF13C82A0580: changes role from  FOLLOWER to CANDIDATE at term 0 for changeToCandidate
2021-09-02 02:24:24,740 [12400696-0678-464b-ad01-faef76468be0@group-CF13C82A0580-FollowerState] INFO  server.RaftServerConfigKeys (ConfUtils.java:logGet(44)) - raft.server.leaderelection.pre-vote = false (custom)
2021-09-02 02:24:24,740 [12400696-0678-464b-ad01-faef76468be0@group-CF13C82A0580-FollowerState] INFO  impl.RoleInfo (RoleInfo.java:updateAndGet(130)) - 12400696-0678-464b-ad01-faef76468be0: start 12400696-0678-464b-ad01-faef76468be0@group-CF13C82A0580-LeaderElection149
2021-09-02 02:24:24,806 [12400696-0678-464b-ad01-faef76468be0@group-CF13C82A0580-LeaderElection149] INFO  impl.LeaderElection (LeaderElection.java:askForVotes(306)) - 12400696-0678-464b-ad01-faef76468be0@group-CF13C82A0580-LeaderElection149 ELECTION round 0: submit vote requests at term 1 for -1: [12400696-0678-464b-ad01-faef76468be0|rpc:10.1.0.11:44187|priority:1], old=null
2021-09-02 02:24:24,806 [12400696-0678-464b-ad01-faef76468be0@group-CF13C82A0580-LeaderElection149] INFO  impl.LeaderElection (LeaderElection.java:askForVotes(308)) - 12400696-0678-464b-ad01-faef76468be0@group-CF13C82A0580-LeaderElection149 ELECTION round 0: result PASSED (term=1)
2021-09-02 02:24:24,806 [12400696-0678-464b-ad01-faef76468be0@group-CF13C82A0580-LeaderElection149] INFO  impl.RoleInfo (RoleInfo.java:shutdownLeaderElection(121)) - 12400696-0678-464b-ad01-faef76468be0: shutdown 12400696-0678-464b-ad01-faef76468be0@group-CF13C82A0580-LeaderElection149
2021-09-02 02:24:24,806 [12400696-0678-464b-ad01-faef76468be0@group-CF13C82A0580-LeaderElection149] INFO  server.RaftServer$Division (RaftServerImpl.java:setRole(285)) - 12400696-0678-464b-ad01-faef76468be0@group-CF13C82A0580: changes role from CANDIDATE to LEADER at term 1 for changeToLeader
2021-09-02 02:24:24,806 [12400696-0678-464b-ad01-faef76468be0@group-CF13C82A0580-LeaderElection149] INFO  ratis.XceiverServerRatis (XceiverServerRatis.java:handleLeaderChangedNotification(861)) - Leader change notification received for group: group-CF13C82A0580 with new leaderId: 12400696-0678-464b-ad01-faef76468be0
2021-09-02 02:24:24,806 [12400696-0678-464b-ad01-faef76468be0@group-CF13C82A0580-LeaderElection149] INFO  server.RaftServer$Division (ServerState.java:setLeader(285)) - 12400696-0678-464b-ad01-faef76468be0@group-CF13C82A0580: change Leader from null to 12400696-0678-464b-ad01-faef76468be0 at term 1 for becomeLeader, leader elected after 5387ms
2021-09-02 02:24:24,807 [12400696-0678-464b-ad01-faef76468be0@group-CF13C82A0580-LeaderElection149] INFO  server.RaftServerConfigKeys (ConfUtils.java:logGet(44)) - raft.server.staging.catchup.gap = 1000 (default)
2021-09-02 02:24:24,807 [EventQueue-OpenPipelineForHealthyPipelineSafeModeRule] INFO  safemode.SCMSafeModeManager (HealthyPipelineSafeModeRule.java:process(124)) - SCM in safe mode. Healthy pipelines reported count is 0, required healthy pipeline reported count is 1
2021-09-02 02:24:24,808 [12400696-0678-464b-ad01-faef76468be0@group-CF13C82A0580-LeaderElection149] INFO  server.RaftServerConfigKeys (ConfUtils.java:logGet(44)) - raft.server.write.element-limit = 1024 (custom)
2021-09-02 02:24:24,808 [12400696-0678-464b-ad01-faef76468be0@group-CF13C82A0580-LeaderElection149] INFO  server.RaftServerConfigKeys (ConfUtils.java:logGet(44)) - raft.server.write.byte-limit = 1024 M (=1073741824) (custom)
2021-09-02 02:24:24,809 [12400696-0678-464b-ad01-faef76468be0@group-CF13C82A0580-LeaderElection149] INFO  server.RaftServerConfigKeys (ConfUtils.java:logGet(44)) - raft.server.watch.timeout = 3000ms (custom)
2021-09-02 02:24:24,809 [12400696-0678-464b-ad01-faef76468be0@group-CF13C82A0580-LeaderElection149] INFO  server.RaftServerConfigKeys (ConfUtils.java:logGet(44)) - raft.server.watch.timeout.denomination = 1s (default)
2021-09-02 02:24:24,809 [12400696-0678-464b-ad01-faef76468be0@group-CF13C82A0580-LeaderElection149] INFO  server.RaftServerConfigKeys (ConfUtils.java:logGet(44)) - raft.server.watch.element-limit = 65536 (default)
2021-09-02 02:24:24,809 [12400696-0678-464b-ad01-faef76468be0@group-CF13C82A0580-LeaderElection149] INFO  impl.RoleInfo (RoleInfo.java:updateAndGet(130)) - 12400696-0678-464b-ad01-faef76468be0: start 12400696-0678-464b-ad01-faef76468be0@group-CF13C82A0580-LeaderStateImpl
2021-09-02 02:24:24,809 [12400696-0678-464b-ad01-faef76468be0@group-CF13C82A0580-LeaderElection149] INFO  segmented.SegmentedRaftLogWorker (SegmentedRaftLogWorker.java:startLogSegment(394)) - 12400696-0678-464b-ad01-faef76468be0@group-CF13C82A0580-SegmentedRaftLogWorker: Starting segment from index:0
2021-09-02 02:24:24,813 [12400696-0678-464b-ad01-faef76468be0@group-CF13C82A0580-SegmentedRaftLogWorker] INFO  segmented.SegmentedRaftLogWorker (SegmentedRaftLogWorker.java:execute(601)) - 12400696-0678-464b-ad01-faef76468be0@group-CF13C82A0580-SegmentedRaftLogWorker: created new log segment /home/runner/work/ozone/ozone/hadoop-ozone/integration-test/target/test-dir/MiniOzoneClusterImpl-29bc8a50-871c-4f9e-822f-1a9e32d9d7f8/datanode-0/data/ratis/f1db44cf-be4b-4349-b6b7-cf13c82a0580/current/log_inprogress_0
2021-09-02 02:24:24,839 [12400696-0678-464b-ad01-faef76468be0@group-6C0F8F3DFF59-FollowerState] INFO  impl.FollowerState (FollowerState.java:run(134)) - 12400696-0678-464b-ad01-faef76468be0@group-6C0F8F3DFF59-FollowerState: change to CANDIDATE, lastRpcElapsedTime:5049099820ns, electionTimeout:5047ms
2021-09-02 02:24:24,839 [12400696-0678-464b-ad01-faef76468be0@group-6C0F8F3DFF59-FollowerState] INFO  impl.RoleInfo (RoleInfo.java:shutdownFollowerState(108)) - 12400696-0678-464b-ad01-faef76468be0: shutdown 12400696-0678-464b-ad01-faef76468be0@group-6C0F8F3DFF59-FollowerState
2021-09-02 02:24:24,839 [12400696-0678-464b-ad01-faef76468be0@group-6C0F8F3DFF59-FollowerState] INFO  server.RaftServer$Division (RaftServerImpl.java:setRole(285)) - 12400696-0678-464b-ad01-faef76468be0@group-6C0F8F3DFF59: changes role from  FOLLOWER to CANDIDATE at term 0 for changeToCandidate
2021-09-02 02:24:24,839 [12400696-0678-464b-ad01-faef76468be0@group-6C0F8F3DFF59-FollowerState] INFO  server.RaftServerConfigKeys (ConfUtils.java:logGet(44)) - raft.server.leaderelection.pre-vote = false (custom)
2021-09-02 02:24:24,839 [12400696-0678-464b-ad01-faef76468be0@group-6C0F8F3DFF59-FollowerState] INFO  impl.RoleInfo (RoleInfo.java:updateAndGet(130)) - 12400696-0678-464b-ad01-faef76468be0: start 12400696-0678-464b-ad01-faef76468be0@group-6C0F8F3DFF59-LeaderElection150
2021-09-02 02:24:24,840 [12400696-0678-464b-ad01-faef76468be0@group-CF13C82A0580-LeaderElection149] INFO  server.RaftServer$Division (ServerState.java:setRaftConf(387)) - 12400696-0678-464b-ad01-faef76468be0@group-CF13C82A0580: set configuration 0: [12400696-0678-464b-ad01-faef76468be0|rpc:10.1.0.11:44187|dataStream:|priority:1], old=null
2021-09-02 02:24:24,925 [12400696-0678-464b-ad01-faef76468be0@group-6C0F8F3DFF59-LeaderElection150] INFO  impl.LeaderElection (LeaderElection.java:askForVotes(306)) - 12400696-0678-464b-ad01-faef76468be0@group-6C0F8F3DFF59-LeaderElection150 ELECTION round 0: submit vote requests at term 1 for -1: [12400696-0678-464b-ad01-faef76468be0|rpc:10.1.0.11:44187|priority:0, a378c862-060f-4c80-8a42-fa0762e0f8c9|rpc:10.1.0.11:42281|priority:1, 9fd2e81d-61d0-44de-872c-4ae9b66045fe|rpc:10.1.0.11:34541|priority:0], old=null
2021-09-02 02:24:24,951 [grpc-default-executor-2] INFO  server.RaftServer$Division (RaftServerImpl.java:requestVote(1043)) - a378c862-060f-4c80-8a42-fa0762e0f8c9@group-6C0F8F3DFF59: receive requestVote(ELECTION, 12400696-0678-464b-ad01-faef76468be0, group-6C0F8F3DFF59, 1, (t:0, i:0))
2021-09-02 02:24:24,951 [grpc-default-executor-2] INFO  impl.VoteContext (VoteContext.java:log(48)) - a378c862-060f-4c80-8a42-fa0762e0f8c9@group-6C0F8F3DFF59-FOLLOWER: reject ELECTION from 12400696-0678-464b-ad01-faef76468be0: our priority 1 > candidate's priority 0
2021-09-02 02:24:24,952 [grpc-default-executor-2] INFO  server.RaftServer$Division (RaftServerImpl.java:setRole(285)) - a378c862-060f-4c80-8a42-fa0762e0f8c9@group-6C0F8F3DFF59: changes role from  FOLLOWER to FOLLOWER at term 1 for candidate:12400696-0678-464b-ad01-faef76468be0
2021-09-02 02:24:24,952 [grpc-default-executor-2] INFO  impl.RoleInfo (RoleInfo.java:shutdownFollowerState(108)) - a378c862-060f-4c80-8a42-fa0762e0f8c9: shutdown a378c862-060f-4c80-8a42-fa0762e0f8c9@group-6C0F8F3DFF59-FollowerState
2021-09-02 02:24:24,966 [grpc-default-executor-2] INFO  impl.RoleInfo (RoleInfo.java:updateAndGet(130)) - a378c862-060f-4c80-8a42-fa0762e0f8c9: start a378c862-060f-4c80-8a42-fa0762e0f8c9@group-6C0F8F3DFF59-FollowerState
2021-09-02 02:24:24,966 [a378c862-060f-4c80-8a42-fa0762e0f8c9@group-6C0F8F3DFF59-FollowerState] INFO  impl.FollowerState (FollowerState.java:run(143)) - a378c862-060f-4c80-8a42-fa0762e0f8c9@group-6C0F8F3DFF59-FollowerState was interrupted: {}
java.lang.InterruptedException: sleep interrupted
	at java.lang.Thread.sleep(Native Method)
	at java.lang.Thread.sleep(Thread.java:340)
	at java.util.concurrent.TimeUnit.sleep(TimeUnit.java:386)
	at org.apache.ratis.util.TimeDuration.sleep(TimeDuration.java:324)
	at org.apache.ratis.util.TimeDuration.sleep(TimeDuration.java:309)
	at org.apache.ratis.server.impl.FollowerState.run(FollowerState.java:118)
2021-09-02 02:24:25,038 [grpc-default-executor-2] INFO  server.RaftServer$Division (RaftServerImpl.java:requestVote(1075)) - a378c862-060f-4c80-8a42-fa0762e0f8c9@group-6C0F8F3DFF59 replies to ELECTION vote request: 12400696-0678-464b-ad01-faef76468be0<-a378c862-060f-4c80-8a42-fa0762e0f8c9#0:FAIL-t1. Peer's state: a378c862-060f-4c80-8a42-fa0762e0f8c9@group-6C0F8F3DFF59:t1, leader=null, voted=null, raftlog=a378c862-060f-4c80-8a42-fa0762e0f8c9@group-6C0F8F3DFF59-SegmentedRaftLog:OPENED:c-1,f-1,i0, conf=-1: [12400696-0678-464b-ad01-faef76468be0|rpc:10.1.0.11:44187|dataStream:|priority:0, a378c862-060f-4c80-8a42-fa0762e0f8c9|rpc:10.1.0.11:42281|dataStream:|priority:1, 9fd2e81d-61d0-44de-872c-4ae9b66045fe|rpc:10.1.0.11:34541|dataStream:|priority:0], old=null
2021-09-02 02:24:25,039 [12400696-0678-464b-ad01-faef76468be0@group-6C0F8F3DFF59-LeaderElection150] INFO  impl.LeaderElection (LeaderElection.java:logAndReturn(89)) - 12400696-0678-464b-ad01-faef76468be0@group-6C0F8F3DFF59-LeaderElection150: ELECTION REJECTED received 1 response(s) and 0 exception(s):
2021-09-02 02:24:25,039 [12400696-0678-464b-ad01-faef76468be0@group-6C0F8F3DFF59-LeaderElection150] INFO  impl.LeaderElection (LeaderElection.java:logAndReturn(93)) -   Response 0: 12400696-0678-464b-ad01-faef76468be0<-a378c862-060f-4c80-8a42-fa0762e0f8c9#0:FAIL-t1
2021-09-02 02:24:25,039 [12400696-0678-464b-ad01-faef76468be0@group-6C0F8F3DFF59-LeaderElection150] INFO  impl.LeaderElection (LeaderElection.java:askForVotes(308)) - 12400696-0678-464b-ad01-faef76468be0@group-6C0F8F3DFF59-LeaderElection150 ELECTION round 0: result REJECTED
2021-09-02 02:24:25,039 [12400696-0678-464b-ad01-faef76468be0@group-6C0F8F3DFF59-LeaderElection150] INFO  server.RaftServer$Division (RaftServerImpl.java:setRole(285)) - 12400696-0678-464b-ad01-faef76468be0@group-6C0F8F3DFF59: changes role from CANDIDATE to FOLLOWER at term 1 for REJECTED
2021-09-02 02:24:25,039 [12400696-0678-464b-ad01-faef76468be0@group-6C0F8F3DFF59-LeaderElection150] INFO  impl.RoleInfo (RoleInfo.java:shutdownLeaderElection(121)) - 12400696-0678-464b-ad01-faef76468be0: shutdown 12400696-0678-464b-ad01-faef76468be0@group-6C0F8F3DFF59-LeaderElection150
2021-09-02 02:24:25,039 [12400696-0678-464b-ad01-faef76468be0@group-6C0F8F3DFF59-LeaderElection150] INFO  impl.RoleInfo (RoleInfo.java:updateAndGet(130)) - 12400696-0678-464b-ad01-faef76468be0: start 12400696-0678-464b-ad01-faef76468be0@group-6C0F8F3DFF59-FollowerState
2021-09-02 02:24:25,043 [grpc-default-executor-2] INFO  server.RaftServer$Division (RaftServerImpl.java:requestVote(1043)) - 9fd2e81d-61d0-44de-872c-4ae9b66045fe@group-6C0F8F3DFF59: receive requestVote(ELECTION, 12400696-0678-464b-ad01-faef76468be0, group-6C0F8F3DFF59, 1, (t:0, i:0))
2021-09-02 02:24:25,043 [grpc-default-executor-2] INFO  impl.VoteContext (VoteContext.java:log(48)) - 9fd2e81d-61d0-44de-872c-4ae9b66045fe@group-6C0F8F3DFF59-FOLLOWER: accept ELECTION from 12400696-0678-464b-ad01-faef76468be0: our priority 0 <= candidate's priority 0
2021-09-02 02:24:25,043 [grpc-default-executor-2] INFO  server.RaftServer$Division (RaftServerImpl.java:setRole(285)) - 9fd2e81d-61d0-44de-872c-4ae9b66045fe@group-6C0F8F3DFF59: changes role from  FOLLOWER to FOLLOWER at term 1 for candidate:12400696-0678-464b-ad01-faef76468be0
2021-09-02 02:24:25,043 [grpc-default-executor-2] INFO  impl.RoleInfo (RoleInfo.java:shutdownFollowerState(108)) - 9fd2e81d-61d0-44de-872c-4ae9b66045fe: shutdown 9fd2e81d-61d0-44de-872c-4ae9b66045fe@group-6C0F8F3DFF59-FollowerState
2021-09-02 02:24:25,047 [grpc-default-executor-2] INFO  impl.RoleInfo (RoleInfo.java:updateAndGet(130)) - 9fd2e81d-61d0-44de-872c-4ae9b66045fe: start 9fd2e81d-61d0-44de-872c-4ae9b66045fe@group-6C0F8F3DFF59-FollowerState
2021-09-02 02:24:25,048 [9fd2e81d-61d0-44de-872c-4ae9b66045fe@group-6C0F8F3DFF59-FollowerState] INFO  impl.FollowerState (FollowerState.java:run(143)) - 9fd2e81d-61d0-44de-872c-4ae9b66045fe@group-6C0F8F3DFF59-FollowerState was interrupted: {}
java.lang.InterruptedException: sleep interrupted
	at java.lang.Thread.sleep(Native Method)
	at java.lang.Thread.sleep(Thread.java:340)
	at java.util.concurrent.TimeUnit.sleep(TimeUnit.java:386)
	at org.apache.ratis.util.TimeDuration.sleep(TimeDuration.java:324)
	at org.apache.ratis.util.TimeDuration.sleep(TimeDuration.java:309)
	at org.apache.ratis.server.impl.FollowerState.run(FollowerState.java:118)
2021-09-02 02:24:25,065 [grpc-default-executor-2] INFO  server.RaftServer$Division (RaftServerImpl.java:requestVote(1075)) - 9fd2e81d-61d0-44de-872c-4ae9b66045fe@group-6C0F8F3DFF59 replies to ELECTION vote request: 12400696-0678-464b-ad01-faef76468be0<-9fd2e81d-61d0-44de-872c-4ae9b66045fe#0:OK-t1. Peer's state: 9fd2e81d-61d0-44de-872c-4ae9b66045fe@group-6C0F8F3DFF59:t1, leader=null, voted=12400696-0678-464b-ad01-faef76468be0, raftlog=9fd2e81d-61d0-44de-872c-4ae9b66045fe@group-6C0F8F3DFF59-SegmentedRaftLog:OPENED:c-1,f-1,i0, conf=-1: [12400696-0678-464b-ad01-faef76468be0|rpc:10.1.0.11:44187|dataStream:|priority:0, a378c862-060f-4c80-8a42-fa0762e0f8c9|rpc:10.1.0.11:42281|dataStream:|priority:1, 9fd2e81d-61d0-44de-872c-4ae9b66045fe|rpc:10.1.0.11:34541|dataStream:|priority:0], old=null
2021-09-02 02:24:25,089 [Listener at 127.0.0.1/45645] INFO  ozone.MiniOzoneClusterImpl (MiniOzoneClusterImpl.java:lambda$waitForClusterToBeReady$0(235)) - Nodes are ready. Got 7 of 7 DN Heartbeats.
2021-09-02 02:24:25,089 [Listener at 127.0.0.1/45645] INFO  ozone.MiniOzoneClusterImpl (MiniOzoneClusterImpl.java:lambda$waitForClusterToBeReady$0(238)) - Waiting for cluster to exit safe mode
2021-09-02 02:24:25,089 [Listener at 127.0.0.1/45645] INFO  ozone.MiniOzoneClusterImpl (MiniOzoneClusterImpl.java:lambda$waitForClusterToBeReady$0(240)) - SCM became leader
2021-09-02 02:24:25,225 [a378c862-060f-4c80-8a42-fa0762e0f8c9@group-D3CF43F22C22-FollowerState] INFO  impl.FollowerState (FollowerState.java:run(134)) - a378c862-060f-4c80-8a42-fa0762e0f8c9@group-D3CF43F22C22-FollowerState: change to CANDIDATE, lastRpcElapsedTime:5032555746ns, electionTimeout:5018ms
2021-09-02 02:24:25,225 [a378c862-060f-4c80-8a42-fa0762e0f8c9@group-D3CF43F22C22-FollowerState] INFO  impl.RoleInfo (RoleInfo.java:shutdownFollowerState(108)) - a378c862-060f-4c80-8a42-fa0762e0f8c9: shutdown a378c862-060f-4c80-8a42-fa0762e0f8c9@group-D3CF43F22C22-FollowerState
2021-09-02 02:24:25,226 [a378c862-060f-4c80-8a42-fa0762e0f8c9@group-D3CF43F22C22-FollowerState] INFO  server.RaftServer$Division (RaftServerImpl.java:setRole(285)) - a378c862-060f-4c80-8a42-fa0762e0f8c9@group-D3CF43F22C22: changes role from  FOLLOWER to CANDIDATE at term 0 for changeToCandidate
2021-09-02 02:24:25,227 [a378c862-060f-4c80-8a42-fa0762e0f8c9@group-D3CF43F22C22-FollowerState] INFO  server.RaftServerConfigKeys (ConfUtils.java:logGet(44)) - raft.server.leaderelection.pre-vote = false (custom)
2021-09-02 02:24:25,227 [a378c862-060f-4c80-8a42-fa0762e0f8c9@group-D3CF43F22C22-FollowerState] INFO  impl.RoleInfo (RoleInfo.java:updateAndGet(130)) - a378c862-060f-4c80-8a42-fa0762e0f8c9: start a378c862-060f-4c80-8a42-fa0762e0f8c9@group-D3CF43F22C22-LeaderElection151
2021-09-02 02:24:25,257 [a378c862-060f-4c80-8a42-fa0762e0f8c9@group-D3CF43F22C22-LeaderElection151] INFO  impl.LeaderElection (LeaderElection.java:askForVotes(306)) - a378c862-060f-4c80-8a42-fa0762e0f8c9@group-D3CF43F22C22-LeaderElection151 ELECTION round 0: submit vote requests at term 1 for -1: [a378c862-060f-4c80-8a42-fa0762e0f8c9|rpc:10.1.0.11:42281|priority:1], old=null
2021-09-02 02:24:25,257 [a378c862-060f-4c80-8a42-fa0762e0f8c9@group-D3CF43F22C22-LeaderElection151] INFO  impl.LeaderElection (LeaderElection.java:askForVotes(308)) - a378c862-060f-4c80-8a42-fa0762e0f8c9@group-D3CF43F22C22-LeaderElection151 ELECTION round 0: result PASSED (term=1)
2021-09-02 02:24:25,262 [a378c862-060f-4c80-8a42-fa0762e0f8c9@group-D3CF43F22C22-LeaderElection151] INFO  impl.RoleInfo (RoleInfo.java:shutdownLeaderElection(121)) - a378c862-060f-4c80-8a42-fa0762e0f8c9: shutdown a378c862-060f-4c80-8a42-fa0762e0f8c9@group-D3CF43F22C22-LeaderElection151
2021-09-02 02:24:25,262 [a378c862-060f-4c80-8a42-fa0762e0f8c9@group-D3CF43F22C22-LeaderElection151] INFO  server.RaftServer$Division (RaftServerImpl.java:setRole(285)) - a378c862-060f-4c80-8a42-fa0762e0f8c9@group-D3CF43F22C22: changes role from CANDIDATE to LEADER at term 1 for changeToLeader
2021-09-02 02:24:25,262 [a378c862-060f-4c80-8a42-fa0762e0f8c9@group-D3CF43F22C22-LeaderElection151] INFO  ratis.XceiverServerRatis (XceiverServerRatis.java:handleLeaderChangedNotification(861)) - Leader change notification received for group: group-D3CF43F22C22 with new leaderId: a378c862-060f-4c80-8a42-fa0762e0f8c9
2021-09-02 02:24:25,262 [Datanode State Machine Thread - 0] WARN  statemachine.StateContext (StateContext.java:execute(621)) - No available thread in pool for past 1 seconds.
2021-09-02 02:24:25,263 [a378c862-060f-4c80-8a42-fa0762e0f8c9@group-D3CF43F22C22-LeaderElection151] INFO  server.RaftServer$Division (ServerState.java:setLeader(285)) - a378c862-060f-4c80-8a42-fa0762e0f8c9@group-D3CF43F22C22: change Leader from null to a378c862-060f-4c80-8a42-fa0762e0f8c9 at term 1 for becomeLeader, leader elected after 5112ms
2021-09-02 02:24:25,263 [a378c862-060f-4c80-8a42-fa0762e0f8c9@group-D3CF43F22C22-LeaderElection151] INFO  server.RaftServerConfigKeys (ConfUtils.java:logGet(44)) - raft.server.staging.catchup.gap = 1000 (default)
2021-09-02 02:24:25,263 [a378c862-060f-4c80-8a42-fa0762e0f8c9@group-D3CF43F22C22-LeaderElection151] INFO  server.RaftServerConfigKeys (ConfUtils.java:logGet(44)) - raft.server.write.element-limit = 1024 (custom)
2021-09-02 02:24:25,263 [a378c862-060f-4c80-8a42-fa0762e0f8c9@group-D3CF43F22C22-LeaderElection151] INFO  server.RaftServerConfigKeys (ConfUtils.java:logGet(44)) - raft.server.write.byte-limit = 1024 M (=1073741824) (custom)
2021-09-02 02:24:25,264 [a378c862-060f-4c80-8a42-fa0762e0f8c9@group-D3CF43F22C22-LeaderElection151] INFO  server.RaftServerConfigKeys (ConfUtils.java:logGet(44)) - raft.server.watch.timeout = 3000ms (custom)
2021-09-02 02:24:25,267 [EventQueue-OpenPipelineForHealthyPipelineSafeModeRule] INFO  safemode.SCMSafeModeManager (HealthyPipelineSafeModeRule.java:process(124)) - SCM in safe mode. Healthy pipelines reported count is 0, required healthy pipeline reported count is 1
2021-09-02 02:24:25,277 [a378c862-060f-4c80-8a42-fa0762e0f8c9@group-D3CF43F22C22-LeaderElection151] INFO  server.RaftServerConfigKeys (ConfUtils.java:logGet(44)) - raft.server.watch.timeout.denomination = 1s (default)
2021-09-02 02:24:25,318 [a378c862-060f-4c80-8a42-fa0762e0f8c9@group-D3CF43F22C22-LeaderElection151] INFO  server.RaftServerConfigKeys (ConfUtils.java:logGet(44)) - raft.server.watch.element-limit = 65536 (default)
2021-09-02 02:24:25,318 [a378c862-060f-4c80-8a42-fa0762e0f8c9@group-D3CF43F22C22-LeaderElection151] INFO  impl.RoleInfo (RoleInfo.java:updateAndGet(130)) - a378c862-060f-4c80-8a42-fa0762e0f8c9: start a378c862-060f-4c80-8a42-fa0762e0f8c9@group-D3CF43F22C22-LeaderStateImpl
2021-09-02 02:24:25,332 [a378c862-060f-4c80-8a42-fa0762e0f8c9@group-D3CF43F22C22-LeaderElection151] INFO  segmented.SegmentedRaftLogWorker (SegmentedRaftLogWorker.java:startLogSegment(394)) - a378c862-060f-4c80-8a42-fa0762e0f8c9@group-D3CF43F22C22-SegmentedRaftLogWorker: Starting segment from index:0
2021-09-02 02:24:25,339 [a378c862-060f-4c80-8a42-fa0762e0f8c9@group-D3CF43F22C22-SegmentedRaftLogWorker] INFO  segmented.SegmentedRaftLogWorker (SegmentedRaftLogWorker.java:execute(601)) - a378c862-060f-4c80-8a42-fa0762e0f8c9@group-D3CF43F22C22-SegmentedRaftLogWorker: created new log segment /home/runner/work/ozone/ozone/hadoop-ozone/integration-test/target/test-dir/MiniOzoneClusterImpl-29bc8a50-871c-4f9e-822f-1a9e32d9d7f8/datanode-1/data/ratis/ba8af5f1-bfbd-4481-86ec-d3cf43f22c22/current/log_inprogress_0
2021-09-02 02:24:25,385 [12400696-0678-464b-ad01-faef76468be0@group-B85448540D00-FollowerState] INFO  impl.FollowerState (FollowerState.java:run(134)) - 12400696-0678-464b-ad01-faef76468be0@group-B85448540D00-FollowerState: change to CANDIDATE, lastRpcElapsedTime:5125249339ns, electionTimeout:5124ms
2021-09-02 02:24:25,386 [12400696-0678-464b-ad01-faef76468be0@group-B85448540D00-FollowerState] INFO  impl.RoleInfo (RoleInfo.java:shutdownFollowerState(108)) - 12400696-0678-464b-ad01-faef76468be0: shutdown 12400696-0678-464b-ad01-faef76468be0@group-B85448540D00-FollowerState
2021-09-02 02:24:25,386 [12400696-0678-464b-ad01-faef76468be0@group-B85448540D00-FollowerState] INFO  server.RaftServer$Division (RaftServerImpl.java:setRole(285)) - 12400696-0678-464b-ad01-faef76468be0@group-B85448540D00: changes role from  FOLLOWER to CANDIDATE at term 0 for changeToCandidate
2021-09-02 02:24:25,386 [12400696-0678-464b-ad01-faef76468be0@group-B85448540D00-FollowerState] INFO  server.RaftServerConfigKeys (ConfUtils.java:logGet(44)) - raft.server.leaderelection.pre-vote = false (custom)
2021-09-02 02:24:25,386 [12400696-0678-464b-ad01-faef76468be0@group-B85448540D00-FollowerState] INFO  impl.RoleInfo (RoleInfo.java:updateAndGet(130)) - 12400696-0678-464b-ad01-faef76468be0: start 12400696-0678-464b-ad01-faef76468be0@group-B85448540D00-LeaderElection152
2021-09-02 02:24:25,507 [a378c862-060f-4c80-8a42-fa0762e0f8c9@group-B85448540D00-FollowerState] INFO  impl.FollowerState (FollowerState.java:run(134)) - a378c862-060f-4c80-8a42-fa0762e0f8c9@group-B85448540D00-FollowerState: change to CANDIDATE, lastRpcElapsedTime:5166434509ns, electionTimeout:5095ms
2021-09-02 02:24:25,507 [a378c862-060f-4c80-8a42-fa0762e0f8c9@group-B85448540D00-FollowerState] INFO  impl.RoleInfo (RoleInfo.java:shutdownFollowerState(108)) - a378c862-060f-4c80-8a42-fa0762e0f8c9: shutdown a378c862-060f-4c80-8a42-fa0762e0f8c9@group-B85448540D00-FollowerState
2021-09-02 02:24:25,507 [a378c862-060f-4c80-8a42-fa0762e0f8c9@group-B85448540D00-FollowerState] INFO  server.RaftServer$Division (RaftServerImpl.java:setRole(285)) - a378c862-060f-4c80-8a42-fa0762e0f8c9@group-B85448540D00: changes role from  FOLLOWER to CANDIDATE at term 0 for changeToCandidate
2021-09-02 02:24:25,507 [a378c862-060f-4c80-8a42-fa0762e0f8c9@group-B85448540D00-FollowerState] INFO  server.RaftServerConfigKeys (ConfUtils.java:logGet(44)) - raft.server.leaderelection.pre-vote = false (custom)
2021-09-02 02:24:25,507 [a378c862-060f-4c80-8a42-fa0762e0f8c9@group-B85448540D00-FollowerState] INFO  impl.RoleInfo (RoleInfo.java:updateAndGet(130)) - a378c862-060f-4c80-8a42-fa0762e0f8c9: start a378c862-060f-4c80-8a42-fa0762e0f8c9@group-B85448540D00-LeaderElection153
2021-09-02 02:24:25,517 [9fd2e81d-61d0-44de-872c-4ae9b66045fe@group-B85448540D00-FollowerState] INFO  impl.FollowerState (FollowerState.java:run(134)) - 9fd2e81d-61d0-44de-872c-4ae9b66045fe@group-B85448540D00-FollowerState: change to CANDIDATE, lastRpcElapsedTime:5128176009ns, electionTimeout:5122ms
2021-09-02 02:24:25,517 [a378c862-060f-4c80-8a42-fa0762e0f8c9@group-D3CF43F22C22-LeaderElection151] INFO  server.RaftServer$Division (ServerState.java:setRaftConf(387)) - a378c862-060f-4c80-8a42-fa0762e0f8c9@group-D3CF43F22C22: set configuration 0: [a378c862-060f-4c80-8a42-fa0762e0f8c9|rpc:10.1.0.11:42281|dataStream:|priority:1], old=null
2021-09-02 02:24:25,525 [12400696-0678-464b-ad01-faef76468be0@group-B85448540D00-LeaderElection152] INFO  impl.LeaderElection (LeaderElection.java:askForVotes(306)) - 12400696-0678-464b-ad01-faef76468be0@group-B85448540D00-LeaderElection152 ELECTION round 0: submit vote requests at term 1 for -1: [12400696-0678-464b-ad01-faef76468be0|rpc:10.1.0.11:44187|priority:0, a378c862-060f-4c80-8a42-fa0762e0f8c9|rpc:10.1.0.11:42281|priority:0, 9fd2e81d-61d0-44de-872c-4ae9b66045fe|rpc:10.1.0.11:34541|priority:1], old=null
2021-09-02 02:24:25,527 [9fd2e81d-61d0-44de-872c-4ae9b66045fe@group-B85448540D00-FollowerState] INFO  impl.RoleInfo (RoleInfo.java:shutdownFollowerState(108)) - 9fd2e81d-61d0-44de-872c-4ae9b66045fe: shutdown 9fd2e81d-61d0-44de-872c-4ae9b66045fe@group-B85448540D00-FollowerState
2021-09-02 02:24:25,527 [9fd2e81d-61d0-44de-872c-4ae9b66045fe@group-B85448540D00-FollowerState] INFO  server.RaftServer$Division (RaftServerImpl.java:setRole(285)) - 9fd2e81d-61d0-44de-872c-4ae9b66045fe@group-B85448540D00: changes role from  FOLLOWER to CANDIDATE at term 0 for changeToCandidate
2021-09-02 02:24:25,530 [grpc-default-executor-2] INFO  server.RaftServer$Division (RaftServerImpl.java:requestVote(1043)) - a378c862-060f-4c80-8a42-fa0762e0f8c9@group-B85448540D00: receive requestVote(ELECTION, 12400696-0678-464b-ad01-faef76468be0, group-B85448540D00, 1, (t:0, i:0))
2021-09-02 02:24:25,541 [a378c862-060f-4c80-8a42-fa0762e0f8c9@group-B85448540D00-LeaderElection153] INFO  impl.LeaderElection (LeaderElection.java:askForVotes(306)) - a378c862-060f-4c80-8a42-fa0762e0f8c9@group-B85448540D00-LeaderElection153 ELECTION round 0: submit vote requests at term 1 for -1: [12400696-0678-464b-ad01-faef76468be0|rpc:10.1.0.11:44187|priority:0, a378c862-060f-4c80-8a42-fa0762e0f8c9|rpc:10.1.0.11:42281|priority:0, 9fd2e81d-61d0-44de-872c-4ae9b66045fe|rpc:10.1.0.11:34541|priority:1], old=null
2021-09-02 02:24:25,541 [grpc-default-executor-2] INFO  impl.VoteContext (VoteContext.java:log(48)) - a378c862-060f-4c80-8a42-fa0762e0f8c9@group-B85448540D00-CANDIDATE: reject ELECTION from 12400696-0678-464b-ad01-faef76468be0: already has voted for a378c862-060f-4c80-8a42-fa0762e0f8c9 at current term 1
2021-09-02 02:24:25,541 [grpc-default-executor-2] INFO  server.RaftServer$Division (RaftServerImpl.java:requestVote(1075)) - a378c862-060f-4c80-8a42-fa0762e0f8c9@group-B85448540D00 replies to ELECTION vote request: 12400696-0678-464b-ad01-faef76468be0<-a378c862-060f-4c80-8a42-fa0762e0f8c9#0:FAIL-t1. Peer's state: a378c862-060f-4c80-8a42-fa0762e0f8c9@group-B85448540D00:t1, leader=null, voted=a378c862-060f-4c80-8a42-fa0762e0f8c9, raftlog=a378c862-060f-4c80-8a42-fa0762e0f8c9@group-B85448540D00-SegmentedRaftLog:OPENED:c-1,f-1,i0, conf=-1: [12400696-0678-464b-ad01-faef76468be0|rpc:10.1.0.11:44187|priority:0, a378c862-060f-4c80-8a42-fa0762e0f8c9|rpc:10.1.0.11:42281|priority:0, 9fd2e81d-61d0-44de-872c-4ae9b66045fe|rpc:10.1.0.11:34541|priority:1], old=null
2021-09-02 02:24:25,555 [9fd2e81d-61d0-44de-872c-4ae9b66045fe@group-B85448540D00-FollowerState] INFO  server.RaftServerConfigKeys (ConfUtils.java:logGet(44)) - raft.server.leaderelection.pre-vote = false (custom)
2021-09-02 02:24:25,555 [9fd2e81d-61d0-44de-872c-4ae9b66045fe@group-B85448540D00-FollowerState] INFO  impl.RoleInfo (RoleInfo.java:updateAndGet(130)) - 9fd2e81d-61d0-44de-872c-4ae9b66045fe: start 9fd2e81d-61d0-44de-872c-4ae9b66045fe@group-B85448540D00-LeaderElection154
2021-09-02 02:24:25,596 [grpc-default-executor-2] INFO  server.RaftServer$Division (RaftServerImpl.java:requestVote(1043)) - 9fd2e81d-61d0-44de-872c-4ae9b66045fe@group-B85448540D00: receive requestVote(ELECTION, 12400696-0678-464b-ad01-faef76468be0, group-B85448540D00, 1, (t:0, i:0))
2021-09-02 02:24:25,596 [grpc-default-executor-2] INFO  impl.VoteContext (VoteContext.java:log(48)) - 9fd2e81d-61d0-44de-872c-4ae9b66045fe@group-B85448540D00-CANDIDATE: reject ELECTION from 12400696-0678-464b-ad01-faef76468be0: our priority 1 > candidate's priority 0
2021-09-02 02:24:25,596 [grpc-default-executor-2] INFO  server.RaftServer$Division (RaftServerImpl.java:setRole(285)) - 9fd2e81d-61d0-44de-872c-4ae9b66045fe@group-B85448540D00: changes role from CANDIDATE to FOLLOWER at term 1 for candidate:12400696-0678-464b-ad01-faef76468be0
2021-09-02 02:24:25,596 [grpc-default-executor-2] INFO  impl.RoleInfo (RoleInfo.java:shutdownLeaderElection(121)) - 9fd2e81d-61d0-44de-872c-4ae9b66045fe: shutdown 9fd2e81d-61d0-44de-872c-4ae9b66045fe@group-B85448540D00-LeaderElection154
2021-09-02 02:24:25,597 [grpc-default-executor-2] INFO  impl.RoleInfo (RoleInfo.java:updateAndGet(130)) - 9fd2e81d-61d0-44de-872c-4ae9b66045fe: start 9fd2e81d-61d0-44de-872c-4ae9b66045fe@group-B85448540D00-FollowerState
2021-09-02 02:24:25,609 [grpc-default-executor-2] INFO  server.RaftServer$Division (RaftServerImpl.java:requestVote(1075)) - 9fd2e81d-61d0-44de-872c-4ae9b66045fe@group-B85448540D00 replies to ELECTION vote request: 12400696-0678-464b-ad01-faef76468be0<-9fd2e81d-61d0-44de-872c-4ae9b66045fe#0:FAIL-t1. Peer's state: 9fd2e81d-61d0-44de-872c-4ae9b66045fe@group-B85448540D00:t1, leader=null, voted=null, raftlog=9fd2e81d-61d0-44de-872c-4ae9b66045fe@group-B85448540D00-SegmentedRaftLog:OPENED:c-1,f-1,i0, conf=-1: [12400696-0678-464b-ad01-faef76468be0|rpc:10.1.0.11:44187|dataStream:|priority:0, a378c862-060f-4c80-8a42-fa0762e0f8c9|rpc:10.1.0.11:42281|dataStream:|priority:0, 9fd2e81d-61d0-44de-872c-4ae9b66045fe|rpc:10.1.0.11:34541|dataStream:|priority:1], old=null
2021-09-02 02:24:25,610 [12400696-0678-464b-ad01-faef76468be0@group-B85448540D00-LeaderElection152] INFO  impl.LeaderElection (LeaderElection.java:logAndReturn(89)) - 12400696-0678-464b-ad01-faef76468be0@group-B85448540D00-LeaderElection152: ELECTION REJECTED received 1 response(s) and 0 exception(s):
2021-09-02 02:24:25,610 [12400696-0678-464b-ad01-faef76468be0@group-B85448540D00-LeaderElection152] INFO  impl.LeaderElection (LeaderElection.java:logAndReturn(93)) -   Response 0: 12400696-0678-464b-ad01-faef76468be0<-9fd2e81d-61d0-44de-872c-4ae9b66045fe#0:FAIL-t1
2021-09-02 02:24:25,610 [12400696-0678-464b-ad01-faef76468be0@group-B85448540D00-LeaderElection152] INFO  impl.LeaderElection (LeaderElection.java:askForVotes(308)) - 12400696-0678-464b-ad01-faef76468be0@group-B85448540D00-LeaderElection152 ELECTION round 0: result REJECTED
2021-09-02 02:24:25,610 [12400696-0678-464b-ad01-faef76468be0@group-B85448540D00-LeaderElection152] INFO  server.RaftServer$Division (RaftServerImpl.java:setRole(285)) - 12400696-0678-464b-ad01-faef76468be0@group-B85448540D00: changes role from CANDIDATE to FOLLOWER at term 1 for REJECTED
2021-09-02 02:24:25,610 [12400696-0678-464b-ad01-faef76468be0@group-B85448540D00-LeaderElection152] INFO  impl.RoleInfo (RoleInfo.java:shutdownLeaderElection(121)) - 12400696-0678-464b-ad01-faef76468be0: shutdown 12400696-0678-464b-ad01-faef76468be0@group-B85448540D00-LeaderElection152
2021-09-02 02:24:25,610 [12400696-0678-464b-ad01-faef76468be0@group-B85448540D00-LeaderElection152] INFO  impl.RoleInfo (RoleInfo.java:updateAndGet(130)) - 12400696-0678-464b-ad01-faef76468be0: start 12400696-0678-464b-ad01-faef76468be0@group-B85448540D00-FollowerState
2021-09-02 02:24:25,735 [grpc-default-executor-8] INFO  server.RaftServer$Division (RaftServerImpl.java:requestVote(1043)) - 12400696-0678-464b-ad01-faef76468be0@group-B85448540D00: receive requestVote(ELECTION, a378c862-060f-4c80-8a42-fa0762e0f8c9, group-B85448540D00, 1, (t:0, i:0))
2021-09-02 02:24:25,735 [grpc-default-executor-8] INFO  impl.VoteContext (VoteContext.java:log(48)) - 12400696-0678-464b-ad01-faef76468be0@group-B85448540D00-FOLLOWER: reject ELECTION from a378c862-060f-4c80-8a42-fa0762e0f8c9: already has voted for 12400696-0678-464b-ad01-faef76468be0 at current term 1
2021-09-02 02:24:25,735 [grpc-default-executor-8] INFO  server.RaftServer$Division (RaftServerImpl.java:requestVote(1075)) - 12400696-0678-464b-ad01-faef76468be0@group-B85448540D00 replies to ELECTION vote request: a378c862-060f-4c80-8a42-fa0762e0f8c9<-12400696-0678-464b-ad01-faef76468be0#0:FAIL-t1. Peer's state: 12400696-0678-464b-ad01-faef76468be0@group-B85448540D00:t1, leader=null, voted=12400696-0678-464b-ad01-faef76468be0, raftlog=12400696-0678-464b-ad01-faef76468be0@group-B85448540D00-SegmentedRaftLog:OPENED:c-1,f-1,i0, conf=-1: [12400696-0678-464b-ad01-faef76468be0|rpc:10.1.0.11:44187|priority:0, a378c862-060f-4c80-8a42-fa0762e0f8c9|rpc:10.1.0.11:42281|priority:0, 9fd2e81d-61d0-44de-872c-4ae9b66045fe|rpc:10.1.0.11:34541|priority:1], old=null
2021-09-02 02:24:25,737 [grpc-default-executor-2] INFO  server.RaftServer$Division (RaftServerImpl.java:requestVote(1043)) - 9fd2e81d-61d0-44de-872c-4ae9b66045fe@group-B85448540D00: receive requestVote(ELECTION, a378c862-060f-4c80-8a42-fa0762e0f8c9, group-B85448540D00, 1, (t:0, i:0))
2021-09-02 02:24:25,737 [grpc-default-executor-2] INFO  impl.VoteContext (VoteContext.java:log(48)) - 9fd2e81d-61d0-44de-872c-4ae9b66045fe@group-B85448540D00-FOLLOWER: reject ELECTION from a378c862-060f-4c80-8a42-fa0762e0f8c9: our priority 1 > candidate's priority 0
2021-09-02 02:24:25,737 [grpc-default-executor-2] INFO  server.RaftServer$Division (RaftServerImpl.java:setRole(285)) - 9fd2e81d-61d0-44de-872c-4ae9b66045fe@group-B85448540D00: changes role from  FOLLOWER to FOLLOWER at term 1 for candidate:a378c862-060f-4c80-8a42-fa0762e0f8c9
2021-09-02 02:24:25,737 [grpc-default-executor-2] INFO  impl.RoleInfo (RoleInfo.java:shutdownFollowerState(108)) - 9fd2e81d-61d0-44de-872c-4ae9b66045fe: shutdown 9fd2e81d-61d0-44de-872c-4ae9b66045fe@group-B85448540D00-FollowerState
2021-09-02 02:24:25,737 [grpc-default-executor-2] INFO  impl.RoleInfo (RoleInfo.java:updateAndGet(130)) - 9fd2e81d-61d0-44de-872c-4ae9b66045fe: start 9fd2e81d-61d0-44de-872c-4ae9b66045fe@group-B85448540D00-FollowerState
2021-09-02 02:24:25,737 [9fd2e81d-61d0-44de-872c-4ae9b66045fe@group-B85448540D00-FollowerState] INFO  impl.FollowerState (FollowerState.java:run(143)) - 9fd2e81d-61d0-44de-872c-4ae9b66045fe@group-B85448540D00-FollowerState was interrupted: {}
java.lang.InterruptedException: sleep interrupted
	at java.lang.Thread.sleep(Native Method)
	at java.lang.Thread.sleep(Thread.java:340)
	at java.util.concurrent.TimeUnit.sleep(TimeUnit.java:386)
	at org.apache.ratis.util.TimeDuration.sleep(TimeDuration.java:324)
	at org.apache.ratis.util.TimeDuration.sleep(TimeDuration.java:309)
	at org.apache.ratis.server.impl.FollowerState.run(FollowerState.java:118)
2021-09-02 02:24:25,737 [grpc-default-executor-2] INFO  server.RaftServer$Division (RaftServerImpl.java:requestVote(1075)) - 9fd2e81d-61d0-44de-872c-4ae9b66045fe@group-B85448540D00 replies to ELECTION vote request: a378c862-060f-4c80-8a42-fa0762e0f8c9<-9fd2e81d-61d0-44de-872c-4ae9b66045fe#0:FAIL-t1. Peer's state: 9fd2e81d-61d0-44de-872c-4ae9b66045fe@group-B85448540D00:t1, leader=null, voted=null, raftlog=9fd2e81d-61d0-44de-872c-4ae9b66045fe@group-B85448540D00-SegmentedRaftLog:OPENED:c-1,f-1,i0, conf=-1: [12400696-0678-464b-ad01-faef76468be0|rpc:10.1.0.11:44187|dataStream:|priority:0, a378c862-060f-4c80-8a42-fa0762e0f8c9|rpc:10.1.0.11:42281|dataStream:|priority:0, 9fd2e81d-61d0-44de-872c-4ae9b66045fe|rpc:10.1.0.11:34541|dataStream:|priority:1], old=null
2021-09-02 02:24:25,743 [a378c862-060f-4c80-8a42-fa0762e0f8c9@group-B85448540D00-LeaderElection153] INFO  impl.LeaderElection (LeaderElection.java:logAndReturn(89)) - a378c862-060f-4c80-8a42-fa0762e0f8c9@group-B85448540D00-LeaderElection153: ELECTION REJECTED received 2 response(s) and 0 exception(s):
2021-09-02 02:24:25,743 [a378c862-060f-4c80-8a42-fa0762e0f8c9@group-B85448540D00-LeaderElection153] INFO  impl.LeaderElection (LeaderElection.java:logAndReturn(93)) -   Response 0: a378c862-060f-4c80-8a42-fa0762e0f8c9<-12400696-0678-464b-ad01-faef76468be0#0:FAIL-t1
2021-09-02 02:24:25,743 [a378c862-060f-4c80-8a42-fa0762e0f8c9@group-B85448540D00-LeaderElection153] INFO  impl.LeaderElection (LeaderElection.java:logAndReturn(93)) -   Response 1: a378c862-060f-4c80-8a42-fa0762e0f8c9<-9fd2e81d-61d0-44de-872c-4ae9b66045fe#0:FAIL-t1
2021-09-02 02:24:25,743 [a378c862-060f-4c80-8a42-fa0762e0f8c9@group-B85448540D00-LeaderElection153] INFO  impl.LeaderElection (LeaderElection.java:askForVotes(308)) - a378c862-060f-4c80-8a42-fa0762e0f8c9@group-B85448540D00-LeaderElection153 ELECTION round 0: result REJECTED
2021-09-02 02:24:25,743 [a378c862-060f-4c80-8a42-fa0762e0f8c9@group-B85448540D00-LeaderElection153] INFO  server.RaftServer$Division (RaftServerImpl.java:setRole(285)) - a378c862-060f-4c80-8a42-fa0762e0f8c9@group-B85448540D00: changes role from CANDIDATE to FOLLOWER at term 1 for REJECTED
2021-09-02 02:24:25,743 [a378c862-060f-4c80-8a42-fa0762e0f8c9@group-B85448540D00-LeaderElection153] INFO  impl.RoleInfo (RoleInfo.java:shutdownLeaderElection(121)) - a378c862-060f-4c80-8a42-fa0762e0f8c9: shutdown a378c862-060f-4c80-8a42-fa0762e0f8c9@group-B85448540D00-LeaderElection153
2021-09-02 02:24:25,743 [a378c862-060f-4c80-8a42-fa0762e0f8c9@group-B85448540D00-LeaderElection153] INFO  impl.RoleInfo (RoleInfo.java:updateAndGet(130)) - a378c862-060f-4c80-8a42-fa0762e0f8c9: start a378c862-060f-4c80-8a42-fa0762e0f8c9@group-B85448540D00-FollowerState
2021-09-02 02:24:26,029 [9fd2e81d-61d0-44de-872c-4ae9b66045fe@group-9DBDBFE0FE9E-FollowerState] INFO  impl.FollowerState (FollowerState.java:run(134)) - 9fd2e81d-61d0-44de-872c-4ae9b66045fe@group-9DBDBFE0FE9E-FollowerState: change to CANDIDATE, lastRpcElapsedTime:5080668019ns, electionTimeout:5077ms
2021-09-02 02:24:26,029 [9fd2e81d-61d0-44de-872c-4ae9b66045fe@group-9DBDBFE0FE9E-FollowerState] INFO  impl.RoleInfo (RoleInfo.java:shutdownFollowerState(108)) - 9fd2e81d-61d0-44de-872c-4ae9b66045fe: shutdown 9fd2e81d-61d0-44de-872c-4ae9b66045fe@group-9DBDBFE0FE9E-FollowerState
2021-09-02 02:24:26,029 [9fd2e81d-61d0-44de-872c-4ae9b66045fe@group-9DBDBFE0FE9E-FollowerState] INFO  server.RaftServer$Division (RaftServerImpl.java:setRole(285)) - 9fd2e81d-61d0-44de-872c-4ae9b66045fe@group-9DBDBFE0FE9E: changes role from  FOLLOWER to CANDIDATE at term 0 for changeToCandidate
2021-09-02 02:24:26,029 [9fd2e81d-61d0-44de-872c-4ae9b66045fe@group-9DBDBFE0FE9E-FollowerState] INFO  server.RaftServerConfigKeys (ConfUtils.java:logGet(44)) - raft.server.leaderelection.pre-vote = false (custom)
2021-09-02 02:24:26,029 [9fd2e81d-61d0-44de-872c-4ae9b66045fe@group-9DBDBFE0FE9E-FollowerState] INFO  impl.RoleInfo (RoleInfo.java:updateAndGet(130)) - 9fd2e81d-61d0-44de-872c-4ae9b66045fe: start 9fd2e81d-61d0-44de-872c-4ae9b66045fe@group-9DBDBFE0FE9E-LeaderElection155
2021-09-02 02:24:26,072 [9fd2e81d-61d0-44de-872c-4ae9b66045fe@group-9DBDBFE0FE9E-LeaderElection155] INFO  impl.LeaderElection (LeaderElection.java:askForVotes(306)) - 9fd2e81d-61d0-44de-872c-4ae9b66045fe@group-9DBDBFE0FE9E-LeaderElection155 ELECTION round 0: submit vote requests at term 1 for -1: [9fd2e81d-61d0-44de-872c-4ae9b66045fe|rpc:10.1.0.11:34541|priority:1], old=null
2021-09-02 02:24:26,072 [9fd2e81d-61d0-44de-872c-4ae9b66045fe@group-9DBDBFE0FE9E-LeaderElection155] INFO  impl.LeaderElection (LeaderElection.java:askForVotes(308)) - 9fd2e81d-61d0-44de-872c-4ae9b66045fe@group-9DBDBFE0FE9E-LeaderElection155 ELECTION round 0: result PASSED (term=1)
2021-09-02 02:24:26,072 [9fd2e81d-61d0-44de-872c-4ae9b66045fe@group-9DBDBFE0FE9E-LeaderElection155] INFO  impl.RoleInfo (RoleInfo.java:shutdownLeaderElection(121)) - 9fd2e81d-61d0-44de-872c-4ae9b66045fe: shutdown 9fd2e81d-61d0-44de-872c-4ae9b66045fe@group-9DBDBFE0FE9E-LeaderElection155
2021-09-02 02:24:26,072 [9fd2e81d-61d0-44de-872c-4ae9b66045fe@group-9DBDBFE0FE9E-LeaderElection155] INFO  server.RaftServer$Division (RaftServerImpl.java:setRole(285)) - 9fd2e81d-61d0-44de-872c-4ae9b66045fe@group-9DBDBFE0FE9E: changes role from CANDIDATE to LEADER at term 1 for changeToLeader
2021-09-02 02:24:26,072 [9fd2e81d-61d0-44de-872c-4ae9b66045fe@group-9DBDBFE0FE9E-LeaderElection155] INFO  ratis.XceiverServerRatis (XceiverServerRatis.java:handleLeaderChangedNotification(861)) - Leader change notification received for group: group-9DBDBFE0FE9E with new leaderId: 9fd2e81d-61d0-44de-872c-4ae9b66045fe
2021-09-02 02:24:26,072 [Datanode State Machine Thread - 0] WARN  statemachine.StateContext (StateContext.java:execute(621)) - No available thread in pool for past 1 seconds.
2021-09-02 02:24:26,073 [9fd2e81d-61d0-44de-872c-4ae9b66045fe@group-9DBDBFE0FE9E-LeaderElection155] INFO  server.RaftServer$Division (ServerState.java:setLeader(285)) - 9fd2e81d-61d0-44de-872c-4ae9b66045fe@group-9DBDBFE0FE9E: change Leader from null to 9fd2e81d-61d0-44de-872c-4ae9b66045fe at term 1 for becomeLeader, leader elected after 5177ms
2021-09-02 02:24:26,073 [9fd2e81d-61d0-44de-872c-4ae9b66045fe@group-9DBDBFE0FE9E-LeaderElection155] INFO  server.RaftServerConfigKeys (ConfUtils.java:logGet(44)) - raft.server.staging.catchup.gap = 1000 (default)
2021-09-02 02:24:26,073 [9fd2e81d-61d0-44de-872c-4ae9b66045fe@group-9DBDBFE0FE9E-LeaderElection155] INFO  server.RaftServerConfigKeys (ConfUtils.java:logGet(44)) - raft.server.write.element-limit = 1024 (custom)
2021-09-02 02:24:26,073 [9fd2e81d-61d0-44de-872c-4ae9b66045fe@group-9DBDBFE0FE9E-LeaderElection155] INFO  server.RaftServerConfigKeys (ConfUtils.java:logGet(44)) - raft.server.write.byte-limit = 1024 M (=1073741824) (custom)
2021-09-02 02:24:26,074 [9fd2e81d-61d0-44de-872c-4ae9b66045fe@group-9DBDBFE0FE9E-LeaderElection155] INFO  server.RaftServerConfigKeys (ConfUtils.java:logGet(44)) - raft.server.watch.timeout = 3000ms (custom)
2021-09-02 02:24:26,074 [EventQueue-OpenPipelineForHealthyPipelineSafeModeRule] INFO  safemode.SCMSafeModeManager (HealthyPipelineSafeModeRule.java:process(124)) - SCM in safe mode. Healthy pipelines reported count is 0, required healthy pipeline reported count is 1
2021-09-02 02:24:26,074 [9fd2e81d-61d0-44de-872c-4ae9b66045fe@group-9DBDBFE0FE9E-LeaderElection155] INFO  server.RaftServerConfigKeys (ConfUtils.java:logGet(44)) - raft.server.watch.timeout.denomination = 1s (default)
2021-09-02 02:24:26,074 [9fd2e81d-61d0-44de-872c-4ae9b66045fe@group-9DBDBFE0FE9E-LeaderElection155] INFO  server.RaftServerConfigKeys (ConfUtils.java:logGet(44)) - raft.server.watch.element-limit = 65536 (default)
2021-09-02 02:24:26,074 [9fd2e81d-61d0-44de-872c-4ae9b66045fe@group-9DBDBFE0FE9E-LeaderElection155] INFO  impl.RoleInfo (RoleInfo.java:updateAndGet(130)) - 9fd2e81d-61d0-44de-872c-4ae9b66045fe: start 9fd2e81d-61d0-44de-872c-4ae9b66045fe@group-9DBDBFE0FE9E-LeaderStateImpl
2021-09-02 02:24:26,081 [9fd2e81d-61d0-44de-872c-4ae9b66045fe@group-9DBDBFE0FE9E-LeaderElection155] INFO  segmented.SegmentedRaftLogWorker (SegmentedRaftLogWorker.java:startLogSegment(394)) - 9fd2e81d-61d0-44de-872c-4ae9b66045fe@group-9DBDBFE0FE9E-SegmentedRaftLogWorker: Starting segment from index:0
2021-09-02 02:24:26,083 [9fd2e81d-61d0-44de-872c-4ae9b66045fe@group-9DBDBFE0FE9E-SegmentedRaftLogWorker] INFO  segmented.SegmentedRaftLogWorker (SegmentedRaftLogWorker.java:execute(601)) - 9fd2e81d-61d0-44de-872c-4ae9b66045fe@group-9DBDBFE0FE9E-SegmentedRaftLogWorker: created new log segment /home/runner/work/ozone/ozone/hadoop-ozone/integration-test/target/test-dir/MiniOzoneClusterImpl-29bc8a50-871c-4f9e-822f-1a9e32d9d7f8/datanode-2/data/ratis/30084a98-90ef-4f0d-b2eb-9dbdbfe0fe9e/current/log_inprogress_0
2021-09-02 02:24:26,090 [Listener at 127.0.0.1/45645] INFO  ozone.MiniOzoneClusterImpl (MiniOzoneClusterImpl.java:lambda$waitForClusterToBeReady$0(235)) - Nodes are ready. Got 7 of 7 DN Heartbeats.
2021-09-02 02:24:26,090 [Listener at 127.0.0.1/45645] INFO  ozone.MiniOzoneClusterImpl (MiniOzoneClusterImpl.java:lambda$waitForClusterToBeReady$0(238)) - Waiting for cluster to exit safe mode
2021-09-02 02:24:26,090 [Listener at 127.0.0.1/45645] INFO  ozone.MiniOzoneClusterImpl (MiniOzoneClusterImpl.java:lambda$waitForClusterToBeReady$0(240)) - SCM became leader
2021-09-02 02:24:26,112 [9fd2e81d-61d0-44de-872c-4ae9b66045fe@group-9DBDBFE0FE9E-LeaderElection155] INFO  server.RaftServer$Division (ServerState.java:setRaftConf(387)) - 9fd2e81d-61d0-44de-872c-4ae9b66045fe@group-9DBDBFE0FE9E: set configuration 0: [9fd2e81d-61d0-44de-872c-4ae9b66045fe|rpc:10.1.0.11:34541|dataStream:|priority:1], old=null
2021-09-02 02:24:27,099 [Listener at 127.0.0.1/45645] INFO  ozone.MiniOzoneClusterImpl (MiniOzoneClusterImpl.java:lambda$waitForClusterToBeReady$0(235)) - Nodes are ready. Got 7 of 7 DN Heartbeats.
2021-09-02 02:24:27,099 [Listener at 127.0.0.1/45645] INFO  ozone.MiniOzoneClusterImpl (MiniOzoneClusterImpl.java:lambda$waitForClusterToBeReady$0(238)) - Waiting for cluster to exit safe mode
2021-09-02 02:24:27,099 [Listener at 127.0.0.1/45645] INFO  ozone.MiniOzoneClusterImpl (MiniOzoneClusterImpl.java:lambda$waitForClusterToBeReady$0(240)) - SCM became leader
2021-09-02 02:24:27,167 [af0a5c91-f714-4dc1-a2f1-efe0e47618a1@group-AAAFC895A574-FollowerState] INFO  impl.FollowerState (FollowerState.java:run(134)) - af0a5c91-f714-4dc1-a2f1-efe0e47618a1@group-AAAFC895A574-FollowerState: change to CANDIDATE, lastRpcElapsedTime:5108061732ns, electionTimeout:5103ms
2021-09-02 02:24:27,167 [af0a5c91-f714-4dc1-a2f1-efe0e47618a1@group-AAAFC895A574-FollowerState] INFO  impl.RoleInfo (RoleInfo.java:shutdownFollowerState(108)) - af0a5c91-f714-4dc1-a2f1-efe0e47618a1: shutdown af0a5c91-f714-4dc1-a2f1-efe0e47618a1@group-AAAFC895A574-FollowerState
2021-09-02 02:24:27,167 [af0a5c91-f714-4dc1-a2f1-efe0e47618a1@group-AAAFC895A574-FollowerState] INFO  server.RaftServer$Division (RaftServerImpl.java:setRole(285)) - af0a5c91-f714-4dc1-a2f1-efe0e47618a1@group-AAAFC895A574: changes role from  FOLLOWER to CANDIDATE at term 0 for changeToCandidate
2021-09-02 02:24:27,169 [af0a5c91-f714-4dc1-a2f1-efe0e47618a1@group-AAAFC895A574-FollowerState] INFO  server.RaftServerConfigKeys (ConfUtils.java:logGet(44)) - raft.server.leaderelection.pre-vote = false (custom)
2021-09-02 02:24:27,169 [af0a5c91-f714-4dc1-a2f1-efe0e47618a1@group-AAAFC895A574-FollowerState] INFO  impl.RoleInfo (RoleInfo.java:updateAndGet(130)) - af0a5c91-f714-4dc1-a2f1-efe0e47618a1: start af0a5c91-f714-4dc1-a2f1-efe0e47618a1@group-AAAFC895A574-LeaderElection156
2021-09-02 02:24:27,216 [af0a5c91-f714-4dc1-a2f1-efe0e47618a1@group-D22779799422-FollowerState] INFO  impl.FollowerState (FollowerState.java:run(134)) - af0a5c91-f714-4dc1-a2f1-efe0e47618a1@group-D22779799422-FollowerState: change to CANDIDATE, lastRpcElapsedTime:5132155716ns, electionTimeout:5129ms
2021-09-02 02:24:27,217 [af0a5c91-f714-4dc1-a2f1-efe0e47618a1@group-D22779799422-FollowerState] INFO  impl.RoleInfo (RoleInfo.java:shutdownFollowerState(108)) - af0a5c91-f714-4dc1-a2f1-efe0e47618a1: shutdown af0a5c91-f714-4dc1-a2f1-efe0e47618a1@group-D22779799422-FollowerState
2021-09-02 02:24:27,217 [af0a5c91-f714-4dc1-a2f1-efe0e47618a1@group-D22779799422-FollowerState] INFO  server.RaftServer$Division (RaftServerImpl.java:setRole(285)) - af0a5c91-f714-4dc1-a2f1-efe0e47618a1@group-D22779799422: changes role from  FOLLOWER to CANDIDATE at term 0 for changeToCandidate
2021-09-02 02:24:27,217 [af0a5c91-f714-4dc1-a2f1-efe0e47618a1@group-D22779799422-FollowerState] INFO  server.RaftServerConfigKeys (ConfUtils.java:logGet(44)) - raft.server.leaderelection.pre-vote = false (custom)
2021-09-02 02:24:27,217 [af0a5c91-f714-4dc1-a2f1-efe0e47618a1@group-D22779799422-FollowerState] INFO  impl.RoleInfo (RoleInfo.java:updateAndGet(130)) - af0a5c91-f714-4dc1-a2f1-efe0e47618a1: start af0a5c91-f714-4dc1-a2f1-efe0e47618a1@group-D22779799422-LeaderElection157
2021-09-02 02:24:27,229 [af0a5c91-f714-4dc1-a2f1-efe0e47618a1@group-AAAFC895A574-LeaderElection156] INFO  impl.LeaderElection (LeaderElection.java:askForVotes(306)) - af0a5c91-f714-4dc1-a2f1-efe0e47618a1@group-AAAFC895A574-LeaderElection156 ELECTION round 0: submit vote requests at term 1 for -1: [af0a5c91-f714-4dc1-a2f1-efe0e47618a1|rpc:10.1.0.11:35001|priority:1], old=null
2021-09-02 02:24:27,229 [af0a5c91-f714-4dc1-a2f1-efe0e47618a1@group-AAAFC895A574-LeaderElection156] INFO  impl.LeaderElection (LeaderElection.java:askForVotes(308)) - af0a5c91-f714-4dc1-a2f1-efe0e47618a1@group-AAAFC895A574-LeaderElection156 ELECTION round 0: result PASSED (term=1)
2021-09-02 02:24:27,229 [af0a5c91-f714-4dc1-a2f1-efe0e47618a1@group-AAAFC895A574-LeaderElection156] INFO  impl.RoleInfo (RoleInfo.java:shutdownLeaderElection(121)) - af0a5c91-f714-4dc1-a2f1-efe0e47618a1: shutdown af0a5c91-f714-4dc1-a2f1-efe0e47618a1@group-AAAFC895A574-LeaderElection156
2021-09-02 02:24:27,229 [af0a5c91-f714-4dc1-a2f1-efe0e47618a1@group-AAAFC895A574-LeaderElection156] INFO  server.RaftServer$Division (RaftServerImpl.java:setRole(285)) - af0a5c91-f714-4dc1-a2f1-efe0e47618a1@group-AAAFC895A574: changes role from CANDIDATE to LEADER at term 1 for changeToLeader
2021-09-02 02:24:27,229 [af0a5c91-f714-4dc1-a2f1-efe0e47618a1@group-AAAFC895A574-LeaderElection156] INFO  ratis.XceiverServerRatis (XceiverServerRatis.java:handleLeaderChangedNotification(861)) - Leader change notification received for group: group-AAAFC895A574 with new leaderId: af0a5c91-f714-4dc1-a2f1-efe0e47618a1
2021-09-02 02:24:27,238 [af0a5c91-f714-4dc1-a2f1-efe0e47618a1@group-AAAFC895A574-LeaderElection156] INFO  server.RaftServer$Division (ServerState.java:setLeader(285)) - af0a5c91-f714-4dc1-a2f1-efe0e47618a1@group-AAAFC895A574: change Leader from null to af0a5c91-f714-4dc1-a2f1-efe0e47618a1 at term 1 for becomeLeader, leader elected after 5220ms
2021-09-02 02:24:27,238 [af0a5c91-f714-4dc1-a2f1-efe0e47618a1@group-AAAFC895A574-LeaderElection156] INFO  server.RaftServerConfigKeys (ConfUtils.java:logGet(44)) - raft.server.staging.catchup.gap = 1000 (default)
2021-09-02 02:24:27,238 [Datanode State Machine Thread - 0] WARN  statemachine.StateContext (StateContext.java:execute(621)) - No available thread in pool for past 1 seconds.
2021-09-02 02:24:27,238 [af0a5c91-f714-4dc1-a2f1-efe0e47618a1@group-AAAFC895A574-LeaderElection156] INFO  server.RaftServerConfigKeys (ConfUtils.java:logGet(44)) - raft.server.write.element-limit = 1024 (custom)
2021-09-02 02:24:27,238 [af0a5c91-f714-4dc1-a2f1-efe0e47618a1@group-AAAFC895A574-LeaderElection156] INFO  server.RaftServerConfigKeys (ConfUtils.java:logGet(44)) - raft.server.write.byte-limit = 1024 M (=1073741824) (custom)
2021-09-02 02:24:27,239 [EventQueue-OpenPipelineForHealthyPipelineSafeModeRule] INFO  safemode.SCMSafeModeManager (HealthyPipelineSafeModeRule.java:process(124)) - SCM in safe mode. Healthy pipelines reported count is 0, required healthy pipeline reported count is 1
2021-09-02 02:24:27,239 [af0a5c91-f714-4dc1-a2f1-efe0e47618a1@group-AAAFC895A574-LeaderElection156] INFO  server.RaftServerConfigKeys (ConfUtils.java:logGet(44)) - raft.server.watch.timeout = 3000ms (custom)
2021-09-02 02:24:27,245 [af0a5c91-f714-4dc1-a2f1-efe0e47618a1@group-AAAFC895A574-LeaderElection156] INFO  server.RaftServerConfigKeys (ConfUtils.java:logGet(44)) - raft.server.watch.timeout.denomination = 1s (default)
2021-09-02 02:24:27,245 [af0a5c91-f714-4dc1-a2f1-efe0e47618a1@group-AAAFC895A574-LeaderElection156] INFO  server.RaftServerConfigKeys (ConfUtils.java:logGet(44)) - raft.server.watch.element-limit = 65536 (default)
2021-09-02 02:24:27,245 [af0a5c91-f714-4dc1-a2f1-efe0e47618a1@group-AAAFC895A574-LeaderElection156] INFO  impl.RoleInfo (RoleInfo.java:updateAndGet(130)) - af0a5c91-f714-4dc1-a2f1-efe0e47618a1: start af0a5c91-f714-4dc1-a2f1-efe0e47618a1@group-AAAFC895A574-LeaderStateImpl
2021-09-02 02:24:27,246 [af0a5c91-f714-4dc1-a2f1-efe0e47618a1@group-AAAFC895A574-LeaderElection156] INFO  segmented.SegmentedRaftLogWorker (SegmentedRaftLogWorker.java:startLogSegment(394)) - af0a5c91-f714-4dc1-a2f1-efe0e47618a1@group-AAAFC895A574-SegmentedRaftLogWorker: Starting segment from index:0
2021-09-02 02:24:27,266 [af0a5c91-f714-4dc1-a2f1-efe0e47618a1@group-AAAFC895A574-SegmentedRaftLogWorker] INFO  segmented.SegmentedRaftLogWorker (SegmentedRaftLogWorker.java:execute(601)) - af0a5c91-f714-4dc1-a2f1-efe0e47618a1@group-AAAFC895A574-SegmentedRaftLogWorker: created new log segment /home/runner/work/ozone/ozone/hadoop-ozone/integration-test/target/test-dir/MiniOzoneClusterImpl-29bc8a50-871c-4f9e-822f-1a9e32d9d7f8/datanode-3/data/ratis/5bf3b625-b2d2-4c5c-9ac8-aaafc895a574/current/log_inprogress_0
2021-09-02 02:24:27,337 [af0a5c91-f714-4dc1-a2f1-efe0e47618a1@group-AAAFC895A574-LeaderElection156] INFO  server.RaftServer$Division (ServerState.java:setRaftConf(387)) - af0a5c91-f714-4dc1-a2f1-efe0e47618a1@group-AAAFC895A574: set configuration 0: [af0a5c91-f714-4dc1-a2f1-efe0e47618a1|rpc:10.1.0.11:35001|dataStream:|priority:1], old=null
2021-09-02 02:24:27,345 [af0a5c91-f714-4dc1-a2f1-efe0e47618a1@group-D22779799422-LeaderElection157] INFO  impl.LeaderElection (LeaderElection.java:askForVotes(306)) - af0a5c91-f714-4dc1-a2f1-efe0e47618a1@group-D22779799422-LeaderElection157 ELECTION round 0: submit vote requests at term 1 for -1: [3c795851-1066-4b85-8bc1-6af36b99c451|rpc:10.1.0.11:42401|priority:1, 187906f6-3436-4d7b-ba29-fc09579eb1c8|rpc:10.1.0.11:41159|priority:0, af0a5c91-f714-4dc1-a2f1-efe0e47618a1|rpc:10.1.0.11:35001|priority:0], old=null
2021-09-02 02:24:27,346 [3c795851-1066-4b85-8bc1-6af36b99c451@group-D22779799422-FollowerState] INFO  impl.FollowerState (FollowerState.java:run(134)) - 3c795851-1066-4b85-8bc1-6af36b99c451@group-D22779799422-FollowerState: change to CANDIDATE, lastRpcElapsedTime:5105944235ns, electionTimeout:5072ms
2021-09-02 02:24:27,346 [3c795851-1066-4b85-8bc1-6af36b99c451@group-D22779799422-FollowerState] INFO  impl.RoleInfo (RoleInfo.java:shutdownFollowerState(108)) - 3c795851-1066-4b85-8bc1-6af36b99c451: shutdown 3c795851-1066-4b85-8bc1-6af36b99c451@group-D22779799422-FollowerState
2021-09-02 02:24:27,346 [3c795851-1066-4b85-8bc1-6af36b99c451@group-D22779799422-FollowerState] INFO  server.RaftServer$Division (RaftServerImpl.java:setRole(285)) - 3c795851-1066-4b85-8bc1-6af36b99c451@group-D22779799422: changes role from  FOLLOWER to CANDIDATE at term 0 for changeToCandidate
2021-09-02 02:24:27,359 [3c795851-1066-4b85-8bc1-6af36b99c451@group-D22779799422-FollowerState] INFO  server.RaftServerConfigKeys (ConfUtils.java:logGet(44)) - raft.server.leaderelection.pre-vote = false (custom)
2021-09-02 02:24:27,359 [3c795851-1066-4b85-8bc1-6af36b99c451@group-D22779799422-FollowerState] INFO  impl.RoleInfo (RoleInfo.java:updateAndGet(130)) - 3c795851-1066-4b85-8bc1-6af36b99c451: start 3c795851-1066-4b85-8bc1-6af36b99c451@group-D22779799422-LeaderElection158
2021-09-02 02:24:27,414 [grpc-default-executor-8] INFO  server.RaftServer$Division (RaftServerImpl.java:requestVote(1043)) - 3c795851-1066-4b85-8bc1-6af36b99c451@group-D22779799422: receive requestVote(ELECTION, af0a5c91-f714-4dc1-a2f1-efe0e47618a1, group-D22779799422, 1, (t:0, i:0))
2021-09-02 02:24:27,414 [grpc-default-executor-8] INFO  impl.VoteContext (VoteContext.java:log(48)) - 3c795851-1066-4b85-8bc1-6af36b99c451@group-D22779799422-CANDIDATE: reject ELECTION from af0a5c91-f714-4dc1-a2f1-efe0e47618a1: our priority 1 > candidate's priority 0
2021-09-02 02:24:27,414 [grpc-default-executor-8] INFO  server.RaftServer$Division (RaftServerImpl.java:setRole(285)) - 3c795851-1066-4b85-8bc1-6af36b99c451@group-D22779799422: changes role from CANDIDATE to FOLLOWER at term 1 for candidate:af0a5c91-f714-4dc1-a2f1-efe0e47618a1
2021-09-02 02:24:27,414 [grpc-default-executor-8] INFO  impl.RoleInfo (RoleInfo.java:shutdownLeaderElection(121)) - 3c795851-1066-4b85-8bc1-6af36b99c451: shutdown 3c795851-1066-4b85-8bc1-6af36b99c451@group-D22779799422-LeaderElection158
2021-09-02 02:24:27,414 [grpc-default-executor-8] INFO  impl.RoleInfo (RoleInfo.java:updateAndGet(130)) - 3c795851-1066-4b85-8bc1-6af36b99c451: start 3c795851-1066-4b85-8bc1-6af36b99c451@group-D22779799422-FollowerState
2021-09-02 02:24:27,415 [grpc-default-executor-2] INFO  server.RaftServer$Division (RaftServerImpl.java:requestVote(1043)) - 187906f6-3436-4d7b-ba29-fc09579eb1c8@group-D22779799422: receive requestVote(ELECTION, af0a5c91-f714-4dc1-a2f1-efe0e47618a1, group-D22779799422, 1, (t:0, i:0))
2021-09-02 02:24:27,415 [grpc-default-executor-2] INFO  impl.VoteContext (VoteContext.java:log(48)) - 187906f6-3436-4d7b-ba29-fc09579eb1c8@group-D22779799422-FOLLOWER: accept ELECTION from af0a5c91-f714-4dc1-a2f1-efe0e47618a1: our priority 0 <= candidate's priority 0
2021-09-02 02:24:27,415 [grpc-default-executor-2] INFO  server.RaftServer$Division (RaftServerImpl.java:setRole(285)) - 187906f6-3436-4d7b-ba29-fc09579eb1c8@group-D22779799422: changes role from  FOLLOWER to FOLLOWER at term 1 for candidate:af0a5c91-f714-4dc1-a2f1-efe0e47618a1
2021-09-02 02:24:27,415 [grpc-default-executor-2] INFO  impl.RoleInfo (RoleInfo.java:shutdownFollowerState(108)) - 187906f6-3436-4d7b-ba29-fc09579eb1c8: shutdown 187906f6-3436-4d7b-ba29-fc09579eb1c8@group-D22779799422-FollowerState
2021-09-02 02:24:27,433 [grpc-default-executor-8] INFO  server.RaftServer$Division (RaftServerImpl.java:requestVote(1075)) - 3c795851-1066-4b85-8bc1-6af36b99c451@group-D22779799422 replies to ELECTION vote request: af0a5c91-f714-4dc1-a2f1-efe0e47618a1<-3c795851-1066-4b85-8bc1-6af36b99c451#0:FAIL-t1. Peer's state: 3c795851-1066-4b85-8bc1-6af36b99c451@group-D22779799422:t1, leader=null, voted=null, raftlog=3c795851-1066-4b85-8bc1-6af36b99c451@group-D22779799422-SegmentedRaftLog:OPENED:c-1,f-1,i0, conf=-1: [3c795851-1066-4b85-8bc1-6af36b99c451|rpc:10.1.0.11:42401|dataStream:|priority:1, 187906f6-3436-4d7b-ba29-fc09579eb1c8|rpc:10.1.0.11:41159|dataStream:|priority:0, af0a5c91-f714-4dc1-a2f1-efe0e47618a1|rpc:10.1.0.11:35001|dataStream:|priority:0], old=null
2021-09-02 02:24:27,436 [grpc-default-executor-2] INFO  impl.RoleInfo (RoleInfo.java:updateAndGet(130)) - 187906f6-3436-4d7b-ba29-fc09579eb1c8: start 187906f6-3436-4d7b-ba29-fc09579eb1c8@group-D22779799422-FollowerState
2021-09-02 02:24:27,436 [187906f6-3436-4d7b-ba29-fc09579eb1c8@group-D22779799422-FollowerState] INFO  impl.FollowerState (FollowerState.java:run(143)) - 187906f6-3436-4d7b-ba29-fc09579eb1c8@group-D22779799422-FollowerState was interrupted: {}
java.lang.InterruptedException: sleep interrupted
	at java.lang.Thread.sleep(Native Method)
	at java.lang.Thread.sleep(Thread.java:340)
	at java.util.concurrent.TimeUnit.sleep(TimeUnit.java:386)
	at org.apache.ratis.util.TimeDuration.sleep(TimeDuration.java:324)
	at org.apache.ratis.util.TimeDuration.sleep(TimeDuration.java:309)
	at org.apache.ratis.server.impl.FollowerState.run(FollowerState.java:118)
2021-09-02 02:24:27,449 [grpc-default-executor-2] INFO  server.RaftServer$Division (RaftServerImpl.java:requestVote(1075)) - 187906f6-3436-4d7b-ba29-fc09579eb1c8@group-D22779799422 replies to ELECTION vote request: af0a5c91-f714-4dc1-a2f1-efe0e47618a1<-187906f6-3436-4d7b-ba29-fc09579eb1c8#0:OK-t1. Peer's state: 187906f6-3436-4d7b-ba29-fc09579eb1c8@group-D22779799422:t1, leader=null, voted=af0a5c91-f714-4dc1-a2f1-efe0e47618a1, raftlog=187906f6-3436-4d7b-ba29-fc09579eb1c8@group-D22779799422-SegmentedRaftLog:OPENED:c-1,f-1,i0, conf=-1: [3c795851-1066-4b85-8bc1-6af36b99c451|rpc:10.1.0.11:42401|dataStream:|priority:1, 187906f6-3436-4d7b-ba29-fc09579eb1c8|rpc:10.1.0.11:41159|dataStream:|priority:0, af0a5c91-f714-4dc1-a2f1-efe0e47618a1|rpc:10.1.0.11:35001|dataStream:|priority:0], old=null
2021-09-02 02:24:27,466 [af0a5c91-f714-4dc1-a2f1-efe0e47618a1@group-D22779799422-LeaderElection157] INFO  impl.LeaderElection (LeaderElection.java:logAndReturn(89)) - af0a5c91-f714-4dc1-a2f1-efe0e47618a1@group-D22779799422-LeaderElection157: ELECTION REJECTED received 1 response(s) and 0 exception(s):
2021-09-02 02:24:27,466 [af0a5c91-f714-4dc1-a2f1-efe0e47618a1@group-D22779799422-LeaderElection157] INFO  impl.LeaderElection (LeaderElection.java:logAndReturn(93)) -   Response 0: af0a5c91-f714-4dc1-a2f1-efe0e47618a1<-3c795851-1066-4b85-8bc1-6af36b99c451#0:FAIL-t1
2021-09-02 02:24:27,466 [af0a5c91-f714-4dc1-a2f1-efe0e47618a1@group-D22779799422-LeaderElection157] INFO  impl.LeaderElection (LeaderElection.java:askForVotes(308)) - af0a5c91-f714-4dc1-a2f1-efe0e47618a1@group-D22779799422-LeaderElection157 ELECTION round 0: result REJECTED
2021-09-02 02:24:27,466 [af0a5c91-f714-4dc1-a2f1-efe0e47618a1@group-D22779799422-LeaderElection157] INFO  server.RaftServer$Division (RaftServerImpl.java:setRole(285)) - af0a5c91-f714-4dc1-a2f1-efe0e47618a1@group-D22779799422: changes role from CANDIDATE to FOLLOWER at term 1 for REJECTED
2021-09-02 02:24:27,466 [af0a5c91-f714-4dc1-a2f1-efe0e47618a1@group-D22779799422-LeaderElection157] INFO  impl.RoleInfo (RoleInfo.java:shutdownLeaderElection(121)) - af0a5c91-f714-4dc1-a2f1-efe0e47618a1: shutdown af0a5c91-f714-4dc1-a2f1-efe0e47618a1@group-D22779799422-LeaderElection157
2021-09-02 02:24:27,466 [af0a5c91-f714-4dc1-a2f1-efe0e47618a1@group-D22779799422-LeaderElection157] INFO  impl.RoleInfo (RoleInfo.java:updateAndGet(130)) - af0a5c91-f714-4dc1-a2f1-efe0e47618a1: start af0a5c91-f714-4dc1-a2f1-efe0e47618a1@group-D22779799422-FollowerState
2021-09-02 02:24:27,858 [187906f6-3436-4d7b-ba29-fc09579eb1c8@group-D6C00A4C7428-FollowerState] INFO  impl.FollowerState (FollowerState.java:run(134)) - 187906f6-3436-4d7b-ba29-fc09579eb1c8@group-D6C00A4C7428-FollowerState: change to CANDIDATE, lastRpcElapsedTime:5193004126ns, electionTimeout:5187ms
2021-09-02 02:24:27,859 [187906f6-3436-4d7b-ba29-fc09579eb1c8@group-D6C00A4C7428-FollowerState] INFO  impl.RoleInfo (RoleInfo.java:shutdownFollowerState(108)) - 187906f6-3436-4d7b-ba29-fc09579eb1c8: shutdown 187906f6-3436-4d7b-ba29-fc09579eb1c8@group-D6C00A4C7428-FollowerState
2021-09-02 02:24:27,859 [187906f6-3436-4d7b-ba29-fc09579eb1c8@group-D6C00A4C7428-FollowerState] INFO  server.RaftServer$Division (RaftServerImpl.java:setRole(285)) - 187906f6-3436-4d7b-ba29-fc09579eb1c8@group-D6C00A4C7428: changes role from  FOLLOWER to CANDIDATE at term 0 for changeToCandidate
2021-09-02 02:24:27,860 [187906f6-3436-4d7b-ba29-fc09579eb1c8@group-D6C00A4C7428-FollowerState] INFO  server.RaftServerConfigKeys (ConfUtils.java:logGet(44)) - raft.server.leaderelection.pre-vote = false (custom)
2021-09-02 02:24:27,860 [187906f6-3436-4d7b-ba29-fc09579eb1c8@group-D6C00A4C7428-FollowerState] INFO  impl.RoleInfo (RoleInfo.java:updateAndGet(130)) - 187906f6-3436-4d7b-ba29-fc09579eb1c8: start 187906f6-3436-4d7b-ba29-fc09579eb1c8@group-D6C00A4C7428-LeaderElection159
2021-09-02 02:24:27,879 [af0a5c91-f714-4dc1-a2f1-efe0e47618a1@group-24BBA463E12F-FollowerState] INFO  impl.FollowerState (FollowerState.java:run(134)) - af0a5c91-f714-4dc1-a2f1-efe0e47618a1@group-24BBA463E12F-FollowerState: change to CANDIDATE, lastRpcElapsedTime:5167180402ns, electionTimeout:5106ms
2021-09-02 02:24:27,880 [af0a5c91-f714-4dc1-a2f1-efe0e47618a1@group-24BBA463E12F-FollowerState] INFO  impl.RoleInfo (RoleInfo.java:shutdownFollowerState(108)) - af0a5c91-f714-4dc1-a2f1-efe0e47618a1: shutdown af0a5c91-f714-4dc1-a2f1-efe0e47618a1@group-24BBA463E12F-FollowerState
2021-09-02 02:24:27,880 [af0a5c91-f714-4dc1-a2f1-efe0e47618a1@group-24BBA463E12F-FollowerState] INFO  server.RaftServer$Division (RaftServerImpl.java:setRole(285)) - af0a5c91-f714-4dc1-a2f1-efe0e47618a1@group-24BBA463E12F: changes role from  FOLLOWER to CANDIDATE at term 0 for changeToCandidate
2021-09-02 02:24:27,880 [af0a5c91-f714-4dc1-a2f1-efe0e47618a1@group-24BBA463E12F-FollowerState] INFO  server.RaftServerConfigKeys (ConfUtils.java:logGet(44)) - raft.server.leaderelection.pre-vote = false (custom)
2021-09-02 02:24:27,880 [af0a5c91-f714-4dc1-a2f1-efe0e47618a1@group-24BBA463E12F-FollowerState] INFO  impl.RoleInfo (RoleInfo.java:updateAndGet(130)) - af0a5c91-f714-4dc1-a2f1-efe0e47618a1: start af0a5c91-f714-4dc1-a2f1-efe0e47618a1@group-24BBA463E12F-LeaderElection160
2021-09-02 02:24:27,904 [187906f6-3436-4d7b-ba29-fc09579eb1c8@group-D6C00A4C7428-LeaderElection159] INFO  impl.LeaderElection (LeaderElection.java:askForVotes(306)) - 187906f6-3436-4d7b-ba29-fc09579eb1c8@group-D6C00A4C7428-LeaderElection159 ELECTION round 0: submit vote requests at term 1 for -1: [187906f6-3436-4d7b-ba29-fc09579eb1c8|rpc:10.1.0.11:41159|priority:1], old=null
2021-09-02 02:24:27,904 [187906f6-3436-4d7b-ba29-fc09579eb1c8@group-D6C00A4C7428-LeaderElection159] INFO  impl.LeaderElection (LeaderElection.java:askForVotes(308)) - 187906f6-3436-4d7b-ba29-fc09579eb1c8@group-D6C00A4C7428-LeaderElection159 ELECTION round 0: result PASSED (term=1)
2021-09-02 02:24:27,904 [187906f6-3436-4d7b-ba29-fc09579eb1c8@group-D6C00A4C7428-LeaderElection159] INFO  impl.RoleInfo (RoleInfo.java:shutdownLeaderElection(121)) - 187906f6-3436-4d7b-ba29-fc09579eb1c8: shutdown 187906f6-3436-4d7b-ba29-fc09579eb1c8@group-D6C00A4C7428-LeaderElection159
2021-09-02 02:24:27,904 [187906f6-3436-4d7b-ba29-fc09579eb1c8@group-D6C00A4C7428-LeaderElection159] INFO  server.RaftServer$Division (RaftServerImpl.java:setRole(285)) - 187906f6-3436-4d7b-ba29-fc09579eb1c8@group-D6C00A4C7428: changes role from CANDIDATE to LEADER at term 1 for changeToLeader
2021-09-02 02:24:27,904 [187906f6-3436-4d7b-ba29-fc09579eb1c8@group-D6C00A4C7428-LeaderElection159] INFO  ratis.XceiverServerRatis (XceiverServerRatis.java:handleLeaderChangedNotification(861)) - Leader change notification received for group: group-D6C00A4C7428 with new leaderId: 187906f6-3436-4d7b-ba29-fc09579eb1c8
2021-09-02 02:24:27,904 [187906f6-3436-4d7b-ba29-fc09579eb1c8@group-D6C00A4C7428-LeaderElection159] INFO  server.RaftServer$Division (ServerState.java:setLeader(285)) - 187906f6-3436-4d7b-ba29-fc09579eb1c8@group-D6C00A4C7428: change Leader from null to 187906f6-3436-4d7b-ba29-fc09579eb1c8 at term 1 for becomeLeader, leader elected after 5275ms
2021-09-02 02:24:27,904 [187906f6-3436-4d7b-ba29-fc09579eb1c8@group-D6C00A4C7428-LeaderElection159] INFO  server.RaftServerConfigKeys (ConfUtils.java:logGet(44)) - raft.server.staging.catchup.gap = 1000 (default)
2021-09-02 02:24:27,904 [Datanode State Machine Thread - 0] WARN  statemachine.StateContext (StateContext.java:execute(621)) - No available thread in pool for past 1 seconds.
2021-09-02 02:24:27,904 [187906f6-3436-4d7b-ba29-fc09579eb1c8@group-D6C00A4C7428-LeaderElection159] INFO  server.RaftServerConfigKeys (ConfUtils.java:logGet(44)) - raft.server.write.element-limit = 1024 (custom)
2021-09-02 02:24:27,905 [187906f6-3436-4d7b-ba29-fc09579eb1c8@group-D6C00A4C7428-LeaderElection159] INFO  server.RaftServerConfigKeys (ConfUtils.java:logGet(44)) - raft.server.write.byte-limit = 1024 M (=1073741824) (custom)
2021-09-02 02:24:27,912 [EventQueue-OpenPipelineForHealthyPipelineSafeModeRule] INFO  safemode.SCMSafeModeManager (HealthyPipelineSafeModeRule.java:process(124)) - SCM in safe mode. Healthy pipelines reported count is 0, required healthy pipeline reported count is 1
2021-09-02 02:24:27,942 [af0a5c91-f714-4dc1-a2f1-efe0e47618a1@group-24BBA463E12F-LeaderElection160] INFO  impl.LeaderElection (LeaderElection.java:askForVotes(306)) - af0a5c91-f714-4dc1-a2f1-efe0e47618a1@group-24BBA463E12F-LeaderElection160 ELECTION round 0: submit vote requests at term 1 for -1: [3c795851-1066-4b85-8bc1-6af36b99c451|rpc:10.1.0.11:42401|priority:0, af0a5c91-f714-4dc1-a2f1-efe0e47618a1|rpc:10.1.0.11:35001|priority:0, 187906f6-3436-4d7b-ba29-fc09579eb1c8|rpc:10.1.0.11:41159|priority:1], old=null
2021-09-02 02:24:27,950 [187906f6-3436-4d7b-ba29-fc09579eb1c8@group-D6C00A4C7428-LeaderElection159] INFO  server.RaftServerConfigKeys (ConfUtils.java:logGet(44)) - raft.server.watch.timeout = 3000ms (custom)
2021-09-02 02:24:27,950 [187906f6-3436-4d7b-ba29-fc09579eb1c8@group-D6C00A4C7428-LeaderElection159] INFO  server.RaftServerConfigKeys (ConfUtils.java:logGet(44)) - raft.server.watch.timeout.denomination = 1s (default)
2021-09-02 02:24:27,950 [187906f6-3436-4d7b-ba29-fc09579eb1c8@group-D6C00A4C7428-LeaderElection159] INFO  server.RaftServerConfigKeys (ConfUtils.java:logGet(44)) - raft.server.watch.element-limit = 65536 (default)
2021-09-02 02:24:27,950 [187906f6-3436-4d7b-ba29-fc09579eb1c8@group-D6C00A4C7428-LeaderElection159] INFO  impl.RoleInfo (RoleInfo.java:updateAndGet(130)) - 187906f6-3436-4d7b-ba29-fc09579eb1c8: start 187906f6-3436-4d7b-ba29-fc09579eb1c8@group-D6C00A4C7428-LeaderStateImpl
2021-09-02 02:24:27,951 [187906f6-3436-4d7b-ba29-fc09579eb1c8@group-D6C00A4C7428-LeaderElection159] INFO  segmented.SegmentedRaftLogWorker (SegmentedRaftLogWorker.java:startLogSegment(394)) - 187906f6-3436-4d7b-ba29-fc09579eb1c8@group-D6C00A4C7428-SegmentedRaftLogWorker: Starting segment from index:0
2021-09-02 02:24:27,952 [grpc-default-executor-8] INFO  server.RaftServer$Division (RaftServerImpl.java:requestVote(1043)) - 187906f6-3436-4d7b-ba29-fc09579eb1c8@group-24BBA463E12F: receive requestVote(ELECTION, af0a5c91-f714-4dc1-a2f1-efe0e47618a1, group-24BBA463E12F, 1, (t:0, i:0))
2021-09-02 02:24:27,952 [187906f6-3436-4d7b-ba29-fc09579eb1c8@group-D6C00A4C7428-SegmentedRaftLogWorker] INFO  segmented.SegmentedRaftLogWorker (SegmentedRaftLogWorker.java:execute(601)) - 187906f6-3436-4d7b-ba29-fc09579eb1c8@group-D6C00A4C7428-SegmentedRaftLogWorker: created new log segment /home/runner/work/ozone/ozone/hadoop-ozone/integration-test/target/test-dir/MiniOzoneClusterImpl-29bc8a50-871c-4f9e-822f-1a9e32d9d7f8/datanode-4/data/ratis/b173e2a2-adb1-490c-9fdd-d6c00a4c7428/current/log_inprogress_0
2021-09-02 02:24:27,952 [grpc-default-executor-2] INFO  server.RaftServer$Division (RaftServerImpl.java:requestVote(1043)) - 3c795851-1066-4b85-8bc1-6af36b99c451@group-24BBA463E12F: receive requestVote(ELECTION, af0a5c91-f714-4dc1-a2f1-efe0e47618a1, group-24BBA463E12F, 1, (t:0, i:0))
2021-09-02 02:24:27,954 [grpc-default-executor-2] INFO  impl.VoteContext (VoteContext.java:log(48)) - 3c795851-1066-4b85-8bc1-6af36b99c451@group-24BBA463E12F-FOLLOWER: accept ELECTION from af0a5c91-f714-4dc1-a2f1-efe0e47618a1: our priority 0 <= candidate's priority 0
2021-09-02 02:24:27,954 [grpc-default-executor-2] INFO  server.RaftServer$Division (RaftServerImpl.java:setRole(285)) - 3c795851-1066-4b85-8bc1-6af36b99c451@group-24BBA463E12F: changes role from  FOLLOWER to FOLLOWER at term 1 for candidate:af0a5c91-f714-4dc1-a2f1-efe0e47618a1
2021-09-02 02:24:27,954 [grpc-default-executor-2] INFO  impl.RoleInfo (RoleInfo.java:shutdownFollowerState(108)) - 3c795851-1066-4b85-8bc1-6af36b99c451: shutdown 3c795851-1066-4b85-8bc1-6af36b99c451@group-24BBA463E12F-FollowerState
2021-09-02 02:24:27,953 [grpc-default-executor-8] INFO  impl.VoteContext (VoteContext.java:log(48)) - 187906f6-3436-4d7b-ba29-fc09579eb1c8@group-24BBA463E12F-FOLLOWER: reject ELECTION from af0a5c91-f714-4dc1-a2f1-efe0e47618a1: our priority 1 > candidate's priority 0
2021-09-02 02:24:27,955 [grpc-default-executor-8] INFO  server.RaftServer$Division (RaftServerImpl.java:setRole(285)) - 187906f6-3436-4d7b-ba29-fc09579eb1c8@group-24BBA463E12F: changes role from  FOLLOWER to FOLLOWER at term 1 for candidate:af0a5c91-f714-4dc1-a2f1-efe0e47618a1
2021-09-02 02:24:27,955 [grpc-default-executor-8] INFO  impl.RoleInfo (RoleInfo.java:shutdownFollowerState(108)) - 187906f6-3436-4d7b-ba29-fc09579eb1c8: shutdown 187906f6-3436-4d7b-ba29-fc09579eb1c8@group-24BBA463E12F-FollowerState
2021-09-02 02:24:27,973 [grpc-default-executor-8] INFO  impl.RoleInfo (RoleInfo.java:updateAndGet(130)) - 187906f6-3436-4d7b-ba29-fc09579eb1c8: start 187906f6-3436-4d7b-ba29-fc09579eb1c8@group-24BBA463E12F-FollowerState
2021-09-02 02:24:27,973 [187906f6-3436-4d7b-ba29-fc09579eb1c8@group-24BBA463E12F-FollowerState] INFO  impl.FollowerState (FollowerState.java:run(143)) - 187906f6-3436-4d7b-ba29-fc09579eb1c8@group-24BBA463E12F-FollowerState was interrupted: {}
java.lang.InterruptedException: sleep interrupted
	at java.lang.Thread.sleep(Native Method)
	at java.lang.Thread.sleep(Thread.java:340)
	at java.util.concurrent.TimeUnit.sleep(TimeUnit.java:386)
	at org.apache.ratis.util.TimeDuration.sleep(TimeDuration.java:324)
	at org.apache.ratis.util.TimeDuration.sleep(TimeDuration.java:309)
	at org.apache.ratis.server.impl.FollowerState.run(FollowerState.java:118)
2021-09-02 02:24:27,973 [187906f6-3436-4d7b-ba29-fc09579eb1c8@group-D6C00A4C7428-LeaderElection159] INFO  server.RaftServer$Division (ServerState.java:setRaftConf(387)) - 187906f6-3436-4d7b-ba29-fc09579eb1c8@group-D6C00A4C7428: set configuration 0: [187906f6-3436-4d7b-ba29-fc09579eb1c8|rpc:10.1.0.11:41159|dataStream:|priority:1], old=null
2021-09-02 02:24:27,974 [grpc-default-executor-2] INFO  impl.RoleInfo (RoleInfo.java:updateAndGet(130)) - 3c795851-1066-4b85-8bc1-6af36b99c451: start 3c795851-1066-4b85-8bc1-6af36b99c451@group-24BBA463E12F-FollowerState
2021-09-02 02:24:27,974 [3c795851-1066-4b85-8bc1-6af36b99c451@group-24BBA463E12F-FollowerState] INFO  impl.FollowerState (FollowerState.java:run(143)) - 3c795851-1066-4b85-8bc1-6af36b99c451@group-24BBA463E12F-FollowerState was interrupted: {}
java.lang.InterruptedException: sleep interrupted
	at java.lang.Thread.sleep(Native Method)
	at java.lang.Thread.sleep(Thread.java:340)
	at java.util.concurrent.TimeUnit.sleep(TimeUnit.java:386)
	at org.apache.ratis.util.TimeDuration.sleep(TimeDuration.java:324)
	at org.apache.ratis.util.TimeDuration.sleep(TimeDuration.java:309)
	at org.apache.ratis.server.impl.FollowerState.run(FollowerState.java:118)
2021-09-02 02:24:27,977 [grpc-default-executor-8] INFO  server.RaftServer$Division (RaftServerImpl.java:requestVote(1075)) - 187906f6-3436-4d7b-ba29-fc09579eb1c8@group-24BBA463E12F replies to ELECTION vote request: af0a5c91-f714-4dc1-a2f1-efe0e47618a1<-187906f6-3436-4d7b-ba29-fc09579eb1c8#0:FAIL-t1. Peer's state: 187906f6-3436-4d7b-ba29-fc09579eb1c8@group-24BBA463E12F:t1, leader=null, voted=null, raftlog=187906f6-3436-4d7b-ba29-fc09579eb1c8@group-24BBA463E12F-SegmentedRaftLog:OPENED:c-1,f-1,i0, conf=-1: [3c795851-1066-4b85-8bc1-6af36b99c451|rpc:10.1.0.11:42401|priority:0, af0a5c91-f714-4dc1-a2f1-efe0e47618a1|rpc:10.1.0.11:35001|priority:0, 187906f6-3436-4d7b-ba29-fc09579eb1c8|rpc:10.1.0.11:41159|priority:1], old=null
2021-09-02 02:24:27,978 [grpc-default-executor-2] INFO  server.RaftServer$Division (RaftServerImpl.java:requestVote(1075)) - 3c795851-1066-4b85-8bc1-6af36b99c451@group-24BBA463E12F replies to ELECTION vote request: af0a5c91-f714-4dc1-a2f1-efe0e47618a1<-3c795851-1066-4b85-8bc1-6af36b99c451#0:OK-t1. Peer's state: 3c795851-1066-4b85-8bc1-6af36b99c451@group-24BBA463E12F:t1, leader=null, voted=af0a5c91-f714-4dc1-a2f1-efe0e47618a1, raftlog=3c795851-1066-4b85-8bc1-6af36b99c451@group-24BBA463E12F-SegmentedRaftLog:OPENED:c-1,f-1,i0, conf=-1: [3c795851-1066-4b85-8bc1-6af36b99c451|rpc:10.1.0.11:42401|dataStream:|priority:0, af0a5c91-f714-4dc1-a2f1-efe0e47618a1|rpc:10.1.0.11:35001|dataStream:|priority:0, 187906f6-3436-4d7b-ba29-fc09579eb1c8|rpc:10.1.0.11:41159|dataStream:|priority:1], old=null
2021-09-02 02:24:28,014 [af0a5c91-f714-4dc1-a2f1-efe0e47618a1@group-24BBA463E12F-LeaderElection160] INFO  impl.LeaderElection (LeaderElection.java:logAndReturn(89)) - af0a5c91-f714-4dc1-a2f1-efe0e47618a1@group-24BBA463E12F-LeaderElection160: ELECTION REJECTED received 2 response(s) and 0 exception(s):
2021-09-02 02:24:28,014 [af0a5c91-f714-4dc1-a2f1-efe0e47618a1@group-24BBA463E12F-LeaderElection160] INFO  impl.LeaderElection (LeaderElection.java:logAndReturn(93)) -   Response 0: af0a5c91-f714-4dc1-a2f1-efe0e47618a1<-3c795851-1066-4b85-8bc1-6af36b99c451#0:OK-t1
2021-09-02 02:24:28,014 [af0a5c91-f714-4dc1-a2f1-efe0e47618a1@group-24BBA463E12F-LeaderElection160] INFO  impl.LeaderElection (LeaderElection.java:logAndReturn(93)) -   Response 1: af0a5c91-f714-4dc1-a2f1-efe0e47618a1<-187906f6-3436-4d7b-ba29-fc09579eb1c8#0:FAIL-t1
2021-09-02 02:24:28,014 [af0a5c91-f714-4dc1-a2f1-efe0e47618a1@group-24BBA463E12F-LeaderElection160] INFO  impl.LeaderElection (LeaderElection.java:askForVotes(308)) - af0a5c91-f714-4dc1-a2f1-efe0e47618a1@group-24BBA463E12F-LeaderElection160 ELECTION round 0: result REJECTED
2021-09-02 02:24:28,014 [af0a5c91-f714-4dc1-a2f1-efe0e47618a1@group-24BBA463E12F-LeaderElection160] INFO  server.RaftServer$Division (RaftServerImpl.java:setRole(285)) - af0a5c91-f714-4dc1-a2f1-efe0e47618a1@group-24BBA463E12F: changes role from CANDIDATE to FOLLOWER at term 1 for REJECTED
2021-09-02 02:24:28,014 [af0a5c91-f714-4dc1-a2f1-efe0e47618a1@group-24BBA463E12F-LeaderElection160] INFO  impl.RoleInfo (RoleInfo.java:shutdownLeaderElection(121)) - af0a5c91-f714-4dc1-a2f1-efe0e47618a1: shutdown af0a5c91-f714-4dc1-a2f1-efe0e47618a1@group-24BBA463E12F-LeaderElection160
2021-09-02 02:24:28,014 [af0a5c91-f714-4dc1-a2f1-efe0e47618a1@group-24BBA463E12F-LeaderElection160] INFO  impl.RoleInfo (RoleInfo.java:updateAndGet(130)) - af0a5c91-f714-4dc1-a2f1-efe0e47618a1: start af0a5c91-f714-4dc1-a2f1-efe0e47618a1@group-24BBA463E12F-FollowerState
2021-09-02 02:24:28,102 [Listener at 127.0.0.1/45645] INFO  ozone.MiniOzoneClusterImpl (MiniOzoneClusterImpl.java:lambda$waitForClusterToBeReady$0(235)) - Nodes are ready. Got 7 of 7 DN Heartbeats.
2021-09-02 02:24:28,102 [Listener at 127.0.0.1/45645] INFO  ozone.MiniOzoneClusterImpl (MiniOzoneClusterImpl.java:lambda$waitForClusterToBeReady$0(238)) - Waiting for cluster to exit safe mode
2021-09-02 02:24:28,102 [Listener at 127.0.0.1/45645] INFO  ozone.MiniOzoneClusterImpl (MiniOzoneClusterImpl.java:lambda$waitForClusterToBeReady$0(240)) - SCM became leader
2021-09-02 02:24:28,502 [3c795851-1066-4b85-8bc1-6af36b99c451@group-47194F445B8B-FollowerState] INFO  impl.FollowerState (FollowerState.java:run(134)) - 3c795851-1066-4b85-8bc1-6af36b99c451@group-47194F445B8B-FollowerState: change to CANDIDATE, lastRpcElapsedTime:5079996793ns, electionTimeout:5073ms
2021-09-02 02:24:28,502 [3c795851-1066-4b85-8bc1-6af36b99c451@group-47194F445B8B-FollowerState] INFO  impl.RoleInfo (RoleInfo.java:shutdownFollowerState(108)) - 3c795851-1066-4b85-8bc1-6af36b99c451: shutdown 3c795851-1066-4b85-8bc1-6af36b99c451@group-47194F445B8B-FollowerState
2021-09-02 02:24:28,502 [3c795851-1066-4b85-8bc1-6af36b99c451@group-47194F445B8B-FollowerState] INFO  server.RaftServer$Division (RaftServerImpl.java:setRole(285)) - 3c795851-1066-4b85-8bc1-6af36b99c451@group-47194F445B8B: changes role from  FOLLOWER to CANDIDATE at term 0 for changeToCandidate
2021-09-02 02:24:28,502 [3c795851-1066-4b85-8bc1-6af36b99c451@group-47194F445B8B-FollowerState] INFO  server.RaftServerConfigKeys (ConfUtils.java:logGet(44)) - raft.server.leaderelection.pre-vote = false (custom)
2021-09-02 02:24:28,502 [3c795851-1066-4b85-8bc1-6af36b99c451@group-47194F445B8B-FollowerState] INFO  impl.RoleInfo (RoleInfo.java:updateAndGet(130)) - 3c795851-1066-4b85-8bc1-6af36b99c451: start 3c795851-1066-4b85-8bc1-6af36b99c451@group-47194F445B8B-LeaderElection161
2021-09-02 02:24:28,550 [3c795851-1066-4b85-8bc1-6af36b99c451@group-47194F445B8B-LeaderElection161] INFO  impl.LeaderElection (LeaderElection.java:askForVotes(306)) - 3c795851-1066-4b85-8bc1-6af36b99c451@group-47194F445B8B-LeaderElection161 ELECTION round 0: submit vote requests at term 1 for -1: [3c795851-1066-4b85-8bc1-6af36b99c451|rpc:10.1.0.11:42401|priority:1], old=null
2021-09-02 02:24:28,550 [3c795851-1066-4b85-8bc1-6af36b99c451@group-47194F445B8B-LeaderElection161] INFO  impl.LeaderElection (LeaderElection.java:askForVotes(308)) - 3c795851-1066-4b85-8bc1-6af36b99c451@group-47194F445B8B-LeaderElection161 ELECTION round 0: result PASSED (term=1)
2021-09-02 02:24:28,550 [3c795851-1066-4b85-8bc1-6af36b99c451@group-47194F445B8B-LeaderElection161] INFO  impl.RoleInfo (RoleInfo.java:shutdownLeaderElection(121)) - 3c795851-1066-4b85-8bc1-6af36b99c451: shutdown 3c795851-1066-4b85-8bc1-6af36b99c451@group-47194F445B8B-LeaderElection161
2021-09-02 02:24:28,550 [3c795851-1066-4b85-8bc1-6af36b99c451@group-47194F445B8B-LeaderElection161] INFO  server.RaftServer$Division (RaftServerImpl.java:setRole(285)) - 3c795851-1066-4b85-8bc1-6af36b99c451@group-47194F445B8B: changes role from CANDIDATE to LEADER at term 1 for changeToLeader
2021-09-02 02:24:28,550 [3c795851-1066-4b85-8bc1-6af36b99c451@group-47194F445B8B-LeaderElection161] INFO  ratis.XceiverServerRatis (XceiverServerRatis.java:handleLeaderChangedNotification(861)) - Leader change notification received for group: group-47194F445B8B with new leaderId: 3c795851-1066-4b85-8bc1-6af36b99c451
2021-09-02 02:24:28,550 [3c795851-1066-4b85-8bc1-6af36b99c451@group-47194F445B8B-LeaderElection161] INFO  server.RaftServer$Division (ServerState.java:setLeader(285)) - 3c795851-1066-4b85-8bc1-6af36b99c451@group-47194F445B8B: change Leader from null to 3c795851-1066-4b85-8bc1-6af36b99c451 at term 1 for becomeLeader, leader elected after 5284ms
2021-09-02 02:24:28,550 [3c795851-1066-4b85-8bc1-6af36b99c451@group-47194F445B8B-LeaderElection161] INFO  server.RaftServerConfigKeys (ConfUtils.java:logGet(44)) - raft.server.staging.catchup.gap = 1000 (default)
2021-09-02 02:24:28,551 [3c795851-1066-4b85-8bc1-6af36b99c451@group-47194F445B8B-LeaderElection161] INFO  server.RaftServerConfigKeys (ConfUtils.java:logGet(44)) - raft.server.write.element-limit = 1024 (custom)
2021-09-02 02:24:28,551 [3c795851-1066-4b85-8bc1-6af36b99c451@group-47194F445B8B-LeaderElection161] INFO  server.RaftServerConfigKeys (ConfUtils.java:logGet(44)) - raft.server.write.byte-limit = 1024 M (=1073741824) (custom)
2021-09-02 02:24:28,551 [3c795851-1066-4b85-8bc1-6af36b99c451@group-47194F445B8B-LeaderElection161] INFO  server.RaftServerConfigKeys (ConfUtils.java:logGet(44)) - raft.server.watch.timeout = 3000ms (custom)
2021-09-02 02:24:28,551 [3c795851-1066-4b85-8bc1-6af36b99c451@group-47194F445B8B-LeaderElection161] INFO  server.RaftServerConfigKeys (ConfUtils.java:logGet(44)) - raft.server.watch.timeout.denomination = 1s (default)
2021-09-02 02:24:28,551 [3c795851-1066-4b85-8bc1-6af36b99c451@group-47194F445B8B-LeaderElection161] INFO  server.RaftServerConfigKeys (ConfUtils.java:logGet(44)) - raft.server.watch.element-limit = 65536 (default)
2021-09-02 02:24:28,551 [3c795851-1066-4b85-8bc1-6af36b99c451@group-47194F445B8B-LeaderElection161] INFO  impl.RoleInfo (RoleInfo.java:updateAndGet(130)) - 3c795851-1066-4b85-8bc1-6af36b99c451: start 3c795851-1066-4b85-8bc1-6af36b99c451@group-47194F445B8B-LeaderStateImpl
2021-09-02 02:24:28,552 [3c795851-1066-4b85-8bc1-6af36b99c451@group-47194F445B8B-LeaderElection161] INFO  segmented.SegmentedRaftLogWorker (SegmentedRaftLogWorker.java:startLogSegment(394)) - 3c795851-1066-4b85-8bc1-6af36b99c451@group-47194F445B8B-SegmentedRaftLogWorker: Starting segment from index:0
2021-09-02 02:24:28,553 [Datanode State Machine Thread - 0] WARN  statemachine.StateContext (StateContext.java:execute(621)) - No available thread in pool for past 1 seconds.
2021-09-02 02:24:28,558 [EventQueue-OpenPipelineForHealthyPipelineSafeModeRule] INFO  safemode.SCMSafeModeManager (HealthyPipelineSafeModeRule.java:process(124)) - SCM in safe mode. Healthy pipelines reported count is 0, required healthy pipeline reported count is 1
2021-09-02 02:24:28,558 [3c795851-1066-4b85-8bc1-6af36b99c451@group-47194F445B8B-SegmentedRaftLogWorker] INFO  segmented.SegmentedRaftLogWorker (SegmentedRaftLogWorker.java:execute(601)) - 3c795851-1066-4b85-8bc1-6af36b99c451@group-47194F445B8B-SegmentedRaftLogWorker: created new log segment /home/runner/work/ozone/ozone/hadoop-ozone/integration-test/target/test-dir/MiniOzoneClusterImpl-29bc8a50-871c-4f9e-822f-1a9e32d9d7f8/datanode-5/data/ratis/aea278b0-c48a-401a-b92a-47194f445b8b/current/log_inprogress_0
2021-09-02 02:24:28,593 [3c795851-1066-4b85-8bc1-6af36b99c451@group-47194F445B8B-LeaderElection161] INFO  server.RaftServer$Division (ServerState.java:setRaftConf(387)) - 3c795851-1066-4b85-8bc1-6af36b99c451@group-47194F445B8B: set configuration 0: [3c795851-1066-4b85-8bc1-6af36b99c451|rpc:10.1.0.11:42401|dataStream:|priority:1], old=null
2021-09-02 02:24:29,102 [Listener at 127.0.0.1/45645] INFO  ozone.MiniOzoneClusterImpl (MiniOzoneClusterImpl.java:lambda$waitForClusterToBeReady$0(235)) - Nodes are ready. Got 7 of 7 DN Heartbeats.
2021-09-02 02:24:29,103 [Listener at 127.0.0.1/45645] INFO  ozone.MiniOzoneClusterImpl (MiniOzoneClusterImpl.java:lambda$waitForClusterToBeReady$0(238)) - Waiting for cluster to exit safe mode
2021-09-02 02:24:29,103 [Listener at 127.0.0.1/45645] INFO  ozone.MiniOzoneClusterImpl (MiniOzoneClusterImpl.java:lambda$waitForClusterToBeReady$0(240)) - SCM became leader
2021-09-02 02:24:29,242 [b6a9cdf2-c797-4205-b508-8495e2128e9f@group-FD7F40C7DCCD-FollowerState] INFO  impl.FollowerState (FollowerState.java:run(134)) - b6a9cdf2-c797-4205-b508-8495e2128e9f@group-FD7F40C7DCCD-FollowerState: change to CANDIDATE, lastRpcElapsedTime:5111495303ns, electionTimeout:5002ms
2021-09-02 02:24:29,242 [b6a9cdf2-c797-4205-b508-8495e2128e9f@group-FD7F40C7DCCD-FollowerState] INFO  impl.RoleInfo (RoleInfo.java:shutdownFollowerState(108)) - b6a9cdf2-c797-4205-b508-8495e2128e9f: shutdown b6a9cdf2-c797-4205-b508-8495e2128e9f@group-FD7F40C7DCCD-FollowerState
2021-09-02 02:24:29,242 [b6a9cdf2-c797-4205-b508-8495e2128e9f@group-FD7F40C7DCCD-FollowerState] INFO  server.RaftServer$Division (RaftServerImpl.java:setRole(285)) - b6a9cdf2-c797-4205-b508-8495e2128e9f@group-FD7F40C7DCCD: changes role from  FOLLOWER to CANDIDATE at term 0 for changeToCandidate
2021-09-02 02:24:29,244 [b6a9cdf2-c797-4205-b508-8495e2128e9f@group-FD7F40C7DCCD-FollowerState] INFO  server.RaftServerConfigKeys (ConfUtils.java:logGet(44)) - raft.server.leaderelection.pre-vote = false (custom)
2021-09-02 02:24:29,244 [b6a9cdf2-c797-4205-b508-8495e2128e9f@group-FD7F40C7DCCD-FollowerState] INFO  impl.RoleInfo (RoleInfo.java:updateAndGet(130)) - b6a9cdf2-c797-4205-b508-8495e2128e9f: start b6a9cdf2-c797-4205-b508-8495e2128e9f@group-FD7F40C7DCCD-LeaderElection162
2021-09-02 02:24:29,338 [b6a9cdf2-c797-4205-b508-8495e2128e9f@group-FD7F40C7DCCD-LeaderElection162] INFO  impl.LeaderElection (LeaderElection.java:askForVotes(306)) - b6a9cdf2-c797-4205-b508-8495e2128e9f@group-FD7F40C7DCCD-LeaderElection162 ELECTION round 0: submit vote requests at term 1 for -1: [b6a9cdf2-c797-4205-b508-8495e2128e9f|rpc:10.1.0.11:40267|priority:1], old=null
2021-09-02 02:24:29,338 [b6a9cdf2-c797-4205-b508-8495e2128e9f@group-FD7F40C7DCCD-LeaderElection162] INFO  impl.LeaderElection (LeaderElection.java:askForVotes(308)) - b6a9cdf2-c797-4205-b508-8495e2128e9f@group-FD7F40C7DCCD-LeaderElection162 ELECTION round 0: result PASSED (term=1)
2021-09-02 02:24:29,338 [b6a9cdf2-c797-4205-b508-8495e2128e9f@group-FD7F40C7DCCD-LeaderElection162] INFO  impl.RoleInfo (RoleInfo.java:shutdownLeaderElection(121)) - b6a9cdf2-c797-4205-b508-8495e2128e9f: shutdown b6a9cdf2-c797-4205-b508-8495e2128e9f@group-FD7F40C7DCCD-LeaderElection162
2021-09-02 02:24:29,338 [b6a9cdf2-c797-4205-b508-8495e2128e9f@group-FD7F40C7DCCD-LeaderElection162] INFO  server.RaftServer$Division (RaftServerImpl.java:setRole(285)) - b6a9cdf2-c797-4205-b508-8495e2128e9f@group-FD7F40C7DCCD: changes role from CANDIDATE to LEADER at term 1 for changeToLeader
2021-09-02 02:24:29,338 [b6a9cdf2-c797-4205-b508-8495e2128e9f@group-FD7F40C7DCCD-LeaderElection162] INFO  ratis.XceiverServerRatis (XceiverServerRatis.java:handleLeaderChangedNotification(861)) - Leader change notification received for group: group-FD7F40C7DCCD with new leaderId: b6a9cdf2-c797-4205-b508-8495e2128e9f
2021-09-02 02:24:29,339 [Datanode State Machine Thread - 0] WARN  statemachine.StateContext (StateContext.java:execute(621)) - No available thread in pool for past 1 seconds.
2021-09-02 02:24:29,339 [b6a9cdf2-c797-4205-b508-8495e2128e9f@group-FD7F40C7DCCD-LeaderElection162] INFO  server.RaftServer$Division (ServerState.java:setLeader(285)) - b6a9cdf2-c797-4205-b508-8495e2128e9f@group-FD7F40C7DCCD: change Leader from null to b6a9cdf2-c797-4205-b508-8495e2128e9f at term 1 for becomeLeader, leader elected after 5215ms
2021-09-02 02:24:29,339 [b6a9cdf2-c797-4205-b508-8495e2128e9f@group-FD7F40C7DCCD-LeaderElection162] INFO  server.RaftServerConfigKeys (ConfUtils.java:logGet(44)) - raft.server.staging.catchup.gap = 1000 (default)
2021-09-02 02:24:29,339 [b6a9cdf2-c797-4205-b508-8495e2128e9f@group-FD7F40C7DCCD-LeaderElection162] INFO  server.RaftServerConfigKeys (ConfUtils.java:logGet(44)) - raft.server.write.element-limit = 1024 (custom)
2021-09-02 02:24:29,339 [b6a9cdf2-c797-4205-b508-8495e2128e9f@group-FD7F40C7DCCD-LeaderElection162] INFO  server.RaftServerConfigKeys (ConfUtils.java:logGet(44)) - raft.server.write.byte-limit = 1024 M (=1073741824) (custom)
2021-09-02 02:24:29,340 [b6a9cdf2-c797-4205-b508-8495e2128e9f@group-FD7F40C7DCCD-LeaderElection162] INFO  server.RaftServerConfigKeys (ConfUtils.java:logGet(44)) - raft.server.watch.timeout = 3000ms (custom)
2021-09-02 02:24:29,340 [b6a9cdf2-c797-4205-b508-8495e2128e9f@group-FD7F40C7DCCD-LeaderElection162] INFO  server.RaftServerConfigKeys (ConfUtils.java:logGet(44)) - raft.server.watch.timeout.denomination = 1s (default)
2021-09-02 02:24:29,340 [b6a9cdf2-c797-4205-b508-8495e2128e9f@group-FD7F40C7DCCD-LeaderElection162] INFO  server.RaftServerConfigKeys (ConfUtils.java:logGet(44)) - raft.server.watch.element-limit = 65536 (default)
2021-09-02 02:24:29,340 [b6a9cdf2-c797-4205-b508-8495e2128e9f@group-FD7F40C7DCCD-LeaderElection162] INFO  impl.RoleInfo (RoleInfo.java:updateAndGet(130)) - b6a9cdf2-c797-4205-b508-8495e2128e9f: start b6a9cdf2-c797-4205-b508-8495e2128e9f@group-FD7F40C7DCCD-LeaderStateImpl
2021-09-02 02:24:29,341 [b6a9cdf2-c797-4205-b508-8495e2128e9f@group-FD7F40C7DCCD-LeaderElection162] INFO  segmented.SegmentedRaftLogWorker (SegmentedRaftLogWorker.java:startLogSegment(394)) - b6a9cdf2-c797-4205-b508-8495e2128e9f@group-FD7F40C7DCCD-SegmentedRaftLogWorker: Starting segment from index:0
2021-09-02 02:24:29,342 [EventQueue-OpenPipelineForHealthyPipelineSafeModeRule] INFO  safemode.SCMSafeModeManager (HealthyPipelineSafeModeRule.java:process(124)) - SCM in safe mode. Healthy pipelines reported count is 0, required healthy pipeline reported count is 1
2021-09-02 02:24:29,351 [b6a9cdf2-c797-4205-b508-8495e2128e9f@group-FD7F40C7DCCD-LeaderElection162] INFO  server.RaftServer$Division (ServerState.java:setRaftConf(387)) - b6a9cdf2-c797-4205-b508-8495e2128e9f@group-FD7F40C7DCCD: set configuration 0: [b6a9cdf2-c797-4205-b508-8495e2128e9f|rpc:10.1.0.11:40267|dataStream:|priority:1], old=null
2021-09-02 02:24:29,419 [b6a9cdf2-c797-4205-b508-8495e2128e9f@group-FD7F40C7DCCD-SegmentedRaftLogWorker] INFO  segmented.SegmentedRaftLogWorker (SegmentedRaftLogWorker.java:execute(601)) - b6a9cdf2-c797-4205-b508-8495e2128e9f@group-FD7F40C7DCCD-SegmentedRaftLogWorker: created new log segment /home/runner/work/ozone/ozone/hadoop-ozone/integration-test/target/test-dir/MiniOzoneClusterImpl-29bc8a50-871c-4f9e-822f-1a9e32d9d7f8/datanode-6/data/ratis/17d60e06-c1dc-4e62-b0be-fd7f40c7dccd/current/log_inprogress_0
2021-09-02 02:24:30,075 [a378c862-060f-4c80-8a42-fa0762e0f8c9@group-6C0F8F3DFF59-FollowerState] INFO  impl.FollowerState (FollowerState.java:run(134)) - a378c862-060f-4c80-8a42-fa0762e0f8c9@group-6C0F8F3DFF59-FollowerState: change to CANDIDATE, lastRpcElapsedTime:5108864489ns, electionTimeout:5015ms
2021-09-02 02:24:30,075 [a378c862-060f-4c80-8a42-fa0762e0f8c9@group-6C0F8F3DFF59-FollowerState] INFO  impl.RoleInfo (RoleInfo.java:shutdownFollowerState(108)) - a378c862-060f-4c80-8a42-fa0762e0f8c9: shutdown a378c862-060f-4c80-8a42-fa0762e0f8c9@group-6C0F8F3DFF59-FollowerState
2021-09-02 02:24:30,075 [a378c862-060f-4c80-8a42-fa0762e0f8c9@group-6C0F8F3DFF59-FollowerState] INFO  server.RaftServer$Division (RaftServerImpl.java:setRole(285)) - a378c862-060f-4c80-8a42-fa0762e0f8c9@group-6C0F8F3DFF59: changes role from  FOLLOWER to CANDIDATE at term 1 for changeToCandidate
2021-09-02 02:24:30,075 [a378c862-060f-4c80-8a42-fa0762e0f8c9@group-6C0F8F3DFF59-FollowerState] INFO  server.RaftServerConfigKeys (ConfUtils.java:logGet(44)) - raft.server.leaderelection.pre-vote = false (custom)
2021-09-02 02:24:30,075 [a378c862-060f-4c80-8a42-fa0762e0f8c9@group-6C0F8F3DFF59-FollowerState] INFO  impl.RoleInfo (RoleInfo.java:updateAndGet(130)) - a378c862-060f-4c80-8a42-fa0762e0f8c9: start a378c862-060f-4c80-8a42-fa0762e0f8c9@group-6C0F8F3DFF59-LeaderElection163
2021-09-02 02:24:30,081 [a378c862-060f-4c80-8a42-fa0762e0f8c9@group-6C0F8F3DFF59-LeaderElection163] INFO  impl.LeaderElection (LeaderElection.java:askForVotes(306)) - a378c862-060f-4c80-8a42-fa0762e0f8c9@group-6C0F8F3DFF59-LeaderElection163 ELECTION round 0: submit vote requests at term 2 for -1: [12400696-0678-464b-ad01-faef76468be0|rpc:10.1.0.11:44187|dataStream:|priority:0, a378c862-060f-4c80-8a42-fa0762e0f8c9|rpc:10.1.0.11:42281|dataStream:|priority:1, 9fd2e81d-61d0-44de-872c-4ae9b66045fe|rpc:10.1.0.11:34541|dataStream:|priority:0], old=null
2021-09-02 02:24:30,102 [grpc-default-executor-8] INFO  server.RaftServer$Division (RaftServerImpl.java:requestVote(1043)) - 12400696-0678-464b-ad01-faef76468be0@group-6C0F8F3DFF59: receive requestVote(ELECTION, a378c862-060f-4c80-8a42-fa0762e0f8c9, group-6C0F8F3DFF59, 2, (t:0, i:0))
2021-09-02 02:24:30,102 [grpc-default-executor-8] INFO  impl.VoteContext (VoteContext.java:log(48)) - 12400696-0678-464b-ad01-faef76468be0@group-6C0F8F3DFF59-FOLLOWER: accept ELECTION from a378c862-060f-4c80-8a42-fa0762e0f8c9: our priority 0 <= candidate's priority 1
2021-09-02 02:24:30,102 [grpc-default-executor-8] INFO  server.RaftServer$Division (RaftServerImpl.java:setRole(285)) - 12400696-0678-464b-ad01-faef76468be0@group-6C0F8F3DFF59: changes role from  FOLLOWER to FOLLOWER at term 2 for candidate:a378c862-060f-4c80-8a42-fa0762e0f8c9
2021-09-02 02:24:30,102 [grpc-default-executor-8] INFO  impl.RoleInfo (RoleInfo.java:shutdownFollowerState(108)) - 12400696-0678-464b-ad01-faef76468be0: shutdown 12400696-0678-464b-ad01-faef76468be0@group-6C0F8F3DFF59-FollowerState
2021-09-02 02:24:30,102 [grpc-default-executor-8] INFO  impl.RoleInfo (RoleInfo.java:updateAndGet(130)) - 12400696-0678-464b-ad01-faef76468be0: start 12400696-0678-464b-ad01-faef76468be0@group-6C0F8F3DFF59-FollowerState
2021-09-02 02:24:30,104 [12400696-0678-464b-ad01-faef76468be0@group-6C0F8F3DFF59-FollowerState] INFO  impl.FollowerState (FollowerState.java:run(143)) - 12400696-0678-464b-ad01-faef76468be0@group-6C0F8F3DFF59-FollowerState was interrupted: {}
java.lang.InterruptedException: sleep interrupted
	at java.lang.Thread.sleep(Native Method)
	at java.lang.Thread.sleep(Thread.java:340)
	at java.util.concurrent.TimeUnit.sleep(TimeUnit.java:386)
	at org.apache.ratis.util.TimeDuration.sleep(TimeDuration.java:324)
	at org.apache.ratis.util.TimeDuration.sleep(TimeDuration.java:309)
	at org.apache.ratis.server.impl.FollowerState.run(FollowerState.java:118)
2021-09-02 02:24:30,104 [Listener at 127.0.0.1/45645] INFO  ozone.MiniOzoneClusterImpl (MiniOzoneClusterImpl.java:lambda$waitForClusterToBeReady$0(235)) - Nodes are ready. Got 7 of 7 DN Heartbeats.
2021-09-02 02:24:30,104 [Listener at 127.0.0.1/45645] INFO  ozone.MiniOzoneClusterImpl (MiniOzoneClusterImpl.java:lambda$waitForClusterToBeReady$0(238)) - Waiting for cluster to exit safe mode
2021-09-02 02:24:30,104 [Listener at 127.0.0.1/45645] INFO  ozone.MiniOzoneClusterImpl (MiniOzoneClusterImpl.java:lambda$waitForClusterToBeReady$0(240)) - SCM became leader
2021-09-02 02:24:30,104 [grpc-default-executor-2] INFO  server.RaftServer$Division (RaftServerImpl.java:requestVote(1043)) - 9fd2e81d-61d0-44de-872c-4ae9b66045fe@group-6C0F8F3DFF59: receive requestVote(ELECTION, a378c862-060f-4c80-8a42-fa0762e0f8c9, group-6C0F8F3DFF59, 2, (t:0, i:0))
2021-09-02 02:24:30,104 [grpc-default-executor-2] INFO  impl.VoteContext (VoteContext.java:log(48)) - 9fd2e81d-61d0-44de-872c-4ae9b66045fe@group-6C0F8F3DFF59-FOLLOWER: accept ELECTION from a378c862-060f-4c80-8a42-fa0762e0f8c9: our priority 0 <= candidate's priority 1
2021-09-02 02:24:30,104 [grpc-default-executor-2] INFO  server.RaftServer$Division (RaftServerImpl.java:setRole(285)) - 9fd2e81d-61d0-44de-872c-4ae9b66045fe@group-6C0F8F3DFF59: changes role from  FOLLOWER to FOLLOWER at term 2 for candidate:a378c862-060f-4c80-8a42-fa0762e0f8c9
2021-09-02 02:24:30,104 [grpc-default-executor-2] INFO  impl.RoleInfo (RoleInfo.java:shutdownFollowerState(108)) - 9fd2e81d-61d0-44de-872c-4ae9b66045fe: shutdown 9fd2e81d-61d0-44de-872c-4ae9b66045fe@group-6C0F8F3DFF59-FollowerState
2021-09-02 02:24:30,105 [grpc-default-executor-2] INFO  impl.RoleInfo (RoleInfo.java:updateAndGet(130)) - 9fd2e81d-61d0-44de-872c-4ae9b66045fe: start 9fd2e81d-61d0-44de-872c-4ae9b66045fe@group-6C0F8F3DFF59-FollowerState
2021-09-02 02:24:30,105 [grpc-default-executor-8] INFO  server.RaftServer$Division (RaftServerImpl.java:requestVote(1075)) - 12400696-0678-464b-ad01-faef76468be0@group-6C0F8F3DFF59 replies to ELECTION vote request: a378c862-060f-4c80-8a42-fa0762e0f8c9<-12400696-0678-464b-ad01-faef76468be0#0:OK-t2. Peer's state: 12400696-0678-464b-ad01-faef76468be0@group-6C0F8F3DFF59:t2, leader=null, voted=a378c862-060f-4c80-8a42-fa0762e0f8c9, raftlog=12400696-0678-464b-ad01-faef76468be0@group-6C0F8F3DFF59-SegmentedRaftLog:OPENED:c-1,f-1,i0, conf=-1: [12400696-0678-464b-ad01-faef76468be0|rpc:10.1.0.11:44187|priority:0, a378c862-060f-4c80-8a42-fa0762e0f8c9|rpc:10.1.0.11:42281|priority:1, 9fd2e81d-61d0-44de-872c-4ae9b66045fe|rpc:10.1.0.11:34541|priority:0], old=null
2021-09-02 02:24:30,119 [grpc-default-executor-2] INFO  server.RaftServer$Division (RaftServerImpl.java:requestVote(1075)) - 9fd2e81d-61d0-44de-872c-4ae9b66045fe@group-6C0F8F3DFF59 replies to ELECTION vote request: a378c862-060f-4c80-8a42-fa0762e0f8c9<-9fd2e81d-61d0-44de-872c-4ae9b66045fe#0:OK-t2. Peer's state: 9fd2e81d-61d0-44de-872c-4ae9b66045fe@group-6C0F8F3DFF59:t2, leader=null, voted=a378c862-060f-4c80-8a42-fa0762e0f8c9, raftlog=9fd2e81d-61d0-44de-872c-4ae9b66045fe@group-6C0F8F3DFF59-SegmentedRaftLog:OPENED:c-1,f-1,i0, conf=-1: [12400696-0678-464b-ad01-faef76468be0|rpc:10.1.0.11:44187|dataStream:|priority:0, a378c862-060f-4c80-8a42-fa0762e0f8c9|rpc:10.1.0.11:42281|dataStream:|priority:1, 9fd2e81d-61d0-44de-872c-4ae9b66045fe|rpc:10.1.0.11:34541|dataStream:|priority:0], old=null
2021-09-02 02:24:30,131 [9fd2e81d-61d0-44de-872c-4ae9b66045fe@group-6C0F8F3DFF59-FollowerState] INFO  impl.FollowerState (FollowerState.java:run(134)) - 9fd2e81d-61d0-44de-872c-4ae9b66045fe@group-6C0F8F3DFF59-FollowerState: change to CANDIDATE, lastRpcElapsedTime:5066091968ns, electionTimeout:5010ms
2021-09-02 02:24:30,131 [9fd2e81d-61d0-44de-872c-4ae9b66045fe@group-6C0F8F3DFF59-FollowerState] INFO  impl.RoleInfo (RoleInfo.java:shutdownFollowerState(108)) - 9fd2e81d-61d0-44de-872c-4ae9b66045fe: shutdown 9fd2e81d-61d0-44de-872c-4ae9b66045fe@group-6C0F8F3DFF59-FollowerState
2021-09-02 02:24:30,131 [9fd2e81d-61d0-44de-872c-4ae9b66045fe@group-6C0F8F3DFF59-FollowerState] INFO  server.RaftServer$Division (RaftServerImpl.java:setRole(285)) - 9fd2e81d-61d0-44de-872c-4ae9b66045fe@group-6C0F8F3DFF59: changes role from  FOLLOWER to CANDIDATE at term 2 for changeToCandidate
2021-09-02 02:24:30,131 [9fd2e81d-61d0-44de-872c-4ae9b66045fe@group-6C0F8F3DFF59-FollowerState] INFO  server.RaftServerConfigKeys (ConfUtils.java:logGet(44)) - raft.server.leaderelection.pre-vote = false (custom)
2021-09-02 02:24:30,131 [9fd2e81d-61d0-44de-872c-4ae9b66045fe@group-6C0F8F3DFF59-FollowerState] INFO  impl.RoleInfo (RoleInfo.java:updateAndGet(130)) - 9fd2e81d-61d0-44de-872c-4ae9b66045fe: start 9fd2e81d-61d0-44de-872c-4ae9b66045fe@group-6C0F8F3DFF59-LeaderElection164
2021-09-02 02:24:30,150 [9fd2e81d-61d0-44de-872c-4ae9b66045fe@group-6C0F8F3DFF59-LeaderElection164] INFO  impl.LeaderElection (LeaderElection.java:askForVotes(306)) - 9fd2e81d-61d0-44de-872c-4ae9b66045fe@group-6C0F8F3DFF59-LeaderElection164 ELECTION round 0: submit vote requests at term 3 for -1: [12400696-0678-464b-ad01-faef76468be0|rpc:10.1.0.11:44187|dataStream:|priority:0, a378c862-060f-4c80-8a42-fa0762e0f8c9|rpc:10.1.0.11:42281|dataStream:|priority:1, 9fd2e81d-61d0-44de-872c-4ae9b66045fe|rpc:10.1.0.11:34541|dataStream:|priority:0], old=null
2021-09-02 02:24:30,218 [a378c862-060f-4c80-8a42-fa0762e0f8c9@group-6C0F8F3DFF59-LeaderElection163] INFO  impl.LeaderElection (LeaderElection.java:logAndReturn(89)) - a378c862-060f-4c80-8a42-fa0762e0f8c9@group-6C0F8F3DFF59-LeaderElection163: ELECTION PASSED received 1 response(s) and 0 exception(s):
2021-09-02 02:24:30,218 [a378c862-060f-4c80-8a42-fa0762e0f8c9@group-6C0F8F3DFF59-LeaderElection163] INFO  impl.LeaderElection (LeaderElection.java:logAndReturn(93)) -   Response 0: a378c862-060f-4c80-8a42-fa0762e0f8c9<-12400696-0678-464b-ad01-faef76468be0#0:OK-t2
2021-09-02 02:24:30,218 [a378c862-060f-4c80-8a42-fa0762e0f8c9@group-6C0F8F3DFF59-LeaderElection163] INFO  impl.LeaderElection (LeaderElection.java:askForVotes(308)) - a378c862-060f-4c80-8a42-fa0762e0f8c9@group-6C0F8F3DFF59-LeaderElection163 ELECTION round 0: result PASSED
2021-09-02 02:24:30,218 [a378c862-060f-4c80-8a42-fa0762e0f8c9@group-6C0F8F3DFF59-LeaderElection163] INFO  impl.RoleInfo (RoleInfo.java:shutdownLeaderElection(121)) - a378c862-060f-4c80-8a42-fa0762e0f8c9: shutdown a378c862-060f-4c80-8a42-fa0762e0f8c9@group-6C0F8F3DFF59-LeaderElection163
2021-09-02 02:24:30,218 [a378c862-060f-4c80-8a42-fa0762e0f8c9@group-6C0F8F3DFF59-LeaderElection163] INFO  server.RaftServer$Division (RaftServerImpl.java:setRole(285)) - a378c862-060f-4c80-8a42-fa0762e0f8c9@group-6C0F8F3DFF59: changes role from CANDIDATE to LEADER at term 2 for changeToLeader
2021-09-02 02:24:30,218 [a378c862-060f-4c80-8a42-fa0762e0f8c9@group-6C0F8F3DFF59-LeaderElection163] INFO  ratis.XceiverServerRatis (XceiverServerRatis.java:handleLeaderChangedNotification(861)) - Leader change notification received for group: group-6C0F8F3DFF59 with new leaderId: a378c862-060f-4c80-8a42-fa0762e0f8c9
2021-09-02 02:24:30,218 [a378c862-060f-4c80-8a42-fa0762e0f8c9@group-6C0F8F3DFF59-LeaderElection163] INFO  server.RaftServer$Division (ServerState.java:setLeader(285)) - a378c862-060f-4c80-8a42-fa0762e0f8c9@group-6C0F8F3DFF59: change Leader from null to a378c862-060f-4c80-8a42-fa0762e0f8c9 at term 2 for becomeLeader, leader elected after 10267ms
2021-09-02 02:24:30,218 [a378c862-060f-4c80-8a42-fa0762e0f8c9@group-6C0F8F3DFF59-LeaderElection163] INFO  server.RaftServerConfigKeys (ConfUtils.java:logGet(44)) - raft.server.staging.catchup.gap = 1000 (default)
2021-09-02 02:24:30,218 [a378c862-060f-4c80-8a42-fa0762e0f8c9@group-6C0F8F3DFF59-LeaderElection163] INFO  server.RaftServerConfigKeys (ConfUtils.java:logGet(44)) - raft.server.write.element-limit = 1024 (custom)
2021-09-02 02:24:30,218 [a378c862-060f-4c80-8a42-fa0762e0f8c9@group-6C0F8F3DFF59-LeaderElection163] INFO  server.RaftServerConfigKeys (ConfUtils.java:logGet(44)) - raft.server.write.byte-limit = 1024 M (=1073741824) (custom)
2021-09-02 02:24:30,219 [a378c862-060f-4c80-8a42-fa0762e0f8c9@group-6C0F8F3DFF59-LeaderElection163] INFO  server.RaftServerConfigKeys (ConfUtils.java:logGet(44)) - raft.server.watch.timeout = 3000ms (custom)
2021-09-02 02:24:30,219 [a378c862-060f-4c80-8a42-fa0762e0f8c9@group-6C0F8F3DFF59-LeaderElection163] INFO  server.RaftServerConfigKeys (ConfUtils.java:logGet(44)) - raft.server.watch.timeout.denomination = 1s (default)
2021-09-02 02:24:30,219 [a378c862-060f-4c80-8a42-fa0762e0f8c9@group-6C0F8F3DFF59-LeaderElection163] INFO  server.RaftServerConfigKeys (ConfUtils.java:logGet(44)) - raft.server.watch.element-limit = 65536 (default)
2021-09-02 02:24:30,219 [a378c862-060f-4c80-8a42-fa0762e0f8c9@group-6C0F8F3DFF59-LeaderElection163] INFO  server.RaftServerConfigKeys (ConfUtils.java:logGet(44)) - raft.server.log.appender.snapshot.chunk.size.max = 16MB (=16777216) (default)
2021-09-02 02:24:30,219 [a378c862-060f-4c80-8a42-fa0762e0f8c9@group-6C0F8F3DFF59-LeaderElection163] INFO  server.RaftServerConfigKeys (ConfUtils.java:logGet(44)) - raft.server.log.appender.buffer.byte-limit = 33554432 (custom)
2021-09-02 02:24:30,219 [a378c862-060f-4c80-8a42-fa0762e0f8c9@group-6C0F8F3DFF59-LeaderElection163] INFO  server.RaftServerConfigKeys (ConfUtils.java:logGet(44)) - raft.server.log.appender.buffer.element-limit = 1 (custom)
2021-09-02 02:24:30,219 [a378c862-060f-4c80-8a42-fa0762e0f8c9@group-6C0F8F3DFF59-LeaderElection163] INFO  grpc.GrpcConfigKeys (ConfUtils.java:logGet(44)) - raft.grpc.server.leader.outstanding.appends.max = 128 (default)
2021-09-02 02:24:30,219 [a378c862-060f-4c80-8a42-fa0762e0f8c9@group-6C0F8F3DFF59-LeaderElection163] INFO  server.RaftServerConfigKeys (ConfUtils.java:logGet(44)) - raft.server.rpc.request.timeout = 3000ms (default)
2021-09-02 02:24:30,219 [a378c862-060f-4c80-8a42-fa0762e0f8c9@group-6C0F8F3DFF59-LeaderElection163] INFO  server.RaftServerConfigKeys (ConfUtils.java:logGet(44)) - raft.server.log.appender.install.snapshot.enabled = false (custom)
2021-09-02 02:24:30,223 [a378c862-060f-4c80-8a42-fa0762e0f8c9@group-6C0F8F3DFF59-LeaderElection163] INFO  server.RaftServerConfigKeys (ConfUtils.java:logGet(44)) - raft.server.log.appender.snapshot.chunk.size.max = 16MB (=16777216) (default)
2021-09-02 02:24:30,224 [a378c862-060f-4c80-8a42-fa0762e0f8c9@group-6C0F8F3DFF59-LeaderElection163] INFO  server.RaftServerConfigKeys (ConfUtils.java:logGet(44)) - raft.server.log.appender.buffer.byte-limit = 33554432 (custom)
2021-09-02 02:24:30,224 [a378c862-060f-4c80-8a42-fa0762e0f8c9@group-6C0F8F3DFF59-LeaderElection163] INFO  server.RaftServerConfigKeys (ConfUtils.java:logGet(44)) - raft.server.log.appender.buffer.element-limit = 1 (custom)
2021-09-02 02:24:30,224 [a378c862-060f-4c80-8a42-fa0762e0f8c9@group-6C0F8F3DFF59-LeaderElection163] INFO  grpc.GrpcConfigKeys (ConfUtils.java:logGet(44)) - raft.grpc.server.leader.outstanding.appends.max = 128 (default)
2021-09-02 02:24:30,224 [a378c862-060f-4c80-8a42-fa0762e0f8c9@group-6C0F8F3DFF59-LeaderElection163] INFO  server.RaftServerConfigKeys (ConfUtils.java:logGet(44)) - raft.server.rpc.request.timeout = 3000ms (default)
2021-09-02 02:24:30,224 [a378c862-060f-4c80-8a42-fa0762e0f8c9@group-6C0F8F3DFF59-LeaderElection163] INFO  server.RaftServerConfigKeys (ConfUtils.java:logGet(44)) - raft.server.log.appender.install.snapshot.enabled = false (custom)
2021-09-02 02:24:30,233 [Datanode State Machine Thread - 0] WARN  statemachine.StateContext (StateContext.java:execute(621)) - No available thread in pool for past 1 seconds.
2021-09-02 02:24:30,238 [EventQueue-PipelineReportForPipelineReportHandler] INFO  pipeline.PipelineManagerImpl (PipelineManagerImpl.java:openPipeline(282)) - Pipeline Pipeline[ Id: b210389a-7593-42c4-b1fe-6c0f8f3dff59, Nodes: a378c862-060f-4c80-8a42-fa0762e0f8c9{ip: 10.1.0.11, host: fv-az195-103.u3nnjwd0vyge1bu22idnsdeq2e.cx.internal.cloudapp.net, ports: [REPLICATION=35779, RATIS=42281, RATIS_ADMIN=42281, RATIS_SERVER=42281, STANDALONE=39649], networkLocation: /default-rack, certSerialId: null, persistedOpState: IN_SERVICE, persistedOpStateExpiryEpochSec: 0}9fd2e81d-61d0-44de-872c-4ae9b66045fe{ip: 10.1.0.11, host: fv-az195-103.u3nnjwd0vyge1bu22idnsdeq2e.cx.internal.cloudapp.net, ports: [REPLICATION=43381, RATIS=34541, RATIS_ADMIN=34541, RATIS_SERVER=34541, STANDALONE=35945], networkLocation: /default-rack, certSerialId: null, persistedOpState: IN_SERVICE, persistedOpStateExpiryEpochSec: 0}12400696-0678-464b-ad01-faef76468be0{ip: 10.1.0.11, host: fv-az195-103.u3nnjwd0vyge1bu22idnsdeq2e.cx.internal.cloudapp.net, ports: [REPLICATION=34965, RATIS=44187, RATIS_ADMIN=44187, RATIS_SERVER=44187, STANDALONE=33307], networkLocation: /default-rack, certSerialId: null, persistedOpState: IN_SERVICE, persistedOpStateExpiryEpochSec: 0}, ReplicationConfig: RATIS/THREE, State:ALLOCATED, leaderId:a378c862-060f-4c80-8a42-fa0762e0f8c9, CreationTimestamp2021-09-02T02:24:17.887Z[Etc/UTC]] moved to OPEN state
2021-09-02 02:24:30,238 [EventQueue-OpenPipelineForHealthyPipelineSafeModeRule] INFO  safemode.SCMSafeModeManager (HealthyPipelineSafeModeRule.java:process(124)) - SCM in safe mode. Healthy pipelines reported count is 0, required healthy pipeline reported count is 1
2021-09-02 02:24:30,238 [EventQueue-OpenPipelineForHealthyPipelineSafeModeRule] INFO  safemode.SCMSafeModeManager (HealthyPipelineSafeModeRule.java:process(124)) - SCM in safe mode. Healthy pipelines reported count is 1, required healthy pipeline reported count is 1
2021-09-02 02:24:30,238 [EventQueue-OpenPipelineForHealthyPipelineSafeModeRule] INFO  safemode.SCMSafeModeManager (SCMSafeModeManager.java:validateSafeModeExitRules(204)) - HealthyPipelineSafeModeRule rule is successfully validated
2021-09-02 02:24:30,238 [EventQueue-OpenPipelineForHealthyPipelineSafeModeRule] INFO  safemode.SCMSafeModeManager (SCMSafeModeManager.java:validateSafeModeExitRules(219)) - ScmSafeModeManager, all rules are successfully validated
2021-09-02 02:24:30,238 [EventQueue-OpenPipelineForHealthyPipelineSafeModeRule] INFO  safemode.SCMSafeModeManager (SCMSafeModeManager.java:exitSafeMode(248)) - SCM exiting safe mode.
2021-09-02 02:24:30,238 [EventQueue-OpenPipelineForHealthyPipelineSafeModeRule] WARN  events.EventQueue (EventQueue.java:fireEvent(194)) - No event handler registered for event TypedEvent{payloadType=SafeModeStatus, name='Safe mode status'}
2021-09-02 02:24:30,238 [EventQueue-OpenPipelineForHealthyPipelineSafeModeRule] INFO  ha.SCMContext (SCMContext.java:updateSafeModeStatus(205)) - Update SafeModeStatus from SafeModeStatus{safeModeStatus=true, preCheckPassed=true} to SafeModeStatus{safeModeStatus=false, preCheckPassed=true}.
2021-09-02 02:24:30,238 [EventQueue-OpenPipelineForHealthyPipelineSafeModeRule] INFO  pipeline.BackgroundPipelineCreator (BackgroundPipelineCreatorV2.java:notifyStatusChanged(264)) - Service BackgroundPipelineCreator transitions to RUNNING.
2021-09-02 02:24:30,239 [EventQueue-OpenPipelineForHealthyPipelineSafeModeRule] INFO  container.ReplicationManager (ReplicationManager.java:notifyStatusChanged(1722)) - Service ReplicationManager transitions to RUNNING.
2021-09-02 02:24:30,247 [grpc-default-executor-2] INFO  server.RaftServer$Division (RaftServerImpl.java:requestVote(1043)) - a378c862-060f-4c80-8a42-fa0762e0f8c9@group-6C0F8F3DFF59: receive requestVote(ELECTION, 9fd2e81d-61d0-44de-872c-4ae9b66045fe, group-6C0F8F3DFF59, 3, (t:0, i:0))
2021-09-02 02:24:30,286 [a378c862-060f-4c80-8a42-fa0762e0f8c9@group-6C0F8F3DFF59-LeaderElection163] INFO  impl.RoleInfo (RoleInfo.java:updateAndGet(130)) - a378c862-060f-4c80-8a42-fa0762e0f8c9: start a378c862-060f-4c80-8a42-fa0762e0f8c9@group-6C0F8F3DFF59-LeaderStateImpl
2021-09-02 02:24:30,286 [grpc-default-executor-8] INFO  server.RaftServer$Division (RaftServerImpl.java:requestVote(1043)) - 12400696-0678-464b-ad01-faef76468be0@group-6C0F8F3DFF59: receive requestVote(ELECTION, 9fd2e81d-61d0-44de-872c-4ae9b66045fe, group-6C0F8F3DFF59, 3, (t:0, i:0))
2021-09-02 02:24:30,286 [grpc-default-executor-8] INFO  impl.VoteContext (VoteContext.java:log(48)) - 12400696-0678-464b-ad01-faef76468be0@group-6C0F8F3DFF59-FOLLOWER: accept ELECTION from 9fd2e81d-61d0-44de-872c-4ae9b66045fe: our priority 0 <= candidate's priority 0
2021-09-02 02:24:30,286 [grpc-default-executor-8] INFO  server.RaftServer$Division (RaftServerImpl.java:setRole(285)) - 12400696-0678-464b-ad01-faef76468be0@group-6C0F8F3DFF59: changes role from  FOLLOWER to FOLLOWER at term 3 for candidate:9fd2e81d-61d0-44de-872c-4ae9b66045fe
2021-09-02 02:24:30,286 [grpc-default-executor-8] INFO  impl.RoleInfo (RoleInfo.java:shutdownFollowerState(108)) - 12400696-0678-464b-ad01-faef76468be0: shutdown 12400696-0678-464b-ad01-faef76468be0@group-6C0F8F3DFF59-FollowerState
2021-09-02 02:24:30,286 [grpc-default-executor-8] INFO  impl.RoleInfo (RoleInfo.java:updateAndGet(130)) - 12400696-0678-464b-ad01-faef76468be0: start 12400696-0678-464b-ad01-faef76468be0@group-6C0F8F3DFF59-FollowerState
2021-09-02 02:24:30,287 [a378c862-060f-4c80-8a42-fa0762e0f8c9@group-6C0F8F3DFF59-LeaderElection163] INFO  segmented.SegmentedRaftLogWorker (SegmentedRaftLogWorker.java:startLogSegment(394)) - a378c862-060f-4c80-8a42-fa0762e0f8c9@group-6C0F8F3DFF59-SegmentedRaftLogWorker: Starting segment from index:0
2021-09-02 02:24:30,289 [12400696-0678-464b-ad01-faef76468be0@group-6C0F8F3DFF59-FollowerState] INFO  impl.FollowerState (FollowerState.java:run(143)) - 12400696-0678-464b-ad01-faef76468be0@group-6C0F8F3DFF59-FollowerState was interrupted: {}
java.lang.InterruptedException: sleep interrupted
	at java.lang.Thread.sleep(Native Method)
	at java.lang.Thread.sleep(Thread.java:340)
	at java.util.concurrent.TimeUnit.sleep(TimeUnit.java:386)
	at org.apache.ratis.util.TimeDuration.sleep(TimeDuration.java:324)
	at org.apache.ratis.util.TimeDuration.sleep(TimeDuration.java:309)
	at org.apache.ratis.server.impl.FollowerState.run(FollowerState.java:118)
2021-09-02 02:24:30,290 [grpc-default-executor-8] INFO  server.RaftServer$Division (RaftServerImpl.java:requestVote(1075)) - 12400696-0678-464b-ad01-faef76468be0@group-6C0F8F3DFF59 replies to ELECTION vote request: 9fd2e81d-61d0-44de-872c-4ae9b66045fe<-12400696-0678-464b-ad01-faef76468be0#0:OK-t3. Peer's state: 12400696-0678-464b-ad01-faef76468be0@group-6C0F8F3DFF59:t3, leader=null, voted=9fd2e81d-61d0-44de-872c-4ae9b66045fe, raftlog=12400696-0678-464b-ad01-faef76468be0@group-6C0F8F3DFF59-SegmentedRaftLog:OPENED:c-1,f-1,i0, conf=-1: [12400696-0678-464b-ad01-faef76468be0|rpc:10.1.0.11:44187|priority:0, a378c862-060f-4c80-8a42-fa0762e0f8c9|rpc:10.1.0.11:42281|priority:1, 9fd2e81d-61d0-44de-872c-4ae9b66045fe|rpc:10.1.0.11:34541|priority:0], old=null
2021-09-02 02:24:30,292 [a378c862-060f-4c80-8a42-fa0762e0f8c9@group-6C0F8F3DFF59-SegmentedRaftLogWorker] INFO  segmented.SegmentedRaftLogWorker (SegmentedRaftLogWorker.java:execute(601)) - a378c862-060f-4c80-8a42-fa0762e0f8c9@group-6C0F8F3DFF59-SegmentedRaftLogWorker: created new log segment /home/runner/work/ozone/ozone/hadoop-ozone/integration-test/target/test-dir/MiniOzoneClusterImpl-29bc8a50-871c-4f9e-822f-1a9e32d9d7f8/datanode-1/data/ratis/b210389a-7593-42c4-b1fe-6c0f8f3dff59/current/log_inprogress_0
2021-09-02 02:24:30,299 [a378c862-060f-4c80-8a42-fa0762e0f8c9@group-6C0F8F3DFF59-LeaderElection163] INFO  server.RaftServer$Division (ServerState.java:setRaftConf(387)) - a378c862-060f-4c80-8a42-fa0762e0f8c9@group-6C0F8F3DFF59: set configuration 0: [12400696-0678-464b-ad01-faef76468be0|rpc:10.1.0.11:44187|dataStream:|priority:0, a378c862-060f-4c80-8a42-fa0762e0f8c9|rpc:10.1.0.11:42281|dataStream:|priority:1, 9fd2e81d-61d0-44de-872c-4ae9b66045fe|rpc:10.1.0.11:34541|dataStream:|priority:0], old=null
2021-09-02 02:24:30,366 [a378c862-060f-4c80-8a42-fa0762e0f8c9@group-6C0F8F3DFF59-LeaderStateImpl] INFO  server.RaftServer$Division (ServerState.java:setLeader(285)) - a378c862-060f-4c80-8a42-fa0762e0f8c9@group-6C0F8F3DFF59: change Leader from a378c862-060f-4c80-8a42-fa0762e0f8c9 to null at term 3 for updateCurrentTerm
2021-09-02 02:24:30,366 [a378c862-060f-4c80-8a42-fa0762e0f8c9@group-6C0F8F3DFF59-LeaderStateImpl] INFO  server.RaftServer$Division (RaftServerImpl.java:setRole(285)) - a378c862-060f-4c80-8a42-fa0762e0f8c9@group-6C0F8F3DFF59: changes role from    LEADER to FOLLOWER at term 3 for StepDownReason:HIGHER_TERM
2021-09-02 02:24:30,366 [a378c862-060f-4c80-8a42-fa0762e0f8c9@group-6C0F8F3DFF59-LeaderStateImpl] INFO  impl.RoleInfo (RoleInfo.java:shutdownLeaderState(91)) - a378c862-060f-4c80-8a42-fa0762e0f8c9: shutdown a378c862-060f-4c80-8a42-fa0762e0f8c9@group-6C0F8F3DFF59-LeaderStateImpl
2021-09-02 02:24:30,366 [a378c862-060f-4c80-8a42-fa0762e0f8c9@group-6C0F8F3DFF59-LeaderStateImpl] INFO  impl.PendingRequests (PendingRequests.java:sendNotLeaderResponses(282)) - a378c862-060f-4c80-8a42-fa0762e0f8c9@group-6C0F8F3DFF59-PendingRequests: sendNotLeaderResponses
2021-09-02 02:24:30,367 [a378c862-060f-4c80-8a42-fa0762e0f8c9@group-6C0F8F3DFF59-LeaderStateImpl] INFO  impl.RoleInfo (RoleInfo.java:updateAndGet(130)) - a378c862-060f-4c80-8a42-fa0762e0f8c9: start a378c862-060f-4c80-8a42-fa0762e0f8c9@group-6C0F8F3DFF59-FollowerState
2021-09-02 02:24:30,427 [grpc-default-executor-8] INFO  server.GrpcServerProtocolService (GrpcServerProtocolService.java:onCompleted(140)) - 12400696-0678-464b-ad01-faef76468be0: Completed APPEND_ENTRIES, lastRequest: a378c862-060f-4c80-8a42-fa0762e0f8c9->12400696-0678-464b-ad01-faef76468be0#1-t2,previous=(t:0, i:0),leaderCommit=0,initializing? true,entries: size=1, first=(t:2, i:0), CONFIGURATIONENTRY
2021-09-02 02:24:30,428 [grpc-default-executor-7] INFO  server.GrpcServerProtocolService (GrpcServerProtocolService.java:onCompleted(140)) - 9fd2e81d-61d0-44de-872c-4ae9b66045fe: Completed APPEND_ENTRIES, lastRequest: a378c862-060f-4c80-8a42-fa0762e0f8c9->9fd2e81d-61d0-44de-872c-4ae9b66045fe#1-t2,previous=(t:0, i:0),leaderCommit=0,initializing? true,entries: size=1, first=(t:2, i:0), CONFIGURATIONENTRY
2021-09-02 02:24:30,456 [grpc-default-executor-2] INFO  impl.VoteContext (VoteContext.java:log(48)) - a378c862-060f-4c80-8a42-fa0762e0f8c9@group-6C0F8F3DFF59-FOLLOWER: reject ELECTION from 9fd2e81d-61d0-44de-872c-4ae9b66045fe: our last entry (t:2, i:0) > candidate's last entry (t:0, i:0)
2021-09-02 02:24:30,456 [grpc-default-executor-2] INFO  server.RaftServer$Division (RaftServerImpl.java:setRole(285)) - a378c862-060f-4c80-8a42-fa0762e0f8c9@group-6C0F8F3DFF59: changes role from  FOLLOWER to FOLLOWER at term 3 for candidate:9fd2e81d-61d0-44de-872c-4ae9b66045fe
2021-09-02 02:24:30,456 [grpc-default-executor-2] INFO  impl.RoleInfo (RoleInfo.java:shutdownFollowerState(108)) - a378c862-060f-4c80-8a42-fa0762e0f8c9: shutdown a378c862-060f-4c80-8a42-fa0762e0f8c9@group-6C0F8F3DFF59-FollowerState
2021-09-02 02:24:30,456 [grpc-default-executor-2] INFO  impl.RoleInfo (RoleInfo.java:updateAndGet(130)) - a378c862-060f-4c80-8a42-fa0762e0f8c9: start a378c862-060f-4c80-8a42-fa0762e0f8c9@group-6C0F8F3DFF59-FollowerState
2021-09-02 02:24:30,456 [a378c862-060f-4c80-8a42-fa0762e0f8c9@group-6C0F8F3DFF59-FollowerState] INFO  impl.FollowerState (FollowerState.java:run(143)) - a378c862-060f-4c80-8a42-fa0762e0f8c9@group-6C0F8F3DFF59-FollowerState was interrupted: {}
java.lang.InterruptedException: sleep interrupted
	at java.lang.Thread.sleep(Native Method)
	at java.lang.Thread.sleep(Thread.java:340)
	at java.util.concurrent.TimeUnit.sleep(TimeUnit.java:386)
	at org.apache.ratis.util.TimeDuration.sleep(TimeDuration.java:324)
	at org.apache.ratis.util.TimeDuration.sleep(TimeDuration.java:309)
	at org.apache.ratis.server.impl.FollowerState.run(FollowerState.java:118)
2021-09-02 02:24:30,473 [grpc-default-executor-2] INFO  server.RaftServer$Division (RaftServerImpl.java:requestVote(1075)) - a378c862-060f-4c80-8a42-fa0762e0f8c9@group-6C0F8F3DFF59 replies to ELECTION vote request: 9fd2e81d-61d0-44de-872c-4ae9b66045fe<-a378c862-060f-4c80-8a42-fa0762e0f8c9#0:FAIL-t3. Peer's state: a378c862-060f-4c80-8a42-fa0762e0f8c9@group-6C0F8F3DFF59:t3, leader=null, voted=null, raftlog=a378c862-060f-4c80-8a42-fa0762e0f8c9@group-6C0F8F3DFF59-SegmentedRaftLog:OPENED:c0,f0,i0, conf=0: [12400696-0678-464b-ad01-faef76468be0|rpc:10.1.0.11:44187|dataStream:|priority:0, a378c862-060f-4c80-8a42-fa0762e0f8c9|rpc:10.1.0.11:42281|dataStream:|priority:1, 9fd2e81d-61d0-44de-872c-4ae9b66045fe|rpc:10.1.0.11:34541|dataStream:|priority:0], old=null
2021-09-02 02:24:30,474 [9fd2e81d-61d0-44de-872c-4ae9b66045fe@group-6C0F8F3DFF59-LeaderElection164] INFO  impl.LeaderElection (LeaderElection.java:logAndReturn(89)) - 9fd2e81d-61d0-44de-872c-4ae9b66045fe@group-6C0F8F3DFF59-LeaderElection164: ELECTION REJECTED received 2 response(s) and 0 exception(s):
2021-09-02 02:24:30,474 [9fd2e81d-61d0-44de-872c-4ae9b66045fe@group-6C0F8F3DFF59-LeaderElection164] INFO  impl.LeaderElection (LeaderElection.java:logAndReturn(93)) -   Response 0: 9fd2e81d-61d0-44de-872c-4ae9b66045fe<-12400696-0678-464b-ad01-faef76468be0#0:OK-t3
2021-09-02 02:24:30,474 [9fd2e81d-61d0-44de-872c-4ae9b66045fe@group-6C0F8F3DFF59-LeaderElection164] INFO  impl.LeaderElection (LeaderElection.java:logAndReturn(93)) -   Response 1: 9fd2e81d-61d0-44de-872c-4ae9b66045fe<-a378c862-060f-4c80-8a42-fa0762e0f8c9#0:FAIL-t3
2021-09-02 02:24:30,474 [9fd2e81d-61d0-44de-872c-4ae9b66045fe@group-6C0F8F3DFF59-LeaderElection164] INFO  impl.LeaderElection (LeaderElection.java:askForVotes(308)) - 9fd2e81d-61d0-44de-872c-4ae9b66045fe@group-6C0F8F3DFF59-LeaderElection164 ELECTION round 0: result REJECTED
2021-09-02 02:24:30,474 [9fd2e81d-61d0-44de-872c-4ae9b66045fe@group-6C0F8F3DFF59-LeaderElection164] INFO  server.RaftServer$Division (RaftServerImpl.java:setRole(285)) - 9fd2e81d-61d0-44de-872c-4ae9b66045fe@group-6C0F8F3DFF59: changes role from CANDIDATE to FOLLOWER at term 3 for REJECTED
2021-09-02 02:24:30,474 [9fd2e81d-61d0-44de-872c-4ae9b66045fe@group-6C0F8F3DFF59-LeaderElection164] INFO  impl.RoleInfo (RoleInfo.java:shutdownLeaderElection(121)) - 9fd2e81d-61d0-44de-872c-4ae9b66045fe: shutdown 9fd2e81d-61d0-44de-872c-4ae9b66045fe@group-6C0F8F3DFF59-LeaderElection164
2021-09-02 02:24:30,474 [9fd2e81d-61d0-44de-872c-4ae9b66045fe@group-6C0F8F3DFF59-LeaderElection164] INFO  impl.RoleInfo (RoleInfo.java:updateAndGet(130)) - 9fd2e81d-61d0-44de-872c-4ae9b66045fe: start 9fd2e81d-61d0-44de-872c-4ae9b66045fe@group-6C0F8F3DFF59-FollowerState
2021-09-02 02:24:30,477 [grpc-default-executor-6] INFO  server.GrpcLogAppender (GrpcLogAppender.java:onCompleted(344)) - a378c862-060f-4c80-8a42-fa0762e0f8c9@group-6C0F8F3DFF59->12400696-0678-464b-ad01-faef76468be0-AppendLogResponseHandler: follower responses appendEntries COMPLETED
2021-09-02 02:24:30,478 [grpc-default-executor-6] INFO  leader.FollowerInfo (FollowerInfoImpl.java:lambda$new$0(46)) - a378c862-060f-4c80-8a42-fa0762e0f8c9@group-6C0F8F3DFF59->12400696-0678-464b-ad01-faef76468be0: nextIndex: updateUnconditionally 1 -> 0
2021-09-02 02:24:30,478 [grpc-default-executor-6] INFO  server.GrpcLogAppender (GrpcLogAppender.java:onCompleted(344)) - a378c862-060f-4c80-8a42-fa0762e0f8c9@group-6C0F8F3DFF59->9fd2e81d-61d0-44de-872c-4ae9b66045fe-AppendLogResponseHandler: follower responses appendEntries COMPLETED
2021-09-02 02:24:30,478 [grpc-default-executor-6] INFO  leader.FollowerInfo (FollowerInfoImpl.java:lambda$new$0(46)) - a378c862-060f-4c80-8a42-fa0762e0f8c9@group-6C0F8F3DFF59->9fd2e81d-61d0-44de-872c-4ae9b66045fe: nextIndex: updateUnconditionally 1 -> 0
2021-09-02 02:24:30,697 [12400696-0678-464b-ad01-faef76468be0@group-B85448540D00-FollowerState] INFO  impl.FollowerState (FollowerState.java:run(134)) - 12400696-0678-464b-ad01-faef76468be0@group-B85448540D00-FollowerState: change to CANDIDATE, lastRpcElapsedTime:5087438415ns, electionTimeout:5057ms
2021-09-02 02:24:30,697 [12400696-0678-464b-ad01-faef76468be0@group-B85448540D00-FollowerState] INFO  impl.RoleInfo (RoleInfo.java:shutdownFollowerState(108)) - 12400696-0678-464b-ad01-faef76468be0: shutdown 12400696-0678-464b-ad01-faef76468be0@group-B85448540D00-FollowerState
2021-09-02 02:24:30,697 [12400696-0678-464b-ad01-faef76468be0@group-B85448540D00-FollowerState] INFO  server.RaftServer$Division (RaftServerImpl.java:setRole(285)) - 12400696-0678-464b-ad01-faef76468be0@group-B85448540D00: changes role from  FOLLOWER to CANDIDATE at term 1 for changeToCandidate
2021-09-02 02:24:30,698 [12400696-0678-464b-ad01-faef76468be0@group-B85448540D00-FollowerState] INFO  server.RaftServerConfigKeys (ConfUtils.java:logGet(44)) - raft.server.leaderelection.pre-vote = false (custom)
2021-09-02 02:24:30,698 [12400696-0678-464b-ad01-faef76468be0@group-B85448540D00-FollowerState] INFO  impl.RoleInfo (RoleInfo.java:updateAndGet(130)) - 12400696-0678-464b-ad01-faef76468be0: start 12400696-0678-464b-ad01-faef76468be0@group-B85448540D00-LeaderElection165
2021-09-02 02:24:30,710 [12400696-0678-464b-ad01-faef76468be0@group-B85448540D00-LeaderElection165] INFO  impl.LeaderElection (LeaderElection.java:askForVotes(306)) - 12400696-0678-464b-ad01-faef76468be0@group-B85448540D00-LeaderElection165 ELECTION round 0: submit vote requests at term 2 for -1: [12400696-0678-464b-ad01-faef76468be0|rpc:10.1.0.11:44187|priority:0, a378c862-060f-4c80-8a42-fa0762e0f8c9|rpc:10.1.0.11:42281|priority:0, 9fd2e81d-61d0-44de-872c-4ae9b66045fe|rpc:10.1.0.11:34541|priority:1], old=null
2021-09-02 02:24:30,737 [grpc-default-executor-6] INFO  server.RaftServer$Division (RaftServerImpl.java:requestVote(1043)) - a378c862-060f-4c80-8a42-fa0762e0f8c9@group-B85448540D00: receive requestVote(ELECTION, 12400696-0678-464b-ad01-faef76468be0, group-B85448540D00, 2, (t:0, i:0))
2021-09-02 02:24:30,737 [grpc-default-executor-6] INFO  impl.VoteContext (VoteContext.java:log(48)) - a378c862-060f-4c80-8a42-fa0762e0f8c9@group-B85448540D00-FOLLOWER: accept ELECTION from 12400696-0678-464b-ad01-faef76468be0: our priority 0 <= candidate's priority 0
2021-09-02 02:24:30,737 [grpc-default-executor-6] INFO  server.RaftServer$Division (RaftServerImpl.java:setRole(285)) - a378c862-060f-4c80-8a42-fa0762e0f8c9@group-B85448540D00: changes role from  FOLLOWER to FOLLOWER at term 2 for candidate:12400696-0678-464b-ad01-faef76468be0
2021-09-02 02:24:30,737 [grpc-default-executor-6] INFO  impl.RoleInfo (RoleInfo.java:shutdownFollowerState(108)) - a378c862-060f-4c80-8a42-fa0762e0f8c9: shutdown a378c862-060f-4c80-8a42-fa0762e0f8c9@group-B85448540D00-FollowerState
2021-09-02 02:24:30,738 [grpc-default-executor-6] INFO  impl.RoleInfo (RoleInfo.java:updateAndGet(130)) - a378c862-060f-4c80-8a42-fa0762e0f8c9: start a378c862-060f-4c80-8a42-fa0762e0f8c9@group-B85448540D00-FollowerState
2021-09-02 02:24:30,741 [a378c862-060f-4c80-8a42-fa0762e0f8c9@group-B85448540D00-FollowerState] INFO  impl.FollowerState (FollowerState.java:run(143)) - a378c862-060f-4c80-8a42-fa0762e0f8c9@group-B85448540D00-FollowerState was interrupted: {}
java.lang.InterruptedException: sleep interrupted
	at java.lang.Thread.sleep(Native Method)
	at java.lang.Thread.sleep(Thread.java:340)
	at java.util.concurrent.TimeUnit.sleep(TimeUnit.java:386)
	at org.apache.ratis.util.TimeDuration.sleep(TimeDuration.java:324)
	at org.apache.ratis.util.TimeDuration.sleep(TimeDuration.java:309)
	at org.apache.ratis.server.impl.FollowerState.run(FollowerState.java:118)
2021-09-02 02:24:30,745 [grpc-default-executor-9] INFO  server.RaftServer$Division (RaftServerImpl.java:requestVote(1043)) - 9fd2e81d-61d0-44de-872c-4ae9b66045fe@group-B85448540D00: receive requestVote(ELECTION, 12400696-0678-464b-ad01-faef76468be0, group-B85448540D00, 2, (t:0, i:0))
2021-09-02 02:24:30,745 [grpc-default-executor-9] INFO  impl.VoteContext (VoteContext.java:log(48)) - 9fd2e81d-61d0-44de-872c-4ae9b66045fe@group-B85448540D00-FOLLOWER: reject ELECTION from 12400696-0678-464b-ad01-faef76468be0: our priority 1 > candidate's priority 0
2021-09-02 02:24:30,746 [grpc-default-executor-9] INFO  server.RaftServer$Division (RaftServerImpl.java:setRole(285)) - 9fd2e81d-61d0-44de-872c-4ae9b66045fe@group-B85448540D00: changes role from  FOLLOWER to FOLLOWER at term 2 for candidate:12400696-0678-464b-ad01-faef76468be0
2021-09-02 02:24:30,746 [grpc-default-executor-9] INFO  impl.RoleInfo (RoleInfo.java:shutdownFollowerState(108)) - 9fd2e81d-61d0-44de-872c-4ae9b66045fe: shutdown 9fd2e81d-61d0-44de-872c-4ae9b66045fe@group-B85448540D00-FollowerState
2021-09-02 02:24:30,746 [grpc-default-executor-9] INFO  impl.RoleInfo (RoleInfo.java:updateAndGet(130)) - 9fd2e81d-61d0-44de-872c-4ae9b66045fe: start 9fd2e81d-61d0-44de-872c-4ae9b66045fe@group-B85448540D00-FollowerState
2021-09-02 02:24:30,746 [9fd2e81d-61d0-44de-872c-4ae9b66045fe@group-B85448540D00-FollowerState] INFO  impl.FollowerState (FollowerState.java:run(143)) - 9fd2e81d-61d0-44de-872c-4ae9b66045fe@group-B85448540D00-FollowerState was interrupted: {}
java.lang.InterruptedException: sleep interrupted
	at java.lang.Thread.sleep(Native Method)
	at java.lang.Thread.sleep(Thread.java:340)
	at java.util.concurrent.TimeUnit.sleep(TimeUnit.java:386)
	at org.apache.ratis.util.TimeDuration.sleep(TimeDuration.java:324)
	at org.apache.ratis.util.TimeDuration.sleep(TimeDuration.java:309)
	at org.apache.ratis.server.impl.FollowerState.run(FollowerState.java:118)
2021-09-02 02:24:30,753 [grpc-default-executor-6] INFO  server.RaftServer$Division (RaftServerImpl.java:requestVote(1075)) - a378c862-060f-4c80-8a42-fa0762e0f8c9@group-B85448540D00 replies to ELECTION vote request: 12400696-0678-464b-ad01-faef76468be0<-a378c862-060f-4c80-8a42-fa0762e0f8c9#0:OK-t2. Peer's state: a378c862-060f-4c80-8a42-fa0762e0f8c9@group-B85448540D00:t2, leader=null, voted=12400696-0678-464b-ad01-faef76468be0, raftlog=a378c862-060f-4c80-8a42-fa0762e0f8c9@group-B85448540D00-SegmentedRaftLog:OPENED:c-1,f-1,i0, conf=-1: [12400696-0678-464b-ad01-faef76468be0|rpc:10.1.0.11:44187|priority:0, a378c862-060f-4c80-8a42-fa0762e0f8c9|rpc:10.1.0.11:42281|priority:0, 9fd2e81d-61d0-44de-872c-4ae9b66045fe|rpc:10.1.0.11:34541|priority:1], old=null
2021-09-02 02:24:30,799 [grpc-default-executor-9] INFO  server.RaftServer$Division (RaftServerImpl.java:requestVote(1075)) - 9fd2e81d-61d0-44de-872c-4ae9b66045fe@group-B85448540D00 replies to ELECTION vote request: 12400696-0678-464b-ad01-faef76468be0<-9fd2e81d-61d0-44de-872c-4ae9b66045fe#0:FAIL-t2. Peer's state: 9fd2e81d-61d0-44de-872c-4ae9b66045fe@group-B85448540D00:t2, leader=null, voted=null, raftlog=9fd2e81d-61d0-44de-872c-4ae9b66045fe@group-B85448540D00-SegmentedRaftLog:OPENED:c-1,f-1,i0, conf=-1: [12400696-0678-464b-ad01-faef76468be0|rpc:10.1.0.11:44187|dataStream:|priority:0, a378c862-060f-4c80-8a42-fa0762e0f8c9|rpc:10.1.0.11:42281|dataStream:|priority:0, 9fd2e81d-61d0-44de-872c-4ae9b66045fe|rpc:10.1.0.11:34541|dataStream:|priority:1], old=null
2021-09-02 02:24:30,800 [12400696-0678-464b-ad01-faef76468be0@group-B85448540D00-LeaderElection165] INFO  impl.LeaderElection (LeaderElection.java:logAndReturn(89)) - 12400696-0678-464b-ad01-faef76468be0@group-B85448540D00-LeaderElection165: ELECTION REJECTED received 2 response(s) and 0 exception(s):
2021-09-02 02:24:30,800 [12400696-0678-464b-ad01-faef76468be0@group-B85448540D00-LeaderElection165] INFO  impl.LeaderElection (LeaderElection.java:logAndReturn(93)) -   Response 0: 12400696-0678-464b-ad01-faef76468be0<-a378c862-060f-4c80-8a42-fa0762e0f8c9#0:OK-t2
2021-09-02 02:24:30,800 [12400696-0678-464b-ad01-faef76468be0@group-B85448540D00-LeaderElection165] INFO  impl.LeaderElection (LeaderElection.java:logAndReturn(93)) -   Response 1: 12400696-0678-464b-ad01-faef76468be0<-9fd2e81d-61d0-44de-872c-4ae9b66045fe#0:FAIL-t2
2021-09-02 02:24:30,800 [12400696-0678-464b-ad01-faef76468be0@group-B85448540D00-LeaderElection165] INFO  impl.LeaderElection (LeaderElection.java:askForVotes(308)) - 12400696-0678-464b-ad01-faef76468be0@group-B85448540D00-LeaderElection165 ELECTION round 0: result REJECTED
2021-09-02 02:24:30,800 [12400696-0678-464b-ad01-faef76468be0@group-B85448540D00-LeaderElection165] INFO  server.RaftServer$Division (RaftServerImpl.java:setRole(285)) - 12400696-0678-464b-ad01-faef76468be0@group-B85448540D00: changes role from CANDIDATE to FOLLOWER at term 2 for REJECTED
2021-09-02 02:24:30,800 [12400696-0678-464b-ad01-faef76468be0@group-B85448540D00-LeaderElection165] INFO  impl.RoleInfo (RoleInfo.java:shutdownLeaderElection(121)) - 12400696-0678-464b-ad01-faef76468be0: shutdown 12400696-0678-464b-ad01-faef76468be0@group-B85448540D00-LeaderElection165
2021-09-02 02:24:30,800 [12400696-0678-464b-ad01-faef76468be0@group-B85448540D00-LeaderElection165] INFO  impl.RoleInfo (RoleInfo.java:updateAndGet(130)) - 12400696-0678-464b-ad01-faef76468be0: start 12400696-0678-464b-ad01-faef76468be0@group-B85448540D00-FollowerState
2021-09-02 02:24:31,104 [Listener at 127.0.0.1/45645] INFO  ozone.MiniOzoneClusterImpl (MiniOzoneClusterImpl.java:lambda$waitForClusterToBeReady$0(235)) - Nodes are ready. Got 7 of 7 DN Heartbeats.
2021-09-02 02:24:31,104 [Listener at 127.0.0.1/45645] INFO  ozone.MiniOzoneClusterImpl (MiniOzoneClusterImpl.java:lambda$waitForClusterToBeReady$0(238)) - Cluster exits safe mode
2021-09-02 02:24:31,104 [Listener at 127.0.0.1/45645] INFO  ozone.MiniOzoneClusterImpl (MiniOzoneClusterImpl.java:lambda$waitForClusterToBeReady$0(240)) - SCM became leader
2021-09-02 02:24:31,191 [Listener at 127.0.0.1/45645] INFO  rpc.RpcClient (RpcClient.java:createVolume(342)) - Creating Volume: testblockoutputstream, with runner as owner and space quota set to -1 bytes, counts quota set to -1
2021-09-02 02:24:31,210 [OM StateMachine ApplyTransaction Thread - 0] INFO  volume.OMVolumeCreateRequest (OMVolumeCreateRequest.java:validateAndUpdateCache(195)) - created volume:testblockoutputstream for user:runner
2021-09-02 02:24:31,259 [Listener at 127.0.0.1/45645] INFO  rpc.RpcClient (RpcClient.java:createBucket(502)) - Creating Bucket: testblockoutputstream/testblockoutputstream, with Versioning false and Storage Type set to DISK and Encryption set to false 
2021-09-02 02:24:31,324 [IPC Server handler 0 on default port 35501] INFO  ha.SequenceIdGenerator (SequenceIdGenerator.java:getNextId(127)) - Allocate a batch for containerId, change lastId from 0 to 1000.
2021-09-02 02:24:31,365 [IPC Server handler 0 on default port 35501] WARN  ha.SequenceIdGenerator (SequenceIdGenerator.java:allocateBatch(234)) - Failed to allocate a batch for localId, expected lastId is 0, actual lastId is 107544261427200000.
2021-09-02 02:24:31,366 [IPC Server handler 0 on default port 35501] INFO  ha.SequenceIdGenerator (SequenceIdGenerator.java:getNextId(127)) - Allocate a batch for localId, change lastId from 107544261427200000 to 107544261427201000.
2021-09-02 02:24:32,613 [af0a5c91-f714-4dc1-a2f1-efe0e47618a1@group-D22779799422-FollowerState] INFO  impl.FollowerState (FollowerState.java:run(134)) - af0a5c91-f714-4dc1-a2f1-efe0e47618a1@group-D22779799422-FollowerState: change to CANDIDATE, lastRpcElapsedTime:5146830558ns, electionTimeout:5113ms
2021-09-02 02:24:32,613 [af0a5c91-f714-4dc1-a2f1-efe0e47618a1@group-D22779799422-FollowerState] INFO  impl.RoleInfo (RoleInfo.java:shutdownFollowerState(108)) - af0a5c91-f714-4dc1-a2f1-efe0e47618a1: shutdown af0a5c91-f714-4dc1-a2f1-efe0e47618a1@group-D22779799422-FollowerState
2021-09-02 02:24:32,613 [af0a5c91-f714-4dc1-a2f1-efe0e47618a1@group-D22779799422-FollowerState] INFO  server.RaftServer$Division (RaftServerImpl.java:setRole(285)) - af0a5c91-f714-4dc1-a2f1-efe0e47618a1@group-D22779799422: changes role from  FOLLOWER to CANDIDATE at term 1 for changeToCandidate
2021-09-02 02:24:32,614 [af0a5c91-f714-4dc1-a2f1-efe0e47618a1@group-D22779799422-FollowerState] INFO  server.RaftServerConfigKeys (ConfUtils.java:logGet(44)) - raft.server.leaderelection.pre-vote = false (custom)
2021-09-02 02:24:32,614 [af0a5c91-f714-4dc1-a2f1-efe0e47618a1@group-D22779799422-FollowerState] INFO  impl.RoleInfo (RoleInfo.java:updateAndGet(130)) - af0a5c91-f714-4dc1-a2f1-efe0e47618a1: start af0a5c91-f714-4dc1-a2f1-efe0e47618a1@group-D22779799422-LeaderElection166
2021-09-02 02:24:32,629 [af0a5c91-f714-4dc1-a2f1-efe0e47618a1@group-D22779799422-LeaderElection166] INFO  impl.LeaderElection (LeaderElection.java:askForVotes(306)) - af0a5c91-f714-4dc1-a2f1-efe0e47618a1@group-D22779799422-LeaderElection166 ELECTION round 0: submit vote requests at term 2 for -1: [3c795851-1066-4b85-8bc1-6af36b99c451|rpc:10.1.0.11:42401|priority:1, 187906f6-3436-4d7b-ba29-fc09579eb1c8|rpc:10.1.0.11:41159|priority:0, af0a5c91-f714-4dc1-a2f1-efe0e47618a1|rpc:10.1.0.11:35001|priority:0], old=null
2021-09-02 02:24:32,632 [grpc-default-executor-9] INFO  server.RaftServer$Division (RaftServerImpl.java:requestVote(1043)) - 3c795851-1066-4b85-8bc1-6af36b99c451@group-D22779799422: receive requestVote(ELECTION, af0a5c91-f714-4dc1-a2f1-efe0e47618a1, group-D22779799422, 2, (t:0, i:0))
2021-09-02 02:24:32,632 [grpc-default-executor-9] INFO  impl.VoteContext (VoteContext.java:log(48)) - 3c795851-1066-4b85-8bc1-6af36b99c451@group-D22779799422-FOLLOWER: reject ELECTION from af0a5c91-f714-4dc1-a2f1-efe0e47618a1: our priority 1 > candidate's priority 0
2021-09-02 02:24:32,632 [grpc-default-executor-9] INFO  server.RaftServer$Division (RaftServerImpl.java:setRole(285)) - 3c795851-1066-4b85-8bc1-6af36b99c451@group-D22779799422: changes role from  FOLLOWER to FOLLOWER at term 2 for candidate:af0a5c91-f714-4dc1-a2f1-efe0e47618a1
2021-09-02 02:24:32,632 [grpc-default-executor-9] INFO  impl.RoleInfo (RoleInfo.java:shutdownFollowerState(108)) - 3c795851-1066-4b85-8bc1-6af36b99c451: shutdown 3c795851-1066-4b85-8bc1-6af36b99c451@group-D22779799422-FollowerState
2021-09-02 02:24:32,633 [grpc-default-executor-9] INFO  impl.RoleInfo (RoleInfo.java:updateAndGet(130)) - 3c795851-1066-4b85-8bc1-6af36b99c451: start 3c795851-1066-4b85-8bc1-6af36b99c451@group-D22779799422-FollowerState
2021-09-02 02:24:32,633 [3c795851-1066-4b85-8bc1-6af36b99c451@group-D22779799422-FollowerState] INFO  impl.FollowerState (FollowerState.java:run(143)) - 3c795851-1066-4b85-8bc1-6af36b99c451@group-D22779799422-FollowerState was interrupted: {}
java.lang.InterruptedException: sleep interrupted
	at java.lang.Thread.sleep(Native Method)
	at java.lang.Thread.sleep(Thread.java:340)
	at java.util.concurrent.TimeUnit.sleep(TimeUnit.java:386)
	at org.apache.ratis.util.TimeDuration.sleep(TimeDuration.java:324)
	at org.apache.ratis.util.TimeDuration.sleep(TimeDuration.java:309)
	at org.apache.ratis.server.impl.FollowerState.run(FollowerState.java:118)
2021-09-02 02:24:32,634 [grpc-default-executor-6] INFO  server.RaftServer$Division (RaftServerImpl.java:requestVote(1043)) - 187906f6-3436-4d7b-ba29-fc09579eb1c8@group-D22779799422: receive requestVote(ELECTION, af0a5c91-f714-4dc1-a2f1-efe0e47618a1, group-D22779799422, 2, (t:0, i:0))
2021-09-02 02:24:32,634 [grpc-default-executor-6] INFO  impl.VoteContext (VoteContext.java:log(48)) - 187906f6-3436-4d7b-ba29-fc09579eb1c8@group-D22779799422-FOLLOWER: accept ELECTION from af0a5c91-f714-4dc1-a2f1-efe0e47618a1: our priority 0 <= candidate's priority 0
2021-09-02 02:24:32,634 [grpc-default-executor-6] INFO  server.RaftServer$Division (RaftServerImpl.java:setRole(285)) - 187906f6-3436-4d7b-ba29-fc09579eb1c8@group-D22779799422: changes role from  FOLLOWER to FOLLOWER at term 2 for candidate:af0a5c91-f714-4dc1-a2f1-efe0e47618a1
2021-09-02 02:24:32,634 [grpc-default-executor-6] INFO  impl.RoleInfo (RoleInfo.java:shutdownFollowerState(108)) - 187906f6-3436-4d7b-ba29-fc09579eb1c8: shutdown 187906f6-3436-4d7b-ba29-fc09579eb1c8@group-D22779799422-FollowerState
2021-09-02 02:24:32,639 [grpc-default-executor-6] INFO  impl.RoleInfo (RoleInfo.java:updateAndGet(130)) - 187906f6-3436-4d7b-ba29-fc09579eb1c8: start 187906f6-3436-4d7b-ba29-fc09579eb1c8@group-D22779799422-FollowerState
2021-09-02 02:24:32,640 [187906f6-3436-4d7b-ba29-fc09579eb1c8@group-D22779799422-FollowerState] INFO  impl.FollowerState (FollowerState.java:run(143)) - 187906f6-3436-4d7b-ba29-fc09579eb1c8@group-D22779799422-FollowerState was interrupted: {}
java.lang.InterruptedException: sleep interrupted
	at java.lang.Thread.sleep(Native Method)
	at java.lang.Thread.sleep(Thread.java:340)
	at java.util.concurrent.TimeUnit.sleep(TimeUnit.java:386)
	at org.apache.ratis.util.TimeDuration.sleep(TimeDuration.java:324)
	at org.apache.ratis.util.TimeDuration.sleep(TimeDuration.java:309)
	at org.apache.ratis.server.impl.FollowerState.run(FollowerState.java:118)
2021-09-02 02:24:32,640 [grpc-default-executor-9] INFO  server.RaftServer$Division (RaftServerImpl.java:requestVote(1075)) - 3c795851-1066-4b85-8bc1-6af36b99c451@group-D22779799422 replies to ELECTION vote request: af0a5c91-f714-4dc1-a2f1-efe0e47618a1<-3c795851-1066-4b85-8bc1-6af36b99c451#0:FAIL-t2. Peer's state: 3c795851-1066-4b85-8bc1-6af36b99c451@group-D22779799422:t2, leader=null, voted=null, raftlog=3c795851-1066-4b85-8bc1-6af36b99c451@group-D22779799422-SegmentedRaftLog:OPENED:c-1,f-1,i0, conf=-1: [3c795851-1066-4b85-8bc1-6af36b99c451|rpc:10.1.0.11:42401|dataStream:|priority:1, 187906f6-3436-4d7b-ba29-fc09579eb1c8|rpc:10.1.0.11:41159|dataStream:|priority:0, af0a5c91-f714-4dc1-a2f1-efe0e47618a1|rpc:10.1.0.11:35001|dataStream:|priority:0], old=null
2021-09-02 02:24:32,657 [af0a5c91-f714-4dc1-a2f1-efe0e47618a1@group-D22779799422-LeaderElection166] INFO  impl.LeaderElection (LeaderElection.java:logAndReturn(89)) - af0a5c91-f714-4dc1-a2f1-efe0e47618a1@group-D22779799422-LeaderElection166: ELECTION REJECTED received 1 response(s) and 0 exception(s):
2021-09-02 02:24:32,657 [af0a5c91-f714-4dc1-a2f1-efe0e47618a1@group-D22779799422-LeaderElection166] INFO  impl.LeaderElection (LeaderElection.java:logAndReturn(93)) -   Response 0: af0a5c91-f714-4dc1-a2f1-efe0e47618a1<-3c795851-1066-4b85-8bc1-6af36b99c451#0:FAIL-t2
2021-09-02 02:24:32,657 [af0a5c91-f714-4dc1-a2f1-efe0e47618a1@group-D22779799422-LeaderElection166] INFO  impl.LeaderElection (LeaderElection.java:askForVotes(308)) - af0a5c91-f714-4dc1-a2f1-efe0e47618a1@group-D22779799422-LeaderElection166 ELECTION round 0: result REJECTED
2021-09-02 02:24:32,657 [af0a5c91-f714-4dc1-a2f1-efe0e47618a1@group-D22779799422-LeaderElection166] INFO  server.RaftServer$Division (RaftServerImpl.java:setRole(285)) - af0a5c91-f714-4dc1-a2f1-efe0e47618a1@group-D22779799422: changes role from CANDIDATE to FOLLOWER at term 2 for REJECTED
2021-09-02 02:24:32,657 [af0a5c91-f714-4dc1-a2f1-efe0e47618a1@group-D22779799422-LeaderElection166] INFO  impl.RoleInfo (RoleInfo.java:shutdownLeaderElection(121)) - af0a5c91-f714-4dc1-a2f1-efe0e47618a1: shutdown af0a5c91-f714-4dc1-a2f1-efe0e47618a1@group-D22779799422-LeaderElection166
2021-09-02 02:24:32,657 [af0a5c91-f714-4dc1-a2f1-efe0e47618a1@group-D22779799422-LeaderElection166] INFO  impl.RoleInfo (RoleInfo.java:updateAndGet(130)) - af0a5c91-f714-4dc1-a2f1-efe0e47618a1: start af0a5c91-f714-4dc1-a2f1-efe0e47618a1@group-D22779799422-FollowerState
2021-09-02 02:24:32,660 [grpc-default-executor-6] INFO  server.RaftServer$Division (RaftServerImpl.java:requestVote(1075)) - 187906f6-3436-4d7b-ba29-fc09579eb1c8@group-D22779799422 replies to ELECTION vote request: af0a5c91-f714-4dc1-a2f1-efe0e47618a1<-187906f6-3436-4d7b-ba29-fc09579eb1c8#0:OK-t2. Peer's state: 187906f6-3436-4d7b-ba29-fc09579eb1c8@group-D22779799422:t2, leader=null, voted=af0a5c91-f714-4dc1-a2f1-efe0e47618a1, raftlog=187906f6-3436-4d7b-ba29-fc09579eb1c8@group-D22779799422-SegmentedRaftLog:OPENED:c-1,f-1,i0, conf=-1: [3c795851-1066-4b85-8bc1-6af36b99c451|rpc:10.1.0.11:42401|dataStream:|priority:1, 187906f6-3436-4d7b-ba29-fc09579eb1c8|rpc:10.1.0.11:41159|dataStream:|priority:0, af0a5c91-f714-4dc1-a2f1-efe0e47618a1|rpc:10.1.0.11:35001|dataStream:|priority:0], old=null
2021-09-02 02:24:33,124 [3c795851-1066-4b85-8bc1-6af36b99c451@group-24BBA463E12F-FollowerState] INFO  impl.FollowerState (FollowerState.java:run(134)) - 3c795851-1066-4b85-8bc1-6af36b99c451@group-24BBA463E12F-FollowerState: change to CANDIDATE, lastRpcElapsedTime:5146044559ns, electionTimeout:5142ms
2021-09-02 02:24:33,124 [3c795851-1066-4b85-8bc1-6af36b99c451@group-24BBA463E12F-FollowerState] INFO  impl.RoleInfo (RoleInfo.java:shutdownFollowerState(108)) - 3c795851-1066-4b85-8bc1-6af36b99c451: shutdown 3c795851-1066-4b85-8bc1-6af36b99c451@group-24BBA463E12F-FollowerState
2021-09-02 02:24:33,124 [3c795851-1066-4b85-8bc1-6af36b99c451@group-24BBA463E12F-FollowerState] INFO  server.RaftServer$Division (RaftServerImpl.java:setRole(285)) - 3c795851-1066-4b85-8bc1-6af36b99c451@group-24BBA463E12F: changes role from  FOLLOWER to CANDIDATE at term 1 for changeToCandidate
2021-09-02 02:24:33,124 [3c795851-1066-4b85-8bc1-6af36b99c451@group-24BBA463E12F-FollowerState] INFO  server.RaftServerConfigKeys (ConfUtils.java:logGet(44)) - raft.server.leaderelection.pre-vote = false (custom)
2021-09-02 02:24:33,124 [3c795851-1066-4b85-8bc1-6af36b99c451@group-24BBA463E12F-FollowerState] INFO  impl.RoleInfo (RoleInfo.java:updateAndGet(130)) - 3c795851-1066-4b85-8bc1-6af36b99c451: start 3c795851-1066-4b85-8bc1-6af36b99c451@group-24BBA463E12F-LeaderElection167
2021-09-02 02:24:33,141 [af0a5c91-f714-4dc1-a2f1-efe0e47618a1@group-24BBA463E12F-FollowerState] INFO  impl.FollowerState (FollowerState.java:run(134)) - af0a5c91-f714-4dc1-a2f1-efe0e47618a1@group-24BBA463E12F-FollowerState: change to CANDIDATE, lastRpcElapsedTime:5127020120ns, electionTimeout:5121ms
2021-09-02 02:24:33,141 [af0a5c91-f714-4dc1-a2f1-efe0e47618a1@group-24BBA463E12F-FollowerState] INFO  impl.RoleInfo (RoleInfo.java:shutdownFollowerState(108)) - af0a5c91-f714-4dc1-a2f1-efe0e47618a1: shutdown af0a5c91-f714-4dc1-a2f1-efe0e47618a1@group-24BBA463E12F-FollowerState
2021-09-02 02:24:33,141 [af0a5c91-f714-4dc1-a2f1-efe0e47618a1@group-24BBA463E12F-FollowerState] INFO  server.RaftServer$Division (RaftServerImpl.java:setRole(285)) - af0a5c91-f714-4dc1-a2f1-efe0e47618a1@group-24BBA463E12F: changes role from  FOLLOWER to CANDIDATE at term 1 for changeToCandidate
2021-09-02 02:24:33,141 [af0a5c91-f714-4dc1-a2f1-efe0e47618a1@group-24BBA463E12F-FollowerState] INFO  server.RaftServerConfigKeys (ConfUtils.java:logGet(44)) - raft.server.leaderelection.pre-vote = false (custom)
2021-09-02 02:24:33,141 [af0a5c91-f714-4dc1-a2f1-efe0e47618a1@group-24BBA463E12F-FollowerState] INFO  impl.RoleInfo (RoleInfo.java:updateAndGet(130)) - af0a5c91-f714-4dc1-a2f1-efe0e47618a1: start af0a5c91-f714-4dc1-a2f1-efe0e47618a1@group-24BBA463E12F-LeaderElection168
2021-09-02 02:24:33,156 [af0a5c91-f714-4dc1-a2f1-efe0e47618a1@group-24BBA463E12F-LeaderElection168] INFO  impl.LeaderElection (LeaderElection.java:askForVotes(306)) - af0a5c91-f714-4dc1-a2f1-efe0e47618a1@group-24BBA463E12F-LeaderElection168 ELECTION round 0: submit vote requests at term 2 for -1: [3c795851-1066-4b85-8bc1-6af36b99c451|rpc:10.1.0.11:42401|priority:0, af0a5c91-f714-4dc1-a2f1-efe0e47618a1|rpc:10.1.0.11:35001|priority:0, 187906f6-3436-4d7b-ba29-fc09579eb1c8|rpc:10.1.0.11:41159|priority:1], old=null
2021-09-02 02:24:33,157 [grpc-default-executor-6] INFO  server.RaftServer$Division (RaftServerImpl.java:requestVote(1043)) - 3c795851-1066-4b85-8bc1-6af36b99c451@group-24BBA463E12F: receive requestVote(ELECTION, af0a5c91-f714-4dc1-a2f1-efe0e47618a1, group-24BBA463E12F, 2, (t:0, i:0))
2021-09-02 02:24:33,157 [grpc-default-executor-6] INFO  impl.VoteContext (VoteContext.java:log(48)) - 3c795851-1066-4b85-8bc1-6af36b99c451@group-24BBA463E12F-CANDIDATE: accept ELECTION from af0a5c91-f714-4dc1-a2f1-efe0e47618a1: our priority 0 <= candidate's priority 0
2021-09-02 02:24:33,157 [grpc-default-executor-6] INFO  server.RaftServer$Division (RaftServerImpl.java:setRole(285)) - 3c795851-1066-4b85-8bc1-6af36b99c451@group-24BBA463E12F: changes role from CANDIDATE to FOLLOWER at term 2 for candidate:af0a5c91-f714-4dc1-a2f1-efe0e47618a1
2021-09-02 02:24:33,157 [grpc-default-executor-6] INFO  impl.RoleInfo (RoleInfo.java:shutdownLeaderElection(121)) - 3c795851-1066-4b85-8bc1-6af36b99c451: shutdown 3c795851-1066-4b85-8bc1-6af36b99c451@group-24BBA463E12F-LeaderElection167
2021-09-02 02:24:33,158 [grpc-default-executor-6] INFO  impl.RoleInfo (RoleInfo.java:updateAndGet(130)) - 3c795851-1066-4b85-8bc1-6af36b99c451: start 3c795851-1066-4b85-8bc1-6af36b99c451@group-24BBA463E12F-FollowerState
2021-09-02 02:24:33,159 [grpc-default-executor-9] INFO  server.RaftServer$Division (RaftServerImpl.java:requestVote(1043)) - 187906f6-3436-4d7b-ba29-fc09579eb1c8@group-24BBA463E12F: receive requestVote(ELECTION, af0a5c91-f714-4dc1-a2f1-efe0e47618a1, group-24BBA463E12F, 2, (t:0, i:0))
2021-09-02 02:24:33,159 [grpc-default-executor-9] INFO  impl.VoteContext (VoteContext.java:log(48)) - 187906f6-3436-4d7b-ba29-fc09579eb1c8@group-24BBA463E12F-FOLLOWER: reject ELECTION from af0a5c91-f714-4dc1-a2f1-efe0e47618a1: our priority 1 > candidate's priority 0
2021-09-02 02:24:33,159 [grpc-default-executor-9] INFO  server.RaftServer$Division (RaftServerImpl.java:setRole(285)) - 187906f6-3436-4d7b-ba29-fc09579eb1c8@group-24BBA463E12F: changes role from  FOLLOWER to FOLLOWER at term 2 for candidate:af0a5c91-f714-4dc1-a2f1-efe0e47618a1
2021-09-02 02:24:33,159 [grpc-default-executor-9] INFO  impl.RoleInfo (RoleInfo.java:shutdownFollowerState(108)) - 187906f6-3436-4d7b-ba29-fc09579eb1c8: shutdown 187906f6-3436-4d7b-ba29-fc09579eb1c8@group-24BBA463E12F-FollowerState
2021-09-02 02:24:33,169 [grpc-default-executor-9] INFO  impl.RoleInfo (RoleInfo.java:updateAndGet(130)) - 187906f6-3436-4d7b-ba29-fc09579eb1c8: start 187906f6-3436-4d7b-ba29-fc09579eb1c8@group-24BBA463E12F-FollowerState
2021-09-02 02:24:33,170 [grpc-default-executor-6] INFO  server.RaftServer$Division (RaftServerImpl.java:requestVote(1075)) - 3c795851-1066-4b85-8bc1-6af36b99c451@group-24BBA463E12F replies to ELECTION vote request: af0a5c91-f714-4dc1-a2f1-efe0e47618a1<-3c795851-1066-4b85-8bc1-6af36b99c451#0:OK-t2. Peer's state: 3c795851-1066-4b85-8bc1-6af36b99c451@group-24BBA463E12F:t2, leader=null, voted=af0a5c91-f714-4dc1-a2f1-efe0e47618a1, raftlog=3c795851-1066-4b85-8bc1-6af36b99c451@group-24BBA463E12F-SegmentedRaftLog:OPENED:c-1,f-1,i0, conf=-1: [3c795851-1066-4b85-8bc1-6af36b99c451|rpc:10.1.0.11:42401|dataStream:|priority:0, af0a5c91-f714-4dc1-a2f1-efe0e47618a1|rpc:10.1.0.11:35001|dataStream:|priority:0, 187906f6-3436-4d7b-ba29-fc09579eb1c8|rpc:10.1.0.11:41159|dataStream:|priority:1], old=null
2021-09-02 02:24:33,174 [grpc-default-executor-9] INFO  server.RaftServer$Division (RaftServerImpl.java:requestVote(1075)) - 187906f6-3436-4d7b-ba29-fc09579eb1c8@group-24BBA463E12F replies to ELECTION vote request: af0a5c91-f714-4dc1-a2f1-efe0e47618a1<-187906f6-3436-4d7b-ba29-fc09579eb1c8#0:FAIL-t2. Peer's state: 187906f6-3436-4d7b-ba29-fc09579eb1c8@group-24BBA463E12F:t2, leader=null, voted=null, raftlog=187906f6-3436-4d7b-ba29-fc09579eb1c8@group-24BBA463E12F-SegmentedRaftLog:OPENED:c-1,f-1,i0, conf=-1: [3c795851-1066-4b85-8bc1-6af36b99c451|rpc:10.1.0.11:42401|priority:0, af0a5c91-f714-4dc1-a2f1-efe0e47618a1|rpc:10.1.0.11:35001|priority:0, 187906f6-3436-4d7b-ba29-fc09579eb1c8|rpc:10.1.0.11:41159|priority:1], old=null
2021-09-02 02:24:33,186 [af0a5c91-f714-4dc1-a2f1-efe0e47618a1@group-24BBA463E12F-LeaderElection168] INFO  impl.LeaderElection (LeaderElection.java:logAndReturn(89)) - af0a5c91-f714-4dc1-a2f1-efe0e47618a1@group-24BBA463E12F-LeaderElection168: ELECTION REJECTED received 2 response(s) and 0 exception(s):
2021-09-02 02:24:33,186 [af0a5c91-f714-4dc1-a2f1-efe0e47618a1@group-24BBA463E12F-LeaderElection168] INFO  impl.LeaderElection (LeaderElection.java:logAndReturn(93)) -   Response 0: af0a5c91-f714-4dc1-a2f1-efe0e47618a1<-3c795851-1066-4b85-8bc1-6af36b99c451#0:OK-t2
2021-09-02 02:24:33,186 [af0a5c91-f714-4dc1-a2f1-efe0e47618a1@group-24BBA463E12F-LeaderElection168] INFO  impl.LeaderElection (LeaderElection.java:logAndReturn(93)) -   Response 1: af0a5c91-f714-4dc1-a2f1-efe0e47618a1<-187906f6-3436-4d7b-ba29-fc09579eb1c8#0:FAIL-t2
2021-09-02 02:24:33,186 [af0a5c91-f714-4dc1-a2f1-efe0e47618a1@group-24BBA463E12F-LeaderElection168] INFO  impl.LeaderElection (LeaderElection.java:askForVotes(308)) - af0a5c91-f714-4dc1-a2f1-efe0e47618a1@group-24BBA463E12F-LeaderElection168 ELECTION round 0: result REJECTED
2021-09-02 02:24:33,186 [af0a5c91-f714-4dc1-a2f1-efe0e47618a1@group-24BBA463E12F-LeaderElection168] INFO  server.RaftServer$Division (RaftServerImpl.java:setRole(285)) - af0a5c91-f714-4dc1-a2f1-efe0e47618a1@group-24BBA463E12F: changes role from CANDIDATE to FOLLOWER at term 2 for REJECTED
2021-09-02 02:24:33,186 [af0a5c91-f714-4dc1-a2f1-efe0e47618a1@group-24BBA463E12F-LeaderElection168] INFO  impl.RoleInfo (RoleInfo.java:shutdownLeaderElection(121)) - af0a5c91-f714-4dc1-a2f1-efe0e47618a1: shutdown af0a5c91-f714-4dc1-a2f1-efe0e47618a1@group-24BBA463E12F-LeaderElection168
2021-09-02 02:24:33,186 [af0a5c91-f714-4dc1-a2f1-efe0e47618a1@group-24BBA463E12F-LeaderElection168] INFO  impl.RoleInfo (RoleInfo.java:updateAndGet(130)) - af0a5c91-f714-4dc1-a2f1-efe0e47618a1: start af0a5c91-f714-4dc1-a2f1-efe0e47618a1@group-24BBA463E12F-FollowerState
2021-09-02 02:24:33,241 [187906f6-3436-4d7b-ba29-fc09579eb1c8@group-24BBA463E12F-FollowerState] INFO  impl.FollowerState (FollowerState.java:run(143)) - 187906f6-3436-4d7b-ba29-fc09579eb1c8@group-24BBA463E12F-FollowerState was interrupted: {}
java.lang.InterruptedException: sleep interrupted
	at java.lang.Thread.sleep(Native Method)
	at java.lang.Thread.sleep(Thread.java:340)
	at java.util.concurrent.TimeUnit.sleep(TimeUnit.java:386)
	at org.apache.ratis.util.TimeDuration.sleep(TimeDuration.java:324)
	at org.apache.ratis.util.TimeDuration.sleep(TimeDuration.java:309)
	at org.apache.ratis.server.impl.FollowerState.run(FollowerState.java:118)
2021-09-02 02:24:35,497 [9fd2e81d-61d0-44de-872c-4ae9b66045fe@group-6C0F8F3DFF59-FollowerState] INFO  impl.FollowerState (FollowerState.java:run(134)) - 9fd2e81d-61d0-44de-872c-4ae9b66045fe@group-6C0F8F3DFF59-FollowerState: change to CANDIDATE, lastRpcElapsedTime:5023001700ns, electionTimeout:5015ms
2021-09-02 02:24:35,497 [9fd2e81d-61d0-44de-872c-4ae9b66045fe@group-6C0F8F3DFF59-FollowerState] INFO  impl.RoleInfo (RoleInfo.java:shutdownFollowerState(108)) - 9fd2e81d-61d0-44de-872c-4ae9b66045fe: shutdown 9fd2e81d-61d0-44de-872c-4ae9b66045fe@group-6C0F8F3DFF59-FollowerState
2021-09-02 02:24:35,497 [9fd2e81d-61d0-44de-872c-4ae9b66045fe@group-6C0F8F3DFF59-FollowerState] INFO  server.RaftServer$Division (RaftServerImpl.java:setRole(285)) - 9fd2e81d-61d0-44de-872c-4ae9b66045fe@group-6C0F8F3DFF59: changes role from  FOLLOWER to CANDIDATE at term 3 for changeToCandidate
2021-09-02 02:24:35,498 [9fd2e81d-61d0-44de-872c-4ae9b66045fe@group-6C0F8F3DFF59-FollowerState] INFO  server.RaftServerConfigKeys (ConfUtils.java:logGet(44)) - raft.server.leaderelection.pre-vote = false (custom)
2021-09-02 02:24:35,498 [9fd2e81d-61d0-44de-872c-4ae9b66045fe@group-6C0F8F3DFF59-FollowerState] INFO  impl.RoleInfo (RoleInfo.java:updateAndGet(130)) - 9fd2e81d-61d0-44de-872c-4ae9b66045fe: start 9fd2e81d-61d0-44de-872c-4ae9b66045fe@group-6C0F8F3DFF59-LeaderElection169
2021-09-02 02:24:35,513 [9fd2e81d-61d0-44de-872c-4ae9b66045fe@group-6C0F8F3DFF59-LeaderElection169] INFO  impl.LeaderElection (LeaderElection.java:askForVotes(306)) - 9fd2e81d-61d0-44de-872c-4ae9b66045fe@group-6C0F8F3DFF59-LeaderElection169 ELECTION round 0: submit vote requests at term 4 for -1: [12400696-0678-464b-ad01-faef76468be0|rpc:10.1.0.11:44187|dataStream:|priority:0, a378c862-060f-4c80-8a42-fa0762e0f8c9|rpc:10.1.0.11:42281|dataStream:|priority:1, 9fd2e81d-61d0-44de-872c-4ae9b66045fe|rpc:10.1.0.11:34541|dataStream:|priority:0], old=null
2021-09-02 02:24:35,524 [grpc-default-executor-9] INFO  server.RaftServer$Division (RaftServerImpl.java:requestVote(1043)) - 12400696-0678-464b-ad01-faef76468be0@group-6C0F8F3DFF59: receive requestVote(ELECTION, 9fd2e81d-61d0-44de-872c-4ae9b66045fe, group-6C0F8F3DFF59, 4, (t:0, i:0))
2021-09-02 02:24:35,524 [grpc-default-executor-9] INFO  impl.VoteContext (VoteContext.java:log(48)) - 12400696-0678-464b-ad01-faef76468be0@group-6C0F8F3DFF59-FOLLOWER: accept ELECTION from 9fd2e81d-61d0-44de-872c-4ae9b66045fe: our priority 0 <= candidate's priority 0
2021-09-02 02:24:35,524 [grpc-default-executor-9] INFO  server.RaftServer$Division (RaftServerImpl.java:setRole(285)) - 12400696-0678-464b-ad01-faef76468be0@group-6C0F8F3DFF59: changes role from  FOLLOWER to FOLLOWER at term 4 for candidate:9fd2e81d-61d0-44de-872c-4ae9b66045fe
2021-09-02 02:24:35,524 [grpc-default-executor-9] INFO  impl.RoleInfo (RoleInfo.java:shutdownFollowerState(108)) - 12400696-0678-464b-ad01-faef76468be0: shutdown 12400696-0678-464b-ad01-faef76468be0@group-6C0F8F3DFF59-FollowerState
2021-09-02 02:24:35,529 [grpc-default-executor-9] INFO  impl.RoleInfo (RoleInfo.java:updateAndGet(130)) - 12400696-0678-464b-ad01-faef76468be0: start 12400696-0678-464b-ad01-faef76468be0@group-6C0F8F3DFF59-FollowerState
2021-09-02 02:24:35,530 [12400696-0678-464b-ad01-faef76468be0@group-6C0F8F3DFF59-FollowerState] INFO  impl.FollowerState (FollowerState.java:run(143)) - 12400696-0678-464b-ad01-faef76468be0@group-6C0F8F3DFF59-FollowerState was interrupted: {}
java.lang.InterruptedException: sleep interrupted
	at java.lang.Thread.sleep(Native Method)
	at java.lang.Thread.sleep(Thread.java:340)
	at java.util.concurrent.TimeUnit.sleep(TimeUnit.java:386)
	at org.apache.ratis.util.TimeDuration.sleep(TimeDuration.java:324)
	at org.apache.ratis.util.TimeDuration.sleep(TimeDuration.java:309)
	at org.apache.ratis.server.impl.FollowerState.run(FollowerState.java:118)
2021-09-02 02:24:35,530 [grpc-default-executor-6] INFO  server.RaftServer$Division (RaftServerImpl.java:requestVote(1043)) - a378c862-060f-4c80-8a42-fa0762e0f8c9@group-6C0F8F3DFF59: receive requestVote(ELECTION, 9fd2e81d-61d0-44de-872c-4ae9b66045fe, group-6C0F8F3DFF59, 4, (t:0, i:0))
2021-09-02 02:24:35,531 [grpc-default-executor-6] INFO  impl.VoteContext (VoteContext.java:log(48)) - a378c862-060f-4c80-8a42-fa0762e0f8c9@group-6C0F8F3DFF59-FOLLOWER: reject ELECTION from 9fd2e81d-61d0-44de-872c-4ae9b66045fe: our last entry (t:2, i:0) > candidate's last entry (t:0, i:0)
2021-09-02 02:24:35,531 [grpc-default-executor-6] INFO  server.RaftServer$Division (RaftServerImpl.java:setRole(285)) - a378c862-060f-4c80-8a42-fa0762e0f8c9@group-6C0F8F3DFF59: changes role from  FOLLOWER to FOLLOWER at term 4 for candidate:9fd2e81d-61d0-44de-872c-4ae9b66045fe
2021-09-02 02:24:35,531 [grpc-default-executor-6] INFO  impl.RoleInfo (RoleInfo.java:shutdownFollowerState(108)) - a378c862-060f-4c80-8a42-fa0762e0f8c9: shutdown a378c862-060f-4c80-8a42-fa0762e0f8c9@group-6C0F8F3DFF59-FollowerState
2021-09-02 02:24:35,532 [grpc-default-executor-6] INFO  impl.RoleInfo (RoleInfo.java:updateAndGet(130)) - a378c862-060f-4c80-8a42-fa0762e0f8c9: start a378c862-060f-4c80-8a42-fa0762e0f8c9@group-6C0F8F3DFF59-FollowerState
2021-09-02 02:24:35,532 [a378c862-060f-4c80-8a42-fa0762e0f8c9@group-6C0F8F3DFF59-FollowerState] INFO  impl.FollowerState (FollowerState.java:run(143)) - a378c862-060f-4c80-8a42-fa0762e0f8c9@group-6C0F8F3DFF59-FollowerState was interrupted: {}
java.lang.InterruptedException: sleep interrupted
	at java.lang.Thread.sleep(Native Method)
	at java.lang.Thread.sleep(Thread.java:340)
	at java.util.concurrent.TimeUnit.sleep(TimeUnit.java:386)
	at org.apache.ratis.util.TimeDuration.sleep(TimeDuration.java:324)
	at org.apache.ratis.util.TimeDuration.sleep(TimeDuration.java:309)
	at org.apache.ratis.server.impl.FollowerState.run(FollowerState.java:118)
2021-09-02 02:24:35,534 [grpc-default-executor-9] INFO  server.RaftServer$Division (RaftServerImpl.java:requestVote(1075)) - 12400696-0678-464b-ad01-faef76468be0@group-6C0F8F3DFF59 replies to ELECTION vote request: 9fd2e81d-61d0-44de-872c-4ae9b66045fe<-12400696-0678-464b-ad01-faef76468be0#0:OK-t4. Peer's state: 12400696-0678-464b-ad01-faef76468be0@group-6C0F8F3DFF59:t4, leader=null, voted=9fd2e81d-61d0-44de-872c-4ae9b66045fe, raftlog=12400696-0678-464b-ad01-faef76468be0@group-6C0F8F3DFF59-SegmentedRaftLog:OPENED:c-1,f-1,i0, conf=-1: [12400696-0678-464b-ad01-faef76468be0|rpc:10.1.0.11:44187|priority:0, a378c862-060f-4c80-8a42-fa0762e0f8c9|rpc:10.1.0.11:42281|priority:1, 9fd2e81d-61d0-44de-872c-4ae9b66045fe|rpc:10.1.0.11:34541|priority:0], old=null
2021-09-02 02:24:35,557 [grpc-default-executor-6] INFO  server.RaftServer$Division (RaftServerImpl.java:requestVote(1075)) - a378c862-060f-4c80-8a42-fa0762e0f8c9@group-6C0F8F3DFF59 replies to ELECTION vote request: 9fd2e81d-61d0-44de-872c-4ae9b66045fe<-a378c862-060f-4c80-8a42-fa0762e0f8c9#0:FAIL-t4. Peer's state: a378c862-060f-4c80-8a42-fa0762e0f8c9@group-6C0F8F3DFF59:t4, leader=null, voted=null, raftlog=a378c862-060f-4c80-8a42-fa0762e0f8c9@group-6C0F8F3DFF59-SegmentedRaftLog:OPENED:c0,f0,i0, conf=0: [12400696-0678-464b-ad01-faef76468be0|rpc:10.1.0.11:44187|dataStream:|priority:0, a378c862-060f-4c80-8a42-fa0762e0f8c9|rpc:10.1.0.11:42281|dataStream:|priority:1, 9fd2e81d-61d0-44de-872c-4ae9b66045fe|rpc:10.1.0.11:34541|dataStream:|priority:0], old=null
2021-09-02 02:24:35,558 [9fd2e81d-61d0-44de-872c-4ae9b66045fe@group-6C0F8F3DFF59-LeaderElection169] INFO  impl.LeaderElection (LeaderElection.java:logAndReturn(89)) - 9fd2e81d-61d0-44de-872c-4ae9b66045fe@group-6C0F8F3DFF59-LeaderElection169: ELECTION REJECTED received 2 response(s) and 0 exception(s):
2021-09-02 02:24:35,558 [9fd2e81d-61d0-44de-872c-4ae9b66045fe@group-6C0F8F3DFF59-LeaderElection169] INFO  impl.LeaderElection (LeaderElection.java:logAndReturn(93)) -   Response 0: 9fd2e81d-61d0-44de-872c-4ae9b66045fe<-12400696-0678-464b-ad01-faef76468be0#0:OK-t4
2021-09-02 02:24:35,558 [9fd2e81d-61d0-44de-872c-4ae9b66045fe@group-6C0F8F3DFF59-LeaderElection169] INFO  impl.LeaderElection (LeaderElection.java:logAndReturn(93)) -   Response 1: 9fd2e81d-61d0-44de-872c-4ae9b66045fe<-a378c862-060f-4c80-8a42-fa0762e0f8c9#0:FAIL-t4
2021-09-02 02:24:35,558 [9fd2e81d-61d0-44de-872c-4ae9b66045fe@group-6C0F8F3DFF59-LeaderElection169] INFO  impl.LeaderElection (LeaderElection.java:askForVotes(308)) - 9fd2e81d-61d0-44de-872c-4ae9b66045fe@group-6C0F8F3DFF59-LeaderElection169 ELECTION round 0: result REJECTED
2021-09-02 02:24:35,558 [9fd2e81d-61d0-44de-872c-4ae9b66045fe@group-6C0F8F3DFF59-LeaderElection169] INFO  server.RaftServer$Division (RaftServerImpl.java:setRole(285)) - 9fd2e81d-61d0-44de-872c-4ae9b66045fe@group-6C0F8F3DFF59: changes role from CANDIDATE to FOLLOWER at term 4 for REJECTED
2021-09-02 02:24:35,558 [9fd2e81d-61d0-44de-872c-4ae9b66045fe@group-6C0F8F3DFF59-LeaderElection169] INFO  impl.RoleInfo (RoleInfo.java:shutdownLeaderElection(121)) - 9fd2e81d-61d0-44de-872c-4ae9b66045fe: shutdown 9fd2e81d-61d0-44de-872c-4ae9b66045fe@group-6C0F8F3DFF59-LeaderElection169
2021-09-02 02:24:35,558 [9fd2e81d-61d0-44de-872c-4ae9b66045fe@group-6C0F8F3DFF59-LeaderElection169] INFO  impl.RoleInfo (RoleInfo.java:updateAndGet(130)) - 9fd2e81d-61d0-44de-872c-4ae9b66045fe: start 9fd2e81d-61d0-44de-872c-4ae9b66045fe@group-6C0F8F3DFF59-FollowerState
2021-09-02 02:24:35,885 [9fd2e81d-61d0-44de-872c-4ae9b66045fe@group-B85448540D00-FollowerState] INFO  impl.FollowerState (FollowerState.java:run(134)) - 9fd2e81d-61d0-44de-872c-4ae9b66045fe@group-B85448540D00-FollowerState: change to CANDIDATE, lastRpcElapsedTime:5139122021ns, electionTimeout:5101ms
2021-09-02 02:24:35,885 [9fd2e81d-61d0-44de-872c-4ae9b66045fe@group-B85448540D00-FollowerState] INFO  impl.RoleInfo (RoleInfo.java:shutdownFollowerState(108)) - 9fd2e81d-61d0-44de-872c-4ae9b66045fe: shutdown 9fd2e81d-61d0-44de-872c-4ae9b66045fe@group-B85448540D00-FollowerState
2021-09-02 02:24:35,885 [9fd2e81d-61d0-44de-872c-4ae9b66045fe@group-B85448540D00-FollowerState] INFO  server.RaftServer$Division (RaftServerImpl.java:setRole(285)) - 9fd2e81d-61d0-44de-872c-4ae9b66045fe@group-B85448540D00: changes role from  FOLLOWER to CANDIDATE at term 2 for changeToCandidate
2021-09-02 02:24:35,885 [9fd2e81d-61d0-44de-872c-4ae9b66045fe@group-B85448540D00-FollowerState] INFO  server.RaftServerConfigKeys (ConfUtils.java:logGet(44)) - raft.server.leaderelection.pre-vote = false (custom)
2021-09-02 02:24:35,885 [9fd2e81d-61d0-44de-872c-4ae9b66045fe@group-B85448540D00-FollowerState] INFO  impl.RoleInfo (RoleInfo.java:updateAndGet(130)) - 9fd2e81d-61d0-44de-872c-4ae9b66045fe: start 9fd2e81d-61d0-44de-872c-4ae9b66045fe@group-B85448540D00-LeaderElection170
2021-09-02 02:24:35,929 [9fd2e81d-61d0-44de-872c-4ae9b66045fe@group-B85448540D00-LeaderElection170] INFO  impl.LeaderElection (LeaderElection.java:askForVotes(306)) - 9fd2e81d-61d0-44de-872c-4ae9b66045fe@group-B85448540D00-LeaderElection170 ELECTION round 0: submit vote requests at term 3 for -1: [12400696-0678-464b-ad01-faef76468be0|rpc:10.1.0.11:44187|dataStream:|priority:0, a378c862-060f-4c80-8a42-fa0762e0f8c9|rpc:10.1.0.11:42281|dataStream:|priority:0, 9fd2e81d-61d0-44de-872c-4ae9b66045fe|rpc:10.1.0.11:34541|dataStream:|priority:1], old=null
2021-09-02 02:24:35,933 [grpc-default-executor-6] INFO  server.RaftServer$Division (RaftServerImpl.java:requestVote(1043)) - 12400696-0678-464b-ad01-faef76468be0@group-B85448540D00: receive requestVote(ELECTION, 9fd2e81d-61d0-44de-872c-4ae9b66045fe, group-B85448540D00, 3, (t:0, i:0))
2021-09-02 02:24:35,933 [grpc-default-executor-6] INFO  impl.VoteContext (VoteContext.java:log(48)) - 12400696-0678-464b-ad01-faef76468be0@group-B85448540D00-FOLLOWER: accept ELECTION from 9fd2e81d-61d0-44de-872c-4ae9b66045fe: our priority 0 <= candidate's priority 1
2021-09-02 02:24:35,933 [grpc-default-executor-6] INFO  server.RaftServer$Division (RaftServerImpl.java:setRole(285)) - 12400696-0678-464b-ad01-faef76468be0@group-B85448540D00: changes role from  FOLLOWER to FOLLOWER at term 3 for candidate:9fd2e81d-61d0-44de-872c-4ae9b66045fe
2021-09-02 02:24:35,933 [grpc-default-executor-6] INFO  impl.RoleInfo (RoleInfo.java:shutdownFollowerState(108)) - 12400696-0678-464b-ad01-faef76468be0: shutdown 12400696-0678-464b-ad01-faef76468be0@group-B85448540D00-FollowerState
2021-09-02 02:24:35,940 [grpc-default-executor-6] INFO  impl.RoleInfo (RoleInfo.java:updateAndGet(130)) - 12400696-0678-464b-ad01-faef76468be0: start 12400696-0678-464b-ad01-faef76468be0@group-B85448540D00-FollowerState
2021-09-02 02:24:35,941 [grpc-default-executor-9] INFO  server.RaftServer$Division (RaftServerImpl.java:requestVote(1043)) - a378c862-060f-4c80-8a42-fa0762e0f8c9@group-B85448540D00: receive requestVote(ELECTION, 9fd2e81d-61d0-44de-872c-4ae9b66045fe, group-B85448540D00, 3, (t:0, i:0))
2021-09-02 02:24:35,941 [grpc-default-executor-9] INFO  impl.VoteContext (VoteContext.java:log(48)) - a378c862-060f-4c80-8a42-fa0762e0f8c9@group-B85448540D00-FOLLOWER: accept ELECTION from 9fd2e81d-61d0-44de-872c-4ae9b66045fe: our priority 0 <= candidate's priority 1
2021-09-02 02:24:35,941 [grpc-default-executor-9] INFO  server.RaftServer$Division (RaftServerImpl.java:setRole(285)) - a378c862-060f-4c80-8a42-fa0762e0f8c9@group-B85448540D00: changes role from  FOLLOWER to FOLLOWER at term 3 for candidate:9fd2e81d-61d0-44de-872c-4ae9b66045fe
2021-09-02 02:24:35,941 [grpc-default-executor-9] INFO  impl.RoleInfo (RoleInfo.java:shutdownFollowerState(108)) - a378c862-060f-4c80-8a42-fa0762e0f8c9: shutdown a378c862-060f-4c80-8a42-fa0762e0f8c9@group-B85448540D00-FollowerState
2021-09-02 02:24:35,952 [grpc-default-executor-9] INFO  impl.RoleInfo (RoleInfo.java:updateAndGet(130)) - a378c862-060f-4c80-8a42-fa0762e0f8c9: start a378c862-060f-4c80-8a42-fa0762e0f8c9@group-B85448540D00-FollowerState
2021-09-02 02:24:35,952 [a378c862-060f-4c80-8a42-fa0762e0f8c9@group-B85448540D00-FollowerState] INFO  impl.FollowerState (FollowerState.java:run(143)) - a378c862-060f-4c80-8a42-fa0762e0f8c9@group-B85448540D00-FollowerState was interrupted: {}
java.lang.InterruptedException: sleep interrupted
	at java.lang.Thread.sleep(Native Method)
	at java.lang.Thread.sleep(Thread.java:340)
	at java.util.concurrent.TimeUnit.sleep(TimeUnit.java:386)
	at org.apache.ratis.util.TimeDuration.sleep(TimeDuration.java:324)
	at org.apache.ratis.util.TimeDuration.sleep(TimeDuration.java:309)
	at org.apache.ratis.server.impl.FollowerState.run(FollowerState.java:118)
2021-09-02 02:24:35,954 [grpc-default-executor-9] INFO  server.RaftServer$Division (RaftServerImpl.java:requestVote(1075)) - a378c862-060f-4c80-8a42-fa0762e0f8c9@group-B85448540D00 replies to ELECTION vote request: 9fd2e81d-61d0-44de-872c-4ae9b66045fe<-a378c862-060f-4c80-8a42-fa0762e0f8c9#0:OK-t3. Peer's state: a378c862-060f-4c80-8a42-fa0762e0f8c9@group-B85448540D00:t3, leader=null, voted=9fd2e81d-61d0-44de-872c-4ae9b66045fe, raftlog=a378c862-060f-4c80-8a42-fa0762e0f8c9@group-B85448540D00-SegmentedRaftLog:OPENED:c-1,f-1,i0, conf=-1: [12400696-0678-464b-ad01-faef76468be0|rpc:10.1.0.11:44187|priority:0, a378c862-060f-4c80-8a42-fa0762e0f8c9|rpc:10.1.0.11:42281|priority:0, 9fd2e81d-61d0-44de-872c-4ae9b66045fe|rpc:10.1.0.11:34541|priority:1], old=null
2021-09-02 02:24:35,955 [9fd2e81d-61d0-44de-872c-4ae9b66045fe@group-B85448540D00-LeaderElection170] INFO  impl.LeaderElection (LeaderElection.java:logAndReturn(89)) - 9fd2e81d-61d0-44de-872c-4ae9b66045fe@group-B85448540D00-LeaderElection170: ELECTION PASSED received 1 response(s) and 0 exception(s):
2021-09-02 02:24:35,955 [9fd2e81d-61d0-44de-872c-4ae9b66045fe@group-B85448540D00-LeaderElection170] INFO  impl.LeaderElection (LeaderElection.java:logAndReturn(93)) -   Response 0: 9fd2e81d-61d0-44de-872c-4ae9b66045fe<-a378c862-060f-4c80-8a42-fa0762e0f8c9#0:OK-t3
2021-09-02 02:24:35,955 [9fd2e81d-61d0-44de-872c-4ae9b66045fe@group-B85448540D00-LeaderElection170] INFO  impl.LeaderElection (LeaderElection.java:askForVotes(308)) - 9fd2e81d-61d0-44de-872c-4ae9b66045fe@group-B85448540D00-LeaderElection170 ELECTION round 0: result PASSED
2021-09-02 02:24:35,955 [9fd2e81d-61d0-44de-872c-4ae9b66045fe@group-B85448540D00-LeaderElection170] INFO  impl.RoleInfo (RoleInfo.java:shutdownLeaderElection(121)) - 9fd2e81d-61d0-44de-872c-4ae9b66045fe: shutdown 9fd2e81d-61d0-44de-872c-4ae9b66045fe@group-B85448540D00-LeaderElection170
2021-09-02 02:24:35,955 [9fd2e81d-61d0-44de-872c-4ae9b66045fe@group-B85448540D00-LeaderElection170] INFO  server.RaftServer$Division (RaftServerImpl.java:setRole(285)) - 9fd2e81d-61d0-44de-872c-4ae9b66045fe@group-B85448540D00: changes role from CANDIDATE to LEADER at term 3 for changeToLeader
2021-09-02 02:24:35,955 [9fd2e81d-61d0-44de-872c-4ae9b66045fe@group-B85448540D00-LeaderElection170] INFO  ratis.XceiverServerRatis (XceiverServerRatis.java:handleLeaderChangedNotification(861)) - Leader change notification received for group: group-B85448540D00 with new leaderId: 9fd2e81d-61d0-44de-872c-4ae9b66045fe
2021-09-02 02:24:35,955 [9fd2e81d-61d0-44de-872c-4ae9b66045fe@group-B85448540D00-LeaderElection170] INFO  server.RaftServer$Division (ServerState.java:setLeader(285)) - 9fd2e81d-61d0-44de-872c-4ae9b66045fe@group-B85448540D00: change Leader from null to 9fd2e81d-61d0-44de-872c-4ae9b66045fe at term 3 for becomeLeader, leader elected after 15615ms
2021-09-02 02:24:35,955 [9fd2e81d-61d0-44de-872c-4ae9b66045fe@group-B85448540D00-LeaderElection170] INFO  server.RaftServerConfigKeys (ConfUtils.java:logGet(44)) - raft.server.staging.catchup.gap = 1000 (default)
2021-09-02 02:24:35,955 [Datanode State Machine Thread - 0] WARN  statemachine.StateContext (StateContext.java:execute(621)) - No available thread in pool for past 1 seconds.
2021-09-02 02:24:35,955 [9fd2e81d-61d0-44de-872c-4ae9b66045fe@group-B85448540D00-LeaderElection170] INFO  server.RaftServerConfigKeys (ConfUtils.java:logGet(44)) - raft.server.write.element-limit = 1024 (custom)
2021-09-02 02:24:35,955 [9fd2e81d-61d0-44de-872c-4ae9b66045fe@group-B85448540D00-LeaderElection170] INFO  server.RaftServerConfigKeys (ConfUtils.java:logGet(44)) - raft.server.write.byte-limit = 1024 M (=1073741824) (custom)
2021-09-02 02:24:35,956 [9fd2e81d-61d0-44de-872c-4ae9b66045fe@group-B85448540D00-LeaderElection170] INFO  server.RaftServerConfigKeys (ConfUtils.java:logGet(44)) - raft.server.watch.timeout = 3000ms (custom)
2021-09-02 02:24:35,956 [9fd2e81d-61d0-44de-872c-4ae9b66045fe@group-B85448540D00-LeaderElection170] INFO  server.RaftServerConfigKeys (ConfUtils.java:logGet(44)) - raft.server.watch.timeout.denomination = 1s (default)
2021-09-02 02:24:35,956 [9fd2e81d-61d0-44de-872c-4ae9b66045fe@group-B85448540D00-LeaderElection170] INFO  server.RaftServerConfigKeys (ConfUtils.java:logGet(44)) - raft.server.watch.element-limit = 65536 (default)
2021-09-02 02:24:35,956 [9fd2e81d-61d0-44de-872c-4ae9b66045fe@group-B85448540D00-LeaderElection170] INFO  server.RaftServerConfigKeys (ConfUtils.java:logGet(44)) - raft.server.log.appender.snapshot.chunk.size.max = 16MB (=16777216) (default)
2021-09-02 02:24:35,956 [9fd2e81d-61d0-44de-872c-4ae9b66045fe@group-B85448540D00-LeaderElection170] INFO  server.RaftServerConfigKeys (ConfUtils.java:logGet(44)) - raft.server.log.appender.buffer.byte-limit = 33554432 (custom)
2021-09-02 02:24:35,956 [9fd2e81d-61d0-44de-872c-4ae9b66045fe@group-B85448540D00-LeaderElection170] INFO  server.RaftServerConfigKeys (ConfUtils.java:logGet(44)) - raft.server.log.appender.buffer.element-limit = 1 (custom)
2021-09-02 02:24:35,956 [9fd2e81d-61d0-44de-872c-4ae9b66045fe@group-B85448540D00-LeaderElection170] INFO  grpc.GrpcConfigKeys (ConfUtils.java:logGet(44)) - raft.grpc.server.leader.outstanding.appends.max = 128 (default)
2021-09-02 02:24:35,956 [9fd2e81d-61d0-44de-872c-4ae9b66045fe@group-B85448540D00-LeaderElection170] INFO  server.RaftServerConfigKeys (ConfUtils.java:logGet(44)) - raft.server.rpc.request.timeout = 3000ms (default)
2021-09-02 02:24:35,956 [9fd2e81d-61d0-44de-872c-4ae9b66045fe@group-B85448540D00-LeaderElection170] INFO  server.RaftServerConfigKeys (ConfUtils.java:logGet(44)) - raft.server.log.appender.install.snapshot.enabled = false (custom)
2021-09-02 02:24:35,959 [EventQueue-PipelineReportForPipelineReportHandler] INFO  pipeline.PipelineManagerImpl (PipelineManagerImpl.java:openPipeline(282)) - Pipeline Pipeline[ Id: 2454dacd-6beb-41a7-8ffd-b85448540d00, Nodes: 12400696-0678-464b-ad01-faef76468be0{ip: 10.1.0.11, host: fv-az195-103.u3nnjwd0vyge1bu22idnsdeq2e.cx.internal.cloudapp.net, ports: [REPLICATION=34965, RATIS=44187, RATIS_ADMIN=44187, RATIS_SERVER=44187, STANDALONE=33307], networkLocation: /default-rack, certSerialId: null, persistedOpState: IN_SERVICE, persistedOpStateExpiryEpochSec: 0}9fd2e81d-61d0-44de-872c-4ae9b66045fe{ip: 10.1.0.11, host: fv-az195-103.u3nnjwd0vyge1bu22idnsdeq2e.cx.internal.cloudapp.net, ports: [REPLICATION=43381, RATIS=34541, RATIS_ADMIN=34541, RATIS_SERVER=34541, STANDALONE=35945], networkLocation: /default-rack, certSerialId: null, persistedOpState: IN_SERVICE, persistedOpStateExpiryEpochSec: 0}a378c862-060f-4c80-8a42-fa0762e0f8c9{ip: 10.1.0.11, host: fv-az195-103.u3nnjwd0vyge1bu22idnsdeq2e.cx.internal.cloudapp.net, ports: [REPLICATION=35779, RATIS=42281, RATIS_ADMIN=42281, RATIS_SERVER=42281, STANDALONE=39649], networkLocation: /default-rack, certSerialId: null, persistedOpState: IN_SERVICE, persistedOpStateExpiryEpochSec: 0}, ReplicationConfig: RATIS/THREE, State:ALLOCATED, leaderId:9fd2e81d-61d0-44de-872c-4ae9b66045fe, CreationTimestamp2021-09-02T02:24:17.888Z[Etc/UTC]] moved to OPEN state
2021-09-02 02:24:35,975 [9fd2e81d-61d0-44de-872c-4ae9b66045fe@group-B85448540D00-LeaderElection170] INFO  server.RaftServerConfigKeys (ConfUtils.java:logGet(44)) - raft.server.log.appender.snapshot.chunk.size.max = 16MB (=16777216) (default)
2021-09-02 02:24:35,983 [9fd2e81d-61d0-44de-872c-4ae9b66045fe@group-B85448540D00-LeaderElection170] INFO  server.RaftServerConfigKeys (ConfUtils.java:logGet(44)) - raft.server.log.appender.buffer.byte-limit = 33554432 (custom)
2021-09-02 02:24:35,983 [9fd2e81d-61d0-44de-872c-4ae9b66045fe@group-B85448540D00-LeaderElection170] INFO  server.RaftServerConfigKeys (ConfUtils.java:logGet(44)) - raft.server.log.appender.buffer.element-limit = 1 (custom)
2021-09-02 02:24:35,983 [9fd2e81d-61d0-44de-872c-4ae9b66045fe@group-B85448540D00-LeaderElection170] INFO  grpc.GrpcConfigKeys (ConfUtils.java:logGet(44)) - raft.grpc.server.leader.outstanding.appends.max = 128 (default)
2021-09-02 02:24:35,983 [9fd2e81d-61d0-44de-872c-4ae9b66045fe@group-B85448540D00-LeaderElection170] INFO  server.RaftServerConfigKeys (ConfUtils.java:logGet(44)) - raft.server.rpc.request.timeout = 3000ms (default)
2021-09-02 02:24:35,983 [9fd2e81d-61d0-44de-872c-4ae9b66045fe@group-B85448540D00-LeaderElection170] INFO  server.RaftServerConfigKeys (ConfUtils.java:logGet(44)) - raft.server.log.appender.install.snapshot.enabled = false (custom)
2021-09-02 02:24:35,993 [12400696-0678-464b-ad01-faef76468be0@group-B85448540D00-FollowerState] INFO  impl.FollowerState (FollowerState.java:run(143)) - 12400696-0678-464b-ad01-faef76468be0@group-B85448540D00-FollowerState was interrupted: {}
java.lang.InterruptedException: sleep interrupted
	at java.lang.Thread.sleep(Native Method)
	at java.lang.Thread.sleep(Thread.java:340)
	at java.util.concurrent.TimeUnit.sleep(TimeUnit.java:386)
	at org.apache.ratis.util.TimeDuration.sleep(TimeDuration.java:324)
	at org.apache.ratis.util.TimeDuration.sleep(TimeDuration.java:309)
	at org.apache.ratis.server.impl.FollowerState.run(FollowerState.java:118)
2021-09-02 02:24:35,997 [9fd2e81d-61d0-44de-872c-4ae9b66045fe@group-B85448540D00-LeaderElection170] INFO  impl.RoleInfo (RoleInfo.java:updateAndGet(130)) - 9fd2e81d-61d0-44de-872c-4ae9b66045fe: start 9fd2e81d-61d0-44de-872c-4ae9b66045fe@group-B85448540D00-LeaderStateImpl
2021-09-02 02:24:35,998 [9fd2e81d-61d0-44de-872c-4ae9b66045fe@group-B85448540D00-LeaderElection170] INFO  segmented.SegmentedRaftLogWorker (SegmentedRaftLogWorker.java:startLogSegment(394)) - 9fd2e81d-61d0-44de-872c-4ae9b66045fe@group-B85448540D00-SegmentedRaftLogWorker: Starting segment from index:0
2021-09-02 02:24:35,999 [grpc-default-executor-6] INFO  server.RaftServer$Division (RaftServerImpl.java:requestVote(1075)) - 12400696-0678-464b-ad01-faef76468be0@group-B85448540D00 replies to ELECTION vote request: 9fd2e81d-61d0-44de-872c-4ae9b66045fe<-12400696-0678-464b-ad01-faef76468be0#0:OK-t3. Peer's state: 12400696-0678-464b-ad01-faef76468be0@group-B85448540D00:t3, leader=null, voted=9fd2e81d-61d0-44de-872c-4ae9b66045fe, raftlog=12400696-0678-464b-ad01-faef76468be0@group-B85448540D00-SegmentedRaftLog:OPENED:c-1,f-1,i0, conf=-1: [12400696-0678-464b-ad01-faef76468be0|rpc:10.1.0.11:44187|priority:0, a378c862-060f-4c80-8a42-fa0762e0f8c9|rpc:10.1.0.11:42281|priority:0, 9fd2e81d-61d0-44de-872c-4ae9b66045fe|rpc:10.1.0.11:34541|priority:1], old=null
2021-09-02 02:24:36,001 [9fd2e81d-61d0-44de-872c-4ae9b66045fe@group-B85448540D00-SegmentedRaftLogWorker] INFO  segmented.SegmentedRaftLogWorker (SegmentedRaftLogWorker.java:execute(601)) - 9fd2e81d-61d0-44de-872c-4ae9b66045fe@group-B85448540D00-SegmentedRaftLogWorker: created new log segment /home/runner/work/ozone/ozone/hadoop-ozone/integration-test/target/test-dir/MiniOzoneClusterImpl-29bc8a50-871c-4f9e-822f-1a9e32d9d7f8/datanode-2/data/ratis/2454dacd-6beb-41a7-8ffd-b85448540d00/current/log_inprogress_0
2021-09-02 02:24:36,015 [grpc-default-executor-6] INFO  ratis.XceiverServerRatis (XceiverServerRatis.java:handleLeaderChangedNotification(861)) - Leader change notification received for group: group-B85448540D00 with new leaderId: 9fd2e81d-61d0-44de-872c-4ae9b66045fe
2021-09-02 02:24:36,015 [grpc-default-executor-6] INFO  server.RaftServer$Division (ServerState.java:setLeader(285)) - 12400696-0678-464b-ad01-faef76468be0@group-B85448540D00: change Leader from null to 9fd2e81d-61d0-44de-872c-4ae9b66045fe at term 3 for appendEntries, leader elected after 15769ms
2021-09-02 02:24:36,019 [9fd2e81d-61d0-44de-872c-4ae9b66045fe@group-B85448540D00-LeaderElection170] INFO  server.RaftServer$Division (ServerState.java:setRaftConf(387)) - 9fd2e81d-61d0-44de-872c-4ae9b66045fe@group-B85448540D00: set configuration 0: [12400696-0678-464b-ad01-faef76468be0|rpc:10.1.0.11:44187|dataStream:|priority:0, a378c862-060f-4c80-8a42-fa0762e0f8c9|rpc:10.1.0.11:42281|dataStream:|priority:0, 9fd2e81d-61d0-44de-872c-4ae9b66045fe|rpc:10.1.0.11:34541|dataStream:|priority:1], old=null
2021-09-02 02:24:36,093 [grpc-default-executor-6] INFO  server.RaftServer$Division (ServerState.java:setRaftConf(387)) - 12400696-0678-464b-ad01-faef76468be0@group-B85448540D00: set configuration 0: [12400696-0678-464b-ad01-faef76468be0|rpc:10.1.0.11:44187|dataStream:|priority:0, a378c862-060f-4c80-8a42-fa0762e0f8c9|rpc:10.1.0.11:42281|dataStream:|priority:0, 9fd2e81d-61d0-44de-872c-4ae9b66045fe|rpc:10.1.0.11:34541|dataStream:|priority:1], old=null
2021-09-02 02:24:36,094 [grpc-default-executor-6] INFO  segmented.SegmentedRaftLogWorker (SegmentedRaftLogWorker.java:startLogSegment(394)) - 12400696-0678-464b-ad01-faef76468be0@group-B85448540D00-SegmentedRaftLogWorker: Starting segment from index:0
2021-09-02 02:24:36,102 [12400696-0678-464b-ad01-faef76468be0@group-B85448540D00-SegmentedRaftLogWorker] INFO  segmented.SegmentedRaftLogWorker (SegmentedRaftLogWorker.java:execute(601)) - 12400696-0678-464b-ad01-faef76468be0@group-B85448540D00-SegmentedRaftLogWorker: created new log segment /home/runner/work/ozone/ozone/hadoop-ozone/integration-test/target/test-dir/MiniOzoneClusterImpl-29bc8a50-871c-4f9e-822f-1a9e32d9d7f8/datanode-0/data/ratis/2454dacd-6beb-41a7-8ffd-b85448540d00/current/log_inprogress_0
2021-09-02 02:24:36,179 [grpc-default-executor-6] INFO  ratis.XceiverServerRatis (XceiverServerRatis.java:handleLeaderChangedNotification(861)) - Leader change notification received for group: group-B85448540D00 with new leaderId: 9fd2e81d-61d0-44de-872c-4ae9b66045fe
2021-09-02 02:24:36,179 [grpc-default-executor-6] INFO  server.RaftServer$Division (ServerState.java:setLeader(285)) - a378c862-060f-4c80-8a42-fa0762e0f8c9@group-B85448540D00: change Leader from null to 9fd2e81d-61d0-44de-872c-4ae9b66045fe at term 3 for appendEntries, leader elected after 15873ms
2021-09-02 02:24:36,196 [grpc-default-executor-6] INFO  server.RaftServer$Division (ServerState.java:setRaftConf(387)) - a378c862-060f-4c80-8a42-fa0762e0f8c9@group-B85448540D00: set configuration 0: [12400696-0678-464b-ad01-faef76468be0|rpc:10.1.0.11:44187|dataStream:|priority:0, a378c862-060f-4c80-8a42-fa0762e0f8c9|rpc:10.1.0.11:42281|dataStream:|priority:0, 9fd2e81d-61d0-44de-872c-4ae9b66045fe|rpc:10.1.0.11:34541|dataStream:|priority:1], old=null
2021-09-02 02:24:36,197 [grpc-default-executor-6] INFO  segmented.SegmentedRaftLogWorker (SegmentedRaftLogWorker.java:startLogSegment(394)) - a378c862-060f-4c80-8a42-fa0762e0f8c9@group-B85448540D00-SegmentedRaftLogWorker: Starting segment from index:0
2021-09-02 02:24:36,199 [a378c862-060f-4c80-8a42-fa0762e0f8c9@group-B85448540D00-SegmentedRaftLogWorker] INFO  segmented.SegmentedRaftLogWorker (SegmentedRaftLogWorker.java:execute(601)) - a378c862-060f-4c80-8a42-fa0762e0f8c9@group-B85448540D00-SegmentedRaftLogWorker: created new log segment /home/runner/work/ozone/ozone/hadoop-ozone/integration-test/target/test-dir/MiniOzoneClusterImpl-29bc8a50-871c-4f9e-822f-1a9e32d9d7f8/datanode-1/data/ratis/2454dacd-6beb-41a7-8ffd-b85448540d00/current/log_inprogress_0
2021-09-02 02:24:37,683 [187906f6-3436-4d7b-ba29-fc09579eb1c8@group-D22779799422-FollowerState] INFO  impl.FollowerState (FollowerState.java:run(134)) - 187906f6-3436-4d7b-ba29-fc09579eb1c8@group-D22779799422-FollowerState: change to CANDIDATE, lastRpcElapsedTime:5023422546ns, electionTimeout:5014ms
2021-09-02 02:24:37,683 [187906f6-3436-4d7b-ba29-fc09579eb1c8@group-D22779799422-FollowerState] INFO  impl.RoleInfo (RoleInfo.java:shutdownFollowerState(108)) - 187906f6-3436-4d7b-ba29-fc09579eb1c8: shutdown 187906f6-3436-4d7b-ba29-fc09579eb1c8@group-D22779799422-FollowerState
2021-09-02 02:24:37,683 [187906f6-3436-4d7b-ba29-fc09579eb1c8@group-D22779799422-FollowerState] INFO  server.RaftServer$Division (RaftServerImpl.java:setRole(285)) - 187906f6-3436-4d7b-ba29-fc09579eb1c8@group-D22779799422: changes role from  FOLLOWER to CANDIDATE at term 2 for changeToCandidate
2021-09-02 02:24:37,683 [187906f6-3436-4d7b-ba29-fc09579eb1c8@group-D22779799422-FollowerState] INFO  server.RaftServerConfigKeys (ConfUtils.java:logGet(44)) - raft.server.leaderelection.pre-vote = false (custom)
2021-09-02 02:24:37,684 [187906f6-3436-4d7b-ba29-fc09579eb1c8@group-D22779799422-FollowerState] INFO  impl.RoleInfo (RoleInfo.java:updateAndGet(130)) - 187906f6-3436-4d7b-ba29-fc09579eb1c8: start 187906f6-3436-4d7b-ba29-fc09579eb1c8@group-D22779799422-LeaderElection171
2021-09-02 02:24:37,686 [187906f6-3436-4d7b-ba29-fc09579eb1c8@group-D22779799422-LeaderElection171] INFO  impl.LeaderElection (LeaderElection.java:askForVotes(306)) - 187906f6-3436-4d7b-ba29-fc09579eb1c8@group-D22779799422-LeaderElection171 ELECTION round 0: submit vote requests at term 3 for -1: [3c795851-1066-4b85-8bc1-6af36b99c451|rpc:10.1.0.11:42401|dataStream:|priority:1, 187906f6-3436-4d7b-ba29-fc09579eb1c8|rpc:10.1.0.11:41159|dataStream:|priority:0, af0a5c91-f714-4dc1-a2f1-efe0e47618a1|rpc:10.1.0.11:35001|dataStream:|priority:0], old=null
2021-09-02 02:24:37,787 [grpc-default-executor-6] INFO  server.RaftServer$Division (RaftServerImpl.java:requestVote(1043)) - af0a5c91-f714-4dc1-a2f1-efe0e47618a1@group-D22779799422: receive requestVote(ELECTION, 187906f6-3436-4d7b-ba29-fc09579eb1c8, group-D22779799422, 3, (t:0, i:0))
2021-09-02 02:24:37,787 [grpc-default-executor-6] INFO  impl.VoteContext (VoteContext.java:log(48)) - af0a5c91-f714-4dc1-a2f1-efe0e47618a1@group-D22779799422-FOLLOWER: accept ELECTION from 187906f6-3436-4d7b-ba29-fc09579eb1c8: our priority 0 <= candidate's priority 0
2021-09-02 02:24:37,787 [grpc-default-executor-6] INFO  server.RaftServer$Division (RaftServerImpl.java:setRole(285)) - af0a5c91-f714-4dc1-a2f1-efe0e47618a1@group-D22779799422: changes role from  FOLLOWER to FOLLOWER at term 3 for candidate:187906f6-3436-4d7b-ba29-fc09579eb1c8
2021-09-02 02:24:37,788 [grpc-default-executor-6] INFO  impl.RoleInfo (RoleInfo.java:shutdownFollowerState(108)) - af0a5c91-f714-4dc1-a2f1-efe0e47618a1: shutdown af0a5c91-f714-4dc1-a2f1-efe0e47618a1@group-D22779799422-FollowerState
2021-09-02 02:24:37,788 [grpc-default-executor-6] INFO  impl.RoleInfo (RoleInfo.java:updateAndGet(130)) - af0a5c91-f714-4dc1-a2f1-efe0e47618a1: start af0a5c91-f714-4dc1-a2f1-efe0e47618a1@group-D22779799422-FollowerState
2021-09-02 02:24:37,788 [grpc-default-executor-9] INFO  server.RaftServer$Division (RaftServerImpl.java:requestVote(1043)) - 3c795851-1066-4b85-8bc1-6af36b99c451@group-D22779799422: receive requestVote(ELECTION, 187906f6-3436-4d7b-ba29-fc09579eb1c8, group-D22779799422, 3, (t:0, i:0))
2021-09-02 02:24:37,788 [grpc-default-executor-9] INFO  impl.VoteContext (VoteContext.java:log(48)) - 3c795851-1066-4b85-8bc1-6af36b99c451@group-D22779799422-FOLLOWER: reject ELECTION from 187906f6-3436-4d7b-ba29-fc09579eb1c8: our priority 1 > candidate's priority 0
2021-09-02 02:24:37,788 [grpc-default-executor-9] INFO  server.RaftServer$Division (RaftServerImpl.java:setRole(285)) - 3c795851-1066-4b85-8bc1-6af36b99c451@group-D22779799422: changes role from  FOLLOWER to FOLLOWER at term 3 for candidate:187906f6-3436-4d7b-ba29-fc09579eb1c8
2021-09-02 02:24:37,788 [grpc-default-executor-9] INFO  impl.RoleInfo (RoleInfo.java:shutdownFollowerState(108)) - 3c795851-1066-4b85-8bc1-6af36b99c451: shutdown 3c795851-1066-4b85-8bc1-6af36b99c451@group-D22779799422-FollowerState
2021-09-02 02:24:37,803 [af0a5c91-f714-4dc1-a2f1-efe0e47618a1@group-D22779799422-FollowerState] INFO  impl.FollowerState (FollowerState.java:run(127)) - af0a5c91-f714-4dc1-a2f1-efe0e47618a1@group-D22779799422-FollowerState: Stopping now (isRunning? false, isFollower? true)
2021-09-02 02:24:37,804 [grpc-default-executor-9] INFO  impl.RoleInfo (RoleInfo.java:updateAndGet(130)) - 3c795851-1066-4b85-8bc1-6af36b99c451: start 3c795851-1066-4b85-8bc1-6af36b99c451@group-D22779799422-FollowerState
2021-09-02 02:24:37,804 [3c795851-1066-4b85-8bc1-6af36b99c451@group-D22779799422-FollowerState] INFO  impl.FollowerState (FollowerState.java:run(143)) - 3c795851-1066-4b85-8bc1-6af36b99c451@group-D22779799422-FollowerState was interrupted: {}
java.lang.InterruptedException: sleep interrupted
	at java.lang.Thread.sleep(Native Method)
	at java.lang.Thread.sleep(Thread.java:340)
	at java.util.concurrent.TimeUnit.sleep(TimeUnit.java:386)
	at org.apache.ratis.util.TimeDuration.sleep(TimeDuration.java:324)
	at org.apache.ratis.util.TimeDuration.sleep(TimeDuration.java:309)
	at org.apache.ratis.server.impl.FollowerState.run(FollowerState.java:118)
2021-09-02 02:24:37,807 [grpc-default-executor-6] INFO  server.RaftServer$Division (RaftServerImpl.java:requestVote(1075)) - af0a5c91-f714-4dc1-a2f1-efe0e47618a1@group-D22779799422 replies to ELECTION vote request: 187906f6-3436-4d7b-ba29-fc09579eb1c8<-af0a5c91-f714-4dc1-a2f1-efe0e47618a1#0:OK-t3. Peer's state: af0a5c91-f714-4dc1-a2f1-efe0e47618a1@group-D22779799422:t3, leader=null, voted=187906f6-3436-4d7b-ba29-fc09579eb1c8, raftlog=af0a5c91-f714-4dc1-a2f1-efe0e47618a1@group-D22779799422-SegmentedRaftLog:OPENED:c-1,f-1,i0, conf=-1: [3c795851-1066-4b85-8bc1-6af36b99c451|rpc:10.1.0.11:42401|priority:1, 187906f6-3436-4d7b-ba29-fc09579eb1c8|rpc:10.1.0.11:41159|priority:0, af0a5c91-f714-4dc1-a2f1-efe0e47618a1|rpc:10.1.0.11:35001|priority:0], old=null
2021-09-02 02:24:37,861 [grpc-default-executor-9] INFO  server.RaftServer$Division (RaftServerImpl.java:requestVote(1075)) - 3c795851-1066-4b85-8bc1-6af36b99c451@group-D22779799422 replies to ELECTION vote request: 187906f6-3436-4d7b-ba29-fc09579eb1c8<-3c795851-1066-4b85-8bc1-6af36b99c451#0:FAIL-t3. Peer's state: 3c795851-1066-4b85-8bc1-6af36b99c451@group-D22779799422:t3, leader=null, voted=null, raftlog=3c795851-1066-4b85-8bc1-6af36b99c451@group-D22779799422-SegmentedRaftLog:OPENED:c-1,f-1,i0, conf=-1: [3c795851-1066-4b85-8bc1-6af36b99c451|rpc:10.1.0.11:42401|dataStream:|priority:1, 187906f6-3436-4d7b-ba29-fc09579eb1c8|rpc:10.1.0.11:41159|dataStream:|priority:0, af0a5c91-f714-4dc1-a2f1-efe0e47618a1|rpc:10.1.0.11:35001|dataStream:|priority:0], old=null
2021-09-02 02:24:37,862 [187906f6-3436-4d7b-ba29-fc09579eb1c8@group-D22779799422-LeaderElection171] INFO  impl.LeaderElection (LeaderElection.java:logAndReturn(89)) - 187906f6-3436-4d7b-ba29-fc09579eb1c8@group-D22779799422-LeaderElection171: ELECTION REJECTED received 2 response(s) and 0 exception(s):
2021-09-02 02:24:37,862 [187906f6-3436-4d7b-ba29-fc09579eb1c8@group-D22779799422-LeaderElection171] INFO  impl.LeaderElection (LeaderElection.java:logAndReturn(93)) -   Response 0: 187906f6-3436-4d7b-ba29-fc09579eb1c8<-3c795851-1066-4b85-8bc1-6af36b99c451#0:FAIL-t3
2021-09-02 02:24:37,862 [187906f6-3436-4d7b-ba29-fc09579eb1c8@group-D22779799422-LeaderElection171] INFO  impl.LeaderElection (LeaderElection.java:logAndReturn(93)) -   Response 1: 187906f6-3436-4d7b-ba29-fc09579eb1c8<-af0a5c91-f714-4dc1-a2f1-efe0e47618a1#0:OK-t3
2021-09-02 02:24:37,862 [187906f6-3436-4d7b-ba29-fc09579eb1c8@group-D22779799422-LeaderElection171] INFO  impl.LeaderElection (LeaderElection.java:askForVotes(308)) - 187906f6-3436-4d7b-ba29-fc09579eb1c8@group-D22779799422-LeaderElection171 ELECTION round 0: result REJECTED
2021-09-02 02:24:37,862 [187906f6-3436-4d7b-ba29-fc09579eb1c8@group-D22779799422-LeaderElection171] INFO  server.RaftServer$Division (RaftServerImpl.java:setRole(285)) - 187906f6-3436-4d7b-ba29-fc09579eb1c8@group-D22779799422: changes role from CANDIDATE to FOLLOWER at term 3 for REJECTED
2021-09-02 02:24:37,862 [187906f6-3436-4d7b-ba29-fc09579eb1c8@group-D22779799422-LeaderElection171] INFO  impl.RoleInfo (RoleInfo.java:shutdownLeaderElection(121)) - 187906f6-3436-4d7b-ba29-fc09579eb1c8: shutdown 187906f6-3436-4d7b-ba29-fc09579eb1c8@group-D22779799422-LeaderElection171
2021-09-02 02:24:37,862 [187906f6-3436-4d7b-ba29-fc09579eb1c8@group-D22779799422-LeaderElection171] INFO  impl.RoleInfo (RoleInfo.java:updateAndGet(130)) - 187906f6-3436-4d7b-ba29-fc09579eb1c8: start 187906f6-3436-4d7b-ba29-fc09579eb1c8@group-D22779799422-FollowerState
2021-09-02 02:24:38,199 [187906f6-3436-4d7b-ba29-fc09579eb1c8@group-24BBA463E12F-FollowerState] INFO  impl.FollowerState (FollowerState.java:run(134)) - 187906f6-3436-4d7b-ba29-fc09579eb1c8@group-24BBA463E12F-FollowerState: change to CANDIDATE, lastRpcElapsedTime:5030076272ns, electionTimeout:5019ms
2021-09-02 02:24:38,200 [187906f6-3436-4d7b-ba29-fc09579eb1c8@group-24BBA463E12F-FollowerState] INFO  impl.RoleInfo (RoleInfo.java:shutdownFollowerState(108)) - 187906f6-3436-4d7b-ba29-fc09579eb1c8: shutdown 187906f6-3436-4d7b-ba29-fc09579eb1c8@group-24BBA463E12F-FollowerState
2021-09-02 02:24:38,200 [187906f6-3436-4d7b-ba29-fc09579eb1c8@group-24BBA463E12F-FollowerState] INFO  server.RaftServer$Division (RaftServerImpl.java:setRole(285)) - 187906f6-3436-4d7b-ba29-fc09579eb1c8@group-24BBA463E12F: changes role from  FOLLOWER to CANDIDATE at term 2 for changeToCandidate
2021-09-02 02:24:38,200 [187906f6-3436-4d7b-ba29-fc09579eb1c8@group-24BBA463E12F-FollowerState] INFO  server.RaftServerConfigKeys (ConfUtils.java:logGet(44)) - raft.server.leaderelection.pre-vote = false (custom)
2021-09-02 02:24:38,200 [187906f6-3436-4d7b-ba29-fc09579eb1c8@group-24BBA463E12F-FollowerState] INFO  impl.RoleInfo (RoleInfo.java:updateAndGet(130)) - 187906f6-3436-4d7b-ba29-fc09579eb1c8: start 187906f6-3436-4d7b-ba29-fc09579eb1c8@group-24BBA463E12F-LeaderElection172
2021-09-02 02:24:38,202 [187906f6-3436-4d7b-ba29-fc09579eb1c8@group-24BBA463E12F-LeaderElection172] INFO  impl.LeaderElection (LeaderElection.java:askForVotes(306)) - 187906f6-3436-4d7b-ba29-fc09579eb1c8@group-24BBA463E12F-LeaderElection172 ELECTION round 0: submit vote requests at term 3 for -1: [3c795851-1066-4b85-8bc1-6af36b99c451|rpc:10.1.0.11:42401|priority:0, af0a5c91-f714-4dc1-a2f1-efe0e47618a1|rpc:10.1.0.11:35001|priority:0, 187906f6-3436-4d7b-ba29-fc09579eb1c8|rpc:10.1.0.11:41159|priority:1], old=null
2021-09-02 02:24:38,204 [af0a5c91-f714-4dc1-a2f1-efe0e47618a1@group-24BBA463E12F-FollowerState] INFO  impl.FollowerState (FollowerState.java:run(134)) - af0a5c91-f714-4dc1-a2f1-efe0e47618a1@group-24BBA463E12F-FollowerState: change to CANDIDATE, lastRpcElapsedTime:5017676605ns, electionTimeout:5002ms
2021-09-02 02:24:38,204 [af0a5c91-f714-4dc1-a2f1-efe0e47618a1@group-24BBA463E12F-FollowerState] INFO  impl.RoleInfo (RoleInfo.java:shutdownFollowerState(108)) - af0a5c91-f714-4dc1-a2f1-efe0e47618a1: shutdown af0a5c91-f714-4dc1-a2f1-efe0e47618a1@group-24BBA463E12F-FollowerState
2021-09-02 02:24:38,204 [af0a5c91-f714-4dc1-a2f1-efe0e47618a1@group-24BBA463E12F-FollowerState] INFO  server.RaftServer$Division (RaftServerImpl.java:setRole(285)) - af0a5c91-f714-4dc1-a2f1-efe0e47618a1@group-24BBA463E12F: changes role from  FOLLOWER to CANDIDATE at term 2 for changeToCandidate
2021-09-02 02:24:38,205 [grpc-default-executor-9] INFO  server.RaftServer$Division (RaftServerImpl.java:requestVote(1043)) - 3c795851-1066-4b85-8bc1-6af36b99c451@group-24BBA463E12F: receive requestVote(ELECTION, 187906f6-3436-4d7b-ba29-fc09579eb1c8, group-24BBA463E12F, 3, (t:0, i:0))
2021-09-02 02:24:38,206 [grpc-default-executor-9] INFO  impl.VoteContext (VoteContext.java:log(48)) - 3c795851-1066-4b85-8bc1-6af36b99c451@group-24BBA463E12F-FOLLOWER: accept ELECTION from 187906f6-3436-4d7b-ba29-fc09579eb1c8: our priority 0 <= candidate's priority 1
2021-09-02 02:24:38,206 [grpc-default-executor-9] INFO  server.RaftServer$Division (RaftServerImpl.java:setRole(285)) - 3c795851-1066-4b85-8bc1-6af36b99c451@group-24BBA463E12F: changes role from  FOLLOWER to FOLLOWER at term 3 for candidate:187906f6-3436-4d7b-ba29-fc09579eb1c8
2021-09-02 02:24:38,206 [grpc-default-executor-9] INFO  impl.RoleInfo (RoleInfo.java:shutdownFollowerState(108)) - 3c795851-1066-4b85-8bc1-6af36b99c451: shutdown 3c795851-1066-4b85-8bc1-6af36b99c451@group-24BBA463E12F-FollowerState
2021-09-02 02:24:38,214 [grpc-default-executor-6] INFO  server.RaftServer$Division (RaftServerImpl.java:requestVote(1043)) - af0a5c91-f714-4dc1-a2f1-efe0e47618a1@group-24BBA463E12F: receive requestVote(ELECTION, 187906f6-3436-4d7b-ba29-fc09579eb1c8, group-24BBA463E12F, 3, (t:0, i:0))
2021-09-02 02:24:38,231 [grpc-default-executor-9] INFO  impl.RoleInfo (RoleInfo.java:updateAndGet(130)) - 3c795851-1066-4b85-8bc1-6af36b99c451: start 3c795851-1066-4b85-8bc1-6af36b99c451@group-24BBA463E12F-FollowerState
2021-09-02 02:24:38,231 [3c795851-1066-4b85-8bc1-6af36b99c451@group-24BBA463E12F-FollowerState] INFO  impl.FollowerState (FollowerState.java:run(143)) - 3c795851-1066-4b85-8bc1-6af36b99c451@group-24BBA463E12F-FollowerState was interrupted: {}
java.lang.InterruptedException: sleep interrupted
	at java.lang.Thread.sleep(Native Method)
	at java.lang.Thread.sleep(Thread.java:340)
	at java.util.concurrent.TimeUnit.sleep(TimeUnit.java:386)
	at org.apache.ratis.util.TimeDuration.sleep(TimeDuration.java:324)
	at org.apache.ratis.util.TimeDuration.sleep(TimeDuration.java:309)
	at org.apache.ratis.server.impl.FollowerState.run(FollowerState.java:118)
2021-09-02 02:24:38,232 [af0a5c91-f714-4dc1-a2f1-efe0e47618a1@group-24BBA463E12F-FollowerState] INFO  server.RaftServerConfigKeys (ConfUtils.java:logGet(44)) - raft.server.leaderelection.pre-vote = false (custom)
2021-09-02 02:24:38,232 [af0a5c91-f714-4dc1-a2f1-efe0e47618a1@group-24BBA463E12F-FollowerState] INFO  impl.RoleInfo (RoleInfo.java:updateAndGet(130)) - af0a5c91-f714-4dc1-a2f1-efe0e47618a1: start af0a5c91-f714-4dc1-a2f1-efe0e47618a1@group-24BBA463E12F-LeaderElection173
2021-09-02 02:24:38,232 [grpc-default-executor-6] INFO  impl.VoteContext (VoteContext.java:log(48)) - af0a5c91-f714-4dc1-a2f1-efe0e47618a1@group-24BBA463E12F-CANDIDATE: accept ELECTION from 187906f6-3436-4d7b-ba29-fc09579eb1c8: our priority 0 <= candidate's priority 1
2021-09-02 02:24:38,232 [grpc-default-executor-6] INFO  server.RaftServer$Division (RaftServerImpl.java:setRole(285)) - af0a5c91-f714-4dc1-a2f1-efe0e47618a1@group-24BBA463E12F: changes role from CANDIDATE to FOLLOWER at term 3 for candidate:187906f6-3436-4d7b-ba29-fc09579eb1c8
2021-09-02 02:24:38,232 [grpc-default-executor-6] INFO  impl.RoleInfo (RoleInfo.java:shutdownLeaderElection(121)) - af0a5c91-f714-4dc1-a2f1-efe0e47618a1: shutdown af0a5c91-f714-4dc1-a2f1-efe0e47618a1@group-24BBA463E12F-LeaderElection173
2021-09-02 02:24:38,232 [grpc-default-executor-6] INFO  impl.RoleInfo (RoleInfo.java:updateAndGet(130)) - af0a5c91-f714-4dc1-a2f1-efe0e47618a1: start af0a5c91-f714-4dc1-a2f1-efe0e47618a1@group-24BBA463E12F-FollowerState
2021-09-02 02:24:38,233 [grpc-default-executor-9] INFO  server.RaftServer$Division (RaftServerImpl.java:requestVote(1075)) - 3c795851-1066-4b85-8bc1-6af36b99c451@group-24BBA463E12F replies to ELECTION vote request: 187906f6-3436-4d7b-ba29-fc09579eb1c8<-3c795851-1066-4b85-8bc1-6af36b99c451#0:OK-t3. Peer's state: 3c795851-1066-4b85-8bc1-6af36b99c451@group-24BBA463E12F:t3, leader=null, voted=187906f6-3436-4d7b-ba29-fc09579eb1c8, raftlog=3c795851-1066-4b85-8bc1-6af36b99c451@group-24BBA463E12F-SegmentedRaftLog:OPENED:c-1,f-1,i0, conf=-1: [3c795851-1066-4b85-8bc1-6af36b99c451|rpc:10.1.0.11:42401|dataStream:|priority:0, af0a5c91-f714-4dc1-a2f1-efe0e47618a1|rpc:10.1.0.11:35001|dataStream:|priority:0, 187906f6-3436-4d7b-ba29-fc09579eb1c8|rpc:10.1.0.11:41159|dataStream:|priority:1], old=null
2021-09-02 02:24:38,233 [af0a5c91-f714-4dc1-a2f1-efe0e47618a1@group-24BBA463E12F-LeaderElection173] INFO  impl.LeaderElection (LeaderElection.java:run(230)) - af0a5c91-f714-4dc1-a2f1-efe0e47618a1@group-24BBA463E12F-LeaderElection173: skip running since this is already CLOSING
2021-09-02 02:24:38,234 [187906f6-3436-4d7b-ba29-fc09579eb1c8@group-24BBA463E12F-LeaderElection172] INFO  impl.LeaderElection (LeaderElection.java:logAndReturn(89)) - 187906f6-3436-4d7b-ba29-fc09579eb1c8@group-24BBA463E12F-LeaderElection172: ELECTION PASSED received 1 response(s) and 0 exception(s):
2021-09-02 02:24:38,234 [187906f6-3436-4d7b-ba29-fc09579eb1c8@group-24BBA463E12F-LeaderElection172] INFO  impl.LeaderElection (LeaderElection.java:logAndReturn(93)) -   Response 0: 187906f6-3436-4d7b-ba29-fc09579eb1c8<-3c795851-1066-4b85-8bc1-6af36b99c451#0:OK-t3
2021-09-02 02:24:38,234 [187906f6-3436-4d7b-ba29-fc09579eb1c8@group-24BBA463E12F-LeaderElection172] INFO  impl.LeaderElection (LeaderElection.java:askForVotes(308)) - 187906f6-3436-4d7b-ba29-fc09579eb1c8@group-24BBA463E12F-LeaderElection172 ELECTION round 0: result PASSED
2021-09-02 02:24:38,234 [187906f6-3436-4d7b-ba29-fc09579eb1c8@group-24BBA463E12F-LeaderElection172] INFO  impl.RoleInfo (RoleInfo.java:shutdownLeaderElection(121)) - 187906f6-3436-4d7b-ba29-fc09579eb1c8: shutdown 187906f6-3436-4d7b-ba29-fc09579eb1c8@group-24BBA463E12F-LeaderElection172
2021-09-02 02:24:38,234 [187906f6-3436-4d7b-ba29-fc09579eb1c8@group-24BBA463E12F-LeaderElection172] INFO  server.RaftServer$Division (RaftServerImpl.java:setRole(285)) - 187906f6-3436-4d7b-ba29-fc09579eb1c8@group-24BBA463E12F: changes role from CANDIDATE to LEADER at term 3 for changeToLeader
2021-09-02 02:24:38,234 [187906f6-3436-4d7b-ba29-fc09579eb1c8@group-24BBA463E12F-LeaderElection172] INFO  ratis.XceiverServerRatis (XceiverServerRatis.java:handleLeaderChangedNotification(861)) - Leader change notification received for group: group-24BBA463E12F with new leaderId: 187906f6-3436-4d7b-ba29-fc09579eb1c8
2021-09-02 02:24:38,234 [187906f6-3436-4d7b-ba29-fc09579eb1c8@group-24BBA463E12F-LeaderElection172] INFO  server.RaftServer$Division (ServerState.java:setLeader(285)) - 187906f6-3436-4d7b-ba29-fc09579eb1c8@group-24BBA463E12F: change Leader from null to 187906f6-3436-4d7b-ba29-fc09579eb1c8 at term 3 for becomeLeader, leader elected after 15511ms
2021-09-02 02:24:38,234 [187906f6-3436-4d7b-ba29-fc09579eb1c8@group-24BBA463E12F-LeaderElection172] INFO  server.RaftServerConfigKeys (ConfUtils.java:logGet(44)) - raft.server.staging.catchup.gap = 1000 (default)
2021-09-02 02:24:38,234 [Datanode State Machine Thread - 0] WARN  statemachine.StateContext (StateContext.java:execute(621)) - No available thread in pool for past 1 seconds.
2021-09-02 02:24:38,234 [187906f6-3436-4d7b-ba29-fc09579eb1c8@group-24BBA463E12F-LeaderElection172] INFO  server.RaftServerConfigKeys (ConfUtils.java:logGet(44)) - raft.server.write.element-limit = 1024 (custom)
2021-09-02 02:24:38,234 [187906f6-3436-4d7b-ba29-fc09579eb1c8@group-24BBA463E12F-LeaderElection172] INFO  server.RaftServerConfigKeys (ConfUtils.java:logGet(44)) - raft.server.write.byte-limit = 1024 M (=1073741824) (custom)
2021-09-02 02:24:38,235 [187906f6-3436-4d7b-ba29-fc09579eb1c8@group-24BBA463E12F-LeaderElection172] INFO  server.RaftServerConfigKeys (ConfUtils.java:logGet(44)) - raft.server.watch.timeout = 3000ms (custom)
2021-09-02 02:24:38,235 [187906f6-3436-4d7b-ba29-fc09579eb1c8@group-24BBA463E12F-LeaderElection172] INFO  server.RaftServerConfigKeys (ConfUtils.java:logGet(44)) - raft.server.watch.timeout.denomination = 1s (default)
2021-09-02 02:24:38,235 [187906f6-3436-4d7b-ba29-fc09579eb1c8@group-24BBA463E12F-LeaderElection172] INFO  server.RaftServerConfigKeys (ConfUtils.java:logGet(44)) - raft.server.watch.element-limit = 65536 (default)
2021-09-02 02:24:38,235 [187906f6-3436-4d7b-ba29-fc09579eb1c8@group-24BBA463E12F-LeaderElection172] INFO  server.RaftServerConfigKeys (ConfUtils.java:logGet(44)) - raft.server.log.appender.snapshot.chunk.size.max = 16MB (=16777216) (default)
2021-09-02 02:24:38,235 [187906f6-3436-4d7b-ba29-fc09579eb1c8@group-24BBA463E12F-LeaderElection172] INFO  server.RaftServerConfigKeys (ConfUtils.java:logGet(44)) - raft.server.log.appender.buffer.byte-limit = 33554432 (custom)
2021-09-02 02:24:38,235 [187906f6-3436-4d7b-ba29-fc09579eb1c8@group-24BBA463E12F-LeaderElection172] INFO  server.RaftServerConfigKeys (ConfUtils.java:logGet(44)) - raft.server.log.appender.buffer.element-limit = 1 (custom)
2021-09-02 02:24:38,235 [187906f6-3436-4d7b-ba29-fc09579eb1c8@group-24BBA463E12F-LeaderElection172] INFO  grpc.GrpcConfigKeys (ConfUtils.java:logGet(44)) - raft.grpc.server.leader.outstanding.appends.max = 128 (default)
2021-09-02 02:24:38,236 [187906f6-3436-4d7b-ba29-fc09579eb1c8@group-24BBA463E12F-LeaderElection172] INFO  server.RaftServerConfigKeys (ConfUtils.java:logGet(44)) - raft.server.rpc.request.timeout = 3000ms (default)
2021-09-02 02:24:38,236 [187906f6-3436-4d7b-ba29-fc09579eb1c8@group-24BBA463E12F-LeaderElection172] INFO  server.RaftServerConfigKeys (ConfUtils.java:logGet(44)) - raft.server.log.appender.install.snapshot.enabled = false (custom)
2021-09-02 02:24:38,237 [EventQueue-PipelineReportForPipelineReportHandler] INFO  pipeline.PipelineManagerImpl (PipelineManagerImpl.java:openPipeline(282)) - Pipeline Pipeline[ Id: 5a36dfcd-72fc-46b3-9ff7-24bba463e12f, Nodes: af0a5c91-f714-4dc1-a2f1-efe0e47618a1{ip: 10.1.0.11, host: fv-az195-103.u3nnjwd0vyge1bu22idnsdeq2e.cx.internal.cloudapp.net, ports: [REPLICATION=43217, RATIS=35001, RATIS_ADMIN=35001, RATIS_SERVER=35001, STANDALONE=35895], networkLocation: /default-rack, certSerialId: null, persistedOpState: IN_SERVICE, persistedOpStateExpiryEpochSec: 0}187906f6-3436-4d7b-ba29-fc09579eb1c8{ip: 10.1.0.11, host: fv-az195-103.u3nnjwd0vyge1bu22idnsdeq2e.cx.internal.cloudapp.net, ports: [REPLICATION=45931, RATIS=41159, RATIS_ADMIN=41159, RATIS_SERVER=41159, STANDALONE=44607], networkLocation: /default-rack, certSerialId: null, persistedOpState: IN_SERVICE, persistedOpStateExpiryEpochSec: 0}3c795851-1066-4b85-8bc1-6af36b99c451{ip: 10.1.0.11, host: fv-az195-103.u3nnjwd0vyge1bu22idnsdeq2e.cx.internal.cloudapp.net, ports: [REPLICATION=42663, RATIS=42401, RATIS_ADMIN=42401, RATIS_SERVER=42401, STANDALONE=45997], networkLocation: /default-rack, certSerialId: null, persistedOpState: IN_SERVICE, persistedOpStateExpiryEpochSec: 0}, ReplicationConfig: RATIS/THREE, State:ALLOCATED, leaderId:187906f6-3436-4d7b-ba29-fc09579eb1c8, CreationTimestamp2021-09-02T02:24:20.127Z[Etc/UTC]] moved to OPEN state
2021-09-02 02:24:38,238 [grpc-default-executor-6] INFO  server.RaftServer$Division (RaftServerImpl.java:requestVote(1075)) - af0a5c91-f714-4dc1-a2f1-efe0e47618a1@group-24BBA463E12F replies to ELECTION vote request: 187906f6-3436-4d7b-ba29-fc09579eb1c8<-af0a5c91-f714-4dc1-a2f1-efe0e47618a1#0:OK-t3. Peer's state: af0a5c91-f714-4dc1-a2f1-efe0e47618a1@group-24BBA463E12F:t3, leader=null, voted=187906f6-3436-4d7b-ba29-fc09579eb1c8, raftlog=af0a5c91-f714-4dc1-a2f1-efe0e47618a1@group-24BBA463E12F-SegmentedRaftLog:OPENED:c-1,f-1,i0, conf=-1: [3c795851-1066-4b85-8bc1-6af36b99c451|rpc:10.1.0.11:42401|priority:0, af0a5c91-f714-4dc1-a2f1-efe0e47618a1|rpc:10.1.0.11:35001|priority:0, 187906f6-3436-4d7b-ba29-fc09579eb1c8|rpc:10.1.0.11:41159|priority:1], old=null
2021-09-02 02:24:38,240 [187906f6-3436-4d7b-ba29-fc09579eb1c8@group-24BBA463E12F-LeaderElection172] INFO  server.RaftServerConfigKeys (ConfUtils.java:logGet(44)) - raft.server.log.appender.snapshot.chunk.size.max = 16MB (=16777216) (default)
2021-09-02 02:24:38,240 [187906f6-3436-4d7b-ba29-fc09579eb1c8@group-24BBA463E12F-LeaderElection172] INFO  server.RaftServerConfigKeys (ConfUtils.java:logGet(44)) - raft.server.log.appender.buffer.byte-limit = 33554432 (custom)
2021-09-02 02:24:38,240 [187906f6-3436-4d7b-ba29-fc09579eb1c8@group-24BBA463E12F-LeaderElection172] INFO  server.RaftServerConfigKeys (ConfUtils.java:logGet(44)) - raft.server.log.appender.buffer.element-limit = 1 (custom)
2021-09-02 02:24:38,240 [187906f6-3436-4d7b-ba29-fc09579eb1c8@group-24BBA463E12F-LeaderElection172] INFO  grpc.GrpcConfigKeys (ConfUtils.java:logGet(44)) - raft.grpc.server.leader.outstanding.appends.max = 128 (default)
2021-09-02 02:24:38,240 [187906f6-3436-4d7b-ba29-fc09579eb1c8@group-24BBA463E12F-LeaderElection172] INFO  server.RaftServerConfigKeys (ConfUtils.java:logGet(44)) - raft.server.rpc.request.timeout = 3000ms (default)
2021-09-02 02:24:38,240 [187906f6-3436-4d7b-ba29-fc09579eb1c8@group-24BBA463E12F-LeaderElection172] INFO  server.RaftServerConfigKeys (ConfUtils.java:logGet(44)) - raft.server.log.appender.install.snapshot.enabled = false (custom)
2021-09-02 02:24:38,270 [187906f6-3436-4d7b-ba29-fc09579eb1c8@group-24BBA463E12F-LeaderElection172] INFO  impl.RoleInfo (RoleInfo.java:updateAndGet(130)) - 187906f6-3436-4d7b-ba29-fc09579eb1c8: start 187906f6-3436-4d7b-ba29-fc09579eb1c8@group-24BBA463E12F-LeaderStateImpl
2021-09-02 02:24:38,271 [187906f6-3436-4d7b-ba29-fc09579eb1c8@group-24BBA463E12F-LeaderElection172] INFO  segmented.SegmentedRaftLogWorker (SegmentedRaftLogWorker.java:startLogSegment(394)) - 187906f6-3436-4d7b-ba29-fc09579eb1c8@group-24BBA463E12F-SegmentedRaftLogWorker: Starting segment from index:0
2021-09-02 02:24:38,274 [187906f6-3436-4d7b-ba29-fc09579eb1c8@group-24BBA463E12F-SegmentedRaftLogWorker] INFO  segmented.SegmentedRaftLogWorker (SegmentedRaftLogWorker.java:execute(601)) - 187906f6-3436-4d7b-ba29-fc09579eb1c8@group-24BBA463E12F-SegmentedRaftLogWorker: created new log segment /home/runner/work/ozone/ozone/hadoop-ozone/integration-test/target/test-dir/MiniOzoneClusterImpl-29bc8a50-871c-4f9e-822f-1a9e32d9d7f8/datanode-4/data/ratis/5a36dfcd-72fc-46b3-9ff7-24bba463e12f/current/log_inprogress_0
2021-09-02 02:24:38,280 [grpc-default-executor-9] INFO  ratis.XceiverServerRatis (XceiverServerRatis.java:handleLeaderChangedNotification(861)) - Leader change notification received for group: group-24BBA463E12F with new leaderId: 187906f6-3436-4d7b-ba29-fc09579eb1c8
2021-09-02 02:24:38,280 [grpc-default-executor-9] INFO  server.RaftServer$Division (ServerState.java:setLeader(285)) - 3c795851-1066-4b85-8bc1-6af36b99c451@group-24BBA463E12F: change Leader from null to 187906f6-3436-4d7b-ba29-fc09579eb1c8 at term 3 for appendEntries, leader elected after 15282ms
2021-09-02 02:24:38,283 [grpc-default-executor-7] INFO  ratis.XceiverServerRatis (XceiverServerRatis.java:handleLeaderChangedNotification(861)) - Leader change notification received for group: group-24BBA463E12F with new leaderId: 187906f6-3436-4d7b-ba29-fc09579eb1c8
2021-09-02 02:24:38,284 [grpc-default-executor-7] INFO  server.RaftServer$Division (ServerState.java:setLeader(285)) - af0a5c91-f714-4dc1-a2f1-efe0e47618a1@group-24BBA463E12F: change Leader from null to 187906f6-3436-4d7b-ba29-fc09579eb1c8 at term 3 for appendEntries, leader elected after 15598ms
2021-09-02 02:24:38,287 [187906f6-3436-4d7b-ba29-fc09579eb1c8@group-24BBA463E12F-LeaderElection172] INFO  server.RaftServer$Division (ServerState.java:setRaftConf(387)) - 187906f6-3436-4d7b-ba29-fc09579eb1c8@group-24BBA463E12F: set configuration 0: [3c795851-1066-4b85-8bc1-6af36b99c451|rpc:10.1.0.11:42401|dataStream:|priority:0, af0a5c91-f714-4dc1-a2f1-efe0e47618a1|rpc:10.1.0.11:35001|dataStream:|priority:0, 187906f6-3436-4d7b-ba29-fc09579eb1c8|rpc:10.1.0.11:41159|dataStream:|priority:1], old=null
2021-09-02 02:24:38,288 [grpc-default-executor-9] INFO  server.RaftServer$Division (ServerState.java:setRaftConf(387)) - 3c795851-1066-4b85-8bc1-6af36b99c451@group-24BBA463E12F: set configuration 0: [3c795851-1066-4b85-8bc1-6af36b99c451|rpc:10.1.0.11:42401|dataStream:|priority:0, af0a5c91-f714-4dc1-a2f1-efe0e47618a1|rpc:10.1.0.11:35001|dataStream:|priority:0, 187906f6-3436-4d7b-ba29-fc09579eb1c8|rpc:10.1.0.11:41159|dataStream:|priority:1], old=null
2021-09-02 02:24:38,288 [grpc-default-executor-9] INFO  segmented.SegmentedRaftLogWorker (SegmentedRaftLogWorker.java:startLogSegment(394)) - 3c795851-1066-4b85-8bc1-6af36b99c451@group-24BBA463E12F-SegmentedRaftLogWorker: Starting segment from index:0
2021-09-02 02:24:38,291 [3c795851-1066-4b85-8bc1-6af36b99c451@group-24BBA463E12F-SegmentedRaftLogWorker] INFO  segmented.SegmentedRaftLogWorker (SegmentedRaftLogWorker.java:execute(601)) - 3c795851-1066-4b85-8bc1-6af36b99c451@group-24BBA463E12F-SegmentedRaftLogWorker: created new log segment /home/runner/work/ozone/ozone/hadoop-ozone/integration-test/target/test-dir/MiniOzoneClusterImpl-29bc8a50-871c-4f9e-822f-1a9e32d9d7f8/datanode-5/data/ratis/5a36dfcd-72fc-46b3-9ff7-24bba463e12f/current/log_inprogress_0
2021-09-02 02:24:38,343 [grpc-default-executor-9] INFO  server.RaftServer$Division (ServerState.java:setRaftConf(387)) - af0a5c91-f714-4dc1-a2f1-efe0e47618a1@group-24BBA463E12F: set configuration 0: [3c795851-1066-4b85-8bc1-6af36b99c451|rpc:10.1.0.11:42401|dataStream:|priority:0, af0a5c91-f714-4dc1-a2f1-efe0e47618a1|rpc:10.1.0.11:35001|dataStream:|priority:0, 187906f6-3436-4d7b-ba29-fc09579eb1c8|rpc:10.1.0.11:41159|dataStream:|priority:1], old=null
2021-09-02 02:24:38,343 [grpc-default-executor-9] INFO  segmented.SegmentedRaftLogWorker (SegmentedRaftLogWorker.java:startLogSegment(394)) - af0a5c91-f714-4dc1-a2f1-efe0e47618a1@group-24BBA463E12F-SegmentedRaftLogWorker: Starting segment from index:0
2021-09-02 02:24:38,387 [af0a5c91-f714-4dc1-a2f1-efe0e47618a1@group-24BBA463E12F-SegmentedRaftLogWorker] INFO  segmented.SegmentedRaftLogWorker (SegmentedRaftLogWorker.java:execute(601)) - af0a5c91-f714-4dc1-a2f1-efe0e47618a1@group-24BBA463E12F-SegmentedRaftLogWorker: created new log segment /home/runner/work/ozone/ozone/hadoop-ozone/integration-test/target/test-dir/MiniOzoneClusterImpl-29bc8a50-871c-4f9e-822f-1a9e32d9d7f8/datanode-3/data/ratis/5a36dfcd-72fc-46b3-9ff7-24bba463e12f/current/log_inprogress_0
2021-09-02 02:24:40,597 [9fd2e81d-61d0-44de-872c-4ae9b66045fe@group-6C0F8F3DFF59-FollowerState] INFO  impl.FollowerState (FollowerState.java:run(134)) - 9fd2e81d-61d0-44de-872c-4ae9b66045fe@group-6C0F8F3DFF59-FollowerState: change to CANDIDATE, lastRpcElapsedTime:5039118366ns, electionTimeout:5034ms
2021-09-02 02:24:40,597 [9fd2e81d-61d0-44de-872c-4ae9b66045fe@group-6C0F8F3DFF59-FollowerState] INFO  impl.RoleInfo (RoleInfo.java:shutdownFollowerState(108)) - 9fd2e81d-61d0-44de-872c-4ae9b66045fe: shutdown 9fd2e81d-61d0-44de-872c-4ae9b66045fe@group-6C0F8F3DFF59-FollowerState
2021-09-02 02:24:40,597 [9fd2e81d-61d0-44de-872c-4ae9b66045fe@group-6C0F8F3DFF59-FollowerState] INFO  server.RaftServer$Division (RaftServerImpl.java:setRole(285)) - 9fd2e81d-61d0-44de-872c-4ae9b66045fe@group-6C0F8F3DFF59: changes role from  FOLLOWER to CANDIDATE at term 4 for changeToCandidate
2021-09-02 02:24:40,598 [9fd2e81d-61d0-44de-872c-4ae9b66045fe@group-6C0F8F3DFF59-FollowerState] INFO  server.RaftServerConfigKeys (ConfUtils.java:logGet(44)) - raft.server.leaderelection.pre-vote = false (custom)
2021-09-02 02:24:40,598 [9fd2e81d-61d0-44de-872c-4ae9b66045fe@group-6C0F8F3DFF59-FollowerState] INFO  impl.RoleInfo (RoleInfo.java:updateAndGet(130)) - 9fd2e81d-61d0-44de-872c-4ae9b66045fe: start 9fd2e81d-61d0-44de-872c-4ae9b66045fe@group-6C0F8F3DFF59-LeaderElection174
2021-09-02 02:24:40,618 [9fd2e81d-61d0-44de-872c-4ae9b66045fe@group-6C0F8F3DFF59-LeaderElection174] INFO  impl.LeaderElection (LeaderElection.java:askForVotes(306)) - 9fd2e81d-61d0-44de-872c-4ae9b66045fe@group-6C0F8F3DFF59-LeaderElection174 ELECTION round 0: submit vote requests at term 5 for -1: [12400696-0678-464b-ad01-faef76468be0|rpc:10.1.0.11:44187|dataStream:|priority:0, a378c862-060f-4c80-8a42-fa0762e0f8c9|rpc:10.1.0.11:42281|dataStream:|priority:1, 9fd2e81d-61d0-44de-872c-4ae9b66045fe|rpc:10.1.0.11:34541|dataStream:|priority:0], old=null
2021-09-02 02:24:40,661 [grpc-default-executor-6] INFO  server.RaftServer$Division (RaftServerImpl.java:requestVote(1043)) - 12400696-0678-464b-ad01-faef76468be0@group-6C0F8F3DFF59: receive requestVote(ELECTION, 9fd2e81d-61d0-44de-872c-4ae9b66045fe, group-6C0F8F3DFF59, 5, (t:0, i:0))
2021-09-02 02:24:40,662 [grpc-default-executor-6] INFO  impl.VoteContext (VoteContext.java:log(48)) - 12400696-0678-464b-ad01-faef76468be0@group-6C0F8F3DFF59-FOLLOWER: accept ELECTION from 9fd2e81d-61d0-44de-872c-4ae9b66045fe: our priority 0 <= candidate's priority 0
2021-09-02 02:24:40,662 [grpc-default-executor-6] INFO  server.RaftServer$Division (RaftServerImpl.java:setRole(285)) - 12400696-0678-464b-ad01-faef76468be0@group-6C0F8F3DFF59: changes role from  FOLLOWER to FOLLOWER at term 5 for candidate:9fd2e81d-61d0-44de-872c-4ae9b66045fe
2021-09-02 02:24:40,662 [grpc-default-executor-6] INFO  impl.RoleInfo (RoleInfo.java:shutdownFollowerState(108)) - 12400696-0678-464b-ad01-faef76468be0: shutdown 12400696-0678-464b-ad01-faef76468be0@group-6C0F8F3DFF59-FollowerState
2021-09-02 02:24:40,681 [grpc-default-executor-6] INFO  impl.RoleInfo (RoleInfo.java:updateAndGet(130)) - 12400696-0678-464b-ad01-faef76468be0: start 12400696-0678-464b-ad01-faef76468be0@group-6C0F8F3DFF59-FollowerState
2021-09-02 02:24:40,682 [grpc-default-executor-9] INFO  server.RaftServer$Division (RaftServerImpl.java:requestVote(1043)) - a378c862-060f-4c80-8a42-fa0762e0f8c9@group-6C0F8F3DFF59: receive requestVote(ELECTION, 9fd2e81d-61d0-44de-872c-4ae9b66045fe, group-6C0F8F3DFF59, 5, (t:0, i:0))
2021-09-02 02:24:40,685 [grpc-default-executor-9] INFO  impl.VoteContext (VoteContext.java:log(48)) - a378c862-060f-4c80-8a42-fa0762e0f8c9@group-6C0F8F3DFF59-FOLLOWER: reject ELECTION from 9fd2e81d-61d0-44de-872c-4ae9b66045fe: our last entry (t:2, i:0) > candidate's last entry (t:0, i:0)
2021-09-02 02:24:40,685 [grpc-default-executor-9] INFO  server.RaftServer$Division (RaftServerImpl.java:setRole(285)) - a378c862-060f-4c80-8a42-fa0762e0f8c9@group-6C0F8F3DFF59: changes role from  FOLLOWER to FOLLOWER at term 5 for candidate:9fd2e81d-61d0-44de-872c-4ae9b66045fe
2021-09-02 02:24:40,685 [grpc-default-executor-9] INFO  impl.RoleInfo (RoleInfo.java:shutdownFollowerState(108)) - a378c862-060f-4c80-8a42-fa0762e0f8c9: shutdown a378c862-060f-4c80-8a42-fa0762e0f8c9@group-6C0F8F3DFF59-FollowerState
2021-09-02 02:24:40,692 [grpc-default-executor-9] INFO  impl.RoleInfo (RoleInfo.java:updateAndGet(130)) - a378c862-060f-4c80-8a42-fa0762e0f8c9: start a378c862-060f-4c80-8a42-fa0762e0f8c9@group-6C0F8F3DFF59-FollowerState
2021-09-02 02:24:40,692 [a378c862-060f-4c80-8a42-fa0762e0f8c9@group-6C0F8F3DFF59-FollowerState] INFO  impl.FollowerState (FollowerState.java:run(143)) - a378c862-060f-4c80-8a42-fa0762e0f8c9@group-6C0F8F3DFF59-FollowerState was interrupted: {}
java.lang.InterruptedException: sleep interrupted
	at java.lang.Thread.sleep(Native Method)
	at java.lang.Thread.sleep(Thread.java:340)
	at java.util.concurrent.TimeUnit.sleep(TimeUnit.java:386)
	at org.apache.ratis.util.TimeDuration.sleep(TimeDuration.java:324)
	at org.apache.ratis.util.TimeDuration.sleep(TimeDuration.java:309)
	at org.apache.ratis.server.impl.FollowerState.run(FollowerState.java:118)
2021-09-02 02:24:40,693 [grpc-default-executor-6] INFO  server.RaftServer$Division (RaftServerImpl.java:requestVote(1075)) - 12400696-0678-464b-ad01-faef76468be0@group-6C0F8F3DFF59 replies to ELECTION vote request: 9fd2e81d-61d0-44de-872c-4ae9b66045fe<-12400696-0678-464b-ad01-faef76468be0#0:OK-t5. Peer's state: 12400696-0678-464b-ad01-faef76468be0@group-6C0F8F3DFF59:t5, leader=null, voted=9fd2e81d-61d0-44de-872c-4ae9b66045fe, raftlog=12400696-0678-464b-ad01-faef76468be0@group-6C0F8F3DFF59-SegmentedRaftLog:OPENED:c-1,f-1,i0, conf=-1: [12400696-0678-464b-ad01-faef76468be0|rpc:10.1.0.11:44187|priority:0, a378c862-060f-4c80-8a42-fa0762e0f8c9|rpc:10.1.0.11:42281|priority:1, 9fd2e81d-61d0-44de-872c-4ae9b66045fe|rpc:10.1.0.11:34541|priority:0], old=null
2021-09-02 02:24:40,694 [12400696-0678-464b-ad01-faef76468be0@group-6C0F8F3DFF59-FollowerState] INFO  impl.FollowerState (FollowerState.java:run(143)) - 12400696-0678-464b-ad01-faef76468be0@group-6C0F8F3DFF59-FollowerState was interrupted: {}
java.lang.InterruptedException: sleep interrupted
	at java.lang.Thread.sleep(Native Method)
	at java.lang.Thread.sleep(Thread.java:340)
	at java.util.concurrent.TimeUnit.sleep(TimeUnit.java:386)
	at org.apache.ratis.util.TimeDuration.sleep(TimeDuration.java:324)
	at org.apache.ratis.util.TimeDuration.sleep(TimeDuration.java:309)
	at org.apache.ratis.server.impl.FollowerState.run(FollowerState.java:118)
2021-09-02 02:24:40,706 [grpc-default-executor-9] INFO  server.RaftServer$Division (RaftServerImpl.java:requestVote(1075)) - a378c862-060f-4c80-8a42-fa0762e0f8c9@group-6C0F8F3DFF59 replies to ELECTION vote request: 9fd2e81d-61d0-44de-872c-4ae9b66045fe<-a378c862-060f-4c80-8a42-fa0762e0f8c9#0:FAIL-t5. Peer's state: a378c862-060f-4c80-8a42-fa0762e0f8c9@group-6C0F8F3DFF59:t5, leader=null, voted=null, raftlog=a378c862-060f-4c80-8a42-fa0762e0f8c9@group-6C0F8F3DFF59-SegmentedRaftLog:OPENED:c0,f0,i0, conf=0: [12400696-0678-464b-ad01-faef76468be0|rpc:10.1.0.11:44187|dataStream:|priority:0, a378c862-060f-4c80-8a42-fa0762e0f8c9|rpc:10.1.0.11:42281|dataStream:|priority:1, 9fd2e81d-61d0-44de-872c-4ae9b66045fe|rpc:10.1.0.11:34541|dataStream:|priority:0], old=null
2021-09-02 02:24:40,723 [9fd2e81d-61d0-44de-872c-4ae9b66045fe@group-6C0F8F3DFF59-LeaderElection174] INFO  impl.LeaderElection (LeaderElection.java:logAndReturn(89)) - 9fd2e81d-61d0-44de-872c-4ae9b66045fe@group-6C0F8F3DFF59-LeaderElection174: ELECTION REJECTED received 2 response(s) and 0 exception(s):
2021-09-02 02:24:40,724 [9fd2e81d-61d0-44de-872c-4ae9b66045fe@group-6C0F8F3DFF59-LeaderElection174] INFO  impl.LeaderElection (LeaderElection.java:logAndReturn(93)) -   Response 0: 9fd2e81d-61d0-44de-872c-4ae9b66045fe<-12400696-0678-464b-ad01-faef76468be0#0:OK-t5
2021-09-02 02:24:40,724 [9fd2e81d-61d0-44de-872c-4ae9b66045fe@group-6C0F8F3DFF59-LeaderElection174] INFO  impl.LeaderElection (LeaderElection.java:logAndReturn(93)) -   Response 1: 9fd2e81d-61d0-44de-872c-4ae9b66045fe<-a378c862-060f-4c80-8a42-fa0762e0f8c9#0:FAIL-t5
2021-09-02 02:24:40,724 [9fd2e81d-61d0-44de-872c-4ae9b66045fe@group-6C0F8F3DFF59-LeaderElection174] INFO  impl.LeaderElection (LeaderElection.java:askForVotes(308)) - 9fd2e81d-61d0-44de-872c-4ae9b66045fe@group-6C0F8F3DFF59-LeaderElection174 ELECTION round 0: result REJECTED
2021-09-02 02:24:40,724 [9fd2e81d-61d0-44de-872c-4ae9b66045fe@group-6C0F8F3DFF59-LeaderElection174] INFO  server.RaftServer$Division (RaftServerImpl.java:setRole(285)) - 9fd2e81d-61d0-44de-872c-4ae9b66045fe@group-6C0F8F3DFF59: changes role from CANDIDATE to FOLLOWER at term 5 for REJECTED
2021-09-02 02:24:40,724 [9fd2e81d-61d0-44de-872c-4ae9b66045fe@group-6C0F8F3DFF59-LeaderElection174] INFO  impl.RoleInfo (RoleInfo.java:shutdownLeaderElection(121)) - 9fd2e81d-61d0-44de-872c-4ae9b66045fe: shutdown 9fd2e81d-61d0-44de-872c-4ae9b66045fe@group-6C0F8F3DFF59-LeaderElection174
2021-09-02 02:24:40,724 [9fd2e81d-61d0-44de-872c-4ae9b66045fe@group-6C0F8F3DFF59-LeaderElection174] INFO  impl.RoleInfo (RoleInfo.java:updateAndGet(130)) - 9fd2e81d-61d0-44de-872c-4ae9b66045fe: start 9fd2e81d-61d0-44de-872c-4ae9b66045fe@group-6C0F8F3DFF59-FollowerState
2021-09-02 02:24:42,836 [af0a5c91-f714-4dc1-a2f1-efe0e47618a1@group-D22779799422-FollowerState] INFO  impl.FollowerState (FollowerState.java:run(134)) - af0a5c91-f714-4dc1-a2f1-efe0e47618a1@group-D22779799422-FollowerState: change to CANDIDATE, lastRpcElapsedTime:5028271019ns, electionTimeout:5028ms
2021-09-02 02:24:42,836 [af0a5c91-f714-4dc1-a2f1-efe0e47618a1@group-D22779799422-FollowerState] INFO  impl.RoleInfo (RoleInfo.java:shutdownFollowerState(108)) - af0a5c91-f714-4dc1-a2f1-efe0e47618a1: shutdown af0a5c91-f714-4dc1-a2f1-efe0e47618a1@group-D22779799422-FollowerState
2021-09-02 02:24:42,836 [af0a5c91-f714-4dc1-a2f1-efe0e47618a1@group-D22779799422-FollowerState] INFO  server.RaftServer$Division (RaftServerImpl.java:setRole(285)) - af0a5c91-f714-4dc1-a2f1-efe0e47618a1@group-D22779799422: changes role from  FOLLOWER to CANDIDATE at term 3 for changeToCandidate
2021-09-02 02:24:42,836 [af0a5c91-f714-4dc1-a2f1-efe0e47618a1@group-D22779799422-FollowerState] INFO  server.RaftServerConfigKeys (ConfUtils.java:logGet(44)) - raft.server.leaderelection.pre-vote = false (custom)
2021-09-02 02:24:42,836 [af0a5c91-f714-4dc1-a2f1-efe0e47618a1@group-D22779799422-FollowerState] INFO  impl.RoleInfo (RoleInfo.java:updateAndGet(130)) - af0a5c91-f714-4dc1-a2f1-efe0e47618a1: start af0a5c91-f714-4dc1-a2f1-efe0e47618a1@group-D22779799422-LeaderElection175
2021-09-02 02:24:42,863 [af0a5c91-f714-4dc1-a2f1-efe0e47618a1@group-D22779799422-LeaderElection175] INFO  impl.LeaderElection (LeaderElection.java:askForVotes(306)) - af0a5c91-f714-4dc1-a2f1-efe0e47618a1@group-D22779799422-LeaderElection175 ELECTION round 0: submit vote requests at term 4 for -1: [3c795851-1066-4b85-8bc1-6af36b99c451|rpc:10.1.0.11:42401|priority:1, 187906f6-3436-4d7b-ba29-fc09579eb1c8|rpc:10.1.0.11:41159|priority:0, af0a5c91-f714-4dc1-a2f1-efe0e47618a1|rpc:10.1.0.11:35001|priority:0], old=null
2021-09-02 02:24:42,884 [grpc-default-executor-9] INFO  server.RaftServer$Division (RaftServerImpl.java:requestVote(1043)) - 187906f6-3436-4d7b-ba29-fc09579eb1c8@group-D22779799422: receive requestVote(ELECTION, af0a5c91-f714-4dc1-a2f1-efe0e47618a1, group-D22779799422, 4, (t:0, i:0))
2021-09-02 02:24:42,884 [grpc-default-executor-9] INFO  impl.VoteContext (VoteContext.java:log(48)) - 187906f6-3436-4d7b-ba29-fc09579eb1c8@group-D22779799422-FOLLOWER: accept ELECTION from af0a5c91-f714-4dc1-a2f1-efe0e47618a1: our priority 0 <= candidate's priority 0
2021-09-02 02:24:42,884 [grpc-default-executor-9] INFO  server.RaftServer$Division (RaftServerImpl.java:setRole(285)) - 187906f6-3436-4d7b-ba29-fc09579eb1c8@group-D22779799422: changes role from  FOLLOWER to FOLLOWER at term 4 for candidate:af0a5c91-f714-4dc1-a2f1-efe0e47618a1
2021-09-02 02:24:42,884 [grpc-default-executor-9] INFO  impl.RoleInfo (RoleInfo.java:shutdownFollowerState(108)) - 187906f6-3436-4d7b-ba29-fc09579eb1c8: shutdown 187906f6-3436-4d7b-ba29-fc09579eb1c8@group-D22779799422-FollowerState
2021-09-02 02:24:42,884 [grpc-default-executor-9] INFO  impl.RoleInfo (RoleInfo.java:updateAndGet(130)) - 187906f6-3436-4d7b-ba29-fc09579eb1c8: start 187906f6-3436-4d7b-ba29-fc09579eb1c8@group-D22779799422-FollowerState
2021-09-02 02:24:42,885 [187906f6-3436-4d7b-ba29-fc09579eb1c8@group-D22779799422-FollowerState] INFO  impl.FollowerState (FollowerState.java:run(143)) - 187906f6-3436-4d7b-ba29-fc09579eb1c8@group-D22779799422-FollowerState was interrupted: {}
java.lang.InterruptedException: sleep interrupted
	at java.lang.Thread.sleep(Native Method)
	at java.lang.Thread.sleep(Thread.java:340)
	at java.util.concurrent.TimeUnit.sleep(TimeUnit.java:386)
	at org.apache.ratis.util.TimeDuration.sleep(TimeDuration.java:324)
	at org.apache.ratis.util.TimeDuration.sleep(TimeDuration.java:309)
	at org.apache.ratis.server.impl.FollowerState.run(FollowerState.java:118)
2021-09-02 02:24:42,886 [grpc-default-executor-6] INFO  server.RaftServer$Division (RaftServerImpl.java:requestVote(1043)) - 3c795851-1066-4b85-8bc1-6af36b99c451@group-D22779799422: receive requestVote(ELECTION, af0a5c91-f714-4dc1-a2f1-efe0e47618a1, group-D22779799422, 4, (t:0, i:0))
2021-09-02 02:24:42,886 [grpc-default-executor-6] INFO  impl.VoteContext (VoteContext.java:log(48)) - 3c795851-1066-4b85-8bc1-6af36b99c451@group-D22779799422-FOLLOWER: reject ELECTION from af0a5c91-f714-4dc1-a2f1-efe0e47618a1: our priority 1 > candidate's priority 0
2021-09-02 02:24:42,886 [grpc-default-executor-6] INFO  server.RaftServer$Division (RaftServerImpl.java:setRole(285)) - 3c795851-1066-4b85-8bc1-6af36b99c451@group-D22779799422: changes role from  FOLLOWER to FOLLOWER at term 4 for candidate:af0a5c91-f714-4dc1-a2f1-efe0e47618a1
2021-09-02 02:24:42,886 [grpc-default-executor-6] INFO  impl.RoleInfo (RoleInfo.java:shutdownFollowerState(108)) - 3c795851-1066-4b85-8bc1-6af36b99c451: shutdown 3c795851-1066-4b85-8bc1-6af36b99c451@group-D22779799422-FollowerState
2021-09-02 02:24:42,887 [grpc-default-executor-6] INFO  impl.RoleInfo (RoleInfo.java:updateAndGet(130)) - 3c795851-1066-4b85-8bc1-6af36b99c451: start 3c795851-1066-4b85-8bc1-6af36b99c451@group-D22779799422-FollowerState
2021-09-02 02:24:42,887 [3c795851-1066-4b85-8bc1-6af36b99c451@group-D22779799422-FollowerState] INFO  impl.FollowerState (FollowerState.java:run(143)) - 3c795851-1066-4b85-8bc1-6af36b99c451@group-D22779799422-FollowerState was interrupted: {}
java.lang.InterruptedException: sleep interrupted
	at java.lang.Thread.sleep(Native Method)
	at java.lang.Thread.sleep(Thread.java:340)
	at java.util.concurrent.TimeUnit.sleep(TimeUnit.java:386)
	at org.apache.ratis.util.TimeDuration.sleep(TimeDuration.java:324)
	at org.apache.ratis.util.TimeDuration.sleep(TimeDuration.java:309)
	at org.apache.ratis.server.impl.FollowerState.run(FollowerState.java:118)
2021-09-02 02:24:42,889 [grpc-default-executor-6] INFO  server.RaftServer$Division (RaftServerImpl.java:requestVote(1075)) - 3c795851-1066-4b85-8bc1-6af36b99c451@group-D22779799422 replies to ELECTION vote request: af0a5c91-f714-4dc1-a2f1-efe0e47618a1<-3c795851-1066-4b85-8bc1-6af36b99c451#0:FAIL-t4. Peer's state: 3c795851-1066-4b85-8bc1-6af36b99c451@group-D22779799422:t4, leader=null, voted=null, raftlog=3c795851-1066-4b85-8bc1-6af36b99c451@group-D22779799422-SegmentedRaftLog:OPENED:c-1,f-1,i0, conf=-1: [3c795851-1066-4b85-8bc1-6af36b99c451|rpc:10.1.0.11:42401|dataStream:|priority:1, 187906f6-3436-4d7b-ba29-fc09579eb1c8|rpc:10.1.0.11:41159|dataStream:|priority:0, af0a5c91-f714-4dc1-a2f1-efe0e47618a1|rpc:10.1.0.11:35001|dataStream:|priority:0], old=null
2021-09-02 02:24:42,890 [grpc-default-executor-9] INFO  server.RaftServer$Division (RaftServerImpl.java:requestVote(1075)) - 187906f6-3436-4d7b-ba29-fc09579eb1c8@group-D22779799422 replies to ELECTION vote request: af0a5c91-f714-4dc1-a2f1-efe0e47618a1<-187906f6-3436-4d7b-ba29-fc09579eb1c8#0:OK-t4. Peer's state: 187906f6-3436-4d7b-ba29-fc09579eb1c8@group-D22779799422:t4, leader=null, voted=af0a5c91-f714-4dc1-a2f1-efe0e47618a1, raftlog=187906f6-3436-4d7b-ba29-fc09579eb1c8@group-D22779799422-SegmentedRaftLog:OPENED:c-1,f-1,i0, conf=-1: [3c795851-1066-4b85-8bc1-6af36b99c451|rpc:10.1.0.11:42401|dataStream:|priority:1, 187906f6-3436-4d7b-ba29-fc09579eb1c8|rpc:10.1.0.11:41159|dataStream:|priority:0, af0a5c91-f714-4dc1-a2f1-efe0e47618a1|rpc:10.1.0.11:35001|dataStream:|priority:0], old=null
2021-09-02 02:24:42,899 [af0a5c91-f714-4dc1-a2f1-efe0e47618a1@group-D22779799422-LeaderElection175] INFO  impl.LeaderElection (LeaderElection.java:logAndReturn(89)) - af0a5c91-f714-4dc1-a2f1-efe0e47618a1@group-D22779799422-LeaderElection175: ELECTION REJECTED received 1 response(s) and 0 exception(s):
2021-09-02 02:24:42,899 [af0a5c91-f714-4dc1-a2f1-efe0e47618a1@group-D22779799422-LeaderElection175] INFO  impl.LeaderElection (LeaderElection.java:logAndReturn(93)) -   Response 0: af0a5c91-f714-4dc1-a2f1-efe0e47618a1<-3c795851-1066-4b85-8bc1-6af36b99c451#0:FAIL-t4
2021-09-02 02:24:42,899 [af0a5c91-f714-4dc1-a2f1-efe0e47618a1@group-D22779799422-LeaderElection175] INFO  impl.LeaderElection (LeaderElection.java:askForVotes(308)) - af0a5c91-f714-4dc1-a2f1-efe0e47618a1@group-D22779799422-LeaderElection175 ELECTION round 0: result REJECTED
2021-09-02 02:24:42,899 [af0a5c91-f714-4dc1-a2f1-efe0e47618a1@group-D22779799422-LeaderElection175] INFO  server.RaftServer$Division (RaftServerImpl.java:setRole(285)) - af0a5c91-f714-4dc1-a2f1-efe0e47618a1@group-D22779799422: changes role from CANDIDATE to FOLLOWER at term 4 for REJECTED
2021-09-02 02:24:42,899 [af0a5c91-f714-4dc1-a2f1-efe0e47618a1@group-D22779799422-LeaderElection175] INFO  impl.RoleInfo (RoleInfo.java:shutdownLeaderElection(121)) - af0a5c91-f714-4dc1-a2f1-efe0e47618a1: shutdown af0a5c91-f714-4dc1-a2f1-efe0e47618a1@group-D22779799422-LeaderElection175
2021-09-02 02:24:42,899 [af0a5c91-f714-4dc1-a2f1-efe0e47618a1@group-D22779799422-LeaderElection175] INFO  impl.RoleInfo (RoleInfo.java:updateAndGet(130)) - af0a5c91-f714-4dc1-a2f1-efe0e47618a1: start af0a5c91-f714-4dc1-a2f1-efe0e47618a1@group-D22779799422-FollowerState
2021-09-02 02:24:45,750 [9fd2e81d-61d0-44de-872c-4ae9b66045fe@group-6C0F8F3DFF59-FollowerState] INFO  impl.FollowerState (FollowerState.java:run(134)) - 9fd2e81d-61d0-44de-872c-4ae9b66045fe@group-6C0F8F3DFF59-FollowerState: change to CANDIDATE, lastRpcElapsedTime:5026251211ns, electionTimeout:5004ms
2021-09-02 02:24:45,750 [9fd2e81d-61d0-44de-872c-4ae9b66045fe@group-6C0F8F3DFF59-FollowerState] INFO  impl.RoleInfo (RoleInfo.java:shutdownFollowerState(108)) - 9fd2e81d-61d0-44de-872c-4ae9b66045fe: shutdown 9fd2e81d-61d0-44de-872c-4ae9b66045fe@group-6C0F8F3DFF59-FollowerState
2021-09-02 02:24:45,750 [9fd2e81d-61d0-44de-872c-4ae9b66045fe@group-6C0F8F3DFF59-FollowerState] INFO  server.RaftServer$Division (RaftServerImpl.java:setRole(285)) - 9fd2e81d-61d0-44de-872c-4ae9b66045fe@group-6C0F8F3DFF59: changes role from  FOLLOWER to CANDIDATE at term 5 for changeToCandidate
2021-09-02 02:24:45,750 [9fd2e81d-61d0-44de-872c-4ae9b66045fe@group-6C0F8F3DFF59-FollowerState] INFO  server.RaftServerConfigKeys (ConfUtils.java:logGet(44)) - raft.server.leaderelection.pre-vote = false (custom)
2021-09-02 02:24:45,750 [9fd2e81d-61d0-44de-872c-4ae9b66045fe@group-6C0F8F3DFF59-FollowerState] INFO  impl.RoleInfo (RoleInfo.java:updateAndGet(130)) - 9fd2e81d-61d0-44de-872c-4ae9b66045fe: start 9fd2e81d-61d0-44de-872c-4ae9b66045fe@group-6C0F8F3DFF59-LeaderElection176
2021-09-02 02:24:45,761 [9fd2e81d-61d0-44de-872c-4ae9b66045fe@group-6C0F8F3DFF59-LeaderElection176] INFO  impl.LeaderElection (LeaderElection.java:askForVotes(306)) - 9fd2e81d-61d0-44de-872c-4ae9b66045fe@group-6C0F8F3DFF59-LeaderElection176 ELECTION round 0: submit vote requests at term 6 for -1: [12400696-0678-464b-ad01-faef76468be0|rpc:10.1.0.11:44187|dataStream:|priority:0, a378c862-060f-4c80-8a42-fa0762e0f8c9|rpc:10.1.0.11:42281|dataStream:|priority:1, 9fd2e81d-61d0-44de-872c-4ae9b66045fe|rpc:10.1.0.11:34541|dataStream:|priority:0], old=null
2021-09-02 02:24:45,766 [grpc-default-executor-6] INFO  server.RaftServer$Division (RaftServerImpl.java:requestVote(1043)) - 12400696-0678-464b-ad01-faef76468be0@group-6C0F8F3DFF59: receive requestVote(ELECTION, 9fd2e81d-61d0-44de-872c-4ae9b66045fe, group-6C0F8F3DFF59, 6, (t:0, i:0))
2021-09-02 02:24:45,766 [grpc-default-executor-6] INFO  impl.VoteContext (VoteContext.java:log(48)) - 12400696-0678-464b-ad01-faef76468be0@group-6C0F8F3DFF59-FOLLOWER: accept ELECTION from 9fd2e81d-61d0-44de-872c-4ae9b66045fe: our priority 0 <= candidate's priority 0
2021-09-02 02:24:45,766 [grpc-default-executor-6] INFO  server.RaftServer$Division (RaftServerImpl.java:setRole(285)) - 12400696-0678-464b-ad01-faef76468be0@group-6C0F8F3DFF59: changes role from  FOLLOWER to FOLLOWER at term 6 for candidate:9fd2e81d-61d0-44de-872c-4ae9b66045fe
2021-09-02 02:24:45,766 [grpc-default-executor-6] INFO  impl.RoleInfo (RoleInfo.java:shutdownFollowerState(108)) - 12400696-0678-464b-ad01-faef76468be0: shutdown 12400696-0678-464b-ad01-faef76468be0@group-6C0F8F3DFF59-FollowerState
2021-09-02 02:24:45,772 [grpc-default-executor-6] INFO  impl.RoleInfo (RoleInfo.java:updateAndGet(130)) - 12400696-0678-464b-ad01-faef76468be0: start 12400696-0678-464b-ad01-faef76468be0@group-6C0F8F3DFF59-FollowerState
2021-09-02 02:24:45,772 [12400696-0678-464b-ad01-faef76468be0@group-6C0F8F3DFF59-FollowerState] INFO  impl.FollowerState (FollowerState.java:run(143)) - 12400696-0678-464b-ad01-faef76468be0@group-6C0F8F3DFF59-FollowerState was interrupted: {}
java.lang.InterruptedException: sleep interrupted
	at java.lang.Thread.sleep(Native Method)
	at java.lang.Thread.sleep(Thread.java:340)
	at java.util.concurrent.TimeUnit.sleep(TimeUnit.java:386)
	at org.apache.ratis.util.TimeDuration.sleep(TimeDuration.java:324)
	at org.apache.ratis.util.TimeDuration.sleep(TimeDuration.java:309)
	at org.apache.ratis.server.impl.FollowerState.run(FollowerState.java:118)
2021-09-02 02:24:45,773 [grpc-default-executor-9] INFO  server.RaftServer$Division (RaftServerImpl.java:requestVote(1043)) - a378c862-060f-4c80-8a42-fa0762e0f8c9@group-6C0F8F3DFF59: receive requestVote(ELECTION, 9fd2e81d-61d0-44de-872c-4ae9b66045fe, group-6C0F8F3DFF59, 6, (t:0, i:0))
2021-09-02 02:24:45,773 [grpc-default-executor-9] INFO  impl.VoteContext (VoteContext.java:log(48)) - a378c862-060f-4c80-8a42-fa0762e0f8c9@group-6C0F8F3DFF59-FOLLOWER: reject ELECTION from 9fd2e81d-61d0-44de-872c-4ae9b66045fe: our last entry (t:2, i:0) > candidate's last entry (t:0, i:0)
2021-09-02 02:24:45,773 [grpc-default-executor-9] INFO  server.RaftServer$Division (RaftServerImpl.java:setRole(285)) - a378c862-060f-4c80-8a42-fa0762e0f8c9@group-6C0F8F3DFF59: changes role from  FOLLOWER to FOLLOWER at term 6 for candidate:9fd2e81d-61d0-44de-872c-4ae9b66045fe
2021-09-02 02:24:45,773 [grpc-default-executor-9] INFO  impl.RoleInfo (RoleInfo.java:shutdownFollowerState(108)) - a378c862-060f-4c80-8a42-fa0762e0f8c9: shutdown a378c862-060f-4c80-8a42-fa0762e0f8c9@group-6C0F8F3DFF59-FollowerState
2021-09-02 02:24:45,773 [grpc-default-executor-9] INFO  impl.RoleInfo (RoleInfo.java:updateAndGet(130)) - a378c862-060f-4c80-8a42-fa0762e0f8c9: start a378c862-060f-4c80-8a42-fa0762e0f8c9@group-6C0F8F3DFF59-FollowerState
2021-09-02 02:24:45,773 [a378c862-060f-4c80-8a42-fa0762e0f8c9@group-6C0F8F3DFF59-FollowerState] INFO  impl.FollowerState (FollowerState.java:run(143)) - a378c862-060f-4c80-8a42-fa0762e0f8c9@group-6C0F8F3DFF59-FollowerState was interrupted: {}
java.lang.InterruptedException: sleep interrupted
	at java.lang.Thread.sleep(Native Method)
	at java.lang.Thread.sleep(Thread.java:340)
	at java.util.concurrent.TimeUnit.sleep(TimeUnit.java:386)
	at org.apache.ratis.util.TimeDuration.sleep(TimeDuration.java:324)
	at org.apache.ratis.util.TimeDuration.sleep(TimeDuration.java:309)
	at org.apache.ratis.server.impl.FollowerState.run(FollowerState.java:118)
2021-09-02 02:24:45,778 [grpc-default-executor-6] INFO  server.RaftServer$Division (RaftServerImpl.java:requestVote(1075)) - 12400696-0678-464b-ad01-faef76468be0@group-6C0F8F3DFF59 replies to ELECTION vote request: 9fd2e81d-61d0-44de-872c-4ae9b66045fe<-12400696-0678-464b-ad01-faef76468be0#0:OK-t6. Peer's state: 12400696-0678-464b-ad01-faef76468be0@group-6C0F8F3DFF59:t6, leader=null, voted=9fd2e81d-61d0-44de-872c-4ae9b66045fe, raftlog=12400696-0678-464b-ad01-faef76468be0@group-6C0F8F3DFF59-SegmentedRaftLog:OPENED:c-1,f-1,i0, conf=-1: [12400696-0678-464b-ad01-faef76468be0|rpc:10.1.0.11:44187|priority:0, a378c862-060f-4c80-8a42-fa0762e0f8c9|rpc:10.1.0.11:42281|priority:1, 9fd2e81d-61d0-44de-872c-4ae9b66045fe|rpc:10.1.0.11:34541|priority:0], old=null
2021-09-02 02:24:45,779 [grpc-default-executor-9] INFO  server.RaftServer$Division (RaftServerImpl.java:requestVote(1075)) - a378c862-060f-4c80-8a42-fa0762e0f8c9@group-6C0F8F3DFF59 replies to ELECTION vote request: 9fd2e81d-61d0-44de-872c-4ae9b66045fe<-a378c862-060f-4c80-8a42-fa0762e0f8c9#0:FAIL-t6. Peer's state: a378c862-060f-4c80-8a42-fa0762e0f8c9@group-6C0F8F3DFF59:t6, leader=null, voted=null, raftlog=a378c862-060f-4c80-8a42-fa0762e0f8c9@group-6C0F8F3DFF59-SegmentedRaftLog:OPENED:c0,f0,i0, conf=0: [12400696-0678-464b-ad01-faef76468be0|rpc:10.1.0.11:44187|dataStream:|priority:0, a378c862-060f-4c80-8a42-fa0762e0f8c9|rpc:10.1.0.11:42281|dataStream:|priority:1, 9fd2e81d-61d0-44de-872c-4ae9b66045fe|rpc:10.1.0.11:34541|dataStream:|priority:0], old=null
2021-09-02 02:24:45,780 [9fd2e81d-61d0-44de-872c-4ae9b66045fe@group-6C0F8F3DFF59-LeaderElection176] INFO  impl.LeaderElection (LeaderElection.java:logAndReturn(89)) - 9fd2e81d-61d0-44de-872c-4ae9b66045fe@group-6C0F8F3DFF59-LeaderElection176: ELECTION REJECTED received 2 response(s) and 0 exception(s):
2021-09-02 02:24:45,780 [9fd2e81d-61d0-44de-872c-4ae9b66045fe@group-6C0F8F3DFF59-LeaderElection176] INFO  impl.LeaderElection (LeaderElection.java:logAndReturn(93)) -   Response 0: 9fd2e81d-61d0-44de-872c-4ae9b66045fe<-12400696-0678-464b-ad01-faef76468be0#0:OK-t6
2021-09-02 02:24:45,780 [9fd2e81d-61d0-44de-872c-4ae9b66045fe@group-6C0F8F3DFF59-LeaderElection176] INFO  impl.LeaderElection (LeaderElection.java:logAndReturn(93)) -   Response 1: 9fd2e81d-61d0-44de-872c-4ae9b66045fe<-a378c862-060f-4c80-8a42-fa0762e0f8c9#0:FAIL-t6
2021-09-02 02:24:45,780 [9fd2e81d-61d0-44de-872c-4ae9b66045fe@group-6C0F8F3DFF59-LeaderElection176] INFO  impl.LeaderElection (LeaderElection.java:askForVotes(308)) - 9fd2e81d-61d0-44de-872c-4ae9b66045fe@group-6C0F8F3DFF59-LeaderElection176 ELECTION round 0: result REJECTED
2021-09-02 02:24:45,780 [9fd2e81d-61d0-44de-872c-4ae9b66045fe@group-6C0F8F3DFF59-LeaderElection176] INFO  server.RaftServer$Division (RaftServerImpl.java:setRole(285)) - 9fd2e81d-61d0-44de-872c-4ae9b66045fe@group-6C0F8F3DFF59: changes role from CANDIDATE to FOLLOWER at term 6 for REJECTED
2021-09-02 02:24:45,780 [9fd2e81d-61d0-44de-872c-4ae9b66045fe@group-6C0F8F3DFF59-LeaderElection176] INFO  impl.RoleInfo (RoleInfo.java:shutdownLeaderElection(121)) - 9fd2e81d-61d0-44de-872c-4ae9b66045fe: shutdown 9fd2e81d-61d0-44de-872c-4ae9b66045fe@group-6C0F8F3DFF59-LeaderElection176
2021-09-02 02:24:45,780 [9fd2e81d-61d0-44de-872c-4ae9b66045fe@group-6C0F8F3DFF59-LeaderElection176] INFO  impl.RoleInfo (RoleInfo.java:updateAndGet(130)) - 9fd2e81d-61d0-44de-872c-4ae9b66045fe: start 9fd2e81d-61d0-44de-872c-4ae9b66045fe@group-6C0F8F3DFF59-FollowerState
2021-09-02 02:24:48,059 [3c795851-1066-4b85-8bc1-6af36b99c451@group-D22779799422-FollowerState] INFO  impl.FollowerState (FollowerState.java:run(134)) - 3c795851-1066-4b85-8bc1-6af36b99c451@group-D22779799422-FollowerState: change to CANDIDATE, lastRpcElapsedTime:5172439341ns, electionTimeout:5170ms
2021-09-02 02:24:48,059 [3c795851-1066-4b85-8bc1-6af36b99c451@group-D22779799422-FollowerState] INFO  impl.RoleInfo (RoleInfo.java:shutdownFollowerState(108)) - 3c795851-1066-4b85-8bc1-6af36b99c451: shutdown 3c795851-1066-4b85-8bc1-6af36b99c451@group-D22779799422-FollowerState
2021-09-02 02:24:48,059 [3c795851-1066-4b85-8bc1-6af36b99c451@group-D22779799422-FollowerState] INFO  server.RaftServer$Division (RaftServerImpl.java:setRole(285)) - 3c795851-1066-4b85-8bc1-6af36b99c451@group-D22779799422: changes role from  FOLLOWER to CANDIDATE at term 4 for changeToCandidate
2021-09-02 02:24:48,059 [3c795851-1066-4b85-8bc1-6af36b99c451@group-D22779799422-FollowerState] INFO  server.RaftServerConfigKeys (ConfUtils.java:logGet(44)) - raft.server.leaderelection.pre-vote = false (custom)
2021-09-02 02:24:48,059 [3c795851-1066-4b85-8bc1-6af36b99c451@group-D22779799422-FollowerState] INFO  impl.RoleInfo (RoleInfo.java:updateAndGet(130)) - 3c795851-1066-4b85-8bc1-6af36b99c451: start 3c795851-1066-4b85-8bc1-6af36b99c451@group-D22779799422-LeaderElection177
2021-09-02 02:24:48,085 [3c795851-1066-4b85-8bc1-6af36b99c451@group-D22779799422-LeaderElection177] INFO  impl.LeaderElection (LeaderElection.java:askForVotes(306)) - 3c795851-1066-4b85-8bc1-6af36b99c451@group-D22779799422-LeaderElection177 ELECTION round 0: submit vote requests at term 5 for -1: [3c795851-1066-4b85-8bc1-6af36b99c451|rpc:10.1.0.11:42401|dataStream:|priority:1, 187906f6-3436-4d7b-ba29-fc09579eb1c8|rpc:10.1.0.11:41159|dataStream:|priority:0, af0a5c91-f714-4dc1-a2f1-efe0e47618a1|rpc:10.1.0.11:35001|dataStream:|priority:0], old=null
2021-09-02 02:24:48,107 [af0a5c91-f714-4dc1-a2f1-efe0e47618a1@group-D22779799422-FollowerState] INFO  impl.FollowerState (FollowerState.java:run(134)) - af0a5c91-f714-4dc1-a2f1-efe0e47618a1@group-D22779799422-FollowerState: change to CANDIDATE, lastRpcElapsedTime:5207646867ns, electionTimeout:5189ms
2021-09-02 02:24:48,107 [af0a5c91-f714-4dc1-a2f1-efe0e47618a1@group-D22779799422-FollowerState] INFO  impl.RoleInfo (RoleInfo.java:shutdownFollowerState(108)) - af0a5c91-f714-4dc1-a2f1-efe0e47618a1: shutdown af0a5c91-f714-4dc1-a2f1-efe0e47618a1@group-D22779799422-FollowerState
2021-09-02 02:24:48,107 [af0a5c91-f714-4dc1-a2f1-efe0e47618a1@group-D22779799422-FollowerState] INFO  server.RaftServer$Division (RaftServerImpl.java:setRole(285)) - af0a5c91-f714-4dc1-a2f1-efe0e47618a1@group-D22779799422: changes role from  FOLLOWER to CANDIDATE at term 4 for changeToCandidate
2021-09-02 02:24:48,107 [af0a5c91-f714-4dc1-a2f1-efe0e47618a1@group-D22779799422-FollowerState] INFO  server.RaftServerConfigKeys (ConfUtils.java:logGet(44)) - raft.server.leaderelection.pre-vote = false (custom)
2021-09-02 02:24:48,107 [af0a5c91-f714-4dc1-a2f1-efe0e47618a1@group-D22779799422-FollowerState] INFO  impl.RoleInfo (RoleInfo.java:updateAndGet(130)) - af0a5c91-f714-4dc1-a2f1-efe0e47618a1: start af0a5c91-f714-4dc1-a2f1-efe0e47618a1@group-D22779799422-LeaderElection178
2021-09-02 02:24:48,108 [grpc-default-executor-6] INFO  server.RaftServer$Division (RaftServerImpl.java:requestVote(1043)) - 187906f6-3436-4d7b-ba29-fc09579eb1c8@group-D22779799422: receive requestVote(ELECTION, 3c795851-1066-4b85-8bc1-6af36b99c451, group-D22779799422, 5, (t:0, i:0))
2021-09-02 02:24:48,108 [grpc-default-executor-6] INFO  impl.VoteContext (VoteContext.java:log(48)) - 187906f6-3436-4d7b-ba29-fc09579eb1c8@group-D22779799422-FOLLOWER: accept ELECTION from 3c795851-1066-4b85-8bc1-6af36b99c451: our priority 0 <= candidate's priority 1
2021-09-02 02:24:48,108 [grpc-default-executor-6] INFO  server.RaftServer$Division (RaftServerImpl.java:setRole(285)) - 187906f6-3436-4d7b-ba29-fc09579eb1c8@group-D22779799422: changes role from  FOLLOWER to FOLLOWER at term 5 for candidate:3c795851-1066-4b85-8bc1-6af36b99c451
2021-09-02 02:24:48,108 [grpc-default-executor-6] INFO  impl.RoleInfo (RoleInfo.java:shutdownFollowerState(108)) - 187906f6-3436-4d7b-ba29-fc09579eb1c8: shutdown 187906f6-3436-4d7b-ba29-fc09579eb1c8@group-D22779799422-FollowerState
2021-09-02 02:24:48,111 [af0a5c91-f714-4dc1-a2f1-efe0e47618a1@group-D22779799422-LeaderElection178] INFO  impl.LeaderElection (LeaderElection.java:askForVotes(306)) - af0a5c91-f714-4dc1-a2f1-efe0e47618a1@group-D22779799422-LeaderElection178 ELECTION round 0: submit vote requests at term 5 for -1: [3c795851-1066-4b85-8bc1-6af36b99c451|rpc:10.1.0.11:42401|priority:1, 187906f6-3436-4d7b-ba29-fc09579eb1c8|rpc:10.1.0.11:41159|priority:0, af0a5c91-f714-4dc1-a2f1-efe0e47618a1|rpc:10.1.0.11:35001|priority:0], old=null
2021-09-02 02:24:48,124 [grpc-default-executor-9] INFO  server.RaftServer$Division (RaftServerImpl.java:requestVote(1043)) - 3c795851-1066-4b85-8bc1-6af36b99c451@group-D22779799422: receive requestVote(ELECTION, af0a5c91-f714-4dc1-a2f1-efe0e47618a1, group-D22779799422, 5, (t:0, i:0))
2021-09-02 02:24:48,124 [grpc-default-executor-9] INFO  impl.VoteContext (VoteContext.java:log(48)) - 3c795851-1066-4b85-8bc1-6af36b99c451@group-D22779799422-CANDIDATE: reject ELECTION from af0a5c91-f714-4dc1-a2f1-efe0e47618a1: already has voted for 3c795851-1066-4b85-8bc1-6af36b99c451 at current term 5
2021-09-02 02:24:48,124 [grpc-default-executor-9] INFO  server.RaftServer$Division (RaftServerImpl.java:requestVote(1075)) - 3c795851-1066-4b85-8bc1-6af36b99c451@group-D22779799422 replies to ELECTION vote request: af0a5c91-f714-4dc1-a2f1-efe0e47618a1<-3c795851-1066-4b85-8bc1-6af36b99c451#0:FAIL-t5. Peer's state: 3c795851-1066-4b85-8bc1-6af36b99c451@group-D22779799422:t5, leader=null, voted=3c795851-1066-4b85-8bc1-6af36b99c451, raftlog=3c795851-1066-4b85-8bc1-6af36b99c451@group-D22779799422-SegmentedRaftLog:OPENED:c-1,f-1,i0, conf=-1: [3c795851-1066-4b85-8bc1-6af36b99c451|rpc:10.1.0.11:42401|dataStream:|priority:1, 187906f6-3436-4d7b-ba29-fc09579eb1c8|rpc:10.1.0.11:41159|dataStream:|priority:0, af0a5c91-f714-4dc1-a2f1-efe0e47618a1|rpc:10.1.0.11:35001|dataStream:|priority:0], old=null
2021-09-02 02:24:48,130 [af0a5c91-f714-4dc1-a2f1-efe0e47618a1@group-D22779799422-LeaderElection178] INFO  impl.LeaderElection (LeaderElection.java:logAndReturn(89)) - af0a5c91-f714-4dc1-a2f1-efe0e47618a1@group-D22779799422-LeaderElection178: ELECTION REJECTED received 1 response(s) and 0 exception(s):
2021-09-02 02:24:48,130 [af0a5c91-f714-4dc1-a2f1-efe0e47618a1@group-D22779799422-LeaderElection178] INFO  impl.LeaderElection (LeaderElection.java:logAndReturn(93)) -   Response 0: af0a5c91-f714-4dc1-a2f1-efe0e47618a1<-3c795851-1066-4b85-8bc1-6af36b99c451#0:FAIL-t5
2021-09-02 02:24:48,130 [af0a5c91-f714-4dc1-a2f1-efe0e47618a1@group-D22779799422-LeaderElection178] INFO  impl.LeaderElection (LeaderElection.java:askForVotes(308)) - af0a5c91-f714-4dc1-a2f1-efe0e47618a1@group-D22779799422-LeaderElection178 ELECTION round 0: result REJECTED
2021-09-02 02:24:48,130 [af0a5c91-f714-4dc1-a2f1-efe0e47618a1@group-D22779799422-LeaderElection178] INFO  server.RaftServer$Division (RaftServerImpl.java:setRole(285)) - af0a5c91-f714-4dc1-a2f1-efe0e47618a1@group-D22779799422: changes role from CANDIDATE to FOLLOWER at term 5 for REJECTED
2021-09-02 02:24:48,130 [af0a5c91-f714-4dc1-a2f1-efe0e47618a1@group-D22779799422-LeaderElection178] INFO  impl.RoleInfo (RoleInfo.java:shutdownLeaderElection(121)) - af0a5c91-f714-4dc1-a2f1-efe0e47618a1: shutdown af0a5c91-f714-4dc1-a2f1-efe0e47618a1@group-D22779799422-LeaderElection178
2021-09-02 02:24:48,130 [af0a5c91-f714-4dc1-a2f1-efe0e47618a1@group-D22779799422-LeaderElection178] INFO  impl.RoleInfo (RoleInfo.java:updateAndGet(130)) - af0a5c91-f714-4dc1-a2f1-efe0e47618a1: start af0a5c91-f714-4dc1-a2f1-efe0e47618a1@group-D22779799422-FollowerState
2021-09-02 02:24:48,131 [grpc-default-executor-9] INFO  server.RaftServer$Division (RaftServerImpl.java:requestVote(1043)) - 187906f6-3436-4d7b-ba29-fc09579eb1c8@group-D22779799422: receive requestVote(ELECTION, af0a5c91-f714-4dc1-a2f1-efe0e47618a1, group-D22779799422, 5, (t:0, i:0))
2021-09-02 02:24:48,177 [grpc-default-executor-6] INFO  impl.RoleInfo (RoleInfo.java:updateAndGet(130)) - 187906f6-3436-4d7b-ba29-fc09579eb1c8: start 187906f6-3436-4d7b-ba29-fc09579eb1c8@group-D22779799422-FollowerState
2021-09-02 02:24:48,177 [187906f6-3436-4d7b-ba29-fc09579eb1c8@group-D22779799422-FollowerState] INFO  impl.FollowerState (FollowerState.java:run(143)) - 187906f6-3436-4d7b-ba29-fc09579eb1c8@group-D22779799422-FollowerState was interrupted: {}
java.lang.InterruptedException: sleep interrupted
	at java.lang.Thread.sleep(Native Method)
	at java.lang.Thread.sleep(Thread.java:340)
	at java.util.concurrent.TimeUnit.sleep(TimeUnit.java:386)
	at org.apache.ratis.util.TimeDuration.sleep(TimeDuration.java:324)
	at org.apache.ratis.util.TimeDuration.sleep(TimeDuration.java:309)
	at org.apache.ratis.server.impl.FollowerState.run(FollowerState.java:118)
2021-09-02 02:24:48,179 [grpc-default-executor-6] INFO  server.RaftServer$Division (RaftServerImpl.java:requestVote(1075)) - 187906f6-3436-4d7b-ba29-fc09579eb1c8@group-D22779799422 replies to ELECTION vote request: 3c795851-1066-4b85-8bc1-6af36b99c451<-187906f6-3436-4d7b-ba29-fc09579eb1c8#0:OK-t5. Peer's state: 187906f6-3436-4d7b-ba29-fc09579eb1c8@group-D22779799422:t5, leader=null, voted=3c795851-1066-4b85-8bc1-6af36b99c451, raftlog=187906f6-3436-4d7b-ba29-fc09579eb1c8@group-D22779799422-SegmentedRaftLog:OPENED:c-1,f-1,i0, conf=-1: [3c795851-1066-4b85-8bc1-6af36b99c451|rpc:10.1.0.11:42401|dataStream:|priority:1, 187906f6-3436-4d7b-ba29-fc09579eb1c8|rpc:10.1.0.11:41159|dataStream:|priority:0, af0a5c91-f714-4dc1-a2f1-efe0e47618a1|rpc:10.1.0.11:35001|dataStream:|priority:0], old=null
2021-09-02 02:24:48,179 [grpc-default-executor-9] INFO  impl.VoteContext (VoteContext.java:log(48)) - 187906f6-3436-4d7b-ba29-fc09579eb1c8@group-D22779799422-FOLLOWER: reject ELECTION from af0a5c91-f714-4dc1-a2f1-efe0e47618a1: already has voted for 3c795851-1066-4b85-8bc1-6af36b99c451 at current term 5
2021-09-02 02:24:48,179 [grpc-default-executor-9] INFO  server.RaftServer$Division (RaftServerImpl.java:requestVote(1075)) - 187906f6-3436-4d7b-ba29-fc09579eb1c8@group-D22779799422 replies to ELECTION vote request: af0a5c91-f714-4dc1-a2f1-efe0e47618a1<-187906f6-3436-4d7b-ba29-fc09579eb1c8#0:FAIL-t5. Peer's state: 187906f6-3436-4d7b-ba29-fc09579eb1c8@group-D22779799422:t5, leader=null, voted=3c795851-1066-4b85-8bc1-6af36b99c451, raftlog=187906f6-3436-4d7b-ba29-fc09579eb1c8@group-D22779799422-SegmentedRaftLog:OPENED:c-1,f-1,i0, conf=-1: [3c795851-1066-4b85-8bc1-6af36b99c451|rpc:10.1.0.11:42401|dataStream:|priority:1, 187906f6-3436-4d7b-ba29-fc09579eb1c8|rpc:10.1.0.11:41159|dataStream:|priority:0, af0a5c91-f714-4dc1-a2f1-efe0e47618a1|rpc:10.1.0.11:35001|dataStream:|priority:0], old=null
2021-09-02 02:24:48,180 [3c795851-1066-4b85-8bc1-6af36b99c451@group-D22779799422-LeaderElection177] INFO  impl.LeaderElection (LeaderElection.java:logAndReturn(89)) - 3c795851-1066-4b85-8bc1-6af36b99c451@group-D22779799422-LeaderElection177: ELECTION PASSED received 1 response(s) and 0 exception(s):
2021-09-02 02:24:48,180 [3c795851-1066-4b85-8bc1-6af36b99c451@group-D22779799422-LeaderElection177] INFO  impl.LeaderElection (LeaderElection.java:logAndReturn(93)) -   Response 0: 3c795851-1066-4b85-8bc1-6af36b99c451<-187906f6-3436-4d7b-ba29-fc09579eb1c8#0:OK-t5
2021-09-02 02:24:48,180 [3c795851-1066-4b85-8bc1-6af36b99c451@group-D22779799422-LeaderElection177] INFO  impl.LeaderElection (LeaderElection.java:askForVotes(308)) - 3c795851-1066-4b85-8bc1-6af36b99c451@group-D22779799422-LeaderElection177 ELECTION round 0: result PASSED
2021-09-02 02:24:48,180 [3c795851-1066-4b85-8bc1-6af36b99c451@group-D22779799422-LeaderElection177] INFO  impl.RoleInfo (RoleInfo.java:shutdownLeaderElection(121)) - 3c795851-1066-4b85-8bc1-6af36b99c451: shutdown 3c795851-1066-4b85-8bc1-6af36b99c451@group-D22779799422-LeaderElection177
2021-09-02 02:24:48,180 [3c795851-1066-4b85-8bc1-6af36b99c451@group-D22779799422-LeaderElection177] INFO  server.RaftServer$Division (RaftServerImpl.java:setRole(285)) - 3c795851-1066-4b85-8bc1-6af36b99c451@group-D22779799422: changes role from CANDIDATE to LEADER at term 5 for changeToLeader
2021-09-02 02:24:48,180 [3c795851-1066-4b85-8bc1-6af36b99c451@group-D22779799422-LeaderElection177] INFO  ratis.XceiverServerRatis (XceiverServerRatis.java:handleLeaderChangedNotification(861)) - Leader change notification received for group: group-D22779799422 with new leaderId: 3c795851-1066-4b85-8bc1-6af36b99c451
2021-09-02 02:24:48,180 [3c795851-1066-4b85-8bc1-6af36b99c451@group-D22779799422-LeaderElection177] INFO  server.RaftServer$Division (ServerState.java:setLeader(285)) - 3c795851-1066-4b85-8bc1-6af36b99c451@group-D22779799422: change Leader from null to 3c795851-1066-4b85-8bc1-6af36b99c451 at term 5 for becomeLeader, leader elected after 25949ms
2021-09-02 02:24:48,180 [3c795851-1066-4b85-8bc1-6af36b99c451@group-D22779799422-LeaderElection177] INFO  server.RaftServerConfigKeys (ConfUtils.java:logGet(44)) - raft.server.staging.catchup.gap = 1000 (default)
2021-09-02 02:24:48,180 [3c795851-1066-4b85-8bc1-6af36b99c451@group-D22779799422-LeaderElection177] INFO  server.RaftServerConfigKeys (ConfUtils.java:logGet(44)) - raft.server.write.element-limit = 1024 (custom)
2021-09-02 02:24:48,181 [3c795851-1066-4b85-8bc1-6af36b99c451@group-D22779799422-LeaderElection177] INFO  server.RaftServerConfigKeys (ConfUtils.java:logGet(44)) - raft.server.write.byte-limit = 1024 M (=1073741824) (custom)
2021-09-02 02:24:48,181 [3c795851-1066-4b85-8bc1-6af36b99c451@group-D22779799422-LeaderElection177] INFO  server.RaftServerConfigKeys (ConfUtils.java:logGet(44)) - raft.server.watch.timeout = 3000ms (custom)
2021-09-02 02:24:48,181 [3c795851-1066-4b85-8bc1-6af36b99c451@group-D22779799422-LeaderElection177] INFO  server.RaftServerConfigKeys (ConfUtils.java:logGet(44)) - raft.server.watch.timeout.denomination = 1s (default)
2021-09-02 02:24:48,181 [3c795851-1066-4b85-8bc1-6af36b99c451@group-D22779799422-LeaderElection177] INFO  server.RaftServerConfigKeys (ConfUtils.java:logGet(44)) - raft.server.watch.element-limit = 65536 (default)
2021-09-02 02:24:48,181 [3c795851-1066-4b85-8bc1-6af36b99c451@group-D22779799422-LeaderElection177] INFO  server.RaftServerConfigKeys (ConfUtils.java:logGet(44)) - raft.server.log.appender.snapshot.chunk.size.max = 16MB (=16777216) (default)
2021-09-02 02:24:48,182 [3c795851-1066-4b85-8bc1-6af36b99c451@group-D22779799422-LeaderElection177] INFO  server.RaftServerConfigKeys (ConfUtils.java:logGet(44)) - raft.server.log.appender.buffer.byte-limit = 33554432 (custom)
2021-09-02 02:24:48,182 [3c795851-1066-4b85-8bc1-6af36b99c451@group-D22779799422-LeaderElection177] INFO  server.RaftServerConfigKeys (ConfUtils.java:logGet(44)) - raft.server.log.appender.buffer.element-limit = 1 (custom)
2021-09-02 02:24:48,182 [3c795851-1066-4b85-8bc1-6af36b99c451@group-D22779799422-LeaderElection177] INFO  grpc.GrpcConfigKeys (ConfUtils.java:logGet(44)) - raft.grpc.server.leader.outstanding.appends.max = 128 (default)
2021-09-02 02:24:48,182 [3c795851-1066-4b85-8bc1-6af36b99c451@group-D22779799422-LeaderElection177] INFO  server.RaftServerConfigKeys (ConfUtils.java:logGet(44)) - raft.server.rpc.request.timeout = 3000ms (default)
2021-09-02 02:24:48,182 [3c795851-1066-4b85-8bc1-6af36b99c451@group-D22779799422-LeaderElection177] INFO  server.RaftServerConfigKeys (ConfUtils.java:logGet(44)) - raft.server.log.appender.install.snapshot.enabled = false (custom)
2021-09-02 02:24:48,184 [3c795851-1066-4b85-8bc1-6af36b99c451@group-D22779799422-LeaderElection177] INFO  server.RaftServerConfigKeys (ConfUtils.java:logGet(44)) - raft.server.log.appender.snapshot.chunk.size.max = 16MB (=16777216) (default)
2021-09-02 02:24:48,184 [Datanode State Machine Thread - 0] WARN  statemachine.StateContext (StateContext.java:execute(621)) - No available thread in pool for past 1 seconds.
2021-09-02 02:24:48,190 [EventQueue-PipelineReportForPipelineReportHandler] INFO  pipeline.PipelineManagerImpl (PipelineManagerImpl.java:openPipeline(282)) - Pipeline Pipeline[ Id: d6b44281-4388-4f6e-aec4-d22779799422, Nodes: 3c795851-1066-4b85-8bc1-6af36b99c451{ip: 10.1.0.11, host: fv-az195-103.u3nnjwd0vyge1bu22idnsdeq2e.cx.internal.cloudapp.net, ports: [REPLICATION=42663, RATIS=42401, RATIS_ADMIN=42401, RATIS_SERVER=42401, STANDALONE=45997], networkLocation: /default-rack, certSerialId: null, persistedOpState: IN_SERVICE, persistedOpStateExpiryEpochSec: 0}187906f6-3436-4d7b-ba29-fc09579eb1c8{ip: 10.1.0.11, host: fv-az195-103.u3nnjwd0vyge1bu22idnsdeq2e.cx.internal.cloudapp.net, ports: [REPLICATION=45931, RATIS=41159, RATIS_ADMIN=41159, RATIS_SERVER=41159, STANDALONE=44607], networkLocation: /default-rack, certSerialId: null, persistedOpState: IN_SERVICE, persistedOpStateExpiryEpochSec: 0}af0a5c91-f714-4dc1-a2f1-efe0e47618a1{ip: 10.1.0.11, host: fv-az195-103.u3nnjwd0vyge1bu22idnsdeq2e.cx.internal.cloudapp.net, ports: [REPLICATION=43217, RATIS=35001, RATIS_ADMIN=35001, RATIS_SERVER=35001, STANDALONE=35895], networkLocation: /default-rack, certSerialId: null, persistedOpState: IN_SERVICE, persistedOpStateExpiryEpochSec: 0}, ReplicationConfig: RATIS/THREE, State:ALLOCATED, leaderId:3c795851-1066-4b85-8bc1-6af36b99c451, CreationTimestamp2021-09-02T02:24:20.126Z[Etc/UTC]] moved to OPEN state
2021-09-02 02:24:48,190 [3c795851-1066-4b85-8bc1-6af36b99c451@group-D22779799422-LeaderElection177] INFO  server.RaftServerConfigKeys (ConfUtils.java:logGet(44)) - raft.server.log.appender.buffer.byte-limit = 33554432 (custom)
2021-09-02 02:24:48,190 [3c795851-1066-4b85-8bc1-6af36b99c451@group-D22779799422-LeaderElection177] INFO  server.RaftServerConfigKeys (ConfUtils.java:logGet(44)) - raft.server.log.appender.buffer.element-limit = 1 (custom)
2021-09-02 02:24:48,190 [3c795851-1066-4b85-8bc1-6af36b99c451@group-D22779799422-LeaderElection177] INFO  grpc.GrpcConfigKeys (ConfUtils.java:logGet(44)) - raft.grpc.server.leader.outstanding.appends.max = 128 (default)
2021-09-02 02:24:48,190 [3c795851-1066-4b85-8bc1-6af36b99c451@group-D22779799422-LeaderElection177] INFO  server.RaftServerConfigKeys (ConfUtils.java:logGet(44)) - raft.server.rpc.request.timeout = 3000ms (default)
2021-09-02 02:24:48,191 [3c795851-1066-4b85-8bc1-6af36b99c451@group-D22779799422-LeaderElection177] INFO  server.RaftServerConfigKeys (ConfUtils.java:logGet(44)) - raft.server.log.appender.install.snapshot.enabled = false (custom)
2021-09-02 02:24:48,193 [3c795851-1066-4b85-8bc1-6af36b99c451@group-D22779799422-LeaderElection177] INFO  impl.RoleInfo (RoleInfo.java:updateAndGet(130)) - 3c795851-1066-4b85-8bc1-6af36b99c451: start 3c795851-1066-4b85-8bc1-6af36b99c451@group-D22779799422-LeaderStateImpl
2021-09-02 02:24:48,196 [3c795851-1066-4b85-8bc1-6af36b99c451@group-D22779799422-LeaderElection177] INFO  segmented.SegmentedRaftLogWorker (SegmentedRaftLogWorker.java:startLogSegment(394)) - 3c795851-1066-4b85-8bc1-6af36b99c451@group-D22779799422-SegmentedRaftLogWorker: Starting segment from index:0
2021-09-02 02:24:48,200 [grpc-default-executor-6] INFO  ratis.XceiverServerRatis (XceiverServerRatis.java:handleLeaderChangedNotification(861)) - Leader change notification received for group: group-D22779799422 with new leaderId: 3c795851-1066-4b85-8bc1-6af36b99c451
2021-09-02 02:24:48,200 [grpc-default-executor-6] INFO  server.RaftServer$Division (ServerState.java:setLeader(285)) - 187906f6-3436-4d7b-ba29-fc09579eb1c8@group-D22779799422: change Leader from null to 3c795851-1066-4b85-8bc1-6af36b99c451 at term 5 for appendEntries, leader elected after 25658ms
2021-09-02 02:24:48,207 [3c795851-1066-4b85-8bc1-6af36b99c451@group-D22779799422-LeaderElection177] INFO  server.RaftServer$Division (ServerState.java:setRaftConf(387)) - 3c795851-1066-4b85-8bc1-6af36b99c451@group-D22779799422: set configuration 0: [3c795851-1066-4b85-8bc1-6af36b99c451|rpc:10.1.0.11:42401|dataStream:|priority:1, 187906f6-3436-4d7b-ba29-fc09579eb1c8|rpc:10.1.0.11:41159|dataStream:|priority:0, af0a5c91-f714-4dc1-a2f1-efe0e47618a1|rpc:10.1.0.11:35001|dataStream:|priority:0], old=null
2021-09-02 02:24:48,240 [grpc-default-executor-9] INFO  server.RaftServer$Division (RaftServerImpl.java:requestVote(1043)) - af0a5c91-f714-4dc1-a2f1-efe0e47618a1@group-D22779799422: receive requestVote(ELECTION, 3c795851-1066-4b85-8bc1-6af36b99c451, group-D22779799422, 5, (t:0, i:0))
2021-09-02 02:24:48,240 [grpc-default-executor-9] INFO  impl.VoteContext (VoteContext.java:log(48)) - af0a5c91-f714-4dc1-a2f1-efe0e47618a1@group-D22779799422-FOLLOWER: reject ELECTION from 3c795851-1066-4b85-8bc1-6af36b99c451: already has voted for af0a5c91-f714-4dc1-a2f1-efe0e47618a1 at current term 5
2021-09-02 02:24:48,240 [grpc-default-executor-9] INFO  server.RaftServer$Division (RaftServerImpl.java:requestVote(1075)) - af0a5c91-f714-4dc1-a2f1-efe0e47618a1@group-D22779799422 replies to ELECTION vote request: 3c795851-1066-4b85-8bc1-6af36b99c451<-af0a5c91-f714-4dc1-a2f1-efe0e47618a1#0:FAIL-t5. Peer's state: af0a5c91-f714-4dc1-a2f1-efe0e47618a1@group-D22779799422:t5, leader=null, voted=af0a5c91-f714-4dc1-a2f1-efe0e47618a1, raftlog=af0a5c91-f714-4dc1-a2f1-efe0e47618a1@group-D22779799422-SegmentedRaftLog:OPENED:c-1,f-1,i0, conf=-1: [3c795851-1066-4b85-8bc1-6af36b99c451|rpc:10.1.0.11:42401|priority:1, 187906f6-3436-4d7b-ba29-fc09579eb1c8|rpc:10.1.0.11:41159|priority:0, af0a5c91-f714-4dc1-a2f1-efe0e47618a1|rpc:10.1.0.11:35001|priority:0], old=null
2021-09-02 02:24:48,257 [3c795851-1066-4b85-8bc1-6af36b99c451@group-D22779799422-SegmentedRaftLogWorker] INFO  segmented.SegmentedRaftLogWorker (SegmentedRaftLogWorker.java:execute(601)) - 3c795851-1066-4b85-8bc1-6af36b99c451@group-D22779799422-SegmentedRaftLogWorker: created new log segment /home/runner/work/ozone/ozone/hadoop-ozone/integration-test/target/test-dir/MiniOzoneClusterImpl-29bc8a50-871c-4f9e-822f-1a9e32d9d7f8/datanode-5/data/ratis/d6b44281-4388-4f6e-aec4-d22779799422/current/log_inprogress_0
2021-09-02 02:24:48,264 [grpc-default-executor-9] INFO  ratis.XceiverServerRatis (XceiverServerRatis.java:handleLeaderChangedNotification(861)) - Leader change notification received for group: group-D22779799422 with new leaderId: 3c795851-1066-4b85-8bc1-6af36b99c451
2021-09-02 02:24:48,264 [grpc-default-executor-9] INFO  server.RaftServer$Division (ServerState.java:setLeader(285)) - af0a5c91-f714-4dc1-a2f1-efe0e47618a1@group-D22779799422: change Leader from null to 3c795851-1066-4b85-8bc1-6af36b99c451 at term 5 for appendEntries, leader elected after 26195ms
2021-09-02 02:24:48,308 [grpc-default-executor-6] INFO  server.RaftServer$Division (ServerState.java:setRaftConf(387)) - 187906f6-3436-4d7b-ba29-fc09579eb1c8@group-D22779799422: set configuration 0: [3c795851-1066-4b85-8bc1-6af36b99c451|rpc:10.1.0.11:42401|dataStream:|priority:1, 187906f6-3436-4d7b-ba29-fc09579eb1c8|rpc:10.1.0.11:41159|dataStream:|priority:0, af0a5c91-f714-4dc1-a2f1-efe0e47618a1|rpc:10.1.0.11:35001|dataStream:|priority:0], old=null
2021-09-02 02:24:48,308 [grpc-default-executor-6] INFO  segmented.SegmentedRaftLogWorker (SegmentedRaftLogWorker.java:startLogSegment(394)) - 187906f6-3436-4d7b-ba29-fc09579eb1c8@group-D22779799422-SegmentedRaftLogWorker: Starting segment from index:0
2021-09-02 02:24:48,308 [grpc-default-executor-9] INFO  server.RaftServer$Division (ServerState.java:setRaftConf(387)) - af0a5c91-f714-4dc1-a2f1-efe0e47618a1@group-D22779799422: set configuration 0: [3c795851-1066-4b85-8bc1-6af36b99c451|rpc:10.1.0.11:42401|dataStream:|priority:1, 187906f6-3436-4d7b-ba29-fc09579eb1c8|rpc:10.1.0.11:41159|dataStream:|priority:0, af0a5c91-f714-4dc1-a2f1-efe0e47618a1|rpc:10.1.0.11:35001|dataStream:|priority:0], old=null
2021-09-02 02:24:48,309 [grpc-default-executor-9] INFO  segmented.SegmentedRaftLogWorker (SegmentedRaftLogWorker.java:startLogSegment(394)) - af0a5c91-f714-4dc1-a2f1-efe0e47618a1@group-D22779799422-SegmentedRaftLogWorker: Starting segment from index:0
2021-09-02 02:24:48,313 [187906f6-3436-4d7b-ba29-fc09579eb1c8@group-D22779799422-SegmentedRaftLogWorker] INFO  segmented.SegmentedRaftLogWorker (SegmentedRaftLogWorker.java:execute(601)) - 187906f6-3436-4d7b-ba29-fc09579eb1c8@group-D22779799422-SegmentedRaftLogWorker: created new log segment /home/runner/work/ozone/ozone/hadoop-ozone/integration-test/target/test-dir/MiniOzoneClusterImpl-29bc8a50-871c-4f9e-822f-1a9e32d9d7f8/datanode-4/data/ratis/d6b44281-4388-4f6e-aec4-d22779799422/current/log_inprogress_0
2021-09-02 02:24:48,313 [af0a5c91-f714-4dc1-a2f1-efe0e47618a1@group-D22779799422-SegmentedRaftLogWorker] INFO  segmented.SegmentedRaftLogWorker (SegmentedRaftLogWorker.java:execute(601)) - af0a5c91-f714-4dc1-a2f1-efe0e47618a1@group-D22779799422-SegmentedRaftLogWorker: created new log segment /home/runner/work/ozone/ozone/hadoop-ozone/integration-test/target/test-dir/MiniOzoneClusterImpl-29bc8a50-871c-4f9e-822f-1a9e32d9d7f8/datanode-3/data/ratis/d6b44281-4388-4f6e-aec4-d22779799422/current/log_inprogress_0
2021-09-02 02:24:50,831 [9fd2e81d-61d0-44de-872c-4ae9b66045fe@group-6C0F8F3DFF59-FollowerState] INFO  impl.FollowerState (FollowerState.java:run(134)) - 9fd2e81d-61d0-44de-872c-4ae9b66045fe@group-6C0F8F3DFF59-FollowerState: change to CANDIDATE, lastRpcElapsedTime:5051075003ns, electionTimeout:5050ms
2021-09-02 02:24:50,832 [9fd2e81d-61d0-44de-872c-4ae9b66045fe@group-6C0F8F3DFF59-FollowerState] INFO  impl.RoleInfo (RoleInfo.java:shutdownFollowerState(108)) - 9fd2e81d-61d0-44de-872c-4ae9b66045fe: shutdown 9fd2e81d-61d0-44de-872c-4ae9b66045fe@group-6C0F8F3DFF59-FollowerState
2021-09-02 02:24:50,832 [9fd2e81d-61d0-44de-872c-4ae9b66045fe@group-6C0F8F3DFF59-FollowerState] INFO  server.RaftServer$Division (RaftServerImpl.java:setRole(285)) - 9fd2e81d-61d0-44de-872c-4ae9b66045fe@group-6C0F8F3DFF59: changes role from  FOLLOWER to CANDIDATE at term 6 for changeToCandidate
2021-09-02 02:24:50,832 [9fd2e81d-61d0-44de-872c-4ae9b66045fe@group-6C0F8F3DFF59-FollowerState] INFO  server.RaftServerConfigKeys (ConfUtils.java:logGet(44)) - raft.server.leaderelection.pre-vote = false (custom)
2021-09-02 02:24:50,832 [9fd2e81d-61d0-44de-872c-4ae9b66045fe@group-6C0F8F3DFF59-FollowerState] INFO  impl.RoleInfo (RoleInfo.java:updateAndGet(130)) - 9fd2e81d-61d0-44de-872c-4ae9b66045fe: start 9fd2e81d-61d0-44de-872c-4ae9b66045fe@group-6C0F8F3DFF59-LeaderElection179
2021-09-02 02:24:50,849 [9fd2e81d-61d0-44de-872c-4ae9b66045fe@group-6C0F8F3DFF59-LeaderElection179] INFO  impl.LeaderElection (LeaderElection.java:askForVotes(306)) - 9fd2e81d-61d0-44de-872c-4ae9b66045fe@group-6C0F8F3DFF59-LeaderElection179 ELECTION round 0: submit vote requests at term 7 for -1: [12400696-0678-464b-ad01-faef76468be0|rpc:10.1.0.11:44187|dataStream:|priority:0, a378c862-060f-4c80-8a42-fa0762e0f8c9|rpc:10.1.0.11:42281|dataStream:|priority:1, 9fd2e81d-61d0-44de-872c-4ae9b66045fe|rpc:10.1.0.11:34541|dataStream:|priority:0], old=null
2021-09-02 02:24:50,850 [grpc-default-executor-6] INFO  server.RaftServer$Division (RaftServerImpl.java:requestVote(1043)) - 12400696-0678-464b-ad01-faef76468be0@group-6C0F8F3DFF59: receive requestVote(ELECTION, 9fd2e81d-61d0-44de-872c-4ae9b66045fe, group-6C0F8F3DFF59, 7, (t:0, i:0))
2021-09-02 02:24:50,850 [grpc-default-executor-6] INFO  impl.VoteContext (VoteContext.java:log(48)) - 12400696-0678-464b-ad01-faef76468be0@group-6C0F8F3DFF59-FOLLOWER: accept ELECTION from 9fd2e81d-61d0-44de-872c-4ae9b66045fe: our priority 0 <= candidate's priority 0
2021-09-02 02:24:50,850 [grpc-default-executor-6] INFO  server.RaftServer$Division (RaftServerImpl.java:setRole(285)) - 12400696-0678-464b-ad01-faef76468be0@group-6C0F8F3DFF59: changes role from  FOLLOWER to FOLLOWER at term 7 for candidate:9fd2e81d-61d0-44de-872c-4ae9b66045fe
2021-09-02 02:24:50,850 [grpc-default-executor-6] INFO  impl.RoleInfo (RoleInfo.java:shutdownFollowerState(108)) - 12400696-0678-464b-ad01-faef76468be0: shutdown 12400696-0678-464b-ad01-faef76468be0@group-6C0F8F3DFF59-FollowerState
2021-09-02 02:24:50,852 [a378c862-060f-4c80-8a42-fa0762e0f8c9@group-6C0F8F3DFF59-FollowerState] INFO  impl.FollowerState (FollowerState.java:run(134)) - a378c862-060f-4c80-8a42-fa0762e0f8c9@group-6C0F8F3DFF59-FollowerState: change to CANDIDATE, lastRpcElapsedTime:5078521396ns, electionTimeout:5074ms
2021-09-02 02:24:50,852 [a378c862-060f-4c80-8a42-fa0762e0f8c9@group-6C0F8F3DFF59-FollowerState] INFO  impl.RoleInfo (RoleInfo.java:shutdownFollowerState(108)) - a378c862-060f-4c80-8a42-fa0762e0f8c9: shutdown a378c862-060f-4c80-8a42-fa0762e0f8c9@group-6C0F8F3DFF59-FollowerState
2021-09-02 02:24:50,852 [a378c862-060f-4c80-8a42-fa0762e0f8c9@group-6C0F8F3DFF59-FollowerState] INFO  server.RaftServer$Division (RaftServerImpl.java:setRole(285)) - a378c862-060f-4c80-8a42-fa0762e0f8c9@group-6C0F8F3DFF59: changes role from  FOLLOWER to CANDIDATE at term 6 for changeToCandidate
2021-09-02 02:24:50,863 [a378c862-060f-4c80-8a42-fa0762e0f8c9@group-6C0F8F3DFF59-FollowerState] INFO  server.RaftServerConfigKeys (ConfUtils.java:logGet(44)) - raft.server.leaderelection.pre-vote = false (custom)
2021-09-02 02:24:50,863 [a378c862-060f-4c80-8a42-fa0762e0f8c9@group-6C0F8F3DFF59-FollowerState] INFO  impl.RoleInfo (RoleInfo.java:updateAndGet(130)) - a378c862-060f-4c80-8a42-fa0762e0f8c9: start a378c862-060f-4c80-8a42-fa0762e0f8c9@group-6C0F8F3DFF59-LeaderElection180
2021-09-02 02:24:50,864 [grpc-default-executor-7] INFO  server.RaftServer$Division (RaftServerImpl.java:requestVote(1043)) - a378c862-060f-4c80-8a42-fa0762e0f8c9@group-6C0F8F3DFF59: receive requestVote(ELECTION, 9fd2e81d-61d0-44de-872c-4ae9b66045fe, group-6C0F8F3DFF59, 7, (t:0, i:0))
2021-09-02 02:24:50,871 [grpc-default-executor-6] INFO  impl.RoleInfo (RoleInfo.java:updateAndGet(130)) - 12400696-0678-464b-ad01-faef76468be0: start 12400696-0678-464b-ad01-faef76468be0@group-6C0F8F3DFF59-FollowerState
2021-09-02 02:24:50,873 [12400696-0678-464b-ad01-faef76468be0@group-6C0F8F3DFF59-FollowerState] INFO  impl.FollowerState (FollowerState.java:run(143)) - 12400696-0678-464b-ad01-faef76468be0@group-6C0F8F3DFF59-FollowerState was interrupted: {}
java.lang.InterruptedException: sleep interrupted
	at java.lang.Thread.sleep(Native Method)
	at java.lang.Thread.sleep(Thread.java:340)
	at java.util.concurrent.TimeUnit.sleep(TimeUnit.java:386)
	at org.apache.ratis.util.TimeDuration.sleep(TimeDuration.java:324)
	at org.apache.ratis.util.TimeDuration.sleep(TimeDuration.java:309)
	at org.apache.ratis.server.impl.FollowerState.run(FollowerState.java:118)
2021-09-02 02:24:50,878 [grpc-default-executor-7] INFO  impl.VoteContext (VoteContext.java:log(48)) - a378c862-060f-4c80-8a42-fa0762e0f8c9@group-6C0F8F3DFF59-CANDIDATE: reject ELECTION from 9fd2e81d-61d0-44de-872c-4ae9b66045fe: already has voted for a378c862-060f-4c80-8a42-fa0762e0f8c9 at current term 7
2021-09-02 02:24:50,879 [grpc-default-executor-7] INFO  server.RaftServer$Division (RaftServerImpl.java:requestVote(1075)) - a378c862-060f-4c80-8a42-fa0762e0f8c9@group-6C0F8F3DFF59 replies to ELECTION vote request: 9fd2e81d-61d0-44de-872c-4ae9b66045fe<-a378c862-060f-4c80-8a42-fa0762e0f8c9#0:FAIL-t7. Peer's state: a378c862-060f-4c80-8a42-fa0762e0f8c9@group-6C0F8F3DFF59:t7, leader=null, voted=a378c862-060f-4c80-8a42-fa0762e0f8c9, raftlog=a378c862-060f-4c80-8a42-fa0762e0f8c9@group-6C0F8F3DFF59-SegmentedRaftLog:OPENED:c0,f0,i0, conf=0: [12400696-0678-464b-ad01-faef76468be0|rpc:10.1.0.11:44187|dataStream:|priority:0, a378c862-060f-4c80-8a42-fa0762e0f8c9|rpc:10.1.0.11:42281|dataStream:|priority:1, 9fd2e81d-61d0-44de-872c-4ae9b66045fe|rpc:10.1.0.11:34541|dataStream:|priority:0], old=null
2021-09-02 02:24:50,879 [a378c862-060f-4c80-8a42-fa0762e0f8c9@group-6C0F8F3DFF59-LeaderElection180] INFO  impl.LeaderElection (LeaderElection.java:askForVotes(306)) - a378c862-060f-4c80-8a42-fa0762e0f8c9@group-6C0F8F3DFF59-LeaderElection180 ELECTION round 0: submit vote requests at term 7 for 0: [12400696-0678-464b-ad01-faef76468be0|rpc:10.1.0.11:44187|dataStream:|priority:0, a378c862-060f-4c80-8a42-fa0762e0f8c9|rpc:10.1.0.11:42281|dataStream:|priority:1, 9fd2e81d-61d0-44de-872c-4ae9b66045fe|rpc:10.1.0.11:34541|dataStream:|priority:0], old=null
2021-09-02 02:24:50,889 [grpc-default-executor-6] INFO  server.RaftServer$Division (RaftServerImpl.java:requestVote(1075)) - 12400696-0678-464b-ad01-faef76468be0@group-6C0F8F3DFF59 replies to ELECTION vote request: 9fd2e81d-61d0-44de-872c-4ae9b66045fe<-12400696-0678-464b-ad01-faef76468be0#0:OK-t7. Peer's state: 12400696-0678-464b-ad01-faef76468be0@group-6C0F8F3DFF59:t7, leader=null, voted=9fd2e81d-61d0-44de-872c-4ae9b66045fe, raftlog=12400696-0678-464b-ad01-faef76468be0@group-6C0F8F3DFF59-SegmentedRaftLog:OPENED:c-1,f-1,i0, conf=-1: [12400696-0678-464b-ad01-faef76468be0|rpc:10.1.0.11:44187|priority:0, a378c862-060f-4c80-8a42-fa0762e0f8c9|rpc:10.1.0.11:42281|priority:1, 9fd2e81d-61d0-44de-872c-4ae9b66045fe|rpc:10.1.0.11:34541|priority:0], old=null
2021-09-02 02:24:50,890 [grpc-default-executor-6] INFO  server.RaftServer$Division (RaftServerImpl.java:requestVote(1043)) - 12400696-0678-464b-ad01-faef76468be0@group-6C0F8F3DFF59: receive requestVote(ELECTION, a378c862-060f-4c80-8a42-fa0762e0f8c9, group-6C0F8F3DFF59, 7, (t:2, i:0))
2021-09-02 02:24:50,890 [grpc-default-executor-6] INFO  impl.VoteContext (VoteContext.java:log(48)) - 12400696-0678-464b-ad01-faef76468be0@group-6C0F8F3DFF59-FOLLOWER: reject ELECTION from a378c862-060f-4c80-8a42-fa0762e0f8c9: already has voted for 9fd2e81d-61d0-44de-872c-4ae9b66045fe at current term 7
2021-09-02 02:24:50,890 [grpc-default-executor-6] INFO  server.RaftServer$Division (RaftServerImpl.java:requestVote(1075)) - 12400696-0678-464b-ad01-faef76468be0@group-6C0F8F3DFF59 replies to ELECTION vote request: a378c862-060f-4c80-8a42-fa0762e0f8c9<-12400696-0678-464b-ad01-faef76468be0#0:FAIL-t7. Peer's state: 12400696-0678-464b-ad01-faef76468be0@group-6C0F8F3DFF59:t7, leader=null, voted=9fd2e81d-61d0-44de-872c-4ae9b66045fe, raftlog=12400696-0678-464b-ad01-faef76468be0@group-6C0F8F3DFF59-SegmentedRaftLog:OPENED:c-1,f-1,i0, conf=-1: [12400696-0678-464b-ad01-faef76468be0|rpc:10.1.0.11:44187|priority:0, a378c862-060f-4c80-8a42-fa0762e0f8c9|rpc:10.1.0.11:42281|priority:1, 9fd2e81d-61d0-44de-872c-4ae9b66045fe|rpc:10.1.0.11:34541|priority:0], old=null
2021-09-02 02:24:50,890 [9fd2e81d-61d0-44de-872c-4ae9b66045fe@group-6C0F8F3DFF59-LeaderElection179] INFO  impl.LeaderElection (LeaderElection.java:logAndReturn(89)) - 9fd2e81d-61d0-44de-872c-4ae9b66045fe@group-6C0F8F3DFF59-LeaderElection179: ELECTION REJECTED received 2 response(s) and 0 exception(s):
2021-09-02 02:24:50,890 [9fd2e81d-61d0-44de-872c-4ae9b66045fe@group-6C0F8F3DFF59-LeaderElection179] INFO  impl.LeaderElection (LeaderElection.java:logAndReturn(93)) -   Response 0: 9fd2e81d-61d0-44de-872c-4ae9b66045fe<-12400696-0678-464b-ad01-faef76468be0#0:OK-t7
2021-09-02 02:24:50,890 [9fd2e81d-61d0-44de-872c-4ae9b66045fe@group-6C0F8F3DFF59-LeaderElection179] INFO  impl.LeaderElection (LeaderElection.java:logAndReturn(93)) -   Response 1: 9fd2e81d-61d0-44de-872c-4ae9b66045fe<-a378c862-060f-4c80-8a42-fa0762e0f8c9#0:FAIL-t7
2021-09-02 02:24:50,890 [9fd2e81d-61d0-44de-872c-4ae9b66045fe@group-6C0F8F3DFF59-LeaderElection179] INFO  impl.LeaderElection (LeaderElection.java:askForVotes(308)) - 9fd2e81d-61d0-44de-872c-4ae9b66045fe@group-6C0F8F3DFF59-LeaderElection179 ELECTION round 0: result REJECTED
2021-09-02 02:24:50,890 [9fd2e81d-61d0-44de-872c-4ae9b66045fe@group-6C0F8F3DFF59-LeaderElection179] INFO  server.RaftServer$Division (RaftServerImpl.java:setRole(285)) - 9fd2e81d-61d0-44de-872c-4ae9b66045fe@group-6C0F8F3DFF59: changes role from CANDIDATE to FOLLOWER at term 7 for REJECTED
2021-09-02 02:24:50,890 [9fd2e81d-61d0-44de-872c-4ae9b66045fe@group-6C0F8F3DFF59-LeaderElection179] INFO  impl.RoleInfo (RoleInfo.java:shutdownLeaderElection(121)) - 9fd2e81d-61d0-44de-872c-4ae9b66045fe: shutdown 9fd2e81d-61d0-44de-872c-4ae9b66045fe@group-6C0F8F3DFF59-LeaderElection179
2021-09-02 02:24:50,890 [9fd2e81d-61d0-44de-872c-4ae9b66045fe@group-6C0F8F3DFF59-LeaderElection179] INFO  impl.RoleInfo (RoleInfo.java:updateAndGet(130)) - 9fd2e81d-61d0-44de-872c-4ae9b66045fe: start 9fd2e81d-61d0-44de-872c-4ae9b66045fe@group-6C0F8F3DFF59-FollowerState
2021-09-02 02:24:50,897 [grpc-default-executor-6] INFO  server.RaftServer$Division (RaftServerImpl.java:requestVote(1043)) - 9fd2e81d-61d0-44de-872c-4ae9b66045fe@group-6C0F8F3DFF59: receive requestVote(ELECTION, a378c862-060f-4c80-8a42-fa0762e0f8c9, group-6C0F8F3DFF59, 7, (t:2, i:0))
2021-09-02 02:24:50,897 [grpc-default-executor-6] INFO  impl.VoteContext (VoteContext.java:log(48)) - 9fd2e81d-61d0-44de-872c-4ae9b66045fe@group-6C0F8F3DFF59-FOLLOWER: reject ELECTION from a378c862-060f-4c80-8a42-fa0762e0f8c9: already has voted for 9fd2e81d-61d0-44de-872c-4ae9b66045fe at current term 7
2021-09-02 02:24:50,897 [grpc-default-executor-6] INFO  server.RaftServer$Division (RaftServerImpl.java:requestVote(1075)) - 9fd2e81d-61d0-44de-872c-4ae9b66045fe@group-6C0F8F3DFF59 replies to ELECTION vote request: a378c862-060f-4c80-8a42-fa0762e0f8c9<-9fd2e81d-61d0-44de-872c-4ae9b66045fe#0:FAIL-t7. Peer's state: 9fd2e81d-61d0-44de-872c-4ae9b66045fe@group-6C0F8F3DFF59:t7, leader=null, voted=9fd2e81d-61d0-44de-872c-4ae9b66045fe, raftlog=9fd2e81d-61d0-44de-872c-4ae9b66045fe@group-6C0F8F3DFF59-SegmentedRaftLog:OPENED:c-1,f-1,i0, conf=-1: [12400696-0678-464b-ad01-faef76468be0|rpc:10.1.0.11:44187|dataStream:|priority:0, a378c862-060f-4c80-8a42-fa0762e0f8c9|rpc:10.1.0.11:42281|dataStream:|priority:1, 9fd2e81d-61d0-44de-872c-4ae9b66045fe|rpc:10.1.0.11:34541|dataStream:|priority:0], old=null
2021-09-02 02:24:50,898 [a378c862-060f-4c80-8a42-fa0762e0f8c9@group-6C0F8F3DFF59-LeaderElection180] INFO  impl.LeaderElection (LeaderElection.java:logAndReturn(89)) - a378c862-060f-4c80-8a42-fa0762e0f8c9@group-6C0F8F3DFF59-LeaderElection180: ELECTION REJECTED received 2 response(s) and 0 exception(s):
2021-09-02 02:24:50,898 [a378c862-060f-4c80-8a42-fa0762e0f8c9@group-6C0F8F3DFF59-LeaderElection180] INFO  impl.LeaderElection (LeaderElection.java:logAndReturn(93)) -   Response 0: a378c862-060f-4c80-8a42-fa0762e0f8c9<-12400696-0678-464b-ad01-faef76468be0#0:FAIL-t7
2021-09-02 02:24:50,898 [a378c862-060f-4c80-8a42-fa0762e0f8c9@group-6C0F8F3DFF59-LeaderElection180] INFO  impl.LeaderElection (LeaderElection.java:logAndReturn(93)) -   Response 1: a378c862-060f-4c80-8a42-fa0762e0f8c9<-9fd2e81d-61d0-44de-872c-4ae9b66045fe#0:FAIL-t7
2021-09-02 02:24:50,898 [a378c862-060f-4c80-8a42-fa0762e0f8c9@group-6C0F8F3DFF59-LeaderElection180] INFO  impl.LeaderElection (LeaderElection.java:askForVotes(308)) - a378c862-060f-4c80-8a42-fa0762e0f8c9@group-6C0F8F3DFF59-LeaderElection180 ELECTION round 0: result REJECTED
2021-09-02 02:24:50,898 [a378c862-060f-4c80-8a42-fa0762e0f8c9@group-6C0F8F3DFF59-LeaderElection180] INFO  server.RaftServer$Division (RaftServerImpl.java:setRole(285)) - a378c862-060f-4c80-8a42-fa0762e0f8c9@group-6C0F8F3DFF59: changes role from CANDIDATE to FOLLOWER at term 7 for REJECTED
2021-09-02 02:24:50,898 [a378c862-060f-4c80-8a42-fa0762e0f8c9@group-6C0F8F3DFF59-LeaderElection180] INFO  impl.RoleInfo (RoleInfo.java:shutdownLeaderElection(121)) - a378c862-060f-4c80-8a42-fa0762e0f8c9: shutdown a378c862-060f-4c80-8a42-fa0762e0f8c9@group-6C0F8F3DFF59-LeaderElection180
2021-09-02 02:24:50,898 [a378c862-060f-4c80-8a42-fa0762e0f8c9@group-6C0F8F3DFF59-LeaderElection180] INFO  impl.RoleInfo (RoleInfo.java:updateAndGet(130)) - a378c862-060f-4c80-8a42-fa0762e0f8c9: start a378c862-060f-4c80-8a42-fa0762e0f8c9@group-6C0F8F3DFF59-FollowerState
2021-09-02 02:24:55,909 [12400696-0678-464b-ad01-faef76468be0@group-6C0F8F3DFF59-FollowerState] INFO  impl.FollowerState (FollowerState.java:run(134)) - 12400696-0678-464b-ad01-faef76468be0@group-6C0F8F3DFF59-FollowerState: change to CANDIDATE, lastRpcElapsedTime:5020554381ns, electionTimeout:5018ms
2021-09-02 02:24:55,909 [12400696-0678-464b-ad01-faef76468be0@group-6C0F8F3DFF59-FollowerState] INFO  impl.RoleInfo (RoleInfo.java:shutdownFollowerState(108)) - 12400696-0678-464b-ad01-faef76468be0: shutdown 12400696-0678-464b-ad01-faef76468be0@group-6C0F8F3DFF59-FollowerState
2021-09-02 02:24:55,909 [12400696-0678-464b-ad01-faef76468be0@group-6C0F8F3DFF59-FollowerState] INFO  server.RaftServer$Division (RaftServerImpl.java:setRole(285)) - 12400696-0678-464b-ad01-faef76468be0@group-6C0F8F3DFF59: changes role from  FOLLOWER to CANDIDATE at term 7 for changeToCandidate
2021-09-02 02:24:55,909 [12400696-0678-464b-ad01-faef76468be0@group-6C0F8F3DFF59-FollowerState] INFO  server.RaftServerConfigKeys (ConfUtils.java:logGet(44)) - raft.server.leaderelection.pre-vote = false (custom)
2021-09-02 02:24:55,910 [12400696-0678-464b-ad01-faef76468be0@group-6C0F8F3DFF59-FollowerState] INFO  impl.RoleInfo (RoleInfo.java:updateAndGet(130)) - 12400696-0678-464b-ad01-faef76468be0: start 12400696-0678-464b-ad01-faef76468be0@group-6C0F8F3DFF59-LeaderElection181
2021-09-02 02:24:55,913 [9fd2e81d-61d0-44de-872c-4ae9b66045fe@group-6C0F8F3DFF59-FollowerState] INFO  impl.FollowerState (FollowerState.java:run(134)) - 9fd2e81d-61d0-44de-872c-4ae9b66045fe@group-6C0F8F3DFF59-FollowerState: change to CANDIDATE, lastRpcElapsedTime:5022862439ns, electionTimeout:5013ms
2021-09-02 02:24:55,913 [9fd2e81d-61d0-44de-872c-4ae9b66045fe@group-6C0F8F3DFF59-FollowerState] INFO  impl.RoleInfo (RoleInfo.java:shutdownFollowerState(108)) - 9fd2e81d-61d0-44de-872c-4ae9b66045fe: shutdown 9fd2e81d-61d0-44de-872c-4ae9b66045fe@group-6C0F8F3DFF59-FollowerState
2021-09-02 02:24:55,913 [9fd2e81d-61d0-44de-872c-4ae9b66045fe@group-6C0F8F3DFF59-FollowerState] INFO  server.RaftServer$Division (RaftServerImpl.java:setRole(285)) - 9fd2e81d-61d0-44de-872c-4ae9b66045fe@group-6C0F8F3DFF59: changes role from  FOLLOWER to CANDIDATE at term 7 for changeToCandidate
2021-09-02 02:24:55,931 [9fd2e81d-61d0-44de-872c-4ae9b66045fe@group-6C0F8F3DFF59-FollowerState] INFO  server.RaftServerConfigKeys (ConfUtils.java:logGet(44)) - raft.server.leaderelection.pre-vote = false (custom)
2021-09-02 02:24:55,931 [9fd2e81d-61d0-44de-872c-4ae9b66045fe@group-6C0F8F3DFF59-FollowerState] INFO  impl.RoleInfo (RoleInfo.java:updateAndGet(130)) - 9fd2e81d-61d0-44de-872c-4ae9b66045fe: start 9fd2e81d-61d0-44de-872c-4ae9b66045fe@group-6C0F8F3DFF59-LeaderElection182
2021-09-02 02:24:55,939 [9fd2e81d-61d0-44de-872c-4ae9b66045fe@group-6C0F8F3DFF59-LeaderElection182] INFO  impl.LeaderElection (LeaderElection.java:askForVotes(306)) - 9fd2e81d-61d0-44de-872c-4ae9b66045fe@group-6C0F8F3DFF59-LeaderElection182 ELECTION round 0: submit vote requests at term 8 for -1: [12400696-0678-464b-ad01-faef76468be0|rpc:10.1.0.11:44187|dataStream:|priority:0, a378c862-060f-4c80-8a42-fa0762e0f8c9|rpc:10.1.0.11:42281|dataStream:|priority:1, 9fd2e81d-61d0-44de-872c-4ae9b66045fe|rpc:10.1.0.11:34541|dataStream:|priority:0], old=null
2021-09-02 02:24:55,941 [12400696-0678-464b-ad01-faef76468be0@group-6C0F8F3DFF59-LeaderElection181] INFO  impl.LeaderElection (LeaderElection.java:askForVotes(306)) - 12400696-0678-464b-ad01-faef76468be0@group-6C0F8F3DFF59-LeaderElection181 ELECTION round 0: submit vote requests at term 8 for -1: [12400696-0678-464b-ad01-faef76468be0|rpc:10.1.0.11:44187|priority:0, a378c862-060f-4c80-8a42-fa0762e0f8c9|rpc:10.1.0.11:42281|priority:1, 9fd2e81d-61d0-44de-872c-4ae9b66045fe|rpc:10.1.0.11:34541|priority:0], old=null
2021-09-02 02:24:55,962 [grpc-default-executor-7] INFO  server.RaftServer$Division (RaftServerImpl.java:requestVote(1043)) - 12400696-0678-464b-ad01-faef76468be0@group-6C0F8F3DFF59: receive requestVote(ELECTION, 9fd2e81d-61d0-44de-872c-4ae9b66045fe, group-6C0F8F3DFF59, 8, (t:0, i:0))
2021-09-02 02:24:55,962 [grpc-default-executor-7] INFO  impl.VoteContext (VoteContext.java:log(48)) - 12400696-0678-464b-ad01-faef76468be0@group-6C0F8F3DFF59-CANDIDATE: reject ELECTION from 9fd2e81d-61d0-44de-872c-4ae9b66045fe: already has voted for 12400696-0678-464b-ad01-faef76468be0 at current term 8
2021-09-02 02:24:55,962 [grpc-default-executor-7] INFO  server.RaftServer$Division (RaftServerImpl.java:requestVote(1075)) - 12400696-0678-464b-ad01-faef76468be0@group-6C0F8F3DFF59 replies to ELECTION vote request: 9fd2e81d-61d0-44de-872c-4ae9b66045fe<-12400696-0678-464b-ad01-faef76468be0#0:FAIL-t8. Peer's state: 12400696-0678-464b-ad01-faef76468be0@group-6C0F8F3DFF59:t8, leader=null, voted=12400696-0678-464b-ad01-faef76468be0, raftlog=12400696-0678-464b-ad01-faef76468be0@group-6C0F8F3DFF59-SegmentedRaftLog:OPENED:c-1,f-1,i0, conf=-1: [12400696-0678-464b-ad01-faef76468be0|rpc:10.1.0.11:44187|priority:0, a378c862-060f-4c80-8a42-fa0762e0f8c9|rpc:10.1.0.11:42281|priority:1, 9fd2e81d-61d0-44de-872c-4ae9b66045fe|rpc:10.1.0.11:34541|priority:0], old=null
2021-09-02 02:24:56,012 [a378c862-060f-4c80-8a42-fa0762e0f8c9@group-6C0F8F3DFF59-FollowerState] INFO  impl.FollowerState (FollowerState.java:run(134)) - a378c862-060f-4c80-8a42-fa0762e0f8c9@group-6C0F8F3DFF59-FollowerState: change to CANDIDATE, lastRpcElapsedTime:5113776779ns, electionTimeout:5078ms
2021-09-02 02:24:56,012 [a378c862-060f-4c80-8a42-fa0762e0f8c9@group-6C0F8F3DFF59-FollowerState] INFO  impl.RoleInfo (RoleInfo.java:shutdownFollowerState(108)) - a378c862-060f-4c80-8a42-fa0762e0f8c9: shutdown a378c862-060f-4c80-8a42-fa0762e0f8c9@group-6C0F8F3DFF59-FollowerState
2021-09-02 02:24:56,012 [a378c862-060f-4c80-8a42-fa0762e0f8c9@group-6C0F8F3DFF59-FollowerState] INFO  server.RaftServer$Division (RaftServerImpl.java:setRole(285)) - a378c862-060f-4c80-8a42-fa0762e0f8c9@group-6C0F8F3DFF59: changes role from  FOLLOWER to CANDIDATE at term 7 for changeToCandidate
2021-09-02 02:24:56,012 [grpc-default-executor-7] INFO  server.RaftServer$Division (RaftServerImpl.java:requestVote(1043)) - a378c862-060f-4c80-8a42-fa0762e0f8c9@group-6C0F8F3DFF59: receive requestVote(ELECTION, 12400696-0678-464b-ad01-faef76468be0, group-6C0F8F3DFF59, 8, (t:0, i:0))
2021-09-02 02:24:56,019 [grpc-default-executor-9] INFO  server.RaftServer$Division (RaftServerImpl.java:requestVote(1043)) - a378c862-060f-4c80-8a42-fa0762e0f8c9@group-6C0F8F3DFF59: receive requestVote(ELECTION, 9fd2e81d-61d0-44de-872c-4ae9b66045fe, group-6C0F8F3DFF59, 8, (t:0, i:0))
2021-09-02 02:24:56,062 [a378c862-060f-4c80-8a42-fa0762e0f8c9@group-6C0F8F3DFF59-FollowerState] INFO  server.RaftServerConfigKeys (ConfUtils.java:logGet(44)) - raft.server.leaderelection.pre-vote = false (custom)
2021-09-02 02:24:56,062 [a378c862-060f-4c80-8a42-fa0762e0f8c9@group-6C0F8F3DFF59-FollowerState] INFO  impl.RoleInfo (RoleInfo.java:updateAndGet(130)) - a378c862-060f-4c80-8a42-fa0762e0f8c9: start a378c862-060f-4c80-8a42-fa0762e0f8c9@group-6C0F8F3DFF59-LeaderElection183
2021-09-02 02:24:56,062 [grpc-default-executor-9] INFO  impl.VoteContext (VoteContext.java:log(48)) - a378c862-060f-4c80-8a42-fa0762e0f8c9@group-6C0F8F3DFF59-CANDIDATE: reject ELECTION from 9fd2e81d-61d0-44de-872c-4ae9b66045fe: our last entry (t:2, i:0) > candidate's last entry (t:0, i:0)
2021-09-02 02:24:56,063 [grpc-default-executor-9] INFO  server.RaftServer$Division (RaftServerImpl.java:setRole(285)) - a378c862-060f-4c80-8a42-fa0762e0f8c9@group-6C0F8F3DFF59: changes role from CANDIDATE to FOLLOWER at term 8 for candidate:9fd2e81d-61d0-44de-872c-4ae9b66045fe
2021-09-02 02:24:56,063 [grpc-default-executor-9] INFO  impl.RoleInfo (RoleInfo.java:shutdownLeaderElection(121)) - a378c862-060f-4c80-8a42-fa0762e0f8c9: shutdown a378c862-060f-4c80-8a42-fa0762e0f8c9@group-6C0F8F3DFF59-LeaderElection183
2021-09-02 02:24:56,063 [grpc-default-executor-9] INFO  impl.RoleInfo (RoleInfo.java:updateAndGet(130)) - a378c862-060f-4c80-8a42-fa0762e0f8c9: start a378c862-060f-4c80-8a42-fa0762e0f8c9@group-6C0F8F3DFF59-FollowerState
2021-09-02 02:24:56,063 [a378c862-060f-4c80-8a42-fa0762e0f8c9@group-6C0F8F3DFF59-LeaderElection183] INFO  impl.LeaderElection (LeaderElection.java:run(230)) - a378c862-060f-4c80-8a42-fa0762e0f8c9@group-6C0F8F3DFF59-LeaderElection183: skip running since this is already CLOSING
2021-09-02 02:24:56,072 [grpc-default-executor-9] INFO  server.RaftServer$Division (RaftServerImpl.java:requestVote(1075)) - a378c862-060f-4c80-8a42-fa0762e0f8c9@group-6C0F8F3DFF59 replies to ELECTION vote request: 9fd2e81d-61d0-44de-872c-4ae9b66045fe<-a378c862-060f-4c80-8a42-fa0762e0f8c9#0:FAIL-t8. Peer's state: a378c862-060f-4c80-8a42-fa0762e0f8c9@group-6C0F8F3DFF59:t8, leader=null, voted=null, raftlog=a378c862-060f-4c80-8a42-fa0762e0f8c9@group-6C0F8F3DFF59-SegmentedRaftLog:OPENED:c0,f0,i0, conf=0: [12400696-0678-464b-ad01-faef76468be0|rpc:10.1.0.11:44187|dataStream:|priority:0, a378c862-060f-4c80-8a42-fa0762e0f8c9|rpc:10.1.0.11:42281|dataStream:|priority:1, 9fd2e81d-61d0-44de-872c-4ae9b66045fe|rpc:10.1.0.11:34541|dataStream:|priority:0], old=null
2021-09-02 02:24:56,074 [grpc-default-executor-7] INFO  impl.VoteContext (VoteContext.java:log(48)) - a378c862-060f-4c80-8a42-fa0762e0f8c9@group-6C0F8F3DFF59-FOLLOWER: reject ELECTION from 12400696-0678-464b-ad01-faef76468be0: our last entry (t:2, i:0) > candidate's last entry (t:0, i:0)
2021-09-02 02:24:56,074 [grpc-default-executor-7] INFO  server.RaftServer$Division (RaftServerImpl.java:setRole(285)) - a378c862-060f-4c80-8a42-fa0762e0f8c9@group-6C0F8F3DFF59: changes role from  FOLLOWER to FOLLOWER at term 8 for candidate:12400696-0678-464b-ad01-faef76468be0
2021-09-02 02:24:56,074 [grpc-default-executor-7] INFO  impl.RoleInfo (RoleInfo.java:shutdownFollowerState(108)) - a378c862-060f-4c80-8a42-fa0762e0f8c9: shutdown a378c862-060f-4c80-8a42-fa0762e0f8c9@group-6C0F8F3DFF59-FollowerState
2021-09-02 02:24:56,098 [grpc-default-executor-10] INFO  server.RaftServer$Division (RaftServerImpl.java:requestVote(1043)) - 9fd2e81d-61d0-44de-872c-4ae9b66045fe@group-6C0F8F3DFF59: receive requestVote(ELECTION, 12400696-0678-464b-ad01-faef76468be0, group-6C0F8F3DFF59, 8, (t:0, i:0))
2021-09-02 02:24:56,099 [grpc-default-executor-10] INFO  impl.VoteContext (VoteContext.java:log(48)) - 9fd2e81d-61d0-44de-872c-4ae9b66045fe@group-6C0F8F3DFF59-CANDIDATE: reject ELECTION from 12400696-0678-464b-ad01-faef76468be0: already has voted for 9fd2e81d-61d0-44de-872c-4ae9b66045fe at current term 8
2021-09-02 02:24:56,099 [grpc-default-executor-10] INFO  server.RaftServer$Division (RaftServerImpl.java:requestVote(1075)) - 9fd2e81d-61d0-44de-872c-4ae9b66045fe@group-6C0F8F3DFF59 replies to ELECTION vote request: 12400696-0678-464b-ad01-faef76468be0<-9fd2e81d-61d0-44de-872c-4ae9b66045fe#0:FAIL-t8. Peer's state: 9fd2e81d-61d0-44de-872c-4ae9b66045fe@group-6C0F8F3DFF59:t8, leader=null, voted=9fd2e81d-61d0-44de-872c-4ae9b66045fe, raftlog=9fd2e81d-61d0-44de-872c-4ae9b66045fe@group-6C0F8F3DFF59-SegmentedRaftLog:OPENED:c-1,f-1,i0, conf=-1: [12400696-0678-464b-ad01-faef76468be0|rpc:10.1.0.11:44187|dataStream:|priority:0, a378c862-060f-4c80-8a42-fa0762e0f8c9|rpc:10.1.0.11:42281|dataStream:|priority:1, 9fd2e81d-61d0-44de-872c-4ae9b66045fe|rpc:10.1.0.11:34541|dataStream:|priority:0], old=null
2021-09-02 02:24:56,104 [grpc-default-executor-7] INFO  impl.RoleInfo (RoleInfo.java:updateAndGet(130)) - a378c862-060f-4c80-8a42-fa0762e0f8c9: start a378c862-060f-4c80-8a42-fa0762e0f8c9@group-6C0F8F3DFF59-FollowerState
2021-09-02 02:24:56,106 [a378c862-060f-4c80-8a42-fa0762e0f8c9@group-6C0F8F3DFF59-FollowerState] INFO  impl.FollowerState (FollowerState.java:run(143)) - a378c862-060f-4c80-8a42-fa0762e0f8c9@group-6C0F8F3DFF59-FollowerState was interrupted: {}
java.lang.InterruptedException: sleep interrupted
	at java.lang.Thread.sleep(Native Method)
	at java.lang.Thread.sleep(Thread.java:340)
	at java.util.concurrent.TimeUnit.sleep(TimeUnit.java:386)
	at org.apache.ratis.util.TimeDuration.sleep(TimeDuration.java:324)
	at org.apache.ratis.util.TimeDuration.sleep(TimeDuration.java:309)
	at org.apache.ratis.server.impl.FollowerState.run(FollowerState.java:118)
2021-09-02 02:24:56,107 [grpc-default-executor-7] INFO  server.RaftServer$Division (RaftServerImpl.java:requestVote(1075)) - a378c862-060f-4c80-8a42-fa0762e0f8c9@group-6C0F8F3DFF59 replies to ELECTION vote request: 12400696-0678-464b-ad01-faef76468be0<-a378c862-060f-4c80-8a42-fa0762e0f8c9#0:FAIL-t8. Peer's state: a378c862-060f-4c80-8a42-fa0762e0f8c9@group-6C0F8F3DFF59:t8, leader=null, voted=null, raftlog=a378c862-060f-4c80-8a42-fa0762e0f8c9@group-6C0F8F3DFF59-SegmentedRaftLog:OPENED:c0,f0,i0, conf=0: [12400696-0678-464b-ad01-faef76468be0|rpc:10.1.0.11:44187|dataStream:|priority:0, a378c862-060f-4c80-8a42-fa0762e0f8c9|rpc:10.1.0.11:42281|dataStream:|priority:1, 9fd2e81d-61d0-44de-872c-4ae9b66045fe|rpc:10.1.0.11:34541|dataStream:|priority:0], old=null
2021-09-02 02:24:56,108 [9fd2e81d-61d0-44de-872c-4ae9b66045fe@group-6C0F8F3DFF59-LeaderElection182] INFO  impl.LeaderElection (LeaderElection.java:logAndReturn(89)) - 9fd2e81d-61d0-44de-872c-4ae9b66045fe@group-6C0F8F3DFF59-LeaderElection182: ELECTION REJECTED received 2 response(s) and 0 exception(s):
2021-09-02 02:24:56,108 [9fd2e81d-61d0-44de-872c-4ae9b66045fe@group-6C0F8F3DFF59-LeaderElection182] INFO  impl.LeaderElection (LeaderElection.java:logAndReturn(93)) -   Response 0: 9fd2e81d-61d0-44de-872c-4ae9b66045fe<-12400696-0678-464b-ad01-faef76468be0#0:FAIL-t8
2021-09-02 02:24:56,108 [9fd2e81d-61d0-44de-872c-4ae9b66045fe@group-6C0F8F3DFF59-LeaderElection182] INFO  impl.LeaderElection (LeaderElection.java:logAndReturn(93)) -   Response 1: 9fd2e81d-61d0-44de-872c-4ae9b66045fe<-a378c862-060f-4c80-8a42-fa0762e0f8c9#0:FAIL-t8
2021-09-02 02:24:56,108 [9fd2e81d-61d0-44de-872c-4ae9b66045fe@group-6C0F8F3DFF59-LeaderElection182] INFO  impl.LeaderElection (LeaderElection.java:askForVotes(308)) - 9fd2e81d-61d0-44de-872c-4ae9b66045fe@group-6C0F8F3DFF59-LeaderElection182 ELECTION round 0: result REJECTED
2021-09-02 02:24:56,108 [9fd2e81d-61d0-44de-872c-4ae9b66045fe@group-6C0F8F3DFF59-LeaderElection182] INFO  server.RaftServer$Division (RaftServerImpl.java:setRole(285)) - 9fd2e81d-61d0-44de-872c-4ae9b66045fe@group-6C0F8F3DFF59: changes role from CANDIDATE to FOLLOWER at term 8 for REJECTED
2021-09-02 02:24:56,108 [9fd2e81d-61d0-44de-872c-4ae9b66045fe@group-6C0F8F3DFF59-LeaderElection182] INFO  impl.RoleInfo (RoleInfo.java:shutdownLeaderElection(121)) - 9fd2e81d-61d0-44de-872c-4ae9b66045fe: shutdown 9fd2e81d-61d0-44de-872c-4ae9b66045fe@group-6C0F8F3DFF59-LeaderElection182
2021-09-02 02:24:56,108 [9fd2e81d-61d0-44de-872c-4ae9b66045fe@group-6C0F8F3DFF59-LeaderElection182] INFO  impl.RoleInfo (RoleInfo.java:updateAndGet(130)) - 9fd2e81d-61d0-44de-872c-4ae9b66045fe: start 9fd2e81d-61d0-44de-872c-4ae9b66045fe@group-6C0F8F3DFF59-FollowerState
2021-09-02 02:24:56,140 [12400696-0678-464b-ad01-faef76468be0@group-6C0F8F3DFF59-LeaderElection181] INFO  impl.LeaderElection (LeaderElection.java:logAndReturn(89)) - 12400696-0678-464b-ad01-faef76468be0@group-6C0F8F3DFF59-LeaderElection181: ELECTION REJECTED received 2 response(s) and 0 exception(s):
2021-09-02 02:24:56,140 [12400696-0678-464b-ad01-faef76468be0@group-6C0F8F3DFF59-LeaderElection181] INFO  impl.LeaderElection (LeaderElection.java:logAndReturn(93)) -   Response 0: 12400696-0678-464b-ad01-faef76468be0<-a378c862-060f-4c80-8a42-fa0762e0f8c9#0:FAIL-t8
2021-09-02 02:24:56,140 [12400696-0678-464b-ad01-faef76468be0@group-6C0F8F3DFF59-LeaderElection181] INFO  impl.LeaderElection (LeaderElection.java:logAndReturn(93)) -   Response 1: 12400696-0678-464b-ad01-faef76468be0<-9fd2e81d-61d0-44de-872c-4ae9b66045fe#0:FAIL-t8
2021-09-02 02:24:56,140 [12400696-0678-464b-ad01-faef76468be0@group-6C0F8F3DFF59-LeaderElection181] INFO  impl.LeaderElection (LeaderElection.java:askForVotes(308)) - 12400696-0678-464b-ad01-faef76468be0@group-6C0F8F3DFF59-LeaderElection181 ELECTION round 0: result REJECTED
2021-09-02 02:24:56,140 [12400696-0678-464b-ad01-faef76468be0@group-6C0F8F3DFF59-LeaderElection181] INFO  server.RaftServer$Division (RaftServerImpl.java:setRole(285)) - 12400696-0678-464b-ad01-faef76468be0@group-6C0F8F3DFF59: changes role from CANDIDATE to FOLLOWER at term 8 for REJECTED
2021-09-02 02:24:56,140 [12400696-0678-464b-ad01-faef76468be0@group-6C0F8F3DFF59-LeaderElection181] INFO  impl.RoleInfo (RoleInfo.java:shutdownLeaderElection(121)) - 12400696-0678-464b-ad01-faef76468be0: shutdown 12400696-0678-464b-ad01-faef76468be0@group-6C0F8F3DFF59-LeaderElection181
2021-09-02 02:24:56,140 [12400696-0678-464b-ad01-faef76468be0@group-6C0F8F3DFF59-LeaderElection181] INFO  impl.RoleInfo (RoleInfo.java:updateAndGet(130)) - 12400696-0678-464b-ad01-faef76468be0: start 12400696-0678-464b-ad01-faef76468be0@group-6C0F8F3DFF59-FollowerState
2021-09-02 02:25:01,135 [9fd2e81d-61d0-44de-872c-4ae9b66045fe@group-6C0F8F3DFF59-FollowerState] INFO  impl.FollowerState (FollowerState.java:run(134)) - 9fd2e81d-61d0-44de-872c-4ae9b66045fe@group-6C0F8F3DFF59-FollowerState: change to CANDIDATE, lastRpcElapsedTime:5027358411ns, electionTimeout:5019ms
2021-09-02 02:25:01,135 [9fd2e81d-61d0-44de-872c-4ae9b66045fe@group-6C0F8F3DFF59-FollowerState] INFO  impl.RoleInfo (RoleInfo.java:shutdownFollowerState(108)) - 9fd2e81d-61d0-44de-872c-4ae9b66045fe: shutdown 9fd2e81d-61d0-44de-872c-4ae9b66045fe@group-6C0F8F3DFF59-FollowerState
2021-09-02 02:25:01,135 [9fd2e81d-61d0-44de-872c-4ae9b66045fe@group-6C0F8F3DFF59-FollowerState] INFO  server.RaftServer$Division (RaftServerImpl.java:setRole(285)) - 9fd2e81d-61d0-44de-872c-4ae9b66045fe@group-6C0F8F3DFF59: changes role from  FOLLOWER to CANDIDATE at term 8 for changeToCandidate
2021-09-02 02:25:01,135 [9fd2e81d-61d0-44de-872c-4ae9b66045fe@group-6C0F8F3DFF59-FollowerState] INFO  server.RaftServerConfigKeys (ConfUtils.java:logGet(44)) - raft.server.leaderelection.pre-vote = false (custom)
2021-09-02 02:25:01,135 [9fd2e81d-61d0-44de-872c-4ae9b66045fe@group-6C0F8F3DFF59-FollowerState] INFO  impl.RoleInfo (RoleInfo.java:updateAndGet(130)) - 9fd2e81d-61d0-44de-872c-4ae9b66045fe: start 9fd2e81d-61d0-44de-872c-4ae9b66045fe@group-6C0F8F3DFF59-LeaderElection184
2021-09-02 02:25:01,159 [9fd2e81d-61d0-44de-872c-4ae9b66045fe@group-6C0F8F3DFF59-LeaderElection184] INFO  impl.LeaderElection (LeaderElection.java:askForVotes(306)) - 9fd2e81d-61d0-44de-872c-4ae9b66045fe@group-6C0F8F3DFF59-LeaderElection184 ELECTION round 0: submit vote requests at term 9 for -1: [12400696-0678-464b-ad01-faef76468be0|rpc:10.1.0.11:44187|dataStream:|priority:0, a378c862-060f-4c80-8a42-fa0762e0f8c9|rpc:10.1.0.11:42281|dataStream:|priority:1, 9fd2e81d-61d0-44de-872c-4ae9b66045fe|rpc:10.1.0.11:34541|dataStream:|priority:0], old=null
2021-09-02 02:25:01,161 [grpc-default-executor-10] INFO  server.RaftServer$Division (RaftServerImpl.java:requestVote(1043)) - 12400696-0678-464b-ad01-faef76468be0@group-6C0F8F3DFF59: receive requestVote(ELECTION, 9fd2e81d-61d0-44de-872c-4ae9b66045fe, group-6C0F8F3DFF59, 9, (t:0, i:0))
2021-09-02 02:25:01,161 [grpc-default-executor-10] INFO  impl.VoteContext (VoteContext.java:log(48)) - 12400696-0678-464b-ad01-faef76468be0@group-6C0F8F3DFF59-FOLLOWER: accept ELECTION from 9fd2e81d-61d0-44de-872c-4ae9b66045fe: our priority 0 <= candidate's priority 0
2021-09-02 02:25:01,161 [grpc-default-executor-10] INFO  server.RaftServer$Division (RaftServerImpl.java:setRole(285)) - 12400696-0678-464b-ad01-faef76468be0@group-6C0F8F3DFF59: changes role from  FOLLOWER to FOLLOWER at term 9 for candidate:9fd2e81d-61d0-44de-872c-4ae9b66045fe
2021-09-02 02:25:01,161 [grpc-default-executor-10] INFO  impl.RoleInfo (RoleInfo.java:shutdownFollowerState(108)) - 12400696-0678-464b-ad01-faef76468be0: shutdown 12400696-0678-464b-ad01-faef76468be0@group-6C0F8F3DFF59-FollowerState
2021-09-02 02:25:01,161 [grpc-default-executor-10] INFO  impl.RoleInfo (RoleInfo.java:updateAndGet(130)) - 12400696-0678-464b-ad01-faef76468be0: start 12400696-0678-464b-ad01-faef76468be0@group-6C0F8F3DFF59-FollowerState
2021-09-02 02:25:01,161 [12400696-0678-464b-ad01-faef76468be0@group-6C0F8F3DFF59-FollowerState] INFO  impl.FollowerState (FollowerState.java:run(143)) - 12400696-0678-464b-ad01-faef76468be0@group-6C0F8F3DFF59-FollowerState was interrupted: {}
java.lang.InterruptedException: sleep interrupted
	at java.lang.Thread.sleep(Native Method)
	at java.lang.Thread.sleep(Thread.java:340)
	at java.util.concurrent.TimeUnit.sleep(TimeUnit.java:386)
	at org.apache.ratis.util.TimeDuration.sleep(TimeDuration.java:324)
	at org.apache.ratis.util.TimeDuration.sleep(TimeDuration.java:309)
	at org.apache.ratis.server.impl.FollowerState.run(FollowerState.java:118)
2021-09-02 02:25:01,162 [grpc-default-executor-7] INFO  server.RaftServer$Division (RaftServerImpl.java:requestVote(1043)) - a378c862-060f-4c80-8a42-fa0762e0f8c9@group-6C0F8F3DFF59: receive requestVote(ELECTION, 9fd2e81d-61d0-44de-872c-4ae9b66045fe, group-6C0F8F3DFF59, 9, (t:0, i:0))
2021-09-02 02:25:01,162 [grpc-default-executor-7] INFO  impl.VoteContext (VoteContext.java:log(48)) - a378c862-060f-4c80-8a42-fa0762e0f8c9@group-6C0F8F3DFF59-FOLLOWER: reject ELECTION from 9fd2e81d-61d0-44de-872c-4ae9b66045fe: our last entry (t:2, i:0) > candidate's last entry (t:0, i:0)
2021-09-02 02:25:01,162 [grpc-default-executor-7] INFO  server.RaftServer$Division (RaftServerImpl.java:setRole(285)) - a378c862-060f-4c80-8a42-fa0762e0f8c9@group-6C0F8F3DFF59: changes role from  FOLLOWER to FOLLOWER at term 9 for candidate:9fd2e81d-61d0-44de-872c-4ae9b66045fe
2021-09-02 02:25:01,162 [grpc-default-executor-7] INFO  impl.RoleInfo (RoleInfo.java:shutdownFollowerState(108)) - a378c862-060f-4c80-8a42-fa0762e0f8c9: shutdown a378c862-060f-4c80-8a42-fa0762e0f8c9@group-6C0F8F3DFF59-FollowerState
2021-09-02 02:25:01,202 [grpc-default-executor-7] INFO  impl.RoleInfo (RoleInfo.java:updateAndGet(130)) - a378c862-060f-4c80-8a42-fa0762e0f8c9: start a378c862-060f-4c80-8a42-fa0762e0f8c9@group-6C0F8F3DFF59-FollowerState
2021-09-02 02:25:01,203 [a378c862-060f-4c80-8a42-fa0762e0f8c9@group-6C0F8F3DFF59-FollowerState] INFO  impl.FollowerState (FollowerState.java:run(143)) - a378c862-060f-4c80-8a42-fa0762e0f8c9@group-6C0F8F3DFF59-FollowerState was interrupted: {}
java.lang.InterruptedException: sleep interrupted
	at java.lang.Thread.sleep(Native Method)
	at java.lang.Thread.sleep(Thread.java:340)
	at java.util.concurrent.TimeUnit.sleep(TimeUnit.java:386)
	at org.apache.ratis.util.TimeDuration.sleep(TimeDuration.java:324)
	at org.apache.ratis.util.TimeDuration.sleep(TimeDuration.java:309)
	at org.apache.ratis.server.impl.FollowerState.run(FollowerState.java:118)
2021-09-02 02:25:01,204 [grpc-default-executor-10] INFO  server.RaftServer$Division (RaftServerImpl.java:requestVote(1075)) - 12400696-0678-464b-ad01-faef76468be0@group-6C0F8F3DFF59 replies to ELECTION vote request: 9fd2e81d-61d0-44de-872c-4ae9b66045fe<-12400696-0678-464b-ad01-faef76468be0#0:OK-t9. Peer's state: 12400696-0678-464b-ad01-faef76468be0@group-6C0F8F3DFF59:t9, leader=null, voted=9fd2e81d-61d0-44de-872c-4ae9b66045fe, raftlog=12400696-0678-464b-ad01-faef76468be0@group-6C0F8F3DFF59-SegmentedRaftLog:OPENED:c-1,f-1,i0, conf=-1: [12400696-0678-464b-ad01-faef76468be0|rpc:10.1.0.11:44187|priority:0, a378c862-060f-4c80-8a42-fa0762e0f8c9|rpc:10.1.0.11:42281|priority:1, 9fd2e81d-61d0-44de-872c-4ae9b66045fe|rpc:10.1.0.11:34541|priority:0], old=null
2021-09-02 02:25:01,250 [grpc-default-executor-7] INFO  server.RaftServer$Division (RaftServerImpl.java:requestVote(1075)) - a378c862-060f-4c80-8a42-fa0762e0f8c9@group-6C0F8F3DFF59 replies to ELECTION vote request: 9fd2e81d-61d0-44de-872c-4ae9b66045fe<-a378c862-060f-4c80-8a42-fa0762e0f8c9#0:FAIL-t9. Peer's state: a378c862-060f-4c80-8a42-fa0762e0f8c9@group-6C0F8F3DFF59:t9, leader=null, voted=null, raftlog=a378c862-060f-4c80-8a42-fa0762e0f8c9@group-6C0F8F3DFF59-SegmentedRaftLog:OPENED:c0,f0,i0, conf=0: [12400696-0678-464b-ad01-faef76468be0|rpc:10.1.0.11:44187|dataStream:|priority:0, a378c862-060f-4c80-8a42-fa0762e0f8c9|rpc:10.1.0.11:42281|dataStream:|priority:1, 9fd2e81d-61d0-44de-872c-4ae9b66045fe|rpc:10.1.0.11:34541|dataStream:|priority:0], old=null
2021-09-02 02:25:01,253 [9fd2e81d-61d0-44de-872c-4ae9b66045fe@group-6C0F8F3DFF59-LeaderElection184] INFO  impl.LeaderElection (LeaderElection.java:logAndReturn(89)) - 9fd2e81d-61d0-44de-872c-4ae9b66045fe@group-6C0F8F3DFF59-LeaderElection184: ELECTION REJECTED received 2 response(s) and 0 exception(s):
2021-09-02 02:25:01,253 [9fd2e81d-61d0-44de-872c-4ae9b66045fe@group-6C0F8F3DFF59-LeaderElection184] INFO  impl.LeaderElection (LeaderElection.java:logAndReturn(93)) -   Response 0: 9fd2e81d-61d0-44de-872c-4ae9b66045fe<-12400696-0678-464b-ad01-faef76468be0#0:OK-t9
2021-09-02 02:25:01,253 [9fd2e81d-61d0-44de-872c-4ae9b66045fe@group-6C0F8F3DFF59-LeaderElection184] INFO  impl.LeaderElection (LeaderElection.java:logAndReturn(93)) -   Response 1: 9fd2e81d-61d0-44de-872c-4ae9b66045fe<-a378c862-060f-4c80-8a42-fa0762e0f8c9#0:FAIL-t9
2021-09-02 02:25:01,253 [9fd2e81d-61d0-44de-872c-4ae9b66045fe@group-6C0F8F3DFF59-LeaderElection184] INFO  impl.LeaderElection (LeaderElection.java:askForVotes(308)) - 9fd2e81d-61d0-44de-872c-4ae9b66045fe@group-6C0F8F3DFF59-LeaderElection184 ELECTION round 0: result REJECTED
2021-09-02 02:25:01,253 [9fd2e81d-61d0-44de-872c-4ae9b66045fe@group-6C0F8F3DFF59-LeaderElection184] INFO  server.RaftServer$Division (RaftServerImpl.java:setRole(285)) - 9fd2e81d-61d0-44de-872c-4ae9b66045fe@group-6C0F8F3DFF59: changes role from CANDIDATE to FOLLOWER at term 9 for REJECTED
2021-09-02 02:25:01,253 [9fd2e81d-61d0-44de-872c-4ae9b66045fe@group-6C0F8F3DFF59-LeaderElection184] INFO  impl.RoleInfo (RoleInfo.java:shutdownLeaderElection(121)) - 9fd2e81d-61d0-44de-872c-4ae9b66045fe: shutdown 9fd2e81d-61d0-44de-872c-4ae9b66045fe@group-6C0F8F3DFF59-LeaderElection184
2021-09-02 02:25:01,253 [9fd2e81d-61d0-44de-872c-4ae9b66045fe@group-6C0F8F3DFF59-LeaderElection184] INFO  impl.RoleInfo (RoleInfo.java:updateAndGet(130)) - 9fd2e81d-61d0-44de-872c-4ae9b66045fe: start 9fd2e81d-61d0-44de-872c-4ae9b66045fe@group-6C0F8F3DFF59-FollowerState
2021-09-02 02:25:06,251 [a378c862-060f-4c80-8a42-fa0762e0f8c9@group-6C0F8F3DFF59-FollowerState] INFO  impl.FollowerState (FollowerState.java:run(134)) - a378c862-060f-4c80-8a42-fa0762e0f8c9@group-6C0F8F3DFF59-FollowerState: change to CANDIDATE, lastRpcElapsedTime:5048718476ns, electionTimeout:5001ms
2021-09-02 02:25:06,251 [a378c862-060f-4c80-8a42-fa0762e0f8c9@group-6C0F8F3DFF59-FollowerState] INFO  impl.RoleInfo (RoleInfo.java:shutdownFollowerState(108)) - a378c862-060f-4c80-8a42-fa0762e0f8c9: shutdown a378c862-060f-4c80-8a42-fa0762e0f8c9@group-6C0F8F3DFF59-FollowerState
2021-09-02 02:25:06,251 [a378c862-060f-4c80-8a42-fa0762e0f8c9@group-6C0F8F3DFF59-FollowerState] INFO  server.RaftServer$Division (RaftServerImpl.java:setRole(285)) - a378c862-060f-4c80-8a42-fa0762e0f8c9@group-6C0F8F3DFF59: changes role from  FOLLOWER to CANDIDATE at term 9 for changeToCandidate
2021-09-02 02:25:06,251 [a378c862-060f-4c80-8a42-fa0762e0f8c9@group-6C0F8F3DFF59-FollowerState] INFO  server.RaftServerConfigKeys (ConfUtils.java:logGet(44)) - raft.server.leaderelection.pre-vote = false (custom)
2021-09-02 02:25:06,251 [a378c862-060f-4c80-8a42-fa0762e0f8c9@group-6C0F8F3DFF59-FollowerState] INFO  impl.RoleInfo (RoleInfo.java:updateAndGet(130)) - a378c862-060f-4c80-8a42-fa0762e0f8c9: start a378c862-060f-4c80-8a42-fa0762e0f8c9@group-6C0F8F3DFF59-LeaderElection185
2021-09-02 02:25:06,254 [a378c862-060f-4c80-8a42-fa0762e0f8c9@group-6C0F8F3DFF59-LeaderElection185] INFO  impl.LeaderElection (LeaderElection.java:askForVotes(306)) - a378c862-060f-4c80-8a42-fa0762e0f8c9@group-6C0F8F3DFF59-LeaderElection185 ELECTION round 0: submit vote requests at term 10 for 0: [12400696-0678-464b-ad01-faef76468be0|rpc:10.1.0.11:44187|dataStream:|priority:0, a378c862-060f-4c80-8a42-fa0762e0f8c9|rpc:10.1.0.11:42281|dataStream:|priority:1, 9fd2e81d-61d0-44de-872c-4ae9b66045fe|rpc:10.1.0.11:34541|dataStream:|priority:0], old=null
2021-09-02 02:25:06,255 [grpc-default-executor-9] INFO  server.RaftServer$Division (RaftServerImpl.java:requestVote(1043)) - 12400696-0678-464b-ad01-faef76468be0@group-6C0F8F3DFF59: receive requestVote(ELECTION, a378c862-060f-4c80-8a42-fa0762e0f8c9, group-6C0F8F3DFF59, 10, (t:2, i:0))
2021-09-02 02:25:06,255 [grpc-default-executor-9] INFO  impl.VoteContext (VoteContext.java:log(48)) - 12400696-0678-464b-ad01-faef76468be0@group-6C0F8F3DFF59-FOLLOWER: accept ELECTION from a378c862-060f-4c80-8a42-fa0762e0f8c9: our last entry null < candidate's last entry (t:2, i:0)
2021-09-02 02:25:06,255 [grpc-default-executor-9] INFO  server.RaftServer$Division (RaftServerImpl.java:setRole(285)) - 12400696-0678-464b-ad01-faef76468be0@group-6C0F8F3DFF59: changes role from  FOLLOWER to FOLLOWER at term 10 for candidate:a378c862-060f-4c80-8a42-fa0762e0f8c9
2021-09-02 02:25:06,255 [grpc-default-executor-9] INFO  impl.RoleInfo (RoleInfo.java:shutdownFollowerState(108)) - 12400696-0678-464b-ad01-faef76468be0: shutdown 12400696-0678-464b-ad01-faef76468be0@group-6C0F8F3DFF59-FollowerState
2021-09-02 02:25:06,256 [grpc-default-executor-9] INFO  impl.RoleInfo (RoleInfo.java:updateAndGet(130)) - 12400696-0678-464b-ad01-faef76468be0: start 12400696-0678-464b-ad01-faef76468be0@group-6C0F8F3DFF59-FollowerState
2021-09-02 02:25:06,256 [12400696-0678-464b-ad01-faef76468be0@group-6C0F8F3DFF59-FollowerState] INFO  impl.FollowerState (FollowerState.java:run(143)) - 12400696-0678-464b-ad01-faef76468be0@group-6C0F8F3DFF59-FollowerState was interrupted: {}
java.lang.InterruptedException: sleep interrupted
	at java.lang.Thread.sleep(Native Method)
	at java.lang.Thread.sleep(Thread.java:340)
	at java.util.concurrent.TimeUnit.sleep(TimeUnit.java:386)
	at org.apache.ratis.util.TimeDuration.sleep(TimeDuration.java:324)
	at org.apache.ratis.util.TimeDuration.sleep(TimeDuration.java:309)
	at org.apache.ratis.server.impl.FollowerState.run(FollowerState.java:118)
2021-09-02 02:25:06,259 [grpc-default-executor-7] INFO  server.RaftServer$Division (RaftServerImpl.java:requestVote(1043)) - 9fd2e81d-61d0-44de-872c-4ae9b66045fe@group-6C0F8F3DFF59: receive requestVote(ELECTION, a378c862-060f-4c80-8a42-fa0762e0f8c9, group-6C0F8F3DFF59, 10, (t:2, i:0))
2021-09-02 02:25:06,259 [grpc-default-executor-7] INFO  impl.VoteContext (VoteContext.java:log(48)) - 9fd2e81d-61d0-44de-872c-4ae9b66045fe@group-6C0F8F3DFF59-FOLLOWER: accept ELECTION from a378c862-060f-4c80-8a42-fa0762e0f8c9: our last entry null < candidate's last entry (t:2, i:0)
2021-09-02 02:25:06,259 [grpc-default-executor-7] INFO  server.RaftServer$Division (RaftServerImpl.java:setRole(285)) - 9fd2e81d-61d0-44de-872c-4ae9b66045fe@group-6C0F8F3DFF59: changes role from  FOLLOWER to FOLLOWER at term 10 for candidate:a378c862-060f-4c80-8a42-fa0762e0f8c9
2021-09-02 02:25:06,259 [grpc-default-executor-7] INFO  impl.RoleInfo (RoleInfo.java:shutdownFollowerState(108)) - 9fd2e81d-61d0-44de-872c-4ae9b66045fe: shutdown 9fd2e81d-61d0-44de-872c-4ae9b66045fe@group-6C0F8F3DFF59-FollowerState
2021-09-02 02:25:06,265 [grpc-default-executor-7] INFO  impl.RoleInfo (RoleInfo.java:updateAndGet(130)) - 9fd2e81d-61d0-44de-872c-4ae9b66045fe: start 9fd2e81d-61d0-44de-872c-4ae9b66045fe@group-6C0F8F3DFF59-FollowerState
2021-09-02 02:25:06,265 [9fd2e81d-61d0-44de-872c-4ae9b66045fe@group-6C0F8F3DFF59-FollowerState] INFO  impl.FollowerState (FollowerState.java:run(143)) - 9fd2e81d-61d0-44de-872c-4ae9b66045fe@group-6C0F8F3DFF59-FollowerState was interrupted: {}
java.lang.InterruptedException: sleep interrupted
	at java.lang.Thread.sleep(Native Method)
	at java.lang.Thread.sleep(Thread.java:340)
	at java.util.concurrent.TimeUnit.sleep(TimeUnit.java:386)
	at org.apache.ratis.util.TimeDuration.sleep(TimeDuration.java:324)
	at org.apache.ratis.util.TimeDuration.sleep(TimeDuration.java:309)
	at org.apache.ratis.server.impl.FollowerState.run(FollowerState.java:118)
2021-09-02 02:25:06,267 [grpc-default-executor-9] INFO  server.RaftServer$Division (RaftServerImpl.java:requestVote(1075)) - 12400696-0678-464b-ad01-faef76468be0@group-6C0F8F3DFF59 replies to ELECTION vote request: a378c862-060f-4c80-8a42-fa0762e0f8c9<-12400696-0678-464b-ad01-faef76468be0#0:OK-t10. Peer's state: 12400696-0678-464b-ad01-faef76468be0@group-6C0F8F3DFF59:t10, leader=null, voted=a378c862-060f-4c80-8a42-fa0762e0f8c9, raftlog=12400696-0678-464b-ad01-faef76468be0@group-6C0F8F3DFF59-SegmentedRaftLog:OPENED:c-1,f-1,i0, conf=-1: [12400696-0678-464b-ad01-faef76468be0|rpc:10.1.0.11:44187|priority:0, a378c862-060f-4c80-8a42-fa0762e0f8c9|rpc:10.1.0.11:42281|priority:1, 9fd2e81d-61d0-44de-872c-4ae9b66045fe|rpc:10.1.0.11:34541|priority:0], old=null
2021-09-02 02:25:06,268 [a378c862-060f-4c80-8a42-fa0762e0f8c9@group-6C0F8F3DFF59-LeaderElection185] INFO  impl.LeaderElection (LeaderElection.java:logAndReturn(89)) - a378c862-060f-4c80-8a42-fa0762e0f8c9@group-6C0F8F3DFF59-LeaderElection185: ELECTION PASSED received 1 response(s) and 0 exception(s):
2021-09-02 02:25:06,268 [a378c862-060f-4c80-8a42-fa0762e0f8c9@group-6C0F8F3DFF59-LeaderElection185] INFO  impl.LeaderElection (LeaderElection.java:logAndReturn(93)) -   Response 0: a378c862-060f-4c80-8a42-fa0762e0f8c9<-12400696-0678-464b-ad01-faef76468be0#0:OK-t10
2021-09-02 02:25:06,268 [a378c862-060f-4c80-8a42-fa0762e0f8c9@group-6C0F8F3DFF59-LeaderElection185] INFO  impl.LeaderElection (LeaderElection.java:askForVotes(308)) - a378c862-060f-4c80-8a42-fa0762e0f8c9@group-6C0F8F3DFF59-LeaderElection185 ELECTION round 0: result PASSED
2021-09-02 02:25:06,268 [a378c862-060f-4c80-8a42-fa0762e0f8c9@group-6C0F8F3DFF59-LeaderElection185] INFO  impl.RoleInfo (RoleInfo.java:shutdownLeaderElection(121)) - a378c862-060f-4c80-8a42-fa0762e0f8c9: shutdown a378c862-060f-4c80-8a42-fa0762e0f8c9@group-6C0F8F3DFF59-LeaderElection185
2021-09-02 02:25:06,268 [a378c862-060f-4c80-8a42-fa0762e0f8c9@group-6C0F8F3DFF59-LeaderElection185] INFO  server.RaftServer$Division (RaftServerImpl.java:setRole(285)) - a378c862-060f-4c80-8a42-fa0762e0f8c9@group-6C0F8F3DFF59: changes role from CANDIDATE to LEADER at term 10 for changeToLeader
2021-09-02 02:25:06,268 [a378c862-060f-4c80-8a42-fa0762e0f8c9@group-6C0F8F3DFF59-LeaderElection185] INFO  ratis.XceiverServerRatis (XceiverServerRatis.java:handleLeaderChangedNotification(861)) - Leader change notification received for group: group-6C0F8F3DFF59 with new leaderId: a378c862-060f-4c80-8a42-fa0762e0f8c9
2021-09-02 02:25:06,268 [a378c862-060f-4c80-8a42-fa0762e0f8c9@group-6C0F8F3DFF59-LeaderElection185] INFO  server.RaftServer$Division (ServerState.java:setLeader(285)) - a378c862-060f-4c80-8a42-fa0762e0f8c9@group-6C0F8F3DFF59: change Leader from null to a378c862-060f-4c80-8a42-fa0762e0f8c9 at term 10 for becomeLeader, leader elected after 35902ms
2021-09-02 02:25:06,268 [a378c862-060f-4c80-8a42-fa0762e0f8c9@group-6C0F8F3DFF59-LeaderElection185] INFO  server.RaftServerConfigKeys (ConfUtils.java:logGet(44)) - raft.server.staging.catchup.gap = 1000 (default)
2021-09-02 02:25:06,268 [a378c862-060f-4c80-8a42-fa0762e0f8c9@group-6C0F8F3DFF59-LeaderElection185] INFO  server.RaftServerConfigKeys (ConfUtils.java:logGet(44)) - raft.server.write.element-limit = 1024 (custom)
2021-09-02 02:25:06,268 [a378c862-060f-4c80-8a42-fa0762e0f8c9@group-6C0F8F3DFF59-LeaderElection185] INFO  server.RaftServerConfigKeys (ConfUtils.java:logGet(44)) - raft.server.write.byte-limit = 1024 M (=1073741824) (custom)
2021-09-02 02:25:06,269 [a378c862-060f-4c80-8a42-fa0762e0f8c9@group-6C0F8F3DFF59-LeaderElection185] INFO  server.RaftServerConfigKeys (ConfUtils.java:logGet(44)) - raft.server.watch.timeout = 3000ms (custom)
2021-09-02 02:25:06,269 [a378c862-060f-4c80-8a42-fa0762e0f8c9@group-6C0F8F3DFF59-LeaderElection185] INFO  server.RaftServerConfigKeys (ConfUtils.java:logGet(44)) - raft.server.watch.timeout.denomination = 1s (default)
2021-09-02 02:25:06,269 [a378c862-060f-4c80-8a42-fa0762e0f8c9@group-6C0F8F3DFF59-LeaderElection185] INFO  server.RaftServerConfigKeys (ConfUtils.java:logGet(44)) - raft.server.watch.element-limit = 65536 (default)
2021-09-02 02:25:06,269 [a378c862-060f-4c80-8a42-fa0762e0f8c9@group-6C0F8F3DFF59-LeaderElection185] INFO  server.RaftServerConfigKeys (ConfUtils.java:logGet(44)) - raft.server.log.appender.snapshot.chunk.size.max = 16MB (=16777216) (default)
2021-09-02 02:25:06,269 [a378c862-060f-4c80-8a42-fa0762e0f8c9@group-6C0F8F3DFF59-LeaderElection185] INFO  server.RaftServerConfigKeys (ConfUtils.java:logGet(44)) - raft.server.log.appender.buffer.byte-limit = 33554432 (custom)
2021-09-02 02:25:06,269 [a378c862-060f-4c80-8a42-fa0762e0f8c9@group-6C0F8F3DFF59-LeaderElection185] INFO  server.RaftServerConfigKeys (ConfUtils.java:logGet(44)) - raft.server.log.appender.buffer.element-limit = 1 (custom)
2021-09-02 02:25:06,269 [a378c862-060f-4c80-8a42-fa0762e0f8c9@group-6C0F8F3DFF59-LeaderElection185] INFO  grpc.GrpcConfigKeys (ConfUtils.java:logGet(44)) - raft.grpc.server.leader.outstanding.appends.max = 128 (default)
2021-09-02 02:25:06,269 [a378c862-060f-4c80-8a42-fa0762e0f8c9@group-6C0F8F3DFF59-LeaderElection185] INFO  server.RaftServerConfigKeys (ConfUtils.java:logGet(44)) - raft.server.rpc.request.timeout = 3000ms (default)
2021-09-02 02:25:06,270 [a378c862-060f-4c80-8a42-fa0762e0f8c9@group-6C0F8F3DFF59-LeaderElection185] INFO  server.RaftServerConfigKeys (ConfUtils.java:logGet(44)) - raft.server.log.appender.install.snapshot.enabled = false (custom)
2021-09-02 02:25:06,271 [grpc-default-executor-7] INFO  server.RaftServer$Division (RaftServerImpl.java:requestVote(1075)) - 9fd2e81d-61d0-44de-872c-4ae9b66045fe@group-6C0F8F3DFF59 replies to ELECTION vote request: a378c862-060f-4c80-8a42-fa0762e0f8c9<-9fd2e81d-61d0-44de-872c-4ae9b66045fe#0:OK-t10. Peer's state: 9fd2e81d-61d0-44de-872c-4ae9b66045fe@group-6C0F8F3DFF59:t10, leader=null, voted=a378c862-060f-4c80-8a42-fa0762e0f8c9, raftlog=9fd2e81d-61d0-44de-872c-4ae9b66045fe@group-6C0F8F3DFF59-SegmentedRaftLog:OPENED:c-1,f-1,i0, conf=-1: [12400696-0678-464b-ad01-faef76468be0|rpc:10.1.0.11:44187|dataStream:|priority:0, a378c862-060f-4c80-8a42-fa0762e0f8c9|rpc:10.1.0.11:42281|dataStream:|priority:1, 9fd2e81d-61d0-44de-872c-4ae9b66045fe|rpc:10.1.0.11:34541|dataStream:|priority:0], old=null
2021-09-02 02:25:06,273 [a378c862-060f-4c80-8a42-fa0762e0f8c9@group-6C0F8F3DFF59-LeaderElection185] INFO  server.RaftServerConfigKeys (ConfUtils.java:logGet(44)) - raft.server.log.appender.snapshot.chunk.size.max = 16MB (=16777216) (default)
2021-09-02 02:25:06,273 [a378c862-060f-4c80-8a42-fa0762e0f8c9@group-6C0F8F3DFF59-LeaderElection185] INFO  server.RaftServerConfigKeys (ConfUtils.java:logGet(44)) - raft.server.log.appender.buffer.byte-limit = 33554432 (custom)
2021-09-02 02:25:06,273 [a378c862-060f-4c80-8a42-fa0762e0f8c9@group-6C0F8F3DFF59-LeaderElection185] INFO  server.RaftServerConfigKeys (ConfUtils.java:logGet(44)) - raft.server.log.appender.buffer.element-limit = 1 (custom)
2021-09-02 02:25:06,273 [a378c862-060f-4c80-8a42-fa0762e0f8c9@group-6C0F8F3DFF59-LeaderElection185] INFO  grpc.GrpcConfigKeys (ConfUtils.java:logGet(44)) - raft.grpc.server.leader.outstanding.appends.max = 128 (default)
2021-09-02 02:25:06,273 [a378c862-060f-4c80-8a42-fa0762e0f8c9@group-6C0F8F3DFF59-LeaderElection185] INFO  server.RaftServerConfigKeys (ConfUtils.java:logGet(44)) - raft.server.rpc.request.timeout = 3000ms (default)
2021-09-02 02:25:06,273 [a378c862-060f-4c80-8a42-fa0762e0f8c9@group-6C0F8F3DFF59-LeaderElection185] INFO  server.RaftServerConfigKeys (ConfUtils.java:logGet(44)) - raft.server.log.appender.install.snapshot.enabled = false (custom)
2021-09-02 02:25:06,275 [a378c862-060f-4c80-8a42-fa0762e0f8c9@group-6C0F8F3DFF59-LeaderElection185] INFO  impl.RoleInfo (RoleInfo.java:updateAndGet(130)) - a378c862-060f-4c80-8a42-fa0762e0f8c9: start a378c862-060f-4c80-8a42-fa0762e0f8c9@group-6C0F8F3DFF59-LeaderStateImpl
2021-09-02 02:25:06,275 [a378c862-060f-4c80-8a42-fa0762e0f8c9@group-6C0F8F3DFF59-LeaderElection185] INFO  segmented.SegmentedRaftLogWorker (SegmentedRaftLogWorker.java:rollLogSegment(399)) - a378c862-060f-4c80-8a42-fa0762e0f8c9@group-6C0F8F3DFF59-SegmentedRaftLogWorker: Rolling segment log-0_0 to index:0
2021-09-02 02:25:06,275 [a378c862-060f-4c80-8a42-fa0762e0f8c9@group-6C0F8F3DFF59-SegmentedRaftLogWorker] INFO  segmented.SegmentedRaftLogWorker (SegmentedRaftLogWorker.java:execute(558)) - a378c862-060f-4c80-8a42-fa0762e0f8c9@group-6C0F8F3DFF59-SegmentedRaftLogWorker: Rolled log segment from /home/runner/work/ozone/ozone/hadoop-ozone/integration-test/target/test-dir/MiniOzoneClusterImpl-29bc8a50-871c-4f9e-822f-1a9e32d9d7f8/datanode-1/data/ratis/b210389a-7593-42c4-b1fe-6c0f8f3dff59/current/log_inprogress_0 to /home/runner/work/ozone/ozone/hadoop-ozone/integration-test/target/test-dir/MiniOzoneClusterImpl-29bc8a50-871c-4f9e-822f-1a9e32d9d7f8/datanode-1/data/ratis/b210389a-7593-42c4-b1fe-6c0f8f3dff59/current/log_0-0
2021-09-02 02:25:06,277 [a378c862-060f-4c80-8a42-fa0762e0f8c9@group-6C0F8F3DFF59-SegmentedRaftLogWorker] INFO  segmented.SegmentedRaftLogWorker (SegmentedRaftLogWorker.java:execute(601)) - a378c862-060f-4c80-8a42-fa0762e0f8c9@group-6C0F8F3DFF59-SegmentedRaftLogWorker: created new log segment /home/runner/work/ozone/ozone/hadoop-ozone/integration-test/target/test-dir/MiniOzoneClusterImpl-29bc8a50-871c-4f9e-822f-1a9e32d9d7f8/datanode-1/data/ratis/b210389a-7593-42c4-b1fe-6c0f8f3dff59/current/log_inprogress_1
2021-09-02 02:25:06,286 [grpc-default-executor-9] INFO  ratis.XceiverServerRatis (XceiverServerRatis.java:handleLeaderChangedNotification(861)) - Leader change notification received for group: group-6C0F8F3DFF59 with new leaderId: a378c862-060f-4c80-8a42-fa0762e0f8c9
2021-09-02 02:25:06,286 [grpc-default-executor-9] INFO  server.RaftServer$Division (ServerState.java:setLeader(285)) - 12400696-0678-464b-ad01-faef76468be0@group-6C0F8F3DFF59: change Leader from null to a378c862-060f-4c80-8a42-fa0762e0f8c9 at term 10 for appendEntries, leader elected after 46579ms
2021-09-02 02:25:06,286 [grpc-default-executor-9] INFO  server.RaftServer$Division (RaftServerImpl.java:checkInconsistentAppendEntries(1319)) - 12400696-0678-464b-ad01-faef76468be0@group-6C0F8F3DFF59: Failed appendEntries as previous log entry ((t:2, i:0)) is not found
2021-09-02 02:25:06,286 [grpc-default-executor-9] INFO  server.RaftServer$Division (RaftServerImpl.java:checkInconsistentAppendEntries(1285)) - 12400696-0678-464b-ad01-faef76468be0@group-6C0F8F3DFF59: inconsistency entries. Reply:a378c862-060f-4c80-8a42-fa0762e0f8c9<-12400696-0678-464b-ad01-faef76468be0#0:FAIL-t10,INCONSISTENCY,nextIndex=0,followerCommit=-1
2021-09-02 02:25:06,288 [grpc-default-executor-7] INFO  server.RaftServer$Division (RaftServerImpl.java:checkInconsistentAppendEntries(1319)) - 12400696-0678-464b-ad01-faef76468be0@group-6C0F8F3DFF59: Failed appendEntries as previous log entry ((t:2, i:0)) is not found
2021-09-02 02:25:06,288 [grpc-default-executor-7] INFO  server.RaftServer$Division (RaftServerImpl.java:checkInconsistentAppendEntries(1285)) - 12400696-0678-464b-ad01-faef76468be0@group-6C0F8F3DFF59: inconsistency entries. Reply:a378c862-060f-4c80-8a42-fa0762e0f8c9<-12400696-0678-464b-ad01-faef76468be0#1:FAIL-t10,INCONSISTENCY,nextIndex=0,followerCommit=-1
2021-09-02 02:25:06,288 [a378c862-060f-4c80-8a42-fa0762e0f8c9@group-6C0F8F3DFF59-LeaderElection185] INFO  server.RaftServer$Division (ServerState.java:setRaftConf(387)) - a378c862-060f-4c80-8a42-fa0762e0f8c9@group-6C0F8F3DFF59: set configuration 1: [12400696-0678-464b-ad01-faef76468be0|rpc:10.1.0.11:44187|dataStream:|priority:0, a378c862-060f-4c80-8a42-fa0762e0f8c9|rpc:10.1.0.11:42281|dataStream:|priority:1, 9fd2e81d-61d0-44de-872c-4ae9b66045fe|rpc:10.1.0.11:34541|dataStream:|priority:0], old=null
2021-09-02 02:25:06,299 [grpc-default-executor-9] INFO  leader.FollowerInfo (FollowerInfoImpl.java:lambda$new$0(46)) - a378c862-060f-4c80-8a42-fa0762e0f8c9@group-6C0F8F3DFF59->12400696-0678-464b-ad01-faef76468be0: nextIndex: updateUnconditionally 2 -> 0
2021-09-02 02:25:06,299 [grpc-default-executor-7] INFO  leader.FollowerInfo (FollowerInfoImpl.java:lambda$new$0(46)) - a378c862-060f-4c80-8a42-fa0762e0f8c9@group-6C0F8F3DFF59->12400696-0678-464b-ad01-faef76468be0: nextIndex: updateUnconditionally 0 -> 0
2021-09-02 02:25:06,322 [grpc-default-executor-9] INFO  ratis.XceiverServerRatis (XceiverServerRatis.java:handleLeaderChangedNotification(861)) - Leader change notification received for group: group-6C0F8F3DFF59 with new leaderId: a378c862-060f-4c80-8a42-fa0762e0f8c9
2021-09-02 02:25:06,322 [grpc-default-executor-9] INFO  server.RaftServer$Division (ServerState.java:setLeader(285)) - 9fd2e81d-61d0-44de-872c-4ae9b66045fe@group-6C0F8F3DFF59: change Leader from null to a378c862-060f-4c80-8a42-fa0762e0f8c9 at term 10 for appendEntries, leader elected after 46271ms
2021-09-02 02:25:06,322 [grpc-default-executor-9] INFO  server.RaftServer$Division (RaftServerImpl.java:checkInconsistentAppendEntries(1319)) - 9fd2e81d-61d0-44de-872c-4ae9b66045fe@group-6C0F8F3DFF59: Failed appendEntries as previous log entry ((t:2, i:0)) is not found
2021-09-02 02:25:06,322 [grpc-default-executor-9] INFO  server.RaftServer$Division (RaftServerImpl.java:checkInconsistentAppendEntries(1285)) - 9fd2e81d-61d0-44de-872c-4ae9b66045fe@group-6C0F8F3DFF59: inconsistency entries. Reply:a378c862-060f-4c80-8a42-fa0762e0f8c9<-9fd2e81d-61d0-44de-872c-4ae9b66045fe#0:FAIL-t10,INCONSISTENCY,nextIndex=0,followerCommit=-1
2021-09-02 02:25:06,324 [grpc-default-executor-10] INFO  server.RaftServer$Division (RaftServerImpl.java:checkInconsistentAppendEntries(1319)) - 9fd2e81d-61d0-44de-872c-4ae9b66045fe@group-6C0F8F3DFF59: Failed appendEntries as previous log entry ((t:2, i:0)) is not found
2021-09-02 02:25:06,324 [grpc-default-executor-10] INFO  server.RaftServer$Division (RaftServerImpl.java:checkInconsistentAppendEntries(1285)) - 9fd2e81d-61d0-44de-872c-4ae9b66045fe@group-6C0F8F3DFF59: inconsistency entries. Reply:a378c862-060f-4c80-8a42-fa0762e0f8c9<-9fd2e81d-61d0-44de-872c-4ae9b66045fe#1:FAIL-t10,INCONSISTENCY,nextIndex=0,followerCommit=-1
2021-09-02 02:25:06,336 [grpc-default-executor-7] INFO  server.RaftServer$Division (ServerState.java:setRaftConf(387)) - 12400696-0678-464b-ad01-faef76468be0@group-6C0F8F3DFF59: set configuration 0: [12400696-0678-464b-ad01-faef76468be0|rpc:10.1.0.11:44187|dataStream:|priority:0, a378c862-060f-4c80-8a42-fa0762e0f8c9|rpc:10.1.0.11:42281|dataStream:|priority:1, 9fd2e81d-61d0-44de-872c-4ae9b66045fe|rpc:10.1.0.11:34541|dataStream:|priority:0], old=null
2021-09-02 02:25:06,336 [grpc-default-executor-7] INFO  segmented.SegmentedRaftLogWorker (SegmentedRaftLogWorker.java:startLogSegment(394)) - 12400696-0678-464b-ad01-faef76468be0@group-6C0F8F3DFF59-SegmentedRaftLogWorker: Starting segment from index:0
2021-09-02 02:25:06,337 [grpc-default-executor-9] INFO  leader.FollowerInfo (FollowerInfoImpl.java:lambda$new$0(46)) - a378c862-060f-4c80-8a42-fa0762e0f8c9@group-6C0F8F3DFF59->9fd2e81d-61d0-44de-872c-4ae9b66045fe: nextIndex: updateUnconditionally 2 -> 0
2021-09-02 02:25:06,338 [grpc-default-executor-9] INFO  server.RaftServer$Division (ServerState.java:setRaftConf(387)) - 12400696-0678-464b-ad01-faef76468be0@group-6C0F8F3DFF59: set configuration 1: [12400696-0678-464b-ad01-faef76468be0|rpc:10.1.0.11:44187|dataStream:|priority:0, a378c862-060f-4c80-8a42-fa0762e0f8c9|rpc:10.1.0.11:42281|dataStream:|priority:1, 9fd2e81d-61d0-44de-872c-4ae9b66045fe|rpc:10.1.0.11:34541|dataStream:|priority:0], old=null
2021-09-02 02:25:06,338 [grpc-default-executor-9] INFO  segmented.SegmentedRaftLogWorker (SegmentedRaftLogWorker.java:rollLogSegment(399)) - 12400696-0678-464b-ad01-faef76468be0@group-6C0F8F3DFF59-SegmentedRaftLogWorker: Rolling segment log-0_0 to index:0
2021-09-02 02:25:06,340 [12400696-0678-464b-ad01-faef76468be0@group-6C0F8F3DFF59-SegmentedRaftLogWorker] INFO  segmented.SegmentedRaftLogWorker (SegmentedRaftLogWorker.java:execute(601)) - 12400696-0678-464b-ad01-faef76468be0@group-6C0F8F3DFF59-SegmentedRaftLogWorker: created new log segment /home/runner/work/ozone/ozone/hadoop-ozone/integration-test/target/test-dir/MiniOzoneClusterImpl-29bc8a50-871c-4f9e-822f-1a9e32d9d7f8/datanode-0/data/ratis/b210389a-7593-42c4-b1fe-6c0f8f3dff59/current/log_inprogress_0
2021-09-02 02:25:06,341 [grpc-default-executor-7] INFO  leader.FollowerInfo (FollowerInfoImpl.java:lambda$new$0(46)) - a378c862-060f-4c80-8a42-fa0762e0f8c9@group-6C0F8F3DFF59->9fd2e81d-61d0-44de-872c-4ae9b66045fe: nextIndex: updateUnconditionally 2 -> 0
2021-09-02 02:25:06,345 [12400696-0678-464b-ad01-faef76468be0@group-6C0F8F3DFF59-SegmentedRaftLogWorker] INFO  segmented.SegmentedRaftLogWorker (SegmentedRaftLogWorker.java:execute(558)) - 12400696-0678-464b-ad01-faef76468be0@group-6C0F8F3DFF59-SegmentedRaftLogWorker: Rolled log segment from /home/runner/work/ozone/ozone/hadoop-ozone/integration-test/target/test-dir/MiniOzoneClusterImpl-29bc8a50-871c-4f9e-822f-1a9e32d9d7f8/datanode-0/data/ratis/b210389a-7593-42c4-b1fe-6c0f8f3dff59/current/log_inprogress_0 to /home/runner/work/ozone/ozone/hadoop-ozone/integration-test/target/test-dir/MiniOzoneClusterImpl-29bc8a50-871c-4f9e-822f-1a9e32d9d7f8/datanode-0/data/ratis/b210389a-7593-42c4-b1fe-6c0f8f3dff59/current/log_0-0
2021-09-02 02:25:06,346 [12400696-0678-464b-ad01-faef76468be0@group-6C0F8F3DFF59-SegmentedRaftLogWorker] INFO  segmented.SegmentedRaftLogWorker (SegmentedRaftLogWorker.java:execute(601)) - 12400696-0678-464b-ad01-faef76468be0@group-6C0F8F3DFF59-SegmentedRaftLogWorker: created new log segment /home/runner/work/ozone/ozone/hadoop-ozone/integration-test/target/test-dir/MiniOzoneClusterImpl-29bc8a50-871c-4f9e-822f-1a9e32d9d7f8/datanode-0/data/ratis/b210389a-7593-42c4-b1fe-6c0f8f3dff59/current/log_inprogress_1
2021-09-02 02:25:06,365 [grpc-default-executor-10] INFO  server.RaftServer$Division (ServerState.java:setRaftConf(387)) - 9fd2e81d-61d0-44de-872c-4ae9b66045fe@group-6C0F8F3DFF59: set configuration 0: [12400696-0678-464b-ad01-faef76468be0|rpc:10.1.0.11:44187|dataStream:|priority:0, a378c862-060f-4c80-8a42-fa0762e0f8c9|rpc:10.1.0.11:42281|dataStream:|priority:1, 9fd2e81d-61d0-44de-872c-4ae9b66045fe|rpc:10.1.0.11:34541|dataStream:|priority:0], old=null
2021-09-02 02:25:06,366 [grpc-default-executor-10] INFO  segmented.SegmentedRaftLogWorker (SegmentedRaftLogWorker.java:startLogSegment(394)) - 9fd2e81d-61d0-44de-872c-4ae9b66045fe@group-6C0F8F3DFF59-SegmentedRaftLogWorker: Starting segment from index:0
2021-09-02 02:25:06,374 [9fd2e81d-61d0-44de-872c-4ae9b66045fe@group-6C0F8F3DFF59-SegmentedRaftLogWorker] INFO  segmented.SegmentedRaftLogWorker (SegmentedRaftLogWorker.java:execute(601)) - 9fd2e81d-61d0-44de-872c-4ae9b66045fe@group-6C0F8F3DFF59-SegmentedRaftLogWorker: created new log segment /home/runner/work/ozone/ozone/hadoop-ozone/integration-test/target/test-dir/MiniOzoneClusterImpl-29bc8a50-871c-4f9e-822f-1a9e32d9d7f8/datanode-2/data/ratis/b210389a-7593-42c4-b1fe-6c0f8f3dff59/current/log_inprogress_0
2021-09-02 02:25:06,375 [grpc-default-executor-10] INFO  server.RaftServer$Division (ServerState.java:setRaftConf(387)) - 9fd2e81d-61d0-44de-872c-4ae9b66045fe@group-6C0F8F3DFF59: set configuration 1: [12400696-0678-464b-ad01-faef76468be0|rpc:10.1.0.11:44187|dataStream:|priority:0, a378c862-060f-4c80-8a42-fa0762e0f8c9|rpc:10.1.0.11:42281|dataStream:|priority:1, 9fd2e81d-61d0-44de-872c-4ae9b66045fe|rpc:10.1.0.11:34541|dataStream:|priority:0], old=null
2021-09-02 02:25:06,375 [grpc-default-executor-10] INFO  segmented.SegmentedRaftLogWorker (SegmentedRaftLogWorker.java:rollLogSegment(399)) - 9fd2e81d-61d0-44de-872c-4ae9b66045fe@group-6C0F8F3DFF59-SegmentedRaftLogWorker: Rolling segment log-0_0 to index:0
2021-09-02 02:25:06,375 [grpc-default-executor-10] INFO  server.RaftServer$Division (ServerState.java:setRaftConf(387)) - 9fd2e81d-61d0-44de-872c-4ae9b66045fe@group-6C0F8F3DFF59: set configuration 0: [12400696-0678-464b-ad01-faef76468be0|rpc:10.1.0.11:44187|dataStream:|priority:0, a378c862-060f-4c80-8a42-fa0762e0f8c9|rpc:10.1.0.11:42281|dataStream:|priority:1, 9fd2e81d-61d0-44de-872c-4ae9b66045fe|rpc:10.1.0.11:34541|dataStream:|priority:0], old=null
2021-09-02 02:25:06,388 [grpc-default-executor-10] INFO  server.RaftServer$Division (ServerState.java:setRaftConf(387)) - 9fd2e81d-61d0-44de-872c-4ae9b66045fe@group-6C0F8F3DFF59: set configuration 1: [12400696-0678-464b-ad01-faef76468be0|rpc:10.1.0.11:44187|dataStream:|priority:0, a378c862-060f-4c80-8a42-fa0762e0f8c9|rpc:10.1.0.11:42281|dataStream:|priority:1, 9fd2e81d-61d0-44de-872c-4ae9b66045fe|rpc:10.1.0.11:34541|dataStream:|priority:0], old=null
2021-09-02 02:25:06,438 [9fd2e81d-61d0-44de-872c-4ae9b66045fe@group-6C0F8F3DFF59-SegmentedRaftLogWorker] INFO  segmented.SegmentedRaftLogWorker (SegmentedRaftLogWorker.java:execute(558)) - 9fd2e81d-61d0-44de-872c-4ae9b66045fe@group-6C0F8F3DFF59-SegmentedRaftLogWorker: Rolled log segment from /home/runner/work/ozone/ozone/hadoop-ozone/integration-test/target/test-dir/MiniOzoneClusterImpl-29bc8a50-871c-4f9e-822f-1a9e32d9d7f8/datanode-2/data/ratis/b210389a-7593-42c4-b1fe-6c0f8f3dff59/current/log_inprogress_0 to /home/runner/work/ozone/ozone/hadoop-ozone/integration-test/target/test-dir/MiniOzoneClusterImpl-29bc8a50-871c-4f9e-822f-1a9e32d9d7f8/datanode-2/data/ratis/b210389a-7593-42c4-b1fe-6c0f8f3dff59/current/log_0-0
2021-09-02 02:25:06,442 [9fd2e81d-61d0-44de-872c-4ae9b66045fe@group-6C0F8F3DFF59-SegmentedRaftLogWorker] INFO  segmented.SegmentedRaftLogWorker (SegmentedRaftLogWorker.java:execute(601)) - 9fd2e81d-61d0-44de-872c-4ae9b66045fe@group-6C0F8F3DFF59-SegmentedRaftLogWorker: created new log segment /home/runner/work/ozone/ozone/hadoop-ozone/integration-test/target/test-dir/MiniOzoneClusterImpl-29bc8a50-871c-4f9e-822f-1a9e32d9d7f8/datanode-2/data/ratis/b210389a-7593-42c4-b1fe-6c0f8f3dff59/current/log_inprogress_1
2021-09-02 02:25:06,468 [org.apache.ratis.util.JvmPauseMonitor$$Lambda$531/908743333@4af1b09a] WARN  util.JvmPauseMonitor (JvmPauseMonitor.java:detectPause(124)) - JvmPauseMonitor-a378c862-060f-4c80-8a42-fa0762e0f8c9: Detected pause in JVM or host machine (eg GC): pause of approximately 104291766ns. No GCs detected.
2021-09-02 02:25:09,943 [Listener at 127.0.0.1/45645] WARN  io.KeyOutputStream (KeyOutputStream.java:handleException(318)) - Encountered exception java.io.IOException: Unexpected Storage Container Exception: java.util.concurrent.CompletionException: Failed to write chunk 107544261427200001_chunk_1 into block conID: 1 locID: 107544261427200001 bcsId: 0 on the pipeline Pipeline[ Id: b210389a-7593-42c4-b1fe-6c0f8f3dff59, Nodes: a378c862-060f-4c80-8a42-fa0762e0f8c9{ip: 10.1.0.11, host: fv-az195-103.u3nnjwd0vyge1bu22idnsdeq2e.cx.internal.cloudapp.net, ports: [REPLICATION=35779, RATIS=42281, RATIS_ADMIN=42281, RATIS_SERVER=42281, STANDALONE=39649], networkLocation: /default-rack, certSerialId: null, persistedOpState: IN_SERVICE, persistedOpStateExpiryEpochSec: 0}9fd2e81d-61d0-44de-872c-4ae9b66045fe{ip: 10.1.0.11, host: fv-az195-103.u3nnjwd0vyge1bu22idnsdeq2e.cx.internal.cloudapp.net, ports: [REPLICATION=43381, RATIS=34541, RATIS_ADMIN=34541, RATIS_SERVER=34541, STANDALONE=35945], networkLocation: /default-rack, certSerialId: null, persistedOpState: IN_SERVICE, persistedOpStateExpiryEpochSec: 0}12400696-0678-464b-ad01-faef76468be0{ip: 10.1.0.11, host: fv-az195-103.u3nnjwd0vyge1bu22idnsdeq2e.cx.internal.cloudapp.net, ports: [REPLICATION=34965, RATIS=44187, RATIS_ADMIN=44187, RATIS_SERVER=44187, STANDALONE=33307], networkLocation: /default-rack, certSerialId: null, persistedOpState: IN_SERVICE, persistedOpStateExpiryEpochSec: 0}, ReplicationConfig: RATIS/THREE, State:OPEN, leaderId:a378c862-060f-4c80-8a42-fa0762e0f8c9, CreationTimestamp2021-09-02T02:24:17.887Z[Etc/UTC]]. The last committed block length is 0, uncommitted data length is 400 retry count 0
2021-09-02 02:25:10,388 [Datanode State Machine Thread - 0] WARN  statemachine.StateContext (StateContext.java:execute(621)) - No available thread in pool for past 1 seconds.
2021-09-02 02:25:10,477 [Datanode State Machine Thread - 0] WARN  statemachine.StateContext (StateContext.java:execute(621)) - No available thread in pool for past 1 seconds.
2021-09-02 02:25:10,603 [Datanode State Machine Thread - 0] WARN  statemachine.StateContext (StateContext.java:execute(621)) - No available thread in pool for past 1 seconds.
2021-09-02 02:25:10,998 [Listener at 127.0.0.1/45645] INFO  ozone.MiniOzoneClusterImpl (MiniOzoneClusterImpl.java:shutdown(453)) - Shutting down the Mini Ozone Cluster
2021-09-02 02:25:10,998 [Listener at 127.0.0.1/45645] INFO  ozone.MiniOzoneClusterImpl (MiniOzoneClusterImpl.java:stop(468)) - Stopping the Mini Ozone Cluster
2021-09-02 02:25:10,998 [Listener at 127.0.0.1/45645] INFO  ozone.MiniOzoneClusterImpl (MiniOzoneClusterImpl.java:stopOM(550)) - Stopping the OzoneManager
2021-09-02 02:25:10,998 [Listener at 127.0.0.1/45645] INFO  om.OzoneManager (OzoneManager.java:stop(1632)) - Stopping Ozone Manager
2021-09-02 02:25:10,999 [Listener at 127.0.0.1/45645] INFO  ipc.Server (Server.java:stop(3414)) - Stopping server on 45645
2021-09-02 02:25:11,043 [Listener at 127.0.0.1/45645] INFO  server.RaftServer (RaftServerProxy.java:lambda$close$6(391)) - om1: close
2021-09-02 02:25:11,043 [Listener at 127.0.0.1/45645] INFO  server.RaftServer$Division (RaftServerImpl.java:lambda$close$4(407)) - om1@group-C5BA1605619E: shutdown
2021-09-02 02:25:11,043 [Listener at 127.0.0.1/45645] INFO  util.JmxRegister (JmxRegister.java:unregister(73)) - Successfully un-registered JMX Bean with object name Ratis:service=RaftServer,group=group-C5BA1605619E,id=om1
2021-09-02 02:25:11,043 [Listener at 127.0.0.1/45645] INFO  impl.RoleInfo (RoleInfo.java:shutdownLeaderState(91)) - om1: shutdown om1@group-C5BA1605619E-LeaderStateImpl
2021-09-02 02:25:11,044 [Listener at 127.0.0.1/45645] INFO  impl.PendingRequests (PendingRequests.java:sendNotLeaderResponses(282)) - om1@group-C5BA1605619E-PendingRequests: sendNotLeaderResponses
2021-09-02 02:25:11,066 [IPC Server listener on 0] INFO  ipc.Server (Server.java:run(1376)) - Stopping IPC Server listener on 0
2021-09-02 02:25:11,073 [IPC Server Responder] INFO  ipc.Server (Server.java:run(1512)) - Stopping IPC Server Responder
2021-09-02 02:25:11,084 [Listener at 127.0.0.1/45645] INFO  impl.StateMachineUpdater (StateMachineUpdater.java:stopAndJoin(149)) - om1@group-C5BA1605619E-StateMachineUpdater: set stopIndex = 8
2021-09-02 02:25:11,085 [om1@group-C5BA1605619E-StateMachineUpdater] INFO  ratis.OzoneManagerStateMachine (OzoneManagerStateMachine.java:takeSnapshot(417)) - Current Snapshot Index (t:1, i:8)
2021-09-02 02:25:11,085 [om1@group-C5BA1605619E-StateMachineUpdater] INFO  impl.StateMachineUpdater (StateMachineUpdater.java:takeSnapshot(281)) - om1@group-C5BA1605619E-StateMachineUpdater: Took a snapshot at index 8
2021-09-02 02:25:11,085 [om1@group-C5BA1605619E-StateMachineUpdater] INFO  impl.StateMachineUpdater (StateMachineUpdater.java:lambda$new$0(89)) - om1@group-C5BA1605619E-StateMachineUpdater: snapshotIndex: updateIncreasingly -1 -> 8
2021-09-02 02:25:11,085 [om1@group-C5BA1605619E-StateMachineUpdater] INFO  ratis.OzoneManagerStateMachine (OzoneManagerStateMachine.java:close(471)) - StateMachine has shutdown. Shutdown OzoneManager if not already shutdown.
2021-09-02 02:25:11,094 [Listener at 127.0.0.1/45645] INFO  server.RaftServer$Division (ServerState.java:close(419)) - om1@group-C5BA1605619E: closes. applyIndex: 8
2021-09-02 02:25:11,097 [om1@group-C5BA1605619E-SegmentedRaftLogWorker] INFO  segmented.SegmentedRaftLogWorker (SegmentedRaftLogWorker.java:run(327)) - om1@group-C5BA1605619E-SegmentedRaftLogWorker was interrupted, exiting. There are 0 tasks remaining in the queue.
2021-09-02 02:25:11,137 [Listener at 127.0.0.1/45645] INFO  segmented.SegmentedRaftLogWorker (SegmentedRaftLogWorker.java:close(237)) - om1@group-C5BA1605619E-SegmentedRaftLogWorker close()
2021-09-02 02:25:11,145 [Listener at 127.0.0.1/45645] INFO  server.GrpcService (GrpcService.java:closeImpl(262)) - om1: shutdown server with port 9872 now
2021-09-02 02:25:11,145 [Listener at 127.0.0.1/45645] INFO  server.GrpcService (GrpcService.java:closeImpl(271)) - om1: shutdown server with port 9872 successfully
2021-09-02 02:25:11,145 [org.apache.ratis.util.JvmPauseMonitor$$Lambda$531/908743333@3f542962] INFO  util.JvmPauseMonitor (JvmPauseMonitor.java:run(109)) - JvmPauseMonitor-om1: Stopped
2021-09-02 02:25:11,156 [Listener at 127.0.0.1/45645] INFO  ratis.OzoneManagerDoubleBuffer (OzoneManagerDoubleBuffer.java:stop(437)) - Stopping OMDoubleBuffer flush thread
2021-09-02 02:25:11,156 [OMDoubleBufferFlushThread] INFO  ratis.OzoneManagerDoubleBuffer (OzoneManagerDoubleBuffer.java:flushTransactions(356)) - OMDoubleBuffer flush thread OMDoubleBufferFlushThread is interrupted and will exit. OMDoubleBufferFlushThread
2021-09-02 02:25:11,156 [Listener at 127.0.0.1/45645] INFO  utils.BackgroundService (BackgroundService.java:shutdown(132)) - Shutting down service KeyDeletingService
2021-09-02 02:25:11,160 [Listener at 127.0.0.1/45645] INFO  handler.ContextHandler (ContextHandler.java:doStop(1153)) - Stopped o.e.j.w.WebAppContext@65c3a026{ozoneManager,/,null,STOPPED}{file:/home/runner/work/ozone/ozone/hadoop-ozone/integration-test/target/test-classes/webapps/ozoneManager}
2021-09-02 02:25:11,160 [Listener at 127.0.0.1/45645] INFO  server.AbstractConnector (AbstractConnector.java:doStop(381)) - Stopped ServerConnector@4b4f58a0{HTTP/1.1, (http/1.1)}{0.0.0.0:0}
2021-09-02 02:25:11,161 [Listener at 127.0.0.1/45645] INFO  server.session (HouseKeeper.java:stopScavenging(149)) - node0 Stopped scavenging
2021-09-02 02:25:11,161 [Listener at 127.0.0.1/45645] INFO  handler.ContextHandler (ContextHandler.java:doStop(1153)) - Stopped o.e.j.s.ServletContextHandler@75fbf5ab{static,/static,file:///home/runner/work/ozone/ozone/hadoop-ozone/integration-test/target/test-classes/webapps/static,STOPPED}
2021-09-02 02:25:11,161 [Listener at 127.0.0.1/45645] INFO  handler.ContextHandler (ContextHandler.java:doStop(1153)) - Stopped o.e.j.s.ServletContextHandler@62076729{logs,/logs,file:///home/runner/work/ozone/ozone/hadoop-ozone/integration-test/target/log,STOPPED}
2021-09-02 02:25:11,276 [Listener at 127.0.0.1/45645] INFO  ozone.MiniOzoneClusterImpl (MiniOzoneClusterImpl.java:stopDatanodes(527)) - Stopping the HddsDatanodes
2021-09-02 02:25:11,277 [Datanode State Machine Thread - 0] WARN  statemachine.StateContext (StateContext.java:setState(246)) - Ignore disallowed transition from SHUTDOWN to RUNNING
2021-09-02 02:25:11,388 [Datanode State Machine Thread - 0] INFO  statemachine.DatanodeStateMachine (DatanodeStateMachine.java:lambda$startDaemon$0(457)) - Ozone container server started.
2021-09-02 02:25:12,281 [Datanode State Machine Thread - 0] INFO  statemachine.DatanodeStateMachine (DatanodeStateMachine.java:lambda$startDaemon$0(457)) - Ozone container server started.
2021-09-02 02:25:16,317 [Listener at 127.0.0.1/45645] INFO  ozoneimpl.OzoneContainer (OzoneContainer.java:stop(326)) - Attempting to stop container services.
2021-09-02 02:25:16,325 [ForkJoinPool.commonPool-worker-0] INFO  ozoneimpl.OzoneContainer (OzoneContainer.java:stop(326)) - Attempting to stop container services.
2021-09-02 02:25:16,325 [Listener at 127.0.0.1/45645] INFO  server.RaftServer (RaftServerProxy.java:lambda$close$6(391)) - 187906f6-3436-4d7b-ba29-fc09579eb1c8: close
2021-09-02 02:25:16,325 [Listener at 127.0.0.1/45645] INFO  server.RaftServer$Division (RaftServerImpl.java:lambda$close$4(407)) - 187906f6-3436-4d7b-ba29-fc09579eb1c8@group-24BBA463E12F: shutdown
2021-09-02 02:25:16,325 [Listener at 127.0.0.1/45645] INFO  util.JmxRegister (JmxRegister.java:unregister(73)) - Successfully un-registered JMX Bean with object name Ratis:service=RaftServer,group=group-24BBA463E12F,id=187906f6-3436-4d7b-ba29-fc09579eb1c8
2021-09-02 02:25:16,325 [ForkJoinPool.commonPool-worker-0] INFO  server.RaftServer (RaftServerProxy.java:lambda$close$6(391)) - a378c862-060f-4c80-8a42-fa0762e0f8c9: close
2021-09-02 02:25:16,326 [ForkJoinPool.commonPool-worker-0] INFO  server.RaftServer$Division (RaftServerImpl.java:lambda$close$4(407)) - a378c862-060f-4c80-8a42-fa0762e0f8c9@group-D3CF43F22C22: shutdown
2021-09-02 02:25:16,326 [ForkJoinPool.commonPool-worker-0] INFO  util.JmxRegister (JmxRegister.java:unregister(73)) - Successfully un-registered JMX Bean with object name Ratis:service=RaftServer,group=group-D3CF43F22C22,id=a378c862-060f-4c80-8a42-fa0762e0f8c9
2021-09-02 02:25:16,326 [ForkJoinPool.commonPool-worker-0] INFO  impl.RoleInfo (RoleInfo.java:shutdownLeaderState(91)) - a378c862-060f-4c80-8a42-fa0762e0f8c9: shutdown a378c862-060f-4c80-8a42-fa0762e0f8c9@group-D3CF43F22C22-LeaderStateImpl
2021-09-02 02:25:16,326 [ForkJoinPool.commonPool-worker-0] INFO  impl.PendingRequests (PendingRequests.java:sendNotLeaderResponses(282)) - a378c862-060f-4c80-8a42-fa0762e0f8c9@group-D3CF43F22C22-PendingRequests: sendNotLeaderResponses
2021-09-02 02:25:16,326 [Listener at 127.0.0.1/45645] INFO  impl.RoleInfo (RoleInfo.java:shutdownLeaderState(91)) - 187906f6-3436-4d7b-ba29-fc09579eb1c8: shutdown 187906f6-3436-4d7b-ba29-fc09579eb1c8@group-24BBA463E12F-LeaderStateImpl
2021-09-02 02:25:16,326 [Listener at 127.0.0.1/45645] INFO  impl.PendingRequests (PendingRequests.java:sendNotLeaderResponses(282)) - 187906f6-3436-4d7b-ba29-fc09579eb1c8@group-24BBA463E12F-PendingRequests: sendNotLeaderResponses
2021-09-02 02:25:16,374 [187906f6-3436-4d7b-ba29-fc09579eb1c8@group-24BBA463E12F-StateMachineUpdater] INFO  ratis.ContainerStateMachine (ContainerStateMachine.java:takeSnapshot(292)) - group-24BBA463E12F: Taking a snapshot at:(t:3, i:12) file /home/runner/work/ozone/ozone/hadoop-ozone/integration-test/target/test-dir/MiniOzoneClusterImpl-29bc8a50-871c-4f9e-822f-1a9e32d9d7f8/datanode-4/data/ratis/5a36dfcd-72fc-46b3-9ff7-24bba463e12f/sm/snapshot.3_12
2021-09-02 02:25:16,377 [Listener at 127.0.0.1/45645] INFO  impl.StateMachineUpdater (StateMachineUpdater.java:stopAndJoin(149)) - 187906f6-3436-4d7b-ba29-fc09579eb1c8@group-24BBA463E12F-StateMachineUpdater: set stopIndex = 12
2021-09-02 02:25:16,378 [187906f6-3436-4d7b-ba29-fc09579eb1c8@group-24BBA463E12F-StateMachineUpdater] INFO  ratis.ContainerStateMachine (ContainerStateMachine.java:takeSnapshot(303)) - group-24BBA463E12F: Finished taking a snapshot at:(t:3, i:12) file:/home/runner/work/ozone/ozone/hadoop-ozone/integration-test/target/test-dir/MiniOzoneClusterImpl-29bc8a50-871c-4f9e-822f-1a9e32d9d7f8/datanode-4/data/ratis/5a36dfcd-72fc-46b3-9ff7-24bba463e12f/sm/snapshot.3_12 took: 4 ms
2021-09-02 02:25:16,387 [187906f6-3436-4d7b-ba29-fc09579eb1c8@group-24BBA463E12F-StateMachineUpdater] INFO  impl.StateMachineUpdater (StateMachineUpdater.java:takeSnapshot(281)) - 187906f6-3436-4d7b-ba29-fc09579eb1c8@group-24BBA463E12F-StateMachineUpdater: Took a snapshot at index 12
2021-09-02 02:25:16,388 [187906f6-3436-4d7b-ba29-fc09579eb1c8@group-24BBA463E12F-StateMachineUpdater] INFO  impl.StateMachineUpdater (StateMachineUpdater.java:lambda$new$0(89)) - 187906f6-3436-4d7b-ba29-fc09579eb1c8@group-24BBA463E12F-StateMachineUpdater: snapshotIndex: updateIncreasingly -1 -> 12
2021-09-02 02:25:16,385 [187906f6-3436-4d7b-ba29-fc09579eb1c8@group-24BBA463E12F->af0a5c91-f714-4dc1-a2f1-efe0e47618a1-GrpcLogAppender-LogAppenderDaemon] WARN  server.GrpcLogAppender (GrpcLogAppender.java:mayWait(175)) - 187906f6-3436-4d7b-ba29-fc09579eb1c8@group-24BBA463E12F->af0a5c91-f714-4dc1-a2f1-efe0e47618a1-GrpcLogAppender: Wait interrupted by java.lang.InterruptedException
2021-09-02 02:25:16,380 [a378c862-060f-4c80-8a42-fa0762e0f8c9@group-D3CF43F22C22-StateMachineUpdater] INFO  ratis.ContainerStateMachine (ContainerStateMachine.java:takeSnapshot(292)) - group-D3CF43F22C22: Taking a snapshot at:(t:1, i:0) file /home/runner/work/ozone/ozone/hadoop-ozone/integration-test/target/test-dir/MiniOzoneClusterImpl-29bc8a50-871c-4f9e-822f-1a9e32d9d7f8/datanode-1/data/ratis/ba8af5f1-bfbd-4481-86ec-d3cf43f22c22/sm/snapshot.1_0
2021-09-02 02:25:16,380 [ForkJoinPool.commonPool-worker-0] INFO  impl.StateMachineUpdater (StateMachineUpdater.java:stopAndJoin(149)) - a378c862-060f-4c80-8a42-fa0762e0f8c9@group-D3CF43F22C22-StateMachineUpdater: set stopIndex = 0
2021-09-02 02:25:16,379 [187906f6-3436-4d7b-ba29-fc09579eb1c8@group-24BBA463E12F->3c795851-1066-4b85-8bc1-6af36b99c451-GrpcLogAppender-LogAppenderDaemon] WARN  server.GrpcLogAppender (GrpcLogAppender.java:mayWait(175)) - 187906f6-3436-4d7b-ba29-fc09579eb1c8@group-24BBA463E12F->3c795851-1066-4b85-8bc1-6af36b99c451-GrpcLogAppender: Wait interrupted by java.lang.InterruptedException
2021-09-02 02:25:16,389 [grpc-default-executor-8] INFO  server.GrpcServerProtocolService (GrpcServerProtocolService.java:onCompleted(140)) - af0a5c91-f714-4dc1-a2f1-efe0e47618a1: Completed APPEND_ENTRIES, lastRequest: 187906f6-3436-4d7b-ba29-fc09579eb1c8->af0a5c91-f714-4dc1-a2f1-efe0e47618a1#272-t3,previous=(t:3, i:11),leaderCommit=6,initializing? true,entries: size=1, first=(t:3, i:12), METADATAENTRY(c:6)
2021-09-02 02:25:16,390 [a378c862-060f-4c80-8a42-fa0762e0f8c9@group-D3CF43F22C22-StateMachineUpdater] INFO  ratis.ContainerStateMachine (ContainerStateMachine.java:takeSnapshot(303)) - group-D3CF43F22C22: Finished taking a snapshot at:(t:1, i:0) file:/home/runner/work/ozone/ozone/hadoop-ozone/integration-test/target/test-dir/MiniOzoneClusterImpl-29bc8a50-871c-4f9e-822f-1a9e32d9d7f8/datanode-1/data/ratis/ba8af5f1-bfbd-4481-86ec-d3cf43f22c22/sm/snapshot.1_0 took: 9 ms
2021-09-02 02:25:16,390 [a378c862-060f-4c80-8a42-fa0762e0f8c9@group-D3CF43F22C22-StateMachineUpdater] INFO  impl.StateMachineUpdater (StateMachineUpdater.java:takeSnapshot(281)) - a378c862-060f-4c80-8a42-fa0762e0f8c9@group-D3CF43F22C22-StateMachineUpdater: Took a snapshot at index 0
2021-09-02 02:25:16,390 [a378c862-060f-4c80-8a42-fa0762e0f8c9@group-D3CF43F22C22-StateMachineUpdater] INFO  impl.StateMachineUpdater (StateMachineUpdater.java:lambda$new$0(89)) - a378c862-060f-4c80-8a42-fa0762e0f8c9@group-D3CF43F22C22-StateMachineUpdater: snapshotIndex: updateIncreasingly -1 -> 0
2021-09-02 02:25:16,393 [Listener at 127.0.0.1/45645] INFO  server.RaftServer$Division (ServerState.java:close(419)) - 187906f6-3436-4d7b-ba29-fc09579eb1c8@group-24BBA463E12F: closes. applyIndex: 12
2021-09-02 02:25:16,422 [ForkJoinPool.commonPool-worker-0] INFO  server.RaftServer$Division (ServerState.java:close(419)) - a378c862-060f-4c80-8a42-fa0762e0f8c9@group-D3CF43F22C22: closes. applyIndex: 0
2021-09-02 02:25:16,422 [grpc-default-executor-8] INFO  server.GrpcLogAppender (GrpcLogAppender.java:onCompleted(344)) - 187906f6-3436-4d7b-ba29-fc09579eb1c8@group-24BBA463E12F->af0a5c91-f714-4dc1-a2f1-efe0e47618a1-AppendLogResponseHandler: follower responses appendEntries COMPLETED
2021-09-02 02:25:16,422 [grpc-default-executor-8] INFO  leader.FollowerInfo (FollowerInfoImpl.java:lambda$new$0(46)) - 187906f6-3436-4d7b-ba29-fc09579eb1c8@group-24BBA463E12F->af0a5c91-f714-4dc1-a2f1-efe0e47618a1: nextIndex: updateUnconditionally 13 -> 12
2021-09-02 02:25:16,422 [a378c862-060f-4c80-8a42-fa0762e0f8c9@group-D3CF43F22C22-SegmentedRaftLogWorker] INFO  segmented.SegmentedRaftLogWorker (SegmentedRaftLogWorker.java:run(327)) - a378c862-060f-4c80-8a42-fa0762e0f8c9@group-D3CF43F22C22-SegmentedRaftLogWorker was interrupted, exiting. There are 0 tasks remaining in the queue.
2021-09-02 02:25:16,422 [grpc-default-executor-8] INFO  server.GrpcServerProtocolService (GrpcServerProtocolService.java:onCompleted(140)) - 3c795851-1066-4b85-8bc1-6af36b99c451: Completed APPEND_ENTRIES, lastRequest: 187906f6-3436-4d7b-ba29-fc09579eb1c8->3c795851-1066-4b85-8bc1-6af36b99c451#41-t3,previous=(t:3, i:11),leaderCommit=6,initializing? true,entries: size=1, first=(t:3, i:12), METADATAENTRY(c:6)
2021-09-02 02:25:16,423 [grpc-default-executor-9] INFO  server.GrpcLogAppender (GrpcLogAppender.java:onCompleted(344)) - 187906f6-3436-4d7b-ba29-fc09579eb1c8@group-24BBA463E12F->3c795851-1066-4b85-8bc1-6af36b99c451-AppendLogResponseHandler: follower responses appendEntries COMPLETED
2021-09-02 02:25:16,423 [grpc-default-executor-9] INFO  leader.FollowerInfo (FollowerInfoImpl.java:lambda$new$0(46)) - 187906f6-3436-4d7b-ba29-fc09579eb1c8@group-24BBA463E12F->3c795851-1066-4b85-8bc1-6af36b99c451: nextIndex: updateUnconditionally 13 -> 12
2021-09-02 02:25:16,425 [187906f6-3436-4d7b-ba29-fc09579eb1c8@group-24BBA463E12F-SegmentedRaftLogWorker] INFO  segmented.SegmentedRaftLogWorker (SegmentedRaftLogWorker.java:run(327)) - 187906f6-3436-4d7b-ba29-fc09579eb1c8@group-24BBA463E12F-SegmentedRaftLogWorker was interrupted, exiting. There are 0 tasks remaining in the queue.
2021-09-02 02:25:16,438 [ForkJoinPool.commonPool-worker-0] INFO  segmented.SegmentedRaftLogWorker (SegmentedRaftLogWorker.java:close(237)) - a378c862-060f-4c80-8a42-fa0762e0f8c9@group-D3CF43F22C22-SegmentedRaftLogWorker close()
2021-09-02 02:25:16,438 [Listener at 127.0.0.1/45645] INFO  segmented.SegmentedRaftLogWorker (SegmentedRaftLogWorker.java:close(237)) - 187906f6-3436-4d7b-ba29-fc09579eb1c8@group-24BBA463E12F-SegmentedRaftLogWorker close()
2021-09-02 02:25:16,440 [ForkJoinPool.commonPool-worker-0] INFO  server.RaftServer$Division (RaftServerImpl.java:lambda$close$4(407)) - a378c862-060f-4c80-8a42-fa0762e0f8c9@group-6C0F8F3DFF59: shutdown
2021-09-02 02:25:16,440 [ForkJoinPool.commonPool-worker-0] INFO  util.JmxRegister (JmxRegister.java:unregister(73)) - Successfully un-registered JMX Bean with object name Ratis:service=RaftServer,group=group-6C0F8F3DFF59,id=a378c862-060f-4c80-8a42-fa0762e0f8c9
2021-09-02 02:25:16,440 [ForkJoinPool.commonPool-worker-0] INFO  impl.RoleInfo (RoleInfo.java:shutdownLeaderState(91)) - a378c862-060f-4c80-8a42-fa0762e0f8c9: shutdown a378c862-060f-4c80-8a42-fa0762e0f8c9@group-6C0F8F3DFF59-LeaderStateImpl
2021-09-02 02:25:16,440 [ForkJoinPool.commonPool-worker-0] INFO  impl.PendingRequests (PendingRequests.java:sendNotLeaderResponses(282)) - a378c862-060f-4c80-8a42-fa0762e0f8c9@group-6C0F8F3DFF59-PendingRequests: sendNotLeaderResponses
2021-09-02 02:25:16,441 [a378c862-060f-4c80-8a42-fa0762e0f8c9@group-6C0F8F3DFF59->12400696-0678-464b-ad01-faef76468be0-GrpcLogAppender-LogAppenderDaemon] WARN  server.GrpcLogAppender (GrpcLogAppender.java:mayWait(175)) - a378c862-060f-4c80-8a42-fa0762e0f8c9@group-6C0F8F3DFF59->12400696-0678-464b-ad01-faef76468be0-GrpcLogAppender: Wait interrupted by java.lang.InterruptedException
2021-09-02 02:25:16,442 [grpc-default-executor-10] INFO  server.GrpcServerProtocolService (GrpcServerProtocolService.java:onCompleted(140)) - 12400696-0678-464b-ad01-faef76468be0: Completed APPEND_ENTRIES, lastRequest: a378c862-060f-4c80-8a42-fa0762e0f8c9->12400696-0678-464b-ad01-faef76468be0#7-t10,previous=(t:10, i:1),leaderCommit=1,initializing? true,entries: size=1, first=(t:10, i:2), METADATAENTRY(c:1)
2021-09-02 02:25:16,442 [grpc-default-executor-8] INFO  server.GrpcLogAppender (GrpcLogAppender.java:onCompleted(344)) - a378c862-060f-4c80-8a42-fa0762e0f8c9@group-6C0F8F3DFF59->12400696-0678-464b-ad01-faef76468be0-AppendLogResponseHandler: follower responses appendEntries COMPLETED
2021-09-02 02:25:16,442 [grpc-default-executor-8] INFO  leader.FollowerInfo (FollowerInfoImpl.java:lambda$new$0(46)) - a378c862-060f-4c80-8a42-fa0762e0f8c9@group-6C0F8F3DFF59->12400696-0678-464b-ad01-faef76468be0: nextIndex: updateUnconditionally 3 -> 2
2021-09-02 02:25:16,442 [Listener at 127.0.0.1/45645] INFO  server.RaftServer$Division (RaftServerImpl.java:lambda$close$4(407)) - 187906f6-3436-4d7b-ba29-fc09579eb1c8@group-D6C00A4C7428: shutdown
2021-09-02 02:25:16,443 [Listener at 127.0.0.1/45645] INFO  util.JmxRegister (JmxRegister.java:unregister(73)) - Successfully un-registered JMX Bean with object name Ratis:service=RaftServer,group=group-D6C00A4C7428,id=187906f6-3436-4d7b-ba29-fc09579eb1c8
2021-09-02 02:25:16,443 [Listener at 127.0.0.1/45645] INFO  impl.RoleInfo (RoleInfo.java:shutdownLeaderState(91)) - 187906f6-3436-4d7b-ba29-fc09579eb1c8: shutdown 187906f6-3436-4d7b-ba29-fc09579eb1c8@group-D6C00A4C7428-LeaderStateImpl
2021-09-02 02:25:16,443 [Listener at 127.0.0.1/45645] INFO  impl.PendingRequests (PendingRequests.java:sendNotLeaderResponses(282)) - 187906f6-3436-4d7b-ba29-fc09579eb1c8@group-D6C00A4C7428-PendingRequests: sendNotLeaderResponses
2021-09-02 02:25:16,444 [Listener at 127.0.0.1/45645] INFO  impl.StateMachineUpdater (StateMachineUpdater.java:stopAndJoin(149)) - 187906f6-3436-4d7b-ba29-fc09579eb1c8@group-D6C00A4C7428-StateMachineUpdater: set stopIndex = 0
2021-09-02 02:25:16,444 [187906f6-3436-4d7b-ba29-fc09579eb1c8@group-D6C00A4C7428-StateMachineUpdater] INFO  ratis.ContainerStateMachine (ContainerStateMachine.java:takeSnapshot(292)) - group-D6C00A4C7428: Taking a snapshot at:(t:1, i:0) file /home/runner/work/ozone/ozone/hadoop-ozone/integration-test/target/test-dir/MiniOzoneClusterImpl-29bc8a50-871c-4f9e-822f-1a9e32d9d7f8/datanode-4/data/ratis/b173e2a2-adb1-490c-9fdd-d6c00a4c7428/sm/snapshot.1_0
2021-09-02 02:25:16,445 [187906f6-3436-4d7b-ba29-fc09579eb1c8@group-D6C00A4C7428-StateMachineUpdater] INFO  ratis.ContainerStateMachine (ContainerStateMachine.java:takeSnapshot(303)) - group-D6C00A4C7428: Finished taking a snapshot at:(t:1, i:0) file:/home/runner/work/ozone/ozone/hadoop-ozone/integration-test/target/test-dir/MiniOzoneClusterImpl-29bc8a50-871c-4f9e-822f-1a9e32d9d7f8/datanode-4/data/ratis/b173e2a2-adb1-490c-9fdd-d6c00a4c7428/sm/snapshot.1_0 took: 0 ms
2021-09-02 02:25:16,445 [187906f6-3436-4d7b-ba29-fc09579eb1c8@group-D6C00A4C7428-StateMachineUpdater] INFO  impl.StateMachineUpdater (StateMachineUpdater.java:takeSnapshot(281)) - 187906f6-3436-4d7b-ba29-fc09579eb1c8@group-D6C00A4C7428-StateMachineUpdater: Took a snapshot at index 0
2021-09-02 02:25:16,445 [187906f6-3436-4d7b-ba29-fc09579eb1c8@group-D6C00A4C7428-StateMachineUpdater] INFO  impl.StateMachineUpdater (StateMachineUpdater.java:lambda$new$0(89)) - 187906f6-3436-4d7b-ba29-fc09579eb1c8@group-D6C00A4C7428-StateMachineUpdater: snapshotIndex: updateIncreasingly -1 -> 0
2021-09-02 02:25:16,446 [ForkJoinPool.commonPool-worker-0] INFO  impl.StateMachineUpdater (StateMachineUpdater.java:stopAndJoin(149)) - a378c862-060f-4c80-8a42-fa0762e0f8c9@group-6C0F8F3DFF59-StateMachineUpdater: set stopIndex = 2
2021-09-02 02:25:16,446 [a378c862-060f-4c80-8a42-fa0762e0f8c9@group-6C0F8F3DFF59-StateMachineUpdater] INFO  ratis.ContainerStateMachine (ContainerStateMachine.java:takeSnapshot(292)) - group-6C0F8F3DFF59: Taking a snapshot at:(t:10, i:2) file /home/runner/work/ozone/ozone/hadoop-ozone/integration-test/target/test-dir/MiniOzoneClusterImpl-29bc8a50-871c-4f9e-822f-1a9e32d9d7f8/datanode-1/data/ratis/b210389a-7593-42c4-b1fe-6c0f8f3dff59/sm/snapshot.10_2
2021-09-02 02:25:16,446 [Listener at 127.0.0.1/45645] INFO  server.RaftServer$Division (ServerState.java:close(419)) - 187906f6-3436-4d7b-ba29-fc09579eb1c8@group-D6C00A4C7428: closes. applyIndex: 0
2021-09-02 02:25:16,447 [187906f6-3436-4d7b-ba29-fc09579eb1c8@group-D6C00A4C7428-SegmentedRaftLogWorker] INFO  segmented.SegmentedRaftLogWorker (SegmentedRaftLogWorker.java:run(327)) - 187906f6-3436-4d7b-ba29-fc09579eb1c8@group-D6C00A4C7428-SegmentedRaftLogWorker was interrupted, exiting. There are 0 tasks remaining in the queue.
2021-09-02 02:25:16,449 [a378c862-060f-4c80-8a42-fa0762e0f8c9@group-6C0F8F3DFF59-StateMachineUpdater] INFO  ratis.ContainerStateMachine (ContainerStateMachine.java:takeSnapshot(303)) - group-6C0F8F3DFF59: Finished taking a snapshot at:(t:10, i:2) file:/home/runner/work/ozone/ozone/hadoop-ozone/integration-test/target/test-dir/MiniOzoneClusterImpl-29bc8a50-871c-4f9e-822f-1a9e32d9d7f8/datanode-1/data/ratis/b210389a-7593-42c4-b1fe-6c0f8f3dff59/sm/snapshot.10_2 took: 4 ms
2021-09-02 02:25:16,449 [a378c862-060f-4c80-8a42-fa0762e0f8c9@group-6C0F8F3DFF59-StateMachineUpdater] INFO  impl.StateMachineUpdater (StateMachineUpdater.java:takeSnapshot(281)) - a378c862-060f-4c80-8a42-fa0762e0f8c9@group-6C0F8F3DFF59-StateMachineUpdater: Took a snapshot at index 2
2021-09-02 02:25:16,449 [a378c862-060f-4c80-8a42-fa0762e0f8c9@group-6C0F8F3DFF59-StateMachineUpdater] INFO  impl.StateMachineUpdater (StateMachineUpdater.java:lambda$new$0(89)) - a378c862-060f-4c80-8a42-fa0762e0f8c9@group-6C0F8F3DFF59-StateMachineUpdater: snapshotIndex: updateIncreasingly -1 -> 2
2021-09-02 02:25:16,455 [ForkJoinPool.commonPool-worker-0] INFO  server.RaftServer$Division (ServerState.java:close(419)) - a378c862-060f-4c80-8a42-fa0762e0f8c9@group-6C0F8F3DFF59: closes. applyIndex: 2
2021-09-02 02:25:16,455 [a378c862-060f-4c80-8a42-fa0762e0f8c9@group-6C0F8F3DFF59-SegmentedRaftLogWorker] INFO  segmented.SegmentedRaftLogWorker (SegmentedRaftLogWorker.java:run(327)) - a378c862-060f-4c80-8a42-fa0762e0f8c9@group-6C0F8F3DFF59-SegmentedRaftLogWorker was interrupted, exiting. There are 0 tasks remaining in the queue.
2021-09-02 02:25:16,477 [Listener at 127.0.0.1/45645] INFO  segmented.SegmentedRaftLogWorker (SegmentedRaftLogWorker.java:close(237)) - 187906f6-3436-4d7b-ba29-fc09579eb1c8@group-D6C00A4C7428-SegmentedRaftLogWorker close()
2021-09-02 02:25:16,477 [ForkJoinPool.commonPool-worker-0] INFO  segmented.SegmentedRaftLogWorker (SegmentedRaftLogWorker.java:close(237)) - a378c862-060f-4c80-8a42-fa0762e0f8c9@group-6C0F8F3DFF59-SegmentedRaftLogWorker close()
2021-09-02 02:25:16,478 [a378c862-060f-4c80-8a42-fa0762e0f8c9@group-6C0F8F3DFF59->9fd2e81d-61d0-44de-872c-4ae9b66045fe-GrpcLogAppender-LogAppenderDaemon] WARN  server.GrpcLogAppender (GrpcLogAppender.java:mayWait(175)) - a378c862-060f-4c80-8a42-fa0762e0f8c9@group-6C0F8F3DFF59->9fd2e81d-61d0-44de-872c-4ae9b66045fe-GrpcLogAppender: Wait interrupted by java.lang.InterruptedException
2021-09-02 02:25:16,481 [grpc-default-executor-10] INFO  server.GrpcServerProtocolService (GrpcServerProtocolService.java:onCompleted(140)) - 9fd2e81d-61d0-44de-872c-4ae9b66045fe: Completed APPEND_ENTRIES, lastRequest: a378c862-060f-4c80-8a42-fa0762e0f8c9->9fd2e81d-61d0-44de-872c-4ae9b66045fe#8-t10,previous=(t:10, i:1),leaderCommit=1,initializing? true,entries: size=1, first=(t:10, i:2), METADATAENTRY(c:1)
2021-09-02 02:25:16,481 [grpc-default-executor-8] INFO  server.GrpcLogAppender (GrpcLogAppender.java:onCompleted(344)) - a378c862-060f-4c80-8a42-fa0762e0f8c9@group-6C0F8F3DFF59->9fd2e81d-61d0-44de-872c-4ae9b66045fe-AppendLogResponseHandler: follower responses appendEntries COMPLETED
2021-09-02 02:25:16,481 [grpc-default-executor-8] INFO  leader.FollowerInfo (FollowerInfoImpl.java:lambda$new$0(46)) - a378c862-060f-4c80-8a42-fa0762e0f8c9@group-6C0F8F3DFF59->9fd2e81d-61d0-44de-872c-4ae9b66045fe: nextIndex: updateUnconditionally 3 -> 2
2021-09-02 02:25:16,488 [Listener at 127.0.0.1/45645] INFO  server.RaftServer$Division (RaftServerImpl.java:lambda$close$4(407)) - 187906f6-3436-4d7b-ba29-fc09579eb1c8@group-D22779799422: shutdown
2021-09-02 02:25:16,488 [Listener at 127.0.0.1/45645] INFO  util.JmxRegister (JmxRegister.java:unregister(73)) - Successfully un-registered JMX Bean with object name Ratis:service=RaftServer,group=group-D22779799422,id=187906f6-3436-4d7b-ba29-fc09579eb1c8
2021-09-02 02:25:16,488 [Listener at 127.0.0.1/45645] INFO  impl.RoleInfo (RoleInfo.java:shutdownFollowerState(108)) - 187906f6-3436-4d7b-ba29-fc09579eb1c8: shutdown 187906f6-3436-4d7b-ba29-fc09579eb1c8@group-D22779799422-FollowerState
2021-09-02 02:25:16,488 [Listener at 127.0.0.1/45645] INFO  impl.StateMachineUpdater (StateMachineUpdater.java:stopAndJoin(149)) - 187906f6-3436-4d7b-ba29-fc09579eb1c8@group-D22779799422-StateMachineUpdater: set stopIndex = 0
2021-09-02 02:25:16,488 [187906f6-3436-4d7b-ba29-fc09579eb1c8@group-D22779799422-FollowerState] INFO  impl.FollowerState (FollowerState.java:run(143)) - 187906f6-3436-4d7b-ba29-fc09579eb1c8@group-D22779799422-FollowerState was interrupted: {}
java.lang.InterruptedException: sleep interrupted
	at java.lang.Thread.sleep(Native Method)
	at java.lang.Thread.sleep(Thread.java:340)
	at java.util.concurrent.TimeUnit.sleep(TimeUnit.java:386)
	at org.apache.ratis.util.TimeDuration.sleep(TimeDuration.java:324)
	at org.apache.ratis.util.TimeDuration.sleep(TimeDuration.java:309)
	at org.apache.ratis.server.impl.FollowerState.run(FollowerState.java:118)
2021-09-02 02:25:16,489 [187906f6-3436-4d7b-ba29-fc09579eb1c8@group-D22779799422-StateMachineUpdater] INFO  ratis.ContainerStateMachine (ContainerStateMachine.java:takeSnapshot(292)) - group-D22779799422: Taking a snapshot at:(t:5, i:0) file /home/runner/work/ozone/ozone/hadoop-ozone/integration-test/target/test-dir/MiniOzoneClusterImpl-29bc8a50-871c-4f9e-822f-1a9e32d9d7f8/datanode-4/data/ratis/d6b44281-4388-4f6e-aec4-d22779799422/sm/snapshot.5_0
2021-09-02 02:25:16,489 [ForkJoinPool.commonPool-worker-0] INFO  server.RaftServer$Division (RaftServerImpl.java:lambda$close$4(407)) - a378c862-060f-4c80-8a42-fa0762e0f8c9@group-B85448540D00: shutdown
2021-09-02 02:25:16,489 [ForkJoinPool.commonPool-worker-0] INFO  util.JmxRegister (JmxRegister.java:unregister(73)) - Successfully un-registered JMX Bean with object name Ratis:service=RaftServer,group=group-B85448540D00,id=a378c862-060f-4c80-8a42-fa0762e0f8c9
2021-09-02 02:25:16,489 [ForkJoinPool.commonPool-worker-0] INFO  impl.RoleInfo (RoleInfo.java:shutdownFollowerState(108)) - a378c862-060f-4c80-8a42-fa0762e0f8c9: shutdown a378c862-060f-4c80-8a42-fa0762e0f8c9@group-B85448540D00-FollowerState
2021-09-02 02:25:16,489 [ForkJoinPool.commonPool-worker-0] INFO  impl.StateMachineUpdater (StateMachineUpdater.java:stopAndJoin(149)) - a378c862-060f-4c80-8a42-fa0762e0f8c9@group-B85448540D00-StateMachineUpdater: set stopIndex = 0
2021-09-02 02:25:16,489 [a378c862-060f-4c80-8a42-fa0762e0f8c9@group-B85448540D00-FollowerState] INFO  impl.FollowerState (FollowerState.java:run(143)) - a378c862-060f-4c80-8a42-fa0762e0f8c9@group-B85448540D00-FollowerState was interrupted: {}
java.lang.InterruptedException: sleep interrupted
	at java.lang.Thread.sleep(Native Method)
	at java.lang.Thread.sleep(Thread.java:340)
	at java.util.concurrent.TimeUnit.sleep(TimeUnit.java:386)
	at org.apache.ratis.util.TimeDuration.sleep(TimeDuration.java:324)
	at org.apache.ratis.util.TimeDuration.sleep(TimeDuration.java:309)
	at org.apache.ratis.server.impl.FollowerState.run(FollowerState.java:118)
2021-09-02 02:25:16,489 [187906f6-3436-4d7b-ba29-fc09579eb1c8@group-D22779799422-StateMachineUpdater] INFO  ratis.ContainerStateMachine (ContainerStateMachine.java:takeSnapshot(303)) - group-D22779799422: Finished taking a snapshot at:(t:5, i:0) file:/home/runner/work/ozone/ozone/hadoop-ozone/integration-test/target/test-dir/MiniOzoneClusterImpl-29bc8a50-871c-4f9e-822f-1a9e32d9d7f8/datanode-4/data/ratis/d6b44281-4388-4f6e-aec4-d22779799422/sm/snapshot.5_0 took: 1 ms
2021-09-02 02:25:16,490 [a378c862-060f-4c80-8a42-fa0762e0f8c9@group-B85448540D00-StateMachineUpdater] INFO  ratis.ContainerStateMachine (ContainerStateMachine.java:takeSnapshot(292)) - group-B85448540D00: Taking a snapshot at:(t:3, i:0) file /home/runner/work/ozone/ozone/hadoop-ozone/integration-test/target/test-dir/MiniOzoneClusterImpl-29bc8a50-871c-4f9e-822f-1a9e32d9d7f8/datanode-1/data/ratis/2454dacd-6beb-41a7-8ffd-b85448540d00/sm/snapshot.3_0
2021-09-02 02:25:16,490 [187906f6-3436-4d7b-ba29-fc09579eb1c8@group-D22779799422-StateMachineUpdater] INFO  impl.StateMachineUpdater (StateMachineUpdater.java:takeSnapshot(281)) - 187906f6-3436-4d7b-ba29-fc09579eb1c8@group-D22779799422-StateMachineUpdater: Took a snapshot at index 0
2021-09-02 02:25:16,490 [187906f6-3436-4d7b-ba29-fc09579eb1c8@group-D22779799422-StateMachineUpdater] INFO  impl.StateMachineUpdater (StateMachineUpdater.java:lambda$new$0(89)) - 187906f6-3436-4d7b-ba29-fc09579eb1c8@group-D22779799422-StateMachineUpdater: snapshotIndex: updateIncreasingly -1 -> 0
2021-09-02 02:25:16,493 [a378c862-060f-4c80-8a42-fa0762e0f8c9@group-B85448540D00-StateMachineUpdater] INFO  ratis.ContainerStateMachine (ContainerStateMachine.java:takeSnapshot(303)) - group-B85448540D00: Finished taking a snapshot at:(t:3, i:0) file:/home/runner/work/ozone/ozone/hadoop-ozone/integration-test/target/test-dir/MiniOzoneClusterImpl-29bc8a50-871c-4f9e-822f-1a9e32d9d7f8/datanode-1/data/ratis/2454dacd-6beb-41a7-8ffd-b85448540d00/sm/snapshot.3_0 took: 4 ms
2021-09-02 02:25:16,493 [a378c862-060f-4c80-8a42-fa0762e0f8c9@group-B85448540D00-StateMachineUpdater] INFO  impl.StateMachineUpdater (StateMachineUpdater.java:takeSnapshot(281)) - a378c862-060f-4c80-8a42-fa0762e0f8c9@group-B85448540D00-StateMachineUpdater: Took a snapshot at index 0
2021-09-02 02:25:16,493 [a378c862-060f-4c80-8a42-fa0762e0f8c9@group-B85448540D00-StateMachineUpdater] INFO  impl.StateMachineUpdater (StateMachineUpdater.java:lambda$new$0(89)) - a378c862-060f-4c80-8a42-fa0762e0f8c9@group-B85448540D00-StateMachineUpdater: snapshotIndex: updateIncreasingly -1 -> 0
2021-09-02 02:25:16,494 [ForkJoinPool.commonPool-worker-0] INFO  server.RaftServer$Division (ServerState.java:close(419)) - a378c862-060f-4c80-8a42-fa0762e0f8c9@group-B85448540D00: closes. applyIndex: 0
2021-09-02 02:25:16,494 [Listener at 127.0.0.1/45645] INFO  server.RaftServer$Division (ServerState.java:close(419)) - 187906f6-3436-4d7b-ba29-fc09579eb1c8@group-D22779799422: closes. applyIndex: 0
2021-09-02 02:25:16,494 [a378c862-060f-4c80-8a42-fa0762e0f8c9@group-B85448540D00-SegmentedRaftLogWorker] INFO  segmented.SegmentedRaftLogWorker (SegmentedRaftLogWorker.java:run(327)) - a378c862-060f-4c80-8a42-fa0762e0f8c9@group-B85448540D00-SegmentedRaftLogWorker was interrupted, exiting. There are 0 tasks remaining in the queue.
2021-09-02 02:25:16,494 [187906f6-3436-4d7b-ba29-fc09579eb1c8@group-D22779799422-SegmentedRaftLogWorker] INFO  segmented.SegmentedRaftLogWorker (SegmentedRaftLogWorker.java:run(327)) - 187906f6-3436-4d7b-ba29-fc09579eb1c8@group-D22779799422-SegmentedRaftLogWorker was interrupted, exiting. There are 0 tasks remaining in the queue.
2021-09-02 02:25:16,505 [ForkJoinPool.commonPool-worker-0] INFO  segmented.SegmentedRaftLogWorker (SegmentedRaftLogWorker.java:close(237)) - a378c862-060f-4c80-8a42-fa0762e0f8c9@group-B85448540D00-SegmentedRaftLogWorker close()
2021-09-02 02:25:16,506 [Listener at 127.0.0.1/45645] INFO  segmented.SegmentedRaftLogWorker (SegmentedRaftLogWorker.java:close(237)) - 187906f6-3436-4d7b-ba29-fc09579eb1c8@group-D22779799422-SegmentedRaftLogWorker close()
2021-09-02 02:25:16,514 [ForkJoinPool.commonPool-worker-0] INFO  server.GrpcService (GrpcService.java:closeImpl(262)) - a378c862-060f-4c80-8a42-fa0762e0f8c9: shutdown server with port 42281 now
2021-09-02 02:25:16,515 [Listener at 127.0.0.1/45645] INFO  server.GrpcService (GrpcService.java:closeImpl(262)) - 187906f6-3436-4d7b-ba29-fc09579eb1c8: shutdown server with port 41159 now
2021-09-02 02:25:16,519 [grpc-default-executor-7] WARN  server.GrpcServerProtocolService (LogUtils.java:warn(122)) - a378c862-060f-4c80-8a42-fa0762e0f8c9: installSnapshot onError, lastRequest: 9fd2e81d-61d0-44de-872c-4ae9b66045fe->a378c862-060f-4c80-8a42-fa0762e0f8c9#1-t3,previous=(t:0, i:0),leaderCommit=0,initializing? true,entries: size=1, first=(t:3, i:0), CONFIGURATIONENTRY: org.apache.ratis.thirdparty.io.grpc.StatusRuntimeException: CANCELLED: client cancelled
2021-09-02 02:25:16,520 [grpc-default-executor-9] WARN  server.GrpcServerProtocolService (LogUtils.java:warn(122)) - 187906f6-3436-4d7b-ba29-fc09579eb1c8: installSnapshot onError, lastRequest: 3c795851-1066-4b85-8bc1-6af36b99c451->187906f6-3436-4d7b-ba29-fc09579eb1c8#1-t5,previous=(t:0, i:0),leaderCommit=-1,initializing? true,entries: size=1, first=(t:5, i:0), CONFIGURATIONENTRY: org.apache.ratis.thirdparty.io.grpc.StatusRuntimeException: CANCELLED: client cancelled
2021-09-02 02:25:16,520 [grpc-default-executor-10] WARN  server.GrpcLogAppender (LogUtils.java:warn(122)) - 3c795851-1066-4b85-8bc1-6af36b99c451@group-D22779799422->187906f6-3436-4d7b-ba29-fc09579eb1c8-AppendLogResponseHandler: Failed appendEntries: org.apache.ratis.thirdparty.io.grpc.StatusRuntimeException: CANCELLED: HTTP/2 error code: CANCEL
Received Rst Stream
2021-09-02 02:25:16,520 [grpc-default-executor-7] WARN  server.GrpcLogAppender (LogUtils.java:warn(122)) - 9fd2e81d-61d0-44de-872c-4ae9b66045fe@group-B85448540D00->a378c862-060f-4c80-8a42-fa0762e0f8c9-AppendLogResponseHandler: Failed appendEntries: org.apache.ratis.thirdparty.io.grpc.StatusRuntimeException: CANCELLED: HTTP/2 error code: CANCEL
Received Rst Stream
2021-09-02 02:25:16,521 [grpc-default-executor-10] WARN  server.GrpcLogAppender (GrpcLogAppender.java:resetClient(111)) - 3c795851-1066-4b85-8bc1-6af36b99c451@group-D22779799422->187906f6-3436-4d7b-ba29-fc09579eb1c8-GrpcLogAppender: Leader has not got in touch with Follower 3c795851-1066-4b85-8bc1-6af36b99c451@group-D22779799422->187906f6-3436-4d7b-ba29-fc09579eb1c8(c0,m0,n1, attendVote=true, lastRpcSendTime=254, lastRpcResponseTime=225) yet, just keep nextIndex unchanged and retry.
2021-09-02 02:25:16,521 [grpc-default-executor-7] WARN  server.GrpcLogAppender (GrpcLogAppender.java:resetClient(111)) - 9fd2e81d-61d0-44de-872c-4ae9b66045fe@group-B85448540D00->a378c862-060f-4c80-8a42-fa0762e0f8c9-GrpcLogAppender: Leader has not got in touch with Follower 9fd2e81d-61d0-44de-872c-4ae9b66045fe@group-B85448540D00->a378c862-060f-4c80-8a42-fa0762e0f8c9(c0,m0,n1, attendVote=true, lastRpcSendTime=2485, lastRpcResponseTime=2485) yet, just keep nextIndex unchanged and retry.
2021-09-02 02:25:16,526 [Listener at 127.0.0.1/45645] INFO  server.GrpcService (GrpcService.java:closeImpl(271)) - 187906f6-3436-4d7b-ba29-fc09579eb1c8: shutdown server with port 41159 successfully
2021-09-02 02:25:16,526 [ForkJoinPool.commonPool-worker-0] INFO  server.GrpcService (GrpcService.java:closeImpl(271)) - a378c862-060f-4c80-8a42-fa0762e0f8c9: shutdown server with port 42281 successfully
2021-09-02 02:25:16,526 [org.apache.ratis.util.JvmPauseMonitor$$Lambda$531/908743333@1277fd60] INFO  util.JvmPauseMonitor (JvmPauseMonitor.java:run(109)) - JvmPauseMonitor-187906f6-3436-4d7b-ba29-fc09579eb1c8: Stopped
2021-09-02 02:25:16,527 [org.apache.ratis.util.JvmPauseMonitor$$Lambda$531/908743333@4af1b09a] INFO  util.JvmPauseMonitor (JvmPauseMonitor.java:run(109)) - JvmPauseMonitor-a378c862-060f-4c80-8a42-fa0762e0f8c9: Stopped
2021-09-02 02:25:16,576 [Listener at 127.0.0.1/45645] INFO  utils.BackgroundService (BackgroundService.java:shutdown(132)) - Shutting down service BlockDeletingService
2021-09-02 02:25:16,606 [grpc-default-executor-10] WARN  server.GrpcLogAppender (LogUtils.java:warn(122)) - 9fd2e81d-61d0-44de-872c-4ae9b66045fe@group-B85448540D00->a378c862-060f-4c80-8a42-fa0762e0f8c9-AppendLogResponseHandler: Failed appendEntries: org.apache.ratis.thirdparty.io.grpc.StatusRuntimeException: UNAVAILABLE: io exception
2021-09-02 02:25:16,606 [grpc-default-executor-10] WARN  server.GrpcLogAppender (GrpcLogAppender.java:resetClient(111)) - 9fd2e81d-61d0-44de-872c-4ae9b66045fe@group-B85448540D00->a378c862-060f-4c80-8a42-fa0762e0f8c9-GrpcLogAppender: Leader has not got in touch with Follower 9fd2e81d-61d0-44de-872c-4ae9b66045fe@group-B85448540D00->a378c862-060f-4c80-8a42-fa0762e0f8c9(c0,m0,n1, attendVote=true, lastRpcSendTime=1, lastRpcResponseTime=2570) yet, just keep nextIndex unchanged and retry.
2021-09-02 02:25:16,672 [ForkJoinPool.commonPool-worker-0] INFO  utils.BackgroundService (BackgroundService.java:shutdown(132)) - Shutting down service BlockDeletingService
2021-09-02 02:25:18,831 [grpc-default-executor-10] WARN  server.GrpcLogAppender (LogUtils.java:warn(122)) - 3c795851-1066-4b85-8bc1-6af36b99c451@group-D22779799422->187906f6-3436-4d7b-ba29-fc09579eb1c8-AppendLogResponseHandler: Failed appendEntries: org.apache.ratis.thirdparty.io.grpc.StatusRuntimeException: UNAVAILABLE: io exception
2021-09-02 02:25:18,831 [grpc-default-executor-10] WARN  server.GrpcLogAppender (GrpcLogAppender.java:resetClient(111)) - 3c795851-1066-4b85-8bc1-6af36b99c451@group-D22779799422->187906f6-3436-4d7b-ba29-fc09579eb1c8-GrpcLogAppender: Leader has not got in touch with Follower 3c795851-1066-4b85-8bc1-6af36b99c451@group-D22779799422->187906f6-3436-4d7b-ba29-fc09579eb1c8(c0,m0,n1, attendVote=true, lastRpcSendTime=2564, lastRpcResponseTime=2535) yet, just keep nextIndex unchanged and retry.
2021-09-02 02:25:19,116 [grpc-default-executor-10] WARN  server.GrpcLogAppender (LogUtils.java:warn(122)) - 9fd2e81d-61d0-44de-872c-4ae9b66045fe@group-B85448540D00->a378c862-060f-4c80-8a42-fa0762e0f8c9-AppendLogResponseHandler: Failed appendEntries: org.apache.ratis.thirdparty.io.grpc.StatusRuntimeException: UNAVAILABLE: io exception
2021-09-02 02:25:19,116 [grpc-default-executor-10] WARN  server.GrpcLogAppender (GrpcLogAppender.java:resetClient(111)) - 9fd2e81d-61d0-44de-872c-4ae9b66045fe@group-B85448540D00->a378c862-060f-4c80-8a42-fa0762e0f8c9-GrpcLogAppender: Leader has not got in touch with Follower 9fd2e81d-61d0-44de-872c-4ae9b66045fe@group-B85448540D00->a378c862-060f-4c80-8a42-fa0762e0f8c9(c0,m0,n1, attendVote=true, lastRpcSendTime=2511, lastRpcResponseTime=5080) yet, just keep nextIndex unchanged and retry.
2021-09-02 02:25:19,761 [Listener at 127.0.0.1/45645] INFO  statemachine.DatanodeStateMachine (DatanodeStateMachine.java:stopDaemon(515)) - Ozone container server stopped.
2021-09-02 02:25:19,762 [Listener at 127.0.0.1/45645] INFO  handler.ContextHandler (ContextHandler.java:doStop(1153)) - Stopped o.e.j.w.WebAppContext@fcf96a7{hddsDatanode,/,null,STOPPED}{jar:file:/home/runner/.m2/repository/org/apache/ozone/hdds-container-service/1.2.0-SNAPSHOT/hdds-container-service-1.2.0-SNAPSHOT.jar!/webapps/hddsDatanode}
2021-09-02 02:25:19,763 [Listener at 127.0.0.1/45645] INFO  server.AbstractConnector (AbstractConnector.java:doStop(381)) - Stopped ServerConnector@2c0773f6{HTTP/1.1, (http/1.1)}{0.0.0.0:0}
2021-09-02 02:25:19,763 [Listener at 127.0.0.1/45645] INFO  server.session (HouseKeeper.java:stopScavenging(149)) - node0 Stopped scavenging
2021-09-02 02:25:19,763 [Listener at 127.0.0.1/45645] INFO  handler.ContextHandler (ContextHandler.java:doStop(1153)) - Stopped o.e.j.s.ServletContextHandler@52973713{static,/static,jar:file:/home/runner/.m2/repository/org/apache/ozone/hdds-container-service/1.2.0-SNAPSHOT/hdds-container-service-1.2.0-SNAPSHOT.jar!/webapps/static,STOPPED}
2021-09-02 02:25:19,763 [Listener at 127.0.0.1/45645] INFO  handler.ContextHandler (ContextHandler.java:doStop(1153)) - Stopped o.e.j.s.ServletContextHandler@152ac876{logs,/logs,file:///home/runner/work/ozone/ozone/hadoop-ozone/integration-test/target/log,STOPPED}
2021-09-02 02:25:19,809 [ForkJoinPool.commonPool-worker-0] INFO  statemachine.DatanodeStateMachine (DatanodeStateMachine.java:stopDaemon(515)) - Ozone container server stopped.
2021-09-02 02:25:19,815 [ForkJoinPool.commonPool-worker-0] INFO  handler.ContextHandler (ContextHandler.java:doStop(1153)) - Stopped o.e.j.w.WebAppContext@ff36b3b{hddsDatanode,/,null,STOPPED}{jar:file:/home/runner/.m2/repository/org/apache/ozone/hdds-container-service/1.2.0-SNAPSHOT/hdds-container-service-1.2.0-SNAPSHOT.jar!/webapps/hddsDatanode}
2021-09-02 02:25:19,817 [ForkJoinPool.commonPool-worker-0] INFO  server.AbstractConnector (AbstractConnector.java:doStop(381)) - Stopped ServerConnector@64ecfebd{HTTP/1.1, (http/1.1)}{0.0.0.0:0}
2021-09-02 02:25:19,817 [ForkJoinPool.commonPool-worker-0] INFO  server.session (HouseKeeper.java:stopScavenging(149)) - node0 Stopped scavenging
2021-09-02 02:25:19,822 [ForkJoinPool.commonPool-worker-0] INFO  handler.ContextHandler (ContextHandler.java:doStop(1153)) - Stopped o.e.j.s.ServletContextHandler@3b155bce{static,/static,jar:file:/home/runner/.m2/repository/org/apache/ozone/hdds-container-service/1.2.0-SNAPSHOT/hdds-container-service-1.2.0-SNAPSHOT.jar!/webapps/static,STOPPED}
2021-09-02 02:25:19,822 [ForkJoinPool.commonPool-worker-0] INFO  handler.ContextHandler (ContextHandler.java:doStop(1153)) - Stopped o.e.j.s.ServletContextHandler@3fa5d2db{logs,/logs,file:///home/runner/work/ozone/ozone/hadoop-ozone/integration-test/target/log,STOPPED}
2021-09-02 02:25:20,005 [Datanode State Machine Thread - 0] INFO  statemachine.DatanodeStateMachine (DatanodeStateMachine.java:lambda$startDaemon$0(457)) - Ozone container server started.
2021-09-02 02:25:20,443 [EventQueue-StaleNodeForStaleNodeHandler] INFO  node.StaleNodeHandler (StaleNodeHandler.java:onMessage(58)) - Datanode 187906f6-3436-4d7b-ba29-fc09579eb1c8{ip: 10.1.0.11, host: fv-az195-103.u3nnjwd0vyge1bu22idnsdeq2e.cx.internal.cloudapp.net, ports: [REPLICATION=45931, RATIS=41159, RATIS_ADMIN=41159, RATIS_SERVER=41159, STANDALONE=44607], networkLocation: /default-rack, certSerialId: null, persistedOpState: IN_SERVICE, persistedOpStateExpiryEpochSec: 0} moved to stale state. Finalizing its pipelines [PipelineID=5a36dfcd-72fc-46b3-9ff7-24bba463e12f, PipelineID=b173e2a2-adb1-490c-9fdd-d6c00a4c7428, PipelineID=d6b44281-4388-4f6e-aec4-d22779799422]
2021-09-02 02:25:20,444 [EventQueue-StaleNodeForStaleNodeHandler] INFO  pipeline.PipelineManagerImpl (PipelineManagerImpl.java:closePipeline(342)) - Pipeline Pipeline[ Id: 5a36dfcd-72fc-46b3-9ff7-24bba463e12f, Nodes: af0a5c91-f714-4dc1-a2f1-efe0e47618a1{ip: 10.1.0.11, host: fv-az195-103.u3nnjwd0vyge1bu22idnsdeq2e.cx.internal.cloudapp.net, ports: [REPLICATION=43217, RATIS=35001, RATIS_ADMIN=35001, RATIS_SERVER=35001, STANDALONE=35895], networkLocation: /default-rack, certSerialId: null, persistedOpState: IN_SERVICE, persistedOpStateExpiryEpochSec: 0}187906f6-3436-4d7b-ba29-fc09579eb1c8{ip: 10.1.0.11, host: fv-az195-103.u3nnjwd0vyge1bu22idnsdeq2e.cx.internal.cloudapp.net, ports: [REPLICATION=45931, RATIS=41159, RATIS_ADMIN=41159, RATIS_SERVER=41159, STANDALONE=44607], networkLocation: /default-rack, certSerialId: null, persistedOpState: IN_SERVICE, persistedOpStateExpiryEpochSec: 0}3c795851-1066-4b85-8bc1-6af36b99c451{ip: 10.1.0.11, host: fv-az195-103.u3nnjwd0vyge1bu22idnsdeq2e.cx.internal.cloudapp.net, ports: [REPLICATION=42663, RATIS=42401, RATIS_ADMIN=42401, RATIS_SERVER=42401, STANDALONE=45997], networkLocation: /default-rack, certSerialId: null, persistedOpState: IN_SERVICE, persistedOpStateExpiryEpochSec: 0}, ReplicationConfig: RATIS/THREE, State:OPEN, leaderId:187906f6-3436-4d7b-ba29-fc09579eb1c8, CreationTimestamp2021-09-02T02:24:20.127Z[Etc/UTC]] moved to CLOSED state
2021-09-02 02:25:20,456 [EventQueue-StaleNodeForStaleNodeHandler] INFO  pipeline.PipelineManagerImpl (PipelineManagerImpl.java:closePipeline(342)) - Pipeline Pipeline[ Id: b173e2a2-adb1-490c-9fdd-d6c00a4c7428, Nodes: 187906f6-3436-4d7b-ba29-fc09579eb1c8{ip: 10.1.0.11, host: fv-az195-103.u3nnjwd0vyge1bu22idnsdeq2e.cx.internal.cloudapp.net, ports: [REPLICATION=45931, RATIS=41159, RATIS_ADMIN=41159, RATIS_SERVER=41159, STANDALONE=44607], networkLocation: /default-rack, certSerialId: null, persistedOpState: IN_SERVICE, persistedOpStateExpiryEpochSec: 0}, ReplicationConfig: RATIS/ONE, State:OPEN, leaderId:187906f6-3436-4d7b-ba29-fc09579eb1c8, CreationTimestamp2021-09-02T02:24:19.422Z[Etc/UTC]] moved to CLOSED state
2021-09-02 02:25:20,456 [EventQueue-StaleNodeForStaleNodeHandler] INFO  pipeline.PipelineManagerImpl (PipelineManagerImpl.java:closePipeline(342)) - Pipeline Pipeline[ Id: d6b44281-4388-4f6e-aec4-d22779799422, Nodes: 3c795851-1066-4b85-8bc1-6af36b99c451{ip: 10.1.0.11, host: fv-az195-103.u3nnjwd0vyge1bu22idnsdeq2e.cx.internal.cloudapp.net, ports: [REPLICATION=42663, RATIS=42401, RATIS_ADMIN=42401, RATIS_SERVER=42401, STANDALONE=45997], networkLocation: /default-rack, certSerialId: null, persistedOpState: IN_SERVICE, persistedOpStateExpiryEpochSec: 0}187906f6-3436-4d7b-ba29-fc09579eb1c8{ip: 10.1.0.11, host: fv-az195-103.u3nnjwd0vyge1bu22idnsdeq2e.cx.internal.cloudapp.net, ports: [REPLICATION=45931, RATIS=41159, RATIS_ADMIN=41159, RATIS_SERVER=41159, STANDALONE=44607], networkLocation: /default-rack, certSerialId: null, persistedOpState: IN_SERVICE, persistedOpStateExpiryEpochSec: 0}af0a5c91-f714-4dc1-a2f1-efe0e47618a1{ip: 10.1.0.11, host: fv-az195-103.u3nnjwd0vyge1bu22idnsdeq2e.cx.internal.cloudapp.net, ports: [REPLICATION=43217, RATIS=35001, RATIS_ADMIN=35001, RATIS_SERVER=35001, STANDALONE=35895], networkLocation: /default-rack, certSerialId: null, persistedOpState: IN_SERVICE, persistedOpStateExpiryEpochSec: 0}, ReplicationConfig: RATIS/THREE, State:OPEN, leaderId:3c795851-1066-4b85-8bc1-6af36b99c451, CreationTimestamp2021-09-02T02:24:20.126Z[Etc/UTC]] moved to CLOSED state
2021-09-02 02:25:20,456 [EventQueue-CloseContainerForCloseContainerEventHandler] INFO  container.CloseContainerEventHandler (CloseContainerEventHandler.java:onMessage(69)) - Close container Event triggered for container : #2
2021-09-02 02:25:20,494 [Datanode State Machine Thread - 0] INFO  statemachine.DatanodeStateMachine (DatanodeStateMachine.java:lambda$startDaemon$0(457)) - Ozone container server started.
2021-09-02 02:25:21,313 [EventQueue-StaleNodeForStaleNodeHandler] INFO  node.StaleNodeHandler (StaleNodeHandler.java:onMessage(58)) - Datanode a378c862-060f-4c80-8a42-fa0762e0f8c9{ip: 10.1.0.11, host: fv-az195-103.u3nnjwd0vyge1bu22idnsdeq2e.cx.internal.cloudapp.net, ports: [REPLICATION=35779, RATIS=42281, RATIS_ADMIN=42281, RATIS_SERVER=42281, STANDALONE=39649], networkLocation: /default-rack, certSerialId: null, persistedOpState: IN_SERVICE, persistedOpStateExpiryEpochSec: 0} moved to stale state. Finalizing its pipelines [PipelineID=ba8af5f1-bfbd-4481-86ec-d3cf43f22c22, PipelineID=b210389a-7593-42c4-b1fe-6c0f8f3dff59, PipelineID=2454dacd-6beb-41a7-8ffd-b85448540d00]
2021-09-02 02:25:21,314 [EventQueue-StaleNodeForStaleNodeHandler] INFO  pipeline.PipelineManagerImpl (PipelineManagerImpl.java:closePipeline(342)) - Pipeline Pipeline[ Id: ba8af5f1-bfbd-4481-86ec-d3cf43f22c22, Nodes: a378c862-060f-4c80-8a42-fa0762e0f8c9{ip: 10.1.0.11, host: fv-az195-103.u3nnjwd0vyge1bu22idnsdeq2e.cx.internal.cloudapp.net, ports: [REPLICATION=35779, RATIS=42281, RATIS_ADMIN=42281, RATIS_SERVER=42281, STANDALONE=39649], networkLocation: /default-rack, certSerialId: null, persistedOpState: IN_SERVICE, persistedOpStateExpiryEpochSec: 0}, ReplicationConfig: RATIS/ONE, State:OPEN, leaderId:a378c862-060f-4c80-8a42-fa0762e0f8c9, CreationTimestamp2021-09-02T02:24:17.213Z[Etc/UTC]] moved to CLOSED state
2021-09-02 02:25:21,314 [EventQueue-StaleNodeForStaleNodeHandler] INFO  pipeline.PipelineManagerImpl (PipelineManagerImpl.java:closePipeline(342)) - Pipeline Pipeline[ Id: b210389a-7593-42c4-b1fe-6c0f8f3dff59, Nodes: a378c862-060f-4c80-8a42-fa0762e0f8c9{ip: 10.1.0.11, host: fv-az195-103.u3nnjwd0vyge1bu22idnsdeq2e.cx.internal.cloudapp.net, ports: [REPLICATION=35779, RATIS=42281, RATIS_ADMIN=42281, RATIS_SERVER=42281, STANDALONE=39649], networkLocation: /default-rack, certSerialId: null, persistedOpState: IN_SERVICE, persistedOpStateExpiryEpochSec: 0}9fd2e81d-61d0-44de-872c-4ae9b66045fe{ip: 10.1.0.11, host: fv-az195-103.u3nnjwd0vyge1bu22idnsdeq2e.cx.internal.cloudapp.net, ports: [REPLICATION=43381, RATIS=34541, RATIS_ADMIN=34541, RATIS_SERVER=34541, STANDALONE=35945], networkLocation: /default-rack, certSerialId: null, persistedOpState: IN_SERVICE, persistedOpStateExpiryEpochSec: 0}12400696-0678-464b-ad01-faef76468be0{ip: 10.1.0.11, host: fv-az195-103.u3nnjwd0vyge1bu22idnsdeq2e.cx.internal.cloudapp.net, ports: [REPLICATION=34965, RATIS=44187, RATIS_ADMIN=44187, RATIS_SERVER=44187, STANDALONE=33307], networkLocation: /default-rack, certSerialId: null, persistedOpState: IN_SERVICE, persistedOpStateExpiryEpochSec: 0}, ReplicationConfig: RATIS/THREE, State:OPEN, leaderId:a378c862-060f-4c80-8a42-fa0762e0f8c9, CreationTimestamp2021-09-02T02:24:17.887Z[Etc/UTC]] moved to CLOSED state
2021-09-02 02:25:21,314 [EventQueue-StaleNodeForStaleNodeHandler] INFO  pipeline.PipelineManagerImpl (PipelineManagerImpl.java:closePipeline(342)) - Pipeline Pipeline[ Id: 2454dacd-6beb-41a7-8ffd-b85448540d00, Nodes: 12400696-0678-464b-ad01-faef76468be0{ip: 10.1.0.11, host: fv-az195-103.u3nnjwd0vyge1bu22idnsdeq2e.cx.internal.cloudapp.net, ports: [REPLICATION=34965, RATIS=44187, RATIS_ADMIN=44187, RATIS_SERVER=44187, STANDALONE=33307], networkLocation: /default-rack, certSerialId: null, persistedOpState: IN_SERVICE, persistedOpStateExpiryEpochSec: 0}9fd2e81d-61d0-44de-872c-4ae9b66045fe{ip: 10.1.0.11, host: fv-az195-103.u3nnjwd0vyge1bu22idnsdeq2e.cx.internal.cloudapp.net, ports: [REPLICATION=43381, RATIS=34541, RATIS_ADMIN=34541, RATIS_SERVER=34541, STANDALONE=35945], networkLocation: /default-rack, certSerialId: null, persistedOpState: IN_SERVICE, persistedOpStateExpiryEpochSec: 0}a378c862-060f-4c80-8a42-fa0762e0f8c9{ip: 10.1.0.11, host: fv-az195-103.u3nnjwd0vyge1bu22idnsdeq2e.cx.internal.cloudapp.net, ports: [REPLICATION=35779, RATIS=42281, RATIS_ADMIN=42281, RATIS_SERVER=42281, STANDALONE=39649], networkLocation: /default-rack, certSerialId: null, persistedOpState: IN_SERVICE, persistedOpStateExpiryEpochSec: 0}, ReplicationConfig: RATIS/THREE, State:OPEN, leaderId:9fd2e81d-61d0-44de-872c-4ae9b66045fe, CreationTimestamp2021-09-02T02:24:17.888Z[Etc/UTC]] moved to CLOSED state
2021-09-02 02:25:21,315 [EventQueue-CloseContainerForCloseContainerEventHandler] INFO  container.CloseContainerEventHandler (CloseContainerEventHandler.java:onMessage(69)) - Close container Event triggered for container : #1
2021-09-02 02:25:21,345 [grpc-default-executor-10] WARN  server.GrpcLogAppender (LogUtils.java:warn(122)) - 3c795851-1066-4b85-8bc1-6af36b99c451@group-D22779799422->187906f6-3436-4d7b-ba29-fc09579eb1c8-AppendLogResponseHandler: Failed appendEntries: org.apache.ratis.thirdparty.io.grpc.StatusRuntimeException: UNAVAILABLE: io exception
2021-09-02 02:25:21,346 [grpc-default-executor-10] WARN  server.GrpcLogAppender (GrpcLogAppender.java:resetClient(111)) - 3c795851-1066-4b85-8bc1-6af36b99c451@group-D22779799422->187906f6-3436-4d7b-ba29-fc09579eb1c8-GrpcLogAppender: Leader has not got in touch with Follower 3c795851-1066-4b85-8bc1-6af36b99c451@group-D22779799422->187906f6-3436-4d7b-ba29-fc09579eb1c8(c0,m0,n1, attendVote=true, lastRpcSendTime=0, lastRpcResponseTime=5050) yet, just keep nextIndex unchanged and retry.
2021-09-02 02:25:21,403 [9fd2e81d-61d0-44de-872c-4ae9b66045fe@group-6C0F8F3DFF59-FollowerState] INFO  impl.FollowerState (FollowerState.java:run(134)) - 9fd2e81d-61d0-44de-872c-4ae9b66045fe@group-6C0F8F3DFF59-FollowerState: change to CANDIDATE, lastRpcElapsedTime:7351578054ns, electionTimeout:5035ms
2021-09-02 02:25:21,403 [9fd2e81d-61d0-44de-872c-4ae9b66045fe@group-6C0F8F3DFF59-FollowerState] INFO  impl.RoleInfo (RoleInfo.java:shutdownFollowerState(108)) - 9fd2e81d-61d0-44de-872c-4ae9b66045fe: shutdown 9fd2e81d-61d0-44de-872c-4ae9b66045fe@group-6C0F8F3DFF59-FollowerState
2021-09-02 02:25:21,403 [9fd2e81d-61d0-44de-872c-4ae9b66045fe@group-6C0F8F3DFF59-FollowerState] INFO  server.RaftServer$Division (RaftServerImpl.java:setRole(285)) - 9fd2e81d-61d0-44de-872c-4ae9b66045fe@group-6C0F8F3DFF59: changes role from  FOLLOWER to CANDIDATE at term 10 for changeToCandidate
2021-09-02 02:25:21,403 [9fd2e81d-61d0-44de-872c-4ae9b66045fe@group-6C0F8F3DFF59-FollowerState] INFO  server.RaftServerConfigKeys (ConfUtils.java:logGet(44)) - raft.server.leaderelection.pre-vote = false (custom)
2021-09-02 02:25:21,403 [9fd2e81d-61d0-44de-872c-4ae9b66045fe@group-6C0F8F3DFF59-FollowerState] INFO  impl.RoleInfo (RoleInfo.java:updateAndGet(130)) - 9fd2e81d-61d0-44de-872c-4ae9b66045fe: start 9fd2e81d-61d0-44de-872c-4ae9b66045fe@group-6C0F8F3DFF59-LeaderElection186
2021-09-02 02:25:21,454 [9fd2e81d-61d0-44de-872c-4ae9b66045fe@group-6C0F8F3DFF59-LeaderElection186] INFO  server.RaftServer$Division (ServerState.java:setLeader(285)) - 9fd2e81d-61d0-44de-872c-4ae9b66045fe@group-6C0F8F3DFF59: change Leader from a378c862-060f-4c80-8a42-fa0762e0f8c9 to null at term 10 for ELECTION
2021-09-02 02:25:21,456 [9fd2e81d-61d0-44de-872c-4ae9b66045fe@group-6C0F8F3DFF59-LeaderElection186] INFO  impl.LeaderElection (LeaderElection.java:askForVotes(306)) - 9fd2e81d-61d0-44de-872c-4ae9b66045fe@group-6C0F8F3DFF59-LeaderElection186 ELECTION round 0: submit vote requests at term 11 for 1: [12400696-0678-464b-ad01-faef76468be0|rpc:10.1.0.11:44187|dataStream:|priority:0, a378c862-060f-4c80-8a42-fa0762e0f8c9|rpc:10.1.0.11:42281|dataStream:|priority:1, 9fd2e81d-61d0-44de-872c-4ae9b66045fe|rpc:10.1.0.11:34541|dataStream:|priority:0], old=null
2021-09-02 02:25:21,511 [9fd2e81d-61d0-44de-872c-4ae9b66045fe@group-6C0F8F3DFF59-LeaderElection186] INFO  impl.LeaderElection (LogUtils.java:infoOrTrace(137)) - 9fd2e81d-61d0-44de-872c-4ae9b66045fe@group-6C0F8F3DFF59-LeaderElection186 got exception when requesting votes: java.util.concurrent.ExecutionException: org.apache.ratis.thirdparty.io.grpc.StatusRuntimeException: UNAVAILABLE: io exception
2021-09-02 02:25:21,564 [grpc-default-executor-10] INFO  server.RaftServer$Division (RaftServerImpl.java:requestVote(1043)) - 12400696-0678-464b-ad01-faef76468be0@group-6C0F8F3DFF59: receive requestVote(ELECTION, 9fd2e81d-61d0-44de-872c-4ae9b66045fe, group-6C0F8F3DFF59, 11, (t:10, i:2))
2021-09-02 02:25:21,565 [grpc-default-executor-10] INFO  impl.VoteContext (VoteContext.java:log(48)) - 12400696-0678-464b-ad01-faef76468be0@group-6C0F8F3DFF59-FOLLOWER: accept ELECTION from 9fd2e81d-61d0-44de-872c-4ae9b66045fe: our priority 0 <= candidate's priority 0
2021-09-02 02:25:21,565 [grpc-default-executor-10] INFO  server.RaftServer$Division (ServerState.java:setLeader(285)) - 12400696-0678-464b-ad01-faef76468be0@group-6C0F8F3DFF59: change Leader from a378c862-060f-4c80-8a42-fa0762e0f8c9 to null at term 11 for updateCurrentTerm
2021-09-02 02:25:21,565 [grpc-default-executor-10] INFO  server.RaftServer$Division (RaftServerImpl.java:setRole(285)) - 12400696-0678-464b-ad01-faef76468be0@group-6C0F8F3DFF59: changes role from  FOLLOWER to FOLLOWER at term 11 for candidate:9fd2e81d-61d0-44de-872c-4ae9b66045fe
2021-09-02 02:25:21,565 [grpc-default-executor-10] INFO  impl.RoleInfo (RoleInfo.java:shutdownFollowerState(108)) - 12400696-0678-464b-ad01-faef76468be0: shutdown 12400696-0678-464b-ad01-faef76468be0@group-6C0F8F3DFF59-FollowerState
2021-09-02 02:25:21,565 [grpc-default-executor-10] INFO  impl.RoleInfo (RoleInfo.java:updateAndGet(130)) - 12400696-0678-464b-ad01-faef76468be0: start 12400696-0678-464b-ad01-faef76468be0@group-6C0F8F3DFF59-FollowerState
2021-09-02 02:25:21,565 [12400696-0678-464b-ad01-faef76468be0@group-6C0F8F3DFF59-FollowerState] INFO  impl.FollowerState (FollowerState.java:run(143)) - 12400696-0678-464b-ad01-faef76468be0@group-6C0F8F3DFF59-FollowerState was interrupted: {}
java.lang.InterruptedException: sleep interrupted
	at java.lang.Thread.sleep(Native Method)
	at java.lang.Thread.sleep(Thread.java:340)
	at java.util.concurrent.TimeUnit.sleep(TimeUnit.java:386)
	at org.apache.ratis.util.TimeDuration.sleep(TimeDuration.java:324)
	at org.apache.ratis.util.TimeDuration.sleep(TimeDuration.java:309)
	at org.apache.ratis.server.impl.FollowerState.run(FollowerState.java:118)
2021-09-02 02:25:21,579 [grpc-default-executor-10] INFO  server.RaftServer$Division (RaftServerImpl.java:requestVote(1075)) - 12400696-0678-464b-ad01-faef76468be0@group-6C0F8F3DFF59 replies to ELECTION vote request: 9fd2e81d-61d0-44de-872c-4ae9b66045fe<-12400696-0678-464b-ad01-faef76468be0#0:OK-t11. Peer's state: 12400696-0678-464b-ad01-faef76468be0@group-6C0F8F3DFF59:t11, leader=null, voted=9fd2e81d-61d0-44de-872c-4ae9b66045fe, raftlog=12400696-0678-464b-ad01-faef76468be0@group-6C0F8F3DFF59-SegmentedRaftLog:OPENED:c2,f2,i2, conf=1: [12400696-0678-464b-ad01-faef76468be0|rpc:10.1.0.11:44187|dataStream:|priority:0, a378c862-060f-4c80-8a42-fa0762e0f8c9|rpc:10.1.0.11:42281|dataStream:|priority:1, 9fd2e81d-61d0-44de-872c-4ae9b66045fe|rpc:10.1.0.11:34541|dataStream:|priority:0], old=null
2021-09-02 02:25:21,580 [9fd2e81d-61d0-44de-872c-4ae9b66045fe@group-6C0F8F3DFF59-LeaderElection186] INFO  impl.LeaderElection (LeaderElection.java:logAndReturn(89)) - 9fd2e81d-61d0-44de-872c-4ae9b66045fe@group-6C0F8F3DFF59-LeaderElection186: ELECTION PASSED received 1 response(s) and 1 exception(s):
2021-09-02 02:25:21,580 [9fd2e81d-61d0-44de-872c-4ae9b66045fe@group-6C0F8F3DFF59-LeaderElection186] INFO  impl.LeaderElection (LeaderElection.java:logAndReturn(93)) -   Response 0: 9fd2e81d-61d0-44de-872c-4ae9b66045fe<-12400696-0678-464b-ad01-faef76468be0#0:OK-t11
2021-09-02 02:25:21,580 [9fd2e81d-61d0-44de-872c-4ae9b66045fe@group-6C0F8F3DFF59-LeaderElection186] INFO  impl.LeaderElection (LogUtils.java:infoOrTrace(137)) -   Exception 1: java.util.concurrent.ExecutionException: org.apache.ratis.thirdparty.io.grpc.StatusRuntimeException: UNAVAILABLE: io exception
2021-09-02 02:25:21,580 [9fd2e81d-61d0-44de-872c-4ae9b66045fe@group-6C0F8F3DFF59-LeaderElection186] INFO  impl.LeaderElection (LeaderElection.java:askForVotes(308)) - 9fd2e81d-61d0-44de-872c-4ae9b66045fe@group-6C0F8F3DFF59-LeaderElection186 ELECTION round 0: result PASSED
2021-09-02 02:25:21,580 [9fd2e81d-61d0-44de-872c-4ae9b66045fe@group-6C0F8F3DFF59-LeaderElection186] INFO  impl.RoleInfo (RoleInfo.java:shutdownLeaderElection(121)) - 9fd2e81d-61d0-44de-872c-4ae9b66045fe: shutdown 9fd2e81d-61d0-44de-872c-4ae9b66045fe@group-6C0F8F3DFF59-LeaderElection186
2021-09-02 02:25:21,580 [9fd2e81d-61d0-44de-872c-4ae9b66045fe@group-6C0F8F3DFF59-LeaderElection186] INFO  server.RaftServer$Division (RaftServerImpl.java:setRole(285)) - 9fd2e81d-61d0-44de-872c-4ae9b66045fe@group-6C0F8F3DFF59: changes role from CANDIDATE to LEADER at term 11 for changeToLeader
2021-09-02 02:25:21,580 [9fd2e81d-61d0-44de-872c-4ae9b66045fe@group-6C0F8F3DFF59-LeaderElection186] INFO  ratis.XceiverServerRatis (XceiverServerRatis.java:handleLeaderChangedNotification(861)) - Leader change notification received for group: group-6C0F8F3DFF59 with new leaderId: 9fd2e81d-61d0-44de-872c-4ae9b66045fe
2021-09-02 02:25:21,580 [9fd2e81d-61d0-44de-872c-4ae9b66045fe@group-6C0F8F3DFF59-LeaderElection186] INFO  server.RaftServer$Division (ServerState.java:setLeader(285)) - 9fd2e81d-61d0-44de-872c-4ae9b66045fe@group-6C0F8F3DFF59: change Leader from null to 9fd2e81d-61d0-44de-872c-4ae9b66045fe at term 11 for becomeLeader, leader elected after 126ms
2021-09-02 02:25:21,580 [9fd2e81d-61d0-44de-872c-4ae9b66045fe@group-6C0F8F3DFF59-LeaderElection186] INFO  server.RaftServerConfigKeys (ConfUtils.java:logGet(44)) - raft.server.staging.catchup.gap = 1000 (default)
2021-09-02 02:25:21,580 [9fd2e81d-61d0-44de-872c-4ae9b66045fe@group-6C0F8F3DFF59-LeaderElection186] INFO  server.RaftServerConfigKeys (ConfUtils.java:logGet(44)) - raft.server.write.element-limit = 1024 (custom)
2021-09-02 02:25:21,581 [9fd2e81d-61d0-44de-872c-4ae9b66045fe@group-6C0F8F3DFF59-LeaderElection186] INFO  server.RaftServerConfigKeys (ConfUtils.java:logGet(44)) - raft.server.write.byte-limit = 1024 M (=1073741824) (custom)
2021-09-02 02:25:21,581 [9fd2e81d-61d0-44de-872c-4ae9b66045fe@group-6C0F8F3DFF59-LeaderElection186] INFO  server.RaftServerConfigKeys (ConfUtils.java:logGet(44)) - raft.server.watch.timeout = 3000ms (custom)
2021-09-02 02:25:21,581 [9fd2e81d-61d0-44de-872c-4ae9b66045fe@group-6C0F8F3DFF59-LeaderElection186] INFO  server.RaftServerConfigKeys (ConfUtils.java:logGet(44)) - raft.server.watch.timeout.denomination = 1s (default)
2021-09-02 02:25:21,581 [9fd2e81d-61d0-44de-872c-4ae9b66045fe@group-6C0F8F3DFF59-LeaderElection186] INFO  server.RaftServerConfigKeys (ConfUtils.java:logGet(44)) - raft.server.watch.element-limit = 65536 (default)
2021-09-02 02:25:21,581 [9fd2e81d-61d0-44de-872c-4ae9b66045fe@group-6C0F8F3DFF59-LeaderElection186] INFO  server.RaftServerConfigKeys (ConfUtils.java:logGet(44)) - raft.server.log.appender.snapshot.chunk.size.max = 16MB (=16777216) (default)
2021-09-02 02:25:21,581 [9fd2e81d-61d0-44de-872c-4ae9b66045fe@group-6C0F8F3DFF59-LeaderElection186] INFO  server.RaftServerConfigKeys (ConfUtils.java:logGet(44)) - raft.server.log.appender.buffer.byte-limit = 33554432 (custom)
2021-09-02 02:25:21,581 [9fd2e81d-61d0-44de-872c-4ae9b66045fe@group-6C0F8F3DFF59-LeaderElection186] INFO  server.RaftServerConfigKeys (ConfUtils.java:logGet(44)) - raft.server.log.appender.buffer.element-limit = 1 (custom)
2021-09-02 02:25:21,581 [9fd2e81d-61d0-44de-872c-4ae9b66045fe@group-6C0F8F3DFF59-LeaderElection186] INFO  grpc.GrpcConfigKeys (ConfUtils.java:logGet(44)) - raft.grpc.server.leader.outstanding.appends.max = 128 (default)
2021-09-02 02:25:21,582 [9fd2e81d-61d0-44de-872c-4ae9b66045fe@group-6C0F8F3DFF59-LeaderElection186] INFO  server.RaftServerConfigKeys (ConfUtils.java:logGet(44)) - raft.server.rpc.request.timeout = 3000ms (default)
2021-09-02 02:25:21,582 [9fd2e81d-61d0-44de-872c-4ae9b66045fe@group-6C0F8F3DFF59-LeaderElection186] INFO  server.RaftServerConfigKeys (ConfUtils.java:logGet(44)) - raft.server.log.appender.install.snapshot.enabled = false (custom)
2021-09-02 02:25:21,584 [9fd2e81d-61d0-44de-872c-4ae9b66045fe@group-6C0F8F3DFF59-LeaderElection186] INFO  server.RaftServerConfigKeys (ConfUtils.java:logGet(44)) - raft.server.log.appender.snapshot.chunk.size.max = 16MB (=16777216) (default)
2021-09-02 02:25:21,584 [9fd2e81d-61d0-44de-872c-4ae9b66045fe@group-6C0F8F3DFF59-LeaderElection186] INFO  server.RaftServerConfigKeys (ConfUtils.java:logGet(44)) - raft.server.log.appender.buffer.byte-limit = 33554432 (custom)
2021-09-02 02:25:21,584 [9fd2e81d-61d0-44de-872c-4ae9b66045fe@group-6C0F8F3DFF59-LeaderElection186] INFO  server.RaftServerConfigKeys (ConfUtils.java:logGet(44)) - raft.server.log.appender.buffer.element-limit = 1 (custom)
2021-09-02 02:25:21,584 [9fd2e81d-61d0-44de-872c-4ae9b66045fe@group-6C0F8F3DFF59-LeaderElection186] INFO  grpc.GrpcConfigKeys (ConfUtils.java:logGet(44)) - raft.grpc.server.leader.outstanding.appends.max = 128 (default)
2021-09-02 02:25:21,584 [9fd2e81d-61d0-44de-872c-4ae9b66045fe@group-6C0F8F3DFF59-LeaderElection186] INFO  server.RaftServerConfigKeys (ConfUtils.java:logGet(44)) - raft.server.rpc.request.timeout = 3000ms (default)
2021-09-02 02:25:21,584 [9fd2e81d-61d0-44de-872c-4ae9b66045fe@group-6C0F8F3DFF59-LeaderElection186] INFO  server.RaftServerConfigKeys (ConfUtils.java:logGet(44)) - raft.server.log.appender.install.snapshot.enabled = false (custom)
2021-09-02 02:25:21,602 [9fd2e81d-61d0-44de-872c-4ae9b66045fe@group-6C0F8F3DFF59-LeaderElection186] INFO  impl.RoleInfo (RoleInfo.java:updateAndGet(130)) - 9fd2e81d-61d0-44de-872c-4ae9b66045fe: start 9fd2e81d-61d0-44de-872c-4ae9b66045fe@group-6C0F8F3DFF59-LeaderStateImpl
2021-09-02 02:25:21,603 [9fd2e81d-61d0-44de-872c-4ae9b66045fe@group-6C0F8F3DFF59-LeaderElection186] INFO  segmented.SegmentedRaftLogWorker (SegmentedRaftLogWorker.java:rollLogSegment(399)) - 9fd2e81d-61d0-44de-872c-4ae9b66045fe@group-6C0F8F3DFF59-SegmentedRaftLogWorker: Rolling segment log-1_2 to index:2
2021-09-02 02:25:21,603 [9fd2e81d-61d0-44de-872c-4ae9b66045fe@group-6C0F8F3DFF59-SegmentedRaftLogWorker] INFO  segmented.SegmentedRaftLogWorker (SegmentedRaftLogWorker.java:execute(558)) - 9fd2e81d-61d0-44de-872c-4ae9b66045fe@group-6C0F8F3DFF59-SegmentedRaftLogWorker: Rolled log segment from /home/runner/work/ozone/ozone/hadoop-ozone/integration-test/target/test-dir/MiniOzoneClusterImpl-29bc8a50-871c-4f9e-822f-1a9e32d9d7f8/datanode-2/data/ratis/b210389a-7593-42c4-b1fe-6c0f8f3dff59/current/log_inprogress_1 to /home/runner/work/ozone/ozone/hadoop-ozone/integration-test/target/test-dir/MiniOzoneClusterImpl-29bc8a50-871c-4f9e-822f-1a9e32d9d7f8/datanode-2/data/ratis/b210389a-7593-42c4-b1fe-6c0f8f3dff59/current/log_1-2
2021-09-02 02:25:21,610 [9fd2e81d-61d0-44de-872c-4ae9b66045fe@group-6C0F8F3DFF59-SegmentedRaftLogWorker] INFO  segmented.SegmentedRaftLogWorker (SegmentedRaftLogWorker.java:execute(601)) - 9fd2e81d-61d0-44de-872c-4ae9b66045fe@group-6C0F8F3DFF59-SegmentedRaftLogWorker: created new log segment /home/runner/work/ozone/ozone/hadoop-ozone/integration-test/target/test-dir/MiniOzoneClusterImpl-29bc8a50-871c-4f9e-822f-1a9e32d9d7f8/datanode-2/data/ratis/b210389a-7593-42c4-b1fe-6c0f8f3dff59/current/log_inprogress_3
2021-09-02 02:25:21,656 [grpc-default-executor-10] WARN  server.GrpcLogAppender (LogUtils.java:warn(122)) - 9fd2e81d-61d0-44de-872c-4ae9b66045fe@group-B85448540D00->a378c862-060f-4c80-8a42-fa0762e0f8c9-AppendLogResponseHandler: Failed appendEntries: org.apache.ratis.thirdparty.io.grpc.StatusRuntimeException: UNAVAILABLE: io exception
2021-09-02 02:25:21,657 [grpc-default-executor-10] WARN  server.GrpcLogAppender (GrpcLogAppender.java:resetClient(111)) - 9fd2e81d-61d0-44de-872c-4ae9b66045fe@group-B85448540D00->a378c862-060f-4c80-8a42-fa0762e0f8c9-GrpcLogAppender: Leader has not got in touch with Follower 9fd2e81d-61d0-44de-872c-4ae9b66045fe@group-B85448540D00->a378c862-060f-4c80-8a42-fa0762e0f8c9(c0,m0,n1, attendVote=true, lastRpcSendTime=2540, lastRpcResponseTime=7620) yet, just keep nextIndex unchanged and retry.
2021-09-02 02:25:21,674 [grpc-default-executor-10] INFO  ratis.XceiverServerRatis (XceiverServerRatis.java:handleLeaderChangedNotification(861)) - Leader change notification received for group: group-6C0F8F3DFF59 with new leaderId: 9fd2e81d-61d0-44de-872c-4ae9b66045fe
2021-09-02 02:25:21,675 [grpc-default-executor-10] INFO  server.RaftServer$Division (ServerState.java:setLeader(285)) - 12400696-0678-464b-ad01-faef76468be0@group-6C0F8F3DFF59: change Leader from null to 9fd2e81d-61d0-44de-872c-4ae9b66045fe at term 11 for appendEntries, leader elected after 109ms
2021-09-02 02:25:21,677 [9fd2e81d-61d0-44de-872c-4ae9b66045fe@group-6C0F8F3DFF59-LeaderElection186] INFO  server.RaftServer$Division (ServerState.java:setRaftConf(387)) - 9fd2e81d-61d0-44de-872c-4ae9b66045fe@group-6C0F8F3DFF59: set configuration 3: [12400696-0678-464b-ad01-faef76468be0|rpc:10.1.0.11:44187|dataStream:|priority:0, a378c862-060f-4c80-8a42-fa0762e0f8c9|rpc:10.1.0.11:42281|dataStream:|priority:1, 9fd2e81d-61d0-44de-872c-4ae9b66045fe|rpc:10.1.0.11:34541|dataStream:|priority:0], old=null
2021-09-02 02:25:21,678 [grpc-default-executor-7] WARN  server.GrpcLogAppender (LogUtils.java:warn(122)) - 9fd2e81d-61d0-44de-872c-4ae9b66045fe@group-6C0F8F3DFF59->a378c862-060f-4c80-8a42-fa0762e0f8c9-AppendLogResponseHandler: Failed appendEntries: org.apache.ratis.thirdparty.io.grpc.StatusRuntimeException: UNAVAILABLE: io exception
2021-09-02 02:25:21,684 [grpc-default-executor-7] WARN  server.GrpcLogAppender (GrpcLogAppender.java:resetClient(111)) - 9fd2e81d-61d0-44de-872c-4ae9b66045fe@group-6C0F8F3DFF59->a378c862-060f-4c80-8a42-fa0762e0f8c9-GrpcLogAppender: Leader has not got in touch with Follower 9fd2e81d-61d0-44de-872c-4ae9b66045fe@group-6C0F8F3DFF59->a378c862-060f-4c80-8a42-fa0762e0f8c9(c-1,m0,n4, attendVote=true, lastRpcSendTime=5, lastRpcResponseTime=5302) yet, just keep nextIndex unchanged and retry.
2021-09-02 02:25:21,738 [grpc-default-executor-7] INFO  server.RaftServer$Division (ServerState.java:setRaftConf(387)) - 12400696-0678-464b-ad01-faef76468be0@group-6C0F8F3DFF59: set configuration 3: [12400696-0678-464b-ad01-faef76468be0|rpc:10.1.0.11:44187|dataStream:|priority:0, a378c862-060f-4c80-8a42-fa0762e0f8c9|rpc:10.1.0.11:42281|dataStream:|priority:1, 9fd2e81d-61d0-44de-872c-4ae9b66045fe|rpc:10.1.0.11:34541|dataStream:|priority:0], old=null
2021-09-02 02:25:21,738 [grpc-default-executor-7] INFO  segmented.SegmentedRaftLogWorker (SegmentedRaftLogWorker.java:rollLogSegment(399)) - 12400696-0678-464b-ad01-faef76468be0@group-6C0F8F3DFF59-SegmentedRaftLogWorker: Rolling segment log-1_2 to index:2
2021-09-02 02:25:21,763 [12400696-0678-464b-ad01-faef76468be0@group-6C0F8F3DFF59-SegmentedRaftLogWorker] INFO  segmented.SegmentedRaftLogWorker (SegmentedRaftLogWorker.java:execute(558)) - 12400696-0678-464b-ad01-faef76468be0@group-6C0F8F3DFF59-SegmentedRaftLogWorker: Rolled log segment from /home/runner/work/ozone/ozone/hadoop-ozone/integration-test/target/test-dir/MiniOzoneClusterImpl-29bc8a50-871c-4f9e-822f-1a9e32d9d7f8/datanode-0/data/ratis/b210389a-7593-42c4-b1fe-6c0f8f3dff59/current/log_inprogress_1 to /home/runner/work/ozone/ozone/hadoop-ozone/integration-test/target/test-dir/MiniOzoneClusterImpl-29bc8a50-871c-4f9e-822f-1a9e32d9d7f8/datanode-0/data/ratis/b210389a-7593-42c4-b1fe-6c0f8f3dff59/current/log_1-2
2021-09-02 02:25:21,765 [12400696-0678-464b-ad01-faef76468be0@group-6C0F8F3DFF59-SegmentedRaftLogWorker] INFO  segmented.SegmentedRaftLogWorker (SegmentedRaftLogWorker.java:execute(601)) - 12400696-0678-464b-ad01-faef76468be0@group-6C0F8F3DFF59-SegmentedRaftLogWorker: created new log segment /home/runner/work/ozone/ozone/hadoop-ozone/integration-test/target/test-dir/MiniOzoneClusterImpl-29bc8a50-871c-4f9e-822f-1a9e32d9d7f8/datanode-0/data/ratis/b210389a-7593-42c4-b1fe-6c0f8f3dff59/current/log_inprogress_3
2021-09-02 02:25:21,821 [grpc-default-executor-7] WARN  server.GrpcLogAppender (LogUtils.java:warn(122)) - 9fd2e81d-61d0-44de-872c-4ae9b66045fe@group-6C0F8F3DFF59->a378c862-060f-4c80-8a42-fa0762e0f8c9-AppendLogResponseHandler: Failed appendEntries: org.apache.ratis.thirdparty.io.grpc.StatusRuntimeException: UNAVAILABLE: io exception
2021-09-02 02:25:21,822 [grpc-default-executor-7] WARN  server.GrpcLogAppender (GrpcLogAppender.java:resetClient(111)) - 9fd2e81d-61d0-44de-872c-4ae9b66045fe@group-6C0F8F3DFF59->a378c862-060f-4c80-8a42-fa0762e0f8c9-GrpcLogAppender: Leader has not got in touch with Follower 9fd2e81d-61d0-44de-872c-4ae9b66045fe@group-6C0F8F3DFF59->a378c862-060f-4c80-8a42-fa0762e0f8c9(c-1,m0,n5, attendVote=true, lastRpcSendTime=0, lastRpcResponseTime=5440) yet, just keep nextIndex unchanged and retry.
2021-09-02 02:25:23,873 [grpc-default-executor-7] WARN  server.GrpcLogAppender (LogUtils.java:warn(122)) - 3c795851-1066-4b85-8bc1-6af36b99c451@group-D22779799422->187906f6-3436-4d7b-ba29-fc09579eb1c8-AppendLogResponseHandler: Failed appendEntries: org.apache.ratis.thirdparty.io.grpc.StatusRuntimeException: UNAVAILABLE: io exception
2021-09-02 02:25:23,874 [grpc-default-executor-7] WARN  server.GrpcLogAppender (GrpcLogAppender.java:resetClient(111)) - 3c795851-1066-4b85-8bc1-6af36b99c451@group-D22779799422->187906f6-3436-4d7b-ba29-fc09579eb1c8-GrpcLogAppender: Leader has not got in touch with Follower 3c795851-1066-4b85-8bc1-6af36b99c451@group-D22779799422->187906f6-3436-4d7b-ba29-fc09579eb1c8(c0,m0,n1, attendVote=true, lastRpcSendTime=2528, lastRpcResponseTime=7578) yet, just keep nextIndex unchanged and retry.
2021-09-02 02:25:23,889 [Command processor thread] ERROR commandhandler.CloseContainerCommandHandler (CloseContainerCommandHandler.java:handle(85)) - Container #1 does not exist in datanode. Container close failed.
2021-09-02 02:25:23,937 [3c795851-1066-4b85-8bc1-6af36b99c451@group-24BBA463E12F-FollowerState] INFO  impl.FollowerState (FollowerState.java:run(134)) - 3c795851-1066-4b85-8bc1-6af36b99c451@group-24BBA463E12F-FollowerState: change to CANDIDATE, lastRpcElapsedTime:7958253380ns, electionTimeout:5041ms
2021-09-02 02:25:23,937 [3c795851-1066-4b85-8bc1-6af36b99c451@group-24BBA463E12F-FollowerState] INFO  impl.RoleInfo (RoleInfo.java:shutdownFollowerState(108)) - 3c795851-1066-4b85-8bc1-6af36b99c451: shutdown 3c795851-1066-4b85-8bc1-6af36b99c451@group-24BBA463E12F-FollowerState
2021-09-02 02:25:23,937 [3c795851-1066-4b85-8bc1-6af36b99c451@group-24BBA463E12F-FollowerState] INFO  server.RaftServer$Division (RaftServerImpl.java:setRole(285)) - 3c795851-1066-4b85-8bc1-6af36b99c451@group-24BBA463E12F: changes role from  FOLLOWER to CANDIDATE at term 3 for changeToCandidate
2021-09-02 02:25:23,943 [3c795851-1066-4b85-8bc1-6af36b99c451@group-24BBA463E12F-FollowerState] INFO  server.RaftServerConfigKeys (ConfUtils.java:logGet(44)) - raft.server.leaderelection.pre-vote = false (custom)
2021-09-02 02:25:23,943 [3c795851-1066-4b85-8bc1-6af36b99c451@group-24BBA463E12F-FollowerState] INFO  impl.RoleInfo (RoleInfo.java:updateAndGet(130)) - 3c795851-1066-4b85-8bc1-6af36b99c451: start 3c795851-1066-4b85-8bc1-6af36b99c451@group-24BBA463E12F-LeaderElection187
2021-09-02 02:25:23,970 [3c795851-1066-4b85-8bc1-6af36b99c451@group-24BBA463E12F-LeaderElection187] INFO  server.RaftServer$Division (ServerState.java:setLeader(285)) - 3c795851-1066-4b85-8bc1-6af36b99c451@group-24BBA463E12F: change Leader from 187906f6-3436-4d7b-ba29-fc09579eb1c8 to null at term 3 for ELECTION
2021-09-02 02:25:23,996 [3c795851-1066-4b85-8bc1-6af36b99c451@group-24BBA463E12F-LeaderElection187] INFO  impl.LeaderElection (LeaderElection.java:askForVotes(306)) - 3c795851-1066-4b85-8bc1-6af36b99c451@group-24BBA463E12F-LeaderElection187 ELECTION round 0: submit vote requests at term 4 for 0: [3c795851-1066-4b85-8bc1-6af36b99c451|rpc:10.1.0.11:42401|dataStream:|priority:0, af0a5c91-f714-4dc1-a2f1-efe0e47618a1|rpc:10.1.0.11:35001|dataStream:|priority:0, 187906f6-3436-4d7b-ba29-fc09579eb1c8|rpc:10.1.0.11:41159|dataStream:|priority:1], old=null
2021-09-02 02:25:24,032 [grpc-default-executor-7] INFO  server.RaftServer$Division (RaftServerImpl.java:requestVote(1043)) - af0a5c91-f714-4dc1-a2f1-efe0e47618a1@group-24BBA463E12F: receive requestVote(ELECTION, 3c795851-1066-4b85-8bc1-6af36b99c451, group-24BBA463E12F, 4, (t:3, i:12))
2021-09-02 02:25:24,032 [grpc-default-executor-7] INFO  impl.VoteContext (VoteContext.java:log(48)) - af0a5c91-f714-4dc1-a2f1-efe0e47618a1@group-24BBA463E12F-FOLLOWER: accept ELECTION from 3c795851-1066-4b85-8bc1-6af36b99c451: our priority 0 <= candidate's priority 0
2021-09-02 02:25:24,032 [grpc-default-executor-7] INFO  server.RaftServer$Division (ServerState.java:setLeader(285)) - af0a5c91-f714-4dc1-a2f1-efe0e47618a1@group-24BBA463E12F: change Leader from 187906f6-3436-4d7b-ba29-fc09579eb1c8 to null at term 4 for updateCurrentTerm
2021-09-02 02:25:24,032 [grpc-default-executor-7] INFO  server.RaftServer$Division (RaftServerImpl.java:setRole(285)) - af0a5c91-f714-4dc1-a2f1-efe0e47618a1@group-24BBA463E12F: changes role from  FOLLOWER to FOLLOWER at term 4 for candidate:3c795851-1066-4b85-8bc1-6af36b99c451
2021-09-02 02:25:24,032 [grpc-default-executor-7] INFO  impl.RoleInfo (RoleInfo.java:shutdownFollowerState(108)) - af0a5c91-f714-4dc1-a2f1-efe0e47618a1: shutdown af0a5c91-f714-4dc1-a2f1-efe0e47618a1@group-24BBA463E12F-FollowerState
2021-09-02 02:25:24,032 [grpc-default-executor-7] INFO  impl.RoleInfo (RoleInfo.java:updateAndGet(130)) - af0a5c91-f714-4dc1-a2f1-efe0e47618a1: start af0a5c91-f714-4dc1-a2f1-efe0e47618a1@group-24BBA463E12F-FollowerState
2021-09-02 02:25:24,032 [af0a5c91-f714-4dc1-a2f1-efe0e47618a1@group-24BBA463E12F-FollowerState] INFO  impl.FollowerState (FollowerState.java:run(143)) - af0a5c91-f714-4dc1-a2f1-efe0e47618a1@group-24BBA463E12F-FollowerState was interrupted: {}
java.lang.InterruptedException: sleep interrupted
	at java.lang.Thread.sleep(Native Method)
	at java.lang.Thread.sleep(Thread.java:340)
	at java.util.concurrent.TimeUnit.sleep(TimeUnit.java:386)
	at org.apache.ratis.util.TimeDuration.sleep(TimeDuration.java:324)
	at org.apache.ratis.util.TimeDuration.sleep(TimeDuration.java:309)
	at org.apache.ratis.server.impl.FollowerState.run(FollowerState.java:118)
2021-09-02 02:25:24,040 [3c795851-1066-4b85-8bc1-6af36b99c451@group-24BBA463E12F-LeaderElection187] INFO  impl.LeaderElection (LogUtils.java:infoOrTrace(137)) - 3c795851-1066-4b85-8bc1-6af36b99c451@group-24BBA463E12F-LeaderElection187 got exception when requesting votes: java.util.concurrent.ExecutionException: org.apache.ratis.thirdparty.io.grpc.StatusRuntimeException: UNAVAILABLE: io exception
2021-09-02 02:25:24,047 [grpc-default-executor-7] INFO  server.RaftServer$Division (RaftServerImpl.java:requestVote(1075)) - af0a5c91-f714-4dc1-a2f1-efe0e47618a1@group-24BBA463E12F replies to ELECTION vote request: 3c795851-1066-4b85-8bc1-6af36b99c451<-af0a5c91-f714-4dc1-a2f1-efe0e47618a1#0:OK-t4. Peer's state: af0a5c91-f714-4dc1-a2f1-efe0e47618a1@group-24BBA463E12F:t4, leader=null, voted=3c795851-1066-4b85-8bc1-6af36b99c451, raftlog=af0a5c91-f714-4dc1-a2f1-efe0e47618a1@group-24BBA463E12F-SegmentedRaftLog:OPENED:c12,f12,i12, conf=0: [3c795851-1066-4b85-8bc1-6af36b99c451|rpc:10.1.0.11:42401|dataStream:|priority:0, af0a5c91-f714-4dc1-a2f1-efe0e47618a1|rpc:10.1.0.11:35001|dataStream:|priority:0, 187906f6-3436-4d7b-ba29-fc09579eb1c8|rpc:10.1.0.11:41159|dataStream:|priority:1], old=null
2021-09-02 02:25:24,050 [3c795851-1066-4b85-8bc1-6af36b99c451@group-24BBA463E12F-LeaderElection187] INFO  impl.LeaderElection (LeaderElection.java:logAndReturn(89)) - 3c795851-1066-4b85-8bc1-6af36b99c451@group-24BBA463E12F-LeaderElection187: ELECTION PASSED received 1 response(s) and 1 exception(s):
2021-09-02 02:25:24,050 [3c795851-1066-4b85-8bc1-6af36b99c451@group-24BBA463E12F-LeaderElection187] INFO  impl.LeaderElection (LeaderElection.java:logAndReturn(93)) -   Response 0: 3c795851-1066-4b85-8bc1-6af36b99c451<-af0a5c91-f714-4dc1-a2f1-efe0e47618a1#0:OK-t4
2021-09-02 02:25:24,050 [3c795851-1066-4b85-8bc1-6af36b99c451@group-24BBA463E12F-LeaderElection187] INFO  impl.LeaderElection (LogUtils.java:infoOrTrace(137)) -   Exception 1: java.util.concurrent.ExecutionException: org.apache.ratis.thirdparty.io.grpc.StatusRuntimeException: UNAVAILABLE: io exception
2021-09-02 02:25:24,050 [3c795851-1066-4b85-8bc1-6af36b99c451@group-24BBA463E12F-LeaderElection187] INFO  impl.LeaderElection (LeaderElection.java:askForVotes(308)) - 3c795851-1066-4b85-8bc1-6af36b99c451@group-24BBA463E12F-LeaderElection187 ELECTION round 0: result PASSED
2021-09-02 02:25:24,050 [3c795851-1066-4b85-8bc1-6af36b99c451@group-24BBA463E12F-LeaderElection187] INFO  impl.RoleInfo (RoleInfo.java:shutdownLeaderElection(121)) - 3c795851-1066-4b85-8bc1-6af36b99c451: shutdown 3c795851-1066-4b85-8bc1-6af36b99c451@group-24BBA463E12F-LeaderElection187
2021-09-02 02:25:24,050 [3c795851-1066-4b85-8bc1-6af36b99c451@group-24BBA463E12F-LeaderElection187] INFO  server.RaftServer$Division (RaftServerImpl.java:setRole(285)) - 3c795851-1066-4b85-8bc1-6af36b99c451@group-24BBA463E12F: changes role from CANDIDATE to LEADER at term 4 for changeToLeader
2021-09-02 02:25:24,050 [3c795851-1066-4b85-8bc1-6af36b99c451@group-24BBA463E12F-LeaderElection187] INFO  ratis.XceiverServerRatis (XceiverServerRatis.java:handleLeaderChangedNotification(861)) - Leader change notification received for group: group-24BBA463E12F with new leaderId: 3c795851-1066-4b85-8bc1-6af36b99c451
2021-09-02 02:25:24,051 [3c795851-1066-4b85-8bc1-6af36b99c451@group-24BBA463E12F-LeaderElection187] INFO  server.RaftServer$Division (ServerState.java:setLeader(285)) - 3c795851-1066-4b85-8bc1-6af36b99c451@group-24BBA463E12F: change Leader from null to 3c795851-1066-4b85-8bc1-6af36b99c451 at term 4 for becomeLeader, leader elected after 80ms
2021-09-02 02:25:24,051 [3c795851-1066-4b85-8bc1-6af36b99c451@group-24BBA463E12F-LeaderElection187] INFO  server.RaftServerConfigKeys (ConfUtils.java:logGet(44)) - raft.server.staging.catchup.gap = 1000 (default)
2021-09-02 02:25:24,051 [3c795851-1066-4b85-8bc1-6af36b99c451@group-24BBA463E12F-LeaderElection187] INFO  server.RaftServerConfigKeys (ConfUtils.java:logGet(44)) - raft.server.write.element-limit = 1024 (custom)
2021-09-02 02:25:24,051 [3c795851-1066-4b85-8bc1-6af36b99c451@group-24BBA463E12F-LeaderElection187] INFO  server.RaftServerConfigKeys (ConfUtils.java:logGet(44)) - raft.server.write.byte-limit = 1024 M (=1073741824) (custom)
2021-09-02 02:25:24,052 [3c795851-1066-4b85-8bc1-6af36b99c451@group-24BBA463E12F-LeaderElection187] INFO  server.RaftServerConfigKeys (ConfUtils.java:logGet(44)) - raft.server.watch.timeout = 3000ms (custom)
2021-09-02 02:25:24,052 [3c795851-1066-4b85-8bc1-6af36b99c451@group-24BBA463E12F-LeaderElection187] INFO  server.RaftServerConfigKeys (ConfUtils.java:logGet(44)) - raft.server.watch.timeout.denomination = 1s (default)
2021-09-02 02:25:24,052 [3c795851-1066-4b85-8bc1-6af36b99c451@group-24BBA463E12F-LeaderElection187] INFO  server.RaftServerConfigKeys (ConfUtils.java:logGet(44)) - raft.server.watch.element-limit = 65536 (default)
2021-09-02 02:25:24,052 [3c795851-1066-4b85-8bc1-6af36b99c451@group-24BBA463E12F-LeaderElection187] INFO  server.RaftServerConfigKeys (ConfUtils.java:logGet(44)) - raft.server.log.appender.snapshot.chunk.size.max = 16MB (=16777216) (default)
2021-09-02 02:25:24,052 [3c795851-1066-4b85-8bc1-6af36b99c451@group-24BBA463E12F-LeaderElection187] INFO  server.RaftServerConfigKeys (ConfUtils.java:logGet(44)) - raft.server.log.appender.buffer.byte-limit = 33554432 (custom)
2021-09-02 02:25:24,052 [3c795851-1066-4b85-8bc1-6af36b99c451@group-24BBA463E12F-LeaderElection187] INFO  server.RaftServerConfigKeys (ConfUtils.java:logGet(44)) - raft.server.log.appender.buffer.element-limit = 1 (custom)
2021-09-02 02:25:24,052 [3c795851-1066-4b85-8bc1-6af36b99c451@group-24BBA463E12F-LeaderElection187] INFO  grpc.GrpcConfigKeys (ConfUtils.java:logGet(44)) - raft.grpc.server.leader.outstanding.appends.max = 128 (default)
2021-09-02 02:25:24,052 [3c795851-1066-4b85-8bc1-6af36b99c451@group-24BBA463E12F-LeaderElection187] INFO  server.RaftServerConfigKeys (ConfUtils.java:logGet(44)) - raft.server.rpc.request.timeout = 3000ms (default)
2021-09-02 02:25:24,052 [3c795851-1066-4b85-8bc1-6af36b99c451@group-24BBA463E12F-LeaderElection187] INFO  server.RaftServerConfigKeys (ConfUtils.java:logGet(44)) - raft.server.log.appender.install.snapshot.enabled = false (custom)
2021-09-02 02:25:24,053 [Datanode State Machine Thread - 0] WARN  statemachine.StateContext (StateContext.java:execute(621)) - No available thread in pool for past 1 seconds.
2021-09-02 02:25:24,066 [3c795851-1066-4b85-8bc1-6af36b99c451@group-24BBA463E12F-LeaderElection187] INFO  server.RaftServerConfigKeys (ConfUtils.java:logGet(44)) - raft.server.log.appender.snapshot.chunk.size.max = 16MB (=16777216) (default)
2021-09-02 02:25:24,069 [3c795851-1066-4b85-8bc1-6af36b99c451@group-24BBA463E12F-LeaderElection187] INFO  server.RaftServerConfigKeys (ConfUtils.java:logGet(44)) - raft.server.log.appender.buffer.byte-limit = 33554432 (custom)
2021-09-02 02:25:24,069 [3c795851-1066-4b85-8bc1-6af36b99c451@group-24BBA463E12F-LeaderElection187] INFO  server.RaftServerConfigKeys (ConfUtils.java:logGet(44)) - raft.server.log.appender.buffer.element-limit = 1 (custom)
2021-09-02 02:25:24,069 [3c795851-1066-4b85-8bc1-6af36b99c451@group-24BBA463E12F-LeaderElection187] INFO  grpc.GrpcConfigKeys (ConfUtils.java:logGet(44)) - raft.grpc.server.leader.outstanding.appends.max = 128 (default)
2021-09-02 02:25:24,070 [3c795851-1066-4b85-8bc1-6af36b99c451@group-24BBA463E12F-LeaderElection187] INFO  server.RaftServerConfigKeys (ConfUtils.java:logGet(44)) - raft.server.rpc.request.timeout = 3000ms (default)
2021-09-02 02:25:24,070 [3c795851-1066-4b85-8bc1-6af36b99c451@group-24BBA463E12F-LeaderElection187] INFO  server.RaftServerConfigKeys (ConfUtils.java:logGet(44)) - raft.server.log.appender.install.snapshot.enabled = false (custom)
2021-09-02 02:25:24,137 [3c795851-1066-4b85-8bc1-6af36b99c451@group-24BBA463E12F-LeaderElection187] INFO  impl.RoleInfo (RoleInfo.java:updateAndGet(130)) - 3c795851-1066-4b85-8bc1-6af36b99c451: start 3c795851-1066-4b85-8bc1-6af36b99c451@group-24BBA463E12F-LeaderStateImpl
2021-09-02 02:25:24,138 [3c795851-1066-4b85-8bc1-6af36b99c451@group-24BBA463E12F-LeaderElection187] INFO  segmented.SegmentedRaftLogWorker (SegmentedRaftLogWorker.java:rollLogSegment(399)) - 3c795851-1066-4b85-8bc1-6af36b99c451@group-24BBA463E12F-SegmentedRaftLogWorker: Rolling segment log-0_12 to index:12
2021-09-02 02:25:24,138 [3c795851-1066-4b85-8bc1-6af36b99c451@group-24BBA463E12F-SegmentedRaftLogWorker] INFO  segmented.SegmentedRaftLogWorker (SegmentedRaftLogWorker.java:execute(558)) - 3c795851-1066-4b85-8bc1-6af36b99c451@group-24BBA463E12F-SegmentedRaftLogWorker: Rolled log segment from /home/runner/work/ozone/ozone/hadoop-ozone/integration-test/target/test-dir/MiniOzoneClusterImpl-29bc8a50-871c-4f9e-822f-1a9e32d9d7f8/datanode-5/data/ratis/5a36dfcd-72fc-46b3-9ff7-24bba463e12f/current/log_inprogress_0 to /home/runner/work/ozone/ozone/hadoop-ozone/integration-test/target/test-dir/MiniOzoneClusterImpl-29bc8a50-871c-4f9e-822f-1a9e32d9d7f8/datanode-5/data/ratis/5a36dfcd-72fc-46b3-9ff7-24bba463e12f/current/log_0-12
2021-09-02 02:25:24,140 [3c795851-1066-4b85-8bc1-6af36b99c451@group-24BBA463E12F-SegmentedRaftLogWorker] INFO  segmented.SegmentedRaftLogWorker (SegmentedRaftLogWorker.java:execute(601)) - 3c795851-1066-4b85-8bc1-6af36b99c451@group-24BBA463E12F-SegmentedRaftLogWorker: created new log segment /home/runner/work/ozone/ozone/hadoop-ozone/integration-test/target/test-dir/MiniOzoneClusterImpl-29bc8a50-871c-4f9e-822f-1a9e32d9d7f8/datanode-5/data/ratis/5a36dfcd-72fc-46b3-9ff7-24bba463e12f/current/log_inprogress_13
2021-09-02 02:25:24,158 [grpc-default-executor-7] INFO  ratis.XceiverServerRatis (XceiverServerRatis.java:handleLeaderChangedNotification(861)) - Leader change notification received for group: group-24BBA463E12F with new leaderId: 3c795851-1066-4b85-8bc1-6af36b99c451
2021-09-02 02:25:24,158 [grpc-default-executor-7] INFO  server.RaftServer$Division (ServerState.java:setLeader(285)) - af0a5c91-f714-4dc1-a2f1-efe0e47618a1@group-24BBA463E12F: change Leader from null to 3c795851-1066-4b85-8bc1-6af36b99c451 at term 4 for appendEntries, leader elected after 126ms
2021-09-02 02:25:24,165 [grpc-default-executor-10] WARN  server.GrpcLogAppender (LogUtils.java:warn(122)) - 9fd2e81d-61d0-44de-872c-4ae9b66045fe@group-B85448540D00->a378c862-060f-4c80-8a42-fa0762e0f8c9-AppendLogResponseHandler: Failed appendEntries: org.apache.ratis.thirdparty.io.grpc.StatusRuntimeException: UNAVAILABLE: io exception
2021-09-02 02:25:24,166 [grpc-default-executor-10] WARN  server.GrpcLogAppender (GrpcLogAppender.java:resetClient(111)) - 9fd2e81d-61d0-44de-872c-4ae9b66045fe@group-B85448540D00->a378c862-060f-4c80-8a42-fa0762e0f8c9-GrpcLogAppender: Leader has not got in touch with Follower 9fd2e81d-61d0-44de-872c-4ae9b66045fe@group-B85448540D00->a378c862-060f-4c80-8a42-fa0762e0f8c9(c0,m0,n1, attendVote=true, lastRpcSendTime=0, lastRpcResponseTime=10129) yet, just keep nextIndex unchanged and retry.
2021-09-02 02:25:24,167 [3c795851-1066-4b85-8bc1-6af36b99c451@group-24BBA463E12F-LeaderElection187] INFO  server.RaftServer$Division (ServerState.java:setRaftConf(387)) - 3c795851-1066-4b85-8bc1-6af36b99c451@group-24BBA463E12F: set configuration 13: [3c795851-1066-4b85-8bc1-6af36b99c451|rpc:10.1.0.11:42401|dataStream:|priority:0, af0a5c91-f714-4dc1-a2f1-efe0e47618a1|rpc:10.1.0.11:35001|dataStream:|priority:0, 187906f6-3436-4d7b-ba29-fc09579eb1c8|rpc:10.1.0.11:41159|dataStream:|priority:1], old=null
2021-09-02 02:25:24,168 [grpc-default-executor-10] WARN  server.GrpcLogAppender (LogUtils.java:warn(122)) - 3c795851-1066-4b85-8bc1-6af36b99c451@group-24BBA463E12F->187906f6-3436-4d7b-ba29-fc09579eb1c8-AppendLogResponseHandler: Failed appendEntries: org.apache.ratis.thirdparty.io.grpc.StatusRuntimeException: UNAVAILABLE: io exception
2021-09-02 02:25:24,234 [grpc-default-executor-10] WARN  server.GrpcLogAppender (GrpcLogAppender.java:resetClient(111)) - 3c795851-1066-4b85-8bc1-6af36b99c451@group-24BBA463E12F->187906f6-3436-4d7b-ba29-fc09579eb1c8-GrpcLogAppender: Leader has not got in touch with Follower 3c795851-1066-4b85-8bc1-6af36b99c451@group-24BBA463E12F->187906f6-3436-4d7b-ba29-fc09579eb1c8(c-1,m0,n14, attendVote=true, lastRpcSendTime=10, lastRpcResponseTime=5381) yet, just keep nextIndex unchanged and retry.
2021-09-02 02:25:24,266 [grpc-default-executor-10] INFO  server.RaftServer$Division (ServerState.java:setRaftConf(387)) - af0a5c91-f714-4dc1-a2f1-efe0e47618a1@group-24BBA463E12F: set configuration 13: [3c795851-1066-4b85-8bc1-6af36b99c451|rpc:10.1.0.11:42401|dataStream:|priority:0, af0a5c91-f714-4dc1-a2f1-efe0e47618a1|rpc:10.1.0.11:35001|dataStream:|priority:0, 187906f6-3436-4d7b-ba29-fc09579eb1c8|rpc:10.1.0.11:41159|dataStream:|priority:1], old=null
2021-09-02 02:25:24,266 [grpc-default-executor-10] INFO  segmented.SegmentedRaftLogWorker (SegmentedRaftLogWorker.java:rollLogSegment(399)) - af0a5c91-f714-4dc1-a2f1-efe0e47618a1@group-24BBA463E12F-SegmentedRaftLogWorker: Rolling segment log-0_12 to index:12
2021-09-02 02:25:24,267 [af0a5c91-f714-4dc1-a2f1-efe0e47618a1@group-24BBA463E12F-SegmentedRaftLogWorker] INFO  segmented.SegmentedRaftLogWorker (SegmentedRaftLogWorker.java:execute(558)) - af0a5c91-f714-4dc1-a2f1-efe0e47618a1@group-24BBA463E12F-SegmentedRaftLogWorker: Rolled log segment from /home/runner/work/ozone/ozone/hadoop-ozone/integration-test/target/test-dir/MiniOzoneClusterImpl-29bc8a50-871c-4f9e-822f-1a9e32d9d7f8/datanode-3/data/ratis/5a36dfcd-72fc-46b3-9ff7-24bba463e12f/current/log_inprogress_0 to /home/runner/work/ozone/ozone/hadoop-ozone/integration-test/target/test-dir/MiniOzoneClusterImpl-29bc8a50-871c-4f9e-822f-1a9e32d9d7f8/datanode-3/data/ratis/5a36dfcd-72fc-46b3-9ff7-24bba463e12f/current/log_0-12
2021-09-02 02:25:24,268 [af0a5c91-f714-4dc1-a2f1-efe0e47618a1@group-24BBA463E12F-SegmentedRaftLogWorker] INFO  segmented.SegmentedRaftLogWorker (SegmentedRaftLogWorker.java:execute(601)) - af0a5c91-f714-4dc1-a2f1-efe0e47618a1@group-24BBA463E12F-SegmentedRaftLogWorker: created new log segment /home/runner/work/ozone/ozone/hadoop-ozone/integration-test/target/test-dir/MiniOzoneClusterImpl-29bc8a50-871c-4f9e-822f-1a9e32d9d7f8/datanode-3/data/ratis/5a36dfcd-72fc-46b3-9ff7-24bba463e12f/current/log_inprogress_13
2021-09-02 02:25:24,328 [grpc-default-executor-10] WARN  server.GrpcLogAppender (LogUtils.java:warn(122)) - 9fd2e81d-61d0-44de-872c-4ae9b66045fe@group-6C0F8F3DFF59->a378c862-060f-4c80-8a42-fa0762e0f8c9-AppendLogResponseHandler: Failed appendEntries: org.apache.ratis.thirdparty.io.grpc.StatusRuntimeException: UNAVAILABLE: io exception
2021-09-02 02:25:24,329 [grpc-default-executor-10] WARN  server.GrpcLogAppender (GrpcLogAppender.java:resetClient(111)) - 9fd2e81d-61d0-44de-872c-4ae9b66045fe@group-6C0F8F3DFF59->a378c862-060f-4c80-8a42-fa0762e0f8c9-GrpcLogAppender: Leader has not got in touch with Follower 9fd2e81d-61d0-44de-872c-4ae9b66045fe@group-6C0F8F3DFF59->a378c862-060f-4c80-8a42-fa0762e0f8c9(c-1,m0,n5, attendVote=true, lastRpcSendTime=0, lastRpcResponseTime=7947) yet, just keep nextIndex unchanged and retry.
2021-09-02 02:25:24,449 [grpc-default-executor-7] WARN  server.GrpcLogAppender (LogUtils.java:warn(122)) - 3c795851-1066-4b85-8bc1-6af36b99c451@group-24BBA463E12F->187906f6-3436-4d7b-ba29-fc09579eb1c8-AppendLogResponseHandler: Failed appendEntries: org.apache.ratis.thirdparty.io.grpc.StatusRuntimeException: UNAVAILABLE: io exception
2021-09-02 02:25:24,450 [grpc-default-executor-7] WARN  server.GrpcLogAppender (GrpcLogAppender.java:resetClient(111)) - 3c795851-1066-4b85-8bc1-6af36b99c451@group-24BBA463E12F->187906f6-3436-4d7b-ba29-fc09579eb1c8-GrpcLogAppender: Leader has not got in touch with Follower 3c795851-1066-4b85-8bc1-6af36b99c451@group-24BBA463E12F->187906f6-3436-4d7b-ba29-fc09579eb1c8(c-1,m0,n15, attendVote=true, lastRpcSendTime=226, lastRpcResponseTime=5598) yet, just keep nextIndex unchanged and retry.
2021-09-02 02:25:24,765 [Listener at 127.0.0.1/45645] INFO  ozoneimpl.OzoneContainer (OzoneContainer.java:stop(326)) - Attempting to stop container services.
2021-09-02 02:25:24,776 [Listener at 127.0.0.1/45645] INFO  server.RaftServer (RaftServerProxy.java:lambda$close$6(391)) - af0a5c91-f714-4dc1-a2f1-efe0e47618a1: close
2021-09-02 02:25:24,776 [Listener at 127.0.0.1/45645] INFO  server.RaftServer$Division (RaftServerImpl.java:lambda$close$4(407)) - af0a5c91-f714-4dc1-a2f1-efe0e47618a1@group-24BBA463E12F: shutdown
2021-09-02 02:25:24,776 [Listener at 127.0.0.1/45645] INFO  util.JmxRegister (JmxRegister.java:unregister(73)) - Successfully un-registered JMX Bean with object name Ratis:service=RaftServer,group=group-24BBA463E12F,id=af0a5c91-f714-4dc1-a2f1-efe0e47618a1
2021-09-02 02:25:24,776 [Listener at 127.0.0.1/45645] INFO  impl.RoleInfo (RoleInfo.java:shutdownFollowerState(108)) - af0a5c91-f714-4dc1-a2f1-efe0e47618a1: shutdown af0a5c91-f714-4dc1-a2f1-efe0e47618a1@group-24BBA463E12F-FollowerState
2021-09-02 02:25:24,776 [Listener at 127.0.0.1/45645] INFO  impl.StateMachineUpdater (StateMachineUpdater.java:stopAndJoin(149)) - af0a5c91-f714-4dc1-a2f1-efe0e47618a1@group-24BBA463E12F-StateMachineUpdater: set stopIndex = 13
2021-09-02 02:25:24,777 [af0a5c91-f714-4dc1-a2f1-efe0e47618a1@group-24BBA463E12F-FollowerState] INFO  impl.FollowerState (FollowerState.java:run(143)) - af0a5c91-f714-4dc1-a2f1-efe0e47618a1@group-24BBA463E12F-FollowerState was interrupted: {}
java.lang.InterruptedException: sleep interrupted
	at java.lang.Thread.sleep(Native Method)
	at java.lang.Thread.sleep(Thread.java:340)
	at java.util.concurrent.TimeUnit.sleep(TimeUnit.java:386)
	at org.apache.ratis.util.TimeDuration.sleep(TimeDuration.java:324)
	at org.apache.ratis.util.TimeDuration.sleep(TimeDuration.java:309)
	at org.apache.ratis.server.impl.FollowerState.run(FollowerState.java:118)
2021-09-02 02:25:24,778 [af0a5c91-f714-4dc1-a2f1-efe0e47618a1@group-24BBA463E12F-StateMachineUpdater] INFO  ratis.ContainerStateMachine (ContainerStateMachine.java:takeSnapshot(292)) - group-24BBA463E12F: Taking a snapshot at:(t:4, i:13) file /home/runner/work/ozone/ozone/hadoop-ozone/integration-test/target/test-dir/MiniOzoneClusterImpl-29bc8a50-871c-4f9e-822f-1a9e32d9d7f8/datanode-3/data/ratis/5a36dfcd-72fc-46b3-9ff7-24bba463e12f/sm/snapshot.4_13
2021-09-02 02:25:24,780 [af0a5c91-f714-4dc1-a2f1-efe0e47618a1@group-24BBA463E12F-StateMachineUpdater] INFO  ratis.ContainerStateMachine (ContainerStateMachine.java:takeSnapshot(303)) - group-24BBA463E12F: Finished taking a snapshot at:(t:4, i:13) file:/home/runner/work/ozone/ozone/hadoop-ozone/integration-test/target/test-dir/MiniOzoneClusterImpl-29bc8a50-871c-4f9e-822f-1a9e32d9d7f8/datanode-3/data/ratis/5a36dfcd-72fc-46b3-9ff7-24bba463e12f/sm/snapshot.4_13 took: 2 ms
2021-09-02 02:25:24,780 [af0a5c91-f714-4dc1-a2f1-efe0e47618a1@group-24BBA463E12F-StateMachineUpdater] INFO  impl.StateMachineUpdater (StateMachineUpdater.java:takeSnapshot(281)) - af0a5c91-f714-4dc1-a2f1-efe0e47618a1@group-24BBA463E12F-StateMachineUpdater: Took a snapshot at index 13
2021-09-02 02:25:24,780 [af0a5c91-f714-4dc1-a2f1-efe0e47618a1@group-24BBA463E12F-StateMachineUpdater] INFO  impl.StateMachineUpdater (StateMachineUpdater.java:lambda$new$0(89)) - af0a5c91-f714-4dc1-a2f1-efe0e47618a1@group-24BBA463E12F-StateMachineUpdater: snapshotIndex: updateIncreasingly -1 -> 13
2021-09-02 02:25:24,780 [Listener at 127.0.0.1/45645] INFO  server.RaftServer$Division (ServerState.java:close(419)) - af0a5c91-f714-4dc1-a2f1-efe0e47618a1@group-24BBA463E12F: closes. applyIndex: 13
2021-09-02 02:25:24,780 [af0a5c91-f714-4dc1-a2f1-efe0e47618a1@group-24BBA463E12F-SegmentedRaftLogWorker] INFO  segmented.SegmentedRaftLogWorker (SegmentedRaftLogWorker.java:run(327)) - af0a5c91-f714-4dc1-a2f1-efe0e47618a1@group-24BBA463E12F-SegmentedRaftLogWorker was interrupted, exiting. There are 0 tasks remaining in the queue.
2021-09-02 02:25:24,786 [Listener at 127.0.0.1/45645] INFO  segmented.SegmentedRaftLogWorker (SegmentedRaftLogWorker.java:close(237)) - af0a5c91-f714-4dc1-a2f1-efe0e47618a1@group-24BBA463E12F-SegmentedRaftLogWorker close()
2021-09-02 02:25:24,790 [Listener at 127.0.0.1/45645] INFO  server.RaftServer$Division (RaftServerImpl.java:lambda$close$4(407)) - af0a5c91-f714-4dc1-a2f1-efe0e47618a1@group-D22779799422: shutdown
2021-09-02 02:25:24,790 [Listener at 127.0.0.1/45645] INFO  util.JmxRegister (JmxRegister.java:unregister(73)) - Successfully un-registered JMX Bean with object name Ratis:service=RaftServer,group=group-D22779799422,id=af0a5c91-f714-4dc1-a2f1-efe0e47618a1
2021-09-02 02:25:24,791 [Listener at 127.0.0.1/45645] INFO  impl.RoleInfo (RoleInfo.java:shutdownFollowerState(108)) - af0a5c91-f714-4dc1-a2f1-efe0e47618a1: shutdown af0a5c91-f714-4dc1-a2f1-efe0e47618a1@group-D22779799422-FollowerState
2021-09-02 02:25:24,791 [Listener at 127.0.0.1/45645] INFO  impl.StateMachineUpdater (StateMachineUpdater.java:stopAndJoin(149)) - af0a5c91-f714-4dc1-a2f1-efe0e47618a1@group-D22779799422-StateMachineUpdater: set stopIndex = 0
2021-09-02 02:25:24,791 [af0a5c91-f714-4dc1-a2f1-efe0e47618a1@group-D22779799422-StateMachineUpdater] INFO  ratis.ContainerStateMachine (ContainerStateMachine.java:takeSnapshot(292)) - group-D22779799422: Taking a snapshot at:(t:5, i:0) file /home/runner/work/ozone/ozone/hadoop-ozone/integration-test/target/test-dir/MiniOzoneClusterImpl-29bc8a50-871c-4f9e-822f-1a9e32d9d7f8/datanode-3/data/ratis/d6b44281-4388-4f6e-aec4-d22779799422/sm/snapshot.5_0
2021-09-02 02:25:24,791 [af0a5c91-f714-4dc1-a2f1-efe0e47618a1@group-D22779799422-FollowerState] INFO  impl.FollowerState (FollowerState.java:run(143)) - af0a5c91-f714-4dc1-a2f1-efe0e47618a1@group-D22779799422-FollowerState was interrupted: {}
java.lang.InterruptedException: sleep interrupted
	at java.lang.Thread.sleep(Native Method)
	at java.lang.Thread.sleep(Thread.java:340)
	at java.util.concurrent.TimeUnit.sleep(TimeUnit.java:386)
	at org.apache.ratis.util.TimeDuration.sleep(TimeDuration.java:324)
	at org.apache.ratis.util.TimeDuration.sleep(TimeDuration.java:309)
	at org.apache.ratis.server.impl.FollowerState.run(FollowerState.java:118)
2021-09-02 02:25:24,792 [af0a5c91-f714-4dc1-a2f1-efe0e47618a1@group-D22779799422-StateMachineUpdater] INFO  ratis.ContainerStateMachine (ContainerStateMachine.java:takeSnapshot(303)) - group-D22779799422: Finished taking a snapshot at:(t:5, i:0) file:/home/runner/work/ozone/ozone/hadoop-ozone/integration-test/target/test-dir/MiniOzoneClusterImpl-29bc8a50-871c-4f9e-822f-1a9e32d9d7f8/datanode-3/data/ratis/d6b44281-4388-4f6e-aec4-d22779799422/sm/snapshot.5_0 took: 1 ms
2021-09-02 02:25:24,792 [af0a5c91-f714-4dc1-a2f1-efe0e47618a1@group-D22779799422-StateMachineUpdater] INFO  impl.StateMachineUpdater (StateMachineUpdater.java:takeSnapshot(281)) - af0a5c91-f714-4dc1-a2f1-efe0e47618a1@group-D22779799422-StateMachineUpdater: Took a snapshot at index 0
2021-09-02 02:25:24,792 [af0a5c91-f714-4dc1-a2f1-efe0e47618a1@group-D22779799422-StateMachineUpdater] INFO  impl.StateMachineUpdater (StateMachineUpdater.java:lambda$new$0(89)) - af0a5c91-f714-4dc1-a2f1-efe0e47618a1@group-D22779799422-StateMachineUpdater: snapshotIndex: updateIncreasingly -1 -> 0
2021-09-02 02:25:24,794 [Listener at 127.0.0.1/45645] INFO  server.RaftServer$Division (ServerState.java:close(419)) - af0a5c91-f714-4dc1-a2f1-efe0e47618a1@group-D22779799422: closes. applyIndex: 0
2021-09-02 02:25:24,795 [af0a5c91-f714-4dc1-a2f1-efe0e47618a1@group-D22779799422-SegmentedRaftLogWorker] INFO  segmented.SegmentedRaftLogWorker (SegmentedRaftLogWorker.java:run(327)) - af0a5c91-f714-4dc1-a2f1-efe0e47618a1@group-D22779799422-SegmentedRaftLogWorker was interrupted, exiting. There are 0 tasks remaining in the queue.
2021-09-02 02:25:24,799 [Listener at 127.0.0.1/45645] INFO  segmented.SegmentedRaftLogWorker (SegmentedRaftLogWorker.java:close(237)) - af0a5c91-f714-4dc1-a2f1-efe0e47618a1@group-D22779799422-SegmentedRaftLogWorker close()
2021-09-02 02:25:24,800 [Listener at 127.0.0.1/45645] INFO  server.RaftServer$Division (RaftServerImpl.java:lambda$close$4(407)) - af0a5c91-f714-4dc1-a2f1-efe0e47618a1@group-AAAFC895A574: shutdown
2021-09-02 02:25:24,800 [Listener at 127.0.0.1/45645] INFO  util.JmxRegister (JmxRegister.java:unregister(73)) - Successfully un-registered JMX Bean with object name Ratis:service=RaftServer,group=group-AAAFC895A574,id=af0a5c91-f714-4dc1-a2f1-efe0e47618a1
2021-09-02 02:25:24,800 [Listener at 127.0.0.1/45645] INFO  impl.RoleInfo (RoleInfo.java:shutdownLeaderState(91)) - af0a5c91-f714-4dc1-a2f1-efe0e47618a1: shutdown af0a5c91-f714-4dc1-a2f1-efe0e47618a1@group-AAAFC895A574-LeaderStateImpl
2021-09-02 02:25:24,800 [Listener at 127.0.0.1/45645] INFO  impl.PendingRequests (PendingRequests.java:sendNotLeaderResponses(282)) - af0a5c91-f714-4dc1-a2f1-efe0e47618a1@group-AAAFC895A574-PendingRequests: sendNotLeaderResponses
2021-09-02 02:25:24,802 [Listener at 127.0.0.1/45645] INFO  impl.StateMachineUpdater (StateMachineUpdater.java:stopAndJoin(149)) - af0a5c91-f714-4dc1-a2f1-efe0e47618a1@group-AAAFC895A574-StateMachineUpdater: set stopIndex = 0
2021-09-02 02:25:24,802 [af0a5c91-f714-4dc1-a2f1-efe0e47618a1@group-AAAFC895A574-StateMachineUpdater] INFO  ratis.ContainerStateMachine (ContainerStateMachine.java:takeSnapshot(292)) - group-AAAFC895A574: Taking a snapshot at:(t:1, i:0) file /home/runner/work/ozone/ozone/hadoop-ozone/integration-test/target/test-dir/MiniOzoneClusterImpl-29bc8a50-871c-4f9e-822f-1a9e32d9d7f8/datanode-3/data/ratis/5bf3b625-b2d2-4c5c-9ac8-aaafc895a574/sm/snapshot.1_0
2021-09-02 02:25:24,809 [af0a5c91-f714-4dc1-a2f1-efe0e47618a1@group-AAAFC895A574-StateMachineUpdater] INFO  ratis.ContainerStateMachine (ContainerStateMachine.java:takeSnapshot(303)) - group-AAAFC895A574: Finished taking a snapshot at:(t:1, i:0) file:/home/runner/work/ozone/ozone/hadoop-ozone/integration-test/target/test-dir/MiniOzoneClusterImpl-29bc8a50-871c-4f9e-822f-1a9e32d9d7f8/datanode-3/data/ratis/5bf3b625-b2d2-4c5c-9ac8-aaafc895a574/sm/snapshot.1_0 took: 8 ms
2021-09-02 02:25:24,809 [af0a5c91-f714-4dc1-a2f1-efe0e47618a1@group-AAAFC895A574-StateMachineUpdater] INFO  impl.StateMachineUpdater (StateMachineUpdater.java:takeSnapshot(281)) - af0a5c91-f714-4dc1-a2f1-efe0e47618a1@group-AAAFC895A574-StateMachineUpdater: Took a snapshot at index 0
2021-09-02 02:25:24,809 [af0a5c91-f714-4dc1-a2f1-efe0e47618a1@group-AAAFC895A574-StateMachineUpdater] INFO  impl.StateMachineUpdater (StateMachineUpdater.java:lambda$new$0(89)) - af0a5c91-f714-4dc1-a2f1-efe0e47618a1@group-AAAFC895A574-StateMachineUpdater: snapshotIndex: updateIncreasingly -1 -> 0
2021-09-02 02:25:24,813 [Listener at 127.0.0.1/45645] INFO  server.RaftServer$Division (ServerState.java:close(419)) - af0a5c91-f714-4dc1-a2f1-efe0e47618a1@group-AAAFC895A574: closes. applyIndex: 0
2021-09-02 02:25:24,813 [af0a5c91-f714-4dc1-a2f1-efe0e47618a1@group-AAAFC895A574-SegmentedRaftLogWorker] INFO  segmented.SegmentedRaftLogWorker (SegmentedRaftLogWorker.java:run(327)) - af0a5c91-f714-4dc1-a2f1-efe0e47618a1@group-AAAFC895A574-SegmentedRaftLogWorker was interrupted, exiting. There are 0 tasks remaining in the queue.
2021-09-02 02:25:24,813 [Listener at 127.0.0.1/45645] INFO  segmented.SegmentedRaftLogWorker (SegmentedRaftLogWorker.java:close(237)) - af0a5c91-f714-4dc1-a2f1-efe0e47618a1@group-AAAFC895A574-SegmentedRaftLogWorker close()
2021-09-02 02:25:24,830 [Listener at 127.0.0.1/45645] INFO  server.GrpcService (GrpcService.java:closeImpl(262)) - af0a5c91-f714-4dc1-a2f1-efe0e47618a1: shutdown server with port 35001 now
2021-09-02 02:25:24,831 [grpc-default-executor-10] WARN  server.GrpcServerProtocolService (LogUtils.java:warn(122)) - af0a5c91-f714-4dc1-a2f1-efe0e47618a1: installSnapshot onError, lastRequest: 3c795851-1066-4b85-8bc1-6af36b99c451->af0a5c91-f714-4dc1-a2f1-efe0e47618a1#1-t5,previous=(t:0, i:0),leaderCommit=-1,initializing? true,entries: size=1, first=(t:5, i:0), CONFIGURATIONENTRY: org.apache.ratis.thirdparty.io.grpc.StatusRuntimeException: CANCELLED: client cancelled
2021-09-02 02:25:24,831 [grpc-default-executor-2] WARN  server.GrpcLogAppender (LogUtils.java:warn(122)) - 3c795851-1066-4b85-8bc1-6af36b99c451@group-D22779799422->af0a5c91-f714-4dc1-a2f1-efe0e47618a1-AppendLogResponseHandler: Failed appendEntries: org.apache.ratis.thirdparty.io.grpc.StatusRuntimeException: CANCELLED: HTTP/2 error code: CANCEL
Received Rst Stream
2021-09-02 02:25:24,831 [grpc-default-executor-6] WARN  server.GrpcServerProtocolService (LogUtils.java:warn(122)) - af0a5c91-f714-4dc1-a2f1-efe0e47618a1: installSnapshot onError, lastRequest: 3c795851-1066-4b85-8bc1-6af36b99c451->af0a5c91-f714-4dc1-a2f1-efe0e47618a1#2-t4,previous=(t:4, i:13),leaderCommit=13,initializing? true,entries: size=1, first=(t:4, i:14), METADATAENTRY(c:13): org.apache.ratis.thirdparty.io.grpc.StatusRuntimeException: CANCELLED: client cancelled
2021-09-02 02:25:24,831 [grpc-default-executor-2] WARN  server.GrpcLogAppender (GrpcLogAppender.java:resetClient(111)) - 3c795851-1066-4b85-8bc1-6af36b99c451@group-D22779799422->af0a5c91-f714-4dc1-a2f1-efe0e47618a1-GrpcLogAppender: Leader has not got in touch with Follower 3c795851-1066-4b85-8bc1-6af36b99c451@group-D22779799422->af0a5c91-f714-4dc1-a2f1-efe0e47618a1(c0,m0,n1, attendVote=true, lastRpcSendTime=956, lastRpcResponseTime=886) yet, just keep nextIndex unchanged and retry.
2021-09-02 02:25:24,834 [grpc-default-executor-11] WARN  server.GrpcLogAppender (LogUtils.java:warn(122)) - 3c795851-1066-4b85-8bc1-6af36b99c451@group-24BBA463E12F->af0a5c91-f714-4dc1-a2f1-efe0e47618a1-AppendLogResponseHandler: Failed appendEntries: org.apache.ratis.thirdparty.io.grpc.StatusRuntimeException: CANCELLED: HTTP/2 error code: CANCEL
Received Rst Stream
2021-09-02 02:25:24,834 [grpc-default-executor-11] INFO  leader.FollowerInfo (FollowerInfoImpl.java:lambda$new$0(46)) - 3c795851-1066-4b85-8bc1-6af36b99c451@group-24BBA463E12F->af0a5c91-f714-4dc1-a2f1-efe0e47618a1: nextIndex: updateUnconditionally 15 -> 14
2021-09-02 02:25:24,901 [ForkJoinPool.commonPool-worker-0] INFO  ozoneimpl.OzoneContainer (OzoneContainer.java:stop(326)) - Attempting to stop container services.
2021-09-02 02:25:24,909 [ForkJoinPool.commonPool-worker-0] INFO  server.RaftServer (RaftServerProxy.java:lambda$close$6(391)) - 9fd2e81d-61d0-44de-872c-4ae9b66045fe: close
2021-09-02 02:25:24,909 [ForkJoinPool.commonPool-worker-0] INFO  server.RaftServer$Division (RaftServerImpl.java:lambda$close$4(407)) - 9fd2e81d-61d0-44de-872c-4ae9b66045fe@group-6C0F8F3DFF59: shutdown
2021-09-02 02:25:24,909 [ForkJoinPool.commonPool-worker-0] INFO  util.JmxRegister (JmxRegister.java:unregister(73)) - Successfully un-registered JMX Bean with object name Ratis:service=RaftServer,group=group-6C0F8F3DFF59,id=9fd2e81d-61d0-44de-872c-4ae9b66045fe
2021-09-02 02:25:24,910 [ForkJoinPool.commonPool-worker-0] INFO  impl.RoleInfo (RoleInfo.java:shutdownLeaderState(91)) - 9fd2e81d-61d0-44de-872c-4ae9b66045fe: shutdown 9fd2e81d-61d0-44de-872c-4ae9b66045fe@group-6C0F8F3DFF59-LeaderStateImpl
2021-09-02 02:25:24,910 [ForkJoinPool.commonPool-worker-0] INFO  impl.PendingRequests (PendingRequests.java:sendNotLeaderResponses(282)) - 9fd2e81d-61d0-44de-872c-4ae9b66045fe@group-6C0F8F3DFF59-PendingRequests: sendNotLeaderResponses
2021-09-02 02:25:24,911 [ForkJoinPool.commonPool-worker-0] INFO  impl.StateMachineUpdater (StateMachineUpdater.java:stopAndJoin(149)) - 9fd2e81d-61d0-44de-872c-4ae9b66045fe@group-6C0F8F3DFF59-StateMachineUpdater: set stopIndex = 4
2021-09-02 02:25:24,911 [9fd2e81d-61d0-44de-872c-4ae9b66045fe@group-6C0F8F3DFF59-StateMachineUpdater] INFO  ratis.ContainerStateMachine (ContainerStateMachine.java:takeSnapshot(292)) - group-6C0F8F3DFF59: Taking a snapshot at:(t:11, i:4) file /home/runner/work/ozone/ozone/hadoop-ozone/integration-test/target/test-dir/MiniOzoneClusterImpl-29bc8a50-871c-4f9e-822f-1a9e32d9d7f8/datanode-2/data/ratis/b210389a-7593-42c4-b1fe-6c0f8f3dff59/sm/snapshot.11_4
2021-09-02 02:25:24,911 [9fd2e81d-61d0-44de-872c-4ae9b66045fe@group-6C0F8F3DFF59->12400696-0678-464b-ad01-faef76468be0-GrpcLogAppender-LogAppenderDaemon] WARN  server.GrpcLogAppender (GrpcLogAppender.java:mayWait(175)) - 9fd2e81d-61d0-44de-872c-4ae9b66045fe@group-6C0F8F3DFF59->12400696-0678-464b-ad01-faef76468be0-GrpcLogAppender: Wait interrupted by java.lang.InterruptedException
2021-09-02 02:25:24,912 [grpc-default-executor-2] INFO  server.GrpcServerProtocolService (GrpcServerProtocolService.java:onCompleted(140)) - 12400696-0678-464b-ad01-faef76468be0: Completed APPEND_ENTRIES, lastRequest: 9fd2e81d-61d0-44de-872c-4ae9b66045fe->12400696-0678-464b-ad01-faef76468be0#2-t11,previous=(t:11, i:3),leaderCommit=3,initializing? true,entries: size=1, first=(t:11, i:4), METADATAENTRY(c:3)
2021-09-02 02:25:24,912 [grpc-default-executor-2] WARN  server.GrpcLogAppender (LogUtils.java:warn(122)) - 3c795851-1066-4b85-8bc1-6af36b99c451@group-24BBA463E12F->af0a5c91-f714-4dc1-a2f1-efe0e47618a1-AppendLogResponseHandler: Failed appendEntries: org.apache.ratis.thirdparty.io.grpc.StatusRuntimeException: UNAVAILABLE: io exception
2021-09-02 02:25:24,913 [grpc-default-executor-2] INFO  leader.FollowerInfo (FollowerInfoImpl.java:lambda$new$0(46)) - 3c795851-1066-4b85-8bc1-6af36b99c451@group-24BBA463E12F->af0a5c91-f714-4dc1-a2f1-efe0e47618a1: nextIndex: updateUnconditionally 15 -> 14
2021-09-02 02:25:24,913 [9fd2e81d-61d0-44de-872c-4ae9b66045fe@group-6C0F8F3DFF59-StateMachineUpdater] INFO  ratis.ContainerStateMachine (ContainerStateMachine.java:takeSnapshot(303)) - group-6C0F8F3DFF59: Finished taking a snapshot at:(t:11, i:4) file:/home/runner/work/ozone/ozone/hadoop-ozone/integration-test/target/test-dir/MiniOzoneClusterImpl-29bc8a50-871c-4f9e-822f-1a9e32d9d7f8/datanode-2/data/ratis/b210389a-7593-42c4-b1fe-6c0f8f3dff59/sm/snapshot.11_4 took: 2 ms
2021-09-02 02:25:24,913 [9fd2e81d-61d0-44de-872c-4ae9b66045fe@group-6C0F8F3DFF59-StateMachineUpdater] INFO  impl.StateMachineUpdater (StateMachineUpdater.java:takeSnapshot(281)) - 9fd2e81d-61d0-44de-872c-4ae9b66045fe@group-6C0F8F3DFF59-StateMachineUpdater: Took a snapshot at index 4
2021-09-02 02:25:24,913 [9fd2e81d-61d0-44de-872c-4ae9b66045fe@group-6C0F8F3DFF59-StateMachineUpdater] INFO  impl.StateMachineUpdater (StateMachineUpdater.java:lambda$new$0(89)) - 9fd2e81d-61d0-44de-872c-4ae9b66045fe@group-6C0F8F3DFF59-StateMachineUpdater: snapshotIndex: updateIncreasingly -1 -> 4
2021-09-02 02:25:24,914 [grpc-default-executor-2] INFO  server.GrpcLogAppender (GrpcLogAppender.java:onCompleted(344)) - 9fd2e81d-61d0-44de-872c-4ae9b66045fe@group-6C0F8F3DFF59->12400696-0678-464b-ad01-faef76468be0-AppendLogResponseHandler: follower responses appendEntries COMPLETED
2021-09-02 02:25:24,914 [grpc-default-executor-2] INFO  leader.FollowerInfo (FollowerInfoImpl.java:lambda$new$0(46)) - 9fd2e81d-61d0-44de-872c-4ae9b66045fe@group-6C0F8F3DFF59->12400696-0678-464b-ad01-faef76468be0: nextIndex: updateUnconditionally 5 -> 4
2021-09-02 02:25:24,917 [ForkJoinPool.commonPool-worker-0] INFO  server.RaftServer$Division (ServerState.java:close(419)) - 9fd2e81d-61d0-44de-872c-4ae9b66045fe@group-6C0F8F3DFF59: closes. applyIndex: 4
2021-09-02 02:25:24,921 [9fd2e81d-61d0-44de-872c-4ae9b66045fe@group-6C0F8F3DFF59-SegmentedRaftLogWorker] INFO  segmented.SegmentedRaftLogWorker (SegmentedRaftLogWorker.java:run(327)) - 9fd2e81d-61d0-44de-872c-4ae9b66045fe@group-6C0F8F3DFF59-SegmentedRaftLogWorker was interrupted, exiting. There are 0 tasks remaining in the queue.
2021-09-02 02:25:24,921 [9fd2e81d-61d0-44de-872c-4ae9b66045fe@group-6C0F8F3DFF59->a378c862-060f-4c80-8a42-fa0762e0f8c9-GrpcLogAppender-LogAppenderDaemon] ERROR leader.LogAppenderDaemon (LogAppenderDaemon.java:run(86)) - 9fd2e81d-61d0-44de-872c-4ae9b66045fe@group-6C0F8F3DFF59->a378c862-060f-4c80-8a42-fa0762e0f8c9-GrpcLogAppender-LogAppenderDaemon failed
java.lang.IllegalArgumentException: 9fd2e81d-61d0-44de-872c-4ae9b66045fe@group-6C0F8F3DFF59-SegmentedRaftLog is expected to be opened but it is CLOSED
	at org.apache.ratis.util.OpenCloseState.assertOpen(OpenCloseState.java:63)
	at org.apache.ratis.server.raftlog.RaftLogBase.checkLogState(RaftLogBase.java:107)
	at org.apache.ratis.server.raftlog.segmented.SegmentedRaftLog.getLastEntryTermIndex(SegmentedRaftLog.java:339)
	at org.apache.ratis.server.raftlog.RaftLog.getNextIndex(RaftLog.java:83)
	at org.apache.ratis.server.leader.LogAppenderBase.newAppendEntriesRequest(LogAppenderBase.java:138)
	at org.apache.ratis.grpc.server.GrpcLogAppender.appendLog(GrpcLogAppender.java:211)
	at org.apache.ratis.grpc.server.GrpcLogAppender.run(GrpcLogAppender.java:145)
	at org.apache.ratis.server.leader.LogAppenderDaemon.run(LogAppenderDaemon.java:77)
	at java.lang.Thread.run(Thread.java:748)
Caused by: org.apache.ratis.util.OpenCloseState$CloseTrace: Close 9fd2e81d-61d0-44de-872c-4ae9b66045fe@group-6C0F8F3DFF59-SegmentedRaftLog
	at org.apache.ratis.util.OpenCloseState.lambda$close$1(OpenCloseState.java:109)
	at java.util.concurrent.atomic.AtomicReference.getAndUpdate(AtomicReference.java:160)
	at org.apache.ratis.util.OpenCloseState.close(OpenCloseState.java:109)
	at org.apache.ratis.server.raftlog.RaftLogBase.close(RaftLogBase.java:356)
	at org.apache.ratis.server.raftlog.segmented.SegmentedRaftLog.close(SegmentedRaftLog.java:505)
	at org.apache.ratis.server.impl.ServerState.close(ServerState.java:421)
	at org.apache.ratis.server.impl.RaftServerImpl.lambda$close$4(RaftServerImpl.java:429)
	at org.apache.ratis.util.LifeCycle.lambda$checkStateAndClose$4(LifeCycle.java:299)
	at org.apache.ratis.util.LifeCycle.checkStateAndClose(LifeCycle.java:319)
	at org.apache.ratis.util.LifeCycle.checkStateAndClose(LifeCycle.java:297)
	at org.apache.ratis.server.impl.RaftServerImpl.close(RaftServerImpl.java:406)
	at org.apache.ratis.server.impl.RaftServerProxy$ImplMap.close(RaftServerProxy.java:129)
	at org.apache.ratis.server.impl.RaftServerProxy$ImplMap.lambda$close$0(RaftServerProxy.java:117)
	at java.util.stream.ForEachOps$ForEachOp$OfRef.accept(ForEachOps.java:183)
	at java.util.concurrent.ConcurrentHashMap$EntrySpliterator.forEachRemaining(ConcurrentHashMap.java:3606)
	at java.util.stream.AbstractPipeline.copyInto(AbstractPipeline.java:482)
	at java.util.stream.ForEachOps$ForEachTask.compute(ForEachOps.java:290)
	at java.util.concurrent.CountedCompleter.exec(CountedCompleter.java:731)
	at java.util.concurrent.ForkJoinTask.doExec(ForkJoinTask.java:289)
	at java.util.concurrent.ForkJoinPool.helpComplete(ForkJoinPool.java:1870)
	at java.util.concurrent.ForkJoinPool.awaitJoin(ForkJoinPool.java:2045)
	at java.util.concurrent.ForkJoinTask.doInvoke(ForkJoinTask.java:404)
	at java.util.concurrent.ForkJoinTask.invoke(ForkJoinTask.java:734)
	at java.util.stream.ForEachOps$ForEachOp.evaluateParallel(ForEachOps.java:159)
	at java.util.stream.ForEachOps$ForEachOp$OfRef.evaluateParallel(ForEachOps.java:173)
	at java.util.stream.AbstractPipeline.evaluate(AbstractPipeline.java:233)
	at java.util.stream.ReferencePipeline.forEach(ReferencePipeline.java:485)
	at java.util.stream.ReferencePipeline$Head.forEach(ReferencePipeline.java:650)
	at org.apache.ratis.server.impl.RaftServerProxy$ImplMap.close(RaftServerProxy.java:117)
	at org.apache.ratis.server.impl.RaftServerProxy.lambda$close$6(RaftServerProxy.java:392)
	at org.apache.ratis.util.LifeCycle.lambda$checkStateAndClose$4(LifeCycle.java:299)
	at org.apache.ratis.util.LifeCycle.checkStateAndClose(LifeCycle.java:319)
	at org.apache.ratis.util.LifeCycle.checkStateAndClose(LifeCycle.java:297)
	at org.apache.ratis.server.impl.RaftServerProxy.close(RaftServerProxy.java:390)
	at org.apache.hadoop.ozone.container.common.transport.server.ratis.XceiverServerRatis.stop(XceiverServerRatis.java:514)
	at org.apache.hadoop.ozone.container.ozoneimpl.OzoneContainer.stop(OzoneContainer.java:329)
	at org.apache.hadoop.ozone.container.common.statemachine.DatanodeStateMachine.close(DatanodeStateMachine.java:369)
	at org.apache.hadoop.ozone.container.common.statemachine.DatanodeStateMachine.stopDaemon(DatanodeStateMachine.java:514)
	at org.apache.hadoop.ozone.HddsDatanodeService.stop(HddsDatanodeService.java:588)
	at org.apache.hadoop.ozone.MiniOzoneClusterImpl.stopDatanode(MiniOzoneClusterImpl.java:535)
	at java.util.stream.ForEachOps$ForEachOp$OfRef.accept(ForEachOps.java:183)
	at java.util.ArrayList$ArrayListSpliterator.forEachRemaining(ArrayList.java:1384)
	at java.util.stream.AbstractPipeline.copyInto(AbstractPipeline.java:482)
	at java.util.stream.ForEachOps$ForEachTask.compute(ForEachOps.java:290)
	at java.util.concurrent.CountedCompleter.exec(CountedCompleter.java:731)
	at java.util.concurrent.ForkJoinTask.doExec(ForkJoinTask.java:289)
	at java.util.concurrent.ForkJoinPool$WorkQueue.execLocalTasks(ForkJoinPool.java:1040)
	at java.util.concurrent.ForkJoinPool$WorkQueue.runTask(ForkJoinPool.java:1058)
	at java.util.concurrent.ForkJoinPool.runWorker(ForkJoinPool.java:1692)
	at java.util.concurrent.ForkJoinWorkerThread.run(ForkJoinWorkerThread.java:175)
2021-09-02 02:25:24,969 [Listener at 127.0.0.1/45645] INFO  server.GrpcService (GrpcService.java:closeImpl(271)) - af0a5c91-f714-4dc1-a2f1-efe0e47618a1: shutdown server with port 35001 successfully
2021-09-02 02:25:24,922 [ForkJoinPool.commonPool-worker-0] INFO  segmented.SegmentedRaftLogWorker (SegmentedRaftLogWorker.java:close(237)) - 9fd2e81d-61d0-44de-872c-4ae9b66045fe@group-6C0F8F3DFF59-SegmentedRaftLogWorker close()
2021-09-02 02:25:24,981 [ForkJoinPool.commonPool-worker-0] INFO  server.RaftServer$Division (RaftServerImpl.java:lambda$close$4(407)) - 9fd2e81d-61d0-44de-872c-4ae9b66045fe@group-B85448540D00: shutdown
2021-09-02 02:25:24,981 [ForkJoinPool.commonPool-worker-0] INFO  util.JmxRegister (JmxRegister.java:unregister(73)) - Successfully un-registered JMX Bean with object name Ratis:service=RaftServer,group=group-B85448540D00,id=9fd2e81d-61d0-44de-872c-4ae9b66045fe
2021-09-02 02:25:24,982 [ForkJoinPool.commonPool-worker-0] INFO  impl.RoleInfo (RoleInfo.java:shutdownLeaderState(91)) - 9fd2e81d-61d0-44de-872c-4ae9b66045fe: shutdown 9fd2e81d-61d0-44de-872c-4ae9b66045fe@group-B85448540D00-LeaderStateImpl
2021-09-02 02:25:24,982 [ForkJoinPool.commonPool-worker-0] INFO  impl.PendingRequests (PendingRequests.java:sendNotLeaderResponses(282)) - 9fd2e81d-61d0-44de-872c-4ae9b66045fe@group-B85448540D00-PendingRequests: sendNotLeaderResponses
2021-09-02 02:25:24,983 [ForkJoinPool.commonPool-worker-0] INFO  impl.StateMachineUpdater (StateMachineUpdater.java:stopAndJoin(149)) - 9fd2e81d-61d0-44de-872c-4ae9b66045fe@group-B85448540D00-StateMachineUpdater: set stopIndex = 0
2021-09-02 02:25:24,983 [9fd2e81d-61d0-44de-872c-4ae9b66045fe@group-B85448540D00-StateMachineUpdater] INFO  ratis.ContainerStateMachine (ContainerStateMachine.java:takeSnapshot(292)) - group-B85448540D00: Taking a snapshot at:(t:3, i:0) file /home/runner/work/ozone/ozone/hadoop-ozone/integration-test/target/test-dir/MiniOzoneClusterImpl-29bc8a50-871c-4f9e-822f-1a9e32d9d7f8/datanode-2/data/ratis/2454dacd-6beb-41a7-8ffd-b85448540d00/sm/snapshot.3_0
2021-09-02 02:25:24,984 [9fd2e81d-61d0-44de-872c-4ae9b66045fe@group-B85448540D00->12400696-0678-464b-ad01-faef76468be0-GrpcLogAppender-LogAppenderDaemon] WARN  server.GrpcLogAppender (GrpcLogAppender.java:mayWait(175)) - 9fd2e81d-61d0-44de-872c-4ae9b66045fe@group-B85448540D00->12400696-0678-464b-ad01-faef76468be0-GrpcLogAppender: Wait interrupted by java.lang.InterruptedException
2021-09-02 02:25:24,984 [grpc-default-executor-2] INFO  server.GrpcServerProtocolService (GrpcServerProtocolService.java:onCompleted(140)) - 12400696-0678-464b-ad01-faef76468be0: Completed APPEND_ENTRIES, lastRequest: 9fd2e81d-61d0-44de-872c-4ae9b66045fe->12400696-0678-464b-ad01-faef76468be0#1-t3,previous=(t:0, i:0),leaderCommit=-1,initializing? true,entries: size=1, first=(t:3, i:0), CONFIGURATIONENTRY
2021-09-02 02:25:24,985 [grpc-default-executor-11] INFO  server.GrpcLogAppender (GrpcLogAppender.java:onCompleted(344)) - 9fd2e81d-61d0-44de-872c-4ae9b66045fe@group-B85448540D00->12400696-0678-464b-ad01-faef76468be0-AppendLogResponseHandler: follower responses appendEntries COMPLETED
2021-09-02 02:25:24,985 [grpc-default-executor-11] INFO  leader.FollowerInfo (FollowerInfoImpl.java:lambda$new$0(46)) - 9fd2e81d-61d0-44de-872c-4ae9b66045fe@group-B85448540D00->12400696-0678-464b-ad01-faef76468be0: nextIndex: updateUnconditionally 1 -> 0
2021-09-02 02:25:24,985 [9fd2e81d-61d0-44de-872c-4ae9b66045fe@group-B85448540D00-StateMachineUpdater] INFO  ratis.ContainerStateMachine (ContainerStateMachine.java:takeSnapshot(303)) - group-B85448540D00: Finished taking a snapshot at:(t:3, i:0) file:/home/runner/work/ozone/ozone/hadoop-ozone/integration-test/target/test-dir/MiniOzoneClusterImpl-29bc8a50-871c-4f9e-822f-1a9e32d9d7f8/datanode-2/data/ratis/2454dacd-6beb-41a7-8ffd-b85448540d00/sm/snapshot.3_0 took: 1 ms
2021-09-02 02:25:24,985 [9fd2e81d-61d0-44de-872c-4ae9b66045fe@group-B85448540D00-StateMachineUpdater] INFO  impl.StateMachineUpdater (StateMachineUpdater.java:takeSnapshot(281)) - 9fd2e81d-61d0-44de-872c-4ae9b66045fe@group-B85448540D00-StateMachineUpdater: Took a snapshot at index 0
2021-09-02 02:25:24,985 [9fd2e81d-61d0-44de-872c-4ae9b66045fe@group-B85448540D00-StateMachineUpdater] INFO  impl.StateMachineUpdater (StateMachineUpdater.java:lambda$new$0(89)) - 9fd2e81d-61d0-44de-872c-4ae9b66045fe@group-B85448540D00-StateMachineUpdater: snapshotIndex: updateIncreasingly -1 -> 0
2021-09-02 02:25:24,985 [ForkJoinPool.commonPool-worker-0] INFO  server.RaftServer$Division (ServerState.java:close(419)) - 9fd2e81d-61d0-44de-872c-4ae9b66045fe@group-B85448540D00: closes. applyIndex: 0
2021-09-02 02:25:24,991 [9fd2e81d-61d0-44de-872c-4ae9b66045fe@group-B85448540D00-SegmentedRaftLogWorker] INFO  segmented.SegmentedRaftLogWorker (SegmentedRaftLogWorker.java:run(327)) - 9fd2e81d-61d0-44de-872c-4ae9b66045fe@group-B85448540D00-SegmentedRaftLogWorker was interrupted, exiting. There are 0 tasks remaining in the queue.
2021-09-02 02:25:25,009 [ForkJoinPool.commonPool-worker-0] INFO  segmented.SegmentedRaftLogWorker (SegmentedRaftLogWorker.java:close(237)) - 9fd2e81d-61d0-44de-872c-4ae9b66045fe@group-B85448540D00-SegmentedRaftLogWorker close()
2021-09-02 02:25:25,015 [ForkJoinPool.commonPool-worker-0] INFO  server.RaftServer$Division (RaftServerImpl.java:lambda$close$4(407)) - 9fd2e81d-61d0-44de-872c-4ae9b66045fe@group-9DBDBFE0FE9E: shutdown
2021-09-02 02:25:25,015 [ForkJoinPool.commonPool-worker-0] INFO  util.JmxRegister (JmxRegister.java:unregister(73)) - Successfully un-registered JMX Bean with object name Ratis:service=RaftServer,group=group-9DBDBFE0FE9E,id=9fd2e81d-61d0-44de-872c-4ae9b66045fe
2021-09-02 02:25:25,015 [ForkJoinPool.commonPool-worker-0] INFO  impl.RoleInfo (RoleInfo.java:shutdownLeaderState(91)) - 9fd2e81d-61d0-44de-872c-4ae9b66045fe: shutdown 9fd2e81d-61d0-44de-872c-4ae9b66045fe@group-9DBDBFE0FE9E-LeaderStateImpl
2021-09-02 02:25:25,015 [ForkJoinPool.commonPool-worker-0] INFO  impl.PendingRequests (PendingRequests.java:sendNotLeaderResponses(282)) - 9fd2e81d-61d0-44de-872c-4ae9b66045fe@group-9DBDBFE0FE9E-PendingRequests: sendNotLeaderResponses
2021-09-02 02:25:25,016 [ForkJoinPool.commonPool-worker-0] INFO  impl.StateMachineUpdater (StateMachineUpdater.java:stopAndJoin(149)) - 9fd2e81d-61d0-44de-872c-4ae9b66045fe@group-9DBDBFE0FE9E-StateMachineUpdater: set stopIndex = 0
2021-09-02 02:25:25,016 [9fd2e81d-61d0-44de-872c-4ae9b66045fe@group-9DBDBFE0FE9E-StateMachineUpdater] INFO  ratis.ContainerStateMachine (ContainerStateMachine.java:takeSnapshot(292)) - group-9DBDBFE0FE9E: Taking a snapshot at:(t:1, i:0) file /home/runner/work/ozone/ozone/hadoop-ozone/integration-test/target/test-dir/MiniOzoneClusterImpl-29bc8a50-871c-4f9e-822f-1a9e32d9d7f8/datanode-2/data/ratis/30084a98-90ef-4f0d-b2eb-9dbdbfe0fe9e/sm/snapshot.1_0
2021-09-02 02:25:25,029 [9fd2e81d-61d0-44de-872c-4ae9b66045fe@group-9DBDBFE0FE9E-StateMachineUpdater] INFO  ratis.ContainerStateMachine (ContainerStateMachine.java:takeSnapshot(303)) - group-9DBDBFE0FE9E: Finished taking a snapshot at:(t:1, i:0) file:/home/runner/work/ozone/ozone/hadoop-ozone/integration-test/target/test-dir/MiniOzoneClusterImpl-29bc8a50-871c-4f9e-822f-1a9e32d9d7f8/datanode-2/data/ratis/30084a98-90ef-4f0d-b2eb-9dbdbfe0fe9e/sm/snapshot.1_0 took: 13 ms
2021-09-02 02:25:25,030 [9fd2e81d-61d0-44de-872c-4ae9b66045fe@group-9DBDBFE0FE9E-StateMachineUpdater] INFO  impl.StateMachineUpdater (StateMachineUpdater.java:takeSnapshot(281)) - 9fd2e81d-61d0-44de-872c-4ae9b66045fe@group-9DBDBFE0FE9E-StateMachineUpdater: Took a snapshot at index 0
2021-09-02 02:25:25,030 [9fd2e81d-61d0-44de-872c-4ae9b66045fe@group-9DBDBFE0FE9E-StateMachineUpdater] INFO  impl.StateMachineUpdater (StateMachineUpdater.java:lambda$new$0(89)) - 9fd2e81d-61d0-44de-872c-4ae9b66045fe@group-9DBDBFE0FE9E-StateMachineUpdater: snapshotIndex: updateIncreasingly -1 -> 0
2021-09-02 02:25:25,033 [ForkJoinPool.commonPool-worker-0] INFO  server.RaftServer$Division (ServerState.java:close(419)) - 9fd2e81d-61d0-44de-872c-4ae9b66045fe@group-9DBDBFE0FE9E: closes. applyIndex: 0
2021-09-02 02:25:25,037 [9fd2e81d-61d0-44de-872c-4ae9b66045fe@group-9DBDBFE0FE9E-SegmentedRaftLogWorker] INFO  segmented.SegmentedRaftLogWorker (SegmentedRaftLogWorker.java:run(327)) - 9fd2e81d-61d0-44de-872c-4ae9b66045fe@group-9DBDBFE0FE9E-SegmentedRaftLogWorker was interrupted, exiting. There are 0 tasks remaining in the queue.
2021-09-02 02:25:25,041 [ForkJoinPool.commonPool-worker-0] INFO  segmented.SegmentedRaftLogWorker (SegmentedRaftLogWorker.java:close(237)) - 9fd2e81d-61d0-44de-872c-4ae9b66045fe@group-9DBDBFE0FE9E-SegmentedRaftLogWorker close()
2021-09-02 02:25:25,043 [ForkJoinPool.commonPool-worker-0] INFO  server.GrpcService (GrpcService.java:closeImpl(262)) - 9fd2e81d-61d0-44de-872c-4ae9b66045fe: shutdown server with port 34541 now
2021-09-02 02:25:25,057 [org.apache.ratis.util.JvmPauseMonitor$$Lambda$531/908743333@10157cfb] INFO  util.JvmPauseMonitor (JvmPauseMonitor.java:run(109)) - JvmPauseMonitor-af0a5c91-f714-4dc1-a2f1-efe0e47618a1: Stopped
2021-09-02 02:25:25,078 [ForkJoinPool.commonPool-worker-0] INFO  server.GrpcService (GrpcService.java:closeImpl(271)) - 9fd2e81d-61d0-44de-872c-4ae9b66045fe: shutdown server with port 34541 successfully
2021-09-02 02:25:25,079 [org.apache.ratis.util.JvmPauseMonitor$$Lambda$531/908743333@1ae13cca] INFO  util.JvmPauseMonitor (JvmPauseMonitor.java:run(109)) - JvmPauseMonitor-9fd2e81d-61d0-44de-872c-4ae9b66045fe: Stopped
2021-09-02 02:25:25,116 [ForkJoinPool.commonPool-worker-0] INFO  utils.BackgroundService (BackgroundService.java:shutdown(132)) - Shutting down service BlockDeletingService
2021-09-02 02:25:25,173 [Listener at 127.0.0.1/45645] INFO  utils.BackgroundService (BackgroundService.java:shutdown(132)) - Shutting down service BlockDeletingService
2021-09-02 02:25:26,374 [grpc-default-executor-2] WARN  server.GrpcLogAppender (LogUtils.java:warn(122)) - 3c795851-1066-4b85-8bc1-6af36b99c451@group-D22779799422->187906f6-3436-4d7b-ba29-fc09579eb1c8-AppendLogResponseHandler: Failed appendEntries: org.apache.ratis.thirdparty.io.grpc.StatusRuntimeException: UNAVAILABLE: io exception
2021-09-02 02:25:26,445 [grpc-default-executor-11] WARN  server.GrpcLogAppender (LogUtils.java:warn(122)) - 3c795851-1066-4b85-8bc1-6af36b99c451@group-D22779799422->af0a5c91-f714-4dc1-a2f1-efe0e47618a1-AppendLogResponseHandler: Failed appendEntries: org.apache.ratis.thirdparty.io.grpc.StatusRuntimeException: UNAVAILABLE: io exception
2021-09-02 02:25:26,445 [grpc-default-executor-11] WARN  server.GrpcLogAppender (GrpcLogAppender.java:resetClient(111)) - 3c795851-1066-4b85-8bc1-6af36b99c451@group-D22779799422->af0a5c91-f714-4dc1-a2f1-efe0e47618a1-GrpcLogAppender: Leader has not got in touch with Follower 3c795851-1066-4b85-8bc1-6af36b99c451@group-D22779799422->af0a5c91-f714-4dc1-a2f1-efe0e47618a1(c0,m0,n1, attendVote=true, lastRpcSendTime=0, lastRpcResponseTime=2500) yet, just keep nextIndex unchanged and retry.
2021-09-02 02:25:26,446 [grpc-default-executor-2] WARN  server.GrpcLogAppender (GrpcLogAppender.java:resetClient(111)) - 3c795851-1066-4b85-8bc1-6af36b99c451@group-D22779799422->187906f6-3436-4d7b-ba29-fc09579eb1c8-GrpcLogAppender: Leader has not got in touch with Follower 3c795851-1066-4b85-8bc1-6af36b99c451@group-D22779799422->187906f6-3436-4d7b-ba29-fc09579eb1c8(c0,m0,n1, attendVote=true, lastRpcSendTime=0, lastRpcResponseTime=10150) yet, just keep nextIndex unchanged and retry.
2021-09-02 02:25:26,978 [grpc-default-executor-2] WARN  server.GrpcLogAppender (LogUtils.java:warn(122)) - 3c795851-1066-4b85-8bc1-6af36b99c451@group-24BBA463E12F->187906f6-3436-4d7b-ba29-fc09579eb1c8-AppendLogResponseHandler: Failed appendEntries: org.apache.ratis.thirdparty.io.grpc.StatusRuntimeException: UNAVAILABLE: io exception
2021-09-02 02:25:26,978 [grpc-default-executor-2] WARN  server.GrpcLogAppender (GrpcLogAppender.java:resetClient(111)) - 3c795851-1066-4b85-8bc1-6af36b99c451@group-24BBA463E12F->187906f6-3436-4d7b-ba29-fc09579eb1c8-GrpcLogAppender: Leader has not got in touch with Follower 3c795851-1066-4b85-8bc1-6af36b99c451@group-24BBA463E12F->187906f6-3436-4d7b-ba29-fc09579eb1c8(c-1,m0,n15, attendVote=true, lastRpcSendTime=2523, lastRpcResponseTime=8126) yet, just keep nextIndex unchanged and retry.
2021-09-02 02:25:27,399 [grpc-default-executor-2] WARN  server.GrpcLogAppender (LogUtils.java:warn(122)) - 3c795851-1066-4b85-8bc1-6af36b99c451@group-24BBA463E12F->af0a5c91-f714-4dc1-a2f1-efe0e47618a1-AppendLogResponseHandler: Failed appendEntries: org.apache.ratis.thirdparty.io.grpc.StatusRuntimeException: UNAVAILABLE: io exception
2021-09-02 02:25:27,400 [grpc-default-executor-2] INFO  leader.FollowerInfo (FollowerInfoImpl.java:lambda$new$0(46)) - 3c795851-1066-4b85-8bc1-6af36b99c451@group-24BBA463E12F->af0a5c91-f714-4dc1-a2f1-efe0e47618a1: nextIndex: updateUnconditionally 15 -> 14
2021-09-02 02:25:28,138 [ForkJoinPool.commonPool-worker-0] INFO  statemachine.DatanodeStateMachine (DatanodeStateMachine.java:stopDaemon(515)) - Ozone container server stopped.
2021-09-02 02:25:28,177 [ForkJoinPool.commonPool-worker-0] INFO  handler.ContextHandler (ContextHandler.java:doStop(1153)) - Stopped o.e.j.w.WebAppContext@50469b54{hddsDatanode,/,null,STOPPED}{jar:file:/home/runner/.m2/repository/org/apache/ozone/hdds-container-service/1.2.0-SNAPSHOT/hdds-container-service-1.2.0-SNAPSHOT.jar!/webapps/hddsDatanode}
2021-09-02 02:25:28,195 [ForkJoinPool.commonPool-worker-0] INFO  server.AbstractConnector (AbstractConnector.java:doStop(381)) - Stopped ServerConnector@56ee9ef0{HTTP/1.1, (http/1.1)}{0.0.0.0:0}
2021-09-02 02:25:28,195 [ForkJoinPool.commonPool-worker-0] INFO  server.session (HouseKeeper.java:stopScavenging(149)) - node0 Stopped scavenging
2021-09-02 02:25:28,241 [Listener at 127.0.0.1/45645] INFO  statemachine.DatanodeStateMachine (DatanodeStateMachine.java:stopDaemon(515)) - Ozone container server stopped.
2021-09-02 02:25:28,242 [Listener at 127.0.0.1/45645] INFO  handler.ContextHandler (ContextHandler.java:doStop(1153)) - Stopped o.e.j.w.WebAppContext@4715521d{hddsDatanode,/,null,STOPPED}{jar:file:/home/runner/.m2/repository/org/apache/ozone/hdds-container-service/1.2.0-SNAPSHOT/hdds-container-service-1.2.0-SNAPSHOT.jar!/webapps/hddsDatanode}
2021-09-02 02:25:28,253 [Listener at 127.0.0.1/45645] INFO  server.AbstractConnector (AbstractConnector.java:doStop(381)) - Stopped ServerConnector@430709f{HTTP/1.1, (http/1.1)}{0.0.0.0:0}
2021-09-02 02:25:28,253 [Listener at 127.0.0.1/45645] INFO  server.session (HouseKeeper.java:stopScavenging(149)) - node0 Stopped scavenging
2021-09-02 02:25:28,254 [Listener at 127.0.0.1/45645] INFO  handler.ContextHandler (ContextHandler.java:doStop(1153)) - Stopped o.e.j.s.ServletContextHandler@5bd18246{static,/static,jar:file:/home/runner/.m2/repository/org/apache/ozone/hdds-container-service/1.2.0-SNAPSHOT/hdds-container-service-1.2.0-SNAPSHOT.jar!/webapps/static,STOPPED}
2021-09-02 02:25:28,254 [Listener at 127.0.0.1/45645] INFO  handler.ContextHandler (ContextHandler.java:doStop(1153)) - Stopped o.e.j.s.ServletContextHandler@50005d26{logs,/logs,file:///home/runner/work/ozone/ozone/hadoop-ozone/integration-test/target/log,STOPPED}
2021-09-02 02:25:28,270 [ForkJoinPool.commonPool-worker-0] INFO  handler.ContextHandler (ContextHandler.java:doStop(1153)) - Stopped o.e.j.s.ServletContextHandler@2f5ffaf7{static,/static,jar:file:/home/runner/.m2/repository/org/apache/ozone/hdds-container-service/1.2.0-SNAPSHOT/hdds-container-service-1.2.0-SNAPSHOT.jar!/webapps/static,STOPPED}
2021-09-02 02:25:28,373 [ForkJoinPool.commonPool-worker-0] INFO  handler.ContextHandler (ContextHandler.java:doStop(1153)) - Stopped o.e.j.s.ServletContextHandler@4cb1b6ef{logs,/logs,file:///home/runner/work/ozone/ozone/hadoop-ozone/integration-test/target/log,STOPPED}
2021-09-02 02:25:28,455 [Datanode State Machine Thread - 0] INFO  statemachine.DatanodeStateMachine (DatanodeStateMachine.java:lambda$startDaemon$0(457)) - Ozone container server started.
2021-09-02 02:25:28,892 [Datanode State Machine Thread - 0] INFO  statemachine.DatanodeStateMachine (DatanodeStateMachine.java:lambda$startDaemon$0(457)) - Ozone container server started.
2021-09-02 02:25:28,951 [grpc-default-executor-2] WARN  server.GrpcLogAppender (LogUtils.java:warn(122)) - 3c795851-1066-4b85-8bc1-6af36b99c451@group-D22779799422->187906f6-3436-4d7b-ba29-fc09579eb1c8-AppendLogResponseHandler: Failed appendEntries: org.apache.ratis.thirdparty.io.grpc.StatusRuntimeException: UNAVAILABLE: io exception
2021-09-02 02:25:28,956 [grpc-default-executor-11] WARN  server.GrpcLogAppender (LogUtils.java:warn(122)) - 3c795851-1066-4b85-8bc1-6af36b99c451@group-D22779799422->af0a5c91-f714-4dc1-a2f1-efe0e47618a1-AppendLogResponseHandler: Failed appendEntries: org.apache.ratis.thirdparty.io.grpc.StatusRuntimeException: UNAVAILABLE: io exception
2021-09-02 02:25:28,957 [grpc-default-executor-11] WARN  server.GrpcLogAppender (GrpcLogAppender.java:resetClient(111)) - 3c795851-1066-4b85-8bc1-6af36b99c451@group-D22779799422->af0a5c91-f714-4dc1-a2f1-efe0e47618a1-GrpcLogAppender: Leader has not got in touch with Follower 3c795851-1066-4b85-8bc1-6af36b99c451@group-D22779799422->af0a5c91-f714-4dc1-a2f1-efe0e47618a1(c0,m0,n1, attendVote=true, lastRpcSendTime=2511, lastRpcResponseTime=5012) yet, just keep nextIndex unchanged and retry.
2021-09-02 02:25:28,960 [grpc-default-executor-2] WARN  server.GrpcLogAppender (GrpcLogAppender.java:resetClient(111)) - 3c795851-1066-4b85-8bc1-6af36b99c451@group-D22779799422->187906f6-3436-4d7b-ba29-fc09579eb1c8-GrpcLogAppender: Leader has not got in touch with Follower 3c795851-1066-4b85-8bc1-6af36b99c451@group-D22779799422->187906f6-3436-4d7b-ba29-fc09579eb1c8(c0,m0,n1, attendVote=true, lastRpcSendTime=2514, lastRpcResponseTime=12664) yet, just keep nextIndex unchanged and retry.
2021-09-02 02:25:29,082 [EventQueue-StaleNodeForStaleNodeHandler] INFO  node.StaleNodeHandler (StaleNodeHandler.java:onMessage(58)) - Datanode 9fd2e81d-61d0-44de-872c-4ae9b66045fe{ip: 10.1.0.11, host: fv-az195-103.u3nnjwd0vyge1bu22idnsdeq2e.cx.internal.cloudapp.net, ports: [REPLICATION=43381, RATIS=34541, RATIS_ADMIN=34541, RATIS_SERVER=34541, STANDALONE=35945], networkLocation: /default-rack, certSerialId: null, persistedOpState: IN_SERVICE, persistedOpStateExpiryEpochSec: 0} moved to stale state. Finalizing its pipelines [PipelineID=b210389a-7593-42c4-b1fe-6c0f8f3dff59, PipelineID=2454dacd-6beb-41a7-8ffd-b85448540d00, PipelineID=30084a98-90ef-4f0d-b2eb-9dbdbfe0fe9e]
2021-09-02 02:25:29,083 [EventQueue-StaleNodeForStaleNodeHandler] INFO  pipeline.PipelineManagerImpl (PipelineManagerImpl.java:closePipeline(342)) - Pipeline Pipeline[ Id: 30084a98-90ef-4f0d-b2eb-9dbdbfe0fe9e, Nodes: 9fd2e81d-61d0-44de-872c-4ae9b66045fe{ip: 10.1.0.11, host: fv-az195-103.u3nnjwd0vyge1bu22idnsdeq2e.cx.internal.cloudapp.net, ports: [REPLICATION=43381, RATIS=34541, RATIS_ADMIN=34541, RATIS_SERVER=34541, STANDALONE=35945], networkLocation: /default-rack, certSerialId: null, persistedOpState: IN_SERVICE, persistedOpStateExpiryEpochSec: 0}, ReplicationConfig: RATIS/ONE, State:OPEN, leaderId:9fd2e81d-61d0-44de-872c-4ae9b66045fe, CreationTimestamp2021-09-02T02:24:17.886Z[Etc/UTC]] moved to CLOSED state
2021-09-02 02:25:29,497 [EventQueue-StaleNodeForStaleNodeHandler] INFO  node.StaleNodeHandler (StaleNodeHandler.java:onMessage(58)) - Datanode af0a5c91-f714-4dc1-a2f1-efe0e47618a1{ip: 10.1.0.11, host: fv-az195-103.u3nnjwd0vyge1bu22idnsdeq2e.cx.internal.cloudapp.net, ports: [REPLICATION=43217, RATIS=35001, RATIS_ADMIN=35001, RATIS_SERVER=35001, STANDALONE=35895], networkLocation: /default-rack, certSerialId: null, persistedOpState: IN_SERVICE, persistedOpStateExpiryEpochSec: 0} moved to stale state. Finalizing its pipelines [PipelineID=5a36dfcd-72fc-46b3-9ff7-24bba463e12f, PipelineID=d6b44281-4388-4f6e-aec4-d22779799422, PipelineID=5bf3b625-b2d2-4c5c-9ac8-aaafc895a574]
2021-09-02 02:25:29,498 [EventQueue-StaleNodeForStaleNodeHandler] INFO  pipeline.PipelineManagerImpl (PipelineManagerImpl.java:closePipeline(342)) - Pipeline Pipeline[ Id: 5bf3b625-b2d2-4c5c-9ac8-aaafc895a574, Nodes: af0a5c91-f714-4dc1-a2f1-efe0e47618a1{ip: 10.1.0.11, host: fv-az195-103.u3nnjwd0vyge1bu22idnsdeq2e.cx.internal.cloudapp.net, ports: [REPLICATION=43217, RATIS=35001, RATIS_ADMIN=35001, RATIS_SERVER=35001, STANDALONE=35895], networkLocation: /default-rack, certSerialId: null, persistedOpState: IN_SERVICE, persistedOpStateExpiryEpochSec: 0}, ReplicationConfig: RATIS/ONE, State:OPEN, leaderId:af0a5c91-f714-4dc1-a2f1-efe0e47618a1, CreationTimestamp2021-09-02T02:24:18.850Z[Etc/UTC]] moved to CLOSED state
2021-09-02 02:25:29,538 [grpc-default-executor-2] WARN  server.GrpcLogAppender (LogUtils.java:warn(122)) - 3c795851-1066-4b85-8bc1-6af36b99c451@group-24BBA463E12F->187906f6-3436-4d7b-ba29-fc09579eb1c8-AppendLogResponseHandler: Failed appendEntries: org.apache.ratis.thirdparty.io.grpc.StatusRuntimeException: UNAVAILABLE: io exception
2021-09-02 02:25:29,539 [grpc-default-executor-2] WARN  server.GrpcLogAppender (GrpcLogAppender.java:resetClient(111)) - 3c795851-1066-4b85-8bc1-6af36b99c451@group-24BBA463E12F->187906f6-3436-4d7b-ba29-fc09579eb1c8-GrpcLogAppender: Leader has not got in touch with Follower 3c795851-1066-4b85-8bc1-6af36b99c451@group-24BBA463E12F->187906f6-3436-4d7b-ba29-fc09579eb1c8(c-1,m0,n15, attendVote=true, lastRpcSendTime=2559, lastRpcResponseTime=10687) yet, just keep nextIndex unchanged and retry.
2021-09-02 02:25:29,878 [3c795851-1066-4b85-8bc1-6af36b99c451@group-D22779799422-LeaderStateImpl] WARN  server.RaftServer$Division (LeaderStateImpl.java:checkLeadership(944)) - 3c795851-1066-4b85-8bc1-6af36b99c451@group-D22779799422-LeaderStateImpl: Lost leadership on term: 5. Election timeout: 5200ms. In charge for: 41697ms. Conf: 0: [3c795851-1066-4b85-8bc1-6af36b99c451|rpc:10.1.0.11:42401|dataStream:|priority:1, 187906f6-3436-4d7b-ba29-fc09579eb1c8|rpc:10.1.0.11:41159|dataStream:|priority:0, af0a5c91-f714-4dc1-a2f1-efe0e47618a1|rpc:10.1.0.11:35001|dataStream:|priority:0], old=null
2021-09-02 02:25:29,878 [3c795851-1066-4b85-8bc1-6af36b99c451@group-D22779799422-LeaderStateImpl] WARN  server.RaftServer$Division (LeaderStateImpl.java:lambda$checkLeadership$15(948)) - Follower 3c795851-1066-4b85-8bc1-6af36b99c451@group-D22779799422->187906f6-3436-4d7b-ba29-fc09579eb1c8(c0,m0,n1, attendVote=true, lastRpcSendTime=917, lastRpcResponseTime=13582)
2021-09-02 02:25:29,878 [3c795851-1066-4b85-8bc1-6af36b99c451@group-D22779799422-LeaderStateImpl] WARN  server.RaftServer$Division (LeaderStateImpl.java:lambda$checkLeadership$15(948)) - Follower 3c795851-1066-4b85-8bc1-6af36b99c451@group-D22779799422->af0a5c91-f714-4dc1-a2f1-efe0e47618a1(c0,m0,n1, attendVote=true, lastRpcSendTime=920, lastRpcResponseTime=5933)
2021-09-02 02:25:29,878 [3c795851-1066-4b85-8bc1-6af36b99c451@group-D22779799422-LeaderStateImpl] INFO  server.RaftServer$Division (RaftServerImpl.java:setRole(285)) - 3c795851-1066-4b85-8bc1-6af36b99c451@group-D22779799422: changes role from    LEADER to FOLLOWER at term 5 for StepDownReason:LOST_MAJORITY_HEARTBEATS
2021-09-02 02:25:29,878 [3c795851-1066-4b85-8bc1-6af36b99c451@group-D22779799422-LeaderStateImpl] INFO  impl.RoleInfo (RoleInfo.java:shutdownLeaderState(91)) - 3c795851-1066-4b85-8bc1-6af36b99c451: shutdown 3c795851-1066-4b85-8bc1-6af36b99c451@group-D22779799422-LeaderStateImpl
2021-09-02 02:25:29,878 [3c795851-1066-4b85-8bc1-6af36b99c451@group-D22779799422-LeaderStateImpl] INFO  impl.PendingRequests (PendingRequests.java:sendNotLeaderResponses(282)) - 3c795851-1066-4b85-8bc1-6af36b99c451@group-D22779799422-PendingRequests: sendNotLeaderResponses
2021-09-02 02:25:29,879 [3c795851-1066-4b85-8bc1-6af36b99c451@group-D22779799422-LeaderStateImpl] INFO  impl.RoleInfo (RoleInfo.java:updateAndGet(130)) - 3c795851-1066-4b85-8bc1-6af36b99c451: start 3c795851-1066-4b85-8bc1-6af36b99c451@group-D22779799422-FollowerState
2021-09-02 02:25:29,900 [grpc-default-executor-2] WARN  server.GrpcLogAppender (LogUtils.java:warn(122)) - 3c795851-1066-4b85-8bc1-6af36b99c451@group-24BBA463E12F->af0a5c91-f714-4dc1-a2f1-efe0e47618a1-AppendLogResponseHandler: Failed appendEntries: org.apache.ratis.thirdparty.io.grpc.StatusRuntimeException: UNAVAILABLE: io exception
2021-09-02 02:25:29,900 [grpc-default-executor-2] INFO  leader.FollowerInfo (FollowerInfoImpl.java:lambda$new$0(46)) - 3c795851-1066-4b85-8bc1-6af36b99c451@group-24BBA463E12F->af0a5c91-f714-4dc1-a2f1-efe0e47618a1: nextIndex: updateUnconditionally 15 -> 14
2021-09-02 02:25:30,441 [EventQueue-DeadNodeForDeadNodeHandler] INFO  node.DeadNodeHandler (DeadNodeHandler.java:onMessage(80)) - A dead datanode is detected. 187906f6-3436-4d7b-ba29-fc09579eb1c8{ip: 10.1.0.11, host: fv-az195-103.u3nnjwd0vyge1bu22idnsdeq2e.cx.internal.cloudapp.net, ports: [REPLICATION=45931, RATIS=41159, RATIS_ADMIN=41159, RATIS_SERVER=41159, STANDALONE=44607], networkLocation: /default-rack, certSerialId: null, persistedOpState: IN_SERVICE, persistedOpStateExpiryEpochSec: 0}
2021-09-02 02:25:30,441 [EventQueue-DeadNodeForDeadNodeHandler] INFO  pipeline.RatisPipelineProvider (RatisPipelineProvider.java:lambda$close$1(222)) - Send pipeline:PipelineID=5a36dfcd-72fc-46b3-9ff7-24bba463e12f close command to datanode af0a5c91-f714-4dc1-a2f1-efe0e47618a1
2021-09-02 02:25:30,441 [EventQueue-DeadNodeForDeadNodeHandler] INFO  pipeline.RatisPipelineProvider (RatisPipelineProvider.java:lambda$close$1(222)) - Send pipeline:PipelineID=5a36dfcd-72fc-46b3-9ff7-24bba463e12f close command to datanode 187906f6-3436-4d7b-ba29-fc09579eb1c8
2021-09-02 02:25:30,441 [EventQueue-DeadNodeForDeadNodeHandler] INFO  pipeline.RatisPipelineProvider (RatisPipelineProvider.java:lambda$close$1(222)) - Send pipeline:PipelineID=5a36dfcd-72fc-46b3-9ff7-24bba463e12f close command to datanode 3c795851-1066-4b85-8bc1-6af36b99c451
2021-09-02 02:25:30,451 [EventQueue-DeadNodeForDeadNodeHandler] INFO  pipeline.PipelineStateManager (PipelineStateManagerV2Impl.java:removePipeline(211)) - Pipeline Pipeline[ Id: 5a36dfcd-72fc-46b3-9ff7-24bba463e12f, Nodes: af0a5c91-f714-4dc1-a2f1-efe0e47618a1{ip: 10.1.0.11, host: fv-az195-103.u3nnjwd0vyge1bu22idnsdeq2e.cx.internal.cloudapp.net, ports: [REPLICATION=43217, RATIS=35001, RATIS_ADMIN=35001, RATIS_SERVER=35001, STANDALONE=35895], networkLocation: /default-rack, certSerialId: null, persistedOpState: IN_SERVICE, persistedOpStateExpiryEpochSec: 0}187906f6-3436-4d7b-ba29-fc09579eb1c8{ip: 10.1.0.11, host: fv-az195-103.u3nnjwd0vyge1bu22idnsdeq2e.cx.internal.cloudapp.net, ports: [REPLICATION=45931, RATIS=41159, RATIS_ADMIN=41159, RATIS_SERVER=41159, STANDALONE=44607], networkLocation: /default-rack, certSerialId: null, persistedOpState: IN_SERVICE, persistedOpStateExpiryEpochSec: 0}3c795851-1066-4b85-8bc1-6af36b99c451{ip: 10.1.0.11, host: fv-az195-103.u3nnjwd0vyge1bu22idnsdeq2e.cx.internal.cloudapp.net, ports: [REPLICATION=42663, RATIS=42401, RATIS_ADMIN=42401, RATIS_SERVER=42401, STANDALONE=45997], networkLocation: /default-rack, certSerialId: null, persistedOpState: IN_SERVICE, persistedOpStateExpiryEpochSec: 0}, ReplicationConfig: RATIS/THREE, State:CLOSED, leaderId:3c795851-1066-4b85-8bc1-6af36b99c451, CreationTimestamp2021-09-02T02:24:20.127Z[Etc/UTC]] removed.
2021-09-02 02:25:30,452 [EventQueue-DeadNodeForDeadNodeHandler] INFO  pipeline.RatisPipelineProvider (RatisPipelineProvider.java:lambda$close$1(222)) - Send pipeline:PipelineID=b173e2a2-adb1-490c-9fdd-d6c00a4c7428 close command to datanode 187906f6-3436-4d7b-ba29-fc09579eb1c8
2021-09-02 02:25:30,452 [EventQueue-DeadNodeForDeadNodeHandler] INFO  pipeline.PipelineStateManager (PipelineStateManagerV2Impl.java:removePipeline(211)) - Pipeline Pipeline[ Id: b173e2a2-adb1-490c-9fdd-d6c00a4c7428, Nodes: 187906f6-3436-4d7b-ba29-fc09579eb1c8{ip: 10.1.0.11, host: fv-az195-103.u3nnjwd0vyge1bu22idnsdeq2e.cx.internal.cloudapp.net, ports: [REPLICATION=45931, RATIS=41159, RATIS_ADMIN=41159, RATIS_SERVER=41159, STANDALONE=44607], networkLocation: /default-rack, certSerialId: null, persistedOpState: IN_SERVICE, persistedOpStateExpiryEpochSec: 0}, ReplicationConfig: RATIS/ONE, State:CLOSED, leaderId:187906f6-3436-4d7b-ba29-fc09579eb1c8, CreationTimestamp2021-09-02T02:24:19.422Z[Etc/UTC]] removed.
2021-09-02 02:25:30,452 [EventQueue-DeadNodeForDeadNodeHandler] INFO  pipeline.RatisPipelineProvider (RatisPipelineProvider.java:lambda$close$1(222)) - Send pipeline:PipelineID=d6b44281-4388-4f6e-aec4-d22779799422 close command to datanode 3c795851-1066-4b85-8bc1-6af36b99c451
2021-09-02 02:25:30,452 [EventQueue-DeadNodeForDeadNodeHandler] INFO  pipeline.RatisPipelineProvider (RatisPipelineProvider.java:lambda$close$1(222)) - Send pipeline:PipelineID=d6b44281-4388-4f6e-aec4-d22779799422 close command to datanode 187906f6-3436-4d7b-ba29-fc09579eb1c8
2021-09-02 02:25:30,452 [EventQueue-DeadNodeForDeadNodeHandler] INFO  pipeline.RatisPipelineProvider (RatisPipelineProvider.java:lambda$close$1(222)) - Send pipeline:PipelineID=d6b44281-4388-4f6e-aec4-d22779799422 close command to datanode af0a5c91-f714-4dc1-a2f1-efe0e47618a1
2021-09-02 02:25:30,452 [EventQueue-DeadNodeForDeadNodeHandler] INFO  pipeline.PipelineStateManager (PipelineStateManagerV2Impl.java:removePipeline(211)) - Pipeline Pipeline[ Id: d6b44281-4388-4f6e-aec4-d22779799422, Nodes: 3c795851-1066-4b85-8bc1-6af36b99c451{ip: 10.1.0.11, host: fv-az195-103.u3nnjwd0vyge1bu22idnsdeq2e.cx.internal.cloudapp.net, ports: [REPLICATION=42663, RATIS=42401, RATIS_ADMIN=42401, RATIS_SERVER=42401, STANDALONE=45997], networkLocation: /default-rack, certSerialId: null, persistedOpState: IN_SERVICE, persistedOpStateExpiryEpochSec: 0}187906f6-3436-4d7b-ba29-fc09579eb1c8{ip: 10.1.0.11, host: fv-az195-103.u3nnjwd0vyge1bu22idnsdeq2e.cx.internal.cloudapp.net, ports: [REPLICATION=45931, RATIS=41159, RATIS_ADMIN=41159, RATIS_SERVER=41159, STANDALONE=44607], networkLocation: /default-rack, certSerialId: null, persistedOpState: IN_SERVICE, persistedOpStateExpiryEpochSec: 0}af0a5c91-f714-4dc1-a2f1-efe0e47618a1{ip: 10.1.0.11, host: fv-az195-103.u3nnjwd0vyge1bu22idnsdeq2e.cx.internal.cloudapp.net, ports: [REPLICATION=43217, RATIS=35001, RATIS_ADMIN=35001, RATIS_SERVER=35001, STANDALONE=35895], networkLocation: /default-rack, certSerialId: null, persistedOpState: IN_SERVICE, persistedOpStateExpiryEpochSec: 0}, ReplicationConfig: RATIS/THREE, State:CLOSED, leaderId:3c795851-1066-4b85-8bc1-6af36b99c451, CreationTimestamp2021-09-02T02:24:20.126Z[Etc/UTC]] removed.
2021-09-02 02:25:30,452 [EventQueue-DeadNodeForDeadNodeHandler] INFO  net.NetworkTopologyImpl (NetworkTopologyImpl.java:remove(137)) - Removed a node: /default-rack/187906f6-3436-4d7b-ba29-fc09579eb1c8
2021-09-02 02:25:31,345 [EventQueue-DeadNodeForDeadNodeHandler] INFO  node.DeadNodeHandler (DeadNodeHandler.java:onMessage(80)) - A dead datanode is detected. a378c862-060f-4c80-8a42-fa0762e0f8c9{ip: 10.1.0.11, host: fv-az195-103.u3nnjwd0vyge1bu22idnsdeq2e.cx.internal.cloudapp.net, ports: [REPLICATION=35779, RATIS=42281, RATIS_ADMIN=42281, RATIS_SERVER=42281, STANDALONE=39649], networkLocation: /default-rack, certSerialId: null, persistedOpState: IN_SERVICE, persistedOpStateExpiryEpochSec: 0}
2021-09-02 02:25:31,345 [EventQueue-DeadNodeForDeadNodeHandler] INFO  pipeline.RatisPipelineProvider (RatisPipelineProvider.java:lambda$close$1(222)) - Send pipeline:PipelineID=ba8af5f1-bfbd-4481-86ec-d3cf43f22c22 close command to datanode a378c862-060f-4c80-8a42-fa0762e0f8c9
2021-09-02 02:25:31,345 [EventQueue-DeadNodeForDeadNodeHandler] INFO  pipeline.PipelineStateManager (PipelineStateManagerV2Impl.java:removePipeline(211)) - Pipeline Pipeline[ Id: ba8af5f1-bfbd-4481-86ec-d3cf43f22c22, Nodes: a378c862-060f-4c80-8a42-fa0762e0f8c9{ip: 10.1.0.11, host: fv-az195-103.u3nnjwd0vyge1bu22idnsdeq2e.cx.internal.cloudapp.net, ports: [REPLICATION=35779, RATIS=42281, RATIS_ADMIN=42281, RATIS_SERVER=42281, STANDALONE=39649], networkLocation: /default-rack, certSerialId: null, persistedOpState: IN_SERVICE, persistedOpStateExpiryEpochSec: 0}, ReplicationConfig: RATIS/ONE, State:CLOSED, leaderId:a378c862-060f-4c80-8a42-fa0762e0f8c9, CreationTimestamp2021-09-02T02:24:17.213Z[Etc/UTC]] removed.
2021-09-02 02:25:31,345 [EventQueue-DeadNodeForDeadNodeHandler] INFO  pipeline.RatisPipelineProvider (RatisPipelineProvider.java:lambda$close$1(222)) - Send pipeline:PipelineID=b210389a-7593-42c4-b1fe-6c0f8f3dff59 close command to datanode a378c862-060f-4c80-8a42-fa0762e0f8c9
2021-09-02 02:25:31,345 [EventQueue-DeadNodeForDeadNodeHandler] INFO  pipeline.RatisPipelineProvider (RatisPipelineProvider.java:lambda$close$1(222)) - Send pipeline:PipelineID=b210389a-7593-42c4-b1fe-6c0f8f3dff59 close command to datanode 9fd2e81d-61d0-44de-872c-4ae9b66045fe
2021-09-02 02:25:31,345 [EventQueue-DeadNodeForDeadNodeHandler] INFO  pipeline.RatisPipelineProvider (RatisPipelineProvider.java:lambda$close$1(222)) - Send pipeline:PipelineID=b210389a-7593-42c4-b1fe-6c0f8f3dff59 close command to datanode 12400696-0678-464b-ad01-faef76468be0
2021-09-02 02:25:31,346 [EventQueue-DeadNodeForDeadNodeHandler] INFO  pipeline.PipelineStateManager (PipelineStateManagerV2Impl.java:removePipeline(211)) - Pipeline Pipeline[ Id: b210389a-7593-42c4-b1fe-6c0f8f3dff59, Nodes: a378c862-060f-4c80-8a42-fa0762e0f8c9{ip: 10.1.0.11, host: fv-az195-103.u3nnjwd0vyge1bu22idnsdeq2e.cx.internal.cloudapp.net, ports: [REPLICATION=35779, RATIS=42281, RATIS_ADMIN=42281, RATIS_SERVER=42281, STANDALONE=39649], networkLocation: /default-rack, certSerialId: null, persistedOpState: IN_SERVICE, persistedOpStateExpiryEpochSec: 0}9fd2e81d-61d0-44de-872c-4ae9b66045fe{ip: 10.1.0.11, host: fv-az195-103.u3nnjwd0vyge1bu22idnsdeq2e.cx.internal.cloudapp.net, ports: [REPLICATION=43381, RATIS=34541, RATIS_ADMIN=34541, RATIS_SERVER=34541, STANDALONE=35945], networkLocation: /default-rack, certSerialId: null, persistedOpState: IN_SERVICE, persistedOpStateExpiryEpochSec: 0}12400696-0678-464b-ad01-faef76468be0{ip: 10.1.0.11, host: fv-az195-103.u3nnjwd0vyge1bu22idnsdeq2e.cx.internal.cloudapp.net, ports: [REPLICATION=34965, RATIS=44187, RATIS_ADMIN=44187, RATIS_SERVER=44187, STANDALONE=33307], networkLocation: /default-rack, certSerialId: null, persistedOpState: IN_SERVICE, persistedOpStateExpiryEpochSec: 0}, ReplicationConfig: RATIS/THREE, State:CLOSED, leaderId:a378c862-060f-4c80-8a42-fa0762e0f8c9, CreationTimestamp2021-09-02T02:24:17.887Z[Etc/UTC]] removed.
2021-09-02 02:25:31,346 [EventQueue-DeadNodeForDeadNodeHandler] INFO  pipeline.RatisPipelineProvider (RatisPipelineProvider.java:lambda$close$1(222)) - Send pipeline:PipelineID=2454dacd-6beb-41a7-8ffd-b85448540d00 close command to datanode 12400696-0678-464b-ad01-faef76468be0
2021-09-02 02:25:31,346 [EventQueue-DeadNodeForDeadNodeHandler] INFO  pipeline.RatisPipelineProvider (RatisPipelineProvider.java:lambda$close$1(222)) - Send pipeline:PipelineID=2454dacd-6beb-41a7-8ffd-b85448540d00 close command to datanode 9fd2e81d-61d0-44de-872c-4ae9b66045fe
2021-09-02 02:25:31,346 [EventQueue-DeadNodeForDeadNodeHandler] INFO  pipeline.RatisPipelineProvider (RatisPipelineProvider.java:lambda$close$1(222)) - Send pipeline:PipelineID=2454dacd-6beb-41a7-8ffd-b85448540d00 close command to datanode a378c862-060f-4c80-8a42-fa0762e0f8c9
2021-09-02 02:25:31,346 [EventQueue-DeadNodeForDeadNodeHandler] INFO  pipeline.PipelineStateManager (PipelineStateManagerV2Impl.java:removePipeline(211)) - Pipeline Pipeline[ Id: 2454dacd-6beb-41a7-8ffd-b85448540d00, Nodes: 12400696-0678-464b-ad01-faef76468be0{ip: 10.1.0.11, host: fv-az195-103.u3nnjwd0vyge1bu22idnsdeq2e.cx.internal.cloudapp.net, ports: [REPLICATION=34965, RATIS=44187, RATIS_ADMIN=44187, RATIS_SERVER=44187, STANDALONE=33307], networkLocation: /default-rack, certSerialId: null, persistedOpState: IN_SERVICE, persistedOpStateExpiryEpochSec: 0}9fd2e81d-61d0-44de-872c-4ae9b66045fe{ip: 10.1.0.11, host: fv-az195-103.u3nnjwd0vyge1bu22idnsdeq2e.cx.internal.cloudapp.net, ports: [REPLICATION=43381, RATIS=34541, RATIS_ADMIN=34541, RATIS_SERVER=34541, STANDALONE=35945], networkLocation: /default-rack, certSerialId: null, persistedOpState: IN_SERVICE, persistedOpStateExpiryEpochSec: 0}a378c862-060f-4c80-8a42-fa0762e0f8c9{ip: 10.1.0.11, host: fv-az195-103.u3nnjwd0vyge1bu22idnsdeq2e.cx.internal.cloudapp.net, ports: [REPLICATION=35779, RATIS=42281, RATIS_ADMIN=42281, RATIS_SERVER=42281, STANDALONE=39649], networkLocation: /default-rack, certSerialId: null, persistedOpState: IN_SERVICE, persistedOpStateExpiryEpochSec: 0}, ReplicationConfig: RATIS/THREE, State:CLOSED, leaderId:9fd2e81d-61d0-44de-872c-4ae9b66045fe, CreationTimestamp2021-09-02T02:24:17.888Z[Etc/UTC]] removed.
2021-09-02 02:25:31,346 [EventQueue-DeadNodeForDeadNodeHandler] INFO  net.NetworkTopologyImpl (NetworkTopologyImpl.java:remove(137)) - Removed a node: /default-rack/a378c862-060f-4c80-8a42-fa0762e0f8c9
2021-09-02 02:25:31,737 [12400696-0678-464b-ad01-faef76468be0@group-6C0F8F3DFF59-FollowerState] INFO  impl.FollowerState (FollowerState.java:run(134)) - 12400696-0678-464b-ad01-faef76468be0@group-6C0F8F3DFF59-FollowerState: change to CANDIDATE, lastRpcElapsedTime:7303563765ns, electionTimeout:5153ms
2021-09-02 02:25:31,737 [12400696-0678-464b-ad01-faef76468be0@group-6C0F8F3DFF59-FollowerState] INFO  impl.RoleInfo (RoleInfo.java:shutdownFollowerState(108)) - 12400696-0678-464b-ad01-faef76468be0: shutdown 12400696-0678-464b-ad01-faef76468be0@group-6C0F8F3DFF59-FollowerState
2021-09-02 02:25:31,737 [12400696-0678-464b-ad01-faef76468be0@group-6C0F8F3DFF59-FollowerState] INFO  server.RaftServer$Division (RaftServerImpl.java:setRole(285)) - 12400696-0678-464b-ad01-faef76468be0@group-6C0F8F3DFF59: changes role from  FOLLOWER to CANDIDATE at term 11 for changeToCandidate
2021-09-02 02:25:31,737 [12400696-0678-464b-ad01-faef76468be0@group-6C0F8F3DFF59-FollowerState] INFO  server.RaftServerConfigKeys (ConfUtils.java:logGet(44)) - raft.server.leaderelection.pre-vote = false (custom)
2021-09-02 02:25:31,737 [12400696-0678-464b-ad01-faef76468be0@group-6C0F8F3DFF59-FollowerState] INFO  impl.RoleInfo (RoleInfo.java:updateAndGet(130)) - 12400696-0678-464b-ad01-faef76468be0: start 12400696-0678-464b-ad01-faef76468be0@group-6C0F8F3DFF59-LeaderElection188
2021-09-02 02:25:31,738 [12400696-0678-464b-ad01-faef76468be0@group-6C0F8F3DFF59-LeaderElection188] INFO  server.RaftServer$Division (ServerState.java:setLeader(285)) - 12400696-0678-464b-ad01-faef76468be0@group-6C0F8F3DFF59: change Leader from 9fd2e81d-61d0-44de-872c-4ae9b66045fe to null at term 11 for ELECTION
2021-09-02 02:25:31,745 [12400696-0678-464b-ad01-faef76468be0@group-6C0F8F3DFF59-LeaderElection188] INFO  impl.LeaderElection (LeaderElection.java:askForVotes(306)) - 12400696-0678-464b-ad01-faef76468be0@group-6C0F8F3DFF59-LeaderElection188 ELECTION round 0: submit vote requests at term 12 for 3: [12400696-0678-464b-ad01-faef76468be0|rpc:10.1.0.11:44187|dataStream:|priority:0, a378c862-060f-4c80-8a42-fa0762e0f8c9|rpc:10.1.0.11:42281|dataStream:|priority:1, 9fd2e81d-61d0-44de-872c-4ae9b66045fe|rpc:10.1.0.11:34541|dataStream:|priority:0], old=null
2021-09-02 02:25:31,814 [12400696-0678-464b-ad01-faef76468be0@group-6C0F8F3DFF59-LeaderElection188] INFO  impl.LeaderElection (LogUtils.java:infoOrTrace(137)) - 12400696-0678-464b-ad01-faef76468be0@group-6C0F8F3DFF59-LeaderElection188 got exception when requesting votes: java.util.concurrent.ExecutionException: org.apache.ratis.thirdparty.io.grpc.StatusRuntimeException: UNAVAILABLE: io exception
2021-09-02 02:25:31,814 [12400696-0678-464b-ad01-faef76468be0@group-6C0F8F3DFF59-LeaderElection188] INFO  impl.LeaderElection (LogUtils.java:infoOrTrace(137)) - 12400696-0678-464b-ad01-faef76468be0@group-6C0F8F3DFF59-LeaderElection188 got exception when requesting votes: java.util.concurrent.ExecutionException: org.apache.ratis.thirdparty.io.grpc.StatusRuntimeException: UNAVAILABLE: io exception
2021-09-02 02:25:31,814 [12400696-0678-464b-ad01-faef76468be0@group-6C0F8F3DFF59-LeaderElection188] INFO  impl.LeaderElection (LeaderElection.java:logAndReturn(89)) - 12400696-0678-464b-ad01-faef76468be0@group-6C0F8F3DFF59-LeaderElection188: ELECTION REJECTED received 0 response(s) and 2 exception(s):
2021-09-02 02:25:31,814 [12400696-0678-464b-ad01-faef76468be0@group-6C0F8F3DFF59-LeaderElection188] INFO  impl.LeaderElection (LogUtils.java:infoOrTrace(137)) -   Exception 0: java.util.concurrent.ExecutionException: org.apache.ratis.thirdparty.io.grpc.StatusRuntimeException: UNAVAILABLE: io exception
2021-09-02 02:25:31,814 [12400696-0678-464b-ad01-faef76468be0@group-6C0F8F3DFF59-LeaderElection188] INFO  impl.LeaderElection (LogUtils.java:infoOrTrace(137)) -   Exception 1: java.util.concurrent.ExecutionException: org.apache.ratis.thirdparty.io.grpc.StatusRuntimeException: UNAVAILABLE: io exception
2021-09-02 02:25:31,814 [12400696-0678-464b-ad01-faef76468be0@group-6C0F8F3DFF59-LeaderElection188] INFO  impl.LeaderElection (LeaderElection.java:askForVotes(308)) - 12400696-0678-464b-ad01-faef76468be0@group-6C0F8F3DFF59-LeaderElection188 ELECTION round 0: result REJECTED
2021-09-02 02:25:31,814 [12400696-0678-464b-ad01-faef76468be0@group-6C0F8F3DFF59-LeaderElection188] INFO  server.RaftServer$Division (RaftServerImpl.java:setRole(285)) - 12400696-0678-464b-ad01-faef76468be0@group-6C0F8F3DFF59: changes role from CANDIDATE to FOLLOWER at term 12 for REJECTED
2021-09-02 02:25:31,814 [12400696-0678-464b-ad01-faef76468be0@group-6C0F8F3DFF59-LeaderElection188] INFO  impl.RoleInfo (RoleInfo.java:shutdownLeaderElection(121)) - 12400696-0678-464b-ad01-faef76468be0: shutdown 12400696-0678-464b-ad01-faef76468be0@group-6C0F8F3DFF59-LeaderElection188
2021-09-02 02:25:31,814 [12400696-0678-464b-ad01-faef76468be0@group-6C0F8F3DFF59-LeaderElection188] INFO  impl.RoleInfo (RoleInfo.java:updateAndGet(130)) - 12400696-0678-464b-ad01-faef76468be0: start 12400696-0678-464b-ad01-faef76468be0@group-6C0F8F3DFF59-FollowerState
2021-09-02 02:25:31,946 [12400696-0678-464b-ad01-faef76468be0@group-B85448540D00-FollowerState] INFO  impl.FollowerState (FollowerState.java:run(134)) - 12400696-0678-464b-ad01-faef76468be0@group-B85448540D00-FollowerState: change to CANDIDATE, lastRpcElapsedTime:7608313183ns, electionTimeout:5047ms
2021-09-02 02:25:31,946 [12400696-0678-464b-ad01-faef76468be0@group-B85448540D00-FollowerState] INFO  impl.RoleInfo (RoleInfo.java:shutdownFollowerState(108)) - 12400696-0678-464b-ad01-faef76468be0: shutdown 12400696-0678-464b-ad01-faef76468be0@group-B85448540D00-FollowerState
2021-09-02 02:25:31,946 [12400696-0678-464b-ad01-faef76468be0@group-B85448540D00-FollowerState] INFO  server.RaftServer$Division (RaftServerImpl.java:setRole(285)) - 12400696-0678-464b-ad01-faef76468be0@group-B85448540D00: changes role from  FOLLOWER to CANDIDATE at term 3 for changeToCandidate
2021-09-02 02:25:31,946 [12400696-0678-464b-ad01-faef76468be0@group-B85448540D00-FollowerState] INFO  server.RaftServerConfigKeys (ConfUtils.java:logGet(44)) - raft.server.leaderelection.pre-vote = false (custom)
2021-09-02 02:25:31,946 [12400696-0678-464b-ad01-faef76468be0@group-B85448540D00-FollowerState] INFO  impl.RoleInfo (RoleInfo.java:updateAndGet(130)) - 12400696-0678-464b-ad01-faef76468be0: start 12400696-0678-464b-ad01-faef76468be0@group-B85448540D00-LeaderElection189
2021-09-02 02:25:31,975 [12400696-0678-464b-ad01-faef76468be0@group-B85448540D00-LeaderElection189] INFO  server.RaftServer$Division (ServerState.java:setLeader(285)) - 12400696-0678-464b-ad01-faef76468be0@group-B85448540D00: change Leader from 9fd2e81d-61d0-44de-872c-4ae9b66045fe to null at term 3 for ELECTION
2021-09-02 02:25:31,987 [12400696-0678-464b-ad01-faef76468be0@group-B85448540D00-LeaderElection189] INFO  impl.LeaderElection (LeaderElection.java:askForVotes(306)) - 12400696-0678-464b-ad01-faef76468be0@group-B85448540D00-LeaderElection189 ELECTION round 0: submit vote requests at term 4 for 0: [12400696-0678-464b-ad01-faef76468be0|rpc:10.1.0.11:44187|dataStream:|priority:0, a378c862-060f-4c80-8a42-fa0762e0f8c9|rpc:10.1.0.11:42281|dataStream:|priority:0, 9fd2e81d-61d0-44de-872c-4ae9b66045fe|rpc:10.1.0.11:34541|dataStream:|priority:1], old=null
2021-09-02 02:25:32,007 [12400696-0678-464b-ad01-faef76468be0@group-B85448540D00-LeaderElection189] INFO  impl.LeaderElection (LogUtils.java:infoOrTrace(137)) - 12400696-0678-464b-ad01-faef76468be0@group-B85448540D00-LeaderElection189 got exception when requesting votes: java.util.concurrent.ExecutionException: org.apache.ratis.thirdparty.io.grpc.StatusRuntimeException: UNAVAILABLE: io exception
2021-09-02 02:25:32,007 [12400696-0678-464b-ad01-faef76468be0@group-B85448540D00-LeaderElection189] INFO  impl.LeaderElection (LogUtils.java:infoOrTrace(137)) - 12400696-0678-464b-ad01-faef76468be0@group-B85448540D00-LeaderElection189 got exception when requesting votes: java.util.concurrent.ExecutionException: org.apache.ratis.thirdparty.io.grpc.StatusRuntimeException: UNAVAILABLE: io exception
2021-09-02 02:25:32,007 [12400696-0678-464b-ad01-faef76468be0@group-B85448540D00-LeaderElection189] INFO  impl.LeaderElection (LeaderElection.java:logAndReturn(89)) - 12400696-0678-464b-ad01-faef76468be0@group-B85448540D00-LeaderElection189: ELECTION REJECTED received 0 response(s) and 2 exception(s):
2021-09-02 02:25:32,007 [12400696-0678-464b-ad01-faef76468be0@group-B85448540D00-LeaderElection189] INFO  impl.LeaderElection (LogUtils.java:infoOrTrace(137)) -   Exception 0: java.util.concurrent.ExecutionException: org.apache.ratis.thirdparty.io.grpc.StatusRuntimeException: UNAVAILABLE: io exception
2021-09-02 02:25:32,007 [12400696-0678-464b-ad01-faef76468be0@group-B85448540D00-LeaderElection189] INFO  impl.LeaderElection (LogUtils.java:infoOrTrace(137)) -   Exception 1: java.util.concurrent.ExecutionException: org.apache.ratis.thirdparty.io.grpc.StatusRuntimeException: UNAVAILABLE: io exception
2021-09-02 02:25:32,007 [12400696-0678-464b-ad01-faef76468be0@group-B85448540D00-LeaderElection189] INFO  impl.LeaderElection (LeaderElection.java:askForVotes(308)) - 12400696-0678-464b-ad01-faef76468be0@group-B85448540D00-LeaderElection189 ELECTION round 0: result REJECTED
2021-09-02 02:25:32,007 [12400696-0678-464b-ad01-faef76468be0@group-B85448540D00-LeaderElection189] INFO  server.RaftServer$Division (RaftServerImpl.java:setRole(285)) - 12400696-0678-464b-ad01-faef76468be0@group-B85448540D00: changes role from CANDIDATE to FOLLOWER at term 4 for REJECTED
2021-09-02 02:25:32,007 [12400696-0678-464b-ad01-faef76468be0@group-B85448540D00-LeaderElection189] INFO  impl.RoleInfo (RoleInfo.java:shutdownLeaderElection(121)) - 12400696-0678-464b-ad01-faef76468be0: shutdown 12400696-0678-464b-ad01-faef76468be0@group-B85448540D00-LeaderElection189
2021-09-02 02:25:32,007 [12400696-0678-464b-ad01-faef76468be0@group-B85448540D00-LeaderElection189] INFO  impl.RoleInfo (RoleInfo.java:updateAndGet(130)) - 12400696-0678-464b-ad01-faef76468be0: start 12400696-0678-464b-ad01-faef76468be0@group-B85448540D00-FollowerState
2021-09-02 02:25:32,040 [grpc-default-executor-2] WARN  server.GrpcLogAppender (LogUtils.java:warn(122)) - 3c795851-1066-4b85-8bc1-6af36b99c451@group-24BBA463E12F->187906f6-3436-4d7b-ba29-fc09579eb1c8-AppendLogResponseHandler: Failed appendEntries: org.apache.ratis.thirdparty.io.grpc.StatusRuntimeException: UNAVAILABLE: io exception
2021-09-02 02:25:32,040 [grpc-default-executor-2] WARN  server.GrpcLogAppender (GrpcLogAppender.java:resetClient(111)) - 3c795851-1066-4b85-8bc1-6af36b99c451@group-24BBA463E12F->187906f6-3436-4d7b-ba29-fc09579eb1c8-GrpcLogAppender: Leader has not got in touch with Follower 3c795851-1066-4b85-8bc1-6af36b99c451@group-24BBA463E12F->187906f6-3436-4d7b-ba29-fc09579eb1c8(c-1,m0,n15, attendVote=true, lastRpcSendTime=0, lastRpcResponseTime=13188) yet, just keep nextIndex unchanged and retry.
2021-09-02 02:25:32,401 [grpc-default-executor-2] WARN  server.GrpcLogAppender (LogUtils.java:warn(122)) - 3c795851-1066-4b85-8bc1-6af36b99c451@group-24BBA463E12F->af0a5c91-f714-4dc1-a2f1-efe0e47618a1-AppendLogResponseHandler: Failed appendEntries: org.apache.ratis.thirdparty.io.grpc.StatusRuntimeException: UNAVAILABLE: io exception
2021-09-02 02:25:32,401 [grpc-default-executor-2] INFO  leader.FollowerInfo (FollowerInfoImpl.java:lambda$new$0(46)) - 3c795851-1066-4b85-8bc1-6af36b99c451@group-24BBA463E12F->af0a5c91-f714-4dc1-a2f1-efe0e47618a1: nextIndex: updateUnconditionally 15 -> 14
2021-09-02 02:25:33,063 [Command processor thread] INFO  server.RaftServer (RaftServerProxy.java:remove(106)) - 3c795851-1066-4b85-8bc1-6af36b99c451: remove    LEADER 3c795851-1066-4b85-8bc1-6af36b99c451@group-24BBA463E12F:t4, leader=3c795851-1066-4b85-8bc1-6af36b99c451, voted=3c795851-1066-4b85-8bc1-6af36b99c451, raftlog=3c795851-1066-4b85-8bc1-6af36b99c451@group-24BBA463E12F-SegmentedRaftLog:OPENED:c14,f14,i14, conf=13: [3c795851-1066-4b85-8bc1-6af36b99c451|rpc:10.1.0.11:42401|dataStream:|priority:0, af0a5c91-f714-4dc1-a2f1-efe0e47618a1|rpc:10.1.0.11:35001|dataStream:|priority:0, 187906f6-3436-4d7b-ba29-fc09579eb1c8|rpc:10.1.0.11:41159|dataStream:|priority:1], old=null RUNNING
2021-09-02 02:25:33,063 [Command processor thread] INFO  server.RaftServer$Division (RaftServerImpl.java:lambda$close$4(407)) - 3c795851-1066-4b85-8bc1-6af36b99c451@group-24BBA463E12F: shutdown
2021-09-02 02:25:33,064 [Command processor thread] INFO  util.JmxRegister (JmxRegister.java:unregister(73)) - Successfully un-registered JMX Bean with object name Ratis:service=RaftServer,group=group-24BBA463E12F,id=3c795851-1066-4b85-8bc1-6af36b99c451
2021-09-02 02:25:33,064 [Command processor thread] INFO  impl.RoleInfo (RoleInfo.java:shutdownLeaderState(91)) - 3c795851-1066-4b85-8bc1-6af36b99c451: shutdown 3c795851-1066-4b85-8bc1-6af36b99c451@group-24BBA463E12F-LeaderStateImpl
2021-09-02 02:25:33,064 [Command processor thread] INFO  impl.PendingRequests (PendingRequests.java:sendNotLeaderResponses(282)) - 3c795851-1066-4b85-8bc1-6af36b99c451@group-24BBA463E12F-PendingRequests: sendNotLeaderResponses
2021-09-02 02:25:33,073 [3c795851-1066-4b85-8bc1-6af36b99c451@group-24BBA463E12F->af0a5c91-f714-4dc1-a2f1-efe0e47618a1-GrpcLogAppender-LogAppenderDaemon] WARN  server.GrpcLogAppender (GrpcLogAppender.java:mayWait(175)) - 3c795851-1066-4b85-8bc1-6af36b99c451@group-24BBA463E12F->af0a5c91-f714-4dc1-a2f1-efe0e47618a1-GrpcLogAppender: Wait interrupted by java.lang.InterruptedException
2021-09-02 02:25:33,074 [Command processor thread] INFO  impl.StateMachineUpdater (StateMachineUpdater.java:stopAndJoin(149)) - 3c795851-1066-4b85-8bc1-6af36b99c451@group-24BBA463E12F-StateMachineUpdater: set stopIndex = 14
2021-09-02 02:25:33,075 [3c795851-1066-4b85-8bc1-6af36b99c451@group-24BBA463E12F-StateMachineUpdater] INFO  ratis.ContainerStateMachine (ContainerStateMachine.java:takeSnapshot(292)) - group-24BBA463E12F: Taking a snapshot at:(t:4, i:14) file /home/runner/work/ozone/ozone/hadoop-ozone/integration-test/target/test-dir/MiniOzoneClusterImpl-29bc8a50-871c-4f9e-822f-1a9e32d9d7f8/datanode-5/data/ratis/5a36dfcd-72fc-46b3-9ff7-24bba463e12f/sm/snapshot.4_14
2021-09-02 02:25:33,080 [3c795851-1066-4b85-8bc1-6af36b99c451@group-24BBA463E12F-StateMachineUpdater] INFO  ratis.ContainerStateMachine (ContainerStateMachine.java:takeSnapshot(303)) - group-24BBA463E12F: Finished taking a snapshot at:(t:4, i:14) file:/home/runner/work/ozone/ozone/hadoop-ozone/integration-test/target/test-dir/MiniOzoneClusterImpl-29bc8a50-871c-4f9e-822f-1a9e32d9d7f8/datanode-5/data/ratis/5a36dfcd-72fc-46b3-9ff7-24bba463e12f/sm/snapshot.4_14 took: 5 ms
2021-09-02 02:25:33,080 [3c795851-1066-4b85-8bc1-6af36b99c451@group-24BBA463E12F-StateMachineUpdater] INFO  impl.StateMachineUpdater (StateMachineUpdater.java:takeSnapshot(281)) - 3c795851-1066-4b85-8bc1-6af36b99c451@group-24BBA463E12F-StateMachineUpdater: Took a snapshot at index 14
2021-09-02 02:25:33,080 [3c795851-1066-4b85-8bc1-6af36b99c451@group-24BBA463E12F-StateMachineUpdater] INFO  impl.StateMachineUpdater (StateMachineUpdater.java:lambda$new$0(89)) - 3c795851-1066-4b85-8bc1-6af36b99c451@group-24BBA463E12F-StateMachineUpdater: snapshotIndex: updateIncreasingly -1 -> 14
2021-09-02 02:25:33,081 [Command processor thread] INFO  server.RaftServer$Division (ServerState.java:close(419)) - 3c795851-1066-4b85-8bc1-6af36b99c451@group-24BBA463E12F: closes. applyIndex: 14
2021-09-02 02:25:33,081 [3c795851-1066-4b85-8bc1-6af36b99c451@group-24BBA463E12F-SegmentedRaftLogWorker] INFO  segmented.SegmentedRaftLogWorker (SegmentedRaftLogWorker.java:run(327)) - 3c795851-1066-4b85-8bc1-6af36b99c451@group-24BBA463E12F-SegmentedRaftLogWorker was interrupted, exiting. There are 0 tasks remaining in the queue.
2021-09-02 02:25:33,081 [Command processor thread] INFO  segmented.SegmentedRaftLogWorker (SegmentedRaftLogWorker.java:close(237)) - 3c795851-1066-4b85-8bc1-6af36b99c451@group-24BBA463E12F-SegmentedRaftLogWorker close()
2021-09-02 02:25:33,110 [Command processor thread] INFO  keyvalue.KeyValueContainer (KeyValueContainer.java:flushAndSyncDB(397)) - Container 2 is synced with bcsId 6.
2021-09-02 02:25:33,110 [Command processor thread] INFO  keyvalue.KeyValueContainer (KeyValueContainer.java:flushAndSyncDB(397)) - Container 2 is synced with bcsId 6.
2021-09-02 02:25:33,116 [Datanode State Machine Thread - 0] WARN  statemachine.StateContext (StateContext.java:execute(621)) - No available thread in pool for past 1 seconds.
2021-09-02 02:25:33,117 [EventQueue-IncrementalContainerReportForIncrementalContainerReportHandler] INFO  container.IncrementalContainerReportHandler (AbstractContainerReportHandler.java:updateContainerState(216)) - Moving container #2 to QUASI_CLOSED state, datanode 3c795851-1066-4b85-8bc1-6af36b99c451{ip: 10.1.0.11, host: fv-az195-103.u3nnjwd0vyge1bu22idnsdeq2e.cx.internal.cloudapp.net, ports: [REPLICATION=42663, RATIS=42401, RATIS_ADMIN=42401, RATIS_SERVER=42401, STANDALONE=45997], networkLocation: /default-rack, certSerialId: null, persistedOpState: IN_SERVICE, persistedOpStateExpiryEpochSec: 0} reported QUASI_CLOSED replica.
2021-09-02 02:25:33,117 [Command processor thread] INFO  server.RaftServer$Division (RaftServerImpl.java:groupRemove(377)) - 3c795851-1066-4b85-8bc1-6af36b99c451@group-24BBA463E12F: Succeed to remove RaftStorageDirectory Storage Directory /home/runner/work/ozone/ozone/hadoop-ozone/integration-test/target/test-dir/MiniOzoneClusterImpl-29bc8a50-871c-4f9e-822f-1a9e32d9d7f8/datanode-5/data/ratis/5a36dfcd-72fc-46b3-9ff7-24bba463e12f
2021-09-02 02:25:33,117 [Command processor thread] INFO  commandhandler.ClosePipelineCommandHandler (ClosePipelineCommandHandler.java:handle(75)) - Close Pipeline PipelineID=5a36dfcd-72fc-46b3-9ff7-24bba463e12f command on datanode 3c795851-1066-4b85-8bc1-6af36b99c451.
2021-09-02 02:25:33,117 [Command processor thread] INFO  server.RaftServer (RaftServerProxy.java:remove(106)) - 3c795851-1066-4b85-8bc1-6af36b99c451: remove  FOLLOWER 3c795851-1066-4b85-8bc1-6af36b99c451@group-D22779799422:t5, leader=3c795851-1066-4b85-8bc1-6af36b99c451, voted=3c795851-1066-4b85-8bc1-6af36b99c451, raftlog=3c795851-1066-4b85-8bc1-6af36b99c451@group-D22779799422-SegmentedRaftLog:OPENED:c0,f0,i0, conf=0: [3c795851-1066-4b85-8bc1-6af36b99c451|rpc:10.1.0.11:42401|dataStream:|priority:1, 187906f6-3436-4d7b-ba29-fc09579eb1c8|rpc:10.1.0.11:41159|dataStream:|priority:0, af0a5c91-f714-4dc1-a2f1-efe0e47618a1|rpc:10.1.0.11:35001|dataStream:|priority:0], old=null RUNNING
2021-09-02 02:25:33,118 [Command processor thread] INFO  server.RaftServer$Division (RaftServerImpl.java:lambda$close$4(407)) - 3c795851-1066-4b85-8bc1-6af36b99c451@group-D22779799422: shutdown
2021-09-02 02:25:33,118 [Command processor thread] INFO  util.JmxRegister (JmxRegister.java:unregister(73)) - Successfully un-registered JMX Bean with object name Ratis:service=RaftServer,group=group-D22779799422,id=3c795851-1066-4b85-8bc1-6af36b99c451
2021-09-02 02:25:33,118 [Command processor thread] INFO  impl.RoleInfo (RoleInfo.java:shutdownFollowerState(108)) - 3c795851-1066-4b85-8bc1-6af36b99c451: shutdown 3c795851-1066-4b85-8bc1-6af36b99c451@group-D22779799422-FollowerState
2021-09-02 02:25:33,118 [Command processor thread] INFO  impl.StateMachineUpdater (StateMachineUpdater.java:stopAndJoin(149)) - 3c795851-1066-4b85-8bc1-6af36b99c451@group-D22779799422-StateMachineUpdater: set stopIndex = 0
2021-09-02 02:25:33,118 [3c795851-1066-4b85-8bc1-6af36b99c451@group-D22779799422-FollowerState] INFO  impl.FollowerState (FollowerState.java:run(143)) - 3c795851-1066-4b85-8bc1-6af36b99c451@group-D22779799422-FollowerState was interrupted: {}
java.lang.InterruptedException: sleep interrupted
	at java.lang.Thread.sleep(Native Method)
	at java.lang.Thread.sleep(Thread.java:340)
	at java.util.concurrent.TimeUnit.sleep(TimeUnit.java:386)
	at org.apache.ratis.util.TimeDuration.sleep(TimeDuration.java:324)
	at org.apache.ratis.util.TimeDuration.sleep(TimeDuration.java:309)
	at org.apache.ratis.server.impl.FollowerState.run(FollowerState.java:118)
2021-09-02 02:25:33,118 [3c795851-1066-4b85-8bc1-6af36b99c451@group-D22779799422-StateMachineUpdater] INFO  ratis.ContainerStateMachine (ContainerStateMachine.java:takeSnapshot(292)) - group-D22779799422: Taking a snapshot at:(t:5, i:0) file /home/runner/work/ozone/ozone/hadoop-ozone/integration-test/target/test-dir/MiniOzoneClusterImpl-29bc8a50-871c-4f9e-822f-1a9e32d9d7f8/datanode-5/data/ratis/d6b44281-4388-4f6e-aec4-d22779799422/sm/snapshot.5_0
2021-09-02 02:25:33,121 [3c795851-1066-4b85-8bc1-6af36b99c451@group-D22779799422-StateMachineUpdater] INFO  ratis.ContainerStateMachine (ContainerStateMachine.java:takeSnapshot(303)) - group-D22779799422: Finished taking a snapshot at:(t:5, i:0) file:/home/runner/work/ozone/ozone/hadoop-ozone/integration-test/target/test-dir/MiniOzoneClusterImpl-29bc8a50-871c-4f9e-822f-1a9e32d9d7f8/datanode-5/data/ratis/d6b44281-4388-4f6e-aec4-d22779799422/sm/snapshot.5_0 took: 3 ms
2021-09-02 02:25:33,121 [3c795851-1066-4b85-8bc1-6af36b99c451@group-D22779799422-StateMachineUpdater] INFO  impl.StateMachineUpdater (StateMachineUpdater.java:takeSnapshot(281)) - 3c795851-1066-4b85-8bc1-6af36b99c451@group-D22779799422-StateMachineUpdater: Took a snapshot at index 0
2021-09-02 02:25:33,121 [3c795851-1066-4b85-8bc1-6af36b99c451@group-D22779799422-StateMachineUpdater] INFO  impl.StateMachineUpdater (StateMachineUpdater.java:lambda$new$0(89)) - 3c795851-1066-4b85-8bc1-6af36b99c451@group-D22779799422-StateMachineUpdater: snapshotIndex: updateIncreasingly -1 -> 0
2021-09-02 02:25:33,129 [Command processor thread] INFO  server.RaftServer$Division (ServerState.java:close(419)) - 3c795851-1066-4b85-8bc1-6af36b99c451@group-D22779799422: closes. applyIndex: 0
2021-09-02 02:25:33,130 [3c795851-1066-4b85-8bc1-6af36b99c451@group-D22779799422-SegmentedRaftLogWorker] INFO  segmented.SegmentedRaftLogWorker (SegmentedRaftLogWorker.java:run(327)) - 3c795851-1066-4b85-8bc1-6af36b99c451@group-D22779799422-SegmentedRaftLogWorker was interrupted, exiting. There are 0 tasks remaining in the queue.
2021-09-02 02:25:33,130 [Command processor thread] INFO  segmented.SegmentedRaftLogWorker (SegmentedRaftLogWorker.java:close(237)) - 3c795851-1066-4b85-8bc1-6af36b99c451@group-D22779799422-SegmentedRaftLogWorker close()
2021-09-02 02:25:33,206 [Command processor thread] INFO  server.RaftServer$Division (RaftServerImpl.java:groupRemove(377)) - 3c795851-1066-4b85-8bc1-6af36b99c451@group-D22779799422: Succeed to remove RaftStorageDirectory Storage Directory /home/runner/work/ozone/ozone/hadoop-ozone/integration-test/target/test-dir/MiniOzoneClusterImpl-29bc8a50-871c-4f9e-822f-1a9e32d9d7f8/datanode-5/data/ratis/d6b44281-4388-4f6e-aec4-d22779799422
2021-09-02 02:25:33,206 [Command processor thread] INFO  commandhandler.ClosePipelineCommandHandler (ClosePipelineCommandHandler.java:handle(75)) - Close Pipeline PipelineID=d6b44281-4388-4f6e-aec4-d22779799422 command on datanode 3c795851-1066-4b85-8bc1-6af36b99c451.
2021-09-02 02:25:33,375 [Listener at 127.0.0.1/45645] INFO  ozoneimpl.OzoneContainer (OzoneContainer.java:stop(326)) - Attempting to stop container services.
2021-09-02 02:25:33,377 [Listener at 127.0.0.1/45645] INFO  server.RaftServer (RaftServerProxy.java:lambda$close$6(391)) - b6a9cdf2-c797-4205-b508-8495e2128e9f: close
2021-09-02 02:25:33,378 [Listener at 127.0.0.1/45645] INFO  server.RaftServer$Division (RaftServerImpl.java:lambda$close$4(407)) - b6a9cdf2-c797-4205-b508-8495e2128e9f@group-FD7F40C7DCCD: shutdown
2021-09-02 02:25:33,378 [Listener at 127.0.0.1/45645] INFO  util.JmxRegister (JmxRegister.java:unregister(73)) - Successfully un-registered JMX Bean with object name Ratis:service=RaftServer,group=group-FD7F40C7DCCD,id=b6a9cdf2-c797-4205-b508-8495e2128e9f
2021-09-02 02:25:33,378 [Listener at 127.0.0.1/45645] INFO  impl.RoleInfo (RoleInfo.java:shutdownLeaderState(91)) - b6a9cdf2-c797-4205-b508-8495e2128e9f: shutdown b6a9cdf2-c797-4205-b508-8495e2128e9f@group-FD7F40C7DCCD-LeaderStateImpl
2021-09-02 02:25:33,378 [Listener at 127.0.0.1/45645] INFO  impl.PendingRequests (PendingRequests.java:sendNotLeaderResponses(282)) - b6a9cdf2-c797-4205-b508-8495e2128e9f@group-FD7F40C7DCCD-PendingRequests: sendNotLeaderResponses
2021-09-02 02:25:33,379 [Listener at 127.0.0.1/45645] INFO  impl.StateMachineUpdater (StateMachineUpdater.java:stopAndJoin(149)) - b6a9cdf2-c797-4205-b508-8495e2128e9f@group-FD7F40C7DCCD-StateMachineUpdater: set stopIndex = 0
2021-09-02 02:25:33,384 [b6a9cdf2-c797-4205-b508-8495e2128e9f@group-FD7F40C7DCCD-StateMachineUpdater] INFO  ratis.ContainerStateMachine (ContainerStateMachine.java:takeSnapshot(292)) - group-FD7F40C7DCCD: Taking a snapshot at:(t:1, i:0) file /home/runner/work/ozone/ozone/hadoop-ozone/integration-test/target/test-dir/MiniOzoneClusterImpl-29bc8a50-871c-4f9e-822f-1a9e32d9d7f8/datanode-6/data/ratis/17d60e06-c1dc-4e62-b0be-fd7f40c7dccd/sm/snapshot.1_0
2021-09-02 02:25:33,393 [ForkJoinPool.commonPool-worker-0] INFO  ozoneimpl.OzoneContainer (OzoneContainer.java:stop(326)) - Attempting to stop container services.
2021-09-02 02:25:33,394 [ForkJoinPool.commonPool-worker-0] INFO  server.RaftServer (RaftServerProxy.java:lambda$close$6(391)) - 12400696-0678-464b-ad01-faef76468be0: close
2021-09-02 02:25:33,394 [ForkJoinPool.commonPool-worker-0] INFO  server.RaftServer$Division (RaftServerImpl.java:lambda$close$4(407)) - 12400696-0678-464b-ad01-faef76468be0@group-CF13C82A0580: shutdown
2021-09-02 02:25:33,394 [ForkJoinPool.commonPool-worker-0] INFO  util.JmxRegister (JmxRegister.java:unregister(73)) - Successfully un-registered JMX Bean with object name Ratis:service=RaftServer,group=group-CF13C82A0580,id=12400696-0678-464b-ad01-faef76468be0
2021-09-02 02:25:33,394 [ForkJoinPool.commonPool-worker-0] INFO  impl.RoleInfo (RoleInfo.java:shutdownLeaderState(91)) - 12400696-0678-464b-ad01-faef76468be0: shutdown 12400696-0678-464b-ad01-faef76468be0@group-CF13C82A0580-LeaderStateImpl
2021-09-02 02:25:33,394 [ForkJoinPool.commonPool-worker-0] INFO  impl.PendingRequests (PendingRequests.java:sendNotLeaderResponses(282)) - 12400696-0678-464b-ad01-faef76468be0@group-CF13C82A0580-PendingRequests: sendNotLeaderResponses
2021-09-02 02:25:33,395 [ForkJoinPool.commonPool-worker-0] INFO  impl.StateMachineUpdater (StateMachineUpdater.java:stopAndJoin(149)) - 12400696-0678-464b-ad01-faef76468be0@group-CF13C82A0580-StateMachineUpdater: set stopIndex = 0
2021-09-02 02:25:33,396 [12400696-0678-464b-ad01-faef76468be0@group-CF13C82A0580-StateMachineUpdater] INFO  ratis.ContainerStateMachine (ContainerStateMachine.java:takeSnapshot(292)) - group-CF13C82A0580: Taking a snapshot at:(t:1, i:0) file /home/runner/work/ozone/ozone/hadoop-ozone/integration-test/target/test-dir/MiniOzoneClusterImpl-29bc8a50-871c-4f9e-822f-1a9e32d9d7f8/datanode-0/data/ratis/f1db44cf-be4b-4349-b6b7-cf13c82a0580/sm/snapshot.1_0
2021-09-02 02:25:33,396 [b6a9cdf2-c797-4205-b508-8495e2128e9f@group-FD7F40C7DCCD-StateMachineUpdater] INFO  ratis.ContainerStateMachine (ContainerStateMachine.java:takeSnapshot(303)) - group-FD7F40C7DCCD: Finished taking a snapshot at:(t:1, i:0) file:/home/runner/work/ozone/ozone/hadoop-ozone/integration-test/target/test-dir/MiniOzoneClusterImpl-29bc8a50-871c-4f9e-822f-1a9e32d9d7f8/datanode-6/data/ratis/17d60e06-c1dc-4e62-b0be-fd7f40c7dccd/sm/snapshot.1_0 took: 12 ms
2021-09-02 02:25:33,396 [b6a9cdf2-c797-4205-b508-8495e2128e9f@group-FD7F40C7DCCD-StateMachineUpdater] INFO  impl.StateMachineUpdater (StateMachineUpdater.java:takeSnapshot(281)) - b6a9cdf2-c797-4205-b508-8495e2128e9f@group-FD7F40C7DCCD-StateMachineUpdater: Took a snapshot at index 0
2021-09-02 02:25:33,396 [b6a9cdf2-c797-4205-b508-8495e2128e9f@group-FD7F40C7DCCD-StateMachineUpdater] INFO  impl.StateMachineUpdater (StateMachineUpdater.java:lambda$new$0(89)) - b6a9cdf2-c797-4205-b508-8495e2128e9f@group-FD7F40C7DCCD-StateMachineUpdater: snapshotIndex: updateIncreasingly -1 -> 0
2021-09-02 02:25:33,397 [Listener at 127.0.0.1/45645] INFO  server.RaftServer$Division (ServerState.java:close(419)) - b6a9cdf2-c797-4205-b508-8495e2128e9f@group-FD7F40C7DCCD: closes. applyIndex: 0
2021-09-02 02:25:33,399 [b6a9cdf2-c797-4205-b508-8495e2128e9f@group-FD7F40C7DCCD-SegmentedRaftLogWorker] INFO  segmented.SegmentedRaftLogWorker (SegmentedRaftLogWorker.java:run(327)) - b6a9cdf2-c797-4205-b508-8495e2128e9f@group-FD7F40C7DCCD-SegmentedRaftLogWorker was interrupted, exiting. There are 0 tasks remaining in the queue.
2021-09-02 02:25:33,399 [Listener at 127.0.0.1/45645] INFO  segmented.SegmentedRaftLogWorker (SegmentedRaftLogWorker.java:close(237)) - b6a9cdf2-c797-4205-b508-8495e2128e9f@group-FD7F40C7DCCD-SegmentedRaftLogWorker close()
2021-09-02 02:25:33,399 [12400696-0678-464b-ad01-faef76468be0@group-CF13C82A0580-StateMachineUpdater] INFO  ratis.ContainerStateMachine (ContainerStateMachine.java:takeSnapshot(303)) - group-CF13C82A0580: Finished taking a snapshot at:(t:1, i:0) file:/home/runner/work/ozone/ozone/hadoop-ozone/integration-test/target/test-dir/MiniOzoneClusterImpl-29bc8a50-871c-4f9e-822f-1a9e32d9d7f8/datanode-0/data/ratis/f1db44cf-be4b-4349-b6b7-cf13c82a0580/sm/snapshot.1_0 took: 3 ms
2021-09-02 02:25:33,474 [12400696-0678-464b-ad01-faef76468be0@group-CF13C82A0580-StateMachineUpdater] INFO  impl.StateMachineUpdater (StateMachineUpdater.java:takeSnapshot(281)) - 12400696-0678-464b-ad01-faef76468be0@group-CF13C82A0580-StateMachineUpdater: Took a snapshot at index 0
2021-09-02 02:25:33,474 [12400696-0678-464b-ad01-faef76468be0@group-CF13C82A0580-StateMachineUpdater] INFO  impl.StateMachineUpdater (StateMachineUpdater.java:lambda$new$0(89)) - 12400696-0678-464b-ad01-faef76468be0@group-CF13C82A0580-StateMachineUpdater: snapshotIndex: updateIncreasingly -1 -> 0
2021-09-02 02:25:33,401 [Listener at 127.0.0.1/45645] INFO  server.GrpcService (GrpcService.java:closeImpl(262)) - b6a9cdf2-c797-4205-b508-8495e2128e9f: shutdown server with port 40267 now
2021-09-02 02:25:33,475 [Listener at 127.0.0.1/45645] INFO  server.GrpcService (GrpcService.java:closeImpl(271)) - b6a9cdf2-c797-4205-b508-8495e2128e9f: shutdown server with port 40267 successfully
2021-09-02 02:25:33,475 [ForkJoinPool.commonPool-worker-0] INFO  server.RaftServer$Division (ServerState.java:close(419)) - 12400696-0678-464b-ad01-faef76468be0@group-CF13C82A0580: closes. applyIndex: 0
2021-09-02 02:25:33,476 [12400696-0678-464b-ad01-faef76468be0@group-CF13C82A0580-SegmentedRaftLogWorker] INFO  segmented.SegmentedRaftLogWorker (SegmentedRaftLogWorker.java:run(327)) - 12400696-0678-464b-ad01-faef76468be0@group-CF13C82A0580-SegmentedRaftLogWorker was interrupted, exiting. There are 0 tasks remaining in the queue.
2021-09-02 02:25:33,476 [ForkJoinPool.commonPool-worker-0] INFO  segmented.SegmentedRaftLogWorker (SegmentedRaftLogWorker.java:close(237)) - 12400696-0678-464b-ad01-faef76468be0@group-CF13C82A0580-SegmentedRaftLogWorker close()
2021-09-02 02:25:33,495 [ForkJoinPool.commonPool-worker-0] INFO  server.RaftServer$Division (RaftServerImpl.java:lambda$close$4(407)) - 12400696-0678-464b-ad01-faef76468be0@group-6C0F8F3DFF59: shutdown
2021-09-02 02:25:33,495 [ForkJoinPool.commonPool-worker-0] INFO  util.JmxRegister (JmxRegister.java:unregister(73)) - Successfully un-registered JMX Bean with object name Ratis:service=RaftServer,group=group-6C0F8F3DFF59,id=12400696-0678-464b-ad01-faef76468be0
2021-09-02 02:25:33,495 [ForkJoinPool.commonPool-worker-0] INFO  impl.RoleInfo (RoleInfo.java:shutdownFollowerState(108)) - 12400696-0678-464b-ad01-faef76468be0: shutdown 12400696-0678-464b-ad01-faef76468be0@group-6C0F8F3DFF59-FollowerState
2021-09-02 02:25:33,495 [ForkJoinPool.commonPool-worker-0] INFO  impl.StateMachineUpdater (StateMachineUpdater.java:stopAndJoin(149)) - 12400696-0678-464b-ad01-faef76468be0@group-6C0F8F3DFF59-StateMachineUpdater: set stopIndex = 4
2021-09-02 02:25:33,496 [12400696-0678-464b-ad01-faef76468be0@group-6C0F8F3DFF59-FollowerState] INFO  impl.FollowerState (FollowerState.java:run(143)) - 12400696-0678-464b-ad01-faef76468be0@group-6C0F8F3DFF59-FollowerState was interrupted: {}
java.lang.InterruptedException: sleep interrupted
	at java.lang.Thread.sleep(Native Method)
	at java.lang.Thread.sleep(Thread.java:340)
	at java.util.concurrent.TimeUnit.sleep(TimeUnit.java:386)
	at org.apache.ratis.util.TimeDuration.sleep(TimeDuration.java:324)
	at org.apache.ratis.util.TimeDuration.sleep(TimeDuration.java:309)
	at org.apache.ratis.server.impl.FollowerState.run(FollowerState.java:118)
2021-09-02 02:25:33,496 [12400696-0678-464b-ad01-faef76468be0@group-6C0F8F3DFF59-StateMachineUpdater] INFO  ratis.ContainerStateMachine (ContainerStateMachine.java:takeSnapshot(292)) - group-6C0F8F3DFF59: Taking a snapshot at:(t:11, i:4) file /home/runner/work/ozone/ozone/hadoop-ozone/integration-test/target/test-dir/MiniOzoneClusterImpl-29bc8a50-871c-4f9e-822f-1a9e32d9d7f8/datanode-0/data/ratis/b210389a-7593-42c4-b1fe-6c0f8f3dff59/sm/snapshot.11_4
2021-09-02 02:25:33,510 [12400696-0678-464b-ad01-faef76468be0@group-6C0F8F3DFF59-StateMachineUpdater] INFO  ratis.ContainerStateMachine (ContainerStateMachine.java:takeSnapshot(303)) - group-6C0F8F3DFF59: Finished taking a snapshot at:(t:11, i:4) file:/home/runner/work/ozone/ozone/hadoop-ozone/integration-test/target/test-dir/MiniOzoneClusterImpl-29bc8a50-871c-4f9e-822f-1a9e32d9d7f8/datanode-0/data/ratis/b210389a-7593-42c4-b1fe-6c0f8f3dff59/sm/snapshot.11_4 took: 14 ms
2021-09-02 02:25:33,510 [12400696-0678-464b-ad01-faef76468be0@group-6C0F8F3DFF59-StateMachineUpdater] INFO  impl.StateMachineUpdater (StateMachineUpdater.java:takeSnapshot(281)) - 12400696-0678-464b-ad01-faef76468be0@group-6C0F8F3DFF59-StateMachineUpdater: Took a snapshot at index 4
2021-09-02 02:25:33,510 [12400696-0678-464b-ad01-faef76468be0@group-6C0F8F3DFF59-StateMachineUpdater] INFO  impl.StateMachineUpdater (StateMachineUpdater.java:lambda$new$0(89)) - 12400696-0678-464b-ad01-faef76468be0@group-6C0F8F3DFF59-StateMachineUpdater: snapshotIndex: updateIncreasingly -1 -> 4
2021-09-02 02:25:33,512 [ForkJoinPool.commonPool-worker-0] INFO  server.RaftServer$Division (ServerState.java:close(419)) - 12400696-0678-464b-ad01-faef76468be0@group-6C0F8F3DFF59: closes. applyIndex: 4
2021-09-02 02:25:33,512 [12400696-0678-464b-ad01-faef76468be0@group-6C0F8F3DFF59-SegmentedRaftLogWorker] INFO  segmented.SegmentedRaftLogWorker (SegmentedRaftLogWorker.java:run(327)) - 12400696-0678-464b-ad01-faef76468be0@group-6C0F8F3DFF59-SegmentedRaftLogWorker was interrupted, exiting. There are 0 tasks remaining in the queue.
2021-09-02 02:25:33,529 [ForkJoinPool.commonPool-worker-0] INFO  segmented.SegmentedRaftLogWorker (SegmentedRaftLogWorker.java:close(237)) - 12400696-0678-464b-ad01-faef76468be0@group-6C0F8F3DFF59-SegmentedRaftLogWorker close()
2021-09-02 02:25:33,585 [org.apache.ratis.util.JvmPauseMonitor$$Lambda$531/908743333@6346dc5b] INFO  util.JvmPauseMonitor (JvmPauseMonitor.java:run(109)) - JvmPauseMonitor-b6a9cdf2-c797-4205-b508-8495e2128e9f: Stopped
2021-09-02 02:25:33,592 [ForkJoinPool.commonPool-worker-0] INFO  server.RaftServer$Division (RaftServerImpl.java:lambda$close$4(407)) - 12400696-0678-464b-ad01-faef76468be0@group-B85448540D00: shutdown
2021-09-02 02:25:33,593 [ForkJoinPool.commonPool-worker-0] INFO  util.JmxRegister (JmxRegister.java:unregister(73)) - Successfully un-registered JMX Bean with object name Ratis:service=RaftServer,group=group-B85448540D00,id=12400696-0678-464b-ad01-faef76468be0
2021-09-02 02:25:33,593 [ForkJoinPool.commonPool-worker-0] INFO  impl.RoleInfo (RoleInfo.java:shutdownFollowerState(108)) - 12400696-0678-464b-ad01-faef76468be0: shutdown 12400696-0678-464b-ad01-faef76468be0@group-B85448540D00-FollowerState
2021-09-02 02:25:33,593 [ForkJoinPool.commonPool-worker-0] INFO  impl.StateMachineUpdater (StateMachineUpdater.java:stopAndJoin(149)) - 12400696-0678-464b-ad01-faef76468be0@group-B85448540D00-StateMachineUpdater: set stopIndex = 0
2021-09-02 02:25:33,593 [12400696-0678-464b-ad01-faef76468be0@group-B85448540D00-FollowerState] INFO  impl.FollowerState (FollowerState.java:run(143)) - 12400696-0678-464b-ad01-faef76468be0@group-B85448540D00-FollowerState was interrupted: {}
java.lang.InterruptedException: sleep interrupted
	at java.lang.Thread.sleep(Native Method)
	at java.lang.Thread.sleep(Thread.java:340)
	at java.util.concurrent.TimeUnit.sleep(TimeUnit.java:386)
	at org.apache.ratis.util.TimeDuration.sleep(TimeDuration.java:324)
	at org.apache.ratis.util.TimeDuration.sleep(TimeDuration.java:309)
	at org.apache.ratis.server.impl.FollowerState.run(FollowerState.java:118)
2021-09-02 02:25:33,594 [12400696-0678-464b-ad01-faef76468be0@group-B85448540D00-StateMachineUpdater] INFO  ratis.ContainerStateMachine (ContainerStateMachine.java:takeSnapshot(292)) - group-B85448540D00: Taking a snapshot at:(t:3, i:0) file /home/runner/work/ozone/ozone/hadoop-ozone/integration-test/target/test-dir/MiniOzoneClusterImpl-29bc8a50-871c-4f9e-822f-1a9e32d9d7f8/datanode-0/data/ratis/2454dacd-6beb-41a7-8ffd-b85448540d00/sm/snapshot.3_0
2021-09-02 02:25:33,594 [12400696-0678-464b-ad01-faef76468be0@group-B85448540D00-StateMachineUpdater] INFO  ratis.ContainerStateMachine (ContainerStateMachine.java:takeSnapshot(303)) - group-B85448540D00: Finished taking a snapshot at:(t:3, i:0) file:/home/runner/work/ozone/ozone/hadoop-ozone/integration-test/target/test-dir/MiniOzoneClusterImpl-29bc8a50-871c-4f9e-822f-1a9e32d9d7f8/datanode-0/data/ratis/2454dacd-6beb-41a7-8ffd-b85448540d00/sm/snapshot.3_0 took: 1 ms
2021-09-02 02:25:33,594 [12400696-0678-464b-ad01-faef76468be0@group-B85448540D00-StateMachineUpdater] INFO  impl.StateMachineUpdater (StateMachineUpdater.java:takeSnapshot(281)) - 12400696-0678-464b-ad01-faef76468be0@group-B85448540D00-StateMachineUpdater: Took a snapshot at index 0
2021-09-02 02:25:33,594 [12400696-0678-464b-ad01-faef76468be0@group-B85448540D00-StateMachineUpdater] INFO  impl.StateMachineUpdater (StateMachineUpdater.java:lambda$new$0(89)) - 12400696-0678-464b-ad01-faef76468be0@group-B85448540D00-StateMachineUpdater: snapshotIndex: updateIncreasingly -1 -> 0
2021-09-02 02:25:33,595 [ForkJoinPool.commonPool-worker-0] INFO  server.RaftServer$Division (ServerState.java:close(419)) - 12400696-0678-464b-ad01-faef76468be0@group-B85448540D00: closes. applyIndex: 0
2021-09-02 02:25:33,595 [12400696-0678-464b-ad01-faef76468be0@group-B85448540D00-SegmentedRaftLogWorker] INFO  segmented.SegmentedRaftLogWorker (SegmentedRaftLogWorker.java:run(327)) - 12400696-0678-464b-ad01-faef76468be0@group-B85448540D00-SegmentedRaftLogWorker was interrupted, exiting. There are 0 tasks remaining in the queue.
2021-09-02 02:25:33,595 [ForkJoinPool.commonPool-worker-0] INFO  segmented.SegmentedRaftLogWorker (SegmentedRaftLogWorker.java:close(237)) - 12400696-0678-464b-ad01-faef76468be0@group-B85448540D00-SegmentedRaftLogWorker close()
2021-09-02 02:25:33,603 [ForkJoinPool.commonPool-worker-0] INFO  server.GrpcService (GrpcService.java:closeImpl(262)) - 12400696-0678-464b-ad01-faef76468be0: shutdown server with port 44187 now
2021-09-02 02:25:33,695 [ForkJoinPool.commonPool-worker-0] INFO  server.GrpcService (GrpcService.java:closeImpl(271)) - 12400696-0678-464b-ad01-faef76468be0: shutdown server with port 44187 successfully
2021-09-02 02:25:33,695 [org.apache.ratis.util.JvmPauseMonitor$$Lambda$531/908743333@76e46686] INFO  util.JvmPauseMonitor (JvmPauseMonitor.java:run(109)) - JvmPauseMonitor-12400696-0678-464b-ad01-faef76468be0: Stopped
2021-09-02 02:25:33,719 [ForkJoinPool.commonPool-worker-0] INFO  utils.BackgroundService (BackgroundService.java:shutdown(132)) - Shutting down service BlockDeletingService
2021-09-02 02:25:33,803 [Listener at 127.0.0.1/45645] INFO  utils.BackgroundService (BackgroundService.java:shutdown(132)) - Shutting down service BlockDeletingService
2021-09-02 02:25:36,751 [ForkJoinPool.commonPool-worker-0] INFO  statemachine.DatanodeStateMachine (DatanodeStateMachine.java:stopDaemon(515)) - Ozone container server stopped.
2021-09-02 02:25:36,759 [ForkJoinPool.commonPool-worker-0] INFO  handler.ContextHandler (ContextHandler.java:doStop(1153)) - Stopped o.e.j.w.WebAppContext@51c3cd96{hddsDatanode,/,null,STOPPED}{jar:file:/home/runner/.m2/repository/org/apache/ozone/hdds-container-service/1.2.0-SNAPSHOT/hdds-container-service-1.2.0-SNAPSHOT.jar!/webapps/hddsDatanode}
2021-09-02 02:25:36,817 [ForkJoinPool.commonPool-worker-0] INFO  server.AbstractConnector (AbstractConnector.java:doStop(381)) - Stopped ServerConnector@989eb77{HTTP/1.1, (http/1.1)}{0.0.0.0:0}
2021-09-02 02:25:36,817 [ForkJoinPool.commonPool-worker-0] INFO  server.session (HouseKeeper.java:stopScavenging(149)) - node0 Stopped scavenging
2021-09-02 02:25:36,818 [ForkJoinPool.commonPool-worker-0] INFO  handler.ContextHandler (ContextHandler.java:doStop(1153)) - Stopped o.e.j.s.ServletContextHandler@4c39edbf{static,/static,jar:file:/home/runner/.m2/repository/org/apache/ozone/hdds-container-service/1.2.0-SNAPSHOT/hdds-container-service-1.2.0-SNAPSHOT.jar!/webapps/static,STOPPED}
2021-09-02 02:25:36,819 [ForkJoinPool.commonPool-worker-0] INFO  handler.ContextHandler (ContextHandler.java:doStop(1153)) - Stopped o.e.j.s.ServletContextHandler@7db2b157{logs,/logs,file:///home/runner/work/ozone/ozone/hadoop-ozone/integration-test/target/log,STOPPED}
2021-09-02 02:25:36,825 [Listener at 127.0.0.1/45645] INFO  statemachine.DatanodeStateMachine (DatanodeStateMachine.java:stopDaemon(515)) - Ozone container server stopped.
2021-09-02 02:25:36,825 [Listener at 127.0.0.1/45645] INFO  handler.ContextHandler (ContextHandler.java:doStop(1153)) - Stopped o.e.j.w.WebAppContext@6361e9f5{hddsDatanode,/,null,STOPPED}{jar:file:/home/runner/.m2/repository/org/apache/ozone/hdds-container-service/1.2.0-SNAPSHOT/hdds-container-service-1.2.0-SNAPSHOT.jar!/webapps/hddsDatanode}
2021-09-02 02:25:36,826 [Listener at 127.0.0.1/45645] INFO  server.AbstractConnector (AbstractConnector.java:doStop(381)) - Stopped ServerConnector@662e20dc{HTTP/1.1, (http/1.1)}{0.0.0.0:0}
2021-09-02 02:25:36,826 [Listener at 127.0.0.1/45645] INFO  server.session (HouseKeeper.java:stopScavenging(149)) - node0 Stopped scavenging
2021-09-02 02:25:36,826 [Listener at 127.0.0.1/45645] INFO  handler.ContextHandler (ContextHandler.java:doStop(1153)) - Stopped o.e.j.s.ServletContextHandler@41aa83d8{static,/static,jar:file:/home/runner/.m2/repository/org/apache/ozone/hdds-container-service/1.2.0-SNAPSHOT/hdds-container-service-1.2.0-SNAPSHOT.jar!/webapps/static,STOPPED}
2021-09-02 02:25:36,826 [Listener at 127.0.0.1/45645] INFO  handler.ContextHandler (ContextHandler.java:doStop(1153)) - Stopped o.e.j.s.ServletContextHandler@7240f398{logs,/logs,file:///home/runner/work/ozone/ozone/hadoop-ozone/integration-test/target/log,STOPPED}
2021-09-02 02:25:37,121 [Datanode State Machine Thread - 0] INFO  statemachine.DatanodeStateMachine (DatanodeStateMachine.java:lambda$startDaemon$0(457)) - Ozone container server started.
2021-09-02 02:25:37,528 [EventQueue-StaleNodeForStaleNodeHandler] INFO  node.StaleNodeHandler (StaleNodeHandler.java:onMessage(58)) - Datanode b6a9cdf2-c797-4205-b508-8495e2128e9f{ip: 10.1.0.11, host: fv-az195-103.u3nnjwd0vyge1bu22idnsdeq2e.cx.internal.cloudapp.net, ports: [REPLICATION=32933, RATIS=40267, RATIS_ADMIN=40267, RATIS_SERVER=40267, STANDALONE=41401], networkLocation: /default-rack, certSerialId: null, persistedOpState: IN_SERVICE, persistedOpStateExpiryEpochSec: 0} moved to stale state. Finalizing its pipelines [PipelineID=17d60e06-c1dc-4e62-b0be-fd7f40c7dccd]
2021-09-02 02:25:37,529 [EventQueue-StaleNodeForStaleNodeHandler] INFO  pipeline.PipelineManagerImpl (PipelineManagerImpl.java:closePipeline(342)) - Pipeline Pipeline[ Id: 17d60e06-c1dc-4e62-b0be-fd7f40c7dccd, Nodes: b6a9cdf2-c797-4205-b508-8495e2128e9f{ip: 10.1.0.11, host: fv-az195-103.u3nnjwd0vyge1bu22idnsdeq2e.cx.internal.cloudapp.net, ports: [REPLICATION=32933, RATIS=40267, RATIS_ADMIN=40267, RATIS_SERVER=40267, STANDALONE=41401], networkLocation: /default-rack, certSerialId: null, persistedOpState: IN_SERVICE, persistedOpStateExpiryEpochSec: 0}, ReplicationConfig: RATIS/ONE, State:OPEN, leaderId:b6a9cdf2-c797-4205-b508-8495e2128e9f, CreationTimestamp2021-09-02T02:24:21.094Z[Etc/UTC]] moved to CLOSED state
2021-09-02 02:25:37,927 [EventQueue-StaleNodeForStaleNodeHandler] INFO  node.StaleNodeHandler (StaleNodeHandler.java:onMessage(58)) - Datanode 12400696-0678-464b-ad01-faef76468be0{ip: 10.1.0.11, host: fv-az195-103.u3nnjwd0vyge1bu22idnsdeq2e.cx.internal.cloudapp.net, ports: [REPLICATION=34965, RATIS=44187, RATIS_ADMIN=44187, RATIS_SERVER=44187, STANDALONE=33307], networkLocation: /default-rack, certSerialId: null, persistedOpState: IN_SERVICE, persistedOpStateExpiryEpochSec: 0} moved to stale state. Finalizing its pipelines [PipelineID=f1db44cf-be4b-4349-b6b7-cf13c82a0580]
2021-09-02 02:25:37,927 [EventQueue-StaleNodeForStaleNodeHandler] INFO  pipeline.PipelineManagerImpl (PipelineManagerImpl.java:closePipeline(342)) - Pipeline Pipeline[ Id: f1db44cf-be4b-4349-b6b7-cf13c82a0580, Nodes: 12400696-0678-464b-ad01-faef76468be0{ip: 10.1.0.11, host: fv-az195-103.u3nnjwd0vyge1bu22idnsdeq2e.cx.internal.cloudapp.net, ports: [REPLICATION=34965, RATIS=44187, RATIS_ADMIN=44187, RATIS_SERVER=44187, STANDALONE=33307], networkLocation: /default-rack, certSerialId: null, persistedOpState: IN_SERVICE, persistedOpStateExpiryEpochSec: 0}, ReplicationConfig: RATIS/ONE, State:OPEN, leaderId:12400696-0678-464b-ad01-faef76468be0, CreationTimestamp2021-09-02T02:24:16.222Z[Etc/UTC]] moved to CLOSED state
2021-09-02 02:25:39,036 [EventQueue-DeadNodeForDeadNodeHandler] INFO  node.DeadNodeHandler (DeadNodeHandler.java:onMessage(80)) - A dead datanode is detected. 9fd2e81d-61d0-44de-872c-4ae9b66045fe{ip: 10.1.0.11, host: fv-az195-103.u3nnjwd0vyge1bu22idnsdeq2e.cx.internal.cloudapp.net, ports: [REPLICATION=43381, RATIS=34541, RATIS_ADMIN=34541, RATIS_SERVER=34541, STANDALONE=35945], networkLocation: /default-rack, certSerialId: null, persistedOpState: IN_SERVICE, persistedOpStateExpiryEpochSec: 0}
2021-09-02 02:25:39,036 [EventQueue-DeadNodeForDeadNodeHandler] INFO  pipeline.RatisPipelineProvider (RatisPipelineProvider.java:lambda$close$1(222)) - Send pipeline:PipelineID=30084a98-90ef-4f0d-b2eb-9dbdbfe0fe9e close command to datanode 9fd2e81d-61d0-44de-872c-4ae9b66045fe
2021-09-02 02:25:39,036 [EventQueue-DeadNodeForDeadNodeHandler] INFO  pipeline.PipelineStateManager (PipelineStateManagerV2Impl.java:removePipeline(211)) - Pipeline Pipeline[ Id: 30084a98-90ef-4f0d-b2eb-9dbdbfe0fe9e, Nodes: 9fd2e81d-61d0-44de-872c-4ae9b66045fe{ip: 10.1.0.11, host: fv-az195-103.u3nnjwd0vyge1bu22idnsdeq2e.cx.internal.cloudapp.net, ports: [REPLICATION=43381, RATIS=34541, RATIS_ADMIN=34541, RATIS_SERVER=34541, STANDALONE=35945], networkLocation: /default-rack, certSerialId: null, persistedOpState: IN_SERVICE, persistedOpStateExpiryEpochSec: 0}, ReplicationConfig: RATIS/ONE, State:CLOSED, leaderId:9fd2e81d-61d0-44de-872c-4ae9b66045fe, CreationTimestamp2021-09-02T02:24:17.886Z[Etc/UTC]] removed.
2021-09-02 02:25:39,036 [EventQueue-DeadNodeForDeadNodeHandler] INFO  net.NetworkTopologyImpl (NetworkTopologyImpl.java:remove(137)) - Removed a node: /default-rack/9fd2e81d-61d0-44de-872c-4ae9b66045fe
2021-09-02 02:25:39,541 [EventQueue-DeadNodeForDeadNodeHandler] INFO  node.DeadNodeHandler (DeadNodeHandler.java:onMessage(80)) - A dead datanode is detected. af0a5c91-f714-4dc1-a2f1-efe0e47618a1{ip: 10.1.0.11, host: fv-az195-103.u3nnjwd0vyge1bu22idnsdeq2e.cx.internal.cloudapp.net, ports: [REPLICATION=43217, RATIS=35001, RATIS_ADMIN=35001, RATIS_SERVER=35001, STANDALONE=35895], networkLocation: /default-rack, certSerialId: null, persistedOpState: IN_SERVICE, persistedOpStateExpiryEpochSec: 0}
2021-09-02 02:25:39,541 [EventQueue-DeadNodeForDeadNodeHandler] INFO  pipeline.RatisPipelineProvider (RatisPipelineProvider.java:lambda$close$1(222)) - Send pipeline:PipelineID=5bf3b625-b2d2-4c5c-9ac8-aaafc895a574 close command to datanode af0a5c91-f714-4dc1-a2f1-efe0e47618a1
2021-09-02 02:25:39,542 [EventQueue-DeadNodeForDeadNodeHandler] INFO  pipeline.PipelineStateManager (PipelineStateManagerV2Impl.java:removePipeline(211)) - Pipeline Pipeline[ Id: 5bf3b625-b2d2-4c5c-9ac8-aaafc895a574, Nodes: af0a5c91-f714-4dc1-a2f1-efe0e47618a1{ip: 10.1.0.11, host: fv-az195-103.u3nnjwd0vyge1bu22idnsdeq2e.cx.internal.cloudapp.net, ports: [REPLICATION=43217, RATIS=35001, RATIS_ADMIN=35001, RATIS_SERVER=35001, STANDALONE=35895], networkLocation: /default-rack, certSerialId: null, persistedOpState: IN_SERVICE, persistedOpStateExpiryEpochSec: 0}, ReplicationConfig: RATIS/ONE, State:CLOSED, leaderId:af0a5c91-f714-4dc1-a2f1-efe0e47618a1, CreationTimestamp2021-09-02T02:24:18.850Z[Etc/UTC]] removed.
2021-09-02 02:25:39,542 [EventQueue-DeadNodeForDeadNodeHandler] INFO  net.NetworkTopologyImpl (NetworkTopologyImpl.java:remove(137)) - Removed a node: /default-rack/af0a5c91-f714-4dc1-a2f1-efe0e47618a1
2021-09-02 02:25:41,826 [ForkJoinPool.commonPool-worker-0] INFO  ozoneimpl.OzoneContainer (OzoneContainer.java:stop(326)) - Attempting to stop container services.
2021-09-02 02:25:41,827 [ForkJoinPool.commonPool-worker-0] INFO  server.RaftServer (RaftServerProxy.java:lambda$close$6(391)) - 3c795851-1066-4b85-8bc1-6af36b99c451: close
2021-09-02 02:25:41,827 [ForkJoinPool.commonPool-worker-0] INFO  server.RaftServer$Division (RaftServerImpl.java:lambda$close$4(407)) - 3c795851-1066-4b85-8bc1-6af36b99c451@group-47194F445B8B: shutdown
2021-09-02 02:25:41,827 [ForkJoinPool.commonPool-worker-0] INFO  util.JmxRegister (JmxRegister.java:unregister(73)) - Successfully un-registered JMX Bean with object name Ratis:service=RaftServer,group=group-47194F445B8B,id=3c795851-1066-4b85-8bc1-6af36b99c451
2021-09-02 02:25:41,827 [ForkJoinPool.commonPool-worker-0] INFO  impl.RoleInfo (RoleInfo.java:shutdownLeaderState(91)) - 3c795851-1066-4b85-8bc1-6af36b99c451: shutdown 3c795851-1066-4b85-8bc1-6af36b99c451@group-47194F445B8B-LeaderStateImpl
2021-09-02 02:25:41,827 [ForkJoinPool.commonPool-worker-0] INFO  impl.PendingRequests (PendingRequests.java:sendNotLeaderResponses(282)) - 3c795851-1066-4b85-8bc1-6af36b99c451@group-47194F445B8B-PendingRequests: sendNotLeaderResponses
2021-09-02 02:25:41,828 [ForkJoinPool.commonPool-worker-0] INFO  impl.StateMachineUpdater (StateMachineUpdater.java:stopAndJoin(149)) - 3c795851-1066-4b85-8bc1-6af36b99c451@group-47194F445B8B-StateMachineUpdater: set stopIndex = 0
2021-09-02 02:25:41,828 [3c795851-1066-4b85-8bc1-6af36b99c451@group-47194F445B8B-StateMachineUpdater] INFO  ratis.ContainerStateMachine (ContainerStateMachine.java:takeSnapshot(292)) - group-47194F445B8B: Taking a snapshot at:(t:1, i:0) file /home/runner/work/ozone/ozone/hadoop-ozone/integration-test/target/test-dir/MiniOzoneClusterImpl-29bc8a50-871c-4f9e-822f-1a9e32d9d7f8/datanode-5/data/ratis/aea278b0-c48a-401a-b92a-47194f445b8b/sm/snapshot.1_0
2021-09-02 02:25:41,830 [3c795851-1066-4b85-8bc1-6af36b99c451@group-47194F445B8B-StateMachineUpdater] INFO  ratis.ContainerStateMachine (ContainerStateMachine.java:takeSnapshot(303)) - group-47194F445B8B: Finished taking a snapshot at:(t:1, i:0) file:/home/runner/work/ozone/ozone/hadoop-ozone/integration-test/target/test-dir/MiniOzoneClusterImpl-29bc8a50-871c-4f9e-822f-1a9e32d9d7f8/datanode-5/data/ratis/aea278b0-c48a-401a-b92a-47194f445b8b/sm/snapshot.1_0 took: 1 ms
2021-09-02 02:25:41,833 [3c795851-1066-4b85-8bc1-6af36b99c451@group-47194F445B8B-StateMachineUpdater] INFO  impl.StateMachineUpdater (StateMachineUpdater.java:takeSnapshot(281)) - 3c795851-1066-4b85-8bc1-6af36b99c451@group-47194F445B8B-StateMachineUpdater: Took a snapshot at index 0
2021-09-02 02:25:41,833 [3c795851-1066-4b85-8bc1-6af36b99c451@group-47194F445B8B-StateMachineUpdater] INFO  impl.StateMachineUpdater (StateMachineUpdater.java:lambda$new$0(89)) - 3c795851-1066-4b85-8bc1-6af36b99c451@group-47194F445B8B-StateMachineUpdater: snapshotIndex: updateIncreasingly -1 -> 0
2021-09-02 02:25:41,834 [ForkJoinPool.commonPool-worker-0] INFO  server.RaftServer$Division (ServerState.java:close(419)) - 3c795851-1066-4b85-8bc1-6af36b99c451@group-47194F445B8B: closes. applyIndex: 0
2021-09-02 02:25:41,834 [3c795851-1066-4b85-8bc1-6af36b99c451@group-47194F445B8B-SegmentedRaftLogWorker] INFO  segmented.SegmentedRaftLogWorker (SegmentedRaftLogWorker.java:run(327)) - 3c795851-1066-4b85-8bc1-6af36b99c451@group-47194F445B8B-SegmentedRaftLogWorker was interrupted, exiting. There are 0 tasks remaining in the queue.
2021-09-02 02:25:41,834 [ForkJoinPool.commonPool-worker-0] INFO  segmented.SegmentedRaftLogWorker (SegmentedRaftLogWorker.java:close(237)) - 3c795851-1066-4b85-8bc1-6af36b99c451@group-47194F445B8B-SegmentedRaftLogWorker close()
2021-09-02 02:25:41,837 [ForkJoinPool.commonPool-worker-0] INFO  server.GrpcService (GrpcService.java:closeImpl(262)) - 3c795851-1066-4b85-8bc1-6af36b99c451: shutdown server with port 42401 now
2021-09-02 02:25:41,864 [ForkJoinPool.commonPool-worker-0] INFO  server.GrpcService (GrpcService.java:closeImpl(271)) - 3c795851-1066-4b85-8bc1-6af36b99c451: shutdown server with port 42401 successfully
2021-09-02 02:25:41,873 [org.apache.ratis.util.JvmPauseMonitor$$Lambda$531/908743333@6c4110fb] INFO  util.JvmPauseMonitor (JvmPauseMonitor.java:run(109)) - JvmPauseMonitor-3c795851-1066-4b85-8bc1-6af36b99c451: Stopped
2021-09-02 02:25:41,895 [ForkJoinPool.commonPool-worker-0] INFO  utils.BackgroundService (BackgroundService.java:shutdown(132)) - Shutting down service BlockDeletingService
2021-09-02 02:25:44,914 [ForkJoinPool.commonPool-worker-0] INFO  statemachine.DatanodeStateMachine (DatanodeStateMachine.java:stopDaemon(515)) - Ozone container server stopped.
2021-09-02 02:25:44,924 [ForkJoinPool.commonPool-worker-0] INFO  handler.ContextHandler (ContextHandler.java:doStop(1153)) - Stopped o.e.j.w.WebAppContext@50698484{hddsDatanode,/,null,STOPPED}{jar:file:/home/runner/.m2/repository/org/apache/ozone/hdds-container-service/1.2.0-SNAPSHOT/hdds-container-service-1.2.0-SNAPSHOT.jar!/webapps/hddsDatanode}
2021-09-02 02:25:44,928 [ForkJoinPool.commonPool-worker-0] INFO  server.AbstractConnector (AbstractConnector.java:doStop(381)) - Stopped ServerConnector@27e51cf2{HTTP/1.1, (http/1.1)}{0.0.0.0:0}
2021-09-02 02:25:44,928 [ForkJoinPool.commonPool-worker-0] INFO  server.session (HouseKeeper.java:stopScavenging(149)) - node0 Stopped scavenging
2021-09-02 02:25:44,929 [ForkJoinPool.commonPool-worker-0] INFO  handler.ContextHandler (ContextHandler.java:doStop(1153)) - Stopped o.e.j.s.ServletContextHandler@bda4acf{static,/static,jar:file:/home/runner/.m2/repository/org/apache/ozone/hdds-container-service/1.2.0-SNAPSHOT/hdds-container-service-1.2.0-SNAPSHOT.jar!/webapps/static,STOPPED}
2021-09-02 02:25:44,929 [ForkJoinPool.commonPool-worker-0] INFO  handler.ContextHandler (ContextHandler.java:doStop(1153)) - Stopped o.e.j.s.ServletContextHandler@1e3783a9{logs,/logs,file:///home/runner/work/ozone/ozone/hadoop-ozone/integration-test/target/log,STOPPED}
2021-09-02 02:25:44,942 [Listener at 127.0.0.1/45645] INFO  ozone.MiniOzoneClusterImpl (MiniOzoneClusterImpl.java:stopSCM(542)) - Stopping the StorageContainerManager
2021-09-02 02:25:44,942 [Listener at 127.0.0.1/45645] INFO  server.StorageContainerManager (StorageContainerManager.java:stop(1348)) - Stopping Container Balancer service.
2021-09-02 02:25:44,942 [Listener at 127.0.0.1/45645] INFO  balancer.ContainerBalancer (ContainerBalancer.java:stop(721)) - Container Balancer is not running.
2021-09-02 02:25:44,942 [Listener at 127.0.0.1/45645] INFO  server.StorageContainerManager (StorageContainerManager.java:stop(1355)) - Stopping Replication Manager Service.
2021-09-02 02:25:44,942 [Listener at 127.0.0.1/45645] INFO  container.ReplicationManager (ReplicationManager.java:stop(338)) - Stopping Replication Monitor Thread.
2021-09-02 02:25:44,942 [Listener at 127.0.0.1/45645] INFO  server.StorageContainerManager (StorageContainerManager.java:stop(1362)) - Stopping the Datanode Admin Monitor.
2021-09-02 02:25:44,942 [Listener at 127.0.0.1/45645] INFO  server.StorageContainerManager (StorageContainerManager.java:stop(1369)) - Stopping Lease Manager of the command watchers
2021-09-02 02:25:44,942 [Listener at 127.0.0.1/45645] INFO  server.StorageContainerManager (StorageContainerManager.java:stop(1376)) - Stopping datanode service RPC server
2021-09-02 02:25:44,942 [Listener at 127.0.0.1/45645] INFO  server.SCMDatanodeProtocolServer (SCMDatanodeProtocolServer.java:stop(389)) - Stopping the RPC server for DataNodes
2021-09-02 02:25:44,942 [Listener at 127.0.0.1/45645] INFO  ipc.Server (Server.java:stop(3414)) - Stopping server on 41521
2021-09-02 02:25:44,943 [IPC Server listener on 0] INFO  ipc.Server (Server.java:run(1376)) - Stopping IPC Server listener on 0
2021-09-02 02:25:44,978 [IPC Server Responder] INFO  ipc.Server (Server.java:run(1512)) - Stopping IPC Server Responder
2021-09-02 02:25:45,020 [SCM Heartbeat Processing Thread - 0] WARN  node.NodeStateManager (NodeStateManager.java:scheduleNextHealthCheck(799)) - Current Thread is interrupted, shutting down HB processing thread for Node Manager.
2021-09-02 02:25:45,021 [Listener at 127.0.0.1/45645] INFO  server.StorageContainerManager (StorageContainerManager.java:stop(1384)) - Stopping block service RPC server
2021-09-02 02:25:45,021 [Listener at 127.0.0.1/45645] INFO  server.SCMBlockProtocolServer (SCMBlockProtocolServer.java:stop(160)) - Stopping the RPC server for Block Protocol
2021-09-02 02:25:45,021 [Listener at 127.0.0.1/45645] INFO  ipc.Server (Server.java:stop(3414)) - Stopping server on 35501
2021-09-02 02:25:45,026 [Listener at 127.0.0.1/45645] INFO  server.StorageContainerManager (StorageContainerManager.java:stop(1391)) - Stopping the StorageContainerLocationProtocol RPC server
2021-09-02 02:25:45,026 [Listener at 127.0.0.1/45645] INFO  server.SCMClientProtocolServer (SCMClientProtocolServer.java:stop(173)) - Stopping the RPC server for Client Protocol
2021-09-02 02:25:45,026 [Listener at 127.0.0.1/45645] INFO  ipc.Server (Server.java:stop(3414)) - Stopping server on 44409
2021-09-02 02:25:45,028 [Listener at 127.0.0.1/45645] INFO  server.StorageContainerManager (StorageContainerManager.java:stop(1398)) - Stopping Storage Container Manager HTTP server.
2021-09-02 02:25:45,029 [Listener at 127.0.0.1/45645] INFO  handler.ContextHandler (ContextHandler.java:doStop(1153)) - Stopped o.e.j.w.WebAppContext@7ef1ffcf{scm,/,null,STOPPED}{file:/home/runner/work/ozone/ozone/hadoop-ozone/integration-test/target/test-classes/webapps/scm}
2021-09-02 02:25:45,029 [IPC Server Responder] INFO  ipc.Server (Server.java:run(1512)) - Stopping IPC Server Responder
2021-09-02 02:25:45,032 [Listener at 127.0.0.1/45645] INFO  server.AbstractConnector (AbstractConnector.java:doStop(381)) - Stopped ServerConnector@6728c0e3{HTTP/1.1, (http/1.1)}{0.0.0.0:0}
2021-09-02 02:25:45,032 [Listener at 127.0.0.1/45645] INFO  server.session (HouseKeeper.java:stopScavenging(149)) - node0 Stopped scavenging
2021-09-02 02:25:45,032 [Listener at 127.0.0.1/45645] INFO  handler.ContextHandler (ContextHandler.java:doStop(1153)) - Stopped o.e.j.s.ServletContextHandler@6833b450{static,/static,file:///home/runner/work/ozone/ozone/hadoop-ozone/integration-test/target/test-classes/webapps/static,STOPPED}
2021-09-02 02:25:45,032 [Listener at 127.0.0.1/45645] INFO  handler.ContextHandler (ContextHandler.java:doStop(1153)) - Stopped o.e.j.s.ServletContextHandler@30fed348{logs,/logs,file:///home/runner/work/ozone/ozone/hadoop-ozone/integration-test/target/log,STOPPED}
2021-09-02 02:25:45,049 [Listener at 127.0.0.1/45645] INFO  server.StorageContainerManager (StorageContainerManager.java:stop(1409)) - Stopping Block Manager Service.
2021-09-02 02:25:45,049 [Listener at 127.0.0.1/45645] INFO  utils.BackgroundService (BackgroundService.java:shutdown(132)) - Shutting down service SCMBlockDeletingService
2021-09-02 02:25:45,049 [Listener at 127.0.0.1/45645] INFO  utils.BackgroundService (BackgroundService.java:shutdown(132)) - Shutting down service SCMBlockDeletingService
2021-09-02 02:25:45,050 [Listener at 127.0.0.1/45645] INFO  server.StorageContainerManager (StorageContainerManager.java:stop(1436)) - Stopping SCM Event Queue.
2021-09-02 02:25:45,051 [Listener at 127.0.0.1/45645] INFO  server.StorageContainerManager (StorageContainerManager.java:stop(1447)) - Stopping SCM HA services.
2021-09-02 02:25:45,051 [Listener at 127.0.0.1/45645] INFO  pipeline.BackgroundPipelineCreator (BackgroundPipelineCreatorV2.java:stop(158)) - Stopping RatisPipelineUtilsThread.
2021-09-02 02:25:45,052 [Listener at 127.0.0.1/45645] INFO  server.StorageContainerManager (StorageContainerManager.java:stop(1457)) - Stopping SCM MetadataStore.
2021-09-02 02:25:45,053 [Listener at 127.0.0.1/45645] INFO  impl.MetricsSystemImpl (MetricsSystemImpl.java:stop(210)) - Stopping HddsDatanode metrics system...
2021-09-02 02:25:45,118 [IPC Server listener on 0] INFO  ipc.Server (Server.java:run(1376)) - Stopping IPC Server listener on 0
2021-09-02 02:25:45,137 [prometheus] INFO  impl.MetricsSinkAdapter (MetricsSinkAdapter.java:publishMetricsFromQueue(141)) - prometheus thread interrupted.
2021-09-02 02:25:45,205 [Listener at 127.0.0.1/45645] INFO  impl.MetricsSystemImpl (MetricsSystemImpl.java:stop(216)) - HddsDatanode metrics system stopped.
2021-09-02 02:25:45,121 [IPC Server listener on 0] INFO  ipc.Server (Server.java:run(1376)) - Stopping IPC Server listener on 0
2021-09-02 02:25:45,225 [IPC Server Responder] INFO  ipc.Server (Server.java:run(1512)) - Stopping IPC Server Responder
]]></system-out>
  </testcase>
  <testcase name="testWatchForCommitWithCloseContainerException" classname="org.apache.hadoop.ozone.client.rpc.TestBlockOutputStreamWithFailures" time="58.301"/>
  <testcase name="testExceptionDuringClose" classname="org.apache.hadoop.ozone.client.rpc.TestBlockOutputStreamWithFailures" time="62.139"/>
</testsuite>