<?xml version="1.0" encoding="UTF-8"?>
<testsuite xmlns:xsi="http://www.w3.org/2001/XMLSchema-instance" xsi:noNamespaceSchemaLocation="https://maven.apache.org/surefire/maven-surefire-plugin/xsd/surefire-test-report.xsd" name="org.apache.hadoop.ozone.om.TestOzoneManagerHAWithData" time="298.105" tests="12" errors="0" skipped="1" failures="1">
  <properties>
    <property name="awt.toolkit" value="sun.awt.X11.XToolkit"/>
    <property name="file.encoding.pkg" value="sun.io"/>
    <property name="java.specification.version" value="1.8"/>
    <property name="sun.cpu.isalist" value=""/>
    <property name="sun.jnu.encoding" value="ANSI_X3.4-1968"/>
    <property name="java.class.path" value="/github/workspace/mnt/ozone/hadoop-ozone/integration-test/target/test-classes:/github/workspace/mnt/ozone/hadoop-ozone/integration-test/target/classes:/home/user/.m2/repository/org/apache/hadoop/hadoop-ozone-common/1.1.0-SNAPSHOT/hadoop-ozone-common-1.1.0-SNAPSHOT.jar:/home/user/.m2/repository/org/apache/commons/commons-compress/1.4.1/commons-compress-1.4.1.jar:/home/user/.m2/repository/org/tukaani/xz/1.0/xz-1.0.jar:/home/user/.m2/repository/org/apache/hadoop/hadoop-hdds-common/1.1.0-SNAPSHOT/hadoop-hdds-common-1.1.0-SNAPSHOT.jar:/home/user/.m2/repository/org/apache/hadoop/hadoop-hdds-client/1.1.0-SNAPSHOT/hadoop-hdds-client-1.1.0-SNAPSHOT.jar:/home/user/.m2/repository/org/apache/hadoop/hadoop-ozone-interface-client/1.1.0-SNAPSHOT/hadoop-ozone-interface-client-1.1.0-SNAPSHOT.jar:/home/user/.m2/repository/org/apache/hadoop/hadoop-hdds-test-utils/1.1.0-SNAPSHOT/hadoop-hdds-test-utils-1.1.0-SNAPSHOT.jar:/home/user/.m2/repository/com/google/guava/guava/28.2-jre/guava-28.2-jre.jar:/home/user/.m2/repository/com/google/guava/failureaccess/1.0.1/failureaccess-1.0.1.jar:/home/user/.m2/repository/com/google/guava/listenablefuture/9999.0-empty-to-avoid-conflict-with-guava/listenablefuture-9999.0-empty-to-avoid-conflict-with-guava.jar:/home/user/.m2/repository/com/google/code/findbugs/jsr305/3.0.0/jsr305-3.0.0.jar:/home/user/.m2/repository/org/checkerframework/checker-qual/2.10.0/checker-qual-2.10.0.jar:/home/user/.m2/repository/com/google/errorprone/error_prone_annotations/2.2.0/error_prone_annotations-2.2.0.jar:/home/user/.m2/repository/com/google/j2objc/j2objc-annotations/1.3/j2objc-annotations-1.3.jar:/home/user/.m2/repository/commons-io/commons-io/2.5/commons-io-2.5.jar:/home/user/.m2/repository/commons-logging/commons-logging/1.2/commons-logging-1.2.jar:/home/user/.m2/repository/log4j/log4j/1.2.17/log4j-1.2.17.jar:/home/user/.m2/repository/org/slf4j/slf4j-api/1.7.30/slf4j-api-1.7.30.jar:/home/user/.m2/repository/org/apache/hadoop/hadoop-hdds-server-scm/1.1.0-SNAPSHOT/hadoop-hdds-server-scm-1.1.0-SNAPSHOT.jar:/home/user/.m2/repository/org/apache/hadoop/hadoop-hdds-container-service/1.1.0-SNAPSHOT/hadoop-hdds-container-service-1.1.0-SNAPSHOT.jar:/home/user/.m2/repository/org/apache/hadoop/hadoop-hdds-hadoop-dependency-server/1.1.0-SNAPSHOT/hadoop-hdds-hadoop-dependency-server-1.1.0-SNAPSHOT.jar:/home/user/.m2/repository/org/apache/hadoop/hadoop-hdfs/3.2.1/hadoop-hdfs-3.2.1.jar:/home/user/.m2/repository/org/apache/hadoop/hadoop-hdds-server-framework/1.1.0-SNAPSHOT/hadoop-hdds-server-framework-1.1.0-SNAPSHOT.jar:/home/user/.m2/repository/org/apache/hadoop/hadoop-hdds-interface-server/1.1.0-SNAPSHOT/hadoop-hdds-interface-server-1.1.0-SNAPSHOT.jar:/home/user/.m2/repository/org/apache/hadoop/hadoop-hdds-interface-admin/1.1.0-SNAPSHOT/hadoop-hdds-interface-admin-1.1.0-SNAPSHOT.jar:/home/user/.m2/repository/org/eclipse/jetty/jetty-servlet/9.4.34.v20201102/jetty-servlet-9.4.34.v20201102.jar:/home/user/.m2/repository/org/eclipse/jetty/jetty-security/9.4.34.v20201102/jetty-security-9.4.34.v20201102.jar:/home/user/.m2/repository/org/rocksdb/rocksdbjni/6.8.1/rocksdbjni-6.8.1.jar:/home/user/.m2/repository/io/prometheus/simpleclient_dropwizard/0.7.0/simpleclient_dropwizard-0.7.0.jar:/home/user/.m2/repository/io/prometheus/simpleclient/0.7.0/simpleclient-0.7.0.jar:/home/user/.m2/repository/io/prometheus/simpleclient_common/0.7.0/simpleclient_common-0.7.0.jar:/home/user/.m2/repository/com/fasterxml/jackson/datatype/jackson-datatype-jsr310/2.10.3/jackson-datatype-jsr310-2.10.3.jar:/home/user/.m2/repository/io/dropwizard/metrics/metrics-core/3.2.4/metrics-core-3.2.4.jar:/home/user/.m2/repository/org/apache/hadoop/hadoop-hdfs-client/3.2.1/hadoop-hdfs-client-3.2.1.jar:/home/user/.m2/repository/org/bouncycastle/bcprov-jdk15on/1.60/bcprov-jdk15on-1.60.jar:/home/user/.m2/repository/org/apache/hadoop/hadoop-ozone-ozone-manager/1.1.0-SNAPSHOT/hadoop-ozone-ozone-manager-1.1.0-SNAPSHOT.jar:/home/user/.m2/repository/org/apache/hadoop/hadoop-hdds-interface-client/1.1.0-SNAPSHOT/hadoop-hdds-interface-client-1.1.0-SNAPSHOT.jar:/home/user/.m2/repository/org/apache/ratis/ratis-thirdparty-misc/0.6.0-SNAPSHOT/ratis-thirdparty-misc-0.6.0-SNAPSHOT.jar:/home/user/.m2/repository/org/apache/hadoop/hadoop-ozone-interface-storage/1.1.0-SNAPSHOT/hadoop-ozone-interface-storage-1.1.0-SNAPSHOT.jar:/home/user/.m2/repository/org/apache/hadoop/hadoop-minikdc/3.2.1/hadoop-minikdc-3.2.1.jar:/home/user/.m2/repository/org/apache/kerby/kerb-simplekdc/1.0.1/kerb-simplekdc-1.0.1.jar:/home/user/.m2/repository/org/apache/kerby/kerb-client/1.0.1/kerb-client-1.0.1.jar:/home/user/.m2/repository/org/apache/kerby/kerby-config/1.0.1/kerby-config-1.0.1.jar:/home/user/.m2/repository/org/apache/kerby/kerb-core/1.0.1/kerb-core-1.0.1.jar:/home/user/.m2/repository/org/apache/kerby/kerby-pkix/1.0.1/kerby-pkix-1.0.1.jar:/home/user/.m2/repository/org/apache/kerby/kerby-asn1/1.0.1/kerby-asn1-1.0.1.jar:/home/user/.m2/repository/org/apache/kerby/kerby-util/1.0.1/kerby-util-1.0.1.jar:/home/user/.m2/repository/org/apache/kerby/kerb-common/1.0.1/kerb-common-1.0.1.jar:/home/user/.m2/repository/org/apache/kerby/kerb-crypto/1.0.1/kerb-crypto-1.0.1.jar:/home/user/.m2/repository/org/apache/kerby/kerb-util/1.0.1/kerb-util-1.0.1.jar:/home/user/.m2/repository/org/apache/kerby/token-provider/1.0.1/token-provider-1.0.1.jar:/home/user/.m2/repository/org/apache/kerby/kerb-admin/1.0.1/kerb-admin-1.0.1.jar:/home/user/.m2/repository/org/apache/kerby/kerb-server/1.0.1/kerb-server-1.0.1.jar:/home/user/.m2/repository/org/apache/kerby/kerb-identity/1.0.1/kerb-identity-1.0.1.jar:/home/user/.m2/repository/org/apache/kerby/kerby-xdr/1.0.1/kerby-xdr-1.0.1.jar:/home/user/.m2/repository/org/slf4j/slf4j-log4j12/1.7.30/slf4j-log4j12-1.7.30.jar:/home/user/.m2/repository/org/apache/hadoop/hadoop-ozone-s3gateway/1.1.0-SNAPSHOT/hadoop-ozone-s3gateway-1.1.0-SNAPSHOT.jar:/home/user/.m2/repository/org/jboss/weld/servlet/weld-servlet/2.4.7.Final/weld-servlet-2.4.7.Final.jar:/home/user/.m2/repository/org/glassfish/jersey/containers/jersey-container-servlet-core/2.27/jersey-container-servlet-core-2.27.jar:/home/user/.m2/repository/org/glassfish/hk2/external/javax.inject/2.5.0-b42/javax.inject-2.5.0-b42.jar:/home/user/.m2/repository/org/glassfish/jersey/core/jersey-common/2.27/jersey-common-2.27.jar:/home/user/.m2/repository/org/glassfish/hk2/osgi-resource-locator/1.0.1/osgi-resource-locator-1.0.1.jar:/home/user/.m2/repository/javax/ws/rs/javax.ws.rs-api/2.1/javax.ws.rs-api-2.1.jar:/home/user/.m2/repository/org/glassfish/jersey/ext/cdi/jersey-cdi1x/2.27/jersey-cdi1x-2.27.jar:/home/user/.m2/repository/org/glassfish/jersey/inject/jersey-hk2/2.27/jersey-hk2-2.27.jar:/home/user/.m2/repository/org/glassfish/hk2/hk2-locator/2.5.0-b42/hk2-locator-2.5.0-b42.jar:/home/user/.m2/repository/org/javassist/javassist/3.22.0-CR2/javassist-3.22.0-CR2.jar:/home/user/.m2/repository/org/glassfish/hk2/hk2-api/2.5.0/hk2-api-2.5.0.jar:/home/user/.m2/repository/org/glassfish/hk2/external/jakarta.inject/2.5.0/jakarta.inject-2.5.0.jar:/home/user/.m2/repository/org/glassfish/hk2/hk2-utils/2.5.0/hk2-utils-2.5.0.jar:/home/user/.m2/repository/jakarta/annotation/jakarta.annotation-api/1.3.4/jakarta.annotation-api-1.3.4.jar:/home/user/.m2/repository/org/glassfish/hk2/external/aopalliance-repackaged/2.5.0/aopalliance-repackaged-2.5.0.jar:/home/user/.m2/repository/com/fasterxml/jackson/dataformat/jackson-dataformat-xml/2.10.3/jackson-dataformat-xml-2.10.3.jar:/home/user/.m2/repository/com/fasterxml/jackson/core/jackson-core/2.10.3/jackson-core-2.10.3.jar:/home/user/.m2/repository/com/fasterxml/jackson/module/jackson-module-jaxb-annotations/2.10.3/jackson-module-jaxb-annotations-2.10.3.jar:/home/user/.m2/repository/jakarta/xml/bind/jakarta.xml.bind-api/2.3.2/jakarta.xml.bind-api-2.3.2.jar:/home/user/.m2/repository/jakarta/activation/jakarta.activation-api/1.2.1/jakarta.activation-api-1.2.1.jar:/home/user/.m2/repository/org/codehaus/woodstox/stax2-api/3.1.4/stax2-api-3.1.4.jar:/home/user/.m2/repository/com/fasterxml/woodstox/woodstox-core/5.0.3/woodstox-core-5.0.3.jar:/home/user/.m2/repository/javax/enterprise/cdi-api/1.2/cdi-api-1.2.jar:/home/user/.m2/repository/javax/el/javax.el-api/3.0.0/javax.el-api-3.0.0.jar:/home/user/.m2/repository/javax/interceptor/javax.interceptor-api/1.2/javax.interceptor-api-1.2.jar:/home/user/.m2/repository/javax/inject/javax.inject/1/javax.inject-1.jar:/home/user/.m2/repository/com/sun/xml/bind/jaxb-impl/2.3.0.1/jaxb-impl-2.3.0.1.jar:/home/user/.m2/repository/com/sun/xml/bind/jaxb-core/2.3.0.1/jaxb-core-2.3.0.1.jar:/home/user/.m2/repository/javax/xml/bind/jaxb-api/2.3.0/jaxb-api-2.3.0.jar:/home/user/.m2/repository/javax/activation/activation/1.1.1/activation-1.1.1.jar:/home/user/.m2/repository/org/apache/hadoop/hadoop-ozone-csi/1.1.0-SNAPSHOT/hadoop-ozone-csi-1.1.0-SNAPSHOT.jar:/home/user/.m2/repository/com/google/protobuf/protobuf-java-util/3.11.0/protobuf-java-util-3.11.0.jar:/home/user/.m2/repository/com/google/code/gson/gson/2.2.4/gson-2.2.4.jar:/home/user/.m2/repository/org/apache/hadoop/hadoop-hdds-config/1.1.0-SNAPSHOT/hadoop-hdds-config-1.1.0-SNAPSHOT.jar:/home/user/.m2/repository/com/google/protobuf/protobuf-java/2.5.0/protobuf-java-2.5.0.jar:/home/user/.m2/repository/io/grpc/grpc-netty/1.29.0/grpc-netty-1.29.0.jar:/home/user/.m2/repository/io/grpc/grpc-core/1.29.0/grpc-core-1.29.0.jar:/home/user/.m2/repository/com/google/android/annotations/4.1.1.4/annotations-4.1.1.4.jar:/home/user/.m2/repository/io/perfmark/perfmark-api/0.19.0/perfmark-api-0.19.0.jar:/home/user/.m2/repository/io/netty/netty-codec-http2/4.1.48.Final/netty-codec-http2-4.1.48.Final.jar:/home/user/.m2/repository/io/netty/netty-codec/4.1.48.Final/netty-codec-4.1.48.Final.jar:/home/user/.m2/repository/io/netty/netty-handler/4.1.48.Final/netty-handler-4.1.48.Final.jar:/home/user/.m2/repository/io/netty/netty-codec-http/4.1.48.Final/netty-codec-http-4.1.48.Final.jar:/home/user/.m2/repository/io/netty/netty-handler-proxy/4.1.48.Final/netty-handler-proxy-4.1.48.Final.jar:/home/user/.m2/repository/io/netty/netty-codec-socks/4.1.48.Final/netty-codec-socks-4.1.48.Final.jar:/home/user/.m2/repository/io/netty/netty-transport-native-epoll/4.1.48.Final/netty-transport-native-epoll-4.1.48.Final.jar:/home/user/.m2/repository/io/netty/netty-common/4.1.48.Final/netty-common-4.1.48.Final.jar:/home/user/.m2/repository/io/netty/netty-buffer/4.1.48.Final/netty-buffer-4.1.48.Final.jar:/home/user/.m2/repository/io/netty/netty-transport/4.1.48.Final/netty-transport-4.1.48.Final.jar:/home/user/.m2/repository/io/netty/netty-resolver/4.1.48.Final/netty-resolver-4.1.48.Final.jar:/home/user/.m2/repository/io/netty/netty-transport-native-unix-common/4.1.48.Final/netty-transport-native-unix-common-4.1.48.Final.jar:/home/user/.m2/repository/io/grpc/grpc-protobuf/1.29.0/grpc-protobuf-1.29.0.jar:/home/user/.m2/repository/io/grpc/grpc-api/1.29.0/grpc-api-1.29.0.jar:/home/user/.m2/repository/io/grpc/grpc-context/1.29.0/grpc-context-1.29.0.jar:/home/user/.m2/repository/org/codehaus/mojo/animal-sniffer-annotations/1.18/animal-sniffer-annotations-1.18.jar:/home/user/.m2/repository/com/google/api/grpc/proto-google-common-protos/1.17.0/proto-google-common-protos-1.17.0.jar:/home/user/.m2/repository/io/grpc/grpc-protobuf-lite/1.29.0/grpc-protobuf-lite-1.29.0.jar:/home/user/.m2/repository/io/grpc/grpc-stub/1.29.0/grpc-stub-1.29.0.jar:/home/user/.m2/repository/org/apache/hadoop/hadoop-ozone-recon/1.1.0-SNAPSHOT/hadoop-ozone-recon-1.1.0-SNAPSHOT.jar:/home/user/.m2/repository/org/apache/hadoop/hadoop-ozone-reconcodegen/1.1.0-SNAPSHOT/hadoop-ozone-reconcodegen-1.1.0-SNAPSHOT.jar:/home/user/.m2/repository/com/google/inject/extensions/guice-multibindings/4.0/guice-multibindings-4.0.jar:/home/user/.m2/repository/com/google/inject/guice/4.0/guice-4.0.jar:/home/user/.m2/repository/aopalliance/aopalliance/1.0/aopalliance-1.0.jar:/home/user/.m2/repository/com/google/inject/extensions/guice-assistedinject/4.0/guice-assistedinject-4.0.jar:/home/user/.m2/repository/com/google/inject/extensions/guice-servlet/4.0/guice-servlet-4.0.jar:/home/user/.m2/repository/org/glassfish/jersey/containers/jersey-container-servlet/2.27/jersey-container-servlet-2.27.jar:/home/user/.m2/repository/org/glassfish/hk2/guice-bridge/2.5.0/guice-bridge-2.5.0.jar:/home/user/.m2/repository/org/glassfish/jersey/core/jersey-server/2.27/jersey-server-2.27.jar:/home/user/.m2/repository/org/glassfish/jersey/core/jersey-client/2.27/jersey-client-2.27.jar:/home/user/.m2/repository/org/glassfish/jersey/media/jersey-media-jaxb/2.27/jersey-media-jaxb-2.27.jar:/home/user/.m2/repository/javax/validation/validation-api/1.1.0.Final/validation-api-1.1.0.Final.jar:/home/user/.m2/repository/org/glassfish/jersey/media/jersey-media-json-jackson/2.27/jersey-media-json-jackson-2.27.jar:/home/user/.m2/repository/org/glassfish/jersey/ext/jersey-entity-filtering/2.27/jersey-entity-filtering-2.27.jar:/home/user/.m2/repository/org/jooq/jooq/3.11.10/jooq-3.11.10.jar:/home/user/.m2/repository/org/jooq/jooq-meta/3.11.10/jooq-meta-3.11.10.jar:/home/user/.m2/repository/org/jooq/jooq-codegen/3.11.10/jooq-codegen-3.11.10.jar:/home/user/.m2/repository/com/jolbox/bonecp/0.8.0.RELEASE/bonecp-0.8.0.RELEASE.jar:/home/user/.m2/repository/org/apache/derby/derby/10.14.2.0/derby-10.14.2.0.jar:/home/user/.m2/repository/org/xerial/sqlite-jdbc/3.25.2/sqlite-jdbc-3.25.2.jar:/home/user/.m2/repository/org/springframework/spring-jdbc/5.2.5.RELEASE/spring-jdbc-5.2.5.RELEASE.jar:/home/user/.m2/repository/org/springframework/spring-beans/5.2.5.RELEASE/spring-beans-5.2.5.RELEASE.jar:/home/user/.m2/repository/org/springframework/spring-core/5.2.5.RELEASE/spring-core-5.2.5.RELEASE.jar:/home/user/.m2/repository/org/springframework/spring-jcl/5.2.5.RELEASE/spring-jcl-5.2.5.RELEASE.jar:/home/user/.m2/repository/org/springframework/spring-tx/5.2.5.RELEASE/spring-tx-5.2.5.RELEASE.jar:/home/user/.m2/repository/org/apache/hadoop/hadoop-ozone-client/1.1.0-SNAPSHOT/hadoop-ozone-client-1.1.0-SNAPSHOT.jar:/home/user/.m2/repository/org/apache/hadoop/hadoop-ozone-filesystem/1.1.0-SNAPSHOT/hadoop-ozone-filesystem-1.1.0-SNAPSHOT.jar:/home/user/.m2/repository/org/apache/hadoop/hadoop-ozone-filesystem-common/1.1.0-SNAPSHOT/hadoop-ozone-filesystem-common-1.1.0-SNAPSHOT.jar:/home/user/.m2/repository/org/apache/hadoop/hadoop-ozone-tools/1.1.0-SNAPSHOT/hadoop-ozone-tools-1.1.0-SNAPSHOT.jar:/home/user/.m2/repository/org/apache/ratis/ratis-tools/1.1.0-913f5a4-SNAPSHOT/ratis-tools-1.1.0-913f5a4-SNAPSHOT.jar:/home/user/.m2/repository/org/apache/ratis/ratis-proto/1.1.0-913f5a4-SNAPSHOT/ratis-proto-1.1.0-913f5a4-SNAPSHOT.jar:/home/user/.m2/repository/org/apache/ratis/ratis-common/1.1.0-913f5a4-SNAPSHOT/ratis-common-1.1.0-913f5a4-SNAPSHOT.jar:/home/user/.m2/repository/com/amazonaws/aws-java-sdk-core/1.11.615/aws-java-sdk-core-1.11.615.jar:/home/user/.m2/repository/org/apache/httpcomponents/httpclient/4.5.13/httpclient-4.5.13.jar:/home/user/.m2/repository/org/apache/httpcomponents/httpcore/4.4.13/httpcore-4.4.13.jar:/home/user/.m2/repository/software/amazon/ion/ion-java/1.0.2/ion-java-1.0.2.jar:/home/user/.m2/repository/com/fasterxml/jackson/dataformat/jackson-dataformat-cbor/2.10.3/jackson-dataformat-cbor-2.10.3.jar:/home/user/.m2/repository/joda-time/joda-time/2.8.1/joda-time-2.8.1.jar:/home/user/.m2/repository/com/amazonaws/aws-java-sdk-s3/1.11.615/aws-java-sdk-s3-1.11.615.jar:/home/user/.m2/repository/com/amazonaws/aws-java-sdk-kms/1.11.615/aws-java-sdk-kms-1.11.615.jar:/home/user/.m2/repository/com/amazonaws/jmespath-java/1.11.615/jmespath-java-1.11.615.jar:/home/user/.m2/repository/org/kohsuke/metainf-services/metainf-services/1.8/metainf-services-1.8.jar:/home/user/.m2/repository/org/apache/hadoop/hadoop-hdds-tools/1.1.0-SNAPSHOT/hadoop-hdds-tools-1.1.0-SNAPSHOT.jar:/home/user/.m2/repository/commons-cli/commons-cli/1.2/commons-cli-1.2.jar:/home/user/.m2/repository/org/apache/commons/commons-lang3/3.7/commons-lang3-3.7.jar:/home/user/.m2/repository/org/apache/hadoop/hadoop-ozone-ozone-manager/1.1.0-SNAPSHOT/hadoop-ozone-ozone-manager-1.1.0-SNAPSHOT-tests.jar:/home/user/.m2/repository/org/apache/hadoop/hadoop-hdds-common/1.1.0-SNAPSHOT/hadoop-hdds-common-1.1.0-SNAPSHOT-tests.jar:/home/user/.m2/repository/org/apache/hadoop/hadoop-hdds-hadoop-dependency-client/1.1.0-SNAPSHOT/hadoop-hdds-hadoop-dependency-client-1.1.0-SNAPSHOT.jar:/home/user/.m2/repository/info/picocli/picocli/4.4.0/picocli-4.4.0.jar:/home/user/.m2/repository/com/fasterxml/jackson/core/jackson-annotations/2.10.3/jackson-annotations-2.10.3.jar:/home/user/.m2/repository/javax/annotation/javax.annotation-api/1.2/javax.annotation-api-1.2.jar:/home/user/.m2/repository/org/fusesource/leveldbjni/leveldbjni-all/1.8/leveldbjni-all-1.8.jar:/home/user/.m2/repository/org/apache/ratis/ratis-server/1.1.0-913f5a4-SNAPSHOT/ratis-server-1.1.0-913f5a4-SNAPSHOT.jar:/home/user/.m2/repository/org/apache/ratis/ratis-client/1.1.0-913f5a4-SNAPSHOT/ratis-client-1.1.0-913f5a4-SNAPSHOT.jar:/home/user/.m2/repository/org/apache/ratis/ratis-metrics/1.1.0-913f5a4-SNAPSHOT/ratis-metrics-1.1.0-913f5a4-SNAPSHOT.jar:/home/user/.m2/repository/org/apache/ratis/ratis-netty/1.1.0-913f5a4-SNAPSHOT/ratis-netty-1.1.0-913f5a4-SNAPSHOT.jar:/home/user/.m2/repository/org/apache/ratis/ratis-grpc/1.1.0-913f5a4-SNAPSHOT/ratis-grpc-1.1.0-913f5a4-SNAPSHOT.jar:/home/user/.m2/repository/org/apache/logging/log4j/log4j-api/2.13.3/log4j-api-2.13.3.jar:/home/user/.m2/repository/org/apache/logging/log4j/log4j-core/2.13.3/log4j-core-2.13.3.jar:/home/user/.m2/repository/com/lmax/disruptor/3.4.2/disruptor-3.4.2.jar:/home/user/.m2/repository/org/apache/commons/commons-pool2/2.6.0/commons-pool2-2.6.0.jar:/home/user/.m2/repository/org/bouncycastle/bcpkix-jdk15on/1.60/bcpkix-jdk15on-1.60.jar:/home/user/.m2/repository/commons-validator/commons-validator/1.6/commons-validator-1.6.jar:/home/user/.m2/repository/commons-beanutils/commons-beanutils/1.9.4/commons-beanutils-1.9.4.jar:/home/user/.m2/repository/commons-digester/commons-digester/1.8.1/commons-digester-1.8.1.jar:/home/user/.m2/repository/commons-collections/commons-collections/3.2.2/commons-collections-3.2.2.jar:/home/user/.m2/repository/io/jaegertracing/jaeger-client/1.2.0/jaeger-client-1.2.0.jar:/home/user/.m2/repository/io/jaegertracing/jaeger-thrift/1.2.0/jaeger-thrift-1.2.0.jar:/home/user/.m2/repository/org/apache/thrift/libthrift/0.13.0/libthrift-0.13.0.jar:/home/user/.m2/repository/com/squareup/okhttp3/okhttp/4.2.2/okhttp-4.2.2.jar:/home/user/.m2/repository/com/squareup/okio/okio/2.2.2/okio-2.2.2.jar:/home/user/.m2/repository/org/jetbrains/kotlin/kotlin-stdlib/1.3.50/kotlin-stdlib-1.3.50.jar:/home/user/.m2/repository/org/jetbrains/kotlin/kotlin-stdlib-common/1.3.50/kotlin-stdlib-common-1.3.50.jar:/home/user/.m2/repository/org/jetbrains/annotations/13.0/annotations-13.0.jar:/home/user/.m2/repository/io/jaegertracing/jaeger-core/1.2.0/jaeger-core-1.2.0.jar:/home/user/.m2/repository/io/jaegertracing/jaeger-tracerresolver/1.2.0/jaeger-tracerresolver-1.2.0.jar:/home/user/.m2/repository/io/opentracing/contrib/opentracing-tracerresolver/0.1.8/opentracing-tracerresolver-0.1.8.jar:/home/user/.m2/repository/io/opentracing/opentracing-util/0.33.0/opentracing-util-0.33.0.jar:/home/user/.m2/repository/io/opentracing/opentracing-api/0.33.0/opentracing-api-0.33.0.jar:/home/user/.m2/repository/io/opentracing/opentracing-noop/0.33.0/opentracing-noop-0.33.0.jar:/home/user/.m2/repository/org/yaml/snakeyaml/1.16/snakeyaml-1.16.jar:/home/user/.m2/repository/junit/junit/4.11/junit-4.11.jar:/home/user/.m2/repository/org/hamcrest/hamcrest-core/1.3/hamcrest-core-1.3.jar:/home/user/.m2/repository/org/openjdk/jmh/jmh-core/1.19/jmh-core-1.19.jar:/home/user/.m2/repository/net/sf/jopt-simple/jopt-simple/4.6/jopt-simple-4.6.jar:/home/user/.m2/repository/org/apache/commons/commons-math3/3.1.1/commons-math3-3.1.1.jar:/home/user/.m2/repository/org/openjdk/jmh/jmh-generator-annprocess/1.19/jmh-generator-annprocess-1.19.jar:/home/user/.m2/repository/org/mockito/mockito-all/1.8.5/mockito-all-1.8.5.jar:/home/user/.m2/repository/org/apache/hadoop/hadoop-kms/3.2.1/hadoop-kms-3.2.1.jar:/home/user/.m2/repository/org/apache/hadoop/hadoop-auth/3.2.1/hadoop-auth-3.2.1.jar:/home/user/.m2/repository/com/nimbusds/nimbus-jose-jwt/7.9/nimbus-jose-jwt-7.9.jar:/home/user/.m2/repository/com/github/stephenc/jcip/jcip-annotations/1.0-1/jcip-annotations-1.0-1.jar:/home/user/.m2/repository/net/minidev/json-smart/2.3/json-smart-2.3.jar:/home/user/.m2/repository/net/minidev/accessors-smart/1.2/accessors-smart-1.2.jar:/home/user/.m2/repository/org/ow2/asm/asm/5.0.4/asm-5.0.4.jar:/home/user/.m2/repository/org/apache/zookeeper/zookeeper/3.4.13/zookeeper-3.4.13.jar:/home/user/.m2/repository/org/apache/yetus/audience-annotations/0.5.0/audience-annotations-0.5.0.jar:/home/user/.m2/repository/org/apache/curator/curator-framework/2.13.0/curator-framework-2.13.0.jar:/home/user/.m2/repository/com/sun/jersey/jersey-core/1.19/jersey-core-1.19.jar:/home/user/.m2/repository/javax/ws/rs/jsr311-api/1.1.1/jsr311-api-1.1.1.jar:/home/user/.m2/repository/com/sun/jersey/jersey-server/1.19/jersey-server-1.19.jar:/home/user/.m2/repository/javax/servlet/javax.servlet-api/3.1.0/javax.servlet-api-3.1.0.jar:/home/user/.m2/repository/org/eclipse/jetty/jetty-server/9.4.34.v20201102/jetty-server-9.4.34.v20201102.jar:/home/user/.m2/repository/org/eclipse/jetty/jetty-http/9.4.34.v20201102/jetty-http-9.4.34.v20201102.jar:/home/user/.m2/repository/org/eclipse/jetty/jetty-io/9.4.34.v20201102/jetty-io-9.4.34.v20201102.jar:/home/user/.m2/repository/org/eclipse/jetty/jetty-webapp/9.4.34.v20201102/jetty-webapp-9.4.34.v20201102.jar:/home/user/.m2/repository/org/eclipse/jetty/jetty-xml/9.4.34.v20201102/jetty-xml-9.4.34.v20201102.jar:/home/user/.m2/repository/org/apache/hadoop/hadoop-common/3.2.1/hadoop-common-3.2.1.jar:/home/user/.m2/repository/commons-net/commons-net/3.6/commons-net-3.6.jar:/home/user/.m2/repository/com/sun/jersey/jersey-servlet/1.19/jersey-servlet-1.19.jar:/home/user/.m2/repository/com/sun/jersey/jersey-json/1.19/jersey-json-1.19.jar:/home/user/.m2/repository/org/codehaus/jettison/jettison/1.1/jettison-1.1.jar:/home/user/.m2/repository/org/codehaus/jackson/jackson-jaxrs/1.9.2/jackson-jaxrs-1.9.2.jar:/home/user/.m2/repository/org/codehaus/jackson/jackson-xc/1.9.2/jackson-xc-1.9.2.jar:/home/user/.m2/repository/org/apache/commons/commons-configuration2/2.1.1/commons-configuration2-2.1.1.jar:/home/user/.m2/repository/org/apache/commons/commons-text/1.4/commons-text-1.4.jar:/home/user/.m2/repository/com/google/re2j/re2j/1.1/re2j-1.1.jar:/home/user/.m2/repository/com/jcraft/jsch/0.1.54/jsch-0.1.54.jar:/home/user/.m2/repository/org/apache/curator/curator-client/2.13.0/curator-client-2.13.0.jar:/home/user/.m2/repository/org/apache/curator/curator-recipes/2.13.0/curator-recipes-2.13.0.jar:/home/user/.m2/repository/dnsjava/dnsjava/2.1.7/dnsjava-2.1.7.jar:/home/user/.m2/repository/org/slf4j/jul-to-slf4j/1.7.30/jul-to-slf4j-1.7.30.jar:/home/user/.m2/repository/org/eclipse/jetty/jetty-util/9.4.34.v20201102/jetty-util-9.4.34.v20201102.jar:/home/user/.m2/repository/com/fasterxml/jackson/core/jackson-databind/2.10.3/jackson-databind-2.10.3.jar:/home/user/.m2/repository/org/apache/hadoop/hadoop-kms/3.2.1/hadoop-kms-3.2.1-tests.jar:/home/user/.m2/repository/org/apache/hadoop/hadoop-hdds-server-scm/1.1.0-SNAPSHOT/hadoop-hdds-server-scm-1.1.0-SNAPSHOT-tests.jar:/home/user/.m2/repository/org/apache/hadoop/hadoop-hdds-container-service/1.1.0-SNAPSHOT/hadoop-hdds-container-service-1.1.0-SNAPSHOT-tests.jar:/home/user/.m2/repository/commons-codec/commons-codec/1.11/commons-codec-1.11.jar:/home/user/.m2/repository/org/apache/hadoop/hadoop-hdds-hadoop-dependency-test/1.1.0-SNAPSHOT/hadoop-hdds-hadoop-dependency-test-1.1.0-SNAPSHOT.jar:/home/user/.m2/repository/org/apache/hadoop/hadoop-common/3.2.1/hadoop-common-3.2.1-tests.jar:/home/user/.m2/repository/org/apache/hadoop/hadoop-hdfs/3.2.1/hadoop-hdfs-3.2.1-tests.jar:/home/user/.m2/repository/org/eclipse/jetty/jetty-util-ajax/9.4.34.v20201102/jetty-util-ajax-9.4.34.v20201102.jar:/home/user/.m2/repository/commons-daemon/commons-daemon/1.0.13/commons-daemon-1.0.13.jar:/home/user/.m2/repository/io/netty/netty/3.10.5.Final/netty-3.10.5.Final.jar:/home/user/.m2/repository/io/netty/netty-all/4.1.48.Final/netty-all-4.1.48.Final.jar:/home/user/.m2/repository/org/apache/htrace/htrace-core4/4.1.0-incubating/htrace-core4-4.1.0-incubating.jar:/home/user/.m2/repository/org/apache/hadoop/hadoop-distcp/3.2.1/hadoop-distcp-3.2.1.jar:/home/user/.m2/repository/org/apache/hadoop/hadoop-mapreduce-client-jobclient/3.2.1/hadoop-mapreduce-client-jobclient-3.2.1.jar:/home/user/.m2/repository/org/apache/hadoop/hadoop-mapreduce-client-common/3.2.1/hadoop-mapreduce-client-common-3.2.1.jar:/home/user/.m2/repository/org/apache/hadoop/hadoop-yarn-common/3.2.1/hadoop-yarn-common-3.2.1.jar:/home/user/.m2/repository/org/apache/hadoop/hadoop-yarn-api/3.2.1/hadoop-yarn-api-3.2.1.jar:/home/user/.m2/repository/com/sun/jersey/jersey-client/1.19/jersey-client-1.19.jar:/home/user/.m2/repository/com/sun/jersey/contribs/jersey-guice/1.19/jersey-guice-1.19.jar:/home/user/.m2/repository/com/fasterxml/jackson/jaxrs/jackson-jaxrs-json-provider/2.10.3/jackson-jaxrs-json-provider-2.10.3.jar:/home/user/.m2/repository/com/fasterxml/jackson/jaxrs/jackson-jaxrs-base/2.10.3/jackson-jaxrs-base-2.10.3.jar:/home/user/.m2/repository/org/apache/hadoop/hadoop-yarn-client/3.2.1/hadoop-yarn-client-3.2.1.jar:/home/user/.m2/repository/org/apache/hadoop/hadoop-mapreduce-client-core/3.2.1/hadoop-mapreduce-client-core-3.2.1.jar:/home/user/.m2/repository/org/apache/avro/avro/1.7.7/avro-1.7.7.jar:/home/user/.m2/repository/org/codehaus/jackson/jackson-core-asl/1.9.13/jackson-core-asl-1.9.13.jar:/home/user/.m2/repository/org/codehaus/jackson/jackson-mapper-asl/1.9.13/jackson-mapper-asl-1.9.13.jar:/home/user/.m2/repository/com/thoughtworks/paranamer/paranamer/2.3/paranamer-2.3.jar:/home/user/.m2/repository/org/xerial/snappy/snappy-java/1.0.5/snappy-java-1.0.5.jar:/home/user/.m2/repository/org/apache/hadoop/hadoop-annotations/3.2.1/hadoop-annotations-3.2.1.jar:/usr/lib/jvm/java-1.8.0-openjdk-1.8.0.232.b09-0.el7_7.x86_64/jre/../lib/tools.jar:/home/user/.m2/repository/org/apache/hadoop/hadoop-distcp/3.2.1/hadoop-distcp-3.2.1-tests.jar:"/>
    <property name="java.vm.vendor" value="Oracle Corporation"/>
    <property name="sun.arch.data.model" value="64"/>
    <property name="test.build.dir" value="/github/workspace/mnt/ozone/hadoop-ozone/integration-test/target/test-dir"/>
    <property name="test.cache.data" value=""/>
    <property name="java.vendor.url" value="http://java.oracle.com/"/>
    <property name="user.timezone" value=""/>
    <property name="java.vm.specification.version" value="1.8"/>
    <property name="os.name" value="Linux"/>
    <property name="test.build.data" value="/github/workspace/mnt/ozone/hadoop-ozone/integration-test/target/test-dir"/>
    <property name="user.country" value="US"/>
    <property name="sun.java.launcher" value="SUN_STANDARD"/>
    <property name="sun.boot.library.path" value="/usr/lib/jvm/java-1.8.0-openjdk-1.8.0.232.b09-0.el7_7.x86_64/jre/lib/amd64"/>
    <property name="sun.java.command" value="/github/workspace/mnt/ozone/hadoop-ozone/integration-test/target/surefire/surefirebooter8839736091198417285.jar /github/workspace/mnt/ozone/hadoop-ozone/integration-test/target/surefire 2020-12-01T16-22-50_969-jvmRun1 surefire253717743746528827tmp surefire_268934788881607649618tmp"/>
    <property name="surefire.test.class.path" value="/github/workspace/mnt/ozone/hadoop-ozone/integration-test/target/test-classes:/github/workspace/mnt/ozone/hadoop-ozone/integration-test/target/classes:/home/user/.m2/repository/org/apache/hadoop/hadoop-ozone-common/1.1.0-SNAPSHOT/hadoop-ozone-common-1.1.0-SNAPSHOT.jar:/home/user/.m2/repository/org/apache/commons/commons-compress/1.4.1/commons-compress-1.4.1.jar:/home/user/.m2/repository/org/tukaani/xz/1.0/xz-1.0.jar:/home/user/.m2/repository/org/apache/hadoop/hadoop-hdds-common/1.1.0-SNAPSHOT/hadoop-hdds-common-1.1.0-SNAPSHOT.jar:/home/user/.m2/repository/org/apache/hadoop/hadoop-hdds-client/1.1.0-SNAPSHOT/hadoop-hdds-client-1.1.0-SNAPSHOT.jar:/home/user/.m2/repository/org/apache/hadoop/hadoop-ozone-interface-client/1.1.0-SNAPSHOT/hadoop-ozone-interface-client-1.1.0-SNAPSHOT.jar:/home/user/.m2/repository/org/apache/hadoop/hadoop-hdds-test-utils/1.1.0-SNAPSHOT/hadoop-hdds-test-utils-1.1.0-SNAPSHOT.jar:/home/user/.m2/repository/com/google/guava/guava/28.2-jre/guava-28.2-jre.jar:/home/user/.m2/repository/com/google/guava/failureaccess/1.0.1/failureaccess-1.0.1.jar:/home/user/.m2/repository/com/google/guava/listenablefuture/9999.0-empty-to-avoid-conflict-with-guava/listenablefuture-9999.0-empty-to-avoid-conflict-with-guava.jar:/home/user/.m2/repository/com/google/code/findbugs/jsr305/3.0.0/jsr305-3.0.0.jar:/home/user/.m2/repository/org/checkerframework/checker-qual/2.10.0/checker-qual-2.10.0.jar:/home/user/.m2/repository/com/google/errorprone/error_prone_annotations/2.2.0/error_prone_annotations-2.2.0.jar:/home/user/.m2/repository/com/google/j2objc/j2objc-annotations/1.3/j2objc-annotations-1.3.jar:/home/user/.m2/repository/commons-io/commons-io/2.5/commons-io-2.5.jar:/home/user/.m2/repository/commons-logging/commons-logging/1.2/commons-logging-1.2.jar:/home/user/.m2/repository/log4j/log4j/1.2.17/log4j-1.2.17.jar:/home/user/.m2/repository/org/slf4j/slf4j-api/1.7.30/slf4j-api-1.7.30.jar:/home/user/.m2/repository/org/apache/hadoop/hadoop-hdds-server-scm/1.1.0-SNAPSHOT/hadoop-hdds-server-scm-1.1.0-SNAPSHOT.jar:/home/user/.m2/repository/org/apache/hadoop/hadoop-hdds-container-service/1.1.0-SNAPSHOT/hadoop-hdds-container-service-1.1.0-SNAPSHOT.jar:/home/user/.m2/repository/org/apache/hadoop/hadoop-hdds-hadoop-dependency-server/1.1.0-SNAPSHOT/hadoop-hdds-hadoop-dependency-server-1.1.0-SNAPSHOT.jar:/home/user/.m2/repository/org/apache/hadoop/hadoop-hdfs/3.2.1/hadoop-hdfs-3.2.1.jar:/home/user/.m2/repository/org/apache/hadoop/hadoop-hdds-server-framework/1.1.0-SNAPSHOT/hadoop-hdds-server-framework-1.1.0-SNAPSHOT.jar:/home/user/.m2/repository/org/apache/hadoop/hadoop-hdds-interface-server/1.1.0-SNAPSHOT/hadoop-hdds-interface-server-1.1.0-SNAPSHOT.jar:/home/user/.m2/repository/org/apache/hadoop/hadoop-hdds-interface-admin/1.1.0-SNAPSHOT/hadoop-hdds-interface-admin-1.1.0-SNAPSHOT.jar:/home/user/.m2/repository/org/eclipse/jetty/jetty-servlet/9.4.34.v20201102/jetty-servlet-9.4.34.v20201102.jar:/home/user/.m2/repository/org/eclipse/jetty/jetty-security/9.4.34.v20201102/jetty-security-9.4.34.v20201102.jar:/home/user/.m2/repository/org/rocksdb/rocksdbjni/6.8.1/rocksdbjni-6.8.1.jar:/home/user/.m2/repository/io/prometheus/simpleclient_dropwizard/0.7.0/simpleclient_dropwizard-0.7.0.jar:/home/user/.m2/repository/io/prometheus/simpleclient/0.7.0/simpleclient-0.7.0.jar:/home/user/.m2/repository/io/prometheus/simpleclient_common/0.7.0/simpleclient_common-0.7.0.jar:/home/user/.m2/repository/com/fasterxml/jackson/datatype/jackson-datatype-jsr310/2.10.3/jackson-datatype-jsr310-2.10.3.jar:/home/user/.m2/repository/io/dropwizard/metrics/metrics-core/3.2.4/metrics-core-3.2.4.jar:/home/user/.m2/repository/org/apache/hadoop/hadoop-hdfs-client/3.2.1/hadoop-hdfs-client-3.2.1.jar:/home/user/.m2/repository/org/bouncycastle/bcprov-jdk15on/1.60/bcprov-jdk15on-1.60.jar:/home/user/.m2/repository/org/apache/hadoop/hadoop-ozone-ozone-manager/1.1.0-SNAPSHOT/hadoop-ozone-ozone-manager-1.1.0-SNAPSHOT.jar:/home/user/.m2/repository/org/apache/hadoop/hadoop-hdds-interface-client/1.1.0-SNAPSHOT/hadoop-hdds-interface-client-1.1.0-SNAPSHOT.jar:/home/user/.m2/repository/org/apache/ratis/ratis-thirdparty-misc/0.6.0-SNAPSHOT/ratis-thirdparty-misc-0.6.0-SNAPSHOT.jar:/home/user/.m2/repository/org/apache/hadoop/hadoop-ozone-interface-storage/1.1.0-SNAPSHOT/hadoop-ozone-interface-storage-1.1.0-SNAPSHOT.jar:/home/user/.m2/repository/org/apache/hadoop/hadoop-minikdc/3.2.1/hadoop-minikdc-3.2.1.jar:/home/user/.m2/repository/org/apache/kerby/kerb-simplekdc/1.0.1/kerb-simplekdc-1.0.1.jar:/home/user/.m2/repository/org/apache/kerby/kerb-client/1.0.1/kerb-client-1.0.1.jar:/home/user/.m2/repository/org/apache/kerby/kerby-config/1.0.1/kerby-config-1.0.1.jar:/home/user/.m2/repository/org/apache/kerby/kerb-core/1.0.1/kerb-core-1.0.1.jar:/home/user/.m2/repository/org/apache/kerby/kerby-pkix/1.0.1/kerby-pkix-1.0.1.jar:/home/user/.m2/repository/org/apache/kerby/kerby-asn1/1.0.1/kerby-asn1-1.0.1.jar:/home/user/.m2/repository/org/apache/kerby/kerby-util/1.0.1/kerby-util-1.0.1.jar:/home/user/.m2/repository/org/apache/kerby/kerb-common/1.0.1/kerb-common-1.0.1.jar:/home/user/.m2/repository/org/apache/kerby/kerb-crypto/1.0.1/kerb-crypto-1.0.1.jar:/home/user/.m2/repository/org/apache/kerby/kerb-util/1.0.1/kerb-util-1.0.1.jar:/home/user/.m2/repository/org/apache/kerby/token-provider/1.0.1/token-provider-1.0.1.jar:/home/user/.m2/repository/org/apache/kerby/kerb-admin/1.0.1/kerb-admin-1.0.1.jar:/home/user/.m2/repository/org/apache/kerby/kerb-server/1.0.1/kerb-server-1.0.1.jar:/home/user/.m2/repository/org/apache/kerby/kerb-identity/1.0.1/kerb-identity-1.0.1.jar:/home/user/.m2/repository/org/apache/kerby/kerby-xdr/1.0.1/kerby-xdr-1.0.1.jar:/home/user/.m2/repository/org/slf4j/slf4j-log4j12/1.7.30/slf4j-log4j12-1.7.30.jar:/home/user/.m2/repository/org/apache/hadoop/hadoop-ozone-s3gateway/1.1.0-SNAPSHOT/hadoop-ozone-s3gateway-1.1.0-SNAPSHOT.jar:/home/user/.m2/repository/org/jboss/weld/servlet/weld-servlet/2.4.7.Final/weld-servlet-2.4.7.Final.jar:/home/user/.m2/repository/org/glassfish/jersey/containers/jersey-container-servlet-core/2.27/jersey-container-servlet-core-2.27.jar:/home/user/.m2/repository/org/glassfish/hk2/external/javax.inject/2.5.0-b42/javax.inject-2.5.0-b42.jar:/home/user/.m2/repository/org/glassfish/jersey/core/jersey-common/2.27/jersey-common-2.27.jar:/home/user/.m2/repository/org/glassfish/hk2/osgi-resource-locator/1.0.1/osgi-resource-locator-1.0.1.jar:/home/user/.m2/repository/javax/ws/rs/javax.ws.rs-api/2.1/javax.ws.rs-api-2.1.jar:/home/user/.m2/repository/org/glassfish/jersey/ext/cdi/jersey-cdi1x/2.27/jersey-cdi1x-2.27.jar:/home/user/.m2/repository/org/glassfish/jersey/inject/jersey-hk2/2.27/jersey-hk2-2.27.jar:/home/user/.m2/repository/org/glassfish/hk2/hk2-locator/2.5.0-b42/hk2-locator-2.5.0-b42.jar:/home/user/.m2/repository/org/javassist/javassist/3.22.0-CR2/javassist-3.22.0-CR2.jar:/home/user/.m2/repository/org/glassfish/hk2/hk2-api/2.5.0/hk2-api-2.5.0.jar:/home/user/.m2/repository/org/glassfish/hk2/external/jakarta.inject/2.5.0/jakarta.inject-2.5.0.jar:/home/user/.m2/repository/org/glassfish/hk2/hk2-utils/2.5.0/hk2-utils-2.5.0.jar:/home/user/.m2/repository/jakarta/annotation/jakarta.annotation-api/1.3.4/jakarta.annotation-api-1.3.4.jar:/home/user/.m2/repository/org/glassfish/hk2/external/aopalliance-repackaged/2.5.0/aopalliance-repackaged-2.5.0.jar:/home/user/.m2/repository/com/fasterxml/jackson/dataformat/jackson-dataformat-xml/2.10.3/jackson-dataformat-xml-2.10.3.jar:/home/user/.m2/repository/com/fasterxml/jackson/core/jackson-core/2.10.3/jackson-core-2.10.3.jar:/home/user/.m2/repository/com/fasterxml/jackson/module/jackson-module-jaxb-annotations/2.10.3/jackson-module-jaxb-annotations-2.10.3.jar:/home/user/.m2/repository/jakarta/xml/bind/jakarta.xml.bind-api/2.3.2/jakarta.xml.bind-api-2.3.2.jar:/home/user/.m2/repository/jakarta/activation/jakarta.activation-api/1.2.1/jakarta.activation-api-1.2.1.jar:/home/user/.m2/repository/org/codehaus/woodstox/stax2-api/3.1.4/stax2-api-3.1.4.jar:/home/user/.m2/repository/com/fasterxml/woodstox/woodstox-core/5.0.3/woodstox-core-5.0.3.jar:/home/user/.m2/repository/javax/enterprise/cdi-api/1.2/cdi-api-1.2.jar:/home/user/.m2/repository/javax/el/javax.el-api/3.0.0/javax.el-api-3.0.0.jar:/home/user/.m2/repository/javax/interceptor/javax.interceptor-api/1.2/javax.interceptor-api-1.2.jar:/home/user/.m2/repository/javax/inject/javax.inject/1/javax.inject-1.jar:/home/user/.m2/repository/com/sun/xml/bind/jaxb-impl/2.3.0.1/jaxb-impl-2.3.0.1.jar:/home/user/.m2/repository/com/sun/xml/bind/jaxb-core/2.3.0.1/jaxb-core-2.3.0.1.jar:/home/user/.m2/repository/javax/xml/bind/jaxb-api/2.3.0/jaxb-api-2.3.0.jar:/home/user/.m2/repository/javax/activation/activation/1.1.1/activation-1.1.1.jar:/home/user/.m2/repository/org/apache/hadoop/hadoop-ozone-csi/1.1.0-SNAPSHOT/hadoop-ozone-csi-1.1.0-SNAPSHOT.jar:/home/user/.m2/repository/com/google/protobuf/protobuf-java-util/3.11.0/protobuf-java-util-3.11.0.jar:/home/user/.m2/repository/com/google/code/gson/gson/2.2.4/gson-2.2.4.jar:/home/user/.m2/repository/org/apache/hadoop/hadoop-hdds-config/1.1.0-SNAPSHOT/hadoop-hdds-config-1.1.0-SNAPSHOT.jar:/home/user/.m2/repository/com/google/protobuf/protobuf-java/2.5.0/protobuf-java-2.5.0.jar:/home/user/.m2/repository/io/grpc/grpc-netty/1.29.0/grpc-netty-1.29.0.jar:/home/user/.m2/repository/io/grpc/grpc-core/1.29.0/grpc-core-1.29.0.jar:/home/user/.m2/repository/com/google/android/annotations/4.1.1.4/annotations-4.1.1.4.jar:/home/user/.m2/repository/io/perfmark/perfmark-api/0.19.0/perfmark-api-0.19.0.jar:/home/user/.m2/repository/io/netty/netty-codec-http2/4.1.48.Final/netty-codec-http2-4.1.48.Final.jar:/home/user/.m2/repository/io/netty/netty-codec/4.1.48.Final/netty-codec-4.1.48.Final.jar:/home/user/.m2/repository/io/netty/netty-handler/4.1.48.Final/netty-handler-4.1.48.Final.jar:/home/user/.m2/repository/io/netty/netty-codec-http/4.1.48.Final/netty-codec-http-4.1.48.Final.jar:/home/user/.m2/repository/io/netty/netty-handler-proxy/4.1.48.Final/netty-handler-proxy-4.1.48.Final.jar:/home/user/.m2/repository/io/netty/netty-codec-socks/4.1.48.Final/netty-codec-socks-4.1.48.Final.jar:/home/user/.m2/repository/io/netty/netty-transport-native-epoll/4.1.48.Final/netty-transport-native-epoll-4.1.48.Final.jar:/home/user/.m2/repository/io/netty/netty-common/4.1.48.Final/netty-common-4.1.48.Final.jar:/home/user/.m2/repository/io/netty/netty-buffer/4.1.48.Final/netty-buffer-4.1.48.Final.jar:/home/user/.m2/repository/io/netty/netty-transport/4.1.48.Final/netty-transport-4.1.48.Final.jar:/home/user/.m2/repository/io/netty/netty-resolver/4.1.48.Final/netty-resolver-4.1.48.Final.jar:/home/user/.m2/repository/io/netty/netty-transport-native-unix-common/4.1.48.Final/netty-transport-native-unix-common-4.1.48.Final.jar:/home/user/.m2/repository/io/grpc/grpc-protobuf/1.29.0/grpc-protobuf-1.29.0.jar:/home/user/.m2/repository/io/grpc/grpc-api/1.29.0/grpc-api-1.29.0.jar:/home/user/.m2/repository/io/grpc/grpc-context/1.29.0/grpc-context-1.29.0.jar:/home/user/.m2/repository/org/codehaus/mojo/animal-sniffer-annotations/1.18/animal-sniffer-annotations-1.18.jar:/home/user/.m2/repository/com/google/api/grpc/proto-google-common-protos/1.17.0/proto-google-common-protos-1.17.0.jar:/home/user/.m2/repository/io/grpc/grpc-protobuf-lite/1.29.0/grpc-protobuf-lite-1.29.0.jar:/home/user/.m2/repository/io/grpc/grpc-stub/1.29.0/grpc-stub-1.29.0.jar:/home/user/.m2/repository/org/apache/hadoop/hadoop-ozone-recon/1.1.0-SNAPSHOT/hadoop-ozone-recon-1.1.0-SNAPSHOT.jar:/home/user/.m2/repository/org/apache/hadoop/hadoop-ozone-reconcodegen/1.1.0-SNAPSHOT/hadoop-ozone-reconcodegen-1.1.0-SNAPSHOT.jar:/home/user/.m2/repository/com/google/inject/extensions/guice-multibindings/4.0/guice-multibindings-4.0.jar:/home/user/.m2/repository/com/google/inject/guice/4.0/guice-4.0.jar:/home/user/.m2/repository/aopalliance/aopalliance/1.0/aopalliance-1.0.jar:/home/user/.m2/repository/com/google/inject/extensions/guice-assistedinject/4.0/guice-assistedinject-4.0.jar:/home/user/.m2/repository/com/google/inject/extensions/guice-servlet/4.0/guice-servlet-4.0.jar:/home/user/.m2/repository/org/glassfish/jersey/containers/jersey-container-servlet/2.27/jersey-container-servlet-2.27.jar:/home/user/.m2/repository/org/glassfish/hk2/guice-bridge/2.5.0/guice-bridge-2.5.0.jar:/home/user/.m2/repository/org/glassfish/jersey/core/jersey-server/2.27/jersey-server-2.27.jar:/home/user/.m2/repository/org/glassfish/jersey/core/jersey-client/2.27/jersey-client-2.27.jar:/home/user/.m2/repository/org/glassfish/jersey/media/jersey-media-jaxb/2.27/jersey-media-jaxb-2.27.jar:/home/user/.m2/repository/javax/validation/validation-api/1.1.0.Final/validation-api-1.1.0.Final.jar:/home/user/.m2/repository/org/glassfish/jersey/media/jersey-media-json-jackson/2.27/jersey-media-json-jackson-2.27.jar:/home/user/.m2/repository/org/glassfish/jersey/ext/jersey-entity-filtering/2.27/jersey-entity-filtering-2.27.jar:/home/user/.m2/repository/org/jooq/jooq/3.11.10/jooq-3.11.10.jar:/home/user/.m2/repository/org/jooq/jooq-meta/3.11.10/jooq-meta-3.11.10.jar:/home/user/.m2/repository/org/jooq/jooq-codegen/3.11.10/jooq-codegen-3.11.10.jar:/home/user/.m2/repository/com/jolbox/bonecp/0.8.0.RELEASE/bonecp-0.8.0.RELEASE.jar:/home/user/.m2/repository/org/apache/derby/derby/10.14.2.0/derby-10.14.2.0.jar:/home/user/.m2/repository/org/xerial/sqlite-jdbc/3.25.2/sqlite-jdbc-3.25.2.jar:/home/user/.m2/repository/org/springframework/spring-jdbc/5.2.5.RELEASE/spring-jdbc-5.2.5.RELEASE.jar:/home/user/.m2/repository/org/springframework/spring-beans/5.2.5.RELEASE/spring-beans-5.2.5.RELEASE.jar:/home/user/.m2/repository/org/springframework/spring-core/5.2.5.RELEASE/spring-core-5.2.5.RELEASE.jar:/home/user/.m2/repository/org/springframework/spring-jcl/5.2.5.RELEASE/spring-jcl-5.2.5.RELEASE.jar:/home/user/.m2/repository/org/springframework/spring-tx/5.2.5.RELEASE/spring-tx-5.2.5.RELEASE.jar:/home/user/.m2/repository/org/apache/hadoop/hadoop-ozone-client/1.1.0-SNAPSHOT/hadoop-ozone-client-1.1.0-SNAPSHOT.jar:/home/user/.m2/repository/org/apache/hadoop/hadoop-ozone-filesystem/1.1.0-SNAPSHOT/hadoop-ozone-filesystem-1.1.0-SNAPSHOT.jar:/home/user/.m2/repository/org/apache/hadoop/hadoop-ozone-filesystem-common/1.1.0-SNAPSHOT/hadoop-ozone-filesystem-common-1.1.0-SNAPSHOT.jar:/home/user/.m2/repository/org/apache/hadoop/hadoop-ozone-tools/1.1.0-SNAPSHOT/hadoop-ozone-tools-1.1.0-SNAPSHOT.jar:/home/user/.m2/repository/org/apache/ratis/ratis-tools/1.1.0-913f5a4-SNAPSHOT/ratis-tools-1.1.0-913f5a4-SNAPSHOT.jar:/home/user/.m2/repository/org/apache/ratis/ratis-proto/1.1.0-913f5a4-SNAPSHOT/ratis-proto-1.1.0-913f5a4-SNAPSHOT.jar:/home/user/.m2/repository/org/apache/ratis/ratis-common/1.1.0-913f5a4-SNAPSHOT/ratis-common-1.1.0-913f5a4-SNAPSHOT.jar:/home/user/.m2/repository/com/amazonaws/aws-java-sdk-core/1.11.615/aws-java-sdk-core-1.11.615.jar:/home/user/.m2/repository/org/apache/httpcomponents/httpclient/4.5.13/httpclient-4.5.13.jar:/home/user/.m2/repository/org/apache/httpcomponents/httpcore/4.4.13/httpcore-4.4.13.jar:/home/user/.m2/repository/software/amazon/ion/ion-java/1.0.2/ion-java-1.0.2.jar:/home/user/.m2/repository/com/fasterxml/jackson/dataformat/jackson-dataformat-cbor/2.10.3/jackson-dataformat-cbor-2.10.3.jar:/home/user/.m2/repository/joda-time/joda-time/2.8.1/joda-time-2.8.1.jar:/home/user/.m2/repository/com/amazonaws/aws-java-sdk-s3/1.11.615/aws-java-sdk-s3-1.11.615.jar:/home/user/.m2/repository/com/amazonaws/aws-java-sdk-kms/1.11.615/aws-java-sdk-kms-1.11.615.jar:/home/user/.m2/repository/com/amazonaws/jmespath-java/1.11.615/jmespath-java-1.11.615.jar:/home/user/.m2/repository/org/kohsuke/metainf-services/metainf-services/1.8/metainf-services-1.8.jar:/home/user/.m2/repository/org/apache/hadoop/hadoop-hdds-tools/1.1.0-SNAPSHOT/hadoop-hdds-tools-1.1.0-SNAPSHOT.jar:/home/user/.m2/repository/commons-cli/commons-cli/1.2/commons-cli-1.2.jar:/home/user/.m2/repository/org/apache/commons/commons-lang3/3.7/commons-lang3-3.7.jar:/home/user/.m2/repository/org/apache/hadoop/hadoop-ozone-ozone-manager/1.1.0-SNAPSHOT/hadoop-ozone-ozone-manager-1.1.0-SNAPSHOT-tests.jar:/home/user/.m2/repository/org/apache/hadoop/hadoop-hdds-common/1.1.0-SNAPSHOT/hadoop-hdds-common-1.1.0-SNAPSHOT-tests.jar:/home/user/.m2/repository/org/apache/hadoop/hadoop-hdds-hadoop-dependency-client/1.1.0-SNAPSHOT/hadoop-hdds-hadoop-dependency-client-1.1.0-SNAPSHOT.jar:/home/user/.m2/repository/info/picocli/picocli/4.4.0/picocli-4.4.0.jar:/home/user/.m2/repository/com/fasterxml/jackson/core/jackson-annotations/2.10.3/jackson-annotations-2.10.3.jar:/home/user/.m2/repository/javax/annotation/javax.annotation-api/1.2/javax.annotation-api-1.2.jar:/home/user/.m2/repository/org/fusesource/leveldbjni/leveldbjni-all/1.8/leveldbjni-all-1.8.jar:/home/user/.m2/repository/org/apache/ratis/ratis-server/1.1.0-913f5a4-SNAPSHOT/ratis-server-1.1.0-913f5a4-SNAPSHOT.jar:/home/user/.m2/repository/org/apache/ratis/ratis-client/1.1.0-913f5a4-SNAPSHOT/ratis-client-1.1.0-913f5a4-SNAPSHOT.jar:/home/user/.m2/repository/org/apache/ratis/ratis-metrics/1.1.0-913f5a4-SNAPSHOT/ratis-metrics-1.1.0-913f5a4-SNAPSHOT.jar:/home/user/.m2/repository/org/apache/ratis/ratis-netty/1.1.0-913f5a4-SNAPSHOT/ratis-netty-1.1.0-913f5a4-SNAPSHOT.jar:/home/user/.m2/repository/org/apache/ratis/ratis-grpc/1.1.0-913f5a4-SNAPSHOT/ratis-grpc-1.1.0-913f5a4-SNAPSHOT.jar:/home/user/.m2/repository/org/apache/logging/log4j/log4j-api/2.13.3/log4j-api-2.13.3.jar:/home/user/.m2/repository/org/apache/logging/log4j/log4j-core/2.13.3/log4j-core-2.13.3.jar:/home/user/.m2/repository/com/lmax/disruptor/3.4.2/disruptor-3.4.2.jar:/home/user/.m2/repository/org/apache/commons/commons-pool2/2.6.0/commons-pool2-2.6.0.jar:/home/user/.m2/repository/org/bouncycastle/bcpkix-jdk15on/1.60/bcpkix-jdk15on-1.60.jar:/home/user/.m2/repository/commons-validator/commons-validator/1.6/commons-validator-1.6.jar:/home/user/.m2/repository/commons-beanutils/commons-beanutils/1.9.4/commons-beanutils-1.9.4.jar:/home/user/.m2/repository/commons-digester/commons-digester/1.8.1/commons-digester-1.8.1.jar:/home/user/.m2/repository/commons-collections/commons-collections/3.2.2/commons-collections-3.2.2.jar:/home/user/.m2/repository/io/jaegertracing/jaeger-client/1.2.0/jaeger-client-1.2.0.jar:/home/user/.m2/repository/io/jaegertracing/jaeger-thrift/1.2.0/jaeger-thrift-1.2.0.jar:/home/user/.m2/repository/org/apache/thrift/libthrift/0.13.0/libthrift-0.13.0.jar:/home/user/.m2/repository/com/squareup/okhttp3/okhttp/4.2.2/okhttp-4.2.2.jar:/home/user/.m2/repository/com/squareup/okio/okio/2.2.2/okio-2.2.2.jar:/home/user/.m2/repository/org/jetbrains/kotlin/kotlin-stdlib/1.3.50/kotlin-stdlib-1.3.50.jar:/home/user/.m2/repository/org/jetbrains/kotlin/kotlin-stdlib-common/1.3.50/kotlin-stdlib-common-1.3.50.jar:/home/user/.m2/repository/org/jetbrains/annotations/13.0/annotations-13.0.jar:/home/user/.m2/repository/io/jaegertracing/jaeger-core/1.2.0/jaeger-core-1.2.0.jar:/home/user/.m2/repository/io/jaegertracing/jaeger-tracerresolver/1.2.0/jaeger-tracerresolver-1.2.0.jar:/home/user/.m2/repository/io/opentracing/contrib/opentracing-tracerresolver/0.1.8/opentracing-tracerresolver-0.1.8.jar:/home/user/.m2/repository/io/opentracing/opentracing-util/0.33.0/opentracing-util-0.33.0.jar:/home/user/.m2/repository/io/opentracing/opentracing-api/0.33.0/opentracing-api-0.33.0.jar:/home/user/.m2/repository/io/opentracing/opentracing-noop/0.33.0/opentracing-noop-0.33.0.jar:/home/user/.m2/repository/org/yaml/snakeyaml/1.16/snakeyaml-1.16.jar:/home/user/.m2/repository/junit/junit/4.11/junit-4.11.jar:/home/user/.m2/repository/org/hamcrest/hamcrest-core/1.3/hamcrest-core-1.3.jar:/home/user/.m2/repository/org/openjdk/jmh/jmh-core/1.19/jmh-core-1.19.jar:/home/user/.m2/repository/net/sf/jopt-simple/jopt-simple/4.6/jopt-simple-4.6.jar:/home/user/.m2/repository/org/apache/commons/commons-math3/3.1.1/commons-math3-3.1.1.jar:/home/user/.m2/repository/org/openjdk/jmh/jmh-generator-annprocess/1.19/jmh-generator-annprocess-1.19.jar:/home/user/.m2/repository/org/mockito/mockito-all/1.8.5/mockito-all-1.8.5.jar:/home/user/.m2/repository/org/apache/hadoop/hadoop-kms/3.2.1/hadoop-kms-3.2.1.jar:/home/user/.m2/repository/org/apache/hadoop/hadoop-auth/3.2.1/hadoop-auth-3.2.1.jar:/home/user/.m2/repository/com/nimbusds/nimbus-jose-jwt/7.9/nimbus-jose-jwt-7.9.jar:/home/user/.m2/repository/com/github/stephenc/jcip/jcip-annotations/1.0-1/jcip-annotations-1.0-1.jar:/home/user/.m2/repository/net/minidev/json-smart/2.3/json-smart-2.3.jar:/home/user/.m2/repository/net/minidev/accessors-smart/1.2/accessors-smart-1.2.jar:/home/user/.m2/repository/org/ow2/asm/asm/5.0.4/asm-5.0.4.jar:/home/user/.m2/repository/org/apache/zookeeper/zookeeper/3.4.13/zookeeper-3.4.13.jar:/home/user/.m2/repository/org/apache/yetus/audience-annotations/0.5.0/audience-annotations-0.5.0.jar:/home/user/.m2/repository/org/apache/curator/curator-framework/2.13.0/curator-framework-2.13.0.jar:/home/user/.m2/repository/com/sun/jersey/jersey-core/1.19/jersey-core-1.19.jar:/home/user/.m2/repository/javax/ws/rs/jsr311-api/1.1.1/jsr311-api-1.1.1.jar:/home/user/.m2/repository/com/sun/jersey/jersey-server/1.19/jersey-server-1.19.jar:/home/user/.m2/repository/javax/servlet/javax.servlet-api/3.1.0/javax.servlet-api-3.1.0.jar:/home/user/.m2/repository/org/eclipse/jetty/jetty-server/9.4.34.v20201102/jetty-server-9.4.34.v20201102.jar:/home/user/.m2/repository/org/eclipse/jetty/jetty-http/9.4.34.v20201102/jetty-http-9.4.34.v20201102.jar:/home/user/.m2/repository/org/eclipse/jetty/jetty-io/9.4.34.v20201102/jetty-io-9.4.34.v20201102.jar:/home/user/.m2/repository/org/eclipse/jetty/jetty-webapp/9.4.34.v20201102/jetty-webapp-9.4.34.v20201102.jar:/home/user/.m2/repository/org/eclipse/jetty/jetty-xml/9.4.34.v20201102/jetty-xml-9.4.34.v20201102.jar:/home/user/.m2/repository/org/apache/hadoop/hadoop-common/3.2.1/hadoop-common-3.2.1.jar:/home/user/.m2/repository/commons-net/commons-net/3.6/commons-net-3.6.jar:/home/user/.m2/repository/com/sun/jersey/jersey-servlet/1.19/jersey-servlet-1.19.jar:/home/user/.m2/repository/com/sun/jersey/jersey-json/1.19/jersey-json-1.19.jar:/home/user/.m2/repository/org/codehaus/jettison/jettison/1.1/jettison-1.1.jar:/home/user/.m2/repository/org/codehaus/jackson/jackson-jaxrs/1.9.2/jackson-jaxrs-1.9.2.jar:/home/user/.m2/repository/org/codehaus/jackson/jackson-xc/1.9.2/jackson-xc-1.9.2.jar:/home/user/.m2/repository/org/apache/commons/commons-configuration2/2.1.1/commons-configuration2-2.1.1.jar:/home/user/.m2/repository/org/apache/commons/commons-text/1.4/commons-text-1.4.jar:/home/user/.m2/repository/com/google/re2j/re2j/1.1/re2j-1.1.jar:/home/user/.m2/repository/com/jcraft/jsch/0.1.54/jsch-0.1.54.jar:/home/user/.m2/repository/org/apache/curator/curator-client/2.13.0/curator-client-2.13.0.jar:/home/user/.m2/repository/org/apache/curator/curator-recipes/2.13.0/curator-recipes-2.13.0.jar:/home/user/.m2/repository/dnsjava/dnsjava/2.1.7/dnsjava-2.1.7.jar:/home/user/.m2/repository/org/slf4j/jul-to-slf4j/1.7.30/jul-to-slf4j-1.7.30.jar:/home/user/.m2/repository/org/eclipse/jetty/jetty-util/9.4.34.v20201102/jetty-util-9.4.34.v20201102.jar:/home/user/.m2/repository/com/fasterxml/jackson/core/jackson-databind/2.10.3/jackson-databind-2.10.3.jar:/home/user/.m2/repository/org/apache/hadoop/hadoop-kms/3.2.1/hadoop-kms-3.2.1-tests.jar:/home/user/.m2/repository/org/apache/hadoop/hadoop-hdds-server-scm/1.1.0-SNAPSHOT/hadoop-hdds-server-scm-1.1.0-SNAPSHOT-tests.jar:/home/user/.m2/repository/org/apache/hadoop/hadoop-hdds-container-service/1.1.0-SNAPSHOT/hadoop-hdds-container-service-1.1.0-SNAPSHOT-tests.jar:/home/user/.m2/repository/commons-codec/commons-codec/1.11/commons-codec-1.11.jar:/home/user/.m2/repository/org/apache/hadoop/hadoop-hdds-hadoop-dependency-test/1.1.0-SNAPSHOT/hadoop-hdds-hadoop-dependency-test-1.1.0-SNAPSHOT.jar:/home/user/.m2/repository/org/apache/hadoop/hadoop-common/3.2.1/hadoop-common-3.2.1-tests.jar:/home/user/.m2/repository/org/apache/hadoop/hadoop-hdfs/3.2.1/hadoop-hdfs-3.2.1-tests.jar:/home/user/.m2/repository/org/eclipse/jetty/jetty-util-ajax/9.4.34.v20201102/jetty-util-ajax-9.4.34.v20201102.jar:/home/user/.m2/repository/commons-daemon/commons-daemon/1.0.13/commons-daemon-1.0.13.jar:/home/user/.m2/repository/io/netty/netty/3.10.5.Final/netty-3.10.5.Final.jar:/home/user/.m2/repository/io/netty/netty-all/4.1.48.Final/netty-all-4.1.48.Final.jar:/home/user/.m2/repository/org/apache/htrace/htrace-core4/4.1.0-incubating/htrace-core4-4.1.0-incubating.jar:/home/user/.m2/repository/org/apache/hadoop/hadoop-distcp/3.2.1/hadoop-distcp-3.2.1.jar:/home/user/.m2/repository/org/apache/hadoop/hadoop-mapreduce-client-jobclient/3.2.1/hadoop-mapreduce-client-jobclient-3.2.1.jar:/home/user/.m2/repository/org/apache/hadoop/hadoop-mapreduce-client-common/3.2.1/hadoop-mapreduce-client-common-3.2.1.jar:/home/user/.m2/repository/org/apache/hadoop/hadoop-yarn-common/3.2.1/hadoop-yarn-common-3.2.1.jar:/home/user/.m2/repository/org/apache/hadoop/hadoop-yarn-api/3.2.1/hadoop-yarn-api-3.2.1.jar:/home/user/.m2/repository/com/sun/jersey/jersey-client/1.19/jersey-client-1.19.jar:/home/user/.m2/repository/com/sun/jersey/contribs/jersey-guice/1.19/jersey-guice-1.19.jar:/home/user/.m2/repository/com/fasterxml/jackson/jaxrs/jackson-jaxrs-json-provider/2.10.3/jackson-jaxrs-json-provider-2.10.3.jar:/home/user/.m2/repository/com/fasterxml/jackson/jaxrs/jackson-jaxrs-base/2.10.3/jackson-jaxrs-base-2.10.3.jar:/home/user/.m2/repository/org/apache/hadoop/hadoop-yarn-client/3.2.1/hadoop-yarn-client-3.2.1.jar:/home/user/.m2/repository/org/apache/hadoop/hadoop-mapreduce-client-core/3.2.1/hadoop-mapreduce-client-core-3.2.1.jar:/home/user/.m2/repository/org/apache/avro/avro/1.7.7/avro-1.7.7.jar:/home/user/.m2/repository/org/codehaus/jackson/jackson-core-asl/1.9.13/jackson-core-asl-1.9.13.jar:/home/user/.m2/repository/org/codehaus/jackson/jackson-mapper-asl/1.9.13/jackson-mapper-asl-1.9.13.jar:/home/user/.m2/repository/com/thoughtworks/paranamer/paranamer/2.3/paranamer-2.3.jar:/home/user/.m2/repository/org/xerial/snappy/snappy-java/1.0.5/snappy-java-1.0.5.jar:/home/user/.m2/repository/org/apache/hadoop/hadoop-annotations/3.2.1/hadoop-annotations-3.2.1.jar:/usr/lib/jvm/java-1.8.0-openjdk-1.8.0.232.b09-0.el7_7.x86_64/jre/../lib/tools.jar:/home/user/.m2/repository/org/apache/hadoop/hadoop-distcp/3.2.1/hadoop-distcp-3.2.1-tests.jar:"/>
    <property name="sun.cpu.endian" value="little"/>
    <property name="user.home" value="/home/user"/>
    <property name="user.language" value="en"/>
    <property name="java.specification.vendor" value="Oracle Corporation"/>
    <property name="java.home" value="/usr/lib/jvm/java-1.8.0-openjdk-1.8.0.232.b09-0.el7_7.x86_64/jre"/>
    <property name="java.security.krb5.conf" value="/github/workspace/mnt/ozone/hadoop-ozone/integration-test/target/test-classes/krb5.conf"/>
    <property name="basedir" value="/github/workspace/mnt/ozone/hadoop-ozone/integration-test"/>
    <property name="file.separator" value="/"/>
    <property name="line.separator" value="&#10;"/>
    <property name="java.vm.specification.vendor" value="Oracle Corporation"/>
    <property name="java.specification.name" value="Java Platform API Specification"/>
    <property name="java.awt.graphicsenv" value="sun.awt.X11GraphicsEnvironment"/>
    <property name="skip.installnpx" value="true"/>
    <property name="surefire.real.class.path" value="/github/workspace/mnt/ozone/hadoop-ozone/integration-test/target/surefire/surefirebooter8839736091198417285.jar:/home/user/.m2/repository/org/jacoco/org.jacoco.agent/0.8.5/org.jacoco.agent-0.8.5-runtime.jar"/>
    <property name="hadoop.log.dir" value="/github/workspace/mnt/ozone/hadoop-ozone/integration-test/target/log"/>
    <property name="sun.boot.class.path" value="/usr/lib/jvm/java-1.8.0-openjdk-1.8.0.232.b09-0.el7_7.x86_64/jre/lib/resources.jar:/usr/lib/jvm/java-1.8.0-openjdk-1.8.0.232.b09-0.el7_7.x86_64/jre/lib/rt.jar:/usr/lib/jvm/java-1.8.0-openjdk-1.8.0.232.b09-0.el7_7.x86_64/jre/lib/sunrsasign.jar:/usr/lib/jvm/java-1.8.0-openjdk-1.8.0.232.b09-0.el7_7.x86_64/jre/lib/jsse.jar:/usr/lib/jvm/java-1.8.0-openjdk-1.8.0.232.b09-0.el7_7.x86_64/jre/lib/jce.jar:/usr/lib/jvm/java-1.8.0-openjdk-1.8.0.232.b09-0.el7_7.x86_64/jre/lib/charsets.jar:/usr/lib/jvm/java-1.8.0-openjdk-1.8.0.232.b09-0.el7_7.x86_64/jre/lib/jfr.jar:/usr/lib/jvm/java-1.8.0-openjdk-1.8.0.232.b09-0.el7_7.x86_64/jre/classes"/>
    <property name="sun.management.compiler" value="HotSpot 64-Bit Tiered Compilers"/>
    <property name="skip.npx" value="true"/>
    <property name="java.runtime.version" value="1.8.0_232-b09"/>
    <property name="java.net.preferIPv4Stack" value="true"/>
    <property name="user.name" value="jenkins1001"/>
    <property name="path.separator" value=":"/>
    <property name="java.security.egd" value="file:///dev/urandom"/>
    <property name="os.version" value="5.4.0-1031-azure"/>
    <property name="java.endorsed.dirs" value="/usr/lib/jvm/java-1.8.0-openjdk-1.8.0.232.b09-0.el7_7.x86_64/jre/lib/endorsed"/>
    <property name="java.runtime.name" value="OpenJDK Runtime Environment"/>
    <property name="file.encoding" value="ANSI_X3.4-1968"/>
    <property name="java.vm.name" value="OpenJDK 64-Bit Server VM"/>
    <property name="test.build.webapps" value=""/>
    <property name="localRepository" value="/home/user/.m2/repository"/>
    <property name="java.vendor.url.bug" value="http://bugreport.sun.com/bugreport/"/>
    <property name="java.io.tmpdir" value="/tmp"/>
    <property name="require.test.libhadoop" value=""/>
    <property name="java.version" value="1.8.0_232"/>
    <property name="user.dir" value="/github/workspace/mnt/ozone/hadoop-ozone/integration-test"/>
    <property name="os.arch" value="amd64"/>
    <property name="java.vm.specification.name" value="Java Virtual Machine Specification"/>
    <property name="test.build.classes" value="/github/workspace/mnt/ozone/hadoop-ozone/integration-test/target/test-classes"/>
    <property name="java.awt.printerjob" value="sun.print.PSPrinterJob"/>
    <property name="sun.os.patch.level" value="unknown"/>
    <property name="hadoop.tmp.dir" value="/github/workspace/mnt/ozone/hadoop-ozone/integration-test/target/tmp"/>
    <property name="java.library.path" value="/usr/lib:/usr/java/packages/lib/amd64:/usr/lib64:/lib64:/lib:/usr/lib"/>
    <property name="java.vm.info" value="mixed mode"/>
    <property name="java.vendor" value="Oracle Corporation"/>
    <property name="java.vm.version" value="25.232-b09"/>
    <property name="java.ext.dirs" value="/usr/lib/jvm/java-1.8.0-openjdk-1.8.0.232.b09-0.el7_7.x86_64/jre/lib/ext:/usr/java/packages/lib/ext"/>
    <property name="sun.io.unicode.encoding" value="UnicodeLittle"/>
    <property name="java.class.version" value="52.0"/>
  </properties>
  <testcase name="testMultipartUpload" classname="org.apache.hadoop.ozone.om.TestOzoneManagerHAWithData" time="29.337"/>
  <testcase name="testOMRatisSnapshot" classname="org.apache.hadoop.ozone.om.TestOzoneManagerHAWithData" time="24.058">
    <failure message="LastAppliedIndex on OM State Machine (54) is less than the saved snapshot index(55)." type="java.lang.AssertionError">java.lang.AssertionError: LastAppliedIndex on OM State Machine (54) is less than the saved snapshot index(55).
	at org.junit.Assert.fail(Assert.java:88)
	at org.junit.Assert.assertTrue(Assert.java:41)
	at org.apache.hadoop.ozone.om.TestOzoneManagerHAWithData.testOMRatisSnapshot(TestOzoneManagerHAWithData.java:466)
	at sun.reflect.NativeMethodAccessorImpl.invoke0(Native Method)
	at sun.reflect.NativeMethodAccessorImpl.invoke(NativeMethodAccessorImpl.java:62)
	at sun.reflect.DelegatingMethodAccessorImpl.invoke(DelegatingMethodAccessorImpl.java:43)
	at java.lang.reflect.Method.invoke(Method.java:498)
	at org.junit.runners.model.FrameworkMethod$1.runReflectiveCall(FrameworkMethod.java:47)
	at org.junit.internal.runners.model.ReflectiveCallable.run(ReflectiveCallable.java:12)
	at org.junit.runners.model.FrameworkMethod.invokeExplosively(FrameworkMethod.java:44)
	at org.junit.internal.runners.statements.InvokeMethod.evaluate(InvokeMethod.java:17)
	at org.junit.internal.runners.statements.RunBefores.evaluate(RunBefores.java:26)
	at org.junit.internal.runners.statements.RunAfters.evaluate(RunAfters.java:27)
	at org.junit.rules.ExpectedException$ExpectedExceptionStatement.evaluate(ExpectedException.java:168)
	at org.junit.internal.runners.statements.FailOnTimeout$StatementThread.run(FailOnTimeout.java:74)
</failure>
    <system-out><![CDATA[2020-12-01 16:49:22,806 [Thread-407] WARN  server.ServerUtils (ServerUtils.java:getScmDbDir(148)) - ozone.scm.db.dirs is not configured. We recommend adding this setting. Falling back to ozone.metadata.dirs instead.
2020-12-01 16:49:22,809 [Thread-407] WARN  server.ServerUtils (ServerUtils.java:getScmDbDir(148)) - ozone.scm.db.dirs is not configured. We recommend adding this setting. Falling back to ozone.metadata.dirs instead.
2020-12-01 16:49:22,810 [Thread-407] WARN  db.DBStoreBuilder (DBStoreBuilder.java:applyDBDefinition(145)) - ozone.scm.db.dirs is not configured. We recommend adding this setting. Falling back to ozone.metadata.dirs instead.
2020-12-01 16:49:22,839 [Thread-407] INFO  net.NodeSchemaLoader (NodeSchemaLoader.java:loadSchemaFromFile(126)) - Loading file from sun.misc.CompoundEnumeration@46e87994
2020-12-01 16:49:22,840 [Thread-407] INFO  net.NodeSchemaLoader (NodeSchemaLoader.java:loadSchema(172)) - Loading network topology layer schema file
2020-12-01 16:49:22,842 [Thread-407] WARN  server.ServerUtils (ServerUtils.java:sanitizeUserArgs(73)) - ozone.scm.stale.node.interval value = 300000 is larger than max = 100000 based on the key value of ozone.scm.heartbeat.thread.interval, reset to the max value 100000.
2020-12-01 16:49:22,842 [Thread-407] WARN  server.ServerUtils (ServerUtils.java:sanitizeUserArgs(73)) - ozone.scm.stale.node.interval value = 300000 is larger than max = 100000 based on the key value of ozone.scm.heartbeat.thread.interval, reset to the max value 100000.
2020-12-01 16:49:22,845 [Thread-407] INFO  node.SCMNodeManager (SCMNodeManager.java:<init>(120)) - Entering startup safe mode.
2020-12-01 16:49:22,845 [Thread-407] INFO  algorithms.ContainerPlacementPolicyFactory (ContainerPlacementPolicyFactory.java:getPolicy(60)) - Create container placement policy of type org.apache.hadoop.hdds.scm.container.placement.algorithms.SCMContainerPlacementRandom
2020-12-01 16:49:22,846 [Thread-407] INFO  algorithms.LeaderChoosePolicyFactory (LeaderChoosePolicyFactory.java:getPolicy(57)) - Create leader choose policy of type org.apache.hadoop.hdds.scm.pipeline.leader.choose.algorithms.DefaultLeaderChoosePolicy
2020-12-01 16:49:22,846 [Thread-407] INFO  pipeline.SCMPipelineManager (SCMPipelineManager.java:initializePipelineState(161)) - No pipeline exists in current db
2020-12-01 16:49:22,846 [Thread-407] INFO  algorithms.PipelineChoosePolicyFactory (PipelineChoosePolicyFactory.java:createPipelineChoosePolicyFromClass(75)) - Create pipeline choose policy of type org.apache.hadoop.hdds.scm.pipeline.choose.algorithms.RandomPipelineChoosePolicy
2020-12-01 16:49:22,848 [Thread-407] INFO  safemode.HealthyPipelineSafeModeRule (HealthyPipelineSafeModeRule.java:<init>(89)) - Total pipeline count is 0, healthy pipeline threshold count is 0
2020-12-01 16:49:22,848 [Thread-407] INFO  safemode.OneReplicaPipelineSafeModeRule (OneReplicaPipelineSafeModeRule.java:<init>(84)) - Total pipeline count is 0, pipeline's with at least one datanode reported threshold count is 0
2020-12-01 16:49:22,848 [Thread-407] INFO  ipc.CallQueueManager (CallQueueManager.java:<init>(84)) - Using callQueue: class java.util.concurrent.LinkedBlockingQueue, queueCapacity: 2000, scheduler: class org.apache.hadoop.ipc.DefaultRpcScheduler, ipcBackoff: false.
2020-12-01 16:49:22,849 [Socket Reader #1 for port 0] INFO  ipc.Server (Server.java:run(1219)) - Starting Socket Reader #1 for port 0
2020-12-01 16:49:22,850 [Listener at 0.0.0.0/40647] INFO  ipc.CallQueueManager (CallQueueManager.java:<init>(84)) - Using callQueue: class java.util.concurrent.LinkedBlockingQueue, queueCapacity: 2000, scheduler: class org.apache.hadoop.ipc.DefaultRpcScheduler, ipcBackoff: false.
2020-12-01 16:49:22,851 [Socket Reader #1 for port 0] INFO  ipc.Server (Server.java:run(1219)) - Starting Socket Reader #1 for port 0
2020-12-01 16:49:22,851 [Listener at 0.0.0.0/39421] INFO  ipc.CallQueueManager (CallQueueManager.java:<init>(84)) - Using callQueue: class java.util.concurrent.LinkedBlockingQueue, queueCapacity: 2000, scheduler: class org.apache.hadoop.ipc.DefaultRpcScheduler, ipcBackoff: false.
2020-12-01 16:49:22,852 [Socket Reader #1 for port 0] INFO  ipc.Server (Server.java:run(1219)) - Starting Socket Reader #1 for port 0
2020-12-01 16:49:22,858 [Listener at 0.0.0.0/44407] INFO  http.BaseHttpServer (BaseHttpServer.java:newHttpServer2BuilderForOzone(207)) - Starting Web-server for scm at: http://0.0.0.0:0
2020-12-01 16:49:22,858 [Listener at 0.0.0.0/44407] INFO  http.BaseHttpServer (BaseHttpServer.java:<init>(106)) - Hadoop Security Enabled: false Ozone Security Enabled: false Ozone HTTP Security Enabled: false 
2020-12-01 16:49:22,860 [Listener at 0.0.0.0/44407] INFO  server.AuthenticationFilter (AuthenticationFilter.java:constructSecretProvider(240)) - Unable to initialize FileSignerSecretProvider, falling back to use random secrets.
2020-12-01 16:49:22,860 [Listener at 0.0.0.0/44407] WARN  http.HttpRequestLog (HttpRequestLog.java:getRequestLog(103)) - Jetty request log can only be enabled using Log4j
2020-12-01 16:49:22,861 [Listener at 0.0.0.0/44407] INFO  http.HttpServer2 (HttpServer2.java:addGlobalFilter(1019)) - Added global filter 'safety' (class=org.apache.hadoop.hdds.server.http.HttpServer2$QuotingInputFilter)
2020-12-01 16:49:22,862 [Listener at 0.0.0.0/44407] INFO  http.HttpServer2 (HttpServer2.java:addFilter(995)) - Added filter static_user_filter (class=org.apache.hadoop.http.lib.StaticUserWebFilter$StaticUserFilter) to context scm
2020-12-01 16:49:22,862 [Listener at 0.0.0.0/44407] INFO  http.HttpServer2 (HttpServer2.java:addFilter(1003)) - Added filter static_user_filter (class=org.apache.hadoop.http.lib.StaticUserWebFilter$StaticUserFilter) to context logs
2020-12-01 16:49:22,862 [Listener at 0.0.0.0/44407] INFO  http.HttpServer2 (HttpServer2.java:addFilter(1003)) - Added filter static_user_filter (class=org.apache.hadoop.http.lib.StaticUserWebFilter$StaticUserFilter) to context static
2020-12-01 16:49:22,866 [Listener at 0.0.0.0/44407] INFO  server.StorageContainerManager (StorageContainerManager.java:start(780)) - StorageContainerLocationProtocol RPC server is listening at /0.0.0.0:44407
2020-12-01 16:49:22,868 [Listener at 0.0.0.0/44407] WARN  impl.MetricsConfig (MetricsConfig.java:loadFirst(134)) - Cannot locate configuration: tried hadoop-metrics2-storagecontainermanager.properties,hadoop-metrics2.properties
2020-12-01 16:49:22,869 [Listener at 0.0.0.0/44407] INFO  impl.MetricsSystemImpl (MetricsSystemImpl.java:startTimer(374)) - Scheduled Metric snapshot period at 10 second(s).
2020-12-01 16:49:22,869 [Listener at 0.0.0.0/44407] INFO  impl.MetricsSystemImpl (MetricsSystemImpl.java:start(191)) - StorageContainerManager metrics system started
2020-12-01 16:49:22,877 [Listener at 0.0.0.0/44407] WARN  impl.MetricsSystemImpl (MetricsSystemImpl.java:register(276)) - Sink prometheus already exists!
2020-12-01 16:49:22,886 [Listener at 0.0.0.0/44407] INFO  server.SCMClientProtocolServer (SCMClientProtocolServer.java:start(156)) - RPC server for Client  is listening at /0.0.0.0:44407
2020-12-01 16:49:22,886 [IPC Server Responder] INFO  ipc.Server (Server.java:run(1460)) - IPC Server Responder: starting
2020-12-01 16:49:22,887 [IPC Server listener on 0] INFO  ipc.Server (Server.java:run(1298)) - IPC Server listener on 0: starting
2020-12-01 16:49:22,893 [Listener at 0.0.0.0/44407] INFO  server.StorageContainerManager (StorageContainerManager.java:start(792)) - ScmBlockLocationProtocol RPC server is listening at /0.0.0.0:39421
2020-12-01 16:49:22,893 [Listener at 0.0.0.0/44407] INFO  server.SCMBlockProtocolServer (SCMBlockProtocolServer.java:start(150)) - RPC server for Block Protocol is listening at /0.0.0.0:39421
2020-12-01 16:49:22,893 [IPC Server Responder] INFO  ipc.Server (Server.java:run(1460)) - IPC Server Responder: starting
2020-12-01 16:49:22,898 [IPC Server listener on 0] INFO  ipc.Server (Server.java:run(1298)) - IPC Server listener on 0: starting
2020-12-01 16:49:22,904 [Listener at 0.0.0.0/44407] INFO  server.StorageContainerManager (StorageContainerManager.java:start(798)) - ScmDatanodeProtocl RPC server is listening at /0.0.0.0:40647
2020-12-01 16:49:22,904 [Listener at 0.0.0.0/44407] INFO  server.SCMDatanodeProtocolServer (SCMDatanodeProtocolServer.java:start(172)) - RPC server for DataNodes is listening at /0.0.0.0:40647
2020-12-01 16:49:22,904 [IPC Server Responder] INFO  ipc.Server (Server.java:run(1460)) - IPC Server Responder: starting
2020-12-01 16:49:22,906 [IPC Server listener on 0] INFO  ipc.Server (Server.java:run(1298)) - IPC Server listener on 0: starting
2020-12-01 16:49:22,912 [Listener at 0.0.0.0/44407] INFO  http.HttpServer2 (HttpServer2.java:bindListener(1237)) - Jetty bound to port 36601
2020-12-01 16:49:22,912 [Listener at 0.0.0.0/44407] INFO  server.Server (Server.java:doStart(375)) - jetty-9.4.34.v20201102; built: 2020-11-02T14:15:39.302Z; git: e46af88704a893fc12cb0e3bf46e2c7b48a009e7; jvm 1.8.0_232-b09
2020-12-01 16:49:22,914 [Listener at 0.0.0.0/44407] INFO  server.session (DefaultSessionIdManager.java:doStart(334)) - DefaultSessionIdManager workerName=node0
2020-12-01 16:49:22,914 [Listener at 0.0.0.0/44407] INFO  server.session (DefaultSessionIdManager.java:doStart(339)) - No SessionScavenger set, using defaults
2020-12-01 16:49:22,914 [Listener at 0.0.0.0/44407] INFO  server.session (HouseKeeper.java:startScavenging(132)) - node0 Scavenging every 660000ms
2020-12-01 16:49:22,915 [Listener at 0.0.0.0/44407] INFO  handler.ContextHandler (ContextHandler.java:doStart(916)) - Started o.e.j.s.ServletContextHandler@7e59a882{logs,/logs,file:///github/workspace/mnt/ozone/hadoop-ozone/integration-test/target/log,AVAILABLE}
2020-12-01 16:49:22,915 [Listener at 0.0.0.0/44407] INFO  handler.ContextHandler (ContextHandler.java:doStart(916)) - Started o.e.j.s.ServletContextHandler@312ed8c1{static,/static,file:///github/workspace/mnt/ozone/hadoop-ozone/integration-test/target/test-classes/webapps/static,AVAILABLE}
2020-12-01 16:49:22,919 [Listener at 0.0.0.0/44407] INFO  handler.ContextHandler (ContextHandler.java:doStart(916)) - Started o.e.j.w.WebAppContext@29435818{scm,/,file:///github/workspace/mnt/ozone/hadoop-ozone/integration-test/target/test-classes/webapps/scm/,AVAILABLE}{file:/github/workspace/mnt/ozone/hadoop-ozone/integration-test/target/test-classes/webapps/scm}
2020-12-01 16:49:22,921 [Listener at 0.0.0.0/44407] INFO  server.AbstractConnector (AbstractConnector.java:doStart(331)) - Started ServerConnector@581f97d8{HTTP/1.1, (http/1.1)}{0.0.0.0:36601}
2020-12-01 16:49:22,921 [Listener at 0.0.0.0/44407] INFO  server.Server (Server.java:doStart(415)) - Started @30223ms
2020-12-01 16:49:22,921 [Listener at 0.0.0.0/44407] WARN  impl.MetricsSystemImpl (MetricsSystemImpl.java:register(276)) - Sink prometheus already exists!
2020-12-01 16:49:22,924 [Listener at 0.0.0.0/44407] INFO  http.BaseHttpServer (BaseHttpServer.java:updateConnectorAddress(327)) - HTTP server of scm listening at http://0.0.0.0:36601
2020-12-01 16:49:22,925 [org.apache.hadoop.util.JvmPauseMonitor$Monitor@350f38d4] INFO  util.JvmPauseMonitor (JvmPauseMonitor.java:run(188)) - Starting JVM pause monitor
2020-12-01 16:49:22,925 [Listener at 0.0.0.0/44407] WARN  server.ServerUtils (ServerUtils.java:getDBPath(225)) - ozone.om.db.dirs is not configured. We recommend adding this setting. Falling back to ozone.metadata.dirs instead.
2020-12-01 16:49:22,927 [Listener at 0.0.0.0/44407] INFO  ha.OMHANodeDetails (OMHANodeDetails.java:loadOMHAConfig(110)) - ServiceID for OzoneManager is om-service-test1
2020-12-01 16:49:22,928 [Listener at 0.0.0.0/44407] INFO  ha.OMHANodeDetails (OMHANodeDetails.java:loadOMHAConfig(188)) - Found matching OM address with OMServiceId: om-service-test1, OMNodeId: omNode-1, RPC Address: localhost:10344 and Ratis port: 10348
2020-12-01 16:49:22,928 [Listener at 0.0.0.0/44407] INFO  ha.OMHANodeDetails (OMHANodeDetails.java:setOMNodeSpecificConfigs(314)) - Setting configuration key ozone.om.http-address with value of key ozone.om.http-address.omNode-1: 127.0.0.1:10346
2020-12-01 16:49:22,928 [Listener at 0.0.0.0/44407] INFO  ha.OMHANodeDetails (OMHANodeDetails.java:setOMNodeSpecificConfigs(314)) - Setting configuration key ozone.om.https-address with value of key ozone.om.https-address.omNode-1: 127.0.0.1:10347
2020-12-01 16:49:22,928 [Listener at 0.0.0.0/44407] INFO  ha.OMHANodeDetails (OMHANodeDetails.java:setOMNodeSpecificConfigs(314)) - Setting configuration key ozone.om.address with value of key ozone.om.address.omNode-1: 127.0.0.1:10344
2020-12-01 16:49:22,928 [Listener at 0.0.0.0/44407] WARN  server.ServerUtils (ServerUtils.java:getDBPath(225)) - ozone.om.db.dirs is not configured. We recommend adding this setting. Falling back to ozone.metadata.dirs instead.
2020-12-01 16:49:22,928 [Listener at 0.0.0.0/44407] WARN  server.ServerUtils (ServerUtils.java:getDBPath(225)) - ozone.om.db.dirs is not configured. We recommend adding this setting. Falling back to ozone.metadata.dirs instead.
2020-12-01 16:49:22,940 [Listener at 0.0.0.0/44407] WARN  server.ServerUtils (ServerUtils.java:getDBPath(225)) - ozone.om.db.dirs is not configured. We recommend adding this setting. Falling back to ozone.metadata.dirs instead.
2020-12-01 16:49:22,941 [Listener at 0.0.0.0/44407] INFO  codec.OmKeyInfoCodec (OmKeyInfoCodec.java:<init>(41)) - OmKeyInfoCodec ignorePipeline = true
2020-12-01 16:49:22,941 [Listener at 0.0.0.0/44407] INFO  codec.RepeatedOmKeyInfoCodec (RepeatedOmKeyInfoCodec.java:<init>(40)) - RepeatedOmKeyInfoCodec ignorePipeline = true
2020-12-01 16:49:22,991 [Listener at 0.0.0.0/44407] INFO  om.OzoneManager (OzoneManager.java:addS3GVolumeToDB(3737)) - Created Volume s3v With Owner jenkins1001 required for S3Gateway operations.
2020-12-01 16:49:22,992 [Listener at 0.0.0.0/44407] WARN  server.ServerUtils (ServerUtils.java:getDefaultRatisDirectory(237)) - Storage directory for Ratis is not configured. It is a good idea to map this to an SSD disk. Falling back to ozone.metadata.dirs
2020-12-01 16:49:22,992 [Listener at 0.0.0.0/44407] INFO  ratis.OzoneManagerRatisServer (OzoneManagerRatisServer.java:<init>(271)) - Instantiating OM Ratis server with GroupID: om-service-test1 and Raft Peers: localhost:10348, localhost:10354, localhost:10360
2020-12-01 16:49:22,992 [Listener at 0.0.0.0/44407] INFO  ratis.OzoneManagerStateMachine (OzoneManagerStateMachine.java:loadSnapshotInfoFromDB(518)) - LastAppliedIndex is set from TransactionInfo from OM DB as (t:0, i:~)
2020-12-01 16:49:22,993 [Listener at 0.0.0.0/44407] INFO  impl.RaftServerProxy (ConfUtils.java:logGet(44)) - raft.rpc.type = GRPC (default)
2020-12-01 16:49:22,994 [Listener at 0.0.0.0/44407] INFO  grpc.GrpcFactory (GrpcFactory.java:checkPooledByteBufAllocatorUseCacheForAllThreads(45)) - PERFORMANCE WARNING: useCacheForAllThreads is true that may cause Netty to create a lot garbage objects and, as a result, trigger GC.
	It is recommended to disable useCacheForAllThreads by setting -Dorg.apache.ratis.thirdparty.io.netty.allocator.useCacheForAllThreads=false in command line.
2020-12-01 16:49:22,994 [Listener at 0.0.0.0/44407] INFO  grpc.GrpcConfigKeys (ConfUtils.java:logGet(44)) - raft.grpc.server.port = 10348 (custom)
2020-12-01 16:49:22,994 [Listener at 0.0.0.0/44407] INFO  server.GrpcService (ConfUtils.java:logGet(44)) - raft.grpc.message.size.max = 33554432 (custom)
2020-12-01 16:49:22,994 [Listener at 0.0.0.0/44407] INFO  server.RaftServerConfigKeys (ConfUtils.java:logGet(44)) - raft.server.log.appender.buffer.byte-limit = 33554432 (custom)
2020-12-01 16:49:22,994 [Listener at 0.0.0.0/44407] INFO  server.GrpcService (ConfUtils.java:logGet(44)) - raft.grpc.flow.control.window = 1MB (=1048576) (default)
2020-12-01 16:49:22,994 [Listener at 0.0.0.0/44407] INFO  server.RaftServerConfigKeys (ConfUtils.java:logGet(44)) - raft.server.rpc.request.timeout = 3000ms (default)
2020-12-01 16:49:22,995 [Listener at 0.0.0.0/44407] INFO  impl.DataStreamServerImpl (ConfUtils.java:logGet(44)) - raft.datastream.type = DISABLED (default)
2020-12-01 16:49:22,995 [Listener at 0.0.0.0/44407] INFO  server.RaftServerConfigKeys (ConfUtils.java:logGet(44)) - raft.server.storage.dir = [/github/workspace/mnt/ozone/hadoop-ozone/integration-test/target/test-dir/MiniOzoneClusterImpl-6a576fb6-293f-471c-b07d-839007c369a6/omNode-1/ratis] (custom)
2020-12-01 16:49:22,996 [Listener at 0.0.0.0/44407] INFO  impl.RaftServerProxy (RaftServerProxy.java:addNew(93)) - omNode-1: addNew group-523986131536:[omNode-3|rpc:localhost:10360, omNode-1|rpc:localhost:10348, omNode-2|rpc:localhost:10354] returns group-523986131536:java.util.concurrent.CompletableFuture@10771a4f[Not completed]
2020-12-01 16:49:22,996 [Listener at 0.0.0.0/44407] INFO  om.OzoneManager (OzoneManager.java:initializeRatisServer(1337)) - OzoneManager Ratis server initialized at port 10348
2020-12-01 16:49:22,996 [Listener at 0.0.0.0/44407] WARN  server.ServerUtils (ServerUtils.java:getDefaultRatisDirectory(237)) - Storage directory for Ratis is not configured. It is a good idea to map this to an SSD disk. Falling back to ozone.metadata.dirs
2020-12-01 16:49:22,996 [pool-132-thread-1] INFO  impl.RaftServerImpl (RaftServerImpl.java:<init>(121)) - omNode-1: new RaftServerImpl for group-523986131536:[omNode-3|rpc:localhost:10360, omNode-1|rpc:localhost:10348, omNode-2|rpc:localhost:10354] with OzoneManagerStateMachine:uninitialized
2020-12-01 16:49:22,996 [Listener at 0.0.0.0/44407] WARN  server.ServerUtils (ServerUtils.java:getDefaultRatisDirectory(237)) - Storage directory for Ratis is not configured. It is a good idea to map this to an SSD disk. Falling back to ozone.metadata.dirs
2020-12-01 16:49:23,001 [pool-132-thread-1] INFO  server.RaftServerConfigKeys (ConfUtils.java:logGet(44)) - raft.server.rpc.timeout.min = 1s (custom)
2020-12-01 16:49:23,001 [Listener at 0.0.0.0/44407] INFO  snapshot.OzoneManagerSnapshotProvider (OzoneManagerSnapshotProvider.java:<init>(77)) - Initializing OM Snapshot Provider
2020-12-01 16:49:23,002 [pool-132-thread-1] INFO  server.RaftServerConfigKeys (ConfUtils.java:logGet(44)) - raft.server.rpc.timeout.max = 1200ms (custom)
2020-12-01 16:49:23,002 [pool-132-thread-1] INFO  server.RaftServerConfigKeys (ConfUtils.java:logGet(44)) - raft.server.rpc.slowness.timeout = 2s (custom)
2020-12-01 16:49:23,002 [pool-132-thread-1] INFO  server.RaftServerConfigKeys (ConfUtils.java:logGet(44)) - raft.server.leaderelection.leader.step-down.wait-time = 10s (default)
2020-12-01 16:49:23,002 [pool-132-thread-1] INFO  server.RaftServerConfigKeys (ConfUtils.java:logGet(44)) - raft.server.sleep.deviation.threshold = 300 (default)
2020-12-01 16:49:23,002 [pool-132-thread-1] INFO  server.RaftServerConfigKeys (ConfUtils.java:logGet(44)) - raft.server.log.appender.install.snapshot.enabled = false (custom)
2020-12-01 16:49:23,002 [pool-132-thread-1] INFO  impl.RaftServerImpl (ServerState.java:<init>(104)) - omNode-1@group-523986131536: ConfigurationManager, init=-1: [omNode-3|rpc:localhost:10360, omNode-1|rpc:localhost:10348, omNode-2|rpc:localhost:10354], old=null, confs=<EMPTY_MAP>
2020-12-01 16:49:23,002 [pool-132-thread-1] INFO  server.RaftServerConfigKeys (ConfUtils.java:logGet(44)) - raft.server.storage.dir = [/github/workspace/mnt/ozone/hadoop-ozone/integration-test/target/test-dir/MiniOzoneClusterImpl-6a576fb6-293f-471c-b07d-839007c369a6/omNode-1/ratis] (custom)
2020-12-01 16:49:23,003 [pool-132-thread-1] INFO  server.RaftServerConfigKeys (ConfUtils.java:logGet(44)) - raft.server.log.corruption.policy = EXCEPTION (default)
2020-12-01 16:49:23,006 [pool-132-thread-1] INFO  storage.RaftStorageDirectory (RaftStorageDirectory.java:analyzeStorage(261)) - The storage directory /github/workspace/mnt/ozone/hadoop-ozone/integration-test/target/test-dir/MiniOzoneClusterImpl-6a576fb6-293f-471c-b07d-839007c369a6/omNode-1/ratis/c9bc4cf4-3bc3-3c60-a66b-523986131536 does not exist. Creating ...
2020-12-01 16:49:23,003 [Listener at 0.0.0.0/44407] INFO  ipc.CallQueueManager (CallQueueManager.java:<init>(84)) - Using callQueue: class java.util.concurrent.LinkedBlockingQueue, queueCapacity: 2000, scheduler: class org.apache.hadoop.ipc.DefaultRpcScheduler, ipcBackoff: false.
2020-12-01 16:49:23,007 [Socket Reader #1 for port 10344] INFO  ipc.Server (Server.java:run(1219)) - Starting Socket Reader #1 for port 10344
2020-12-01 16:49:23,007 [pool-132-thread-1] INFO  storage.RaftStorageDirectory (RaftStorageDirectory.java:tryLock(343)) - Lock on /github/workspace/mnt/ozone/hadoop-ozone/integration-test/target/test-dir/MiniOzoneClusterImpl-6a576fb6-293f-471c-b07d-839007c369a6/omNode-1/ratis/c9bc4cf4-3bc3-3c60-a66b-523986131536/in_use.lock acquired by nodename 1352@78fb6e686183
2020-12-01 16:49:23,012 [pool-132-thread-1] INFO  storage.RaftStorage (RaftStorage.java:format(85)) - Storage directory /github/workspace/mnt/ozone/hadoop-ozone/integration-test/target/test-dir/MiniOzoneClusterImpl-6a576fb6-293f-471c-b07d-839007c369a6/omNode-1/ratis/c9bc4cf4-3bc3-3c60-a66b-523986131536 has been successfully formatted.
2020-12-01 16:49:23,012 [pool-132-thread-1] INFO  server.RaftServerConfigKeys (ConfUtils.java:logGet(44)) - raft.server.notification.no-leader.timeout = 2s (custom)
2020-12-01 16:49:23,012 [pool-132-thread-1] INFO  server.RaftServerConfigKeys (ConfUtils.java:logGet(44)) - raft.server.log.use.memory = false (default)
2020-12-01 16:49:23,012 [pool-132-thread-1] INFO  server.RaftServerConfigKeys (ConfUtils.java:logGet(44)) - raft.server.log.purge.gap = 50 (custom)
2020-12-01 16:49:23,012 [pool-132-thread-1] INFO  metrics.RatisMetrics (RatisMetrics.java:lambda$create$0(36)) - Creating Metrics Registry : ratis.log_worker.omNode-1@group-523986131536
2020-12-01 16:49:23,014 [pool-132-thread-1] INFO  server.RaftServerConfigKeys (ConfUtils.java:logGet(44)) - raft.server.log.appender.buffer.byte-limit = 33554432 (custom)
2020-12-01 16:49:23,014 [pool-132-thread-1] INFO  server.RaftServerConfigKeys (ConfUtils.java:logGet(44)) - raft.server.log.segment.size.max = 4194304 (custom)
2020-12-01 16:49:23,015 [pool-132-thread-1] INFO  server.RaftServerConfigKeys (ConfUtils.java:logGet(44)) - raft.server.log.segment.cache.num.max = 2 (custom)
2020-12-01 16:49:23,015 [pool-132-thread-1] INFO  segmented.SegmentedRaftLogWorker (SegmentedRaftLogWorker.java:<init>(180)) - new omNode-1@group-523986131536-SegmentedRaftLogWorker for RaftStorage:Storage Directory /github/workspace/mnt/ozone/hadoop-ozone/integration-test/target/test-dir/MiniOzoneClusterImpl-6a576fb6-293f-471c-b07d-839007c369a6/omNode-1/ratis/c9bc4cf4-3bc3-3c60-a66b-523986131536
2020-12-01 16:49:23,015 [pool-132-thread-1] INFO  server.RaftServerConfigKeys (ConfUtils.java:logGet(44)) - raft.server.log.queue.byte-limit = 64MB (=67108864) (default)
2020-12-01 16:49:23,015 [pool-132-thread-1] INFO  server.RaftServerConfigKeys (ConfUtils.java:logGet(44)) - raft.server.log.queue.element-limit = 4096 (default)
2020-12-01 16:49:23,015 [pool-132-thread-1] INFO  server.RaftServerConfigKeys (ConfUtils.java:logGet(44)) - raft.server.log.segment.size.max = 4194304 (custom)
2020-12-01 16:49:23,015 [pool-132-thread-1] INFO  server.RaftServerConfigKeys (ConfUtils.java:logGet(44)) - raft.server.log.preallocated.size = 4194304 (custom)
2020-12-01 16:49:23,015 [pool-132-thread-1] INFO  server.RaftServerConfigKeys (ConfUtils.java:logGet(44)) - raft.server.log.write.buffer.size = 64KB (=65536) (default)
2020-12-01 16:49:23,015 [pool-132-thread-1] INFO  server.RaftServerConfigKeys (ConfUtils.java:logGet(44)) - raft.server.log.force.sync.num = 128 (default)
2020-12-01 16:49:23,015 [pool-132-thread-1] INFO  server.RaftServerConfigKeys (ConfUtils.java:logGet(44)) - raft.server.log.statemachine.data.sync = true (default)
2020-12-01 16:49:23,015 [pool-132-thread-1] INFO  server.RaftServerConfigKeys (ConfUtils.java:logGet(44)) - raft.server.log.statemachine.data.sync.timeout = 10s (default)
2020-12-01 16:49:23,015 [pool-132-thread-1] INFO  server.RaftServerConfigKeys (ConfUtils.java:logGet(44)) - raft.server.log.statemachine.data.sync.timeout.retry = -1 (default)
2020-12-01 16:49:23,018 [pool-132-thread-1] INFO  server.RaftServerConfigKeys (ConfUtils.java:logGet(44)) - raft.server.log.statemachine.data.caching.enabled = false (default)
2020-12-01 16:49:23,018 [pool-132-thread-1] INFO  segmented.SegmentedRaftLogWorker (SegmentedRaftLogWorker.java:lambda$new$0(129)) - omNode-1@group-523986131536-SegmentedRaftLogWorker: flushIndex: setUnconditionally 0 -> -1
2020-12-01 16:49:23,018 [pool-132-thread-1] INFO  segmented.SegmentedRaftLogWorker (SegmentedRaftLogWorker.java:lambda$new$0(129)) - omNode-1@group-523986131536-SegmentedRaftLogWorker: safeCacheEvictIndex: setUnconditionally 0 -> -1
2020-12-01 16:49:23,018 [pool-132-thread-1] INFO  server.RaftServerConfigKeys (ConfUtils.java:logGet(44)) - raft.server.snapshot.auto.trigger.enabled = true (custom)
2020-12-01 16:49:23,018 [pool-132-thread-1] INFO  server.RaftServerConfigKeys (ConfUtils.java:logGet(44)) - raft.server.snapshot.auto.trigger.threshold = 50 (custom)
2020-12-01 16:49:23,019 [pool-132-thread-1] INFO  server.RaftServerConfigKeys (ConfUtils.java:logGet(44)) - raft.server.snapshot.retention.file.num = -1 (default)
2020-12-01 16:49:23,019 [pool-132-thread-1] INFO  server.RaftServerConfigKeys (ConfUtils.java:logGet(44)) - raft.server.log.purge.upto.snapshot.index = true (custom)
2020-12-01 16:49:23,019 [pool-132-thread-1] INFO  server.RaftServerConfigKeys (ConfUtils.java:logGet(44)) - raft.server.retrycache.expirytime = 600000ms (custom)
2020-12-01 16:49:23,019 [pool-132-thread-1] INFO  metrics.RatisMetrics (RatisMetrics.java:lambda$create$0(36)) - Creating Metrics Registry : ratis.leader_election.omNode-1@group-523986131536
2020-12-01 16:49:23,019 [pool-132-thread-1] INFO  metrics.RatisMetrics (RatisMetrics.java:lambda$create$0(36)) - Creating Metrics Registry : ratis.server.omNode-1@group-523986131536
2020-12-01 16:49:23,051 [Listener at 127.0.0.1/10344] INFO  impl.MetricsSystemImpl (MetricsSystemImpl.java:init(158)) - OzoneManager metrics system started (again)
2020-12-01 16:49:23,052 [Listener at 127.0.0.1/10344] INFO  om.OzoneManager (OzoneManager.java:start(1145)) - OzoneManager RPC server is listening at localhost/127.0.0.1:10344
2020-12-01 16:49:23,052 [Listener at 127.0.0.1/10344] INFO  ratis.OzoneManagerRatisServer (OzoneManagerRatisServer.java:start(368)) - Starting OzoneManagerRatisServer omNode-1 at port 10348
2020-12-01 16:49:23,054 [Listener at 127.0.0.1/10344] INFO  impl.RaftServerImpl (RaftServerImpl.java:start(215)) - omNode-1@group-523986131536: start as a follower, conf=-1: [omNode-3|rpc:localhost:10360, omNode-1|rpc:localhost:10348, omNode-2|rpc:localhost:10354], old=null
2020-12-01 16:49:23,054 [Listener at 127.0.0.1/10344] INFO  impl.RaftServerImpl (RaftServerImpl.java:setRole(204)) - omNode-1@group-523986131536: changes role from      null to FOLLOWER at term 0 for startAsFollower
2020-12-01 16:49:23,054 [Listener at 127.0.0.1/10344] INFO  impl.RoleInfo (RoleInfo.java:updateAndGet(143)) - omNode-1: start omNode-1@group-523986131536-FollowerState
2020-12-01 16:49:23,055 [Listener at 127.0.0.1/10344] INFO  util.JmxRegister (JmxRegister.java:tryRegister(44)) - Successfully registered JMX Bean with object name Ratis:service=RaftServer,group=group-523986131536,id=omNode-1
2020-12-01 16:49:23,055 [Listener at 127.0.0.1/10344] INFO  metrics.RatisMetrics (RatisMetrics.java:lambda$create$0(36)) - Creating Metrics Registry : ratis.state_machine.omNode-1@group-523986131536
2020-12-01 16:49:23,058 [Listener at 127.0.0.1/10344] INFO  impl.RaftServerProxy (RaftServerProxy.java:lambda$start$3(321)) - omNode-1: start RPC server
2020-12-01 16:49:23,065 [Listener at 127.0.0.1/10344] INFO  server.GrpcService (GrpcService.java:startImpl(177)) - omNode-1: GrpcService started, listening on 0.0.0.0/0.0.0.0:10348
2020-12-01 16:49:23,068 [org.apache.ratis.server.JvmPauseMonitor@a2d17f-Monitor] INFO  server.RaftServerConfigKeys (ConfUtils.java:logGet(44)) - raft.server.leaderelection.leader.step-down.wait-time = 10s (default)
2020-12-01 16:49:23,069 [org.apache.ratis.server.JvmPauseMonitor@a2d17f-Monitor] INFO  server.RaftServerConfigKeys (ConfUtils.java:logGet(44)) - raft.server.rpc.slowness.timeout = 2s (custom)
2020-12-01 16:49:23,069 [org.apache.ratis.server.JvmPauseMonitor@a2d17f-Monitor] INFO  server.JvmPauseMonitor (JvmPauseMonitor.java:run(129)) - Starting Ratis JVM pause monitor
2020-12-01 16:49:23,070 [Listener at 127.0.0.1/10344] INFO  http.BaseHttpServer (BaseHttpServer.java:newHttpServer2BuilderForOzone(207)) - Starting Web-server for ozoneManager at: http://0.0.0.0:10346
2020-12-01 16:49:23,070 [Listener at 127.0.0.1/10344] INFO  http.BaseHttpServer (BaseHttpServer.java:<init>(106)) - Hadoop Security Enabled: false Ozone Security Enabled: false Ozone HTTP Security Enabled: false 
2020-12-01 16:49:23,071 [Listener at 127.0.0.1/10344] INFO  server.AuthenticationFilter (AuthenticationFilter.java:constructSecretProvider(240)) - Unable to initialize FileSignerSecretProvider, falling back to use random secrets.
2020-12-01 16:49:23,074 [Listener at 127.0.0.1/10344] WARN  http.HttpRequestLog (HttpRequestLog.java:getRequestLog(103)) - Jetty request log can only be enabled using Log4j
2020-12-01 16:49:23,075 [Listener at 127.0.0.1/10344] INFO  http.HttpServer2 (HttpServer2.java:addGlobalFilter(1019)) - Added global filter 'safety' (class=org.apache.hadoop.hdds.server.http.HttpServer2$QuotingInputFilter)
2020-12-01 16:49:23,076 [Listener at 127.0.0.1/10344] INFO  http.HttpServer2 (HttpServer2.java:addFilter(995)) - Added filter static_user_filter (class=org.apache.hadoop.http.lib.StaticUserWebFilter$StaticUserFilter) to context ozoneManager
2020-12-01 16:49:23,076 [Listener at 127.0.0.1/10344] INFO  http.HttpServer2 (HttpServer2.java:addFilter(1003)) - Added filter static_user_filter (class=org.apache.hadoop.http.lib.StaticUserWebFilter$StaticUserFilter) to context static
2020-12-01 16:49:23,076 [Listener at 127.0.0.1/10344] INFO  http.HttpServer2 (HttpServer2.java:addFilter(1003)) - Added filter static_user_filter (class=org.apache.hadoop.http.lib.StaticUserWebFilter$StaticUserFilter) to context logs
2020-12-01 16:49:23,076 [Listener at 127.0.0.1/10344] INFO  http.HttpServer2 (HttpServer2.java:bindListener(1237)) - Jetty bound to port 10346
2020-12-01 16:49:23,076 [Listener at 127.0.0.1/10344] INFO  server.Server (Server.java:doStart(375)) - jetty-9.4.34.v20201102; built: 2020-11-02T14:15:39.302Z; git: e46af88704a893fc12cb0e3bf46e2c7b48a009e7; jvm 1.8.0_232-b09
2020-12-01 16:49:23,082 [Listener at 127.0.0.1/10344] INFO  server.session (DefaultSessionIdManager.java:doStart(334)) - DefaultSessionIdManager workerName=node0
2020-12-01 16:49:23,082 [Listener at 127.0.0.1/10344] INFO  server.session (DefaultSessionIdManager.java:doStart(339)) - No SessionScavenger set, using defaults
2020-12-01 16:49:23,082 [Listener at 127.0.0.1/10344] INFO  server.session (HouseKeeper.java:startScavenging(132)) - node0 Scavenging every 660000ms
2020-12-01 16:49:23,083 [Listener at 127.0.0.1/10344] INFO  handler.ContextHandler (ContextHandler.java:doStart(916)) - Started o.e.j.s.ServletContextHandler@472dd336{logs,/logs,file:///github/workspace/mnt/ozone/hadoop-ozone/integration-test/target/log,AVAILABLE}
2020-12-01 16:49:23,083 [Listener at 127.0.0.1/10344] INFO  handler.ContextHandler (ContextHandler.java:doStart(916)) - Started o.e.j.s.ServletContextHandler@29dfdc29{static,/static,file:///github/workspace/mnt/ozone/hadoop-ozone/integration-test/target/test-classes/webapps/static,AVAILABLE}
2020-12-01 16:49:23,086 [Listener at 127.0.0.1/10344] INFO  handler.ContextHandler (ContextHandler.java:doStart(916)) - Started o.e.j.w.WebAppContext@403aabe2{ozoneManager,/,file:///github/workspace/mnt/ozone/hadoop-ozone/integration-test/target/test-classes/webapps/ozoneManager/,AVAILABLE}{file:/github/workspace/mnt/ozone/hadoop-ozone/integration-test/target/test-classes/webapps/ozoneManager}
2020-12-01 16:49:23,089 [Listener at 127.0.0.1/10344] INFO  server.AbstractConnector (AbstractConnector.java:doStart(331)) - Started ServerConnector@217f3dd6{HTTP/1.1, (http/1.1)}{0.0.0.0:10346}
2020-12-01 16:49:23,089 [Listener at 127.0.0.1/10344] INFO  server.Server (Server.java:doStart(415)) - Started @30391ms
2020-12-01 16:49:23,089 [Listener at 127.0.0.1/10344] WARN  impl.MetricsSystemImpl (MetricsSystemImpl.java:register(276)) - Sink prometheus already exists!
2020-12-01 16:49:23,093 [Listener at 127.0.0.1/10344] INFO  http.BaseHttpServer (BaseHttpServer.java:updateConnectorAddress(327)) - HTTP server of ozoneManager listening at http://0.0.0.0:10346
2020-12-01 16:49:23,093 [IPC Server Responder] INFO  ipc.Server (Server.java:run(1460)) - IPC Server Responder: starting
2020-12-01 16:49:23,093 [IPC Server listener on 10344] INFO  ipc.Server (Server.java:run(1298)) - IPC Server listener on 10344: starting
2020-12-01 16:49:23,099 [Listener at 127.0.0.1/10344] INFO  om.OzoneManager (OzoneManager.java:startTrashEmptier(1270)) - Trash Interval set to 0. Files deleted will not move to trash
2020-12-01 16:49:23,099 [Listener at 127.0.0.1/10344] INFO  ozone.MiniOzoneHAClusterImpl (MiniOzoneHAClusterImpl.java:createOMService(380)) - Started OzoneManager RPC server at localhost/127.0.0.1:10344
2020-12-01 16:49:23,100 [Listener at 127.0.0.1/10344] WARN  server.ServerUtils (ServerUtils.java:getDBPath(225)) - ozone.om.db.dirs is not configured. We recommend adding this setting. Falling back to ozone.metadata.dirs instead.
2020-12-01 16:49:23,102 [Listener at 127.0.0.1/10344] INFO  ha.OMHANodeDetails (OMHANodeDetails.java:loadOMHAConfig(110)) - ServiceID for OzoneManager is om-service-test1
2020-12-01 16:49:23,102 [Listener at 127.0.0.1/10344] INFO  ha.OMHANodeDetails (OMHANodeDetails.java:loadOMHAConfig(188)) - Found matching OM address with OMServiceId: om-service-test1, OMNodeId: omNode-2, RPC Address: localhost:10350 and Ratis port: 10354
2020-12-01 16:49:23,102 [Listener at 127.0.0.1/10344] INFO  ha.OMHANodeDetails (OMHANodeDetails.java:setOMNodeSpecificConfigs(314)) - Setting configuration key ozone.om.http-address with value of key ozone.om.http-address.omNode-2: 127.0.0.1:10352
2020-12-01 16:49:23,102 [Listener at 127.0.0.1/10344] INFO  ha.OMHANodeDetails (OMHANodeDetails.java:setOMNodeSpecificConfigs(314)) - Setting configuration key ozone.om.https-address with value of key ozone.om.https-address.omNode-2: 127.0.0.1:10353
2020-12-01 16:49:23,102 [Listener at 127.0.0.1/10344] INFO  ha.OMHANodeDetails (OMHANodeDetails.java:setOMNodeSpecificConfigs(314)) - Setting configuration key ozone.om.address with value of key ozone.om.address.omNode-2: 127.0.0.1:10350
2020-12-01 16:49:23,102 [Listener at 127.0.0.1/10344] WARN  server.ServerUtils (ServerUtils.java:getDBPath(225)) - ozone.om.db.dirs is not configured. We recommend adding this setting. Falling back to ozone.metadata.dirs instead.
2020-12-01 16:49:23,103 [Listener at 127.0.0.1/10344] WARN  server.ServerUtils (ServerUtils.java:getDBPath(225)) - ozone.om.db.dirs is not configured. We recommend adding this setting. Falling back to ozone.metadata.dirs instead.
2020-12-01 16:49:23,103 [org.apache.hadoop.util.JvmPauseMonitor$Monitor@518c2562] INFO  util.JvmPauseMonitor (JvmPauseMonitor.java:run(188)) - Starting JVM pause monitor
2020-12-01 16:49:23,108 [Listener at 127.0.0.1/10344] WARN  server.ServerUtils (ServerUtils.java:getDBPath(225)) - ozone.om.db.dirs is not configured. We recommend adding this setting. Falling back to ozone.metadata.dirs instead.
2020-12-01 16:49:23,109 [Listener at 127.0.0.1/10344] INFO  codec.OmKeyInfoCodec (OmKeyInfoCodec.java:<init>(41)) - OmKeyInfoCodec ignorePipeline = true
2020-12-01 16:49:23,109 [Listener at 127.0.0.1/10344] INFO  codec.RepeatedOmKeyInfoCodec (RepeatedOmKeyInfoCodec.java:<init>(40)) - RepeatedOmKeyInfoCodec ignorePipeline = true
2020-12-01 16:49:23,160 [Listener at 127.0.0.1/10344] INFO  om.OzoneManager (OzoneManager.java:addS3GVolumeToDB(3737)) - Created Volume s3v With Owner jenkins1001 required for S3Gateway operations.
2020-12-01 16:49:23,161 [Listener at 127.0.0.1/10344] WARN  server.ServerUtils (ServerUtils.java:getDefaultRatisDirectory(237)) - Storage directory for Ratis is not configured. It is a good idea to map this to an SSD disk. Falling back to ozone.metadata.dirs
2020-12-01 16:49:23,161 [Listener at 127.0.0.1/10344] INFO  ratis.OzoneManagerRatisServer (OzoneManagerRatisServer.java:<init>(271)) - Instantiating OM Ratis server with GroupID: om-service-test1 and Raft Peers: localhost:10354, localhost:10348, localhost:10360
2020-12-01 16:49:23,161 [Listener at 127.0.0.1/10344] INFO  ratis.OzoneManagerStateMachine (OzoneManagerStateMachine.java:loadSnapshotInfoFromDB(518)) - LastAppliedIndex is set from TransactionInfo from OM DB as (t:0, i:~)
2020-12-01 16:49:23,162 [Listener at 127.0.0.1/10344] INFO  impl.RaftServerProxy (ConfUtils.java:logGet(44)) - raft.rpc.type = GRPC (default)
2020-12-01 16:49:23,162 [Listener at 127.0.0.1/10344] INFO  grpc.GrpcFactory (GrpcFactory.java:checkPooledByteBufAllocatorUseCacheForAllThreads(45)) - PERFORMANCE WARNING: useCacheForAllThreads is true that may cause Netty to create a lot garbage objects and, as a result, trigger GC.
	It is recommended to disable useCacheForAllThreads by setting -Dorg.apache.ratis.thirdparty.io.netty.allocator.useCacheForAllThreads=false in command line.
2020-12-01 16:49:23,162 [Listener at 127.0.0.1/10344] INFO  grpc.GrpcConfigKeys (ConfUtils.java:logGet(44)) - raft.grpc.server.port = 10354 (custom)
2020-12-01 16:49:23,162 [Listener at 127.0.0.1/10344] INFO  server.GrpcService (ConfUtils.java:logGet(44)) - raft.grpc.message.size.max = 33554432 (custom)
2020-12-01 16:49:23,162 [Listener at 127.0.0.1/10344] INFO  server.RaftServerConfigKeys (ConfUtils.java:logGet(44)) - raft.server.log.appender.buffer.byte-limit = 33554432 (custom)
2020-12-01 16:49:23,162 [Listener at 127.0.0.1/10344] INFO  server.GrpcService (ConfUtils.java:logGet(44)) - raft.grpc.flow.control.window = 1MB (=1048576) (default)
2020-12-01 16:49:23,162 [Listener at 127.0.0.1/10344] INFO  server.RaftServerConfigKeys (ConfUtils.java:logGet(44)) - raft.server.rpc.request.timeout = 3000ms (default)
2020-12-01 16:49:23,163 [Listener at 127.0.0.1/10344] INFO  impl.DataStreamServerImpl (ConfUtils.java:logGet(44)) - raft.datastream.type = DISABLED (default)
2020-12-01 16:49:23,164 [Listener at 127.0.0.1/10344] INFO  server.RaftServerConfigKeys (ConfUtils.java:logGet(44)) - raft.server.storage.dir = [/github/workspace/mnt/ozone/hadoop-ozone/integration-test/target/test-dir/MiniOzoneClusterImpl-6a576fb6-293f-471c-b07d-839007c369a6/omNode-2/ratis] (custom)
2020-12-01 16:49:23,164 [Listener at 127.0.0.1/10344] INFO  impl.RaftServerProxy (RaftServerProxy.java:addNew(93)) - omNode-2: addNew group-523986131536:[omNode-3|rpc:localhost:10360, omNode-1|rpc:localhost:10348, omNode-2|rpc:localhost:10354] returns group-523986131536:java.util.concurrent.CompletableFuture@10a76c08[Not completed]
2020-12-01 16:49:23,164 [Listener at 127.0.0.1/10344] INFO  om.OzoneManager (OzoneManager.java:initializeRatisServer(1337)) - OzoneManager Ratis server initialized at port 10354
2020-12-01 16:49:23,164 [Listener at 127.0.0.1/10344] WARN  server.ServerUtils (ServerUtils.java:getDefaultRatisDirectory(237)) - Storage directory for Ratis is not configured. It is a good idea to map this to an SSD disk. Falling back to ozone.metadata.dirs
2020-12-01 16:49:23,164 [Listener at 127.0.0.1/10344] WARN  server.ServerUtils (ServerUtils.java:getDefaultRatisDirectory(237)) - Storage directory for Ratis is not configured. It is a good idea to map this to an SSD disk. Falling back to ozone.metadata.dirs
2020-12-01 16:49:23,164 [Listener at 127.0.0.1/10344] INFO  snapshot.OzoneManagerSnapshotProvider (OzoneManagerSnapshotProvider.java:<init>(77)) - Initializing OM Snapshot Provider
2020-12-01 16:49:23,167 [Listener at 127.0.0.1/10344] INFO  ipc.CallQueueManager (CallQueueManager.java:<init>(84)) - Using callQueue: class java.util.concurrent.LinkedBlockingQueue, queueCapacity: 2000, scheduler: class org.apache.hadoop.ipc.DefaultRpcScheduler, ipcBackoff: false.
2020-12-01 16:49:23,167 [pool-147-thread-1] INFO  impl.RaftServerImpl (RaftServerImpl.java:<init>(121)) - omNode-2: new RaftServerImpl for group-523986131536:[omNode-3|rpc:localhost:10360, omNode-1|rpc:localhost:10348, omNode-2|rpc:localhost:10354] with OzoneManagerStateMachine:uninitialized
2020-12-01 16:49:23,168 [Socket Reader #1 for port 10350] INFO  ipc.Server (Server.java:run(1219)) - Starting Socket Reader #1 for port 10350
2020-12-01 16:49:23,172 [pool-147-thread-1] INFO  server.RaftServerConfigKeys (ConfUtils.java:logGet(44)) - raft.server.rpc.timeout.min = 1s (custom)
2020-12-01 16:49:23,172 [pool-147-thread-1] INFO  server.RaftServerConfigKeys (ConfUtils.java:logGet(44)) - raft.server.rpc.timeout.max = 1200ms (custom)
2020-12-01 16:49:23,172 [pool-147-thread-1] INFO  server.RaftServerConfigKeys (ConfUtils.java:logGet(44)) - raft.server.rpc.slowness.timeout = 2s (custom)
2020-12-01 16:49:23,172 [pool-147-thread-1] INFO  server.RaftServerConfigKeys (ConfUtils.java:logGet(44)) - raft.server.leaderelection.leader.step-down.wait-time = 10s (default)
2020-12-01 16:49:23,172 [pool-147-thread-1] INFO  server.RaftServerConfigKeys (ConfUtils.java:logGet(44)) - raft.server.sleep.deviation.threshold = 300 (default)
2020-12-01 16:49:23,172 [pool-147-thread-1] INFO  server.RaftServerConfigKeys (ConfUtils.java:logGet(44)) - raft.server.log.appender.install.snapshot.enabled = false (custom)
2020-12-01 16:49:23,172 [pool-147-thread-1] INFO  impl.RaftServerImpl (ServerState.java:<init>(104)) - omNode-2@group-523986131536: ConfigurationManager, init=-1: [omNode-3|rpc:localhost:10360, omNode-1|rpc:localhost:10348, omNode-2|rpc:localhost:10354], old=null, confs=<EMPTY_MAP>
2020-12-01 16:49:23,172 [pool-147-thread-1] INFO  server.RaftServerConfigKeys (ConfUtils.java:logGet(44)) - raft.server.storage.dir = [/github/workspace/mnt/ozone/hadoop-ozone/integration-test/target/test-dir/MiniOzoneClusterImpl-6a576fb6-293f-471c-b07d-839007c369a6/omNode-2/ratis] (custom)
2020-12-01 16:49:23,173 [pool-147-thread-1] INFO  server.RaftServerConfigKeys (ConfUtils.java:logGet(44)) - raft.server.log.corruption.policy = EXCEPTION (default)
2020-12-01 16:49:23,173 [pool-147-thread-1] INFO  storage.RaftStorageDirectory (RaftStorageDirectory.java:analyzeStorage(261)) - The storage directory /github/workspace/mnt/ozone/hadoop-ozone/integration-test/target/test-dir/MiniOzoneClusterImpl-6a576fb6-293f-471c-b07d-839007c369a6/omNode-2/ratis/c9bc4cf4-3bc3-3c60-a66b-523986131536 does not exist. Creating ...
2020-12-01 16:49:23,182 [pool-147-thread-1] INFO  storage.RaftStorageDirectory (RaftStorageDirectory.java:tryLock(343)) - Lock on /github/workspace/mnt/ozone/hadoop-ozone/integration-test/target/test-dir/MiniOzoneClusterImpl-6a576fb6-293f-471c-b07d-839007c369a6/omNode-2/ratis/c9bc4cf4-3bc3-3c60-a66b-523986131536/in_use.lock acquired by nodename 1352@78fb6e686183
2020-12-01 16:49:23,184 [pool-147-thread-1] INFO  storage.RaftStorage (RaftStorage.java:format(85)) - Storage directory /github/workspace/mnt/ozone/hadoop-ozone/integration-test/target/test-dir/MiniOzoneClusterImpl-6a576fb6-293f-471c-b07d-839007c369a6/omNode-2/ratis/c9bc4cf4-3bc3-3c60-a66b-523986131536 has been successfully formatted.
2020-12-01 16:49:23,184 [Listener at 127.0.0.1/10350] INFO  impl.MetricsSystemImpl (MetricsSystemImpl.java:init(158)) - OzoneManager metrics system started (again)
2020-12-01 16:49:23,184 [pool-147-thread-1] INFO  server.RaftServerConfigKeys (ConfUtils.java:logGet(44)) - raft.server.notification.no-leader.timeout = 2s (custom)
2020-12-01 16:49:23,184 [pool-147-thread-1] INFO  server.RaftServerConfigKeys (ConfUtils.java:logGet(44)) - raft.server.log.use.memory = false (default)
2020-12-01 16:49:23,184 [pool-147-thread-1] INFO  server.RaftServerConfigKeys (ConfUtils.java:logGet(44)) - raft.server.log.purge.gap = 50 (custom)
2020-12-01 16:49:23,185 [pool-147-thread-1] INFO  metrics.RatisMetrics (RatisMetrics.java:lambda$create$0(36)) - Creating Metrics Registry : ratis.log_worker.omNode-2@group-523986131536
2020-12-01 16:49:23,185 [pool-147-thread-1] INFO  server.RaftServerConfigKeys (ConfUtils.java:logGet(44)) - raft.server.log.appender.buffer.byte-limit = 33554432 (custom)
2020-12-01 16:49:23,185 [pool-147-thread-1] INFO  server.RaftServerConfigKeys (ConfUtils.java:logGet(44)) - raft.server.log.segment.size.max = 4194304 (custom)
2020-12-01 16:49:23,185 [Listener at 127.0.0.1/10350] INFO  om.OzoneManager (OzoneManager.java:start(1145)) - OzoneManager RPC server is listening at localhost/127.0.0.1:10350
2020-12-01 16:49:23,185 [Listener at 127.0.0.1/10350] INFO  ratis.OzoneManagerRatisServer (OzoneManagerRatisServer.java:start(368)) - Starting OzoneManagerRatisServer omNode-2 at port 10354
2020-12-01 16:49:23,186 [pool-147-thread-1] INFO  server.RaftServerConfigKeys (ConfUtils.java:logGet(44)) - raft.server.log.segment.cache.num.max = 2 (custom)
2020-12-01 16:49:23,186 [pool-147-thread-1] INFO  segmented.SegmentedRaftLogWorker (SegmentedRaftLogWorker.java:<init>(180)) - new omNode-2@group-523986131536-SegmentedRaftLogWorker for RaftStorage:Storage Directory /github/workspace/mnt/ozone/hadoop-ozone/integration-test/target/test-dir/MiniOzoneClusterImpl-6a576fb6-293f-471c-b07d-839007c369a6/omNode-2/ratis/c9bc4cf4-3bc3-3c60-a66b-523986131536
2020-12-01 16:49:23,186 [pool-147-thread-1] INFO  server.RaftServerConfigKeys (ConfUtils.java:logGet(44)) - raft.server.log.queue.byte-limit = 64MB (=67108864) (default)
2020-12-01 16:49:23,186 [pool-147-thread-1] INFO  server.RaftServerConfigKeys (ConfUtils.java:logGet(44)) - raft.server.log.queue.element-limit = 4096 (default)
2020-12-01 16:49:23,186 [pool-147-thread-1] INFO  server.RaftServerConfigKeys (ConfUtils.java:logGet(44)) - raft.server.log.segment.size.max = 4194304 (custom)
2020-12-01 16:49:23,186 [pool-147-thread-1] INFO  server.RaftServerConfigKeys (ConfUtils.java:logGet(44)) - raft.server.log.preallocated.size = 4194304 (custom)
2020-12-01 16:49:23,186 [pool-147-thread-1] INFO  server.RaftServerConfigKeys (ConfUtils.java:logGet(44)) - raft.server.log.write.buffer.size = 64KB (=65536) (default)
2020-12-01 16:49:23,186 [pool-147-thread-1] INFO  server.RaftServerConfigKeys (ConfUtils.java:logGet(44)) - raft.server.log.force.sync.num = 128 (default)
2020-12-01 16:49:23,187 [pool-147-thread-1] INFO  server.RaftServerConfigKeys (ConfUtils.java:logGet(44)) - raft.server.log.statemachine.data.sync = true (default)
2020-12-01 16:49:23,187 [pool-147-thread-1] INFO  server.RaftServerConfigKeys (ConfUtils.java:logGet(44)) - raft.server.log.statemachine.data.sync.timeout = 10s (default)
2020-12-01 16:49:23,187 [pool-147-thread-1] INFO  server.RaftServerConfigKeys (ConfUtils.java:logGet(44)) - raft.server.log.statemachine.data.sync.timeout.retry = -1 (default)
2020-12-01 16:49:23,187 [pool-147-thread-1] INFO  server.RaftServerConfigKeys (ConfUtils.java:logGet(44)) - raft.server.log.statemachine.data.caching.enabled = false (default)
2020-12-01 16:49:23,188 [pool-147-thread-1] INFO  segmented.SegmentedRaftLogWorker (SegmentedRaftLogWorker.java:lambda$new$0(129)) - omNode-2@group-523986131536-SegmentedRaftLogWorker: flushIndex: setUnconditionally 0 -> -1
2020-12-01 16:49:23,188 [pool-147-thread-1] INFO  segmented.SegmentedRaftLogWorker (SegmentedRaftLogWorker.java:lambda$new$0(129)) - omNode-2@group-523986131536-SegmentedRaftLogWorker: safeCacheEvictIndex: setUnconditionally 0 -> -1
2020-12-01 16:49:23,189 [pool-147-thread-1] INFO  server.RaftServerConfigKeys (ConfUtils.java:logGet(44)) - raft.server.snapshot.auto.trigger.enabled = true (custom)
2020-12-01 16:49:23,189 [pool-147-thread-1] INFO  server.RaftServerConfigKeys (ConfUtils.java:logGet(44)) - raft.server.snapshot.auto.trigger.threshold = 50 (custom)
2020-12-01 16:49:23,190 [pool-147-thread-1] INFO  server.RaftServerConfigKeys (ConfUtils.java:logGet(44)) - raft.server.snapshot.retention.file.num = -1 (default)
2020-12-01 16:49:23,190 [pool-147-thread-1] INFO  server.RaftServerConfigKeys (ConfUtils.java:logGet(44)) - raft.server.log.purge.upto.snapshot.index = true (custom)
2020-12-01 16:49:23,190 [pool-147-thread-1] INFO  server.RaftServerConfigKeys (ConfUtils.java:logGet(44)) - raft.server.retrycache.expirytime = 600000ms (custom)
2020-12-01 16:49:23,190 [pool-147-thread-1] INFO  metrics.RatisMetrics (RatisMetrics.java:lambda$create$0(36)) - Creating Metrics Registry : ratis.leader_election.omNode-2@group-523986131536
2020-12-01 16:49:23,190 [pool-147-thread-1] INFO  metrics.RatisMetrics (RatisMetrics.java:lambda$create$0(36)) - Creating Metrics Registry : ratis.server.omNode-2@group-523986131536
2020-12-01 16:49:23,194 [Listener at 127.0.0.1/10350] INFO  impl.RaftServerImpl (RaftServerImpl.java:start(215)) - omNode-2@group-523986131536: start as a follower, conf=-1: [omNode-3|rpc:localhost:10360, omNode-1|rpc:localhost:10348, omNode-2|rpc:localhost:10354], old=null
2020-12-01 16:49:23,194 [Listener at 127.0.0.1/10350] INFO  impl.RaftServerImpl (RaftServerImpl.java:setRole(204)) - omNode-2@group-523986131536: changes role from      null to FOLLOWER at term 0 for startAsFollower
2020-12-01 16:49:23,194 [Listener at 127.0.0.1/10350] INFO  impl.RoleInfo (RoleInfo.java:updateAndGet(143)) - omNode-2: start omNode-2@group-523986131536-FollowerState
2020-12-01 16:49:23,195 [Listener at 127.0.0.1/10350] INFO  util.JmxRegister (JmxRegister.java:tryRegister(44)) - Successfully registered JMX Bean with object name Ratis:service=RaftServer,group=group-523986131536,id=omNode-2
2020-12-01 16:49:23,195 [Listener at 127.0.0.1/10350] INFO  metrics.RatisMetrics (RatisMetrics.java:lambda$create$0(36)) - Creating Metrics Registry : ratis.state_machine.omNode-2@group-523986131536
2020-12-01 16:49:23,196 [Listener at 127.0.0.1/10350] INFO  impl.RaftServerProxy (RaftServerProxy.java:lambda$start$3(321)) - omNode-2: start RPC server
2020-12-01 16:49:23,197 [Listener at 127.0.0.1/10350] INFO  server.GrpcService (GrpcService.java:startImpl(177)) - omNode-2: GrpcService started, listening on 0.0.0.0/0.0.0.0:10354
2020-12-01 16:49:23,198 [org.apache.ratis.server.JvmPauseMonitor@38121249-Monitor] INFO  server.RaftServerConfigKeys (ConfUtils.java:logGet(44)) - raft.server.leaderelection.leader.step-down.wait-time = 10s (default)
2020-12-01 16:49:23,198 [org.apache.ratis.server.JvmPauseMonitor@38121249-Monitor] INFO  server.RaftServerConfigKeys (ConfUtils.java:logGet(44)) - raft.server.rpc.slowness.timeout = 2s (custom)
2020-12-01 16:49:23,198 [org.apache.ratis.server.JvmPauseMonitor@38121249-Monitor] INFO  server.JvmPauseMonitor (JvmPauseMonitor.java:run(129)) - Starting Ratis JVM pause monitor
2020-12-01 16:49:23,202 [Listener at 127.0.0.1/10350] INFO  http.BaseHttpServer (BaseHttpServer.java:newHttpServer2BuilderForOzone(207)) - Starting Web-server for ozoneManager at: http://0.0.0.0:10352
2020-12-01 16:49:23,202 [Listener at 127.0.0.1/10350] INFO  http.BaseHttpServer (BaseHttpServer.java:<init>(106)) - Hadoop Security Enabled: false Ozone Security Enabled: false Ozone HTTP Security Enabled: false 
2020-12-01 16:49:23,204 [Listener at 127.0.0.1/10350] INFO  server.AuthenticationFilter (AuthenticationFilter.java:constructSecretProvider(240)) - Unable to initialize FileSignerSecretProvider, falling back to use random secrets.
2020-12-01 16:49:23,204 [Listener at 127.0.0.1/10350] WARN  http.HttpRequestLog (HttpRequestLog.java:getRequestLog(103)) - Jetty request log can only be enabled using Log4j
2020-12-01 16:49:23,205 [Listener at 127.0.0.1/10350] INFO  http.HttpServer2 (HttpServer2.java:addGlobalFilter(1019)) - Added global filter 'safety' (class=org.apache.hadoop.hdds.server.http.HttpServer2$QuotingInputFilter)
2020-12-01 16:49:23,206 [Listener at 127.0.0.1/10350] INFO  http.HttpServer2 (HttpServer2.java:addFilter(995)) - Added filter static_user_filter (class=org.apache.hadoop.http.lib.StaticUserWebFilter$StaticUserFilter) to context ozoneManager
2020-12-01 16:49:23,206 [Listener at 127.0.0.1/10350] INFO  http.HttpServer2 (HttpServer2.java:addFilter(1003)) - Added filter static_user_filter (class=org.apache.hadoop.http.lib.StaticUserWebFilter$StaticUserFilter) to context logs
2020-12-01 16:49:23,206 [Listener at 127.0.0.1/10350] INFO  http.HttpServer2 (HttpServer2.java:addFilter(1003)) - Added filter static_user_filter (class=org.apache.hadoop.http.lib.StaticUserWebFilter$StaticUserFilter) to context static
2020-12-01 16:49:23,207 [Listener at 127.0.0.1/10350] INFO  http.HttpServer2 (HttpServer2.java:bindListener(1237)) - Jetty bound to port 10352
2020-12-01 16:49:23,207 [Listener at 127.0.0.1/10350] INFO  server.Server (Server.java:doStart(375)) - jetty-9.4.34.v20201102; built: 2020-11-02T14:15:39.302Z; git: e46af88704a893fc12cb0e3bf46e2c7b48a009e7; jvm 1.8.0_232-b09
2020-12-01 16:49:23,208 [Listener at 127.0.0.1/10350] INFO  server.session (DefaultSessionIdManager.java:doStart(334)) - DefaultSessionIdManager workerName=node0
2020-12-01 16:49:23,208 [Listener at 127.0.0.1/10350] INFO  server.session (DefaultSessionIdManager.java:doStart(339)) - No SessionScavenger set, using defaults
2020-12-01 16:49:23,209 [Listener at 127.0.0.1/10350] INFO  server.session (HouseKeeper.java:startScavenging(132)) - node0 Scavenging every 600000ms
2020-12-01 16:49:23,209 [Listener at 127.0.0.1/10350] INFO  handler.ContextHandler (ContextHandler.java:doStart(916)) - Started o.e.j.s.ServletContextHandler@16537646{logs,/logs,file:///github/workspace/mnt/ozone/hadoop-ozone/integration-test/target/log,AVAILABLE}
2020-12-01 16:49:23,210 [Listener at 127.0.0.1/10350] INFO  handler.ContextHandler (ContextHandler.java:doStart(916)) - Started o.e.j.s.ServletContextHandler@78137bfb{static,/static,file:///github/workspace/mnt/ozone/hadoop-ozone/integration-test/target/test-classes/webapps/static,AVAILABLE}
2020-12-01 16:49:23,213 [Listener at 127.0.0.1/10350] INFO  handler.ContextHandler (ContextHandler.java:doStart(916)) - Started o.e.j.w.WebAppContext@37a0fb80{ozoneManager,/,file:///github/workspace/mnt/ozone/hadoop-ozone/integration-test/target/test-classes/webapps/ozoneManager/,AVAILABLE}{file:/github/workspace/mnt/ozone/hadoop-ozone/integration-test/target/test-classes/webapps/ozoneManager}
2020-12-01 16:49:23,215 [Listener at 127.0.0.1/10350] INFO  server.AbstractConnector (AbstractConnector.java:doStart(331)) - Started ServerConnector@a33979e{HTTP/1.1, (http/1.1)}{0.0.0.0:10352}
2020-12-01 16:49:23,215 [Listener at 127.0.0.1/10350] INFO  server.Server (Server.java:doStart(415)) - Started @30516ms
2020-12-01 16:49:23,215 [Listener at 127.0.0.1/10350] WARN  impl.MetricsSystemImpl (MetricsSystemImpl.java:register(276)) - Sink prometheus already exists!
2020-12-01 16:49:23,218 [Listener at 127.0.0.1/10350] INFO  http.BaseHttpServer (BaseHttpServer.java:updateConnectorAddress(327)) - HTTP server of ozoneManager listening at http://0.0.0.0:10352
2020-12-01 16:49:23,218 [IPC Server Responder] INFO  ipc.Server (Server.java:run(1460)) - IPC Server Responder: starting
2020-12-01 16:49:23,222 [IPC Server listener on 10350] INFO  ipc.Server (Server.java:run(1298)) - IPC Server listener on 10350: starting
2020-12-01 16:49:23,232 [Listener at 127.0.0.1/10350] INFO  om.OzoneManager (OzoneManager.java:startTrashEmptier(1270)) - Trash Interval set to 0. Files deleted will not move to trash
2020-12-01 16:49:23,233 [Listener at 127.0.0.1/10350] INFO  ozone.MiniOzoneHAClusterImpl (MiniOzoneHAClusterImpl.java:createOMService(380)) - Started OzoneManager RPC server at localhost/127.0.0.1:10350
2020-12-01 16:49:23,233 [Listener at 127.0.0.1/10350] WARN  server.ServerUtils (ServerUtils.java:getDBPath(225)) - ozone.om.db.dirs is not configured. We recommend adding this setting. Falling back to ozone.metadata.dirs instead.
2020-12-01 16:49:23,234 [org.apache.hadoop.util.JvmPauseMonitor$Monitor@292d7d66] INFO  util.JvmPauseMonitor (JvmPauseMonitor.java:run(188)) - Starting JVM pause monitor
2020-12-01 16:49:23,234 [Listener at 127.0.0.1/10350] INFO  ha.OMHANodeDetails (OMHANodeDetails.java:loadOMHAConfig(110)) - ServiceID for OzoneManager is om-service-test1
2020-12-01 16:49:23,235 [Listener at 127.0.0.1/10350] INFO  ha.OMHANodeDetails (OMHANodeDetails.java:loadOMHAConfig(188)) - Found matching OM address with OMServiceId: om-service-test1, OMNodeId: omNode-3, RPC Address: localhost:10356 and Ratis port: 10360
2020-12-01 16:49:23,235 [Listener at 127.0.0.1/10350] INFO  ha.OMHANodeDetails (OMHANodeDetails.java:setOMNodeSpecificConfigs(314)) - Setting configuration key ozone.om.http-address with value of key ozone.om.http-address.omNode-3: 127.0.0.1:10358
2020-12-01 16:49:23,235 [Listener at 127.0.0.1/10350] INFO  ha.OMHANodeDetails (OMHANodeDetails.java:setOMNodeSpecificConfigs(314)) - Setting configuration key ozone.om.https-address with value of key ozone.om.https-address.omNode-3: 127.0.0.1:10359
2020-12-01 16:49:23,235 [Listener at 127.0.0.1/10350] INFO  ha.OMHANodeDetails (OMHANodeDetails.java:setOMNodeSpecificConfigs(314)) - Setting configuration key ozone.om.address with value of key ozone.om.address.omNode-3: 127.0.0.1:10356
2020-12-01 16:49:23,235 [Listener at 127.0.0.1/10350] WARN  server.ServerUtils (ServerUtils.java:getDBPath(225)) - ozone.om.db.dirs is not configured. We recommend adding this setting. Falling back to ozone.metadata.dirs instead.
2020-12-01 16:49:23,235 [Listener at 127.0.0.1/10350] WARN  server.ServerUtils (ServerUtils.java:getDBPath(225)) - ozone.om.db.dirs is not configured. We recommend adding this setting. Falling back to ozone.metadata.dirs instead.
2020-12-01 16:49:23,237 [Listener at 127.0.0.1/10350] WARN  server.ServerUtils (ServerUtils.java:getDBPath(225)) - ozone.om.db.dirs is not configured. We recommend adding this setting. Falling back to ozone.metadata.dirs instead.
2020-12-01 16:49:23,238 [Listener at 127.0.0.1/10350] INFO  codec.OmKeyInfoCodec (OmKeyInfoCodec.java:<init>(41)) - OmKeyInfoCodec ignorePipeline = true
2020-12-01 16:49:23,238 [Listener at 127.0.0.1/10350] INFO  codec.RepeatedOmKeyInfoCodec (RepeatedOmKeyInfoCodec.java:<init>(40)) - RepeatedOmKeyInfoCodec ignorePipeline = true
2020-12-01 16:49:23,289 [Listener at 127.0.0.1/10350] INFO  om.OzoneManager (OzoneManager.java:addS3GVolumeToDB(3737)) - Created Volume s3v With Owner jenkins1001 required for S3Gateway operations.
2020-12-01 16:49:23,289 [Listener at 127.0.0.1/10350] WARN  server.ServerUtils (ServerUtils.java:getDefaultRatisDirectory(237)) - Storage directory for Ratis is not configured. It is a good idea to map this to an SSD disk. Falling back to ozone.metadata.dirs
2020-12-01 16:49:23,290 [Listener at 127.0.0.1/10350] INFO  ratis.OzoneManagerRatisServer (OzoneManagerRatisServer.java:<init>(271)) - Instantiating OM Ratis server with GroupID: om-service-test1 and Raft Peers: localhost:10360, localhost:10348, localhost:10354
2020-12-01 16:49:23,290 [Listener at 127.0.0.1/10350] INFO  ratis.OzoneManagerStateMachine (OzoneManagerStateMachine.java:loadSnapshotInfoFromDB(518)) - LastAppliedIndex is set from TransactionInfo from OM DB as (t:0, i:~)
2020-12-01 16:49:23,290 [Listener at 127.0.0.1/10350] INFO  impl.RaftServerProxy (ConfUtils.java:logGet(44)) - raft.rpc.type = GRPC (default)
2020-12-01 16:49:23,290 [Listener at 127.0.0.1/10350] INFO  grpc.GrpcFactory (GrpcFactory.java:checkPooledByteBufAllocatorUseCacheForAllThreads(45)) - PERFORMANCE WARNING: useCacheForAllThreads is true that may cause Netty to create a lot garbage objects and, as a result, trigger GC.
	It is recommended to disable useCacheForAllThreads by setting -Dorg.apache.ratis.thirdparty.io.netty.allocator.useCacheForAllThreads=false in command line.
2020-12-01 16:49:23,290 [Listener at 127.0.0.1/10350] INFO  grpc.GrpcConfigKeys (ConfUtils.java:logGet(44)) - raft.grpc.server.port = 10360 (custom)
2020-12-01 16:49:23,291 [Listener at 127.0.0.1/10350] INFO  server.GrpcService (ConfUtils.java:logGet(44)) - raft.grpc.message.size.max = 33554432 (custom)
2020-12-01 16:49:23,291 [Listener at 127.0.0.1/10350] INFO  server.RaftServerConfigKeys (ConfUtils.java:logGet(44)) - raft.server.log.appender.buffer.byte-limit = 33554432 (custom)
2020-12-01 16:49:23,291 [Listener at 127.0.0.1/10350] INFO  server.GrpcService (ConfUtils.java:logGet(44)) - raft.grpc.flow.control.window = 1MB (=1048576) (default)
2020-12-01 16:49:23,291 [Listener at 127.0.0.1/10350] INFO  server.RaftServerConfigKeys (ConfUtils.java:logGet(44)) - raft.server.rpc.request.timeout = 3000ms (default)
2020-12-01 16:49:23,292 [Listener at 127.0.0.1/10350] INFO  impl.DataStreamServerImpl (ConfUtils.java:logGet(44)) - raft.datastream.type = DISABLED (default)
2020-12-01 16:49:23,292 [Listener at 127.0.0.1/10350] INFO  server.RaftServerConfigKeys (ConfUtils.java:logGet(44)) - raft.server.storage.dir = [/github/workspace/mnt/ozone/hadoop-ozone/integration-test/target/test-dir/MiniOzoneClusterImpl-6a576fb6-293f-471c-b07d-839007c369a6/omNode-3/ratis] (custom)
2020-12-01 16:49:23,293 [Listener at 127.0.0.1/10350] INFO  impl.RaftServerProxy (RaftServerProxy.java:addNew(93)) - omNode-3: addNew group-523986131536:[omNode-3|rpc:localhost:10360, omNode-1|rpc:localhost:10348, omNode-2|rpc:localhost:10354] returns group-523986131536:java.util.concurrent.CompletableFuture@3edf0a3c[Not completed]
2020-12-01 16:49:23,293 [pool-162-thread-1] INFO  impl.RaftServerImpl (RaftServerImpl.java:<init>(121)) - omNode-3: new RaftServerImpl for group-523986131536:[omNode-3|rpc:localhost:10360, omNode-1|rpc:localhost:10348, omNode-2|rpc:localhost:10354] with OzoneManagerStateMachine:uninitialized
2020-12-01 16:49:23,293 [Listener at 127.0.0.1/10350] INFO  om.OzoneManager (OzoneManager.java:initializeRatisServer(1337)) - OzoneManager Ratis server initialized at port 10360
2020-12-01 16:49:23,293 [Listener at 127.0.0.1/10350] WARN  server.ServerUtils (ServerUtils.java:getDefaultRatisDirectory(237)) - Storage directory for Ratis is not configured. It is a good idea to map this to an SSD disk. Falling back to ozone.metadata.dirs
2020-12-01 16:49:23,293 [Listener at 127.0.0.1/10350] WARN  server.ServerUtils (ServerUtils.java:getDefaultRatisDirectory(237)) - Storage directory for Ratis is not configured. It is a good idea to map this to an SSD disk. Falling back to ozone.metadata.dirs
2020-12-01 16:49:23,293 [Listener at 127.0.0.1/10350] INFO  snapshot.OzoneManagerSnapshotProvider (OzoneManagerSnapshotProvider.java:<init>(77)) - Initializing OM Snapshot Provider
2020-12-01 16:49:23,295 [Listener at 127.0.0.1/10350] INFO  ipc.CallQueueManager (CallQueueManager.java:<init>(84)) - Using callQueue: class java.util.concurrent.LinkedBlockingQueue, queueCapacity: 2000, scheduler: class org.apache.hadoop.ipc.DefaultRpcScheduler, ipcBackoff: false.
2020-12-01 16:49:23,300 [pool-162-thread-1] INFO  server.RaftServerConfigKeys (ConfUtils.java:logGet(44)) - raft.server.rpc.timeout.min = 1s (custom)
2020-12-01 16:49:23,300 [pool-162-thread-1] INFO  server.RaftServerConfigKeys (ConfUtils.java:logGet(44)) - raft.server.rpc.timeout.max = 1200ms (custom)
2020-12-01 16:49:23,300 [pool-162-thread-1] INFO  server.RaftServerConfigKeys (ConfUtils.java:logGet(44)) - raft.server.rpc.slowness.timeout = 2s (custom)
2020-12-01 16:49:23,300 [pool-162-thread-1] INFO  server.RaftServerConfigKeys (ConfUtils.java:logGet(44)) - raft.server.leaderelection.leader.step-down.wait-time = 10s (default)
2020-12-01 16:49:23,300 [pool-162-thread-1] INFO  server.RaftServerConfigKeys (ConfUtils.java:logGet(44)) - raft.server.sleep.deviation.threshold = 300 (default)
2020-12-01 16:49:23,300 [pool-162-thread-1] INFO  server.RaftServerConfigKeys (ConfUtils.java:logGet(44)) - raft.server.log.appender.install.snapshot.enabled = false (custom)
2020-12-01 16:49:23,300 [pool-162-thread-1] INFO  impl.RaftServerImpl (ServerState.java:<init>(104)) - omNode-3@group-523986131536: ConfigurationManager, init=-1: [omNode-3|rpc:localhost:10360, omNode-1|rpc:localhost:10348, omNode-2|rpc:localhost:10354], old=null, confs=<EMPTY_MAP>
2020-12-01 16:49:23,300 [pool-162-thread-1] INFO  server.RaftServerConfigKeys (ConfUtils.java:logGet(44)) - raft.server.storage.dir = [/github/workspace/mnt/ozone/hadoop-ozone/integration-test/target/test-dir/MiniOzoneClusterImpl-6a576fb6-293f-471c-b07d-839007c369a6/omNode-3/ratis] (custom)
2020-12-01 16:49:23,300 [pool-162-thread-1] INFO  server.RaftServerConfigKeys (ConfUtils.java:logGet(44)) - raft.server.log.corruption.policy = EXCEPTION (default)
2020-12-01 16:49:23,300 [pool-162-thread-1] INFO  storage.RaftStorageDirectory (RaftStorageDirectory.java:analyzeStorage(261)) - The storage directory /github/workspace/mnt/ozone/hadoop-ozone/integration-test/target/test-dir/MiniOzoneClusterImpl-6a576fb6-293f-471c-b07d-839007c369a6/omNode-3/ratis/c9bc4cf4-3bc3-3c60-a66b-523986131536 does not exist. Creating ...
2020-12-01 16:49:23,300 [Socket Reader #1 for port 10356] INFO  ipc.Server (Server.java:run(1219)) - Starting Socket Reader #1 for port 10356
2020-12-01 16:49:23,314 [pool-162-thread-1] INFO  storage.RaftStorageDirectory (RaftStorageDirectory.java:tryLock(343)) - Lock on /github/workspace/mnt/ozone/hadoop-ozone/integration-test/target/test-dir/MiniOzoneClusterImpl-6a576fb6-293f-471c-b07d-839007c369a6/omNode-3/ratis/c9bc4cf4-3bc3-3c60-a66b-523986131536/in_use.lock acquired by nodename 1352@78fb6e686183
2020-12-01 16:49:23,315 [pool-162-thread-1] INFO  storage.RaftStorage (RaftStorage.java:format(85)) - Storage directory /github/workspace/mnt/ozone/hadoop-ozone/integration-test/target/test-dir/MiniOzoneClusterImpl-6a576fb6-293f-471c-b07d-839007c369a6/omNode-3/ratis/c9bc4cf4-3bc3-3c60-a66b-523986131536 has been successfully formatted.
2020-12-01 16:49:23,315 [pool-162-thread-1] INFO  server.RaftServerConfigKeys (ConfUtils.java:logGet(44)) - raft.server.notification.no-leader.timeout = 2s (custom)
2020-12-01 16:49:23,315 [pool-162-thread-1] INFO  server.RaftServerConfigKeys (ConfUtils.java:logGet(44)) - raft.server.log.use.memory = false (default)
2020-12-01 16:49:23,315 [pool-162-thread-1] INFO  server.RaftServerConfigKeys (ConfUtils.java:logGet(44)) - raft.server.log.purge.gap = 50 (custom)
2020-12-01 16:49:23,316 [pool-162-thread-1] INFO  metrics.RatisMetrics (RatisMetrics.java:lambda$create$0(36)) - Creating Metrics Registry : ratis.log_worker.omNode-3@group-523986131536
2020-12-01 16:49:23,316 [pool-162-thread-1] INFO  server.RaftServerConfigKeys (ConfUtils.java:logGet(44)) - raft.server.log.appender.buffer.byte-limit = 33554432 (custom)
2020-12-01 16:49:23,316 [pool-162-thread-1] INFO  server.RaftServerConfigKeys (ConfUtils.java:logGet(44)) - raft.server.log.segment.size.max = 4194304 (custom)
2020-12-01 16:49:23,316 [pool-162-thread-1] INFO  server.RaftServerConfigKeys (ConfUtils.java:logGet(44)) - raft.server.log.segment.cache.num.max = 2 (custom)
2020-12-01 16:49:23,316 [pool-162-thread-1] INFO  segmented.SegmentedRaftLogWorker (SegmentedRaftLogWorker.java:<init>(180)) - new omNode-3@group-523986131536-SegmentedRaftLogWorker for RaftStorage:Storage Directory /github/workspace/mnt/ozone/hadoop-ozone/integration-test/target/test-dir/MiniOzoneClusterImpl-6a576fb6-293f-471c-b07d-839007c369a6/omNode-3/ratis/c9bc4cf4-3bc3-3c60-a66b-523986131536
2020-12-01 16:49:23,316 [pool-162-thread-1] INFO  server.RaftServerConfigKeys (ConfUtils.java:logGet(44)) - raft.server.log.queue.byte-limit = 64MB (=67108864) (default)
2020-12-01 16:49:23,316 [pool-162-thread-1] INFO  server.RaftServerConfigKeys (ConfUtils.java:logGet(44)) - raft.server.log.queue.element-limit = 4096 (default)
2020-12-01 16:49:23,316 [pool-162-thread-1] INFO  server.RaftServerConfigKeys (ConfUtils.java:logGet(44)) - raft.server.log.segment.size.max = 4194304 (custom)
2020-12-01 16:49:23,317 [pool-162-thread-1] INFO  server.RaftServerConfigKeys (ConfUtils.java:logGet(44)) - raft.server.log.preallocated.size = 4194304 (custom)
2020-12-01 16:49:23,317 [pool-162-thread-1] INFO  server.RaftServerConfigKeys (ConfUtils.java:logGet(44)) - raft.server.log.write.buffer.size = 64KB (=65536) (default)
2020-12-01 16:49:23,317 [pool-162-thread-1] INFO  server.RaftServerConfigKeys (ConfUtils.java:logGet(44)) - raft.server.log.force.sync.num = 128 (default)
2020-12-01 16:49:23,317 [pool-162-thread-1] INFO  server.RaftServerConfigKeys (ConfUtils.java:logGet(44)) - raft.server.log.statemachine.data.sync = true (default)
2020-12-01 16:49:23,317 [pool-162-thread-1] INFO  server.RaftServerConfigKeys (ConfUtils.java:logGet(44)) - raft.server.log.statemachine.data.sync.timeout = 10s (default)
2020-12-01 16:49:23,317 [pool-162-thread-1] INFO  server.RaftServerConfigKeys (ConfUtils.java:logGet(44)) - raft.server.log.statemachine.data.sync.timeout.retry = -1 (default)
2020-12-01 16:49:23,318 [pool-162-thread-1] INFO  server.RaftServerConfigKeys (ConfUtils.java:logGet(44)) - raft.server.log.statemachine.data.caching.enabled = false (default)
2020-12-01 16:49:23,318 [pool-162-thread-1] INFO  segmented.SegmentedRaftLogWorker (SegmentedRaftLogWorker.java:lambda$new$0(129)) - omNode-3@group-523986131536-SegmentedRaftLogWorker: flushIndex: setUnconditionally 0 -> -1
2020-12-01 16:49:23,318 [pool-162-thread-1] INFO  segmented.SegmentedRaftLogWorker (SegmentedRaftLogWorker.java:lambda$new$0(129)) - omNode-3@group-523986131536-SegmentedRaftLogWorker: safeCacheEvictIndex: setUnconditionally 0 -> -1
2020-12-01 16:49:23,321 [Listener at 127.0.0.1/10356] INFO  impl.MetricsSystemImpl (MetricsSystemImpl.java:init(158)) - OzoneManager metrics system started (again)
2020-12-01 16:49:23,322 [pool-162-thread-1] INFO  server.RaftServerConfigKeys (ConfUtils.java:logGet(44)) - raft.server.snapshot.auto.trigger.enabled = true (custom)
2020-12-01 16:49:23,322 [pool-162-thread-1] INFO  server.RaftServerConfigKeys (ConfUtils.java:logGet(44)) - raft.server.snapshot.auto.trigger.threshold = 50 (custom)
2020-12-01 16:49:23,322 [pool-162-thread-1] INFO  server.RaftServerConfigKeys (ConfUtils.java:logGet(44)) - raft.server.snapshot.retention.file.num = -1 (default)
2020-12-01 16:49:23,322 [pool-162-thread-1] INFO  server.RaftServerConfigKeys (ConfUtils.java:logGet(44)) - raft.server.log.purge.upto.snapshot.index = true (custom)
2020-12-01 16:49:23,322 [pool-162-thread-1] INFO  server.RaftServerConfigKeys (ConfUtils.java:logGet(44)) - raft.server.retrycache.expirytime = 600000ms (custom)
2020-12-01 16:49:23,322 [pool-162-thread-1] INFO  metrics.RatisMetrics (RatisMetrics.java:lambda$create$0(36)) - Creating Metrics Registry : ratis.leader_election.omNode-3@group-523986131536
2020-12-01 16:49:23,322 [pool-162-thread-1] INFO  metrics.RatisMetrics (RatisMetrics.java:lambda$create$0(36)) - Creating Metrics Registry : ratis.server.omNode-3@group-523986131536
2020-12-01 16:49:23,324 [Listener at 127.0.0.1/10356] INFO  om.OzoneManager (OzoneManager.java:start(1145)) - OzoneManager RPC server is listening at localhost/127.0.0.1:10356
2020-12-01 16:49:23,324 [Listener at 127.0.0.1/10356] INFO  ratis.OzoneManagerRatisServer (OzoneManagerRatisServer.java:start(368)) - Starting OzoneManagerRatisServer omNode-3 at port 10360
2020-12-01 16:49:23,325 [Listener at 127.0.0.1/10356] INFO  impl.RaftServerImpl (RaftServerImpl.java:start(215)) - omNode-3@group-523986131536: start as a follower, conf=-1: [omNode-3|rpc:localhost:10360, omNode-1|rpc:localhost:10348, omNode-2|rpc:localhost:10354], old=null
2020-12-01 16:49:23,325 [Listener at 127.0.0.1/10356] INFO  impl.RaftServerImpl (RaftServerImpl.java:setRole(204)) - omNode-3@group-523986131536: changes role from      null to FOLLOWER at term 0 for startAsFollower
2020-12-01 16:49:23,325 [Listener at 127.0.0.1/10356] INFO  impl.RoleInfo (RoleInfo.java:updateAndGet(143)) - omNode-3: start omNode-3@group-523986131536-FollowerState
2020-12-01 16:49:23,325 [Listener at 127.0.0.1/10356] INFO  util.JmxRegister (JmxRegister.java:tryRegister(44)) - Successfully registered JMX Bean with object name Ratis:service=RaftServer,group=group-523986131536,id=omNode-3
2020-12-01 16:49:23,325 [Listener at 127.0.0.1/10356] INFO  metrics.RatisMetrics (RatisMetrics.java:lambda$create$0(36)) - Creating Metrics Registry : ratis.state_machine.omNode-3@group-523986131536
2020-12-01 16:49:23,330 [Listener at 127.0.0.1/10356] INFO  impl.RaftServerProxy (RaftServerProxy.java:lambda$start$3(321)) - omNode-3: start RPC server
2020-12-01 16:49:23,334 [Listener at 127.0.0.1/10356] INFO  server.GrpcService (GrpcService.java:startImpl(177)) - omNode-3: GrpcService started, listening on 0.0.0.0/0.0.0.0:10360
2020-12-01 16:49:23,335 [org.apache.ratis.server.JvmPauseMonitor@752ed80c-Monitor] INFO  server.RaftServerConfigKeys (ConfUtils.java:logGet(44)) - raft.server.leaderelection.leader.step-down.wait-time = 10s (default)
2020-12-01 16:49:23,335 [org.apache.ratis.server.JvmPauseMonitor@752ed80c-Monitor] INFO  server.RaftServerConfigKeys (ConfUtils.java:logGet(44)) - raft.server.rpc.slowness.timeout = 2s (custom)
2020-12-01 16:49:23,335 [org.apache.ratis.server.JvmPauseMonitor@752ed80c-Monitor] INFO  server.JvmPauseMonitor (JvmPauseMonitor.java:run(129)) - Starting Ratis JVM pause monitor
2020-12-01 16:49:23,340 [Listener at 127.0.0.1/10356] INFO  http.BaseHttpServer (BaseHttpServer.java:newHttpServer2BuilderForOzone(207)) - Starting Web-server for ozoneManager at: http://0.0.0.0:10358
2020-12-01 16:49:23,340 [Listener at 127.0.0.1/10356] INFO  http.BaseHttpServer (BaseHttpServer.java:<init>(106)) - Hadoop Security Enabled: false Ozone Security Enabled: false Ozone HTTP Security Enabled: false 
2020-12-01 16:49:23,341 [Listener at 127.0.0.1/10356] INFO  server.AuthenticationFilter (AuthenticationFilter.java:constructSecretProvider(240)) - Unable to initialize FileSignerSecretProvider, falling back to use random secrets.
2020-12-01 16:49:23,342 [Listener at 127.0.0.1/10356] WARN  http.HttpRequestLog (HttpRequestLog.java:getRequestLog(103)) - Jetty request log can only be enabled using Log4j
2020-12-01 16:49:23,342 [Listener at 127.0.0.1/10356] INFO  http.HttpServer2 (HttpServer2.java:addGlobalFilter(1019)) - Added global filter 'safety' (class=org.apache.hadoop.hdds.server.http.HttpServer2$QuotingInputFilter)
2020-12-01 16:49:23,343 [Listener at 127.0.0.1/10356] INFO  http.HttpServer2 (HttpServer2.java:addFilter(995)) - Added filter static_user_filter (class=org.apache.hadoop.http.lib.StaticUserWebFilter$StaticUserFilter) to context ozoneManager
2020-12-01 16:49:23,343 [Listener at 127.0.0.1/10356] INFO  http.HttpServer2 (HttpServer2.java:addFilter(1003)) - Added filter static_user_filter (class=org.apache.hadoop.http.lib.StaticUserWebFilter$StaticUserFilter) to context static
2020-12-01 16:49:23,343 [Listener at 127.0.0.1/10356] INFO  http.HttpServer2 (HttpServer2.java:addFilter(1003)) - Added filter static_user_filter (class=org.apache.hadoop.http.lib.StaticUserWebFilter$StaticUserFilter) to context logs
2020-12-01 16:49:23,344 [Listener at 127.0.0.1/10356] INFO  http.HttpServer2 (HttpServer2.java:bindListener(1237)) - Jetty bound to port 10358
2020-12-01 16:49:23,344 [Listener at 127.0.0.1/10356] INFO  server.Server (Server.java:doStart(375)) - jetty-9.4.34.v20201102; built: 2020-11-02T14:15:39.302Z; git: e46af88704a893fc12cb0e3bf46e2c7b48a009e7; jvm 1.8.0_232-b09
2020-12-01 16:49:23,347 [Listener at 127.0.0.1/10356] INFO  server.session (DefaultSessionIdManager.java:doStart(334)) - DefaultSessionIdManager workerName=node0
2020-12-01 16:49:23,347 [Listener at 127.0.0.1/10356] INFO  server.session (DefaultSessionIdManager.java:doStart(339)) - No SessionScavenger set, using defaults
2020-12-01 16:49:23,347 [Listener at 127.0.0.1/10356] INFO  server.session (HouseKeeper.java:startScavenging(132)) - node0 Scavenging every 600000ms
2020-12-01 16:49:23,348 [Listener at 127.0.0.1/10356] INFO  handler.ContextHandler (ContextHandler.java:doStart(916)) - Started o.e.j.s.ServletContextHandler@75ab95d1{logs,/logs,file:///github/workspace/mnt/ozone/hadoop-ozone/integration-test/target/log,AVAILABLE}
2020-12-01 16:49:23,348 [Listener at 127.0.0.1/10356] INFO  handler.ContextHandler (ContextHandler.java:doStart(916)) - Started o.e.j.s.ServletContextHandler@1ccf8fbf{static,/static,file:///github/workspace/mnt/ozone/hadoop-ozone/integration-test/target/test-classes/webapps/static,AVAILABLE}
2020-12-01 16:49:23,351 [Listener at 127.0.0.1/10356] INFO  handler.ContextHandler (ContextHandler.java:doStart(916)) - Started o.e.j.w.WebAppContext@3517b78b{ozoneManager,/,file:///github/workspace/mnt/ozone/hadoop-ozone/integration-test/target/test-classes/webapps/ozoneManager/,AVAILABLE}{file:/github/workspace/mnt/ozone/hadoop-ozone/integration-test/target/test-classes/webapps/ozoneManager}
2020-12-01 16:49:23,352 [Listener at 127.0.0.1/10356] INFO  server.AbstractConnector (AbstractConnector.java:doStart(331)) - Started ServerConnector@447f8fb9{HTTP/1.1, (http/1.1)}{0.0.0.0:10358}
2020-12-01 16:49:23,354 [Listener at 127.0.0.1/10356] INFO  server.Server (Server.java:doStart(415)) - Started @30655ms
2020-12-01 16:49:23,354 [Listener at 127.0.0.1/10356] WARN  impl.MetricsSystemImpl (MetricsSystemImpl.java:register(276)) - Sink prometheus already exists!
2020-12-01 16:49:23,357 [Listener at 127.0.0.1/10356] INFO  http.BaseHttpServer (BaseHttpServer.java:updateConnectorAddress(327)) - HTTP server of ozoneManager listening at http://0.0.0.0:10358
2020-12-01 16:49:23,357 [IPC Server Responder] INFO  ipc.Server (Server.java:run(1460)) - IPC Server Responder: starting
2020-12-01 16:49:23,357 [IPC Server listener on 10356] INFO  ipc.Server (Server.java:run(1298)) - IPC Server listener on 10356: starting
2020-12-01 16:49:23,360 [Listener at 127.0.0.1/10356] INFO  om.OzoneManager (OzoneManager.java:startTrashEmptier(1270)) - Trash Interval set to 0. Files deleted will not move to trash
2020-12-01 16:49:23,362 [Listener at 127.0.0.1/10356] INFO  ozone.MiniOzoneHAClusterImpl (MiniOzoneHAClusterImpl.java:createOMService(380)) - Started OzoneManager RPC server at localhost/127.0.0.1:10356
2020-12-01 16:49:23,372 [org.apache.hadoop.util.JvmPauseMonitor$Monitor@337528bc] INFO  util.JvmPauseMonitor (JvmPauseMonitor.java:run(188)) - Starting JVM pause monitor
2020-12-01 16:49:23,377 [Listener at 127.0.0.1/10356] INFO  impl.MetricsSystemImpl (MetricsSystemImpl.java:init(158)) - HddsDatanode metrics system started (again)
2020-12-01 16:49:23,379 [Listener at 127.0.0.1/10356] INFO  ozone.HddsDatanodeService (HddsDatanodeService.java:start(217)) - HddsDatanodeService host:78fb6e686183 ip:172.17.0.2
2020-12-01 16:49:23,381 [Listener at 127.0.0.1/10356] INFO  volume.HddsVolume (HddsVolume.java:<init>(176)) - Creating Volume: /github/workspace/mnt/ozone/hadoop-ozone/integration-test/target/test-dir/MiniOzoneClusterImpl-6a576fb6-293f-471c-b07d-839007c369a6/datanode-0/data-0/containers/hdds of storage type : DISK and capacity : 9223372036854775807
2020-12-01 16:49:23,382 [Listener at 127.0.0.1/10356] INFO  volume.MutableVolumeSet (MutableVolumeSet.java:initializeVolumeSet(179)) - Added Volume : /github/workspace/mnt/ozone/hadoop-ozone/integration-test/target/test-dir/MiniOzoneClusterImpl-6a576fb6-293f-471c-b07d-839007c369a6/datanode-0/data-0/containers/hdds to VolumeSet
2020-12-01 16:49:23,382 [Listener at 127.0.0.1/10356] INFO  volume.ThrottledAsyncChecker (ThrottledAsyncChecker.java:schedule(141)) - Scheduling a check for /github/workspace/mnt/ozone/hadoop-ozone/integration-test/target/test-dir/MiniOzoneClusterImpl-6a576fb6-293f-471c-b07d-839007c369a6/datanode-0/data-0/containers/hdds
2020-12-01 16:49:23,384 [Listener at 127.0.0.1/10356] INFO  volume.HddsVolumeChecker (HddsVolumeChecker.java:checkAllVolumes(200)) - Scheduled health check for volume /github/workspace/mnt/ozone/hadoop-ozone/integration-test/target/test-dir/MiniOzoneClusterImpl-6a576fb6-293f-471c-b07d-839007c369a6/datanode-0/data-0/containers/hdds
2020-12-01 16:49:23,398 [Thread-609] INFO  ozoneimpl.ContainerReader (ContainerReader.java:readVolume(123)) - Start to verify containers on volume /github/workspace/mnt/ozone/hadoop-ozone/integration-test/target/test-dir/MiniOzoneClusterImpl-6a576fb6-293f-471c-b07d-839007c369a6/datanode-0/data-0/containers/hdds
2020-12-01 16:49:23,398 [Thread-609] INFO  ozoneimpl.ContainerReader (ContainerReader.java:readVolume(148)) - Finish verifying containers on volume /github/workspace/mnt/ozone/hadoop-ozone/integration-test/target/test-dir/MiniOzoneClusterImpl-6a576fb6-293f-471c-b07d-839007c369a6/datanode-0/data-0/containers/hdds
2020-12-01 16:49:23,398 [Listener at 127.0.0.1/10356] INFO  ozoneimpl.OzoneContainer (OzoneContainer.java:buildContainerSet(194)) - Build ContainerSet costs 0s
2020-12-01 16:49:23,400 [Listener at 127.0.0.1/10356] INFO  impl.RaftServerProxy (ConfUtils.java:logGet(44)) - raft.rpc.type = GRPC (default)
2020-12-01 16:49:23,401 [Listener at 127.0.0.1/10356] INFO  grpc.GrpcFactory (GrpcFactory.java:checkPooledByteBufAllocatorUseCacheForAllThreads(45)) - PERFORMANCE WARNING: useCacheForAllThreads is true that may cause Netty to create a lot garbage objects and, as a result, trigger GC.
	It is recommended to disable useCacheForAllThreads by setting -Dorg.apache.ratis.thirdparty.io.netty.allocator.useCacheForAllThreads=false in command line.
2020-12-01 16:49:23,401 [Listener at 127.0.0.1/10356] INFO  grpc.GrpcConfigKeys (ConfUtils.java:logGet(44)) - raft.grpc.server.port = 0 (default)
2020-12-01 16:49:23,401 [Listener at 127.0.0.1/10356] INFO  server.GrpcService (ConfUtils.java:logGet(44)) - raft.grpc.message.size.max = 32MB (=33554432) (custom)
2020-12-01 16:49:23,401 [Listener at 127.0.0.1/10356] INFO  server.RaftServerConfigKeys (ConfUtils.java:logGet(44)) - raft.server.log.appender.buffer.byte-limit = 33554432 (custom)
2020-12-01 16:49:23,401 [Listener at 127.0.0.1/10356] INFO  server.GrpcService (ConfUtils.java:logGet(44)) - raft.grpc.flow.control.window = 5MB (=5242880) (custom)
2020-12-01 16:49:23,401 [Listener at 127.0.0.1/10356] INFO  server.RaftServerConfigKeys (ConfUtils.java:logGet(44)) - raft.server.rpc.request.timeout = 60s (custom)
2020-12-01 16:49:23,402 [Listener at 127.0.0.1/10356] INFO  impl.DataStreamServerImpl (ConfUtils.java:logGet(44)) - raft.datastream.type = DISABLED (default)
2020-12-01 16:49:23,402 [Listener at 127.0.0.1/10356] INFO  server.RaftServerConfigKeys (ConfUtils.java:logGet(44)) - raft.server.storage.dir = [/github/workspace/mnt/ozone/hadoop-ozone/integration-test/target/test-dir/MiniOzoneClusterImpl-6a576fb6-293f-471c-b07d-839007c369a6/datanode-0/data/ratis] (custom)
2020-12-01 16:49:23,407 [Listener at 127.0.0.1/10356] INFO  http.BaseHttpServer (BaseHttpServer.java:newHttpServer2BuilderForOzone(207)) - Starting Web-server for hddsDatanode at: http://0.0.0.0:0
2020-12-01 16:49:23,407 [Listener at 127.0.0.1/10356] INFO  http.BaseHttpServer (BaseHttpServer.java:<init>(106)) - Hadoop Security Enabled: false Ozone Security Enabled: false Ozone HTTP Security Enabled: false 
2020-12-01 16:49:23,408 [Listener at 127.0.0.1/10356] INFO  server.AuthenticationFilter (AuthenticationFilter.java:constructSecretProvider(240)) - Unable to initialize FileSignerSecretProvider, falling back to use random secrets.
2020-12-01 16:49:23,408 [Listener at 127.0.0.1/10356] WARN  http.HttpRequestLog (HttpRequestLog.java:getRequestLog(103)) - Jetty request log can only be enabled using Log4j
2020-12-01 16:49:23,409 [Listener at 127.0.0.1/10356] INFO  http.HttpServer2 (HttpServer2.java:addGlobalFilter(1019)) - Added global filter 'safety' (class=org.apache.hadoop.hdds.server.http.HttpServer2$QuotingInputFilter)
2020-12-01 16:49:23,410 [Listener at 127.0.0.1/10356] INFO  http.HttpServer2 (HttpServer2.java:addFilter(995)) - Added filter static_user_filter (class=org.apache.hadoop.http.lib.StaticUserWebFilter$StaticUserFilter) to context hddsDatanode
2020-12-01 16:49:23,410 [Listener at 127.0.0.1/10356] INFO  http.HttpServer2 (HttpServer2.java:addFilter(1003)) - Added filter static_user_filter (class=org.apache.hadoop.http.lib.StaticUserWebFilter$StaticUserFilter) to context static
2020-12-01 16:49:23,410 [Listener at 127.0.0.1/10356] INFO  http.HttpServer2 (HttpServer2.java:addFilter(1003)) - Added filter static_user_filter (class=org.apache.hadoop.http.lib.StaticUserWebFilter$StaticUserFilter) to context logs
2020-12-01 16:49:23,410 [Listener at 127.0.0.1/10356] INFO  http.HttpServer2 (HttpServer2.java:bindListener(1237)) - Jetty bound to port 33191
2020-12-01 16:49:23,410 [Listener at 127.0.0.1/10356] INFO  server.Server (Server.java:doStart(375)) - jetty-9.4.34.v20201102; built: 2020-11-02T14:15:39.302Z; git: e46af88704a893fc12cb0e3bf46e2c7b48a009e7; jvm 1.8.0_232-b09
2020-12-01 16:49:23,412 [Listener at 127.0.0.1/10356] INFO  server.session (DefaultSessionIdManager.java:doStart(334)) - DefaultSessionIdManager workerName=node0
2020-12-01 16:49:23,412 [Listener at 127.0.0.1/10356] INFO  server.session (DefaultSessionIdManager.java:doStart(339)) - No SessionScavenger set, using defaults
2020-12-01 16:49:23,412 [Listener at 127.0.0.1/10356] INFO  server.session (HouseKeeper.java:startScavenging(132)) - node0 Scavenging every 660000ms
2020-12-01 16:49:23,413 [Listener at 127.0.0.1/10356] INFO  handler.ContextHandler (ContextHandler.java:doStart(916)) - Started o.e.j.s.ServletContextHandler@52959818{logs,/logs,file:///github/workspace/mnt/ozone/hadoop-ozone/integration-test/target/log,AVAILABLE}
2020-12-01 16:49:23,413 [Listener at 127.0.0.1/10356] INFO  handler.ContextHandler (ContextHandler.java:doStart(916)) - Started o.e.j.s.ServletContextHandler@7bbe6b8c{static,/static,jar:file:/home/user/.m2/repository/org/apache/hadoop/hadoop-hdds-container-service/1.1.0-SNAPSHOT/hadoop-hdds-container-service-1.1.0-SNAPSHOT.jar!/webapps/static,AVAILABLE}
2020-12-01 16:49:23,553 [Listener at 127.0.0.1/10356] INFO  handler.ContextHandler (ContextHandler.java:doStart(916)) - Started o.e.j.w.WebAppContext@36bec337{hddsDatanode,/,file:///tmp/jetty-0_0_0_0-33191-hadoop-hdds-container-service-1_1_0-SNAPSHOT_jar-_-any-6264254597110198128/webapp/,AVAILABLE}{jar:file:/home/user/.m2/repository/org/apache/hadoop/hadoop-hdds-container-service/1.1.0-SNAPSHOT/hadoop-hdds-container-service-1.1.0-SNAPSHOT.jar!/webapps/hddsDatanode}
2020-12-01 16:49:23,554 [Listener at 127.0.0.1/10356] INFO  server.AbstractConnector (AbstractConnector.java:doStart(331)) - Started ServerConnector@5622c887{HTTP/1.1, (http/1.1)}{0.0.0.0:33191}
2020-12-01 16:49:23,555 [Listener at 127.0.0.1/10356] INFO  server.Server (Server.java:doStart(415)) - Started @30856ms
2020-12-01 16:49:23,555 [Listener at 127.0.0.1/10356] WARN  impl.MetricsSystemImpl (MetricsSystemImpl.java:register(276)) - Sink prometheus already exists!
2020-12-01 16:49:23,558 [Listener at 127.0.0.1/10356] INFO  http.BaseHttpServer (BaseHttpServer.java:updateConnectorAddress(327)) - HTTP server of hddsDatanode listening at http://0.0.0.0:33191
2020-12-01 16:49:23,560 [Listener at 127.0.0.1/10356] INFO  impl.MetricsSystemImpl (MetricsSystemImpl.java:init(158)) - HddsDatanode metrics system started (again)
2020-12-01 16:49:23,561 [Listener at 127.0.0.1/10356] INFO  ozone.HddsDatanodeService (HddsDatanodeService.java:start(217)) - HddsDatanodeService host:78fb6e686183 ip:172.17.0.2
2020-12-01 16:49:23,570 [Listener at 127.0.0.1/10356] INFO  volume.HddsVolume (HddsVolume.java:<init>(176)) - Creating Volume: /github/workspace/mnt/ozone/hadoop-ozone/integration-test/target/test-dir/MiniOzoneClusterImpl-6a576fb6-293f-471c-b07d-839007c369a6/datanode-1/data-0/containers/hdds of storage type : DISK and capacity : 9223372036854775807
2020-12-01 16:49:23,570 [Listener at 127.0.0.1/10356] INFO  volume.MutableVolumeSet (MutableVolumeSet.java:initializeVolumeSet(179)) - Added Volume : /github/workspace/mnt/ozone/hadoop-ozone/integration-test/target/test-dir/MiniOzoneClusterImpl-6a576fb6-293f-471c-b07d-839007c369a6/datanode-1/data-0/containers/hdds to VolumeSet
2020-12-01 16:49:23,570 [Listener at 127.0.0.1/10356] INFO  volume.ThrottledAsyncChecker (ThrottledAsyncChecker.java:schedule(141)) - Scheduling a check for /github/workspace/mnt/ozone/hadoop-ozone/integration-test/target/test-dir/MiniOzoneClusterImpl-6a576fb6-293f-471c-b07d-839007c369a6/datanode-1/data-0/containers/hdds
2020-12-01 16:49:23,578 [Listener at 127.0.0.1/10356] INFO  volume.HddsVolumeChecker (HddsVolumeChecker.java:checkAllVolumes(200)) - Scheduled health check for volume /github/workspace/mnt/ozone/hadoop-ozone/integration-test/target/test-dir/MiniOzoneClusterImpl-6a576fb6-293f-471c-b07d-839007c369a6/datanode-1/data-0/containers/hdds
2020-12-01 16:49:23,596 [org.apache.hadoop.util.JvmPauseMonitor$Monitor@425b95d1] INFO  util.JvmPauseMonitor (JvmPauseMonitor.java:run(188)) - Starting JVM pause monitor
2020-12-01 16:49:23,596 [Datanode State Machine Task Thread - 0] INFO  datanode.InitDatanodeState (InitDatanodeState.java:persistContainerDatanodeDetails(145)) - DatanodeDetails is persisted to /github/workspace/mnt/ozone/hadoop-ozone/integration-test/target/test-dir/MiniOzoneClusterImpl-6a576fb6-293f-471c-b07d-839007c369a6/datanode-0/meta/datanode.id
2020-12-01 16:49:23,597 [Thread-619] INFO  ozoneimpl.ContainerReader (ContainerReader.java:readVolume(123)) - Start to verify containers on volume /github/workspace/mnt/ozone/hadoop-ozone/integration-test/target/test-dir/MiniOzoneClusterImpl-6a576fb6-293f-471c-b07d-839007c369a6/datanode-1/data-0/containers/hdds
2020-12-01 16:49:23,597 [Thread-619] INFO  ozoneimpl.ContainerReader (ContainerReader.java:readVolume(148)) - Finish verifying containers on volume /github/workspace/mnt/ozone/hadoop-ozone/integration-test/target/test-dir/MiniOzoneClusterImpl-6a576fb6-293f-471c-b07d-839007c369a6/datanode-1/data-0/containers/hdds
2020-12-01 16:49:23,597 [Listener at 127.0.0.1/10356] INFO  ozoneimpl.OzoneContainer (OzoneContainer.java:buildContainerSet(194)) - Build ContainerSet costs 0s
2020-12-01 16:49:23,599 [Listener at 127.0.0.1/10356] INFO  impl.RaftServerProxy (ConfUtils.java:logGet(44)) - raft.rpc.type = GRPC (default)
2020-12-01 16:49:23,599 [Listener at 127.0.0.1/10356] INFO  grpc.GrpcFactory (GrpcFactory.java:checkPooledByteBufAllocatorUseCacheForAllThreads(45)) - PERFORMANCE WARNING: useCacheForAllThreads is true that may cause Netty to create a lot garbage objects and, as a result, trigger GC.
	It is recommended to disable useCacheForAllThreads by setting -Dorg.apache.ratis.thirdparty.io.netty.allocator.useCacheForAllThreads=false in command line.
2020-12-01 16:49:23,600 [Listener at 127.0.0.1/10356] INFO  grpc.GrpcConfigKeys (ConfUtils.java:logGet(44)) - raft.grpc.server.port = 0 (default)
2020-12-01 16:49:23,600 [Listener at 127.0.0.1/10356] INFO  server.GrpcService (ConfUtils.java:logGet(44)) - raft.grpc.message.size.max = 32MB (=33554432) (custom)
2020-12-01 16:49:23,600 [Listener at 127.0.0.1/10356] INFO  server.RaftServerConfigKeys (ConfUtils.java:logGet(44)) - raft.server.log.appender.buffer.byte-limit = 33554432 (custom)
2020-12-01 16:49:23,600 [Listener at 127.0.0.1/10356] INFO  server.GrpcService (ConfUtils.java:logGet(44)) - raft.grpc.flow.control.window = 5MB (=5242880) (custom)
2020-12-01 16:49:23,600 [Listener at 127.0.0.1/10356] INFO  server.RaftServerConfigKeys (ConfUtils.java:logGet(44)) - raft.server.rpc.request.timeout = 60s (custom)
2020-12-01 16:49:23,601 [Listener at 127.0.0.1/10356] INFO  impl.DataStreamServerImpl (ConfUtils.java:logGet(44)) - raft.datastream.type = DISABLED (default)
2020-12-01 16:49:23,601 [Listener at 127.0.0.1/10356] INFO  server.RaftServerConfigKeys (ConfUtils.java:logGet(44)) - raft.server.storage.dir = [/github/workspace/mnt/ozone/hadoop-ozone/integration-test/target/test-dir/MiniOzoneClusterImpl-6a576fb6-293f-471c-b07d-839007c369a6/datanode-1/data/ratis] (custom)
2020-12-01 16:49:23,605 [Listener at 127.0.0.1/10356] INFO  http.BaseHttpServer (BaseHttpServer.java:newHttpServer2BuilderForOzone(207)) - Starting Web-server for hddsDatanode at: http://0.0.0.0:0
2020-12-01 16:49:23,605 [Listener at 127.0.0.1/10356] INFO  http.BaseHttpServer (BaseHttpServer.java:<init>(106)) - Hadoop Security Enabled: false Ozone Security Enabled: false Ozone HTTP Security Enabled: false 
2020-12-01 16:49:23,607 [Listener at 127.0.0.1/10356] INFO  server.AuthenticationFilter (AuthenticationFilter.java:constructSecretProvider(240)) - Unable to initialize FileSignerSecretProvider, falling back to use random secrets.
2020-12-01 16:49:23,607 [Listener at 127.0.0.1/10356] WARN  http.HttpRequestLog (HttpRequestLog.java:getRequestLog(103)) - Jetty request log can only be enabled using Log4j
2020-12-01 16:49:23,608 [Listener at 127.0.0.1/10356] INFO  http.HttpServer2 (HttpServer2.java:addGlobalFilter(1019)) - Added global filter 'safety' (class=org.apache.hadoop.hdds.server.http.HttpServer2$QuotingInputFilter)
2020-12-01 16:49:23,608 [Listener at 127.0.0.1/10356] INFO  http.HttpServer2 (HttpServer2.java:addFilter(995)) - Added filter static_user_filter (class=org.apache.hadoop.http.lib.StaticUserWebFilter$StaticUserFilter) to context hddsDatanode
2020-12-01 16:49:23,608 [Listener at 127.0.0.1/10356] INFO  http.HttpServer2 (HttpServer2.java:addFilter(1003)) - Added filter static_user_filter (class=org.apache.hadoop.http.lib.StaticUserWebFilter$StaticUserFilter) to context logs
2020-12-01 16:49:23,609 [Listener at 127.0.0.1/10356] INFO  http.HttpServer2 (HttpServer2.java:addFilter(1003)) - Added filter static_user_filter (class=org.apache.hadoop.http.lib.StaticUserWebFilter$StaticUserFilter) to context static
2020-12-01 16:49:23,609 [Listener at 127.0.0.1/10356] INFO  http.HttpServer2 (HttpServer2.java:bindListener(1237)) - Jetty bound to port 34381
2020-12-01 16:49:23,609 [Listener at 127.0.0.1/10356] INFO  server.Server (Server.java:doStart(375)) - jetty-9.4.34.v20201102; built: 2020-11-02T14:15:39.302Z; git: e46af88704a893fc12cb0e3bf46e2c7b48a009e7; jvm 1.8.0_232-b09
2020-12-01 16:49:23,610 [Listener at 127.0.0.1/10356] INFO  server.session (DefaultSessionIdManager.java:doStart(334)) - DefaultSessionIdManager workerName=node0
2020-12-01 16:49:23,611 [Listener at 127.0.0.1/10356] INFO  server.session (DefaultSessionIdManager.java:doStart(339)) - No SessionScavenger set, using defaults
2020-12-01 16:49:23,611 [Listener at 127.0.0.1/10356] INFO  server.session (HouseKeeper.java:startScavenging(132)) - node0 Scavenging every 600000ms
2020-12-01 16:49:23,611 [Listener at 127.0.0.1/10356] INFO  handler.ContextHandler (ContextHandler.java:doStart(916)) - Started o.e.j.s.ServletContextHandler@4a3f2e4c{logs,/logs,file:///github/workspace/mnt/ozone/hadoop-ozone/integration-test/target/log,AVAILABLE}
2020-12-01 16:49:23,612 [Listener at 127.0.0.1/10356] INFO  handler.ContextHandler (ContextHandler.java:doStart(916)) - Started o.e.j.s.ServletContextHandler@71c13355{static,/static,jar:file:/home/user/.m2/repository/org/apache/hadoop/hadoop-hdds-container-service/1.1.0-SNAPSHOT/hadoop-hdds-container-service-1.1.0-SNAPSHOT.jar!/webapps/static,AVAILABLE}
2020-12-01 16:49:23,761 [Listener at 127.0.0.1/10356] INFO  handler.ContextHandler (ContextHandler.java:doStart(916)) - Started o.e.j.w.WebAppContext@3aa421be{hddsDatanode,/,file:///tmp/jetty-0_0_0_0-34381-hadoop-hdds-container-service-1_1_0-SNAPSHOT_jar-_-any-1205732958366791313/webapp/,AVAILABLE}{jar:file:/home/user/.m2/repository/org/apache/hadoop/hadoop-hdds-container-service/1.1.0-SNAPSHOT/hadoop-hdds-container-service-1.1.0-SNAPSHOT.jar!/webapps/hddsDatanode}
2020-12-01 16:49:23,765 [Listener at 127.0.0.1/10356] INFO  server.AbstractConnector (AbstractConnector.java:doStart(331)) - Started ServerConnector@3cee8bfd{HTTP/1.1, (http/1.1)}{0.0.0.0:34381}
2020-12-01 16:49:23,766 [Listener at 127.0.0.1/10356] INFO  server.Server (Server.java:doStart(415)) - Started @31067ms
2020-12-01 16:49:23,766 [Listener at 127.0.0.1/10356] WARN  impl.MetricsSystemImpl (MetricsSystemImpl.java:register(276)) - Sink prometheus already exists!
2020-12-01 16:49:23,770 [Listener at 127.0.0.1/10356] INFO  http.BaseHttpServer (BaseHttpServer.java:updateConnectorAddress(327)) - HTTP server of hddsDatanode listening at http://0.0.0.0:34381
2020-12-01 16:49:23,772 [Listener at 127.0.0.1/10356] INFO  impl.MetricsSystemImpl (MetricsSystemImpl.java:init(158)) - HddsDatanode metrics system started (again)
2020-12-01 16:49:23,774 [Listener at 127.0.0.1/10356] INFO  ozone.HddsDatanodeService (HddsDatanodeService.java:start(217)) - HddsDatanodeService host:78fb6e686183 ip:172.17.0.2
2020-12-01 16:49:23,778 [org.apache.hadoop.util.JvmPauseMonitor$Monitor@38b652ce] INFO  util.JvmPauseMonitor (JvmPauseMonitor.java:run(188)) - Starting JVM pause monitor
2020-12-01 16:49:23,779 [Datanode State Machine Task Thread - 0] INFO  datanode.InitDatanodeState (InitDatanodeState.java:persistContainerDatanodeDetails(145)) - DatanodeDetails is persisted to /github/workspace/mnt/ozone/hadoop-ozone/integration-test/target/test-dir/MiniOzoneClusterImpl-6a576fb6-293f-471c-b07d-839007c369a6/datanode-1/meta/datanode.id
2020-12-01 16:49:23,779 [Listener at 127.0.0.1/10356] INFO  volume.HddsVolume (HddsVolume.java:<init>(176)) - Creating Volume: /github/workspace/mnt/ozone/hadoop-ozone/integration-test/target/test-dir/MiniOzoneClusterImpl-6a576fb6-293f-471c-b07d-839007c369a6/datanode-2/data-0/containers/hdds of storage type : DISK and capacity : 9223372036854775807
2020-12-01 16:49:23,779 [Listener at 127.0.0.1/10356] INFO  volume.MutableVolumeSet (MutableVolumeSet.java:initializeVolumeSet(179)) - Added Volume : /github/workspace/mnt/ozone/hadoop-ozone/integration-test/target/test-dir/MiniOzoneClusterImpl-6a576fb6-293f-471c-b07d-839007c369a6/datanode-2/data-0/containers/hdds to VolumeSet
2020-12-01 16:49:23,779 [Listener at 127.0.0.1/10356] INFO  volume.ThrottledAsyncChecker (ThrottledAsyncChecker.java:schedule(141)) - Scheduling a check for /github/workspace/mnt/ozone/hadoop-ozone/integration-test/target/test-dir/MiniOzoneClusterImpl-6a576fb6-293f-471c-b07d-839007c369a6/datanode-2/data-0/containers/hdds
2020-12-01 16:49:23,780 [Listener at 127.0.0.1/10356] INFO  volume.HddsVolumeChecker (HddsVolumeChecker.java:checkAllVolumes(200)) - Scheduled health check for volume /github/workspace/mnt/ozone/hadoop-ozone/integration-test/target/test-dir/MiniOzoneClusterImpl-6a576fb6-293f-471c-b07d-839007c369a6/datanode-2/data-0/containers/hdds
2020-12-01 16:49:23,792 [Thread-631] INFO  ozoneimpl.ContainerReader (ContainerReader.java:readVolume(123)) - Start to verify containers on volume /github/workspace/mnt/ozone/hadoop-ozone/integration-test/target/test-dir/MiniOzoneClusterImpl-6a576fb6-293f-471c-b07d-839007c369a6/datanode-2/data-0/containers/hdds
2020-12-01 16:49:23,792 [Thread-631] INFO  ozoneimpl.ContainerReader (ContainerReader.java:readVolume(148)) - Finish verifying containers on volume /github/workspace/mnt/ozone/hadoop-ozone/integration-test/target/test-dir/MiniOzoneClusterImpl-6a576fb6-293f-471c-b07d-839007c369a6/datanode-2/data-0/containers/hdds
2020-12-01 16:49:23,792 [Listener at 127.0.0.1/10356] INFO  ozoneimpl.OzoneContainer (OzoneContainer.java:buildContainerSet(194)) - Build ContainerSet costs 0s
2020-12-01 16:49:23,795 [Listener at 127.0.0.1/10356] INFO  impl.RaftServerProxy (ConfUtils.java:logGet(44)) - raft.rpc.type = GRPC (default)
2020-12-01 16:49:23,795 [Listener at 127.0.0.1/10356] INFO  grpc.GrpcFactory (GrpcFactory.java:checkPooledByteBufAllocatorUseCacheForAllThreads(45)) - PERFORMANCE WARNING: useCacheForAllThreads is true that may cause Netty to create a lot garbage objects and, as a result, trigger GC.
	It is recommended to disable useCacheForAllThreads by setting -Dorg.apache.ratis.thirdparty.io.netty.allocator.useCacheForAllThreads=false in command line.
2020-12-01 16:49:23,795 [Listener at 127.0.0.1/10356] INFO  grpc.GrpcConfigKeys (ConfUtils.java:logGet(44)) - raft.grpc.server.port = 0 (default)
2020-12-01 16:49:23,795 [Listener at 127.0.0.1/10356] INFO  server.GrpcService (ConfUtils.java:logGet(44)) - raft.grpc.message.size.max = 32MB (=33554432) (custom)
2020-12-01 16:49:23,795 [Listener at 127.0.0.1/10356] INFO  server.RaftServerConfigKeys (ConfUtils.java:logGet(44)) - raft.server.log.appender.buffer.byte-limit = 33554432 (custom)
2020-12-01 16:49:23,795 [Listener at 127.0.0.1/10356] INFO  server.GrpcService (ConfUtils.java:logGet(44)) - raft.grpc.flow.control.window = 5MB (=5242880) (custom)
2020-12-01 16:49:23,795 [Listener at 127.0.0.1/10356] INFO  server.RaftServerConfigKeys (ConfUtils.java:logGet(44)) - raft.server.rpc.request.timeout = 60s (custom)
2020-12-01 16:49:23,796 [Listener at 127.0.0.1/10356] INFO  impl.DataStreamServerImpl (ConfUtils.java:logGet(44)) - raft.datastream.type = DISABLED (default)
2020-12-01 16:49:23,796 [Listener at 127.0.0.1/10356] INFO  server.RaftServerConfigKeys (ConfUtils.java:logGet(44)) - raft.server.storage.dir = [/github/workspace/mnt/ozone/hadoop-ozone/integration-test/target/test-dir/MiniOzoneClusterImpl-6a576fb6-293f-471c-b07d-839007c369a6/datanode-2/data/ratis] (custom)
2020-12-01 16:49:23,801 [Listener at 127.0.0.1/10356] INFO  http.BaseHttpServer (BaseHttpServer.java:newHttpServer2BuilderForOzone(207)) - Starting Web-server for hddsDatanode at: http://0.0.0.0:0
2020-12-01 16:49:23,801 [Listener at 127.0.0.1/10356] INFO  http.BaseHttpServer (BaseHttpServer.java:<init>(106)) - Hadoop Security Enabled: false Ozone Security Enabled: false Ozone HTTP Security Enabled: false 
2020-12-01 16:49:23,802 [Listener at 127.0.0.1/10356] INFO  server.AuthenticationFilter (AuthenticationFilter.java:constructSecretProvider(240)) - Unable to initialize FileSignerSecretProvider, falling back to use random secrets.
2020-12-01 16:49:23,802 [Listener at 127.0.0.1/10356] WARN  http.HttpRequestLog (HttpRequestLog.java:getRequestLog(103)) - Jetty request log can only be enabled using Log4j
2020-12-01 16:49:23,803 [Listener at 127.0.0.1/10356] INFO  http.HttpServer2 (HttpServer2.java:addGlobalFilter(1019)) - Added global filter 'safety' (class=org.apache.hadoop.hdds.server.http.HttpServer2$QuotingInputFilter)
2020-12-01 16:49:23,804 [Listener at 127.0.0.1/10356] INFO  http.HttpServer2 (HttpServer2.java:addFilter(995)) - Added filter static_user_filter (class=org.apache.hadoop.http.lib.StaticUserWebFilter$StaticUserFilter) to context hddsDatanode
2020-12-01 16:49:23,804 [Listener at 127.0.0.1/10356] INFO  http.HttpServer2 (HttpServer2.java:addFilter(1003)) - Added filter static_user_filter (class=org.apache.hadoop.http.lib.StaticUserWebFilter$StaticUserFilter) to context logs
2020-12-01 16:49:23,804 [Listener at 127.0.0.1/10356] INFO  http.HttpServer2 (HttpServer2.java:addFilter(1003)) - Added filter static_user_filter (class=org.apache.hadoop.http.lib.StaticUserWebFilter$StaticUserFilter) to context static
2020-12-01 16:49:23,804 [Listener at 127.0.0.1/10356] INFO  http.HttpServer2 (HttpServer2.java:bindListener(1237)) - Jetty bound to port 37713
2020-12-01 16:49:23,804 [Listener at 127.0.0.1/10356] INFO  server.Server (Server.java:doStart(375)) - jetty-9.4.34.v20201102; built: 2020-11-02T14:15:39.302Z; git: e46af88704a893fc12cb0e3bf46e2c7b48a009e7; jvm 1.8.0_232-b09
2020-12-01 16:49:23,805 [Listener at 127.0.0.1/10356] INFO  server.session (DefaultSessionIdManager.java:doStart(334)) - DefaultSessionIdManager workerName=node0
2020-12-01 16:49:23,806 [Listener at 127.0.0.1/10356] INFO  server.session (DefaultSessionIdManager.java:doStart(339)) - No SessionScavenger set, using defaults
2020-12-01 16:49:23,806 [Listener at 127.0.0.1/10356] INFO  server.session (HouseKeeper.java:startScavenging(132)) - node0 Scavenging every 660000ms
2020-12-01 16:49:23,806 [Listener at 127.0.0.1/10356] INFO  handler.ContextHandler (ContextHandler.java:doStart(916)) - Started o.e.j.s.ServletContextHandler@46a051f9{logs,/logs,file:///github/workspace/mnt/ozone/hadoop-ozone/integration-test/target/log,AVAILABLE}
2020-12-01 16:49:23,807 [Listener at 127.0.0.1/10356] INFO  handler.ContextHandler (ContextHandler.java:doStart(916)) - Started o.e.j.s.ServletContextHandler@1db7249b{static,/static,jar:file:/home/user/.m2/repository/org/apache/hadoop/hadoop-hdds-container-service/1.1.0-SNAPSHOT/hadoop-hdds-container-service-1.1.0-SNAPSHOT.jar!/webapps/static,AVAILABLE}
2020-12-01 16:49:23,948 [Listener at 127.0.0.1/10356] INFO  handler.ContextHandler (ContextHandler.java:doStart(916)) - Started o.e.j.w.WebAppContext@1892b379{hddsDatanode,/,file:///tmp/jetty-0_0_0_0-37713-hadoop-hdds-container-service-1_1_0-SNAPSHOT_jar-_-any-808070221121042253/webapp/,AVAILABLE}{jar:file:/home/user/.m2/repository/org/apache/hadoop/hadoop-hdds-container-service/1.1.0-SNAPSHOT/hadoop-hdds-container-service-1.1.0-SNAPSHOT.jar!/webapps/hddsDatanode}
2020-12-01 16:49:23,949 [Listener at 127.0.0.1/10356] INFO  server.AbstractConnector (AbstractConnector.java:doStart(331)) - Started ServerConnector@6c2ec44{HTTP/1.1, (http/1.1)}{0.0.0.0:37713}
2020-12-01 16:49:23,949 [Listener at 127.0.0.1/10356] INFO  server.Server (Server.java:doStart(415)) - Started @31251ms
2020-12-01 16:49:23,949 [Listener at 127.0.0.1/10356] WARN  impl.MetricsSystemImpl (MetricsSystemImpl.java:register(276)) - Sink prometheus already exists!
2020-12-01 16:49:23,953 [Listener at 127.0.0.1/10356] INFO  http.BaseHttpServer (BaseHttpServer.java:updateConnectorAddress(327)) - HTTP server of hddsDatanode listening at http://0.0.0.0:37713
2020-12-01 16:49:23,954 [Listener at 127.0.0.1/10356] INFO  ozone.MiniOzoneClusterImpl (MiniOzoneClusterImpl.java:lambda$waitForClusterToBeReady$0(178)) - Waiting for nodes to be ready. Got 0 of 3 DN Heartbeats.
2020-12-01 16:49:23,955 [Listener at 127.0.0.1/10356] INFO  ozone.MiniOzoneClusterImpl (MiniOzoneClusterImpl.java:lambda$waitForClusterToBeReady$0(181)) - Waiting for cluster to exit safe mode
2020-12-01 16:49:23,956 [org.apache.hadoop.util.JvmPauseMonitor$Monitor@2848041a] INFO  util.JvmPauseMonitor (JvmPauseMonitor.java:run(188)) - Starting JVM pause monitor
2020-12-01 16:49:23,959 [Datanode State Machine Task Thread - 0] INFO  datanode.InitDatanodeState (InitDatanodeState.java:persistContainerDatanodeDetails(145)) - DatanodeDetails is persisted to /github/workspace/mnt/ozone/hadoop-ozone/integration-test/target/test-dir/MiniOzoneClusterImpl-6a576fb6-293f-471c-b07d-839007c369a6/datanode-2/meta/datanode.id
2020-12-01 16:49:24,194 [Thread-500] INFO  impl.FollowerState (FollowerState.java:run(128)) - omNode-1@group-523986131536-FollowerState: change to CANDIDATE, lastRpcTime:1139ms, electionTimeout:1136ms
2020-12-01 16:49:24,194 [Thread-500] INFO  impl.RoleInfo (RoleInfo.java:shutdownFollowerState(121)) - omNode-1: shutdown omNode-1@group-523986131536-FollowerState
2020-12-01 16:49:24,195 [Thread-500] INFO  impl.RaftServerImpl (RaftServerImpl.java:setRole(204)) - omNode-1@group-523986131536: changes role from  FOLLOWER to CANDIDATE at term 0 for changeToCandidate
2020-12-01 16:49:24,195 [Thread-500] INFO  impl.RoleInfo (RoleInfo.java:updateAndGet(143)) - omNode-1: start omNode-1@group-523986131536-LeaderElection10
2020-12-01 16:49:24,200 [omNode-1@group-523986131536-LeaderElection10] INFO  impl.LeaderElection (LeaderElection.java:askForVotes(215)) - omNode-1@group-523986131536-LeaderElection10: begin an election at term 1 for -1: [omNode-3|rpc:localhost:10360, omNode-1|rpc:localhost:10348, omNode-2|rpc:localhost:10354], old=null
2020-12-01 16:49:24,213 [grpc-default-executor-1] INFO  impl.RaftServerImpl (RaftServerImpl.java:setRole(204)) - omNode-3@group-523986131536: changes role from  FOLLOWER to FOLLOWER at term 1 for recognizeCandidate:omNode-1
2020-12-01 16:49:24,213 [grpc-default-executor-1] INFO  impl.RoleInfo (RoleInfo.java:shutdownFollowerState(121)) - omNode-3: shutdown omNode-3@group-523986131536-FollowerState
2020-12-01 16:49:24,213 [grpc-default-executor-1] INFO  impl.RoleInfo (RoleInfo.java:updateAndGet(143)) - omNode-3: start omNode-3@group-523986131536-FollowerState
2020-12-01 16:49:24,213 [Thread-576] INFO  impl.FollowerState (FollowerState.java:run(137)) - omNode-3@group-523986131536-FollowerState was interrupted: {}
java.lang.InterruptedException: sleep interrupted
	at java.lang.Thread.sleep(Native Method)
	at org.apache.ratis.util.JavaUtils.sleep(JavaUtils.java:250)
	at org.apache.ratis.server.impl.FollowerState.run(FollowerState.java:116)
2020-12-01 16:49:24,213 [grpc-default-executor-0] INFO  impl.RaftServerImpl (RaftServerImpl.java:setRole(204)) - omNode-2@group-523986131536: changes role from  FOLLOWER to FOLLOWER at term 1 for recognizeCandidate:omNode-1
2020-12-01 16:49:24,213 [grpc-default-executor-0] INFO  impl.RoleInfo (RoleInfo.java:shutdownFollowerState(121)) - omNode-2: shutdown omNode-2@group-523986131536-FollowerState
2020-12-01 16:49:24,214 [grpc-default-executor-0] INFO  impl.RoleInfo (RoleInfo.java:updateAndGet(143)) - omNode-2: start omNode-2@group-523986131536-FollowerState
2020-12-01 16:49:24,214 [grpc-default-executor-1] INFO  impl.RaftServerImpl (RaftServerImpl.java:requestVote(963)) -  FOLLOWER omNode-3@group-523986131536:t1, leader=null, voted=null, raftlog=omNode-3@group-523986131536-SegmentedRaftLog:OPENED:c-1,f-1,i0, conf=-1: [omNode-3|rpc:localhost:10360, omNode-1|rpc:localhost:10348, omNode-2|rpc:localhost:10354], old=null RUNNING priority:0 candidate:omNode-1|rpc:localhost:10348 candidatePriority:0 compare:0
2020-12-01 16:49:24,214 [Thread-538] INFO  impl.FollowerState (FollowerState.java:run(137)) - omNode-2@group-523986131536-FollowerState was interrupted: {}
java.lang.InterruptedException: sleep interrupted
	at java.lang.Thread.sleep(Native Method)
	at org.apache.ratis.util.JavaUtils.sleep(JavaUtils.java:250)
	at org.apache.ratis.server.impl.FollowerState.run(FollowerState.java:116)
2020-12-01 16:49:24,214 [grpc-default-executor-0] INFO  impl.RaftServerImpl (RaftServerImpl.java:requestVote(963)) -  FOLLOWER omNode-2@group-523986131536:t1, leader=null, voted=null, raftlog=omNode-2@group-523986131536-SegmentedRaftLog:OPENED:c-1,f-1,i0, conf=-1: [omNode-3|rpc:localhost:10360, omNode-1|rpc:localhost:10348, omNode-2|rpc:localhost:10354], old=null RUNNING priority:0 candidate:omNode-1|rpc:localhost:10348 candidatePriority:0 compare:0
2020-12-01 16:49:24,218 [omNode-1@group-523986131536-LeaderElection10] INFO  impl.LeaderElection (LeaderElection.java:logAndReturn(65)) - omNode-1@group-523986131536-LeaderElection10: Election PASSED; received 1 response(s) [omNode-1<-omNode-3#0:OK-t1] and 0 exception(s); omNode-1@group-523986131536:t1, leader=null, voted=omNode-1, raftlog=omNode-1@group-523986131536-SegmentedRaftLog:OPENED:c-1,f-1,i0, conf=-1: [omNode-3|rpc:localhost:10360, omNode-1|rpc:localhost:10348, omNode-2|rpc:localhost:10354], old=null
2020-12-01 16:49:24,218 [omNode-1@group-523986131536-LeaderElection10] INFO  impl.RoleInfo (RoleInfo.java:shutdownLeaderElection(134)) - omNode-1: shutdown omNode-1@group-523986131536-LeaderElection10
2020-12-01 16:49:24,218 [omNode-1@group-523986131536-LeaderElection10] INFO  impl.RaftServerImpl (RaftServerImpl.java:setRole(204)) - omNode-1@group-523986131536: changes role from CANDIDATE to LEADER at term 1 for changeToLeader
2020-12-01 16:49:24,218 [omNode-1@group-523986131536-LeaderElection10] INFO  impl.RaftServerImpl (ServerState.java:setLeader(256)) - omNode-1@group-523986131536: change Leader from null to omNode-1 at term 1 for becomeLeader, leader elected after 1205ms
2020-12-01 16:49:24,218 [omNode-1@group-523986131536-LeaderElection10] INFO  server.RaftServerConfigKeys (ConfUtils.java:logGet(44)) - raft.server.staging.catchup.gap = 1000 (default)
2020-12-01 16:49:24,218 [omNode-1@group-523986131536-LeaderElection10] INFO  server.RaftServerConfigKeys (ConfUtils.java:logGet(44)) - raft.server.rpc.sleep.time = 25ms (default)
2020-12-01 16:49:24,218 [omNode-1@group-523986131536-LeaderElection10] INFO  metrics.RatisMetrics (RatisMetrics.java:lambda$create$0(36)) - Creating Metrics Registry : ratis.log_appender.omNode-1@group-523986131536
2020-12-01 16:49:24,218 [omNode-1@group-523986131536-LeaderElection10] INFO  server.RaftServerConfigKeys (ConfUtils.java:logGet(44)) - raft.server.write.element-limit = 4096 (default)
2020-12-01 16:49:24,218 [omNode-1@group-523986131536-LeaderElection10] INFO  server.RaftServerConfigKeys (ConfUtils.java:logGet(44)) - raft.server.write.byte-limit = 64MB (=67108864) (default)
2020-12-01 16:49:24,219 [omNode-1@group-523986131536-LeaderElection10] INFO  server.RaftServerConfigKeys (ConfUtils.java:logGet(44)) - raft.server.watch.timeout = 10s (default)
2020-12-01 16:49:24,219 [omNode-1@group-523986131536-LeaderElection10] INFO  server.RaftServerConfigKeys (ConfUtils.java:logGet(44)) - raft.server.watch.timeout.denomination = 1s (default)
2020-12-01 16:49:24,219 [omNode-1@group-523986131536-LeaderElection10] INFO  server.RaftServerConfigKeys (ConfUtils.java:logGet(44)) - raft.server.watch.element-limit = 65536 (default)
2020-12-01 16:49:24,219 [omNode-1@group-523986131536-LeaderElection10] INFO  server.RaftServerConfigKeys (ConfUtils.java:logGet(44)) - raft.server.log.appender.snapshot.chunk.size.max = 16MB (=16777216) (default)
2020-12-01 16:49:24,219 [omNode-1@group-523986131536-LeaderElection10] INFO  server.RaftServerConfigKeys (ConfUtils.java:logGet(44)) - raft.server.log.appender.buffer.byte-limit = 33554432 (custom)
2020-12-01 16:49:24,219 [omNode-1@group-523986131536-LeaderElection10] INFO  server.RaftServerConfigKeys (ConfUtils.java:logGet(44)) - raft.server.log.appender.buffer.element-limit = 1024 (custom)
2020-12-01 16:49:24,219 [omNode-1@group-523986131536-LeaderElection10] INFO  grpc.GrpcConfigKeys (ConfUtils.java:logGet(44)) - raft.grpc.server.leader.outstanding.appends.max = 128 (default)
2020-12-01 16:49:24,219 [omNode-1@group-523986131536-LeaderElection10] INFO  server.RaftServerConfigKeys (ConfUtils.java:logGet(44)) - raft.server.rpc.request.timeout = 3000ms (default)
2020-12-01 16:49:24,219 [omNode-1@group-523986131536-LeaderElection10] INFO  server.RaftServerConfigKeys (ConfUtils.java:logGet(44)) - raft.server.log.appender.install.snapshot.enabled = false (custom)
2020-12-01 16:49:24,219 [omNode-1@group-523986131536-LeaderElection10] INFO  metrics.RatisMetrics (RatisMetrics.java:lambda$create$0(36)) - Creating Metrics Registry : ratis_grpc.log_appender.omNode-1@group-523986131536
2020-12-01 16:49:24,220 [omNode-1@group-523986131536-LeaderElection10] INFO  server.RaftServerConfigKeys (ConfUtils.java:logGet(44)) - raft.server.log.appender.snapshot.chunk.size.max = 16MB (=16777216) (default)
2020-12-01 16:49:24,225 [omNode-1@group-523986131536-LeaderElection10] INFO  server.RaftServerConfigKeys (ConfUtils.java:logGet(44)) - raft.server.log.appender.buffer.byte-limit = 33554432 (custom)
2020-12-01 16:49:24,225 [omNode-1@group-523986131536-LeaderElection10] INFO  server.RaftServerConfigKeys (ConfUtils.java:logGet(44)) - raft.server.log.appender.buffer.element-limit = 1024 (custom)
2020-12-01 16:49:24,225 [omNode-1@group-523986131536-LeaderElection10] INFO  grpc.GrpcConfigKeys (ConfUtils.java:logGet(44)) - raft.grpc.server.leader.outstanding.appends.max = 128 (default)
2020-12-01 16:49:24,225 [omNode-1@group-523986131536-LeaderElection10] INFO  server.RaftServerConfigKeys (ConfUtils.java:logGet(44)) - raft.server.rpc.request.timeout = 3000ms (default)
2020-12-01 16:49:24,225 [omNode-1@group-523986131536-LeaderElection10] INFO  server.RaftServerConfigKeys (ConfUtils.java:logGet(44)) - raft.server.log.appender.install.snapshot.enabled = false (custom)
2020-12-01 16:49:24,226 [omNode-1@group-523986131536-LeaderElection10] INFO  impl.RoleInfo (RoleInfo.java:updateAndGet(143)) - omNode-1: start omNode-1@group-523986131536-LeaderState
2020-12-01 16:49:24,226 [omNode-1@group-523986131536-LeaderElection10] INFO  segmented.SegmentedRaftLogWorker (SegmentedRaftLogWorker.java:startLogSegment(398)) - omNode-1@group-523986131536-SegmentedRaftLogWorker: Starting segment from index:0
2020-12-01 16:49:24,227 [omNode-1@group-523986131536-LeaderElection10] INFO  impl.RaftServerImpl (ServerState.java:setRaftConf(374)) - omNode-1@group-523986131536: set configuration 0: [omNode-3|rpc:localhost:10360|dataStream:, omNode-1|rpc:localhost:10348|dataStream:, omNode-2|rpc:localhost:10354|dataStream:], old=null at 0
2020-12-01 16:49:24,238 [grpc-default-executor-1] INFO  impl.RaftServerImpl (ServerState.java:setLeader(256)) - omNode-3@group-523986131536: change Leader from null to omNode-1 at term 1 for appendEntries, leader elected after 922ms
2020-12-01 16:49:24,240 [grpc-default-executor-1] INFO  impl.RaftServerImpl (ServerState.java:setRaftConf(374)) - omNode-3@group-523986131536: set configuration 0: [omNode-3|rpc:localhost:10360|dataStream:, omNode-1|rpc:localhost:10348|dataStream:, omNode-2|rpc:localhost:10354|dataStream:], old=null at 0
2020-12-01 16:49:24,240 [grpc-default-executor-1] INFO  segmented.SegmentedRaftLogWorker (SegmentedRaftLogWorker.java:startLogSegment(398)) - omNode-3@group-523986131536-SegmentedRaftLogWorker: Starting segment from index:0
2020-12-01 16:49:24,246 [grpc-default-executor-0] INFO  impl.RaftServerImpl (ServerState.java:setLeader(256)) - omNode-2@group-523986131536: change Leader from null to omNode-1 at term 1 for appendEntries, leader elected after 1061ms
2020-12-01 16:49:24,254 [grpc-default-executor-0] INFO  impl.RaftServerImpl (ServerState.java:setRaftConf(374)) - omNode-2@group-523986131536: set configuration 0: [omNode-3|rpc:localhost:10360|dataStream:, omNode-1|rpc:localhost:10348|dataStream:, omNode-2|rpc:localhost:10354|dataStream:], old=null at 0
2020-12-01 16:49:24,254 [grpc-default-executor-0] INFO  segmented.SegmentedRaftLogWorker (SegmentedRaftLogWorker.java:startLogSegment(398)) - omNode-2@group-523986131536-SegmentedRaftLogWorker: Starting segment from index:0
2020-12-01 16:49:24,302 [omNode-1@group-523986131536-SegmentedRaftLogWorker] INFO  segmented.SegmentedRaftLogWorker (SegmentedRaftLogWorker.java:execute(597)) - omNode-1@group-523986131536-SegmentedRaftLogWorker: created new log segment /github/workspace/mnt/ozone/hadoop-ozone/integration-test/target/test-dir/MiniOzoneClusterImpl-6a576fb6-293f-471c-b07d-839007c369a6/omNode-1/ratis/c9bc4cf4-3bc3-3c60-a66b-523986131536/current/log_inprogress_0
2020-12-01 16:49:24,303 [omNode-3@group-523986131536-SegmentedRaftLogWorker] INFO  segmented.SegmentedRaftLogWorker (SegmentedRaftLogWorker.java:execute(597)) - omNode-3@group-523986131536-SegmentedRaftLogWorker: created new log segment /github/workspace/mnt/ozone/hadoop-ozone/integration-test/target/test-dir/MiniOzoneClusterImpl-6a576fb6-293f-471c-b07d-839007c369a6/omNode-3/ratis/c9bc4cf4-3bc3-3c60-a66b-523986131536/current/log_inprogress_0
2020-12-01 16:49:24,350 [omNode-2@group-523986131536-SegmentedRaftLogWorker] INFO  segmented.SegmentedRaftLogWorker (SegmentedRaftLogWorker.java:execute(597)) - omNode-2@group-523986131536-SegmentedRaftLogWorker: created new log segment /github/workspace/mnt/ozone/hadoop-ozone/integration-test/target/test-dir/MiniOzoneClusterImpl-6a576fb6-293f-471c-b07d-839007c369a6/omNode-2/ratis/c9bc4cf4-3bc3-3c60-a66b-523986131536/current/log_inprogress_0
2020-12-01 16:49:24,956 [Listener at 127.0.0.1/10356] INFO  ozone.MiniOzoneClusterImpl (MiniOzoneClusterImpl.java:lambda$waitForClusterToBeReady$0(178)) - Waiting for nodes to be ready. Got 0 of 3 DN Heartbeats.
2020-12-01 16:49:24,956 [Listener at 127.0.0.1/10356] INFO  ozone.MiniOzoneClusterImpl (MiniOzoneClusterImpl.java:lambda$waitForClusterToBeReady$0(181)) - Waiting for cluster to exit safe mode
2020-12-01 16:49:25,606 [EndpointStateMachine task thread for /0.0.0.0:40647 - 0 ] INFO  ozoneimpl.OzoneContainer (OzoneContainer.java:start(243)) - Attempting to start container services.
2020-12-01 16:49:25,606 [EndpointStateMachine task thread for /0.0.0.0:40647 - 0 ] INFO  ozoneimpl.OzoneContainer (OzoneContainer.java:startContainerScrub(207)) - Background container scanner has been disabled.
2020-12-01 16:49:25,606 [EndpointStateMachine task thread for /0.0.0.0:40647 - 0 ] INFO  ratis.XceiverServerRatis (XceiverServerRatis.java:start(456)) - Starting XceiverServerRatis e3bd6bd1-6148-4375-8d06-ff7f6e457d0a at port 0
2020-12-01 16:49:25,607 [EndpointStateMachine task thread for /0.0.0.0:40647 - 0 ] INFO  impl.RaftServerProxy (RaftServerProxy.java:lambda$start$3(321)) - e3bd6bd1-6148-4375-8d06-ff7f6e457d0a: start RPC server
2020-12-01 16:49:25,608 [EndpointStateMachine task thread for /0.0.0.0:40647 - 0 ] INFO  server.GrpcService (GrpcService.java:startImpl(177)) - e3bd6bd1-6148-4375-8d06-ff7f6e457d0a: GrpcService started, listening on 0.0.0.0/0.0.0.0:33615
2020-12-01 16:49:25,608 [EndpointStateMachine task thread for /0.0.0.0:40647 - 0 ] INFO  ratis.XceiverServerRatis (XceiverServerRatis.java:start(468)) - XceiverServerRatis e3bd6bd1-6148-4375-8d06-ff7f6e457d0a is started using port 33615
2020-12-01 16:49:25,609 [EndpointStateMachine task thread for /0.0.0.0:40647 - 0 ] INFO  server.XceiverServerGrpc (XceiverServerGrpc.java:start(145)) - XceiverServerGrpc e3bd6bd1-6148-4375-8d06-ff7f6e457d0a is started using port 40855
2020-12-01 16:49:25,609 [org.apache.ratis.server.JvmPauseMonitor@7f63d95a-Monitor] INFO  server.RaftServerConfigKeys (ConfUtils.java:logGet(44)) - raft.server.leaderelection.leader.step-down.wait-time = 10s (default)
2020-12-01 16:49:25,609 [org.apache.ratis.server.JvmPauseMonitor@7f63d95a-Monitor] INFO  server.RaftServerConfigKeys (ConfUtils.java:logGet(44)) - raft.server.rpc.slowness.timeout = 300s (custom)
2020-12-01 16:49:25,609 [org.apache.ratis.server.JvmPauseMonitor@7f63d95a-Monitor] INFO  server.JvmPauseMonitor (JvmPauseMonitor.java:run(129)) - Starting Ratis JVM pause monitor
2020-12-01 16:49:25,784 [EndpointStateMachine task thread for /0.0.0.0:40647 - 0 ] INFO  ozoneimpl.OzoneContainer (OzoneContainer.java:start(243)) - Attempting to start container services.
2020-12-01 16:49:25,784 [EndpointStateMachine task thread for /0.0.0.0:40647 - 0 ] INFO  ozoneimpl.OzoneContainer (OzoneContainer.java:startContainerScrub(207)) - Background container scanner has been disabled.
2020-12-01 16:49:25,784 [EndpointStateMachine task thread for /0.0.0.0:40647 - 0 ] INFO  ratis.XceiverServerRatis (XceiverServerRatis.java:start(456)) - Starting XceiverServerRatis a52daa0d-9a45-45c6-98a7-f9ed836d8714 at port 0
2020-12-01 16:49:25,785 [EndpointStateMachine task thread for /0.0.0.0:40647 - 0 ] INFO  impl.RaftServerProxy (RaftServerProxy.java:lambda$start$3(321)) - a52daa0d-9a45-45c6-98a7-f9ed836d8714: start RPC server
2020-12-01 16:49:25,785 [EndpointStateMachine task thread for /0.0.0.0:40647 - 0 ] INFO  server.GrpcService (GrpcService.java:startImpl(177)) - a52daa0d-9a45-45c6-98a7-f9ed836d8714: GrpcService started, listening on 0.0.0.0/0.0.0.0:44651
2020-12-01 16:49:25,786 [EndpointStateMachine task thread for /0.0.0.0:40647 - 0 ] INFO  ratis.XceiverServerRatis (XceiverServerRatis.java:start(468)) - XceiverServerRatis a52daa0d-9a45-45c6-98a7-f9ed836d8714 is started using port 44651
2020-12-01 16:49:25,786 [EndpointStateMachine task thread for /0.0.0.0:40647 - 0 ] INFO  server.XceiverServerGrpc (XceiverServerGrpc.java:start(145)) - XceiverServerGrpc a52daa0d-9a45-45c6-98a7-f9ed836d8714 is started using port 39911
2020-12-01 16:49:25,788 [org.apache.ratis.server.JvmPauseMonitor@610718e7-Monitor] INFO  server.RaftServerConfigKeys (ConfUtils.java:logGet(44)) - raft.server.leaderelection.leader.step-down.wait-time = 10s (default)
2020-12-01 16:49:25,788 [org.apache.ratis.server.JvmPauseMonitor@610718e7-Monitor] INFO  server.RaftServerConfigKeys (ConfUtils.java:logGet(44)) - raft.server.rpc.slowness.timeout = 300s (custom)
2020-12-01 16:49:25,788 [org.apache.ratis.server.JvmPauseMonitor@610718e7-Monitor] INFO  server.JvmPauseMonitor (JvmPauseMonitor.java:run(129)) - Starting Ratis JVM pause monitor
2020-12-01 16:49:25,956 [Listener at 127.0.0.1/10356] INFO  ozone.MiniOzoneClusterImpl (MiniOzoneClusterImpl.java:lambda$waitForClusterToBeReady$0(178)) - Waiting for nodes to be ready. Got 0 of 3 DN Heartbeats.
2020-12-01 16:49:25,956 [Listener at 127.0.0.1/10356] INFO  ozone.MiniOzoneClusterImpl (MiniOzoneClusterImpl.java:lambda$waitForClusterToBeReady$0(181)) - Waiting for cluster to exit safe mode
2020-12-01 16:49:25,960 [EndpointStateMachine task thread for /0.0.0.0:40647 - 0 ] INFO  ozoneimpl.OzoneContainer (OzoneContainer.java:start(243)) - Attempting to start container services.
2020-12-01 16:49:25,960 [EndpointStateMachine task thread for /0.0.0.0:40647 - 0 ] INFO  ozoneimpl.OzoneContainer (OzoneContainer.java:startContainerScrub(207)) - Background container scanner has been disabled.
2020-12-01 16:49:25,960 [EndpointStateMachine task thread for /0.0.0.0:40647 - 0 ] INFO  ratis.XceiverServerRatis (XceiverServerRatis.java:start(456)) - Starting XceiverServerRatis 52624640-3a50-44d5-a43a-3863fdb02bf0 at port 0
2020-12-01 16:49:25,961 [EndpointStateMachine task thread for /0.0.0.0:40647 - 0 ] INFO  impl.RaftServerProxy (RaftServerProxy.java:lambda$start$3(321)) - 52624640-3a50-44d5-a43a-3863fdb02bf0: start RPC server
2020-12-01 16:49:25,963 [EndpointStateMachine task thread for /0.0.0.0:40647 - 0 ] INFO  server.GrpcService (GrpcService.java:startImpl(177)) - 52624640-3a50-44d5-a43a-3863fdb02bf0: GrpcService started, listening on 0.0.0.0/0.0.0.0:37353
2020-12-01 16:49:25,964 [EndpointStateMachine task thread for /0.0.0.0:40647 - 0 ] INFO  ratis.XceiverServerRatis (XceiverServerRatis.java:start(468)) - XceiverServerRatis 52624640-3a50-44d5-a43a-3863fdb02bf0 is started using port 37353
2020-12-01 16:49:25,965 [org.apache.ratis.server.JvmPauseMonitor@386158c8-Monitor] INFO  server.RaftServerConfigKeys (ConfUtils.java:logGet(44)) - raft.server.leaderelection.leader.step-down.wait-time = 10s (default)
2020-12-01 16:49:25,965 [EndpointStateMachine task thread for /0.0.0.0:40647 - 0 ] INFO  server.XceiverServerGrpc (XceiverServerGrpc.java:start(145)) - XceiverServerGrpc 52624640-3a50-44d5-a43a-3863fdb02bf0 is started using port 36383
2020-12-01 16:49:25,965 [org.apache.ratis.server.JvmPauseMonitor@386158c8-Monitor] INFO  server.RaftServerConfigKeys (ConfUtils.java:logGet(44)) - raft.server.rpc.slowness.timeout = 300s (custom)
2020-12-01 16:49:25,965 [org.apache.ratis.server.JvmPauseMonitor@386158c8-Monitor] INFO  server.JvmPauseMonitor (JvmPauseMonitor.java:run(129)) - Starting Ratis JVM pause monitor
2020-12-01 16:49:26,956 [Listener at 127.0.0.1/10356] INFO  ozone.MiniOzoneClusterImpl (MiniOzoneClusterImpl.java:lambda$waitForClusterToBeReady$0(178)) - Waiting for nodes to be ready. Got 0 of 3 DN Heartbeats.
2020-12-01 16:49:26,957 [Listener at 127.0.0.1/10356] INFO  ozone.MiniOzoneClusterImpl (MiniOzoneClusterImpl.java:lambda$waitForClusterToBeReady$0(181)) - Waiting for cluster to exit safe mode
2020-12-01 16:49:27,598 [IPC Server handler 1 on default port 40647] INFO  net.NetworkTopologyImpl (NetworkTopologyImpl.java:add(111)) - Added a new node: /default-rack/e3bd6bd1-6148-4375-8d06-ff7f6e457d0a
2020-12-01 16:49:27,599 [IPC Server handler 1 on default port 40647] INFO  node.SCMNodeManager (SCMNodeManager.java:register(282)) - Registered Data node : e3bd6bd1-6148-4375-8d06-ff7f6e457d0a{ip: 172.17.0.2, host: 78fb6e686183, networkLocation: /default-rack, certSerialId: null}
2020-12-01 16:49:27,600 [RatisPipelineUtilsThread] INFO  pipeline.RatisPipelineProvider (RatisPipelineProvider.java:lambda$create$0(161)) - Sending CreatePipelineCommand for pipeline:PipelineID=f941e954-b93e-4afb-b21e-2ae202b775d9 to datanode:e3bd6bd1-6148-4375-8d06-ff7f6e457d0a
2020-12-01 16:49:27,600 [RatisPipelineUtilsThread] INFO  pipeline.PipelineStateManager (PipelineStateManager.java:addPipeline(54)) - Created pipeline Pipeline[ Id: f941e954-b93e-4afb-b21e-2ae202b775d9, Nodes: e3bd6bd1-6148-4375-8d06-ff7f6e457d0a{ip: 172.17.0.2, host: 78fb6e686183, networkLocation: /default-rack, certSerialId: null}, Type:RATIS, Factor:ONE, State:ALLOCATED, leaderId:, CreationTimestamp2020-12-01T16:49:27.600Z]
2020-12-01 16:49:27,601 [EventQueue-NodeRegistrationContainerReportForDataNodeSafeModeRule] INFO  safemode.SCMSafeModeManager (DataNodeSafeModeRule.java:process(71)) - SCM in safe mode. 1 DataNodes registered, 1 required.
2020-12-01 16:49:27,601 [EventQueue-NodeRegistrationContainerReportForDataNodeSafeModeRule] INFO  safemode.SCMSafeModeManager (SCMSafeModeManager.java:validateSafeModeExitRules(214)) - DataNodeSafeModeRule rule is successfully validated
2020-12-01 16:49:27,601 [EventQueue-NodeRegistrationContainerReportForDataNodeSafeModeRule] INFO  safemode.SCMSafeModeManager (SCMSafeModeManager.java:completePreCheck(242)) - All SCM safe mode pre check rules have passed
2020-12-01 16:49:27,603 [RatisPipelineUtilsThread] WARN  pipeline.PipelinePlacementPolicy (PipelinePlacementPolicy.java:filterViableNodes(138)) - Pipeline creation failed due to no sufficient healthy datanodes. Required 3. Found 1.
2020-12-01 16:49:27,603 [EventQueue-PipelineReportForOneReplicaPipelineSafeModeRule] INFO  safemode.SCMSafeModeManager (SCMSafeModeManager.java:validateSafeModeExitRules(214)) - AtleastOneDatanodeReportedRule rule is successfully validated
2020-12-01 16:49:27,603 [EventQueue-NodeRegistrationContainerReportForContainerSafeModeRule] INFO  safemode.SCMSafeModeManager (SCMSafeModeManager.java:validateSafeModeExitRules(214)) - ContainerSafeModeRule rule is successfully validated
2020-12-01 16:49:27,779 [IPC Server handler 2 on default port 40647] INFO  net.NetworkTopologyImpl (NetworkTopologyImpl.java:add(111)) - Added a new node: /default-rack/a52daa0d-9a45-45c6-98a7-f9ed836d8714
2020-12-01 16:49:27,780 [IPC Server handler 2 on default port 40647] INFO  node.SCMNodeManager (SCMNodeManager.java:register(282)) - Registered Data node : a52daa0d-9a45-45c6-98a7-f9ed836d8714{ip: 172.17.0.2, host: 78fb6e686183, networkLocation: /default-rack, certSerialId: null}
2020-12-01 16:49:27,780 [EventQueue-NodeRegistrationContainerReportForContainerSafeModeRule] INFO  safemode.SCMSafeModeManager (SCMSafeModeManager.java:validateSafeModeExitRules(214)) - ContainerSafeModeRule rule is successfully validated
2020-12-01 16:49:27,780 [EventQueue-PipelineReportForOneReplicaPipelineSafeModeRule] INFO  safemode.SCMSafeModeManager (SCMSafeModeManager.java:validateSafeModeExitRules(214)) - AtleastOneDatanodeReportedRule rule is successfully validated
2020-12-01 16:49:27,780 [EventQueue-NodeRegistrationContainerReportForDataNodeSafeModeRule] INFO  safemode.SCMSafeModeManager (SCMSafeModeManager.java:validateSafeModeExitRules(214)) - DataNodeSafeModeRule rule is successfully validated
2020-12-01 16:49:27,781 [RatisPipelineUtilsThread] INFO  pipeline.RatisPipelineProvider (RatisPipelineProvider.java:lambda$create$0(161)) - Sending CreatePipelineCommand for pipeline:PipelineID=694b30bb-ff72-4282-885c-659504b7989a to datanode:a52daa0d-9a45-45c6-98a7-f9ed836d8714
2020-12-01 16:49:27,782 [RatisPipelineUtilsThread] INFO  pipeline.PipelineStateManager (PipelineStateManager.java:addPipeline(54)) - Created pipeline Pipeline[ Id: 694b30bb-ff72-4282-885c-659504b7989a, Nodes: a52daa0d-9a45-45c6-98a7-f9ed836d8714{ip: 172.17.0.2, host: 78fb6e686183, networkLocation: /default-rack, certSerialId: null}, Type:RATIS, Factor:ONE, State:ALLOCATED, leaderId:, CreationTimestamp2020-12-01T16:49:27.781Z]
2020-12-01 16:49:27,782 [RatisPipelineUtilsThread] WARN  pipeline.PipelinePlacementPolicy (PipelinePlacementPolicy.java:filterViableNodes(138)) - Pipeline creation failed due to no sufficient healthy datanodes. Required 3. Found 2.
2020-12-01 16:49:27,957 [IPC Server handler 0 on default port 40647] INFO  net.NetworkTopologyImpl (NetworkTopologyImpl.java:add(111)) - Added a new node: /default-rack/52624640-3a50-44d5-a43a-3863fdb02bf0
2020-12-01 16:49:27,957 [IPC Server handler 0 on default port 40647] INFO  node.SCMNodeManager (SCMNodeManager.java:register(282)) - Registered Data node : 52624640-3a50-44d5-a43a-3863fdb02bf0{ip: 172.17.0.2, host: 78fb6e686183, networkLocation: /default-rack, certSerialId: null}
2020-12-01 16:49:27,957 [RatisPipelineUtilsThread] INFO  pipeline.RatisPipelineProvider (RatisPipelineProvider.java:lambda$create$0(161)) - Sending CreatePipelineCommand for pipeline:PipelineID=e441cfae-c727-4687-ae32-886fce41281a to datanode:52624640-3a50-44d5-a43a-3863fdb02bf0
2020-12-01 16:49:27,957 [Listener at 127.0.0.1/10356] INFO  ozone.MiniOzoneClusterImpl (MiniOzoneClusterImpl.java:lambda$waitForClusterToBeReady$0(178)) - Nodes are ready. Got 3 of 3 DN Heartbeats.
2020-12-01 16:49:27,958 [Listener at 127.0.0.1/10356] INFO  ozone.MiniOzoneClusterImpl (MiniOzoneClusterImpl.java:lambda$waitForClusterToBeReady$0(181)) - Waiting for cluster to exit safe mode
2020-12-01 16:49:27,957 [EventQueue-NodeRegistrationContainerReportForDataNodeSafeModeRule] INFO  safemode.SCMSafeModeManager (SCMSafeModeManager.java:validateSafeModeExitRules(214)) - DataNodeSafeModeRule rule is successfully validated
2020-12-01 16:49:27,958 [EventQueue-PipelineReportForOneReplicaPipelineSafeModeRule] INFO  safemode.SCMSafeModeManager (SCMSafeModeManager.java:validateSafeModeExitRules(214)) - AtleastOneDatanodeReportedRule rule is successfully validated
2020-12-01 16:49:27,958 [EventQueue-NodeRegistrationContainerReportForContainerSafeModeRule] INFO  safemode.SCMSafeModeManager (SCMSafeModeManager.java:validateSafeModeExitRules(214)) - ContainerSafeModeRule rule is successfully validated
2020-12-01 16:49:27,958 [RatisPipelineUtilsThread] INFO  pipeline.PipelineStateManager (PipelineStateManager.java:addPipeline(54)) - Created pipeline Pipeline[ Id: e441cfae-c727-4687-ae32-886fce41281a, Nodes: 52624640-3a50-44d5-a43a-3863fdb02bf0{ip: 172.17.0.2, host: 78fb6e686183, networkLocation: /default-rack, certSerialId: null}, Type:RATIS, Factor:ONE, State:ALLOCATED, leaderId:, CreationTimestamp2020-12-01T16:49:27.957Z]
2020-12-01 16:49:27,958 [RatisPipelineUtilsThread] INFO  pipeline.RatisPipelineProvider (RatisPipelineProvider.java:lambda$create$0(161)) - Sending CreatePipelineCommand for pipeline:PipelineID=b5e1bf05-691c-45ce-a9c7-6be6bfd90ab4 to datanode:a52daa0d-9a45-45c6-98a7-f9ed836d8714
2020-12-01 16:49:27,958 [RatisPipelineUtilsThread] INFO  pipeline.RatisPipelineProvider (RatisPipelineProvider.java:lambda$create$0(161)) - Sending CreatePipelineCommand for pipeline:PipelineID=b5e1bf05-691c-45ce-a9c7-6be6bfd90ab4 to datanode:e3bd6bd1-6148-4375-8d06-ff7f6e457d0a
2020-12-01 16:49:27,959 [RatisPipelineUtilsThread] INFO  pipeline.RatisPipelineProvider (RatisPipelineProvider.java:lambda$create$0(161)) - Sending CreatePipelineCommand for pipeline:PipelineID=b5e1bf05-691c-45ce-a9c7-6be6bfd90ab4 to datanode:52624640-3a50-44d5-a43a-3863fdb02bf0
2020-12-01 16:49:27,959 [RatisPipelineUtilsThread] INFO  pipeline.PipelineStateManager (PipelineStateManager.java:addPipeline(54)) - Created pipeline Pipeline[ Id: b5e1bf05-691c-45ce-a9c7-6be6bfd90ab4, Nodes: a52daa0d-9a45-45c6-98a7-f9ed836d8714{ip: 172.17.0.2, host: 78fb6e686183, networkLocation: /default-rack, certSerialId: null}e3bd6bd1-6148-4375-8d06-ff7f6e457d0a{ip: 172.17.0.2, host: 78fb6e686183, networkLocation: /default-rack, certSerialId: null}52624640-3a50-44d5-a43a-3863fdb02bf0{ip: 172.17.0.2, host: 78fb6e686183, networkLocation: /default-rack, certSerialId: null}, Type:RATIS, Factor:THREE, State:ALLOCATED, leaderId:, CreationTimestamp2020-12-01T16:49:27.958Z]
2020-12-01 16:49:28,958 [Listener at 127.0.0.1/10356] INFO  ozone.MiniOzoneClusterImpl (MiniOzoneClusterImpl.java:lambda$waitForClusterToBeReady$0(178)) - Nodes are ready. Got 3 of 3 DN Heartbeats.
2020-12-01 16:49:28,958 [Listener at 127.0.0.1/10356] INFO  ozone.MiniOzoneClusterImpl (MiniOzoneClusterImpl.java:lambda$waitForClusterToBeReady$0(181)) - Waiting for cluster to exit safe mode
2020-12-01 16:49:29,959 [Listener at 127.0.0.1/10356] INFO  ozone.MiniOzoneClusterImpl (MiniOzoneClusterImpl.java:lambda$waitForClusterToBeReady$0(178)) - Nodes are ready. Got 3 of 3 DN Heartbeats.
2020-12-01 16:49:29,961 [Listener at 127.0.0.1/10356] INFO  ozone.MiniOzoneClusterImpl (MiniOzoneClusterImpl.java:lambda$waitForClusterToBeReady$0(181)) - Waiting for cluster to exit safe mode
2020-12-01 16:49:30,598 [Command processor thread] INFO  impl.RaftServerProxy (RaftServerProxy.java:addNew(93)) - e3bd6bd1-6148-4375-8d06-ff7f6e457d0a: addNew group-2AE202B775D9:[e3bd6bd1-6148-4375-8d06-ff7f6e457d0a|rpc:172.17.0.2:33615] returns group-2AE202B775D9:java.util.concurrent.CompletableFuture@3093499[Not completed]
2020-12-01 16:49:30,602 [pool-173-thread-1] INFO  impl.RaftServerImpl (RaftServerImpl.java:<init>(121)) - e3bd6bd1-6148-4375-8d06-ff7f6e457d0a: new RaftServerImpl for group-2AE202B775D9:[e3bd6bd1-6148-4375-8d06-ff7f6e457d0a|rpc:172.17.0.2:33615] with ContainerStateMachine:uninitialized
2020-12-01 16:49:30,602 [pool-173-thread-1] INFO  server.RaftServerConfigKeys (ConfUtils.java:logGet(44)) - raft.server.rpc.timeout.min = 5s (custom)
2020-12-01 16:49:30,602 [pool-173-thread-1] INFO  server.RaftServerConfigKeys (ConfUtils.java:logGet(44)) - raft.server.rpc.timeout.max = 5200ms (custom)
2020-12-01 16:49:30,602 [pool-173-thread-1] INFO  server.RaftServerConfigKeys (ConfUtils.java:logGet(44)) - raft.server.rpc.slowness.timeout = 300s (custom)
2020-12-01 16:49:30,602 [pool-173-thread-1] INFO  server.RaftServerConfigKeys (ConfUtils.java:logGet(44)) - raft.server.leaderelection.leader.step-down.wait-time = 10s (default)
2020-12-01 16:49:30,602 [pool-173-thread-1] INFO  server.RaftServerConfigKeys (ConfUtils.java:logGet(44)) - raft.server.sleep.deviation.threshold = 300 (default)
2020-12-01 16:49:30,602 [pool-173-thread-1] INFO  server.RaftServerConfigKeys (ConfUtils.java:logGet(44)) - raft.server.log.appender.install.snapshot.enabled = false (custom)
2020-12-01 16:49:30,603 [pool-173-thread-1] INFO  impl.RaftServerImpl (ServerState.java:<init>(104)) - e3bd6bd1-6148-4375-8d06-ff7f6e457d0a@group-2AE202B775D9: ConfigurationManager, init=-1: [e3bd6bd1-6148-4375-8d06-ff7f6e457d0a|rpc:172.17.0.2:33615], old=null, confs=<EMPTY_MAP>
2020-12-01 16:49:30,603 [pool-173-thread-1] INFO  server.RaftServerConfigKeys (ConfUtils.java:logGet(44)) - raft.server.storage.dir = [/github/workspace/mnt/ozone/hadoop-ozone/integration-test/target/test-dir/MiniOzoneClusterImpl-6a576fb6-293f-471c-b07d-839007c369a6/datanode-0/data/ratis] (custom)
2020-12-01 16:49:30,603 [pool-173-thread-1] INFO  server.RaftServerConfigKeys (ConfUtils.java:logGet(44)) - raft.server.log.corruption.policy = EXCEPTION (default)
2020-12-01 16:49:30,604 [pool-173-thread-1] INFO  storage.RaftStorageDirectory (RaftStorageDirectory.java:analyzeStorage(261)) - The storage directory /github/workspace/mnt/ozone/hadoop-ozone/integration-test/target/test-dir/MiniOzoneClusterImpl-6a576fb6-293f-471c-b07d-839007c369a6/datanode-0/data/ratis/f941e954-b93e-4afb-b21e-2ae202b775d9 does not exist. Creating ...
2020-12-01 16:49:30,605 [pool-173-thread-1] INFO  storage.RaftStorageDirectory (RaftStorageDirectory.java:tryLock(343)) - Lock on /github/workspace/mnt/ozone/hadoop-ozone/integration-test/target/test-dir/MiniOzoneClusterImpl-6a576fb6-293f-471c-b07d-839007c369a6/datanode-0/data/ratis/f941e954-b93e-4afb-b21e-2ae202b775d9/in_use.lock acquired by nodename 1352@78fb6e686183
2020-12-01 16:49:30,606 [pool-173-thread-1] INFO  storage.RaftStorage (RaftStorage.java:format(85)) - Storage directory /github/workspace/mnt/ozone/hadoop-ozone/integration-test/target/test-dir/MiniOzoneClusterImpl-6a576fb6-293f-471c-b07d-839007c369a6/datanode-0/data/ratis/f941e954-b93e-4afb-b21e-2ae202b775d9 has been successfully formatted.
2020-12-01 16:49:30,607 [pool-173-thread-1] INFO  ratis.ContainerStateMachine (ContainerStateMachine.java:loadSnapshot(225)) - group-2AE202B775D9: The snapshot info is null. Setting the last applied indexto:(t:0, i:~)
2020-12-01 16:49:30,607 [pool-173-thread-1] INFO  server.RaftServerConfigKeys (ConfUtils.java:logGet(44)) - raft.server.notification.no-leader.timeout = 300s (custom)
2020-12-01 16:49:30,608 [pool-173-thread-1] INFO  server.RaftServerConfigKeys (ConfUtils.java:logGet(44)) - raft.server.log.use.memory = false (default)
2020-12-01 16:49:30,609 [EventQueue-PipelineReportForPipelineReportHandler] INFO  pipeline.PipelineStateManager (PipelineStateManager.java:openPipeline(132)) - Pipeline Pipeline[ Id: f941e954-b93e-4afb-b21e-2ae202b775d9, Nodes: e3bd6bd1-6148-4375-8d06-ff7f6e457d0a{ip: 172.17.0.2, host: 78fb6e686183, networkLocation: /default-rack, certSerialId: null}, Type:RATIS, Factor:ONE, State:ALLOCATED, leaderId:e3bd6bd1-6148-4375-8d06-ff7f6e457d0a, CreationTimestamp2020-12-01T16:49:27.600Z] moved to OPEN state
2020-12-01 16:49:30,609 [EventQueue-PipelineReportForOneReplicaPipelineSafeModeRule] INFO  safemode.SCMSafeModeManager (SCMSafeModeManager.java:validateSafeModeExitRules(214)) - AtleastOneDatanodeReportedRule rule is successfully validated
2020-12-01 16:49:30,610 [pool-173-thread-1] INFO  server.RaftServerConfigKeys (ConfUtils.java:logGet(44)) - raft.server.log.purge.gap = 1000000 (custom)
2020-12-01 16:49:30,610 [pool-173-thread-1] INFO  metrics.RatisMetrics (RatisMetrics.java:lambda$create$0(36)) - Creating Metrics Registry : ratis.log_worker.e3bd6bd1-6148-4375-8d06-ff7f6e457d0a@group-2AE202B775D9
2020-12-01 16:49:30,610 [EventQueue-OpenPipelineForHealthyPipelineSafeModeRule] INFO  safemode.SCMSafeModeManager (HealthyPipelineSafeModeRule.java:process(128)) - SCM in safe mode. Healthy pipelines reported count is 0, required healthy pipeline reported count is 1
2020-12-01 16:49:30,610 [pool-173-thread-1] INFO  server.RaftServerConfigKeys (ConfUtils.java:logGet(44)) - raft.server.log.appender.buffer.byte-limit = 33554432 (custom)
2020-12-01 16:49:30,618 [pool-173-thread-1] INFO  server.RaftServerConfigKeys (ConfUtils.java:logGet(44)) - raft.server.log.segment.size.max = 1048576 (custom)
2020-12-01 16:49:30,619 [pool-173-thread-1] INFO  server.RaftServerConfigKeys (ConfUtils.java:logGet(44)) - raft.server.log.segment.cache.num.max = 2 (custom)
2020-12-01 16:49:30,619 [pool-173-thread-1] INFO  segmented.SegmentedRaftLogWorker (SegmentedRaftLogWorker.java:<init>(180)) - new e3bd6bd1-6148-4375-8d06-ff7f6e457d0a@group-2AE202B775D9-SegmentedRaftLogWorker for RaftStorage:Storage Directory /github/workspace/mnt/ozone/hadoop-ozone/integration-test/target/test-dir/MiniOzoneClusterImpl-6a576fb6-293f-471c-b07d-839007c369a6/datanode-0/data/ratis/f941e954-b93e-4afb-b21e-2ae202b775d9
2020-12-01 16:49:30,619 [pool-173-thread-1] INFO  server.RaftServerConfigKeys (ConfUtils.java:logGet(44)) - raft.server.log.queue.byte-limit = 2147483647 (custom)
2020-12-01 16:49:30,619 [pool-173-thread-1] INFO  server.RaftServerConfigKeys (ConfUtils.java:logGet(44)) - raft.server.log.queue.element-limit = 1024 (custom)
2020-12-01 16:49:30,619 [pool-173-thread-1] INFO  server.RaftServerConfigKeys (ConfUtils.java:logGet(44)) - raft.server.log.segment.size.max = 1048576 (custom)
2020-12-01 16:49:30,619 [pool-173-thread-1] INFO  server.RaftServerConfigKeys (ConfUtils.java:logGet(44)) - raft.server.log.preallocated.size = 16384 (custom)
2020-12-01 16:49:30,619 [pool-173-thread-1] INFO  server.RaftServerConfigKeys (ConfUtils.java:logGet(44)) - raft.server.log.write.buffer.size = 1048576 (custom)
2020-12-01 16:49:30,619 [pool-173-thread-1] INFO  server.RaftServerConfigKeys (ConfUtils.java:logGet(44)) - raft.server.log.force.sync.num = 128 (default)
2020-12-01 16:49:30,619 [pool-173-thread-1] INFO  server.RaftServerConfigKeys (ConfUtils.java:logGet(44)) - raft.server.log.statemachine.data.sync = true (default)
2020-12-01 16:49:30,619 [pool-173-thread-1] INFO  server.RaftServerConfigKeys (ConfUtils.java:logGet(44)) - raft.server.log.statemachine.data.sync.timeout = 10s (default)
2020-12-01 16:49:30,619 [pool-173-thread-1] INFO  server.RaftServerConfigKeys (ConfUtils.java:logGet(44)) - raft.server.log.statemachine.data.sync.timeout.retry = -1 (default)
2020-12-01 16:49:30,620 [pool-173-thread-1] INFO  server.RaftServerConfigKeys (ConfUtils.java:logGet(44)) - raft.server.log.statemachine.data.caching.enabled = true (custom)
2020-12-01 16:49:30,620 [pool-173-thread-1] INFO  segmented.SegmentedRaftLogWorker (SegmentedRaftLogWorker.java:lambda$new$0(129)) - e3bd6bd1-6148-4375-8d06-ff7f6e457d0a@group-2AE202B775D9-SegmentedRaftLogWorker: flushIndex: setUnconditionally 0 -> -1
2020-12-01 16:49:30,621 [pool-173-thread-1] INFO  segmented.SegmentedRaftLogWorker (SegmentedRaftLogWorker.java:lambda$new$0(129)) - e3bd6bd1-6148-4375-8d06-ff7f6e457d0a@group-2AE202B775D9-SegmentedRaftLogWorker: safeCacheEvictIndex: setUnconditionally 0 -> -1
2020-12-01 16:49:30,621 [pool-173-thread-1] INFO  server.RaftServerConfigKeys (ConfUtils.java:logGet(44)) - raft.server.snapshot.auto.trigger.enabled = true (custom)
2020-12-01 16:49:30,621 [pool-173-thread-1] INFO  server.RaftServerConfigKeys (ConfUtils.java:logGet(44)) - raft.server.snapshot.auto.trigger.threshold = 10000 (custom)
2020-12-01 16:49:30,621 [pool-173-thread-1] INFO  server.RaftServerConfigKeys (ConfUtils.java:logGet(44)) - raft.server.snapshot.retention.file.num = 5 (custom)
2020-12-01 16:49:30,621 [pool-173-thread-1] INFO  server.RaftServerConfigKeys (ConfUtils.java:logGet(44)) - raft.server.log.purge.upto.snapshot.index = false (default)
2020-12-01 16:49:30,621 [pool-173-thread-1] INFO  server.RaftServerConfigKeys (ConfUtils.java:logGet(44)) - raft.server.retrycache.expirytime = 600000ms (custom)
2020-12-01 16:49:30,621 [pool-173-thread-1] INFO  metrics.RatisMetrics (RatisMetrics.java:lambda$create$0(36)) - Creating Metrics Registry : ratis.leader_election.e3bd6bd1-6148-4375-8d06-ff7f6e457d0a@group-2AE202B775D9
2020-12-01 16:49:30,622 [pool-173-thread-1] INFO  metrics.RatisMetrics (RatisMetrics.java:lambda$create$0(36)) - Creating Metrics Registry : ratis.server.e3bd6bd1-6148-4375-8d06-ff7f6e457d0a@group-2AE202B775D9
2020-12-01 16:49:30,623 [pool-173-thread-1] INFO  impl.RaftServerImpl (RaftServerImpl.java:start(215)) - e3bd6bd1-6148-4375-8d06-ff7f6e457d0a@group-2AE202B775D9: start as a follower, conf=-1: [e3bd6bd1-6148-4375-8d06-ff7f6e457d0a|rpc:172.17.0.2:33615], old=null
2020-12-01 16:49:30,623 [pool-173-thread-1] INFO  impl.RaftServerImpl (RaftServerImpl.java:setRole(204)) - e3bd6bd1-6148-4375-8d06-ff7f6e457d0a@group-2AE202B775D9: changes role from      null to FOLLOWER at term 0 for startAsFollower
2020-12-01 16:49:30,623 [pool-173-thread-1] INFO  impl.RoleInfo (RoleInfo.java:updateAndGet(143)) - e3bd6bd1-6148-4375-8d06-ff7f6e457d0a: start e3bd6bd1-6148-4375-8d06-ff7f6e457d0a@group-2AE202B775D9-FollowerState
2020-12-01 16:49:30,623 [pool-173-thread-1] INFO  util.JmxRegister (JmxRegister.java:tryRegister(44)) - Successfully registered JMX Bean with object name Ratis:service=RaftServer,group=group-2AE202B775D9,id=e3bd6bd1-6148-4375-8d06-ff7f6e457d0a
2020-12-01 16:49:30,623 [pool-173-thread-1] INFO  metrics.RatisMetrics (RatisMetrics.java:lambda$create$0(36)) - Creating Metrics Registry : ratis.state_machine.e3bd6bd1-6148-4375-8d06-ff7f6e457d0a@group-2AE202B775D9
2020-12-01 16:49:30,624 [Command processor thread] INFO  commandhandler.CreatePipelineCommandHandler (CreatePipelineCommandHandler.java:handle(106)) - Created Pipeline RATIS ONE PipelineID=f941e954-b93e-4afb-b21e-2ae202b775d9.
2020-12-01 16:49:30,624 [Command processor thread] INFO  impl.RaftServerProxy (RaftServerProxy.java:addNew(93)) - e3bd6bd1-6148-4375-8d06-ff7f6e457d0a: addNew group-6BE6BFD90AB4:[52624640-3a50-44d5-a43a-3863fdb02bf0|rpc:172.17.0.2:37353, e3bd6bd1-6148-4375-8d06-ff7f6e457d0a|rpc:172.17.0.2:33615, a52daa0d-9a45-45c6-98a7-f9ed836d8714|rpc:172.17.0.2:44651] returns group-6BE6BFD90AB4:java.util.concurrent.CompletableFuture@736b020[Not completed]
2020-12-01 16:49:30,625 [pool-173-thread-1] INFO  impl.RaftServerImpl (RaftServerImpl.java:<init>(121)) - e3bd6bd1-6148-4375-8d06-ff7f6e457d0a: new RaftServerImpl for group-6BE6BFD90AB4:[52624640-3a50-44d5-a43a-3863fdb02bf0|rpc:172.17.0.2:37353, e3bd6bd1-6148-4375-8d06-ff7f6e457d0a|rpc:172.17.0.2:33615, a52daa0d-9a45-45c6-98a7-f9ed836d8714|rpc:172.17.0.2:44651] with ContainerStateMachine:uninitialized
2020-12-01 16:49:30,625 [pool-173-thread-1] INFO  server.RaftServerConfigKeys (ConfUtils.java:logGet(44)) - raft.server.rpc.timeout.min = 5s (custom)
2020-12-01 16:49:30,625 [pool-173-thread-1] INFO  server.RaftServerConfigKeys (ConfUtils.java:logGet(44)) - raft.server.rpc.timeout.max = 5200ms (custom)
2020-12-01 16:49:30,625 [pool-173-thread-1] INFO  server.RaftServerConfigKeys (ConfUtils.java:logGet(44)) - raft.server.rpc.slowness.timeout = 300s (custom)
2020-12-01 16:49:30,625 [pool-173-thread-1] INFO  server.RaftServerConfigKeys (ConfUtils.java:logGet(44)) - raft.server.leaderelection.leader.step-down.wait-time = 10s (default)
2020-12-01 16:49:30,625 [pool-173-thread-1] INFO  server.RaftServerConfigKeys (ConfUtils.java:logGet(44)) - raft.server.sleep.deviation.threshold = 300 (default)
2020-12-01 16:49:30,625 [pool-173-thread-1] INFO  server.RaftServerConfigKeys (ConfUtils.java:logGet(44)) - raft.server.log.appender.install.snapshot.enabled = false (custom)
2020-12-01 16:49:30,626 [pool-173-thread-1] INFO  impl.RaftServerImpl (ServerState.java:<init>(104)) - e3bd6bd1-6148-4375-8d06-ff7f6e457d0a@group-6BE6BFD90AB4: ConfigurationManager, init=-1: [52624640-3a50-44d5-a43a-3863fdb02bf0|rpc:172.17.0.2:37353, e3bd6bd1-6148-4375-8d06-ff7f6e457d0a|rpc:172.17.0.2:33615, a52daa0d-9a45-45c6-98a7-f9ed836d8714|rpc:172.17.0.2:44651], old=null, confs=<EMPTY_MAP>
2020-12-01 16:49:30,626 [pool-173-thread-1] INFO  server.RaftServerConfigKeys (ConfUtils.java:logGet(44)) - raft.server.storage.dir = [/github/workspace/mnt/ozone/hadoop-ozone/integration-test/target/test-dir/MiniOzoneClusterImpl-6a576fb6-293f-471c-b07d-839007c369a6/datanode-0/data/ratis] (custom)
2020-12-01 16:49:30,626 [pool-173-thread-1] INFO  server.RaftServerConfigKeys (ConfUtils.java:logGet(44)) - raft.server.log.corruption.policy = EXCEPTION (default)
2020-12-01 16:49:30,626 [pool-173-thread-1] INFO  storage.RaftStorageDirectory (RaftStorageDirectory.java:analyzeStorage(261)) - The storage directory /github/workspace/mnt/ozone/hadoop-ozone/integration-test/target/test-dir/MiniOzoneClusterImpl-6a576fb6-293f-471c-b07d-839007c369a6/datanode-0/data/ratis/b5e1bf05-691c-45ce-a9c7-6be6bfd90ab4 does not exist. Creating ...
2020-12-01 16:49:30,627 [pool-173-thread-1] INFO  storage.RaftStorageDirectory (RaftStorageDirectory.java:tryLock(343)) - Lock on /github/workspace/mnt/ozone/hadoop-ozone/integration-test/target/test-dir/MiniOzoneClusterImpl-6a576fb6-293f-471c-b07d-839007c369a6/datanode-0/data/ratis/b5e1bf05-691c-45ce-a9c7-6be6bfd90ab4/in_use.lock acquired by nodename 1352@78fb6e686183
2020-12-01 16:49:30,628 [pool-173-thread-1] INFO  storage.RaftStorage (RaftStorage.java:format(85)) - Storage directory /github/workspace/mnt/ozone/hadoop-ozone/integration-test/target/test-dir/MiniOzoneClusterImpl-6a576fb6-293f-471c-b07d-839007c369a6/datanode-0/data/ratis/b5e1bf05-691c-45ce-a9c7-6be6bfd90ab4 has been successfully formatted.
2020-12-01 16:49:30,628 [pool-173-thread-1] INFO  ratis.ContainerStateMachine (ContainerStateMachine.java:loadSnapshot(225)) - group-6BE6BFD90AB4: The snapshot info is null. Setting the last applied indexto:(t:0, i:~)
2020-12-01 16:49:30,629 [pool-173-thread-1] INFO  server.RaftServerConfigKeys (ConfUtils.java:logGet(44)) - raft.server.notification.no-leader.timeout = 300s (custom)
2020-12-01 16:49:30,629 [pool-173-thread-1] INFO  server.RaftServerConfigKeys (ConfUtils.java:logGet(44)) - raft.server.log.use.memory = false (default)
2020-12-01 16:49:30,629 [pool-173-thread-1] INFO  server.RaftServerConfigKeys (ConfUtils.java:logGet(44)) - raft.server.log.purge.gap = 1000000 (custom)
2020-12-01 16:49:30,629 [pool-173-thread-1] INFO  metrics.RatisMetrics (RatisMetrics.java:lambda$create$0(36)) - Creating Metrics Registry : ratis.log_worker.e3bd6bd1-6148-4375-8d06-ff7f6e457d0a@group-6BE6BFD90AB4
2020-12-01 16:49:30,629 [pool-173-thread-1] INFO  server.RaftServerConfigKeys (ConfUtils.java:logGet(44)) - raft.server.log.appender.buffer.byte-limit = 33554432 (custom)
2020-12-01 16:49:30,629 [pool-173-thread-1] INFO  server.RaftServerConfigKeys (ConfUtils.java:logGet(44)) - raft.server.log.segment.size.max = 1048576 (custom)
2020-12-01 16:49:30,630 [pool-173-thread-1] INFO  server.RaftServerConfigKeys (ConfUtils.java:logGet(44)) - raft.server.log.segment.cache.num.max = 2 (custom)
2020-12-01 16:49:30,630 [pool-173-thread-1] INFO  segmented.SegmentedRaftLogWorker (SegmentedRaftLogWorker.java:<init>(180)) - new e3bd6bd1-6148-4375-8d06-ff7f6e457d0a@group-6BE6BFD90AB4-SegmentedRaftLogWorker for RaftStorage:Storage Directory /github/workspace/mnt/ozone/hadoop-ozone/integration-test/target/test-dir/MiniOzoneClusterImpl-6a576fb6-293f-471c-b07d-839007c369a6/datanode-0/data/ratis/b5e1bf05-691c-45ce-a9c7-6be6bfd90ab4
2020-12-01 16:49:30,630 [pool-173-thread-1] INFO  server.RaftServerConfigKeys (ConfUtils.java:logGet(44)) - raft.server.log.queue.byte-limit = 2147483647 (custom)
2020-12-01 16:49:30,630 [pool-173-thread-1] INFO  server.RaftServerConfigKeys (ConfUtils.java:logGet(44)) - raft.server.log.queue.element-limit = 1024 (custom)
2020-12-01 16:49:30,630 [pool-173-thread-1] INFO  server.RaftServerConfigKeys (ConfUtils.java:logGet(44)) - raft.server.log.segment.size.max = 1048576 (custom)
2020-12-01 16:49:30,630 [pool-173-thread-1] INFO  server.RaftServerConfigKeys (ConfUtils.java:logGet(44)) - raft.server.log.preallocated.size = 16384 (custom)
2020-12-01 16:49:30,630 [pool-173-thread-1] INFO  server.RaftServerConfigKeys (ConfUtils.java:logGet(44)) - raft.server.log.write.buffer.size = 1048576 (custom)
2020-12-01 16:49:30,630 [pool-173-thread-1] INFO  server.RaftServerConfigKeys (ConfUtils.java:logGet(44)) - raft.server.log.force.sync.num = 128 (default)
2020-12-01 16:49:30,630 [pool-173-thread-1] INFO  server.RaftServerConfigKeys (ConfUtils.java:logGet(44)) - raft.server.log.statemachine.data.sync = true (default)
2020-12-01 16:49:30,630 [pool-173-thread-1] INFO  server.RaftServerConfigKeys (ConfUtils.java:logGet(44)) - raft.server.log.statemachine.data.sync.timeout = 10s (default)
2020-12-01 16:49:30,630 [pool-173-thread-1] INFO  server.RaftServerConfigKeys (ConfUtils.java:logGet(44)) - raft.server.log.statemachine.data.sync.timeout.retry = -1 (default)
2020-12-01 16:49:30,630 [EventQueue-PipelineReportForOneReplicaPipelineSafeModeRule] INFO  safemode.SCMSafeModeManager (SCMSafeModeManager.java:validateSafeModeExitRules(214)) - AtleastOneDatanodeReportedRule rule is successfully validated
2020-12-01 16:49:30,631 [EventQueue-OpenPipelineForHealthyPipelineSafeModeRule] INFO  safemode.SCMSafeModeManager (HealthyPipelineSafeModeRule.java:process(128)) - SCM in safe mode. Healthy pipelines reported count is 0, required healthy pipeline reported count is 1
2020-12-01 16:49:30,632 [pool-173-thread-1] INFO  server.RaftServerConfigKeys (ConfUtils.java:logGet(44)) - raft.server.log.statemachine.data.caching.enabled = true (custom)
2020-12-01 16:49:30,632 [pool-173-thread-1] INFO  segmented.SegmentedRaftLogWorker (SegmentedRaftLogWorker.java:lambda$new$0(129)) - e3bd6bd1-6148-4375-8d06-ff7f6e457d0a@group-6BE6BFD90AB4-SegmentedRaftLogWorker: flushIndex: setUnconditionally 0 -> -1
2020-12-01 16:49:30,632 [pool-173-thread-1] INFO  segmented.SegmentedRaftLogWorker (SegmentedRaftLogWorker.java:lambda$new$0(129)) - e3bd6bd1-6148-4375-8d06-ff7f6e457d0a@group-6BE6BFD90AB4-SegmentedRaftLogWorker: safeCacheEvictIndex: setUnconditionally 0 -> -1
2020-12-01 16:49:30,634 [pool-173-thread-1] INFO  server.RaftServerConfigKeys (ConfUtils.java:logGet(44)) - raft.server.snapshot.auto.trigger.enabled = true (custom)
2020-12-01 16:49:30,634 [pool-173-thread-1] INFO  server.RaftServerConfigKeys (ConfUtils.java:logGet(44)) - raft.server.snapshot.auto.trigger.threshold = 10000 (custom)
2020-12-01 16:49:30,634 [pool-173-thread-1] INFO  server.RaftServerConfigKeys (ConfUtils.java:logGet(44)) - raft.server.snapshot.retention.file.num = 5 (custom)
2020-12-01 16:49:30,634 [pool-173-thread-1] INFO  server.RaftServerConfigKeys (ConfUtils.java:logGet(44)) - raft.server.log.purge.upto.snapshot.index = false (default)
2020-12-01 16:49:30,634 [pool-173-thread-1] INFO  server.RaftServerConfigKeys (ConfUtils.java:logGet(44)) - raft.server.retrycache.expirytime = 600000ms (custom)
2020-12-01 16:49:30,634 [pool-173-thread-1] INFO  metrics.RatisMetrics (RatisMetrics.java:lambda$create$0(36)) - Creating Metrics Registry : ratis.leader_election.e3bd6bd1-6148-4375-8d06-ff7f6e457d0a@group-6BE6BFD90AB4
2020-12-01 16:49:30,635 [pool-173-thread-1] INFO  metrics.RatisMetrics (RatisMetrics.java:lambda$create$0(36)) - Creating Metrics Registry : ratis.server.e3bd6bd1-6148-4375-8d06-ff7f6e457d0a@group-6BE6BFD90AB4
2020-12-01 16:49:30,636 [pool-173-thread-1] INFO  impl.RaftServerImpl (RaftServerImpl.java:start(215)) - e3bd6bd1-6148-4375-8d06-ff7f6e457d0a@group-6BE6BFD90AB4: start as a follower, conf=-1: [52624640-3a50-44d5-a43a-3863fdb02bf0|rpc:172.17.0.2:37353, e3bd6bd1-6148-4375-8d06-ff7f6e457d0a|rpc:172.17.0.2:33615, a52daa0d-9a45-45c6-98a7-f9ed836d8714|rpc:172.17.0.2:44651], old=null
2020-12-01 16:49:30,636 [pool-173-thread-1] INFO  impl.RaftServerImpl (RaftServerImpl.java:setRole(204)) - e3bd6bd1-6148-4375-8d06-ff7f6e457d0a@group-6BE6BFD90AB4: changes role from      null to FOLLOWER at term 0 for startAsFollower
2020-12-01 16:49:30,636 [pool-173-thread-1] INFO  impl.RoleInfo (RoleInfo.java:updateAndGet(143)) - e3bd6bd1-6148-4375-8d06-ff7f6e457d0a: start e3bd6bd1-6148-4375-8d06-ff7f6e457d0a@group-6BE6BFD90AB4-FollowerState
2020-12-01 16:49:30,636 [pool-173-thread-1] INFO  util.JmxRegister (JmxRegister.java:tryRegister(44)) - Successfully registered JMX Bean with object name Ratis:service=RaftServer,group=group-6BE6BFD90AB4,id=e3bd6bd1-6148-4375-8d06-ff7f6e457d0a
2020-12-01 16:49:30,636 [pool-173-thread-1] INFO  metrics.RatisMetrics (RatisMetrics.java:lambda$create$0(36)) - Creating Metrics Registry : ratis.state_machine.e3bd6bd1-6148-4375-8d06-ff7f6e457d0a@group-6BE6BFD90AB4
2020-12-01 16:49:30,639 [Command processor thread] INFO  metrics.RatisMetrics (RatisMetrics.java:lambda$create$0(36)) - Creating Metrics Registry : ratis.client_message_metrics.client-7B9335D0DF1A->a52daa0d-9a45-45c6-98a7-f9ed836d8714
2020-12-01 16:49:30,647 [grpc-default-executor-0] INFO  metrics.RatisMetrics (RatisMetrics.java:lambda$create$0(36)) - Creating Metrics Registry : ratis.server_message_metrics.a52daa0d-9a45-45c6-98a7-f9ed836d8714
2020-12-01 16:49:30,659 [grpc-default-executor-0] INFO  impl.RaftServerProxy (RaftServerProxy.java:addNew(93)) - a52daa0d-9a45-45c6-98a7-f9ed836d8714: addNew group-6BE6BFD90AB4:[52624640-3a50-44d5-a43a-3863fdb02bf0|rpc:172.17.0.2:37353|dataStream:, e3bd6bd1-6148-4375-8d06-ff7f6e457d0a|rpc:172.17.0.2:33615|dataStream:, a52daa0d-9a45-45c6-98a7-f9ed836d8714|rpc:172.17.0.2:44651|dataStream:] returns group-6BE6BFD90AB4:java.util.concurrent.CompletableFuture@77d970c3[Not completed]
2020-12-01 16:49:30,660 [pool-189-thread-1] INFO  impl.RaftServerImpl (RaftServerImpl.java:<init>(121)) - a52daa0d-9a45-45c6-98a7-f9ed836d8714: new RaftServerImpl for group-6BE6BFD90AB4:[52624640-3a50-44d5-a43a-3863fdb02bf0|rpc:172.17.0.2:37353|dataStream:, e3bd6bd1-6148-4375-8d06-ff7f6e457d0a|rpc:172.17.0.2:33615|dataStream:, a52daa0d-9a45-45c6-98a7-f9ed836d8714|rpc:172.17.0.2:44651|dataStream:] with ContainerStateMachine:uninitialized
2020-12-01 16:49:30,660 [pool-189-thread-1] INFO  server.RaftServerConfigKeys (ConfUtils.java:logGet(44)) - raft.server.rpc.timeout.min = 5s (custom)
2020-12-01 16:49:30,660 [pool-189-thread-1] INFO  server.RaftServerConfigKeys (ConfUtils.java:logGet(44)) - raft.server.rpc.timeout.max = 5200ms (custom)
2020-12-01 16:49:30,660 [pool-189-thread-1] INFO  server.RaftServerConfigKeys (ConfUtils.java:logGet(44)) - raft.server.rpc.slowness.timeout = 300s (custom)
2020-12-01 16:49:30,660 [pool-189-thread-1] INFO  server.RaftServerConfigKeys (ConfUtils.java:logGet(44)) - raft.server.leaderelection.leader.step-down.wait-time = 10s (default)
2020-12-01 16:49:30,660 [pool-189-thread-1] INFO  server.RaftServerConfigKeys (ConfUtils.java:logGet(44)) - raft.server.sleep.deviation.threshold = 300 (default)
2020-12-01 16:49:30,661 [pool-189-thread-1] INFO  server.RaftServerConfigKeys (ConfUtils.java:logGet(44)) - raft.server.log.appender.install.snapshot.enabled = false (custom)
2020-12-01 16:49:30,661 [pool-189-thread-1] INFO  impl.RaftServerImpl (ServerState.java:<init>(104)) - a52daa0d-9a45-45c6-98a7-f9ed836d8714@group-6BE6BFD90AB4: ConfigurationManager, init=-1: [52624640-3a50-44d5-a43a-3863fdb02bf0|rpc:172.17.0.2:37353|dataStream:, e3bd6bd1-6148-4375-8d06-ff7f6e457d0a|rpc:172.17.0.2:33615|dataStream:, a52daa0d-9a45-45c6-98a7-f9ed836d8714|rpc:172.17.0.2:44651|dataStream:], old=null, confs=<EMPTY_MAP>
2020-12-01 16:49:30,661 [pool-189-thread-1] INFO  server.RaftServerConfigKeys (ConfUtils.java:logGet(44)) - raft.server.storage.dir = [/github/workspace/mnt/ozone/hadoop-ozone/integration-test/target/test-dir/MiniOzoneClusterImpl-6a576fb6-293f-471c-b07d-839007c369a6/datanode-1/data/ratis] (custom)
2020-12-01 16:49:30,661 [pool-189-thread-1] INFO  server.RaftServerConfigKeys (ConfUtils.java:logGet(44)) - raft.server.log.corruption.policy = EXCEPTION (default)
2020-12-01 16:49:30,661 [pool-189-thread-1] INFO  storage.RaftStorageDirectory (RaftStorageDirectory.java:analyzeStorage(261)) - The storage directory /github/workspace/mnt/ozone/hadoop-ozone/integration-test/target/test-dir/MiniOzoneClusterImpl-6a576fb6-293f-471c-b07d-839007c369a6/datanode-1/data/ratis/b5e1bf05-691c-45ce-a9c7-6be6bfd90ab4 does not exist. Creating ...
2020-12-01 16:49:30,663 [pool-189-thread-1] INFO  storage.RaftStorageDirectory (RaftStorageDirectory.java:tryLock(343)) - Lock on /github/workspace/mnt/ozone/hadoop-ozone/integration-test/target/test-dir/MiniOzoneClusterImpl-6a576fb6-293f-471c-b07d-839007c369a6/datanode-1/data/ratis/b5e1bf05-691c-45ce-a9c7-6be6bfd90ab4/in_use.lock acquired by nodename 1352@78fb6e686183
2020-12-01 16:49:30,664 [pool-189-thread-1] INFO  storage.RaftStorage (RaftStorage.java:format(85)) - Storage directory /github/workspace/mnt/ozone/hadoop-ozone/integration-test/target/test-dir/MiniOzoneClusterImpl-6a576fb6-293f-471c-b07d-839007c369a6/datanode-1/data/ratis/b5e1bf05-691c-45ce-a9c7-6be6bfd90ab4 has been successfully formatted.
2020-12-01 16:49:30,664 [pool-189-thread-1] INFO  ratis.ContainerStateMachine (ContainerStateMachine.java:loadSnapshot(225)) - group-6BE6BFD90AB4: The snapshot info is null. Setting the last applied indexto:(t:0, i:~)
2020-12-01 16:49:30,665 [pool-189-thread-1] INFO  server.RaftServerConfigKeys (ConfUtils.java:logGet(44)) - raft.server.notification.no-leader.timeout = 300s (custom)
2020-12-01 16:49:30,665 [pool-189-thread-1] INFO  server.RaftServerConfigKeys (ConfUtils.java:logGet(44)) - raft.server.log.use.memory = false (default)
2020-12-01 16:49:30,666 [EventQueue-PipelineReportForOneReplicaPipelineSafeModeRule] INFO  safemode.SCMSafeModeManager (SCMSafeModeManager.java:validateSafeModeExitRules(214)) - AtleastOneDatanodeReportedRule rule is successfully validated
2020-12-01 16:49:30,667 [pool-189-thread-1] INFO  server.RaftServerConfigKeys (ConfUtils.java:logGet(44)) - raft.server.log.purge.gap = 1000000 (custom)
2020-12-01 16:49:30,667 [pool-189-thread-1] INFO  metrics.RatisMetrics (RatisMetrics.java:lambda$create$0(36)) - Creating Metrics Registry : ratis.log_worker.a52daa0d-9a45-45c6-98a7-f9ed836d8714@group-6BE6BFD90AB4
2020-12-01 16:49:30,667 [pool-189-thread-1] INFO  server.RaftServerConfigKeys (ConfUtils.java:logGet(44)) - raft.server.log.appender.buffer.byte-limit = 33554432 (custom)
2020-12-01 16:49:30,667 [pool-189-thread-1] INFO  server.RaftServerConfigKeys (ConfUtils.java:logGet(44)) - raft.server.log.segment.size.max = 1048576 (custom)
2020-12-01 16:49:30,668 [pool-189-thread-1] INFO  server.RaftServerConfigKeys (ConfUtils.java:logGet(44)) - raft.server.log.segment.cache.num.max = 2 (custom)
2020-12-01 16:49:30,668 [pool-189-thread-1] INFO  segmented.SegmentedRaftLogWorker (SegmentedRaftLogWorker.java:<init>(180)) - new a52daa0d-9a45-45c6-98a7-f9ed836d8714@group-6BE6BFD90AB4-SegmentedRaftLogWorker for RaftStorage:Storage Directory /github/workspace/mnt/ozone/hadoop-ozone/integration-test/target/test-dir/MiniOzoneClusterImpl-6a576fb6-293f-471c-b07d-839007c369a6/datanode-1/data/ratis/b5e1bf05-691c-45ce-a9c7-6be6bfd90ab4
2020-12-01 16:49:30,668 [pool-189-thread-1] INFO  server.RaftServerConfigKeys (ConfUtils.java:logGet(44)) - raft.server.log.queue.byte-limit = 2147483647 (custom)
2020-12-01 16:49:30,668 [pool-189-thread-1] INFO  server.RaftServerConfigKeys (ConfUtils.java:logGet(44)) - raft.server.log.queue.element-limit = 1024 (custom)
2020-12-01 16:49:30,668 [pool-189-thread-1] INFO  server.RaftServerConfigKeys (ConfUtils.java:logGet(44)) - raft.server.log.segment.size.max = 1048576 (custom)
2020-12-01 16:49:30,668 [pool-189-thread-1] INFO  server.RaftServerConfigKeys (ConfUtils.java:logGet(44)) - raft.server.log.preallocated.size = 16384 (custom)
2020-12-01 16:49:30,668 [pool-189-thread-1] INFO  server.RaftServerConfigKeys (ConfUtils.java:logGet(44)) - raft.server.log.write.buffer.size = 1048576 (custom)
2020-12-01 16:49:30,668 [pool-189-thread-1] INFO  server.RaftServerConfigKeys (ConfUtils.java:logGet(44)) - raft.server.log.force.sync.num = 128 (default)
2020-12-01 16:49:30,668 [pool-189-thread-1] INFO  server.RaftServerConfigKeys (ConfUtils.java:logGet(44)) - raft.server.log.statemachine.data.sync = true (default)
2020-12-01 16:49:30,668 [pool-189-thread-1] INFO  server.RaftServerConfigKeys (ConfUtils.java:logGet(44)) - raft.server.log.statemachine.data.sync.timeout = 10s (default)
2020-12-01 16:49:30,669 [pool-189-thread-1] INFO  server.RaftServerConfigKeys (ConfUtils.java:logGet(44)) - raft.server.log.statemachine.data.sync.timeout.retry = -1 (default)
2020-12-01 16:49:30,670 [pool-189-thread-1] INFO  server.RaftServerConfigKeys (ConfUtils.java:logGet(44)) - raft.server.log.statemachine.data.caching.enabled = true (custom)
2020-12-01 16:49:30,670 [pool-189-thread-1] INFO  segmented.SegmentedRaftLogWorker (SegmentedRaftLogWorker.java:lambda$new$0(129)) - a52daa0d-9a45-45c6-98a7-f9ed836d8714@group-6BE6BFD90AB4-SegmentedRaftLogWorker: flushIndex: setUnconditionally 0 -> -1
2020-12-01 16:49:30,670 [pool-189-thread-1] INFO  segmented.SegmentedRaftLogWorker (SegmentedRaftLogWorker.java:lambda$new$0(129)) - a52daa0d-9a45-45c6-98a7-f9ed836d8714@group-6BE6BFD90AB4-SegmentedRaftLogWorker: safeCacheEvictIndex: setUnconditionally 0 -> -1
2020-12-01 16:49:30,670 [pool-189-thread-1] INFO  server.RaftServerConfigKeys (ConfUtils.java:logGet(44)) - raft.server.snapshot.auto.trigger.enabled = true (custom)
2020-12-01 16:49:30,670 [pool-189-thread-1] INFO  server.RaftServerConfigKeys (ConfUtils.java:logGet(44)) - raft.server.snapshot.auto.trigger.threshold = 10000 (custom)
2020-12-01 16:49:30,670 [pool-189-thread-1] INFO  server.RaftServerConfigKeys (ConfUtils.java:logGet(44)) - raft.server.snapshot.retention.file.num = 5 (custom)
2020-12-01 16:49:30,670 [pool-189-thread-1] INFO  server.RaftServerConfigKeys (ConfUtils.java:logGet(44)) - raft.server.log.purge.upto.snapshot.index = false (default)
2020-12-01 16:49:30,670 [pool-189-thread-1] INFO  server.RaftServerConfigKeys (ConfUtils.java:logGet(44)) - raft.server.retrycache.expirytime = 600000ms (custom)
2020-12-01 16:49:30,671 [pool-189-thread-1] INFO  metrics.RatisMetrics (RatisMetrics.java:lambda$create$0(36)) - Creating Metrics Registry : ratis.leader_election.a52daa0d-9a45-45c6-98a7-f9ed836d8714@group-6BE6BFD90AB4
2020-12-01 16:49:30,671 [pool-189-thread-1] INFO  metrics.RatisMetrics (RatisMetrics.java:lambda$create$0(36)) - Creating Metrics Registry : ratis.server.a52daa0d-9a45-45c6-98a7-f9ed836d8714@group-6BE6BFD90AB4
2020-12-01 16:49:30,672 [pool-189-thread-1] INFO  impl.RaftServerImpl (RaftServerImpl.java:start(215)) - a52daa0d-9a45-45c6-98a7-f9ed836d8714@group-6BE6BFD90AB4: start as a follower, conf=-1: [52624640-3a50-44d5-a43a-3863fdb02bf0|rpc:172.17.0.2:37353|dataStream:, e3bd6bd1-6148-4375-8d06-ff7f6e457d0a|rpc:172.17.0.2:33615|dataStream:, a52daa0d-9a45-45c6-98a7-f9ed836d8714|rpc:172.17.0.2:44651|dataStream:], old=null
2020-12-01 16:49:30,672 [pool-189-thread-1] INFO  impl.RaftServerImpl (RaftServerImpl.java:setRole(204)) - a52daa0d-9a45-45c6-98a7-f9ed836d8714@group-6BE6BFD90AB4: changes role from      null to FOLLOWER at term 0 for startAsFollower
2020-12-01 16:49:30,672 [pool-189-thread-1] INFO  impl.RoleInfo (RoleInfo.java:updateAndGet(143)) - a52daa0d-9a45-45c6-98a7-f9ed836d8714: start a52daa0d-9a45-45c6-98a7-f9ed836d8714@group-6BE6BFD90AB4-FollowerState
2020-12-01 16:49:30,674 [pool-189-thread-1] INFO  util.JmxRegister (JmxRegister.java:tryRegister(44)) - Successfully registered JMX Bean with object name Ratis:service=RaftServer,group=group-6BE6BFD90AB4,id=a52daa0d-9a45-45c6-98a7-f9ed836d8714
2020-12-01 16:49:30,674 [pool-189-thread-1] INFO  metrics.RatisMetrics (RatisMetrics.java:lambda$create$0(36)) - Creating Metrics Registry : ratis.state_machine.a52daa0d-9a45-45c6-98a7-f9ed836d8714@group-6BE6BFD90AB4
2020-12-01 16:49:30,682 [Command processor thread] INFO  metrics.RatisMetrics (RatisMetrics.java:lambda$create$0(36)) - Creating Metrics Registry : ratis.client_message_metrics.client-7A0F8914778D->52624640-3a50-44d5-a43a-3863fdb02bf0
2020-12-01 16:49:30,688 [grpc-default-executor-0] INFO  metrics.RatisMetrics (RatisMetrics.java:lambda$create$0(36)) - Creating Metrics Registry : ratis.server_message_metrics.52624640-3a50-44d5-a43a-3863fdb02bf0
2020-12-01 16:49:30,701 [grpc-default-executor-0] INFO  impl.RaftServerProxy (RaftServerProxy.java:addNew(93)) - 52624640-3a50-44d5-a43a-3863fdb02bf0: addNew group-6BE6BFD90AB4:[52624640-3a50-44d5-a43a-3863fdb02bf0|rpc:172.17.0.2:37353|dataStream:, e3bd6bd1-6148-4375-8d06-ff7f6e457d0a|rpc:172.17.0.2:33615|dataStream:, a52daa0d-9a45-45c6-98a7-f9ed836d8714|rpc:172.17.0.2:44651|dataStream:] returns group-6BE6BFD90AB4:java.util.concurrent.CompletableFuture@7c0e5cd1[Not completed]
2020-12-01 16:49:30,704 [pool-205-thread-1] INFO  impl.RaftServerImpl (RaftServerImpl.java:<init>(121)) - 52624640-3a50-44d5-a43a-3863fdb02bf0: new RaftServerImpl for group-6BE6BFD90AB4:[52624640-3a50-44d5-a43a-3863fdb02bf0|rpc:172.17.0.2:37353|dataStream:, e3bd6bd1-6148-4375-8d06-ff7f6e457d0a|rpc:172.17.0.2:33615|dataStream:, a52daa0d-9a45-45c6-98a7-f9ed836d8714|rpc:172.17.0.2:44651|dataStream:] with ContainerStateMachine:uninitialized
2020-12-01 16:49:30,705 [pool-205-thread-1] INFO  server.RaftServerConfigKeys (ConfUtils.java:logGet(44)) - raft.server.rpc.timeout.min = 5s (custom)
2020-12-01 16:49:30,705 [pool-205-thread-1] INFO  server.RaftServerConfigKeys (ConfUtils.java:logGet(44)) - raft.server.rpc.timeout.max = 5200ms (custom)
2020-12-01 16:49:30,706 [pool-205-thread-1] INFO  server.RaftServerConfigKeys (ConfUtils.java:logGet(44)) - raft.server.rpc.slowness.timeout = 300s (custom)
2020-12-01 16:49:30,706 [pool-205-thread-1] INFO  server.RaftServerConfigKeys (ConfUtils.java:logGet(44)) - raft.server.leaderelection.leader.step-down.wait-time = 10s (default)
2020-12-01 16:49:30,706 [pool-205-thread-1] INFO  server.RaftServerConfigKeys (ConfUtils.java:logGet(44)) - raft.server.sleep.deviation.threshold = 300 (default)
2020-12-01 16:49:30,706 [pool-205-thread-1] INFO  server.RaftServerConfigKeys (ConfUtils.java:logGet(44)) - raft.server.log.appender.install.snapshot.enabled = false (custom)
2020-12-01 16:49:30,706 [pool-205-thread-1] INFO  impl.RaftServerImpl (ServerState.java:<init>(104)) - 52624640-3a50-44d5-a43a-3863fdb02bf0@group-6BE6BFD90AB4: ConfigurationManager, init=-1: [52624640-3a50-44d5-a43a-3863fdb02bf0|rpc:172.17.0.2:37353|dataStream:, e3bd6bd1-6148-4375-8d06-ff7f6e457d0a|rpc:172.17.0.2:33615|dataStream:, a52daa0d-9a45-45c6-98a7-f9ed836d8714|rpc:172.17.0.2:44651|dataStream:], old=null, confs=<EMPTY_MAP>
2020-12-01 16:49:30,706 [pool-205-thread-1] INFO  server.RaftServerConfigKeys (ConfUtils.java:logGet(44)) - raft.server.storage.dir = [/github/workspace/mnt/ozone/hadoop-ozone/integration-test/target/test-dir/MiniOzoneClusterImpl-6a576fb6-293f-471c-b07d-839007c369a6/datanode-2/data/ratis] (custom)
2020-12-01 16:49:30,706 [pool-205-thread-1] INFO  server.RaftServerConfigKeys (ConfUtils.java:logGet(44)) - raft.server.log.corruption.policy = EXCEPTION (default)
2020-12-01 16:49:30,706 [pool-205-thread-1] INFO  storage.RaftStorageDirectory (RaftStorageDirectory.java:analyzeStorage(261)) - The storage directory /github/workspace/mnt/ozone/hadoop-ozone/integration-test/target/test-dir/MiniOzoneClusterImpl-6a576fb6-293f-471c-b07d-839007c369a6/datanode-2/data/ratis/b5e1bf05-691c-45ce-a9c7-6be6bfd90ab4 does not exist. Creating ...
2020-12-01 16:49:30,708 [pool-205-thread-1] INFO  storage.RaftStorageDirectory (RaftStorageDirectory.java:tryLock(343)) - Lock on /github/workspace/mnt/ozone/hadoop-ozone/integration-test/target/test-dir/MiniOzoneClusterImpl-6a576fb6-293f-471c-b07d-839007c369a6/datanode-2/data/ratis/b5e1bf05-691c-45ce-a9c7-6be6bfd90ab4/in_use.lock acquired by nodename 1352@78fb6e686183
2020-12-01 16:49:30,709 [pool-205-thread-1] INFO  storage.RaftStorage (RaftStorage.java:format(85)) - Storage directory /github/workspace/mnt/ozone/hadoop-ozone/integration-test/target/test-dir/MiniOzoneClusterImpl-6a576fb6-293f-471c-b07d-839007c369a6/datanode-2/data/ratis/b5e1bf05-691c-45ce-a9c7-6be6bfd90ab4 has been successfully formatted.
2020-12-01 16:49:30,710 [pool-205-thread-1] INFO  ratis.ContainerStateMachine (ContainerStateMachine.java:loadSnapshot(225)) - group-6BE6BFD90AB4: The snapshot info is null. Setting the last applied indexto:(t:0, i:~)
2020-12-01 16:49:30,711 [pool-205-thread-1] INFO  server.RaftServerConfigKeys (ConfUtils.java:logGet(44)) - raft.server.notification.no-leader.timeout = 300s (custom)
2020-12-01 16:49:30,711 [pool-205-thread-1] INFO  server.RaftServerConfigKeys (ConfUtils.java:logGet(44)) - raft.server.log.use.memory = false (default)
2020-12-01 16:49:30,711 [pool-205-thread-1] INFO  server.RaftServerConfigKeys (ConfUtils.java:logGet(44)) - raft.server.log.purge.gap = 1000000 (custom)
2020-12-01 16:49:30,711 [pool-205-thread-1] INFO  metrics.RatisMetrics (RatisMetrics.java:lambda$create$0(36)) - Creating Metrics Registry : ratis.log_worker.52624640-3a50-44d5-a43a-3863fdb02bf0@group-6BE6BFD90AB4
2020-12-01 16:49:30,711 [EventQueue-PipelineReportForOneReplicaPipelineSafeModeRule] INFO  safemode.SCMSafeModeManager (SCMSafeModeManager.java:validateSafeModeExitRules(214)) - AtleastOneDatanodeReportedRule rule is successfully validated
2020-12-01 16:49:30,711 [pool-205-thread-1] INFO  server.RaftServerConfigKeys (ConfUtils.java:logGet(44)) - raft.server.log.appender.buffer.byte-limit = 33554432 (custom)
2020-12-01 16:49:30,712 [pool-205-thread-1] INFO  server.RaftServerConfigKeys (ConfUtils.java:logGet(44)) - raft.server.log.segment.size.max = 1048576 (custom)
2020-12-01 16:49:30,712 [pool-205-thread-1] INFO  server.RaftServerConfigKeys (ConfUtils.java:logGet(44)) - raft.server.log.segment.cache.num.max = 2 (custom)
2020-12-01 16:49:30,712 [pool-205-thread-1] INFO  segmented.SegmentedRaftLogWorker (SegmentedRaftLogWorker.java:<init>(180)) - new 52624640-3a50-44d5-a43a-3863fdb02bf0@group-6BE6BFD90AB4-SegmentedRaftLogWorker for RaftStorage:Storage Directory /github/workspace/mnt/ozone/hadoop-ozone/integration-test/target/test-dir/MiniOzoneClusterImpl-6a576fb6-293f-471c-b07d-839007c369a6/datanode-2/data/ratis/b5e1bf05-691c-45ce-a9c7-6be6bfd90ab4
2020-12-01 16:49:30,712 [pool-205-thread-1] INFO  server.RaftServerConfigKeys (ConfUtils.java:logGet(44)) - raft.server.log.queue.byte-limit = 2147483647 (custom)
2020-12-01 16:49:30,712 [pool-205-thread-1] INFO  server.RaftServerConfigKeys (ConfUtils.java:logGet(44)) - raft.server.log.queue.element-limit = 1024 (custom)
2020-12-01 16:49:30,712 [pool-205-thread-1] INFO  server.RaftServerConfigKeys (ConfUtils.java:logGet(44)) - raft.server.log.segment.size.max = 1048576 (custom)
2020-12-01 16:49:30,712 [pool-205-thread-1] INFO  server.RaftServerConfigKeys (ConfUtils.java:logGet(44)) - raft.server.log.preallocated.size = 16384 (custom)
2020-12-01 16:49:30,713 [pool-205-thread-1] INFO  server.RaftServerConfigKeys (ConfUtils.java:logGet(44)) - raft.server.log.write.buffer.size = 1048576 (custom)
2020-12-01 16:49:30,713 [pool-205-thread-1] INFO  server.RaftServerConfigKeys (ConfUtils.java:logGet(44)) - raft.server.log.force.sync.num = 128 (default)
2020-12-01 16:49:30,713 [pool-205-thread-1] INFO  server.RaftServerConfigKeys (ConfUtils.java:logGet(44)) - raft.server.log.statemachine.data.sync = true (default)
2020-12-01 16:49:30,713 [pool-205-thread-1] INFO  server.RaftServerConfigKeys (ConfUtils.java:logGet(44)) - raft.server.log.statemachine.data.sync.timeout = 10s (default)
2020-12-01 16:49:30,713 [pool-205-thread-1] INFO  server.RaftServerConfigKeys (ConfUtils.java:logGet(44)) - raft.server.log.statemachine.data.sync.timeout.retry = -1 (default)
2020-12-01 16:49:30,714 [pool-205-thread-1] INFO  server.RaftServerConfigKeys (ConfUtils.java:logGet(44)) - raft.server.log.statemachine.data.caching.enabled = true (custom)
2020-12-01 16:49:30,715 [pool-205-thread-1] INFO  segmented.SegmentedRaftLogWorker (SegmentedRaftLogWorker.java:lambda$new$0(129)) - 52624640-3a50-44d5-a43a-3863fdb02bf0@group-6BE6BFD90AB4-SegmentedRaftLogWorker: flushIndex: setUnconditionally 0 -> -1
2020-12-01 16:49:30,715 [pool-205-thread-1] INFO  segmented.SegmentedRaftLogWorker (SegmentedRaftLogWorker.java:lambda$new$0(129)) - 52624640-3a50-44d5-a43a-3863fdb02bf0@group-6BE6BFD90AB4-SegmentedRaftLogWorker: safeCacheEvictIndex: setUnconditionally 0 -> -1
2020-12-01 16:49:30,715 [pool-205-thread-1] INFO  server.RaftServerConfigKeys (ConfUtils.java:logGet(44)) - raft.server.snapshot.auto.trigger.enabled = true (custom)
2020-12-01 16:49:30,715 [pool-205-thread-1] INFO  server.RaftServerConfigKeys (ConfUtils.java:logGet(44)) - raft.server.snapshot.auto.trigger.threshold = 10000 (custom)
2020-12-01 16:49:30,715 [pool-205-thread-1] INFO  server.RaftServerConfigKeys (ConfUtils.java:logGet(44)) - raft.server.snapshot.retention.file.num = 5 (custom)
2020-12-01 16:49:30,715 [pool-205-thread-1] INFO  server.RaftServerConfigKeys (ConfUtils.java:logGet(44)) - raft.server.log.purge.upto.snapshot.index = false (default)
2020-12-01 16:49:30,715 [pool-205-thread-1] INFO  server.RaftServerConfigKeys (ConfUtils.java:logGet(44)) - raft.server.retrycache.expirytime = 600000ms (custom)
2020-12-01 16:49:30,715 [pool-205-thread-1] INFO  metrics.RatisMetrics (RatisMetrics.java:lambda$create$0(36)) - Creating Metrics Registry : ratis.leader_election.52624640-3a50-44d5-a43a-3863fdb02bf0@group-6BE6BFD90AB4
2020-12-01 16:49:30,716 [pool-205-thread-1] INFO  metrics.RatisMetrics (RatisMetrics.java:lambda$create$0(36)) - Creating Metrics Registry : ratis.server.52624640-3a50-44d5-a43a-3863fdb02bf0@group-6BE6BFD90AB4
2020-12-01 16:49:30,716 [pool-205-thread-1] INFO  impl.RaftServerImpl (RaftServerImpl.java:start(215)) - 52624640-3a50-44d5-a43a-3863fdb02bf0@group-6BE6BFD90AB4: start as a follower, conf=-1: [52624640-3a50-44d5-a43a-3863fdb02bf0|rpc:172.17.0.2:37353|dataStream:, e3bd6bd1-6148-4375-8d06-ff7f6e457d0a|rpc:172.17.0.2:33615|dataStream:, a52daa0d-9a45-45c6-98a7-f9ed836d8714|rpc:172.17.0.2:44651|dataStream:], old=null
2020-12-01 16:49:30,716 [pool-205-thread-1] INFO  impl.RaftServerImpl (RaftServerImpl.java:setRole(204)) - 52624640-3a50-44d5-a43a-3863fdb02bf0@group-6BE6BFD90AB4: changes role from      null to FOLLOWER at term 0 for startAsFollower
2020-12-01 16:49:30,717 [pool-205-thread-1] INFO  impl.RoleInfo (RoleInfo.java:updateAndGet(143)) - 52624640-3a50-44d5-a43a-3863fdb02bf0: start 52624640-3a50-44d5-a43a-3863fdb02bf0@group-6BE6BFD90AB4-FollowerState
2020-12-01 16:49:30,718 [pool-205-thread-1] INFO  util.JmxRegister (JmxRegister.java:tryRegister(44)) - Successfully registered JMX Bean with object name Ratis:service=RaftServer,group=group-6BE6BFD90AB4,id=52624640-3a50-44d5-a43a-3863fdb02bf0
2020-12-01 16:49:30,718 [pool-205-thread-1] INFO  metrics.RatisMetrics (RatisMetrics.java:lambda$create$0(36)) - Creating Metrics Registry : ratis.state_machine.52624640-3a50-44d5-a43a-3863fdb02bf0@group-6BE6BFD90AB4
2020-12-01 16:49:30,726 [Command processor thread] INFO  commandhandler.CreatePipelineCommandHandler (CreatePipelineCommandHandler.java:handle(106)) - Created Pipeline RATIS THREE PipelineID=b5e1bf05-691c-45ce-a9c7-6be6bfd90ab4.
2020-12-01 16:49:30,777 [Command processor thread] INFO  impl.RaftServerProxy (RaftServerProxy.java:addNew(93)) - a52daa0d-9a45-45c6-98a7-f9ed836d8714: addNew group-659504B7989A:[a52daa0d-9a45-45c6-98a7-f9ed836d8714|rpc:172.17.0.2:44651] returns group-659504B7989A:java.util.concurrent.CompletableFuture@46e71de8[Not completed]
2020-12-01 16:49:30,778 [pool-189-thread-1] INFO  impl.RaftServerImpl (RaftServerImpl.java:<init>(121)) - a52daa0d-9a45-45c6-98a7-f9ed836d8714: new RaftServerImpl for group-659504B7989A:[a52daa0d-9a45-45c6-98a7-f9ed836d8714|rpc:172.17.0.2:44651] with ContainerStateMachine:uninitialized
2020-12-01 16:49:30,779 [pool-189-thread-1] INFO  server.RaftServerConfigKeys (ConfUtils.java:logGet(44)) - raft.server.rpc.timeout.min = 5s (custom)
2020-12-01 16:49:30,779 [pool-189-thread-1] INFO  server.RaftServerConfigKeys (ConfUtils.java:logGet(44)) - raft.server.rpc.timeout.max = 5200ms (custom)
2020-12-01 16:49:30,779 [pool-189-thread-1] INFO  server.RaftServerConfigKeys (ConfUtils.java:logGet(44)) - raft.server.rpc.slowness.timeout = 300s (custom)
2020-12-01 16:49:30,779 [pool-189-thread-1] INFO  server.RaftServerConfigKeys (ConfUtils.java:logGet(44)) - raft.server.leaderelection.leader.step-down.wait-time = 10s (default)
2020-12-01 16:49:30,779 [pool-189-thread-1] INFO  server.RaftServerConfigKeys (ConfUtils.java:logGet(44)) - raft.server.sleep.deviation.threshold = 300 (default)
2020-12-01 16:49:30,779 [pool-189-thread-1] INFO  server.RaftServerConfigKeys (ConfUtils.java:logGet(44)) - raft.server.log.appender.install.snapshot.enabled = false (custom)
2020-12-01 16:49:30,779 [pool-189-thread-1] INFO  impl.RaftServerImpl (ServerState.java:<init>(104)) - a52daa0d-9a45-45c6-98a7-f9ed836d8714@group-659504B7989A: ConfigurationManager, init=-1: [a52daa0d-9a45-45c6-98a7-f9ed836d8714|rpc:172.17.0.2:44651], old=null, confs=<EMPTY_MAP>
2020-12-01 16:49:30,779 [pool-189-thread-1] INFO  server.RaftServerConfigKeys (ConfUtils.java:logGet(44)) - raft.server.storage.dir = [/github/workspace/mnt/ozone/hadoop-ozone/integration-test/target/test-dir/MiniOzoneClusterImpl-6a576fb6-293f-471c-b07d-839007c369a6/datanode-1/data/ratis] (custom)
2020-12-01 16:49:30,779 [pool-189-thread-1] INFO  server.RaftServerConfigKeys (ConfUtils.java:logGet(44)) - raft.server.log.corruption.policy = EXCEPTION (default)
2020-12-01 16:49:30,780 [pool-189-thread-1] INFO  storage.RaftStorageDirectory (RaftStorageDirectory.java:analyzeStorage(261)) - The storage directory /github/workspace/mnt/ozone/hadoop-ozone/integration-test/target/test-dir/MiniOzoneClusterImpl-6a576fb6-293f-471c-b07d-839007c369a6/datanode-1/data/ratis/694b30bb-ff72-4282-885c-659504b7989a does not exist. Creating ...
2020-12-01 16:49:30,781 [pool-189-thread-1] INFO  storage.RaftStorageDirectory (RaftStorageDirectory.java:tryLock(343)) - Lock on /github/workspace/mnt/ozone/hadoop-ozone/integration-test/target/test-dir/MiniOzoneClusterImpl-6a576fb6-293f-471c-b07d-839007c369a6/datanode-1/data/ratis/694b30bb-ff72-4282-885c-659504b7989a/in_use.lock acquired by nodename 1352@78fb6e686183
2020-12-01 16:49:30,782 [pool-189-thread-1] INFO  storage.RaftStorage (RaftStorage.java:format(85)) - Storage directory /github/workspace/mnt/ozone/hadoop-ozone/integration-test/target/test-dir/MiniOzoneClusterImpl-6a576fb6-293f-471c-b07d-839007c369a6/datanode-1/data/ratis/694b30bb-ff72-4282-885c-659504b7989a has been successfully formatted.
2020-12-01 16:49:30,782 [pool-189-thread-1] INFO  ratis.ContainerStateMachine (ContainerStateMachine.java:loadSnapshot(225)) - group-659504B7989A: The snapshot info is null. Setting the last applied indexto:(t:0, i:~)
2020-12-01 16:49:30,782 [pool-189-thread-1] INFO  server.RaftServerConfigKeys (ConfUtils.java:logGet(44)) - raft.server.notification.no-leader.timeout = 300s (custom)
2020-12-01 16:49:30,783 [pool-189-thread-1] INFO  server.RaftServerConfigKeys (ConfUtils.java:logGet(44)) - raft.server.log.use.memory = false (default)
2020-12-01 16:49:30,784 [EventQueue-PipelineReportForPipelineReportHandler] INFO  pipeline.PipelineStateManager (PipelineStateManager.java:openPipeline(132)) - Pipeline Pipeline[ Id: 694b30bb-ff72-4282-885c-659504b7989a, Nodes: a52daa0d-9a45-45c6-98a7-f9ed836d8714{ip: 172.17.0.2, host: 78fb6e686183, networkLocation: /default-rack, certSerialId: null}, Type:RATIS, Factor:ONE, State:ALLOCATED, leaderId:a52daa0d-9a45-45c6-98a7-f9ed836d8714, CreationTimestamp2020-12-01T16:49:27.781Z] moved to OPEN state
2020-12-01 16:49:30,784 [pool-189-thread-1] INFO  server.RaftServerConfigKeys (ConfUtils.java:logGet(44)) - raft.server.log.purge.gap = 1000000 (custom)
2020-12-01 16:49:30,783 [EventQueue-PipelineReportForOneReplicaPipelineSafeModeRule] INFO  safemode.SCMSafeModeManager (SCMSafeModeManager.java:validateSafeModeExitRules(214)) - AtleastOneDatanodeReportedRule rule is successfully validated
2020-12-01 16:49:30,784 [pool-189-thread-1] INFO  metrics.RatisMetrics (RatisMetrics.java:lambda$create$0(36)) - Creating Metrics Registry : ratis.log_worker.a52daa0d-9a45-45c6-98a7-f9ed836d8714@group-659504B7989A
2020-12-01 16:49:30,784 [EventQueue-OpenPipelineForHealthyPipelineSafeModeRule] INFO  safemode.SCMSafeModeManager (HealthyPipelineSafeModeRule.java:process(128)) - SCM in safe mode. Healthy pipelines reported count is 0, required healthy pipeline reported count is 1
2020-12-01 16:49:30,784 [pool-189-thread-1] INFO  server.RaftServerConfigKeys (ConfUtils.java:logGet(44)) - raft.server.log.appender.buffer.byte-limit = 33554432 (custom)
2020-12-01 16:49:30,785 [pool-189-thread-1] INFO  server.RaftServerConfigKeys (ConfUtils.java:logGet(44)) - raft.server.log.segment.size.max = 1048576 (custom)
2020-12-01 16:49:30,785 [pool-189-thread-1] INFO  server.RaftServerConfigKeys (ConfUtils.java:logGet(44)) - raft.server.log.segment.cache.num.max = 2 (custom)
2020-12-01 16:49:30,785 [pool-189-thread-1] INFO  segmented.SegmentedRaftLogWorker (SegmentedRaftLogWorker.java:<init>(180)) - new a52daa0d-9a45-45c6-98a7-f9ed836d8714@group-659504B7989A-SegmentedRaftLogWorker for RaftStorage:Storage Directory /github/workspace/mnt/ozone/hadoop-ozone/integration-test/target/test-dir/MiniOzoneClusterImpl-6a576fb6-293f-471c-b07d-839007c369a6/datanode-1/data/ratis/694b30bb-ff72-4282-885c-659504b7989a
2020-12-01 16:49:30,785 [pool-189-thread-1] INFO  server.RaftServerConfigKeys (ConfUtils.java:logGet(44)) - raft.server.log.queue.byte-limit = 2147483647 (custom)
2020-12-01 16:49:30,785 [pool-189-thread-1] INFO  server.RaftServerConfigKeys (ConfUtils.java:logGet(44)) - raft.server.log.queue.element-limit = 1024 (custom)
2020-12-01 16:49:30,785 [pool-189-thread-1] INFO  server.RaftServerConfigKeys (ConfUtils.java:logGet(44)) - raft.server.log.segment.size.max = 1048576 (custom)
2020-12-01 16:49:30,785 [pool-189-thread-1] INFO  server.RaftServerConfigKeys (ConfUtils.java:logGet(44)) - raft.server.log.preallocated.size = 16384 (custom)
2020-12-01 16:49:30,786 [pool-189-thread-1] INFO  server.RaftServerConfigKeys (ConfUtils.java:logGet(44)) - raft.server.log.write.buffer.size = 1048576 (custom)
2020-12-01 16:49:30,786 [pool-189-thread-1] INFO  server.RaftServerConfigKeys (ConfUtils.java:logGet(44)) - raft.server.log.force.sync.num = 128 (default)
2020-12-01 16:49:30,786 [pool-189-thread-1] INFO  server.RaftServerConfigKeys (ConfUtils.java:logGet(44)) - raft.server.log.statemachine.data.sync = true (default)
2020-12-01 16:49:30,786 [pool-189-thread-1] INFO  server.RaftServerConfigKeys (ConfUtils.java:logGet(44)) - raft.server.log.statemachine.data.sync.timeout = 10s (default)
2020-12-01 16:49:30,786 [pool-189-thread-1] INFO  server.RaftServerConfigKeys (ConfUtils.java:logGet(44)) - raft.server.log.statemachine.data.sync.timeout.retry = -1 (default)
2020-12-01 16:49:30,787 [pool-189-thread-1] INFO  server.RaftServerConfigKeys (ConfUtils.java:logGet(44)) - raft.server.log.statemachine.data.caching.enabled = true (custom)
2020-12-01 16:49:30,788 [pool-189-thread-1] INFO  segmented.SegmentedRaftLogWorker (SegmentedRaftLogWorker.java:lambda$new$0(129)) - a52daa0d-9a45-45c6-98a7-f9ed836d8714@group-659504B7989A-SegmentedRaftLogWorker: flushIndex: setUnconditionally 0 -> -1
2020-12-01 16:49:30,789 [pool-189-thread-1] INFO  segmented.SegmentedRaftLogWorker (SegmentedRaftLogWorker.java:lambda$new$0(129)) - a52daa0d-9a45-45c6-98a7-f9ed836d8714@group-659504B7989A-SegmentedRaftLogWorker: safeCacheEvictIndex: setUnconditionally 0 -> -1
2020-12-01 16:49:30,789 [pool-189-thread-1] INFO  server.RaftServerConfigKeys (ConfUtils.java:logGet(44)) - raft.server.snapshot.auto.trigger.enabled = true (custom)
2020-12-01 16:49:30,789 [pool-189-thread-1] INFO  server.RaftServerConfigKeys (ConfUtils.java:logGet(44)) - raft.server.snapshot.auto.trigger.threshold = 10000 (custom)
2020-12-01 16:49:30,789 [pool-189-thread-1] INFO  server.RaftServerConfigKeys (ConfUtils.java:logGet(44)) - raft.server.snapshot.retention.file.num = 5 (custom)
2020-12-01 16:49:30,789 [pool-189-thread-1] INFO  server.RaftServerConfigKeys (ConfUtils.java:logGet(44)) - raft.server.log.purge.upto.snapshot.index = false (default)
2020-12-01 16:49:30,789 [pool-189-thread-1] INFO  server.RaftServerConfigKeys (ConfUtils.java:logGet(44)) - raft.server.retrycache.expirytime = 600000ms (custom)
2020-12-01 16:49:30,789 [pool-189-thread-1] INFO  metrics.RatisMetrics (RatisMetrics.java:lambda$create$0(36)) - Creating Metrics Registry : ratis.leader_election.a52daa0d-9a45-45c6-98a7-f9ed836d8714@group-659504B7989A
2020-12-01 16:49:30,789 [pool-189-thread-1] INFO  metrics.RatisMetrics (RatisMetrics.java:lambda$create$0(36)) - Creating Metrics Registry : ratis.server.a52daa0d-9a45-45c6-98a7-f9ed836d8714@group-659504B7989A
2020-12-01 16:49:30,790 [pool-189-thread-1] INFO  impl.RaftServerImpl (RaftServerImpl.java:start(215)) - a52daa0d-9a45-45c6-98a7-f9ed836d8714@group-659504B7989A: start as a follower, conf=-1: [a52daa0d-9a45-45c6-98a7-f9ed836d8714|rpc:172.17.0.2:44651], old=null
2020-12-01 16:49:30,790 [pool-189-thread-1] INFO  impl.RaftServerImpl (RaftServerImpl.java:setRole(204)) - a52daa0d-9a45-45c6-98a7-f9ed836d8714@group-659504B7989A: changes role from      null to FOLLOWER at term 0 for startAsFollower
2020-12-01 16:49:30,790 [pool-189-thread-1] INFO  impl.RoleInfo (RoleInfo.java:updateAndGet(143)) - a52daa0d-9a45-45c6-98a7-f9ed836d8714: start a52daa0d-9a45-45c6-98a7-f9ed836d8714@group-659504B7989A-FollowerState
2020-12-01 16:49:30,794 [pool-189-thread-1] INFO  util.JmxRegister (JmxRegister.java:tryRegister(44)) - Successfully registered JMX Bean with object name Ratis:service=RaftServer,group=group-659504B7989A,id=a52daa0d-9a45-45c6-98a7-f9ed836d8714
2020-12-01 16:49:30,794 [pool-189-thread-1] INFO  metrics.RatisMetrics (RatisMetrics.java:lambda$create$0(36)) - Creating Metrics Registry : ratis.state_machine.a52daa0d-9a45-45c6-98a7-f9ed836d8714@group-659504B7989A
2020-12-01 16:49:30,795 [Command processor thread] INFO  commandhandler.CreatePipelineCommandHandler (CreatePipelineCommandHandler.java:handle(106)) - Created Pipeline RATIS ONE PipelineID=694b30bb-ff72-4282-885c-659504b7989a.
2020-12-01 16:49:30,955 [Command processor thread] INFO  impl.RaftServerProxy (RaftServerProxy.java:addNew(93)) - 52624640-3a50-44d5-a43a-3863fdb02bf0: addNew group-886FCE41281A:[52624640-3a50-44d5-a43a-3863fdb02bf0|rpc:172.17.0.2:37353] returns group-886FCE41281A:java.util.concurrent.CompletableFuture@5a8fce37[Not completed]
2020-12-01 16:49:30,956 [pool-205-thread-1] INFO  impl.RaftServerImpl (RaftServerImpl.java:<init>(121)) - 52624640-3a50-44d5-a43a-3863fdb02bf0: new RaftServerImpl for group-886FCE41281A:[52624640-3a50-44d5-a43a-3863fdb02bf0|rpc:172.17.0.2:37353] with ContainerStateMachine:uninitialized
2020-12-01 16:49:30,956 [pool-205-thread-1] INFO  server.RaftServerConfigKeys (ConfUtils.java:logGet(44)) - raft.server.rpc.timeout.min = 5s (custom)
2020-12-01 16:49:30,956 [pool-205-thread-1] INFO  server.RaftServerConfigKeys (ConfUtils.java:logGet(44)) - raft.server.rpc.timeout.max = 5200ms (custom)
2020-12-01 16:49:30,956 [pool-205-thread-1] INFO  server.RaftServerConfigKeys (ConfUtils.java:logGet(44)) - raft.server.rpc.slowness.timeout = 300s (custom)
2020-12-01 16:49:30,957 [pool-205-thread-1] INFO  server.RaftServerConfigKeys (ConfUtils.java:logGet(44)) - raft.server.leaderelection.leader.step-down.wait-time = 10s (default)
2020-12-01 16:49:30,957 [pool-205-thread-1] INFO  server.RaftServerConfigKeys (ConfUtils.java:logGet(44)) - raft.server.sleep.deviation.threshold = 300 (default)
2020-12-01 16:49:30,957 [pool-205-thread-1] INFO  server.RaftServerConfigKeys (ConfUtils.java:logGet(44)) - raft.server.log.appender.install.snapshot.enabled = false (custom)
2020-12-01 16:49:30,957 [pool-205-thread-1] INFO  impl.RaftServerImpl (ServerState.java:<init>(104)) - 52624640-3a50-44d5-a43a-3863fdb02bf0@group-886FCE41281A: ConfigurationManager, init=-1: [52624640-3a50-44d5-a43a-3863fdb02bf0|rpc:172.17.0.2:37353], old=null, confs=<EMPTY_MAP>
2020-12-01 16:49:30,957 [pool-205-thread-1] INFO  server.RaftServerConfigKeys (ConfUtils.java:logGet(44)) - raft.server.storage.dir = [/github/workspace/mnt/ozone/hadoop-ozone/integration-test/target/test-dir/MiniOzoneClusterImpl-6a576fb6-293f-471c-b07d-839007c369a6/datanode-2/data/ratis] (custom)
2020-12-01 16:49:30,957 [pool-205-thread-1] INFO  server.RaftServerConfigKeys (ConfUtils.java:logGet(44)) - raft.server.log.corruption.policy = EXCEPTION (default)
2020-12-01 16:49:30,957 [pool-205-thread-1] INFO  storage.RaftStorageDirectory (RaftStorageDirectory.java:analyzeStorage(261)) - The storage directory /github/workspace/mnt/ozone/hadoop-ozone/integration-test/target/test-dir/MiniOzoneClusterImpl-6a576fb6-293f-471c-b07d-839007c369a6/datanode-2/data/ratis/e441cfae-c727-4687-ae32-886fce41281a does not exist. Creating ...
2020-12-01 16:49:30,959 [pool-205-thread-1] INFO  storage.RaftStorageDirectory (RaftStorageDirectory.java:tryLock(343)) - Lock on /github/workspace/mnt/ozone/hadoop-ozone/integration-test/target/test-dir/MiniOzoneClusterImpl-6a576fb6-293f-471c-b07d-839007c369a6/datanode-2/data/ratis/e441cfae-c727-4687-ae32-886fce41281a/in_use.lock acquired by nodename 1352@78fb6e686183
2020-12-01 16:49:30,960 [pool-205-thread-1] INFO  storage.RaftStorage (RaftStorage.java:format(85)) - Storage directory /github/workspace/mnt/ozone/hadoop-ozone/integration-test/target/test-dir/MiniOzoneClusterImpl-6a576fb6-293f-471c-b07d-839007c369a6/datanode-2/data/ratis/e441cfae-c727-4687-ae32-886fce41281a has been successfully formatted.
2020-12-01 16:49:30,960 [pool-205-thread-1] INFO  ratis.ContainerStateMachine (ContainerStateMachine.java:loadSnapshot(225)) - group-886FCE41281A: The snapshot info is null. Setting the last applied indexto:(t:0, i:~)
2020-12-01 16:49:30,960 [pool-205-thread-1] INFO  server.RaftServerConfigKeys (ConfUtils.java:logGet(44)) - raft.server.notification.no-leader.timeout = 300s (custom)
2020-12-01 16:49:30,961 [Listener at 127.0.0.1/10356] INFO  ozone.MiniOzoneClusterImpl (MiniOzoneClusterImpl.java:lambda$waitForClusterToBeReady$0(178)) - Nodes are ready. Got 3 of 3 DN Heartbeats.
2020-12-01 16:49:30,961 [Listener at 127.0.0.1/10356] INFO  ozone.MiniOzoneClusterImpl (MiniOzoneClusterImpl.java:lambda$waitForClusterToBeReady$0(181)) - Waiting for cluster to exit safe mode
2020-12-01 16:49:30,962 [EventQueue-PipelineReportForPipelineReportHandler] INFO  pipeline.PipelineStateManager (PipelineStateManager.java:openPipeline(132)) - Pipeline Pipeline[ Id: e441cfae-c727-4687-ae32-886fce41281a, Nodes: 52624640-3a50-44d5-a43a-3863fdb02bf0{ip: 172.17.0.2, host: 78fb6e686183, networkLocation: /default-rack, certSerialId: null}, Type:RATIS, Factor:ONE, State:ALLOCATED, leaderId:52624640-3a50-44d5-a43a-3863fdb02bf0, CreationTimestamp2020-12-01T16:49:27.957Z] moved to OPEN state
2020-12-01 16:49:30,962 [EventQueue-OpenPipelineForHealthyPipelineSafeModeRule] INFO  safemode.SCMSafeModeManager (HealthyPipelineSafeModeRule.java:process(128)) - SCM in safe mode. Healthy pipelines reported count is 0, required healthy pipeline reported count is 1
2020-12-01 16:49:30,962 [EventQueue-PipelineReportForOneReplicaPipelineSafeModeRule] INFO  safemode.SCMSafeModeManager (SCMSafeModeManager.java:validateSafeModeExitRules(214)) - AtleastOneDatanodeReportedRule rule is successfully validated
2020-12-01 16:49:30,963 [pool-205-thread-1] INFO  server.RaftServerConfigKeys (ConfUtils.java:logGet(44)) - raft.server.log.use.memory = false (default)
2020-12-01 16:49:30,963 [pool-205-thread-1] INFO  server.RaftServerConfigKeys (ConfUtils.java:logGet(44)) - raft.server.log.purge.gap = 1000000 (custom)
2020-12-01 16:49:30,963 [pool-205-thread-1] INFO  metrics.RatisMetrics (RatisMetrics.java:lambda$create$0(36)) - Creating Metrics Registry : ratis.log_worker.52624640-3a50-44d5-a43a-3863fdb02bf0@group-886FCE41281A
2020-12-01 16:49:30,963 [pool-205-thread-1] INFO  server.RaftServerConfigKeys (ConfUtils.java:logGet(44)) - raft.server.log.appender.buffer.byte-limit = 33554432 (custom)
2020-12-01 16:49:30,964 [pool-205-thread-1] INFO  server.RaftServerConfigKeys (ConfUtils.java:logGet(44)) - raft.server.log.segment.size.max = 1048576 (custom)
2020-12-01 16:49:30,964 [pool-205-thread-1] INFO  server.RaftServerConfigKeys (ConfUtils.java:logGet(44)) - raft.server.log.segment.cache.num.max = 2 (custom)
2020-12-01 16:49:30,964 [pool-205-thread-1] INFO  segmented.SegmentedRaftLogWorker (SegmentedRaftLogWorker.java:<init>(180)) - new 52624640-3a50-44d5-a43a-3863fdb02bf0@group-886FCE41281A-SegmentedRaftLogWorker for RaftStorage:Storage Directory /github/workspace/mnt/ozone/hadoop-ozone/integration-test/target/test-dir/MiniOzoneClusterImpl-6a576fb6-293f-471c-b07d-839007c369a6/datanode-2/data/ratis/e441cfae-c727-4687-ae32-886fce41281a
2020-12-01 16:49:30,964 [pool-205-thread-1] INFO  server.RaftServerConfigKeys (ConfUtils.java:logGet(44)) - raft.server.log.queue.byte-limit = 2147483647 (custom)
2020-12-01 16:49:30,964 [pool-205-thread-1] INFO  server.RaftServerConfigKeys (ConfUtils.java:logGet(44)) - raft.server.log.queue.element-limit = 1024 (custom)
2020-12-01 16:49:30,964 [pool-205-thread-1] INFO  server.RaftServerConfigKeys (ConfUtils.java:logGet(44)) - raft.server.log.segment.size.max = 1048576 (custom)
2020-12-01 16:49:30,964 [pool-205-thread-1] INFO  server.RaftServerConfigKeys (ConfUtils.java:logGet(44)) - raft.server.log.preallocated.size = 16384 (custom)
2020-12-01 16:49:30,964 [pool-205-thread-1] INFO  server.RaftServerConfigKeys (ConfUtils.java:logGet(44)) - raft.server.log.write.buffer.size = 1048576 (custom)
2020-12-01 16:49:30,964 [pool-205-thread-1] INFO  server.RaftServerConfigKeys (ConfUtils.java:logGet(44)) - raft.server.log.force.sync.num = 128 (default)
2020-12-01 16:49:30,964 [pool-205-thread-1] INFO  server.RaftServerConfigKeys (ConfUtils.java:logGet(44)) - raft.server.log.statemachine.data.sync = true (default)
2020-12-01 16:49:30,964 [pool-205-thread-1] INFO  server.RaftServerConfigKeys (ConfUtils.java:logGet(44)) - raft.server.log.statemachine.data.sync.timeout = 10s (default)
2020-12-01 16:49:30,964 [pool-205-thread-1] INFO  server.RaftServerConfigKeys (ConfUtils.java:logGet(44)) - raft.server.log.statemachine.data.sync.timeout.retry = -1 (default)
2020-12-01 16:49:30,966 [pool-205-thread-1] INFO  server.RaftServerConfigKeys (ConfUtils.java:logGet(44)) - raft.server.log.statemachine.data.caching.enabled = true (custom)
2020-12-01 16:49:30,966 [pool-205-thread-1] INFO  segmented.SegmentedRaftLogWorker (SegmentedRaftLogWorker.java:lambda$new$0(129)) - 52624640-3a50-44d5-a43a-3863fdb02bf0@group-886FCE41281A-SegmentedRaftLogWorker: flushIndex: setUnconditionally 0 -> -1
2020-12-01 16:49:30,967 [pool-205-thread-1] INFO  segmented.SegmentedRaftLogWorker (SegmentedRaftLogWorker.java:lambda$new$0(129)) - 52624640-3a50-44d5-a43a-3863fdb02bf0@group-886FCE41281A-SegmentedRaftLogWorker: safeCacheEvictIndex: setUnconditionally 0 -> -1
2020-12-01 16:49:30,967 [pool-205-thread-1] INFO  server.RaftServerConfigKeys (ConfUtils.java:logGet(44)) - raft.server.snapshot.auto.trigger.enabled = true (custom)
2020-12-01 16:49:30,967 [pool-205-thread-1] INFO  server.RaftServerConfigKeys (ConfUtils.java:logGet(44)) - raft.server.snapshot.auto.trigger.threshold = 10000 (custom)
2020-12-01 16:49:30,967 [pool-205-thread-1] INFO  server.RaftServerConfigKeys (ConfUtils.java:logGet(44)) - raft.server.snapshot.retention.file.num = 5 (custom)
2020-12-01 16:49:30,967 [pool-205-thread-1] INFO  server.RaftServerConfigKeys (ConfUtils.java:logGet(44)) - raft.server.log.purge.upto.snapshot.index = false (default)
2020-12-01 16:49:30,967 [pool-205-thread-1] INFO  server.RaftServerConfigKeys (ConfUtils.java:logGet(44)) - raft.server.retrycache.expirytime = 600000ms (custom)
2020-12-01 16:49:30,967 [pool-205-thread-1] INFO  metrics.RatisMetrics (RatisMetrics.java:lambda$create$0(36)) - Creating Metrics Registry : ratis.leader_election.52624640-3a50-44d5-a43a-3863fdb02bf0@group-886FCE41281A
2020-12-01 16:49:30,968 [pool-205-thread-1] INFO  metrics.RatisMetrics (RatisMetrics.java:lambda$create$0(36)) - Creating Metrics Registry : ratis.server.52624640-3a50-44d5-a43a-3863fdb02bf0@group-886FCE41281A
2020-12-01 16:49:30,969 [pool-205-thread-1] INFO  impl.RaftServerImpl (RaftServerImpl.java:start(215)) - 52624640-3a50-44d5-a43a-3863fdb02bf0@group-886FCE41281A: start as a follower, conf=-1: [52624640-3a50-44d5-a43a-3863fdb02bf0|rpc:172.17.0.2:37353], old=null
2020-12-01 16:49:30,969 [pool-205-thread-1] INFO  impl.RaftServerImpl (RaftServerImpl.java:setRole(204)) - 52624640-3a50-44d5-a43a-3863fdb02bf0@group-886FCE41281A: changes role from      null to FOLLOWER at term 0 for startAsFollower
2020-12-01 16:49:30,969 [pool-205-thread-1] INFO  impl.RoleInfo (RoleInfo.java:updateAndGet(143)) - 52624640-3a50-44d5-a43a-3863fdb02bf0: start 52624640-3a50-44d5-a43a-3863fdb02bf0@group-886FCE41281A-FollowerState
2020-12-01 16:49:30,969 [pool-205-thread-1] INFO  util.JmxRegister (JmxRegister.java:tryRegister(44)) - Successfully registered JMX Bean with object name Ratis:service=RaftServer,group=group-886FCE41281A,id=52624640-3a50-44d5-a43a-3863fdb02bf0
2020-12-01 16:49:30,969 [pool-205-thread-1] INFO  metrics.RatisMetrics (RatisMetrics.java:lambda$create$0(36)) - Creating Metrics Registry : ratis.state_machine.52624640-3a50-44d5-a43a-3863fdb02bf0@group-886FCE41281A
2020-12-01 16:49:30,970 [Command processor thread] INFO  commandhandler.CreatePipelineCommandHandler (CreatePipelineCommandHandler.java:handle(106)) - Created Pipeline RATIS ONE PipelineID=e441cfae-c727-4687-ae32-886fce41281a.
2020-12-01 16:49:31,961 [Listener at 127.0.0.1/10356] INFO  ozone.MiniOzoneClusterImpl (MiniOzoneClusterImpl.java:lambda$waitForClusterToBeReady$0(178)) - Nodes are ready. Got 3 of 3 DN Heartbeats.
2020-12-01 16:49:31,961 [Listener at 127.0.0.1/10356] INFO  ozone.MiniOzoneClusterImpl (MiniOzoneClusterImpl.java:lambda$waitForClusterToBeReady$0(181)) - Waiting for cluster to exit safe mode
2020-12-01 16:49:32,962 [Listener at 127.0.0.1/10356] INFO  ozone.MiniOzoneClusterImpl (MiniOzoneClusterImpl.java:lambda$waitForClusterToBeReady$0(178)) - Nodes are ready. Got 3 of 3 DN Heartbeats.
2020-12-01 16:49:32,962 [Listener at 127.0.0.1/10356] INFO  ozone.MiniOzoneClusterImpl (MiniOzoneClusterImpl.java:lambda$waitForClusterToBeReady$0(181)) - Waiting for cluster to exit safe mode
2020-12-01 16:49:33,962 [Listener at 127.0.0.1/10356] INFO  ozone.MiniOzoneClusterImpl (MiniOzoneClusterImpl.java:lambda$waitForClusterToBeReady$0(178)) - Nodes are ready. Got 3 of 3 DN Heartbeats.
2020-12-01 16:49:33,962 [Listener at 127.0.0.1/10356] INFO  ozone.MiniOzoneClusterImpl (MiniOzoneClusterImpl.java:lambda$waitForClusterToBeReady$0(181)) - Waiting for cluster to exit safe mode
2020-12-01 16:49:34,962 [Listener at 127.0.0.1/10356] INFO  ozone.MiniOzoneClusterImpl (MiniOzoneClusterImpl.java:lambda$waitForClusterToBeReady$0(178)) - Nodes are ready. Got 3 of 3 DN Heartbeats.
2020-12-01 16:49:34,963 [Listener at 127.0.0.1/10356] INFO  ozone.MiniOzoneClusterImpl (MiniOzoneClusterImpl.java:lambda$waitForClusterToBeReady$0(181)) - Waiting for cluster to exit safe mode
2020-12-01 16:49:35,666 [Thread-697] INFO  impl.FollowerState (FollowerState.java:run(128)) - e3bd6bd1-6148-4375-8d06-ff7f6e457d0a@group-2AE202B775D9-FollowerState: change to CANDIDATE, lastRpcTime:5043ms, electionTimeout:5042ms
2020-12-01 16:49:35,666 [Thread-697] INFO  impl.RoleInfo (RoleInfo.java:shutdownFollowerState(121)) - e3bd6bd1-6148-4375-8d06-ff7f6e457d0a: shutdown e3bd6bd1-6148-4375-8d06-ff7f6e457d0a@group-2AE202B775D9-FollowerState
2020-12-01 16:49:35,667 [Thread-697] INFO  impl.RaftServerImpl (RaftServerImpl.java:setRole(204)) - e3bd6bd1-6148-4375-8d06-ff7f6e457d0a@group-2AE202B775D9: changes role from  FOLLOWER to CANDIDATE at term 0 for changeToCandidate
2020-12-01 16:49:35,667 [Thread-697] INFO  impl.RoleInfo (RoleInfo.java:updateAndGet(143)) - e3bd6bd1-6148-4375-8d06-ff7f6e457d0a: start e3bd6bd1-6148-4375-8d06-ff7f6e457d0a@group-2AE202B775D9-LeaderElection11
2020-12-01 16:49:35,670 [e3bd6bd1-6148-4375-8d06-ff7f6e457d0a@group-2AE202B775D9-LeaderElection11] INFO  impl.LeaderElection (LeaderElection.java:askForVotes(215)) - e3bd6bd1-6148-4375-8d06-ff7f6e457d0a@group-2AE202B775D9-LeaderElection11: begin an election at term 1 for -1: [e3bd6bd1-6148-4375-8d06-ff7f6e457d0a|rpc:172.17.0.2:33615], old=null
2020-12-01 16:49:35,670 [e3bd6bd1-6148-4375-8d06-ff7f6e457d0a@group-2AE202B775D9-LeaderElection11] INFO  impl.RoleInfo (RoleInfo.java:shutdownLeaderElection(134)) - e3bd6bd1-6148-4375-8d06-ff7f6e457d0a: shutdown e3bd6bd1-6148-4375-8d06-ff7f6e457d0a@group-2AE202B775D9-LeaderElection11
2020-12-01 16:49:35,671 [e3bd6bd1-6148-4375-8d06-ff7f6e457d0a@group-2AE202B775D9-LeaderElection11] INFO  impl.RaftServerImpl (RaftServerImpl.java:setRole(204)) - e3bd6bd1-6148-4375-8d06-ff7f6e457d0a@group-2AE202B775D9: changes role from CANDIDATE to LEADER at term 1 for changeToLeader
2020-12-01 16:49:35,671 [e3bd6bd1-6148-4375-8d06-ff7f6e457d0a@group-2AE202B775D9-LeaderElection11] INFO  ratis.XceiverServerRatis (XceiverServerRatis.java:handleLeaderChangedNotification(854)) - Leader change notification received for group: group-2AE202B775D9 with new leaderId: e3bd6bd1-6148-4375-8d06-ff7f6e457d0a
2020-12-01 16:49:35,671 [e3bd6bd1-6148-4375-8d06-ff7f6e457d0a@group-2AE202B775D9-LeaderElection11] INFO  impl.RaftServerImpl (ServerState.java:setLeader(256)) - e3bd6bd1-6148-4375-8d06-ff7f6e457d0a@group-2AE202B775D9: change Leader from null to e3bd6bd1-6148-4375-8d06-ff7f6e457d0a at term 1 for becomeLeader, leader elected after 5063ms
2020-12-01 16:49:35,671 [e3bd6bd1-6148-4375-8d06-ff7f6e457d0a@group-2AE202B775D9-LeaderElection11] INFO  server.RaftServerConfigKeys (ConfUtils.java:logGet(44)) - raft.server.staging.catchup.gap = 1000 (default)
2020-12-01 16:49:35,671 [e3bd6bd1-6148-4375-8d06-ff7f6e457d0a@group-2AE202B775D9-LeaderElection11] INFO  server.RaftServerConfigKeys (ConfUtils.java:logGet(44)) - raft.server.rpc.sleep.time = 25ms (default)
2020-12-01 16:49:35,671 [e3bd6bd1-6148-4375-8d06-ff7f6e457d0a@group-2AE202B775D9-LeaderElection11] INFO  metrics.RatisMetrics (RatisMetrics.java:lambda$create$0(36)) - Creating Metrics Registry : ratis.log_appender.e3bd6bd1-6148-4375-8d06-ff7f6e457d0a@group-2AE202B775D9
2020-12-01 16:49:35,671 [e3bd6bd1-6148-4375-8d06-ff7f6e457d0a@group-2AE202B775D9-LeaderElection11] INFO  server.RaftServerConfigKeys (ConfUtils.java:logGet(44)) - raft.server.write.element-limit = 1024 (custom)
2020-12-01 16:49:35,671 [e3bd6bd1-6148-4375-8d06-ff7f6e457d0a@group-2AE202B775D9-LeaderElection11] INFO  server.RaftServerConfigKeys (ConfUtils.java:logGet(44)) - raft.server.write.byte-limit = 1073741824 (custom)
2020-12-01 16:49:35,672 [e3bd6bd1-6148-4375-8d06-ff7f6e457d0a@group-2AE202B775D9-LeaderElection11] INFO  server.RaftServerConfigKeys (ConfUtils.java:logGet(44)) - raft.server.watch.timeout = 180s (custom)
2020-12-01 16:49:35,672 [e3bd6bd1-6148-4375-8d06-ff7f6e457d0a@group-2AE202B775D9-LeaderElection11] INFO  server.RaftServerConfigKeys (ConfUtils.java:logGet(44)) - raft.server.watch.timeout.denomination = 1s (default)
2020-12-01 16:49:35,672 [e3bd6bd1-6148-4375-8d06-ff7f6e457d0a@group-2AE202B775D9-LeaderElection11] INFO  server.RaftServerConfigKeys (ConfUtils.java:logGet(44)) - raft.server.watch.element-limit = 65536 (default)
2020-12-01 16:49:35,672 [e3bd6bd1-6148-4375-8d06-ff7f6e457d0a@group-2AE202B775D9-LeaderElection11] INFO  impl.RoleInfo (RoleInfo.java:updateAndGet(143)) - e3bd6bd1-6148-4375-8d06-ff7f6e457d0a: start e3bd6bd1-6148-4375-8d06-ff7f6e457d0a@group-2AE202B775D9-LeaderState
2020-12-01 16:49:35,672 [EventQueue-PipelineReportForOneReplicaPipelineSafeModeRule] INFO  safemode.SCMSafeModeManager (SCMSafeModeManager.java:validateSafeModeExitRules(214)) - AtleastOneDatanodeReportedRule rule is successfully validated
2020-12-01 16:49:35,672 [e3bd6bd1-6148-4375-8d06-ff7f6e457d0a@group-2AE202B775D9-LeaderElection11] INFO  segmented.SegmentedRaftLogWorker (SegmentedRaftLogWorker.java:startLogSegment(398)) - e3bd6bd1-6148-4375-8d06-ff7f6e457d0a@group-2AE202B775D9-SegmentedRaftLogWorker: Starting segment from index:0
2020-12-01 16:49:35,672 [EventQueue-OpenPipelineForHealthyPipelineSafeModeRule] INFO  safemode.SCMSafeModeManager (HealthyPipelineSafeModeRule.java:process(128)) - SCM in safe mode. Healthy pipelines reported count is 0, required healthy pipeline reported count is 1
2020-12-01 16:49:35,674 [e3bd6bd1-6148-4375-8d06-ff7f6e457d0a@group-2AE202B775D9-SegmentedRaftLogWorker] INFO  segmented.SegmentedRaftLogWorker (SegmentedRaftLogWorker.java:execute(597)) - e3bd6bd1-6148-4375-8d06-ff7f6e457d0a@group-2AE202B775D9-SegmentedRaftLogWorker: created new log segment /github/workspace/mnt/ozone/hadoop-ozone/integration-test/target/test-dir/MiniOzoneClusterImpl-6a576fb6-293f-471c-b07d-839007c369a6/datanode-0/data/ratis/f941e954-b93e-4afb-b21e-2ae202b775d9/current/log_inprogress_0
2020-12-01 16:49:35,679 [Thread-699] INFO  impl.FollowerState (FollowerState.java:run(128)) - e3bd6bd1-6148-4375-8d06-ff7f6e457d0a@group-6BE6BFD90AB4-FollowerState: change to CANDIDATE, lastRpcTime:5042ms, electionTimeout:5040ms
2020-12-01 16:49:35,679 [Thread-699] INFO  impl.RoleInfo (RoleInfo.java:shutdownFollowerState(121)) - e3bd6bd1-6148-4375-8d06-ff7f6e457d0a: shutdown e3bd6bd1-6148-4375-8d06-ff7f6e457d0a@group-6BE6BFD90AB4-FollowerState
2020-12-01 16:49:35,679 [Thread-699] INFO  impl.RaftServerImpl (RaftServerImpl.java:setRole(204)) - e3bd6bd1-6148-4375-8d06-ff7f6e457d0a@group-6BE6BFD90AB4: changes role from  FOLLOWER to CANDIDATE at term 0 for changeToCandidate
2020-12-01 16:49:35,679 [Thread-699] INFO  impl.RoleInfo (RoleInfo.java:updateAndGet(143)) - e3bd6bd1-6148-4375-8d06-ff7f6e457d0a: start e3bd6bd1-6148-4375-8d06-ff7f6e457d0a@group-6BE6BFD90AB4-LeaderElection12
2020-12-01 16:49:35,679 [e3bd6bd1-6148-4375-8d06-ff7f6e457d0a@group-2AE202B775D9-LeaderElection11] INFO  impl.RaftServerImpl (ServerState.java:setRaftConf(374)) - e3bd6bd1-6148-4375-8d06-ff7f6e457d0a@group-2AE202B775D9: set configuration 0: [e3bd6bd1-6148-4375-8d06-ff7f6e457d0a|rpc:172.17.0.2:33615|dataStream:], old=null at 0
2020-12-01 16:49:35,691 [e3bd6bd1-6148-4375-8d06-ff7f6e457d0a@group-6BE6BFD90AB4-LeaderElection12] INFO  impl.LeaderElection (LeaderElection.java:askForVotes(215)) - e3bd6bd1-6148-4375-8d06-ff7f6e457d0a@group-6BE6BFD90AB4-LeaderElection12: begin an election at term 1 for -1: [52624640-3a50-44d5-a43a-3863fdb02bf0|rpc:172.17.0.2:37353, e3bd6bd1-6148-4375-8d06-ff7f6e457d0a|rpc:172.17.0.2:33615, a52daa0d-9a45-45c6-98a7-f9ed836d8714|rpc:172.17.0.2:44651], old=null
2020-12-01 16:49:35,704 [grpc-default-executor-0] INFO  impl.RaftServerImpl (RaftServerImpl.java:setRole(204)) - a52daa0d-9a45-45c6-98a7-f9ed836d8714@group-6BE6BFD90AB4: changes role from  FOLLOWER to FOLLOWER at term 1 for recognizeCandidate:e3bd6bd1-6148-4375-8d06-ff7f6e457d0a
2020-12-01 16:49:35,704 [grpc-default-executor-0] INFO  impl.RoleInfo (RoleInfo.java:shutdownFollowerState(121)) - a52daa0d-9a45-45c6-98a7-f9ed836d8714: shutdown a52daa0d-9a45-45c6-98a7-f9ed836d8714@group-6BE6BFD90AB4-FollowerState
2020-12-01 16:49:35,704 [grpc-default-executor-0] INFO  impl.RoleInfo (RoleInfo.java:updateAndGet(143)) - a52daa0d-9a45-45c6-98a7-f9ed836d8714: start a52daa0d-9a45-45c6-98a7-f9ed836d8714@group-6BE6BFD90AB4-FollowerState
2020-12-01 16:49:35,704 [Thread-701] INFO  impl.FollowerState (FollowerState.java:run(137)) - a52daa0d-9a45-45c6-98a7-f9ed836d8714@group-6BE6BFD90AB4-FollowerState was interrupted: {}
java.lang.InterruptedException: sleep interrupted
	at java.lang.Thread.sleep(Native Method)
	at org.apache.ratis.util.JavaUtils.sleep(JavaUtils.java:250)
	at org.apache.ratis.server.impl.FollowerState.run(FollowerState.java:116)
2020-12-01 16:49:35,704 [grpc-default-executor-1] INFO  impl.RaftServerImpl (RaftServerImpl.java:setRole(204)) - 52624640-3a50-44d5-a43a-3863fdb02bf0@group-6BE6BFD90AB4: changes role from  FOLLOWER to FOLLOWER at term 1 for recognizeCandidate:e3bd6bd1-6148-4375-8d06-ff7f6e457d0a
2020-12-01 16:49:35,705 [grpc-default-executor-1] INFO  impl.RoleInfo (RoleInfo.java:shutdownFollowerState(121)) - 52624640-3a50-44d5-a43a-3863fdb02bf0: shutdown 52624640-3a50-44d5-a43a-3863fdb02bf0@group-6BE6BFD90AB4-FollowerState
2020-12-01 16:49:35,707 [grpc-default-executor-0] INFO  impl.RaftServerImpl (RaftServerImpl.java:requestVote(963)) -  FOLLOWER a52daa0d-9a45-45c6-98a7-f9ed836d8714@group-6BE6BFD90AB4:t1, leader=null, voted=null, raftlog=a52daa0d-9a45-45c6-98a7-f9ed836d8714@group-6BE6BFD90AB4-SegmentedRaftLog:OPENED:c-1,f-1,i0, conf=-1: [52624640-3a50-44d5-a43a-3863fdb02bf0|rpc:172.17.0.2:37353|dataStream:, e3bd6bd1-6148-4375-8d06-ff7f6e457d0a|rpc:172.17.0.2:33615|dataStream:, a52daa0d-9a45-45c6-98a7-f9ed836d8714|rpc:172.17.0.2:44651|dataStream:], old=null RUNNING priority:0 candidate:e3bd6bd1-6148-4375-8d06-ff7f6e457d0a|rpc:172.17.0.2:33615|dataStream: candidatePriority:0 compare:0
2020-12-01 16:49:35,707 [Thread-704] INFO  impl.FollowerState (FollowerState.java:run(137)) - 52624640-3a50-44d5-a43a-3863fdb02bf0@group-6BE6BFD90AB4-FollowerState was interrupted: {}
java.lang.InterruptedException: sleep interrupted
	at java.lang.Thread.sleep(Native Method)
	at org.apache.ratis.util.JavaUtils.sleep(JavaUtils.java:250)
	at org.apache.ratis.server.impl.FollowerState.run(FollowerState.java:116)
2020-12-01 16:49:35,707 [grpc-default-executor-1] INFO  impl.RoleInfo (RoleInfo.java:updateAndGet(143)) - 52624640-3a50-44d5-a43a-3863fdb02bf0: start 52624640-3a50-44d5-a43a-3863fdb02bf0@group-6BE6BFD90AB4-FollowerState
2020-12-01 16:49:35,708 [grpc-default-executor-1] INFO  impl.RaftServerImpl (RaftServerImpl.java:requestVote(963)) -  FOLLOWER 52624640-3a50-44d5-a43a-3863fdb02bf0@group-6BE6BFD90AB4:t1, leader=null, voted=null, raftlog=52624640-3a50-44d5-a43a-3863fdb02bf0@group-6BE6BFD90AB4-SegmentedRaftLog:OPENED:c-1,f-1,i0, conf=-1: [52624640-3a50-44d5-a43a-3863fdb02bf0|rpc:172.17.0.2:37353|dataStream:, e3bd6bd1-6148-4375-8d06-ff7f6e457d0a|rpc:172.17.0.2:33615|dataStream:, a52daa0d-9a45-45c6-98a7-f9ed836d8714|rpc:172.17.0.2:44651|dataStream:], old=null RUNNING priority:0 candidate:e3bd6bd1-6148-4375-8d06-ff7f6e457d0a|rpc:172.17.0.2:33615|dataStream: candidatePriority:0 compare:0
2020-12-01 16:49:35,711 [e3bd6bd1-6148-4375-8d06-ff7f6e457d0a@group-6BE6BFD90AB4-LeaderElection12] INFO  impl.LeaderElection (LeaderElection.java:logAndReturn(65)) - e3bd6bd1-6148-4375-8d06-ff7f6e457d0a@group-6BE6BFD90AB4-LeaderElection12: Election PASSED; received 1 response(s) [e3bd6bd1-6148-4375-8d06-ff7f6e457d0a<-a52daa0d-9a45-45c6-98a7-f9ed836d8714#0:OK-t1] and 0 exception(s); e3bd6bd1-6148-4375-8d06-ff7f6e457d0a@group-6BE6BFD90AB4:t1, leader=null, voted=e3bd6bd1-6148-4375-8d06-ff7f6e457d0a, raftlog=e3bd6bd1-6148-4375-8d06-ff7f6e457d0a@group-6BE6BFD90AB4-SegmentedRaftLog:OPENED:c-1,f-1,i0, conf=-1: [52624640-3a50-44d5-a43a-3863fdb02bf0|rpc:172.17.0.2:37353, e3bd6bd1-6148-4375-8d06-ff7f6e457d0a|rpc:172.17.0.2:33615, a52daa0d-9a45-45c6-98a7-f9ed836d8714|rpc:172.17.0.2:44651], old=null
2020-12-01 16:49:35,711 [e3bd6bd1-6148-4375-8d06-ff7f6e457d0a@group-6BE6BFD90AB4-LeaderElection12] INFO  impl.RoleInfo (RoleInfo.java:shutdownLeaderElection(134)) - e3bd6bd1-6148-4375-8d06-ff7f6e457d0a: shutdown e3bd6bd1-6148-4375-8d06-ff7f6e457d0a@group-6BE6BFD90AB4-LeaderElection12
2020-12-01 16:49:35,711 [e3bd6bd1-6148-4375-8d06-ff7f6e457d0a@group-6BE6BFD90AB4-LeaderElection12] INFO  impl.RaftServerImpl (RaftServerImpl.java:setRole(204)) - e3bd6bd1-6148-4375-8d06-ff7f6e457d0a@group-6BE6BFD90AB4: changes role from CANDIDATE to LEADER at term 1 for changeToLeader
2020-12-01 16:49:35,711 [e3bd6bd1-6148-4375-8d06-ff7f6e457d0a@group-6BE6BFD90AB4-LeaderElection12] INFO  ratis.XceiverServerRatis (XceiverServerRatis.java:handleLeaderChangedNotification(854)) - Leader change notification received for group: group-6BE6BFD90AB4 with new leaderId: e3bd6bd1-6148-4375-8d06-ff7f6e457d0a
2020-12-01 16:49:35,712 [e3bd6bd1-6148-4375-8d06-ff7f6e457d0a@group-6BE6BFD90AB4-LeaderElection12] INFO  impl.RaftServerImpl (ServerState.java:setLeader(256)) - e3bd6bd1-6148-4375-8d06-ff7f6e457d0a@group-6BE6BFD90AB4: change Leader from null to e3bd6bd1-6148-4375-8d06-ff7f6e457d0a at term 1 for becomeLeader, leader elected after 5082ms
2020-12-01 16:49:35,712 [e3bd6bd1-6148-4375-8d06-ff7f6e457d0a@group-6BE6BFD90AB4-LeaderElection12] INFO  server.RaftServerConfigKeys (ConfUtils.java:logGet(44)) - raft.server.staging.catchup.gap = 1000 (default)
2020-12-01 16:49:35,712 [e3bd6bd1-6148-4375-8d06-ff7f6e457d0a@group-6BE6BFD90AB4-LeaderElection12] INFO  server.RaftServerConfigKeys (ConfUtils.java:logGet(44)) - raft.server.rpc.sleep.time = 25ms (default)
2020-12-01 16:49:35,712 [e3bd6bd1-6148-4375-8d06-ff7f6e457d0a@group-6BE6BFD90AB4-LeaderElection12] INFO  metrics.RatisMetrics (RatisMetrics.java:lambda$create$0(36)) - Creating Metrics Registry : ratis.log_appender.e3bd6bd1-6148-4375-8d06-ff7f6e457d0a@group-6BE6BFD90AB4
2020-12-01 16:49:35,713 [e3bd6bd1-6148-4375-8d06-ff7f6e457d0a@group-6BE6BFD90AB4-LeaderElection12] INFO  server.RaftServerConfigKeys (ConfUtils.java:logGet(44)) - raft.server.write.element-limit = 1024 (custom)
2020-12-01 16:49:35,713 [e3bd6bd1-6148-4375-8d06-ff7f6e457d0a@group-6BE6BFD90AB4-LeaderElection12] INFO  server.RaftServerConfigKeys (ConfUtils.java:logGet(44)) - raft.server.write.byte-limit = 1073741824 (custom)
2020-12-01 16:49:35,713 [e3bd6bd1-6148-4375-8d06-ff7f6e457d0a@group-6BE6BFD90AB4-LeaderElection12] INFO  server.RaftServerConfigKeys (ConfUtils.java:logGet(44)) - raft.server.watch.timeout = 180s (custom)
2020-12-01 16:49:35,713 [e3bd6bd1-6148-4375-8d06-ff7f6e457d0a@group-6BE6BFD90AB4-LeaderElection12] INFO  server.RaftServerConfigKeys (ConfUtils.java:logGet(44)) - raft.server.watch.timeout.denomination = 1s (default)
2020-12-01 16:49:35,713 [e3bd6bd1-6148-4375-8d06-ff7f6e457d0a@group-6BE6BFD90AB4-LeaderElection12] INFO  server.RaftServerConfigKeys (ConfUtils.java:logGet(44)) - raft.server.watch.element-limit = 65536 (default)
2020-12-01 16:49:35,713 [e3bd6bd1-6148-4375-8d06-ff7f6e457d0a@group-6BE6BFD90AB4-LeaderElection12] INFO  server.RaftServerConfigKeys (ConfUtils.java:logGet(44)) - raft.server.log.appender.snapshot.chunk.size.max = 16MB (=16777216) (default)
2020-12-01 16:49:35,713 [e3bd6bd1-6148-4375-8d06-ff7f6e457d0a@group-6BE6BFD90AB4-LeaderElection12] INFO  server.RaftServerConfigKeys (ConfUtils.java:logGet(44)) - raft.server.log.appender.buffer.byte-limit = 33554432 (custom)
2020-12-01 16:49:35,713 [e3bd6bd1-6148-4375-8d06-ff7f6e457d0a@group-6BE6BFD90AB4-LeaderElection12] INFO  server.RaftServerConfigKeys (ConfUtils.java:logGet(44)) - raft.server.log.appender.buffer.element-limit = 1 (custom)
2020-12-01 16:49:35,713 [e3bd6bd1-6148-4375-8d06-ff7f6e457d0a@group-6BE6BFD90AB4-LeaderElection12] INFO  grpc.GrpcConfigKeys (ConfUtils.java:logGet(44)) - raft.grpc.server.leader.outstanding.appends.max = 128 (default)
2020-12-01 16:49:35,714 [e3bd6bd1-6148-4375-8d06-ff7f6e457d0a@group-6BE6BFD90AB4-LeaderElection12] INFO  server.RaftServerConfigKeys (ConfUtils.java:logGet(44)) - raft.server.rpc.request.timeout = 60s (custom)
2020-12-01 16:49:35,714 [e3bd6bd1-6148-4375-8d06-ff7f6e457d0a@group-6BE6BFD90AB4-LeaderElection12] INFO  server.RaftServerConfigKeys (ConfUtils.java:logGet(44)) - raft.server.log.appender.install.snapshot.enabled = false (custom)
2020-12-01 16:49:35,714 [e3bd6bd1-6148-4375-8d06-ff7f6e457d0a@group-6BE6BFD90AB4-LeaderElection12] INFO  metrics.RatisMetrics (RatisMetrics.java:lambda$create$0(36)) - Creating Metrics Registry : ratis_grpc.log_appender.e3bd6bd1-6148-4375-8d06-ff7f6e457d0a@group-6BE6BFD90AB4
2020-12-01 16:49:35,715 [e3bd6bd1-6148-4375-8d06-ff7f6e457d0a@group-6BE6BFD90AB4-LeaderElection12] INFO  server.RaftServerConfigKeys (ConfUtils.java:logGet(44)) - raft.server.log.appender.snapshot.chunk.size.max = 16MB (=16777216) (default)
2020-12-01 16:49:35,715 [e3bd6bd1-6148-4375-8d06-ff7f6e457d0a@group-6BE6BFD90AB4-LeaderElection12] INFO  server.RaftServerConfigKeys (ConfUtils.java:logGet(44)) - raft.server.log.appender.buffer.byte-limit = 33554432 (custom)
2020-12-01 16:49:35,715 [e3bd6bd1-6148-4375-8d06-ff7f6e457d0a@group-6BE6BFD90AB4-LeaderElection12] INFO  server.RaftServerConfigKeys (ConfUtils.java:logGet(44)) - raft.server.log.appender.buffer.element-limit = 1 (custom)
2020-12-01 16:49:35,715 [e3bd6bd1-6148-4375-8d06-ff7f6e457d0a@group-6BE6BFD90AB4-LeaderElection12] INFO  grpc.GrpcConfigKeys (ConfUtils.java:logGet(44)) - raft.grpc.server.leader.outstanding.appends.max = 128 (default)
2020-12-01 16:49:35,715 [e3bd6bd1-6148-4375-8d06-ff7f6e457d0a@group-6BE6BFD90AB4-LeaderElection12] INFO  server.RaftServerConfigKeys (ConfUtils.java:logGet(44)) - raft.server.rpc.request.timeout = 60s (custom)
2020-12-01 16:49:35,715 [e3bd6bd1-6148-4375-8d06-ff7f6e457d0a@group-6BE6BFD90AB4-LeaderElection12] INFO  server.RaftServerConfigKeys (ConfUtils.java:logGet(44)) - raft.server.log.appender.install.snapshot.enabled = false (custom)
2020-12-01 16:49:35,716 [e3bd6bd1-6148-4375-8d06-ff7f6e457d0a@group-6BE6BFD90AB4-LeaderElection12] INFO  impl.RoleInfo (RoleInfo.java:updateAndGet(143)) - e3bd6bd1-6148-4375-8d06-ff7f6e457d0a: start e3bd6bd1-6148-4375-8d06-ff7f6e457d0a@group-6BE6BFD90AB4-LeaderState
2020-12-01 16:49:35,716 [e3bd6bd1-6148-4375-8d06-ff7f6e457d0a@group-6BE6BFD90AB4-LeaderElection12] INFO  segmented.SegmentedRaftLogWorker (SegmentedRaftLogWorker.java:startLogSegment(398)) - e3bd6bd1-6148-4375-8d06-ff7f6e457d0a@group-6BE6BFD90AB4-SegmentedRaftLogWorker: Starting segment from index:0
2020-12-01 16:49:35,718 [EventQueue-PipelineReportForOneReplicaPipelineSafeModeRule] INFO  safemode.SCMSafeModeManager (SCMSafeModeManager.java:validateSafeModeExitRules(214)) - AtleastOneDatanodeReportedRule rule is successfully validated
2020-12-01 16:49:35,722 [e3bd6bd1-6148-4375-8d06-ff7f6e457d0a@group-6BE6BFD90AB4-LeaderElection12] INFO  impl.RaftServerImpl (ServerState.java:setRaftConf(374)) - e3bd6bd1-6148-4375-8d06-ff7f6e457d0a@group-6BE6BFD90AB4: set configuration 0: [52624640-3a50-44d5-a43a-3863fdb02bf0|rpc:172.17.0.2:37353|dataStream:, e3bd6bd1-6148-4375-8d06-ff7f6e457d0a|rpc:172.17.0.2:33615|dataStream:, a52daa0d-9a45-45c6-98a7-f9ed836d8714|rpc:172.17.0.2:44651|dataStream:], old=null at 0
2020-12-01 16:49:35,719 [e3bd6bd1-6148-4375-8d06-ff7f6e457d0a@group-6BE6BFD90AB4-SegmentedRaftLogWorker] INFO  segmented.SegmentedRaftLogWorker (SegmentedRaftLogWorker.java:execute(597)) - e3bd6bd1-6148-4375-8d06-ff7f6e457d0a@group-6BE6BFD90AB4-SegmentedRaftLogWorker: created new log segment /github/workspace/mnt/ozone/hadoop-ozone/integration-test/target/test-dir/MiniOzoneClusterImpl-6a576fb6-293f-471c-b07d-839007c369a6/datanode-0/data/ratis/b5e1bf05-691c-45ce-a9c7-6be6bfd90ab4/current/log_inprogress_0
2020-12-01 16:49:35,718 [EventQueue-OpenPipelineForHealthyPipelineSafeModeRule] INFO  safemode.SCMSafeModeManager (HealthyPipelineSafeModeRule.java:process(128)) - SCM in safe mode. Healthy pipelines reported count is 0, required healthy pipeline reported count is 1
2020-12-01 16:49:35,718 [EventQueue-PipelineReportForPipelineReportHandler] INFO  pipeline.PipelineStateManager (PipelineStateManager.java:openPipeline(132)) - Pipeline Pipeline[ Id: b5e1bf05-691c-45ce-a9c7-6be6bfd90ab4, Nodes: a52daa0d-9a45-45c6-98a7-f9ed836d8714{ip: 172.17.0.2, host: 78fb6e686183, networkLocation: /default-rack, certSerialId: null}e3bd6bd1-6148-4375-8d06-ff7f6e457d0a{ip: 172.17.0.2, host: 78fb6e686183, networkLocation: /default-rack, certSerialId: null}52624640-3a50-44d5-a43a-3863fdb02bf0{ip: 172.17.0.2, host: 78fb6e686183, networkLocation: /default-rack, certSerialId: null}, Type:RATIS, Factor:THREE, State:ALLOCATED, leaderId:e3bd6bd1-6148-4375-8d06-ff7f6e457d0a, CreationTimestamp2020-12-01T16:49:27.958Z] moved to OPEN state
2020-12-01 16:49:35,728 [EventQueue-OpenPipelineForHealthyPipelineSafeModeRule] INFO  safemode.SCMSafeModeManager (HealthyPipelineSafeModeRule.java:process(128)) - SCM in safe mode. Healthy pipelines reported count is 1, required healthy pipeline reported count is 1
2020-12-01 16:49:35,728 [EventQueue-OpenPipelineForHealthyPipelineSafeModeRule] INFO  safemode.SCMSafeModeManager (SCMSafeModeManager.java:validateSafeModeExitRules(214)) - HealthyPipelineSafeModeRule rule is successfully validated
2020-12-01 16:49:35,728 [EventQueue-OpenPipelineForHealthyPipelineSafeModeRule] INFO  safemode.SCMSafeModeManager (SCMSafeModeManager.java:validateSafeModeExitRules(228)) - ScmSafeModeManager, all rules are successfully validated
2020-12-01 16:49:35,728 [EventQueue-OpenPipelineForHealthyPipelineSafeModeRule] INFO  safemode.SCMSafeModeManager (SCMSafeModeManager.java:exitSafeMode(257)) - SCM exiting safe mode.
2020-12-01 16:49:35,730 [grpc-default-executor-1] INFO  ratis.XceiverServerRatis (XceiverServerRatis.java:handleLeaderChangedNotification(854)) - Leader change notification received for group: group-6BE6BFD90AB4 with new leaderId: e3bd6bd1-6148-4375-8d06-ff7f6e457d0a
2020-12-01 16:49:35,743 [grpc-default-executor-1] INFO  impl.RaftServerImpl (ServerState.java:setLeader(256)) - 52624640-3a50-44d5-a43a-3863fdb02bf0@group-6BE6BFD90AB4: change Leader from null to e3bd6bd1-6148-4375-8d06-ff7f6e457d0a at term 1 for appendEntries, leader elected after 5019ms
2020-12-01 16:49:35,733 [grpc-default-executor-0] INFO  ratis.XceiverServerRatis (XceiverServerRatis.java:handleLeaderChangedNotification(854)) - Leader change notification received for group: group-6BE6BFD90AB4 with new leaderId: e3bd6bd1-6148-4375-8d06-ff7f6e457d0a
2020-12-01 16:49:35,744 [grpc-default-executor-0] INFO  impl.RaftServerImpl (ServerState.java:setLeader(256)) - a52daa0d-9a45-45c6-98a7-f9ed836d8714@group-6BE6BFD90AB4: change Leader from null to e3bd6bd1-6148-4375-8d06-ff7f6e457d0a at term 1 for appendEntries, leader elected after 5068ms
2020-12-01 16:49:35,745 [grpc-default-executor-1] INFO  impl.RaftServerImpl (ServerState.java:setRaftConf(374)) - 52624640-3a50-44d5-a43a-3863fdb02bf0@group-6BE6BFD90AB4: set configuration 0: [52624640-3a50-44d5-a43a-3863fdb02bf0|rpc:172.17.0.2:37353|dataStream:, e3bd6bd1-6148-4375-8d06-ff7f6e457d0a|rpc:172.17.0.2:33615|dataStream:, a52daa0d-9a45-45c6-98a7-f9ed836d8714|rpc:172.17.0.2:44651|dataStream:], old=null at 0
2020-12-01 16:49:35,745 [grpc-default-executor-1] INFO  segmented.SegmentedRaftLogWorker (SegmentedRaftLogWorker.java:startLogSegment(398)) - 52624640-3a50-44d5-a43a-3863fdb02bf0@group-6BE6BFD90AB4-SegmentedRaftLogWorker: Starting segment from index:0
2020-12-01 16:49:35,746 [52624640-3a50-44d5-a43a-3863fdb02bf0@group-6BE6BFD90AB4-SegmentedRaftLogWorker] INFO  segmented.SegmentedRaftLogWorker (SegmentedRaftLogWorker.java:execute(597)) - 52624640-3a50-44d5-a43a-3863fdb02bf0@group-6BE6BFD90AB4-SegmentedRaftLogWorker: created new log segment /github/workspace/mnt/ozone/hadoop-ozone/integration-test/target/test-dir/MiniOzoneClusterImpl-6a576fb6-293f-471c-b07d-839007c369a6/datanode-2/data/ratis/b5e1bf05-691c-45ce-a9c7-6be6bfd90ab4/current/log_inprogress_0
2020-12-01 16:49:35,758 [grpc-default-executor-1] INFO  impl.RaftServerImpl (ServerState.java:setRaftConf(374)) - a52daa0d-9a45-45c6-98a7-f9ed836d8714@group-6BE6BFD90AB4: set configuration 0: [52624640-3a50-44d5-a43a-3863fdb02bf0|rpc:172.17.0.2:37353|dataStream:, e3bd6bd1-6148-4375-8d06-ff7f6e457d0a|rpc:172.17.0.2:33615|dataStream:, a52daa0d-9a45-45c6-98a7-f9ed836d8714|rpc:172.17.0.2:44651|dataStream:], old=null at 0
2020-12-01 16:49:35,759 [grpc-default-executor-1] INFO  segmented.SegmentedRaftLogWorker (SegmentedRaftLogWorker.java:startLogSegment(398)) - a52daa0d-9a45-45c6-98a7-f9ed836d8714@group-6BE6BFD90AB4-SegmentedRaftLogWorker: Starting segment from index:0
2020-12-01 16:49:35,764 [a52daa0d-9a45-45c6-98a7-f9ed836d8714@group-6BE6BFD90AB4-SegmentedRaftLogWorker] INFO  segmented.SegmentedRaftLogWorker (SegmentedRaftLogWorker.java:execute(597)) - a52daa0d-9a45-45c6-98a7-f9ed836d8714@group-6BE6BFD90AB4-SegmentedRaftLogWorker: created new log segment /github/workspace/mnt/ozone/hadoop-ozone/integration-test/target/test-dir/MiniOzoneClusterImpl-6a576fb6-293f-471c-b07d-839007c369a6/datanode-1/data/ratis/b5e1bf05-691c-45ce-a9c7-6be6bfd90ab4/current/log_inprogress_0
2020-12-01 16:49:35,928 [Thread-707] INFO  impl.FollowerState (FollowerState.java:run(128)) - a52daa0d-9a45-45c6-98a7-f9ed836d8714@group-659504B7989A-FollowerState: change to CANDIDATE, lastRpcTime:5137ms, electionTimeout:5133ms
2020-12-01 16:49:35,928 [Thread-707] INFO  impl.RoleInfo (RoleInfo.java:shutdownFollowerState(121)) - a52daa0d-9a45-45c6-98a7-f9ed836d8714: shutdown a52daa0d-9a45-45c6-98a7-f9ed836d8714@group-659504B7989A-FollowerState
2020-12-01 16:49:35,928 [Thread-707] INFO  impl.RaftServerImpl (RaftServerImpl.java:setRole(204)) - a52daa0d-9a45-45c6-98a7-f9ed836d8714@group-659504B7989A: changes role from  FOLLOWER to CANDIDATE at term 0 for changeToCandidate
2020-12-01 16:49:35,928 [Thread-707] INFO  impl.RoleInfo (RoleInfo.java:updateAndGet(143)) - a52daa0d-9a45-45c6-98a7-f9ed836d8714: start a52daa0d-9a45-45c6-98a7-f9ed836d8714@group-659504B7989A-LeaderElection13
2020-12-01 16:49:35,932 [a52daa0d-9a45-45c6-98a7-f9ed836d8714@group-659504B7989A-LeaderElection13] INFO  impl.LeaderElection (LeaderElection.java:askForVotes(215)) - a52daa0d-9a45-45c6-98a7-f9ed836d8714@group-659504B7989A-LeaderElection13: begin an election at term 1 for -1: [a52daa0d-9a45-45c6-98a7-f9ed836d8714|rpc:172.17.0.2:44651], old=null
2020-12-01 16:49:35,932 [a52daa0d-9a45-45c6-98a7-f9ed836d8714@group-659504B7989A-LeaderElection13] INFO  impl.RoleInfo (RoleInfo.java:shutdownLeaderElection(134)) - a52daa0d-9a45-45c6-98a7-f9ed836d8714: shutdown a52daa0d-9a45-45c6-98a7-f9ed836d8714@group-659504B7989A-LeaderElection13
2020-12-01 16:49:35,932 [a52daa0d-9a45-45c6-98a7-f9ed836d8714@group-659504B7989A-LeaderElection13] INFO  impl.RaftServerImpl (RaftServerImpl.java:setRole(204)) - a52daa0d-9a45-45c6-98a7-f9ed836d8714@group-659504B7989A: changes role from CANDIDATE to LEADER at term 1 for changeToLeader
2020-12-01 16:49:35,932 [a52daa0d-9a45-45c6-98a7-f9ed836d8714@group-659504B7989A-LeaderElection13] INFO  ratis.XceiverServerRatis (XceiverServerRatis.java:handleLeaderChangedNotification(854)) - Leader change notification received for group: group-659504B7989A with new leaderId: a52daa0d-9a45-45c6-98a7-f9ed836d8714
2020-12-01 16:49:35,932 [a52daa0d-9a45-45c6-98a7-f9ed836d8714@group-659504B7989A-LeaderElection13] INFO  impl.RaftServerImpl (ServerState.java:setLeader(256)) - a52daa0d-9a45-45c6-98a7-f9ed836d8714@group-659504B7989A: change Leader from null to a52daa0d-9a45-45c6-98a7-f9ed836d8714 at term 1 for becomeLeader, leader elected after 5149ms
2020-12-01 16:49:35,933 [a52daa0d-9a45-45c6-98a7-f9ed836d8714@group-659504B7989A-LeaderElection13] INFO  server.RaftServerConfigKeys (ConfUtils.java:logGet(44)) - raft.server.staging.catchup.gap = 1000 (default)
2020-12-01 16:49:35,933 [a52daa0d-9a45-45c6-98a7-f9ed836d8714@group-659504B7989A-LeaderElection13] INFO  server.RaftServerConfigKeys (ConfUtils.java:logGet(44)) - raft.server.rpc.sleep.time = 25ms (default)
2020-12-01 16:49:35,933 [a52daa0d-9a45-45c6-98a7-f9ed836d8714@group-659504B7989A-LeaderElection13] INFO  metrics.RatisMetrics (RatisMetrics.java:lambda$create$0(36)) - Creating Metrics Registry : ratis.log_appender.a52daa0d-9a45-45c6-98a7-f9ed836d8714@group-659504B7989A
2020-12-01 16:49:35,933 [a52daa0d-9a45-45c6-98a7-f9ed836d8714@group-659504B7989A-LeaderElection13] INFO  server.RaftServerConfigKeys (ConfUtils.java:logGet(44)) - raft.server.write.element-limit = 1024 (custom)
2020-12-01 16:49:35,933 [a52daa0d-9a45-45c6-98a7-f9ed836d8714@group-659504B7989A-LeaderElection13] INFO  server.RaftServerConfigKeys (ConfUtils.java:logGet(44)) - raft.server.write.byte-limit = 1073741824 (custom)
2020-12-01 16:49:35,935 [a52daa0d-9a45-45c6-98a7-f9ed836d8714@group-659504B7989A-LeaderElection13] INFO  server.RaftServerConfigKeys (ConfUtils.java:logGet(44)) - raft.server.watch.timeout = 180s (custom)
2020-12-01 16:49:35,935 [a52daa0d-9a45-45c6-98a7-f9ed836d8714@group-659504B7989A-LeaderElection13] INFO  server.RaftServerConfigKeys (ConfUtils.java:logGet(44)) - raft.server.watch.timeout.denomination = 1s (default)
2020-12-01 16:49:35,935 [a52daa0d-9a45-45c6-98a7-f9ed836d8714@group-659504B7989A-LeaderElection13] INFO  server.RaftServerConfigKeys (ConfUtils.java:logGet(44)) - raft.server.watch.element-limit = 65536 (default)
2020-12-01 16:49:35,935 [a52daa0d-9a45-45c6-98a7-f9ed836d8714@group-659504B7989A-LeaderElection13] INFO  impl.RoleInfo (RoleInfo.java:updateAndGet(143)) - a52daa0d-9a45-45c6-98a7-f9ed836d8714: start a52daa0d-9a45-45c6-98a7-f9ed836d8714@group-659504B7989A-LeaderState
2020-12-01 16:49:35,935 [a52daa0d-9a45-45c6-98a7-f9ed836d8714@group-659504B7989A-LeaderElection13] INFO  segmented.SegmentedRaftLogWorker (SegmentedRaftLogWorker.java:startLogSegment(398)) - a52daa0d-9a45-45c6-98a7-f9ed836d8714@group-659504B7989A-SegmentedRaftLogWorker: Starting segment from index:0
2020-12-01 16:49:35,940 [a52daa0d-9a45-45c6-98a7-f9ed836d8714@group-659504B7989A-LeaderElection13] INFO  impl.RaftServerImpl (ServerState.java:setRaftConf(374)) - a52daa0d-9a45-45c6-98a7-f9ed836d8714@group-659504B7989A: set configuration 0: [a52daa0d-9a45-45c6-98a7-f9ed836d8714|rpc:172.17.0.2:44651|dataStream:], old=null at 0
2020-12-01 16:49:35,940 [a52daa0d-9a45-45c6-98a7-f9ed836d8714@group-659504B7989A-SegmentedRaftLogWorker] INFO  segmented.SegmentedRaftLogWorker (SegmentedRaftLogWorker.java:execute(597)) - a52daa0d-9a45-45c6-98a7-f9ed836d8714@group-659504B7989A-SegmentedRaftLogWorker: created new log segment /github/workspace/mnt/ozone/hadoop-ozone/integration-test/target/test-dir/MiniOzoneClusterImpl-6a576fb6-293f-471c-b07d-839007c369a6/datanode-1/data/ratis/694b30bb-ff72-4282-885c-659504b7989a/current/log_inprogress_0
2020-12-01 16:49:35,963 [Listener at 127.0.0.1/10356] INFO  ozone.MiniOzoneClusterImpl (MiniOzoneClusterImpl.java:lambda$waitForClusterToBeReady$0(178)) - Nodes are ready. Got 3 of 3 DN Heartbeats.
2020-12-01 16:49:35,963 [Listener at 127.0.0.1/10356] INFO  ozone.MiniOzoneClusterImpl (MiniOzoneClusterImpl.java:lambda$waitForClusterToBeReady$0(181)) - Cluster exits safe mode
2020-12-01 16:49:35,996 [Listener at 127.0.0.1/10356] INFO  rpc.RpcClient (RpcClient.java:createVolume(272)) - Creating Volume: volume04658, with user34464 as owner.
2020-12-01 16:49:36,009 [OM StateMachine ApplyTransaction Thread - 0] INFO  volume.OMVolumeCreateRequest (OMVolumeCreateRequest.java:validateAndUpdateCache(196)) - created volume:volume04658 for user:user34464
2020-12-01 16:49:36,026 [OM StateMachine ApplyTransaction Thread - 0] INFO  volume.OMVolumeCreateRequest (OMVolumeCreateRequest.java:validateAndUpdateCache(196)) - created volume:volume04658 for user:user34464
2020-12-01 16:49:36,032 [Listener at 127.0.0.1/10356] INFO  rpc.RpcClient (RpcClient.java:createBucket(425)) - Creating Bucket: volume04658/bucket99950, with Versioning false and Storage Type set to DISK and Encryption set to false 
2020-12-01 16:49:36,038 [OM StateMachine ApplyTransaction Thread - 0] INFO  volume.OMVolumeCreateRequest (OMVolumeCreateRequest.java:validateAndUpdateCache(196)) - created volume:volume04658 for user:user34464
2020-12-01 16:49:36,058 [Thread-712] INFO  impl.FollowerState (FollowerState.java:run(128)) - 52624640-3a50-44d5-a43a-3863fdb02bf0@group-886FCE41281A-FollowerState: change to CANDIDATE, lastRpcTime:5089ms, electionTimeout:5088ms
2020-12-01 16:49:36,059 [Thread-712] INFO  impl.RoleInfo (RoleInfo.java:shutdownFollowerState(121)) - 52624640-3a50-44d5-a43a-3863fdb02bf0: shutdown 52624640-3a50-44d5-a43a-3863fdb02bf0@group-886FCE41281A-FollowerState
2020-12-01 16:49:36,059 [Thread-712] INFO  impl.RaftServerImpl (RaftServerImpl.java:setRole(204)) - 52624640-3a50-44d5-a43a-3863fdb02bf0@group-886FCE41281A: changes role from  FOLLOWER to CANDIDATE at term 0 for changeToCandidate
2020-12-01 16:49:36,059 [Thread-712] INFO  impl.RoleInfo (RoleInfo.java:updateAndGet(143)) - 52624640-3a50-44d5-a43a-3863fdb02bf0: start 52624640-3a50-44d5-a43a-3863fdb02bf0@group-886FCE41281A-LeaderElection14
2020-12-01 16:49:36,063 [IPC Server handler 1 on default port 39421] INFO  pipeline.PipelineStateManager (PipelineStateManager.java:addPipeline(54)) - Created pipeline Pipeline[ Id: 23d846cd-67fe-43b0-88d7-2cdc2603360f, Nodes: a52daa0d-9a45-45c6-98a7-f9ed836d8714{ip: 172.17.0.2, host: 78fb6e686183, networkLocation: /default-rack, certSerialId: null}, Type:STAND_ALONE, Factor:ONE, State:OPEN, leaderId:, CreationTimestamp2020-12-01T16:49:36.063Z]
2020-12-01 16:49:36,069 [52624640-3a50-44d5-a43a-3863fdb02bf0@group-886FCE41281A-LeaderElection14] INFO  impl.LeaderElection (LeaderElection.java:askForVotes(215)) - 52624640-3a50-44d5-a43a-3863fdb02bf0@group-886FCE41281A-LeaderElection14: begin an election at term 1 for -1: [52624640-3a50-44d5-a43a-3863fdb02bf0|rpc:172.17.0.2:37353], old=null
2020-12-01 16:49:36,069 [52624640-3a50-44d5-a43a-3863fdb02bf0@group-886FCE41281A-LeaderElection14] INFO  impl.RoleInfo (RoleInfo.java:shutdownLeaderElection(134)) - 52624640-3a50-44d5-a43a-3863fdb02bf0: shutdown 52624640-3a50-44d5-a43a-3863fdb02bf0@group-886FCE41281A-LeaderElection14
2020-12-01 16:49:36,070 [52624640-3a50-44d5-a43a-3863fdb02bf0@group-886FCE41281A-LeaderElection14] INFO  impl.RaftServerImpl (RaftServerImpl.java:setRole(204)) - 52624640-3a50-44d5-a43a-3863fdb02bf0@group-886FCE41281A: changes role from CANDIDATE to LEADER at term 1 for changeToLeader
2020-12-01 16:49:36,070 [52624640-3a50-44d5-a43a-3863fdb02bf0@group-886FCE41281A-LeaderElection14] INFO  ratis.XceiverServerRatis (XceiverServerRatis.java:handleLeaderChangedNotification(854)) - Leader change notification received for group: group-886FCE41281A with new leaderId: 52624640-3a50-44d5-a43a-3863fdb02bf0
2020-12-01 16:49:36,072 [52624640-3a50-44d5-a43a-3863fdb02bf0@group-886FCE41281A-LeaderElection14] INFO  impl.RaftServerImpl (ServerState.java:setLeader(256)) - 52624640-3a50-44d5-a43a-3863fdb02bf0@group-886FCE41281A: change Leader from null to 52624640-3a50-44d5-a43a-3863fdb02bf0 at term 1 for becomeLeader, leader elected after 5109ms
2020-12-01 16:49:36,072 [52624640-3a50-44d5-a43a-3863fdb02bf0@group-886FCE41281A-LeaderElection14] INFO  server.RaftServerConfigKeys (ConfUtils.java:logGet(44)) - raft.server.staging.catchup.gap = 1000 (default)
2020-12-01 16:49:36,072 [52624640-3a50-44d5-a43a-3863fdb02bf0@group-886FCE41281A-LeaderElection14] INFO  server.RaftServerConfigKeys (ConfUtils.java:logGet(44)) - raft.server.rpc.sleep.time = 25ms (default)
2020-12-01 16:49:36,072 [52624640-3a50-44d5-a43a-3863fdb02bf0@group-886FCE41281A-LeaderElection14] INFO  metrics.RatisMetrics (RatisMetrics.java:lambda$create$0(36)) - Creating Metrics Registry : ratis.log_appender.52624640-3a50-44d5-a43a-3863fdb02bf0@group-886FCE41281A
2020-12-01 16:49:36,073 [52624640-3a50-44d5-a43a-3863fdb02bf0@group-886FCE41281A-LeaderElection14] INFO  server.RaftServerConfigKeys (ConfUtils.java:logGet(44)) - raft.server.write.element-limit = 1024 (custom)
2020-12-01 16:49:36,073 [52624640-3a50-44d5-a43a-3863fdb02bf0@group-886FCE41281A-LeaderElection14] INFO  server.RaftServerConfigKeys (ConfUtils.java:logGet(44)) - raft.server.write.byte-limit = 1073741824 (custom)
2020-12-01 16:49:36,073 [52624640-3a50-44d5-a43a-3863fdb02bf0@group-886FCE41281A-LeaderElection14] INFO  server.RaftServerConfigKeys (ConfUtils.java:logGet(44)) - raft.server.watch.timeout = 180s (custom)
2020-12-01 16:49:36,073 [52624640-3a50-44d5-a43a-3863fdb02bf0@group-886FCE41281A-LeaderElection14] INFO  server.RaftServerConfigKeys (ConfUtils.java:logGet(44)) - raft.server.watch.timeout.denomination = 1s (default)
2020-12-01 16:49:36,073 [52624640-3a50-44d5-a43a-3863fdb02bf0@group-886FCE41281A-LeaderElection14] INFO  server.RaftServerConfigKeys (ConfUtils.java:logGet(44)) - raft.server.watch.element-limit = 65536 (default)
2020-12-01 16:49:36,073 [52624640-3a50-44d5-a43a-3863fdb02bf0@group-886FCE41281A-LeaderElection14] INFO  impl.RoleInfo (RoleInfo.java:updateAndGet(143)) - 52624640-3a50-44d5-a43a-3863fdb02bf0: start 52624640-3a50-44d5-a43a-3863fdb02bf0@group-886FCE41281A-LeaderState
2020-12-01 16:49:36,074 [org.apache.ratis.server.JvmPauseMonitor@a2d17f-Monitor] WARN  server.JvmPauseMonitor (JvmPauseMonitor.java:run(141)) - Detected pause in JVM or host machine (eg GC): pause of approximately 1ms
No GCs detected
2020-12-01 16:49:36,074 [52624640-3a50-44d5-a43a-3863fdb02bf0@group-886FCE41281A-LeaderElection14] INFO  segmented.SegmentedRaftLogWorker (SegmentedRaftLogWorker.java:startLogSegment(398)) - 52624640-3a50-44d5-a43a-3863fdb02bf0@group-886FCE41281A-SegmentedRaftLogWorker: Starting segment from index:0
2020-12-01 16:49:36,076 [52624640-3a50-44d5-a43a-3863fdb02bf0@group-886FCE41281A-SegmentedRaftLogWorker] INFO  segmented.SegmentedRaftLogWorker (SegmentedRaftLogWorker.java:execute(597)) - 52624640-3a50-44d5-a43a-3863fdb02bf0@group-886FCE41281A-SegmentedRaftLogWorker: created new log segment /github/workspace/mnt/ozone/hadoop-ozone/integration-test/target/test-dir/MiniOzoneClusterImpl-6a576fb6-293f-471c-b07d-839007c369a6/datanode-2/data/ratis/e441cfae-c727-4687-ae32-886fce41281a/current/log_inprogress_0
2020-12-01 16:49:36,082 [52624640-3a50-44d5-a43a-3863fdb02bf0@group-886FCE41281A-LeaderElection14] INFO  impl.RaftServerImpl (ServerState.java:setRaftConf(374)) - 52624640-3a50-44d5-a43a-3863fdb02bf0@group-886FCE41281A: set configuration 0: [52624640-3a50-44d5-a43a-3863fdb02bf0|rpc:172.17.0.2:37353|dataStream:], old=null at 0
2020-12-01 16:49:36,559 [omNode-1@group-523986131536-StateMachineUpdater] INFO  ratis.OzoneManagerStateMachine (OzoneManagerStateMachine.java:takeSnapshot(345)) - Current Snapshot Index (t:1, i:49)
2020-12-01 16:49:36,559 [omNode-1@group-523986131536-StateMachineUpdater] INFO  impl.StateMachineUpdater (StateMachineUpdater.java:takeSnapshot(278)) - omNode-1@group-523986131536-StateMachineUpdater: Took a snapshot at index 49
2020-12-01 16:49:36,559 [omNode-1@group-523986131536-StateMachineUpdater] INFO  impl.StateMachineUpdater (StateMachineUpdater.java:lambda$new$0(87)) - omNode-1@group-523986131536-StateMachineUpdater: snapshotIndex: updateIncreasingly -1 -> 49
2020-12-01 16:49:36,559 [omNode-1@group-523986131536-StateMachineUpdater] INFO  raftlog.RaftLog (RaftLog.java:purge(383)) - omNode-1@group-523986131536-SegmentedRaftLog: purge 49
2020-12-01 16:49:36,560 [omNode-1@group-523986131536-StateMachineUpdater] INFO  raftlog.RaftLog (RaftLog.java:lambda$new$0(62)) - omNode-1@group-523986131536-SegmentedRaftLog: purgeIndex: updateToMax old=-1, new=49, updated? true
2020-12-01 16:49:36,563 [omNode-3@group-523986131536-StateMachineUpdater] INFO  ratis.OzoneManagerStateMachine (OzoneManagerStateMachine.java:takeSnapshot(345)) - Current Snapshot Index (t:1, i:49)
2020-12-01 16:49:36,563 [omNode-3@group-523986131536-StateMachineUpdater] INFO  impl.StateMachineUpdater (StateMachineUpdater.java:takeSnapshot(278)) - omNode-3@group-523986131536-StateMachineUpdater: Took a snapshot at index 49
2020-12-01 16:49:36,563 [omNode-3@group-523986131536-StateMachineUpdater] INFO  impl.StateMachineUpdater (StateMachineUpdater.java:lambda$new$0(87)) - omNode-3@group-523986131536-StateMachineUpdater: snapshotIndex: updateIncreasingly -1 -> 49
2020-12-01 16:49:36,563 [omNode-3@group-523986131536-StateMachineUpdater] INFO  raftlog.RaftLog (RaftLog.java:purge(383)) - omNode-3@group-523986131536-SegmentedRaftLog: purge 49
2020-12-01 16:49:36,563 [omNode-3@group-523986131536-StateMachineUpdater] INFO  raftlog.RaftLog (RaftLog.java:lambda$new$0(62)) - omNode-3@group-523986131536-SegmentedRaftLog: purgeIndex: updateToMax old=-1, new=49, updated? true
2020-12-01 16:49:36,570 [omNode-2@group-523986131536-StateMachineUpdater] INFO  ratis.OzoneManagerStateMachine (OzoneManagerStateMachine.java:takeSnapshot(345)) - Current Snapshot Index (t:1, i:49)
2020-12-01 16:49:36,571 [omNode-2@group-523986131536-StateMachineUpdater] INFO  impl.StateMachineUpdater (StateMachineUpdater.java:takeSnapshot(278)) - omNode-2@group-523986131536-StateMachineUpdater: Took a snapshot at index 49
2020-12-01 16:49:36,571 [omNode-2@group-523986131536-StateMachineUpdater] INFO  impl.StateMachineUpdater (StateMachineUpdater.java:lambda$new$0(87)) - omNode-2@group-523986131536-StateMachineUpdater: snapshotIndex: updateIncreasingly -1 -> 49
2020-12-01 16:49:36,571 [omNode-2@group-523986131536-StateMachineUpdater] INFO  raftlog.RaftLog (RaftLog.java:purge(383)) - omNode-2@group-523986131536-SegmentedRaftLog: purge 49
2020-12-01 16:49:36,571 [omNode-2@group-523986131536-StateMachineUpdater] INFO  raftlog.RaftLog (RaftLog.java:lambda$new$0(62)) - omNode-2@group-523986131536-SegmentedRaftLog: purgeIndex: updateToMax old=-1, new=49, updated? true
2020-12-01 16:49:36,600 [Listener at 127.0.0.1/10356] INFO  ozone.MiniOzoneClusterImpl (MiniOzoneClusterImpl.java:shutdown(388)) - Shutting down the Mini Ozone Cluster
2020-12-01 16:49:36,600 [Listener at 127.0.0.1/10356] INFO  ozone.MiniOzoneHAClusterImpl (MiniOzoneHAClusterImpl.java:stop(230)) - Stopping the OzoneManager omNode-3
2020-12-01 16:49:36,600 [Listener at 127.0.0.1/10356] INFO  ipc.Server (Server.java:stop(3359)) - Stopping server on 10356
2020-12-01 16:49:36,606 [IPC Server Responder] INFO  ipc.Server (Server.java:run(1465)) - Stopping IPC Server Responder
2020-12-01 16:49:36,607 [Listener at 127.0.0.1/10356] INFO  impl.RaftServerProxy (RaftServerProxy.java:lambda$close$4(338)) - omNode-3: close
2020-12-01 16:49:36,608 [IPC Server listener on 10356] INFO  ipc.Server (Server.java:run(1330)) - Stopping IPC Server listener on 10356
2020-12-01 16:49:36,610 [Listener at 127.0.0.1/10356] INFO  impl.RaftServerImpl (RaftServerImpl.java:lambda$shutdown$3(328)) - omNode-3@group-523986131536: shutdown
2020-12-01 16:49:36,610 [Listener at 127.0.0.1/10356] INFO  util.JmxRegister (JmxRegister.java:unregister(73)) - Successfully un-registered JMX Bean with object name Ratis:service=RaftServer,group=group-523986131536,id=omNode-3
2020-12-01 16:49:36,610 [Listener at 127.0.0.1/10356] INFO  impl.RoleInfo (RoleInfo.java:shutdownFollowerState(121)) - omNode-3: shutdown omNode-3@group-523986131536-FollowerState
2020-12-01 16:49:36,611 [Listener at 127.0.0.1/10356] INFO  impl.StateMachineUpdater (StateMachineUpdater.java:stopAndJoin(147)) - omNode-3@group-523986131536-StateMachineUpdater: set stopIndex = 53
2020-12-01 16:49:36,611 [Thread-645] INFO  impl.FollowerState (FollowerState.java:run(137)) - omNode-3@group-523986131536-FollowerState was interrupted: {}
java.lang.InterruptedException: sleep interrupted
	at java.lang.Thread.sleep(Native Method)
	at org.apache.ratis.util.JavaUtils.sleep(JavaUtils.java:250)
	at org.apache.ratis.server.impl.FollowerState.run(FollowerState.java:116)
2020-12-01 16:49:36,611 [omNode-3@group-523986131536-StateMachineUpdater] INFO  ratis.OzoneManagerStateMachine (OzoneManagerStateMachine.java:takeSnapshot(345)) - Current Snapshot Index (t:1, i:53)
2020-12-01 16:49:36,611 [omNode-3@group-523986131536-StateMachineUpdater] INFO  impl.StateMachineUpdater (StateMachineUpdater.java:takeSnapshot(278)) - omNode-3@group-523986131536-StateMachineUpdater: Took a snapshot at index 53
2020-12-01 16:49:36,611 [omNode-3@group-523986131536-StateMachineUpdater] INFO  impl.StateMachineUpdater (StateMachineUpdater.java:lambda$new$0(87)) - omNode-3@group-523986131536-StateMachineUpdater: snapshotIndex: updateIncreasingly 49 -> 53
2020-12-01 16:49:36,611 [omNode-3@group-523986131536-StateMachineUpdater] INFO  metrics.RatisMetrics (RatisMetrics.java:unregister(43)) - Unregistering Metrics Registry : ratis.state_machine.omNode-3@group-523986131536
2020-12-01 16:49:36,611 [Listener at 127.0.0.1/10356] INFO  impl.RaftServerImpl (ServerState.java:close(406)) - omNode-3@group-523986131536: closes. applyIndex: 53
2020-12-01 16:49:36,616 [omNode-3@group-523986131536-SegmentedRaftLogWorker] INFO  segmented.SegmentedRaftLogWorker (SegmentedRaftLogWorker.java:run(329)) - omNode-3@group-523986131536-SegmentedRaftLogWorker was interrupted, exiting. There are 0 tasks remaining in the queue.
2020-12-01 16:49:36,616 [org.apache.ratis.server.JvmPauseMonitor@7f63d95a-Monitor] WARN  server.JvmPauseMonitor (JvmPauseMonitor.java:run(141)) - Detected pause in JVM or host machine (eg GC): pause of approximately 4ms
No GCs detected
2020-12-01 16:49:36,620 [Listener at 127.0.0.1/10356] INFO  segmented.SegmentedRaftLogWorker (SegmentedRaftLogWorker.java:close(235)) - omNode-3@group-523986131536-SegmentedRaftLogWorker close()
2020-12-01 16:49:36,621 [Listener at 127.0.0.1/10356] INFO  metrics.RatisMetrics (RatisMetrics.java:unregister(43)) - Unregistering Metrics Registry : ratis.log_worker.omNode-3@group-523986131536
2020-12-01 16:49:36,621 [Listener at 127.0.0.1/10356] INFO  metrics.RatisMetrics (RatisMetrics.java:unregister(43)) - Unregistering Metrics Registry : ratis.leader_election.omNode-3@group-523986131536
2020-12-01 16:49:36,621 [Listener at 127.0.0.1/10356] INFO  metrics.RatisMetrics (RatisMetrics.java:unregister(43)) - Unregistering Metrics Registry : ratis.server.omNode-3@group-523986131536
2020-12-01 16:49:36,621 [Listener at 127.0.0.1/10356] INFO  server.GrpcService (GrpcService.java:closeImpl(184)) - omNode-3: shutdown server with port 10360 now
2020-12-01 16:49:36,622 [grpc-default-executor-2] WARN  server.GrpcServerProtocolService (LogUtils.java:warn(122)) - omNode-3: installSnapshot onError, lastRequest: omNode-1->omNode-3#236-t1, previous=(t:1, i:55), leaderCommit=55, initializing? false, entries: size=1, first=(t:1, i:56), METADATAENTRY(c:55): org.apache.ratis.thirdparty.io.grpc.StatusRuntimeException: CANCELLED: cancelled before receiving half close
2020-12-01 16:49:36,622 [Listener at 127.0.0.1/10356] INFO  server.GrpcService (GrpcService.java:closeImpl(193)) - omNode-3: shutdown server with port 10360 successfully
2020-12-01 16:49:36,622 [grpc-default-executor-2] WARN  server.GrpcLogAppender (LogUtils.java:warn(122)) - omNode-1@group-523986131536->omNode-3-AppendLogResponseHandler: Failed appendEntries: org.apache.ratis.thirdparty.io.grpc.StatusRuntimeException: CANCELLED: HTTP/2 error code: CANCEL
Received Rst Stream
2020-12-01 16:49:36,623 [grpc-default-executor-2] INFO  impl.FollowerInfo (FollowerInfo.java:lambda$new$0(51)) - omNode-1@group-523986131536->omNode-3: nextIndex: updateUnconditionally 57 -> 56
2020-12-01 16:49:36,624 [Listener at 127.0.0.1/10356] INFO  ratis.OzoneManagerDoubleBuffer (OzoneManagerDoubleBuffer.java:stop(457)) - Stopping OMDoubleBuffer flush thread
2020-12-01 16:49:36,624 [OMDoubleBufferFlushThread] INFO  ratis.OzoneManagerDoubleBuffer (OzoneManagerDoubleBuffer.java:flushTransactions(356)) - OMDoubleBuffer flush thread OMDoubleBufferFlushThread is interrupted and will exit. OMDoubleBufferFlushThread
2020-12-01 16:49:36,624 [Listener at 127.0.0.1/10356] INFO  ratis.OzoneManagerStateMachine (HadoopExecutors.java:shutdown(118)) - Gracefully shutting down executor service. Waiting max 5 SECONDS
2020-12-01 16:49:36,625 [Listener at 127.0.0.1/10356] INFO  ratis.OzoneManagerStateMachine (HadoopExecutors.java:shutdown(129)) - Succesfully shutdown executor service
2020-12-01 16:49:36,625 [Listener at 127.0.0.1/10356] INFO  ratis.OzoneManagerStateMachine (HadoopExecutors.java:shutdown(118)) - Gracefully shutting down executor service. Waiting max 5 SECONDS
2020-12-01 16:49:36,625 [Listener at 127.0.0.1/10356] INFO  ratis.OzoneManagerStateMachine (HadoopExecutors.java:shutdown(129)) - Succesfully shutdown executor service
2020-12-01 16:49:36,625 [Listener at 127.0.0.1/10356] INFO  utils.BackgroundService (BackgroundService.java:shutdown(132)) - Shutting down service KeyDeletingService
2020-12-01 16:49:36,626 [Listener at 127.0.0.1/10356] INFO  handler.ContextHandler (ContextHandler.java:doStop(1154)) - Stopped o.e.j.w.WebAppContext@3517b78b{ozoneManager,/,null,STOPPED}{file:/github/workspace/mnt/ozone/hadoop-ozone/integration-test/target/test-classes/webapps/ozoneManager}
2020-12-01 16:49:36,626 [Listener at 127.0.0.1/10356] INFO  server.AbstractConnector (AbstractConnector.java:doStop(381)) - Stopped ServerConnector@447f8fb9{HTTP/1.1, (http/1.1)}{0.0.0.0:10358}
2020-12-01 16:49:36,626 [Listener at 127.0.0.1/10356] INFO  server.session (HouseKeeper.java:stopScavenging(149)) - node0 Stopped scavenging
2020-12-01 16:49:36,627 [Listener at 127.0.0.1/10356] INFO  handler.ContextHandler (ContextHandler.java:doStop(1154)) - Stopped o.e.j.s.ServletContextHandler@1ccf8fbf{static,/static,file:///github/workspace/mnt/ozone/hadoop-ozone/integration-test/target/test-classes/webapps/static,STOPPED}
2020-12-01 16:49:36,627 [Listener at 127.0.0.1/10356] INFO  handler.ContextHandler (ContextHandler.java:doStop(1154)) - Stopped o.e.j.s.ServletContextHandler@75ab95d1{logs,/logs,file:///github/workspace/mnt/ozone/hadoop-ozone/integration-test/target/log,STOPPED}
2020-12-01 16:49:36,637 [grpc-default-executor-0] WARN  server.GrpcLogAppender (LogUtils.java:warn(122)) - omNode-1@group-523986131536->omNode-3-AppendLogResponseHandler: Failed appendEntries: org.apache.ratis.thirdparty.io.grpc.StatusRuntimeException: UNAVAILABLE: io exception
2020-12-01 16:49:36,638 [grpc-default-executor-0] INFO  impl.FollowerInfo (FollowerInfo.java:lambda$new$0(51)) - omNode-1@group-523986131536->omNode-3: nextIndex: updateUnconditionally 57 -> 56
2020-12-01 16:49:36,639 [Listener at 127.0.0.1/10356] INFO  ozone.MiniOzoneHAClusterImpl (MiniOzoneHAClusterImpl.java:stop(230)) - Stopping the OzoneManager omNode-1
2020-12-01 16:49:36,639 [Listener at 127.0.0.1/10356] INFO  ipc.Server (Server.java:stop(3359)) - Stopping server on 10344
2020-12-01 16:49:36,646 [IPC Server listener on 10344] INFO  ipc.Server (Server.java:run(1330)) - Stopping IPC Server listener on 10344
2020-12-01 16:49:36,646 [Listener at 127.0.0.1/10356] INFO  impl.RaftServerProxy (RaftServerProxy.java:lambda$close$4(338)) - omNode-1: close
2020-12-01 16:49:36,646 [IPC Server Responder] INFO  ipc.Server (Server.java:run(1465)) - Stopping IPC Server Responder
2020-12-01 16:49:36,649 [Listener at 127.0.0.1/10356] INFO  impl.RaftServerImpl (RaftServerImpl.java:lambda$shutdown$3(328)) - omNode-1@group-523986131536: shutdown
2020-12-01 16:49:36,649 [Listener at 127.0.0.1/10356] INFO  util.JmxRegister (JmxRegister.java:unregister(73)) - Successfully un-registered JMX Bean with object name Ratis:service=RaftServer,group=group-523986131536,id=omNode-1
2020-12-01 16:49:36,649 [Listener at 127.0.0.1/10356] INFO  impl.RoleInfo (RoleInfo.java:shutdownLeaderState(104)) - omNode-1: shutdown omNode-1@group-523986131536-LeaderState
2020-12-01 16:49:36,649 [Listener at 127.0.0.1/10356] INFO  metrics.RatisMetrics (RatisMetrics.java:unregister(43)) - Unregistering Metrics Registry : ratis_grpc.log_appender.omNode-1@group-523986131536
2020-12-01 16:49:36,650 [org.apache.ratis.server.impl.LogAppender$AppenderDaemon$$Lambda$362/1215189338@1033c698] WARN  server.GrpcLogAppender (GrpcLogAppender.java:mayWait(168)) - omNode-1@group-523986131536->omNode-3-GrpcLogAppender: Wait interrupted by java.lang.InterruptedException
2020-12-01 16:49:36,650 [Listener at 127.0.0.1/10356] INFO  metrics.RatisMetrics (RatisMetrics.java:unregister(43)) - Unregistering Metrics Registry : ratis_grpc.log_appender.omNode-1@group-523986131536
2020-12-01 16:49:36,650 [org.apache.ratis.server.impl.LogAppender$AppenderDaemon$$Lambda$362/1215189338@14aa211] WARN  server.GrpcLogAppender (GrpcLogAppender.java:mayWait(168)) - omNode-1@group-523986131536->omNode-2-GrpcLogAppender: Wait interrupted by java.lang.InterruptedException
2020-12-01 16:49:36,650 [Listener at 127.0.0.1/10356] INFO  impl.PendingRequests (PendingRequests.java:sendNotLeaderResponses(250)) - omNode-1@group-523986131536-PendingRequests: sendNotLeaderResponses
2020-12-01 16:49:36,652 [Listener at 127.0.0.1/10356] INFO  metrics.RatisMetrics (RatisMetrics.java:unregister(43)) - Unregistering Metrics Registry : ratis.log_appender.omNode-1@group-523986131536
2020-12-01 16:49:36,652 [Listener at 127.0.0.1/10356] INFO  metrics.RatisMetrics (RatisMetrics.java:unregister(43)) - Unregistering Metrics Registry : ratis.server.omNode-1@group-523986131536
2020-12-01 16:49:36,652 [Listener at 127.0.0.1/10356] INFO  impl.StateMachineUpdater (StateMachineUpdater.java:stopAndJoin(147)) - omNode-1@group-523986131536-StateMachineUpdater: set stopIndex = 56
2020-12-01 16:49:36,652 [grpc-default-executor-0] INFO  server.GrpcServerProtocolService (GrpcServerProtocolService.java:onCompleted(138)) - omNode-2: Completed APPEND_ENTRIES, lastRequest: omNode-1->omNode-2#246-t1, previous=(t:1, i:55), leaderCommit=55, initializing? false, entries: size=1, first=(t:1, i:56), METADATAENTRY(c:55)
2020-12-01 16:49:36,652 [omNode-1@group-523986131536-StateMachineUpdater] INFO  ratis.OzoneManagerStateMachine (OzoneManagerStateMachine.java:takeSnapshot(345)) - Current Snapshot Index (t:1, i:56)
2020-12-01 16:49:36,653 [omNode-1@group-523986131536-StateMachineUpdater] INFO  impl.StateMachineUpdater (StateMachineUpdater.java:takeSnapshot(278)) - omNode-1@group-523986131536-StateMachineUpdater: Took a snapshot at index 56
2020-12-01 16:49:36,653 [omNode-1@group-523986131536-StateMachineUpdater] INFO  impl.StateMachineUpdater (StateMachineUpdater.java:lambda$new$0(87)) - omNode-1@group-523986131536-StateMachineUpdater: snapshotIndex: updateIncreasingly 49 -> 56
2020-12-01 16:49:36,653 [omNode-1@group-523986131536-StateMachineUpdater] INFO  metrics.RatisMetrics (RatisMetrics.java:unregister(43)) - Unregistering Metrics Registry : ratis.state_machine.omNode-1@group-523986131536
2020-12-01 16:49:36,653 [Listener at 127.0.0.1/10356] INFO  impl.RaftServerImpl (ServerState.java:close(406)) - omNode-1@group-523986131536: closes. applyIndex: 56
2020-12-01 16:49:36,653 [omNode-1@group-523986131536-SegmentedRaftLogWorker] INFO  segmented.SegmentedRaftLogWorker (SegmentedRaftLogWorker.java:run(329)) - omNode-1@group-523986131536-SegmentedRaftLogWorker was interrupted, exiting. There are 0 tasks remaining in the queue.
2020-12-01 16:49:36,654 [grpc-default-executor-0] INFO  server.GrpcLogAppender (GrpcLogAppender.java:onCompleted(337)) - omNode-1@group-523986131536->omNode-2-AppendLogResponseHandler: follower responses appendEntries COMPLETED
2020-12-01 16:49:36,654 [grpc-default-executor-0] INFO  impl.FollowerInfo (FollowerInfo.java:lambda$new$0(51)) - omNode-1@group-523986131536->omNode-2: nextIndex: updateUnconditionally 57 -> 56
2020-12-01 16:49:36,655 [Listener at 127.0.0.1/10356] INFO  segmented.SegmentedRaftLogWorker (SegmentedRaftLogWorker.java:close(235)) - omNode-1@group-523986131536-SegmentedRaftLogWorker close()
2020-12-01 16:49:36,655 [Listener at 127.0.0.1/10356] INFO  metrics.RatisMetrics (RatisMetrics.java:unregister(43)) - Unregistering Metrics Registry : ratis.log_worker.omNode-1@group-523986131536
2020-12-01 16:49:36,656 [Listener at 127.0.0.1/10356] INFO  metrics.RatisMetrics (RatisMetrics.java:unregister(43)) - Unregistering Metrics Registry : ratis.leader_election.omNode-1@group-523986131536
2020-12-01 16:49:36,656 [Listener at 127.0.0.1/10356] INFO  metrics.RatisMetrics (RatisMetrics.java:unregister(43)) - Unregistering Metrics Registry : ratis.server.omNode-1@group-523986131536
2020-12-01 16:49:36,656 [Listener at 127.0.0.1/10356] INFO  server.GrpcService (GrpcService.java:closeImpl(184)) - omNode-1: shutdown server with port 10348 now
2020-12-01 16:49:36,658 [Listener at 127.0.0.1/10356] INFO  server.GrpcService (GrpcService.java:closeImpl(193)) - omNode-1: shutdown server with port 10348 successfully
2020-12-01 16:49:36,659 [Listener at 127.0.0.1/10356] INFO  ratis.OzoneManagerDoubleBuffer (OzoneManagerDoubleBuffer.java:stop(457)) - Stopping OMDoubleBuffer flush thread
2020-12-01 16:49:36,659 [OMDoubleBufferFlushThread] INFO  ratis.OzoneManagerDoubleBuffer (OzoneManagerDoubleBuffer.java:flushTransactions(356)) - OMDoubleBuffer flush thread OMDoubleBufferFlushThread is interrupted and will exit. OMDoubleBufferFlushThread
2020-12-01 16:49:36,660 [Listener at 127.0.0.1/10356] INFO  ratis.OzoneManagerStateMachine (HadoopExecutors.java:shutdown(118)) - Gracefully shutting down executor service. Waiting max 5 SECONDS
2020-12-01 16:49:36,660 [Listener at 127.0.0.1/10356] INFO  ratis.OzoneManagerStateMachine (HadoopExecutors.java:shutdown(129)) - Succesfully shutdown executor service
2020-12-01 16:49:36,660 [Listener at 127.0.0.1/10356] INFO  ratis.OzoneManagerStateMachine (HadoopExecutors.java:shutdown(118)) - Gracefully shutting down executor service. Waiting max 5 SECONDS
2020-12-01 16:49:36,660 [Listener at 127.0.0.1/10356] INFO  ratis.OzoneManagerStateMachine (HadoopExecutors.java:shutdown(129)) - Succesfully shutdown executor service
2020-12-01 16:49:36,660 [Listener at 127.0.0.1/10356] INFO  utils.BackgroundService (BackgroundService.java:shutdown(132)) - Shutting down service KeyDeletingService
2020-12-01 16:49:36,660 [Listener at 127.0.0.1/10356] INFO  handler.ContextHandler (ContextHandler.java:doStop(1154)) - Stopped o.e.j.w.WebAppContext@403aabe2{ozoneManager,/,null,STOPPED}{file:/github/workspace/mnt/ozone/hadoop-ozone/integration-test/target/test-classes/webapps/ozoneManager}
2020-12-01 16:49:36,661 [Listener at 127.0.0.1/10356] INFO  server.AbstractConnector (AbstractConnector.java:doStop(381)) - Stopped ServerConnector@217f3dd6{HTTP/1.1, (http/1.1)}{0.0.0.0:10346}
2020-12-01 16:49:36,661 [Listener at 127.0.0.1/10356] INFO  server.session (HouseKeeper.java:stopScavenging(149)) - node0 Stopped scavenging
2020-12-01 16:49:36,662 [Listener at 127.0.0.1/10356] INFO  handler.ContextHandler (ContextHandler.java:doStop(1154)) - Stopped o.e.j.s.ServletContextHandler@29dfdc29{static,/static,file:///github/workspace/mnt/ozone/hadoop-ozone/integration-test/target/test-classes/webapps/static,STOPPED}
2020-12-01 16:49:36,662 [Listener at 127.0.0.1/10356] INFO  handler.ContextHandler (ContextHandler.java:doStop(1154)) - Stopped o.e.j.s.ServletContextHandler@472dd336{logs,/logs,file:///github/workspace/mnt/ozone/hadoop-ozone/integration-test/target/log,STOPPED}
2020-12-01 16:49:36,664 [Listener at 127.0.0.1/10356] INFO  ozone.MiniOzoneHAClusterImpl (MiniOzoneHAClusterImpl.java:stop(230)) - Stopping the OzoneManager omNode-2
2020-12-01 16:49:36,665 [Listener at 127.0.0.1/10356] INFO  ipc.Server (Server.java:stop(3359)) - Stopping server on 10350
2020-12-01 16:49:36,666 [IPC Server listener on 10350] INFO  ipc.Server (Server.java:run(1330)) - Stopping IPC Server listener on 10350
2020-12-01 16:49:36,672 [IPC Server Responder] INFO  ipc.Server (Server.java:run(1465)) - Stopping IPC Server Responder
2020-12-01 16:49:36,672 [Listener at 127.0.0.1/10356] INFO  impl.RaftServerProxy (RaftServerProxy.java:lambda$close$4(338)) - omNode-2: close
2020-12-01 16:49:36,672 [Listener at 127.0.0.1/10356] INFO  impl.RaftServerImpl (RaftServerImpl.java:lambda$shutdown$3(328)) - omNode-2@group-523986131536: shutdown
2020-12-01 16:49:36,672 [Listener at 127.0.0.1/10356] INFO  util.JmxRegister (JmxRegister.java:unregister(73)) - Successfully un-registered JMX Bean with object name Ratis:service=RaftServer,group=group-523986131536,id=omNode-2
2020-12-01 16:49:36,673 [Listener at 127.0.0.1/10356] INFO  impl.RoleInfo (RoleInfo.java:shutdownFollowerState(121)) - omNode-2: shutdown omNode-2@group-523986131536-FollowerState
2020-12-01 16:49:36,673 [Thread-646] INFO  impl.FollowerState (FollowerState.java:run(137)) - omNode-2@group-523986131536-FollowerState was interrupted: {}
java.lang.InterruptedException: sleep interrupted
	at java.lang.Thread.sleep(Native Method)
	at org.apache.ratis.util.JavaUtils.sleep(JavaUtils.java:250)
	at org.apache.ratis.server.impl.FollowerState.run(FollowerState.java:116)
2020-12-01 16:49:36,673 [Listener at 127.0.0.1/10356] INFO  impl.StateMachineUpdater (StateMachineUpdater.java:stopAndJoin(147)) - omNode-2@group-523986131536-StateMachineUpdater: set stopIndex = 55
2020-12-01 16:49:36,673 [omNode-2@group-523986131536-StateMachineUpdater] INFO  ratis.OzoneManagerStateMachine (OzoneManagerStateMachine.java:takeSnapshot(345)) - Current Snapshot Index (t:1, i:55)
2020-12-01 16:49:36,673 [omNode-2@group-523986131536-StateMachineUpdater] INFO  impl.StateMachineUpdater (StateMachineUpdater.java:takeSnapshot(278)) - omNode-2@group-523986131536-StateMachineUpdater: Took a snapshot at index 55
2020-12-01 16:49:36,673 [omNode-2@group-523986131536-StateMachineUpdater] INFO  impl.StateMachineUpdater (StateMachineUpdater.java:lambda$new$0(87)) - omNode-2@group-523986131536-StateMachineUpdater: snapshotIndex: updateIncreasingly 49 -> 55
2020-12-01 16:49:36,673 [omNode-2@group-523986131536-StateMachineUpdater] INFO  metrics.RatisMetrics (RatisMetrics.java:unregister(43)) - Unregistering Metrics Registry : ratis.state_machine.omNode-2@group-523986131536
2020-12-01 16:49:36,673 [Listener at 127.0.0.1/10356] INFO  impl.RaftServerImpl (ServerState.java:close(406)) - omNode-2@group-523986131536: closes. applyIndex: 55
2020-12-01 16:49:36,674 [omNode-2@group-523986131536-SegmentedRaftLogWorker] INFO  segmented.SegmentedRaftLogWorker (SegmentedRaftLogWorker.java:run(329)) - omNode-2@group-523986131536-SegmentedRaftLogWorker was interrupted, exiting. There are 0 tasks remaining in the queue.
2020-12-01 16:49:36,675 [Listener at 127.0.0.1/10356] INFO  segmented.SegmentedRaftLogWorker (SegmentedRaftLogWorker.java:close(235)) - omNode-2@group-523986131536-SegmentedRaftLogWorker close()
2020-12-01 16:49:36,675 [Listener at 127.0.0.1/10356] INFO  metrics.RatisMetrics (RatisMetrics.java:unregister(43)) - Unregistering Metrics Registry : ratis.log_worker.omNode-2@group-523986131536
2020-12-01 16:49:36,675 [Listener at 127.0.0.1/10356] INFO  metrics.RatisMetrics (RatisMetrics.java:unregister(43)) - Unregistering Metrics Registry : ratis.leader_election.omNode-2@group-523986131536
2020-12-01 16:49:36,676 [Listener at 127.0.0.1/10356] INFO  metrics.RatisMetrics (RatisMetrics.java:unregister(43)) - Unregistering Metrics Registry : ratis.server.omNode-2@group-523986131536
2020-12-01 16:49:36,676 [Listener at 127.0.0.1/10356] INFO  server.GrpcService (GrpcService.java:closeImpl(184)) - omNode-2: shutdown server with port 10354 now
2020-12-01 16:49:36,677 [Listener at 127.0.0.1/10356] INFO  server.GrpcService (GrpcService.java:closeImpl(193)) - omNode-2: shutdown server with port 10354 successfully
2020-12-01 16:49:36,677 [Listener at 127.0.0.1/10356] INFO  ratis.OzoneManagerDoubleBuffer (OzoneManagerDoubleBuffer.java:stop(457)) - Stopping OMDoubleBuffer flush thread
2020-12-01 16:49:36,677 [OMDoubleBufferFlushThread] INFO  ratis.OzoneManagerDoubleBuffer (OzoneManagerDoubleBuffer.java:flushTransactions(356)) - OMDoubleBuffer flush thread OMDoubleBufferFlushThread is interrupted and will exit. OMDoubleBufferFlushThread
2020-12-01 16:49:36,679 [Listener at 127.0.0.1/10356] INFO  ratis.OzoneManagerStateMachine (HadoopExecutors.java:shutdown(118)) - Gracefully shutting down executor service. Waiting max 5 SECONDS
2020-12-01 16:49:36,679 [Listener at 127.0.0.1/10356] INFO  ratis.OzoneManagerStateMachine (HadoopExecutors.java:shutdown(129)) - Succesfully shutdown executor service
2020-12-01 16:49:36,679 [Listener at 127.0.0.1/10356] INFO  ratis.OzoneManagerStateMachine (HadoopExecutors.java:shutdown(118)) - Gracefully shutting down executor service. Waiting max 5 SECONDS
2020-12-01 16:49:36,679 [Listener at 127.0.0.1/10356] INFO  ratis.OzoneManagerStateMachine (HadoopExecutors.java:shutdown(129)) - Succesfully shutdown executor service
2020-12-01 16:49:36,679 [Listener at 127.0.0.1/10356] INFO  utils.BackgroundService (BackgroundService.java:shutdown(132)) - Shutting down service KeyDeletingService
2020-12-01 16:49:36,680 [Listener at 127.0.0.1/10356] INFO  handler.ContextHandler (ContextHandler.java:doStop(1154)) - Stopped o.e.j.w.WebAppContext@37a0fb80{ozoneManager,/,null,STOPPED}{file:/github/workspace/mnt/ozone/hadoop-ozone/integration-test/target/test-classes/webapps/ozoneManager}
2020-12-01 16:49:36,681 [Listener at 127.0.0.1/10356] INFO  server.AbstractConnector (AbstractConnector.java:doStop(381)) - Stopped ServerConnector@a33979e{HTTP/1.1, (http/1.1)}{0.0.0.0:10352}
2020-12-01 16:49:36,681 [Listener at 127.0.0.1/10356] INFO  server.session (HouseKeeper.java:stopScavenging(149)) - node0 Stopped scavenging
2020-12-01 16:49:36,681 [Listener at 127.0.0.1/10356] INFO  handler.ContextHandler (ContextHandler.java:doStop(1154)) - Stopped o.e.j.s.ServletContextHandler@78137bfb{static,/static,file:///github/workspace/mnt/ozone/hadoop-ozone/integration-test/target/test-classes/webapps/static,STOPPED}
2020-12-01 16:49:36,681 [Listener at 127.0.0.1/10356] INFO  handler.ContextHandler (ContextHandler.java:doStop(1154)) - Stopped o.e.j.s.ServletContextHandler@16537646{logs,/logs,file:///github/workspace/mnt/ozone/hadoop-ozone/integration-test/target/log,STOPPED}
2020-12-01 16:49:36,683 [Listener at 127.0.0.1/10356] INFO  ozone.MiniOzoneClusterImpl (MiniOzoneClusterImpl.java:stop(403)) - Stopping the Mini Ozone Cluster
2020-12-01 16:49:36,683 [Listener at 127.0.0.1/10356] INFO  ozone.MiniOzoneClusterImpl (MiniOzoneClusterImpl.java:stopDatanodes(462)) - Stopping the HddsDatanodes
2020-12-01 16:49:36,717 [Datanode State Machine Thread - 0] INFO  statemachine.DatanodeStateMachine (DatanodeStateMachine.java:lambda$startDaemon$0(406)) - Ozone container server started.
2020-12-01 16:49:37,199 [Datanode State Machine Thread - 0] INFO  statemachine.DatanodeStateMachine (DatanodeStateMachine.java:lambda$startDaemon$0(406)) - Ozone container server started.
2020-12-01 16:49:38,744 [EventQueue-Delayed safe mode statusForReplicationManager] INFO  container.ReplicationManager (ReplicationManager.java:start(178)) - Starting Replication Monitor Thread.
2020-12-01 16:49:38,745 [ReplicationMonitor] INFO  container.ReplicationManager (ReplicationManager.java:run(242)) - Replication Monitor Thread took 0 milliseconds for processing 2 containers.
2020-12-01 16:49:41,684 [ForkJoinPool.commonPool-worker-0] INFO  ozoneimpl.OzoneContainer (OzoneContainer.java:stop(257)) - Attempting to stop container services.
2020-12-01 16:49:41,684 [Listener at 127.0.0.1/10356] INFO  ozoneimpl.OzoneContainer (OzoneContainer.java:stop(257)) - Attempting to stop container services.
2020-12-01 16:49:41,685 [ForkJoinPool.commonPool-worker-0] INFO  impl.RaftServerProxy (RaftServerProxy.java:lambda$close$4(338)) - e3bd6bd1-6148-4375-8d06-ff7f6e457d0a: close
2020-12-01 16:49:41,685 [ForkJoinPool.commonPool-worker-0] INFO  impl.RaftServerImpl (RaftServerImpl.java:lambda$shutdown$3(328)) - e3bd6bd1-6148-4375-8d06-ff7f6e457d0a@group-2AE202B775D9: shutdown
2020-12-01 16:49:41,686 [ForkJoinPool.commonPool-worker-0] INFO  util.JmxRegister (JmxRegister.java:unregister(73)) - Successfully un-registered JMX Bean with object name Ratis:service=RaftServer,group=group-2AE202B775D9,id=e3bd6bd1-6148-4375-8d06-ff7f6e457d0a
2020-12-01 16:49:41,686 [ForkJoinPool.commonPool-worker-0] INFO  impl.RoleInfo (RoleInfo.java:shutdownLeaderState(104)) - e3bd6bd1-6148-4375-8d06-ff7f6e457d0a: shutdown e3bd6bd1-6148-4375-8d06-ff7f6e457d0a@group-2AE202B775D9-LeaderState
2020-12-01 16:49:41,686 [ForkJoinPool.commonPool-worker-0] INFO  impl.PendingRequests (PendingRequests.java:sendNotLeaderResponses(250)) - e3bd6bd1-6148-4375-8d06-ff7f6e457d0a@group-2AE202B775D9-PendingRequests: sendNotLeaderResponses
2020-12-01 16:49:41,686 [ForkJoinPool.commonPool-worker-0] INFO  metrics.RatisMetrics (RatisMetrics.java:unregister(43)) - Unregistering Metrics Registry : ratis.log_appender.e3bd6bd1-6148-4375-8d06-ff7f6e457d0a@group-2AE202B775D9
2020-12-01 16:49:41,686 [ForkJoinPool.commonPool-worker-0] INFO  metrics.RatisMetrics (RatisMetrics.java:unregister(43)) - Unregistering Metrics Registry : ratis.server.e3bd6bd1-6148-4375-8d06-ff7f6e457d0a@group-2AE202B775D9
2020-12-01 16:49:41,686 [Listener at 127.0.0.1/10356] INFO  impl.RaftServerProxy (RaftServerProxy.java:lambda$close$4(338)) - a52daa0d-9a45-45c6-98a7-f9ed836d8714: close
2020-12-01 16:49:41,687 [Listener at 127.0.0.1/10356] INFO  impl.RaftServerImpl (RaftServerImpl.java:lambda$shutdown$3(328)) - a52daa0d-9a45-45c6-98a7-f9ed836d8714@group-659504B7989A: shutdown
2020-12-01 16:49:41,687 [e3bd6bd1-6148-4375-8d06-ff7f6e457d0a@group-2AE202B775D9-StateMachineUpdater] INFO  ratis.ContainerStateMachine (ContainerStateMachine.java:takeSnapshot(293)) - group-2AE202B775D9: Taking a snapshot at:(t:1, i:0) file /github/workspace/mnt/ozone/hadoop-ozone/integration-test/target/test-dir/MiniOzoneClusterImpl-6a576fb6-293f-471c-b07d-839007c369a6/datanode-0/data/ratis/f941e954-b93e-4afb-b21e-2ae202b775d9/sm/snapshot.1_0
2020-12-01 16:49:41,687 [Listener at 127.0.0.1/10356] INFO  util.JmxRegister (JmxRegister.java:unregister(73)) - Successfully un-registered JMX Bean with object name Ratis:service=RaftServer,group=group-659504B7989A,id=a52daa0d-9a45-45c6-98a7-f9ed836d8714
2020-12-01 16:49:41,688 [Listener at 127.0.0.1/10356] INFO  impl.RoleInfo (RoleInfo.java:shutdownLeaderState(104)) - a52daa0d-9a45-45c6-98a7-f9ed836d8714: shutdown a52daa0d-9a45-45c6-98a7-f9ed836d8714@group-659504B7989A-LeaderState
2020-12-01 16:49:41,688 [Listener at 127.0.0.1/10356] INFO  impl.PendingRequests (PendingRequests.java:sendNotLeaderResponses(250)) - a52daa0d-9a45-45c6-98a7-f9ed836d8714@group-659504B7989A-PendingRequests: sendNotLeaderResponses
2020-12-01 16:49:41,688 [Listener at 127.0.0.1/10356] INFO  metrics.RatisMetrics (RatisMetrics.java:unregister(43)) - Unregistering Metrics Registry : ratis.log_appender.a52daa0d-9a45-45c6-98a7-f9ed836d8714@group-659504B7989A
2020-12-01 16:49:41,689 [Listener at 127.0.0.1/10356] INFO  metrics.RatisMetrics (RatisMetrics.java:unregister(43)) - Unregistering Metrics Registry : ratis.server.a52daa0d-9a45-45c6-98a7-f9ed836d8714@group-659504B7989A
2020-12-01 16:49:41,689 [Listener at 127.0.0.1/10356] INFO  impl.StateMachineUpdater (StateMachineUpdater.java:stopAndJoin(147)) - a52daa0d-9a45-45c6-98a7-f9ed836d8714@group-659504B7989A-StateMachineUpdater: set stopIndex = 0
2020-12-01 16:49:41,689 [a52daa0d-9a45-45c6-98a7-f9ed836d8714@group-659504B7989A-StateMachineUpdater] INFO  ratis.ContainerStateMachine (ContainerStateMachine.java:takeSnapshot(293)) - group-659504B7989A: Taking a snapshot at:(t:1, i:0) file /github/workspace/mnt/ozone/hadoop-ozone/integration-test/target/test-dir/MiniOzoneClusterImpl-6a576fb6-293f-471c-b07d-839007c369a6/datanode-1/data/ratis/694b30bb-ff72-4282-885c-659504b7989a/sm/snapshot.1_0
2020-12-01 16:49:41,688 [ForkJoinPool.commonPool-worker-0] INFO  impl.StateMachineUpdater (StateMachineUpdater.java:stopAndJoin(147)) - e3bd6bd1-6148-4375-8d06-ff7f6e457d0a@group-2AE202B775D9-StateMachineUpdater: set stopIndex = 0
2020-12-01 16:49:41,689 [e3bd6bd1-6148-4375-8d06-ff7f6e457d0a@group-2AE202B775D9-StateMachineUpdater] INFO  ratis.ContainerStateMachine (ContainerStateMachine.java:takeSnapshot(304)) - group-2AE202B775D9: Finished taking a snapshot at:(t:1, i:0) file:/github/workspace/mnt/ozone/hadoop-ozone/integration-test/target/test-dir/MiniOzoneClusterImpl-6a576fb6-293f-471c-b07d-839007c369a6/datanode-0/data/ratis/f941e954-b93e-4afb-b21e-2ae202b775d9/sm/snapshot.1_0 time:1
2020-12-01 16:49:41,690 [e3bd6bd1-6148-4375-8d06-ff7f6e457d0a@group-2AE202B775D9-StateMachineUpdater] INFO  impl.StateMachineUpdater (StateMachineUpdater.java:takeSnapshot(278)) - e3bd6bd1-6148-4375-8d06-ff7f6e457d0a@group-2AE202B775D9-StateMachineUpdater: Took a snapshot at index 0
2020-12-01 16:49:41,690 [e3bd6bd1-6148-4375-8d06-ff7f6e457d0a@group-2AE202B775D9-StateMachineUpdater] INFO  impl.StateMachineUpdater (StateMachineUpdater.java:lambda$new$0(87)) - e3bd6bd1-6148-4375-8d06-ff7f6e457d0a@group-2AE202B775D9-StateMachineUpdater: snapshotIndex: updateIncreasingly -1 -> 0
2020-12-01 16:49:41,690 [e3bd6bd1-6148-4375-8d06-ff7f6e457d0a@group-2AE202B775D9-StateMachineUpdater] INFO  metrics.RatisMetrics (RatisMetrics.java:unregister(43)) - Unregistering Metrics Registry : ratis.state_machine.e3bd6bd1-6148-4375-8d06-ff7f6e457d0a@group-2AE202B775D9
2020-12-01 16:49:41,690 [a52daa0d-9a45-45c6-98a7-f9ed836d8714@group-659504B7989A-StateMachineUpdater] INFO  ratis.ContainerStateMachine (ContainerStateMachine.java:takeSnapshot(304)) - group-659504B7989A: Finished taking a snapshot at:(t:1, i:0) file:/github/workspace/mnt/ozone/hadoop-ozone/integration-test/target/test-dir/MiniOzoneClusterImpl-6a576fb6-293f-471c-b07d-839007c369a6/datanode-1/data/ratis/694b30bb-ff72-4282-885c-659504b7989a/sm/snapshot.1_0 time:1
2020-12-01 16:49:41,690 [a52daa0d-9a45-45c6-98a7-f9ed836d8714@group-659504B7989A-StateMachineUpdater] INFO  impl.StateMachineUpdater (StateMachineUpdater.java:takeSnapshot(278)) - a52daa0d-9a45-45c6-98a7-f9ed836d8714@group-659504B7989A-StateMachineUpdater: Took a snapshot at index 0
2020-12-01 16:49:41,690 [a52daa0d-9a45-45c6-98a7-f9ed836d8714@group-659504B7989A-StateMachineUpdater] INFO  impl.StateMachineUpdater (StateMachineUpdater.java:lambda$new$0(87)) - a52daa0d-9a45-45c6-98a7-f9ed836d8714@group-659504B7989A-StateMachineUpdater: snapshotIndex: updateIncreasingly -1 -> 0
2020-12-01 16:49:41,691 [a52daa0d-9a45-45c6-98a7-f9ed836d8714@group-659504B7989A-StateMachineUpdater] INFO  metrics.RatisMetrics (RatisMetrics.java:unregister(43)) - Unregistering Metrics Registry : ratis.state_machine.a52daa0d-9a45-45c6-98a7-f9ed836d8714@group-659504B7989A
2020-12-01 16:49:41,693 [ForkJoinPool.commonPool-worker-0] INFO  impl.RaftServerImpl (ServerState.java:close(406)) - e3bd6bd1-6148-4375-8d06-ff7f6e457d0a@group-2AE202B775D9: closes. applyIndex: 0
2020-12-01 16:49:41,693 [e3bd6bd1-6148-4375-8d06-ff7f6e457d0a@group-2AE202B775D9-SegmentedRaftLogWorker] INFO  segmented.SegmentedRaftLogWorker (SegmentedRaftLogWorker.java:run(329)) - e3bd6bd1-6148-4375-8d06-ff7f6e457d0a@group-2AE202B775D9-SegmentedRaftLogWorker was interrupted, exiting. There are 0 tasks remaining in the queue.
2020-12-01 16:49:41,693 [Listener at 127.0.0.1/10356] INFO  impl.RaftServerImpl (ServerState.java:close(406)) - a52daa0d-9a45-45c6-98a7-f9ed836d8714@group-659504B7989A: closes. applyIndex: 0
2020-12-01 16:49:41,694 [a52daa0d-9a45-45c6-98a7-f9ed836d8714@group-659504B7989A-SegmentedRaftLogWorker] INFO  segmented.SegmentedRaftLogWorker (SegmentedRaftLogWorker.java:run(329)) - a52daa0d-9a45-45c6-98a7-f9ed836d8714@group-659504B7989A-SegmentedRaftLogWorker was interrupted, exiting. There are 0 tasks remaining in the queue.
2020-12-01 16:49:41,693 [ForkJoinPool.commonPool-worker-0] INFO  segmented.SegmentedRaftLogWorker (SegmentedRaftLogWorker.java:close(235)) - e3bd6bd1-6148-4375-8d06-ff7f6e457d0a@group-2AE202B775D9-SegmentedRaftLogWorker close()
2020-12-01 16:49:41,695 [Listener at 127.0.0.1/10356] INFO  segmented.SegmentedRaftLogWorker (SegmentedRaftLogWorker.java:close(235)) - a52daa0d-9a45-45c6-98a7-f9ed836d8714@group-659504B7989A-SegmentedRaftLogWorker close()
2020-12-01 16:49:41,696 [ForkJoinPool.commonPool-worker-0] INFO  metrics.RatisMetrics (RatisMetrics.java:unregister(43)) - Unregistering Metrics Registry : ratis.log_worker.e3bd6bd1-6148-4375-8d06-ff7f6e457d0a@group-2AE202B775D9
2020-12-01 16:49:41,696 [ForkJoinPool.commonPool-worker-0] INFO  metrics.RatisMetrics (RatisMetrics.java:unregister(43)) - Unregistering Metrics Registry : ratis.leader_election.e3bd6bd1-6148-4375-8d06-ff7f6e457d0a@group-2AE202B775D9
2020-12-01 16:49:41,696 [Listener at 127.0.0.1/10356] INFO  metrics.RatisMetrics (RatisMetrics.java:unregister(43)) - Unregistering Metrics Registry : ratis.log_worker.a52daa0d-9a45-45c6-98a7-f9ed836d8714@group-659504B7989A
2020-12-01 16:49:41,696 [ForkJoinPool.commonPool-worker-0] INFO  metrics.RatisMetrics (RatisMetrics.java:unregister(43)) - Unregistering Metrics Registry : ratis.server.e3bd6bd1-6148-4375-8d06-ff7f6e457d0a@group-2AE202B775D9
2020-12-01 16:49:41,697 [Listener at 127.0.0.1/10356] INFO  metrics.RatisMetrics (RatisMetrics.java:unregister(43)) - Unregistering Metrics Registry : ratis.leader_election.a52daa0d-9a45-45c6-98a7-f9ed836d8714@group-659504B7989A
2020-12-01 16:49:41,697 [Listener at 127.0.0.1/10356] INFO  metrics.RatisMetrics (RatisMetrics.java:unregister(43)) - Unregistering Metrics Registry : ratis.server.a52daa0d-9a45-45c6-98a7-f9ed836d8714@group-659504B7989A
2020-12-01 16:49:41,697 [Listener at 127.0.0.1/10356] INFO  impl.RaftServerImpl (RaftServerImpl.java:lambda$shutdown$3(328)) - a52daa0d-9a45-45c6-98a7-f9ed836d8714@group-6BE6BFD90AB4: shutdown
2020-12-01 16:49:41,697 [Listener at 127.0.0.1/10356] INFO  util.JmxRegister (JmxRegister.java:unregister(73)) - Successfully un-registered JMX Bean with object name Ratis:service=RaftServer,group=group-6BE6BFD90AB4,id=a52daa0d-9a45-45c6-98a7-f9ed836d8714
2020-12-01 16:49:41,698 [Listener at 127.0.0.1/10356] INFO  impl.RoleInfo (RoleInfo.java:shutdownFollowerState(121)) - a52daa0d-9a45-45c6-98a7-f9ed836d8714: shutdown a52daa0d-9a45-45c6-98a7-f9ed836d8714@group-6BE6BFD90AB4-FollowerState
2020-12-01 16:49:41,698 [Thread-736] INFO  impl.FollowerState (FollowerState.java:run(137)) - a52daa0d-9a45-45c6-98a7-f9ed836d8714@group-6BE6BFD90AB4-FollowerState was interrupted: {}
java.lang.InterruptedException: sleep interrupted
	at java.lang.Thread.sleep(Native Method)
	at org.apache.ratis.util.JavaUtils.sleep(JavaUtils.java:250)
	at org.apache.ratis.server.impl.FollowerState.run(FollowerState.java:116)
2020-12-01 16:49:41,697 [ForkJoinPool.commonPool-worker-0] INFO  impl.RaftServerImpl (RaftServerImpl.java:lambda$shutdown$3(328)) - e3bd6bd1-6148-4375-8d06-ff7f6e457d0a@group-6BE6BFD90AB4: shutdown
2020-12-01 16:49:41,699 [a52daa0d-9a45-45c6-98a7-f9ed836d8714@group-6BE6BFD90AB4-StateMachineUpdater] INFO  ratis.ContainerStateMachine (ContainerStateMachine.java:takeSnapshot(293)) - group-6BE6BFD90AB4: Taking a snapshot at:(t:1, i:0) file /github/workspace/mnt/ozone/hadoop-ozone/integration-test/target/test-dir/MiniOzoneClusterImpl-6a576fb6-293f-471c-b07d-839007c369a6/datanode-1/data/ratis/b5e1bf05-691c-45ce-a9c7-6be6bfd90ab4/sm/snapshot.1_0
2020-12-01 16:49:41,699 [ForkJoinPool.commonPool-worker-0] INFO  util.JmxRegister (JmxRegister.java:unregister(73)) - Successfully un-registered JMX Bean with object name Ratis:service=RaftServer,group=group-6BE6BFD90AB4,id=e3bd6bd1-6148-4375-8d06-ff7f6e457d0a
2020-12-01 16:49:41,699 [a52daa0d-9a45-45c6-98a7-f9ed836d8714@group-6BE6BFD90AB4-StateMachineUpdater] INFO  ratis.ContainerStateMachine (ContainerStateMachine.java:takeSnapshot(304)) - group-6BE6BFD90AB4: Finished taking a snapshot at:(t:1, i:0) file:/github/workspace/mnt/ozone/hadoop-ozone/integration-test/target/test-dir/MiniOzoneClusterImpl-6a576fb6-293f-471c-b07d-839007c369a6/datanode-1/data/ratis/b5e1bf05-691c-45ce-a9c7-6be6bfd90ab4/sm/snapshot.1_0 time:0
2020-12-01 16:49:41,699 [ForkJoinPool.commonPool-worker-0] INFO  impl.RoleInfo (RoleInfo.java:shutdownLeaderState(104)) - e3bd6bd1-6148-4375-8d06-ff7f6e457d0a: shutdown e3bd6bd1-6148-4375-8d06-ff7f6e457d0a@group-6BE6BFD90AB4-LeaderState
2020-12-01 16:49:41,700 [ForkJoinPool.commonPool-worker-0] INFO  metrics.RatisMetrics (RatisMetrics.java:unregister(43)) - Unregistering Metrics Registry : ratis_grpc.log_appender.e3bd6bd1-6148-4375-8d06-ff7f6e457d0a@group-6BE6BFD90AB4
2020-12-01 16:49:41,701 [ForkJoinPool.commonPool-worker-0] INFO  metrics.RatisMetrics (RatisMetrics.java:unregister(43)) - Unregistering Metrics Registry : ratis_grpc.log_appender.e3bd6bd1-6148-4375-8d06-ff7f6e457d0a@group-6BE6BFD90AB4
2020-12-01 16:49:41,701 [org.apache.ratis.server.impl.LogAppender$AppenderDaemon$$Lambda$362/1215189338@55ddd58a] WARN  server.GrpcLogAppender (GrpcLogAppender.java:mayWait(168)) - e3bd6bd1-6148-4375-8d06-ff7f6e457d0a@group-6BE6BFD90AB4->a52daa0d-9a45-45c6-98a7-f9ed836d8714-GrpcLogAppender: Wait interrupted by java.lang.InterruptedException
2020-12-01 16:49:41,699 [Listener at 127.0.0.1/10356] INFO  impl.StateMachineUpdater (StateMachineUpdater.java:stopAndJoin(147)) - a52daa0d-9a45-45c6-98a7-f9ed836d8714@group-6BE6BFD90AB4-StateMachineUpdater: set stopIndex = 0
2020-12-01 16:49:41,703 [grpc-default-executor-0] INFO  server.GrpcServerProtocolService (GrpcServerProtocolService.java:onCompleted(138)) - a52daa0d-9a45-45c6-98a7-f9ed836d8714: Completed APPEND_ENTRIES, lastRequest: e3bd6bd1-6148-4375-8d06-ff7f6e457d0a->a52daa0d-9a45-45c6-98a7-f9ed836d8714#1-t1, previous=(t:0, i:0), leaderCommit=-1, initializing? false, entries: size=1, first=(t:1, i:0), CONFIGURATIONENTRY
2020-12-01 16:49:41,701 [org.apache.ratis.server.impl.LogAppender$AppenderDaemon$$Lambda$362/1215189338@52a6177b] WARN  server.GrpcLogAppender (GrpcLogAppender.java:mayWait(168)) - e3bd6bd1-6148-4375-8d06-ff7f6e457d0a@group-6BE6BFD90AB4->52624640-3a50-44d5-a43a-3863fdb02bf0-GrpcLogAppender: Wait interrupted by java.lang.InterruptedException
2020-12-01 16:49:41,700 [a52daa0d-9a45-45c6-98a7-f9ed836d8714@group-6BE6BFD90AB4-StateMachineUpdater] INFO  impl.StateMachineUpdater (StateMachineUpdater.java:takeSnapshot(278)) - a52daa0d-9a45-45c6-98a7-f9ed836d8714@group-6BE6BFD90AB4-StateMachineUpdater: Took a snapshot at index 0
2020-12-01 16:49:41,706 [a52daa0d-9a45-45c6-98a7-f9ed836d8714@group-6BE6BFD90AB4-StateMachineUpdater] INFO  impl.StateMachineUpdater (StateMachineUpdater.java:lambda$new$0(87)) - a52daa0d-9a45-45c6-98a7-f9ed836d8714@group-6BE6BFD90AB4-StateMachineUpdater: snapshotIndex: updateIncreasingly -1 -> 0
2020-12-01 16:49:41,706 [ForkJoinPool.commonPool-worker-0] INFO  impl.PendingRequests (PendingRequests.java:sendNotLeaderResponses(250)) - e3bd6bd1-6148-4375-8d06-ff7f6e457d0a@group-6BE6BFD90AB4-PendingRequests: sendNotLeaderResponses
2020-12-01 16:49:41,706 [ForkJoinPool.commonPool-worker-0] INFO  metrics.RatisMetrics (RatisMetrics.java:unregister(43)) - Unregistering Metrics Registry : ratis.log_appender.e3bd6bd1-6148-4375-8d06-ff7f6e457d0a@group-6BE6BFD90AB4
2020-12-01 16:49:41,706 [ForkJoinPool.commonPool-worker-0] INFO  metrics.RatisMetrics (RatisMetrics.java:unregister(43)) - Unregistering Metrics Registry : ratis.server.e3bd6bd1-6148-4375-8d06-ff7f6e457d0a@group-6BE6BFD90AB4
2020-12-01 16:49:41,707 [grpc-default-executor-2] INFO  server.GrpcLogAppender (GrpcLogAppender.java:onCompleted(337)) - e3bd6bd1-6148-4375-8d06-ff7f6e457d0a@group-6BE6BFD90AB4->a52daa0d-9a45-45c6-98a7-f9ed836d8714-AppendLogResponseHandler: follower responses appendEntries COMPLETED
2020-12-01 16:49:41,707 [grpc-default-executor-2] INFO  impl.FollowerInfo (FollowerInfo.java:lambda$new$0(51)) - e3bd6bd1-6148-4375-8d06-ff7f6e457d0a@group-6BE6BFD90AB4->a52daa0d-9a45-45c6-98a7-f9ed836d8714: nextIndex: updateUnconditionally 1 -> 0
2020-12-01 16:49:41,707 [grpc-default-executor-3] INFO  server.GrpcServerProtocolService (GrpcServerProtocolService.java:onCompleted(138)) - 52624640-3a50-44d5-a43a-3863fdb02bf0: Completed APPEND_ENTRIES, lastRequest: e3bd6bd1-6148-4375-8d06-ff7f6e457d0a->52624640-3a50-44d5-a43a-3863fdb02bf0#1-t1, previous=(t:0, i:0), leaderCommit=-1, initializing? false, entries: size=1, first=(t:1, i:0), CONFIGURATIONENTRY
2020-12-01 16:49:41,707 [ForkJoinPool.commonPool-worker-0] INFO  impl.StateMachineUpdater (StateMachineUpdater.java:stopAndJoin(147)) - e3bd6bd1-6148-4375-8d06-ff7f6e457d0a@group-6BE6BFD90AB4-StateMachineUpdater: set stopIndex = 0
2020-12-01 16:49:41,708 [e3bd6bd1-6148-4375-8d06-ff7f6e457d0a@group-6BE6BFD90AB4-StateMachineUpdater] INFO  ratis.ContainerStateMachine (ContainerStateMachine.java:takeSnapshot(293)) - group-6BE6BFD90AB4: Taking a snapshot at:(t:1, i:0) file /github/workspace/mnt/ozone/hadoop-ozone/integration-test/target/test-dir/MiniOzoneClusterImpl-6a576fb6-293f-471c-b07d-839007c369a6/datanode-0/data/ratis/b5e1bf05-691c-45ce-a9c7-6be6bfd90ab4/sm/snapshot.1_0
2020-12-01 16:49:41,709 [a52daa0d-9a45-45c6-98a7-f9ed836d8714@group-6BE6BFD90AB4-StateMachineUpdater] INFO  metrics.RatisMetrics (RatisMetrics.java:unregister(43)) - Unregistering Metrics Registry : ratis.state_machine.a52daa0d-9a45-45c6-98a7-f9ed836d8714@group-6BE6BFD90AB4
2020-12-01 16:49:41,709 [Listener at 127.0.0.1/10356] INFO  impl.RaftServerImpl (ServerState.java:close(406)) - a52daa0d-9a45-45c6-98a7-f9ed836d8714@group-6BE6BFD90AB4: closes. applyIndex: 0
2020-12-01 16:49:41,709 [a52daa0d-9a45-45c6-98a7-f9ed836d8714@group-6BE6BFD90AB4-SegmentedRaftLogWorker] INFO  segmented.SegmentedRaftLogWorker (SegmentedRaftLogWorker.java:run(329)) - a52daa0d-9a45-45c6-98a7-f9ed836d8714@group-6BE6BFD90AB4-SegmentedRaftLogWorker was interrupted, exiting. There are 0 tasks remaining in the queue.
2020-12-01 16:49:41,709 [Listener at 127.0.0.1/10356] INFO  segmented.SegmentedRaftLogWorker (SegmentedRaftLogWorker.java:close(235)) - a52daa0d-9a45-45c6-98a7-f9ed836d8714@group-6BE6BFD90AB4-SegmentedRaftLogWorker close()
2020-12-01 16:49:41,710 [e3bd6bd1-6148-4375-8d06-ff7f6e457d0a@group-6BE6BFD90AB4-StateMachineUpdater] INFO  ratis.ContainerStateMachine (ContainerStateMachine.java:takeSnapshot(304)) - group-6BE6BFD90AB4: Finished taking a snapshot at:(t:1, i:0) file:/github/workspace/mnt/ozone/hadoop-ozone/integration-test/target/test-dir/MiniOzoneClusterImpl-6a576fb6-293f-471c-b07d-839007c369a6/datanode-0/data/ratis/b5e1bf05-691c-45ce-a9c7-6be6bfd90ab4/sm/snapshot.1_0 time:2
2020-12-01 16:49:41,710 [e3bd6bd1-6148-4375-8d06-ff7f6e457d0a@group-6BE6BFD90AB4-StateMachineUpdater] INFO  impl.StateMachineUpdater (StateMachineUpdater.java:takeSnapshot(278)) - e3bd6bd1-6148-4375-8d06-ff7f6e457d0a@group-6BE6BFD90AB4-StateMachineUpdater: Took a snapshot at index 0
2020-12-01 16:49:41,710 [e3bd6bd1-6148-4375-8d06-ff7f6e457d0a@group-6BE6BFD90AB4-StateMachineUpdater] INFO  impl.StateMachineUpdater (StateMachineUpdater.java:lambda$new$0(87)) - e3bd6bd1-6148-4375-8d06-ff7f6e457d0a@group-6BE6BFD90AB4-StateMachineUpdater: snapshotIndex: updateIncreasingly -1 -> 0
2020-12-01 16:49:41,711 [e3bd6bd1-6148-4375-8d06-ff7f6e457d0a@group-6BE6BFD90AB4-StateMachineUpdater] INFO  metrics.RatisMetrics (RatisMetrics.java:unregister(43)) - Unregistering Metrics Registry : ratis.state_machine.e3bd6bd1-6148-4375-8d06-ff7f6e457d0a@group-6BE6BFD90AB4
2020-12-01 16:49:41,712 [grpc-default-executor-0] INFO  server.GrpcLogAppender (GrpcLogAppender.java:onCompleted(337)) - e3bd6bd1-6148-4375-8d06-ff7f6e457d0a@group-6BE6BFD90AB4->52624640-3a50-44d5-a43a-3863fdb02bf0-AppendLogResponseHandler: follower responses appendEntries COMPLETED
2020-12-01 16:49:41,712 [grpc-default-executor-0] INFO  impl.FollowerInfo (FollowerInfo.java:lambda$new$0(51)) - e3bd6bd1-6148-4375-8d06-ff7f6e457d0a@group-6BE6BFD90AB4->52624640-3a50-44d5-a43a-3863fdb02bf0: nextIndex: updateUnconditionally 1 -> 0
2020-12-01 16:49:41,713 [ForkJoinPool.commonPool-worker-0] INFO  impl.RaftServerImpl (ServerState.java:close(406)) - e3bd6bd1-6148-4375-8d06-ff7f6e457d0a@group-6BE6BFD90AB4: closes. applyIndex: 0
2020-12-01 16:49:41,713 [e3bd6bd1-6148-4375-8d06-ff7f6e457d0a@group-6BE6BFD90AB4-SegmentedRaftLogWorker] INFO  segmented.SegmentedRaftLogWorker (SegmentedRaftLogWorker.java:run(329)) - e3bd6bd1-6148-4375-8d06-ff7f6e457d0a@group-6BE6BFD90AB4-SegmentedRaftLogWorker was interrupted, exiting. There are 0 tasks remaining in the queue.
2020-12-01 16:49:41,713 [Listener at 127.0.0.1/10356] INFO  metrics.RatisMetrics (RatisMetrics.java:unregister(43)) - Unregistering Metrics Registry : ratis.log_worker.a52daa0d-9a45-45c6-98a7-f9ed836d8714@group-6BE6BFD90AB4
2020-12-01 16:49:41,714 [Listener at 127.0.0.1/10356] INFO  metrics.RatisMetrics (RatisMetrics.java:unregister(43)) - Unregistering Metrics Registry : ratis.leader_election.a52daa0d-9a45-45c6-98a7-f9ed836d8714@group-6BE6BFD90AB4
2020-12-01 16:49:41,714 [Listener at 127.0.0.1/10356] INFO  metrics.RatisMetrics (RatisMetrics.java:unregister(43)) - Unregistering Metrics Registry : ratis.server.a52daa0d-9a45-45c6-98a7-f9ed836d8714@group-6BE6BFD90AB4
2020-12-01 16:49:41,714 [Listener at 127.0.0.1/10356] INFO  server.GrpcService (GrpcService.java:closeImpl(184)) - a52daa0d-9a45-45c6-98a7-f9ed836d8714: shutdown server with port 44651 now
2020-12-01 16:49:41,714 [ForkJoinPool.commonPool-worker-0] INFO  segmented.SegmentedRaftLogWorker (SegmentedRaftLogWorker.java:close(235)) - e3bd6bd1-6148-4375-8d06-ff7f6e457d0a@group-6BE6BFD90AB4-SegmentedRaftLogWorker close()
2020-12-01 16:49:41,715 [Listener at 127.0.0.1/10356] INFO  server.GrpcService (GrpcService.java:closeImpl(193)) - a52daa0d-9a45-45c6-98a7-f9ed836d8714: shutdown server with port 44651 successfully
2020-12-01 16:49:41,718 [ForkJoinPool.commonPool-worker-0] INFO  metrics.RatisMetrics (RatisMetrics.java:unregister(43)) - Unregistering Metrics Registry : ratis.log_worker.e3bd6bd1-6148-4375-8d06-ff7f6e457d0a@group-6BE6BFD90AB4
2020-12-01 16:49:41,718 [ForkJoinPool.commonPool-worker-0] INFO  metrics.RatisMetrics (RatisMetrics.java:unregister(43)) - Unregistering Metrics Registry : ratis.leader_election.e3bd6bd1-6148-4375-8d06-ff7f6e457d0a@group-6BE6BFD90AB4
2020-12-01 16:49:41,718 [ForkJoinPool.commonPool-worker-0] INFO  metrics.RatisMetrics (RatisMetrics.java:unregister(43)) - Unregistering Metrics Registry : ratis.server.e3bd6bd1-6148-4375-8d06-ff7f6e457d0a@group-6BE6BFD90AB4
2020-12-01 16:49:41,721 [ForkJoinPool.commonPool-worker-0] INFO  server.GrpcService (GrpcService.java:closeImpl(184)) - e3bd6bd1-6148-4375-8d06-ff7f6e457d0a: shutdown server with port 33615 now
2020-12-01 16:49:41,721 [Listener at 127.0.0.1/10356] INFO  utils.BackgroundService (BackgroundService.java:shutdown(132)) - Shutting down service BlockDeletingService
2020-12-01 16:49:41,727 [Listener at 127.0.0.1/10356] INFO  statemachine.DatanodeStateMachine (DatanodeStateMachine.java:stopDaemon(459)) - Ozone container server stopped.
2020-12-01 16:49:41,736 [Listener at 127.0.0.1/10356] INFO  handler.ContextHandler (ContextHandler.java:doStop(1154)) - Stopped o.e.j.w.WebAppContext@3aa421be{hddsDatanode,/,null,STOPPED}{jar:file:/home/user/.m2/repository/org/apache/hadoop/hadoop-hdds-container-service/1.1.0-SNAPSHOT/hadoop-hdds-container-service-1.1.0-SNAPSHOT.jar!/webapps/hddsDatanode}
2020-12-01 16:49:41,737 [ForkJoinPool.commonPool-worker-0] INFO  server.GrpcService (GrpcService.java:closeImpl(193)) - e3bd6bd1-6148-4375-8d06-ff7f6e457d0a: shutdown server with port 33615 successfully
2020-12-01 16:49:41,737 [Listener at 127.0.0.1/10356] INFO  server.AbstractConnector (AbstractConnector.java:doStop(381)) - Stopped ServerConnector@3cee8bfd{HTTP/1.1, (http/1.1)}{0.0.0.0:0}
2020-12-01 16:49:41,737 [Listener at 127.0.0.1/10356] INFO  server.session (HouseKeeper.java:stopScavenging(149)) - node0 Stopped scavenging
2020-12-01 16:49:41,738 [Listener at 127.0.0.1/10356] INFO  handler.ContextHandler (ContextHandler.java:doStop(1154)) - Stopped o.e.j.s.ServletContextHandler@71c13355{static,/static,jar:file:/home/user/.m2/repository/org/apache/hadoop/hadoop-hdds-container-service/1.1.0-SNAPSHOT/hadoop-hdds-container-service-1.1.0-SNAPSHOT.jar!/webapps/static,STOPPED}
2020-12-01 16:49:41,738 [Listener at 127.0.0.1/10356] INFO  handler.ContextHandler (ContextHandler.java:doStop(1154)) - Stopped o.e.j.s.ServletContextHandler@4a3f2e4c{logs,/logs,file:///github/workspace/mnt/ozone/hadoop-ozone/integration-test/target/log,STOPPED}
2020-12-01 16:49:41,740 [ForkJoinPool.commonPool-worker-0] INFO  utils.BackgroundService (BackgroundService.java:shutdown(132)) - Shutting down service BlockDeletingService
2020-12-01 16:49:41,741 [ForkJoinPool.commonPool-worker-0] INFO  statemachine.DatanodeStateMachine (DatanodeStateMachine.java:stopDaemon(459)) - Ozone container server stopped.
2020-12-01 16:49:41,750 [ForkJoinPool.commonPool-worker-0] INFO  handler.ContextHandler (ContextHandler.java:doStop(1154)) - Stopped o.e.j.w.WebAppContext@36bec337{hddsDatanode,/,null,STOPPED}{jar:file:/home/user/.m2/repository/org/apache/hadoop/hadoop-hdds-container-service/1.1.0-SNAPSHOT/hadoop-hdds-container-service-1.1.0-SNAPSHOT.jar!/webapps/hddsDatanode}
2020-12-01 16:49:41,750 [ForkJoinPool.commonPool-worker-0] INFO  server.AbstractConnector (AbstractConnector.java:doStop(381)) - Stopped ServerConnector@5622c887{HTTP/1.1, (http/1.1)}{0.0.0.0:0}
2020-12-01 16:49:41,751 [ForkJoinPool.commonPool-worker-0] INFO  server.session (HouseKeeper.java:stopScavenging(149)) - node0 Stopped scavenging
2020-12-01 16:49:41,751 [ForkJoinPool.commonPool-worker-0] INFO  handler.ContextHandler (ContextHandler.java:doStop(1154)) - Stopped o.e.j.s.ServletContextHandler@7bbe6b8c{static,/static,jar:file:/home/user/.m2/repository/org/apache/hadoop/hadoop-hdds-container-service/1.1.0-SNAPSHOT/hadoop-hdds-container-service-1.1.0-SNAPSHOT.jar!/webapps/static,STOPPED}
2020-12-01 16:49:41,752 [ForkJoinPool.commonPool-worker-0] INFO  handler.ContextHandler (ContextHandler.java:doStop(1154)) - Stopped o.e.j.s.ServletContextHandler@52959818{logs,/logs,file:///github/workspace/mnt/ozone/hadoop-ozone/integration-test/target/log,STOPPED}
2020-12-01 16:49:42,071 [Datanode State Machine Thread - 0] INFO  statemachine.DatanodeStateMachine (DatanodeStateMachine.java:lambda$startDaemon$0(406)) - Ozone container server started.
2020-12-01 16:49:46,740 [Listener at 127.0.0.1/10356] INFO  ozoneimpl.OzoneContainer (OzoneContainer.java:stop(257)) - Attempting to stop container services.
2020-12-01 16:49:46,741 [Listener at 127.0.0.1/10356] INFO  impl.RaftServerProxy (RaftServerProxy.java:lambda$close$4(338)) - 52624640-3a50-44d5-a43a-3863fdb02bf0: close
2020-12-01 16:49:46,741 [Listener at 127.0.0.1/10356] INFO  impl.RaftServerImpl (RaftServerImpl.java:lambda$shutdown$3(328)) - 52624640-3a50-44d5-a43a-3863fdb02bf0@group-886FCE41281A: shutdown
2020-12-01 16:49:46,741 [Listener at 127.0.0.1/10356] INFO  util.JmxRegister (JmxRegister.java:unregister(73)) - Successfully un-registered JMX Bean with object name Ratis:service=RaftServer,group=group-886FCE41281A,id=52624640-3a50-44d5-a43a-3863fdb02bf0
2020-12-01 16:49:46,741 [Listener at 127.0.0.1/10356] INFO  impl.RoleInfo (RoleInfo.java:shutdownLeaderState(104)) - 52624640-3a50-44d5-a43a-3863fdb02bf0: shutdown 52624640-3a50-44d5-a43a-3863fdb02bf0@group-886FCE41281A-LeaderState
2020-12-01 16:49:46,742 [Listener at 127.0.0.1/10356] INFO  impl.PendingRequests (PendingRequests.java:sendNotLeaderResponses(250)) - 52624640-3a50-44d5-a43a-3863fdb02bf0@group-886FCE41281A-PendingRequests: sendNotLeaderResponses
2020-12-01 16:49:46,742 [Listener at 127.0.0.1/10356] INFO  metrics.RatisMetrics (RatisMetrics.java:unregister(43)) - Unregistering Metrics Registry : ratis.log_appender.52624640-3a50-44d5-a43a-3863fdb02bf0@group-886FCE41281A
2020-12-01 16:49:46,742 [Listener at 127.0.0.1/10356] INFO  metrics.RatisMetrics (RatisMetrics.java:unregister(43)) - Unregistering Metrics Registry : ratis.server.52624640-3a50-44d5-a43a-3863fdb02bf0@group-886FCE41281A
2020-12-01 16:49:46,743 [Listener at 127.0.0.1/10356] INFO  impl.StateMachineUpdater (StateMachineUpdater.java:stopAndJoin(147)) - 52624640-3a50-44d5-a43a-3863fdb02bf0@group-886FCE41281A-StateMachineUpdater: set stopIndex = 0
2020-12-01 16:49:46,743 [52624640-3a50-44d5-a43a-3863fdb02bf0@group-886FCE41281A-StateMachineUpdater] INFO  ratis.ContainerStateMachine (ContainerStateMachine.java:takeSnapshot(293)) - group-886FCE41281A: Taking a snapshot at:(t:1, i:0) file /github/workspace/mnt/ozone/hadoop-ozone/integration-test/target/test-dir/MiniOzoneClusterImpl-6a576fb6-293f-471c-b07d-839007c369a6/datanode-2/data/ratis/e441cfae-c727-4687-ae32-886fce41281a/sm/snapshot.1_0
2020-12-01 16:49:46,744 [52624640-3a50-44d5-a43a-3863fdb02bf0@group-886FCE41281A-StateMachineUpdater] INFO  ratis.ContainerStateMachine (ContainerStateMachine.java:takeSnapshot(304)) - group-886FCE41281A: Finished taking a snapshot at:(t:1, i:0) file:/github/workspace/mnt/ozone/hadoop-ozone/integration-test/target/test-dir/MiniOzoneClusterImpl-6a576fb6-293f-471c-b07d-839007c369a6/datanode-2/data/ratis/e441cfae-c727-4687-ae32-886fce41281a/sm/snapshot.1_0 time:0
2020-12-01 16:49:46,744 [52624640-3a50-44d5-a43a-3863fdb02bf0@group-886FCE41281A-StateMachineUpdater] INFO  impl.StateMachineUpdater (StateMachineUpdater.java:takeSnapshot(278)) - 52624640-3a50-44d5-a43a-3863fdb02bf0@group-886FCE41281A-StateMachineUpdater: Took a snapshot at index 0
2020-12-01 16:49:46,744 [52624640-3a50-44d5-a43a-3863fdb02bf0@group-886FCE41281A-StateMachineUpdater] INFO  impl.StateMachineUpdater (StateMachineUpdater.java:lambda$new$0(87)) - 52624640-3a50-44d5-a43a-3863fdb02bf0@group-886FCE41281A-StateMachineUpdater: snapshotIndex: updateIncreasingly -1 -> 0
2020-12-01 16:49:46,744 [52624640-3a50-44d5-a43a-3863fdb02bf0@group-886FCE41281A-StateMachineUpdater] INFO  metrics.RatisMetrics (RatisMetrics.java:unregister(43)) - Unregistering Metrics Registry : ratis.state_machine.52624640-3a50-44d5-a43a-3863fdb02bf0@group-886FCE41281A
2020-12-01 16:49:46,745 [Listener at 127.0.0.1/10356] INFO  impl.RaftServerImpl (ServerState.java:close(406)) - 52624640-3a50-44d5-a43a-3863fdb02bf0@group-886FCE41281A: closes. applyIndex: 0
2020-12-01 16:49:46,745 [52624640-3a50-44d5-a43a-3863fdb02bf0@group-886FCE41281A-SegmentedRaftLogWorker] INFO  segmented.SegmentedRaftLogWorker (SegmentedRaftLogWorker.java:run(329)) - 52624640-3a50-44d5-a43a-3863fdb02bf0@group-886FCE41281A-SegmentedRaftLogWorker was interrupted, exiting. There are 0 tasks remaining in the queue.
2020-12-01 16:49:46,745 [Listener at 127.0.0.1/10356] INFO  segmented.SegmentedRaftLogWorker (SegmentedRaftLogWorker.java:close(235)) - 52624640-3a50-44d5-a43a-3863fdb02bf0@group-886FCE41281A-SegmentedRaftLogWorker close()
2020-12-01 16:49:46,746 [Listener at 127.0.0.1/10356] INFO  metrics.RatisMetrics (RatisMetrics.java:unregister(43)) - Unregistering Metrics Registry : ratis.log_worker.52624640-3a50-44d5-a43a-3863fdb02bf0@group-886FCE41281A
2020-12-01 16:49:46,746 [Listener at 127.0.0.1/10356] INFO  metrics.RatisMetrics (RatisMetrics.java:unregister(43)) - Unregistering Metrics Registry : ratis.leader_election.52624640-3a50-44d5-a43a-3863fdb02bf0@group-886FCE41281A
2020-12-01 16:49:46,747 [Listener at 127.0.0.1/10356] INFO  metrics.RatisMetrics (RatisMetrics.java:unregister(43)) - Unregistering Metrics Registry : ratis.server.52624640-3a50-44d5-a43a-3863fdb02bf0@group-886FCE41281A
2020-12-01 16:49:46,747 [Listener at 127.0.0.1/10356] INFO  impl.RaftServerImpl (RaftServerImpl.java:lambda$shutdown$3(328)) - 52624640-3a50-44d5-a43a-3863fdb02bf0@group-6BE6BFD90AB4: shutdown
2020-12-01 16:49:46,747 [Listener at 127.0.0.1/10356] INFO  util.JmxRegister (JmxRegister.java:unregister(73)) - Successfully un-registered JMX Bean with object name Ratis:service=RaftServer,group=group-6BE6BFD90AB4,id=52624640-3a50-44d5-a43a-3863fdb02bf0
2020-12-01 16:49:46,747 [Listener at 127.0.0.1/10356] INFO  impl.RoleInfo (RoleInfo.java:shutdownFollowerState(121)) - 52624640-3a50-44d5-a43a-3863fdb02bf0: shutdown 52624640-3a50-44d5-a43a-3863fdb02bf0@group-6BE6BFD90AB4-FollowerState
2020-12-01 16:49:46,748 [Thread-737] INFO  impl.FollowerState (FollowerState.java:run(137)) - 52624640-3a50-44d5-a43a-3863fdb02bf0@group-6BE6BFD90AB4-FollowerState was interrupted: {}
java.lang.InterruptedException: sleep interrupted
	at java.lang.Thread.sleep(Native Method)
	at org.apache.ratis.util.JavaUtils.sleep(JavaUtils.java:250)
	at org.apache.ratis.server.impl.FollowerState.run(FollowerState.java:116)
2020-12-01 16:49:46,748 [52624640-3a50-44d5-a43a-3863fdb02bf0@group-6BE6BFD90AB4-StateMachineUpdater] INFO  ratis.ContainerStateMachine (ContainerStateMachine.java:takeSnapshot(293)) - group-6BE6BFD90AB4: Taking a snapshot at:(t:1, i:0) file /github/workspace/mnt/ozone/hadoop-ozone/integration-test/target/test-dir/MiniOzoneClusterImpl-6a576fb6-293f-471c-b07d-839007c369a6/datanode-2/data/ratis/b5e1bf05-691c-45ce-a9c7-6be6bfd90ab4/sm/snapshot.1_0
2020-12-01 16:49:46,749 [Listener at 127.0.0.1/10356] INFO  impl.StateMachineUpdater (StateMachineUpdater.java:stopAndJoin(147)) - 52624640-3a50-44d5-a43a-3863fdb02bf0@group-6BE6BFD90AB4-StateMachineUpdater: set stopIndex = 0
2020-12-01 16:49:46,749 [52624640-3a50-44d5-a43a-3863fdb02bf0@group-6BE6BFD90AB4-StateMachineUpdater] INFO  ratis.ContainerStateMachine (ContainerStateMachine.java:takeSnapshot(304)) - group-6BE6BFD90AB4: Finished taking a snapshot at:(t:1, i:0) file:/github/workspace/mnt/ozone/hadoop-ozone/integration-test/target/test-dir/MiniOzoneClusterImpl-6a576fb6-293f-471c-b07d-839007c369a6/datanode-2/data/ratis/b5e1bf05-691c-45ce-a9c7-6be6bfd90ab4/sm/snapshot.1_0 time:1
2020-12-01 16:49:46,749 [52624640-3a50-44d5-a43a-3863fdb02bf0@group-6BE6BFD90AB4-StateMachineUpdater] INFO  impl.StateMachineUpdater (StateMachineUpdater.java:takeSnapshot(278)) - 52624640-3a50-44d5-a43a-3863fdb02bf0@group-6BE6BFD90AB4-StateMachineUpdater: Took a snapshot at index 0
2020-12-01 16:49:46,749 [52624640-3a50-44d5-a43a-3863fdb02bf0@group-6BE6BFD90AB4-StateMachineUpdater] INFO  impl.StateMachineUpdater (StateMachineUpdater.java:lambda$new$0(87)) - 52624640-3a50-44d5-a43a-3863fdb02bf0@group-6BE6BFD90AB4-StateMachineUpdater: snapshotIndex: updateIncreasingly -1 -> 0
2020-12-01 16:49:46,749 [52624640-3a50-44d5-a43a-3863fdb02bf0@group-6BE6BFD90AB4-StateMachineUpdater] INFO  metrics.RatisMetrics (RatisMetrics.java:unregister(43)) - Unregistering Metrics Registry : ratis.state_machine.52624640-3a50-44d5-a43a-3863fdb02bf0@group-6BE6BFD90AB4
2020-12-01 16:49:46,749 [Listener at 127.0.0.1/10356] INFO  impl.RaftServerImpl (ServerState.java:close(406)) - 52624640-3a50-44d5-a43a-3863fdb02bf0@group-6BE6BFD90AB4: closes. applyIndex: 0
2020-12-01 16:49:46,750 [52624640-3a50-44d5-a43a-3863fdb02bf0@group-6BE6BFD90AB4-SegmentedRaftLogWorker] INFO  segmented.SegmentedRaftLogWorker (SegmentedRaftLogWorker.java:run(329)) - 52624640-3a50-44d5-a43a-3863fdb02bf0@group-6BE6BFD90AB4-SegmentedRaftLogWorker was interrupted, exiting. There are 0 tasks remaining in the queue.
2020-12-01 16:49:46,750 [Listener at 127.0.0.1/10356] INFO  segmented.SegmentedRaftLogWorker (SegmentedRaftLogWorker.java:close(235)) - 52624640-3a50-44d5-a43a-3863fdb02bf0@group-6BE6BFD90AB4-SegmentedRaftLogWorker close()
2020-12-01 16:49:46,750 [Listener at 127.0.0.1/10356] INFO  metrics.RatisMetrics (RatisMetrics.java:unregister(43)) - Unregistering Metrics Registry : ratis.log_worker.52624640-3a50-44d5-a43a-3863fdb02bf0@group-6BE6BFD90AB4
2020-12-01 16:49:46,751 [Listener at 127.0.0.1/10356] INFO  metrics.RatisMetrics (RatisMetrics.java:unregister(43)) - Unregistering Metrics Registry : ratis.leader_election.52624640-3a50-44d5-a43a-3863fdb02bf0@group-6BE6BFD90AB4
2020-12-01 16:49:46,751 [Listener at 127.0.0.1/10356] INFO  metrics.RatisMetrics (RatisMetrics.java:unregister(43)) - Unregistering Metrics Registry : ratis.server.52624640-3a50-44d5-a43a-3863fdb02bf0@group-6BE6BFD90AB4
2020-12-01 16:49:46,751 [Listener at 127.0.0.1/10356] INFO  server.GrpcService (GrpcService.java:closeImpl(184)) - 52624640-3a50-44d5-a43a-3863fdb02bf0: shutdown server with port 37353 now
2020-12-01 16:49:46,751 [Listener at 127.0.0.1/10356] INFO  server.GrpcService (GrpcService.java:closeImpl(193)) - 52624640-3a50-44d5-a43a-3863fdb02bf0: shutdown server with port 37353 successfully
2020-12-01 16:49:46,752 [Listener at 127.0.0.1/10356] INFO  utils.BackgroundService (BackgroundService.java:shutdown(132)) - Shutting down service BlockDeletingService
2020-12-01 16:49:46,758 [Listener at 127.0.0.1/10356] INFO  statemachine.DatanodeStateMachine (DatanodeStateMachine.java:stopDaemon(459)) - Ozone container server stopped.
2020-12-01 16:49:46,766 [Listener at 127.0.0.1/10356] INFO  handler.ContextHandler (ContextHandler.java:doStop(1154)) - Stopped o.e.j.w.WebAppContext@1892b379{hddsDatanode,/,null,STOPPED}{jar:file:/home/user/.m2/repository/org/apache/hadoop/hadoop-hdds-container-service/1.1.0-SNAPSHOT/hadoop-hdds-container-service-1.1.0-SNAPSHOT.jar!/webapps/hddsDatanode}
2020-12-01 16:49:46,767 [Listener at 127.0.0.1/10356] INFO  server.AbstractConnector (AbstractConnector.java:doStop(381)) - Stopped ServerConnector@6c2ec44{HTTP/1.1, (http/1.1)}{0.0.0.0:0}
2020-12-01 16:49:46,767 [Listener at 127.0.0.1/10356] INFO  server.session (HouseKeeper.java:stopScavenging(149)) - node0 Stopped scavenging
2020-12-01 16:49:46,767 [Listener at 127.0.0.1/10356] INFO  handler.ContextHandler (ContextHandler.java:doStop(1154)) - Stopped o.e.j.s.ServletContextHandler@1db7249b{static,/static,jar:file:/home/user/.m2/repository/org/apache/hadoop/hadoop-hdds-container-service/1.1.0-SNAPSHOT/hadoop-hdds-container-service-1.1.0-SNAPSHOT.jar!/webapps/static,STOPPED}
2020-12-01 16:49:46,767 [Listener at 127.0.0.1/10356] INFO  handler.ContextHandler (ContextHandler.java:doStop(1154)) - Stopped o.e.j.s.ServletContextHandler@46a051f9{logs,/logs,file:///github/workspace/mnt/ozone/hadoop-ozone/integration-test/target/log,STOPPED}
2020-12-01 16:49:46,768 [Listener at 127.0.0.1/10356] INFO  ozone.MiniOzoneClusterImpl (MiniOzoneClusterImpl.java:stopSCM(477)) - Stopping the StorageContainerManager
2020-12-01 16:49:46,768 [Listener at 127.0.0.1/10356] INFO  server.StorageContainerManager (StorageContainerManager.java:stop(823)) - Stopping Replication Manager Service.
2020-12-01 16:49:46,768 [Listener at 127.0.0.1/10356] INFO  container.ReplicationManager (ReplicationManager.java:stop(219)) - Stopping Replication Monitor Thread.
2020-12-01 16:49:46,768 [Listener at 127.0.0.1/10356] INFO  server.StorageContainerManager (StorageContainerManager.java:stop(830)) - Stopping Lease Manager of the command watchers
2020-12-01 16:49:46,769 [CommandWatcher-LeaseManager#LeaseMonitor] ERROR lease.LeaseManager (LeaseManager.java:run(238)) - Execution was interrupted 
java.lang.InterruptedException: sleep interrupted
	at java.lang.Thread.sleep(Native Method)
	at org.apache.hadoop.ozone.lease.LeaseManager$LeaseMonitor.run(LeaseManager.java:234)
	at java.lang.Thread.run(Thread.java:748)
2020-12-01 16:49:46,769 [Listener at 127.0.0.1/10356] INFO  server.StorageContainerManager (StorageContainerManager.java:stop(837)) - Stopping datanode service RPC server
2020-12-01 16:49:46,769 [Listener at 127.0.0.1/10356] INFO  server.SCMDatanodeProtocolServer (SCMDatanodeProtocolServer.java:stop(361)) - Stopping the RPC server for DataNodes
2020-12-01 16:49:46,769 [Listener at 127.0.0.1/10356] INFO  ipc.Server (Server.java:stop(3359)) - Stopping server on 40647
2020-12-01 16:49:46,770 [IPC Server Responder] INFO  ipc.Server (Server.java:run(1465)) - Stopping IPC Server Responder
2020-12-01 16:49:46,771 [IPC Server listener on 0] INFO  ipc.Server (Server.java:run(1330)) - Stopping IPC Server listener on 0
2020-12-01 16:49:46,791 [SCM Heartbeat Processing Thread - 0] WARN  node.NodeStateManager (NodeStateManager.java:scheduleNextHealthCheck(661)) - Current Thread is interrupted, shutting down HB processing thread for Node Manager.
2020-12-01 16:49:46,791 [Listener at 127.0.0.1/10356] INFO  server.StorageContainerManager (StorageContainerManager.java:stop(845)) - Stopping block service RPC server
2020-12-01 16:49:46,791 [Listener at 127.0.0.1/10356] INFO  server.SCMBlockProtocolServer (SCMBlockProtocolServer.java:stop(159)) - Stopping the RPC server for Block Protocol
2020-12-01 16:49:46,791 [Listener at 127.0.0.1/10356] INFO  ipc.Server (Server.java:stop(3359)) - Stopping server on 39421
2020-12-01 16:49:46,794 [IPC Server listener on 0] INFO  ipc.Server (Server.java:run(1330)) - Stopping IPC Server listener on 0
2020-12-01 16:49:46,794 [IPC Server Responder] INFO  ipc.Server (Server.java:run(1465)) - Stopping IPC Server Responder
2020-12-01 16:49:46,794 [Listener at 127.0.0.1/10356] INFO  server.StorageContainerManager (StorageContainerManager.java:stop(852)) - Stopping the StorageContainerLocationProtocol RPC server
2020-12-01 16:49:46,795 [Listener at 127.0.0.1/10356] INFO  server.SCMClientProtocolServer (SCMClientProtocolServer.java:stop(165)) - Stopping the RPC server for Client Protocol
2020-12-01 16:49:46,795 [Listener at 127.0.0.1/10356] INFO  ipc.Server (Server.java:stop(3359)) - Stopping server on 44407
2020-12-01 16:49:46,796 [IPC Server listener on 0] INFO  ipc.Server (Server.java:run(1330)) - Stopping IPC Server listener on 0
2020-12-01 16:49:46,801 [IPC Server Responder] INFO  ipc.Server (Server.java:run(1465)) - Stopping IPC Server Responder
2020-12-01 16:49:46,801 [Listener at 127.0.0.1/10356] INFO  server.StorageContainerManager (StorageContainerManager.java:stop(859)) - Stopping Storage Container Manager HTTP server.
2020-12-01 16:49:46,802 [Listener at 127.0.0.1/10356] INFO  handler.ContextHandler (ContextHandler.java:doStop(1154)) - Stopped o.e.j.w.WebAppContext@29435818{scm,/,null,STOPPED}{file:/github/workspace/mnt/ozone/hadoop-ozone/integration-test/target/test-classes/webapps/scm}
2020-12-01 16:49:46,803 [Listener at 127.0.0.1/10356] INFO  server.AbstractConnector (AbstractConnector.java:doStop(381)) - Stopped ServerConnector@581f97d8{HTTP/1.1, (http/1.1)}{0.0.0.0:0}
2020-12-01 16:49:46,803 [Listener at 127.0.0.1/10356] INFO  server.session (HouseKeeper.java:stopScavenging(149)) - node0 Stopped scavenging
2020-12-01 16:49:46,803 [Listener at 127.0.0.1/10356] INFO  handler.ContextHandler (ContextHandler.java:doStop(1154)) - Stopped o.e.j.s.ServletContextHandler@312ed8c1{static,/static,file:///github/workspace/mnt/ozone/hadoop-ozone/integration-test/target/test-classes/webapps/static,STOPPED}
2020-12-01 16:49:46,803 [Listener at 127.0.0.1/10356] INFO  handler.ContextHandler (ContextHandler.java:doStop(1154)) - Stopped o.e.j.s.ServletContextHandler@7e59a882{logs,/logs,file:///github/workspace/mnt/ozone/hadoop-ozone/integration-test/target/log,STOPPED}
2020-12-01 16:49:46,804 [Listener at 127.0.0.1/10356] INFO  server.StorageContainerManager (StorageContainerManager.java:stop(870)) - Stopping Block Manager Service.
2020-12-01 16:49:46,804 [Listener at 127.0.0.1/10356] INFO  utils.BackgroundService (BackgroundService.java:shutdown(132)) - Shutting down service SCMBlockDeletingService
2020-12-01 16:49:46,805 [Listener at 127.0.0.1/10356] INFO  utils.BackgroundService (BackgroundService.java:shutdown(132)) - Shutting down service SCMBlockDeletingService
2020-12-01 16:49:46,805 [Listener at 127.0.0.1/10356] INFO  server.StorageContainerManager (StorageContainerManager.java:stop(895)) - Stopping SCM Event Queue.
2020-12-01 16:49:46,810 [Listener at 127.0.0.1/10356] INFO  impl.MetricsSystemImpl (MetricsSystemImpl.java:stop(210)) - Stopping HddsDatanode metrics system...
2020-12-01 16:49:46,818 [Listener at 127.0.0.1/10356] INFO  impl.MetricsSystemImpl (MetricsSystemImpl.java:stop(216)) - HddsDatanode metrics system stopped.
]]></system-out>
  </testcase>
  <testcase name="testFileOperationsWithRecursive" classname="org.apache.hadoop.ozone.om.TestOzoneManagerHAWithData" time="23.725"/>
  <testcase name="testMultipartUploadWithOneOmNodeDown" classname="org.apache.hadoop.ozone.om.TestOzoneManagerHAWithData" time="27.524"/>
  <testcase name="testKeysDelete" classname="org.apache.hadoop.ozone.om.TestOzoneManagerHAWithData" time="24.091"/>
  <testcase name="testAllOMNodesRunning" classname="org.apache.hadoop.ozone.om.TestOzoneManagerHAWithData" time="23.507"/>
  <testcase name="testIncrementalWaitTimeWithSameNodeFailover" classname="org.apache.hadoop.ozone.om.TestOzoneManagerHAWithData" time="27.429"/>
  <testcase name="testListParts" classname="org.apache.hadoop.ozone.om.TestOzoneManagerHAWithData" time="27.736"/>
  <testcase name="testFileOperationsWithNonRecursive" classname="org.apache.hadoop.ozone.om.TestOzoneManagerHAWithData" time="34.958"/>
  <testcase name="testOneOMNodeDown" classname="org.apache.hadoop.ozone.om.TestOzoneManagerHAWithData" time="27.529"/>
  <testcase name="testTwoOMNodesDown" classname="org.apache.hadoop.ozone.om.TestOzoneManagerHAWithData" time="0">
    <skipped message="This test is failing randomly. It will be enabled after fixing it."/>
  </testcase>
  <testcase name="testOMRestart" classname="org.apache.hadoop.ozone.om.TestOzoneManagerHAWithData" time="28.045"/>
</testsuite>