<?xml version="1.0" encoding="UTF-8"?>
<testsuite xmlns:xsi="http://www.w3.org/2001/XMLSchema-instance" xsi:noNamespaceSchemaLocation="https://maven.apache.org/surefire/maven-surefire-plugin/xsd/surefire-test-report.xsd" name="org.apache.hadoop.ozone.om.TestOzoneManagerPrepare" time="291.644" tests="6" errors="1" skipped="1" failures="0">
  <properties>
    <property name="awt.toolkit" value="sun.awt.X11.XToolkit"/>
    <property name="file.encoding.pkg" value="sun.io"/>
    <property name="java.specification.version" value="1.8"/>
    <property name="sun.cpu.isalist" value=""/>
    <property name="sun.jnu.encoding" value="UTF-8"/>
    <property name="java.class.path" value="/home/runner/work/ozone/ozone/hadoop-ozone/integration-test/target/test-classes:/home/runner/work/ozone/ozone/hadoop-ozone/integration-test/target/classes:/home/runner/.m2/repository/org/apache/ozone/ozone-common/1.3.0-SNAPSHOT/ozone-common-1.3.0-SNAPSHOT.jar:/home/runner/.m2/repository/org/apache/commons/commons-compress/1.21/commons-compress-1.21.jar:/home/runner/.m2/repository/org/apache/ozone/hdds-common/1.3.0-SNAPSHOT/hdds-common-1.3.0-SNAPSHOT.jar:/home/runner/.m2/repository/org/apache/ozone/hdds-client/1.3.0-SNAPSHOT/hdds-client-1.3.0-SNAPSHOT.jar:/home/runner/.m2/repository/org/apache/ozone/ozone-interface-client/1.3.0-SNAPSHOT/ozone-interface-client-1.3.0-SNAPSHOT.jar:/home/runner/.m2/repository/org/apache/ozone/hdds-test-utils/1.3.0-SNAPSHOT/hdds-test-utils-1.3.0-SNAPSHOT.jar:/home/runner/.m2/repository/com/google/guava/guava/30.1.1-jre/guava-30.1.1-jre.jar:/home/runner/.m2/repository/com/google/guava/failureaccess/1.0.1/failureaccess-1.0.1.jar:/home/runner/.m2/repository/com/google/guava/listenablefuture/9999.0-empty-to-avoid-conflict-with-guava/listenablefuture-9999.0-empty-to-avoid-conflict-with-guava.jar:/home/runner/.m2/repository/com/google/code/findbugs/jsr305/3.0.0/jsr305-3.0.0.jar:/home/runner/.m2/repository/org/checkerframework/checker-qual/3.8.0/checker-qual-3.8.0.jar:/home/runner/.m2/repository/com/google/errorprone/error_prone_annotations/2.2.0/error_prone_annotations-2.2.0.jar:/home/runner/.m2/repository/com/google/j2objc/j2objc-annotations/1.3/j2objc-annotations-1.3.jar:/home/runner/.m2/repository/commons-io/commons-io/2.11.0/commons-io-2.11.0.jar:/home/runner/.m2/repository/commons-logging/commons-logging/1.2/commons-logging-1.2.jar:/home/runner/.m2/repository/log4j/log4j/1.2.17/log4j-1.2.17.jar:/home/runner/.m2/repository/org/slf4j/slf4j-api/1.7.30/slf4j-api-1.7.30.jar:/home/runner/.m2/repository/org/apache/ozone/hdds-server-scm/1.3.0-SNAPSHOT/hdds-server-scm-1.3.0-SNAPSHOT.jar:/home/runner/.m2/repository/org/apache/ozone/hdds-container-service/1.3.0-SNAPSHOT/hdds-container-service-1.3.0-SNAPSHOT.jar:/home/runner/.m2/repository/org/apache/ozone/hdds-hadoop-dependency-server/1.3.0-SNAPSHOT/hdds-hadoop-dependency-server-1.3.0-SNAPSHOT.jar:/home/runner/.m2/repository/org/apache/hadoop/hadoop-hdfs/3.3.1/hadoop-hdfs-3.3.1.jar:/home/runner/.m2/repository/org/apache/ozone/hdds-server-framework/1.3.0-SNAPSHOT/hdds-server-framework-1.3.0-SNAPSHOT.jar:/home/runner/.m2/repository/org/apache/ozone/hdds-interface-server/1.3.0-SNAPSHOT/hdds-interface-server-1.3.0-SNAPSHOT.jar:/home/runner/.m2/repository/org/eclipse/jetty/jetty-servlet/9.4.43.v20210629/jetty-servlet-9.4.43.v20210629.jar:/home/runner/.m2/repository/org/eclipse/jetty/jetty-security/9.4.43.v20210629/jetty-security-9.4.43.v20210629.jar:/home/runner/.m2/repository/org/rocksdb/rocksdbjni/6.25.3/rocksdbjni-6.25.3.jar:/home/runner/.m2/repository/io/prometheus/simpleclient_dropwizard/0.7.0/simpleclient_dropwizard-0.7.0.jar:/home/runner/.m2/repository/io/prometheus/simpleclient/0.7.0/simpleclient-0.7.0.jar:/home/runner/.m2/repository/io/prometheus/simpleclient_common/0.7.0/simpleclient_common-0.7.0.jar:/home/runner/.m2/repository/com/fasterxml/jackson/datatype/jackson-datatype-jsr310/2.12.1/jackson-datatype-jsr310-2.12.1.jar:/home/runner/.m2/repository/io/dropwizard/metrics/metrics-core/3.2.4/metrics-core-3.2.4.jar:/home/runner/.m2/repository/org/apache/hadoop/hadoop-hdfs-client/3.3.1/hadoop-hdfs-client-3.3.1.jar:/home/runner/.m2/repository/org/bouncycastle/bcprov-jdk15on/1.67/bcprov-jdk15on-1.67.jar:/home/runner/.m2/repository/com/google/protobuf/protobuf-java/2.5.0/protobuf-java-2.5.0.jar:/home/runner/.m2/repository/org/apache/ozone/ozone-manager/1.3.0-SNAPSHOT/ozone-manager-1.3.0-SNAPSHOT.jar:/home/runner/.m2/repository/org/aspectj/aspectjrt/1.9.7/aspectjrt-1.9.7.jar:/home/runner/.m2/repository/org/aspectj/aspectjweaver/1.9.7/aspectjweaver-1.9.7.jar:/home/runner/.m2/repository/org/apache/ozone/hdds-interface-client/1.3.0-SNAPSHOT/hdds-interface-client-1.3.0-SNAPSHOT.jar:/home/runner/.m2/repository/org/apache/hadoop/thirdparty/hadoop-shaded-protobuf_3_7/1.1.1/hadoop-shaded-protobuf_3_7-1.1.1.jar:/home/runner/.m2/repository/org/apache/ozone/ozone-interface-storage/1.3.0-SNAPSHOT/ozone-interface-storage-1.3.0-SNAPSHOT.jar:/home/runner/.m2/repository/org/reflections/reflections/0.9.11/reflections-0.9.11.jar:/home/runner/.m2/repository/org/apache/hadoop/hadoop-minikdc/3.3.1/hadoop-minikdc-3.3.1.jar:/home/runner/.m2/repository/org/apache/kerby/kerb-simplekdc/1.0.1/kerb-simplekdc-1.0.1.jar:/home/runner/.m2/repository/org/apache/kerby/kerb-client/1.0.1/kerb-client-1.0.1.jar:/home/runner/.m2/repository/org/apache/kerby/kerby-config/1.0.1/kerby-config-1.0.1.jar:/home/runner/.m2/repository/org/apache/kerby/kerb-common/1.0.1/kerb-common-1.0.1.jar:/home/runner/.m2/repository/org/apache/kerby/kerb-crypto/1.0.1/kerb-crypto-1.0.1.jar:/home/runner/.m2/repository/org/apache/kerby/kerb-util/1.0.1/kerb-util-1.0.1.jar:/home/runner/.m2/repository/org/apache/kerby/token-provider/1.0.1/token-provider-1.0.1.jar:/home/runner/.m2/repository/org/apache/kerby/kerb-admin/1.0.1/kerb-admin-1.0.1.jar:/home/runner/.m2/repository/org/apache/kerby/kerb-server/1.0.1/kerb-server-1.0.1.jar:/home/runner/.m2/repository/org/apache/kerby/kerb-identity/1.0.1/kerb-identity-1.0.1.jar:/home/runner/.m2/repository/org/apache/kerby/kerby-xdr/1.0.1/kerby-xdr-1.0.1.jar:/home/runner/.m2/repository/org/slf4j/slf4j-log4j12/1.7.30/slf4j-log4j12-1.7.30.jar:/home/runner/.m2/repository/org/apache/ozone/ozone-s3gateway/1.3.0-SNAPSHOT/ozone-s3gateway-1.3.0-SNAPSHOT.jar:/home/runner/.m2/repository/org/javassist/javassist/3.21.0-GA/javassist-3.21.0-GA.jar:/home/runner/.m2/repository/org/jboss/weld/servlet/weld-servlet/2.4.7.Final/weld-servlet-2.4.7.Final.jar:/home/runner/.m2/repository/org/glassfish/jersey/containers/jersey-container-servlet-core/2.33/jersey-container-servlet-core-2.33.jar:/home/runner/.m2/repository/org/glassfish/hk2/external/jakarta.inject/2.6.1/jakarta.inject-2.6.1.jar:/home/runner/.m2/repository/org/glassfish/jersey/core/jersey-common/2.33/jersey-common-2.33.jar:/home/runner/.m2/repository/jakarta/ws/rs/jakarta.ws.rs-api/2.1.6/jakarta.ws.rs-api-2.1.6.jar:/home/runner/.m2/repository/org/glassfish/jersey/ext/cdi/jersey-cdi1x/2.33/jersey-cdi1x-2.33.jar:/home/runner/.m2/repository/org/glassfish/jersey/inject/jersey-hk2/2.33/jersey-hk2-2.33.jar:/home/runner/.m2/repository/org/glassfish/hk2/hk2-locator/2.6.1/hk2-locator-2.6.1.jar:/home/runner/.m2/repository/org/glassfish/jersey/media/jersey-media-jaxb/2.33/jersey-media-jaxb-2.33.jar:/home/runner/.m2/repository/org/glassfish/hk2/osgi-resource-locator/1.0.3/osgi-resource-locator-1.0.3.jar:/home/runner/.m2/repository/org/glassfish/hk2/hk2-api/2.5.0/hk2-api-2.5.0.jar:/home/runner/.m2/repository/org/glassfish/hk2/hk2-utils/2.5.0/hk2-utils-2.5.0.jar:/home/runner/.m2/repository/org/glassfish/hk2/external/aopalliance-repackaged/2.5.0/aopalliance-repackaged-2.5.0.jar:/home/runner/.m2/repository/com/fasterxml/jackson/dataformat/jackson-dataformat-xml/2.12.1/jackson-dataformat-xml-2.12.1.jar:/home/runner/.m2/repository/com/fasterxml/jackson/core/jackson-core/2.12.1/jackson-core-2.12.1.jar:/home/runner/.m2/repository/com/fasterxml/jackson/module/jackson-module-jaxb-annotations/2.12.1/jackson-module-jaxb-annotations-2.12.1.jar:/home/runner/.m2/repository/jakarta/xml/bind/jakarta.xml.bind-api/2.3.2/jakarta.xml.bind-api-2.3.2.jar:/home/runner/.m2/repository/org/codehaus/woodstox/stax2-api/3.1.4/stax2-api-3.1.4.jar:/home/runner/.m2/repository/com/fasterxml/woodstox/woodstox-core/5.0.3/woodstox-core-5.0.3.jar:/home/runner/.m2/repository/javax/enterprise/cdi-api/1.2/cdi-api-1.2.jar:/home/runner/.m2/repository/javax/el/javax.el-api/3.0.0/javax.el-api-3.0.0.jar:/home/runner/.m2/repository/javax/interceptor/javax.interceptor-api/1.2/javax.interceptor-api-1.2.jar:/home/runner/.m2/repository/javax/inject/javax.inject/1/javax.inject-1.jar:/home/runner/.m2/repository/javax/xml/bind/jaxb-api/2.3.0/jaxb-api-2.3.0.jar:/home/runner/.m2/repository/org/glassfish/jaxb/jaxb-runtime/2.3.0.1/jaxb-runtime-2.3.0.1.jar:/home/runner/.m2/repository/org/glassfish/jaxb/jaxb-core/2.3.0.1/jaxb-core-2.3.0.1.jar:/home/runner/.m2/repository/org/glassfish/jaxb/txw2/2.3.0.1/txw2-2.3.0.1.jar:/home/runner/.m2/repository/com/sun/istack/istack-commons-runtime/3.0.5/istack-commons-runtime-3.0.5.jar:/home/runner/.m2/repository/org/jvnet/staxex/stax-ex/1.7.8/stax-ex-1.7.8.jar:/home/runner/.m2/repository/com/sun/xml/fastinfoset/FastInfoset/1.2.13/FastInfoset-1.2.13.jar:/home/runner/.m2/repository/javax/activation/activation/1.1.1/activation-1.1.1.jar:/home/runner/.m2/repository/org/apache/ozone/ozone-csi/1.3.0-SNAPSHOT/ozone-csi-1.3.0-SNAPSHOT.jar:/home/runner/.m2/repository/com/google/protobuf/protobuf-java-util/3.12.0/protobuf-java-util-3.12.0.jar:/home/runner/.m2/repository/com/google/code/gson/gson/2.2.4/gson-2.2.4.jar:/home/runner/.m2/repository/org/apache/ozone/hdds-config/1.3.0-SNAPSHOT/hdds-config-1.3.0-SNAPSHOT.jar:/home/runner/.m2/repository/io/grpc/grpc-netty/1.33.0/grpc-netty-1.33.0.jar:/home/runner/.m2/repository/io/grpc/grpc-core/1.33.0/grpc-core-1.33.0.jar:/home/runner/.m2/repository/com/google/android/annotations/4.1.1.4/annotations-4.1.1.4.jar:/home/runner/.m2/repository/io/netty/netty-codec-http2/4.1.63.Final/netty-codec-http2-4.1.63.Final.jar:/home/runner/.m2/repository/io/netty/netty-codec-http/4.1.63.Final/netty-codec-http-4.1.63.Final.jar:/home/runner/.m2/repository/io/netty/netty-handler-proxy/4.1.63.Final/netty-handler-proxy-4.1.63.Final.jar:/home/runner/.m2/repository/io/netty/netty-codec-socks/4.1.63.Final/netty-codec-socks-4.1.63.Final.jar:/home/runner/.m2/repository/io/perfmark/perfmark-api/0.19.0/perfmark-api-0.19.0.jar:/home/runner/.m2/repository/org/codehaus/mojo/animal-sniffer-annotations/1.18/animal-sniffer-annotations-1.18.jar:/home/runner/.m2/repository/io/netty/netty-transport-native-epoll/4.1.63.Final/netty-transport-native-epoll-4.1.63.Final.jar:/home/runner/.m2/repository/io/netty/netty-common/4.1.63.Final/netty-common-4.1.63.Final.jar:/home/runner/.m2/repository/io/netty/netty-buffer/4.1.63.Final/netty-buffer-4.1.63.Final.jar:/home/runner/.m2/repository/io/netty/netty-transport-native-unix-common/4.1.63.Final/netty-transport-native-unix-common-4.1.63.Final.jar:/home/runner/.m2/repository/io/grpc/grpc-protobuf/1.33.0/grpc-protobuf-1.33.0.jar:/home/runner/.m2/repository/io/grpc/grpc-api/1.33.0/grpc-api-1.33.0.jar:/home/runner/.m2/repository/io/grpc/grpc-context/1.33.0/grpc-context-1.33.0.jar:/home/runner/.m2/repository/com/google/api/grpc/proto-google-common-protos/1.17.0/proto-google-common-protos-1.17.0.jar:/home/runner/.m2/repository/io/grpc/grpc-protobuf-lite/1.33.0/grpc-protobuf-lite-1.33.0.jar:/home/runner/.m2/repository/io/grpc/grpc-stub/1.33.0/grpc-stub-1.33.0.jar:/home/runner/.m2/repository/org/apache/ozone/ozone-recon/1.3.0-SNAPSHOT/ozone-recon-1.3.0-SNAPSHOT.jar:/home/runner/.m2/repository/org/apache/ozone/ozone-reconcodegen/1.3.0-SNAPSHOT/ozone-reconcodegen-1.3.0-SNAPSHOT.jar:/home/runner/.m2/repository/com/google/inject/extensions/guice-multibindings/4.0/guice-multibindings-4.0.jar:/home/runner/.m2/repository/com/google/inject/guice/4.0/guice-4.0.jar:/home/runner/.m2/repository/aopalliance/aopalliance/1.0/aopalliance-1.0.jar:/home/runner/.m2/repository/com/google/inject/extensions/guice-assistedinject/4.0/guice-assistedinject-4.0.jar:/home/runner/.m2/repository/com/google/inject/extensions/guice-servlet/4.0/guice-servlet-4.0.jar:/home/runner/.m2/repository/org/glassfish/jersey/containers/jersey-container-servlet/2.33/jersey-container-servlet-2.33.jar:/home/runner/.m2/repository/org/glassfish/hk2/guice-bridge/2.5.0/guice-bridge-2.5.0.jar:/home/runner/.m2/repository/org/glassfish/jersey/core/jersey-server/2.33/jersey-server-2.33.jar:/home/runner/.m2/repository/org/glassfish/jersey/core/jersey-client/2.33/jersey-client-2.33.jar:/home/runner/.m2/repository/jakarta/annotation/jakarta.annotation-api/1.3.5/jakarta.annotation-api-1.3.5.jar:/home/runner/.m2/repository/jakarta/validation/jakarta.validation-api/2.0.2/jakarta.validation-api-2.0.2.jar:/home/runner/.m2/repository/org/glassfish/jersey/media/jersey-media-json-jackson/2.33/jersey-media-json-jackson-2.33.jar:/home/runner/.m2/repository/org/glassfish/jersey/ext/jersey-entity-filtering/2.33/jersey-entity-filtering-2.33.jar:/home/runner/.m2/repository/org/jooq/jooq/3.11.10/jooq-3.11.10.jar:/home/runner/.m2/repository/org/jooq/jooq-meta/3.11.10/jooq-meta-3.11.10.jar:/home/runner/.m2/repository/org/jooq/jooq-codegen/3.11.10/jooq-codegen-3.11.10.jar:/home/runner/.m2/repository/com/jolbox/bonecp/0.8.0.RELEASE/bonecp-0.8.0.RELEASE.jar:/home/runner/.m2/repository/org/apache/derby/derby/10.14.2.0/derby-10.14.2.0.jar:/home/runner/.m2/repository/org/xerial/sqlite-jdbc/3.25.2/sqlite-jdbc-3.25.2.jar:/home/runner/.m2/repository/org/springframework/spring-jdbc/5.2.18.RELEASE/spring-jdbc-5.2.18.RELEASE.jar:/home/runner/.m2/repository/org/springframework/spring-beans/5.2.18.RELEASE/spring-beans-5.2.18.RELEASE.jar:/home/runner/.m2/repository/org/springframework/spring-core/5.2.18.RELEASE/spring-core-5.2.18.RELEASE.jar:/home/runner/.m2/repository/org/springframework/spring-jcl/5.2.18.RELEASE/spring-jcl-5.2.18.RELEASE.jar:/home/runner/.m2/repository/org/springframework/spring-tx/5.2.18.RELEASE/spring-tx-5.2.18.RELEASE.jar:/home/runner/.m2/repository/org/apache/ozone/ozone-client/1.3.0-SNAPSHOT/ozone-client-1.3.0-SNAPSHOT.jar:/home/runner/.m2/repository/org/apache/ozone/ozone-filesystem/1.3.0-SNAPSHOT/ozone-filesystem-1.3.0-SNAPSHOT.jar:/home/runner/.m2/repository/org/apache/ozone/ozone-filesystem-common/1.3.0-SNAPSHOT/ozone-filesystem-common-1.3.0-SNAPSHOT.jar:/home/runner/.m2/repository/org/apache/ozone/ozone-tools/1.3.0-SNAPSHOT/ozone-tools-1.3.0-SNAPSHOT.jar:/home/runner/.m2/repository/org/apache/ratis/ratis-tools/2.2.0/ratis-tools-2.2.0.jar:/home/runner/.m2/repository/com/amazonaws/aws-java-sdk-core/1.12.124/aws-java-sdk-core-1.12.124.jar:/home/runner/.m2/repository/org/apache/httpcomponents/httpclient/4.5.13/httpclient-4.5.13.jar:/home/runner/.m2/repository/org/apache/httpcomponents/httpcore/4.4.13/httpcore-4.4.13.jar:/home/runner/.m2/repository/software/amazon/ion/ion-java/1.0.2/ion-java-1.0.2.jar:/home/runner/.m2/repository/com/fasterxml/jackson/dataformat/jackson-dataformat-cbor/2.12.1/jackson-dataformat-cbor-2.12.1.jar:/home/runner/.m2/repository/joda-time/joda-time/2.8.1/joda-time-2.8.1.jar:/home/runner/.m2/repository/com/amazonaws/aws-java-sdk-s3/1.12.124/aws-java-sdk-s3-1.12.124.jar:/home/runner/.m2/repository/com/amazonaws/aws-java-sdk-kms/1.12.124/aws-java-sdk-kms-1.12.124.jar:/home/runner/.m2/repository/com/amazonaws/jmespath-java/1.12.124/jmespath-java-1.12.124.jar:/home/runner/.m2/repository/org/kohsuke/metainf-services/metainf-services/1.8/metainf-services-1.8.jar:/home/runner/.m2/repository/org/apache/ozone/hdds-tools/1.3.0-SNAPSHOT/hdds-tools-1.3.0-SNAPSHOT.jar:/home/runner/.m2/repository/commons-cli/commons-cli/1.2/commons-cli-1.2.jar:/home/runner/.m2/repository/org/apache/commons/commons-lang3/3.7/commons-lang3-3.7.jar:/home/runner/.m2/repository/org/apache/ozone/ozone-manager/1.3.0-SNAPSHOT/ozone-manager-1.3.0-SNAPSHOT-tests.jar:/home/runner/.m2/repository/org/apache/ozone/hdds-common/1.3.0-SNAPSHOT/hdds-common-1.3.0-SNAPSHOT-tests.jar:/home/runner/.m2/repository/org/apache/ozone/hdds-hadoop-dependency-client/1.3.0-SNAPSHOT/hdds-hadoop-dependency-client-1.3.0-SNAPSHOT.jar:/home/runner/.m2/repository/info/picocli/picocli/4.6.1/picocli-4.6.1.jar:/home/runner/.m2/repository/com/fasterxml/jackson/core/jackson-annotations/2.12.1/jackson-annotations-2.12.1.jar:/home/runner/.m2/repository/javax/annotation/javax.annotation-api/1.2/javax.annotation-api-1.2.jar:/home/runner/.m2/repository/org/apache/ratis/ratis-server/2.2.0/ratis-server-2.2.0.jar:/home/runner/.m2/repository/org/apache/ratis/ratis-client/2.2.0/ratis-client-2.2.0.jar:/home/runner/.m2/repository/org/apache/ratis/ratis-server-api/2.2.0/ratis-server-api-2.2.0.jar:/home/runner/.m2/repository/org/apache/ratis/ratis-metrics/2.2.0/ratis-metrics-2.2.0.jar:/home/runner/.m2/repository/org/apache/ratis/ratis-netty/2.2.0/ratis-netty-2.2.0.jar:/home/runner/.m2/repository/org/apache/ratis/ratis-grpc/2.2.0/ratis-grpc-2.2.0.jar:/home/runner/.m2/repository/org/apache/logging/log4j/log4j-api/2.17.1/log4j-api-2.17.1.jar:/home/runner/.m2/repository/org/apache/logging/log4j/log4j-core/2.17.1/log4j-core-2.17.1.jar:/home/runner/.m2/repository/com/lmax/disruptor/3.4.2/disruptor-3.4.2.jar:/home/runner/.m2/repository/org/apache/commons/commons-pool2/2.6.0/commons-pool2-2.6.0.jar:/home/runner/.m2/repository/org/bouncycastle/bcpkix-jdk15on/1.67/bcpkix-jdk15on-1.67.jar:/home/runner/.m2/repository/commons-validator/commons-validator/1.6/commons-validator-1.6.jar:/home/runner/.m2/repository/commons-beanutils/commons-beanutils/1.9.4/commons-beanutils-1.9.4.jar:/home/runner/.m2/repository/commons-digester/commons-digester/1.8.1/commons-digester-1.8.1.jar:/home/runner/.m2/repository/commons-collections/commons-collections/3.2.2/commons-collections-3.2.2.jar:/home/runner/.m2/repository/io/jaegertracing/jaeger-client/1.6.0/jaeger-client-1.6.0.jar:/home/runner/.m2/repository/io/jaegertracing/jaeger-thrift/1.6.0/jaeger-thrift-1.6.0.jar:/home/runner/.m2/repository/org/apache/thrift/libthrift/0.14.1/libthrift-0.14.1.jar:/home/runner/.m2/repository/com/squareup/okhttp3/okhttp/4.9.0/okhttp-4.9.0.jar:/home/runner/.m2/repository/com/squareup/okio/okio/2.8.0/okio-2.8.0.jar:/home/runner/.m2/repository/io/jaegertracing/jaeger-core/1.6.0/jaeger-core-1.6.0.jar:/home/runner/.m2/repository/io/jaegertracing/jaeger-tracerresolver/1.6.0/jaeger-tracerresolver-1.6.0.jar:/home/runner/.m2/repository/io/opentracing/contrib/opentracing-tracerresolver/0.1.8/opentracing-tracerresolver-0.1.8.jar:/home/runner/.m2/repository/org/jetbrains/kotlin/kotlin-stdlib/1.4.31/kotlin-stdlib-1.4.31.jar:/home/runner/.m2/repository/org/jetbrains/kotlin/kotlin-stdlib-common/1.4.31/kotlin-stdlib-common-1.4.31.jar:/home/runner/.m2/repository/org/jetbrains/annotations/13.0/annotations-13.0.jar:/home/runner/.m2/repository/io/opentracing/opentracing-util/0.33.0/opentracing-util-0.33.0.jar:/home/runner/.m2/repository/io/opentracing/opentracing-api/0.33.0/opentracing-api-0.33.0.jar:/home/runner/.m2/repository/io/opentracing/opentracing-noop/0.33.0/opentracing-noop-0.33.0.jar:/home/runner/.m2/repository/org/yaml/snakeyaml/1.26/snakeyaml-1.26.jar:/home/runner/.m2/repository/org/apache/ozone/hdds-interface-admin/1.3.0-SNAPSHOT/hdds-interface-admin-1.3.0-SNAPSHOT.jar:/home/runner/.m2/repository/junit/junit/4.13.1/junit-4.13.1.jar:/home/runner/.m2/repository/org/hamcrest/hamcrest-core/1.3/hamcrest-core-1.3.jar:/home/runner/.m2/repository/org/junit/jupiter/junit-jupiter-api/5.7.0/junit-jupiter-api-5.7.0.jar:/home/runner/.m2/repository/org/apiguardian/apiguardian-api/1.1.0/apiguardian-api-1.1.0.jar:/home/runner/.m2/repository/org/opentest4j/opentest4j/1.2.0/opentest4j-1.2.0.jar:/home/runner/.m2/repository/org/junit/platform/junit-platform-commons/1.7.0/junit-platform-commons-1.7.0.jar:/home/runner/.m2/repository/org/junit/jupiter/junit-jupiter-engine/5.7.0/junit-jupiter-engine-5.7.0.jar:/home/runner/.m2/repository/org/junit/platform/junit-platform-engine/1.7.0/junit-platform-engine-1.7.0.jar:/home/runner/.m2/repository/org/junit/vintage/junit-vintage-engine/5.7.0/junit-vintage-engine-5.7.0.jar:/home/runner/.m2/repository/org/junit/platform/junit-platform-launcher/1.7.0/junit-platform-launcher-1.7.0.jar:/home/runner/.m2/repository/org/mockito/mockito-core/2.28.2/mockito-core-2.28.2.jar:/home/runner/.m2/repository/net/bytebuddy/byte-buddy/1.9.10/byte-buddy-1.9.10.jar:/home/runner/.m2/repository/net/bytebuddy/byte-buddy-agent/1.9.10/byte-buddy-agent-1.9.10.jar:/home/runner/.m2/repository/org/objenesis/objenesis/1.0/objenesis-1.0.jar:/home/runner/.m2/repository/org/apache/hadoop/hadoop-kms/3.3.1/hadoop-kms-3.3.1.jar:/home/runner/.m2/repository/org/apache/hadoop/hadoop-auth/3.3.1/hadoop-auth-3.3.1.jar:/home/runner/.m2/repository/com/nimbusds/nimbus-jose-jwt/7.9/nimbus-jose-jwt-7.9.jar:/home/runner/.m2/repository/com/github/stephenc/jcip/jcip-annotations/1.0-1/jcip-annotations-1.0-1.jar:/home/runner/.m2/repository/net/minidev/json-smart/2.3.1/json-smart-2.3.1.jar:/home/runner/.m2/repository/net/minidev/accessors-smart/2.3.1/accessors-smart-2.3.1.jar:/home/runner/.m2/repository/org/ow2/asm/asm/5.0.4/asm-5.0.4.jar:/home/runner/.m2/repository/org/apache/zookeeper/zookeeper/3.5.6/zookeeper-3.5.6.jar:/home/runner/.m2/repository/org/apache/zookeeper/zookeeper-jute/3.5.6/zookeeper-jute-3.5.6.jar:/home/runner/.m2/repository/org/apache/yetus/audience-annotations/0.5.0/audience-annotations-0.5.0.jar:/home/runner/.m2/repository/org/apache/curator/curator-framework/4.2.0/curator-framework-4.2.0.jar:/home/runner/.m2/repository/org/apache/hadoop/thirdparty/hadoop-shaded-guava/1.1.1/hadoop-shaded-guava-1.1.1.jar:/home/runner/.m2/repository/com/sun/jersey/jersey-core/1.19/jersey-core-1.19.jar:/home/runner/.m2/repository/javax/ws/rs/jsr311-api/1.1.1/jsr311-api-1.1.1.jar:/home/runner/.m2/repository/com/sun/jersey/jersey-server/1.19/jersey-server-1.19.jar:/home/runner/.m2/repository/javax/servlet/javax.servlet-api/3.1.0/javax.servlet-api-3.1.0.jar:/home/runner/.m2/repository/org/eclipse/jetty/jetty-server/9.4.43.v20210629/jetty-server-9.4.43.v20210629.jar:/home/runner/.m2/repository/org/eclipse/jetty/jetty-http/9.4.43.v20210629/jetty-http-9.4.43.v20210629.jar:/home/runner/.m2/repository/org/eclipse/jetty/jetty-io/9.4.43.v20210629/jetty-io-9.4.43.v20210629.jar:/home/runner/.m2/repository/org/eclipse/jetty/jetty-webapp/9.4.43.v20210629/jetty-webapp-9.4.43.v20210629.jar:/home/runner/.m2/repository/org/eclipse/jetty/jetty-xml/9.4.43.v20210629/jetty-xml-9.4.43.v20210629.jar:/home/runner/.m2/repository/org/apache/hadoop/hadoop-common/3.3.1/hadoop-common-3.3.1.jar:/home/runner/.m2/repository/org/apache/commons/commons-math3/3.1.1/commons-math3-3.1.1.jar:/home/runner/.m2/repository/commons-net/commons-net/3.6/commons-net-3.6.jar:/home/runner/.m2/repository/jakarta/activation/jakarta.activation-api/1.2.1/jakarta.activation-api-1.2.1.jar:/home/runner/.m2/repository/com/sun/jersey/jersey-servlet/1.19/jersey-servlet-1.19.jar:/home/runner/.m2/repository/com/sun/jersey/jersey-json/1.19/jersey-json-1.19.jar:/home/runner/.m2/repository/org/codehaus/jettison/jettison/1.1/jettison-1.1.jar:/home/runner/.m2/repository/com/sun/xml/bind/jaxb-impl/2.2.3-1/jaxb-impl-2.2.3-1.jar:/home/runner/.m2/repository/org/codehaus/jackson/jackson-jaxrs/1.9.2/jackson-jaxrs-1.9.2.jar:/home/runner/.m2/repository/org/codehaus/jackson/jackson-xc/1.9.2/jackson-xc-1.9.2.jar:/home/runner/.m2/repository/org/apache/commons/commons-configuration2/2.1.1/commons-configuration2-2.1.1.jar:/home/runner/.m2/repository/org/apache/commons/commons-text/1.4/commons-text-1.4.jar:/home/runner/.m2/repository/com/google/re2j/re2j/1.1/re2j-1.1.jar:/home/runner/.m2/repository/com/jcraft/jsch/0.1.54/jsch-0.1.54.jar:/home/runner/.m2/repository/org/apache/curator/curator-client/4.2.0/curator-client-4.2.0.jar:/home/runner/.m2/repository/org/apache/curator/curator-recipes/4.2.0/curator-recipes-4.2.0.jar:/home/runner/.m2/repository/org/apache/kerby/kerb-core/1.0.1/kerb-core-1.0.1.jar:/home/runner/.m2/repository/org/apache/kerby/kerby-pkix/1.0.1/kerby-pkix-1.0.1.jar:/home/runner/.m2/repository/org/apache/kerby/kerby-asn1/1.0.1/kerby-asn1-1.0.1.jar:/home/runner/.m2/repository/org/apache/kerby/kerby-util/1.0.1/kerby-util-1.0.1.jar:/home/runner/.m2/repository/dnsjava/dnsjava/2.1.7/dnsjava-2.1.7.jar:/home/runner/.m2/repository/org/xerial/snappy/snappy-java/1.1.8.2/snappy-java-1.1.8.2.jar:/home/runner/.m2/repository/org/slf4j/jul-to-slf4j/1.7.30/jul-to-slf4j-1.7.30.jar:/home/runner/.m2/repository/org/eclipse/jetty/jetty-util/9.4.43.v20210629/jetty-util-9.4.43.v20210629.jar:/home/runner/.m2/repository/com/fasterxml/jackson/core/jackson-databind/2.12.1/jackson-databind-2.12.1.jar:/home/runner/.m2/repository/org/apache/hadoop/hadoop-kms/3.3.1/hadoop-kms-3.3.1-tests.jar:/home/runner/.m2/repository/org/apache/ozone/hdds-server-scm/1.3.0-SNAPSHOT/hdds-server-scm-1.3.0-SNAPSHOT-tests.jar:/home/runner/.m2/repository/org/apache/ozone/hdds-container-service/1.3.0-SNAPSHOT/hdds-container-service-1.3.0-SNAPSHOT-tests.jar:/home/runner/.m2/repository/commons-codec/commons-codec/1.11/commons-codec-1.11.jar:/home/runner/.m2/repository/io/netty/netty-transport/4.1.63.Final/netty-transport-4.1.63.Final.jar:/home/runner/.m2/repository/io/netty/netty-resolver/4.1.63.Final/netty-resolver-4.1.63.Final.jar:/home/runner/.m2/repository/io/netty/netty-codec/4.1.63.Final/netty-codec-4.1.63.Final.jar:/home/runner/.m2/repository/io/netty/netty-handler/4.1.63.Final/netty-handler-4.1.63.Final.jar:/home/runner/.m2/repository/org/apache/ozone/hdds-hadoop-dependency-test/1.3.0-SNAPSHOT/hdds-hadoop-dependency-test-1.3.0-SNAPSHOT.jar:/home/runner/.m2/repository/org/apache/hadoop/hadoop-common/3.3.1/hadoop-common-3.3.1-tests.jar:/home/runner/.m2/repository/org/assertj/assertj-core/3.12.2/assertj-core-3.12.2.jar:/home/runner/.m2/repository/org/apache/hadoop/hadoop-hdfs/3.3.1/hadoop-hdfs-3.3.1-tests.jar:/home/runner/.m2/repository/org/eclipse/jetty/jetty-util-ajax/9.4.43.v20210629/jetty-util-ajax-9.4.43.v20210629.jar:/home/runner/.m2/repository/commons-daemon/commons-daemon/1.0.13/commons-daemon-1.0.13.jar:/home/runner/.m2/repository/io/netty/netty/3.10.6.Final/netty-3.10.6.Final.jar:/home/runner/.m2/repository/io/netty/netty-all/4.1.63.Final/netty-all-4.1.63.Final.jar:/home/runner/.m2/repository/org/apache/htrace/htrace-core4/4.1.0-incubating/htrace-core4-4.1.0-incubating.jar:/home/runner/.m2/repository/org/fusesource/leveldbjni/leveldbjni-all/1.8/leveldbjni-all-1.8.jar:/home/runner/.m2/repository/org/apache/hadoop/hadoop-distcp/3.3.1/hadoop-distcp-3.3.1.jar:/home/runner/.m2/repository/org/apache/hadoop/hadoop-mapreduce-client-jobclient/3.3.1/hadoop-mapreduce-client-jobclient-3.3.1.jar:/home/runner/.m2/repository/org/apache/hadoop/hadoop-mapreduce-client-common/3.3.1/hadoop-mapreduce-client-common-3.3.1.jar:/home/runner/.m2/repository/org/apache/hadoop/hadoop-yarn-common/3.3.1/hadoop-yarn-common-3.3.1.jar:/home/runner/.m2/repository/org/apache/hadoop/hadoop-yarn-api/3.3.1/hadoop-yarn-api-3.3.1.jar:/home/runner/.m2/repository/com/sun/jersey/jersey-client/1.19/jersey-client-1.19.jar:/home/runner/.m2/repository/com/sun/jersey/contribs/jersey-guice/1.19/jersey-guice-1.19.jar:/home/runner/.m2/repository/com/fasterxml/jackson/jaxrs/jackson-jaxrs-json-provider/2.12.1/jackson-jaxrs-json-provider-2.12.1.jar:/home/runner/.m2/repository/com/fasterxml/jackson/jaxrs/jackson-jaxrs-base/2.12.1/jackson-jaxrs-base-2.12.1.jar:/home/runner/.m2/repository/org/apache/hadoop/hadoop-yarn-client/3.3.1/hadoop-yarn-client-3.3.1.jar:/home/runner/.m2/repository/org/eclipse/jetty/websocket/websocket-client/9.4.40.v20210413/websocket-client-9.4.40.v20210413.jar:/home/runner/.m2/repository/org/eclipse/jetty/jetty-client/9.4.40.v20210413/jetty-client-9.4.40.v20210413.jar:/home/runner/.m2/repository/org/eclipse/jetty/websocket/websocket-common/9.4.40.v20210413/websocket-common-9.4.40.v20210413.jar:/home/runner/.m2/repository/org/eclipse/jetty/websocket/websocket-api/9.4.40.v20210413/websocket-api-9.4.40.v20210413.jar:/home/runner/.m2/repository/org/jline/jline/3.9.0/jline-3.9.0.jar:/home/runner/.m2/repository/org/apache/hadoop/hadoop-mapreduce-client-core/3.3.1/hadoop-mapreduce-client-core-3.3.1.jar:/home/runner/.m2/repository/org/apache/avro/avro/1.7.7/avro-1.7.7.jar:/home/runner/.m2/repository/org/codehaus/jackson/jackson-core-asl/1.9.13/jackson-core-asl-1.9.13.jar:/home/runner/.m2/repository/org/codehaus/jackson/jackson-mapper-asl/1.9.13/jackson-mapper-asl-1.9.13.jar:/home/runner/.m2/repository/com/thoughtworks/paranamer/paranamer/2.3/paranamer-2.3.jar:/home/runner/.m2/repository/org/apache/hadoop/hadoop-annotations/3.3.1/hadoop-annotations-3.3.1.jar:/usr/lib/jvm/temurin-8-jdk-amd64/jre/../lib/tools.jar:/home/runner/.m2/repository/org/apache/hadoop/hadoop-distcp/3.3.1/hadoop-distcp-3.3.1-tests.jar:/home/runner/.m2/repository/org/apache/ratis/ratis-common/2.2.0/ratis-common-2.2.0.jar:/home/runner/.m2/repository/org/apache/ratis/ratis-thirdparty-misc/0.7.0/ratis-thirdparty-misc-0.7.0.jar:/home/runner/.m2/repository/org/apache/ratis/ratis-proto/2.2.0/ratis-proto-2.2.0.jar:"/>
    <property name="java.vm.vendor" value="Temurin"/>
    <property name="sun.arch.data.model" value="64"/>
    <property name="test.build.dir" value="/home/runner/work/ozone/ozone/hadoop-ozone/integration-test/target/test-dir"/>
    <property name="test.cache.data" value=""/>
    <property name="java.vendor.url" value="https://adoptium.net/"/>
    <property name="user.timezone" value=""/>
    <property name="java.vm.specification.version" value="1.8"/>
    <property name="os.name" value="Linux"/>
    <property name="test.build.data" value="/home/runner/work/ozone/ozone/hadoop-ozone/integration-test/target/test-dir"/>
    <property name="sun.java.launcher" value="SUN_STANDARD"/>
    <property name="sun.boot.library.path" value="/usr/lib/jvm/temurin-8-jdk-amd64/jre/lib/amd64"/>
    <property name="sun.java.command" value="/home/runner/work/ozone/ozone/hadoop-ozone/integration-test/target/surefire/surefirebooter7072940836237042187.jar /home/runner/work/ozone/ozone/hadoop-ozone/integration-test/target/surefire 2022-02-09T12-53-29_747-jvmRun1 surefire6849367412988736022tmp surefire_551028392303966180563tmp"/>
    <property name="surefire.test.class.path" value="/home/runner/work/ozone/ozone/hadoop-ozone/integration-test/target/test-classes:/home/runner/work/ozone/ozone/hadoop-ozone/integration-test/target/classes:/home/runner/.m2/repository/org/apache/ozone/ozone-common/1.3.0-SNAPSHOT/ozone-common-1.3.0-SNAPSHOT.jar:/home/runner/.m2/repository/org/apache/commons/commons-compress/1.21/commons-compress-1.21.jar:/home/runner/.m2/repository/org/apache/ozone/hdds-common/1.3.0-SNAPSHOT/hdds-common-1.3.0-SNAPSHOT.jar:/home/runner/.m2/repository/org/apache/ozone/hdds-client/1.3.0-SNAPSHOT/hdds-client-1.3.0-SNAPSHOT.jar:/home/runner/.m2/repository/org/apache/ozone/ozone-interface-client/1.3.0-SNAPSHOT/ozone-interface-client-1.3.0-SNAPSHOT.jar:/home/runner/.m2/repository/org/apache/ozone/hdds-test-utils/1.3.0-SNAPSHOT/hdds-test-utils-1.3.0-SNAPSHOT.jar:/home/runner/.m2/repository/com/google/guava/guava/30.1.1-jre/guava-30.1.1-jre.jar:/home/runner/.m2/repository/com/google/guava/failureaccess/1.0.1/failureaccess-1.0.1.jar:/home/runner/.m2/repository/com/google/guava/listenablefuture/9999.0-empty-to-avoid-conflict-with-guava/listenablefuture-9999.0-empty-to-avoid-conflict-with-guava.jar:/home/runner/.m2/repository/com/google/code/findbugs/jsr305/3.0.0/jsr305-3.0.0.jar:/home/runner/.m2/repository/org/checkerframework/checker-qual/3.8.0/checker-qual-3.8.0.jar:/home/runner/.m2/repository/com/google/errorprone/error_prone_annotations/2.2.0/error_prone_annotations-2.2.0.jar:/home/runner/.m2/repository/com/google/j2objc/j2objc-annotations/1.3/j2objc-annotations-1.3.jar:/home/runner/.m2/repository/commons-io/commons-io/2.11.0/commons-io-2.11.0.jar:/home/runner/.m2/repository/commons-logging/commons-logging/1.2/commons-logging-1.2.jar:/home/runner/.m2/repository/log4j/log4j/1.2.17/log4j-1.2.17.jar:/home/runner/.m2/repository/org/slf4j/slf4j-api/1.7.30/slf4j-api-1.7.30.jar:/home/runner/.m2/repository/org/apache/ozone/hdds-server-scm/1.3.0-SNAPSHOT/hdds-server-scm-1.3.0-SNAPSHOT.jar:/home/runner/.m2/repository/org/apache/ozone/hdds-container-service/1.3.0-SNAPSHOT/hdds-container-service-1.3.0-SNAPSHOT.jar:/home/runner/.m2/repository/org/apache/ozone/hdds-hadoop-dependency-server/1.3.0-SNAPSHOT/hdds-hadoop-dependency-server-1.3.0-SNAPSHOT.jar:/home/runner/.m2/repository/org/apache/hadoop/hadoop-hdfs/3.3.1/hadoop-hdfs-3.3.1.jar:/home/runner/.m2/repository/org/apache/ozone/hdds-server-framework/1.3.0-SNAPSHOT/hdds-server-framework-1.3.0-SNAPSHOT.jar:/home/runner/.m2/repository/org/apache/ozone/hdds-interface-server/1.3.0-SNAPSHOT/hdds-interface-server-1.3.0-SNAPSHOT.jar:/home/runner/.m2/repository/org/eclipse/jetty/jetty-servlet/9.4.43.v20210629/jetty-servlet-9.4.43.v20210629.jar:/home/runner/.m2/repository/org/eclipse/jetty/jetty-security/9.4.43.v20210629/jetty-security-9.4.43.v20210629.jar:/home/runner/.m2/repository/org/rocksdb/rocksdbjni/6.25.3/rocksdbjni-6.25.3.jar:/home/runner/.m2/repository/io/prometheus/simpleclient_dropwizard/0.7.0/simpleclient_dropwizard-0.7.0.jar:/home/runner/.m2/repository/io/prometheus/simpleclient/0.7.0/simpleclient-0.7.0.jar:/home/runner/.m2/repository/io/prometheus/simpleclient_common/0.7.0/simpleclient_common-0.7.0.jar:/home/runner/.m2/repository/com/fasterxml/jackson/datatype/jackson-datatype-jsr310/2.12.1/jackson-datatype-jsr310-2.12.1.jar:/home/runner/.m2/repository/io/dropwizard/metrics/metrics-core/3.2.4/metrics-core-3.2.4.jar:/home/runner/.m2/repository/org/apache/hadoop/hadoop-hdfs-client/3.3.1/hadoop-hdfs-client-3.3.1.jar:/home/runner/.m2/repository/org/bouncycastle/bcprov-jdk15on/1.67/bcprov-jdk15on-1.67.jar:/home/runner/.m2/repository/com/google/protobuf/protobuf-java/2.5.0/protobuf-java-2.5.0.jar:/home/runner/.m2/repository/org/apache/ozone/ozone-manager/1.3.0-SNAPSHOT/ozone-manager-1.3.0-SNAPSHOT.jar:/home/runner/.m2/repository/org/aspectj/aspectjrt/1.9.7/aspectjrt-1.9.7.jar:/home/runner/.m2/repository/org/aspectj/aspectjweaver/1.9.7/aspectjweaver-1.9.7.jar:/home/runner/.m2/repository/org/apache/ozone/hdds-interface-client/1.3.0-SNAPSHOT/hdds-interface-client-1.3.0-SNAPSHOT.jar:/home/runner/.m2/repository/org/apache/hadoop/thirdparty/hadoop-shaded-protobuf_3_7/1.1.1/hadoop-shaded-protobuf_3_7-1.1.1.jar:/home/runner/.m2/repository/org/apache/ozone/ozone-interface-storage/1.3.0-SNAPSHOT/ozone-interface-storage-1.3.0-SNAPSHOT.jar:/home/runner/.m2/repository/org/reflections/reflections/0.9.11/reflections-0.9.11.jar:/home/runner/.m2/repository/org/apache/hadoop/hadoop-minikdc/3.3.1/hadoop-minikdc-3.3.1.jar:/home/runner/.m2/repository/org/apache/kerby/kerb-simplekdc/1.0.1/kerb-simplekdc-1.0.1.jar:/home/runner/.m2/repository/org/apache/kerby/kerb-client/1.0.1/kerb-client-1.0.1.jar:/home/runner/.m2/repository/org/apache/kerby/kerby-config/1.0.1/kerby-config-1.0.1.jar:/home/runner/.m2/repository/org/apache/kerby/kerb-common/1.0.1/kerb-common-1.0.1.jar:/home/runner/.m2/repository/org/apache/kerby/kerb-crypto/1.0.1/kerb-crypto-1.0.1.jar:/home/runner/.m2/repository/org/apache/kerby/kerb-util/1.0.1/kerb-util-1.0.1.jar:/home/runner/.m2/repository/org/apache/kerby/token-provider/1.0.1/token-provider-1.0.1.jar:/home/runner/.m2/repository/org/apache/kerby/kerb-admin/1.0.1/kerb-admin-1.0.1.jar:/home/runner/.m2/repository/org/apache/kerby/kerb-server/1.0.1/kerb-server-1.0.1.jar:/home/runner/.m2/repository/org/apache/kerby/kerb-identity/1.0.1/kerb-identity-1.0.1.jar:/home/runner/.m2/repository/org/apache/kerby/kerby-xdr/1.0.1/kerby-xdr-1.0.1.jar:/home/runner/.m2/repository/org/slf4j/slf4j-log4j12/1.7.30/slf4j-log4j12-1.7.30.jar:/home/runner/.m2/repository/org/apache/ozone/ozone-s3gateway/1.3.0-SNAPSHOT/ozone-s3gateway-1.3.0-SNAPSHOT.jar:/home/runner/.m2/repository/org/javassist/javassist/3.21.0-GA/javassist-3.21.0-GA.jar:/home/runner/.m2/repository/org/jboss/weld/servlet/weld-servlet/2.4.7.Final/weld-servlet-2.4.7.Final.jar:/home/runner/.m2/repository/org/glassfish/jersey/containers/jersey-container-servlet-core/2.33/jersey-container-servlet-core-2.33.jar:/home/runner/.m2/repository/org/glassfish/hk2/external/jakarta.inject/2.6.1/jakarta.inject-2.6.1.jar:/home/runner/.m2/repository/org/glassfish/jersey/core/jersey-common/2.33/jersey-common-2.33.jar:/home/runner/.m2/repository/jakarta/ws/rs/jakarta.ws.rs-api/2.1.6/jakarta.ws.rs-api-2.1.6.jar:/home/runner/.m2/repository/org/glassfish/jersey/ext/cdi/jersey-cdi1x/2.33/jersey-cdi1x-2.33.jar:/home/runner/.m2/repository/org/glassfish/jersey/inject/jersey-hk2/2.33/jersey-hk2-2.33.jar:/home/runner/.m2/repository/org/glassfish/hk2/hk2-locator/2.6.1/hk2-locator-2.6.1.jar:/home/runner/.m2/repository/org/glassfish/jersey/media/jersey-media-jaxb/2.33/jersey-media-jaxb-2.33.jar:/home/runner/.m2/repository/org/glassfish/hk2/osgi-resource-locator/1.0.3/osgi-resource-locator-1.0.3.jar:/home/runner/.m2/repository/org/glassfish/hk2/hk2-api/2.5.0/hk2-api-2.5.0.jar:/home/runner/.m2/repository/org/glassfish/hk2/hk2-utils/2.5.0/hk2-utils-2.5.0.jar:/home/runner/.m2/repository/org/glassfish/hk2/external/aopalliance-repackaged/2.5.0/aopalliance-repackaged-2.5.0.jar:/home/runner/.m2/repository/com/fasterxml/jackson/dataformat/jackson-dataformat-xml/2.12.1/jackson-dataformat-xml-2.12.1.jar:/home/runner/.m2/repository/com/fasterxml/jackson/core/jackson-core/2.12.1/jackson-core-2.12.1.jar:/home/runner/.m2/repository/com/fasterxml/jackson/module/jackson-module-jaxb-annotations/2.12.1/jackson-module-jaxb-annotations-2.12.1.jar:/home/runner/.m2/repository/jakarta/xml/bind/jakarta.xml.bind-api/2.3.2/jakarta.xml.bind-api-2.3.2.jar:/home/runner/.m2/repository/org/codehaus/woodstox/stax2-api/3.1.4/stax2-api-3.1.4.jar:/home/runner/.m2/repository/com/fasterxml/woodstox/woodstox-core/5.0.3/woodstox-core-5.0.3.jar:/home/runner/.m2/repository/javax/enterprise/cdi-api/1.2/cdi-api-1.2.jar:/home/runner/.m2/repository/javax/el/javax.el-api/3.0.0/javax.el-api-3.0.0.jar:/home/runner/.m2/repository/javax/interceptor/javax.interceptor-api/1.2/javax.interceptor-api-1.2.jar:/home/runner/.m2/repository/javax/inject/javax.inject/1/javax.inject-1.jar:/home/runner/.m2/repository/javax/xml/bind/jaxb-api/2.3.0/jaxb-api-2.3.0.jar:/home/runner/.m2/repository/org/glassfish/jaxb/jaxb-runtime/2.3.0.1/jaxb-runtime-2.3.0.1.jar:/home/runner/.m2/repository/org/glassfish/jaxb/jaxb-core/2.3.0.1/jaxb-core-2.3.0.1.jar:/home/runner/.m2/repository/org/glassfish/jaxb/txw2/2.3.0.1/txw2-2.3.0.1.jar:/home/runner/.m2/repository/com/sun/istack/istack-commons-runtime/3.0.5/istack-commons-runtime-3.0.5.jar:/home/runner/.m2/repository/org/jvnet/staxex/stax-ex/1.7.8/stax-ex-1.7.8.jar:/home/runner/.m2/repository/com/sun/xml/fastinfoset/FastInfoset/1.2.13/FastInfoset-1.2.13.jar:/home/runner/.m2/repository/javax/activation/activation/1.1.1/activation-1.1.1.jar:/home/runner/.m2/repository/org/apache/ozone/ozone-csi/1.3.0-SNAPSHOT/ozone-csi-1.3.0-SNAPSHOT.jar:/home/runner/.m2/repository/com/google/protobuf/protobuf-java-util/3.12.0/protobuf-java-util-3.12.0.jar:/home/runner/.m2/repository/com/google/code/gson/gson/2.2.4/gson-2.2.4.jar:/home/runner/.m2/repository/org/apache/ozone/hdds-config/1.3.0-SNAPSHOT/hdds-config-1.3.0-SNAPSHOT.jar:/home/runner/.m2/repository/io/grpc/grpc-netty/1.33.0/grpc-netty-1.33.0.jar:/home/runner/.m2/repository/io/grpc/grpc-core/1.33.0/grpc-core-1.33.0.jar:/home/runner/.m2/repository/com/google/android/annotations/4.1.1.4/annotations-4.1.1.4.jar:/home/runner/.m2/repository/io/netty/netty-codec-http2/4.1.63.Final/netty-codec-http2-4.1.63.Final.jar:/home/runner/.m2/repository/io/netty/netty-codec-http/4.1.63.Final/netty-codec-http-4.1.63.Final.jar:/home/runner/.m2/repository/io/netty/netty-handler-proxy/4.1.63.Final/netty-handler-proxy-4.1.63.Final.jar:/home/runner/.m2/repository/io/netty/netty-codec-socks/4.1.63.Final/netty-codec-socks-4.1.63.Final.jar:/home/runner/.m2/repository/io/perfmark/perfmark-api/0.19.0/perfmark-api-0.19.0.jar:/home/runner/.m2/repository/org/codehaus/mojo/animal-sniffer-annotations/1.18/animal-sniffer-annotations-1.18.jar:/home/runner/.m2/repository/io/netty/netty-transport-native-epoll/4.1.63.Final/netty-transport-native-epoll-4.1.63.Final.jar:/home/runner/.m2/repository/io/netty/netty-common/4.1.63.Final/netty-common-4.1.63.Final.jar:/home/runner/.m2/repository/io/netty/netty-buffer/4.1.63.Final/netty-buffer-4.1.63.Final.jar:/home/runner/.m2/repository/io/netty/netty-transport-native-unix-common/4.1.63.Final/netty-transport-native-unix-common-4.1.63.Final.jar:/home/runner/.m2/repository/io/grpc/grpc-protobuf/1.33.0/grpc-protobuf-1.33.0.jar:/home/runner/.m2/repository/io/grpc/grpc-api/1.33.0/grpc-api-1.33.0.jar:/home/runner/.m2/repository/io/grpc/grpc-context/1.33.0/grpc-context-1.33.0.jar:/home/runner/.m2/repository/com/google/api/grpc/proto-google-common-protos/1.17.0/proto-google-common-protos-1.17.0.jar:/home/runner/.m2/repository/io/grpc/grpc-protobuf-lite/1.33.0/grpc-protobuf-lite-1.33.0.jar:/home/runner/.m2/repository/io/grpc/grpc-stub/1.33.0/grpc-stub-1.33.0.jar:/home/runner/.m2/repository/org/apache/ozone/ozone-recon/1.3.0-SNAPSHOT/ozone-recon-1.3.0-SNAPSHOT.jar:/home/runner/.m2/repository/org/apache/ozone/ozone-reconcodegen/1.3.0-SNAPSHOT/ozone-reconcodegen-1.3.0-SNAPSHOT.jar:/home/runner/.m2/repository/com/google/inject/extensions/guice-multibindings/4.0/guice-multibindings-4.0.jar:/home/runner/.m2/repository/com/google/inject/guice/4.0/guice-4.0.jar:/home/runner/.m2/repository/aopalliance/aopalliance/1.0/aopalliance-1.0.jar:/home/runner/.m2/repository/com/google/inject/extensions/guice-assistedinject/4.0/guice-assistedinject-4.0.jar:/home/runner/.m2/repository/com/google/inject/extensions/guice-servlet/4.0/guice-servlet-4.0.jar:/home/runner/.m2/repository/org/glassfish/jersey/containers/jersey-container-servlet/2.33/jersey-container-servlet-2.33.jar:/home/runner/.m2/repository/org/glassfish/hk2/guice-bridge/2.5.0/guice-bridge-2.5.0.jar:/home/runner/.m2/repository/org/glassfish/jersey/core/jersey-server/2.33/jersey-server-2.33.jar:/home/runner/.m2/repository/org/glassfish/jersey/core/jersey-client/2.33/jersey-client-2.33.jar:/home/runner/.m2/repository/jakarta/annotation/jakarta.annotation-api/1.3.5/jakarta.annotation-api-1.3.5.jar:/home/runner/.m2/repository/jakarta/validation/jakarta.validation-api/2.0.2/jakarta.validation-api-2.0.2.jar:/home/runner/.m2/repository/org/glassfish/jersey/media/jersey-media-json-jackson/2.33/jersey-media-json-jackson-2.33.jar:/home/runner/.m2/repository/org/glassfish/jersey/ext/jersey-entity-filtering/2.33/jersey-entity-filtering-2.33.jar:/home/runner/.m2/repository/org/jooq/jooq/3.11.10/jooq-3.11.10.jar:/home/runner/.m2/repository/org/jooq/jooq-meta/3.11.10/jooq-meta-3.11.10.jar:/home/runner/.m2/repository/org/jooq/jooq-codegen/3.11.10/jooq-codegen-3.11.10.jar:/home/runner/.m2/repository/com/jolbox/bonecp/0.8.0.RELEASE/bonecp-0.8.0.RELEASE.jar:/home/runner/.m2/repository/org/apache/derby/derby/10.14.2.0/derby-10.14.2.0.jar:/home/runner/.m2/repository/org/xerial/sqlite-jdbc/3.25.2/sqlite-jdbc-3.25.2.jar:/home/runner/.m2/repository/org/springframework/spring-jdbc/5.2.18.RELEASE/spring-jdbc-5.2.18.RELEASE.jar:/home/runner/.m2/repository/org/springframework/spring-beans/5.2.18.RELEASE/spring-beans-5.2.18.RELEASE.jar:/home/runner/.m2/repository/org/springframework/spring-core/5.2.18.RELEASE/spring-core-5.2.18.RELEASE.jar:/home/runner/.m2/repository/org/springframework/spring-jcl/5.2.18.RELEASE/spring-jcl-5.2.18.RELEASE.jar:/home/runner/.m2/repository/org/springframework/spring-tx/5.2.18.RELEASE/spring-tx-5.2.18.RELEASE.jar:/home/runner/.m2/repository/org/apache/ozone/ozone-client/1.3.0-SNAPSHOT/ozone-client-1.3.0-SNAPSHOT.jar:/home/runner/.m2/repository/org/apache/ozone/ozone-filesystem/1.3.0-SNAPSHOT/ozone-filesystem-1.3.0-SNAPSHOT.jar:/home/runner/.m2/repository/org/apache/ozone/ozone-filesystem-common/1.3.0-SNAPSHOT/ozone-filesystem-common-1.3.0-SNAPSHOT.jar:/home/runner/.m2/repository/org/apache/ozone/ozone-tools/1.3.0-SNAPSHOT/ozone-tools-1.3.0-SNAPSHOT.jar:/home/runner/.m2/repository/org/apache/ratis/ratis-tools/2.2.0/ratis-tools-2.2.0.jar:/home/runner/.m2/repository/com/amazonaws/aws-java-sdk-core/1.12.124/aws-java-sdk-core-1.12.124.jar:/home/runner/.m2/repository/org/apache/httpcomponents/httpclient/4.5.13/httpclient-4.5.13.jar:/home/runner/.m2/repository/org/apache/httpcomponents/httpcore/4.4.13/httpcore-4.4.13.jar:/home/runner/.m2/repository/software/amazon/ion/ion-java/1.0.2/ion-java-1.0.2.jar:/home/runner/.m2/repository/com/fasterxml/jackson/dataformat/jackson-dataformat-cbor/2.12.1/jackson-dataformat-cbor-2.12.1.jar:/home/runner/.m2/repository/joda-time/joda-time/2.8.1/joda-time-2.8.1.jar:/home/runner/.m2/repository/com/amazonaws/aws-java-sdk-s3/1.12.124/aws-java-sdk-s3-1.12.124.jar:/home/runner/.m2/repository/com/amazonaws/aws-java-sdk-kms/1.12.124/aws-java-sdk-kms-1.12.124.jar:/home/runner/.m2/repository/com/amazonaws/jmespath-java/1.12.124/jmespath-java-1.12.124.jar:/home/runner/.m2/repository/org/kohsuke/metainf-services/metainf-services/1.8/metainf-services-1.8.jar:/home/runner/.m2/repository/org/apache/ozone/hdds-tools/1.3.0-SNAPSHOT/hdds-tools-1.3.0-SNAPSHOT.jar:/home/runner/.m2/repository/commons-cli/commons-cli/1.2/commons-cli-1.2.jar:/home/runner/.m2/repository/org/apache/commons/commons-lang3/3.7/commons-lang3-3.7.jar:/home/runner/.m2/repository/org/apache/ozone/ozone-manager/1.3.0-SNAPSHOT/ozone-manager-1.3.0-SNAPSHOT-tests.jar:/home/runner/.m2/repository/org/apache/ozone/hdds-common/1.3.0-SNAPSHOT/hdds-common-1.3.0-SNAPSHOT-tests.jar:/home/runner/.m2/repository/org/apache/ozone/hdds-hadoop-dependency-client/1.3.0-SNAPSHOT/hdds-hadoop-dependency-client-1.3.0-SNAPSHOT.jar:/home/runner/.m2/repository/info/picocli/picocli/4.6.1/picocli-4.6.1.jar:/home/runner/.m2/repository/com/fasterxml/jackson/core/jackson-annotations/2.12.1/jackson-annotations-2.12.1.jar:/home/runner/.m2/repository/javax/annotation/javax.annotation-api/1.2/javax.annotation-api-1.2.jar:/home/runner/.m2/repository/org/apache/ratis/ratis-server/2.2.0/ratis-server-2.2.0.jar:/home/runner/.m2/repository/org/apache/ratis/ratis-client/2.2.0/ratis-client-2.2.0.jar:/home/runner/.m2/repository/org/apache/ratis/ratis-server-api/2.2.0/ratis-server-api-2.2.0.jar:/home/runner/.m2/repository/org/apache/ratis/ratis-metrics/2.2.0/ratis-metrics-2.2.0.jar:/home/runner/.m2/repository/org/apache/ratis/ratis-netty/2.2.0/ratis-netty-2.2.0.jar:/home/runner/.m2/repository/org/apache/ratis/ratis-grpc/2.2.0/ratis-grpc-2.2.0.jar:/home/runner/.m2/repository/org/apache/logging/log4j/log4j-api/2.17.1/log4j-api-2.17.1.jar:/home/runner/.m2/repository/org/apache/logging/log4j/log4j-core/2.17.1/log4j-core-2.17.1.jar:/home/runner/.m2/repository/com/lmax/disruptor/3.4.2/disruptor-3.4.2.jar:/home/runner/.m2/repository/org/apache/commons/commons-pool2/2.6.0/commons-pool2-2.6.0.jar:/home/runner/.m2/repository/org/bouncycastle/bcpkix-jdk15on/1.67/bcpkix-jdk15on-1.67.jar:/home/runner/.m2/repository/commons-validator/commons-validator/1.6/commons-validator-1.6.jar:/home/runner/.m2/repository/commons-beanutils/commons-beanutils/1.9.4/commons-beanutils-1.9.4.jar:/home/runner/.m2/repository/commons-digester/commons-digester/1.8.1/commons-digester-1.8.1.jar:/home/runner/.m2/repository/commons-collections/commons-collections/3.2.2/commons-collections-3.2.2.jar:/home/runner/.m2/repository/io/jaegertracing/jaeger-client/1.6.0/jaeger-client-1.6.0.jar:/home/runner/.m2/repository/io/jaegertracing/jaeger-thrift/1.6.0/jaeger-thrift-1.6.0.jar:/home/runner/.m2/repository/org/apache/thrift/libthrift/0.14.1/libthrift-0.14.1.jar:/home/runner/.m2/repository/com/squareup/okhttp3/okhttp/4.9.0/okhttp-4.9.0.jar:/home/runner/.m2/repository/com/squareup/okio/okio/2.8.0/okio-2.8.0.jar:/home/runner/.m2/repository/io/jaegertracing/jaeger-core/1.6.0/jaeger-core-1.6.0.jar:/home/runner/.m2/repository/io/jaegertracing/jaeger-tracerresolver/1.6.0/jaeger-tracerresolver-1.6.0.jar:/home/runner/.m2/repository/io/opentracing/contrib/opentracing-tracerresolver/0.1.8/opentracing-tracerresolver-0.1.8.jar:/home/runner/.m2/repository/org/jetbrains/kotlin/kotlin-stdlib/1.4.31/kotlin-stdlib-1.4.31.jar:/home/runner/.m2/repository/org/jetbrains/kotlin/kotlin-stdlib-common/1.4.31/kotlin-stdlib-common-1.4.31.jar:/home/runner/.m2/repository/org/jetbrains/annotations/13.0/annotations-13.0.jar:/home/runner/.m2/repository/io/opentracing/opentracing-util/0.33.0/opentracing-util-0.33.0.jar:/home/runner/.m2/repository/io/opentracing/opentracing-api/0.33.0/opentracing-api-0.33.0.jar:/home/runner/.m2/repository/io/opentracing/opentracing-noop/0.33.0/opentracing-noop-0.33.0.jar:/home/runner/.m2/repository/org/yaml/snakeyaml/1.26/snakeyaml-1.26.jar:/home/runner/.m2/repository/org/apache/ozone/hdds-interface-admin/1.3.0-SNAPSHOT/hdds-interface-admin-1.3.0-SNAPSHOT.jar:/home/runner/.m2/repository/junit/junit/4.13.1/junit-4.13.1.jar:/home/runner/.m2/repository/org/hamcrest/hamcrest-core/1.3/hamcrest-core-1.3.jar:/home/runner/.m2/repository/org/junit/jupiter/junit-jupiter-api/5.7.0/junit-jupiter-api-5.7.0.jar:/home/runner/.m2/repository/org/apiguardian/apiguardian-api/1.1.0/apiguardian-api-1.1.0.jar:/home/runner/.m2/repository/org/opentest4j/opentest4j/1.2.0/opentest4j-1.2.0.jar:/home/runner/.m2/repository/org/junit/platform/junit-platform-commons/1.7.0/junit-platform-commons-1.7.0.jar:/home/runner/.m2/repository/org/junit/jupiter/junit-jupiter-engine/5.7.0/junit-jupiter-engine-5.7.0.jar:/home/runner/.m2/repository/org/junit/platform/junit-platform-engine/1.7.0/junit-platform-engine-1.7.0.jar:/home/runner/.m2/repository/org/junit/vintage/junit-vintage-engine/5.7.0/junit-vintage-engine-5.7.0.jar:/home/runner/.m2/repository/org/junit/platform/junit-platform-launcher/1.7.0/junit-platform-launcher-1.7.0.jar:/home/runner/.m2/repository/org/mockito/mockito-core/2.28.2/mockito-core-2.28.2.jar:/home/runner/.m2/repository/net/bytebuddy/byte-buddy/1.9.10/byte-buddy-1.9.10.jar:/home/runner/.m2/repository/net/bytebuddy/byte-buddy-agent/1.9.10/byte-buddy-agent-1.9.10.jar:/home/runner/.m2/repository/org/objenesis/objenesis/1.0/objenesis-1.0.jar:/home/runner/.m2/repository/org/apache/hadoop/hadoop-kms/3.3.1/hadoop-kms-3.3.1.jar:/home/runner/.m2/repository/org/apache/hadoop/hadoop-auth/3.3.1/hadoop-auth-3.3.1.jar:/home/runner/.m2/repository/com/nimbusds/nimbus-jose-jwt/7.9/nimbus-jose-jwt-7.9.jar:/home/runner/.m2/repository/com/github/stephenc/jcip/jcip-annotations/1.0-1/jcip-annotations-1.0-1.jar:/home/runner/.m2/repository/net/minidev/json-smart/2.3.1/json-smart-2.3.1.jar:/home/runner/.m2/repository/net/minidev/accessors-smart/2.3.1/accessors-smart-2.3.1.jar:/home/runner/.m2/repository/org/ow2/asm/asm/5.0.4/asm-5.0.4.jar:/home/runner/.m2/repository/org/apache/zookeeper/zookeeper/3.5.6/zookeeper-3.5.6.jar:/home/runner/.m2/repository/org/apache/zookeeper/zookeeper-jute/3.5.6/zookeeper-jute-3.5.6.jar:/home/runner/.m2/repository/org/apache/yetus/audience-annotations/0.5.0/audience-annotations-0.5.0.jar:/home/runner/.m2/repository/org/apache/curator/curator-framework/4.2.0/curator-framework-4.2.0.jar:/home/runner/.m2/repository/org/apache/hadoop/thirdparty/hadoop-shaded-guava/1.1.1/hadoop-shaded-guava-1.1.1.jar:/home/runner/.m2/repository/com/sun/jersey/jersey-core/1.19/jersey-core-1.19.jar:/home/runner/.m2/repository/javax/ws/rs/jsr311-api/1.1.1/jsr311-api-1.1.1.jar:/home/runner/.m2/repository/com/sun/jersey/jersey-server/1.19/jersey-server-1.19.jar:/home/runner/.m2/repository/javax/servlet/javax.servlet-api/3.1.0/javax.servlet-api-3.1.0.jar:/home/runner/.m2/repository/org/eclipse/jetty/jetty-server/9.4.43.v20210629/jetty-server-9.4.43.v20210629.jar:/home/runner/.m2/repository/org/eclipse/jetty/jetty-http/9.4.43.v20210629/jetty-http-9.4.43.v20210629.jar:/home/runner/.m2/repository/org/eclipse/jetty/jetty-io/9.4.43.v20210629/jetty-io-9.4.43.v20210629.jar:/home/runner/.m2/repository/org/eclipse/jetty/jetty-webapp/9.4.43.v20210629/jetty-webapp-9.4.43.v20210629.jar:/home/runner/.m2/repository/org/eclipse/jetty/jetty-xml/9.4.43.v20210629/jetty-xml-9.4.43.v20210629.jar:/home/runner/.m2/repository/org/apache/hadoop/hadoop-common/3.3.1/hadoop-common-3.3.1.jar:/home/runner/.m2/repository/org/apache/commons/commons-math3/3.1.1/commons-math3-3.1.1.jar:/home/runner/.m2/repository/commons-net/commons-net/3.6/commons-net-3.6.jar:/home/runner/.m2/repository/jakarta/activation/jakarta.activation-api/1.2.1/jakarta.activation-api-1.2.1.jar:/home/runner/.m2/repository/com/sun/jersey/jersey-servlet/1.19/jersey-servlet-1.19.jar:/home/runner/.m2/repository/com/sun/jersey/jersey-json/1.19/jersey-json-1.19.jar:/home/runner/.m2/repository/org/codehaus/jettison/jettison/1.1/jettison-1.1.jar:/home/runner/.m2/repository/com/sun/xml/bind/jaxb-impl/2.2.3-1/jaxb-impl-2.2.3-1.jar:/home/runner/.m2/repository/org/codehaus/jackson/jackson-jaxrs/1.9.2/jackson-jaxrs-1.9.2.jar:/home/runner/.m2/repository/org/codehaus/jackson/jackson-xc/1.9.2/jackson-xc-1.9.2.jar:/home/runner/.m2/repository/org/apache/commons/commons-configuration2/2.1.1/commons-configuration2-2.1.1.jar:/home/runner/.m2/repository/org/apache/commons/commons-text/1.4/commons-text-1.4.jar:/home/runner/.m2/repository/com/google/re2j/re2j/1.1/re2j-1.1.jar:/home/runner/.m2/repository/com/jcraft/jsch/0.1.54/jsch-0.1.54.jar:/home/runner/.m2/repository/org/apache/curator/curator-client/4.2.0/curator-client-4.2.0.jar:/home/runner/.m2/repository/org/apache/curator/curator-recipes/4.2.0/curator-recipes-4.2.0.jar:/home/runner/.m2/repository/org/apache/kerby/kerb-core/1.0.1/kerb-core-1.0.1.jar:/home/runner/.m2/repository/org/apache/kerby/kerby-pkix/1.0.1/kerby-pkix-1.0.1.jar:/home/runner/.m2/repository/org/apache/kerby/kerby-asn1/1.0.1/kerby-asn1-1.0.1.jar:/home/runner/.m2/repository/org/apache/kerby/kerby-util/1.0.1/kerby-util-1.0.1.jar:/home/runner/.m2/repository/dnsjava/dnsjava/2.1.7/dnsjava-2.1.7.jar:/home/runner/.m2/repository/org/xerial/snappy/snappy-java/1.1.8.2/snappy-java-1.1.8.2.jar:/home/runner/.m2/repository/org/slf4j/jul-to-slf4j/1.7.30/jul-to-slf4j-1.7.30.jar:/home/runner/.m2/repository/org/eclipse/jetty/jetty-util/9.4.43.v20210629/jetty-util-9.4.43.v20210629.jar:/home/runner/.m2/repository/com/fasterxml/jackson/core/jackson-databind/2.12.1/jackson-databind-2.12.1.jar:/home/runner/.m2/repository/org/apache/hadoop/hadoop-kms/3.3.1/hadoop-kms-3.3.1-tests.jar:/home/runner/.m2/repository/org/apache/ozone/hdds-server-scm/1.3.0-SNAPSHOT/hdds-server-scm-1.3.0-SNAPSHOT-tests.jar:/home/runner/.m2/repository/org/apache/ozone/hdds-container-service/1.3.0-SNAPSHOT/hdds-container-service-1.3.0-SNAPSHOT-tests.jar:/home/runner/.m2/repository/commons-codec/commons-codec/1.11/commons-codec-1.11.jar:/home/runner/.m2/repository/io/netty/netty-transport/4.1.63.Final/netty-transport-4.1.63.Final.jar:/home/runner/.m2/repository/io/netty/netty-resolver/4.1.63.Final/netty-resolver-4.1.63.Final.jar:/home/runner/.m2/repository/io/netty/netty-codec/4.1.63.Final/netty-codec-4.1.63.Final.jar:/home/runner/.m2/repository/io/netty/netty-handler/4.1.63.Final/netty-handler-4.1.63.Final.jar:/home/runner/.m2/repository/org/apache/ozone/hdds-hadoop-dependency-test/1.3.0-SNAPSHOT/hdds-hadoop-dependency-test-1.3.0-SNAPSHOT.jar:/home/runner/.m2/repository/org/apache/hadoop/hadoop-common/3.3.1/hadoop-common-3.3.1-tests.jar:/home/runner/.m2/repository/org/assertj/assertj-core/3.12.2/assertj-core-3.12.2.jar:/home/runner/.m2/repository/org/apache/hadoop/hadoop-hdfs/3.3.1/hadoop-hdfs-3.3.1-tests.jar:/home/runner/.m2/repository/org/eclipse/jetty/jetty-util-ajax/9.4.43.v20210629/jetty-util-ajax-9.4.43.v20210629.jar:/home/runner/.m2/repository/commons-daemon/commons-daemon/1.0.13/commons-daemon-1.0.13.jar:/home/runner/.m2/repository/io/netty/netty/3.10.6.Final/netty-3.10.6.Final.jar:/home/runner/.m2/repository/io/netty/netty-all/4.1.63.Final/netty-all-4.1.63.Final.jar:/home/runner/.m2/repository/org/apache/htrace/htrace-core4/4.1.0-incubating/htrace-core4-4.1.0-incubating.jar:/home/runner/.m2/repository/org/fusesource/leveldbjni/leveldbjni-all/1.8/leveldbjni-all-1.8.jar:/home/runner/.m2/repository/org/apache/hadoop/hadoop-distcp/3.3.1/hadoop-distcp-3.3.1.jar:/home/runner/.m2/repository/org/apache/hadoop/hadoop-mapreduce-client-jobclient/3.3.1/hadoop-mapreduce-client-jobclient-3.3.1.jar:/home/runner/.m2/repository/org/apache/hadoop/hadoop-mapreduce-client-common/3.3.1/hadoop-mapreduce-client-common-3.3.1.jar:/home/runner/.m2/repository/org/apache/hadoop/hadoop-yarn-common/3.3.1/hadoop-yarn-common-3.3.1.jar:/home/runner/.m2/repository/org/apache/hadoop/hadoop-yarn-api/3.3.1/hadoop-yarn-api-3.3.1.jar:/home/runner/.m2/repository/com/sun/jersey/jersey-client/1.19/jersey-client-1.19.jar:/home/runner/.m2/repository/com/sun/jersey/contribs/jersey-guice/1.19/jersey-guice-1.19.jar:/home/runner/.m2/repository/com/fasterxml/jackson/jaxrs/jackson-jaxrs-json-provider/2.12.1/jackson-jaxrs-json-provider-2.12.1.jar:/home/runner/.m2/repository/com/fasterxml/jackson/jaxrs/jackson-jaxrs-base/2.12.1/jackson-jaxrs-base-2.12.1.jar:/home/runner/.m2/repository/org/apache/hadoop/hadoop-yarn-client/3.3.1/hadoop-yarn-client-3.3.1.jar:/home/runner/.m2/repository/org/eclipse/jetty/websocket/websocket-client/9.4.40.v20210413/websocket-client-9.4.40.v20210413.jar:/home/runner/.m2/repository/org/eclipse/jetty/jetty-client/9.4.40.v20210413/jetty-client-9.4.40.v20210413.jar:/home/runner/.m2/repository/org/eclipse/jetty/websocket/websocket-common/9.4.40.v20210413/websocket-common-9.4.40.v20210413.jar:/home/runner/.m2/repository/org/eclipse/jetty/websocket/websocket-api/9.4.40.v20210413/websocket-api-9.4.40.v20210413.jar:/home/runner/.m2/repository/org/jline/jline/3.9.0/jline-3.9.0.jar:/home/runner/.m2/repository/org/apache/hadoop/hadoop-mapreduce-client-core/3.3.1/hadoop-mapreduce-client-core-3.3.1.jar:/home/runner/.m2/repository/org/apache/avro/avro/1.7.7/avro-1.7.7.jar:/home/runner/.m2/repository/org/codehaus/jackson/jackson-core-asl/1.9.13/jackson-core-asl-1.9.13.jar:/home/runner/.m2/repository/org/codehaus/jackson/jackson-mapper-asl/1.9.13/jackson-mapper-asl-1.9.13.jar:/home/runner/.m2/repository/com/thoughtworks/paranamer/paranamer/2.3/paranamer-2.3.jar:/home/runner/.m2/repository/org/apache/hadoop/hadoop-annotations/3.3.1/hadoop-annotations-3.3.1.jar:/usr/lib/jvm/temurin-8-jdk-amd64/jre/../lib/tools.jar:/home/runner/.m2/repository/org/apache/hadoop/hadoop-distcp/3.3.1/hadoop-distcp-3.3.1-tests.jar:/home/runner/.m2/repository/org/apache/ratis/ratis-common/2.2.0/ratis-common-2.2.0.jar:/home/runner/.m2/repository/org/apache/ratis/ratis-thirdparty-misc/0.7.0/ratis-thirdparty-misc-0.7.0.jar:/home/runner/.m2/repository/org/apache/ratis/ratis-proto/2.2.0/ratis-proto-2.2.0.jar:"/>
    <property name="sun.cpu.endian" value="little"/>
    <property name="user.home" value="/home/runner"/>
    <property name="user.language" value="en"/>
    <property name="java.specification.vendor" value="Oracle Corporation"/>
    <property name="java.home" value="/usr/lib/jvm/temurin-8-jdk-amd64/jre"/>
    <property name="java.security.krb5.conf" value="/home/runner/work/ozone/ozone/hadoop-ozone/integration-test/target/test-classes/krb5.conf"/>
    <property name="basedir" value="/home/runner/work/ozone/ozone/hadoop-ozone/integration-test"/>
    <property name="file.separator" value="/"/>
    <property name="line.separator" value="&#10;"/>
    <property name="java.vm.specification.vendor" value="Oracle Corporation"/>
    <property name="java.specification.name" value="Java Platform API Specification"/>
    <property name="java.awt.graphicsenv" value="sun.awt.X11GraphicsEnvironment"/>
    <property name="skip.installnpx" value="true"/>
    <property name="surefire.real.class.path" value="/home/runner/work/ozone/ozone/hadoop-ozone/integration-test/target/surefire/surefirebooter7072940836237042187.jar:/home/runner/.m2/repository/org/jacoco/org.jacoco.agent/0.8.5/org.jacoco.agent-0.8.5-runtime.jar"/>
    <property name="hadoop.log.dir" value="/home/runner/work/ozone/ozone/hadoop-ozone/integration-test/target/log"/>
    <property name="sun.boot.class.path" value="/usr/lib/jvm/temurin-8-jdk-amd64/jre/lib/resources.jar:/usr/lib/jvm/temurin-8-jdk-amd64/jre/lib/rt.jar:/usr/lib/jvm/temurin-8-jdk-amd64/jre/lib/sunrsasign.jar:/usr/lib/jvm/temurin-8-jdk-amd64/jre/lib/jsse.jar:/usr/lib/jvm/temurin-8-jdk-amd64/jre/lib/jce.jar:/usr/lib/jvm/temurin-8-jdk-amd64/jre/lib/charsets.jar:/usr/lib/jvm/temurin-8-jdk-amd64/jre/lib/jfr.jar:/usr/lib/jvm/temurin-8-jdk-amd64/jre/classes"/>
    <property name="sun.management.compiler" value="HotSpot 64-Bit Tiered Compilers"/>
    <property name="skip.npx" value="true"/>
    <property name="java.runtime.version" value="1.8.0_312-b07"/>
    <property name="java.net.preferIPv4Stack" value="true"/>
    <property name="user.name" value="runner"/>
    <property name="path.separator" value=":"/>
    <property name="java.security.egd" value="file:///dev/urandom"/>
    <property name="os.version" value="5.4.0-1068-azure"/>
    <property name="java.endorsed.dirs" value="/usr/lib/jvm/temurin-8-jdk-amd64/jre/lib/endorsed"/>
    <property name="java.runtime.name" value="OpenJDK Runtime Environment"/>
    <property name="file.encoding" value="UTF-8"/>
    <property name="java.vm.name" value="OpenJDK 64-Bit Server VM"/>
    <property name="test.build.webapps" value=""/>
    <property name="localRepository" value="/home/runner/.m2/repository"/>
    <property name="java.vendor.url.bug" value="https://github.com/adoptium/adoptium-support/issues"/>
    <property name="java.io.tmpdir" value="/tmp"/>
    <property name="require.test.libhadoop" value=""/>
    <property name="java.version" value="1.8.0_312"/>
    <property name="user.dir" value="/home/runner/work/ozone/ozone/hadoop-ozone/integration-test"/>
    <property name="os.arch" value="amd64"/>
    <property name="java.vm.specification.name" value="Java Virtual Machine Specification"/>
    <property name="test.build.classes" value="/home/runner/work/ozone/ozone/hadoop-ozone/integration-test/target/test-classes"/>
    <property name="java.awt.printerjob" value="sun.print.PSPrinterJob"/>
    <property name="sun.os.patch.level" value="unknown"/>
    <property name="hadoop.tmp.dir" value="/home/runner/work/ozone/ozone/hadoop-ozone/integration-test/target/tmp"/>
    <property name="java.library.path" value="/usr/java/packages/lib/amd64:/usr/lib64:/lib64:/lib:/usr/lib"/>
    <property name="java.vm.info" value="mixed mode"/>
    <property name="java.vendor" value="Temurin"/>
    <property name="java.vm.version" value="25.312-b07"/>
    <property name="java.ext.dirs" value="/usr/lib/jvm/temurin-8-jdk-amd64/jre/lib/ext:/usr/java/packages/lib/ext"/>
    <property name="sun.io.unicode.encoding" value="UnicodeLittle"/>
    <property name="java.class.version" value="52.0"/>
  </properties>
  <testcase name="testPrepareFailsWhenTwoOmsAreDown" classname="org.apache.hadoop.ozone.om.TestOzoneManagerPrepare" time="0">
    <skipped message="Saving on CI time since this is a pessimistic test. We should not be able to do anything with 2 OMs down."/>
    <system-out><![CDATA[2022-02-09 14:04:28,329 [main] WARN  server.ServerUtils (ServerUtils.java:getScmDbDir(148)) - ozone.scm.db.dirs is not configured. We recommend adding this setting. Falling back to ozone.metadata.dirs instead.
2022-02-09 14:04:28,380 [main] INFO  ha.SCMHANodeDetails (SCMHANodeDetails.java:loadSCMHAConfig(157)) - ServiceID for StorageContainerManager is null
2022-02-09 14:04:28,381 [main] INFO  ha.SCMHANodeDetails (SCMHANodeDetails.java:loadSCMHAConfig(162)) - ozone.scm.default.service.id is not defined, falling back to ozone.scm.service.ids to find serviceID for StorageContainerManager if it is HA enabled cluster
2022-02-09 14:04:28,553 [main] INFO  server.RaftServer (ConfUtils.java:logGet(44)) - raft.rpc.type = GRPC (default)
2022-02-09 14:04:28,647 [main] INFO  grpc.GrpcFactory (GrpcFactory.java:checkPooledByteBufAllocatorUseCacheForAllThreads(48)) - PERFORMANCE WARNING: useCacheForAllThreads is true that may cause Netty to create a lot garbage objects and, as a result, trigger GC.
	It is recommended to disable useCacheForAllThreads by setting -Dorg.apache.ratis.thirdparty.io.netty.allocator.useCacheForAllThreads=false in command line.
2022-02-09 14:04:28,652 [main] INFO  grpc.GrpcConfigKeys (ConfUtils.java:logGet(44)) - raft.grpc.admin.port = -1 (default)
2022-02-09 14:04:28,653 [main] INFO  grpc.GrpcConfigKeys (ConfUtils.java:logGet(44)) - raft.grpc.server.port = 9894 (custom)
2022-02-09 14:04:28,654 [main] INFO  grpc.GrpcConfigKeys (ConfUtils.java:logGet(44)) - raft.grpc.client.port = -1 (default)
2022-02-09 14:04:28,655 [main] INFO  grpc.GrpcConfigKeys (ConfUtils.java:logGet(44)) - raft.grpc.server.port = 9894 (custom)
2022-02-09 14:04:28,655 [main] INFO  grpc.GrpcConfigKeys (ConfUtils.java:logGet(44)) - raft.grpc.server.port = 9894 (custom)
2022-02-09 14:04:28,656 [main] INFO  server.GrpcService (ConfUtils.java:logGet(44)) - raft.grpc.message.size.max = 32m (=33554432) (custom)
2022-02-09 14:04:28,658 [main] INFO  server.RaftServerConfigKeys (ConfUtils.java:logGet(44)) - raft.server.log.appender.buffer.byte-limit = 33554432 (custom)
2022-02-09 14:04:28,659 [main] INFO  server.GrpcService (ConfUtils.java:logGet(44)) - raft.grpc.flow.control.window = 1MB (=1048576) (default)
2022-02-09 14:04:28,660 [main] INFO  server.RaftServerConfigKeys (ConfUtils.java:logGet(44)) - raft.server.rpc.request.timeout = 30000ms (custom)
2022-02-09 14:04:29,053 [main] INFO  impl.DataStreamServerImpl (ConfUtils.java:logGet(44)) - raft.datastream.type = DISABLED (default)
2022-02-09 14:04:29,055 [main] INFO  server.RaftServerConfigKeys (ConfUtils.java:logGet(44)) - raft.server.rpc.slowness.timeout = 120000ms (custom)
2022-02-09 14:04:29,057 [main] INFO  server.RaftServerConfigKeys (ConfUtils.java:logGet(44)) - raft.server.leaderelection.leader.step-down.wait-time = 10s (default)
2022-02-09 14:04:29,074 [main] INFO  server.RaftServerConfigKeys (ConfUtils.java:logGet(44)) - raft.server.storage.dir = [/home/runner/work/ozone/ozone/hadoop-ozone/integration-test/target/test-dir/MiniOzoneClusterImpl-9c41f9ea-08a3-4502-a72d-bbb1f5427d0a/ozone-meta/scm-ha] (custom)
2022-02-09 14:04:29,081 [main] INFO  server.RaftServer (RaftServerProxy.java:addNew(95)) - 698ab2d5-378d-457a-8e5f-fab21942cead: addNew group-BBB1F5427D0A:[698ab2d5-378d-457a-8e5f-fab21942cead|rpc:fv-az270-916:9894|priority:0] returns group-BBB1F5427D0A:java.util.concurrent.CompletableFuture@26f7cdf8[Not completed]
2022-02-09 14:04:29,103 [pool-1-thread-1] INFO  server.RaftServer$Division (RaftServerImpl.java:<init>(184)) - 698ab2d5-378d-457a-8e5f-fab21942cead: new RaftServerImpl for group-BBB1F5427D0A:[698ab2d5-378d-457a-8e5f-fab21942cead|rpc:fv-az270-916:9894|priority:0] with SCMStateMachine:uninitialized
2022-02-09 14:04:29,105 [pool-1-thread-1] INFO  server.RaftServerConfigKeys (ConfUtils.java:logGet(44)) - raft.server.rpc.timeout.min = 5000ms (custom)
2022-02-09 14:04:29,106 [pool-1-thread-1] INFO  server.RaftServerConfigKeys (ConfUtils.java:logGet(44)) - raft.server.rpc.timeout.max = 5200ms (custom)
2022-02-09 14:04:29,106 [pool-1-thread-1] INFO  server.RaftServerConfigKeys (ConfUtils.java:logGet(44)) - raft.server.rpc.sleep.time = 25ms (default)
2022-02-09 14:04:29,106 [pool-1-thread-1] INFO  server.RaftServerConfigKeys (ConfUtils.java:logGet(44)) - raft.server.rpc.slowness.timeout = 120000ms (custom)
2022-02-09 14:04:29,106 [pool-1-thread-1] INFO  server.RaftServerConfigKeys (ConfUtils.java:logGet(44)) - raft.server.leaderelection.leader.step-down.wait-time = 10s (default)
2022-02-09 14:04:29,106 [pool-1-thread-1] INFO  server.RaftServerConfigKeys (ConfUtils.java:logGet(44)) - raft.server.sleep.deviation.threshold = 300ms (default)
2022-02-09 14:04:29,107 [pool-1-thread-1] INFO  server.RaftServerConfigKeys (ConfUtils.java:logGet(44)) - raft.server.log.appender.install.snapshot.enabled = false (custom)
2022-02-09 14:04:29,113 [pool-1-thread-1] INFO  server.RaftServer$Division (ServerState.java:<init>(105)) - 698ab2d5-378d-457a-8e5f-fab21942cead@group-BBB1F5427D0A: ConfigurationManager, init=-1: [698ab2d5-378d-457a-8e5f-fab21942cead|rpc:fv-az270-916:9894|priority:0], old=null, confs=<EMPTY_MAP>
2022-02-09 14:04:29,113 [pool-1-thread-1] INFO  server.RaftServerConfigKeys (ConfUtils.java:logGet(44)) - raft.server.storage.dir = [/home/runner/work/ozone/ozone/hadoop-ozone/integration-test/target/test-dir/MiniOzoneClusterImpl-9c41f9ea-08a3-4502-a72d-bbb1f5427d0a/ozone-meta/scm-ha] (custom)
2022-02-09 14:04:29,118 [pool-1-thread-1] INFO  server.RaftServerConfigKeys (ConfUtils.java:logGet(44)) - raft.server.log.corruption.policy = EXCEPTION (default)
2022-02-09 14:04:29,119 [pool-1-thread-1] INFO  server.RaftServerConfigKeys (ConfUtils.java:logGet(44)) - raft.server.storage.free-space.min = 0MB (=0) (default)
2022-02-09 14:04:29,120 [pool-1-thread-1] INFO  storage.RaftStorageDirectory (RaftStorageDirectoryImpl.java:analyzeStorage(135)) - The storage directory /home/runner/work/ozone/ozone/hadoop-ozone/integration-test/target/test-dir/MiniOzoneClusterImpl-9c41f9ea-08a3-4502-a72d-bbb1f5427d0a/ozone-meta/scm-ha/9c41f9ea-08a3-4502-a72d-bbb1f5427d0a does not exist. Creating ...
2022-02-09 14:04:29,125 [pool-1-thread-1] INFO  storage.RaftStorageDirectory (RaftStorageDirectoryImpl.java:tryLock(230)) - Lock on /home/runner/work/ozone/ozone/hadoop-ozone/integration-test/target/test-dir/MiniOzoneClusterImpl-9c41f9ea-08a3-4502-a72d-bbb1f5427d0a/ozone-meta/scm-ha/9c41f9ea-08a3-4502-a72d-bbb1f5427d0a/in_use.lock acquired by nodename 1691@fv-az270-916
2022-02-09 14:04:29,132 [pool-1-thread-1] INFO  storage.RaftStorage (RaftStorageImpl.java:format(89)) - Storage directory /home/runner/work/ozone/ozone/hadoop-ozone/integration-test/target/test-dir/MiniOzoneClusterImpl-9c41f9ea-08a3-4502-a72d-bbb1f5427d0a/ozone-meta/scm-ha/9c41f9ea-08a3-4502-a72d-bbb1f5427d0a has been successfully formatted.
2022-02-09 14:04:29,135 [pool-1-thread-1] INFO  server.RaftServerConfigKeys (ConfUtils.java:logGet(44)) - raft.server.notification.no-leader.timeout = 60s (default)
2022-02-09 14:04:29,137 [pool-1-thread-1] INFO  server.RaftServerConfigKeys (ConfUtils.java:logGet(44)) - raft.server.log.use.memory = false (default)
2022-02-09 14:04:29,146 [pool-1-thread-1] INFO  server.RaftServerConfigKeys (ConfUtils.java:logGet(44)) - raft.server.log.purge.gap = 1000000 (custom)
2022-02-09 14:04:29,146 [pool-1-thread-1] INFO  server.RaftServerConfigKeys (ConfUtils.java:logGet(44)) - raft.server.log.appender.buffer.byte-limit = 33554432 (custom)
2022-02-09 14:04:29,155 [pool-1-thread-1] INFO  metrics.MetricRegistries (MetricRegistriesLoader.java:load(64)) - Loaded MetricRegistries class org.apache.ratis.metrics.impl.MetricRegistriesImpl
2022-02-09 14:04:29,222 [pool-1-thread-1] INFO  server.RaftServerConfigKeys (ConfUtils.java:logGet(44)) - raft.server.log.segment.size.max = 4194304 (custom)
2022-02-09 14:04:29,233 [pool-1-thread-1] INFO  server.RaftServerConfigKeys (ConfUtils.java:logGet(44)) - raft.server.log.segment.cache.num.max = 2 (custom)
2022-02-09 14:04:29,234 [pool-1-thread-1] INFO  server.RaftServerConfigKeys (ConfUtils.java:logGet(44)) - raft.server.log.segment.cache.size.max = 200MB (=209715200) (default)
2022-02-09 14:04:29,241 [pool-1-thread-1] INFO  segmented.SegmentedRaftLogWorker (SegmentedRaftLogWorker.java:<init>(182)) - new 698ab2d5-378d-457a-8e5f-fab21942cead@group-BBB1F5427D0A-SegmentedRaftLogWorker for RaftStorageImpl:Storage Directory /home/runner/work/ozone/ozone/hadoop-ozone/integration-test/target/test-dir/MiniOzoneClusterImpl-9c41f9ea-08a3-4502-a72d-bbb1f5427d0a/ozone-meta/scm-ha/9c41f9ea-08a3-4502-a72d-bbb1f5427d0a
2022-02-09 14:04:29,242 [pool-1-thread-1] INFO  server.RaftServerConfigKeys (ConfUtils.java:logGet(44)) - raft.server.log.queue.byte-limit = 64MB (=67108864) (default)
2022-02-09 14:04:29,242 [pool-1-thread-1] INFO  server.RaftServerConfigKeys (ConfUtils.java:logGet(44)) - raft.server.log.queue.element-limit = 4096 (default)
2022-02-09 14:04:29,243 [pool-1-thread-1] INFO  server.RaftServerConfigKeys (ConfUtils.java:logGet(44)) - raft.server.log.segment.size.max = 4194304 (custom)
2022-02-09 14:04:29,244 [pool-1-thread-1] INFO  server.RaftServerConfigKeys (ConfUtils.java:logGet(44)) - raft.server.log.preallocated.size = 4194304 (custom)
2022-02-09 14:04:29,244 [pool-1-thread-1] INFO  server.RaftServerConfigKeys (ConfUtils.java:logGet(44)) - raft.server.log.force.sync.num = 128 (default)
2022-02-09 14:04:29,246 [pool-1-thread-1] INFO  server.RaftServerConfigKeys (ConfUtils.java:logGet(44)) - raft.server.log.statemachine.data.sync = true (default)
2022-02-09 14:04:29,246 [pool-1-thread-1] INFO  server.RaftServerConfigKeys (ConfUtils.java:logGet(44)) - raft.server.log.statemachine.data.sync.timeout = 10s (default)
2022-02-09 14:04:29,246 [pool-1-thread-1] INFO  server.RaftServerConfigKeys (ConfUtils.java:logGet(44)) - raft.server.log.statemachine.data.sync.timeout.retry = -1 (default)
2022-02-09 14:04:29,259 [pool-1-thread-1] INFO  server.RaftServerConfigKeys (ConfUtils.java:logGet(44)) - raft.server.log.write.buffer.size = 64KB (=65536) (default)
2022-02-09 14:04:29,260 [pool-1-thread-1] INFO  server.RaftServerConfigKeys (ConfUtils.java:logGet(44)) - raft.server.log.statemachine.data.caching.enabled = false (default)
2022-02-09 14:04:29,268 [pool-1-thread-1] INFO  segmented.SegmentedRaftLogWorker (SegmentedRaftLogWorker.java:lambda$new$0(133)) - 698ab2d5-378d-457a-8e5f-fab21942cead@group-BBB1F5427D0A-SegmentedRaftLogWorker: flushIndex: setUnconditionally 0 -> -1
2022-02-09 14:04:29,268 [pool-1-thread-1] INFO  segmented.SegmentedRaftLogWorker (SegmentedRaftLogWorker.java:lambda$new$0(133)) - 698ab2d5-378d-457a-8e5f-fab21942cead@group-BBB1F5427D0A-SegmentedRaftLogWorker: safeCacheEvictIndex: setUnconditionally 0 -> -1
2022-02-09 14:04:29,274 [pool-1-thread-1] INFO  server.RaftServerConfigKeys (ConfUtils.java:logGet(44)) - raft.server.snapshot.auto.trigger.enabled = true (custom)
2022-02-09 14:04:29,274 [pool-1-thread-1] INFO  server.RaftServerConfigKeys (ConfUtils.java:logGet(44)) - raft.server.snapshot.auto.trigger.threshold = 1000 (custom)
2022-02-09 14:04:29,275 [pool-1-thread-1] INFO  server.RaftServerConfigKeys (ConfUtils.java:logGet(44)) - raft.server.snapshot.retention.file.num = -1 (default)
2022-02-09 14:04:29,276 [pool-1-thread-1] INFO  server.RaftServerConfigKeys (ConfUtils.java:logGet(44)) - raft.server.log.purge.upto.snapshot.index = false (default)
2022-02-09 14:04:29,277 [pool-1-thread-1] INFO  server.RaftServerConfigKeys (ConfUtils.java:logGet(44)) - raft.server.retrycache.expirytime = 60000ms (default)
2022-02-09 14:04:29,277 [pool-1-thread-1] INFO  server.RaftServerConfigKeys (ConfUtils.java:logGet(44)) - raft.server.retrycache.statistics.expirytime = 100μs (default)
2022-02-09 14:04:29,323 [main] INFO  server.RaftServer$Division (RaftServerImpl.java:start(301)) - 698ab2d5-378d-457a-8e5f-fab21942cead@group-BBB1F5427D0A: start as a follower, conf=-1: [698ab2d5-378d-457a-8e5f-fab21942cead|rpc:fv-az270-916:9894|priority:0], old=null
2022-02-09 14:04:29,325 [main] INFO  server.RaftServer$Division (RaftServerImpl.java:setRole(290)) - 698ab2d5-378d-457a-8e5f-fab21942cead@group-BBB1F5427D0A: changes role from      null to FOLLOWER at term 0 for startAsFollower
2022-02-09 14:04:29,326 [main] INFO  impl.RoleInfo (RoleInfo.java:updateAndGet(130)) - 698ab2d5-378d-457a-8e5f-fab21942cead: start 698ab2d5-378d-457a-8e5f-fab21942cead@group-BBB1F5427D0A-FollowerState
2022-02-09 14:04:29,328 [main] INFO  util.JmxRegister (JmxRegister.java:tryRegister(44)) - Successfully registered JMX Bean with object name Ratis:service=RaftServer,group=group-BBB1F5427D0A,id=698ab2d5-378d-457a-8e5f-fab21942cead
2022-02-09 14:04:29,332 [main] INFO  server.RaftServer (RaftServerProxy.java:lambda$start$5(374)) - 698ab2d5-378d-457a-8e5f-fab21942cead: start RPC server
2022-02-09 14:04:29,402 [main] INFO  server.GrpcService (GrpcService.java:startImpl(253)) - 698ab2d5-378d-457a-8e5f-fab21942cead: GrpcService started, listening on 9894
2022-02-09 14:04:29,406 [org.apache.ratis.util.JvmPauseMonitor$$Lambda$422/1400671358@7308ffff] INFO  util.JvmPauseMonitor (JvmPauseMonitor.java:run(103)) - JvmPauseMonitor-698ab2d5-378d-457a-8e5f-fab21942cead: Started
2022-02-09 14:04:34,517 [698ab2d5-378d-457a-8e5f-fab21942cead@group-BBB1F5427D0A-FollowerState] INFO  impl.FollowerState (FollowerState.java:run(134)) - 698ab2d5-378d-457a-8e5f-fab21942cead@group-BBB1F5427D0A-FollowerState: change to CANDIDATE, lastRpcElapsedTime:5191372732ns, electionTimeout:5189ms
2022-02-09 14:04:34,519 [698ab2d5-378d-457a-8e5f-fab21942cead@group-BBB1F5427D0A-FollowerState] INFO  impl.RoleInfo (RoleInfo.java:shutdownFollowerState(108)) - 698ab2d5-378d-457a-8e5f-fab21942cead: shutdown 698ab2d5-378d-457a-8e5f-fab21942cead@group-BBB1F5427D0A-FollowerState
2022-02-09 14:04:34,519 [698ab2d5-378d-457a-8e5f-fab21942cead@group-BBB1F5427D0A-FollowerState] INFO  server.RaftServer$Division (RaftServerImpl.java:setRole(290)) - 698ab2d5-378d-457a-8e5f-fab21942cead@group-BBB1F5427D0A: changes role from  FOLLOWER to CANDIDATE at term 0 for changeToCandidate
2022-02-09 14:04:34,524 [698ab2d5-378d-457a-8e5f-fab21942cead@group-BBB1F5427D0A-FollowerState] INFO  server.RaftServerConfigKeys (ConfUtils.java:logGet(44)) - raft.server.leaderelection.pre-vote = false (custom)
2022-02-09 14:04:34,524 [698ab2d5-378d-457a-8e5f-fab21942cead@group-BBB1F5427D0A-FollowerState] INFO  impl.RoleInfo (RoleInfo.java:updateAndGet(130)) - 698ab2d5-378d-457a-8e5f-fab21942cead: start 698ab2d5-378d-457a-8e5f-fab21942cead@group-BBB1F5427D0A-LeaderElection1
2022-02-09 14:04:34,528 [698ab2d5-378d-457a-8e5f-fab21942cead@group-BBB1F5427D0A-LeaderElection1] INFO  impl.LeaderElection (LeaderElection.java:askForVotes(306)) - 698ab2d5-378d-457a-8e5f-fab21942cead@group-BBB1F5427D0A-LeaderElection1 ELECTION round 0: submit vote requests at term 1 for -1: [698ab2d5-378d-457a-8e5f-fab21942cead|rpc:fv-az270-916:9894|priority:0], old=null
2022-02-09 14:04:34,529 [698ab2d5-378d-457a-8e5f-fab21942cead@group-BBB1F5427D0A-LeaderElection1] INFO  impl.LeaderElection (LeaderElection.java:askForVotes(308)) - 698ab2d5-378d-457a-8e5f-fab21942cead@group-BBB1F5427D0A-LeaderElection1 ELECTION round 0: result PASSED (term=1)
2022-02-09 14:04:34,530 [698ab2d5-378d-457a-8e5f-fab21942cead@group-BBB1F5427D0A-LeaderElection1] INFO  impl.RoleInfo (RoleInfo.java:shutdownLeaderElection(121)) - 698ab2d5-378d-457a-8e5f-fab21942cead: shutdown 698ab2d5-378d-457a-8e5f-fab21942cead@group-BBB1F5427D0A-LeaderElection1
2022-02-09 14:04:34,530 [698ab2d5-378d-457a-8e5f-fab21942cead@group-BBB1F5427D0A-LeaderElection1] INFO  server.RaftServer$Division (RaftServerImpl.java:setRole(290)) - 698ab2d5-378d-457a-8e5f-fab21942cead@group-BBB1F5427D0A: changes role from CANDIDATE to LEADER at term 1 for changeToLeader
2022-02-09 14:04:34,531 [698ab2d5-378d-457a-8e5f-fab21942cead@group-BBB1F5427D0A-LeaderElection1] INFO  server.RaftServer$Division (ServerState.java:setLeader(285)) - 698ab2d5-378d-457a-8e5f-fab21942cead@group-BBB1F5427D0A: change Leader from null to 698ab2d5-378d-457a-8e5f-fab21942cead at term 1 for becomeLeader, leader elected after 5395ms
2022-02-09 14:04:34,538 [698ab2d5-378d-457a-8e5f-fab21942cead@group-BBB1F5427D0A-LeaderElection1] INFO  server.RaftServerConfigKeys (ConfUtils.java:logGet(44)) - raft.server.staging.catchup.gap = 1000 (default)
2022-02-09 14:04:34,543 [698ab2d5-378d-457a-8e5f-fab21942cead@group-BBB1F5427D0A-LeaderElection1] INFO  server.RaftServerConfigKeys (ConfUtils.java:logGet(44)) - raft.server.write.element-limit = 4096 (default)
2022-02-09 14:04:34,543 [698ab2d5-378d-457a-8e5f-fab21942cead@group-BBB1F5427D0A-LeaderElection1] INFO  server.RaftServerConfigKeys (ConfUtils.java:logGet(44)) - raft.server.write.byte-limit = 64MB (=67108864) (default)
2022-02-09 14:04:34,553 [698ab2d5-378d-457a-8e5f-fab21942cead@group-BBB1F5427D0A-LeaderElection1] INFO  server.RaftServerConfigKeys (ConfUtils.java:logGet(44)) - raft.server.watch.timeout = 10s (default)
2022-02-09 14:04:34,553 [698ab2d5-378d-457a-8e5f-fab21942cead@group-BBB1F5427D0A-LeaderElection1] INFO  server.RaftServerConfigKeys (ConfUtils.java:logGet(44)) - raft.server.watch.timeout.denomination = 1s (default)
2022-02-09 14:04:34,554 [698ab2d5-378d-457a-8e5f-fab21942cead@group-BBB1F5427D0A-LeaderElection1] INFO  server.RaftServerConfigKeys (ConfUtils.java:logGet(44)) - raft.server.watch.element-limit = 65536 (default)
2022-02-09 14:04:34,559 [698ab2d5-378d-457a-8e5f-fab21942cead@group-BBB1F5427D0A-LeaderElection1] INFO  server.RaftServerConfigKeys (ConfUtils.java:logGet(44)) - raft.server.write.element-limit = 4096 (default)
2022-02-09 14:04:34,564 [698ab2d5-378d-457a-8e5f-fab21942cead@group-BBB1F5427D0A-LeaderElection1] INFO  server.RaftServerConfigKeys (ConfUtils.java:logGet(44)) - raft.server.write.follower.gap.ratio.max = -1.0 (default)
2022-02-09 14:04:34,567 [698ab2d5-378d-457a-8e5f-fab21942cead@group-BBB1F5427D0A-LeaderElection1] INFO  impl.RoleInfo (RoleInfo.java:updateAndGet(130)) - 698ab2d5-378d-457a-8e5f-fab21942cead: start 698ab2d5-378d-457a-8e5f-fab21942cead@group-BBB1F5427D0A-LeaderStateImpl
2022-02-09 14:04:34,595 [698ab2d5-378d-457a-8e5f-fab21942cead@group-BBB1F5427D0A-LeaderElection1] INFO  segmented.SegmentedRaftLogWorker (SegmentedRaftLogWorker.java:startLogSegment(394)) - 698ab2d5-378d-457a-8e5f-fab21942cead@group-BBB1F5427D0A-SegmentedRaftLogWorker: Starting segment from index:0
2022-02-09 14:04:34,654 [698ab2d5-378d-457a-8e5f-fab21942cead@group-BBB1F5427D0A-LeaderElection1] INFO  server.RaftServer$Division (ServerState.java:setRaftConf(387)) - 698ab2d5-378d-457a-8e5f-fab21942cead@group-BBB1F5427D0A: set configuration 0: [698ab2d5-378d-457a-8e5f-fab21942cead|rpc:fv-az270-916:9894|admin:|client:|dataStream:|priority:0], old=null
2022-02-09 14:04:34,723 [698ab2d5-378d-457a-8e5f-fab21942cead@group-BBB1F5427D0A-SegmentedRaftLogWorker] INFO  segmented.SegmentedRaftLogWorker (SegmentedRaftLogWorker.java:execute(601)) - 698ab2d5-378d-457a-8e5f-fab21942cead@group-BBB1F5427D0A-SegmentedRaftLogWorker: created new log segment /home/runner/work/ozone/ozone/hadoop-ozone/integration-test/target/test-dir/MiniOzoneClusterImpl-9c41f9ea-08a3-4502-a72d-bbb1f5427d0a/ozone-meta/scm-ha/9c41f9ea-08a3-4502-a72d-bbb1f5427d0a/current/log_inprogress_0
2022-02-09 14:04:35,408 [main] INFO  server.RaftServer (RaftServerProxy.java:lambda$close$6(391)) - 698ab2d5-378d-457a-8e5f-fab21942cead: close
2022-02-09 14:04:35,409 [main] INFO  server.RaftServer$Division (RaftServerImpl.java:lambda$close$4(412)) - 698ab2d5-378d-457a-8e5f-fab21942cead@group-BBB1F5427D0A: shutdown
2022-02-09 14:04:35,410 [main] INFO  util.JmxRegister (JmxRegister.java:unregister(73)) - Successfully un-registered JMX Bean with object name Ratis:service=RaftServer,group=group-BBB1F5427D0A,id=698ab2d5-378d-457a-8e5f-fab21942cead
2022-02-09 14:04:35,410 [main] INFO  impl.RoleInfo (RoleInfo.java:shutdownLeaderState(91)) - 698ab2d5-378d-457a-8e5f-fab21942cead: shutdown 698ab2d5-378d-457a-8e5f-fab21942cead@group-BBB1F5427D0A-LeaderStateImpl
2022-02-09 14:04:35,417 [main] INFO  impl.PendingRequests (PendingRequests.java:sendNotLeaderResponses(282)) - 698ab2d5-378d-457a-8e5f-fab21942cead@group-BBB1F5427D0A-PendingRequests: sendNotLeaderResponses
2022-02-09 14:04:35,420 [main] INFO  impl.StateMachineUpdater (StateMachineUpdater.java:stopAndJoin(149)) - 698ab2d5-378d-457a-8e5f-fab21942cead@group-BBB1F5427D0A-StateMachineUpdater: set stopIndex = 0
2022-02-09 14:04:35,420 [698ab2d5-378d-457a-8e5f-fab21942cead@group-BBB1F5427D0A-StateMachineUpdater] INFO  impl.StateMachineUpdater (StateMachineUpdater.java:takeSnapshot(281)) - 698ab2d5-378d-457a-8e5f-fab21942cead@group-BBB1F5427D0A-StateMachineUpdater: Took a snapshot at index 0
2022-02-09 14:04:35,421 [698ab2d5-378d-457a-8e5f-fab21942cead@group-BBB1F5427D0A-StateMachineUpdater] INFO  impl.StateMachineUpdater (StateMachineUpdater.java:lambda$new$0(89)) - 698ab2d5-378d-457a-8e5f-fab21942cead@group-BBB1F5427D0A-StateMachineUpdater: snapshotIndex: updateIncreasingly -1 -> 0
2022-02-09 14:04:35,424 [main] INFO  server.RaftServer$Division (ServerState.java:close(419)) - 698ab2d5-378d-457a-8e5f-fab21942cead@group-BBB1F5427D0A: closes. applyIndex: 0
2022-02-09 14:04:35,425 [698ab2d5-378d-457a-8e5f-fab21942cead@group-BBB1F5427D0A-SegmentedRaftLogWorker] INFO  segmented.SegmentedRaftLogWorker (SegmentedRaftLogWorker.java:run(327)) - 698ab2d5-378d-457a-8e5f-fab21942cead@group-BBB1F5427D0A-SegmentedRaftLogWorker was interrupted, exiting. There are 0 tasks remaining in the queue.
2022-02-09 14:04:35,427 [main] INFO  segmented.SegmentedRaftLogWorker (SegmentedRaftLogWorker.java:close(237)) - 698ab2d5-378d-457a-8e5f-fab21942cead@group-BBB1F5427D0A-SegmentedRaftLogWorker close()
2022-02-09 14:04:35,428 [main] INFO  server.GrpcService (GrpcService.java:closeImpl(262)) - 698ab2d5-378d-457a-8e5f-fab21942cead: shutdown server with port 9894 now
2022-02-09 14:04:35,440 [main] INFO  server.GrpcService (GrpcService.java:closeImpl(271)) - 698ab2d5-378d-457a-8e5f-fab21942cead: shutdown server with port 9894 successfully
2022-02-09 14:04:35,440 [org.apache.ratis.util.JvmPauseMonitor$$Lambda$422/1400671358@7308ffff] INFO  util.JvmPauseMonitor (JvmPauseMonitor.java:run(109)) - JvmPauseMonitor-698ab2d5-378d-457a-8e5f-fab21942cead: Stopped
2022-02-09 14:04:35,469 [main] INFO  ha.SCMHANodeDetails (SCMHANodeDetails.java:loadSCMHAConfig(157)) - ServiceID for StorageContainerManager is null
2022-02-09 14:04:35,469 [main] INFO  ha.SCMHANodeDetails (SCMHANodeDetails.java:loadSCMHAConfig(162)) - ozone.scm.default.service.id is not defined, falling back to ozone.scm.service.ids to find serviceID for StorageContainerManager if it is HA enabled cluster
2022-02-09 14:04:35,493 [main] WARN  server.ServerUtils (ServerUtils.java:getScmDbDir(148)) - ozone.scm.db.dirs is not configured. We recommend adding this setting. Falling back to ozone.metadata.dirs instead.
2022-02-09 14:04:35,497 [main] INFO  upgrade.AbstractLayoutVersionManager (AbstractLayoutVersionManager.java:init(79)) - Initializing Layout version manager with metadata layout = SCM_HA (version = 2), software layout = SCM_HA (version = 2)
2022-02-09 14:04:35,648 [main] INFO  reflections.Reflections (Reflections.java:scan(232)) - Reflections took 124 ms to scan 7 urls, producing 119 keys and 279 values 
2022-02-09 14:04:36,107 [main] WARN  utils.HAUtils (HAUtils.java:getMetaDir(342)) - ozone.scm.db.dirs is not configured. We recommend adding this setting. Falling back to ozone.metadata.dirs instead.
2022-02-09 14:04:36,298 [main] WARN  db.DBStoreBuilder (DBStoreBuilder.java:applyDBDefinition(145)) - ozone.scm.db.dirs is not configured. We recommend adding this setting. Falling back to ozone.metadata.dirs instead.
2022-02-09 14:04:36,513 [main] INFO  net.NodeSchemaLoader (NodeSchemaLoader.java:loadSchemaFromFile(129)) - Loading schema from [jar:file:/home/runner/.m2/repository/org/apache/ozone/hdds-common/1.3.0-SNAPSHOT/hdds-common-1.3.0-SNAPSHOT.jar!/network-topology-default.xml]
2022-02-09 14:04:36,515 [main] INFO  net.NodeSchemaLoader (NodeSchemaLoader.java:loadSchema(176)) - Loading network topology layer schema file
2022-02-09 14:04:36,582 [main] INFO  ha.SCMRatisServerImpl (SCMRatisServerImpl.java:<init>(87)) - starting Raft server for scm:698ab2d5-378d-457a-8e5f-fab21942cead
2022-02-09 14:04:36,588 [main] INFO  server.RaftServer (ConfUtils.java:logGet(44)) - raft.rpc.type = GRPC (default)
2022-02-09 14:04:36,589 [main] INFO  grpc.GrpcFactory (GrpcFactory.java:checkPooledByteBufAllocatorUseCacheForAllThreads(48)) - PERFORMANCE WARNING: useCacheForAllThreads is true that may cause Netty to create a lot garbage objects and, as a result, trigger GC.
	It is recommended to disable useCacheForAllThreads by setting -Dorg.apache.ratis.thirdparty.io.netty.allocator.useCacheForAllThreads=false in command line.
2022-02-09 14:04:36,589 [main] INFO  grpc.GrpcConfigKeys (ConfUtils.java:logGet(44)) - raft.grpc.admin.port = -1 (default)
2022-02-09 14:04:36,589 [main] INFO  grpc.GrpcConfigKeys (ConfUtils.java:logGet(44)) - raft.grpc.server.port = 9894 (custom)
2022-02-09 14:04:36,589 [main] INFO  grpc.GrpcConfigKeys (ConfUtils.java:logGet(44)) - raft.grpc.client.port = -1 (default)
2022-02-09 14:04:36,590 [main] INFO  grpc.GrpcConfigKeys (ConfUtils.java:logGet(44)) - raft.grpc.server.port = 9894 (custom)
2022-02-09 14:04:36,591 [main] INFO  grpc.GrpcConfigKeys (ConfUtils.java:logGet(44)) - raft.grpc.server.port = 9894 (custom)
2022-02-09 14:04:36,591 [main] INFO  server.GrpcService (ConfUtils.java:logGet(44)) - raft.grpc.message.size.max = 32m (=33554432) (custom)
2022-02-09 14:04:36,591 [main] INFO  server.RaftServerConfigKeys (ConfUtils.java:logGet(44)) - raft.server.log.appender.buffer.byte-limit = 33554432 (custom)
2022-02-09 14:04:36,592 [main] INFO  server.GrpcService (ConfUtils.java:logGet(44)) - raft.grpc.flow.control.window = 1MB (=1048576) (default)
2022-02-09 14:04:36,592 [main] INFO  server.RaftServerConfigKeys (ConfUtils.java:logGet(44)) - raft.server.rpc.request.timeout = 30000ms (custom)
2022-02-09 14:04:36,597 [main] INFO  impl.DataStreamServerImpl (ConfUtils.java:logGet(44)) - raft.datastream.type = DISABLED (default)
2022-02-09 14:04:36,598 [main] INFO  server.RaftServerConfigKeys (ConfUtils.java:logGet(44)) - raft.server.rpc.slowness.timeout = 120000ms (custom)
2022-02-09 14:04:36,598 [main] INFO  server.RaftServerConfigKeys (ConfUtils.java:logGet(44)) - raft.server.leaderelection.leader.step-down.wait-time = 10s (default)
2022-02-09 14:04:36,600 [main] INFO  server.RaftServerConfigKeys (ConfUtils.java:logGet(44)) - raft.server.storage.dir = [/home/runner/work/ozone/ozone/hadoop-ozone/integration-test/target/test-dir/MiniOzoneClusterImpl-9c41f9ea-08a3-4502-a72d-bbb1f5427d0a/ozone-meta/scm-ha] (custom)
2022-02-09 14:04:36,600 [main] INFO  server.RaftServer (RaftServerProxy.java:lambda$null$1(235)) - 698ab2d5-378d-457a-8e5f-fab21942cead: found a subdirectory /home/runner/work/ozone/ozone/hadoop-ozone/integration-test/target/test-dir/MiniOzoneClusterImpl-9c41f9ea-08a3-4502-a72d-bbb1f5427d0a/ozone-meta/scm-ha/9c41f9ea-08a3-4502-a72d-bbb1f5427d0a
2022-02-09 14:04:36,602 [main] INFO  server.RaftServer (RaftServerProxy.java:addNew(95)) - 698ab2d5-378d-457a-8e5f-fab21942cead: addNew group-BBB1F5427D0A:[] returns group-BBB1F5427D0A:java.util.concurrent.CompletableFuture@1bee0085[Not completed]
2022-02-09 14:04:36,611 [pool-16-thread-1] INFO  server.RaftServer$Division (RaftServerImpl.java:<init>(184)) - 698ab2d5-378d-457a-8e5f-fab21942cead: new RaftServerImpl for group-BBB1F5427D0A:[] with SCMStateMachine:uninitialized
2022-02-09 14:04:36,612 [pool-16-thread-1] INFO  server.RaftServerConfigKeys (ConfUtils.java:logGet(44)) - raft.server.rpc.timeout.min = 5000ms (custom)
2022-02-09 14:04:36,612 [pool-16-thread-1] INFO  server.RaftServerConfigKeys (ConfUtils.java:logGet(44)) - raft.server.rpc.timeout.max = 5200ms (custom)
2022-02-09 14:04:36,612 [pool-16-thread-1] INFO  server.RaftServerConfigKeys (ConfUtils.java:logGet(44)) - raft.server.rpc.sleep.time = 25ms (default)
2022-02-09 14:04:36,613 [pool-16-thread-1] INFO  server.RaftServerConfigKeys (ConfUtils.java:logGet(44)) - raft.server.rpc.slowness.timeout = 120000ms (custom)
2022-02-09 14:04:36,613 [pool-16-thread-1] INFO  server.RaftServerConfigKeys (ConfUtils.java:logGet(44)) - raft.server.leaderelection.leader.step-down.wait-time = 10s (default)
2022-02-09 14:04:36,613 [pool-16-thread-1] INFO  server.RaftServerConfigKeys (ConfUtils.java:logGet(44)) - raft.server.sleep.deviation.threshold = 300ms (default)
2022-02-09 14:04:36,613 [pool-16-thread-1] INFO  server.RaftServerConfigKeys (ConfUtils.java:logGet(44)) - raft.server.log.appender.install.snapshot.enabled = false (custom)
2022-02-09 14:04:36,614 [pool-16-thread-1] INFO  server.RaftServer$Division (ServerState.java:<init>(105)) - 698ab2d5-378d-457a-8e5f-fab21942cead@group-BBB1F5427D0A: ConfigurationManager, init=-1: [], old=null, confs=<EMPTY_MAP>
2022-02-09 14:04:36,614 [pool-16-thread-1] INFO  server.RaftServerConfigKeys (ConfUtils.java:logGet(44)) - raft.server.storage.dir = [/home/runner/work/ozone/ozone/hadoop-ozone/integration-test/target/test-dir/MiniOzoneClusterImpl-9c41f9ea-08a3-4502-a72d-bbb1f5427d0a/ozone-meta/scm-ha] (custom)
2022-02-09 14:04:36,616 [pool-16-thread-1] INFO  server.RaftServerConfigKeys (ConfUtils.java:logGet(44)) - raft.server.log.corruption.policy = EXCEPTION (default)
2022-02-09 14:04:36,616 [pool-16-thread-1] INFO  server.RaftServerConfigKeys (ConfUtils.java:logGet(44)) - raft.server.storage.free-space.min = 0MB (=0) (default)
2022-02-09 14:04:36,620 [pool-16-thread-1] INFO  storage.RaftStorageDirectory (RaftStorageDirectoryImpl.java:tryLock(230)) - Lock on /home/runner/work/ozone/ozone/hadoop-ozone/integration-test/target/test-dir/MiniOzoneClusterImpl-9c41f9ea-08a3-4502-a72d-bbb1f5427d0a/ozone-meta/scm-ha/9c41f9ea-08a3-4502-a72d-bbb1f5427d0a/in_use.lock acquired by nodename 1691@fv-az270-916
2022-02-09 14:04:36,621 [pool-16-thread-1] INFO  storage.RaftStorage (RaftStorageImpl.java:analyzeAndRecoverStorage(110)) - Read RaftStorageMetadata{term=1, votedFor=698ab2d5-378d-457a-8e5f-fab21942cead} from /home/runner/work/ozone/ozone/hadoop-ozone/integration-test/target/test-dir/MiniOzoneClusterImpl-9c41f9ea-08a3-4502-a72d-bbb1f5427d0a/ozone-meta/scm-ha/9c41f9ea-08a3-4502-a72d-bbb1f5427d0a/current/raft-meta
2022-02-09 14:04:36,632 [pool-16-thread-1] INFO  server.RaftServer$Division (ServerState.java:setRaftConf(387)) - 698ab2d5-378d-457a-8e5f-fab21942cead@group-BBB1F5427D0A: set configuration 0: [698ab2d5-378d-457a-8e5f-fab21942cead|rpc:fv-az270-916:9894|admin:|client:|dataStream:|priority:0], old=null
2022-02-09 14:04:36,632 [pool-16-thread-1] INFO  server.RaftServerConfigKeys (ConfUtils.java:logGet(44)) - raft.server.notification.no-leader.timeout = 60s (default)
2022-02-09 14:04:36,632 [pool-16-thread-1] INFO  server.RaftServerConfigKeys (ConfUtils.java:logGet(44)) - raft.server.log.use.memory = false (default)
2022-02-09 14:04:36,633 [pool-16-thread-1] INFO  server.RaftServerConfigKeys (ConfUtils.java:logGet(44)) - raft.server.log.purge.gap = 1000000 (custom)
2022-02-09 14:04:36,633 [pool-16-thread-1] INFO  server.RaftServerConfigKeys (ConfUtils.java:logGet(44)) - raft.server.log.appender.buffer.byte-limit = 33554432 (custom)
2022-02-09 14:04:36,636 [pool-16-thread-1] INFO  server.RaftServerConfigKeys (ConfUtils.java:logGet(44)) - raft.server.log.segment.size.max = 4194304 (custom)
2022-02-09 14:04:36,637 [pool-16-thread-1] INFO  server.RaftServerConfigKeys (ConfUtils.java:logGet(44)) - raft.server.log.segment.cache.num.max = 2 (custom)
2022-02-09 14:04:36,637 [pool-16-thread-1] INFO  server.RaftServerConfigKeys (ConfUtils.java:logGet(44)) - raft.server.log.segment.cache.size.max = 200MB (=209715200) (default)
2022-02-09 14:04:36,637 [pool-16-thread-1] INFO  segmented.SegmentedRaftLogWorker (SegmentedRaftLogWorker.java:<init>(182)) - new 698ab2d5-378d-457a-8e5f-fab21942cead@group-BBB1F5427D0A-SegmentedRaftLogWorker for RaftStorageImpl:Storage Directory /home/runner/work/ozone/ozone/hadoop-ozone/integration-test/target/test-dir/MiniOzoneClusterImpl-9c41f9ea-08a3-4502-a72d-bbb1f5427d0a/ozone-meta/scm-ha/9c41f9ea-08a3-4502-a72d-bbb1f5427d0a
2022-02-09 14:04:36,637 [pool-16-thread-1] INFO  server.RaftServerConfigKeys (ConfUtils.java:logGet(44)) - raft.server.log.queue.byte-limit = 64MB (=67108864) (default)
2022-02-09 14:04:36,639 [pool-16-thread-1] INFO  server.RaftServerConfigKeys (ConfUtils.java:logGet(44)) - raft.server.log.queue.element-limit = 4096 (default)
2022-02-09 14:04:36,642 [pool-16-thread-1] INFO  server.RaftServerConfigKeys (ConfUtils.java:logGet(44)) - raft.server.log.segment.size.max = 4194304 (custom)
2022-02-09 14:04:36,642 [pool-16-thread-1] INFO  server.RaftServerConfigKeys (ConfUtils.java:logGet(44)) - raft.server.log.preallocated.size = 4194304 (custom)
2022-02-09 14:04:36,644 [pool-16-thread-1] INFO  server.RaftServerConfigKeys (ConfUtils.java:logGet(44)) - raft.server.log.force.sync.num = 128 (default)
2022-02-09 14:04:36,644 [pool-16-thread-1] INFO  server.RaftServerConfigKeys (ConfUtils.java:logGet(44)) - raft.server.log.statemachine.data.sync = true (default)
2022-02-09 14:04:36,644 [pool-16-thread-1] INFO  server.RaftServerConfigKeys (ConfUtils.java:logGet(44)) - raft.server.log.statemachine.data.sync.timeout = 10s (default)
2022-02-09 14:04:36,644 [pool-16-thread-1] INFO  server.RaftServerConfigKeys (ConfUtils.java:logGet(44)) - raft.server.log.statemachine.data.sync.timeout.retry = -1 (default)
2022-02-09 14:04:36,646 [pool-16-thread-1] INFO  server.RaftServerConfigKeys (ConfUtils.java:logGet(44)) - raft.server.log.write.buffer.size = 64KB (=65536) (default)
2022-02-09 14:04:36,646 [pool-16-thread-1] INFO  server.RaftServerConfigKeys (ConfUtils.java:logGet(44)) - raft.server.log.statemachine.data.caching.enabled = false (default)
2022-02-09 14:04:36,655 [pool-16-thread-1] INFO  server.RaftServer$Division (ServerState.java:setRaftConf(387)) - 698ab2d5-378d-457a-8e5f-fab21942cead@group-BBB1F5427D0A: set configuration 0: [698ab2d5-378d-457a-8e5f-fab21942cead|rpc:fv-az270-916:9894|admin:|client:|dataStream:|priority:0], old=null
2022-02-09 14:04:36,656 [pool-16-thread-1] INFO  segmented.LogSegment (LogSegment.java:loadSegment(173)) - Successfully read 1 entries from segment file /home/runner/work/ozone/ozone/hadoop-ozone/integration-test/target/test-dir/MiniOzoneClusterImpl-9c41f9ea-08a3-4502-a72d-bbb1f5427d0a/ozone-meta/scm-ha/9c41f9ea-08a3-4502-a72d-bbb1f5427d0a/current/log_inprogress_0
2022-02-09 14:04:36,657 [pool-16-thread-1] INFO  segmented.SegmentedRaftLogWorker (SegmentedRaftLogWorker.java:lambda$new$0(133)) - 698ab2d5-378d-457a-8e5f-fab21942cead@group-BBB1F5427D0A-SegmentedRaftLogWorker: flushIndex: setUnconditionally 0 -> 0
2022-02-09 14:04:36,657 [pool-16-thread-1] INFO  segmented.SegmentedRaftLogWorker (SegmentedRaftLogWorker.java:lambda$new$0(133)) - 698ab2d5-378d-457a-8e5f-fab21942cead@group-BBB1F5427D0A-SegmentedRaftLogWorker: safeCacheEvictIndex: setUnconditionally 0 -> -1
2022-02-09 14:04:36,657 [pool-16-thread-1] INFO  server.RaftServerConfigKeys (ConfUtils.java:logGet(44)) - raft.server.snapshot.auto.trigger.enabled = true (custom)
2022-02-09 14:04:36,657 [pool-16-thread-1] INFO  server.RaftServerConfigKeys (ConfUtils.java:logGet(44)) - raft.server.snapshot.auto.trigger.threshold = 1000 (custom)
2022-02-09 14:04:36,657 [pool-16-thread-1] INFO  server.RaftServerConfigKeys (ConfUtils.java:logGet(44)) - raft.server.snapshot.retention.file.num = -1 (default)
2022-02-09 14:04:36,657 [pool-16-thread-1] INFO  server.RaftServerConfigKeys (ConfUtils.java:logGet(44)) - raft.server.log.purge.upto.snapshot.index = false (default)
2022-02-09 14:04:36,658 [pool-16-thread-1] INFO  server.RaftServerConfigKeys (ConfUtils.java:logGet(44)) - raft.server.retrycache.expirytime = 60000ms (default)
2022-02-09 14:04:36,658 [pool-16-thread-1] INFO  server.RaftServerConfigKeys (ConfUtils.java:logGet(44)) - raft.server.retrycache.statistics.expirytime = 100μs (default)
2022-02-09 14:04:36,661 [main] INFO  ha.SCMSnapshotProvider (SCMSnapshotProvider.java:<init>(66)) - Initializing SCM Snapshot Provider
2022-02-09 14:04:36,661 [main] WARN  server.ServerUtils (ServerUtils.java:getDefaultRatisDirectory(237)) - Storage directory for Ratis is not configured. It is a good idea to map this to an SSD disk. Falling back to ozone.metadata.dirs
2022-02-09 14:04:36,662 [main] WARN  ha.SCMHAUtils (SCMHAUtils.java:getSCMRatisSnapshotDirectory(146)) - SCM snapshot dir is not configured. Falling back to ozone.metadata.dirs config
2022-02-09 14:04:36,774 [main] INFO  ha.SequenceIdGenerator (SequenceIdGenerator.java:upgradeToSequenceId(347)) - upgrade localId to 109611004723200000
2022-02-09 14:04:36,774 [main] INFO  ha.SequenceIdGenerator (SequenceIdGenerator.java:upgradeToSequenceId(357)) - upgrade delTxnId to 0
2022-02-09 14:04:36,778 [main] INFO  ha.SequenceIdGenerator (SequenceIdGenerator.java:upgradeToSequenceId(371)) - upgrade containerId to 0
2022-02-09 14:04:36,780 [main] INFO  ha.SequenceIdGenerator (SequenceIdGenerator.java:<init>(218)) - Init the HA SequenceIdGenerator.
2022-02-09 14:04:36,824 [main] WARN  server.ServerUtils (ServerUtils.java:sanitizeUserArgs(73)) - ozone.scm.stale.node.interval value = 300000 is larger than max = 100000 based on the key value of ozone.scm.heartbeat.thread.interval, reset to the max value 100000.
2022-02-09 14:04:36,825 [main] WARN  server.ServerUtils (ServerUtils.java:sanitizeUserArgs(73)) - ozone.scm.stale.node.interval value = 300000 is larger than max = 100000 based on the key value of ozone.scm.heartbeat.thread.interval, reset to the max value 100000.
2022-02-09 14:04:36,833 [main] INFO  node.SCMNodeManager (SCMNodeManager.java:<init>(144)) - Entering startup safe mode.
2022-02-09 14:04:36,908 [main] INFO  algorithms.ContainerPlacementPolicyFactory (ContainerPlacementPolicyFactory.java:getPolicy(60)) - Create container placement policy of type org.apache.hadoop.hdds.scm.container.placement.algorithms.SCMContainerPlacementRandom
2022-02-09 14:04:36,918 [main] INFO  pipeline.PipelineStateManagerImpl (PipelineStateManagerImpl.java:initialize(78)) - No pipeline exists in current db
2022-02-09 14:04:36,954 [main] INFO  algorithms.LeaderChoosePolicyFactory (LeaderChoosePolicyFactory.java:getPolicy(57)) - Create leader choose policy of type org.apache.hadoop.hdds.scm.pipeline.leader.choose.algorithms.MinLeaderCountChoosePolicy
2022-02-09 14:04:36,962 [main] INFO  ha.SCMServiceManager (SCMServiceManager.java:register(43)) - Registering service BackgroundPipelineCreator.
2022-02-09 14:04:36,964 [main] INFO  pipeline.BackgroundPipelineCreator (BackgroundPipelineCreator.java:start(130)) - Starting RatisPipelineUtilsThread.
2022-02-09 14:04:37,000 [main] INFO  algorithms.PipelineChoosePolicyFactory (PipelineChoosePolicyFactory.java:createPipelineChoosePolicyFromClass(73)) - Create pipeline choose policy of type org.apache.hadoop.hdds.scm.pipeline.choose.algorithms.RandomPipelineChoosePolicy
2022-02-09 14:04:37,020 [main] INFO  ha.SCMServiceManager (SCMServiceManager.java:register(43)) - Registering service SCMBlockDeletingService.
2022-02-09 14:04:37,052 [main] INFO  ha.SCMServiceManager (SCMServiceManager.java:register(43)) - Registering service ReplicationManager.
2022-02-09 14:04:37,067 [main] INFO  container.ReplicationManager (ReplicationManager.java:start(326)) - Starting Replication Monitor Thread.
2022-02-09 14:04:37,076 [ReplicationMonitor] INFO  container.ReplicationManager (ReplicationManager.java:processAll(374)) - Replication Manager is not ready to run until 3000ms after safemode exit
2022-02-09 14:04:37,081 [main] INFO  safemode.ContainerSafeModeRule (ContainerSafeModeRule.java:<init>(89)) - containers with one replica threshold count 0
2022-02-09 14:04:37,090 [main] INFO  safemode.HealthyPipelineSafeModeRule (HealthyPipelineSafeModeRule.java:initializeRule(156)) - Total pipeline count is 0, healthy pipeline threshold count is 1
2022-02-09 14:04:37,097 [main] INFO  safemode.OneReplicaPipelineSafeModeRule (OneReplicaPipelineSafeModeRule.java:initializeRule(180)) - Total pipeline count is 0, pipeline's with at least one datanode reported threshold count is 0
2022-02-09 14:04:37,538 [main] INFO  ipc.CallQueueManager (CallQueueManager.java:<init>(90)) - Using callQueue: class java.util.concurrent.LinkedBlockingQueue, queueCapacity: 2000, scheduler: class org.apache.hadoop.ipc.DefaultRpcScheduler, ipcBackoff: false.
2022-02-09 14:04:37,583 [Socket Reader #1 for port 0] INFO  ipc.Server (Server.java:run(1265)) - Starting Socket Reader #1 for port 0
2022-02-09 14:04:37,638 [Listener at 0.0.0.0/33815] INFO  ipc.CallQueueManager (CallQueueManager.java:<init>(90)) - Using callQueue: class java.util.concurrent.LinkedBlockingQueue, queueCapacity: 2000, scheduler: class org.apache.hadoop.ipc.DefaultRpcScheduler, ipcBackoff: false.
2022-02-09 14:04:37,639 [Socket Reader #1 for port 0] INFO  ipc.Server (Server.java:run(1265)) - Starting Socket Reader #1 for port 0
2022-02-09 14:04:37,666 [Listener at 0.0.0.0/45649] INFO  ipc.CallQueueManager (CallQueueManager.java:<init>(90)) - Using callQueue: class java.util.concurrent.LinkedBlockingQueue, queueCapacity: 2000, scheduler: class org.apache.hadoop.ipc.DefaultRpcScheduler, ipcBackoff: false.
2022-02-09 14:04:37,667 [Socket Reader #1 for port 0] INFO  ipc.Server (Server.java:run(1265)) - Starting Socket Reader #1 for port 0
2022-02-09 14:04:37,733 [Listener at 0.0.0.0/46311] INFO  algorithms.ContainerPlacementPolicyFactory (ContainerPlacementPolicyFactory.java:getPolicy(60)) - Create container placement policy of type org.apache.hadoop.hdds.scm.container.placement.algorithms.SCMContainerPlacementRandom
2022-02-09 14:04:37,742 [Listener at 0.0.0.0/46311] INFO  server.StorageContainerManager (StorageContainerManager.java:<init>(388)) - 
Container Balancer status:
Key                            Value
Running                        false
Container Balancer Configuration values:
Key                                                Value
Threshold                                          10
Max Datanodes to Involve per Iteration(percent)    20
Max Size to Move per Iteration                     500GB
Max Size Entering Target per Iteration             26GB
Max Size Leaving Source per Iteration              26GB

2022-02-09 14:04:37,743 [Listener at 0.0.0.0/46311] WARN  events.EventQueue (EventQueue.java:fireEvent(194)) - No event handler registered for event TypedEvent{payloadType=SafeModeStatus, name='Safe mode status'}
2022-02-09 14:04:37,743 [Listener at 0.0.0.0/46311] INFO  ha.SCMContext (SCMContext.java:updateSafeModeStatus(211)) - Update SafeModeStatus from SafeModeStatus{safeModeStatus=true, preCheckPassed=false} to SafeModeStatus{safeModeStatus=true, preCheckPassed=false}.
2022-02-09 14:04:37,746 [Listener at 0.0.0.0/46311] INFO  server.StorageContainerManager (StorageContainerManager.java:start(1303)) - StorageContainerLocationProtocol RPC server is listening at /0.0.0.0:46311
2022-02-09 14:04:37,748 [Listener at 0.0.0.0/46311] INFO  ha.SCMRatisServerImpl (SCMRatisServerImpl.java:start(177)) - starting ratis server 0.0.0.0:9894
2022-02-09 14:04:37,748 [Listener at 0.0.0.0/46311] INFO  server.RaftServer$Division (RaftServerImpl.java:start(301)) - 698ab2d5-378d-457a-8e5f-fab21942cead@group-BBB1F5427D0A: start as a follower, conf=0: [698ab2d5-378d-457a-8e5f-fab21942cead|rpc:fv-az270-916:9894|admin:|client:|dataStream:|priority:0], old=null
2022-02-09 14:04:37,748 [Listener at 0.0.0.0/46311] INFO  server.RaftServer$Division (RaftServerImpl.java:setRole(290)) - 698ab2d5-378d-457a-8e5f-fab21942cead@group-BBB1F5427D0A: changes role from      null to FOLLOWER at term 1 for startAsFollower
2022-02-09 14:04:37,749 [Listener at 0.0.0.0/46311] INFO  impl.RoleInfo (RoleInfo.java:updateAndGet(130)) - 698ab2d5-378d-457a-8e5f-fab21942cead: start 698ab2d5-378d-457a-8e5f-fab21942cead@group-BBB1F5427D0A-FollowerState
2022-02-09 14:04:37,749 [Listener at 0.0.0.0/46311] INFO  util.JmxRegister (JmxRegister.java:tryRegister(44)) - Successfully registered JMX Bean with object name Ratis:service=RaftServer,group=group-BBB1F5427D0A,id=698ab2d5-378d-457a-8e5f-fab21942cead
2022-02-09 14:04:37,752 [Listener at 0.0.0.0/46311] INFO  server.RaftServer (RaftServerProxy.java:lambda$start$5(374)) - 698ab2d5-378d-457a-8e5f-fab21942cead: start RPC server
2022-02-09 14:04:37,757 [Listener at 0.0.0.0/46311] INFO  server.GrpcService (GrpcService.java:startImpl(253)) - 698ab2d5-378d-457a-8e5f-fab21942cead: GrpcService started, listening on 9894
2022-02-09 14:04:37,760 [Listener at 0.0.0.0/46311] INFO  ha.SCMHAManagerImpl (SCMHAManagerImpl.java:start(121)) -  scm role is FOLLOWER peers [698ab2d5-378d-457a-8e5f-fab21942cead|rpc:fv-az270-916:9894|admin:|client:|dataStream:|priority:0]
2022-02-09 14:04:37,760 [Listener at 0.0.0.0/46311] INFO  ha.InterSCMGrpcService (InterSCMGrpcProtocolService.java:start(94)) - Starting SCM Grpc Service at port 9895
2022-02-09 14:04:37,761 [org.apache.ratis.util.JvmPauseMonitor$$Lambda$422/1400671358@647ce968] INFO  util.JvmPauseMonitor (JvmPauseMonitor.java:run(103)) - JvmPauseMonitor-698ab2d5-378d-457a-8e5f-fab21942cead: Started
2022-02-09 14:04:37,843 [Listener at 0.0.0.0/46311] WARN  impl.MetricsConfig (MetricsConfig.java:loadFirst(136)) - Cannot locate configuration: tried hadoop-metrics2-storagecontainermanager.properties,hadoop-metrics2.properties
2022-02-09 14:04:37,859 [Listener at 0.0.0.0/46311] INFO  impl.MetricsSystemImpl (MetricsSystemImpl.java:startTimer(378)) - Scheduled Metric snapshot period at 10 second(s).
2022-02-09 14:04:37,859 [Listener at 0.0.0.0/46311] INFO  impl.MetricsSystemImpl (MetricsSystemImpl.java:start(191)) - StorageContainerManager metrics system started
2022-02-09 14:04:38,150 [Listener at 0.0.0.0/46311] INFO  server.SCMClientProtocolServer (SCMClientProtocolServer.java:start(165)) - RPC server for Client  is listening at /0.0.0.0:46311
2022-02-09 14:04:38,152 [IPC Server Responder] INFO  ipc.Server (Server.java:run(1507)) - IPC Server Responder: starting
2022-02-09 14:04:38,157 [IPC Server listener on 0] INFO  ipc.Server (Server.java:run(1344)) - IPC Server listener on 0: starting
2022-02-09 14:04:38,162 [Listener at 0.0.0.0/46311] INFO  server.StorageContainerManager (StorageContainerManager.java:start(1318)) - ScmBlockLocationProtocol RPC server is listening at /0.0.0.0:45649
2022-02-09 14:04:38,162 [Listener at 0.0.0.0/46311] INFO  server.SCMBlockProtocolServer (SCMBlockProtocolServer.java:start(151)) - RPC server for Block Protocol is listening at /0.0.0.0:45649
2022-02-09 14:04:38,163 [IPC Server Responder] INFO  ipc.Server (Server.java:run(1507)) - IPC Server Responder: starting
2022-02-09 14:04:38,168 [IPC Server listener on 0] INFO  ipc.Server (Server.java:run(1344)) - IPC Server listener on 0: starting
2022-02-09 14:04:38,196 [org.apache.hadoop.util.JvmPauseMonitor$Monitor@73b10975] INFO  util.JvmPauseMonitor (JvmPauseMonitor.java:run(188)) - Starting JVM pause monitor
2022-02-09 14:04:38,214 [Listener at 0.0.0.0/46311] INFO  http.BaseHttpServer (BaseHttpServer.java:newHttpServer2BuilderForOzone(209)) - Starting Web-server for scm at: http://0.0.0.0:0
2022-02-09 14:04:38,214 [Listener at 0.0.0.0/46311] INFO  http.BaseHttpServer (BaseHttpServer.java:<init>(107)) - Hadoop Security Enabled: false Ozone Security Enabled: false Ozone HTTP Security Enabled: false 
2022-02-09 14:04:38,246 [Listener at 0.0.0.0/46311] INFO  util.log (Log.java:initialized(170)) - Logging initialized @11679ms to org.eclipse.jetty.util.log.Slf4jLog
2022-02-09 14:04:38,378 [Listener at 0.0.0.0/46311] INFO  server.AuthenticationFilter (AuthenticationFilter.java:constructSecretProvider(240)) - Unable to initialize FileSignerSecretProvider, falling back to use random secrets.
2022-02-09 14:04:38,384 [Listener at 0.0.0.0/46311] WARN  http.HttpRequestLog (HttpRequestLog.java:getRequestLog(103)) - Jetty request log can only be enabled using Log4j
2022-02-09 14:04:38,389 [Listener at 0.0.0.0/46311] INFO  http.HttpServer2 (HttpServer2.java:addGlobalFilter(1030)) - Added global filter 'safety' (class=org.apache.hadoop.hdds.server.http.HttpServer2$QuotingInputFilter)
2022-02-09 14:04:38,392 [Listener at 0.0.0.0/46311] INFO  http.HttpServer2 (HttpServer2.java:addFilter(1006)) - Added filter static_user_filter (class=org.apache.hadoop.http.lib.StaticUserWebFilter$StaticUserFilter) to context scm
2022-02-09 14:04:38,393 [Listener at 0.0.0.0/46311] INFO  http.HttpServer2 (HttpServer2.java:addFilter(1014)) - Added filter static_user_filter (class=org.apache.hadoop.http.lib.StaticUserWebFilter$StaticUserFilter) to context static
2022-02-09 14:04:38,393 [Listener at 0.0.0.0/46311] INFO  http.HttpServer2 (HttpServer2.java:addFilter(1014)) - Added filter static_user_filter (class=org.apache.hadoop.http.lib.StaticUserWebFilter$StaticUserFilter) to context logs
2022-02-09 14:04:38,439 [Listener at 0.0.0.0/46311] INFO  http.HttpServer2 (HttpServer2.java:bindListener(1249)) - Jetty bound to port 42541
2022-02-09 14:04:38,441 [Listener at 0.0.0.0/46311] INFO  server.Server (Server.java:doStart(375)) - jetty-9.4.43.v20210629; built: 2021-06-30T11:07:22.254Z; git: 526006ecfa3af7f1a27ef3a288e2bef7ea9dd7e8; jvm 1.8.0_312-b07
2022-02-09 14:04:38,488 [Listener at 0.0.0.0/46311] INFO  server.session (DefaultSessionIdManager.java:doStart(334)) - DefaultSessionIdManager workerName=node0
2022-02-09 14:04:38,488 [Listener at 0.0.0.0/46311] INFO  server.session (DefaultSessionIdManager.java:doStart(339)) - No SessionScavenger set, using defaults
2022-02-09 14:04:38,490 [Listener at 0.0.0.0/46311] INFO  server.session (HouseKeeper.java:startScavenging(132)) - node0 Scavenging every 600000ms
2022-02-09 14:04:38,506 [Listener at 0.0.0.0/46311] INFO  handler.ContextHandler (ContextHandler.java:doStart(915)) - Started o.e.j.s.ServletContextHandler@65880400{logs,/logs,file:///home/runner/work/ozone/ozone/hadoop-ozone/integration-test/target/log,AVAILABLE}
2022-02-09 14:04:38,506 [Listener at 0.0.0.0/46311] INFO  handler.ContextHandler (ContextHandler.java:doStart(915)) - Started o.e.j.s.ServletContextHandler@5feb8e9a{static,/static,file:///home/runner/work/ozone/ozone/hadoop-ozone/integration-test/target/test-classes/webapps/static,AVAILABLE}
2022-02-09 14:04:38,558 [Listener at 0.0.0.0/46311] INFO  handler.ContextHandler (ContextHandler.java:doStart(915)) - Started o.e.j.w.WebAppContext@4b5ceb5d{scm,/,file:///home/runner/work/ozone/ozone/hadoop-ozone/integration-test/target/test-classes/webapps/scm/,AVAILABLE}{file:/home/runner/work/ozone/ozone/hadoop-ozone/integration-test/target/test-classes/webapps/scm}
2022-02-09 14:04:38,575 [Listener at 0.0.0.0/46311] INFO  server.AbstractConnector (AbstractConnector.java:doStart(331)) - Started ServerConnector@24b4f4a{HTTP/1.1, (http/1.1)}{0.0.0.0:42541}
2022-02-09 14:04:38,576 [Listener at 0.0.0.0/46311] INFO  server.Server (Server.java:doStart(415)) - Started @12009ms
2022-02-09 14:04:38,580 [Listener at 0.0.0.0/46311] INFO  impl.MetricsSinkAdapter (MetricsSinkAdapter.java:start(204)) - Sink prometheus started
2022-02-09 14:04:38,580 [Listener at 0.0.0.0/46311] INFO  impl.MetricsSystemImpl (MetricsSystemImpl.java:registerSink(305)) - Registered sink prometheus
2022-02-09 14:04:38,581 [Listener at 0.0.0.0/46311] INFO  http.BaseHttpServer (BaseHttpServer.java:updateConnectorAddress(329)) - HTTP server of scm listening at http://0.0.0.0:42541
2022-02-09 14:04:38,699 [Listener at 0.0.0.0/46311] INFO  ha.OMHANodeDetails (OMHANodeDetails.java:loadOMHAConfig(118)) - ServiceID for OzoneManager is om-service-test1
2022-02-09 14:04:38,710 [Listener at 0.0.0.0/46311] INFO  ha.OMHANodeDetails (OMHANodeDetails.java:loadOMHAConfig(193)) - Found matching OM address with OMServiceId: om-service-test1, OMNodeId: omNode-1, RPC Address: localhost:43105 and Ratis port: 41473
2022-02-09 14:04:38,710 [Listener at 0.0.0.0/46311] INFO  ha.OMHANodeDetails (ConfUtils.java:setNodeSpecificConfigs(108)) - Setting configuration key ozone.om.http-address with value of key ozone.om.http-address.om-service-test1.omNode-1: 127.0.0.1:38981
2022-02-09 14:04:38,711 [Listener at 0.0.0.0/46311] INFO  ha.OMHANodeDetails (ConfUtils.java:setNodeSpecificConfigs(108)) - Setting configuration key ozone.om.https-address with value of key ozone.om.https-address.om-service-test1.omNode-1: 127.0.0.1:37439
2022-02-09 14:04:38,712 [Listener at 0.0.0.0/46311] INFO  ha.OMHANodeDetails (ConfUtils.java:setNodeSpecificConfigs(108)) - Setting configuration key ozone.om.address with value of key ozone.om.address.om-service-test1.omNode-1: 127.0.0.1:43105
2022-02-09 14:04:38,719 [Listener at 0.0.0.0/46311] WARN  server.ServerUtils (ServerUtils.java:getDBPath(225)) - ozone.om.db.dirs is not configured. We recommend adding this setting. Falling back to ozone.metadata.dirs instead.
2022-02-09 14:04:41,005 [Listener at 0.0.0.0/46311] INFO  retry.RetryInvocationHandler (RetryInvocationHandler.java:log(411)) - com.google.protobuf.ServiceException: org.apache.hadoop.ipc.RemoteException(org.apache.hadoop.hdds.ratis.ServerNotLeaderException): Server:698ab2d5-378d-457a-8e5f-fab21942cead is not the leader. Could not determine the leader node.
	at org.apache.hadoop.hdds.ratis.ServerNotLeaderException.convertToNotLeaderException(ServerNotLeaderException.java:109)
	at org.apache.hadoop.hdds.scm.ha.RatisUtil.checkRatisException(RatisUtil.java:245)
	at org.apache.hadoop.hdds.scm.protocol.ScmBlockLocationProtocolServerSideTranslatorPB.send(ScmBlockLocationProtocolServerSideTranslatorPB.java:108)
	at org.apache.hadoop.hdds.protocol.proto.ScmBlockLocationProtocolProtos$ScmBlockLocationProtocolService$2.callBlockingMethod(ScmBlockLocationProtocolProtos.java:13937)
	at org.apache.hadoop.ipc.ProtobufRpcEngine$Server.processCall(ProtobufRpcEngine.java:466)
	at org.apache.hadoop.ipc.ProtobufRpcEngine2$Server$ProtoBufRpcInvoker.call(ProtobufRpcEngine2.java:574)
	at org.apache.hadoop.ipc.ProtobufRpcEngine2$Server$ProtoBufRpcInvoker.call(ProtobufRpcEngine2.java:552)
	at org.apache.hadoop.ipc.RPC$Server.call(RPC.java:1093)
	at org.apache.hadoop.ipc.Server$RpcCall.run(Server.java:1035)
	at org.apache.hadoop.ipc.Server$RpcCall.run(Server.java:963)
	at java.security.AccessController.doPrivileged(Native Method)
	at javax.security.auth.Subject.doAs(Subject.java:422)
	at org.apache.hadoop.security.UserGroupInformation.doAs(UserGroupInformation.java:1878)
	at org.apache.hadoop.ipc.Server$Handler.run(Server.java:2966)
, while invoking $Proxy44.send over nodeId=scmNodeId,nodeAddress=/0.0.0.0:45649 after 1 failover attempts. Trying to failover after sleeping for 2000ms.
2022-02-09 14:04:42,887 [698ab2d5-378d-457a-8e5f-fab21942cead@group-BBB1F5427D0A-FollowerState] INFO  impl.FollowerState (FollowerState.java:run(134)) - 698ab2d5-378d-457a-8e5f-fab21942cead@group-BBB1F5427D0A-FollowerState: change to CANDIDATE, lastRpcElapsedTime:5138407395ns, electionTimeout:5131ms
2022-02-09 14:04:42,888 [698ab2d5-378d-457a-8e5f-fab21942cead@group-BBB1F5427D0A-FollowerState] INFO  impl.RoleInfo (RoleInfo.java:shutdownFollowerState(108)) - 698ab2d5-378d-457a-8e5f-fab21942cead: shutdown 698ab2d5-378d-457a-8e5f-fab21942cead@group-BBB1F5427D0A-FollowerState
2022-02-09 14:04:42,888 [698ab2d5-378d-457a-8e5f-fab21942cead@group-BBB1F5427D0A-FollowerState] INFO  server.RaftServer$Division (RaftServerImpl.java:setRole(290)) - 698ab2d5-378d-457a-8e5f-fab21942cead@group-BBB1F5427D0A: changes role from  FOLLOWER to CANDIDATE at term 1 for changeToCandidate
2022-02-09 14:04:42,888 [698ab2d5-378d-457a-8e5f-fab21942cead@group-BBB1F5427D0A-FollowerState] INFO  server.RaftServerConfigKeys (ConfUtils.java:logGet(44)) - raft.server.leaderelection.pre-vote = false (custom)
2022-02-09 14:04:42,888 [698ab2d5-378d-457a-8e5f-fab21942cead@group-BBB1F5427D0A-FollowerState] INFO  impl.RoleInfo (RoleInfo.java:updateAndGet(130)) - 698ab2d5-378d-457a-8e5f-fab21942cead: start 698ab2d5-378d-457a-8e5f-fab21942cead@group-BBB1F5427D0A-LeaderElection2
2022-02-09 14:04:42,897 [698ab2d5-378d-457a-8e5f-fab21942cead@group-BBB1F5427D0A-LeaderElection2] INFO  impl.LeaderElection (LeaderElection.java:askForVotes(306)) - 698ab2d5-378d-457a-8e5f-fab21942cead@group-BBB1F5427D0A-LeaderElection2 ELECTION round 0: submit vote requests at term 2 for 0: [698ab2d5-378d-457a-8e5f-fab21942cead|rpc:fv-az270-916:9894|admin:|client:|dataStream:|priority:0], old=null
2022-02-09 14:04:42,898 [698ab2d5-378d-457a-8e5f-fab21942cead@group-BBB1F5427D0A-LeaderElection2] INFO  impl.LeaderElection (LeaderElection.java:askForVotes(308)) - 698ab2d5-378d-457a-8e5f-fab21942cead@group-BBB1F5427D0A-LeaderElection2 ELECTION round 0: result PASSED (term=2)
2022-02-09 14:04:42,898 [698ab2d5-378d-457a-8e5f-fab21942cead@group-BBB1F5427D0A-LeaderElection2] INFO  impl.RoleInfo (RoleInfo.java:shutdownLeaderElection(121)) - 698ab2d5-378d-457a-8e5f-fab21942cead: shutdown 698ab2d5-378d-457a-8e5f-fab21942cead@group-BBB1F5427D0A-LeaderElection2
2022-02-09 14:04:42,898 [698ab2d5-378d-457a-8e5f-fab21942cead@group-BBB1F5427D0A-LeaderElection2] INFO  server.RaftServer$Division (RaftServerImpl.java:setRole(290)) - 698ab2d5-378d-457a-8e5f-fab21942cead@group-BBB1F5427D0A: changes role from CANDIDATE to LEADER at term 2 for changeToLeader
2022-02-09 14:04:42,898 [698ab2d5-378d-457a-8e5f-fab21942cead@group-BBB1F5427D0A-LeaderElection2] INFO  ha.SCMStateMachine (SCMStateMachine.java:notifyLeaderChanged(259)) - current SCM becomes leader of term 2.
2022-02-09 14:04:42,898 [698ab2d5-378d-457a-8e5f-fab21942cead@group-BBB1F5427D0A-LeaderElection2] INFO  ha.SCMContext (SCMContext.java:updateLeaderAndTerm(90)) - update <isLeader,term> from <false,0> to <true,2>
2022-02-09 14:04:42,901 [698ab2d5-378d-457a-8e5f-fab21942cead@group-BBB1F5427D0A-LeaderElection2] INFO  server.RaftServer$Division (ServerState.java:setLeader(285)) - 698ab2d5-378d-457a-8e5f-fab21942cead@group-BBB1F5427D0A: change Leader from null to 698ab2d5-378d-457a-8e5f-fab21942cead at term 2 for becomeLeader, leader elected after 6265ms
2022-02-09 14:04:42,901 [698ab2d5-378d-457a-8e5f-fab21942cead@group-BBB1F5427D0A-LeaderElection2] INFO  server.RaftServerConfigKeys (ConfUtils.java:logGet(44)) - raft.server.staging.catchup.gap = 1000 (default)
2022-02-09 14:04:42,901 [698ab2d5-378d-457a-8e5f-fab21942cead@group-BBB1F5427D0A-LeaderElection2] INFO  server.RaftServerConfigKeys (ConfUtils.java:logGet(44)) - raft.server.write.element-limit = 4096 (default)
2022-02-09 14:04:42,901 [698ab2d5-378d-457a-8e5f-fab21942cead@group-BBB1F5427D0A-LeaderElection2] INFO  server.RaftServerConfigKeys (ConfUtils.java:logGet(44)) - raft.server.write.byte-limit = 64MB (=67108864) (default)
2022-02-09 14:04:42,902 [698ab2d5-378d-457a-8e5f-fab21942cead@group-BBB1F5427D0A-LeaderElection2] INFO  server.RaftServerConfigKeys (ConfUtils.java:logGet(44)) - raft.server.watch.timeout = 10s (default)
2022-02-09 14:04:42,902 [698ab2d5-378d-457a-8e5f-fab21942cead@group-BBB1F5427D0A-LeaderElection2] INFO  server.RaftServerConfigKeys (ConfUtils.java:logGet(44)) - raft.server.watch.timeout.denomination = 1s (default)
2022-02-09 14:04:42,902 [698ab2d5-378d-457a-8e5f-fab21942cead@group-BBB1F5427D0A-LeaderElection2] INFO  server.RaftServerConfigKeys (ConfUtils.java:logGet(44)) - raft.server.watch.element-limit = 65536 (default)
2022-02-09 14:04:42,902 [698ab2d5-378d-457a-8e5f-fab21942cead@group-BBB1F5427D0A-LeaderElection2] INFO  server.RaftServerConfigKeys (ConfUtils.java:logGet(44)) - raft.server.write.element-limit = 4096 (default)
2022-02-09 14:04:42,903 [698ab2d5-378d-457a-8e5f-fab21942cead@group-BBB1F5427D0A-LeaderElection2] INFO  server.RaftServerConfigKeys (ConfUtils.java:logGet(44)) - raft.server.write.follower.gap.ratio.max = -1.0 (default)
2022-02-09 14:04:42,903 [698ab2d5-378d-457a-8e5f-fab21942cead@group-BBB1F5427D0A-LeaderElection2] INFO  impl.RoleInfo (RoleInfo.java:updateAndGet(130)) - 698ab2d5-378d-457a-8e5f-fab21942cead: start 698ab2d5-378d-457a-8e5f-fab21942cead@group-BBB1F5427D0A-LeaderStateImpl
2022-02-09 14:04:42,903 [698ab2d5-378d-457a-8e5f-fab21942cead@group-BBB1F5427D0A-LeaderElection2] INFO  segmented.SegmentedRaftLogWorker (SegmentedRaftLogWorker.java:rollLogSegment(399)) - 698ab2d5-378d-457a-8e5f-fab21942cead@group-BBB1F5427D0A-SegmentedRaftLogWorker: Rolling segment log-0_0 to index:0
2022-02-09 14:04:42,909 [698ab2d5-378d-457a-8e5f-fab21942cead@group-BBB1F5427D0A-SegmentedRaftLogWorker] INFO  segmented.SegmentedRaftLogWorker (SegmentedRaftLogWorker.java:execute(558)) - 698ab2d5-378d-457a-8e5f-fab21942cead@group-BBB1F5427D0A-SegmentedRaftLogWorker: Rolled log segment from /home/runner/work/ozone/ozone/hadoop-ozone/integration-test/target/test-dir/MiniOzoneClusterImpl-9c41f9ea-08a3-4502-a72d-bbb1f5427d0a/ozone-meta/scm-ha/9c41f9ea-08a3-4502-a72d-bbb1f5427d0a/current/log_inprogress_0 to /home/runner/work/ozone/ozone/hadoop-ozone/integration-test/target/test-dir/MiniOzoneClusterImpl-9c41f9ea-08a3-4502-a72d-bbb1f5427d0a/ozone-meta/scm-ha/9c41f9ea-08a3-4502-a72d-bbb1f5427d0a/current/log_0-0
2022-02-09 14:04:42,912 [698ab2d5-378d-457a-8e5f-fab21942cead@group-BBB1F5427D0A-LeaderElection2] INFO  server.RaftServer$Division (ServerState.java:setRaftConf(387)) - 698ab2d5-378d-457a-8e5f-fab21942cead@group-BBB1F5427D0A: set configuration 1: [698ab2d5-378d-457a-8e5f-fab21942cead|rpc:fv-az270-916:9894|admin:|client:|dataStream:|priority:0], old=null
2022-02-09 14:04:42,924 [698ab2d5-378d-457a-8e5f-fab21942cead@group-BBB1F5427D0A-SegmentedRaftLogWorker] INFO  segmented.SegmentedRaftLogWorker (SegmentedRaftLogWorker.java:execute(601)) - 698ab2d5-378d-457a-8e5f-fab21942cead@group-BBB1F5427D0A-SegmentedRaftLogWorker: created new log segment /home/runner/work/ozone/ozone/hadoop-ozone/integration-test/target/test-dir/MiniOzoneClusterImpl-9c41f9ea-08a3-4502-a72d-bbb1f5427d0a/ozone-meta/scm-ha/9c41f9ea-08a3-4502-a72d-bbb1f5427d0a/current/log_inprogress_1
2022-02-09 14:04:42,930 [698ab2d5-378d-457a-8e5f-fab21942cead@group-BBB1F5427D0A-StateMachineUpdater] INFO  ha.SCMContext (SCMContext.java:setLeaderReady(117)) - update <isLeaderReady> from <false> to <true>
2022-02-09 14:04:42,931 [698ab2d5-378d-457a-8e5f-fab21942cead@group-BBB1F5427D0A-StateMachineUpdater] INFO  pipeline.BackgroundPipelineCreator (BackgroundPipelineCreator.java:notifyStatusChanged(264)) - Service BackgroundPipelineCreator transitions to RUNNING.
2022-02-09 14:04:42,932 [698ab2d5-378d-457a-8e5f-fab21942cead@group-BBB1F5427D0A-StateMachineUpdater] INFO  safemode.HealthyPipelineSafeModeRule (HealthyPipelineSafeModeRule.java:initializeRule(152)) - Refreshed total pipeline count is 0, healthy pipeline threshold count is 1
2022-02-09 14:04:42,932 [698ab2d5-378d-457a-8e5f-fab21942cead@group-BBB1F5427D0A-StateMachineUpdater] INFO  safemode.ContainerSafeModeRule (ContainerSafeModeRule.java:reInitializeRule(177)) - Refreshed one replica container threshold 0, currentThreshold 0
2022-02-09 14:04:42,933 [698ab2d5-378d-457a-8e5f-fab21942cead@group-BBB1F5427D0A-StateMachineUpdater] INFO  safemode.OneReplicaPipelineSafeModeRule (OneReplicaPipelineSafeModeRule.java:initializeRule(176)) - Refreshed Total pipeline count is 0, pipeline's with at least one datanode reported threshold count is 0
2022-02-09 14:04:42,933 [698ab2d5-378d-457a-8e5f-fab21942cead@group-BBB1F5427D0A-StateMachineUpdater] INFO  server.SCMDatanodeProtocolServer (SCMDatanodeProtocolServer.java:start(181)) - ScmDatanodeProtocol RPC server for DataNodes is listening at /0.0.0.0:33815
2022-02-09 14:04:42,940 [IPC Server listener on 0] INFO  ipc.Server (Server.java:run(1344)) - IPC Server listener on 0: starting
2022-02-09 14:04:42,979 [IPC Server Responder] INFO  ipc.Server (Server.java:run(1507)) - IPC Server Responder: starting
OM initialization succeeded.Current cluster id for sd=/home/runner/work/ozone/ozone/hadoop-ozone/integration-test/target/test-dir/MiniOzoneClusterImpl-9c41f9ea-08a3-4502-a72d-bbb1f5427d0a/omNode-1/om;cid=9c41f9ea-08a3-4502-a72d-bbb1f5427d0a;layoutVersion=0
2022-02-09 14:04:43,045 [Listener at 0.0.0.0/46311] INFO  ha.OMHANodeDetails (OMHANodeDetails.java:loadOMHAConfig(118)) - ServiceID for OzoneManager is om-service-test1
2022-02-09 14:04:43,046 [Listener at 0.0.0.0/46311] INFO  ha.OMHANodeDetails (OMHANodeDetails.java:loadOMHAConfig(193)) - Found matching OM address with OMServiceId: om-service-test1, OMNodeId: omNode-1, RPC Address: localhost:43105 and Ratis port: 41473
2022-02-09 14:04:43,046 [Listener at 0.0.0.0/46311] INFO  ha.OMHANodeDetails (ConfUtils.java:setNodeSpecificConfigs(108)) - Setting configuration key ozone.om.http-address with value of key ozone.om.http-address.om-service-test1.omNode-1: 127.0.0.1:38981
2022-02-09 14:04:43,046 [Listener at 0.0.0.0/46311] INFO  ha.OMHANodeDetails (ConfUtils.java:setNodeSpecificConfigs(108)) - Setting configuration key ozone.om.https-address with value of key ozone.om.https-address.om-service-test1.omNode-1: 127.0.0.1:37439
2022-02-09 14:04:43,046 [Listener at 0.0.0.0/46311] INFO  ha.OMHANodeDetails (ConfUtils.java:setNodeSpecificConfigs(108)) - Setting configuration key ozone.om.address with value of key ozone.om.address.om-service-test1.omNode-1: 127.0.0.1:43105
2022-02-09 14:04:43,047 [Listener at 0.0.0.0/46311] WARN  server.ServerUtils (ServerUtils.java:getDBPath(225)) - ozone.om.db.dirs is not configured. We recommend adding this setting. Falling back to ozone.metadata.dirs instead.
2022-02-09 14:04:43,049 [Listener at 0.0.0.0/46311] INFO  upgrade.AbstractLayoutVersionManager (AbstractLayoutVersionManager.java:init(79)) - Initializing Layout version manager with metadata layout = INITIAL_VERSION (version = 0), software layout = INITIAL_VERSION (version = 0)
2022-02-09 14:04:43,109 [Listener at 0.0.0.0/46311] INFO  reflections.Reflections (Reflections.java:scan(232)) - Reflections took 54 ms to scan 2 urls, producing 133 keys and 348 values [using 2 cores]
2022-02-09 14:04:43,117 [Listener at 0.0.0.0/46311] INFO  upgrade.OMLayoutVersionManager (OMLayoutVersionManager.java:lambda$0(115)) - Skipping Upgrade Action MockOmUpgradeAction since it has been finalized.
2022-02-09 14:04:43,118 [Listener at 0.0.0.0/46311] WARN  server.ServerUtils (ServerUtils.java:getDBPath(225)) - ozone.om.db.dirs is not configured. We recommend adding this setting. Falling back to ozone.metadata.dirs instead.
2022-02-09 14:04:43,291 [Listener at 0.0.0.0/46311] WARN  server.ServerUtils (ServerUtils.java:getDBPath(225)) - ozone.om.db.dirs is not configured. We recommend adding this setting. Falling back to ozone.metadata.dirs instead.
2022-02-09 14:04:43,298 [Listener at 0.0.0.0/46311] INFO  codec.OmKeyInfoCodec (OmKeyInfoCodec.java:<init>(50)) - OmKeyInfoCodec ignorePipeline = true
2022-02-09 14:04:43,300 [Listener at 0.0.0.0/46311] INFO  codec.RepeatedOmKeyInfoCodec (RepeatedOmKeyInfoCodec.java:<init>(42)) - RepeatedOmKeyInfoCodec ignorePipeline = true
2022-02-09 14:04:43,570 [Listener at 0.0.0.0/46311] INFO  om.OzoneManager (OzoneManager.java:addS3GVolumeToDB(3732)) - Created Volume s3v With Owner runner required for S3Gateway operations.
2022-02-09 14:04:43,623 [Listener at 0.0.0.0/46311] WARN  server.ServerUtils (ServerUtils.java:getDefaultRatisDirectory(237)) - Storage directory for Ratis is not configured. It is a good idea to map this to an SSD disk. Falling back to ozone.metadata.dirs
2022-02-09 14:04:43,624 [Listener at 0.0.0.0/46311] WARN  utils.OzoneManagerRatisUtils (OzoneManagerRatisUtils.java:getOMRatisSnapshotDirectory(330)) - ozone.om.ratis.snapshot.dir is not configured. Falling back to ozone.metadata.dirs config
2022-02-09 14:04:43,629 [Listener at 0.0.0.0/46311] INFO  snapshot.OzoneManagerSnapshotProvider (OzoneManagerSnapshotProvider.java:<init>(76)) - Initializing OM Snapshot Provider
2022-02-09 14:04:43,776 [Listener at 0.0.0.0/46311] WARN  impl.MetricRegistriesImpl (MetricRegistriesImpl.java:addReporterRegistration(111)) - New reporters are added after registries were created. Some metrics will be missing from the reporter. Please add reporter before adding any new registry.
2022-02-09 14:04:43,777 [Listener at 0.0.0.0/46311] WARN  impl.MetricRegistriesImpl (MetricRegistriesImpl.java:addReporterRegistration(111)) - New reporters are added after registries were created. Some metrics will be missing from the reporter. Please add reporter before adding any new registry.
2022-02-09 14:04:43,777 [Listener at 0.0.0.0/46311] WARN  server.ServerUtils (ServerUtils.java:getDefaultRatisDirectory(237)) - Storage directory for Ratis is not configured. It is a good idea to map this to an SSD disk. Falling back to ozone.metadata.dirs
2022-02-09 14:04:43,780 [Listener at 0.0.0.0/46311] INFO  ratis.OzoneManagerRatisServer (OzoneManagerRatisServer.java:<init>(159)) - Instantiating OM Ratis server with groupID: om-service-test1 and peers: localhost:41473, localhost:44981, localhost:43541
2022-02-09 14:04:43,784 [Listener at 0.0.0.0/46311] INFO  ratis.OzoneManagerStateMachine (OzoneManagerStateMachine.java:loadSnapshotInfoFromDB(605)) - LastAppliedIndex is set from TransactionInfo from OM DB as (t:0, i:~)
2022-02-09 14:04:43,796 [Listener at 0.0.0.0/46311] INFO  server.RaftServer (ConfUtils.java:logGet(44)) - raft.rpc.type = GRPC (default)
2022-02-09 14:04:43,797 [Listener at 0.0.0.0/46311] INFO  grpc.GrpcFactory (GrpcFactory.java:checkPooledByteBufAllocatorUseCacheForAllThreads(48)) - PERFORMANCE WARNING: useCacheForAllThreads is true that may cause Netty to create a lot garbage objects and, as a result, trigger GC.
	It is recommended to disable useCacheForAllThreads by setting -Dorg.apache.ratis.thirdparty.io.netty.allocator.useCacheForAllThreads=false in command line.
2022-02-09 14:04:43,797 [Listener at 0.0.0.0/46311] INFO  grpc.GrpcConfigKeys (ConfUtils.java:logGet(44)) - raft.grpc.admin.port = -1 (default)
2022-02-09 14:04:43,797 [Listener at 0.0.0.0/46311] INFO  grpc.GrpcConfigKeys (ConfUtils.java:logGet(44)) - raft.grpc.server.port = 41473 (custom)
2022-02-09 14:04:43,797 [Listener at 0.0.0.0/46311] INFO  grpc.GrpcConfigKeys (ConfUtils.java:logGet(44)) - raft.grpc.client.port = -1 (default)
2022-02-09 14:04:43,798 [Listener at 0.0.0.0/46311] INFO  grpc.GrpcConfigKeys (ConfUtils.java:logGet(44)) - raft.grpc.server.port = 41473 (custom)
2022-02-09 14:04:43,798 [Listener at 0.0.0.0/46311] INFO  grpc.GrpcConfigKeys (ConfUtils.java:logGet(44)) - raft.grpc.server.port = 41473 (custom)
2022-02-09 14:04:43,798 [Listener at 0.0.0.0/46311] INFO  server.GrpcService (ConfUtils.java:logGet(44)) - raft.grpc.message.size.max = 33554432 (custom)
2022-02-09 14:04:43,798 [Listener at 0.0.0.0/46311] INFO  server.RaftServerConfigKeys (ConfUtils.java:logGet(44)) - raft.server.log.appender.buffer.byte-limit = 33554432 (custom)
2022-02-09 14:04:43,799 [Listener at 0.0.0.0/46311] INFO  server.GrpcService (ConfUtils.java:logGet(44)) - raft.grpc.flow.control.window = 1MB (=1048576) (default)
2022-02-09 14:04:43,799 [Listener at 0.0.0.0/46311] INFO  server.RaftServerConfigKeys (ConfUtils.java:logGet(44)) - raft.server.rpc.request.timeout = 3000ms (default)
2022-02-09 14:04:43,801 [Listener at 0.0.0.0/46311] INFO  impl.DataStreamServerImpl (ConfUtils.java:logGet(44)) - raft.datastream.type = DISABLED (default)
2022-02-09 14:04:43,801 [Listener at 0.0.0.0/46311] INFO  server.RaftServerConfigKeys (ConfUtils.java:logGet(44)) - raft.server.rpc.slowness.timeout = 2s (custom)
2022-02-09 14:04:43,801 [Listener at 0.0.0.0/46311] INFO  server.RaftServerConfigKeys (ConfUtils.java:logGet(44)) - raft.server.leaderelection.leader.step-down.wait-time = 10s (default)
2022-02-09 14:04:43,801 [Listener at 0.0.0.0/46311] INFO  server.RaftServerConfigKeys (ConfUtils.java:logGet(44)) - raft.server.storage.dir = [/home/runner/work/ozone/ozone/hadoop-ozone/integration-test/target/test-dir/MiniOzoneClusterImpl-9c41f9ea-08a3-4502-a72d-bbb1f5427d0a/omNode-1/ratis] (custom)
2022-02-09 14:04:43,812 [Listener at 0.0.0.0/46311] INFO  server.RaftServer (RaftServerProxy.java:addNew(95)) - omNode-1: addNew group-523986131536:[omNode-3|rpc:localhost:44981|priority:0, omNode-1|rpc:localhost:41473|priority:0, omNode-2|rpc:localhost:43541|priority:0] returns group-523986131536:java.util.concurrent.CompletableFuture@224bff6[Not completed]
2022-02-09 14:04:43,812 [pool-45-thread-1] INFO  server.RaftServer$Division (RaftServerImpl.java:<init>(184)) - omNode-1: new RaftServerImpl for group-523986131536:[omNode-3|rpc:localhost:44981|priority:0, omNode-1|rpc:localhost:41473|priority:0, omNode-2|rpc:localhost:43541|priority:0] with OzoneManagerStateMachine:uninitialized
2022-02-09 14:04:43,812 [Listener at 0.0.0.0/46311] INFO  om.OzoneManager (OzoneManager.java:initializeRatisServer(1834)) - OzoneManager Ratis server initialized at port 41473
2022-02-09 14:04:43,820 [pool-45-thread-1] INFO  server.RaftServerConfigKeys (ConfUtils.java:logGet(44)) - raft.server.rpc.timeout.min = 1s (custom)
2022-02-09 14:04:43,820 [pool-45-thread-1] INFO  server.RaftServerConfigKeys (ConfUtils.java:logGet(44)) - raft.server.rpc.timeout.max = 1200ms (custom)
2022-02-09 14:04:43,820 [pool-45-thread-1] INFO  server.RaftServerConfigKeys (ConfUtils.java:logGet(44)) - raft.server.rpc.sleep.time = 25ms (default)
2022-02-09 14:04:43,820 [pool-45-thread-1] INFO  server.RaftServerConfigKeys (ConfUtils.java:logGet(44)) - raft.server.rpc.slowness.timeout = 2s (custom)
2022-02-09 14:04:43,821 [pool-45-thread-1] INFO  server.RaftServerConfigKeys (ConfUtils.java:logGet(44)) - raft.server.leaderelection.leader.step-down.wait-time = 10s (default)
2022-02-09 14:04:43,821 [pool-45-thread-1] INFO  server.RaftServerConfigKeys (ConfUtils.java:logGet(44)) - raft.server.sleep.deviation.threshold = 300ms (default)
2022-02-09 14:04:43,821 [pool-45-thread-1] INFO  server.RaftServerConfigKeys (ConfUtils.java:logGet(44)) - raft.server.log.appender.install.snapshot.enabled = false (custom)
2022-02-09 14:04:43,821 [pool-45-thread-1] INFO  server.RaftServer$Division (ServerState.java:<init>(105)) - omNode-1@group-523986131536: ConfigurationManager, init=-1: [omNode-3|rpc:localhost:44981|priority:0, omNode-1|rpc:localhost:41473|priority:0, omNode-2|rpc:localhost:43541|priority:0], old=null, confs=<EMPTY_MAP>
2022-02-09 14:04:43,821 [pool-45-thread-1] INFO  server.RaftServerConfigKeys (ConfUtils.java:logGet(44)) - raft.server.storage.dir = [/home/runner/work/ozone/ozone/hadoop-ozone/integration-test/target/test-dir/MiniOzoneClusterImpl-9c41f9ea-08a3-4502-a72d-bbb1f5427d0a/omNode-1/ratis] (custom)
2022-02-09 14:04:43,821 [pool-45-thread-1] INFO  server.RaftServerConfigKeys (ConfUtils.java:logGet(44)) - raft.server.log.corruption.policy = EXCEPTION (default)
2022-02-09 14:04:43,821 [pool-45-thread-1] INFO  server.RaftServerConfigKeys (ConfUtils.java:logGet(44)) - raft.server.storage.free-space.min = 0MB (=0) (default)
2022-02-09 14:04:43,821 [pool-45-thread-1] INFO  storage.RaftStorageDirectory (RaftStorageDirectoryImpl.java:analyzeStorage(135)) - The storage directory /home/runner/work/ozone/ozone/hadoop-ozone/integration-test/target/test-dir/MiniOzoneClusterImpl-9c41f9ea-08a3-4502-a72d-bbb1f5427d0a/omNode-1/ratis/c9bc4cf4-3bc3-3c60-a66b-523986131536 does not exist. Creating ...
2022-02-09 14:04:43,825 [pool-45-thread-1] INFO  storage.RaftStorageDirectory (RaftStorageDirectoryImpl.java:tryLock(230)) - Lock on /home/runner/work/ozone/ozone/hadoop-ozone/integration-test/target/test-dir/MiniOzoneClusterImpl-9c41f9ea-08a3-4502-a72d-bbb1f5427d0a/omNode-1/ratis/c9bc4cf4-3bc3-3c60-a66b-523986131536/in_use.lock acquired by nodename 1691@fv-az270-916
2022-02-09 14:04:43,830 [pool-45-thread-1] INFO  storage.RaftStorage (RaftStorageImpl.java:format(89)) - Storage directory /home/runner/work/ozone/ozone/hadoop-ozone/integration-test/target/test-dir/MiniOzoneClusterImpl-9c41f9ea-08a3-4502-a72d-bbb1f5427d0a/omNode-1/ratis/c9bc4cf4-3bc3-3c60-a66b-523986131536 has been successfully formatted.
2022-02-09 14:04:43,831 [pool-45-thread-1] INFO  server.RaftServerConfigKeys (ConfUtils.java:logGet(44)) - raft.server.notification.no-leader.timeout = 2s (custom)
2022-02-09 14:04:43,831 [pool-45-thread-1] INFO  server.RaftServerConfigKeys (ConfUtils.java:logGet(44)) - raft.server.log.use.memory = false (default)
2022-02-09 14:04:43,831 [pool-45-thread-1] INFO  server.RaftServerConfigKeys (ConfUtils.java:logGet(44)) - raft.server.log.purge.gap = 50 (custom)
2022-02-09 14:04:43,831 [pool-45-thread-1] INFO  server.RaftServerConfigKeys (ConfUtils.java:logGet(44)) - raft.server.log.appender.buffer.byte-limit = 33554432 (custom)
2022-02-09 14:04:43,832 [pool-45-thread-1] INFO  server.RaftServerConfigKeys (ConfUtils.java:logGet(44)) - raft.server.log.segment.size.max = 4194304 (custom)
2022-02-09 14:04:43,832 [pool-45-thread-1] INFO  server.RaftServerConfigKeys (ConfUtils.java:logGet(44)) - raft.server.log.segment.cache.num.max = 2 (custom)
2022-02-09 14:04:43,832 [pool-45-thread-1] INFO  server.RaftServerConfigKeys (ConfUtils.java:logGet(44)) - raft.server.log.segment.cache.size.max = 200MB (=209715200) (default)
2022-02-09 14:04:43,832 [pool-45-thread-1] INFO  segmented.SegmentedRaftLogWorker (SegmentedRaftLogWorker.java:<init>(182)) - new omNode-1@group-523986131536-SegmentedRaftLogWorker for RaftStorageImpl:Storage Directory /home/runner/work/ozone/ozone/hadoop-ozone/integration-test/target/test-dir/MiniOzoneClusterImpl-9c41f9ea-08a3-4502-a72d-bbb1f5427d0a/omNode-1/ratis/c9bc4cf4-3bc3-3c60-a66b-523986131536
2022-02-09 14:04:43,833 [pool-45-thread-1] INFO  server.RaftServerConfigKeys (ConfUtils.java:logGet(44)) - raft.server.log.queue.byte-limit = 64MB (=67108864) (default)
2022-02-09 14:04:43,833 [pool-45-thread-1] INFO  server.RaftServerConfigKeys (ConfUtils.java:logGet(44)) - raft.server.log.queue.element-limit = 4096 (default)
2022-02-09 14:04:43,833 [pool-45-thread-1] INFO  server.RaftServerConfigKeys (ConfUtils.java:logGet(44)) - raft.server.log.segment.size.max = 4194304 (custom)
2022-02-09 14:04:43,833 [pool-45-thread-1] INFO  server.RaftServerConfigKeys (ConfUtils.java:logGet(44)) - raft.server.log.preallocated.size = 4194304 (custom)
2022-02-09 14:04:43,833 [pool-45-thread-1] INFO  server.RaftServerConfigKeys (ConfUtils.java:logGet(44)) - raft.server.log.force.sync.num = 128 (default)
2022-02-09 14:04:43,833 [pool-45-thread-1] INFO  server.RaftServerConfigKeys (ConfUtils.java:logGet(44)) - raft.server.log.statemachine.data.sync = true (default)
2022-02-09 14:04:43,833 [pool-45-thread-1] INFO  server.RaftServerConfigKeys (ConfUtils.java:logGet(44)) - raft.server.log.statemachine.data.sync.timeout = 10s (default)
2022-02-09 14:04:43,833 [pool-45-thread-1] INFO  server.RaftServerConfigKeys (ConfUtils.java:logGet(44)) - raft.server.log.statemachine.data.sync.timeout.retry = -1 (default)
2022-02-09 14:04:43,835 [pool-45-thread-1] INFO  server.RaftServerConfigKeys (ConfUtils.java:logGet(44)) - raft.server.log.write.buffer.size = 64KB (=65536) (default)
2022-02-09 14:04:43,835 [pool-45-thread-1] INFO  server.RaftServerConfigKeys (ConfUtils.java:logGet(44)) - raft.server.log.statemachine.data.caching.enabled = false (default)
2022-02-09 14:04:43,835 [pool-45-thread-1] INFO  segmented.SegmentedRaftLogWorker (SegmentedRaftLogWorker.java:lambda$new$0(133)) - omNode-1@group-523986131536-SegmentedRaftLogWorker: flushIndex: setUnconditionally 0 -> -1
2022-02-09 14:04:43,835 [pool-45-thread-1] INFO  segmented.SegmentedRaftLogWorker (SegmentedRaftLogWorker.java:lambda$new$0(133)) - omNode-1@group-523986131536-SegmentedRaftLogWorker: safeCacheEvictIndex: setUnconditionally 0 -> -1
2022-02-09 14:04:43,835 [Listener at 0.0.0.0/46311] INFO  ipc.CallQueueManager (CallQueueManager.java:<init>(90)) - Using callQueue: class java.util.concurrent.LinkedBlockingQueue, queueCapacity: 2000, scheduler: class org.apache.hadoop.ipc.DefaultRpcScheduler, ipcBackoff: false.
2022-02-09 14:04:43,836 [pool-45-thread-1] INFO  server.RaftServerConfigKeys (ConfUtils.java:logGet(44)) - raft.server.snapshot.auto.trigger.enabled = true (custom)
2022-02-09 14:04:43,836 [pool-45-thread-1] INFO  server.RaftServerConfigKeys (ConfUtils.java:logGet(44)) - raft.server.snapshot.auto.trigger.threshold = 50 (custom)
2022-02-09 14:04:43,836 [pool-45-thread-1] INFO  server.RaftServerConfigKeys (ConfUtils.java:logGet(44)) - raft.server.snapshot.retention.file.num = -1 (default)
2022-02-09 14:04:43,837 [pool-45-thread-1] INFO  server.RaftServerConfigKeys (ConfUtils.java:logGet(44)) - raft.server.log.purge.upto.snapshot.index = true (custom)
2022-02-09 14:04:43,838 [pool-45-thread-1] INFO  server.RaftServerConfigKeys (ConfUtils.java:logGet(44)) - raft.server.retrycache.expirytime = 30000ms (custom)
2022-02-09 14:04:43,838 [pool-45-thread-1] INFO  server.RaftServerConfigKeys (ConfUtils.java:logGet(44)) - raft.server.retrycache.statistics.expirytime = 100μs (default)
2022-02-09 14:04:43,840 [Socket Reader #1 for port 43105] INFO  ipc.Server (Server.java:run(1265)) - Starting Socket Reader #1 for port 43105
2022-02-09 14:04:43,870 [Listener at 127.0.0.1/43105] INFO  impl.MetricsSystemImpl (MetricsSystemImpl.java:init(158)) - OzoneManager metrics system started (again)
2022-02-09 14:04:43,883 [Listener at 127.0.0.1/43105] INFO  om.OzoneManager (OzoneManager.java:start(1365)) - OzoneManager RPC server is listening at localhost/127.0.0.1:43105
2022-02-09 14:04:43,883 [Listener at 127.0.0.1/43105] INFO  ratis.OzoneManagerRatisServer (OzoneManagerRatisServer.java:start(554)) - Starting OzoneManagerRatisServer omNode-1 at port 41473
2022-02-09 14:04:43,883 [Listener at 127.0.0.1/43105] INFO  server.RaftServer$Division (RaftServerImpl.java:start(301)) - omNode-1@group-523986131536: start as a follower, conf=-1: [omNode-3|rpc:localhost:44981|priority:0, omNode-1|rpc:localhost:41473|priority:0, omNode-2|rpc:localhost:43541|priority:0], old=null
2022-02-09 14:04:43,884 [Listener at 127.0.0.1/43105] INFO  server.RaftServer$Division (RaftServerImpl.java:setRole(290)) - omNode-1@group-523986131536: changes role from      null to FOLLOWER at term 0 for startAsFollower
2022-02-09 14:04:43,884 [Listener at 127.0.0.1/43105] INFO  impl.RoleInfo (RoleInfo.java:updateAndGet(130)) - omNode-1: start omNode-1@group-523986131536-FollowerState
2022-02-09 14:04:43,884 [Listener at 127.0.0.1/43105] INFO  util.JmxRegister (JmxRegister.java:tryRegister(44)) - Successfully registered JMX Bean with object name Ratis:service=RaftServer,group=group-523986131536,id=omNode-1
2022-02-09 14:04:43,886 [Listener at 127.0.0.1/43105] INFO  server.RaftServer (RaftServerProxy.java:lambda$start$5(374)) - omNode-1: start RPC server
2022-02-09 14:04:43,892 [Listener at 127.0.0.1/43105] INFO  server.GrpcService (GrpcService.java:startImpl(253)) - omNode-1: GrpcService started, listening on 41473
2022-02-09 14:04:43,896 [Listener at 127.0.0.1/43105] INFO  om.OzoneManager (OzoneManager.java:start(1381)) - Version File has different layout version (0) than OM DB (null). That is expected if this OM has never been finalized to a newer layout version.
2022-02-09 14:04:43,898 [org.apache.ratis.util.JvmPauseMonitor$$Lambda$422/1400671358@6ed1fdb7] INFO  util.JvmPauseMonitor (JvmPauseMonitor.java:run(103)) - JvmPauseMonitor-omNode-1: Started
2022-02-09 14:04:43,906 [Listener at 127.0.0.1/43105] INFO  http.BaseHttpServer (BaseHttpServer.java:newHttpServer2BuilderForOzone(209)) - Starting Web-server for ozoneManager at: http://0.0.0.0:38981
2022-02-09 14:04:43,906 [Listener at 127.0.0.1/43105] INFO  http.BaseHttpServer (BaseHttpServer.java:<init>(107)) - Hadoop Security Enabled: false Ozone Security Enabled: false Ozone HTTP Security Enabled: false 
2022-02-09 14:04:43,908 [Listener at 127.0.0.1/43105] INFO  server.AuthenticationFilter (AuthenticationFilter.java:constructSecretProvider(240)) - Unable to initialize FileSignerSecretProvider, falling back to use random secrets.
2022-02-09 14:04:43,916 [Listener at 127.0.0.1/43105] WARN  http.HttpRequestLog (HttpRequestLog.java:getRequestLog(103)) - Jetty request log can only be enabled using Log4j
2022-02-09 14:04:43,918 [Listener at 127.0.0.1/43105] INFO  http.HttpServer2 (HttpServer2.java:addGlobalFilter(1030)) - Added global filter 'safety' (class=org.apache.hadoop.hdds.server.http.HttpServer2$QuotingInputFilter)
2022-02-09 14:04:43,919 [Listener at 127.0.0.1/43105] INFO  http.HttpServer2 (HttpServer2.java:addFilter(1006)) - Added filter static_user_filter (class=org.apache.hadoop.http.lib.StaticUserWebFilter$StaticUserFilter) to context ozoneManager
2022-02-09 14:04:43,919 [Listener at 127.0.0.1/43105] INFO  http.HttpServer2 (HttpServer2.java:addFilter(1014)) - Added filter static_user_filter (class=org.apache.hadoop.http.lib.StaticUserWebFilter$StaticUserFilter) to context static
2022-02-09 14:04:43,919 [Listener at 127.0.0.1/43105] INFO  http.HttpServer2 (HttpServer2.java:addFilter(1014)) - Added filter static_user_filter (class=org.apache.hadoop.http.lib.StaticUserWebFilter$StaticUserFilter) to context logs
2022-02-09 14:04:43,921 [Listener at 127.0.0.1/43105] INFO  http.HttpServer2 (HttpServer2.java:bindListener(1249)) - Jetty bound to port 38981
2022-02-09 14:04:43,922 [Listener at 127.0.0.1/43105] INFO  server.Server (Server.java:doStart(375)) - jetty-9.4.43.v20210629; built: 2021-06-30T11:07:22.254Z; git: 526006ecfa3af7f1a27ef3a288e2bef7ea9dd7e8; jvm 1.8.0_312-b07
2022-02-09 14:04:43,932 [Listener at 127.0.0.1/43105] INFO  server.session (DefaultSessionIdManager.java:doStart(334)) - DefaultSessionIdManager workerName=node0
2022-02-09 14:04:43,933 [Listener at 127.0.0.1/43105] INFO  server.session (DefaultSessionIdManager.java:doStart(339)) - No SessionScavenger set, using defaults
2022-02-09 14:04:43,933 [Listener at 127.0.0.1/43105] INFO  server.session (HouseKeeper.java:startScavenging(132)) - node0 Scavenging every 600000ms
2022-02-09 14:04:43,934 [Listener at 127.0.0.1/43105] INFO  handler.ContextHandler (ContextHandler.java:doStart(915)) - Started o.e.j.s.ServletContextHandler@7e18b9e6{logs,/logs,file:///home/runner/work/ozone/ozone/hadoop-ozone/integration-test/target/log,AVAILABLE}
2022-02-09 14:04:43,934 [Listener at 127.0.0.1/43105] INFO  handler.ContextHandler (ContextHandler.java:doStart(915)) - Started o.e.j.s.ServletContextHandler@2e9f3b74{static,/static,file:///home/runner/work/ozone/ozone/hadoop-ozone/integration-test/target/test-classes/webapps/static,AVAILABLE}
2022-02-09 14:04:43,939 [Listener at 127.0.0.1/43105] INFO  handler.ContextHandler (ContextHandler.java:doStart(915)) - Started o.e.j.w.WebAppContext@620bfd8c{ozoneManager,/,file:///home/runner/work/ozone/ozone/hadoop-ozone/integration-test/target/test-classes/webapps/ozoneManager/,AVAILABLE}{file:/home/runner/work/ozone/ozone/hadoop-ozone/integration-test/target/test-classes/webapps/ozoneManager}
2022-02-09 14:04:43,941 [Listener at 127.0.0.1/43105] INFO  server.AbstractConnector (AbstractConnector.java:doStart(331)) - Started ServerConnector@52f0b3d8{HTTP/1.1, (http/1.1)}{0.0.0.0:38981}
2022-02-09 14:04:43,941 [Listener at 127.0.0.1/43105] INFO  server.Server (Server.java:doStart(415)) - Started @17375ms
2022-02-09 14:04:43,941 [Listener at 127.0.0.1/43105] WARN  impl.MetricsSystemImpl (MetricsSystemImpl.java:register(279)) - Sink prometheus already exists!
2022-02-09 14:04:43,942 [Listener at 127.0.0.1/43105] INFO  http.BaseHttpServer (BaseHttpServer.java:updateConnectorAddress(329)) - HTTP server of ozoneManager listening at http://0.0.0.0:38981
2022-02-09 14:04:43,943 [IPC Server Responder] INFO  ipc.Server (Server.java:run(1507)) - IPC Server Responder: starting
2022-02-09 14:04:43,943 [IPC Server listener on 43105] INFO  ipc.Server (Server.java:run(1344)) - IPC Server listener on 43105: starting
2022-02-09 14:04:43,947 [Listener at 127.0.0.1/43105] INFO  om.OzoneManager (OzoneManager.java:startTrashEmptier(1792)) - Trash Interval set to 0. Files deleted will not move to trash
2022-02-09 14:04:43,952 [Listener at 127.0.0.1/43105] INFO  ozone.MiniOzoneHAClusterImpl (MiniOzoneHAClusterImpl.java:createOMService(522)) - Started OzoneManager omNode-1 RPC server at localhost/127.0.0.1:43105
2022-02-09 14:04:43,952 [Listener at 127.0.0.1/43105] INFO  ha.OMHANodeDetails (OMHANodeDetails.java:loadOMHAConfig(118)) - ServiceID for OzoneManager is om-service-test1
2022-02-09 14:04:43,953 [Listener at 127.0.0.1/43105] INFO  ha.OMHANodeDetails (OMHANodeDetails.java:loadOMHAConfig(193)) - Found matching OM address with OMServiceId: om-service-test1, OMNodeId: omNode-2, RPC Address: localhost:46577 and Ratis port: 43541
2022-02-09 14:04:43,953 [Listener at 127.0.0.1/43105] INFO  ha.OMHANodeDetails (ConfUtils.java:setNodeSpecificConfigs(108)) - Setting configuration key ozone.om.http-address with value of key ozone.om.http-address.om-service-test1.omNode-2: 127.0.0.1:38517
2022-02-09 14:04:43,953 [Listener at 127.0.0.1/43105] INFO  ha.OMHANodeDetails (ConfUtils.java:setNodeSpecificConfigs(108)) - Setting configuration key ozone.om.https-address with value of key ozone.om.https-address.om-service-test1.omNode-2: 127.0.0.1:44563
2022-02-09 14:04:43,953 [Listener at 127.0.0.1/43105] INFO  ha.OMHANodeDetails (ConfUtils.java:setNodeSpecificConfigs(108)) - Setting configuration key ozone.om.address with value of key ozone.om.address.om-service-test1.omNode-2: 127.0.0.1:46577
2022-02-09 14:04:43,954 [Listener at 127.0.0.1/43105] WARN  server.ServerUtils (ServerUtils.java:getDBPath(225)) - ozone.om.db.dirs is not configured. We recommend adding this setting. Falling back to ozone.metadata.dirs instead.
2022-02-09 14:04:43,956 [org.apache.hadoop.util.JvmPauseMonitor$Monitor@441eae0b] INFO  util.JvmPauseMonitor (JvmPauseMonitor.java:run(188)) - Starting JVM pause monitor
OM initialization succeeded.Current cluster id for sd=/home/runner/work/ozone/ozone/hadoop-ozone/integration-test/target/test-dir/MiniOzoneClusterImpl-9c41f9ea-08a3-4502-a72d-bbb1f5427d0a/omNode-2/om;cid=9c41f9ea-08a3-4502-a72d-bbb1f5427d0a;layoutVersion=0
2022-02-09 14:04:43,967 [Listener at 127.0.0.1/43105] INFO  ha.OMHANodeDetails (OMHANodeDetails.java:loadOMHAConfig(118)) - ServiceID for OzoneManager is om-service-test1
2022-02-09 14:04:43,968 [Listener at 127.0.0.1/43105] INFO  ha.OMHANodeDetails (OMHANodeDetails.java:loadOMHAConfig(193)) - Found matching OM address with OMServiceId: om-service-test1, OMNodeId: omNode-2, RPC Address: localhost:46577 and Ratis port: 43541
2022-02-09 14:04:43,968 [Listener at 127.0.0.1/43105] INFO  ha.OMHANodeDetails (ConfUtils.java:setNodeSpecificConfigs(108)) - Setting configuration key ozone.om.http-address with value of key ozone.om.http-address.om-service-test1.omNode-2: 127.0.0.1:38517
2022-02-09 14:04:43,969 [Listener at 127.0.0.1/43105] INFO  ha.OMHANodeDetails (ConfUtils.java:setNodeSpecificConfigs(108)) - Setting configuration key ozone.om.https-address with value of key ozone.om.https-address.om-service-test1.omNode-2: 127.0.0.1:44563
2022-02-09 14:04:43,969 [Listener at 127.0.0.1/43105] INFO  ha.OMHANodeDetails (ConfUtils.java:setNodeSpecificConfigs(108)) - Setting configuration key ozone.om.address with value of key ozone.om.address.om-service-test1.omNode-2: 127.0.0.1:46577
2022-02-09 14:04:43,969 [Listener at 127.0.0.1/43105] WARN  server.ServerUtils (ServerUtils.java:getDBPath(225)) - ozone.om.db.dirs is not configured. We recommend adding this setting. Falling back to ozone.metadata.dirs instead.
2022-02-09 14:04:43,969 [Listener at 127.0.0.1/43105] INFO  upgrade.AbstractLayoutVersionManager (AbstractLayoutVersionManager.java:init(79)) - Initializing Layout version manager with metadata layout = INITIAL_VERSION (version = 0), software layout = INITIAL_VERSION (version = 0)
2022-02-09 14:04:44,058 [Listener at 127.0.0.1/43105] INFO  reflections.Reflections (Reflections.java:scan(232)) - Reflections took 86 ms to scan 2 urls, producing 133 keys and 348 values [using 2 cores]
2022-02-09 14:04:44,058 [Listener at 127.0.0.1/43105] INFO  upgrade.OMLayoutVersionManager (OMLayoutVersionManager.java:lambda$0(115)) - Skipping Upgrade Action MockOmUpgradeAction since it has been finalized.
2022-02-09 14:04:44,058 [Listener at 127.0.0.1/43105] WARN  server.ServerUtils (ServerUtils.java:getDBPath(225)) - ozone.om.db.dirs is not configured. We recommend adding this setting. Falling back to ozone.metadata.dirs instead.
2022-02-09 14:04:44,069 [Listener at 127.0.0.1/43105] WARN  server.ServerUtils (ServerUtils.java:getDBPath(225)) - ozone.om.db.dirs is not configured. We recommend adding this setting. Falling back to ozone.metadata.dirs instead.
2022-02-09 14:04:44,070 [Listener at 127.0.0.1/43105] INFO  codec.OmKeyInfoCodec (OmKeyInfoCodec.java:<init>(50)) - OmKeyInfoCodec ignorePipeline = true
2022-02-09 14:04:44,070 [Listener at 127.0.0.1/43105] INFO  codec.RepeatedOmKeyInfoCodec (RepeatedOmKeyInfoCodec.java:<init>(42)) - RepeatedOmKeyInfoCodec ignorePipeline = true
2022-02-09 14:04:44,224 [Listener at 127.0.0.1/43105] INFO  om.OzoneManager (OzoneManager.java:addS3GVolumeToDB(3732)) - Created Volume s3v With Owner runner required for S3Gateway operations.
2022-02-09 14:04:44,225 [Listener at 127.0.0.1/43105] WARN  server.ServerUtils (ServerUtils.java:getDefaultRatisDirectory(237)) - Storage directory for Ratis is not configured. It is a good idea to map this to an SSD disk. Falling back to ozone.metadata.dirs
2022-02-09 14:04:44,225 [Listener at 127.0.0.1/43105] WARN  utils.OzoneManagerRatisUtils (OzoneManagerRatisUtils.java:getOMRatisSnapshotDirectory(330)) - ozone.om.ratis.snapshot.dir is not configured. Falling back to ozone.metadata.dirs config
2022-02-09 14:04:44,225 [Listener at 127.0.0.1/43105] INFO  snapshot.OzoneManagerSnapshotProvider (OzoneManagerSnapshotProvider.java:<init>(76)) - Initializing OM Snapshot Provider
2022-02-09 14:04:44,227 [Listener at 127.0.0.1/43105] WARN  impl.MetricRegistriesImpl (MetricRegistriesImpl.java:addReporterRegistration(111)) - New reporters are added after registries were created. Some metrics will be missing from the reporter. Please add reporter before adding any new registry.
2022-02-09 14:04:44,227 [Listener at 127.0.0.1/43105] WARN  impl.MetricRegistriesImpl (MetricRegistriesImpl.java:addReporterRegistration(111)) - New reporters are added after registries were created. Some metrics will be missing from the reporter. Please add reporter before adding any new registry.
2022-02-09 14:04:44,227 [Listener at 127.0.0.1/43105] WARN  server.ServerUtils (ServerUtils.java:getDefaultRatisDirectory(237)) - Storage directory for Ratis is not configured. It is a good idea to map this to an SSD disk. Falling back to ozone.metadata.dirs
2022-02-09 14:04:44,234 [Listener at 127.0.0.1/43105] INFO  ratis.OzoneManagerRatisServer (OzoneManagerRatisServer.java:<init>(159)) - Instantiating OM Ratis server with groupID: om-service-test1 and peers: localhost:43541, localhost:44981, localhost:41473
2022-02-09 14:04:44,235 [Listener at 127.0.0.1/43105] INFO  ratis.OzoneManagerStateMachine (OzoneManagerStateMachine.java:loadSnapshotInfoFromDB(605)) - LastAppliedIndex is set from TransactionInfo from OM DB as (t:0, i:~)
2022-02-09 14:04:44,235 [Listener at 127.0.0.1/43105] INFO  server.RaftServer (ConfUtils.java:logGet(44)) - raft.rpc.type = GRPC (default)
2022-02-09 14:04:44,235 [Listener at 127.0.0.1/43105] INFO  grpc.GrpcFactory (GrpcFactory.java:checkPooledByteBufAllocatorUseCacheForAllThreads(48)) - PERFORMANCE WARNING: useCacheForAllThreads is true that may cause Netty to create a lot garbage objects and, as a result, trigger GC.
	It is recommended to disable useCacheForAllThreads by setting -Dorg.apache.ratis.thirdparty.io.netty.allocator.useCacheForAllThreads=false in command line.
2022-02-09 14:04:44,236 [Listener at 127.0.0.1/43105] INFO  grpc.GrpcConfigKeys (ConfUtils.java:logGet(44)) - raft.grpc.admin.port = -1 (default)
2022-02-09 14:04:44,236 [Listener at 127.0.0.1/43105] INFO  grpc.GrpcConfigKeys (ConfUtils.java:logGet(44)) - raft.grpc.server.port = 43541 (custom)
2022-02-09 14:04:44,236 [Listener at 127.0.0.1/43105] INFO  grpc.GrpcConfigKeys (ConfUtils.java:logGet(44)) - raft.grpc.client.port = -1 (default)
2022-02-09 14:04:44,236 [Listener at 127.0.0.1/43105] INFO  grpc.GrpcConfigKeys (ConfUtils.java:logGet(44)) - raft.grpc.server.port = 43541 (custom)
2022-02-09 14:04:44,236 [Listener at 127.0.0.1/43105] INFO  grpc.GrpcConfigKeys (ConfUtils.java:logGet(44)) - raft.grpc.server.port = 43541 (custom)
2022-02-09 14:04:44,236 [Listener at 127.0.0.1/43105] INFO  server.GrpcService (ConfUtils.java:logGet(44)) - raft.grpc.message.size.max = 33554432 (custom)
2022-02-09 14:04:44,237 [Listener at 127.0.0.1/43105] INFO  server.RaftServerConfigKeys (ConfUtils.java:logGet(44)) - raft.server.log.appender.buffer.byte-limit = 33554432 (custom)
2022-02-09 14:04:44,237 [Listener at 127.0.0.1/43105] INFO  server.GrpcService (ConfUtils.java:logGet(44)) - raft.grpc.flow.control.window = 1MB (=1048576) (default)
2022-02-09 14:04:44,237 [Listener at 127.0.0.1/43105] INFO  server.RaftServerConfigKeys (ConfUtils.java:logGet(44)) - raft.server.rpc.request.timeout = 3000ms (default)
2022-02-09 14:04:44,238 [Listener at 127.0.0.1/43105] INFO  impl.DataStreamServerImpl (ConfUtils.java:logGet(44)) - raft.datastream.type = DISABLED (default)
2022-02-09 14:04:44,238 [Listener at 127.0.0.1/43105] INFO  server.RaftServerConfigKeys (ConfUtils.java:logGet(44)) - raft.server.rpc.slowness.timeout = 2s (custom)
2022-02-09 14:04:44,239 [Listener at 127.0.0.1/43105] INFO  server.RaftServerConfigKeys (ConfUtils.java:logGet(44)) - raft.server.leaderelection.leader.step-down.wait-time = 10s (default)
2022-02-09 14:04:44,239 [Listener at 127.0.0.1/43105] INFO  server.RaftServerConfigKeys (ConfUtils.java:logGet(44)) - raft.server.storage.dir = [/home/runner/work/ozone/ozone/hadoop-ozone/integration-test/target/test-dir/MiniOzoneClusterImpl-9c41f9ea-08a3-4502-a72d-bbb1f5427d0a/omNode-2/ratis] (custom)
2022-02-09 14:04:44,240 [Listener at 127.0.0.1/43105] INFO  server.RaftServer (RaftServerProxy.java:addNew(95)) - omNode-2: addNew group-523986131536:[omNode-3|rpc:localhost:44981|priority:0, omNode-1|rpc:localhost:41473|priority:0, omNode-2|rpc:localhost:43541|priority:0] returns group-523986131536:java.util.concurrent.CompletableFuture@3da20c42[Not completed]
2022-02-09 14:04:44,240 [Listener at 127.0.0.1/43105] INFO  om.OzoneManager (OzoneManager.java:initializeRatisServer(1834)) - OzoneManager Ratis server initialized at port 43541
2022-02-09 14:04:44,242 [Listener at 127.0.0.1/43105] INFO  ipc.CallQueueManager (CallQueueManager.java:<init>(90)) - Using callQueue: class java.util.concurrent.LinkedBlockingQueue, queueCapacity: 2000, scheduler: class org.apache.hadoop.ipc.DefaultRpcScheduler, ipcBackoff: false.
2022-02-09 14:04:44,242 [pool-67-thread-1] INFO  server.RaftServer$Division (RaftServerImpl.java:<init>(184)) - omNode-2: new RaftServerImpl for group-523986131536:[omNode-3|rpc:localhost:44981|priority:0, omNode-1|rpc:localhost:41473|priority:0, omNode-2|rpc:localhost:43541|priority:0] with OzoneManagerStateMachine:uninitialized
2022-02-09 14:04:44,244 [pool-67-thread-1] INFO  server.RaftServerConfigKeys (ConfUtils.java:logGet(44)) - raft.server.rpc.timeout.min = 1s (custom)
2022-02-09 14:04:44,245 [pool-67-thread-1] INFO  server.RaftServerConfigKeys (ConfUtils.java:logGet(44)) - raft.server.rpc.timeout.max = 1200ms (custom)
2022-02-09 14:04:44,245 [pool-67-thread-1] INFO  server.RaftServerConfigKeys (ConfUtils.java:logGet(44)) - raft.server.rpc.sleep.time = 25ms (default)
2022-02-09 14:04:44,245 [pool-67-thread-1] INFO  server.RaftServerConfigKeys (ConfUtils.java:logGet(44)) - raft.server.rpc.slowness.timeout = 2s (custom)
2022-02-09 14:04:44,245 [pool-67-thread-1] INFO  server.RaftServerConfigKeys (ConfUtils.java:logGet(44)) - raft.server.leaderelection.leader.step-down.wait-time = 10s (default)
2022-02-09 14:04:44,245 [pool-67-thread-1] INFO  server.RaftServerConfigKeys (ConfUtils.java:logGet(44)) - raft.server.sleep.deviation.threshold = 300ms (default)
2022-02-09 14:04:44,245 [pool-67-thread-1] INFO  server.RaftServerConfigKeys (ConfUtils.java:logGet(44)) - raft.server.log.appender.install.snapshot.enabled = false (custom)
2022-02-09 14:04:44,245 [pool-67-thread-1] INFO  server.RaftServer$Division (ServerState.java:<init>(105)) - omNode-2@group-523986131536: ConfigurationManager, init=-1: [omNode-3|rpc:localhost:44981|priority:0, omNode-1|rpc:localhost:41473|priority:0, omNode-2|rpc:localhost:43541|priority:0], old=null, confs=<EMPTY_MAP>
2022-02-09 14:04:44,245 [pool-67-thread-1] INFO  server.RaftServerConfigKeys (ConfUtils.java:logGet(44)) - raft.server.storage.dir = [/home/runner/work/ozone/ozone/hadoop-ozone/integration-test/target/test-dir/MiniOzoneClusterImpl-9c41f9ea-08a3-4502-a72d-bbb1f5427d0a/omNode-2/ratis] (custom)
2022-02-09 14:04:44,246 [pool-67-thread-1] INFO  server.RaftServerConfigKeys (ConfUtils.java:logGet(44)) - raft.server.log.corruption.policy = EXCEPTION (default)
2022-02-09 14:04:44,246 [pool-67-thread-1] INFO  server.RaftServerConfigKeys (ConfUtils.java:logGet(44)) - raft.server.storage.free-space.min = 0MB (=0) (default)
2022-02-09 14:04:44,246 [Socket Reader #1 for port 46577] INFO  ipc.Server (Server.java:run(1265)) - Starting Socket Reader #1 for port 46577
2022-02-09 14:04:44,247 [pool-67-thread-1] INFO  storage.RaftStorageDirectory (RaftStorageDirectoryImpl.java:analyzeStorage(135)) - The storage directory /home/runner/work/ozone/ozone/hadoop-ozone/integration-test/target/test-dir/MiniOzoneClusterImpl-9c41f9ea-08a3-4502-a72d-bbb1f5427d0a/omNode-2/ratis/c9bc4cf4-3bc3-3c60-a66b-523986131536 does not exist. Creating ...
2022-02-09 14:04:44,254 [pool-67-thread-1] INFO  storage.RaftStorageDirectory (RaftStorageDirectoryImpl.java:tryLock(230)) - Lock on /home/runner/work/ozone/ozone/hadoop-ozone/integration-test/target/test-dir/MiniOzoneClusterImpl-9c41f9ea-08a3-4502-a72d-bbb1f5427d0a/omNode-2/ratis/c9bc4cf4-3bc3-3c60-a66b-523986131536/in_use.lock acquired by nodename 1691@fv-az270-916
2022-02-09 14:04:44,256 [pool-67-thread-1] INFO  storage.RaftStorage (RaftStorageImpl.java:format(89)) - Storage directory /home/runner/work/ozone/ozone/hadoop-ozone/integration-test/target/test-dir/MiniOzoneClusterImpl-9c41f9ea-08a3-4502-a72d-bbb1f5427d0a/omNode-2/ratis/c9bc4cf4-3bc3-3c60-a66b-523986131536 has been successfully formatted.
2022-02-09 14:04:44,257 [pool-67-thread-1] INFO  server.RaftServerConfigKeys (ConfUtils.java:logGet(44)) - raft.server.notification.no-leader.timeout = 2s (custom)
2022-02-09 14:04:44,257 [pool-67-thread-1] INFO  server.RaftServerConfigKeys (ConfUtils.java:logGet(44)) - raft.server.log.use.memory = false (default)
2022-02-09 14:04:44,257 [pool-67-thread-1] INFO  server.RaftServerConfigKeys (ConfUtils.java:logGet(44)) - raft.server.log.purge.gap = 50 (custom)
2022-02-09 14:04:44,257 [pool-67-thread-1] INFO  server.RaftServerConfigKeys (ConfUtils.java:logGet(44)) - raft.server.log.appender.buffer.byte-limit = 33554432 (custom)
2022-02-09 14:04:44,257 [pool-67-thread-1] INFO  server.RaftServerConfigKeys (ConfUtils.java:logGet(44)) - raft.server.log.segment.size.max = 4194304 (custom)
2022-02-09 14:04:44,258 [pool-67-thread-1] INFO  server.RaftServerConfigKeys (ConfUtils.java:logGet(44)) - raft.server.log.segment.cache.num.max = 2 (custom)
2022-02-09 14:04:44,258 [pool-67-thread-1] INFO  server.RaftServerConfigKeys (ConfUtils.java:logGet(44)) - raft.server.log.segment.cache.size.max = 200MB (=209715200) (default)
2022-02-09 14:04:44,258 [pool-67-thread-1] INFO  segmented.SegmentedRaftLogWorker (SegmentedRaftLogWorker.java:<init>(182)) - new omNode-2@group-523986131536-SegmentedRaftLogWorker for RaftStorageImpl:Storage Directory /home/runner/work/ozone/ozone/hadoop-ozone/integration-test/target/test-dir/MiniOzoneClusterImpl-9c41f9ea-08a3-4502-a72d-bbb1f5427d0a/omNode-2/ratis/c9bc4cf4-3bc3-3c60-a66b-523986131536
2022-02-09 14:04:44,258 [pool-67-thread-1] INFO  server.RaftServerConfigKeys (ConfUtils.java:logGet(44)) - raft.server.log.queue.byte-limit = 64MB (=67108864) (default)
2022-02-09 14:04:44,258 [pool-67-thread-1] INFO  server.RaftServerConfigKeys (ConfUtils.java:logGet(44)) - raft.server.log.queue.element-limit = 4096 (default)
2022-02-09 14:04:44,259 [pool-67-thread-1] INFO  server.RaftServerConfigKeys (ConfUtils.java:logGet(44)) - raft.server.log.segment.size.max = 4194304 (custom)
2022-02-09 14:04:44,259 [pool-67-thread-1] INFO  server.RaftServerConfigKeys (ConfUtils.java:logGet(44)) - raft.server.log.preallocated.size = 4194304 (custom)
2022-02-09 14:04:44,259 [pool-67-thread-1] INFO  server.RaftServerConfigKeys (ConfUtils.java:logGet(44)) - raft.server.log.force.sync.num = 128 (default)
2022-02-09 14:04:44,259 [pool-67-thread-1] INFO  server.RaftServerConfigKeys (ConfUtils.java:logGet(44)) - raft.server.log.statemachine.data.sync = true (default)
2022-02-09 14:04:44,259 [pool-67-thread-1] INFO  server.RaftServerConfigKeys (ConfUtils.java:logGet(44)) - raft.server.log.statemachine.data.sync.timeout = 10s (default)
2022-02-09 14:04:44,259 [pool-67-thread-1] INFO  server.RaftServerConfigKeys (ConfUtils.java:logGet(44)) - raft.server.log.statemachine.data.sync.timeout.retry = -1 (default)
2022-02-09 14:04:44,264 [pool-67-thread-1] INFO  server.RaftServerConfigKeys (ConfUtils.java:logGet(44)) - raft.server.log.write.buffer.size = 64KB (=65536) (default)
2022-02-09 14:04:44,266 [pool-67-thread-1] INFO  server.RaftServerConfigKeys (ConfUtils.java:logGet(44)) - raft.server.log.statemachine.data.caching.enabled = false (default)
2022-02-09 14:04:44,266 [pool-67-thread-1] INFO  segmented.SegmentedRaftLogWorker (SegmentedRaftLogWorker.java:lambda$new$0(133)) - omNode-2@group-523986131536-SegmentedRaftLogWorker: flushIndex: setUnconditionally 0 -> -1
2022-02-09 14:04:44,266 [pool-67-thread-1] INFO  segmented.SegmentedRaftLogWorker (SegmentedRaftLogWorker.java:lambda$new$0(133)) - omNode-2@group-523986131536-SegmentedRaftLogWorker: safeCacheEvictIndex: setUnconditionally 0 -> -1
2022-02-09 14:04:44,272 [Listener at 127.0.0.1/46577] INFO  impl.MetricsSystemImpl (MetricsSystemImpl.java:init(158)) - OzoneManager metrics system started (again)
2022-02-09 14:04:44,273 [pool-67-thread-1] INFO  server.RaftServerConfigKeys (ConfUtils.java:logGet(44)) - raft.server.snapshot.auto.trigger.enabled = true (custom)
2022-02-09 14:04:44,273 [pool-67-thread-1] INFO  server.RaftServerConfigKeys (ConfUtils.java:logGet(44)) - raft.server.snapshot.auto.trigger.threshold = 50 (custom)
2022-02-09 14:04:44,273 [pool-67-thread-1] INFO  server.RaftServerConfigKeys (ConfUtils.java:logGet(44)) - raft.server.snapshot.retention.file.num = -1 (default)
2022-02-09 14:04:44,273 [pool-67-thread-1] INFO  server.RaftServerConfigKeys (ConfUtils.java:logGet(44)) - raft.server.log.purge.upto.snapshot.index = true (custom)
2022-02-09 14:04:44,274 [pool-67-thread-1] INFO  server.RaftServerConfigKeys (ConfUtils.java:logGet(44)) - raft.server.retrycache.expirytime = 30000ms (custom)
2022-02-09 14:04:44,274 [pool-67-thread-1] INFO  server.RaftServerConfigKeys (ConfUtils.java:logGet(44)) - raft.server.retrycache.statistics.expirytime = 100μs (default)
2022-02-09 14:04:44,286 [Listener at 127.0.0.1/46577] INFO  om.OzoneManager (OzoneManager.java:start(1365)) - OzoneManager RPC server is listening at localhost/127.0.0.1:46577
2022-02-09 14:04:44,286 [Listener at 127.0.0.1/46577] INFO  ratis.OzoneManagerRatisServer (OzoneManagerRatisServer.java:start(554)) - Starting OzoneManagerRatisServer omNode-2 at port 43541
2022-02-09 14:04:44,286 [Listener at 127.0.0.1/46577] INFO  server.RaftServer$Division (RaftServerImpl.java:start(301)) - omNode-2@group-523986131536: start as a follower, conf=-1: [omNode-3|rpc:localhost:44981|priority:0, omNode-1|rpc:localhost:41473|priority:0, omNode-2|rpc:localhost:43541|priority:0], old=null
2022-02-09 14:04:44,286 [Listener at 127.0.0.1/46577] INFO  server.RaftServer$Division (RaftServerImpl.java:setRole(290)) - omNode-2@group-523986131536: changes role from      null to FOLLOWER at term 0 for startAsFollower
2022-02-09 14:04:44,286 [Listener at 127.0.0.1/46577] INFO  impl.RoleInfo (RoleInfo.java:updateAndGet(130)) - omNode-2: start omNode-2@group-523986131536-FollowerState
2022-02-09 14:04:44,287 [Listener at 127.0.0.1/46577] INFO  util.JmxRegister (JmxRegister.java:tryRegister(44)) - Successfully registered JMX Bean with object name Ratis:service=RaftServer,group=group-523986131536,id=omNode-2
2022-02-09 14:04:44,288 [Listener at 127.0.0.1/46577] INFO  server.RaftServer (RaftServerProxy.java:lambda$start$5(374)) - omNode-2: start RPC server
2022-02-09 14:04:44,290 [Listener at 127.0.0.1/46577] INFO  server.GrpcService (GrpcService.java:startImpl(253)) - omNode-2: GrpcService started, listening on 43541
2022-02-09 14:04:44,290 [Listener at 127.0.0.1/46577] INFO  om.OzoneManager (OzoneManager.java:start(1381)) - Version File has different layout version (0) than OM DB (null). That is expected if this OM has never been finalized to a newer layout version.
2022-02-09 14:04:44,290 [org.apache.ratis.util.JvmPauseMonitor$$Lambda$422/1400671358@5b0ddbcf] INFO  util.JvmPauseMonitor (JvmPauseMonitor.java:run(103)) - JvmPauseMonitor-omNode-2: Started
2022-02-09 14:04:44,303 [Listener at 127.0.0.1/46577] INFO  http.BaseHttpServer (BaseHttpServer.java:newHttpServer2BuilderForOzone(209)) - Starting Web-server for ozoneManager at: http://0.0.0.0:38517
2022-02-09 14:04:44,303 [Listener at 127.0.0.1/46577] INFO  http.BaseHttpServer (BaseHttpServer.java:<init>(107)) - Hadoop Security Enabled: false Ozone Security Enabled: false Ozone HTTP Security Enabled: false 
2022-02-09 14:04:44,305 [Listener at 127.0.0.1/46577] INFO  server.AuthenticationFilter (AuthenticationFilter.java:constructSecretProvider(240)) - Unable to initialize FileSignerSecretProvider, falling back to use random secrets.
2022-02-09 14:04:44,306 [Listener at 127.0.0.1/46577] WARN  http.HttpRequestLog (HttpRequestLog.java:getRequestLog(103)) - Jetty request log can only be enabled using Log4j
2022-02-09 14:04:44,307 [Listener at 127.0.0.1/46577] INFO  http.HttpServer2 (HttpServer2.java:addGlobalFilter(1030)) - Added global filter 'safety' (class=org.apache.hadoop.hdds.server.http.HttpServer2$QuotingInputFilter)
2022-02-09 14:04:44,308 [Listener at 127.0.0.1/46577] INFO  http.HttpServer2 (HttpServer2.java:addFilter(1006)) - Added filter static_user_filter (class=org.apache.hadoop.http.lib.StaticUserWebFilter$StaticUserFilter) to context ozoneManager
2022-02-09 14:04:44,308 [Listener at 127.0.0.1/46577] INFO  http.HttpServer2 (HttpServer2.java:addFilter(1014)) - Added filter static_user_filter (class=org.apache.hadoop.http.lib.StaticUserWebFilter$StaticUserFilter) to context logs
2022-02-09 14:04:44,308 [Listener at 127.0.0.1/46577] INFO  http.HttpServer2 (HttpServer2.java:addFilter(1014)) - Added filter static_user_filter (class=org.apache.hadoop.http.lib.StaticUserWebFilter$StaticUserFilter) to context static
2022-02-09 14:04:44,309 [Listener at 127.0.0.1/46577] INFO  http.HttpServer2 (HttpServer2.java:bindListener(1249)) - Jetty bound to port 38517
2022-02-09 14:04:44,309 [Listener at 127.0.0.1/46577] INFO  server.Server (Server.java:doStart(375)) - jetty-9.4.43.v20210629; built: 2021-06-30T11:07:22.254Z; git: 526006ecfa3af7f1a27ef3a288e2bef7ea9dd7e8; jvm 1.8.0_312-b07
2022-02-09 14:04:44,312 [Listener at 127.0.0.1/46577] INFO  server.session (DefaultSessionIdManager.java:doStart(334)) - DefaultSessionIdManager workerName=node0
2022-02-09 14:04:44,312 [Listener at 127.0.0.1/46577] INFO  server.session (DefaultSessionIdManager.java:doStart(339)) - No SessionScavenger set, using defaults
2022-02-09 14:04:44,313 [Listener at 127.0.0.1/46577] INFO  server.session (HouseKeeper.java:startScavenging(132)) - node0 Scavenging every 660000ms
2022-02-09 14:04:44,314 [Listener at 127.0.0.1/46577] INFO  handler.ContextHandler (ContextHandler.java:doStart(915)) - Started o.e.j.s.ServletContextHandler@706dd38b{logs,/logs,file:///home/runner/work/ozone/ozone/hadoop-ozone/integration-test/target/log,AVAILABLE}
2022-02-09 14:04:44,314 [Listener at 127.0.0.1/46577] INFO  handler.ContextHandler (ContextHandler.java:doStart(915)) - Started o.e.j.s.ServletContextHandler@5837b801{static,/static,file:///home/runner/work/ozone/ozone/hadoop-ozone/integration-test/target/test-classes/webapps/static,AVAILABLE}
2022-02-09 14:04:44,318 [Listener at 127.0.0.1/46577] INFO  handler.ContextHandler (ContextHandler.java:doStart(915)) - Started o.e.j.w.WebAppContext@2b82254b{ozoneManager,/,file:///home/runner/work/ozone/ozone/hadoop-ozone/integration-test/target/test-classes/webapps/ozoneManager/,AVAILABLE}{file:/home/runner/work/ozone/ozone/hadoop-ozone/integration-test/target/test-classes/webapps/ozoneManager}
2022-02-09 14:04:44,320 [Listener at 127.0.0.1/46577] INFO  server.AbstractConnector (AbstractConnector.java:doStart(331)) - Started ServerConnector@e8f7aa3{HTTP/1.1, (http/1.1)}{0.0.0.0:38517}
2022-02-09 14:04:44,320 [Listener at 127.0.0.1/46577] INFO  server.Server (Server.java:doStart(415)) - Started @17753ms
2022-02-09 14:04:44,320 [Listener at 127.0.0.1/46577] WARN  impl.MetricsSystemImpl (MetricsSystemImpl.java:register(279)) - Sink prometheus already exists!
2022-02-09 14:04:44,321 [Listener at 127.0.0.1/46577] INFO  http.BaseHttpServer (BaseHttpServer.java:updateConnectorAddress(329)) - HTTP server of ozoneManager listening at http://0.0.0.0:38517
2022-02-09 14:04:44,322 [IPC Server Responder] INFO  ipc.Server (Server.java:run(1507)) - IPC Server Responder: starting
2022-02-09 14:04:44,324 [IPC Server listener on 46577] INFO  ipc.Server (Server.java:run(1344)) - IPC Server listener on 46577: starting
2022-02-09 14:04:44,331 [Listener at 127.0.0.1/46577] INFO  om.OzoneManager (OzoneManager.java:startTrashEmptier(1792)) - Trash Interval set to 0. Files deleted will not move to trash
2022-02-09 14:04:44,332 [Listener at 127.0.0.1/46577] INFO  ozone.MiniOzoneHAClusterImpl (MiniOzoneHAClusterImpl.java:createOMService(522)) - Started OzoneManager omNode-2 RPC server at localhost/127.0.0.1:46577
2022-02-09 14:04:44,332 [org.apache.hadoop.util.JvmPauseMonitor$Monitor@39090979] INFO  util.JvmPauseMonitor (JvmPauseMonitor.java:run(188)) - Starting JVM pause monitor
2022-02-09 14:04:44,333 [Listener at 127.0.0.1/46577] INFO  ha.OMHANodeDetails (OMHANodeDetails.java:loadOMHAConfig(118)) - ServiceID for OzoneManager is om-service-test1
2022-02-09 14:04:44,336 [Listener at 127.0.0.1/46577] INFO  ha.OMHANodeDetails (OMHANodeDetails.java:loadOMHAConfig(193)) - Found matching OM address with OMServiceId: om-service-test1, OMNodeId: omNode-3, RPC Address: localhost:35103 and Ratis port: 44981
2022-02-09 14:04:44,336 [Listener at 127.0.0.1/46577] INFO  ha.OMHANodeDetails (ConfUtils.java:setNodeSpecificConfigs(108)) - Setting configuration key ozone.om.http-address with value of key ozone.om.http-address.om-service-test1.omNode-3: 127.0.0.1:33571
2022-02-09 14:04:44,337 [Listener at 127.0.0.1/46577] INFO  ha.OMHANodeDetails (ConfUtils.java:setNodeSpecificConfigs(108)) - Setting configuration key ozone.om.https-address with value of key ozone.om.https-address.om-service-test1.omNode-3: 127.0.0.1:38075
2022-02-09 14:04:44,337 [Listener at 127.0.0.1/46577] INFO  ha.OMHANodeDetails (ConfUtils.java:setNodeSpecificConfigs(108)) - Setting configuration key ozone.om.address with value of key ozone.om.address.om-service-test1.omNode-3: 127.0.0.1:35103
2022-02-09 14:04:44,337 [Listener at 127.0.0.1/46577] WARN  server.ServerUtils (ServerUtils.java:getDBPath(225)) - ozone.om.db.dirs is not configured. We recommend adding this setting. Falling back to ozone.metadata.dirs instead.
OM initialization succeeded.Current cluster id for sd=/home/runner/work/ozone/ozone/hadoop-ozone/integration-test/target/test-dir/MiniOzoneClusterImpl-9c41f9ea-08a3-4502-a72d-bbb1f5427d0a/omNode-3/om;cid=9c41f9ea-08a3-4502-a72d-bbb1f5427d0a;layoutVersion=0
2022-02-09 14:04:44,351 [Listener at 127.0.0.1/46577] INFO  ha.OMHANodeDetails (OMHANodeDetails.java:loadOMHAConfig(118)) - ServiceID for OzoneManager is om-service-test1
2022-02-09 14:04:44,352 [Listener at 127.0.0.1/46577] INFO  ha.OMHANodeDetails (OMHANodeDetails.java:loadOMHAConfig(193)) - Found matching OM address with OMServiceId: om-service-test1, OMNodeId: omNode-3, RPC Address: localhost:35103 and Ratis port: 44981
2022-02-09 14:04:44,353 [Listener at 127.0.0.1/46577] INFO  ha.OMHANodeDetails (ConfUtils.java:setNodeSpecificConfigs(108)) - Setting configuration key ozone.om.http-address with value of key ozone.om.http-address.om-service-test1.omNode-3: 127.0.0.1:33571
2022-02-09 14:04:44,354 [Listener at 127.0.0.1/46577] INFO  ha.OMHANodeDetails (ConfUtils.java:setNodeSpecificConfigs(108)) - Setting configuration key ozone.om.https-address with value of key ozone.om.https-address.om-service-test1.omNode-3: 127.0.0.1:38075
2022-02-09 14:04:44,354 [Listener at 127.0.0.1/46577] INFO  ha.OMHANodeDetails (ConfUtils.java:setNodeSpecificConfigs(108)) - Setting configuration key ozone.om.address with value of key ozone.om.address.om-service-test1.omNode-3: 127.0.0.1:35103
2022-02-09 14:04:44,355 [Listener at 127.0.0.1/46577] WARN  server.ServerUtils (ServerUtils.java:getDBPath(225)) - ozone.om.db.dirs is not configured. We recommend adding this setting. Falling back to ozone.metadata.dirs instead.
2022-02-09 14:04:44,355 [Listener at 127.0.0.1/46577] INFO  upgrade.AbstractLayoutVersionManager (AbstractLayoutVersionManager.java:init(79)) - Initializing Layout version manager with metadata layout = INITIAL_VERSION (version = 0), software layout = INITIAL_VERSION (version = 0)
2022-02-09 14:04:44,401 [Listener at 127.0.0.1/46577] INFO  reflections.Reflections (Reflections.java:scan(232)) - Reflections took 45 ms to scan 2 urls, producing 133 keys and 348 values [using 2 cores]
2022-02-09 14:04:44,402 [Listener at 127.0.0.1/46577] INFO  upgrade.OMLayoutVersionManager (OMLayoutVersionManager.java:lambda$0(115)) - Skipping Upgrade Action MockOmUpgradeAction since it has been finalized.
2022-02-09 14:04:44,402 [Listener at 127.0.0.1/46577] WARN  server.ServerUtils (ServerUtils.java:getDBPath(225)) - ozone.om.db.dirs is not configured. We recommend adding this setting. Falling back to ozone.metadata.dirs instead.
2022-02-09 14:04:44,413 [Listener at 127.0.0.1/46577] WARN  server.ServerUtils (ServerUtils.java:getDBPath(225)) - ozone.om.db.dirs is not configured. We recommend adding this setting. Falling back to ozone.metadata.dirs instead.
2022-02-09 14:04:44,414 [Listener at 127.0.0.1/46577] INFO  codec.OmKeyInfoCodec (OmKeyInfoCodec.java:<init>(50)) - OmKeyInfoCodec ignorePipeline = true
2022-02-09 14:04:44,414 [Listener at 127.0.0.1/46577] INFO  codec.RepeatedOmKeyInfoCodec (RepeatedOmKeyInfoCodec.java:<init>(42)) - RepeatedOmKeyInfoCodec ignorePipeline = true
2022-02-09 14:04:44,553 [Listener at 127.0.0.1/46577] INFO  om.OzoneManager (OzoneManager.java:addS3GVolumeToDB(3732)) - Created Volume s3v With Owner runner required for S3Gateway operations.
2022-02-09 14:04:44,553 [Listener at 127.0.0.1/46577] WARN  server.ServerUtils (ServerUtils.java:getDefaultRatisDirectory(237)) - Storage directory for Ratis is not configured. It is a good idea to map this to an SSD disk. Falling back to ozone.metadata.dirs
2022-02-09 14:04:44,554 [Listener at 127.0.0.1/46577] WARN  utils.OzoneManagerRatisUtils (OzoneManagerRatisUtils.java:getOMRatisSnapshotDirectory(330)) - ozone.om.ratis.snapshot.dir is not configured. Falling back to ozone.metadata.dirs config
2022-02-09 14:04:44,554 [Listener at 127.0.0.1/46577] INFO  snapshot.OzoneManagerSnapshotProvider (OzoneManagerSnapshotProvider.java:<init>(76)) - Initializing OM Snapshot Provider
2022-02-09 14:04:44,555 [Listener at 127.0.0.1/46577] WARN  impl.MetricRegistriesImpl (MetricRegistriesImpl.java:addReporterRegistration(111)) - New reporters are added after registries were created. Some metrics will be missing from the reporter. Please add reporter before adding any new registry.
2022-02-09 14:04:44,558 [Listener at 127.0.0.1/46577] WARN  impl.MetricRegistriesImpl (MetricRegistriesImpl.java:addReporterRegistration(111)) - New reporters are added after registries were created. Some metrics will be missing from the reporter. Please add reporter before adding any new registry.
2022-02-09 14:04:44,559 [Listener at 127.0.0.1/46577] WARN  server.ServerUtils (ServerUtils.java:getDefaultRatisDirectory(237)) - Storage directory for Ratis is not configured. It is a good idea to map this to an SSD disk. Falling back to ozone.metadata.dirs
2022-02-09 14:04:44,563 [Listener at 127.0.0.1/46577] INFO  ratis.OzoneManagerRatisServer (OzoneManagerRatisServer.java:<init>(159)) - Instantiating OM Ratis server with groupID: om-service-test1 and peers: localhost:44981, localhost:41473, localhost:43541
2022-02-09 14:04:44,563 [Listener at 127.0.0.1/46577] INFO  ratis.OzoneManagerStateMachine (OzoneManagerStateMachine.java:loadSnapshotInfoFromDB(605)) - LastAppliedIndex is set from TransactionInfo from OM DB as (t:0, i:~)
2022-02-09 14:04:44,565 [Listener at 127.0.0.1/46577] INFO  server.RaftServer (ConfUtils.java:logGet(44)) - raft.rpc.type = GRPC (default)
2022-02-09 14:04:44,566 [Listener at 127.0.0.1/46577] INFO  grpc.GrpcFactory (GrpcFactory.java:checkPooledByteBufAllocatorUseCacheForAllThreads(48)) - PERFORMANCE WARNING: useCacheForAllThreads is true that may cause Netty to create a lot garbage objects and, as a result, trigger GC.
	It is recommended to disable useCacheForAllThreads by setting -Dorg.apache.ratis.thirdparty.io.netty.allocator.useCacheForAllThreads=false in command line.
2022-02-09 14:04:44,566 [Listener at 127.0.0.1/46577] INFO  grpc.GrpcConfigKeys (ConfUtils.java:logGet(44)) - raft.grpc.admin.port = -1 (default)
2022-02-09 14:04:44,566 [Listener at 127.0.0.1/46577] INFO  grpc.GrpcConfigKeys (ConfUtils.java:logGet(44)) - raft.grpc.server.port = 44981 (custom)
2022-02-09 14:04:44,566 [Listener at 127.0.0.1/46577] INFO  grpc.GrpcConfigKeys (ConfUtils.java:logGet(44)) - raft.grpc.client.port = -1 (default)
2022-02-09 14:04:44,567 [Listener at 127.0.0.1/46577] INFO  grpc.GrpcConfigKeys (ConfUtils.java:logGet(44)) - raft.grpc.server.port = 44981 (custom)
2022-02-09 14:04:44,567 [Listener at 127.0.0.1/46577] INFO  grpc.GrpcConfigKeys (ConfUtils.java:logGet(44)) - raft.grpc.server.port = 44981 (custom)
2022-02-09 14:04:44,567 [Listener at 127.0.0.1/46577] INFO  server.GrpcService (ConfUtils.java:logGet(44)) - raft.grpc.message.size.max = 33554432 (custom)
2022-02-09 14:04:44,567 [Listener at 127.0.0.1/46577] INFO  server.RaftServerConfigKeys (ConfUtils.java:logGet(44)) - raft.server.log.appender.buffer.byte-limit = 33554432 (custom)
2022-02-09 14:04:44,567 [Listener at 127.0.0.1/46577] INFO  server.GrpcService (ConfUtils.java:logGet(44)) - raft.grpc.flow.control.window = 1MB (=1048576) (default)
2022-02-09 14:04:44,567 [Listener at 127.0.0.1/46577] INFO  server.RaftServerConfigKeys (ConfUtils.java:logGet(44)) - raft.server.rpc.request.timeout = 3000ms (default)
2022-02-09 14:04:44,569 [Listener at 127.0.0.1/46577] INFO  impl.DataStreamServerImpl (ConfUtils.java:logGet(44)) - raft.datastream.type = DISABLED (default)
2022-02-09 14:04:44,569 [Listener at 127.0.0.1/46577] INFO  server.RaftServerConfigKeys (ConfUtils.java:logGet(44)) - raft.server.rpc.slowness.timeout = 2s (custom)
2022-02-09 14:04:44,569 [Listener at 127.0.0.1/46577] INFO  server.RaftServerConfigKeys (ConfUtils.java:logGet(44)) - raft.server.leaderelection.leader.step-down.wait-time = 10s (default)
2022-02-09 14:04:44,569 [Listener at 127.0.0.1/46577] INFO  server.RaftServerConfigKeys (ConfUtils.java:logGet(44)) - raft.server.storage.dir = [/home/runner/work/ozone/ozone/hadoop-ozone/integration-test/target/test-dir/MiniOzoneClusterImpl-9c41f9ea-08a3-4502-a72d-bbb1f5427d0a/omNode-3/ratis] (custom)
2022-02-09 14:04:44,570 [Listener at 127.0.0.1/46577] INFO  server.RaftServer (RaftServerProxy.java:addNew(95)) - omNode-3: addNew group-523986131536:[omNode-3|rpc:localhost:44981|priority:0, omNode-1|rpc:localhost:41473|priority:0, omNode-2|rpc:localhost:43541|priority:0] returns group-523986131536:java.util.concurrent.CompletableFuture@763a46fe[Not completed]
2022-02-09 14:04:44,570 [Listener at 127.0.0.1/46577] INFO  om.OzoneManager (OzoneManager.java:initializeRatisServer(1834)) - OzoneManager Ratis server initialized at port 44981
2022-02-09 14:04:44,570 [pool-88-thread-1] INFO  server.RaftServer$Division (RaftServerImpl.java:<init>(184)) - omNode-3: new RaftServerImpl for group-523986131536:[omNode-3|rpc:localhost:44981|priority:0, omNode-1|rpc:localhost:41473|priority:0, omNode-2|rpc:localhost:43541|priority:0] with OzoneManagerStateMachine:uninitialized
2022-02-09 14:04:44,578 [Listener at 127.0.0.1/46577] INFO  ipc.CallQueueManager (CallQueueManager.java:<init>(90)) - Using callQueue: class java.util.concurrent.LinkedBlockingQueue, queueCapacity: 2000, scheduler: class org.apache.hadoop.ipc.DefaultRpcScheduler, ipcBackoff: false.
2022-02-09 14:04:44,578 [Socket Reader #1 for port 35103] INFO  ipc.Server (Server.java:run(1265)) - Starting Socket Reader #1 for port 35103
2022-02-09 14:04:44,588 [pool-88-thread-1] INFO  server.RaftServerConfigKeys (ConfUtils.java:logGet(44)) - raft.server.rpc.timeout.min = 1s (custom)
2022-02-09 14:04:44,588 [pool-88-thread-1] INFO  server.RaftServerConfigKeys (ConfUtils.java:logGet(44)) - raft.server.rpc.timeout.max = 1200ms (custom)
2022-02-09 14:04:44,588 [pool-88-thread-1] INFO  server.RaftServerConfigKeys (ConfUtils.java:logGet(44)) - raft.server.rpc.sleep.time = 25ms (default)
2022-02-09 14:04:44,588 [pool-88-thread-1] INFO  server.RaftServerConfigKeys (ConfUtils.java:logGet(44)) - raft.server.rpc.slowness.timeout = 2s (custom)
2022-02-09 14:04:44,588 [pool-88-thread-1] INFO  server.RaftServerConfigKeys (ConfUtils.java:logGet(44)) - raft.server.leaderelection.leader.step-down.wait-time = 10s (default)
2022-02-09 14:04:44,588 [pool-88-thread-1] INFO  server.RaftServerConfigKeys (ConfUtils.java:logGet(44)) - raft.server.sleep.deviation.threshold = 300ms (default)
2022-02-09 14:04:44,588 [pool-88-thread-1] INFO  server.RaftServerConfigKeys (ConfUtils.java:logGet(44)) - raft.server.log.appender.install.snapshot.enabled = false (custom)
2022-02-09 14:04:44,588 [pool-88-thread-1] INFO  server.RaftServer$Division (ServerState.java:<init>(105)) - omNode-3@group-523986131536: ConfigurationManager, init=-1: [omNode-3|rpc:localhost:44981|priority:0, omNode-1|rpc:localhost:41473|priority:0, omNode-2|rpc:localhost:43541|priority:0], old=null, confs=<EMPTY_MAP>
2022-02-09 14:04:44,589 [pool-88-thread-1] INFO  server.RaftServerConfigKeys (ConfUtils.java:logGet(44)) - raft.server.storage.dir = [/home/runner/work/ozone/ozone/hadoop-ozone/integration-test/target/test-dir/MiniOzoneClusterImpl-9c41f9ea-08a3-4502-a72d-bbb1f5427d0a/omNode-3/ratis] (custom)
2022-02-09 14:04:44,589 [pool-88-thread-1] INFO  server.RaftServerConfigKeys (ConfUtils.java:logGet(44)) - raft.server.log.corruption.policy = EXCEPTION (default)
2022-02-09 14:04:44,589 [pool-88-thread-1] INFO  server.RaftServerConfigKeys (ConfUtils.java:logGet(44)) - raft.server.storage.free-space.min = 0MB (=0) (default)
2022-02-09 14:04:44,589 [pool-88-thread-1] INFO  storage.RaftStorageDirectory (RaftStorageDirectoryImpl.java:analyzeStorage(135)) - The storage directory /home/runner/work/ozone/ozone/hadoop-ozone/integration-test/target/test-dir/MiniOzoneClusterImpl-9c41f9ea-08a3-4502-a72d-bbb1f5427d0a/omNode-3/ratis/c9bc4cf4-3bc3-3c60-a66b-523986131536 does not exist. Creating ...
2022-02-09 14:04:44,591 [pool-88-thread-1] INFO  storage.RaftStorageDirectory (RaftStorageDirectoryImpl.java:tryLock(230)) - Lock on /home/runner/work/ozone/ozone/hadoop-ozone/integration-test/target/test-dir/MiniOzoneClusterImpl-9c41f9ea-08a3-4502-a72d-bbb1f5427d0a/omNode-3/ratis/c9bc4cf4-3bc3-3c60-a66b-523986131536/in_use.lock acquired by nodename 1691@fv-az270-916
2022-02-09 14:04:44,593 [pool-88-thread-1] INFO  storage.RaftStorage (RaftStorageImpl.java:format(89)) - Storage directory /home/runner/work/ozone/ozone/hadoop-ozone/integration-test/target/test-dir/MiniOzoneClusterImpl-9c41f9ea-08a3-4502-a72d-bbb1f5427d0a/omNode-3/ratis/c9bc4cf4-3bc3-3c60-a66b-523986131536 has been successfully formatted.
2022-02-09 14:04:44,594 [pool-88-thread-1] INFO  server.RaftServerConfigKeys (ConfUtils.java:logGet(44)) - raft.server.notification.no-leader.timeout = 2s (custom)
2022-02-09 14:04:44,594 [pool-88-thread-1] INFO  server.RaftServerConfigKeys (ConfUtils.java:logGet(44)) - raft.server.log.use.memory = false (default)
2022-02-09 14:04:44,594 [pool-88-thread-1] INFO  server.RaftServerConfigKeys (ConfUtils.java:logGet(44)) - raft.server.log.purge.gap = 50 (custom)
2022-02-09 14:04:44,594 [pool-88-thread-1] INFO  server.RaftServerConfigKeys (ConfUtils.java:logGet(44)) - raft.server.log.appender.buffer.byte-limit = 33554432 (custom)
2022-02-09 14:04:44,594 [pool-88-thread-1] INFO  server.RaftServerConfigKeys (ConfUtils.java:logGet(44)) - raft.server.log.segment.size.max = 4194304 (custom)
2022-02-09 14:04:44,595 [pool-88-thread-1] INFO  server.RaftServerConfigKeys (ConfUtils.java:logGet(44)) - raft.server.log.segment.cache.num.max = 2 (custom)
2022-02-09 14:04:44,595 [pool-88-thread-1] INFO  server.RaftServerConfigKeys (ConfUtils.java:logGet(44)) - raft.server.log.segment.cache.size.max = 200MB (=209715200) (default)
2022-02-09 14:04:44,595 [pool-88-thread-1] INFO  segmented.SegmentedRaftLogWorker (SegmentedRaftLogWorker.java:<init>(182)) - new omNode-3@group-523986131536-SegmentedRaftLogWorker for RaftStorageImpl:Storage Directory /home/runner/work/ozone/ozone/hadoop-ozone/integration-test/target/test-dir/MiniOzoneClusterImpl-9c41f9ea-08a3-4502-a72d-bbb1f5427d0a/omNode-3/ratis/c9bc4cf4-3bc3-3c60-a66b-523986131536
2022-02-09 14:04:44,595 [pool-88-thread-1] INFO  server.RaftServerConfigKeys (ConfUtils.java:logGet(44)) - raft.server.log.queue.byte-limit = 64MB (=67108864) (default)
2022-02-09 14:04:44,596 [pool-88-thread-1] INFO  server.RaftServerConfigKeys (ConfUtils.java:logGet(44)) - raft.server.log.queue.element-limit = 4096 (default)
2022-02-09 14:04:44,596 [pool-88-thread-1] INFO  server.RaftServerConfigKeys (ConfUtils.java:logGet(44)) - raft.server.log.segment.size.max = 4194304 (custom)
2022-02-09 14:04:44,596 [pool-88-thread-1] INFO  server.RaftServerConfigKeys (ConfUtils.java:logGet(44)) - raft.server.log.preallocated.size = 4194304 (custom)
2022-02-09 14:04:44,596 [pool-88-thread-1] INFO  server.RaftServerConfigKeys (ConfUtils.java:logGet(44)) - raft.server.log.force.sync.num = 128 (default)
2022-02-09 14:04:44,596 [pool-88-thread-1] INFO  server.RaftServerConfigKeys (ConfUtils.java:logGet(44)) - raft.server.log.statemachine.data.sync = true (default)
2022-02-09 14:04:44,596 [pool-88-thread-1] INFO  server.RaftServerConfigKeys (ConfUtils.java:logGet(44)) - raft.server.log.statemachine.data.sync.timeout = 10s (default)
2022-02-09 14:04:44,596 [pool-88-thread-1] INFO  server.RaftServerConfigKeys (ConfUtils.java:logGet(44)) - raft.server.log.statemachine.data.sync.timeout.retry = -1 (default)
2022-02-09 14:04:44,598 [pool-88-thread-1] INFO  server.RaftServerConfigKeys (ConfUtils.java:logGet(44)) - raft.server.log.write.buffer.size = 64KB (=65536) (default)
2022-02-09 14:04:44,599 [pool-88-thread-1] INFO  server.RaftServerConfigKeys (ConfUtils.java:logGet(44)) - raft.server.log.statemachine.data.caching.enabled = false (default)
2022-02-09 14:04:44,604 [pool-88-thread-1] INFO  segmented.SegmentedRaftLogWorker (SegmentedRaftLogWorker.java:lambda$new$0(133)) - omNode-3@group-523986131536-SegmentedRaftLogWorker: flushIndex: setUnconditionally 0 -> -1
2022-02-09 14:04:44,604 [pool-88-thread-1] INFO  segmented.SegmentedRaftLogWorker (SegmentedRaftLogWorker.java:lambda$new$0(133)) - omNode-3@group-523986131536-SegmentedRaftLogWorker: safeCacheEvictIndex: setUnconditionally 0 -> -1
2022-02-09 14:04:44,608 [pool-88-thread-1] INFO  server.RaftServerConfigKeys (ConfUtils.java:logGet(44)) - raft.server.snapshot.auto.trigger.enabled = true (custom)
2022-02-09 14:04:44,608 [pool-88-thread-1] INFO  server.RaftServerConfigKeys (ConfUtils.java:logGet(44)) - raft.server.snapshot.auto.trigger.threshold = 50 (custom)
2022-02-09 14:04:44,608 [pool-88-thread-1] INFO  server.RaftServerConfigKeys (ConfUtils.java:logGet(44)) - raft.server.snapshot.retention.file.num = -1 (default)
2022-02-09 14:04:44,608 [pool-88-thread-1] INFO  server.RaftServerConfigKeys (ConfUtils.java:logGet(44)) - raft.server.log.purge.upto.snapshot.index = true (custom)
2022-02-09 14:04:44,609 [pool-88-thread-1] INFO  server.RaftServerConfigKeys (ConfUtils.java:logGet(44)) - raft.server.retrycache.expirytime = 30000ms (custom)
2022-02-09 14:04:44,609 [pool-88-thread-1] INFO  server.RaftServerConfigKeys (ConfUtils.java:logGet(44)) - raft.server.retrycache.statistics.expirytime = 100μs (default)
2022-02-09 14:04:44,615 [Listener at 127.0.0.1/35103] INFO  impl.MetricsSystemImpl (MetricsSystemImpl.java:init(158)) - OzoneManager metrics system started (again)
2022-02-09 14:04:44,628 [Listener at 127.0.0.1/35103] INFO  om.OzoneManager (OzoneManager.java:start(1365)) - OzoneManager RPC server is listening at localhost/127.0.0.1:35103
2022-02-09 14:04:44,628 [Listener at 127.0.0.1/35103] INFO  ratis.OzoneManagerRatisServer (OzoneManagerRatisServer.java:start(554)) - Starting OzoneManagerRatisServer omNode-3 at port 44981
2022-02-09 14:04:44,628 [Listener at 127.0.0.1/35103] INFO  server.RaftServer$Division (RaftServerImpl.java:start(301)) - omNode-3@group-523986131536: start as a follower, conf=-1: [omNode-3|rpc:localhost:44981|priority:0, omNode-1|rpc:localhost:41473|priority:0, omNode-2|rpc:localhost:43541|priority:0], old=null
2022-02-09 14:04:44,628 [Listener at 127.0.0.1/35103] INFO  server.RaftServer$Division (RaftServerImpl.java:setRole(290)) - omNode-3@group-523986131536: changes role from      null to FOLLOWER at term 0 for startAsFollower
2022-02-09 14:04:44,628 [Listener at 127.0.0.1/35103] INFO  impl.RoleInfo (RoleInfo.java:updateAndGet(130)) - omNode-3: start omNode-3@group-523986131536-FollowerState
2022-02-09 14:04:44,629 [Listener at 127.0.0.1/35103] INFO  util.JmxRegister (JmxRegister.java:tryRegister(44)) - Successfully registered JMX Bean with object name Ratis:service=RaftServer,group=group-523986131536,id=omNode-3
2022-02-09 14:04:44,630 [Listener at 127.0.0.1/35103] INFO  server.RaftServer (RaftServerProxy.java:lambda$start$5(374)) - omNode-3: start RPC server
2022-02-09 14:04:44,632 [Listener at 127.0.0.1/35103] INFO  server.GrpcService (GrpcService.java:startImpl(253)) - omNode-3: GrpcService started, listening on 44981
2022-02-09 14:04:44,632 [Listener at 127.0.0.1/35103] INFO  om.OzoneManager (OzoneManager.java:start(1381)) - Version File has different layout version (0) than OM DB (null). That is expected if this OM has never been finalized to a newer layout version.
2022-02-09 14:04:44,633 [org.apache.ratis.util.JvmPauseMonitor$$Lambda$422/1400671358@1925be93] INFO  util.JvmPauseMonitor (JvmPauseMonitor.java:run(103)) - JvmPauseMonitor-omNode-3: Started
2022-02-09 14:04:44,635 [Listener at 127.0.0.1/35103] INFO  http.BaseHttpServer (BaseHttpServer.java:newHttpServer2BuilderForOzone(209)) - Starting Web-server for ozoneManager at: http://0.0.0.0:33571
2022-02-09 14:04:44,635 [Listener at 127.0.0.1/35103] INFO  http.BaseHttpServer (BaseHttpServer.java:<init>(107)) - Hadoop Security Enabled: false Ozone Security Enabled: false Ozone HTTP Security Enabled: false 
2022-02-09 14:04:44,637 [Listener at 127.0.0.1/35103] INFO  server.AuthenticationFilter (AuthenticationFilter.java:constructSecretProvider(240)) - Unable to initialize FileSignerSecretProvider, falling back to use random secrets.
2022-02-09 14:04:44,638 [Listener at 127.0.0.1/35103] WARN  http.HttpRequestLog (HttpRequestLog.java:getRequestLog(103)) - Jetty request log can only be enabled using Log4j
2022-02-09 14:04:44,640 [Listener at 127.0.0.1/35103] INFO  http.HttpServer2 (HttpServer2.java:addGlobalFilter(1030)) - Added global filter 'safety' (class=org.apache.hadoop.hdds.server.http.HttpServer2$QuotingInputFilter)
2022-02-09 14:04:44,640 [Listener at 127.0.0.1/35103] INFO  http.HttpServer2 (HttpServer2.java:addFilter(1006)) - Added filter static_user_filter (class=org.apache.hadoop.http.lib.StaticUserWebFilter$StaticUserFilter) to context ozoneManager
2022-02-09 14:04:44,641 [Listener at 127.0.0.1/35103] INFO  http.HttpServer2 (HttpServer2.java:addFilter(1014)) - Added filter static_user_filter (class=org.apache.hadoop.http.lib.StaticUserWebFilter$StaticUserFilter) to context logs
2022-02-09 14:04:44,641 [Listener at 127.0.0.1/35103] INFO  http.HttpServer2 (HttpServer2.java:addFilter(1014)) - Added filter static_user_filter (class=org.apache.hadoop.http.lib.StaticUserWebFilter$StaticUserFilter) to context static
2022-02-09 14:04:44,642 [Listener at 127.0.0.1/35103] INFO  http.HttpServer2 (HttpServer2.java:bindListener(1249)) - Jetty bound to port 33571
2022-02-09 14:04:44,642 [Listener at 127.0.0.1/35103] INFO  server.Server (Server.java:doStart(375)) - jetty-9.4.43.v20210629; built: 2021-06-30T11:07:22.254Z; git: 526006ecfa3af7f1a27ef3a288e2bef7ea9dd7e8; jvm 1.8.0_312-b07
2022-02-09 14:04:44,647 [Listener at 127.0.0.1/35103] INFO  server.session (DefaultSessionIdManager.java:doStart(334)) - DefaultSessionIdManager workerName=node0
2022-02-09 14:04:44,647 [Listener at 127.0.0.1/35103] INFO  server.session (DefaultSessionIdManager.java:doStart(339)) - No SessionScavenger set, using defaults
2022-02-09 14:04:44,648 [Listener at 127.0.0.1/35103] INFO  server.session (HouseKeeper.java:startScavenging(132)) - node0 Scavenging every 600000ms
2022-02-09 14:04:44,649 [Listener at 127.0.0.1/35103] INFO  handler.ContextHandler (ContextHandler.java:doStart(915)) - Started o.e.j.s.ServletContextHandler@3108d1e1{logs,/logs,file:///home/runner/work/ozone/ozone/hadoop-ozone/integration-test/target/log,AVAILABLE}
2022-02-09 14:04:44,649 [Listener at 127.0.0.1/35103] INFO  handler.ContextHandler (ContextHandler.java:doStart(915)) - Started o.e.j.s.ServletContextHandler@6bd8d8a7{static,/static,file:///home/runner/work/ozone/ozone/hadoop-ozone/integration-test/target/test-classes/webapps/static,AVAILABLE}
2022-02-09 14:04:44,654 [Listener at 127.0.0.1/35103] INFO  handler.ContextHandler (ContextHandler.java:doStart(915)) - Started o.e.j.w.WebAppContext@773bfe56{ozoneManager,/,file:///home/runner/work/ozone/ozone/hadoop-ozone/integration-test/target/test-classes/webapps/ozoneManager/,AVAILABLE}{file:/home/runner/work/ozone/ozone/hadoop-ozone/integration-test/target/test-classes/webapps/ozoneManager}
2022-02-09 14:04:44,655 [Listener at 127.0.0.1/35103] INFO  server.AbstractConnector (AbstractConnector.java:doStart(331)) - Started ServerConnector@b92cdf9{HTTP/1.1, (http/1.1)}{0.0.0.0:33571}
2022-02-09 14:04:44,655 [Listener at 127.0.0.1/35103] INFO  server.Server (Server.java:doStart(415)) - Started @18089ms
2022-02-09 14:04:44,655 [Listener at 127.0.0.1/35103] WARN  impl.MetricsSystemImpl (MetricsSystemImpl.java:register(279)) - Sink prometheus already exists!
2022-02-09 14:04:44,656 [Listener at 127.0.0.1/35103] INFO  http.BaseHttpServer (BaseHttpServer.java:updateConnectorAddress(329)) - HTTP server of ozoneManager listening at http://0.0.0.0:33571
2022-02-09 14:04:44,656 [IPC Server Responder] INFO  ipc.Server (Server.java:run(1507)) - IPC Server Responder: starting
2022-02-09 14:04:44,657 [IPC Server listener on 35103] INFO  ipc.Server (Server.java:run(1344)) - IPC Server listener on 35103: starting
2022-02-09 14:04:44,667 [Listener at 127.0.0.1/35103] INFO  om.OzoneManager (OzoneManager.java:startTrashEmptier(1792)) - Trash Interval set to 0. Files deleted will not move to trash
2022-02-09 14:04:44,668 [Listener at 127.0.0.1/35103] INFO  ozone.MiniOzoneHAClusterImpl (MiniOzoneHAClusterImpl.java:createOMService(522)) - Started OzoneManager omNode-3 RPC server at localhost/127.0.0.1:35103
2022-02-09 14:04:44,668 [org.apache.hadoop.util.JvmPauseMonitor$Monitor@626a783b] INFO  util.JvmPauseMonitor (JvmPauseMonitor.java:run(188)) - Starting JVM pause monitor
2022-02-09 14:04:44,976 [omNode-1@group-523986131536-FollowerState] INFO  impl.FollowerState (FollowerState.java:run(134)) - omNode-1@group-523986131536-FollowerState: change to CANDIDATE, lastRpcElapsedTime:1092317392ns, electionTimeout:1084ms
2022-02-09 14:04:44,977 [omNode-1@group-523986131536-FollowerState] INFO  impl.RoleInfo (RoleInfo.java:shutdownFollowerState(108)) - omNode-1: shutdown omNode-1@group-523986131536-FollowerState
2022-02-09 14:04:44,977 [omNode-1@group-523986131536-FollowerState] INFO  server.RaftServer$Division (RaftServerImpl.java:setRole(290)) - omNode-1@group-523986131536: changes role from  FOLLOWER to CANDIDATE at term 0 for changeToCandidate
2022-02-09 14:04:44,977 [omNode-1@group-523986131536-FollowerState] INFO  server.RaftServerConfigKeys (ConfUtils.java:logGet(44)) - raft.server.leaderelection.pre-vote = false (custom)
2022-02-09 14:04:44,977 [omNode-1@group-523986131536-FollowerState] INFO  impl.RoleInfo (RoleInfo.java:updateAndGet(130)) - omNode-1: start omNode-1@group-523986131536-LeaderElection3
2022-02-09 14:04:44,991 [omNode-1@group-523986131536-LeaderElection3] INFO  impl.LeaderElection (LeaderElection.java:askForVotes(306)) - omNode-1@group-523986131536-LeaderElection3 ELECTION round 0: submit vote requests at term 1 for -1: [omNode-3|rpc:localhost:44981|priority:0, omNode-1|rpc:localhost:41473|priority:0, omNode-2|rpc:localhost:43541|priority:0], old=null
2022-02-09 14:04:45,001 [Listener at 127.0.0.1/35103] WARN  impl.MetricRegistriesImpl (MetricRegistriesImpl.java:addReporterRegistration(111)) - New reporters are added after registries were created. Some metrics will be missing from the reporter. Please add reporter before adding any new registry.
2022-02-09 14:04:45,001 [Listener at 127.0.0.1/35103] WARN  impl.MetricRegistriesImpl (MetricRegistriesImpl.java:addReporterRegistration(111)) - New reporters are added after registries were created. Some metrics will be missing from the reporter. Please add reporter before adding any new registry.
2022-02-09 14:04:45,001 [Listener at 127.0.0.1/35103] INFO  impl.MetricsSystemImpl (MetricsSystemImpl.java:init(158)) - HddsDatanode metrics system started (again)
2022-02-09 14:04:45,025 [Listener at 127.0.0.1/35103] INFO  ozone.HddsDatanodeService (HddsDatanodeService.java:start(234)) - HddsDatanodeService host:fv-az270-916.tacnzluakwdehk1hpragurqkma.bx.internal.cloudapp.net ip:10.1.0.19
2022-02-09 14:04:45,092 [Listener at 127.0.0.1/35103] INFO  upgrade.AbstractLayoutVersionManager (AbstractLayoutVersionManager.java:init(79)) - Initializing Layout version manager with metadata layout = SCM_HA (version = 2), software layout = SCM_HA (version = 2)
2022-02-09 14:04:45,200 [Listener at 127.0.0.1/35103] INFO  reflections.Reflections (Reflections.java:scan(232)) - Reflections took 90 ms to scan 7 urls, producing 119 keys and 279 values 
2022-02-09 14:04:45,208 [Listener at 127.0.0.1/35103] INFO  statemachine.DatanodeStateMachine (DatanodeStateMachine.java:getEndPointTaskThreadPoolSize(222)) - Datanode State Machine Task Thread Pool size 2
2022-02-09 14:04:45,323 [Listener at 127.0.0.1/35103] INFO  volume.HddsVolume (HddsVolume.java:<init>(120)) - Creating HddsVolume: /home/runner/work/ozone/ozone/hadoop-ozone/integration-test/target/test-dir/MiniOzoneClusterImpl-9c41f9ea-08a3-4502-a72d-bbb1f5427d0a/datanode-0/data-0/containers/hdds of storage type : DISK capacity : 9223372036854775807
2022-02-09 14:04:45,331 [Listener at 127.0.0.1/35103] INFO  volume.MutableVolumeSet (MutableVolumeSet.java:initializeVolumeSet(168)) - Added Volume : /home/runner/work/ozone/ozone/hadoop-ozone/integration-test/target/test-dir/MiniOzoneClusterImpl-9c41f9ea-08a3-4502-a72d-bbb1f5427d0a/datanode-0/data-0/containers/hdds to VolumeSet
2022-02-09 14:04:45,341 [Listener at 127.0.0.1/35103] INFO  volume.ThrottledAsyncChecker (ThrottledAsyncChecker.java:schedule(141)) - Scheduling a check for /home/runner/work/ozone/ozone/hadoop-ozone/integration-test/target/test-dir/MiniOzoneClusterImpl-9c41f9ea-08a3-4502-a72d-bbb1f5427d0a/datanode-0/data-0/containers/hdds
2022-02-09 14:04:45,362 [Listener at 127.0.0.1/35103] INFO  volume.StorageVolumeChecker (StorageVolumeChecker.java:checkAllVolumes(202)) - Scheduled health check for volume /home/runner/work/ozone/ozone/hadoop-ozone/integration-test/target/test-dir/MiniOzoneClusterImpl-9c41f9ea-08a3-4502-a72d-bbb1f5427d0a/datanode-0/data-0/containers/hdds
2022-02-09 14:04:45,391 [Listener at 127.0.0.1/35103] INFO  volume.MutableVolumeSet (MutableVolumeSet.java:initializeVolumeSet(168)) - Added Volume : /home/runner/work/ozone/ozone/hadoop-ozone/integration-test/target/test-dir/MiniOzoneClusterImpl-9c41f9ea-08a3-4502-a72d-bbb1f5427d0a/datanode-0/data/ratis to VolumeSet
2022-02-09 14:04:45,391 [Listener at 127.0.0.1/35103] INFO  volume.ThrottledAsyncChecker (ThrottledAsyncChecker.java:schedule(141)) - Scheduling a check for /home/runner/work/ozone/ozone/hadoop-ozone/integration-test/target/test-dir/MiniOzoneClusterImpl-9c41f9ea-08a3-4502-a72d-bbb1f5427d0a/datanode-0/data/ratis
2022-02-09 14:04:45,391 [Listener at 127.0.0.1/35103] INFO  volume.StorageVolumeChecker (StorageVolumeChecker.java:checkAllVolumes(202)) - Scheduled health check for volume /home/runner/work/ozone/ozone/hadoop-ozone/integration-test/target/test-dir/MiniOzoneClusterImpl-9c41f9ea-08a3-4502-a72d-bbb1f5427d0a/datanode-0/data/ratis
2022-02-09 14:04:45,440 [Thread-228] INFO  ozoneimpl.ContainerReader (ContainerReader.java:readVolume(172)) - Finish verifying containers on volume /home/runner/work/ozone/ozone/hadoop-ozone/integration-test/target/test-dir/MiniOzoneClusterImpl-9c41f9ea-08a3-4502-a72d-bbb1f5427d0a/datanode-0/data-0/containers/hdds
2022-02-09 14:04:45,441 [Listener at 127.0.0.1/35103] INFO  ozoneimpl.OzoneContainer (OzoneContainer.java:buildContainerSet(237)) - Build ContainerSet costs 0s
2022-02-09 14:04:45,478 [omNode-2@group-523986131536-FollowerState] INFO  impl.FollowerState (FollowerState.java:run(134)) - omNode-2@group-523986131536-FollowerState: change to CANDIDATE, lastRpcElapsedTime:1191649580ns, electionTimeout:1189ms
2022-02-09 14:04:45,478 [omNode-2@group-523986131536-FollowerState] INFO  impl.RoleInfo (RoleInfo.java:shutdownFollowerState(108)) - omNode-2: shutdown omNode-2@group-523986131536-FollowerState
2022-02-09 14:04:45,479 [omNode-2@group-523986131536-FollowerState] INFO  server.RaftServer$Division (RaftServerImpl.java:setRole(290)) - omNode-2@group-523986131536: changes role from  FOLLOWER to CANDIDATE at term 0 for changeToCandidate
2022-02-09 14:04:45,479 [omNode-2@group-523986131536-FollowerState] INFO  server.RaftServerConfigKeys (ConfUtils.java:logGet(44)) - raft.server.leaderelection.pre-vote = false (custom)
2022-02-09 14:04:45,479 [omNode-2@group-523986131536-FollowerState] INFO  impl.RoleInfo (RoleInfo.java:updateAndGet(130)) - omNode-2: start omNode-2@group-523986131536-LeaderElection4
2022-02-09 14:04:45,485 [omNode-2@group-523986131536-LeaderElection4] INFO  impl.LeaderElection (LeaderElection.java:askForVotes(306)) - omNode-2@group-523986131536-LeaderElection4 ELECTION round 0: submit vote requests at term 1 for -1: [omNode-3|rpc:localhost:44981|priority:0, omNode-1|rpc:localhost:41473|priority:0, omNode-2|rpc:localhost:43541|priority:0], old=null
2022-02-09 14:04:45,667 [Listener at 127.0.0.1/35103] INFO  server.RaftServer (ConfUtils.java:logGet(44)) - raft.rpc.type = GRPC (default)
2022-02-09 14:04:45,667 [Listener at 127.0.0.1/35103] INFO  grpc.GrpcFactory (GrpcFactory.java:checkPooledByteBufAllocatorUseCacheForAllThreads(48)) - PERFORMANCE WARNING: useCacheForAllThreads is true that may cause Netty to create a lot garbage objects and, as a result, trigger GC.
	It is recommended to disable useCacheForAllThreads by setting -Dorg.apache.ratis.thirdparty.io.netty.allocator.useCacheForAllThreads=false in command line.
2022-02-09 14:04:45,667 [Listener at 127.0.0.1/35103] INFO  grpc.GrpcConfigKeys (ConfUtils.java:logGet(44)) - raft.grpc.admin.port = 0 (custom)
2022-02-09 14:04:45,671 [Listener at 127.0.0.1/35103] INFO  grpc.GrpcConfigKeys (ConfUtils.java:logGet(44)) - raft.grpc.client.port = 0 (custom)
2022-02-09 14:04:45,671 [Listener at 127.0.0.1/35103] INFO  grpc.GrpcConfigKeys (ConfUtils.java:logGet(44)) - raft.grpc.server.port = 0 (default)
2022-02-09 14:04:45,677 [Listener at 127.0.0.1/35103] INFO  server.GrpcService (ConfUtils.java:logGet(44)) - raft.grpc.message.size.max = 32MB (=33554432) (custom)
2022-02-09 14:04:45,677 [Listener at 127.0.0.1/35103] INFO  server.RaftServerConfigKeys (ConfUtils.java:logGet(44)) - raft.server.log.appender.buffer.byte-limit = 33554432 (custom)
2022-02-09 14:04:45,677 [Listener at 127.0.0.1/35103] INFO  server.GrpcService (ConfUtils.java:logGet(44)) - raft.grpc.flow.control.window = 5MB (=5242880) (custom)
2022-02-09 14:04:45,677 [Listener at 127.0.0.1/35103] INFO  server.RaftServerConfigKeys (ConfUtils.java:logGet(44)) - raft.server.rpc.request.timeout = 60s (custom)
2022-02-09 14:04:45,680 [Listener at 127.0.0.1/35103] INFO  impl.DataStreamServerImpl (ConfUtils.java:logGet(44)) - raft.datastream.type = DISABLED (default)
2022-02-09 14:04:45,680 [Listener at 127.0.0.1/35103] INFO  server.RaftServerConfigKeys (ConfUtils.java:logGet(44)) - raft.server.rpc.slowness.timeout = 300s (custom)
2022-02-09 14:04:45,680 [Listener at 127.0.0.1/35103] INFO  server.RaftServerConfigKeys (ConfUtils.java:logGet(44)) - raft.server.leaderelection.leader.step-down.wait-time = 10s (default)
2022-02-09 14:04:45,692 [Listener at 127.0.0.1/35103] INFO  server.RaftServerConfigKeys (ConfUtils.java:logGet(44)) - raft.server.storage.dir = [/home/runner/work/ozone/ozone/hadoop-ozone/integration-test/target/test-dir/MiniOzoneClusterImpl-9c41f9ea-08a3-4502-a72d-bbb1f5427d0a/datanode-0/data/ratis] (custom)
2022-02-09 14:04:45,721 [omNode-3@group-523986131536-FollowerState] INFO  impl.FollowerState (FollowerState.java:run(134)) - omNode-3@group-523986131536-FollowerState: change to CANDIDATE, lastRpcElapsedTime:1092925492ns, electionTimeout:1091ms
2022-02-09 14:04:45,722 [omNode-3@group-523986131536-FollowerState] INFO  impl.RoleInfo (RoleInfo.java:shutdownFollowerState(108)) - omNode-3: shutdown omNode-3@group-523986131536-FollowerState
2022-02-09 14:04:45,722 [omNode-3@group-523986131536-FollowerState] INFO  server.RaftServer$Division (RaftServerImpl.java:setRole(290)) - omNode-3@group-523986131536: changes role from  FOLLOWER to CANDIDATE at term 0 for changeToCandidate
2022-02-09 14:04:45,722 [omNode-3@group-523986131536-FollowerState] INFO  server.RaftServerConfigKeys (ConfUtils.java:logGet(44)) - raft.server.leaderelection.pre-vote = false (custom)
2022-02-09 14:04:45,722 [omNode-3@group-523986131536-FollowerState] INFO  impl.RoleInfo (RoleInfo.java:updateAndGet(130)) - omNode-3: start omNode-3@group-523986131536-LeaderElection5
2022-02-09 14:04:45,741 [omNode-3@group-523986131536-LeaderElection5] INFO  impl.LeaderElection (LeaderElection.java:askForVotes(306)) - omNode-3@group-523986131536-LeaderElection5 ELECTION round 0: submit vote requests at term 1 for -1: [omNode-3|rpc:localhost:44981|priority:0, omNode-1|rpc:localhost:41473|priority:0, omNode-2|rpc:localhost:43541|priority:0], old=null
2022-02-09 14:04:45,747 [grpc-default-executor-1] INFO  server.RaftServer$Division (RaftServerImpl.java:requestVote(1046)) - omNode-3@group-523986131536: receive requestVote(ELECTION, omNode-1, group-523986131536, 1, (t:0, i:~))
2022-02-09 14:04:45,748 [grpc-default-executor-1] INFO  impl.VoteContext (VoteContext.java:log(48)) - omNode-3@group-523986131536-CANDIDATE: reject ELECTION from omNode-1: already has voted for omNode-3 at current term 1
2022-02-09 14:04:45,750 [Listener at 127.0.0.1/35103] INFO  server.XceiverServerGrpc (XceiverServerGrpc.java:<init>(132)) - GrpcServer channel type EpollServerSocketChannel
2022-02-09 14:04:45,751 [grpc-default-executor-0] INFO  server.RaftServer$Division (RaftServerImpl.java:requestVote(1046)) - omNode-2@group-523986131536: receive requestVote(ELECTION, omNode-1, group-523986131536, 1, (t:0, i:~))
2022-02-09 14:04:45,751 [grpc-default-executor-0] INFO  impl.VoteContext (VoteContext.java:log(48)) - omNode-2@group-523986131536-CANDIDATE: reject ELECTION from omNode-1: already has voted for omNode-2 at current term 1
2022-02-09 14:04:45,768 [grpc-default-executor-2] INFO  server.RaftServer$Division (RaftServerImpl.java:requestVote(1046)) - omNode-1@group-523986131536: receive requestVote(ELECTION, omNode-2, group-523986131536, 1, (t:0, i:~))
2022-02-09 14:04:45,768 [grpc-default-executor-2] INFO  impl.VoteContext (VoteContext.java:log(48)) - omNode-1@group-523986131536-CANDIDATE: reject ELECTION from omNode-2: already has voted for omNode-1 at current term 1
2022-02-09 14:04:45,772 [grpc-default-executor-2] INFO  server.RaftServer$Division (RaftServerImpl.java:requestVote(1078)) - omNode-1@group-523986131536 replies to ELECTION vote request: omNode-2<-omNode-1#0:FAIL-t1. Peer's state: omNode-1@group-523986131536:t1, leader=null, voted=omNode-1, raftlog=omNode-1@group-523986131536-SegmentedRaftLog:OPENED:c-1, conf=-1: [omNode-3|rpc:localhost:44981|priority:0, omNode-1|rpc:localhost:41473|priority:0, omNode-2|rpc:localhost:43541|priority:0], old=null
2022-02-09 14:04:45,773 [grpc-default-executor-1] INFO  server.RaftServer$Division (RaftServerImpl.java:requestVote(1078)) - omNode-3@group-523986131536 replies to ELECTION vote request: omNode-1<-omNode-3#0:FAIL-t1. Peer's state: omNode-3@group-523986131536:t1, leader=null, voted=omNode-3, raftlog=omNode-3@group-523986131536-SegmentedRaftLog:OPENED:c-1, conf=-1: [omNode-3|rpc:localhost:44981|priority:0, omNode-1|rpc:localhost:41473|priority:0, omNode-2|rpc:localhost:43541|priority:0], old=null
2022-02-09 14:04:45,773 [grpc-default-executor-0] INFO  server.RaftServer$Division (RaftServerImpl.java:requestVote(1078)) - omNode-2@group-523986131536 replies to ELECTION vote request: omNode-1<-omNode-2#0:FAIL-t1. Peer's state: omNode-2@group-523986131536:t1, leader=null, voted=omNode-2, raftlog=omNode-2@group-523986131536-SegmentedRaftLog:OPENED:c-1, conf=-1: [omNode-3|rpc:localhost:44981|priority:0, omNode-1|rpc:localhost:41473|priority:0, omNode-2|rpc:localhost:43541|priority:0], old=null
2022-02-09 14:04:45,780 [grpc-default-executor-3] INFO  server.RaftServer$Division (RaftServerImpl.java:requestVote(1046)) - omNode-3@group-523986131536: receive requestVote(ELECTION, omNode-2, group-523986131536, 1, (t:0, i:~))
2022-02-09 14:04:45,780 [grpc-default-executor-3] INFO  impl.VoteContext (VoteContext.java:log(48)) - omNode-3@group-523986131536-CANDIDATE: reject ELECTION from omNode-2: already has voted for omNode-3 at current term 1
2022-02-09 14:04:45,781 [grpc-default-executor-3] INFO  server.RaftServer$Division (RaftServerImpl.java:requestVote(1078)) - omNode-3@group-523986131536 replies to ELECTION vote request: omNode-2<-omNode-3#0:FAIL-t1. Peer's state: omNode-3@group-523986131536:t1, leader=null, voted=omNode-3, raftlog=omNode-3@group-523986131536-SegmentedRaftLog:OPENED:c-1, conf=-1: [omNode-3|rpc:localhost:44981|priority:0, omNode-1|rpc:localhost:41473|priority:0, omNode-2|rpc:localhost:43541|priority:0], old=null
2022-02-09 14:04:45,834 [omNode-1@group-523986131536-LeaderElection3] INFO  impl.LeaderElection (LeaderElection.java:logAndReturn(89)) - omNode-1@group-523986131536-LeaderElection3: ELECTION REJECTED received 2 response(s) and 0 exception(s):
2022-02-09 14:04:45,834 [omNode-1@group-523986131536-LeaderElection3] INFO  impl.LeaderElection (LeaderElection.java:logAndReturn(93)) -   Response 0: omNode-1<-omNode-3#0:FAIL-t1
2022-02-09 14:04:45,834 [omNode-1@group-523986131536-LeaderElection3] INFO  impl.LeaderElection (LeaderElection.java:logAndReturn(93)) -   Response 1: omNode-1<-omNode-2#0:FAIL-t1
2022-02-09 14:04:45,834 [omNode-1@group-523986131536-LeaderElection3] INFO  impl.LeaderElection (LeaderElection.java:askForVotes(308)) - omNode-1@group-523986131536-LeaderElection3 ELECTION round 0: result REJECTED
2022-02-09 14:04:45,835 [omNode-1@group-523986131536-LeaderElection3] INFO  server.RaftServer$Division (RaftServerImpl.java:setRole(290)) - omNode-1@group-523986131536: changes role from CANDIDATE to FOLLOWER at term 1 for REJECTED
2022-02-09 14:04:45,835 [omNode-1@group-523986131536-LeaderElection3] INFO  impl.RoleInfo (RoleInfo.java:shutdownLeaderElection(121)) - omNode-1: shutdown omNode-1@group-523986131536-LeaderElection3
2022-02-09 14:04:45,835 [omNode-1@group-523986131536-LeaderElection3] INFO  impl.RoleInfo (RoleInfo.java:updateAndGet(130)) - omNode-1: start omNode-1@group-523986131536-FollowerState
2022-02-09 14:04:45,835 [omNode-2@group-523986131536-LeaderElection4] INFO  impl.LeaderElection (LeaderElection.java:logAndReturn(89)) - omNode-2@group-523986131536-LeaderElection4: ELECTION REJECTED received 2 response(s) and 0 exception(s):
2022-02-09 14:04:45,835 [omNode-2@group-523986131536-LeaderElection4] INFO  impl.LeaderElection (LeaderElection.java:logAndReturn(93)) -   Response 0: omNode-2<-omNode-3#0:FAIL-t1
2022-02-09 14:04:45,835 [omNode-2@group-523986131536-LeaderElection4] INFO  impl.LeaderElection (LeaderElection.java:logAndReturn(93)) -   Response 1: omNode-2<-omNode-1#0:FAIL-t1
2022-02-09 14:04:45,836 [omNode-2@group-523986131536-LeaderElection4] INFO  impl.LeaderElection (LeaderElection.java:askForVotes(308)) - omNode-2@group-523986131536-LeaderElection4 ELECTION round 0: result REJECTED
2022-02-09 14:04:45,836 [omNode-2@group-523986131536-LeaderElection4] INFO  server.RaftServer$Division (RaftServerImpl.java:setRole(290)) - omNode-2@group-523986131536: changes role from CANDIDATE to FOLLOWER at term 1 for REJECTED
2022-02-09 14:04:45,836 [omNode-2@group-523986131536-LeaderElection4] INFO  impl.RoleInfo (RoleInfo.java:shutdownLeaderElection(121)) - omNode-2: shutdown omNode-2@group-523986131536-LeaderElection4
2022-02-09 14:04:45,836 [omNode-2@group-523986131536-LeaderElection4] INFO  impl.RoleInfo (RoleInfo.java:updateAndGet(130)) - omNode-2: start omNode-2@group-523986131536-FollowerState
2022-02-09 14:04:45,844 [grpc-default-executor-3] INFO  server.RaftServer$Division (RaftServerImpl.java:requestVote(1046)) - omNode-1@group-523986131536: receive requestVote(ELECTION, omNode-3, group-523986131536, 1, (t:0, i:~))
2022-02-09 14:04:45,844 [grpc-default-executor-3] INFO  impl.VoteContext (VoteContext.java:log(48)) - omNode-1@group-523986131536-FOLLOWER: reject ELECTION from omNode-3: already has voted for omNode-1 at current term 1
2022-02-09 14:04:45,844 [grpc-default-executor-3] INFO  server.RaftServer$Division (RaftServerImpl.java:requestVote(1078)) - omNode-1@group-523986131536 replies to ELECTION vote request: omNode-3<-omNode-1#0:FAIL-t1. Peer's state: omNode-1@group-523986131536:t1, leader=null, voted=omNode-1, raftlog=omNode-1@group-523986131536-SegmentedRaftLog:OPENED:c-1, conf=-1: [omNode-3|rpc:localhost:44981|priority:0, omNode-1|rpc:localhost:41473|priority:0, omNode-2|rpc:localhost:43541|priority:0], old=null
2022-02-09 14:04:45,849 [grpc-default-executor-3] INFO  server.RaftServer$Division (RaftServerImpl.java:requestVote(1046)) - omNode-2@group-523986131536: receive requestVote(ELECTION, omNode-3, group-523986131536, 1, (t:0, i:~))
2022-02-09 14:04:45,849 [grpc-default-executor-3] INFO  impl.VoteContext (VoteContext.java:log(48)) - omNode-2@group-523986131536-FOLLOWER: reject ELECTION from omNode-3: already has voted for omNode-2 at current term 1
2022-02-09 14:04:45,849 [grpc-default-executor-3] INFO  server.RaftServer$Division (RaftServerImpl.java:requestVote(1078)) - omNode-2@group-523986131536 replies to ELECTION vote request: omNode-3<-omNode-2#0:FAIL-t1. Peer's state: omNode-2@group-523986131536:t1, leader=null, voted=omNode-2, raftlog=omNode-2@group-523986131536-SegmentedRaftLog:OPENED:c-1, conf=-1: [omNode-3|rpc:localhost:44981|priority:0, omNode-1|rpc:localhost:41473|priority:0, omNode-2|rpc:localhost:43541|priority:0], old=null
2022-02-09 14:04:45,852 [omNode-3@group-523986131536-LeaderElection5] INFO  impl.LeaderElection (LeaderElection.java:logAndReturn(89)) - omNode-3@group-523986131536-LeaderElection5: ELECTION REJECTED received 2 response(s) and 0 exception(s):
2022-02-09 14:04:45,852 [omNode-3@group-523986131536-LeaderElection5] INFO  impl.LeaderElection (LeaderElection.java:logAndReturn(93)) -   Response 0: omNode-3<-omNode-1#0:FAIL-t1
2022-02-09 14:04:45,852 [omNode-3@group-523986131536-LeaderElection5] INFO  impl.LeaderElection (LeaderElection.java:logAndReturn(93)) -   Response 1: omNode-3<-omNode-2#0:FAIL-t1
2022-02-09 14:04:45,852 [omNode-3@group-523986131536-LeaderElection5] INFO  impl.LeaderElection (LeaderElection.java:askForVotes(308)) - omNode-3@group-523986131536-LeaderElection5 ELECTION round 0: result REJECTED
2022-02-09 14:04:45,852 [omNode-3@group-523986131536-LeaderElection5] INFO  server.RaftServer$Division (RaftServerImpl.java:setRole(290)) - omNode-3@group-523986131536: changes role from CANDIDATE to FOLLOWER at term 1 for REJECTED
2022-02-09 14:04:45,852 [omNode-3@group-523986131536-LeaderElection5] INFO  impl.RoleInfo (RoleInfo.java:shutdownLeaderElection(121)) - omNode-3: shutdown omNode-3@group-523986131536-LeaderElection5
2022-02-09 14:04:45,852 [omNode-3@group-523986131536-LeaderElection5] INFO  impl.RoleInfo (RoleInfo.java:updateAndGet(130)) - omNode-3: start omNode-3@group-523986131536-FollowerState
2022-02-09 14:04:45,870 [Listener at 127.0.0.1/35103] INFO  http.BaseHttpServer (BaseHttpServer.java:newHttpServer2BuilderForOzone(209)) - Starting Web-server for hddsDatanode at: http://0.0.0.0:0
2022-02-09 14:04:45,870 [Listener at 127.0.0.1/35103] INFO  http.BaseHttpServer (BaseHttpServer.java:<init>(107)) - Hadoop Security Enabled: false Ozone Security Enabled: false Ozone HTTP Security Enabled: false 
2022-02-09 14:04:45,872 [Listener at 127.0.0.1/35103] INFO  server.AuthenticationFilter (AuthenticationFilter.java:constructSecretProvider(240)) - Unable to initialize FileSignerSecretProvider, falling back to use random secrets.
2022-02-09 14:04:45,872 [Listener at 127.0.0.1/35103] WARN  http.HttpRequestLog (HttpRequestLog.java:getRequestLog(103)) - Jetty request log can only be enabled using Log4j
2022-02-09 14:04:45,873 [Listener at 127.0.0.1/35103] INFO  http.HttpServer2 (HttpServer2.java:addGlobalFilter(1030)) - Added global filter 'safety' (class=org.apache.hadoop.hdds.server.http.HttpServer2$QuotingInputFilter)
2022-02-09 14:04:45,874 [Listener at 127.0.0.1/35103] INFO  http.HttpServer2 (HttpServer2.java:addFilter(1006)) - Added filter static_user_filter (class=org.apache.hadoop.http.lib.StaticUserWebFilter$StaticUserFilter) to context hddsDatanode
2022-02-09 14:04:45,874 [Listener at 127.0.0.1/35103] INFO  http.HttpServer2 (HttpServer2.java:addFilter(1014)) - Added filter static_user_filter (class=org.apache.hadoop.http.lib.StaticUserWebFilter$StaticUserFilter) to context static
2022-02-09 14:04:45,874 [Listener at 127.0.0.1/35103] INFO  http.HttpServer2 (HttpServer2.java:addFilter(1014)) - Added filter static_user_filter (class=org.apache.hadoop.http.lib.StaticUserWebFilter$StaticUserFilter) to context logs
2022-02-09 14:04:45,875 [Listener at 127.0.0.1/35103] INFO  http.HttpServer2 (HttpServer2.java:bindListener(1249)) - Jetty bound to port 46125
2022-02-09 14:04:45,875 [Listener at 127.0.0.1/35103] INFO  server.Server (Server.java:doStart(375)) - jetty-9.4.43.v20210629; built: 2021-06-30T11:07:22.254Z; git: 526006ecfa3af7f1a27ef3a288e2bef7ea9dd7e8; jvm 1.8.0_312-b07
2022-02-09 14:04:45,879 [Listener at 127.0.0.1/35103] INFO  server.session (DefaultSessionIdManager.java:doStart(334)) - DefaultSessionIdManager workerName=node0
2022-02-09 14:04:45,880 [Listener at 127.0.0.1/35103] INFO  server.session (DefaultSessionIdManager.java:doStart(339)) - No SessionScavenger set, using defaults
2022-02-09 14:04:45,880 [Listener at 127.0.0.1/35103] INFO  server.session (HouseKeeper.java:startScavenging(132)) - node0 Scavenging every 660000ms
2022-02-09 14:04:45,881 [Listener at 127.0.0.1/35103] INFO  handler.ContextHandler (ContextHandler.java:doStart(915)) - Started o.e.j.s.ServletContextHandler@3cb1a148{logs,/logs,file:///home/runner/work/ozone/ozone/hadoop-ozone/integration-test/target/log,AVAILABLE}
2022-02-09 14:04:45,881 [Listener at 127.0.0.1/35103] INFO  handler.ContextHandler (ContextHandler.java:doStart(915)) - Started o.e.j.s.ServletContextHandler@3453a820{static,/static,jar:file:/home/runner/.m2/repository/org/apache/ozone/hdds-container-service/1.3.0-SNAPSHOT/hdds-container-service-1.3.0-SNAPSHOT.jar!/webapps/static,AVAILABLE}
2022-02-09 14:04:45,958 [Listener at 127.0.0.1/35103] INFO  handler.ContextHandler (ContextHandler.java:doStart(915)) - Started o.e.j.w.WebAppContext@2876584f{hddsDatanode,/,file:///tmp/jetty-0_0_0_0-46125-hdds-container-service-1_3_0-SNAPSHOT_jar-_-any-4649616918645411262/webapp/,AVAILABLE}{jar:file:/home/runner/.m2/repository/org/apache/ozone/hdds-container-service/1.3.0-SNAPSHOT/hdds-container-service-1.3.0-SNAPSHOT.jar!/webapps/hddsDatanode}
2022-02-09 14:04:45,962 [Listener at 127.0.0.1/35103] INFO  server.AbstractConnector (AbstractConnector.java:doStart(331)) - Started ServerConnector@6e6d544{HTTP/1.1, (http/1.1)}{0.0.0.0:46125}
2022-02-09 14:04:45,963 [Listener at 127.0.0.1/35103] INFO  server.Server (Server.java:doStart(415)) - Started @19396ms
2022-02-09 14:04:45,963 [Listener at 127.0.0.1/35103] WARN  impl.MetricsSystemImpl (MetricsSystemImpl.java:register(279)) - Sink prometheus already exists!
2022-02-09 14:04:45,964 [Listener at 127.0.0.1/35103] INFO  http.BaseHttpServer (BaseHttpServer.java:updateConnectorAddress(329)) - HTTP server of hddsDatanode listening at http://0.0.0.0:46125
2022-02-09 14:04:45,965 [Listener at 127.0.0.1/35103] WARN  impl.MetricRegistriesImpl (MetricRegistriesImpl.java:addReporterRegistration(111)) - New reporters are added after registries were created. Some metrics will be missing from the reporter. Please add reporter before adding any new registry.
2022-02-09 14:04:45,966 [Listener at 127.0.0.1/35103] WARN  impl.MetricRegistriesImpl (MetricRegistriesImpl.java:addReporterRegistration(111)) - New reporters are added after registries were created. Some metrics will be missing from the reporter. Please add reporter before adding any new registry.
2022-02-09 14:04:45,966 [Listener at 127.0.0.1/35103] INFO  impl.MetricsSystemImpl (MetricsSystemImpl.java:init(158)) - HddsDatanode metrics system started (again)
2022-02-09 14:04:45,972 [Datanode State Machine Daemon Thread] INFO  statemachine.DatanodeStateMachine (DatanodeStateMachine.java:lambda$startDaemon$0(470)) - Ozone container server started.
2022-02-09 14:04:45,987 [Listener at 127.0.0.1/35103] INFO  ozone.HddsDatanodeService (HddsDatanodeService.java:start(234)) - HddsDatanodeService host:fv-az270-916.tacnzluakwdehk1hpragurqkma.bx.internal.cloudapp.net ip:10.1.0.19
2022-02-09 14:04:46,008 [org.apache.hadoop.util.JvmPauseMonitor$Monitor@17959d6d] INFO  util.JvmPauseMonitor (JvmPauseMonitor.java:run(188)) - Starting JVM pause monitor
2022-02-09 14:04:46,050 [Listener at 127.0.0.1/35103] INFO  upgrade.AbstractLayoutVersionManager (AbstractLayoutVersionManager.java:init(79)) - Initializing Layout version manager with metadata layout = SCM_HA (version = 2), software layout = SCM_HA (version = 2)
2022-02-09 14:04:46,146 [Listener at 127.0.0.1/35103] INFO  reflections.Reflections (Reflections.java:scan(232)) - Reflections took 91 ms to scan 7 urls, producing 119 keys and 279 values 
2022-02-09 14:04:46,152 [Listener at 127.0.0.1/35103] INFO  statemachine.DatanodeStateMachine (DatanodeStateMachine.java:getEndPointTaskThreadPoolSize(222)) - Datanode State Machine Task Thread Pool size 2
2022-02-09 14:04:46,154 [Listener at 127.0.0.1/35103] INFO  volume.HddsVolume (HddsVolume.java:<init>(120)) - Creating HddsVolume: /home/runner/work/ozone/ozone/hadoop-ozone/integration-test/target/test-dir/MiniOzoneClusterImpl-9c41f9ea-08a3-4502-a72d-bbb1f5427d0a/datanode-1/data-0/containers/hdds of storage type : DISK capacity : 9223372036854775807
2022-02-09 14:04:46,154 [Listener at 127.0.0.1/35103] INFO  volume.MutableVolumeSet (MutableVolumeSet.java:initializeVolumeSet(168)) - Added Volume : /home/runner/work/ozone/ozone/hadoop-ozone/integration-test/target/test-dir/MiniOzoneClusterImpl-9c41f9ea-08a3-4502-a72d-bbb1f5427d0a/datanode-1/data-0/containers/hdds to VolumeSet
2022-02-09 14:04:46,155 [Listener at 127.0.0.1/35103] INFO  volume.ThrottledAsyncChecker (ThrottledAsyncChecker.java:schedule(141)) - Scheduling a check for /home/runner/work/ozone/ozone/hadoop-ozone/integration-test/target/test-dir/MiniOzoneClusterImpl-9c41f9ea-08a3-4502-a72d-bbb1f5427d0a/datanode-1/data-0/containers/hdds
2022-02-09 14:04:46,156 [Listener at 127.0.0.1/35103] INFO  volume.StorageVolumeChecker (StorageVolumeChecker.java:checkAllVolumes(202)) - Scheduled health check for volume /home/runner/work/ozone/ozone/hadoop-ozone/integration-test/target/test-dir/MiniOzoneClusterImpl-9c41f9ea-08a3-4502-a72d-bbb1f5427d0a/datanode-1/data-0/containers/hdds
2022-02-09 14:04:46,171 [Listener at 127.0.0.1/35103] INFO  volume.MutableVolumeSet (MutableVolumeSet.java:initializeVolumeSet(168)) - Added Volume : /home/runner/work/ozone/ozone/hadoop-ozone/integration-test/target/test-dir/MiniOzoneClusterImpl-9c41f9ea-08a3-4502-a72d-bbb1f5427d0a/datanode-1/data/ratis to VolumeSet
2022-02-09 14:04:46,172 [Listener at 127.0.0.1/35103] INFO  volume.ThrottledAsyncChecker (ThrottledAsyncChecker.java:schedule(141)) - Scheduling a check for /home/runner/work/ozone/ozone/hadoop-ozone/integration-test/target/test-dir/MiniOzoneClusterImpl-9c41f9ea-08a3-4502-a72d-bbb1f5427d0a/datanode-1/data/ratis
2022-02-09 14:04:46,173 [Listener at 127.0.0.1/35103] INFO  volume.StorageVolumeChecker (StorageVolumeChecker.java:checkAllVolumes(202)) - Scheduled health check for volume /home/runner/work/ozone/ozone/hadoop-ozone/integration-test/target/test-dir/MiniOzoneClusterImpl-9c41f9ea-08a3-4502-a72d-bbb1f5427d0a/datanode-1/data/ratis
2022-02-09 14:04:46,188 [Datanode State Machine Task Thread - 0] INFO  datanode.InitDatanodeState (InitDatanodeState.java:persistContainerDatanodeDetails(145)) - DatanodeDetails is persisted to /home/runner/work/ozone/ozone/hadoop-ozone/integration-test/target/test-dir/MiniOzoneClusterImpl-9c41f9ea-08a3-4502-a72d-bbb1f5427d0a/datanode-0/meta/datanode.id
2022-02-09 14:04:46,189 [Thread-249] INFO  ozoneimpl.ContainerReader (ContainerReader.java:readVolume(172)) - Finish verifying containers on volume /home/runner/work/ozone/ozone/hadoop-ozone/integration-test/target/test-dir/MiniOzoneClusterImpl-9c41f9ea-08a3-4502-a72d-bbb1f5427d0a/datanode-1/data-0/containers/hdds
2022-02-09 14:04:46,190 [Listener at 127.0.0.1/35103] INFO  ozoneimpl.OzoneContainer (OzoneContainer.java:buildContainerSet(237)) - Build ContainerSet costs 0s
2022-02-09 14:04:46,193 [Listener at 127.0.0.1/35103] INFO  server.RaftServer (ConfUtils.java:logGet(44)) - raft.rpc.type = GRPC (default)
2022-02-09 14:04:46,194 [Listener at 127.0.0.1/35103] INFO  grpc.GrpcFactory (GrpcFactory.java:checkPooledByteBufAllocatorUseCacheForAllThreads(48)) - PERFORMANCE WARNING: useCacheForAllThreads is true that may cause Netty to create a lot garbage objects and, as a result, trigger GC.
	It is recommended to disable useCacheForAllThreads by setting -Dorg.apache.ratis.thirdparty.io.netty.allocator.useCacheForAllThreads=false in command line.
2022-02-09 14:04:46,194 [Listener at 127.0.0.1/35103] INFO  grpc.GrpcConfigKeys (ConfUtils.java:logGet(44)) - raft.grpc.admin.port = 0 (custom)
2022-02-09 14:04:46,194 [Listener at 127.0.0.1/35103] INFO  grpc.GrpcConfigKeys (ConfUtils.java:logGet(44)) - raft.grpc.client.port = 0 (custom)
2022-02-09 14:04:46,194 [Listener at 127.0.0.1/35103] INFO  grpc.GrpcConfigKeys (ConfUtils.java:logGet(44)) - raft.grpc.server.port = 0 (default)
2022-02-09 14:04:46,194 [Listener at 127.0.0.1/35103] INFO  server.GrpcService (ConfUtils.java:logGet(44)) - raft.grpc.message.size.max = 32MB (=33554432) (custom)
2022-02-09 14:04:46,195 [Listener at 127.0.0.1/35103] INFO  server.RaftServerConfigKeys (ConfUtils.java:logGet(44)) - raft.server.log.appender.buffer.byte-limit = 33554432 (custom)
2022-02-09 14:04:46,195 [Listener at 127.0.0.1/35103] INFO  server.GrpcService (ConfUtils.java:logGet(44)) - raft.grpc.flow.control.window = 5MB (=5242880) (custom)
2022-02-09 14:04:46,195 [Listener at 127.0.0.1/35103] INFO  server.RaftServerConfigKeys (ConfUtils.java:logGet(44)) - raft.server.rpc.request.timeout = 60s (custom)
2022-02-09 14:04:46,196 [Listener at 127.0.0.1/35103] INFO  impl.DataStreamServerImpl (ConfUtils.java:logGet(44)) - raft.datastream.type = DISABLED (default)
2022-02-09 14:04:46,196 [Listener at 127.0.0.1/35103] INFO  server.RaftServerConfigKeys (ConfUtils.java:logGet(44)) - raft.server.rpc.slowness.timeout = 300s (custom)
2022-02-09 14:04:46,197 [Listener at 127.0.0.1/35103] INFO  server.RaftServerConfigKeys (ConfUtils.java:logGet(44)) - raft.server.leaderelection.leader.step-down.wait-time = 10s (default)
2022-02-09 14:04:46,197 [Listener at 127.0.0.1/35103] INFO  server.RaftServerConfigKeys (ConfUtils.java:logGet(44)) - raft.server.storage.dir = [/home/runner/work/ozone/ozone/hadoop-ozone/integration-test/target/test-dir/MiniOzoneClusterImpl-9c41f9ea-08a3-4502-a72d-bbb1f5427d0a/datanode-1/data/ratis] (custom)
2022-02-09 14:04:46,198 [Listener at 127.0.0.1/35103] INFO  server.XceiverServerGrpc (XceiverServerGrpc.java:<init>(132)) - GrpcServer channel type EpollServerSocketChannel
2022-02-09 14:04:46,202 [Listener at 127.0.0.1/35103] INFO  http.BaseHttpServer (BaseHttpServer.java:newHttpServer2BuilderForOzone(209)) - Starting Web-server for hddsDatanode at: http://0.0.0.0:0
2022-02-09 14:04:46,202 [Listener at 127.0.0.1/35103] INFO  http.BaseHttpServer (BaseHttpServer.java:<init>(107)) - Hadoop Security Enabled: false Ozone Security Enabled: false Ozone HTTP Security Enabled: false 
2022-02-09 14:04:46,204 [Listener at 127.0.0.1/35103] INFO  server.AuthenticationFilter (AuthenticationFilter.java:constructSecretProvider(240)) - Unable to initialize FileSignerSecretProvider, falling back to use random secrets.
2022-02-09 14:04:46,204 [Listener at 127.0.0.1/35103] WARN  http.HttpRequestLog (HttpRequestLog.java:getRequestLog(103)) - Jetty request log can only be enabled using Log4j
2022-02-09 14:04:46,205 [Listener at 127.0.0.1/35103] INFO  http.HttpServer2 (HttpServer2.java:addGlobalFilter(1030)) - Added global filter 'safety' (class=org.apache.hadoop.hdds.server.http.HttpServer2$QuotingInputFilter)
2022-02-09 14:04:46,206 [Listener at 127.0.0.1/35103] INFO  http.HttpServer2 (HttpServer2.java:addFilter(1006)) - Added filter static_user_filter (class=org.apache.hadoop.http.lib.StaticUserWebFilter$StaticUserFilter) to context hddsDatanode
2022-02-09 14:04:46,206 [Listener at 127.0.0.1/35103] INFO  http.HttpServer2 (HttpServer2.java:addFilter(1014)) - Added filter static_user_filter (class=org.apache.hadoop.http.lib.StaticUserWebFilter$StaticUserFilter) to context logs
2022-02-09 14:04:46,206 [Listener at 127.0.0.1/35103] INFO  http.HttpServer2 (HttpServer2.java:addFilter(1014)) - Added filter static_user_filter (class=org.apache.hadoop.http.lib.StaticUserWebFilter$StaticUserFilter) to context static
2022-02-09 14:04:46,207 [Listener at 127.0.0.1/35103] INFO  http.HttpServer2 (HttpServer2.java:bindListener(1249)) - Jetty bound to port 35447
2022-02-09 14:04:46,207 [Listener at 127.0.0.1/35103] INFO  server.Server (Server.java:doStart(375)) - jetty-9.4.43.v20210629; built: 2021-06-30T11:07:22.254Z; git: 526006ecfa3af7f1a27ef3a288e2bef7ea9dd7e8; jvm 1.8.0_312-b07
2022-02-09 14:04:46,209 [Listener at 127.0.0.1/35103] INFO  server.session (DefaultSessionIdManager.java:doStart(334)) - DefaultSessionIdManager workerName=node0
2022-02-09 14:04:46,209 [Listener at 127.0.0.1/35103] INFO  server.session (DefaultSessionIdManager.java:doStart(339)) - No SessionScavenger set, using defaults
2022-02-09 14:04:46,209 [Listener at 127.0.0.1/35103] INFO  server.session (HouseKeeper.java:startScavenging(132)) - node0 Scavenging every 600000ms
2022-02-09 14:04:46,210 [Listener at 127.0.0.1/35103] INFO  handler.ContextHandler (ContextHandler.java:doStart(915)) - Started o.e.j.s.ServletContextHandler@1c66e404{logs,/logs,file:///home/runner/work/ozone/ozone/hadoop-ozone/integration-test/target/log,AVAILABLE}
2022-02-09 14:04:46,210 [Listener at 127.0.0.1/35103] INFO  handler.ContextHandler (ContextHandler.java:doStart(915)) - Started o.e.j.s.ServletContextHandler@56482084{static,/static,jar:file:/home/runner/.m2/repository/org/apache/ozone/hdds-container-service/1.3.0-SNAPSHOT/hdds-container-service-1.3.0-SNAPSHOT.jar!/webapps/static,AVAILABLE}
2022-02-09 14:04:46,255 [Listener at 127.0.0.1/35103] INFO  handler.ContextHandler (ContextHandler.java:doStart(915)) - Started o.e.j.w.WebAppContext@4d6a32d4{hddsDatanode,/,file:///tmp/jetty-0_0_0_0-35447-hdds-container-service-1_3_0-SNAPSHOT_jar-_-any-6382089164775066905/webapp/,AVAILABLE}{jar:file:/home/runner/.m2/repository/org/apache/ozone/hdds-container-service/1.3.0-SNAPSHOT/hdds-container-service-1.3.0-SNAPSHOT.jar!/webapps/hddsDatanode}
2022-02-09 14:04:46,256 [Listener at 127.0.0.1/35103] INFO  server.AbstractConnector (AbstractConnector.java:doStart(331)) - Started ServerConnector@42334d07{HTTP/1.1, (http/1.1)}{0.0.0.0:35447}
2022-02-09 14:04:46,256 [Listener at 127.0.0.1/35103] INFO  server.Server (Server.java:doStart(415)) - Started @19690ms
2022-02-09 14:04:46,257 [Listener at 127.0.0.1/35103] WARN  impl.MetricsSystemImpl (MetricsSystemImpl.java:register(279)) - Sink prometheus already exists!
2022-02-09 14:04:46,257 [Listener at 127.0.0.1/35103] INFO  http.BaseHttpServer (BaseHttpServer.java:updateConnectorAddress(329)) - HTTP server of hddsDatanode listening at http://0.0.0.0:35447
2022-02-09 14:04:46,260 [Listener at 127.0.0.1/35103] WARN  impl.MetricRegistriesImpl (MetricRegistriesImpl.java:addReporterRegistration(111)) - New reporters are added after registries were created. Some metrics will be missing from the reporter. Please add reporter before adding any new registry.
2022-02-09 14:04:46,260 [Listener at 127.0.0.1/35103] WARN  impl.MetricRegistriesImpl (MetricRegistriesImpl.java:addReporterRegistration(111)) - New reporters are added after registries were created. Some metrics will be missing from the reporter. Please add reporter before adding any new registry.
2022-02-09 14:04:46,260 [Listener at 127.0.0.1/35103] INFO  impl.MetricsSystemImpl (MetricsSystemImpl.java:init(158)) - HddsDatanode metrics system started (again)
2022-02-09 14:04:46,268 [Datanode State Machine Daemon Thread] INFO  statemachine.DatanodeStateMachine (DatanodeStateMachine.java:lambda$startDaemon$0(470)) - Ozone container server started.
2022-02-09 14:04:46,284 [org.apache.hadoop.util.JvmPauseMonitor$Monitor@47d2e67c] INFO  util.JvmPauseMonitor (JvmPauseMonitor.java:run(188)) - Starting JVM pause monitor
2022-02-09 14:04:46,288 [Listener at 127.0.0.1/35103] INFO  ozone.HddsDatanodeService (HddsDatanodeService.java:start(234)) - HddsDatanodeService host:fv-az270-916.tacnzluakwdehk1hpragurqkma.bx.internal.cloudapp.net ip:10.1.0.19
2022-02-09 14:04:46,307 [Datanode State Machine Task Thread - 0] INFO  datanode.InitDatanodeState (InitDatanodeState.java:persistContainerDatanodeDetails(145)) - DatanodeDetails is persisted to /home/runner/work/ozone/ozone/hadoop-ozone/integration-test/target/test-dir/MiniOzoneClusterImpl-9c41f9ea-08a3-4502-a72d-bbb1f5427d0a/datanode-1/meta/datanode.id
2022-02-09 14:04:46,330 [Listener at 127.0.0.1/35103] INFO  upgrade.AbstractLayoutVersionManager (AbstractLayoutVersionManager.java:init(79)) - Initializing Layout version manager with metadata layout = SCM_HA (version = 2), software layout = SCM_HA (version = 2)
2022-02-09 14:04:46,376 [Listener at 127.0.0.1/35103] INFO  reflections.Reflections (Reflections.java:scan(232)) - Reflections took 43 ms to scan 7 urls, producing 119 keys and 279 values 
2022-02-09 14:04:46,377 [Listener at 127.0.0.1/35103] INFO  statemachine.DatanodeStateMachine (DatanodeStateMachine.java:getEndPointTaskThreadPoolSize(222)) - Datanode State Machine Task Thread Pool size 2
2022-02-09 14:04:46,381 [Listener at 127.0.0.1/35103] INFO  volume.HddsVolume (HddsVolume.java:<init>(120)) - Creating HddsVolume: /home/runner/work/ozone/ozone/hadoop-ozone/integration-test/target/test-dir/MiniOzoneClusterImpl-9c41f9ea-08a3-4502-a72d-bbb1f5427d0a/datanode-2/data-0/containers/hdds of storage type : DISK capacity : 9223372036854775807
2022-02-09 14:04:46,381 [Listener at 127.0.0.1/35103] INFO  volume.MutableVolumeSet (MutableVolumeSet.java:initializeVolumeSet(168)) - Added Volume : /home/runner/work/ozone/ozone/hadoop-ozone/integration-test/target/test-dir/MiniOzoneClusterImpl-9c41f9ea-08a3-4502-a72d-bbb1f5427d0a/datanode-2/data-0/containers/hdds to VolumeSet
2022-02-09 14:04:46,381 [Listener at 127.0.0.1/35103] INFO  volume.ThrottledAsyncChecker (ThrottledAsyncChecker.java:schedule(141)) - Scheduling a check for /home/runner/work/ozone/ozone/hadoop-ozone/integration-test/target/test-dir/MiniOzoneClusterImpl-9c41f9ea-08a3-4502-a72d-bbb1f5427d0a/datanode-2/data-0/containers/hdds
2022-02-09 14:04:46,384 [Listener at 127.0.0.1/35103] INFO  volume.StorageVolumeChecker (StorageVolumeChecker.java:checkAllVolumes(202)) - Scheduled health check for volume /home/runner/work/ozone/ozone/hadoop-ozone/integration-test/target/test-dir/MiniOzoneClusterImpl-9c41f9ea-08a3-4502-a72d-bbb1f5427d0a/datanode-2/data-0/containers/hdds
2022-02-09 14:04:46,397 [Listener at 127.0.0.1/35103] INFO  volume.MutableVolumeSet (MutableVolumeSet.java:initializeVolumeSet(168)) - Added Volume : /home/runner/work/ozone/ozone/hadoop-ozone/integration-test/target/test-dir/MiniOzoneClusterImpl-9c41f9ea-08a3-4502-a72d-bbb1f5427d0a/datanode-2/data/ratis to VolumeSet
2022-02-09 14:04:46,398 [Listener at 127.0.0.1/35103] INFO  volume.ThrottledAsyncChecker (ThrottledAsyncChecker.java:schedule(141)) - Scheduling a check for /home/runner/work/ozone/ozone/hadoop-ozone/integration-test/target/test-dir/MiniOzoneClusterImpl-9c41f9ea-08a3-4502-a72d-bbb1f5427d0a/datanode-2/data/ratis
2022-02-09 14:04:46,398 [Listener at 127.0.0.1/35103] INFO  volume.StorageVolumeChecker (StorageVolumeChecker.java:checkAllVolumes(202)) - Scheduled health check for volume /home/runner/work/ozone/ozone/hadoop-ozone/integration-test/target/test-dir/MiniOzoneClusterImpl-9c41f9ea-08a3-4502-a72d-bbb1f5427d0a/datanode-2/data/ratis
2022-02-09 14:04:46,411 [Thread-261] INFO  ozoneimpl.ContainerReader (ContainerReader.java:readVolume(172)) - Finish verifying containers on volume /home/runner/work/ozone/ozone/hadoop-ozone/integration-test/target/test-dir/MiniOzoneClusterImpl-9c41f9ea-08a3-4502-a72d-bbb1f5427d0a/datanode-2/data-0/containers/hdds
2022-02-09 14:04:46,411 [Listener at 127.0.0.1/35103] INFO  ozoneimpl.OzoneContainer (OzoneContainer.java:buildContainerSet(237)) - Build ContainerSet costs 0s
2022-02-09 14:04:46,414 [Listener at 127.0.0.1/35103] INFO  server.RaftServer (ConfUtils.java:logGet(44)) - raft.rpc.type = GRPC (default)
2022-02-09 14:04:46,415 [Listener at 127.0.0.1/35103] INFO  grpc.GrpcFactory (GrpcFactory.java:checkPooledByteBufAllocatorUseCacheForAllThreads(48)) - PERFORMANCE WARNING: useCacheForAllThreads is true that may cause Netty to create a lot garbage objects and, as a result, trigger GC.
	It is recommended to disable useCacheForAllThreads by setting -Dorg.apache.ratis.thirdparty.io.netty.allocator.useCacheForAllThreads=false in command line.
2022-02-09 14:04:46,415 [Listener at 127.0.0.1/35103] INFO  grpc.GrpcConfigKeys (ConfUtils.java:logGet(44)) - raft.grpc.admin.port = 0 (custom)
2022-02-09 14:04:46,415 [Listener at 127.0.0.1/35103] INFO  grpc.GrpcConfigKeys (ConfUtils.java:logGet(44)) - raft.grpc.client.port = 0 (custom)
2022-02-09 14:04:46,415 [Listener at 127.0.0.1/35103] INFO  grpc.GrpcConfigKeys (ConfUtils.java:logGet(44)) - raft.grpc.server.port = 0 (default)
2022-02-09 14:04:46,415 [Listener at 127.0.0.1/35103] INFO  server.GrpcService (ConfUtils.java:logGet(44)) - raft.grpc.message.size.max = 32MB (=33554432) (custom)
2022-02-09 14:04:46,416 [Listener at 127.0.0.1/35103] INFO  server.RaftServerConfigKeys (ConfUtils.java:logGet(44)) - raft.server.log.appender.buffer.byte-limit = 33554432 (custom)
2022-02-09 14:04:46,416 [Listener at 127.0.0.1/35103] INFO  server.GrpcService (ConfUtils.java:logGet(44)) - raft.grpc.flow.control.window = 5MB (=5242880) (custom)
2022-02-09 14:04:46,416 [Listener at 127.0.0.1/35103] INFO  server.RaftServerConfigKeys (ConfUtils.java:logGet(44)) - raft.server.rpc.request.timeout = 60s (custom)
2022-02-09 14:04:46,417 [Listener at 127.0.0.1/35103] INFO  impl.DataStreamServerImpl (ConfUtils.java:logGet(44)) - raft.datastream.type = DISABLED (default)
2022-02-09 14:04:46,417 [Listener at 127.0.0.1/35103] INFO  server.RaftServerConfigKeys (ConfUtils.java:logGet(44)) - raft.server.rpc.slowness.timeout = 300s (custom)
2022-02-09 14:04:46,418 [Listener at 127.0.0.1/35103] INFO  server.RaftServerConfigKeys (ConfUtils.java:logGet(44)) - raft.server.leaderelection.leader.step-down.wait-time = 10s (default)
2022-02-09 14:04:46,418 [Listener at 127.0.0.1/35103] INFO  server.RaftServerConfigKeys (ConfUtils.java:logGet(44)) - raft.server.storage.dir = [/home/runner/work/ozone/ozone/hadoop-ozone/integration-test/target/test-dir/MiniOzoneClusterImpl-9c41f9ea-08a3-4502-a72d-bbb1f5427d0a/datanode-2/data/ratis] (custom)
2022-02-09 14:04:46,419 [Listener at 127.0.0.1/35103] INFO  server.XceiverServerGrpc (XceiverServerGrpc.java:<init>(132)) - GrpcServer channel type EpollServerSocketChannel
2022-02-09 14:04:46,428 [Listener at 127.0.0.1/35103] INFO  http.BaseHttpServer (BaseHttpServer.java:newHttpServer2BuilderForOzone(209)) - Starting Web-server for hddsDatanode at: http://0.0.0.0:0
2022-02-09 14:04:46,429 [Listener at 127.0.0.1/35103] INFO  http.BaseHttpServer (BaseHttpServer.java:<init>(107)) - Hadoop Security Enabled: false Ozone Security Enabled: false Ozone HTTP Security Enabled: false 
2022-02-09 14:04:46,430 [Listener at 127.0.0.1/35103] INFO  server.AuthenticationFilter (AuthenticationFilter.java:constructSecretProvider(240)) - Unable to initialize FileSignerSecretProvider, falling back to use random secrets.
2022-02-09 14:04:46,432 [Listener at 127.0.0.1/35103] WARN  http.HttpRequestLog (HttpRequestLog.java:getRequestLog(103)) - Jetty request log can only be enabled using Log4j
2022-02-09 14:04:46,433 [Listener at 127.0.0.1/35103] INFO  http.HttpServer2 (HttpServer2.java:addGlobalFilter(1030)) - Added global filter 'safety' (class=org.apache.hadoop.hdds.server.http.HttpServer2$QuotingInputFilter)
2022-02-09 14:04:46,433 [Listener at 127.0.0.1/35103] INFO  http.HttpServer2 (HttpServer2.java:addFilter(1006)) - Added filter static_user_filter (class=org.apache.hadoop.http.lib.StaticUserWebFilter$StaticUserFilter) to context hddsDatanode
2022-02-09 14:04:46,434 [Listener at 127.0.0.1/35103] INFO  http.HttpServer2 (HttpServer2.java:addFilter(1014)) - Added filter static_user_filter (class=org.apache.hadoop.http.lib.StaticUserWebFilter$StaticUserFilter) to context static
2022-02-09 14:04:46,434 [Listener at 127.0.0.1/35103] INFO  http.HttpServer2 (HttpServer2.java:addFilter(1014)) - Added filter static_user_filter (class=org.apache.hadoop.http.lib.StaticUserWebFilter$StaticUserFilter) to context logs
2022-02-09 14:04:46,434 [Listener at 127.0.0.1/35103] INFO  http.HttpServer2 (HttpServer2.java:bindListener(1249)) - Jetty bound to port 35053
2022-02-09 14:04:46,435 [Listener at 127.0.0.1/35103] INFO  server.Server (Server.java:doStart(375)) - jetty-9.4.43.v20210629; built: 2021-06-30T11:07:22.254Z; git: 526006ecfa3af7f1a27ef3a288e2bef7ea9dd7e8; jvm 1.8.0_312-b07
2022-02-09 14:04:46,440 [Listener at 127.0.0.1/35103] INFO  server.session (DefaultSessionIdManager.java:doStart(334)) - DefaultSessionIdManager workerName=node0
2022-02-09 14:04:46,440 [Listener at 127.0.0.1/35103] INFO  server.session (DefaultSessionIdManager.java:doStart(339)) - No SessionScavenger set, using defaults
2022-02-09 14:04:46,440 [Listener at 127.0.0.1/35103] INFO  server.session (HouseKeeper.java:startScavenging(132)) - node0 Scavenging every 660000ms
2022-02-09 14:04:46,441 [Listener at 127.0.0.1/35103] INFO  handler.ContextHandler (ContextHandler.java:doStart(915)) - Started o.e.j.s.ServletContextHandler@10fa7b74{logs,/logs,file:///home/runner/work/ozone/ozone/hadoop-ozone/integration-test/target/log,AVAILABLE}
2022-02-09 14:04:46,442 [Listener at 127.0.0.1/35103] INFO  handler.ContextHandler (ContextHandler.java:doStart(915)) - Started o.e.j.s.ServletContextHandler@6a39c005{static,/static,jar:file:/home/runner/.m2/repository/org/apache/ozone/hdds-container-service/1.3.0-SNAPSHOT/hdds-container-service-1.3.0-SNAPSHOT.jar!/webapps/static,AVAILABLE}
2022-02-09 14:04:46,493 [Listener at 127.0.0.1/35103] INFO  handler.ContextHandler (ContextHandler.java:doStart(915)) - Started o.e.j.w.WebAppContext@6641dd60{hddsDatanode,/,file:///tmp/jetty-0_0_0_0-35053-hdds-container-service-1_3_0-SNAPSHOT_jar-_-any-4657052857564434210/webapp/,AVAILABLE}{jar:file:/home/runner/.m2/repository/org/apache/ozone/hdds-container-service/1.3.0-SNAPSHOT/hdds-container-service-1.3.0-SNAPSHOT.jar!/webapps/hddsDatanode}
2022-02-09 14:04:46,495 [Listener at 127.0.0.1/35103] INFO  server.AbstractConnector (AbstractConnector.java:doStart(331)) - Started ServerConnector@66e56837{HTTP/1.1, (http/1.1)}{0.0.0.0:35053}
2022-02-09 14:04:46,496 [Listener at 127.0.0.1/35103] INFO  server.Server (Server.java:doStart(415)) - Started @19929ms
2022-02-09 14:04:46,496 [Listener at 127.0.0.1/35103] WARN  impl.MetricsSystemImpl (MetricsSystemImpl.java:register(279)) - Sink prometheus already exists!
2022-02-09 14:04:46,497 [Listener at 127.0.0.1/35103] INFO  http.BaseHttpServer (BaseHttpServer.java:updateConnectorAddress(329)) - HTTP server of hddsDatanode listening at http://0.0.0.0:35053
2022-02-09 14:04:46,499 [Listener at 127.0.0.1/35103] INFO  ozone.MiniOzoneClusterImpl (MiniOzoneClusterImpl.java:lambda$waitForClusterToBeReady$0(219)) - Waiting for nodes to be ready. Got 0 of 3 DN Heartbeats.
2022-02-09 14:04:46,499 [Listener at 127.0.0.1/35103] INFO  ozone.MiniOzoneClusterImpl (MiniOzoneClusterImpl.java:lambda$waitForClusterToBeReady$0(222)) - Waiting for cluster to exit safe mode
2022-02-09 14:04:46,499 [Listener at 127.0.0.1/35103] INFO  ozone.MiniOzoneClusterImpl (MiniOzoneClusterImpl.java:lambda$waitForClusterToBeReady$0(224)) - SCM became leader
2022-02-09 14:04:46,500 [Datanode State Machine Daemon Thread] INFO  statemachine.DatanodeStateMachine (DatanodeStateMachine.java:lambda$startDaemon$0(470)) - Ozone container server started.
2022-02-09 14:04:46,508 [org.apache.hadoop.util.JvmPauseMonitor$Monitor@399872c6] INFO  util.JvmPauseMonitor (JvmPauseMonitor.java:run(188)) - Starting JVM pause monitor
2022-02-09 14:04:46,512 [Datanode State Machine Task Thread - 0] INFO  datanode.InitDatanodeState (InitDatanodeState.java:persistContainerDatanodeDetails(145)) - DatanodeDetails is persisted to /home/runner/work/ozone/ozone/hadoop-ozone/integration-test/target/test-dir/MiniOzoneClusterImpl-9c41f9ea-08a3-4502-a72d-bbb1f5427d0a/datanode-2/meta/datanode.id
2022-02-09 14:04:46,964 [omNode-3@group-523986131536-FollowerState] INFO  impl.FollowerState (FollowerState.java:run(134)) - omNode-3@group-523986131536-FollowerState: change to CANDIDATE, lastRpcElapsedTime:1111678601ns, electionTimeout:1108ms
2022-02-09 14:04:46,964 [omNode-3@group-523986131536-FollowerState] INFO  impl.RoleInfo (RoleInfo.java:shutdownFollowerState(108)) - omNode-3: shutdown omNode-3@group-523986131536-FollowerState
2022-02-09 14:04:46,964 [omNode-3@group-523986131536-FollowerState] INFO  server.RaftServer$Division (RaftServerImpl.java:setRole(290)) - omNode-3@group-523986131536: changes role from  FOLLOWER to CANDIDATE at term 1 for changeToCandidate
2022-02-09 14:04:46,968 [omNode-3@group-523986131536-FollowerState] INFO  server.RaftServerConfigKeys (ConfUtils.java:logGet(44)) - raft.server.leaderelection.pre-vote = false (custom)
2022-02-09 14:04:46,968 [omNode-3@group-523986131536-FollowerState] INFO  impl.RoleInfo (RoleInfo.java:updateAndGet(130)) - omNode-3: start omNode-3@group-523986131536-LeaderElection6
2022-02-09 14:04:46,973 [omNode-3@group-523986131536-LeaderElection6] INFO  impl.LeaderElection (LeaderElection.java:askForVotes(306)) - omNode-3@group-523986131536-LeaderElection6 ELECTION round 0: submit vote requests at term 2 for -1: [omNode-3|rpc:localhost:44981|priority:0, omNode-1|rpc:localhost:41473|priority:0, omNode-2|rpc:localhost:43541|priority:0], old=null
2022-02-09 14:04:46,982 [grpc-default-executor-1] INFO  server.RaftServer$Division (RaftServerImpl.java:requestVote(1046)) - omNode-1@group-523986131536: receive requestVote(ELECTION, omNode-3, group-523986131536, 2, (t:0, i:~))
2022-02-09 14:04:46,982 [grpc-default-executor-1] INFO  impl.VoteContext (VoteContext.java:log(48)) - omNode-1@group-523986131536-FOLLOWER: accept ELECTION from omNode-3: our priority 0 <= candidate's priority 0
2022-02-09 14:04:46,982 [grpc-default-executor-1] INFO  server.RaftServer$Division (RaftServerImpl.java:setRole(290)) - omNode-1@group-523986131536: changes role from  FOLLOWER to FOLLOWER at term 2 for candidate:omNode-3
2022-02-09 14:04:46,982 [grpc-default-executor-1] INFO  impl.RoleInfo (RoleInfo.java:shutdownFollowerState(108)) - omNode-1: shutdown omNode-1@group-523986131536-FollowerState
2022-02-09 14:04:46,982 [grpc-default-executor-1] INFO  impl.RoleInfo (RoleInfo.java:updateAndGet(130)) - omNode-1: start omNode-1@group-523986131536-FollowerState
2022-02-09 14:04:46,982 [grpc-default-executor-3] INFO  server.RaftServer$Division (RaftServerImpl.java:requestVote(1046)) - omNode-2@group-523986131536: receive requestVote(ELECTION, omNode-3, group-523986131536, 2, (t:0, i:~))
2022-02-09 14:04:46,982 [grpc-default-executor-3] INFO  impl.VoteContext (VoteContext.java:log(48)) - omNode-2@group-523986131536-FOLLOWER: accept ELECTION from omNode-3: our priority 0 <= candidate's priority 0
2022-02-09 14:04:46,983 [grpc-default-executor-3] INFO  server.RaftServer$Division (RaftServerImpl.java:setRole(290)) - omNode-2@group-523986131536: changes role from  FOLLOWER to FOLLOWER at term 2 for candidate:omNode-3
2022-02-09 14:04:46,983 [omNode-1@group-523986131536-FollowerState] INFO  impl.FollowerState (FollowerState.java:run(143)) - omNode-1@group-523986131536-FollowerState was interrupted: {}
java.lang.InterruptedException: sleep interrupted
	at java.lang.Thread.sleep(Native Method)
	at java.lang.Thread.sleep(Thread.java:340)
	at java.util.concurrent.TimeUnit.sleep(TimeUnit.java:386)
	at org.apache.ratis.util.TimeDuration.sleep(TimeDuration.java:324)
	at org.apache.ratis.util.TimeDuration.sleep(TimeDuration.java:309)
	at org.apache.ratis.server.impl.FollowerState.run(FollowerState.java:118)
2022-02-09 14:04:46,983 [grpc-default-executor-3] INFO  impl.RoleInfo (RoleInfo.java:shutdownFollowerState(108)) - omNode-2: shutdown omNode-2@group-523986131536-FollowerState
2022-02-09 14:04:46,985 [grpc-default-executor-3] INFO  impl.RoleInfo (RoleInfo.java:updateAndGet(130)) - omNode-2: start omNode-2@group-523986131536-FollowerState
2022-02-09 14:04:46,986 [omNode-2@group-523986131536-FollowerState] INFO  impl.FollowerState (FollowerState.java:run(143)) - omNode-2@group-523986131536-FollowerState was interrupted: {}
java.lang.InterruptedException: sleep interrupted
	at java.lang.Thread.sleep(Native Method)
	at java.lang.Thread.sleep(Thread.java:340)
	at java.util.concurrent.TimeUnit.sleep(TimeUnit.java:386)
	at org.apache.ratis.util.TimeDuration.sleep(TimeDuration.java:324)
	at org.apache.ratis.util.TimeDuration.sleep(TimeDuration.java:309)
	at org.apache.ratis.server.impl.FollowerState.run(FollowerState.java:118)
2022-02-09 14:04:46,991 [grpc-default-executor-3] INFO  server.RaftServer$Division (RaftServerImpl.java:requestVote(1078)) - omNode-2@group-523986131536 replies to ELECTION vote request: omNode-3<-omNode-2#0:OK-t2. Peer's state: omNode-2@group-523986131536:t2, leader=null, voted=omNode-3, raftlog=omNode-2@group-523986131536-SegmentedRaftLog:OPENED:c-1, conf=-1: [omNode-3|rpc:localhost:44981|priority:0, omNode-1|rpc:localhost:41473|priority:0, omNode-2|rpc:localhost:43541|priority:0], old=null
2022-02-09 14:04:46,992 [grpc-default-executor-1] INFO  server.RaftServer$Division (RaftServerImpl.java:requestVote(1078)) - omNode-1@group-523986131536 replies to ELECTION vote request: omNode-3<-omNode-1#0:OK-t2. Peer's state: omNode-1@group-523986131536:t2, leader=null, voted=omNode-3, raftlog=omNode-1@group-523986131536-SegmentedRaftLog:OPENED:c-1, conf=-1: [omNode-3|rpc:localhost:44981|priority:0, omNode-1|rpc:localhost:41473|priority:0, omNode-2|rpc:localhost:43541|priority:0], old=null
2022-02-09 14:04:46,997 [omNode-3@group-523986131536-LeaderElection6] INFO  impl.LeaderElection (LeaderElection.java:logAndReturn(89)) - omNode-3@group-523986131536-LeaderElection6: ELECTION PASSED received 1 response(s) and 0 exception(s):
2022-02-09 14:04:46,997 [omNode-3@group-523986131536-LeaderElection6] INFO  impl.LeaderElection (LeaderElection.java:logAndReturn(93)) -   Response 0: omNode-3<-omNode-1#0:OK-t2
2022-02-09 14:04:46,997 [omNode-3@group-523986131536-LeaderElection6] INFO  impl.LeaderElection (LeaderElection.java:askForVotes(308)) - omNode-3@group-523986131536-LeaderElection6 ELECTION round 0: result PASSED
2022-02-09 14:04:46,997 [omNode-3@group-523986131536-LeaderElection6] INFO  impl.RoleInfo (RoleInfo.java:shutdownLeaderElection(121)) - omNode-3: shutdown omNode-3@group-523986131536-LeaderElection6
2022-02-09 14:04:46,998 [omNode-3@group-523986131536-LeaderElection6] INFO  server.RaftServer$Division (RaftServerImpl.java:setRole(290)) - omNode-3@group-523986131536: changes role from CANDIDATE to LEADER at term 2 for changeToLeader
2022-02-09 14:04:46,998 [omNode-3@group-523986131536-LeaderElection6] INFO  server.RaftServer$Division (ServerState.java:setLeader(285)) - omNode-3@group-523986131536: change Leader from null to omNode-3 at term 2 for becomeLeader, leader elected after 2404ms
2022-02-09 14:04:46,998 [omNode-3@group-523986131536-LeaderElection6] INFO  server.RaftServerConfigKeys (ConfUtils.java:logGet(44)) - raft.server.staging.catchup.gap = 1000 (default)
2022-02-09 14:04:46,998 [omNode-3@group-523986131536-LeaderElection6] INFO  server.RaftServerConfigKeys (ConfUtils.java:logGet(44)) - raft.server.write.element-limit = 4096 (default)
2022-02-09 14:04:46,998 [omNode-3@group-523986131536-LeaderElection6] INFO  server.RaftServerConfigKeys (ConfUtils.java:logGet(44)) - raft.server.write.byte-limit = 64MB (=67108864) (default)
2022-02-09 14:04:46,999 [omNode-3@group-523986131536-LeaderElection6] INFO  server.RaftServerConfigKeys (ConfUtils.java:logGet(44)) - raft.server.watch.timeout = 10s (default)
2022-02-09 14:04:46,999 [omNode-3@group-523986131536-LeaderElection6] INFO  server.RaftServerConfigKeys (ConfUtils.java:logGet(44)) - raft.server.watch.timeout.denomination = 1s (default)
2022-02-09 14:04:46,999 [omNode-3@group-523986131536-LeaderElection6] INFO  server.RaftServerConfigKeys (ConfUtils.java:logGet(44)) - raft.server.watch.element-limit = 65536 (default)
2022-02-09 14:04:46,999 [omNode-3@group-523986131536-LeaderElection6] INFO  server.RaftServerConfigKeys (ConfUtils.java:logGet(44)) - raft.server.write.element-limit = 4096 (default)
2022-02-09 14:04:46,999 [omNode-3@group-523986131536-LeaderElection6] INFO  server.RaftServerConfigKeys (ConfUtils.java:logGet(44)) - raft.server.write.follower.gap.ratio.max = -1.0 (default)
2022-02-09 14:04:47,006 [omNode-3@group-523986131536-LeaderElection6] INFO  server.RaftServerConfigKeys (ConfUtils.java:logGet(44)) - raft.server.log.appender.snapshot.chunk.size.max = 16MB (=16777216) (default)
2022-02-09 14:04:47,007 [omNode-3@group-523986131536-LeaderElection6] INFO  server.RaftServerConfigKeys (ConfUtils.java:logGet(44)) - raft.server.log.appender.buffer.byte-limit = 33554432 (custom)
2022-02-09 14:04:47,007 [omNode-3@group-523986131536-LeaderElection6] INFO  server.RaftServerConfigKeys (ConfUtils.java:logGet(44)) - raft.server.log.appender.buffer.element-limit = 1024 (custom)
2022-02-09 14:04:47,011 [omNode-3@group-523986131536-LeaderElection6] INFO  grpc.GrpcConfigKeys (ConfUtils.java:logGet(44)) - raft.grpc.server.leader.outstanding.appends.max = 128 (default)
2022-02-09 14:04:47,011 [omNode-3@group-523986131536-LeaderElection6] INFO  server.RaftServerConfigKeys (ConfUtils.java:logGet(44)) - raft.server.rpc.request.timeout = 3000ms (default)
2022-02-09 14:04:47,011 [omNode-3@group-523986131536-LeaderElection6] INFO  server.RaftServerConfigKeys (ConfUtils.java:logGet(44)) - raft.server.log.appender.install.snapshot.enabled = false (custom)
2022-02-09 14:04:47,017 [omNode-3@group-523986131536-LeaderElection6] INFO  server.RaftServerConfigKeys (ConfUtils.java:logGet(44)) - raft.server.log.appender.snapshot.chunk.size.max = 16MB (=16777216) (default)
2022-02-09 14:04:47,017 [omNode-3@group-523986131536-LeaderElection6] INFO  server.RaftServerConfigKeys (ConfUtils.java:logGet(44)) - raft.server.log.appender.buffer.byte-limit = 33554432 (custom)
2022-02-09 14:04:47,017 [omNode-3@group-523986131536-LeaderElection6] INFO  server.RaftServerConfigKeys (ConfUtils.java:logGet(44)) - raft.server.log.appender.buffer.element-limit = 1024 (custom)
2022-02-09 14:04:47,017 [omNode-3@group-523986131536-LeaderElection6] INFO  grpc.GrpcConfigKeys (ConfUtils.java:logGet(44)) - raft.grpc.server.leader.outstanding.appends.max = 128 (default)
2022-02-09 14:04:47,018 [omNode-3@group-523986131536-LeaderElection6] INFO  server.RaftServerConfigKeys (ConfUtils.java:logGet(44)) - raft.server.rpc.request.timeout = 3000ms (default)
2022-02-09 14:04:47,018 [omNode-3@group-523986131536-LeaderElection6] INFO  server.RaftServerConfigKeys (ConfUtils.java:logGet(44)) - raft.server.log.appender.install.snapshot.enabled = false (custom)
2022-02-09 14:04:47,021 [omNode-3@group-523986131536-LeaderElection6] INFO  impl.RoleInfo (RoleInfo.java:updateAndGet(130)) - omNode-3: start omNode-3@group-523986131536-LeaderStateImpl
2022-02-09 14:04:47,022 [omNode-3@group-523986131536-LeaderElection6] INFO  segmented.SegmentedRaftLogWorker (SegmentedRaftLogWorker.java:startLogSegment(394)) - omNode-3@group-523986131536-SegmentedRaftLogWorker: Starting segment from index:0
2022-02-09 14:04:47,053 [omNode-3@group-523986131536-LeaderElection6] INFO  server.RaftServer$Division (ServerState.java:setRaftConf(387)) - omNode-3@group-523986131536: set configuration 0: [omNode-3|rpc:localhost:44981|admin:|client:|dataStream:|priority:0, omNode-1|rpc:localhost:41473|admin:|client:|dataStream:|priority:0, omNode-2|rpc:localhost:43541|admin:|client:|dataStream:|priority:0], old=null
2022-02-09 14:04:47,064 [omNode-3@group-523986131536-SegmentedRaftLogWorker] INFO  segmented.SegmentedRaftLogWorker (SegmentedRaftLogWorker.java:execute(601)) - omNode-3@group-523986131536-SegmentedRaftLogWorker: created new log segment /home/runner/work/ozone/ozone/hadoop-ozone/integration-test/target/test-dir/MiniOzoneClusterImpl-9c41f9ea-08a3-4502-a72d-bbb1f5427d0a/omNode-3/ratis/c9bc4cf4-3bc3-3c60-a66b-523986131536/current/log_inprogress_0
2022-02-09 14:04:47,094 [grpc-default-executor-1] INFO  server.RaftServer$Division (ServerState.java:setLeader(285)) - omNode-1@group-523986131536: change Leader from null to omNode-3 at term 2 for appendEntries, leader elected after 3263ms
2022-02-09 14:04:47,095 [grpc-default-executor-2] INFO  server.RaftServer$Division (ServerState.java:setLeader(285)) - omNode-2@group-523986131536: change Leader from null to omNode-3 at term 2 for appendEntries, leader elected after 2838ms
2022-02-09 14:04:47,136 [grpc-default-executor-2] INFO  server.RaftServer$Division (ServerState.java:setRaftConf(387)) - omNode-2@group-523986131536: set configuration 0: [omNode-3|rpc:localhost:44981|admin:|client:|dataStream:|priority:0, omNode-1|rpc:localhost:41473|admin:|client:|dataStream:|priority:0, omNode-2|rpc:localhost:43541|admin:|client:|dataStream:|priority:0], old=null
2022-02-09 14:04:47,137 [grpc-default-executor-2] INFO  segmented.SegmentedRaftLogWorker (SegmentedRaftLogWorker.java:startLogSegment(394)) - omNode-2@group-523986131536-SegmentedRaftLogWorker: Starting segment from index:0
2022-02-09 14:04:47,155 [grpc-default-executor-1] INFO  server.RaftServer$Division (ServerState.java:setRaftConf(387)) - omNode-1@group-523986131536: set configuration 0: [omNode-3|rpc:localhost:44981|admin:|client:|dataStream:|priority:0, omNode-1|rpc:localhost:41473|admin:|client:|dataStream:|priority:0, omNode-2|rpc:localhost:43541|admin:|client:|dataStream:|priority:0], old=null
2022-02-09 14:04:47,156 [grpc-default-executor-1] INFO  segmented.SegmentedRaftLogWorker (SegmentedRaftLogWorker.java:startLogSegment(394)) - omNode-1@group-523986131536-SegmentedRaftLogWorker: Starting segment from index:0
2022-02-09 14:04:47,160 [omNode-2@group-523986131536-SegmentedRaftLogWorker] INFO  segmented.SegmentedRaftLogWorker (SegmentedRaftLogWorker.java:execute(601)) - omNode-2@group-523986131536-SegmentedRaftLogWorker: created new log segment /home/runner/work/ozone/ozone/hadoop-ozone/integration-test/target/test-dir/MiniOzoneClusterImpl-9c41f9ea-08a3-4502-a72d-bbb1f5427d0a/omNode-2/ratis/c9bc4cf4-3bc3-3c60-a66b-523986131536/current/log_inprogress_0
2022-02-09 14:04:47,168 [omNode-1@group-523986131536-SegmentedRaftLogWorker] INFO  segmented.SegmentedRaftLogWorker (SegmentedRaftLogWorker.java:execute(601)) - omNode-1@group-523986131536-SegmentedRaftLogWorker: created new log segment /home/runner/work/ozone/ozone/hadoop-ozone/integration-test/target/test-dir/MiniOzoneClusterImpl-9c41f9ea-08a3-4502-a72d-bbb1f5427d0a/omNode-1/ratis/c9bc4cf4-3bc3-3c60-a66b-523986131536/current/log_inprogress_0
2022-02-09 14:04:47,219 [omNode-1@group-523986131536-StateMachineUpdater] INFO  ratis.OzoneManagerStateMachine (OzoneManagerStateMachine.java:notifyConfigurationChanged(188)) - Received Configuration change notification from Ratis. New Peer list:
[id: "omNode-3"
address: "localhost:44981"
, id: "omNode-1"
address: "localhost:41473"
, id: "omNode-2"
address: "localhost:43541"
]
2022-02-09 14:04:47,219 [omNode-3@group-523986131536-StateMachineUpdater] INFO  ratis.OzoneManagerStateMachine (OzoneManagerStateMachine.java:notifyConfigurationChanged(188)) - Received Configuration change notification from Ratis. New Peer list:
[id: "omNode-3"
address: "localhost:44981"
, id: "omNode-1"
address: "localhost:41473"
, id: "omNode-2"
address: "localhost:43541"
]
2022-02-09 14:04:47,221 [omNode-2@group-523986131536-StateMachineUpdater] INFO  ratis.OzoneManagerStateMachine (OzoneManagerStateMachine.java:notifyConfigurationChanged(188)) - Received Configuration change notification from Ratis. New Peer list:
[id: "omNode-3"
address: "localhost:44981"
, id: "omNode-1"
address: "localhost:41473"
, id: "omNode-2"
address: "localhost:43541"
]
2022-02-09 14:04:47,500 [Listener at 127.0.0.1/35103] INFO  ozone.MiniOzoneClusterImpl (MiniOzoneClusterImpl.java:lambda$waitForClusterToBeReady$0(219)) - Waiting for nodes to be ready. Got 0 of 3 DN Heartbeats.
2022-02-09 14:04:47,500 [Listener at 127.0.0.1/35103] INFO  ozone.MiniOzoneClusterImpl (MiniOzoneClusterImpl.java:lambda$waitForClusterToBeReady$0(222)) - Waiting for cluster to exit safe mode
2022-02-09 14:04:47,500 [Listener at 127.0.0.1/35103] INFO  ozone.MiniOzoneClusterImpl (MiniOzoneClusterImpl.java:lambda$waitForClusterToBeReady$0(224)) - SCM became leader
2022-02-09 14:04:48,066 [EndpointStateMachine task thread for /0.0.0.0:33815 - 0 ] INFO  ozoneimpl.OzoneContainer (OzoneContainer.java:start(315)) - Attempting to start container services.
2022-02-09 14:04:48,069 [EndpointStateMachine task thread for /0.0.0.0:33815 - 0 ] INFO  ozoneimpl.OzoneContainer (OzoneContainer.java:startContainerScrub(250)) - Background container scanner has been disabled.
2022-02-09 14:04:48,070 [EndpointStateMachine task thread for /0.0.0.0:33815 - 0 ] INFO  replication.ReplicationServer (ReplicationServer.java:start(111)) - ReplicationServer is started using port 33821
2022-02-09 14:04:48,073 [EndpointStateMachine task thread for /0.0.0.0:33815 - 0 ] INFO  ratis.XceiverServerRatis (XceiverServerRatis.java:start(484)) - Starting XceiverServerRatis 76394f58-7664-4cfd-8484-a797f937a558
2022-02-09 14:04:48,076 [EndpointStateMachine task thread for /0.0.0.0:33815 - 0 ] INFO  server.RaftServer (RaftServerProxy.java:lambda$start$5(374)) - 76394f58-7664-4cfd-8484-a797f937a558: start RPC server
2022-02-09 14:04:48,077 [EndpointStateMachine task thread for /0.0.0.0:33815 - 0 ] INFO  server.GrpcService (GrpcService.java:startImpl(253)) - 76394f58-7664-4cfd-8484-a797f937a558: GrpcService started, listening on 34823
2022-02-09 14:04:48,078 [EndpointStateMachine task thread for /0.0.0.0:33815 - 0 ] INFO  ratis.XceiverServerRatis (XceiverServerRatis.java:getRealPort(505)) - XceiverServerRatis 76394f58-7664-4cfd-8484-a797f937a558 is started using port 34823 for RATIS
2022-02-09 14:04:48,078 [EndpointStateMachine task thread for /0.0.0.0:33815 - 0 ] INFO  ratis.XceiverServerRatis (XceiverServerRatis.java:getRealPort(505)) - XceiverServerRatis 76394f58-7664-4cfd-8484-a797f937a558 is started using port 34823 for RATIS_ADMIN
2022-02-09 14:04:48,078 [EndpointStateMachine task thread for /0.0.0.0:33815 - 0 ] INFO  ratis.XceiverServerRatis (XceiverServerRatis.java:getRealPort(505)) - XceiverServerRatis 76394f58-7664-4cfd-8484-a797f937a558 is started using port 34823 for RATIS_SERVER
2022-02-09 14:04:48,078 [org.apache.ratis.util.JvmPauseMonitor$$Lambda$422/1400671358@1f5ed820] INFO  util.JvmPauseMonitor (JvmPauseMonitor.java:run(103)) - JvmPauseMonitor-76394f58-7664-4cfd-8484-a797f937a558: Started
2022-02-09 14:04:48,082 [EndpointStateMachine task thread for /0.0.0.0:33815 - 0 ] INFO  server.XceiverServerGrpc (XceiverServerGrpc.java:start(180)) - XceiverServerGrpc 76394f58-7664-4cfd-8484-a797f937a558 is started using port 45505
2022-02-09 14:04:48,289 [EndpointStateMachine task thread for /0.0.0.0:33815 - 0 ] INFO  ozoneimpl.OzoneContainer (OzoneContainer.java:start(315)) - Attempting to start container services.
2022-02-09 14:04:48,290 [EndpointStateMachine task thread for /0.0.0.0:33815 - 0 ] INFO  ozoneimpl.OzoneContainer (OzoneContainer.java:startContainerScrub(250)) - Background container scanner has been disabled.
2022-02-09 14:04:48,291 [EndpointStateMachine task thread for /0.0.0.0:33815 - 0 ] INFO  replication.ReplicationServer (ReplicationServer.java:start(111)) - ReplicationServer is started using port 42501
2022-02-09 14:04:48,293 [EndpointStateMachine task thread for /0.0.0.0:33815 - 0 ] INFO  ratis.XceiverServerRatis (XceiverServerRatis.java:start(484)) - Starting XceiverServerRatis 92df55c5-64ae-4653-a720-46004b8dbf8f
2022-02-09 14:04:48,294 [EndpointStateMachine task thread for /0.0.0.0:33815 - 0 ] INFO  server.RaftServer (RaftServerProxy.java:lambda$start$5(374)) - 92df55c5-64ae-4653-a720-46004b8dbf8f: start RPC server
2022-02-09 14:04:48,296 [EndpointStateMachine task thread for /0.0.0.0:33815 - 0 ] INFO  server.GrpcService (GrpcService.java:startImpl(253)) - 92df55c5-64ae-4653-a720-46004b8dbf8f: GrpcService started, listening on 45105
2022-02-09 14:04:48,296 [EndpointStateMachine task thread for /0.0.0.0:33815 - 0 ] INFO  ratis.XceiverServerRatis (XceiverServerRatis.java:getRealPort(505)) - XceiverServerRatis 92df55c5-64ae-4653-a720-46004b8dbf8f is started using port 45105 for RATIS
2022-02-09 14:04:48,296 [EndpointStateMachine task thread for /0.0.0.0:33815 - 0 ] INFO  ratis.XceiverServerRatis (XceiverServerRatis.java:getRealPort(505)) - XceiverServerRatis 92df55c5-64ae-4653-a720-46004b8dbf8f is started using port 45105 for RATIS_ADMIN
2022-02-09 14:04:48,296 [EndpointStateMachine task thread for /0.0.0.0:33815 - 0 ] INFO  ratis.XceiverServerRatis (XceiverServerRatis.java:getRealPort(505)) - XceiverServerRatis 92df55c5-64ae-4653-a720-46004b8dbf8f is started using port 45105 for RATIS_SERVER
2022-02-09 14:04:48,296 [org.apache.ratis.util.JvmPauseMonitor$$Lambda$422/1400671358@698f66f9] INFO  util.JvmPauseMonitor (JvmPauseMonitor.java:run(103)) - JvmPauseMonitor-92df55c5-64ae-4653-a720-46004b8dbf8f: Started
2022-02-09 14:04:48,298 [EndpointStateMachine task thread for /0.0.0.0:33815 - 0 ] INFO  server.XceiverServerGrpc (XceiverServerGrpc.java:start(180)) - XceiverServerGrpc 92df55c5-64ae-4653-a720-46004b8dbf8f is started using port 42111
2022-02-09 14:04:48,500 [Listener at 127.0.0.1/35103] INFO  ozone.MiniOzoneClusterImpl (MiniOzoneClusterImpl.java:lambda$waitForClusterToBeReady$0(219)) - Waiting for nodes to be ready. Got 0 of 3 DN Heartbeats.
2022-02-09 14:04:48,501 [Listener at 127.0.0.1/35103] INFO  ozone.MiniOzoneClusterImpl (MiniOzoneClusterImpl.java:lambda$waitForClusterToBeReady$0(222)) - Waiting for cluster to exit safe mode
2022-02-09 14:04:48,501 [Listener at 127.0.0.1/35103] INFO  ozone.MiniOzoneClusterImpl (MiniOzoneClusterImpl.java:lambda$waitForClusterToBeReady$0(224)) - SCM became leader
2022-02-09 14:04:48,513 [EndpointStateMachine task thread for /0.0.0.0:33815 - 0 ] INFO  ozoneimpl.OzoneContainer (OzoneContainer.java:start(315)) - Attempting to start container services.
2022-02-09 14:04:48,514 [EndpointStateMachine task thread for /0.0.0.0:33815 - 0 ] INFO  ozoneimpl.OzoneContainer (OzoneContainer.java:startContainerScrub(250)) - Background container scanner has been disabled.
2022-02-09 14:04:48,516 [EndpointStateMachine task thread for /0.0.0.0:33815 - 0 ] INFO  replication.ReplicationServer (ReplicationServer.java:start(111)) - ReplicationServer is started using port 43589
2022-02-09 14:04:48,517 [EndpointStateMachine task thread for /0.0.0.0:33815 - 0 ] INFO  ratis.XceiverServerRatis (XceiverServerRatis.java:start(484)) - Starting XceiverServerRatis 6f5b8d78-77bb-45c7-81ed-2561031b889f
2022-02-09 14:04:48,518 [EndpointStateMachine task thread for /0.0.0.0:33815 - 0 ] INFO  server.RaftServer (RaftServerProxy.java:lambda$start$5(374)) - 6f5b8d78-77bb-45c7-81ed-2561031b889f: start RPC server
2022-02-09 14:04:48,519 [EndpointStateMachine task thread for /0.0.0.0:33815 - 0 ] INFO  server.GrpcService (GrpcService.java:startImpl(253)) - 6f5b8d78-77bb-45c7-81ed-2561031b889f: GrpcService started, listening on 42731
2022-02-09 14:04:48,519 [EndpointStateMachine task thread for /0.0.0.0:33815 - 0 ] INFO  ratis.XceiverServerRatis (XceiverServerRatis.java:getRealPort(505)) - XceiverServerRatis 6f5b8d78-77bb-45c7-81ed-2561031b889f is started using port 42731 for RATIS
2022-02-09 14:04:48,519 [org.apache.ratis.util.JvmPauseMonitor$$Lambda$422/1400671358@5c21e0b1] INFO  util.JvmPauseMonitor (JvmPauseMonitor.java:run(103)) - JvmPauseMonitor-6f5b8d78-77bb-45c7-81ed-2561031b889f: Started
2022-02-09 14:04:48,519 [EndpointStateMachine task thread for /0.0.0.0:33815 - 0 ] INFO  ratis.XceiverServerRatis (XceiverServerRatis.java:getRealPort(505)) - XceiverServerRatis 6f5b8d78-77bb-45c7-81ed-2561031b889f is started using port 42731 for RATIS_ADMIN
2022-02-09 14:04:48,519 [EndpointStateMachine task thread for /0.0.0.0:33815 - 0 ] INFO  ratis.XceiverServerRatis (XceiverServerRatis.java:getRealPort(505)) - XceiverServerRatis 6f5b8d78-77bb-45c7-81ed-2561031b889f is started using port 42731 for RATIS_SERVER
2022-02-09 14:04:48,521 [EndpointStateMachine task thread for /0.0.0.0:33815 - 0 ] INFO  server.XceiverServerGrpc (XceiverServerGrpc.java:start(180)) - XceiverServerGrpc 6f5b8d78-77bb-45c7-81ed-2561031b889f is started using port 37819
2022-02-09 14:04:49,501 [Listener at 127.0.0.1/35103] INFO  ozone.MiniOzoneClusterImpl (MiniOzoneClusterImpl.java:lambda$waitForClusterToBeReady$0(219)) - Waiting for nodes to be ready. Got 0 of 3 DN Heartbeats.
2022-02-09 14:04:49,501 [Listener at 127.0.0.1/35103] INFO  ozone.MiniOzoneClusterImpl (MiniOzoneClusterImpl.java:lambda$waitForClusterToBeReady$0(222)) - Waiting for cluster to exit safe mode
2022-02-09 14:04:49,501 [Listener at 127.0.0.1/35103] INFO  ozone.MiniOzoneClusterImpl (MiniOzoneClusterImpl.java:lambda$waitForClusterToBeReady$0(224)) - SCM became leader
2022-02-09 14:04:50,036 [IPC Server handler 1 on default port 33815] INFO  net.NetworkTopologyImpl (NetworkTopologyImpl.java:add(112)) - Added a new node: /default-rack/76394f58-7664-4cfd-8484-a797f937a558
2022-02-09 14:04:50,038 [IPC Server handler 1 on default port 33815] INFO  node.SCMNodeManager (SCMNodeManager.java:register(389)) - Registered Data node : 76394f58-7664-4cfd-8484-a797f937a558{ip: 10.1.0.19, host: fv-az270-916.tacnzluakwdehk1hpragurqkma.bx.internal.cloudapp.net, ports: [REPLICATION=33821, RATIS=34823, RATIS_ADMIN=34823, RATIS_SERVER=34823, STANDALONE=45505], networkLocation: /default-rack, certSerialId: null, persistedOpState: null, persistedOpStateExpiryEpochSec: 0}
2022-02-09 14:04:50,046 [EventQueue-NewNodeForNewNodeHandler] INFO  pipeline.BackgroundPipelineCreator (BackgroundPipelineCreator.java:notifyEventTriggered(285)) - trigger a one-shot run on RatisPipelineUtilsThread.
2022-02-09 14:04:50,060 [RatisPipelineUtilsThread - 0] INFO  pipeline.RatisPipelineProvider (RatisPipelineProvider.java:lambda$create$0(183)) - Sending CreatePipelineCommand for pipeline:PipelineID=843b06f0-777a-4b2b-852b-0833934ca328 to datanode:76394f58-7664-4cfd-8484-a797f937a558
2022-02-09 14:04:50,061 [EventQueue-NodeRegistrationContainerReportForDataNodeSafeModeRule] INFO  safemode.SCMSafeModeManager (DataNodeSafeModeRule.java:process(71)) - SCM in safe mode. 1 DataNodes registered, 3 required.
2022-02-09 14:04:50,066 [EventQueue-PipelineReportForOneReplicaPipelineSafeModeRule] INFO  safemode.SCMSafeModeManager (SCMSafeModeManager.java:validateSafeModeExitRules(204)) - AtleastOneDatanodeReportedRule rule is successfully validated
2022-02-09 14:04:50,074 [EventQueue-NodeRegistrationContainerReportForContainerSafeModeRule] INFO  safemode.SCMSafeModeManager (SCMSafeModeManager.java:validateSafeModeExitRules(204)) - ContainerSafeModeRule rule is successfully validated
2022-02-09 14:04:50,155 [698ab2d5-378d-457a-8e5f-fab21942cead@group-BBB1F5427D0A-StateMachineUpdater] INFO  pipeline.PipelineStateManagerImpl (PipelineStateManagerImpl.java:addPipeline(101)) - Created pipeline Pipeline[ Id: 843b06f0-777a-4b2b-852b-0833934ca328, Nodes: 76394f58-7664-4cfd-8484-a797f937a558{ip: 10.1.0.19, host: fv-az270-916.tacnzluakwdehk1hpragurqkma.bx.internal.cloudapp.net, ports: [REPLICATION=33821, RATIS=34823, RATIS_ADMIN=34823, RATIS_SERVER=34823, STANDALONE=45505], networkLocation: /default-rack, certSerialId: null, persistedOpState: IN_SERVICE, persistedOpStateExpiryEpochSec: 0}, ReplicationConfig: RATIS/ONE, State:ALLOCATED, leaderId:, CreationTimestamp2022-02-09T14:04:50.056Z[Etc/UTC]].
2022-02-09 14:04:50,156 [698ab2d5-378d-457a-8e5f-fab21942cead@group-BBB1F5427D0A-StateMachineUpdater] INFO  safemode.HealthyPipelineSafeModeRule (HealthyPipelineSafeModeRule.java:initializeRule(152)) - Refreshed total pipeline count is 0, healthy pipeline threshold count is 1
2022-02-09 14:04:50,286 [IPC Server handler 3 on default port 33815] INFO  net.NetworkTopologyImpl (NetworkTopologyImpl.java:add(112)) - Added a new node: /default-rack/92df55c5-64ae-4653-a720-46004b8dbf8f
2022-02-09 14:04:50,287 [IPC Server handler 3 on default port 33815] INFO  node.SCMNodeManager (SCMNodeManager.java:register(389)) - Registered Data node : 92df55c5-64ae-4653-a720-46004b8dbf8f{ip: 10.1.0.19, host: fv-az270-916.tacnzluakwdehk1hpragurqkma.bx.internal.cloudapp.net, ports: [REPLICATION=42501, RATIS=45105, RATIS_ADMIN=45105, RATIS_SERVER=45105, STANDALONE=42111], networkLocation: /default-rack, certSerialId: null, persistedOpState: null, persistedOpStateExpiryEpochSec: 0}
2022-02-09 14:04:50,287 [EventQueue-NewNodeForNewNodeHandler] INFO  pipeline.BackgroundPipelineCreator (BackgroundPipelineCreator.java:notifyEventTriggered(285)) - trigger a one-shot run on RatisPipelineUtilsThread.
2022-02-09 14:04:50,288 [EventQueue-NodeRegistrationContainerReportForDataNodeSafeModeRule] INFO  safemode.SCMSafeModeManager (DataNodeSafeModeRule.java:process(71)) - SCM in safe mode. 2 DataNodes registered, 3 required.
2022-02-09 14:04:50,288 [RatisPipelineUtilsThread - 0] INFO  pipeline.RatisPipelineProvider (RatisPipelineProvider.java:lambda$create$0(183)) - Sending CreatePipelineCommand for pipeline:PipelineID=06bf1117-a013-42bb-9bec-e552432dd2e2 to datanode:92df55c5-64ae-4653-a720-46004b8dbf8f
2022-02-09 14:04:50,293 [698ab2d5-378d-457a-8e5f-fab21942cead@group-BBB1F5427D0A-StateMachineUpdater] INFO  pipeline.PipelineStateManagerImpl (PipelineStateManagerImpl.java:addPipeline(101)) - Created pipeline Pipeline[ Id: 06bf1117-a013-42bb-9bec-e552432dd2e2, Nodes: 92df55c5-64ae-4653-a720-46004b8dbf8f{ip: 10.1.0.19, host: fv-az270-916.tacnzluakwdehk1hpragurqkma.bx.internal.cloudapp.net, ports: [REPLICATION=42501, RATIS=45105, RATIS_ADMIN=45105, RATIS_SERVER=45105, STANDALONE=42111], networkLocation: /default-rack, certSerialId: null, persistedOpState: IN_SERVICE, persistedOpStateExpiryEpochSec: 0}, ReplicationConfig: RATIS/ONE, State:ALLOCATED, leaderId:, CreationTimestamp2022-02-09T14:04:50.288Z[Etc/UTC]].
2022-02-09 14:04:50,293 [698ab2d5-378d-457a-8e5f-fab21942cead@group-BBB1F5427D0A-StateMachineUpdater] INFO  safemode.HealthyPipelineSafeModeRule (HealthyPipelineSafeModeRule.java:initializeRule(152)) - Refreshed total pipeline count is 0, healthy pipeline threshold count is 1
2022-02-09 14:04:50,502 [Listener at 127.0.0.1/35103] INFO  ozone.MiniOzoneClusterImpl (MiniOzoneClusterImpl.java:lambda$waitForClusterToBeReady$0(219)) - Waiting for nodes to be ready. Got 2 of 3 DN Heartbeats.
2022-02-09 14:04:50,503 [Listener at 127.0.0.1/35103] INFO  ozone.MiniOzoneClusterImpl (MiniOzoneClusterImpl.java:lambda$waitForClusterToBeReady$0(222)) - Waiting for cluster to exit safe mode
2022-02-09 14:04:50,503 [Listener at 127.0.0.1/35103] INFO  ozone.MiniOzoneClusterImpl (MiniOzoneClusterImpl.java:lambda$waitForClusterToBeReady$0(224)) - SCM became leader
2022-02-09 14:04:50,511 [IPC Server handler 2 on default port 33815] INFO  net.NetworkTopologyImpl (NetworkTopologyImpl.java:add(112)) - Added a new node: /default-rack/6f5b8d78-77bb-45c7-81ed-2561031b889f
2022-02-09 14:04:50,511 [IPC Server handler 2 on default port 33815] INFO  node.SCMNodeManager (SCMNodeManager.java:register(389)) - Registered Data node : 6f5b8d78-77bb-45c7-81ed-2561031b889f{ip: 10.1.0.19, host: fv-az270-916.tacnzluakwdehk1hpragurqkma.bx.internal.cloudapp.net, ports: [REPLICATION=43589, RATIS=42731, RATIS_ADMIN=42731, RATIS_SERVER=42731, STANDALONE=37819], networkLocation: /default-rack, certSerialId: null, persistedOpState: null, persistedOpStateExpiryEpochSec: 0}
2022-02-09 14:04:50,512 [EventQueue-NewNodeForNewNodeHandler] INFO  pipeline.BackgroundPipelineCreator (BackgroundPipelineCreator.java:notifyEventTriggered(285)) - trigger a one-shot run on RatisPipelineUtilsThread.
2022-02-09 14:04:50,512 [RatisPipelineUtilsThread - 0] INFO  pipeline.RatisPipelineProvider (RatisPipelineProvider.java:lambda$create$0(183)) - Sending CreatePipelineCommand for pipeline:PipelineID=b38fc2b2-be9e-4bb2-be8f-1cb619ba4f9a to datanode:6f5b8d78-77bb-45c7-81ed-2561031b889f
2022-02-09 14:04:50,513 [EventQueue-NodeRegistrationContainerReportForDataNodeSafeModeRule] INFO  safemode.SCMSafeModeManager (DataNodeSafeModeRule.java:process(71)) - SCM in safe mode. 3 DataNodes registered, 3 required.
2022-02-09 14:04:50,513 [EventQueue-NodeRegistrationContainerReportForDataNodeSafeModeRule] INFO  safemode.SCMSafeModeManager (SCMSafeModeManager.java:validateSafeModeExitRules(204)) - DataNodeSafeModeRule rule is successfully validated
2022-02-09 14:04:50,513 [EventQueue-NodeRegistrationContainerReportForDataNodeSafeModeRule] INFO  safemode.SCMSafeModeManager (SCMSafeModeManager.java:completePreCheck(233)) - All SCM safe mode pre check rules have passed
2022-02-09 14:04:50,513 [EventQueue-NodeRegistrationContainerReportForDataNodeSafeModeRule] WARN  events.EventQueue (EventQueue.java:fireEvent(194)) - No event handler registered for event TypedEvent{payloadType=SafeModeStatus, name='Safe mode status'}
2022-02-09 14:04:50,513 [EventQueue-NodeRegistrationContainerReportForDataNodeSafeModeRule] INFO  ha.SCMContext (SCMContext.java:updateSafeModeStatus(211)) - Update SafeModeStatus from SafeModeStatus{safeModeStatus=true, preCheckPassed=false} to SafeModeStatus{safeModeStatus=true, preCheckPassed=true}.
2022-02-09 14:04:50,513 [EventQueue-NodeRegistrationContainerReportForDataNodeSafeModeRule] INFO  pipeline.BackgroundPipelineCreator (BackgroundPipelineCreator.java:notifyEventTriggered(285)) - trigger a one-shot run on RatisPipelineUtilsThread.
2022-02-09 14:04:50,515 [698ab2d5-378d-457a-8e5f-fab21942cead@group-BBB1F5427D0A-StateMachineUpdater] INFO  pipeline.PipelineStateManagerImpl (PipelineStateManagerImpl.java:addPipeline(101)) - Created pipeline Pipeline[ Id: b38fc2b2-be9e-4bb2-be8f-1cb619ba4f9a, Nodes: 6f5b8d78-77bb-45c7-81ed-2561031b889f{ip: 10.1.0.19, host: fv-az270-916.tacnzluakwdehk1hpragurqkma.bx.internal.cloudapp.net, ports: [REPLICATION=43589, RATIS=42731, RATIS_ADMIN=42731, RATIS_SERVER=42731, STANDALONE=37819], networkLocation: /default-rack, certSerialId: null, persistedOpState: IN_SERVICE, persistedOpStateExpiryEpochSec: 0}, ReplicationConfig: RATIS/ONE, State:ALLOCATED, leaderId:, CreationTimestamp2022-02-09T14:04:50.512Z[Etc/UTC]].
2022-02-09 14:04:50,515 [698ab2d5-378d-457a-8e5f-fab21942cead@group-BBB1F5427D0A-StateMachineUpdater] INFO  safemode.HealthyPipelineSafeModeRule (HealthyPipelineSafeModeRule.java:initializeRule(152)) - Refreshed total pipeline count is 0, healthy pipeline threshold count is 1
2022-02-09 14:04:50,519 [RatisPipelineUtilsThread - 0] INFO  pipeline.RatisPipelineProvider (RatisPipelineProvider.java:lambda$create$0(183)) - Sending CreatePipelineCommand for pipeline:PipelineID=c4f1af61-addb-40e7-bc46-28c62501f2c9 to datanode:92df55c5-64ae-4653-a720-46004b8dbf8f
2022-02-09 14:04:50,520 [RatisPipelineUtilsThread - 0] INFO  pipeline.RatisPipelineProvider (RatisPipelineProvider.java:lambda$create$0(183)) - Sending CreatePipelineCommand for pipeline:PipelineID=c4f1af61-addb-40e7-bc46-28c62501f2c9 to datanode:6f5b8d78-77bb-45c7-81ed-2561031b889f
2022-02-09 14:04:50,520 [RatisPipelineUtilsThread - 0] INFO  pipeline.RatisPipelineProvider (RatisPipelineProvider.java:lambda$create$0(183)) - Sending CreatePipelineCommand for pipeline:PipelineID=c4f1af61-addb-40e7-bc46-28c62501f2c9 to datanode:76394f58-7664-4cfd-8484-a797f937a558
2022-02-09 14:04:50,525 [698ab2d5-378d-457a-8e5f-fab21942cead@group-BBB1F5427D0A-StateMachineUpdater] INFO  pipeline.PipelineStateManagerImpl (PipelineStateManagerImpl.java:addPipeline(101)) - Created pipeline Pipeline[ Id: c4f1af61-addb-40e7-bc46-28c62501f2c9, Nodes: 92df55c5-64ae-4653-a720-46004b8dbf8f{ip: 10.1.0.19, host: fv-az270-916.tacnzluakwdehk1hpragurqkma.bx.internal.cloudapp.net, ports: [REPLICATION=42501, RATIS=45105, RATIS_ADMIN=45105, RATIS_SERVER=45105, STANDALONE=42111], networkLocation: /default-rack, certSerialId: null, persistedOpState: IN_SERVICE, persistedOpStateExpiryEpochSec: 0}6f5b8d78-77bb-45c7-81ed-2561031b889f{ip: 10.1.0.19, host: fv-az270-916.tacnzluakwdehk1hpragurqkma.bx.internal.cloudapp.net, ports: [REPLICATION=43589, RATIS=42731, RATIS_ADMIN=42731, RATIS_SERVER=42731, STANDALONE=37819], networkLocation: /default-rack, certSerialId: null, persistedOpState: IN_SERVICE, persistedOpStateExpiryEpochSec: 0}76394f58-7664-4cfd-8484-a797f937a558{ip: 10.1.0.19, host: fv-az270-916.tacnzluakwdehk1hpragurqkma.bx.internal.cloudapp.net, ports: [REPLICATION=33821, RATIS=34823, RATIS_ADMIN=34823, RATIS_SERVER=34823, STANDALONE=45505], networkLocation: /default-rack, certSerialId: null, persistedOpState: IN_SERVICE, persistedOpStateExpiryEpochSec: 0}, ReplicationConfig: RATIS/THREE, State:ALLOCATED, leaderId:, CreationTimestamp2022-02-09T14:04:50.519Z[Etc/UTC]].
2022-02-09 14:04:50,525 [698ab2d5-378d-457a-8e5f-fab21942cead@group-BBB1F5427D0A-StateMachineUpdater] INFO  safemode.HealthyPipelineSafeModeRule (HealthyPipelineSafeModeRule.java:initializeRule(152)) - Refreshed total pipeline count is 0, healthy pipeline threshold count is 1
2022-02-09 14:04:50,527 [RatisPipelineUtilsThread - 0] INFO  pipeline.RatisPipelineProvider (RatisPipelineProvider.java:lambda$create$0(183)) - Sending CreatePipelineCommand for pipeline:PipelineID=22671845-bfbf-49a9-89a6-d1587c1bbf41 to datanode:76394f58-7664-4cfd-8484-a797f937a558
2022-02-09 14:04:50,528 [RatisPipelineUtilsThread - 0] INFO  pipeline.RatisPipelineProvider (RatisPipelineProvider.java:lambda$create$0(183)) - Sending CreatePipelineCommand for pipeline:PipelineID=22671845-bfbf-49a9-89a6-d1587c1bbf41 to datanode:92df55c5-64ae-4653-a720-46004b8dbf8f
2022-02-09 14:04:50,528 [RatisPipelineUtilsThread - 0] INFO  pipeline.RatisPipelineProvider (RatisPipelineProvider.java:lambda$create$0(183)) - Sending CreatePipelineCommand for pipeline:PipelineID=22671845-bfbf-49a9-89a6-d1587c1bbf41 to datanode:6f5b8d78-77bb-45c7-81ed-2561031b889f
2022-02-09 14:04:50,531 [698ab2d5-378d-457a-8e5f-fab21942cead@group-BBB1F5427D0A-StateMachineUpdater] INFO  pipeline.PipelineStateManagerImpl (PipelineStateManagerImpl.java:addPipeline(101)) - Created pipeline Pipeline[ Id: 22671845-bfbf-49a9-89a6-d1587c1bbf41, Nodes: 76394f58-7664-4cfd-8484-a797f937a558{ip: 10.1.0.19, host: fv-az270-916.tacnzluakwdehk1hpragurqkma.bx.internal.cloudapp.net, ports: [REPLICATION=33821, RATIS=34823, RATIS_ADMIN=34823, RATIS_SERVER=34823, STANDALONE=45505], networkLocation: /default-rack, certSerialId: null, persistedOpState: IN_SERVICE, persistedOpStateExpiryEpochSec: 0}92df55c5-64ae-4653-a720-46004b8dbf8f{ip: 10.1.0.19, host: fv-az270-916.tacnzluakwdehk1hpragurqkma.bx.internal.cloudapp.net, ports: [REPLICATION=42501, RATIS=45105, RATIS_ADMIN=45105, RATIS_SERVER=45105, STANDALONE=42111], networkLocation: /default-rack, certSerialId: null, persistedOpState: IN_SERVICE, persistedOpStateExpiryEpochSec: 0}6f5b8d78-77bb-45c7-81ed-2561031b889f{ip: 10.1.0.19, host: fv-az270-916.tacnzluakwdehk1hpragurqkma.bx.internal.cloudapp.net, ports: [REPLICATION=43589, RATIS=42731, RATIS_ADMIN=42731, RATIS_SERVER=42731, STANDALONE=37819], networkLocation: /default-rack, certSerialId: null, persistedOpState: IN_SERVICE, persistedOpStateExpiryEpochSec: 0}, ReplicationConfig: RATIS/THREE, State:ALLOCATED, leaderId:, CreationTimestamp2022-02-09T14:04:50.527Z[Etc/UTC]].
2022-02-09 14:04:50,531 [698ab2d5-378d-457a-8e5f-fab21942cead@group-BBB1F5427D0A-StateMachineUpdater] INFO  safemode.HealthyPipelineSafeModeRule (HealthyPipelineSafeModeRule.java:initializeRule(152)) - Refreshed total pipeline count is 0, healthy pipeline threshold count is 1
2022-02-09 14:04:50,531 [RatisPipelineUtilsThread - 0] INFO  pipeline.PipelineManagerImpl (PipelineManagerImpl.java:recordMetricsForPipeline(639)) - Pipeline: PipelineID=22671845-bfbf-49a9-89a6-d1587c1bbf41 contains same datanodes as previous pipelines: PipelineID=c4f1af61-addb-40e7-bc46-28c62501f2c9 nodeIds: 76394f58-7664-4cfd-8484-a797f937a558, 92df55c5-64ae-4653-a720-46004b8dbf8f, 6f5b8d78-77bb-45c7-81ed-2561031b889f
2022-02-09 14:04:51,504 [Listener at 127.0.0.1/35103] INFO  ozone.MiniOzoneClusterImpl (MiniOzoneClusterImpl.java:lambda$waitForClusterToBeReady$0(219)) - Nodes are ready. Got 3 of 3 DN Heartbeats.
2022-02-09 14:04:51,504 [Listener at 127.0.0.1/35103] INFO  ozone.MiniOzoneClusterImpl (MiniOzoneClusterImpl.java:lambda$waitForClusterToBeReady$0(222)) - Waiting for cluster to exit safe mode
2022-02-09 14:04:51,504 [Listener at 127.0.0.1/35103] INFO  ozone.MiniOzoneClusterImpl (MiniOzoneClusterImpl.java:lambda$waitForClusterToBeReady$0(224)) - SCM became leader
2022-02-09 14:04:52,504 [Listener at 127.0.0.1/35103] INFO  ozone.MiniOzoneClusterImpl (MiniOzoneClusterImpl.java:lambda$waitForClusterToBeReady$0(219)) - Nodes are ready. Got 3 of 3 DN Heartbeats.
2022-02-09 14:04:52,505 [Listener at 127.0.0.1/35103] INFO  ozone.MiniOzoneClusterImpl (MiniOzoneClusterImpl.java:lambda$waitForClusterToBeReady$0(222)) - Waiting for cluster to exit safe mode
2022-02-09 14:04:52,505 [Listener at 127.0.0.1/35103] INFO  ozone.MiniOzoneClusterImpl (MiniOzoneClusterImpl.java:lambda$waitForClusterToBeReady$0(224)) - SCM became leader
2022-02-09 14:04:53,006 [Command processor thread] INFO  server.RaftServer (RaftServerProxy.java:addNew(95)) - 76394f58-7664-4cfd-8484-a797f937a558: addNew group-0833934CA328:[76394f58-7664-4cfd-8484-a797f937a558|rpc:10.1.0.19:34823|priority:1] returns group-0833934CA328:java.util.concurrent.CompletableFuture@3b89e678[Not completed]
2022-02-09 14:04:53,017 [pool-102-thread-1] INFO  server.RaftServer$Division (RaftServerImpl.java:<init>(184)) - 76394f58-7664-4cfd-8484-a797f937a558: new RaftServerImpl for group-0833934CA328:[76394f58-7664-4cfd-8484-a797f937a558|rpc:10.1.0.19:34823|priority:1] with ContainerStateMachine:uninitialized
2022-02-09 14:04:53,017 [pool-102-thread-1] INFO  server.RaftServerConfigKeys (ConfUtils.java:logGet(44)) - raft.server.rpc.timeout.min = 5s (custom)
2022-02-09 14:04:53,017 [pool-102-thread-1] INFO  server.RaftServerConfigKeys (ConfUtils.java:logGet(44)) - raft.server.rpc.timeout.max = 5200ms (custom)
2022-02-09 14:04:53,018 [pool-102-thread-1] INFO  server.RaftServerConfigKeys (ConfUtils.java:logGet(44)) - raft.server.rpc.sleep.time = 25ms (default)
2022-02-09 14:04:53,019 [pool-102-thread-1] INFO  server.RaftServerConfigKeys (ConfUtils.java:logGet(44)) - raft.server.rpc.slowness.timeout = 300s (custom)
2022-02-09 14:04:53,019 [pool-102-thread-1] INFO  server.RaftServerConfigKeys (ConfUtils.java:logGet(44)) - raft.server.leaderelection.leader.step-down.wait-time = 10s (default)
2022-02-09 14:04:53,019 [pool-102-thread-1] INFO  server.RaftServerConfigKeys (ConfUtils.java:logGet(44)) - raft.server.sleep.deviation.threshold = 300ms (default)
2022-02-09 14:04:53,019 [pool-102-thread-1] INFO  server.RaftServerConfigKeys (ConfUtils.java:logGet(44)) - raft.server.log.appender.install.snapshot.enabled = false (custom)
2022-02-09 14:04:53,019 [pool-102-thread-1] INFO  server.RaftServer$Division (ServerState.java:<init>(105)) - 76394f58-7664-4cfd-8484-a797f937a558@group-0833934CA328: ConfigurationManager, init=-1: [76394f58-7664-4cfd-8484-a797f937a558|rpc:10.1.0.19:34823|priority:1], old=null, confs=<EMPTY_MAP>
2022-02-09 14:04:53,019 [pool-102-thread-1] INFO  server.RaftServerConfigKeys (ConfUtils.java:logGet(44)) - raft.server.storage.dir = [/home/runner/work/ozone/ozone/hadoop-ozone/integration-test/target/test-dir/MiniOzoneClusterImpl-9c41f9ea-08a3-4502-a72d-bbb1f5427d0a/datanode-0/data/ratis] (custom)
2022-02-09 14:04:53,020 [pool-102-thread-1] INFO  server.RaftServerConfigKeys (ConfUtils.java:logGet(44)) - raft.server.log.corruption.policy = EXCEPTION (default)
2022-02-09 14:04:53,020 [pool-102-thread-1] INFO  server.RaftServerConfigKeys (ConfUtils.java:logGet(44)) - raft.server.storage.free-space.min = 0MB (=0) (default)
2022-02-09 14:04:53,020 [pool-102-thread-1] INFO  storage.RaftStorageDirectory (RaftStorageDirectoryImpl.java:analyzeStorage(135)) - The storage directory /home/runner/work/ozone/ozone/hadoop-ozone/integration-test/target/test-dir/MiniOzoneClusterImpl-9c41f9ea-08a3-4502-a72d-bbb1f5427d0a/datanode-0/data/ratis/843b06f0-777a-4b2b-852b-0833934ca328 does not exist. Creating ...
2022-02-09 14:04:53,022 [pool-102-thread-1] INFO  storage.RaftStorageDirectory (RaftStorageDirectoryImpl.java:tryLock(230)) - Lock on /home/runner/work/ozone/ozone/hadoop-ozone/integration-test/target/test-dir/MiniOzoneClusterImpl-9c41f9ea-08a3-4502-a72d-bbb1f5427d0a/datanode-0/data/ratis/843b06f0-777a-4b2b-852b-0833934ca328/in_use.lock acquired by nodename 1691@fv-az270-916
2022-02-09 14:04:53,024 [pool-102-thread-1] INFO  storage.RaftStorage (RaftStorageImpl.java:format(89)) - Storage directory /home/runner/work/ozone/ozone/hadoop-ozone/integration-test/target/test-dir/MiniOzoneClusterImpl-9c41f9ea-08a3-4502-a72d-bbb1f5427d0a/datanode-0/data/ratis/843b06f0-777a-4b2b-852b-0833934ca328 has been successfully formatted.
2022-02-09 14:04:53,029 [pool-102-thread-1] INFO  ratis.ContainerStateMachine (ContainerStateMachine.java:loadSnapshot(231)) - group-0833934CA328: The snapshot info is null. Setting the last applied indexto:(t:0, i:~)
2022-02-09 14:04:53,029 [pool-102-thread-1] INFO  server.RaftServerConfigKeys (ConfUtils.java:logGet(44)) - raft.server.notification.no-leader.timeout = 300s (custom)
2022-02-09 14:04:53,030 [pool-102-thread-1] INFO  server.RaftServerConfigKeys (ConfUtils.java:logGet(44)) - raft.server.log.use.memory = false (default)
2022-02-09 14:04:53,030 [pool-102-thread-1] INFO  server.RaftServerConfigKeys (ConfUtils.java:logGet(44)) - raft.server.log.purge.gap = 1000000 (custom)
2022-02-09 14:04:53,030 [pool-102-thread-1] INFO  server.RaftServerConfigKeys (ConfUtils.java:logGet(44)) - raft.server.log.appender.buffer.byte-limit = 33554432 (custom)
2022-02-09 14:04:53,030 [pool-102-thread-1] INFO  server.RaftServerConfigKeys (ConfUtils.java:logGet(44)) - raft.server.log.segment.size.max = 1048576 (custom)
2022-02-09 14:04:53,031 [pool-102-thread-1] INFO  server.RaftServerConfigKeys (ConfUtils.java:logGet(44)) - raft.server.log.segment.cache.num.max = 2 (custom)
2022-02-09 14:04:53,031 [pool-102-thread-1] INFO  server.RaftServerConfigKeys (ConfUtils.java:logGet(44)) - raft.server.log.segment.cache.size.max = 200MB (=209715200) (default)
2022-02-09 14:04:53,031 [pool-102-thread-1] INFO  segmented.SegmentedRaftLogWorker (SegmentedRaftLogWorker.java:<init>(182)) - new 76394f58-7664-4cfd-8484-a797f937a558@group-0833934CA328-SegmentedRaftLogWorker for RaftStorageImpl:Storage Directory /home/runner/work/ozone/ozone/hadoop-ozone/integration-test/target/test-dir/MiniOzoneClusterImpl-9c41f9ea-08a3-4502-a72d-bbb1f5427d0a/datanode-0/data/ratis/843b06f0-777a-4b2b-852b-0833934ca328
2022-02-09 14:04:53,031 [pool-102-thread-1] INFO  server.RaftServerConfigKeys (ConfUtils.java:logGet(44)) - raft.server.log.queue.byte-limit = 2147483647 (custom)
2022-02-09 14:04:53,031 [pool-102-thread-1] INFO  server.RaftServerConfigKeys (ConfUtils.java:logGet(44)) - raft.server.log.queue.element-limit = 1024 (custom)
2022-02-09 14:04:53,031 [pool-102-thread-1] INFO  server.RaftServerConfigKeys (ConfUtils.java:logGet(44)) - raft.server.log.segment.size.max = 1048576 (custom)
2022-02-09 14:04:53,031 [pool-102-thread-1] INFO  server.RaftServerConfigKeys (ConfUtils.java:logGet(44)) - raft.server.log.preallocated.size = 16384 (custom)
2022-02-09 14:04:53,032 [pool-102-thread-1] INFO  server.RaftServerConfigKeys (ConfUtils.java:logGet(44)) - raft.server.log.force.sync.num = 128 (default)
2022-02-09 14:04:53,032 [pool-102-thread-1] INFO  server.RaftServerConfigKeys (ConfUtils.java:logGet(44)) - raft.server.log.statemachine.data.sync = true (default)
2022-02-09 14:04:53,032 [pool-102-thread-1] INFO  server.RaftServerConfigKeys (ConfUtils.java:logGet(44)) - raft.server.log.statemachine.data.sync.timeout = 10s (default)
2022-02-09 14:04:53,033 [pool-102-thread-1] INFO  server.RaftServerConfigKeys (ConfUtils.java:logGet(44)) - raft.server.log.statemachine.data.sync.timeout.retry = -1 (default)
2022-02-09 14:04:53,034 [pool-102-thread-1] INFO  server.RaftServerConfigKeys (ConfUtils.java:logGet(44)) - raft.server.log.write.buffer.size = 1048576 (custom)
2022-02-09 14:04:53,035 [pool-102-thread-1] INFO  server.RaftServerConfigKeys (ConfUtils.java:logGet(44)) - raft.server.log.statemachine.data.caching.enabled = true (custom)
2022-02-09 14:04:53,035 [pool-102-thread-1] INFO  segmented.SegmentedRaftLogWorker (SegmentedRaftLogWorker.java:lambda$new$0(133)) - 76394f58-7664-4cfd-8484-a797f937a558@group-0833934CA328-SegmentedRaftLogWorker: flushIndex: setUnconditionally 0 -> -1
2022-02-09 14:04:53,035 [pool-102-thread-1] INFO  segmented.SegmentedRaftLogWorker (SegmentedRaftLogWorker.java:lambda$new$0(133)) - 76394f58-7664-4cfd-8484-a797f937a558@group-0833934CA328-SegmentedRaftLogWorker: safeCacheEvictIndex: setUnconditionally 0 -> -1
2022-02-09 14:04:53,035 [pool-102-thread-1] INFO  server.RaftServerConfigKeys (ConfUtils.java:logGet(44)) - raft.server.snapshot.auto.trigger.enabled = true (custom)
2022-02-09 14:04:53,035 [pool-102-thread-1] INFO  server.RaftServerConfigKeys (ConfUtils.java:logGet(44)) - raft.server.snapshot.auto.trigger.threshold = 10000 (custom)
2022-02-09 14:04:53,035 [pool-102-thread-1] INFO  server.RaftServerConfigKeys (ConfUtils.java:logGet(44)) - raft.server.snapshot.retention.file.num = 5 (custom)
2022-02-09 14:04:53,035 [pool-102-thread-1] INFO  server.RaftServerConfigKeys (ConfUtils.java:logGet(44)) - raft.server.log.purge.upto.snapshot.index = false (default)
2022-02-09 14:04:53,036 [pool-102-thread-1] INFO  server.RaftServerConfigKeys (ConfUtils.java:logGet(44)) - raft.server.retrycache.expirytime = 600000ms (custom)
2022-02-09 14:04:53,036 [pool-102-thread-1] INFO  server.RaftServerConfigKeys (ConfUtils.java:logGet(44)) - raft.server.retrycache.statistics.expirytime = 100μs (default)
2022-02-09 14:04:53,037 [pool-102-thread-1] INFO  server.RaftServer$Division (RaftServerImpl.java:start(301)) - 76394f58-7664-4cfd-8484-a797f937a558@group-0833934CA328: start as a follower, conf=-1: [76394f58-7664-4cfd-8484-a797f937a558|rpc:10.1.0.19:34823|priority:1], old=null
2022-02-09 14:04:53,037 [pool-102-thread-1] INFO  server.RaftServer$Division (RaftServerImpl.java:setRole(290)) - 76394f58-7664-4cfd-8484-a797f937a558@group-0833934CA328: changes role from      null to FOLLOWER at term 0 for startAsFollower
2022-02-09 14:04:53,037 [pool-102-thread-1] INFO  impl.RoleInfo (RoleInfo.java:updateAndGet(130)) - 76394f58-7664-4cfd-8484-a797f937a558: start 76394f58-7664-4cfd-8484-a797f937a558@group-0833934CA328-FollowerState
2022-02-09 14:04:53,041 [pool-102-thread-1] INFO  util.JmxRegister (JmxRegister.java:tryRegister(44)) - Successfully registered JMX Bean with object name Ratis:service=RaftServer,group=group-0833934CA328,id=76394f58-7664-4cfd-8484-a797f937a558
2022-02-09 14:04:53,044 [Command processor thread] INFO  ratis.XceiverServerRatis (XceiverServerRatis.java:addGroup(768)) - Created group PipelineID=843b06f0-777a-4b2b-852b-0833934ca328
2022-02-09 14:04:53,045 [Command processor thread] INFO  commandhandler.CreatePipelineCommandHandler (CreatePipelineCommandHandler.java:handle(106)) - Created Pipeline RATIS ONE PipelineID=843b06f0-777a-4b2b-852b-0833934ca328.
2022-02-09 14:04:53,045 [Command processor thread] INFO  server.RaftServer (RaftServerProxy.java:addNew(95)) - 76394f58-7664-4cfd-8484-a797f937a558: addNew group-28C62501F2C9:[6f5b8d78-77bb-45c7-81ed-2561031b889f|rpc:10.1.0.19:42731|priority:0, 92df55c5-64ae-4653-a720-46004b8dbf8f|rpc:10.1.0.19:45105|priority:0, 76394f58-7664-4cfd-8484-a797f937a558|rpc:10.1.0.19:34823|priority:1] returns group-28C62501F2C9:java.util.concurrent.CompletableFuture@7fc884ba[Not completed]
2022-02-09 14:04:53,047 [pool-102-thread-1] INFO  server.RaftServer$Division (RaftServerImpl.java:<init>(184)) - 76394f58-7664-4cfd-8484-a797f937a558: new RaftServerImpl for group-28C62501F2C9:[6f5b8d78-77bb-45c7-81ed-2561031b889f|rpc:10.1.0.19:42731|priority:0, 92df55c5-64ae-4653-a720-46004b8dbf8f|rpc:10.1.0.19:45105|priority:0, 76394f58-7664-4cfd-8484-a797f937a558|rpc:10.1.0.19:34823|priority:1] with ContainerStateMachine:uninitialized
2022-02-09 14:04:53,047 [pool-102-thread-1] INFO  server.RaftServerConfigKeys (ConfUtils.java:logGet(44)) - raft.server.rpc.timeout.min = 5s (custom)
2022-02-09 14:04:53,047 [pool-102-thread-1] INFO  server.RaftServerConfigKeys (ConfUtils.java:logGet(44)) - raft.server.rpc.timeout.max = 5200ms (custom)
2022-02-09 14:04:53,047 [pool-102-thread-1] INFO  server.RaftServerConfigKeys (ConfUtils.java:logGet(44)) - raft.server.rpc.sleep.time = 25ms (default)
2022-02-09 14:04:53,047 [pool-102-thread-1] INFO  server.RaftServerConfigKeys (ConfUtils.java:logGet(44)) - raft.server.rpc.slowness.timeout = 300s (custom)
2022-02-09 14:04:53,048 [pool-102-thread-1] INFO  server.RaftServerConfigKeys (ConfUtils.java:logGet(44)) - raft.server.leaderelection.leader.step-down.wait-time = 10s (default)
2022-02-09 14:04:53,048 [pool-102-thread-1] INFO  server.RaftServerConfigKeys (ConfUtils.java:logGet(44)) - raft.server.sleep.deviation.threshold = 300ms (default)
2022-02-09 14:04:53,048 [pool-102-thread-1] INFO  server.RaftServerConfigKeys (ConfUtils.java:logGet(44)) - raft.server.log.appender.install.snapshot.enabled = false (custom)
2022-02-09 14:04:53,048 [pool-102-thread-1] INFO  server.RaftServer$Division (ServerState.java:<init>(105)) - 76394f58-7664-4cfd-8484-a797f937a558@group-28C62501F2C9: ConfigurationManager, init=-1: [6f5b8d78-77bb-45c7-81ed-2561031b889f|rpc:10.1.0.19:42731|priority:0, 92df55c5-64ae-4653-a720-46004b8dbf8f|rpc:10.1.0.19:45105|priority:0, 76394f58-7664-4cfd-8484-a797f937a558|rpc:10.1.0.19:34823|priority:1], old=null, confs=<EMPTY_MAP>
2022-02-09 14:04:53,048 [pool-102-thread-1] INFO  server.RaftServerConfigKeys (ConfUtils.java:logGet(44)) - raft.server.storage.dir = [/home/runner/work/ozone/ozone/hadoop-ozone/integration-test/target/test-dir/MiniOzoneClusterImpl-9c41f9ea-08a3-4502-a72d-bbb1f5427d0a/datanode-0/data/ratis] (custom)
2022-02-09 14:04:53,048 [pool-102-thread-1] INFO  server.RaftServerConfigKeys (ConfUtils.java:logGet(44)) - raft.server.log.corruption.policy = EXCEPTION (default)
2022-02-09 14:04:53,048 [pool-102-thread-1] INFO  server.RaftServerConfigKeys (ConfUtils.java:logGet(44)) - raft.server.storage.free-space.min = 0MB (=0) (default)
2022-02-09 14:04:53,048 [pool-102-thread-1] INFO  storage.RaftStorageDirectory (RaftStorageDirectoryImpl.java:analyzeStorage(135)) - The storage directory /home/runner/work/ozone/ozone/hadoop-ozone/integration-test/target/test-dir/MiniOzoneClusterImpl-9c41f9ea-08a3-4502-a72d-bbb1f5427d0a/datanode-0/data/ratis/c4f1af61-addb-40e7-bc46-28c62501f2c9 does not exist. Creating ...
2022-02-09 14:04:53,053 [pool-102-thread-1] INFO  storage.RaftStorageDirectory (RaftStorageDirectoryImpl.java:tryLock(230)) - Lock on /home/runner/work/ozone/ozone/hadoop-ozone/integration-test/target/test-dir/MiniOzoneClusterImpl-9c41f9ea-08a3-4502-a72d-bbb1f5427d0a/datanode-0/data/ratis/c4f1af61-addb-40e7-bc46-28c62501f2c9/in_use.lock acquired by nodename 1691@fv-az270-916
2022-02-09 14:04:53,056 [pool-102-thread-1] INFO  storage.RaftStorage (RaftStorageImpl.java:format(89)) - Storage directory /home/runner/work/ozone/ozone/hadoop-ozone/integration-test/target/test-dir/MiniOzoneClusterImpl-9c41f9ea-08a3-4502-a72d-bbb1f5427d0a/datanode-0/data/ratis/c4f1af61-addb-40e7-bc46-28c62501f2c9 has been successfully formatted.
2022-02-09 14:04:53,057 [pool-102-thread-1] INFO  ratis.ContainerStateMachine (ContainerStateMachine.java:loadSnapshot(231)) - group-28C62501F2C9: The snapshot info is null. Setting the last applied indexto:(t:0, i:~)
2022-02-09 14:04:53,057 [pool-102-thread-1] INFO  server.RaftServerConfigKeys (ConfUtils.java:logGet(44)) - raft.server.notification.no-leader.timeout = 300s (custom)
2022-02-09 14:04:53,057 [pool-102-thread-1] INFO  server.RaftServerConfigKeys (ConfUtils.java:logGet(44)) - raft.server.log.use.memory = false (default)
2022-02-09 14:04:53,057 [pool-102-thread-1] INFO  server.RaftServerConfigKeys (ConfUtils.java:logGet(44)) - raft.server.log.purge.gap = 1000000 (custom)
2022-02-09 14:04:53,058 [pool-102-thread-1] INFO  server.RaftServerConfigKeys (ConfUtils.java:logGet(44)) - raft.server.log.appender.buffer.byte-limit = 33554432 (custom)
2022-02-09 14:04:53,058 [pool-102-thread-1] INFO  server.RaftServerConfigKeys (ConfUtils.java:logGet(44)) - raft.server.log.segment.size.max = 1048576 (custom)
2022-02-09 14:04:53,057 [EventQueue-PipelineReportForPipelineReportHandler] INFO  pipeline.PipelineManagerImpl (PipelineManagerImpl.java:openPipeline(291)) - Pipeline Pipeline[ Id: 843b06f0-777a-4b2b-852b-0833934ca328, Nodes: 76394f58-7664-4cfd-8484-a797f937a558{ip: 10.1.0.19, host: fv-az270-916.tacnzluakwdehk1hpragurqkma.bx.internal.cloudapp.net, ports: [REPLICATION=33821, RATIS=34823, RATIS_ADMIN=34823, RATIS_SERVER=34823, STANDALONE=45505], networkLocation: /default-rack, certSerialId: null, persistedOpState: IN_SERVICE, persistedOpStateExpiryEpochSec: 0}, ReplicationConfig: RATIS/ONE, State:ALLOCATED, leaderId:76394f58-7664-4cfd-8484-a797f937a558, CreationTimestamp2022-02-09T14:04:50.056Z[Etc/UTC]] moved to OPEN state
2022-02-09 14:04:53,067 [pool-102-thread-1] INFO  server.RaftServerConfigKeys (ConfUtils.java:logGet(44)) - raft.server.log.segment.cache.num.max = 2 (custom)
2022-02-09 14:04:53,067 [pool-102-thread-1] INFO  server.RaftServerConfigKeys (ConfUtils.java:logGet(44)) - raft.server.log.segment.cache.size.max = 200MB (=209715200) (default)
2022-02-09 14:04:53,067 [pool-102-thread-1] INFO  segmented.SegmentedRaftLogWorker (SegmentedRaftLogWorker.java:<init>(182)) - new 76394f58-7664-4cfd-8484-a797f937a558@group-28C62501F2C9-SegmentedRaftLogWorker for RaftStorageImpl:Storage Directory /home/runner/work/ozone/ozone/hadoop-ozone/integration-test/target/test-dir/MiniOzoneClusterImpl-9c41f9ea-08a3-4502-a72d-bbb1f5427d0a/datanode-0/data/ratis/c4f1af61-addb-40e7-bc46-28c62501f2c9
2022-02-09 14:04:53,067 [pool-102-thread-1] INFO  server.RaftServerConfigKeys (ConfUtils.java:logGet(44)) - raft.server.log.queue.byte-limit = 2147483647 (custom)
2022-02-09 14:04:53,067 [pool-102-thread-1] INFO  server.RaftServerConfigKeys (ConfUtils.java:logGet(44)) - raft.server.log.queue.element-limit = 1024 (custom)
2022-02-09 14:04:53,067 [pool-102-thread-1] INFO  server.RaftServerConfigKeys (ConfUtils.java:logGet(44)) - raft.server.log.segment.size.max = 1048576 (custom)
2022-02-09 14:04:53,068 [pool-102-thread-1] INFO  server.RaftServerConfigKeys (ConfUtils.java:logGet(44)) - raft.server.log.preallocated.size = 16384 (custom)
2022-02-09 14:04:53,068 [pool-102-thread-1] INFO  server.RaftServerConfigKeys (ConfUtils.java:logGet(44)) - raft.server.log.force.sync.num = 128 (default)
2022-02-09 14:04:53,068 [pool-102-thread-1] INFO  server.RaftServerConfigKeys (ConfUtils.java:logGet(44)) - raft.server.log.statemachine.data.sync = true (default)
2022-02-09 14:04:53,068 [698ab2d5-378d-457a-8e5f-fab21942cead@group-BBB1F5427D0A-StateMachineUpdater] INFO  safemode.HealthyPipelineSafeModeRule (HealthyPipelineSafeModeRule.java:initializeRule(152)) - Refreshed total pipeline count is 0, healthy pipeline threshold count is 1
2022-02-09 14:04:53,068 [pool-102-thread-1] INFO  server.RaftServerConfigKeys (ConfUtils.java:logGet(44)) - raft.server.log.statemachine.data.sync.timeout = 10s (default)
2022-02-09 14:04:53,073 [pool-102-thread-1] INFO  server.RaftServerConfigKeys (ConfUtils.java:logGet(44)) - raft.server.log.statemachine.data.sync.timeout.retry = -1 (default)
2022-02-09 14:04:53,075 [pool-102-thread-1] INFO  server.RaftServerConfigKeys (ConfUtils.java:logGet(44)) - raft.server.log.write.buffer.size = 1048576 (custom)
2022-02-09 14:04:53,077 [pool-102-thread-1] INFO  server.RaftServerConfigKeys (ConfUtils.java:logGet(44)) - raft.server.log.statemachine.data.caching.enabled = true (custom)
2022-02-09 14:04:53,078 [pool-102-thread-1] INFO  segmented.SegmentedRaftLogWorker (SegmentedRaftLogWorker.java:lambda$new$0(133)) - 76394f58-7664-4cfd-8484-a797f937a558@group-28C62501F2C9-SegmentedRaftLogWorker: flushIndex: setUnconditionally 0 -> -1
2022-02-09 14:04:53,078 [pool-102-thread-1] INFO  segmented.SegmentedRaftLogWorker (SegmentedRaftLogWorker.java:lambda$new$0(133)) - 76394f58-7664-4cfd-8484-a797f937a558@group-28C62501F2C9-SegmentedRaftLogWorker: safeCacheEvictIndex: setUnconditionally 0 -> -1
2022-02-09 14:04:53,078 [pool-102-thread-1] INFO  server.RaftServerConfigKeys (ConfUtils.java:logGet(44)) - raft.server.snapshot.auto.trigger.enabled = true (custom)
2022-02-09 14:04:53,078 [pool-102-thread-1] INFO  server.RaftServerConfigKeys (ConfUtils.java:logGet(44)) - raft.server.snapshot.auto.trigger.threshold = 10000 (custom)
2022-02-09 14:04:53,078 [pool-102-thread-1] INFO  server.RaftServerConfigKeys (ConfUtils.java:logGet(44)) - raft.server.snapshot.retention.file.num = 5 (custom)
2022-02-09 14:04:53,078 [pool-102-thread-1] INFO  server.RaftServerConfigKeys (ConfUtils.java:logGet(44)) - raft.server.log.purge.upto.snapshot.index = false (default)
2022-02-09 14:04:53,078 [pool-102-thread-1] INFO  server.RaftServerConfigKeys (ConfUtils.java:logGet(44)) - raft.server.retrycache.expirytime = 600000ms (custom)
2022-02-09 14:04:53,079 [pool-102-thread-1] INFO  server.RaftServerConfigKeys (ConfUtils.java:logGet(44)) - raft.server.retrycache.statistics.expirytime = 100μs (default)
2022-02-09 14:04:53,080 [pool-102-thread-1] INFO  server.RaftServer$Division (RaftServerImpl.java:start(301)) - 76394f58-7664-4cfd-8484-a797f937a558@group-28C62501F2C9: start as a follower, conf=-1: [6f5b8d78-77bb-45c7-81ed-2561031b889f|rpc:10.1.0.19:42731|priority:0, 92df55c5-64ae-4653-a720-46004b8dbf8f|rpc:10.1.0.19:45105|priority:0, 76394f58-7664-4cfd-8484-a797f937a558|rpc:10.1.0.19:34823|priority:1], old=null
2022-02-09 14:04:53,080 [pool-102-thread-1] INFO  server.RaftServer$Division (RaftServerImpl.java:setRole(290)) - 76394f58-7664-4cfd-8484-a797f937a558@group-28C62501F2C9: changes role from      null to FOLLOWER at term 0 for startAsFollower
2022-02-09 14:04:53,081 [pool-102-thread-1] INFO  impl.RoleInfo (RoleInfo.java:updateAndGet(130)) - 76394f58-7664-4cfd-8484-a797f937a558: start 76394f58-7664-4cfd-8484-a797f937a558@group-28C62501F2C9-FollowerState
2022-02-09 14:04:53,081 [EventQueue-OpenPipelineForHealthyPipelineSafeModeRule] INFO  safemode.SCMSafeModeManager (HealthyPipelineSafeModeRule.java:process(124)) - SCM in safe mode. Healthy pipelines reported count is 0, required healthy pipeline reported count is 1
2022-02-09 14:04:53,081 [EventQueue-OpenPipelineForHealthyPipelineSafeModeRule] INFO  safemode.SCMSafeModeManager (HealthyPipelineSafeModeRule.java:process(124)) - SCM in safe mode. Healthy pipelines reported count is 0, required healthy pipeline reported count is 1
2022-02-09 14:04:53,081 [pool-102-thread-1] INFO  util.JmxRegister (JmxRegister.java:tryRegister(44)) - Successfully registered JMX Bean with object name Ratis:service=RaftServer,group=group-28C62501F2C9,id=76394f58-7664-4cfd-8484-a797f937a558
2022-02-09 14:04:53,082 [Command processor thread] INFO  ratis.XceiverServerRatis (XceiverServerRatis.java:addGroup(768)) - Created group PipelineID=c4f1af61-addb-40e7-bc46-28c62501f2c9
2022-02-09 14:04:53,148 [grpc-default-executor-2] INFO  server.RaftServer (RaftServerProxy.java:addNew(95)) - 92df55c5-64ae-4653-a720-46004b8dbf8f: addNew group-28C62501F2C9:[6f5b8d78-77bb-45c7-81ed-2561031b889f|rpc:10.1.0.19:42731|dataStream:|priority:0, 92df55c5-64ae-4653-a720-46004b8dbf8f|rpc:10.1.0.19:45105|dataStream:|priority:0, 76394f58-7664-4cfd-8484-a797f937a558|rpc:10.1.0.19:34823|dataStream:|priority:1] returns group-28C62501F2C9:java.util.concurrent.CompletableFuture@58749207[Not completed]
2022-02-09 14:04:53,150 [pool-123-thread-1] INFO  server.RaftServer$Division (RaftServerImpl.java:<init>(184)) - 92df55c5-64ae-4653-a720-46004b8dbf8f: new RaftServerImpl for group-28C62501F2C9:[6f5b8d78-77bb-45c7-81ed-2561031b889f|rpc:10.1.0.19:42731|dataStream:|priority:0, 92df55c5-64ae-4653-a720-46004b8dbf8f|rpc:10.1.0.19:45105|dataStream:|priority:0, 76394f58-7664-4cfd-8484-a797f937a558|rpc:10.1.0.19:34823|dataStream:|priority:1] with ContainerStateMachine:uninitialized
2022-02-09 14:04:53,156 [pool-123-thread-1] INFO  server.RaftServerConfigKeys (ConfUtils.java:logGet(44)) - raft.server.rpc.timeout.min = 5s (custom)
2022-02-09 14:04:53,156 [pool-123-thread-1] INFO  server.RaftServerConfigKeys (ConfUtils.java:logGet(44)) - raft.server.rpc.timeout.max = 5200ms (custom)
2022-02-09 14:04:53,156 [pool-123-thread-1] INFO  server.RaftServerConfigKeys (ConfUtils.java:logGet(44)) - raft.server.rpc.sleep.time = 25ms (default)
2022-02-09 14:04:53,156 [pool-123-thread-1] INFO  server.RaftServerConfigKeys (ConfUtils.java:logGet(44)) - raft.server.rpc.slowness.timeout = 300s (custom)
2022-02-09 14:04:53,156 [pool-123-thread-1] INFO  server.RaftServerConfigKeys (ConfUtils.java:logGet(44)) - raft.server.leaderelection.leader.step-down.wait-time = 10s (default)
2022-02-09 14:04:53,156 [pool-123-thread-1] INFO  server.RaftServerConfigKeys (ConfUtils.java:logGet(44)) - raft.server.sleep.deviation.threshold = 300ms (default)
2022-02-09 14:04:53,156 [pool-123-thread-1] INFO  server.RaftServerConfigKeys (ConfUtils.java:logGet(44)) - raft.server.log.appender.install.snapshot.enabled = false (custom)
2022-02-09 14:04:53,157 [pool-123-thread-1] INFO  server.RaftServer$Division (ServerState.java:<init>(105)) - 92df55c5-64ae-4653-a720-46004b8dbf8f@group-28C62501F2C9: ConfigurationManager, init=-1: [6f5b8d78-77bb-45c7-81ed-2561031b889f|rpc:10.1.0.19:42731|dataStream:|priority:0, 92df55c5-64ae-4653-a720-46004b8dbf8f|rpc:10.1.0.19:45105|dataStream:|priority:0, 76394f58-7664-4cfd-8484-a797f937a558|rpc:10.1.0.19:34823|dataStream:|priority:1], old=null, confs=<EMPTY_MAP>
2022-02-09 14:04:53,157 [pool-123-thread-1] INFO  server.RaftServerConfigKeys (ConfUtils.java:logGet(44)) - raft.server.storage.dir = [/home/runner/work/ozone/ozone/hadoop-ozone/integration-test/target/test-dir/MiniOzoneClusterImpl-9c41f9ea-08a3-4502-a72d-bbb1f5427d0a/datanode-1/data/ratis] (custom)
2022-02-09 14:04:53,157 [pool-123-thread-1] INFO  server.RaftServerConfigKeys (ConfUtils.java:logGet(44)) - raft.server.log.corruption.policy = EXCEPTION (default)
2022-02-09 14:04:53,157 [pool-123-thread-1] INFO  server.RaftServerConfigKeys (ConfUtils.java:logGet(44)) - raft.server.storage.free-space.min = 0MB (=0) (default)
2022-02-09 14:04:53,157 [pool-123-thread-1] INFO  storage.RaftStorageDirectory (RaftStorageDirectoryImpl.java:analyzeStorage(135)) - The storage directory /home/runner/work/ozone/ozone/hadoop-ozone/integration-test/target/test-dir/MiniOzoneClusterImpl-9c41f9ea-08a3-4502-a72d-bbb1f5427d0a/datanode-1/data/ratis/c4f1af61-addb-40e7-bc46-28c62501f2c9 does not exist. Creating ...
2022-02-09 14:04:53,159 [pool-123-thread-1] INFO  storage.RaftStorageDirectory (RaftStorageDirectoryImpl.java:tryLock(230)) - Lock on /home/runner/work/ozone/ozone/hadoop-ozone/integration-test/target/test-dir/MiniOzoneClusterImpl-9c41f9ea-08a3-4502-a72d-bbb1f5427d0a/datanode-1/data/ratis/c4f1af61-addb-40e7-bc46-28c62501f2c9/in_use.lock acquired by nodename 1691@fv-az270-916
2022-02-09 14:04:53,160 [pool-123-thread-1] INFO  storage.RaftStorage (RaftStorageImpl.java:format(89)) - Storage directory /home/runner/work/ozone/ozone/hadoop-ozone/integration-test/target/test-dir/MiniOzoneClusterImpl-9c41f9ea-08a3-4502-a72d-bbb1f5427d0a/datanode-1/data/ratis/c4f1af61-addb-40e7-bc46-28c62501f2c9 has been successfully formatted.
2022-02-09 14:04:53,161 [pool-123-thread-1] INFO  ratis.ContainerStateMachine (ContainerStateMachine.java:loadSnapshot(231)) - group-28C62501F2C9: The snapshot info is null. Setting the last applied indexto:(t:0, i:~)
2022-02-09 14:04:53,164 [pool-123-thread-1] INFO  server.RaftServerConfigKeys (ConfUtils.java:logGet(44)) - raft.server.notification.no-leader.timeout = 300s (custom)
2022-02-09 14:04:53,164 [pool-123-thread-1] INFO  server.RaftServerConfigKeys (ConfUtils.java:logGet(44)) - raft.server.log.use.memory = false (default)
2022-02-09 14:04:53,164 [pool-123-thread-1] INFO  server.RaftServerConfigKeys (ConfUtils.java:logGet(44)) - raft.server.log.purge.gap = 1000000 (custom)
2022-02-09 14:04:53,164 [pool-123-thread-1] INFO  server.RaftServerConfigKeys (ConfUtils.java:logGet(44)) - raft.server.log.appender.buffer.byte-limit = 33554432 (custom)
2022-02-09 14:04:53,164 [pool-123-thread-1] INFO  server.RaftServerConfigKeys (ConfUtils.java:logGet(44)) - raft.server.log.segment.size.max = 1048576 (custom)
2022-02-09 14:04:53,165 [pool-123-thread-1] INFO  server.RaftServerConfigKeys (ConfUtils.java:logGet(44)) - raft.server.log.segment.cache.num.max = 2 (custom)
2022-02-09 14:04:53,166 [pool-123-thread-1] INFO  server.RaftServerConfigKeys (ConfUtils.java:logGet(44)) - raft.server.log.segment.cache.size.max = 200MB (=209715200) (default)
2022-02-09 14:04:53,168 [pool-123-thread-1] INFO  segmented.SegmentedRaftLogWorker (SegmentedRaftLogWorker.java:<init>(182)) - new 92df55c5-64ae-4653-a720-46004b8dbf8f@group-28C62501F2C9-SegmentedRaftLogWorker for RaftStorageImpl:Storage Directory /home/runner/work/ozone/ozone/hadoop-ozone/integration-test/target/test-dir/MiniOzoneClusterImpl-9c41f9ea-08a3-4502-a72d-bbb1f5427d0a/datanode-1/data/ratis/c4f1af61-addb-40e7-bc46-28c62501f2c9
2022-02-09 14:04:53,168 [pool-123-thread-1] INFO  server.RaftServerConfigKeys (ConfUtils.java:logGet(44)) - raft.server.log.queue.byte-limit = 2147483647 (custom)
2022-02-09 14:04:53,168 [pool-123-thread-1] INFO  server.RaftServerConfigKeys (ConfUtils.java:logGet(44)) - raft.server.log.queue.element-limit = 1024 (custom)
2022-02-09 14:04:53,168 [pool-123-thread-1] INFO  server.RaftServerConfigKeys (ConfUtils.java:logGet(44)) - raft.server.log.segment.size.max = 1048576 (custom)
2022-02-09 14:04:53,169 [pool-123-thread-1] INFO  server.RaftServerConfigKeys (ConfUtils.java:logGet(44)) - raft.server.log.preallocated.size = 16384 (custom)
2022-02-09 14:04:53,169 [pool-123-thread-1] INFO  server.RaftServerConfigKeys (ConfUtils.java:logGet(44)) - raft.server.log.force.sync.num = 128 (default)
2022-02-09 14:04:53,169 [pool-123-thread-1] INFO  server.RaftServerConfigKeys (ConfUtils.java:logGet(44)) - raft.server.log.statemachine.data.sync = true (default)
2022-02-09 14:04:53,170 [pool-123-thread-1] INFO  server.RaftServerConfigKeys (ConfUtils.java:logGet(44)) - raft.server.log.statemachine.data.sync.timeout = 10s (default)
2022-02-09 14:04:53,171 [pool-123-thread-1] INFO  server.RaftServerConfigKeys (ConfUtils.java:logGet(44)) - raft.server.log.statemachine.data.sync.timeout.retry = -1 (default)
2022-02-09 14:04:53,172 [pool-123-thread-1] INFO  server.RaftServerConfigKeys (ConfUtils.java:logGet(44)) - raft.server.log.write.buffer.size = 1048576 (custom)
2022-02-09 14:04:53,175 [pool-123-thread-1] INFO  server.RaftServerConfigKeys (ConfUtils.java:logGet(44)) - raft.server.log.statemachine.data.caching.enabled = true (custom)
2022-02-09 14:04:53,175 [pool-123-thread-1] INFO  segmented.SegmentedRaftLogWorker (SegmentedRaftLogWorker.java:lambda$new$0(133)) - 92df55c5-64ae-4653-a720-46004b8dbf8f@group-28C62501F2C9-SegmentedRaftLogWorker: flushIndex: setUnconditionally 0 -> -1
2022-02-09 14:04:53,175 [pool-123-thread-1] INFO  segmented.SegmentedRaftLogWorker (SegmentedRaftLogWorker.java:lambda$new$0(133)) - 92df55c5-64ae-4653-a720-46004b8dbf8f@group-28C62501F2C9-SegmentedRaftLogWorker: safeCacheEvictIndex: setUnconditionally 0 -> -1
2022-02-09 14:04:53,180 [pool-123-thread-1] INFO  server.RaftServerConfigKeys (ConfUtils.java:logGet(44)) - raft.server.snapshot.auto.trigger.enabled = true (custom)
2022-02-09 14:04:53,180 [pool-123-thread-1] INFO  server.RaftServerConfigKeys (ConfUtils.java:logGet(44)) - raft.server.snapshot.auto.trigger.threshold = 10000 (custom)
2022-02-09 14:04:53,180 [pool-123-thread-1] INFO  server.RaftServerConfigKeys (ConfUtils.java:logGet(44)) - raft.server.snapshot.retention.file.num = 5 (custom)
2022-02-09 14:04:53,180 [pool-123-thread-1] INFO  server.RaftServerConfigKeys (ConfUtils.java:logGet(44)) - raft.server.log.purge.upto.snapshot.index = false (default)
2022-02-09 14:04:53,180 [pool-123-thread-1] INFO  server.RaftServerConfigKeys (ConfUtils.java:logGet(44)) - raft.server.retrycache.expirytime = 600000ms (custom)
2022-02-09 14:04:53,180 [pool-123-thread-1] INFO  server.RaftServerConfigKeys (ConfUtils.java:logGet(44)) - raft.server.retrycache.statistics.expirytime = 100μs (default)
2022-02-09 14:04:53,182 [pool-123-thread-1] INFO  server.RaftServer$Division (RaftServerImpl.java:start(301)) - 92df55c5-64ae-4653-a720-46004b8dbf8f@group-28C62501F2C9: start as a follower, conf=-1: [6f5b8d78-77bb-45c7-81ed-2561031b889f|rpc:10.1.0.19:42731|dataStream:|priority:0, 92df55c5-64ae-4653-a720-46004b8dbf8f|rpc:10.1.0.19:45105|dataStream:|priority:0, 76394f58-7664-4cfd-8484-a797f937a558|rpc:10.1.0.19:34823|dataStream:|priority:1], old=null
2022-02-09 14:04:53,183 [pool-123-thread-1] INFO  server.RaftServer$Division (RaftServerImpl.java:setRole(290)) - 92df55c5-64ae-4653-a720-46004b8dbf8f@group-28C62501F2C9: changes role from      null to FOLLOWER at term 0 for startAsFollower
2022-02-09 14:04:53,183 [pool-123-thread-1] INFO  impl.RoleInfo (RoleInfo.java:updateAndGet(130)) - 92df55c5-64ae-4653-a720-46004b8dbf8f: start 92df55c5-64ae-4653-a720-46004b8dbf8f@group-28C62501F2C9-FollowerState
2022-02-09 14:04:53,184 [pool-123-thread-1] INFO  util.JmxRegister (JmxRegister.java:tryRegister(44)) - Successfully registered JMX Bean with object name Ratis:service=RaftServer,group=group-28C62501F2C9,id=92df55c5-64ae-4653-a720-46004b8dbf8f
2022-02-09 14:04:53,252 [grpc-default-executor-2] INFO  server.RaftServer (RaftServerProxy.java:addNew(95)) - 6f5b8d78-77bb-45c7-81ed-2561031b889f: addNew group-28C62501F2C9:[6f5b8d78-77bb-45c7-81ed-2561031b889f|rpc:10.1.0.19:42731|dataStream:|priority:0, 92df55c5-64ae-4653-a720-46004b8dbf8f|rpc:10.1.0.19:45105|dataStream:|priority:0, 76394f58-7664-4cfd-8484-a797f937a558|rpc:10.1.0.19:34823|dataStream:|priority:1] returns group-28C62501F2C9:java.util.concurrent.CompletableFuture@c41fe4b[Not completed]
2022-02-09 14:04:53,254 [pool-144-thread-1] INFO  server.RaftServer$Division (RaftServerImpl.java:<init>(184)) - 6f5b8d78-77bb-45c7-81ed-2561031b889f: new RaftServerImpl for group-28C62501F2C9:[6f5b8d78-77bb-45c7-81ed-2561031b889f|rpc:10.1.0.19:42731|dataStream:|priority:0, 92df55c5-64ae-4653-a720-46004b8dbf8f|rpc:10.1.0.19:45105|dataStream:|priority:0, 76394f58-7664-4cfd-8484-a797f937a558|rpc:10.1.0.19:34823|dataStream:|priority:1] with ContainerStateMachine:uninitialized
2022-02-09 14:04:53,257 [pool-144-thread-1] INFO  server.RaftServerConfigKeys (ConfUtils.java:logGet(44)) - raft.server.rpc.timeout.min = 5s (custom)
2022-02-09 14:04:53,257 [pool-144-thread-1] INFO  server.RaftServerConfigKeys (ConfUtils.java:logGet(44)) - raft.server.rpc.timeout.max = 5200ms (custom)
2022-02-09 14:04:53,257 [pool-144-thread-1] INFO  server.RaftServerConfigKeys (ConfUtils.java:logGet(44)) - raft.server.rpc.sleep.time = 25ms (default)
2022-02-09 14:04:53,257 [pool-144-thread-1] INFO  server.RaftServerConfigKeys (ConfUtils.java:logGet(44)) - raft.server.rpc.slowness.timeout = 300s (custom)
2022-02-09 14:04:53,257 [pool-144-thread-1] INFO  server.RaftServerConfigKeys (ConfUtils.java:logGet(44)) - raft.server.leaderelection.leader.step-down.wait-time = 10s (default)
2022-02-09 14:04:53,257 [pool-144-thread-1] INFO  server.RaftServerConfigKeys (ConfUtils.java:logGet(44)) - raft.server.sleep.deviation.threshold = 300ms (default)
2022-02-09 14:04:53,257 [pool-144-thread-1] INFO  server.RaftServerConfigKeys (ConfUtils.java:logGet(44)) - raft.server.log.appender.install.snapshot.enabled = false (custom)
2022-02-09 14:04:53,257 [pool-144-thread-1] INFO  server.RaftServer$Division (ServerState.java:<init>(105)) - 6f5b8d78-77bb-45c7-81ed-2561031b889f@group-28C62501F2C9: ConfigurationManager, init=-1: [6f5b8d78-77bb-45c7-81ed-2561031b889f|rpc:10.1.0.19:42731|dataStream:|priority:0, 92df55c5-64ae-4653-a720-46004b8dbf8f|rpc:10.1.0.19:45105|dataStream:|priority:0, 76394f58-7664-4cfd-8484-a797f937a558|rpc:10.1.0.19:34823|dataStream:|priority:1], old=null, confs=<EMPTY_MAP>
2022-02-09 14:04:53,258 [pool-144-thread-1] INFO  server.RaftServerConfigKeys (ConfUtils.java:logGet(44)) - raft.server.storage.dir = [/home/runner/work/ozone/ozone/hadoop-ozone/integration-test/target/test-dir/MiniOzoneClusterImpl-9c41f9ea-08a3-4502-a72d-bbb1f5427d0a/datanode-2/data/ratis] (custom)
2022-02-09 14:04:53,258 [pool-144-thread-1] INFO  server.RaftServerConfigKeys (ConfUtils.java:logGet(44)) - raft.server.log.corruption.policy = EXCEPTION (default)
2022-02-09 14:04:53,258 [pool-144-thread-1] INFO  server.RaftServerConfigKeys (ConfUtils.java:logGet(44)) - raft.server.storage.free-space.min = 0MB (=0) (default)
2022-02-09 14:04:53,258 [pool-144-thread-1] INFO  storage.RaftStorageDirectory (RaftStorageDirectoryImpl.java:analyzeStorage(135)) - The storage directory /home/runner/work/ozone/ozone/hadoop-ozone/integration-test/target/test-dir/MiniOzoneClusterImpl-9c41f9ea-08a3-4502-a72d-bbb1f5427d0a/datanode-2/data/ratis/c4f1af61-addb-40e7-bc46-28c62501f2c9 does not exist. Creating ...
2022-02-09 14:04:53,259 [pool-144-thread-1] INFO  storage.RaftStorageDirectory (RaftStorageDirectoryImpl.java:tryLock(230)) - Lock on /home/runner/work/ozone/ozone/hadoop-ozone/integration-test/target/test-dir/MiniOzoneClusterImpl-9c41f9ea-08a3-4502-a72d-bbb1f5427d0a/datanode-2/data/ratis/c4f1af61-addb-40e7-bc46-28c62501f2c9/in_use.lock acquired by nodename 1691@fv-az270-916
2022-02-09 14:04:53,261 [pool-144-thread-1] INFO  storage.RaftStorage (RaftStorageImpl.java:format(89)) - Storage directory /home/runner/work/ozone/ozone/hadoop-ozone/integration-test/target/test-dir/MiniOzoneClusterImpl-9c41f9ea-08a3-4502-a72d-bbb1f5427d0a/datanode-2/data/ratis/c4f1af61-addb-40e7-bc46-28c62501f2c9 has been successfully formatted.
2022-02-09 14:04:53,265 [pool-144-thread-1] INFO  ratis.ContainerStateMachine (ContainerStateMachine.java:loadSnapshot(231)) - group-28C62501F2C9: The snapshot info is null. Setting the last applied indexto:(t:0, i:~)
2022-02-09 14:04:53,265 [pool-144-thread-1] INFO  server.RaftServerConfigKeys (ConfUtils.java:logGet(44)) - raft.server.notification.no-leader.timeout = 300s (custom)
2022-02-09 14:04:53,266 [pool-144-thread-1] INFO  server.RaftServerConfigKeys (ConfUtils.java:logGet(44)) - raft.server.log.use.memory = false (default)
2022-02-09 14:04:53,266 [pool-144-thread-1] INFO  server.RaftServerConfigKeys (ConfUtils.java:logGet(44)) - raft.server.log.purge.gap = 1000000 (custom)
2022-02-09 14:04:53,266 [pool-144-thread-1] INFO  server.RaftServerConfigKeys (ConfUtils.java:logGet(44)) - raft.server.log.appender.buffer.byte-limit = 33554432 (custom)
2022-02-09 14:04:53,266 [pool-144-thread-1] INFO  server.RaftServerConfigKeys (ConfUtils.java:logGet(44)) - raft.server.log.segment.size.max = 1048576 (custom)
2022-02-09 14:04:53,267 [pool-144-thread-1] INFO  server.RaftServerConfigKeys (ConfUtils.java:logGet(44)) - raft.server.log.segment.cache.num.max = 2 (custom)
2022-02-09 14:04:53,267 [pool-144-thread-1] INFO  server.RaftServerConfigKeys (ConfUtils.java:logGet(44)) - raft.server.log.segment.cache.size.max = 200MB (=209715200) (default)
2022-02-09 14:04:53,267 [pool-144-thread-1] INFO  segmented.SegmentedRaftLogWorker (SegmentedRaftLogWorker.java:<init>(182)) - new 6f5b8d78-77bb-45c7-81ed-2561031b889f@group-28C62501F2C9-SegmentedRaftLogWorker for RaftStorageImpl:Storage Directory /home/runner/work/ozone/ozone/hadoop-ozone/integration-test/target/test-dir/MiniOzoneClusterImpl-9c41f9ea-08a3-4502-a72d-bbb1f5427d0a/datanode-2/data/ratis/c4f1af61-addb-40e7-bc46-28c62501f2c9
2022-02-09 14:04:53,267 [pool-144-thread-1] INFO  server.RaftServerConfigKeys (ConfUtils.java:logGet(44)) - raft.server.log.queue.byte-limit = 2147483647 (custom)
2022-02-09 14:04:53,267 [pool-144-thread-1] INFO  server.RaftServerConfigKeys (ConfUtils.java:logGet(44)) - raft.server.log.queue.element-limit = 1024 (custom)
2022-02-09 14:04:53,267 [pool-144-thread-1] INFO  server.RaftServerConfigKeys (ConfUtils.java:logGet(44)) - raft.server.log.segment.size.max = 1048576 (custom)
2022-02-09 14:04:53,267 [pool-144-thread-1] INFO  server.RaftServerConfigKeys (ConfUtils.java:logGet(44)) - raft.server.log.preallocated.size = 16384 (custom)
2022-02-09 14:04:53,267 [pool-144-thread-1] INFO  server.RaftServerConfigKeys (ConfUtils.java:logGet(44)) - raft.server.log.force.sync.num = 128 (default)
2022-02-09 14:04:53,268 [pool-144-thread-1] INFO  server.RaftServerConfigKeys (ConfUtils.java:logGet(44)) - raft.server.log.statemachine.data.sync = true (default)
2022-02-09 14:04:53,268 [pool-144-thread-1] INFO  server.RaftServerConfigKeys (ConfUtils.java:logGet(44)) - raft.server.log.statemachine.data.sync.timeout = 10s (default)
2022-02-09 14:04:53,268 [pool-144-thread-1] INFO  server.RaftServerConfigKeys (ConfUtils.java:logGet(44)) - raft.server.log.statemachine.data.sync.timeout.retry = -1 (default)
2022-02-09 14:04:53,269 [pool-144-thread-1] INFO  server.RaftServerConfigKeys (ConfUtils.java:logGet(44)) - raft.server.log.write.buffer.size = 1048576 (custom)
2022-02-09 14:04:53,270 [pool-144-thread-1] INFO  server.RaftServerConfigKeys (ConfUtils.java:logGet(44)) - raft.server.log.statemachine.data.caching.enabled = true (custom)
2022-02-09 14:04:53,270 [pool-144-thread-1] INFO  segmented.SegmentedRaftLogWorker (SegmentedRaftLogWorker.java:lambda$new$0(133)) - 6f5b8d78-77bb-45c7-81ed-2561031b889f@group-28C62501F2C9-SegmentedRaftLogWorker: flushIndex: setUnconditionally 0 -> -1
2022-02-09 14:04:53,270 [pool-144-thread-1] INFO  segmented.SegmentedRaftLogWorker (SegmentedRaftLogWorker.java:lambda$new$0(133)) - 6f5b8d78-77bb-45c7-81ed-2561031b889f@group-28C62501F2C9-SegmentedRaftLogWorker: safeCacheEvictIndex: setUnconditionally 0 -> -1
2022-02-09 14:04:53,270 [pool-144-thread-1] INFO  server.RaftServerConfigKeys (ConfUtils.java:logGet(44)) - raft.server.snapshot.auto.trigger.enabled = true (custom)
2022-02-09 14:04:53,270 [pool-144-thread-1] INFO  server.RaftServerConfigKeys (ConfUtils.java:logGet(44)) - raft.server.snapshot.auto.trigger.threshold = 10000 (custom)
2022-02-09 14:04:53,270 [pool-144-thread-1] INFO  server.RaftServerConfigKeys (ConfUtils.java:logGet(44)) - raft.server.snapshot.retention.file.num = 5 (custom)
2022-02-09 14:04:53,271 [pool-144-thread-1] INFO  server.RaftServerConfigKeys (ConfUtils.java:logGet(44)) - raft.server.log.purge.upto.snapshot.index = false (default)
2022-02-09 14:04:53,271 [pool-144-thread-1] INFO  server.RaftServerConfigKeys (ConfUtils.java:logGet(44)) - raft.server.retrycache.expirytime = 600000ms (custom)
2022-02-09 14:04:53,271 [pool-144-thread-1] INFO  server.RaftServerConfigKeys (ConfUtils.java:logGet(44)) - raft.server.retrycache.statistics.expirytime = 100μs (default)
2022-02-09 14:04:53,272 [pool-144-thread-1] INFO  server.RaftServer$Division (RaftServerImpl.java:start(301)) - 6f5b8d78-77bb-45c7-81ed-2561031b889f@group-28C62501F2C9: start as a follower, conf=-1: [6f5b8d78-77bb-45c7-81ed-2561031b889f|rpc:10.1.0.19:42731|dataStream:|priority:0, 92df55c5-64ae-4653-a720-46004b8dbf8f|rpc:10.1.0.19:45105|dataStream:|priority:0, 76394f58-7664-4cfd-8484-a797f937a558|rpc:10.1.0.19:34823|dataStream:|priority:1], old=null
2022-02-09 14:04:53,272 [pool-144-thread-1] INFO  server.RaftServer$Division (RaftServerImpl.java:setRole(290)) - 6f5b8d78-77bb-45c7-81ed-2561031b889f@group-28C62501F2C9: changes role from      null to FOLLOWER at term 0 for startAsFollower
2022-02-09 14:04:53,272 [pool-144-thread-1] INFO  impl.RoleInfo (RoleInfo.java:updateAndGet(130)) - 6f5b8d78-77bb-45c7-81ed-2561031b889f: start 6f5b8d78-77bb-45c7-81ed-2561031b889f@group-28C62501F2C9-FollowerState
2022-02-09 14:04:53,277 [pool-144-thread-1] INFO  util.JmxRegister (JmxRegister.java:tryRegister(44)) - Successfully registered JMX Bean with object name Ratis:service=RaftServer,group=group-28C62501F2C9,id=6f5b8d78-77bb-45c7-81ed-2561031b889f
2022-02-09 14:04:53,284 [Command processor thread] INFO  server.RaftServer (RaftServerProxy.java:addNew(95)) - 92df55c5-64ae-4653-a720-46004b8dbf8f: addNew group-E552432DD2E2:[92df55c5-64ae-4653-a720-46004b8dbf8f|rpc:10.1.0.19:45105|priority:1] returns group-E552432DD2E2:java.util.concurrent.CompletableFuture@5f7f3b2e[Not completed]
2022-02-09 14:04:53,285 [pool-123-thread-1] INFO  server.RaftServer$Division (RaftServerImpl.java:<init>(184)) - 92df55c5-64ae-4653-a720-46004b8dbf8f: new RaftServerImpl for group-E552432DD2E2:[92df55c5-64ae-4653-a720-46004b8dbf8f|rpc:10.1.0.19:45105|priority:1] with ContainerStateMachine:uninitialized
2022-02-09 14:04:53,285 [pool-123-thread-1] INFO  server.RaftServerConfigKeys (ConfUtils.java:logGet(44)) - raft.server.rpc.timeout.min = 5s (custom)
2022-02-09 14:04:53,285 [pool-123-thread-1] INFO  server.RaftServerConfigKeys (ConfUtils.java:logGet(44)) - raft.server.rpc.timeout.max = 5200ms (custom)
2022-02-09 14:04:53,285 [pool-123-thread-1] INFO  server.RaftServerConfigKeys (ConfUtils.java:logGet(44)) - raft.server.rpc.sleep.time = 25ms (default)
2022-02-09 14:04:53,286 [pool-123-thread-1] INFO  server.RaftServerConfigKeys (ConfUtils.java:logGet(44)) - raft.server.rpc.slowness.timeout = 300s (custom)
2022-02-09 14:04:53,286 [pool-123-thread-1] INFO  server.RaftServerConfigKeys (ConfUtils.java:logGet(44)) - raft.server.leaderelection.leader.step-down.wait-time = 10s (default)
2022-02-09 14:04:53,286 [pool-123-thread-1] INFO  server.RaftServerConfigKeys (ConfUtils.java:logGet(44)) - raft.server.sleep.deviation.threshold = 300ms (default)
2022-02-09 14:04:53,286 [pool-123-thread-1] INFO  server.RaftServerConfigKeys (ConfUtils.java:logGet(44)) - raft.server.log.appender.install.snapshot.enabled = false (custom)
2022-02-09 14:04:53,286 [pool-123-thread-1] INFO  server.RaftServer$Division (ServerState.java:<init>(105)) - 92df55c5-64ae-4653-a720-46004b8dbf8f@group-E552432DD2E2: ConfigurationManager, init=-1: [92df55c5-64ae-4653-a720-46004b8dbf8f|rpc:10.1.0.19:45105|priority:1], old=null, confs=<EMPTY_MAP>
2022-02-09 14:04:53,286 [pool-123-thread-1] INFO  server.RaftServerConfigKeys (ConfUtils.java:logGet(44)) - raft.server.storage.dir = [/home/runner/work/ozone/ozone/hadoop-ozone/integration-test/target/test-dir/MiniOzoneClusterImpl-9c41f9ea-08a3-4502-a72d-bbb1f5427d0a/datanode-1/data/ratis] (custom)
2022-02-09 14:04:53,286 [pool-123-thread-1] INFO  server.RaftServerConfigKeys (ConfUtils.java:logGet(44)) - raft.server.log.corruption.policy = EXCEPTION (default)
2022-02-09 14:04:53,286 [pool-123-thread-1] INFO  server.RaftServerConfigKeys (ConfUtils.java:logGet(44)) - raft.server.storage.free-space.min = 0MB (=0) (default)
2022-02-09 14:04:53,286 [pool-123-thread-1] INFO  storage.RaftStorageDirectory (RaftStorageDirectoryImpl.java:analyzeStorage(135)) - The storage directory /home/runner/work/ozone/ozone/hadoop-ozone/integration-test/target/test-dir/MiniOzoneClusterImpl-9c41f9ea-08a3-4502-a72d-bbb1f5427d0a/datanode-1/data/ratis/06bf1117-a013-42bb-9bec-e552432dd2e2 does not exist. Creating ...
2022-02-09 14:04:53,289 [Command processor thread] INFO  commandhandler.CreatePipelineCommandHandler (CreatePipelineCommandHandler.java:handle(106)) - Created Pipeline RATIS THREE PipelineID=c4f1af61-addb-40e7-bc46-28c62501f2c9.
2022-02-09 14:04:53,289 [Command processor thread] INFO  server.RaftServer (RaftServerProxy.java:addNew(95)) - 76394f58-7664-4cfd-8484-a797f937a558: addNew group-D1587C1BBF41:[6f5b8d78-77bb-45c7-81ed-2561031b889f|rpc:10.1.0.19:42731|priority:0, 92df55c5-64ae-4653-a720-46004b8dbf8f|rpc:10.1.0.19:45105|priority:1, 76394f58-7664-4cfd-8484-a797f937a558|rpc:10.1.0.19:34823|priority:0] returns group-D1587C1BBF41:java.util.concurrent.CompletableFuture@2c8ae56e[Not completed]
2022-02-09 14:04:53,290 [pool-102-thread-1] INFO  server.RaftServer$Division (RaftServerImpl.java:<init>(184)) - 76394f58-7664-4cfd-8484-a797f937a558: new RaftServerImpl for group-D1587C1BBF41:[6f5b8d78-77bb-45c7-81ed-2561031b889f|rpc:10.1.0.19:42731|priority:0, 92df55c5-64ae-4653-a720-46004b8dbf8f|rpc:10.1.0.19:45105|priority:1, 76394f58-7664-4cfd-8484-a797f937a558|rpc:10.1.0.19:34823|priority:0] with ContainerStateMachine:uninitialized
2022-02-09 14:04:53,290 [pool-102-thread-1] INFO  server.RaftServerConfigKeys (ConfUtils.java:logGet(44)) - raft.server.rpc.timeout.min = 5s (custom)
2022-02-09 14:04:53,290 [pool-102-thread-1] INFO  server.RaftServerConfigKeys (ConfUtils.java:logGet(44)) - raft.server.rpc.timeout.max = 5200ms (custom)
2022-02-09 14:04:53,290 [pool-102-thread-1] INFO  server.RaftServerConfigKeys (ConfUtils.java:logGet(44)) - raft.server.rpc.sleep.time = 25ms (default)
2022-02-09 14:04:53,290 [pool-102-thread-1] INFO  server.RaftServerConfigKeys (ConfUtils.java:logGet(44)) - raft.server.rpc.slowness.timeout = 300s (custom)
2022-02-09 14:04:53,290 [pool-102-thread-1] INFO  server.RaftServerConfigKeys (ConfUtils.java:logGet(44)) - raft.server.leaderelection.leader.step-down.wait-time = 10s (default)
2022-02-09 14:04:53,290 [pool-102-thread-1] INFO  server.RaftServerConfigKeys (ConfUtils.java:logGet(44)) - raft.server.sleep.deviation.threshold = 300ms (default)
2022-02-09 14:04:53,290 [pool-102-thread-1] INFO  server.RaftServerConfigKeys (ConfUtils.java:logGet(44)) - raft.server.log.appender.install.snapshot.enabled = false (custom)
2022-02-09 14:04:53,291 [pool-102-thread-1] INFO  server.RaftServer$Division (ServerState.java:<init>(105)) - 76394f58-7664-4cfd-8484-a797f937a558@group-D1587C1BBF41: ConfigurationManager, init=-1: [6f5b8d78-77bb-45c7-81ed-2561031b889f|rpc:10.1.0.19:42731|priority:0, 92df55c5-64ae-4653-a720-46004b8dbf8f|rpc:10.1.0.19:45105|priority:1, 76394f58-7664-4cfd-8484-a797f937a558|rpc:10.1.0.19:34823|priority:0], old=null, confs=<EMPTY_MAP>
2022-02-09 14:04:53,291 [pool-102-thread-1] INFO  server.RaftServerConfigKeys (ConfUtils.java:logGet(44)) - raft.server.storage.dir = [/home/runner/work/ozone/ozone/hadoop-ozone/integration-test/target/test-dir/MiniOzoneClusterImpl-9c41f9ea-08a3-4502-a72d-bbb1f5427d0a/datanode-0/data/ratis] (custom)
2022-02-09 14:04:53,291 [pool-102-thread-1] INFO  server.RaftServerConfigKeys (ConfUtils.java:logGet(44)) - raft.server.log.corruption.policy = EXCEPTION (default)
2022-02-09 14:04:53,291 [pool-102-thread-1] INFO  server.RaftServerConfigKeys (ConfUtils.java:logGet(44)) - raft.server.storage.free-space.min = 0MB (=0) (default)
2022-02-09 14:04:53,291 [pool-102-thread-1] INFO  storage.RaftStorageDirectory (RaftStorageDirectoryImpl.java:analyzeStorage(135)) - The storage directory /home/runner/work/ozone/ozone/hadoop-ozone/integration-test/target/test-dir/MiniOzoneClusterImpl-9c41f9ea-08a3-4502-a72d-bbb1f5427d0a/datanode-0/data/ratis/22671845-bfbf-49a9-89a6-d1587c1bbf41 does not exist. Creating ...
2022-02-09 14:04:53,292 [pool-102-thread-1] INFO  storage.RaftStorageDirectory (RaftStorageDirectoryImpl.java:tryLock(230)) - Lock on /home/runner/work/ozone/ozone/hadoop-ozone/integration-test/target/test-dir/MiniOzoneClusterImpl-9c41f9ea-08a3-4502-a72d-bbb1f5427d0a/datanode-0/data/ratis/22671845-bfbf-49a9-89a6-d1587c1bbf41/in_use.lock acquired by nodename 1691@fv-az270-916
2022-02-09 14:04:53,293 [pool-123-thread-1] INFO  storage.RaftStorageDirectory (RaftStorageDirectoryImpl.java:tryLock(230)) - Lock on /home/runner/work/ozone/ozone/hadoop-ozone/integration-test/target/test-dir/MiniOzoneClusterImpl-9c41f9ea-08a3-4502-a72d-bbb1f5427d0a/datanode-1/data/ratis/06bf1117-a013-42bb-9bec-e552432dd2e2/in_use.lock acquired by nodename 1691@fv-az270-916
2022-02-09 14:04:53,294 [pool-102-thread-1] INFO  storage.RaftStorage (RaftStorageImpl.java:format(89)) - Storage directory /home/runner/work/ozone/ozone/hadoop-ozone/integration-test/target/test-dir/MiniOzoneClusterImpl-9c41f9ea-08a3-4502-a72d-bbb1f5427d0a/datanode-0/data/ratis/22671845-bfbf-49a9-89a6-d1587c1bbf41 has been successfully formatted.
2022-02-09 14:04:53,294 [pool-123-thread-1] INFO  storage.RaftStorage (RaftStorageImpl.java:format(89)) - Storage directory /home/runner/work/ozone/ozone/hadoop-ozone/integration-test/target/test-dir/MiniOzoneClusterImpl-9c41f9ea-08a3-4502-a72d-bbb1f5427d0a/datanode-1/data/ratis/06bf1117-a013-42bb-9bec-e552432dd2e2 has been successfully formatted.
2022-02-09 14:04:53,300 [pool-123-thread-1] INFO  ratis.ContainerStateMachine (ContainerStateMachine.java:loadSnapshot(231)) - group-E552432DD2E2: The snapshot info is null. Setting the last applied indexto:(t:0, i:~)
2022-02-09 14:04:53,300 [pool-123-thread-1] INFO  server.RaftServerConfigKeys (ConfUtils.java:logGet(44)) - raft.server.notification.no-leader.timeout = 300s (custom)
2022-02-09 14:04:53,301 [pool-123-thread-1] INFO  server.RaftServerConfigKeys (ConfUtils.java:logGet(44)) - raft.server.log.use.memory = false (default)
2022-02-09 14:04:53,301 [pool-123-thread-1] INFO  server.RaftServerConfigKeys (ConfUtils.java:logGet(44)) - raft.server.log.purge.gap = 1000000 (custom)
2022-02-09 14:04:53,301 [pool-123-thread-1] INFO  server.RaftServerConfigKeys (ConfUtils.java:logGet(44)) - raft.server.log.appender.buffer.byte-limit = 33554432 (custom)
2022-02-09 14:04:53,301 [pool-123-thread-1] INFO  server.RaftServerConfigKeys (ConfUtils.java:logGet(44)) - raft.server.log.segment.size.max = 1048576 (custom)
2022-02-09 14:04:53,302 [pool-123-thread-1] INFO  server.RaftServerConfigKeys (ConfUtils.java:logGet(44)) - raft.server.log.segment.cache.num.max = 2 (custom)
2022-02-09 14:04:53,302 [pool-123-thread-1] INFO  server.RaftServerConfigKeys (ConfUtils.java:logGet(44)) - raft.server.log.segment.cache.size.max = 200MB (=209715200) (default)
2022-02-09 14:04:53,302 [pool-123-thread-1] INFO  segmented.SegmentedRaftLogWorker (SegmentedRaftLogWorker.java:<init>(182)) - new 92df55c5-64ae-4653-a720-46004b8dbf8f@group-E552432DD2E2-SegmentedRaftLogWorker for RaftStorageImpl:Storage Directory /home/runner/work/ozone/ozone/hadoop-ozone/integration-test/target/test-dir/MiniOzoneClusterImpl-9c41f9ea-08a3-4502-a72d-bbb1f5427d0a/datanode-1/data/ratis/06bf1117-a013-42bb-9bec-e552432dd2e2
2022-02-09 14:04:53,304 [pool-123-thread-1] INFO  server.RaftServerConfigKeys (ConfUtils.java:logGet(44)) - raft.server.log.queue.byte-limit = 2147483647 (custom)
2022-02-09 14:04:53,304 [pool-123-thread-1] INFO  server.RaftServerConfigKeys (ConfUtils.java:logGet(44)) - raft.server.log.queue.element-limit = 1024 (custom)
2022-02-09 14:04:53,304 [pool-123-thread-1] INFO  server.RaftServerConfigKeys (ConfUtils.java:logGet(44)) - raft.server.log.segment.size.max = 1048576 (custom)
2022-02-09 14:04:53,304 [pool-123-thread-1] INFO  server.RaftServerConfigKeys (ConfUtils.java:logGet(44)) - raft.server.log.preallocated.size = 16384 (custom)
2022-02-09 14:04:53,305 [pool-123-thread-1] INFO  server.RaftServerConfigKeys (ConfUtils.java:logGet(44)) - raft.server.log.force.sync.num = 128 (default)
2022-02-09 14:04:53,305 [pool-123-thread-1] INFO  server.RaftServerConfigKeys (ConfUtils.java:logGet(44)) - raft.server.log.statemachine.data.sync = true (default)
2022-02-09 14:04:53,305 [pool-123-thread-1] INFO  server.RaftServerConfigKeys (ConfUtils.java:logGet(44)) - raft.server.log.statemachine.data.sync.timeout = 10s (default)
2022-02-09 14:04:53,305 [pool-123-thread-1] INFO  server.RaftServerConfigKeys (ConfUtils.java:logGet(44)) - raft.server.log.statemachine.data.sync.timeout.retry = -1 (default)
2022-02-09 14:04:53,306 [pool-123-thread-1] INFO  server.RaftServerConfigKeys (ConfUtils.java:logGet(44)) - raft.server.log.write.buffer.size = 1048576 (custom)
2022-02-09 14:04:53,300 [pool-102-thread-1] INFO  ratis.ContainerStateMachine (ContainerStateMachine.java:loadSnapshot(231)) - group-D1587C1BBF41: The snapshot info is null. Setting the last applied indexto:(t:0, i:~)
2022-02-09 14:04:53,305 [EventQueue-PipelineReportForPipelineReportHandler] INFO  pipeline.PipelineManagerImpl (PipelineManagerImpl.java:openPipeline(291)) - Pipeline Pipeline[ Id: 06bf1117-a013-42bb-9bec-e552432dd2e2, Nodes: 92df55c5-64ae-4653-a720-46004b8dbf8f{ip: 10.1.0.19, host: fv-az270-916.tacnzluakwdehk1hpragurqkma.bx.internal.cloudapp.net, ports: [REPLICATION=42501, RATIS=45105, RATIS_ADMIN=45105, RATIS_SERVER=45105, STANDALONE=42111], networkLocation: /default-rack, certSerialId: null, persistedOpState: IN_SERVICE, persistedOpStateExpiryEpochSec: 0}, ReplicationConfig: RATIS/ONE, State:ALLOCATED, leaderId:92df55c5-64ae-4653-a720-46004b8dbf8f, CreationTimestamp2022-02-09T14:04:50.288Z[Etc/UTC]] moved to OPEN state
2022-02-09 14:04:53,307 [pool-102-thread-1] INFO  server.RaftServerConfigKeys (ConfUtils.java:logGet(44)) - raft.server.notification.no-leader.timeout = 300s (custom)
2022-02-09 14:04:53,307 [pool-102-thread-1] INFO  server.RaftServerConfigKeys (ConfUtils.java:logGet(44)) - raft.server.log.use.memory = false (default)
2022-02-09 14:04:53,307 [pool-102-thread-1] INFO  server.RaftServerConfigKeys (ConfUtils.java:logGet(44)) - raft.server.log.purge.gap = 1000000 (custom)
2022-02-09 14:04:53,307 [pool-102-thread-1] INFO  server.RaftServerConfigKeys (ConfUtils.java:logGet(44)) - raft.server.log.appender.buffer.byte-limit = 33554432 (custom)
2022-02-09 14:04:53,308 [pool-102-thread-1] INFO  server.RaftServerConfigKeys (ConfUtils.java:logGet(44)) - raft.server.log.segment.size.max = 1048576 (custom)
2022-02-09 14:04:53,308 [pool-102-thread-1] INFO  server.RaftServerConfigKeys (ConfUtils.java:logGet(44)) - raft.server.log.segment.cache.num.max = 2 (custom)
2022-02-09 14:04:53,309 [pool-102-thread-1] INFO  server.RaftServerConfigKeys (ConfUtils.java:logGet(44)) - raft.server.log.segment.cache.size.max = 200MB (=209715200) (default)
2022-02-09 14:04:53,309 [pool-102-thread-1] INFO  segmented.SegmentedRaftLogWorker (SegmentedRaftLogWorker.java:<init>(182)) - new 76394f58-7664-4cfd-8484-a797f937a558@group-D1587C1BBF41-SegmentedRaftLogWorker for RaftStorageImpl:Storage Directory /home/runner/work/ozone/ozone/hadoop-ozone/integration-test/target/test-dir/MiniOzoneClusterImpl-9c41f9ea-08a3-4502-a72d-bbb1f5427d0a/datanode-0/data/ratis/22671845-bfbf-49a9-89a6-d1587c1bbf41
2022-02-09 14:04:53,309 [698ab2d5-378d-457a-8e5f-fab21942cead@group-BBB1F5427D0A-StateMachineUpdater] INFO  safemode.HealthyPipelineSafeModeRule (HealthyPipelineSafeModeRule.java:initializeRule(152)) - Refreshed total pipeline count is 0, healthy pipeline threshold count is 1
2022-02-09 14:04:53,309 [pool-102-thread-1] INFO  server.RaftServerConfigKeys (ConfUtils.java:logGet(44)) - raft.server.log.queue.byte-limit = 2147483647 (custom)
2022-02-09 14:04:53,313 [pool-102-thread-1] INFO  server.RaftServerConfigKeys (ConfUtils.java:logGet(44)) - raft.server.log.queue.element-limit = 1024 (custom)
2022-02-09 14:04:53,313 [pool-102-thread-1] INFO  server.RaftServerConfigKeys (ConfUtils.java:logGet(44)) - raft.server.log.segment.size.max = 1048576 (custom)
2022-02-09 14:04:53,313 [pool-102-thread-1] INFO  server.RaftServerConfigKeys (ConfUtils.java:logGet(44)) - raft.server.log.preallocated.size = 16384 (custom)
2022-02-09 14:04:53,313 [pool-102-thread-1] INFO  server.RaftServerConfigKeys (ConfUtils.java:logGet(44)) - raft.server.log.force.sync.num = 128 (default)
2022-02-09 14:04:53,313 [pool-102-thread-1] INFO  server.RaftServerConfigKeys (ConfUtils.java:logGet(44)) - raft.server.log.statemachine.data.sync = true (default)
2022-02-09 14:04:53,313 [pool-102-thread-1] INFO  server.RaftServerConfigKeys (ConfUtils.java:logGet(44)) - raft.server.log.statemachine.data.sync.timeout = 10s (default)
2022-02-09 14:04:53,313 [pool-102-thread-1] INFO  server.RaftServerConfigKeys (ConfUtils.java:logGet(44)) - raft.server.log.statemachine.data.sync.timeout.retry = -1 (default)
2022-02-09 14:04:53,314 [EventQueue-OpenPipelineForHealthyPipelineSafeModeRule] INFO  safemode.SCMSafeModeManager (HealthyPipelineSafeModeRule.java:process(124)) - SCM in safe mode. Healthy pipelines reported count is 0, required healthy pipeline reported count is 1
2022-02-09 14:04:53,314 [EventQueue-OpenPipelineForHealthyPipelineSafeModeRule] INFO  safemode.SCMSafeModeManager (HealthyPipelineSafeModeRule.java:process(124)) - SCM in safe mode. Healthy pipelines reported count is 0, required healthy pipeline reported count is 1
2022-02-09 14:04:53,314 [pool-102-thread-1] INFO  server.RaftServerConfigKeys (ConfUtils.java:logGet(44)) - raft.server.log.write.buffer.size = 1048576 (custom)
2022-02-09 14:04:53,316 [pool-102-thread-1] INFO  server.RaftServerConfigKeys (ConfUtils.java:logGet(44)) - raft.server.log.statemachine.data.caching.enabled = true (custom)
2022-02-09 14:04:53,316 [pool-102-thread-1] INFO  segmented.SegmentedRaftLogWorker (SegmentedRaftLogWorker.java:lambda$new$0(133)) - 76394f58-7664-4cfd-8484-a797f937a558@group-D1587C1BBF41-SegmentedRaftLogWorker: flushIndex: setUnconditionally 0 -> -1
2022-02-09 14:04:53,316 [pool-102-thread-1] INFO  segmented.SegmentedRaftLogWorker (SegmentedRaftLogWorker.java:lambda$new$0(133)) - 76394f58-7664-4cfd-8484-a797f937a558@group-D1587C1BBF41-SegmentedRaftLogWorker: safeCacheEvictIndex: setUnconditionally 0 -> -1
2022-02-09 14:04:53,315 [pool-123-thread-1] INFO  server.RaftServerConfigKeys (ConfUtils.java:logGet(44)) - raft.server.log.statemachine.data.caching.enabled = true (custom)
2022-02-09 14:04:53,317 [pool-123-thread-1] INFO  segmented.SegmentedRaftLogWorker (SegmentedRaftLogWorker.java:lambda$new$0(133)) - 92df55c5-64ae-4653-a720-46004b8dbf8f@group-E552432DD2E2-SegmentedRaftLogWorker: flushIndex: setUnconditionally 0 -> -1
2022-02-09 14:04:53,317 [pool-123-thread-1] INFO  segmented.SegmentedRaftLogWorker (SegmentedRaftLogWorker.java:lambda$new$0(133)) - 92df55c5-64ae-4653-a720-46004b8dbf8f@group-E552432DD2E2-SegmentedRaftLogWorker: safeCacheEvictIndex: setUnconditionally 0 -> -1
2022-02-09 14:04:53,320 [pool-102-thread-1] INFO  server.RaftServerConfigKeys (ConfUtils.java:logGet(44)) - raft.server.snapshot.auto.trigger.enabled = true (custom)
2022-02-09 14:04:53,320 [pool-102-thread-1] INFO  server.RaftServerConfigKeys (ConfUtils.java:logGet(44)) - raft.server.snapshot.auto.trigger.threshold = 10000 (custom)
2022-02-09 14:04:53,320 [pool-102-thread-1] INFO  server.RaftServerConfigKeys (ConfUtils.java:logGet(44)) - raft.server.snapshot.retention.file.num = 5 (custom)
2022-02-09 14:04:53,320 [pool-102-thread-1] INFO  server.RaftServerConfigKeys (ConfUtils.java:logGet(44)) - raft.server.log.purge.upto.snapshot.index = false (default)
2022-02-09 14:04:53,322 [pool-123-thread-1] INFO  server.RaftServerConfigKeys (ConfUtils.java:logGet(44)) - raft.server.snapshot.auto.trigger.enabled = true (custom)
2022-02-09 14:04:53,323 [pool-123-thread-1] INFO  server.RaftServerConfigKeys (ConfUtils.java:logGet(44)) - raft.server.snapshot.auto.trigger.threshold = 10000 (custom)
2022-02-09 14:04:53,323 [pool-123-thread-1] INFO  server.RaftServerConfigKeys (ConfUtils.java:logGet(44)) - raft.server.snapshot.retention.file.num = 5 (custom)
2022-02-09 14:04:53,323 [pool-123-thread-1] INFO  server.RaftServerConfigKeys (ConfUtils.java:logGet(44)) - raft.server.log.purge.upto.snapshot.index = false (default)
2022-02-09 14:04:53,323 [pool-123-thread-1] INFO  server.RaftServerConfigKeys (ConfUtils.java:logGet(44)) - raft.server.retrycache.expirytime = 600000ms (custom)
2022-02-09 14:04:53,323 [pool-123-thread-1] INFO  server.RaftServerConfigKeys (ConfUtils.java:logGet(44)) - raft.server.retrycache.statistics.expirytime = 100μs (default)
2022-02-09 14:04:53,325 [pool-123-thread-1] INFO  server.RaftServer$Division (RaftServerImpl.java:start(301)) - 92df55c5-64ae-4653-a720-46004b8dbf8f@group-E552432DD2E2: start as a follower, conf=-1: [92df55c5-64ae-4653-a720-46004b8dbf8f|rpc:10.1.0.19:45105|priority:1], old=null
2022-02-09 14:04:53,325 [pool-123-thread-1] INFO  server.RaftServer$Division (RaftServerImpl.java:setRole(290)) - 92df55c5-64ae-4653-a720-46004b8dbf8f@group-E552432DD2E2: changes role from      null to FOLLOWER at term 0 for startAsFollower
2022-02-09 14:04:53,325 [pool-123-thread-1] INFO  impl.RoleInfo (RoleInfo.java:updateAndGet(130)) - 92df55c5-64ae-4653-a720-46004b8dbf8f: start 92df55c5-64ae-4653-a720-46004b8dbf8f@group-E552432DD2E2-FollowerState
2022-02-09 14:04:53,325 [pool-102-thread-1] INFO  server.RaftServerConfigKeys (ConfUtils.java:logGet(44)) - raft.server.retrycache.expirytime = 600000ms (custom)
2022-02-09 14:04:53,325 [pool-102-thread-1] INFO  server.RaftServerConfigKeys (ConfUtils.java:logGet(44)) - raft.server.retrycache.statistics.expirytime = 100μs (default)
2022-02-09 14:04:53,327 [pool-102-thread-1] INFO  server.RaftServer$Division (RaftServerImpl.java:start(301)) - 76394f58-7664-4cfd-8484-a797f937a558@group-D1587C1BBF41: start as a follower, conf=-1: [6f5b8d78-77bb-45c7-81ed-2561031b889f|rpc:10.1.0.19:42731|priority:0, 92df55c5-64ae-4653-a720-46004b8dbf8f|rpc:10.1.0.19:45105|priority:1, 76394f58-7664-4cfd-8484-a797f937a558|rpc:10.1.0.19:34823|priority:0], old=null
2022-02-09 14:04:53,327 [pool-102-thread-1] INFO  server.RaftServer$Division (RaftServerImpl.java:setRole(290)) - 76394f58-7664-4cfd-8484-a797f937a558@group-D1587C1BBF41: changes role from      null to FOLLOWER at term 0 for startAsFollower
2022-02-09 14:04:53,327 [pool-123-thread-1] INFO  util.JmxRegister (JmxRegister.java:tryRegister(44)) - Successfully registered JMX Bean with object name Ratis:service=RaftServer,group=group-E552432DD2E2,id=92df55c5-64ae-4653-a720-46004b8dbf8f
2022-02-09 14:04:53,328 [pool-102-thread-1] INFO  impl.RoleInfo (RoleInfo.java:updateAndGet(130)) - 76394f58-7664-4cfd-8484-a797f937a558: start 76394f58-7664-4cfd-8484-a797f937a558@group-D1587C1BBF41-FollowerState
2022-02-09 14:04:53,329 [pool-102-thread-1] INFO  util.JmxRegister (JmxRegister.java:tryRegister(44)) - Successfully registered JMX Bean with object name Ratis:service=RaftServer,group=group-D1587C1BBF41,id=76394f58-7664-4cfd-8484-a797f937a558
2022-02-09 14:04:53,329 [Command processor thread] INFO  ratis.XceiverServerRatis (XceiverServerRatis.java:addGroup(768)) - Created group PipelineID=06bf1117-a013-42bb-9bec-e552432dd2e2
2022-02-09 14:04:53,329 [Command processor thread] INFO  commandhandler.CreatePipelineCommandHandler (CreatePipelineCommandHandler.java:handle(106)) - Created Pipeline RATIS ONE PipelineID=06bf1117-a013-42bb-9bec-e552432dd2e2.
2022-02-09 14:04:53,337 [pool-123-thread-1] INFO  server.RaftServer$Division (RaftServerImpl.java:<init>(184)) - 92df55c5-64ae-4653-a720-46004b8dbf8f: new RaftServerImpl for group-D1587C1BBF41:[6f5b8d78-77bb-45c7-81ed-2561031b889f|rpc:10.1.0.19:42731|priority:0, 92df55c5-64ae-4653-a720-46004b8dbf8f|rpc:10.1.0.19:45105|priority:1, 76394f58-7664-4cfd-8484-a797f937a558|rpc:10.1.0.19:34823|priority:0] with ContainerStateMachine:uninitialized
2022-02-09 14:04:53,337 [pool-123-thread-1] INFO  server.RaftServerConfigKeys (ConfUtils.java:logGet(44)) - raft.server.rpc.timeout.min = 5s (custom)
2022-02-09 14:04:53,338 [pool-123-thread-1] INFO  server.RaftServerConfigKeys (ConfUtils.java:logGet(44)) - raft.server.rpc.timeout.max = 5200ms (custom)
2022-02-09 14:04:53,338 [pool-123-thread-1] INFO  server.RaftServerConfigKeys (ConfUtils.java:logGet(44)) - raft.server.rpc.sleep.time = 25ms (default)
2022-02-09 14:04:53,338 [pool-123-thread-1] INFO  server.RaftServerConfigKeys (ConfUtils.java:logGet(44)) - raft.server.rpc.slowness.timeout = 300s (custom)
2022-02-09 14:04:53,338 [pool-123-thread-1] INFO  server.RaftServerConfigKeys (ConfUtils.java:logGet(44)) - raft.server.leaderelection.leader.step-down.wait-time = 10s (default)
2022-02-09 14:04:53,338 [pool-123-thread-1] INFO  server.RaftServerConfigKeys (ConfUtils.java:logGet(44)) - raft.server.sleep.deviation.threshold = 300ms (default)
2022-02-09 14:04:53,338 [pool-123-thread-1] INFO  server.RaftServerConfigKeys (ConfUtils.java:logGet(44)) - raft.server.log.appender.install.snapshot.enabled = false (custom)
2022-02-09 14:04:53,338 [pool-123-thread-1] INFO  server.RaftServer$Division (ServerState.java:<init>(105)) - 92df55c5-64ae-4653-a720-46004b8dbf8f@group-D1587C1BBF41: ConfigurationManager, init=-1: [6f5b8d78-77bb-45c7-81ed-2561031b889f|rpc:10.1.0.19:42731|priority:0, 92df55c5-64ae-4653-a720-46004b8dbf8f|rpc:10.1.0.19:45105|priority:1, 76394f58-7664-4cfd-8484-a797f937a558|rpc:10.1.0.19:34823|priority:0], old=null, confs=<EMPTY_MAP>
2022-02-09 14:04:53,338 [pool-123-thread-1] INFO  server.RaftServerConfigKeys (ConfUtils.java:logGet(44)) - raft.server.storage.dir = [/home/runner/work/ozone/ozone/hadoop-ozone/integration-test/target/test-dir/MiniOzoneClusterImpl-9c41f9ea-08a3-4502-a72d-bbb1f5427d0a/datanode-1/data/ratis] (custom)
2022-02-09 14:04:53,338 [pool-123-thread-1] INFO  server.RaftServerConfigKeys (ConfUtils.java:logGet(44)) - raft.server.log.corruption.policy = EXCEPTION (default)
2022-02-09 14:04:53,338 [pool-123-thread-1] INFO  server.RaftServerConfigKeys (ConfUtils.java:logGet(44)) - raft.server.storage.free-space.min = 0MB (=0) (default)
2022-02-09 14:04:53,338 [pool-123-thread-1] INFO  storage.RaftStorageDirectory (RaftStorageDirectoryImpl.java:analyzeStorage(135)) - The storage directory /home/runner/work/ozone/ozone/hadoop-ozone/integration-test/target/test-dir/MiniOzoneClusterImpl-9c41f9ea-08a3-4502-a72d-bbb1f5427d0a/datanode-1/data/ratis/22671845-bfbf-49a9-89a6-d1587c1bbf41 does not exist. Creating ...
2022-02-09 14:04:53,339 [Command processor thread] INFO  server.RaftServer (RaftServerProxy.java:addNew(95)) - 92df55c5-64ae-4653-a720-46004b8dbf8f: addNew group-D1587C1BBF41:[6f5b8d78-77bb-45c7-81ed-2561031b889f|rpc:10.1.0.19:42731|priority:0, 92df55c5-64ae-4653-a720-46004b8dbf8f|rpc:10.1.0.19:45105|priority:1, 76394f58-7664-4cfd-8484-a797f937a558|rpc:10.1.0.19:34823|priority:0] returns group-D1587C1BBF41:java.util.concurrent.CompletableFuture@51b8ceb1[Not completed]
2022-02-09 14:04:53,340 [Command processor thread] INFO  ratis.XceiverServerRatis (XceiverServerRatis.java:addGroup(768)) - Created group PipelineID=22671845-bfbf-49a9-89a6-d1587c1bbf41
2022-02-09 14:04:53,341 [pool-123-thread-1] INFO  storage.RaftStorageDirectory (RaftStorageDirectoryImpl.java:tryLock(230)) - Lock on /home/runner/work/ozone/ozone/hadoop-ozone/integration-test/target/test-dir/MiniOzoneClusterImpl-9c41f9ea-08a3-4502-a72d-bbb1f5427d0a/datanode-1/data/ratis/22671845-bfbf-49a9-89a6-d1587c1bbf41/in_use.lock acquired by nodename 1691@fv-az270-916
2022-02-09 14:04:53,344 [pool-123-thread-1] INFO  storage.RaftStorage (RaftStorageImpl.java:format(89)) - Storage directory /home/runner/work/ozone/ozone/hadoop-ozone/integration-test/target/test-dir/MiniOzoneClusterImpl-9c41f9ea-08a3-4502-a72d-bbb1f5427d0a/datanode-1/data/ratis/22671845-bfbf-49a9-89a6-d1587c1bbf41 has been successfully formatted.
2022-02-09 14:04:53,344 [pool-123-thread-1] INFO  ratis.ContainerStateMachine (ContainerStateMachine.java:loadSnapshot(231)) - group-D1587C1BBF41: The snapshot info is null. Setting the last applied indexto:(t:0, i:~)
2022-02-09 14:04:53,344 [pool-123-thread-1] INFO  server.RaftServerConfigKeys (ConfUtils.java:logGet(44)) - raft.server.notification.no-leader.timeout = 300s (custom)
2022-02-09 14:04:53,344 [pool-123-thread-1] INFO  server.RaftServerConfigKeys (ConfUtils.java:logGet(44)) - raft.server.log.use.memory = false (default)
2022-02-09 14:04:53,344 [pool-123-thread-1] INFO  server.RaftServerConfigKeys (ConfUtils.java:logGet(44)) - raft.server.log.purge.gap = 1000000 (custom)
2022-02-09 14:04:53,344 [pool-123-thread-1] INFO  server.RaftServerConfigKeys (ConfUtils.java:logGet(44)) - raft.server.log.appender.buffer.byte-limit = 33554432 (custom)
2022-02-09 14:04:53,345 [pool-123-thread-1] INFO  server.RaftServerConfigKeys (ConfUtils.java:logGet(44)) - raft.server.log.segment.size.max = 1048576 (custom)
2022-02-09 14:04:53,348 [pool-123-thread-1] INFO  server.RaftServerConfigKeys (ConfUtils.java:logGet(44)) - raft.server.log.segment.cache.num.max = 2 (custom)
2022-02-09 14:04:53,348 [pool-123-thread-1] INFO  server.RaftServerConfigKeys (ConfUtils.java:logGet(44)) - raft.server.log.segment.cache.size.max = 200MB (=209715200) (default)
2022-02-09 14:04:53,348 [pool-123-thread-1] INFO  segmented.SegmentedRaftLogWorker (SegmentedRaftLogWorker.java:<init>(182)) - new 92df55c5-64ae-4653-a720-46004b8dbf8f@group-D1587C1BBF41-SegmentedRaftLogWorker for RaftStorageImpl:Storage Directory /home/runner/work/ozone/ozone/hadoop-ozone/integration-test/target/test-dir/MiniOzoneClusterImpl-9c41f9ea-08a3-4502-a72d-bbb1f5427d0a/datanode-1/data/ratis/22671845-bfbf-49a9-89a6-d1587c1bbf41
2022-02-09 14:04:53,348 [pool-123-thread-1] INFO  server.RaftServerConfigKeys (ConfUtils.java:logGet(44)) - raft.server.log.queue.byte-limit = 2147483647 (custom)
2022-02-09 14:04:53,348 [pool-123-thread-1] INFO  server.RaftServerConfigKeys (ConfUtils.java:logGet(44)) - raft.server.log.queue.element-limit = 1024 (custom)
2022-02-09 14:04:53,348 [pool-123-thread-1] INFO  server.RaftServerConfigKeys (ConfUtils.java:logGet(44)) - raft.server.log.segment.size.max = 1048576 (custom)
2022-02-09 14:04:53,350 [EventQueue-OpenPipelineForHealthyPipelineSafeModeRule] INFO  safemode.SCMSafeModeManager (HealthyPipelineSafeModeRule.java:process(124)) - SCM in safe mode. Healthy pipelines reported count is 0, required healthy pipeline reported count is 1
2022-02-09 14:04:53,351 [pool-123-thread-1] INFO  server.RaftServerConfigKeys (ConfUtils.java:logGet(44)) - raft.server.log.preallocated.size = 16384 (custom)
2022-02-09 14:04:53,351 [pool-123-thread-1] INFO  server.RaftServerConfigKeys (ConfUtils.java:logGet(44)) - raft.server.log.force.sync.num = 128 (default)
2022-02-09 14:04:53,351 [pool-123-thread-1] INFO  server.RaftServerConfigKeys (ConfUtils.java:logGet(44)) - raft.server.log.statemachine.data.sync = true (default)
2022-02-09 14:04:53,351 [pool-123-thread-1] INFO  server.RaftServerConfigKeys (ConfUtils.java:logGet(44)) - raft.server.log.statemachine.data.sync.timeout = 10s (default)
2022-02-09 14:04:53,351 [pool-123-thread-1] INFO  server.RaftServerConfigKeys (ConfUtils.java:logGet(44)) - raft.server.log.statemachine.data.sync.timeout.retry = -1 (default)
2022-02-09 14:04:53,352 [pool-123-thread-1] INFO  server.RaftServerConfigKeys (ConfUtils.java:logGet(44)) - raft.server.log.write.buffer.size = 1048576 (custom)
2022-02-09 14:04:53,355 [pool-123-thread-1] INFO  server.RaftServerConfigKeys (ConfUtils.java:logGet(44)) - raft.server.log.statemachine.data.caching.enabled = true (custom)
2022-02-09 14:04:53,355 [pool-123-thread-1] INFO  segmented.SegmentedRaftLogWorker (SegmentedRaftLogWorker.java:lambda$new$0(133)) - 92df55c5-64ae-4653-a720-46004b8dbf8f@group-D1587C1BBF41-SegmentedRaftLogWorker: flushIndex: setUnconditionally 0 -> -1
2022-02-09 14:04:53,355 [pool-123-thread-1] INFO  segmented.SegmentedRaftLogWorker (SegmentedRaftLogWorker.java:lambda$new$0(133)) - 92df55c5-64ae-4653-a720-46004b8dbf8f@group-D1587C1BBF41-SegmentedRaftLogWorker: safeCacheEvictIndex: setUnconditionally 0 -> -1
2022-02-09 14:04:53,359 [pool-123-thread-1] INFO  server.RaftServerConfigKeys (ConfUtils.java:logGet(44)) - raft.server.snapshot.auto.trigger.enabled = true (custom)
2022-02-09 14:04:53,359 [pool-123-thread-1] INFO  server.RaftServerConfigKeys (ConfUtils.java:logGet(44)) - raft.server.snapshot.auto.trigger.threshold = 10000 (custom)
2022-02-09 14:04:53,359 [pool-123-thread-1] INFO  server.RaftServerConfigKeys (ConfUtils.java:logGet(44)) - raft.server.snapshot.retention.file.num = 5 (custom)
2022-02-09 14:04:53,359 [pool-123-thread-1] INFO  server.RaftServerConfigKeys (ConfUtils.java:logGet(44)) - raft.server.log.purge.upto.snapshot.index = false (default)
2022-02-09 14:04:53,359 [pool-123-thread-1] INFO  server.RaftServerConfigKeys (ConfUtils.java:logGet(44)) - raft.server.retrycache.expirytime = 600000ms (custom)
2022-02-09 14:04:53,359 [pool-123-thread-1] INFO  server.RaftServerConfigKeys (ConfUtils.java:logGet(44)) - raft.server.retrycache.statistics.expirytime = 100μs (default)
2022-02-09 14:04:53,361 [pool-123-thread-1] INFO  server.RaftServer$Division (RaftServerImpl.java:start(301)) - 92df55c5-64ae-4653-a720-46004b8dbf8f@group-D1587C1BBF41: start as a follower, conf=-1: [6f5b8d78-77bb-45c7-81ed-2561031b889f|rpc:10.1.0.19:42731|priority:0, 92df55c5-64ae-4653-a720-46004b8dbf8f|rpc:10.1.0.19:45105|priority:1, 76394f58-7664-4cfd-8484-a797f937a558|rpc:10.1.0.19:34823|priority:0], old=null
2022-02-09 14:04:53,361 [pool-123-thread-1] INFO  server.RaftServer$Division (RaftServerImpl.java:setRole(290)) - 92df55c5-64ae-4653-a720-46004b8dbf8f@group-D1587C1BBF41: changes role from      null to FOLLOWER at term 0 for startAsFollower
2022-02-09 14:04:53,361 [pool-123-thread-1] INFO  impl.RoleInfo (RoleInfo.java:updateAndGet(130)) - 92df55c5-64ae-4653-a720-46004b8dbf8f: start 92df55c5-64ae-4653-a720-46004b8dbf8f@group-D1587C1BBF41-FollowerState
2022-02-09 14:04:53,369 [pool-123-thread-1] INFO  util.JmxRegister (JmxRegister.java:tryRegister(44)) - Successfully registered JMX Bean with object name Ratis:service=RaftServer,group=group-D1587C1BBF41,id=92df55c5-64ae-4653-a720-46004b8dbf8f
2022-02-09 14:04:53,372 [Command processor thread] INFO  ratis.XceiverServerRatis (XceiverServerRatis.java:addGroup(768)) - Created group PipelineID=22671845-bfbf-49a9-89a6-d1587c1bbf41
2022-02-09 14:04:53,440 [grpc-default-executor-2] INFO  server.RaftServer (RaftServerProxy.java:addNew(95)) - 6f5b8d78-77bb-45c7-81ed-2561031b889f: addNew group-D1587C1BBF41:[6f5b8d78-77bb-45c7-81ed-2561031b889f|rpc:10.1.0.19:42731|dataStream:|priority:0, 92df55c5-64ae-4653-a720-46004b8dbf8f|rpc:10.1.0.19:45105|dataStream:|priority:1, 76394f58-7664-4cfd-8484-a797f937a558|rpc:10.1.0.19:34823|dataStream:|priority:0] returns group-D1587C1BBF41:java.util.concurrent.CompletableFuture@641387d1[Not completed]
2022-02-09 14:04:53,441 [pool-144-thread-1] INFO  server.RaftServer$Division (RaftServerImpl.java:<init>(184)) - 6f5b8d78-77bb-45c7-81ed-2561031b889f: new RaftServerImpl for group-D1587C1BBF41:[6f5b8d78-77bb-45c7-81ed-2561031b889f|rpc:10.1.0.19:42731|dataStream:|priority:0, 92df55c5-64ae-4653-a720-46004b8dbf8f|rpc:10.1.0.19:45105|dataStream:|priority:1, 76394f58-7664-4cfd-8484-a797f937a558|rpc:10.1.0.19:34823|dataStream:|priority:0] with ContainerStateMachine:uninitialized
2022-02-09 14:04:53,441 [pool-144-thread-1] INFO  server.RaftServerConfigKeys (ConfUtils.java:logGet(44)) - raft.server.rpc.timeout.min = 5s (custom)
2022-02-09 14:04:53,441 [pool-144-thread-1] INFO  server.RaftServerConfigKeys (ConfUtils.java:logGet(44)) - raft.server.rpc.timeout.max = 5200ms (custom)
2022-02-09 14:04:53,441 [pool-144-thread-1] INFO  server.RaftServerConfigKeys (ConfUtils.java:logGet(44)) - raft.server.rpc.sleep.time = 25ms (default)
2022-02-09 14:04:53,441 [pool-144-thread-1] INFO  server.RaftServerConfigKeys (ConfUtils.java:logGet(44)) - raft.server.rpc.slowness.timeout = 300s (custom)
2022-02-09 14:04:53,441 [pool-144-thread-1] INFO  server.RaftServerConfigKeys (ConfUtils.java:logGet(44)) - raft.server.leaderelection.leader.step-down.wait-time = 10s (default)
2022-02-09 14:04:53,441 [pool-144-thread-1] INFO  server.RaftServerConfigKeys (ConfUtils.java:logGet(44)) - raft.server.sleep.deviation.threshold = 300ms (default)
2022-02-09 14:04:53,441 [pool-144-thread-1] INFO  server.RaftServerConfigKeys (ConfUtils.java:logGet(44)) - raft.server.log.appender.install.snapshot.enabled = false (custom)
2022-02-09 14:04:53,442 [pool-144-thread-1] INFO  server.RaftServer$Division (ServerState.java:<init>(105)) - 6f5b8d78-77bb-45c7-81ed-2561031b889f@group-D1587C1BBF41: ConfigurationManager, init=-1: [6f5b8d78-77bb-45c7-81ed-2561031b889f|rpc:10.1.0.19:42731|dataStream:|priority:0, 92df55c5-64ae-4653-a720-46004b8dbf8f|rpc:10.1.0.19:45105|dataStream:|priority:1, 76394f58-7664-4cfd-8484-a797f937a558|rpc:10.1.0.19:34823|dataStream:|priority:0], old=null, confs=<EMPTY_MAP>
2022-02-09 14:04:53,442 [pool-144-thread-1] INFO  server.RaftServerConfigKeys (ConfUtils.java:logGet(44)) - raft.server.storage.dir = [/home/runner/work/ozone/ozone/hadoop-ozone/integration-test/target/test-dir/MiniOzoneClusterImpl-9c41f9ea-08a3-4502-a72d-bbb1f5427d0a/datanode-2/data/ratis] (custom)
2022-02-09 14:04:53,442 [pool-144-thread-1] INFO  server.RaftServerConfigKeys (ConfUtils.java:logGet(44)) - raft.server.log.corruption.policy = EXCEPTION (default)
2022-02-09 14:04:53,442 [pool-144-thread-1] INFO  server.RaftServerConfigKeys (ConfUtils.java:logGet(44)) - raft.server.storage.free-space.min = 0MB (=0) (default)
2022-02-09 14:04:53,442 [pool-144-thread-1] INFO  storage.RaftStorageDirectory (RaftStorageDirectoryImpl.java:analyzeStorage(135)) - The storage directory /home/runner/work/ozone/ozone/hadoop-ozone/integration-test/target/test-dir/MiniOzoneClusterImpl-9c41f9ea-08a3-4502-a72d-bbb1f5427d0a/datanode-2/data/ratis/22671845-bfbf-49a9-89a6-d1587c1bbf41 does not exist. Creating ...
2022-02-09 14:04:53,444 [pool-144-thread-1] INFO  storage.RaftStorageDirectory (RaftStorageDirectoryImpl.java:tryLock(230)) - Lock on /home/runner/work/ozone/ozone/hadoop-ozone/integration-test/target/test-dir/MiniOzoneClusterImpl-9c41f9ea-08a3-4502-a72d-bbb1f5427d0a/datanode-2/data/ratis/22671845-bfbf-49a9-89a6-d1587c1bbf41/in_use.lock acquired by nodename 1691@fv-az270-916
2022-02-09 14:04:53,450 [pool-144-thread-1] INFO  storage.RaftStorage (RaftStorageImpl.java:format(89)) - Storage directory /home/runner/work/ozone/ozone/hadoop-ozone/integration-test/target/test-dir/MiniOzoneClusterImpl-9c41f9ea-08a3-4502-a72d-bbb1f5427d0a/datanode-2/data/ratis/22671845-bfbf-49a9-89a6-d1587c1bbf41 has been successfully formatted.
2022-02-09 14:04:53,453 [pool-144-thread-1] INFO  ratis.ContainerStateMachine (ContainerStateMachine.java:loadSnapshot(231)) - group-D1587C1BBF41: The snapshot info is null. Setting the last applied indexto:(t:0, i:~)
2022-02-09 14:04:53,453 [pool-144-thread-1] INFO  server.RaftServerConfigKeys (ConfUtils.java:logGet(44)) - raft.server.notification.no-leader.timeout = 300s (custom)
2022-02-09 14:04:53,453 [pool-144-thread-1] INFO  server.RaftServerConfigKeys (ConfUtils.java:logGet(44)) - raft.server.log.use.memory = false (default)
2022-02-09 14:04:53,453 [pool-144-thread-1] INFO  server.RaftServerConfigKeys (ConfUtils.java:logGet(44)) - raft.server.log.purge.gap = 1000000 (custom)
2022-02-09 14:04:53,453 [pool-144-thread-1] INFO  server.RaftServerConfigKeys (ConfUtils.java:logGet(44)) - raft.server.log.appender.buffer.byte-limit = 33554432 (custom)
2022-02-09 14:04:53,453 [pool-144-thread-1] INFO  server.RaftServerConfigKeys (ConfUtils.java:logGet(44)) - raft.server.log.segment.size.max = 1048576 (custom)
2022-02-09 14:04:53,455 [pool-144-thread-1] INFO  server.RaftServerConfigKeys (ConfUtils.java:logGet(44)) - raft.server.log.segment.cache.num.max = 2 (custom)
2022-02-09 14:04:53,455 [pool-144-thread-1] INFO  server.RaftServerConfigKeys (ConfUtils.java:logGet(44)) - raft.server.log.segment.cache.size.max = 200MB (=209715200) (default)
2022-02-09 14:04:53,455 [pool-144-thread-1] INFO  segmented.SegmentedRaftLogWorker (SegmentedRaftLogWorker.java:<init>(182)) - new 6f5b8d78-77bb-45c7-81ed-2561031b889f@group-D1587C1BBF41-SegmentedRaftLogWorker for RaftStorageImpl:Storage Directory /home/runner/work/ozone/ozone/hadoop-ozone/integration-test/target/test-dir/MiniOzoneClusterImpl-9c41f9ea-08a3-4502-a72d-bbb1f5427d0a/datanode-2/data/ratis/22671845-bfbf-49a9-89a6-d1587c1bbf41
2022-02-09 14:04:53,455 [pool-144-thread-1] INFO  server.RaftServerConfigKeys (ConfUtils.java:logGet(44)) - raft.server.log.queue.byte-limit = 2147483647 (custom)
2022-02-09 14:04:53,455 [pool-144-thread-1] INFO  server.RaftServerConfigKeys (ConfUtils.java:logGet(44)) - raft.server.log.queue.element-limit = 1024 (custom)
2022-02-09 14:04:53,455 [pool-144-thread-1] INFO  server.RaftServerConfigKeys (ConfUtils.java:logGet(44)) - raft.server.log.segment.size.max = 1048576 (custom)
2022-02-09 14:04:53,455 [pool-144-thread-1] INFO  server.RaftServerConfigKeys (ConfUtils.java:logGet(44)) - raft.server.log.preallocated.size = 16384 (custom)
2022-02-09 14:04:53,455 [pool-144-thread-1] INFO  server.RaftServerConfigKeys (ConfUtils.java:logGet(44)) - raft.server.log.force.sync.num = 128 (default)
2022-02-09 14:04:53,455 [pool-144-thread-1] INFO  server.RaftServerConfigKeys (ConfUtils.java:logGet(44)) - raft.server.log.statemachine.data.sync = true (default)
2022-02-09 14:04:53,456 [pool-144-thread-1] INFO  server.RaftServerConfigKeys (ConfUtils.java:logGet(44)) - raft.server.log.statemachine.data.sync.timeout = 10s (default)
2022-02-09 14:04:53,457 [pool-144-thread-1] INFO  server.RaftServerConfigKeys (ConfUtils.java:logGet(44)) - raft.server.log.statemachine.data.sync.timeout.retry = -1 (default)
2022-02-09 14:04:53,458 [pool-144-thread-1] INFO  server.RaftServerConfigKeys (ConfUtils.java:logGet(44)) - raft.server.log.write.buffer.size = 1048576 (custom)
2022-02-09 14:04:53,459 [pool-144-thread-1] INFO  server.RaftServerConfigKeys (ConfUtils.java:logGet(44)) - raft.server.log.statemachine.data.caching.enabled = true (custom)
2022-02-09 14:04:53,459 [pool-144-thread-1] INFO  segmented.SegmentedRaftLogWorker (SegmentedRaftLogWorker.java:lambda$new$0(133)) - 6f5b8d78-77bb-45c7-81ed-2561031b889f@group-D1587C1BBF41-SegmentedRaftLogWorker: flushIndex: setUnconditionally 0 -> -1
2022-02-09 14:04:53,459 [pool-144-thread-1] INFO  segmented.SegmentedRaftLogWorker (SegmentedRaftLogWorker.java:lambda$new$0(133)) - 6f5b8d78-77bb-45c7-81ed-2561031b889f@group-D1587C1BBF41-SegmentedRaftLogWorker: safeCacheEvictIndex: setUnconditionally 0 -> -1
2022-02-09 14:04:53,467 [pool-144-thread-1] INFO  server.RaftServerConfigKeys (ConfUtils.java:logGet(44)) - raft.server.snapshot.auto.trigger.enabled = true (custom)
2022-02-09 14:04:53,467 [pool-144-thread-1] INFO  server.RaftServerConfigKeys (ConfUtils.java:logGet(44)) - raft.server.snapshot.auto.trigger.threshold = 10000 (custom)
2022-02-09 14:04:53,467 [pool-144-thread-1] INFO  server.RaftServerConfigKeys (ConfUtils.java:logGet(44)) - raft.server.snapshot.retention.file.num = 5 (custom)
2022-02-09 14:04:53,467 [pool-144-thread-1] INFO  server.RaftServerConfigKeys (ConfUtils.java:logGet(44)) - raft.server.log.purge.upto.snapshot.index = false (default)
2022-02-09 14:04:53,467 [pool-144-thread-1] INFO  server.RaftServerConfigKeys (ConfUtils.java:logGet(44)) - raft.server.retrycache.expirytime = 600000ms (custom)
2022-02-09 14:04:53,467 [pool-144-thread-1] INFO  server.RaftServerConfigKeys (ConfUtils.java:logGet(44)) - raft.server.retrycache.statistics.expirytime = 100μs (default)
2022-02-09 14:04:53,471 [pool-144-thread-1] INFO  server.RaftServer$Division (RaftServerImpl.java:start(301)) - 6f5b8d78-77bb-45c7-81ed-2561031b889f@group-D1587C1BBF41: start as a follower, conf=-1: [6f5b8d78-77bb-45c7-81ed-2561031b889f|rpc:10.1.0.19:42731|dataStream:|priority:0, 92df55c5-64ae-4653-a720-46004b8dbf8f|rpc:10.1.0.19:45105|dataStream:|priority:1, 76394f58-7664-4cfd-8484-a797f937a558|rpc:10.1.0.19:34823|dataStream:|priority:0], old=null
2022-02-09 14:04:53,474 [pool-144-thread-1] INFO  server.RaftServer$Division (RaftServerImpl.java:setRole(290)) - 6f5b8d78-77bb-45c7-81ed-2561031b889f@group-D1587C1BBF41: changes role from      null to FOLLOWER at term 0 for startAsFollower
2022-02-09 14:04:53,474 [pool-144-thread-1] INFO  impl.RoleInfo (RoleInfo.java:updateAndGet(130)) - 6f5b8d78-77bb-45c7-81ed-2561031b889f: start 6f5b8d78-77bb-45c7-81ed-2561031b889f@group-D1587C1BBF41-FollowerState
2022-02-09 14:04:53,472 [Command processor thread] INFO  commandhandler.CreatePipelineCommandHandler (CreatePipelineCommandHandler.java:handle(106)) - Created Pipeline RATIS THREE PipelineID=22671845-bfbf-49a9-89a6-d1587c1bbf41.
2022-02-09 14:04:53,475 [pool-144-thread-1] INFO  util.JmxRegister (JmxRegister.java:tryRegister(44)) - Successfully registered JMX Bean with object name Ratis:service=RaftServer,group=group-D1587C1BBF41,id=6f5b8d78-77bb-45c7-81ed-2561031b889f
2022-02-09 14:04:53,483 [Command processor thread] INFO  commandhandler.CreatePipelineCommandHandler (CreatePipelineCommandHandler.java:handle(106)) - Created Pipeline RATIS THREE PipelineID=22671845-bfbf-49a9-89a6-d1587c1bbf41.
2022-02-09 14:04:53,505 [Listener at 127.0.0.1/35103] INFO  ozone.MiniOzoneClusterImpl (MiniOzoneClusterImpl.java:lambda$waitForClusterToBeReady$0(219)) - Nodes are ready. Got 3 of 3 DN Heartbeats.
2022-02-09 14:04:53,505 [Listener at 127.0.0.1/35103] INFO  ozone.MiniOzoneClusterImpl (MiniOzoneClusterImpl.java:lambda$waitForClusterToBeReady$0(222)) - Waiting for cluster to exit safe mode
2022-02-09 14:04:53,505 [Listener at 127.0.0.1/35103] INFO  ozone.MiniOzoneClusterImpl (MiniOzoneClusterImpl.java:lambda$waitForClusterToBeReady$0(224)) - SCM became leader
2022-02-09 14:04:53,508 [Command processor thread] INFO  server.RaftServer (RaftServerProxy.java:addNew(95)) - 6f5b8d78-77bb-45c7-81ed-2561031b889f: addNew group-1CB619BA4F9A:[6f5b8d78-77bb-45c7-81ed-2561031b889f|rpc:10.1.0.19:42731|priority:1] returns group-1CB619BA4F9A:java.util.concurrent.CompletableFuture@6bdb721a[Not completed]
2022-02-09 14:04:53,510 [pool-144-thread-1] INFO  server.RaftServer$Division (RaftServerImpl.java:<init>(184)) - 6f5b8d78-77bb-45c7-81ed-2561031b889f: new RaftServerImpl for group-1CB619BA4F9A:[6f5b8d78-77bb-45c7-81ed-2561031b889f|rpc:10.1.0.19:42731|priority:1] with ContainerStateMachine:uninitialized
2022-02-09 14:04:53,510 [pool-144-thread-1] INFO  server.RaftServerConfigKeys (ConfUtils.java:logGet(44)) - raft.server.rpc.timeout.min = 5s (custom)
2022-02-09 14:04:53,510 [pool-144-thread-1] INFO  server.RaftServerConfigKeys (ConfUtils.java:logGet(44)) - raft.server.rpc.timeout.max = 5200ms (custom)
2022-02-09 14:04:53,510 [pool-144-thread-1] INFO  server.RaftServerConfigKeys (ConfUtils.java:logGet(44)) - raft.server.rpc.sleep.time = 25ms (default)
2022-02-09 14:04:53,510 [pool-144-thread-1] INFO  server.RaftServerConfigKeys (ConfUtils.java:logGet(44)) - raft.server.rpc.slowness.timeout = 300s (custom)
2022-02-09 14:04:53,510 [pool-144-thread-1] INFO  server.RaftServerConfigKeys (ConfUtils.java:logGet(44)) - raft.server.leaderelection.leader.step-down.wait-time = 10s (default)
2022-02-09 14:04:53,510 [pool-144-thread-1] INFO  server.RaftServerConfigKeys (ConfUtils.java:logGet(44)) - raft.server.sleep.deviation.threshold = 300ms (default)
2022-02-09 14:04:53,510 [pool-144-thread-1] INFO  server.RaftServerConfigKeys (ConfUtils.java:logGet(44)) - raft.server.log.appender.install.snapshot.enabled = false (custom)
2022-02-09 14:04:53,510 [pool-144-thread-1] INFO  server.RaftServer$Division (ServerState.java:<init>(105)) - 6f5b8d78-77bb-45c7-81ed-2561031b889f@group-1CB619BA4F9A: ConfigurationManager, init=-1: [6f5b8d78-77bb-45c7-81ed-2561031b889f|rpc:10.1.0.19:42731|priority:1], old=null, confs=<EMPTY_MAP>
2022-02-09 14:04:53,510 [pool-144-thread-1] INFO  server.RaftServerConfigKeys (ConfUtils.java:logGet(44)) - raft.server.storage.dir = [/home/runner/work/ozone/ozone/hadoop-ozone/integration-test/target/test-dir/MiniOzoneClusterImpl-9c41f9ea-08a3-4502-a72d-bbb1f5427d0a/datanode-2/data/ratis] (custom)
2022-02-09 14:04:53,511 [pool-144-thread-1] INFO  server.RaftServerConfigKeys (ConfUtils.java:logGet(44)) - raft.server.log.corruption.policy = EXCEPTION (default)
2022-02-09 14:04:53,511 [pool-144-thread-1] INFO  server.RaftServerConfigKeys (ConfUtils.java:logGet(44)) - raft.server.storage.free-space.min = 0MB (=0) (default)
2022-02-09 14:04:53,511 [pool-144-thread-1] INFO  storage.RaftStorageDirectory (RaftStorageDirectoryImpl.java:analyzeStorage(135)) - The storage directory /home/runner/work/ozone/ozone/hadoop-ozone/integration-test/target/test-dir/MiniOzoneClusterImpl-9c41f9ea-08a3-4502-a72d-bbb1f5427d0a/datanode-2/data/ratis/b38fc2b2-be9e-4bb2-be8f-1cb619ba4f9a does not exist. Creating ...
2022-02-09 14:04:53,513 [pool-144-thread-1] INFO  storage.RaftStorageDirectory (RaftStorageDirectoryImpl.java:tryLock(230)) - Lock on /home/runner/work/ozone/ozone/hadoop-ozone/integration-test/target/test-dir/MiniOzoneClusterImpl-9c41f9ea-08a3-4502-a72d-bbb1f5427d0a/datanode-2/data/ratis/b38fc2b2-be9e-4bb2-be8f-1cb619ba4f9a/in_use.lock acquired by nodename 1691@fv-az270-916
2022-02-09 14:04:53,514 [pool-144-thread-1] INFO  storage.RaftStorage (RaftStorageImpl.java:format(89)) - Storage directory /home/runner/work/ozone/ozone/hadoop-ozone/integration-test/target/test-dir/MiniOzoneClusterImpl-9c41f9ea-08a3-4502-a72d-bbb1f5427d0a/datanode-2/data/ratis/b38fc2b2-be9e-4bb2-be8f-1cb619ba4f9a has been successfully formatted.
2022-02-09 14:04:53,514 [pool-144-thread-1] INFO  ratis.ContainerStateMachine (ContainerStateMachine.java:loadSnapshot(231)) - group-1CB619BA4F9A: The snapshot info is null. Setting the last applied indexto:(t:0, i:~)
2022-02-09 14:04:53,515 [pool-144-thread-1] INFO  server.RaftServerConfigKeys (ConfUtils.java:logGet(44)) - raft.server.notification.no-leader.timeout = 300s (custom)
2022-02-09 14:04:53,515 [pool-144-thread-1] INFO  server.RaftServerConfigKeys (ConfUtils.java:logGet(44)) - raft.server.log.use.memory = false (default)
2022-02-09 14:04:53,515 [pool-144-thread-1] INFO  server.RaftServerConfigKeys (ConfUtils.java:logGet(44)) - raft.server.log.purge.gap = 1000000 (custom)
2022-02-09 14:04:53,515 [pool-144-thread-1] INFO  server.RaftServerConfigKeys (ConfUtils.java:logGet(44)) - raft.server.log.appender.buffer.byte-limit = 33554432 (custom)
2022-02-09 14:04:53,515 [pool-144-thread-1] INFO  server.RaftServerConfigKeys (ConfUtils.java:logGet(44)) - raft.server.log.segment.size.max = 1048576 (custom)
2022-02-09 14:04:53,517 [pool-144-thread-1] INFO  server.RaftServerConfigKeys (ConfUtils.java:logGet(44)) - raft.server.log.segment.cache.num.max = 2 (custom)
2022-02-09 14:04:53,517 [pool-144-thread-1] INFO  server.RaftServerConfigKeys (ConfUtils.java:logGet(44)) - raft.server.log.segment.cache.size.max = 200MB (=209715200) (default)
2022-02-09 14:04:53,517 [pool-144-thread-1] INFO  segmented.SegmentedRaftLogWorker (SegmentedRaftLogWorker.java:<init>(182)) - new 6f5b8d78-77bb-45c7-81ed-2561031b889f@group-1CB619BA4F9A-SegmentedRaftLogWorker for RaftStorageImpl:Storage Directory /home/runner/work/ozone/ozone/hadoop-ozone/integration-test/target/test-dir/MiniOzoneClusterImpl-9c41f9ea-08a3-4502-a72d-bbb1f5427d0a/datanode-2/data/ratis/b38fc2b2-be9e-4bb2-be8f-1cb619ba4f9a
2022-02-09 14:04:53,518 [pool-144-thread-1] INFO  server.RaftServerConfigKeys (ConfUtils.java:logGet(44)) - raft.server.log.queue.byte-limit = 2147483647 (custom)
2022-02-09 14:04:53,518 [pool-144-thread-1] INFO  server.RaftServerConfigKeys (ConfUtils.java:logGet(44)) - raft.server.log.queue.element-limit = 1024 (custom)
2022-02-09 14:04:53,518 [pool-144-thread-1] INFO  server.RaftServerConfigKeys (ConfUtils.java:logGet(44)) - raft.server.log.segment.size.max = 1048576 (custom)
2022-02-09 14:04:53,518 [pool-144-thread-1] INFO  server.RaftServerConfigKeys (ConfUtils.java:logGet(44)) - raft.server.log.preallocated.size = 16384 (custom)
2022-02-09 14:04:53,518 [pool-144-thread-1] INFO  server.RaftServerConfigKeys (ConfUtils.java:logGet(44)) - raft.server.log.force.sync.num = 128 (default)
2022-02-09 14:04:53,518 [pool-144-thread-1] INFO  server.RaftServerConfigKeys (ConfUtils.java:logGet(44)) - raft.server.log.statemachine.data.sync = true (default)
2022-02-09 14:04:53,518 [pool-144-thread-1] INFO  server.RaftServerConfigKeys (ConfUtils.java:logGet(44)) - raft.server.log.statemachine.data.sync.timeout = 10s (default)
2022-02-09 14:04:53,518 [pool-144-thread-1] INFO  server.RaftServerConfigKeys (ConfUtils.java:logGet(44)) - raft.server.log.statemachine.data.sync.timeout.retry = -1 (default)
2022-02-09 14:04:53,519 [pool-144-thread-1] INFO  server.RaftServerConfigKeys (ConfUtils.java:logGet(44)) - raft.server.log.write.buffer.size = 1048576 (custom)
2022-02-09 14:04:53,521 [EventQueue-PipelineReportForPipelineReportHandler] INFO  pipeline.PipelineManagerImpl (PipelineManagerImpl.java:openPipeline(291)) - Pipeline Pipeline[ Id: b38fc2b2-be9e-4bb2-be8f-1cb619ba4f9a, Nodes: 6f5b8d78-77bb-45c7-81ed-2561031b889f{ip: 10.1.0.19, host: fv-az270-916.tacnzluakwdehk1hpragurqkma.bx.internal.cloudapp.net, ports: [REPLICATION=43589, RATIS=42731, RATIS_ADMIN=42731, RATIS_SERVER=42731, STANDALONE=37819], networkLocation: /default-rack, certSerialId: null, persistedOpState: IN_SERVICE, persistedOpStateExpiryEpochSec: 0}, ReplicationConfig: RATIS/ONE, State:ALLOCATED, leaderId:6f5b8d78-77bb-45c7-81ed-2561031b889f, CreationTimestamp2022-02-09T14:04:50.512Z[Etc/UTC]] moved to OPEN state
2022-02-09 14:04:53,524 [698ab2d5-378d-457a-8e5f-fab21942cead@group-BBB1F5427D0A-StateMachineUpdater] INFO  safemode.HealthyPipelineSafeModeRule (HealthyPipelineSafeModeRule.java:initializeRule(152)) - Refreshed total pipeline count is 0, healthy pipeline threshold count is 1
2022-02-09 14:04:53,524 [EventQueue-OpenPipelineForHealthyPipelineSafeModeRule] INFO  safemode.SCMSafeModeManager (HealthyPipelineSafeModeRule.java:process(124)) - SCM in safe mode. Healthy pipelines reported count is 0, required healthy pipeline reported count is 1
2022-02-09 14:04:53,525 [pool-144-thread-1] INFO  server.RaftServerConfigKeys (ConfUtils.java:logGet(44)) - raft.server.log.statemachine.data.caching.enabled = true (custom)
2022-02-09 14:04:53,526 [pool-144-thread-1] INFO  segmented.SegmentedRaftLogWorker (SegmentedRaftLogWorker.java:lambda$new$0(133)) - 6f5b8d78-77bb-45c7-81ed-2561031b889f@group-1CB619BA4F9A-SegmentedRaftLogWorker: flushIndex: setUnconditionally 0 -> -1
2022-02-09 14:04:53,526 [pool-144-thread-1] INFO  segmented.SegmentedRaftLogWorker (SegmentedRaftLogWorker.java:lambda$new$0(133)) - 6f5b8d78-77bb-45c7-81ed-2561031b889f@group-1CB619BA4F9A-SegmentedRaftLogWorker: safeCacheEvictIndex: setUnconditionally 0 -> -1
2022-02-09 14:04:53,532 [pool-144-thread-1] INFO  server.RaftServerConfigKeys (ConfUtils.java:logGet(44)) - raft.server.snapshot.auto.trigger.enabled = true (custom)
2022-02-09 14:04:53,532 [pool-144-thread-1] INFO  server.RaftServerConfigKeys (ConfUtils.java:logGet(44)) - raft.server.snapshot.auto.trigger.threshold = 10000 (custom)
2022-02-09 14:04:53,532 [pool-144-thread-1] INFO  server.RaftServerConfigKeys (ConfUtils.java:logGet(44)) - raft.server.snapshot.retention.file.num = 5 (custom)
2022-02-09 14:04:53,532 [pool-144-thread-1] INFO  server.RaftServerConfigKeys (ConfUtils.java:logGet(44)) - raft.server.log.purge.upto.snapshot.index = false (default)
2022-02-09 14:04:53,532 [pool-144-thread-1] INFO  server.RaftServerConfigKeys (ConfUtils.java:logGet(44)) - raft.server.retrycache.expirytime = 600000ms (custom)
2022-02-09 14:04:53,532 [pool-144-thread-1] INFO  server.RaftServerConfigKeys (ConfUtils.java:logGet(44)) - raft.server.retrycache.statistics.expirytime = 100μs (default)
2022-02-09 14:04:53,534 [pool-144-thread-1] INFO  server.RaftServer$Division (RaftServerImpl.java:start(301)) - 6f5b8d78-77bb-45c7-81ed-2561031b889f@group-1CB619BA4F9A: start as a follower, conf=-1: [6f5b8d78-77bb-45c7-81ed-2561031b889f|rpc:10.1.0.19:42731|priority:1], old=null
2022-02-09 14:04:53,534 [pool-144-thread-1] INFO  server.RaftServer$Division (RaftServerImpl.java:setRole(290)) - 6f5b8d78-77bb-45c7-81ed-2561031b889f@group-1CB619BA4F9A: changes role from      null to FOLLOWER at term 0 for startAsFollower
2022-02-09 14:04:53,534 [pool-144-thread-1] INFO  impl.RoleInfo (RoleInfo.java:updateAndGet(130)) - 6f5b8d78-77bb-45c7-81ed-2561031b889f: start 6f5b8d78-77bb-45c7-81ed-2561031b889f@group-1CB619BA4F9A-FollowerState
2022-02-09 14:04:53,534 [pool-144-thread-1] INFO  util.JmxRegister (JmxRegister.java:tryRegister(44)) - Successfully registered JMX Bean with object name Ratis:service=RaftServer,group=group-1CB619BA4F9A,id=6f5b8d78-77bb-45c7-81ed-2561031b889f
2022-02-09 14:04:53,537 [Command processor thread] INFO  ratis.XceiverServerRatis (XceiverServerRatis.java:addGroup(768)) - Created group PipelineID=b38fc2b2-be9e-4bb2-be8f-1cb619ba4f9a
2022-02-09 14:04:53,537 [Command processor thread] INFO  commandhandler.CreatePipelineCommandHandler (CreatePipelineCommandHandler.java:handle(106)) - Created Pipeline RATIS ONE PipelineID=b38fc2b2-be9e-4bb2-be8f-1cb619ba4f9a.
2022-02-09 14:04:54,506 [Listener at 127.0.0.1/35103] INFO  ozone.MiniOzoneClusterImpl (MiniOzoneClusterImpl.java:lambda$waitForClusterToBeReady$0(219)) - Nodes are ready. Got 3 of 3 DN Heartbeats.
2022-02-09 14:04:54,506 [Listener at 127.0.0.1/35103] INFO  ozone.MiniOzoneClusterImpl (MiniOzoneClusterImpl.java:lambda$waitForClusterToBeReady$0(222)) - Waiting for cluster to exit safe mode
2022-02-09 14:04:54,506 [Listener at 127.0.0.1/35103] INFO  ozone.MiniOzoneClusterImpl (MiniOzoneClusterImpl.java:lambda$waitForClusterToBeReady$0(224)) - SCM became leader
2022-02-09 14:04:55,507 [Listener at 127.0.0.1/35103] INFO  ozone.MiniOzoneClusterImpl (MiniOzoneClusterImpl.java:lambda$waitForClusterToBeReady$0(219)) - Nodes are ready. Got 3 of 3 DN Heartbeats.
2022-02-09 14:04:55,507 [Listener at 127.0.0.1/35103] INFO  ozone.MiniOzoneClusterImpl (MiniOzoneClusterImpl.java:lambda$waitForClusterToBeReady$0(222)) - Waiting for cluster to exit safe mode
2022-02-09 14:04:55,507 [Listener at 127.0.0.1/35103] INFO  ozone.MiniOzoneClusterImpl (MiniOzoneClusterImpl.java:lambda$waitForClusterToBeReady$0(224)) - SCM became leader
2022-02-09 14:04:56,508 [Listener at 127.0.0.1/35103] INFO  ozone.MiniOzoneClusterImpl (MiniOzoneClusterImpl.java:lambda$waitForClusterToBeReady$0(219)) - Nodes are ready. Got 3 of 3 DN Heartbeats.
2022-02-09 14:04:56,508 [Listener at 127.0.0.1/35103] INFO  ozone.MiniOzoneClusterImpl (MiniOzoneClusterImpl.java:lambda$waitForClusterToBeReady$0(222)) - Waiting for cluster to exit safe mode
2022-02-09 14:04:56,508 [Listener at 127.0.0.1/35103] INFO  ozone.MiniOzoneClusterImpl (MiniOzoneClusterImpl.java:lambda$waitForClusterToBeReady$0(224)) - SCM became leader
2022-02-09 14:04:57,509 [Listener at 127.0.0.1/35103] INFO  ozone.MiniOzoneClusterImpl (MiniOzoneClusterImpl.java:lambda$waitForClusterToBeReady$0(219)) - Nodes are ready. Got 3 of 3 DN Heartbeats.
2022-02-09 14:04:57,509 [Listener at 127.0.0.1/35103] INFO  ozone.MiniOzoneClusterImpl (MiniOzoneClusterImpl.java:lambda$waitForClusterToBeReady$0(222)) - Waiting for cluster to exit safe mode
2022-02-09 14:04:57,509 [Listener at 127.0.0.1/35103] INFO  ozone.MiniOzoneClusterImpl (MiniOzoneClusterImpl.java:lambda$waitForClusterToBeReady$0(224)) - SCM became leader
2022-02-09 14:04:58,164 [76394f58-7664-4cfd-8484-a797f937a558@group-0833934CA328-FollowerState] INFO  impl.FollowerState (FollowerState.java:run(134)) - 76394f58-7664-4cfd-8484-a797f937a558@group-0833934CA328-FollowerState: change to CANDIDATE, lastRpcElapsedTime:5126847310ns, electionTimeout:5122ms
2022-02-09 14:04:58,165 [76394f58-7664-4cfd-8484-a797f937a558@group-0833934CA328-FollowerState] INFO  impl.RoleInfo (RoleInfo.java:shutdownFollowerState(108)) - 76394f58-7664-4cfd-8484-a797f937a558: shutdown 76394f58-7664-4cfd-8484-a797f937a558@group-0833934CA328-FollowerState
2022-02-09 14:04:58,165 [76394f58-7664-4cfd-8484-a797f937a558@group-0833934CA328-FollowerState] INFO  server.RaftServer$Division (RaftServerImpl.java:setRole(290)) - 76394f58-7664-4cfd-8484-a797f937a558@group-0833934CA328: changes role from  FOLLOWER to CANDIDATE at term 0 for changeToCandidate
2022-02-09 14:04:58,165 [76394f58-7664-4cfd-8484-a797f937a558@group-0833934CA328-FollowerState] INFO  server.RaftServerConfigKeys (ConfUtils.java:logGet(44)) - raft.server.leaderelection.pre-vote = false (custom)
2022-02-09 14:04:58,165 [76394f58-7664-4cfd-8484-a797f937a558@group-0833934CA328-FollowerState] INFO  impl.RoleInfo (RoleInfo.java:updateAndGet(130)) - 76394f58-7664-4cfd-8484-a797f937a558: start 76394f58-7664-4cfd-8484-a797f937a558@group-0833934CA328-LeaderElection7
2022-02-09 14:04:58,169 [76394f58-7664-4cfd-8484-a797f937a558@group-0833934CA328-LeaderElection7] INFO  impl.LeaderElection (LeaderElection.java:askForVotes(306)) - 76394f58-7664-4cfd-8484-a797f937a558@group-0833934CA328-LeaderElection7 ELECTION round 0: submit vote requests at term 1 for -1: [76394f58-7664-4cfd-8484-a797f937a558|rpc:10.1.0.19:34823|priority:1], old=null
2022-02-09 14:04:58,169 [76394f58-7664-4cfd-8484-a797f937a558@group-0833934CA328-LeaderElection7] INFO  impl.LeaderElection (LeaderElection.java:askForVotes(308)) - 76394f58-7664-4cfd-8484-a797f937a558@group-0833934CA328-LeaderElection7 ELECTION round 0: result PASSED (term=1)
2022-02-09 14:04:58,169 [76394f58-7664-4cfd-8484-a797f937a558@group-0833934CA328-LeaderElection7] INFO  impl.RoleInfo (RoleInfo.java:shutdownLeaderElection(121)) - 76394f58-7664-4cfd-8484-a797f937a558: shutdown 76394f58-7664-4cfd-8484-a797f937a558@group-0833934CA328-LeaderElection7
2022-02-09 14:04:58,169 [76394f58-7664-4cfd-8484-a797f937a558@group-0833934CA328-LeaderElection7] INFO  server.RaftServer$Division (RaftServerImpl.java:setRole(290)) - 76394f58-7664-4cfd-8484-a797f937a558@group-0833934CA328: changes role from CANDIDATE to LEADER at term 1 for changeToLeader
2022-02-09 14:04:58,169 [76394f58-7664-4cfd-8484-a797f937a558@group-0833934CA328-LeaderElection7] INFO  ratis.XceiverServerRatis (XceiverServerRatis.java:handleLeaderChangedNotification(866)) - Leader change notification received for group: group-0833934CA328 with new leaderId: 76394f58-7664-4cfd-8484-a797f937a558
2022-02-09 14:04:58,170 [76394f58-7664-4cfd-8484-a797f937a558@group-0833934CA328-LeaderElection7] INFO  server.RaftServer$Division (ServerState.java:setLeader(285)) - 76394f58-7664-4cfd-8484-a797f937a558@group-0833934CA328: change Leader from null to 76394f58-7664-4cfd-8484-a797f937a558 at term 1 for becomeLeader, leader elected after 5139ms
2022-02-09 14:04:58,170 [76394f58-7664-4cfd-8484-a797f937a558@group-0833934CA328-LeaderElection7] INFO  server.RaftServerConfigKeys (ConfUtils.java:logGet(44)) - raft.server.staging.catchup.gap = 1000 (default)
2022-02-09 14:04:58,171 [76394f58-7664-4cfd-8484-a797f937a558@group-0833934CA328-LeaderElection7] INFO  server.RaftServerConfigKeys (ConfUtils.java:logGet(44)) - raft.server.write.element-limit = 1024 (custom)
2022-02-09 14:04:58,171 [76394f58-7664-4cfd-8484-a797f937a558@group-0833934CA328-LeaderElection7] INFO  server.RaftServerConfigKeys (ConfUtils.java:logGet(44)) - raft.server.write.byte-limit = 1024 M (=1073741824) (custom)
2022-02-09 14:04:58,171 [76394f58-7664-4cfd-8484-a797f937a558@group-0833934CA328-LeaderElection7] INFO  server.RaftServerConfigKeys (ConfUtils.java:logGet(44)) - raft.server.watch.timeout = 180s (custom)
2022-02-09 14:04:58,171 [76394f58-7664-4cfd-8484-a797f937a558@group-0833934CA328-LeaderElection7] INFO  server.RaftServerConfigKeys (ConfUtils.java:logGet(44)) - raft.server.watch.timeout.denomination = 1s (default)
2022-02-09 14:04:58,171 [76394f58-7664-4cfd-8484-a797f937a558@group-0833934CA328-LeaderElection7] INFO  server.RaftServerConfigKeys (ConfUtils.java:logGet(44)) - raft.server.watch.element-limit = 65536 (default)
2022-02-09 14:04:58,172 [76394f58-7664-4cfd-8484-a797f937a558@group-0833934CA328-LeaderElection7] INFO  server.RaftServerConfigKeys (ConfUtils.java:logGet(44)) - raft.server.write.element-limit = 1024 (custom)
2022-02-09 14:04:58,172 [76394f58-7664-4cfd-8484-a797f937a558@group-0833934CA328-LeaderElection7] INFO  server.RaftServerConfigKeys (ConfUtils.java:logGet(44)) - raft.server.write.follower.gap.ratio.max = -1.0 (default)
2022-02-09 14:04:58,172 [76394f58-7664-4cfd-8484-a797f937a558@group-0833934CA328-LeaderElection7] INFO  impl.RoleInfo (RoleInfo.java:updateAndGet(130)) - 76394f58-7664-4cfd-8484-a797f937a558: start 76394f58-7664-4cfd-8484-a797f937a558@group-0833934CA328-LeaderStateImpl
2022-02-09 14:04:58,172 [EventQueue-OpenPipelineForHealthyPipelineSafeModeRule] INFO  safemode.SCMSafeModeManager (HealthyPipelineSafeModeRule.java:process(124)) - SCM in safe mode. Healthy pipelines reported count is 0, required healthy pipeline reported count is 1
2022-02-09 14:04:58,172 [76394f58-7664-4cfd-8484-a797f937a558@group-0833934CA328-LeaderElection7] INFO  segmented.SegmentedRaftLogWorker (SegmentedRaftLogWorker.java:startLogSegment(394)) - 76394f58-7664-4cfd-8484-a797f937a558@group-0833934CA328-SegmentedRaftLogWorker: Starting segment from index:0
2022-02-09 14:04:58,174 [76394f58-7664-4cfd-8484-a797f937a558@group-0833934CA328-SegmentedRaftLogWorker] INFO  segmented.SegmentedRaftLogWorker (SegmentedRaftLogWorker.java:execute(601)) - 76394f58-7664-4cfd-8484-a797f937a558@group-0833934CA328-SegmentedRaftLogWorker: created new log segment /home/runner/work/ozone/ozone/hadoop-ozone/integration-test/target/test-dir/MiniOzoneClusterImpl-9c41f9ea-08a3-4502-a72d-bbb1f5427d0a/datanode-0/data/ratis/843b06f0-777a-4b2b-852b-0833934ca328/current/log_inprogress_0
2022-02-09 14:04:58,176 [76394f58-7664-4cfd-8484-a797f937a558@group-28C62501F2C9-FollowerState] INFO  impl.FollowerState (FollowerState.java:run(134)) - 76394f58-7664-4cfd-8484-a797f937a558@group-28C62501F2C9-FollowerState: change to CANDIDATE, lastRpcElapsedTime:5095448023ns, electionTimeout:5094ms
2022-02-09 14:04:58,176 [76394f58-7664-4cfd-8484-a797f937a558@group-28C62501F2C9-FollowerState] INFO  impl.RoleInfo (RoleInfo.java:shutdownFollowerState(108)) - 76394f58-7664-4cfd-8484-a797f937a558: shutdown 76394f58-7664-4cfd-8484-a797f937a558@group-28C62501F2C9-FollowerState
2022-02-09 14:04:58,176 [76394f58-7664-4cfd-8484-a797f937a558@group-28C62501F2C9-FollowerState] INFO  server.RaftServer$Division (RaftServerImpl.java:setRole(290)) - 76394f58-7664-4cfd-8484-a797f937a558@group-28C62501F2C9: changes role from  FOLLOWER to CANDIDATE at term 0 for changeToCandidate
2022-02-09 14:04:58,179 [76394f58-7664-4cfd-8484-a797f937a558@group-28C62501F2C9-FollowerState] INFO  server.RaftServerConfigKeys (ConfUtils.java:logGet(44)) - raft.server.leaderelection.pre-vote = false (custom)
2022-02-09 14:04:58,179 [76394f58-7664-4cfd-8484-a797f937a558@group-28C62501F2C9-FollowerState] INFO  impl.RoleInfo (RoleInfo.java:updateAndGet(130)) - 76394f58-7664-4cfd-8484-a797f937a558: start 76394f58-7664-4cfd-8484-a797f937a558@group-28C62501F2C9-LeaderElection8
2022-02-09 14:04:58,184 [76394f58-7664-4cfd-8484-a797f937a558@group-0833934CA328-LeaderElection7] INFO  server.RaftServer$Division (ServerState.java:setRaftConf(387)) - 76394f58-7664-4cfd-8484-a797f937a558@group-0833934CA328: set configuration 0: [76394f58-7664-4cfd-8484-a797f937a558|rpc:10.1.0.19:34823|dataStream:|priority:1], old=null
2022-02-09 14:04:58,192 [76394f58-7664-4cfd-8484-a797f937a558@group-28C62501F2C9-LeaderElection8] INFO  impl.LeaderElection (LeaderElection.java:askForVotes(306)) - 76394f58-7664-4cfd-8484-a797f937a558@group-28C62501F2C9-LeaderElection8 ELECTION round 0: submit vote requests at term 1 for -1: [6f5b8d78-77bb-45c7-81ed-2561031b889f|rpc:10.1.0.19:42731|priority:0, 92df55c5-64ae-4653-a720-46004b8dbf8f|rpc:10.1.0.19:45105|priority:0, 76394f58-7664-4cfd-8484-a797f937a558|rpc:10.1.0.19:34823|priority:1], old=null
2022-02-09 14:04:58,206 [grpc-default-executor-2] INFO  server.RaftServer$Division (RaftServerImpl.java:requestVote(1046)) - 6f5b8d78-77bb-45c7-81ed-2561031b889f@group-28C62501F2C9: receive requestVote(ELECTION, 76394f58-7664-4cfd-8484-a797f937a558, group-28C62501F2C9, 1, (t:0, i:0))
2022-02-09 14:04:58,206 [grpc-default-executor-2] INFO  impl.VoteContext (VoteContext.java:log(48)) - 6f5b8d78-77bb-45c7-81ed-2561031b889f@group-28C62501F2C9-FOLLOWER: accept ELECTION from 76394f58-7664-4cfd-8484-a797f937a558: our priority 0 <= candidate's priority 1
2022-02-09 14:04:58,206 [grpc-default-executor-2] INFO  server.RaftServer$Division (RaftServerImpl.java:setRole(290)) - 6f5b8d78-77bb-45c7-81ed-2561031b889f@group-28C62501F2C9: changes role from  FOLLOWER to FOLLOWER at term 1 for candidate:76394f58-7664-4cfd-8484-a797f937a558
2022-02-09 14:04:58,206 [grpc-default-executor-2] INFO  impl.RoleInfo (RoleInfo.java:shutdownFollowerState(108)) - 6f5b8d78-77bb-45c7-81ed-2561031b889f: shutdown 6f5b8d78-77bb-45c7-81ed-2561031b889f@group-28C62501F2C9-FollowerState
2022-02-09 14:04:58,206 [grpc-default-executor-2] INFO  impl.RoleInfo (RoleInfo.java:updateAndGet(130)) - 6f5b8d78-77bb-45c7-81ed-2561031b889f: start 6f5b8d78-77bb-45c7-81ed-2561031b889f@group-28C62501F2C9-FollowerState
2022-02-09 14:04:58,207 [6f5b8d78-77bb-45c7-81ed-2561031b889f@group-28C62501F2C9-FollowerState] INFO  impl.FollowerState (FollowerState.java:run(143)) - 6f5b8d78-77bb-45c7-81ed-2561031b889f@group-28C62501F2C9-FollowerState was interrupted: {}
java.lang.InterruptedException: sleep interrupted
	at java.lang.Thread.sleep(Native Method)
	at java.lang.Thread.sleep(Thread.java:340)
	at java.util.concurrent.TimeUnit.sleep(TimeUnit.java:386)
	at org.apache.ratis.util.TimeDuration.sleep(TimeDuration.java:324)
	at org.apache.ratis.util.TimeDuration.sleep(TimeDuration.java:309)
	at org.apache.ratis.server.impl.FollowerState.run(FollowerState.java:118)
2022-02-09 14:04:58,218 [grpc-default-executor-2] INFO  server.RaftServer$Division (RaftServerImpl.java:requestVote(1078)) - 6f5b8d78-77bb-45c7-81ed-2561031b889f@group-28C62501F2C9 replies to ELECTION vote request: 76394f58-7664-4cfd-8484-a797f937a558<-6f5b8d78-77bb-45c7-81ed-2561031b889f#0:OK-t1. Peer's state: 6f5b8d78-77bb-45c7-81ed-2561031b889f@group-28C62501F2C9:t1, leader=null, voted=76394f58-7664-4cfd-8484-a797f937a558, raftlog=6f5b8d78-77bb-45c7-81ed-2561031b889f@group-28C62501F2C9-SegmentedRaftLog:OPENED:c-1, conf=-1: [6f5b8d78-77bb-45c7-81ed-2561031b889f|rpc:10.1.0.19:42731|dataStream:|priority:0, 92df55c5-64ae-4653-a720-46004b8dbf8f|rpc:10.1.0.19:45105|dataStream:|priority:0, 76394f58-7664-4cfd-8484-a797f937a558|rpc:10.1.0.19:34823|dataStream:|priority:1], old=null
2022-02-09 14:04:58,221 [76394f58-7664-4cfd-8484-a797f937a558@group-28C62501F2C9-LeaderElection8] INFO  impl.LeaderElection (LeaderElection.java:logAndReturn(89)) - 76394f58-7664-4cfd-8484-a797f937a558@group-28C62501F2C9-LeaderElection8: ELECTION PASSED received 1 response(s) and 0 exception(s):
2022-02-09 14:04:58,221 [76394f58-7664-4cfd-8484-a797f937a558@group-28C62501F2C9-LeaderElection8] INFO  impl.LeaderElection (LeaderElection.java:logAndReturn(93)) -   Response 0: 76394f58-7664-4cfd-8484-a797f937a558<-6f5b8d78-77bb-45c7-81ed-2561031b889f#0:OK-t1
2022-02-09 14:04:58,221 [76394f58-7664-4cfd-8484-a797f937a558@group-28C62501F2C9-LeaderElection8] INFO  impl.LeaderElection (LeaderElection.java:askForVotes(308)) - 76394f58-7664-4cfd-8484-a797f937a558@group-28C62501F2C9-LeaderElection8 ELECTION round 0: result PASSED
2022-02-09 14:04:58,221 [76394f58-7664-4cfd-8484-a797f937a558@group-28C62501F2C9-LeaderElection8] INFO  impl.RoleInfo (RoleInfo.java:shutdownLeaderElection(121)) - 76394f58-7664-4cfd-8484-a797f937a558: shutdown 76394f58-7664-4cfd-8484-a797f937a558@group-28C62501F2C9-LeaderElection8
2022-02-09 14:04:58,221 [76394f58-7664-4cfd-8484-a797f937a558@group-28C62501F2C9-LeaderElection8] INFO  server.RaftServer$Division (RaftServerImpl.java:setRole(290)) - 76394f58-7664-4cfd-8484-a797f937a558@group-28C62501F2C9: changes role from CANDIDATE to LEADER at term 1 for changeToLeader
2022-02-09 14:04:58,221 [76394f58-7664-4cfd-8484-a797f937a558@group-28C62501F2C9-LeaderElection8] INFO  ratis.XceiverServerRatis (XceiverServerRatis.java:handleLeaderChangedNotification(866)) - Leader change notification received for group: group-28C62501F2C9 with new leaderId: 76394f58-7664-4cfd-8484-a797f937a558
2022-02-09 14:04:58,222 [76394f58-7664-4cfd-8484-a797f937a558@group-28C62501F2C9-LeaderElection8] INFO  server.RaftServer$Division (ServerState.java:setLeader(285)) - 76394f58-7664-4cfd-8484-a797f937a558@group-28C62501F2C9: change Leader from null to 76394f58-7664-4cfd-8484-a797f937a558 at term 1 for becomeLeader, leader elected after 5164ms
2022-02-09 14:04:58,222 [76394f58-7664-4cfd-8484-a797f937a558@group-28C62501F2C9-LeaderElection8] INFO  server.RaftServerConfigKeys (ConfUtils.java:logGet(44)) - raft.server.staging.catchup.gap = 1000 (default)
2022-02-09 14:04:58,222 [76394f58-7664-4cfd-8484-a797f937a558@group-28C62501F2C9-LeaderElection8] INFO  server.RaftServerConfigKeys (ConfUtils.java:logGet(44)) - raft.server.write.element-limit = 1024 (custom)
2022-02-09 14:04:58,222 [76394f58-7664-4cfd-8484-a797f937a558@group-28C62501F2C9-LeaderElection8] INFO  server.RaftServerConfigKeys (ConfUtils.java:logGet(44)) - raft.server.write.byte-limit = 1024 M (=1073741824) (custom)
2022-02-09 14:04:58,223 [76394f58-7664-4cfd-8484-a797f937a558@group-28C62501F2C9-LeaderElection8] INFO  server.RaftServerConfigKeys (ConfUtils.java:logGet(44)) - raft.server.watch.timeout = 180s (custom)
2022-02-09 14:04:58,223 [76394f58-7664-4cfd-8484-a797f937a558@group-28C62501F2C9-LeaderElection8] INFO  server.RaftServerConfigKeys (ConfUtils.java:logGet(44)) - raft.server.watch.timeout.denomination = 1s (default)
2022-02-09 14:04:58,223 [76394f58-7664-4cfd-8484-a797f937a558@group-28C62501F2C9-LeaderElection8] INFO  server.RaftServerConfigKeys (ConfUtils.java:logGet(44)) - raft.server.watch.element-limit = 65536 (default)
2022-02-09 14:04:58,223 [76394f58-7664-4cfd-8484-a797f937a558@group-28C62501F2C9-LeaderElection8] INFO  server.RaftServerConfigKeys (ConfUtils.java:logGet(44)) - raft.server.write.element-limit = 1024 (custom)
2022-02-09 14:04:58,223 [76394f58-7664-4cfd-8484-a797f937a558@group-28C62501F2C9-LeaderElection8] INFO  server.RaftServerConfigKeys (ConfUtils.java:logGet(44)) - raft.server.write.follower.gap.ratio.max = -1.0 (default)
2022-02-09 14:04:58,223 [76394f58-7664-4cfd-8484-a797f937a558@group-28C62501F2C9-LeaderElection8] INFO  server.RaftServerConfigKeys (ConfUtils.java:logGet(44)) - raft.server.log.appender.snapshot.chunk.size.max = 16MB (=16777216) (default)
2022-02-09 14:04:58,223 [76394f58-7664-4cfd-8484-a797f937a558@group-28C62501F2C9-LeaderElection8] INFO  server.RaftServerConfigKeys (ConfUtils.java:logGet(44)) - raft.server.log.appender.buffer.byte-limit = 33554432 (custom)
2022-02-09 14:04:58,223 [76394f58-7664-4cfd-8484-a797f937a558@group-28C62501F2C9-LeaderElection8] INFO  server.RaftServerConfigKeys (ConfUtils.java:logGet(44)) - raft.server.log.appender.buffer.element-limit = 1 (custom)
2022-02-09 14:04:58,223 [76394f58-7664-4cfd-8484-a797f937a558@group-28C62501F2C9-LeaderElection8] INFO  grpc.GrpcConfigKeys (ConfUtils.java:logGet(44)) - raft.grpc.server.leader.outstanding.appends.max = 128 (default)
2022-02-09 14:04:58,223 [76394f58-7664-4cfd-8484-a797f937a558@group-28C62501F2C9-LeaderElection8] INFO  server.RaftServerConfigKeys (ConfUtils.java:logGet(44)) - raft.server.rpc.request.timeout = 60s (custom)
2022-02-09 14:04:58,224 [76394f58-7664-4cfd-8484-a797f937a558@group-28C62501F2C9-LeaderElection8] INFO  server.RaftServerConfigKeys (ConfUtils.java:logGet(44)) - raft.server.log.appender.install.snapshot.enabled = false (custom)
2022-02-09 14:04:58,227 [EventQueue-PipelineReportForPipelineReportHandler] INFO  pipeline.PipelineManagerImpl (PipelineManagerImpl.java:openPipeline(291)) - Pipeline Pipeline[ Id: c4f1af61-addb-40e7-bc46-28c62501f2c9, Nodes: 92df55c5-64ae-4653-a720-46004b8dbf8f{ip: 10.1.0.19, host: fv-az270-916.tacnzluakwdehk1hpragurqkma.bx.internal.cloudapp.net, ports: [REPLICATION=42501, RATIS=45105, RATIS_ADMIN=45105, RATIS_SERVER=45105, STANDALONE=42111], networkLocation: /default-rack, certSerialId: null, persistedOpState: IN_SERVICE, persistedOpStateExpiryEpochSec: 0}6f5b8d78-77bb-45c7-81ed-2561031b889f{ip: 10.1.0.19, host: fv-az270-916.tacnzluakwdehk1hpragurqkma.bx.internal.cloudapp.net, ports: [REPLICATION=43589, RATIS=42731, RATIS_ADMIN=42731, RATIS_SERVER=42731, STANDALONE=37819], networkLocation: /default-rack, certSerialId: null, persistedOpState: IN_SERVICE, persistedOpStateExpiryEpochSec: 0}76394f58-7664-4cfd-8484-a797f937a558{ip: 10.1.0.19, host: fv-az270-916.tacnzluakwdehk1hpragurqkma.bx.internal.cloudapp.net, ports: [REPLICATION=33821, RATIS=34823, RATIS_ADMIN=34823, RATIS_SERVER=34823, STANDALONE=45505], networkLocation: /default-rack, certSerialId: null, persistedOpState: IN_SERVICE, persistedOpStateExpiryEpochSec: 0}, ReplicationConfig: RATIS/THREE, State:ALLOCATED, leaderId:76394f58-7664-4cfd-8484-a797f937a558, CreationTimestamp2022-02-09T14:04:50.519Z[Etc/UTC]] moved to OPEN state
2022-02-09 14:04:58,231 [698ab2d5-378d-457a-8e5f-fab21942cead@group-BBB1F5427D0A-StateMachineUpdater] INFO  safemode.HealthyPipelineSafeModeRule (HealthyPipelineSafeModeRule.java:initializeRule(152)) - Refreshed total pipeline count is 1, healthy pipeline threshold count is 1
2022-02-09 14:04:58,233 [EventQueue-OpenPipelineForHealthyPipelineSafeModeRule] INFO  safemode.SCMSafeModeManager (HealthyPipelineSafeModeRule.java:process(124)) - SCM in safe mode. Healthy pipelines reported count is 1, required healthy pipeline reported count is 1
2022-02-09 14:04:58,234 [EventQueue-OpenPipelineForHealthyPipelineSafeModeRule] INFO  safemode.SCMSafeModeManager (SCMSafeModeManager.java:validateSafeModeExitRules(204)) - HealthyPipelineSafeModeRule rule is successfully validated
2022-02-09 14:04:58,234 [EventQueue-OpenPipelineForHealthyPipelineSafeModeRule] INFO  safemode.SCMSafeModeManager (SCMSafeModeManager.java:validateSafeModeExitRules(219)) - ScmSafeModeManager, all rules are successfully validated
2022-02-09 14:04:58,235 [EventQueue-OpenPipelineForHealthyPipelineSafeModeRule] INFO  safemode.SCMSafeModeManager (SCMSafeModeManager.java:exitSafeMode(248)) - SCM exiting safe mode.
2022-02-09 14:04:58,234 [grpc-default-executor-2] INFO  server.RaftServer$Division (RaftServerImpl.java:requestVote(1046)) - 92df55c5-64ae-4653-a720-46004b8dbf8f@group-28C62501F2C9: receive requestVote(ELECTION, 76394f58-7664-4cfd-8484-a797f937a558, group-28C62501F2C9, 1, (t:0, i:0))
2022-02-09 14:04:58,235 [grpc-default-executor-2] INFO  impl.VoteContext (VoteContext.java:log(48)) - 92df55c5-64ae-4653-a720-46004b8dbf8f@group-28C62501F2C9-FOLLOWER: accept ELECTION from 76394f58-7664-4cfd-8484-a797f937a558: our priority 0 <= candidate's priority 1
2022-02-09 14:04:58,235 [grpc-default-executor-2] INFO  server.RaftServer$Division (RaftServerImpl.java:setRole(290)) - 92df55c5-64ae-4653-a720-46004b8dbf8f@group-28C62501F2C9: changes role from  FOLLOWER to FOLLOWER at term 1 for candidate:76394f58-7664-4cfd-8484-a797f937a558
2022-02-09 14:04:58,235 [EventQueue-OpenPipelineForHealthyPipelineSafeModeRule] WARN  events.EventQueue (EventQueue.java:fireEvent(194)) - No event handler registered for event TypedEvent{payloadType=SafeModeStatus, name='Safe mode status'}
2022-02-09 14:04:58,236 [EventQueue-OpenPipelineForHealthyPipelineSafeModeRule] INFO  ha.SCMContext (SCMContext.java:updateSafeModeStatus(211)) - Update SafeModeStatus from SafeModeStatus{safeModeStatus=true, preCheckPassed=true} to SafeModeStatus{safeModeStatus=false, preCheckPassed=true}.
2022-02-09 14:04:58,236 [EventQueue-OpenPipelineForHealthyPipelineSafeModeRule] INFO  container.ReplicationManager (ReplicationManager.java:notifyStatusChanged(1807)) - Service ReplicationManager transitions to RUNNING.
2022-02-09 14:04:58,237 [grpc-default-executor-2] INFO  impl.RoleInfo (RoleInfo.java:shutdownFollowerState(108)) - 92df55c5-64ae-4653-a720-46004b8dbf8f: shutdown 92df55c5-64ae-4653-a720-46004b8dbf8f@group-28C62501F2C9-FollowerState
2022-02-09 14:04:58,237 [grpc-default-executor-2] INFO  impl.RoleInfo (RoleInfo.java:updateAndGet(130)) - 92df55c5-64ae-4653-a720-46004b8dbf8f: start 92df55c5-64ae-4653-a720-46004b8dbf8f@group-28C62501F2C9-FollowerState
2022-02-09 14:04:58,234 [76394f58-7664-4cfd-8484-a797f937a558@group-28C62501F2C9-LeaderElection8] INFO  server.RaftServerConfigKeys (ConfUtils.java:logGet(44)) - raft.server.log.appender.snapshot.chunk.size.max = 16MB (=16777216) (default)
2022-02-09 14:04:58,237 [76394f58-7664-4cfd-8484-a797f937a558@group-28C62501F2C9-LeaderElection8] INFO  server.RaftServerConfigKeys (ConfUtils.java:logGet(44)) - raft.server.log.appender.buffer.byte-limit = 33554432 (custom)
2022-02-09 14:04:58,237 [76394f58-7664-4cfd-8484-a797f937a558@group-28C62501F2C9-LeaderElection8] INFO  server.RaftServerConfigKeys (ConfUtils.java:logGet(44)) - raft.server.log.appender.buffer.element-limit = 1 (custom)
2022-02-09 14:04:58,237 [76394f58-7664-4cfd-8484-a797f937a558@group-28C62501F2C9-LeaderElection8] INFO  grpc.GrpcConfigKeys (ConfUtils.java:logGet(44)) - raft.grpc.server.leader.outstanding.appends.max = 128 (default)
2022-02-09 14:04:58,237 [76394f58-7664-4cfd-8484-a797f937a558@group-28C62501F2C9-LeaderElection8] INFO  server.RaftServerConfigKeys (ConfUtils.java:logGet(44)) - raft.server.rpc.request.timeout = 60s (custom)
2022-02-09 14:04:58,237 [92df55c5-64ae-4653-a720-46004b8dbf8f@group-28C62501F2C9-FollowerState] INFO  impl.FollowerState (FollowerState.java:run(143)) - 92df55c5-64ae-4653-a720-46004b8dbf8f@group-28C62501F2C9-FollowerState was interrupted: {}
java.lang.InterruptedException: sleep interrupted
	at java.lang.Thread.sleep(Native Method)
	at java.lang.Thread.sleep(Thread.java:340)
	at java.util.concurrent.TimeUnit.sleep(TimeUnit.java:386)
	at org.apache.ratis.util.TimeDuration.sleep(TimeDuration.java:324)
	at org.apache.ratis.util.TimeDuration.sleep(TimeDuration.java:309)
	at org.apache.ratis.server.impl.FollowerState.run(FollowerState.java:118)
2022-02-09 14:04:58,237 [76394f58-7664-4cfd-8484-a797f937a558@group-28C62501F2C9-LeaderElection8] INFO  server.RaftServerConfigKeys (ConfUtils.java:logGet(44)) - raft.server.log.appender.install.snapshot.enabled = false (custom)
2022-02-09 14:04:58,244 [grpc-default-executor-2] INFO  server.RaftServer$Division (RaftServerImpl.java:requestVote(1078)) - 92df55c5-64ae-4653-a720-46004b8dbf8f@group-28C62501F2C9 replies to ELECTION vote request: 76394f58-7664-4cfd-8484-a797f937a558<-92df55c5-64ae-4653-a720-46004b8dbf8f#0:OK-t1. Peer's state: 92df55c5-64ae-4653-a720-46004b8dbf8f@group-28C62501F2C9:t1, leader=null, voted=76394f58-7664-4cfd-8484-a797f937a558, raftlog=92df55c5-64ae-4653-a720-46004b8dbf8f@group-28C62501F2C9-SegmentedRaftLog:OPENED:c-1, conf=-1: [6f5b8d78-77bb-45c7-81ed-2561031b889f|rpc:10.1.0.19:42731|dataStream:|priority:0, 92df55c5-64ae-4653-a720-46004b8dbf8f|rpc:10.1.0.19:45105|dataStream:|priority:0, 76394f58-7664-4cfd-8484-a797f937a558|rpc:10.1.0.19:34823|dataStream:|priority:1], old=null
2022-02-09 14:04:58,246 [76394f58-7664-4cfd-8484-a797f937a558@group-28C62501F2C9-LeaderElection8] INFO  impl.RoleInfo (RoleInfo.java:updateAndGet(130)) - 76394f58-7664-4cfd-8484-a797f937a558: start 76394f58-7664-4cfd-8484-a797f937a558@group-28C62501F2C9-LeaderStateImpl
2022-02-09 14:04:58,247 [76394f58-7664-4cfd-8484-a797f937a558@group-28C62501F2C9-LeaderElection8] INFO  segmented.SegmentedRaftLogWorker (SegmentedRaftLogWorker.java:startLogSegment(394)) - 76394f58-7664-4cfd-8484-a797f937a558@group-28C62501F2C9-SegmentedRaftLogWorker: Starting segment from index:0
2022-02-09 14:04:58,249 [76394f58-7664-4cfd-8484-a797f937a558@group-28C62501F2C9-SegmentedRaftLogWorker] INFO  segmented.SegmentedRaftLogWorker (SegmentedRaftLogWorker.java:execute(601)) - 76394f58-7664-4cfd-8484-a797f937a558@group-28C62501F2C9-SegmentedRaftLogWorker: created new log segment /home/runner/work/ozone/ozone/hadoop-ozone/integration-test/target/test-dir/MiniOzoneClusterImpl-9c41f9ea-08a3-4502-a72d-bbb1f5427d0a/datanode-0/data/ratis/c4f1af61-addb-40e7-bc46-28c62501f2c9/current/log_inprogress_0
2022-02-09 14:04:58,252 [76394f58-7664-4cfd-8484-a797f937a558@group-28C62501F2C9-LeaderElection8] INFO  server.RaftServer$Division (ServerState.java:setRaftConf(387)) - 76394f58-7664-4cfd-8484-a797f937a558@group-28C62501F2C9: set configuration 0: [6f5b8d78-77bb-45c7-81ed-2561031b889f|rpc:10.1.0.19:42731|dataStream:|priority:0, 92df55c5-64ae-4653-a720-46004b8dbf8f|rpc:10.1.0.19:45105|dataStream:|priority:0, 76394f58-7664-4cfd-8484-a797f937a558|rpc:10.1.0.19:34823|dataStream:|priority:1], old=null
2022-02-09 14:04:58,265 [grpc-default-executor-1] INFO  ratis.XceiverServerRatis (XceiverServerRatis.java:handleLeaderChangedNotification(866)) - Leader change notification received for group: group-28C62501F2C9 with new leaderId: 76394f58-7664-4cfd-8484-a797f937a558
2022-02-09 14:04:58,266 [grpc-default-executor-1] INFO  server.RaftServer$Division (ServerState.java:setLeader(285)) - 6f5b8d78-77bb-45c7-81ed-2561031b889f@group-28C62501F2C9: change Leader from null to 76394f58-7664-4cfd-8484-a797f937a558 at term 1 for appendEntries, leader elected after 4999ms
2022-02-09 14:04:58,268 [grpc-default-executor-2] INFO  ratis.XceiverServerRatis (XceiverServerRatis.java:handleLeaderChangedNotification(866)) - Leader change notification received for group: group-28C62501F2C9 with new leaderId: 76394f58-7664-4cfd-8484-a797f937a558
2022-02-09 14:04:58,268 [grpc-default-executor-2] INFO  server.RaftServer$Division (ServerState.java:setLeader(285)) - 92df55c5-64ae-4653-a720-46004b8dbf8f@group-28C62501F2C9: change Leader from null to 76394f58-7664-4cfd-8484-a797f937a558 at term 1 for appendEntries, leader elected after 5104ms
2022-02-09 14:04:58,278 [grpc-default-executor-1] INFO  server.RaftServer$Division (ServerState.java:setRaftConf(387)) - 6f5b8d78-77bb-45c7-81ed-2561031b889f@group-28C62501F2C9: set configuration 0: [6f5b8d78-77bb-45c7-81ed-2561031b889f|rpc:10.1.0.19:42731|dataStream:|priority:0, 92df55c5-64ae-4653-a720-46004b8dbf8f|rpc:10.1.0.19:45105|dataStream:|priority:0, 76394f58-7664-4cfd-8484-a797f937a558|rpc:10.1.0.19:34823|dataStream:|priority:1], old=null
2022-02-09 14:04:58,279 [grpc-default-executor-1] INFO  segmented.SegmentedRaftLogWorker (SegmentedRaftLogWorker.java:startLogSegment(394)) - 6f5b8d78-77bb-45c7-81ed-2561031b889f@group-28C62501F2C9-SegmentedRaftLogWorker: Starting segment from index:0
2022-02-09 14:04:58,281 [6f5b8d78-77bb-45c7-81ed-2561031b889f@group-28C62501F2C9-SegmentedRaftLogWorker] INFO  segmented.SegmentedRaftLogWorker (SegmentedRaftLogWorker.java:execute(601)) - 6f5b8d78-77bb-45c7-81ed-2561031b889f@group-28C62501F2C9-SegmentedRaftLogWorker: created new log segment /home/runner/work/ozone/ozone/hadoop-ozone/integration-test/target/test-dir/MiniOzoneClusterImpl-9c41f9ea-08a3-4502-a72d-bbb1f5427d0a/datanode-2/data/ratis/c4f1af61-addb-40e7-bc46-28c62501f2c9/current/log_inprogress_0
2022-02-09 14:04:58,288 [grpc-default-executor-2] INFO  server.RaftServer$Division (ServerState.java:setRaftConf(387)) - 92df55c5-64ae-4653-a720-46004b8dbf8f@group-28C62501F2C9: set configuration 0: [6f5b8d78-77bb-45c7-81ed-2561031b889f|rpc:10.1.0.19:42731|dataStream:|priority:0, 92df55c5-64ae-4653-a720-46004b8dbf8f|rpc:10.1.0.19:45105|dataStream:|priority:0, 76394f58-7664-4cfd-8484-a797f937a558|rpc:10.1.0.19:34823|dataStream:|priority:1], old=null
2022-02-09 14:04:58,288 [grpc-default-executor-2] INFO  segmented.SegmentedRaftLogWorker (SegmentedRaftLogWorker.java:startLogSegment(394)) - 92df55c5-64ae-4653-a720-46004b8dbf8f@group-28C62501F2C9-SegmentedRaftLogWorker: Starting segment from index:0
2022-02-09 14:04:58,291 [92df55c5-64ae-4653-a720-46004b8dbf8f@group-28C62501F2C9-SegmentedRaftLogWorker] INFO  segmented.SegmentedRaftLogWorker (SegmentedRaftLogWorker.java:execute(601)) - 92df55c5-64ae-4653-a720-46004b8dbf8f@group-28C62501F2C9-SegmentedRaftLogWorker: created new log segment /home/runner/work/ozone/ozone/hadoop-ozone/integration-test/target/test-dir/MiniOzoneClusterImpl-9c41f9ea-08a3-4502-a72d-bbb1f5427d0a/datanode-1/data/ratis/c4f1af61-addb-40e7-bc46-28c62501f2c9/current/log_inprogress_0
2022-02-09 14:04:58,350 [76394f58-7664-4cfd-8484-a797f937a558@group-D1587C1BBF41-FollowerState] INFO  impl.FollowerState (FollowerState.java:run(134)) - 76394f58-7664-4cfd-8484-a797f937a558@group-D1587C1BBF41-FollowerState: change to CANDIDATE, lastRpcElapsedTime:5022649290ns, electionTimeout:5021ms
2022-02-09 14:04:58,351 [76394f58-7664-4cfd-8484-a797f937a558@group-D1587C1BBF41-FollowerState] INFO  impl.RoleInfo (RoleInfo.java:shutdownFollowerState(108)) - 76394f58-7664-4cfd-8484-a797f937a558: shutdown 76394f58-7664-4cfd-8484-a797f937a558@group-D1587C1BBF41-FollowerState
2022-02-09 14:04:58,351 [76394f58-7664-4cfd-8484-a797f937a558@group-D1587C1BBF41-FollowerState] INFO  server.RaftServer$Division (RaftServerImpl.java:setRole(290)) - 76394f58-7664-4cfd-8484-a797f937a558@group-D1587C1BBF41: changes role from  FOLLOWER to CANDIDATE at term 0 for changeToCandidate
2022-02-09 14:04:58,351 [76394f58-7664-4cfd-8484-a797f937a558@group-D1587C1BBF41-FollowerState] INFO  server.RaftServerConfigKeys (ConfUtils.java:logGet(44)) - raft.server.leaderelection.pre-vote = false (custom)
2022-02-09 14:04:58,351 [76394f58-7664-4cfd-8484-a797f937a558@group-D1587C1BBF41-FollowerState] INFO  impl.RoleInfo (RoleInfo.java:updateAndGet(130)) - 76394f58-7664-4cfd-8484-a797f937a558: start 76394f58-7664-4cfd-8484-a797f937a558@group-D1587C1BBF41-LeaderElection9
2022-02-09 14:04:58,357 [76394f58-7664-4cfd-8484-a797f937a558@group-D1587C1BBF41-LeaderElection9] INFO  impl.LeaderElection (LeaderElection.java:askForVotes(306)) - 76394f58-7664-4cfd-8484-a797f937a558@group-D1587C1BBF41-LeaderElection9 ELECTION round 0: submit vote requests at term 1 for -1: [6f5b8d78-77bb-45c7-81ed-2561031b889f|rpc:10.1.0.19:42731|priority:0, 92df55c5-64ae-4653-a720-46004b8dbf8f|rpc:10.1.0.19:45105|priority:1, 76394f58-7664-4cfd-8484-a797f937a558|rpc:10.1.0.19:34823|priority:0], old=null
2022-02-09 14:04:58,362 [grpc-default-executor-2] INFO  server.RaftServer$Division (RaftServerImpl.java:requestVote(1046)) - 6f5b8d78-77bb-45c7-81ed-2561031b889f@group-D1587C1BBF41: receive requestVote(ELECTION, 76394f58-7664-4cfd-8484-a797f937a558, group-D1587C1BBF41, 1, (t:0, i:0))
2022-02-09 14:04:58,363 [grpc-default-executor-2] INFO  impl.VoteContext (VoteContext.java:log(48)) - 6f5b8d78-77bb-45c7-81ed-2561031b889f@group-D1587C1BBF41-FOLLOWER: accept ELECTION from 76394f58-7664-4cfd-8484-a797f937a558: our priority 0 <= candidate's priority 0
2022-02-09 14:04:58,363 [grpc-default-executor-2] INFO  server.RaftServer$Division (RaftServerImpl.java:setRole(290)) - 6f5b8d78-77bb-45c7-81ed-2561031b889f@group-D1587C1BBF41: changes role from  FOLLOWER to FOLLOWER at term 1 for candidate:76394f58-7664-4cfd-8484-a797f937a558
2022-02-09 14:04:58,363 [grpc-default-executor-2] INFO  impl.RoleInfo (RoleInfo.java:shutdownFollowerState(108)) - 6f5b8d78-77bb-45c7-81ed-2561031b889f: shutdown 6f5b8d78-77bb-45c7-81ed-2561031b889f@group-D1587C1BBF41-FollowerState
2022-02-09 14:04:58,363 [grpc-default-executor-2] INFO  impl.RoleInfo (RoleInfo.java:updateAndGet(130)) - 6f5b8d78-77bb-45c7-81ed-2561031b889f: start 6f5b8d78-77bb-45c7-81ed-2561031b889f@group-D1587C1BBF41-FollowerState
2022-02-09 14:04:58,363 [6f5b8d78-77bb-45c7-81ed-2561031b889f@group-D1587C1BBF41-FollowerState] INFO  impl.FollowerState (FollowerState.java:run(143)) - 6f5b8d78-77bb-45c7-81ed-2561031b889f@group-D1587C1BBF41-FollowerState was interrupted: {}
java.lang.InterruptedException: sleep interrupted
	at java.lang.Thread.sleep(Native Method)
	at java.lang.Thread.sleep(Thread.java:340)
	at java.util.concurrent.TimeUnit.sleep(TimeUnit.java:386)
	at org.apache.ratis.util.TimeDuration.sleep(TimeDuration.java:324)
	at org.apache.ratis.util.TimeDuration.sleep(TimeDuration.java:309)
	at org.apache.ratis.server.impl.FollowerState.run(FollowerState.java:118)
2022-02-09 14:04:58,367 [grpc-default-executor-1] INFO  server.RaftServer$Division (RaftServerImpl.java:requestVote(1046)) - 92df55c5-64ae-4653-a720-46004b8dbf8f@group-D1587C1BBF41: receive requestVote(ELECTION, 76394f58-7664-4cfd-8484-a797f937a558, group-D1587C1BBF41, 1, (t:0, i:0))
2022-02-09 14:04:58,367 [grpc-default-executor-1] INFO  impl.VoteContext (VoteContext.java:log(48)) - 92df55c5-64ae-4653-a720-46004b8dbf8f@group-D1587C1BBF41-FOLLOWER: reject ELECTION from 76394f58-7664-4cfd-8484-a797f937a558: our priority 1 > candidate's priority 0
2022-02-09 14:04:58,367 [grpc-default-executor-1] INFO  server.RaftServer$Division (RaftServerImpl.java:setRole(290)) - 92df55c5-64ae-4653-a720-46004b8dbf8f@group-D1587C1BBF41: changes role from  FOLLOWER to FOLLOWER at term 1 for candidate:76394f58-7664-4cfd-8484-a797f937a558
2022-02-09 14:04:58,367 [grpc-default-executor-1] INFO  impl.RoleInfo (RoleInfo.java:shutdownFollowerState(108)) - 92df55c5-64ae-4653-a720-46004b8dbf8f: shutdown 92df55c5-64ae-4653-a720-46004b8dbf8f@group-D1587C1BBF41-FollowerState
2022-02-09 14:04:58,367 [grpc-default-executor-1] INFO  impl.RoleInfo (RoleInfo.java:updateAndGet(130)) - 92df55c5-64ae-4653-a720-46004b8dbf8f: start 92df55c5-64ae-4653-a720-46004b8dbf8f@group-D1587C1BBF41-FollowerState
2022-02-09 14:04:58,367 [92df55c5-64ae-4653-a720-46004b8dbf8f@group-D1587C1BBF41-FollowerState] INFO  impl.FollowerState (FollowerState.java:run(143)) - 92df55c5-64ae-4653-a720-46004b8dbf8f@group-D1587C1BBF41-FollowerState was interrupted: {}
java.lang.InterruptedException: sleep interrupted
	at java.lang.Thread.sleep(Native Method)
	at java.lang.Thread.sleep(Thread.java:340)
	at java.util.concurrent.TimeUnit.sleep(TimeUnit.java:386)
	at org.apache.ratis.util.TimeDuration.sleep(TimeDuration.java:324)
	at org.apache.ratis.util.TimeDuration.sleep(TimeDuration.java:309)
	at org.apache.ratis.server.impl.FollowerState.run(FollowerState.java:118)
2022-02-09 14:04:58,370 [grpc-default-executor-2] INFO  server.RaftServer$Division (RaftServerImpl.java:requestVote(1078)) - 6f5b8d78-77bb-45c7-81ed-2561031b889f@group-D1587C1BBF41 replies to ELECTION vote request: 76394f58-7664-4cfd-8484-a797f937a558<-6f5b8d78-77bb-45c7-81ed-2561031b889f#0:OK-t1. Peer's state: 6f5b8d78-77bb-45c7-81ed-2561031b889f@group-D1587C1BBF41:t1, leader=null, voted=76394f58-7664-4cfd-8484-a797f937a558, raftlog=6f5b8d78-77bb-45c7-81ed-2561031b889f@group-D1587C1BBF41-SegmentedRaftLog:OPENED:c-1, conf=-1: [6f5b8d78-77bb-45c7-81ed-2561031b889f|rpc:10.1.0.19:42731|dataStream:|priority:0, 92df55c5-64ae-4653-a720-46004b8dbf8f|rpc:10.1.0.19:45105|dataStream:|priority:1, 76394f58-7664-4cfd-8484-a797f937a558|rpc:10.1.0.19:34823|dataStream:|priority:0], old=null
2022-02-09 14:04:58,371 [grpc-default-executor-1] INFO  server.RaftServer$Division (RaftServerImpl.java:requestVote(1078)) - 92df55c5-64ae-4653-a720-46004b8dbf8f@group-D1587C1BBF41 replies to ELECTION vote request: 76394f58-7664-4cfd-8484-a797f937a558<-92df55c5-64ae-4653-a720-46004b8dbf8f#0:FAIL-t1. Peer's state: 92df55c5-64ae-4653-a720-46004b8dbf8f@group-D1587C1BBF41:t1, leader=null, voted=null, raftlog=92df55c5-64ae-4653-a720-46004b8dbf8f@group-D1587C1BBF41-SegmentedRaftLog:OPENED:c-1, conf=-1: [6f5b8d78-77bb-45c7-81ed-2561031b889f|rpc:10.1.0.19:42731|priority:0, 92df55c5-64ae-4653-a720-46004b8dbf8f|rpc:10.1.0.19:45105|priority:1, 76394f58-7664-4cfd-8484-a797f937a558|rpc:10.1.0.19:34823|priority:0], old=null
2022-02-09 14:04:58,376 [76394f58-7664-4cfd-8484-a797f937a558@group-D1587C1BBF41-LeaderElection9] INFO  impl.LeaderElection (LeaderElection.java:logAndReturn(89)) - 76394f58-7664-4cfd-8484-a797f937a558@group-D1587C1BBF41-LeaderElection9: ELECTION REJECTED received 2 response(s) and 0 exception(s):
2022-02-09 14:04:58,376 [76394f58-7664-4cfd-8484-a797f937a558@group-D1587C1BBF41-LeaderElection9] INFO  impl.LeaderElection (LeaderElection.java:logAndReturn(93)) -   Response 0: 76394f58-7664-4cfd-8484-a797f937a558<-6f5b8d78-77bb-45c7-81ed-2561031b889f#0:OK-t1
2022-02-09 14:04:58,376 [76394f58-7664-4cfd-8484-a797f937a558@group-D1587C1BBF41-LeaderElection9] INFO  impl.LeaderElection (LeaderElection.java:logAndReturn(93)) -   Response 1: 76394f58-7664-4cfd-8484-a797f937a558<-92df55c5-64ae-4653-a720-46004b8dbf8f#0:FAIL-t1
2022-02-09 14:04:58,376 [76394f58-7664-4cfd-8484-a797f937a558@group-D1587C1BBF41-LeaderElection9] INFO  impl.LeaderElection (LeaderElection.java:askForVotes(308)) - 76394f58-7664-4cfd-8484-a797f937a558@group-D1587C1BBF41-LeaderElection9 ELECTION round 0: result REJECTED
2022-02-09 14:04:58,377 [76394f58-7664-4cfd-8484-a797f937a558@group-D1587C1BBF41-LeaderElection9] INFO  server.RaftServer$Division (RaftServerImpl.java:setRole(290)) - 76394f58-7664-4cfd-8484-a797f937a558@group-D1587C1BBF41: changes role from CANDIDATE to FOLLOWER at term 1 for REJECTED
2022-02-09 14:04:58,377 [76394f58-7664-4cfd-8484-a797f937a558@group-D1587C1BBF41-LeaderElection9] INFO  impl.RoleInfo (RoleInfo.java:shutdownLeaderElection(121)) - 76394f58-7664-4cfd-8484-a797f937a558: shutdown 76394f58-7664-4cfd-8484-a797f937a558@group-D1587C1BBF41-LeaderElection9
2022-02-09 14:04:58,377 [76394f58-7664-4cfd-8484-a797f937a558@group-D1587C1BBF41-LeaderElection9] INFO  impl.RoleInfo (RoleInfo.java:updateAndGet(130)) - 76394f58-7664-4cfd-8484-a797f937a558: start 76394f58-7664-4cfd-8484-a797f937a558@group-D1587C1BBF41-FollowerState
2022-02-09 14:04:58,399 [92df55c5-64ae-4653-a720-46004b8dbf8f@group-E552432DD2E2-FollowerState] INFO  impl.FollowerState (FollowerState.java:run(134)) - 92df55c5-64ae-4653-a720-46004b8dbf8f@group-E552432DD2E2-FollowerState: change to CANDIDATE, lastRpcElapsedTime:5074196095ns, electionTimeout:5071ms
2022-02-09 14:04:58,400 [92df55c5-64ae-4653-a720-46004b8dbf8f@group-E552432DD2E2-FollowerState] INFO  impl.RoleInfo (RoleInfo.java:shutdownFollowerState(108)) - 92df55c5-64ae-4653-a720-46004b8dbf8f: shutdown 92df55c5-64ae-4653-a720-46004b8dbf8f@group-E552432DD2E2-FollowerState
2022-02-09 14:04:58,400 [92df55c5-64ae-4653-a720-46004b8dbf8f@group-E552432DD2E2-FollowerState] INFO  server.RaftServer$Division (RaftServerImpl.java:setRole(290)) - 92df55c5-64ae-4653-a720-46004b8dbf8f@group-E552432DD2E2: changes role from  FOLLOWER to CANDIDATE at term 0 for changeToCandidate
2022-02-09 14:04:58,401 [92df55c5-64ae-4653-a720-46004b8dbf8f@group-E552432DD2E2-FollowerState] INFO  server.RaftServerConfigKeys (ConfUtils.java:logGet(44)) - raft.server.leaderelection.pre-vote = false (custom)
2022-02-09 14:04:58,401 [92df55c5-64ae-4653-a720-46004b8dbf8f@group-E552432DD2E2-FollowerState] INFO  impl.RoleInfo (RoleInfo.java:updateAndGet(130)) - 92df55c5-64ae-4653-a720-46004b8dbf8f: start 92df55c5-64ae-4653-a720-46004b8dbf8f@group-E552432DD2E2-LeaderElection10
2022-02-09 14:04:58,404 [92df55c5-64ae-4653-a720-46004b8dbf8f@group-E552432DD2E2-LeaderElection10] INFO  impl.LeaderElection (LeaderElection.java:askForVotes(306)) - 92df55c5-64ae-4653-a720-46004b8dbf8f@group-E552432DD2E2-LeaderElection10 ELECTION round 0: submit vote requests at term 1 for -1: [92df55c5-64ae-4653-a720-46004b8dbf8f|rpc:10.1.0.19:45105|priority:1], old=null
2022-02-09 14:04:58,404 [92df55c5-64ae-4653-a720-46004b8dbf8f@group-E552432DD2E2-LeaderElection10] INFO  impl.LeaderElection (LeaderElection.java:askForVotes(308)) - 92df55c5-64ae-4653-a720-46004b8dbf8f@group-E552432DD2E2-LeaderElection10 ELECTION round 0: result PASSED (term=1)
2022-02-09 14:04:58,404 [92df55c5-64ae-4653-a720-46004b8dbf8f@group-E552432DD2E2-LeaderElection10] INFO  impl.RoleInfo (RoleInfo.java:shutdownLeaderElection(121)) - 92df55c5-64ae-4653-a720-46004b8dbf8f: shutdown 92df55c5-64ae-4653-a720-46004b8dbf8f@group-E552432DD2E2-LeaderElection10
2022-02-09 14:04:58,404 [92df55c5-64ae-4653-a720-46004b8dbf8f@group-E552432DD2E2-LeaderElection10] INFO  server.RaftServer$Division (RaftServerImpl.java:setRole(290)) - 92df55c5-64ae-4653-a720-46004b8dbf8f@group-E552432DD2E2: changes role from CANDIDATE to LEADER at term 1 for changeToLeader
2022-02-09 14:04:58,404 [92df55c5-64ae-4653-a720-46004b8dbf8f@group-E552432DD2E2-LeaderElection10] INFO  ratis.XceiverServerRatis (XceiverServerRatis.java:handleLeaderChangedNotification(866)) - Leader change notification received for group: group-E552432DD2E2 with new leaderId: 92df55c5-64ae-4653-a720-46004b8dbf8f
2022-02-09 14:04:58,404 [92df55c5-64ae-4653-a720-46004b8dbf8f@group-E552432DD2E2-LeaderElection10] INFO  server.RaftServer$Division (ServerState.java:setLeader(285)) - 92df55c5-64ae-4653-a720-46004b8dbf8f@group-E552432DD2E2: change Leader from null to 92df55c5-64ae-4653-a720-46004b8dbf8f at term 1 for becomeLeader, leader elected after 5104ms
2022-02-09 14:04:58,405 [92df55c5-64ae-4653-a720-46004b8dbf8f@group-E552432DD2E2-LeaderElection10] INFO  server.RaftServerConfigKeys (ConfUtils.java:logGet(44)) - raft.server.staging.catchup.gap = 1000 (default)
2022-02-09 14:04:58,405 [92df55c5-64ae-4653-a720-46004b8dbf8f@group-E552432DD2E2-LeaderElection10] INFO  server.RaftServerConfigKeys (ConfUtils.java:logGet(44)) - raft.server.write.element-limit = 1024 (custom)
2022-02-09 14:04:58,406 [92df55c5-64ae-4653-a720-46004b8dbf8f@group-E552432DD2E2-LeaderElection10] INFO  server.RaftServerConfigKeys (ConfUtils.java:logGet(44)) - raft.server.write.byte-limit = 1024 M (=1073741824) (custom)
2022-02-09 14:04:58,406 [92df55c5-64ae-4653-a720-46004b8dbf8f@group-E552432DD2E2-LeaderElection10] INFO  server.RaftServerConfigKeys (ConfUtils.java:logGet(44)) - raft.server.watch.timeout = 180s (custom)
2022-02-09 14:04:58,406 [92df55c5-64ae-4653-a720-46004b8dbf8f@group-E552432DD2E2-LeaderElection10] INFO  server.RaftServerConfigKeys (ConfUtils.java:logGet(44)) - raft.server.watch.timeout.denomination = 1s (default)
2022-02-09 14:04:58,406 [92df55c5-64ae-4653-a720-46004b8dbf8f@group-E552432DD2E2-LeaderElection10] INFO  server.RaftServerConfigKeys (ConfUtils.java:logGet(44)) - raft.server.watch.element-limit = 65536 (default)
2022-02-09 14:04:58,407 [92df55c5-64ae-4653-a720-46004b8dbf8f@group-E552432DD2E2-LeaderElection10] INFO  server.RaftServerConfigKeys (ConfUtils.java:logGet(44)) - raft.server.write.element-limit = 1024 (custom)
2022-02-09 14:04:58,407 [92df55c5-64ae-4653-a720-46004b8dbf8f@group-E552432DD2E2-LeaderElection10] INFO  server.RaftServerConfigKeys (ConfUtils.java:logGet(44)) - raft.server.write.follower.gap.ratio.max = -1.0 (default)
2022-02-09 14:04:58,407 [92df55c5-64ae-4653-a720-46004b8dbf8f@group-E552432DD2E2-LeaderElection10] INFO  impl.RoleInfo (RoleInfo.java:updateAndGet(130)) - 92df55c5-64ae-4653-a720-46004b8dbf8f: start 92df55c5-64ae-4653-a720-46004b8dbf8f@group-E552432DD2E2-LeaderStateImpl
2022-02-09 14:04:58,407 [92df55c5-64ae-4653-a720-46004b8dbf8f@group-E552432DD2E2-LeaderElection10] INFO  segmented.SegmentedRaftLogWorker (SegmentedRaftLogWorker.java:startLogSegment(394)) - 92df55c5-64ae-4653-a720-46004b8dbf8f@group-E552432DD2E2-SegmentedRaftLogWorker: Starting segment from index:0
2022-02-09 14:04:58,409 [92df55c5-64ae-4653-a720-46004b8dbf8f@group-E552432DD2E2-SegmentedRaftLogWorker] INFO  segmented.SegmentedRaftLogWorker (SegmentedRaftLogWorker.java:execute(601)) - 92df55c5-64ae-4653-a720-46004b8dbf8f@group-E552432DD2E2-SegmentedRaftLogWorker: created new log segment /home/runner/work/ozone/ozone/hadoop-ozone/integration-test/target/test-dir/MiniOzoneClusterImpl-9c41f9ea-08a3-4502-a72d-bbb1f5427d0a/datanode-1/data/ratis/06bf1117-a013-42bb-9bec-e552432dd2e2/current/log_inprogress_0
2022-02-09 14:04:58,414 [92df55c5-64ae-4653-a720-46004b8dbf8f@group-E552432DD2E2-LeaderElection10] INFO  server.RaftServer$Division (ServerState.java:setRaftConf(387)) - 92df55c5-64ae-4653-a720-46004b8dbf8f@group-E552432DD2E2: set configuration 0: [92df55c5-64ae-4653-a720-46004b8dbf8f|rpc:10.1.0.19:45105|dataStream:|priority:1], old=null
2022-02-09 14:04:58,509 [Listener at 127.0.0.1/35103] INFO  ozone.MiniOzoneClusterImpl (MiniOzoneClusterImpl.java:lambda$waitForClusterToBeReady$0(219)) - Nodes are ready. Got 3 of 3 DN Heartbeats.
2022-02-09 14:04:58,510 [Listener at 127.0.0.1/35103] INFO  ozone.MiniOzoneClusterImpl (MiniOzoneClusterImpl.java:lambda$waitForClusterToBeReady$0(222)) - Cluster exits safe mode
2022-02-09 14:04:58,510 [Listener at 127.0.0.1/35103] INFO  ozone.MiniOzoneClusterImpl (MiniOzoneClusterImpl.java:lambda$waitForClusterToBeReady$0(224)) - SCM became leader
2022-02-09 14:04:58,693 [6f5b8d78-77bb-45c7-81ed-2561031b889f@group-1CB619BA4F9A-FollowerState] INFO  impl.FollowerState (FollowerState.java:run(134)) - 6f5b8d78-77bb-45c7-81ed-2561031b889f@group-1CB619BA4F9A-FollowerState: change to CANDIDATE, lastRpcElapsedTime:5158788091ns, electionTimeout:5156ms
2022-02-09 14:04:58,693 [6f5b8d78-77bb-45c7-81ed-2561031b889f@group-1CB619BA4F9A-FollowerState] INFO  impl.RoleInfo (RoleInfo.java:shutdownFollowerState(108)) - 6f5b8d78-77bb-45c7-81ed-2561031b889f: shutdown 6f5b8d78-77bb-45c7-81ed-2561031b889f@group-1CB619BA4F9A-FollowerState
2022-02-09 14:04:58,693 [6f5b8d78-77bb-45c7-81ed-2561031b889f@group-1CB619BA4F9A-FollowerState] INFO  server.RaftServer$Division (RaftServerImpl.java:setRole(290)) - 6f5b8d78-77bb-45c7-81ed-2561031b889f@group-1CB619BA4F9A: changes role from  FOLLOWER to CANDIDATE at term 0 for changeToCandidate
2022-02-09 14:04:58,693 [6f5b8d78-77bb-45c7-81ed-2561031b889f@group-1CB619BA4F9A-FollowerState] INFO  server.RaftServerConfigKeys (ConfUtils.java:logGet(44)) - raft.server.leaderelection.pre-vote = false (custom)
2022-02-09 14:04:58,693 [6f5b8d78-77bb-45c7-81ed-2561031b889f@group-1CB619BA4F9A-FollowerState] INFO  impl.RoleInfo (RoleInfo.java:updateAndGet(130)) - 6f5b8d78-77bb-45c7-81ed-2561031b889f: start 6f5b8d78-77bb-45c7-81ed-2561031b889f@group-1CB619BA4F9A-LeaderElection11
2022-02-09 14:04:58,706 [6f5b8d78-77bb-45c7-81ed-2561031b889f@group-1CB619BA4F9A-LeaderElection11] INFO  impl.LeaderElection (LeaderElection.java:askForVotes(306)) - 6f5b8d78-77bb-45c7-81ed-2561031b889f@group-1CB619BA4F9A-LeaderElection11 ELECTION round 0: submit vote requests at term 1 for -1: [6f5b8d78-77bb-45c7-81ed-2561031b889f|rpc:10.1.0.19:42731|priority:1], old=null
2022-02-09 14:04:58,706 [6f5b8d78-77bb-45c7-81ed-2561031b889f@group-1CB619BA4F9A-LeaderElection11] INFO  impl.LeaderElection (LeaderElection.java:askForVotes(308)) - 6f5b8d78-77bb-45c7-81ed-2561031b889f@group-1CB619BA4F9A-LeaderElection11 ELECTION round 0: result PASSED (term=1)
2022-02-09 14:04:58,706 [6f5b8d78-77bb-45c7-81ed-2561031b889f@group-1CB619BA4F9A-LeaderElection11] INFO  impl.RoleInfo (RoleInfo.java:shutdownLeaderElection(121)) - 6f5b8d78-77bb-45c7-81ed-2561031b889f: shutdown 6f5b8d78-77bb-45c7-81ed-2561031b889f@group-1CB619BA4F9A-LeaderElection11
2022-02-09 14:04:58,706 [6f5b8d78-77bb-45c7-81ed-2561031b889f@group-1CB619BA4F9A-LeaderElection11] INFO  server.RaftServer$Division (RaftServerImpl.java:setRole(290)) - 6f5b8d78-77bb-45c7-81ed-2561031b889f@group-1CB619BA4F9A: changes role from CANDIDATE to LEADER at term 1 for changeToLeader
2022-02-09 14:04:58,706 [6f5b8d78-77bb-45c7-81ed-2561031b889f@group-1CB619BA4F9A-LeaderElection11] INFO  ratis.XceiverServerRatis (XceiverServerRatis.java:handleLeaderChangedNotification(866)) - Leader change notification received for group: group-1CB619BA4F9A with new leaderId: 6f5b8d78-77bb-45c7-81ed-2561031b889f
2022-02-09 14:04:58,707 [6f5b8d78-77bb-45c7-81ed-2561031b889f@group-1CB619BA4F9A-LeaderElection11] INFO  server.RaftServer$Division (ServerState.java:setLeader(285)) - 6f5b8d78-77bb-45c7-81ed-2561031b889f@group-1CB619BA4F9A: change Leader from null to 6f5b8d78-77bb-45c7-81ed-2561031b889f at term 1 for becomeLeader, leader elected after 5191ms
2022-02-09 14:04:58,707 [6f5b8d78-77bb-45c7-81ed-2561031b889f@group-1CB619BA4F9A-LeaderElection11] INFO  server.RaftServerConfigKeys (ConfUtils.java:logGet(44)) - raft.server.staging.catchup.gap = 1000 (default)
2022-02-09 14:04:58,707 [6f5b8d78-77bb-45c7-81ed-2561031b889f@group-1CB619BA4F9A-LeaderElection11] INFO  server.RaftServerConfigKeys (ConfUtils.java:logGet(44)) - raft.server.write.element-limit = 1024 (custom)
2022-02-09 14:04:58,707 [6f5b8d78-77bb-45c7-81ed-2561031b889f@group-1CB619BA4F9A-LeaderElection11] INFO  server.RaftServerConfigKeys (ConfUtils.java:logGet(44)) - raft.server.write.byte-limit = 1024 M (=1073741824) (custom)
2022-02-09 14:04:58,711 [6f5b8d78-77bb-45c7-81ed-2561031b889f@group-1CB619BA4F9A-LeaderElection11] INFO  server.RaftServerConfigKeys (ConfUtils.java:logGet(44)) - raft.server.watch.timeout = 180s (custom)
2022-02-09 14:04:58,711 [6f5b8d78-77bb-45c7-81ed-2561031b889f@group-1CB619BA4F9A-LeaderElection11] INFO  server.RaftServerConfigKeys (ConfUtils.java:logGet(44)) - raft.server.watch.timeout.denomination = 1s (default)
2022-02-09 14:04:58,712 [6f5b8d78-77bb-45c7-81ed-2561031b889f@group-1CB619BA4F9A-LeaderElection11] INFO  server.RaftServerConfigKeys (ConfUtils.java:logGet(44)) - raft.server.watch.element-limit = 65536 (default)
2022-02-09 14:04:58,712 [6f5b8d78-77bb-45c7-81ed-2561031b889f@group-1CB619BA4F9A-LeaderElection11] INFO  server.RaftServerConfigKeys (ConfUtils.java:logGet(44)) - raft.server.write.element-limit = 1024 (custom)
2022-02-09 14:04:58,712 [6f5b8d78-77bb-45c7-81ed-2561031b889f@group-1CB619BA4F9A-LeaderElection11] INFO  server.RaftServerConfigKeys (ConfUtils.java:logGet(44)) - raft.server.write.follower.gap.ratio.max = -1.0 (default)
2022-02-09 14:04:58,712 [6f5b8d78-77bb-45c7-81ed-2561031b889f@group-1CB619BA4F9A-LeaderElection11] INFO  impl.RoleInfo (RoleInfo.java:updateAndGet(130)) - 6f5b8d78-77bb-45c7-81ed-2561031b889f: start 6f5b8d78-77bb-45c7-81ed-2561031b889f@group-1CB619BA4F9A-LeaderStateImpl
2022-02-09 14:04:58,713 [6f5b8d78-77bb-45c7-81ed-2561031b889f@group-1CB619BA4F9A-LeaderElection11] INFO  segmented.SegmentedRaftLogWorker (SegmentedRaftLogWorker.java:startLogSegment(394)) - 6f5b8d78-77bb-45c7-81ed-2561031b889f@group-1CB619BA4F9A-SegmentedRaftLogWorker: Starting segment from index:0
2022-02-09 14:04:58,715 [6f5b8d78-77bb-45c7-81ed-2561031b889f@group-1CB619BA4F9A-SegmentedRaftLogWorker] INFO  segmented.SegmentedRaftLogWorker (SegmentedRaftLogWorker.java:execute(601)) - 6f5b8d78-77bb-45c7-81ed-2561031b889f@group-1CB619BA4F9A-SegmentedRaftLogWorker: created new log segment /home/runner/work/ozone/ozone/hadoop-ozone/integration-test/target/test-dir/MiniOzoneClusterImpl-9c41f9ea-08a3-4502-a72d-bbb1f5427d0a/datanode-2/data/ratis/b38fc2b2-be9e-4bb2-be8f-1cb619ba4f9a/current/log_inprogress_0
2022-02-09 14:04:58,725 [6f5b8d78-77bb-45c7-81ed-2561031b889f@group-1CB619BA4F9A-LeaderElection11] INFO  server.RaftServer$Division (ServerState.java:setRaftConf(387)) - 6f5b8d78-77bb-45c7-81ed-2561031b889f@group-1CB619BA4F9A: set configuration 0: [6f5b8d78-77bb-45c7-81ed-2561031b889f|rpc:10.1.0.19:42731|dataStream:|priority:1], old=null
]]></system-out>
  </testcase>
  <testcase name="testPrepareWithMultipleThreads" classname="org.apache.hadoop.ozone.om.TestOzoneManagerPrepare" time="126.122">
    <error message="timeout: after 120000 millis" type="java.util.concurrent.TimeoutException">java.util.concurrent.TimeoutException: timeout: after 120000 millis
	at org.apache.ozone.test.LambdaTestUtils$GenerateTimeout.evaluate(LambdaTestUtils.java:677)
	at org.apache.ozone.test.LambdaTestUtils.await(LambdaTestUtils.java:154)
	at org.apache.ozone.test.LambdaTestUtils.await(LambdaTestUtils.java:192)
	at org.apache.hadoop.ozone.om.TestOzoneManagerPrepare.assertRatisLogsCleared(TestOzoneManagerPrepare.java:510)
	at org.apache.hadoop.ozone.om.TestOzoneManagerPrepare.assertRatisLogsCleared(TestOzoneManagerPrepare.java:504)
	at org.apache.hadoop.ozone.om.TestOzoneManagerPrepare.testPrepareWithMultipleThreads(TestOzoneManagerPrepare.java:263)
	at sun.reflect.NativeMethodAccessorImpl.invoke0(Native Method)
	at sun.reflect.NativeMethodAccessorImpl.invoke(NativeMethodAccessorImpl.java:62)
	at sun.reflect.DelegatingMethodAccessorImpl.invoke(DelegatingMethodAccessorImpl.java:43)
	at java.lang.reflect.Method.invoke(Method.java:498)
	at org.junit.runners.model.FrameworkMethod$1.runReflectiveCall(FrameworkMethod.java:59)
	at org.junit.internal.runners.model.ReflectiveCallable.run(ReflectiveCallable.java:12)
	at org.junit.runners.model.FrameworkMethod.invokeExplosively(FrameworkMethod.java:56)
	at org.junit.internal.runners.statements.InvokeMethod.evaluate(InvokeMethod.java:17)
	at org.junit.internal.runners.statements.RunBefores.evaluate(RunBefores.java:26)
	at org.junit.internal.runners.statements.RunAfters.evaluate(RunAfters.java:27)
	at org.junit.rules.ExpectedException$ExpectedExceptionStatement.evaluate(ExpectedException.java:258)
	at org.junit.internal.runners.statements.FailOnTimeout$CallableStatement.call(FailOnTimeout.java:288)
	at org.junit.internal.runners.statements.FailOnTimeout$CallableStatement.call(FailOnTimeout.java:282)
	at java.util.concurrent.FutureTask.run(FutureTask.java:266)
	at java.lang.Thread.run(Thread.java:748)
</error>
    <system-out><![CDATA[2022-02-09 14:04:58,972 [Time-limited test] INFO  retry.RetryInvocationHandler (RetryInvocationHandler.java:log(411)) - com.google.protobuf.ServiceException: org.apache.hadoop.ipc.RemoteException(org.apache.hadoop.ozone.om.exceptions.OMNotLeaderException): OM:omNode-2 is not the leader. Could not determine the leader node.
	at org.apache.hadoop.ozone.om.ratis.utils.OzoneManagerRatisUtils.createNotLeaderException(OzoneManagerRatisUtils.java:360)
	at org.apache.hadoop.ozone.om.ratis.utils.OzoneManagerRatisUtils.checkLeaderStatus(OzoneManagerRatisUtils.java:346)
	at org.apache.hadoop.ozone.protocolPB.OzoneManagerProtocolServerSideTranslatorPB.checkLeaderStatus(OzoneManagerProtocolServerSideTranslatorPB.java:279)
	at org.apache.hadoop.ozone.protocolPB.OzoneManagerProtocolServerSideTranslatorPB.processRequest(OzoneManagerProtocolServerSideTranslatorPB.java:158)
	at org.apache.hadoop.hdds.server.OzoneProtocolMessageDispatcher.processRequest(OzoneProtocolMessageDispatcher.java:87)
	at org.apache.hadoop.ozone.protocolPB.OzoneManagerProtocolServerSideTranslatorPB.submitRequest(OzoneManagerProtocolServerSideTranslatorPB.java:124)
	at org.apache.hadoop.ozone.protocol.proto.OzoneManagerProtocolProtos$OzoneManagerService$2.callBlockingMethod(OzoneManagerProtocolProtos.java)
	at org.apache.hadoop.ipc.ProtobufRpcEngine$Server.processCall(ProtobufRpcEngine.java:466)
	at org.apache.hadoop.ipc.ProtobufRpcEngine2$Server$ProtoBufRpcInvoker.call(ProtobufRpcEngine2.java:574)
	at org.apache.hadoop.ipc.ProtobufRpcEngine2$Server$ProtoBufRpcInvoker.call(ProtobufRpcEngine2.java:552)
	at org.apache.hadoop.ipc.RPC$Server.call(RPC.java:1093)
	at org.apache.hadoop.ipc.Server$RpcCall.run(Server.java:1035)
	at org.apache.hadoop.ipc.Server$RpcCall.run(Server.java:963)
	at java.security.AccessController.doPrivileged(Native Method)
	at javax.security.auth.Subject.doAs(Subject.java:422)
	at org.apache.hadoop.security.UserGroupInformation.doAs(UserGroupInformation.java:1878)
	at org.apache.hadoop.ipc.Server$Handler.run(Server.java:2966)
, while invoking $Proxy53.submitRequest over nodeId=omNode-2,nodeAddress=127.0.0.1:46577 after 1 failover attempts. Trying to failover immediately.
2022-02-09 14:04:59,013 [OM StateMachine ApplyTransaction Thread - 0] INFO  upgrade.OMCancelPrepareRequest (OMCancelPrepareRequest.java:validateAndUpdateCache(55)) - OM omNode-3 Received cancel prepare request with log index 1
2022-02-09 14:04:59,019 [OM StateMachine ApplyTransaction Thread - 0] INFO  upgrade.OMCancelPrepareRequest (OMCancelPrepareRequest.java:validateAndUpdateCache(55)) - OM omNode-1 Received cancel prepare request with log index 1
2022-02-09 14:04:59,030 [OM StateMachine ApplyTransaction Thread - 0] INFO  upgrade.OMCancelPrepareRequest (OMCancelPrepareRequest.java:validateAndUpdateCache(55)) - OM omNode-2 Received cancel prepare request with log index 1
2022-02-09 14:04:59,176 [OM StateMachine ApplyTransaction Thread - 0] INFO  upgrade.OMCancelPrepareRequest (OMCancelPrepareRequest.java:validateAndUpdateCache(84)) - OM omNode-2 prepare state cancelled at log index 1. Returning response 
2022-02-09 14:04:59,180 [OM StateMachine ApplyTransaction Thread - 0] INFO  upgrade.OMCancelPrepareRequest (OMCancelPrepareRequest.java:validateAndUpdateCache(84)) - OM omNode-1 prepare state cancelled at log index 1. Returning response 
2022-02-09 14:04:59,180 [OM StateMachine ApplyTransaction Thread - 0] INFO  upgrade.OMCancelPrepareRequest (OMCancelPrepareRequest.java:validateAndUpdateCache(84)) - OM omNode-3 prepare state cancelled at log index 1. Returning response 
2022-02-09 14:04:59,227 [Time-limited test] INFO  rpc.RpcClient (RpcClient.java:createVolume(399)) - Creating Volume: vol, with runner as owner and space quota set to -1 bytes, counts quota set to -1
2022-02-09 14:04:59,260 [OM StateMachine ApplyTransaction Thread - 0] INFO  volume.OMVolumeCreateRequest (OMVolumeCreateRequest.java:validateAndUpdateCache(195)) - created volume:vol for user:runner
2022-02-09 14:04:59,260 [OM StateMachine ApplyTransaction Thread - 0] INFO  volume.OMVolumeCreateRequest (OMVolumeCreateRequest.java:validateAndUpdateCache(195)) - created volume:vol for user:runner
2022-02-09 14:04:59,260 [OM StateMachine ApplyTransaction Thread - 0] INFO  volume.OMVolumeCreateRequest (OMVolumeCreateRequest.java:validateAndUpdateCache(195)) - created volume:vol for user:runner
2022-02-09 14:04:59,296 [pool-163-thread-2] INFO  rpc.RpcClient (RpcClient.java:createVolume(399)) - Creating Volume: volume1, with runner as owner and space quota set to -1 bytes, counts quota set to -1
2022-02-09 14:04:59,297 [pool-163-thread-4] INFO  rpc.RpcClient (RpcClient.java:createVolume(399)) - Creating Volume: volume3, with runner as owner and space quota set to -1 bytes, counts quota set to -1
2022-02-09 14:04:59,296 [pool-163-thread-1] INFO  rpc.RpcClient (RpcClient.java:createVolume(399)) - Creating Volume: volume0, with runner as owner and space quota set to -1 bytes, counts quota set to -1
2022-02-09 14:04:59,299 [pool-163-thread-9] INFO  rpc.RpcClient (RpcClient.java:createVolume(399)) - Creating Volume: volume8, with runner as owner and space quota set to -1 bytes, counts quota set to -1
2022-02-09 14:04:59,297 [pool-163-thread-5] INFO  rpc.RpcClient (RpcClient.java:createVolume(399)) - Creating Volume: volume4, with runner as owner and space quota set to -1 bytes, counts quota set to -1
2022-02-09 14:04:59,298 [pool-163-thread-8] INFO  rpc.RpcClient (RpcClient.java:createVolume(399)) - Creating Volume: volume7, with runner as owner and space quota set to -1 bytes, counts quota set to -1
2022-02-09 14:04:59,298 [pool-163-thread-7] INFO  rpc.RpcClient (RpcClient.java:createVolume(399)) - Creating Volume: volume6, with runner as owner and space quota set to -1 bytes, counts quota set to -1
2022-02-09 14:04:59,298 [pool-163-thread-3] INFO  rpc.RpcClient (RpcClient.java:createVolume(399)) - Creating Volume: volume2, with runner as owner and space quota set to -1 bytes, counts quota set to -1
2022-02-09 14:04:59,316 [pool-163-thread-10] INFO  rpc.RpcClient (RpcClient.java:createVolume(399)) - Creating Volume: volume9, with runner as owner and space quota set to -1 bytes, counts quota set to -1
2022-02-09 14:04:59,320 [OM StateMachine ApplyTransaction Thread - 0] INFO  volume.OMVolumeCreateRequest (OMVolumeCreateRequest.java:validateAndUpdateCache(195)) - created volume:volume1 for user:runner
2022-02-09 14:04:59,336 [OM StateMachine ApplyTransaction Thread - 0] INFO  volume.OMVolumeCreateRequest (OMVolumeCreateRequest.java:validateAndUpdateCache(195)) - created volume:volume3 for user:runner
2022-02-09 14:04:59,350 [OM StateMachine ApplyTransaction Thread - 0] INFO  volume.OMVolumeCreateRequest (OMVolumeCreateRequest.java:validateAndUpdateCache(195)) - created volume:volume1 for user:runner
2022-02-09 14:04:59,357 [OM StateMachine ApplyTransaction Thread - 0] INFO  volume.OMVolumeCreateRequest (OMVolumeCreateRequest.java:validateAndUpdateCache(195)) - created volume:volume1 for user:runner
2022-02-09 14:04:59,371 [OM StateMachine ApplyTransaction Thread - 0] INFO  volume.OMVolumeCreateRequest (OMVolumeCreateRequest.java:validateAndUpdateCache(195)) - created volume:volume3 for user:runner
2022-02-09 14:04:59,374 [OM StateMachine ApplyTransaction Thread - 0] INFO  volume.OMVolumeCreateRequest (OMVolumeCreateRequest.java:validateAndUpdateCache(195)) - created volume:volume0 for user:runner
2022-02-09 14:04:59,378 [OM StateMachine ApplyTransaction Thread - 0] INFO  volume.OMVolumeCreateRequest (OMVolumeCreateRequest.java:validateAndUpdateCache(195)) - created volume:volume9 for user:runner
2022-02-09 14:04:59,387 [OM StateMachine ApplyTransaction Thread - 0] INFO  volume.OMVolumeCreateRequest (OMVolumeCreateRequest.java:validateAndUpdateCache(195)) - created volume:volume3 for user:runner
2022-02-09 14:04:59,393 [OM StateMachine ApplyTransaction Thread - 0] INFO  volume.OMVolumeCreateRequest (OMVolumeCreateRequest.java:validateAndUpdateCache(195)) - created volume:volume0 for user:runner
2022-02-09 14:04:59,394 [OM StateMachine ApplyTransaction Thread - 0] INFO  volume.OMVolumeCreateRequest (OMVolumeCreateRequest.java:validateAndUpdateCache(195)) - created volume:volume9 for user:runner
2022-02-09 14:04:59,403 [OM StateMachine ApplyTransaction Thread - 0] INFO  volume.OMVolumeCreateRequest (OMVolumeCreateRequest.java:validateAndUpdateCache(195)) - created volume:volume0 for user:runner
2022-02-09 14:04:59,404 [OM StateMachine ApplyTransaction Thread - 0] INFO  volume.OMVolumeCreateRequest (OMVolumeCreateRequest.java:validateAndUpdateCache(195)) - created volume:volume8 for user:runner
2022-02-09 14:04:59,407 [OM StateMachine ApplyTransaction Thread - 0] INFO  volume.OMVolumeCreateRequest (OMVolumeCreateRequest.java:validateAndUpdateCache(195)) - created volume:volume4 for user:runner
2022-02-09 14:04:59,408 [OM StateMachine ApplyTransaction Thread - 0] INFO  volume.OMVolumeCreateRequest (OMVolumeCreateRequest.java:validateAndUpdateCache(195)) - created volume:volume9 for user:runner
2022-02-09 14:04:59,410 [OM StateMachine ApplyTransaction Thread - 0] INFO  volume.OMVolumeCreateRequest (OMVolumeCreateRequest.java:validateAndUpdateCache(195)) - created volume:volume2 for user:runner
2022-02-09 14:04:59,411 [OM StateMachine ApplyTransaction Thread - 0] INFO  volume.OMVolumeCreateRequest (OMVolumeCreateRequest.java:validateAndUpdateCache(195)) - created volume:volume6 for user:runner
2022-02-09 14:04:59,415 [OM StateMachine ApplyTransaction Thread - 0] INFO  volume.OMVolumeCreateRequest (OMVolumeCreateRequest.java:validateAndUpdateCache(195)) - created volume:volume7 for user:runner
2022-02-09 14:04:59,416 [OM StateMachine ApplyTransaction Thread - 0] INFO  upgrade.OMPrepareRequest (OMPrepareRequest.java:validateAndUpdateCache(67)) - OM omNode-3 Received prepare request with log index 18
2022-02-09 14:04:59,419 [OM StateMachine ApplyTransaction Thread - 0] INFO  volume.OMVolumeCreateRequest (OMVolumeCreateRequest.java:validateAndUpdateCache(195)) - created volume:volume8 for user:runner
2022-02-09 14:04:59,421 [OM StateMachine ApplyTransaction Thread - 0] INFO  upgrade.OMPrepareRequest (OMPrepareRequest.java:waitForLogIndex(176)) - omNode-3 waiting for index 18 to flush to OM DB and index 19 to flush to Ratis state machine.
2022-02-09 14:04:59,422 [OM StateMachine ApplyTransaction Thread - 0] INFO  volume.OMVolumeCreateRequest (OMVolumeCreateRequest.java:validateAndUpdateCache(195)) - created volume:volume4 for user:runner
2022-02-09 14:04:59,422 [OM StateMachine ApplyTransaction Thread - 0] INFO  volume.OMVolumeCreateRequest (OMVolumeCreateRequest.java:validateAndUpdateCache(195)) - created volume:volume2 for user:runner
2022-02-09 14:04:59,423 [OM StateMachine ApplyTransaction Thread - 0] INFO  volume.OMVolumeCreateRequest (OMVolumeCreateRequest.java:validateAndUpdateCache(195)) - created volume:volume6 for user:runner
2022-02-09 14:04:59,423 [OM StateMachine ApplyTransaction Thread - 0] INFO  volume.OMVolumeCreateRequest (OMVolumeCreateRequest.java:validateAndUpdateCache(195)) - created volume:volume8 for user:runner
2022-02-09 14:04:59,423 [OM StateMachine ApplyTransaction Thread - 0] INFO  volume.OMVolumeCreateRequest (OMVolumeCreateRequest.java:validateAndUpdateCache(195)) - created volume:volume7 for user:runner
2022-02-09 14:04:59,424 [OM StateMachine ApplyTransaction Thread - 0] INFO  volume.OMVolumeCreateRequest (OMVolumeCreateRequest.java:validateAndUpdateCache(195)) - created volume:volume4 for user:runner
2022-02-09 14:04:59,424 [OM StateMachine ApplyTransaction Thread - 0] INFO  volume.OMVolumeCreateRequest (OMVolumeCreateRequest.java:validateAndUpdateCache(195)) - created volume:volume2 for user:runner
2022-02-09 14:04:59,425 [OM StateMachine ApplyTransaction Thread - 0] INFO  volume.OMVolumeCreateRequest (OMVolumeCreateRequest.java:validateAndUpdateCache(195)) - created volume:volume6 for user:runner
2022-02-09 14:04:59,425 [OM StateMachine ApplyTransaction Thread - 0] INFO  volume.OMVolumeCreateRequest (OMVolumeCreateRequest.java:validateAndUpdateCache(195)) - created volume:volume7 for user:runner
2022-02-09 14:04:59,425 [OM StateMachine ApplyTransaction Thread - 0] INFO  ratis.OzoneManagerStateMachine (OzoneManagerStateMachine.java:takeSnapshot(417)) - Current Snapshot Index (t:2, i:21)
2022-02-09 14:04:59,423 [OM StateMachine ApplyTransaction Thread - 0] INFO  upgrade.OMPrepareRequest (OMPrepareRequest.java:validateAndUpdateCache(67)) - OM omNode-2 Received prepare request with log index 18
2022-02-09 14:04:59,425 [OM StateMachine ApplyTransaction Thread - 0] INFO  upgrade.OMPrepareRequest (OMPrepareRequest.java:validateAndUpdateCache(67)) - OM omNode-1 Received prepare request with log index 18
2022-02-09 14:04:59,429 [OM StateMachine ApplyTransaction Thread - 0] INFO  upgrade.OMPrepareRequest (OMPrepareRequest.java:waitForLogIndex(176)) - omNode-1 waiting for index 18 to flush to OM DB and index 19 to flush to Ratis state machine.
2022-02-09 14:04:59,430 [OM StateMachine ApplyTransaction Thread - 0] INFO  ratis.OzoneManagerStateMachine (OzoneManagerStateMachine.java:takeSnapshot(417)) - Current Snapshot Index (t:2, i:20)
2022-02-09 14:04:59,430 [OM StateMachine ApplyTransaction Thread - 0] INFO  segmented.SegmentedRaftLogWorker (SegmentedRaftLogWorker.java:lambda$new$0(133)) - omNode-3@group-523986131536-SegmentedRaftLogWorker: flushIndex: setUnconditionally 21 -> 21
2022-02-09 14:04:59,430 [OM StateMachine ApplyTransaction Thread - 0] INFO  segmented.SegmentedRaftLogWorker (SegmentedRaftLogWorker.java:lambda$new$0(133)) - omNode-3@group-523986131536-SegmentedRaftLogWorker: safeCacheEvictIndex: setUnconditionally -1 -> 21
2022-02-09 14:04:59,429 [OM StateMachine ApplyTransaction Thread - 0] INFO  upgrade.OMPrepareRequest (OMPrepareRequest.java:waitForLogIndex(176)) - omNode-2 waiting for index 18 to flush to OM DB and index 19 to flush to Ratis state machine.
2022-02-09 14:04:59,430 [OM StateMachine ApplyTransaction Thread - 0] INFO  segmented.SegmentedRaftLogWorker (SegmentedRaftLogWorker.java:closeLogSegment(415)) - omNode-3@group-523986131536-SegmentedRaftLogWorker: Closing segment log_inprogress_0 to index: 21
2022-02-09 14:04:59,430 [OM StateMachine ApplyTransaction Thread - 0] INFO  segmented.SegmentedRaftLogWorker (SegmentedRaftLogWorker.java:lambda$new$0(133)) - omNode-1@group-523986131536-SegmentedRaftLogWorker: flushIndex: setUnconditionally 21 -> 20
2022-02-09 14:04:59,436 [OM StateMachine ApplyTransaction Thread - 0] INFO  segmented.SegmentedRaftLogWorker (SegmentedRaftLogWorker.java:lambda$new$0(133)) - omNode-1@group-523986131536-SegmentedRaftLogWorker: safeCacheEvictIndex: setUnconditionally -1 -> 20
2022-02-09 14:04:59,436 [OM StateMachine ApplyTransaction Thread - 0] INFO  raftlog.RaftLog (RaftLogBase.java:lambda$new$0(53)) - omNode-1@group-523986131536-SegmentedRaftLog: snapshotIndex: updateIncreasingly -1 -> 20
2022-02-09 14:04:59,436 [OM StateMachine ApplyTransaction Thread - 0] INFO  om.OzoneManagerPrepareState (OzoneManagerPrepareState.java:writePrepareMarkerFile(262)) - Prepare marker file written with log index 18 to file /home/runner/work/ozone/ozone/hadoop-ozone/integration-test/target/test-dir/MiniOzoneClusterImpl-9c41f9ea-08a3-4502-a72d-bbb1f5427d0a/omNode-1/current/prepareMarker
2022-02-09 14:04:59,437 [OM StateMachine ApplyTransaction Thread - 0] INFO  upgrade.OMPrepareRequest (OMPrepareRequest.java:validateAndUpdateCache(120)) - OM omNode-1 prepared at log index 18. Returning response txnID: 18
 with log index 18
2022-02-09 14:04:59,437 [OM StateMachine ApplyTransaction Thread - 0] INFO  raftlog.RaftLog (RaftLogBase.java:lambda$new$0(53)) - omNode-3@group-523986131536-SegmentedRaftLog: snapshotIndex: updateIncreasingly -1 -> 21
2022-02-09 14:04:59,438 [omNode-3@group-523986131536-SegmentedRaftLogWorker] INFO  segmented.SegmentedRaftLogWorker (SegmentedRaftLogWorker.java:execute(558)) - omNode-3@group-523986131536-SegmentedRaftLogWorker: Rolled log segment from /home/runner/work/ozone/ozone/hadoop-ozone/integration-test/target/test-dir/MiniOzoneClusterImpl-9c41f9ea-08a3-4502-a72d-bbb1f5427d0a/omNode-3/ratis/c9bc4cf4-3bc3-3c60-a66b-523986131536/current/log_inprogress_0 to /home/runner/work/ozone/ozone/hadoop-ozone/integration-test/target/test-dir/MiniOzoneClusterImpl-9c41f9ea-08a3-4502-a72d-bbb1f5427d0a/omNode-3/ratis/c9bc4cf4-3bc3-3c60-a66b-523986131536/current/log_0-21
2022-02-09 14:04:59,440 [OM StateMachine ApplyTransaction Thread - 0] INFO  om.OzoneManagerPrepareState (OzoneManagerPrepareState.java:writePrepareMarkerFile(262)) - Prepare marker file written with log index 18 to file /home/runner/work/ozone/ozone/hadoop-ozone/integration-test/target/test-dir/MiniOzoneClusterImpl-9c41f9ea-08a3-4502-a72d-bbb1f5427d0a/omNode-3/current/prepareMarker
2022-02-09 14:04:59,440 [OM StateMachine ApplyTransaction Thread - 0] INFO  upgrade.OMPrepareRequest (OMPrepareRequest.java:validateAndUpdateCache(120)) - OM omNode-3 prepared at log index 18. Returning response txnID: 18
 with log index 18
2022-02-09 14:04:59,441 [Time-limited test] INFO  om.TestOzoneManagerPrepare (TestOzoneManagerPrepare.java:lambda$assertClusterPrepared$6(454)) - omNode-3 has prepare status: PREPARE_COMPLETED prepare index: 18.
2022-02-09 14:04:59,442 [Time-limited test] INFO  om.TestOzoneManagerPrepare (TestOzoneManagerPrepare.java:lambda$assertClusterPrepared$6(454)) - omNode-1 has prepare status: PREPARE_COMPLETED prepare index: 18.
2022-02-09 14:04:59,442 [Time-limited test] INFO  om.TestOzoneManagerPrepare (TestOzoneManagerPrepare.java:lambda$assertClusterPrepared$6(454)) - omNode-2 has prepare status: NOT_PREPARED prepare index: -1.
2022-02-09 14:05:00,443 [Time-limited test] INFO  om.TestOzoneManagerPrepare (TestOzoneManagerPrepare.java:lambda$assertClusterPrepared$6(454)) - omNode-2 has prepare status: NOT_PREPARED prepare index: -1.
2022-02-09 14:05:01,443 [Time-limited test] INFO  om.TestOzoneManagerPrepare (TestOzoneManagerPrepare.java:lambda$assertClusterPrepared$6(454)) - omNode-2 has prepare status: NOT_PREPARED prepare index: -1.
2022-02-09 14:05:02,443 [Time-limited test] INFO  om.TestOzoneManagerPrepare (TestOzoneManagerPrepare.java:lambda$assertClusterPrepared$6(454)) - omNode-2 has prepare status: NOT_PREPARED prepare index: -1.
2022-02-09 14:05:03,444 [Time-limited test] INFO  om.TestOzoneManagerPrepare (TestOzoneManagerPrepare.java:lambda$assertClusterPrepared$6(454)) - omNode-2 has prepare status: NOT_PREPARED prepare index: -1.
2022-02-09 14:05:03,472 [92df55c5-64ae-4653-a720-46004b8dbf8f@group-D1587C1BBF41-FollowerState] INFO  impl.FollowerState (FollowerState.java:run(134)) - 92df55c5-64ae-4653-a720-46004b8dbf8f@group-D1587C1BBF41-FollowerState: change to CANDIDATE, lastRpcElapsedTime:5105080308ns, electionTimeout:5102ms
2022-02-09 14:05:03,472 [92df55c5-64ae-4653-a720-46004b8dbf8f@group-D1587C1BBF41-FollowerState] INFO  impl.RoleInfo (RoleInfo.java:shutdownFollowerState(108)) - 92df55c5-64ae-4653-a720-46004b8dbf8f: shutdown 92df55c5-64ae-4653-a720-46004b8dbf8f@group-D1587C1BBF41-FollowerState
2022-02-09 14:05:03,472 [92df55c5-64ae-4653-a720-46004b8dbf8f@group-D1587C1BBF41-FollowerState] INFO  server.RaftServer$Division (RaftServerImpl.java:setRole(290)) - 92df55c5-64ae-4653-a720-46004b8dbf8f@group-D1587C1BBF41: changes role from  FOLLOWER to CANDIDATE at term 1 for changeToCandidate
2022-02-09 14:05:03,473 [92df55c5-64ae-4653-a720-46004b8dbf8f@group-D1587C1BBF41-FollowerState] INFO  server.RaftServerConfigKeys (ConfUtils.java:logGet(44)) - raft.server.leaderelection.pre-vote = false (custom)
2022-02-09 14:05:03,473 [92df55c5-64ae-4653-a720-46004b8dbf8f@group-D1587C1BBF41-FollowerState] INFO  impl.RoleInfo (RoleInfo.java:updateAndGet(130)) - 92df55c5-64ae-4653-a720-46004b8dbf8f: start 92df55c5-64ae-4653-a720-46004b8dbf8f@group-D1587C1BBF41-LeaderElection12
2022-02-09 14:05:03,476 [92df55c5-64ae-4653-a720-46004b8dbf8f@group-D1587C1BBF41-LeaderElection12] INFO  impl.LeaderElection (LeaderElection.java:askForVotes(306)) - 92df55c5-64ae-4653-a720-46004b8dbf8f@group-D1587C1BBF41-LeaderElection12 ELECTION round 0: submit vote requests at term 2 for -1: [6f5b8d78-77bb-45c7-81ed-2561031b889f|rpc:10.1.0.19:42731|priority:0, 92df55c5-64ae-4653-a720-46004b8dbf8f|rpc:10.1.0.19:45105|priority:1, 76394f58-7664-4cfd-8484-a797f937a558|rpc:10.1.0.19:34823|priority:0], old=null
2022-02-09 14:05:03,489 [grpc-default-executor-1] INFO  server.RaftServer$Division (RaftServerImpl.java:requestVote(1046)) - 6f5b8d78-77bb-45c7-81ed-2561031b889f@group-D1587C1BBF41: receive requestVote(ELECTION, 92df55c5-64ae-4653-a720-46004b8dbf8f, group-D1587C1BBF41, 2, (t:0, i:0))
2022-02-09 14:05:03,489 [grpc-default-executor-1] INFO  impl.VoteContext (VoteContext.java:log(48)) - 6f5b8d78-77bb-45c7-81ed-2561031b889f@group-D1587C1BBF41-FOLLOWER: accept ELECTION from 92df55c5-64ae-4653-a720-46004b8dbf8f: our priority 0 <= candidate's priority 1
2022-02-09 14:05:03,489 [grpc-default-executor-1] INFO  server.RaftServer$Division (RaftServerImpl.java:setRole(290)) - 6f5b8d78-77bb-45c7-81ed-2561031b889f@group-D1587C1BBF41: changes role from  FOLLOWER to FOLLOWER at term 2 for candidate:92df55c5-64ae-4653-a720-46004b8dbf8f
2022-02-09 14:05:03,489 [grpc-default-executor-1] INFO  impl.RoleInfo (RoleInfo.java:shutdownFollowerState(108)) - 6f5b8d78-77bb-45c7-81ed-2561031b889f: shutdown 6f5b8d78-77bb-45c7-81ed-2561031b889f@group-D1587C1BBF41-FollowerState
2022-02-09 14:05:03,489 [grpc-default-executor-1] INFO  impl.RoleInfo (RoleInfo.java:updateAndGet(130)) - 6f5b8d78-77bb-45c7-81ed-2561031b889f: start 6f5b8d78-77bb-45c7-81ed-2561031b889f@group-D1587C1BBF41-FollowerState
2022-02-09 14:05:03,489 [6f5b8d78-77bb-45c7-81ed-2561031b889f@group-D1587C1BBF41-FollowerState] INFO  impl.FollowerState (FollowerState.java:run(143)) - 6f5b8d78-77bb-45c7-81ed-2561031b889f@group-D1587C1BBF41-FollowerState was interrupted: {}
java.lang.InterruptedException: sleep interrupted
	at java.lang.Thread.sleep(Native Method)
	at java.lang.Thread.sleep(Thread.java:340)
	at java.util.concurrent.TimeUnit.sleep(TimeUnit.java:386)
	at org.apache.ratis.util.TimeDuration.sleep(TimeDuration.java:324)
	at org.apache.ratis.util.TimeDuration.sleep(TimeDuration.java:309)
	at org.apache.ratis.server.impl.FollowerState.run(FollowerState.java:118)
2022-02-09 14:05:03,497 [grpc-default-executor-1] INFO  server.RaftServer$Division (RaftServerImpl.java:requestVote(1078)) - 6f5b8d78-77bb-45c7-81ed-2561031b889f@group-D1587C1BBF41 replies to ELECTION vote request: 92df55c5-64ae-4653-a720-46004b8dbf8f<-6f5b8d78-77bb-45c7-81ed-2561031b889f#0:OK-t2. Peer's state: 6f5b8d78-77bb-45c7-81ed-2561031b889f@group-D1587C1BBF41:t2, leader=null, voted=92df55c5-64ae-4653-a720-46004b8dbf8f, raftlog=6f5b8d78-77bb-45c7-81ed-2561031b889f@group-D1587C1BBF41-SegmentedRaftLog:OPENED:c-1, conf=-1: [6f5b8d78-77bb-45c7-81ed-2561031b889f|rpc:10.1.0.19:42731|dataStream:|priority:0, 92df55c5-64ae-4653-a720-46004b8dbf8f|rpc:10.1.0.19:45105|dataStream:|priority:1, 76394f58-7664-4cfd-8484-a797f937a558|rpc:10.1.0.19:34823|dataStream:|priority:0], old=null
2022-02-09 14:05:03,499 [92df55c5-64ae-4653-a720-46004b8dbf8f@group-D1587C1BBF41-LeaderElection12] INFO  impl.LeaderElection (LeaderElection.java:logAndReturn(89)) - 92df55c5-64ae-4653-a720-46004b8dbf8f@group-D1587C1BBF41-LeaderElection12: ELECTION PASSED received 1 response(s) and 0 exception(s):
2022-02-09 14:05:03,499 [92df55c5-64ae-4653-a720-46004b8dbf8f@group-D1587C1BBF41-LeaderElection12] INFO  impl.LeaderElection (LeaderElection.java:logAndReturn(93)) -   Response 0: 92df55c5-64ae-4653-a720-46004b8dbf8f<-6f5b8d78-77bb-45c7-81ed-2561031b889f#0:OK-t2
2022-02-09 14:05:03,499 [92df55c5-64ae-4653-a720-46004b8dbf8f@group-D1587C1BBF41-LeaderElection12] INFO  impl.LeaderElection (LeaderElection.java:askForVotes(308)) - 92df55c5-64ae-4653-a720-46004b8dbf8f@group-D1587C1BBF41-LeaderElection12 ELECTION round 0: result PASSED
2022-02-09 14:05:03,499 [92df55c5-64ae-4653-a720-46004b8dbf8f@group-D1587C1BBF41-LeaderElection12] INFO  impl.RoleInfo (RoleInfo.java:shutdownLeaderElection(121)) - 92df55c5-64ae-4653-a720-46004b8dbf8f: shutdown 92df55c5-64ae-4653-a720-46004b8dbf8f@group-D1587C1BBF41-LeaderElection12
2022-02-09 14:05:03,499 [92df55c5-64ae-4653-a720-46004b8dbf8f@group-D1587C1BBF41-LeaderElection12] INFO  server.RaftServer$Division (RaftServerImpl.java:setRole(290)) - 92df55c5-64ae-4653-a720-46004b8dbf8f@group-D1587C1BBF41: changes role from CANDIDATE to LEADER at term 2 for changeToLeader
2022-02-09 14:05:03,499 [92df55c5-64ae-4653-a720-46004b8dbf8f@group-D1587C1BBF41-LeaderElection12] INFO  ratis.XceiverServerRatis (XceiverServerRatis.java:handleLeaderChangedNotification(866)) - Leader change notification received for group: group-D1587C1BBF41 with new leaderId: 92df55c5-64ae-4653-a720-46004b8dbf8f
2022-02-09 14:05:03,499 [92df55c5-64ae-4653-a720-46004b8dbf8f@group-D1587C1BBF41-LeaderElection12] INFO  server.RaftServer$Division (ServerState.java:setLeader(285)) - 92df55c5-64ae-4653-a720-46004b8dbf8f@group-D1587C1BBF41: change Leader from null to 92df55c5-64ae-4653-a720-46004b8dbf8f at term 2 for becomeLeader, leader elected after 10154ms
2022-02-09 14:05:03,499 [92df55c5-64ae-4653-a720-46004b8dbf8f@group-D1587C1BBF41-LeaderElection12] INFO  server.RaftServerConfigKeys (ConfUtils.java:logGet(44)) - raft.server.staging.catchup.gap = 1000 (default)
2022-02-09 14:05:03,502 [grpc-default-executor-2] INFO  server.RaftServer$Division (RaftServerImpl.java:requestVote(1046)) - 76394f58-7664-4cfd-8484-a797f937a558@group-D1587C1BBF41: receive requestVote(ELECTION, 92df55c5-64ae-4653-a720-46004b8dbf8f, group-D1587C1BBF41, 2, (t:0, i:0))
2022-02-09 14:05:03,505 [grpc-default-executor-2] INFO  impl.VoteContext (VoteContext.java:log(48)) - 76394f58-7664-4cfd-8484-a797f937a558@group-D1587C1BBF41-FOLLOWER: accept ELECTION from 92df55c5-64ae-4653-a720-46004b8dbf8f: our priority 0 <= candidate's priority 1
2022-02-09 14:05:03,506 [grpc-default-executor-2] INFO  server.RaftServer$Division (RaftServerImpl.java:setRole(290)) - 76394f58-7664-4cfd-8484-a797f937a558@group-D1587C1BBF41: changes role from  FOLLOWER to FOLLOWER at term 2 for candidate:92df55c5-64ae-4653-a720-46004b8dbf8f
2022-02-09 14:05:03,506 [grpc-default-executor-2] INFO  impl.RoleInfo (RoleInfo.java:shutdownFollowerState(108)) - 76394f58-7664-4cfd-8484-a797f937a558: shutdown 76394f58-7664-4cfd-8484-a797f937a558@group-D1587C1BBF41-FollowerState
2022-02-09 14:05:03,506 [grpc-default-executor-2] INFO  impl.RoleInfo (RoleInfo.java:updateAndGet(130)) - 76394f58-7664-4cfd-8484-a797f937a558: start 76394f58-7664-4cfd-8484-a797f937a558@group-D1587C1BBF41-FollowerState
2022-02-09 14:05:03,506 [76394f58-7664-4cfd-8484-a797f937a558@group-D1587C1BBF41-FollowerState] INFO  impl.FollowerState (FollowerState.java:run(143)) - 76394f58-7664-4cfd-8484-a797f937a558@group-D1587C1BBF41-FollowerState was interrupted: {}
java.lang.InterruptedException: sleep interrupted
	at java.lang.Thread.sleep(Native Method)
	at java.lang.Thread.sleep(Thread.java:340)
	at java.util.concurrent.TimeUnit.sleep(TimeUnit.java:386)
	at org.apache.ratis.util.TimeDuration.sleep(TimeDuration.java:324)
	at org.apache.ratis.util.TimeDuration.sleep(TimeDuration.java:309)
	at org.apache.ratis.server.impl.FollowerState.run(FollowerState.java:118)
2022-02-09 14:05:03,504 [92df55c5-64ae-4653-a720-46004b8dbf8f@group-D1587C1BBF41-LeaderElection12] INFO  server.RaftServerConfigKeys (ConfUtils.java:logGet(44)) - raft.server.write.element-limit = 1024 (custom)
2022-02-09 14:05:03,506 [92df55c5-64ae-4653-a720-46004b8dbf8f@group-D1587C1BBF41-LeaderElection12] INFO  server.RaftServerConfigKeys (ConfUtils.java:logGet(44)) - raft.server.write.byte-limit = 1024 M (=1073741824) (custom)
2022-02-09 14:05:03,507 [92df55c5-64ae-4653-a720-46004b8dbf8f@group-D1587C1BBF41-LeaderElection12] INFO  server.RaftServerConfigKeys (ConfUtils.java:logGet(44)) - raft.server.watch.timeout = 180s (custom)
2022-02-09 14:05:03,507 [92df55c5-64ae-4653-a720-46004b8dbf8f@group-D1587C1BBF41-LeaderElection12] INFO  server.RaftServerConfigKeys (ConfUtils.java:logGet(44)) - raft.server.watch.timeout.denomination = 1s (default)
2022-02-09 14:05:03,507 [92df55c5-64ae-4653-a720-46004b8dbf8f@group-D1587C1BBF41-LeaderElection12] INFO  server.RaftServerConfigKeys (ConfUtils.java:logGet(44)) - raft.server.watch.element-limit = 65536 (default)
2022-02-09 14:05:03,507 [92df55c5-64ae-4653-a720-46004b8dbf8f@group-D1587C1BBF41-LeaderElection12] INFO  server.RaftServerConfigKeys (ConfUtils.java:logGet(44)) - raft.server.write.element-limit = 1024 (custom)
2022-02-09 14:05:03,507 [92df55c5-64ae-4653-a720-46004b8dbf8f@group-D1587C1BBF41-LeaderElection12] INFO  server.RaftServerConfigKeys (ConfUtils.java:logGet(44)) - raft.server.write.follower.gap.ratio.max = -1.0 (default)
2022-02-09 14:05:03,507 [92df55c5-64ae-4653-a720-46004b8dbf8f@group-D1587C1BBF41-LeaderElection12] INFO  server.RaftServerConfigKeys (ConfUtils.java:logGet(44)) - raft.server.log.appender.snapshot.chunk.size.max = 16MB (=16777216) (default)
2022-02-09 14:05:03,507 [92df55c5-64ae-4653-a720-46004b8dbf8f@group-D1587C1BBF41-LeaderElection12] INFO  server.RaftServerConfigKeys (ConfUtils.java:logGet(44)) - raft.server.log.appender.buffer.byte-limit = 33554432 (custom)
2022-02-09 14:05:03,507 [92df55c5-64ae-4653-a720-46004b8dbf8f@group-D1587C1BBF41-LeaderElection12] INFO  server.RaftServerConfigKeys (ConfUtils.java:logGet(44)) - raft.server.log.appender.buffer.element-limit = 1 (custom)
2022-02-09 14:05:03,504 [EventQueue-PipelineReportForPipelineReportHandler] INFO  pipeline.PipelineManagerImpl (PipelineManagerImpl.java:openPipeline(291)) - Pipeline Pipeline[ Id: 22671845-bfbf-49a9-89a6-d1587c1bbf41, Nodes: 76394f58-7664-4cfd-8484-a797f937a558{ip: 10.1.0.19, host: fv-az270-916.tacnzluakwdehk1hpragurqkma.bx.internal.cloudapp.net, ports: [REPLICATION=33821, RATIS=34823, RATIS_ADMIN=34823, RATIS_SERVER=34823, STANDALONE=45505], networkLocation: /default-rack, certSerialId: null, persistedOpState: IN_SERVICE, persistedOpStateExpiryEpochSec: 0}92df55c5-64ae-4653-a720-46004b8dbf8f{ip: 10.1.0.19, host: fv-az270-916.tacnzluakwdehk1hpragurqkma.bx.internal.cloudapp.net, ports: [REPLICATION=42501, RATIS=45105, RATIS_ADMIN=45105, RATIS_SERVER=45105, STANDALONE=42111], networkLocation: /default-rack, certSerialId: null, persistedOpState: IN_SERVICE, persistedOpStateExpiryEpochSec: 0}6f5b8d78-77bb-45c7-81ed-2561031b889f{ip: 10.1.0.19, host: fv-az270-916.tacnzluakwdehk1hpragurqkma.bx.internal.cloudapp.net, ports: [REPLICATION=43589, RATIS=42731, RATIS_ADMIN=42731, RATIS_SERVER=42731, STANDALONE=37819], networkLocation: /default-rack, certSerialId: null, persistedOpState: IN_SERVICE, persistedOpStateExpiryEpochSec: 0}, ReplicationConfig: RATIS/THREE, State:ALLOCATED, leaderId:92df55c5-64ae-4653-a720-46004b8dbf8f, CreationTimestamp2022-02-09T14:04:50.527Z[Etc/UTC]] moved to OPEN state
2022-02-09 14:05:03,510 [92df55c5-64ae-4653-a720-46004b8dbf8f@group-D1587C1BBF41-LeaderElection12] INFO  grpc.GrpcConfigKeys (ConfUtils.java:logGet(44)) - raft.grpc.server.leader.outstanding.appends.max = 128 (default)
2022-02-09 14:05:03,510 [92df55c5-64ae-4653-a720-46004b8dbf8f@group-D1587C1BBF41-LeaderElection12] INFO  server.RaftServerConfigKeys (ConfUtils.java:logGet(44)) - raft.server.rpc.request.timeout = 60s (custom)
2022-02-09 14:05:03,510 [grpc-default-executor-2] INFO  server.RaftServer$Division (RaftServerImpl.java:requestVote(1078)) - 76394f58-7664-4cfd-8484-a797f937a558@group-D1587C1BBF41 replies to ELECTION vote request: 92df55c5-64ae-4653-a720-46004b8dbf8f<-76394f58-7664-4cfd-8484-a797f937a558#0:OK-t2. Peer's state: 76394f58-7664-4cfd-8484-a797f937a558@group-D1587C1BBF41:t2, leader=null, voted=92df55c5-64ae-4653-a720-46004b8dbf8f, raftlog=76394f58-7664-4cfd-8484-a797f937a558@group-D1587C1BBF41-SegmentedRaftLog:OPENED:c-1, conf=-1: [6f5b8d78-77bb-45c7-81ed-2561031b889f|rpc:10.1.0.19:42731|priority:0, 92df55c5-64ae-4653-a720-46004b8dbf8f|rpc:10.1.0.19:45105|priority:1, 76394f58-7664-4cfd-8484-a797f937a558|rpc:10.1.0.19:34823|priority:0], old=null
2022-02-09 14:05:03,510 [92df55c5-64ae-4653-a720-46004b8dbf8f@group-D1587C1BBF41-LeaderElection12] INFO  server.RaftServerConfigKeys (ConfUtils.java:logGet(44)) - raft.server.log.appender.install.snapshot.enabled = false (custom)
2022-02-09 14:05:03,516 [92df55c5-64ae-4653-a720-46004b8dbf8f@group-D1587C1BBF41-LeaderElection12] INFO  server.RaftServerConfigKeys (ConfUtils.java:logGet(44)) - raft.server.log.appender.snapshot.chunk.size.max = 16MB (=16777216) (default)
2022-02-09 14:05:03,516 [92df55c5-64ae-4653-a720-46004b8dbf8f@group-D1587C1BBF41-LeaderElection12] INFO  server.RaftServerConfigKeys (ConfUtils.java:logGet(44)) - raft.server.log.appender.buffer.byte-limit = 33554432 (custom)
2022-02-09 14:05:03,516 [92df55c5-64ae-4653-a720-46004b8dbf8f@group-D1587C1BBF41-LeaderElection12] INFO  server.RaftServerConfigKeys (ConfUtils.java:logGet(44)) - raft.server.log.appender.buffer.element-limit = 1 (custom)
2022-02-09 14:05:03,516 [92df55c5-64ae-4653-a720-46004b8dbf8f@group-D1587C1BBF41-LeaderElection12] INFO  grpc.GrpcConfigKeys (ConfUtils.java:logGet(44)) - raft.grpc.server.leader.outstanding.appends.max = 128 (default)
2022-02-09 14:05:03,516 [92df55c5-64ae-4653-a720-46004b8dbf8f@group-D1587C1BBF41-LeaderElection12] INFO  server.RaftServerConfigKeys (ConfUtils.java:logGet(44)) - raft.server.rpc.request.timeout = 60s (custom)
2022-02-09 14:05:03,516 [92df55c5-64ae-4653-a720-46004b8dbf8f@group-D1587C1BBF41-LeaderElection12] INFO  server.RaftServerConfigKeys (ConfUtils.java:logGet(44)) - raft.server.log.appender.install.snapshot.enabled = false (custom)
2022-02-09 14:05:03,517 [92df55c5-64ae-4653-a720-46004b8dbf8f@group-D1587C1BBF41-LeaderElection12] INFO  impl.RoleInfo (RoleInfo.java:updateAndGet(130)) - 92df55c5-64ae-4653-a720-46004b8dbf8f: start 92df55c5-64ae-4653-a720-46004b8dbf8f@group-D1587C1BBF41-LeaderStateImpl
2022-02-09 14:05:03,517 [92df55c5-64ae-4653-a720-46004b8dbf8f@group-D1587C1BBF41-LeaderElection12] INFO  segmented.SegmentedRaftLogWorker (SegmentedRaftLogWorker.java:startLogSegment(394)) - 92df55c5-64ae-4653-a720-46004b8dbf8f@group-D1587C1BBF41-SegmentedRaftLogWorker: Starting segment from index:0
2022-02-09 14:05:03,519 [92df55c5-64ae-4653-a720-46004b8dbf8f@group-D1587C1BBF41-SegmentedRaftLogWorker] INFO  segmented.SegmentedRaftLogWorker (SegmentedRaftLogWorker.java:execute(601)) - 92df55c5-64ae-4653-a720-46004b8dbf8f@group-D1587C1BBF41-SegmentedRaftLogWorker: created new log segment /home/runner/work/ozone/ozone/hadoop-ozone/integration-test/target/test-dir/MiniOzoneClusterImpl-9c41f9ea-08a3-4502-a72d-bbb1f5427d0a/datanode-1/data/ratis/22671845-bfbf-49a9-89a6-d1587c1bbf41/current/log_inprogress_0
2022-02-09 14:05:03,536 [grpc-default-executor-1] INFO  ratis.XceiverServerRatis (XceiverServerRatis.java:handleLeaderChangedNotification(866)) - Leader change notification received for group: group-D1587C1BBF41 with new leaderId: 92df55c5-64ae-4653-a720-46004b8dbf8f
2022-02-09 14:05:03,536 [92df55c5-64ae-4653-a720-46004b8dbf8f@group-D1587C1BBF41-LeaderElection12] INFO  server.RaftServer$Division (ServerState.java:setRaftConf(387)) - 92df55c5-64ae-4653-a720-46004b8dbf8f@group-D1587C1BBF41: set configuration 0: [6f5b8d78-77bb-45c7-81ed-2561031b889f|rpc:10.1.0.19:42731|dataStream:|priority:0, 92df55c5-64ae-4653-a720-46004b8dbf8f|rpc:10.1.0.19:45105|dataStream:|priority:1, 76394f58-7664-4cfd-8484-a797f937a558|rpc:10.1.0.19:34823|dataStream:|priority:0], old=null
2022-02-09 14:05:03,536 [grpc-default-executor-1] INFO  server.RaftServer$Division (ServerState.java:setLeader(285)) - 76394f58-7664-4cfd-8484-a797f937a558@group-D1587C1BBF41: change Leader from null to 92df55c5-64ae-4653-a720-46004b8dbf8f at term 2 for appendEntries, leader elected after 10229ms
2022-02-09 14:05:03,548 [grpc-default-executor-3] INFO  ratis.XceiverServerRatis (XceiverServerRatis.java:handleLeaderChangedNotification(866)) - Leader change notification received for group: group-D1587C1BBF41 with new leaderId: 92df55c5-64ae-4653-a720-46004b8dbf8f
2022-02-09 14:05:03,549 [grpc-default-executor-3] INFO  server.RaftServer$Division (ServerState.java:setLeader(285)) - 6f5b8d78-77bb-45c7-81ed-2561031b889f@group-D1587C1BBF41: change Leader from null to 92df55c5-64ae-4653-a720-46004b8dbf8f at term 2 for appendEntries, leader elected after 10095ms
2022-02-09 14:05:03,550 [grpc-default-executor-1] INFO  server.RaftServer$Division (ServerState.java:setRaftConf(387)) - 76394f58-7664-4cfd-8484-a797f937a558@group-D1587C1BBF41: set configuration 0: [6f5b8d78-77bb-45c7-81ed-2561031b889f|rpc:10.1.0.19:42731|dataStream:|priority:0, 92df55c5-64ae-4653-a720-46004b8dbf8f|rpc:10.1.0.19:45105|dataStream:|priority:1, 76394f58-7664-4cfd-8484-a797f937a558|rpc:10.1.0.19:34823|dataStream:|priority:0], old=null
2022-02-09 14:05:03,551 [grpc-default-executor-1] INFO  segmented.SegmentedRaftLogWorker (SegmentedRaftLogWorker.java:startLogSegment(394)) - 76394f58-7664-4cfd-8484-a797f937a558@group-D1587C1BBF41-SegmentedRaftLogWorker: Starting segment from index:0
2022-02-09 14:05:03,553 [grpc-default-executor-1] INFO  server.RaftServer$Division (ServerState.java:setRaftConf(387)) - 6f5b8d78-77bb-45c7-81ed-2561031b889f@group-D1587C1BBF41: set configuration 0: [6f5b8d78-77bb-45c7-81ed-2561031b889f|rpc:10.1.0.19:42731|dataStream:|priority:0, 92df55c5-64ae-4653-a720-46004b8dbf8f|rpc:10.1.0.19:45105|dataStream:|priority:1, 76394f58-7664-4cfd-8484-a797f937a558|rpc:10.1.0.19:34823|dataStream:|priority:0], old=null
2022-02-09 14:05:03,554 [grpc-default-executor-1] INFO  segmented.SegmentedRaftLogWorker (SegmentedRaftLogWorker.java:startLogSegment(394)) - 6f5b8d78-77bb-45c7-81ed-2561031b889f@group-D1587C1BBF41-SegmentedRaftLogWorker: Starting segment from index:0
2022-02-09 14:05:03,554 [76394f58-7664-4cfd-8484-a797f937a558@group-D1587C1BBF41-SegmentedRaftLogWorker] INFO  segmented.SegmentedRaftLogWorker (SegmentedRaftLogWorker.java:execute(601)) - 76394f58-7664-4cfd-8484-a797f937a558@group-D1587C1BBF41-SegmentedRaftLogWorker: created new log segment /home/runner/work/ozone/ozone/hadoop-ozone/integration-test/target/test-dir/MiniOzoneClusterImpl-9c41f9ea-08a3-4502-a72d-bbb1f5427d0a/datanode-0/data/ratis/22671845-bfbf-49a9-89a6-d1587c1bbf41/current/log_inprogress_0
2022-02-09 14:05:03,556 [6f5b8d78-77bb-45c7-81ed-2561031b889f@group-D1587C1BBF41-SegmentedRaftLogWorker] INFO  segmented.SegmentedRaftLogWorker (SegmentedRaftLogWorker.java:execute(601)) - 6f5b8d78-77bb-45c7-81ed-2561031b889f@group-D1587C1BBF41-SegmentedRaftLogWorker: created new log segment /home/runner/work/ozone/ozone/hadoop-ozone/integration-test/target/test-dir/MiniOzoneClusterImpl-9c41f9ea-08a3-4502-a72d-bbb1f5427d0a/datanode-2/data/ratis/22671845-bfbf-49a9-89a6-d1587c1bbf41/current/log_inprogress_0
2022-02-09 14:05:04,431 [OM StateMachine ApplyTransaction Thread - 0] INFO  ratis.OzoneManagerStateMachine (OzoneManagerStateMachine.java:takeSnapshot(417)) - Current Snapshot Index (t:2, i:21)
2022-02-09 14:05:04,431 [OM StateMachine ApplyTransaction Thread - 0] INFO  segmented.SegmentedRaftLogWorker (SegmentedRaftLogWorker.java:lambda$new$0(133)) - omNode-2@group-523986131536-SegmentedRaftLogWorker: flushIndex: setUnconditionally 21 -> 21
2022-02-09 14:05:04,431 [OM StateMachine ApplyTransaction Thread - 0] INFO  segmented.SegmentedRaftLogWorker (SegmentedRaftLogWorker.java:lambda$new$0(133)) - omNode-2@group-523986131536-SegmentedRaftLogWorker: safeCacheEvictIndex: setUnconditionally -1 -> 21
2022-02-09 14:05:04,431 [OM StateMachine ApplyTransaction Thread - 0] INFO  segmented.SegmentedRaftLogWorker (SegmentedRaftLogWorker.java:closeLogSegment(415)) - omNode-2@group-523986131536-SegmentedRaftLogWorker: Closing segment log_inprogress_0 to index: 21
2022-02-09 14:05:04,431 [OM StateMachine ApplyTransaction Thread - 0] INFO  raftlog.RaftLog (RaftLogBase.java:lambda$new$0(53)) - omNode-2@group-523986131536-SegmentedRaftLog: snapshotIndex: updateIncreasingly -1 -> 21
2022-02-09 14:05:04,433 [omNode-2@group-523986131536-SegmentedRaftLogWorker] INFO  segmented.SegmentedRaftLogWorker (SegmentedRaftLogWorker.java:execute(558)) - omNode-2@group-523986131536-SegmentedRaftLogWorker: Rolled log segment from /home/runner/work/ozone/ozone/hadoop-ozone/integration-test/target/test-dir/MiniOzoneClusterImpl-9c41f9ea-08a3-4502-a72d-bbb1f5427d0a/omNode-2/ratis/c9bc4cf4-3bc3-3c60-a66b-523986131536/current/log_inprogress_0 to /home/runner/work/ozone/ozone/hadoop-ozone/integration-test/target/test-dir/MiniOzoneClusterImpl-9c41f9ea-08a3-4502-a72d-bbb1f5427d0a/omNode-2/ratis/c9bc4cf4-3bc3-3c60-a66b-523986131536/current/log_0-21
2022-02-09 14:05:04,433 [OM StateMachine ApplyTransaction Thread - 0] INFO  om.OzoneManagerPrepareState (OzoneManagerPrepareState.java:writePrepareMarkerFile(262)) - Prepare marker file written with log index 18 to file /home/runner/work/ozone/ozone/hadoop-ozone/integration-test/target/test-dir/MiniOzoneClusterImpl-9c41f9ea-08a3-4502-a72d-bbb1f5427d0a/omNode-2/current/prepareMarker
2022-02-09 14:05:04,433 [OM StateMachine ApplyTransaction Thread - 0] INFO  upgrade.OMPrepareRequest (OMPrepareRequest.java:validateAndUpdateCache(120)) - OM omNode-2 prepared at log index 18. Returning response txnID: 18
 with log index 18
2022-02-09 14:05:04,444 [Time-limited test] INFO  om.TestOzoneManagerPrepare (TestOzoneManagerPrepare.java:lambda$assertClusterPrepared$6(454)) - omNode-2 has prepare status: PREPARE_COMPLETED prepare index: 18.
2022-02-09 14:05:04,449 [Time-limited test] INFO  rpc.RpcClient (RpcClient.java:createVolume(399)) - Creating Volume: vol, with runner as owner and space quota set to -1 bytes, counts quota set to -1
2022-02-09 14:05:04,450 [IPC Server handler 17 on default port 35103] INFO  ratis.OzoneManagerRatisServer (OzoneManagerRatisServer.java:submitRequest(250)) - Rejecting write request on OM omNode-3 because it is in prepare mode: CreateVolume
2022-02-09 14:06:22,148 [org.apache.ratis.util.JvmPauseMonitor$$Lambda$422/1400671358@6ed1fdb7] WARN  util.JvmPauseMonitor (JvmPauseMonitor.java:detectPause(124)) - JvmPauseMonitor-omNode-1: Detected pause in JVM or host machine (eg GC): pause of approximately 209461742ns.
GC pool 'PS MarkSweep' had collection(s): count=1 time=171ms
GC pool 'PS Scavenge' had collection(s): count=1 time=70ms
2022-02-09 14:07:04,494 [Time-limited test] INFO  om.OzoneManager (OzoneManager.java:stop(1893)) - omNode-3[localhost:35103]: Stopping Ozone Manager
2022-02-09 14:07:04,496 [Time-limited test] INFO  ipc.Server (Server.java:stop(3414)) - Stopping server on 35103
2022-02-09 14:07:04,500 [IPC Server Responder] INFO  ipc.Server (Server.java:run(1512)) - Stopping IPC Server Responder
2022-02-09 14:07:04,500 [IPC Server listener on 35103] INFO  ipc.Server (Server.java:run(1376)) - Stopping IPC Server listener on 35103
2022-02-09 14:07:04,504 [Time-limited test] INFO  server.RaftServer (RaftServerProxy.java:lambda$close$6(391)) - omNode-3: close
2022-02-09 14:07:04,505 [Time-limited test] INFO  server.RaftServer$Division (RaftServerImpl.java:lambda$close$4(412)) - omNode-3@group-523986131536: shutdown
2022-02-09 14:07:04,505 [Time-limited test] INFO  util.JmxRegister (JmxRegister.java:unregister(73)) - Successfully un-registered JMX Bean with object name Ratis:service=RaftServer,group=group-523986131536,id=omNode-3
2022-02-09 14:07:04,505 [Time-limited test] INFO  impl.RoleInfo (RoleInfo.java:shutdownLeaderState(91)) - omNode-3: shutdown omNode-3@group-523986131536-LeaderStateImpl
2022-02-09 14:07:04,505 [omNode-3@group-523986131536->omNode-2-GrpcLogAppender-LogAppenderDaemon] WARN  server.GrpcLogAppender (GrpcLogAppender.java:mayWait(177)) - omNode-3@group-523986131536->omNode-2-GrpcLogAppender: Wait interrupted by java.lang.InterruptedException
2022-02-09 14:07:04,505 [Time-limited test] INFO  impl.PendingRequests (PendingRequests.java:sendNotLeaderResponses(282)) - omNode-3@group-523986131536-PendingRequests: sendNotLeaderResponses
2022-02-09 14:07:04,505 [omNode-3@group-523986131536->omNode-1-GrpcLogAppender-LogAppenderDaemon] WARN  server.GrpcLogAppender (GrpcLogAppender.java:mayWait(177)) - omNode-3@group-523986131536->omNode-1-GrpcLogAppender: Wait interrupted by java.lang.InterruptedException
2022-02-09 14:07:04,508 [grpc-default-executor-2] INFO  server.GrpcServerProtocolService (GrpcServerProtocolService.java:onCompleted(140)) - omNode-1: Completed APPEND_ENTRIES, lastRequest: omNode-3->omNode-1#81-t2,previous=(t:2, i:20),leaderCommit=20,initializing? true,entries: size=1, first=(t:2, i:21), METADATAENTRY(c:18)
2022-02-09 14:07:04,508 [grpc-default-executor-3] INFO  server.GrpcServerProtocolService (GrpcServerProtocolService.java:onCompleted(140)) - omNode-2: Completed APPEND_ENTRIES, lastRequest: omNode-3->omNode-2#85-t2,previous=(t:2, i:20),leaderCommit=18,initializing? true,entries: size=1, first=(t:2, i:21), METADATAENTRY(c:18)
2022-02-09 14:07:04,510 [omNode-3@group-523986131536-StateMachineUpdater] INFO  ratis.OzoneManagerStateMachine (OzoneManagerStateMachine.java:takeSnapshot(417)) - Current Snapshot Index (t:2, i:21)
2022-02-09 14:07:04,510 [omNode-3@group-523986131536-StateMachineUpdater] INFO  impl.StateMachineUpdater (StateMachineUpdater.java:takeSnapshot(281)) - omNode-3@group-523986131536-StateMachineUpdater: Took a snapshot at index 21
2022-02-09 14:07:04,510 [omNode-3@group-523986131536-StateMachineUpdater] INFO  impl.StateMachineUpdater (StateMachineUpdater.java:lambda$new$0(89)) - omNode-3@group-523986131536-StateMachineUpdater: snapshotIndex: updateIncreasingly -1 -> 21
2022-02-09 14:07:04,510 [omNode-3@group-523986131536-StateMachineUpdater] INFO  ratis.OzoneManagerStateMachine (OzoneManagerStateMachine.java:close(471)) - StateMachine has shutdown. Shutdown OzoneManager if not already shutdown.
2022-02-09 14:07:04,511 [grpc-default-executor-3] INFO  server.GrpcLogAppender (GrpcLogAppender.java:onCompleted(346)) - omNode-3@group-523986131536->omNode-2-AppendLogResponseHandler: follower responses appendEntries COMPLETED
2022-02-09 14:07:04,513 [grpc-default-executor-3] INFO  leader.FollowerInfo (FollowerInfoImpl.java:lambda$new$0(47)) - omNode-3@group-523986131536->omNode-2: nextIndex: updateUnconditionally 22 -> 21
2022-02-09 14:07:04,513 [grpc-default-executor-2] INFO  server.GrpcLogAppender (GrpcLogAppender.java:onCompleted(346)) - omNode-3@group-523986131536->omNode-1-AppendLogResponseHandler: follower responses appendEntries COMPLETED
2022-02-09 14:07:04,514 [grpc-default-executor-2] INFO  leader.FollowerInfo (FollowerInfoImpl.java:lambda$new$0(47)) - omNode-3@group-523986131536->omNode-1: nextIndex: updateUnconditionally 22 -> 21
2022-02-09 14:07:04,514 [Time-limited test] INFO  impl.StateMachineUpdater (StateMachineUpdater.java:stopAndJoin(149)) - omNode-3@group-523986131536-StateMachineUpdater: set stopIndex = 21
2022-02-09 14:07:04,514 [Time-limited test] INFO  server.RaftServer$Division (ServerState.java:close(419)) - omNode-3@group-523986131536: closes. applyIndex: 21
2022-02-09 14:07:04,514 [omNode-3@group-523986131536-SegmentedRaftLogWorker] INFO  segmented.SegmentedRaftLogWorker (SegmentedRaftLogWorker.java:run(327)) - omNode-3@group-523986131536-SegmentedRaftLogWorker was interrupted, exiting. There are 0 tasks remaining in the queue.
2022-02-09 14:07:04,514 [Time-limited test] INFO  segmented.SegmentedRaftLogWorker (SegmentedRaftLogWorker.java:close(237)) - omNode-3@group-523986131536-SegmentedRaftLogWorker close()
2022-02-09 14:07:04,515 [Time-limited test] INFO  server.GrpcService (GrpcService.java:closeImpl(262)) - omNode-3: shutdown server with port 44981 now
2022-02-09 14:07:04,526 [Time-limited test] INFO  server.GrpcService (GrpcService.java:closeImpl(271)) - omNode-3: shutdown server with port 44981 successfully
2022-02-09 14:07:04,526 [org.apache.ratis.util.JvmPauseMonitor$$Lambda$422/1400671358@1925be93] INFO  util.JvmPauseMonitor (JvmPauseMonitor.java:run(109)) - JvmPauseMonitor-omNode-3: Stopped
2022-02-09 14:07:04,527 [Time-limited test] INFO  ratis.OzoneManagerDoubleBuffer (OzoneManagerDoubleBuffer.java:stop(437)) - Stopping OMDoubleBuffer flush thread
2022-02-09 14:07:04,527 [OMDoubleBufferFlushThread] INFO  ratis.OzoneManagerDoubleBuffer (OzoneManagerDoubleBuffer.java:flushTransactions(356)) - OMDoubleBuffer flush thread OMDoubleBufferFlushThread is interrupted and will exit. OMDoubleBufferFlushThread
2022-02-09 14:07:04,530 [Time-limited test] INFO  utils.BackgroundService (BackgroundService.java:shutdown(132)) - Shutting down service KeyDeletingService
2022-02-09 14:07:04,530 [Time-limited test] INFO  utils.BackgroundService (BackgroundService.java:shutdown(132)) - Shutting down service DirectoryDeletingService
2022-02-09 14:07:04,535 [Time-limited test] INFO  handler.ContextHandler (ContextHandler.java:doStop(1153)) - Stopped o.e.j.w.WebAppContext@773bfe56{ozoneManager,/,null,STOPPED}{file:/home/runner/work/ozone/ozone/hadoop-ozone/integration-test/target/test-classes/webapps/ozoneManager}
2022-02-09 14:07:04,539 [Time-limited test] INFO  server.AbstractConnector (AbstractConnector.java:doStop(381)) - Stopped ServerConnector@b92cdf9{HTTP/1.1, (http/1.1)}{0.0.0.0:33571}
2022-02-09 14:07:04,539 [Time-limited test] INFO  server.session (HouseKeeper.java:stopScavenging(149)) - node0 Stopped scavenging
2022-02-09 14:07:04,540 [Time-limited test] INFO  handler.ContextHandler (ContextHandler.java:doStop(1153)) - Stopped o.e.j.s.ServletContextHandler@6bd8d8a7{static,/static,file:///home/runner/work/ozone/ozone/hadoop-ozone/integration-test/target/test-classes/webapps/static,STOPPED}
2022-02-09 14:07:04,541 [Time-limited test] INFO  handler.ContextHandler (ContextHandler.java:doStop(1153)) - Stopped o.e.j.s.ServletContextHandler@3108d1e1{logs,/logs,file:///home/runner/work/ozone/ozone/hadoop-ozone/integration-test/target/log,STOPPED}
2022-02-09 14:07:04,548 [Time-limited test] INFO  om.OzoneManager (OzoneManager.java:restart(1451)) - OzoneManager RPC server is listening at localhost/127.0.0.1:35103
2022-02-09 14:07:04,548 [Time-limited test] INFO  impl.MetricsSystemImpl (MetricsSystemImpl.java:init(158)) - OzoneManager metrics system started (again)
2022-02-09 14:07:04,562 [Time-limited test] WARN  server.ServerUtils (ServerUtils.java:getDBPath(225)) - ozone.om.db.dirs is not configured. We recommend adding this setting. Falling back to ozone.metadata.dirs instead.
2022-02-09 14:07:04,564 [Time-limited test] INFO  codec.OmKeyInfoCodec (OmKeyInfoCodec.java:<init>(50)) - OmKeyInfoCodec ignorePipeline = true
2022-02-09 14:07:04,564 [Time-limited test] INFO  codec.RepeatedOmKeyInfoCodec (RepeatedOmKeyInfoCodec.java:<init>(42)) - RepeatedOmKeyInfoCodec ignorePipeline = true
2022-02-09 14:07:04,608 [Time-limited test] WARN  om.OzoneManager (OzoneManager.java:instantiatePrepareStateOnStartup(3817)) - Prepare marker file index 21 does not match DB prepare index 18. Writing DB index to prepare file and maintaining prepared state.
2022-02-09 14:07:04,609 [Time-limited test] INFO  om.OzoneManagerPrepareState (OzoneManagerPrepareState.java:writePrepareMarkerFile(262)) - Prepare marker file written with log index 18 to file /home/runner/work/ozone/ozone/hadoop-ozone/integration-test/target/test-dir/MiniOzoneClusterImpl-9c41f9ea-08a3-4502-a72d-bbb1f5427d0a/omNode-3/current/prepareMarker
2022-02-09 14:07:04,619 [Time-limited test] WARN  impl.MetricRegistriesImpl (MetricRegistriesImpl.java:addReporterRegistration(111)) - New reporters are added after registries were created. Some metrics will be missing from the reporter. Please add reporter before adding any new registry.
2022-02-09 14:07:04,619 [Time-limited test] WARN  impl.MetricRegistriesImpl (MetricRegistriesImpl.java:addReporterRegistration(111)) - New reporters are added after registries were created. Some metrics will be missing from the reporter. Please add reporter before adding any new registry.
2022-02-09 14:07:04,620 [Time-limited test] WARN  server.ServerUtils (ServerUtils.java:getDefaultRatisDirectory(237)) - Storage directory for Ratis is not configured. It is a good idea to map this to an SSD disk. Falling back to ozone.metadata.dirs
2022-02-09 14:07:04,621 [Time-limited test] INFO  ratis.OzoneManagerRatisServer (OzoneManagerRatisServer.java:<init>(159)) - Instantiating OM Ratis server with groupID: om-service-test1 and peers: localhost:44981, localhost:41473, localhost:43541
2022-02-09 14:07:04,622 [Time-limited test] INFO  ratis.OzoneManagerStateMachine (OzoneManagerStateMachine.java:loadSnapshotInfoFromDB(605)) - LastAppliedIndex is set from TransactionInfo from OM DB as (t:2, i:21)
2022-02-09 14:07:04,622 [Time-limited test] INFO  server.RaftServer (ConfUtils.java:logGet(44)) - raft.rpc.type = GRPC (default)
2022-02-09 14:07:04,622 [Time-limited test] INFO  grpc.GrpcFactory (GrpcFactory.java:checkPooledByteBufAllocatorUseCacheForAllThreads(48)) - PERFORMANCE WARNING: useCacheForAllThreads is true that may cause Netty to create a lot garbage objects and, as a result, trigger GC.
	It is recommended to disable useCacheForAllThreads by setting -Dorg.apache.ratis.thirdparty.io.netty.allocator.useCacheForAllThreads=false in command line.
2022-02-09 14:07:04,622 [Time-limited test] INFO  grpc.GrpcConfigKeys (ConfUtils.java:logGet(44)) - raft.grpc.admin.port = -1 (default)
2022-02-09 14:07:04,622 [Time-limited test] INFO  grpc.GrpcConfigKeys (ConfUtils.java:logGet(44)) - raft.grpc.server.port = 44981 (custom)
2022-02-09 14:07:04,622 [Time-limited test] INFO  grpc.GrpcConfigKeys (ConfUtils.java:logGet(44)) - raft.grpc.client.port = -1 (default)
2022-02-09 14:07:04,623 [Time-limited test] INFO  grpc.GrpcConfigKeys (ConfUtils.java:logGet(44)) - raft.grpc.server.port = 44981 (custom)
2022-02-09 14:07:04,623 [Time-limited test] INFO  grpc.GrpcConfigKeys (ConfUtils.java:logGet(44)) - raft.grpc.server.port = 44981 (custom)
2022-02-09 14:07:04,623 [Time-limited test] INFO  server.GrpcService (ConfUtils.java:logGet(44)) - raft.grpc.message.size.max = 33554432 (custom)
2022-02-09 14:07:04,623 [Time-limited test] INFO  server.RaftServerConfigKeys (ConfUtils.java:logGet(44)) - raft.server.log.appender.buffer.byte-limit = 33554432 (custom)
2022-02-09 14:07:04,623 [Time-limited test] INFO  server.GrpcService (ConfUtils.java:logGet(44)) - raft.grpc.flow.control.window = 1MB (=1048576) (default)
2022-02-09 14:07:04,623 [Time-limited test] INFO  server.RaftServerConfigKeys (ConfUtils.java:logGet(44)) - raft.server.rpc.request.timeout = 3000ms (default)
2022-02-09 14:07:04,625 [Time-limited test] INFO  impl.DataStreamServerImpl (ConfUtils.java:logGet(44)) - raft.datastream.type = DISABLED (default)
2022-02-09 14:07:04,625 [Time-limited test] INFO  server.RaftServerConfigKeys (ConfUtils.java:logGet(44)) - raft.server.rpc.slowness.timeout = 2s (custom)
2022-02-09 14:07:04,625 [Time-limited test] INFO  server.RaftServerConfigKeys (ConfUtils.java:logGet(44)) - raft.server.leaderelection.leader.step-down.wait-time = 10s (default)
2022-02-09 14:07:04,626 [Time-limited test] INFO  server.RaftServerConfigKeys (ConfUtils.java:logGet(44)) - raft.server.storage.dir = [/home/runner/work/ozone/ozone/hadoop-ozone/integration-test/target/test-dir/MiniOzoneClusterImpl-9c41f9ea-08a3-4502-a72d-bbb1f5427d0a/omNode-3/ratis] (custom)
2022-02-09 14:07:04,626 [Time-limited test] INFO  server.RaftServer (RaftServerProxy.java:lambda$null$1(235)) - omNode-3: found a subdirectory /home/runner/work/ozone/ozone/hadoop-ozone/integration-test/target/test-dir/MiniOzoneClusterImpl-9c41f9ea-08a3-4502-a72d-bbb1f5427d0a/omNode-3/ratis/c9bc4cf4-3bc3-3c60-a66b-523986131536
2022-02-09 14:07:04,626 [Time-limited test] INFO  server.RaftServer (RaftServerProxy.java:addNew(95)) - omNode-3: addNew group-523986131536:[omNode-3|rpc:localhost:44981|priority:0, omNode-1|rpc:localhost:41473|priority:0, omNode-2|rpc:localhost:43541|priority:0] returns group-523986131536:java.util.concurrent.CompletableFuture@579afab[Not completed]
2022-02-09 14:07:04,626 [Time-limited test] INFO  om.OzoneManager (OzoneManager.java:initializeRatisServer(1834)) - OzoneManager Ratis server initialized at port 44981
2022-02-09 14:07:04,626 [Time-limited test] INFO  ratis.OzoneManagerRatisServer (OzoneManagerRatisServer.java:start(554)) - Starting OzoneManagerRatisServer omNode-3 at port 44981
2022-02-09 14:07:04,626 [pool-182-thread-1] INFO  server.RaftServer$Division (RaftServerImpl.java:<init>(184)) - omNode-3: new RaftServerImpl for group-523986131536:[omNode-3|rpc:localhost:44981|priority:0, omNode-1|rpc:localhost:41473|priority:0, omNode-2|rpc:localhost:43541|priority:0] with OzoneManagerStateMachine:uninitialized
2022-02-09 14:07:04,628 [pool-182-thread-1] INFO  server.RaftServerConfigKeys (ConfUtils.java:logGet(44)) - raft.server.rpc.timeout.min = 1s (custom)
2022-02-09 14:07:04,628 [pool-182-thread-1] INFO  server.RaftServerConfigKeys (ConfUtils.java:logGet(44)) - raft.server.rpc.timeout.max = 1200ms (custom)
2022-02-09 14:07:04,628 [pool-182-thread-1] INFO  server.RaftServerConfigKeys (ConfUtils.java:logGet(44)) - raft.server.rpc.sleep.time = 25ms (default)
2022-02-09 14:07:04,628 [pool-182-thread-1] INFO  server.RaftServerConfigKeys (ConfUtils.java:logGet(44)) - raft.server.rpc.slowness.timeout = 2s (custom)
2022-02-09 14:07:04,628 [pool-182-thread-1] INFO  server.RaftServerConfigKeys (ConfUtils.java:logGet(44)) - raft.server.leaderelection.leader.step-down.wait-time = 10s (default)
2022-02-09 14:07:04,628 [pool-182-thread-1] INFO  server.RaftServerConfigKeys (ConfUtils.java:logGet(44)) - raft.server.sleep.deviation.threshold = 300ms (default)
2022-02-09 14:07:04,628 [pool-182-thread-1] INFO  server.RaftServerConfigKeys (ConfUtils.java:logGet(44)) - raft.server.log.appender.install.snapshot.enabled = false (custom)
2022-02-09 14:07:04,628 [pool-182-thread-1] INFO  server.RaftServer$Division (ServerState.java:<init>(105)) - omNode-3@group-523986131536: ConfigurationManager, init=-1: [omNode-3|rpc:localhost:44981|priority:0, omNode-1|rpc:localhost:41473|priority:0, omNode-2|rpc:localhost:43541|priority:0], old=null, confs=<EMPTY_MAP>
2022-02-09 14:07:04,628 [pool-182-thread-1] INFO  server.RaftServerConfigKeys (ConfUtils.java:logGet(44)) - raft.server.storage.dir = [/home/runner/work/ozone/ozone/hadoop-ozone/integration-test/target/test-dir/MiniOzoneClusterImpl-9c41f9ea-08a3-4502-a72d-bbb1f5427d0a/omNode-3/ratis] (custom)
2022-02-09 14:07:04,629 [pool-182-thread-1] INFO  server.RaftServerConfigKeys (ConfUtils.java:logGet(44)) - raft.server.log.corruption.policy = EXCEPTION (default)
2022-02-09 14:07:04,629 [pool-182-thread-1] INFO  server.RaftServerConfigKeys (ConfUtils.java:logGet(44)) - raft.server.storage.free-space.min = 0MB (=0) (default)
2022-02-09 14:07:04,630 [pool-182-thread-1] INFO  storage.RaftStorageDirectory (RaftStorageDirectoryImpl.java:tryLock(230)) - Lock on /home/runner/work/ozone/ozone/hadoop-ozone/integration-test/target/test-dir/MiniOzoneClusterImpl-9c41f9ea-08a3-4502-a72d-bbb1f5427d0a/omNode-3/ratis/c9bc4cf4-3bc3-3c60-a66b-523986131536/in_use.lock acquired by nodename 1691@fv-az270-916
2022-02-09 14:07:04,631 [pool-182-thread-1] INFO  storage.RaftStorage (RaftStorageImpl.java:analyzeAndRecoverStorage(110)) - Read RaftStorageMetadata{term=2, votedFor=omNode-3} from /home/runner/work/ozone/ozone/hadoop-ozone/integration-test/target/test-dir/MiniOzoneClusterImpl-9c41f9ea-08a3-4502-a72d-bbb1f5427d0a/omNode-3/ratis/c9bc4cf4-3bc3-3c60-a66b-523986131536/current/raft-meta
2022-02-09 14:07:04,631 [pool-182-thread-1] INFO  server.RaftServer$Division (ServerState.java:setRaftConf(387)) - omNode-3@group-523986131536: set configuration 0: [omNode-3|rpc:localhost:44981|admin:|client:|dataStream:|priority:0, omNode-1|rpc:localhost:41473|admin:|client:|dataStream:|priority:0, omNode-2|rpc:localhost:43541|admin:|client:|dataStream:|priority:0], old=null
2022-02-09 14:07:04,631 [pool-182-thread-1] INFO  server.RaftServerConfigKeys (ConfUtils.java:logGet(44)) - raft.server.notification.no-leader.timeout = 2s (custom)
2022-02-09 14:07:04,631 [pool-182-thread-1] INFO  server.RaftServerConfigKeys (ConfUtils.java:logGet(44)) - raft.server.log.use.memory = false (default)
2022-02-09 14:07:04,632 [pool-182-thread-1] INFO  server.RaftServerConfigKeys (ConfUtils.java:logGet(44)) - raft.server.log.purge.gap = 50 (custom)
2022-02-09 14:07:04,632 [pool-182-thread-1] INFO  server.RaftServerConfigKeys (ConfUtils.java:logGet(44)) - raft.server.log.appender.buffer.byte-limit = 33554432 (custom)
2022-02-09 14:07:04,632 [pool-182-thread-1] INFO  server.RaftServerConfigKeys (ConfUtils.java:logGet(44)) - raft.server.log.segment.size.max = 4194304 (custom)
2022-02-09 14:07:04,632 [pool-182-thread-1] INFO  server.RaftServerConfigKeys (ConfUtils.java:logGet(44)) - raft.server.log.segment.cache.num.max = 2 (custom)
2022-02-09 14:07:04,632 [pool-182-thread-1] INFO  server.RaftServerConfigKeys (ConfUtils.java:logGet(44)) - raft.server.log.segment.cache.size.max = 200MB (=209715200) (default)
2022-02-09 14:07:04,632 [pool-182-thread-1] INFO  segmented.SegmentedRaftLogWorker (SegmentedRaftLogWorker.java:<init>(182)) - new omNode-3@group-523986131536-SegmentedRaftLogWorker for RaftStorageImpl:Storage Directory /home/runner/work/ozone/ozone/hadoop-ozone/integration-test/target/test-dir/MiniOzoneClusterImpl-9c41f9ea-08a3-4502-a72d-bbb1f5427d0a/omNode-3/ratis/c9bc4cf4-3bc3-3c60-a66b-523986131536
2022-02-09 14:07:04,633 [pool-182-thread-1] INFO  server.RaftServerConfigKeys (ConfUtils.java:logGet(44)) - raft.server.log.queue.byte-limit = 64MB (=67108864) (default)
2022-02-09 14:07:04,633 [pool-182-thread-1] INFO  server.RaftServerConfigKeys (ConfUtils.java:logGet(44)) - raft.server.log.queue.element-limit = 4096 (default)
2022-02-09 14:07:04,633 [pool-182-thread-1] INFO  server.RaftServerConfigKeys (ConfUtils.java:logGet(44)) - raft.server.log.segment.size.max = 4194304 (custom)
2022-02-09 14:07:04,633 [pool-182-thread-1] INFO  server.RaftServerConfigKeys (ConfUtils.java:logGet(44)) - raft.server.log.preallocated.size = 4194304 (custom)
2022-02-09 14:07:04,633 [pool-182-thread-1] INFO  server.RaftServerConfigKeys (ConfUtils.java:logGet(44)) - raft.server.log.force.sync.num = 128 (default)
2022-02-09 14:07:04,633 [pool-182-thread-1] INFO  server.RaftServerConfigKeys (ConfUtils.java:logGet(44)) - raft.server.log.statemachine.data.sync = true (default)
2022-02-09 14:07:04,633 [pool-182-thread-1] INFO  server.RaftServerConfigKeys (ConfUtils.java:logGet(44)) - raft.server.log.statemachine.data.sync.timeout = 10s (default)
2022-02-09 14:07:04,633 [pool-182-thread-1] INFO  server.RaftServerConfigKeys (ConfUtils.java:logGet(44)) - raft.server.log.statemachine.data.sync.timeout.retry = -1 (default)
2022-02-09 14:07:04,634 [pool-182-thread-1] INFO  server.RaftServerConfigKeys (ConfUtils.java:logGet(44)) - raft.server.log.write.buffer.size = 64KB (=65536) (default)
2022-02-09 14:07:04,634 [pool-182-thread-1] INFO  server.RaftServerConfigKeys (ConfUtils.java:logGet(44)) - raft.server.log.statemachine.data.caching.enabled = false (default)
2022-02-09 14:07:04,634 [pool-182-thread-1] INFO  segmented.SegmentedRaftLogWorker (SegmentedRaftLogWorker.java:lambda$new$0(133)) - omNode-3@group-523986131536-SegmentedRaftLogWorker: flushIndex: setUnconditionally 0 -> 21
2022-02-09 14:07:04,634 [pool-182-thread-1] INFO  segmented.SegmentedRaftLogWorker (SegmentedRaftLogWorker.java:lambda$new$0(133)) - omNode-3@group-523986131536-SegmentedRaftLogWorker: safeCacheEvictIndex: setUnconditionally 0 -> -1
2022-02-09 14:07:04,634 [pool-182-thread-1] INFO  server.RaftServerConfigKeys (ConfUtils.java:logGet(44)) - raft.server.snapshot.auto.trigger.enabled = true (custom)
2022-02-09 14:07:04,634 [pool-182-thread-1] INFO  server.RaftServerConfigKeys (ConfUtils.java:logGet(44)) - raft.server.snapshot.auto.trigger.threshold = 50 (custom)
2022-02-09 14:07:04,634 [pool-182-thread-1] INFO  server.RaftServerConfigKeys (ConfUtils.java:logGet(44)) - raft.server.snapshot.retention.file.num = -1 (default)
2022-02-09 14:07:04,634 [pool-182-thread-1] INFO  server.RaftServerConfigKeys (ConfUtils.java:logGet(44)) - raft.server.log.purge.upto.snapshot.index = true (custom)
2022-02-09 14:07:04,635 [pool-182-thread-1] INFO  server.RaftServerConfigKeys (ConfUtils.java:logGet(44)) - raft.server.retrycache.expirytime = 30000ms (custom)
2022-02-09 14:07:04,635 [pool-182-thread-1] INFO  server.RaftServerConfigKeys (ConfUtils.java:logGet(44)) - raft.server.retrycache.statistics.expirytime = 100μs (default)
2022-02-09 14:07:04,640 [Time-limited test] INFO  server.RaftServer$Division (RaftServerImpl.java:start(301)) - omNode-3@group-523986131536: start as a follower, conf=0: [omNode-3|rpc:localhost:44981|admin:|client:|dataStream:|priority:0, omNode-1|rpc:localhost:41473|admin:|client:|dataStream:|priority:0, omNode-2|rpc:localhost:43541|admin:|client:|dataStream:|priority:0], old=null
2022-02-09 14:07:04,640 [Time-limited test] INFO  server.RaftServer$Division (RaftServerImpl.java:setRole(290)) - omNode-3@group-523986131536: changes role from      null to FOLLOWER at term 2 for startAsFollower
2022-02-09 14:07:04,640 [Time-limited test] INFO  impl.RoleInfo (RoleInfo.java:updateAndGet(130)) - omNode-3: start omNode-3@group-523986131536-FollowerState
2022-02-09 14:07:04,640 [Time-limited test] INFO  util.JmxRegister (JmxRegister.java:tryRegister(44)) - Successfully registered JMX Bean with object name Ratis:service=RaftServer,group=group-523986131536,id=omNode-3
2022-02-09 14:07:04,644 [Time-limited test] INFO  server.RaftServer (RaftServerProxy.java:lambda$start$5(374)) - omNode-3: start RPC server
2022-02-09 14:07:04,645 [Time-limited test] INFO  server.GrpcService (GrpcService.java:startImpl(253)) - omNode-3: GrpcService started, listening on 44981
2022-02-09 14:07:04,645 [org.apache.ratis.util.JvmPauseMonitor$$Lambda$422/1400671358@3023323b] INFO  util.JvmPauseMonitor (JvmPauseMonitor.java:run(103)) - JvmPauseMonitor-omNode-3: Started
2022-02-09 14:07:04,646 [Time-limited test] INFO  ipc.CallQueueManager (CallQueueManager.java:<init>(90)) - Using callQueue: class java.util.concurrent.LinkedBlockingQueue, queueCapacity: 2000, scheduler: class org.apache.hadoop.ipc.DefaultRpcScheduler, ipcBackoff: false.
2022-02-09 14:07:04,646 [Socket Reader #1 for port 35103] INFO  ipc.Server (Server.java:run(1265)) - Starting Socket Reader #1 for port 35103
2022-02-09 14:07:04,650 [Listener at localhost/35103] INFO  http.BaseHttpServer (BaseHttpServer.java:newHttpServer2BuilderForOzone(209)) - Starting Web-server for ozoneManager at: http://0.0.0.0:33571
2022-02-09 14:07:04,651 [Listener at localhost/35103] INFO  http.BaseHttpServer (BaseHttpServer.java:<init>(107)) - Hadoop Security Enabled: false Ozone Security Enabled: false Ozone HTTP Security Enabled: false 
2022-02-09 14:07:04,652 [Listener at localhost/35103] INFO  server.AuthenticationFilter (AuthenticationFilter.java:constructSecretProvider(240)) - Unable to initialize FileSignerSecretProvider, falling back to use random secrets.
2022-02-09 14:07:04,654 [Listener at localhost/35103] WARN  http.HttpRequestLog (HttpRequestLog.java:getRequestLog(103)) - Jetty request log can only be enabled using Log4j
2022-02-09 14:07:04,655 [Listener at localhost/35103] INFO  http.HttpServer2 (HttpServer2.java:addGlobalFilter(1030)) - Added global filter 'safety' (class=org.apache.hadoop.hdds.server.http.HttpServer2$QuotingInputFilter)
2022-02-09 14:07:04,656 [Listener at localhost/35103] INFO  http.HttpServer2 (HttpServer2.java:addFilter(1006)) - Added filter static_user_filter (class=org.apache.hadoop.http.lib.StaticUserWebFilter$StaticUserFilter) to context ozoneManager
2022-02-09 14:07:04,656 [Listener at localhost/35103] INFO  http.HttpServer2 (HttpServer2.java:addFilter(1014)) - Added filter static_user_filter (class=org.apache.hadoop.http.lib.StaticUserWebFilter$StaticUserFilter) to context logs
2022-02-09 14:07:04,656 [Listener at localhost/35103] INFO  http.HttpServer2 (HttpServer2.java:addFilter(1014)) - Added filter static_user_filter (class=org.apache.hadoop.http.lib.StaticUserWebFilter$StaticUserFilter) to context static
2022-02-09 14:07:04,658 [Listener at localhost/35103] INFO  http.HttpServer2 (HttpServer2.java:bindListener(1249)) - Jetty bound to port 33571
2022-02-09 14:07:04,659 [Listener at localhost/35103] INFO  server.Server (Server.java:doStart(375)) - jetty-9.4.43.v20210629; built: 2021-06-30T11:07:22.254Z; git: 526006ecfa3af7f1a27ef3a288e2bef7ea9dd7e8; jvm 1.8.0_312-b07
2022-02-09 14:07:04,668 [Listener at localhost/35103] INFO  server.session (DefaultSessionIdManager.java:doStart(334)) - DefaultSessionIdManager workerName=node0
2022-02-09 14:07:04,668 [Listener at localhost/35103] INFO  server.session (DefaultSessionIdManager.java:doStart(339)) - No SessionScavenger set, using defaults
2022-02-09 14:07:04,668 [Listener at localhost/35103] INFO  server.session (HouseKeeper.java:startScavenging(132)) - node0 Scavenging every 660000ms
2022-02-09 14:07:04,669 [Listener at localhost/35103] INFO  handler.ContextHandler (ContextHandler.java:doStart(915)) - Started o.e.j.s.ServletContextHandler@4b449835{logs,/logs,file:///home/runner/work/ozone/ozone/hadoop-ozone/integration-test/target/log,AVAILABLE}
2022-02-09 14:07:04,669 [Listener at localhost/35103] INFO  handler.ContextHandler (ContextHandler.java:doStart(915)) - Started o.e.j.s.ServletContextHandler@3872c80a{static,/static,file:///home/runner/work/ozone/ozone/hadoop-ozone/integration-test/target/test-classes/webapps/static,AVAILABLE}
2022-02-09 14:07:04,674 [Listener at localhost/35103] INFO  handler.ContextHandler (ContextHandler.java:doStart(915)) - Started o.e.j.w.WebAppContext@cfc529d{ozoneManager,/,file:///home/runner/work/ozone/ozone/hadoop-ozone/integration-test/target/test-classes/webapps/ozoneManager/,AVAILABLE}{file:/home/runner/work/ozone/ozone/hadoop-ozone/integration-test/target/test-classes/webapps/ozoneManager}
2022-02-09 14:07:04,680 [Listener at localhost/35103] INFO  server.AbstractConnector (AbstractConnector.java:doStart(331)) - Started ServerConnector@1d88d2c8{HTTP/1.1, (http/1.1)}{0.0.0.0:33571}
2022-02-09 14:07:04,681 [Listener at localhost/35103] INFO  server.Server (Server.java:doStart(415)) - Started @158114ms
2022-02-09 14:07:04,681 [Listener at localhost/35103] WARN  impl.MetricsSystemImpl (MetricsSystemImpl.java:register(279)) - Sink prometheus already exists!
2022-02-09 14:07:04,682 [Listener at localhost/35103] INFO  http.BaseHttpServer (BaseHttpServer.java:updateConnectorAddress(329)) - HTTP server of ozoneManager listening at http://0.0.0.0:33571
2022-02-09 14:07:04,684 [IPC Server Responder] INFO  ipc.Server (Server.java:run(1507)) - IPC Server Responder: starting
2022-02-09 14:07:04,688 [IPC Server listener on 35103] INFO  ipc.Server (Server.java:run(1344)) - IPC Server listener on 35103: starting
2022-02-09 14:07:04,694 [Listener at localhost/35103] INFO  om.OzoneManager (OzoneManager.java:startTrashEmptier(1792)) - Trash Interval set to 0. Files deleted will not move to trash
2022-02-09 14:07:04,695 [Listener at localhost/35103] INFO  om.OzoneManager (OzoneManager.java:stop(1893)) - omNode-1[localhost:43105]: Stopping Ozone Manager
2022-02-09 14:07:04,695 [org.apache.hadoop.util.JvmPauseMonitor$Monitor@228da2e7] INFO  util.JvmPauseMonitor (JvmPauseMonitor.java:run(188)) - Starting JVM pause monitor
2022-02-09 14:07:04,695 [Listener at localhost/35103] INFO  ipc.Server (Server.java:stop(3414)) - Stopping server on 43105
2022-02-09 14:07:04,698 [IPC Server listener on 43105] INFO  ipc.Server (Server.java:run(1376)) - Stopping IPC Server listener on 43105
2022-02-09 14:07:04,699 [IPC Server Responder] INFO  ipc.Server (Server.java:run(1512)) - Stopping IPC Server Responder
2022-02-09 14:07:04,700 [Listener at localhost/35103] INFO  server.RaftServer (RaftServerProxy.java:lambda$close$6(391)) - omNode-1: close
2022-02-09 14:07:04,700 [Listener at localhost/35103] INFO  server.RaftServer$Division (RaftServerImpl.java:lambda$close$4(412)) - omNode-1@group-523986131536: shutdown
2022-02-09 14:07:04,700 [Listener at localhost/35103] INFO  util.JmxRegister (JmxRegister.java:unregister(73)) - Successfully un-registered JMX Bean with object name Ratis:service=RaftServer,group=group-523986131536,id=omNode-1
2022-02-09 14:07:04,700 [Listener at localhost/35103] INFO  impl.RoleInfo (RoleInfo.java:shutdownFollowerState(108)) - omNode-1: shutdown omNode-1@group-523986131536-FollowerState
2022-02-09 14:07:04,700 [Listener at localhost/35103] INFO  impl.StateMachineUpdater (StateMachineUpdater.java:stopAndJoin(149)) - omNode-1@group-523986131536-StateMachineUpdater: set stopIndex = 20
2022-02-09 14:07:04,701 [omNode-1@group-523986131536-StateMachineUpdater] INFO  ratis.OzoneManagerStateMachine (OzoneManagerStateMachine.java:takeSnapshot(417)) - Current Snapshot Index (t:2, i:20)
2022-02-09 14:07:04,701 [omNode-1@group-523986131536-StateMachineUpdater] INFO  impl.StateMachineUpdater (StateMachineUpdater.java:takeSnapshot(281)) - omNode-1@group-523986131536-StateMachineUpdater: Took a snapshot at index 20
2022-02-09 14:07:04,701 [omNode-1@group-523986131536-StateMachineUpdater] INFO  impl.StateMachineUpdater (StateMachineUpdater.java:lambda$new$0(89)) - omNode-1@group-523986131536-StateMachineUpdater: snapshotIndex: updateIncreasingly -1 -> 20
2022-02-09 14:07:04,701 [omNode-1@group-523986131536-StateMachineUpdater] INFO  ratis.OzoneManagerStateMachine (OzoneManagerStateMachine.java:close(471)) - StateMachine has shutdown. Shutdown OzoneManager if not already shutdown.
2022-02-09 14:07:04,700 [omNode-1@group-523986131536-FollowerState] INFO  impl.FollowerState (FollowerState.java:run(143)) - omNode-1@group-523986131536-FollowerState was interrupted: {}
java.lang.InterruptedException: sleep interrupted
	at java.lang.Thread.sleep(Native Method)
	at java.lang.Thread.sleep(Thread.java:340)
	at java.util.concurrent.TimeUnit.sleep(TimeUnit.java:386)
	at org.apache.ratis.util.TimeDuration.sleep(TimeDuration.java:324)
	at org.apache.ratis.util.TimeDuration.sleep(TimeDuration.java:309)
	at org.apache.ratis.server.impl.FollowerState.run(FollowerState.java:118)
2022-02-09 14:07:04,701 [Listener at localhost/35103] INFO  server.RaftServer$Division (ServerState.java:close(419)) - omNode-1@group-523986131536: closes. applyIndex: 20
2022-02-09 14:07:04,705 [omNode-1@group-523986131536-SegmentedRaftLogWorker] INFO  segmented.SegmentedRaftLogWorker (SegmentedRaftLogWorker.java:run(327)) - omNode-1@group-523986131536-SegmentedRaftLogWorker was interrupted, exiting. There are 0 tasks remaining in the queue.
2022-02-09 14:07:04,706 [Listener at localhost/35103] INFO  segmented.SegmentedRaftLogWorker (SegmentedRaftLogWorker.java:close(237)) - omNode-1@group-523986131536-SegmentedRaftLogWorker close()
2022-02-09 14:07:04,707 [Listener at localhost/35103] INFO  server.GrpcService (GrpcService.java:closeImpl(262)) - omNode-1: shutdown server with port 41473 now
2022-02-09 14:07:04,714 [Listener at localhost/35103] INFO  server.GrpcService (GrpcService.java:closeImpl(271)) - omNode-1: shutdown server with port 41473 successfully
2022-02-09 14:07:04,715 [org.apache.ratis.util.JvmPauseMonitor$$Lambda$422/1400671358@6ed1fdb7] INFO  util.JvmPauseMonitor (JvmPauseMonitor.java:run(109)) - JvmPauseMonitor-omNode-1: Stopped
2022-02-09 14:07:04,715 [Listener at localhost/35103] INFO  ratis.OzoneManagerDoubleBuffer (OzoneManagerDoubleBuffer.java:stop(437)) - Stopping OMDoubleBuffer flush thread
2022-02-09 14:07:04,715 [OMDoubleBufferFlushThread] INFO  ratis.OzoneManagerDoubleBuffer (OzoneManagerDoubleBuffer.java:flushTransactions(356)) - OMDoubleBuffer flush thread OMDoubleBufferFlushThread is interrupted and will exit. OMDoubleBufferFlushThread
2022-02-09 14:07:04,716 [Listener at localhost/35103] INFO  utils.BackgroundService (BackgroundService.java:shutdown(132)) - Shutting down service KeyDeletingService
2022-02-09 14:07:04,716 [Listener at localhost/35103] INFO  utils.BackgroundService (BackgroundService.java:shutdown(132)) - Shutting down service DirectoryDeletingService
2022-02-09 14:07:04,718 [Listener at localhost/35103] INFO  handler.ContextHandler (ContextHandler.java:doStop(1153)) - Stopped o.e.j.w.WebAppContext@620bfd8c{ozoneManager,/,null,STOPPED}{file:/home/runner/work/ozone/ozone/hadoop-ozone/integration-test/target/test-classes/webapps/ozoneManager}
2022-02-09 14:07:04,719 [Listener at localhost/35103] INFO  server.AbstractConnector (AbstractConnector.java:doStop(381)) - Stopped ServerConnector@52f0b3d8{HTTP/1.1, (http/1.1)}{0.0.0.0:38981}
2022-02-09 14:07:04,719 [Listener at localhost/35103] INFO  server.session (HouseKeeper.java:stopScavenging(149)) - node0 Stopped scavenging
2022-02-09 14:07:04,720 [Listener at localhost/35103] INFO  handler.ContextHandler (ContextHandler.java:doStop(1153)) - Stopped o.e.j.s.ServletContextHandler@2e9f3b74{static,/static,file:///home/runner/work/ozone/ozone/hadoop-ozone/integration-test/target/test-classes/webapps/static,STOPPED}
2022-02-09 14:07:04,721 [Listener at localhost/35103] INFO  handler.ContextHandler (ContextHandler.java:doStop(1153)) - Stopped o.e.j.s.ServletContextHandler@7e18b9e6{logs,/logs,file:///home/runner/work/ozone/ozone/hadoop-ozone/integration-test/target/log,STOPPED}
2022-02-09 14:07:04,726 [Listener at localhost/35103] INFO  om.OzoneManager (OzoneManager.java:restart(1451)) - OzoneManager RPC server is listening at localhost/127.0.0.1:43105
2022-02-09 14:07:04,726 [Listener at localhost/35103] INFO  impl.MetricsSystemImpl (MetricsSystemImpl.java:init(158)) - OzoneManager metrics system started (again)
2022-02-09 14:07:04,738 [Listener at localhost/35103] WARN  server.ServerUtils (ServerUtils.java:getDBPath(225)) - ozone.om.db.dirs is not configured. We recommend adding this setting. Falling back to ozone.metadata.dirs instead.
2022-02-09 14:07:04,739 [Listener at localhost/35103] INFO  codec.OmKeyInfoCodec (OmKeyInfoCodec.java:<init>(50)) - OmKeyInfoCodec ignorePipeline = true
2022-02-09 14:07:04,740 [Listener at localhost/35103] INFO  codec.RepeatedOmKeyInfoCodec (RepeatedOmKeyInfoCodec.java:<init>(42)) - RepeatedOmKeyInfoCodec ignorePipeline = true
2022-02-09 14:07:04,776 [Listener at localhost/35103] WARN  om.OzoneManager (OzoneManager.java:instantiatePrepareStateOnStartup(3817)) - Prepare marker file index 20 does not match DB prepare index 18. Writing DB index to prepare file and maintaining prepared state.
2022-02-09 14:07:04,777 [Listener at localhost/35103] INFO  om.OzoneManagerPrepareState (OzoneManagerPrepareState.java:writePrepareMarkerFile(262)) - Prepare marker file written with log index 18 to file /home/runner/work/ozone/ozone/hadoop-ozone/integration-test/target/test-dir/MiniOzoneClusterImpl-9c41f9ea-08a3-4502-a72d-bbb1f5427d0a/omNode-1/current/prepareMarker
2022-02-09 14:07:04,781 [Listener at localhost/35103] WARN  impl.MetricRegistriesImpl (MetricRegistriesImpl.java:addReporterRegistration(111)) - New reporters are added after registries were created. Some metrics will be missing from the reporter. Please add reporter before adding any new registry.
2022-02-09 14:07:04,781 [Listener at localhost/35103] WARN  impl.MetricRegistriesImpl (MetricRegistriesImpl.java:addReporterRegistration(111)) - New reporters are added after registries were created. Some metrics will be missing from the reporter. Please add reporter before adding any new registry.
2022-02-09 14:07:04,781 [Listener at localhost/35103] WARN  server.ServerUtils (ServerUtils.java:getDefaultRatisDirectory(237)) - Storage directory for Ratis is not configured. It is a good idea to map this to an SSD disk. Falling back to ozone.metadata.dirs
2022-02-09 14:07:04,783 [Listener at localhost/35103] INFO  ratis.OzoneManagerRatisServer (OzoneManagerRatisServer.java:<init>(159)) - Instantiating OM Ratis server with groupID: om-service-test1 and peers: localhost:41473, localhost:44981, localhost:43541
2022-02-09 14:07:04,783 [Listener at localhost/35103] INFO  ratis.OzoneManagerStateMachine (OzoneManagerStateMachine.java:loadSnapshotInfoFromDB(605)) - LastAppliedIndex is set from TransactionInfo from OM DB as (t:2, i:20)
2022-02-09 14:07:04,783 [Listener at localhost/35103] INFO  server.RaftServer (ConfUtils.java:logGet(44)) - raft.rpc.type = GRPC (default)
2022-02-09 14:07:04,784 [Listener at localhost/35103] INFO  grpc.GrpcFactory (GrpcFactory.java:checkPooledByteBufAllocatorUseCacheForAllThreads(48)) - PERFORMANCE WARNING: useCacheForAllThreads is true that may cause Netty to create a lot garbage objects and, as a result, trigger GC.
	It is recommended to disable useCacheForAllThreads by setting -Dorg.apache.ratis.thirdparty.io.netty.allocator.useCacheForAllThreads=false in command line.
2022-02-09 14:07:04,784 [Listener at localhost/35103] INFO  grpc.GrpcConfigKeys (ConfUtils.java:logGet(44)) - raft.grpc.admin.port = -1 (default)
2022-02-09 14:07:04,784 [Listener at localhost/35103] INFO  grpc.GrpcConfigKeys (ConfUtils.java:logGet(44)) - raft.grpc.server.port = 41473 (custom)
2022-02-09 14:07:04,784 [Listener at localhost/35103] INFO  grpc.GrpcConfigKeys (ConfUtils.java:logGet(44)) - raft.grpc.client.port = -1 (default)
2022-02-09 14:07:04,784 [Listener at localhost/35103] INFO  grpc.GrpcConfigKeys (ConfUtils.java:logGet(44)) - raft.grpc.server.port = 41473 (custom)
2022-02-09 14:07:04,785 [Listener at localhost/35103] INFO  grpc.GrpcConfigKeys (ConfUtils.java:logGet(44)) - raft.grpc.server.port = 41473 (custom)
2022-02-09 14:07:04,785 [Listener at localhost/35103] INFO  server.GrpcService (ConfUtils.java:logGet(44)) - raft.grpc.message.size.max = 33554432 (custom)
2022-02-09 14:07:04,785 [Listener at localhost/35103] INFO  server.RaftServerConfigKeys (ConfUtils.java:logGet(44)) - raft.server.log.appender.buffer.byte-limit = 33554432 (custom)
2022-02-09 14:07:04,785 [Listener at localhost/35103] INFO  server.GrpcService (ConfUtils.java:logGet(44)) - raft.grpc.flow.control.window = 1MB (=1048576) (default)
2022-02-09 14:07:04,785 [Listener at localhost/35103] INFO  server.RaftServerConfigKeys (ConfUtils.java:logGet(44)) - raft.server.rpc.request.timeout = 3000ms (default)
2022-02-09 14:07:04,786 [Listener at localhost/35103] INFO  impl.DataStreamServerImpl (ConfUtils.java:logGet(44)) - raft.datastream.type = DISABLED (default)
2022-02-09 14:07:04,787 [Listener at localhost/35103] INFO  server.RaftServerConfigKeys (ConfUtils.java:logGet(44)) - raft.server.rpc.slowness.timeout = 2s (custom)
2022-02-09 14:07:04,787 [Listener at localhost/35103] INFO  server.RaftServerConfigKeys (ConfUtils.java:logGet(44)) - raft.server.leaderelection.leader.step-down.wait-time = 10s (default)
2022-02-09 14:07:04,787 [Listener at localhost/35103] INFO  server.RaftServerConfigKeys (ConfUtils.java:logGet(44)) - raft.server.storage.dir = [/home/runner/work/ozone/ozone/hadoop-ozone/integration-test/target/test-dir/MiniOzoneClusterImpl-9c41f9ea-08a3-4502-a72d-bbb1f5427d0a/omNode-1/ratis] (custom)
2022-02-09 14:07:04,787 [Listener at localhost/35103] INFO  server.RaftServer (RaftServerProxy.java:lambda$null$1(235)) - omNode-1: found a subdirectory /home/runner/work/ozone/ozone/hadoop-ozone/integration-test/target/test-dir/MiniOzoneClusterImpl-9c41f9ea-08a3-4502-a72d-bbb1f5427d0a/omNode-1/ratis/c9bc4cf4-3bc3-3c60-a66b-523986131536
2022-02-09 14:07:04,787 [Listener at localhost/35103] INFO  server.RaftServer (RaftServerProxy.java:addNew(95)) - omNode-1: addNew group-523986131536:[omNode-3|rpc:localhost:44981|priority:0, omNode-1|rpc:localhost:41473|priority:0, omNode-2|rpc:localhost:43541|priority:0] returns group-523986131536:java.util.concurrent.CompletableFuture@3fc67f97[Not completed]
2022-02-09 14:07:04,787 [pool-202-thread-1] INFO  server.RaftServer$Division (RaftServerImpl.java:<init>(184)) - omNode-1: new RaftServerImpl for group-523986131536:[omNode-3|rpc:localhost:44981|priority:0, omNode-1|rpc:localhost:41473|priority:0, omNode-2|rpc:localhost:43541|priority:0] with OzoneManagerStateMachine:uninitialized
2022-02-09 14:07:04,787 [Listener at localhost/35103] INFO  om.OzoneManager (OzoneManager.java:initializeRatisServer(1834)) - OzoneManager Ratis server initialized at port 41473
2022-02-09 14:07:04,788 [pool-202-thread-1] INFO  server.RaftServerConfigKeys (ConfUtils.java:logGet(44)) - raft.server.rpc.timeout.min = 1s (custom)
2022-02-09 14:07:04,789 [pool-202-thread-1] INFO  server.RaftServerConfigKeys (ConfUtils.java:logGet(44)) - raft.server.rpc.timeout.max = 1200ms (custom)
2022-02-09 14:07:04,788 [Listener at localhost/35103] INFO  ratis.OzoneManagerRatisServer (OzoneManagerRatisServer.java:start(554)) - Starting OzoneManagerRatisServer omNode-1 at port 41473
2022-02-09 14:07:04,789 [pool-202-thread-1] INFO  server.RaftServerConfigKeys (ConfUtils.java:logGet(44)) - raft.server.rpc.sleep.time = 25ms (default)
2022-02-09 14:07:04,789 [pool-202-thread-1] INFO  server.RaftServerConfigKeys (ConfUtils.java:logGet(44)) - raft.server.rpc.slowness.timeout = 2s (custom)
2022-02-09 14:07:04,789 [pool-202-thread-1] INFO  server.RaftServerConfigKeys (ConfUtils.java:logGet(44)) - raft.server.leaderelection.leader.step-down.wait-time = 10s (default)
2022-02-09 14:07:04,789 [pool-202-thread-1] INFO  server.RaftServerConfigKeys (ConfUtils.java:logGet(44)) - raft.server.sleep.deviation.threshold = 300ms (default)
2022-02-09 14:07:04,789 [pool-202-thread-1] INFO  server.RaftServerConfigKeys (ConfUtils.java:logGet(44)) - raft.server.log.appender.install.snapshot.enabled = false (custom)
2022-02-09 14:07:04,789 [pool-202-thread-1] INFO  server.RaftServer$Division (ServerState.java:<init>(105)) - omNode-1@group-523986131536: ConfigurationManager, init=-1: [omNode-3|rpc:localhost:44981|priority:0, omNode-1|rpc:localhost:41473|priority:0, omNode-2|rpc:localhost:43541|priority:0], old=null, confs=<EMPTY_MAP>
2022-02-09 14:07:04,789 [pool-202-thread-1] INFO  server.RaftServerConfigKeys (ConfUtils.java:logGet(44)) - raft.server.storage.dir = [/home/runner/work/ozone/ozone/hadoop-ozone/integration-test/target/test-dir/MiniOzoneClusterImpl-9c41f9ea-08a3-4502-a72d-bbb1f5427d0a/omNode-1/ratis] (custom)
2022-02-09 14:07:04,789 [pool-202-thread-1] INFO  server.RaftServerConfigKeys (ConfUtils.java:logGet(44)) - raft.server.log.corruption.policy = EXCEPTION (default)
2022-02-09 14:07:04,790 [pool-202-thread-1] INFO  server.RaftServerConfigKeys (ConfUtils.java:logGet(44)) - raft.server.storage.free-space.min = 0MB (=0) (default)
2022-02-09 14:07:04,791 [pool-202-thread-1] INFO  storage.RaftStorageDirectory (RaftStorageDirectoryImpl.java:tryLock(230)) - Lock on /home/runner/work/ozone/ozone/hadoop-ozone/integration-test/target/test-dir/MiniOzoneClusterImpl-9c41f9ea-08a3-4502-a72d-bbb1f5427d0a/omNode-1/ratis/c9bc4cf4-3bc3-3c60-a66b-523986131536/in_use.lock acquired by nodename 1691@fv-az270-916
2022-02-09 14:07:04,791 [pool-202-thread-1] INFO  storage.RaftStorage (RaftStorageImpl.java:analyzeAndRecoverStorage(110)) - Read RaftStorageMetadata{term=2, votedFor=omNode-3} from /home/runner/work/ozone/ozone/hadoop-ozone/integration-test/target/test-dir/MiniOzoneClusterImpl-9c41f9ea-08a3-4502-a72d-bbb1f5427d0a/omNode-1/ratis/c9bc4cf4-3bc3-3c60-a66b-523986131536/current/raft-meta
2022-02-09 14:07:04,791 [pool-202-thread-1] INFO  server.RaftServer$Division (ServerState.java:setRaftConf(387)) - omNode-1@group-523986131536: set configuration 0: [omNode-3|rpc:localhost:44981|admin:|client:|dataStream:|priority:0, omNode-1|rpc:localhost:41473|admin:|client:|dataStream:|priority:0, omNode-2|rpc:localhost:43541|admin:|client:|dataStream:|priority:0], old=null
2022-02-09 14:07:04,792 [pool-202-thread-1] INFO  server.RaftServerConfigKeys (ConfUtils.java:logGet(44)) - raft.server.notification.no-leader.timeout = 2s (custom)
2022-02-09 14:07:04,792 [pool-202-thread-1] INFO  server.RaftServerConfigKeys (ConfUtils.java:logGet(44)) - raft.server.log.use.memory = false (default)
2022-02-09 14:07:04,792 [pool-202-thread-1] INFO  server.RaftServerConfigKeys (ConfUtils.java:logGet(44)) - raft.server.log.purge.gap = 50 (custom)
2022-02-09 14:07:04,792 [pool-202-thread-1] INFO  server.RaftServerConfigKeys (ConfUtils.java:logGet(44)) - raft.server.log.appender.buffer.byte-limit = 33554432 (custom)
2022-02-09 14:07:04,792 [pool-202-thread-1] INFO  server.RaftServerConfigKeys (ConfUtils.java:logGet(44)) - raft.server.log.segment.size.max = 4194304 (custom)
2022-02-09 14:07:04,792 [pool-202-thread-1] INFO  server.RaftServerConfigKeys (ConfUtils.java:logGet(44)) - raft.server.log.segment.cache.num.max = 2 (custom)
2022-02-09 14:07:04,792 [pool-202-thread-1] INFO  server.RaftServerConfigKeys (ConfUtils.java:logGet(44)) - raft.server.log.segment.cache.size.max = 200MB (=209715200) (default)
2022-02-09 14:07:04,793 [pool-202-thread-1] INFO  segmented.SegmentedRaftLogWorker (SegmentedRaftLogWorker.java:<init>(182)) - new omNode-1@group-523986131536-SegmentedRaftLogWorker for RaftStorageImpl:Storage Directory /home/runner/work/ozone/ozone/hadoop-ozone/integration-test/target/test-dir/MiniOzoneClusterImpl-9c41f9ea-08a3-4502-a72d-bbb1f5427d0a/omNode-1/ratis/c9bc4cf4-3bc3-3c60-a66b-523986131536
2022-02-09 14:07:04,793 [pool-202-thread-1] INFO  server.RaftServerConfigKeys (ConfUtils.java:logGet(44)) - raft.server.log.queue.byte-limit = 64MB (=67108864) (default)
2022-02-09 14:07:04,793 [pool-202-thread-1] INFO  server.RaftServerConfigKeys (ConfUtils.java:logGet(44)) - raft.server.log.queue.element-limit = 4096 (default)
2022-02-09 14:07:04,793 [pool-202-thread-1] INFO  server.RaftServerConfigKeys (ConfUtils.java:logGet(44)) - raft.server.log.segment.size.max = 4194304 (custom)
2022-02-09 14:07:04,793 [pool-202-thread-1] INFO  server.RaftServerConfigKeys (ConfUtils.java:logGet(44)) - raft.server.log.preallocated.size = 4194304 (custom)
2022-02-09 14:07:04,793 [pool-202-thread-1] INFO  server.RaftServerConfigKeys (ConfUtils.java:logGet(44)) - raft.server.log.force.sync.num = 128 (default)
2022-02-09 14:07:04,793 [pool-202-thread-1] INFO  server.RaftServerConfigKeys (ConfUtils.java:logGet(44)) - raft.server.log.statemachine.data.sync = true (default)
2022-02-09 14:07:04,793 [pool-202-thread-1] INFO  server.RaftServerConfigKeys (ConfUtils.java:logGet(44)) - raft.server.log.statemachine.data.sync.timeout = 10s (default)
2022-02-09 14:07:04,793 [pool-202-thread-1] INFO  server.RaftServerConfigKeys (ConfUtils.java:logGet(44)) - raft.server.log.statemachine.data.sync.timeout.retry = -1 (default)
2022-02-09 14:07:04,794 [pool-202-thread-1] INFO  server.RaftServerConfigKeys (ConfUtils.java:logGet(44)) - raft.server.log.write.buffer.size = 64KB (=65536) (default)
2022-02-09 14:07:04,794 [pool-202-thread-1] INFO  server.RaftServerConfigKeys (ConfUtils.java:logGet(44)) - raft.server.log.statemachine.data.caching.enabled = false (default)
2022-02-09 14:07:04,795 [pool-202-thread-1] INFO  server.RaftServer$Division (ServerState.java:setRaftConf(387)) - omNode-1@group-523986131536: set configuration 0: [omNode-3|rpc:localhost:44981|admin:|client:|dataStream:|priority:0, omNode-1|rpc:localhost:41473|admin:|client:|dataStream:|priority:0, omNode-2|rpc:localhost:43541|admin:|client:|dataStream:|priority:0], old=null
2022-02-09 14:07:04,796 [pool-202-thread-1] INFO  segmented.LogSegment (LogSegment.java:loadSegment(173)) - Successfully read 22 entries from segment file /home/runner/work/ozone/ozone/hadoop-ozone/integration-test/target/test-dir/MiniOzoneClusterImpl-9c41f9ea-08a3-4502-a72d-bbb1f5427d0a/omNode-1/ratis/c9bc4cf4-3bc3-3c60-a66b-523986131536/current/log_inprogress_0
2022-02-09 14:07:04,796 [pool-202-thread-1] INFO  segmented.SegmentedRaftLogWorker (SegmentedRaftLogWorker.java:lambda$new$0(133)) - omNode-1@group-523986131536-SegmentedRaftLogWorker: flushIndex: setUnconditionally 0 -> 21
2022-02-09 14:07:04,796 [pool-202-thread-1] INFO  segmented.SegmentedRaftLogWorker (SegmentedRaftLogWorker.java:lambda$new$0(133)) - omNode-1@group-523986131536-SegmentedRaftLogWorker: safeCacheEvictIndex: setUnconditionally 0 -> -1
2022-02-09 14:07:04,796 [pool-202-thread-1] INFO  raftlog.RaftLog (RaftLogBase.java:lambda$new$0(53)) - omNode-1@group-523986131536-SegmentedRaftLog: commitIndex: updateToMax old=20, new=18, updated? false
2022-02-09 14:07:04,796 [pool-202-thread-1] INFO  server.RaftServerConfigKeys (ConfUtils.java:logGet(44)) - raft.server.snapshot.auto.trigger.enabled = true (custom)
2022-02-09 14:07:04,796 [pool-202-thread-1] INFO  server.RaftServerConfigKeys (ConfUtils.java:logGet(44)) - raft.server.snapshot.auto.trigger.threshold = 50 (custom)
2022-02-09 14:07:04,797 [pool-202-thread-1] INFO  server.RaftServerConfigKeys (ConfUtils.java:logGet(44)) - raft.server.snapshot.retention.file.num = -1 (default)
2022-02-09 14:07:04,797 [pool-202-thread-1] INFO  server.RaftServerConfigKeys (ConfUtils.java:logGet(44)) - raft.server.log.purge.upto.snapshot.index = true (custom)
2022-02-09 14:07:04,797 [pool-202-thread-1] INFO  server.RaftServerConfigKeys (ConfUtils.java:logGet(44)) - raft.server.retrycache.expirytime = 30000ms (custom)
2022-02-09 14:07:04,797 [pool-202-thread-1] INFO  server.RaftServerConfigKeys (ConfUtils.java:logGet(44)) - raft.server.retrycache.statistics.expirytime = 100μs (default)
2022-02-09 14:07:04,798 [Listener at localhost/35103] INFO  server.RaftServer$Division (RaftServerImpl.java:start(301)) - omNode-1@group-523986131536: start as a follower, conf=0: [omNode-3|rpc:localhost:44981|admin:|client:|dataStream:|priority:0, omNode-1|rpc:localhost:41473|admin:|client:|dataStream:|priority:0, omNode-2|rpc:localhost:43541|admin:|client:|dataStream:|priority:0], old=null
2022-02-09 14:07:04,799 [Listener at localhost/35103] INFO  server.RaftServer$Division (RaftServerImpl.java:setRole(290)) - omNode-1@group-523986131536: changes role from      null to FOLLOWER at term 2 for startAsFollower
2022-02-09 14:07:04,799 [Listener at localhost/35103] INFO  impl.RoleInfo (RoleInfo.java:updateAndGet(130)) - omNode-1: start omNode-1@group-523986131536-FollowerState
2022-02-09 14:07:04,799 [Listener at localhost/35103] INFO  util.JmxRegister (JmxRegister.java:tryRegister(44)) - Successfully registered JMX Bean with object name Ratis:service=RaftServer,group=group-523986131536,id=omNode-1
2022-02-09 14:07:04,800 [Listener at localhost/35103] INFO  server.RaftServer (RaftServerProxy.java:lambda$start$5(374)) - omNode-1: start RPC server
2022-02-09 14:07:04,801 [Listener at localhost/35103] INFO  server.GrpcService (GrpcService.java:startImpl(253)) - omNode-1: GrpcService started, listening on 41473
2022-02-09 14:07:04,802 [org.apache.ratis.util.JvmPauseMonitor$$Lambda$422/1400671358@5af93319] INFO  util.JvmPauseMonitor (JvmPauseMonitor.java:run(103)) - JvmPauseMonitor-omNode-1: Started
2022-02-09 14:07:04,802 [Listener at localhost/35103] INFO  ipc.CallQueueManager (CallQueueManager.java:<init>(90)) - Using callQueue: class java.util.concurrent.LinkedBlockingQueue, queueCapacity: 2000, scheduler: class org.apache.hadoop.ipc.DefaultRpcScheduler, ipcBackoff: false.
2022-02-09 14:07:04,804 [Socket Reader #1 for port 43105] INFO  ipc.Server (Server.java:run(1265)) - Starting Socket Reader #1 for port 43105
2022-02-09 14:07:04,805 [Listener at localhost/43105] INFO  http.BaseHttpServer (BaseHttpServer.java:newHttpServer2BuilderForOzone(209)) - Starting Web-server for ozoneManager at: http://0.0.0.0:38981
2022-02-09 14:07:04,805 [Listener at localhost/43105] INFO  http.BaseHttpServer (BaseHttpServer.java:<init>(107)) - Hadoop Security Enabled: false Ozone Security Enabled: false Ozone HTTP Security Enabled: false 
2022-02-09 14:07:04,807 [Listener at localhost/43105] INFO  server.AuthenticationFilter (AuthenticationFilter.java:constructSecretProvider(240)) - Unable to initialize FileSignerSecretProvider, falling back to use random secrets.
2022-02-09 14:07:04,807 [Listener at localhost/43105] WARN  http.HttpRequestLog (HttpRequestLog.java:getRequestLog(103)) - Jetty request log can only be enabled using Log4j
2022-02-09 14:07:04,808 [Listener at localhost/43105] INFO  http.HttpServer2 (HttpServer2.java:addGlobalFilter(1030)) - Added global filter 'safety' (class=org.apache.hadoop.hdds.server.http.HttpServer2$QuotingInputFilter)
2022-02-09 14:07:04,809 [Listener at localhost/43105] INFO  http.HttpServer2 (HttpServer2.java:addFilter(1006)) - Added filter static_user_filter (class=org.apache.hadoop.http.lib.StaticUserWebFilter$StaticUserFilter) to context ozoneManager
2022-02-09 14:07:04,809 [Listener at localhost/43105] INFO  http.HttpServer2 (HttpServer2.java:addFilter(1014)) - Added filter static_user_filter (class=org.apache.hadoop.http.lib.StaticUserWebFilter$StaticUserFilter) to context logs
2022-02-09 14:07:04,809 [Listener at localhost/43105] INFO  http.HttpServer2 (HttpServer2.java:addFilter(1014)) - Added filter static_user_filter (class=org.apache.hadoop.http.lib.StaticUserWebFilter$StaticUserFilter) to context static
2022-02-09 14:07:04,810 [Listener at localhost/43105] INFO  http.HttpServer2 (HttpServer2.java:bindListener(1249)) - Jetty bound to port 38981
2022-02-09 14:07:04,810 [Listener at localhost/43105] INFO  server.Server (Server.java:doStart(375)) - jetty-9.4.43.v20210629; built: 2021-06-30T11:07:22.254Z; git: 526006ecfa3af7f1a27ef3a288e2bef7ea9dd7e8; jvm 1.8.0_312-b07
2022-02-09 14:07:04,812 [Listener at localhost/43105] INFO  server.session (DefaultSessionIdManager.java:doStart(334)) - DefaultSessionIdManager workerName=node0
2022-02-09 14:07:04,812 [Listener at localhost/43105] INFO  server.session (DefaultSessionIdManager.java:doStart(339)) - No SessionScavenger set, using defaults
2022-02-09 14:07:04,812 [Listener at localhost/43105] INFO  server.session (HouseKeeper.java:startScavenging(132)) - node0 Scavenging every 660000ms
2022-02-09 14:07:04,813 [Listener at localhost/43105] INFO  handler.ContextHandler (ContextHandler.java:doStart(915)) - Started o.e.j.s.ServletContextHandler@19481b70{logs,/logs,file:///home/runner/work/ozone/ozone/hadoop-ozone/integration-test/target/log,AVAILABLE}
2022-02-09 14:07:04,814 [Listener at localhost/43105] INFO  handler.ContextHandler (ContextHandler.java:doStart(915)) - Started o.e.j.s.ServletContextHandler@1ebde5b4{static,/static,file:///home/runner/work/ozone/ozone/hadoop-ozone/integration-test/target/test-classes/webapps/static,AVAILABLE}
2022-02-09 14:07:04,818 [Listener at localhost/43105] INFO  handler.ContextHandler (ContextHandler.java:doStart(915)) - Started o.e.j.w.WebAppContext@3aaebbfb{ozoneManager,/,file:///home/runner/work/ozone/ozone/hadoop-ozone/integration-test/target/test-classes/webapps/ozoneManager/,AVAILABLE}{file:/home/runner/work/ozone/ozone/hadoop-ozone/integration-test/target/test-classes/webapps/ozoneManager}
2022-02-09 14:07:04,820 [Listener at localhost/43105] INFO  server.AbstractConnector (AbstractConnector.java:doStart(331)) - Started ServerConnector@376c135f{HTTP/1.1, (http/1.1)}{0.0.0.0:38981}
2022-02-09 14:07:04,820 [Listener at localhost/43105] INFO  server.Server (Server.java:doStart(415)) - Started @158253ms
2022-02-09 14:07:04,820 [Listener at localhost/43105] WARN  impl.MetricsSystemImpl (MetricsSystemImpl.java:register(279)) - Sink prometheus already exists!
2022-02-09 14:07:04,820 [Listener at localhost/43105] INFO  http.BaseHttpServer (BaseHttpServer.java:updateConnectorAddress(329)) - HTTP server of ozoneManager listening at http://0.0.0.0:38981
2022-02-09 14:07:04,821 [IPC Server Responder] INFO  ipc.Server (Server.java:run(1507)) - IPC Server Responder: starting
2022-02-09 14:07:04,821 [IPC Server listener on 43105] INFO  ipc.Server (Server.java:run(1344)) - IPC Server listener on 43105: starting
2022-02-09 14:07:04,828 [Listener at localhost/43105] INFO  om.OzoneManager (OzoneManager.java:startTrashEmptier(1792)) - Trash Interval set to 0. Files deleted will not move to trash
2022-02-09 14:07:04,832 [Listener at localhost/43105] INFO  om.OzoneManager (OzoneManager.java:stop(1893)) - omNode-2[localhost:46577]: Stopping Ozone Manager
2022-02-09 14:07:04,833 [org.apache.hadoop.util.JvmPauseMonitor$Monitor@6e870c2a] INFO  util.JvmPauseMonitor (JvmPauseMonitor.java:run(188)) - Starting JVM pause monitor
2022-02-09 14:07:04,834 [Listener at localhost/43105] INFO  ipc.Server (Server.java:stop(3414)) - Stopping server on 46577
2022-02-09 14:07:04,835 [IPC Server listener on 46577] INFO  ipc.Server (Server.java:run(1376)) - Stopping IPC Server listener on 46577
2022-02-09 14:07:04,836 [IPC Server Responder] INFO  ipc.Server (Server.java:run(1512)) - Stopping IPC Server Responder
2022-02-09 14:07:04,837 [Listener at localhost/43105] INFO  server.RaftServer (RaftServerProxy.java:lambda$close$6(391)) - omNode-2: close
2022-02-09 14:07:04,838 [Listener at localhost/43105] INFO  server.RaftServer$Division (RaftServerImpl.java:lambda$close$4(412)) - omNode-2@group-523986131536: shutdown
2022-02-09 14:07:04,838 [Listener at localhost/43105] INFO  util.JmxRegister (JmxRegister.java:unregister(73)) - Successfully un-registered JMX Bean with object name Ratis:service=RaftServer,group=group-523986131536,id=omNode-2
2022-02-09 14:07:04,838 [Listener at localhost/43105] INFO  impl.RoleInfo (RoleInfo.java:shutdownFollowerState(108)) - omNode-2: shutdown omNode-2@group-523986131536-FollowerState
2022-02-09 14:07:04,838 [Listener at localhost/43105] INFO  impl.StateMachineUpdater (StateMachineUpdater.java:stopAndJoin(149)) - omNode-2@group-523986131536-StateMachineUpdater: set stopIndex = 21
2022-02-09 14:07:04,838 [omNode-2@group-523986131536-StateMachineUpdater] INFO  ratis.OzoneManagerStateMachine (OzoneManagerStateMachine.java:takeSnapshot(417)) - Current Snapshot Index (t:2, i:21)
2022-02-09 14:07:04,839 [omNode-2@group-523986131536-StateMachineUpdater] INFO  impl.StateMachineUpdater (StateMachineUpdater.java:takeSnapshot(281)) - omNode-2@group-523986131536-StateMachineUpdater: Took a snapshot at index 21
2022-02-09 14:07:04,839 [omNode-2@group-523986131536-StateMachineUpdater] INFO  impl.StateMachineUpdater (StateMachineUpdater.java:lambda$new$0(89)) - omNode-2@group-523986131536-StateMachineUpdater: snapshotIndex: updateIncreasingly -1 -> 21
2022-02-09 14:07:04,839 [omNode-2@group-523986131536-StateMachineUpdater] INFO  ratis.OzoneManagerStateMachine (OzoneManagerStateMachine.java:close(471)) - StateMachine has shutdown. Shutdown OzoneManager if not already shutdown.
2022-02-09 14:07:04,839 [omNode-2@group-523986131536-FollowerState] INFO  impl.FollowerState (FollowerState.java:run(143)) - omNode-2@group-523986131536-FollowerState was interrupted: {}
java.lang.InterruptedException: sleep interrupted
	at java.lang.Thread.sleep(Native Method)
	at java.lang.Thread.sleep(Thread.java:340)
	at java.util.concurrent.TimeUnit.sleep(TimeUnit.java:386)
	at org.apache.ratis.util.TimeDuration.sleep(TimeDuration.java:324)
	at org.apache.ratis.util.TimeDuration.sleep(TimeDuration.java:309)
	at org.apache.ratis.server.impl.FollowerState.run(FollowerState.java:118)
2022-02-09 14:07:04,839 [Listener at localhost/43105] INFO  server.RaftServer$Division (ServerState.java:close(419)) - omNode-2@group-523986131536: closes. applyIndex: 21
2022-02-09 14:07:04,840 [omNode-2@group-523986131536-SegmentedRaftLogWorker] INFO  segmented.SegmentedRaftLogWorker (SegmentedRaftLogWorker.java:run(327)) - omNode-2@group-523986131536-SegmentedRaftLogWorker was interrupted, exiting. There are 0 tasks remaining in the queue.
2022-02-09 14:07:04,840 [Listener at localhost/43105] INFO  segmented.SegmentedRaftLogWorker (SegmentedRaftLogWorker.java:close(237)) - omNode-2@group-523986131536-SegmentedRaftLogWorker close()
2022-02-09 14:07:04,841 [Listener at localhost/43105] INFO  server.GrpcService (GrpcService.java:closeImpl(262)) - omNode-2: shutdown server with port 43541 now
2022-02-09 14:07:04,843 [Listener at localhost/43105] INFO  server.GrpcService (GrpcService.java:closeImpl(271)) - omNode-2: shutdown server with port 43541 successfully
2022-02-09 14:07:04,843 [org.apache.ratis.util.JvmPauseMonitor$$Lambda$422/1400671358@5b0ddbcf] INFO  util.JvmPauseMonitor (JvmPauseMonitor.java:run(109)) - JvmPauseMonitor-omNode-2: Stopped
2022-02-09 14:07:04,843 [Listener at localhost/43105] INFO  ratis.OzoneManagerDoubleBuffer (OzoneManagerDoubleBuffer.java:stop(437)) - Stopping OMDoubleBuffer flush thread
2022-02-09 14:07:04,844 [OMDoubleBufferFlushThread] INFO  ratis.OzoneManagerDoubleBuffer (OzoneManagerDoubleBuffer.java:flushTransactions(356)) - OMDoubleBuffer flush thread OMDoubleBufferFlushThread is interrupted and will exit. OMDoubleBufferFlushThread
2022-02-09 14:07:04,844 [Listener at localhost/43105] INFO  utils.BackgroundService (BackgroundService.java:shutdown(132)) - Shutting down service KeyDeletingService
2022-02-09 14:07:04,845 [Listener at localhost/43105] INFO  utils.BackgroundService (BackgroundService.java:shutdown(132)) - Shutting down service DirectoryDeletingService
2022-02-09 14:07:04,847 [Listener at localhost/43105] INFO  handler.ContextHandler (ContextHandler.java:doStop(1153)) - Stopped o.e.j.w.WebAppContext@2b82254b{ozoneManager,/,null,STOPPED}{file:/home/runner/work/ozone/ozone/hadoop-ozone/integration-test/target/test-classes/webapps/ozoneManager}
2022-02-09 14:07:04,847 [Listener at localhost/43105] INFO  server.AbstractConnector (AbstractConnector.java:doStop(381)) - Stopped ServerConnector@e8f7aa3{HTTP/1.1, (http/1.1)}{0.0.0.0:38517}
2022-02-09 14:07:04,847 [Listener at localhost/43105] INFO  server.session (HouseKeeper.java:stopScavenging(149)) - node0 Stopped scavenging
2022-02-09 14:07:04,848 [Listener at localhost/43105] INFO  handler.ContextHandler (ContextHandler.java:doStop(1153)) - Stopped o.e.j.s.ServletContextHandler@5837b801{static,/static,file:///home/runner/work/ozone/ozone/hadoop-ozone/integration-test/target/test-classes/webapps/static,STOPPED}
2022-02-09 14:07:04,849 [Listener at localhost/43105] INFO  handler.ContextHandler (ContextHandler.java:doStop(1153)) - Stopped o.e.j.s.ServletContextHandler@706dd38b{logs,/logs,file:///home/runner/work/ozone/ozone/hadoop-ozone/integration-test/target/log,STOPPED}
2022-02-09 14:07:04,852 [Listener at localhost/43105] INFO  om.OzoneManager (OzoneManager.java:restart(1451)) - OzoneManager RPC server is listening at localhost/127.0.0.1:46577
2022-02-09 14:07:04,852 [Listener at localhost/43105] INFO  impl.MetricsSystemImpl (MetricsSystemImpl.java:init(158)) - OzoneManager metrics system started (again)
2022-02-09 14:07:04,867 [Listener at localhost/43105] WARN  server.ServerUtils (ServerUtils.java:getDBPath(225)) - ozone.om.db.dirs is not configured. We recommend adding this setting. Falling back to ozone.metadata.dirs instead.
2022-02-09 14:07:04,868 [Listener at localhost/43105] INFO  codec.OmKeyInfoCodec (OmKeyInfoCodec.java:<init>(50)) - OmKeyInfoCodec ignorePipeline = true
2022-02-09 14:07:04,868 [Listener at localhost/43105] INFO  codec.RepeatedOmKeyInfoCodec (RepeatedOmKeyInfoCodec.java:<init>(42)) - RepeatedOmKeyInfoCodec ignorePipeline = true
2022-02-09 14:07:04,907 [Listener at localhost/43105] WARN  om.OzoneManager (OzoneManager.java:instantiatePrepareStateOnStartup(3817)) - Prepare marker file index 21 does not match DB prepare index 18. Writing DB index to prepare file and maintaining prepared state.
2022-02-09 14:07:04,908 [Listener at localhost/43105] INFO  om.OzoneManagerPrepareState (OzoneManagerPrepareState.java:writePrepareMarkerFile(262)) - Prepare marker file written with log index 18 to file /home/runner/work/ozone/ozone/hadoop-ozone/integration-test/target/test-dir/MiniOzoneClusterImpl-9c41f9ea-08a3-4502-a72d-bbb1f5427d0a/omNode-2/current/prepareMarker
2022-02-09 14:07:04,911 [Listener at localhost/43105] WARN  impl.MetricRegistriesImpl (MetricRegistriesImpl.java:addReporterRegistration(111)) - New reporters are added after registries were created. Some metrics will be missing from the reporter. Please add reporter before adding any new registry.
2022-02-09 14:07:04,911 [Listener at localhost/43105] WARN  impl.MetricRegistriesImpl (MetricRegistriesImpl.java:addReporterRegistration(111)) - New reporters are added after registries were created. Some metrics will be missing from the reporter. Please add reporter before adding any new registry.
2022-02-09 14:07:04,912 [Listener at localhost/43105] WARN  server.ServerUtils (ServerUtils.java:getDefaultRatisDirectory(237)) - Storage directory for Ratis is not configured. It is a good idea to map this to an SSD disk. Falling back to ozone.metadata.dirs
2022-02-09 14:07:04,913 [Listener at localhost/43105] INFO  ratis.OzoneManagerRatisServer (OzoneManagerRatisServer.java:<init>(159)) - Instantiating OM Ratis server with groupID: om-service-test1 and peers: localhost:43541, localhost:44981, localhost:41473
2022-02-09 14:07:04,913 [Listener at localhost/43105] INFO  ratis.OzoneManagerStateMachine (OzoneManagerStateMachine.java:loadSnapshotInfoFromDB(605)) - LastAppliedIndex is set from TransactionInfo from OM DB as (t:2, i:21)
2022-02-09 14:07:04,913 [Listener at localhost/43105] INFO  server.RaftServer (ConfUtils.java:logGet(44)) - raft.rpc.type = GRPC (default)
2022-02-09 14:07:04,914 [Listener at localhost/43105] INFO  grpc.GrpcFactory (GrpcFactory.java:checkPooledByteBufAllocatorUseCacheForAllThreads(48)) - PERFORMANCE WARNING: useCacheForAllThreads is true that may cause Netty to create a lot garbage objects and, as a result, trigger GC.
	It is recommended to disable useCacheForAllThreads by setting -Dorg.apache.ratis.thirdparty.io.netty.allocator.useCacheForAllThreads=false in command line.
2022-02-09 14:07:04,914 [Listener at localhost/43105] INFO  grpc.GrpcConfigKeys (ConfUtils.java:logGet(44)) - raft.grpc.admin.port = -1 (default)
2022-02-09 14:07:04,914 [Listener at localhost/43105] INFO  grpc.GrpcConfigKeys (ConfUtils.java:logGet(44)) - raft.grpc.server.port = 43541 (custom)
2022-02-09 14:07:04,914 [Listener at localhost/43105] INFO  grpc.GrpcConfigKeys (ConfUtils.java:logGet(44)) - raft.grpc.client.port = -1 (default)
2022-02-09 14:07:04,914 [Listener at localhost/43105] INFO  grpc.GrpcConfigKeys (ConfUtils.java:logGet(44)) - raft.grpc.server.port = 43541 (custom)
2022-02-09 14:07:04,914 [Listener at localhost/43105] INFO  grpc.GrpcConfigKeys (ConfUtils.java:logGet(44)) - raft.grpc.server.port = 43541 (custom)
2022-02-09 14:07:04,914 [Listener at localhost/43105] INFO  server.GrpcService (ConfUtils.java:logGet(44)) - raft.grpc.message.size.max = 33554432 (custom)
2022-02-09 14:07:04,914 [Listener at localhost/43105] INFO  server.RaftServerConfigKeys (ConfUtils.java:logGet(44)) - raft.server.log.appender.buffer.byte-limit = 33554432 (custom)
2022-02-09 14:07:04,915 [Listener at localhost/43105] INFO  server.GrpcService (ConfUtils.java:logGet(44)) - raft.grpc.flow.control.window = 1MB (=1048576) (default)
2022-02-09 14:07:04,915 [Listener at localhost/43105] INFO  server.RaftServerConfigKeys (ConfUtils.java:logGet(44)) - raft.server.rpc.request.timeout = 3000ms (default)
2022-02-09 14:07:04,916 [Listener at localhost/43105] INFO  impl.DataStreamServerImpl (ConfUtils.java:logGet(44)) - raft.datastream.type = DISABLED (default)
2022-02-09 14:07:04,916 [Listener at localhost/43105] INFO  server.RaftServerConfigKeys (ConfUtils.java:logGet(44)) - raft.server.rpc.slowness.timeout = 2s (custom)
2022-02-09 14:07:04,916 [Listener at localhost/43105] INFO  server.RaftServerConfigKeys (ConfUtils.java:logGet(44)) - raft.server.leaderelection.leader.step-down.wait-time = 10s (default)
2022-02-09 14:07:04,916 [Listener at localhost/43105] INFO  server.RaftServerConfigKeys (ConfUtils.java:logGet(44)) - raft.server.storage.dir = [/home/runner/work/ozone/ozone/hadoop-ozone/integration-test/target/test-dir/MiniOzoneClusterImpl-9c41f9ea-08a3-4502-a72d-bbb1f5427d0a/omNode-2/ratis] (custom)
2022-02-09 14:07:04,916 [Listener at localhost/43105] INFO  server.RaftServer (RaftServerProxy.java:lambda$null$1(235)) - omNode-2: found a subdirectory /home/runner/work/ozone/ozone/hadoop-ozone/integration-test/target/test-dir/MiniOzoneClusterImpl-9c41f9ea-08a3-4502-a72d-bbb1f5427d0a/omNode-2/ratis/c9bc4cf4-3bc3-3c60-a66b-523986131536
2022-02-09 14:07:04,918 [Listener at localhost/43105] INFO  server.RaftServer (RaftServerProxy.java:addNew(95)) - omNode-2: addNew group-523986131536:[omNode-3|rpc:localhost:44981|priority:0, omNode-1|rpc:localhost:41473|priority:0, omNode-2|rpc:localhost:43541|priority:0] returns group-523986131536:java.util.concurrent.CompletableFuture@7c747f78[Not completed]
2022-02-09 14:07:04,918 [Listener at localhost/43105] INFO  om.OzoneManager (OzoneManager.java:initializeRatisServer(1834)) - OzoneManager Ratis server initialized at port 43541
2022-02-09 14:07:04,918 [Listener at localhost/43105] INFO  ratis.OzoneManagerRatisServer (OzoneManagerRatisServer.java:start(554)) - Starting OzoneManagerRatisServer omNode-2 at port 43541
2022-02-09 14:07:04,918 [pool-222-thread-1] INFO  server.RaftServer$Division (RaftServerImpl.java:<init>(184)) - omNode-2: new RaftServerImpl for group-523986131536:[omNode-3|rpc:localhost:44981|priority:0, omNode-1|rpc:localhost:41473|priority:0, omNode-2|rpc:localhost:43541|priority:0] with OzoneManagerStateMachine:uninitialized
2022-02-09 14:07:04,920 [pool-222-thread-1] INFO  server.RaftServerConfigKeys (ConfUtils.java:logGet(44)) - raft.server.rpc.timeout.min = 1s (custom)
2022-02-09 14:07:04,920 [pool-222-thread-1] INFO  server.RaftServerConfigKeys (ConfUtils.java:logGet(44)) - raft.server.rpc.timeout.max = 1200ms (custom)
2022-02-09 14:07:04,920 [pool-222-thread-1] INFO  server.RaftServerConfigKeys (ConfUtils.java:logGet(44)) - raft.server.rpc.sleep.time = 25ms (default)
2022-02-09 14:07:04,920 [pool-222-thread-1] INFO  server.RaftServerConfigKeys (ConfUtils.java:logGet(44)) - raft.server.rpc.slowness.timeout = 2s (custom)
2022-02-09 14:07:04,920 [pool-222-thread-1] INFO  server.RaftServerConfigKeys (ConfUtils.java:logGet(44)) - raft.server.leaderelection.leader.step-down.wait-time = 10s (default)
2022-02-09 14:07:04,920 [pool-222-thread-1] INFO  server.RaftServerConfigKeys (ConfUtils.java:logGet(44)) - raft.server.sleep.deviation.threshold = 300ms (default)
2022-02-09 14:07:04,920 [pool-222-thread-1] INFO  server.RaftServerConfigKeys (ConfUtils.java:logGet(44)) - raft.server.log.appender.install.snapshot.enabled = false (custom)
2022-02-09 14:07:04,920 [pool-222-thread-1] INFO  server.RaftServer$Division (ServerState.java:<init>(105)) - omNode-2@group-523986131536: ConfigurationManager, init=-1: [omNode-3|rpc:localhost:44981|priority:0, omNode-1|rpc:localhost:41473|priority:0, omNode-2|rpc:localhost:43541|priority:0], old=null, confs=<EMPTY_MAP>
2022-02-09 14:07:04,920 [pool-222-thread-1] INFO  server.RaftServerConfigKeys (ConfUtils.java:logGet(44)) - raft.server.storage.dir = [/home/runner/work/ozone/ozone/hadoop-ozone/integration-test/target/test-dir/MiniOzoneClusterImpl-9c41f9ea-08a3-4502-a72d-bbb1f5427d0a/omNode-2/ratis] (custom)
2022-02-09 14:07:04,921 [pool-222-thread-1] INFO  server.RaftServerConfigKeys (ConfUtils.java:logGet(44)) - raft.server.log.corruption.policy = EXCEPTION (default)
2022-02-09 14:07:04,921 [pool-222-thread-1] INFO  server.RaftServerConfigKeys (ConfUtils.java:logGet(44)) - raft.server.storage.free-space.min = 0MB (=0) (default)
2022-02-09 14:07:04,923 [pool-222-thread-1] INFO  storage.RaftStorageDirectory (RaftStorageDirectoryImpl.java:tryLock(230)) - Lock on /home/runner/work/ozone/ozone/hadoop-ozone/integration-test/target/test-dir/MiniOzoneClusterImpl-9c41f9ea-08a3-4502-a72d-bbb1f5427d0a/omNode-2/ratis/c9bc4cf4-3bc3-3c60-a66b-523986131536/in_use.lock acquired by nodename 1691@fv-az270-916
2022-02-09 14:07:04,923 [pool-222-thread-1] INFO  storage.RaftStorage (RaftStorageImpl.java:analyzeAndRecoverStorage(110)) - Read RaftStorageMetadata{term=2, votedFor=omNode-3} from /home/runner/work/ozone/ozone/hadoop-ozone/integration-test/target/test-dir/MiniOzoneClusterImpl-9c41f9ea-08a3-4502-a72d-bbb1f5427d0a/omNode-2/ratis/c9bc4cf4-3bc3-3c60-a66b-523986131536/current/raft-meta
2022-02-09 14:07:04,924 [pool-222-thread-1] INFO  server.RaftServer$Division (ServerState.java:setRaftConf(387)) - omNode-2@group-523986131536: set configuration 0: [omNode-3|rpc:localhost:44981|admin:|client:|dataStream:|priority:0, omNode-1|rpc:localhost:41473|admin:|client:|dataStream:|priority:0, omNode-2|rpc:localhost:43541|admin:|client:|dataStream:|priority:0], old=null
2022-02-09 14:07:04,924 [pool-222-thread-1] INFO  server.RaftServerConfigKeys (ConfUtils.java:logGet(44)) - raft.server.notification.no-leader.timeout = 2s (custom)
2022-02-09 14:07:04,924 [pool-222-thread-1] INFO  server.RaftServerConfigKeys (ConfUtils.java:logGet(44)) - raft.server.log.use.memory = false (default)
2022-02-09 14:07:04,924 [pool-222-thread-1] INFO  server.RaftServerConfigKeys (ConfUtils.java:logGet(44)) - raft.server.log.purge.gap = 50 (custom)
2022-02-09 14:07:04,924 [pool-222-thread-1] INFO  server.RaftServerConfigKeys (ConfUtils.java:logGet(44)) - raft.server.log.appender.buffer.byte-limit = 33554432 (custom)
2022-02-09 14:07:04,925 [pool-222-thread-1] INFO  server.RaftServerConfigKeys (ConfUtils.java:logGet(44)) - raft.server.log.segment.size.max = 4194304 (custom)
2022-02-09 14:07:04,925 [pool-222-thread-1] INFO  server.RaftServerConfigKeys (ConfUtils.java:logGet(44)) - raft.server.log.segment.cache.num.max = 2 (custom)
2022-02-09 14:07:04,925 [pool-222-thread-1] INFO  server.RaftServerConfigKeys (ConfUtils.java:logGet(44)) - raft.server.log.segment.cache.size.max = 200MB (=209715200) (default)
2022-02-09 14:07:04,925 [pool-222-thread-1] INFO  segmented.SegmentedRaftLogWorker (SegmentedRaftLogWorker.java:<init>(182)) - new omNode-2@group-523986131536-SegmentedRaftLogWorker for RaftStorageImpl:Storage Directory /home/runner/work/ozone/ozone/hadoop-ozone/integration-test/target/test-dir/MiniOzoneClusterImpl-9c41f9ea-08a3-4502-a72d-bbb1f5427d0a/omNode-2/ratis/c9bc4cf4-3bc3-3c60-a66b-523986131536
2022-02-09 14:07:04,926 [pool-222-thread-1] INFO  server.RaftServerConfigKeys (ConfUtils.java:logGet(44)) - raft.server.log.queue.byte-limit = 64MB (=67108864) (default)
2022-02-09 14:07:04,926 [pool-222-thread-1] INFO  server.RaftServerConfigKeys (ConfUtils.java:logGet(44)) - raft.server.log.queue.element-limit = 4096 (default)
2022-02-09 14:07:04,926 [pool-222-thread-1] INFO  server.RaftServerConfigKeys (ConfUtils.java:logGet(44)) - raft.server.log.segment.size.max = 4194304 (custom)
2022-02-09 14:07:04,926 [pool-222-thread-1] INFO  server.RaftServerConfigKeys (ConfUtils.java:logGet(44)) - raft.server.log.preallocated.size = 4194304 (custom)
2022-02-09 14:07:04,926 [pool-222-thread-1] INFO  server.RaftServerConfigKeys (ConfUtils.java:logGet(44)) - raft.server.log.force.sync.num = 128 (default)
2022-02-09 14:07:04,926 [pool-222-thread-1] INFO  server.RaftServerConfigKeys (ConfUtils.java:logGet(44)) - raft.server.log.statemachine.data.sync = true (default)
2022-02-09 14:07:04,926 [pool-222-thread-1] INFO  server.RaftServerConfigKeys (ConfUtils.java:logGet(44)) - raft.server.log.statemachine.data.sync.timeout = 10s (default)
2022-02-09 14:07:04,926 [pool-222-thread-1] INFO  server.RaftServerConfigKeys (ConfUtils.java:logGet(44)) - raft.server.log.statemachine.data.sync.timeout.retry = -1 (default)
2022-02-09 14:07:04,927 [pool-222-thread-1] INFO  server.RaftServerConfigKeys (ConfUtils.java:logGet(44)) - raft.server.log.write.buffer.size = 64KB (=65536) (default)
2022-02-09 14:07:04,927 [pool-222-thread-1] INFO  server.RaftServerConfigKeys (ConfUtils.java:logGet(44)) - raft.server.log.statemachine.data.caching.enabled = false (default)
2022-02-09 14:07:04,927 [pool-222-thread-1] INFO  segmented.SegmentedRaftLogWorker (SegmentedRaftLogWorker.java:lambda$new$0(133)) - omNode-2@group-523986131536-SegmentedRaftLogWorker: flushIndex: setUnconditionally 0 -> 21
2022-02-09 14:07:04,927 [pool-222-thread-1] INFO  segmented.SegmentedRaftLogWorker (SegmentedRaftLogWorker.java:lambda$new$0(133)) - omNode-2@group-523986131536-SegmentedRaftLogWorker: safeCacheEvictIndex: setUnconditionally 0 -> -1
2022-02-09 14:07:04,928 [pool-222-thread-1] INFO  server.RaftServerConfigKeys (ConfUtils.java:logGet(44)) - raft.server.snapshot.auto.trigger.enabled = true (custom)
2022-02-09 14:07:04,928 [pool-222-thread-1] INFO  server.RaftServerConfigKeys (ConfUtils.java:logGet(44)) - raft.server.snapshot.auto.trigger.threshold = 50 (custom)
2022-02-09 14:07:04,928 [pool-222-thread-1] INFO  server.RaftServerConfigKeys (ConfUtils.java:logGet(44)) - raft.server.snapshot.retention.file.num = -1 (default)
2022-02-09 14:07:04,928 [pool-222-thread-1] INFO  server.RaftServerConfigKeys (ConfUtils.java:logGet(44)) - raft.server.log.purge.upto.snapshot.index = true (custom)
2022-02-09 14:07:04,928 [pool-222-thread-1] INFO  server.RaftServerConfigKeys (ConfUtils.java:logGet(44)) - raft.server.retrycache.expirytime = 30000ms (custom)
2022-02-09 14:07:04,928 [pool-222-thread-1] INFO  server.RaftServerConfigKeys (ConfUtils.java:logGet(44)) - raft.server.retrycache.statistics.expirytime = 100μs (default)
2022-02-09 14:07:04,930 [Listener at localhost/43105] INFO  server.RaftServer$Division (RaftServerImpl.java:start(301)) - omNode-2@group-523986131536: start as a follower, conf=0: [omNode-3|rpc:localhost:44981|admin:|client:|dataStream:|priority:0, omNode-1|rpc:localhost:41473|admin:|client:|dataStream:|priority:0, omNode-2|rpc:localhost:43541|admin:|client:|dataStream:|priority:0], old=null
2022-02-09 14:07:04,930 [Listener at localhost/43105] INFO  server.RaftServer$Division (RaftServerImpl.java:setRole(290)) - omNode-2@group-523986131536: changes role from      null to FOLLOWER at term 2 for startAsFollower
2022-02-09 14:07:04,930 [Listener at localhost/43105] INFO  impl.RoleInfo (RoleInfo.java:updateAndGet(130)) - omNode-2: start omNode-2@group-523986131536-FollowerState
2022-02-09 14:07:04,930 [Listener at localhost/43105] INFO  util.JmxRegister (JmxRegister.java:tryRegister(44)) - Successfully registered JMX Bean with object name Ratis:service=RaftServer,group=group-523986131536,id=omNode-2
2022-02-09 14:07:04,933 [Listener at localhost/43105] INFO  server.RaftServer (RaftServerProxy.java:lambda$start$5(374)) - omNode-2: start RPC server
2022-02-09 14:07:04,934 [Listener at localhost/43105] INFO  server.GrpcService (GrpcService.java:startImpl(253)) - omNode-2: GrpcService started, listening on 43541
2022-02-09 14:07:04,938 [Listener at localhost/43105] INFO  ipc.CallQueueManager (CallQueueManager.java:<init>(90)) - Using callQueue: class java.util.concurrent.LinkedBlockingQueue, queueCapacity: 2000, scheduler: class org.apache.hadoop.ipc.DefaultRpcScheduler, ipcBackoff: false.
2022-02-09 14:07:04,938 [org.apache.ratis.util.JvmPauseMonitor$$Lambda$422/1400671358@5a5baca7] INFO  util.JvmPauseMonitor (JvmPauseMonitor.java:run(103)) - JvmPauseMonitor-omNode-2: Started
2022-02-09 14:07:04,938 [Socket Reader #1 for port 46577] INFO  ipc.Server (Server.java:run(1265)) - Starting Socket Reader #1 for port 46577
2022-02-09 14:07:04,945 [Listener at localhost/46577] INFO  http.BaseHttpServer (BaseHttpServer.java:newHttpServer2BuilderForOzone(209)) - Starting Web-server for ozoneManager at: http://0.0.0.0:38517
2022-02-09 14:07:04,945 [Listener at localhost/46577] INFO  http.BaseHttpServer (BaseHttpServer.java:<init>(107)) - Hadoop Security Enabled: false Ozone Security Enabled: false Ozone HTTP Security Enabled: false 
2022-02-09 14:07:04,946 [Listener at localhost/46577] INFO  server.AuthenticationFilter (AuthenticationFilter.java:constructSecretProvider(240)) - Unable to initialize FileSignerSecretProvider, falling back to use random secrets.
2022-02-09 14:07:04,947 [Listener at localhost/46577] WARN  http.HttpRequestLog (HttpRequestLog.java:getRequestLog(103)) - Jetty request log can only be enabled using Log4j
2022-02-09 14:07:04,948 [Listener at localhost/46577] INFO  http.HttpServer2 (HttpServer2.java:addGlobalFilter(1030)) - Added global filter 'safety' (class=org.apache.hadoop.hdds.server.http.HttpServer2$QuotingInputFilter)
2022-02-09 14:07:04,949 [Listener at localhost/46577] INFO  http.HttpServer2 (HttpServer2.java:addFilter(1006)) - Added filter static_user_filter (class=org.apache.hadoop.http.lib.StaticUserWebFilter$StaticUserFilter) to context ozoneManager
2022-02-09 14:07:04,949 [Listener at localhost/46577] INFO  http.HttpServer2 (HttpServer2.java:addFilter(1014)) - Added filter static_user_filter (class=org.apache.hadoop.http.lib.StaticUserWebFilter$StaticUserFilter) to context logs
2022-02-09 14:07:04,949 [Listener at localhost/46577] INFO  http.HttpServer2 (HttpServer2.java:addFilter(1014)) - Added filter static_user_filter (class=org.apache.hadoop.http.lib.StaticUserWebFilter$StaticUserFilter) to context static
2022-02-09 14:07:04,949 [Listener at localhost/46577] INFO  http.HttpServer2 (HttpServer2.java:bindListener(1249)) - Jetty bound to port 38517
2022-02-09 14:07:04,950 [Listener at localhost/46577] INFO  server.Server (Server.java:doStart(375)) - jetty-9.4.43.v20210629; built: 2021-06-30T11:07:22.254Z; git: 526006ecfa3af7f1a27ef3a288e2bef7ea9dd7e8; jvm 1.8.0_312-b07
2022-02-09 14:07:04,951 [Listener at localhost/46577] INFO  server.session (DefaultSessionIdManager.java:doStart(334)) - DefaultSessionIdManager workerName=node0
2022-02-09 14:07:04,951 [Listener at localhost/46577] INFO  server.session (DefaultSessionIdManager.java:doStart(339)) - No SessionScavenger set, using defaults
2022-02-09 14:07:04,951 [Listener at localhost/46577] INFO  server.session (HouseKeeper.java:startScavenging(132)) - node0 Scavenging every 600000ms
2022-02-09 14:07:04,952 [Listener at localhost/46577] INFO  handler.ContextHandler (ContextHandler.java:doStart(915)) - Started o.e.j.s.ServletContextHandler@347d55f4{logs,/logs,file:///home/runner/work/ozone/ozone/hadoop-ozone/integration-test/target/log,AVAILABLE}
2022-02-09 14:07:04,953 [Listener at localhost/46577] INFO  handler.ContextHandler (ContextHandler.java:doStart(915)) - Started o.e.j.s.ServletContextHandler@7e382af4{static,/static,file:///home/runner/work/ozone/ozone/hadoop-ozone/integration-test/target/test-classes/webapps/static,AVAILABLE}
2022-02-09 14:07:04,957 [Listener at localhost/46577] INFO  handler.ContextHandler (ContextHandler.java:doStart(915)) - Started o.e.j.w.WebAppContext@34bb86a5{ozoneManager,/,file:///home/runner/work/ozone/ozone/hadoop-ozone/integration-test/target/test-classes/webapps/ozoneManager/,AVAILABLE}{file:/home/runner/work/ozone/ozone/hadoop-ozone/integration-test/target/test-classes/webapps/ozoneManager}
2022-02-09 14:07:04,958 [Listener at localhost/46577] INFO  server.AbstractConnector (AbstractConnector.java:doStart(331)) - Started ServerConnector@6a763c17{HTTP/1.1, (http/1.1)}{0.0.0.0:38517}
2022-02-09 14:07:04,958 [Listener at localhost/46577] INFO  server.Server (Server.java:doStart(415)) - Started @158392ms
2022-02-09 14:07:04,958 [Listener at localhost/46577] WARN  impl.MetricsSystemImpl (MetricsSystemImpl.java:register(279)) - Sink prometheus already exists!
2022-02-09 14:07:04,959 [Listener at localhost/46577] INFO  http.BaseHttpServer (BaseHttpServer.java:updateConnectorAddress(329)) - HTTP server of ozoneManager listening at http://0.0.0.0:38517
2022-02-09 14:07:04,959 [IPC Server Responder] INFO  ipc.Server (Server.java:run(1507)) - IPC Server Responder: starting
2022-02-09 14:07:04,965 [IPC Server listener on 46577] INFO  ipc.Server (Server.java:run(1344)) - IPC Server listener on 46577: starting
2022-02-09 14:07:04,974 [Listener at localhost/46577] INFO  om.OzoneManager (OzoneManager.java:startTrashEmptier(1792)) - Trash Interval set to 0. Files deleted will not move to trash
2022-02-09 14:07:04,975 [org.apache.hadoop.util.JvmPauseMonitor$Monitor@35f721c1] INFO  util.JvmPauseMonitor (JvmPauseMonitor.java:run(188)) - Starting JVM pause monitor
]]></system-out>
  </testcase>
  <testcase name="testCancelPrepare" classname="org.apache.hadoop.ozone.om.TestOzoneManagerPrepare" time="12.73"/>
  <testcase name="testPrepareWithTransactions" classname="org.apache.hadoop.ozone.om.TestOzoneManagerPrepare" time="23.923"/>
  <testcase name="testPrepareDownedOM" classname="org.apache.hadoop.ozone.om.TestOzoneManagerPrepare" time="12.215"/>
  <testcase name="testPrepareWithRestart" classname="org.apache.hadoop.ozone.om.TestOzoneManagerPrepare" time="65.255"/>
</testsuite>