<?xml version="1.0" encoding="UTF-8"?>
<testsuite xmlns:xsi="http://www.w3.org/2001/XMLSchema-instance" xsi:noNamespaceSchemaLocation="https://maven.apache.org/surefire/maven-surefire-plugin/xsd/surefire-test-report.xsd" name="org.apache.hadoop.ozone.client.rpc.TestWatchForCommit" time="219.472" tests="4" errors="1" skipped="0" failures="0">
  <properties>
    <property name="awt.toolkit" value="sun.awt.X11.XToolkit"/>
    <property name="file.encoding.pkg" value="sun.io"/>
    <property name="java.specification.version" value="1.8"/>
    <property name="sun.cpu.isalist" value=""/>
    <property name="sun.jnu.encoding" value="ANSI_X3.4-1968"/>
    <property name="java.class.path" value="/github/workspace/mnt/ozone/hadoop-ozone/integration-test/target/test-classes:/github/workspace/mnt/ozone/hadoop-ozone/integration-test/target/classes:/home/user/.m2/repository/org/apache/hadoop/hadoop-ozone-common/0.6.0-SNAPSHOT/hadoop-ozone-common-0.6.0-SNAPSHOT.jar:/home/user/.m2/repository/org/apache/commons/commons-compress/1.4.1/commons-compress-1.4.1.jar:/home/user/.m2/repository/org/tukaani/xz/1.0/xz-1.0.jar:/home/user/.m2/repository/org/apache/hadoop/hadoop-hdds-common/0.6.0-SNAPSHOT/hadoop-hdds-common-0.6.0-SNAPSHOT.jar:/home/user/.m2/repository/org/apache/hadoop/hadoop-hdds-hadoop-dependency-client/0.6.0-SNAPSHOT/hadoop-hdds-hadoop-dependency-client-0.6.0-SNAPSHOT.jar:/home/user/.m2/repository/info/picocli/picocli/3.9.6/picocli-3.9.6.jar:/home/user/.m2/repository/com/fasterxml/jackson/core/jackson-annotations/2.10.3/jackson-annotations-2.10.3.jar:/home/user/.m2/repository/javax/annotation/javax.annotation-api/1.2/javax.annotation-api-1.2.jar:/home/user/.m2/repository/org/apache/ratis/ratis-server/0.6.0-6ab75ae-SNAPSHOT/ratis-server-0.6.0-6ab75ae-SNAPSHOT.jar:/home/user/.m2/repository/org/apache/ratis/ratis-client/0.6.0-6ab75ae-SNAPSHOT/ratis-client-0.6.0-6ab75ae-SNAPSHOT.jar:/home/user/.m2/repository/org/apache/ratis/ratis-metrics/0.6.0-6ab75ae-SNAPSHOT/ratis-metrics-0.6.0-6ab75ae-SNAPSHOT.jar:/home/user/.m2/repository/org/apache/ratis/ratis-netty/0.6.0-6ab75ae-SNAPSHOT/ratis-netty-0.6.0-6ab75ae-SNAPSHOT.jar:/home/user/.m2/repository/org/apache/ratis/ratis-grpc/0.6.0-6ab75ae-SNAPSHOT/ratis-grpc-0.6.0-6ab75ae-SNAPSHOT.jar:/home/user/.m2/repository/org/apache/logging/log4j/log4j-api/2.11.0/log4j-api-2.11.0.jar:/home/user/.m2/repository/org/apache/logging/log4j/log4j-core/2.11.0/log4j-core-2.11.0.jar:/home/user/.m2/repository/com/lmax/disruptor/3.4.2/disruptor-3.4.2.jar:/home/user/.m2/repository/org/apache/commons/commons-pool2/2.6.0/commons-pool2-2.6.0.jar:/home/user/.m2/repository/org/bouncycastle/bcpkix-jdk15on/1.60/bcpkix-jdk15on-1.60.jar:/home/user/.m2/repository/commons-validator/commons-validator/1.6/commons-validator-1.6.jar:/home/user/.m2/repository/commons-digester/commons-digester/1.8.1/commons-digester-1.8.1.jar:/home/user/.m2/repository/io/jaegertracing/jaeger-client/1.2.0/jaeger-client-1.2.0.jar:/home/user/.m2/repository/io/jaegertracing/jaeger-thrift/1.2.0/jaeger-thrift-1.2.0.jar:/home/user/.m2/repository/org/apache/thrift/libthrift/0.13.0/libthrift-0.13.0.jar:/home/user/.m2/repository/com/squareup/okhttp3/okhttp/4.2.2/okhttp-4.2.2.jar:/home/user/.m2/repository/com/squareup/okio/okio/2.2.2/okio-2.2.2.jar:/home/user/.m2/repository/org/jetbrains/kotlin/kotlin-stdlib/1.3.50/kotlin-stdlib-1.3.50.jar:/home/user/.m2/repository/org/jetbrains/kotlin/kotlin-stdlib-common/1.3.50/kotlin-stdlib-common-1.3.50.jar:/home/user/.m2/repository/org/jetbrains/annotations/13.0/annotations-13.0.jar:/home/user/.m2/repository/io/jaegertracing/jaeger-core/1.2.0/jaeger-core-1.2.0.jar:/home/user/.m2/repository/io/jaegertracing/jaeger-tracerresolver/1.2.0/jaeger-tracerresolver-1.2.0.jar:/home/user/.m2/repository/io/opentracing/contrib/opentracing-tracerresolver/0.1.8/opentracing-tracerresolver-0.1.8.jar:/home/user/.m2/repository/io/opentracing/opentracing-util/0.33.0/opentracing-util-0.33.0.jar:/home/user/.m2/repository/io/opentracing/opentracing-api/0.33.0/opentracing-api-0.33.0.jar:/home/user/.m2/repository/io/opentracing/opentracing-noop/0.33.0/opentracing-noop-0.33.0.jar:/home/user/.m2/repository/org/apache/hadoop/hadoop-hdds-client/0.6.0-SNAPSHOT/hadoop-hdds-client-0.6.0-SNAPSHOT.jar:/home/user/.m2/repository/org/apache/hadoop/hadoop-ozone-interface-client/0.6.0-SNAPSHOT/hadoop-ozone-interface-client-0.6.0-SNAPSHOT.jar:/home/user/.m2/repository/org/apache/hadoop/hadoop-hdds-test-utils/0.6.0-SNAPSHOT/hadoop-hdds-test-utils-0.6.0-SNAPSHOT.jar:/home/user/.m2/repository/com/google/guava/guava/28.2-jre/guava-28.2-jre.jar:/home/user/.m2/repository/com/google/guava/failureaccess/1.0.1/failureaccess-1.0.1.jar:/home/user/.m2/repository/com/google/guava/listenablefuture/9999.0-empty-to-avoid-conflict-with-guava/listenablefuture-9999.0-empty-to-avoid-conflict-with-guava.jar:/home/user/.m2/repository/com/google/code/findbugs/jsr305/3.0.0/jsr305-3.0.0.jar:/home/user/.m2/repository/org/checkerframework/checker-qual/2.10.0/checker-qual-2.10.0.jar:/home/user/.m2/repository/com/google/errorprone/error_prone_annotations/2.2.0/error_prone_annotations-2.2.0.jar:/home/user/.m2/repository/com/google/j2objc/j2objc-annotations/1.3/j2objc-annotations-1.3.jar:/home/user/.m2/repository/commons-io/commons-io/2.5/commons-io-2.5.jar:/home/user/.m2/repository/commons-logging/commons-logging/1.2/commons-logging-1.2.jar:/home/user/.m2/repository/log4j/log4j/1.2.17/log4j-1.2.17.jar:/home/user/.m2/repository/org/slf4j/slf4j-api/1.7.25/slf4j-api-1.7.25.jar:/home/user/.m2/repository/org/apache/hadoop/hadoop-hdds-server-scm/0.6.0-SNAPSHOT/hadoop-hdds-server-scm-0.6.0-SNAPSHOT.jar:/home/user/.m2/repository/org/apache/hadoop/hadoop-hdds-container-service/0.6.0-SNAPSHOT/hadoop-hdds-container-service-0.6.0-SNAPSHOT.jar:/home/user/.m2/repository/org/apache/hadoop/hadoop-hdds-hadoop-dependency-server/0.6.0-SNAPSHOT/hadoop-hdds-hadoop-dependency-server-0.6.0-SNAPSHOT.jar:/home/user/.m2/repository/org/apache/hadoop/hadoop-hdds-server-framework/0.6.0-SNAPSHOT/hadoop-hdds-server-framework-0.6.0-SNAPSHOT.jar:/home/user/.m2/repository/org/apache/hadoop/hadoop-hdds-interface-server/0.6.0-SNAPSHOT/hadoop-hdds-interface-server-0.6.0-SNAPSHOT.jar:/home/user/.m2/repository/org/apache/hadoop/hadoop-hdds-interface-admin/0.6.0-SNAPSHOT/hadoop-hdds-interface-admin-0.6.0-SNAPSHOT.jar:/home/user/.m2/repository/org/rocksdb/rocksdbjni/6.8.1/rocksdbjni-6.8.1.jar:/home/user/.m2/repository/io/prometheus/simpleclient_dropwizard/0.7.0/simpleclient_dropwizard-0.7.0.jar:/home/user/.m2/repository/io/prometheus/simpleclient/0.7.0/simpleclient-0.7.0.jar:/home/user/.m2/repository/io/prometheus/simpleclient_common/0.7.0/simpleclient_common-0.7.0.jar:/home/user/.m2/repository/com/fasterxml/jackson/datatype/jackson-datatype-jsr310/2.10.3/jackson-datatype-jsr310-2.10.3.jar:/home/user/.m2/repository/org/apache/hadoop/hadoop-hdds-docs/0.6.0-SNAPSHOT/hadoop-hdds-docs-0.6.0-SNAPSHOT.jar:/home/user/.m2/repository/io/dropwizard/metrics/metrics-core/3.2.4/metrics-core-3.2.4.jar:/home/user/.m2/repository/org/apache/hadoop/hadoop-hdfs-client/3.2.1/hadoop-hdfs-client-3.2.1.jar:/home/user/.m2/repository/org/bouncycastle/bcprov-jdk15on/1.60/bcprov-jdk15on-1.60.jar:/home/user/.m2/repository/org/apache/hadoop/hadoop-ozone-ozone-manager/0.6.0-SNAPSHOT/hadoop-ozone-ozone-manager-0.6.0-SNAPSHOT.jar:/home/user/.m2/repository/org/apache/hadoop/hadoop-hdds-interface-client/0.6.0-SNAPSHOT/hadoop-hdds-interface-client-0.6.0-SNAPSHOT.jar:/home/user/.m2/repository/org/apache/ratis/ratis-thirdparty-misc/0.4.0/ratis-thirdparty-misc-0.4.0.jar:/home/user/.m2/repository/org/apache/hadoop/hadoop-minikdc/3.2.1/hadoop-minikdc-3.2.1.jar:/home/user/.m2/repository/org/apache/kerby/kerb-simplekdc/1.0.1/kerb-simplekdc-1.0.1.jar:/home/user/.m2/repository/org/apache/kerby/kerb-client/1.0.1/kerb-client-1.0.1.jar:/home/user/.m2/repository/org/apache/kerby/kerby-config/1.0.1/kerby-config-1.0.1.jar:/home/user/.m2/repository/org/apache/kerby/kerb-core/1.0.1/kerb-core-1.0.1.jar:/home/user/.m2/repository/org/apache/kerby/kerby-pkix/1.0.1/kerby-pkix-1.0.1.jar:/home/user/.m2/repository/org/apache/kerby/kerby-asn1/1.0.1/kerby-asn1-1.0.1.jar:/home/user/.m2/repository/org/apache/kerby/kerby-util/1.0.1/kerby-util-1.0.1.jar:/home/user/.m2/repository/org/apache/kerby/kerb-common/1.0.1/kerb-common-1.0.1.jar:/home/user/.m2/repository/org/apache/kerby/kerb-crypto/1.0.1/kerb-crypto-1.0.1.jar:/home/user/.m2/repository/org/apache/kerby/kerb-util/1.0.1/kerb-util-1.0.1.jar:/home/user/.m2/repository/org/apache/kerby/token-provider/1.0.1/token-provider-1.0.1.jar:/home/user/.m2/repository/org/apache/kerby/kerb-admin/1.0.1/kerb-admin-1.0.1.jar:/home/user/.m2/repository/org/apache/kerby/kerb-server/1.0.1/kerb-server-1.0.1.jar:/home/user/.m2/repository/org/apache/kerby/kerb-identity/1.0.1/kerb-identity-1.0.1.jar:/home/user/.m2/repository/org/apache/kerby/kerby-xdr/1.0.1/kerby-xdr-1.0.1.jar:/home/user/.m2/repository/org/slf4j/slf4j-log4j12/1.7.25/slf4j-log4j12-1.7.25.jar:/home/user/.m2/repository/org/apache/hadoop/hadoop-ozone-s3gateway/0.6.0-SNAPSHOT/hadoop-ozone-s3gateway-0.6.0-SNAPSHOT.jar:/home/user/.m2/repository/org/jboss/weld/servlet/weld-servlet/2.4.7.Final/weld-servlet-2.4.7.Final.jar:/home/user/.m2/repository/org/glassfish/jersey/containers/jersey-container-servlet-core/2.27/jersey-container-servlet-core-2.27.jar:/home/user/.m2/repository/org/glassfish/hk2/external/javax.inject/2.5.0-b42/javax.inject-2.5.0-b42.jar:/home/user/.m2/repository/org/glassfish/jersey/core/jersey-common/2.27/jersey-common-2.27.jar:/home/user/.m2/repository/org/glassfish/hk2/osgi-resource-locator/1.0.1/osgi-resource-locator-1.0.1.jar:/home/user/.m2/repository/javax/ws/rs/javax.ws.rs-api/2.1/javax.ws.rs-api-2.1.jar:/home/user/.m2/repository/org/glassfish/jersey/ext/cdi/jersey-cdi1x/2.27/jersey-cdi1x-2.27.jar:/home/user/.m2/repository/org/glassfish/jersey/inject/jersey-hk2/2.27/jersey-hk2-2.27.jar:/home/user/.m2/repository/org/glassfish/hk2/hk2-locator/2.5.0-b42/hk2-locator-2.5.0-b42.jar:/home/user/.m2/repository/org/javassist/javassist/3.22.0-CR2/javassist-3.22.0-CR2.jar:/home/user/.m2/repository/org/glassfish/hk2/hk2-api/2.5.0/hk2-api-2.5.0.jar:/home/user/.m2/repository/org/glassfish/hk2/external/jakarta.inject/2.5.0/jakarta.inject-2.5.0.jar:/home/user/.m2/repository/org/glassfish/hk2/hk2-utils/2.5.0/hk2-utils-2.5.0.jar:/home/user/.m2/repository/jakarta/annotation/jakarta.annotation-api/1.3.4/jakarta.annotation-api-1.3.4.jar:/home/user/.m2/repository/org/glassfish/hk2/external/aopalliance-repackaged/2.5.0/aopalliance-repackaged-2.5.0.jar:/home/user/.m2/repository/com/fasterxml/jackson/dataformat/jackson-dataformat-xml/2.10.3/jackson-dataformat-xml-2.10.3.jar:/home/user/.m2/repository/com/fasterxml/jackson/core/jackson-core/2.10.3/jackson-core-2.10.3.jar:/home/user/.m2/repository/com/fasterxml/jackson/module/jackson-module-jaxb-annotations/2.10.3/jackson-module-jaxb-annotations-2.10.3.jar:/home/user/.m2/repository/jakarta/xml/bind/jakarta.xml.bind-api/2.3.2/jakarta.xml.bind-api-2.3.2.jar:/home/user/.m2/repository/jakarta/activation/jakarta.activation-api/1.2.1/jakarta.activation-api-1.2.1.jar:/home/user/.m2/repository/org/codehaus/woodstox/stax2-api/3.1.4/stax2-api-3.1.4.jar:/home/user/.m2/repository/com/fasterxml/woodstox/woodstox-core/5.0.3/woodstox-core-5.0.3.jar:/home/user/.m2/repository/javax/enterprise/cdi-api/1.2/cdi-api-1.2.jar:/home/user/.m2/repository/javax/el/javax.el-api/3.0.0/javax.el-api-3.0.0.jar:/home/user/.m2/repository/javax/interceptor/javax.interceptor-api/1.2/javax.interceptor-api-1.2.jar:/home/user/.m2/repository/javax/inject/javax.inject/1/javax.inject-1.jar:/home/user/.m2/repository/com/sun/xml/bind/jaxb-impl/2.3.0.1/jaxb-impl-2.3.0.1.jar:/home/user/.m2/repository/com/sun/xml/bind/jaxb-core/2.3.0.1/jaxb-core-2.3.0.1.jar:/home/user/.m2/repository/javax/xml/bind/jaxb-api/2.3.0/jaxb-api-2.3.0.jar:/home/user/.m2/repository/javax/activation/activation/1.1.1/activation-1.1.1.jar:/home/user/.m2/repository/org/apache/hadoop/hadoop-ozone-csi/0.6.0-SNAPSHOT/hadoop-ozone-csi-0.6.0-SNAPSHOT.jar:/home/user/.m2/repository/com/google/protobuf/protobuf-java-util/3.11.0/protobuf-java-util-3.11.0.jar:/home/user/.m2/repository/com/google/code/gson/gson/2.2.4/gson-2.2.4.jar:/home/user/.m2/repository/org/apache/hadoop/hadoop-hdds-config/0.6.0-SNAPSHOT/hadoop-hdds-config-0.6.0-SNAPSHOT.jar:/home/user/.m2/repository/com/google/protobuf/protobuf-java/2.5.0/protobuf-java-2.5.0.jar:/home/user/.m2/repository/io/grpc/grpc-netty/1.29.0/grpc-netty-1.29.0.jar:/home/user/.m2/repository/io/grpc/grpc-core/1.29.0/grpc-core-1.29.0.jar:/home/user/.m2/repository/com/google/android/annotations/4.1.1.4/annotations-4.1.1.4.jar:/home/user/.m2/repository/io/perfmark/perfmark-api/0.19.0/perfmark-api-0.19.0.jar:/home/user/.m2/repository/io/netty/netty-codec-http2/4.1.48.Final/netty-codec-http2-4.1.48.Final.jar:/home/user/.m2/repository/io/netty/netty-codec/4.1.48.Final/netty-codec-4.1.48.Final.jar:/home/user/.m2/repository/io/netty/netty-handler/4.1.48.Final/netty-handler-4.1.48.Final.jar:/home/user/.m2/repository/io/netty/netty-codec-http/4.1.48.Final/netty-codec-http-4.1.48.Final.jar:/home/user/.m2/repository/io/netty/netty-handler-proxy/4.1.48.Final/netty-handler-proxy-4.1.48.Final.jar:/home/user/.m2/repository/io/netty/netty-codec-socks/4.1.48.Final/netty-codec-socks-4.1.48.Final.jar:/home/user/.m2/repository/io/netty/netty-transport-native-epoll/4.1.48.Final/netty-transport-native-epoll-4.1.48.Final.jar:/home/user/.m2/repository/io/netty/netty-common/4.1.48.Final/netty-common-4.1.48.Final.jar:/home/user/.m2/repository/io/netty/netty-buffer/4.1.48.Final/netty-buffer-4.1.48.Final.jar:/home/user/.m2/repository/io/netty/netty-transport/4.1.48.Final/netty-transport-4.1.48.Final.jar:/home/user/.m2/repository/io/netty/netty-resolver/4.1.48.Final/netty-resolver-4.1.48.Final.jar:/home/user/.m2/repository/io/netty/netty-transport-native-unix-common/4.1.48.Final/netty-transport-native-unix-common-4.1.48.Final.jar:/home/user/.m2/repository/io/grpc/grpc-protobuf/1.29.0/grpc-protobuf-1.29.0.jar:/home/user/.m2/repository/io/grpc/grpc-api/1.29.0/grpc-api-1.29.0.jar:/home/user/.m2/repository/io/grpc/grpc-context/1.29.0/grpc-context-1.29.0.jar:/home/user/.m2/repository/org/codehaus/mojo/animal-sniffer-annotations/1.18/animal-sniffer-annotations-1.18.jar:/home/user/.m2/repository/com/google/api/grpc/proto-google-common-protos/1.17.0/proto-google-common-protos-1.17.0.jar:/home/user/.m2/repository/io/grpc/grpc-protobuf-lite/1.29.0/grpc-protobuf-lite-1.29.0.jar:/home/user/.m2/repository/io/grpc/grpc-stub/1.29.0/grpc-stub-1.29.0.jar:/home/user/.m2/repository/org/apache/hadoop/hadoop-ozone-recon/0.6.0-SNAPSHOT/hadoop-ozone-recon-0.6.0-SNAPSHOT.jar:/home/user/.m2/repository/org/apache/hadoop/hadoop-ozone-reconcodegen/0.6.0-SNAPSHOT/hadoop-ozone-reconcodegen-0.6.0-SNAPSHOT.jar:/home/user/.m2/repository/com/google/inject/extensions/guice-multibindings/4.0/guice-multibindings-4.0.jar:/home/user/.m2/repository/com/google/inject/guice/4.0/guice-4.0.jar:/home/user/.m2/repository/aopalliance/aopalliance/1.0/aopalliance-1.0.jar:/home/user/.m2/repository/com/google/inject/extensions/guice-assistedinject/4.0/guice-assistedinject-4.0.jar:/home/user/.m2/repository/com/google/inject/extensions/guice-servlet/4.0/guice-servlet-4.0.jar:/home/user/.m2/repository/org/glassfish/jersey/containers/jersey-container-servlet/2.27/jersey-container-servlet-2.27.jar:/home/user/.m2/repository/org/glassfish/hk2/guice-bridge/2.5.0/guice-bridge-2.5.0.jar:/home/user/.m2/repository/org/glassfish/jersey/core/jersey-server/2.27/jersey-server-2.27.jar:/home/user/.m2/repository/org/glassfish/jersey/core/jersey-client/2.27/jersey-client-2.27.jar:/home/user/.m2/repository/org/glassfish/jersey/media/jersey-media-jaxb/2.27/jersey-media-jaxb-2.27.jar:/home/user/.m2/repository/javax/validation/validation-api/1.1.0.Final/validation-api-1.1.0.Final.jar:/home/user/.m2/repository/org/glassfish/jersey/media/jersey-media-json-jackson/2.27/jersey-media-json-jackson-2.27.jar:/home/user/.m2/repository/org/glassfish/jersey/ext/jersey-entity-filtering/2.27/jersey-entity-filtering-2.27.jar:/home/user/.m2/repository/org/jooq/jooq/3.11.10/jooq-3.11.10.jar:/home/user/.m2/repository/org/jooq/jooq-meta/3.11.10/jooq-meta-3.11.10.jar:/home/user/.m2/repository/org/jooq/jooq-codegen/3.11.10/jooq-codegen-3.11.10.jar:/home/user/.m2/repository/com/jolbox/bonecp/0.8.0.RELEASE/bonecp-0.8.0.RELEASE.jar:/home/user/.m2/repository/org/apache/derby/derby/10.14.2.0/derby-10.14.2.0.jar:/home/user/.m2/repository/org/xerial/sqlite-jdbc/3.25.2/sqlite-jdbc-3.25.2.jar:/home/user/.m2/repository/org/springframework/spring-jdbc/5.2.5.RELEASE/spring-jdbc-5.2.5.RELEASE.jar:/home/user/.m2/repository/org/springframework/spring-beans/5.2.5.RELEASE/spring-beans-5.2.5.RELEASE.jar:/home/user/.m2/repository/org/springframework/spring-core/5.2.5.RELEASE/spring-core-5.2.5.RELEASE.jar:/home/user/.m2/repository/org/springframework/spring-jcl/5.2.5.RELEASE/spring-jcl-5.2.5.RELEASE.jar:/home/user/.m2/repository/org/springframework/spring-tx/5.2.5.RELEASE/spring-tx-5.2.5.RELEASE.jar:/home/user/.m2/repository/org/apache/hadoop/hadoop-ozone-client/0.6.0-SNAPSHOT/hadoop-ozone-client-0.6.0-SNAPSHOT.jar:/home/user/.m2/repository/org/apache/hadoop/hadoop-ozone-filesystem/0.6.0-SNAPSHOT/hadoop-ozone-filesystem-0.6.0-SNAPSHOT.jar:/home/user/.m2/repository/org/apache/hadoop/hadoop-ozone-filesystem-common/0.6.0-SNAPSHOT/hadoop-ozone-filesystem-common-0.6.0-SNAPSHOT.jar:/home/user/.m2/repository/org/apache/hadoop/hadoop-ozone-tools/0.6.0-SNAPSHOT/hadoop-ozone-tools-0.6.0-SNAPSHOT.jar:/home/user/.m2/repository/org/apache/hadoop/hadoop-hdfs/3.2.1/hadoop-hdfs-3.2.1.jar:/home/user/.m2/repository/org/apache/ratis/ratis-tools/0.6.0-6ab75ae-SNAPSHOT/ratis-tools-0.6.0-6ab75ae-SNAPSHOT.jar:/home/user/.m2/repository/org/apache/ratis/ratis-proto/0.6.0-6ab75ae-SNAPSHOT/ratis-proto-0.6.0-6ab75ae-SNAPSHOT.jar:/home/user/.m2/repository/org/apache/ratis/ratis-common/0.6.0-6ab75ae-SNAPSHOT/ratis-common-0.6.0-6ab75ae-SNAPSHOT.jar:/home/user/.m2/repository/com/amazonaws/aws-java-sdk-core/1.11.615/aws-java-sdk-core-1.11.615.jar:/home/user/.m2/repository/org/apache/httpcomponents/httpclient/4.5.2/httpclient-4.5.2.jar:/home/user/.m2/repository/org/apache/httpcomponents/httpcore/4.4.4/httpcore-4.4.4.jar:/home/user/.m2/repository/software/amazon/ion/ion-java/1.0.2/ion-java-1.0.2.jar:/home/user/.m2/repository/com/fasterxml/jackson/dataformat/jackson-dataformat-cbor/2.10.3/jackson-dataformat-cbor-2.10.3.jar:/home/user/.m2/repository/joda-time/joda-time/2.8.1/joda-time-2.8.1.jar:/home/user/.m2/repository/com/amazonaws/aws-java-sdk-s3/1.11.615/aws-java-sdk-s3-1.11.615.jar:/home/user/.m2/repository/com/amazonaws/aws-java-sdk-kms/1.11.615/aws-java-sdk-kms-1.11.615.jar:/home/user/.m2/repository/com/amazonaws/jmespath-java/1.11.615/jmespath-java-1.11.615.jar:/home/user/.m2/repository/org/apache/hadoop/hadoop-hdds-tools/0.6.0-SNAPSHOT/hadoop-hdds-tools-0.6.0-SNAPSHOT.jar:/home/user/.m2/repository/commons-cli/commons-cli/1.2/commons-cli-1.2.jar:/home/user/.m2/repository/org/apache/commons/commons-lang3/3.7/commons-lang3-3.7.jar:/home/user/.m2/repository/org/apache/hadoop/hadoop-ozone-ozone-manager/0.6.0-SNAPSHOT/hadoop-ozone-ozone-manager-0.6.0-SNAPSHOT-tests.jar:/home/user/.m2/repository/junit/junit/4.11/junit-4.11.jar:/home/user/.m2/repository/org/hamcrest/hamcrest-core/1.3/hamcrest-core-1.3.jar:/home/user/.m2/repository/org/openjdk/jmh/jmh-core/1.19/jmh-core-1.19.jar:/home/user/.m2/repository/net/sf/jopt-simple/jopt-simple/4.6/jopt-simple-4.6.jar:/home/user/.m2/repository/org/apache/commons/commons-math3/3.1.1/commons-math3-3.1.1.jar:/home/user/.m2/repository/org/openjdk/jmh/jmh-generator-annprocess/1.19/jmh-generator-annprocess-1.19.jar:/home/user/.m2/repository/org/mockito/mockito-all/1.8.5/mockito-all-1.8.5.jar:/home/user/.m2/repository/org/apache/hadoop/hadoop-kms/3.2.1/hadoop-kms-3.2.1.jar:/home/user/.m2/repository/org/apache/hadoop/hadoop-auth/3.2.1/hadoop-auth-3.2.1.jar:/home/user/.m2/repository/com/nimbusds/nimbus-jose-jwt/7.9/nimbus-jose-jwt-7.9.jar:/home/user/.m2/repository/com/github/stephenc/jcip/jcip-annotations/1.0-1/jcip-annotations-1.0-1.jar:/home/user/.m2/repository/net/minidev/json-smart/2.3/json-smart-2.3.jar:/home/user/.m2/repository/net/minidev/accessors-smart/1.2/accessors-smart-1.2.jar:/home/user/.m2/repository/org/ow2/asm/asm/5.0.4/asm-5.0.4.jar:/home/user/.m2/repository/org/apache/zookeeper/zookeeper/3.4.13/zookeeper-3.4.13.jar:/home/user/.m2/repository/org/apache/yetus/audience-annotations/0.5.0/audience-annotations-0.5.0.jar:/home/user/.m2/repository/org/apache/curator/curator-framework/2.13.0/curator-framework-2.13.0.jar:/home/user/.m2/repository/com/sun/jersey/jersey-core/1.19/jersey-core-1.19.jar:/home/user/.m2/repository/javax/ws/rs/jsr311-api/1.1.1/jsr311-api-1.1.1.jar:/home/user/.m2/repository/com/sun/jersey/jersey-server/1.19/jersey-server-1.19.jar:/home/user/.m2/repository/javax/servlet/javax.servlet-api/3.1.0/javax.servlet-api-3.1.0.jar:/home/user/.m2/repository/org/eclipse/jetty/jetty-server/9.4.26.v20200117/jetty-server-9.4.26.v20200117.jar:/home/user/.m2/repository/org/eclipse/jetty/jetty-http/9.4.26.v20200117/jetty-http-9.4.26.v20200117.jar:/home/user/.m2/repository/org/eclipse/jetty/jetty-io/9.4.26.v20200117/jetty-io-9.4.26.v20200117.jar:/home/user/.m2/repository/org/eclipse/jetty/jetty-webapp/9.4.26.v20200117/jetty-webapp-9.4.26.v20200117.jar:/home/user/.m2/repository/org/eclipse/jetty/jetty-xml/9.4.26.v20200117/jetty-xml-9.4.26.v20200117.jar:/home/user/.m2/repository/org/eclipse/jetty/jetty-servlet/9.4.26.v20200117/jetty-servlet-9.4.26.v20200117.jar:/home/user/.m2/repository/org/eclipse/jetty/jetty-security/9.4.26.v20200117/jetty-security-9.4.26.v20200117.jar:/home/user/.m2/repository/org/apache/hadoop/hadoop-common/3.2.1/hadoop-common-3.2.1.jar:/home/user/.m2/repository/commons-net/commons-net/3.6/commons-net-3.6.jar:/home/user/.m2/repository/commons-collections/commons-collections/3.2.2/commons-collections-3.2.2.jar:/home/user/.m2/repository/com/sun/jersey/jersey-servlet/1.19/jersey-servlet-1.19.jar:/home/user/.m2/repository/com/sun/jersey/jersey-json/1.19/jersey-json-1.19.jar:/home/user/.m2/repository/org/codehaus/jettison/jettison/1.1/jettison-1.1.jar:/home/user/.m2/repository/org/codehaus/jackson/jackson-jaxrs/1.9.2/jackson-jaxrs-1.9.2.jar:/home/user/.m2/repository/org/codehaus/jackson/jackson-xc/1.9.2/jackson-xc-1.9.2.jar:/home/user/.m2/repository/commons-beanutils/commons-beanutils/1.9.4/commons-beanutils-1.9.4.jar:/home/user/.m2/repository/org/apache/commons/commons-configuration2/2.1.1/commons-configuration2-2.1.1.jar:/home/user/.m2/repository/org/apache/commons/commons-text/1.4/commons-text-1.4.jar:/home/user/.m2/repository/com/google/re2j/re2j/1.1/re2j-1.1.jar:/home/user/.m2/repository/com/jcraft/jsch/0.1.54/jsch-0.1.54.jar:/home/user/.m2/repository/org/apache/curator/curator-client/2.13.0/curator-client-2.13.0.jar:/home/user/.m2/repository/org/apache/curator/curator-recipes/2.13.0/curator-recipes-2.13.0.jar:/home/user/.m2/repository/dnsjava/dnsjava/2.1.7/dnsjava-2.1.7.jar:/home/user/.m2/repository/org/slf4j/jul-to-slf4j/1.7.25/jul-to-slf4j-1.7.25.jar:/home/user/.m2/repository/org/eclipse/jetty/jetty-util/9.4.26.v20200117/jetty-util-9.4.26.v20200117.jar:/home/user/.m2/repository/com/fasterxml/jackson/core/jackson-databind/2.10.3/jackson-databind-2.10.3.jar:/home/user/.m2/repository/org/apache/hadoop/hadoop-kms/3.2.1/hadoop-kms-3.2.1-tests.jar:/home/user/.m2/repository/org/apache/hadoop/hadoop-hdds-server-scm/0.6.0-SNAPSHOT/hadoop-hdds-server-scm-0.6.0-SNAPSHOT-tests.jar:/home/user/.m2/repository/org/apache/hadoop/hadoop-hdds-container-service/0.6.0-SNAPSHOT/hadoop-hdds-container-service-0.6.0-SNAPSHOT-tests.jar:/home/user/.m2/repository/org/apache/hadoop/hadoop-hdds-common/0.6.0-SNAPSHOT/hadoop-hdds-common-0.6.0-SNAPSHOT-tests.jar:/home/user/.m2/repository/org/yaml/snakeyaml/1.16/snakeyaml-1.16.jar:/home/user/.m2/repository/org/apache/hadoop/hadoop-hdds-hadoop-dependency-test/0.6.0-SNAPSHOT/hadoop-hdds-hadoop-dependency-test-0.6.0-SNAPSHOT.jar:/home/user/.m2/repository/org/apache/hadoop/hadoop-common/3.2.1/hadoop-common-3.2.1-tests.jar:/home/user/.m2/repository/javax/servlet/jsp/jsp-api/2.1/jsp-api-2.1.jar:/home/user/.m2/repository/org/apache/hadoop/hadoop-hdfs/3.2.1/hadoop-hdfs-3.2.1-tests.jar:/home/user/.m2/repository/org/eclipse/jetty/jetty-util-ajax/9.4.26.v20200117/jetty-util-ajax-9.4.26.v20200117.jar:/home/user/.m2/repository/commons-codec/commons-codec/1.11/commons-codec-1.11.jar:/home/user/.m2/repository/commons-daemon/commons-daemon/1.0.13/commons-daemon-1.0.13.jar:/home/user/.m2/repository/io/netty/netty/3.10.5.Final/netty-3.10.5.Final.jar:/home/user/.m2/repository/io/netty/netty-all/4.1.48.Final/netty-all-4.1.48.Final.jar:/home/user/.m2/repository/org/apache/htrace/htrace-core4/4.1.0-incubating/htrace-core4-4.1.0-incubating.jar:/home/user/.m2/repository/org/fusesource/leveldbjni/leveldbjni-all/1.8/leveldbjni-all-1.8.jar:/home/user/.m2/repository/org/apache/hadoop/hadoop-distcp/3.2.1/hadoop-distcp-3.2.1.jar:/home/user/.m2/repository/org/apache/hadoop/hadoop-mapreduce-client-jobclient/3.2.1/hadoop-mapreduce-client-jobclient-3.2.1.jar:/home/user/.m2/repository/org/apache/hadoop/hadoop-mapreduce-client-common/3.2.1/hadoop-mapreduce-client-common-3.2.1.jar:/home/user/.m2/repository/org/apache/hadoop/hadoop-yarn-common/3.2.1/hadoop-yarn-common-3.2.1.jar:/home/user/.m2/repository/org/apache/hadoop/hadoop-yarn-api/3.2.1/hadoop-yarn-api-3.2.1.jar:/home/user/.m2/repository/com/sun/jersey/jersey-client/1.19/jersey-client-1.19.jar:/home/user/.m2/repository/com/sun/jersey/contribs/jersey-guice/1.19/jersey-guice-1.19.jar:/home/user/.m2/repository/com/fasterxml/jackson/jaxrs/jackson-jaxrs-json-provider/2.10.3/jackson-jaxrs-json-provider-2.10.3.jar:/home/user/.m2/repository/com/fasterxml/jackson/jaxrs/jackson-jaxrs-base/2.10.3/jackson-jaxrs-base-2.10.3.jar:/home/user/.m2/repository/org/apache/hadoop/hadoop-yarn-client/3.2.1/hadoop-yarn-client-3.2.1.jar:/home/user/.m2/repository/org/apache/hadoop/hadoop-mapreduce-client-core/3.2.1/hadoop-mapreduce-client-core-3.2.1.jar:/home/user/.m2/repository/org/apache/avro/avro/1.7.7/avro-1.7.7.jar:/home/user/.m2/repository/org/codehaus/jackson/jackson-core-asl/1.9.13/jackson-core-asl-1.9.13.jar:/home/user/.m2/repository/org/codehaus/jackson/jackson-mapper-asl/1.9.13/jackson-mapper-asl-1.9.13.jar:/home/user/.m2/repository/com/thoughtworks/paranamer/paranamer/2.3/paranamer-2.3.jar:/home/user/.m2/repository/org/xerial/snappy/snappy-java/1.0.5/snappy-java-1.0.5.jar:/home/user/.m2/repository/org/apache/hadoop/hadoop-annotations/3.2.1/hadoop-annotations-3.2.1.jar:/usr/lib/jvm/java-1.8.0-openjdk-1.8.0.232.b09-0.el7_7.x86_64/jre/../lib/tools.jar:/home/user/.m2/repository/org/apache/hadoop/hadoop-distcp/3.2.1/hadoop-distcp-3.2.1-tests.jar:"/>
    <property name="java.vm.vendor" value="Oracle Corporation"/>
    <property name="sun.arch.data.model" value="64"/>
    <property name="test.build.dir" value="/github/workspace/mnt/ozone/hadoop-ozone/integration-test/target/test-dir"/>
    <property name="test.cache.data" value=""/>
    <property name="java.vendor.url" value="http://java.oracle.com/"/>
    <property name="user.timezone" value=""/>
    <property name="java.vm.specification.version" value="1.8"/>
    <property name="os.name" value="Linux"/>
    <property name="test.build.data" value="/github/workspace/mnt/ozone/hadoop-ozone/integration-test/target/test-dir"/>
    <property name="user.country" value="US"/>
    <property name="sun.java.launcher" value="SUN_STANDARD"/>
    <property name="sun.boot.library.path" value="/usr/lib/jvm/java-1.8.0-openjdk-1.8.0.232.b09-0.el7_7.x86_64/jre/lib/amd64"/>
    <property name="sun.java.command" value="/github/workspace/mnt/ozone/hadoop-ozone/integration-test/target/surefire/surefirebooter581373511298261217.jar /github/workspace/mnt/ozone/hadoop-ozone/integration-test/target/surefire 2020-07-16T21-13-36_880-jvmRun1 surefire3037417121175497420tmp surefire_267593898624800673493tmp"/>
    <property name="surefire.test.class.path" value="/github/workspace/mnt/ozone/hadoop-ozone/integration-test/target/test-classes:/github/workspace/mnt/ozone/hadoop-ozone/integration-test/target/classes:/home/user/.m2/repository/org/apache/hadoop/hadoop-ozone-common/0.6.0-SNAPSHOT/hadoop-ozone-common-0.6.0-SNAPSHOT.jar:/home/user/.m2/repository/org/apache/commons/commons-compress/1.4.1/commons-compress-1.4.1.jar:/home/user/.m2/repository/org/tukaani/xz/1.0/xz-1.0.jar:/home/user/.m2/repository/org/apache/hadoop/hadoop-hdds-common/0.6.0-SNAPSHOT/hadoop-hdds-common-0.6.0-SNAPSHOT.jar:/home/user/.m2/repository/org/apache/hadoop/hadoop-hdds-hadoop-dependency-client/0.6.0-SNAPSHOT/hadoop-hdds-hadoop-dependency-client-0.6.0-SNAPSHOT.jar:/home/user/.m2/repository/info/picocli/picocli/3.9.6/picocli-3.9.6.jar:/home/user/.m2/repository/com/fasterxml/jackson/core/jackson-annotations/2.10.3/jackson-annotations-2.10.3.jar:/home/user/.m2/repository/javax/annotation/javax.annotation-api/1.2/javax.annotation-api-1.2.jar:/home/user/.m2/repository/org/apache/ratis/ratis-server/0.6.0-6ab75ae-SNAPSHOT/ratis-server-0.6.0-6ab75ae-SNAPSHOT.jar:/home/user/.m2/repository/org/apache/ratis/ratis-client/0.6.0-6ab75ae-SNAPSHOT/ratis-client-0.6.0-6ab75ae-SNAPSHOT.jar:/home/user/.m2/repository/org/apache/ratis/ratis-metrics/0.6.0-6ab75ae-SNAPSHOT/ratis-metrics-0.6.0-6ab75ae-SNAPSHOT.jar:/home/user/.m2/repository/org/apache/ratis/ratis-netty/0.6.0-6ab75ae-SNAPSHOT/ratis-netty-0.6.0-6ab75ae-SNAPSHOT.jar:/home/user/.m2/repository/org/apache/ratis/ratis-grpc/0.6.0-6ab75ae-SNAPSHOT/ratis-grpc-0.6.0-6ab75ae-SNAPSHOT.jar:/home/user/.m2/repository/org/apache/logging/log4j/log4j-api/2.11.0/log4j-api-2.11.0.jar:/home/user/.m2/repository/org/apache/logging/log4j/log4j-core/2.11.0/log4j-core-2.11.0.jar:/home/user/.m2/repository/com/lmax/disruptor/3.4.2/disruptor-3.4.2.jar:/home/user/.m2/repository/org/apache/commons/commons-pool2/2.6.0/commons-pool2-2.6.0.jar:/home/user/.m2/repository/org/bouncycastle/bcpkix-jdk15on/1.60/bcpkix-jdk15on-1.60.jar:/home/user/.m2/repository/commons-validator/commons-validator/1.6/commons-validator-1.6.jar:/home/user/.m2/repository/commons-digester/commons-digester/1.8.1/commons-digester-1.8.1.jar:/home/user/.m2/repository/io/jaegertracing/jaeger-client/1.2.0/jaeger-client-1.2.0.jar:/home/user/.m2/repository/io/jaegertracing/jaeger-thrift/1.2.0/jaeger-thrift-1.2.0.jar:/home/user/.m2/repository/org/apache/thrift/libthrift/0.13.0/libthrift-0.13.0.jar:/home/user/.m2/repository/com/squareup/okhttp3/okhttp/4.2.2/okhttp-4.2.2.jar:/home/user/.m2/repository/com/squareup/okio/okio/2.2.2/okio-2.2.2.jar:/home/user/.m2/repository/org/jetbrains/kotlin/kotlin-stdlib/1.3.50/kotlin-stdlib-1.3.50.jar:/home/user/.m2/repository/org/jetbrains/kotlin/kotlin-stdlib-common/1.3.50/kotlin-stdlib-common-1.3.50.jar:/home/user/.m2/repository/org/jetbrains/annotations/13.0/annotations-13.0.jar:/home/user/.m2/repository/io/jaegertracing/jaeger-core/1.2.0/jaeger-core-1.2.0.jar:/home/user/.m2/repository/io/jaegertracing/jaeger-tracerresolver/1.2.0/jaeger-tracerresolver-1.2.0.jar:/home/user/.m2/repository/io/opentracing/contrib/opentracing-tracerresolver/0.1.8/opentracing-tracerresolver-0.1.8.jar:/home/user/.m2/repository/io/opentracing/opentracing-util/0.33.0/opentracing-util-0.33.0.jar:/home/user/.m2/repository/io/opentracing/opentracing-api/0.33.0/opentracing-api-0.33.0.jar:/home/user/.m2/repository/io/opentracing/opentracing-noop/0.33.0/opentracing-noop-0.33.0.jar:/home/user/.m2/repository/org/apache/hadoop/hadoop-hdds-client/0.6.0-SNAPSHOT/hadoop-hdds-client-0.6.0-SNAPSHOT.jar:/home/user/.m2/repository/org/apache/hadoop/hadoop-ozone-interface-client/0.6.0-SNAPSHOT/hadoop-ozone-interface-client-0.6.0-SNAPSHOT.jar:/home/user/.m2/repository/org/apache/hadoop/hadoop-hdds-test-utils/0.6.0-SNAPSHOT/hadoop-hdds-test-utils-0.6.0-SNAPSHOT.jar:/home/user/.m2/repository/com/google/guava/guava/28.2-jre/guava-28.2-jre.jar:/home/user/.m2/repository/com/google/guava/failureaccess/1.0.1/failureaccess-1.0.1.jar:/home/user/.m2/repository/com/google/guava/listenablefuture/9999.0-empty-to-avoid-conflict-with-guava/listenablefuture-9999.0-empty-to-avoid-conflict-with-guava.jar:/home/user/.m2/repository/com/google/code/findbugs/jsr305/3.0.0/jsr305-3.0.0.jar:/home/user/.m2/repository/org/checkerframework/checker-qual/2.10.0/checker-qual-2.10.0.jar:/home/user/.m2/repository/com/google/errorprone/error_prone_annotations/2.2.0/error_prone_annotations-2.2.0.jar:/home/user/.m2/repository/com/google/j2objc/j2objc-annotations/1.3/j2objc-annotations-1.3.jar:/home/user/.m2/repository/commons-io/commons-io/2.5/commons-io-2.5.jar:/home/user/.m2/repository/commons-logging/commons-logging/1.2/commons-logging-1.2.jar:/home/user/.m2/repository/log4j/log4j/1.2.17/log4j-1.2.17.jar:/home/user/.m2/repository/org/slf4j/slf4j-api/1.7.25/slf4j-api-1.7.25.jar:/home/user/.m2/repository/org/apache/hadoop/hadoop-hdds-server-scm/0.6.0-SNAPSHOT/hadoop-hdds-server-scm-0.6.0-SNAPSHOT.jar:/home/user/.m2/repository/org/apache/hadoop/hadoop-hdds-container-service/0.6.0-SNAPSHOT/hadoop-hdds-container-service-0.6.0-SNAPSHOT.jar:/home/user/.m2/repository/org/apache/hadoop/hadoop-hdds-hadoop-dependency-server/0.6.0-SNAPSHOT/hadoop-hdds-hadoop-dependency-server-0.6.0-SNAPSHOT.jar:/home/user/.m2/repository/org/apache/hadoop/hadoop-hdds-server-framework/0.6.0-SNAPSHOT/hadoop-hdds-server-framework-0.6.0-SNAPSHOT.jar:/home/user/.m2/repository/org/apache/hadoop/hadoop-hdds-interface-server/0.6.0-SNAPSHOT/hadoop-hdds-interface-server-0.6.0-SNAPSHOT.jar:/home/user/.m2/repository/org/apache/hadoop/hadoop-hdds-interface-admin/0.6.0-SNAPSHOT/hadoop-hdds-interface-admin-0.6.0-SNAPSHOT.jar:/home/user/.m2/repository/org/rocksdb/rocksdbjni/6.8.1/rocksdbjni-6.8.1.jar:/home/user/.m2/repository/io/prometheus/simpleclient_dropwizard/0.7.0/simpleclient_dropwizard-0.7.0.jar:/home/user/.m2/repository/io/prometheus/simpleclient/0.7.0/simpleclient-0.7.0.jar:/home/user/.m2/repository/io/prometheus/simpleclient_common/0.7.0/simpleclient_common-0.7.0.jar:/home/user/.m2/repository/com/fasterxml/jackson/datatype/jackson-datatype-jsr310/2.10.3/jackson-datatype-jsr310-2.10.3.jar:/home/user/.m2/repository/org/apache/hadoop/hadoop-hdds-docs/0.6.0-SNAPSHOT/hadoop-hdds-docs-0.6.0-SNAPSHOT.jar:/home/user/.m2/repository/io/dropwizard/metrics/metrics-core/3.2.4/metrics-core-3.2.4.jar:/home/user/.m2/repository/org/apache/hadoop/hadoop-hdfs-client/3.2.1/hadoop-hdfs-client-3.2.1.jar:/home/user/.m2/repository/org/bouncycastle/bcprov-jdk15on/1.60/bcprov-jdk15on-1.60.jar:/home/user/.m2/repository/org/apache/hadoop/hadoop-ozone-ozone-manager/0.6.0-SNAPSHOT/hadoop-ozone-ozone-manager-0.6.0-SNAPSHOT.jar:/home/user/.m2/repository/org/apache/hadoop/hadoop-hdds-interface-client/0.6.0-SNAPSHOT/hadoop-hdds-interface-client-0.6.0-SNAPSHOT.jar:/home/user/.m2/repository/org/apache/ratis/ratis-thirdparty-misc/0.4.0/ratis-thirdparty-misc-0.4.0.jar:/home/user/.m2/repository/org/apache/hadoop/hadoop-minikdc/3.2.1/hadoop-minikdc-3.2.1.jar:/home/user/.m2/repository/org/apache/kerby/kerb-simplekdc/1.0.1/kerb-simplekdc-1.0.1.jar:/home/user/.m2/repository/org/apache/kerby/kerb-client/1.0.1/kerb-client-1.0.1.jar:/home/user/.m2/repository/org/apache/kerby/kerby-config/1.0.1/kerby-config-1.0.1.jar:/home/user/.m2/repository/org/apache/kerby/kerb-core/1.0.1/kerb-core-1.0.1.jar:/home/user/.m2/repository/org/apache/kerby/kerby-pkix/1.0.1/kerby-pkix-1.0.1.jar:/home/user/.m2/repository/org/apache/kerby/kerby-asn1/1.0.1/kerby-asn1-1.0.1.jar:/home/user/.m2/repository/org/apache/kerby/kerby-util/1.0.1/kerby-util-1.0.1.jar:/home/user/.m2/repository/org/apache/kerby/kerb-common/1.0.1/kerb-common-1.0.1.jar:/home/user/.m2/repository/org/apache/kerby/kerb-crypto/1.0.1/kerb-crypto-1.0.1.jar:/home/user/.m2/repository/org/apache/kerby/kerb-util/1.0.1/kerb-util-1.0.1.jar:/home/user/.m2/repository/org/apache/kerby/token-provider/1.0.1/token-provider-1.0.1.jar:/home/user/.m2/repository/org/apache/kerby/kerb-admin/1.0.1/kerb-admin-1.0.1.jar:/home/user/.m2/repository/org/apache/kerby/kerb-server/1.0.1/kerb-server-1.0.1.jar:/home/user/.m2/repository/org/apache/kerby/kerb-identity/1.0.1/kerb-identity-1.0.1.jar:/home/user/.m2/repository/org/apache/kerby/kerby-xdr/1.0.1/kerby-xdr-1.0.1.jar:/home/user/.m2/repository/org/slf4j/slf4j-log4j12/1.7.25/slf4j-log4j12-1.7.25.jar:/home/user/.m2/repository/org/apache/hadoop/hadoop-ozone-s3gateway/0.6.0-SNAPSHOT/hadoop-ozone-s3gateway-0.6.0-SNAPSHOT.jar:/home/user/.m2/repository/org/jboss/weld/servlet/weld-servlet/2.4.7.Final/weld-servlet-2.4.7.Final.jar:/home/user/.m2/repository/org/glassfish/jersey/containers/jersey-container-servlet-core/2.27/jersey-container-servlet-core-2.27.jar:/home/user/.m2/repository/org/glassfish/hk2/external/javax.inject/2.5.0-b42/javax.inject-2.5.0-b42.jar:/home/user/.m2/repository/org/glassfish/jersey/core/jersey-common/2.27/jersey-common-2.27.jar:/home/user/.m2/repository/org/glassfish/hk2/osgi-resource-locator/1.0.1/osgi-resource-locator-1.0.1.jar:/home/user/.m2/repository/javax/ws/rs/javax.ws.rs-api/2.1/javax.ws.rs-api-2.1.jar:/home/user/.m2/repository/org/glassfish/jersey/ext/cdi/jersey-cdi1x/2.27/jersey-cdi1x-2.27.jar:/home/user/.m2/repository/org/glassfish/jersey/inject/jersey-hk2/2.27/jersey-hk2-2.27.jar:/home/user/.m2/repository/org/glassfish/hk2/hk2-locator/2.5.0-b42/hk2-locator-2.5.0-b42.jar:/home/user/.m2/repository/org/javassist/javassist/3.22.0-CR2/javassist-3.22.0-CR2.jar:/home/user/.m2/repository/org/glassfish/hk2/hk2-api/2.5.0/hk2-api-2.5.0.jar:/home/user/.m2/repository/org/glassfish/hk2/external/jakarta.inject/2.5.0/jakarta.inject-2.5.0.jar:/home/user/.m2/repository/org/glassfish/hk2/hk2-utils/2.5.0/hk2-utils-2.5.0.jar:/home/user/.m2/repository/jakarta/annotation/jakarta.annotation-api/1.3.4/jakarta.annotation-api-1.3.4.jar:/home/user/.m2/repository/org/glassfish/hk2/external/aopalliance-repackaged/2.5.0/aopalliance-repackaged-2.5.0.jar:/home/user/.m2/repository/com/fasterxml/jackson/dataformat/jackson-dataformat-xml/2.10.3/jackson-dataformat-xml-2.10.3.jar:/home/user/.m2/repository/com/fasterxml/jackson/core/jackson-core/2.10.3/jackson-core-2.10.3.jar:/home/user/.m2/repository/com/fasterxml/jackson/module/jackson-module-jaxb-annotations/2.10.3/jackson-module-jaxb-annotations-2.10.3.jar:/home/user/.m2/repository/jakarta/xml/bind/jakarta.xml.bind-api/2.3.2/jakarta.xml.bind-api-2.3.2.jar:/home/user/.m2/repository/jakarta/activation/jakarta.activation-api/1.2.1/jakarta.activation-api-1.2.1.jar:/home/user/.m2/repository/org/codehaus/woodstox/stax2-api/3.1.4/stax2-api-3.1.4.jar:/home/user/.m2/repository/com/fasterxml/woodstox/woodstox-core/5.0.3/woodstox-core-5.0.3.jar:/home/user/.m2/repository/javax/enterprise/cdi-api/1.2/cdi-api-1.2.jar:/home/user/.m2/repository/javax/el/javax.el-api/3.0.0/javax.el-api-3.0.0.jar:/home/user/.m2/repository/javax/interceptor/javax.interceptor-api/1.2/javax.interceptor-api-1.2.jar:/home/user/.m2/repository/javax/inject/javax.inject/1/javax.inject-1.jar:/home/user/.m2/repository/com/sun/xml/bind/jaxb-impl/2.3.0.1/jaxb-impl-2.3.0.1.jar:/home/user/.m2/repository/com/sun/xml/bind/jaxb-core/2.3.0.1/jaxb-core-2.3.0.1.jar:/home/user/.m2/repository/javax/xml/bind/jaxb-api/2.3.0/jaxb-api-2.3.0.jar:/home/user/.m2/repository/javax/activation/activation/1.1.1/activation-1.1.1.jar:/home/user/.m2/repository/org/apache/hadoop/hadoop-ozone-csi/0.6.0-SNAPSHOT/hadoop-ozone-csi-0.6.0-SNAPSHOT.jar:/home/user/.m2/repository/com/google/protobuf/protobuf-java-util/3.11.0/protobuf-java-util-3.11.0.jar:/home/user/.m2/repository/com/google/code/gson/gson/2.2.4/gson-2.2.4.jar:/home/user/.m2/repository/org/apache/hadoop/hadoop-hdds-config/0.6.0-SNAPSHOT/hadoop-hdds-config-0.6.0-SNAPSHOT.jar:/home/user/.m2/repository/com/google/protobuf/protobuf-java/2.5.0/protobuf-java-2.5.0.jar:/home/user/.m2/repository/io/grpc/grpc-netty/1.29.0/grpc-netty-1.29.0.jar:/home/user/.m2/repository/io/grpc/grpc-core/1.29.0/grpc-core-1.29.0.jar:/home/user/.m2/repository/com/google/android/annotations/4.1.1.4/annotations-4.1.1.4.jar:/home/user/.m2/repository/io/perfmark/perfmark-api/0.19.0/perfmark-api-0.19.0.jar:/home/user/.m2/repository/io/netty/netty-codec-http2/4.1.48.Final/netty-codec-http2-4.1.48.Final.jar:/home/user/.m2/repository/io/netty/netty-codec/4.1.48.Final/netty-codec-4.1.48.Final.jar:/home/user/.m2/repository/io/netty/netty-handler/4.1.48.Final/netty-handler-4.1.48.Final.jar:/home/user/.m2/repository/io/netty/netty-codec-http/4.1.48.Final/netty-codec-http-4.1.48.Final.jar:/home/user/.m2/repository/io/netty/netty-handler-proxy/4.1.48.Final/netty-handler-proxy-4.1.48.Final.jar:/home/user/.m2/repository/io/netty/netty-codec-socks/4.1.48.Final/netty-codec-socks-4.1.48.Final.jar:/home/user/.m2/repository/io/netty/netty-transport-native-epoll/4.1.48.Final/netty-transport-native-epoll-4.1.48.Final.jar:/home/user/.m2/repository/io/netty/netty-common/4.1.48.Final/netty-common-4.1.48.Final.jar:/home/user/.m2/repository/io/netty/netty-buffer/4.1.48.Final/netty-buffer-4.1.48.Final.jar:/home/user/.m2/repository/io/netty/netty-transport/4.1.48.Final/netty-transport-4.1.48.Final.jar:/home/user/.m2/repository/io/netty/netty-resolver/4.1.48.Final/netty-resolver-4.1.48.Final.jar:/home/user/.m2/repository/io/netty/netty-transport-native-unix-common/4.1.48.Final/netty-transport-native-unix-common-4.1.48.Final.jar:/home/user/.m2/repository/io/grpc/grpc-protobuf/1.29.0/grpc-protobuf-1.29.0.jar:/home/user/.m2/repository/io/grpc/grpc-api/1.29.0/grpc-api-1.29.0.jar:/home/user/.m2/repository/io/grpc/grpc-context/1.29.0/grpc-context-1.29.0.jar:/home/user/.m2/repository/org/codehaus/mojo/animal-sniffer-annotations/1.18/animal-sniffer-annotations-1.18.jar:/home/user/.m2/repository/com/google/api/grpc/proto-google-common-protos/1.17.0/proto-google-common-protos-1.17.0.jar:/home/user/.m2/repository/io/grpc/grpc-protobuf-lite/1.29.0/grpc-protobuf-lite-1.29.0.jar:/home/user/.m2/repository/io/grpc/grpc-stub/1.29.0/grpc-stub-1.29.0.jar:/home/user/.m2/repository/org/apache/hadoop/hadoop-ozone-recon/0.6.0-SNAPSHOT/hadoop-ozone-recon-0.6.0-SNAPSHOT.jar:/home/user/.m2/repository/org/apache/hadoop/hadoop-ozone-reconcodegen/0.6.0-SNAPSHOT/hadoop-ozone-reconcodegen-0.6.0-SNAPSHOT.jar:/home/user/.m2/repository/com/google/inject/extensions/guice-multibindings/4.0/guice-multibindings-4.0.jar:/home/user/.m2/repository/com/google/inject/guice/4.0/guice-4.0.jar:/home/user/.m2/repository/aopalliance/aopalliance/1.0/aopalliance-1.0.jar:/home/user/.m2/repository/com/google/inject/extensions/guice-assistedinject/4.0/guice-assistedinject-4.0.jar:/home/user/.m2/repository/com/google/inject/extensions/guice-servlet/4.0/guice-servlet-4.0.jar:/home/user/.m2/repository/org/glassfish/jersey/containers/jersey-container-servlet/2.27/jersey-container-servlet-2.27.jar:/home/user/.m2/repository/org/glassfish/hk2/guice-bridge/2.5.0/guice-bridge-2.5.0.jar:/home/user/.m2/repository/org/glassfish/jersey/core/jersey-server/2.27/jersey-server-2.27.jar:/home/user/.m2/repository/org/glassfish/jersey/core/jersey-client/2.27/jersey-client-2.27.jar:/home/user/.m2/repository/org/glassfish/jersey/media/jersey-media-jaxb/2.27/jersey-media-jaxb-2.27.jar:/home/user/.m2/repository/javax/validation/validation-api/1.1.0.Final/validation-api-1.1.0.Final.jar:/home/user/.m2/repository/org/glassfish/jersey/media/jersey-media-json-jackson/2.27/jersey-media-json-jackson-2.27.jar:/home/user/.m2/repository/org/glassfish/jersey/ext/jersey-entity-filtering/2.27/jersey-entity-filtering-2.27.jar:/home/user/.m2/repository/org/jooq/jooq/3.11.10/jooq-3.11.10.jar:/home/user/.m2/repository/org/jooq/jooq-meta/3.11.10/jooq-meta-3.11.10.jar:/home/user/.m2/repository/org/jooq/jooq-codegen/3.11.10/jooq-codegen-3.11.10.jar:/home/user/.m2/repository/com/jolbox/bonecp/0.8.0.RELEASE/bonecp-0.8.0.RELEASE.jar:/home/user/.m2/repository/org/apache/derby/derby/10.14.2.0/derby-10.14.2.0.jar:/home/user/.m2/repository/org/xerial/sqlite-jdbc/3.25.2/sqlite-jdbc-3.25.2.jar:/home/user/.m2/repository/org/springframework/spring-jdbc/5.2.5.RELEASE/spring-jdbc-5.2.5.RELEASE.jar:/home/user/.m2/repository/org/springframework/spring-beans/5.2.5.RELEASE/spring-beans-5.2.5.RELEASE.jar:/home/user/.m2/repository/org/springframework/spring-core/5.2.5.RELEASE/spring-core-5.2.5.RELEASE.jar:/home/user/.m2/repository/org/springframework/spring-jcl/5.2.5.RELEASE/spring-jcl-5.2.5.RELEASE.jar:/home/user/.m2/repository/org/springframework/spring-tx/5.2.5.RELEASE/spring-tx-5.2.5.RELEASE.jar:/home/user/.m2/repository/org/apache/hadoop/hadoop-ozone-client/0.6.0-SNAPSHOT/hadoop-ozone-client-0.6.0-SNAPSHOT.jar:/home/user/.m2/repository/org/apache/hadoop/hadoop-ozone-filesystem/0.6.0-SNAPSHOT/hadoop-ozone-filesystem-0.6.0-SNAPSHOT.jar:/home/user/.m2/repository/org/apache/hadoop/hadoop-ozone-filesystem-common/0.6.0-SNAPSHOT/hadoop-ozone-filesystem-common-0.6.0-SNAPSHOT.jar:/home/user/.m2/repository/org/apache/hadoop/hadoop-ozone-tools/0.6.0-SNAPSHOT/hadoop-ozone-tools-0.6.0-SNAPSHOT.jar:/home/user/.m2/repository/org/apache/hadoop/hadoop-hdfs/3.2.1/hadoop-hdfs-3.2.1.jar:/home/user/.m2/repository/org/apache/ratis/ratis-tools/0.6.0-6ab75ae-SNAPSHOT/ratis-tools-0.6.0-6ab75ae-SNAPSHOT.jar:/home/user/.m2/repository/org/apache/ratis/ratis-proto/0.6.0-6ab75ae-SNAPSHOT/ratis-proto-0.6.0-6ab75ae-SNAPSHOT.jar:/home/user/.m2/repository/org/apache/ratis/ratis-common/0.6.0-6ab75ae-SNAPSHOT/ratis-common-0.6.0-6ab75ae-SNAPSHOT.jar:/home/user/.m2/repository/com/amazonaws/aws-java-sdk-core/1.11.615/aws-java-sdk-core-1.11.615.jar:/home/user/.m2/repository/org/apache/httpcomponents/httpclient/4.5.2/httpclient-4.5.2.jar:/home/user/.m2/repository/org/apache/httpcomponents/httpcore/4.4.4/httpcore-4.4.4.jar:/home/user/.m2/repository/software/amazon/ion/ion-java/1.0.2/ion-java-1.0.2.jar:/home/user/.m2/repository/com/fasterxml/jackson/dataformat/jackson-dataformat-cbor/2.10.3/jackson-dataformat-cbor-2.10.3.jar:/home/user/.m2/repository/joda-time/joda-time/2.8.1/joda-time-2.8.1.jar:/home/user/.m2/repository/com/amazonaws/aws-java-sdk-s3/1.11.615/aws-java-sdk-s3-1.11.615.jar:/home/user/.m2/repository/com/amazonaws/aws-java-sdk-kms/1.11.615/aws-java-sdk-kms-1.11.615.jar:/home/user/.m2/repository/com/amazonaws/jmespath-java/1.11.615/jmespath-java-1.11.615.jar:/home/user/.m2/repository/org/apache/hadoop/hadoop-hdds-tools/0.6.0-SNAPSHOT/hadoop-hdds-tools-0.6.0-SNAPSHOT.jar:/home/user/.m2/repository/commons-cli/commons-cli/1.2/commons-cli-1.2.jar:/home/user/.m2/repository/org/apache/commons/commons-lang3/3.7/commons-lang3-3.7.jar:/home/user/.m2/repository/org/apache/hadoop/hadoop-ozone-ozone-manager/0.6.0-SNAPSHOT/hadoop-ozone-ozone-manager-0.6.0-SNAPSHOT-tests.jar:/home/user/.m2/repository/junit/junit/4.11/junit-4.11.jar:/home/user/.m2/repository/org/hamcrest/hamcrest-core/1.3/hamcrest-core-1.3.jar:/home/user/.m2/repository/org/openjdk/jmh/jmh-core/1.19/jmh-core-1.19.jar:/home/user/.m2/repository/net/sf/jopt-simple/jopt-simple/4.6/jopt-simple-4.6.jar:/home/user/.m2/repository/org/apache/commons/commons-math3/3.1.1/commons-math3-3.1.1.jar:/home/user/.m2/repository/org/openjdk/jmh/jmh-generator-annprocess/1.19/jmh-generator-annprocess-1.19.jar:/home/user/.m2/repository/org/mockito/mockito-all/1.8.5/mockito-all-1.8.5.jar:/home/user/.m2/repository/org/apache/hadoop/hadoop-kms/3.2.1/hadoop-kms-3.2.1.jar:/home/user/.m2/repository/org/apache/hadoop/hadoop-auth/3.2.1/hadoop-auth-3.2.1.jar:/home/user/.m2/repository/com/nimbusds/nimbus-jose-jwt/7.9/nimbus-jose-jwt-7.9.jar:/home/user/.m2/repository/com/github/stephenc/jcip/jcip-annotations/1.0-1/jcip-annotations-1.0-1.jar:/home/user/.m2/repository/net/minidev/json-smart/2.3/json-smart-2.3.jar:/home/user/.m2/repository/net/minidev/accessors-smart/1.2/accessors-smart-1.2.jar:/home/user/.m2/repository/org/ow2/asm/asm/5.0.4/asm-5.0.4.jar:/home/user/.m2/repository/org/apache/zookeeper/zookeeper/3.4.13/zookeeper-3.4.13.jar:/home/user/.m2/repository/org/apache/yetus/audience-annotations/0.5.0/audience-annotations-0.5.0.jar:/home/user/.m2/repository/org/apache/curator/curator-framework/2.13.0/curator-framework-2.13.0.jar:/home/user/.m2/repository/com/sun/jersey/jersey-core/1.19/jersey-core-1.19.jar:/home/user/.m2/repository/javax/ws/rs/jsr311-api/1.1.1/jsr311-api-1.1.1.jar:/home/user/.m2/repository/com/sun/jersey/jersey-server/1.19/jersey-server-1.19.jar:/home/user/.m2/repository/javax/servlet/javax.servlet-api/3.1.0/javax.servlet-api-3.1.0.jar:/home/user/.m2/repository/org/eclipse/jetty/jetty-server/9.4.26.v20200117/jetty-server-9.4.26.v20200117.jar:/home/user/.m2/repository/org/eclipse/jetty/jetty-http/9.4.26.v20200117/jetty-http-9.4.26.v20200117.jar:/home/user/.m2/repository/org/eclipse/jetty/jetty-io/9.4.26.v20200117/jetty-io-9.4.26.v20200117.jar:/home/user/.m2/repository/org/eclipse/jetty/jetty-webapp/9.4.26.v20200117/jetty-webapp-9.4.26.v20200117.jar:/home/user/.m2/repository/org/eclipse/jetty/jetty-xml/9.4.26.v20200117/jetty-xml-9.4.26.v20200117.jar:/home/user/.m2/repository/org/eclipse/jetty/jetty-servlet/9.4.26.v20200117/jetty-servlet-9.4.26.v20200117.jar:/home/user/.m2/repository/org/eclipse/jetty/jetty-security/9.4.26.v20200117/jetty-security-9.4.26.v20200117.jar:/home/user/.m2/repository/org/apache/hadoop/hadoop-common/3.2.1/hadoop-common-3.2.1.jar:/home/user/.m2/repository/commons-net/commons-net/3.6/commons-net-3.6.jar:/home/user/.m2/repository/commons-collections/commons-collections/3.2.2/commons-collections-3.2.2.jar:/home/user/.m2/repository/com/sun/jersey/jersey-servlet/1.19/jersey-servlet-1.19.jar:/home/user/.m2/repository/com/sun/jersey/jersey-json/1.19/jersey-json-1.19.jar:/home/user/.m2/repository/org/codehaus/jettison/jettison/1.1/jettison-1.1.jar:/home/user/.m2/repository/org/codehaus/jackson/jackson-jaxrs/1.9.2/jackson-jaxrs-1.9.2.jar:/home/user/.m2/repository/org/codehaus/jackson/jackson-xc/1.9.2/jackson-xc-1.9.2.jar:/home/user/.m2/repository/commons-beanutils/commons-beanutils/1.9.4/commons-beanutils-1.9.4.jar:/home/user/.m2/repository/org/apache/commons/commons-configuration2/2.1.1/commons-configuration2-2.1.1.jar:/home/user/.m2/repository/org/apache/commons/commons-text/1.4/commons-text-1.4.jar:/home/user/.m2/repository/com/google/re2j/re2j/1.1/re2j-1.1.jar:/home/user/.m2/repository/com/jcraft/jsch/0.1.54/jsch-0.1.54.jar:/home/user/.m2/repository/org/apache/curator/curator-client/2.13.0/curator-client-2.13.0.jar:/home/user/.m2/repository/org/apache/curator/curator-recipes/2.13.0/curator-recipes-2.13.0.jar:/home/user/.m2/repository/dnsjava/dnsjava/2.1.7/dnsjava-2.1.7.jar:/home/user/.m2/repository/org/slf4j/jul-to-slf4j/1.7.25/jul-to-slf4j-1.7.25.jar:/home/user/.m2/repository/org/eclipse/jetty/jetty-util/9.4.26.v20200117/jetty-util-9.4.26.v20200117.jar:/home/user/.m2/repository/com/fasterxml/jackson/core/jackson-databind/2.10.3/jackson-databind-2.10.3.jar:/home/user/.m2/repository/org/apache/hadoop/hadoop-kms/3.2.1/hadoop-kms-3.2.1-tests.jar:/home/user/.m2/repository/org/apache/hadoop/hadoop-hdds-server-scm/0.6.0-SNAPSHOT/hadoop-hdds-server-scm-0.6.0-SNAPSHOT-tests.jar:/home/user/.m2/repository/org/apache/hadoop/hadoop-hdds-container-service/0.6.0-SNAPSHOT/hadoop-hdds-container-service-0.6.0-SNAPSHOT-tests.jar:/home/user/.m2/repository/org/apache/hadoop/hadoop-hdds-common/0.6.0-SNAPSHOT/hadoop-hdds-common-0.6.0-SNAPSHOT-tests.jar:/home/user/.m2/repository/org/yaml/snakeyaml/1.16/snakeyaml-1.16.jar:/home/user/.m2/repository/org/apache/hadoop/hadoop-hdds-hadoop-dependency-test/0.6.0-SNAPSHOT/hadoop-hdds-hadoop-dependency-test-0.6.0-SNAPSHOT.jar:/home/user/.m2/repository/org/apache/hadoop/hadoop-common/3.2.1/hadoop-common-3.2.1-tests.jar:/home/user/.m2/repository/javax/servlet/jsp/jsp-api/2.1/jsp-api-2.1.jar:/home/user/.m2/repository/org/apache/hadoop/hadoop-hdfs/3.2.1/hadoop-hdfs-3.2.1-tests.jar:/home/user/.m2/repository/org/eclipse/jetty/jetty-util-ajax/9.4.26.v20200117/jetty-util-ajax-9.4.26.v20200117.jar:/home/user/.m2/repository/commons-codec/commons-codec/1.11/commons-codec-1.11.jar:/home/user/.m2/repository/commons-daemon/commons-daemon/1.0.13/commons-daemon-1.0.13.jar:/home/user/.m2/repository/io/netty/netty/3.10.5.Final/netty-3.10.5.Final.jar:/home/user/.m2/repository/io/netty/netty-all/4.1.48.Final/netty-all-4.1.48.Final.jar:/home/user/.m2/repository/org/apache/htrace/htrace-core4/4.1.0-incubating/htrace-core4-4.1.0-incubating.jar:/home/user/.m2/repository/org/fusesource/leveldbjni/leveldbjni-all/1.8/leveldbjni-all-1.8.jar:/home/user/.m2/repository/org/apache/hadoop/hadoop-distcp/3.2.1/hadoop-distcp-3.2.1.jar:/home/user/.m2/repository/org/apache/hadoop/hadoop-mapreduce-client-jobclient/3.2.1/hadoop-mapreduce-client-jobclient-3.2.1.jar:/home/user/.m2/repository/org/apache/hadoop/hadoop-mapreduce-client-common/3.2.1/hadoop-mapreduce-client-common-3.2.1.jar:/home/user/.m2/repository/org/apache/hadoop/hadoop-yarn-common/3.2.1/hadoop-yarn-common-3.2.1.jar:/home/user/.m2/repository/org/apache/hadoop/hadoop-yarn-api/3.2.1/hadoop-yarn-api-3.2.1.jar:/home/user/.m2/repository/com/sun/jersey/jersey-client/1.19/jersey-client-1.19.jar:/home/user/.m2/repository/com/sun/jersey/contribs/jersey-guice/1.19/jersey-guice-1.19.jar:/home/user/.m2/repository/com/fasterxml/jackson/jaxrs/jackson-jaxrs-json-provider/2.10.3/jackson-jaxrs-json-provider-2.10.3.jar:/home/user/.m2/repository/com/fasterxml/jackson/jaxrs/jackson-jaxrs-base/2.10.3/jackson-jaxrs-base-2.10.3.jar:/home/user/.m2/repository/org/apache/hadoop/hadoop-yarn-client/3.2.1/hadoop-yarn-client-3.2.1.jar:/home/user/.m2/repository/org/apache/hadoop/hadoop-mapreduce-client-core/3.2.1/hadoop-mapreduce-client-core-3.2.1.jar:/home/user/.m2/repository/org/apache/avro/avro/1.7.7/avro-1.7.7.jar:/home/user/.m2/repository/org/codehaus/jackson/jackson-core-asl/1.9.13/jackson-core-asl-1.9.13.jar:/home/user/.m2/repository/org/codehaus/jackson/jackson-mapper-asl/1.9.13/jackson-mapper-asl-1.9.13.jar:/home/user/.m2/repository/com/thoughtworks/paranamer/paranamer/2.3/paranamer-2.3.jar:/home/user/.m2/repository/org/xerial/snappy/snappy-java/1.0.5/snappy-java-1.0.5.jar:/home/user/.m2/repository/org/apache/hadoop/hadoop-annotations/3.2.1/hadoop-annotations-3.2.1.jar:/usr/lib/jvm/java-1.8.0-openjdk-1.8.0.232.b09-0.el7_7.x86_64/jre/../lib/tools.jar:/home/user/.m2/repository/org/apache/hadoop/hadoop-distcp/3.2.1/hadoop-distcp-3.2.1-tests.jar:"/>
    <property name="sun.cpu.endian" value="little"/>
    <property name="user.home" value="/home/user"/>
    <property name="user.language" value="en"/>
    <property name="java.specification.vendor" value="Oracle Corporation"/>
    <property name="java.home" value="/usr/lib/jvm/java-1.8.0-openjdk-1.8.0.232.b09-0.el7_7.x86_64/jre"/>
    <property name="java.security.krb5.conf" value="/github/workspace/mnt/ozone/hadoop-ozone/integration-test/target/test-classes/krb5.conf"/>
    <property name="basedir" value="/github/workspace/mnt/ozone/hadoop-ozone/integration-test"/>
    <property name="file.separator" value="/"/>
    <property name="line.separator" value="&#10;"/>
    <property name="java.vm.specification.vendor" value="Oracle Corporation"/>
    <property name="java.specification.name" value="Java Platform API Specification"/>
    <property name="java.awt.graphicsenv" value="sun.awt.X11GraphicsEnvironment"/>
    <property name="skip.installnpx" value="true"/>
    <property name="surefire.real.class.path" value="/github/workspace/mnt/ozone/hadoop-ozone/integration-test/target/surefire/surefirebooter581373511298261217.jar:/home/user/.m2/repository/org/jacoco/org.jacoco.agent/0.8.5/org.jacoco.agent-0.8.5-runtime.jar"/>
    <property name="hadoop.log.dir" value="/github/workspace/mnt/ozone/hadoop-ozone/integration-test/target/log"/>
    <property name="sun.boot.class.path" value="/usr/lib/jvm/java-1.8.0-openjdk-1.8.0.232.b09-0.el7_7.x86_64/jre/lib/resources.jar:/usr/lib/jvm/java-1.8.0-openjdk-1.8.0.232.b09-0.el7_7.x86_64/jre/lib/rt.jar:/usr/lib/jvm/java-1.8.0-openjdk-1.8.0.232.b09-0.el7_7.x86_64/jre/lib/sunrsasign.jar:/usr/lib/jvm/java-1.8.0-openjdk-1.8.0.232.b09-0.el7_7.x86_64/jre/lib/jsse.jar:/usr/lib/jvm/java-1.8.0-openjdk-1.8.0.232.b09-0.el7_7.x86_64/jre/lib/jce.jar:/usr/lib/jvm/java-1.8.0-openjdk-1.8.0.232.b09-0.el7_7.x86_64/jre/lib/charsets.jar:/usr/lib/jvm/java-1.8.0-openjdk-1.8.0.232.b09-0.el7_7.x86_64/jre/lib/jfr.jar:/usr/lib/jvm/java-1.8.0-openjdk-1.8.0.232.b09-0.el7_7.x86_64/jre/classes"/>
    <property name="sun.management.compiler" value="HotSpot 64-Bit Tiered Compilers"/>
    <property name="skip.npx" value="true"/>
    <property name="java.runtime.version" value="1.8.0_232-b09"/>
    <property name="java.net.preferIPv4Stack" value="true"/>
    <property name="user.name" value="jenkins1001"/>
    <property name="path.separator" value=":"/>
    <property name="java.security.egd" value="file:///dev/urandom"/>
    <property name="os.version" value="5.3.0-1032-azure"/>
    <property name="java.endorsed.dirs" value="/usr/lib/jvm/java-1.8.0-openjdk-1.8.0.232.b09-0.el7_7.x86_64/jre/lib/endorsed"/>
    <property name="java.runtime.name" value="OpenJDK Runtime Environment"/>
    <property name="file.encoding" value="ANSI_X3.4-1968"/>
    <property name="java.vm.name" value="OpenJDK 64-Bit Server VM"/>
    <property name="test.build.webapps" value=""/>
    <property name="localRepository" value="/home/user/.m2/repository"/>
    <property name="java.vendor.url.bug" value="http://bugreport.sun.com/bugreport/"/>
    <property name="java.io.tmpdir" value="/tmp"/>
    <property name="require.test.libhadoop" value=""/>
    <property name="java.version" value="1.8.0_232"/>
    <property name="user.dir" value="/github/workspace/mnt/ozone/hadoop-ozone/integration-test"/>
    <property name="os.arch" value="amd64"/>
    <property name="java.vm.specification.name" value="Java Virtual Machine Specification"/>
    <property name="test.build.classes" value="/github/workspace/mnt/ozone/hadoop-ozone/integration-test/target/test-classes"/>
    <property name="java.awt.printerjob" value="sun.print.PSPrinterJob"/>
    <property name="sun.os.patch.level" value="unknown"/>
    <property name="hadoop.tmp.dir" value="/github/workspace/mnt/ozone/hadoop-ozone/integration-test/target/tmp"/>
    <property name="java.library.path" value="/usr/lib:/usr/java/packages/lib/amd64:/usr/lib64:/lib64:/lib:/usr/lib"/>
    <property name="java.vm.info" value="mixed mode"/>
    <property name="java.vendor" value="Oracle Corporation"/>
    <property name="java.vm.version" value="25.232-b09"/>
    <property name="java.ext.dirs" value="/usr/lib/jvm/java-1.8.0-openjdk-1.8.0.232.b09-0.el7_7.x86_64/jre/lib/ext:/usr/java/packages/lib/ext"/>
    <property name="sun.io.unicode.encoding" value="UnicodeLittle"/>
    <property name="java.class.version" value="52.0"/>
  </properties>
  <testcase name="testWatchForCommitWithKeyWrite" classname="org.apache.hadoop.ozone.client.rpc.TestWatchForCommit" time="66.833"/>
  <testcase name="testWatchForCommitForRetryfailure" classname="org.apache.hadoop.ozone.client.rpc.TestWatchForCommit" time="71.331"/>
  <testcase name="testWatchForCommitForGroupMismatchException" classname="org.apache.hadoop.ozone.client.rpc.TestWatchForCommit" time="38.991">
    <error message="0cd7fb39-f112-4f4e-916c-e67208469a58: Group group-F961CCA9B41C not found." type="java.io.IOException">java.io.IOException: 0cd7fb39-f112-4f4e-916c-e67208469a58: Group group-F961CCA9B41C not found.
	at org.apache.hadoop.ozone.container.common.transport.server.ratis.XceiverServerRatis.removeGroup(XceiverServerRatis.java:740)
	at org.apache.hadoop.ozone.container.TestHelper.waitForPipelineClose(TestHelper.java:220)
	at org.apache.hadoop.ozone.client.rpc.TestWatchForCommit.testWatchForCommitForGroupMismatchException(TestWatchForCommit.java:342)
	at sun.reflect.NativeMethodAccessorImpl.invoke0(Native Method)
	at sun.reflect.NativeMethodAccessorImpl.invoke(NativeMethodAccessorImpl.java:62)
	at sun.reflect.DelegatingMethodAccessorImpl.invoke(DelegatingMethodAccessorImpl.java:43)
	at java.lang.reflect.Method.invoke(Method.java:498)
	at org.junit.runners.model.FrameworkMethod$1.runReflectiveCall(FrameworkMethod.java:47)
	at org.junit.internal.runners.model.ReflectiveCallable.run(ReflectiveCallable.java:12)
	at org.junit.runners.model.FrameworkMethod.invokeExplosively(FrameworkMethod.java:44)
	at org.junit.internal.runners.statements.InvokeMethod.evaluate(InvokeMethod.java:17)
	at org.junit.internal.runners.statements.RunBefores.evaluate(RunBefores.java:26)
	at org.junit.internal.runners.statements.RunAfters.evaluate(RunAfters.java:27)
	at org.junit.runners.ParentRunner.runLeaf(ParentRunner.java:271)
	at org.junit.runners.BlockJUnit4ClassRunner.runChild(BlockJUnit4ClassRunner.java:70)
	at org.junit.runners.BlockJUnit4ClassRunner.runChild(BlockJUnit4ClassRunner.java:50)
	at org.junit.runners.ParentRunner$3.run(ParentRunner.java:238)
	at org.junit.runners.ParentRunner$1.schedule(ParentRunner.java:63)
	at org.junit.runners.ParentRunner.runChildren(ParentRunner.java:236)
	at org.junit.runners.ParentRunner.access$000(ParentRunner.java:53)
	at org.junit.runners.ParentRunner$2.evaluate(ParentRunner.java:229)
	at org.junit.runners.ParentRunner.run(ParentRunner.java:309)
	at org.apache.maven.surefire.junit4.JUnit4Provider.execute(JUnit4Provider.java:365)
	at org.apache.maven.surefire.junit4.JUnit4Provider.executeWithRerun(JUnit4Provider.java:273)
	at org.apache.maven.surefire.junit4.JUnit4Provider.executeTestSet(JUnit4Provider.java:238)
	at org.apache.maven.surefire.junit4.JUnit4Provider.invoke(JUnit4Provider.java:159)
	at org.apache.maven.surefire.booter.ForkedBooter.invokeProviderInSameClassLoader(ForkedBooter.java:384)
	at org.apache.maven.surefire.booter.ForkedBooter.runSuitesInProcess(ForkedBooter.java:345)
	at org.apache.maven.surefire.booter.ForkedBooter.execute(ForkedBooter.java:126)
	at org.apache.maven.surefire.booter.ForkedBooter.main(ForkedBooter.java:418)
Caused by: org.apache.ratis.protocol.GroupMismatchException: 0cd7fb39-f112-4f4e-916c-e67208469a58: Group group-F961CCA9B41C not found.
	at org.apache.ratis.server.impl.RaftServerProxy.groupRemoveAsync(RaftServerProxy.java:414)
	at org.apache.ratis.server.impl.RaftServerProxy.groupManagementAsync(RaftServerProxy.java:372)
	at org.apache.ratis.server.impl.RaftServerProxy.groupManagement(RaftServerProxy.java:355)
	at org.apache.hadoop.ozone.container.common.transport.server.ratis.XceiverServerRatis.removeGroup(XceiverServerRatis.java:738)
	... 29 more
</error>
    <system-out><![CDATA[2020-07-16 21:58:16,714 [Listener at 127.0.0.1/43365] WARN  server.ServerUtils (ServerUtils.java:getScmDbDir(148)) - ozone.scm.db.dirs is not configured. We recommend adding this setting. Falling back to ozone.metadata.dirs instead.
2020-07-16 21:58:16,717 [Listener at 127.0.0.1/43365] WARN  server.ServerUtils (ServerUtils.java:getScmDbDir(148)) - ozone.scm.db.dirs is not configured. We recommend adding this setting. Falling back to ozone.metadata.dirs instead.
2020-07-16 21:58:16,717 [Listener at 127.0.0.1/43365] WARN  db.DBStoreBuilder (DBStoreBuilder.java:createDBStoreBuilder(277)) - ozone.scm.db.dirs is not configured. We recommend adding this setting. Falling back to ozone.metadata.dirs instead.
2020-07-16 21:58:16,748 [Listener at 127.0.0.1/43365] INFO  net.NodeSchemaLoader (NodeSchemaLoader.java:loadSchemaFromFile(126)) - Loading file from sun.misc.CompoundEnumeration@695d804
2020-07-16 21:58:16,748 [Listener at 127.0.0.1/43365] INFO  net.NodeSchemaLoader (NodeSchemaLoader.java:loadSchema(172)) - Loading network topology layer schema file
2020-07-16 21:58:16,752 [Listener at 127.0.0.1/43365] INFO  node.SCMNodeManager (SCMNodeManager.java:<init>(116)) - Entering startup safe mode.
2020-07-16 21:58:16,752 [Listener at 127.0.0.1/43365] INFO  algorithms.ContainerPlacementPolicyFactory (ContainerPlacementPolicyFactory.java:getPolicy(60)) - Create container placement policy of type org.apache.hadoop.hdds.scm.container.placement.algorithms.SCMContainerPlacementRandom
2020-07-16 21:58:16,753 [Listener at 127.0.0.1/43365] INFO  pipeline.SCMPipelineManager (SCMPipelineManager.java:initializePipelineState(158)) - No pipeline exists in current db
2020-07-16 21:58:16,755 [Listener at 127.0.0.1/43365] INFO  safemode.HealthyPipelineSafeModeRule (HealthyPipelineSafeModeRule.java:<init>(89)) - Total pipeline count is 0, healthy pipeline threshold count is 0
2020-07-16 21:58:16,755 [Listener at 127.0.0.1/43365] INFO  safemode.OneReplicaPipelineSafeModeRule (OneReplicaPipelineSafeModeRule.java:<init>(79)) - Total pipeline count is 0, pipeline's with at least one datanode reported threshold count is 0
2020-07-16 21:58:16,756 [Listener at 127.0.0.1/43365] INFO  ipc.CallQueueManager (CallQueueManager.java:<init>(84)) - Using callQueue: class java.util.concurrent.LinkedBlockingQueue, queueCapacity: 2000, scheduler: class org.apache.hadoop.ipc.DefaultRpcScheduler, ipcBackoff: false.
2020-07-16 21:58:16,761 [RatisPipelineUtilsThread] ERROR pipeline.SCMPipelineManager (SCMPipelineManager.java:createPipeline(274)) - Failed to create pipeline of type RATIS and factor ONE. Exception: Cannot create pipeline of factor 1 using 0 nodes. Used 0 nodes. Healthy nodes 0
2020-07-16 21:58:16,761 [Listener at 0.0.0.0/35013] INFO  ipc.CallQueueManager (CallQueueManager.java:<init>(84)) - Using callQueue: class java.util.concurrent.LinkedBlockingQueue, queueCapacity: 2000, scheduler: class org.apache.hadoop.ipc.DefaultRpcScheduler, ipcBackoff: false.
2020-07-16 21:58:16,761 [Socket Reader #1 for port 0] INFO  ipc.Server (Server.java:run(1219)) - Starting Socket Reader #1 for port 0
2020-07-16 21:58:16,762 [Socket Reader #1 for port 0] INFO  ipc.Server (Server.java:run(1219)) - Starting Socket Reader #1 for port 0
2020-07-16 21:58:16,762 [Listener at 0.0.0.0/37655] INFO  ipc.CallQueueManager (CallQueueManager.java:<init>(84)) - Using callQueue: class java.util.concurrent.LinkedBlockingQueue, queueCapacity: 2000, scheduler: class org.apache.hadoop.ipc.DefaultRpcScheduler, ipcBackoff: false.
2020-07-16 21:58:16,764 [Socket Reader #1 for port 0] INFO  ipc.Server (Server.java:run(1219)) - Starting Socket Reader #1 for port 0
2020-07-16 21:58:16,772 [Listener at 0.0.0.0/37769] INFO  http.BaseHttpServer (BaseHttpServer.java:newHttpServer2BuilderForOzone(207)) - Starting Web-server for scm at: http://0.0.0.0:0
2020-07-16 21:58:16,773 [Listener at 0.0.0.0/37769] INFO  http.BaseHttpServer (BaseHttpServer.java:<init>(106)) - Hadoop Security Enabled: false Ozone Security Enabled: false Ozone HTTP Security Enabled: false 
2020-07-16 21:58:16,774 [Listener at 0.0.0.0/37769] INFO  server.AuthenticationFilter (AuthenticationFilter.java:constructSecretProvider(240)) - Unable to initialize FileSignerSecretProvider, falling back to use random secrets.
2020-07-16 21:58:16,774 [Listener at 0.0.0.0/37769] WARN  http.HttpRequestLog (HttpRequestLog.java:getRequestLog(103)) - Jetty request log can only be enabled using Log4j
2020-07-16 21:58:16,775 [Listener at 0.0.0.0/37769] INFO  http.HttpServer2 (HttpServer2.java:addGlobalFilter(998)) - Added global filter 'safety' (class=org.apache.hadoop.hdds.server.http.HttpServer2$QuotingInputFilter)
2020-07-16 21:58:16,776 [Listener at 0.0.0.0/37769] INFO  http.HttpServer2 (HttpServer2.java:addFilter(974)) - Added filter static_user_filter (class=org.apache.hadoop.http.lib.StaticUserWebFilter$StaticUserFilter) to context scm
2020-07-16 21:58:16,776 [Listener at 0.0.0.0/37769] INFO  http.HttpServer2 (HttpServer2.java:addFilter(982)) - Added filter static_user_filter (class=org.apache.hadoop.http.lib.StaticUserWebFilter$StaticUserFilter) to context logs
2020-07-16 21:58:16,776 [Listener at 0.0.0.0/37769] INFO  http.HttpServer2 (HttpServer2.java:addFilter(982)) - Added filter static_user_filter (class=org.apache.hadoop.http.lib.StaticUserWebFilter$StaticUserFilter) to context static
2020-07-16 21:58:16,778 [Listener at 0.0.0.0/37769] INFO  server.StorageContainerManager (StorageContainerManager.java:start(784)) - StorageContainerLocationProtocol RPC server is listening at /0.0.0.0:37769
2020-07-16 21:58:16,779 [Listener at 0.0.0.0/37769] WARN  impl.MetricsConfig (MetricsConfig.java:loadFirst(134)) - Cannot locate configuration: tried hadoop-metrics2-storagecontainermanager.properties,hadoop-metrics2.properties
2020-07-16 21:58:16,780 [Listener at 0.0.0.0/37769] INFO  impl.MetricsSystemImpl (MetricsSystemImpl.java:startTimer(374)) - Scheduled Metric snapshot period at 10 second(s).
2020-07-16 21:58:16,780 [Listener at 0.0.0.0/37769] INFO  impl.MetricsSystemImpl (MetricsSystemImpl.java:start(191)) - StorageContainerManager metrics system started
2020-07-16 21:58:16,811 [Listener at 0.0.0.0/37769] WARN  impl.MetricsSystemImpl (MetricsSystemImpl.java:register(276)) - Sink prometheus already exists!
2020-07-16 21:58:16,821 [Listener at 0.0.0.0/37769] INFO  server.SCMClientProtocolServer (SCMClientProtocolServer.java:start(156)) - RPC server for Client  is listening at /0.0.0.0:37769
2020-07-16 21:58:16,821 [IPC Server Responder] INFO  ipc.Server (Server.java:run(1460)) - IPC Server Responder: starting
2020-07-16 21:58:16,825 [IPC Server listener on 0] INFO  ipc.Server (Server.java:run(1298)) - IPC Server listener on 0: starting
2020-07-16 21:58:16,845 [Listener at 0.0.0.0/37769] INFO  server.StorageContainerManager (StorageContainerManager.java:start(796)) - ScmBlockLocationProtocol RPC server is listening at /0.0.0.0:37655
2020-07-16 21:58:16,845 [Listener at 0.0.0.0/37769] INFO  server.SCMBlockProtocolServer (SCMBlockProtocolServer.java:start(149)) - RPC server for Block Protocol is listening at /0.0.0.0:37655
2020-07-16 21:58:16,845 [IPC Server Responder] INFO  ipc.Server (Server.java:run(1460)) - IPC Server Responder: starting
2020-07-16 21:58:16,845 [IPC Server listener on 0] INFO  ipc.Server (Server.java:run(1298)) - IPC Server listener on 0: starting
2020-07-16 21:58:16,850 [Listener at 0.0.0.0/37769] INFO  server.StorageContainerManager (StorageContainerManager.java:start(802)) - ScmDatanodeProtocl RPC server is listening at /0.0.0.0:35013
2020-07-16 21:58:16,850 [Listener at 0.0.0.0/37769] INFO  server.SCMDatanodeProtocolServer (SCMDatanodeProtocolServer.java:start(172)) - RPC server for DataNodes is listening at /0.0.0.0:35013
2020-07-16 21:58:16,850 [IPC Server Responder] INFO  ipc.Server (Server.java:run(1460)) - IPC Server Responder: starting
2020-07-16 21:58:16,851 [IPC Server listener on 0] INFO  ipc.Server (Server.java:run(1298)) - IPC Server listener on 0: starting
2020-07-16 21:58:16,855 [Listener at 0.0.0.0/37769] INFO  http.HttpServer2 (HttpServer2.java:bindListener(1216)) - Jetty bound to port 35207
2020-07-16 21:58:16,855 [Listener at 0.0.0.0/37769] INFO  server.Server (Server.java:doStart(359)) - jetty-9.4.26.v20200117; built: 2020-01-17T12:35:33.676Z; git: 7b38981d25d14afb4a12ff1f2596756144edf695; jvm 1.8.0_232-b09
2020-07-16 21:58:16,856 [Listener at 0.0.0.0/37769] INFO  server.session (DefaultSessionIdManager.java:doStart(333)) - DefaultSessionIdManager workerName=node0
2020-07-16 21:58:16,856 [Listener at 0.0.0.0/37769] INFO  server.session (DefaultSessionIdManager.java:doStart(338)) - No SessionScavenger set, using defaults
2020-07-16 21:58:16,857 [Listener at 0.0.0.0/37769] INFO  server.session (HouseKeeper.java:startScavenging(140)) - node0 Scavenging every 600000ms
2020-07-16 21:58:16,857 [Listener at 0.0.0.0/37769] INFO  handler.ContextHandler (ContextHandler.java:doStart(825)) - Started o.e.j.s.ServletContextHandler@18bb7eca{logs,/logs,file:///github/workspace/mnt/ozone/hadoop-ozone/integration-test/target/log,AVAILABLE}
2020-07-16 21:58:16,858 [Listener at 0.0.0.0/37769] INFO  handler.ContextHandler (ContextHandler.java:doStart(825)) - Started o.e.j.s.ServletContextHandler@2fb800ca{static,/static,file:///github/workspace/mnt/ozone/hadoop-ozone/integration-test/target/test-classes/webapps/static,AVAILABLE}
2020-07-16 21:58:16,862 [Listener at 0.0.0.0/37769] INFO  handler.ContextHandler (ContextHandler.java:doStart(825)) - Started o.e.j.w.WebAppContext@38c408c7{scm,/,file:///github/workspace/mnt/ozone/hadoop-ozone/integration-test/target/test-classes/webapps/scm/,AVAILABLE}{file:/github/workspace/mnt/ozone/hadoop-ozone/integration-test/target/test-classes/webapps/scm}
2020-07-16 21:58:16,862 [Listener at 0.0.0.0/37769] INFO  server.AbstractConnector (AbstractConnector.java:doStart(330)) - Started ServerConnector@7882a4d8{HTTP/1.1,[http/1.1]}{0.0.0.0:35207}
2020-07-16 21:58:16,862 [Listener at 0.0.0.0/37769] INFO  server.Server (Server.java:doStart(399)) - Started @139101ms
2020-07-16 21:58:16,863 [Listener at 0.0.0.0/37769] WARN  impl.MetricsSystemImpl (MetricsSystemImpl.java:register(276)) - Sink prometheus already exists!
2020-07-16 21:58:16,870 [Listener at 0.0.0.0/37769] INFO  http.BaseHttpServer (BaseHttpServer.java:updateConnectorAddress(327)) - HTTP server of scm listening at http://0.0.0.0:35207
2020-07-16 21:58:16,873 [Listener at 0.0.0.0/37769] WARN  server.ServerUtils (ServerUtils.java:getDBPath(225)) - ozone.om.db.dirs is not configured. We recommend adding this setting. Falling back to ozone.metadata.dirs instead.
2020-07-16 21:58:16,873 [org.apache.hadoop.util.JvmPauseMonitor$Monitor@19c37463] INFO  util.JvmPauseMonitor (JvmPauseMonitor.java:run(188)) - Starting JVM pause monitor
2020-07-16 21:58:16,874 [Listener at 0.0.0.0/37769] INFO  ha.OMHANodeDetails (OMHANodeDetails.java:loadOMHAConfig(104)) - ozone.om.internal.service.id is not defined, falling back to ozone.om.service.ids to find serviceID for OzoneManager if it is HA enabled cluster
2020-07-16 21:58:16,874 [Listener at 0.0.0.0/37769] INFO  ha.OMHANodeDetails (OMHANodeDetails.java:loadOMHAConfig(213)) - Configuration either no ozone.om.address set. Falling back to the default OM address /127.0.0.1:0
2020-07-16 21:58:16,874 [Listener at 0.0.0.0/37769] INFO  ha.OMHANodeDetails (OMHANodeDetails.java:getOMNodeDetails(241)) - OM Service ID is not set. Setting it to the default ID: omServiceIdDefault
2020-07-16 21:58:16,875 [Listener at 0.0.0.0/37769] WARN  server.ServerUtils (ServerUtils.java:getDBPath(225)) - ozone.om.db.dirs is not configured. We recommend adding this setting. Falling back to ozone.metadata.dirs instead.
2020-07-16 21:58:16,875 [Listener at 0.0.0.0/37769] WARN  server.ServerUtils (ServerUtils.java:getDBPath(225)) - ozone.om.db.dirs is not configured. We recommend adding this setting. Falling back to ozone.metadata.dirs instead.
2020-07-16 21:58:16,879 [Listener at 0.0.0.0/37769] WARN  server.ServerUtils (ServerUtils.java:getDBPath(225)) - ozone.om.db.dirs is not configured. We recommend adding this setting. Falling back to ozone.metadata.dirs instead.
2020-07-16 21:58:16,946 [Listener at 0.0.0.0/37769] INFO  ipc.CallQueueManager (CallQueueManager.java:<init>(84)) - Using callQueue: class java.util.concurrent.LinkedBlockingQueue, queueCapacity: 2000, scheduler: class org.apache.hadoop.ipc.DefaultRpcScheduler, ipcBackoff: false.
2020-07-16 21:58:16,947 [Socket Reader #1 for port 0] INFO  ipc.Server (Server.java:run(1219)) - Starting Socket Reader #1 for port 0
2020-07-16 21:58:16,963 [Listener at 127.0.0.1/46707] INFO  impl.MetricsSystemImpl (MetricsSystemImpl.java:init(158)) - OzoneManager metrics system started (again)
2020-07-16 21:58:16,963 [Listener at 127.0.0.1/46707] INFO  om.OzoneManager (OzoneManager.java:start(1088)) - OzoneManager RPC server is listening at localhost/127.0.0.1:46707
2020-07-16 21:58:16,965 [IPC Server Responder] INFO  ipc.Server (Server.java:run(1460)) - IPC Server Responder: starting
2020-07-16 21:58:16,969 [IPC Server listener on 0] INFO  ipc.Server (Server.java:run(1298)) - IPC Server listener on 0: starting
2020-07-16 21:58:16,981 [Listener at 127.0.0.1/46707] INFO  http.BaseHttpServer (BaseHttpServer.java:newHttpServer2BuilderForOzone(207)) - Starting Web-server for ozoneManager at: http://0.0.0.0:0
2020-07-16 21:58:16,981 [Listener at 127.0.0.1/46707] INFO  http.BaseHttpServer (BaseHttpServer.java:<init>(106)) - Hadoop Security Enabled: false Ozone Security Enabled: false Ozone HTTP Security Enabled: false 
2020-07-16 21:58:16,983 [Listener at 127.0.0.1/46707] INFO  server.AuthenticationFilter (AuthenticationFilter.java:constructSecretProvider(240)) - Unable to initialize FileSignerSecretProvider, falling back to use random secrets.
2020-07-16 21:58:16,984 [Listener at 127.0.0.1/46707] WARN  http.HttpRequestLog (HttpRequestLog.java:getRequestLog(103)) - Jetty request log can only be enabled using Log4j
2020-07-16 21:58:16,985 [Listener at 127.0.0.1/46707] INFO  http.HttpServer2 (HttpServer2.java:addGlobalFilter(998)) - Added global filter 'safety' (class=org.apache.hadoop.hdds.server.http.HttpServer2$QuotingInputFilter)
2020-07-16 21:58:16,986 [Listener at 127.0.0.1/46707] INFO  http.HttpServer2 (HttpServer2.java:addFilter(974)) - Added filter static_user_filter (class=org.apache.hadoop.http.lib.StaticUserWebFilter$StaticUserFilter) to context ozoneManager
2020-07-16 21:58:16,986 [Listener at 127.0.0.1/46707] INFO  http.HttpServer2 (HttpServer2.java:addFilter(982)) - Added filter static_user_filter (class=org.apache.hadoop.http.lib.StaticUserWebFilter$StaticUserFilter) to context logs
2020-07-16 21:58:16,986 [Listener at 127.0.0.1/46707] INFO  http.HttpServer2 (HttpServer2.java:addFilter(982)) - Added filter static_user_filter (class=org.apache.hadoop.http.lib.StaticUserWebFilter$StaticUserFilter) to context static
2020-07-16 21:58:16,987 [Listener at 127.0.0.1/46707] INFO  http.HttpServer2 (HttpServer2.java:bindListener(1216)) - Jetty bound to port 45013
2020-07-16 21:58:16,987 [Listener at 127.0.0.1/46707] INFO  server.Server (Server.java:doStart(359)) - jetty-9.4.26.v20200117; built: 2020-01-17T12:35:33.676Z; git: 7b38981d25d14afb4a12ff1f2596756144edf695; jvm 1.8.0_232-b09
2020-07-16 21:58:16,989 [Listener at 127.0.0.1/46707] INFO  server.session (DefaultSessionIdManager.java:doStart(333)) - DefaultSessionIdManager workerName=node0
2020-07-16 21:58:16,989 [Listener at 127.0.0.1/46707] INFO  server.session (DefaultSessionIdManager.java:doStart(338)) - No SessionScavenger set, using defaults
2020-07-16 21:58:16,990 [Listener at 127.0.0.1/46707] INFO  server.session (HouseKeeper.java:startScavenging(140)) - node0 Scavenging every 660000ms
2020-07-16 21:58:16,990 [Listener at 127.0.0.1/46707] INFO  handler.ContextHandler (ContextHandler.java:doStart(825)) - Started o.e.j.s.ServletContextHandler@555856fa{logs,/logs,file:///github/workspace/mnt/ozone/hadoop-ozone/integration-test/target/log,AVAILABLE}
2020-07-16 21:58:16,990 [Listener at 127.0.0.1/46707] INFO  handler.ContextHandler (ContextHandler.java:doStart(825)) - Started o.e.j.s.ServletContextHandler@4eb3dacc{static,/static,file:///github/workspace/mnt/ozone/hadoop-ozone/integration-test/target/test-classes/webapps/static,AVAILABLE}
2020-07-16 21:58:16,993 [Listener at 127.0.0.1/46707] INFO  handler.ContextHandler (ContextHandler.java:doStart(825)) - Started o.e.j.w.WebAppContext@4a595315{ozoneManager,/,file:///github/workspace/mnt/ozone/hadoop-ozone/integration-test/target/test-classes/webapps/ozoneManager/,AVAILABLE}{file:/github/workspace/mnt/ozone/hadoop-ozone/integration-test/target/test-classes/webapps/ozoneManager}
2020-07-16 21:58:16,998 [Listener at 127.0.0.1/46707] INFO  server.AbstractConnector (AbstractConnector.java:doStart(330)) - Started ServerConnector@5e5616f2{HTTP/1.1,[http/1.1]}{0.0.0.0:45013}
2020-07-16 21:58:16,998 [Listener at 127.0.0.1/46707] INFO  server.Server (Server.java:doStart(399)) - Started @139237ms
2020-07-16 21:58:16,999 [Listener at 127.0.0.1/46707] WARN  impl.MetricsSystemImpl (MetricsSystemImpl.java:register(276)) - Sink prometheus already exists!
2020-07-16 21:58:17,006 [Listener at 127.0.0.1/46707] INFO  http.BaseHttpServer (BaseHttpServer.java:updateConnectorAddress(327)) - HTTP server of ozoneManager listening at http://0.0.0.0:45013
2020-07-16 21:58:17,007 [org.apache.hadoop.util.JvmPauseMonitor$Monitor@a151493] INFO  util.JvmPauseMonitor (JvmPauseMonitor.java:run(188)) - Starting JVM pause monitor
2020-07-16 21:58:17,023 [Listener at 127.0.0.1/46707] INFO  impl.MetricsSystemImpl (MetricsSystemImpl.java:init(158)) - HddsDatanode metrics system started (again)
2020-07-16 21:58:17,024 [Listener at 127.0.0.1/46707] INFO  ozone.HddsDatanodeService (HddsDatanodeService.java:start(214)) - HddsDatanodeService host:996f77e42fba ip:172.17.0.2
2020-07-16 21:58:17,025 [Listener at 127.0.0.1/46707] INFO  volume.HddsVolume (HddsVolume.java:<init>(176)) - Creating Volume: /github/workspace/mnt/ozone/hadoop-ozone/integration-test/target/test-dir/MiniOzoneClusterImpl-a7962e3b-f01b-438a-a70b-bc4bb46fea7a/datanode-0/data-0/containers/hdds of storage type : DISK and capacity : 9223372036854775807
2020-07-16 21:58:17,025 [Listener at 127.0.0.1/46707] INFO  volume.MutableVolumeSet (MutableVolumeSet.java:initializeVolumeSet(179)) - Added Volume : /github/workspace/mnt/ozone/hadoop-ozone/integration-test/target/test-dir/MiniOzoneClusterImpl-a7962e3b-f01b-438a-a70b-bc4bb46fea7a/datanode-0/data-0/containers/hdds to VolumeSet
2020-07-16 21:58:17,025 [Listener at 127.0.0.1/46707] INFO  volume.ThrottledAsyncChecker (ThrottledAsyncChecker.java:schedule(141)) - Scheduling a check for /github/workspace/mnt/ozone/hadoop-ozone/integration-test/target/test-dir/MiniOzoneClusterImpl-a7962e3b-f01b-438a-a70b-bc4bb46fea7a/datanode-0/data-0/containers/hdds
2020-07-16 21:58:17,026 [Listener at 127.0.0.1/46707] INFO  volume.HddsVolumeChecker (HddsVolumeChecker.java:checkAllVolumes(200)) - Scheduled health check for volume /github/workspace/mnt/ozone/hadoop-ozone/integration-test/target/test-dir/MiniOzoneClusterImpl-a7962e3b-f01b-438a-a70b-bc4bb46fea7a/datanode-0/data-0/containers/hdds
2020-07-16 21:58:17,041 [Listener at 127.0.0.1/46707] INFO  impl.RaftServerProxy (ConfUtils.java:logGet(44)) - raft.rpc.type = GRPC (default)
2020-07-16 21:58:17,041 [Listener at 127.0.0.1/46707] INFO  grpc.GrpcFactory (GrpcFactory.java:checkPooledByteBufAllocatorUseCacheForAllThreads(45)) - PERFORMANCE WARNING: useCacheForAllThreads is true that may cause Netty to create a lot garbage objects and, as a result, trigger GC.
	It is recommended to disable useCacheForAllThreads by setting -Dorg.apache.ratis.thirdparty.io.netty.allocator.useCacheForAllThreads=false in command line.
2020-07-16 21:58:17,041 [Listener at 127.0.0.1/46707] INFO  grpc.GrpcConfigKeys (ConfUtils.java:logGet(44)) - raft.grpc.server.port = 0 (default)
2020-07-16 21:58:17,041 [Listener at 127.0.0.1/46707] INFO  server.GrpcService (ConfUtils.java:logGet(44)) - raft.grpc.message.size.max = 32MB (=33554432) (custom)
2020-07-16 21:58:17,041 [Listener at 127.0.0.1/46707] INFO  server.RaftServerConfigKeys (ConfUtils.java:logGet(44)) - raft.server.log.appender.buffer.byte-limit = 33554432 (custom)
2020-07-16 21:58:17,041 [Listener at 127.0.0.1/46707] INFO  server.GrpcService (ConfUtils.java:logGet(44)) - raft.grpc.flow.control.window = 5MB (=5242880) (custom)
2020-07-16 21:58:17,041 [Listener at 127.0.0.1/46707] INFO  server.RaftServerConfigKeys (ConfUtils.java:logGet(44)) - raft.server.rpc.request.timeout = 3000ms (default)
2020-07-16 21:58:17,042 [Listener at 127.0.0.1/46707] INFO  server.RaftServerConfigKeys (ConfUtils.java:logGet(44)) - raft.server.storage.dir = [/github/workspace/mnt/ozone/hadoop-ozone/integration-test/target/test-dir/MiniOzoneClusterImpl-a7962e3b-f01b-438a-a70b-bc4bb46fea7a/datanode-0/data/ratis] (custom)
2020-07-16 21:58:17,052 [Listener at 127.0.0.1/46707] INFO  http.BaseHttpServer (BaseHttpServer.java:newHttpServer2BuilderForOzone(207)) - Starting Web-server for hddsDatanode at: http://0.0.0.0:0
2020-07-16 21:58:17,052 [Listener at 127.0.0.1/46707] INFO  http.BaseHttpServer (BaseHttpServer.java:<init>(106)) - Hadoop Security Enabled: false Ozone Security Enabled: false Ozone HTTP Security Enabled: false 
2020-07-16 21:58:17,053 [Listener at 127.0.0.1/46707] INFO  server.AuthenticationFilter (AuthenticationFilter.java:constructSecretProvider(240)) - Unable to initialize FileSignerSecretProvider, falling back to use random secrets.
2020-07-16 21:58:17,053 [Listener at 127.0.0.1/46707] WARN  http.HttpRequestLog (HttpRequestLog.java:getRequestLog(103)) - Jetty request log can only be enabled using Log4j
2020-07-16 21:58:17,054 [Listener at 127.0.0.1/46707] INFO  http.HttpServer2 (HttpServer2.java:addGlobalFilter(998)) - Added global filter 'safety' (class=org.apache.hadoop.hdds.server.http.HttpServer2$QuotingInputFilter)
2020-07-16 21:58:17,055 [Listener at 127.0.0.1/46707] INFO  http.HttpServer2 (HttpServer2.java:addFilter(974)) - Added filter static_user_filter (class=org.apache.hadoop.http.lib.StaticUserWebFilter$StaticUserFilter) to context hddsDatanode
2020-07-16 21:58:17,055 [Listener at 127.0.0.1/46707] INFO  http.HttpServer2 (HttpServer2.java:addFilter(982)) - Added filter static_user_filter (class=org.apache.hadoop.http.lib.StaticUserWebFilter$StaticUserFilter) to context static
2020-07-16 21:58:17,055 [Listener at 127.0.0.1/46707] INFO  http.HttpServer2 (HttpServer2.java:addFilter(982)) - Added filter static_user_filter (class=org.apache.hadoop.http.lib.StaticUserWebFilter$StaticUserFilter) to context logs
2020-07-16 21:58:17,055 [Listener at 127.0.0.1/46707] INFO  http.HttpServer2 (HttpServer2.java:bindListener(1216)) - Jetty bound to port 37855
2020-07-16 21:58:17,055 [Listener at 127.0.0.1/46707] INFO  server.Server (Server.java:doStart(359)) - jetty-9.4.26.v20200117; built: 2020-01-17T12:35:33.676Z; git: 7b38981d25d14afb4a12ff1f2596756144edf695; jvm 1.8.0_232-b09
2020-07-16 21:58:17,057 [Listener at 127.0.0.1/46707] INFO  server.session (DefaultSessionIdManager.java:doStart(333)) - DefaultSessionIdManager workerName=node0
2020-07-16 21:58:17,057 [Listener at 127.0.0.1/46707] INFO  server.session (DefaultSessionIdManager.java:doStart(338)) - No SessionScavenger set, using defaults
2020-07-16 21:58:17,057 [Listener at 127.0.0.1/46707] INFO  server.session (HouseKeeper.java:startScavenging(140)) - node0 Scavenging every 600000ms
2020-07-16 21:58:17,058 [Listener at 127.0.0.1/46707] INFO  handler.ContextHandler (ContextHandler.java:doStart(825)) - Started o.e.j.s.ServletContextHandler@2c30bedc{logs,/logs,file:///github/workspace/mnt/ozone/hadoop-ozone/integration-test/target/log,AVAILABLE}
2020-07-16 21:58:17,058 [Listener at 127.0.0.1/46707] INFO  handler.ContextHandler (ContextHandler.java:doStart(825)) - Started o.e.j.s.ServletContextHandler@25a93e0f{static,/static,jar:file:/home/user/.m2/repository/org/apache/hadoop/hadoop-hdds-container-service/0.6.0-SNAPSHOT/hadoop-hdds-container-service-0.6.0-SNAPSHOT.jar!/webapps/static,AVAILABLE}
2020-07-16 21:58:17,132 [Listener at 127.0.0.1/46707] INFO  handler.ContextHandler (ContextHandler.java:doStart(825)) - Started o.e.j.w.WebAppContext@1062f767{hddsDatanode,/,file:///tmp/jetty-0_0_0_0-37855-hadoop-hdds-container-service-0_6_0-SNAPSHOT_jar-_-any-1802153577897078375.dir/webapp/,AVAILABLE}{jar:file:/home/user/.m2/repository/org/apache/hadoop/hadoop-hdds-container-service/0.6.0-SNAPSHOT/hadoop-hdds-container-service-0.6.0-SNAPSHOT.jar!/webapps/hddsDatanode}
2020-07-16 21:58:17,141 [Listener at 127.0.0.1/46707] INFO  server.AbstractConnector (AbstractConnector.java:doStart(330)) - Started ServerConnector@7ff66a81{HTTP/1.1,[http/1.1]}{0.0.0.0:37855}
2020-07-16 21:58:17,141 [Listener at 127.0.0.1/46707] INFO  server.Server (Server.java:doStart(399)) - Started @139379ms
2020-07-16 21:58:17,141 [Listener at 127.0.0.1/46707] WARN  impl.MetricsSystemImpl (MetricsSystemImpl.java:register(276)) - Sink prometheus already exists!
2020-07-16 21:58:17,148 [Listener at 127.0.0.1/46707] INFO  http.BaseHttpServer (BaseHttpServer.java:updateConnectorAddress(327)) - HTTP server of hddsDatanode listening at http://0.0.0.0:37855
2020-07-16 21:58:17,149 [Listener at 127.0.0.1/46707] INFO  impl.MetricsSystemImpl (MetricsSystemImpl.java:init(158)) - HddsDatanode metrics system started (again)
2020-07-16 21:58:17,150 [Listener at 127.0.0.1/46707] INFO  ozone.HddsDatanodeService (HddsDatanodeService.java:start(214)) - HddsDatanodeService host:996f77e42fba ip:172.17.0.2
2020-07-16 21:58:17,152 [org.apache.hadoop.util.JvmPauseMonitor$Monitor@6d4210e7] INFO  util.JvmPauseMonitor (JvmPauseMonitor.java:run(188)) - Starting JVM pause monitor
2020-07-16 21:58:17,152 [Listener at 127.0.0.1/46707] INFO  volume.HddsVolume (HddsVolume.java:<init>(176)) - Creating Volume: /github/workspace/mnt/ozone/hadoop-ozone/integration-test/target/test-dir/MiniOzoneClusterImpl-a7962e3b-f01b-438a-a70b-bc4bb46fea7a/datanode-1/data-0/containers/hdds of storage type : DISK and capacity : 9223372036854775807
2020-07-16 21:58:17,152 [Listener at 127.0.0.1/46707] INFO  volume.MutableVolumeSet (MutableVolumeSet.java:initializeVolumeSet(179)) - Added Volume : /github/workspace/mnt/ozone/hadoop-ozone/integration-test/target/test-dir/MiniOzoneClusterImpl-a7962e3b-f01b-438a-a70b-bc4bb46fea7a/datanode-1/data-0/containers/hdds to VolumeSet
2020-07-16 21:58:17,153 [Listener at 127.0.0.1/46707] INFO  volume.ThrottledAsyncChecker (ThrottledAsyncChecker.java:schedule(141)) - Scheduling a check for /github/workspace/mnt/ozone/hadoop-ozone/integration-test/target/test-dir/MiniOzoneClusterImpl-a7962e3b-f01b-438a-a70b-bc4bb46fea7a/datanode-1/data-0/containers/hdds
2020-07-16 21:58:17,153 [Datanode State Machine Thread - 0] INFO  datanode.InitDatanodeState (InitDatanodeState.java:persistContainerDatanodeDetails(145)) - DatanodeDetails is persisted to /github/workspace/mnt/ozone/hadoop-ozone/integration-test/target/test-dir/MiniOzoneClusterImpl-a7962e3b-f01b-438a-a70b-bc4bb46fea7a/datanode-0/meta/datanode.id
2020-07-16 21:58:17,153 [Listener at 127.0.0.1/46707] INFO  volume.HddsVolumeChecker (HddsVolumeChecker.java:checkAllVolumes(200)) - Scheduled health check for volume /github/workspace/mnt/ozone/hadoop-ozone/integration-test/target/test-dir/MiniOzoneClusterImpl-a7962e3b-f01b-438a-a70b-bc4bb46fea7a/datanode-1/data-0/containers/hdds
2020-07-16 21:58:17,168 [Listener at 127.0.0.1/46707] INFO  impl.RaftServerProxy (ConfUtils.java:logGet(44)) - raft.rpc.type = GRPC (default)
2020-07-16 21:58:17,168 [Listener at 127.0.0.1/46707] INFO  grpc.GrpcFactory (GrpcFactory.java:checkPooledByteBufAllocatorUseCacheForAllThreads(45)) - PERFORMANCE WARNING: useCacheForAllThreads is true that may cause Netty to create a lot garbage objects and, as a result, trigger GC.
	It is recommended to disable useCacheForAllThreads by setting -Dorg.apache.ratis.thirdparty.io.netty.allocator.useCacheForAllThreads=false in command line.
2020-07-16 21:58:17,168 [Listener at 127.0.0.1/46707] INFO  grpc.GrpcConfigKeys (ConfUtils.java:logGet(44)) - raft.grpc.server.port = 0 (default)
2020-07-16 21:58:17,169 [Listener at 127.0.0.1/46707] INFO  server.GrpcService (ConfUtils.java:logGet(44)) - raft.grpc.message.size.max = 32MB (=33554432) (custom)
2020-07-16 21:58:17,169 [Listener at 127.0.0.1/46707] INFO  server.RaftServerConfigKeys (ConfUtils.java:logGet(44)) - raft.server.log.appender.buffer.byte-limit = 33554432 (custom)
2020-07-16 21:58:17,169 [Listener at 127.0.0.1/46707] INFO  server.GrpcService (ConfUtils.java:logGet(44)) - raft.grpc.flow.control.window = 5MB (=5242880) (custom)
2020-07-16 21:58:17,169 [Listener at 127.0.0.1/46707] INFO  server.RaftServerConfigKeys (ConfUtils.java:logGet(44)) - raft.server.rpc.request.timeout = 3000ms (default)
2020-07-16 21:58:17,170 [Listener at 127.0.0.1/46707] INFO  server.RaftServerConfigKeys (ConfUtils.java:logGet(44)) - raft.server.storage.dir = [/github/workspace/mnt/ozone/hadoop-ozone/integration-test/target/test-dir/MiniOzoneClusterImpl-a7962e3b-f01b-438a-a70b-bc4bb46fea7a/datanode-1/data/ratis] (custom)
2020-07-16 21:58:17,178 [Listener at 127.0.0.1/46707] INFO  http.BaseHttpServer (BaseHttpServer.java:newHttpServer2BuilderForOzone(207)) - Starting Web-server for hddsDatanode at: http://0.0.0.0:0
2020-07-16 21:58:17,178 [Listener at 127.0.0.1/46707] INFO  http.BaseHttpServer (BaseHttpServer.java:<init>(106)) - Hadoop Security Enabled: false Ozone Security Enabled: false Ozone HTTP Security Enabled: false 
2020-07-16 21:58:17,179 [Listener at 127.0.0.1/46707] INFO  server.AuthenticationFilter (AuthenticationFilter.java:constructSecretProvider(240)) - Unable to initialize FileSignerSecretProvider, falling back to use random secrets.
2020-07-16 21:58:17,179 [Listener at 127.0.0.1/46707] WARN  http.HttpRequestLog (HttpRequestLog.java:getRequestLog(103)) - Jetty request log can only be enabled using Log4j
2020-07-16 21:58:17,180 [Listener at 127.0.0.1/46707] INFO  http.HttpServer2 (HttpServer2.java:addGlobalFilter(998)) - Added global filter 'safety' (class=org.apache.hadoop.hdds.server.http.HttpServer2$QuotingInputFilter)
2020-07-16 21:58:17,180 [Listener at 127.0.0.1/46707] INFO  http.HttpServer2 (HttpServer2.java:addFilter(974)) - Added filter static_user_filter (class=org.apache.hadoop.http.lib.StaticUserWebFilter$StaticUserFilter) to context hddsDatanode
2020-07-16 21:58:17,181 [Listener at 127.0.0.1/46707] INFO  http.HttpServer2 (HttpServer2.java:addFilter(982)) - Added filter static_user_filter (class=org.apache.hadoop.http.lib.StaticUserWebFilter$StaticUserFilter) to context static
2020-07-16 21:58:17,181 [Listener at 127.0.0.1/46707] INFO  http.HttpServer2 (HttpServer2.java:addFilter(982)) - Added filter static_user_filter (class=org.apache.hadoop.http.lib.StaticUserWebFilter$StaticUserFilter) to context logs
2020-07-16 21:58:17,181 [Listener at 127.0.0.1/46707] INFO  http.HttpServer2 (HttpServer2.java:bindListener(1216)) - Jetty bound to port 34011
2020-07-16 21:58:17,181 [Listener at 127.0.0.1/46707] INFO  server.Server (Server.java:doStart(359)) - jetty-9.4.26.v20200117; built: 2020-01-17T12:35:33.676Z; git: 7b38981d25d14afb4a12ff1f2596756144edf695; jvm 1.8.0_232-b09
2020-07-16 21:58:17,183 [Listener at 127.0.0.1/46707] INFO  server.session (DefaultSessionIdManager.java:doStart(333)) - DefaultSessionIdManager workerName=node0
2020-07-16 21:58:17,183 [Listener at 127.0.0.1/46707] INFO  server.session (DefaultSessionIdManager.java:doStart(338)) - No SessionScavenger set, using defaults
2020-07-16 21:58:17,183 [Listener at 127.0.0.1/46707] INFO  server.session (HouseKeeper.java:startScavenging(140)) - node0 Scavenging every 600000ms
2020-07-16 21:58:17,184 [Listener at 127.0.0.1/46707] INFO  handler.ContextHandler (ContextHandler.java:doStart(825)) - Started o.e.j.s.ServletContextHandler@369ad283{logs,/logs,file:///github/workspace/mnt/ozone/hadoop-ozone/integration-test/target/log,AVAILABLE}
2020-07-16 21:58:17,184 [Listener at 127.0.0.1/46707] INFO  handler.ContextHandler (ContextHandler.java:doStart(825)) - Started o.e.j.s.ServletContextHandler@3bb47d36{static,/static,jar:file:/home/user/.m2/repository/org/apache/hadoop/hadoop-hdds-container-service/0.6.0-SNAPSHOT/hadoop-hdds-container-service-0.6.0-SNAPSHOT.jar!/webapps/static,AVAILABLE}
2020-07-16 21:58:17,259 [Listener at 127.0.0.1/46707] INFO  handler.ContextHandler (ContextHandler.java:doStart(825)) - Started o.e.j.w.WebAppContext@57110a9d{hddsDatanode,/,file:///tmp/jetty-0_0_0_0-34011-hadoop-hdds-container-service-0_6_0-SNAPSHOT_jar-_-any-1656795181387586140.dir/webapp/,AVAILABLE}{jar:file:/home/user/.m2/repository/org/apache/hadoop/hadoop-hdds-container-service/0.6.0-SNAPSHOT/hadoop-hdds-container-service-0.6.0-SNAPSHOT.jar!/webapps/hddsDatanode}
2020-07-16 21:58:17,260 [Listener at 127.0.0.1/46707] INFO  server.AbstractConnector (AbstractConnector.java:doStart(330)) - Started ServerConnector@3596c09d{HTTP/1.1,[http/1.1]}{0.0.0.0:34011}
2020-07-16 21:58:17,261 [Listener at 127.0.0.1/46707] INFO  server.Server (Server.java:doStart(399)) - Started @139499ms
2020-07-16 21:58:17,261 [Listener at 127.0.0.1/46707] WARN  impl.MetricsSystemImpl (MetricsSystemImpl.java:register(276)) - Sink prometheus already exists!
2020-07-16 21:58:17,270 [Listener at 127.0.0.1/46707] INFO  http.BaseHttpServer (BaseHttpServer.java:updateConnectorAddress(327)) - HTTP server of hddsDatanode listening at http://0.0.0.0:34011
2020-07-16 21:58:17,271 [Listener at 127.0.0.1/46707] INFO  impl.MetricsSystemImpl (MetricsSystemImpl.java:init(158)) - HddsDatanode metrics system started (again)
2020-07-16 21:58:17,273 [Listener at 127.0.0.1/46707] INFO  ozone.HddsDatanodeService (HddsDatanodeService.java:start(214)) - HddsDatanodeService host:996f77e42fba ip:172.17.0.2
2020-07-16 21:58:17,275 [Listener at 127.0.0.1/46707] INFO  volume.HddsVolume (HddsVolume.java:<init>(176)) - Creating Volume: /github/workspace/mnt/ozone/hadoop-ozone/integration-test/target/test-dir/MiniOzoneClusterImpl-a7962e3b-f01b-438a-a70b-bc4bb46fea7a/datanode-2/data-0/containers/hdds of storage type : DISK and capacity : 9223372036854775807
2020-07-16 21:58:17,275 [Listener at 127.0.0.1/46707] INFO  volume.MutableVolumeSet (MutableVolumeSet.java:initializeVolumeSet(179)) - Added Volume : /github/workspace/mnt/ozone/hadoop-ozone/integration-test/target/test-dir/MiniOzoneClusterImpl-a7962e3b-f01b-438a-a70b-bc4bb46fea7a/datanode-2/data-0/containers/hdds to VolumeSet
2020-07-16 21:58:17,276 [Listener at 127.0.0.1/46707] INFO  volume.ThrottledAsyncChecker (ThrottledAsyncChecker.java:schedule(141)) - Scheduling a check for /github/workspace/mnt/ozone/hadoop-ozone/integration-test/target/test-dir/MiniOzoneClusterImpl-a7962e3b-f01b-438a-a70b-bc4bb46fea7a/datanode-2/data-0/containers/hdds
2020-07-16 21:58:17,276 [Listener at 127.0.0.1/46707] INFO  volume.HddsVolumeChecker (HddsVolumeChecker.java:checkAllVolumes(200)) - Scheduled health check for volume /github/workspace/mnt/ozone/hadoop-ozone/integration-test/target/test-dir/MiniOzoneClusterImpl-a7962e3b-f01b-438a-a70b-bc4bb46fea7a/datanode-2/data-0/containers/hdds
2020-07-16 21:58:17,289 [org.apache.hadoop.util.JvmPauseMonitor$Monitor@4b6c0151] INFO  util.JvmPauseMonitor (JvmPauseMonitor.java:run(188)) - Starting JVM pause monitor
2020-07-16 21:58:17,291 [Datanode State Machine Thread - 0] INFO  datanode.InitDatanodeState (InitDatanodeState.java:persistContainerDatanodeDetails(145)) - DatanodeDetails is persisted to /github/workspace/mnt/ozone/hadoop-ozone/integration-test/target/test-dir/MiniOzoneClusterImpl-a7962e3b-f01b-438a-a70b-bc4bb46fea7a/datanode-1/meta/datanode.id
2020-07-16 21:58:17,295 [Listener at 127.0.0.1/46707] INFO  impl.RaftServerProxy (ConfUtils.java:logGet(44)) - raft.rpc.type = GRPC (default)
2020-07-16 21:58:17,295 [Listener at 127.0.0.1/46707] INFO  grpc.GrpcFactory (GrpcFactory.java:checkPooledByteBufAllocatorUseCacheForAllThreads(45)) - PERFORMANCE WARNING: useCacheForAllThreads is true that may cause Netty to create a lot garbage objects and, as a result, trigger GC.
	It is recommended to disable useCacheForAllThreads by setting -Dorg.apache.ratis.thirdparty.io.netty.allocator.useCacheForAllThreads=false in command line.
2020-07-16 21:58:17,295 [Listener at 127.0.0.1/46707] INFO  grpc.GrpcConfigKeys (ConfUtils.java:logGet(44)) - raft.grpc.server.port = 0 (default)
2020-07-16 21:58:17,295 [Listener at 127.0.0.1/46707] INFO  server.GrpcService (ConfUtils.java:logGet(44)) - raft.grpc.message.size.max = 32MB (=33554432) (custom)
2020-07-16 21:58:17,296 [Listener at 127.0.0.1/46707] INFO  server.RaftServerConfigKeys (ConfUtils.java:logGet(44)) - raft.server.log.appender.buffer.byte-limit = 33554432 (custom)
2020-07-16 21:58:17,296 [Listener at 127.0.0.1/46707] INFO  server.GrpcService (ConfUtils.java:logGet(44)) - raft.grpc.flow.control.window = 5MB (=5242880) (custom)
2020-07-16 21:58:17,296 [Listener at 127.0.0.1/46707] INFO  server.RaftServerConfigKeys (ConfUtils.java:logGet(44)) - raft.server.rpc.request.timeout = 3000ms (default)
2020-07-16 21:58:17,297 [Listener at 127.0.0.1/46707] INFO  server.RaftServerConfigKeys (ConfUtils.java:logGet(44)) - raft.server.storage.dir = [/github/workspace/mnt/ozone/hadoop-ozone/integration-test/target/test-dir/MiniOzoneClusterImpl-a7962e3b-f01b-438a-a70b-bc4bb46fea7a/datanode-2/data/ratis] (custom)
2020-07-16 21:58:17,306 [Listener at 127.0.0.1/46707] INFO  http.BaseHttpServer (BaseHttpServer.java:newHttpServer2BuilderForOzone(207)) - Starting Web-server for hddsDatanode at: http://0.0.0.0:0
2020-07-16 21:58:17,306 [Listener at 127.0.0.1/46707] INFO  http.BaseHttpServer (BaseHttpServer.java:<init>(106)) - Hadoop Security Enabled: false Ozone Security Enabled: false Ozone HTTP Security Enabled: false 
2020-07-16 21:58:17,307 [Listener at 127.0.0.1/46707] INFO  server.AuthenticationFilter (AuthenticationFilter.java:constructSecretProvider(240)) - Unable to initialize FileSignerSecretProvider, falling back to use random secrets.
2020-07-16 21:58:17,307 [Listener at 127.0.0.1/46707] WARN  http.HttpRequestLog (HttpRequestLog.java:getRequestLog(103)) - Jetty request log can only be enabled using Log4j
2020-07-16 21:58:17,308 [Listener at 127.0.0.1/46707] INFO  http.HttpServer2 (HttpServer2.java:addGlobalFilter(998)) - Added global filter 'safety' (class=org.apache.hadoop.hdds.server.http.HttpServer2$QuotingInputFilter)
2020-07-16 21:58:17,309 [Listener at 127.0.0.1/46707] INFO  http.HttpServer2 (HttpServer2.java:addFilter(974)) - Added filter static_user_filter (class=org.apache.hadoop.http.lib.StaticUserWebFilter$StaticUserFilter) to context hddsDatanode
2020-07-16 21:58:17,309 [Listener at 127.0.0.1/46707] INFO  http.HttpServer2 (HttpServer2.java:addFilter(982)) - Added filter static_user_filter (class=org.apache.hadoop.http.lib.StaticUserWebFilter$StaticUserFilter) to context static
2020-07-16 21:58:17,309 [Listener at 127.0.0.1/46707] INFO  http.HttpServer2 (HttpServer2.java:addFilter(982)) - Added filter static_user_filter (class=org.apache.hadoop.http.lib.StaticUserWebFilter$StaticUserFilter) to context logs
2020-07-16 21:58:17,309 [Listener at 127.0.0.1/46707] INFO  http.HttpServer2 (HttpServer2.java:bindListener(1216)) - Jetty bound to port 46513
2020-07-16 21:58:17,310 [Listener at 127.0.0.1/46707] INFO  server.Server (Server.java:doStart(359)) - jetty-9.4.26.v20200117; built: 2020-01-17T12:35:33.676Z; git: 7b38981d25d14afb4a12ff1f2596756144edf695; jvm 1.8.0_232-b09
2020-07-16 21:58:17,311 [Listener at 127.0.0.1/46707] INFO  server.session (DefaultSessionIdManager.java:doStart(333)) - DefaultSessionIdManager workerName=node0
2020-07-16 21:58:17,311 [Listener at 127.0.0.1/46707] INFO  server.session (DefaultSessionIdManager.java:doStart(338)) - No SessionScavenger set, using defaults
2020-07-16 21:58:17,311 [Listener at 127.0.0.1/46707] INFO  server.session (HouseKeeper.java:startScavenging(140)) - node0 Scavenging every 600000ms
2020-07-16 21:58:17,312 [Listener at 127.0.0.1/46707] INFO  handler.ContextHandler (ContextHandler.java:doStart(825)) - Started o.e.j.s.ServletContextHandler@5c2900ed{logs,/logs,file:///github/workspace/mnt/ozone/hadoop-ozone/integration-test/target/log,AVAILABLE}
2020-07-16 21:58:17,312 [Listener at 127.0.0.1/46707] INFO  handler.ContextHandler (ContextHandler.java:doStart(825)) - Started o.e.j.s.ServletContextHandler@47fc346e{static,/static,jar:file:/home/user/.m2/repository/org/apache/hadoop/hadoop-hdds-container-service/0.6.0-SNAPSHOT/hadoop-hdds-container-service-0.6.0-SNAPSHOT.jar!/webapps/static,AVAILABLE}
2020-07-16 21:58:17,385 [Listener at 127.0.0.1/46707] INFO  handler.ContextHandler (ContextHandler.java:doStart(825)) - Started o.e.j.w.WebAppContext@6e1ece3d{hddsDatanode,/,file:///tmp/jetty-0_0_0_0-46513-hadoop-hdds-container-service-0_6_0-SNAPSHOT_jar-_-any-7262537654638540330.dir/webapp/,AVAILABLE}{jar:file:/home/user/.m2/repository/org/apache/hadoop/hadoop-hdds-container-service/0.6.0-SNAPSHOT/hadoop-hdds-container-service-0.6.0-SNAPSHOT.jar!/webapps/hddsDatanode}
2020-07-16 21:58:17,387 [Listener at 127.0.0.1/46707] INFO  server.AbstractConnector (AbstractConnector.java:doStart(330)) - Started ServerConnector@491665ab{HTTP/1.1,[http/1.1]}{0.0.0.0:46513}
2020-07-16 21:58:17,387 [Listener at 127.0.0.1/46707] INFO  server.Server (Server.java:doStart(399)) - Started @139625ms
2020-07-16 21:58:17,387 [Listener at 127.0.0.1/46707] WARN  impl.MetricsSystemImpl (MetricsSystemImpl.java:register(276)) - Sink prometheus already exists!
2020-07-16 21:58:17,395 [Listener at 127.0.0.1/46707] INFO  http.BaseHttpServer (BaseHttpServer.java:updateConnectorAddress(327)) - HTTP server of hddsDatanode listening at http://0.0.0.0:46513
2020-07-16 21:58:17,397 [Listener at 127.0.0.1/46707] INFO  impl.MetricsSystemImpl (MetricsSystemImpl.java:init(158)) - HddsDatanode metrics system started (again)
2020-07-16 21:58:17,398 [Listener at 127.0.0.1/46707] INFO  ozone.HddsDatanodeService (HddsDatanodeService.java:start(214)) - HddsDatanodeService host:996f77e42fba ip:172.17.0.2
2020-07-16 21:58:17,399 [Listener at 127.0.0.1/46707] INFO  volume.HddsVolume (HddsVolume.java:<init>(176)) - Creating Volume: /github/workspace/mnt/ozone/hadoop-ozone/integration-test/target/test-dir/MiniOzoneClusterImpl-a7962e3b-f01b-438a-a70b-bc4bb46fea7a/datanode-3/data-0/containers/hdds of storage type : DISK and capacity : 9223372036854775807
2020-07-16 21:58:17,399 [Listener at 127.0.0.1/46707] INFO  volume.MutableVolumeSet (MutableVolumeSet.java:initializeVolumeSet(179)) - Added Volume : /github/workspace/mnt/ozone/hadoop-ozone/integration-test/target/test-dir/MiniOzoneClusterImpl-a7962e3b-f01b-438a-a70b-bc4bb46fea7a/datanode-3/data-0/containers/hdds to VolumeSet
2020-07-16 21:58:17,399 [Listener at 127.0.0.1/46707] INFO  volume.ThrottledAsyncChecker (ThrottledAsyncChecker.java:schedule(141)) - Scheduling a check for /github/workspace/mnt/ozone/hadoop-ozone/integration-test/target/test-dir/MiniOzoneClusterImpl-a7962e3b-f01b-438a-a70b-bc4bb46fea7a/datanode-3/data-0/containers/hdds
2020-07-16 21:58:17,400 [org.apache.hadoop.util.JvmPauseMonitor$Monitor@605541bc] INFO  util.JvmPauseMonitor (JvmPauseMonitor.java:run(188)) - Starting JVM pause monitor
2020-07-16 21:58:17,400 [Listener at 127.0.0.1/46707] INFO  volume.HddsVolumeChecker (HddsVolumeChecker.java:checkAllVolumes(200)) - Scheduled health check for volume /github/workspace/mnt/ozone/hadoop-ozone/integration-test/target/test-dir/MiniOzoneClusterImpl-a7962e3b-f01b-438a-a70b-bc4bb46fea7a/datanode-3/data-0/containers/hdds
2020-07-16 21:58:17,402 [Datanode State Machine Thread - 0] INFO  datanode.InitDatanodeState (InitDatanodeState.java:persistContainerDatanodeDetails(145)) - DatanodeDetails is persisted to /github/workspace/mnt/ozone/hadoop-ozone/integration-test/target/test-dir/MiniOzoneClusterImpl-a7962e3b-f01b-438a-a70b-bc4bb46fea7a/datanode-2/meta/datanode.id
2020-07-16 21:58:17,415 [Listener at 127.0.0.1/46707] INFO  impl.RaftServerProxy (ConfUtils.java:logGet(44)) - raft.rpc.type = GRPC (default)
2020-07-16 21:58:17,416 [Listener at 127.0.0.1/46707] INFO  grpc.GrpcFactory (GrpcFactory.java:checkPooledByteBufAllocatorUseCacheForAllThreads(45)) - PERFORMANCE WARNING: useCacheForAllThreads is true that may cause Netty to create a lot garbage objects and, as a result, trigger GC.
	It is recommended to disable useCacheForAllThreads by setting -Dorg.apache.ratis.thirdparty.io.netty.allocator.useCacheForAllThreads=false in command line.
2020-07-16 21:58:17,416 [Listener at 127.0.0.1/46707] INFO  grpc.GrpcConfigKeys (ConfUtils.java:logGet(44)) - raft.grpc.server.port = 0 (default)
2020-07-16 21:58:17,416 [Listener at 127.0.0.1/46707] INFO  server.GrpcService (ConfUtils.java:logGet(44)) - raft.grpc.message.size.max = 32MB (=33554432) (custom)
2020-07-16 21:58:17,416 [Listener at 127.0.0.1/46707] INFO  server.RaftServerConfigKeys (ConfUtils.java:logGet(44)) - raft.server.log.appender.buffer.byte-limit = 33554432 (custom)
2020-07-16 21:58:17,416 [Listener at 127.0.0.1/46707] INFO  server.GrpcService (ConfUtils.java:logGet(44)) - raft.grpc.flow.control.window = 5MB (=5242880) (custom)
2020-07-16 21:58:17,416 [Listener at 127.0.0.1/46707] INFO  server.RaftServerConfigKeys (ConfUtils.java:logGet(44)) - raft.server.rpc.request.timeout = 3000ms (default)
2020-07-16 21:58:17,417 [Listener at 127.0.0.1/46707] INFO  server.RaftServerConfigKeys (ConfUtils.java:logGet(44)) - raft.server.storage.dir = [/github/workspace/mnt/ozone/hadoop-ozone/integration-test/target/test-dir/MiniOzoneClusterImpl-a7962e3b-f01b-438a-a70b-bc4bb46fea7a/datanode-3/data/ratis] (custom)
2020-07-16 21:58:17,425 [Listener at 127.0.0.1/46707] INFO  http.BaseHttpServer (BaseHttpServer.java:newHttpServer2BuilderForOzone(207)) - Starting Web-server for hddsDatanode at: http://0.0.0.0:0
2020-07-16 21:58:17,425 [Listener at 127.0.0.1/46707] INFO  http.BaseHttpServer (BaseHttpServer.java:<init>(106)) - Hadoop Security Enabled: false Ozone Security Enabled: false Ozone HTTP Security Enabled: false 
2020-07-16 21:58:17,427 [Listener at 127.0.0.1/46707] INFO  server.AuthenticationFilter (AuthenticationFilter.java:constructSecretProvider(240)) - Unable to initialize FileSignerSecretProvider, falling back to use random secrets.
2020-07-16 21:58:17,427 [Listener at 127.0.0.1/46707] WARN  http.HttpRequestLog (HttpRequestLog.java:getRequestLog(103)) - Jetty request log can only be enabled using Log4j
2020-07-16 21:58:17,428 [Listener at 127.0.0.1/46707] INFO  http.HttpServer2 (HttpServer2.java:addGlobalFilter(998)) - Added global filter 'safety' (class=org.apache.hadoop.hdds.server.http.HttpServer2$QuotingInputFilter)
2020-07-16 21:58:17,429 [Listener at 127.0.0.1/46707] INFO  http.HttpServer2 (HttpServer2.java:addFilter(974)) - Added filter static_user_filter (class=org.apache.hadoop.http.lib.StaticUserWebFilter$StaticUserFilter) to context hddsDatanode
2020-07-16 21:58:17,429 [Listener at 127.0.0.1/46707] INFO  http.HttpServer2 (HttpServer2.java:addFilter(982)) - Added filter static_user_filter (class=org.apache.hadoop.http.lib.StaticUserWebFilter$StaticUserFilter) to context logs
2020-07-16 21:58:17,429 [Listener at 127.0.0.1/46707] INFO  http.HttpServer2 (HttpServer2.java:addFilter(982)) - Added filter static_user_filter (class=org.apache.hadoop.http.lib.StaticUserWebFilter$StaticUserFilter) to context static
2020-07-16 21:58:17,430 [Listener at 127.0.0.1/46707] INFO  http.HttpServer2 (HttpServer2.java:bindListener(1216)) - Jetty bound to port 41767
2020-07-16 21:58:17,430 [Listener at 127.0.0.1/46707] INFO  server.Server (Server.java:doStart(359)) - jetty-9.4.26.v20200117; built: 2020-01-17T12:35:33.676Z; git: 7b38981d25d14afb4a12ff1f2596756144edf695; jvm 1.8.0_232-b09
2020-07-16 21:58:17,431 [Listener at 127.0.0.1/46707] INFO  server.session (DefaultSessionIdManager.java:doStart(333)) - DefaultSessionIdManager workerName=node0
2020-07-16 21:58:17,432 [Listener at 127.0.0.1/46707] INFO  server.session (DefaultSessionIdManager.java:doStart(338)) - No SessionScavenger set, using defaults
2020-07-16 21:58:17,432 [Listener at 127.0.0.1/46707] INFO  server.session (HouseKeeper.java:startScavenging(140)) - node0 Scavenging every 660000ms
2020-07-16 21:58:17,432 [Listener at 127.0.0.1/46707] INFO  handler.ContextHandler (ContextHandler.java:doStart(825)) - Started o.e.j.s.ServletContextHandler@76425cc2{logs,/logs,file:///github/workspace/mnt/ozone/hadoop-ozone/integration-test/target/log,AVAILABLE}
2020-07-16 21:58:17,433 [Listener at 127.0.0.1/46707] INFO  handler.ContextHandler (ContextHandler.java:doStart(825)) - Started o.e.j.s.ServletContextHandler@1ba7b274{static,/static,jar:file:/home/user/.m2/repository/org/apache/hadoop/hadoop-hdds-container-service/0.6.0-SNAPSHOT/hadoop-hdds-container-service-0.6.0-SNAPSHOT.jar!/webapps/static,AVAILABLE}
2020-07-16 21:58:17,506 [Listener at 127.0.0.1/46707] INFO  handler.ContextHandler (ContextHandler.java:doStart(825)) - Started o.e.j.w.WebAppContext@548c7eab{hddsDatanode,/,file:///tmp/jetty-0_0_0_0-41767-hadoop-hdds-container-service-0_6_0-SNAPSHOT_jar-_-any-7612346478047630958.dir/webapp/,AVAILABLE}{jar:file:/home/user/.m2/repository/org/apache/hadoop/hadoop-hdds-container-service/0.6.0-SNAPSHOT/hadoop-hdds-container-service-0.6.0-SNAPSHOT.jar!/webapps/hddsDatanode}
2020-07-16 21:58:17,507 [Listener at 127.0.0.1/46707] INFO  server.AbstractConnector (AbstractConnector.java:doStart(330)) - Started ServerConnector@584e4899{HTTP/1.1,[http/1.1]}{0.0.0.0:41767}
2020-07-16 21:58:17,507 [Listener at 127.0.0.1/46707] INFO  server.Server (Server.java:doStart(399)) - Started @139746ms
2020-07-16 21:58:17,508 [Listener at 127.0.0.1/46707] WARN  impl.MetricsSystemImpl (MetricsSystemImpl.java:register(276)) - Sink prometheus already exists!
2020-07-16 21:58:17,515 [Listener at 127.0.0.1/46707] INFO  http.BaseHttpServer (BaseHttpServer.java:updateConnectorAddress(327)) - HTTP server of hddsDatanode listening at http://0.0.0.0:41767
2020-07-16 21:58:17,517 [Listener at 127.0.0.1/46707] INFO  impl.MetricsSystemImpl (MetricsSystemImpl.java:init(158)) - HddsDatanode metrics system started (again)
2020-07-16 21:58:17,518 [Listener at 127.0.0.1/46707] INFO  ozone.HddsDatanodeService (HddsDatanodeService.java:start(214)) - HddsDatanodeService host:996f77e42fba ip:172.17.0.2
2020-07-16 21:58:17,521 [Listener at 127.0.0.1/46707] INFO  volume.HddsVolume (HddsVolume.java:<init>(176)) - Creating Volume: /github/workspace/mnt/ozone/hadoop-ozone/integration-test/target/test-dir/MiniOzoneClusterImpl-a7962e3b-f01b-438a-a70b-bc4bb46fea7a/datanode-4/data-0/containers/hdds of storage type : DISK and capacity : 9223372036854775807
2020-07-16 21:58:17,521 [Listener at 127.0.0.1/46707] INFO  volume.MutableVolumeSet (MutableVolumeSet.java:initializeVolumeSet(179)) - Added Volume : /github/workspace/mnt/ozone/hadoop-ozone/integration-test/target/test-dir/MiniOzoneClusterImpl-a7962e3b-f01b-438a-a70b-bc4bb46fea7a/datanode-4/data-0/containers/hdds to VolumeSet
2020-07-16 21:58:17,521 [Listener at 127.0.0.1/46707] INFO  volume.ThrottledAsyncChecker (ThrottledAsyncChecker.java:schedule(141)) - Scheduling a check for /github/workspace/mnt/ozone/hadoop-ozone/integration-test/target/test-dir/MiniOzoneClusterImpl-a7962e3b-f01b-438a-a70b-bc4bb46fea7a/datanode-4/data-0/containers/hdds
2020-07-16 21:58:17,522 [Listener at 127.0.0.1/46707] INFO  volume.HddsVolumeChecker (HddsVolumeChecker.java:checkAllVolumes(200)) - Scheduled health check for volume /github/workspace/mnt/ozone/hadoop-ozone/integration-test/target/test-dir/MiniOzoneClusterImpl-a7962e3b-f01b-438a-a70b-bc4bb46fea7a/datanode-4/data-0/containers/hdds
2020-07-16 21:58:17,528 [org.apache.hadoop.util.JvmPauseMonitor$Monitor@51e7e772] INFO  util.JvmPauseMonitor (JvmPauseMonitor.java:run(188)) - Starting JVM pause monitor
2020-07-16 21:58:17,533 [Datanode State Machine Thread - 0] INFO  datanode.InitDatanodeState (InitDatanodeState.java:persistContainerDatanodeDetails(145)) - DatanodeDetails is persisted to /github/workspace/mnt/ozone/hadoop-ozone/integration-test/target/test-dir/MiniOzoneClusterImpl-a7962e3b-f01b-438a-a70b-bc4bb46fea7a/datanode-3/meta/datanode.id
2020-07-16 21:58:17,536 [Listener at 127.0.0.1/46707] INFO  impl.RaftServerProxy (ConfUtils.java:logGet(44)) - raft.rpc.type = GRPC (default)
2020-07-16 21:58:17,537 [Listener at 127.0.0.1/46707] INFO  grpc.GrpcFactory (GrpcFactory.java:checkPooledByteBufAllocatorUseCacheForAllThreads(45)) - PERFORMANCE WARNING: useCacheForAllThreads is true that may cause Netty to create a lot garbage objects and, as a result, trigger GC.
	It is recommended to disable useCacheForAllThreads by setting -Dorg.apache.ratis.thirdparty.io.netty.allocator.useCacheForAllThreads=false in command line.
2020-07-16 21:58:17,537 [Listener at 127.0.0.1/46707] INFO  grpc.GrpcConfigKeys (ConfUtils.java:logGet(44)) - raft.grpc.server.port = 0 (default)
2020-07-16 21:58:17,537 [Listener at 127.0.0.1/46707] INFO  server.GrpcService (ConfUtils.java:logGet(44)) - raft.grpc.message.size.max = 32MB (=33554432) (custom)
2020-07-16 21:58:17,537 [Listener at 127.0.0.1/46707] INFO  server.RaftServerConfigKeys (ConfUtils.java:logGet(44)) - raft.server.log.appender.buffer.byte-limit = 33554432 (custom)
2020-07-16 21:58:17,537 [Listener at 127.0.0.1/46707] INFO  server.GrpcService (ConfUtils.java:logGet(44)) - raft.grpc.flow.control.window = 5MB (=5242880) (custom)
2020-07-16 21:58:17,537 [Listener at 127.0.0.1/46707] INFO  server.RaftServerConfigKeys (ConfUtils.java:logGet(44)) - raft.server.rpc.request.timeout = 3000ms (default)
2020-07-16 21:58:17,538 [Listener at 127.0.0.1/46707] INFO  server.RaftServerConfigKeys (ConfUtils.java:logGet(44)) - raft.server.storage.dir = [/github/workspace/mnt/ozone/hadoop-ozone/integration-test/target/test-dir/MiniOzoneClusterImpl-a7962e3b-f01b-438a-a70b-bc4bb46fea7a/datanode-4/data/ratis] (custom)
2020-07-16 21:58:17,546 [Listener at 127.0.0.1/46707] INFO  http.BaseHttpServer (BaseHttpServer.java:newHttpServer2BuilderForOzone(207)) - Starting Web-server for hddsDatanode at: http://0.0.0.0:0
2020-07-16 21:58:17,546 [Listener at 127.0.0.1/46707] INFO  http.BaseHttpServer (BaseHttpServer.java:<init>(106)) - Hadoop Security Enabled: false Ozone Security Enabled: false Ozone HTTP Security Enabled: false 
2020-07-16 21:58:17,547 [Listener at 127.0.0.1/46707] INFO  server.AuthenticationFilter (AuthenticationFilter.java:constructSecretProvider(240)) - Unable to initialize FileSignerSecretProvider, falling back to use random secrets.
2020-07-16 21:58:17,548 [Listener at 127.0.0.1/46707] WARN  http.HttpRequestLog (HttpRequestLog.java:getRequestLog(103)) - Jetty request log can only be enabled using Log4j
2020-07-16 21:58:17,549 [Listener at 127.0.0.1/46707] INFO  http.HttpServer2 (HttpServer2.java:addGlobalFilter(998)) - Added global filter 'safety' (class=org.apache.hadoop.hdds.server.http.HttpServer2$QuotingInputFilter)
2020-07-16 21:58:17,549 [Listener at 127.0.0.1/46707] INFO  http.HttpServer2 (HttpServer2.java:addFilter(974)) - Added filter static_user_filter (class=org.apache.hadoop.http.lib.StaticUserWebFilter$StaticUserFilter) to context hddsDatanode
2020-07-16 21:58:17,549 [Listener at 127.0.0.1/46707] INFO  http.HttpServer2 (HttpServer2.java:addFilter(982)) - Added filter static_user_filter (class=org.apache.hadoop.http.lib.StaticUserWebFilter$StaticUserFilter) to context logs
2020-07-16 21:58:17,549 [Listener at 127.0.0.1/46707] INFO  http.HttpServer2 (HttpServer2.java:addFilter(982)) - Added filter static_user_filter (class=org.apache.hadoop.http.lib.StaticUserWebFilter$StaticUserFilter) to context static
2020-07-16 21:58:17,550 [Listener at 127.0.0.1/46707] INFO  http.HttpServer2 (HttpServer2.java:bindListener(1216)) - Jetty bound to port 37333
2020-07-16 21:58:17,550 [Listener at 127.0.0.1/46707] INFO  server.Server (Server.java:doStart(359)) - jetty-9.4.26.v20200117; built: 2020-01-17T12:35:33.676Z; git: 7b38981d25d14afb4a12ff1f2596756144edf695; jvm 1.8.0_232-b09
2020-07-16 21:58:17,552 [Listener at 127.0.0.1/46707] INFO  server.session (DefaultSessionIdManager.java:doStart(333)) - DefaultSessionIdManager workerName=node0
2020-07-16 21:58:17,553 [Listener at 127.0.0.1/46707] INFO  server.session (DefaultSessionIdManager.java:doStart(338)) - No SessionScavenger set, using defaults
2020-07-16 21:58:17,553 [Listener at 127.0.0.1/46707] INFO  server.session (HouseKeeper.java:startScavenging(140)) - node0 Scavenging every 600000ms
2020-07-16 21:58:17,553 [Listener at 127.0.0.1/46707] INFO  handler.ContextHandler (ContextHandler.java:doStart(825)) - Started o.e.j.s.ServletContextHandler@38c1b8d0{logs,/logs,file:///github/workspace/mnt/ozone/hadoop-ozone/integration-test/target/log,AVAILABLE}
2020-07-16 21:58:17,554 [Listener at 127.0.0.1/46707] INFO  handler.ContextHandler (ContextHandler.java:doStart(825)) - Started o.e.j.s.ServletContextHandler@3feafba2{static,/static,jar:file:/home/user/.m2/repository/org/apache/hadoop/hadoop-hdds-container-service/0.6.0-SNAPSHOT/hadoop-hdds-container-service-0.6.0-SNAPSHOT.jar!/webapps/static,AVAILABLE}
2020-07-16 21:58:17,629 [Listener at 127.0.0.1/46707] INFO  handler.ContextHandler (ContextHandler.java:doStart(825)) - Started o.e.j.w.WebAppContext@7a6cd9e0{hddsDatanode,/,file:///tmp/jetty-0_0_0_0-37333-hadoop-hdds-container-service-0_6_0-SNAPSHOT_jar-_-any-3796528624920010713.dir/webapp/,AVAILABLE}{jar:file:/home/user/.m2/repository/org/apache/hadoop/hadoop-hdds-container-service/0.6.0-SNAPSHOT/hadoop-hdds-container-service-0.6.0-SNAPSHOT.jar!/webapps/hddsDatanode}
2020-07-16 21:58:17,630 [Listener at 127.0.0.1/46707] INFO  server.AbstractConnector (AbstractConnector.java:doStart(330)) - Started ServerConnector@278e4dc4{HTTP/1.1,[http/1.1]}{0.0.0.0:37333}
2020-07-16 21:58:17,630 [Listener at 127.0.0.1/46707] INFO  server.Server (Server.java:doStart(399)) - Started @139869ms
2020-07-16 21:58:17,631 [Listener at 127.0.0.1/46707] WARN  impl.MetricsSystemImpl (MetricsSystemImpl.java:register(276)) - Sink prometheus already exists!
2020-07-16 21:58:17,638 [Listener at 127.0.0.1/46707] INFO  http.BaseHttpServer (BaseHttpServer.java:updateConnectorAddress(327)) - HTTP server of hddsDatanode listening at http://0.0.0.0:37333
2020-07-16 21:58:17,640 [Listener at 127.0.0.1/46707] INFO  impl.MetricsSystemImpl (MetricsSystemImpl.java:init(158)) - HddsDatanode metrics system started (again)
2020-07-16 21:58:17,644 [org.apache.hadoop.util.JvmPauseMonitor$Monitor@55ac29ab] INFO  util.JvmPauseMonitor (JvmPauseMonitor.java:run(188)) - Starting JVM pause monitor
2020-07-16 21:58:17,646 [Listener at 127.0.0.1/46707] INFO  ozone.HddsDatanodeService (HddsDatanodeService.java:start(214)) - HddsDatanodeService host:996f77e42fba ip:172.17.0.2
2020-07-16 21:58:17,647 [Listener at 127.0.0.1/46707] INFO  volume.HddsVolume (HddsVolume.java:<init>(176)) - Creating Volume: /github/workspace/mnt/ozone/hadoop-ozone/integration-test/target/test-dir/MiniOzoneClusterImpl-a7962e3b-f01b-438a-a70b-bc4bb46fea7a/datanode-5/data-0/containers/hdds of storage type : DISK and capacity : 9223372036854775807
2020-07-16 21:58:17,647 [Listener at 127.0.0.1/46707] INFO  volume.MutableVolumeSet (MutableVolumeSet.java:initializeVolumeSet(179)) - Added Volume : /github/workspace/mnt/ozone/hadoop-ozone/integration-test/target/test-dir/MiniOzoneClusterImpl-a7962e3b-f01b-438a-a70b-bc4bb46fea7a/datanode-5/data-0/containers/hdds to VolumeSet
2020-07-16 21:58:17,647 [Listener at 127.0.0.1/46707] INFO  volume.ThrottledAsyncChecker (ThrottledAsyncChecker.java:schedule(141)) - Scheduling a check for /github/workspace/mnt/ozone/hadoop-ozone/integration-test/target/test-dir/MiniOzoneClusterImpl-a7962e3b-f01b-438a-a70b-bc4bb46fea7a/datanode-5/data-0/containers/hdds
2020-07-16 21:58:17,648 [Listener at 127.0.0.1/46707] INFO  volume.HddsVolumeChecker (HddsVolumeChecker.java:checkAllVolumes(200)) - Scheduled health check for volume /github/workspace/mnt/ozone/hadoop-ozone/integration-test/target/test-dir/MiniOzoneClusterImpl-a7962e3b-f01b-438a-a70b-bc4bb46fea7a/datanode-5/data-0/containers/hdds
2020-07-16 21:58:17,651 [Datanode State Machine Thread - 0] INFO  datanode.InitDatanodeState (InitDatanodeState.java:persistContainerDatanodeDetails(145)) - DatanodeDetails is persisted to /github/workspace/mnt/ozone/hadoop-ozone/integration-test/target/test-dir/MiniOzoneClusterImpl-a7962e3b-f01b-438a-a70b-bc4bb46fea7a/datanode-4/meta/datanode.id
2020-07-16 21:58:17,664 [Listener at 127.0.0.1/46707] INFO  impl.RaftServerProxy (ConfUtils.java:logGet(44)) - raft.rpc.type = GRPC (default)
2020-07-16 21:58:17,664 [Listener at 127.0.0.1/46707] INFO  grpc.GrpcFactory (GrpcFactory.java:checkPooledByteBufAllocatorUseCacheForAllThreads(45)) - PERFORMANCE WARNING: useCacheForAllThreads is true that may cause Netty to create a lot garbage objects and, as a result, trigger GC.
	It is recommended to disable useCacheForAllThreads by setting -Dorg.apache.ratis.thirdparty.io.netty.allocator.useCacheForAllThreads=false in command line.
2020-07-16 21:58:17,664 [Listener at 127.0.0.1/46707] INFO  grpc.GrpcConfigKeys (ConfUtils.java:logGet(44)) - raft.grpc.server.port = 0 (default)
2020-07-16 21:58:17,664 [Listener at 127.0.0.1/46707] INFO  server.GrpcService (ConfUtils.java:logGet(44)) - raft.grpc.message.size.max = 32MB (=33554432) (custom)
2020-07-16 21:58:17,664 [Listener at 127.0.0.1/46707] INFO  server.RaftServerConfigKeys (ConfUtils.java:logGet(44)) - raft.server.log.appender.buffer.byte-limit = 33554432 (custom)
2020-07-16 21:58:17,664 [Listener at 127.0.0.1/46707] INFO  server.GrpcService (ConfUtils.java:logGet(44)) - raft.grpc.flow.control.window = 5MB (=5242880) (custom)
2020-07-16 21:58:17,664 [Listener at 127.0.0.1/46707] INFO  server.RaftServerConfigKeys (ConfUtils.java:logGet(44)) - raft.server.rpc.request.timeout = 3000ms (default)
2020-07-16 21:58:17,665 [Listener at 127.0.0.1/46707] INFO  server.RaftServerConfigKeys (ConfUtils.java:logGet(44)) - raft.server.storage.dir = [/github/workspace/mnt/ozone/hadoop-ozone/integration-test/target/test-dir/MiniOzoneClusterImpl-a7962e3b-f01b-438a-a70b-bc4bb46fea7a/datanode-5/data/ratis] (custom)
2020-07-16 21:58:17,674 [Listener at 127.0.0.1/46707] INFO  http.BaseHttpServer (BaseHttpServer.java:newHttpServer2BuilderForOzone(207)) - Starting Web-server for hddsDatanode at: http://0.0.0.0:0
2020-07-16 21:58:17,674 [Listener at 127.0.0.1/46707] INFO  http.BaseHttpServer (BaseHttpServer.java:<init>(106)) - Hadoop Security Enabled: false Ozone Security Enabled: false Ozone HTTP Security Enabled: false 
2020-07-16 21:58:17,675 [Listener at 127.0.0.1/46707] INFO  server.AuthenticationFilter (AuthenticationFilter.java:constructSecretProvider(240)) - Unable to initialize FileSignerSecretProvider, falling back to use random secrets.
2020-07-16 21:58:17,676 [Listener at 127.0.0.1/46707] WARN  http.HttpRequestLog (HttpRequestLog.java:getRequestLog(103)) - Jetty request log can only be enabled using Log4j
2020-07-16 21:58:17,676 [Listener at 127.0.0.1/46707] INFO  http.HttpServer2 (HttpServer2.java:addGlobalFilter(998)) - Added global filter 'safety' (class=org.apache.hadoop.hdds.server.http.HttpServer2$QuotingInputFilter)
2020-07-16 21:58:17,677 [Listener at 127.0.0.1/46707] INFO  http.HttpServer2 (HttpServer2.java:addFilter(974)) - Added filter static_user_filter (class=org.apache.hadoop.http.lib.StaticUserWebFilter$StaticUserFilter) to context hddsDatanode
2020-07-16 21:58:17,677 [Listener at 127.0.0.1/46707] INFO  http.HttpServer2 (HttpServer2.java:addFilter(982)) - Added filter static_user_filter (class=org.apache.hadoop.http.lib.StaticUserWebFilter$StaticUserFilter) to context static
2020-07-16 21:58:17,677 [Listener at 127.0.0.1/46707] INFO  http.HttpServer2 (HttpServer2.java:addFilter(982)) - Added filter static_user_filter (class=org.apache.hadoop.http.lib.StaticUserWebFilter$StaticUserFilter) to context logs
2020-07-16 21:58:17,678 [Listener at 127.0.0.1/46707] INFO  http.HttpServer2 (HttpServer2.java:bindListener(1216)) - Jetty bound to port 35155
2020-07-16 21:58:17,678 [Listener at 127.0.0.1/46707] INFO  server.Server (Server.java:doStart(359)) - jetty-9.4.26.v20200117; built: 2020-01-17T12:35:33.676Z; git: 7b38981d25d14afb4a12ff1f2596756144edf695; jvm 1.8.0_232-b09
2020-07-16 21:58:17,679 [Listener at 127.0.0.1/46707] INFO  server.session (DefaultSessionIdManager.java:doStart(333)) - DefaultSessionIdManager workerName=node0
2020-07-16 21:58:17,679 [Listener at 127.0.0.1/46707] INFO  server.session (DefaultSessionIdManager.java:doStart(338)) - No SessionScavenger set, using defaults
2020-07-16 21:58:17,679 [Listener at 127.0.0.1/46707] INFO  server.session (HouseKeeper.java:startScavenging(140)) - node0 Scavenging every 600000ms
2020-07-16 21:58:17,680 [Listener at 127.0.0.1/46707] INFO  handler.ContextHandler (ContextHandler.java:doStart(825)) - Started o.e.j.s.ServletContextHandler@6cfa6a04{logs,/logs,file:///github/workspace/mnt/ozone/hadoop-ozone/integration-test/target/log,AVAILABLE}
2020-07-16 21:58:17,680 [Listener at 127.0.0.1/46707] INFO  handler.ContextHandler (ContextHandler.java:doStart(825)) - Started o.e.j.s.ServletContextHandler@2483eb07{static,/static,jar:file:/home/user/.m2/repository/org/apache/hadoop/hadoop-hdds-container-service/0.6.0-SNAPSHOT/hadoop-hdds-container-service-0.6.0-SNAPSHOT.jar!/webapps/static,AVAILABLE}
2020-07-16 21:58:17,757 [Listener at 127.0.0.1/46707] INFO  handler.ContextHandler (ContextHandler.java:doStart(825)) - Started o.e.j.w.WebAppContext@130cad14{hddsDatanode,/,file:///tmp/jetty-0_0_0_0-35155-hadoop-hdds-container-service-0_6_0-SNAPSHOT_jar-_-any-1825462851550060899.dir/webapp/,AVAILABLE}{jar:file:/home/user/.m2/repository/org/apache/hadoop/hadoop-hdds-container-service/0.6.0-SNAPSHOT/hadoop-hdds-container-service-0.6.0-SNAPSHOT.jar!/webapps/hddsDatanode}
2020-07-16 21:58:17,759 [Listener at 127.0.0.1/46707] INFO  server.AbstractConnector (AbstractConnector.java:doStart(330)) - Started ServerConnector@7f277cf6{HTTP/1.1,[http/1.1]}{0.0.0.0:35155}
2020-07-16 21:58:17,759 [Listener at 127.0.0.1/46707] INFO  server.Server (Server.java:doStart(399)) - Started @139997ms
2020-07-16 21:58:17,759 [Listener at 127.0.0.1/46707] WARN  impl.MetricsSystemImpl (MetricsSystemImpl.java:register(276)) - Sink prometheus already exists!
2020-07-16 21:58:17,765 [Listener at 127.0.0.1/46707] INFO  http.BaseHttpServer (BaseHttpServer.java:updateConnectorAddress(327)) - HTTP server of hddsDatanode listening at http://0.0.0.0:35155
2020-07-16 21:58:17,768 [Listener at 127.0.0.1/46707] INFO  impl.MetricsSystemImpl (MetricsSystemImpl.java:init(158)) - HddsDatanode metrics system started (again)
2020-07-16 21:58:17,769 [Listener at 127.0.0.1/46707] INFO  ozone.HddsDatanodeService (HddsDatanodeService.java:start(214)) - HddsDatanodeService host:996f77e42fba ip:172.17.0.2
2020-07-16 21:58:17,770 [Listener at 127.0.0.1/46707] INFO  volume.HddsVolume (HddsVolume.java:<init>(176)) - Creating Volume: /github/workspace/mnt/ozone/hadoop-ozone/integration-test/target/test-dir/MiniOzoneClusterImpl-a7962e3b-f01b-438a-a70b-bc4bb46fea7a/datanode-6/data-0/containers/hdds of storage type : DISK and capacity : 9223372036854775807
2020-07-16 21:58:17,771 [Listener at 127.0.0.1/46707] INFO  volume.MutableVolumeSet (MutableVolumeSet.java:initializeVolumeSet(179)) - Added Volume : /github/workspace/mnt/ozone/hadoop-ozone/integration-test/target/test-dir/MiniOzoneClusterImpl-a7962e3b-f01b-438a-a70b-bc4bb46fea7a/datanode-6/data-0/containers/hdds to VolumeSet
2020-07-16 21:58:17,771 [Listener at 127.0.0.1/46707] INFO  volume.ThrottledAsyncChecker (ThrottledAsyncChecker.java:schedule(141)) - Scheduling a check for /github/workspace/mnt/ozone/hadoop-ozone/integration-test/target/test-dir/MiniOzoneClusterImpl-a7962e3b-f01b-438a-a70b-bc4bb46fea7a/datanode-6/data-0/containers/hdds
2020-07-16 21:58:17,779 [Listener at 127.0.0.1/46707] INFO  volume.HddsVolumeChecker (HddsVolumeChecker.java:checkAllVolumes(200)) - Scheduled health check for volume /github/workspace/mnt/ozone/hadoop-ozone/integration-test/target/test-dir/MiniOzoneClusterImpl-a7962e3b-f01b-438a-a70b-bc4bb46fea7a/datanode-6/data-0/containers/hdds
2020-07-16 21:58:17,783 [Datanode State Machine Thread - 0] INFO  datanode.InitDatanodeState (InitDatanodeState.java:persistContainerDatanodeDetails(145)) - DatanodeDetails is persisted to /github/workspace/mnt/ozone/hadoop-ozone/integration-test/target/test-dir/MiniOzoneClusterImpl-a7962e3b-f01b-438a-a70b-bc4bb46fea7a/datanode-5/meta/datanode.id
2020-07-16 21:58:17,783 [org.apache.hadoop.util.JvmPauseMonitor$Monitor@6e4e82d9] INFO  util.JvmPauseMonitor (JvmPauseMonitor.java:run(188)) - Starting JVM pause monitor
2020-07-16 21:58:17,795 [Listener at 127.0.0.1/46707] INFO  impl.RaftServerProxy (ConfUtils.java:logGet(44)) - raft.rpc.type = GRPC (default)
2020-07-16 21:58:17,795 [Listener at 127.0.0.1/46707] INFO  grpc.GrpcFactory (GrpcFactory.java:checkPooledByteBufAllocatorUseCacheForAllThreads(45)) - PERFORMANCE WARNING: useCacheForAllThreads is true that may cause Netty to create a lot garbage objects and, as a result, trigger GC.
	It is recommended to disable useCacheForAllThreads by setting -Dorg.apache.ratis.thirdparty.io.netty.allocator.useCacheForAllThreads=false in command line.
2020-07-16 21:58:17,795 [Listener at 127.0.0.1/46707] INFO  grpc.GrpcConfigKeys (ConfUtils.java:logGet(44)) - raft.grpc.server.port = 0 (default)
2020-07-16 21:58:17,795 [Listener at 127.0.0.1/46707] INFO  server.GrpcService (ConfUtils.java:logGet(44)) - raft.grpc.message.size.max = 32MB (=33554432) (custom)
2020-07-16 21:58:17,795 [Listener at 127.0.0.1/46707] INFO  server.RaftServerConfigKeys (ConfUtils.java:logGet(44)) - raft.server.log.appender.buffer.byte-limit = 33554432 (custom)
2020-07-16 21:58:17,796 [Listener at 127.0.0.1/46707] INFO  server.GrpcService (ConfUtils.java:logGet(44)) - raft.grpc.flow.control.window = 5MB (=5242880) (custom)
2020-07-16 21:58:17,796 [Listener at 127.0.0.1/46707] INFO  server.RaftServerConfigKeys (ConfUtils.java:logGet(44)) - raft.server.rpc.request.timeout = 3000ms (default)
2020-07-16 21:58:17,797 [Listener at 127.0.0.1/46707] INFO  server.RaftServerConfigKeys (ConfUtils.java:logGet(44)) - raft.server.storage.dir = [/github/workspace/mnt/ozone/hadoop-ozone/integration-test/target/test-dir/MiniOzoneClusterImpl-a7962e3b-f01b-438a-a70b-bc4bb46fea7a/datanode-6/data/ratis] (custom)
2020-07-16 21:58:17,811 [Listener at 127.0.0.1/46707] INFO  http.BaseHttpServer (BaseHttpServer.java:newHttpServer2BuilderForOzone(207)) - Starting Web-server for hddsDatanode at: http://0.0.0.0:0
2020-07-16 21:58:17,811 [Listener at 127.0.0.1/46707] INFO  http.BaseHttpServer (BaseHttpServer.java:<init>(106)) - Hadoop Security Enabled: false Ozone Security Enabled: false Ozone HTTP Security Enabled: false 
2020-07-16 21:58:17,813 [Listener at 127.0.0.1/46707] INFO  server.AuthenticationFilter (AuthenticationFilter.java:constructSecretProvider(240)) - Unable to initialize FileSignerSecretProvider, falling back to use random secrets.
2020-07-16 21:58:17,813 [Listener at 127.0.0.1/46707] WARN  http.HttpRequestLog (HttpRequestLog.java:getRequestLog(103)) - Jetty request log can only be enabled using Log4j
2020-07-16 21:58:17,814 [Listener at 127.0.0.1/46707] INFO  http.HttpServer2 (HttpServer2.java:addGlobalFilter(998)) - Added global filter 'safety' (class=org.apache.hadoop.hdds.server.http.HttpServer2$QuotingInputFilter)
2020-07-16 21:58:17,814 [Listener at 127.0.0.1/46707] INFO  http.HttpServer2 (HttpServer2.java:addFilter(974)) - Added filter static_user_filter (class=org.apache.hadoop.http.lib.StaticUserWebFilter$StaticUserFilter) to context hddsDatanode
2020-07-16 21:58:17,814 [Listener at 127.0.0.1/46707] INFO  http.HttpServer2 (HttpServer2.java:addFilter(982)) - Added filter static_user_filter (class=org.apache.hadoop.http.lib.StaticUserWebFilter$StaticUserFilter) to context static
2020-07-16 21:58:17,815 [Listener at 127.0.0.1/46707] INFO  http.HttpServer2 (HttpServer2.java:addFilter(982)) - Added filter static_user_filter (class=org.apache.hadoop.http.lib.StaticUserWebFilter$StaticUserFilter) to context logs
2020-07-16 21:58:17,815 [Listener at 127.0.0.1/46707] INFO  http.HttpServer2 (HttpServer2.java:bindListener(1216)) - Jetty bound to port 43569
2020-07-16 21:58:17,815 [Listener at 127.0.0.1/46707] INFO  server.Server (Server.java:doStart(359)) - jetty-9.4.26.v20200117; built: 2020-01-17T12:35:33.676Z; git: 7b38981d25d14afb4a12ff1f2596756144edf695; jvm 1.8.0_232-b09
2020-07-16 21:58:17,817 [Listener at 127.0.0.1/46707] INFO  server.session (DefaultSessionIdManager.java:doStart(333)) - DefaultSessionIdManager workerName=node0
2020-07-16 21:58:17,817 [Listener at 127.0.0.1/46707] INFO  server.session (DefaultSessionIdManager.java:doStart(338)) - No SessionScavenger set, using defaults
2020-07-16 21:58:17,817 [Listener at 127.0.0.1/46707] INFO  server.session (HouseKeeper.java:startScavenging(140)) - node0 Scavenging every 600000ms
2020-07-16 21:58:17,817 [Listener at 127.0.0.1/46707] INFO  handler.ContextHandler (ContextHandler.java:doStart(825)) - Started o.e.j.s.ServletContextHandler@5592464a{logs,/logs,file:///github/workspace/mnt/ozone/hadoop-ozone/integration-test/target/log,AVAILABLE}
2020-07-16 21:58:17,818 [Listener at 127.0.0.1/46707] INFO  handler.ContextHandler (ContextHandler.java:doStart(825)) - Started o.e.j.s.ServletContextHandler@7342eb53{static,/static,jar:file:/home/user/.m2/repository/org/apache/hadoop/hadoop-hdds-container-service/0.6.0-SNAPSHOT/hadoop-hdds-container-service-0.6.0-SNAPSHOT.jar!/webapps/static,AVAILABLE}
2020-07-16 21:58:17,902 [Listener at 127.0.0.1/46707] INFO  handler.ContextHandler (ContextHandler.java:doStart(825)) - Started o.e.j.w.WebAppContext@674666b6{hddsDatanode,/,file:///tmp/jetty-0_0_0_0-43569-hadoop-hdds-container-service-0_6_0-SNAPSHOT_jar-_-any-9141578615283148008.dir/webapp/,AVAILABLE}{jar:file:/home/user/.m2/repository/org/apache/hadoop/hadoop-hdds-container-service/0.6.0-SNAPSHOT/hadoop-hdds-container-service-0.6.0-SNAPSHOT.jar!/webapps/hddsDatanode}
2020-07-16 21:58:17,903 [Listener at 127.0.0.1/46707] INFO  server.AbstractConnector (AbstractConnector.java:doStart(330)) - Started ServerConnector@25a0c208{HTTP/1.1,[http/1.1]}{0.0.0.0:43569}
2020-07-16 21:58:17,903 [Listener at 127.0.0.1/46707] INFO  server.Server (Server.java:doStart(399)) - Started @140142ms
2020-07-16 21:58:17,903 [Listener at 127.0.0.1/46707] WARN  impl.MetricsSystemImpl (MetricsSystemImpl.java:register(276)) - Sink prometheus already exists!
2020-07-16 21:58:17,911 [Listener at 127.0.0.1/46707] INFO  http.BaseHttpServer (BaseHttpServer.java:updateConnectorAddress(327)) - HTTP server of hddsDatanode listening at http://0.0.0.0:43569
2020-07-16 21:58:17,912 [Listener at 127.0.0.1/46707] INFO  impl.MetricsSystemImpl (MetricsSystemImpl.java:init(158)) - HddsDatanode metrics system started (again)
2020-07-16 21:58:17,915 [Listener at 127.0.0.1/46707] INFO  ozone.HddsDatanodeService (HddsDatanodeService.java:start(214)) - HddsDatanodeService host:996f77e42fba ip:172.17.0.2
2020-07-16 21:58:17,916 [Listener at 127.0.0.1/46707] INFO  volume.HddsVolume (HddsVolume.java:<init>(176)) - Creating Volume: /github/workspace/mnt/ozone/hadoop-ozone/integration-test/target/test-dir/MiniOzoneClusterImpl-a7962e3b-f01b-438a-a70b-bc4bb46fea7a/datanode-7/data-0/containers/hdds of storage type : DISK and capacity : 9223372036854775807
2020-07-16 21:58:17,917 [Listener at 127.0.0.1/46707] INFO  volume.MutableVolumeSet (MutableVolumeSet.java:initializeVolumeSet(179)) - Added Volume : /github/workspace/mnt/ozone/hadoop-ozone/integration-test/target/test-dir/MiniOzoneClusterImpl-a7962e3b-f01b-438a-a70b-bc4bb46fea7a/datanode-7/data-0/containers/hdds to VolumeSet
2020-07-16 21:58:17,917 [Listener at 127.0.0.1/46707] INFO  volume.ThrottledAsyncChecker (ThrottledAsyncChecker.java:schedule(141)) - Scheduling a check for /github/workspace/mnt/ozone/hadoop-ozone/integration-test/target/test-dir/MiniOzoneClusterImpl-a7962e3b-f01b-438a-a70b-bc4bb46fea7a/datanode-7/data-0/containers/hdds
2020-07-16 21:58:17,917 [Datanode State Machine Thread - 0] INFO  datanode.InitDatanodeState (InitDatanodeState.java:persistContainerDatanodeDetails(145)) - DatanodeDetails is persisted to /github/workspace/mnt/ozone/hadoop-ozone/integration-test/target/test-dir/MiniOzoneClusterImpl-a7962e3b-f01b-438a-a70b-bc4bb46fea7a/datanode-6/meta/datanode.id
2020-07-16 21:58:17,917 [org.apache.hadoop.util.JvmPauseMonitor$Monitor@65f4e133] INFO  util.JvmPauseMonitor (JvmPauseMonitor.java:run(188)) - Starting JVM pause monitor
2020-07-16 21:58:17,917 [Listener at 127.0.0.1/46707] INFO  volume.HddsVolumeChecker (HddsVolumeChecker.java:checkAllVolumes(200)) - Scheduled health check for volume /github/workspace/mnt/ozone/hadoop-ozone/integration-test/target/test-dir/MiniOzoneClusterImpl-a7962e3b-f01b-438a-a70b-bc4bb46fea7a/datanode-7/data-0/containers/hdds
2020-07-16 21:58:17,933 [Listener at 127.0.0.1/46707] INFO  impl.RaftServerProxy (ConfUtils.java:logGet(44)) - raft.rpc.type = GRPC (default)
2020-07-16 21:58:17,933 [Listener at 127.0.0.1/46707] INFO  grpc.GrpcFactory (GrpcFactory.java:checkPooledByteBufAllocatorUseCacheForAllThreads(45)) - PERFORMANCE WARNING: useCacheForAllThreads is true that may cause Netty to create a lot garbage objects and, as a result, trigger GC.
	It is recommended to disable useCacheForAllThreads by setting -Dorg.apache.ratis.thirdparty.io.netty.allocator.useCacheForAllThreads=false in command line.
2020-07-16 21:58:17,933 [Listener at 127.0.0.1/46707] INFO  grpc.GrpcConfigKeys (ConfUtils.java:logGet(44)) - raft.grpc.server.port = 0 (default)
2020-07-16 21:58:17,933 [Listener at 127.0.0.1/46707] INFO  server.GrpcService (ConfUtils.java:logGet(44)) - raft.grpc.message.size.max = 32MB (=33554432) (custom)
2020-07-16 21:58:17,933 [Listener at 127.0.0.1/46707] INFO  server.RaftServerConfigKeys (ConfUtils.java:logGet(44)) - raft.server.log.appender.buffer.byte-limit = 33554432 (custom)
2020-07-16 21:58:17,934 [Listener at 127.0.0.1/46707] INFO  server.GrpcService (ConfUtils.java:logGet(44)) - raft.grpc.flow.control.window = 5MB (=5242880) (custom)
2020-07-16 21:58:17,934 [Listener at 127.0.0.1/46707] INFO  server.RaftServerConfigKeys (ConfUtils.java:logGet(44)) - raft.server.rpc.request.timeout = 3000ms (default)
2020-07-16 21:58:17,935 [Listener at 127.0.0.1/46707] INFO  server.RaftServerConfigKeys (ConfUtils.java:logGet(44)) - raft.server.storage.dir = [/github/workspace/mnt/ozone/hadoop-ozone/integration-test/target/test-dir/MiniOzoneClusterImpl-a7962e3b-f01b-438a-a70b-bc4bb46fea7a/datanode-7/data/ratis] (custom)
2020-07-16 21:58:17,943 [Listener at 127.0.0.1/46707] INFO  http.BaseHttpServer (BaseHttpServer.java:newHttpServer2BuilderForOzone(207)) - Starting Web-server for hddsDatanode at: http://0.0.0.0:0
2020-07-16 21:58:17,943 [Listener at 127.0.0.1/46707] INFO  http.BaseHttpServer (BaseHttpServer.java:<init>(106)) - Hadoop Security Enabled: false Ozone Security Enabled: false Ozone HTTP Security Enabled: false 
2020-07-16 21:58:17,944 [Listener at 127.0.0.1/46707] INFO  server.AuthenticationFilter (AuthenticationFilter.java:constructSecretProvider(240)) - Unable to initialize FileSignerSecretProvider, falling back to use random secrets.
2020-07-16 21:58:17,945 [Listener at 127.0.0.1/46707] WARN  http.HttpRequestLog (HttpRequestLog.java:getRequestLog(103)) - Jetty request log can only be enabled using Log4j
2020-07-16 21:58:17,945 [Listener at 127.0.0.1/46707] INFO  http.HttpServer2 (HttpServer2.java:addGlobalFilter(998)) - Added global filter 'safety' (class=org.apache.hadoop.hdds.server.http.HttpServer2$QuotingInputFilter)
2020-07-16 21:58:17,946 [Listener at 127.0.0.1/46707] INFO  http.HttpServer2 (HttpServer2.java:addFilter(974)) - Added filter static_user_filter (class=org.apache.hadoop.http.lib.StaticUserWebFilter$StaticUserFilter) to context hddsDatanode
2020-07-16 21:58:17,946 [Listener at 127.0.0.1/46707] INFO  http.HttpServer2 (HttpServer2.java:addFilter(982)) - Added filter static_user_filter (class=org.apache.hadoop.http.lib.StaticUserWebFilter$StaticUserFilter) to context logs
2020-07-16 21:58:17,946 [Listener at 127.0.0.1/46707] INFO  http.HttpServer2 (HttpServer2.java:addFilter(982)) - Added filter static_user_filter (class=org.apache.hadoop.http.lib.StaticUserWebFilter$StaticUserFilter) to context static
2020-07-16 21:58:17,946 [Listener at 127.0.0.1/46707] INFO  http.HttpServer2 (HttpServer2.java:bindListener(1216)) - Jetty bound to port 45283
2020-07-16 21:58:17,947 [Listener at 127.0.0.1/46707] INFO  server.Server (Server.java:doStart(359)) - jetty-9.4.26.v20200117; built: 2020-01-17T12:35:33.676Z; git: 7b38981d25d14afb4a12ff1f2596756144edf695; jvm 1.8.0_232-b09
2020-07-16 21:58:17,948 [Listener at 127.0.0.1/46707] INFO  server.session (DefaultSessionIdManager.java:doStart(333)) - DefaultSessionIdManager workerName=node0
2020-07-16 21:58:17,948 [Listener at 127.0.0.1/46707] INFO  server.session (DefaultSessionIdManager.java:doStart(338)) - No SessionScavenger set, using defaults
2020-07-16 21:58:17,948 [Listener at 127.0.0.1/46707] INFO  server.session (HouseKeeper.java:startScavenging(140)) - node0 Scavenging every 660000ms
2020-07-16 21:58:17,949 [Listener at 127.0.0.1/46707] INFO  handler.ContextHandler (ContextHandler.java:doStart(825)) - Started o.e.j.s.ServletContextHandler@413d15d5{logs,/logs,file:///github/workspace/mnt/ozone/hadoop-ozone/integration-test/target/log,AVAILABLE}
2020-07-16 21:58:17,949 [Listener at 127.0.0.1/46707] INFO  handler.ContextHandler (ContextHandler.java:doStart(825)) - Started o.e.j.s.ServletContextHandler@247c43c6{static,/static,jar:file:/home/user/.m2/repository/org/apache/hadoop/hadoop-hdds-container-service/0.6.0-SNAPSHOT/hadoop-hdds-container-service-0.6.0-SNAPSHOT.jar!/webapps/static,AVAILABLE}
2020-07-16 21:58:18,024 [Listener at 127.0.0.1/46707] INFO  handler.ContextHandler (ContextHandler.java:doStart(825)) - Started o.e.j.w.WebAppContext@6f2d77e9{hddsDatanode,/,file:///tmp/jetty-0_0_0_0-45283-hadoop-hdds-container-service-0_6_0-SNAPSHOT_jar-_-any-5491146270653449850.dir/webapp/,AVAILABLE}{jar:file:/home/user/.m2/repository/org/apache/hadoop/hadoop-hdds-container-service/0.6.0-SNAPSHOT/hadoop-hdds-container-service-0.6.0-SNAPSHOT.jar!/webapps/hddsDatanode}
2020-07-16 21:58:18,028 [Listener at 127.0.0.1/46707] INFO  server.AbstractConnector (AbstractConnector.java:doStart(330)) - Started ServerConnector@2989e190{HTTP/1.1,[http/1.1]}{0.0.0.0:45283}
2020-07-16 21:58:18,029 [Listener at 127.0.0.1/46707] INFO  server.Server (Server.java:doStart(399)) - Started @140267ms
2020-07-16 21:58:18,029 [Listener at 127.0.0.1/46707] WARN  impl.MetricsSystemImpl (MetricsSystemImpl.java:register(276)) - Sink prometheus already exists!
2020-07-16 21:58:18,038 [Listener at 127.0.0.1/46707] INFO  http.BaseHttpServer (BaseHttpServer.java:updateConnectorAddress(327)) - HTTP server of hddsDatanode listening at http://0.0.0.0:45283
2020-07-16 21:58:18,041 [Listener at 127.0.0.1/46707] INFO  impl.MetricsSystemImpl (MetricsSystemImpl.java:init(158)) - HddsDatanode metrics system started (again)
2020-07-16 21:58:18,043 [Listener at 127.0.0.1/46707] INFO  ozone.HddsDatanodeService (HddsDatanodeService.java:start(214)) - HddsDatanodeService host:996f77e42fba ip:172.17.0.2
2020-07-16 21:58:18,044 [org.apache.hadoop.util.JvmPauseMonitor$Monitor@32ac31c] INFO  util.JvmPauseMonitor (JvmPauseMonitor.java:run(188)) - Starting JVM pause monitor
2020-07-16 21:58:18,045 [Listener at 127.0.0.1/46707] INFO  volume.HddsVolume (HddsVolume.java:<init>(176)) - Creating Volume: /github/workspace/mnt/ozone/hadoop-ozone/integration-test/target/test-dir/MiniOzoneClusterImpl-a7962e3b-f01b-438a-a70b-bc4bb46fea7a/datanode-8/data-0/containers/hdds of storage type : DISK and capacity : 9223372036854775807
2020-07-16 21:58:18,045 [Listener at 127.0.0.1/46707] INFO  volume.MutableVolumeSet (MutableVolumeSet.java:initializeVolumeSet(179)) - Added Volume : /github/workspace/mnt/ozone/hadoop-ozone/integration-test/target/test-dir/MiniOzoneClusterImpl-a7962e3b-f01b-438a-a70b-bc4bb46fea7a/datanode-8/data-0/containers/hdds to VolumeSet
2020-07-16 21:58:18,045 [Listener at 127.0.0.1/46707] INFO  volume.ThrottledAsyncChecker (ThrottledAsyncChecker.java:schedule(141)) - Scheduling a check for /github/workspace/mnt/ozone/hadoop-ozone/integration-test/target/test-dir/MiniOzoneClusterImpl-a7962e3b-f01b-438a-a70b-bc4bb46fea7a/datanode-8/data-0/containers/hdds
2020-07-16 21:58:18,049 [Datanode State Machine Thread - 0] INFO  datanode.InitDatanodeState (InitDatanodeState.java:persistContainerDatanodeDetails(145)) - DatanodeDetails is persisted to /github/workspace/mnt/ozone/hadoop-ozone/integration-test/target/test-dir/MiniOzoneClusterImpl-a7962e3b-f01b-438a-a70b-bc4bb46fea7a/datanode-7/meta/datanode.id
2020-07-16 21:58:18,050 [Listener at 127.0.0.1/46707] INFO  volume.HddsVolumeChecker (HddsVolumeChecker.java:checkAllVolumes(200)) - Scheduled health check for volume /github/workspace/mnt/ozone/hadoop-ozone/integration-test/target/test-dir/MiniOzoneClusterImpl-a7962e3b-f01b-438a-a70b-bc4bb46fea7a/datanode-8/data-0/containers/hdds
2020-07-16 21:58:18,065 [Listener at 127.0.0.1/46707] INFO  impl.RaftServerProxy (ConfUtils.java:logGet(44)) - raft.rpc.type = GRPC (default)
2020-07-16 21:58:18,065 [Listener at 127.0.0.1/46707] INFO  grpc.GrpcFactory (GrpcFactory.java:checkPooledByteBufAllocatorUseCacheForAllThreads(45)) - PERFORMANCE WARNING: useCacheForAllThreads is true that may cause Netty to create a lot garbage objects and, as a result, trigger GC.
	It is recommended to disable useCacheForAllThreads by setting -Dorg.apache.ratis.thirdparty.io.netty.allocator.useCacheForAllThreads=false in command line.
2020-07-16 21:58:18,065 [Listener at 127.0.0.1/46707] INFO  grpc.GrpcConfigKeys (ConfUtils.java:logGet(44)) - raft.grpc.server.port = 0 (default)
2020-07-16 21:58:18,066 [Listener at 127.0.0.1/46707] INFO  server.GrpcService (ConfUtils.java:logGet(44)) - raft.grpc.message.size.max = 32MB (=33554432) (custom)
2020-07-16 21:58:18,066 [Listener at 127.0.0.1/46707] INFO  server.RaftServerConfigKeys (ConfUtils.java:logGet(44)) - raft.server.log.appender.buffer.byte-limit = 33554432 (custom)
2020-07-16 21:58:18,066 [Listener at 127.0.0.1/46707] INFO  server.GrpcService (ConfUtils.java:logGet(44)) - raft.grpc.flow.control.window = 5MB (=5242880) (custom)
2020-07-16 21:58:18,066 [Listener at 127.0.0.1/46707] INFO  server.RaftServerConfigKeys (ConfUtils.java:logGet(44)) - raft.server.rpc.request.timeout = 3000ms (default)
2020-07-16 21:58:18,067 [Listener at 127.0.0.1/46707] INFO  server.RaftServerConfigKeys (ConfUtils.java:logGet(44)) - raft.server.storage.dir = [/github/workspace/mnt/ozone/hadoop-ozone/integration-test/target/test-dir/MiniOzoneClusterImpl-a7962e3b-f01b-438a-a70b-bc4bb46fea7a/datanode-8/data/ratis] (custom)
2020-07-16 21:58:18,076 [Listener at 127.0.0.1/46707] INFO  http.BaseHttpServer (BaseHttpServer.java:newHttpServer2BuilderForOzone(207)) - Starting Web-server for hddsDatanode at: http://0.0.0.0:0
2020-07-16 21:58:18,076 [Listener at 127.0.0.1/46707] INFO  http.BaseHttpServer (BaseHttpServer.java:<init>(106)) - Hadoop Security Enabled: false Ozone Security Enabled: false Ozone HTTP Security Enabled: false 
2020-07-16 21:58:18,077 [Listener at 127.0.0.1/46707] INFO  server.AuthenticationFilter (AuthenticationFilter.java:constructSecretProvider(240)) - Unable to initialize FileSignerSecretProvider, falling back to use random secrets.
2020-07-16 21:58:18,078 [Listener at 127.0.0.1/46707] WARN  http.HttpRequestLog (HttpRequestLog.java:getRequestLog(103)) - Jetty request log can only be enabled using Log4j
2020-07-16 21:58:18,078 [Listener at 127.0.0.1/46707] INFO  http.HttpServer2 (HttpServer2.java:addGlobalFilter(998)) - Added global filter 'safety' (class=org.apache.hadoop.hdds.server.http.HttpServer2$QuotingInputFilter)
2020-07-16 21:58:18,079 [Listener at 127.0.0.1/46707] INFO  http.HttpServer2 (HttpServer2.java:addFilter(974)) - Added filter static_user_filter (class=org.apache.hadoop.http.lib.StaticUserWebFilter$StaticUserFilter) to context hddsDatanode
2020-07-16 21:58:18,079 [Listener at 127.0.0.1/46707] INFO  http.HttpServer2 (HttpServer2.java:addFilter(982)) - Added filter static_user_filter (class=org.apache.hadoop.http.lib.StaticUserWebFilter$StaticUserFilter) to context static
2020-07-16 21:58:18,079 [Listener at 127.0.0.1/46707] INFO  http.HttpServer2 (HttpServer2.java:addFilter(982)) - Added filter static_user_filter (class=org.apache.hadoop.http.lib.StaticUserWebFilter$StaticUserFilter) to context logs
2020-07-16 21:58:18,080 [Listener at 127.0.0.1/46707] INFO  http.HttpServer2 (HttpServer2.java:bindListener(1216)) - Jetty bound to port 37481
2020-07-16 21:58:18,080 [Listener at 127.0.0.1/46707] INFO  server.Server (Server.java:doStart(359)) - jetty-9.4.26.v20200117; built: 2020-01-17T12:35:33.676Z; git: 7b38981d25d14afb4a12ff1f2596756144edf695; jvm 1.8.0_232-b09
2020-07-16 21:58:18,082 [Listener at 127.0.0.1/46707] INFO  server.session (DefaultSessionIdManager.java:doStart(333)) - DefaultSessionIdManager workerName=node0
2020-07-16 21:58:18,082 [Listener at 127.0.0.1/46707] INFO  server.session (DefaultSessionIdManager.java:doStart(338)) - No SessionScavenger set, using defaults
2020-07-16 21:58:18,082 [Listener at 127.0.0.1/46707] INFO  server.session (HouseKeeper.java:startScavenging(140)) - node0 Scavenging every 660000ms
2020-07-16 21:58:18,083 [Listener at 127.0.0.1/46707] INFO  handler.ContextHandler (ContextHandler.java:doStart(825)) - Started o.e.j.s.ServletContextHandler@6516a5e9{logs,/logs,file:///github/workspace/mnt/ozone/hadoop-ozone/integration-test/target/log,AVAILABLE}
2020-07-16 21:58:18,083 [Listener at 127.0.0.1/46707] INFO  handler.ContextHandler (ContextHandler.java:doStart(825)) - Started o.e.j.s.ServletContextHandler@72602969{static,/static,jar:file:/home/user/.m2/repository/org/apache/hadoop/hadoop-hdds-container-service/0.6.0-SNAPSHOT/hadoop-hdds-container-service-0.6.0-SNAPSHOT.jar!/webapps/static,AVAILABLE}
2020-07-16 21:58:18,159 [Listener at 127.0.0.1/46707] INFO  handler.ContextHandler (ContextHandler.java:doStart(825)) - Started o.e.j.w.WebAppContext@b753aa5{hddsDatanode,/,file:///tmp/jetty-0_0_0_0-37481-hadoop-hdds-container-service-0_6_0-SNAPSHOT_jar-_-any-8360088024610560854.dir/webapp/,AVAILABLE}{jar:file:/home/user/.m2/repository/org/apache/hadoop/hadoop-hdds-container-service/0.6.0-SNAPSHOT/hadoop-hdds-container-service-0.6.0-SNAPSHOT.jar!/webapps/hddsDatanode}
2020-07-16 21:58:18,161 [Listener at 127.0.0.1/46707] INFO  server.AbstractConnector (AbstractConnector.java:doStart(330)) - Started ServerConnector@4358797d{HTTP/1.1,[http/1.1]}{0.0.0.0:37481}
2020-07-16 21:58:18,161 [Listener at 127.0.0.1/46707] INFO  server.Server (Server.java:doStart(399)) - Started @140399ms
2020-07-16 21:58:18,161 [Listener at 127.0.0.1/46707] WARN  impl.MetricsSystemImpl (MetricsSystemImpl.java:register(276)) - Sink prometheus already exists!
2020-07-16 21:58:18,171 [Listener at 127.0.0.1/46707] INFO  http.BaseHttpServer (BaseHttpServer.java:updateConnectorAddress(327)) - HTTP server of hddsDatanode listening at http://0.0.0.0:37481
2020-07-16 21:58:18,173 [Listener at 127.0.0.1/46707] INFO  ozone.MiniOzoneClusterImpl (MiniOzoneClusterImpl.java:lambda$waitForClusterToBeReady$0(177)) - Waiting for nodes to be ready. Got 0 of 9 DN Heartbeats.
2020-07-16 21:58:18,173 [Listener at 127.0.0.1/46707] INFO  ozone.MiniOzoneClusterImpl (MiniOzoneClusterImpl.java:lambda$waitForClusterToBeReady$0(180)) - Waiting for cluster to exit safe mode
2020-07-16 21:58:18,177 [org.apache.hadoop.util.JvmPauseMonitor$Monitor@6f1aa1ff] INFO  util.JvmPauseMonitor (JvmPauseMonitor.java:run(188)) - Starting JVM pause monitor
2020-07-16 21:58:18,177 [Datanode State Machine Thread - 0] INFO  datanode.InitDatanodeState (InitDatanodeState.java:persistContainerDatanodeDetails(145)) - DatanodeDetails is persisted to /github/workspace/mnt/ozone/hadoop-ozone/integration-test/target/test-dir/MiniOzoneClusterImpl-a7962e3b-f01b-438a-a70b-bc4bb46fea7a/datanode-8/meta/datanode.id
2020-07-16 21:58:19,158 [Datanode State Machine Thread - 0] INFO  ozoneimpl.OzoneContainer (OzoneContainer.java:start(233)) - Attempting to start container services.
2020-07-16 21:58:19,159 [Datanode State Machine Thread - 0] INFO  ozoneimpl.OzoneContainer (OzoneContainer.java:startContainerScrub(197)) - Background container scanner has been disabled.
2020-07-16 21:58:19,159 [Datanode State Machine Thread - 0] INFO  ratis.XceiverServerRatis (XceiverServerRatis.java:start(438)) - Starting XceiverServerRatis 29df65de-cb89-45e9-879e-f172419ab480 at port 0
2020-07-16 21:58:19,160 [Datanode State Machine Thread - 0] INFO  impl.RaftServerProxy (RaftServerProxy.java:lambda$start$3(304)) - 29df65de-cb89-45e9-879e-f172419ab480: start RPC server
2020-07-16 21:58:19,161 [Datanode State Machine Thread - 0] INFO  server.GrpcService (GrpcService.java:startImpl(160)) - 29df65de-cb89-45e9-879e-f172419ab480: GrpcService started, listening on 0.0.0.0/0.0.0.0:39233
2020-07-16 21:58:19,161 [Datanode State Machine Thread - 0] INFO  ratis.XceiverServerRatis (XceiverServerRatis.java:start(450)) - XceiverServerRatis 29df65de-cb89-45e9-879e-f172419ab480 is started using port 39233
2020-07-16 21:58:19,161 [Datanode State Machine Thread - 0] INFO  server.XceiverServerGrpc (XceiverServerGrpc.java:start(145)) - XceiverServerGrpc 29df65de-cb89-45e9-879e-f172419ab480 is started using port 42297
2020-07-16 21:58:19,174 [Listener at 127.0.0.1/46707] INFO  ozone.MiniOzoneClusterImpl (MiniOzoneClusterImpl.java:lambda$waitForClusterToBeReady$0(177)) - Waiting for nodes to be ready. Got 0 of 9 DN Heartbeats.
2020-07-16 21:58:19,174 [Listener at 127.0.0.1/46707] INFO  ozone.MiniOzoneClusterImpl (MiniOzoneClusterImpl.java:lambda$waitForClusterToBeReady$0(180)) - Waiting for cluster to exit safe mode
2020-07-16 21:58:19,293 [Datanode State Machine Thread - 0] INFO  ozoneimpl.OzoneContainer (OzoneContainer.java:start(233)) - Attempting to start container services.
2020-07-16 21:58:19,293 [Datanode State Machine Thread - 0] INFO  ozoneimpl.OzoneContainer (OzoneContainer.java:startContainerScrub(197)) - Background container scanner has been disabled.
2020-07-16 21:58:19,293 [Datanode State Machine Thread - 0] INFO  ratis.XceiverServerRatis (XceiverServerRatis.java:start(438)) - Starting XceiverServerRatis 0cd7fb39-f112-4f4e-916c-e67208469a58 at port 0
2020-07-16 21:58:19,294 [Datanode State Machine Thread - 0] INFO  impl.RaftServerProxy (RaftServerProxy.java:lambda$start$3(304)) - 0cd7fb39-f112-4f4e-916c-e67208469a58: start RPC server
2020-07-16 21:58:19,295 [Datanode State Machine Thread - 0] INFO  server.GrpcService (GrpcService.java:startImpl(160)) - 0cd7fb39-f112-4f4e-916c-e67208469a58: GrpcService started, listening on 0.0.0.0/0.0.0.0:44789
2020-07-16 21:58:19,295 [Datanode State Machine Thread - 0] INFO  ratis.XceiverServerRatis (XceiverServerRatis.java:start(450)) - XceiverServerRatis 0cd7fb39-f112-4f4e-916c-e67208469a58 is started using port 44789
2020-07-16 21:58:19,296 [Datanode State Machine Thread - 0] INFO  server.XceiverServerGrpc (XceiverServerGrpc.java:start(145)) - XceiverServerGrpc 0cd7fb39-f112-4f4e-916c-e67208469a58 is started using port 35321
2020-07-16 21:58:19,404 [Datanode State Machine Thread - 0] INFO  ozoneimpl.OzoneContainer (OzoneContainer.java:start(233)) - Attempting to start container services.
2020-07-16 21:58:19,404 [Datanode State Machine Thread - 0] INFO  ozoneimpl.OzoneContainer (OzoneContainer.java:startContainerScrub(197)) - Background container scanner has been disabled.
2020-07-16 21:58:19,404 [Datanode State Machine Thread - 0] INFO  ratis.XceiverServerRatis (XceiverServerRatis.java:start(438)) - Starting XceiverServerRatis 4c89fc7b-ea3a-41c4-95af-82e0047110c2 at port 0
2020-07-16 21:58:19,405 [Datanode State Machine Thread - 0] INFO  impl.RaftServerProxy (RaftServerProxy.java:lambda$start$3(304)) - 4c89fc7b-ea3a-41c4-95af-82e0047110c2: start RPC server
2020-07-16 21:58:19,407 [Datanode State Machine Thread - 0] INFO  server.GrpcService (GrpcService.java:startImpl(160)) - 4c89fc7b-ea3a-41c4-95af-82e0047110c2: GrpcService started, listening on 0.0.0.0/0.0.0.0:38513
2020-07-16 21:58:19,407 [Datanode State Machine Thread - 0] INFO  ratis.XceiverServerRatis (XceiverServerRatis.java:start(450)) - XceiverServerRatis 4c89fc7b-ea3a-41c4-95af-82e0047110c2 is started using port 38513
2020-07-16 21:58:19,408 [Datanode State Machine Thread - 0] INFO  server.XceiverServerGrpc (XceiverServerGrpc.java:start(145)) - XceiverServerGrpc 4c89fc7b-ea3a-41c4-95af-82e0047110c2 is started using port 34393
2020-07-16 21:58:19,532 [Datanode State Machine Thread - 0] INFO  ozoneimpl.OzoneContainer (OzoneContainer.java:start(233)) - Attempting to start container services.
2020-07-16 21:58:19,533 [Datanode State Machine Thread - 0] INFO  ozoneimpl.OzoneContainer (OzoneContainer.java:startContainerScrub(197)) - Background container scanner has been disabled.
2020-07-16 21:58:19,533 [Datanode State Machine Thread - 0] INFO  ratis.XceiverServerRatis (XceiverServerRatis.java:start(438)) - Starting XceiverServerRatis eaaa25a0-e74b-44c9-ae3d-9e81de8ecf32 at port 0
2020-07-16 21:58:19,534 [Datanode State Machine Thread - 0] INFO  impl.RaftServerProxy (RaftServerProxy.java:lambda$start$3(304)) - eaaa25a0-e74b-44c9-ae3d-9e81de8ecf32: start RPC server
2020-07-16 21:58:19,535 [Datanode State Machine Thread - 0] INFO  server.GrpcService (GrpcService.java:startImpl(160)) - eaaa25a0-e74b-44c9-ae3d-9e81de8ecf32: GrpcService started, listening on 0.0.0.0/0.0.0.0:34731
2020-07-16 21:58:19,535 [Datanode State Machine Thread - 0] INFO  ratis.XceiverServerRatis (XceiverServerRatis.java:start(450)) - XceiverServerRatis eaaa25a0-e74b-44c9-ae3d-9e81de8ecf32 is started using port 34731
2020-07-16 21:58:19,535 [Datanode State Machine Thread - 0] INFO  server.XceiverServerGrpc (XceiverServerGrpc.java:start(145)) - XceiverServerGrpc eaaa25a0-e74b-44c9-ae3d-9e81de8ecf32 is started using port 35235
2020-07-16 21:58:19,647 [Datanode State Machine Thread - 0] INFO  ozoneimpl.OzoneContainer (OzoneContainer.java:start(233)) - Attempting to start container services.
2020-07-16 21:58:19,647 [Datanode State Machine Thread - 0] INFO  ozoneimpl.OzoneContainer (OzoneContainer.java:startContainerScrub(197)) - Background container scanner has been disabled.
2020-07-16 21:58:19,647 [Datanode State Machine Thread - 0] INFO  ratis.XceiverServerRatis (XceiverServerRatis.java:start(438)) - Starting XceiverServerRatis fed52763-551e-41ff-9d0c-bcac1cecd791 at port 0
2020-07-16 21:58:19,648 [Datanode State Machine Thread - 0] INFO  impl.RaftServerProxy (RaftServerProxy.java:lambda$start$3(304)) - fed52763-551e-41ff-9d0c-bcac1cecd791: start RPC server
2020-07-16 21:58:19,649 [Datanode State Machine Thread - 0] INFO  server.GrpcService (GrpcService.java:startImpl(160)) - fed52763-551e-41ff-9d0c-bcac1cecd791: GrpcService started, listening on 0.0.0.0/0.0.0.0:46417
2020-07-16 21:58:19,649 [Datanode State Machine Thread - 0] INFO  ratis.XceiverServerRatis (XceiverServerRatis.java:start(450)) - XceiverServerRatis fed52763-551e-41ff-9d0c-bcac1cecd791 is started using port 46417
2020-07-16 21:58:19,651 [Datanode State Machine Thread - 0] INFO  server.XceiverServerGrpc (XceiverServerGrpc.java:start(145)) - XceiverServerGrpc fed52763-551e-41ff-9d0c-bcac1cecd791 is started using port 37883
2020-07-16 21:58:19,782 [Datanode State Machine Thread - 0] INFO  ozoneimpl.OzoneContainer (OzoneContainer.java:start(233)) - Attempting to start container services.
2020-07-16 21:58:19,782 [Datanode State Machine Thread - 0] INFO  ozoneimpl.OzoneContainer (OzoneContainer.java:startContainerScrub(197)) - Background container scanner has been disabled.
2020-07-16 21:58:19,782 [Datanode State Machine Thread - 0] INFO  ratis.XceiverServerRatis (XceiverServerRatis.java:start(438)) - Starting XceiverServerRatis b6196858-fcec-41fa-b0a0-ecf9f0ef7020 at port 0
2020-07-16 21:58:19,783 [Datanode State Machine Thread - 0] INFO  impl.RaftServerProxy (RaftServerProxy.java:lambda$start$3(304)) - b6196858-fcec-41fa-b0a0-ecf9f0ef7020: start RPC server
2020-07-16 21:58:19,784 [Datanode State Machine Thread - 0] INFO  server.GrpcService (GrpcService.java:startImpl(160)) - b6196858-fcec-41fa-b0a0-ecf9f0ef7020: GrpcService started, listening on 0.0.0.0/0.0.0.0:35785
2020-07-16 21:58:19,784 [Datanode State Machine Thread - 0] INFO  ratis.XceiverServerRatis (XceiverServerRatis.java:start(450)) - XceiverServerRatis b6196858-fcec-41fa-b0a0-ecf9f0ef7020 is started using port 35785
2020-07-16 21:58:19,784 [Datanode State Machine Thread - 0] INFO  server.XceiverServerGrpc (XceiverServerGrpc.java:start(145)) - XceiverServerGrpc b6196858-fcec-41fa-b0a0-ecf9f0ef7020 is started using port 35825
2020-07-16 21:58:19,918 [Datanode State Machine Thread - 0] INFO  ozoneimpl.OzoneContainer (OzoneContainer.java:start(233)) - Attempting to start container services.
2020-07-16 21:58:19,919 [Datanode State Machine Thread - 0] INFO  ozoneimpl.OzoneContainer (OzoneContainer.java:startContainerScrub(197)) - Background container scanner has been disabled.
2020-07-16 21:58:19,919 [Datanode State Machine Thread - 0] INFO  ratis.XceiverServerRatis (XceiverServerRatis.java:start(438)) - Starting XceiverServerRatis c1d5e687-c863-4f42-9bf6-d3ee3c6f8869 at port 0
2020-07-16 21:58:19,920 [Datanode State Machine Thread - 0] INFO  impl.RaftServerProxy (RaftServerProxy.java:lambda$start$3(304)) - c1d5e687-c863-4f42-9bf6-d3ee3c6f8869: start RPC server
2020-07-16 21:58:19,920 [Datanode State Machine Thread - 0] INFO  server.GrpcService (GrpcService.java:startImpl(160)) - c1d5e687-c863-4f42-9bf6-d3ee3c6f8869: GrpcService started, listening on 0.0.0.0/0.0.0.0:39659
2020-07-16 21:58:19,921 [Datanode State Machine Thread - 0] INFO  ratis.XceiverServerRatis (XceiverServerRatis.java:start(450)) - XceiverServerRatis c1d5e687-c863-4f42-9bf6-d3ee3c6f8869 is started using port 39659
2020-07-16 21:58:19,922 [Datanode State Machine Thread - 0] INFO  server.XceiverServerGrpc (XceiverServerGrpc.java:start(145)) - XceiverServerGrpc c1d5e687-c863-4f42-9bf6-d3ee3c6f8869 is started using port 43157
2020-07-16 21:58:20,047 [Datanode State Machine Thread - 0] INFO  ozoneimpl.OzoneContainer (OzoneContainer.java:start(233)) - Attempting to start container services.
2020-07-16 21:58:20,047 [Datanode State Machine Thread - 0] INFO  ozoneimpl.OzoneContainer (OzoneContainer.java:startContainerScrub(197)) - Background container scanner has been disabled.
2020-07-16 21:58:20,047 [Datanode State Machine Thread - 0] INFO  ratis.XceiverServerRatis (XceiverServerRatis.java:start(438)) - Starting XceiverServerRatis 0e9f6704-3ceb-4f07-bcaa-7e71693368ff at port 0
2020-07-16 21:58:20,048 [Datanode State Machine Thread - 0] INFO  impl.RaftServerProxy (RaftServerProxy.java:lambda$start$3(304)) - 0e9f6704-3ceb-4f07-bcaa-7e71693368ff: start RPC server
2020-07-16 21:58:20,051 [Datanode State Machine Thread - 0] INFO  server.GrpcService (GrpcService.java:startImpl(160)) - 0e9f6704-3ceb-4f07-bcaa-7e71693368ff: GrpcService started, listening on 0.0.0.0/0.0.0.0:34181
2020-07-16 21:58:20,051 [Datanode State Machine Thread - 0] INFO  ratis.XceiverServerRatis (XceiverServerRatis.java:start(450)) - XceiverServerRatis 0e9f6704-3ceb-4f07-bcaa-7e71693368ff is started using port 34181
2020-07-16 21:58:20,051 [Datanode State Machine Thread - 0] INFO  server.XceiverServerGrpc (XceiverServerGrpc.java:start(145)) - XceiverServerGrpc 0e9f6704-3ceb-4f07-bcaa-7e71693368ff is started using port 44139
2020-07-16 21:58:20,174 [Listener at 127.0.0.1/46707] INFO  ozone.MiniOzoneClusterImpl (MiniOzoneClusterImpl.java:lambda$waitForClusterToBeReady$0(177)) - Waiting for nodes to be ready. Got 0 of 9 DN Heartbeats.
2020-07-16 21:58:20,174 [Listener at 127.0.0.1/46707] INFO  ozone.MiniOzoneClusterImpl (MiniOzoneClusterImpl.java:lambda$waitForClusterToBeReady$0(180)) - Waiting for cluster to exit safe mode
2020-07-16 21:58:20,180 [Datanode State Machine Thread - 0] INFO  ozoneimpl.OzoneContainer (OzoneContainer.java:start(233)) - Attempting to start container services.
2020-07-16 21:58:20,180 [Datanode State Machine Thread - 0] INFO  ozoneimpl.OzoneContainer (OzoneContainer.java:startContainerScrub(197)) - Background container scanner has been disabled.
2020-07-16 21:58:20,180 [Datanode State Machine Thread - 0] INFO  ratis.XceiverServerRatis (XceiverServerRatis.java:start(438)) - Starting XceiverServerRatis 4fdb1b49-2d71-4bdb-a206-e5cdb26d09c4 at port 0
2020-07-16 21:58:20,181 [Datanode State Machine Thread - 0] INFO  impl.RaftServerProxy (RaftServerProxy.java:lambda$start$3(304)) - 4fdb1b49-2d71-4bdb-a206-e5cdb26d09c4: start RPC server
2020-07-16 21:58:20,182 [Datanode State Machine Thread - 0] INFO  server.GrpcService (GrpcService.java:startImpl(160)) - 4fdb1b49-2d71-4bdb-a206-e5cdb26d09c4: GrpcService started, listening on 0.0.0.0/0.0.0.0:42815
2020-07-16 21:58:20,182 [Datanode State Machine Thread - 0] INFO  ratis.XceiverServerRatis (XceiverServerRatis.java:start(450)) - XceiverServerRatis 4fdb1b49-2d71-4bdb-a206-e5cdb26d09c4 is started using port 42815
2020-07-16 21:58:20,182 [Datanode State Machine Thread - 0] INFO  server.XceiverServerGrpc (XceiverServerGrpc.java:start(145)) - XceiverServerGrpc 4fdb1b49-2d71-4bdb-a206-e5cdb26d09c4 is started using port 37511
2020-07-16 21:58:21,153 [IPC Server handler 3 on default port 35013] INFO  net.NetworkTopology (NetworkTopologyImpl.java:add(111)) - Added a new node: /default-rack/29df65de-cb89-45e9-879e-f172419ab480
2020-07-16 21:58:21,154 [IPC Server handler 3 on default port 35013] INFO  node.SCMNodeManager (SCMNodeManager.java:register(273)) - Registered Data node : 29df65de-cb89-45e9-879e-f172419ab480{ip: 172.17.0.2, host: 996f77e42fba, networkLocation: /default-rack, certSerialId: null}
2020-07-16 21:58:21,155 [RatisPipelineUtilsThread] INFO  pipeline.RatisPipelineProvider (RatisPipelineProvider.java:lambda$create$0(138)) - Sending CreatePipelineCommand for pipeline:PipelineID=42b826cb-8950-4c77-abd5-4b517198585d to datanode:29df65de-cb89-45e9-879e-f172419ab480
2020-07-16 21:58:21,156 [EventQueue-NodeRegistrationContainerReportForDataNodeSafeModeRule] INFO  safemode.SCMSafeModeManager (DataNodeSafeModeRule.java:process(71)) - SCM in safe mode. 1 DataNodes registered, 1 required.
2020-07-16 21:58:21,156 [EventQueue-NodeRegistrationContainerReportForDataNodeSafeModeRule] INFO  safemode.SCMSafeModeManager (SCMSafeModeManager.java:validateSafeModeExitRules(214)) - DataNodeSafeModeRule rule is successfully validated
2020-07-16 21:58:21,156 [EventQueue-NodeRegistrationContainerReportForDataNodeSafeModeRule] INFO  safemode.SCMSafeModeManager (SCMSafeModeManager.java:completePreCheck(242)) - All SCM safe mode pre check rules have passed
2020-07-16 21:58:21,156 [RatisPipelineUtilsThread] INFO  pipeline.PipelineStateManager (PipelineStateManager.java:addPipeline(54)) - Created pipeline Pipeline[ Id: 42b826cb-8950-4c77-abd5-4b517198585d, Nodes: 29df65de-cb89-45e9-879e-f172419ab480{ip: 172.17.0.2, host: 996f77e42fba, networkLocation: /default-rack, certSerialId: null}, Type:RATIS, Factor:ONE, State:ALLOCATED, leaderId:, CreationTimestamp2020-07-16T21:58:21.155Z]
2020-07-16 21:58:21,156 [RatisPipelineUtilsThread] ERROR pipeline.SCMPipelineManager (SCMPipelineManager.java:createPipeline(274)) - Failed to create pipeline of type RATIS and factor ONE. Exception: Cannot create pipeline of factor 1 using 0 nodes. Used 1 nodes. Healthy nodes 1
2020-07-16 21:58:21,156 [RatisPipelineUtilsThread] WARN  pipeline.PipelinePlacementPolicy (PipelinePlacementPolicy.java:filterViableNodes(133)) - Pipeline creation failed due to no sufficient healthy datanodes. Required 3. Found 1.
2020-07-16 21:58:21,156 [RatisPipelineUtilsThread] ERROR pipeline.SCMPipelineManager (SCMPipelineManager.java:createPipeline(274)) - Failed to create pipeline of type RATIS and factor THREE. Exception: Pipeline creation failed due to no sufficient healthy datanodes. Required 3. Found 1.
2020-07-16 21:58:21,157 [EventQueue-NodeRegistrationContainerReportForContainerSafeModeRule] INFO  safemode.SCMSafeModeManager (SCMSafeModeManager.java:validateSafeModeExitRules(214)) - ContainerSafeModeRule rule is successfully validated
2020-07-16 21:58:21,175 [Listener at 127.0.0.1/46707] INFO  ozone.MiniOzoneClusterImpl (MiniOzoneClusterImpl.java:lambda$waitForClusterToBeReady$0(177)) - Waiting for nodes to be ready. Got 1 of 9 DN Heartbeats.
2020-07-16 21:58:21,175 [Listener at 127.0.0.1/46707] INFO  ozone.MiniOzoneClusterImpl (MiniOzoneClusterImpl.java:lambda$waitForClusterToBeReady$0(180)) - Waiting for cluster to exit safe mode
2020-07-16 21:58:21,290 [IPC Server handler 2 on default port 35013] INFO  net.NetworkTopology (NetworkTopologyImpl.java:add(111)) - Added a new node: /default-rack/0cd7fb39-f112-4f4e-916c-e67208469a58
2020-07-16 21:58:21,290 [IPC Server handler 2 on default port 35013] INFO  node.SCMNodeManager (SCMNodeManager.java:register(273)) - Registered Data node : 0cd7fb39-f112-4f4e-916c-e67208469a58{ip: 172.17.0.2, host: 996f77e42fba, networkLocation: /default-rack, certSerialId: null}
2020-07-16 21:58:21,291 [RatisPipelineUtilsThread] INFO  pipeline.RatisPipelineProvider (RatisPipelineProvider.java:lambda$create$0(138)) - Sending CreatePipelineCommand for pipeline:PipelineID=b0d94970-4054-46b1-99fd-8085b57be6c1 to datanode:0cd7fb39-f112-4f4e-916c-e67208469a58
2020-07-16 21:58:21,291 [RatisPipelineUtilsThread] INFO  pipeline.PipelineStateManager (PipelineStateManager.java:addPipeline(54)) - Created pipeline Pipeline[ Id: b0d94970-4054-46b1-99fd-8085b57be6c1, Nodes: 0cd7fb39-f112-4f4e-916c-e67208469a58{ip: 172.17.0.2, host: 996f77e42fba, networkLocation: /default-rack, certSerialId: null}, Type:RATIS, Factor:ONE, State:ALLOCATED, leaderId:, CreationTimestamp2020-07-16T21:58:21.291Z]
2020-07-16 21:58:21,292 [RatisPipelineUtilsThread] ERROR pipeline.SCMPipelineManager (SCMPipelineManager.java:createPipeline(274)) - Failed to create pipeline of type RATIS and factor ONE. Exception: Cannot create pipeline of factor 1 using 0 nodes. Used 2 nodes. Healthy nodes 2
2020-07-16 21:58:21,292 [RatisPipelineUtilsThread] WARN  pipeline.PipelinePlacementPolicy (PipelinePlacementPolicy.java:filterViableNodes(133)) - Pipeline creation failed due to no sufficient healthy datanodes. Required 3. Found 2.
2020-07-16 21:58:21,292 [RatisPipelineUtilsThread] ERROR pipeline.SCMPipelineManager (SCMPipelineManager.java:createPipeline(274)) - Failed to create pipeline of type RATIS and factor THREE. Exception: Pipeline creation failed due to no sufficient healthy datanodes. Required 3. Found 2.
2020-07-16 21:58:21,293 [EventQueue-NodeRegistrationContainerReportForDataNodeSafeModeRule] INFO  safemode.SCMSafeModeManager (SCMSafeModeManager.java:validateSafeModeExitRules(214)) - DataNodeSafeModeRule rule is successfully validated
2020-07-16 21:58:21,293 [EventQueue-NodeRegistrationContainerReportForContainerSafeModeRule] INFO  safemode.SCMSafeModeManager (SCMSafeModeManager.java:validateSafeModeExitRules(214)) - ContainerSafeModeRule rule is successfully validated
2020-07-16 21:58:21,402 [IPC Server handler 4 on default port 35013] INFO  net.NetworkTopology (NetworkTopologyImpl.java:add(111)) - Added a new node: /default-rack/4c89fc7b-ea3a-41c4-95af-82e0047110c2
2020-07-16 21:58:21,402 [IPC Server handler 4 on default port 35013] INFO  node.SCMNodeManager (SCMNodeManager.java:register(273)) - Registered Data node : 4c89fc7b-ea3a-41c4-95af-82e0047110c2{ip: 172.17.0.2, host: 996f77e42fba, networkLocation: /default-rack, certSerialId: null}
2020-07-16 21:58:21,403 [EventQueue-NodeRegistrationContainerReportForDataNodeSafeModeRule] INFO  safemode.SCMSafeModeManager (SCMSafeModeManager.java:validateSafeModeExitRules(214)) - DataNodeSafeModeRule rule is successfully validated
2020-07-16 21:58:21,403 [EventQueue-NodeRegistrationContainerReportForContainerSafeModeRule] INFO  safemode.SCMSafeModeManager (SCMSafeModeManager.java:validateSafeModeExitRules(214)) - ContainerSafeModeRule rule is successfully validated
2020-07-16 21:58:21,404 [RatisPipelineUtilsThread] INFO  pipeline.RatisPipelineProvider (RatisPipelineProvider.java:lambda$create$0(138)) - Sending CreatePipelineCommand for pipeline:PipelineID=8c1d8211-36e8-4d41-83bf-19632b9c0a65 to datanode:4c89fc7b-ea3a-41c4-95af-82e0047110c2
2020-07-16 21:58:21,405 [RatisPipelineUtilsThread] INFO  pipeline.PipelineStateManager (PipelineStateManager.java:addPipeline(54)) - Created pipeline Pipeline[ Id: 8c1d8211-36e8-4d41-83bf-19632b9c0a65, Nodes: 4c89fc7b-ea3a-41c4-95af-82e0047110c2{ip: 172.17.0.2, host: 996f77e42fba, networkLocation: /default-rack, certSerialId: null}, Type:RATIS, Factor:ONE, State:ALLOCATED, leaderId:, CreationTimestamp2020-07-16T21:58:21.404Z]
2020-07-16 21:58:21,405 [RatisPipelineUtilsThread] ERROR pipeline.SCMPipelineManager (SCMPipelineManager.java:createPipeline(274)) - Failed to create pipeline of type RATIS and factor ONE. Exception: Cannot create pipeline of factor 1 using 0 nodes. Used 3 nodes. Healthy nodes 3
2020-07-16 21:58:21,406 [RatisPipelineUtilsThread] INFO  pipeline.RatisPipelineProvider (RatisPipelineProvider.java:lambda$create$0(138)) - Sending CreatePipelineCommand for pipeline:PipelineID=abd10150-8826-426c-a1fc-f961cca9b41c to datanode:4c89fc7b-ea3a-41c4-95af-82e0047110c2
2020-07-16 21:58:21,406 [RatisPipelineUtilsThread] INFO  pipeline.RatisPipelineProvider (RatisPipelineProvider.java:lambda$create$0(138)) - Sending CreatePipelineCommand for pipeline:PipelineID=abd10150-8826-426c-a1fc-f961cca9b41c to datanode:0cd7fb39-f112-4f4e-916c-e67208469a58
2020-07-16 21:58:21,406 [RatisPipelineUtilsThread] INFO  pipeline.RatisPipelineProvider (RatisPipelineProvider.java:lambda$create$0(138)) - Sending CreatePipelineCommand for pipeline:PipelineID=abd10150-8826-426c-a1fc-f961cca9b41c to datanode:29df65de-cb89-45e9-879e-f172419ab480
2020-07-16 21:58:21,406 [RatisPipelineUtilsThread] INFO  pipeline.PipelineStateManager (PipelineStateManager.java:addPipeline(54)) - Created pipeline Pipeline[ Id: abd10150-8826-426c-a1fc-f961cca9b41c, Nodes: 4c89fc7b-ea3a-41c4-95af-82e0047110c2{ip: 172.17.0.2, host: 996f77e42fba, networkLocation: /default-rack, certSerialId: null}0cd7fb39-f112-4f4e-916c-e67208469a58{ip: 172.17.0.2, host: 996f77e42fba, networkLocation: /default-rack, certSerialId: null}29df65de-cb89-45e9-879e-f172419ab480{ip: 172.17.0.2, host: 996f77e42fba, networkLocation: /default-rack, certSerialId: null}, Type:RATIS, Factor:THREE, State:ALLOCATED, leaderId:, CreationTimestamp2020-07-16T21:58:21.406Z]
2020-07-16 21:58:21,407 [RatisPipelineUtilsThread] ERROR pipeline.SCMPipelineManager (SCMPipelineManager.java:createPipeline(274)) - Failed to create pipeline of type RATIS and factor THREE. Exception: Pipeline creation failed because nodes are engaged in other pipelines and every node can only be engaged in max 2 pipelines. Required 3. Found 0
2020-07-16 21:58:21,530 [IPC Server handler 5 on default port 35013] INFO  net.NetworkTopology (NetworkTopologyImpl.java:add(111)) - Added a new node: /default-rack/eaaa25a0-e74b-44c9-ae3d-9e81de8ecf32
2020-07-16 21:58:21,531 [IPC Server handler 5 on default port 35013] INFO  node.SCMNodeManager (SCMNodeManager.java:register(273)) - Registered Data node : eaaa25a0-e74b-44c9-ae3d-9e81de8ecf32{ip: 172.17.0.2, host: 996f77e42fba, networkLocation: /default-rack, certSerialId: null}
2020-07-16 21:58:21,532 [EventQueue-NodeRegistrationContainerReportForDataNodeSafeModeRule] INFO  safemode.SCMSafeModeManager (SCMSafeModeManager.java:validateSafeModeExitRules(214)) - DataNodeSafeModeRule rule is successfully validated
2020-07-16 21:58:21,532 [RatisPipelineUtilsThread] INFO  pipeline.RatisPipelineProvider (RatisPipelineProvider.java:lambda$create$0(138)) - Sending CreatePipelineCommand for pipeline:PipelineID=549a652a-93f6-4487-8d8b-f454e035362a to datanode:eaaa25a0-e74b-44c9-ae3d-9e81de8ecf32
2020-07-16 21:58:21,532 [EventQueue-NodeRegistrationContainerReportForContainerSafeModeRule] INFO  safemode.SCMSafeModeManager (SCMSafeModeManager.java:validateSafeModeExitRules(214)) - ContainerSafeModeRule rule is successfully validated
2020-07-16 21:58:21,532 [RatisPipelineUtilsThread] INFO  pipeline.PipelineStateManager (PipelineStateManager.java:addPipeline(54)) - Created pipeline Pipeline[ Id: 549a652a-93f6-4487-8d8b-f454e035362a, Nodes: eaaa25a0-e74b-44c9-ae3d-9e81de8ecf32{ip: 172.17.0.2, host: 996f77e42fba, networkLocation: /default-rack, certSerialId: null}, Type:RATIS, Factor:ONE, State:ALLOCATED, leaderId:, CreationTimestamp2020-07-16T21:58:21.532Z]
2020-07-16 21:58:21,533 [RatisPipelineUtilsThread] ERROR pipeline.SCMPipelineManager (SCMPipelineManager.java:createPipeline(274)) - Failed to create pipeline of type RATIS and factor ONE. Exception: Cannot create pipeline of factor 1 using 0 nodes. Used 4 nodes. Healthy nodes 4
2020-07-16 21:58:21,533 [RatisPipelineUtilsThread] ERROR pipeline.SCMPipelineManager (SCMPipelineManager.java:createPipeline(274)) - Failed to create pipeline of type RATIS and factor THREE. Exception: Pipeline creation failed because nodes are engaged in other pipelines and every node can only be engaged in max 2 pipelines. Required 3. Found 1
2020-07-16 21:58:21,646 [IPC Server handler 6 on default port 35013] INFO  net.NetworkTopology (NetworkTopologyImpl.java:add(111)) - Added a new node: /default-rack/fed52763-551e-41ff-9d0c-bcac1cecd791
2020-07-16 21:58:21,646 [IPC Server handler 6 on default port 35013] INFO  node.SCMNodeManager (SCMNodeManager.java:register(273)) - Registered Data node : fed52763-551e-41ff-9d0c-bcac1cecd791{ip: 172.17.0.2, host: 996f77e42fba, networkLocation: /default-rack, certSerialId: null}
2020-07-16 21:58:21,646 [RatisPipelineUtilsThread] INFO  pipeline.RatisPipelineProvider (RatisPipelineProvider.java:lambda$create$0(138)) - Sending CreatePipelineCommand for pipeline:PipelineID=7cd9f3d8-62f3-43ee-ae43-60c4cd486433 to datanode:fed52763-551e-41ff-9d0c-bcac1cecd791
2020-07-16 21:58:21,647 [EventQueue-NodeRegistrationContainerReportForDataNodeSafeModeRule] INFO  safemode.SCMSafeModeManager (SCMSafeModeManager.java:validateSafeModeExitRules(214)) - DataNodeSafeModeRule rule is successfully validated
2020-07-16 21:58:21,647 [EventQueue-NodeRegistrationContainerReportForContainerSafeModeRule] INFO  safemode.SCMSafeModeManager (SCMSafeModeManager.java:validateSafeModeExitRules(214)) - ContainerSafeModeRule rule is successfully validated
2020-07-16 21:58:21,647 [RatisPipelineUtilsThread] INFO  pipeline.PipelineStateManager (PipelineStateManager.java:addPipeline(54)) - Created pipeline Pipeline[ Id: 7cd9f3d8-62f3-43ee-ae43-60c4cd486433, Nodes: fed52763-551e-41ff-9d0c-bcac1cecd791{ip: 172.17.0.2, host: 996f77e42fba, networkLocation: /default-rack, certSerialId: null}, Type:RATIS, Factor:ONE, State:ALLOCATED, leaderId:, CreationTimestamp2020-07-16T21:58:21.646Z]
2020-07-16 21:58:21,648 [RatisPipelineUtilsThread] ERROR pipeline.SCMPipelineManager (SCMPipelineManager.java:createPipeline(274)) - Failed to create pipeline of type RATIS and factor ONE. Exception: Cannot create pipeline of factor 1 using 0 nodes. Used 5 nodes. Healthy nodes 5
2020-07-16 21:58:21,648 [RatisPipelineUtilsThread] ERROR pipeline.SCMPipelineManager (SCMPipelineManager.java:createPipeline(274)) - Failed to create pipeline of type RATIS and factor THREE. Exception: Pipeline creation failed because nodes are engaged in other pipelines and every node can only be engaged in max 2 pipelines. Required 3. Found 2
2020-07-16 21:58:21,781 [IPC Server handler 7 on default port 35013] INFO  net.NetworkTopology (NetworkTopologyImpl.java:add(111)) - Added a new node: /default-rack/b6196858-fcec-41fa-b0a0-ecf9f0ef7020
2020-07-16 21:58:21,781 [IPC Server handler 7 on default port 35013] INFO  node.SCMNodeManager (SCMNodeManager.java:register(273)) - Registered Data node : b6196858-fcec-41fa-b0a0-ecf9f0ef7020{ip: 172.17.0.2, host: 996f77e42fba, networkLocation: /default-rack, certSerialId: null}
2020-07-16 21:58:21,781 [RatisPipelineUtilsThread] INFO  pipeline.RatisPipelineProvider (RatisPipelineProvider.java:lambda$create$0(138)) - Sending CreatePipelineCommand for pipeline:PipelineID=b15c2b26-ca1c-4a9c-8b56-28c22d7cb340 to datanode:b6196858-fcec-41fa-b0a0-ecf9f0ef7020
2020-07-16 21:58:21,782 [RatisPipelineUtilsThread] INFO  pipeline.PipelineStateManager (PipelineStateManager.java:addPipeline(54)) - Created pipeline Pipeline[ Id: b15c2b26-ca1c-4a9c-8b56-28c22d7cb340, Nodes: b6196858-fcec-41fa-b0a0-ecf9f0ef7020{ip: 172.17.0.2, host: 996f77e42fba, networkLocation: /default-rack, certSerialId: null}, Type:RATIS, Factor:ONE, State:ALLOCATED, leaderId:, CreationTimestamp2020-07-16T21:58:21.781Z]
2020-07-16 21:58:21,782 [RatisPipelineUtilsThread] ERROR pipeline.SCMPipelineManager (SCMPipelineManager.java:createPipeline(274)) - Failed to create pipeline of type RATIS and factor ONE. Exception: Cannot create pipeline of factor 1 using 0 nodes. Used 6 nodes. Healthy nodes 6
2020-07-16 21:58:21,836 [RatisPipelineUtilsThread] INFO  pipeline.RatisPipelineProvider (RatisPipelineProvider.java:lambda$create$0(138)) - Sending CreatePipelineCommand for pipeline:PipelineID=7bc9ce0d-6e07-4883-8848-e073253f6ce3 to datanode:b6196858-fcec-41fa-b0a0-ecf9f0ef7020
2020-07-16 21:58:21,836 [RatisPipelineUtilsThread] INFO  pipeline.RatisPipelineProvider (RatisPipelineProvider.java:lambda$create$0(138)) - Sending CreatePipelineCommand for pipeline:PipelineID=7bc9ce0d-6e07-4883-8848-e073253f6ce3 to datanode:eaaa25a0-e74b-44c9-ae3d-9e81de8ecf32
2020-07-16 21:58:21,836 [RatisPipelineUtilsThread] INFO  pipeline.RatisPipelineProvider (RatisPipelineProvider.java:lambda$create$0(138)) - Sending CreatePipelineCommand for pipeline:PipelineID=7bc9ce0d-6e07-4883-8848-e073253f6ce3 to datanode:fed52763-551e-41ff-9d0c-bcac1cecd791
2020-07-16 21:58:21,837 [RatisPipelineUtilsThread] INFO  pipeline.PipelineStateManager (PipelineStateManager.java:addPipeline(54)) - Created pipeline Pipeline[ Id: 7bc9ce0d-6e07-4883-8848-e073253f6ce3, Nodes: b6196858-fcec-41fa-b0a0-ecf9f0ef7020{ip: 172.17.0.2, host: 996f77e42fba, networkLocation: /default-rack, certSerialId: null}eaaa25a0-e74b-44c9-ae3d-9e81de8ecf32{ip: 172.17.0.2, host: 996f77e42fba, networkLocation: /default-rack, certSerialId: null}fed52763-551e-41ff-9d0c-bcac1cecd791{ip: 172.17.0.2, host: 996f77e42fba, networkLocation: /default-rack, certSerialId: null}, Type:RATIS, Factor:THREE, State:ALLOCATED, leaderId:, CreationTimestamp2020-07-16T21:58:21.836Z]
2020-07-16 21:58:21,838 [RatisPipelineUtilsThread] ERROR pipeline.SCMPipelineManager (SCMPipelineManager.java:createPipeline(274)) - Failed to create pipeline of type RATIS and factor THREE. Exception: Pipeline creation failed because nodes are engaged in other pipelines and every node can only be engaged in max 2 pipelines. Required 3. Found 0
2020-07-16 21:58:21,838 [EventQueue-NodeRegistrationContainerReportForContainerSafeModeRule] INFO  safemode.SCMSafeModeManager (SCMSafeModeManager.java:validateSafeModeExitRules(214)) - ContainerSafeModeRule rule is successfully validated
2020-07-16 21:58:21,840 [EventQueue-NodeRegistrationContainerReportForDataNodeSafeModeRule] INFO  safemode.SCMSafeModeManager (SCMSafeModeManager.java:validateSafeModeExitRules(214)) - DataNodeSafeModeRule rule is successfully validated
2020-07-16 21:58:21,917 [IPC Server handler 0 on default port 35013] INFO  net.NetworkTopology (NetworkTopologyImpl.java:add(111)) - Added a new node: /default-rack/c1d5e687-c863-4f42-9bf6-d3ee3c6f8869
2020-07-16 21:58:21,917 [IPC Server handler 0 on default port 35013] INFO  node.SCMNodeManager (SCMNodeManager.java:register(273)) - Registered Data node : c1d5e687-c863-4f42-9bf6-d3ee3c6f8869{ip: 172.17.0.2, host: 996f77e42fba, networkLocation: /default-rack, certSerialId: null}
2020-07-16 21:58:21,917 [EventQueue-NodeRegistrationContainerReportForContainerSafeModeRule] INFO  safemode.SCMSafeModeManager (SCMSafeModeManager.java:validateSafeModeExitRules(214)) - ContainerSafeModeRule rule is successfully validated
2020-07-16 21:58:21,917 [RatisPipelineUtilsThread] INFO  pipeline.RatisPipelineProvider (RatisPipelineProvider.java:lambda$create$0(138)) - Sending CreatePipelineCommand for pipeline:PipelineID=bd37f632-b9f3-4687-b2d9-2cbf2e86d94f to datanode:c1d5e687-c863-4f42-9bf6-d3ee3c6f8869
2020-07-16 21:58:21,918 [RatisPipelineUtilsThread] INFO  pipeline.PipelineStateManager (PipelineStateManager.java:addPipeline(54)) - Created pipeline Pipeline[ Id: bd37f632-b9f3-4687-b2d9-2cbf2e86d94f, Nodes: c1d5e687-c863-4f42-9bf6-d3ee3c6f8869{ip: 172.17.0.2, host: 996f77e42fba, networkLocation: /default-rack, certSerialId: null}, Type:RATIS, Factor:ONE, State:ALLOCATED, leaderId:, CreationTimestamp2020-07-16T21:58:21.917Z]
2020-07-16 21:58:21,918 [RatisPipelineUtilsThread] ERROR pipeline.SCMPipelineManager (SCMPipelineManager.java:createPipeline(274)) - Failed to create pipeline of type RATIS and factor ONE. Exception: Cannot create pipeline of factor 1 using 0 nodes. Used 7 nodes. Healthy nodes 7
2020-07-16 21:58:21,918 [RatisPipelineUtilsThread] ERROR pipeline.SCMPipelineManager (SCMPipelineManager.java:createPipeline(274)) - Failed to create pipeline of type RATIS and factor THREE. Exception: Pipeline creation failed because nodes are engaged in other pipelines and every node can only be engaged in max 2 pipelines. Required 3. Found 1
2020-07-16 21:58:21,919 [EventQueue-NodeRegistrationContainerReportForDataNodeSafeModeRule] INFO  safemode.SCMSafeModeManager (SCMSafeModeManager.java:validateSafeModeExitRules(214)) - DataNodeSafeModeRule rule is successfully validated
2020-07-16 21:58:22,046 [IPC Server handler 1 on default port 35013] INFO  net.NetworkTopology (NetworkTopologyImpl.java:add(111)) - Added a new node: /default-rack/0e9f6704-3ceb-4f07-bcaa-7e71693368ff
2020-07-16 21:58:22,046 [IPC Server handler 1 on default port 35013] INFO  node.SCMNodeManager (SCMNodeManager.java:register(273)) - Registered Data node : 0e9f6704-3ceb-4f07-bcaa-7e71693368ff{ip: 172.17.0.2, host: 996f77e42fba, networkLocation: /default-rack, certSerialId: null}
2020-07-16 21:58:22,046 [RatisPipelineUtilsThread] INFO  pipeline.RatisPipelineProvider (RatisPipelineProvider.java:lambda$create$0(138)) - Sending CreatePipelineCommand for pipeline:PipelineID=801b5733-5633-4eaa-bd9a-17acb307e6bb to datanode:0e9f6704-3ceb-4f07-bcaa-7e71693368ff
2020-07-16 21:58:22,047 [RatisPipelineUtilsThread] INFO  pipeline.PipelineStateManager (PipelineStateManager.java:addPipeline(54)) - Created pipeline Pipeline[ Id: 801b5733-5633-4eaa-bd9a-17acb307e6bb, Nodes: 0e9f6704-3ceb-4f07-bcaa-7e71693368ff{ip: 172.17.0.2, host: 996f77e42fba, networkLocation: /default-rack, certSerialId: null}, Type:RATIS, Factor:ONE, State:ALLOCATED, leaderId:, CreationTimestamp2020-07-16T21:58:22.046Z]
2020-07-16 21:58:22,046 [EventQueue-NodeRegistrationContainerReportForContainerSafeModeRule] INFO  safemode.SCMSafeModeManager (SCMSafeModeManager.java:validateSafeModeExitRules(214)) - ContainerSafeModeRule rule is successfully validated
2020-07-16 21:58:22,047 [EventQueue-NodeRegistrationContainerReportForDataNodeSafeModeRule] INFO  safemode.SCMSafeModeManager (SCMSafeModeManager.java:validateSafeModeExitRules(214)) - DataNodeSafeModeRule rule is successfully validated
2020-07-16 21:58:22,048 [RatisPipelineUtilsThread] ERROR pipeline.SCMPipelineManager (SCMPipelineManager.java:createPipeline(274)) - Failed to create pipeline of type RATIS and factor ONE. Exception: Cannot create pipeline of factor 1 using 0 nodes. Used 8 nodes. Healthy nodes 8
2020-07-16 21:58:22,048 [RatisPipelineUtilsThread] ERROR pipeline.SCMPipelineManager (SCMPipelineManager.java:createPipeline(274)) - Failed to create pipeline of type RATIS and factor THREE. Exception: Pipeline creation failed because nodes are engaged in other pipelines and every node can only be engaged in max 2 pipelines. Required 3. Found 2
2020-07-16 21:58:22,175 [Listener at 127.0.0.1/46707] INFO  ozone.MiniOzoneClusterImpl (MiniOzoneClusterImpl.java:lambda$waitForClusterToBeReady$0(177)) - Waiting for nodes to be ready. Got 8 of 9 DN Heartbeats.
2020-07-16 21:58:22,175 [Listener at 127.0.0.1/46707] INFO  ozone.MiniOzoneClusterImpl (MiniOzoneClusterImpl.java:lambda$waitForClusterToBeReady$0(180)) - Waiting for cluster to exit safe mode
2020-07-16 21:58:22,177 [IPC Server handler 2 on default port 35013] INFO  net.NetworkTopology (NetworkTopologyImpl.java:add(111)) - Added a new node: /default-rack/4fdb1b49-2d71-4bdb-a206-e5cdb26d09c4
2020-07-16 21:58:22,177 [IPC Server handler 2 on default port 35013] INFO  node.SCMNodeManager (SCMNodeManager.java:register(273)) - Registered Data node : 4fdb1b49-2d71-4bdb-a206-e5cdb26d09c4{ip: 172.17.0.2, host: 996f77e42fba, networkLocation: /default-rack, certSerialId: null}
2020-07-16 21:58:22,178 [EventQueue-NodeRegistrationContainerReportForDataNodeSafeModeRule] INFO  safemode.SCMSafeModeManager (SCMSafeModeManager.java:validateSafeModeExitRules(214)) - DataNodeSafeModeRule rule is successfully validated
2020-07-16 21:58:22,178 [EventQueue-NodeRegistrationContainerReportForContainerSafeModeRule] INFO  safemode.SCMSafeModeManager (SCMSafeModeManager.java:validateSafeModeExitRules(214)) - ContainerSafeModeRule rule is successfully validated
2020-07-16 21:58:22,178 [RatisPipelineUtilsThread] INFO  pipeline.RatisPipelineProvider (RatisPipelineProvider.java:lambda$create$0(138)) - Sending CreatePipelineCommand for pipeline:PipelineID=c4e6e2ac-6130-43dd-977a-574a164d3c59 to datanode:4fdb1b49-2d71-4bdb-a206-e5cdb26d09c4
2020-07-16 21:58:22,178 [RatisPipelineUtilsThread] INFO  pipeline.PipelineStateManager (PipelineStateManager.java:addPipeline(54)) - Created pipeline Pipeline[ Id: c4e6e2ac-6130-43dd-977a-574a164d3c59, Nodes: 4fdb1b49-2d71-4bdb-a206-e5cdb26d09c4{ip: 172.17.0.2, host: 996f77e42fba, networkLocation: /default-rack, certSerialId: null}, Type:RATIS, Factor:ONE, State:ALLOCATED, leaderId:, CreationTimestamp2020-07-16T21:58:22.178Z]
2020-07-16 21:58:22,179 [RatisPipelineUtilsThread] ERROR pipeline.SCMPipelineManager (SCMPipelineManager.java:createPipeline(274)) - Failed to create pipeline of type RATIS and factor ONE. Exception: Cannot create pipeline of factor 1 using 0 nodes. Used 9 nodes. Healthy nodes 9
2020-07-16 21:58:22,179 [RatisPipelineUtilsThread] INFO  pipeline.RatisPipelineProvider (RatisPipelineProvider.java:lambda$create$0(138)) - Sending CreatePipelineCommand for pipeline:PipelineID=d911e160-3392-4d08-b08a-9c5cc0f17108 to datanode:0e9f6704-3ceb-4f07-bcaa-7e71693368ff
2020-07-16 21:58:22,179 [RatisPipelineUtilsThread] INFO  pipeline.RatisPipelineProvider (RatisPipelineProvider.java:lambda$create$0(138)) - Sending CreatePipelineCommand for pipeline:PipelineID=d911e160-3392-4d08-b08a-9c5cc0f17108 to datanode:4fdb1b49-2d71-4bdb-a206-e5cdb26d09c4
2020-07-16 21:58:22,179 [RatisPipelineUtilsThread] INFO  pipeline.RatisPipelineProvider (RatisPipelineProvider.java:lambda$create$0(138)) - Sending CreatePipelineCommand for pipeline:PipelineID=d911e160-3392-4d08-b08a-9c5cc0f17108 to datanode:c1d5e687-c863-4f42-9bf6-d3ee3c6f8869
2020-07-16 21:58:22,179 [RatisPipelineUtilsThread] INFO  pipeline.PipelineStateManager (PipelineStateManager.java:addPipeline(54)) - Created pipeline Pipeline[ Id: d911e160-3392-4d08-b08a-9c5cc0f17108, Nodes: 0e9f6704-3ceb-4f07-bcaa-7e71693368ff{ip: 172.17.0.2, host: 996f77e42fba, networkLocation: /default-rack, certSerialId: null}4fdb1b49-2d71-4bdb-a206-e5cdb26d09c4{ip: 172.17.0.2, host: 996f77e42fba, networkLocation: /default-rack, certSerialId: null}c1d5e687-c863-4f42-9bf6-d3ee3c6f8869{ip: 172.17.0.2, host: 996f77e42fba, networkLocation: /default-rack, certSerialId: null}, Type:RATIS, Factor:THREE, State:ALLOCATED, leaderId:, CreationTimestamp2020-07-16T21:58:22.179Z]
2020-07-16 21:58:22,180 [RatisPipelineUtilsThread] ERROR pipeline.SCMPipelineManager (SCMPipelineManager.java:createPipeline(274)) - Failed to create pipeline of type RATIS and factor THREE. Exception: Pipeline creation failed because nodes are engaged in other pipelines and every node can only be engaged in max 2 pipelines. Required 3. Found 0
2020-07-16 21:58:23,176 [Listener at 127.0.0.1/46707] INFO  ozone.MiniOzoneClusterImpl (MiniOzoneClusterImpl.java:lambda$waitForClusterToBeReady$0(177)) - Nodes are ready. Got 9 of 9 DN Heartbeats.
2020-07-16 21:58:23,177 [Listener at 127.0.0.1/46707] INFO  ozone.MiniOzoneClusterImpl (MiniOzoneClusterImpl.java:lambda$waitForClusterToBeReady$0(180)) - Waiting for cluster to exit safe mode
2020-07-16 21:58:24,154 [Command processor thread] INFO  impl.RaftServerProxy (RaftServerProxy.java:addNew(89)) - 29df65de-cb89-45e9-879e-f172419ab480: addNew group-4B517198585D:[29df65de-cb89-45e9-879e-f172419ab480:172.17.0.2:39233] returns group-4B517198585D:java.util.concurrent.CompletableFuture@7a460dda[Not completed]
2020-07-16 21:58:24,155 [pool-347-thread-1] INFO  impl.RaftServerImpl (RaftServerImpl.java:<init>(99)) - 29df65de-cb89-45e9-879e-f172419ab480: new RaftServerImpl for group-4B517198585D:[29df65de-cb89-45e9-879e-f172419ab480:172.17.0.2:39233] with ContainerStateMachine:uninitialized
2020-07-16 21:58:24,155 [pool-347-thread-1] INFO  server.RaftServerConfigKeys (ConfUtils.java:logGet(44)) - raft.server.rpc.timeout.min = 5s (custom)
2020-07-16 21:58:24,155 [pool-347-thread-1] INFO  server.RaftServerConfigKeys (ConfUtils.java:logGet(44)) - raft.server.rpc.timeout.max = 5200ms (custom)
2020-07-16 21:58:24,155 [pool-347-thread-1] INFO  server.RaftServerConfigKeys (ConfUtils.java:logGet(44)) - raft.server.rpcslowness.timeout = 300000ms (custom)
2020-07-16 21:58:24,155 [pool-347-thread-1] INFO  server.RaftServerConfigKeys (ConfUtils.java:logGet(44)) - raft.server.sleep.deviation.threshold = 300 (default)
2020-07-16 21:58:24,155 [pool-347-thread-1] INFO  server.RaftServerConfigKeys (ConfUtils.java:logGet(44)) - raft.server.log.appender.install.snapshot.enabled = false (custom)
2020-07-16 21:58:24,155 [pool-347-thread-1] INFO  impl.RaftServerImpl (ServerState.java:<init>(103)) - 29df65de-cb89-45e9-879e-f172419ab480@group-4B517198585D: ConfigurationManager, init=-1: [29df65de-cb89-45e9-879e-f172419ab480:172.17.0.2:39233], old=null, confs=<EMPTY_MAP>
2020-07-16 21:58:24,156 [pool-347-thread-1] INFO  server.RaftServerConfigKeys (ConfUtils.java:logGet(44)) - raft.server.storage.dir = [/github/workspace/mnt/ozone/hadoop-ozone/integration-test/target/test-dir/MiniOzoneClusterImpl-a7962e3b-f01b-438a-a70b-bc4bb46fea7a/datanode-0/data/ratis] (custom)
2020-07-16 21:58:24,156 [pool-347-thread-1] INFO  server.RaftServerConfigKeys (ConfUtils.java:logGet(44)) - raft.server.log.corruption.policy = EXCEPTION (default)
2020-07-16 21:58:24,156 [pool-347-thread-1] INFO  storage.RaftStorageDirectory (RaftStorageDirectory.java:analyzeStorage(261)) - The storage directory /github/workspace/mnt/ozone/hadoop-ozone/integration-test/target/test-dir/MiniOzoneClusterImpl-a7962e3b-f01b-438a-a70b-bc4bb46fea7a/datanode-0/data/ratis/42b826cb-8950-4c77-abd5-4b517198585d does not exist. Creating ...
2020-07-16 21:58:24,157 [pool-347-thread-1] INFO  storage.RaftStorageDirectory (RaftStorageDirectory.java:tryLock(343)) - Lock on /github/workspace/mnt/ozone/hadoop-ozone/integration-test/target/test-dir/MiniOzoneClusterImpl-a7962e3b-f01b-438a-a70b-bc4bb46fea7a/datanode-0/data/ratis/42b826cb-8950-4c77-abd5-4b517198585d/in_use.lock acquired by nodename 44140@996f77e42fba
2020-07-16 21:58:24,159 [pool-347-thread-1] INFO  storage.RaftStorage (RaftStorage.java:format(84)) - Storage directory /github/workspace/mnt/ozone/hadoop-ozone/integration-test/target/test-dir/MiniOzoneClusterImpl-a7962e3b-f01b-438a-a70b-bc4bb46fea7a/datanode-0/data/ratis/42b826cb-8950-4c77-abd5-4b517198585d has been successfully formatted.
2020-07-16 21:58:24,160 [pool-347-thread-1] INFO  ratis.ContainerStateMachine (ContainerStateMachine.java:loadSnapshot(225)) - group-4B517198585D: The snapshot info is null. Setting the last applied indexto:(t:0, i:~)
2020-07-16 21:58:24,161 [pool-347-thread-1] INFO  server.RaftServerConfigKeys (ConfUtils.java:logGet(44)) - raft.server.notification.no-leader.timeout = 60s (default)
2020-07-16 21:58:24,161 [pool-347-thread-1] INFO  server.RaftServerConfigKeys (ConfUtils.java:logGet(44)) - raft.server.log.use.memory = false (default)
2020-07-16 21:58:24,161 [pool-347-thread-1] INFO  server.RaftServerConfigKeys (ConfUtils.java:logGet(44)) - raft.server.log.purge.gap = 1000000 (custom)
2020-07-16 21:58:24,161 [pool-347-thread-1] INFO  server.RaftServerConfigKeys (ConfUtils.java:logGet(44)) - raft.server.log.appender.buffer.byte-limit = 33554432 (custom)
2020-07-16 21:58:24,161 [pool-347-thread-1] INFO  server.RaftServerConfigKeys (ConfUtils.java:logGet(44)) - raft.server.log.segment.size.max = 1048576 (custom)
2020-07-16 21:58:24,162 [pool-347-thread-1] INFO  metrics.RatisMetrics (RatisMetrics.java:lambda$create$0(36)) - Creating Metrics Registry : ratis.log_worker.29df65de-cb89-45e9-879e-f172419ab480@group-4B517198585D
2020-07-16 21:58:24,161 [EventQueue-PipelineReportForPipelineReportHandler] INFO  pipeline.PipelineStateManager (PipelineStateManager.java:openPipeline(131)) - Pipeline Pipeline[ Id: 42b826cb-8950-4c77-abd5-4b517198585d, Nodes: 29df65de-cb89-45e9-879e-f172419ab480{ip: 172.17.0.2, host: 996f77e42fba, networkLocation: /default-rack, certSerialId: null}, Type:RATIS, Factor:ONE, State:ALLOCATED, leaderId:29df65de-cb89-45e9-879e-f172419ab480, CreationTimestamp2020-07-16T21:58:21.155Z] moved to OPEN state
2020-07-16 21:58:24,162 [pool-347-thread-1] INFO  server.RaftServerConfigKeys (ConfUtils.java:logGet(44)) - raft.server.log.segment.cache.num.max = 2 (custom)
2020-07-16 21:58:24,163 [pool-347-thread-1] INFO  segmented.SegmentedRaftLogWorker (SegmentedRaftLogWorker.java:<init>(180)) - new 29df65de-cb89-45e9-879e-f172419ab480@group-4B517198585D-SegmentedRaftLogWorker for RaftStorage:Storage Directory /github/workspace/mnt/ozone/hadoop-ozone/integration-test/target/test-dir/MiniOzoneClusterImpl-a7962e3b-f01b-438a-a70b-bc4bb46fea7a/datanode-0/data/ratis/42b826cb-8950-4c77-abd5-4b517198585d
2020-07-16 21:58:24,163 [pool-347-thread-1] INFO  server.RaftServerConfigKeys (ConfUtils.java:logGet(44)) - raft.server.log.queue.byte-limit = 2147483647 (custom)
2020-07-16 21:58:24,163 [pool-347-thread-1] INFO  server.RaftServerConfigKeys (ConfUtils.java:logGet(44)) - raft.server.log.queue.element-limit = 1024 (custom)
2020-07-16 21:58:24,163 [pool-347-thread-1] INFO  server.RaftServerConfigKeys (ConfUtils.java:logGet(44)) - raft.server.log.segment.size.max = 1048576 (custom)
2020-07-16 21:58:24,163 [pool-347-thread-1] INFO  server.RaftServerConfigKeys (ConfUtils.java:logGet(44)) - raft.server.log.preallocated.size = 16384 (custom)
2020-07-16 21:58:24,163 [pool-347-thread-1] INFO  server.RaftServerConfigKeys (ConfUtils.java:logGet(44)) - raft.server.log.write.buffer.size = 1048576 (custom)
2020-07-16 21:58:24,163 [pool-347-thread-1] INFO  server.RaftServerConfigKeys (ConfUtils.java:logGet(44)) - raft.server.log.force.sync.num = 128 (default)
2020-07-16 21:58:24,163 [pool-347-thread-1] INFO  server.RaftServerConfigKeys (ConfUtils.java:logGet(44)) - raft.server.log.statemachine.data.sync = true (default)
2020-07-16 21:58:24,163 [pool-347-thread-1] INFO  server.RaftServerConfigKeys (ConfUtils.java:logGet(44)) - raft.server.log.statemachine.data.sync.timeout = 10s (default)
2020-07-16 21:58:24,163 [pool-347-thread-1] INFO  server.RaftServerConfigKeys (ConfUtils.java:logGet(44)) - raft.server.log.statemachine.data.sync.timeout.retry = -1 (default)
2020-07-16 21:58:24,163 [EventQueue-OpenPipelineForHealthyPipelineSafeModeRule] INFO  safemode.SCMSafeModeManager (HealthyPipelineSafeModeRule.java:process(129)) - SCM in safe mode. Healthy pipelines reported count is 0, required healthy pipeline reported count is 1
2020-07-16 21:58:24,165 [pool-347-thread-1] INFO  server.RaftServerConfigKeys (ConfUtils.java:logGet(44)) - raft.server.log.statemachine.data.caching.enabled = true (custom)
2020-07-16 21:58:24,166 [pool-347-thread-1] INFO  segmented.SegmentedRaftLogWorker (SegmentedRaftLogWorker.java:lambda$new$0(129)) - 29df65de-cb89-45e9-879e-f172419ab480@group-4B517198585D-SegmentedRaftLogWorker: flushIndex: setUnconditionally 0 -> -1
2020-07-16 21:58:24,166 [pool-347-thread-1] INFO  segmented.SegmentedRaftLogWorker (SegmentedRaftLogWorker.java:lambda$new$0(129)) - 29df65de-cb89-45e9-879e-f172419ab480@group-4B517198585D-SegmentedRaftLogWorker: safeCacheEvictIndex: setUnconditionally 0 -> -1
2020-07-16 21:58:24,166 [EventQueue-OpenPipelineForOneReplicaPipelineSafeModeRule] INFO  safemode.SCMSafeModeManager (SCMSafeModeManager.java:validateSafeModeExitRules(214)) - AtleastOneDatanodeReportedRule rule is successfully validated
2020-07-16 21:58:24,166 [pool-347-thread-1] INFO  server.RaftServerConfigKeys (ConfUtils.java:logGet(44)) - raft.server.snapshot.auto.trigger.enabled = true (custom)
2020-07-16 21:58:24,166 [pool-347-thread-1] INFO  server.RaftServerConfigKeys (ConfUtils.java:logGet(44)) - raft.server.snapshot.auto.trigger.threshold = 10000 (custom)
2020-07-16 21:58:24,166 [pool-347-thread-1] INFO  server.RaftServerConfigKeys (ConfUtils.java:logGet(44)) - raft.server.snapshot.retention.file.num = 5 (custom)
2020-07-16 21:58:24,166 [pool-347-thread-1] INFO  server.RaftServerConfigKeys (ConfUtils.java:logGet(44)) - raft.server.log.purge.upto.snapshot.index = false (default)
2020-07-16 21:58:24,166 [pool-347-thread-1] INFO  server.RaftServerConfigKeys (ConfUtils.java:logGet(44)) - raft.server.retrycache.expirytime = 600000ms (custom)
2020-07-16 21:58:24,167 [pool-347-thread-1] INFO  metrics.RatisMetrics (RatisMetrics.java:lambda$create$0(36)) - Creating Metrics Registry : ratis.leader_election.29df65de-cb89-45e9-879e-f172419ab480@group-4B517198585D
2020-07-16 21:58:24,167 [pool-347-thread-1] INFO  metrics.RatisMetrics (RatisMetrics.java:lambda$create$0(36)) - Creating Metrics Registry : ratis.server.29df65de-cb89-45e9-879e-f172419ab480@group-4B517198585D
2020-07-16 21:58:24,168 [pool-347-thread-1] INFO  impl.RaftServerImpl (RaftServerImpl.java:start(186)) - 29df65de-cb89-45e9-879e-f172419ab480@group-4B517198585D: start as a follower, conf=-1: [29df65de-cb89-45e9-879e-f172419ab480:172.17.0.2:39233], old=null
2020-07-16 21:58:24,168 [pool-347-thread-1] INFO  impl.RaftServerImpl (RaftServerImpl.java:setRole(175)) - 29df65de-cb89-45e9-879e-f172419ab480@group-4B517198585D: changes role from      null to FOLLOWER at term 0 for startAsFollower
2020-07-16 21:58:24,168 [pool-347-thread-1] INFO  impl.RoleInfo (RoleInfo.java:updateAndGet(143)) - 29df65de-cb89-45e9-879e-f172419ab480: start FollowerState
2020-07-16 21:58:24,169 [pool-347-thread-1] INFO  util.JmxRegister (JmxRegister.java:tryRegister(44)) - Successfully registered JMX Bean with object name Ratis:service=RaftServer,group=group-4B517198585D,id=29df65de-cb89-45e9-879e-f172419ab480
2020-07-16 21:58:24,169 [pool-347-thread-1] INFO  metrics.RatisMetrics (RatisMetrics.java:lambda$create$0(36)) - Creating Metrics Registry : ratis.state_machine.29df65de-cb89-45e9-879e-f172419ab480@group-4B517198585D
2020-07-16 21:58:24,170 [Command processor thread] INFO  commandhandler.CreatePipelineCommandHandler (CreatePipelineCommandHandler.java:handle(109)) - Created Pipeline RATIS ONE #id: "42b826cb-8950-4c77-abd5-4b517198585d"
uuid128 {
  mostSigBits: 4807635257841962103
  leastSigBits: -6064858510014261155
}
.
2020-07-16 21:58:24,170 [Command processor thread] INFO  impl.RaftServerProxy (RaftServerProxy.java:addNew(89)) - 29df65de-cb89-45e9-879e-f172419ab480: addNew group-F961CCA9B41C:[29df65de-cb89-45e9-879e-f172419ab480:172.17.0.2:39233, 4c89fc7b-ea3a-41c4-95af-82e0047110c2:172.17.0.2:38513, 0cd7fb39-f112-4f4e-916c-e67208469a58:172.17.0.2:44789] returns group-F961CCA9B41C:java.util.concurrent.CompletableFuture@7e79964a[Not completed]
2020-07-16 21:58:24,171 [pool-347-thread-1] INFO  impl.RaftServerImpl (RaftServerImpl.java:<init>(99)) - 29df65de-cb89-45e9-879e-f172419ab480: new RaftServerImpl for group-F961CCA9B41C:[29df65de-cb89-45e9-879e-f172419ab480:172.17.0.2:39233, 4c89fc7b-ea3a-41c4-95af-82e0047110c2:172.17.0.2:38513, 0cd7fb39-f112-4f4e-916c-e67208469a58:172.17.0.2:44789] with ContainerStateMachine:uninitialized
2020-07-16 21:58:24,171 [pool-347-thread-1] INFO  server.RaftServerConfigKeys (ConfUtils.java:logGet(44)) - raft.server.rpc.timeout.min = 5s (custom)
2020-07-16 21:58:24,171 [pool-347-thread-1] INFO  server.RaftServerConfigKeys (ConfUtils.java:logGet(44)) - raft.server.rpc.timeout.max = 5200ms (custom)
2020-07-16 21:58:24,171 [pool-347-thread-1] INFO  server.RaftServerConfigKeys (ConfUtils.java:logGet(44)) - raft.server.rpcslowness.timeout = 300000ms (custom)
2020-07-16 21:58:24,171 [pool-347-thread-1] INFO  server.RaftServerConfigKeys (ConfUtils.java:logGet(44)) - raft.server.sleep.deviation.threshold = 300 (default)
2020-07-16 21:58:24,171 [pool-347-thread-1] INFO  server.RaftServerConfigKeys (ConfUtils.java:logGet(44)) - raft.server.log.appender.install.snapshot.enabled = false (custom)
2020-07-16 21:58:24,172 [pool-347-thread-1] INFO  impl.RaftServerImpl (ServerState.java:<init>(103)) - 29df65de-cb89-45e9-879e-f172419ab480@group-F961CCA9B41C: ConfigurationManager, init=-1: [29df65de-cb89-45e9-879e-f172419ab480:172.17.0.2:39233, 4c89fc7b-ea3a-41c4-95af-82e0047110c2:172.17.0.2:38513, 0cd7fb39-f112-4f4e-916c-e67208469a58:172.17.0.2:44789], old=null, confs=<EMPTY_MAP>
2020-07-16 21:58:24,172 [pool-347-thread-1] INFO  server.RaftServerConfigKeys (ConfUtils.java:logGet(44)) - raft.server.storage.dir = [/github/workspace/mnt/ozone/hadoop-ozone/integration-test/target/test-dir/MiniOzoneClusterImpl-a7962e3b-f01b-438a-a70b-bc4bb46fea7a/datanode-0/data/ratis] (custom)
2020-07-16 21:58:24,172 [pool-347-thread-1] INFO  server.RaftServerConfigKeys (ConfUtils.java:logGet(44)) - raft.server.log.corruption.policy = EXCEPTION (default)
2020-07-16 21:58:24,172 [pool-347-thread-1] INFO  storage.RaftStorageDirectory (RaftStorageDirectory.java:analyzeStorage(261)) - The storage directory /github/workspace/mnt/ozone/hadoop-ozone/integration-test/target/test-dir/MiniOzoneClusterImpl-a7962e3b-f01b-438a-a70b-bc4bb46fea7a/datanode-0/data/ratis/abd10150-8826-426c-a1fc-f961cca9b41c does not exist. Creating ...
2020-07-16 21:58:24,174 [pool-347-thread-1] INFO  storage.RaftStorageDirectory (RaftStorageDirectory.java:tryLock(343)) - Lock on /github/workspace/mnt/ozone/hadoop-ozone/integration-test/target/test-dir/MiniOzoneClusterImpl-a7962e3b-f01b-438a-a70b-bc4bb46fea7a/datanode-0/data/ratis/abd10150-8826-426c-a1fc-f961cca9b41c/in_use.lock acquired by nodename 44140@996f77e42fba
2020-07-16 21:58:24,176 [pool-347-thread-1] INFO  storage.RaftStorage (RaftStorage.java:format(84)) - Storage directory /github/workspace/mnt/ozone/hadoop-ozone/integration-test/target/test-dir/MiniOzoneClusterImpl-a7962e3b-f01b-438a-a70b-bc4bb46fea7a/datanode-0/data/ratis/abd10150-8826-426c-a1fc-f961cca9b41c has been successfully formatted.
2020-07-16 21:58:24,176 [pool-347-thread-1] INFO  ratis.ContainerStateMachine (ContainerStateMachine.java:loadSnapshot(225)) - group-F961CCA9B41C: The snapshot info is null. Setting the last applied indexto:(t:0, i:~)
2020-07-16 21:58:24,177 [pool-347-thread-1] INFO  server.RaftServerConfigKeys (ConfUtils.java:logGet(44)) - raft.server.notification.no-leader.timeout = 60s (default)
2020-07-16 21:58:24,177 [pool-347-thread-1] INFO  server.RaftServerConfigKeys (ConfUtils.java:logGet(44)) - raft.server.log.use.memory = false (default)
2020-07-16 21:58:24,177 [pool-347-thread-1] INFO  server.RaftServerConfigKeys (ConfUtils.java:logGet(44)) - raft.server.log.purge.gap = 1000000 (custom)
2020-07-16 21:58:24,177 [pool-347-thread-1] INFO  server.RaftServerConfigKeys (ConfUtils.java:logGet(44)) - raft.server.log.appender.buffer.byte-limit = 33554432 (custom)
2020-07-16 21:58:24,177 [pool-347-thread-1] INFO  server.RaftServerConfigKeys (ConfUtils.java:logGet(44)) - raft.server.log.segment.size.max = 1048576 (custom)
2020-07-16 21:58:24,177 [pool-347-thread-1] INFO  metrics.RatisMetrics (RatisMetrics.java:lambda$create$0(36)) - Creating Metrics Registry : ratis.log_worker.29df65de-cb89-45e9-879e-f172419ab480@group-F961CCA9B41C
2020-07-16 21:58:24,177 [pool-347-thread-1] INFO  server.RaftServerConfigKeys (ConfUtils.java:logGet(44)) - raft.server.log.segment.cache.num.max = 2 (custom)
2020-07-16 21:58:24,177 [pool-347-thread-1] INFO  segmented.SegmentedRaftLogWorker (SegmentedRaftLogWorker.java:<init>(180)) - new 29df65de-cb89-45e9-879e-f172419ab480@group-F961CCA9B41C-SegmentedRaftLogWorker for RaftStorage:Storage Directory /github/workspace/mnt/ozone/hadoop-ozone/integration-test/target/test-dir/MiniOzoneClusterImpl-a7962e3b-f01b-438a-a70b-bc4bb46fea7a/datanode-0/data/ratis/abd10150-8826-426c-a1fc-f961cca9b41c
2020-07-16 21:58:24,177 [pool-347-thread-1] INFO  server.RaftServerConfigKeys (ConfUtils.java:logGet(44)) - raft.server.log.queue.byte-limit = 2147483647 (custom)
2020-07-16 21:58:24,177 [pool-347-thread-1] INFO  server.RaftServerConfigKeys (ConfUtils.java:logGet(44)) - raft.server.log.queue.element-limit = 1024 (custom)
2020-07-16 21:58:24,178 [pool-347-thread-1] INFO  server.RaftServerConfigKeys (ConfUtils.java:logGet(44)) - raft.server.log.segment.size.max = 1048576 (custom)
2020-07-16 21:58:24,178 [pool-347-thread-1] INFO  server.RaftServerConfigKeys (ConfUtils.java:logGet(44)) - raft.server.log.preallocated.size = 16384 (custom)
2020-07-16 21:58:24,178 [pool-347-thread-1] INFO  server.RaftServerConfigKeys (ConfUtils.java:logGet(44)) - raft.server.log.write.buffer.size = 1048576 (custom)
2020-07-16 21:58:24,178 [pool-347-thread-1] INFO  server.RaftServerConfigKeys (ConfUtils.java:logGet(44)) - raft.server.log.force.sync.num = 128 (default)
2020-07-16 21:58:24,178 [pool-347-thread-1] INFO  server.RaftServerConfigKeys (ConfUtils.java:logGet(44)) - raft.server.log.statemachine.data.sync = true (default)
2020-07-16 21:58:24,178 [pool-347-thread-1] INFO  server.RaftServerConfigKeys (ConfUtils.java:logGet(44)) - raft.server.log.statemachine.data.sync.timeout = 10s (default)
2020-07-16 21:58:24,178 [pool-347-thread-1] INFO  server.RaftServerConfigKeys (ConfUtils.java:logGet(44)) - raft.server.log.statemachine.data.sync.timeout.retry = -1 (default)
2020-07-16 21:58:24,180 [pool-347-thread-1] INFO  server.RaftServerConfigKeys (ConfUtils.java:logGet(44)) - raft.server.log.statemachine.data.caching.enabled = true (custom)
2020-07-16 21:58:24,180 [pool-347-thread-1] INFO  segmented.SegmentedRaftLogWorker (SegmentedRaftLogWorker.java:lambda$new$0(129)) - 29df65de-cb89-45e9-879e-f172419ab480@group-F961CCA9B41C-SegmentedRaftLogWorker: flushIndex: setUnconditionally 0 -> -1
2020-07-16 21:58:24,178 [Listener at 127.0.0.1/46707] INFO  ozone.MiniOzoneClusterImpl (MiniOzoneClusterImpl.java:lambda$waitForClusterToBeReady$0(177)) - Nodes are ready. Got 9 of 9 DN Heartbeats.
2020-07-16 21:58:24,182 [Listener at 127.0.0.1/46707] INFO  ozone.MiniOzoneClusterImpl (MiniOzoneClusterImpl.java:lambda$waitForClusterToBeReady$0(180)) - Waiting for cluster to exit safe mode
2020-07-16 21:58:24,182 [pool-347-thread-1] INFO  segmented.SegmentedRaftLogWorker (SegmentedRaftLogWorker.java:lambda$new$0(129)) - 29df65de-cb89-45e9-879e-f172419ab480@group-F961CCA9B41C-SegmentedRaftLogWorker: safeCacheEvictIndex: setUnconditionally 0 -> -1
2020-07-16 21:58:24,182 [pool-347-thread-1] INFO  server.RaftServerConfigKeys (ConfUtils.java:logGet(44)) - raft.server.snapshot.auto.trigger.enabled = true (custom)
2020-07-16 21:58:24,182 [pool-347-thread-1] INFO  server.RaftServerConfigKeys (ConfUtils.java:logGet(44)) - raft.server.snapshot.auto.trigger.threshold = 10000 (custom)
2020-07-16 21:58:24,182 [pool-347-thread-1] INFO  server.RaftServerConfigKeys (ConfUtils.java:logGet(44)) - raft.server.snapshot.retention.file.num = 5 (custom)
2020-07-16 21:58:24,182 [pool-347-thread-1] INFO  server.RaftServerConfigKeys (ConfUtils.java:logGet(44)) - raft.server.log.purge.upto.snapshot.index = false (default)
2020-07-16 21:58:24,182 [pool-347-thread-1] INFO  server.RaftServerConfigKeys (ConfUtils.java:logGet(44)) - raft.server.retrycache.expirytime = 600000ms (custom)
2020-07-16 21:58:24,183 [pool-347-thread-1] INFO  metrics.RatisMetrics (RatisMetrics.java:lambda$create$0(36)) - Creating Metrics Registry : ratis.leader_election.29df65de-cb89-45e9-879e-f172419ab480@group-F961CCA9B41C
2020-07-16 21:58:24,183 [pool-347-thread-1] INFO  metrics.RatisMetrics (RatisMetrics.java:lambda$create$0(36)) - Creating Metrics Registry : ratis.server.29df65de-cb89-45e9-879e-f172419ab480@group-F961CCA9B41C
2020-07-16 21:58:24,184 [pool-347-thread-1] INFO  impl.RaftServerImpl (RaftServerImpl.java:start(186)) - 29df65de-cb89-45e9-879e-f172419ab480@group-F961CCA9B41C: start as a follower, conf=-1: [29df65de-cb89-45e9-879e-f172419ab480:172.17.0.2:39233, 4c89fc7b-ea3a-41c4-95af-82e0047110c2:172.17.0.2:38513, 0cd7fb39-f112-4f4e-916c-e67208469a58:172.17.0.2:44789], old=null
2020-07-16 21:58:24,184 [pool-347-thread-1] INFO  impl.RaftServerImpl (RaftServerImpl.java:setRole(175)) - 29df65de-cb89-45e9-879e-f172419ab480@group-F961CCA9B41C: changes role from      null to FOLLOWER at term 0 for startAsFollower
2020-07-16 21:58:24,184 [pool-347-thread-1] INFO  impl.RoleInfo (RoleInfo.java:updateAndGet(143)) - 29df65de-cb89-45e9-879e-f172419ab480: start FollowerState
2020-07-16 21:58:24,185 [pool-347-thread-1] INFO  util.JmxRegister (JmxRegister.java:tryRegister(44)) - Successfully registered JMX Bean with object name Ratis:service=RaftServer,group=group-F961CCA9B41C,id=29df65de-cb89-45e9-879e-f172419ab480
2020-07-16 21:58:24,185 [pool-347-thread-1] INFO  metrics.RatisMetrics (RatisMetrics.java:lambda$create$0(36)) - Creating Metrics Registry : ratis.state_machine.29df65de-cb89-45e9-879e-f172419ab480@group-F961CCA9B41C
2020-07-16 21:58:24,200 [grpc-default-executor-0] INFO  impl.RaftServerProxy (RaftServerProxy.java:addNew(89)) - 4c89fc7b-ea3a-41c4-95af-82e0047110c2: addNew group-F961CCA9B41C:[29df65de-cb89-45e9-879e-f172419ab480:172.17.0.2:39233, 4c89fc7b-ea3a-41c4-95af-82e0047110c2:172.17.0.2:38513, 0cd7fb39-f112-4f4e-916c-e67208469a58:172.17.0.2:44789] returns group-F961CCA9B41C:java.util.concurrent.CompletableFuture@2485b7cb[Not completed]
2020-07-16 21:58:24,201 [pool-377-thread-1] INFO  impl.RaftServerImpl (RaftServerImpl.java:<init>(99)) - 4c89fc7b-ea3a-41c4-95af-82e0047110c2: new RaftServerImpl for group-F961CCA9B41C:[29df65de-cb89-45e9-879e-f172419ab480:172.17.0.2:39233, 4c89fc7b-ea3a-41c4-95af-82e0047110c2:172.17.0.2:38513, 0cd7fb39-f112-4f4e-916c-e67208469a58:172.17.0.2:44789] with ContainerStateMachine:uninitialized
2020-07-16 21:58:24,202 [pool-377-thread-1] INFO  server.RaftServerConfigKeys (ConfUtils.java:logGet(44)) - raft.server.rpc.timeout.min = 5s (custom)
2020-07-16 21:58:24,202 [pool-377-thread-1] INFO  server.RaftServerConfigKeys (ConfUtils.java:logGet(44)) - raft.server.rpc.timeout.max = 5200ms (custom)
2020-07-16 21:58:24,202 [pool-377-thread-1] INFO  server.RaftServerConfigKeys (ConfUtils.java:logGet(44)) - raft.server.rpcslowness.timeout = 300000ms (custom)
2020-07-16 21:58:24,202 [pool-377-thread-1] INFO  server.RaftServerConfigKeys (ConfUtils.java:logGet(44)) - raft.server.sleep.deviation.threshold = 300 (default)
2020-07-16 21:58:24,202 [pool-377-thread-1] INFO  server.RaftServerConfigKeys (ConfUtils.java:logGet(44)) - raft.server.log.appender.install.snapshot.enabled = false (custom)
2020-07-16 21:58:24,202 [pool-377-thread-1] INFO  impl.RaftServerImpl (ServerState.java:<init>(103)) - 4c89fc7b-ea3a-41c4-95af-82e0047110c2@group-F961CCA9B41C: ConfigurationManager, init=-1: [29df65de-cb89-45e9-879e-f172419ab480:172.17.0.2:39233, 4c89fc7b-ea3a-41c4-95af-82e0047110c2:172.17.0.2:38513, 0cd7fb39-f112-4f4e-916c-e67208469a58:172.17.0.2:44789], old=null, confs=<EMPTY_MAP>
2020-07-16 21:58:24,202 [pool-377-thread-1] INFO  server.RaftServerConfigKeys (ConfUtils.java:logGet(44)) - raft.server.storage.dir = [/github/workspace/mnt/ozone/hadoop-ozone/integration-test/target/test-dir/MiniOzoneClusterImpl-a7962e3b-f01b-438a-a70b-bc4bb46fea7a/datanode-2/data/ratis] (custom)
2020-07-16 21:58:24,202 [pool-377-thread-1] INFO  server.RaftServerConfigKeys (ConfUtils.java:logGet(44)) - raft.server.log.corruption.policy = EXCEPTION (default)
2020-07-16 21:58:24,202 [pool-377-thread-1] INFO  storage.RaftStorageDirectory (RaftStorageDirectory.java:analyzeStorage(261)) - The storage directory /github/workspace/mnt/ozone/hadoop-ozone/integration-test/target/test-dir/MiniOzoneClusterImpl-a7962e3b-f01b-438a-a70b-bc4bb46fea7a/datanode-2/data/ratis/abd10150-8826-426c-a1fc-f961cca9b41c does not exist. Creating ...
2020-07-16 21:58:24,204 [pool-377-thread-1] INFO  storage.RaftStorageDirectory (RaftStorageDirectory.java:tryLock(343)) - Lock on /github/workspace/mnt/ozone/hadoop-ozone/integration-test/target/test-dir/MiniOzoneClusterImpl-a7962e3b-f01b-438a-a70b-bc4bb46fea7a/datanode-2/data/ratis/abd10150-8826-426c-a1fc-f961cca9b41c/in_use.lock acquired by nodename 44140@996f77e42fba
2020-07-16 21:58:24,207 [pool-377-thread-1] INFO  storage.RaftStorage (RaftStorage.java:format(84)) - Storage directory /github/workspace/mnt/ozone/hadoop-ozone/integration-test/target/test-dir/MiniOzoneClusterImpl-a7962e3b-f01b-438a-a70b-bc4bb46fea7a/datanode-2/data/ratis/abd10150-8826-426c-a1fc-f961cca9b41c has been successfully formatted.
2020-07-16 21:58:24,209 [pool-377-thread-1] INFO  ratis.ContainerStateMachine (ContainerStateMachine.java:loadSnapshot(225)) - group-F961CCA9B41C: The snapshot info is null. Setting the last applied indexto:(t:0, i:~)
2020-07-16 21:58:24,209 [pool-377-thread-1] INFO  server.RaftServerConfigKeys (ConfUtils.java:logGet(44)) - raft.server.notification.no-leader.timeout = 60s (default)
2020-07-16 21:58:24,210 [pool-377-thread-1] INFO  server.RaftServerConfigKeys (ConfUtils.java:logGet(44)) - raft.server.log.use.memory = false (default)
2020-07-16 21:58:24,210 [pool-377-thread-1] INFO  server.RaftServerConfigKeys (ConfUtils.java:logGet(44)) - raft.server.log.purge.gap = 1000000 (custom)
2020-07-16 21:58:24,210 [pool-377-thread-1] INFO  server.RaftServerConfigKeys (ConfUtils.java:logGet(44)) - raft.server.log.appender.buffer.byte-limit = 33554432 (custom)
2020-07-16 21:58:24,210 [pool-377-thread-1] INFO  server.RaftServerConfigKeys (ConfUtils.java:logGet(44)) - raft.server.log.segment.size.max = 1048576 (custom)
2020-07-16 21:58:24,210 [pool-377-thread-1] INFO  metrics.RatisMetrics (RatisMetrics.java:lambda$create$0(36)) - Creating Metrics Registry : ratis.log_worker.4c89fc7b-ea3a-41c4-95af-82e0047110c2@group-F961CCA9B41C
2020-07-16 21:58:24,211 [pool-377-thread-1] INFO  server.RaftServerConfigKeys (ConfUtils.java:logGet(44)) - raft.server.log.segment.cache.num.max = 2 (custom)
2020-07-16 21:58:24,211 [pool-377-thread-1] INFO  segmented.SegmentedRaftLogWorker (SegmentedRaftLogWorker.java:<init>(180)) - new 4c89fc7b-ea3a-41c4-95af-82e0047110c2@group-F961CCA9B41C-SegmentedRaftLogWorker for RaftStorage:Storage Directory /github/workspace/mnt/ozone/hadoop-ozone/integration-test/target/test-dir/MiniOzoneClusterImpl-a7962e3b-f01b-438a-a70b-bc4bb46fea7a/datanode-2/data/ratis/abd10150-8826-426c-a1fc-f961cca9b41c
2020-07-16 21:58:24,211 [pool-377-thread-1] INFO  server.RaftServerConfigKeys (ConfUtils.java:logGet(44)) - raft.server.log.queue.byte-limit = 2147483647 (custom)
2020-07-16 21:58:24,211 [pool-377-thread-1] INFO  server.RaftServerConfigKeys (ConfUtils.java:logGet(44)) - raft.server.log.queue.element-limit = 1024 (custom)
2020-07-16 21:58:24,211 [pool-377-thread-1] INFO  server.RaftServerConfigKeys (ConfUtils.java:logGet(44)) - raft.server.log.segment.size.max = 1048576 (custom)
2020-07-16 21:58:24,211 [pool-377-thread-1] INFO  server.RaftServerConfigKeys (ConfUtils.java:logGet(44)) - raft.server.log.preallocated.size = 16384 (custom)
2020-07-16 21:58:24,211 [pool-377-thread-1] INFO  server.RaftServerConfigKeys (ConfUtils.java:logGet(44)) - raft.server.log.write.buffer.size = 1048576 (custom)
2020-07-16 21:58:24,211 [pool-377-thread-1] INFO  server.RaftServerConfigKeys (ConfUtils.java:logGet(44)) - raft.server.log.force.sync.num = 128 (default)
2020-07-16 21:58:24,211 [pool-377-thread-1] INFO  server.RaftServerConfigKeys (ConfUtils.java:logGet(44)) - raft.server.log.statemachine.data.sync = true (default)
2020-07-16 21:58:24,211 [pool-377-thread-1] INFO  server.RaftServerConfigKeys (ConfUtils.java:logGet(44)) - raft.server.log.statemachine.data.sync.timeout = 10s (default)
2020-07-16 21:58:24,211 [pool-377-thread-1] INFO  server.RaftServerConfigKeys (ConfUtils.java:logGet(44)) - raft.server.log.statemachine.data.sync.timeout.retry = -1 (default)
2020-07-16 21:58:24,214 [pool-377-thread-1] INFO  server.RaftServerConfigKeys (ConfUtils.java:logGet(44)) - raft.server.log.statemachine.data.caching.enabled = true (custom)
2020-07-16 21:58:24,214 [pool-377-thread-1] INFO  segmented.SegmentedRaftLogWorker (SegmentedRaftLogWorker.java:lambda$new$0(129)) - 4c89fc7b-ea3a-41c4-95af-82e0047110c2@group-F961CCA9B41C-SegmentedRaftLogWorker: flushIndex: setUnconditionally 0 -> -1
2020-07-16 21:58:24,214 [pool-377-thread-1] INFO  segmented.SegmentedRaftLogWorker (SegmentedRaftLogWorker.java:lambda$new$0(129)) - 4c89fc7b-ea3a-41c4-95af-82e0047110c2@group-F961CCA9B41C-SegmentedRaftLogWorker: safeCacheEvictIndex: setUnconditionally 0 -> -1
2020-07-16 21:58:24,214 [pool-377-thread-1] INFO  server.RaftServerConfigKeys (ConfUtils.java:logGet(44)) - raft.server.snapshot.auto.trigger.enabled = true (custom)
2020-07-16 21:58:24,214 [pool-377-thread-1] INFO  server.RaftServerConfigKeys (ConfUtils.java:logGet(44)) - raft.server.snapshot.auto.trigger.threshold = 10000 (custom)
2020-07-16 21:58:24,214 [pool-377-thread-1] INFO  server.RaftServerConfigKeys (ConfUtils.java:logGet(44)) - raft.server.snapshot.retention.file.num = 5 (custom)
2020-07-16 21:58:24,214 [pool-377-thread-1] INFO  server.RaftServerConfigKeys (ConfUtils.java:logGet(44)) - raft.server.log.purge.upto.snapshot.index = false (default)
2020-07-16 21:58:24,214 [pool-377-thread-1] INFO  server.RaftServerConfigKeys (ConfUtils.java:logGet(44)) - raft.server.retrycache.expirytime = 600000ms (custom)
2020-07-16 21:58:24,215 [pool-377-thread-1] INFO  metrics.RatisMetrics (RatisMetrics.java:lambda$create$0(36)) - Creating Metrics Registry : ratis.leader_election.4c89fc7b-ea3a-41c4-95af-82e0047110c2@group-F961CCA9B41C
2020-07-16 21:58:24,215 [pool-377-thread-1] INFO  metrics.RatisMetrics (RatisMetrics.java:lambda$create$0(36)) - Creating Metrics Registry : ratis.server.4c89fc7b-ea3a-41c4-95af-82e0047110c2@group-F961CCA9B41C
2020-07-16 21:58:24,217 [pool-377-thread-1] INFO  impl.RaftServerImpl (RaftServerImpl.java:start(186)) - 4c89fc7b-ea3a-41c4-95af-82e0047110c2@group-F961CCA9B41C: start as a follower, conf=-1: [29df65de-cb89-45e9-879e-f172419ab480:172.17.0.2:39233, 4c89fc7b-ea3a-41c4-95af-82e0047110c2:172.17.0.2:38513, 0cd7fb39-f112-4f4e-916c-e67208469a58:172.17.0.2:44789], old=null
2020-07-16 21:58:24,217 [pool-377-thread-1] INFO  impl.RaftServerImpl (RaftServerImpl.java:setRole(175)) - 4c89fc7b-ea3a-41c4-95af-82e0047110c2@group-F961CCA9B41C: changes role from      null to FOLLOWER at term 0 for startAsFollower
2020-07-16 21:58:24,217 [pool-377-thread-1] INFO  impl.RoleInfo (RoleInfo.java:updateAndGet(143)) - 4c89fc7b-ea3a-41c4-95af-82e0047110c2: start FollowerState
2020-07-16 21:58:24,217 [pool-377-thread-1] INFO  util.JmxRegister (JmxRegister.java:tryRegister(44)) - Successfully registered JMX Bean with object name Ratis:service=RaftServer,group=group-F961CCA9B41C,id=4c89fc7b-ea3a-41c4-95af-82e0047110c2
2020-07-16 21:58:24,217 [pool-377-thread-1] INFO  metrics.RatisMetrics (RatisMetrics.java:lambda$create$0(36)) - Creating Metrics Registry : ratis.state_machine.4c89fc7b-ea3a-41c4-95af-82e0047110c2@group-F961CCA9B41C
2020-07-16 21:58:24,230 [grpc-default-executor-0] INFO  impl.RaftServerProxy (RaftServerProxy.java:addNew(89)) - 0cd7fb39-f112-4f4e-916c-e67208469a58: addNew group-F961CCA9B41C:[29df65de-cb89-45e9-879e-f172419ab480:172.17.0.2:39233, 4c89fc7b-ea3a-41c4-95af-82e0047110c2:172.17.0.2:38513, 0cd7fb39-f112-4f4e-916c-e67208469a58:172.17.0.2:44789] returns group-F961CCA9B41C:java.util.concurrent.CompletableFuture@53319162[Not completed]
2020-07-16 21:58:24,231 [pool-362-thread-1] INFO  impl.RaftServerImpl (RaftServerImpl.java:<init>(99)) - 0cd7fb39-f112-4f4e-916c-e67208469a58: new RaftServerImpl for group-F961CCA9B41C:[29df65de-cb89-45e9-879e-f172419ab480:172.17.0.2:39233, 4c89fc7b-ea3a-41c4-95af-82e0047110c2:172.17.0.2:38513, 0cd7fb39-f112-4f4e-916c-e67208469a58:172.17.0.2:44789] with ContainerStateMachine:uninitialized
2020-07-16 21:58:24,231 [pool-362-thread-1] INFO  server.RaftServerConfigKeys (ConfUtils.java:logGet(44)) - raft.server.rpc.timeout.min = 5s (custom)
2020-07-16 21:58:24,231 [pool-362-thread-1] INFO  server.RaftServerConfigKeys (ConfUtils.java:logGet(44)) - raft.server.rpc.timeout.max = 5200ms (custom)
2020-07-16 21:58:24,231 [pool-362-thread-1] INFO  server.RaftServerConfigKeys (ConfUtils.java:logGet(44)) - raft.server.rpcslowness.timeout = 300000ms (custom)
2020-07-16 21:58:24,231 [pool-362-thread-1] INFO  server.RaftServerConfigKeys (ConfUtils.java:logGet(44)) - raft.server.sleep.deviation.threshold = 300 (default)
2020-07-16 21:58:24,231 [pool-362-thread-1] INFO  server.RaftServerConfigKeys (ConfUtils.java:logGet(44)) - raft.server.log.appender.install.snapshot.enabled = false (custom)
2020-07-16 21:58:24,231 [pool-362-thread-1] INFO  impl.RaftServerImpl (ServerState.java:<init>(103)) - 0cd7fb39-f112-4f4e-916c-e67208469a58@group-F961CCA9B41C: ConfigurationManager, init=-1: [29df65de-cb89-45e9-879e-f172419ab480:172.17.0.2:39233, 4c89fc7b-ea3a-41c4-95af-82e0047110c2:172.17.0.2:38513, 0cd7fb39-f112-4f4e-916c-e67208469a58:172.17.0.2:44789], old=null, confs=<EMPTY_MAP>
2020-07-16 21:58:24,231 [pool-362-thread-1] INFO  server.RaftServerConfigKeys (ConfUtils.java:logGet(44)) - raft.server.storage.dir = [/github/workspace/mnt/ozone/hadoop-ozone/integration-test/target/test-dir/MiniOzoneClusterImpl-a7962e3b-f01b-438a-a70b-bc4bb46fea7a/datanode-1/data/ratis] (custom)
2020-07-16 21:58:24,231 [pool-362-thread-1] INFO  server.RaftServerConfigKeys (ConfUtils.java:logGet(44)) - raft.server.log.corruption.policy = EXCEPTION (default)
2020-07-16 21:58:24,232 [pool-362-thread-1] INFO  storage.RaftStorageDirectory (RaftStorageDirectory.java:analyzeStorage(261)) - The storage directory /github/workspace/mnt/ozone/hadoop-ozone/integration-test/target/test-dir/MiniOzoneClusterImpl-a7962e3b-f01b-438a-a70b-bc4bb46fea7a/datanode-1/data/ratis/abd10150-8826-426c-a1fc-f961cca9b41c does not exist. Creating ...
2020-07-16 21:58:24,233 [pool-362-thread-1] INFO  storage.RaftStorageDirectory (RaftStorageDirectory.java:tryLock(343)) - Lock on /github/workspace/mnt/ozone/hadoop-ozone/integration-test/target/test-dir/MiniOzoneClusterImpl-a7962e3b-f01b-438a-a70b-bc4bb46fea7a/datanode-1/data/ratis/abd10150-8826-426c-a1fc-f961cca9b41c/in_use.lock acquired by nodename 44140@996f77e42fba
2020-07-16 21:58:24,234 [pool-362-thread-1] INFO  storage.RaftStorage (RaftStorage.java:format(84)) - Storage directory /github/workspace/mnt/ozone/hadoop-ozone/integration-test/target/test-dir/MiniOzoneClusterImpl-a7962e3b-f01b-438a-a70b-bc4bb46fea7a/datanode-1/data/ratis/abd10150-8826-426c-a1fc-f961cca9b41c has been successfully formatted.
2020-07-16 21:58:24,235 [pool-362-thread-1] INFO  ratis.ContainerStateMachine (ContainerStateMachine.java:loadSnapshot(225)) - group-F961CCA9B41C: The snapshot info is null. Setting the last applied indexto:(t:0, i:~)
2020-07-16 21:58:24,237 [pool-362-thread-1] INFO  server.RaftServerConfigKeys (ConfUtils.java:logGet(44)) - raft.server.notification.no-leader.timeout = 60s (default)
2020-07-16 21:58:24,237 [pool-362-thread-1] INFO  server.RaftServerConfigKeys (ConfUtils.java:logGet(44)) - raft.server.log.use.memory = false (default)
2020-07-16 21:58:24,238 [pool-362-thread-1] INFO  server.RaftServerConfigKeys (ConfUtils.java:logGet(44)) - raft.server.log.purge.gap = 1000000 (custom)
2020-07-16 21:58:24,238 [pool-362-thread-1] INFO  server.RaftServerConfigKeys (ConfUtils.java:logGet(44)) - raft.server.log.appender.buffer.byte-limit = 33554432 (custom)
2020-07-16 21:58:24,238 [pool-362-thread-1] INFO  server.RaftServerConfigKeys (ConfUtils.java:logGet(44)) - raft.server.log.segment.size.max = 1048576 (custom)
2020-07-16 21:58:24,238 [pool-362-thread-1] INFO  metrics.RatisMetrics (RatisMetrics.java:lambda$create$0(36)) - Creating Metrics Registry : ratis.log_worker.0cd7fb39-f112-4f4e-916c-e67208469a58@group-F961CCA9B41C
2020-07-16 21:58:24,238 [pool-362-thread-1] INFO  server.RaftServerConfigKeys (ConfUtils.java:logGet(44)) - raft.server.log.segment.cache.num.max = 2 (custom)
2020-07-16 21:58:24,238 [pool-362-thread-1] INFO  segmented.SegmentedRaftLogWorker (SegmentedRaftLogWorker.java:<init>(180)) - new 0cd7fb39-f112-4f4e-916c-e67208469a58@group-F961CCA9B41C-SegmentedRaftLogWorker for RaftStorage:Storage Directory /github/workspace/mnt/ozone/hadoop-ozone/integration-test/target/test-dir/MiniOzoneClusterImpl-a7962e3b-f01b-438a-a70b-bc4bb46fea7a/datanode-1/data/ratis/abd10150-8826-426c-a1fc-f961cca9b41c
2020-07-16 21:58:24,238 [pool-362-thread-1] INFO  server.RaftServerConfigKeys (ConfUtils.java:logGet(44)) - raft.server.log.queue.byte-limit = 2147483647 (custom)
2020-07-16 21:58:24,238 [pool-362-thread-1] INFO  server.RaftServerConfigKeys (ConfUtils.java:logGet(44)) - raft.server.log.queue.element-limit = 1024 (custom)
2020-07-16 21:58:24,238 [pool-362-thread-1] INFO  server.RaftServerConfigKeys (ConfUtils.java:logGet(44)) - raft.server.log.segment.size.max = 1048576 (custom)
2020-07-16 21:58:24,238 [pool-362-thread-1] INFO  server.RaftServerConfigKeys (ConfUtils.java:logGet(44)) - raft.server.log.preallocated.size = 16384 (custom)
2020-07-16 21:58:24,238 [pool-362-thread-1] INFO  server.RaftServerConfigKeys (ConfUtils.java:logGet(44)) - raft.server.log.write.buffer.size = 1048576 (custom)
2020-07-16 21:58:24,238 [pool-362-thread-1] INFO  server.RaftServerConfigKeys (ConfUtils.java:logGet(44)) - raft.server.log.force.sync.num = 128 (default)
2020-07-16 21:58:24,238 [pool-362-thread-1] INFO  server.RaftServerConfigKeys (ConfUtils.java:logGet(44)) - raft.server.log.statemachine.data.sync = true (default)
2020-07-16 21:58:24,239 [pool-362-thread-1] INFO  server.RaftServerConfigKeys (ConfUtils.java:logGet(44)) - raft.server.log.statemachine.data.sync.timeout = 10s (default)
2020-07-16 21:58:24,239 [pool-362-thread-1] INFO  server.RaftServerConfigKeys (ConfUtils.java:logGet(44)) - raft.server.log.statemachine.data.sync.timeout.retry = -1 (default)
2020-07-16 21:58:24,241 [pool-362-thread-1] INFO  server.RaftServerConfigKeys (ConfUtils.java:logGet(44)) - raft.server.log.statemachine.data.caching.enabled = true (custom)
2020-07-16 21:58:24,241 [pool-362-thread-1] INFO  segmented.SegmentedRaftLogWorker (SegmentedRaftLogWorker.java:lambda$new$0(129)) - 0cd7fb39-f112-4f4e-916c-e67208469a58@group-F961CCA9B41C-SegmentedRaftLogWorker: flushIndex: setUnconditionally 0 -> -1
2020-07-16 21:58:24,241 [pool-362-thread-1] INFO  segmented.SegmentedRaftLogWorker (SegmentedRaftLogWorker.java:lambda$new$0(129)) - 0cd7fb39-f112-4f4e-916c-e67208469a58@group-F961CCA9B41C-SegmentedRaftLogWorker: safeCacheEvictIndex: setUnconditionally 0 -> -1
2020-07-16 21:58:24,241 [pool-362-thread-1] INFO  server.RaftServerConfigKeys (ConfUtils.java:logGet(44)) - raft.server.snapshot.auto.trigger.enabled = true (custom)
2020-07-16 21:58:24,241 [pool-362-thread-1] INFO  server.RaftServerConfigKeys (ConfUtils.java:logGet(44)) - raft.server.snapshot.auto.trigger.threshold = 10000 (custom)
2020-07-16 21:58:24,241 [pool-362-thread-1] INFO  server.RaftServerConfigKeys (ConfUtils.java:logGet(44)) - raft.server.snapshot.retention.file.num = 5 (custom)
2020-07-16 21:58:24,241 [pool-362-thread-1] INFO  server.RaftServerConfigKeys (ConfUtils.java:logGet(44)) - raft.server.log.purge.upto.snapshot.index = false (default)
2020-07-16 21:58:24,241 [pool-362-thread-1] INFO  server.RaftServerConfigKeys (ConfUtils.java:logGet(44)) - raft.server.retrycache.expirytime = 600000ms (custom)
2020-07-16 21:58:24,242 [pool-362-thread-1] INFO  metrics.RatisMetrics (RatisMetrics.java:lambda$create$0(36)) - Creating Metrics Registry : ratis.leader_election.0cd7fb39-f112-4f4e-916c-e67208469a58@group-F961CCA9B41C
2020-07-16 21:58:24,242 [pool-362-thread-1] INFO  metrics.RatisMetrics (RatisMetrics.java:lambda$create$0(36)) - Creating Metrics Registry : ratis.server.0cd7fb39-f112-4f4e-916c-e67208469a58@group-F961CCA9B41C
2020-07-16 21:58:24,243 [pool-362-thread-1] INFO  impl.RaftServerImpl (RaftServerImpl.java:start(186)) - 0cd7fb39-f112-4f4e-916c-e67208469a58@group-F961CCA9B41C: start as a follower, conf=-1: [29df65de-cb89-45e9-879e-f172419ab480:172.17.0.2:39233, 4c89fc7b-ea3a-41c4-95af-82e0047110c2:172.17.0.2:38513, 0cd7fb39-f112-4f4e-916c-e67208469a58:172.17.0.2:44789], old=null
2020-07-16 21:58:24,243 [pool-362-thread-1] INFO  impl.RaftServerImpl (RaftServerImpl.java:setRole(175)) - 0cd7fb39-f112-4f4e-916c-e67208469a58@group-F961CCA9B41C: changes role from      null to FOLLOWER at term 0 for startAsFollower
2020-07-16 21:58:24,243 [pool-362-thread-1] INFO  impl.RoleInfo (RoleInfo.java:updateAndGet(143)) - 0cd7fb39-f112-4f4e-916c-e67208469a58: start FollowerState
2020-07-16 21:58:24,244 [pool-362-thread-1] INFO  util.JmxRegister (JmxRegister.java:tryRegister(44)) - Successfully registered JMX Bean with object name Ratis:service=RaftServer,group=group-F961CCA9B41C,id=0cd7fb39-f112-4f4e-916c-e67208469a58
2020-07-16 21:58:24,244 [pool-362-thread-1] INFO  metrics.RatisMetrics (RatisMetrics.java:lambda$create$0(36)) - Creating Metrics Registry : ratis.state_machine.0cd7fb39-f112-4f4e-916c-e67208469a58@group-F961CCA9B41C
2020-07-16 21:58:24,248 [Command processor thread] INFO  commandhandler.CreatePipelineCommandHandler (CreatePipelineCommandHandler.java:handle(109)) - Created Pipeline RATIS THREE #id: "abd10150-8826-426c-a1fc-f961cca9b41c"
uuid128 {
  mostSigBits: -6066065777698127252
  leastSigBits: -6774265541031250916
}
.
2020-07-16 21:58:24,290 [Command processor thread] INFO  impl.RaftServerProxy (RaftServerProxy.java:addNew(89)) - 0cd7fb39-f112-4f4e-916c-e67208469a58: addNew group-8085B57BE6C1:[0cd7fb39-f112-4f4e-916c-e67208469a58:172.17.0.2:44789] returns group-8085B57BE6C1:java.util.concurrent.CompletableFuture@1d1681d5[Not completed]
2020-07-16 21:58:24,290 [pool-362-thread-1] INFO  impl.RaftServerImpl (RaftServerImpl.java:<init>(99)) - 0cd7fb39-f112-4f4e-916c-e67208469a58: new RaftServerImpl for group-8085B57BE6C1:[0cd7fb39-f112-4f4e-916c-e67208469a58:172.17.0.2:44789] with ContainerStateMachine:uninitialized
2020-07-16 21:58:24,290 [pool-362-thread-1] INFO  server.RaftServerConfigKeys (ConfUtils.java:logGet(44)) - raft.server.rpc.timeout.min = 5s (custom)
2020-07-16 21:58:24,290 [pool-362-thread-1] INFO  server.RaftServerConfigKeys (ConfUtils.java:logGet(44)) - raft.server.rpc.timeout.max = 5200ms (custom)
2020-07-16 21:58:24,291 [pool-362-thread-1] INFO  server.RaftServerConfigKeys (ConfUtils.java:logGet(44)) - raft.server.rpcslowness.timeout = 300000ms (custom)
2020-07-16 21:58:24,291 [pool-362-thread-1] INFO  server.RaftServerConfigKeys (ConfUtils.java:logGet(44)) - raft.server.sleep.deviation.threshold = 300 (default)
2020-07-16 21:58:24,291 [pool-362-thread-1] INFO  server.RaftServerConfigKeys (ConfUtils.java:logGet(44)) - raft.server.log.appender.install.snapshot.enabled = false (custom)
2020-07-16 21:58:24,291 [pool-362-thread-1] INFO  impl.RaftServerImpl (ServerState.java:<init>(103)) - 0cd7fb39-f112-4f4e-916c-e67208469a58@group-8085B57BE6C1: ConfigurationManager, init=-1: [0cd7fb39-f112-4f4e-916c-e67208469a58:172.17.0.2:44789], old=null, confs=<EMPTY_MAP>
2020-07-16 21:58:24,291 [pool-362-thread-1] INFO  server.RaftServerConfigKeys (ConfUtils.java:logGet(44)) - raft.server.storage.dir = [/github/workspace/mnt/ozone/hadoop-ozone/integration-test/target/test-dir/MiniOzoneClusterImpl-a7962e3b-f01b-438a-a70b-bc4bb46fea7a/datanode-1/data/ratis] (custom)
2020-07-16 21:58:24,291 [pool-362-thread-1] INFO  server.RaftServerConfigKeys (ConfUtils.java:logGet(44)) - raft.server.log.corruption.policy = EXCEPTION (default)
2020-07-16 21:58:24,291 [pool-362-thread-1] INFO  storage.RaftStorageDirectory (RaftStorageDirectory.java:analyzeStorage(261)) - The storage directory /github/workspace/mnt/ozone/hadoop-ozone/integration-test/target/test-dir/MiniOzoneClusterImpl-a7962e3b-f01b-438a-a70b-bc4bb46fea7a/datanode-1/data/ratis/b0d94970-4054-46b1-99fd-8085b57be6c1 does not exist. Creating ...
2020-07-16 21:58:24,292 [pool-362-thread-1] INFO  storage.RaftStorageDirectory (RaftStorageDirectory.java:tryLock(343)) - Lock on /github/workspace/mnt/ozone/hadoop-ozone/integration-test/target/test-dir/MiniOzoneClusterImpl-a7962e3b-f01b-438a-a70b-bc4bb46fea7a/datanode-1/data/ratis/b0d94970-4054-46b1-99fd-8085b57be6c1/in_use.lock acquired by nodename 44140@996f77e42fba
2020-07-16 21:58:24,294 [pool-362-thread-1] INFO  storage.RaftStorage (RaftStorage.java:format(84)) - Storage directory /github/workspace/mnt/ozone/hadoop-ozone/integration-test/target/test-dir/MiniOzoneClusterImpl-a7962e3b-f01b-438a-a70b-bc4bb46fea7a/datanode-1/data/ratis/b0d94970-4054-46b1-99fd-8085b57be6c1 has been successfully formatted.
2020-07-16 21:58:24,295 [pool-362-thread-1] INFO  ratis.ContainerStateMachine (ContainerStateMachine.java:loadSnapshot(225)) - group-8085B57BE6C1: The snapshot info is null. Setting the last applied indexto:(t:0, i:~)
2020-07-16 21:58:24,295 [pool-362-thread-1] INFO  server.RaftServerConfigKeys (ConfUtils.java:logGet(44)) - raft.server.notification.no-leader.timeout = 60s (default)
2020-07-16 21:58:24,295 [pool-362-thread-1] INFO  server.RaftServerConfigKeys (ConfUtils.java:logGet(44)) - raft.server.log.use.memory = false (default)
2020-07-16 21:58:24,295 [pool-362-thread-1] INFO  server.RaftServerConfigKeys (ConfUtils.java:logGet(44)) - raft.server.log.purge.gap = 1000000 (custom)
2020-07-16 21:58:24,295 [pool-362-thread-1] INFO  server.RaftServerConfigKeys (ConfUtils.java:logGet(44)) - raft.server.log.appender.buffer.byte-limit = 33554432 (custom)
2020-07-16 21:58:24,295 [pool-362-thread-1] INFO  server.RaftServerConfigKeys (ConfUtils.java:logGet(44)) - raft.server.log.segment.size.max = 1048576 (custom)
2020-07-16 21:58:24,295 [pool-362-thread-1] INFO  metrics.RatisMetrics (RatisMetrics.java:lambda$create$0(36)) - Creating Metrics Registry : ratis.log_worker.0cd7fb39-f112-4f4e-916c-e67208469a58@group-8085B57BE6C1
2020-07-16 21:58:24,295 [pool-362-thread-1] INFO  server.RaftServerConfigKeys (ConfUtils.java:logGet(44)) - raft.server.log.segment.cache.num.max = 2 (custom)
2020-07-16 21:58:24,295 [pool-362-thread-1] INFO  segmented.SegmentedRaftLogWorker (SegmentedRaftLogWorker.java:<init>(180)) - new 0cd7fb39-f112-4f4e-916c-e67208469a58@group-8085B57BE6C1-SegmentedRaftLogWorker for RaftStorage:Storage Directory /github/workspace/mnt/ozone/hadoop-ozone/integration-test/target/test-dir/MiniOzoneClusterImpl-a7962e3b-f01b-438a-a70b-bc4bb46fea7a/datanode-1/data/ratis/b0d94970-4054-46b1-99fd-8085b57be6c1
2020-07-16 21:58:24,295 [pool-362-thread-1] INFO  server.RaftServerConfigKeys (ConfUtils.java:logGet(44)) - raft.server.log.queue.byte-limit = 2147483647 (custom)
2020-07-16 21:58:24,296 [pool-362-thread-1] INFO  server.RaftServerConfigKeys (ConfUtils.java:logGet(44)) - raft.server.log.queue.element-limit = 1024 (custom)
2020-07-16 21:58:24,296 [pool-362-thread-1] INFO  server.RaftServerConfigKeys (ConfUtils.java:logGet(44)) - raft.server.log.segment.size.max = 1048576 (custom)
2020-07-16 21:58:24,296 [EventQueue-PipelineReportForPipelineReportHandler] INFO  pipeline.PipelineStateManager (PipelineStateManager.java:openPipeline(131)) - Pipeline Pipeline[ Id: b0d94970-4054-46b1-99fd-8085b57be6c1, Nodes: 0cd7fb39-f112-4f4e-916c-e67208469a58{ip: 172.17.0.2, host: 996f77e42fba, networkLocation: /default-rack, certSerialId: null}, Type:RATIS, Factor:ONE, State:ALLOCATED, leaderId:0cd7fb39-f112-4f4e-916c-e67208469a58, CreationTimestamp2020-07-16T21:58:21.291Z] moved to OPEN state
2020-07-16 21:58:24,296 [pool-362-thread-1] INFO  server.RaftServerConfigKeys (ConfUtils.java:logGet(44)) - raft.server.log.preallocated.size = 16384 (custom)
2020-07-16 21:58:24,296 [pool-362-thread-1] INFO  server.RaftServerConfigKeys (ConfUtils.java:logGet(44)) - raft.server.log.write.buffer.size = 1048576 (custom)
2020-07-16 21:58:24,296 [pool-362-thread-1] INFO  server.RaftServerConfigKeys (ConfUtils.java:logGet(44)) - raft.server.log.force.sync.num = 128 (default)
2020-07-16 21:58:24,296 [EventQueue-OpenPipelineForHealthyPipelineSafeModeRule] INFO  safemode.SCMSafeModeManager (HealthyPipelineSafeModeRule.java:process(129)) - SCM in safe mode. Healthy pipelines reported count is 0, required healthy pipeline reported count is 1
2020-07-16 21:58:24,296 [EventQueue-OpenPipelineForOneReplicaPipelineSafeModeRule] INFO  safemode.SCMSafeModeManager (SCMSafeModeManager.java:validateSafeModeExitRules(214)) - AtleastOneDatanodeReportedRule rule is successfully validated
2020-07-16 21:58:24,296 [pool-362-thread-1] INFO  server.RaftServerConfigKeys (ConfUtils.java:logGet(44)) - raft.server.log.statemachine.data.sync = true (default)
2020-07-16 21:58:24,296 [pool-362-thread-1] INFO  server.RaftServerConfigKeys (ConfUtils.java:logGet(44)) - raft.server.log.statemachine.data.sync.timeout = 10s (default)
2020-07-16 21:58:24,296 [pool-362-thread-1] INFO  server.RaftServerConfigKeys (ConfUtils.java:logGet(44)) - raft.server.log.statemachine.data.sync.timeout.retry = -1 (default)
2020-07-16 21:58:24,298 [pool-362-thread-1] INFO  server.RaftServerConfigKeys (ConfUtils.java:logGet(44)) - raft.server.log.statemachine.data.caching.enabled = true (custom)
2020-07-16 21:58:24,299 [pool-362-thread-1] INFO  segmented.SegmentedRaftLogWorker (SegmentedRaftLogWorker.java:lambda$new$0(129)) - 0cd7fb39-f112-4f4e-916c-e67208469a58@group-8085B57BE6C1-SegmentedRaftLogWorker: flushIndex: setUnconditionally 0 -> -1
2020-07-16 21:58:24,299 [pool-362-thread-1] INFO  segmented.SegmentedRaftLogWorker (SegmentedRaftLogWorker.java:lambda$new$0(129)) - 0cd7fb39-f112-4f4e-916c-e67208469a58@group-8085B57BE6C1-SegmentedRaftLogWorker: safeCacheEvictIndex: setUnconditionally 0 -> -1
2020-07-16 21:58:24,300 [pool-362-thread-1] INFO  server.RaftServerConfigKeys (ConfUtils.java:logGet(44)) - raft.server.snapshot.auto.trigger.enabled = true (custom)
2020-07-16 21:58:24,300 [pool-362-thread-1] INFO  server.RaftServerConfigKeys (ConfUtils.java:logGet(44)) - raft.server.snapshot.auto.trigger.threshold = 10000 (custom)
2020-07-16 21:58:24,300 [pool-362-thread-1] INFO  server.RaftServerConfigKeys (ConfUtils.java:logGet(44)) - raft.server.snapshot.retention.file.num = 5 (custom)
2020-07-16 21:58:24,300 [pool-362-thread-1] INFO  server.RaftServerConfigKeys (ConfUtils.java:logGet(44)) - raft.server.log.purge.upto.snapshot.index = false (default)
2020-07-16 21:58:24,300 [pool-362-thread-1] INFO  server.RaftServerConfigKeys (ConfUtils.java:logGet(44)) - raft.server.retrycache.expirytime = 600000ms (custom)
2020-07-16 21:58:24,301 [pool-362-thread-1] INFO  metrics.RatisMetrics (RatisMetrics.java:lambda$create$0(36)) - Creating Metrics Registry : ratis.leader_election.0cd7fb39-f112-4f4e-916c-e67208469a58@group-8085B57BE6C1
2020-07-16 21:58:24,301 [pool-362-thread-1] INFO  metrics.RatisMetrics (RatisMetrics.java:lambda$create$0(36)) - Creating Metrics Registry : ratis.server.0cd7fb39-f112-4f4e-916c-e67208469a58@group-8085B57BE6C1
2020-07-16 21:58:24,302 [pool-362-thread-1] INFO  impl.RaftServerImpl (RaftServerImpl.java:start(186)) - 0cd7fb39-f112-4f4e-916c-e67208469a58@group-8085B57BE6C1: start as a follower, conf=-1: [0cd7fb39-f112-4f4e-916c-e67208469a58:172.17.0.2:44789], old=null
2020-07-16 21:58:24,302 [pool-362-thread-1] INFO  impl.RaftServerImpl (RaftServerImpl.java:setRole(175)) - 0cd7fb39-f112-4f4e-916c-e67208469a58@group-8085B57BE6C1: changes role from      null to FOLLOWER at term 0 for startAsFollower
2020-07-16 21:58:24,303 [pool-362-thread-1] INFO  impl.RoleInfo (RoleInfo.java:updateAndGet(143)) - 0cd7fb39-f112-4f4e-916c-e67208469a58: start FollowerState
2020-07-16 21:58:24,303 [pool-362-thread-1] INFO  util.JmxRegister (JmxRegister.java:tryRegister(44)) - Successfully registered JMX Bean with object name Ratis:service=RaftServer,group=group-8085B57BE6C1,id=0cd7fb39-f112-4f4e-916c-e67208469a58
2020-07-16 21:58:24,303 [pool-362-thread-1] INFO  metrics.RatisMetrics (RatisMetrics.java:lambda$create$0(36)) - Creating Metrics Registry : ratis.state_machine.0cd7fb39-f112-4f4e-916c-e67208469a58@group-8085B57BE6C1
2020-07-16 21:58:24,304 [Command processor thread] INFO  commandhandler.CreatePipelineCommandHandler (CreatePipelineCommandHandler.java:handle(109)) - Created Pipeline RATIS ONE #id: "b0d94970-4054-46b1-99fd-8085b57be6c1"
uuid128 {
  mostSigBits: -5703446706623592783
  leastSigBits: -7350577705034979647
}
.
2020-07-16 21:58:24,400 [Command processor thread] INFO  impl.RaftServerProxy (RaftServerProxy.java:addNew(89)) - 4c89fc7b-ea3a-41c4-95af-82e0047110c2: addNew group-19632B9C0A65:[4c89fc7b-ea3a-41c4-95af-82e0047110c2:172.17.0.2:38513] returns group-19632B9C0A65:java.util.concurrent.CompletableFuture@5e8550c0[Not completed]
2020-07-16 21:58:24,401 [pool-377-thread-1] INFO  impl.RaftServerImpl (RaftServerImpl.java:<init>(99)) - 4c89fc7b-ea3a-41c4-95af-82e0047110c2: new RaftServerImpl for group-19632B9C0A65:[4c89fc7b-ea3a-41c4-95af-82e0047110c2:172.17.0.2:38513] with ContainerStateMachine:uninitialized
2020-07-16 21:58:24,401 [pool-377-thread-1] INFO  server.RaftServerConfigKeys (ConfUtils.java:logGet(44)) - raft.server.rpc.timeout.min = 5s (custom)
2020-07-16 21:58:24,402 [pool-377-thread-1] INFO  server.RaftServerConfigKeys (ConfUtils.java:logGet(44)) - raft.server.rpc.timeout.max = 5200ms (custom)
2020-07-16 21:58:24,402 [pool-377-thread-1] INFO  server.RaftServerConfigKeys (ConfUtils.java:logGet(44)) - raft.server.rpcslowness.timeout = 300000ms (custom)
2020-07-16 21:58:24,402 [pool-377-thread-1] INFO  server.RaftServerConfigKeys (ConfUtils.java:logGet(44)) - raft.server.sleep.deviation.threshold = 300 (default)
2020-07-16 21:58:24,402 [pool-377-thread-1] INFO  server.RaftServerConfigKeys (ConfUtils.java:logGet(44)) - raft.server.log.appender.install.snapshot.enabled = false (custom)
2020-07-16 21:58:24,402 [pool-377-thread-1] INFO  impl.RaftServerImpl (ServerState.java:<init>(103)) - 4c89fc7b-ea3a-41c4-95af-82e0047110c2@group-19632B9C0A65: ConfigurationManager, init=-1: [4c89fc7b-ea3a-41c4-95af-82e0047110c2:172.17.0.2:38513], old=null, confs=<EMPTY_MAP>
2020-07-16 21:58:24,402 [pool-377-thread-1] INFO  server.RaftServerConfigKeys (ConfUtils.java:logGet(44)) - raft.server.storage.dir = [/github/workspace/mnt/ozone/hadoop-ozone/integration-test/target/test-dir/MiniOzoneClusterImpl-a7962e3b-f01b-438a-a70b-bc4bb46fea7a/datanode-2/data/ratis] (custom)
2020-07-16 21:58:24,402 [pool-377-thread-1] INFO  server.RaftServerConfigKeys (ConfUtils.java:logGet(44)) - raft.server.log.corruption.policy = EXCEPTION (default)
2020-07-16 21:58:24,402 [pool-377-thread-1] INFO  storage.RaftStorageDirectory (RaftStorageDirectory.java:analyzeStorage(261)) - The storage directory /github/workspace/mnt/ozone/hadoop-ozone/integration-test/target/test-dir/MiniOzoneClusterImpl-a7962e3b-f01b-438a-a70b-bc4bb46fea7a/datanode-2/data/ratis/8c1d8211-36e8-4d41-83bf-19632b9c0a65 does not exist. Creating ...
2020-07-16 21:58:24,404 [pool-377-thread-1] INFO  storage.RaftStorageDirectory (RaftStorageDirectory.java:tryLock(343)) - Lock on /github/workspace/mnt/ozone/hadoop-ozone/integration-test/target/test-dir/MiniOzoneClusterImpl-a7962e3b-f01b-438a-a70b-bc4bb46fea7a/datanode-2/data/ratis/8c1d8211-36e8-4d41-83bf-19632b9c0a65/in_use.lock acquired by nodename 44140@996f77e42fba
2020-07-16 21:58:24,406 [pool-377-thread-1] INFO  storage.RaftStorage (RaftStorage.java:format(84)) - Storage directory /github/workspace/mnt/ozone/hadoop-ozone/integration-test/target/test-dir/MiniOzoneClusterImpl-a7962e3b-f01b-438a-a70b-bc4bb46fea7a/datanode-2/data/ratis/8c1d8211-36e8-4d41-83bf-19632b9c0a65 has been successfully formatted.
2020-07-16 21:58:24,406 [pool-377-thread-1] INFO  ratis.ContainerStateMachine (ContainerStateMachine.java:loadSnapshot(225)) - group-19632B9C0A65: The snapshot info is null. Setting the last applied indexto:(t:0, i:~)
2020-07-16 21:58:24,406 [pool-377-thread-1] INFO  server.RaftServerConfigKeys (ConfUtils.java:logGet(44)) - raft.server.notification.no-leader.timeout = 60s (default)
2020-07-16 21:58:24,406 [pool-377-thread-1] INFO  server.RaftServerConfigKeys (ConfUtils.java:logGet(44)) - raft.server.log.use.memory = false (default)
2020-07-16 21:58:24,406 [pool-377-thread-1] INFO  server.RaftServerConfigKeys (ConfUtils.java:logGet(44)) - raft.server.log.purge.gap = 1000000 (custom)
2020-07-16 21:58:24,407 [pool-377-thread-1] INFO  server.RaftServerConfigKeys (ConfUtils.java:logGet(44)) - raft.server.log.appender.buffer.byte-limit = 33554432 (custom)
2020-07-16 21:58:24,407 [EventQueue-PipelineReportForPipelineReportHandler] INFO  pipeline.PipelineStateManager (PipelineStateManager.java:openPipeline(131)) - Pipeline Pipeline[ Id: 8c1d8211-36e8-4d41-83bf-19632b9c0a65, Nodes: 4c89fc7b-ea3a-41c4-95af-82e0047110c2{ip: 172.17.0.2, host: 996f77e42fba, networkLocation: /default-rack, certSerialId: null}, Type:RATIS, Factor:ONE, State:ALLOCATED, leaderId:4c89fc7b-ea3a-41c4-95af-82e0047110c2, CreationTimestamp2020-07-16T21:58:21.404Z] moved to OPEN state
2020-07-16 21:58:24,407 [EventQueue-OpenPipelineForHealthyPipelineSafeModeRule] INFO  safemode.SCMSafeModeManager (HealthyPipelineSafeModeRule.java:process(129)) - SCM in safe mode. Healthy pipelines reported count is 0, required healthy pipeline reported count is 1
2020-07-16 21:58:24,407 [EventQueue-OpenPipelineForOneReplicaPipelineSafeModeRule] INFO  safemode.SCMSafeModeManager (SCMSafeModeManager.java:validateSafeModeExitRules(214)) - AtleastOneDatanodeReportedRule rule is successfully validated
2020-07-16 21:58:24,407 [pool-377-thread-1] INFO  server.RaftServerConfigKeys (ConfUtils.java:logGet(44)) - raft.server.log.segment.size.max = 1048576 (custom)
2020-07-16 21:58:24,408 [pool-377-thread-1] INFO  metrics.RatisMetrics (RatisMetrics.java:lambda$create$0(36)) - Creating Metrics Registry : ratis.log_worker.4c89fc7b-ea3a-41c4-95af-82e0047110c2@group-19632B9C0A65
2020-07-16 21:58:24,408 [pool-377-thread-1] INFO  server.RaftServerConfigKeys (ConfUtils.java:logGet(44)) - raft.server.log.segment.cache.num.max = 2 (custom)
2020-07-16 21:58:24,408 [pool-377-thread-1] INFO  segmented.SegmentedRaftLogWorker (SegmentedRaftLogWorker.java:<init>(180)) - new 4c89fc7b-ea3a-41c4-95af-82e0047110c2@group-19632B9C0A65-SegmentedRaftLogWorker for RaftStorage:Storage Directory /github/workspace/mnt/ozone/hadoop-ozone/integration-test/target/test-dir/MiniOzoneClusterImpl-a7962e3b-f01b-438a-a70b-bc4bb46fea7a/datanode-2/data/ratis/8c1d8211-36e8-4d41-83bf-19632b9c0a65
2020-07-16 21:58:24,408 [pool-377-thread-1] INFO  server.RaftServerConfigKeys (ConfUtils.java:logGet(44)) - raft.server.log.queue.byte-limit = 2147483647 (custom)
2020-07-16 21:58:24,408 [pool-377-thread-1] INFO  server.RaftServerConfigKeys (ConfUtils.java:logGet(44)) - raft.server.log.queue.element-limit = 1024 (custom)
2020-07-16 21:58:24,408 [pool-377-thread-1] INFO  server.RaftServerConfigKeys (ConfUtils.java:logGet(44)) - raft.server.log.segment.size.max = 1048576 (custom)
2020-07-16 21:58:24,408 [pool-377-thread-1] INFO  server.RaftServerConfigKeys (ConfUtils.java:logGet(44)) - raft.server.log.preallocated.size = 16384 (custom)
2020-07-16 21:58:24,408 [pool-377-thread-1] INFO  server.RaftServerConfigKeys (ConfUtils.java:logGet(44)) - raft.server.log.write.buffer.size = 1048576 (custom)
2020-07-16 21:58:24,409 [pool-377-thread-1] INFO  server.RaftServerConfigKeys (ConfUtils.java:logGet(44)) - raft.server.log.force.sync.num = 128 (default)
2020-07-16 21:58:24,409 [pool-377-thread-1] INFO  server.RaftServerConfigKeys (ConfUtils.java:logGet(44)) - raft.server.log.statemachine.data.sync = true (default)
2020-07-16 21:58:24,410 [pool-377-thread-1] INFO  server.RaftServerConfigKeys (ConfUtils.java:logGet(44)) - raft.server.log.statemachine.data.sync.timeout = 10s (default)
2020-07-16 21:58:24,410 [pool-377-thread-1] INFO  server.RaftServerConfigKeys (ConfUtils.java:logGet(44)) - raft.server.log.statemachine.data.sync.timeout.retry = -1 (default)
2020-07-16 21:58:24,411 [pool-377-thread-1] INFO  server.RaftServerConfigKeys (ConfUtils.java:logGet(44)) - raft.server.log.statemachine.data.caching.enabled = true (custom)
2020-07-16 21:58:24,411 [pool-377-thread-1] INFO  segmented.SegmentedRaftLogWorker (SegmentedRaftLogWorker.java:lambda$new$0(129)) - 4c89fc7b-ea3a-41c4-95af-82e0047110c2@group-19632B9C0A65-SegmentedRaftLogWorker: flushIndex: setUnconditionally 0 -> -1
2020-07-16 21:58:24,411 [pool-377-thread-1] INFO  segmented.SegmentedRaftLogWorker (SegmentedRaftLogWorker.java:lambda$new$0(129)) - 4c89fc7b-ea3a-41c4-95af-82e0047110c2@group-19632B9C0A65-SegmentedRaftLogWorker: safeCacheEvictIndex: setUnconditionally 0 -> -1
2020-07-16 21:58:24,412 [pool-377-thread-1] INFO  server.RaftServerConfigKeys (ConfUtils.java:logGet(44)) - raft.server.snapshot.auto.trigger.enabled = true (custom)
2020-07-16 21:58:24,412 [pool-377-thread-1] INFO  server.RaftServerConfigKeys (ConfUtils.java:logGet(44)) - raft.server.snapshot.auto.trigger.threshold = 10000 (custom)
2020-07-16 21:58:24,412 [pool-377-thread-1] INFO  server.RaftServerConfigKeys (ConfUtils.java:logGet(44)) - raft.server.snapshot.retention.file.num = 5 (custom)
2020-07-16 21:58:24,412 [pool-377-thread-1] INFO  server.RaftServerConfigKeys (ConfUtils.java:logGet(44)) - raft.server.log.purge.upto.snapshot.index = false (default)
2020-07-16 21:58:24,412 [pool-377-thread-1] INFO  server.RaftServerConfigKeys (ConfUtils.java:logGet(44)) - raft.server.retrycache.expirytime = 600000ms (custom)
2020-07-16 21:58:24,412 [pool-377-thread-1] INFO  metrics.RatisMetrics (RatisMetrics.java:lambda$create$0(36)) - Creating Metrics Registry : ratis.leader_election.4c89fc7b-ea3a-41c4-95af-82e0047110c2@group-19632B9C0A65
2020-07-16 21:58:24,413 [pool-377-thread-1] INFO  metrics.RatisMetrics (RatisMetrics.java:lambda$create$0(36)) - Creating Metrics Registry : ratis.server.4c89fc7b-ea3a-41c4-95af-82e0047110c2@group-19632B9C0A65
2020-07-16 21:58:24,414 [pool-377-thread-1] INFO  impl.RaftServerImpl (RaftServerImpl.java:start(186)) - 4c89fc7b-ea3a-41c4-95af-82e0047110c2@group-19632B9C0A65: start as a follower, conf=-1: [4c89fc7b-ea3a-41c4-95af-82e0047110c2:172.17.0.2:38513], old=null
2020-07-16 21:58:24,414 [pool-377-thread-1] INFO  impl.RaftServerImpl (RaftServerImpl.java:setRole(175)) - 4c89fc7b-ea3a-41c4-95af-82e0047110c2@group-19632B9C0A65: changes role from      null to FOLLOWER at term 0 for startAsFollower
2020-07-16 21:58:24,414 [pool-377-thread-1] INFO  impl.RoleInfo (RoleInfo.java:updateAndGet(143)) - 4c89fc7b-ea3a-41c4-95af-82e0047110c2: start FollowerState
2020-07-16 21:58:24,414 [pool-377-thread-1] INFO  util.JmxRegister (JmxRegister.java:tryRegister(44)) - Successfully registered JMX Bean with object name Ratis:service=RaftServer,group=group-19632B9C0A65,id=4c89fc7b-ea3a-41c4-95af-82e0047110c2
2020-07-16 21:58:24,414 [pool-377-thread-1] INFO  metrics.RatisMetrics (RatisMetrics.java:lambda$create$0(36)) - Creating Metrics Registry : ratis.state_machine.4c89fc7b-ea3a-41c4-95af-82e0047110c2@group-19632B9C0A65
2020-07-16 21:58:24,415 [Command processor thread] INFO  commandhandler.CreatePipelineCommandHandler (CreatePipelineCommandHandler.java:handle(109)) - Created Pipeline RATIS ONE #id: "8c1d8211-36e8-4d41-83bf-19632b9c0a65"
uuid128 {
  mostSigBits: -8350375123627782847
  leastSigBits: -8953409620465153435
}
.
2020-07-16 21:58:24,529 [Command processor thread] INFO  impl.RaftServerProxy (RaftServerProxy.java:addNew(89)) - eaaa25a0-e74b-44c9-ae3d-9e81de8ecf32: addNew group-F454E035362A:[eaaa25a0-e74b-44c9-ae3d-9e81de8ecf32:172.17.0.2:34731] returns group-F454E035362A:java.util.concurrent.CompletableFuture@10e63faa[Not completed]
2020-07-16 21:58:24,531 [pool-392-thread-1] INFO  impl.RaftServerImpl (RaftServerImpl.java:<init>(99)) - eaaa25a0-e74b-44c9-ae3d-9e81de8ecf32: new RaftServerImpl for group-F454E035362A:[eaaa25a0-e74b-44c9-ae3d-9e81de8ecf32:172.17.0.2:34731] with ContainerStateMachine:uninitialized
2020-07-16 21:58:24,531 [pool-392-thread-1] INFO  server.RaftServerConfigKeys (ConfUtils.java:logGet(44)) - raft.server.rpc.timeout.min = 5s (custom)
2020-07-16 21:58:24,532 [pool-392-thread-1] INFO  server.RaftServerConfigKeys (ConfUtils.java:logGet(44)) - raft.server.rpc.timeout.max = 5200ms (custom)
2020-07-16 21:58:24,532 [pool-392-thread-1] INFO  server.RaftServerConfigKeys (ConfUtils.java:logGet(44)) - raft.server.rpcslowness.timeout = 300000ms (custom)
2020-07-16 21:58:24,532 [pool-392-thread-1] INFO  server.RaftServerConfigKeys (ConfUtils.java:logGet(44)) - raft.server.sleep.deviation.threshold = 300 (default)
2020-07-16 21:58:24,532 [pool-392-thread-1] INFO  server.RaftServerConfigKeys (ConfUtils.java:logGet(44)) - raft.server.log.appender.install.snapshot.enabled = false (custom)
2020-07-16 21:58:24,532 [pool-392-thread-1] INFO  impl.RaftServerImpl (ServerState.java:<init>(103)) - eaaa25a0-e74b-44c9-ae3d-9e81de8ecf32@group-F454E035362A: ConfigurationManager, init=-1: [eaaa25a0-e74b-44c9-ae3d-9e81de8ecf32:172.17.0.2:34731], old=null, confs=<EMPTY_MAP>
2020-07-16 21:58:24,532 [pool-392-thread-1] INFO  server.RaftServerConfigKeys (ConfUtils.java:logGet(44)) - raft.server.storage.dir = [/github/workspace/mnt/ozone/hadoop-ozone/integration-test/target/test-dir/MiniOzoneClusterImpl-a7962e3b-f01b-438a-a70b-bc4bb46fea7a/datanode-3/data/ratis] (custom)
2020-07-16 21:58:24,532 [pool-392-thread-1] INFO  server.RaftServerConfigKeys (ConfUtils.java:logGet(44)) - raft.server.log.corruption.policy = EXCEPTION (default)
2020-07-16 21:58:24,533 [pool-392-thread-1] INFO  storage.RaftStorageDirectory (RaftStorageDirectory.java:analyzeStorage(261)) - The storage directory /github/workspace/mnt/ozone/hadoop-ozone/integration-test/target/test-dir/MiniOzoneClusterImpl-a7962e3b-f01b-438a-a70b-bc4bb46fea7a/datanode-3/data/ratis/549a652a-93f6-4487-8d8b-f454e035362a does not exist. Creating ...
2020-07-16 21:58:24,534 [pool-392-thread-1] INFO  storage.RaftStorageDirectory (RaftStorageDirectory.java:tryLock(343)) - Lock on /github/workspace/mnt/ozone/hadoop-ozone/integration-test/target/test-dir/MiniOzoneClusterImpl-a7962e3b-f01b-438a-a70b-bc4bb46fea7a/datanode-3/data/ratis/549a652a-93f6-4487-8d8b-f454e035362a/in_use.lock acquired by nodename 44140@996f77e42fba
2020-07-16 21:58:24,536 [pool-392-thread-1] INFO  storage.RaftStorage (RaftStorage.java:format(84)) - Storage directory /github/workspace/mnt/ozone/hadoop-ozone/integration-test/target/test-dir/MiniOzoneClusterImpl-a7962e3b-f01b-438a-a70b-bc4bb46fea7a/datanode-3/data/ratis/549a652a-93f6-4487-8d8b-f454e035362a has been successfully formatted.
2020-07-16 21:58:24,539 [pool-392-thread-1] INFO  ratis.ContainerStateMachine (ContainerStateMachine.java:loadSnapshot(225)) - group-F454E035362A: The snapshot info is null. Setting the last applied indexto:(t:0, i:~)
2020-07-16 21:58:24,540 [pool-392-thread-1] INFO  server.RaftServerConfigKeys (ConfUtils.java:logGet(44)) - raft.server.notification.no-leader.timeout = 60s (default)
2020-07-16 21:58:24,540 [pool-392-thread-1] INFO  server.RaftServerConfigKeys (ConfUtils.java:logGet(44)) - raft.server.log.use.memory = false (default)
2020-07-16 21:58:24,540 [pool-392-thread-1] INFO  server.RaftServerConfigKeys (ConfUtils.java:logGet(44)) - raft.server.log.purge.gap = 1000000 (custom)
2020-07-16 21:58:24,540 [pool-392-thread-1] INFO  server.RaftServerConfigKeys (ConfUtils.java:logGet(44)) - raft.server.log.appender.buffer.byte-limit = 33554432 (custom)
2020-07-16 21:58:24,540 [pool-392-thread-1] INFO  server.RaftServerConfigKeys (ConfUtils.java:logGet(44)) - raft.server.log.segment.size.max = 1048576 (custom)
2020-07-16 21:58:24,540 [pool-392-thread-1] INFO  metrics.RatisMetrics (RatisMetrics.java:lambda$create$0(36)) - Creating Metrics Registry : ratis.log_worker.eaaa25a0-e74b-44c9-ae3d-9e81de8ecf32@group-F454E035362A
2020-07-16 21:58:24,540 [EventQueue-PipelineReportForPipelineReportHandler] INFO  pipeline.PipelineStateManager (PipelineStateManager.java:openPipeline(131)) - Pipeline Pipeline[ Id: 549a652a-93f6-4487-8d8b-f454e035362a, Nodes: eaaa25a0-e74b-44c9-ae3d-9e81de8ecf32{ip: 172.17.0.2, host: 996f77e42fba, networkLocation: /default-rack, certSerialId: null}, Type:RATIS, Factor:ONE, State:ALLOCATED, leaderId:eaaa25a0-e74b-44c9-ae3d-9e81de8ecf32, CreationTimestamp2020-07-16T21:58:21.532Z] moved to OPEN state
2020-07-16 21:58:24,540 [pool-392-thread-1] INFO  server.RaftServerConfigKeys (ConfUtils.java:logGet(44)) - raft.server.log.segment.cache.num.max = 2 (custom)
2020-07-16 21:58:24,541 [EventQueue-OpenPipelineForOneReplicaPipelineSafeModeRule] INFO  safemode.SCMSafeModeManager (SCMSafeModeManager.java:validateSafeModeExitRules(214)) - AtleastOneDatanodeReportedRule rule is successfully validated
2020-07-16 21:58:24,541 [EventQueue-OpenPipelineForHealthyPipelineSafeModeRule] INFO  safemode.SCMSafeModeManager (HealthyPipelineSafeModeRule.java:process(129)) - SCM in safe mode. Healthy pipelines reported count is 0, required healthy pipeline reported count is 1
2020-07-16 21:58:24,541 [pool-392-thread-1] INFO  segmented.SegmentedRaftLogWorker (SegmentedRaftLogWorker.java:<init>(180)) - new eaaa25a0-e74b-44c9-ae3d-9e81de8ecf32@group-F454E035362A-SegmentedRaftLogWorker for RaftStorage:Storage Directory /github/workspace/mnt/ozone/hadoop-ozone/integration-test/target/test-dir/MiniOzoneClusterImpl-a7962e3b-f01b-438a-a70b-bc4bb46fea7a/datanode-3/data/ratis/549a652a-93f6-4487-8d8b-f454e035362a
2020-07-16 21:58:24,541 [pool-392-thread-1] INFO  server.RaftServerConfigKeys (ConfUtils.java:logGet(44)) - raft.server.log.queue.byte-limit = 2147483647 (custom)
2020-07-16 21:58:24,541 [pool-392-thread-1] INFO  server.RaftServerConfigKeys (ConfUtils.java:logGet(44)) - raft.server.log.queue.element-limit = 1024 (custom)
2020-07-16 21:58:24,541 [pool-392-thread-1] INFO  server.RaftServerConfigKeys (ConfUtils.java:logGet(44)) - raft.server.log.segment.size.max = 1048576 (custom)
2020-07-16 21:58:24,541 [pool-392-thread-1] INFO  server.RaftServerConfigKeys (ConfUtils.java:logGet(44)) - raft.server.log.preallocated.size = 16384 (custom)
2020-07-16 21:58:24,541 [pool-392-thread-1] INFO  server.RaftServerConfigKeys (ConfUtils.java:logGet(44)) - raft.server.log.write.buffer.size = 1048576 (custom)
2020-07-16 21:58:24,541 [pool-392-thread-1] INFO  server.RaftServerConfigKeys (ConfUtils.java:logGet(44)) - raft.server.log.force.sync.num = 128 (default)
2020-07-16 21:58:24,541 [pool-392-thread-1] INFO  server.RaftServerConfigKeys (ConfUtils.java:logGet(44)) - raft.server.log.statemachine.data.sync = true (default)
2020-07-16 21:58:24,541 [pool-392-thread-1] INFO  server.RaftServerConfigKeys (ConfUtils.java:logGet(44)) - raft.server.log.statemachine.data.sync.timeout = 10s (default)
2020-07-16 21:58:24,541 [pool-392-thread-1] INFO  server.RaftServerConfigKeys (ConfUtils.java:logGet(44)) - raft.server.log.statemachine.data.sync.timeout.retry = -1 (default)
2020-07-16 21:58:24,543 [pool-392-thread-1] INFO  server.RaftServerConfigKeys (ConfUtils.java:logGet(44)) - raft.server.log.statemachine.data.caching.enabled = true (custom)
2020-07-16 21:58:24,543 [pool-392-thread-1] INFO  segmented.SegmentedRaftLogWorker (SegmentedRaftLogWorker.java:lambda$new$0(129)) - eaaa25a0-e74b-44c9-ae3d-9e81de8ecf32@group-F454E035362A-SegmentedRaftLogWorker: flushIndex: setUnconditionally 0 -> -1
2020-07-16 21:58:24,543 [pool-392-thread-1] INFO  segmented.SegmentedRaftLogWorker (SegmentedRaftLogWorker.java:lambda$new$0(129)) - eaaa25a0-e74b-44c9-ae3d-9e81de8ecf32@group-F454E035362A-SegmentedRaftLogWorker: safeCacheEvictIndex: setUnconditionally 0 -> -1
2020-07-16 21:58:24,548 [pool-392-thread-1] INFO  server.RaftServerConfigKeys (ConfUtils.java:logGet(44)) - raft.server.snapshot.auto.trigger.enabled = true (custom)
2020-07-16 21:58:24,548 [pool-392-thread-1] INFO  server.RaftServerConfigKeys (ConfUtils.java:logGet(44)) - raft.server.snapshot.auto.trigger.threshold = 10000 (custom)
2020-07-16 21:58:24,548 [pool-392-thread-1] INFO  server.RaftServerConfigKeys (ConfUtils.java:logGet(44)) - raft.server.snapshot.retention.file.num = 5 (custom)
2020-07-16 21:58:24,549 [pool-392-thread-1] INFO  server.RaftServerConfigKeys (ConfUtils.java:logGet(44)) - raft.server.log.purge.upto.snapshot.index = false (default)
2020-07-16 21:58:24,549 [pool-392-thread-1] INFO  server.RaftServerConfigKeys (ConfUtils.java:logGet(44)) - raft.server.retrycache.expirytime = 600000ms (custom)
2020-07-16 21:58:24,549 [pool-392-thread-1] INFO  metrics.RatisMetrics (RatisMetrics.java:lambda$create$0(36)) - Creating Metrics Registry : ratis.leader_election.eaaa25a0-e74b-44c9-ae3d-9e81de8ecf32@group-F454E035362A
2020-07-16 21:58:24,549 [pool-392-thread-1] INFO  metrics.RatisMetrics (RatisMetrics.java:lambda$create$0(36)) - Creating Metrics Registry : ratis.server.eaaa25a0-e74b-44c9-ae3d-9e81de8ecf32@group-F454E035362A
2020-07-16 21:58:24,550 [pool-392-thread-1] INFO  impl.RaftServerImpl (RaftServerImpl.java:start(186)) - eaaa25a0-e74b-44c9-ae3d-9e81de8ecf32@group-F454E035362A: start as a follower, conf=-1: [eaaa25a0-e74b-44c9-ae3d-9e81de8ecf32:172.17.0.2:34731], old=null
2020-07-16 21:58:24,551 [pool-392-thread-1] INFO  impl.RaftServerImpl (RaftServerImpl.java:setRole(175)) - eaaa25a0-e74b-44c9-ae3d-9e81de8ecf32@group-F454E035362A: changes role from      null to FOLLOWER at term 0 for startAsFollower
2020-07-16 21:58:24,551 [pool-392-thread-1] INFO  impl.RoleInfo (RoleInfo.java:updateAndGet(143)) - eaaa25a0-e74b-44c9-ae3d-9e81de8ecf32: start FollowerState
2020-07-16 21:58:24,551 [pool-392-thread-1] INFO  util.JmxRegister (JmxRegister.java:tryRegister(44)) - Successfully registered JMX Bean with object name Ratis:service=RaftServer,group=group-F454E035362A,id=eaaa25a0-e74b-44c9-ae3d-9e81de8ecf32
2020-07-16 21:58:24,551 [pool-392-thread-1] INFO  metrics.RatisMetrics (RatisMetrics.java:lambda$create$0(36)) - Creating Metrics Registry : ratis.state_machine.eaaa25a0-e74b-44c9-ae3d-9e81de8ecf32@group-F454E035362A
2020-07-16 21:58:24,553 [Command processor thread] INFO  commandhandler.CreatePipelineCommandHandler (CreatePipelineCommandHandler.java:handle(109)) - Created Pipeline RATIS ONE #id: "549a652a-93f6-4487-8d8b-f454e035362a"
uuid128 {
  mostSigBits: 6096296279144809607
  leastSigBits: -8247229647222917590
}
.
2020-07-16 21:58:24,553 [Command processor thread] INFO  impl.RaftServerProxy (RaftServerProxy.java:addNew(89)) - eaaa25a0-e74b-44c9-ae3d-9e81de8ecf32: addNew group-E073253F6CE3:[eaaa25a0-e74b-44c9-ae3d-9e81de8ecf32:172.17.0.2:34731, fed52763-551e-41ff-9d0c-bcac1cecd791:172.17.0.2:46417, b6196858-fcec-41fa-b0a0-ecf9f0ef7020:172.17.0.2:35785] returns group-E073253F6CE3:java.util.concurrent.CompletableFuture@14d9a96e[Not completed]
2020-07-16 21:58:24,554 [pool-392-thread-1] INFO  impl.RaftServerImpl (RaftServerImpl.java:<init>(99)) - eaaa25a0-e74b-44c9-ae3d-9e81de8ecf32: new RaftServerImpl for group-E073253F6CE3:[eaaa25a0-e74b-44c9-ae3d-9e81de8ecf32:172.17.0.2:34731, fed52763-551e-41ff-9d0c-bcac1cecd791:172.17.0.2:46417, b6196858-fcec-41fa-b0a0-ecf9f0ef7020:172.17.0.2:35785] with ContainerStateMachine:uninitialized
2020-07-16 21:58:24,554 [pool-392-thread-1] INFO  server.RaftServerConfigKeys (ConfUtils.java:logGet(44)) - raft.server.rpc.timeout.min = 5s (custom)
2020-07-16 21:58:24,554 [pool-392-thread-1] INFO  server.RaftServerConfigKeys (ConfUtils.java:logGet(44)) - raft.server.rpc.timeout.max = 5200ms (custom)
2020-07-16 21:58:24,554 [pool-392-thread-1] INFO  server.RaftServerConfigKeys (ConfUtils.java:logGet(44)) - raft.server.rpcslowness.timeout = 300000ms (custom)
2020-07-16 21:58:24,554 [pool-392-thread-1] INFO  server.RaftServerConfigKeys (ConfUtils.java:logGet(44)) - raft.server.sleep.deviation.threshold = 300 (default)
2020-07-16 21:58:24,554 [pool-392-thread-1] INFO  server.RaftServerConfigKeys (ConfUtils.java:logGet(44)) - raft.server.log.appender.install.snapshot.enabled = false (custom)
2020-07-16 21:58:24,554 [pool-392-thread-1] INFO  impl.RaftServerImpl (ServerState.java:<init>(103)) - eaaa25a0-e74b-44c9-ae3d-9e81de8ecf32@group-E073253F6CE3: ConfigurationManager, init=-1: [eaaa25a0-e74b-44c9-ae3d-9e81de8ecf32:172.17.0.2:34731, fed52763-551e-41ff-9d0c-bcac1cecd791:172.17.0.2:46417, b6196858-fcec-41fa-b0a0-ecf9f0ef7020:172.17.0.2:35785], old=null, confs=<EMPTY_MAP>
2020-07-16 21:58:24,554 [pool-392-thread-1] INFO  server.RaftServerConfigKeys (ConfUtils.java:logGet(44)) - raft.server.storage.dir = [/github/workspace/mnt/ozone/hadoop-ozone/integration-test/target/test-dir/MiniOzoneClusterImpl-a7962e3b-f01b-438a-a70b-bc4bb46fea7a/datanode-3/data/ratis] (custom)
2020-07-16 21:58:24,554 [pool-392-thread-1] INFO  server.RaftServerConfigKeys (ConfUtils.java:logGet(44)) - raft.server.log.corruption.policy = EXCEPTION (default)
2020-07-16 21:58:24,554 [pool-392-thread-1] INFO  storage.RaftStorageDirectory (RaftStorageDirectory.java:analyzeStorage(261)) - The storage directory /github/workspace/mnt/ozone/hadoop-ozone/integration-test/target/test-dir/MiniOzoneClusterImpl-a7962e3b-f01b-438a-a70b-bc4bb46fea7a/datanode-3/data/ratis/7bc9ce0d-6e07-4883-8848-e073253f6ce3 does not exist. Creating ...
2020-07-16 21:58:24,556 [pool-392-thread-1] INFO  storage.RaftStorageDirectory (RaftStorageDirectory.java:tryLock(343)) - Lock on /github/workspace/mnt/ozone/hadoop-ozone/integration-test/target/test-dir/MiniOzoneClusterImpl-a7962e3b-f01b-438a-a70b-bc4bb46fea7a/datanode-3/data/ratis/7bc9ce0d-6e07-4883-8848-e073253f6ce3/in_use.lock acquired by nodename 44140@996f77e42fba
2020-07-16 21:58:24,557 [pool-392-thread-1] INFO  storage.RaftStorage (RaftStorage.java:format(84)) - Storage directory /github/workspace/mnt/ozone/hadoop-ozone/integration-test/target/test-dir/MiniOzoneClusterImpl-a7962e3b-f01b-438a-a70b-bc4bb46fea7a/datanode-3/data/ratis/7bc9ce0d-6e07-4883-8848-e073253f6ce3 has been successfully formatted.
2020-07-16 21:58:24,558 [pool-392-thread-1] INFO  ratis.ContainerStateMachine (ContainerStateMachine.java:loadSnapshot(225)) - group-E073253F6CE3: The snapshot info is null. Setting the last applied indexto:(t:0, i:~)
2020-07-16 21:58:24,558 [pool-392-thread-1] INFO  server.RaftServerConfigKeys (ConfUtils.java:logGet(44)) - raft.server.notification.no-leader.timeout = 60s (default)
2020-07-16 21:58:24,558 [pool-392-thread-1] INFO  server.RaftServerConfigKeys (ConfUtils.java:logGet(44)) - raft.server.log.use.memory = false (default)
2020-07-16 21:58:24,558 [pool-392-thread-1] INFO  server.RaftServerConfigKeys (ConfUtils.java:logGet(44)) - raft.server.log.purge.gap = 1000000 (custom)
2020-07-16 21:58:24,558 [pool-392-thread-1] INFO  server.RaftServerConfigKeys (ConfUtils.java:logGet(44)) - raft.server.log.appender.buffer.byte-limit = 33554432 (custom)
2020-07-16 21:58:24,558 [pool-392-thread-1] INFO  server.RaftServerConfigKeys (ConfUtils.java:logGet(44)) - raft.server.log.segment.size.max = 1048576 (custom)
2020-07-16 21:58:24,558 [pool-392-thread-1] INFO  metrics.RatisMetrics (RatisMetrics.java:lambda$create$0(36)) - Creating Metrics Registry : ratis.log_worker.eaaa25a0-e74b-44c9-ae3d-9e81de8ecf32@group-E073253F6CE3
2020-07-16 21:58:24,558 [pool-392-thread-1] INFO  server.RaftServerConfigKeys (ConfUtils.java:logGet(44)) - raft.server.log.segment.cache.num.max = 2 (custom)
2020-07-16 21:58:24,558 [pool-392-thread-1] INFO  segmented.SegmentedRaftLogWorker (SegmentedRaftLogWorker.java:<init>(180)) - new eaaa25a0-e74b-44c9-ae3d-9e81de8ecf32@group-E073253F6CE3-SegmentedRaftLogWorker for RaftStorage:Storage Directory /github/workspace/mnt/ozone/hadoop-ozone/integration-test/target/test-dir/MiniOzoneClusterImpl-a7962e3b-f01b-438a-a70b-bc4bb46fea7a/datanode-3/data/ratis/7bc9ce0d-6e07-4883-8848-e073253f6ce3
2020-07-16 21:58:24,558 [pool-392-thread-1] INFO  server.RaftServerConfigKeys (ConfUtils.java:logGet(44)) - raft.server.log.queue.byte-limit = 2147483647 (custom)
2020-07-16 21:58:24,559 [pool-392-thread-1] INFO  server.RaftServerConfigKeys (ConfUtils.java:logGet(44)) - raft.server.log.queue.element-limit = 1024 (custom)
2020-07-16 21:58:24,559 [pool-392-thread-1] INFO  server.RaftServerConfigKeys (ConfUtils.java:logGet(44)) - raft.server.log.segment.size.max = 1048576 (custom)
2020-07-16 21:58:24,559 [pool-392-thread-1] INFO  server.RaftServerConfigKeys (ConfUtils.java:logGet(44)) - raft.server.log.preallocated.size = 16384 (custom)
2020-07-16 21:58:24,559 [pool-392-thread-1] INFO  server.RaftServerConfigKeys (ConfUtils.java:logGet(44)) - raft.server.log.write.buffer.size = 1048576 (custom)
2020-07-16 21:58:24,559 [pool-392-thread-1] INFO  server.RaftServerConfigKeys (ConfUtils.java:logGet(44)) - raft.server.log.force.sync.num = 128 (default)
2020-07-16 21:58:24,559 [pool-392-thread-1] INFO  server.RaftServerConfigKeys (ConfUtils.java:logGet(44)) - raft.server.log.statemachine.data.sync = true (default)
2020-07-16 21:58:24,559 [pool-392-thread-1] INFO  server.RaftServerConfigKeys (ConfUtils.java:logGet(44)) - raft.server.log.statemachine.data.sync.timeout = 10s (default)
2020-07-16 21:58:24,559 [pool-392-thread-1] INFO  server.RaftServerConfigKeys (ConfUtils.java:logGet(44)) - raft.server.log.statemachine.data.sync.timeout.retry = -1 (default)
2020-07-16 21:58:24,561 [pool-392-thread-1] INFO  server.RaftServerConfigKeys (ConfUtils.java:logGet(44)) - raft.server.log.statemachine.data.caching.enabled = true (custom)
2020-07-16 21:58:24,561 [pool-392-thread-1] INFO  segmented.SegmentedRaftLogWorker (SegmentedRaftLogWorker.java:lambda$new$0(129)) - eaaa25a0-e74b-44c9-ae3d-9e81de8ecf32@group-E073253F6CE3-SegmentedRaftLogWorker: flushIndex: setUnconditionally 0 -> -1
2020-07-16 21:58:24,561 [pool-392-thread-1] INFO  segmented.SegmentedRaftLogWorker (SegmentedRaftLogWorker.java:lambda$new$0(129)) - eaaa25a0-e74b-44c9-ae3d-9e81de8ecf32@group-E073253F6CE3-SegmentedRaftLogWorker: safeCacheEvictIndex: setUnconditionally 0 -> -1
2020-07-16 21:58:24,562 [pool-392-thread-1] INFO  server.RaftServerConfigKeys (ConfUtils.java:logGet(44)) - raft.server.snapshot.auto.trigger.enabled = true (custom)
2020-07-16 21:58:24,563 [pool-392-thread-1] INFO  server.RaftServerConfigKeys (ConfUtils.java:logGet(44)) - raft.server.snapshot.auto.trigger.threshold = 10000 (custom)
2020-07-16 21:58:24,563 [pool-392-thread-1] INFO  server.RaftServerConfigKeys (ConfUtils.java:logGet(44)) - raft.server.snapshot.retention.file.num = 5 (custom)
2020-07-16 21:58:24,563 [pool-392-thread-1] INFO  server.RaftServerConfigKeys (ConfUtils.java:logGet(44)) - raft.server.log.purge.upto.snapshot.index = false (default)
2020-07-16 21:58:24,563 [pool-392-thread-1] INFO  server.RaftServerConfigKeys (ConfUtils.java:logGet(44)) - raft.server.retrycache.expirytime = 600000ms (custom)
2020-07-16 21:58:24,563 [pool-392-thread-1] INFO  metrics.RatisMetrics (RatisMetrics.java:lambda$create$0(36)) - Creating Metrics Registry : ratis.leader_election.eaaa25a0-e74b-44c9-ae3d-9e81de8ecf32@group-E073253F6CE3
2020-07-16 21:58:24,563 [pool-392-thread-1] INFO  metrics.RatisMetrics (RatisMetrics.java:lambda$create$0(36)) - Creating Metrics Registry : ratis.server.eaaa25a0-e74b-44c9-ae3d-9e81de8ecf32@group-E073253F6CE3
2020-07-16 21:58:24,565 [pool-392-thread-1] INFO  impl.RaftServerImpl (RaftServerImpl.java:start(186)) - eaaa25a0-e74b-44c9-ae3d-9e81de8ecf32@group-E073253F6CE3: start as a follower, conf=-1: [eaaa25a0-e74b-44c9-ae3d-9e81de8ecf32:172.17.0.2:34731, fed52763-551e-41ff-9d0c-bcac1cecd791:172.17.0.2:46417, b6196858-fcec-41fa-b0a0-ecf9f0ef7020:172.17.0.2:35785], old=null
2020-07-16 21:58:24,565 [pool-392-thread-1] INFO  impl.RaftServerImpl (RaftServerImpl.java:setRole(175)) - eaaa25a0-e74b-44c9-ae3d-9e81de8ecf32@group-E073253F6CE3: changes role from      null to FOLLOWER at term 0 for startAsFollower
2020-07-16 21:58:24,565 [pool-392-thread-1] INFO  impl.RoleInfo (RoleInfo.java:updateAndGet(143)) - eaaa25a0-e74b-44c9-ae3d-9e81de8ecf32: start FollowerState
2020-07-16 21:58:24,565 [pool-392-thread-1] INFO  util.JmxRegister (JmxRegister.java:tryRegister(44)) - Successfully registered JMX Bean with object name Ratis:service=RaftServer,group=group-E073253F6CE3,id=eaaa25a0-e74b-44c9-ae3d-9e81de8ecf32
2020-07-16 21:58:24,565 [pool-392-thread-1] INFO  metrics.RatisMetrics (RatisMetrics.java:lambda$create$0(36)) - Creating Metrics Registry : ratis.state_machine.eaaa25a0-e74b-44c9-ae3d-9e81de8ecf32@group-E073253F6CE3
2020-07-16 21:58:24,575 [grpc-default-executor-0] INFO  impl.RaftServerProxy (RaftServerProxy.java:addNew(89)) - b6196858-fcec-41fa-b0a0-ecf9f0ef7020: addNew group-E073253F6CE3:[eaaa25a0-e74b-44c9-ae3d-9e81de8ecf32:172.17.0.2:34731, fed52763-551e-41ff-9d0c-bcac1cecd791:172.17.0.2:46417, b6196858-fcec-41fa-b0a0-ecf9f0ef7020:172.17.0.2:35785] returns group-E073253F6CE3:java.util.concurrent.CompletableFuture@71d3670f[Not completed]
2020-07-16 21:58:24,575 [pool-422-thread-1] INFO  impl.RaftServerImpl (RaftServerImpl.java:<init>(99)) - b6196858-fcec-41fa-b0a0-ecf9f0ef7020: new RaftServerImpl for group-E073253F6CE3:[eaaa25a0-e74b-44c9-ae3d-9e81de8ecf32:172.17.0.2:34731, fed52763-551e-41ff-9d0c-bcac1cecd791:172.17.0.2:46417, b6196858-fcec-41fa-b0a0-ecf9f0ef7020:172.17.0.2:35785] with ContainerStateMachine:uninitialized
2020-07-16 21:58:24,576 [pool-422-thread-1] INFO  server.RaftServerConfigKeys (ConfUtils.java:logGet(44)) - raft.server.rpc.timeout.min = 5s (custom)
2020-07-16 21:58:24,576 [pool-422-thread-1] INFO  server.RaftServerConfigKeys (ConfUtils.java:logGet(44)) - raft.server.rpc.timeout.max = 5200ms (custom)
2020-07-16 21:58:24,576 [pool-422-thread-1] INFO  server.RaftServerConfigKeys (ConfUtils.java:logGet(44)) - raft.server.rpcslowness.timeout = 300000ms (custom)
2020-07-16 21:58:24,576 [pool-422-thread-1] INFO  server.RaftServerConfigKeys (ConfUtils.java:logGet(44)) - raft.server.sleep.deviation.threshold = 300 (default)
2020-07-16 21:58:24,576 [pool-422-thread-1] INFO  server.RaftServerConfigKeys (ConfUtils.java:logGet(44)) - raft.server.log.appender.install.snapshot.enabled = false (custom)
2020-07-16 21:58:24,576 [pool-422-thread-1] INFO  impl.RaftServerImpl (ServerState.java:<init>(103)) - b6196858-fcec-41fa-b0a0-ecf9f0ef7020@group-E073253F6CE3: ConfigurationManager, init=-1: [eaaa25a0-e74b-44c9-ae3d-9e81de8ecf32:172.17.0.2:34731, fed52763-551e-41ff-9d0c-bcac1cecd791:172.17.0.2:46417, b6196858-fcec-41fa-b0a0-ecf9f0ef7020:172.17.0.2:35785], old=null, confs=<EMPTY_MAP>
2020-07-16 21:58:24,576 [pool-422-thread-1] INFO  server.RaftServerConfigKeys (ConfUtils.java:logGet(44)) - raft.server.storage.dir = [/github/workspace/mnt/ozone/hadoop-ozone/integration-test/target/test-dir/MiniOzoneClusterImpl-a7962e3b-f01b-438a-a70b-bc4bb46fea7a/datanode-5/data/ratis] (custom)
2020-07-16 21:58:24,576 [pool-422-thread-1] INFO  server.RaftServerConfigKeys (ConfUtils.java:logGet(44)) - raft.server.log.corruption.policy = EXCEPTION (default)
2020-07-16 21:58:24,576 [pool-422-thread-1] INFO  storage.RaftStorageDirectory (RaftStorageDirectory.java:analyzeStorage(261)) - The storage directory /github/workspace/mnt/ozone/hadoop-ozone/integration-test/target/test-dir/MiniOzoneClusterImpl-a7962e3b-f01b-438a-a70b-bc4bb46fea7a/datanode-5/data/ratis/7bc9ce0d-6e07-4883-8848-e073253f6ce3 does not exist. Creating ...
2020-07-16 21:58:24,577 [pool-422-thread-1] INFO  storage.RaftStorageDirectory (RaftStorageDirectory.java:tryLock(343)) - Lock on /github/workspace/mnt/ozone/hadoop-ozone/integration-test/target/test-dir/MiniOzoneClusterImpl-a7962e3b-f01b-438a-a70b-bc4bb46fea7a/datanode-5/data/ratis/7bc9ce0d-6e07-4883-8848-e073253f6ce3/in_use.lock acquired by nodename 44140@996f77e42fba
2020-07-16 21:58:24,579 [pool-422-thread-1] INFO  storage.RaftStorage (RaftStorage.java:format(84)) - Storage directory /github/workspace/mnt/ozone/hadoop-ozone/integration-test/target/test-dir/MiniOzoneClusterImpl-a7962e3b-f01b-438a-a70b-bc4bb46fea7a/datanode-5/data/ratis/7bc9ce0d-6e07-4883-8848-e073253f6ce3 has been successfully formatted.
2020-07-16 21:58:24,580 [pool-422-thread-1] INFO  ratis.ContainerStateMachine (ContainerStateMachine.java:loadSnapshot(225)) - group-E073253F6CE3: The snapshot info is null. Setting the last applied indexto:(t:0, i:~)
2020-07-16 21:58:24,580 [pool-422-thread-1] INFO  server.RaftServerConfigKeys (ConfUtils.java:logGet(44)) - raft.server.notification.no-leader.timeout = 60s (default)
2020-07-16 21:58:24,581 [pool-422-thread-1] INFO  server.RaftServerConfigKeys (ConfUtils.java:logGet(44)) - raft.server.log.use.memory = false (default)
2020-07-16 21:58:24,581 [pool-422-thread-1] INFO  server.RaftServerConfigKeys (ConfUtils.java:logGet(44)) - raft.server.log.purge.gap = 1000000 (custom)
2020-07-16 21:58:24,581 [pool-422-thread-1] INFO  server.RaftServerConfigKeys (ConfUtils.java:logGet(44)) - raft.server.log.appender.buffer.byte-limit = 33554432 (custom)
2020-07-16 21:58:24,581 [pool-422-thread-1] INFO  server.RaftServerConfigKeys (ConfUtils.java:logGet(44)) - raft.server.log.segment.size.max = 1048576 (custom)
2020-07-16 21:58:24,581 [pool-422-thread-1] INFO  metrics.RatisMetrics (RatisMetrics.java:lambda$create$0(36)) - Creating Metrics Registry : ratis.log_worker.b6196858-fcec-41fa-b0a0-ecf9f0ef7020@group-E073253F6CE3
2020-07-16 21:58:24,582 [pool-422-thread-1] INFO  server.RaftServerConfigKeys (ConfUtils.java:logGet(44)) - raft.server.log.segment.cache.num.max = 2 (custom)
2020-07-16 21:58:24,582 [pool-422-thread-1] INFO  segmented.SegmentedRaftLogWorker (SegmentedRaftLogWorker.java:<init>(180)) - new b6196858-fcec-41fa-b0a0-ecf9f0ef7020@group-E073253F6CE3-SegmentedRaftLogWorker for RaftStorage:Storage Directory /github/workspace/mnt/ozone/hadoop-ozone/integration-test/target/test-dir/MiniOzoneClusterImpl-a7962e3b-f01b-438a-a70b-bc4bb46fea7a/datanode-5/data/ratis/7bc9ce0d-6e07-4883-8848-e073253f6ce3
2020-07-16 21:58:24,582 [pool-422-thread-1] INFO  server.RaftServerConfigKeys (ConfUtils.java:logGet(44)) - raft.server.log.queue.byte-limit = 2147483647 (custom)
2020-07-16 21:58:24,582 [pool-422-thread-1] INFO  server.RaftServerConfigKeys (ConfUtils.java:logGet(44)) - raft.server.log.queue.element-limit = 1024 (custom)
2020-07-16 21:58:24,582 [pool-422-thread-1] INFO  server.RaftServerConfigKeys (ConfUtils.java:logGet(44)) - raft.server.log.segment.size.max = 1048576 (custom)
2020-07-16 21:58:24,582 [pool-422-thread-1] INFO  server.RaftServerConfigKeys (ConfUtils.java:logGet(44)) - raft.server.log.preallocated.size = 16384 (custom)
2020-07-16 21:58:24,582 [pool-422-thread-1] INFO  server.RaftServerConfigKeys (ConfUtils.java:logGet(44)) - raft.server.log.write.buffer.size = 1048576 (custom)
2020-07-16 21:58:24,582 [pool-422-thread-1] INFO  server.RaftServerConfigKeys (ConfUtils.java:logGet(44)) - raft.server.log.force.sync.num = 128 (default)
2020-07-16 21:58:24,582 [pool-422-thread-1] INFO  server.RaftServerConfigKeys (ConfUtils.java:logGet(44)) - raft.server.log.statemachine.data.sync = true (default)
2020-07-16 21:58:24,582 [pool-422-thread-1] INFO  server.RaftServerConfigKeys (ConfUtils.java:logGet(44)) - raft.server.log.statemachine.data.sync.timeout = 10s (default)
2020-07-16 21:58:24,583 [pool-422-thread-1] INFO  server.RaftServerConfigKeys (ConfUtils.java:logGet(44)) - raft.server.log.statemachine.data.sync.timeout.retry = -1 (default)
2020-07-16 21:58:24,585 [pool-422-thread-1] INFO  server.RaftServerConfigKeys (ConfUtils.java:logGet(44)) - raft.server.log.statemachine.data.caching.enabled = true (custom)
2020-07-16 21:58:24,585 [pool-422-thread-1] INFO  segmented.SegmentedRaftLogWorker (SegmentedRaftLogWorker.java:lambda$new$0(129)) - b6196858-fcec-41fa-b0a0-ecf9f0ef7020@group-E073253F6CE3-SegmentedRaftLogWorker: flushIndex: setUnconditionally 0 -> -1
2020-07-16 21:58:24,585 [pool-422-thread-1] INFO  segmented.SegmentedRaftLogWorker (SegmentedRaftLogWorker.java:lambda$new$0(129)) - b6196858-fcec-41fa-b0a0-ecf9f0ef7020@group-E073253F6CE3-SegmentedRaftLogWorker: safeCacheEvictIndex: setUnconditionally 0 -> -1
2020-07-16 21:58:24,585 [pool-422-thread-1] INFO  server.RaftServerConfigKeys (ConfUtils.java:logGet(44)) - raft.server.snapshot.auto.trigger.enabled = true (custom)
2020-07-16 21:58:24,585 [pool-422-thread-1] INFO  server.RaftServerConfigKeys (ConfUtils.java:logGet(44)) - raft.server.snapshot.auto.trigger.threshold = 10000 (custom)
2020-07-16 21:58:24,585 [pool-422-thread-1] INFO  server.RaftServerConfigKeys (ConfUtils.java:logGet(44)) - raft.server.snapshot.retention.file.num = 5 (custom)
2020-07-16 21:58:24,585 [pool-422-thread-1] INFO  server.RaftServerConfigKeys (ConfUtils.java:logGet(44)) - raft.server.log.purge.upto.snapshot.index = false (default)
2020-07-16 21:58:24,585 [pool-422-thread-1] INFO  server.RaftServerConfigKeys (ConfUtils.java:logGet(44)) - raft.server.retrycache.expirytime = 600000ms (custom)
2020-07-16 21:58:24,585 [pool-422-thread-1] INFO  metrics.RatisMetrics (RatisMetrics.java:lambda$create$0(36)) - Creating Metrics Registry : ratis.leader_election.b6196858-fcec-41fa-b0a0-ecf9f0ef7020@group-E073253F6CE3
2020-07-16 21:58:24,586 [pool-422-thread-1] INFO  metrics.RatisMetrics (RatisMetrics.java:lambda$create$0(36)) - Creating Metrics Registry : ratis.server.b6196858-fcec-41fa-b0a0-ecf9f0ef7020@group-E073253F6CE3
2020-07-16 21:58:24,587 [pool-422-thread-1] INFO  impl.RaftServerImpl (RaftServerImpl.java:start(186)) - b6196858-fcec-41fa-b0a0-ecf9f0ef7020@group-E073253F6CE3: start as a follower, conf=-1: [eaaa25a0-e74b-44c9-ae3d-9e81de8ecf32:172.17.0.2:34731, fed52763-551e-41ff-9d0c-bcac1cecd791:172.17.0.2:46417, b6196858-fcec-41fa-b0a0-ecf9f0ef7020:172.17.0.2:35785], old=null
2020-07-16 21:58:24,587 [pool-422-thread-1] INFO  impl.RaftServerImpl (RaftServerImpl.java:setRole(175)) - b6196858-fcec-41fa-b0a0-ecf9f0ef7020@group-E073253F6CE3: changes role from      null to FOLLOWER at term 0 for startAsFollower
2020-07-16 21:58:24,587 [pool-422-thread-1] INFO  impl.RoleInfo (RoleInfo.java:updateAndGet(143)) - b6196858-fcec-41fa-b0a0-ecf9f0ef7020: start FollowerState
2020-07-16 21:58:24,588 [pool-422-thread-1] INFO  util.JmxRegister (JmxRegister.java:tryRegister(44)) - Successfully registered JMX Bean with object name Ratis:service=RaftServer,group=group-E073253F6CE3,id=b6196858-fcec-41fa-b0a0-ecf9f0ef7020
2020-07-16 21:58:24,588 [pool-422-thread-1] INFO  metrics.RatisMetrics (RatisMetrics.java:lambda$create$0(36)) - Creating Metrics Registry : ratis.state_machine.b6196858-fcec-41fa-b0a0-ecf9f0ef7020@group-E073253F6CE3
2020-07-16 21:58:24,602 [grpc-default-executor-0] INFO  impl.RaftServerProxy (RaftServerProxy.java:addNew(89)) - fed52763-551e-41ff-9d0c-bcac1cecd791: addNew group-E073253F6CE3:[eaaa25a0-e74b-44c9-ae3d-9e81de8ecf32:172.17.0.2:34731, fed52763-551e-41ff-9d0c-bcac1cecd791:172.17.0.2:46417, b6196858-fcec-41fa-b0a0-ecf9f0ef7020:172.17.0.2:35785] returns group-E073253F6CE3:java.util.concurrent.CompletableFuture@6e0c726f[Not completed]
2020-07-16 21:58:24,603 [pool-407-thread-1] INFO  impl.RaftServerImpl (RaftServerImpl.java:<init>(99)) - fed52763-551e-41ff-9d0c-bcac1cecd791: new RaftServerImpl for group-E073253F6CE3:[eaaa25a0-e74b-44c9-ae3d-9e81de8ecf32:172.17.0.2:34731, fed52763-551e-41ff-9d0c-bcac1cecd791:172.17.0.2:46417, b6196858-fcec-41fa-b0a0-ecf9f0ef7020:172.17.0.2:35785] with ContainerStateMachine:uninitialized
2020-07-16 21:58:24,603 [pool-407-thread-1] INFO  server.RaftServerConfigKeys (ConfUtils.java:logGet(44)) - raft.server.rpc.timeout.min = 5s (custom)
2020-07-16 21:58:24,603 [pool-407-thread-1] INFO  server.RaftServerConfigKeys (ConfUtils.java:logGet(44)) - raft.server.rpc.timeout.max = 5200ms (custom)
2020-07-16 21:58:24,603 [pool-407-thread-1] INFO  server.RaftServerConfigKeys (ConfUtils.java:logGet(44)) - raft.server.rpcslowness.timeout = 300000ms (custom)
2020-07-16 21:58:24,603 [pool-407-thread-1] INFO  server.RaftServerConfigKeys (ConfUtils.java:logGet(44)) - raft.server.sleep.deviation.threshold = 300 (default)
2020-07-16 21:58:24,603 [pool-407-thread-1] INFO  server.RaftServerConfigKeys (ConfUtils.java:logGet(44)) - raft.server.log.appender.install.snapshot.enabled = false (custom)
2020-07-16 21:58:24,603 [pool-407-thread-1] INFO  impl.RaftServerImpl (ServerState.java:<init>(103)) - fed52763-551e-41ff-9d0c-bcac1cecd791@group-E073253F6CE3: ConfigurationManager, init=-1: [eaaa25a0-e74b-44c9-ae3d-9e81de8ecf32:172.17.0.2:34731, fed52763-551e-41ff-9d0c-bcac1cecd791:172.17.0.2:46417, b6196858-fcec-41fa-b0a0-ecf9f0ef7020:172.17.0.2:35785], old=null, confs=<EMPTY_MAP>
2020-07-16 21:58:24,604 [pool-407-thread-1] INFO  server.RaftServerConfigKeys (ConfUtils.java:logGet(44)) - raft.server.storage.dir = [/github/workspace/mnt/ozone/hadoop-ozone/integration-test/target/test-dir/MiniOzoneClusterImpl-a7962e3b-f01b-438a-a70b-bc4bb46fea7a/datanode-4/data/ratis] (custom)
2020-07-16 21:58:24,604 [pool-407-thread-1] INFO  server.RaftServerConfigKeys (ConfUtils.java:logGet(44)) - raft.server.log.corruption.policy = EXCEPTION (default)
2020-07-16 21:58:24,604 [pool-407-thread-1] INFO  storage.RaftStorageDirectory (RaftStorageDirectory.java:analyzeStorage(261)) - The storage directory /github/workspace/mnt/ozone/hadoop-ozone/integration-test/target/test-dir/MiniOzoneClusterImpl-a7962e3b-f01b-438a-a70b-bc4bb46fea7a/datanode-4/data/ratis/7bc9ce0d-6e07-4883-8848-e073253f6ce3 does not exist. Creating ...
2020-07-16 21:58:24,605 [pool-407-thread-1] INFO  storage.RaftStorageDirectory (RaftStorageDirectory.java:tryLock(343)) - Lock on /github/workspace/mnt/ozone/hadoop-ozone/integration-test/target/test-dir/MiniOzoneClusterImpl-a7962e3b-f01b-438a-a70b-bc4bb46fea7a/datanode-4/data/ratis/7bc9ce0d-6e07-4883-8848-e073253f6ce3/in_use.lock acquired by nodename 44140@996f77e42fba
2020-07-16 21:58:24,606 [pool-407-thread-1] INFO  storage.RaftStorage (RaftStorage.java:format(84)) - Storage directory /github/workspace/mnt/ozone/hadoop-ozone/integration-test/target/test-dir/MiniOzoneClusterImpl-a7962e3b-f01b-438a-a70b-bc4bb46fea7a/datanode-4/data/ratis/7bc9ce0d-6e07-4883-8848-e073253f6ce3 has been successfully formatted.
2020-07-16 21:58:24,608 [pool-407-thread-1] INFO  ratis.ContainerStateMachine (ContainerStateMachine.java:loadSnapshot(225)) - group-E073253F6CE3: The snapshot info is null. Setting the last applied indexto:(t:0, i:~)
2020-07-16 21:58:24,609 [pool-407-thread-1] INFO  server.RaftServerConfigKeys (ConfUtils.java:logGet(44)) - raft.server.notification.no-leader.timeout = 60s (default)
2020-07-16 21:58:24,610 [pool-407-thread-1] INFO  server.RaftServerConfigKeys (ConfUtils.java:logGet(44)) - raft.server.log.use.memory = false (default)
2020-07-16 21:58:24,610 [pool-407-thread-1] INFO  server.RaftServerConfigKeys (ConfUtils.java:logGet(44)) - raft.server.log.purge.gap = 1000000 (custom)
2020-07-16 21:58:24,610 [pool-407-thread-1] INFO  server.RaftServerConfigKeys (ConfUtils.java:logGet(44)) - raft.server.log.appender.buffer.byte-limit = 33554432 (custom)
2020-07-16 21:58:24,610 [pool-407-thread-1] INFO  server.RaftServerConfigKeys (ConfUtils.java:logGet(44)) - raft.server.log.segment.size.max = 1048576 (custom)
2020-07-16 21:58:24,610 [pool-407-thread-1] INFO  metrics.RatisMetrics (RatisMetrics.java:lambda$create$0(36)) - Creating Metrics Registry : ratis.log_worker.fed52763-551e-41ff-9d0c-bcac1cecd791@group-E073253F6CE3
2020-07-16 21:58:24,610 [pool-407-thread-1] INFO  server.RaftServerConfigKeys (ConfUtils.java:logGet(44)) - raft.server.log.segment.cache.num.max = 2 (custom)
2020-07-16 21:58:24,610 [pool-407-thread-1] INFO  segmented.SegmentedRaftLogWorker (SegmentedRaftLogWorker.java:<init>(180)) - new fed52763-551e-41ff-9d0c-bcac1cecd791@group-E073253F6CE3-SegmentedRaftLogWorker for RaftStorage:Storage Directory /github/workspace/mnt/ozone/hadoop-ozone/integration-test/target/test-dir/MiniOzoneClusterImpl-a7962e3b-f01b-438a-a70b-bc4bb46fea7a/datanode-4/data/ratis/7bc9ce0d-6e07-4883-8848-e073253f6ce3
2020-07-16 21:58:24,610 [pool-407-thread-1] INFO  server.RaftServerConfigKeys (ConfUtils.java:logGet(44)) - raft.server.log.queue.byte-limit = 2147483647 (custom)
2020-07-16 21:58:24,610 [pool-407-thread-1] INFO  server.RaftServerConfigKeys (ConfUtils.java:logGet(44)) - raft.server.log.queue.element-limit = 1024 (custom)
2020-07-16 21:58:24,610 [pool-407-thread-1] INFO  server.RaftServerConfigKeys (ConfUtils.java:logGet(44)) - raft.server.log.segment.size.max = 1048576 (custom)
2020-07-16 21:58:24,610 [pool-407-thread-1] INFO  server.RaftServerConfigKeys (ConfUtils.java:logGet(44)) - raft.server.log.preallocated.size = 16384 (custom)
2020-07-16 21:58:24,611 [pool-407-thread-1] INFO  server.RaftServerConfigKeys (ConfUtils.java:logGet(44)) - raft.server.log.write.buffer.size = 1048576 (custom)
2020-07-16 21:58:24,611 [pool-407-thread-1] INFO  server.RaftServerConfigKeys (ConfUtils.java:logGet(44)) - raft.server.log.force.sync.num = 128 (default)
2020-07-16 21:58:24,611 [pool-407-thread-1] INFO  server.RaftServerConfigKeys (ConfUtils.java:logGet(44)) - raft.server.log.statemachine.data.sync = true (default)
2020-07-16 21:58:24,611 [pool-407-thread-1] INFO  server.RaftServerConfigKeys (ConfUtils.java:logGet(44)) - raft.server.log.statemachine.data.sync.timeout = 10s (default)
2020-07-16 21:58:24,611 [pool-407-thread-1] INFO  server.RaftServerConfigKeys (ConfUtils.java:logGet(44)) - raft.server.log.statemachine.data.sync.timeout.retry = -1 (default)
2020-07-16 21:58:24,612 [pool-407-thread-1] INFO  server.RaftServerConfigKeys (ConfUtils.java:logGet(44)) - raft.server.log.statemachine.data.caching.enabled = true (custom)
2020-07-16 21:58:24,613 [pool-407-thread-1] INFO  segmented.SegmentedRaftLogWorker (SegmentedRaftLogWorker.java:lambda$new$0(129)) - fed52763-551e-41ff-9d0c-bcac1cecd791@group-E073253F6CE3-SegmentedRaftLogWorker: flushIndex: setUnconditionally 0 -> -1
2020-07-16 21:58:24,613 [pool-407-thread-1] INFO  segmented.SegmentedRaftLogWorker (SegmentedRaftLogWorker.java:lambda$new$0(129)) - fed52763-551e-41ff-9d0c-bcac1cecd791@group-E073253F6CE3-SegmentedRaftLogWorker: safeCacheEvictIndex: setUnconditionally 0 -> -1
2020-07-16 21:58:24,613 [pool-407-thread-1] INFO  server.RaftServerConfigKeys (ConfUtils.java:logGet(44)) - raft.server.snapshot.auto.trigger.enabled = true (custom)
2020-07-16 21:58:24,613 [pool-407-thread-1] INFO  server.RaftServerConfigKeys (ConfUtils.java:logGet(44)) - raft.server.snapshot.auto.trigger.threshold = 10000 (custom)
2020-07-16 21:58:24,613 [pool-407-thread-1] INFO  server.RaftServerConfigKeys (ConfUtils.java:logGet(44)) - raft.server.snapshot.retention.file.num = 5 (custom)
2020-07-16 21:58:24,613 [pool-407-thread-1] INFO  server.RaftServerConfigKeys (ConfUtils.java:logGet(44)) - raft.server.log.purge.upto.snapshot.index = false (default)
2020-07-16 21:58:24,613 [pool-407-thread-1] INFO  server.RaftServerConfigKeys (ConfUtils.java:logGet(44)) - raft.server.retrycache.expirytime = 600000ms (custom)
2020-07-16 21:58:24,614 [pool-407-thread-1] INFO  metrics.RatisMetrics (RatisMetrics.java:lambda$create$0(36)) - Creating Metrics Registry : ratis.leader_election.fed52763-551e-41ff-9d0c-bcac1cecd791@group-E073253F6CE3
2020-07-16 21:58:24,614 [pool-407-thread-1] INFO  metrics.RatisMetrics (RatisMetrics.java:lambda$create$0(36)) - Creating Metrics Registry : ratis.server.fed52763-551e-41ff-9d0c-bcac1cecd791@group-E073253F6CE3
2020-07-16 21:58:24,615 [pool-407-thread-1] INFO  impl.RaftServerImpl (RaftServerImpl.java:start(186)) - fed52763-551e-41ff-9d0c-bcac1cecd791@group-E073253F6CE3: start as a follower, conf=-1: [eaaa25a0-e74b-44c9-ae3d-9e81de8ecf32:172.17.0.2:34731, fed52763-551e-41ff-9d0c-bcac1cecd791:172.17.0.2:46417, b6196858-fcec-41fa-b0a0-ecf9f0ef7020:172.17.0.2:35785], old=null
2020-07-16 21:58:24,616 [pool-407-thread-1] INFO  impl.RaftServerImpl (RaftServerImpl.java:setRole(175)) - fed52763-551e-41ff-9d0c-bcac1cecd791@group-E073253F6CE3: changes role from      null to FOLLOWER at term 0 for startAsFollower
2020-07-16 21:58:24,616 [pool-407-thread-1] INFO  impl.RoleInfo (RoleInfo.java:updateAndGet(143)) - fed52763-551e-41ff-9d0c-bcac1cecd791: start FollowerState
2020-07-16 21:58:24,616 [pool-407-thread-1] INFO  util.JmxRegister (JmxRegister.java:tryRegister(44)) - Successfully registered JMX Bean with object name Ratis:service=RaftServer,group=group-E073253F6CE3,id=fed52763-551e-41ff-9d0c-bcac1cecd791
2020-07-16 21:58:24,616 [pool-407-thread-1] INFO  metrics.RatisMetrics (RatisMetrics.java:lambda$create$0(36)) - Creating Metrics Registry : ratis.state_machine.fed52763-551e-41ff-9d0c-bcac1cecd791@group-E073253F6CE3
2020-07-16 21:58:24,619 [Command processor thread] INFO  commandhandler.CreatePipelineCommandHandler (CreatePipelineCommandHandler.java:handle(109)) - Created Pipeline RATIS THREE #id: "7bc9ce0d-6e07-4883-8848-e073253f6ce3"
uuid128 {
  mostSigBits: 8919887094059845763
  leastSigBits: -8626398301077410589
}
.
2020-07-16 21:58:24,645 [Command processor thread] INFO  impl.RaftServerProxy (RaftServerProxy.java:addNew(89)) - fed52763-551e-41ff-9d0c-bcac1cecd791: addNew group-60C4CD486433:[fed52763-551e-41ff-9d0c-bcac1cecd791:172.17.0.2:46417] returns group-60C4CD486433:java.util.concurrent.CompletableFuture@b7a9cb4[Not completed]
2020-07-16 21:58:24,646 [pool-407-thread-1] INFO  impl.RaftServerImpl (RaftServerImpl.java:<init>(99)) - fed52763-551e-41ff-9d0c-bcac1cecd791: new RaftServerImpl for group-60C4CD486433:[fed52763-551e-41ff-9d0c-bcac1cecd791:172.17.0.2:46417] with ContainerStateMachine:uninitialized
2020-07-16 21:58:24,646 [pool-407-thread-1] INFO  server.RaftServerConfigKeys (ConfUtils.java:logGet(44)) - raft.server.rpc.timeout.min = 5s (custom)
2020-07-16 21:58:24,646 [pool-407-thread-1] INFO  server.RaftServerConfigKeys (ConfUtils.java:logGet(44)) - raft.server.rpc.timeout.max = 5200ms (custom)
2020-07-16 21:58:24,646 [pool-407-thread-1] INFO  server.RaftServerConfigKeys (ConfUtils.java:logGet(44)) - raft.server.rpcslowness.timeout = 300000ms (custom)
2020-07-16 21:58:24,646 [pool-407-thread-1] INFO  server.RaftServerConfigKeys (ConfUtils.java:logGet(44)) - raft.server.sleep.deviation.threshold = 300 (default)
2020-07-16 21:58:24,646 [pool-407-thread-1] INFO  server.RaftServerConfigKeys (ConfUtils.java:logGet(44)) - raft.server.log.appender.install.snapshot.enabled = false (custom)
2020-07-16 21:58:24,646 [pool-407-thread-1] INFO  impl.RaftServerImpl (ServerState.java:<init>(103)) - fed52763-551e-41ff-9d0c-bcac1cecd791@group-60C4CD486433: ConfigurationManager, init=-1: [fed52763-551e-41ff-9d0c-bcac1cecd791:172.17.0.2:46417], old=null, confs=<EMPTY_MAP>
2020-07-16 21:58:24,646 [pool-407-thread-1] INFO  server.RaftServerConfigKeys (ConfUtils.java:logGet(44)) - raft.server.storage.dir = [/github/workspace/mnt/ozone/hadoop-ozone/integration-test/target/test-dir/MiniOzoneClusterImpl-a7962e3b-f01b-438a-a70b-bc4bb46fea7a/datanode-4/data/ratis] (custom)
2020-07-16 21:58:24,646 [pool-407-thread-1] INFO  server.RaftServerConfigKeys (ConfUtils.java:logGet(44)) - raft.server.log.corruption.policy = EXCEPTION (default)
2020-07-16 21:58:24,647 [pool-407-thread-1] INFO  storage.RaftStorageDirectory (RaftStorageDirectory.java:analyzeStorage(261)) - The storage directory /github/workspace/mnt/ozone/hadoop-ozone/integration-test/target/test-dir/MiniOzoneClusterImpl-a7962e3b-f01b-438a-a70b-bc4bb46fea7a/datanode-4/data/ratis/7cd9f3d8-62f3-43ee-ae43-60c4cd486433 does not exist. Creating ...
2020-07-16 21:58:24,648 [pool-407-thread-1] INFO  storage.RaftStorageDirectory (RaftStorageDirectory.java:tryLock(343)) - Lock on /github/workspace/mnt/ozone/hadoop-ozone/integration-test/target/test-dir/MiniOzoneClusterImpl-a7962e3b-f01b-438a-a70b-bc4bb46fea7a/datanode-4/data/ratis/7cd9f3d8-62f3-43ee-ae43-60c4cd486433/in_use.lock acquired by nodename 44140@996f77e42fba
2020-07-16 21:58:24,650 [pool-407-thread-1] INFO  storage.RaftStorage (RaftStorage.java:format(84)) - Storage directory /github/workspace/mnt/ozone/hadoop-ozone/integration-test/target/test-dir/MiniOzoneClusterImpl-a7962e3b-f01b-438a-a70b-bc4bb46fea7a/datanode-4/data/ratis/7cd9f3d8-62f3-43ee-ae43-60c4cd486433 has been successfully formatted.
2020-07-16 21:58:24,650 [pool-407-thread-1] INFO  ratis.ContainerStateMachine (ContainerStateMachine.java:loadSnapshot(225)) - group-60C4CD486433: The snapshot info is null. Setting the last applied indexto:(t:0, i:~)
2020-07-16 21:58:24,650 [pool-407-thread-1] INFO  server.RaftServerConfigKeys (ConfUtils.java:logGet(44)) - raft.server.notification.no-leader.timeout = 60s (default)
2020-07-16 21:58:24,650 [pool-407-thread-1] INFO  server.RaftServerConfigKeys (ConfUtils.java:logGet(44)) - raft.server.log.use.memory = false (default)
2020-07-16 21:58:24,650 [pool-407-thread-1] INFO  server.RaftServerConfigKeys (ConfUtils.java:logGet(44)) - raft.server.log.purge.gap = 1000000 (custom)
2020-07-16 21:58:24,650 [pool-407-thread-1] INFO  server.RaftServerConfigKeys (ConfUtils.java:logGet(44)) - raft.server.log.appender.buffer.byte-limit = 33554432 (custom)
2020-07-16 21:58:24,650 [pool-407-thread-1] INFO  server.RaftServerConfigKeys (ConfUtils.java:logGet(44)) - raft.server.log.segment.size.max = 1048576 (custom)
2020-07-16 21:58:24,650 [pool-407-thread-1] INFO  metrics.RatisMetrics (RatisMetrics.java:lambda$create$0(36)) - Creating Metrics Registry : ratis.log_worker.fed52763-551e-41ff-9d0c-bcac1cecd791@group-60C4CD486433
2020-07-16 21:58:24,651 [pool-407-thread-1] INFO  server.RaftServerConfigKeys (ConfUtils.java:logGet(44)) - raft.server.log.segment.cache.num.max = 2 (custom)
2020-07-16 21:58:24,651 [pool-407-thread-1] INFO  segmented.SegmentedRaftLogWorker (SegmentedRaftLogWorker.java:<init>(180)) - new fed52763-551e-41ff-9d0c-bcac1cecd791@group-60C4CD486433-SegmentedRaftLogWorker for RaftStorage:Storage Directory /github/workspace/mnt/ozone/hadoop-ozone/integration-test/target/test-dir/MiniOzoneClusterImpl-a7962e3b-f01b-438a-a70b-bc4bb46fea7a/datanode-4/data/ratis/7cd9f3d8-62f3-43ee-ae43-60c4cd486433
2020-07-16 21:58:24,651 [pool-407-thread-1] INFO  server.RaftServerConfigKeys (ConfUtils.java:logGet(44)) - raft.server.log.queue.byte-limit = 2147483647 (custom)
2020-07-16 21:58:24,651 [EventQueue-PipelineReportForPipelineReportHandler] INFO  pipeline.PipelineStateManager (PipelineStateManager.java:openPipeline(131)) - Pipeline Pipeline[ Id: 7cd9f3d8-62f3-43ee-ae43-60c4cd486433, Nodes: fed52763-551e-41ff-9d0c-bcac1cecd791{ip: 172.17.0.2, host: 996f77e42fba, networkLocation: /default-rack, certSerialId: null}, Type:RATIS, Factor:ONE, State:ALLOCATED, leaderId:fed52763-551e-41ff-9d0c-bcac1cecd791, CreationTimestamp2020-07-16T21:58:21.646Z] moved to OPEN state
2020-07-16 21:58:24,651 [pool-407-thread-1] INFO  server.RaftServerConfigKeys (ConfUtils.java:logGet(44)) - raft.server.log.queue.element-limit = 1024 (custom)
2020-07-16 21:58:24,651 [EventQueue-OpenPipelineForHealthyPipelineSafeModeRule] INFO  safemode.SCMSafeModeManager (HealthyPipelineSafeModeRule.java:process(129)) - SCM in safe mode. Healthy pipelines reported count is 0, required healthy pipeline reported count is 1
2020-07-16 21:58:24,651 [pool-407-thread-1] INFO  server.RaftServerConfigKeys (ConfUtils.java:logGet(44)) - raft.server.log.segment.size.max = 1048576 (custom)
2020-07-16 21:58:24,651 [pool-407-thread-1] INFO  server.RaftServerConfigKeys (ConfUtils.java:logGet(44)) - raft.server.log.preallocated.size = 16384 (custom)
2020-07-16 21:58:24,651 [pool-407-thread-1] INFO  server.RaftServerConfigKeys (ConfUtils.java:logGet(44)) - raft.server.log.write.buffer.size = 1048576 (custom)
2020-07-16 21:58:24,651 [pool-407-thread-1] INFO  server.RaftServerConfigKeys (ConfUtils.java:logGet(44)) - raft.server.log.force.sync.num = 128 (default)
2020-07-16 21:58:24,651 [EventQueue-OpenPipelineForOneReplicaPipelineSafeModeRule] INFO  safemode.SCMSafeModeManager (SCMSafeModeManager.java:validateSafeModeExitRules(214)) - AtleastOneDatanodeReportedRule rule is successfully validated
2020-07-16 21:58:24,651 [pool-407-thread-1] INFO  server.RaftServerConfigKeys (ConfUtils.java:logGet(44)) - raft.server.log.statemachine.data.sync = true (default)
2020-07-16 21:58:24,652 [pool-407-thread-1] INFO  server.RaftServerConfigKeys (ConfUtils.java:logGet(44)) - raft.server.log.statemachine.data.sync.timeout = 10s (default)
2020-07-16 21:58:24,652 [pool-407-thread-1] INFO  server.RaftServerConfigKeys (ConfUtils.java:logGet(44)) - raft.server.log.statemachine.data.sync.timeout.retry = -1 (default)
2020-07-16 21:58:24,654 [pool-407-thread-1] INFO  server.RaftServerConfigKeys (ConfUtils.java:logGet(44)) - raft.server.log.statemachine.data.caching.enabled = true (custom)
2020-07-16 21:58:24,654 [pool-407-thread-1] INFO  segmented.SegmentedRaftLogWorker (SegmentedRaftLogWorker.java:lambda$new$0(129)) - fed52763-551e-41ff-9d0c-bcac1cecd791@group-60C4CD486433-SegmentedRaftLogWorker: flushIndex: setUnconditionally 0 -> -1
2020-07-16 21:58:24,654 [pool-407-thread-1] INFO  segmented.SegmentedRaftLogWorker (SegmentedRaftLogWorker.java:lambda$new$0(129)) - fed52763-551e-41ff-9d0c-bcac1cecd791@group-60C4CD486433-SegmentedRaftLogWorker: safeCacheEvictIndex: setUnconditionally 0 -> -1
2020-07-16 21:58:24,654 [pool-407-thread-1] INFO  server.RaftServerConfigKeys (ConfUtils.java:logGet(44)) - raft.server.snapshot.auto.trigger.enabled = true (custom)
2020-07-16 21:58:24,655 [pool-407-thread-1] INFO  server.RaftServerConfigKeys (ConfUtils.java:logGet(44)) - raft.server.snapshot.auto.trigger.threshold = 10000 (custom)
2020-07-16 21:58:24,655 [pool-407-thread-1] INFO  server.RaftServerConfigKeys (ConfUtils.java:logGet(44)) - raft.server.snapshot.retention.file.num = 5 (custom)
2020-07-16 21:58:24,655 [pool-407-thread-1] INFO  server.RaftServerConfigKeys (ConfUtils.java:logGet(44)) - raft.server.log.purge.upto.snapshot.index = false (default)
2020-07-16 21:58:24,655 [pool-407-thread-1] INFO  server.RaftServerConfigKeys (ConfUtils.java:logGet(44)) - raft.server.retrycache.expirytime = 600000ms (custom)
2020-07-16 21:58:24,655 [pool-407-thread-1] INFO  metrics.RatisMetrics (RatisMetrics.java:lambda$create$0(36)) - Creating Metrics Registry : ratis.leader_election.fed52763-551e-41ff-9d0c-bcac1cecd791@group-60C4CD486433
2020-07-16 21:58:24,655 [pool-407-thread-1] INFO  metrics.RatisMetrics (RatisMetrics.java:lambda$create$0(36)) - Creating Metrics Registry : ratis.server.fed52763-551e-41ff-9d0c-bcac1cecd791@group-60C4CD486433
2020-07-16 21:58:24,657 [pool-407-thread-1] INFO  impl.RaftServerImpl (RaftServerImpl.java:start(186)) - fed52763-551e-41ff-9d0c-bcac1cecd791@group-60C4CD486433: start as a follower, conf=-1: [fed52763-551e-41ff-9d0c-bcac1cecd791:172.17.0.2:46417], old=null
2020-07-16 21:58:24,657 [pool-407-thread-1] INFO  impl.RaftServerImpl (RaftServerImpl.java:setRole(175)) - fed52763-551e-41ff-9d0c-bcac1cecd791@group-60C4CD486433: changes role from      null to FOLLOWER at term 0 for startAsFollower
2020-07-16 21:58:24,657 [pool-407-thread-1] INFO  impl.RoleInfo (RoleInfo.java:updateAndGet(143)) - fed52763-551e-41ff-9d0c-bcac1cecd791: start FollowerState
2020-07-16 21:58:24,657 [pool-407-thread-1] INFO  util.JmxRegister (JmxRegister.java:tryRegister(44)) - Successfully registered JMX Bean with object name Ratis:service=RaftServer,group=group-60C4CD486433,id=fed52763-551e-41ff-9d0c-bcac1cecd791
2020-07-16 21:58:24,657 [pool-407-thread-1] INFO  metrics.RatisMetrics (RatisMetrics.java:lambda$create$0(36)) - Creating Metrics Registry : ratis.state_machine.fed52763-551e-41ff-9d0c-bcac1cecd791@group-60C4CD486433
2020-07-16 21:58:24,658 [Command processor thread] INFO  commandhandler.CreatePipelineCommandHandler (CreatePipelineCommandHandler.java:handle(109)) - Created Pipeline RATIS ONE #id: "7cd9f3d8-62f3-43ee-ae43-60c4cd486433"
uuid128 {
  mostSigBits: 8996489841347871726
  leastSigBits: -5889757489296546765
}
.
2020-07-16 21:58:24,780 [Command processor thread] INFO  impl.RaftServerProxy (RaftServerProxy.java:addNew(89)) - b6196858-fcec-41fa-b0a0-ecf9f0ef7020: addNew group-28C22D7CB340:[b6196858-fcec-41fa-b0a0-ecf9f0ef7020:172.17.0.2:35785] returns group-28C22D7CB340:java.util.concurrent.CompletableFuture@71335d3a[Not completed]
2020-07-16 21:58:24,781 [pool-422-thread-1] INFO  impl.RaftServerImpl (RaftServerImpl.java:<init>(99)) - b6196858-fcec-41fa-b0a0-ecf9f0ef7020: new RaftServerImpl for group-28C22D7CB340:[b6196858-fcec-41fa-b0a0-ecf9f0ef7020:172.17.0.2:35785] with ContainerStateMachine:uninitialized
2020-07-16 21:58:24,781 [pool-422-thread-1] INFO  server.RaftServerConfigKeys (ConfUtils.java:logGet(44)) - raft.server.rpc.timeout.min = 5s (custom)
2020-07-16 21:58:24,781 [pool-422-thread-1] INFO  server.RaftServerConfigKeys (ConfUtils.java:logGet(44)) - raft.server.rpc.timeout.max = 5200ms (custom)
2020-07-16 21:58:24,782 [pool-422-thread-1] INFO  server.RaftServerConfigKeys (ConfUtils.java:logGet(44)) - raft.server.rpcslowness.timeout = 300000ms (custom)
2020-07-16 21:58:24,782 [pool-422-thread-1] INFO  server.RaftServerConfigKeys (ConfUtils.java:logGet(44)) - raft.server.sleep.deviation.threshold = 300 (default)
2020-07-16 21:58:24,782 [pool-422-thread-1] INFO  server.RaftServerConfigKeys (ConfUtils.java:logGet(44)) - raft.server.log.appender.install.snapshot.enabled = false (custom)
2020-07-16 21:58:24,782 [pool-422-thread-1] INFO  impl.RaftServerImpl (ServerState.java:<init>(103)) - b6196858-fcec-41fa-b0a0-ecf9f0ef7020@group-28C22D7CB340: ConfigurationManager, init=-1: [b6196858-fcec-41fa-b0a0-ecf9f0ef7020:172.17.0.2:35785], old=null, confs=<EMPTY_MAP>
2020-07-16 21:58:24,782 [pool-422-thread-1] INFO  server.RaftServerConfigKeys (ConfUtils.java:logGet(44)) - raft.server.storage.dir = [/github/workspace/mnt/ozone/hadoop-ozone/integration-test/target/test-dir/MiniOzoneClusterImpl-a7962e3b-f01b-438a-a70b-bc4bb46fea7a/datanode-5/data/ratis] (custom)
2020-07-16 21:58:24,782 [pool-422-thread-1] INFO  server.RaftServerConfigKeys (ConfUtils.java:logGet(44)) - raft.server.log.corruption.policy = EXCEPTION (default)
2020-07-16 21:58:24,782 [pool-422-thread-1] INFO  storage.RaftStorageDirectory (RaftStorageDirectory.java:analyzeStorage(261)) - The storage directory /github/workspace/mnt/ozone/hadoop-ozone/integration-test/target/test-dir/MiniOzoneClusterImpl-a7962e3b-f01b-438a-a70b-bc4bb46fea7a/datanode-5/data/ratis/b15c2b26-ca1c-4a9c-8b56-28c22d7cb340 does not exist. Creating ...
2020-07-16 21:58:24,783 [pool-422-thread-1] INFO  storage.RaftStorageDirectory (RaftStorageDirectory.java:tryLock(343)) - Lock on /github/workspace/mnt/ozone/hadoop-ozone/integration-test/target/test-dir/MiniOzoneClusterImpl-a7962e3b-f01b-438a-a70b-bc4bb46fea7a/datanode-5/data/ratis/b15c2b26-ca1c-4a9c-8b56-28c22d7cb340/in_use.lock acquired by nodename 44140@996f77e42fba
2020-07-16 21:58:24,785 [pool-422-thread-1] INFO  storage.RaftStorage (RaftStorage.java:format(84)) - Storage directory /github/workspace/mnt/ozone/hadoop-ozone/integration-test/target/test-dir/MiniOzoneClusterImpl-a7962e3b-f01b-438a-a70b-bc4bb46fea7a/datanode-5/data/ratis/b15c2b26-ca1c-4a9c-8b56-28c22d7cb340 has been successfully formatted.
2020-07-16 21:58:24,785 [pool-422-thread-1] INFO  ratis.ContainerStateMachine (ContainerStateMachine.java:loadSnapshot(225)) - group-28C22D7CB340: The snapshot info is null. Setting the last applied indexto:(t:0, i:~)
2020-07-16 21:58:24,785 [pool-422-thread-1] INFO  server.RaftServerConfigKeys (ConfUtils.java:logGet(44)) - raft.server.notification.no-leader.timeout = 60s (default)
2020-07-16 21:58:24,785 [pool-422-thread-1] INFO  server.RaftServerConfigKeys (ConfUtils.java:logGet(44)) - raft.server.log.use.memory = false (default)
2020-07-16 21:58:24,785 [pool-422-thread-1] INFO  server.RaftServerConfigKeys (ConfUtils.java:logGet(44)) - raft.server.log.purge.gap = 1000000 (custom)
2020-07-16 21:58:24,785 [pool-422-thread-1] INFO  server.RaftServerConfigKeys (ConfUtils.java:logGet(44)) - raft.server.log.appender.buffer.byte-limit = 33554432 (custom)
2020-07-16 21:58:24,785 [pool-422-thread-1] INFO  server.RaftServerConfigKeys (ConfUtils.java:logGet(44)) - raft.server.log.segment.size.max = 1048576 (custom)
2020-07-16 21:58:24,785 [pool-422-thread-1] INFO  metrics.RatisMetrics (RatisMetrics.java:lambda$create$0(36)) - Creating Metrics Registry : ratis.log_worker.b6196858-fcec-41fa-b0a0-ecf9f0ef7020@group-28C22D7CB340
2020-07-16 21:58:24,786 [pool-422-thread-1] INFO  server.RaftServerConfigKeys (ConfUtils.java:logGet(44)) - raft.server.log.segment.cache.num.max = 2 (custom)
2020-07-16 21:58:24,786 [pool-422-thread-1] INFO  segmented.SegmentedRaftLogWorker (SegmentedRaftLogWorker.java:<init>(180)) - new b6196858-fcec-41fa-b0a0-ecf9f0ef7020@group-28C22D7CB340-SegmentedRaftLogWorker for RaftStorage:Storage Directory /github/workspace/mnt/ozone/hadoop-ozone/integration-test/target/test-dir/MiniOzoneClusterImpl-a7962e3b-f01b-438a-a70b-bc4bb46fea7a/datanode-5/data/ratis/b15c2b26-ca1c-4a9c-8b56-28c22d7cb340
2020-07-16 21:58:24,786 [pool-422-thread-1] INFO  server.RaftServerConfigKeys (ConfUtils.java:logGet(44)) - raft.server.log.queue.byte-limit = 2147483647 (custom)
2020-07-16 21:58:24,786 [pool-422-thread-1] INFO  server.RaftServerConfigKeys (ConfUtils.java:logGet(44)) - raft.server.log.queue.element-limit = 1024 (custom)
2020-07-16 21:58:24,786 [pool-422-thread-1] INFO  server.RaftServerConfigKeys (ConfUtils.java:logGet(44)) - raft.server.log.segment.size.max = 1048576 (custom)
2020-07-16 21:58:24,786 [pool-422-thread-1] INFO  server.RaftServerConfigKeys (ConfUtils.java:logGet(44)) - raft.server.log.preallocated.size = 16384 (custom)
2020-07-16 21:58:24,786 [pool-422-thread-1] INFO  server.RaftServerConfigKeys (ConfUtils.java:logGet(44)) - raft.server.log.write.buffer.size = 1048576 (custom)
2020-07-16 21:58:24,786 [EventQueue-PipelineReportForPipelineReportHandler] INFO  pipeline.PipelineStateManager (PipelineStateManager.java:openPipeline(131)) - Pipeline Pipeline[ Id: b15c2b26-ca1c-4a9c-8b56-28c22d7cb340, Nodes: b6196858-fcec-41fa-b0a0-ecf9f0ef7020{ip: 172.17.0.2, host: 996f77e42fba, networkLocation: /default-rack, certSerialId: null}, Type:RATIS, Factor:ONE, State:ALLOCATED, leaderId:b6196858-fcec-41fa-b0a0-ecf9f0ef7020, CreationTimestamp2020-07-16T21:58:21.781Z] moved to OPEN state
2020-07-16 21:58:24,787 [EventQueue-OpenPipelineForHealthyPipelineSafeModeRule] INFO  safemode.SCMSafeModeManager (HealthyPipelineSafeModeRule.java:process(129)) - SCM in safe mode. Healthy pipelines reported count is 0, required healthy pipeline reported count is 1
2020-07-16 21:58:24,787 [EventQueue-OpenPipelineForOneReplicaPipelineSafeModeRule] INFO  safemode.SCMSafeModeManager (SCMSafeModeManager.java:validateSafeModeExitRules(214)) - AtleastOneDatanodeReportedRule rule is successfully validated
2020-07-16 21:58:24,786 [pool-422-thread-1] INFO  server.RaftServerConfigKeys (ConfUtils.java:logGet(44)) - raft.server.log.force.sync.num = 128 (default)
2020-07-16 21:58:24,788 [pool-422-thread-1] INFO  server.RaftServerConfigKeys (ConfUtils.java:logGet(44)) - raft.server.log.statemachine.data.sync = true (default)
2020-07-16 21:58:24,788 [pool-422-thread-1] INFO  server.RaftServerConfigKeys (ConfUtils.java:logGet(44)) - raft.server.log.statemachine.data.sync.timeout = 10s (default)
2020-07-16 21:58:24,788 [pool-422-thread-1] INFO  server.RaftServerConfigKeys (ConfUtils.java:logGet(44)) - raft.server.log.statemachine.data.sync.timeout.retry = -1 (default)
2020-07-16 21:58:24,790 [pool-422-thread-1] INFO  server.RaftServerConfigKeys (ConfUtils.java:logGet(44)) - raft.server.log.statemachine.data.caching.enabled = true (custom)
2020-07-16 21:58:24,790 [pool-422-thread-1] INFO  segmented.SegmentedRaftLogWorker (SegmentedRaftLogWorker.java:lambda$new$0(129)) - b6196858-fcec-41fa-b0a0-ecf9f0ef7020@group-28C22D7CB340-SegmentedRaftLogWorker: flushIndex: setUnconditionally 0 -> -1
2020-07-16 21:58:24,790 [pool-422-thread-1] INFO  segmented.SegmentedRaftLogWorker (SegmentedRaftLogWorker.java:lambda$new$0(129)) - b6196858-fcec-41fa-b0a0-ecf9f0ef7020@group-28C22D7CB340-SegmentedRaftLogWorker: safeCacheEvictIndex: setUnconditionally 0 -> -1
2020-07-16 21:58:24,790 [pool-422-thread-1] INFO  server.RaftServerConfigKeys (ConfUtils.java:logGet(44)) - raft.server.snapshot.auto.trigger.enabled = true (custom)
2020-07-16 21:58:24,790 [pool-422-thread-1] INFO  server.RaftServerConfigKeys (ConfUtils.java:logGet(44)) - raft.server.snapshot.auto.trigger.threshold = 10000 (custom)
2020-07-16 21:58:24,790 [pool-422-thread-1] INFO  server.RaftServerConfigKeys (ConfUtils.java:logGet(44)) - raft.server.snapshot.retention.file.num = 5 (custom)
2020-07-16 21:58:24,790 [pool-422-thread-1] INFO  server.RaftServerConfigKeys (ConfUtils.java:logGet(44)) - raft.server.log.purge.upto.snapshot.index = false (default)
2020-07-16 21:58:24,790 [pool-422-thread-1] INFO  server.RaftServerConfigKeys (ConfUtils.java:logGet(44)) - raft.server.retrycache.expirytime = 600000ms (custom)
2020-07-16 21:58:24,791 [pool-422-thread-1] INFO  metrics.RatisMetrics (RatisMetrics.java:lambda$create$0(36)) - Creating Metrics Registry : ratis.leader_election.b6196858-fcec-41fa-b0a0-ecf9f0ef7020@group-28C22D7CB340
2020-07-16 21:58:24,792 [pool-422-thread-1] INFO  metrics.RatisMetrics (RatisMetrics.java:lambda$create$0(36)) - Creating Metrics Registry : ratis.server.b6196858-fcec-41fa-b0a0-ecf9f0ef7020@group-28C22D7CB340
2020-07-16 21:58:24,793 [pool-422-thread-1] INFO  impl.RaftServerImpl (RaftServerImpl.java:start(186)) - b6196858-fcec-41fa-b0a0-ecf9f0ef7020@group-28C22D7CB340: start as a follower, conf=-1: [b6196858-fcec-41fa-b0a0-ecf9f0ef7020:172.17.0.2:35785], old=null
2020-07-16 21:58:24,793 [pool-422-thread-1] INFO  impl.RaftServerImpl (RaftServerImpl.java:setRole(175)) - b6196858-fcec-41fa-b0a0-ecf9f0ef7020@group-28C22D7CB340: changes role from      null to FOLLOWER at term 0 for startAsFollower
2020-07-16 21:58:24,793 [pool-422-thread-1] INFO  impl.RoleInfo (RoleInfo.java:updateAndGet(143)) - b6196858-fcec-41fa-b0a0-ecf9f0ef7020: start FollowerState
2020-07-16 21:58:24,793 [pool-422-thread-1] INFO  util.JmxRegister (JmxRegister.java:tryRegister(44)) - Successfully registered JMX Bean with object name Ratis:service=RaftServer,group=group-28C22D7CB340,id=b6196858-fcec-41fa-b0a0-ecf9f0ef7020
2020-07-16 21:58:24,793 [pool-422-thread-1] INFO  metrics.RatisMetrics (RatisMetrics.java:lambda$create$0(36)) - Creating Metrics Registry : ratis.state_machine.b6196858-fcec-41fa-b0a0-ecf9f0ef7020@group-28C22D7CB340
2020-07-16 21:58:24,804 [Command processor thread] INFO  commandhandler.CreatePipelineCommandHandler (CreatePipelineCommandHandler.java:handle(109)) - Created Pipeline RATIS ONE #id: "b15c2b26-ca1c-4a9c-8b56-28c22d7cb340"
uuid128 {
  mostSigBits: -5666606785539323236
  leastSigBits: -8406486839988538560
}
.
2020-07-16 21:58:24,916 [Command processor thread] INFO  impl.RaftServerProxy (RaftServerProxy.java:addNew(89)) - c1d5e687-c863-4f42-9bf6-d3ee3c6f8869: addNew group-2CBF2E86D94F:[c1d5e687-c863-4f42-9bf6-d3ee3c6f8869:172.17.0.2:39659] returns group-2CBF2E86D94F:java.util.concurrent.CompletableFuture@6e194e90[Not completed]
2020-07-16 21:58:24,917 [pool-437-thread-1] INFO  impl.RaftServerImpl (RaftServerImpl.java:<init>(99)) - c1d5e687-c863-4f42-9bf6-d3ee3c6f8869: new RaftServerImpl for group-2CBF2E86D94F:[c1d5e687-c863-4f42-9bf6-d3ee3c6f8869:172.17.0.2:39659] with ContainerStateMachine:uninitialized
2020-07-16 21:58:24,917 [pool-437-thread-1] INFO  server.RaftServerConfigKeys (ConfUtils.java:logGet(44)) - raft.server.rpc.timeout.min = 5s (custom)
2020-07-16 21:58:24,917 [pool-437-thread-1] INFO  server.RaftServerConfigKeys (ConfUtils.java:logGet(44)) - raft.server.rpc.timeout.max = 5200ms (custom)
2020-07-16 21:58:24,917 [pool-437-thread-1] INFO  server.RaftServerConfigKeys (ConfUtils.java:logGet(44)) - raft.server.rpcslowness.timeout = 300000ms (custom)
2020-07-16 21:58:24,917 [pool-437-thread-1] INFO  server.RaftServerConfigKeys (ConfUtils.java:logGet(44)) - raft.server.sleep.deviation.threshold = 300 (default)
2020-07-16 21:58:24,917 [pool-437-thread-1] INFO  server.RaftServerConfigKeys (ConfUtils.java:logGet(44)) - raft.server.log.appender.install.snapshot.enabled = false (custom)
2020-07-16 21:58:24,917 [pool-437-thread-1] INFO  impl.RaftServerImpl (ServerState.java:<init>(103)) - c1d5e687-c863-4f42-9bf6-d3ee3c6f8869@group-2CBF2E86D94F: ConfigurationManager, init=-1: [c1d5e687-c863-4f42-9bf6-d3ee3c6f8869:172.17.0.2:39659], old=null, confs=<EMPTY_MAP>
2020-07-16 21:58:24,917 [pool-437-thread-1] INFO  server.RaftServerConfigKeys (ConfUtils.java:logGet(44)) - raft.server.storage.dir = [/github/workspace/mnt/ozone/hadoop-ozone/integration-test/target/test-dir/MiniOzoneClusterImpl-a7962e3b-f01b-438a-a70b-bc4bb46fea7a/datanode-6/data/ratis] (custom)
2020-07-16 21:58:24,918 [pool-437-thread-1] INFO  server.RaftServerConfigKeys (ConfUtils.java:logGet(44)) - raft.server.log.corruption.policy = EXCEPTION (default)
2020-07-16 21:58:24,918 [pool-437-thread-1] INFO  storage.RaftStorageDirectory (RaftStorageDirectory.java:analyzeStorage(261)) - The storage directory /github/workspace/mnt/ozone/hadoop-ozone/integration-test/target/test-dir/MiniOzoneClusterImpl-a7962e3b-f01b-438a-a70b-bc4bb46fea7a/datanode-6/data/ratis/bd37f632-b9f3-4687-b2d9-2cbf2e86d94f does not exist. Creating ...
2020-07-16 21:58:24,919 [pool-437-thread-1] INFO  storage.RaftStorageDirectory (RaftStorageDirectory.java:tryLock(343)) - Lock on /github/workspace/mnt/ozone/hadoop-ozone/integration-test/target/test-dir/MiniOzoneClusterImpl-a7962e3b-f01b-438a-a70b-bc4bb46fea7a/datanode-6/data/ratis/bd37f632-b9f3-4687-b2d9-2cbf2e86d94f/in_use.lock acquired by nodename 44140@996f77e42fba
2020-07-16 21:58:24,922 [pool-437-thread-1] INFO  storage.RaftStorage (RaftStorage.java:format(84)) - Storage directory /github/workspace/mnt/ozone/hadoop-ozone/integration-test/target/test-dir/MiniOzoneClusterImpl-a7962e3b-f01b-438a-a70b-bc4bb46fea7a/datanode-6/data/ratis/bd37f632-b9f3-4687-b2d9-2cbf2e86d94f has been successfully formatted.
2020-07-16 21:58:24,925 [pool-437-thread-1] INFO  ratis.ContainerStateMachine (ContainerStateMachine.java:loadSnapshot(225)) - group-2CBF2E86D94F: The snapshot info is null. Setting the last applied indexto:(t:0, i:~)
2020-07-16 21:58:24,926 [pool-437-thread-1] INFO  server.RaftServerConfigKeys (ConfUtils.java:logGet(44)) - raft.server.notification.no-leader.timeout = 60s (default)
2020-07-16 21:58:24,926 [pool-437-thread-1] INFO  server.RaftServerConfigKeys (ConfUtils.java:logGet(44)) - raft.server.log.use.memory = false (default)
2020-07-16 21:58:24,926 [pool-437-thread-1] INFO  server.RaftServerConfigKeys (ConfUtils.java:logGet(44)) - raft.server.log.purge.gap = 1000000 (custom)
2020-07-16 21:58:24,926 [pool-437-thread-1] INFO  server.RaftServerConfigKeys (ConfUtils.java:logGet(44)) - raft.server.log.appender.buffer.byte-limit = 33554432 (custom)
2020-07-16 21:58:24,926 [pool-437-thread-1] INFO  server.RaftServerConfigKeys (ConfUtils.java:logGet(44)) - raft.server.log.segment.size.max = 1048576 (custom)
2020-07-16 21:58:24,926 [pool-437-thread-1] INFO  metrics.RatisMetrics (RatisMetrics.java:lambda$create$0(36)) - Creating Metrics Registry : ratis.log_worker.c1d5e687-c863-4f42-9bf6-d3ee3c6f8869@group-2CBF2E86D94F
2020-07-16 21:58:24,926 [EventQueue-PipelineReportForPipelineReportHandler] INFO  pipeline.PipelineStateManager (PipelineStateManager.java:openPipeline(131)) - Pipeline Pipeline[ Id: bd37f632-b9f3-4687-b2d9-2cbf2e86d94f, Nodes: c1d5e687-c863-4f42-9bf6-d3ee3c6f8869{ip: 172.17.0.2, host: 996f77e42fba, networkLocation: /default-rack, certSerialId: null}, Type:RATIS, Factor:ONE, State:ALLOCATED, leaderId:c1d5e687-c863-4f42-9bf6-d3ee3c6f8869, CreationTimestamp2020-07-16T21:58:21.917Z] moved to OPEN state
2020-07-16 21:58:24,926 [pool-437-thread-1] INFO  server.RaftServerConfigKeys (ConfUtils.java:logGet(44)) - raft.server.log.segment.cache.num.max = 2 (custom)
2020-07-16 21:58:24,926 [EventQueue-OpenPipelineForOneReplicaPipelineSafeModeRule] INFO  safemode.SCMSafeModeManager (SCMSafeModeManager.java:validateSafeModeExitRules(214)) - AtleastOneDatanodeReportedRule rule is successfully validated
2020-07-16 21:58:24,926 [EventQueue-OpenPipelineForHealthyPipelineSafeModeRule] INFO  safemode.SCMSafeModeManager (HealthyPipelineSafeModeRule.java:process(129)) - SCM in safe mode. Healthy pipelines reported count is 0, required healthy pipeline reported count is 1
2020-07-16 21:58:24,927 [pool-437-thread-1] INFO  segmented.SegmentedRaftLogWorker (SegmentedRaftLogWorker.java:<init>(180)) - new c1d5e687-c863-4f42-9bf6-d3ee3c6f8869@group-2CBF2E86D94F-SegmentedRaftLogWorker for RaftStorage:Storage Directory /github/workspace/mnt/ozone/hadoop-ozone/integration-test/target/test-dir/MiniOzoneClusterImpl-a7962e3b-f01b-438a-a70b-bc4bb46fea7a/datanode-6/data/ratis/bd37f632-b9f3-4687-b2d9-2cbf2e86d94f
2020-07-16 21:58:24,927 [pool-437-thread-1] INFO  server.RaftServerConfigKeys (ConfUtils.java:logGet(44)) - raft.server.log.queue.byte-limit = 2147483647 (custom)
2020-07-16 21:58:24,927 [pool-437-thread-1] INFO  server.RaftServerConfigKeys (ConfUtils.java:logGet(44)) - raft.server.log.queue.element-limit = 1024 (custom)
2020-07-16 21:58:24,927 [pool-437-thread-1] INFO  server.RaftServerConfigKeys (ConfUtils.java:logGet(44)) - raft.server.log.segment.size.max = 1048576 (custom)
2020-07-16 21:58:24,927 [pool-437-thread-1] INFO  server.RaftServerConfigKeys (ConfUtils.java:logGet(44)) - raft.server.log.preallocated.size = 16384 (custom)
2020-07-16 21:58:24,927 [pool-437-thread-1] INFO  server.RaftServerConfigKeys (ConfUtils.java:logGet(44)) - raft.server.log.write.buffer.size = 1048576 (custom)
2020-07-16 21:58:24,927 [pool-437-thread-1] INFO  server.RaftServerConfigKeys (ConfUtils.java:logGet(44)) - raft.server.log.force.sync.num = 128 (default)
2020-07-16 21:58:24,927 [pool-437-thread-1] INFO  server.RaftServerConfigKeys (ConfUtils.java:logGet(44)) - raft.server.log.statemachine.data.sync = true (default)
2020-07-16 21:58:24,927 [pool-437-thread-1] INFO  server.RaftServerConfigKeys (ConfUtils.java:logGet(44)) - raft.server.log.statemachine.data.sync.timeout = 10s (default)
2020-07-16 21:58:24,928 [pool-437-thread-1] INFO  server.RaftServerConfigKeys (ConfUtils.java:logGet(44)) - raft.server.log.statemachine.data.sync.timeout.retry = -1 (default)
2020-07-16 21:58:24,930 [pool-437-thread-1] INFO  server.RaftServerConfigKeys (ConfUtils.java:logGet(44)) - raft.server.log.statemachine.data.caching.enabled = true (custom)
2020-07-16 21:58:24,930 [pool-437-thread-1] INFO  segmented.SegmentedRaftLogWorker (SegmentedRaftLogWorker.java:lambda$new$0(129)) - c1d5e687-c863-4f42-9bf6-d3ee3c6f8869@group-2CBF2E86D94F-SegmentedRaftLogWorker: flushIndex: setUnconditionally 0 -> -1
2020-07-16 21:58:24,930 [pool-437-thread-1] INFO  segmented.SegmentedRaftLogWorker (SegmentedRaftLogWorker.java:lambda$new$0(129)) - c1d5e687-c863-4f42-9bf6-d3ee3c6f8869@group-2CBF2E86D94F-SegmentedRaftLogWorker: safeCacheEvictIndex: setUnconditionally 0 -> -1
2020-07-16 21:58:24,930 [pool-437-thread-1] INFO  server.RaftServerConfigKeys (ConfUtils.java:logGet(44)) - raft.server.snapshot.auto.trigger.enabled = true (custom)
2020-07-16 21:58:24,930 [pool-437-thread-1] INFO  server.RaftServerConfigKeys (ConfUtils.java:logGet(44)) - raft.server.snapshot.auto.trigger.threshold = 10000 (custom)
2020-07-16 21:58:24,930 [pool-437-thread-1] INFO  server.RaftServerConfigKeys (ConfUtils.java:logGet(44)) - raft.server.snapshot.retention.file.num = 5 (custom)
2020-07-16 21:58:24,930 [pool-437-thread-1] INFO  server.RaftServerConfigKeys (ConfUtils.java:logGet(44)) - raft.server.log.purge.upto.snapshot.index = false (default)
2020-07-16 21:58:24,930 [pool-437-thread-1] INFO  server.RaftServerConfigKeys (ConfUtils.java:logGet(44)) - raft.server.retrycache.expirytime = 600000ms (custom)
2020-07-16 21:58:24,931 [pool-437-thread-1] INFO  metrics.RatisMetrics (RatisMetrics.java:lambda$create$0(36)) - Creating Metrics Registry : ratis.leader_election.c1d5e687-c863-4f42-9bf6-d3ee3c6f8869@group-2CBF2E86D94F
2020-07-16 21:58:24,931 [pool-437-thread-1] INFO  metrics.RatisMetrics (RatisMetrics.java:lambda$create$0(36)) - Creating Metrics Registry : ratis.server.c1d5e687-c863-4f42-9bf6-d3ee3c6f8869@group-2CBF2E86D94F
2020-07-16 21:58:24,932 [pool-437-thread-1] INFO  impl.RaftServerImpl (RaftServerImpl.java:start(186)) - c1d5e687-c863-4f42-9bf6-d3ee3c6f8869@group-2CBF2E86D94F: start as a follower, conf=-1: [c1d5e687-c863-4f42-9bf6-d3ee3c6f8869:172.17.0.2:39659], old=null
2020-07-16 21:58:24,933 [pool-437-thread-1] INFO  impl.RaftServerImpl (RaftServerImpl.java:setRole(175)) - c1d5e687-c863-4f42-9bf6-d3ee3c6f8869@group-2CBF2E86D94F: changes role from      null to FOLLOWER at term 0 for startAsFollower
2020-07-16 21:58:24,933 [pool-437-thread-1] INFO  impl.RoleInfo (RoleInfo.java:updateAndGet(143)) - c1d5e687-c863-4f42-9bf6-d3ee3c6f8869: start FollowerState
2020-07-16 21:58:24,933 [pool-437-thread-1] INFO  util.JmxRegister (JmxRegister.java:tryRegister(44)) - Successfully registered JMX Bean with object name Ratis:service=RaftServer,group=group-2CBF2E86D94F,id=c1d5e687-c863-4f42-9bf6-d3ee3c6f8869
2020-07-16 21:58:24,933 [pool-437-thread-1] INFO  metrics.RatisMetrics (RatisMetrics.java:lambda$create$0(36)) - Creating Metrics Registry : ratis.state_machine.c1d5e687-c863-4f42-9bf6-d3ee3c6f8869@group-2CBF2E86D94F
2020-07-16 21:58:24,934 [Command processor thread] INFO  commandhandler.CreatePipelineCommandHandler (CreatePipelineCommandHandler.java:handle(109)) - Created Pipeline RATIS ONE #id: "bd37f632-b9f3-4687-b2d9-2cbf2e86d94f"
uuid128 {
  mostSigBits: -4812106979093559673
  leastSigBits: -5559363065381201585
}
.
2020-07-16 21:58:24,934 [Command processor thread] INFO  impl.RaftServerProxy (RaftServerProxy.java:addNew(89)) - c1d5e687-c863-4f42-9bf6-d3ee3c6f8869: addNew group-9C5CC0F17108:[0e9f6704-3ceb-4f07-bcaa-7e71693368ff:172.17.0.2:34181, 4fdb1b49-2d71-4bdb-a206-e5cdb26d09c4:172.17.0.2:42815, c1d5e687-c863-4f42-9bf6-d3ee3c6f8869:172.17.0.2:39659] returns group-9C5CC0F17108:java.util.concurrent.CompletableFuture@6a26c78b[Not completed]
2020-07-16 21:58:24,935 [pool-437-thread-1] INFO  impl.RaftServerImpl (RaftServerImpl.java:<init>(99)) - c1d5e687-c863-4f42-9bf6-d3ee3c6f8869: new RaftServerImpl for group-9C5CC0F17108:[0e9f6704-3ceb-4f07-bcaa-7e71693368ff:172.17.0.2:34181, 4fdb1b49-2d71-4bdb-a206-e5cdb26d09c4:172.17.0.2:42815, c1d5e687-c863-4f42-9bf6-d3ee3c6f8869:172.17.0.2:39659] with ContainerStateMachine:uninitialized
2020-07-16 21:58:24,935 [pool-437-thread-1] INFO  server.RaftServerConfigKeys (ConfUtils.java:logGet(44)) - raft.server.rpc.timeout.min = 5s (custom)
2020-07-16 21:58:24,935 [pool-437-thread-1] INFO  server.RaftServerConfigKeys (ConfUtils.java:logGet(44)) - raft.server.rpc.timeout.max = 5200ms (custom)
2020-07-16 21:58:24,935 [pool-437-thread-1] INFO  server.RaftServerConfigKeys (ConfUtils.java:logGet(44)) - raft.server.rpcslowness.timeout = 300000ms (custom)
2020-07-16 21:58:24,935 [pool-437-thread-1] INFO  server.RaftServerConfigKeys (ConfUtils.java:logGet(44)) - raft.server.sleep.deviation.threshold = 300 (default)
2020-07-16 21:58:24,935 [pool-437-thread-1] INFO  server.RaftServerConfigKeys (ConfUtils.java:logGet(44)) - raft.server.log.appender.install.snapshot.enabled = false (custom)
2020-07-16 21:58:24,935 [pool-437-thread-1] INFO  impl.RaftServerImpl (ServerState.java:<init>(103)) - c1d5e687-c863-4f42-9bf6-d3ee3c6f8869@group-9C5CC0F17108: ConfigurationManager, init=-1: [0e9f6704-3ceb-4f07-bcaa-7e71693368ff:172.17.0.2:34181, 4fdb1b49-2d71-4bdb-a206-e5cdb26d09c4:172.17.0.2:42815, c1d5e687-c863-4f42-9bf6-d3ee3c6f8869:172.17.0.2:39659], old=null, confs=<EMPTY_MAP>
2020-07-16 21:58:24,935 [pool-437-thread-1] INFO  server.RaftServerConfigKeys (ConfUtils.java:logGet(44)) - raft.server.storage.dir = [/github/workspace/mnt/ozone/hadoop-ozone/integration-test/target/test-dir/MiniOzoneClusterImpl-a7962e3b-f01b-438a-a70b-bc4bb46fea7a/datanode-6/data/ratis] (custom)
2020-07-16 21:58:24,936 [pool-437-thread-1] INFO  server.RaftServerConfigKeys (ConfUtils.java:logGet(44)) - raft.server.log.corruption.policy = EXCEPTION (default)
2020-07-16 21:58:24,936 [pool-437-thread-1] INFO  storage.RaftStorageDirectory (RaftStorageDirectory.java:analyzeStorage(261)) - The storage directory /github/workspace/mnt/ozone/hadoop-ozone/integration-test/target/test-dir/MiniOzoneClusterImpl-a7962e3b-f01b-438a-a70b-bc4bb46fea7a/datanode-6/data/ratis/d911e160-3392-4d08-b08a-9c5cc0f17108 does not exist. Creating ...
2020-07-16 21:58:24,937 [pool-437-thread-1] INFO  storage.RaftStorageDirectory (RaftStorageDirectory.java:tryLock(343)) - Lock on /github/workspace/mnt/ozone/hadoop-ozone/integration-test/target/test-dir/MiniOzoneClusterImpl-a7962e3b-f01b-438a-a70b-bc4bb46fea7a/datanode-6/data/ratis/d911e160-3392-4d08-b08a-9c5cc0f17108/in_use.lock acquired by nodename 44140@996f77e42fba
2020-07-16 21:58:24,938 [pool-437-thread-1] INFO  storage.RaftStorage (RaftStorage.java:format(84)) - Storage directory /github/workspace/mnt/ozone/hadoop-ozone/integration-test/target/test-dir/MiniOzoneClusterImpl-a7962e3b-f01b-438a-a70b-bc4bb46fea7a/datanode-6/data/ratis/d911e160-3392-4d08-b08a-9c5cc0f17108 has been successfully formatted.
2020-07-16 21:58:24,938 [pool-437-thread-1] INFO  ratis.ContainerStateMachine (ContainerStateMachine.java:loadSnapshot(225)) - group-9C5CC0F17108: The snapshot info is null. Setting the last applied indexto:(t:0, i:~)
2020-07-16 21:58:24,938 [pool-437-thread-1] INFO  server.RaftServerConfigKeys (ConfUtils.java:logGet(44)) - raft.server.notification.no-leader.timeout = 60s (default)
2020-07-16 21:58:24,938 [pool-437-thread-1] INFO  server.RaftServerConfigKeys (ConfUtils.java:logGet(44)) - raft.server.log.use.memory = false (default)
2020-07-16 21:58:24,939 [pool-437-thread-1] INFO  server.RaftServerConfigKeys (ConfUtils.java:logGet(44)) - raft.server.log.purge.gap = 1000000 (custom)
2020-07-16 21:58:24,939 [pool-437-thread-1] INFO  server.RaftServerConfigKeys (ConfUtils.java:logGet(44)) - raft.server.log.appender.buffer.byte-limit = 33554432 (custom)
2020-07-16 21:58:24,939 [pool-437-thread-1] INFO  server.RaftServerConfigKeys (ConfUtils.java:logGet(44)) - raft.server.log.segment.size.max = 1048576 (custom)
2020-07-16 21:58:24,939 [pool-437-thread-1] INFO  metrics.RatisMetrics (RatisMetrics.java:lambda$create$0(36)) - Creating Metrics Registry : ratis.log_worker.c1d5e687-c863-4f42-9bf6-d3ee3c6f8869@group-9C5CC0F17108
2020-07-16 21:58:24,939 [pool-437-thread-1] INFO  server.RaftServerConfigKeys (ConfUtils.java:logGet(44)) - raft.server.log.segment.cache.num.max = 2 (custom)
2020-07-16 21:58:24,939 [pool-437-thread-1] INFO  segmented.SegmentedRaftLogWorker (SegmentedRaftLogWorker.java:<init>(180)) - new c1d5e687-c863-4f42-9bf6-d3ee3c6f8869@group-9C5CC0F17108-SegmentedRaftLogWorker for RaftStorage:Storage Directory /github/workspace/mnt/ozone/hadoop-ozone/integration-test/target/test-dir/MiniOzoneClusterImpl-a7962e3b-f01b-438a-a70b-bc4bb46fea7a/datanode-6/data/ratis/d911e160-3392-4d08-b08a-9c5cc0f17108
2020-07-16 21:58:24,939 [pool-437-thread-1] INFO  server.RaftServerConfigKeys (ConfUtils.java:logGet(44)) - raft.server.log.queue.byte-limit = 2147483647 (custom)
2020-07-16 21:58:24,939 [pool-437-thread-1] INFO  server.RaftServerConfigKeys (ConfUtils.java:logGet(44)) - raft.server.log.queue.element-limit = 1024 (custom)
2020-07-16 21:58:24,939 [pool-437-thread-1] INFO  server.RaftServerConfigKeys (ConfUtils.java:logGet(44)) - raft.server.log.segment.size.max = 1048576 (custom)
2020-07-16 21:58:24,939 [pool-437-thread-1] INFO  server.RaftServerConfigKeys (ConfUtils.java:logGet(44)) - raft.server.log.preallocated.size = 16384 (custom)
2020-07-16 21:58:24,939 [pool-437-thread-1] INFO  server.RaftServerConfigKeys (ConfUtils.java:logGet(44)) - raft.server.log.write.buffer.size = 1048576 (custom)
2020-07-16 21:58:24,940 [pool-437-thread-1] INFO  server.RaftServerConfigKeys (ConfUtils.java:logGet(44)) - raft.server.log.force.sync.num = 128 (default)
2020-07-16 21:58:24,940 [pool-437-thread-1] INFO  server.RaftServerConfigKeys (ConfUtils.java:logGet(44)) - raft.server.log.statemachine.data.sync = true (default)
2020-07-16 21:58:24,940 [pool-437-thread-1] INFO  server.RaftServerConfigKeys (ConfUtils.java:logGet(44)) - raft.server.log.statemachine.data.sync.timeout = 10s (default)
2020-07-16 21:58:24,940 [pool-437-thread-1] INFO  server.RaftServerConfigKeys (ConfUtils.java:logGet(44)) - raft.server.log.statemachine.data.sync.timeout.retry = -1 (default)
2020-07-16 21:58:24,941 [pool-437-thread-1] INFO  server.RaftServerConfigKeys (ConfUtils.java:logGet(44)) - raft.server.log.statemachine.data.caching.enabled = true (custom)
2020-07-16 21:58:24,942 [pool-437-thread-1] INFO  segmented.SegmentedRaftLogWorker (SegmentedRaftLogWorker.java:lambda$new$0(129)) - c1d5e687-c863-4f42-9bf6-d3ee3c6f8869@group-9C5CC0F17108-SegmentedRaftLogWorker: flushIndex: setUnconditionally 0 -> -1
2020-07-16 21:58:24,942 [pool-437-thread-1] INFO  segmented.SegmentedRaftLogWorker (SegmentedRaftLogWorker.java:lambda$new$0(129)) - c1d5e687-c863-4f42-9bf6-d3ee3c6f8869@group-9C5CC0F17108-SegmentedRaftLogWorker: safeCacheEvictIndex: setUnconditionally 0 -> -1
2020-07-16 21:58:24,942 [pool-437-thread-1] INFO  server.RaftServerConfigKeys (ConfUtils.java:logGet(44)) - raft.server.snapshot.auto.trigger.enabled = true (custom)
2020-07-16 21:58:24,942 [pool-437-thread-1] INFO  server.RaftServerConfigKeys (ConfUtils.java:logGet(44)) - raft.server.snapshot.auto.trigger.threshold = 10000 (custom)
2020-07-16 21:58:24,942 [pool-437-thread-1] INFO  server.RaftServerConfigKeys (ConfUtils.java:logGet(44)) - raft.server.snapshot.retention.file.num = 5 (custom)
2020-07-16 21:58:24,942 [pool-437-thread-1] INFO  server.RaftServerConfigKeys (ConfUtils.java:logGet(44)) - raft.server.log.purge.upto.snapshot.index = false (default)
2020-07-16 21:58:24,942 [pool-437-thread-1] INFO  server.RaftServerConfigKeys (ConfUtils.java:logGet(44)) - raft.server.retrycache.expirytime = 600000ms (custom)
2020-07-16 21:58:24,942 [pool-437-thread-1] INFO  metrics.RatisMetrics (RatisMetrics.java:lambda$create$0(36)) - Creating Metrics Registry : ratis.leader_election.c1d5e687-c863-4f42-9bf6-d3ee3c6f8869@group-9C5CC0F17108
2020-07-16 21:58:24,943 [pool-437-thread-1] INFO  metrics.RatisMetrics (RatisMetrics.java:lambda$create$0(36)) - Creating Metrics Registry : ratis.server.c1d5e687-c863-4f42-9bf6-d3ee3c6f8869@group-9C5CC0F17108
2020-07-16 21:58:24,944 [pool-437-thread-1] INFO  impl.RaftServerImpl (RaftServerImpl.java:start(186)) - c1d5e687-c863-4f42-9bf6-d3ee3c6f8869@group-9C5CC0F17108: start as a follower, conf=-1: [0e9f6704-3ceb-4f07-bcaa-7e71693368ff:172.17.0.2:34181, 4fdb1b49-2d71-4bdb-a206-e5cdb26d09c4:172.17.0.2:42815, c1d5e687-c863-4f42-9bf6-d3ee3c6f8869:172.17.0.2:39659], old=null
2020-07-16 21:58:24,944 [pool-437-thread-1] INFO  impl.RaftServerImpl (RaftServerImpl.java:setRole(175)) - c1d5e687-c863-4f42-9bf6-d3ee3c6f8869@group-9C5CC0F17108: changes role from      null to FOLLOWER at term 0 for startAsFollower
2020-07-16 21:58:24,944 [pool-437-thread-1] INFO  impl.RoleInfo (RoleInfo.java:updateAndGet(143)) - c1d5e687-c863-4f42-9bf6-d3ee3c6f8869: start FollowerState
2020-07-16 21:58:24,948 [pool-437-thread-1] INFO  util.JmxRegister (JmxRegister.java:tryRegister(44)) - Successfully registered JMX Bean with object name Ratis:service=RaftServer,group=group-9C5CC0F17108,id=c1d5e687-c863-4f42-9bf6-d3ee3c6f8869
2020-07-16 21:58:24,948 [pool-437-thread-1] INFO  metrics.RatisMetrics (RatisMetrics.java:lambda$create$0(36)) - Creating Metrics Registry : ratis.state_machine.c1d5e687-c863-4f42-9bf6-d3ee3c6f8869@group-9C5CC0F17108
2020-07-16 21:58:24,959 [grpc-default-executor-0] INFO  impl.RaftServerProxy (RaftServerProxy.java:addNew(89)) - 0e9f6704-3ceb-4f07-bcaa-7e71693368ff: addNew group-9C5CC0F17108:[0e9f6704-3ceb-4f07-bcaa-7e71693368ff:172.17.0.2:34181, 4fdb1b49-2d71-4bdb-a206-e5cdb26d09c4:172.17.0.2:42815, c1d5e687-c863-4f42-9bf6-d3ee3c6f8869:172.17.0.2:39659] returns group-9C5CC0F17108:java.util.concurrent.CompletableFuture@10e138c3[Not completed]
2020-07-16 21:58:24,962 [pool-452-thread-1] INFO  impl.RaftServerImpl (RaftServerImpl.java:<init>(99)) - 0e9f6704-3ceb-4f07-bcaa-7e71693368ff: new RaftServerImpl for group-9C5CC0F17108:[0e9f6704-3ceb-4f07-bcaa-7e71693368ff:172.17.0.2:34181, 4fdb1b49-2d71-4bdb-a206-e5cdb26d09c4:172.17.0.2:42815, c1d5e687-c863-4f42-9bf6-d3ee3c6f8869:172.17.0.2:39659] with ContainerStateMachine:uninitialized
2020-07-16 21:58:24,962 [pool-452-thread-1] INFO  server.RaftServerConfigKeys (ConfUtils.java:logGet(44)) - raft.server.rpc.timeout.min = 5s (custom)
2020-07-16 21:58:24,962 [pool-452-thread-1] INFO  server.RaftServerConfigKeys (ConfUtils.java:logGet(44)) - raft.server.rpc.timeout.max = 5200ms (custom)
2020-07-16 21:58:24,962 [pool-452-thread-1] INFO  server.RaftServerConfigKeys (ConfUtils.java:logGet(44)) - raft.server.rpcslowness.timeout = 300000ms (custom)
2020-07-16 21:58:24,962 [pool-452-thread-1] INFO  server.RaftServerConfigKeys (ConfUtils.java:logGet(44)) - raft.server.sleep.deviation.threshold = 300 (default)
2020-07-16 21:58:24,963 [pool-452-thread-1] INFO  server.RaftServerConfigKeys (ConfUtils.java:logGet(44)) - raft.server.log.appender.install.snapshot.enabled = false (custom)
2020-07-16 21:58:24,963 [pool-452-thread-1] INFO  impl.RaftServerImpl (ServerState.java:<init>(103)) - 0e9f6704-3ceb-4f07-bcaa-7e71693368ff@group-9C5CC0F17108: ConfigurationManager, init=-1: [0e9f6704-3ceb-4f07-bcaa-7e71693368ff:172.17.0.2:34181, 4fdb1b49-2d71-4bdb-a206-e5cdb26d09c4:172.17.0.2:42815, c1d5e687-c863-4f42-9bf6-d3ee3c6f8869:172.17.0.2:39659], old=null, confs=<EMPTY_MAP>
2020-07-16 21:58:24,963 [pool-452-thread-1] INFO  server.RaftServerConfigKeys (ConfUtils.java:logGet(44)) - raft.server.storage.dir = [/github/workspace/mnt/ozone/hadoop-ozone/integration-test/target/test-dir/MiniOzoneClusterImpl-a7962e3b-f01b-438a-a70b-bc4bb46fea7a/datanode-7/data/ratis] (custom)
2020-07-16 21:58:24,963 [pool-452-thread-1] INFO  server.RaftServerConfigKeys (ConfUtils.java:logGet(44)) - raft.server.log.corruption.policy = EXCEPTION (default)
2020-07-16 21:58:24,963 [pool-452-thread-1] INFO  storage.RaftStorageDirectory (RaftStorageDirectory.java:analyzeStorage(261)) - The storage directory /github/workspace/mnt/ozone/hadoop-ozone/integration-test/target/test-dir/MiniOzoneClusterImpl-a7962e3b-f01b-438a-a70b-bc4bb46fea7a/datanode-7/data/ratis/d911e160-3392-4d08-b08a-9c5cc0f17108 does not exist. Creating ...
2020-07-16 21:58:24,965 [pool-452-thread-1] INFO  storage.RaftStorageDirectory (RaftStorageDirectory.java:tryLock(343)) - Lock on /github/workspace/mnt/ozone/hadoop-ozone/integration-test/target/test-dir/MiniOzoneClusterImpl-a7962e3b-f01b-438a-a70b-bc4bb46fea7a/datanode-7/data/ratis/d911e160-3392-4d08-b08a-9c5cc0f17108/in_use.lock acquired by nodename 44140@996f77e42fba
2020-07-16 21:58:24,967 [pool-452-thread-1] INFO  storage.RaftStorage (RaftStorage.java:format(84)) - Storage directory /github/workspace/mnt/ozone/hadoop-ozone/integration-test/target/test-dir/MiniOzoneClusterImpl-a7962e3b-f01b-438a-a70b-bc4bb46fea7a/datanode-7/data/ratis/d911e160-3392-4d08-b08a-9c5cc0f17108 has been successfully formatted.
2020-07-16 21:58:24,969 [pool-452-thread-1] INFO  ratis.ContainerStateMachine (ContainerStateMachine.java:loadSnapshot(225)) - group-9C5CC0F17108: The snapshot info is null. Setting the last applied indexto:(t:0, i:~)
2020-07-16 21:58:24,969 [pool-452-thread-1] INFO  server.RaftServerConfigKeys (ConfUtils.java:logGet(44)) - raft.server.notification.no-leader.timeout = 60s (default)
2020-07-16 21:58:24,970 [pool-452-thread-1] INFO  server.RaftServerConfigKeys (ConfUtils.java:logGet(44)) - raft.server.log.use.memory = false (default)
2020-07-16 21:58:24,970 [pool-452-thread-1] INFO  server.RaftServerConfigKeys (ConfUtils.java:logGet(44)) - raft.server.log.purge.gap = 1000000 (custom)
2020-07-16 21:58:24,971 [pool-452-thread-1] INFO  server.RaftServerConfigKeys (ConfUtils.java:logGet(44)) - raft.server.log.appender.buffer.byte-limit = 33554432 (custom)
2020-07-16 21:58:24,971 [pool-452-thread-1] INFO  server.RaftServerConfigKeys (ConfUtils.java:logGet(44)) - raft.server.log.segment.size.max = 1048576 (custom)
2020-07-16 21:58:24,971 [pool-452-thread-1] INFO  metrics.RatisMetrics (RatisMetrics.java:lambda$create$0(36)) - Creating Metrics Registry : ratis.log_worker.0e9f6704-3ceb-4f07-bcaa-7e71693368ff@group-9C5CC0F17108
2020-07-16 21:58:24,971 [pool-452-thread-1] INFO  server.RaftServerConfigKeys (ConfUtils.java:logGet(44)) - raft.server.log.segment.cache.num.max = 2 (custom)
2020-07-16 21:58:24,971 [pool-452-thread-1] INFO  segmented.SegmentedRaftLogWorker (SegmentedRaftLogWorker.java:<init>(180)) - new 0e9f6704-3ceb-4f07-bcaa-7e71693368ff@group-9C5CC0F17108-SegmentedRaftLogWorker for RaftStorage:Storage Directory /github/workspace/mnt/ozone/hadoop-ozone/integration-test/target/test-dir/MiniOzoneClusterImpl-a7962e3b-f01b-438a-a70b-bc4bb46fea7a/datanode-7/data/ratis/d911e160-3392-4d08-b08a-9c5cc0f17108
2020-07-16 21:58:24,971 [pool-452-thread-1] INFO  server.RaftServerConfigKeys (ConfUtils.java:logGet(44)) - raft.server.log.queue.byte-limit = 2147483647 (custom)
2020-07-16 21:58:24,971 [pool-452-thread-1] INFO  server.RaftServerConfigKeys (ConfUtils.java:logGet(44)) - raft.server.log.queue.element-limit = 1024 (custom)
2020-07-16 21:58:24,971 [pool-452-thread-1] INFO  server.RaftServerConfigKeys (ConfUtils.java:logGet(44)) - raft.server.log.segment.size.max = 1048576 (custom)
2020-07-16 21:58:24,971 [pool-452-thread-1] INFO  server.RaftServerConfigKeys (ConfUtils.java:logGet(44)) - raft.server.log.preallocated.size = 16384 (custom)
2020-07-16 21:58:24,971 [pool-452-thread-1] INFO  server.RaftServerConfigKeys (ConfUtils.java:logGet(44)) - raft.server.log.write.buffer.size = 1048576 (custom)
2020-07-16 21:58:24,971 [pool-452-thread-1] INFO  server.RaftServerConfigKeys (ConfUtils.java:logGet(44)) - raft.server.log.force.sync.num = 128 (default)
2020-07-16 21:58:24,972 [pool-452-thread-1] INFO  server.RaftServerConfigKeys (ConfUtils.java:logGet(44)) - raft.server.log.statemachine.data.sync = true (default)
2020-07-16 21:58:24,972 [pool-452-thread-1] INFO  server.RaftServerConfigKeys (ConfUtils.java:logGet(44)) - raft.server.log.statemachine.data.sync.timeout = 10s (default)
2020-07-16 21:58:24,972 [pool-452-thread-1] INFO  server.RaftServerConfigKeys (ConfUtils.java:logGet(44)) - raft.server.log.statemachine.data.sync.timeout.retry = -1 (default)
2020-07-16 21:58:24,974 [pool-452-thread-1] INFO  server.RaftServerConfigKeys (ConfUtils.java:logGet(44)) - raft.server.log.statemachine.data.caching.enabled = true (custom)
2020-07-16 21:58:24,974 [pool-452-thread-1] INFO  segmented.SegmentedRaftLogWorker (SegmentedRaftLogWorker.java:lambda$new$0(129)) - 0e9f6704-3ceb-4f07-bcaa-7e71693368ff@group-9C5CC0F17108-SegmentedRaftLogWorker: flushIndex: setUnconditionally 0 -> -1
2020-07-16 21:58:24,974 [pool-452-thread-1] INFO  segmented.SegmentedRaftLogWorker (SegmentedRaftLogWorker.java:lambda$new$0(129)) - 0e9f6704-3ceb-4f07-bcaa-7e71693368ff@group-9C5CC0F17108-SegmentedRaftLogWorker: safeCacheEvictIndex: setUnconditionally 0 -> -1
2020-07-16 21:58:24,974 [pool-452-thread-1] INFO  server.RaftServerConfigKeys (ConfUtils.java:logGet(44)) - raft.server.snapshot.auto.trigger.enabled = true (custom)
2020-07-16 21:58:24,974 [pool-452-thread-1] INFO  server.RaftServerConfigKeys (ConfUtils.java:logGet(44)) - raft.server.snapshot.auto.trigger.threshold = 10000 (custom)
2020-07-16 21:58:24,974 [pool-452-thread-1] INFO  server.RaftServerConfigKeys (ConfUtils.java:logGet(44)) - raft.server.snapshot.retention.file.num = 5 (custom)
2020-07-16 21:58:24,974 [pool-452-thread-1] INFO  server.RaftServerConfigKeys (ConfUtils.java:logGet(44)) - raft.server.log.purge.upto.snapshot.index = false (default)
2020-07-16 21:58:24,975 [pool-452-thread-1] INFO  server.RaftServerConfigKeys (ConfUtils.java:logGet(44)) - raft.server.retrycache.expirytime = 600000ms (custom)
2020-07-16 21:58:24,975 [pool-452-thread-1] INFO  metrics.RatisMetrics (RatisMetrics.java:lambda$create$0(36)) - Creating Metrics Registry : ratis.leader_election.0e9f6704-3ceb-4f07-bcaa-7e71693368ff@group-9C5CC0F17108
2020-07-16 21:58:24,975 [pool-452-thread-1] INFO  metrics.RatisMetrics (RatisMetrics.java:lambda$create$0(36)) - Creating Metrics Registry : ratis.server.0e9f6704-3ceb-4f07-bcaa-7e71693368ff@group-9C5CC0F17108
2020-07-16 21:58:24,977 [pool-452-thread-1] INFO  impl.RaftServerImpl (RaftServerImpl.java:start(186)) - 0e9f6704-3ceb-4f07-bcaa-7e71693368ff@group-9C5CC0F17108: start as a follower, conf=-1: [0e9f6704-3ceb-4f07-bcaa-7e71693368ff:172.17.0.2:34181, 4fdb1b49-2d71-4bdb-a206-e5cdb26d09c4:172.17.0.2:42815, c1d5e687-c863-4f42-9bf6-d3ee3c6f8869:172.17.0.2:39659], old=null
2020-07-16 21:58:24,977 [pool-452-thread-1] INFO  impl.RaftServerImpl (RaftServerImpl.java:setRole(175)) - 0e9f6704-3ceb-4f07-bcaa-7e71693368ff@group-9C5CC0F17108: changes role from      null to FOLLOWER at term 0 for startAsFollower
2020-07-16 21:58:24,977 [pool-452-thread-1] INFO  impl.RoleInfo (RoleInfo.java:updateAndGet(143)) - 0e9f6704-3ceb-4f07-bcaa-7e71693368ff: start FollowerState
2020-07-16 21:58:24,977 [pool-452-thread-1] INFO  util.JmxRegister (JmxRegister.java:tryRegister(44)) - Successfully registered JMX Bean with object name Ratis:service=RaftServer,group=group-9C5CC0F17108,id=0e9f6704-3ceb-4f07-bcaa-7e71693368ff
2020-07-16 21:58:24,977 [pool-452-thread-1] INFO  metrics.RatisMetrics (RatisMetrics.java:lambda$create$0(36)) - Creating Metrics Registry : ratis.state_machine.0e9f6704-3ceb-4f07-bcaa-7e71693368ff@group-9C5CC0F17108
2020-07-16 21:58:25,002 [grpc-default-executor-0] INFO  impl.RaftServerProxy (RaftServerProxy.java:addNew(89)) - 4fdb1b49-2d71-4bdb-a206-e5cdb26d09c4: addNew group-9C5CC0F17108:[0e9f6704-3ceb-4f07-bcaa-7e71693368ff:172.17.0.2:34181, 4fdb1b49-2d71-4bdb-a206-e5cdb26d09c4:172.17.0.2:42815, c1d5e687-c863-4f42-9bf6-d3ee3c6f8869:172.17.0.2:39659] returns group-9C5CC0F17108:java.util.concurrent.CompletableFuture@1b345688[Not completed]
2020-07-16 21:58:25,005 [pool-467-thread-1] INFO  impl.RaftServerImpl (RaftServerImpl.java:<init>(99)) - 4fdb1b49-2d71-4bdb-a206-e5cdb26d09c4: new RaftServerImpl for group-9C5CC0F17108:[0e9f6704-3ceb-4f07-bcaa-7e71693368ff:172.17.0.2:34181, 4fdb1b49-2d71-4bdb-a206-e5cdb26d09c4:172.17.0.2:42815, c1d5e687-c863-4f42-9bf6-d3ee3c6f8869:172.17.0.2:39659] with ContainerStateMachine:uninitialized
2020-07-16 21:58:25,009 [pool-467-thread-1] INFO  server.RaftServerConfigKeys (ConfUtils.java:logGet(44)) - raft.server.rpc.timeout.min = 5s (custom)
2020-07-16 21:58:25,009 [pool-467-thread-1] INFO  server.RaftServerConfigKeys (ConfUtils.java:logGet(44)) - raft.server.rpc.timeout.max = 5200ms (custom)
2020-07-16 21:58:25,009 [pool-467-thread-1] INFO  server.RaftServerConfigKeys (ConfUtils.java:logGet(44)) - raft.server.rpcslowness.timeout = 300000ms (custom)
2020-07-16 21:58:25,009 [pool-467-thread-1] INFO  server.RaftServerConfigKeys (ConfUtils.java:logGet(44)) - raft.server.sleep.deviation.threshold = 300 (default)
2020-07-16 21:58:25,009 [pool-467-thread-1] INFO  server.RaftServerConfigKeys (ConfUtils.java:logGet(44)) - raft.server.log.appender.install.snapshot.enabled = false (custom)
2020-07-16 21:58:25,009 [pool-467-thread-1] INFO  impl.RaftServerImpl (ServerState.java:<init>(103)) - 4fdb1b49-2d71-4bdb-a206-e5cdb26d09c4@group-9C5CC0F17108: ConfigurationManager, init=-1: [0e9f6704-3ceb-4f07-bcaa-7e71693368ff:172.17.0.2:34181, 4fdb1b49-2d71-4bdb-a206-e5cdb26d09c4:172.17.0.2:42815, c1d5e687-c863-4f42-9bf6-d3ee3c6f8869:172.17.0.2:39659], old=null, confs=<EMPTY_MAP>
2020-07-16 21:58:25,010 [pool-467-thread-1] INFO  server.RaftServerConfigKeys (ConfUtils.java:logGet(44)) - raft.server.storage.dir = [/github/workspace/mnt/ozone/hadoop-ozone/integration-test/target/test-dir/MiniOzoneClusterImpl-a7962e3b-f01b-438a-a70b-bc4bb46fea7a/datanode-8/data/ratis] (custom)
2020-07-16 21:58:25,010 [pool-467-thread-1] INFO  server.RaftServerConfigKeys (ConfUtils.java:logGet(44)) - raft.server.log.corruption.policy = EXCEPTION (default)
2020-07-16 21:58:25,010 [pool-467-thread-1] INFO  storage.RaftStorageDirectory (RaftStorageDirectory.java:analyzeStorage(261)) - The storage directory /github/workspace/mnt/ozone/hadoop-ozone/integration-test/target/test-dir/MiniOzoneClusterImpl-a7962e3b-f01b-438a-a70b-bc4bb46fea7a/datanode-8/data/ratis/d911e160-3392-4d08-b08a-9c5cc0f17108 does not exist. Creating ...
2020-07-16 21:58:25,011 [pool-467-thread-1] INFO  storage.RaftStorageDirectory (RaftStorageDirectory.java:tryLock(343)) - Lock on /github/workspace/mnt/ozone/hadoop-ozone/integration-test/target/test-dir/MiniOzoneClusterImpl-a7962e3b-f01b-438a-a70b-bc4bb46fea7a/datanode-8/data/ratis/d911e160-3392-4d08-b08a-9c5cc0f17108/in_use.lock acquired by nodename 44140@996f77e42fba
2020-07-16 21:58:25,012 [pool-467-thread-1] INFO  storage.RaftStorage (RaftStorage.java:format(84)) - Storage directory /github/workspace/mnt/ozone/hadoop-ozone/integration-test/target/test-dir/MiniOzoneClusterImpl-a7962e3b-f01b-438a-a70b-bc4bb46fea7a/datanode-8/data/ratis/d911e160-3392-4d08-b08a-9c5cc0f17108 has been successfully formatted.
2020-07-16 21:58:25,014 [pool-467-thread-1] INFO  ratis.ContainerStateMachine (ContainerStateMachine.java:loadSnapshot(225)) - group-9C5CC0F17108: The snapshot info is null. Setting the last applied indexto:(t:0, i:~)
2020-07-16 21:58:25,015 [pool-467-thread-1] INFO  server.RaftServerConfigKeys (ConfUtils.java:logGet(44)) - raft.server.notification.no-leader.timeout = 60s (default)
2020-07-16 21:58:25,015 [pool-467-thread-1] INFO  server.RaftServerConfigKeys (ConfUtils.java:logGet(44)) - raft.server.log.use.memory = false (default)
2020-07-16 21:58:25,015 [pool-467-thread-1] INFO  server.RaftServerConfigKeys (ConfUtils.java:logGet(44)) - raft.server.log.purge.gap = 1000000 (custom)
2020-07-16 21:58:25,015 [pool-467-thread-1] INFO  server.RaftServerConfigKeys (ConfUtils.java:logGet(44)) - raft.server.log.appender.buffer.byte-limit = 33554432 (custom)
2020-07-16 21:58:25,015 [pool-467-thread-1] INFO  server.RaftServerConfigKeys (ConfUtils.java:logGet(44)) - raft.server.log.segment.size.max = 1048576 (custom)
2020-07-16 21:58:25,015 [pool-467-thread-1] INFO  metrics.RatisMetrics (RatisMetrics.java:lambda$create$0(36)) - Creating Metrics Registry : ratis.log_worker.4fdb1b49-2d71-4bdb-a206-e5cdb26d09c4@group-9C5CC0F17108
2020-07-16 21:58:25,016 [pool-467-thread-1] INFO  server.RaftServerConfigKeys (ConfUtils.java:logGet(44)) - raft.server.log.segment.cache.num.max = 2 (custom)
2020-07-16 21:58:25,016 [pool-467-thread-1] INFO  segmented.SegmentedRaftLogWorker (SegmentedRaftLogWorker.java:<init>(180)) - new 4fdb1b49-2d71-4bdb-a206-e5cdb26d09c4@group-9C5CC0F17108-SegmentedRaftLogWorker for RaftStorage:Storage Directory /github/workspace/mnt/ozone/hadoop-ozone/integration-test/target/test-dir/MiniOzoneClusterImpl-a7962e3b-f01b-438a-a70b-bc4bb46fea7a/datanode-8/data/ratis/d911e160-3392-4d08-b08a-9c5cc0f17108
2020-07-16 21:58:25,016 [pool-467-thread-1] INFO  server.RaftServerConfigKeys (ConfUtils.java:logGet(44)) - raft.server.log.queue.byte-limit = 2147483647 (custom)
2020-07-16 21:58:25,016 [pool-467-thread-1] INFO  server.RaftServerConfigKeys (ConfUtils.java:logGet(44)) - raft.server.log.queue.element-limit = 1024 (custom)
2020-07-16 21:58:25,016 [pool-467-thread-1] INFO  server.RaftServerConfigKeys (ConfUtils.java:logGet(44)) - raft.server.log.segment.size.max = 1048576 (custom)
2020-07-16 21:58:25,016 [pool-467-thread-1] INFO  server.RaftServerConfigKeys (ConfUtils.java:logGet(44)) - raft.server.log.preallocated.size = 16384 (custom)
2020-07-16 21:58:25,016 [pool-467-thread-1] INFO  server.RaftServerConfigKeys (ConfUtils.java:logGet(44)) - raft.server.log.write.buffer.size = 1048576 (custom)
2020-07-16 21:58:25,016 [pool-467-thread-1] INFO  server.RaftServerConfigKeys (ConfUtils.java:logGet(44)) - raft.server.log.force.sync.num = 128 (default)
2020-07-16 21:58:25,016 [pool-467-thread-1] INFO  server.RaftServerConfigKeys (ConfUtils.java:logGet(44)) - raft.server.log.statemachine.data.sync = true (default)
2020-07-16 21:58:25,016 [pool-467-thread-1] INFO  server.RaftServerConfigKeys (ConfUtils.java:logGet(44)) - raft.server.log.statemachine.data.sync.timeout = 10s (default)
2020-07-16 21:58:25,016 [pool-467-thread-1] INFO  server.RaftServerConfigKeys (ConfUtils.java:logGet(44)) - raft.server.log.statemachine.data.sync.timeout.retry = -1 (default)
2020-07-16 21:58:25,018 [pool-467-thread-1] INFO  server.RaftServerConfigKeys (ConfUtils.java:logGet(44)) - raft.server.log.statemachine.data.caching.enabled = true (custom)
2020-07-16 21:58:25,019 [pool-467-thread-1] INFO  segmented.SegmentedRaftLogWorker (SegmentedRaftLogWorker.java:lambda$new$0(129)) - 4fdb1b49-2d71-4bdb-a206-e5cdb26d09c4@group-9C5CC0F17108-SegmentedRaftLogWorker: flushIndex: setUnconditionally 0 -> -1
2020-07-16 21:58:25,019 [pool-467-thread-1] INFO  segmented.SegmentedRaftLogWorker (SegmentedRaftLogWorker.java:lambda$new$0(129)) - 4fdb1b49-2d71-4bdb-a206-e5cdb26d09c4@group-9C5CC0F17108-SegmentedRaftLogWorker: safeCacheEvictIndex: setUnconditionally 0 -> -1
2020-07-16 21:58:25,019 [pool-467-thread-1] INFO  server.RaftServerConfigKeys (ConfUtils.java:logGet(44)) - raft.server.snapshot.auto.trigger.enabled = true (custom)
2020-07-16 21:58:25,019 [pool-467-thread-1] INFO  server.RaftServerConfigKeys (ConfUtils.java:logGet(44)) - raft.server.snapshot.auto.trigger.threshold = 10000 (custom)
2020-07-16 21:58:25,019 [pool-467-thread-1] INFO  server.RaftServerConfigKeys (ConfUtils.java:logGet(44)) - raft.server.snapshot.retention.file.num = 5 (custom)
2020-07-16 21:58:25,019 [pool-467-thread-1] INFO  server.RaftServerConfigKeys (ConfUtils.java:logGet(44)) - raft.server.log.purge.upto.snapshot.index = false (default)
2020-07-16 21:58:25,019 [pool-467-thread-1] INFO  server.RaftServerConfigKeys (ConfUtils.java:logGet(44)) - raft.server.retrycache.expirytime = 600000ms (custom)
2020-07-16 21:58:25,019 [pool-467-thread-1] INFO  metrics.RatisMetrics (RatisMetrics.java:lambda$create$0(36)) - Creating Metrics Registry : ratis.leader_election.4fdb1b49-2d71-4bdb-a206-e5cdb26d09c4@group-9C5CC0F17108
2020-07-16 21:58:25,020 [pool-467-thread-1] INFO  metrics.RatisMetrics (RatisMetrics.java:lambda$create$0(36)) - Creating Metrics Registry : ratis.server.4fdb1b49-2d71-4bdb-a206-e5cdb26d09c4@group-9C5CC0F17108
2020-07-16 21:58:25,023 [pool-467-thread-1] INFO  impl.RaftServerImpl (RaftServerImpl.java:start(186)) - 4fdb1b49-2d71-4bdb-a206-e5cdb26d09c4@group-9C5CC0F17108: start as a follower, conf=-1: [0e9f6704-3ceb-4f07-bcaa-7e71693368ff:172.17.0.2:34181, 4fdb1b49-2d71-4bdb-a206-e5cdb26d09c4:172.17.0.2:42815, c1d5e687-c863-4f42-9bf6-d3ee3c6f8869:172.17.0.2:39659], old=null
2020-07-16 21:58:25,023 [pool-467-thread-1] INFO  impl.RaftServerImpl (RaftServerImpl.java:setRole(175)) - 4fdb1b49-2d71-4bdb-a206-e5cdb26d09c4@group-9C5CC0F17108: changes role from      null to FOLLOWER at term 0 for startAsFollower
2020-07-16 21:58:25,023 [pool-467-thread-1] INFO  impl.RoleInfo (RoleInfo.java:updateAndGet(143)) - 4fdb1b49-2d71-4bdb-a206-e5cdb26d09c4: start FollowerState
2020-07-16 21:58:25,023 [pool-467-thread-1] INFO  util.JmxRegister (JmxRegister.java:tryRegister(44)) - Successfully registered JMX Bean with object name Ratis:service=RaftServer,group=group-9C5CC0F17108,id=4fdb1b49-2d71-4bdb-a206-e5cdb26d09c4
2020-07-16 21:58:25,023 [pool-467-thread-1] INFO  metrics.RatisMetrics (RatisMetrics.java:lambda$create$0(36)) - Creating Metrics Registry : ratis.state_machine.4fdb1b49-2d71-4bdb-a206-e5cdb26d09c4@group-9C5CC0F17108
2020-07-16 21:58:25,037 [Command processor thread] INFO  commandhandler.CreatePipelineCommandHandler (CreatePipelineCommandHandler.java:handle(109)) - Created Pipeline RATIS THREE #id: "d911e160-3392-4d08-b08a-9c5cc0f17108"
uuid128 {
  mostSigBits: -2805213289576772344
  leastSigBits: -5725592054060191480
}
.
2020-07-16 21:58:25,045 [Command processor thread] INFO  impl.RaftServerProxy (RaftServerProxy.java:addNew(89)) - 0e9f6704-3ceb-4f07-bcaa-7e71693368ff: addNew group-17ACB307E6BB:[0e9f6704-3ceb-4f07-bcaa-7e71693368ff:172.17.0.2:34181] returns group-17ACB307E6BB:java.util.concurrent.CompletableFuture@46c397cf[Not completed]
2020-07-16 21:58:25,046 [pool-452-thread-1] INFO  impl.RaftServerImpl (RaftServerImpl.java:<init>(99)) - 0e9f6704-3ceb-4f07-bcaa-7e71693368ff: new RaftServerImpl for group-17ACB307E6BB:[0e9f6704-3ceb-4f07-bcaa-7e71693368ff:172.17.0.2:34181] with ContainerStateMachine:uninitialized
2020-07-16 21:58:25,046 [pool-452-thread-1] INFO  server.RaftServerConfigKeys (ConfUtils.java:logGet(44)) - raft.server.rpc.timeout.min = 5s (custom)
2020-07-16 21:58:25,046 [pool-452-thread-1] INFO  server.RaftServerConfigKeys (ConfUtils.java:logGet(44)) - raft.server.rpc.timeout.max = 5200ms (custom)
2020-07-16 21:58:25,046 [pool-452-thread-1] INFO  server.RaftServerConfigKeys (ConfUtils.java:logGet(44)) - raft.server.rpcslowness.timeout = 300000ms (custom)
2020-07-16 21:58:25,046 [pool-452-thread-1] INFO  server.RaftServerConfigKeys (ConfUtils.java:logGet(44)) - raft.server.sleep.deviation.threshold = 300 (default)
2020-07-16 21:58:25,046 [pool-452-thread-1] INFO  server.RaftServerConfigKeys (ConfUtils.java:logGet(44)) - raft.server.log.appender.install.snapshot.enabled = false (custom)
2020-07-16 21:58:25,046 [pool-452-thread-1] INFO  impl.RaftServerImpl (ServerState.java:<init>(103)) - 0e9f6704-3ceb-4f07-bcaa-7e71693368ff@group-17ACB307E6BB: ConfigurationManager, init=-1: [0e9f6704-3ceb-4f07-bcaa-7e71693368ff:172.17.0.2:34181], old=null, confs=<EMPTY_MAP>
2020-07-16 21:58:25,046 [pool-452-thread-1] INFO  server.RaftServerConfigKeys (ConfUtils.java:logGet(44)) - raft.server.storage.dir = [/github/workspace/mnt/ozone/hadoop-ozone/integration-test/target/test-dir/MiniOzoneClusterImpl-a7962e3b-f01b-438a-a70b-bc4bb46fea7a/datanode-7/data/ratis] (custom)
2020-07-16 21:58:25,047 [pool-452-thread-1] INFO  server.RaftServerConfigKeys (ConfUtils.java:logGet(44)) - raft.server.log.corruption.policy = EXCEPTION (default)
2020-07-16 21:58:25,047 [pool-452-thread-1] INFO  storage.RaftStorageDirectory (RaftStorageDirectory.java:analyzeStorage(261)) - The storage directory /github/workspace/mnt/ozone/hadoop-ozone/integration-test/target/test-dir/MiniOzoneClusterImpl-a7962e3b-f01b-438a-a70b-bc4bb46fea7a/datanode-7/data/ratis/801b5733-5633-4eaa-bd9a-17acb307e6bb does not exist. Creating ...
2020-07-16 21:58:25,048 [pool-452-thread-1] INFO  storage.RaftStorageDirectory (RaftStorageDirectory.java:tryLock(343)) - Lock on /github/workspace/mnt/ozone/hadoop-ozone/integration-test/target/test-dir/MiniOzoneClusterImpl-a7962e3b-f01b-438a-a70b-bc4bb46fea7a/datanode-7/data/ratis/801b5733-5633-4eaa-bd9a-17acb307e6bb/in_use.lock acquired by nodename 44140@996f77e42fba
2020-07-16 21:58:25,049 [pool-452-thread-1] INFO  storage.RaftStorage (RaftStorage.java:format(84)) - Storage directory /github/workspace/mnt/ozone/hadoop-ozone/integration-test/target/test-dir/MiniOzoneClusterImpl-a7962e3b-f01b-438a-a70b-bc4bb46fea7a/datanode-7/data/ratis/801b5733-5633-4eaa-bd9a-17acb307e6bb has been successfully formatted.
2020-07-16 21:58:25,050 [pool-452-thread-1] INFO  ratis.ContainerStateMachine (ContainerStateMachine.java:loadSnapshot(225)) - group-17ACB307E6BB: The snapshot info is null. Setting the last applied indexto:(t:0, i:~)
2020-07-16 21:58:25,050 [pool-452-thread-1] INFO  server.RaftServerConfigKeys (ConfUtils.java:logGet(44)) - raft.server.notification.no-leader.timeout = 60s (default)
2020-07-16 21:58:25,050 [pool-452-thread-1] INFO  server.RaftServerConfigKeys (ConfUtils.java:logGet(44)) - raft.server.log.use.memory = false (default)
2020-07-16 21:58:25,050 [EventQueue-PipelineReportForPipelineReportHandler] INFO  pipeline.PipelineStateManager (PipelineStateManager.java:openPipeline(131)) - Pipeline Pipeline[ Id: 801b5733-5633-4eaa-bd9a-17acb307e6bb, Nodes: 0e9f6704-3ceb-4f07-bcaa-7e71693368ff{ip: 172.17.0.2, host: 996f77e42fba, networkLocation: /default-rack, certSerialId: null}, Type:RATIS, Factor:ONE, State:ALLOCATED, leaderId:0e9f6704-3ceb-4f07-bcaa-7e71693368ff, CreationTimestamp2020-07-16T21:58:22.046Z] moved to OPEN state
2020-07-16 21:58:25,050 [pool-452-thread-1] INFO  server.RaftServerConfigKeys (ConfUtils.java:logGet(44)) - raft.server.log.purge.gap = 1000000 (custom)
2020-07-16 21:58:25,051 [EventQueue-OpenPipelineForOneReplicaPipelineSafeModeRule] INFO  safemode.SCMSafeModeManager (SCMSafeModeManager.java:validateSafeModeExitRules(214)) - AtleastOneDatanodeReportedRule rule is successfully validated
2020-07-16 21:58:25,051 [EventQueue-OpenPipelineForHealthyPipelineSafeModeRule] INFO  safemode.SCMSafeModeManager (HealthyPipelineSafeModeRule.java:process(129)) - SCM in safe mode. Healthy pipelines reported count is 0, required healthy pipeline reported count is 1
2020-07-16 21:58:25,051 [pool-452-thread-1] INFO  server.RaftServerConfigKeys (ConfUtils.java:logGet(44)) - raft.server.log.appender.buffer.byte-limit = 33554432 (custom)
2020-07-16 21:58:25,051 [pool-452-thread-1] INFO  server.RaftServerConfigKeys (ConfUtils.java:logGet(44)) - raft.server.log.segment.size.max = 1048576 (custom)
2020-07-16 21:58:25,051 [pool-452-thread-1] INFO  metrics.RatisMetrics (RatisMetrics.java:lambda$create$0(36)) - Creating Metrics Registry : ratis.log_worker.0e9f6704-3ceb-4f07-bcaa-7e71693368ff@group-17ACB307E6BB
2020-07-16 21:58:25,051 [pool-452-thread-1] INFO  server.RaftServerConfigKeys (ConfUtils.java:logGet(44)) - raft.server.log.segment.cache.num.max = 2 (custom)
2020-07-16 21:58:25,051 [pool-452-thread-1] INFO  segmented.SegmentedRaftLogWorker (SegmentedRaftLogWorker.java:<init>(180)) - new 0e9f6704-3ceb-4f07-bcaa-7e71693368ff@group-17ACB307E6BB-SegmentedRaftLogWorker for RaftStorage:Storage Directory /github/workspace/mnt/ozone/hadoop-ozone/integration-test/target/test-dir/MiniOzoneClusterImpl-a7962e3b-f01b-438a-a70b-bc4bb46fea7a/datanode-7/data/ratis/801b5733-5633-4eaa-bd9a-17acb307e6bb
2020-07-16 21:58:25,051 [pool-452-thread-1] INFO  server.RaftServerConfigKeys (ConfUtils.java:logGet(44)) - raft.server.log.queue.byte-limit = 2147483647 (custom)
2020-07-16 21:58:25,051 [pool-452-thread-1] INFO  server.RaftServerConfigKeys (ConfUtils.java:logGet(44)) - raft.server.log.queue.element-limit = 1024 (custom)
2020-07-16 21:58:25,052 [pool-452-thread-1] INFO  server.RaftServerConfigKeys (ConfUtils.java:logGet(44)) - raft.server.log.segment.size.max = 1048576 (custom)
2020-07-16 21:58:25,052 [pool-452-thread-1] INFO  server.RaftServerConfigKeys (ConfUtils.java:logGet(44)) - raft.server.log.preallocated.size = 16384 (custom)
2020-07-16 21:58:25,052 [pool-452-thread-1] INFO  server.RaftServerConfigKeys (ConfUtils.java:logGet(44)) - raft.server.log.write.buffer.size = 1048576 (custom)
2020-07-16 21:58:25,052 [pool-452-thread-1] INFO  server.RaftServerConfigKeys (ConfUtils.java:logGet(44)) - raft.server.log.force.sync.num = 128 (default)
2020-07-16 21:58:25,052 [pool-452-thread-1] INFO  server.RaftServerConfigKeys (ConfUtils.java:logGet(44)) - raft.server.log.statemachine.data.sync = true (default)
2020-07-16 21:58:25,052 [pool-452-thread-1] INFO  server.RaftServerConfigKeys (ConfUtils.java:logGet(44)) - raft.server.log.statemachine.data.sync.timeout = 10s (default)
2020-07-16 21:58:25,052 [pool-452-thread-1] INFO  server.RaftServerConfigKeys (ConfUtils.java:logGet(44)) - raft.server.log.statemachine.data.sync.timeout.retry = -1 (default)
2020-07-16 21:58:25,055 [pool-452-thread-1] INFO  server.RaftServerConfigKeys (ConfUtils.java:logGet(44)) - raft.server.log.statemachine.data.caching.enabled = true (custom)
2020-07-16 21:58:25,055 [pool-452-thread-1] INFO  segmented.SegmentedRaftLogWorker (SegmentedRaftLogWorker.java:lambda$new$0(129)) - 0e9f6704-3ceb-4f07-bcaa-7e71693368ff@group-17ACB307E6BB-SegmentedRaftLogWorker: flushIndex: setUnconditionally 0 -> -1
2020-07-16 21:58:25,055 [pool-452-thread-1] INFO  segmented.SegmentedRaftLogWorker (SegmentedRaftLogWorker.java:lambda$new$0(129)) - 0e9f6704-3ceb-4f07-bcaa-7e71693368ff@group-17ACB307E6BB-SegmentedRaftLogWorker: safeCacheEvictIndex: setUnconditionally 0 -> -1
2020-07-16 21:58:25,056 [pool-452-thread-1] INFO  server.RaftServerConfigKeys (ConfUtils.java:logGet(44)) - raft.server.snapshot.auto.trigger.enabled = true (custom)
2020-07-16 21:58:25,056 [pool-452-thread-1] INFO  server.RaftServerConfigKeys (ConfUtils.java:logGet(44)) - raft.server.snapshot.auto.trigger.threshold = 10000 (custom)
2020-07-16 21:58:25,056 [pool-452-thread-1] INFO  server.RaftServerConfigKeys (ConfUtils.java:logGet(44)) - raft.server.snapshot.retention.file.num = 5 (custom)
2020-07-16 21:58:25,056 [pool-452-thread-1] INFO  server.RaftServerConfigKeys (ConfUtils.java:logGet(44)) - raft.server.log.purge.upto.snapshot.index = false (default)
2020-07-16 21:58:25,056 [pool-452-thread-1] INFO  server.RaftServerConfigKeys (ConfUtils.java:logGet(44)) - raft.server.retrycache.expirytime = 600000ms (custom)
2020-07-16 21:58:25,056 [pool-452-thread-1] INFO  metrics.RatisMetrics (RatisMetrics.java:lambda$create$0(36)) - Creating Metrics Registry : ratis.leader_election.0e9f6704-3ceb-4f07-bcaa-7e71693368ff@group-17ACB307E6BB
2020-07-16 21:58:25,057 [pool-452-thread-1] INFO  metrics.RatisMetrics (RatisMetrics.java:lambda$create$0(36)) - Creating Metrics Registry : ratis.server.0e9f6704-3ceb-4f07-bcaa-7e71693368ff@group-17ACB307E6BB
2020-07-16 21:58:25,059 [pool-452-thread-1] INFO  impl.RaftServerImpl (RaftServerImpl.java:start(186)) - 0e9f6704-3ceb-4f07-bcaa-7e71693368ff@group-17ACB307E6BB: start as a follower, conf=-1: [0e9f6704-3ceb-4f07-bcaa-7e71693368ff:172.17.0.2:34181], old=null
2020-07-16 21:58:25,059 [pool-452-thread-1] INFO  impl.RaftServerImpl (RaftServerImpl.java:setRole(175)) - 0e9f6704-3ceb-4f07-bcaa-7e71693368ff@group-17ACB307E6BB: changes role from      null to FOLLOWER at term 0 for startAsFollower
2020-07-16 21:58:25,059 [pool-452-thread-1] INFO  impl.RoleInfo (RoleInfo.java:updateAndGet(143)) - 0e9f6704-3ceb-4f07-bcaa-7e71693368ff: start FollowerState
2020-07-16 21:58:25,059 [pool-452-thread-1] INFO  util.JmxRegister (JmxRegister.java:tryRegister(44)) - Successfully registered JMX Bean with object name Ratis:service=RaftServer,group=group-17ACB307E6BB,id=0e9f6704-3ceb-4f07-bcaa-7e71693368ff
2020-07-16 21:58:25,059 [pool-452-thread-1] INFO  metrics.RatisMetrics (RatisMetrics.java:lambda$create$0(36)) - Creating Metrics Registry : ratis.state_machine.0e9f6704-3ceb-4f07-bcaa-7e71693368ff@group-17ACB307E6BB
2020-07-16 21:58:25,060 [Command processor thread] INFO  commandhandler.CreatePipelineCommandHandler (CreatePipelineCommandHandler.java:handle(109)) - Created Pipeline RATIS ONE #id: "801b5733-5633-4eaa-bd9a-17acb307e6bb"
uuid128 {
  mostSigBits: -9215676334482436438
  leastSigBits: -4784485623622277445
}
.
2020-07-16 21:58:25,177 [Command processor thread] INFO  impl.RaftServerProxy (RaftServerProxy.java:addNew(89)) - 4fdb1b49-2d71-4bdb-a206-e5cdb26d09c4: addNew group-574A164D3C59:[4fdb1b49-2d71-4bdb-a206-e5cdb26d09c4:172.17.0.2:42815] returns group-574A164D3C59:java.util.concurrent.CompletableFuture@69026ec1[Not completed]
2020-07-16 21:58:25,178 [pool-467-thread-1] INFO  impl.RaftServerImpl (RaftServerImpl.java:<init>(99)) - 4fdb1b49-2d71-4bdb-a206-e5cdb26d09c4: new RaftServerImpl for group-574A164D3C59:[4fdb1b49-2d71-4bdb-a206-e5cdb26d09c4:172.17.0.2:42815] with ContainerStateMachine:uninitialized
2020-07-16 21:58:25,178 [pool-467-thread-1] INFO  server.RaftServerConfigKeys (ConfUtils.java:logGet(44)) - raft.server.rpc.timeout.min = 5s (custom)
2020-07-16 21:58:25,179 [pool-467-thread-1] INFO  server.RaftServerConfigKeys (ConfUtils.java:logGet(44)) - raft.server.rpc.timeout.max = 5200ms (custom)
2020-07-16 21:58:25,179 [pool-467-thread-1] INFO  server.RaftServerConfigKeys (ConfUtils.java:logGet(44)) - raft.server.rpcslowness.timeout = 300000ms (custom)
2020-07-16 21:58:25,179 [pool-467-thread-1] INFO  server.RaftServerConfigKeys (ConfUtils.java:logGet(44)) - raft.server.sleep.deviation.threshold = 300 (default)
2020-07-16 21:58:25,179 [pool-467-thread-1] INFO  server.RaftServerConfigKeys (ConfUtils.java:logGet(44)) - raft.server.log.appender.install.snapshot.enabled = false (custom)
2020-07-16 21:58:25,179 [pool-467-thread-1] INFO  impl.RaftServerImpl (ServerState.java:<init>(103)) - 4fdb1b49-2d71-4bdb-a206-e5cdb26d09c4@group-574A164D3C59: ConfigurationManager, init=-1: [4fdb1b49-2d71-4bdb-a206-e5cdb26d09c4:172.17.0.2:42815], old=null, confs=<EMPTY_MAP>
2020-07-16 21:58:25,179 [pool-467-thread-1] INFO  server.RaftServerConfigKeys (ConfUtils.java:logGet(44)) - raft.server.storage.dir = [/github/workspace/mnt/ozone/hadoop-ozone/integration-test/target/test-dir/MiniOzoneClusterImpl-a7962e3b-f01b-438a-a70b-bc4bb46fea7a/datanode-8/data/ratis] (custom)
2020-07-16 21:58:25,179 [pool-467-thread-1] INFO  server.RaftServerConfigKeys (ConfUtils.java:logGet(44)) - raft.server.log.corruption.policy = EXCEPTION (default)
2020-07-16 21:58:25,179 [pool-467-thread-1] INFO  storage.RaftStorageDirectory (RaftStorageDirectory.java:analyzeStorage(261)) - The storage directory /github/workspace/mnt/ozone/hadoop-ozone/integration-test/target/test-dir/MiniOzoneClusterImpl-a7962e3b-f01b-438a-a70b-bc4bb46fea7a/datanode-8/data/ratis/c4e6e2ac-6130-43dd-977a-574a164d3c59 does not exist. Creating ...
2020-07-16 21:58:25,181 [pool-467-thread-1] INFO  storage.RaftStorageDirectory (RaftStorageDirectory.java:tryLock(343)) - Lock on /github/workspace/mnt/ozone/hadoop-ozone/integration-test/target/test-dir/MiniOzoneClusterImpl-a7962e3b-f01b-438a-a70b-bc4bb46fea7a/datanode-8/data/ratis/c4e6e2ac-6130-43dd-977a-574a164d3c59/in_use.lock acquired by nodename 44140@996f77e42fba
2020-07-16 21:58:25,182 [pool-467-thread-1] INFO  storage.RaftStorage (RaftStorage.java:format(84)) - Storage directory /github/workspace/mnt/ozone/hadoop-ozone/integration-test/target/test-dir/MiniOzoneClusterImpl-a7962e3b-f01b-438a-a70b-bc4bb46fea7a/datanode-8/data/ratis/c4e6e2ac-6130-43dd-977a-574a164d3c59 has been successfully formatted.
2020-07-16 21:58:25,182 [Listener at 127.0.0.1/46707] INFO  ozone.MiniOzoneClusterImpl (MiniOzoneClusterImpl.java:lambda$waitForClusterToBeReady$0(177)) - Nodes are ready. Got 9 of 9 DN Heartbeats.
2020-07-16 21:58:25,182 [Listener at 127.0.0.1/46707] INFO  ozone.MiniOzoneClusterImpl (MiniOzoneClusterImpl.java:lambda$waitForClusterToBeReady$0(180)) - Waiting for cluster to exit safe mode
2020-07-16 21:58:25,182 [pool-467-thread-1] INFO  ratis.ContainerStateMachine (ContainerStateMachine.java:loadSnapshot(225)) - group-574A164D3C59: The snapshot info is null. Setting the last applied indexto:(t:0, i:~)
2020-07-16 21:58:25,183 [pool-467-thread-1] INFO  server.RaftServerConfigKeys (ConfUtils.java:logGet(44)) - raft.server.notification.no-leader.timeout = 60s (default)
2020-07-16 21:58:25,183 [pool-467-thread-1] INFO  server.RaftServerConfigKeys (ConfUtils.java:logGet(44)) - raft.server.log.use.memory = false (default)
2020-07-16 21:58:25,183 [pool-467-thread-1] INFO  server.RaftServerConfigKeys (ConfUtils.java:logGet(44)) - raft.server.log.purge.gap = 1000000 (custom)
2020-07-16 21:58:25,183 [pool-467-thread-1] INFO  server.RaftServerConfigKeys (ConfUtils.java:logGet(44)) - raft.server.log.appender.buffer.byte-limit = 33554432 (custom)
2020-07-16 21:58:25,183 [pool-467-thread-1] INFO  server.RaftServerConfigKeys (ConfUtils.java:logGet(44)) - raft.server.log.segment.size.max = 1048576 (custom)
2020-07-16 21:58:25,183 [pool-467-thread-1] INFO  metrics.RatisMetrics (RatisMetrics.java:lambda$create$0(36)) - Creating Metrics Registry : ratis.log_worker.4fdb1b49-2d71-4bdb-a206-e5cdb26d09c4@group-574A164D3C59
2020-07-16 21:58:25,183 [pool-467-thread-1] INFO  server.RaftServerConfigKeys (ConfUtils.java:logGet(44)) - raft.server.log.segment.cache.num.max = 2 (custom)
2020-07-16 21:58:25,183 [pool-467-thread-1] INFO  segmented.SegmentedRaftLogWorker (SegmentedRaftLogWorker.java:<init>(180)) - new 4fdb1b49-2d71-4bdb-a206-e5cdb26d09c4@group-574A164D3C59-SegmentedRaftLogWorker for RaftStorage:Storage Directory /github/workspace/mnt/ozone/hadoop-ozone/integration-test/target/test-dir/MiniOzoneClusterImpl-a7962e3b-f01b-438a-a70b-bc4bb46fea7a/datanode-8/data/ratis/c4e6e2ac-6130-43dd-977a-574a164d3c59
2020-07-16 21:58:25,183 [pool-467-thread-1] INFO  server.RaftServerConfigKeys (ConfUtils.java:logGet(44)) - raft.server.log.queue.byte-limit = 2147483647 (custom)
2020-07-16 21:58:25,183 [pool-467-thread-1] INFO  server.RaftServerConfigKeys (ConfUtils.java:logGet(44)) - raft.server.log.queue.element-limit = 1024 (custom)
2020-07-16 21:58:25,184 [pool-467-thread-1] INFO  server.RaftServerConfigKeys (ConfUtils.java:logGet(44)) - raft.server.log.segment.size.max = 1048576 (custom)
2020-07-16 21:58:25,184 [pool-467-thread-1] INFO  server.RaftServerConfigKeys (ConfUtils.java:logGet(44)) - raft.server.log.preallocated.size = 16384 (custom)
2020-07-16 21:58:25,184 [pool-467-thread-1] INFO  server.RaftServerConfigKeys (ConfUtils.java:logGet(44)) - raft.server.log.write.buffer.size = 1048576 (custom)
2020-07-16 21:58:25,184 [pool-467-thread-1] INFO  server.RaftServerConfigKeys (ConfUtils.java:logGet(44)) - raft.server.log.force.sync.num = 128 (default)
2020-07-16 21:58:25,184 [pool-467-thread-1] INFO  server.RaftServerConfigKeys (ConfUtils.java:logGet(44)) - raft.server.log.statemachine.data.sync = true (default)
2020-07-16 21:58:25,184 [pool-467-thread-1] INFO  server.RaftServerConfigKeys (ConfUtils.java:logGet(44)) - raft.server.log.statemachine.data.sync.timeout = 10s (default)
2020-07-16 21:58:25,184 [pool-467-thread-1] INFO  server.RaftServerConfigKeys (ConfUtils.java:logGet(44)) - raft.server.log.statemachine.data.sync.timeout.retry = -1 (default)
2020-07-16 21:58:25,185 [EventQueue-PipelineReportForPipelineReportHandler] INFO  pipeline.PipelineStateManager (PipelineStateManager.java:openPipeline(131)) - Pipeline Pipeline[ Id: c4e6e2ac-6130-43dd-977a-574a164d3c59, Nodes: 4fdb1b49-2d71-4bdb-a206-e5cdb26d09c4{ip: 172.17.0.2, host: 996f77e42fba, networkLocation: /default-rack, certSerialId: null}, Type:RATIS, Factor:ONE, State:ALLOCATED, leaderId:4fdb1b49-2d71-4bdb-a206-e5cdb26d09c4, CreationTimestamp2020-07-16T21:58:22.178Z] moved to OPEN state
2020-07-16 21:58:25,185 [EventQueue-OpenPipelineForHealthyPipelineSafeModeRule] INFO  safemode.SCMSafeModeManager (HealthyPipelineSafeModeRule.java:process(129)) - SCM in safe mode. Healthy pipelines reported count is 0, required healthy pipeline reported count is 1
2020-07-16 21:58:25,186 [EventQueue-OpenPipelineForOneReplicaPipelineSafeModeRule] INFO  safemode.SCMSafeModeManager (SCMSafeModeManager.java:validateSafeModeExitRules(214)) - AtleastOneDatanodeReportedRule rule is successfully validated
2020-07-16 21:58:25,186 [pool-467-thread-1] INFO  server.RaftServerConfigKeys (ConfUtils.java:logGet(44)) - raft.server.log.statemachine.data.caching.enabled = true (custom)
2020-07-16 21:58:25,186 [pool-467-thread-1] INFO  segmented.SegmentedRaftLogWorker (SegmentedRaftLogWorker.java:lambda$new$0(129)) - 4fdb1b49-2d71-4bdb-a206-e5cdb26d09c4@group-574A164D3C59-SegmentedRaftLogWorker: flushIndex: setUnconditionally 0 -> -1
2020-07-16 21:58:25,186 [pool-467-thread-1] INFO  segmented.SegmentedRaftLogWorker (SegmentedRaftLogWorker.java:lambda$new$0(129)) - 4fdb1b49-2d71-4bdb-a206-e5cdb26d09c4@group-574A164D3C59-SegmentedRaftLogWorker: safeCacheEvictIndex: setUnconditionally 0 -> -1
2020-07-16 21:58:25,187 [pool-467-thread-1] INFO  server.RaftServerConfigKeys (ConfUtils.java:logGet(44)) - raft.server.snapshot.auto.trigger.enabled = true (custom)
2020-07-16 21:58:25,187 [pool-467-thread-1] INFO  server.RaftServerConfigKeys (ConfUtils.java:logGet(44)) - raft.server.snapshot.auto.trigger.threshold = 10000 (custom)
2020-07-16 21:58:25,187 [pool-467-thread-1] INFO  server.RaftServerConfigKeys (ConfUtils.java:logGet(44)) - raft.server.snapshot.retention.file.num = 5 (custom)
2020-07-16 21:58:25,187 [pool-467-thread-1] INFO  server.RaftServerConfigKeys (ConfUtils.java:logGet(44)) - raft.server.log.purge.upto.snapshot.index = false (default)
2020-07-16 21:58:25,187 [pool-467-thread-1] INFO  server.RaftServerConfigKeys (ConfUtils.java:logGet(44)) - raft.server.retrycache.expirytime = 600000ms (custom)
2020-07-16 21:58:25,187 [pool-467-thread-1] INFO  metrics.RatisMetrics (RatisMetrics.java:lambda$create$0(36)) - Creating Metrics Registry : ratis.leader_election.4fdb1b49-2d71-4bdb-a206-e5cdb26d09c4@group-574A164D3C59
2020-07-16 21:58:25,187 [pool-467-thread-1] INFO  metrics.RatisMetrics (RatisMetrics.java:lambda$create$0(36)) - Creating Metrics Registry : ratis.server.4fdb1b49-2d71-4bdb-a206-e5cdb26d09c4@group-574A164D3C59
2020-07-16 21:58:25,189 [pool-467-thread-1] INFO  impl.RaftServerImpl (RaftServerImpl.java:start(186)) - 4fdb1b49-2d71-4bdb-a206-e5cdb26d09c4@group-574A164D3C59: start as a follower, conf=-1: [4fdb1b49-2d71-4bdb-a206-e5cdb26d09c4:172.17.0.2:42815], old=null
2020-07-16 21:58:25,189 [pool-467-thread-1] INFO  impl.RaftServerImpl (RaftServerImpl.java:setRole(175)) - 4fdb1b49-2d71-4bdb-a206-e5cdb26d09c4@group-574A164D3C59: changes role from      null to FOLLOWER at term 0 for startAsFollower
2020-07-16 21:58:25,189 [pool-467-thread-1] INFO  impl.RoleInfo (RoleInfo.java:updateAndGet(143)) - 4fdb1b49-2d71-4bdb-a206-e5cdb26d09c4: start FollowerState
2020-07-16 21:58:25,189 [pool-467-thread-1] INFO  util.JmxRegister (JmxRegister.java:tryRegister(44)) - Successfully registered JMX Bean with object name Ratis:service=RaftServer,group=group-574A164D3C59,id=4fdb1b49-2d71-4bdb-a206-e5cdb26d09c4
2020-07-16 21:58:25,189 [pool-467-thread-1] INFO  metrics.RatisMetrics (RatisMetrics.java:lambda$create$0(36)) - Creating Metrics Registry : ratis.state_machine.4fdb1b49-2d71-4bdb-a206-e5cdb26d09c4@group-574A164D3C59
2020-07-16 21:58:25,190 [Command processor thread] INFO  commandhandler.CreatePipelineCommandHandler (CreatePipelineCommandHandler.java:handle(109)) - Created Pipeline RATIS ONE #id: "c4e6e2ac-6130-43dd-977a-574a164d3c59"
uuid128 {
  mostSigBits: -4258467167639419939
  leastSigBits: -7531611451110376359
}
.
2020-07-16 21:58:26,183 [Listener at 127.0.0.1/46707] INFO  ozone.MiniOzoneClusterImpl (MiniOzoneClusterImpl.java:lambda$waitForClusterToBeReady$0(177)) - Nodes are ready. Got 9 of 9 DN Heartbeats.
2020-07-16 21:58:26,183 [Listener at 127.0.0.1/46707] INFO  ozone.MiniOzoneClusterImpl (MiniOzoneClusterImpl.java:lambda$waitForClusterToBeReady$0(180)) - Waiting for cluster to exit safe mode
2020-07-16 21:58:27,183 [Listener at 127.0.0.1/46707] INFO  ozone.MiniOzoneClusterImpl (MiniOzoneClusterImpl.java:lambda$waitForClusterToBeReady$0(177)) - Nodes are ready. Got 9 of 9 DN Heartbeats.
2020-07-16 21:58:27,183 [Listener at 127.0.0.1/46707] INFO  ozone.MiniOzoneClusterImpl (MiniOzoneClusterImpl.java:lambda$waitForClusterToBeReady$0(180)) - Waiting for cluster to exit safe mode
2020-07-16 21:58:28,184 [Listener at 127.0.0.1/46707] INFO  ozone.MiniOzoneClusterImpl (MiniOzoneClusterImpl.java:lambda$waitForClusterToBeReady$0(177)) - Nodes are ready. Got 9 of 9 DN Heartbeats.
2020-07-16 21:58:28,184 [Listener at 127.0.0.1/46707] INFO  ozone.MiniOzoneClusterImpl (MiniOzoneClusterImpl.java:lambda$waitForClusterToBeReady$0(180)) - Waiting for cluster to exit safe mode
2020-07-16 21:58:29,184 [Listener at 127.0.0.1/46707] INFO  ozone.MiniOzoneClusterImpl (MiniOzoneClusterImpl.java:lambda$waitForClusterToBeReady$0(177)) - Nodes are ready. Got 9 of 9 DN Heartbeats.
2020-07-16 21:58:29,184 [Listener at 127.0.0.1/46707] INFO  ozone.MiniOzoneClusterImpl (MiniOzoneClusterImpl.java:lambda$waitForClusterToBeReady$0(180)) - Waiting for cluster to exit safe mode
2020-07-16 21:58:29,208 [Thread-1261] INFO  impl.FollowerState (FollowerState.java:run(108)) - 29df65de-cb89-45e9-879e-f172419ab480@group-4B517198585D-FollowerState: change to CANDIDATE, lastRpcTime:5039ms, electionTimeout:5039ms
2020-07-16 21:58:29,208 [Thread-1261] INFO  impl.RoleInfo (RoleInfo.java:shutdownFollowerState(121)) - 29df65de-cb89-45e9-879e-f172419ab480: shutdown FollowerState
2020-07-16 21:58:29,208 [Thread-1261] INFO  impl.RaftServerImpl (RaftServerImpl.java:setRole(175)) - 29df65de-cb89-45e9-879e-f172419ab480@group-4B517198585D: changes role from  FOLLOWER to CANDIDATE at term 0 for changeToCandidate
2020-07-16 21:58:29,209 [Thread-1261] INFO  impl.RoleInfo (RoleInfo.java:updateAndGet(143)) - 29df65de-cb89-45e9-879e-f172419ab480: start LeaderElection
2020-07-16 21:58:29,213 [29df65de-cb89-45e9-879e-f172419ab480@group-4B517198585D-LeaderElection30] INFO  impl.LeaderElection (LeaderElection.java:askForVotes(206)) - 29df65de-cb89-45e9-879e-f172419ab480@group-4B517198585D-LeaderElection30: begin an election at term 1 for -1: [29df65de-cb89-45e9-879e-f172419ab480:172.17.0.2:39233], old=null
2020-07-16 21:58:29,213 [29df65de-cb89-45e9-879e-f172419ab480@group-4B517198585D-LeaderElection30] INFO  impl.RoleInfo (RoleInfo.java:shutdownLeaderElection(134)) - 29df65de-cb89-45e9-879e-f172419ab480: shutdown LeaderElection
2020-07-16 21:58:29,213 [29df65de-cb89-45e9-879e-f172419ab480@group-4B517198585D-LeaderElection30] INFO  impl.RaftServerImpl (RaftServerImpl.java:setRole(175)) - 29df65de-cb89-45e9-879e-f172419ab480@group-4B517198585D: changes role from CANDIDATE to LEADER at term 1 for changeToLeader
2020-07-16 21:58:29,213 [29df65de-cb89-45e9-879e-f172419ab480@group-4B517198585D-LeaderElection30] INFO  ratis.XceiverServerRatis (XceiverServerRatis.java:handleLeaderChangedNotification(820)) - Leader change notification received for group: group-4B517198585D with new leaderId: 29df65de-cb89-45e9-879e-f172419ab480
2020-07-16 21:58:29,214 [29df65de-cb89-45e9-879e-f172419ab480@group-4B517198585D-LeaderElection30] INFO  impl.RaftServerImpl (ServerState.java:setLeader(255)) - 29df65de-cb89-45e9-879e-f172419ab480@group-4B517198585D: change Leader from null to 29df65de-cb89-45e9-879e-f172419ab480 at term 1 for becomeLeader, leader elected after 5052ms
2020-07-16 21:58:29,215 [29df65de-cb89-45e9-879e-f172419ab480@group-4B517198585D-LeaderElection30] INFO  server.RaftServerConfigKeys (ConfUtils.java:logGet(44)) - raft.server.staging.catchup.gap = 1000 (default)
2020-07-16 21:58:29,215 [29df65de-cb89-45e9-879e-f172419ab480@group-4B517198585D-LeaderElection30] INFO  server.RaftServerConfigKeys (ConfUtils.java:logGet(44)) - raft.server.rpc.sleep.time = 25ms (default)
2020-07-16 21:58:29,215 [29df65de-cb89-45e9-879e-f172419ab480@group-4B517198585D-LeaderElection30] INFO  metrics.RatisMetrics (RatisMetrics.java:lambda$create$0(36)) - Creating Metrics Registry : ratis.log_appender.29df65de-cb89-45e9-879e-f172419ab480@group-4B517198585D
2020-07-16 21:58:29,215 [29df65de-cb89-45e9-879e-f172419ab480@group-4B517198585D-LeaderElection30] INFO  server.RaftServerConfigKeys (ConfUtils.java:logGet(44)) - raft.server.write.element-limit = 1024 (custom)
2020-07-16 21:58:29,215 [29df65de-cb89-45e9-879e-f172419ab480@group-4B517198585D-LeaderElection30] INFO  server.RaftServerConfigKeys (ConfUtils.java:logGet(44)) - raft.server.write.byte-limit = 1073741824 (custom)
2020-07-16 21:58:29,216 [29df65de-cb89-45e9-879e-f172419ab480@group-4B517198585D-LeaderElection30] INFO  server.RaftServerConfigKeys (ConfUtils.java:logGet(44)) - raft.server.watch.timeout = 3000ms (custom)
2020-07-16 21:58:29,216 [29df65de-cb89-45e9-879e-f172419ab480@group-4B517198585D-LeaderElection30] INFO  server.RaftServerConfigKeys (ConfUtils.java:logGet(44)) - raft.server.watch.timeout.denomination = 1s (default)
2020-07-16 21:58:29,216 [29df65de-cb89-45e9-879e-f172419ab480@group-4B517198585D-LeaderElection30] INFO  server.RaftServerConfigKeys (ConfUtils.java:logGet(44)) - raft.server.watch.element-limit = 65536 (default)
2020-07-16 21:58:29,216 [29df65de-cb89-45e9-879e-f172419ab480@group-4B517198585D-LeaderElection30] INFO  impl.RoleInfo (RoleInfo.java:updateAndGet(143)) - 29df65de-cb89-45e9-879e-f172419ab480: start LeaderState
2020-07-16 21:58:29,216 [29df65de-cb89-45e9-879e-f172419ab480@group-4B517198585D-LeaderElection30] INFO  segmented.SegmentedRaftLogWorker (SegmentedRaftLogWorker.java:startLogSegment(397)) - 29df65de-cb89-45e9-879e-f172419ab480@group-4B517198585D-SegmentedRaftLogWorker: Starting segment from index:0
2020-07-16 21:58:29,217 [29df65de-cb89-45e9-879e-f172419ab480@group-4B517198585D-LeaderElection30] INFO  impl.RaftServerImpl (ServerState.java:setRaftConf(356)) - 29df65de-cb89-45e9-879e-f172419ab480@group-4B517198585D: set configuration 0: [29df65de-cb89-45e9-879e-f172419ab480:172.17.0.2:39233], old=null at 0
2020-07-16 21:58:29,221 [29df65de-cb89-45e9-879e-f172419ab480@group-4B517198585D-SegmentedRaftLogWorker] INFO  segmented.SegmentedRaftLogWorker (SegmentedRaftLogWorker.java:execute(596)) - 29df65de-cb89-45e9-879e-f172419ab480@group-4B517198585D-SegmentedRaftLogWorker: created new log segment /github/workspace/mnt/ozone/hadoop-ozone/integration-test/target/test-dir/MiniOzoneClusterImpl-a7962e3b-f01b-438a-a70b-bc4bb46fea7a/datanode-0/data/ratis/42b826cb-8950-4c77-abd5-4b517198585d/current/log_inprogress_0
2020-07-16 21:58:29,341 [Thread-1265] INFO  impl.FollowerState (FollowerState.java:run(108)) - 4c89fc7b-ea3a-41c4-95af-82e0047110c2@group-F961CCA9B41C-FollowerState: change to CANDIDATE, lastRpcTime:5124ms, electionTimeout:5123ms
2020-07-16 21:58:29,342 [Thread-1265] INFO  impl.RoleInfo (RoleInfo.java:shutdownFollowerState(121)) - 4c89fc7b-ea3a-41c4-95af-82e0047110c2: shutdown FollowerState
2020-07-16 21:58:29,342 [Thread-1265] INFO  impl.RaftServerImpl (RaftServerImpl.java:setRole(175)) - 4c89fc7b-ea3a-41c4-95af-82e0047110c2@group-F961CCA9B41C: changes role from  FOLLOWER to CANDIDATE at term 0 for changeToCandidate
2020-07-16 21:58:29,342 [Thread-1265] INFO  impl.RoleInfo (RoleInfo.java:updateAndGet(143)) - 4c89fc7b-ea3a-41c4-95af-82e0047110c2: start LeaderElection
2020-07-16 21:58:29,347 [4c89fc7b-ea3a-41c4-95af-82e0047110c2@group-F961CCA9B41C-LeaderElection31] INFO  impl.LeaderElection (LeaderElection.java:askForVotes(206)) - 4c89fc7b-ea3a-41c4-95af-82e0047110c2@group-F961CCA9B41C-LeaderElection31: begin an election at term 1 for -1: [29df65de-cb89-45e9-879e-f172419ab480:172.17.0.2:39233, 4c89fc7b-ea3a-41c4-95af-82e0047110c2:172.17.0.2:38513, 0cd7fb39-f112-4f4e-916c-e67208469a58:172.17.0.2:44789], old=null
2020-07-16 21:58:29,347 [Thread-1263] INFO  impl.FollowerState (FollowerState.java:run(108)) - 29df65de-cb89-45e9-879e-f172419ab480@group-F961CCA9B41C-FollowerState: change to CANDIDATE, lastRpcTime:5162ms, electionTimeout:5162ms
2020-07-16 21:58:29,347 [Thread-1263] INFO  impl.RoleInfo (RoleInfo.java:shutdownFollowerState(121)) - 29df65de-cb89-45e9-879e-f172419ab480: shutdown FollowerState
2020-07-16 21:58:29,347 [Thread-1263] INFO  impl.RaftServerImpl (RaftServerImpl.java:setRole(175)) - 29df65de-cb89-45e9-879e-f172419ab480@group-F961CCA9B41C: changes role from  FOLLOWER to CANDIDATE at term 0 for changeToCandidate
2020-07-16 21:58:29,348 [Thread-1263] INFO  impl.RoleInfo (RoleInfo.java:updateAndGet(143)) - 29df65de-cb89-45e9-879e-f172419ab480: start LeaderElection
2020-07-16 21:58:29,358 [29df65de-cb89-45e9-879e-f172419ab480@group-F961CCA9B41C-LeaderElection32] INFO  impl.LeaderElection (LeaderElection.java:askForVotes(206)) - 29df65de-cb89-45e9-879e-f172419ab480@group-F961CCA9B41C-LeaderElection32: begin an election at term 1 for -1: [29df65de-cb89-45e9-879e-f172419ab480:172.17.0.2:39233, 4c89fc7b-ea3a-41c4-95af-82e0047110c2:172.17.0.2:38513, 0cd7fb39-f112-4f4e-916c-e67208469a58:172.17.0.2:44789], old=null
2020-07-16 21:58:29,371 [grpc-default-executor-0] INFO  impl.RaftServerImpl (RaftServerImpl.java:setRole(175)) - 0cd7fb39-f112-4f4e-916c-e67208469a58@group-F961CCA9B41C: changes role from  FOLLOWER to FOLLOWER at term 1 for recognizeCandidate:4c89fc7b-ea3a-41c4-95af-82e0047110c2
2020-07-16 21:58:29,371 [grpc-default-executor-0] INFO  impl.RoleInfo (RoleInfo.java:shutdownFollowerState(121)) - 0cd7fb39-f112-4f4e-916c-e67208469a58: shutdown FollowerState
2020-07-16 21:58:29,372 [grpc-default-executor-0] INFO  impl.RoleInfo (RoleInfo.java:updateAndGet(143)) - 0cd7fb39-f112-4f4e-916c-e67208469a58: start FollowerState
2020-07-16 21:58:29,372 [Thread-1268] INFO  impl.FollowerState (FollowerState.java:run(117)) - 0cd7fb39-f112-4f4e-916c-e67208469a58@group-F961CCA9B41C-FollowerState was interrupted: java.lang.InterruptedException: sleep interrupted
2020-07-16 21:58:29,385 [4c89fc7b-ea3a-41c4-95af-82e0047110c2@group-F961CCA9B41C-LeaderElection31] INFO  impl.LeaderElection (LeaderElection.java:logAndReturn(61)) - 4c89fc7b-ea3a-41c4-95af-82e0047110c2@group-F961CCA9B41C-LeaderElection31: Election PASSED; received 2 response(s) [4c89fc7b-ea3a-41c4-95af-82e0047110c2<-29df65de-cb89-45e9-879e-f172419ab480#0:FAIL-t1, 4c89fc7b-ea3a-41c4-95af-82e0047110c2<-0cd7fb39-f112-4f4e-916c-e67208469a58#0:OK-t1] and 0 exception(s); 4c89fc7b-ea3a-41c4-95af-82e0047110c2@group-F961CCA9B41C:t1, leader=null, voted=4c89fc7b-ea3a-41c4-95af-82e0047110c2, raftlog=4c89fc7b-ea3a-41c4-95af-82e0047110c2@group-F961CCA9B41C-SegmentedRaftLog:OPENED:c-1,f-1,i0, conf=-1: [29df65de-cb89-45e9-879e-f172419ab480:172.17.0.2:39233, 4c89fc7b-ea3a-41c4-95af-82e0047110c2:172.17.0.2:38513, 0cd7fb39-f112-4f4e-916c-e67208469a58:172.17.0.2:44789], old=null
2020-07-16 21:58:29,385 [4c89fc7b-ea3a-41c4-95af-82e0047110c2@group-F961CCA9B41C-LeaderElection31] INFO  impl.RoleInfo (RoleInfo.java:shutdownLeaderElection(134)) - 4c89fc7b-ea3a-41c4-95af-82e0047110c2: shutdown LeaderElection
2020-07-16 21:58:29,385 [4c89fc7b-ea3a-41c4-95af-82e0047110c2@group-F961CCA9B41C-LeaderElection31] INFO  impl.RaftServerImpl (RaftServerImpl.java:setRole(175)) - 4c89fc7b-ea3a-41c4-95af-82e0047110c2@group-F961CCA9B41C: changes role from CANDIDATE to LEADER at term 1 for changeToLeader
2020-07-16 21:58:29,386 [4c89fc7b-ea3a-41c4-95af-82e0047110c2@group-F961CCA9B41C-LeaderElection31] INFO  ratis.XceiverServerRatis (XceiverServerRatis.java:handleLeaderChangedNotification(820)) - Leader change notification received for group: group-F961CCA9B41C with new leaderId: 4c89fc7b-ea3a-41c4-95af-82e0047110c2
2020-07-16 21:58:29,386 [4c89fc7b-ea3a-41c4-95af-82e0047110c2@group-F961CCA9B41C-LeaderElection31] INFO  impl.RaftServerImpl (ServerState.java:setLeader(255)) - 4c89fc7b-ea3a-41c4-95af-82e0047110c2@group-F961CCA9B41C: change Leader from null to 4c89fc7b-ea3a-41c4-95af-82e0047110c2 at term 1 for becomeLeader, leader elected after 5176ms
2020-07-16 21:58:29,386 [EventQueue-PipelineReportForPipelineReportHandler] INFO  pipeline.PipelineStateManager (PipelineStateManager.java:openPipeline(131)) - Pipeline Pipeline[ Id: abd10150-8826-426c-a1fc-f961cca9b41c, Nodes: 4c89fc7b-ea3a-41c4-95af-82e0047110c2{ip: 172.17.0.2, host: 996f77e42fba, networkLocation: /default-rack, certSerialId: null}0cd7fb39-f112-4f4e-916c-e67208469a58{ip: 172.17.0.2, host: 996f77e42fba, networkLocation: /default-rack, certSerialId: null}29df65de-cb89-45e9-879e-f172419ab480{ip: 172.17.0.2, host: 996f77e42fba, networkLocation: /default-rack, certSerialId: null}, Type:RATIS, Factor:THREE, State:ALLOCATED, leaderId:4c89fc7b-ea3a-41c4-95af-82e0047110c2, CreationTimestamp2020-07-16T21:58:21.406Z] moved to OPEN state
2020-07-16 21:58:29,391 [4c89fc7b-ea3a-41c4-95af-82e0047110c2@group-F961CCA9B41C-LeaderElection31] INFO  server.RaftServerConfigKeys (ConfUtils.java:logGet(44)) - raft.server.staging.catchup.gap = 1000 (default)
2020-07-16 21:58:29,391 [4c89fc7b-ea3a-41c4-95af-82e0047110c2@group-F961CCA9B41C-LeaderElection31] INFO  server.RaftServerConfigKeys (ConfUtils.java:logGet(44)) - raft.server.rpc.sleep.time = 25ms (default)
2020-07-16 21:58:29,391 [EventQueue-OpenPipelineForOneReplicaPipelineSafeModeRule] INFO  safemode.SCMSafeModeManager (SCMSafeModeManager.java:validateSafeModeExitRules(214)) - AtleastOneDatanodeReportedRule rule is successfully validated
2020-07-16 21:58:29,391 [EventQueue-OpenPipelineForHealthyPipelineSafeModeRule] INFO  safemode.SCMSafeModeManager (HealthyPipelineSafeModeRule.java:process(129)) - SCM in safe mode. Healthy pipelines reported count is 1, required healthy pipeline reported count is 1
2020-07-16 21:58:29,392 [EventQueue-OpenPipelineForHealthyPipelineSafeModeRule] INFO  safemode.SCMSafeModeManager (SCMSafeModeManager.java:validateSafeModeExitRules(214)) - HealthyPipelineSafeModeRule rule is successfully validated
2020-07-16 21:58:29,392 [EventQueue-OpenPipelineForHealthyPipelineSafeModeRule] INFO  safemode.SCMSafeModeManager (SCMSafeModeManager.java:validateSafeModeExitRules(228)) - ScmSafeModeManager, all rules are successfully validated
2020-07-16 21:58:29,392 [EventQueue-OpenPipelineForHealthyPipelineSafeModeRule] INFO  safemode.SCMSafeModeManager (SCMSafeModeManager.java:exitSafeMode(257)) - SCM exiting safe mode.
2020-07-16 21:58:29,391 [4c89fc7b-ea3a-41c4-95af-82e0047110c2@group-F961CCA9B41C-LeaderElection31] INFO  metrics.RatisMetrics (RatisMetrics.java:lambda$create$0(36)) - Creating Metrics Registry : ratis.log_appender.4c89fc7b-ea3a-41c4-95af-82e0047110c2@group-F961CCA9B41C
2020-07-16 21:58:29,393 [4c89fc7b-ea3a-41c4-95af-82e0047110c2@group-F961CCA9B41C-LeaderElection31] INFO  server.RaftServerConfigKeys (ConfUtils.java:logGet(44)) - raft.server.write.element-limit = 1024 (custom)
2020-07-16 21:58:29,393 [4c89fc7b-ea3a-41c4-95af-82e0047110c2@group-F961CCA9B41C-LeaderElection31] INFO  server.RaftServerConfigKeys (ConfUtils.java:logGet(44)) - raft.server.write.byte-limit = 1073741824 (custom)
2020-07-16 21:58:29,393 [4c89fc7b-ea3a-41c4-95af-82e0047110c2@group-F961CCA9B41C-LeaderElection31] INFO  server.RaftServerConfigKeys (ConfUtils.java:logGet(44)) - raft.server.watch.timeout = 3000ms (custom)
2020-07-16 21:58:29,393 [4c89fc7b-ea3a-41c4-95af-82e0047110c2@group-F961CCA9B41C-LeaderElection31] INFO  server.RaftServerConfigKeys (ConfUtils.java:logGet(44)) - raft.server.watch.timeout.denomination = 1s (default)
2020-07-16 21:58:29,393 [4c89fc7b-ea3a-41c4-95af-82e0047110c2@group-F961CCA9B41C-LeaderElection31] INFO  server.RaftServerConfigKeys (ConfUtils.java:logGet(44)) - raft.server.watch.element-limit = 65536 (default)
2020-07-16 21:58:29,394 [4c89fc7b-ea3a-41c4-95af-82e0047110c2@group-F961CCA9B41C-LeaderElection31] INFO  server.RaftServerConfigKeys (ConfUtils.java:logGet(44)) - raft.server.log.appender.snapshot.chunk.size.max = 16MB (=16777216) (default)
2020-07-16 21:58:29,394 [4c89fc7b-ea3a-41c4-95af-82e0047110c2@group-F961CCA9B41C-LeaderElection31] INFO  server.RaftServerConfigKeys (ConfUtils.java:logGet(44)) - raft.server.log.appender.buffer.byte-limit = 33554432 (custom)
2020-07-16 21:58:29,394 [4c89fc7b-ea3a-41c4-95af-82e0047110c2@group-F961CCA9B41C-LeaderElection31] INFO  server.RaftServerConfigKeys (ConfUtils.java:logGet(44)) - raft.server.log.appender.buffer.element-limit = 1 (custom)
2020-07-16 21:58:29,395 [4c89fc7b-ea3a-41c4-95af-82e0047110c2@group-F961CCA9B41C-LeaderElection31] INFO  grpc.GrpcConfigKeys (ConfUtils.java:logGet(44)) - raft.grpc.server.leader.outstanding.appends.max = 128 (default)
2020-07-16 21:58:29,395 [4c89fc7b-ea3a-41c4-95af-82e0047110c2@group-F961CCA9B41C-LeaderElection31] INFO  server.RaftServerConfigKeys (ConfUtils.java:logGet(44)) - raft.server.rpc.request.timeout = 3000ms (default)
2020-07-16 21:58:29,395 [4c89fc7b-ea3a-41c4-95af-82e0047110c2@group-F961CCA9B41C-LeaderElection31] INFO  server.RaftServerConfigKeys (ConfUtils.java:logGet(44)) - raft.server.log.appender.install.snapshot.enabled = false (custom)
2020-07-16 21:58:29,395 [4c89fc7b-ea3a-41c4-95af-82e0047110c2@group-F961CCA9B41C-LeaderElection31] INFO  metrics.RatisMetrics (RatisMetrics.java:lambda$create$0(36)) - Creating Metrics Registry : ratis_grpc.log_appender.4c89fc7b-ea3a-41c4-95af-82e0047110c2@group-F961CCA9B41C
2020-07-16 21:58:29,396 [4c89fc7b-ea3a-41c4-95af-82e0047110c2@group-F961CCA9B41C-LeaderElection31] INFO  server.RaftServerConfigKeys (ConfUtils.java:logGet(44)) - raft.server.log.appender.snapshot.chunk.size.max = 16MB (=16777216) (default)
2020-07-16 21:58:29,396 [4c89fc7b-ea3a-41c4-95af-82e0047110c2@group-F961CCA9B41C-LeaderElection31] INFO  server.RaftServerConfigKeys (ConfUtils.java:logGet(44)) - raft.server.log.appender.buffer.byte-limit = 33554432 (custom)
2020-07-16 21:58:29,396 [4c89fc7b-ea3a-41c4-95af-82e0047110c2@group-F961CCA9B41C-LeaderElection31] INFO  server.RaftServerConfigKeys (ConfUtils.java:logGet(44)) - raft.server.log.appender.buffer.element-limit = 1 (custom)
2020-07-16 21:58:29,396 [29df65de-cb89-45e9-879e-f172419ab480@group-F961CCA9B41C-LeaderElection32] INFO  impl.LeaderElection (LeaderElection.java:logAndReturn(61)) - 29df65de-cb89-45e9-879e-f172419ab480@group-F961CCA9B41C-LeaderElection32: Election REJECTED; received 2 response(s) [29df65de-cb89-45e9-879e-f172419ab480<-4c89fc7b-ea3a-41c4-95af-82e0047110c2#0:FAIL-t1, 29df65de-cb89-45e9-879e-f172419ab480<-0cd7fb39-f112-4f4e-916c-e67208469a58#0:FAIL-t1] and 0 exception(s); 29df65de-cb89-45e9-879e-f172419ab480@group-F961CCA9B41C:t1, leader=null, voted=29df65de-cb89-45e9-879e-f172419ab480, raftlog=29df65de-cb89-45e9-879e-f172419ab480@group-F961CCA9B41C-SegmentedRaftLog:OPENED:c-1,f-1,i0, conf=-1: [29df65de-cb89-45e9-879e-f172419ab480:172.17.0.2:39233, 4c89fc7b-ea3a-41c4-95af-82e0047110c2:172.17.0.2:38513, 0cd7fb39-f112-4f4e-916c-e67208469a58:172.17.0.2:44789], old=null
2020-07-16 21:58:29,397 [4c89fc7b-ea3a-41c4-95af-82e0047110c2@group-F961CCA9B41C-LeaderElection31] INFO  grpc.GrpcConfigKeys (ConfUtils.java:logGet(44)) - raft.grpc.server.leader.outstanding.appends.max = 128 (default)
2020-07-16 21:58:29,397 [29df65de-cb89-45e9-879e-f172419ab480@group-F961CCA9B41C-LeaderElection32] INFO  impl.RaftServerImpl (RaftServerImpl.java:setRole(175)) - 29df65de-cb89-45e9-879e-f172419ab480@group-F961CCA9B41C: changes role from CANDIDATE to FOLLOWER at term 1 for DISCOVERED_A_NEW_TERM
2020-07-16 21:58:29,401 [29df65de-cb89-45e9-879e-f172419ab480@group-F961CCA9B41C-LeaderElection32] INFO  impl.RoleInfo (RoleInfo.java:shutdownLeaderElection(134)) - 29df65de-cb89-45e9-879e-f172419ab480: shutdown LeaderElection
2020-07-16 21:58:29,401 [29df65de-cb89-45e9-879e-f172419ab480@group-F961CCA9B41C-LeaderElection32] INFO  impl.RoleInfo (RoleInfo.java:updateAndGet(143)) - 29df65de-cb89-45e9-879e-f172419ab480: start FollowerState
2020-07-16 21:58:29,397 [4c89fc7b-ea3a-41c4-95af-82e0047110c2@group-F961CCA9B41C-LeaderElection31] INFO  server.RaftServerConfigKeys (ConfUtils.java:logGet(44)) - raft.server.rpc.request.timeout = 3000ms (default)
2020-07-16 21:58:29,405 [4c89fc7b-ea3a-41c4-95af-82e0047110c2@group-F961CCA9B41C-LeaderElection31] INFO  server.RaftServerConfigKeys (ConfUtils.java:logGet(44)) - raft.server.log.appender.install.snapshot.enabled = false (custom)
2020-07-16 21:58:29,406 [4c89fc7b-ea3a-41c4-95af-82e0047110c2@group-F961CCA9B41C-LeaderElection31] INFO  impl.RoleInfo (RoleInfo.java:updateAndGet(143)) - 4c89fc7b-ea3a-41c4-95af-82e0047110c2: start LeaderState
2020-07-16 21:58:29,407 [4c89fc7b-ea3a-41c4-95af-82e0047110c2@group-F961CCA9B41C-LeaderElection31] INFO  segmented.SegmentedRaftLogWorker (SegmentedRaftLogWorker.java:startLogSegment(397)) - 4c89fc7b-ea3a-41c4-95af-82e0047110c2@group-F961CCA9B41C-SegmentedRaftLogWorker: Starting segment from index:0
2020-07-16 21:58:29,408 [4c89fc7b-ea3a-41c4-95af-82e0047110c2@group-F961CCA9B41C-SegmentedRaftLogWorker] INFO  segmented.SegmentedRaftLogWorker (SegmentedRaftLogWorker.java:execute(596)) - 4c89fc7b-ea3a-41c4-95af-82e0047110c2@group-F961CCA9B41C-SegmentedRaftLogWorker: created new log segment /github/workspace/mnt/ozone/hadoop-ozone/integration-test/target/test-dir/MiniOzoneClusterImpl-a7962e3b-f01b-438a-a70b-bc4bb46fea7a/datanode-2/data/ratis/abd10150-8826-426c-a1fc-f961cca9b41c/current/log_inprogress_0
2020-07-16 21:58:29,409 [4c89fc7b-ea3a-41c4-95af-82e0047110c2@group-F961CCA9B41C-LeaderElection31] INFO  impl.RaftServerImpl (ServerState.java:setRaftConf(356)) - 4c89fc7b-ea3a-41c4-95af-82e0047110c2@group-F961CCA9B41C: set configuration 0: [29df65de-cb89-45e9-879e-f172419ab480:172.17.0.2:39233, 4c89fc7b-ea3a-41c4-95af-82e0047110c2:172.17.0.2:38513, 0cd7fb39-f112-4f4e-916c-e67208469a58:172.17.0.2:44789], old=null at 0
2020-07-16 21:58:29,415 [grpc-default-executor-4] INFO  ratis.XceiverServerRatis (XceiverServerRatis.java:handleLeaderChangedNotification(820)) - Leader change notification received for group: group-F961CCA9B41C with new leaderId: 4c89fc7b-ea3a-41c4-95af-82e0047110c2
2020-07-16 21:58:29,415 [grpc-default-executor-4] INFO  impl.RaftServerImpl (ServerState.java:setLeader(255)) - 0cd7fb39-f112-4f4e-916c-e67208469a58@group-F961CCA9B41C: change Leader from null to 4c89fc7b-ea3a-41c4-95af-82e0047110c2 at term 1 for appendEntries, leader elected after 5178ms
2020-07-16 21:58:29,419 [grpc-default-executor-4] INFO  ratis.XceiverServerRatis (XceiverServerRatis.java:handleLeaderChangedNotification(820)) - Leader change notification received for group: group-F961CCA9B41C with new leaderId: 4c89fc7b-ea3a-41c4-95af-82e0047110c2
2020-07-16 21:58:29,419 [grpc-default-executor-4] INFO  impl.RaftServerImpl (ServerState.java:setLeader(255)) - 29df65de-cb89-45e9-879e-f172419ab480@group-F961CCA9B41C: change Leader from null to 4c89fc7b-ea3a-41c4-95af-82e0047110c2 at term 1 for appendEntries, leader elected after 5242ms
2020-07-16 21:58:29,421 [grpc-default-executor-4] INFO  impl.RaftServerImpl (ServerState.java:setRaftConf(356)) - 29df65de-cb89-45e9-879e-f172419ab480@group-F961CCA9B41C: set configuration 0: [29df65de-cb89-45e9-879e-f172419ab480:172.17.0.2:39233, 4c89fc7b-ea3a-41c4-95af-82e0047110c2:172.17.0.2:38513, 0cd7fb39-f112-4f4e-916c-e67208469a58:172.17.0.2:44789], old=null at 0
2020-07-16 21:58:29,422 [grpc-default-executor-4] INFO  segmented.SegmentedRaftLogWorker (SegmentedRaftLogWorker.java:startLogSegment(397)) - 29df65de-cb89-45e9-879e-f172419ab480@group-F961CCA9B41C-SegmentedRaftLogWorker: Starting segment from index:0
2020-07-16 21:58:29,422 [grpc-default-executor-0] INFO  impl.RaftServerImpl (ServerState.java:setRaftConf(356)) - 0cd7fb39-f112-4f4e-916c-e67208469a58@group-F961CCA9B41C: set configuration 0: [29df65de-cb89-45e9-879e-f172419ab480:172.17.0.2:39233, 4c89fc7b-ea3a-41c4-95af-82e0047110c2:172.17.0.2:38513, 0cd7fb39-f112-4f4e-916c-e67208469a58:172.17.0.2:44789], old=null at 0
2020-07-16 21:58:29,423 [grpc-default-executor-0] INFO  segmented.SegmentedRaftLogWorker (SegmentedRaftLogWorker.java:startLogSegment(397)) - 0cd7fb39-f112-4f4e-916c-e67208469a58@group-F961CCA9B41C-SegmentedRaftLogWorker: Starting segment from index:0
2020-07-16 21:58:29,424 [29df65de-cb89-45e9-879e-f172419ab480@group-F961CCA9B41C-SegmentedRaftLogWorker] INFO  segmented.SegmentedRaftLogWorker (SegmentedRaftLogWorker.java:execute(596)) - 29df65de-cb89-45e9-879e-f172419ab480@group-F961CCA9B41C-SegmentedRaftLogWorker: created new log segment /github/workspace/mnt/ozone/hadoop-ozone/integration-test/target/test-dir/MiniOzoneClusterImpl-a7962e3b-f01b-438a-a70b-bc4bb46fea7a/datanode-0/data/ratis/abd10150-8826-426c-a1fc-f961cca9b41c/current/log_inprogress_0
2020-07-16 21:58:29,424 [0cd7fb39-f112-4f4e-916c-e67208469a58@group-F961CCA9B41C-SegmentedRaftLogWorker] INFO  segmented.SegmentedRaftLogWorker (SegmentedRaftLogWorker.java:execute(596)) - 0cd7fb39-f112-4f4e-916c-e67208469a58@group-F961CCA9B41C-SegmentedRaftLogWorker: created new log segment /github/workspace/mnt/ozone/hadoop-ozone/integration-test/target/test-dir/MiniOzoneClusterImpl-a7962e3b-f01b-438a-a70b-bc4bb46fea7a/datanode-1/data/ratis/abd10150-8826-426c-a1fc-f961cca9b41c/current/log_inprogress_0
2020-07-16 21:58:29,461 [Thread-1271] INFO  impl.FollowerState (FollowerState.java:run(108)) - 0cd7fb39-f112-4f4e-916c-e67208469a58@group-8085B57BE6C1-FollowerState: change to CANDIDATE, lastRpcTime:5158ms, electionTimeout:5157ms
2020-07-16 21:58:29,461 [Thread-1271] INFO  impl.RoleInfo (RoleInfo.java:shutdownFollowerState(121)) - 0cd7fb39-f112-4f4e-916c-e67208469a58: shutdown FollowerState
2020-07-16 21:58:29,462 [Thread-1271] INFO  impl.RaftServerImpl (RaftServerImpl.java:setRole(175)) - 0cd7fb39-f112-4f4e-916c-e67208469a58@group-8085B57BE6C1: changes role from  FOLLOWER to CANDIDATE at term 0 for changeToCandidate
2020-07-16 21:58:29,462 [Thread-1271] INFO  impl.RoleInfo (RoleInfo.java:updateAndGet(143)) - 0cd7fb39-f112-4f4e-916c-e67208469a58: start LeaderElection
2020-07-16 21:58:29,467 [0cd7fb39-f112-4f4e-916c-e67208469a58@group-8085B57BE6C1-LeaderElection33] INFO  impl.LeaderElection (LeaderElection.java:askForVotes(206)) - 0cd7fb39-f112-4f4e-916c-e67208469a58@group-8085B57BE6C1-LeaderElection33: begin an election at term 1 for -1: [0cd7fb39-f112-4f4e-916c-e67208469a58:172.17.0.2:44789], old=null
2020-07-16 21:58:29,467 [0cd7fb39-f112-4f4e-916c-e67208469a58@group-8085B57BE6C1-LeaderElection33] INFO  impl.RoleInfo (RoleInfo.java:shutdownLeaderElection(134)) - 0cd7fb39-f112-4f4e-916c-e67208469a58: shutdown LeaderElection
2020-07-16 21:58:29,467 [0cd7fb39-f112-4f4e-916c-e67208469a58@group-8085B57BE6C1-LeaderElection33] INFO  impl.RaftServerImpl (RaftServerImpl.java:setRole(175)) - 0cd7fb39-f112-4f4e-916c-e67208469a58@group-8085B57BE6C1: changes role from CANDIDATE to LEADER at term 1 for changeToLeader
2020-07-16 21:58:29,467 [0cd7fb39-f112-4f4e-916c-e67208469a58@group-8085B57BE6C1-LeaderElection33] INFO  ratis.XceiverServerRatis (XceiverServerRatis.java:handleLeaderChangedNotification(820)) - Leader change notification received for group: group-8085B57BE6C1 with new leaderId: 0cd7fb39-f112-4f4e-916c-e67208469a58
2020-07-16 21:58:29,467 [0cd7fb39-f112-4f4e-916c-e67208469a58@group-8085B57BE6C1-LeaderElection33] INFO  impl.RaftServerImpl (ServerState.java:setLeader(255)) - 0cd7fb39-f112-4f4e-916c-e67208469a58@group-8085B57BE6C1: change Leader from null to 0cd7fb39-f112-4f4e-916c-e67208469a58 at term 1 for becomeLeader, leader elected after 5172ms
2020-07-16 21:58:29,469 [0cd7fb39-f112-4f4e-916c-e67208469a58@group-8085B57BE6C1-LeaderElection33] INFO  server.RaftServerConfigKeys (ConfUtils.java:logGet(44)) - raft.server.staging.catchup.gap = 1000 (default)
2020-07-16 21:58:29,469 [0cd7fb39-f112-4f4e-916c-e67208469a58@group-8085B57BE6C1-LeaderElection33] INFO  server.RaftServerConfigKeys (ConfUtils.java:logGet(44)) - raft.server.rpc.sleep.time = 25ms (default)
2020-07-16 21:58:29,469 [0cd7fb39-f112-4f4e-916c-e67208469a58@group-8085B57BE6C1-LeaderElection33] INFO  metrics.RatisMetrics (RatisMetrics.java:lambda$create$0(36)) - Creating Metrics Registry : ratis.log_appender.0cd7fb39-f112-4f4e-916c-e67208469a58@group-8085B57BE6C1
2020-07-16 21:58:29,469 [0cd7fb39-f112-4f4e-916c-e67208469a58@group-8085B57BE6C1-LeaderElection33] INFO  server.RaftServerConfigKeys (ConfUtils.java:logGet(44)) - raft.server.write.element-limit = 1024 (custom)
2020-07-16 21:58:29,469 [0cd7fb39-f112-4f4e-916c-e67208469a58@group-8085B57BE6C1-LeaderElection33] INFO  server.RaftServerConfigKeys (ConfUtils.java:logGet(44)) - raft.server.write.byte-limit = 1073741824 (custom)
2020-07-16 21:58:29,470 [0cd7fb39-f112-4f4e-916c-e67208469a58@group-8085B57BE6C1-LeaderElection33] INFO  server.RaftServerConfigKeys (ConfUtils.java:logGet(44)) - raft.server.watch.timeout = 3000ms (custom)
2020-07-16 21:58:29,470 [0cd7fb39-f112-4f4e-916c-e67208469a58@group-8085B57BE6C1-LeaderElection33] INFO  server.RaftServerConfigKeys (ConfUtils.java:logGet(44)) - raft.server.watch.timeout.denomination = 1s (default)
2020-07-16 21:58:29,470 [0cd7fb39-f112-4f4e-916c-e67208469a58@group-8085B57BE6C1-LeaderElection33] INFO  server.RaftServerConfigKeys (ConfUtils.java:logGet(44)) - raft.server.watch.element-limit = 65536 (default)
2020-07-16 21:58:29,470 [0cd7fb39-f112-4f4e-916c-e67208469a58@group-8085B57BE6C1-LeaderElection33] INFO  impl.RoleInfo (RoleInfo.java:updateAndGet(143)) - 0cd7fb39-f112-4f4e-916c-e67208469a58: start LeaderState
2020-07-16 21:58:29,471 [0cd7fb39-f112-4f4e-916c-e67208469a58@group-8085B57BE6C1-LeaderElection33] INFO  segmented.SegmentedRaftLogWorker (SegmentedRaftLogWorker.java:startLogSegment(397)) - 0cd7fb39-f112-4f4e-916c-e67208469a58@group-8085B57BE6C1-SegmentedRaftLogWorker: Starting segment from index:0
2020-07-16 21:58:29,471 [0cd7fb39-f112-4f4e-916c-e67208469a58@group-8085B57BE6C1-LeaderElection33] INFO  impl.RaftServerImpl (ServerState.java:setRaftConf(356)) - 0cd7fb39-f112-4f4e-916c-e67208469a58@group-8085B57BE6C1: set configuration 0: [0cd7fb39-f112-4f4e-916c-e67208469a58:172.17.0.2:44789], old=null at 0
2020-07-16 21:58:29,472 [0cd7fb39-f112-4f4e-916c-e67208469a58@group-8085B57BE6C1-SegmentedRaftLogWorker] INFO  segmented.SegmentedRaftLogWorker (SegmentedRaftLogWorker.java:execute(596)) - 0cd7fb39-f112-4f4e-916c-e67208469a58@group-8085B57BE6C1-SegmentedRaftLogWorker: created new log segment /github/workspace/mnt/ozone/hadoop-ozone/integration-test/target/test-dir/MiniOzoneClusterImpl-a7962e3b-f01b-438a-a70b-bc4bb46fea7a/datanode-1/data/ratis/b0d94970-4054-46b1-99fd-8085b57be6c1/current/log_inprogress_0
2020-07-16 21:58:29,500 [Thread-1273] INFO  impl.FollowerState (FollowerState.java:run(108)) - 4c89fc7b-ea3a-41c4-95af-82e0047110c2@group-19632B9C0A65-FollowerState: change to CANDIDATE, lastRpcTime:5086ms, electionTimeout:5086ms
2020-07-16 21:58:29,501 [Thread-1273] INFO  impl.RoleInfo (RoleInfo.java:shutdownFollowerState(121)) - 4c89fc7b-ea3a-41c4-95af-82e0047110c2: shutdown FollowerState
2020-07-16 21:58:29,501 [Thread-1273] INFO  impl.RaftServerImpl (RaftServerImpl.java:setRole(175)) - 4c89fc7b-ea3a-41c4-95af-82e0047110c2@group-19632B9C0A65: changes role from  FOLLOWER to CANDIDATE at term 0 for changeToCandidate
2020-07-16 21:58:29,501 [Thread-1273] INFO  impl.RoleInfo (RoleInfo.java:updateAndGet(143)) - 4c89fc7b-ea3a-41c4-95af-82e0047110c2: start LeaderElection
2020-07-16 21:58:29,504 [4c89fc7b-ea3a-41c4-95af-82e0047110c2@group-19632B9C0A65-LeaderElection34] INFO  impl.LeaderElection (LeaderElection.java:askForVotes(206)) - 4c89fc7b-ea3a-41c4-95af-82e0047110c2@group-19632B9C0A65-LeaderElection34: begin an election at term 1 for -1: [4c89fc7b-ea3a-41c4-95af-82e0047110c2:172.17.0.2:38513], old=null
2020-07-16 21:58:29,504 [4c89fc7b-ea3a-41c4-95af-82e0047110c2@group-19632B9C0A65-LeaderElection34] INFO  impl.RoleInfo (RoleInfo.java:shutdownLeaderElection(134)) - 4c89fc7b-ea3a-41c4-95af-82e0047110c2: shutdown LeaderElection
2020-07-16 21:58:29,504 [4c89fc7b-ea3a-41c4-95af-82e0047110c2@group-19632B9C0A65-LeaderElection34] INFO  impl.RaftServerImpl (RaftServerImpl.java:setRole(175)) - 4c89fc7b-ea3a-41c4-95af-82e0047110c2@group-19632B9C0A65: changes role from CANDIDATE to LEADER at term 1 for changeToLeader
2020-07-16 21:58:29,504 [4c89fc7b-ea3a-41c4-95af-82e0047110c2@group-19632B9C0A65-LeaderElection34] INFO  ratis.XceiverServerRatis (XceiverServerRatis.java:handleLeaderChangedNotification(820)) - Leader change notification received for group: group-19632B9C0A65 with new leaderId: 4c89fc7b-ea3a-41c4-95af-82e0047110c2
2020-07-16 21:58:29,504 [4c89fc7b-ea3a-41c4-95af-82e0047110c2@group-19632B9C0A65-LeaderElection34] INFO  impl.RaftServerImpl (ServerState.java:setLeader(255)) - 4c89fc7b-ea3a-41c4-95af-82e0047110c2@group-19632B9C0A65: change Leader from null to 4c89fc7b-ea3a-41c4-95af-82e0047110c2 at term 1 for becomeLeader, leader elected after 5098ms
2020-07-16 21:58:29,505 [4c89fc7b-ea3a-41c4-95af-82e0047110c2@group-19632B9C0A65-LeaderElection34] INFO  server.RaftServerConfigKeys (ConfUtils.java:logGet(44)) - raft.server.staging.catchup.gap = 1000 (default)
2020-07-16 21:58:29,505 [4c89fc7b-ea3a-41c4-95af-82e0047110c2@group-19632B9C0A65-LeaderElection34] INFO  server.RaftServerConfigKeys (ConfUtils.java:logGet(44)) - raft.server.rpc.sleep.time = 25ms (default)
2020-07-16 21:58:29,505 [4c89fc7b-ea3a-41c4-95af-82e0047110c2@group-19632B9C0A65-LeaderElection34] INFO  metrics.RatisMetrics (RatisMetrics.java:lambda$create$0(36)) - Creating Metrics Registry : ratis.log_appender.4c89fc7b-ea3a-41c4-95af-82e0047110c2@group-19632B9C0A65
2020-07-16 21:58:29,505 [4c89fc7b-ea3a-41c4-95af-82e0047110c2@group-19632B9C0A65-LeaderElection34] INFO  server.RaftServerConfigKeys (ConfUtils.java:logGet(44)) - raft.server.write.element-limit = 1024 (custom)
2020-07-16 21:58:29,505 [4c89fc7b-ea3a-41c4-95af-82e0047110c2@group-19632B9C0A65-LeaderElection34] INFO  server.RaftServerConfigKeys (ConfUtils.java:logGet(44)) - raft.server.write.byte-limit = 1073741824 (custom)
2020-07-16 21:58:29,506 [4c89fc7b-ea3a-41c4-95af-82e0047110c2@group-19632B9C0A65-LeaderElection34] INFO  server.RaftServerConfigKeys (ConfUtils.java:logGet(44)) - raft.server.watch.timeout = 3000ms (custom)
2020-07-16 21:58:29,506 [4c89fc7b-ea3a-41c4-95af-82e0047110c2@group-19632B9C0A65-LeaderElection34] INFO  server.RaftServerConfigKeys (ConfUtils.java:logGet(44)) - raft.server.watch.timeout.denomination = 1s (default)
2020-07-16 21:58:29,506 [4c89fc7b-ea3a-41c4-95af-82e0047110c2@group-19632B9C0A65-LeaderElection34] INFO  server.RaftServerConfigKeys (ConfUtils.java:logGet(44)) - raft.server.watch.element-limit = 65536 (default)
2020-07-16 21:58:29,506 [4c89fc7b-ea3a-41c4-95af-82e0047110c2@group-19632B9C0A65-LeaderElection34] INFO  impl.RoleInfo (RoleInfo.java:updateAndGet(143)) - 4c89fc7b-ea3a-41c4-95af-82e0047110c2: start LeaderState
2020-07-16 21:58:29,506 [4c89fc7b-ea3a-41c4-95af-82e0047110c2@group-19632B9C0A65-LeaderElection34] INFO  segmented.SegmentedRaftLogWorker (SegmentedRaftLogWorker.java:startLogSegment(397)) - 4c89fc7b-ea3a-41c4-95af-82e0047110c2@group-19632B9C0A65-SegmentedRaftLogWorker: Starting segment from index:0
2020-07-16 21:58:29,507 [4c89fc7b-ea3a-41c4-95af-82e0047110c2@group-19632B9C0A65-LeaderElection34] INFO  impl.RaftServerImpl (ServerState.java:setRaftConf(356)) - 4c89fc7b-ea3a-41c4-95af-82e0047110c2@group-19632B9C0A65: set configuration 0: [4c89fc7b-ea3a-41c4-95af-82e0047110c2:172.17.0.2:38513], old=null at 0
2020-07-16 21:58:29,508 [4c89fc7b-ea3a-41c4-95af-82e0047110c2@group-19632B9C0A65-SegmentedRaftLogWorker] INFO  segmented.SegmentedRaftLogWorker (SegmentedRaftLogWorker.java:execute(596)) - 4c89fc7b-ea3a-41c4-95af-82e0047110c2@group-19632B9C0A65-SegmentedRaftLogWorker: created new log segment /github/workspace/mnt/ozone/hadoop-ozone/integration-test/target/test-dir/MiniOzoneClusterImpl-a7962e3b-f01b-438a-a70b-bc4bb46fea7a/datanode-2/data/ratis/8c1d8211-36e8-4d41-83bf-19632b9c0a65/current/log_inprogress_0
2020-07-16 21:58:29,665 [Thread-1285] INFO  impl.FollowerState (FollowerState.java:run(108)) - fed52763-551e-41ff-9d0c-bcac1cecd791@group-60C4CD486433-FollowerState: change to CANDIDATE, lastRpcTime:5008ms, electionTimeout:5007ms
2020-07-16 21:58:29,666 [Thread-1285] INFO  impl.RoleInfo (RoleInfo.java:shutdownFollowerState(121)) - fed52763-551e-41ff-9d0c-bcac1cecd791: shutdown FollowerState
2020-07-16 21:58:29,666 [Thread-1285] INFO  impl.RaftServerImpl (RaftServerImpl.java:setRole(175)) - fed52763-551e-41ff-9d0c-bcac1cecd791@group-60C4CD486433: changes role from  FOLLOWER to CANDIDATE at term 0 for changeToCandidate
2020-07-16 21:58:29,666 [Thread-1285] INFO  impl.RoleInfo (RoleInfo.java:updateAndGet(143)) - fed52763-551e-41ff-9d0c-bcac1cecd791: start LeaderElection
2020-07-16 21:58:29,674 [fed52763-551e-41ff-9d0c-bcac1cecd791@group-60C4CD486433-LeaderElection35] INFO  impl.LeaderElection (LeaderElection.java:askForVotes(206)) - fed52763-551e-41ff-9d0c-bcac1cecd791@group-60C4CD486433-LeaderElection35: begin an election at term 1 for -1: [fed52763-551e-41ff-9d0c-bcac1cecd791:172.17.0.2:46417], old=null
2020-07-16 21:58:29,674 [fed52763-551e-41ff-9d0c-bcac1cecd791@group-60C4CD486433-LeaderElection35] INFO  impl.RoleInfo (RoleInfo.java:shutdownLeaderElection(134)) - fed52763-551e-41ff-9d0c-bcac1cecd791: shutdown LeaderElection
2020-07-16 21:58:29,674 [fed52763-551e-41ff-9d0c-bcac1cecd791@group-60C4CD486433-LeaderElection35] INFO  impl.RaftServerImpl (RaftServerImpl.java:setRole(175)) - fed52763-551e-41ff-9d0c-bcac1cecd791@group-60C4CD486433: changes role from CANDIDATE to LEADER at term 1 for changeToLeader
2020-07-16 21:58:29,674 [fed52763-551e-41ff-9d0c-bcac1cecd791@group-60C4CD486433-LeaderElection35] INFO  ratis.XceiverServerRatis (XceiverServerRatis.java:handleLeaderChangedNotification(820)) - Leader change notification received for group: group-60C4CD486433 with new leaderId: fed52763-551e-41ff-9d0c-bcac1cecd791
2020-07-16 21:58:29,674 [fed52763-551e-41ff-9d0c-bcac1cecd791@group-60C4CD486433-LeaderElection35] INFO  impl.RaftServerImpl (ServerState.java:setLeader(255)) - fed52763-551e-41ff-9d0c-bcac1cecd791@group-60C4CD486433: change Leader from null to fed52763-551e-41ff-9d0c-bcac1cecd791 at term 1 for becomeLeader, leader elected after 5024ms
2020-07-16 21:58:29,675 [fed52763-551e-41ff-9d0c-bcac1cecd791@group-60C4CD486433-LeaderElection35] INFO  server.RaftServerConfigKeys (ConfUtils.java:logGet(44)) - raft.server.staging.catchup.gap = 1000 (default)
2020-07-16 21:58:29,676 [fed52763-551e-41ff-9d0c-bcac1cecd791@group-60C4CD486433-LeaderElection35] INFO  server.RaftServerConfigKeys (ConfUtils.java:logGet(44)) - raft.server.rpc.sleep.time = 25ms (default)
2020-07-16 21:58:29,676 [fed52763-551e-41ff-9d0c-bcac1cecd791@group-60C4CD486433-LeaderElection35] INFO  metrics.RatisMetrics (RatisMetrics.java:lambda$create$0(36)) - Creating Metrics Registry : ratis.log_appender.fed52763-551e-41ff-9d0c-bcac1cecd791@group-60C4CD486433
2020-07-16 21:58:29,676 [fed52763-551e-41ff-9d0c-bcac1cecd791@group-60C4CD486433-LeaderElection35] INFO  server.RaftServerConfigKeys (ConfUtils.java:logGet(44)) - raft.server.write.element-limit = 1024 (custom)
2020-07-16 21:58:29,676 [fed52763-551e-41ff-9d0c-bcac1cecd791@group-60C4CD486433-LeaderElection35] INFO  server.RaftServerConfigKeys (ConfUtils.java:logGet(44)) - raft.server.write.byte-limit = 1073741824 (custom)
2020-07-16 21:58:29,676 [fed52763-551e-41ff-9d0c-bcac1cecd791@group-60C4CD486433-LeaderElection35] INFO  server.RaftServerConfigKeys (ConfUtils.java:logGet(44)) - raft.server.watch.timeout = 3000ms (custom)
2020-07-16 21:58:29,677 [fed52763-551e-41ff-9d0c-bcac1cecd791@group-60C4CD486433-LeaderElection35] INFO  server.RaftServerConfigKeys (ConfUtils.java:logGet(44)) - raft.server.watch.timeout.denomination = 1s (default)
2020-07-16 21:58:29,677 [fed52763-551e-41ff-9d0c-bcac1cecd791@group-60C4CD486433-LeaderElection35] INFO  server.RaftServerConfigKeys (ConfUtils.java:logGet(44)) - raft.server.watch.element-limit = 65536 (default)
2020-07-16 21:58:29,677 [fed52763-551e-41ff-9d0c-bcac1cecd791@group-60C4CD486433-LeaderElection35] INFO  impl.RoleInfo (RoleInfo.java:updateAndGet(143)) - fed52763-551e-41ff-9d0c-bcac1cecd791: start LeaderState
2020-07-16 21:58:29,677 [fed52763-551e-41ff-9d0c-bcac1cecd791@group-60C4CD486433-LeaderElection35] INFO  segmented.SegmentedRaftLogWorker (SegmentedRaftLogWorker.java:startLogSegment(397)) - fed52763-551e-41ff-9d0c-bcac1cecd791@group-60C4CD486433-SegmentedRaftLogWorker: Starting segment from index:0
2020-07-16 21:58:29,678 [fed52763-551e-41ff-9d0c-bcac1cecd791@group-60C4CD486433-LeaderElection35] INFO  impl.RaftServerImpl (ServerState.java:setRaftConf(356)) - fed52763-551e-41ff-9d0c-bcac1cecd791@group-60C4CD486433: set configuration 0: [fed52763-551e-41ff-9d0c-bcac1cecd791:172.17.0.2:46417], old=null at 0
2020-07-16 21:58:29,679 [fed52763-551e-41ff-9d0c-bcac1cecd791@group-60C4CD486433-SegmentedRaftLogWorker] INFO  segmented.SegmentedRaftLogWorker (SegmentedRaftLogWorker.java:execute(596)) - fed52763-551e-41ff-9d0c-bcac1cecd791@group-60C4CD486433-SegmentedRaftLogWorker: created new log segment /github/workspace/mnt/ozone/hadoop-ozone/integration-test/target/test-dir/MiniOzoneClusterImpl-a7962e3b-f01b-438a-a70b-bc4bb46fea7a/datanode-4/data/ratis/7cd9f3d8-62f3-43ee-ae43-60c4cd486433/current/log_inprogress_0
2020-07-16 21:58:29,698 [Thread-1275] INFO  impl.FollowerState (FollowerState.java:run(108)) - eaaa25a0-e74b-44c9-ae3d-9e81de8ecf32@group-F454E035362A-FollowerState: change to CANDIDATE, lastRpcTime:5147ms, electionTimeout:5146ms
2020-07-16 21:58:29,699 [Thread-1275] INFO  impl.RoleInfo (RoleInfo.java:shutdownFollowerState(121)) - eaaa25a0-e74b-44c9-ae3d-9e81de8ecf32: shutdown FollowerState
2020-07-16 21:58:29,699 [Thread-1275] INFO  impl.RaftServerImpl (RaftServerImpl.java:setRole(175)) - eaaa25a0-e74b-44c9-ae3d-9e81de8ecf32@group-F454E035362A: changes role from  FOLLOWER to CANDIDATE at term 0 for changeToCandidate
2020-07-16 21:58:29,699 [Thread-1275] INFO  impl.RoleInfo (RoleInfo.java:updateAndGet(143)) - eaaa25a0-e74b-44c9-ae3d-9e81de8ecf32: start LeaderElection
2020-07-16 21:58:29,702 [eaaa25a0-e74b-44c9-ae3d-9e81de8ecf32@group-F454E035362A-LeaderElection36] INFO  impl.LeaderElection (LeaderElection.java:askForVotes(206)) - eaaa25a0-e74b-44c9-ae3d-9e81de8ecf32@group-F454E035362A-LeaderElection36: begin an election at term 1 for -1: [eaaa25a0-e74b-44c9-ae3d-9e81de8ecf32:172.17.0.2:34731], old=null
2020-07-16 21:58:29,703 [eaaa25a0-e74b-44c9-ae3d-9e81de8ecf32@group-F454E035362A-LeaderElection36] INFO  impl.RoleInfo (RoleInfo.java:shutdownLeaderElection(134)) - eaaa25a0-e74b-44c9-ae3d-9e81de8ecf32: shutdown LeaderElection
2020-07-16 21:58:29,703 [eaaa25a0-e74b-44c9-ae3d-9e81de8ecf32@group-F454E035362A-LeaderElection36] INFO  impl.RaftServerImpl (RaftServerImpl.java:setRole(175)) - eaaa25a0-e74b-44c9-ae3d-9e81de8ecf32@group-F454E035362A: changes role from CANDIDATE to LEADER at term 1 for changeToLeader
2020-07-16 21:58:29,703 [eaaa25a0-e74b-44c9-ae3d-9e81de8ecf32@group-F454E035362A-LeaderElection36] INFO  ratis.XceiverServerRatis (XceiverServerRatis.java:handleLeaderChangedNotification(820)) - Leader change notification received for group: group-F454E035362A with new leaderId: eaaa25a0-e74b-44c9-ae3d-9e81de8ecf32
2020-07-16 21:58:29,703 [eaaa25a0-e74b-44c9-ae3d-9e81de8ecf32@group-F454E035362A-LeaderElection36] INFO  impl.RaftServerImpl (ServerState.java:setLeader(255)) - eaaa25a0-e74b-44c9-ae3d-9e81de8ecf32@group-F454E035362A: change Leader from null to eaaa25a0-e74b-44c9-ae3d-9e81de8ecf32 at term 1 for becomeLeader, leader elected after 5163ms
2020-07-16 21:58:29,704 [eaaa25a0-e74b-44c9-ae3d-9e81de8ecf32@group-F454E035362A-LeaderElection36] INFO  server.RaftServerConfigKeys (ConfUtils.java:logGet(44)) - raft.server.staging.catchup.gap = 1000 (default)
2020-07-16 21:58:29,704 [eaaa25a0-e74b-44c9-ae3d-9e81de8ecf32@group-F454E035362A-LeaderElection36] INFO  server.RaftServerConfigKeys (ConfUtils.java:logGet(44)) - raft.server.rpc.sleep.time = 25ms (default)
2020-07-16 21:58:29,704 [eaaa25a0-e74b-44c9-ae3d-9e81de8ecf32@group-F454E035362A-LeaderElection36] INFO  metrics.RatisMetrics (RatisMetrics.java:lambda$create$0(36)) - Creating Metrics Registry : ratis.log_appender.eaaa25a0-e74b-44c9-ae3d-9e81de8ecf32@group-F454E035362A
2020-07-16 21:58:29,704 [eaaa25a0-e74b-44c9-ae3d-9e81de8ecf32@group-F454E035362A-LeaderElection36] INFO  server.RaftServerConfigKeys (ConfUtils.java:logGet(44)) - raft.server.write.element-limit = 1024 (custom)
2020-07-16 21:58:29,705 [eaaa25a0-e74b-44c9-ae3d-9e81de8ecf32@group-F454E035362A-LeaderElection36] INFO  server.RaftServerConfigKeys (ConfUtils.java:logGet(44)) - raft.server.write.byte-limit = 1073741824 (custom)
2020-07-16 21:58:29,705 [eaaa25a0-e74b-44c9-ae3d-9e81de8ecf32@group-F454E035362A-LeaderElection36] INFO  server.RaftServerConfigKeys (ConfUtils.java:logGet(44)) - raft.server.watch.timeout = 3000ms (custom)
2020-07-16 21:58:29,705 [eaaa25a0-e74b-44c9-ae3d-9e81de8ecf32@group-F454E035362A-LeaderElection36] INFO  server.RaftServerConfigKeys (ConfUtils.java:logGet(44)) - raft.server.watch.timeout.denomination = 1s (default)
2020-07-16 21:58:29,705 [eaaa25a0-e74b-44c9-ae3d-9e81de8ecf32@group-F454E035362A-LeaderElection36] INFO  server.RaftServerConfigKeys (ConfUtils.java:logGet(44)) - raft.server.watch.element-limit = 65536 (default)
2020-07-16 21:58:29,705 [eaaa25a0-e74b-44c9-ae3d-9e81de8ecf32@group-F454E035362A-LeaderElection36] INFO  impl.RoleInfo (RoleInfo.java:updateAndGet(143)) - eaaa25a0-e74b-44c9-ae3d-9e81de8ecf32: start LeaderState
2020-07-16 21:58:29,706 [eaaa25a0-e74b-44c9-ae3d-9e81de8ecf32@group-F454E035362A-LeaderElection36] INFO  segmented.SegmentedRaftLogWorker (SegmentedRaftLogWorker.java:startLogSegment(397)) - eaaa25a0-e74b-44c9-ae3d-9e81de8ecf32@group-F454E035362A-SegmentedRaftLogWorker: Starting segment from index:0
2020-07-16 21:58:29,708 [eaaa25a0-e74b-44c9-ae3d-9e81de8ecf32@group-F454E035362A-SegmentedRaftLogWorker] INFO  segmented.SegmentedRaftLogWorker (SegmentedRaftLogWorker.java:execute(596)) - eaaa25a0-e74b-44c9-ae3d-9e81de8ecf32@group-F454E035362A-SegmentedRaftLogWorker: created new log segment /github/workspace/mnt/ozone/hadoop-ozone/integration-test/target/test-dir/MiniOzoneClusterImpl-a7962e3b-f01b-438a-a70b-bc4bb46fea7a/datanode-3/data/ratis/549a652a-93f6-4487-8d8b-f454e035362a/current/log_inprogress_0
2020-07-16 21:58:29,710 [eaaa25a0-e74b-44c9-ae3d-9e81de8ecf32@group-F454E035362A-LeaderElection36] INFO  impl.RaftServerImpl (ServerState.java:setRaftConf(356)) - eaaa25a0-e74b-44c9-ae3d-9e81de8ecf32@group-F454E035362A: set configuration 0: [eaaa25a0-e74b-44c9-ae3d-9e81de8ecf32:172.17.0.2:34731], old=null at 0
2020-07-16 21:58:29,719 [Thread-1279] INFO  impl.FollowerState (FollowerState.java:run(108)) - b6196858-fcec-41fa-b0a0-ecf9f0ef7020@group-E073253F6CE3-FollowerState: change to CANDIDATE, lastRpcTime:5131ms, electionTimeout:5130ms
2020-07-16 21:58:29,719 [Thread-1279] INFO  impl.RoleInfo (RoleInfo.java:shutdownFollowerState(121)) - b6196858-fcec-41fa-b0a0-ecf9f0ef7020: shutdown FollowerState
2020-07-16 21:58:29,719 [Thread-1279] INFO  impl.RaftServerImpl (RaftServerImpl.java:setRole(175)) - b6196858-fcec-41fa-b0a0-ecf9f0ef7020@group-E073253F6CE3: changes role from  FOLLOWER to CANDIDATE at term 0 for changeToCandidate
2020-07-16 21:58:29,719 [Thread-1279] INFO  impl.RoleInfo (RoleInfo.java:updateAndGet(143)) - b6196858-fcec-41fa-b0a0-ecf9f0ef7020: start LeaderElection
2020-07-16 21:58:29,722 [b6196858-fcec-41fa-b0a0-ecf9f0ef7020@group-E073253F6CE3-LeaderElection37] INFO  impl.LeaderElection (LeaderElection.java:askForVotes(206)) - b6196858-fcec-41fa-b0a0-ecf9f0ef7020@group-E073253F6CE3-LeaderElection37: begin an election at term 1 for -1: [eaaa25a0-e74b-44c9-ae3d-9e81de8ecf32:172.17.0.2:34731, fed52763-551e-41ff-9d0c-bcac1cecd791:172.17.0.2:46417, b6196858-fcec-41fa-b0a0-ecf9f0ef7020:172.17.0.2:35785], old=null
2020-07-16 21:58:29,731 [grpc-default-executor-0] INFO  impl.RaftServerImpl (RaftServerImpl.java:setRole(175)) - eaaa25a0-e74b-44c9-ae3d-9e81de8ecf32@group-E073253F6CE3: changes role from  FOLLOWER to FOLLOWER at term 1 for recognizeCandidate:b6196858-fcec-41fa-b0a0-ecf9f0ef7020
2020-07-16 21:58:29,731 [grpc-default-executor-0] INFO  impl.RoleInfo (RoleInfo.java:shutdownFollowerState(121)) - eaaa25a0-e74b-44c9-ae3d-9e81de8ecf32: shutdown FollowerState
2020-07-16 21:58:29,731 [grpc-default-executor-0] INFO  impl.RoleInfo (RoleInfo.java:updateAndGet(143)) - eaaa25a0-e74b-44c9-ae3d-9e81de8ecf32: start FollowerState
2020-07-16 21:58:29,731 [Thread-1277] INFO  impl.FollowerState (FollowerState.java:run(117)) - eaaa25a0-e74b-44c9-ae3d-9e81de8ecf32@group-E073253F6CE3-FollowerState was interrupted: java.lang.InterruptedException: sleep interrupted
2020-07-16 21:58:29,738 [grpc-default-executor-4] INFO  impl.RaftServerImpl (RaftServerImpl.java:setRole(175)) - fed52763-551e-41ff-9d0c-bcac1cecd791@group-E073253F6CE3: changes role from  FOLLOWER to FOLLOWER at term 1 for recognizeCandidate:b6196858-fcec-41fa-b0a0-ecf9f0ef7020
2020-07-16 21:58:29,738 [grpc-default-executor-4] INFO  impl.RoleInfo (RoleInfo.java:shutdownFollowerState(121)) - fed52763-551e-41ff-9d0c-bcac1cecd791: shutdown FollowerState
2020-07-16 21:58:29,738 [grpc-default-executor-4] INFO  impl.RoleInfo (RoleInfo.java:updateAndGet(143)) - fed52763-551e-41ff-9d0c-bcac1cecd791: start FollowerState
2020-07-16 21:58:29,738 [Thread-1282] INFO  impl.FollowerState (FollowerState.java:run(117)) - fed52763-551e-41ff-9d0c-bcac1cecd791@group-E073253F6CE3-FollowerState was interrupted: java.lang.InterruptedException: sleep interrupted
2020-07-16 21:58:29,740 [b6196858-fcec-41fa-b0a0-ecf9f0ef7020@group-E073253F6CE3-LeaderElection37] INFO  impl.LeaderElection (LeaderElection.java:logAndReturn(61)) - b6196858-fcec-41fa-b0a0-ecf9f0ef7020@group-E073253F6CE3-LeaderElection37: Election PASSED; received 1 response(s) [b6196858-fcec-41fa-b0a0-ecf9f0ef7020<-eaaa25a0-e74b-44c9-ae3d-9e81de8ecf32#0:OK-t1] and 0 exception(s); b6196858-fcec-41fa-b0a0-ecf9f0ef7020@group-E073253F6CE3:t1, leader=null, voted=b6196858-fcec-41fa-b0a0-ecf9f0ef7020, raftlog=b6196858-fcec-41fa-b0a0-ecf9f0ef7020@group-E073253F6CE3-SegmentedRaftLog:OPENED:c-1,f-1,i0, conf=-1: [eaaa25a0-e74b-44c9-ae3d-9e81de8ecf32:172.17.0.2:34731, fed52763-551e-41ff-9d0c-bcac1cecd791:172.17.0.2:46417, b6196858-fcec-41fa-b0a0-ecf9f0ef7020:172.17.0.2:35785], old=null
2020-07-16 21:58:29,740 [b6196858-fcec-41fa-b0a0-ecf9f0ef7020@group-E073253F6CE3-LeaderElection37] INFO  impl.RoleInfo (RoleInfo.java:shutdownLeaderElection(134)) - b6196858-fcec-41fa-b0a0-ecf9f0ef7020: shutdown LeaderElection
2020-07-16 21:58:29,741 [b6196858-fcec-41fa-b0a0-ecf9f0ef7020@group-E073253F6CE3-LeaderElection37] INFO  impl.RaftServerImpl (RaftServerImpl.java:setRole(175)) - b6196858-fcec-41fa-b0a0-ecf9f0ef7020@group-E073253F6CE3: changes role from CANDIDATE to LEADER at term 1 for changeToLeader
2020-07-16 21:58:29,741 [b6196858-fcec-41fa-b0a0-ecf9f0ef7020@group-E073253F6CE3-LeaderElection37] INFO  ratis.XceiverServerRatis (XceiverServerRatis.java:handleLeaderChangedNotification(820)) - Leader change notification received for group: group-E073253F6CE3 with new leaderId: b6196858-fcec-41fa-b0a0-ecf9f0ef7020
2020-07-16 21:58:29,742 [b6196858-fcec-41fa-b0a0-ecf9f0ef7020@group-E073253F6CE3-LeaderElection37] INFO  impl.RaftServerImpl (ServerState.java:setLeader(255)) - b6196858-fcec-41fa-b0a0-ecf9f0ef7020@group-E073253F6CE3: change Leader from null to b6196858-fcec-41fa-b0a0-ecf9f0ef7020 at term 1 for becomeLeader, leader elected after 5161ms
2020-07-16 21:58:29,742 [b6196858-fcec-41fa-b0a0-ecf9f0ef7020@group-E073253F6CE3-LeaderElection37] INFO  server.RaftServerConfigKeys (ConfUtils.java:logGet(44)) - raft.server.staging.catchup.gap = 1000 (default)
2020-07-16 21:58:29,742 [b6196858-fcec-41fa-b0a0-ecf9f0ef7020@group-E073253F6CE3-LeaderElection37] INFO  server.RaftServerConfigKeys (ConfUtils.java:logGet(44)) - raft.server.rpc.sleep.time = 25ms (default)
2020-07-16 21:58:29,743 [b6196858-fcec-41fa-b0a0-ecf9f0ef7020@group-E073253F6CE3-LeaderElection37] INFO  metrics.RatisMetrics (RatisMetrics.java:lambda$create$0(36)) - Creating Metrics Registry : ratis.log_appender.b6196858-fcec-41fa-b0a0-ecf9f0ef7020@group-E073253F6CE3
2020-07-16 21:58:29,743 [b6196858-fcec-41fa-b0a0-ecf9f0ef7020@group-E073253F6CE3-LeaderElection37] INFO  server.RaftServerConfigKeys (ConfUtils.java:logGet(44)) - raft.server.write.element-limit = 1024 (custom)
2020-07-16 21:58:29,743 [b6196858-fcec-41fa-b0a0-ecf9f0ef7020@group-E073253F6CE3-LeaderElection37] INFO  server.RaftServerConfigKeys (ConfUtils.java:logGet(44)) - raft.server.write.byte-limit = 1073741824 (custom)
2020-07-16 21:58:29,743 [b6196858-fcec-41fa-b0a0-ecf9f0ef7020@group-E073253F6CE3-LeaderElection37] INFO  server.RaftServerConfigKeys (ConfUtils.java:logGet(44)) - raft.server.watch.timeout = 3000ms (custom)
2020-07-16 21:58:29,743 [b6196858-fcec-41fa-b0a0-ecf9f0ef7020@group-E073253F6CE3-LeaderElection37] INFO  server.RaftServerConfigKeys (ConfUtils.java:logGet(44)) - raft.server.watch.timeout.denomination = 1s (default)
2020-07-16 21:58:29,743 [b6196858-fcec-41fa-b0a0-ecf9f0ef7020@group-E073253F6CE3-LeaderElection37] INFO  server.RaftServerConfigKeys (ConfUtils.java:logGet(44)) - raft.server.watch.element-limit = 65536 (default)
2020-07-16 21:58:29,743 [b6196858-fcec-41fa-b0a0-ecf9f0ef7020@group-E073253F6CE3-LeaderElection37] INFO  server.RaftServerConfigKeys (ConfUtils.java:logGet(44)) - raft.server.log.appender.snapshot.chunk.size.max = 16MB (=16777216) (default)
2020-07-16 21:58:29,744 [b6196858-fcec-41fa-b0a0-ecf9f0ef7020@group-E073253F6CE3-LeaderElection37] INFO  server.RaftServerConfigKeys (ConfUtils.java:logGet(44)) - raft.server.log.appender.buffer.byte-limit = 33554432 (custom)
2020-07-16 21:58:29,744 [b6196858-fcec-41fa-b0a0-ecf9f0ef7020@group-E073253F6CE3-LeaderElection37] INFO  server.RaftServerConfigKeys (ConfUtils.java:logGet(44)) - raft.server.log.appender.buffer.element-limit = 1 (custom)
2020-07-16 21:58:29,744 [EventQueue-PipelineReportForPipelineReportHandler] INFO  pipeline.PipelineStateManager (PipelineStateManager.java:openPipeline(131)) - Pipeline Pipeline[ Id: 7bc9ce0d-6e07-4883-8848-e073253f6ce3, Nodes: b6196858-fcec-41fa-b0a0-ecf9f0ef7020{ip: 172.17.0.2, host: 996f77e42fba, networkLocation: /default-rack, certSerialId: null}eaaa25a0-e74b-44c9-ae3d-9e81de8ecf32{ip: 172.17.0.2, host: 996f77e42fba, networkLocation: /default-rack, certSerialId: null}fed52763-551e-41ff-9d0c-bcac1cecd791{ip: 172.17.0.2, host: 996f77e42fba, networkLocation: /default-rack, certSerialId: null}, Type:RATIS, Factor:THREE, State:ALLOCATED, leaderId:b6196858-fcec-41fa-b0a0-ecf9f0ef7020, CreationTimestamp2020-07-16T21:58:21.836Z] moved to OPEN state
2020-07-16 21:58:29,744 [b6196858-fcec-41fa-b0a0-ecf9f0ef7020@group-E073253F6CE3-LeaderElection37] INFO  grpc.GrpcConfigKeys (ConfUtils.java:logGet(44)) - raft.grpc.server.leader.outstanding.appends.max = 128 (default)
2020-07-16 21:58:29,748 [b6196858-fcec-41fa-b0a0-ecf9f0ef7020@group-E073253F6CE3-LeaderElection37] INFO  server.RaftServerConfigKeys (ConfUtils.java:logGet(44)) - raft.server.rpc.request.timeout = 3000ms (default)
2020-07-16 21:58:29,748 [b6196858-fcec-41fa-b0a0-ecf9f0ef7020@group-E073253F6CE3-LeaderElection37] INFO  server.RaftServerConfigKeys (ConfUtils.java:logGet(44)) - raft.server.log.appender.install.snapshot.enabled = false (custom)
2020-07-16 21:58:29,749 [b6196858-fcec-41fa-b0a0-ecf9f0ef7020@group-E073253F6CE3-LeaderElection37] INFO  metrics.RatisMetrics (RatisMetrics.java:lambda$create$0(36)) - Creating Metrics Registry : ratis_grpc.log_appender.b6196858-fcec-41fa-b0a0-ecf9f0ef7020@group-E073253F6CE3
2020-07-16 21:58:29,750 [b6196858-fcec-41fa-b0a0-ecf9f0ef7020@group-E073253F6CE3-LeaderElection37] INFO  server.RaftServerConfigKeys (ConfUtils.java:logGet(44)) - raft.server.log.appender.snapshot.chunk.size.max = 16MB (=16777216) (default)
2020-07-16 21:58:29,750 [b6196858-fcec-41fa-b0a0-ecf9f0ef7020@group-E073253F6CE3-LeaderElection37] INFO  server.RaftServerConfigKeys (ConfUtils.java:logGet(44)) - raft.server.log.appender.buffer.byte-limit = 33554432 (custom)
2020-07-16 21:58:29,750 [b6196858-fcec-41fa-b0a0-ecf9f0ef7020@group-E073253F6CE3-LeaderElection37] INFO  server.RaftServerConfigKeys (ConfUtils.java:logGet(44)) - raft.server.log.appender.buffer.element-limit = 1 (custom)
2020-07-16 21:58:29,750 [b6196858-fcec-41fa-b0a0-ecf9f0ef7020@group-E073253F6CE3-LeaderElection37] INFO  grpc.GrpcConfigKeys (ConfUtils.java:logGet(44)) - raft.grpc.server.leader.outstanding.appends.max = 128 (default)
2020-07-16 21:58:29,750 [b6196858-fcec-41fa-b0a0-ecf9f0ef7020@group-E073253F6CE3-LeaderElection37] INFO  server.RaftServerConfigKeys (ConfUtils.java:logGet(44)) - raft.server.rpc.request.timeout = 3000ms (default)
2020-07-16 21:58:29,750 [b6196858-fcec-41fa-b0a0-ecf9f0ef7020@group-E073253F6CE3-LeaderElection37] INFO  server.RaftServerConfigKeys (ConfUtils.java:logGet(44)) - raft.server.log.appender.install.snapshot.enabled = false (custom)
2020-07-16 21:58:29,752 [b6196858-fcec-41fa-b0a0-ecf9f0ef7020@group-E073253F6CE3-LeaderElection37] INFO  impl.RoleInfo (RoleInfo.java:updateAndGet(143)) - b6196858-fcec-41fa-b0a0-ecf9f0ef7020: start LeaderState
2020-07-16 21:58:29,752 [b6196858-fcec-41fa-b0a0-ecf9f0ef7020@group-E073253F6CE3-LeaderElection37] INFO  segmented.SegmentedRaftLogWorker (SegmentedRaftLogWorker.java:startLogSegment(397)) - b6196858-fcec-41fa-b0a0-ecf9f0ef7020@group-E073253F6CE3-SegmentedRaftLogWorker: Starting segment from index:0
2020-07-16 21:58:29,754 [b6196858-fcec-41fa-b0a0-ecf9f0ef7020@group-E073253F6CE3-SegmentedRaftLogWorker] INFO  segmented.SegmentedRaftLogWorker (SegmentedRaftLogWorker.java:execute(596)) - b6196858-fcec-41fa-b0a0-ecf9f0ef7020@group-E073253F6CE3-SegmentedRaftLogWorker: created new log segment /github/workspace/mnt/ozone/hadoop-ozone/integration-test/target/test-dir/MiniOzoneClusterImpl-a7962e3b-f01b-438a-a70b-bc4bb46fea7a/datanode-5/data/ratis/7bc9ce0d-6e07-4883-8848-e073253f6ce3/current/log_inprogress_0
2020-07-16 21:58:29,757 [b6196858-fcec-41fa-b0a0-ecf9f0ef7020@group-E073253F6CE3-LeaderElection37] INFO  impl.RaftServerImpl (ServerState.java:setRaftConf(356)) - b6196858-fcec-41fa-b0a0-ecf9f0ef7020@group-E073253F6CE3: set configuration 0: [eaaa25a0-e74b-44c9-ae3d-9e81de8ecf32:172.17.0.2:34731, fed52763-551e-41ff-9d0c-bcac1cecd791:172.17.0.2:46417, b6196858-fcec-41fa-b0a0-ecf9f0ef7020:172.17.0.2:35785], old=null at 0
2020-07-16 21:58:29,757 [grpc-default-executor-4] INFO  ratis.XceiverServerRatis (XceiverServerRatis.java:handleLeaderChangedNotification(820)) - Leader change notification received for group: group-E073253F6CE3 with new leaderId: b6196858-fcec-41fa-b0a0-ecf9f0ef7020
2020-07-16 21:58:29,758 [grpc-default-executor-4] INFO  impl.RaftServerImpl (ServerState.java:setLeader(255)) - eaaa25a0-e74b-44c9-ae3d-9e81de8ecf32@group-E073253F6CE3: change Leader from null to b6196858-fcec-41fa-b0a0-ecf9f0ef7020 at term 1 for appendEntries, leader elected after 5199ms
2020-07-16 21:58:29,764 [grpc-default-executor-4] INFO  impl.RaftServerImpl (ServerState.java:setRaftConf(356)) - eaaa25a0-e74b-44c9-ae3d-9e81de8ecf32@group-E073253F6CE3: set configuration 0: [eaaa25a0-e74b-44c9-ae3d-9e81de8ecf32:172.17.0.2:34731, fed52763-551e-41ff-9d0c-bcac1cecd791:172.17.0.2:46417, b6196858-fcec-41fa-b0a0-ecf9f0ef7020:172.17.0.2:35785], old=null at 0
2020-07-16 21:58:29,764 [grpc-default-executor-4] INFO  segmented.SegmentedRaftLogWorker (SegmentedRaftLogWorker.java:startLogSegment(397)) - eaaa25a0-e74b-44c9-ae3d-9e81de8ecf32@group-E073253F6CE3-SegmentedRaftLogWorker: Starting segment from index:0
2020-07-16 21:58:29,765 [eaaa25a0-e74b-44c9-ae3d-9e81de8ecf32@group-E073253F6CE3-SegmentedRaftLogWorker] INFO  segmented.SegmentedRaftLogWorker (SegmentedRaftLogWorker.java:execute(596)) - eaaa25a0-e74b-44c9-ae3d-9e81de8ecf32@group-E073253F6CE3-SegmentedRaftLogWorker: created new log segment /github/workspace/mnt/ozone/hadoop-ozone/integration-test/target/test-dir/MiniOzoneClusterImpl-a7962e3b-f01b-438a-a70b-bc4bb46fea7a/datanode-3/data/ratis/7bc9ce0d-6e07-4883-8848-e073253f6ce3/current/log_inprogress_0
2020-07-16 21:58:29,775 [grpc-default-executor-2] INFO  ratis.XceiverServerRatis (XceiverServerRatis.java:handleLeaderChangedNotification(820)) - Leader change notification received for group: group-E073253F6CE3 with new leaderId: b6196858-fcec-41fa-b0a0-ecf9f0ef7020
2020-07-16 21:58:29,775 [grpc-default-executor-2] INFO  impl.RaftServerImpl (ServerState.java:setLeader(255)) - fed52763-551e-41ff-9d0c-bcac1cecd791@group-E073253F6CE3: change Leader from null to b6196858-fcec-41fa-b0a0-ecf9f0ef7020 at term 1 for appendEntries, leader elected after 5167ms
2020-07-16 21:58:29,777 [grpc-default-executor-2] INFO  impl.RaftServerImpl (ServerState.java:setRaftConf(356)) - fed52763-551e-41ff-9d0c-bcac1cecd791@group-E073253F6CE3: set configuration 0: [eaaa25a0-e74b-44c9-ae3d-9e81de8ecf32:172.17.0.2:34731, fed52763-551e-41ff-9d0c-bcac1cecd791:172.17.0.2:46417, b6196858-fcec-41fa-b0a0-ecf9f0ef7020:172.17.0.2:35785], old=null at 0
2020-07-16 21:58:29,777 [grpc-default-executor-2] INFO  segmented.SegmentedRaftLogWorker (SegmentedRaftLogWorker.java:startLogSegment(397)) - fed52763-551e-41ff-9d0c-bcac1cecd791@group-E073253F6CE3-SegmentedRaftLogWorker: Starting segment from index:0
2020-07-16 21:58:29,779 [fed52763-551e-41ff-9d0c-bcac1cecd791@group-E073253F6CE3-SegmentedRaftLogWorker] INFO  segmented.SegmentedRaftLogWorker (SegmentedRaftLogWorker.java:execute(596)) - fed52763-551e-41ff-9d0c-bcac1cecd791@group-E073253F6CE3-SegmentedRaftLogWorker: created new log segment /github/workspace/mnt/ozone/hadoop-ozone/integration-test/target/test-dir/MiniOzoneClusterImpl-a7962e3b-f01b-438a-a70b-bc4bb46fea7a/datanode-4/data/ratis/7bc9ce0d-6e07-4883-8848-e073253f6ce3/current/log_inprogress_0
2020-07-16 21:58:29,866 [Thread-1287] INFO  impl.FollowerState (FollowerState.java:run(108)) - b6196858-fcec-41fa-b0a0-ecf9f0ef7020@group-28C22D7CB340-FollowerState: change to CANDIDATE, lastRpcTime:5073ms, electionTimeout:5072ms
2020-07-16 21:58:29,867 [Thread-1287] INFO  impl.RoleInfo (RoleInfo.java:shutdownFollowerState(121)) - b6196858-fcec-41fa-b0a0-ecf9f0ef7020: shutdown FollowerState
2020-07-16 21:58:29,867 [Thread-1287] INFO  impl.RaftServerImpl (RaftServerImpl.java:setRole(175)) - b6196858-fcec-41fa-b0a0-ecf9f0ef7020@group-28C22D7CB340: changes role from  FOLLOWER to CANDIDATE at term 0 for changeToCandidate
2020-07-16 21:58:29,867 [Thread-1287] INFO  impl.RoleInfo (RoleInfo.java:updateAndGet(143)) - b6196858-fcec-41fa-b0a0-ecf9f0ef7020: start LeaderElection
2020-07-16 21:58:29,873 [b6196858-fcec-41fa-b0a0-ecf9f0ef7020@group-28C22D7CB340-LeaderElection38] INFO  impl.LeaderElection (LeaderElection.java:askForVotes(206)) - b6196858-fcec-41fa-b0a0-ecf9f0ef7020@group-28C22D7CB340-LeaderElection38: begin an election at term 1 for -1: [b6196858-fcec-41fa-b0a0-ecf9f0ef7020:172.17.0.2:35785], old=null
2020-07-16 21:58:29,873 [b6196858-fcec-41fa-b0a0-ecf9f0ef7020@group-28C22D7CB340-LeaderElection38] INFO  impl.RoleInfo (RoleInfo.java:shutdownLeaderElection(134)) - b6196858-fcec-41fa-b0a0-ecf9f0ef7020: shutdown LeaderElection
2020-07-16 21:58:29,873 [b6196858-fcec-41fa-b0a0-ecf9f0ef7020@group-28C22D7CB340-LeaderElection38] INFO  impl.RaftServerImpl (RaftServerImpl.java:setRole(175)) - b6196858-fcec-41fa-b0a0-ecf9f0ef7020@group-28C22D7CB340: changes role from CANDIDATE to LEADER at term 1 for changeToLeader
2020-07-16 21:58:29,873 [b6196858-fcec-41fa-b0a0-ecf9f0ef7020@group-28C22D7CB340-LeaderElection38] INFO  ratis.XceiverServerRatis (XceiverServerRatis.java:handleLeaderChangedNotification(820)) - Leader change notification received for group: group-28C22D7CB340 with new leaderId: b6196858-fcec-41fa-b0a0-ecf9f0ef7020
2020-07-16 21:58:29,873 [b6196858-fcec-41fa-b0a0-ecf9f0ef7020@group-28C22D7CB340-LeaderElection38] INFO  impl.RaftServerImpl (ServerState.java:setLeader(255)) - b6196858-fcec-41fa-b0a0-ecf9f0ef7020@group-28C22D7CB340: change Leader from null to b6196858-fcec-41fa-b0a0-ecf9f0ef7020 at term 1 for becomeLeader, leader elected after 5088ms
2020-07-16 21:58:29,874 [b6196858-fcec-41fa-b0a0-ecf9f0ef7020@group-28C22D7CB340-LeaderElection38] INFO  server.RaftServerConfigKeys (ConfUtils.java:logGet(44)) - raft.server.staging.catchup.gap = 1000 (default)
2020-07-16 21:58:29,874 [b6196858-fcec-41fa-b0a0-ecf9f0ef7020@group-28C22D7CB340-LeaderElection38] INFO  server.RaftServerConfigKeys (ConfUtils.java:logGet(44)) - raft.server.rpc.sleep.time = 25ms (default)
2020-07-16 21:58:29,874 [b6196858-fcec-41fa-b0a0-ecf9f0ef7020@group-28C22D7CB340-LeaderElection38] INFO  metrics.RatisMetrics (RatisMetrics.java:lambda$create$0(36)) - Creating Metrics Registry : ratis.log_appender.b6196858-fcec-41fa-b0a0-ecf9f0ef7020@group-28C22D7CB340
2020-07-16 21:58:29,874 [b6196858-fcec-41fa-b0a0-ecf9f0ef7020@group-28C22D7CB340-LeaderElection38] INFO  server.RaftServerConfigKeys (ConfUtils.java:logGet(44)) - raft.server.write.element-limit = 1024 (custom)
2020-07-16 21:58:29,874 [b6196858-fcec-41fa-b0a0-ecf9f0ef7020@group-28C22D7CB340-LeaderElection38] INFO  server.RaftServerConfigKeys (ConfUtils.java:logGet(44)) - raft.server.write.byte-limit = 1073741824 (custom)
2020-07-16 21:58:29,874 [b6196858-fcec-41fa-b0a0-ecf9f0ef7020@group-28C22D7CB340-LeaderElection38] INFO  server.RaftServerConfigKeys (ConfUtils.java:logGet(44)) - raft.server.watch.timeout = 3000ms (custom)
2020-07-16 21:58:29,875 [b6196858-fcec-41fa-b0a0-ecf9f0ef7020@group-28C22D7CB340-LeaderElection38] INFO  server.RaftServerConfigKeys (ConfUtils.java:logGet(44)) - raft.server.watch.timeout.denomination = 1s (default)
2020-07-16 21:58:29,875 [b6196858-fcec-41fa-b0a0-ecf9f0ef7020@group-28C22D7CB340-LeaderElection38] INFO  server.RaftServerConfigKeys (ConfUtils.java:logGet(44)) - raft.server.watch.element-limit = 65536 (default)
2020-07-16 21:58:29,875 [b6196858-fcec-41fa-b0a0-ecf9f0ef7020@group-28C22D7CB340-LeaderElection38] INFO  impl.RoleInfo (RoleInfo.java:updateAndGet(143)) - b6196858-fcec-41fa-b0a0-ecf9f0ef7020: start LeaderState
2020-07-16 21:58:29,875 [b6196858-fcec-41fa-b0a0-ecf9f0ef7020@group-28C22D7CB340-LeaderElection38] INFO  segmented.SegmentedRaftLogWorker (SegmentedRaftLogWorker.java:startLogSegment(397)) - b6196858-fcec-41fa-b0a0-ecf9f0ef7020@group-28C22D7CB340-SegmentedRaftLogWorker: Starting segment from index:0
2020-07-16 21:58:29,876 [b6196858-fcec-41fa-b0a0-ecf9f0ef7020@group-28C22D7CB340-LeaderElection38] INFO  impl.RaftServerImpl (ServerState.java:setRaftConf(356)) - b6196858-fcec-41fa-b0a0-ecf9f0ef7020@group-28C22D7CB340: set configuration 0: [b6196858-fcec-41fa-b0a0-ecf9f0ef7020:172.17.0.2:35785], old=null at 0
2020-07-16 21:58:29,877 [b6196858-fcec-41fa-b0a0-ecf9f0ef7020@group-28C22D7CB340-SegmentedRaftLogWorker] INFO  segmented.SegmentedRaftLogWorker (SegmentedRaftLogWorker.java:execute(596)) - b6196858-fcec-41fa-b0a0-ecf9f0ef7020@group-28C22D7CB340-SegmentedRaftLogWorker: created new log segment /github/workspace/mnt/ozone/hadoop-ozone/integration-test/target/test-dir/MiniOzoneClusterImpl-a7962e3b-f01b-438a-a70b-bc4bb46fea7a/datanode-5/data/ratis/b15c2b26-ca1c-4a9c-8b56-28c22d7cb340/current/log_inprogress_0
2020-07-16 21:58:29,980 [Thread-1291] INFO  impl.FollowerState (FollowerState.java:run(108)) - c1d5e687-c863-4f42-9bf6-d3ee3c6f8869@group-9C5CC0F17108-FollowerState: change to CANDIDATE, lastRpcTime:5036ms, electionTimeout:5031ms
2020-07-16 21:58:29,981 [Thread-1291] INFO  impl.RoleInfo (RoleInfo.java:shutdownFollowerState(121)) - c1d5e687-c863-4f42-9bf6-d3ee3c6f8869: shutdown FollowerState
2020-07-16 21:58:29,981 [Thread-1291] INFO  impl.RaftServerImpl (RaftServerImpl.java:setRole(175)) - c1d5e687-c863-4f42-9bf6-d3ee3c6f8869@group-9C5CC0F17108: changes role from  FOLLOWER to CANDIDATE at term 0 for changeToCandidate
2020-07-16 21:58:29,981 [Thread-1291] INFO  impl.RoleInfo (RoleInfo.java:updateAndGet(143)) - c1d5e687-c863-4f42-9bf6-d3ee3c6f8869: start LeaderElection
2020-07-16 21:58:29,986 [c1d5e687-c863-4f42-9bf6-d3ee3c6f8869@group-9C5CC0F17108-LeaderElection39] INFO  impl.LeaderElection (LeaderElection.java:askForVotes(206)) - c1d5e687-c863-4f42-9bf6-d3ee3c6f8869@group-9C5CC0F17108-LeaderElection39: begin an election at term 1 for -1: [0e9f6704-3ceb-4f07-bcaa-7e71693368ff:172.17.0.2:34181, 4fdb1b49-2d71-4bdb-a206-e5cdb26d09c4:172.17.0.2:42815, c1d5e687-c863-4f42-9bf6-d3ee3c6f8869:172.17.0.2:39659], old=null
2020-07-16 21:58:29,993 [grpc-default-executor-2] INFO  impl.RaftServerImpl (RaftServerImpl.java:setRole(175)) - 4fdb1b49-2d71-4bdb-a206-e5cdb26d09c4@group-9C5CC0F17108: changes role from  FOLLOWER to FOLLOWER at term 1 for recognizeCandidate:c1d5e687-c863-4f42-9bf6-d3ee3c6f8869
2020-07-16 21:58:29,994 [grpc-default-executor-2] INFO  impl.RoleInfo (RoleInfo.java:shutdownFollowerState(121)) - 4fdb1b49-2d71-4bdb-a206-e5cdb26d09c4: shutdown FollowerState
2020-07-16 21:58:29,994 [grpc-default-executor-2] INFO  impl.RoleInfo (RoleInfo.java:updateAndGet(143)) - 4fdb1b49-2d71-4bdb-a206-e5cdb26d09c4: start FollowerState
2020-07-16 21:58:29,994 [Thread-1296] INFO  impl.FollowerState (FollowerState.java:run(117)) - 4fdb1b49-2d71-4bdb-a206-e5cdb26d09c4@group-9C5CC0F17108-FollowerState was interrupted: java.lang.InterruptedException: sleep interrupted
2020-07-16 21:58:30,000 [c1d5e687-c863-4f42-9bf6-d3ee3c6f8869@group-9C5CC0F17108-LeaderElection39] INFO  impl.LeaderElection (LeaderElection.java:logAndReturn(61)) - c1d5e687-c863-4f42-9bf6-d3ee3c6f8869@group-9C5CC0F17108-LeaderElection39: Election PASSED; received 1 response(s) [c1d5e687-c863-4f42-9bf6-d3ee3c6f8869<-4fdb1b49-2d71-4bdb-a206-e5cdb26d09c4#0:OK-t1] and 0 exception(s); c1d5e687-c863-4f42-9bf6-d3ee3c6f8869@group-9C5CC0F17108:t1, leader=null, voted=c1d5e687-c863-4f42-9bf6-d3ee3c6f8869, raftlog=c1d5e687-c863-4f42-9bf6-d3ee3c6f8869@group-9C5CC0F17108-SegmentedRaftLog:OPENED:c-1,f-1,i0, conf=-1: [0e9f6704-3ceb-4f07-bcaa-7e71693368ff:172.17.0.2:34181, 4fdb1b49-2d71-4bdb-a206-e5cdb26d09c4:172.17.0.2:42815, c1d5e687-c863-4f42-9bf6-d3ee3c6f8869:172.17.0.2:39659], old=null
2020-07-16 21:58:30,000 [c1d5e687-c863-4f42-9bf6-d3ee3c6f8869@group-9C5CC0F17108-LeaderElection39] INFO  impl.RoleInfo (RoleInfo.java:shutdownLeaderElection(134)) - c1d5e687-c863-4f42-9bf6-d3ee3c6f8869: shutdown LeaderElection
2020-07-16 21:58:30,000 [c1d5e687-c863-4f42-9bf6-d3ee3c6f8869@group-9C5CC0F17108-LeaderElection39] INFO  impl.RaftServerImpl (RaftServerImpl.java:setRole(175)) - c1d5e687-c863-4f42-9bf6-d3ee3c6f8869@group-9C5CC0F17108: changes role from CANDIDATE to LEADER at term 1 for changeToLeader
2020-07-16 21:58:30,000 [c1d5e687-c863-4f42-9bf6-d3ee3c6f8869@group-9C5CC0F17108-LeaderElection39] INFO  ratis.XceiverServerRatis (XceiverServerRatis.java:handleLeaderChangedNotification(820)) - Leader change notification received for group: group-9C5CC0F17108 with new leaderId: c1d5e687-c863-4f42-9bf6-d3ee3c6f8869
2020-07-16 21:58:30,001 [c1d5e687-c863-4f42-9bf6-d3ee3c6f8869@group-9C5CC0F17108-LeaderElection39] INFO  impl.RaftServerImpl (ServerState.java:setLeader(255)) - c1d5e687-c863-4f42-9bf6-d3ee3c6f8869@group-9C5CC0F17108: change Leader from null to c1d5e687-c863-4f42-9bf6-d3ee3c6f8869 at term 1 for becomeLeader, leader elected after 5062ms
2020-07-16 21:58:30,002 [c1d5e687-c863-4f42-9bf6-d3ee3c6f8869@group-9C5CC0F17108-LeaderElection39] INFO  server.RaftServerConfigKeys (ConfUtils.java:logGet(44)) - raft.server.staging.catchup.gap = 1000 (default)
2020-07-16 21:58:30,002 [c1d5e687-c863-4f42-9bf6-d3ee3c6f8869@group-9C5CC0F17108-LeaderElection39] INFO  server.RaftServerConfigKeys (ConfUtils.java:logGet(44)) - raft.server.rpc.sleep.time = 25ms (default)
2020-07-16 21:58:30,002 [c1d5e687-c863-4f42-9bf6-d3ee3c6f8869@group-9C5CC0F17108-LeaderElection39] INFO  metrics.RatisMetrics (RatisMetrics.java:lambda$create$0(36)) - Creating Metrics Registry : ratis.log_appender.c1d5e687-c863-4f42-9bf6-d3ee3c6f8869@group-9C5CC0F17108
2020-07-16 21:58:30,002 [c1d5e687-c863-4f42-9bf6-d3ee3c6f8869@group-9C5CC0F17108-LeaderElection39] INFO  server.RaftServerConfigKeys (ConfUtils.java:logGet(44)) - raft.server.write.element-limit = 1024 (custom)
2020-07-16 21:58:30,002 [c1d5e687-c863-4f42-9bf6-d3ee3c6f8869@group-9C5CC0F17108-LeaderElection39] INFO  server.RaftServerConfigKeys (ConfUtils.java:logGet(44)) - raft.server.write.byte-limit = 1073741824 (custom)
2020-07-16 21:58:30,002 [c1d5e687-c863-4f42-9bf6-d3ee3c6f8869@group-9C5CC0F17108-LeaderElection39] INFO  server.RaftServerConfigKeys (ConfUtils.java:logGet(44)) - raft.server.watch.timeout = 3000ms (custom)
2020-07-16 21:58:30,003 [c1d5e687-c863-4f42-9bf6-d3ee3c6f8869@group-9C5CC0F17108-LeaderElection39] INFO  server.RaftServerConfigKeys (ConfUtils.java:logGet(44)) - raft.server.watch.timeout.denomination = 1s (default)
2020-07-16 21:58:30,003 [c1d5e687-c863-4f42-9bf6-d3ee3c6f8869@group-9C5CC0F17108-LeaderElection39] INFO  server.RaftServerConfigKeys (ConfUtils.java:logGet(44)) - raft.server.watch.element-limit = 65536 (default)
2020-07-16 21:58:30,003 [c1d5e687-c863-4f42-9bf6-d3ee3c6f8869@group-9C5CC0F17108-LeaderElection39] INFO  server.RaftServerConfigKeys (ConfUtils.java:logGet(44)) - raft.server.log.appender.snapshot.chunk.size.max = 16MB (=16777216) (default)
2020-07-16 21:58:30,003 [c1d5e687-c863-4f42-9bf6-d3ee3c6f8869@group-9C5CC0F17108-LeaderElection39] INFO  server.RaftServerConfigKeys (ConfUtils.java:logGet(44)) - raft.server.log.appender.buffer.byte-limit = 33554432 (custom)
2020-07-16 21:58:30,003 [c1d5e687-c863-4f42-9bf6-d3ee3c6f8869@group-9C5CC0F17108-LeaderElection39] INFO  server.RaftServerConfigKeys (ConfUtils.java:logGet(44)) - raft.server.log.appender.buffer.element-limit = 1 (custom)
2020-07-16 21:58:30,003 [c1d5e687-c863-4f42-9bf6-d3ee3c6f8869@group-9C5CC0F17108-LeaderElection39] INFO  grpc.GrpcConfigKeys (ConfUtils.java:logGet(44)) - raft.grpc.server.leader.outstanding.appends.max = 128 (default)
2020-07-16 21:58:30,003 [c1d5e687-c863-4f42-9bf6-d3ee3c6f8869@group-9C5CC0F17108-LeaderElection39] INFO  server.RaftServerConfigKeys (ConfUtils.java:logGet(44)) - raft.server.rpc.request.timeout = 3000ms (default)
2020-07-16 21:58:30,003 [c1d5e687-c863-4f42-9bf6-d3ee3c6f8869@group-9C5CC0F17108-LeaderElection39] INFO  server.RaftServerConfigKeys (ConfUtils.java:logGet(44)) - raft.server.log.appender.install.snapshot.enabled = false (custom)
2020-07-16 21:58:30,003 [c1d5e687-c863-4f42-9bf6-d3ee3c6f8869@group-9C5CC0F17108-LeaderElection39] INFO  metrics.RatisMetrics (RatisMetrics.java:lambda$create$0(36)) - Creating Metrics Registry : ratis_grpc.log_appender.c1d5e687-c863-4f42-9bf6-d3ee3c6f8869@group-9C5CC0F17108
2020-07-16 21:58:30,005 [c1d5e687-c863-4f42-9bf6-d3ee3c6f8869@group-9C5CC0F17108-LeaderElection39] INFO  server.RaftServerConfigKeys (ConfUtils.java:logGet(44)) - raft.server.log.appender.snapshot.chunk.size.max = 16MB (=16777216) (default)
2020-07-16 21:58:30,005 [c1d5e687-c863-4f42-9bf6-d3ee3c6f8869@group-9C5CC0F17108-LeaderElection39] INFO  server.RaftServerConfigKeys (ConfUtils.java:logGet(44)) - raft.server.log.appender.buffer.byte-limit = 33554432 (custom)
2020-07-16 21:58:30,005 [c1d5e687-c863-4f42-9bf6-d3ee3c6f8869@group-9C5CC0F17108-LeaderElection39] INFO  server.RaftServerConfigKeys (ConfUtils.java:logGet(44)) - raft.server.log.appender.buffer.element-limit = 1 (custom)
2020-07-16 21:58:30,005 [c1d5e687-c863-4f42-9bf6-d3ee3c6f8869@group-9C5CC0F17108-LeaderElection39] INFO  grpc.GrpcConfigKeys (ConfUtils.java:logGet(44)) - raft.grpc.server.leader.outstanding.appends.max = 128 (default)
2020-07-16 21:58:30,005 [c1d5e687-c863-4f42-9bf6-d3ee3c6f8869@group-9C5CC0F17108-LeaderElection39] INFO  server.RaftServerConfigKeys (ConfUtils.java:logGet(44)) - raft.server.rpc.request.timeout = 3000ms (default)
2020-07-16 21:58:30,005 [c1d5e687-c863-4f42-9bf6-d3ee3c6f8869@group-9C5CC0F17108-LeaderElection39] INFO  server.RaftServerConfigKeys (ConfUtils.java:logGet(44)) - raft.server.log.appender.install.snapshot.enabled = false (custom)
2020-07-16 21:58:30,006 [c1d5e687-c863-4f42-9bf6-d3ee3c6f8869@group-9C5CC0F17108-LeaderElection39] INFO  impl.RoleInfo (RoleInfo.java:updateAndGet(143)) - c1d5e687-c863-4f42-9bf6-d3ee3c6f8869: start LeaderState
2020-07-16 21:58:30,007 [c1d5e687-c863-4f42-9bf6-d3ee3c6f8869@group-9C5CC0F17108-LeaderElection39] INFO  segmented.SegmentedRaftLogWorker (SegmentedRaftLogWorker.java:startLogSegment(397)) - c1d5e687-c863-4f42-9bf6-d3ee3c6f8869@group-9C5CC0F17108-SegmentedRaftLogWorker: Starting segment from index:0
2020-07-16 21:58:30,009 [c1d5e687-c863-4f42-9bf6-d3ee3c6f8869@group-9C5CC0F17108-LeaderElection39] INFO  impl.RaftServerImpl (ServerState.java:setRaftConf(356)) - c1d5e687-c863-4f42-9bf6-d3ee3c6f8869@group-9C5CC0F17108: set configuration 0: [0e9f6704-3ceb-4f07-bcaa-7e71693368ff:172.17.0.2:34181, 4fdb1b49-2d71-4bdb-a206-e5cdb26d09c4:172.17.0.2:42815, c1d5e687-c863-4f42-9bf6-d3ee3c6f8869:172.17.0.2:39659], old=null at 0
2020-07-16 21:58:30,009 [c1d5e687-c863-4f42-9bf6-d3ee3c6f8869@group-9C5CC0F17108-SegmentedRaftLogWorker] INFO  segmented.SegmentedRaftLogWorker (SegmentedRaftLogWorker.java:execute(596)) - c1d5e687-c863-4f42-9bf6-d3ee3c6f8869@group-9C5CC0F17108-SegmentedRaftLogWorker: created new log segment /github/workspace/mnt/ozone/hadoop-ozone/integration-test/target/test-dir/MiniOzoneClusterImpl-a7962e3b-f01b-438a-a70b-bc4bb46fea7a/datanode-6/data/ratis/d911e160-3392-4d08-b08a-9c5cc0f17108/current/log_inprogress_0
2020-07-16 21:58:30,009 [EventQueue-PipelineReportForPipelineReportHandler] INFO  pipeline.PipelineStateManager (PipelineStateManager.java:openPipeline(131)) - Pipeline Pipeline[ Id: d911e160-3392-4d08-b08a-9c5cc0f17108, Nodes: 0e9f6704-3ceb-4f07-bcaa-7e71693368ff{ip: 172.17.0.2, host: 996f77e42fba, networkLocation: /default-rack, certSerialId: null}4fdb1b49-2d71-4bdb-a206-e5cdb26d09c4{ip: 172.17.0.2, host: 996f77e42fba, networkLocation: /default-rack, certSerialId: null}c1d5e687-c863-4f42-9bf6-d3ee3c6f8869{ip: 172.17.0.2, host: 996f77e42fba, networkLocation: /default-rack, certSerialId: null}, Type:RATIS, Factor:THREE, State:ALLOCATED, leaderId:c1d5e687-c863-4f42-9bf6-d3ee3c6f8869, CreationTimestamp2020-07-16T21:58:22.179Z] moved to OPEN state
2020-07-16 21:58:30,016 [grpc-default-executor-2] INFO  impl.RaftServerImpl (RaftServerImpl.java:setRole(175)) - 0e9f6704-3ceb-4f07-bcaa-7e71693368ff@group-9C5CC0F17108: changes role from  FOLLOWER to FOLLOWER at term 1 for recognizeCandidate:c1d5e687-c863-4f42-9bf6-d3ee3c6f8869
2020-07-16 21:58:30,017 [grpc-default-executor-2] INFO  impl.RoleInfo (RoleInfo.java:shutdownFollowerState(121)) - 0e9f6704-3ceb-4f07-bcaa-7e71693368ff: shutdown FollowerState
2020-07-16 21:58:30,017 [grpc-default-executor-2] INFO  impl.RoleInfo (RoleInfo.java:updateAndGet(143)) - 0e9f6704-3ceb-4f07-bcaa-7e71693368ff: start FollowerState
2020-07-16 21:58:30,017 [Thread-1293] INFO  impl.FollowerState (FollowerState.java:run(117)) - 0e9f6704-3ceb-4f07-bcaa-7e71693368ff@group-9C5CC0F17108-FollowerState was interrupted: java.lang.InterruptedException: sleep interrupted
2020-07-16 21:58:30,023 [grpc-default-executor-2] INFO  ratis.XceiverServerRatis (XceiverServerRatis.java:handleLeaderChangedNotification(820)) - Leader change notification received for group: group-9C5CC0F17108 with new leaderId: c1d5e687-c863-4f42-9bf6-d3ee3c6f8869
2020-07-16 21:58:30,023 [grpc-default-executor-2] INFO  impl.RaftServerImpl (ServerState.java:setLeader(255)) - 0e9f6704-3ceb-4f07-bcaa-7e71693368ff@group-9C5CC0F17108: change Leader from null to c1d5e687-c863-4f42-9bf6-d3ee3c6f8869 at term 1 for appendEntries, leader elected after 5053ms
2020-07-16 21:58:30,051 [grpc-default-executor-2] INFO  impl.RaftServerImpl (ServerState.java:setRaftConf(356)) - 0e9f6704-3ceb-4f07-bcaa-7e71693368ff@group-9C5CC0F17108: set configuration 0: [0e9f6704-3ceb-4f07-bcaa-7e71693368ff:172.17.0.2:34181, 4fdb1b49-2d71-4bdb-a206-e5cdb26d09c4:172.17.0.2:42815, c1d5e687-c863-4f42-9bf6-d3ee3c6f8869:172.17.0.2:39659], old=null at 0
2020-07-16 21:58:30,052 [grpc-default-executor-2] INFO  segmented.SegmentedRaftLogWorker (SegmentedRaftLogWorker.java:startLogSegment(397)) - 0e9f6704-3ceb-4f07-bcaa-7e71693368ff@group-9C5CC0F17108-SegmentedRaftLogWorker: Starting segment from index:0
2020-07-16 21:58:30,054 [0e9f6704-3ceb-4f07-bcaa-7e71693368ff@group-9C5CC0F17108-SegmentedRaftLogWorker] INFO  segmented.SegmentedRaftLogWorker (SegmentedRaftLogWorker.java:execute(596)) - 0e9f6704-3ceb-4f07-bcaa-7e71693368ff@group-9C5CC0F17108-SegmentedRaftLogWorker: created new log segment /github/workspace/mnt/ozone/hadoop-ozone/integration-test/target/test-dir/MiniOzoneClusterImpl-a7962e3b-f01b-438a-a70b-bc4bb46fea7a/datanode-7/data/ratis/d911e160-3392-4d08-b08a-9c5cc0f17108/current/log_inprogress_0
2020-07-16 21:58:30,054 [grpc-default-executor-0] INFO  ratis.XceiverServerRatis (XceiverServerRatis.java:handleLeaderChangedNotification(820)) - Leader change notification received for group: group-9C5CC0F17108 with new leaderId: c1d5e687-c863-4f42-9bf6-d3ee3c6f8869
2020-07-16 21:58:30,054 [grpc-default-executor-0] INFO  impl.RaftServerImpl (ServerState.java:setLeader(255)) - 4fdb1b49-2d71-4bdb-a206-e5cdb26d09c4@group-9C5CC0F17108: change Leader from null to c1d5e687-c863-4f42-9bf6-d3ee3c6f8869 at term 1 for appendEntries, leader elected after 5039ms
2020-07-16 21:58:30,057 [grpc-default-executor-0] INFO  impl.RaftServerImpl (ServerState.java:setRaftConf(356)) - 4fdb1b49-2d71-4bdb-a206-e5cdb26d09c4@group-9C5CC0F17108: set configuration 0: [0e9f6704-3ceb-4f07-bcaa-7e71693368ff:172.17.0.2:34181, 4fdb1b49-2d71-4bdb-a206-e5cdb26d09c4:172.17.0.2:42815, c1d5e687-c863-4f42-9bf6-d3ee3c6f8869:172.17.0.2:39659], old=null at 0
2020-07-16 21:58:30,057 [grpc-default-executor-0] INFO  segmented.SegmentedRaftLogWorker (SegmentedRaftLogWorker.java:startLogSegment(397)) - 4fdb1b49-2d71-4bdb-a206-e5cdb26d09c4@group-9C5CC0F17108-SegmentedRaftLogWorker: Starting segment from index:0
2020-07-16 21:58:30,061 [4fdb1b49-2d71-4bdb-a206-e5cdb26d09c4@group-9C5CC0F17108-SegmentedRaftLogWorker] INFO  segmented.SegmentedRaftLogWorker (SegmentedRaftLogWorker.java:execute(596)) - 4fdb1b49-2d71-4bdb-a206-e5cdb26d09c4@group-9C5CC0F17108-SegmentedRaftLogWorker: created new log segment /github/workspace/mnt/ozone/hadoop-ozone/integration-test/target/test-dir/MiniOzoneClusterImpl-a7962e3b-f01b-438a-a70b-bc4bb46fea7a/datanode-8/data/ratis/d911e160-3392-4d08-b08a-9c5cc0f17108/current/log_inprogress_0
2020-07-16 21:58:30,109 [Thread-1289] INFO  impl.FollowerState (FollowerState.java:run(108)) - c1d5e687-c863-4f42-9bf6-d3ee3c6f8869@group-2CBF2E86D94F-FollowerState: change to CANDIDATE, lastRpcTime:5176ms, electionTimeout:5176ms
2020-07-16 21:58:30,110 [Thread-1289] INFO  impl.RoleInfo (RoleInfo.java:shutdownFollowerState(121)) - c1d5e687-c863-4f42-9bf6-d3ee3c6f8869: shutdown FollowerState
2020-07-16 21:58:30,110 [Thread-1289] INFO  impl.RaftServerImpl (RaftServerImpl.java:setRole(175)) - c1d5e687-c863-4f42-9bf6-d3ee3c6f8869@group-2CBF2E86D94F: changes role from  FOLLOWER to CANDIDATE at term 0 for changeToCandidate
2020-07-16 21:58:30,110 [Thread-1289] INFO  impl.RoleInfo (RoleInfo.java:updateAndGet(143)) - c1d5e687-c863-4f42-9bf6-d3ee3c6f8869: start LeaderElection
2020-07-16 21:58:30,115 [c1d5e687-c863-4f42-9bf6-d3ee3c6f8869@group-2CBF2E86D94F-LeaderElection40] INFO  impl.LeaderElection (LeaderElection.java:askForVotes(206)) - c1d5e687-c863-4f42-9bf6-d3ee3c6f8869@group-2CBF2E86D94F-LeaderElection40: begin an election at term 1 for -1: [c1d5e687-c863-4f42-9bf6-d3ee3c6f8869:172.17.0.2:39659], old=null
2020-07-16 21:58:30,116 [c1d5e687-c863-4f42-9bf6-d3ee3c6f8869@group-2CBF2E86D94F-LeaderElection40] INFO  impl.RoleInfo (RoleInfo.java:shutdownLeaderElection(134)) - c1d5e687-c863-4f42-9bf6-d3ee3c6f8869: shutdown LeaderElection
2020-07-16 21:58:30,116 [c1d5e687-c863-4f42-9bf6-d3ee3c6f8869@group-2CBF2E86D94F-LeaderElection40] INFO  impl.RaftServerImpl (RaftServerImpl.java:setRole(175)) - c1d5e687-c863-4f42-9bf6-d3ee3c6f8869@group-2CBF2E86D94F: changes role from CANDIDATE to LEADER at term 1 for changeToLeader
2020-07-16 21:58:30,116 [c1d5e687-c863-4f42-9bf6-d3ee3c6f8869@group-2CBF2E86D94F-LeaderElection40] INFO  ratis.XceiverServerRatis (XceiverServerRatis.java:handleLeaderChangedNotification(820)) - Leader change notification received for group: group-2CBF2E86D94F with new leaderId: c1d5e687-c863-4f42-9bf6-d3ee3c6f8869
2020-07-16 21:58:30,116 [c1d5e687-c863-4f42-9bf6-d3ee3c6f8869@group-2CBF2E86D94F-LeaderElection40] INFO  impl.RaftServerImpl (ServerState.java:setLeader(255)) - c1d5e687-c863-4f42-9bf6-d3ee3c6f8869@group-2CBF2E86D94F: change Leader from null to c1d5e687-c863-4f42-9bf6-d3ee3c6f8869 at term 1 for becomeLeader, leader elected after 5190ms
2020-07-16 21:58:30,116 [c1d5e687-c863-4f42-9bf6-d3ee3c6f8869@group-2CBF2E86D94F-LeaderElection40] INFO  server.RaftServerConfigKeys (ConfUtils.java:logGet(44)) - raft.server.staging.catchup.gap = 1000 (default)
2020-07-16 21:58:30,116 [c1d5e687-c863-4f42-9bf6-d3ee3c6f8869@group-2CBF2E86D94F-LeaderElection40] INFO  server.RaftServerConfigKeys (ConfUtils.java:logGet(44)) - raft.server.rpc.sleep.time = 25ms (default)
2020-07-16 21:58:30,117 [c1d5e687-c863-4f42-9bf6-d3ee3c6f8869@group-2CBF2E86D94F-LeaderElection40] INFO  metrics.RatisMetrics (RatisMetrics.java:lambda$create$0(36)) - Creating Metrics Registry : ratis.log_appender.c1d5e687-c863-4f42-9bf6-d3ee3c6f8869@group-2CBF2E86D94F
2020-07-16 21:58:30,117 [c1d5e687-c863-4f42-9bf6-d3ee3c6f8869@group-2CBF2E86D94F-LeaderElection40] INFO  server.RaftServerConfigKeys (ConfUtils.java:logGet(44)) - raft.server.write.element-limit = 1024 (custom)
2020-07-16 21:58:30,117 [c1d5e687-c863-4f42-9bf6-d3ee3c6f8869@group-2CBF2E86D94F-LeaderElection40] INFO  server.RaftServerConfigKeys (ConfUtils.java:logGet(44)) - raft.server.write.byte-limit = 1073741824 (custom)
2020-07-16 21:58:30,119 [c1d5e687-c863-4f42-9bf6-d3ee3c6f8869@group-2CBF2E86D94F-LeaderElection40] INFO  server.RaftServerConfigKeys (ConfUtils.java:logGet(44)) - raft.server.watch.timeout = 3000ms (custom)
2020-07-16 21:58:30,119 [c1d5e687-c863-4f42-9bf6-d3ee3c6f8869@group-2CBF2E86D94F-LeaderElection40] INFO  server.RaftServerConfigKeys (ConfUtils.java:logGet(44)) - raft.server.watch.timeout.denomination = 1s (default)
2020-07-16 21:58:30,119 [c1d5e687-c863-4f42-9bf6-d3ee3c6f8869@group-2CBF2E86D94F-LeaderElection40] INFO  server.RaftServerConfigKeys (ConfUtils.java:logGet(44)) - raft.server.watch.element-limit = 65536 (default)
2020-07-16 21:58:30,119 [c1d5e687-c863-4f42-9bf6-d3ee3c6f8869@group-2CBF2E86D94F-LeaderElection40] INFO  impl.RoleInfo (RoleInfo.java:updateAndGet(143)) - c1d5e687-c863-4f42-9bf6-d3ee3c6f8869: start LeaderState
2020-07-16 21:58:30,119 [c1d5e687-c863-4f42-9bf6-d3ee3c6f8869@group-2CBF2E86D94F-LeaderElection40] INFO  segmented.SegmentedRaftLogWorker (SegmentedRaftLogWorker.java:startLogSegment(397)) - c1d5e687-c863-4f42-9bf6-d3ee3c6f8869@group-2CBF2E86D94F-SegmentedRaftLogWorker: Starting segment from index:0
2020-07-16 21:58:30,120 [c1d5e687-c863-4f42-9bf6-d3ee3c6f8869@group-2CBF2E86D94F-LeaderElection40] INFO  impl.RaftServerImpl (ServerState.java:setRaftConf(356)) - c1d5e687-c863-4f42-9bf6-d3ee3c6f8869@group-2CBF2E86D94F: set configuration 0: [c1d5e687-c863-4f42-9bf6-d3ee3c6f8869:172.17.0.2:39659], old=null at 0
2020-07-16 21:58:30,125 [c1d5e687-c863-4f42-9bf6-d3ee3c6f8869@group-2CBF2E86D94F-SegmentedRaftLogWorker] INFO  segmented.SegmentedRaftLogWorker (SegmentedRaftLogWorker.java:execute(596)) - c1d5e687-c863-4f42-9bf6-d3ee3c6f8869@group-2CBF2E86D94F-SegmentedRaftLogWorker: created new log segment /github/workspace/mnt/ozone/hadoop-ozone/integration-test/target/test-dir/MiniOzoneClusterImpl-a7962e3b-f01b-438a-a70b-bc4bb46fea7a/datanode-6/data/ratis/bd37f632-b9f3-4687-b2d9-2cbf2e86d94f/current/log_inprogress_0
2020-07-16 21:58:30,184 [Listener at 127.0.0.1/46707] INFO  ozone.MiniOzoneClusterImpl (MiniOzoneClusterImpl.java:lambda$waitForClusterToBeReady$0(177)) - Nodes are ready. Got 9 of 9 DN Heartbeats.
2020-07-16 21:58:30,185 [Listener at 127.0.0.1/46707] INFO  ozone.MiniOzoneClusterImpl (MiniOzoneClusterImpl.java:lambda$waitForClusterToBeReady$0(180)) - Cluster exits safe mode
2020-07-16 21:58:30,200 [Listener at 127.0.0.1/46707] INFO  rpc.RpcClient (RpcClient.java:createVolume(314)) - Creating Volume: watchforcommithandlingtest, with jenkins1001 as owner.
2020-07-16 21:58:30,202 [IPC Server handler 3 on default port 46707] INFO  volume.OMVolumeCreateRequest (OMVolumeCreateRequest.java:validateAndUpdateCache(195)) - created volume:watchforcommithandlingtest for user:jenkins1001
2020-07-16 21:58:30,207 [Listener at 127.0.0.1/46707] INFO  rpc.RpcClient (RpcClient.java:createBucket(457)) - Creating Bucket: watchforcommithandlingtest/watchforcommithandlingtest, with Versioning false and Storage Type set to DISK and Encryption set to false 
2020-07-16 21:58:30,209 [Listener at 127.0.0.1/46707] INFO  ozone.MiniOzoneClusterImpl (MiniOzoneClusterImpl.java:getStorageContainerLocationClient(289)) - Creating StorageContainerLocationProtocol RPC client with address /0.0.0.0:37769
2020-07-16 21:58:30,220 [Thread-1299] INFO  impl.FollowerState (FollowerState.java:run(108)) - 0e9f6704-3ceb-4f07-bcaa-7e71693368ff@group-17ACB307E6BB-FollowerState: change to CANDIDATE, lastRpcTime:5161ms, electionTimeout:5161ms
2020-07-16 21:58:30,221 [Thread-1299] INFO  impl.RoleInfo (RoleInfo.java:shutdownFollowerState(121)) - 0e9f6704-3ceb-4f07-bcaa-7e71693368ff: shutdown FollowerState
2020-07-16 21:58:30,221 [Thread-1299] INFO  impl.RaftServerImpl (RaftServerImpl.java:setRole(175)) - 0e9f6704-3ceb-4f07-bcaa-7e71693368ff@group-17ACB307E6BB: changes role from  FOLLOWER to CANDIDATE at term 0 for changeToCandidate
2020-07-16 21:58:30,221 [Thread-1299] INFO  impl.RoleInfo (RoleInfo.java:updateAndGet(143)) - 0e9f6704-3ceb-4f07-bcaa-7e71693368ff: start LeaderElection
2020-07-16 21:58:30,229 [0e9f6704-3ceb-4f07-bcaa-7e71693368ff@group-17ACB307E6BB-LeaderElection41] INFO  impl.LeaderElection (LeaderElection.java:askForVotes(206)) - 0e9f6704-3ceb-4f07-bcaa-7e71693368ff@group-17ACB307E6BB-LeaderElection41: begin an election at term 1 for -1: [0e9f6704-3ceb-4f07-bcaa-7e71693368ff:172.17.0.2:34181], old=null
2020-07-16 21:58:30,232 [0e9f6704-3ceb-4f07-bcaa-7e71693368ff@group-17ACB307E6BB-LeaderElection41] INFO  impl.RoleInfo (RoleInfo.java:shutdownLeaderElection(134)) - 0e9f6704-3ceb-4f07-bcaa-7e71693368ff: shutdown LeaderElection
2020-07-16 21:58:30,232 [0e9f6704-3ceb-4f07-bcaa-7e71693368ff@group-17ACB307E6BB-LeaderElection41] INFO  impl.RaftServerImpl (RaftServerImpl.java:setRole(175)) - 0e9f6704-3ceb-4f07-bcaa-7e71693368ff@group-17ACB307E6BB: changes role from CANDIDATE to LEADER at term 1 for changeToLeader
2020-07-16 21:58:30,232 [0e9f6704-3ceb-4f07-bcaa-7e71693368ff@group-17ACB307E6BB-LeaderElection41] INFO  ratis.XceiverServerRatis (XceiverServerRatis.java:handleLeaderChangedNotification(820)) - Leader change notification received for group: group-17ACB307E6BB with new leaderId: 0e9f6704-3ceb-4f07-bcaa-7e71693368ff
2020-07-16 21:58:30,232 [0e9f6704-3ceb-4f07-bcaa-7e71693368ff@group-17ACB307E6BB-LeaderElection41] INFO  impl.RaftServerImpl (ServerState.java:setLeader(255)) - 0e9f6704-3ceb-4f07-bcaa-7e71693368ff@group-17ACB307E6BB: change Leader from null to 0e9f6704-3ceb-4f07-bcaa-7e71693368ff at term 1 for becomeLeader, leader elected after 5182ms
2020-07-16 21:58:30,233 [0e9f6704-3ceb-4f07-bcaa-7e71693368ff@group-17ACB307E6BB-LeaderElection41] INFO  server.RaftServerConfigKeys (ConfUtils.java:logGet(44)) - raft.server.staging.catchup.gap = 1000 (default)
2020-07-16 21:58:30,233 [0e9f6704-3ceb-4f07-bcaa-7e71693368ff@group-17ACB307E6BB-LeaderElection41] INFO  server.RaftServerConfigKeys (ConfUtils.java:logGet(44)) - raft.server.rpc.sleep.time = 25ms (default)
2020-07-16 21:58:30,233 [0e9f6704-3ceb-4f07-bcaa-7e71693368ff@group-17ACB307E6BB-LeaderElection41] INFO  metrics.RatisMetrics (RatisMetrics.java:lambda$create$0(36)) - Creating Metrics Registry : ratis.log_appender.0e9f6704-3ceb-4f07-bcaa-7e71693368ff@group-17ACB307E6BB
2020-07-16 21:58:30,233 [0e9f6704-3ceb-4f07-bcaa-7e71693368ff@group-17ACB307E6BB-LeaderElection41] INFO  server.RaftServerConfigKeys (ConfUtils.java:logGet(44)) - raft.server.write.element-limit = 1024 (custom)
2020-07-16 21:58:30,233 [0e9f6704-3ceb-4f07-bcaa-7e71693368ff@group-17ACB307E6BB-LeaderElection41] INFO  server.RaftServerConfigKeys (ConfUtils.java:logGet(44)) - raft.server.write.byte-limit = 1073741824 (custom)
2020-07-16 21:58:30,234 [0e9f6704-3ceb-4f07-bcaa-7e71693368ff@group-17ACB307E6BB-LeaderElection41] INFO  server.RaftServerConfigKeys (ConfUtils.java:logGet(44)) - raft.server.watch.timeout = 3000ms (custom)
2020-07-16 21:58:30,234 [0e9f6704-3ceb-4f07-bcaa-7e71693368ff@group-17ACB307E6BB-LeaderElection41] INFO  server.RaftServerConfigKeys (ConfUtils.java:logGet(44)) - raft.server.watch.timeout.denomination = 1s (default)
2020-07-16 21:58:30,234 [0e9f6704-3ceb-4f07-bcaa-7e71693368ff@group-17ACB307E6BB-LeaderElection41] INFO  server.RaftServerConfigKeys (ConfUtils.java:logGet(44)) - raft.server.watch.element-limit = 65536 (default)
2020-07-16 21:58:30,234 [0e9f6704-3ceb-4f07-bcaa-7e71693368ff@group-17ACB307E6BB-LeaderElection41] INFO  impl.RoleInfo (RoleInfo.java:updateAndGet(143)) - 0e9f6704-3ceb-4f07-bcaa-7e71693368ff: start LeaderState
2020-07-16 21:58:30,235 [0e9f6704-3ceb-4f07-bcaa-7e71693368ff@group-17ACB307E6BB-LeaderElection41] INFO  segmented.SegmentedRaftLogWorker (SegmentedRaftLogWorker.java:startLogSegment(397)) - 0e9f6704-3ceb-4f07-bcaa-7e71693368ff@group-17ACB307E6BB-SegmentedRaftLogWorker: Starting segment from index:0
2020-07-16 21:58:30,248 [0e9f6704-3ceb-4f07-bcaa-7e71693368ff@group-17ACB307E6BB-LeaderElection41] INFO  impl.RaftServerImpl (ServerState.java:setRaftConf(356)) - 0e9f6704-3ceb-4f07-bcaa-7e71693368ff@group-17ACB307E6BB: set configuration 0: [0e9f6704-3ceb-4f07-bcaa-7e71693368ff:172.17.0.2:34181], old=null at 0
2020-07-16 21:58:30,248 [0e9f6704-3ceb-4f07-bcaa-7e71693368ff@group-17ACB307E6BB-SegmentedRaftLogWorker] INFO  segmented.SegmentedRaftLogWorker (SegmentedRaftLogWorker.java:execute(596)) - 0e9f6704-3ceb-4f07-bcaa-7e71693368ff@group-17ACB307E6BB-SegmentedRaftLogWorker: created new log segment /github/workspace/mnt/ozone/hadoop-ozone/integration-test/target/test-dir/MiniOzoneClusterImpl-a7962e3b-f01b-438a-a70b-bc4bb46fea7a/datanode-7/data/ratis/801b5733-5633-4eaa-bd9a-17acb307e6bb/current/log_inprogress_0
2020-07-16 21:58:30,269 [Listener at 127.0.0.1/46707] INFO  pipeline.SCMPipelineManager (SCMPipelineManager.java:finalizeAndDestroyPipeline(449)) - Destroying pipeline:Pipeline[ Id: abd10150-8826-426c-a1fc-f961cca9b41c, Nodes: 4c89fc7b-ea3a-41c4-95af-82e0047110c2{ip: 172.17.0.2, host: 996f77e42fba, networkLocation: /default-rack, certSerialId: null}0cd7fb39-f112-4f4e-916c-e67208469a58{ip: 172.17.0.2, host: 996f77e42fba, networkLocation: /default-rack, certSerialId: null}29df65de-cb89-45e9-879e-f172419ab480{ip: 172.17.0.2, host: 996f77e42fba, networkLocation: /default-rack, certSerialId: null}, Type:RATIS, Factor:THREE, State:OPEN, leaderId:4c89fc7b-ea3a-41c4-95af-82e0047110c2, CreationTimestamp2020-07-16T21:58:21.406Z]
2020-07-16 21:58:30,269 [Listener at 127.0.0.1/46707] INFO  pipeline.PipelineStateManager (PipelineStateManager.java:finalizePipeline(120)) - Pipeline Pipeline[ Id: abd10150-8826-426c-a1fc-f961cca9b41c, Nodes: 4c89fc7b-ea3a-41c4-95af-82e0047110c2{ip: 172.17.0.2, host: 996f77e42fba, networkLocation: /default-rack, certSerialId: null}0cd7fb39-f112-4f4e-916c-e67208469a58{ip: 172.17.0.2, host: 996f77e42fba, networkLocation: /default-rack, certSerialId: null}29df65de-cb89-45e9-879e-f172419ab480{ip: 172.17.0.2, host: 996f77e42fba, networkLocation: /default-rack, certSerialId: null}, Type:RATIS, Factor:THREE, State:CLOSED, leaderId:4c89fc7b-ea3a-41c4-95af-82e0047110c2, CreationTimestamp2020-07-16T21:58:21.406Z] moved to CLOSED state
2020-07-16 21:58:30,269 [Listener at 127.0.0.1/46707] INFO  pipeline.RatisPipelineProvider (RatisPipelineProvider.java:lambda$close$1(176)) - Send pipeline:PipelineID=abd10150-8826-426c-a1fc-f961cca9b41c close command to datanode 4c89fc7b-ea3a-41c4-95af-82e0047110c2
2020-07-16 21:58:30,270 [Listener at 127.0.0.1/46707] INFO  pipeline.RatisPipelineProvider (RatisPipelineProvider.java:lambda$close$1(176)) - Send pipeline:PipelineID=abd10150-8826-426c-a1fc-f961cca9b41c close command to datanode 0cd7fb39-f112-4f4e-916c-e67208469a58
2020-07-16 21:58:30,270 [Listener at 127.0.0.1/46707] INFO  pipeline.RatisPipelineProvider (RatisPipelineProvider.java:lambda$close$1(176)) - Send pipeline:PipelineID=abd10150-8826-426c-a1fc-f961cca9b41c close command to datanode 29df65de-cb89-45e9-879e-f172419ab480
2020-07-16 21:58:30,270 [Listener at 127.0.0.1/46707] INFO  pipeline.PipelineStateManager (PipelineStateManager.java:removePipeline(105)) - Pipeline Pipeline[ Id: abd10150-8826-426c-a1fc-f961cca9b41c, Nodes: 4c89fc7b-ea3a-41c4-95af-82e0047110c2{ip: 172.17.0.2, host: 996f77e42fba, networkLocation: /default-rack, certSerialId: null}0cd7fb39-f112-4f4e-916c-e67208469a58{ip: 172.17.0.2, host: 996f77e42fba, networkLocation: /default-rack, certSerialId: null}29df65de-cb89-45e9-879e-f172419ab480{ip: 172.17.0.2, host: 996f77e42fba, networkLocation: /default-rack, certSerialId: null}, Type:RATIS, Factor:THREE, State:CLOSED, leaderId:4c89fc7b-ea3a-41c4-95af-82e0047110c2, CreationTimestamp2020-07-16T21:58:21.406Z] removed from db
2020-07-16 21:58:30,274 [Listener at 127.0.0.1/46707] INFO  impl.RaftServerProxy (RaftServerProxy.java:remove(100)) - 4c89fc7b-ea3a-41c4-95af-82e0047110c2: remove    LEADER 4c89fc7b-ea3a-41c4-95af-82e0047110c2@group-F961CCA9B41C:t1, leader=4c89fc7b-ea3a-41c4-95af-82e0047110c2, voted=4c89fc7b-ea3a-41c4-95af-82e0047110c2, raftlog=4c89fc7b-ea3a-41c4-95af-82e0047110c2@group-F961CCA9B41C-SegmentedRaftLog:OPENED:c2,f2,i2, conf=0: [29df65de-cb89-45e9-879e-f172419ab480:172.17.0.2:39233, 4c89fc7b-ea3a-41c4-95af-82e0047110c2:172.17.0.2:38513, 0cd7fb39-f112-4f4e-916c-e67208469a58:172.17.0.2:44789], old=null RUNNING
2020-07-16 21:58:30,275 [Listener at 127.0.0.1/46707] INFO  impl.RaftServerImpl (RaftServerImpl.java:lambda$shutdown$3(252)) - 4c89fc7b-ea3a-41c4-95af-82e0047110c2@group-F961CCA9B41C: shutdown
2020-07-16 21:58:30,275 [Thread-1301] INFO  impl.FollowerState (FollowerState.java:run(108)) - 4fdb1b49-2d71-4bdb-a206-e5cdb26d09c4@group-574A164D3C59-FollowerState: change to CANDIDATE, lastRpcTime:5086ms, electionTimeout:5085ms
2020-07-16 21:58:30,276 [RatisPipelineUtilsThread] ERROR pipeline.SCMPipelineManager (SCMPipelineManager.java:createPipeline(274)) - Failed to create pipeline of type RATIS and factor ONE. Exception: Cannot create pipeline of factor 1 using 0 nodes. Used 9 nodes. Healthy nodes 9
2020-07-16 21:58:30,281 [Thread-1301] INFO  impl.RoleInfo (RoleInfo.java:shutdownFollowerState(121)) - 4fdb1b49-2d71-4bdb-a206-e5cdb26d09c4: shutdown FollowerState
2020-07-16 21:58:30,281 [Thread-1301] INFO  impl.RaftServerImpl (RaftServerImpl.java:setRole(175)) - 4fdb1b49-2d71-4bdb-a206-e5cdb26d09c4@group-574A164D3C59: changes role from  FOLLOWER to CANDIDATE at term 0 for changeToCandidate
2020-07-16 21:58:30,276 [Listener at 127.0.0.1/46707] INFO  util.JmxRegister (JmxRegister.java:unregister(73)) - Successfully un-registered JMX Bean with object name Ratis:service=RaftServer,group=group-F961CCA9B41C,id=4c89fc7b-ea3a-41c4-95af-82e0047110c2
2020-07-16 21:58:30,282 [Listener at 127.0.0.1/46707] INFO  impl.RoleInfo (RoleInfo.java:shutdownLeaderState(104)) - 4c89fc7b-ea3a-41c4-95af-82e0047110c2: shutdown LeaderState
2020-07-16 21:58:30,282 [Listener at 127.0.0.1/46707] INFO  metrics.RatisMetrics (RatisMetrics.java:unregister(43)) - Unregistering Metrics Registry : ratis_grpc.log_appender.4c89fc7b-ea3a-41c4-95af-82e0047110c2@group-F961CCA9B41C
2020-07-16 21:58:30,282 [EventQueue-CloseContainerForCloseContainerEventHandler] INFO  container.CloseContainerEventHandler (CloseContainerEventHandler.java:onMessage(61)) - Close container Event triggered for container : #1
2020-07-16 21:58:30,282 [Thread-1301] INFO  impl.RoleInfo (RoleInfo.java:updateAndGet(143)) - 4fdb1b49-2d71-4bdb-a206-e5cdb26d09c4: start LeaderElection
2020-07-16 21:58:30,281 [RatisPipelineUtilsThread] INFO  pipeline.RatisPipelineProvider (RatisPipelineProvider.java:lambda$create$0(138)) - Sending CreatePipelineCommand for pipeline:PipelineID=c8c5a125-0566-4971-a639-f3bbe80af587 to datanode:4c89fc7b-ea3a-41c4-95af-82e0047110c2
2020-07-16 21:58:30,285 [RatisPipelineUtilsThread] INFO  pipeline.RatisPipelineProvider (RatisPipelineProvider.java:lambda$create$0(138)) - Sending CreatePipelineCommand for pipeline:PipelineID=c8c5a125-0566-4971-a639-f3bbe80af587 to datanode:0cd7fb39-f112-4f4e-916c-e67208469a58
2020-07-16 21:58:30,285 [RatisPipelineUtilsThread] INFO  pipeline.RatisPipelineProvider (RatisPipelineProvider.java:lambda$create$0(138)) - Sending CreatePipelineCommand for pipeline:PipelineID=c8c5a125-0566-4971-a639-f3bbe80af587 to datanode:29df65de-cb89-45e9-879e-f172419ab480
2020-07-16 21:58:30,285 [RatisPipelineUtilsThread] INFO  pipeline.PipelineStateManager (PipelineStateManager.java:addPipeline(54)) - Created pipeline Pipeline[ Id: c8c5a125-0566-4971-a639-f3bbe80af587, Nodes: 4c89fc7b-ea3a-41c4-95af-82e0047110c2{ip: 172.17.0.2, host: 996f77e42fba, networkLocation: /default-rack, certSerialId: null}0cd7fb39-f112-4f4e-916c-e67208469a58{ip: 172.17.0.2, host: 996f77e42fba, networkLocation: /default-rack, certSerialId: null}29df65de-cb89-45e9-879e-f172419ab480{ip: 172.17.0.2, host: 996f77e42fba, networkLocation: /default-rack, certSerialId: null}, Type:RATIS, Factor:THREE, State:ALLOCATED, leaderId:, CreationTimestamp2020-07-16T21:58:30.281Z]
2020-07-16 21:58:30,288 [RatisPipelineUtilsThread] ERROR pipeline.SCMPipelineManager (SCMPipelineManager.java:createPipeline(274)) - Failed to create pipeline of type RATIS and factor THREE. Exception: Pipeline creation failed because nodes are engaged in other pipelines and every node can only be engaged in max 2 pipelines. Required 3. Found 0
2020-07-16 21:58:30,289 [EventQueue-CloseContainerForCloseContainerEventHandler] ERROR container.CloseContainerEventHandler (CloseContainerEventHandler.java:onMessage(89)) - Failed to close the container #1.
org.apache.hadoop.hdds.scm.pipeline.PipelineNotFoundException: PipelineID=abd10150-8826-426c-a1fc-f961cca9b41c not found
	at org.apache.hadoop.hdds.scm.pipeline.PipelineStateMap.removeContainerFromPipeline(PipelineStateMap.java:372)
	at org.apache.hadoop.hdds.scm.pipeline.PipelineStateManager.removeContainerFromPipeline(PipelineStateManager.java:111)
	at org.apache.hadoop.hdds.scm.pipeline.SCMPipelineManager.removeContainerFromPipeline(SCMPipelineManager.java:402)
	at org.apache.hadoop.hdds.scm.container.SCMContainerManager.updateContainerState(SCMContainerManager.java:352)
	at org.apache.hadoop.hdds.scm.container.SCMContainerManager.updateContainerState(SCMContainerManager.java:331)
	at org.apache.hadoop.hdds.scm.container.CloseContainerEventHandler.onMessage(CloseContainerEventHandler.java:66)
	at org.apache.hadoop.hdds.scm.container.CloseContainerEventHandler.onMessage(CloseContainerEventHandler.java:45)
	at org.apache.hadoop.hdds.server.events.SingleThreadExecutor.lambda$onMessage$1(SingleThreadExecutor.java:81)
	at java.util.concurrent.ThreadPoolExecutor.runWorker(ThreadPoolExecutor.java:1149)
	at java.util.concurrent.ThreadPoolExecutor$Worker.run(ThreadPoolExecutor.java:624)
	at java.lang.Thread.run(Thread.java:748)
2020-07-16 21:58:30,290 [org.apache.ratis.server.impl.LogAppender$AppenderDaemon$$Lambda$439/117110856@45053614] WARN  server.GrpcLogAppender (GrpcLogAppender.java:mayWait(153)) - 4c89fc7b-ea3a-41c4-95af-82e0047110c2@group-F961CCA9B41C->29df65de-cb89-45e9-879e-f172419ab480-GrpcLogAppender: Wait interrupted by java.lang.InterruptedException
2020-07-16 21:58:30,290 [Listener at 127.0.0.1/46707] INFO  metrics.RatisMetrics (RatisMetrics.java:unregister(43)) - Unregistering Metrics Registry : ratis_grpc.log_appender.4c89fc7b-ea3a-41c4-95af-82e0047110c2@group-F961CCA9B41C
2020-07-16 21:58:30,292 [grpc-default-executor-0] INFO  server.GrpcServerProtocolService (GrpcServerProtocolService.java:onCompleted(138)) - 29df65de-cb89-45e9-879e-f172419ab480: Completed APPEND_ENTRIES, lastRequest: 4c89fc7b-ea3a-41c4-95af-82e0047110c2->29df65de-cb89-45e9-879e-f172419ab480#3-t1, previous=(t:1, i:1), leaderCommit=1, initializing? false, entries: size=1, first=(t:1, i:2), METADATAENTRY(c:1)
2020-07-16 21:58:30,293 [4fdb1b49-2d71-4bdb-a206-e5cdb26d09c4@group-574A164D3C59-LeaderElection42] INFO  impl.LeaderElection (LeaderElection.java:askForVotes(206)) - 4fdb1b49-2d71-4bdb-a206-e5cdb26d09c4@group-574A164D3C59-LeaderElection42: begin an election at term 1 for -1: [4fdb1b49-2d71-4bdb-a206-e5cdb26d09c4:172.17.0.2:42815], old=null
2020-07-16 21:58:30,293 [4fdb1b49-2d71-4bdb-a206-e5cdb26d09c4@group-574A164D3C59-LeaderElection42] INFO  impl.RoleInfo (RoleInfo.java:shutdownLeaderElection(134)) - 4fdb1b49-2d71-4bdb-a206-e5cdb26d09c4: shutdown LeaderElection
2020-07-16 21:58:30,293 [grpc-default-executor-2] INFO  server.GrpcLogAppender (GrpcLogAppender.java:onCompleted(319)) - 4c89fc7b-ea3a-41c4-95af-82e0047110c2@group-F961CCA9B41C->29df65de-cb89-45e9-879e-f172419ab480-AppendLogResponseHandler: follower responses appendEntries COMPLETED
2020-07-16 21:58:30,293 [org.apache.ratis.server.impl.LogAppender$AppenderDaemon$$Lambda$439/117110856@a53d99d] WARN  server.GrpcLogAppender (GrpcLogAppender.java:mayWait(153)) - 4c89fc7b-ea3a-41c4-95af-82e0047110c2@group-F961CCA9B41C->0cd7fb39-f112-4f4e-916c-e67208469a58-GrpcLogAppender: Wait interrupted by java.lang.InterruptedException
2020-07-16 21:58:30,293 [Listener at 127.0.0.1/46707] INFO  impl.PendingRequests (PendingRequests.java:sendNotLeaderResponses(249)) - 4c89fc7b-ea3a-41c4-95af-82e0047110c2@group-F961CCA9B41C-PendingRequests: sendNotLeaderResponses
2020-07-16 21:58:30,293 [4fdb1b49-2d71-4bdb-a206-e5cdb26d09c4@group-574A164D3C59-LeaderElection42] INFO  impl.RaftServerImpl (RaftServerImpl.java:setRole(175)) - 4fdb1b49-2d71-4bdb-a206-e5cdb26d09c4@group-574A164D3C59: changes role from CANDIDATE to LEADER at term 1 for changeToLeader
2020-07-16 21:58:30,294 [4fdb1b49-2d71-4bdb-a206-e5cdb26d09c4@group-574A164D3C59-LeaderElection42] INFO  ratis.XceiverServerRatis (XceiverServerRatis.java:handleLeaderChangedNotification(820)) - Leader change notification received for group: group-574A164D3C59 with new leaderId: 4fdb1b49-2d71-4bdb-a206-e5cdb26d09c4
2020-07-16 21:58:30,294 [4fdb1b49-2d71-4bdb-a206-e5cdb26d09c4@group-574A164D3C59-LeaderElection42] INFO  impl.RaftServerImpl (ServerState.java:setLeader(255)) - 4fdb1b49-2d71-4bdb-a206-e5cdb26d09c4@group-574A164D3C59: change Leader from null to 4fdb1b49-2d71-4bdb-a206-e5cdb26d09c4 at term 1 for becomeLeader, leader elected after 5111ms
2020-07-16 21:58:30,294 [4fdb1b49-2d71-4bdb-a206-e5cdb26d09c4@group-574A164D3C59-LeaderElection42] INFO  server.RaftServerConfigKeys (ConfUtils.java:logGet(44)) - raft.server.staging.catchup.gap = 1000 (default)
2020-07-16 21:58:30,295 [4fdb1b49-2d71-4bdb-a206-e5cdb26d09c4@group-574A164D3C59-LeaderElection42] INFO  server.RaftServerConfigKeys (ConfUtils.java:logGet(44)) - raft.server.rpc.sleep.time = 25ms (default)
2020-07-16 21:58:30,295 [4fdb1b49-2d71-4bdb-a206-e5cdb26d09c4@group-574A164D3C59-LeaderElection42] INFO  metrics.RatisMetrics (RatisMetrics.java:lambda$create$0(36)) - Creating Metrics Registry : ratis.log_appender.4fdb1b49-2d71-4bdb-a206-e5cdb26d09c4@group-574A164D3C59
2020-07-16 21:58:30,295 [4fdb1b49-2d71-4bdb-a206-e5cdb26d09c4@group-574A164D3C59-LeaderElection42] INFO  server.RaftServerConfigKeys (ConfUtils.java:logGet(44)) - raft.server.write.element-limit = 1024 (custom)
2020-07-16 21:58:30,296 [4fdb1b49-2d71-4bdb-a206-e5cdb26d09c4@group-574A164D3C59-LeaderElection42] INFO  server.RaftServerConfigKeys (ConfUtils.java:logGet(44)) - raft.server.write.byte-limit = 1073741824 (custom)
2020-07-16 21:58:30,294 [grpc-default-executor-0] INFO  server.GrpcServerProtocolService (GrpcServerProtocolService.java:onCompleted(138)) - 0cd7fb39-f112-4f4e-916c-e67208469a58: Completed APPEND_ENTRIES, lastRequest: 4c89fc7b-ea3a-41c4-95af-82e0047110c2->0cd7fb39-f112-4f4e-916c-e67208469a58#3-t1, previous=(t:1, i:1), leaderCommit=1, initializing? false, entries: size=1, first=(t:1, i:2), METADATAENTRY(c:1)
2020-07-16 21:58:30,296 [Command processor thread] INFO  impl.RaftServerProxy (RaftServerProxy.java:remove(100)) - 0cd7fb39-f112-4f4e-916c-e67208469a58: remove  FOLLOWER 0cd7fb39-f112-4f4e-916c-e67208469a58@group-F961CCA9B41C:t1, leader=4c89fc7b-ea3a-41c4-95af-82e0047110c2, voted=4c89fc7b-ea3a-41c4-95af-82e0047110c2, raftlog=0cd7fb39-f112-4f4e-916c-e67208469a58@group-F961CCA9B41C-SegmentedRaftLog:OPENED:c1,f2,i2, conf=0: [29df65de-cb89-45e9-879e-f172419ab480:172.17.0.2:39233, 4c89fc7b-ea3a-41c4-95af-82e0047110c2:172.17.0.2:38513, 0cd7fb39-f112-4f4e-916c-e67208469a58:172.17.0.2:44789], old=null RUNNING
2020-07-16 21:58:30,297 [Command processor thread] INFO  impl.RaftServerImpl (RaftServerImpl.java:lambda$shutdown$3(252)) - 0cd7fb39-f112-4f4e-916c-e67208469a58@group-F961CCA9B41C: shutdown
2020-07-16 21:58:30,297 [Command processor thread] INFO  util.JmxRegister (JmxRegister.java:unregister(73)) - Successfully un-registered JMX Bean with object name Ratis:service=RaftServer,group=group-F961CCA9B41C,id=0cd7fb39-f112-4f4e-916c-e67208469a58
2020-07-16 21:58:30,297 [Command processor thread] INFO  impl.RoleInfo (RoleInfo.java:shutdownFollowerState(121)) - 0cd7fb39-f112-4f4e-916c-e67208469a58: shutdown FollowerState
2020-07-16 21:58:30,297 [Command processor thread] INFO  impl.StateMachineUpdater (StateMachineUpdater.java:stopAndJoin(142)) - 0cd7fb39-f112-4f4e-916c-e67208469a58@group-F961CCA9B41C-StateMachineUpdater: set stopIndex = 1
2020-07-16 21:58:30,297 [grpc-default-executor-4] INFO  server.GrpcLogAppender (GrpcLogAppender.java:onCompleted(319)) - 4c89fc7b-ea3a-41c4-95af-82e0047110c2@group-F961CCA9B41C->0cd7fb39-f112-4f4e-916c-e67208469a58-AppendLogResponseHandler: follower responses appendEntries COMPLETED
2020-07-16 21:58:30,295 [grpc-default-executor-2] INFO  impl.FollowerInfo (FollowerInfo.java:lambda$new$0(51)) - 4c89fc7b-ea3a-41c4-95af-82e0047110c2@group-F961CCA9B41C->29df65de-cb89-45e9-879e-f172419ab480: nextIndex: updateUnconditionally 3 -> 2
2020-07-16 21:58:30,298 [grpc-default-executor-4] INFO  impl.FollowerInfo (FollowerInfo.java:lambda$new$0(51)) - 4c89fc7b-ea3a-41c4-95af-82e0047110c2@group-F961CCA9B41C->0cd7fb39-f112-4f4e-916c-e67208469a58: nextIndex: updateUnconditionally 3 -> 2
2020-07-16 21:58:30,297 [Thread-1310] INFO  impl.FollowerState (FollowerState.java:run(117)) - 0cd7fb39-f112-4f4e-916c-e67208469a58@group-F961CCA9B41C-FollowerState was interrupted: java.lang.InterruptedException: sleep interrupted
2020-07-16 21:58:30,300 [Listener at 127.0.0.1/46707] INFO  metrics.RatisMetrics (RatisMetrics.java:unregister(43)) - Unregistering Metrics Registry : ratis.log_appender.4c89fc7b-ea3a-41c4-95af-82e0047110c2@group-F961CCA9B41C
2020-07-16 21:58:30,300 [Listener at 127.0.0.1/46707] INFO  metrics.RatisMetrics (RatisMetrics.java:unregister(43)) - Unregistering Metrics Registry : ratis.server.4c89fc7b-ea3a-41c4-95af-82e0047110c2@group-F961CCA9B41C
2020-07-16 21:58:30,307 [4fdb1b49-2d71-4bdb-a206-e5cdb26d09c4@group-574A164D3C59-LeaderElection42] INFO  server.RaftServerConfigKeys (ConfUtils.java:logGet(44)) - raft.server.watch.timeout = 3000ms (custom)
2020-07-16 21:58:30,307 [0cd7fb39-f112-4f4e-916c-e67208469a58@group-F961CCA9B41C-StateMachineUpdater] INFO  ratis.ContainerStateMachine (ContainerStateMachine.java:takeSnapshot(293)) - group-F961CCA9B41C: Taking a snapshot at:(t:1, i:1) file /github/workspace/mnt/ozone/hadoop-ozone/integration-test/target/test-dir/MiniOzoneClusterImpl-a7962e3b-f01b-438a-a70b-bc4bb46fea7a/datanode-1/data/ratis/abd10150-8826-426c-a1fc-f961cca9b41c/sm/snapshot.1_1
2020-07-16 21:58:30,307 [4fdb1b49-2d71-4bdb-a206-e5cdb26d09c4@group-574A164D3C59-LeaderElection42] INFO  server.RaftServerConfigKeys (ConfUtils.java:logGet(44)) - raft.server.watch.timeout.denomination = 1s (default)
2020-07-16 21:58:30,307 [4fdb1b49-2d71-4bdb-a206-e5cdb26d09c4@group-574A164D3C59-LeaderElection42] INFO  server.RaftServerConfigKeys (ConfUtils.java:logGet(44)) - raft.server.watch.element-limit = 65536 (default)
2020-07-16 21:58:30,307 [4fdb1b49-2d71-4bdb-a206-e5cdb26d09c4@group-574A164D3C59-LeaderElection42] INFO  impl.RoleInfo (RoleInfo.java:updateAndGet(143)) - 4fdb1b49-2d71-4bdb-a206-e5cdb26d09c4: start LeaderState
2020-07-16 21:58:30,308 [4fdb1b49-2d71-4bdb-a206-e5cdb26d09c4@group-574A164D3C59-LeaderElection42] INFO  segmented.SegmentedRaftLogWorker (SegmentedRaftLogWorker.java:startLogSegment(397)) - 4fdb1b49-2d71-4bdb-a206-e5cdb26d09c4@group-574A164D3C59-SegmentedRaftLogWorker: Starting segment from index:0
2020-07-16 21:58:30,308 [4fdb1b49-2d71-4bdb-a206-e5cdb26d09c4@group-574A164D3C59-LeaderElection42] INFO  impl.RaftServerImpl (ServerState.java:setRaftConf(356)) - 4fdb1b49-2d71-4bdb-a206-e5cdb26d09c4@group-574A164D3C59: set configuration 0: [4fdb1b49-2d71-4bdb-a206-e5cdb26d09c4:172.17.0.2:42815], old=null at 0
2020-07-16 21:58:30,309 [4fdb1b49-2d71-4bdb-a206-e5cdb26d09c4@group-574A164D3C59-SegmentedRaftLogWorker] INFO  segmented.SegmentedRaftLogWorker (SegmentedRaftLogWorker.java:execute(596)) - 4fdb1b49-2d71-4bdb-a206-e5cdb26d09c4@group-574A164D3C59-SegmentedRaftLogWorker: created new log segment /github/workspace/mnt/ozone/hadoop-ozone/integration-test/target/test-dir/MiniOzoneClusterImpl-a7962e3b-f01b-438a-a70b-bc4bb46fea7a/datanode-8/data/ratis/c4e6e2ac-6130-43dd-977a-574a164d3c59/current/log_inprogress_0
2020-07-16 21:58:30,309 [0cd7fb39-f112-4f4e-916c-e67208469a58@group-F961CCA9B41C-StateMachineUpdater] INFO  ratis.ContainerStateMachine (ContainerStateMachine.java:takeSnapshot(304)) - group-F961CCA9B41C: Finished taking a snapshot at:(t:1, i:1) file:/github/workspace/mnt/ozone/hadoop-ozone/integration-test/target/test-dir/MiniOzoneClusterImpl-a7962e3b-f01b-438a-a70b-bc4bb46fea7a/datanode-1/data/ratis/abd10150-8826-426c-a1fc-f961cca9b41c/sm/snapshot.1_1 time:3
2020-07-16 21:58:30,310 [0cd7fb39-f112-4f4e-916c-e67208469a58@group-F961CCA9B41C-StateMachineUpdater] INFO  impl.StateMachineUpdater (StateMachineUpdater.java:takeSnapshot(277)) - 0cd7fb39-f112-4f4e-916c-e67208469a58@group-F961CCA9B41C-StateMachineUpdater: Took a snapshot at index 1
2020-07-16 21:58:30,310 [0cd7fb39-f112-4f4e-916c-e67208469a58@group-F961CCA9B41C-StateMachineUpdater] INFO  impl.StateMachineUpdater (StateMachineUpdater.java:lambda$new$0(87)) - 0cd7fb39-f112-4f4e-916c-e67208469a58@group-F961CCA9B41C-StateMachineUpdater: snapshotIndex: updateIncreasingly -1 -> 1
2020-07-16 21:58:30,310 [0cd7fb39-f112-4f4e-916c-e67208469a58@group-F961CCA9B41C-StateMachineUpdater] INFO  metrics.RatisMetrics (RatisMetrics.java:unregister(43)) - Unregistering Metrics Registry : ratis.state_machine.0cd7fb39-f112-4f4e-916c-e67208469a58@group-F961CCA9B41C
2020-07-16 21:58:30,310 [Listener at 127.0.0.1/46707] INFO  impl.StateMachineUpdater (StateMachineUpdater.java:stopAndJoin(142)) - 4c89fc7b-ea3a-41c4-95af-82e0047110c2@group-F961CCA9B41C-StateMachineUpdater: set stopIndex = 2
2020-07-16 21:58:30,311 [4c89fc7b-ea3a-41c4-95af-82e0047110c2@group-F961CCA9B41C-StateMachineUpdater] INFO  ratis.ContainerStateMachine (ContainerStateMachine.java:takeSnapshot(293)) - group-F961CCA9B41C: Taking a snapshot at:(t:1, i:2) file /github/workspace/mnt/ozone/hadoop-ozone/integration-test/target/test-dir/MiniOzoneClusterImpl-a7962e3b-f01b-438a-a70b-bc4bb46fea7a/datanode-2/data/ratis/abd10150-8826-426c-a1fc-f961cca9b41c/sm/snapshot.1_2
2020-07-16 21:58:30,311 [Command processor thread] INFO  impl.RaftServerImpl (ServerState.java:close(387)) - 0cd7fb39-f112-4f4e-916c-e67208469a58@group-F961CCA9B41C: closes. applyIndex: 1
2020-07-16 21:58:30,311 [0cd7fb39-f112-4f4e-916c-e67208469a58@group-F961CCA9B41C-SegmentedRaftLogWorker] INFO  segmented.SegmentedRaftLogWorker (SegmentedRaftLogWorker.java:run(327)) - 0cd7fb39-f112-4f4e-916c-e67208469a58@group-F961CCA9B41C-SegmentedRaftLogWorker was interrupted, exiting. There are 0 tasks remaining in the queue.
2020-07-16 21:58:30,312 [4c89fc7b-ea3a-41c4-95af-82e0047110c2@group-F961CCA9B41C-StateMachineUpdater] INFO  ratis.ContainerStateMachine (ContainerStateMachine.java:takeSnapshot(304)) - group-F961CCA9B41C: Finished taking a snapshot at:(t:1, i:2) file:/github/workspace/mnt/ozone/hadoop-ozone/integration-test/target/test-dir/MiniOzoneClusterImpl-a7962e3b-f01b-438a-a70b-bc4bb46fea7a/datanode-2/data/ratis/abd10150-8826-426c-a1fc-f961cca9b41c/sm/snapshot.1_2 time:1
2020-07-16 21:58:30,312 [Command processor thread] INFO  segmented.SegmentedRaftLogWorker (SegmentedRaftLogWorker.java:close(234)) - 0cd7fb39-f112-4f4e-916c-e67208469a58@group-F961CCA9B41C-SegmentedRaftLogWorker close()
2020-07-16 21:58:30,313 [Command processor thread] INFO  metrics.RatisMetrics (RatisMetrics.java:unregister(43)) - Unregistering Metrics Registry : ratis.log_worker.0cd7fb39-f112-4f4e-916c-e67208469a58@group-F961CCA9B41C
2020-07-16 21:58:30,313 [4c89fc7b-ea3a-41c4-95af-82e0047110c2@group-F961CCA9B41C-StateMachineUpdater] INFO  impl.StateMachineUpdater (StateMachineUpdater.java:takeSnapshot(277)) - 4c89fc7b-ea3a-41c4-95af-82e0047110c2@group-F961CCA9B41C-StateMachineUpdater: Took a snapshot at index 2
2020-07-16 21:58:30,314 [Command processor thread] INFO  metrics.RatisMetrics (RatisMetrics.java:unregister(43)) - Unregistering Metrics Registry : ratis.leader_election.0cd7fb39-f112-4f4e-916c-e67208469a58@group-F961CCA9B41C
2020-07-16 21:58:30,314 [Command processor thread] INFO  metrics.RatisMetrics (RatisMetrics.java:unregister(43)) - Unregistering Metrics Registry : ratis.server.0cd7fb39-f112-4f4e-916c-e67208469a58@group-F961CCA9B41C
2020-07-16 21:58:30,314 [4c89fc7b-ea3a-41c4-95af-82e0047110c2@group-F961CCA9B41C-StateMachineUpdater] INFO  impl.StateMachineUpdater (StateMachineUpdater.java:lambda$new$0(87)) - 4c89fc7b-ea3a-41c4-95af-82e0047110c2@group-F961CCA9B41C-StateMachineUpdater: snapshotIndex: updateIncreasingly -1 -> 2
2020-07-16 21:58:30,314 [4c89fc7b-ea3a-41c4-95af-82e0047110c2@group-F961CCA9B41C-StateMachineUpdater] INFO  metrics.RatisMetrics (RatisMetrics.java:unregister(43)) - Unregistering Metrics Registry : ratis.state_machine.4c89fc7b-ea3a-41c4-95af-82e0047110c2@group-F961CCA9B41C
2020-07-16 21:58:30,316 [Listener at 127.0.0.1/46707] INFO  impl.RaftServerImpl (ServerState.java:close(387)) - 4c89fc7b-ea3a-41c4-95af-82e0047110c2@group-F961CCA9B41C: closes. applyIndex: 2
2020-07-16 21:58:30,316 [4c89fc7b-ea3a-41c4-95af-82e0047110c2@group-F961CCA9B41C-SegmentedRaftLogWorker] INFO  segmented.SegmentedRaftLogWorker (SegmentedRaftLogWorker.java:run(327)) - 4c89fc7b-ea3a-41c4-95af-82e0047110c2@group-F961CCA9B41C-SegmentedRaftLogWorker was interrupted, exiting. There are 0 tasks remaining in the queue.
2020-07-16 21:58:30,319 [Command processor thread] INFO  impl.RaftServerImpl (RaftServerImpl.java:lambda$shutdown$3(290)) - 0cd7fb39-f112-4f4e-916c-e67208469a58@group-F961CCA9B41C: Succeed to remove RaftStorageDirectory Storage Directory /github/workspace/mnt/ozone/hadoop-ozone/integration-test/target/test-dir/MiniOzoneClusterImpl-a7962e3b-f01b-438a-a70b-bc4bb46fea7a/datanode-1/data/ratis/abd10150-8826-426c-a1fc-f961cca9b41c
2020-07-16 21:58:30,321 [Listener at 127.0.0.1/46707] INFO  segmented.SegmentedRaftLogWorker (SegmentedRaftLogWorker.java:close(234)) - 4c89fc7b-ea3a-41c4-95af-82e0047110c2@group-F961CCA9B41C-SegmentedRaftLogWorker close()
2020-07-16 21:58:30,323 [Listener at 127.0.0.1/46707] INFO  metrics.RatisMetrics (RatisMetrics.java:unregister(43)) - Unregistering Metrics Registry : ratis.log_worker.4c89fc7b-ea3a-41c4-95af-82e0047110c2@group-F961CCA9B41C
2020-07-16 21:58:30,323 [Listener at 127.0.0.1/46707] INFO  metrics.RatisMetrics (RatisMetrics.java:unregister(43)) - Unregistering Metrics Registry : ratis.leader_election.4c89fc7b-ea3a-41c4-95af-82e0047110c2@group-F961CCA9B41C
2020-07-16 21:58:30,323 [Listener at 127.0.0.1/46707] INFO  metrics.RatisMetrics (RatisMetrics.java:unregister(43)) - Unregistering Metrics Registry : ratis.server.4c89fc7b-ea3a-41c4-95af-82e0047110c2@group-F961CCA9B41C
2020-07-16 21:58:30,324 [Listener at 127.0.0.1/46707] INFO  impl.RaftServerImpl (RaftServerImpl.java:lambda$shutdown$3(290)) - 4c89fc7b-ea3a-41c4-95af-82e0047110c2@group-F961CCA9B41C: Succeed to remove RaftStorageDirectory Storage Directory /github/workspace/mnt/ozone/hadoop-ozone/integration-test/target/test-dir/MiniOzoneClusterImpl-a7962e3b-f01b-438a-a70b-bc4bb46fea7a/datanode-2/data/ratis/abd10150-8826-426c-a1fc-f961cca9b41c
2020-07-16 21:58:30,328 [Listener at 127.0.0.1/46707] INFO  interfaces.Container (KeyValueContainer.java:flushAndSyncDB(382)) - Container 1 is synced with bcsId 0.
2020-07-16 21:58:30,328 [Listener at 127.0.0.1/46707] INFO  interfaces.Container (KeyValueContainer.java:flushAndSyncDB(382)) - Container 1 is synced with bcsId 0.
2020-07-16 21:58:30,328 [Command processor thread] INFO  interfaces.Container (KeyValueContainer.java:flushAndSyncDB(382)) - Container 1 is synced with bcsId 0.
2020-07-16 21:58:30,331 [Command processor thread] INFO  interfaces.Container (KeyValueContainer.java:flushAndSyncDB(382)) - Container 1 is synced with bcsId 0.
2020-07-16 21:58:30,331 [Listener at 127.0.0.1/46707] WARN  impl.RaftServerProxy (RaftServerProxy.java:remove(95)) - 0cd7fb39-f112-4f4e-916c-e67208469a58: does not contain group: group-F961CCA9B41C
2020-07-16 21:58:30,332 [EventQueue-IncrementalContainerReportForIncrementalContainerReportHandler] INFO  container.IncrementalContainerReportHandler (AbstractContainerReportHandler.java:updateContainerState(164)) - Moving container #1 to QUASI_CLOSED state, datanode 4c89fc7b-ea3a-41c4-95af-82e0047110c2{ip: 172.17.0.2, host: 996f77e42fba, networkLocation: /default-rack, certSerialId: null} reported QUASI_CLOSED replica.
2020-07-16 21:58:30,333 [Listener at 127.0.0.1/46707] INFO  ozone.MiniOzoneClusterImpl (MiniOzoneClusterImpl.java:shutdown(387)) - Shutting down the Mini Ozone Cluster
2020-07-16 21:58:30,333 [Listener at 127.0.0.1/46707] INFO  ozone.MiniOzoneClusterImpl (MiniOzoneClusterImpl.java:stop(402)) - Stopping the Mini Ozone Cluster
2020-07-16 21:58:30,333 [Listener at 127.0.0.1/46707] INFO  ozone.MiniOzoneClusterImpl (MiniOzoneClusterImpl.java:stopOM(484)) - Stopping the OzoneManager
2020-07-16 21:58:30,334 [Listener at 127.0.0.1/46707] INFO  ipc.Server (Server.java:stop(3359)) - Stopping server on 46707
2020-07-16 21:58:30,334 [IPC Server listener on 0] INFO  ipc.Server (Server.java:run(1330)) - Stopping IPC Server listener on 0
2020-07-16 21:58:30,338 [Command processor thread] INFO  commandhandler.ClosePipelineCommandHandler (ClosePipelineCommandHandler.java:handle(78)) - Close Pipeline #id: "abd10150-8826-426c-a1fc-f961cca9b41c"
uuid128 {
  mostSigBits: -6066065777698127252
  leastSigBits: -6774265541031250916
}
 command on datanode #0cd7fb39-f112-4f4e-916c-e67208469a58.
2020-07-16 21:58:30,340 [Command processor thread] INFO  impl.RaftServerProxy (RaftServerProxy.java:addNew(89)) - 0cd7fb39-f112-4f4e-916c-e67208469a58: addNew group-F3BBE80AF587:[29df65de-cb89-45e9-879e-f172419ab480:172.17.0.2:39233, 4c89fc7b-ea3a-41c4-95af-82e0047110c2:172.17.0.2:38513, 0cd7fb39-f112-4f4e-916c-e67208469a58:172.17.0.2:44789] returns group-F3BBE80AF587:java.util.concurrent.CompletableFuture@2f158aac[Not completed]
2020-07-16 21:58:30,340 [Listener at 127.0.0.1/46707] INFO  ratis.OzoneManagerDoubleBuffer (OzoneManagerDoubleBuffer.java:stop(458)) - Stopping OMDoubleBuffer flush thread
2020-07-16 21:58:30,341 [pool-362-thread-1] INFO  impl.RaftServerImpl (RaftServerImpl.java:<init>(99)) - 0cd7fb39-f112-4f4e-916c-e67208469a58: new RaftServerImpl for group-F3BBE80AF587:[29df65de-cb89-45e9-879e-f172419ab480:172.17.0.2:39233, 4c89fc7b-ea3a-41c4-95af-82e0047110c2:172.17.0.2:38513, 0cd7fb39-f112-4f4e-916c-e67208469a58:172.17.0.2:44789] with ContainerStateMachine:uninitialized
2020-07-16 21:58:30,341 [OMDoubleBufferFlushThread] INFO  ratis.OzoneManagerDoubleBuffer (OzoneManagerDoubleBuffer.java:flushTransactions(357)) - OMDoubleBuffer flush thread OMDoubleBufferFlushThread is interrupted and will exit. OMDoubleBufferFlushThread
2020-07-16 21:58:30,341 [IPC Server Responder] INFO  ipc.Server (Server.java:run(1465)) - Stopping IPC Server Responder
2020-07-16 21:58:30,341 [pool-362-thread-1] INFO  server.RaftServerConfigKeys (ConfUtils.java:logGet(44)) - raft.server.rpc.timeout.min = 5s (custom)
2020-07-16 21:58:30,341 [Listener at 127.0.0.1/46707] INFO  utils.BackgroundService (BackgroundService.java:shutdown(157)) - Shutting down service KeyDeletingService
2020-07-16 21:58:30,341 [pool-362-thread-1] INFO  server.RaftServerConfigKeys (ConfUtils.java:logGet(44)) - raft.server.rpc.timeout.max = 5200ms (custom)
2020-07-16 21:58:30,341 [pool-362-thread-1] INFO  server.RaftServerConfigKeys (ConfUtils.java:logGet(44)) - raft.server.rpcslowness.timeout = 300000ms (custom)
2020-07-16 21:58:30,341 [pool-362-thread-1] INFO  server.RaftServerConfigKeys (ConfUtils.java:logGet(44)) - raft.server.sleep.deviation.threshold = 300 (default)
2020-07-16 21:58:30,342 [pool-362-thread-1] INFO  server.RaftServerConfigKeys (ConfUtils.java:logGet(44)) - raft.server.log.appender.install.snapshot.enabled = false (custom)
2020-07-16 21:58:30,342 [pool-362-thread-1] INFO  impl.RaftServerImpl (ServerState.java:<init>(103)) - 0cd7fb39-f112-4f4e-916c-e67208469a58@group-F3BBE80AF587: ConfigurationManager, init=-1: [29df65de-cb89-45e9-879e-f172419ab480:172.17.0.2:39233, 4c89fc7b-ea3a-41c4-95af-82e0047110c2:172.17.0.2:38513, 0cd7fb39-f112-4f4e-916c-e67208469a58:172.17.0.2:44789], old=null, confs=<EMPTY_MAP>
2020-07-16 21:58:30,342 [pool-362-thread-1] INFO  server.RaftServerConfigKeys (ConfUtils.java:logGet(44)) - raft.server.storage.dir = [/github/workspace/mnt/ozone/hadoop-ozone/integration-test/target/test-dir/MiniOzoneClusterImpl-a7962e3b-f01b-438a-a70b-bc4bb46fea7a/datanode-1/data/ratis] (custom)
2020-07-16 21:58:30,342 [pool-362-thread-1] INFO  server.RaftServerConfigKeys (ConfUtils.java:logGet(44)) - raft.server.log.corruption.policy = EXCEPTION (default)
2020-07-16 21:58:30,342 [pool-362-thread-1] INFO  storage.RaftStorageDirectory (RaftStorageDirectory.java:analyzeStorage(261)) - The storage directory /github/workspace/mnt/ozone/hadoop-ozone/integration-test/target/test-dir/MiniOzoneClusterImpl-a7962e3b-f01b-438a-a70b-bc4bb46fea7a/datanode-1/data/ratis/c8c5a125-0566-4971-a639-f3bbe80af587 does not exist. Creating ...
2020-07-16 21:58:30,342 [Listener at 127.0.0.1/46707] INFO  handler.ContextHandler (ContextHandler.java:doStop(1016)) - Stopped o.e.j.w.WebAppContext@4a595315{ozoneManager,/,null,UNAVAILABLE}{file:/github/workspace/mnt/ozone/hadoop-ozone/integration-test/target/test-classes/webapps/ozoneManager}
2020-07-16 21:58:30,343 [Listener at 127.0.0.1/46707] INFO  server.AbstractConnector (AbstractConnector.java:doStop(380)) - Stopped ServerConnector@5e5616f2{HTTP/1.1,[http/1.1]}{0.0.0.0:0}
2020-07-16 21:58:30,343 [Listener at 127.0.0.1/46707] INFO  server.session (HouseKeeper.java:stopScavenging(158)) - node0 Stopped scavenging
2020-07-16 21:58:30,343 [Listener at 127.0.0.1/46707] INFO  handler.ContextHandler (ContextHandler.java:doStop(1016)) - Stopped o.e.j.s.ServletContextHandler@4eb3dacc{static,/static,file:///github/workspace/mnt/ozone/hadoop-ozone/integration-test/target/test-classes/webapps/static,UNAVAILABLE}
2020-07-16 21:58:30,343 [Listener at 127.0.0.1/46707] INFO  handler.ContextHandler (ContextHandler.java:doStop(1016)) - Stopped o.e.j.s.ServletContextHandler@555856fa{logs,/logs,file:///github/workspace/mnt/ozone/hadoop-ozone/integration-test/target/log,UNAVAILABLE}
2020-07-16 21:58:30,343 [pool-362-thread-1] INFO  storage.RaftStorageDirectory (RaftStorageDirectory.java:tryLock(343)) - Lock on /github/workspace/mnt/ozone/hadoop-ozone/integration-test/target/test-dir/MiniOzoneClusterImpl-a7962e3b-f01b-438a-a70b-bc4bb46fea7a/datanode-1/data/ratis/c8c5a125-0566-4971-a639-f3bbe80af587/in_use.lock acquired by nodename 44140@996f77e42fba
2020-07-16 21:58:30,345 [pool-362-thread-1] INFO  storage.RaftStorage (RaftStorage.java:format(84)) - Storage directory /github/workspace/mnt/ozone/hadoop-ozone/integration-test/target/test-dir/MiniOzoneClusterImpl-a7962e3b-f01b-438a-a70b-bc4bb46fea7a/datanode-1/data/ratis/c8c5a125-0566-4971-a639-f3bbe80af587 has been successfully formatted.
2020-07-16 21:58:30,345 [pool-362-thread-1] INFO  ratis.ContainerStateMachine (ContainerStateMachine.java:loadSnapshot(225)) - group-F3BBE80AF587: The snapshot info is null. Setting the last applied indexto:(t:0, i:~)
2020-07-16 21:58:30,346 [pool-362-thread-1] INFO  server.RaftServerConfigKeys (ConfUtils.java:logGet(44)) - raft.server.notification.no-leader.timeout = 60s (default)
2020-07-16 21:58:30,346 [pool-362-thread-1] INFO  server.RaftServerConfigKeys (ConfUtils.java:logGet(44)) - raft.server.log.use.memory = false (default)
2020-07-16 21:58:30,346 [pool-362-thread-1] INFO  server.RaftServerConfigKeys (ConfUtils.java:logGet(44)) - raft.server.log.purge.gap = 1000000 (custom)
2020-07-16 21:58:30,346 [pool-362-thread-1] INFO  server.RaftServerConfigKeys (ConfUtils.java:logGet(44)) - raft.server.log.appender.buffer.byte-limit = 33554432 (custom)
2020-07-16 21:58:30,346 [pool-362-thread-1] INFO  server.RaftServerConfigKeys (ConfUtils.java:logGet(44)) - raft.server.log.segment.size.max = 1048576 (custom)
2020-07-16 21:58:30,346 [pool-362-thread-1] INFO  metrics.RatisMetrics (RatisMetrics.java:lambda$create$0(36)) - Creating Metrics Registry : ratis.log_worker.0cd7fb39-f112-4f4e-916c-e67208469a58@group-F3BBE80AF587
2020-07-16 21:58:30,346 [pool-362-thread-1] INFO  server.RaftServerConfigKeys (ConfUtils.java:logGet(44)) - raft.server.log.segment.cache.num.max = 2 (custom)
2020-07-16 21:58:30,346 [pool-362-thread-1] INFO  segmented.SegmentedRaftLogWorker (SegmentedRaftLogWorker.java:<init>(180)) - new 0cd7fb39-f112-4f4e-916c-e67208469a58@group-F3BBE80AF587-SegmentedRaftLogWorker for RaftStorage:Storage Directory /github/workspace/mnt/ozone/hadoop-ozone/integration-test/target/test-dir/MiniOzoneClusterImpl-a7962e3b-f01b-438a-a70b-bc4bb46fea7a/datanode-1/data/ratis/c8c5a125-0566-4971-a639-f3bbe80af587
2020-07-16 21:58:30,346 [pool-362-thread-1] INFO  server.RaftServerConfigKeys (ConfUtils.java:logGet(44)) - raft.server.log.queue.byte-limit = 2147483647 (custom)
2020-07-16 21:58:30,347 [pool-362-thread-1] INFO  server.RaftServerConfigKeys (ConfUtils.java:logGet(44)) - raft.server.log.queue.element-limit = 1024 (custom)
2020-07-16 21:58:30,347 [pool-362-thread-1] INFO  server.RaftServerConfigKeys (ConfUtils.java:logGet(44)) - raft.server.log.segment.size.max = 1048576 (custom)
2020-07-16 21:58:30,347 [pool-362-thread-1] INFO  server.RaftServerConfigKeys (ConfUtils.java:logGet(44)) - raft.server.log.preallocated.size = 16384 (custom)
2020-07-16 21:58:30,347 [pool-362-thread-1] INFO  server.RaftServerConfigKeys (ConfUtils.java:logGet(44)) - raft.server.log.write.buffer.size = 1048576 (custom)
2020-07-16 21:58:30,347 [pool-362-thread-1] INFO  server.RaftServerConfigKeys (ConfUtils.java:logGet(44)) - raft.server.log.force.sync.num = 128 (default)
2020-07-16 21:58:30,347 [pool-362-thread-1] INFO  server.RaftServerConfigKeys (ConfUtils.java:logGet(44)) - raft.server.log.statemachine.data.sync = true (default)
2020-07-16 21:58:30,347 [pool-362-thread-1] INFO  server.RaftServerConfigKeys (ConfUtils.java:logGet(44)) - raft.server.log.statemachine.data.sync.timeout = 10s (default)
2020-07-16 21:58:30,347 [pool-362-thread-1] INFO  server.RaftServerConfigKeys (ConfUtils.java:logGet(44)) - raft.server.log.statemachine.data.sync.timeout.retry = -1 (default)
2020-07-16 21:58:30,349 [Listener at 127.0.0.1/46707] INFO  ozone.MiniOzoneClusterImpl (MiniOzoneClusterImpl.java:stopDatanodes(461)) - Stopping the HddsDatanodes
2020-07-16 21:58:30,351 [pool-362-thread-1] INFO  server.RaftServerConfigKeys (ConfUtils.java:logGet(44)) - raft.server.log.statemachine.data.caching.enabled = true (custom)
2020-07-16 21:58:30,351 [pool-362-thread-1] INFO  segmented.SegmentedRaftLogWorker (SegmentedRaftLogWorker.java:lambda$new$0(129)) - 0cd7fb39-f112-4f4e-916c-e67208469a58@group-F3BBE80AF587-SegmentedRaftLogWorker: flushIndex: setUnconditionally 0 -> -1
2020-07-16 21:58:30,351 [pool-362-thread-1] INFO  segmented.SegmentedRaftLogWorker (SegmentedRaftLogWorker.java:lambda$new$0(129)) - 0cd7fb39-f112-4f4e-916c-e67208469a58@group-F3BBE80AF587-SegmentedRaftLogWorker: safeCacheEvictIndex: setUnconditionally 0 -> -1
2020-07-16 21:58:30,354 [pool-362-thread-1] INFO  server.RaftServerConfigKeys (ConfUtils.java:logGet(44)) - raft.server.snapshot.auto.trigger.enabled = true (custom)
2020-07-16 21:58:30,354 [pool-362-thread-1] INFO  server.RaftServerConfigKeys (ConfUtils.java:logGet(44)) - raft.server.snapshot.auto.trigger.threshold = 10000 (custom)
2020-07-16 21:58:30,354 [pool-362-thread-1] INFO  server.RaftServerConfigKeys (ConfUtils.java:logGet(44)) - raft.server.snapshot.retention.file.num = 5 (custom)
2020-07-16 21:58:30,354 [pool-362-thread-1] INFO  server.RaftServerConfigKeys (ConfUtils.java:logGet(44)) - raft.server.log.purge.upto.snapshot.index = false (default)
2020-07-16 21:58:30,354 [pool-362-thread-1] INFO  server.RaftServerConfigKeys (ConfUtils.java:logGet(44)) - raft.server.retrycache.expirytime = 600000ms (custom)
2020-07-16 21:58:30,354 [pool-362-thread-1] INFO  metrics.RatisMetrics (RatisMetrics.java:lambda$create$0(36)) - Creating Metrics Registry : ratis.leader_election.0cd7fb39-f112-4f4e-916c-e67208469a58@group-F3BBE80AF587
2020-07-16 21:58:30,355 [pool-362-thread-1] INFO  metrics.RatisMetrics (RatisMetrics.java:lambda$create$0(36)) - Creating Metrics Registry : ratis.server.0cd7fb39-f112-4f4e-916c-e67208469a58@group-F3BBE80AF587
2020-07-16 21:58:30,356 [pool-362-thread-1] INFO  impl.RaftServerImpl (RaftServerImpl.java:start(186)) - 0cd7fb39-f112-4f4e-916c-e67208469a58@group-F3BBE80AF587: start as a follower, conf=-1: [29df65de-cb89-45e9-879e-f172419ab480:172.17.0.2:39233, 4c89fc7b-ea3a-41c4-95af-82e0047110c2:172.17.0.2:38513, 0cd7fb39-f112-4f4e-916c-e67208469a58:172.17.0.2:44789], old=null
2020-07-16 21:58:30,356 [pool-362-thread-1] INFO  impl.RaftServerImpl (RaftServerImpl.java:setRole(175)) - 0cd7fb39-f112-4f4e-916c-e67208469a58@group-F3BBE80AF587: changes role from      null to FOLLOWER at term 0 for startAsFollower
2020-07-16 21:58:30,356 [pool-362-thread-1] INFO  impl.RoleInfo (RoleInfo.java:updateAndGet(143)) - 0cd7fb39-f112-4f4e-916c-e67208469a58: start FollowerState
2020-07-16 21:58:30,362 [pool-362-thread-1] INFO  util.JmxRegister (JmxRegister.java:tryRegister(44)) - Successfully registered JMX Bean with object name Ratis:service=RaftServer,group=group-F3BBE80AF587,id=0cd7fb39-f112-4f4e-916c-e67208469a58
2020-07-16 21:58:30,362 [pool-362-thread-1] INFO  metrics.RatisMetrics (RatisMetrics.java:lambda$create$0(36)) - Creating Metrics Registry : ratis.state_machine.0cd7fb39-f112-4f4e-916c-e67208469a58@group-F3BBE80AF587
2020-07-16 21:58:30,369 [grpc-default-executor-4] INFO  impl.RaftServerProxy (RaftServerProxy.java:addNew(89)) - 4c89fc7b-ea3a-41c4-95af-82e0047110c2: addNew group-F3BBE80AF587:[29df65de-cb89-45e9-879e-f172419ab480:172.17.0.2:39233, 4c89fc7b-ea3a-41c4-95af-82e0047110c2:172.17.0.2:38513, 0cd7fb39-f112-4f4e-916c-e67208469a58:172.17.0.2:44789] returns group-F3BBE80AF587:java.util.concurrent.CompletableFuture@534ee2e7[Not completed]
2020-07-16 21:58:30,370 [pool-377-thread-1] INFO  impl.RaftServerImpl (RaftServerImpl.java:<init>(99)) - 4c89fc7b-ea3a-41c4-95af-82e0047110c2: new RaftServerImpl for group-F3BBE80AF587:[29df65de-cb89-45e9-879e-f172419ab480:172.17.0.2:39233, 4c89fc7b-ea3a-41c4-95af-82e0047110c2:172.17.0.2:38513, 0cd7fb39-f112-4f4e-916c-e67208469a58:172.17.0.2:44789] with ContainerStateMachine:uninitialized
2020-07-16 21:58:30,370 [pool-377-thread-1] INFO  server.RaftServerConfigKeys (ConfUtils.java:logGet(44)) - raft.server.rpc.timeout.min = 5s (custom)
2020-07-16 21:58:30,370 [pool-377-thread-1] INFO  server.RaftServerConfigKeys (ConfUtils.java:logGet(44)) - raft.server.rpc.timeout.max = 5200ms (custom)
2020-07-16 21:58:30,370 [pool-377-thread-1] INFO  server.RaftServerConfigKeys (ConfUtils.java:logGet(44)) - raft.server.rpcslowness.timeout = 300000ms (custom)
2020-07-16 21:58:30,370 [pool-377-thread-1] INFO  server.RaftServerConfigKeys (ConfUtils.java:logGet(44)) - raft.server.sleep.deviation.threshold = 300 (default)
2020-07-16 21:58:30,370 [pool-377-thread-1] INFO  server.RaftServerConfigKeys (ConfUtils.java:logGet(44)) - raft.server.log.appender.install.snapshot.enabled = false (custom)
2020-07-16 21:58:30,370 [pool-377-thread-1] INFO  impl.RaftServerImpl (ServerState.java:<init>(103)) - 4c89fc7b-ea3a-41c4-95af-82e0047110c2@group-F3BBE80AF587: ConfigurationManager, init=-1: [29df65de-cb89-45e9-879e-f172419ab480:172.17.0.2:39233, 4c89fc7b-ea3a-41c4-95af-82e0047110c2:172.17.0.2:38513, 0cd7fb39-f112-4f4e-916c-e67208469a58:172.17.0.2:44789], old=null, confs=<EMPTY_MAP>
2020-07-16 21:58:30,370 [pool-377-thread-1] INFO  server.RaftServerConfigKeys (ConfUtils.java:logGet(44)) - raft.server.storage.dir = [/github/workspace/mnt/ozone/hadoop-ozone/integration-test/target/test-dir/MiniOzoneClusterImpl-a7962e3b-f01b-438a-a70b-bc4bb46fea7a/datanode-2/data/ratis] (custom)
2020-07-16 21:58:30,370 [pool-377-thread-1] INFO  server.RaftServerConfigKeys (ConfUtils.java:logGet(44)) - raft.server.log.corruption.policy = EXCEPTION (default)
2020-07-16 21:58:30,370 [pool-377-thread-1] INFO  storage.RaftStorageDirectory (RaftStorageDirectory.java:analyzeStorage(261)) - The storage directory /github/workspace/mnt/ozone/hadoop-ozone/integration-test/target/test-dir/MiniOzoneClusterImpl-a7962e3b-f01b-438a-a70b-bc4bb46fea7a/datanode-2/data/ratis/c8c5a125-0566-4971-a639-f3bbe80af587 does not exist. Creating ...
2020-07-16 21:58:30,372 [pool-377-thread-1] INFO  storage.RaftStorageDirectory (RaftStorageDirectory.java:tryLock(343)) - Lock on /github/workspace/mnt/ozone/hadoop-ozone/integration-test/target/test-dir/MiniOzoneClusterImpl-a7962e3b-f01b-438a-a70b-bc4bb46fea7a/datanode-2/data/ratis/c8c5a125-0566-4971-a639-f3bbe80af587/in_use.lock acquired by nodename 44140@996f77e42fba
2020-07-16 21:58:30,373 [pool-377-thread-1] INFO  storage.RaftStorage (RaftStorage.java:format(84)) - Storage directory /github/workspace/mnt/ozone/hadoop-ozone/integration-test/target/test-dir/MiniOzoneClusterImpl-a7962e3b-f01b-438a-a70b-bc4bb46fea7a/datanode-2/data/ratis/c8c5a125-0566-4971-a639-f3bbe80af587 has been successfully formatted.
2020-07-16 21:58:30,373 [pool-377-thread-1] INFO  ratis.ContainerStateMachine (ContainerStateMachine.java:loadSnapshot(225)) - group-F3BBE80AF587: The snapshot info is null. Setting the last applied indexto:(t:0, i:~)
2020-07-16 21:58:30,373 [Datanode State Machine Thread - 0] INFO  statemachine.DatanodeStateMachine (DatanodeStateMachine.java:lambda$startDaemon$0(380)) - Ozone container server started.
2020-07-16 21:58:30,374 [pool-377-thread-1] INFO  server.RaftServerConfigKeys (ConfUtils.java:logGet(44)) - raft.server.notification.no-leader.timeout = 60s (default)
2020-07-16 21:58:30,374 [pool-377-thread-1] INFO  server.RaftServerConfigKeys (ConfUtils.java:logGet(44)) - raft.server.log.use.memory = false (default)
2020-07-16 21:58:30,374 [pool-377-thread-1] INFO  server.RaftServerConfigKeys (ConfUtils.java:logGet(44)) - raft.server.log.purge.gap = 1000000 (custom)
2020-07-16 21:58:30,374 [pool-377-thread-1] INFO  server.RaftServerConfigKeys (ConfUtils.java:logGet(44)) - raft.server.log.appender.buffer.byte-limit = 33554432 (custom)
2020-07-16 21:58:30,374 [pool-377-thread-1] INFO  server.RaftServerConfigKeys (ConfUtils.java:logGet(44)) - raft.server.log.segment.size.max = 1048576 (custom)
2020-07-16 21:58:30,374 [pool-377-thread-1] INFO  metrics.RatisMetrics (RatisMetrics.java:lambda$create$0(36)) - Creating Metrics Registry : ratis.log_worker.4c89fc7b-ea3a-41c4-95af-82e0047110c2@group-F3BBE80AF587
2020-07-16 21:58:30,374 [pool-377-thread-1] INFO  server.RaftServerConfigKeys (ConfUtils.java:logGet(44)) - raft.server.log.segment.cache.num.max = 2 (custom)
2020-07-16 21:58:30,374 [pool-377-thread-1] INFO  segmented.SegmentedRaftLogWorker (SegmentedRaftLogWorker.java:<init>(180)) - new 4c89fc7b-ea3a-41c4-95af-82e0047110c2@group-F3BBE80AF587-SegmentedRaftLogWorker for RaftStorage:Storage Directory /github/workspace/mnt/ozone/hadoop-ozone/integration-test/target/test-dir/MiniOzoneClusterImpl-a7962e3b-f01b-438a-a70b-bc4bb46fea7a/datanode-2/data/ratis/c8c5a125-0566-4971-a639-f3bbe80af587
2020-07-16 21:58:30,374 [pool-377-thread-1] INFO  server.RaftServerConfigKeys (ConfUtils.java:logGet(44)) - raft.server.log.queue.byte-limit = 2147483647 (custom)
2020-07-16 21:58:30,374 [pool-377-thread-1] INFO  server.RaftServerConfigKeys (ConfUtils.java:logGet(44)) - raft.server.log.queue.element-limit = 1024 (custom)
2020-07-16 21:58:30,374 [pool-377-thread-1] INFO  server.RaftServerConfigKeys (ConfUtils.java:logGet(44)) - raft.server.log.segment.size.max = 1048576 (custom)
2020-07-16 21:58:30,374 [pool-377-thread-1] INFO  server.RaftServerConfigKeys (ConfUtils.java:logGet(44)) - raft.server.log.preallocated.size = 16384 (custom)
2020-07-16 21:58:30,374 [pool-377-thread-1] INFO  server.RaftServerConfigKeys (ConfUtils.java:logGet(44)) - raft.server.log.write.buffer.size = 1048576 (custom)
2020-07-16 21:58:30,374 [pool-377-thread-1] INFO  server.RaftServerConfigKeys (ConfUtils.java:logGet(44)) - raft.server.log.force.sync.num = 128 (default)
2020-07-16 21:58:30,374 [pool-377-thread-1] INFO  server.RaftServerConfigKeys (ConfUtils.java:logGet(44)) - raft.server.log.statemachine.data.sync = true (default)
2020-07-16 21:58:30,375 [pool-377-thread-1] INFO  server.RaftServerConfigKeys (ConfUtils.java:logGet(44)) - raft.server.log.statemachine.data.sync.timeout = 10s (default)
2020-07-16 21:58:30,375 [pool-377-thread-1] INFO  server.RaftServerConfigKeys (ConfUtils.java:logGet(44)) - raft.server.log.statemachine.data.sync.timeout.retry = -1 (default)
2020-07-16 21:58:30,377 [pool-377-thread-1] INFO  server.RaftServerConfigKeys (ConfUtils.java:logGet(44)) - raft.server.log.statemachine.data.caching.enabled = true (custom)
2020-07-16 21:58:30,377 [pool-377-thread-1] INFO  segmented.SegmentedRaftLogWorker (SegmentedRaftLogWorker.java:lambda$new$0(129)) - 4c89fc7b-ea3a-41c4-95af-82e0047110c2@group-F3BBE80AF587-SegmentedRaftLogWorker: flushIndex: setUnconditionally 0 -> -1
2020-07-16 21:58:30,377 [pool-377-thread-1] INFO  segmented.SegmentedRaftLogWorker (SegmentedRaftLogWorker.java:lambda$new$0(129)) - 4c89fc7b-ea3a-41c4-95af-82e0047110c2@group-F3BBE80AF587-SegmentedRaftLogWorker: safeCacheEvictIndex: setUnconditionally 0 -> -1
2020-07-16 21:58:30,379 [pool-377-thread-1] INFO  server.RaftServerConfigKeys (ConfUtils.java:logGet(44)) - raft.server.snapshot.auto.trigger.enabled = true (custom)
2020-07-16 21:58:30,379 [pool-377-thread-1] INFO  server.RaftServerConfigKeys (ConfUtils.java:logGet(44)) - raft.server.snapshot.auto.trigger.threshold = 10000 (custom)
2020-07-16 21:58:30,379 [pool-377-thread-1] INFO  server.RaftServerConfigKeys (ConfUtils.java:logGet(44)) - raft.server.snapshot.retention.file.num = 5 (custom)
2020-07-16 21:58:30,379 [pool-377-thread-1] INFO  server.RaftServerConfigKeys (ConfUtils.java:logGet(44)) - raft.server.log.purge.upto.snapshot.index = false (default)
2020-07-16 21:58:30,379 [pool-377-thread-1] INFO  server.RaftServerConfigKeys (ConfUtils.java:logGet(44)) - raft.server.retrycache.expirytime = 600000ms (custom)
2020-07-16 21:58:30,379 [pool-377-thread-1] INFO  metrics.RatisMetrics (RatisMetrics.java:lambda$create$0(36)) - Creating Metrics Registry : ratis.leader_election.4c89fc7b-ea3a-41c4-95af-82e0047110c2@group-F3BBE80AF587
2020-07-16 21:58:30,380 [pool-377-thread-1] INFO  metrics.RatisMetrics (RatisMetrics.java:lambda$create$0(36)) - Creating Metrics Registry : ratis.server.4c89fc7b-ea3a-41c4-95af-82e0047110c2@group-F3BBE80AF587
2020-07-16 21:58:30,381 [pool-377-thread-1] INFO  impl.RaftServerImpl (RaftServerImpl.java:start(186)) - 4c89fc7b-ea3a-41c4-95af-82e0047110c2@group-F3BBE80AF587: start as a follower, conf=-1: [29df65de-cb89-45e9-879e-f172419ab480:172.17.0.2:39233, 4c89fc7b-ea3a-41c4-95af-82e0047110c2:172.17.0.2:38513, 0cd7fb39-f112-4f4e-916c-e67208469a58:172.17.0.2:44789], old=null
2020-07-16 21:58:30,381 [pool-377-thread-1] INFO  impl.RaftServerImpl (RaftServerImpl.java:setRole(175)) - 4c89fc7b-ea3a-41c4-95af-82e0047110c2@group-F3BBE80AF587: changes role from      null to FOLLOWER at term 0 for startAsFollower
2020-07-16 21:58:30,381 [pool-377-thread-1] INFO  impl.RoleInfo (RoleInfo.java:updateAndGet(143)) - 4c89fc7b-ea3a-41c4-95af-82e0047110c2: start FollowerState
2020-07-16 21:58:30,391 [pool-377-thread-1] INFO  util.JmxRegister (JmxRegister.java:tryRegister(44)) - Successfully registered JMX Bean with object name Ratis:service=RaftServer,group=group-F3BBE80AF587,id=4c89fc7b-ea3a-41c4-95af-82e0047110c2
2020-07-16 21:58:30,391 [pool-377-thread-1] INFO  metrics.RatisMetrics (RatisMetrics.java:lambda$create$0(36)) - Creating Metrics Registry : ratis.state_machine.4c89fc7b-ea3a-41c4-95af-82e0047110c2@group-F3BBE80AF587
2020-07-16 21:58:30,407 [grpc-default-executor-4] INFO  impl.RaftServerProxy (RaftServerProxy.java:addNew(89)) - 29df65de-cb89-45e9-879e-f172419ab480: addNew group-F3BBE80AF587:[29df65de-cb89-45e9-879e-f172419ab480:172.17.0.2:39233, 4c89fc7b-ea3a-41c4-95af-82e0047110c2:172.17.0.2:38513, 0cd7fb39-f112-4f4e-916c-e67208469a58:172.17.0.2:44789] returns group-F3BBE80AF587:java.util.concurrent.CompletableFuture@11eca734[Not completed]
2020-07-16 21:58:30,407 [pool-347-thread-1] INFO  impl.RaftServerImpl (RaftServerImpl.java:<init>(99)) - 29df65de-cb89-45e9-879e-f172419ab480: new RaftServerImpl for group-F3BBE80AF587:[29df65de-cb89-45e9-879e-f172419ab480:172.17.0.2:39233, 4c89fc7b-ea3a-41c4-95af-82e0047110c2:172.17.0.2:38513, 0cd7fb39-f112-4f4e-916c-e67208469a58:172.17.0.2:44789] with ContainerStateMachine:uninitialized
2020-07-16 21:58:30,408 [pool-347-thread-1] INFO  server.RaftServerConfigKeys (ConfUtils.java:logGet(44)) - raft.server.rpc.timeout.min = 5s (custom)
2020-07-16 21:58:30,408 [pool-347-thread-1] INFO  server.RaftServerConfigKeys (ConfUtils.java:logGet(44)) - raft.server.rpc.timeout.max = 5200ms (custom)
2020-07-16 21:58:30,408 [pool-347-thread-1] INFO  server.RaftServerConfigKeys (ConfUtils.java:logGet(44)) - raft.server.rpcslowness.timeout = 300000ms (custom)
2020-07-16 21:58:30,408 [pool-347-thread-1] INFO  server.RaftServerConfigKeys (ConfUtils.java:logGet(44)) - raft.server.sleep.deviation.threshold = 300 (default)
2020-07-16 21:58:30,408 [pool-347-thread-1] INFO  server.RaftServerConfigKeys (ConfUtils.java:logGet(44)) - raft.server.log.appender.install.snapshot.enabled = false (custom)
2020-07-16 21:58:30,408 [pool-347-thread-1] INFO  impl.RaftServerImpl (ServerState.java:<init>(103)) - 29df65de-cb89-45e9-879e-f172419ab480@group-F3BBE80AF587: ConfigurationManager, init=-1: [29df65de-cb89-45e9-879e-f172419ab480:172.17.0.2:39233, 4c89fc7b-ea3a-41c4-95af-82e0047110c2:172.17.0.2:38513, 0cd7fb39-f112-4f4e-916c-e67208469a58:172.17.0.2:44789], old=null, confs=<EMPTY_MAP>
2020-07-16 21:58:30,408 [pool-347-thread-1] INFO  server.RaftServerConfigKeys (ConfUtils.java:logGet(44)) - raft.server.storage.dir = [/github/workspace/mnt/ozone/hadoop-ozone/integration-test/target/test-dir/MiniOzoneClusterImpl-a7962e3b-f01b-438a-a70b-bc4bb46fea7a/datanode-0/data/ratis] (custom)
2020-07-16 21:58:30,408 [pool-347-thread-1] INFO  server.RaftServerConfigKeys (ConfUtils.java:logGet(44)) - raft.server.log.corruption.policy = EXCEPTION (default)
2020-07-16 21:58:30,408 [pool-347-thread-1] INFO  storage.RaftStorageDirectory (RaftStorageDirectory.java:analyzeStorage(261)) - The storage directory /github/workspace/mnt/ozone/hadoop-ozone/integration-test/target/test-dir/MiniOzoneClusterImpl-a7962e3b-f01b-438a-a70b-bc4bb46fea7a/datanode-0/data/ratis/c8c5a125-0566-4971-a639-f3bbe80af587 does not exist. Creating ...
2020-07-16 21:58:30,410 [pool-347-thread-1] INFO  storage.RaftStorageDirectory (RaftStorageDirectory.java:tryLock(343)) - Lock on /github/workspace/mnt/ozone/hadoop-ozone/integration-test/target/test-dir/MiniOzoneClusterImpl-a7962e3b-f01b-438a-a70b-bc4bb46fea7a/datanode-0/data/ratis/c8c5a125-0566-4971-a639-f3bbe80af587/in_use.lock acquired by nodename 44140@996f77e42fba
2020-07-16 21:58:30,412 [pool-347-thread-1] INFO  storage.RaftStorage (RaftStorage.java:format(84)) - Storage directory /github/workspace/mnt/ozone/hadoop-ozone/integration-test/target/test-dir/MiniOzoneClusterImpl-a7962e3b-f01b-438a-a70b-bc4bb46fea7a/datanode-0/data/ratis/c8c5a125-0566-4971-a639-f3bbe80af587 has been successfully formatted.
2020-07-16 21:58:30,412 [pool-347-thread-1] INFO  ratis.ContainerStateMachine (ContainerStateMachine.java:loadSnapshot(225)) - group-F3BBE80AF587: The snapshot info is null. Setting the last applied indexto:(t:0, i:~)
2020-07-16 21:58:30,412 [pool-347-thread-1] INFO  server.RaftServerConfigKeys (ConfUtils.java:logGet(44)) - raft.server.notification.no-leader.timeout = 60s (default)
2020-07-16 21:58:30,412 [pool-347-thread-1] INFO  server.RaftServerConfigKeys (ConfUtils.java:logGet(44)) - raft.server.log.use.memory = false (default)
2020-07-16 21:58:30,413 [pool-347-thread-1] INFO  server.RaftServerConfigKeys (ConfUtils.java:logGet(44)) - raft.server.log.purge.gap = 1000000 (custom)
2020-07-16 21:58:30,413 [pool-347-thread-1] INFO  server.RaftServerConfigKeys (ConfUtils.java:logGet(44)) - raft.server.log.appender.buffer.byte-limit = 33554432 (custom)
2020-07-16 21:58:30,413 [pool-347-thread-1] INFO  server.RaftServerConfigKeys (ConfUtils.java:logGet(44)) - raft.server.log.segment.size.max = 1048576 (custom)
2020-07-16 21:58:30,413 [pool-347-thread-1] INFO  metrics.RatisMetrics (RatisMetrics.java:lambda$create$0(36)) - Creating Metrics Registry : ratis.log_worker.29df65de-cb89-45e9-879e-f172419ab480@group-F3BBE80AF587
2020-07-16 21:58:30,413 [pool-347-thread-1] INFO  server.RaftServerConfigKeys (ConfUtils.java:logGet(44)) - raft.server.log.segment.cache.num.max = 2 (custom)
2020-07-16 21:58:30,413 [pool-347-thread-1] INFO  segmented.SegmentedRaftLogWorker (SegmentedRaftLogWorker.java:<init>(180)) - new 29df65de-cb89-45e9-879e-f172419ab480@group-F3BBE80AF587-SegmentedRaftLogWorker for RaftStorage:Storage Directory /github/workspace/mnt/ozone/hadoop-ozone/integration-test/target/test-dir/MiniOzoneClusterImpl-a7962e3b-f01b-438a-a70b-bc4bb46fea7a/datanode-0/data/ratis/c8c5a125-0566-4971-a639-f3bbe80af587
2020-07-16 21:58:30,413 [pool-347-thread-1] INFO  server.RaftServerConfigKeys (ConfUtils.java:logGet(44)) - raft.server.log.queue.byte-limit = 2147483647 (custom)
2020-07-16 21:58:30,413 [pool-347-thread-1] INFO  server.RaftServerConfigKeys (ConfUtils.java:logGet(44)) - raft.server.log.queue.element-limit = 1024 (custom)
2020-07-16 21:58:30,413 [pool-347-thread-1] INFO  server.RaftServerConfigKeys (ConfUtils.java:logGet(44)) - raft.server.log.segment.size.max = 1048576 (custom)
2020-07-16 21:58:30,413 [pool-347-thread-1] INFO  server.RaftServerConfigKeys (ConfUtils.java:logGet(44)) - raft.server.log.preallocated.size = 16384 (custom)
2020-07-16 21:58:30,414 [pool-347-thread-1] INFO  server.RaftServerConfigKeys (ConfUtils.java:logGet(44)) - raft.server.log.write.buffer.size = 1048576 (custom)
2020-07-16 21:58:30,414 [pool-347-thread-1] INFO  server.RaftServerConfigKeys (ConfUtils.java:logGet(44)) - raft.server.log.force.sync.num = 128 (default)
2020-07-16 21:58:30,414 [pool-347-thread-1] INFO  server.RaftServerConfigKeys (ConfUtils.java:logGet(44)) - raft.server.log.statemachine.data.sync = true (default)
2020-07-16 21:58:30,414 [pool-347-thread-1] INFO  server.RaftServerConfigKeys (ConfUtils.java:logGet(44)) - raft.server.log.statemachine.data.sync.timeout = 10s (default)
2020-07-16 21:58:30,414 [pool-347-thread-1] INFO  server.RaftServerConfigKeys (ConfUtils.java:logGet(44)) - raft.server.log.statemachine.data.sync.timeout.retry = -1 (default)
2020-07-16 21:58:30,416 [pool-347-thread-1] INFO  server.RaftServerConfigKeys (ConfUtils.java:logGet(44)) - raft.server.log.statemachine.data.caching.enabled = true (custom)
2020-07-16 21:58:30,416 [pool-347-thread-1] INFO  segmented.SegmentedRaftLogWorker (SegmentedRaftLogWorker.java:lambda$new$0(129)) - 29df65de-cb89-45e9-879e-f172419ab480@group-F3BBE80AF587-SegmentedRaftLogWorker: flushIndex: setUnconditionally 0 -> -1
2020-07-16 21:58:30,416 [pool-347-thread-1] INFO  segmented.SegmentedRaftLogWorker (SegmentedRaftLogWorker.java:lambda$new$0(129)) - 29df65de-cb89-45e9-879e-f172419ab480@group-F3BBE80AF587-SegmentedRaftLogWorker: safeCacheEvictIndex: setUnconditionally 0 -> -1
2020-07-16 21:58:30,417 [pool-347-thread-1] INFO  server.RaftServerConfigKeys (ConfUtils.java:logGet(44)) - raft.server.snapshot.auto.trigger.enabled = true (custom)
2020-07-16 21:58:30,417 [pool-347-thread-1] INFO  server.RaftServerConfigKeys (ConfUtils.java:logGet(44)) - raft.server.snapshot.auto.trigger.threshold = 10000 (custom)
2020-07-16 21:58:30,417 [pool-347-thread-1] INFO  server.RaftServerConfigKeys (ConfUtils.java:logGet(44)) - raft.server.snapshot.retention.file.num = 5 (custom)
2020-07-16 21:58:30,417 [pool-347-thread-1] INFO  server.RaftServerConfigKeys (ConfUtils.java:logGet(44)) - raft.server.log.purge.upto.snapshot.index = false (default)
2020-07-16 21:58:30,417 [pool-347-thread-1] INFO  server.RaftServerConfigKeys (ConfUtils.java:logGet(44)) - raft.server.retrycache.expirytime = 600000ms (custom)
2020-07-16 21:58:30,417 [pool-347-thread-1] INFO  metrics.RatisMetrics (RatisMetrics.java:lambda$create$0(36)) - Creating Metrics Registry : ratis.leader_election.29df65de-cb89-45e9-879e-f172419ab480@group-F3BBE80AF587
2020-07-16 21:58:30,417 [pool-347-thread-1] INFO  metrics.RatisMetrics (RatisMetrics.java:lambda$create$0(36)) - Creating Metrics Registry : ratis.server.29df65de-cb89-45e9-879e-f172419ab480@group-F3BBE80AF587
2020-07-16 21:58:30,419 [pool-347-thread-1] INFO  impl.RaftServerImpl (RaftServerImpl.java:start(186)) - 29df65de-cb89-45e9-879e-f172419ab480@group-F3BBE80AF587: start as a follower, conf=-1: [29df65de-cb89-45e9-879e-f172419ab480:172.17.0.2:39233, 4c89fc7b-ea3a-41c4-95af-82e0047110c2:172.17.0.2:38513, 0cd7fb39-f112-4f4e-916c-e67208469a58:172.17.0.2:44789], old=null
2020-07-16 21:58:30,419 [pool-347-thread-1] INFO  impl.RaftServerImpl (RaftServerImpl.java:setRole(175)) - 29df65de-cb89-45e9-879e-f172419ab480@group-F3BBE80AF587: changes role from      null to FOLLOWER at term 0 for startAsFollower
2020-07-16 21:58:30,419 [pool-347-thread-1] INFO  impl.RoleInfo (RoleInfo.java:updateAndGet(143)) - 29df65de-cb89-45e9-879e-f172419ab480: start FollowerState
2020-07-16 21:58:30,419 [pool-347-thread-1] INFO  util.JmxRegister (JmxRegister.java:tryRegister(44)) - Successfully registered JMX Bean with object name Ratis:service=RaftServer,group=group-F3BBE80AF587,id=29df65de-cb89-45e9-879e-f172419ab480
2020-07-16 21:58:30,419 [pool-347-thread-1] INFO  metrics.RatisMetrics (RatisMetrics.java:lambda$create$0(36)) - Creating Metrics Registry : ratis.state_machine.29df65de-cb89-45e9-879e-f172419ab480@group-F3BBE80AF587
2020-07-16 21:58:30,422 [Command processor thread] INFO  commandhandler.CreatePipelineCommandHandler (CreatePipelineCommandHandler.java:handle(109)) - Created Pipeline RATIS THREE #id: "c8c5a125-0566-4971-a639-f3bbe80af587"
uuid128 {
  mostSigBits: -3979597515335513743
  leastSigBits: -6468871401363540601
}
.
2020-07-16 21:58:30,675 [Datanode State Machine Thread - 0] INFO  statemachine.DatanodeStateMachine (DatanodeStateMachine.java:lambda$startDaemon$0(380)) - Ozone container server started.
2020-07-16 21:58:31,214 [Command processor thread] INFO  impl.RaftServerProxy (RaftServerProxy.java:remove(100)) - 29df65de-cb89-45e9-879e-f172419ab480: remove  FOLLOWER 29df65de-cb89-45e9-879e-f172419ab480@group-F961CCA9B41C:t1, leader=4c89fc7b-ea3a-41c4-95af-82e0047110c2, voted=29df65de-cb89-45e9-879e-f172419ab480, raftlog=29df65de-cb89-45e9-879e-f172419ab480@group-F961CCA9B41C-SegmentedRaftLog:OPENED:c1,f2,i2, conf=0: [29df65de-cb89-45e9-879e-f172419ab480:172.17.0.2:39233, 4c89fc7b-ea3a-41c4-95af-82e0047110c2:172.17.0.2:38513, 0cd7fb39-f112-4f4e-916c-e67208469a58:172.17.0.2:44789], old=null RUNNING
2020-07-16 21:58:31,214 [Command processor thread] INFO  impl.RaftServerImpl (RaftServerImpl.java:lambda$shutdown$3(252)) - 29df65de-cb89-45e9-879e-f172419ab480@group-F961CCA9B41C: shutdown
2020-07-16 21:58:31,215 [Command processor thread] INFO  util.JmxRegister (JmxRegister.java:unregister(73)) - Successfully un-registered JMX Bean with object name Ratis:service=RaftServer,group=group-F961CCA9B41C,id=29df65de-cb89-45e9-879e-f172419ab480
2020-07-16 21:58:31,215 [Command processor thread] INFO  impl.RoleInfo (RoleInfo.java:shutdownFollowerState(121)) - 29df65de-cb89-45e9-879e-f172419ab480: shutdown FollowerState
2020-07-16 21:58:31,215 [Command processor thread] INFO  impl.StateMachineUpdater (StateMachineUpdater.java:stopAndJoin(142)) - 29df65de-cb89-45e9-879e-f172419ab480@group-F961CCA9B41C-StateMachineUpdater: set stopIndex = 1
2020-07-16 21:58:31,215 [Thread-1315] INFO  impl.FollowerState (FollowerState.java:run(117)) - 29df65de-cb89-45e9-879e-f172419ab480@group-F961CCA9B41C-FollowerState was interrupted: java.lang.InterruptedException: sleep interrupted
2020-07-16 21:58:31,220 [29df65de-cb89-45e9-879e-f172419ab480@group-F961CCA9B41C-StateMachineUpdater] INFO  ratis.ContainerStateMachine (ContainerStateMachine.java:takeSnapshot(293)) - group-F961CCA9B41C: Taking a snapshot at:(t:1, i:1) file /github/workspace/mnt/ozone/hadoop-ozone/integration-test/target/test-dir/MiniOzoneClusterImpl-a7962e3b-f01b-438a-a70b-bc4bb46fea7a/datanode-0/data/ratis/abd10150-8826-426c-a1fc-f961cca9b41c/sm/snapshot.1_1
2020-07-16 21:58:31,221 [29df65de-cb89-45e9-879e-f172419ab480@group-F961CCA9B41C-StateMachineUpdater] INFO  ratis.ContainerStateMachine (ContainerStateMachine.java:takeSnapshot(304)) - group-F961CCA9B41C: Finished taking a snapshot at:(t:1, i:1) file:/github/workspace/mnt/ozone/hadoop-ozone/integration-test/target/test-dir/MiniOzoneClusterImpl-a7962e3b-f01b-438a-a70b-bc4bb46fea7a/datanode-0/data/ratis/abd10150-8826-426c-a1fc-f961cca9b41c/sm/snapshot.1_1 time:4
2020-07-16 21:58:31,221 [29df65de-cb89-45e9-879e-f172419ab480@group-F961CCA9B41C-StateMachineUpdater] INFO  impl.StateMachineUpdater (StateMachineUpdater.java:takeSnapshot(277)) - 29df65de-cb89-45e9-879e-f172419ab480@group-F961CCA9B41C-StateMachineUpdater: Took a snapshot at index 1
2020-07-16 21:58:31,221 [29df65de-cb89-45e9-879e-f172419ab480@group-F961CCA9B41C-StateMachineUpdater] INFO  impl.StateMachineUpdater (StateMachineUpdater.java:lambda$new$0(87)) - 29df65de-cb89-45e9-879e-f172419ab480@group-F961CCA9B41C-StateMachineUpdater: snapshotIndex: updateIncreasingly -1 -> 1
2020-07-16 21:58:31,221 [29df65de-cb89-45e9-879e-f172419ab480@group-F961CCA9B41C-StateMachineUpdater] INFO  metrics.RatisMetrics (RatisMetrics.java:unregister(43)) - Unregistering Metrics Registry : ratis.state_machine.29df65de-cb89-45e9-879e-f172419ab480@group-F961CCA9B41C
2020-07-16 21:58:31,221 [Command processor thread] INFO  impl.RaftServerImpl (ServerState.java:close(387)) - 29df65de-cb89-45e9-879e-f172419ab480@group-F961CCA9B41C: closes. applyIndex: 1
2020-07-16 21:58:31,222 [29df65de-cb89-45e9-879e-f172419ab480@group-F961CCA9B41C-SegmentedRaftLogWorker] INFO  segmented.SegmentedRaftLogWorker (SegmentedRaftLogWorker.java:run(327)) - 29df65de-cb89-45e9-879e-f172419ab480@group-F961CCA9B41C-SegmentedRaftLogWorker was interrupted, exiting. There are 0 tasks remaining in the queue.
2020-07-16 21:58:31,222 [Command processor thread] INFO  segmented.SegmentedRaftLogWorker (SegmentedRaftLogWorker.java:close(234)) - 29df65de-cb89-45e9-879e-f172419ab480@group-F961CCA9B41C-SegmentedRaftLogWorker close()
2020-07-16 21:58:31,223 [Command processor thread] INFO  metrics.RatisMetrics (RatisMetrics.java:unregister(43)) - Unregistering Metrics Registry : ratis.log_worker.29df65de-cb89-45e9-879e-f172419ab480@group-F961CCA9B41C
2020-07-16 21:58:31,224 [Command processor thread] INFO  metrics.RatisMetrics (RatisMetrics.java:unregister(43)) - Unregistering Metrics Registry : ratis.leader_election.29df65de-cb89-45e9-879e-f172419ab480@group-F961CCA9B41C
2020-07-16 21:58:31,224 [Command processor thread] INFO  metrics.RatisMetrics (RatisMetrics.java:unregister(43)) - Unregistering Metrics Registry : ratis.server.29df65de-cb89-45e9-879e-f172419ab480@group-F961CCA9B41C
2020-07-16 21:58:31,224 [Command processor thread] INFO  impl.RaftServerImpl (RaftServerImpl.java:lambda$shutdown$3(290)) - 29df65de-cb89-45e9-879e-f172419ab480@group-F961CCA9B41C: Succeed to remove RaftStorageDirectory Storage Directory /github/workspace/mnt/ozone/hadoop-ozone/integration-test/target/test-dir/MiniOzoneClusterImpl-a7962e3b-f01b-438a-a70b-bc4bb46fea7a/datanode-0/data/ratis/abd10150-8826-426c-a1fc-f961cca9b41c
2020-07-16 21:58:31,229 [Command processor thread] INFO  interfaces.Container (KeyValueContainer.java:flushAndSyncDB(382)) - Container 1 is synced with bcsId 0.
2020-07-16 21:58:31,231 [Command processor thread] INFO  interfaces.Container (KeyValueContainer.java:flushAndSyncDB(382)) - Container 1 is synced with bcsId 0.
2020-07-16 21:58:31,236 [Command processor thread] INFO  commandhandler.ClosePipelineCommandHandler (ClosePipelineCommandHandler.java:handle(78)) - Close Pipeline #id: "abd10150-8826-426c-a1fc-f961cca9b41c"
uuid128 {
  mostSigBits: -6066065777698127252
  leastSigBits: -6774265541031250916
}
 command on datanode #29df65de-cb89-45e9-879e-f172419ab480.
2020-07-16 21:58:31,239 [Command processor thread] WARN  impl.RaftServerProxy (RaftServerProxy.java:remove(95)) - 29df65de-cb89-45e9-879e-f172419ab480: does not contain group: group-F961CCA9B41C
2020-07-16 21:58:31,239 [Command processor thread] ERROR commandhandler.ClosePipelineCommandHandler (ClosePipelineCommandHandler.java:handle(81)) - Can't close pipeline #id: "abd10150-8826-426c-a1fc-f961cca9b41c"
uuid128 {
  mostSigBits: -6066065777698127252
  leastSigBits: -6774265541031250916
}

java.io.IOException: 29df65de-cb89-45e9-879e-f172419ab480: Group group-F961CCA9B41C not found.
	at org.apache.hadoop.ozone.container.common.transport.server.ratis.XceiverServerRatis.removeGroup(XceiverServerRatis.java:740)
	at org.apache.hadoop.ozone.container.common.statemachine.commandhandler.ClosePipelineCommandHandler.handle(ClosePipelineCommandHandler.java:77)
	at org.apache.hadoop.ozone.container.common.statemachine.commandhandler.CommandDispatcher.handle(CommandDispatcher.java:99)
	at org.apache.hadoop.ozone.container.common.statemachine.DatanodeStateMachine.lambda$initCommandHandlerThread$1(DatanodeStateMachine.java:465)
	at java.lang.Thread.run(Thread.java:748)
Caused by: org.apache.ratis.protocol.GroupMismatchException: 29df65de-cb89-45e9-879e-f172419ab480: Group group-F961CCA9B41C not found.
	at org.apache.ratis.server.impl.RaftServerProxy.groupRemoveAsync(RaftServerProxy.java:414)
	at org.apache.ratis.server.impl.RaftServerProxy.groupManagementAsync(RaftServerProxy.java:372)
	at org.apache.ratis.server.impl.RaftServerProxy.groupManagement(RaftServerProxy.java:355)
	at org.apache.hadoop.ozone.container.common.transport.server.ratis.XceiverServerRatis.removeGroup(XceiverServerRatis.java:738)
	... 4 more
2020-07-16 21:58:32,399 [EventQueue-Delayed safe mode statusForReplicationManager] INFO  container.ReplicationManager (ReplicationManager.java:start(177)) - Starting Replication Monitor Thread.
2020-07-16 21:58:32,402 [ReplicationMonitor] INFO  container.ReplicationManager (ReplicationManager.java:forceCloseContainer(494)) - Force closing container #1 with BCSID 0, which is in QUASI_CLOSED state.
2020-07-16 21:58:32,403 [ReplicationMonitor] INFO  container.ReplicationManager (ReplicationManager.java:sendCloseCommand(783)) - Sending close container command for container #1 to datanode 0cd7fb39-f112-4f4e-916c-e67208469a58{ip: 172.17.0.2, host: 996f77e42fba, networkLocation: /default-rack, certSerialId: null}.
2020-07-16 21:58:32,403 [ReplicationMonitor] INFO  container.ReplicationManager (ReplicationManager.java:sendCloseCommand(783)) - Sending close container command for container #1 to datanode 4c89fc7b-ea3a-41c4-95af-82e0047110c2{ip: 172.17.0.2, host: 996f77e42fba, networkLocation: /default-rack, certSerialId: null}.
2020-07-16 21:58:32,403 [ReplicationMonitor] INFO  container.ReplicationManager (ReplicationManager.java:sendCloseCommand(783)) - Sending close container command for container #1 to datanode 29df65de-cb89-45e9-879e-f172419ab480{ip: 172.17.0.2, host: 996f77e42fba, networkLocation: /default-rack, certSerialId: null}.
2020-07-16 21:58:32,403 [ReplicationMonitor] INFO  container.ReplicationManager (ReplicationManager.java:run(241)) - Replication Monitor Thread took 3 milliseconds for processing 1 containers.
2020-07-16 21:58:35,236 [Command processor thread] INFO  interfaces.Container (KeyValueContainer.java:flushAndSyncDB(382)) - Container 1 is synced with bcsId 0.
2020-07-16 21:58:35,236 [Command processor thread] INFO  interfaces.Container (KeyValueContainer.java:flushAndSyncDB(382)) - Container 1 is synced with bcsId 0.
2020-07-16 21:58:35,243 [Command processor thread] INFO  interfaces.Container (KeyValueContainer.java:close(320)) - Container 1 is closed with bcsId 0.
2020-07-16 21:58:35,245 [EventQueue-IncrementalContainerReportForIncrementalContainerReportHandler] INFO  container.IncrementalContainerReportHandler (AbstractContainerReportHandler.java:updateContainerState(197)) - Moving container #1 to CLOSED state, datanode 29df65de-cb89-45e9-879e-f172419ab480{ip: 172.17.0.2, host: 996f77e42fba, networkLocation: /default-rack, certSerialId: null} reported CLOSED replica.
2020-07-16 21:58:35,347 [Command processor thread] INFO  interfaces.Container (KeyValueContainer.java:flushAndSyncDB(382)) - Container 1 is synced with bcsId 0.
2020-07-16 21:58:35,347 [Command processor thread] INFO  interfaces.Container (KeyValueContainer.java:flushAndSyncDB(382)) - Container 1 is synced with bcsId 0.
2020-07-16 21:58:35,349 [Command processor thread] INFO  interfaces.Container (KeyValueContainer.java:close(320)) - Container 1 is closed with bcsId 0.
2020-07-16 21:58:35,350 [Listener at 127.0.0.1/46707] INFO  ozoneimpl.OzoneContainer (OzoneContainer.java:stop(247)) - Attempting to stop container services.
2020-07-16 21:58:35,350 [Listener at 127.0.0.1/46707] INFO  impl.RaftServerProxy (RaftServerProxy.java:lambda$close$4(319)) - fed52763-551e-41ff-9d0c-bcac1cecd791: close
2020-07-16 21:58:35,350 [ForkJoinPool.commonPool-worker-1] INFO  ozoneimpl.OzoneContainer (OzoneContainer.java:stop(247)) - Attempting to stop container services.
2020-07-16 21:58:35,350 [ForkJoinPool.commonPool-worker-1] INFO  impl.RaftServerProxy (RaftServerProxy.java:lambda$close$4(319)) - 4c89fc7b-ea3a-41c4-95af-82e0047110c2: close
2020-07-16 21:58:35,351 [ForkJoinPool.commonPool-worker-1] INFO  impl.RaftServerImpl (RaftServerImpl.java:lambda$shutdown$3(252)) - 4c89fc7b-ea3a-41c4-95af-82e0047110c2@group-19632B9C0A65: shutdown
2020-07-16 21:58:35,350 [Listener at 127.0.0.1/46707] INFO  impl.RaftServerImpl (RaftServerImpl.java:lambda$shutdown$3(252)) - fed52763-551e-41ff-9d0c-bcac1cecd791@group-60C4CD486433: shutdown
2020-07-16 21:58:35,351 [Listener at 127.0.0.1/46707] INFO  util.JmxRegister (JmxRegister.java:unregister(73)) - Successfully un-registered JMX Bean with object name Ratis:service=RaftServer,group=group-60C4CD486433,id=fed52763-551e-41ff-9d0c-bcac1cecd791
2020-07-16 21:58:35,351 [Listener at 127.0.0.1/46707] INFO  impl.RoleInfo (RoleInfo.java:shutdownLeaderState(104)) - fed52763-551e-41ff-9d0c-bcac1cecd791: shutdown LeaderState
2020-07-16 21:58:35,351 [ForkJoinPool.commonPool-worker-1] INFO  util.JmxRegister (JmxRegister.java:unregister(73)) - Successfully un-registered JMX Bean with object name Ratis:service=RaftServer,group=group-19632B9C0A65,id=4c89fc7b-ea3a-41c4-95af-82e0047110c2
2020-07-16 21:58:35,351 [ForkJoinPool.commonPool-worker-1] INFO  impl.RoleInfo (RoleInfo.java:shutdownLeaderState(104)) - 4c89fc7b-ea3a-41c4-95af-82e0047110c2: shutdown LeaderState
2020-07-16 21:58:35,351 [Listener at 127.0.0.1/46707] INFO  impl.PendingRequests (PendingRequests.java:sendNotLeaderResponses(249)) - fed52763-551e-41ff-9d0c-bcac1cecd791@group-60C4CD486433-PendingRequests: sendNotLeaderResponses
2020-07-16 21:58:35,352 [ForkJoinPool.commonPool-worker-1] INFO  impl.PendingRequests (PendingRequests.java:sendNotLeaderResponses(249)) - 4c89fc7b-ea3a-41c4-95af-82e0047110c2@group-19632B9C0A65-PendingRequests: sendNotLeaderResponses
2020-07-16 21:58:35,352 [Listener at 127.0.0.1/46707] INFO  metrics.RatisMetrics (RatisMetrics.java:unregister(43)) - Unregistering Metrics Registry : ratis.log_appender.fed52763-551e-41ff-9d0c-bcac1cecd791@group-60C4CD486433
2020-07-16 21:58:35,352 [Listener at 127.0.0.1/46707] INFO  metrics.RatisMetrics (RatisMetrics.java:unregister(43)) - Unregistering Metrics Registry : ratis.server.fed52763-551e-41ff-9d0c-bcac1cecd791@group-60C4CD486433
2020-07-16 21:58:35,352 [ForkJoinPool.commonPool-worker-1] INFO  metrics.RatisMetrics (RatisMetrics.java:unregister(43)) - Unregistering Metrics Registry : ratis.log_appender.4c89fc7b-ea3a-41c4-95af-82e0047110c2@group-19632B9C0A65
2020-07-16 21:58:35,353 [ForkJoinPool.commonPool-worker-1] INFO  metrics.RatisMetrics (RatisMetrics.java:unregister(43)) - Unregistering Metrics Registry : ratis.server.4c89fc7b-ea3a-41c4-95af-82e0047110c2@group-19632B9C0A65
2020-07-16 21:58:35,353 [Listener at 127.0.0.1/46707] INFO  impl.StateMachineUpdater (StateMachineUpdater.java:stopAndJoin(142)) - fed52763-551e-41ff-9d0c-bcac1cecd791@group-60C4CD486433-StateMachineUpdater: set stopIndex = 0
2020-07-16 21:58:35,353 [fed52763-551e-41ff-9d0c-bcac1cecd791@group-60C4CD486433-StateMachineUpdater] INFO  ratis.ContainerStateMachine (ContainerStateMachine.java:takeSnapshot(293)) - group-60C4CD486433: Taking a snapshot at:(t:1, i:0) file /github/workspace/mnt/ozone/hadoop-ozone/integration-test/target/test-dir/MiniOzoneClusterImpl-a7962e3b-f01b-438a-a70b-bc4bb46fea7a/datanode-4/data/ratis/7cd9f3d8-62f3-43ee-ae43-60c4cd486433/sm/snapshot.1_0
2020-07-16 21:58:35,354 [ForkJoinPool.commonPool-worker-1] INFO  impl.StateMachineUpdater (StateMachineUpdater.java:stopAndJoin(142)) - 4c89fc7b-ea3a-41c4-95af-82e0047110c2@group-19632B9C0A65-StateMachineUpdater: set stopIndex = 0
2020-07-16 21:58:35,354 [4c89fc7b-ea3a-41c4-95af-82e0047110c2@group-19632B9C0A65-StateMachineUpdater] INFO  ratis.ContainerStateMachine (ContainerStateMachine.java:takeSnapshot(293)) - group-19632B9C0A65: Taking a snapshot at:(t:1, i:0) file /github/workspace/mnt/ozone/hadoop-ozone/integration-test/target/test-dir/MiniOzoneClusterImpl-a7962e3b-f01b-438a-a70b-bc4bb46fea7a/datanode-2/data/ratis/8c1d8211-36e8-4d41-83bf-19632b9c0a65/sm/snapshot.1_0
2020-07-16 21:58:35,354 [fed52763-551e-41ff-9d0c-bcac1cecd791@group-60C4CD486433-StateMachineUpdater] INFO  ratis.ContainerStateMachine (ContainerStateMachine.java:takeSnapshot(304)) - group-60C4CD486433: Finished taking a snapshot at:(t:1, i:0) file:/github/workspace/mnt/ozone/hadoop-ozone/integration-test/target/test-dir/MiniOzoneClusterImpl-a7962e3b-f01b-438a-a70b-bc4bb46fea7a/datanode-4/data/ratis/7cd9f3d8-62f3-43ee-ae43-60c4cd486433/sm/snapshot.1_0 time:1
2020-07-16 21:58:35,355 [fed52763-551e-41ff-9d0c-bcac1cecd791@group-60C4CD486433-StateMachineUpdater] INFO  impl.StateMachineUpdater (StateMachineUpdater.java:takeSnapshot(277)) - fed52763-551e-41ff-9d0c-bcac1cecd791@group-60C4CD486433-StateMachineUpdater: Took a snapshot at index 0
2020-07-16 21:58:35,355 [fed52763-551e-41ff-9d0c-bcac1cecd791@group-60C4CD486433-StateMachineUpdater] INFO  impl.StateMachineUpdater (StateMachineUpdater.java:lambda$new$0(87)) - fed52763-551e-41ff-9d0c-bcac1cecd791@group-60C4CD486433-StateMachineUpdater: snapshotIndex: updateIncreasingly -1 -> 0
2020-07-16 21:58:35,355 [fed52763-551e-41ff-9d0c-bcac1cecd791@group-60C4CD486433-StateMachineUpdater] INFO  metrics.RatisMetrics (RatisMetrics.java:unregister(43)) - Unregistering Metrics Registry : ratis.state_machine.fed52763-551e-41ff-9d0c-bcac1cecd791@group-60C4CD486433
2020-07-16 21:58:35,356 [4c89fc7b-ea3a-41c4-95af-82e0047110c2@group-19632B9C0A65-StateMachineUpdater] INFO  ratis.ContainerStateMachine (ContainerStateMachine.java:takeSnapshot(304)) - group-19632B9C0A65: Finished taking a snapshot at:(t:1, i:0) file:/github/workspace/mnt/ozone/hadoop-ozone/integration-test/target/test-dir/MiniOzoneClusterImpl-a7962e3b-f01b-438a-a70b-bc4bb46fea7a/datanode-2/data/ratis/8c1d8211-36e8-4d41-83bf-19632b9c0a65/sm/snapshot.1_0 time:2
2020-07-16 21:58:35,356 [4c89fc7b-ea3a-41c4-95af-82e0047110c2@group-19632B9C0A65-StateMachineUpdater] INFO  impl.StateMachineUpdater (StateMachineUpdater.java:takeSnapshot(277)) - 4c89fc7b-ea3a-41c4-95af-82e0047110c2@group-19632B9C0A65-StateMachineUpdater: Took a snapshot at index 0
2020-07-16 21:58:35,356 [4c89fc7b-ea3a-41c4-95af-82e0047110c2@group-19632B9C0A65-StateMachineUpdater] INFO  impl.StateMachineUpdater (StateMachineUpdater.java:lambda$new$0(87)) - 4c89fc7b-ea3a-41c4-95af-82e0047110c2@group-19632B9C0A65-StateMachineUpdater: snapshotIndex: updateIncreasingly -1 -> 0
2020-07-16 21:58:35,356 [4c89fc7b-ea3a-41c4-95af-82e0047110c2@group-19632B9C0A65-StateMachineUpdater] INFO  metrics.RatisMetrics (RatisMetrics.java:unregister(43)) - Unregistering Metrics Registry : ratis.state_machine.4c89fc7b-ea3a-41c4-95af-82e0047110c2@group-19632B9C0A65
2020-07-16 21:58:35,356 [ForkJoinPool.commonPool-worker-1] INFO  impl.RaftServerImpl (ServerState.java:close(387)) - 4c89fc7b-ea3a-41c4-95af-82e0047110c2@group-19632B9C0A65: closes. applyIndex: 0
2020-07-16 21:58:35,357 [Listener at 127.0.0.1/46707] INFO  impl.RaftServerImpl (ServerState.java:close(387)) - fed52763-551e-41ff-9d0c-bcac1cecd791@group-60C4CD486433: closes. applyIndex: 0
2020-07-16 21:58:35,357 [4c89fc7b-ea3a-41c4-95af-82e0047110c2@group-19632B9C0A65-SegmentedRaftLogWorker] INFO  segmented.SegmentedRaftLogWorker (SegmentedRaftLogWorker.java:run(327)) - 4c89fc7b-ea3a-41c4-95af-82e0047110c2@group-19632B9C0A65-SegmentedRaftLogWorker was interrupted, exiting. There are 0 tasks remaining in the queue.
2020-07-16 21:58:35,359 [ForkJoinPool.commonPool-worker-1] INFO  segmented.SegmentedRaftLogWorker (SegmentedRaftLogWorker.java:close(234)) - 4c89fc7b-ea3a-41c4-95af-82e0047110c2@group-19632B9C0A65-SegmentedRaftLogWorker close()
2020-07-16 21:58:35,359 [fed52763-551e-41ff-9d0c-bcac1cecd791@group-60C4CD486433-SegmentedRaftLogWorker] INFO  segmented.SegmentedRaftLogWorker (SegmentedRaftLogWorker.java:run(327)) - fed52763-551e-41ff-9d0c-bcac1cecd791@group-60C4CD486433-SegmentedRaftLogWorker was interrupted, exiting. There are 0 tasks remaining in the queue.
2020-07-16 21:58:35,360 [ForkJoinPool.commonPool-worker-1] INFO  metrics.RatisMetrics (RatisMetrics.java:unregister(43)) - Unregistering Metrics Registry : ratis.log_worker.4c89fc7b-ea3a-41c4-95af-82e0047110c2@group-19632B9C0A65
2020-07-16 21:58:35,360 [Listener at 127.0.0.1/46707] INFO  segmented.SegmentedRaftLogWorker (SegmentedRaftLogWorker.java:close(234)) - fed52763-551e-41ff-9d0c-bcac1cecd791@group-60C4CD486433-SegmentedRaftLogWorker close()
2020-07-16 21:58:35,360 [ForkJoinPool.commonPool-worker-1] INFO  metrics.RatisMetrics (RatisMetrics.java:unregister(43)) - Unregistering Metrics Registry : ratis.leader_election.4c89fc7b-ea3a-41c4-95af-82e0047110c2@group-19632B9C0A65
2020-07-16 21:58:35,362 [ForkJoinPool.commonPool-worker-1] INFO  metrics.RatisMetrics (RatisMetrics.java:unregister(43)) - Unregistering Metrics Registry : ratis.server.4c89fc7b-ea3a-41c4-95af-82e0047110c2@group-19632B9C0A65
2020-07-16 21:58:35,362 [ForkJoinPool.commonPool-worker-1] INFO  impl.RaftServerImpl (RaftServerImpl.java:lambda$shutdown$3(252)) - 4c89fc7b-ea3a-41c4-95af-82e0047110c2@group-F3BBE80AF587: shutdown
2020-07-16 21:58:35,362 [ForkJoinPool.commonPool-worker-1] INFO  util.JmxRegister (JmxRegister.java:unregister(73)) - Successfully un-registered JMX Bean with object name Ratis:service=RaftServer,group=group-F3BBE80AF587,id=4c89fc7b-ea3a-41c4-95af-82e0047110c2
2020-07-16 21:58:35,362 [ForkJoinPool.commonPool-worker-1] INFO  impl.RoleInfo (RoleInfo.java:shutdownFollowerState(121)) - 4c89fc7b-ea3a-41c4-95af-82e0047110c2: shutdown FollowerState
2020-07-16 21:58:35,362 [ForkJoinPool.commonPool-worker-1] INFO  impl.StateMachineUpdater (StateMachineUpdater.java:stopAndJoin(142)) - 4c89fc7b-ea3a-41c4-95af-82e0047110c2@group-F3BBE80AF587-StateMachineUpdater: set stopIndex = -1
2020-07-16 21:58:35,362 [4c89fc7b-ea3a-41c4-95af-82e0047110c2@group-F3BBE80AF587-StateMachineUpdater] INFO  metrics.RatisMetrics (RatisMetrics.java:unregister(43)) - Unregistering Metrics Registry : ratis.state_machine.4c89fc7b-ea3a-41c4-95af-82e0047110c2@group-F3BBE80AF587
2020-07-16 21:58:35,362 [Thread-1377] INFO  impl.FollowerState (FollowerState.java:run(117)) - 4c89fc7b-ea3a-41c4-95af-82e0047110c2@group-F3BBE80AF587-FollowerState was interrupted: java.lang.InterruptedException: sleep interrupted
2020-07-16 21:58:35,363 [ForkJoinPool.commonPool-worker-1] INFO  impl.RaftServerImpl (ServerState.java:close(387)) - 4c89fc7b-ea3a-41c4-95af-82e0047110c2@group-F3BBE80AF587: closes. applyIndex: -1
2020-07-16 21:58:35,363 [Listener at 127.0.0.1/46707] INFO  metrics.RatisMetrics (RatisMetrics.java:unregister(43)) - Unregistering Metrics Registry : ratis.log_worker.fed52763-551e-41ff-9d0c-bcac1cecd791@group-60C4CD486433
2020-07-16 21:58:35,363 [4c89fc7b-ea3a-41c4-95af-82e0047110c2@group-F3BBE80AF587-SegmentedRaftLogWorker] INFO  segmented.SegmentedRaftLogWorker (SegmentedRaftLogWorker.java:run(327)) - 4c89fc7b-ea3a-41c4-95af-82e0047110c2@group-F3BBE80AF587-SegmentedRaftLogWorker was interrupted, exiting. There are 0 tasks remaining in the queue.
2020-07-16 21:58:35,363 [Listener at 127.0.0.1/46707] INFO  metrics.RatisMetrics (RatisMetrics.java:unregister(43)) - Unregistering Metrics Registry : ratis.leader_election.fed52763-551e-41ff-9d0c-bcac1cecd791@group-60C4CD486433
2020-07-16 21:58:35,364 [Listener at 127.0.0.1/46707] INFO  metrics.RatisMetrics (RatisMetrics.java:unregister(43)) - Unregistering Metrics Registry : ratis.server.fed52763-551e-41ff-9d0c-bcac1cecd791@group-60C4CD486433
2020-07-16 21:58:35,364 [Listener at 127.0.0.1/46707] INFO  impl.RaftServerImpl (RaftServerImpl.java:lambda$shutdown$3(252)) - fed52763-551e-41ff-9d0c-bcac1cecd791@group-E073253F6CE3: shutdown
2020-07-16 21:58:35,364 [Listener at 127.0.0.1/46707] INFO  util.JmxRegister (JmxRegister.java:unregister(73)) - Successfully un-registered JMX Bean with object name Ratis:service=RaftServer,group=group-E073253F6CE3,id=fed52763-551e-41ff-9d0c-bcac1cecd791
2020-07-16 21:58:35,364 [Listener at 127.0.0.1/46707] INFO  impl.RoleInfo (RoleInfo.java:shutdownFollowerState(121)) - fed52763-551e-41ff-9d0c-bcac1cecd791: shutdown FollowerState
2020-07-16 21:58:35,364 [ForkJoinPool.commonPool-worker-1] INFO  segmented.SegmentedRaftLogWorker (SegmentedRaftLogWorker.java:close(234)) - 4c89fc7b-ea3a-41c4-95af-82e0047110c2@group-F3BBE80AF587-SegmentedRaftLogWorker close()
2020-07-16 21:58:35,365 [Thread-1333] INFO  impl.FollowerState (FollowerState.java:run(117)) - fed52763-551e-41ff-9d0c-bcac1cecd791@group-E073253F6CE3-FollowerState was interrupted: java.lang.InterruptedException: sleep interrupted
2020-07-16 21:58:35,366 [ForkJoinPool.commonPool-worker-1] INFO  metrics.RatisMetrics (RatisMetrics.java:unregister(43)) - Unregistering Metrics Registry : ratis.log_worker.4c89fc7b-ea3a-41c4-95af-82e0047110c2@group-F3BBE80AF587
2020-07-16 21:58:35,366 [ForkJoinPool.commonPool-worker-1] INFO  metrics.RatisMetrics (RatisMetrics.java:unregister(43)) - Unregistering Metrics Registry : ratis.leader_election.4c89fc7b-ea3a-41c4-95af-82e0047110c2@group-F3BBE80AF587
2020-07-16 21:58:35,366 [ForkJoinPool.commonPool-worker-1] INFO  metrics.RatisMetrics (RatisMetrics.java:unregister(43)) - Unregistering Metrics Registry : ratis.server.4c89fc7b-ea3a-41c4-95af-82e0047110c2@group-F3BBE80AF587
2020-07-16 21:58:35,366 [ForkJoinPool.commonPool-worker-1] INFO  server.GrpcService (GrpcService.java:closeImpl(166)) - 4c89fc7b-ea3a-41c4-95af-82e0047110c2: shutdown server with port 38513 now
2020-07-16 21:58:35,368 [fed52763-551e-41ff-9d0c-bcac1cecd791@group-E073253F6CE3-StateMachineUpdater] INFO  ratis.ContainerStateMachine (ContainerStateMachine.java:takeSnapshot(293)) - group-E073253F6CE3: Taking a snapshot at:(t:1, i:0) file /github/workspace/mnt/ozone/hadoop-ozone/integration-test/target/test-dir/MiniOzoneClusterImpl-a7962e3b-f01b-438a-a70b-bc4bb46fea7a/datanode-4/data/ratis/7bc9ce0d-6e07-4883-8848-e073253f6ce3/sm/snapshot.1_0
2020-07-16 21:58:35,368 [Listener at 127.0.0.1/46707] INFO  impl.StateMachineUpdater (StateMachineUpdater.java:stopAndJoin(142)) - fed52763-551e-41ff-9d0c-bcac1cecd791@group-E073253F6CE3-StateMachineUpdater: set stopIndex = 0
2020-07-16 21:58:35,368 [ForkJoinPool.commonPool-worker-1] INFO  server.GrpcService (GrpcService.java:closeImpl(174)) - 4c89fc7b-ea3a-41c4-95af-82e0047110c2: shutdown server with port 38513 successfully
2020-07-16 21:58:35,369 [fed52763-551e-41ff-9d0c-bcac1cecd791@group-E073253F6CE3-StateMachineUpdater] INFO  ratis.ContainerStateMachine (ContainerStateMachine.java:takeSnapshot(304)) - group-E073253F6CE3: Finished taking a snapshot at:(t:1, i:0) file:/github/workspace/mnt/ozone/hadoop-ozone/integration-test/target/test-dir/MiniOzoneClusterImpl-a7962e3b-f01b-438a-a70b-bc4bb46fea7a/datanode-4/data/ratis/7bc9ce0d-6e07-4883-8848-e073253f6ce3/sm/snapshot.1_0 time:1
2020-07-16 21:58:35,369 [fed52763-551e-41ff-9d0c-bcac1cecd791@group-E073253F6CE3-StateMachineUpdater] INFO  impl.StateMachineUpdater (StateMachineUpdater.java:takeSnapshot(277)) - fed52763-551e-41ff-9d0c-bcac1cecd791@group-E073253F6CE3-StateMachineUpdater: Took a snapshot at index 0
2020-07-16 21:58:35,369 [fed52763-551e-41ff-9d0c-bcac1cecd791@group-E073253F6CE3-StateMachineUpdater] INFO  impl.StateMachineUpdater (StateMachineUpdater.java:lambda$new$0(87)) - fed52763-551e-41ff-9d0c-bcac1cecd791@group-E073253F6CE3-StateMachineUpdater: snapshotIndex: updateIncreasingly -1 -> 0
2020-07-16 21:58:35,369 [fed52763-551e-41ff-9d0c-bcac1cecd791@group-E073253F6CE3-StateMachineUpdater] INFO  metrics.RatisMetrics (RatisMetrics.java:unregister(43)) - Unregistering Metrics Registry : ratis.state_machine.fed52763-551e-41ff-9d0c-bcac1cecd791@group-E073253F6CE3
2020-07-16 21:58:35,369 [Listener at 127.0.0.1/46707] INFO  impl.RaftServerImpl (ServerState.java:close(387)) - fed52763-551e-41ff-9d0c-bcac1cecd791@group-E073253F6CE3: closes. applyIndex: 0
2020-07-16 21:58:35,369 [fed52763-551e-41ff-9d0c-bcac1cecd791@group-E073253F6CE3-SegmentedRaftLogWorker] INFO  segmented.SegmentedRaftLogWorker (SegmentedRaftLogWorker.java:run(327)) - fed52763-551e-41ff-9d0c-bcac1cecd791@group-E073253F6CE3-SegmentedRaftLogWorker was interrupted, exiting. There are 0 tasks remaining in the queue.
2020-07-16 21:58:35,370 [Listener at 127.0.0.1/46707] INFO  segmented.SegmentedRaftLogWorker (SegmentedRaftLogWorker.java:close(234)) - fed52763-551e-41ff-9d0c-bcac1cecd791@group-E073253F6CE3-SegmentedRaftLogWorker close()
2020-07-16 21:58:35,371 [ForkJoinPool.commonPool-worker-1] INFO  utils.BackgroundService (BackgroundService.java:shutdown(157)) - Shutting down service BlockDeletingService
2020-07-16 21:58:35,373 [Listener at 127.0.0.1/46707] INFO  metrics.RatisMetrics (RatisMetrics.java:unregister(43)) - Unregistering Metrics Registry : ratis.log_worker.fed52763-551e-41ff-9d0c-bcac1cecd791@group-E073253F6CE3
2020-07-16 21:58:35,373 [Listener at 127.0.0.1/46707] INFO  metrics.RatisMetrics (RatisMetrics.java:unregister(43)) - Unregistering Metrics Registry : ratis.leader_election.fed52763-551e-41ff-9d0c-bcac1cecd791@group-E073253F6CE3
2020-07-16 21:58:35,374 [Listener at 127.0.0.1/46707] INFO  metrics.RatisMetrics (RatisMetrics.java:unregister(43)) - Unregistering Metrics Registry : ratis.server.fed52763-551e-41ff-9d0c-bcac1cecd791@group-E073253F6CE3
2020-07-16 21:58:35,374 [Listener at 127.0.0.1/46707] INFO  server.GrpcService (GrpcService.java:closeImpl(166)) - fed52763-551e-41ff-9d0c-bcac1cecd791: shutdown server with port 46417 now
2020-07-16 21:58:35,377 [grpc-default-executor-2] WARN  server.GrpcServerProtocolService (LogUtils.java:warn(122)) - fed52763-551e-41ff-9d0c-bcac1cecd791: installSnapshot onError, lastRequest: b6196858-fcec-41fa-b0a0-ecf9f0ef7020->fed52763-551e-41ff-9d0c-bcac1cecd791#1-t1, previous=(t:0, i:0), leaderCommit=0, initializing? false, entries: size=1, first=(t:1, i:0), CONFIGURATIONENTRY: org.apache.ratis.thirdparty.io.grpc.StatusRuntimeException: CANCELLED: cancelled before receiving half close
2020-07-16 21:58:35,377 [Listener at 127.0.0.1/46707] INFO  server.GrpcService (GrpcService.java:closeImpl(174)) - fed52763-551e-41ff-9d0c-bcac1cecd791: shutdown server with port 46417 successfully
2020-07-16 21:58:35,377 [grpc-default-executor-4] WARN  server.GrpcLogAppender (LogUtils.java:warn(122)) - b6196858-fcec-41fa-b0a0-ecf9f0ef7020@group-E073253F6CE3->fed52763-551e-41ff-9d0c-bcac1cecd791-AppendLogResponseHandler: Failed appendEntries: org.apache.ratis.thirdparty.io.grpc.StatusRuntimeException: CANCELLED: HTTP/2 error code: CANCEL
Received Rst Stream
2020-07-16 21:58:35,378 [grpc-default-executor-4] INFO  impl.FollowerInfo (FollowerInfo.java:lambda$new$0(51)) - b6196858-fcec-41fa-b0a0-ecf9f0ef7020@group-E073253F6CE3->fed52763-551e-41ff-9d0c-bcac1cecd791: nextIndex: updateUnconditionally 1 -> 0
2020-07-16 21:58:35,378 [ForkJoinPool.commonPool-worker-1] INFO  statemachine.DatanodeStateMachine (DatanodeStateMachine.java:stopDaemon(428)) - Ozone container server stopped.
2020-07-16 21:58:35,378 [Listener at 127.0.0.1/46707] INFO  utils.BackgroundService (BackgroundService.java:shutdown(157)) - Shutting down service BlockDeletingService
2020-07-16 21:58:35,387 [ForkJoinPool.commonPool-worker-1] INFO  handler.ContextHandler (ContextHandler.java:doStop(1016)) - Stopped o.e.j.w.WebAppContext@6e1ece3d{hddsDatanode,/,null,UNAVAILABLE}{jar:file:/home/user/.m2/repository/org/apache/hadoop/hadoop-hdds-container-service/0.6.0-SNAPSHOT/hadoop-hdds-container-service-0.6.0-SNAPSHOT.jar!/webapps/hddsDatanode}
2020-07-16 21:58:35,391 [Listener at 127.0.0.1/46707] INFO  statemachine.DatanodeStateMachine (DatanodeStateMachine.java:stopDaemon(428)) - Ozone container server stopped.
2020-07-16 21:58:35,392 [ForkJoinPool.commonPool-worker-1] INFO  server.AbstractConnector (AbstractConnector.java:doStop(380)) - Stopped ServerConnector@491665ab{HTTP/1.1,[http/1.1]}{0.0.0.0:0}
2020-07-16 21:58:35,392 [ForkJoinPool.commonPool-worker-1] INFO  server.session (HouseKeeper.java:stopScavenging(158)) - node0 Stopped scavenging
2020-07-16 21:58:35,393 [ForkJoinPool.commonPool-worker-1] INFO  handler.ContextHandler (ContextHandler.java:doStop(1016)) - Stopped o.e.j.s.ServletContextHandler@47fc346e{static,/static,jar:file:/home/user/.m2/repository/org/apache/hadoop/hadoop-hdds-container-service/0.6.0-SNAPSHOT/hadoop-hdds-container-service-0.6.0-SNAPSHOT.jar!/webapps/static,UNAVAILABLE}
2020-07-16 21:58:35,394 [ForkJoinPool.commonPool-worker-1] INFO  handler.ContextHandler (ContextHandler.java:doStop(1016)) - Stopped o.e.j.s.ServletContextHandler@5c2900ed{logs,/logs,file:///github/workspace/mnt/ozone/hadoop-ozone/integration-test/target/log,UNAVAILABLE}
2020-07-16 21:58:35,400 [Listener at 127.0.0.1/46707] INFO  handler.ContextHandler (ContextHandler.java:doStop(1016)) - Stopped o.e.j.w.WebAppContext@7a6cd9e0{hddsDatanode,/,null,UNAVAILABLE}{jar:file:/home/user/.m2/repository/org/apache/hadoop/hadoop-hdds-container-service/0.6.0-SNAPSHOT/hadoop-hdds-container-service-0.6.0-SNAPSHOT.jar!/webapps/hddsDatanode}
2020-07-16 21:58:35,400 [Listener at 127.0.0.1/46707] INFO  server.AbstractConnector (AbstractConnector.java:doStop(380)) - Stopped ServerConnector@278e4dc4{HTTP/1.1,[http/1.1]}{0.0.0.0:0}
2020-07-16 21:58:35,400 [Listener at 127.0.0.1/46707] INFO  server.session (HouseKeeper.java:stopScavenging(158)) - node0 Stopped scavenging
2020-07-16 21:58:35,401 [Listener at 127.0.0.1/46707] INFO  handler.ContextHandler (ContextHandler.java:doStop(1016)) - Stopped o.e.j.s.ServletContextHandler@3feafba2{static,/static,jar:file:/home/user/.m2/repository/org/apache/hadoop/hadoop-hdds-container-service/0.6.0-SNAPSHOT/hadoop-hdds-container-service-0.6.0-SNAPSHOT.jar!/webapps/static,UNAVAILABLE}
2020-07-16 21:58:35,401 [Listener at 127.0.0.1/46707] INFO  handler.ContextHandler (ContextHandler.java:doStop(1016)) - Stopped o.e.j.s.ServletContextHandler@38c1b8d0{logs,/logs,file:///github/workspace/mnt/ozone/hadoop-ozone/integration-test/target/log,UNAVAILABLE}
2020-07-16 21:58:35,527 [Thread-1375] INFO  impl.FollowerState (FollowerState.java:run(108)) - 0cd7fb39-f112-4f4e-916c-e67208469a58@group-F3BBE80AF587-FollowerState: change to CANDIDATE, lastRpcTime:5170ms, electionTimeout:5165ms
2020-07-16 21:58:35,527 [Thread-1375] INFO  impl.RoleInfo (RoleInfo.java:shutdownFollowerState(121)) - 0cd7fb39-f112-4f4e-916c-e67208469a58: shutdown FollowerState
2020-07-16 21:58:35,528 [Thread-1375] INFO  impl.RaftServerImpl (RaftServerImpl.java:setRole(175)) - 0cd7fb39-f112-4f4e-916c-e67208469a58@group-F3BBE80AF587: changes role from  FOLLOWER to CANDIDATE at term 0 for changeToCandidate
2020-07-16 21:58:35,528 [Thread-1375] INFO  impl.RoleInfo (RoleInfo.java:updateAndGet(143)) - 0cd7fb39-f112-4f4e-916c-e67208469a58: start LeaderElection
2020-07-16 21:58:35,533 [0cd7fb39-f112-4f4e-916c-e67208469a58@group-F3BBE80AF587-LeaderElection43] INFO  impl.LeaderElection (LeaderElection.java:askForVotes(206)) - 0cd7fb39-f112-4f4e-916c-e67208469a58@group-F3BBE80AF587-LeaderElection43: begin an election at term 1 for -1: [29df65de-cb89-45e9-879e-f172419ab480:172.17.0.2:39233, 4c89fc7b-ea3a-41c4-95af-82e0047110c2:172.17.0.2:38513, 0cd7fb39-f112-4f4e-916c-e67208469a58:172.17.0.2:44789], old=null
2020-07-16 21:58:35,539 [grpc-default-executor-4] INFO  impl.RaftServerImpl (RaftServerImpl.java:setRole(175)) - 29df65de-cb89-45e9-879e-f172419ab480@group-F3BBE80AF587: changes role from  FOLLOWER to FOLLOWER at term 1 for recognizeCandidate:0cd7fb39-f112-4f4e-916c-e67208469a58
2020-07-16 21:58:35,539 [grpc-default-executor-4] INFO  impl.RoleInfo (RoleInfo.java:shutdownFollowerState(121)) - 29df65de-cb89-45e9-879e-f172419ab480: shutdown FollowerState
2020-07-16 21:58:35,539 [grpc-default-executor-4] INFO  impl.RoleInfo (RoleInfo.java:updateAndGet(143)) - 29df65de-cb89-45e9-879e-f172419ab480: start FollowerState
2020-07-16 21:58:35,540 [Thread-1380] INFO  impl.FollowerState (FollowerState.java:run(117)) - 29df65de-cb89-45e9-879e-f172419ab480@group-F3BBE80AF587-FollowerState was interrupted: java.lang.InterruptedException: sleep interrupted
2020-07-16 21:58:35,542 [0cd7fb39-f112-4f4e-916c-e67208469a58@group-F3BBE80AF587-LeaderElection43] INFO  impl.LeaderElection (LogUtils.java:infoOrTrace(137)) - 0cd7fb39-f112-4f4e-916c-e67208469a58@group-F3BBE80AF587-LeaderElection43 got exception when requesting votes: java.util.concurrent.ExecutionException: org.apache.ratis.thirdparty.io.grpc.StatusRuntimeException: UNAVAILABLE: io exception
2020-07-16 21:58:35,542 [0cd7fb39-f112-4f4e-916c-e67208469a58@group-F3BBE80AF587-LeaderElection43] INFO  impl.LeaderElection (LeaderElection.java:logAndReturn(61)) - 0cd7fb39-f112-4f4e-916c-e67208469a58@group-F3BBE80AF587-LeaderElection43: Election PASSED; received 1 response(s) [0cd7fb39-f112-4f4e-916c-e67208469a58<-29df65de-cb89-45e9-879e-f172419ab480#0:OK-t1] and 1 exception(s); 0cd7fb39-f112-4f4e-916c-e67208469a58@group-F3BBE80AF587:t1, leader=null, voted=0cd7fb39-f112-4f4e-916c-e67208469a58, raftlog=0cd7fb39-f112-4f4e-916c-e67208469a58@group-F3BBE80AF587-SegmentedRaftLog:OPENED:c-1,f-1,i0, conf=-1: [29df65de-cb89-45e9-879e-f172419ab480:172.17.0.2:39233, 4c89fc7b-ea3a-41c4-95af-82e0047110c2:172.17.0.2:38513, 0cd7fb39-f112-4f4e-916c-e67208469a58:172.17.0.2:44789], old=null
2020-07-16 21:58:35,543 [0cd7fb39-f112-4f4e-916c-e67208469a58@group-F3BBE80AF587-LeaderElection43] INFO  impl.LeaderElection (LogUtils.java:infoOrTrace(137)) -   Exception 0: java.util.concurrent.ExecutionException: org.apache.ratis.thirdparty.io.grpc.StatusRuntimeException: UNAVAILABLE: io exception
2020-07-16 21:58:35,543 [0cd7fb39-f112-4f4e-916c-e67208469a58@group-F3BBE80AF587-LeaderElection43] INFO  impl.RoleInfo (RoleInfo.java:shutdownLeaderElection(134)) - 0cd7fb39-f112-4f4e-916c-e67208469a58: shutdown LeaderElection
2020-07-16 21:58:35,543 [0cd7fb39-f112-4f4e-916c-e67208469a58@group-F3BBE80AF587-LeaderElection43] INFO  impl.RaftServerImpl (RaftServerImpl.java:setRole(175)) - 0cd7fb39-f112-4f4e-916c-e67208469a58@group-F3BBE80AF587: changes role from CANDIDATE to LEADER at term 1 for changeToLeader
2020-07-16 21:58:35,543 [0cd7fb39-f112-4f4e-916c-e67208469a58@group-F3BBE80AF587-LeaderElection43] INFO  ratis.XceiverServerRatis (XceiverServerRatis.java:handleLeaderChangedNotification(820)) - Leader change notification received for group: group-F3BBE80AF587 with new leaderId: 0cd7fb39-f112-4f4e-916c-e67208469a58
2020-07-16 21:58:35,543 [0cd7fb39-f112-4f4e-916c-e67208469a58@group-F3BBE80AF587-LeaderElection43] INFO  impl.RaftServerImpl (ServerState.java:setLeader(255)) - 0cd7fb39-f112-4f4e-916c-e67208469a58@group-F3BBE80AF587: change Leader from null to 0cd7fb39-f112-4f4e-916c-e67208469a58 at term 1 for becomeLeader, leader elected after 5197ms
2020-07-16 21:58:35,543 [0cd7fb39-f112-4f4e-916c-e67208469a58@group-F3BBE80AF587-LeaderElection43] INFO  server.RaftServerConfigKeys (ConfUtils.java:logGet(44)) - raft.server.staging.catchup.gap = 1000 (default)
2020-07-16 21:58:35,543 [0cd7fb39-f112-4f4e-916c-e67208469a58@group-F3BBE80AF587-LeaderElection43] INFO  server.RaftServerConfigKeys (ConfUtils.java:logGet(44)) - raft.server.rpc.sleep.time = 25ms (default)
2020-07-16 21:58:35,543 [0cd7fb39-f112-4f4e-916c-e67208469a58@group-F3BBE80AF587-LeaderElection43] INFO  metrics.RatisMetrics (RatisMetrics.java:lambda$create$0(36)) - Creating Metrics Registry : ratis.log_appender.0cd7fb39-f112-4f4e-916c-e67208469a58@group-F3BBE80AF587
2020-07-16 21:58:35,543 [0cd7fb39-f112-4f4e-916c-e67208469a58@group-F3BBE80AF587-LeaderElection43] INFO  server.RaftServerConfigKeys (ConfUtils.java:logGet(44)) - raft.server.write.element-limit = 1024 (custom)
2020-07-16 21:58:35,543 [0cd7fb39-f112-4f4e-916c-e67208469a58@group-F3BBE80AF587-LeaderElection43] INFO  server.RaftServerConfigKeys (ConfUtils.java:logGet(44)) - raft.server.write.byte-limit = 1073741824 (custom)
2020-07-16 21:58:35,544 [0cd7fb39-f112-4f4e-916c-e67208469a58@group-F3BBE80AF587-LeaderElection43] INFO  server.RaftServerConfigKeys (ConfUtils.java:logGet(44)) - raft.server.watch.timeout = 3000ms (custom)
2020-07-16 21:58:35,544 [0cd7fb39-f112-4f4e-916c-e67208469a58@group-F3BBE80AF587-LeaderElection43] INFO  server.RaftServerConfigKeys (ConfUtils.java:logGet(44)) - raft.server.watch.timeout.denomination = 1s (default)
2020-07-16 21:58:35,544 [0cd7fb39-f112-4f4e-916c-e67208469a58@group-F3BBE80AF587-LeaderElection43] INFO  server.RaftServerConfigKeys (ConfUtils.java:logGet(44)) - raft.server.watch.element-limit = 65536 (default)
2020-07-16 21:58:35,544 [0cd7fb39-f112-4f4e-916c-e67208469a58@group-F3BBE80AF587-LeaderElection43] INFO  server.RaftServerConfigKeys (ConfUtils.java:logGet(44)) - raft.server.log.appender.snapshot.chunk.size.max = 16MB (=16777216) (default)
2020-07-16 21:58:35,544 [0cd7fb39-f112-4f4e-916c-e67208469a58@group-F3BBE80AF587-LeaderElection43] INFO  server.RaftServerConfigKeys (ConfUtils.java:logGet(44)) - raft.server.log.appender.buffer.byte-limit = 33554432 (custom)
2020-07-16 21:58:35,544 [0cd7fb39-f112-4f4e-916c-e67208469a58@group-F3BBE80AF587-LeaderElection43] INFO  server.RaftServerConfigKeys (ConfUtils.java:logGet(44)) - raft.server.log.appender.buffer.element-limit = 1 (custom)
2020-07-16 21:58:35,544 [0cd7fb39-f112-4f4e-916c-e67208469a58@group-F3BBE80AF587-LeaderElection43] INFO  grpc.GrpcConfigKeys (ConfUtils.java:logGet(44)) - raft.grpc.server.leader.outstanding.appends.max = 128 (default)
2020-07-16 21:58:35,544 [0cd7fb39-f112-4f4e-916c-e67208469a58@group-F3BBE80AF587-LeaderElection43] INFO  server.RaftServerConfigKeys (ConfUtils.java:logGet(44)) - raft.server.rpc.request.timeout = 3000ms (default)
2020-07-16 21:58:35,544 [0cd7fb39-f112-4f4e-916c-e67208469a58@group-F3BBE80AF587-LeaderElection43] INFO  server.RaftServerConfigKeys (ConfUtils.java:logGet(44)) - raft.server.log.appender.install.snapshot.enabled = false (custom)
2020-07-16 21:58:35,544 [0cd7fb39-f112-4f4e-916c-e67208469a58@group-F3BBE80AF587-LeaderElection43] INFO  metrics.RatisMetrics (RatisMetrics.java:lambda$create$0(36)) - Creating Metrics Registry : ratis_grpc.log_appender.0cd7fb39-f112-4f4e-916c-e67208469a58@group-F3BBE80AF587
2020-07-16 21:58:35,546 [0cd7fb39-f112-4f4e-916c-e67208469a58@group-F3BBE80AF587-LeaderElection43] INFO  server.RaftServerConfigKeys (ConfUtils.java:logGet(44)) - raft.server.log.appender.snapshot.chunk.size.max = 16MB (=16777216) (default)
2020-07-16 21:58:35,546 [0cd7fb39-f112-4f4e-916c-e67208469a58@group-F3BBE80AF587-LeaderElection43] INFO  server.RaftServerConfigKeys (ConfUtils.java:logGet(44)) - raft.server.log.appender.buffer.byte-limit = 33554432 (custom)
2020-07-16 21:58:35,546 [0cd7fb39-f112-4f4e-916c-e67208469a58@group-F3BBE80AF587-LeaderElection43] INFO  server.RaftServerConfigKeys (ConfUtils.java:logGet(44)) - raft.server.log.appender.buffer.element-limit = 1 (custom)
2020-07-16 21:58:35,546 [0cd7fb39-f112-4f4e-916c-e67208469a58@group-F3BBE80AF587-LeaderElection43] INFO  grpc.GrpcConfigKeys (ConfUtils.java:logGet(44)) - raft.grpc.server.leader.outstanding.appends.max = 128 (default)
2020-07-16 21:58:35,546 [0cd7fb39-f112-4f4e-916c-e67208469a58@group-F3BBE80AF587-LeaderElection43] INFO  server.RaftServerConfigKeys (ConfUtils.java:logGet(44)) - raft.server.rpc.request.timeout = 3000ms (default)
2020-07-16 21:58:35,546 [0cd7fb39-f112-4f4e-916c-e67208469a58@group-F3BBE80AF587-LeaderElection43] INFO  server.RaftServerConfigKeys (ConfUtils.java:logGet(44)) - raft.server.log.appender.install.snapshot.enabled = false (custom)
2020-07-16 21:58:35,547 [0cd7fb39-f112-4f4e-916c-e67208469a58@group-F3BBE80AF587-LeaderElection43] INFO  impl.RoleInfo (RoleInfo.java:updateAndGet(143)) - 0cd7fb39-f112-4f4e-916c-e67208469a58: start LeaderState
2020-07-16 21:58:35,548 [0cd7fb39-f112-4f4e-916c-e67208469a58@group-F3BBE80AF587-LeaderElection43] INFO  segmented.SegmentedRaftLogWorker (SegmentedRaftLogWorker.java:startLogSegment(397)) - 0cd7fb39-f112-4f4e-916c-e67208469a58@group-F3BBE80AF587-SegmentedRaftLogWorker: Starting segment from index:0
2020-07-16 21:58:35,550 [0cd7fb39-f112-4f4e-916c-e67208469a58@group-F3BBE80AF587-LeaderElection43] INFO  impl.RaftServerImpl (ServerState.java:setRaftConf(356)) - 0cd7fb39-f112-4f4e-916c-e67208469a58@group-F3BBE80AF587: set configuration 0: [29df65de-cb89-45e9-879e-f172419ab480:172.17.0.2:39233, 4c89fc7b-ea3a-41c4-95af-82e0047110c2:172.17.0.2:38513, 0cd7fb39-f112-4f4e-916c-e67208469a58:172.17.0.2:44789], old=null at 0
2020-07-16 21:58:35,564 [grpc-default-executor-2] INFO  ratis.XceiverServerRatis (XceiverServerRatis.java:handleLeaderChangedNotification(820)) - Leader change notification received for group: group-F3BBE80AF587 with new leaderId: 0cd7fb39-f112-4f4e-916c-e67208469a58
2020-07-16 21:58:35,564 [grpc-default-executor-2] INFO  impl.RaftServerImpl (ServerState.java:setLeader(255)) - 29df65de-cb89-45e9-879e-f172419ab480@group-F3BBE80AF587: change Leader from null to 0cd7fb39-f112-4f4e-916c-e67208469a58 at term 1 for appendEntries, leader elected after 5151ms
2020-07-16 21:58:35,566 [0cd7fb39-f112-4f4e-916c-e67208469a58@group-F3BBE80AF587-SegmentedRaftLogWorker] INFO  segmented.SegmentedRaftLogWorker (SegmentedRaftLogWorker.java:execute(596)) - 0cd7fb39-f112-4f4e-916c-e67208469a58@group-F3BBE80AF587-SegmentedRaftLogWorker: created new log segment /github/workspace/mnt/ozone/hadoop-ozone/integration-test/target/test-dir/MiniOzoneClusterImpl-a7962e3b-f01b-438a-a70b-bc4bb46fea7a/datanode-1/data/ratis/c8c5a125-0566-4971-a639-f3bbe80af587/current/log_inprogress_0
2020-07-16 21:58:35,568 [grpc-default-executor-4] WARN  server.GrpcLogAppender (LogUtils.java:warn(122)) - 0cd7fb39-f112-4f4e-916c-e67208469a58@group-F3BBE80AF587->4c89fc7b-ea3a-41c4-95af-82e0047110c2-AppendLogResponseHandler: Failed appendEntries: org.apache.ratis.thirdparty.io.grpc.StatusRuntimeException: UNAVAILABLE: io exception
2020-07-16 21:58:35,570 [grpc-default-executor-4] INFO  impl.FollowerInfo (FollowerInfo.java:lambda$new$0(51)) - 0cd7fb39-f112-4f4e-916c-e67208469a58@group-F3BBE80AF587->4c89fc7b-ea3a-41c4-95af-82e0047110c2: nextIndex: updateUnconditionally 1 -> 0
2020-07-16 21:58:35,571 [grpc-default-executor-0] INFO  impl.RaftServerImpl (ServerState.java:setRaftConf(356)) - 29df65de-cb89-45e9-879e-f172419ab480@group-F3BBE80AF587: set configuration 0: [29df65de-cb89-45e9-879e-f172419ab480:172.17.0.2:39233, 4c89fc7b-ea3a-41c4-95af-82e0047110c2:172.17.0.2:38513, 0cd7fb39-f112-4f4e-916c-e67208469a58:172.17.0.2:44789], old=null at 0
2020-07-16 21:58:35,572 [grpc-default-executor-0] INFO  segmented.SegmentedRaftLogWorker (SegmentedRaftLogWorker.java:startLogSegment(397)) - 29df65de-cb89-45e9-879e-f172419ab480@group-F3BBE80AF587-SegmentedRaftLogWorker: Starting segment from index:0
2020-07-16 21:58:35,572 [grpc-default-executor-4] WARN  server.GrpcLogAppender (LogUtils.java:warn(122)) - 0cd7fb39-f112-4f4e-916c-e67208469a58@group-F3BBE80AF587->4c89fc7b-ea3a-41c4-95af-82e0047110c2-AppendLogResponseHandler: Failed appendEntries: org.apache.ratis.thirdparty.io.grpc.StatusRuntimeException: UNAVAILABLE: io exception
2020-07-16 21:58:35,573 [grpc-default-executor-4] INFO  impl.FollowerInfo (FollowerInfo.java:lambda$new$0(51)) - 0cd7fb39-f112-4f4e-916c-e67208469a58@group-F3BBE80AF587->4c89fc7b-ea3a-41c4-95af-82e0047110c2: nextIndex: updateUnconditionally 1 -> 0
2020-07-16 21:58:35,574 [29df65de-cb89-45e9-879e-f172419ab480@group-F3BBE80AF587-SegmentedRaftLogWorker] INFO  segmented.SegmentedRaftLogWorker (SegmentedRaftLogWorker.java:execute(596)) - 29df65de-cb89-45e9-879e-f172419ab480@group-F3BBE80AF587-SegmentedRaftLogWorker: created new log segment /github/workspace/mnt/ozone/hadoop-ozone/integration-test/target/test-dir/MiniOzoneClusterImpl-a7962e3b-f01b-438a-a70b-bc4bb46fea7a/datanode-0/data/ratis/c8c5a125-0566-4971-a639-f3bbe80af587/current/log_inprogress_0
2020-07-16 21:58:35,704 [Datanode State Machine Thread - 0] INFO  statemachine.DatanodeStateMachine (DatanodeStateMachine.java:lambda$startDaemon$0(380)) - Ozone container server started.
2020-07-16 21:58:35,877 [Datanode State Machine Thread - 0] INFO  statemachine.DatanodeStateMachine (DatanodeStateMachine.java:lambda$startDaemon$0(380)) - Ozone container server started.
2020-07-16 21:58:37,290 [grpc-default-executor-0] WARN  server.GrpcLogAppender (LogUtils.java:warn(122)) - b6196858-fcec-41fa-b0a0-ecf9f0ef7020@group-E073253F6CE3->fed52763-551e-41ff-9d0c-bcac1cecd791-AppendLogResponseHandler: Failed appendEntries: org.apache.ratis.thirdparty.io.grpc.StatusRuntimeException: UNAVAILABLE: io exception
2020-07-16 21:58:37,290 [grpc-default-executor-0] INFO  impl.FollowerInfo (FollowerInfo.java:lambda$new$0(51)) - b6196858-fcec-41fa-b0a0-ecf9f0ef7020@group-E073253F6CE3->fed52763-551e-41ff-9d0c-bcac1cecd791: nextIndex: updateUnconditionally 1 -> 0
2020-07-16 21:58:38,075 [grpc-default-executor-4] WARN  server.GrpcLogAppender (LogUtils.java:warn(122)) - 0cd7fb39-f112-4f4e-916c-e67208469a58@group-F3BBE80AF587->4c89fc7b-ea3a-41c4-95af-82e0047110c2-AppendLogResponseHandler: Failed appendEntries: org.apache.ratis.thirdparty.io.grpc.StatusRuntimeException: UNAVAILABLE: io exception
2020-07-16 21:58:38,075 [grpc-default-executor-4] INFO  impl.FollowerInfo (FollowerInfo.java:lambda$new$0(51)) - 0cd7fb39-f112-4f4e-916c-e67208469a58@group-F3BBE80AF587->4c89fc7b-ea3a-41c4-95af-82e0047110c2: nextIndex: updateUnconditionally 1 -> 0
2020-07-16 21:58:39,791 [grpc-default-executor-0] WARN  server.GrpcLogAppender (LogUtils.java:warn(122)) - b6196858-fcec-41fa-b0a0-ecf9f0ef7020@group-E073253F6CE3->fed52763-551e-41ff-9d0c-bcac1cecd791-AppendLogResponseHandler: Failed appendEntries: org.apache.ratis.thirdparty.io.grpc.StatusRuntimeException: UNAVAILABLE: io exception
2020-07-16 21:58:39,791 [grpc-default-executor-0] INFO  impl.FollowerInfo (FollowerInfo.java:lambda$new$0(51)) - b6196858-fcec-41fa-b0a0-ecf9f0ef7020@group-E073253F6CE3->fed52763-551e-41ff-9d0c-bcac1cecd791: nextIndex: updateUnconditionally 1 -> 0
2020-07-16 21:58:40,397 [ForkJoinPool.commonPool-worker-1] INFO  ozoneimpl.OzoneContainer (OzoneContainer.java:stop(247)) - Attempting to stop container services.
2020-07-16 21:58:40,398 [ForkJoinPool.commonPool-worker-1] INFO  impl.RaftServerProxy (RaftServerProxy.java:lambda$close$4(319)) - eaaa25a0-e74b-44c9-ae3d-9e81de8ecf32: close
2020-07-16 21:58:40,398 [ForkJoinPool.commonPool-worker-1] INFO  impl.RaftServerImpl (RaftServerImpl.java:lambda$shutdown$3(252)) - eaaa25a0-e74b-44c9-ae3d-9e81de8ecf32@group-F454E035362A: shutdown
2020-07-16 21:58:40,398 [ForkJoinPool.commonPool-worker-1] INFO  util.JmxRegister (JmxRegister.java:unregister(73)) - Successfully un-registered JMX Bean with object name Ratis:service=RaftServer,group=group-F454E035362A,id=eaaa25a0-e74b-44c9-ae3d-9e81de8ecf32
2020-07-16 21:58:40,398 [ForkJoinPool.commonPool-worker-1] INFO  impl.RoleInfo (RoleInfo.java:shutdownLeaderState(104)) - eaaa25a0-e74b-44c9-ae3d-9e81de8ecf32: shutdown LeaderState
2020-07-16 21:58:40,399 [ForkJoinPool.commonPool-worker-1] INFO  impl.PendingRequests (PendingRequests.java:sendNotLeaderResponses(249)) - eaaa25a0-e74b-44c9-ae3d-9e81de8ecf32@group-F454E035362A-PendingRequests: sendNotLeaderResponses
2020-07-16 21:58:40,399 [ForkJoinPool.commonPool-worker-1] INFO  metrics.RatisMetrics (RatisMetrics.java:unregister(43)) - Unregistering Metrics Registry : ratis.log_appender.eaaa25a0-e74b-44c9-ae3d-9e81de8ecf32@group-F454E035362A
2020-07-16 21:58:40,399 [ForkJoinPool.commonPool-worker-1] INFO  metrics.RatisMetrics (RatisMetrics.java:unregister(43)) - Unregistering Metrics Registry : ratis.server.eaaa25a0-e74b-44c9-ae3d-9e81de8ecf32@group-F454E035362A
2020-07-16 21:58:40,401 [eaaa25a0-e74b-44c9-ae3d-9e81de8ecf32@group-F454E035362A-StateMachineUpdater] INFO  ratis.ContainerStateMachine (ContainerStateMachine.java:takeSnapshot(293)) - group-F454E035362A: Taking a snapshot at:(t:1, i:0) file /github/workspace/mnt/ozone/hadoop-ozone/integration-test/target/test-dir/MiniOzoneClusterImpl-a7962e3b-f01b-438a-a70b-bc4bb46fea7a/datanode-3/data/ratis/549a652a-93f6-4487-8d8b-f454e035362a/sm/snapshot.1_0
2020-07-16 21:58:40,401 [ForkJoinPool.commonPool-worker-1] INFO  impl.StateMachineUpdater (StateMachineUpdater.java:stopAndJoin(142)) - eaaa25a0-e74b-44c9-ae3d-9e81de8ecf32@group-F454E035362A-StateMachineUpdater: set stopIndex = 0
2020-07-16 21:58:40,402 [eaaa25a0-e74b-44c9-ae3d-9e81de8ecf32@group-F454E035362A-StateMachineUpdater] INFO  ratis.ContainerStateMachine (ContainerStateMachine.java:takeSnapshot(304)) - group-F454E035362A: Finished taking a snapshot at:(t:1, i:0) file:/github/workspace/mnt/ozone/hadoop-ozone/integration-test/target/test-dir/MiniOzoneClusterImpl-a7962e3b-f01b-438a-a70b-bc4bb46fea7a/datanode-3/data/ratis/549a652a-93f6-4487-8d8b-f454e035362a/sm/snapshot.1_0 time:1
2020-07-16 21:58:40,402 [Listener at 127.0.0.1/46707] INFO  ozoneimpl.OzoneContainer (OzoneContainer.java:stop(247)) - Attempting to stop container services.
2020-07-16 21:58:40,402 [eaaa25a0-e74b-44c9-ae3d-9e81de8ecf32@group-F454E035362A-StateMachineUpdater] INFO  impl.StateMachineUpdater (StateMachineUpdater.java:takeSnapshot(277)) - eaaa25a0-e74b-44c9-ae3d-9e81de8ecf32@group-F454E035362A-StateMachineUpdater: Took a snapshot at index 0
2020-07-16 21:58:40,403 [eaaa25a0-e74b-44c9-ae3d-9e81de8ecf32@group-F454E035362A-StateMachineUpdater] INFO  impl.StateMachineUpdater (StateMachineUpdater.java:lambda$new$0(87)) - eaaa25a0-e74b-44c9-ae3d-9e81de8ecf32@group-F454E035362A-StateMachineUpdater: snapshotIndex: updateIncreasingly -1 -> 0
2020-07-16 21:58:40,403 [Listener at 127.0.0.1/46707] INFO  impl.RaftServerProxy (RaftServerProxy.java:lambda$close$4(319)) - b6196858-fcec-41fa-b0a0-ecf9f0ef7020: close
2020-07-16 21:58:40,403 [eaaa25a0-e74b-44c9-ae3d-9e81de8ecf32@group-F454E035362A-StateMachineUpdater] INFO  metrics.RatisMetrics (RatisMetrics.java:unregister(43)) - Unregistering Metrics Registry : ratis.state_machine.eaaa25a0-e74b-44c9-ae3d-9e81de8ecf32@group-F454E035362A
2020-07-16 21:58:40,403 [Listener at 127.0.0.1/46707] INFO  impl.RaftServerImpl (RaftServerImpl.java:lambda$shutdown$3(252)) - b6196858-fcec-41fa-b0a0-ecf9f0ef7020@group-28C22D7CB340: shutdown
2020-07-16 21:58:40,403 [ForkJoinPool.commonPool-worker-1] INFO  impl.RaftServerImpl (ServerState.java:close(387)) - eaaa25a0-e74b-44c9-ae3d-9e81de8ecf32@group-F454E035362A: closes. applyIndex: 0
2020-07-16 21:58:40,403 [Listener at 127.0.0.1/46707] INFO  util.JmxRegister (JmxRegister.java:unregister(73)) - Successfully un-registered JMX Bean with object name Ratis:service=RaftServer,group=group-28C22D7CB340,id=b6196858-fcec-41fa-b0a0-ecf9f0ef7020
2020-07-16 21:58:40,404 [Listener at 127.0.0.1/46707] INFO  impl.RoleInfo (RoleInfo.java:shutdownLeaderState(104)) - b6196858-fcec-41fa-b0a0-ecf9f0ef7020: shutdown LeaderState
2020-07-16 21:58:40,404 [Listener at 127.0.0.1/46707] INFO  impl.PendingRequests (PendingRequests.java:sendNotLeaderResponses(249)) - b6196858-fcec-41fa-b0a0-ecf9f0ef7020@group-28C22D7CB340-PendingRequests: sendNotLeaderResponses
2020-07-16 21:58:40,404 [Listener at 127.0.0.1/46707] INFO  metrics.RatisMetrics (RatisMetrics.java:unregister(43)) - Unregistering Metrics Registry : ratis.log_appender.b6196858-fcec-41fa-b0a0-ecf9f0ef7020@group-28C22D7CB340
2020-07-16 21:58:40,405 [Listener at 127.0.0.1/46707] INFO  metrics.RatisMetrics (RatisMetrics.java:unregister(43)) - Unregistering Metrics Registry : ratis.server.b6196858-fcec-41fa-b0a0-ecf9f0ef7020@group-28C22D7CB340
2020-07-16 21:58:40,405 [Listener at 127.0.0.1/46707] INFO  impl.StateMachineUpdater (StateMachineUpdater.java:stopAndJoin(142)) - b6196858-fcec-41fa-b0a0-ecf9f0ef7020@group-28C22D7CB340-StateMachineUpdater: set stopIndex = 0
2020-07-16 21:58:40,406 [b6196858-fcec-41fa-b0a0-ecf9f0ef7020@group-28C22D7CB340-StateMachineUpdater] INFO  ratis.ContainerStateMachine (ContainerStateMachine.java:takeSnapshot(293)) - group-28C22D7CB340: Taking a snapshot at:(t:1, i:0) file /github/workspace/mnt/ozone/hadoop-ozone/integration-test/target/test-dir/MiniOzoneClusterImpl-a7962e3b-f01b-438a-a70b-bc4bb46fea7a/datanode-5/data/ratis/b15c2b26-ca1c-4a9c-8b56-28c22d7cb340/sm/snapshot.1_0
2020-07-16 21:58:40,406 [eaaa25a0-e74b-44c9-ae3d-9e81de8ecf32@group-F454E035362A-SegmentedRaftLogWorker] INFO  segmented.SegmentedRaftLogWorker (SegmentedRaftLogWorker.java:run(327)) - eaaa25a0-e74b-44c9-ae3d-9e81de8ecf32@group-F454E035362A-SegmentedRaftLogWorker was interrupted, exiting. There are 0 tasks remaining in the queue.
2020-07-16 21:58:40,407 [b6196858-fcec-41fa-b0a0-ecf9f0ef7020@group-28C22D7CB340-StateMachineUpdater] INFO  ratis.ContainerStateMachine (ContainerStateMachine.java:takeSnapshot(304)) - group-28C22D7CB340: Finished taking a snapshot at:(t:1, i:0) file:/github/workspace/mnt/ozone/hadoop-ozone/integration-test/target/test-dir/MiniOzoneClusterImpl-a7962e3b-f01b-438a-a70b-bc4bb46fea7a/datanode-5/data/ratis/b15c2b26-ca1c-4a9c-8b56-28c22d7cb340/sm/snapshot.1_0 time:1
2020-07-16 21:58:40,407 [b6196858-fcec-41fa-b0a0-ecf9f0ef7020@group-28C22D7CB340-StateMachineUpdater] INFO  impl.StateMachineUpdater (StateMachineUpdater.java:takeSnapshot(277)) - b6196858-fcec-41fa-b0a0-ecf9f0ef7020@group-28C22D7CB340-StateMachineUpdater: Took a snapshot at index 0
2020-07-16 21:58:40,407 [b6196858-fcec-41fa-b0a0-ecf9f0ef7020@group-28C22D7CB340-StateMachineUpdater] INFO  impl.StateMachineUpdater (StateMachineUpdater.java:lambda$new$0(87)) - b6196858-fcec-41fa-b0a0-ecf9f0ef7020@group-28C22D7CB340-StateMachineUpdater: snapshotIndex: updateIncreasingly -1 -> 0
2020-07-16 21:58:40,407 [b6196858-fcec-41fa-b0a0-ecf9f0ef7020@group-28C22D7CB340-StateMachineUpdater] INFO  metrics.RatisMetrics (RatisMetrics.java:unregister(43)) - Unregistering Metrics Registry : ratis.state_machine.b6196858-fcec-41fa-b0a0-ecf9f0ef7020@group-28C22D7CB340
2020-07-16 21:58:40,407 [Listener at 127.0.0.1/46707] INFO  impl.RaftServerImpl (ServerState.java:close(387)) - b6196858-fcec-41fa-b0a0-ecf9f0ef7020@group-28C22D7CB340: closes. applyIndex: 0
2020-07-16 21:58:40,408 [b6196858-fcec-41fa-b0a0-ecf9f0ef7020@group-28C22D7CB340-SegmentedRaftLogWorker] INFO  segmented.SegmentedRaftLogWorker (SegmentedRaftLogWorker.java:run(327)) - b6196858-fcec-41fa-b0a0-ecf9f0ef7020@group-28C22D7CB340-SegmentedRaftLogWorker was interrupted, exiting. There are 0 tasks remaining in the queue.
2020-07-16 21:58:40,408 [ForkJoinPool.commonPool-worker-1] INFO  segmented.SegmentedRaftLogWorker (SegmentedRaftLogWorker.java:close(234)) - eaaa25a0-e74b-44c9-ae3d-9e81de8ecf32@group-F454E035362A-SegmentedRaftLogWorker close()
2020-07-16 21:58:40,409 [Listener at 127.0.0.1/46707] INFO  segmented.SegmentedRaftLogWorker (SegmentedRaftLogWorker.java:close(234)) - b6196858-fcec-41fa-b0a0-ecf9f0ef7020@group-28C22D7CB340-SegmentedRaftLogWorker close()
2020-07-16 21:58:40,409 [ForkJoinPool.commonPool-worker-1] INFO  metrics.RatisMetrics (RatisMetrics.java:unregister(43)) - Unregistering Metrics Registry : ratis.log_worker.eaaa25a0-e74b-44c9-ae3d-9e81de8ecf32@group-F454E035362A
2020-07-16 21:58:40,410 [Listener at 127.0.0.1/46707] INFO  metrics.RatisMetrics (RatisMetrics.java:unregister(43)) - Unregistering Metrics Registry : ratis.log_worker.b6196858-fcec-41fa-b0a0-ecf9f0ef7020@group-28C22D7CB340
2020-07-16 21:58:40,410 [ForkJoinPool.commonPool-worker-1] INFO  metrics.RatisMetrics (RatisMetrics.java:unregister(43)) - Unregistering Metrics Registry : ratis.leader_election.eaaa25a0-e74b-44c9-ae3d-9e81de8ecf32@group-F454E035362A
2020-07-16 21:58:40,410 [Listener at 127.0.0.1/46707] INFO  metrics.RatisMetrics (RatisMetrics.java:unregister(43)) - Unregistering Metrics Registry : ratis.leader_election.b6196858-fcec-41fa-b0a0-ecf9f0ef7020@group-28C22D7CB340
2020-07-16 21:58:40,410 [Listener at 127.0.0.1/46707] INFO  metrics.RatisMetrics (RatisMetrics.java:unregister(43)) - Unregistering Metrics Registry : ratis.server.b6196858-fcec-41fa-b0a0-ecf9f0ef7020@group-28C22D7CB340
2020-07-16 21:58:40,410 [Listener at 127.0.0.1/46707] INFO  impl.RaftServerImpl (RaftServerImpl.java:lambda$shutdown$3(252)) - b6196858-fcec-41fa-b0a0-ecf9f0ef7020@group-E073253F6CE3: shutdown
2020-07-16 21:58:40,410 [Listener at 127.0.0.1/46707] INFO  util.JmxRegister (JmxRegister.java:unregister(73)) - Successfully un-registered JMX Bean with object name Ratis:service=RaftServer,group=group-E073253F6CE3,id=b6196858-fcec-41fa-b0a0-ecf9f0ef7020
2020-07-16 21:58:40,411 [Listener at 127.0.0.1/46707] INFO  impl.RoleInfo (RoleInfo.java:shutdownLeaderState(104)) - b6196858-fcec-41fa-b0a0-ecf9f0ef7020: shutdown LeaderState
2020-07-16 21:58:40,411 [Listener at 127.0.0.1/46707] INFO  metrics.RatisMetrics (RatisMetrics.java:unregister(43)) - Unregistering Metrics Registry : ratis_grpc.log_appender.b6196858-fcec-41fa-b0a0-ecf9f0ef7020@group-E073253F6CE3
2020-07-16 21:58:40,410 [ForkJoinPool.commonPool-worker-1] INFO  metrics.RatisMetrics (RatisMetrics.java:unregister(43)) - Unregistering Metrics Registry : ratis.server.eaaa25a0-e74b-44c9-ae3d-9e81de8ecf32@group-F454E035362A
2020-07-16 21:58:40,411 [org.apache.ratis.server.impl.LogAppender$AppenderDaemon$$Lambda$439/117110856@7adf6e9b] WARN  server.GrpcLogAppender (GrpcLogAppender.java:mayWait(153)) - b6196858-fcec-41fa-b0a0-ecf9f0ef7020@group-E073253F6CE3->eaaa25a0-e74b-44c9-ae3d-9e81de8ecf32-GrpcLogAppender: Wait interrupted by java.lang.InterruptedException
2020-07-16 21:58:40,411 [Listener at 127.0.0.1/46707] INFO  metrics.RatisMetrics (RatisMetrics.java:unregister(43)) - Unregistering Metrics Registry : ratis_grpc.log_appender.b6196858-fcec-41fa-b0a0-ecf9f0ef7020@group-E073253F6CE3
2020-07-16 21:58:40,413 [org.apache.ratis.server.impl.LogAppender$AppenderDaemon$$Lambda$439/117110856@7297d1d4] WARN  server.GrpcLogAppender (GrpcLogAppender.java:mayWait(153)) - b6196858-fcec-41fa-b0a0-ecf9f0ef7020@group-E073253F6CE3->fed52763-551e-41ff-9d0c-bcac1cecd791-GrpcLogAppender: Wait interrupted by java.lang.InterruptedException
2020-07-16 21:58:40,413 [Listener at 127.0.0.1/46707] INFO  impl.PendingRequests (PendingRequests.java:sendNotLeaderResponses(249)) - b6196858-fcec-41fa-b0a0-ecf9f0ef7020@group-E073253F6CE3-PendingRequests: sendNotLeaderResponses
2020-07-16 21:58:40,413 [ForkJoinPool.commonPool-worker-1] INFO  impl.RaftServerImpl (RaftServerImpl.java:lambda$shutdown$3(252)) - eaaa25a0-e74b-44c9-ae3d-9e81de8ecf32@group-E073253F6CE3: shutdown
2020-07-16 21:58:40,413 [grpc-default-executor-0] INFO  server.GrpcServerProtocolService (GrpcServerProtocolService.java:onCompleted(138)) - eaaa25a0-e74b-44c9-ae3d-9e81de8ecf32: Completed APPEND_ENTRIES, lastRequest: b6196858-fcec-41fa-b0a0-ecf9f0ef7020->eaaa25a0-e74b-44c9-ae3d-9e81de8ecf32#1-t1, previous=(t:0, i:0), leaderCommit=-1, initializing? false, entries: size=1, first=(t:1, i:0), CONFIGURATIONENTRY
2020-07-16 21:58:40,413 [Listener at 127.0.0.1/46707] INFO  metrics.RatisMetrics (RatisMetrics.java:unregister(43)) - Unregistering Metrics Registry : ratis.log_appender.b6196858-fcec-41fa-b0a0-ecf9f0ef7020@group-E073253F6CE3
2020-07-16 21:58:40,413 [Listener at 127.0.0.1/46707] INFO  metrics.RatisMetrics (RatisMetrics.java:unregister(43)) - Unregistering Metrics Registry : ratis.server.b6196858-fcec-41fa-b0a0-ecf9f0ef7020@group-E073253F6CE3
2020-07-16 21:58:40,414 [grpc-default-executor-0] INFO  server.GrpcLogAppender (GrpcLogAppender.java:onCompleted(319)) - b6196858-fcec-41fa-b0a0-ecf9f0ef7020@group-E073253F6CE3->eaaa25a0-e74b-44c9-ae3d-9e81de8ecf32-AppendLogResponseHandler: follower responses appendEntries COMPLETED
2020-07-16 21:58:40,414 [grpc-default-executor-0] INFO  impl.FollowerInfo (FollowerInfo.java:lambda$new$0(51)) - b6196858-fcec-41fa-b0a0-ecf9f0ef7020@group-E073253F6CE3->eaaa25a0-e74b-44c9-ae3d-9e81de8ecf32: nextIndex: updateUnconditionally 1 -> 0
2020-07-16 21:58:40,414 [ForkJoinPool.commonPool-worker-1] INFO  util.JmxRegister (JmxRegister.java:unregister(73)) - Successfully un-registered JMX Bean with object name Ratis:service=RaftServer,group=group-E073253F6CE3,id=eaaa25a0-e74b-44c9-ae3d-9e81de8ecf32
2020-07-16 21:58:40,415 [ForkJoinPool.commonPool-worker-1] INFO  impl.RoleInfo (RoleInfo.java:shutdownFollowerState(121)) - eaaa25a0-e74b-44c9-ae3d-9e81de8ecf32: shutdown FollowerState
2020-07-16 21:58:40,416 [eaaa25a0-e74b-44c9-ae3d-9e81de8ecf32@group-E073253F6CE3-StateMachineUpdater] INFO  ratis.ContainerStateMachine (ContainerStateMachine.java:takeSnapshot(293)) - group-E073253F6CE3: Taking a snapshot at:(t:1, i:0) file /github/workspace/mnt/ozone/hadoop-ozone/integration-test/target/test-dir/MiniOzoneClusterImpl-a7962e3b-f01b-438a-a70b-bc4bb46fea7a/datanode-3/data/ratis/7bc9ce0d-6e07-4883-8848-e073253f6ce3/sm/snapshot.1_0
2020-07-16 21:58:40,416 [ForkJoinPool.commonPool-worker-1] INFO  impl.StateMachineUpdater (StateMachineUpdater.java:stopAndJoin(142)) - eaaa25a0-e74b-44c9-ae3d-9e81de8ecf32@group-E073253F6CE3-StateMachineUpdater: set stopIndex = 0
2020-07-16 21:58:40,416 [Thread-1332] INFO  impl.FollowerState (FollowerState.java:run(117)) - eaaa25a0-e74b-44c9-ae3d-9e81de8ecf32@group-E073253F6CE3-FollowerState was interrupted: java.lang.InterruptedException: sleep interrupted
2020-07-16 21:58:40,417 [eaaa25a0-e74b-44c9-ae3d-9e81de8ecf32@group-E073253F6CE3-StateMachineUpdater] INFO  ratis.ContainerStateMachine (ContainerStateMachine.java:takeSnapshot(304)) - group-E073253F6CE3: Finished taking a snapshot at:(t:1, i:0) file:/github/workspace/mnt/ozone/hadoop-ozone/integration-test/target/test-dir/MiniOzoneClusterImpl-a7962e3b-f01b-438a-a70b-bc4bb46fea7a/datanode-3/data/ratis/7bc9ce0d-6e07-4883-8848-e073253f6ce3/sm/snapshot.1_0 time:2
2020-07-16 21:58:40,417 [eaaa25a0-e74b-44c9-ae3d-9e81de8ecf32@group-E073253F6CE3-StateMachineUpdater] INFO  impl.StateMachineUpdater (StateMachineUpdater.java:takeSnapshot(277)) - eaaa25a0-e74b-44c9-ae3d-9e81de8ecf32@group-E073253F6CE3-StateMachineUpdater: Took a snapshot at index 0
2020-07-16 21:58:40,417 [eaaa25a0-e74b-44c9-ae3d-9e81de8ecf32@group-E073253F6CE3-StateMachineUpdater] INFO  impl.StateMachineUpdater (StateMachineUpdater.java:lambda$new$0(87)) - eaaa25a0-e74b-44c9-ae3d-9e81de8ecf32@group-E073253F6CE3-StateMachineUpdater: snapshotIndex: updateIncreasingly -1 -> 0
2020-07-16 21:58:40,418 [eaaa25a0-e74b-44c9-ae3d-9e81de8ecf32@group-E073253F6CE3-StateMachineUpdater] INFO  metrics.RatisMetrics (RatisMetrics.java:unregister(43)) - Unregistering Metrics Registry : ratis.state_machine.eaaa25a0-e74b-44c9-ae3d-9e81de8ecf32@group-E073253F6CE3
2020-07-16 21:58:40,418 [ForkJoinPool.commonPool-worker-1] INFO  impl.RaftServerImpl (ServerState.java:close(387)) - eaaa25a0-e74b-44c9-ae3d-9e81de8ecf32@group-E073253F6CE3: closes. applyIndex: 0
2020-07-16 21:58:40,418 [eaaa25a0-e74b-44c9-ae3d-9e81de8ecf32@group-E073253F6CE3-SegmentedRaftLogWorker] INFO  segmented.SegmentedRaftLogWorker (SegmentedRaftLogWorker.java:run(327)) - eaaa25a0-e74b-44c9-ae3d-9e81de8ecf32@group-E073253F6CE3-SegmentedRaftLogWorker was interrupted, exiting. There are 0 tasks remaining in the queue.
2020-07-16 21:58:40,419 [ForkJoinPool.commonPool-worker-1] INFO  segmented.SegmentedRaftLogWorker (SegmentedRaftLogWorker.java:close(234)) - eaaa25a0-e74b-44c9-ae3d-9e81de8ecf32@group-E073253F6CE3-SegmentedRaftLogWorker close()
2020-07-16 21:58:40,420 [ForkJoinPool.commonPool-worker-1] INFO  metrics.RatisMetrics (RatisMetrics.java:unregister(43)) - Unregistering Metrics Registry : ratis.log_worker.eaaa25a0-e74b-44c9-ae3d-9e81de8ecf32@group-E073253F6CE3
2020-07-16 21:58:40,421 [ForkJoinPool.commonPool-worker-1] INFO  metrics.RatisMetrics (RatisMetrics.java:unregister(43)) - Unregistering Metrics Registry : ratis.leader_election.eaaa25a0-e74b-44c9-ae3d-9e81de8ecf32@group-E073253F6CE3
2020-07-16 21:58:40,421 [ForkJoinPool.commonPool-worker-1] INFO  metrics.RatisMetrics (RatisMetrics.java:unregister(43)) - Unregistering Metrics Registry : ratis.server.eaaa25a0-e74b-44c9-ae3d-9e81de8ecf32@group-E073253F6CE3
2020-07-16 21:58:40,421 [ForkJoinPool.commonPool-worker-1] INFO  server.GrpcService (GrpcService.java:closeImpl(166)) - eaaa25a0-e74b-44c9-ae3d-9e81de8ecf32: shutdown server with port 34731 now
2020-07-16 21:58:40,421 [ForkJoinPool.commonPool-worker-1] INFO  server.GrpcService (GrpcService.java:closeImpl(174)) - eaaa25a0-e74b-44c9-ae3d-9e81de8ecf32: shutdown server with port 34731 successfully
2020-07-16 21:58:40,422 [Listener at 127.0.0.1/46707] INFO  impl.StateMachineUpdater (StateMachineUpdater.java:stopAndJoin(142)) - b6196858-fcec-41fa-b0a0-ecf9f0ef7020@group-E073253F6CE3-StateMachineUpdater: set stopIndex = 0
2020-07-16 21:58:40,422 [b6196858-fcec-41fa-b0a0-ecf9f0ef7020@group-E073253F6CE3-StateMachineUpdater] INFO  ratis.ContainerStateMachine (ContainerStateMachine.java:takeSnapshot(293)) - group-E073253F6CE3: Taking a snapshot at:(t:1, i:0) file /github/workspace/mnt/ozone/hadoop-ozone/integration-test/target/test-dir/MiniOzoneClusterImpl-a7962e3b-f01b-438a-a70b-bc4bb46fea7a/datanode-5/data/ratis/7bc9ce0d-6e07-4883-8848-e073253f6ce3/sm/snapshot.1_0
2020-07-16 21:58:40,423 [b6196858-fcec-41fa-b0a0-ecf9f0ef7020@group-E073253F6CE3-StateMachineUpdater] INFO  ratis.ContainerStateMachine (ContainerStateMachine.java:takeSnapshot(304)) - group-E073253F6CE3: Finished taking a snapshot at:(t:1, i:0) file:/github/workspace/mnt/ozone/hadoop-ozone/integration-test/target/test-dir/MiniOzoneClusterImpl-a7962e3b-f01b-438a-a70b-bc4bb46fea7a/datanode-5/data/ratis/7bc9ce0d-6e07-4883-8848-e073253f6ce3/sm/snapshot.1_0 time:1
2020-07-16 21:58:40,423 [b6196858-fcec-41fa-b0a0-ecf9f0ef7020@group-E073253F6CE3-StateMachineUpdater] INFO  impl.StateMachineUpdater (StateMachineUpdater.java:takeSnapshot(277)) - b6196858-fcec-41fa-b0a0-ecf9f0ef7020@group-E073253F6CE3-StateMachineUpdater: Took a snapshot at index 0
2020-07-16 21:58:40,423 [b6196858-fcec-41fa-b0a0-ecf9f0ef7020@group-E073253F6CE3-StateMachineUpdater] INFO  impl.StateMachineUpdater (StateMachineUpdater.java:lambda$new$0(87)) - b6196858-fcec-41fa-b0a0-ecf9f0ef7020@group-E073253F6CE3-StateMachineUpdater: snapshotIndex: updateIncreasingly -1 -> 0
2020-07-16 21:58:40,424 [b6196858-fcec-41fa-b0a0-ecf9f0ef7020@group-E073253F6CE3-StateMachineUpdater] INFO  metrics.RatisMetrics (RatisMetrics.java:unregister(43)) - Unregistering Metrics Registry : ratis.state_machine.b6196858-fcec-41fa-b0a0-ecf9f0ef7020@group-E073253F6CE3
2020-07-16 21:58:40,424 [Listener at 127.0.0.1/46707] INFO  impl.RaftServerImpl (ServerState.java:close(387)) - b6196858-fcec-41fa-b0a0-ecf9f0ef7020@group-E073253F6CE3: closes. applyIndex: 0
2020-07-16 21:58:40,424 [ForkJoinPool.commonPool-worker-1] INFO  utils.BackgroundService (BackgroundService.java:shutdown(157)) - Shutting down service BlockDeletingService
2020-07-16 21:58:40,425 [b6196858-fcec-41fa-b0a0-ecf9f0ef7020@group-E073253F6CE3-SegmentedRaftLogWorker] INFO  segmented.SegmentedRaftLogWorker (SegmentedRaftLogWorker.java:run(327)) - b6196858-fcec-41fa-b0a0-ecf9f0ef7020@group-E073253F6CE3-SegmentedRaftLogWorker was interrupted, exiting. There are 0 tasks remaining in the queue.
2020-07-16 21:58:40,426 [ForkJoinPool.commonPool-worker-1] INFO  statemachine.DatanodeStateMachine (DatanodeStateMachine.java:stopDaemon(428)) - Ozone container server stopped.
2020-07-16 21:58:40,426 [Listener at 127.0.0.1/46707] INFO  segmented.SegmentedRaftLogWorker (SegmentedRaftLogWorker.java:close(234)) - b6196858-fcec-41fa-b0a0-ecf9f0ef7020@group-E073253F6CE3-SegmentedRaftLogWorker close()
2020-07-16 21:58:40,433 [Listener at 127.0.0.1/46707] INFO  metrics.RatisMetrics (RatisMetrics.java:unregister(43)) - Unregistering Metrics Registry : ratis.log_worker.b6196858-fcec-41fa-b0a0-ecf9f0ef7020@group-E073253F6CE3
2020-07-16 21:58:40,433 [Listener at 127.0.0.1/46707] INFO  metrics.RatisMetrics (RatisMetrics.java:unregister(43)) - Unregistering Metrics Registry : ratis.leader_election.b6196858-fcec-41fa-b0a0-ecf9f0ef7020@group-E073253F6CE3
2020-07-16 21:58:40,433 [Listener at 127.0.0.1/46707] INFO  metrics.RatisMetrics (RatisMetrics.java:unregister(43)) - Unregistering Metrics Registry : ratis.server.b6196858-fcec-41fa-b0a0-ecf9f0ef7020@group-E073253F6CE3
2020-07-16 21:58:40,434 [Listener at 127.0.0.1/46707] INFO  server.GrpcService (GrpcService.java:closeImpl(166)) - b6196858-fcec-41fa-b0a0-ecf9f0ef7020: shutdown server with port 35785 now
2020-07-16 21:58:40,434 [ForkJoinPool.commonPool-worker-1] INFO  handler.ContextHandler (ContextHandler.java:doStop(1016)) - Stopped o.e.j.w.WebAppContext@548c7eab{hddsDatanode,/,null,UNAVAILABLE}{jar:file:/home/user/.m2/repository/org/apache/hadoop/hadoop-hdds-container-service/0.6.0-SNAPSHOT/hadoop-hdds-container-service-0.6.0-SNAPSHOT.jar!/webapps/hddsDatanode}
2020-07-16 21:58:40,435 [Listener at 127.0.0.1/46707] INFO  server.GrpcService (GrpcService.java:closeImpl(174)) - b6196858-fcec-41fa-b0a0-ecf9f0ef7020: shutdown server with port 35785 successfully
2020-07-16 21:58:40,436 [Listener at 127.0.0.1/46707] INFO  utils.BackgroundService (BackgroundService.java:shutdown(157)) - Shutting down service BlockDeletingService
2020-07-16 21:58:40,436 [ForkJoinPool.commonPool-worker-1] INFO  server.AbstractConnector (AbstractConnector.java:doStop(380)) - Stopped ServerConnector@584e4899{HTTP/1.1,[http/1.1]}{0.0.0.0:0}
2020-07-16 21:58:40,436 [ForkJoinPool.commonPool-worker-1] INFO  server.session (HouseKeeper.java:stopScavenging(158)) - node0 Stopped scavenging
2020-07-16 21:58:40,437 [ForkJoinPool.commonPool-worker-1] INFO  handler.ContextHandler (ContextHandler.java:doStop(1016)) - Stopped o.e.j.s.ServletContextHandler@1ba7b274{static,/static,jar:file:/home/user/.m2/repository/org/apache/hadoop/hadoop-hdds-container-service/0.6.0-SNAPSHOT/hadoop-hdds-container-service-0.6.0-SNAPSHOT.jar!/webapps/static,UNAVAILABLE}
2020-07-16 21:58:40,439 [ForkJoinPool.commonPool-worker-1] INFO  handler.ContextHandler (ContextHandler.java:doStop(1016)) - Stopped o.e.j.s.ServletContextHandler@76425cc2{logs,/logs,file:///github/workspace/mnt/ozone/hadoop-ozone/integration-test/target/log,UNAVAILABLE}
2020-07-16 21:58:40,439 [Listener at 127.0.0.1/46707] INFO  statemachine.DatanodeStateMachine (DatanodeStateMachine.java:stopDaemon(428)) - Ozone container server stopped.
2020-07-16 21:58:40,447 [Listener at 127.0.0.1/46707] INFO  handler.ContextHandler (ContextHandler.java:doStop(1016)) - Stopped o.e.j.w.WebAppContext@130cad14{hddsDatanode,/,null,UNAVAILABLE}{jar:file:/home/user/.m2/repository/org/apache/hadoop/hadoop-hdds-container-service/0.6.0-SNAPSHOT/hadoop-hdds-container-service-0.6.0-SNAPSHOT.jar!/webapps/hddsDatanode}
2020-07-16 21:58:40,447 [Listener at 127.0.0.1/46707] INFO  server.AbstractConnector (AbstractConnector.java:doStop(380)) - Stopped ServerConnector@7f277cf6{HTTP/1.1,[http/1.1]}{0.0.0.0:0}
2020-07-16 21:58:40,448 [Listener at 127.0.0.1/46707] INFO  server.session (HouseKeeper.java:stopScavenging(158)) - node0 Stopped scavenging
2020-07-16 21:58:40,448 [Listener at 127.0.0.1/46707] INFO  handler.ContextHandler (ContextHandler.java:doStop(1016)) - Stopped o.e.j.s.ServletContextHandler@2483eb07{static,/static,jar:file:/home/user/.m2/repository/org/apache/hadoop/hadoop-hdds-container-service/0.6.0-SNAPSHOT/hadoop-hdds-container-service-0.6.0-SNAPSHOT.jar!/webapps/static,UNAVAILABLE}
2020-07-16 21:58:40,448 [Listener at 127.0.0.1/46707] INFO  handler.ContextHandler (ContextHandler.java:doStop(1016)) - Stopped o.e.j.s.ServletContextHandler@6cfa6a04{logs,/logs,file:///github/workspace/mnt/ozone/hadoop-ozone/integration-test/target/log,UNAVAILABLE}
2020-07-16 21:58:40,579 [grpc-default-executor-4] WARN  server.GrpcLogAppender (LogUtils.java:warn(122)) - 0cd7fb39-f112-4f4e-916c-e67208469a58@group-F3BBE80AF587->4c89fc7b-ea3a-41c4-95af-82e0047110c2-AppendLogResponseHandler: Failed appendEntries: org.apache.ratis.thirdparty.io.grpc.StatusRuntimeException: UNAVAILABLE: io exception
2020-07-16 21:58:40,579 [grpc-default-executor-4] INFO  impl.FollowerInfo (FollowerInfo.java:lambda$new$0(51)) - 0cd7fb39-f112-4f4e-916c-e67208469a58@group-F3BBE80AF587->4c89fc7b-ea3a-41c4-95af-82e0047110c2: nextIndex: updateUnconditionally 1 -> 0
2020-07-16 21:58:41,243 [Datanode State Machine Thread - 0] INFO  statemachine.DatanodeStateMachine (DatanodeStateMachine.java:lambda$startDaemon$0(380)) - Ozone container server started.
2020-07-16 21:58:41,245 [Datanode State Machine Thread - 0] INFO  statemachine.DatanodeStateMachine (DatanodeStateMachine.java:lambda$startDaemon$0(380)) - Ozone container server started.
2020-07-16 21:58:43,083 [grpc-default-executor-4] WARN  server.GrpcLogAppender (LogUtils.java:warn(122)) - 0cd7fb39-f112-4f4e-916c-e67208469a58@group-F3BBE80AF587->4c89fc7b-ea3a-41c4-95af-82e0047110c2-AppendLogResponseHandler: Failed appendEntries: org.apache.ratis.thirdparty.io.grpc.StatusRuntimeException: UNAVAILABLE: io exception
2020-07-16 21:58:43,084 [grpc-default-executor-4] INFO  impl.FollowerInfo (FollowerInfo.java:lambda$new$0(51)) - 0cd7fb39-f112-4f4e-916c-e67208469a58@group-F3BBE80AF587->4c89fc7b-ea3a-41c4-95af-82e0047110c2: nextIndex: updateUnconditionally 0 -> 0
2020-07-16 21:58:43,088 [grpc-default-executor-0] WARN  server.GrpcLogAppender (LogUtils.java:warn(122)) - 0cd7fb39-f112-4f4e-916c-e67208469a58@group-F3BBE80AF587->4c89fc7b-ea3a-41c4-95af-82e0047110c2-AppendLogResponseHandler: Failed appendEntries: org.apache.ratis.thirdparty.io.grpc.StatusRuntimeException: UNAVAILABLE: io exception
2020-07-16 21:58:43,088 [grpc-default-executor-0] INFO  impl.FollowerInfo (FollowerInfo.java:lambda$new$0(51)) - 0cd7fb39-f112-4f4e-916c-e67208469a58@group-F3BBE80AF587->4c89fc7b-ea3a-41c4-95af-82e0047110c2: nextIndex: updateUnconditionally 1 -> 0
2020-07-16 21:58:45,445 [ForkJoinPool.commonPool-worker-1] INFO  ozoneimpl.OzoneContainer (OzoneContainer.java:stop(247)) - Attempting to stop container services.
2020-07-16 21:58:45,445 [ForkJoinPool.commonPool-worker-1] INFO  impl.RaftServerProxy (RaftServerProxy.java:lambda$close$4(319)) - 29df65de-cb89-45e9-879e-f172419ab480: close
2020-07-16 21:58:45,445 [ForkJoinPool.commonPool-worker-1] INFO  impl.RaftServerImpl (RaftServerImpl.java:lambda$shutdown$3(252)) - 29df65de-cb89-45e9-879e-f172419ab480@group-4B517198585D: shutdown
2020-07-16 21:58:45,446 [ForkJoinPool.commonPool-worker-1] INFO  util.JmxRegister (JmxRegister.java:unregister(73)) - Successfully un-registered JMX Bean with object name Ratis:service=RaftServer,group=group-4B517198585D,id=29df65de-cb89-45e9-879e-f172419ab480
2020-07-16 21:58:45,446 [ForkJoinPool.commonPool-worker-1] INFO  impl.RoleInfo (RoleInfo.java:shutdownLeaderState(104)) - 29df65de-cb89-45e9-879e-f172419ab480: shutdown LeaderState
2020-07-16 21:58:45,446 [ForkJoinPool.commonPool-worker-1] INFO  impl.PendingRequests (PendingRequests.java:sendNotLeaderResponses(249)) - 29df65de-cb89-45e9-879e-f172419ab480@group-4B517198585D-PendingRequests: sendNotLeaderResponses
2020-07-16 21:58:45,446 [ForkJoinPool.commonPool-worker-1] INFO  metrics.RatisMetrics (RatisMetrics.java:unregister(43)) - Unregistering Metrics Registry : ratis.log_appender.29df65de-cb89-45e9-879e-f172419ab480@group-4B517198585D
2020-07-16 21:58:45,446 [ForkJoinPool.commonPool-worker-1] INFO  metrics.RatisMetrics (RatisMetrics.java:unregister(43)) - Unregistering Metrics Registry : ratis.server.29df65de-cb89-45e9-879e-f172419ab480@group-4B517198585D
2020-07-16 21:58:45,448 [ForkJoinPool.commonPool-worker-1] INFO  impl.StateMachineUpdater (StateMachineUpdater.java:stopAndJoin(142)) - 29df65de-cb89-45e9-879e-f172419ab480@group-4B517198585D-StateMachineUpdater: set stopIndex = 0
2020-07-16 21:58:45,448 [29df65de-cb89-45e9-879e-f172419ab480@group-4B517198585D-StateMachineUpdater] INFO  ratis.ContainerStateMachine (ContainerStateMachine.java:takeSnapshot(293)) - group-4B517198585D: Taking a snapshot at:(t:1, i:0) file /github/workspace/mnt/ozone/hadoop-ozone/integration-test/target/test-dir/MiniOzoneClusterImpl-a7962e3b-f01b-438a-a70b-bc4bb46fea7a/datanode-0/data/ratis/42b826cb-8950-4c77-abd5-4b517198585d/sm/snapshot.1_0
2020-07-16 21:58:45,449 [29df65de-cb89-45e9-879e-f172419ab480@group-4B517198585D-StateMachineUpdater] INFO  ratis.ContainerStateMachine (ContainerStateMachine.java:takeSnapshot(304)) - group-4B517198585D: Finished taking a snapshot at:(t:1, i:0) file:/github/workspace/mnt/ozone/hadoop-ozone/integration-test/target/test-dir/MiniOzoneClusterImpl-a7962e3b-f01b-438a-a70b-bc4bb46fea7a/datanode-0/data/ratis/42b826cb-8950-4c77-abd5-4b517198585d/sm/snapshot.1_0 time:1
2020-07-16 21:58:45,449 [Listener at 127.0.0.1/46707] INFO  ozoneimpl.OzoneContainer (OzoneContainer.java:stop(247)) - Attempting to stop container services.
2020-07-16 21:58:45,450 [Listener at 127.0.0.1/46707] INFO  impl.RaftServerProxy (RaftServerProxy.java:lambda$close$4(319)) - 0e9f6704-3ceb-4f07-bcaa-7e71693368ff: close
2020-07-16 21:58:45,449 [29df65de-cb89-45e9-879e-f172419ab480@group-4B517198585D-StateMachineUpdater] INFO  impl.StateMachineUpdater (StateMachineUpdater.java:takeSnapshot(277)) - 29df65de-cb89-45e9-879e-f172419ab480@group-4B517198585D-StateMachineUpdater: Took a snapshot at index 0
2020-07-16 21:58:45,450 [29df65de-cb89-45e9-879e-f172419ab480@group-4B517198585D-StateMachineUpdater] INFO  impl.StateMachineUpdater (StateMachineUpdater.java:lambda$new$0(87)) - 29df65de-cb89-45e9-879e-f172419ab480@group-4B517198585D-StateMachineUpdater: snapshotIndex: updateIncreasingly -1 -> 0
2020-07-16 21:58:45,450 [Listener at 127.0.0.1/46707] INFO  impl.RaftServerImpl (RaftServerImpl.java:lambda$shutdown$3(252)) - 0e9f6704-3ceb-4f07-bcaa-7e71693368ff@group-9C5CC0F17108: shutdown
2020-07-16 21:58:45,450 [Listener at 127.0.0.1/46707] INFO  util.JmxRegister (JmxRegister.java:unregister(73)) - Successfully un-registered JMX Bean with object name Ratis:service=RaftServer,group=group-9C5CC0F17108,id=0e9f6704-3ceb-4f07-bcaa-7e71693368ff
2020-07-16 21:58:45,450 [Listener at 127.0.0.1/46707] INFO  impl.RoleInfo (RoleInfo.java:shutdownFollowerState(121)) - 0e9f6704-3ceb-4f07-bcaa-7e71693368ff: shutdown FollowerState
2020-07-16 21:58:45,450 [Listener at 127.0.0.1/46707] INFO  impl.StateMachineUpdater (StateMachineUpdater.java:stopAndJoin(142)) - 0e9f6704-3ceb-4f07-bcaa-7e71693368ff@group-9C5CC0F17108-StateMachineUpdater: set stopIndex = 0
2020-07-16 21:58:45,451 [0e9f6704-3ceb-4f07-bcaa-7e71693368ff@group-9C5CC0F17108-StateMachineUpdater] INFO  ratis.ContainerStateMachine (ContainerStateMachine.java:takeSnapshot(293)) - group-9C5CC0F17108: Taking a snapshot at:(t:1, i:0) file /github/workspace/mnt/ozone/hadoop-ozone/integration-test/target/test-dir/MiniOzoneClusterImpl-a7962e3b-f01b-438a-a70b-bc4bb46fea7a/datanode-7/data/ratis/d911e160-3392-4d08-b08a-9c5cc0f17108/sm/snapshot.1_0
2020-07-16 21:58:45,450 [29df65de-cb89-45e9-879e-f172419ab480@group-4B517198585D-StateMachineUpdater] INFO  metrics.RatisMetrics (RatisMetrics.java:unregister(43)) - Unregistering Metrics Registry : ratis.state_machine.29df65de-cb89-45e9-879e-f172419ab480@group-4B517198585D
2020-07-16 21:58:45,450 [Thread-1350] INFO  impl.FollowerState (FollowerState.java:run(117)) - 0e9f6704-3ceb-4f07-bcaa-7e71693368ff@group-9C5CC0F17108-FollowerState was interrupted: java.lang.InterruptedException: sleep interrupted
2020-07-16 21:58:45,451 [0e9f6704-3ceb-4f07-bcaa-7e71693368ff@group-9C5CC0F17108-StateMachineUpdater] INFO  ratis.ContainerStateMachine (ContainerStateMachine.java:takeSnapshot(304)) - group-9C5CC0F17108: Finished taking a snapshot at:(t:1, i:0) file:/github/workspace/mnt/ozone/hadoop-ozone/integration-test/target/test-dir/MiniOzoneClusterImpl-a7962e3b-f01b-438a-a70b-bc4bb46fea7a/datanode-7/data/ratis/d911e160-3392-4d08-b08a-9c5cc0f17108/sm/snapshot.1_0 time:1
2020-07-16 21:58:45,451 [0e9f6704-3ceb-4f07-bcaa-7e71693368ff@group-9C5CC0F17108-StateMachineUpdater] INFO  impl.StateMachineUpdater (StateMachineUpdater.java:takeSnapshot(277)) - 0e9f6704-3ceb-4f07-bcaa-7e71693368ff@group-9C5CC0F17108-StateMachineUpdater: Took a snapshot at index 0
2020-07-16 21:58:45,451 [0e9f6704-3ceb-4f07-bcaa-7e71693368ff@group-9C5CC0F17108-StateMachineUpdater] INFO  impl.StateMachineUpdater (StateMachineUpdater.java:lambda$new$0(87)) - 0e9f6704-3ceb-4f07-bcaa-7e71693368ff@group-9C5CC0F17108-StateMachineUpdater: snapshotIndex: updateIncreasingly -1 -> 0
2020-07-16 21:58:45,452 [ForkJoinPool.commonPool-worker-1] INFO  impl.RaftServerImpl (ServerState.java:close(387)) - 29df65de-cb89-45e9-879e-f172419ab480@group-4B517198585D: closes. applyIndex: 0
2020-07-16 21:58:45,452 [0e9f6704-3ceb-4f07-bcaa-7e71693368ff@group-9C5CC0F17108-StateMachineUpdater] INFO  metrics.RatisMetrics (RatisMetrics.java:unregister(43)) - Unregistering Metrics Registry : ratis.state_machine.0e9f6704-3ceb-4f07-bcaa-7e71693368ff@group-9C5CC0F17108
2020-07-16 21:58:45,452 [29df65de-cb89-45e9-879e-f172419ab480@group-4B517198585D-SegmentedRaftLogWorker] INFO  segmented.SegmentedRaftLogWorker (SegmentedRaftLogWorker.java:run(327)) - 29df65de-cb89-45e9-879e-f172419ab480@group-4B517198585D-SegmentedRaftLogWorker was interrupted, exiting. There are 0 tasks remaining in the queue.
2020-07-16 21:58:45,452 [Listener at 127.0.0.1/46707] INFO  impl.RaftServerImpl (ServerState.java:close(387)) - 0e9f6704-3ceb-4f07-bcaa-7e71693368ff@group-9C5CC0F17108: closes. applyIndex: 0
2020-07-16 21:58:45,452 [0e9f6704-3ceb-4f07-bcaa-7e71693368ff@group-9C5CC0F17108-SegmentedRaftLogWorker] INFO  segmented.SegmentedRaftLogWorker (SegmentedRaftLogWorker.java:run(327)) - 0e9f6704-3ceb-4f07-bcaa-7e71693368ff@group-9C5CC0F17108-SegmentedRaftLogWorker was interrupted, exiting. There are 0 tasks remaining in the queue.
2020-07-16 21:58:45,453 [ForkJoinPool.commonPool-worker-1] INFO  segmented.SegmentedRaftLogWorker (SegmentedRaftLogWorker.java:close(234)) - 29df65de-cb89-45e9-879e-f172419ab480@group-4B517198585D-SegmentedRaftLogWorker close()
2020-07-16 21:58:45,454 [Listener at 127.0.0.1/46707] INFO  segmented.SegmentedRaftLogWorker (SegmentedRaftLogWorker.java:close(234)) - 0e9f6704-3ceb-4f07-bcaa-7e71693368ff@group-9C5CC0F17108-SegmentedRaftLogWorker close()
2020-07-16 21:58:45,456 [ForkJoinPool.commonPool-worker-1] INFO  metrics.RatisMetrics (RatisMetrics.java:unregister(43)) - Unregistering Metrics Registry : ratis.log_worker.29df65de-cb89-45e9-879e-f172419ab480@group-4B517198585D
2020-07-16 21:58:45,456 [ForkJoinPool.commonPool-worker-1] INFO  metrics.RatisMetrics (RatisMetrics.java:unregister(43)) - Unregistering Metrics Registry : ratis.leader_election.29df65de-cb89-45e9-879e-f172419ab480@group-4B517198585D
2020-07-16 21:58:45,456 [ForkJoinPool.commonPool-worker-1] INFO  metrics.RatisMetrics (RatisMetrics.java:unregister(43)) - Unregistering Metrics Registry : ratis.server.29df65de-cb89-45e9-879e-f172419ab480@group-4B517198585D
2020-07-16 21:58:45,456 [Listener at 127.0.0.1/46707] INFO  metrics.RatisMetrics (RatisMetrics.java:unregister(43)) - Unregistering Metrics Registry : ratis.log_worker.0e9f6704-3ceb-4f07-bcaa-7e71693368ff@group-9C5CC0F17108
2020-07-16 21:58:45,457 [Listener at 127.0.0.1/46707] INFO  metrics.RatisMetrics (RatisMetrics.java:unregister(43)) - Unregistering Metrics Registry : ratis.leader_election.0e9f6704-3ceb-4f07-bcaa-7e71693368ff@group-9C5CC0F17108
2020-07-16 21:58:45,457 [Listener at 127.0.0.1/46707] INFO  metrics.RatisMetrics (RatisMetrics.java:unregister(43)) - Unregistering Metrics Registry : ratis.server.0e9f6704-3ceb-4f07-bcaa-7e71693368ff@group-9C5CC0F17108
2020-07-16 21:58:45,457 [ForkJoinPool.commonPool-worker-1] INFO  impl.RaftServerImpl (RaftServerImpl.java:lambda$shutdown$3(252)) - 29df65de-cb89-45e9-879e-f172419ab480@group-F3BBE80AF587: shutdown
2020-07-16 21:58:45,457 [ForkJoinPool.commonPool-worker-1] INFO  util.JmxRegister (JmxRegister.java:unregister(73)) - Successfully un-registered JMX Bean with object name Ratis:service=RaftServer,group=group-F3BBE80AF587,id=29df65de-cb89-45e9-879e-f172419ab480
2020-07-16 21:58:45,457 [ForkJoinPool.commonPool-worker-1] INFO  impl.RoleInfo (RoleInfo.java:shutdownFollowerState(121)) - 29df65de-cb89-45e9-879e-f172419ab480: shutdown FollowerState
2020-07-16 21:58:45,457 [Listener at 127.0.0.1/46707] INFO  impl.RaftServerImpl (RaftServerImpl.java:lambda$shutdown$3(252)) - 0e9f6704-3ceb-4f07-bcaa-7e71693368ff@group-17ACB307E6BB: shutdown
2020-07-16 21:58:45,457 [Thread-1395] INFO  impl.FollowerState (FollowerState.java:run(117)) - 29df65de-cb89-45e9-879e-f172419ab480@group-F3BBE80AF587-FollowerState was interrupted: java.lang.InterruptedException: sleep interrupted
2020-07-16 21:58:45,458 [ForkJoinPool.commonPool-worker-1] INFO  impl.StateMachineUpdater (StateMachineUpdater.java:stopAndJoin(142)) - 29df65de-cb89-45e9-879e-f172419ab480@group-F3BBE80AF587-StateMachineUpdater: set stopIndex = 0
2020-07-16 21:58:45,458 [29df65de-cb89-45e9-879e-f172419ab480@group-F3BBE80AF587-StateMachineUpdater] INFO  ratis.ContainerStateMachine (ContainerStateMachine.java:takeSnapshot(293)) - group-F3BBE80AF587: Taking a snapshot at:(t:1, i:0) file /github/workspace/mnt/ozone/hadoop-ozone/integration-test/target/test-dir/MiniOzoneClusterImpl-a7962e3b-f01b-438a-a70b-bc4bb46fea7a/datanode-0/data/ratis/c8c5a125-0566-4971-a639-f3bbe80af587/sm/snapshot.1_0
2020-07-16 21:58:45,458 [Listener at 127.0.0.1/46707] INFO  util.JmxRegister (JmxRegister.java:unregister(73)) - Successfully un-registered JMX Bean with object name Ratis:service=RaftServer,group=group-17ACB307E6BB,id=0e9f6704-3ceb-4f07-bcaa-7e71693368ff
2020-07-16 21:58:45,460 [Listener at 127.0.0.1/46707] INFO  impl.RoleInfo (RoleInfo.java:shutdownLeaderState(104)) - 0e9f6704-3ceb-4f07-bcaa-7e71693368ff: shutdown LeaderState
2020-07-16 21:58:45,461 [Listener at 127.0.0.1/46707] INFO  impl.PendingRequests (PendingRequests.java:sendNotLeaderResponses(249)) - 0e9f6704-3ceb-4f07-bcaa-7e71693368ff@group-17ACB307E6BB-PendingRequests: sendNotLeaderResponses
2020-07-16 21:58:45,461 [29df65de-cb89-45e9-879e-f172419ab480@group-F3BBE80AF587-StateMachineUpdater] INFO  ratis.ContainerStateMachine (ContainerStateMachine.java:takeSnapshot(304)) - group-F3BBE80AF587: Finished taking a snapshot at:(t:1, i:0) file:/github/workspace/mnt/ozone/hadoop-ozone/integration-test/target/test-dir/MiniOzoneClusterImpl-a7962e3b-f01b-438a-a70b-bc4bb46fea7a/datanode-0/data/ratis/c8c5a125-0566-4971-a639-f3bbe80af587/sm/snapshot.1_0 time:3
2020-07-16 21:58:45,461 [29df65de-cb89-45e9-879e-f172419ab480@group-F3BBE80AF587-StateMachineUpdater] INFO  impl.StateMachineUpdater (StateMachineUpdater.java:takeSnapshot(277)) - 29df65de-cb89-45e9-879e-f172419ab480@group-F3BBE80AF587-StateMachineUpdater: Took a snapshot at index 0
2020-07-16 21:58:45,461 [29df65de-cb89-45e9-879e-f172419ab480@group-F3BBE80AF587-StateMachineUpdater] INFO  impl.StateMachineUpdater (StateMachineUpdater.java:lambda$new$0(87)) - 29df65de-cb89-45e9-879e-f172419ab480@group-F3BBE80AF587-StateMachineUpdater: snapshotIndex: updateIncreasingly -1 -> 0
2020-07-16 21:58:45,461 [29df65de-cb89-45e9-879e-f172419ab480@group-F3BBE80AF587-StateMachineUpdater] INFO  metrics.RatisMetrics (RatisMetrics.java:unregister(43)) - Unregistering Metrics Registry : ratis.state_machine.29df65de-cb89-45e9-879e-f172419ab480@group-F3BBE80AF587
2020-07-16 21:58:45,461 [ForkJoinPool.commonPool-worker-1] INFO  impl.RaftServerImpl (ServerState.java:close(387)) - 29df65de-cb89-45e9-879e-f172419ab480@group-F3BBE80AF587: closes. applyIndex: 0
2020-07-16 21:58:45,461 [Listener at 127.0.0.1/46707] INFO  metrics.RatisMetrics (RatisMetrics.java:unregister(43)) - Unregistering Metrics Registry : ratis.log_appender.0e9f6704-3ceb-4f07-bcaa-7e71693368ff@group-17ACB307E6BB
2020-07-16 21:58:45,462 [29df65de-cb89-45e9-879e-f172419ab480@group-F3BBE80AF587-SegmentedRaftLogWorker] INFO  segmented.SegmentedRaftLogWorker (SegmentedRaftLogWorker.java:run(327)) - 29df65de-cb89-45e9-879e-f172419ab480@group-F3BBE80AF587-SegmentedRaftLogWorker was interrupted, exiting. There are 0 tasks remaining in the queue.
2020-07-16 21:58:45,464 [ForkJoinPool.commonPool-worker-1] INFO  segmented.SegmentedRaftLogWorker (SegmentedRaftLogWorker.java:close(234)) - 29df65de-cb89-45e9-879e-f172419ab480@group-F3BBE80AF587-SegmentedRaftLogWorker close()
2020-07-16 21:58:45,464 [Listener at 127.0.0.1/46707] INFO  metrics.RatisMetrics (RatisMetrics.java:unregister(43)) - Unregistering Metrics Registry : ratis.server.0e9f6704-3ceb-4f07-bcaa-7e71693368ff@group-17ACB307E6BB
2020-07-16 21:58:45,464 [ForkJoinPool.commonPool-worker-1] INFO  metrics.RatisMetrics (RatisMetrics.java:unregister(43)) - Unregistering Metrics Registry : ratis.log_worker.29df65de-cb89-45e9-879e-f172419ab480@group-F3BBE80AF587
2020-07-16 21:58:45,465 [ForkJoinPool.commonPool-worker-1] INFO  metrics.RatisMetrics (RatisMetrics.java:unregister(43)) - Unregistering Metrics Registry : ratis.leader_election.29df65de-cb89-45e9-879e-f172419ab480@group-F3BBE80AF587
2020-07-16 21:58:45,465 [ForkJoinPool.commonPool-worker-1] INFO  metrics.RatisMetrics (RatisMetrics.java:unregister(43)) - Unregistering Metrics Registry : ratis.server.29df65de-cb89-45e9-879e-f172419ab480@group-F3BBE80AF587
2020-07-16 21:58:45,465 [ForkJoinPool.commonPool-worker-1] INFO  server.GrpcService (GrpcService.java:closeImpl(166)) - 29df65de-cb89-45e9-879e-f172419ab480: shutdown server with port 39233 now
2020-07-16 21:58:45,466 [0e9f6704-3ceb-4f07-bcaa-7e71693368ff@group-17ACB307E6BB-StateMachineUpdater] INFO  ratis.ContainerStateMachine (ContainerStateMachine.java:takeSnapshot(293)) - group-17ACB307E6BB: Taking a snapshot at:(t:1, i:0) file /github/workspace/mnt/ozone/hadoop-ozone/integration-test/target/test-dir/MiniOzoneClusterImpl-a7962e3b-f01b-438a-a70b-bc4bb46fea7a/datanode-7/data/ratis/801b5733-5633-4eaa-bd9a-17acb307e6bb/sm/snapshot.1_0
2020-07-16 21:58:45,467 [grpc-default-executor-0] WARN  server.GrpcServerProtocolService (LogUtils.java:warn(122)) - 29df65de-cb89-45e9-879e-f172419ab480: installSnapshot onError, lastRequest: 0cd7fb39-f112-4f4e-916c-e67208469a58->29df65de-cb89-45e9-879e-f172419ab480#1-t1, previous=(t:0, i:0), leaderCommit=-1, initializing? false, entries: size=1, first=(t:1, i:0), CONFIGURATIONENTRY: org.apache.ratis.thirdparty.io.grpc.StatusRuntimeException: CANCELLED: cancelled before receiving half close
2020-07-16 21:58:45,467 [0e9f6704-3ceb-4f07-bcaa-7e71693368ff@group-17ACB307E6BB-StateMachineUpdater] INFO  ratis.ContainerStateMachine (ContainerStateMachine.java:takeSnapshot(304)) - group-17ACB307E6BB: Finished taking a snapshot at:(t:1, i:0) file:/github/workspace/mnt/ozone/hadoop-ozone/integration-test/target/test-dir/MiniOzoneClusterImpl-a7962e3b-f01b-438a-a70b-bc4bb46fea7a/datanode-7/data/ratis/801b5733-5633-4eaa-bd9a-17acb307e6bb/sm/snapshot.1_0 time:0
2020-07-16 21:58:45,467 [0e9f6704-3ceb-4f07-bcaa-7e71693368ff@group-17ACB307E6BB-StateMachineUpdater] INFO  impl.StateMachineUpdater (StateMachineUpdater.java:takeSnapshot(277)) - 0e9f6704-3ceb-4f07-bcaa-7e71693368ff@group-17ACB307E6BB-StateMachineUpdater: Took a snapshot at index 0
2020-07-16 21:58:45,467 [0e9f6704-3ceb-4f07-bcaa-7e71693368ff@group-17ACB307E6BB-StateMachineUpdater] INFO  impl.StateMachineUpdater (StateMachineUpdater.java:lambda$new$0(87)) - 0e9f6704-3ceb-4f07-bcaa-7e71693368ff@group-17ACB307E6BB-StateMachineUpdater: snapshotIndex: updateIncreasingly -1 -> 0
2020-07-16 21:58:45,467 [grpc-default-executor-2] WARN  server.GrpcLogAppender (LogUtils.java:warn(122)) - 0cd7fb39-f112-4f4e-916c-e67208469a58@group-F3BBE80AF587->29df65de-cb89-45e9-879e-f172419ab480-AppendLogResponseHandler: Failed appendEntries: org.apache.ratis.thirdparty.io.grpc.StatusRuntimeException: CANCELLED: HTTP/2 error code: CANCEL
Received Rst Stream
2020-07-16 21:58:45,467 [0e9f6704-3ceb-4f07-bcaa-7e71693368ff@group-17ACB307E6BB-StateMachineUpdater] INFO  metrics.RatisMetrics (RatisMetrics.java:unregister(43)) - Unregistering Metrics Registry : ratis.state_machine.0e9f6704-3ceb-4f07-bcaa-7e71693368ff@group-17ACB307E6BB
2020-07-16 21:58:45,467 [grpc-default-executor-2] INFO  impl.FollowerInfo (FollowerInfo.java:lambda$new$0(51)) - 0cd7fb39-f112-4f4e-916c-e67208469a58@group-F3BBE80AF587->29df65de-cb89-45e9-879e-f172419ab480: nextIndex: updateUnconditionally 1 -> 0
2020-07-16 21:58:45,468 [ForkJoinPool.commonPool-worker-1] INFO  server.GrpcService (GrpcService.java:closeImpl(174)) - 29df65de-cb89-45e9-879e-f172419ab480: shutdown server with port 39233 successfully
2020-07-16 21:58:45,468 [Listener at 127.0.0.1/46707] INFO  impl.StateMachineUpdater (StateMachineUpdater.java:stopAndJoin(142)) - 0e9f6704-3ceb-4f07-bcaa-7e71693368ff@group-17ACB307E6BB-StateMachineUpdater: set stopIndex = 0
2020-07-16 21:58:45,469 [Listener at 127.0.0.1/46707] INFO  impl.RaftServerImpl (ServerState.java:close(387)) - 0e9f6704-3ceb-4f07-bcaa-7e71693368ff@group-17ACB307E6BB: closes. applyIndex: 0
2020-07-16 21:58:45,470 [ForkJoinPool.commonPool-worker-1] INFO  utils.BackgroundService (BackgroundService.java:shutdown(157)) - Shutting down service BlockDeletingService
2020-07-16 21:58:45,470 [0e9f6704-3ceb-4f07-bcaa-7e71693368ff@group-17ACB307E6BB-SegmentedRaftLogWorker] INFO  segmented.SegmentedRaftLogWorker (SegmentedRaftLogWorker.java:run(327)) - 0e9f6704-3ceb-4f07-bcaa-7e71693368ff@group-17ACB307E6BB-SegmentedRaftLogWorker was interrupted, exiting. There are 0 tasks remaining in the queue.
2020-07-16 21:58:45,471 [ForkJoinPool.commonPool-worker-1] INFO  statemachine.DatanodeStateMachine (DatanodeStateMachine.java:stopDaemon(428)) - Ozone container server stopped.
2020-07-16 21:58:45,471 [Listener at 127.0.0.1/46707] INFO  segmented.SegmentedRaftLogWorker (SegmentedRaftLogWorker.java:close(234)) - 0e9f6704-3ceb-4f07-bcaa-7e71693368ff@group-17ACB307E6BB-SegmentedRaftLogWorker close()
2020-07-16 21:58:45,472 [Listener at 127.0.0.1/46707] INFO  metrics.RatisMetrics (RatisMetrics.java:unregister(43)) - Unregistering Metrics Registry : ratis.log_worker.0e9f6704-3ceb-4f07-bcaa-7e71693368ff@group-17ACB307E6BB
2020-07-16 21:58:45,472 [Listener at 127.0.0.1/46707] INFO  metrics.RatisMetrics (RatisMetrics.java:unregister(43)) - Unregistering Metrics Registry : ratis.leader_election.0e9f6704-3ceb-4f07-bcaa-7e71693368ff@group-17ACB307E6BB
2020-07-16 21:58:45,472 [Listener at 127.0.0.1/46707] INFO  metrics.RatisMetrics (RatisMetrics.java:unregister(43)) - Unregistering Metrics Registry : ratis.server.0e9f6704-3ceb-4f07-bcaa-7e71693368ff@group-17ACB307E6BB
2020-07-16 21:58:45,473 [Listener at 127.0.0.1/46707] INFO  server.GrpcService (GrpcService.java:closeImpl(166)) - 0e9f6704-3ceb-4f07-bcaa-7e71693368ff: shutdown server with port 34181 now
2020-07-16 21:58:45,477 [grpc-default-executor-0] WARN  server.GrpcServerProtocolService (LogUtils.java:warn(122)) - 0e9f6704-3ceb-4f07-bcaa-7e71693368ff: installSnapshot onError, lastRequest: c1d5e687-c863-4f42-9bf6-d3ee3c6f8869->0e9f6704-3ceb-4f07-bcaa-7e71693368ff#1-t1, previous=(t:0, i:0), leaderCommit=-1, initializing? false, entries: size=1, first=(t:1, i:0), CONFIGURATIONENTRY: org.apache.ratis.thirdparty.io.grpc.StatusRuntimeException: CANCELLED: cancelled before receiving half close
2020-07-16 21:58:45,477 [grpc-default-executor-4] WARN  server.GrpcLogAppender (LogUtils.java:warn(122)) - c1d5e687-c863-4f42-9bf6-d3ee3c6f8869@group-9C5CC0F17108->0e9f6704-3ceb-4f07-bcaa-7e71693368ff-AppendLogResponseHandler: Failed appendEntries: org.apache.ratis.thirdparty.io.grpc.StatusRuntimeException: CANCELLED: HTTP/2 error code: CANCEL
Received Rst Stream
2020-07-16 21:58:45,477 [Listener at 127.0.0.1/46707] INFO  server.GrpcService (GrpcService.java:closeImpl(174)) - 0e9f6704-3ceb-4f07-bcaa-7e71693368ff: shutdown server with port 34181 successfully
2020-07-16 21:58:45,477 [grpc-default-executor-4] INFO  impl.FollowerInfo (FollowerInfo.java:lambda$new$0(51)) - c1d5e687-c863-4f42-9bf6-d3ee3c6f8869@group-9C5CC0F17108->0e9f6704-3ceb-4f07-bcaa-7e71693368ff: nextIndex: updateUnconditionally 1 -> 0
2020-07-16 21:58:45,485 [Listener at 127.0.0.1/46707] INFO  utils.BackgroundService (BackgroundService.java:shutdown(157)) - Shutting down service BlockDeletingService
2020-07-16 21:58:45,486 [Listener at 127.0.0.1/46707] INFO  statemachine.DatanodeStateMachine (DatanodeStateMachine.java:stopDaemon(428)) - Ozone container server stopped.
2020-07-16 21:58:45,492 [Listener at 127.0.0.1/46707] INFO  handler.ContextHandler (ContextHandler.java:doStop(1016)) - Stopped o.e.j.w.WebAppContext@6f2d77e9{hddsDatanode,/,null,UNAVAILABLE}{jar:file:/home/user/.m2/repository/org/apache/hadoop/hadoop-hdds-container-service/0.6.0-SNAPSHOT/hadoop-hdds-container-service-0.6.0-SNAPSHOT.jar!/webapps/hddsDatanode}
2020-07-16 21:58:45,493 [ForkJoinPool.commonPool-worker-1] INFO  handler.ContextHandler (ContextHandler.java:doStop(1016)) - Stopped o.e.j.w.WebAppContext@1062f767{hddsDatanode,/,null,UNAVAILABLE}{jar:file:/home/user/.m2/repository/org/apache/hadoop/hadoop-hdds-container-service/0.6.0-SNAPSHOT/hadoop-hdds-container-service-0.6.0-SNAPSHOT.jar!/webapps/hddsDatanode}
2020-07-16 21:58:45,493 [Listener at 127.0.0.1/46707] INFO  server.AbstractConnector (AbstractConnector.java:doStop(380)) - Stopped ServerConnector@2989e190{HTTP/1.1,[http/1.1]}{0.0.0.0:0}
2020-07-16 21:58:45,495 [Listener at 127.0.0.1/46707] INFO  server.session (HouseKeeper.java:stopScavenging(158)) - node0 Stopped scavenging
2020-07-16 21:58:45,495 [Listener at 127.0.0.1/46707] INFO  handler.ContextHandler (ContextHandler.java:doStop(1016)) - Stopped o.e.j.s.ServletContextHandler@247c43c6{static,/static,jar:file:/home/user/.m2/repository/org/apache/hadoop/hadoop-hdds-container-service/0.6.0-SNAPSHOT/hadoop-hdds-container-service-0.6.0-SNAPSHOT.jar!/webapps/static,UNAVAILABLE}
2020-07-16 21:58:45,494 [ForkJoinPool.commonPool-worker-1] INFO  server.AbstractConnector (AbstractConnector.java:doStop(380)) - Stopped ServerConnector@7ff66a81{HTTP/1.1,[http/1.1]}{0.0.0.0:0}
2020-07-16 21:58:45,495 [ForkJoinPool.commonPool-worker-1] INFO  server.session (HouseKeeper.java:stopScavenging(158)) - node0 Stopped scavenging
2020-07-16 21:58:45,495 [Listener at 127.0.0.1/46707] INFO  handler.ContextHandler (ContextHandler.java:doStop(1016)) - Stopped o.e.j.s.ServletContextHandler@413d15d5{logs,/logs,file:///github/workspace/mnt/ozone/hadoop-ozone/integration-test/target/log,UNAVAILABLE}
2020-07-16 21:58:45,496 [ForkJoinPool.commonPool-worker-1] INFO  handler.ContextHandler (ContextHandler.java:doStop(1016)) - Stopped o.e.j.s.ServletContextHandler@25a93e0f{static,/static,jar:file:/home/user/.m2/repository/org/apache/hadoop/hadoop-hdds-container-service/0.6.0-SNAPSHOT/hadoop-hdds-container-service-0.6.0-SNAPSHOT.jar!/webapps/static,UNAVAILABLE}
2020-07-16 21:58:45,497 [ForkJoinPool.commonPool-worker-1] INFO  handler.ContextHandler (ContextHandler.java:doStop(1016)) - Stopped o.e.j.s.ServletContextHandler@2c30bedc{logs,/logs,file:///github/workspace/mnt/ozone/hadoop-ozone/integration-test/target/log,UNAVAILABLE}
2020-07-16 21:58:45,549 [Datanode State Machine Thread - 0] INFO  statemachine.DatanodeStateMachine (DatanodeStateMachine.java:lambda$startDaemon$0(380)) - Ozone container server started.
2020-07-16 21:58:45,590 [grpc-default-executor-4] WARN  server.GrpcLogAppender (LogUtils.java:warn(122)) - 0cd7fb39-f112-4f4e-916c-e67208469a58@group-F3BBE80AF587->29df65de-cb89-45e9-879e-f172419ab480-AppendLogResponseHandler: Failed appendEntries: org.apache.ratis.thirdparty.io.grpc.StatusRuntimeException: UNAVAILABLE: io exception
2020-07-16 21:58:45,590 [grpc-default-executor-4] INFO  impl.FollowerInfo (FollowerInfo.java:lambda$new$0(51)) - 0cd7fb39-f112-4f4e-916c-e67208469a58@group-F3BBE80AF587->29df65de-cb89-45e9-879e-f172419ab480: nextIndex: updateUnconditionally 0 -> 0
2020-07-16 21:58:45,593 [grpc-default-executor-4] WARN  server.GrpcLogAppender (LogUtils.java:warn(122)) - 0cd7fb39-f112-4f4e-916c-e67208469a58@group-F3BBE80AF587->4c89fc7b-ea3a-41c4-95af-82e0047110c2-AppendLogResponseHandler: Failed appendEntries: org.apache.ratis.thirdparty.io.grpc.StatusRuntimeException: UNAVAILABLE: io exception
2020-07-16 21:58:45,594 [grpc-default-executor-4] INFO  impl.FollowerInfo (FollowerInfo.java:lambda$new$0(51)) - 0cd7fb39-f112-4f4e-916c-e67208469a58@group-F3BBE80AF587->4c89fc7b-ea3a-41c4-95af-82e0047110c2: nextIndex: updateUnconditionally 1 -> 0
2020-07-16 21:58:45,597 [grpc-default-executor-4] WARN  server.GrpcLogAppender (LogUtils.java:warn(122)) - 0cd7fb39-f112-4f4e-916c-e67208469a58@group-F3BBE80AF587->29df65de-cb89-45e9-879e-f172419ab480-AppendLogResponseHandler: Failed appendEntries: org.apache.ratis.thirdparty.io.grpc.StatusRuntimeException: UNAVAILABLE: io exception
2020-07-16 21:58:45,597 [grpc-default-executor-4] INFO  impl.FollowerInfo (FollowerInfo.java:lambda$new$0(51)) - 0cd7fb39-f112-4f4e-916c-e67208469a58@group-F3BBE80AF587->29df65de-cb89-45e9-879e-f172419ab480: nextIndex: updateUnconditionally 1 -> 0
2020-07-16 21:58:45,599 [grpc-default-executor-0] WARN  server.GrpcLogAppender (LogUtils.java:warn(122)) - 0cd7fb39-f112-4f4e-916c-e67208469a58@group-F3BBE80AF587->29df65de-cb89-45e9-879e-f172419ab480-AppendLogResponseHandler: Failed appendEntries: org.apache.ratis.thirdparty.io.grpc.StatusRuntimeException: UNAVAILABLE: io exception
2020-07-16 21:58:45,599 [grpc-default-executor-0] INFO  impl.FollowerInfo (FollowerInfo.java:lambda$new$0(51)) - 0cd7fb39-f112-4f4e-916c-e67208469a58@group-F3BBE80AF587->29df65de-cb89-45e9-879e-f172419ab480: nextIndex: updateUnconditionally 1 -> 0
2020-07-16 21:58:46,297 [Datanode State Machine Thread - 0] INFO  statemachine.DatanodeStateMachine (DatanodeStateMachine.java:lambda$startDaemon$0(380)) - Ozone container server started.
2020-07-16 21:58:47,586 [grpc-default-executor-4] WARN  server.GrpcLogAppender (LogUtils.java:warn(122)) - c1d5e687-c863-4f42-9bf6-d3ee3c6f8869@group-9C5CC0F17108->0e9f6704-3ceb-4f07-bcaa-7e71693368ff-AppendLogResponseHandler: Failed appendEntries: org.apache.ratis.thirdparty.io.grpc.StatusRuntimeException: UNAVAILABLE: io exception
2020-07-16 21:58:47,586 [grpc-default-executor-4] INFO  impl.FollowerInfo (FollowerInfo.java:lambda$new$0(51)) - c1d5e687-c863-4f42-9bf6-d3ee3c6f8869@group-9C5CC0F17108->0e9f6704-3ceb-4f07-bcaa-7e71693368ff: nextIndex: updateUnconditionally 1 -> 0
2020-07-16 21:58:48,093 [grpc-default-executor-4] WARN  server.GrpcLogAppender (LogUtils.java:warn(122)) - 0cd7fb39-f112-4f4e-916c-e67208469a58@group-F3BBE80AF587->4c89fc7b-ea3a-41c4-95af-82e0047110c2-AppendLogResponseHandler: Failed appendEntries: org.apache.ratis.thirdparty.io.grpc.StatusRuntimeException: UNAVAILABLE: io exception
2020-07-16 21:58:48,094 [grpc-default-executor-4] INFO  impl.FollowerInfo (FollowerInfo.java:lambda$new$0(51)) - 0cd7fb39-f112-4f4e-916c-e67208469a58@group-F3BBE80AF587->4c89fc7b-ea3a-41c4-95af-82e0047110c2: nextIndex: updateUnconditionally 0 -> 0
2020-07-16 21:58:48,096 [grpc-default-executor-0] WARN  server.GrpcLogAppender (LogUtils.java:warn(122)) - 0cd7fb39-f112-4f4e-916c-e67208469a58@group-F3BBE80AF587->4c89fc7b-ea3a-41c4-95af-82e0047110c2-AppendLogResponseHandler: Failed appendEntries: org.apache.ratis.thirdparty.io.grpc.StatusRuntimeException: UNAVAILABLE: io exception
2020-07-16 21:58:48,097 [grpc-default-executor-0] INFO  impl.FollowerInfo (FollowerInfo.java:lambda$new$0(51)) - 0cd7fb39-f112-4f4e-916c-e67208469a58@group-F3BBE80AF587->4c89fc7b-ea3a-41c4-95af-82e0047110c2: nextIndex: updateUnconditionally 1 -> 0
2020-07-16 21:58:48,101 [grpc-default-executor-4] WARN  server.GrpcLogAppender (LogUtils.java:warn(122)) - 0cd7fb39-f112-4f4e-916c-e67208469a58@group-F3BBE80AF587->29df65de-cb89-45e9-879e-f172419ab480-AppendLogResponseHandler: Failed appendEntries: org.apache.ratis.thirdparty.io.grpc.StatusRuntimeException: UNAVAILABLE: io exception
2020-07-16 21:58:48,101 [grpc-default-executor-4] INFO  impl.FollowerInfo (FollowerInfo.java:lambda$new$0(51)) - 0cd7fb39-f112-4f4e-916c-e67208469a58@group-F3BBE80AF587->29df65de-cb89-45e9-879e-f172419ab480: nextIndex: updateUnconditionally 1 -> 0
2020-07-16 21:58:50,088 [grpc-default-executor-0] WARN  server.GrpcLogAppender (LogUtils.java:warn(122)) - c1d5e687-c863-4f42-9bf6-d3ee3c6f8869@group-9C5CC0F17108->0e9f6704-3ceb-4f07-bcaa-7e71693368ff-AppendLogResponseHandler: Failed appendEntries: org.apache.ratis.thirdparty.io.grpc.StatusRuntimeException: UNAVAILABLE: io exception
2020-07-16 21:58:50,088 [grpc-default-executor-0] INFO  impl.FollowerInfo (FollowerInfo.java:lambda$new$0(51)) - c1d5e687-c863-4f42-9bf6-d3ee3c6f8869@group-9C5CC0F17108->0e9f6704-3ceb-4f07-bcaa-7e71693368ff: nextIndex: updateUnconditionally 1 -> 0
2020-07-16 21:58:50,498 [Listener at 127.0.0.1/46707] INFO  ozoneimpl.OzoneContainer (OzoneContainer.java:stop(247)) - Attempting to stop container services.
2020-07-16 21:58:50,499 [ForkJoinPool.commonPool-worker-1] INFO  ozoneimpl.OzoneContainer (OzoneContainer.java:stop(247)) - Attempting to stop container services.
2020-07-16 21:58:50,499 [Listener at 127.0.0.1/46707] INFO  impl.RaftServerProxy (RaftServerProxy.java:lambda$close$4(319)) - 4fdb1b49-2d71-4bdb-a206-e5cdb26d09c4: close
2020-07-16 21:58:50,499 [ForkJoinPool.commonPool-worker-1] INFO  impl.RaftServerProxy (RaftServerProxy.java:lambda$close$4(319)) - 0cd7fb39-f112-4f4e-916c-e67208469a58: close
2020-07-16 21:58:50,499 [ForkJoinPool.commonPool-worker-1] INFO  impl.RaftServerImpl (RaftServerImpl.java:lambda$shutdown$3(252)) - 0cd7fb39-f112-4f4e-916c-e67208469a58@group-F3BBE80AF587: shutdown
2020-07-16 21:58:50,500 [ForkJoinPool.commonPool-worker-1] INFO  util.JmxRegister (JmxRegister.java:unregister(73)) - Successfully un-registered JMX Bean with object name Ratis:service=RaftServer,group=group-F3BBE80AF587,id=0cd7fb39-f112-4f4e-916c-e67208469a58
2020-07-16 21:58:50,500 [ForkJoinPool.commonPool-worker-1] INFO  impl.RoleInfo (RoleInfo.java:shutdownLeaderState(104)) - 0cd7fb39-f112-4f4e-916c-e67208469a58: shutdown LeaderState
2020-07-16 21:58:50,500 [ForkJoinPool.commonPool-worker-1] INFO  metrics.RatisMetrics (RatisMetrics.java:unregister(43)) - Unregistering Metrics Registry : ratis_grpc.log_appender.0cd7fb39-f112-4f4e-916c-e67208469a58@group-F3BBE80AF587
2020-07-16 21:58:50,499 [Listener at 127.0.0.1/46707] INFO  impl.RaftServerImpl (RaftServerImpl.java:lambda$shutdown$3(252)) - 4fdb1b49-2d71-4bdb-a206-e5cdb26d09c4@group-574A164D3C59: shutdown
2020-07-16 21:58:50,501 [org.apache.ratis.server.impl.LogAppender$AppenderDaemon$$Lambda$439/117110856@fa44b75] WARN  server.GrpcLogAppender (GrpcLogAppender.java:mayWait(153)) - 0cd7fb39-f112-4f4e-916c-e67208469a58@group-F3BBE80AF587->29df65de-cb89-45e9-879e-f172419ab480-GrpcLogAppender: Wait interrupted by java.lang.InterruptedException
2020-07-16 21:58:50,501 [ForkJoinPool.commonPool-worker-1] INFO  metrics.RatisMetrics (RatisMetrics.java:unregister(43)) - Unregistering Metrics Registry : ratis_grpc.log_appender.0cd7fb39-f112-4f4e-916c-e67208469a58@group-F3BBE80AF587
2020-07-16 21:58:50,501 [Listener at 127.0.0.1/46707] INFO  util.JmxRegister (JmxRegister.java:unregister(73)) - Successfully un-registered JMX Bean with object name Ratis:service=RaftServer,group=group-574A164D3C59,id=4fdb1b49-2d71-4bdb-a206-e5cdb26d09c4
2020-07-16 21:58:50,502 [Listener at 127.0.0.1/46707] INFO  impl.RoleInfo (RoleInfo.java:shutdownLeaderState(104)) - 4fdb1b49-2d71-4bdb-a206-e5cdb26d09c4: shutdown LeaderState
2020-07-16 21:58:50,502 [Listener at 127.0.0.1/46707] INFO  impl.PendingRequests (PendingRequests.java:sendNotLeaderResponses(249)) - 4fdb1b49-2d71-4bdb-a206-e5cdb26d09c4@group-574A164D3C59-PendingRequests: sendNotLeaderResponses
2020-07-16 21:58:50,503 [Listener at 127.0.0.1/46707] INFO  metrics.RatisMetrics (RatisMetrics.java:unregister(43)) - Unregistering Metrics Registry : ratis.log_appender.4fdb1b49-2d71-4bdb-a206-e5cdb26d09c4@group-574A164D3C59
2020-07-16 21:58:50,503 [Listener at 127.0.0.1/46707] INFO  metrics.RatisMetrics (RatisMetrics.java:unregister(43)) - Unregistering Metrics Registry : ratis.server.4fdb1b49-2d71-4bdb-a206-e5cdb26d09c4@group-574A164D3C59
2020-07-16 21:58:50,504 [Listener at 127.0.0.1/46707] INFO  impl.StateMachineUpdater (StateMachineUpdater.java:stopAndJoin(142)) - 4fdb1b49-2d71-4bdb-a206-e5cdb26d09c4@group-574A164D3C59-StateMachineUpdater: set stopIndex = 0
2020-07-16 21:58:50,502 [ForkJoinPool.commonPool-worker-1] INFO  impl.PendingRequests (PendingRequests.java:sendNotLeaderResponses(249)) - 0cd7fb39-f112-4f4e-916c-e67208469a58@group-F3BBE80AF587-PendingRequests: sendNotLeaderResponses
2020-07-16 21:58:50,502 [org.apache.ratis.server.impl.LogAppender$AppenderDaemon$$Lambda$439/117110856@6b4aef56] WARN  server.GrpcLogAppender (GrpcLogAppender.java:mayWait(153)) - 0cd7fb39-f112-4f4e-916c-e67208469a58@group-F3BBE80AF587->4c89fc7b-ea3a-41c4-95af-82e0047110c2-GrpcLogAppender: Wait interrupted by java.lang.InterruptedException
2020-07-16 21:58:50,505 [ForkJoinPool.commonPool-worker-1] INFO  metrics.RatisMetrics (RatisMetrics.java:unregister(43)) - Unregistering Metrics Registry : ratis.log_appender.0cd7fb39-f112-4f4e-916c-e67208469a58@group-F3BBE80AF587
2020-07-16 21:58:50,505 [4fdb1b49-2d71-4bdb-a206-e5cdb26d09c4@group-574A164D3C59-StateMachineUpdater] INFO  ratis.ContainerStateMachine (ContainerStateMachine.java:takeSnapshot(293)) - group-574A164D3C59: Taking a snapshot at:(t:1, i:0) file /github/workspace/mnt/ozone/hadoop-ozone/integration-test/target/test-dir/MiniOzoneClusterImpl-a7962e3b-f01b-438a-a70b-bc4bb46fea7a/datanode-8/data/ratis/c4e6e2ac-6130-43dd-977a-574a164d3c59/sm/snapshot.1_0
2020-07-16 21:58:50,505 [ForkJoinPool.commonPool-worker-1] INFO  metrics.RatisMetrics (RatisMetrics.java:unregister(43)) - Unregistering Metrics Registry : ratis.server.0cd7fb39-f112-4f4e-916c-e67208469a58@group-F3BBE80AF587
2020-07-16 21:58:50,506 [4fdb1b49-2d71-4bdb-a206-e5cdb26d09c4@group-574A164D3C59-StateMachineUpdater] INFO  ratis.ContainerStateMachine (ContainerStateMachine.java:takeSnapshot(304)) - group-574A164D3C59: Finished taking a snapshot at:(t:1, i:0) file:/github/workspace/mnt/ozone/hadoop-ozone/integration-test/target/test-dir/MiniOzoneClusterImpl-a7962e3b-f01b-438a-a70b-bc4bb46fea7a/datanode-8/data/ratis/c4e6e2ac-6130-43dd-977a-574a164d3c59/sm/snapshot.1_0 time:1
2020-07-16 21:58:50,506 [4fdb1b49-2d71-4bdb-a206-e5cdb26d09c4@group-574A164D3C59-StateMachineUpdater] INFO  impl.StateMachineUpdater (StateMachineUpdater.java:takeSnapshot(277)) - 4fdb1b49-2d71-4bdb-a206-e5cdb26d09c4@group-574A164D3C59-StateMachineUpdater: Took a snapshot at index 0
2020-07-16 21:58:50,506 [4fdb1b49-2d71-4bdb-a206-e5cdb26d09c4@group-574A164D3C59-StateMachineUpdater] INFO  impl.StateMachineUpdater (StateMachineUpdater.java:lambda$new$0(87)) - 4fdb1b49-2d71-4bdb-a206-e5cdb26d09c4@group-574A164D3C59-StateMachineUpdater: snapshotIndex: updateIncreasingly -1 -> 0
2020-07-16 21:58:50,506 [ForkJoinPool.commonPool-worker-1] INFO  impl.StateMachineUpdater (StateMachineUpdater.java:stopAndJoin(142)) - 0cd7fb39-f112-4f4e-916c-e67208469a58@group-F3BBE80AF587-StateMachineUpdater: set stopIndex = 0
2020-07-16 21:58:50,506 [0cd7fb39-f112-4f4e-916c-e67208469a58@group-F3BBE80AF587-StateMachineUpdater] INFO  ratis.ContainerStateMachine (ContainerStateMachine.java:takeSnapshot(293)) - group-F3BBE80AF587: Taking a snapshot at:(t:1, i:0) file /github/workspace/mnt/ozone/hadoop-ozone/integration-test/target/test-dir/MiniOzoneClusterImpl-a7962e3b-f01b-438a-a70b-bc4bb46fea7a/datanode-1/data/ratis/c8c5a125-0566-4971-a639-f3bbe80af587/sm/snapshot.1_0
2020-07-16 21:58:50,506 [4fdb1b49-2d71-4bdb-a206-e5cdb26d09c4@group-574A164D3C59-StateMachineUpdater] INFO  metrics.RatisMetrics (RatisMetrics.java:unregister(43)) - Unregistering Metrics Registry : ratis.state_machine.4fdb1b49-2d71-4bdb-a206-e5cdb26d09c4@group-574A164D3C59
2020-07-16 21:58:50,507 [Listener at 127.0.0.1/46707] INFO  impl.RaftServerImpl (ServerState.java:close(387)) - 4fdb1b49-2d71-4bdb-a206-e5cdb26d09c4@group-574A164D3C59: closes. applyIndex: 0
2020-07-16 21:58:50,507 [4fdb1b49-2d71-4bdb-a206-e5cdb26d09c4@group-574A164D3C59-SegmentedRaftLogWorker] INFO  segmented.SegmentedRaftLogWorker (SegmentedRaftLogWorker.java:run(327)) - 4fdb1b49-2d71-4bdb-a206-e5cdb26d09c4@group-574A164D3C59-SegmentedRaftLogWorker was interrupted, exiting. There are 0 tasks remaining in the queue.
2020-07-16 21:58:50,507 [0cd7fb39-f112-4f4e-916c-e67208469a58@group-F3BBE80AF587-StateMachineUpdater] INFO  ratis.ContainerStateMachine (ContainerStateMachine.java:takeSnapshot(304)) - group-F3BBE80AF587: Finished taking a snapshot at:(t:1, i:0) file:/github/workspace/mnt/ozone/hadoop-ozone/integration-test/target/test-dir/MiniOzoneClusterImpl-a7962e3b-f01b-438a-a70b-bc4bb46fea7a/datanode-1/data/ratis/c8c5a125-0566-4971-a639-f3bbe80af587/sm/snapshot.1_0 time:1
2020-07-16 21:58:50,507 [Listener at 127.0.0.1/46707] INFO  segmented.SegmentedRaftLogWorker (SegmentedRaftLogWorker.java:close(234)) - 4fdb1b49-2d71-4bdb-a206-e5cdb26d09c4@group-574A164D3C59-SegmentedRaftLogWorker close()
2020-07-16 21:58:50,507 [0cd7fb39-f112-4f4e-916c-e67208469a58@group-F3BBE80AF587-StateMachineUpdater] INFO  impl.StateMachineUpdater (StateMachineUpdater.java:takeSnapshot(277)) - 0cd7fb39-f112-4f4e-916c-e67208469a58@group-F3BBE80AF587-StateMachineUpdater: Took a snapshot at index 0
2020-07-16 21:58:50,507 [0cd7fb39-f112-4f4e-916c-e67208469a58@group-F3BBE80AF587-StateMachineUpdater] INFO  impl.StateMachineUpdater (StateMachineUpdater.java:lambda$new$0(87)) - 0cd7fb39-f112-4f4e-916c-e67208469a58@group-F3BBE80AF587-StateMachineUpdater: snapshotIndex: updateIncreasingly -1 -> 0
2020-07-16 21:58:50,507 [0cd7fb39-f112-4f4e-916c-e67208469a58@group-F3BBE80AF587-StateMachineUpdater] INFO  metrics.RatisMetrics (RatisMetrics.java:unregister(43)) - Unregistering Metrics Registry : ratis.state_machine.0cd7fb39-f112-4f4e-916c-e67208469a58@group-F3BBE80AF587
2020-07-16 21:58:50,508 [ForkJoinPool.commonPool-worker-1] INFO  impl.RaftServerImpl (ServerState.java:close(387)) - 0cd7fb39-f112-4f4e-916c-e67208469a58@group-F3BBE80AF587: closes. applyIndex: 0
2020-07-16 21:58:50,508 [0cd7fb39-f112-4f4e-916c-e67208469a58@group-F3BBE80AF587-SegmentedRaftLogWorker] INFO  segmented.SegmentedRaftLogWorker (SegmentedRaftLogWorker.java:run(327)) - 0cd7fb39-f112-4f4e-916c-e67208469a58@group-F3BBE80AF587-SegmentedRaftLogWorker was interrupted, exiting. There are 0 tasks remaining in the queue.
2020-07-16 21:58:50,508 [ForkJoinPool.commonPool-worker-1] INFO  segmented.SegmentedRaftLogWorker (SegmentedRaftLogWorker.java:close(234)) - 0cd7fb39-f112-4f4e-916c-e67208469a58@group-F3BBE80AF587-SegmentedRaftLogWorker close()
2020-07-16 21:58:50,508 [Listener at 127.0.0.1/46707] INFO  metrics.RatisMetrics (RatisMetrics.java:unregister(43)) - Unregistering Metrics Registry : ratis.log_worker.4fdb1b49-2d71-4bdb-a206-e5cdb26d09c4@group-574A164D3C59
2020-07-16 21:58:50,509 [Listener at 127.0.0.1/46707] INFO  metrics.RatisMetrics (RatisMetrics.java:unregister(43)) - Unregistering Metrics Registry : ratis.leader_election.4fdb1b49-2d71-4bdb-a206-e5cdb26d09c4@group-574A164D3C59
2020-07-16 21:58:50,509 [Listener at 127.0.0.1/46707] INFO  metrics.RatisMetrics (RatisMetrics.java:unregister(43)) - Unregistering Metrics Registry : ratis.server.4fdb1b49-2d71-4bdb-a206-e5cdb26d09c4@group-574A164D3C59
2020-07-16 21:58:50,509 [Listener at 127.0.0.1/46707] INFO  impl.RaftServerImpl (RaftServerImpl.java:lambda$shutdown$3(252)) - 4fdb1b49-2d71-4bdb-a206-e5cdb26d09c4@group-9C5CC0F17108: shutdown
2020-07-16 21:58:50,509 [Listener at 127.0.0.1/46707] INFO  util.JmxRegister (JmxRegister.java:unregister(73)) - Successfully un-registered JMX Bean with object name Ratis:service=RaftServer,group=group-9C5CC0F17108,id=4fdb1b49-2d71-4bdb-a206-e5cdb26d09c4
2020-07-16 21:58:50,510 [Listener at 127.0.0.1/46707] INFO  impl.RoleInfo (RoleInfo.java:shutdownFollowerState(121)) - 4fdb1b49-2d71-4bdb-a206-e5cdb26d09c4: shutdown FollowerState
2020-07-16 21:58:50,509 [ForkJoinPool.commonPool-worker-1] INFO  metrics.RatisMetrics (RatisMetrics.java:unregister(43)) - Unregistering Metrics Registry : ratis.log_worker.0cd7fb39-f112-4f4e-916c-e67208469a58@group-F3BBE80AF587
2020-07-16 21:58:50,510 [Thread-1346] INFO  impl.FollowerState (FollowerState.java:run(117)) - 4fdb1b49-2d71-4bdb-a206-e5cdb26d09c4@group-9C5CC0F17108-FollowerState was interrupted: java.lang.InterruptedException: sleep interrupted
2020-07-16 21:58:50,510 [4fdb1b49-2d71-4bdb-a206-e5cdb26d09c4@group-9C5CC0F17108-StateMachineUpdater] INFO  ratis.ContainerStateMachine (ContainerStateMachine.java:takeSnapshot(293)) - group-9C5CC0F17108: Taking a snapshot at:(t:1, i:0) file /github/workspace/mnt/ozone/hadoop-ozone/integration-test/target/test-dir/MiniOzoneClusterImpl-a7962e3b-f01b-438a-a70b-bc4bb46fea7a/datanode-8/data/ratis/d911e160-3392-4d08-b08a-9c5cc0f17108/sm/snapshot.1_0
2020-07-16 21:58:50,510 [ForkJoinPool.commonPool-worker-1] INFO  metrics.RatisMetrics (RatisMetrics.java:unregister(43)) - Unregistering Metrics Registry : ratis.leader_election.0cd7fb39-f112-4f4e-916c-e67208469a58@group-F3BBE80AF587
2020-07-16 21:58:50,510 [ForkJoinPool.commonPool-worker-1] INFO  metrics.RatisMetrics (RatisMetrics.java:unregister(43)) - Unregistering Metrics Registry : ratis.server.0cd7fb39-f112-4f4e-916c-e67208469a58@group-F3BBE80AF587
2020-07-16 21:58:50,510 [ForkJoinPool.commonPool-worker-1] INFO  impl.RaftServerImpl (RaftServerImpl.java:lambda$shutdown$3(252)) - 0cd7fb39-f112-4f4e-916c-e67208469a58@group-8085B57BE6C1: shutdown
2020-07-16 21:58:50,511 [ForkJoinPool.commonPool-worker-1] INFO  util.JmxRegister (JmxRegister.java:unregister(73)) - Successfully un-registered JMX Bean with object name Ratis:service=RaftServer,group=group-8085B57BE6C1,id=0cd7fb39-f112-4f4e-916c-e67208469a58
2020-07-16 21:58:50,511 [ForkJoinPool.commonPool-worker-1] INFO  impl.RoleInfo (RoleInfo.java:shutdownLeaderState(104)) - 0cd7fb39-f112-4f4e-916c-e67208469a58: shutdown LeaderState
2020-07-16 21:58:50,511 [4fdb1b49-2d71-4bdb-a206-e5cdb26d09c4@group-9C5CC0F17108-StateMachineUpdater] INFO  ratis.ContainerStateMachine (ContainerStateMachine.java:takeSnapshot(304)) - group-9C5CC0F17108: Finished taking a snapshot at:(t:1, i:0) file:/github/workspace/mnt/ozone/hadoop-ozone/integration-test/target/test-dir/MiniOzoneClusterImpl-a7962e3b-f01b-438a-a70b-bc4bb46fea7a/datanode-8/data/ratis/d911e160-3392-4d08-b08a-9c5cc0f17108/sm/snapshot.1_0 time:1
2020-07-16 21:58:50,511 [4fdb1b49-2d71-4bdb-a206-e5cdb26d09c4@group-9C5CC0F17108-StateMachineUpdater] INFO  impl.StateMachineUpdater (StateMachineUpdater.java:takeSnapshot(277)) - 4fdb1b49-2d71-4bdb-a206-e5cdb26d09c4@group-9C5CC0F17108-StateMachineUpdater: Took a snapshot at index 0
2020-07-16 21:58:50,511 [4fdb1b49-2d71-4bdb-a206-e5cdb26d09c4@group-9C5CC0F17108-StateMachineUpdater] INFO  impl.StateMachineUpdater (StateMachineUpdater.java:lambda$new$0(87)) - 4fdb1b49-2d71-4bdb-a206-e5cdb26d09c4@group-9C5CC0F17108-StateMachineUpdater: snapshotIndex: updateIncreasingly -1 -> 0
2020-07-16 21:58:50,511 [4fdb1b49-2d71-4bdb-a206-e5cdb26d09c4@group-9C5CC0F17108-StateMachineUpdater] INFO  metrics.RatisMetrics (RatisMetrics.java:unregister(43)) - Unregistering Metrics Registry : ratis.state_machine.4fdb1b49-2d71-4bdb-a206-e5cdb26d09c4@group-9C5CC0F17108
2020-07-16 21:58:50,511 [ForkJoinPool.commonPool-worker-1] INFO  impl.PendingRequests (PendingRequests.java:sendNotLeaderResponses(249)) - 0cd7fb39-f112-4f4e-916c-e67208469a58@group-8085B57BE6C1-PendingRequests: sendNotLeaderResponses
2020-07-16 21:58:50,511 [ForkJoinPool.commonPool-worker-1] INFO  metrics.RatisMetrics (RatisMetrics.java:unregister(43)) - Unregistering Metrics Registry : ratis.log_appender.0cd7fb39-f112-4f4e-916c-e67208469a58@group-8085B57BE6C1
2020-07-16 21:58:50,512 [ForkJoinPool.commonPool-worker-1] INFO  metrics.RatisMetrics (RatisMetrics.java:unregister(43)) - Unregistering Metrics Registry : ratis.server.0cd7fb39-f112-4f4e-916c-e67208469a58@group-8085B57BE6C1
2020-07-16 21:58:50,512 [ForkJoinPool.commonPool-worker-1] INFO  impl.StateMachineUpdater (StateMachineUpdater.java:stopAndJoin(142)) - 0cd7fb39-f112-4f4e-916c-e67208469a58@group-8085B57BE6C1-StateMachineUpdater: set stopIndex = 0
2020-07-16 21:58:50,512 [Listener at 127.0.0.1/46707] INFO  impl.StateMachineUpdater (StateMachineUpdater.java:stopAndJoin(142)) - 4fdb1b49-2d71-4bdb-a206-e5cdb26d09c4@group-9C5CC0F17108-StateMachineUpdater: set stopIndex = 0
2020-07-16 21:58:50,513 [Listener at 127.0.0.1/46707] INFO  impl.RaftServerImpl (ServerState.java:close(387)) - 4fdb1b49-2d71-4bdb-a206-e5cdb26d09c4@group-9C5CC0F17108: closes. applyIndex: 0
2020-07-16 21:58:50,512 [0cd7fb39-f112-4f4e-916c-e67208469a58@group-8085B57BE6C1-StateMachineUpdater] INFO  ratis.ContainerStateMachine (ContainerStateMachine.java:takeSnapshot(293)) - group-8085B57BE6C1: Taking a snapshot at:(t:1, i:0) file /github/workspace/mnt/ozone/hadoop-ozone/integration-test/target/test-dir/MiniOzoneClusterImpl-a7962e3b-f01b-438a-a70b-bc4bb46fea7a/datanode-1/data/ratis/b0d94970-4054-46b1-99fd-8085b57be6c1/sm/snapshot.1_0
2020-07-16 21:58:50,513 [4fdb1b49-2d71-4bdb-a206-e5cdb26d09c4@group-9C5CC0F17108-SegmentedRaftLogWorker] INFO  segmented.SegmentedRaftLogWorker (SegmentedRaftLogWorker.java:run(327)) - 4fdb1b49-2d71-4bdb-a206-e5cdb26d09c4@group-9C5CC0F17108-SegmentedRaftLogWorker was interrupted, exiting. There are 0 tasks remaining in the queue.
2020-07-16 21:58:50,513 [Listener at 127.0.0.1/46707] INFO  segmented.SegmentedRaftLogWorker (SegmentedRaftLogWorker.java:close(234)) - 4fdb1b49-2d71-4bdb-a206-e5cdb26d09c4@group-9C5CC0F17108-SegmentedRaftLogWorker close()
2020-07-16 21:58:50,513 [0cd7fb39-f112-4f4e-916c-e67208469a58@group-8085B57BE6C1-StateMachineUpdater] INFO  ratis.ContainerStateMachine (ContainerStateMachine.java:takeSnapshot(304)) - group-8085B57BE6C1: Finished taking a snapshot at:(t:1, i:0) file:/github/workspace/mnt/ozone/hadoop-ozone/integration-test/target/test-dir/MiniOzoneClusterImpl-a7962e3b-f01b-438a-a70b-bc4bb46fea7a/datanode-1/data/ratis/b0d94970-4054-46b1-99fd-8085b57be6c1/sm/snapshot.1_0 time:1
2020-07-16 21:58:50,514 [0cd7fb39-f112-4f4e-916c-e67208469a58@group-8085B57BE6C1-StateMachineUpdater] INFO  impl.StateMachineUpdater (StateMachineUpdater.java:takeSnapshot(277)) - 0cd7fb39-f112-4f4e-916c-e67208469a58@group-8085B57BE6C1-StateMachineUpdater: Took a snapshot at index 0
2020-07-16 21:58:50,514 [0cd7fb39-f112-4f4e-916c-e67208469a58@group-8085B57BE6C1-StateMachineUpdater] INFO  impl.StateMachineUpdater (StateMachineUpdater.java:lambda$new$0(87)) - 0cd7fb39-f112-4f4e-916c-e67208469a58@group-8085B57BE6C1-StateMachineUpdater: snapshotIndex: updateIncreasingly -1 -> 0
2020-07-16 21:58:50,514 [0cd7fb39-f112-4f4e-916c-e67208469a58@group-8085B57BE6C1-StateMachineUpdater] INFO  metrics.RatisMetrics (RatisMetrics.java:unregister(43)) - Unregistering Metrics Registry : ratis.state_machine.0cd7fb39-f112-4f4e-916c-e67208469a58@group-8085B57BE6C1
2020-07-16 21:58:50,514 [ForkJoinPool.commonPool-worker-1] INFO  impl.RaftServerImpl (ServerState.java:close(387)) - 0cd7fb39-f112-4f4e-916c-e67208469a58@group-8085B57BE6C1: closes. applyIndex: 0
2020-07-16 21:58:50,514 [0cd7fb39-f112-4f4e-916c-e67208469a58@group-8085B57BE6C1-SegmentedRaftLogWorker] INFO  segmented.SegmentedRaftLogWorker (SegmentedRaftLogWorker.java:run(327)) - 0cd7fb39-f112-4f4e-916c-e67208469a58@group-8085B57BE6C1-SegmentedRaftLogWorker was interrupted, exiting. There are 0 tasks remaining in the queue.
2020-07-16 21:58:50,514 [ForkJoinPool.commonPool-worker-1] INFO  segmented.SegmentedRaftLogWorker (SegmentedRaftLogWorker.java:close(234)) - 0cd7fb39-f112-4f4e-916c-e67208469a58@group-8085B57BE6C1-SegmentedRaftLogWorker close()
2020-07-16 21:58:50,515 [Listener at 127.0.0.1/46707] INFO  metrics.RatisMetrics (RatisMetrics.java:unregister(43)) - Unregistering Metrics Registry : ratis.log_worker.4fdb1b49-2d71-4bdb-a206-e5cdb26d09c4@group-9C5CC0F17108
2020-07-16 21:58:50,515 [Listener at 127.0.0.1/46707] INFO  metrics.RatisMetrics (RatisMetrics.java:unregister(43)) - Unregistering Metrics Registry : ratis.leader_election.4fdb1b49-2d71-4bdb-a206-e5cdb26d09c4@group-9C5CC0F17108
2020-07-16 21:58:50,516 [Listener at 127.0.0.1/46707] INFO  metrics.RatisMetrics (RatisMetrics.java:unregister(43)) - Unregistering Metrics Registry : ratis.server.4fdb1b49-2d71-4bdb-a206-e5cdb26d09c4@group-9C5CC0F17108
2020-07-16 21:58:50,516 [Listener at 127.0.0.1/46707] INFO  server.GrpcService (GrpcService.java:closeImpl(166)) - 4fdb1b49-2d71-4bdb-a206-e5cdb26d09c4: shutdown server with port 42815 now
2020-07-16 21:58:50,515 [ForkJoinPool.commonPool-worker-1] INFO  metrics.RatisMetrics (RatisMetrics.java:unregister(43)) - Unregistering Metrics Registry : ratis.log_worker.0cd7fb39-f112-4f4e-916c-e67208469a58@group-8085B57BE6C1
2020-07-16 21:58:50,516 [ForkJoinPool.commonPool-worker-1] INFO  metrics.RatisMetrics (RatisMetrics.java:unregister(43)) - Unregistering Metrics Registry : ratis.leader_election.0cd7fb39-f112-4f4e-916c-e67208469a58@group-8085B57BE6C1
2020-07-16 21:58:50,516 [ForkJoinPool.commonPool-worker-1] INFO  metrics.RatisMetrics (RatisMetrics.java:unregister(43)) - Unregistering Metrics Registry : ratis.server.0cd7fb39-f112-4f4e-916c-e67208469a58@group-8085B57BE6C1
2020-07-16 21:58:50,517 [ForkJoinPool.commonPool-worker-1] INFO  server.GrpcService (GrpcService.java:closeImpl(166)) - 0cd7fb39-f112-4f4e-916c-e67208469a58: shutdown server with port 44789 now
2020-07-16 21:58:50,517 [ForkJoinPool.commonPool-worker-1] INFO  server.GrpcService (GrpcService.java:closeImpl(174)) - 0cd7fb39-f112-4f4e-916c-e67208469a58: shutdown server with port 44789 successfully
2020-07-16 21:58:50,518 [grpc-default-executor-2] WARN  server.GrpcLogAppender (LogUtils.java:warn(122)) - c1d5e687-c863-4f42-9bf6-d3ee3c6f8869@group-9C5CC0F17108->4fdb1b49-2d71-4bdb-a206-e5cdb26d09c4-AppendLogResponseHandler: Failed appendEntries: org.apache.ratis.thirdparty.io.grpc.StatusRuntimeException: CANCELLED: HTTP/2 error code: CANCEL
Received Rst Stream
2020-07-16 21:58:50,518 [grpc-default-executor-4] WARN  server.GrpcServerProtocolService (LogUtils.java:warn(122)) - 4fdb1b49-2d71-4bdb-a206-e5cdb26d09c4: installSnapshot onError, lastRequest: c1d5e687-c863-4f42-9bf6-d3ee3c6f8869->4fdb1b49-2d71-4bdb-a206-e5cdb26d09c4#1-t1, previous=(t:0, i:0), leaderCommit=0, initializing? false, entries: size=1, first=(t:1, i:0), CONFIGURATIONENTRY: org.apache.ratis.thirdparty.io.grpc.StatusRuntimeException: CANCELLED: cancelled before receiving half close
2020-07-16 21:58:50,518 [grpc-default-executor-2] INFO  impl.FollowerInfo (FollowerInfo.java:lambda$new$0(51)) - c1d5e687-c863-4f42-9bf6-d3ee3c6f8869@group-9C5CC0F17108->4fdb1b49-2d71-4bdb-a206-e5cdb26d09c4: nextIndex: updateUnconditionally 1 -> 0
2020-07-16 21:58:50,518 [Listener at 127.0.0.1/46707] INFO  server.GrpcService (GrpcService.java:closeImpl(174)) - 4fdb1b49-2d71-4bdb-a206-e5cdb26d09c4: shutdown server with port 42815 successfully
2020-07-16 21:58:50,519 [Listener at 127.0.0.1/46707] INFO  utils.BackgroundService (BackgroundService.java:shutdown(157)) - Shutting down service BlockDeletingService
2020-07-16 21:58:50,522 [ForkJoinPool.commonPool-worker-1] INFO  utils.BackgroundService (BackgroundService.java:shutdown(157)) - Shutting down service BlockDeletingService
2020-07-16 21:58:50,522 [Listener at 127.0.0.1/46707] INFO  statemachine.DatanodeStateMachine (DatanodeStateMachine.java:stopDaemon(428)) - Ozone container server stopped.
2020-07-16 21:58:50,528 [Listener at 127.0.0.1/46707] INFO  handler.ContextHandler (ContextHandler.java:doStop(1016)) - Stopped o.e.j.w.WebAppContext@b753aa5{hddsDatanode,/,null,UNAVAILABLE}{jar:file:/home/user/.m2/repository/org/apache/hadoop/hadoop-hdds-container-service/0.6.0-SNAPSHOT/hadoop-hdds-container-service-0.6.0-SNAPSHOT.jar!/webapps/hddsDatanode}
2020-07-16 21:58:50,528 [ForkJoinPool.commonPool-worker-1] INFO  statemachine.DatanodeStateMachine (DatanodeStateMachine.java:stopDaemon(428)) - Ozone container server stopped.
2020-07-16 21:58:50,535 [ForkJoinPool.commonPool-worker-1] INFO  handler.ContextHandler (ContextHandler.java:doStop(1016)) - Stopped o.e.j.w.WebAppContext@57110a9d{hddsDatanode,/,null,UNAVAILABLE}{jar:file:/home/user/.m2/repository/org/apache/hadoop/hadoop-hdds-container-service/0.6.0-SNAPSHOT/hadoop-hdds-container-service-0.6.0-SNAPSHOT.jar!/webapps/hddsDatanode}
2020-07-16 21:58:50,536 [Listener at 127.0.0.1/46707] INFO  server.AbstractConnector (AbstractConnector.java:doStop(380)) - Stopped ServerConnector@4358797d{HTTP/1.1,[http/1.1]}{0.0.0.0:0}
2020-07-16 21:58:50,536 [Listener at 127.0.0.1/46707] INFO  server.session (HouseKeeper.java:stopScavenging(158)) - node0 Stopped scavenging
2020-07-16 21:58:50,536 [Listener at 127.0.0.1/46707] INFO  handler.ContextHandler (ContextHandler.java:doStop(1016)) - Stopped o.e.j.s.ServletContextHandler@72602969{static,/static,jar:file:/home/user/.m2/repository/org/apache/hadoop/hadoop-hdds-container-service/0.6.0-SNAPSHOT/hadoop-hdds-container-service-0.6.0-SNAPSHOT.jar!/webapps/static,UNAVAILABLE}
2020-07-16 21:58:50,537 [Listener at 127.0.0.1/46707] INFO  handler.ContextHandler (ContextHandler.java:doStop(1016)) - Stopped o.e.j.s.ServletContextHandler@6516a5e9{logs,/logs,file:///github/workspace/mnt/ozone/hadoop-ozone/integration-test/target/log,UNAVAILABLE}
2020-07-16 21:58:50,538 [ForkJoinPool.commonPool-worker-1] INFO  server.AbstractConnector (AbstractConnector.java:doStop(380)) - Stopped ServerConnector@3596c09d{HTTP/1.1,[http/1.1]}{0.0.0.0:0}
2020-07-16 21:58:50,538 [ForkJoinPool.commonPool-worker-1] INFO  server.session (HouseKeeper.java:stopScavenging(158)) - node0 Stopped scavenging
2020-07-16 21:58:50,538 [ForkJoinPool.commonPool-worker-1] INFO  handler.ContextHandler (ContextHandler.java:doStop(1016)) - Stopped o.e.j.s.ServletContextHandler@3bb47d36{static,/static,jar:file:/home/user/.m2/repository/org/apache/hadoop/hadoop-hdds-container-service/0.6.0-SNAPSHOT/hadoop-hdds-container-service-0.6.0-SNAPSHOT.jar!/webapps/static,UNAVAILABLE}
2020-07-16 21:58:50,539 [ForkJoinPool.commonPool-worker-1] INFO  handler.ContextHandler (ContextHandler.java:doStop(1016)) - Stopped o.e.j.s.ServletContextHandler@369ad283{logs,/logs,file:///github/workspace/mnt/ozone/hadoop-ozone/integration-test/target/log,UNAVAILABLE}
2020-07-16 21:58:51,121 [Datanode State Machine Thread - 0] INFO  statemachine.DatanodeStateMachine (DatanodeStateMachine.java:lambda$startDaemon$0(380)) - Ozone container server started.
2020-07-16 21:58:52,590 [grpc-default-executor-2] WARN  server.GrpcLogAppender (LogUtils.java:warn(122)) - c1d5e687-c863-4f42-9bf6-d3ee3c6f8869@group-9C5CC0F17108->0e9f6704-3ceb-4f07-bcaa-7e71693368ff-AppendLogResponseHandler: Failed appendEntries: org.apache.ratis.thirdparty.io.grpc.StatusRuntimeException: UNAVAILABLE: io exception
2020-07-16 21:58:52,590 [grpc-default-executor-2] INFO  impl.FollowerInfo (FollowerInfo.java:lambda$new$0(51)) - c1d5e687-c863-4f42-9bf6-d3ee3c6f8869@group-9C5CC0F17108->0e9f6704-3ceb-4f07-bcaa-7e71693368ff: nextIndex: updateUnconditionally 1 -> 0
2020-07-16 21:58:52,595 [grpc-default-executor-4] WARN  server.GrpcLogAppender (LogUtils.java:warn(122)) - c1d5e687-c863-4f42-9bf6-d3ee3c6f8869@group-9C5CC0F17108->4fdb1b49-2d71-4bdb-a206-e5cdb26d09c4-AppendLogResponseHandler: Failed appendEntries: org.apache.ratis.thirdparty.io.grpc.StatusRuntimeException: UNAVAILABLE: io exception
2020-07-16 21:58:52,596 [grpc-default-executor-4] INFO  impl.FollowerInfo (FollowerInfo.java:lambda$new$0(51)) - c1d5e687-c863-4f42-9bf6-d3ee3c6f8869@group-9C5CC0F17108->4fdb1b49-2d71-4bdb-a206-e5cdb26d09c4: nextIndex: updateUnconditionally 1 -> 0
2020-07-16 21:58:55,093 [grpc-default-executor-2] WARN  server.GrpcLogAppender (LogUtils.java:warn(122)) - c1d5e687-c863-4f42-9bf6-d3ee3c6f8869@group-9C5CC0F17108->0e9f6704-3ceb-4f07-bcaa-7e71693368ff-AppendLogResponseHandler: Failed appendEntries: org.apache.ratis.thirdparty.io.grpc.StatusRuntimeException: UNAVAILABLE: io exception
2020-07-16 21:58:55,093 [grpc-default-executor-2] INFO  impl.FollowerInfo (FollowerInfo.java:lambda$new$0(51)) - c1d5e687-c863-4f42-9bf6-d3ee3c6f8869@group-9C5CC0F17108->0e9f6704-3ceb-4f07-bcaa-7e71693368ff: nextIndex: updateUnconditionally 1 -> 0
2020-07-16 21:58:55,097 [grpc-default-executor-4] WARN  server.GrpcLogAppender (LogUtils.java:warn(122)) - c1d5e687-c863-4f42-9bf6-d3ee3c6f8869@group-9C5CC0F17108->4fdb1b49-2d71-4bdb-a206-e5cdb26d09c4-AppendLogResponseHandler: Failed appendEntries: org.apache.ratis.thirdparty.io.grpc.StatusRuntimeException: UNAVAILABLE: io exception
2020-07-16 21:58:55,097 [grpc-default-executor-4] INFO  impl.FollowerInfo (FollowerInfo.java:lambda$new$0(51)) - c1d5e687-c863-4f42-9bf6-d3ee3c6f8869@group-9C5CC0F17108->4fdb1b49-2d71-4bdb-a206-e5cdb26d09c4: nextIndex: updateUnconditionally 1 -> 0
2020-07-16 21:58:55,541 [Listener at 127.0.0.1/46707] INFO  ozoneimpl.OzoneContainer (OzoneContainer.java:stop(247)) - Attempting to stop container services.
2020-07-16 21:58:55,541 [Listener at 127.0.0.1/46707] INFO  impl.RaftServerProxy (RaftServerProxy.java:lambda$close$4(319)) - c1d5e687-c863-4f42-9bf6-d3ee3c6f8869: close
2020-07-16 21:58:55,541 [Listener at 127.0.0.1/46707] INFO  impl.RaftServerImpl (RaftServerImpl.java:lambda$shutdown$3(252)) - c1d5e687-c863-4f42-9bf6-d3ee3c6f8869@group-9C5CC0F17108: shutdown
2020-07-16 21:58:55,541 [ForkJoinPool.commonPool-worker-0] INFO  impl.RaftServerImpl (RaftServerImpl.java:lambda$shutdown$3(252)) - c1d5e687-c863-4f42-9bf6-d3ee3c6f8869@group-2CBF2E86D94F: shutdown
2020-07-16 21:58:55,542 [Listener at 127.0.0.1/46707] INFO  util.JmxRegister (JmxRegister.java:unregister(73)) - Successfully un-registered JMX Bean with object name Ratis:service=RaftServer,group=group-9C5CC0F17108,id=c1d5e687-c863-4f42-9bf6-d3ee3c6f8869
2020-07-16 21:58:55,542 [Listener at 127.0.0.1/46707] INFO  impl.RoleInfo (RoleInfo.java:shutdownLeaderState(104)) - c1d5e687-c863-4f42-9bf6-d3ee3c6f8869: shutdown LeaderState
2020-07-16 21:58:55,542 [Listener at 127.0.0.1/46707] INFO  metrics.RatisMetrics (RatisMetrics.java:unregister(43)) - Unregistering Metrics Registry : ratis_grpc.log_appender.c1d5e687-c863-4f42-9bf6-d3ee3c6f8869@group-9C5CC0F17108
2020-07-16 21:58:55,542 [ForkJoinPool.commonPool-worker-0] INFO  util.JmxRegister (JmxRegister.java:unregister(73)) - Successfully un-registered JMX Bean with object name Ratis:service=RaftServer,group=group-2CBF2E86D94F,id=c1d5e687-c863-4f42-9bf6-d3ee3c6f8869
2020-07-16 21:58:55,543 [org.apache.ratis.server.impl.LogAppender$AppenderDaemon$$Lambda$439/117110856@4e6994e] WARN  server.GrpcLogAppender (GrpcLogAppender.java:mayWait(153)) - c1d5e687-c863-4f42-9bf6-d3ee3c6f8869@group-9C5CC0F17108->0e9f6704-3ceb-4f07-bcaa-7e71693368ff-GrpcLogAppender: Wait interrupted by java.lang.InterruptedException
2020-07-16 21:58:55,543 [Listener at 127.0.0.1/46707] INFO  metrics.RatisMetrics (RatisMetrics.java:unregister(43)) - Unregistering Metrics Registry : ratis_grpc.log_appender.c1d5e687-c863-4f42-9bf6-d3ee3c6f8869@group-9C5CC0F17108
2020-07-16 21:58:55,543 [ForkJoinPool.commonPool-worker-0] INFO  impl.RoleInfo (RoleInfo.java:shutdownLeaderState(104)) - c1d5e687-c863-4f42-9bf6-d3ee3c6f8869: shutdown LeaderState
2020-07-16 21:58:55,547 [ForkJoinPool.commonPool-worker-0] INFO  impl.PendingRequests (PendingRequests.java:sendNotLeaderResponses(249)) - c1d5e687-c863-4f42-9bf6-d3ee3c6f8869@group-2CBF2E86D94F-PendingRequests: sendNotLeaderResponses
2020-07-16 21:58:55,547 [ForkJoinPool.commonPool-worker-0] INFO  metrics.RatisMetrics (RatisMetrics.java:unregister(43)) - Unregistering Metrics Registry : ratis.log_appender.c1d5e687-c863-4f42-9bf6-d3ee3c6f8869@group-2CBF2E86D94F
2020-07-16 21:58:55,545 [Listener at 127.0.0.1/46707] INFO  impl.PendingRequests (PendingRequests.java:sendNotLeaderResponses(249)) - c1d5e687-c863-4f42-9bf6-d3ee3c6f8869@group-9C5CC0F17108-PendingRequests: sendNotLeaderResponses
2020-07-16 21:58:55,545 [org.apache.ratis.server.impl.LogAppender$AppenderDaemon$$Lambda$439/117110856@2c5654c6] WARN  server.GrpcLogAppender (GrpcLogAppender.java:mayWait(153)) - c1d5e687-c863-4f42-9bf6-d3ee3c6f8869@group-9C5CC0F17108->4fdb1b49-2d71-4bdb-a206-e5cdb26d09c4-GrpcLogAppender: Wait interrupted by java.lang.InterruptedException
2020-07-16 21:58:55,547 [Listener at 127.0.0.1/46707] INFO  metrics.RatisMetrics (RatisMetrics.java:unregister(43)) - Unregistering Metrics Registry : ratis.log_appender.c1d5e687-c863-4f42-9bf6-d3ee3c6f8869@group-9C5CC0F17108
2020-07-16 21:58:55,547 [ForkJoinPool.commonPool-worker-0] INFO  metrics.RatisMetrics (RatisMetrics.java:unregister(43)) - Unregistering Metrics Registry : ratis.server.c1d5e687-c863-4f42-9bf6-d3ee3c6f8869@group-2CBF2E86D94F
2020-07-16 21:58:55,548 [Listener at 127.0.0.1/46707] INFO  metrics.RatisMetrics (RatisMetrics.java:unregister(43)) - Unregistering Metrics Registry : ratis.server.c1d5e687-c863-4f42-9bf6-d3ee3c6f8869@group-9C5CC0F17108
2020-07-16 21:58:55,549 [ForkJoinPool.commonPool-worker-0] INFO  impl.StateMachineUpdater (StateMachineUpdater.java:stopAndJoin(142)) - c1d5e687-c863-4f42-9bf6-d3ee3c6f8869@group-2CBF2E86D94F-StateMachineUpdater: set stopIndex = 0
2020-07-16 21:58:55,550 [c1d5e687-c863-4f42-9bf6-d3ee3c6f8869@group-2CBF2E86D94F-StateMachineUpdater] INFO  ratis.ContainerStateMachine (ContainerStateMachine.java:takeSnapshot(293)) - group-2CBF2E86D94F: Taking a snapshot at:(t:1, i:0) file /github/workspace/mnt/ozone/hadoop-ozone/integration-test/target/test-dir/MiniOzoneClusterImpl-a7962e3b-f01b-438a-a70b-bc4bb46fea7a/datanode-6/data/ratis/bd37f632-b9f3-4687-b2d9-2cbf2e86d94f/sm/snapshot.1_0
2020-07-16 21:58:55,551 [Listener at 127.0.0.1/46707] INFO  impl.StateMachineUpdater (StateMachineUpdater.java:stopAndJoin(142)) - c1d5e687-c863-4f42-9bf6-d3ee3c6f8869@group-9C5CC0F17108-StateMachineUpdater: set stopIndex = 0
2020-07-16 21:58:55,551 [c1d5e687-c863-4f42-9bf6-d3ee3c6f8869@group-9C5CC0F17108-StateMachineUpdater] INFO  ratis.ContainerStateMachine (ContainerStateMachine.java:takeSnapshot(293)) - group-9C5CC0F17108: Taking a snapshot at:(t:1, i:0) file /github/workspace/mnt/ozone/hadoop-ozone/integration-test/target/test-dir/MiniOzoneClusterImpl-a7962e3b-f01b-438a-a70b-bc4bb46fea7a/datanode-6/data/ratis/d911e160-3392-4d08-b08a-9c5cc0f17108/sm/snapshot.1_0
2020-07-16 21:58:55,551 [c1d5e687-c863-4f42-9bf6-d3ee3c6f8869@group-2CBF2E86D94F-StateMachineUpdater] INFO  ratis.ContainerStateMachine (ContainerStateMachine.java:takeSnapshot(304)) - group-2CBF2E86D94F: Finished taking a snapshot at:(t:1, i:0) file:/github/workspace/mnt/ozone/hadoop-ozone/integration-test/target/test-dir/MiniOzoneClusterImpl-a7962e3b-f01b-438a-a70b-bc4bb46fea7a/datanode-6/data/ratis/bd37f632-b9f3-4687-b2d9-2cbf2e86d94f/sm/snapshot.1_0 time:1
2020-07-16 21:58:55,552 [c1d5e687-c863-4f42-9bf6-d3ee3c6f8869@group-2CBF2E86D94F-StateMachineUpdater] INFO  impl.StateMachineUpdater (StateMachineUpdater.java:takeSnapshot(277)) - c1d5e687-c863-4f42-9bf6-d3ee3c6f8869@group-2CBF2E86D94F-StateMachineUpdater: Took a snapshot at index 0
2020-07-16 21:58:55,552 [c1d5e687-c863-4f42-9bf6-d3ee3c6f8869@group-2CBF2E86D94F-StateMachineUpdater] INFO  impl.StateMachineUpdater (StateMachineUpdater.java:lambda$new$0(87)) - c1d5e687-c863-4f42-9bf6-d3ee3c6f8869@group-2CBF2E86D94F-StateMachineUpdater: snapshotIndex: updateIncreasingly -1 -> 0
2020-07-16 21:58:55,552 [c1d5e687-c863-4f42-9bf6-d3ee3c6f8869@group-9C5CC0F17108-StateMachineUpdater] INFO  ratis.ContainerStateMachine (ContainerStateMachine.java:takeSnapshot(304)) - group-9C5CC0F17108: Finished taking a snapshot at:(t:1, i:0) file:/github/workspace/mnt/ozone/hadoop-ozone/integration-test/target/test-dir/MiniOzoneClusterImpl-a7962e3b-f01b-438a-a70b-bc4bb46fea7a/datanode-6/data/ratis/d911e160-3392-4d08-b08a-9c5cc0f17108/sm/snapshot.1_0 time:1
2020-07-16 21:58:55,552 [c1d5e687-c863-4f42-9bf6-d3ee3c6f8869@group-2CBF2E86D94F-StateMachineUpdater] INFO  metrics.RatisMetrics (RatisMetrics.java:unregister(43)) - Unregistering Metrics Registry : ratis.state_machine.c1d5e687-c863-4f42-9bf6-d3ee3c6f8869@group-2CBF2E86D94F
2020-07-16 21:58:55,552 [c1d5e687-c863-4f42-9bf6-d3ee3c6f8869@group-9C5CC0F17108-StateMachineUpdater] INFO  impl.StateMachineUpdater (StateMachineUpdater.java:takeSnapshot(277)) - c1d5e687-c863-4f42-9bf6-d3ee3c6f8869@group-9C5CC0F17108-StateMachineUpdater: Took a snapshot at index 0
2020-07-16 21:58:55,552 [c1d5e687-c863-4f42-9bf6-d3ee3c6f8869@group-9C5CC0F17108-StateMachineUpdater] INFO  impl.StateMachineUpdater (StateMachineUpdater.java:lambda$new$0(87)) - c1d5e687-c863-4f42-9bf6-d3ee3c6f8869@group-9C5CC0F17108-StateMachineUpdater: snapshotIndex: updateIncreasingly -1 -> 0
2020-07-16 21:58:55,552 [c1d5e687-c863-4f42-9bf6-d3ee3c6f8869@group-9C5CC0F17108-StateMachineUpdater] INFO  metrics.RatisMetrics (RatisMetrics.java:unregister(43)) - Unregistering Metrics Registry : ratis.state_machine.c1d5e687-c863-4f42-9bf6-d3ee3c6f8869@group-9C5CC0F17108
2020-07-16 21:58:55,552 [Listener at 127.0.0.1/46707] INFO  impl.RaftServerImpl (ServerState.java:close(387)) - c1d5e687-c863-4f42-9bf6-d3ee3c6f8869@group-9C5CC0F17108: closes. applyIndex: 0
2020-07-16 21:58:55,553 [c1d5e687-c863-4f42-9bf6-d3ee3c6f8869@group-9C5CC0F17108-SegmentedRaftLogWorker] INFO  segmented.SegmentedRaftLogWorker (SegmentedRaftLogWorker.java:run(327)) - c1d5e687-c863-4f42-9bf6-d3ee3c6f8869@group-9C5CC0F17108-SegmentedRaftLogWorker was interrupted, exiting. There are 0 tasks remaining in the queue.
2020-07-16 21:58:55,553 [Listener at 127.0.0.1/46707] INFO  segmented.SegmentedRaftLogWorker (SegmentedRaftLogWorker.java:close(234)) - c1d5e687-c863-4f42-9bf6-d3ee3c6f8869@group-9C5CC0F17108-SegmentedRaftLogWorker close()
2020-07-16 21:58:55,552 [ForkJoinPool.commonPool-worker-0] INFO  impl.RaftServerImpl (ServerState.java:close(387)) - c1d5e687-c863-4f42-9bf6-d3ee3c6f8869@group-2CBF2E86D94F: closes. applyIndex: 0
2020-07-16 21:58:55,554 [Listener at 127.0.0.1/46707] INFO  metrics.RatisMetrics (RatisMetrics.java:unregister(43)) - Unregistering Metrics Registry : ratis.log_worker.c1d5e687-c863-4f42-9bf6-d3ee3c6f8869@group-9C5CC0F17108
2020-07-16 21:58:55,554 [c1d5e687-c863-4f42-9bf6-d3ee3c6f8869@group-2CBF2E86D94F-SegmentedRaftLogWorker] INFO  segmented.SegmentedRaftLogWorker (SegmentedRaftLogWorker.java:run(327)) - c1d5e687-c863-4f42-9bf6-d3ee3c6f8869@group-2CBF2E86D94F-SegmentedRaftLogWorker was interrupted, exiting. There are 0 tasks remaining in the queue.
2020-07-16 21:58:55,554 [ForkJoinPool.commonPool-worker-0] INFO  segmented.SegmentedRaftLogWorker (SegmentedRaftLogWorker.java:close(234)) - c1d5e687-c863-4f42-9bf6-d3ee3c6f8869@group-2CBF2E86D94F-SegmentedRaftLogWorker close()
2020-07-16 21:58:55,555 [ForkJoinPool.commonPool-worker-0] INFO  metrics.RatisMetrics (RatisMetrics.java:unregister(43)) - Unregistering Metrics Registry : ratis.log_worker.c1d5e687-c863-4f42-9bf6-d3ee3c6f8869@group-2CBF2E86D94F
2020-07-16 21:58:55,554 [Listener at 127.0.0.1/46707] INFO  metrics.RatisMetrics (RatisMetrics.java:unregister(43)) - Unregistering Metrics Registry : ratis.leader_election.c1d5e687-c863-4f42-9bf6-d3ee3c6f8869@group-9C5CC0F17108
2020-07-16 21:58:55,555 [ForkJoinPool.commonPool-worker-0] INFO  metrics.RatisMetrics (RatisMetrics.java:unregister(43)) - Unregistering Metrics Registry : ratis.leader_election.c1d5e687-c863-4f42-9bf6-d3ee3c6f8869@group-2CBF2E86D94F
2020-07-16 21:58:55,555 [ForkJoinPool.commonPool-worker-0] INFO  metrics.RatisMetrics (RatisMetrics.java:unregister(43)) - Unregistering Metrics Registry : ratis.server.c1d5e687-c863-4f42-9bf6-d3ee3c6f8869@group-2CBF2E86D94F
2020-07-16 21:58:55,555 [Listener at 127.0.0.1/46707] INFO  metrics.RatisMetrics (RatisMetrics.java:unregister(43)) - Unregistering Metrics Registry : ratis.server.c1d5e687-c863-4f42-9bf6-d3ee3c6f8869@group-9C5CC0F17108
2020-07-16 21:58:55,557 [Listener at 127.0.0.1/46707] INFO  server.GrpcService (GrpcService.java:closeImpl(166)) - c1d5e687-c863-4f42-9bf6-d3ee3c6f8869: shutdown server with port 39659 now
2020-07-16 21:58:55,557 [Listener at 127.0.0.1/46707] INFO  server.GrpcService (GrpcService.java:closeImpl(174)) - c1d5e687-c863-4f42-9bf6-d3ee3c6f8869: shutdown server with port 39659 successfully
2020-07-16 21:58:55,558 [Listener at 127.0.0.1/46707] INFO  utils.BackgroundService (BackgroundService.java:shutdown(157)) - Shutting down service BlockDeletingService
2020-07-16 21:58:55,559 [Listener at 127.0.0.1/46707] INFO  statemachine.DatanodeStateMachine (DatanodeStateMachine.java:stopDaemon(428)) - Ozone container server stopped.
2020-07-16 21:58:55,565 [Listener at 127.0.0.1/46707] INFO  handler.ContextHandler (ContextHandler.java:doStop(1016)) - Stopped o.e.j.w.WebAppContext@674666b6{hddsDatanode,/,null,UNAVAILABLE}{jar:file:/home/user/.m2/repository/org/apache/hadoop/hadoop-hdds-container-service/0.6.0-SNAPSHOT/hadoop-hdds-container-service-0.6.0-SNAPSHOT.jar!/webapps/hddsDatanode}
2020-07-16 21:58:55,566 [Listener at 127.0.0.1/46707] INFO  server.AbstractConnector (AbstractConnector.java:doStop(380)) - Stopped ServerConnector@25a0c208{HTTP/1.1,[http/1.1]}{0.0.0.0:0}
2020-07-16 21:58:55,566 [Listener at 127.0.0.1/46707] INFO  server.session (HouseKeeper.java:stopScavenging(158)) - node0 Stopped scavenging
2020-07-16 21:58:55,566 [Listener at 127.0.0.1/46707] INFO  handler.ContextHandler (ContextHandler.java:doStop(1016)) - Stopped o.e.j.s.ServletContextHandler@7342eb53{static,/static,jar:file:/home/user/.m2/repository/org/apache/hadoop/hadoop-hdds-container-service/0.6.0-SNAPSHOT/hadoop-hdds-container-service-0.6.0-SNAPSHOT.jar!/webapps/static,UNAVAILABLE}
2020-07-16 21:58:55,567 [Listener at 127.0.0.1/46707] INFO  handler.ContextHandler (ContextHandler.java:doStop(1016)) - Stopped o.e.j.s.ServletContextHandler@5592464a{logs,/logs,file:///github/workspace/mnt/ozone/hadoop-ozone/integration-test/target/log,UNAVAILABLE}
2020-07-16 21:58:55,568 [Listener at 127.0.0.1/46707] INFO  ozone.MiniOzoneClusterImpl (MiniOzoneClusterImpl.java:stopSCM(476)) - Stopping the StorageContainerManager
2020-07-16 21:58:55,568 [Listener at 127.0.0.1/46707] INFO  server.StorageContainerManager (StorageContainerManager.java:stop(827)) - Stopping Replication Manager Service.
2020-07-16 21:58:55,568 [Listener at 127.0.0.1/46707] INFO  container.ReplicationManager (ReplicationManager.java:stop(218)) - Stopping Replication Monitor Thread.
2020-07-16 21:58:55,569 [Listener at 127.0.0.1/46707] INFO  server.StorageContainerManager (StorageContainerManager.java:stop(834)) - Stopping Lease Manager of the command watchers
2020-07-16 21:58:55,569 [Listener at 127.0.0.1/46707] INFO  server.StorageContainerManager (StorageContainerManager.java:stop(841)) - Stopping datanode service RPC server
2020-07-16 21:58:55,569 [CommandWatcher-LeaseManager#LeaseMonitor] ERROR lease.LeaseManager (LeaseManager.java:run(238)) - Execution was interrupted 
java.lang.InterruptedException: sleep interrupted
	at java.lang.Thread.sleep(Native Method)
	at org.apache.hadoop.ozone.lease.LeaseManager$LeaseMonitor.run(LeaseManager.java:234)
	at java.lang.Thread.run(Thread.java:748)
2020-07-16 21:58:55,569 [Listener at 127.0.0.1/46707] INFO  server.SCMDatanodeProtocolServer (SCMDatanodeProtocolServer.java:stop(361)) - Stopping the RPC server for DataNodes
2020-07-16 21:58:55,569 [Listener at 127.0.0.1/46707] INFO  ipc.Server (Server.java:stop(3359)) - Stopping server on 35013
2020-07-16 21:58:55,570 [IPC Server listener on 0] INFO  ipc.Server (Server.java:run(1330)) - Stopping IPC Server listener on 0
2020-07-16 21:58:55,572 [IPC Server Responder] INFO  ipc.Server (Server.java:run(1465)) - Stopping IPC Server Responder
2020-07-16 21:58:55,629 [SCM Heartbeat Processing Thread - 0] WARN  node.NodeStateManager (NodeStateManager.java:scheduleNextHealthCheck(661)) - Current Thread is interrupted, shutting down HB processing thread for Node Manager.
2020-07-16 21:58:55,629 [Listener at 127.0.0.1/46707] INFO  server.StorageContainerManager (StorageContainerManager.java:stop(849)) - Stopping block service RPC server
2020-07-16 21:58:55,629 [Listener at 127.0.0.1/46707] INFO  server.SCMBlockProtocolServer (SCMBlockProtocolServer.java:stop(158)) - Stopping the RPC server for Block Protocol
2020-07-16 21:58:55,629 [Listener at 127.0.0.1/46707] INFO  ipc.Server (Server.java:stop(3359)) - Stopping server on 37655
2020-07-16 21:58:55,631 [IPC Server listener on 0] INFO  ipc.Server (Server.java:run(1330)) - Stopping IPC Server listener on 0
2020-07-16 21:58:55,636 [IPC Server Responder] INFO  ipc.Server (Server.java:run(1465)) - Stopping IPC Server Responder
2020-07-16 21:58:55,636 [Listener at 127.0.0.1/46707] INFO  server.StorageContainerManager (StorageContainerManager.java:stop(856)) - Stopping the StorageContainerLocationProtocol RPC server
2020-07-16 21:58:55,636 [Listener at 127.0.0.1/46707] INFO  server.SCMClientProtocolServer (SCMClientProtocolServer.java:stop(165)) - Stopping the RPC server for Client Protocol
2020-07-16 21:58:55,636 [Listener at 127.0.0.1/46707] INFO  ipc.Server (Server.java:stop(3359)) - Stopping server on 37769
2020-07-16 21:58:55,638 [IPC Server listener on 0] INFO  ipc.Server (Server.java:run(1330)) - Stopping IPC Server listener on 0
2020-07-16 21:58:55,639 [IPC Server Responder] INFO  ipc.Server (Server.java:run(1465)) - Stopping IPC Server Responder
2020-07-16 21:58:55,639 [Listener at 127.0.0.1/46707] INFO  server.StorageContainerManager (StorageContainerManager.java:stop(863)) - Stopping Storage Container Manager HTTP server.
2020-07-16 21:58:55,640 [Listener at 127.0.0.1/46707] INFO  handler.ContextHandler (ContextHandler.java:doStop(1016)) - Stopped o.e.j.w.WebAppContext@38c408c7{scm,/,null,UNAVAILABLE}{file:/github/workspace/mnt/ozone/hadoop-ozone/integration-test/target/test-classes/webapps/scm}
2020-07-16 21:58:55,641 [Listener at 127.0.0.1/46707] INFO  server.AbstractConnector (AbstractConnector.java:doStop(380)) - Stopped ServerConnector@7882a4d8{HTTP/1.1,[http/1.1]}{0.0.0.0:0}
2020-07-16 21:58:55,641 [Listener at 127.0.0.1/46707] INFO  server.session (HouseKeeper.java:stopScavenging(158)) - node0 Stopped scavenging
2020-07-16 21:58:55,641 [Listener at 127.0.0.1/46707] INFO  handler.ContextHandler (ContextHandler.java:doStop(1016)) - Stopped o.e.j.s.ServletContextHandler@2fb800ca{static,/static,file:///github/workspace/mnt/ozone/hadoop-ozone/integration-test/target/test-classes/webapps/static,UNAVAILABLE}
2020-07-16 21:58:55,642 [Listener at 127.0.0.1/46707] INFO  handler.ContextHandler (ContextHandler.java:doStop(1016)) - Stopped o.e.j.s.ServletContextHandler@18bb7eca{logs,/logs,file:///github/workspace/mnt/ozone/hadoop-ozone/integration-test/target/log,UNAVAILABLE}
2020-07-16 21:58:55,643 [Listener at 127.0.0.1/46707] INFO  server.StorageContainerManager (StorageContainerManager.java:stop(874)) - Stopping Block Manager Service.
2020-07-16 21:58:55,643 [Listener at 127.0.0.1/46707] INFO  utils.BackgroundService (BackgroundService.java:shutdown(157)) - Shutting down service SCMBlockDeletingService
2020-07-16 21:58:55,643 [Listener at 127.0.0.1/46707] INFO  utils.BackgroundService (BackgroundService.java:shutdown(157)) - Shutting down service SCMBlockDeletingService
2020-07-16 21:58:55,643 [Listener at 127.0.0.1/46707] INFO  server.StorageContainerManager (StorageContainerManager.java:stop(899)) - Stopping SCM Event Queue.
2020-07-16 21:58:55,653 [Listener at 127.0.0.1/46707] INFO  impl.MetricsSystemImpl (MetricsSystemImpl.java:stop(210)) - Stopping HddsDatanode metrics system...
2020-07-16 21:58:55,659 [Listener at 127.0.0.1/46707] INFO  impl.MetricsSystemImpl (MetricsSystemImpl.java:stop(216)) - HddsDatanode metrics system stopped.
]]></system-out>
    <system-err><![CDATA[Jul 16, 2020 9:58:24 PM org.apache.ratis.thirdparty.io.grpc.internal.ManagedChannelOrphanWrapper$ManagedChannelReference cleanQueue
SEVERE: *~*~*~ Channel ManagedChannelImpl{logId=540, target=172.17.0.2:42791} was not shutdown properly!!! ~*~*~*
    Make sure to call shutdown()/shutdownNow() and wait until awaitTermination() returns true.
java.lang.RuntimeException: ManagedChannel allocation site
	at org.apache.ratis.thirdparty.io.grpc.internal.ManagedChannelOrphanWrapper$ManagedChannelReference.<init>(ManagedChannelOrphanWrapper.java:94)
	at org.apache.ratis.thirdparty.io.grpc.internal.ManagedChannelOrphanWrapper.<init>(ManagedChannelOrphanWrapper.java:52)
	at org.apache.ratis.thirdparty.io.grpc.internal.ManagedChannelOrphanWrapper.<init>(ManagedChannelOrphanWrapper.java:43)
	at org.apache.ratis.thirdparty.io.grpc.internal.AbstractManagedChannelImplBuilder.build(AbstractManagedChannelImplBuilder.java:518)
	at org.apache.ratis.grpc.client.GrpcClientProtocolClient.<init>(GrpcClientProtocolClient.java:129)
	at org.apache.ratis.grpc.client.GrpcClientRpc.lambda$new$0(GrpcClientRpc.java:55)
	at org.apache.ratis.util.PeerProxyMap$PeerAndProxy.lambda$getProxy$0(PeerProxyMap.java:62)
	at org.apache.ratis.util.LifeCycle.startAndTransition(LifeCycle.java:214)
	at org.apache.ratis.util.PeerProxyMap$PeerAndProxy.getProxy(PeerProxyMap.java:61)
	at org.apache.ratis.util.PeerProxyMap.getProxy(PeerProxyMap.java:109)
	at org.apache.ratis.grpc.client.GrpcClientRpc.sendRequestAsyncUnordered(GrpcClientRpc.java:78)
	at org.apache.ratis.client.impl.UnorderedAsync.sendRequestWithRetry(UnorderedAsync.java:76)
	at org.apache.ratis.client.impl.UnorderedAsync.lambda$null$2(UnorderedAsync.java:124)
	at org.apache.ratis.util.TimeoutScheduler.lambda$onTimeout$0(TimeoutScheduler.java:141)
	at org.apache.ratis.util.TimeoutScheduler.lambda$onTimeout$1(TimeoutScheduler.java:155)
	at org.apache.ratis.util.LogUtils.runAndLog(LogUtils.java:38)
	at org.apache.ratis.util.LogUtils$1.run(LogUtils.java:79)
	at java.util.concurrent.Executors$RunnableAdapter.call(Executors.java:511)
	at java.util.concurrent.FutureTask.run(FutureTask.java:266)
	at java.util.concurrent.ScheduledThreadPoolExecutor$ScheduledFutureTask.access$201(ScheduledThreadPoolExecutor.java:180)
	at java.util.concurrent.ScheduledThreadPoolExecutor$ScheduledFutureTask.run(ScheduledThreadPoolExecutor.java:293)
	at java.util.concurrent.ThreadPoolExecutor.runWorker(ThreadPoolExecutor.java:1149)
	at java.util.concurrent.ThreadPoolExecutor$Worker.run(ThreadPoolExecutor.java:624)
	at java.lang.Thread.run(Thread.java:748)

]]></system-err>
  </testcase>
  <testcase name="test2WayCommitForTimeoutException" classname="org.apache.hadoop.ozone.client.rpc.TestWatchForCommit" time="42.171"/>
</testsuite>